<?xml version="1.0" encoding="utf-8"?>
<testsuite failures="0" name="apt_prepare_install_finalize" skipped="1" tests="1" time="0.02" timestamp="2022-07-22T07:25:59">
	<testcase classname="AptPluginPrepareInstallFinalize" name="apt_prepare_install_finalize">
		<skipped message="SKIPPED: Testing the apt plugin is not supported on this platform.To run the tests call PySys with -XmyPlatform='container'"/>
		<system-out>07:25:58 INFO  ==============================================================
07:25:58 INFO  Id:    apt_prepare_install_finalize
07:25:58 INFO  Dir:   plugin_apt/
07:25:58 INFO  Title: Validate apt plugin install use case
07:25:58 INFO  ==============================================================
07:25:58 INFO  Testing the apt plugin is not supported on this platform.To run the tests call PySys with -XmyPlatform='container' ... skipped
07:25:59 WARN  Aborted test due to SKIPPED outcome
07:25:59 INFO  
07:25:59 INFO  Test duration: 0.02 secs
07:25:59 INFO  Test final outcome:  SKIPPED
07:25:59 INFO  Test outcome reason: Testing the apt plugin is not supported on this platform.To run the tests call PySys with -XmyPlatform='container'
07:25:59 INFO  
</system-out>
	</testcase>
</testsuite>
