<?xml version="1.0" encoding="utf-8"?>
<testsuite failures="1" name="mapper_awaits_before_reconnect" skipped="0" tests="1" time="10.94" timestamp="2022-05-24T15:50:51">
	<testcase classname="MapperReconnectAwait" name="mapper_awaits_before_reconnect">
		<failure message="FAILED: Line count on tedge_mapper_journal.out for &quot;tedge_mapper::core::mapper: MQTT connection error:&quot; expected &gt;=2 but got 0" type="FAILED"/>
		<system-out>15:50:41 INFO  ==============================================================
15:50:41 INFO  Id:    mapper_awaits_before_reconnect
15:50:41 INFO  Dir:   tedge_mapper_c8y/
15:50:41 INFO  Title: Validate mapper doesn't reconnect too often
15:50:41 INFO  ==============================================================
15:50:41 INFO  Started mosquitto_sub with process id 19919
15:50:41 INFO  Waiting for 0.1 seconds
15:50:41 INFO  Executed sudo&lt;tedge_mapper&gt;, exit status 0
15:50:41 INFO  Waiting for 5.0 seconds
15:50:47 INFO  Executed sudo&lt;tedge_mapper&gt;, exit status 0
15:50:51 INFO  Executed sudo&lt;tedge_mapper_journal&gt;, exit status 0
15:50:51 WARN  Grep on tedge_mapper_journal.out contains &quot;ERROR&quot; ... failed [run.py:67]
15:50:51 INFO  Line count on file tedge_mapper_journal.out ... passed
15:50:51 WARN  Line count on tedge_mapper_journal.out for &quot;tedge_mapper::core::mapper: MQTT connection error:&quot; expected &gt;=2 but got 0 ... failed [run.py:78]
15:50:51 WARN  Aborted test due to FAILED outcome
15:50:51 INFO  
15:50:51 INFO  Test duration: 10.94 secs
15:50:51 INFO  Test final outcome:  FAILED
15:50:51 INFO  Test outcome reason: Line count on tedge_mapper_journal.out for &quot;tedge_mapper::core::mapper: MQTT connection error:&quot; expected &gt;=2 but got 0
15:50:51 INFO  
</system-out>
	</testcase>
</testsuite>
