<?xml version="1.0" encoding="utf-8"?>
<testsuite failures="0" name="c8y_restart_bridge" skipped="0" tests="1" time="21.67" timestamp="2022-07-25T10:29:07">
	<testcase classname="RestartBridge" name="c8y_restart_bridge"/>
</testsuite>
