<?xml version="1.0" encoding="utf-8"?>
<testsuite failures="0" name="apt_install_fail" skipped="1" tests="1" time="0.02" timestamp="2022-07-22T02:02:13">
	<testcase classname="AptPluginInstallFail" name="apt_install_fail">
		<skipped message="SKIPPED: Testing the apt plugin is not supported on this platform.To run the tests call PySys with -XmyPlatform='container'"/>
		<system-out>02:02:13 INFO  ==============================================================
02:02:13 INFO  Id:    apt_install_fail
02:02:13 INFO  Dir:   plugin_apt/
02:02:13 INFO  Title: Validate apt plugin prepare - failing
02:02:13 INFO  ==============================================================
02:02:13 INFO  Testing the apt plugin is not supported on this platform.To run the tests call PySys with -XmyPlatform='container' ... skipped
02:02:13 WARN  Aborted test due to SKIPPED outcome
02:02:13 INFO  
02:02:13 INFO  Test duration: 0.02 secs
02:02:13 INFO  Test final outcome:  SKIPPED
02:02:13 INFO  Test outcome reason: Testing the apt plugin is not supported on this platform.To run the tests call PySys with -XmyPlatform='container'
02:02:13 INFO  
</system-out>
	</testcase>
</testsuite>
