<?xml version="1.0" encoding="utf-8"?>
<testsuite failures="0" name="SoftwareManagement.sm_apt_install_remove_with_version" skipped="1" tests="1" time="0.02" timestamp="2022-06-20T16:47:04">
	<testcase classname="PySysTest" name="SoftwareManagement.sm_apt_install_remove_with_version">
		<skipped message="SKIPPED: Testing the apt plugin is not supported on this platform.Use parameter -XmyPlatform='container' to enable it"/>
		<system-out>16:47:04 INFO  ==============================================================
16:47:04 INFO  Id:    SoftwareManagement.sm_apt_install_remove_with_version
16:47:04 INFO  Dir:   software_management_end_to_end/
16:47:04 INFO  Title: Validate end to end behaviour for the apt plugin for packages with version
16:47:04 INFO  ==============================================================
16:47:04 INFO  Testing the apt plugin is not supported on this platform.Use parameter -XmyPlatform='container' to enable it ... skipped
16:47:04 WARN  Aborted test due to SKIPPED outcome
16:47:04 INFO  
16:47:04 INFO  Test duration: 0.02 secs
16:47:04 INFO  Test final outcome:  SKIPPED
16:47:04 INFO  Test outcome reason: Testing the apt plugin is not supported on this platform.Use parameter -XmyPlatform='container' to enable it
16:47:04 INFO  
</system-out>
	</testcase>
</testsuite>
