<?xml version="1.0" encoding="utf-8"?>
<testsuite failures="1" name="mapper_awaits_before_reconnect" skipped="0" tests="1" time="9.11" timestamp="2022-07-26T07:30:03">
	<testcase classname="MapperReconnectAwait" name="mapper_awaits_before_reconnect">
		<failure message="FAILED: Line count on tedge_mapper_journal.out for &quot;tedge_mapper::core::mapper: MQTT connection error:&quot; expected &gt;=2 but got 0" type="FAILED"/>
		<system-out>07:29:54 INFO  ==============================================================
07:29:54 INFO  Id:    mapper_awaits_before_reconnect
07:29:54 INFO  Dir:   tedge_mapper_c8y/
07:29:54 INFO  Title: Validate mapper doesn't reconnect too often
07:29:54 INFO  ==============================================================
07:29:54 INFO  Started mosquitto_sub with process id 26982
07:29:54 INFO  Waiting for 0.1 seconds
07:29:55 INFO  Executed sudo&lt;tedge_mapper&gt;, exit status 0
07:29:55 INFO  Waiting for 5.0 seconds
07:30:00 INFO  Executed sudo&lt;tedge_mapper&gt;, exit status 0
07:30:03 INFO  Executed sudo&lt;tedge_mapper_journal&gt;, exit status 0
07:30:03 WARN  Grep on tedge_mapper_journal.out contains &quot;ERROR&quot; ... failed [run.py:67]
07:30:03 INFO  Line count on file tedge_mapper_journal.out ... passed
07:30:03 WARN  Line count on tedge_mapper_journal.out for &quot;tedge_mapper::core::mapper: MQTT connection error:&quot; expected &gt;=2 but got 0 ... failed [run.py:78]
07:30:03 WARN  Aborted test due to FAILED outcome
07:30:03 INFO  
07:30:03 INFO  Test duration: 9.11 secs
07:30:03 INFO  Test final outcome:  FAILED
07:30:03 INFO  Test outcome reason: Line count on tedge_mapper_journal.out for &quot;tedge_mapper::core::mapper: MQTT connection error:&quot; expected &gt;=2 but got 0
07:30:03 INFO  
</system-out>
	</testcase>
</testsuite>
