<?xml version="1.0" encoding="utf-8"?>
<testsuite failures="0" name="publish_sawmill" skipped="0" tests="1" time="78.87" timestamp="2022-07-25T10:20:49">
	<testcase classname="PublishSawmill" name="publish_sawmill"/>
</testsuite>
