<?xml version="1.0" encoding="utf-8"?>
<testsuite failures="0" name="SoftwareManagement.Plugin.apama_plugin_remove" skipped="1" tests="1" time="0.05" timestamp="2022-07-21T16:21:25">
	<testcase classname="ApamaPluginRemoveTest" name="SoftwareManagement.Plugin.apama_plugin_remove">
		<skipped message="SKIPPED: Apama plugin tests are disabled by default. Execute `pysys run` with `-XmyPlatform=container` to run these tests"/>
		<system-out>16:21:25 INFO  ==============================================================
16:21:25 INFO  Id:    SoftwareManagement.Plugin.apama_plugin_remove
16:21:25 INFO  Dir:   plugin_apama/
16:21:25 INFO  Title: Validate apama plugin remove
16:21:25 INFO  ==============================================================
16:21:25 INFO  Apama plugin tests are disabled by default. Execute `pysys run` with `-XmyPlatform=container` to run these tests ... skipped
16:21:25 WARN  Aborted test due to SKIPPED outcome
16:21:25 INFO  
16:21:25 INFO  Test duration: 0.05 secs
16:21:25 INFO  Test final outcome:  SKIPPED
16:21:25 INFO  Test outcome reason: Apama plugin tests are disabled by default. Execute `pysys run` with `-XmyPlatform=container` to run these tests
16:21:25 INFO  
</system-out>
	</testcase>
</testsuite>
