<?xml version="1.0" encoding="utf-8"?>
<testsuite failures="0" name="apt_prepare_install_finalize" skipped="1" tests="1" time="0.02" timestamp="2022-07-13T11:36:14">
	<testcase classname="AptPluginPrepareInstallFinalize" name="apt_prepare_install_finalize">
		<skipped message="SKIPPED: Testing the apt plugin is not supported on this platform.To run the tests call PySys with -XmyPlatform='container'"/>
		<system-out>11:36:14 INFO  ==============================================================
11:36:14 INFO  Id:    apt_prepare_install_finalize
11:36:14 INFO  Dir:   plugin_apt/
11:36:14 INFO  Title: Validate apt plugin install use case
11:36:14 INFO  ==============================================================
11:36:14 INFO  Testing the apt plugin is not supported on this platform.To run the tests call PySys with -XmyPlatform='container' ... skipped
11:36:14 WARN  Aborted test due to SKIPPED outcome
11:36:14 INFO  
11:36:14 INFO  Test duration: 0.02 secs
11:36:14 INFO  Test final outcome:  SKIPPED
11:36:14 INFO  Test outcome reason: Testing the apt plugin is not supported on this platform.To run the tests call PySys with -XmyPlatform='container'
11:36:14 INFO  
</system-out>
	</testcase>
</testsuite>
