<?xml version="1.0" encoding="utf-8"?>
<testsuite failures="1" name="valid_device_id" skipped="0" tests="1" time="52.34" timestamp="2022-05-23T19:07:36">
	<testcase classname="ValidateValidDeviceId" name="valid_device_id">
		<failure message="FAILED: Grep on tedge_connect_c8y_test.out contains &quot;successful&quot;" type="FAILED"/>
		<system-out>19:06:44 INFO  ==============================================================
19:06:44 INFO  Id:    valid_device_id
19:06:44 INFO  Dir:   misc_features/
19:06:44 INFO  Title: Valid device ID
19:06:44 INFO  ==============================================================
19:06:44 INFO  Restarting mosquitto too frequently in the last 10 seconds. It was only up for 5 seconds
19:06:44 INFO  Delaying execution by 6 seconds
19:06:51 INFO  Executed sudo&lt;tedge_disconnect_c8y&gt;, exit status 0
19:06:51 INFO  Executed sudo&lt;create_cert_dir&gt;, exit status 0
19:06:52 INFO  Executed sudo&lt;change_owner_of_dir&gt;, exit status 0
19:06:52 INFO  Executed sudo&lt;set_cert_path&gt;, exit status 0
19:06:53 INFO  Executed sudo&lt;set_key_path&gt;, exit status 0
19:06:53 INFO  Executed sudo&lt;cert_create&gt;, exit status 0
19:06:55 INFO  Executed sudo&lt;cert_upload&gt;, exit status 0
19:07:20 INFO  Executed sudo&lt;tedge_connect_c8y&gt;, exit status 0, duration 24 secs
19:07:30 INFO  Executed sudo&lt;tedge_connect_c8y_test&gt;, exit status 0
19:07:30 INFO  Grep on file tedge_connect_c8y.out ... passed
19:07:31 WARN  Grep on tedge_connect_c8y_test.out contains &quot;successful&quot; ... failed [run.py:108]
19:07:31 INFO  
19:07:31 INFO  cleanup:
19:07:35 INFO  Executed sudo&lt;tedge_disconnect_c8y&gt;, exit status 0
19:07:35 INFO  Executed sudo&lt;unset_cert_path&gt;, exit status 0
19:07:36 INFO  Executed sudo&lt;unset_key_path&gt;, exit status 0
19:07:36 INFO  Executed sudo&lt;remove_cert_dir&gt;, exit status 0
19:07:36 INFO  
19:07:36 INFO  Test duration: 52.34 secs
19:07:36 INFO  Test final outcome:  FAILED
19:07:36 INFO  Test outcome reason: Grep on tedge_connect_c8y_test.out contains &quot;successful&quot;
19:07:36 INFO  
</system-out>
	</testcase>
</testsuite>
