<?xml version="1.0" encoding="utf-8"?>
<testsuite failures="0" name="smoketest_smartrest" skipped="0" tests="1" time="47.54" timestamp="2022-06-07T11:33:48">
	<testcase classname="SmoketestSmartRest" name="smoketest_smartrest"/>
</testsuite>
