<?xml version="1.0" encoding="utf-8"?>
<testsuite failures="0" name="local_mqtt_pub_sub" skipped="0" tests="1" time="2.2" timestamp="2022-07-21T21:27:05">
	<testcase classname="PySysTest" name="local_mqtt_pub_sub"/>
</testsuite>
