<?xml version="1.0" encoding="utf-8"?>
<testsuite failures="1" name="call_tedge_-h_-V" skipped="0" tests="1" time="0.77" timestamp="2022-06-10T09:22:12">
	<testcase classname="PySysTest" name="call_tedge_-h_-V">
		<failure message="FAILED: Grep on tedge.out contains &quot;tedge 0.6&quot;" type="FAILED"/>
		<system-out>09:22:11 INFO  ==============================================================
09:22:11 INFO  Id:    call_tedge_-h_-V
09:22:11 INFO  Dir:   tedge/
09:22:11 INFO  Title: Validate command line option -h -V
09:22:11 INFO  ==============================================================
09:22:12 INFO  Executed tedge, exit status 0
09:22:12 WARN  Grep on tedge.out contains &quot;tedge 0.6&quot; ... failed [run.py:32]
09:22:12 INFO  Grep on file tedge.out ... passed
09:22:12 INFO  
09:22:12 INFO  Test duration: 0.77 secs
09:22:12 INFO  Test final outcome:  FAILED
09:22:12 INFO  Test outcome reason: Grep on tedge.out contains &quot;tedge 0.6&quot;
09:22:12 INFO  
</system-out>
	</testcase>
</testsuite>
