<?xml version="1.0" encoding="utf-8"?>
<testsuite failures="0" name="valid_device_id" skipped="0" tests="1" time="27.43" timestamp="2022-06-10T13:01:07">
	<testcase classname="ValidateValidDeviceId" name="valid_device_id"/>
</testsuite>
