<?xml version="1.0" encoding="utf-8"?>
<testsuite failures="0" name="docker_plugin_remove" skipped="1" tests="1" time="0.02" timestamp="2022-07-22T15:48:38">
	<testcase classname="DockerPluginRemoveTest" name="docker_plugin_remove">
		<skipped message="SKIPPED: Testing the docker plugin is not supported on this platform.To run it, all the test with -XmyPlatform='container'"/>
		<system-out>15:48:38 INFO  ==============================================================
15:48:38 INFO  Id:    docker_plugin_remove
15:48:38 INFO  Dir:   plugin_docker/
15:48:38 INFO  Title: Validate docker plugin remove
15:48:38 INFO  ==============================================================
15:48:38 INFO  Testing the docker plugin is not supported on this platform.To run it, all the test with -XmyPlatform='container' ... skipped
15:48:38 WARN  Aborted test due to SKIPPED outcome
15:48:38 INFO  
15:48:38 INFO  Test duration: 0.02 secs
15:48:38 INFO  Test final outcome:  SKIPPED
15:48:38 INFO  Test outcome reason: Testing the docker plugin is not supported on this platform.To run it, all the test with -XmyPlatform='container'
15:48:38 INFO  
</system-out>
	</testcase>
</testsuite>
