<?xml version="1.0" encoding="utf-8"?>
<testsuite failures="0" name="apt_prepare" skipped="1" tests="1" time="0.02" timestamp="2022-07-22T03:51:55">
	<testcase classname="AptPluginPrepare" name="apt_prepare">
		<skipped message="SKIPPED: Testing the apt plugin is not supported on this platform.To run the tests call PySys with -XmyPlatform='container'"/>
		<system-out>03:51:55 INFO  ==============================================================
03:51:55 INFO  Id:    apt_prepare
03:51:55 INFO  Dir:   plugin_apt/
03:51:55 INFO  Title: Validate apt plugin install - dense version
03:51:55 INFO  ==============================================================
03:51:55 INFO  Testing the apt plugin is not supported on this platform.To run the tests call PySys with -XmyPlatform='container' ... skipped
03:51:55 WARN  Aborted test due to SKIPPED outcome
03:51:55 INFO  
03:51:55 INFO  Test duration: 0.02 secs
03:51:55 INFO  Test final outcome:  SKIPPED
03:51:55 INFO  Test outcome reason: Testing the apt plugin is not supported on this platform.To run the tests call PySys with -XmyPlatform='container'
03:51:55 INFO  
</system-out>
	</testcase>
</testsuite>
