<?xml version="1.0" encoding="utf-8"?>
<testsuite failures="1" name="mapper_awaits_before_reconnect" skipped="0" tests="1" time="9.57" timestamp="2022-07-27T09:29:00">
	<testcase classname="MapperReconnectAwait" name="mapper_awaits_before_reconnect">
		<failure message="FAILED: Line count on tedge_mapper_journal.out for &quot;tedge_mapper::core::mapper: MQTT connection error:&quot; expected &gt;=2 but got 0" type="FAILED"/>
		<system-out>09:28:50 INFO  ==============================================================
09:28:50 INFO  Id:    mapper_awaits_before_reconnect
09:28:50 INFO  Dir:   tedge_mapper_c8y/
09:28:50 INFO  Title: Validate mapper doesn't reconnect too often
09:28:50 INFO  ==============================================================
09:28:50 INFO  Started mosquitto_sub with process id 20166
09:28:50 INFO  Waiting for 0.1 seconds
09:28:51 INFO  Executed sudo&lt;tedge_mapper&gt;, exit status 0
09:28:51 INFO  Waiting for 5.0 seconds
09:28:56 INFO  Executed sudo&lt;tedge_mapper&gt;, exit status 0
09:28:59 INFO  Executed sudo&lt;tedge_mapper_journal&gt;, exit status 0
09:29:00 WARN  Grep on tedge_mapper_journal.out contains &quot;ERROR&quot; ... failed [run.py:67]
09:29:00 INFO  Line count on file tedge_mapper_journal.out ... passed
09:29:00 WARN  Line count on tedge_mapper_journal.out for &quot;tedge_mapper::core::mapper: MQTT connection error:&quot; expected &gt;=2 but got 0 ... failed [run.py:78]
09:29:00 WARN  Aborted test due to FAILED outcome
09:29:00 INFO  
09:29:00 INFO  Test duration: 9.57 secs
09:29:00 INFO  Test final outcome:  FAILED
09:29:00 INFO  Test outcome reason: Line count on tedge_mapper_journal.out for &quot;tedge_mapper::core::mapper: MQTT connection error:&quot; expected &gt;=2 but got 0
09:29:00 INFO  
</system-out>
	</testcase>
</testsuite>
