<?xml version="1.0" encoding="utf-8"?>
<testsuite failures="0" name="publish_sawmill" skipped="0" tests="1" time="78.93" timestamp="2022-06-10T09:15:09">
	<testcase classname="PublishSawmill" name="publish_sawmill"/>
</testsuite>
