<?xml version="1.0" encoding="utf-8"?>
<testsuite failures="1" name="call_tedge_-h_-V" skipped="0" tests="1" time="0.48" timestamp="2022-05-24T15:47:38">
	<testcase classname="PySysTest" name="call_tedge_-h_-V">
		<failure message="FAILED: Grep on tedge.out contains &quot;tedge 0.6&quot;" type="FAILED"/>
		<system-out>15:47:38 INFO  ==============================================================
15:47:38 INFO  Id:    call_tedge_-h_-V
15:47:38 INFO  Dir:   tedge/
15:47:38 INFO  Title: Validate command line option -h -V
15:47:38 INFO  ==============================================================
15:47:38 INFO  Executed tedge, exit status 0
15:47:38 WARN  Grep on tedge.out contains &quot;tedge 0.6&quot; ... failed [run.py:32]
15:47:38 INFO  Grep on file tedge.out ... passed
15:47:38 INFO  
15:47:38 INFO  Test duration: 0.48 secs
15:47:38 INFO  Test final outcome:  FAILED
15:47:38 INFO  Test outcome reason: Grep on tedge.out contains &quot;tedge 0.6&quot;
15:47:38 INFO  
</system-out>
	</testcase>
</testsuite>
