<?xml version="1.0" encoding="utf-8"?>
<testsuite failures="1" name="c8y_jwt_token_retrieval" skipped="0" tests="1" time="21.48" timestamp="2022-07-22T14:16:01">
	<testcase classname="ValidateJWTTokenRetrieval" name="c8y_jwt_token_retrieval">
		<failure message="FAILED: Grep on resp_jwt.out contains &quot;\[c8y/s/dat\] 71,&quot;" type="FAILED"/>
		<system-out>14:15:40 INFO  ==============================================================
14:15:40 INFO  Id:    c8y_jwt_token_retrieval
14:15:40 INFO  Dir:   cloud_c8y/
14:15:40 INFO  Title: Validate the Cumulocity JWT Token Retrieval feature
14:15:40 INFO  ==============================================================
14:15:40 INFO  Executed sudo&lt;tedge_disconnect_c8y&gt;, exit status 0
14:15:55 INFO  Executed sudo&lt;tedge_connect_c8y&gt;, exit status 0, duration 14 secs
14:15:55 INFO  Started sudo&lt;resp_jwt&gt; with process id 12488
14:15:55 INFO  Executed sudo&lt;req_jwt&gt;, exit status 0
14:15:57 INFO  Executed sudo&lt;kill_out&gt;, exit status 0
14:15:57 WARN  Grep on resp_jwt.out contains &quot;\[c8y/s/dat\] 71,&quot; ... failed [run.py:60]
14:15:57 INFO  
14:15:57 INFO  cleanup:
14:16:01 INFO  Executed sudo&lt;tedge_disconnect_c8y&gt;, exit status 0
14:16:01 INFO  
14:16:01 INFO  Test duration: 21.48 secs
14:16:01 INFO  Test final outcome:  FAILED
14:16:01 INFO  Test outcome reason: Grep on resp_jwt.out contains &quot;\[c8y/s/dat\] 71,&quot;
14:16:01 INFO  
</system-out>
	</testcase>
</testsuite>
