<?xml version="1.0" encoding="utf-8"?>
<testsuite failures="1" name="tedge_mapper_c8y_packet_threshold_size" skipped="0" tests="1" time="2.98" timestamp="2022-06-02T08:49:07">
	<testcase classname="TedgeMapperC8yThresholdPacketSize" name="tedge_mapper_c8y_packet_threshold_size">
		<failure message="FAILED: Grep on tedge_sub.out contains &quot;The size of the message received on tedge/measurements is 20489 which is greater than the threshold size of 16184.&quot;" type="FAILED"/>
		<system-out>08:49:04 INFO  ==============================================================
08:49:04 INFO  Id:    tedge_mapper_c8y_packet_threshold_size
08:49:04 INFO  Dir:   tedge_mapper_c8y/
08:49:04 INFO  Title: Validate the Cumulocity Mapper accepted threshold packet size when it receives a message on tedge/measurements
08:49:04 INFO  ==============================================================
08:49:05 INFO  Executed sudo&lt;tedge_mapper_c8y&gt;, exit status 0
08:49:05 INFO  Started sudo&lt;tedge_sub&gt; with process id 14795
08:49:05 INFO  Executed sudo&lt;tedge_msg&gt;, exit status 0
08:49:06 INFO  Executed sudo&lt;tedge_pub&gt;, exit status 0
08:49:06 INFO  Executed sudo&lt;kill_out&gt;, exit status 0
08:49:06 WARN  Grep on tedge_sub.out contains &quot;The size of the message received on tedge/measurements is 20489 which is greater than the threshold size of 16184.&quot; ... failed [run.py:88]
08:49:06 INFO  
08:49:06 INFO  cleanup:
08:49:06 INFO  mapper_cleanup
08:49:07 INFO  Executed sudo&lt;tedge_mapper_c8y&gt;, exit status 0
08:49:07 INFO  
08:49:07 INFO  Test duration: 2.98 secs
08:49:07 INFO  Test final outcome:  FAILED
08:49:07 INFO  Test outcome reason: Grep on tedge_sub.out contains &quot;The size of the message received on tedge/measurements is 20489 which is greater than the threshold size of 16184.&quot;
08:49:07 INFO  
</system-out>
	</testcase>
</testsuite>
