<?xml version="1.0" encoding="utf-8"?>
<testsuite failures="0" name="SoftwareManagement.sm_apt_install_remove" skipped="1" tests="1" time="0.02" timestamp="2022-05-24T15:47:36">
	<testcase classname="PySysTest" name="SoftwareManagement.sm_apt_install_remove">
		<skipped message="SKIPPED: Testing the apt plugin is not supported on this platform.Use parameter -XmyPlatform='container' to enable it"/>
		<system-out>15:47:36 INFO  ==============================================================
15:47:36 INFO  Id:    SoftwareManagement.sm_apt_install_remove
15:47:36 INFO  Dir:   software_management_end_to_end/
15:47:36 INFO  Title: Validate end to end behaviour for the apt plugin for installation and removal of packages
15:47:36 INFO  ==============================================================
15:47:36 INFO  Testing the apt plugin is not supported on this platform.Use parameter -XmyPlatform='container' to enable it ... skipped
15:47:36 WARN  Aborted test due to SKIPPED outcome
15:47:36 INFO  
15:47:36 INFO  Test duration: 0.02 secs
15:47:36 INFO  Test final outcome:  SKIPPED
15:47:36 INFO  Test outcome reason: Testing the apt plugin is not supported on this platform.Use parameter -XmyPlatform='container' to enable it
15:47:36 INFO  
</system-out>
	</testcase>
</testsuite>
