<?xml version="1.0" encoding="utf-8"?>
<testsuite failures="0" name="smoketest_smartrest" skipped="0" tests="1" time="47.44" timestamp="2022-05-24T10:49:39">
	<testcase classname="SmoketestSmartRest" name="smoketest_smartrest"/>
</testsuite>
