<?xml version="1.0" encoding="utf-8"?>
<testsuite failures="0" name="SoftwareManagement.Plugin.apama_plugin_mon_support" skipped="1" tests="1" time="0.03" timestamp="2022-07-22T00:32:20">
	<testcase classname="ApamaPluginMonSupportTest" name="SoftwareManagement.Plugin.apama_plugin_mon_support">
		<skipped message="SKIPPED: Apama plugin tests are disabled by default. Execute `pysys run` with `-XmyPlatform=container` to run these tests"/>
		<system-out>00:32:20 INFO  ==============================================================
00:32:20 INFO  Id:    SoftwareManagement.Plugin.apama_plugin_mon_support
00:32:20 INFO  Dir:   plugin_apama/
00:32:20 INFO  Title: Validate mon file support of apama plugin
00:32:20 INFO  ==============================================================
00:32:20 INFO  Apama plugin tests are disabled by default. Execute `pysys run` with `-XmyPlatform=container` to run these tests ... skipped
00:32:20 WARN  Aborted test due to SKIPPED outcome
00:32:20 INFO  
00:32:20 INFO  Test duration: 0.03 secs
00:32:20 INFO  Test final outcome:  SKIPPED
00:32:20 INFO  Test outcome reason: Apama plugin tests are disabled by default. Execute `pysys run` with `-XmyPlatform=container` to run these tests
00:32:20 INFO  
</system-out>
	</testcase>
</testsuite>
