<?xml version="1.0" encoding="utf-8"?>
<testsuite failures="0" name="smoketest_smartrest" skipped="0" tests="1" time="48.03" timestamp="2022-07-13T11:42:17">
	<testcase classname="SmoketestSmartRest" name="smoketest_smartrest"/>
</testsuite>
