<?xml version="1.0" encoding="utf-8"?>
<testsuite failures="1" name="mapper_awaits_before_reconnect" skipped="0" tests="1" time="8.73" timestamp="2022-07-22T02:14:59">
	<testcase classname="MapperReconnectAwait" name="mapper_awaits_before_reconnect">
		<failure message="FAILED: Line count on tedge_mapper_journal.out for &quot;tedge_mapper::core::mapper: MQTT connection error:&quot; expected &gt;=2 but got 0" type="FAILED"/>
		<system-out>02:14:50 INFO  ==============================================================
02:14:50 INFO  Id:    mapper_awaits_before_reconnect
02:14:50 INFO  Dir:   tedge_mapper_c8y/
02:14:50 INFO  Title: Validate mapper doesn't reconnect too often
02:14:50 INFO  ==============================================================
02:14:50 INFO  Started mosquitto_sub with process id 15356
02:14:50 INFO  Waiting for 0.1 seconds
02:14:51 INFO  Executed sudo&lt;tedge_mapper&gt;, exit status 0
02:14:51 INFO  Waiting for 5.0 seconds
02:14:56 INFO  Executed sudo&lt;tedge_mapper&gt;, exit status 0
02:14:59 INFO  Executed sudo&lt;tedge_mapper_journal&gt;, exit status 0
02:14:59 WARN  Grep on tedge_mapper_journal.out contains &quot;ERROR&quot; ... failed [run.py:67]
02:14:59 INFO  Line count on file tedge_mapper_journal.out ... passed
02:14:59 WARN  Line count on tedge_mapper_journal.out for &quot;tedge_mapper::core::mapper: MQTT connection error:&quot; expected &gt;=2 but got 0 ... failed [run.py:78]
02:14:59 WARN  Aborted test due to FAILED outcome
02:14:59 INFO  
02:14:59 INFO  Test duration: 8.73 secs
02:14:59 INFO  Test final outcome:  FAILED
02:14:59 INFO  Test outcome reason: Line count on tedge_mapper_journal.out for &quot;tedge_mapper::core::mapper: MQTT connection error:&quot; expected &gt;=2 but got 0
02:14:59 INFO  
</system-out>
	</testcase>
</testsuite>
