<?xml version="1.0" encoding="utf-8"?>
<testsuite failures="0" name="mqtt_port_change_connection_works" skipped="1" tests="1" time="0.03" timestamp="2022-07-22T17:25:29">
	<testcase classname="MqttPortChangeConnectionWorks" name="mqtt_port_change_connection_works">
		<skipped message="SKIPPED: failing intermitently"/>
		<system-out>17:25:29 INFO  ==============================================================
17:25:29 INFO  Id:    mqtt_port_change_connection_works
17:25:29 INFO  Dir:   misc_features/
17:25:29 INFO  Title: mqtt port change connection works for all the thin-edge services that use the mosquitto broker
17:25:29 INFO  ==============================================================
17:25:29 INFO  failing intermitently ... skipped
17:25:29 INFO  
17:25:29 INFO  Test duration: 0.03 secs
17:25:29 INFO  Test final outcome:  SKIPPED
17:25:29 INFO  Test outcome reason: failing intermitently
17:25:29 INFO  
</system-out>
	</testcase>
</testsuite>
