<?xml version="1.0" encoding="utf-8"?>
<testsuite failures="0" name="SoftwareManagement.Plugin.apama_plugin_install" skipped="1" tests="1" time="0.07" timestamp="2022-07-21T13:21:01">
	<testcase classname="ApamaPluginInstallTest" name="SoftwareManagement.Plugin.apama_plugin_install">
		<skipped message="SKIPPED: Apama plugin tests are disabled by default. Execute `pysys run` with `-XmyPlatform=container` to run these tests"/>
		<system-out>13:21:00 INFO  ==============================================================
13:21:00 INFO  Id:    SoftwareManagement.Plugin.apama_plugin_install
13:21:00 INFO  Dir:   plugin_apama/
13:21:00 INFO  Title: Validate apama plugin install
13:21:00 INFO  ==============================================================
13:21:00 INFO  Apama plugin tests are disabled by default. Execute `pysys run` with `-XmyPlatform=container` to run these tests ... skipped
13:21:00 WARN  Aborted test due to SKIPPED outcome
13:21:00 INFO  
13:21:01 INFO  Test duration: 0.07 secs
13:21:01 INFO  Test final outcome:  SKIPPED
13:21:01 INFO  Test outcome reason: Apama plugin tests are disabled by default. Execute `pysys run` with `-XmyPlatform=container` to run these tests
13:21:01 INFO  
</system-out>
	</testcase>
</testsuite>
