<?xml version="1.0" encoding="utf-8"?>
<testsuite failures="0" name="docker_plugin_finalize" skipped="1" tests="1" time="0.07" timestamp="2022-05-25T12:43:00">
	<testcase classname="DockerPluginFinalizeTest" name="docker_plugin_finalize">
		<skipped message="SKIPPED: Testing the docker plugin is not supported on this platform.To run it, all the test with -XmyPlatform='container'"/>
		<system-out>12:42:59 INFO  ==============================================================
12:42:59 INFO  Id:    docker_plugin_finalize
12:42:59 INFO  Dir:   plugin_docker/
12:42:59 INFO  Title: Validate docker plugin finalize command
12:42:59 INFO  ==============================================================
12:43:00 INFO  Testing the docker plugin is not supported on this platform.To run it, all the test with -XmyPlatform='container' ... skipped
12:43:00 WARN  Aborted test due to SKIPPED outcome
12:43:00 INFO  
12:43:00 INFO  Test duration: 0.07 secs
12:43:00 INFO  Test final outcome:  SKIPPED
12:43:00 INFO  Test outcome reason: Testing the docker plugin is not supported on this platform.To run it, all the test with -XmyPlatform='container'
12:43:00 INFO  
</system-out>
	</testcase>
</testsuite>
