<?xml version="1.0" encoding="utf-8"?>
<testsuite failures="1" name="monitoring_smaller_interval" skipped="0" tests="1" time="14.74" timestamp="2022-07-21T13:20:56">
	<testcase classname="MonitoringSmallInterval" name="monitoring_smaller_interval">
		<failure message="BLOCKED: TypeError: 'int' object is not subscriptable" type="BLOCKED"/>
		<system-out>13:20:41 INFO  ==============================================================
13:20:41 INFO  Id:    monitoring_smaller_interval
13:20:41 INFO  Dir:   monitoring/
13:20:41 INFO  Title: Validate the tedge dm agent messages that are produced with smaller sampling interval than the batching window. Here the simulated collectd messages are used
13:20:41 INFO  ==============================================================
13:20:42 INFO  Executed sudo&lt;collectd&gt;, exit status 0
13:20:42 INFO  Executed sudo&lt;collectd_mapper&gt;, exit status 0
13:20:42 INFO  Started sudo&lt;tedge_sub&gt; with process id 23027
13:20:43 INFO  Executed sudo&lt;tedge_temp&gt;, exit status 0
13:20:43 INFO  Executed sudo&lt;tedge_pres&gt;, exit status 0
13:20:44 INFO  Executed sudo&lt;tedge_temp&gt;, exit status 0
13:20:44 INFO  Executed sudo&lt;tedge_pres&gt;, exit status 0
13:20:45 INFO  Executed sudo&lt;tedge_temp&gt;, exit status 0
13:20:46 INFO  Executed sudo&lt;tedge_pres&gt;, exit status 0
13:20:46 INFO  Executed sudo&lt;tedge_temp&gt;, exit status 0
13:20:47 INFO  Executed sudo&lt;tedge_pres&gt;, exit status 0
13:20:47 INFO  Executed sudo&lt;tedge_temp&gt;, exit status 0
13:20:48 INFO  Executed sudo&lt;tedge_pres&gt;, exit status 0
13:20:48 INFO  Executed sudo&lt;tedge_temp&gt;, exit status 0
13:20:49 INFO  Executed sudo&lt;tedge_pres&gt;, exit status 0
13:20:50 INFO  Executed sudo&lt;tedge_temp&gt;, exit status 0
13:20:50 INFO  Executed sudo&lt;tedge_pres&gt;, exit status 0
13:20:51 INFO  Executed sudo&lt;tedge_temp&gt;, exit status 0
13:20:51 INFO  Executed sudo&lt;tedge_pres&gt;, exit status 0
13:20:52 INFO  Executed sudo&lt;tedge_temp&gt;, exit status 0
13:20:52 INFO  Executed sudo&lt;tedge_pres&gt;, exit status 0
13:20:53 INFO  Executed sudo&lt;tedge_temp&gt;, exit status 0
13:20:54 INFO  Executed sudo&lt;tedge_pres&gt;, exit status 0
13:20:55 INFO  Executed sudo&lt;kill_out&gt;, exit status 0
13:20:55 INFO  0

13:20:55 WARN  TypeError occurred while running test - 'int' object is not subscriptable
Traceback (most recent call last):
  File &quot;/home/pi/env-pysys/lib/python3.7/site-packages/pysys/baserunner.py&quot;, line 1296, in __call__
    self.testObj.validate()
  File &quot;/home/pi/actions-runner/_work/thin-edge.io/thin-edge.io/tests/PySys/monitoring/monitoring_smaller_interval/run.py&quot;, line 104, in validate
    collectd_msg_validation_result=self.validate_json(),
  File &quot;/home/pi/actions-runner/_work/thin-edge.io/thin-edge.io/tests/PySys/monitoring/monitoring_smaller_interval/run.py&quot;, line 114, in validate_json
    if not self.validate_time():
  File &quot;/home/pi/actions-runner/_work/thin-edge.io/thin-edge.io/tests/PySys/monitoring/monitoring_smaller_interval/run.py&quot;, line 134, in validate_time
    if self.js_msg[&quot;time&quot;]:
TypeError: 'int' object is not subscriptable
13:20:55 WARN  TypeError: 'int' object is not subscriptable ... blocked 
13:20:55 INFO  
13:20:55 INFO  cleanup:
13:20:55 INFO  monitoring_cleanup
13:20:56 INFO  Executed sudo&lt;collectd_mapper&gt;, exit status 0
13:20:56 INFO  
13:20:56 INFO  Test duration: 14.74 secs
13:20:56 INFO  Test final outcome:  BLOCKED
13:20:56 INFO  Test outcome reason: TypeError: 'int' object is not subscriptable
13:20:56 INFO  
</system-out>
	</testcase>
</testsuite>
