<?xml version="1.0" encoding="utf-8"?>
<testsuite failures="0" name="publish_sawmill" skipped="0" tests="1" time="79.5" timestamp="2022-07-21T14:52:53">
	<testcase classname="PublishSawmill" name="publish_sawmill"/>
</testsuite>
