<?xml version="1.0" encoding="utf-8"?>
<testsuite failures="1" name="c8y_jwt_token_retrieval" skipped="0" tests="1" time="24.3" timestamp="2022-06-10T09:09:42">
	<testcase classname="ValidateJWTTokenRetrieval" name="c8y_jwt_token_retrieval">
		<failure message="FAILED: Grep on resp_jwt.out contains &quot;\[c8y/s/dat\] 71,&quot;" type="FAILED"/>
		<system-out>09:09:17 INFO  ==============================================================
09:09:17 INFO  Id:    c8y_jwt_token_retrieval
09:09:17 INFO  Dir:   cloud_c8y/
09:09:17 INFO  Title: Validate the Cumulocity JWT Token Retrieval feature
09:09:17 INFO  ==============================================================
09:09:18 INFO  Executed sudo&lt;tedge_disconnect_c8y&gt;, exit status 0
09:09:34 INFO  Executed sudo&lt;tedge_connect_c8y&gt;, exit status 0, duration 15 secs
09:09:34 INFO  Started sudo&lt;resp_jwt&gt; with process id 11997
09:09:36 INFO  Executed sudo&lt;req_jwt&gt;, exit status 0
09:09:37 INFO  Executed sudo&lt;kill_out&gt;, exit status 0
09:09:38 WARN  Grep on resp_jwt.out contains &quot;\[c8y/s/dat\] 71,&quot; ... failed [run.py:60]
09:09:38 INFO  
09:09:38 INFO  cleanup:
09:09:42 INFO  Executed sudo&lt;tedge_disconnect_c8y&gt;, exit status 0
09:09:42 INFO  
09:09:42 INFO  Test duration: 24.30 secs
09:09:42 INFO  Test final outcome:  FAILED
09:09:42 INFO  Test outcome reason: Grep on resp_jwt.out contains &quot;\[c8y/s/dat\] 71,&quot;
09:09:42 INFO  
</system-out>
	</testcase>
</testsuite>
