<?xml version="1.0" encoding="utf-8"?>
<testsuite failures="0" name="valid_device_id" skipped="0" tests="1" time="32.26" timestamp="2022-05-20T13:21:04">
	<testcase classname="ValidateValidDeviceId" name="valid_device_id"/>
</testsuite>
