<?xml version="1.0" encoding="utf-8"?>
<testsuite failures="1" name="log_request_error_messages" skipped="0" tests="1" time="57.4" timestamp="2022-05-25T10:49:04">
	<testcase classname="LogRequestVerifySearchTextError" name="log_request_error_messages">
		<failure message="BLOCKED: Exception: retry" type="BLOCKED"/>
		<system-out>10:48:06 INFO  ==============================================================
10:48:06 INFO  Id:    log_request_error_messages
10:48:06 INFO  Dir:   log_request_end_to_end/
10:48:06 INFO  Title: Validate end to end behaviour for the log request operation check for error messages
10:48:06 INFO  ==============================================================
10:48:07 INFO  EnvironmentC8y Setup
10:48:08 INFO  Executed systemctl&lt;serv_mapper1&gt;, exit status 3
10:48:08 INFO  Restarting mosquitto too frequently in the last 10 seconds. It was only up for 3 seconds
10:48:08 INFO  Delaying execution by 8 seconds
10:48:31 INFO  Executed sudo&lt;tedge_connect_c8y&gt;, exit status 0, duration 14 secs
10:48:31 INFO  Executed sudo&lt;tedge_connect_c8y_test&gt;, exit status 0
10:48:32 INFO  Executed systemctl&lt;serv_mosq2&gt;, exit status 0
10:48:32 INFO  Executed systemctl&lt;serv_mapper3&gt;, exit status 0
10:48:33 INFO  Executed sudo&lt;rm_logs&gt;, exit status 0
10:48:33 INFO  Executed sudo&lt;move_logs&gt;, exit status 0
10:48:34 INFO  log response None
10:48:34 WARN  retry, retrying in 1 seconds...
10:48:35 INFO  log response None
10:48:35 WARN  retry, retrying in 1 seconds...
10:48:36 INFO  log response None
10:48:36 WARN  retry, retrying in 1 seconds...
10:48:38 INFO  log response None
10:48:38 WARN  retry, retrying in 1 seconds...
10:48:39 INFO  log response None
10:48:39 WARN  retry, retrying in 1 seconds...
10:48:40 INFO  log response None
10:48:40 WARN  retry, retrying in 1 seconds...
10:48:41 INFO  log response None
10:48:41 WARN  retry, retrying in 1 seconds...
10:48:42 INFO  log response None
10:48:42 WARN  retry, retrying in 1 seconds...
10:48:44 INFO  log response None
10:48:44 WARN  retry, retrying in 1 seconds...
10:48:45 INFO  log response None
10:48:45 WARN  retry, retrying in 1 seconds...
10:48:46 INFO  log response None
10:48:46 WARN  retry, retrying in 1 seconds...
10:48:47 INFO  log response None
10:48:47 WARN  retry, retrying in 1 seconds...
10:48:49 INFO  log response None
10:48:49 WARN  retry, retrying in 1 seconds...
10:48:50 INFO  log response None
10:48:50 WARN  retry, retrying in 1 seconds...
10:48:51 INFO  log response None
10:48:51 WARN  retry, retrying in 1 seconds...
10:48:52 INFO  log response None
10:48:52 WARN  retry, retrying in 1 seconds...
10:48:54 INFO  log response None
10:48:54 WARN  retry, retrying in 1 seconds...
10:48:55 INFO  log response None
10:48:55 WARN  retry, retrying in 1 seconds...
10:48:56 INFO  log response None
10:48:56 WARN  retry, retrying in 1 seconds...
10:48:57 INFO  log response None
10:48:57 WARN  Exception occurred while running test - retry
Traceback (most recent call last):
  File &quot;/home/pi/env-pysys/lib/python3.7/site-packages/pysys/baserunner.py&quot;, line 1296, in __call__
    self.testObj.validate()
  File &quot;/home/pi/actions-runner/_work/thin-edge.io/thin-edge.io/tests/PySys/log_request_end_to_end/log_request_error_messages/run.py&quot;, line 43, in validate
    self.assertThat(&quot;True == value&quot;, value=self.wait_until_logs_retrieved())
  File &quot;/home/pi/env-pysys/lib/python3.7/site-packages/decorator.py&quot;, line 232, in fun
    return caller(func, *(extras + args), **kw)
  File &quot;/home/pi/env-pysys/lib/python3.7/site-packages/retry/api.py&quot;, line 74, in retry_decorator
    logger)
  File &quot;/home/pi/env-pysys/lib/python3.7/site-packages/retry/api.py&quot;, line 33, in __retry_internal
    return f()
  File &quot;/home/pi/actions-runner/_work/thin-edge.io/thin-edge.io/tests/PySys/log_request_end_to_end/log_request_error_messages/run.py&quot;, line 52, in wait_until_logs_retrieved
    raise Exception(&quot;retry&quot;)
Exception: retry
10:48:57 WARN  Exception: retry ... blocked 
10:48:57 INFO  
10:48:57 INFO  cleanup:
10:48:58 INFO  Executed sudo&lt;rm_logs&gt;, exit status 0
10:48:59 INFO  Executed sudo&lt;rm_tmp_logs&gt;, exit status 0
10:48:59 INFO  Executed sudo&lt;send_failed&gt;, exit status 0
10:49:03 INFO  Executed sudo&lt;tedge_disconnect_c8y&gt;, exit status 0
10:49:04 INFO  Executed systemctl&lt;serv_mapper5&gt;, exit status 3
10:49:04 INFO  
10:49:04 INFO  Test duration: 57.40 secs
10:49:04 INFO  Test final outcome:  BLOCKED
10:49:04 INFO  Test outcome reason: Exception: retry
10:49:04 INFO  
</system-out>
	</testcase>
</testsuite>
