<?xml version="1.0" encoding="utf-8"?>
<testsuite failures="1" name="call_tedge_-h_-V" skipped="0" tests="1" time="0.52" timestamp="2022-07-21T20:08:52">
	<testcase classname="PySysTest" name="call_tedge_-h_-V">
		<failure message="FAILED: Grep on tedge.out contains &quot;tedge 0.6&quot;" type="FAILED"/>
		<system-out>20:08:52 INFO  ==============================================================
20:08:52 INFO  Id:    call_tedge_-h_-V
20:08:52 INFO  Dir:   tedge/
20:08:52 INFO  Title: Validate command line option -h -V
20:08:52 INFO  ==============================================================
20:08:52 INFO  Executed tedge, exit status 0
20:08:52 WARN  Grep on tedge.out contains &quot;tedge 0.6&quot; ... failed [run.py:32]
20:08:52 INFO  Grep on file tedge.out ... passed
20:08:52 INFO  
20:08:52 INFO  Test duration: 0.52 secs
20:08:52 INFO  Test final outcome:  FAILED
20:08:52 INFO  Test outcome reason: Grep on tedge.out contains &quot;tedge 0.6&quot;
20:08:52 INFO  
</system-out>
	</testcase>
</testsuite>
