<?xml version="1.0" encoding="utf-8"?>
<testsuite failures="0" name="apt_remove" skipped="1" tests="1" time="0.02" timestamp="2022-07-21T22:59:29">
	<testcase classname="AptPluginRemoveDense" name="apt_remove">
		<skipped message="SKIPPED: Testing the apt plugin is not supported on this platform.To run the tests call PySys with -XmyPlatform='container'"/>
		<system-out>22:59:28 INFO  ==============================================================
22:59:28 INFO  Id:    apt_remove
22:59:28 INFO  Dir:   plugin_apt/
22:59:28 INFO  Title: Validate apt plugin prepare - dense version
22:59:28 INFO  ==============================================================
22:59:28 INFO  Testing the apt plugin is not supported on this platform.To run the tests call PySys with -XmyPlatform='container' ... skipped
22:59:28 WARN  Aborted test due to SKIPPED outcome
22:59:29 INFO  
22:59:29 INFO  Test duration: 0.02 secs
22:59:29 INFO  Test final outcome:  SKIPPED
22:59:29 INFO  Test outcome reason: Testing the apt plugin is not supported on this platform.To run the tests call PySys with -XmyPlatform='container'
22:59:29 INFO  
</system-out>
	</testcase>
</testsuite>
