<?xml version="1.0" encoding="utf-8"?>
<testsuite failures="0" name="apt_install_local_file_fail" skipped="1" tests="1" time="0.04" timestamp="2022-05-24T15:38:00">
	<testcase classname="AptPluginInstallFromLocalFileFail" name="apt_install_local_file_fail">
		<skipped message="SKIPPED: Testing the apt plugin is not supported on this platform.To run the tests call PySys with -XmyPlatform='container'"/>
		<system-out>15:38:00 INFO  ==============================================================
15:38:00 INFO  Id:    apt_install_local_file_fail
15:38:00 INFO  Dir:   plugin_apt/
15:38:00 INFO  Title: Validate apt plugin install from local file - FAIL case
15:38:00 INFO  ==============================================================
15:38:00 INFO  Testing the apt plugin is not supported on this platform.To run the tests call PySys with -XmyPlatform='container' ... skipped
15:38:00 WARN  Aborted test due to SKIPPED outcome
15:38:00 INFO  
15:38:00 INFO  Test duration: 0.04 secs
15:38:00 INFO  Test final outcome:  SKIPPED
15:38:00 INFO  Test outcome reason: Testing the apt plugin is not supported on this platform.To run the tests call PySys with -XmyPlatform='container'
15:38:00 INFO  
</system-out>
	</testcase>
</testsuite>
