<?xml version="1.0" encoding="utf-8"?>
<testsuite failures="0" name="SoftwareManagement.sm_fake_install_remove_multiple" skipped="1" tests="1" time="0.02" timestamp="2022-07-25T10:27:47">
	<testcase classname="PySysTest" name="SoftwareManagement.sm_fake_install_remove_multiple">
		<skipped message="SKIPPED: Testing the fake plugin is not enabled.Use parameter -Xfakeplugin=fakeplugin to enable it"/>
		<system-out>10:27:47 INFO  ==============================================================
10:27:47 INFO  Id:    SoftwareManagement.sm_fake_install_remove_multiple
10:27:47 INFO  Dir:   software_management_end_to_end/
10:27:47 INFO  Title: Validate end to end behaviour for the dummy-plugin for multiple packages
10:27:47 INFO  ==============================================================
10:27:47 INFO  Testing the fake plugin is not enabled.Use parameter -Xfakeplugin=fakeplugin to enable it ... skipped
10:27:47 WARN  Aborted test due to SKIPPED outcome
10:27:47 INFO  
10:27:47 INFO  Test duration: 0.02 secs
10:27:47 INFO  Test final outcome:  SKIPPED
10:27:47 INFO  Test outcome reason: Testing the fake plugin is not enabled.Use parameter -Xfakeplugin=fakeplugin to enable it
10:27:47 INFO  
</system-out>
	</testcase>
</testsuite>
