<?xml version="1.0" encoding="utf-8"?>
<testsuite failures="0" name="apt_prepare_install_finalize" skipped="1" tests="1" time="0.02" timestamp="2022-07-25T10:18:17">
	<testcase classname="AptPluginPrepareInstallFinalize" name="apt_prepare_install_finalize">
		<skipped message="SKIPPED: Testing the apt plugin is not supported on this platform.To run the tests call PySys with -XmyPlatform='container'"/>
		<system-out>10:18:17 INFO  ==============================================================
10:18:17 INFO  Id:    apt_prepare_install_finalize
10:18:17 INFO  Dir:   plugin_apt/
10:18:17 INFO  Title: Validate apt plugin install use case
10:18:17 INFO  ==============================================================
10:18:17 INFO  Testing the apt plugin is not supported on this platform.To run the tests call PySys with -XmyPlatform='container' ... skipped
10:18:17 WARN  Aborted test due to SKIPPED outcome
10:18:17 INFO  
10:18:17 INFO  Test duration: 0.02 secs
10:18:17 INFO  Test final outcome:  SKIPPED
10:18:17 INFO  Test outcome reason: Testing the apt plugin is not supported on this platform.To run the tests call PySys with -XmyPlatform='container'
10:18:17 INFO  
</system-out>
	</testcase>
</testsuite>
