<?xml version="1.0" encoding="utf-8"?>
<testsuite failures="0" name="smoketest_smartrest" skipped="0" tests="1" time="48.87" timestamp="2022-06-08T13:05:28">
	<testcase classname="SmoketestSmartRest" name="smoketest_smartrest"/>
</testsuite>
