<?xml version="1.0" encoding="utf-8"?>
<testsuite failures="0" name="apt_remove" skipped="1" tests="1" time="0.02" timestamp="2022-07-20T12:52:46">
	<testcase classname="AptPluginRemoveDense" name="apt_remove">
		<skipped message="SKIPPED: Testing the apt plugin is not supported on this platform.To run the tests call PySys with -XmyPlatform='container'"/>
		<system-out>12:52:46 INFO  ==============================================================
12:52:46 INFO  Id:    apt_remove
12:52:46 INFO  Dir:   plugin_apt/
12:52:46 INFO  Title: Validate apt plugin prepare - dense version
12:52:46 INFO  ==============================================================
12:52:46 INFO  Testing the apt plugin is not supported on this platform.To run the tests call PySys with -XmyPlatform='container' ... skipped
12:52:46 WARN  Aborted test due to SKIPPED outcome
12:52:46 INFO  
12:52:46 INFO  Test duration: 0.02 secs
12:52:46 INFO  Test final outcome:  SKIPPED
12:52:46 INFO  Test outcome reason: Testing the apt plugin is not supported on this platform.To run the tests call PySys with -XmyPlatform='container'
12:52:46 INFO  
</system-out>
	</testcase>
</testsuite>
