<?xml version="1.0" encoding="utf-8"?>
<testsuite failures="0" name="SoftwareManagement.sm_mixed_install_remove_multiple" skipped="1" tests="1" time="0.02" timestamp="2022-05-25T12:52:34">
	<testcase classname="PySysTest" name="SoftwareManagement.sm_mixed_install_remove_multiple">
		<skipped message="SKIPPED: Testing the fake plugin is not enabled.Use parameter -Xfakeplugin=fakeplugin to enable it"/>
		<system-out>12:52:34 INFO  ==============================================================
12:52:34 INFO  Id:    SoftwareManagement.sm_mixed_install_remove_multiple
12:52:34 INFO  Dir:   software_management_end_to_end/
12:52:34 INFO  Title: Validate end to end behaviour for the dummy-plugin for multiple packages with mixed versions
12:52:34 INFO  ==============================================================
12:52:34 INFO  Testing the fake plugin is not enabled.Use parameter -Xfakeplugin=fakeplugin to enable it ... skipped
12:52:34 WARN  Aborted test due to SKIPPED outcome
12:52:34 INFO  
12:52:34 INFO  Test duration: 0.02 secs
12:52:34 INFO  Test final outcome:  SKIPPED
12:52:34 INFO  Test outcome reason: Testing the fake plugin is not enabled.Use parameter -Xfakeplugin=fakeplugin to enable it
12:52:34 INFO  
</system-out>
	</testcase>
</testsuite>
