<?xml version="1.0" encoding="utf-8"?>
<testsuite failures="1" name="log_request_num_lines" skipped="0" tests="1" time="32.04" timestamp="2022-05-20T11:12:27">
	<testcase classname="LogRequestVerifyNumberOfLines" name="log_request_num_lines">
		<failure message="FAILED: Assert that (True == value) with value=False" type="FAILED"/>
		<system-out>11:11:55 INFO  ==============================================================
11:11:55 INFO  Id:    log_request_num_lines
11:11:55 INFO  Dir:   log_request_end_to_end/
11:11:55 INFO  Title: Validate end to end behaviour for the log request operation check for number of lines
11:11:55 INFO  ==============================================================
11:11:55 INFO  EnvironmentC8y Setup
11:11:55 INFO  Executed systemctl&lt;serv_mapper1&gt;, exit status 3
11:11:55 INFO  Restarting mosquitto too frequently in the last 10 seconds. It was only up for 5 seconds
11:11:55 INFO  Delaying execution by 6 seconds
11:12:16 INFO  Executed sudo&lt;tedge_connect_c8y&gt;, exit status 0, duration 14 secs
11:12:16 INFO  Executed sudo&lt;tedge_connect_c8y_test&gt;, exit status 0
11:12:17 INFO  Executed systemctl&lt;serv_mosq2&gt;, exit status 0
11:12:17 INFO  Executed systemctl&lt;serv_mapper3&gt;, exit status 0
11:12:18 INFO  Executed sudo&lt;rm_logs&gt;, exit status 0
11:12:19 INFO  Executed sudo&lt;move_logs&gt;, exit status 0
11:12:19 INFO  log response None
11:12:19 WARN  retry, retrying in 1 seconds...
11:12:20 INFO  log response https://thin-edge-io.eu-latest.cumulocity.com/event/events/19394868/binaries
11:12:21 INFO  nlines 0
11:12:21 WARN  Assert that (True == value) with value=False ... failed [run.py:44]
11:12:21 INFO  
11:12:21 INFO  cleanup:
11:12:21 INFO  Executed sudo&lt;rm_logs&gt;, exit status 0
11:12:22 INFO  Executed sudo&lt;rm_tmp_logs&gt;, exit status 0
11:12:22 INFO  Executed sudo&lt;send_failed&gt;, exit status 0
11:12:26 INFO  Executed sudo&lt;tedge_disconnect_c8y&gt;, exit status 0
11:12:27 INFO  Executed systemctl&lt;serv_mapper5&gt;, exit status 3
11:12:27 INFO  
11:12:27 INFO  Test duration: 32.04 secs
11:12:27 INFO  Test final outcome:  FAILED
11:12:27 INFO  Test outcome reason: Assert that (True == value) with value=False
11:12:27 INFO  
</system-out>
	</testcase>
</testsuite>
