<?xml version="1.0" encoding="utf-8"?>
<testsuite failures="1" name="log_request_error_messages" skipped="0" tests="1" time="57.91" timestamp="2022-05-25T12:40:11">
	<testcase classname="LogRequestVerifySearchTextError" name="log_request_error_messages">
		<failure message="BLOCKED: Exception: retry" type="BLOCKED"/>
		<system-out>12:39:13 INFO  ==============================================================
12:39:13 INFO  Id:    log_request_error_messages
12:39:13 INFO  Dir:   log_request_end_to_end/
12:39:13 INFO  Title: Validate end to end behaviour for the log request operation check for error messages
12:39:13 INFO  ==============================================================
12:39:15 INFO  EnvironmentC8y Setup
12:39:15 INFO  Executed systemctl&lt;serv_mapper1&gt;, exit status 3
12:39:15 INFO  Restarting mosquitto too frequently in the last 10 seconds. It was only up for 3 seconds
12:39:15 INFO  Delaying execution by 8 seconds
12:39:37 INFO  Executed sudo&lt;tedge_connect_c8y&gt;, exit status 0, duration 13 secs
12:39:38 INFO  Executed sudo&lt;tedge_connect_c8y_test&gt;, exit status 0
12:39:38 INFO  Executed systemctl&lt;serv_mosq2&gt;, exit status 0
12:39:39 INFO  Executed systemctl&lt;serv_mapper3&gt;, exit status 0
12:39:39 INFO  Executed sudo&lt;rm_logs&gt;, exit status 0
12:39:40 INFO  Executed sudo&lt;move_logs&gt;, exit status 0
12:39:40 INFO  log response None
12:39:40 WARN  retry, retrying in 1 seconds...
12:39:42 INFO  log response None
12:39:42 WARN  retry, retrying in 1 seconds...
12:39:43 INFO  log response None
12:39:43 WARN  retry, retrying in 1 seconds...
12:39:44 INFO  log response None
12:39:44 WARN  retry, retrying in 1 seconds...
12:39:45 INFO  log response None
12:39:45 WARN  retry, retrying in 1 seconds...
12:39:46 INFO  log response None
12:39:46 WARN  retry, retrying in 1 seconds...
12:39:48 INFO  log response None
12:39:48 WARN  retry, retrying in 1 seconds...
12:39:49 INFO  log response None
12:39:49 WARN  retry, retrying in 1 seconds...
12:39:50 INFO  log response None
12:39:50 WARN  retry, retrying in 1 seconds...
12:39:51 INFO  log response None
12:39:51 WARN  retry, retrying in 1 seconds...
12:39:53 INFO  log response None
12:39:53 WARN  retry, retrying in 1 seconds...
12:39:54 INFO  log response None
12:39:54 WARN  retry, retrying in 1 seconds...
12:39:55 INFO  log response None
12:39:55 WARN  retry, retrying in 1 seconds...
12:39:56 INFO  log response None
12:39:56 WARN  retry, retrying in 1 seconds...
12:39:57 INFO  log response None
12:39:57 WARN  retry, retrying in 1 seconds...
12:39:59 INFO  log response None
12:39:59 WARN  retry, retrying in 1 seconds...
12:40:00 INFO  log response None
12:40:00 WARN  retry, retrying in 1 seconds...
12:40:01 INFO  log response None
12:40:01 WARN  retry, retrying in 1 seconds...
12:40:02 INFO  log response None
12:40:02 WARN  retry, retrying in 1 seconds...
12:40:04 INFO  log response None
12:40:04 WARN  Exception occurred while running test - retry
Traceback (most recent call last):
  File &quot;/home/pi/env-pysys/lib/python3.7/site-packages/pysys/baserunner.py&quot;, line 1296, in __call__
    self.testObj.validate()
  File &quot;/home/pi/actions-runner/_work/thin-edge.io/thin-edge.io/tests/PySys/log_request_end_to_end/log_request_error_messages/run.py&quot;, line 43, in validate
    self.assertThat(&quot;True == value&quot;, value=self.wait_until_logs_retrieved())
  File &quot;/home/pi/env-pysys/lib/python3.7/site-packages/decorator.py&quot;, line 232, in fun
    return caller(func, *(extras + args), **kw)
  File &quot;/home/pi/env-pysys/lib/python3.7/site-packages/retry/api.py&quot;, line 74, in retry_decorator
    logger)
  File &quot;/home/pi/env-pysys/lib/python3.7/site-packages/retry/api.py&quot;, line 33, in __retry_internal
    return f()
  File &quot;/home/pi/actions-runner/_work/thin-edge.io/thin-edge.io/tests/PySys/log_request_end_to_end/log_request_error_messages/run.py&quot;, line 52, in wait_until_logs_retrieved
    raise Exception(&quot;retry&quot;)
Exception: retry
12:40:04 WARN  Exception: retry ... blocked 
12:40:04 INFO  
12:40:04 INFO  cleanup:
12:40:05 INFO  Executed sudo&lt;rm_logs&gt;, exit status 0
12:40:05 INFO  Executed sudo&lt;rm_tmp_logs&gt;, exit status 0
12:40:06 INFO  Executed sudo&lt;send_failed&gt;, exit status 0
12:40:11 INFO  Executed sudo&lt;tedge_disconnect_c8y&gt;, exit status 0
12:40:11 INFO  Executed systemctl&lt;serv_mapper5&gt;, exit status 3
12:40:11 INFO  
12:40:11 INFO  Test duration: 57.91 secs
12:40:11 INFO  Test final outcome:  BLOCKED
12:40:11 INFO  Test outcome reason: Exception: retry
12:40:11 INFO  
</system-out>
	</testcase>
</testsuite>
