<?xml version="1.0" encoding="utf-8"?>
<testsuite failures="0" name="tedge_software_update" skipped="0" tests="1" time="25.62" timestamp="2022-07-21T15:00:42">
	<testcase classname="PySysTest" name="tedge_software_update"/>
</testsuite>
