<?xml version="1.0" encoding="utf-8"?>
<testsuite failures="1" name="agent_init_session" skipped="0" tests="1" time="5.82" timestamp="2022-06-08T11:38:10">
	<testcase classname="AgentInitSession" name="agent_init_session">
		<failure message="FAILED: Grep on sub_resp.out contains &quot;Ld3KgqpcLDlrYH6sfpG7w&quot;" type="FAILED"/>
		<system-out>11:38:04 INFO  ==============================================================
11:38:04 INFO  Id:    agent_init_session
11:38:04 INFO  Dir:   tedge_agent/
11:38:04 INFO  Title: Validate tedge agent init session feature
11:38:04 INFO  ==============================================================
11:38:05 INFO  Executed sudo&lt;remove_lock&gt;, exit status 0
11:38:05 INFO  Executed sudo&lt;agent_clear&gt;, exit status 0
11:38:06 INFO  Executed sudo&lt;agent_init&gt;, exit status 0
11:38:06 INFO  Executed sudo&lt;pub_req&gt;, exit status 0
11:38:06 INFO  Started sudo&lt;sub_resp&gt; with process id 26302
11:38:07 INFO  Executed sudo&lt;agent_start&gt;, exit status 0
11:38:07 INFO  Waiting for 2.0 seconds
11:38:09 INFO  Executed sudo&lt;agent_stop&gt;, exit status 0
11:38:10 INFO  Executed sudo&lt;sub_stop&gt;, exit status 0
11:38:10 WARN  Grep on sub_resp.out contains &quot;Ld3KgqpcLDlrYH6sfpG7w&quot; ... failed [run.py:87]
11:38:10 INFO  
11:38:10 INFO  Test duration: 5.82 secs
11:38:10 INFO  Test final outcome:  FAILED
11:38:10 INFO  Test outcome reason: Grep on sub_resp.out contains &quot;Ld3KgqpcLDlrYH6sfpG7w&quot;
11:38:10 INFO  
</system-out>
	</testcase>
</testsuite>
