<?xml version="1.0" encoding="utf-8"?>
<testsuite failures="0" name="c8y_restart_bridge" skipped="0" tests="1" time="21.89" timestamp="2022-05-25T11:02:49">
	<testcase classname="RestartBridge" name="c8y_restart_bridge"/>
</testsuite>
