<?xml version="1.0" encoding="utf-8"?>
<testsuite failures="0" name="apt_sequence_remove" skipped="1" tests="1" time="0.03" timestamp="2022-05-20T09:35:30">
	<testcase classname="AptPluginInstallPrepareRemoveFinalize" name="apt_sequence_remove">
		<skipped message="SKIPPED: Testing the apt plugin is not supported on this platform.To run the tests call PySys with -XmyPlatform='container'"/>
		<system-out>09:35:30 INFO  ==============================================================
09:35:30 INFO  Id:    apt_sequence_remove
09:35:30 INFO  Dir:   plugin_apt/
09:35:30 INFO  Title: Validate apt plugin prepare install remove finalize use case
09:35:30 INFO  ==============================================================
09:35:30 INFO  Testing the apt plugin is not supported on this platform.To run the tests call PySys with -XmyPlatform='container' ... skipped
09:35:30 WARN  Aborted test due to SKIPPED outcome
09:35:30 INFO  
09:35:30 INFO  Test duration: 0.03 secs
09:35:30 INFO  Test final outcome:  SKIPPED
09:35:30 INFO  Test outcome reason: Testing the apt plugin is not supported on this platform.To run the tests call PySys with -XmyPlatform='container'
09:35:30 INFO  
</system-out>
	</testcase>
</testsuite>
