<?xml version="1.0" encoding="utf-8"?>
<testsuite failures="0" name="apt_install" skipped="1" tests="1" time="0.02" timestamp="2022-05-25T12:42:55">
	<testcase classname="AptPluginInstallDense" name="apt_install">
		<skipped message="SKIPPED: Testing the apt plugin is not supported on this platform.To run the tests call PySys with -XmyPlatform='container'"/>
		<system-out>12:42:55 INFO  ==============================================================
12:42:55 INFO  Id:    apt_install
12:42:55 INFO  Dir:   plugin_apt/
12:42:55 INFO  Title: Validate apt plugin prepare - dense version
12:42:55 INFO  ==============================================================
12:42:55 INFO  Testing the apt plugin is not supported on this platform.To run the tests call PySys with -XmyPlatform='container' ... skipped
12:42:55 WARN  Aborted test due to SKIPPED outcome
12:42:55 INFO  
12:42:55 INFO  Test duration: 0.02 secs
12:42:55 INFO  Test final outcome:  SKIPPED
12:42:55 INFO  Test outcome reason: Testing the apt plugin is not supported on this platform.To run the tests call PySys with -XmyPlatform='container'
12:42:55 INFO  
</system-out>
	</testcase>
</testsuite>
