<?xml version="1.0" encoding="utf-8"?>
<testsuite failures="0" name="publish_flux" skipped="0" tests="1" time="72.47" timestamp="2022-07-26T07:18:28">
	<testcase classname="PublishFlux" name="publish_flux"/>
</testsuite>
