<?xml version="1.0" encoding="utf-8"?>
<testsuite failures="0" name="sm_tedge_mapper_init_session" skipped="0" tests="1" time="34.8" timestamp="2022-07-19T13:52:34">
	<testcase classname="TedgeSMMapperInitSession" name="sm_tedge_mapper_init_session"/>
</testsuite>
