<?xml version="1.0" encoding="utf-8"?>
<testsuite failures="0" name="apt_remove" skipped="1" tests="1" time="0.02" timestamp="2022-06-22T18:47:11">
	<testcase classname="AptPluginRemoveDense" name="apt_remove">
		<skipped message="SKIPPED: Testing the apt plugin is not supported on this platform.To run the tests call PySys with -XmyPlatform='container'"/>
		<system-out>18:47:11 INFO  ==============================================================
18:47:11 INFO  Id:    apt_remove
18:47:11 INFO  Dir:   plugin_apt/
18:47:11 INFO  Title: Validate apt plugin prepare - dense version
18:47:11 INFO  ==============================================================
18:47:11 INFO  Testing the apt plugin is not supported on this platform.To run the tests call PySys with -XmyPlatform='container' ... skipped
18:47:11 WARN  Aborted test due to SKIPPED outcome
18:47:11 INFO  
18:47:11 INFO  Test duration: 0.02 secs
18:47:11 INFO  Test final outcome:  SKIPPED
18:47:11 INFO  Test outcome reason: Testing the apt plugin is not supported on this platform.To run the tests call PySys with -XmyPlatform='container'
18:47:11 INFO  
</system-out>
	</testcase>
</testsuite>
