<?xml version="1.0" encoding="utf-8"?>
<testsuite failures="1" name="log_request_num_lines" skipped="0" tests="1" time="33.0" timestamp="2022-07-22T17:24:54">
	<testcase classname="LogRequestVerifyNumberOfLines" name="log_request_num_lines">
		<failure message="BLOCKED: TypeError: 'NoneType' object is not subscriptable" type="BLOCKED"/>
		<system-out>17:24:21 INFO  ==============================================================
17:24:21 INFO  Id:    log_request_num_lines
17:24:21 INFO  Dir:   log_request_end_to_end/
17:24:21 INFO  Title: Validate end to end behaviour for the log request operation check for number of lines
17:24:21 INFO  ==============================================================
17:24:21 INFO  EnvironmentC8y Setup
17:24:21 INFO  Executed systemctl&lt;serv_mapper1&gt;, exit status 3
17:24:21 INFO  Restarting mosquitto too frequently in the last 10 seconds. It was only up for 4 seconds
17:24:21 INFO  Delaying execution by 7 seconds
17:24:43 INFO  Executed sudo&lt;tedge_connect_c8y&gt;, exit status 0, duration 14 secs
17:24:44 INFO  Executed sudo&lt;tedge_connect_c8y_test&gt;, exit status 0
17:24:44 INFO  Executed systemctl&lt;serv_mosq2&gt;, exit status 0
17:24:45 INFO  Executed systemctl&lt;serv_mapper3&gt;, exit status 0
17:24:45 INFO  Executed sudo&lt;rm_logs&gt;, exit status 0
17:24:46 INFO  Executed sudo&lt;move_logs&gt;, exit status 0
17:24:46 INFO  Executed sudo&lt;log_file_daemon&gt;, exit status 0
17:24:47 WARN  TypeError occurred while running test - 'NoneType' object is not subscriptable
Traceback (most recent call last):
  File &quot;/home/pi/env-pysys/lib/python3.7/site-packages/pysys/baserunner.py&quot;, line 1294, in __call__
    self.testObj.execute()
  File &quot;/home/pi/actions-runner/_work/thin-edge.io/thin-edge.io/tests/PySys/log_request_end_to_end/log_request_num_lines/run.py&quot;, line 46, in execute
    log_file_request_payload, self.project.deviceid
  File &quot;/home/pi/actions-runner/_work/thin-edge.io/thin-edge.io/tests/PySys/environments/cumulocity.py&quot;, line 101, in trigger_log_request
    &quot;deviceId&quot;: self.device_fragment[&quot;id&quot;],
TypeError: 'NoneType' object is not subscriptable
17:24:47 WARN  TypeError: 'NoneType' object is not subscriptable ... blocked 
17:24:47 INFO  
17:24:47 INFO  cleanup:
17:24:47 INFO  Executed sudo&lt;rm_logs&gt;, exit status 0
17:24:48 INFO  Executed sudo&lt;rm_tmp_logs&gt;, exit status 0
17:24:48 INFO  Executed sudo&lt;send_failed&gt;, exit status 0
17:24:49 INFO  Executed sudo&lt;log_file_daemon&gt;, exit status 0
17:24:53 INFO  Executed sudo&lt;tedge_disconnect_c8y&gt;, exit status 0
17:24:54 INFO  Executed systemctl&lt;serv_mapper5&gt;, exit status 3
17:24:54 INFO  
17:24:54 INFO  Test duration: 33.00 secs
17:24:54 INFO  Test final outcome:  BLOCKED
17:24:54 INFO  Test outcome reason: TypeError: 'NoneType' object is not subscriptable
17:24:54 INFO  
</system-out>
	</testcase>
</testsuite>
