<?xml version="1.0" encoding="utf-8"?>
<testsuite failures="0" name="sm_tedge_mapper_init_session" skipped="0" tests="1" time="37.02" timestamp="2022-07-21T16:35:01">
	<testcase classname="TedgeSMMapperInitSession" name="sm_tedge_mapper_init_session"/>
</testsuite>
