<?xml version="1.0" encoding="utf-8"?>
<testsuite failures="0" name="docker_plugin_finalize" skipped="1" tests="1" time="0.05" timestamp="2022-07-22T02:02:17">
	<testcase classname="DockerPluginFinalizeTest" name="docker_plugin_finalize">
		<skipped message="SKIPPED: Testing the docker plugin is not supported on this platform.To run it, all the test with -XmyPlatform='container'"/>
		<system-out>02:02:17 INFO  ==============================================================
02:02:17 INFO  Id:    docker_plugin_finalize
02:02:17 INFO  Dir:   plugin_docker/
02:02:17 INFO  Title: Validate docker plugin finalize command
02:02:17 INFO  ==============================================================
02:02:17 INFO  Testing the docker plugin is not supported on this platform.To run it, all the test with -XmyPlatform='container' ... skipped
02:02:17 WARN  Aborted test due to SKIPPED outcome
02:02:17 INFO  
02:02:17 INFO  Test duration: 0.05 secs
02:02:17 INFO  Test final outcome:  SKIPPED
02:02:17 INFO  Test outcome reason: Testing the docker plugin is not supported on this platform.To run it, all the test with -XmyPlatform='container'
02:02:17 INFO  
</system-out>
	</testcase>
</testsuite>
