<?xml version="1.0" encoding="utf-8"?>
<testsuite failures="0" name="docker_plugin_install" skipped="1" tests="1" time="0.02" timestamp="2022-07-20T10:45:24">
	<testcase classname="DockerPluginInstallTest" name="docker_plugin_install">
		<skipped message="SKIPPED: Testing the docker plugin is not supported on this platform.To run it, all the test with -XmyPlatform='container'"/>
		<system-out>10:45:23 INFO  ==============================================================
10:45:23 INFO  Id:    docker_plugin_install
10:45:23 INFO  Dir:   plugin_docker/
10:45:23 INFO  Title: Validate docker plugin install
10:45:23 INFO  ==============================================================
10:45:23 INFO  Testing the docker plugin is not supported on this platform.To run it, all the test with -XmyPlatform='container' ... skipped
10:45:23 WARN  Aborted test due to SKIPPED outcome
10:45:24 INFO  
10:45:24 INFO  Test duration: 0.02 secs
10:45:24 INFO  Test final outcome:  SKIPPED
10:45:24 INFO  Test outcome reason: Testing the docker plugin is not supported on this platform.To run it, all the test with -XmyPlatform='container'
10:45:24 INFO  
</system-out>
	</testcase>
</testsuite>
