<?xml version="1.0" encoding="utf-8"?>
<testsuite failures="1" name="log_request_num_lines" skipped="0" tests="1" time="55.18" timestamp="2022-05-23T16:45:36">
	<testcase classname="LogRequestVerifyNumberOfLines" name="log_request_num_lines">
		<failure message="BLOCKED: Exception: retry" type="BLOCKED"/>
		<system-out>16:44:41 INFO  ==============================================================
16:44:41 INFO  Id:    log_request_num_lines
16:44:41 INFO  Dir:   log_request_end_to_end/
16:44:41 INFO  Title: Validate end to end behaviour for the log request operation check for number of lines
16:44:41 INFO  ==============================================================
16:44:41 INFO  EnvironmentC8y Setup
16:44:42 INFO  Executed systemctl&lt;serv_mapper1&gt;, exit status 3
16:44:42 INFO  Restarting mosquitto too frequently in the last 10 seconds. It was only up for 4 seconds
16:44:42 INFO  Delaying execution by 7 seconds
16:45:03 INFO  Executed sudo&lt;tedge_connect_c8y&gt;, exit status 0, duration 14 secs
16:45:03 INFO  Executed sudo&lt;tedge_connect_c8y_test&gt;, exit status 0
16:45:04 INFO  Executed systemctl&lt;serv_mosq2&gt;, exit status 0
16:45:05 INFO  Executed systemctl&lt;serv_mapper3&gt;, exit status 0
16:45:05 INFO  Executed sudo&lt;rm_logs&gt;, exit status 0
16:45:06 INFO  Executed sudo&lt;move_logs&gt;, exit status 0
16:45:06 INFO  log response None
16:45:06 WARN  retry, retrying in 1 seconds...
16:45:07 INFO  log response None
16:45:07 WARN  retry, retrying in 1 seconds...
16:45:09 INFO  log response None
16:45:09 WARN  retry, retrying in 1 seconds...
16:45:10 INFO  log response None
16:45:10 WARN  retry, retrying in 1 seconds...
16:45:11 INFO  log response None
16:45:11 WARN  retry, retrying in 1 seconds...
16:45:12 INFO  log response None
16:45:12 WARN  retry, retrying in 1 seconds...
16:45:13 INFO  log response None
16:45:13 WARN  retry, retrying in 1 seconds...
16:45:15 INFO  log response None
16:45:15 WARN  retry, retrying in 1 seconds...
16:45:16 INFO  log response None
16:45:16 WARN  retry, retrying in 1 seconds...
16:45:17 INFO  log response None
16:45:17 WARN  retry, retrying in 1 seconds...
16:45:18 INFO  log response None
16:45:18 WARN  retry, retrying in 1 seconds...
16:45:20 INFO  log response None
16:45:20 WARN  retry, retrying in 1 seconds...
16:45:21 INFO  log response None
16:45:21 WARN  retry, retrying in 1 seconds...
16:45:22 INFO  log response None
16:45:22 WARN  retry, retrying in 1 seconds...
16:45:23 INFO  log response None
16:45:23 WARN  retry, retrying in 1 seconds...
16:45:25 INFO  log response None
16:45:25 WARN  retry, retrying in 1 seconds...
16:45:26 INFO  log response None
16:45:26 WARN  retry, retrying in 1 seconds...
16:45:27 INFO  log response None
16:45:27 WARN  retry, retrying in 1 seconds...
16:45:28 INFO  log response None
16:45:28 WARN  retry, retrying in 1 seconds...
16:45:30 INFO  log response None
16:45:30 WARN  Exception occurred while running test - retry
Traceback (most recent call last):
  File &quot;/home/pi/env-pysys/lib/python3.7/site-packages/pysys/baserunner.py&quot;, line 1296, in __call__
    self.testObj.validate()
  File &quot;/home/pi/actions-runner/_work/thin-edge.io/thin-edge.io/tests/PySys/log_request_end_to_end/log_request_num_lines/run.py&quot;, line 44, in validate
    self.assertThat(&quot;True == value&quot;, value=self.wait_until_logs_retrieved())
  File &quot;/home/pi/env-pysys/lib/python3.7/site-packages/decorator.py&quot;, line 232, in fun
    return caller(func, *(extras + args), **kw)
  File &quot;/home/pi/env-pysys/lib/python3.7/site-packages/retry/api.py&quot;, line 74, in retry_decorator
    logger)
  File &quot;/home/pi/env-pysys/lib/python3.7/site-packages/retry/api.py&quot;, line 33, in __retry_internal
    return f()
  File &quot;/home/pi/actions-runner/_work/thin-edge.io/thin-edge.io/tests/PySys/log_request_end_to_end/log_request_num_lines/run.py&quot;, line 52, in wait_until_logs_retrieved
    raise Exception(&quot;retry&quot;)
Exception: retry
16:45:30 WARN  Exception: retry ... blocked 
16:45:30 INFO  
16:45:30 INFO  cleanup:
16:45:30 INFO  Executed sudo&lt;rm_logs&gt;, exit status 0
16:45:31 INFO  Executed sudo&lt;rm_tmp_logs&gt;, exit status 0
16:45:31 INFO  Executed sudo&lt;send_failed&gt;, exit status 0
16:45:36 INFO  Executed sudo&lt;tedge_disconnect_c8y&gt;, exit status 0
16:45:36 INFO  Executed systemctl&lt;serv_mapper5&gt;, exit status 3
16:45:36 INFO  
16:45:36 INFO  Test duration: 55.18 secs
16:45:36 INFO  Test final outcome:  BLOCKED
16:45:36 INFO  Test outcome reason: Exception: retry
16:45:36 INFO  
</system-out>
	</testcase>
</testsuite>
