<?xml version="1.0" encoding="utf-8"?>
<testsuite failures="1" name="call_tedge_-h_-V" skipped="0" tests="1" time="0.5" timestamp="2022-07-18T15:59:59">
	<testcase classname="PySysTest" name="call_tedge_-h_-V">
		<failure message="FAILED: Grep on tedge.out contains &quot;tedge 0.6&quot;" type="FAILED"/>
		<system-out>15:59:59 INFO  ==============================================================
15:59:59 INFO  Id:    call_tedge_-h_-V
15:59:59 INFO  Dir:   tedge/
15:59:59 INFO  Title: Validate command line option -h -V
15:59:59 INFO  ==============================================================
15:59:59 INFO  Executed tedge, exit status 0
15:59:59 WARN  Grep on tedge.out contains &quot;tedge 0.6&quot; ... failed [run.py:32]
15:59:59 INFO  Grep on file tedge.out ... passed
15:59:59 INFO  
15:59:59 INFO  Test duration: 0.50 secs
15:59:59 INFO  Test final outcome:  FAILED
15:59:59 INFO  Test outcome reason: Grep on tedge.out contains &quot;tedge 0.6&quot;
15:59:59 INFO  
</system-out>
	</testcase>
</testsuite>
