<?xml version="1.0" encoding="utf-8"?>
<testsuite failures="1" name="call_tedge_-h_-V" skipped="0" tests="1" time="0.72" timestamp="2022-07-21T12:00:45">
	<testcase classname="PySysTest" name="call_tedge_-h_-V">
		<failure message="FAILED: Grep on tedge.out contains &quot;tedge 0.6&quot;" type="FAILED"/>
		<system-out>12:00:44 INFO  ==============================================================
12:00:44 INFO  Id:    call_tedge_-h_-V
12:00:44 INFO  Dir:   tedge/
12:00:44 INFO  Title: Validate command line option -h -V
12:00:44 INFO  ==============================================================
12:00:44 INFO  Executed tedge, exit status 0
12:00:44 WARN  Grep on tedge.out contains &quot;tedge 0.6&quot; ... failed [run.py:32]
12:00:44 INFO  Grep on file tedge.out ... passed
12:00:44 INFO  
12:00:44 INFO  Test duration: 0.72 secs
12:00:44 INFO  Test final outcome:  FAILED
12:00:45 INFO  Test outcome reason: Grep on tedge.out contains &quot;tedge 0.6&quot;
12:00:45 INFO  
</system-out>
	</testcase>
</testsuite>
