<?xml version="1.0" encoding="utf-8"?>
<testsuite failures="0" name="publish_flux" skipped="0" tests="1" time="72.46" timestamp="2022-07-22T02:03:30">
	<testcase classname="PublishFlux" name="publish_flux"/>
</testsuite>
