<?xml version="1.0" encoding="utf-8"?>
<testsuite failures="0" name="SoftwareManagement.sm_apt_install_fail" skipped="1" tests="1" time="0.02" timestamp="2022-07-22T00:41:59">
	<testcase classname="PySysTest" name="SoftwareManagement.sm_apt_install_fail">
		<skipped message="SKIPPED: Testing the apt plugin is not supported on this platform.Use parameter -XmyPlatform='container' to enable it"/>
		<system-out>00:41:59 INFO  ==============================================================
00:41:59 INFO  Id:    SoftwareManagement.sm_apt_install_fail
00:41:59 INFO  Dir:   software_management_end_to_end/
00:41:59 INFO  Title: Validate end to end behaviour for a failing installation
00:41:59 INFO  ==============================================================
00:41:59 INFO  Testing the apt plugin is not supported on this platform.Use parameter -XmyPlatform='container' to enable it ... skipped
00:41:59 WARN  Aborted test due to SKIPPED outcome
00:41:59 INFO  
00:41:59 INFO  Test duration: 0.02 secs
00:41:59 INFO  Test final outcome:  SKIPPED
00:41:59 INFO  Test outcome reason: Testing the apt plugin is not supported on this platform.Use parameter -XmyPlatform='container' to enable it
00:41:59 INFO  
</system-out>
	</testcase>
</testsuite>
