<?xml version="1.0" encoding="utf-8"?>
<testsuite failures="0" name="SoftwareManagement.Plugin.apama_plugin_mon_support" skipped="1" tests="1" time="0.02" timestamp="2022-06-22T09:43:34">
	<testcase classname="ApamaPluginMonSupportTest" name="SoftwareManagement.Plugin.apama_plugin_mon_support">
		<skipped message="SKIPPED: Apama plugin tests are disabled by default. Execute `pysys run` with `-XmyPlatform=container` to run these tests"/>
		<system-out>09:43:34 INFO  ==============================================================
09:43:34 INFO  Id:    SoftwareManagement.Plugin.apama_plugin_mon_support
09:43:34 INFO  Dir:   plugin_apama/
09:43:34 INFO  Title: Validate mon file support of apama plugin
09:43:34 INFO  ==============================================================
09:43:34 INFO  Apama plugin tests are disabled by default. Execute `pysys run` with `-XmyPlatform=container` to run these tests ... skipped
09:43:34 WARN  Aborted test due to SKIPPED outcome
09:43:34 INFO  
09:43:34 INFO  Test duration: 0.02 secs
09:43:34 INFO  Test final outcome:  SKIPPED
09:43:34 INFO  Test outcome reason: Apama plugin tests are disabled by default. Execute `pysys run` with `-XmyPlatform=container` to run these tests
09:43:34 INFO  
</system-out>
	</testcase>
</testsuite>
