<?xml version="1.0" encoding="utf-8"?>
<testsuite failures="0" name="publish_flux" skipped="0" tests="1" time="73.12" timestamp="2022-07-18T14:00:39">
	<testcase classname="PublishFlux" name="publish_flux"/>
</testsuite>
