<?xml version="1.0" encoding="utf-8"?>
<testsuite failures="0" name="mqtt_port_set" skipped="0" tests="1" time="20.37" timestamp="2022-05-20T09:34:32">
	<testcase classname="MqttPortSet" name="mqtt_port_set"/>
</testsuite>
