<?xml version="1.0" encoding="utf-8"?>
<testsuite failures="0" name="apt_prepare" skipped="1" tests="1" time="0.04" timestamp="2022-06-22T18:47:10">
	<testcase classname="AptPluginPrepare" name="apt_prepare">
		<skipped message="SKIPPED: Testing the apt plugin is not supported on this platform.To run the tests call PySys with -XmyPlatform='container'"/>
		<system-out>18:47:10 INFO  ==============================================================
18:47:10 INFO  Id:    apt_prepare
18:47:10 INFO  Dir:   plugin_apt/
18:47:10 INFO  Title: Validate apt plugin install - dense version
18:47:10 INFO  ==============================================================
18:47:10 INFO  Testing the apt plugin is not supported on this platform.To run the tests call PySys with -XmyPlatform='container' ... skipped
18:47:10 WARN  Aborted test due to SKIPPED outcome
18:47:10 INFO  
18:47:10 INFO  Test duration: 0.04 secs
18:47:10 INFO  Test final outcome:  SKIPPED
18:47:10 INFO  Test outcome reason: Testing the apt plugin is not supported on this platform.To run the tests call PySys with -XmyPlatform='container'
18:47:10 INFO  
</system-out>
	</testcase>
</testsuite>
