<?xml version="1.0" encoding="utf-8"?>
<testsuite failures="1" name="log_request_num_lines" skipped="0" tests="1" time="54.22" timestamp="2022-05-25T10:49:58">
	<testcase classname="LogRequestVerifyNumberOfLines" name="log_request_num_lines">
		<failure message="BLOCKED: Exception: retry" type="BLOCKED"/>
		<system-out>10:49:04 INFO  ==============================================================
10:49:04 INFO  Id:    log_request_num_lines
10:49:04 INFO  Dir:   log_request_end_to_end/
10:49:04 INFO  Title: Validate end to end behaviour for the log request operation check for number of lines
10:49:04 INFO  ==============================================================
10:49:04 INFO  EnvironmentC8y Setup
10:49:04 INFO  Executed systemctl&lt;serv_mapper1&gt;, exit status 3
10:49:04 INFO  Restarting mosquitto too frequently in the last 10 seconds. It was only up for 5 seconds
10:49:04 INFO  Delaying execution by 6 seconds
10:49:25 INFO  Executed sudo&lt;tedge_connect_c8y&gt;, exit status 0, duration 14 secs
10:49:25 INFO  Executed sudo&lt;tedge_connect_c8y_test&gt;, exit status 0
10:49:26 INFO  Executed systemctl&lt;serv_mosq2&gt;, exit status 0
10:49:26 INFO  Executed systemctl&lt;serv_mapper3&gt;, exit status 0
10:49:27 INFO  Executed sudo&lt;rm_logs&gt;, exit status 0
10:49:27 INFO  Executed sudo&lt;move_logs&gt;, exit status 0
10:49:28 INFO  log response None
10:49:28 WARN  retry, retrying in 1 seconds...
10:49:30 INFO  log response None
10:49:30 WARN  retry, retrying in 1 seconds...
10:49:31 INFO  log response None
10:49:31 WARN  retry, retrying in 1 seconds...
10:49:32 INFO  log response None
10:49:32 WARN  retry, retrying in 1 seconds...
10:49:33 INFO  log response None
10:49:33 WARN  retry, retrying in 1 seconds...
10:49:35 INFO  log response None
10:49:35 WARN  retry, retrying in 1 seconds...
10:49:36 INFO  log response None
10:49:36 WARN  retry, retrying in 1 seconds...
10:49:37 INFO  log response None
10:49:37 WARN  retry, retrying in 1 seconds...
10:49:38 INFO  log response None
10:49:38 WARN  retry, retrying in 1 seconds...
10:49:40 INFO  log response None
10:49:40 WARN  retry, retrying in 1 seconds...
10:49:41 INFO  log response None
10:49:41 WARN  retry, retrying in 1 seconds...
10:49:42 INFO  log response None
10:49:42 WARN  retry, retrying in 1 seconds...
10:49:43 INFO  log response None
10:49:43 WARN  retry, retrying in 1 seconds...
10:49:44 INFO  log response None
10:49:44 WARN  retry, retrying in 1 seconds...
10:49:46 INFO  log response None
10:49:46 WARN  retry, retrying in 1 seconds...
10:49:47 INFO  log response None
10:49:47 WARN  retry, retrying in 1 seconds...
10:49:48 INFO  log response None
10:49:48 WARN  retry, retrying in 1 seconds...
10:49:49 INFO  log response None
10:49:49 WARN  retry, retrying in 1 seconds...
10:49:51 INFO  log response None
10:49:51 WARN  retry, retrying in 1 seconds...
10:49:52 INFO  log response None
10:49:52 WARN  Exception occurred while running test - retry
Traceback (most recent call last):
  File &quot;/home/pi/env-pysys/lib/python3.7/site-packages/pysys/baserunner.py&quot;, line 1296, in __call__
    self.testObj.validate()
  File &quot;/home/pi/actions-runner/_work/thin-edge.io/thin-edge.io/tests/PySys/log_request_end_to_end/log_request_num_lines/run.py&quot;, line 44, in validate
    self.assertThat(&quot;True == value&quot;, value=self.wait_until_logs_retrieved())
  File &quot;/home/pi/env-pysys/lib/python3.7/site-packages/decorator.py&quot;, line 232, in fun
    return caller(func, *(extras + args), **kw)
  File &quot;/home/pi/env-pysys/lib/python3.7/site-packages/retry/api.py&quot;, line 74, in retry_decorator
    logger)
  File &quot;/home/pi/env-pysys/lib/python3.7/site-packages/retry/api.py&quot;, line 33, in __retry_internal
    return f()
  File &quot;/home/pi/actions-runner/_work/thin-edge.io/thin-edge.io/tests/PySys/log_request_end_to_end/log_request_num_lines/run.py&quot;, line 52, in wait_until_logs_retrieved
    raise Exception(&quot;retry&quot;)
Exception: retry
10:49:52 WARN  Exception: retry ... blocked 
10:49:52 INFO  
10:49:52 INFO  cleanup:
10:49:52 INFO  Executed sudo&lt;rm_logs&gt;, exit status 0
10:49:53 INFO  Executed sudo&lt;rm_tmp_logs&gt;, exit status 0
10:49:53 INFO  Executed sudo&lt;send_failed&gt;, exit status 0
10:49:57 INFO  Executed sudo&lt;tedge_disconnect_c8y&gt;, exit status 0
10:49:58 INFO  Executed systemctl&lt;serv_mapper5&gt;, exit status 3
10:49:58 INFO  
10:49:58 INFO  Test duration: 54.22 secs
10:49:58 INFO  Test final outcome:  BLOCKED
10:49:58 INFO  Test outcome reason: Exception: retry
10:49:58 INFO  
</system-out>
	</testcase>
</testsuite>
