<?xml version="1.0" encoding="utf-8"?>
<testsuite failures="0" name="mqtt_port_change_connection_works" skipped="1" tests="1" time="0.02" timestamp="2022-07-21T21:28:47">
	<testcase classname="MqttPortChangeConnectionWorks" name="mqtt_port_change_connection_works">
		<skipped message="SKIPPED: failing intermitently"/>
		<system-out>21:28:47 INFO  ==============================================================
21:28:47 INFO  Id:    mqtt_port_change_connection_works
21:28:47 INFO  Dir:   misc_features/
21:28:47 INFO  Title: mqtt port change connection works for all the thin-edge services that use the mosquitto broker
21:28:47 INFO  ==============================================================
21:28:47 INFO  failing intermitently ... skipped
21:28:47 INFO  
21:28:47 INFO  Test duration: 0.02 secs
21:28:47 INFO  Test final outcome:  SKIPPED
21:28:47 INFO  Test outcome reason: failing intermitently
21:28:47 INFO  
</system-out>
	</testcase>
</testsuite>
