<?xml version="1.0" encoding="utf-8"?>
<testsuite failures="0" name="SoftwareManagement.sm_mixed_install_remove_multiple" skipped="1" tests="1" time="0.03" timestamp="2022-06-22T09:53:12">
	<testcase classname="PySysTest" name="SoftwareManagement.sm_mixed_install_remove_multiple">
		<skipped message="SKIPPED: Testing the fake plugin is not enabled.Use parameter -Xfakeplugin=fakeplugin to enable it"/>
		<system-out>09:53:12 INFO  ==============================================================
09:53:12 INFO  Id:    SoftwareManagement.sm_mixed_install_remove_multiple
09:53:12 INFO  Dir:   software_management_end_to_end/
09:53:12 INFO  Title: Validate end to end behaviour for the dummy-plugin for multiple packages with mixed versions
09:53:12 INFO  ==============================================================
09:53:12 INFO  Testing the fake plugin is not enabled.Use parameter -Xfakeplugin=fakeplugin to enable it ... skipped
09:53:12 WARN  Aborted test due to SKIPPED outcome
09:53:12 INFO  
09:53:12 INFO  Test duration: 0.03 secs
09:53:12 INFO  Test final outcome:  SKIPPED
09:53:12 INFO  Test outcome reason: Testing the fake plugin is not enabled.Use parameter -Xfakeplugin=fakeplugin to enable it
09:53:12 INFO  
</system-out>
	</testcase>
</testsuite>
