<?xml version="1.0" encoding="utf-8"?>
<testsuite failures="0" name="SoftwareManagement.Plugin.apama_plugin_update" skipped="1" tests="1" time="0.03" timestamp="2022-05-23T14:58:06">
	<testcase classname="ApamaPluginUpdateTest" name="SoftwareManagement.Plugin.apama_plugin_update">
		<skipped message="SKIPPED: Apama plugin tests are disabled by default. Execute `pysys run` with `-XmyPlatform=container` to run these tests"/>
		<system-out>14:58:06 INFO  ==============================================================
14:58:06 INFO  Id:    SoftwareManagement.Plugin.apama_plugin_update
14:58:06 INFO  Dir:   plugin_apama/
14:58:06 INFO  Title: Validate apama plugin updating one project with another
14:58:06 INFO  ==============================================================
14:58:06 INFO  Apama plugin tests are disabled by default. Execute `pysys run` with `-XmyPlatform=container` to run these tests ... skipped
14:58:06 WARN  Aborted test due to SKIPPED outcome
14:58:06 INFO  
14:58:06 INFO  Test duration: 0.03 secs
14:58:06 INFO  Test final outcome:  SKIPPED
14:58:06 INFO  Test outcome reason: Apama plugin tests are disabled by default. Execute `pysys run` with `-XmyPlatform=container` to run these tests
14:58:06 INFO  
</system-out>
	</testcase>
</testsuite>
