<?xml version="1.0" encoding="utf-8"?>
<testsuite failures="0" name="apt_sequence_install_with_version_fail" skipped="1" tests="1" time="0.02" timestamp="2022-05-25T10:51:53">
	<testcase classname="AptPluginInstallWithVersionFails" name="apt_sequence_install_with_version_fail">
		<skipped message="SKIPPED: Testing the apt plugin is not supported on this platform.To run the tests call PySys with -XmyPlatform='container'"/>
		<system-out>10:51:53 INFO  ==============================================================
10:51:53 INFO  Id:    apt_sequence_install_with_version_fail
10:51:53 INFO  Dir:   plugin_apt/
10:51:53 INFO  Title: Validate apt plugin install with version fails use case
10:51:53 INFO  ==============================================================
10:51:53 INFO  Testing the apt plugin is not supported on this platform.To run the tests call PySys with -XmyPlatform='container' ... skipped
10:51:53 WARN  Aborted test due to SKIPPED outcome
10:51:53 INFO  
10:51:53 INFO  Test duration: 0.02 secs
10:51:53 INFO  Test final outcome:  SKIPPED
10:51:53 INFO  Test outcome reason: Testing the apt plugin is not supported on this platform.To run the tests call PySys with -XmyPlatform='container'
10:51:53 INFO  
</system-out>
	</testcase>
</testsuite>
