<?xml version="1.0" encoding="utf-8"?>
<testsuite failures="0" name="SoftwareManagement.Plugin.apama_plugin_install" skipped="1" tests="1" time="0.06" timestamp="2022-06-07T11:27:43">
	<testcase classname="ApamaPluginInstallTest" name="SoftwareManagement.Plugin.apama_plugin_install">
		<skipped message="SKIPPED: Apama plugin tests are disabled by default. Execute `pysys run` with `-XmyPlatform=container` to run these tests"/>
		<system-out>11:27:43 INFO  ==============================================================
11:27:43 INFO  Id:    SoftwareManagement.Plugin.apama_plugin_install
11:27:43 INFO  Dir:   plugin_apama/
11:27:43 INFO  Title: Validate apama plugin install
11:27:43 INFO  ==============================================================
11:27:43 INFO  Apama plugin tests are disabled by default. Execute `pysys run` with `-XmyPlatform=container` to run these tests ... skipped
11:27:43 WARN  Aborted test due to SKIPPED outcome
11:27:43 INFO  
11:27:43 INFO  Test duration: 0.06 secs
11:27:43 INFO  Test final outcome:  SKIPPED
11:27:43 INFO  Test outcome reason: Apama plugin tests are disabled by default. Execute `pysys run` with `-XmyPlatform=container` to run these tests
11:27:43 INFO  
</system-out>
	</testcase>
</testsuite>
