<?xml version="1.0" encoding="utf-8"?>
<testsuite failures="0" name="apt_sequence_remove" skipped="1" tests="1" time="0.02" timestamp="2022-06-09T16:33:02">
	<testcase classname="AptPluginInstallPrepareRemoveFinalize" name="apt_sequence_remove">
		<skipped message="SKIPPED: Testing the apt plugin is not supported on this platform.To run the tests call PySys with -XmyPlatform='container'"/>
		<system-out>16:33:02 INFO  ==============================================================
16:33:02 INFO  Id:    apt_sequence_remove
16:33:02 INFO  Dir:   plugin_apt/
16:33:02 INFO  Title: Validate apt plugin prepare install remove finalize use case
16:33:02 INFO  ==============================================================
16:33:02 INFO  Testing the apt plugin is not supported on this platform.To run the tests call PySys with -XmyPlatform='container' ... skipped
16:33:02 WARN  Aborted test due to SKIPPED outcome
16:33:02 INFO  
16:33:02 INFO  Test duration: 0.02 secs
16:33:02 INFO  Test final outcome:  SKIPPED
16:33:02 INFO  Test outcome reason: Testing the apt plugin is not supported on this platform.To run the tests call PySys with -XmyPlatform='container'
16:33:02 INFO  
</system-out>
	</testcase>
</testsuite>
