<?xml version="1.0" encoding="utf-8"?>
<testsuite failures="0" name="apt_fail_noarg" skipped="1" tests="1" time="0.08" timestamp="2022-05-20T11:14:15">
	<testcase classname="AptPluginFailNoArg" name="apt_fail_noarg">
		<skipped message="SKIPPED: Testing the apt plugin is not supported on this platform.To run the tests call PySys with -XmyPlatform='container'"/>
		<system-out>11:14:15 INFO  ==============================================================
11:14:15 INFO  Id:    apt_fail_noarg
11:14:15 INFO  Dir:   plugin_apt/
11:14:15 INFO  Title: Validate apt plugin fetures(prepare, list, install, remove finalize) without arguments
11:14:15 INFO  ==============================================================
11:14:15 INFO  Testing the apt plugin is not supported on this platform.To run the tests call PySys with -XmyPlatform='container' ... skipped
11:14:15 WARN  Aborted test due to SKIPPED outcome
11:14:15 INFO  
11:14:15 INFO  Test duration: 0.08 secs
11:14:15 INFO  Test final outcome:  SKIPPED
11:14:15 INFO  Test outcome reason: Testing the apt plugin is not supported on this platform.To run the tests call PySys with -XmyPlatform='container'
11:14:15 INFO  
</system-out>
	</testcase>
</testsuite>
