<?xml version="1.0" encoding="utf-8"?>
<testsuite failures="1" name="tedge_mapper_c8y_packet_threshold_size" skipped="0" tests="1" time="3.11" timestamp="2022-07-22T00:46:54">
	<testcase classname="TedgeMapperC8yThresholdPacketSize" name="tedge_mapper_c8y_packet_threshold_size">
		<failure message="FAILED: Grep on tedge_sub.out contains &quot;The size of the message received on tedge/measurements is 20489 which is greater than the threshold size of 16184.&quot;" type="FAILED"/>
		<system-out>00:46:51 INFO  ==============================================================
00:46:51 INFO  Id:    tedge_mapper_c8y_packet_threshold_size
00:46:51 INFO  Dir:   tedge_mapper_c8y/
00:46:51 INFO  Title: Validate the Cumulocity Mapper accepted threshold packet size when it receives a message on tedge/measurements
00:46:51 INFO  ==============================================================
00:46:52 INFO  Executed sudo&lt;tedge_mapper_c8y&gt;, exit status 0
00:46:52 INFO  Started sudo&lt;tedge_sub&gt; with process id 22497
00:46:53 INFO  Executed sudo&lt;tedge_msg&gt;, exit status 0
00:46:53 INFO  Executed sudo&lt;tedge_pub&gt;, exit status 0
00:46:54 INFO  Executed sudo&lt;kill_out&gt;, exit status 0
00:46:54 WARN  Grep on tedge_sub.out contains &quot;The size of the message received on tedge/measurements is 20489 which is greater than the threshold size of 16184.&quot; ... failed [run.py:88]
00:46:54 INFO  
00:46:54 INFO  cleanup:
00:46:54 INFO  mapper_cleanup
00:46:54 INFO  Executed sudo&lt;tedge_mapper_c8y&gt;, exit status 0
00:46:54 INFO  
00:46:54 INFO  Test duration: 3.11 secs
00:46:54 INFO  Test final outcome:  FAILED
00:46:54 INFO  Test outcome reason: Grep on tedge_sub.out contains &quot;The size of the message received on tedge/measurements is 20489 which is greater than the threshold size of 16184.&quot;
00:46:54 INFO  
</system-out>
	</testcase>
</testsuite>
