<?xml version="1.0" encoding="utf-8"?>
<testsuite failures="0" name="apt_remove_fail" skipped="1" tests="1" time="0.02" timestamp="2022-05-23T14:58:10">
	<testcase classname="AptPluginRemoveFails" name="apt_remove_fail">
		<skipped message="SKIPPED: Testing the apt plugin is not supported on this platform.To run the tests call PySys with -XmyPlatform='container'"/>
		<system-out>14:58:10 INFO  ==============================================================
14:58:10 INFO  Id:    apt_remove_fail
14:58:10 INFO  Dir:   plugin_apt/
14:58:10 INFO  Title: Validate apt plugin prepare - failing
14:58:10 INFO  ==============================================================
14:58:10 INFO  Testing the apt plugin is not supported on this platform.To run the tests call PySys with -XmyPlatform='container' ... skipped
14:58:10 WARN  Aborted test due to SKIPPED outcome
14:58:10 INFO  
14:58:10 INFO  Test duration: 0.02 secs
14:58:10 INFO  Test final outcome:  SKIPPED
14:58:10 INFO  Test outcome reason: Testing the apt plugin is not supported on this platform.To run the tests call PySys with -XmyPlatform='container'
14:58:10 INFO  
</system-out>
	</testcase>
</testsuite>
