<?xml version="1.0" encoding="utf-8"?>
<testsuite failures="0" name="SoftwareManagement.Plugin.apama_plugin_remove" skipped="1" tests="1" time="0.02" timestamp="2022-06-29T11:54:44">
	<testcase classname="ApamaPluginRemoveTest" name="SoftwareManagement.Plugin.apama_plugin_remove">
		<skipped message="SKIPPED: Apama plugin tests are disabled by default. Execute `pysys run` with `-XmyPlatform=container` to run these tests"/>
		<system-out>11:54:44 INFO  ==============================================================
11:54:44 INFO  Id:    SoftwareManagement.Plugin.apama_plugin_remove
11:54:44 INFO  Dir:   plugin_apama/
11:54:44 INFO  Title: Validate apama plugin remove
11:54:44 INFO  ==============================================================
11:54:44 INFO  Apama plugin tests are disabled by default. Execute `pysys run` with `-XmyPlatform=container` to run these tests ... skipped
11:54:44 WARN  Aborted test due to SKIPPED outcome
11:54:44 INFO  
11:54:44 INFO  Test duration: 0.02 secs
11:54:44 INFO  Test final outcome:  SKIPPED
11:54:44 INFO  Test outcome reason: Apama plugin tests are disabled by default. Execute `pysys run` with `-XmyPlatform=container` to run these tests
11:54:44 INFO  
</system-out>
	</testcase>
</testsuite>
