<?xml version="1.0" encoding="utf-8"?>
<testsuite failures="0" name="apt_finalize" skipped="1" tests="1" time="0.02" timestamp="2022-06-17T08:36:31">
	<testcase classname="AptPluginFinalize" name="apt_finalize">
		<skipped message="SKIPPED: Testing the apt plugin is not supported on this platform.To run the tests call PySys with -XmyPlatform='container'"/>
		<system-out>08:36:31 INFO  ==============================================================
08:36:31 INFO  Id:    apt_finalize
08:36:31 INFO  Dir:   plugin_apt/
08:36:31 INFO  Title: Validate apt plugin finalize - dense version
08:36:31 INFO  ==============================================================
08:36:31 INFO  Testing the apt plugin is not supported on this platform.To run the tests call PySys with -XmyPlatform='container' ... skipped
08:36:31 WARN  Aborted test due to SKIPPED outcome
08:36:31 INFO  
08:36:31 INFO  Test duration: 0.02 secs
08:36:31 INFO  Test final outcome:  SKIPPED
08:36:31 INFO  Test outcome reason: Testing the apt plugin is not supported on this platform.To run the tests call PySys with -XmyPlatform='container'
08:36:31 INFO  
</system-out>
	</testcase>
</testsuite>
