<?xml version="1.0" encoding="utf-8"?>
<testsuite failures="0" name="publish_flux" skipped="0" tests="1" time="72.91" timestamp="2022-06-08T11:28:43">
	<testcase classname="PublishFlux" name="publish_flux"/>
</testsuite>
