<?xml version="1.0" encoding="utf-8"?>
<testsuite failures="0" name="SoftwareManagement.sm_fake_install_remove_multiple" skipped="1" tests="1" time="0.02" timestamp="2022-06-29T17:06:14">
	<testcase classname="PySysTest" name="SoftwareManagement.sm_fake_install_remove_multiple">
		<skipped message="SKIPPED: Testing the fake plugin is not enabled.Use parameter -Xfakeplugin=fakeplugin to enable it"/>
		<system-out>17:06:14 INFO  ==============================================================
17:06:14 INFO  Id:    SoftwareManagement.sm_fake_install_remove_multiple
17:06:14 INFO  Dir:   software_management_end_to_end/
17:06:14 INFO  Title: Validate end to end behaviour for the dummy-plugin for multiple packages
17:06:14 INFO  ==============================================================
17:06:14 INFO  Testing the fake plugin is not enabled.Use parameter -Xfakeplugin=fakeplugin to enable it ... skipped
17:06:14 WARN  Aborted test due to SKIPPED outcome
17:06:14 INFO  
17:06:14 INFO  Test duration: 0.02 secs
17:06:14 INFO  Test final outcome:  SKIPPED
17:06:14 INFO  Test outcome reason: Testing the fake plugin is not enabled.Use parameter -Xfakeplugin=fakeplugin to enable it
17:06:14 INFO  
</system-out>
	</testcase>
</testsuite>
