<?xml version="1.0" encoding="utf-8"?>
<testsuite failures="0" name="c8y_restart_bridge" skipped="0" tests="1" time="22.62" timestamp="2022-05-24T10:54:35">
	<testcase classname="RestartBridge" name="c8y_restart_bridge"/>
</testsuite>
