<?xml version="1.0" encoding="utf-8"?>
<testsuite failures="0" name="apt_sequence_install_with_version" skipped="1" tests="1" time="0.02" timestamp="2022-06-20T14:58:43">
	<testcase classname="AptPluginPrepInstallWithVersionFinalize" name="apt_sequence_install_with_version">
		<skipped message="SKIPPED: Testing the apt plugin is not supported on this platform.To run the tests call PySys with -XmyPlatform='container'"/>
		<system-out>14:58:43 INFO  ==============================================================
14:58:43 INFO  Id:    apt_sequence_install_with_version
14:58:43 INFO  Dir:   plugin_apt/
14:58:43 INFO  Title: Validate apt plugin install with version use case
14:58:43 INFO  ==============================================================
14:58:43 INFO  Testing the apt plugin is not supported on this platform.To run the tests call PySys with -XmyPlatform='container' ... skipped
14:58:43 WARN  Aborted test due to SKIPPED outcome
14:58:43 INFO  
14:58:43 INFO  Test duration: 0.02 secs
14:58:43 INFO  Test final outcome:  SKIPPED
14:58:43 INFO  Test outcome reason: Testing the apt plugin is not supported on this platform.To run the tests call PySys with -XmyPlatform='container'
14:58:43 INFO  
</system-out>
	</testcase>
</testsuite>
