<?xml version="1.0" encoding="utf-8"?>
<testsuite failures="0" name="SoftwareManagement.sm_apt_install_remove_with_version" skipped="1" tests="1" time="0.02" timestamp="2022-07-20T10:54:53">
	<testcase classname="PySysTest" name="SoftwareManagement.sm_apt_install_remove_with_version">
		<skipped message="SKIPPED: Testing the apt plugin is not supported on this platform.Use parameter -XmyPlatform='container' to enable it"/>
		<system-out>10:54:53 INFO  ==============================================================
10:54:53 INFO  Id:    SoftwareManagement.sm_apt_install_remove_with_version
10:54:53 INFO  Dir:   software_management_end_to_end/
10:54:53 INFO  Title: Validate end to end behaviour for the apt plugin for packages with version
10:54:53 INFO  ==============================================================
10:54:53 INFO  Testing the apt plugin is not supported on this platform.Use parameter -XmyPlatform='container' to enable it ... skipped
10:54:53 WARN  Aborted test due to SKIPPED outcome
10:54:53 INFO  
10:54:53 INFO  Test duration: 0.02 secs
10:54:53 INFO  Test final outcome:  SKIPPED
10:54:53 INFO  Test outcome reason: Testing the apt plugin is not supported on this platform.Use parameter -XmyPlatform='container' to enable it
10:54:53 INFO  
</system-out>
	</testcase>
</testsuite>
