<?xml version="1.0" encoding="utf-8"?>
<testsuite failures="0" name="SoftwareManagement.sm_apt_install_fail" skipped="1" tests="1" time="0.04" timestamp="2022-06-10T09:22:10">
	<testcase classname="PySysTest" name="SoftwareManagement.sm_apt_install_fail">
		<skipped message="SKIPPED: Testing the apt plugin is not supported on this platform.Use parameter -XmyPlatform='container' to enable it"/>
		<system-out>09:22:10 INFO  ==============================================================
09:22:10 INFO  Id:    SoftwareManagement.sm_apt_install_fail
09:22:10 INFO  Dir:   software_management_end_to_end/
09:22:10 INFO  Title: Validate end to end behaviour for a failing installation
09:22:10 INFO  ==============================================================
09:22:10 INFO  Testing the apt plugin is not supported on this platform.Use parameter -XmyPlatform='container' to enable it ... skipped
09:22:10 WARN  Aborted test due to SKIPPED outcome
09:22:10 INFO  
09:22:10 INFO  Test duration: 0.04 secs
09:22:10 INFO  Test final outcome:  SKIPPED
09:22:10 INFO  Test outcome reason: Testing the apt plugin is not supported on this platform.Use parameter -XmyPlatform='container' to enable it
09:22:10 INFO  
</system-out>
	</testcase>
</testsuite>
