<?xml version="1.0" encoding="utf-8"?>
<testsuite failures="1" name="mapper_awaits_before_reconnect" skipped="0" tests="1" time="8.44" timestamp="2022-06-15T11:07:39">
	<testcase classname="MapperReconnectAwait" name="mapper_awaits_before_reconnect">
		<failure message="FAILED: Line count on tedge_mapper_journal.out for &quot;tedge_mapper::core::mapper: MQTT connection error:&quot; expected &gt;=2 but got 0" type="FAILED"/>
		<system-out>11:07:30 INFO  ==============================================================
11:07:30 INFO  Id:    mapper_awaits_before_reconnect
11:07:30 INFO  Dir:   tedge_mapper_c8y/
11:07:30 INFO  Title: Validate mapper doesn't reconnect too often
11:07:30 INFO  ==============================================================
11:07:31 INFO  Started mosquitto_sub with process id 32047
11:07:31 INFO  Waiting for 0.1 seconds
11:07:31 INFO  Executed sudo&lt;tedge_mapper&gt;, exit status 0
11:07:31 INFO  Waiting for 5.0 seconds
11:07:37 INFO  Executed sudo&lt;tedge_mapper&gt;, exit status 0
11:07:39 INFO  Executed sudo&lt;tedge_mapper_journal&gt;, exit status 0
11:07:39 WARN  Grep on tedge_mapper_journal.out contains &quot;ERROR&quot; ... failed [run.py:67]
11:07:39 INFO  Line count on file tedge_mapper_journal.out ... passed
11:07:39 WARN  Line count on tedge_mapper_journal.out for &quot;tedge_mapper::core::mapper: MQTT connection error:&quot; expected &gt;=2 but got 0 ... failed [run.py:78]
11:07:39 WARN  Aborted test due to FAILED outcome
11:07:39 INFO  
11:07:39 INFO  Test duration: 8.44 secs
11:07:39 INFO  Test final outcome:  FAILED
11:07:39 INFO  Test outcome reason: Line count on tedge_mapper_journal.out for &quot;tedge_mapper::core::mapper: MQTT connection error:&quot; expected &gt;=2 but got 0
11:07:39 INFO  
</system-out>
	</testcase>
</testsuite>
