<?xml version="1.0" encoding="utf-8"?>
<testsuite failures="0" name="SoftwareManagement.sm_apt_install_download_path" skipped="1" tests="1" time="0.06" timestamp="2022-06-29T17:06:13">
	<testcase classname="AptInstallWithDownloadPath" name="SoftwareManagement.sm_apt_install_download_path">
		<skipped message="SKIPPED: Testing the apt plugin is not supported on this platform.Use parameter -XmyPlatform='container' to enable it"/>
		<system-out>17:06:13 INFO  ==============================================================
17:06:13 INFO  Id:    SoftwareManagement.sm_apt_install_download_path
17:06:13 INFO  Dir:   software_management_end_to_end/
17:06:13 INFO  Title: Install package to directory specified in tedge config set tmp.path
17:06:13 INFO  ==============================================================
17:06:13 INFO  Testing the apt plugin is not supported on this platform.Use parameter -XmyPlatform='container' to enable it ... skipped
17:06:13 WARN  Aborted test due to SKIPPED outcome
17:06:13 INFO  
17:06:13 INFO  Test duration: 0.06 secs
17:06:13 INFO  Test final outcome:  SKIPPED
17:06:13 INFO  Test outcome reason: Testing the apt plugin is not supported on this platform.Use parameter -XmyPlatform='container' to enable it
17:06:13 INFO  
</system-out>
	</testcase>
</testsuite>
