<?xml version="1.0" encoding="utf-8"?>
<testsuite failures="0" name="apt_install_local_file_with_version" skipped="1" tests="1" time="0.02" timestamp="2022-07-21T13:21:01">
	<testcase classname="AptPluginInstallFromLocalFileWithVersion" name="apt_install_local_file_with_version">
		<skipped message="SKIPPED: Testing the apt plugin is not supported on this platform.To run the tests call PySys with -XmyPlatform='container'"/>
		<system-out>13:21:01 INFO  ==============================================================
13:21:01 INFO  Id:    apt_install_local_file_with_version
13:21:01 INFO  Dir:   plugin_apt/
13:21:01 INFO  Title: Validate apt plugin install from local file AND with a version - SUCCESS case
13:21:01 INFO  ==============================================================
13:21:01 INFO  Testing the apt plugin is not supported on this platform.To run the tests call PySys with -XmyPlatform='container' ... skipped
13:21:01 WARN  Aborted test due to SKIPPED outcome
13:21:01 INFO  
13:21:01 INFO  Test duration: 0.02 secs
13:21:01 INFO  Test final outcome:  SKIPPED
13:21:01 INFO  Test outcome reason: Testing the apt plugin is not supported on this platform.To run the tests call PySys with -XmyPlatform='container'
13:21:01 INFO  
</system-out>
	</testcase>
</testsuite>
