<?xml version="1.0" encoding="utf-8"?>
<testsuite failures="0" name="apt_install" skipped="1" tests="1" time="0.02" timestamp="2022-05-23T14:58:07">
	<testcase classname="AptPluginInstallDense" name="apt_install">
		<skipped message="SKIPPED: Testing the apt plugin is not supported on this platform.To run the tests call PySys with -XmyPlatform='container'"/>
		<system-out>14:58:06 INFO  ==============================================================
14:58:06 INFO  Id:    apt_install
14:58:06 INFO  Dir:   plugin_apt/
14:58:06 INFO  Title: Validate apt plugin prepare - dense version
14:58:06 INFO  ==============================================================
14:58:06 INFO  Testing the apt plugin is not supported on this platform.To run the tests call PySys with -XmyPlatform='container' ... skipped
14:58:06 WARN  Aborted test due to SKIPPED outcome
14:58:07 INFO  
14:58:07 INFO  Test duration: 0.02 secs
14:58:07 INFO  Test final outcome:  SKIPPED
14:58:07 INFO  Test outcome reason: Testing the apt plugin is not supported on this platform.To run the tests call PySys with -XmyPlatform='container'
14:58:07 INFO  
</system-out>
	</testcase>
</testsuite>
