<?xml version="1.0" encoding="utf-8"?>
<testsuite failures="1" name="mapper_awaits_before_reconnect" skipped="0" tests="1" time="8.93" timestamp="2022-07-22T07:38:42">
	<testcase classname="MapperReconnectAwait" name="mapper_awaits_before_reconnect">
		<failure message="FAILED: Line count on tedge_mapper_journal.out for &quot;tedge_mapper::core::mapper: MQTT connection error:&quot; expected &gt;=2 but got 0" type="FAILED"/>
		<system-out>07:38:33 INFO  ==============================================================
07:38:33 INFO  Id:    mapper_awaits_before_reconnect
07:38:33 INFO  Dir:   tedge_mapper_c8y/
07:38:33 INFO  Title: Validate mapper doesn't reconnect too often
07:38:33 INFO  ==============================================================
07:38:33 INFO  Started mosquitto_sub with process id 20830
07:38:33 INFO  Waiting for 0.1 seconds
07:38:33 INFO  Executed sudo&lt;tedge_mapper&gt;, exit status 0
07:38:33 INFO  Waiting for 5.0 seconds
07:38:39 INFO  Executed sudo&lt;tedge_mapper&gt;, exit status 0
07:38:41 INFO  Executed sudo&lt;tedge_mapper_journal&gt;, exit status 0
07:38:41 WARN  Grep on tedge_mapper_journal.out contains &quot;ERROR&quot; ... failed [run.py:67]
07:38:41 INFO  Line count on file tedge_mapper_journal.out ... passed
07:38:42 WARN  Line count on tedge_mapper_journal.out for &quot;tedge_mapper::core::mapper: MQTT connection error:&quot; expected &gt;=2 but got 0 ... failed [run.py:78]
07:38:42 WARN  Aborted test due to FAILED outcome
07:38:42 INFO  
07:38:42 INFO  Test duration: 8.93 secs
07:38:42 INFO  Test final outcome:  FAILED
07:38:42 INFO  Test outcome reason: Line count on tedge_mapper_journal.out for &quot;tedge_mapper::core::mapper: MQTT connection error:&quot; expected &gt;=2 but got 0
07:38:42 INFO  
</system-out>
	</testcase>
</testsuite>
