<?xml version="1.0" encoding="utf-8"?>
<testsuite failures="1" name="agent_init_session" skipped="0" tests="1" time="5.99" timestamp="2022-07-21T20:09:49">
	<testcase classname="AgentInitSession" name="agent_init_session">
		<failure message="FAILED: Grep on sub_resp.out contains &quot;Ld3KgqpcLDlrYH6sfpG7w&quot;" type="FAILED"/>
		<system-out>20:09:43 INFO  ==============================================================
20:09:43 INFO  Id:    agent_init_session
20:09:43 INFO  Dir:   tedge_agent/
20:09:43 INFO  Title: Validate tedge agent init session feature
20:09:43 INFO  ==============================================================
20:09:44 INFO  Executed sudo&lt;remove_lock&gt;, exit status 0
20:09:44 INFO  Executed sudo&lt;agent_clear&gt;, exit status 0
20:09:45 INFO  Executed sudo&lt;agent_init&gt;, exit status 0
20:09:45 INFO  Executed sudo&lt;pub_req&gt;, exit status 0
20:09:45 INFO  Started sudo&lt;sub_resp&gt; with process id 8375
20:09:46 INFO  Executed sudo&lt;agent_start&gt;, exit status 0
20:09:46 INFO  Waiting for 2.0 seconds
20:09:48 INFO  Executed sudo&lt;agent_stop&gt;, exit status 0
20:09:49 INFO  Executed sudo&lt;sub_stop&gt;, exit status 0
20:09:49 WARN  Grep on sub_resp.out contains &quot;Ld3KgqpcLDlrYH6sfpG7w&quot; ... failed [run.py:87]
20:09:49 INFO  
20:09:49 INFO  Test duration: 5.99 secs
20:09:49 INFO  Test final outcome:  FAILED
20:09:49 INFO  Test outcome reason: Grep on sub_resp.out contains &quot;Ld3KgqpcLDlrYH6sfpG7w&quot;
20:09:49 INFO  
</system-out>
	</testcase>
</testsuite>
