<?xml version="1.0" encoding="utf-8"?>
<testsuite failures="0" name="apt_install_fail" skipped="1" tests="1" time="0.02" timestamp="2022-07-21T09:58:07">
	<testcase classname="AptPluginInstallFail" name="apt_install_fail">
		<skipped message="SKIPPED: Testing the apt plugin is not supported on this platform.To run the tests call PySys with -XmyPlatform='container'"/>
		<system-out>09:58:07 INFO  ==============================================================
09:58:07 INFO  Id:    apt_install_fail
09:58:07 INFO  Dir:   plugin_apt/
09:58:07 INFO  Title: Validate apt plugin prepare - failing
09:58:07 INFO  ==============================================================
09:58:07 INFO  Testing the apt plugin is not supported on this platform.To run the tests call PySys with -XmyPlatform='container' ... skipped
09:58:07 WARN  Aborted test due to SKIPPED outcome
09:58:07 INFO  
09:58:07 INFO  Test duration: 0.02 secs
09:58:07 INFO  Test final outcome:  SKIPPED
09:58:07 INFO  Test outcome reason: Testing the apt plugin is not supported on this platform.To run the tests call PySys with -XmyPlatform='container'
09:58:07 INFO  
</system-out>
	</testcase>
</testsuite>
