<?xml version="1.0" encoding="utf-8"?>
<testsuite failures="0" name="SoftwareManagement.Plugin.apama_plugin_install" skipped="1" tests="1" time="0.07" timestamp="2022-07-01T06:51:55">
	<testcase classname="ApamaPluginInstallTest" name="SoftwareManagement.Plugin.apama_plugin_install">
		<skipped message="SKIPPED: Apama plugin tests are disabled by default. Execute `pysys run` with `-XmyPlatform=container` to run these tests"/>
		<system-out>06:51:55 INFO  ==============================================================
06:51:55 INFO  Id:    SoftwareManagement.Plugin.apama_plugin_install
06:51:55 INFO  Dir:   plugin_apama/
06:51:55 INFO  Title: Validate apama plugin install
06:51:55 INFO  ==============================================================
06:51:55 INFO  Apama plugin tests are disabled by default. Execute `pysys run` with `-XmyPlatform=container` to run these tests ... skipped
06:51:55 WARN  Aborted test due to SKIPPED outcome
06:51:55 INFO  
06:51:55 INFO  Test duration: 0.07 secs
06:51:55 INFO  Test final outcome:  SKIPPED
06:51:55 INFO  Test outcome reason: Apama plugin tests are disabled by default. Execute `pysys run` with `-XmyPlatform=container` to run these tests
06:51:55 INFO  
</system-out>
	</testcase>
</testsuite>
