<?xml version="1.0" encoding="utf-8"?>
<testsuite failures="1" name="c8y_jwt_token_retrieval" skipped="0" tests="1" time="21.32" timestamp="2022-07-22T15:46:06">
	<testcase classname="ValidateJWTTokenRetrieval" name="c8y_jwt_token_retrieval">
		<failure message="FAILED: Grep on resp_jwt.out contains &quot;\[c8y/s/dat\] 71,&quot;" type="FAILED"/>
		<system-out>15:45:45 INFO  ==============================================================
15:45:45 INFO  Id:    c8y_jwt_token_retrieval
15:45:45 INFO  Dir:   cloud_c8y/
15:45:45 INFO  Title: Validate the Cumulocity JWT Token Retrieval feature
15:45:45 INFO  ==============================================================
15:45:46 INFO  Executed sudo&lt;tedge_disconnect_c8y&gt;, exit status 0
15:46:00 INFO  Executed sudo&lt;tedge_connect_c8y&gt;, exit status 0, duration 14 secs
15:46:00 INFO  Started sudo&lt;resp_jwt&gt; with process id 6025
15:46:00 INFO  Executed sudo&lt;req_jwt&gt;, exit status 0
15:46:02 INFO  Executed sudo&lt;kill_out&gt;, exit status 0
15:46:02 WARN  Grep on resp_jwt.out contains &quot;\[c8y/s/dat\] 71,&quot; ... failed [run.py:60]
15:46:02 INFO  
15:46:02 INFO  cleanup:
15:46:06 INFO  Executed sudo&lt;tedge_disconnect_c8y&gt;, exit status 0
15:46:06 INFO  
15:46:06 INFO  Test duration: 21.32 secs
15:46:06 INFO  Test final outcome:  FAILED
15:46:06 INFO  Test outcome reason: Grep on resp_jwt.out contains &quot;\[c8y/s/dat\] 71,&quot;
15:46:06 INFO  
</system-out>
	</testcase>
</testsuite>
