<?xml version="1.0" encoding="utf-8"?>
<testsuite failures="1" name="agent_init_session" skipped="0" tests="1" time="5.83" timestamp="2022-07-22T14:29:03">
	<testcase classname="AgentInitSession" name="agent_init_session">
		<failure message="FAILED: Grep on sub_resp.out contains &quot;Ld3KgqpcLDlrYH6sfpG7w&quot;" type="FAILED"/>
		<system-out>14:28:57 INFO  ==============================================================
14:28:57 INFO  Id:    agent_init_session
14:28:57 INFO  Dir:   tedge_agent/
14:28:57 INFO  Title: Validate tedge agent init session feature
14:28:57 INFO  ==============================================================
14:28:58 INFO  Executed sudo&lt;remove_lock&gt;, exit status 0
14:28:58 INFO  Executed sudo&lt;agent_clear&gt;, exit status 0
14:28:59 INFO  Executed sudo&lt;agent_init&gt;, exit status 0
14:28:59 INFO  Executed sudo&lt;pub_req&gt;, exit status 0
14:28:59 INFO  Started sudo&lt;sub_resp&gt; with process id 16286
14:29:00 INFO  Executed sudo&lt;agent_start&gt;, exit status 0
14:29:00 INFO  Waiting for 2.0 seconds
14:29:03 INFO  Executed sudo&lt;agent_stop&gt;, exit status 0
14:29:03 INFO  Executed sudo&lt;sub_stop&gt;, exit status 0
14:29:03 WARN  Grep on sub_resp.out contains &quot;Ld3KgqpcLDlrYH6sfpG7w&quot; ... failed [run.py:87]
14:29:03 INFO  
14:29:03 INFO  Test duration: 5.83 secs
14:29:03 INFO  Test final outcome:  FAILED
14:29:03 INFO  Test outcome reason: Grep on sub_resp.out contains &quot;Ld3KgqpcLDlrYH6sfpG7w&quot;
14:29:03 INFO  
</system-out>
	</testcase>
</testsuite>
