<?xml version="1.0" encoding="utf-8"?>
<testsuite failures="1" name="log_request_num_lines" skipped="0" tests="1" time="54.13" timestamp="2022-05-25T12:41:05">
	<testcase classname="LogRequestVerifyNumberOfLines" name="log_request_num_lines">
		<failure message="BLOCKED: Exception: retry" type="BLOCKED"/>
		<system-out>12:40:11 INFO  ==============================================================
12:40:11 INFO  Id:    log_request_num_lines
12:40:11 INFO  Dir:   log_request_end_to_end/
12:40:11 INFO  Title: Validate end to end behaviour for the log request operation check for number of lines
12:40:11 INFO  ==============================================================
12:40:11 INFO  EnvironmentC8y Setup
12:40:12 INFO  Executed systemctl&lt;serv_mapper1&gt;, exit status 3
12:40:12 INFO  Restarting mosquitto too frequently in the last 10 seconds. It was only up for 5 seconds
12:40:12 INFO  Delaying execution by 6 seconds
12:40:33 INFO  Executed sudo&lt;tedge_connect_c8y&gt;, exit status 0, duration 14 secs
12:40:33 INFO  Executed sudo&lt;tedge_connect_c8y_test&gt;, exit status 0
12:40:34 INFO  Executed systemctl&lt;serv_mosq2&gt;, exit status 0
12:40:34 INFO  Executed systemctl&lt;serv_mapper3&gt;, exit status 0
12:40:35 INFO  Executed sudo&lt;rm_logs&gt;, exit status 0
12:40:35 INFO  Executed sudo&lt;move_logs&gt;, exit status 0
12:40:36 INFO  log response None
12:40:36 WARN  retry, retrying in 1 seconds...
12:40:37 INFO  log response None
12:40:37 WARN  retry, retrying in 1 seconds...
12:40:38 INFO  log response None
12:40:38 WARN  retry, retrying in 1 seconds...
12:40:40 INFO  log response None
12:40:40 WARN  retry, retrying in 1 seconds...
12:40:41 INFO  log response None
12:40:41 WARN  retry, retrying in 1 seconds...
12:40:42 INFO  log response None
12:40:42 WARN  retry, retrying in 1 seconds...
12:40:43 INFO  log response None
12:40:43 WARN  retry, retrying in 1 seconds...
12:40:44 INFO  log response None
12:40:44 WARN  retry, retrying in 1 seconds...
12:40:46 INFO  log response None
12:40:46 WARN  retry, retrying in 1 seconds...
12:40:47 INFO  log response None
12:40:47 WARN  retry, retrying in 1 seconds...
12:40:48 INFO  log response None
12:40:48 WARN  retry, retrying in 1 seconds...
12:40:49 INFO  log response None
12:40:49 WARN  retry, retrying in 1 seconds...
12:40:51 INFO  log response None
12:40:51 WARN  retry, retrying in 1 seconds...
12:40:52 INFO  log response None
12:40:52 WARN  retry, retrying in 1 seconds...
12:40:53 INFO  log response None
12:40:53 WARN  retry, retrying in 1 seconds...
12:40:54 INFO  log response None
12:40:54 WARN  retry, retrying in 1 seconds...
12:40:56 INFO  log response None
12:40:56 WARN  retry, retrying in 1 seconds...
12:40:57 INFO  log response None
12:40:57 WARN  retry, retrying in 1 seconds...
12:40:58 INFO  log response None
12:40:58 WARN  retry, retrying in 1 seconds...
12:40:59 INFO  log response None
12:40:59 WARN  Exception occurred while running test - retry
Traceback (most recent call last):
  File &quot;/home/pi/env-pysys/lib/python3.7/site-packages/pysys/baserunner.py&quot;, line 1296, in __call__
    self.testObj.validate()
  File &quot;/home/pi/actions-runner/_work/thin-edge.io/thin-edge.io/tests/PySys/log_request_end_to_end/log_request_num_lines/run.py&quot;, line 44, in validate
    self.assertThat(&quot;True == value&quot;, value=self.wait_until_logs_retrieved())
  File &quot;/home/pi/env-pysys/lib/python3.7/site-packages/decorator.py&quot;, line 232, in fun
    return caller(func, *(extras + args), **kw)
  File &quot;/home/pi/env-pysys/lib/python3.7/site-packages/retry/api.py&quot;, line 74, in retry_decorator
    logger)
  File &quot;/home/pi/env-pysys/lib/python3.7/site-packages/retry/api.py&quot;, line 33, in __retry_internal
    return f()
  File &quot;/home/pi/actions-runner/_work/thin-edge.io/thin-edge.io/tests/PySys/log_request_end_to_end/log_request_num_lines/run.py&quot;, line 52, in wait_until_logs_retrieved
    raise Exception(&quot;retry&quot;)
Exception: retry
12:40:59 WARN  Exception: retry ... blocked 
12:40:59 INFO  
12:40:59 INFO  cleanup:
12:41:00 INFO  Executed sudo&lt;rm_logs&gt;, exit status 0
12:41:00 INFO  Executed sudo&lt;rm_tmp_logs&gt;, exit status 0
12:41:01 INFO  Executed sudo&lt;send_failed&gt;, exit status 0
12:41:05 INFO  Executed sudo&lt;tedge_disconnect_c8y&gt;, exit status 0
12:41:05 INFO  Executed systemctl&lt;serv_mapper5&gt;, exit status 3
12:41:05 INFO  
12:41:05 INFO  Test duration: 54.13 secs
12:41:05 INFO  Test final outcome:  BLOCKED
12:41:05 INFO  Test outcome reason: Exception: retry
12:41:05 INFO  
</system-out>
	</testcase>
</testsuite>
