<?xml version="1.0" encoding="utf-8"?>
<testsuite failures="0" name="tedge_software_update" skipped="0" tests="1" time="26.31" timestamp="2022-07-21T20:09:43">
	<testcase classname="PySysTest" name="tedge_software_update"/>
</testsuite>
