<?xml version="1.0" encoding="utf-8"?>
<testsuite failures="1" name="call_tedge_-h_-V" skipped="0" tests="1" time="0.74" timestamp="2022-07-21T18:38:13">
	<testcase classname="PySysTest" name="call_tedge_-h_-V">
		<failure message="FAILED: Grep on tedge.out contains &quot;tedge 0.6&quot;" type="FAILED"/>
		<system-out>18:38:13 INFO  ==============================================================
18:38:13 INFO  Id:    call_tedge_-h_-V
18:38:13 INFO  Dir:   tedge/
18:38:13 INFO  Title: Validate command line option -h -V
18:38:13 INFO  ==============================================================
18:38:13 INFO  Executed tedge, exit status 0
18:38:13 WARN  Grep on tedge.out contains &quot;tedge 0.6&quot; ... failed [run.py:32]
18:38:13 INFO  Grep on file tedge.out ... passed
18:38:13 INFO  
18:38:13 INFO  Test duration: 0.74 secs
18:38:13 INFO  Test final outcome:  FAILED
18:38:13 INFO  Test outcome reason: Grep on tedge.out contains &quot;tedge 0.6&quot;
18:38:13 INFO  
</system-out>
	</testcase>
</testsuite>
