<?xml version="1.0" encoding="utf-8"?>
<testsuite failures="0" name="SoftwareManagement.Plugin.apama_plugin_mon_support" skipped="1" tests="1" time="0.02" timestamp="2022-07-21T22:59:25">
	<testcase classname="ApamaPluginMonSupportTest" name="SoftwareManagement.Plugin.apama_plugin_mon_support">
		<skipped message="SKIPPED: Apama plugin tests are disabled by default. Execute `pysys run` with `-XmyPlatform=container` to run these tests"/>
		<system-out>22:59:25 INFO  ==============================================================
22:59:25 INFO  Id:    SoftwareManagement.Plugin.apama_plugin_mon_support
22:59:25 INFO  Dir:   plugin_apama/
22:59:25 INFO  Title: Validate mon file support of apama plugin
22:59:25 INFO  ==============================================================
22:59:25 INFO  Apama plugin tests are disabled by default. Execute `pysys run` with `-XmyPlatform=container` to run these tests ... skipped
22:59:25 WARN  Aborted test due to SKIPPED outcome
22:59:25 INFO  
22:59:25 INFO  Test duration: 0.02 secs
22:59:25 INFO  Test final outcome:  SKIPPED
22:59:25 INFO  Test outcome reason: Apama plugin tests are disabled by default. Execute `pysys run` with `-XmyPlatform=container` to run these tests
22:59:25 INFO  
</system-out>
	</testcase>
</testsuite>
