<?xml version="1.0" encoding="utf-8"?>
<testsuite failures="1" name="local_mqtt_pub_sub" skipped="0" tests="1" time="2.38" timestamp="2022-07-27T09:13:16">
	<testcase classname="PySysTest" name="local_mqtt_pub_sub">
		<failure message="FAILED: Grep on tedge_sub.out contains &quot;\[atopic\] amessage&quot;" type="FAILED"/>
		<system-out>09:13:14 INFO  ==============================================================
09:13:14 INFO  Id:    local_mqtt_pub_sub
09:13:14 INFO  Dir:   local_mqtt/
09:13:14 INFO  Title: Validate local publishing and subscribing
09:13:14 INFO  ==============================================================
09:13:14 INFO  Started tedge_sub with process id 15635
09:13:14 INFO  Started tedge_sub_no_topic with process id 15636
09:13:14 INFO  Executed tedge_pub2, exit status 0
09:13:15 INFO  Executed tedge_pub3, exit status 0
09:13:15 INFO  Executed sudo&lt;kill_out&gt;, exit status 0
09:13:16 INFO  Executed sudo&lt;kill_out&gt;, exit status 0
09:13:16 WARN  Grep on tedge_sub.out contains &quot;\[atopic\] amessage&quot; ... failed [run.py:75]
09:13:16 INFO  Grep on file tedge_sub.out ... passed
09:13:16 INFO  Grep on file tedge_sub_no_topic.out ... passed
09:13:16 INFO  
09:13:16 INFO  Test duration: 2.38 secs
09:13:16 INFO  Test final outcome:  FAILED
09:13:16 INFO  Test outcome reason: Grep on tedge_sub.out contains &quot;\[atopic\] amessage&quot;
09:13:16 INFO  
</system-out>
	</testcase>
</testsuite>
