<?xml version="1.0" encoding="utf-8"?>
<testsuite failures="0" name="call_tedge_config_list" skipped="0" tests="1" time="24.16" timestamp="2022-07-21T18:38:39">
	<testcase classname="PySysTest" name="call_tedge_config_list"/>
</testsuite>
