<?xml version="1.0" encoding="utf-8"?>
<testsuite failures="0" name="SoftwareManagement.Plugin.apama_plugin_update" skipped="1" tests="1" time="0.04" timestamp="2022-07-26T16:16:20">
	<testcase classname="ApamaPluginUpdateTest" name="SoftwareManagement.Plugin.apama_plugin_update">
		<skipped message="SKIPPED: Apama plugin tests are disabled by default. Execute `pysys run` with `-XmyPlatform=container` to run these tests"/>
		<system-out>16:16:19 INFO  ==============================================================
16:16:19 INFO  Id:    SoftwareManagement.Plugin.apama_plugin_update
16:16:19 INFO  Dir:   plugin_apama/
16:16:19 INFO  Title: Validate apama plugin updating one project with another
16:16:19 INFO  ==============================================================
16:16:20 INFO  Apama plugin tests are disabled by default. Execute `pysys run` with `-XmyPlatform=container` to run these tests ... skipped
16:16:20 WARN  Aborted test due to SKIPPED outcome
16:16:20 INFO  
16:16:20 INFO  Test duration: 0.04 secs
16:16:20 INFO  Test final outcome:  SKIPPED
16:16:20 INFO  Test outcome reason: Apama plugin tests are disabled by default. Execute `pysys run` with `-XmyPlatform=container` to run these tests
16:16:20 INFO  
</system-out>
	</testcase>
</testsuite>
