<?xml version="1.0" encoding="utf-8"?>
<testsuite failures="1" name="call_tedge_-h_-V" skipped="0" tests="1" time="0.49" timestamp="2022-07-25T15:12:18">
	<testcase classname="PySysTest" name="call_tedge_-h_-V">
		<failure message="FAILED: Grep on tedge.out contains &quot;tedge 0.6&quot;" type="FAILED"/>
		<system-out>15:12:17 INFO  ==============================================================
15:12:17 INFO  Id:    call_tedge_-h_-V
15:12:17 INFO  Dir:   tedge/
15:12:17 INFO  Title: Validate command line option -h -V
15:12:17 INFO  ==============================================================
15:12:18 INFO  Executed tedge, exit status 0
15:12:18 WARN  Grep on tedge.out contains &quot;tedge 0.6&quot; ... failed [run.py:32]
15:12:18 INFO  Grep on file tedge.out ... passed
15:12:18 INFO  
15:12:18 INFO  Test duration: 0.49 secs
15:12:18 INFO  Test final outcome:  FAILED
15:12:18 INFO  Test outcome reason: Grep on tedge.out contains &quot;tedge 0.6&quot;
15:12:18 INFO  
</system-out>
	</testcase>
</testsuite>
