<?xml version="1.0" encoding="utf-8"?>
<testsuite failures="0" name="apt_install_local_file_with_version_fail" skipped="1" tests="1" time="0.02" timestamp="2022-07-21T18:28:30">
	<testcase classname="AptPluginInstallFromLocalFileWithVersionFail" name="apt_install_local_file_with_version_fail">
		<skipped message="SKIPPED: Testing the apt plugin is not supported on this platform.To run the tests call PySys with -XmyPlatform='container'"/>
		<system-out>18:28:30 INFO  ==============================================================
18:28:30 INFO  Id:    apt_install_local_file_with_version_fail
18:28:30 INFO  Dir:   plugin_apt/
18:28:30 INFO  Title: Validate apt plugin install from local file AND with a version - FAIL case
18:28:30 INFO  ==============================================================
18:28:30 INFO  Testing the apt plugin is not supported on this platform.To run the tests call PySys with -XmyPlatform='container' ... skipped
18:28:30 WARN  Aborted test due to SKIPPED outcome
18:28:30 INFO  
18:28:30 INFO  Test duration: 0.02 secs
18:28:30 INFO  Test final outcome:  SKIPPED
18:28:30 INFO  Test outcome reason: Testing the apt plugin is not supported on this platform.To run the tests call PySys with -XmyPlatform='container'
18:28:30 INFO  
</system-out>
	</testcase>
</testsuite>
