<?xml version="1.0" encoding="utf-8"?>
<testsuite failures="0" name="SoftwareManagement.Plugin.apama_plugin_mon_support" skipped="1" tests="1" time="0.02" timestamp="2022-07-21T21:29:33">
	<testcase classname="ApamaPluginMonSupportTest" name="SoftwareManagement.Plugin.apama_plugin_mon_support">
		<skipped message="SKIPPED: Apama plugin tests are disabled by default. Execute `pysys run` with `-XmyPlatform=container` to run these tests"/>
		<system-out>21:29:33 INFO  ==============================================================
21:29:33 INFO  Id:    SoftwareManagement.Plugin.apama_plugin_mon_support
21:29:33 INFO  Dir:   plugin_apama/
21:29:33 INFO  Title: Validate mon file support of apama plugin
21:29:33 INFO  ==============================================================
21:29:33 INFO  Apama plugin tests are disabled by default. Execute `pysys run` with `-XmyPlatform=container` to run these tests ... skipped
21:29:33 WARN  Aborted test due to SKIPPED outcome
21:29:33 INFO  
21:29:33 INFO  Test duration: 0.02 secs
21:29:33 INFO  Test final outcome:  SKIPPED
21:29:33 INFO  Test outcome reason: Apama plugin tests are disabled by default. Execute `pysys run` with `-XmyPlatform=container` to run these tests
21:29:33 INFO  
</system-out>
	</testcase>
</testsuite>
