<?xml version="1.0" encoding="utf-8"?>
<testsuite failures="0" name="apt_install_local_file_with_version" skipped="1" tests="1" time="0.02" timestamp="2022-07-27T09:16:05">
	<testcase classname="AptPluginInstallFromLocalFileWithVersion" name="apt_install_local_file_with_version">
		<skipped message="SKIPPED: Testing the apt plugin is not supported on this platform.To run the tests call PySys with -XmyPlatform='container'"/>
		<system-out>09:16:05 INFO  ==============================================================
09:16:05 INFO  Id:    apt_install_local_file_with_version
09:16:05 INFO  Dir:   plugin_apt/
09:16:05 INFO  Title: Validate apt plugin install from local file AND with a version - SUCCESS case
09:16:05 INFO  ==============================================================
09:16:05 INFO  Testing the apt plugin is not supported on this platform.To run the tests call PySys with -XmyPlatform='container' ... skipped
09:16:05 WARN  Aborted test due to SKIPPED outcome
09:16:05 INFO  
09:16:05 INFO  Test duration: 0.02 secs
09:16:05 INFO  Test final outcome:  SKIPPED
09:16:05 INFO  Test outcome reason: Testing the apt plugin is not supported on this platform.To run the tests call PySys with -XmyPlatform='container'
09:16:05 INFO  
</system-out>
	</testcase>
</testsuite>
