<?xml version="1.0" encoding="utf-8"?>
<testsuite failures="1" name="call_tedge_-h_-V" skipped="0" tests="1" time="0.49" timestamp="2022-07-22T02:11:49">
	<testcase classname="PySysTest" name="call_tedge_-h_-V">
		<failure message="FAILED: Grep on tedge.out contains &quot;tedge 0.6&quot;" type="FAILED"/>
		<system-out>02:11:48 INFO  ==============================================================
02:11:48 INFO  Id:    call_tedge_-h_-V
02:11:48 INFO  Dir:   tedge/
02:11:48 INFO  Title: Validate command line option -h -V
02:11:48 INFO  ==============================================================
02:11:48 INFO  Executed tedge, exit status 0
02:11:48 WARN  Grep on tedge.out contains &quot;tedge 0.6&quot; ... failed [run.py:32]
02:11:48 INFO  Grep on file tedge.out ... passed
02:11:48 INFO  
02:11:48 INFO  Test duration: 0.49 secs
02:11:48 INFO  Test final outcome:  FAILED
02:11:48 INFO  Test outcome reason: Grep on tedge.out contains &quot;tedge 0.6&quot;
02:11:48 INFO  
</system-out>
	</testcase>
</testsuite>
