<?xml version="1.0" encoding="utf-8"?>
<testsuite failures="0" name="docker_plugin_install" skipped="1" tests="1" time="0.02" timestamp="2022-07-22T00:32:24">
	<testcase classname="DockerPluginInstallTest" name="docker_plugin_install">
		<skipped message="SKIPPED: Testing the docker plugin is not supported on this platform.To run it, all the test with -XmyPlatform='container'"/>
		<system-out>00:32:24 INFO  ==============================================================
00:32:24 INFO  Id:    docker_plugin_install
00:32:24 INFO  Dir:   plugin_docker/
00:32:24 INFO  Title: Validate docker plugin install
00:32:24 INFO  ==============================================================
00:32:24 INFO  Testing the docker plugin is not supported on this platform.To run it, all the test with -XmyPlatform='container' ... skipped
00:32:24 WARN  Aborted test due to SKIPPED outcome
00:32:24 INFO  
00:32:24 INFO  Test duration: 0.02 secs
00:32:24 INFO  Test final outcome:  SKIPPED
00:32:24 INFO  Test outcome reason: Testing the docker plugin is not supported on this platform.To run it, all the test with -XmyPlatform='container'
00:32:24 INFO  
</system-out>
	</testcase>
</testsuite>
