<?xml version="1.0" encoding="utf-8"?>
<testsuite failures="0" name="mqtt_port_change_connection_works" skipped="1" tests="1" time="0.02" timestamp="2022-07-22T02:01:27">
	<testcase classname="MqttPortChangeConnectionWorks" name="mqtt_port_change_connection_works">
		<skipped message="SKIPPED: failing intermitently"/>
		<system-out>02:01:27 INFO  ==============================================================
02:01:27 INFO  Id:    mqtt_port_change_connection_works
02:01:27 INFO  Dir:   misc_features/
02:01:27 INFO  Title: mqtt port change connection works for all the thin-edge services that use the mosquitto broker
02:01:27 INFO  ==============================================================
02:01:27 INFO  failing intermitently ... skipped
02:01:27 INFO  
02:01:27 INFO  Test duration: 0.02 secs
02:01:27 INFO  Test final outcome:  SKIPPED
02:01:27 INFO  Test outcome reason: failing intermitently
02:01:27 INFO  
</system-out>
	</testcase>
</testsuite>
