<?xml version="1.0" encoding="utf-8"?>
<testsuite failures="0" name="apt_install_local_file_with_version" skipped="1" tests="1" time="0.02" timestamp="2022-07-16T17:16:15">
	<testcase classname="AptPluginInstallFromLocalFileWithVersion" name="apt_install_local_file_with_version">
		<skipped message="SKIPPED: Testing the apt plugin is not supported on this platform.To run the tests call PySys with -XmyPlatform='container'"/>
		<system-out>17:16:15 INFO  ==============================================================
17:16:15 INFO  Id:    apt_install_local_file_with_version
17:16:15 INFO  Dir:   plugin_apt/
17:16:15 INFO  Title: Validate apt plugin install from local file AND with a version - SUCCESS case
17:16:15 INFO  ==============================================================
17:16:15 INFO  Testing the apt plugin is not supported on this platform.To run the tests call PySys with -XmyPlatform='container' ... skipped
17:16:15 WARN  Aborted test due to SKIPPED outcome
17:16:15 INFO  
17:16:15 INFO  Test duration: 0.02 secs
17:16:15 INFO  Test final outcome:  SKIPPED
17:16:15 INFO  Test outcome reason: Testing the apt plugin is not supported on this platform.To run the tests call PySys with -XmyPlatform='container'
17:16:15 INFO  
</system-out>
	</testcase>
</testsuite>
