<?xml version="1.0" encoding="utf-8"?>
<testsuite failures="0" name="tedge_software_update" skipped="0" tests="1" time="30.57" timestamp="2022-06-22T14:04:27">
	<testcase classname="PySysTest" name="tedge_software_update"/>
</testsuite>
