<?xml version="1.0" encoding="utf-8"?>
<testsuite failures="0" name="smoketest_json" skipped="0" tests="1" time="46.06" timestamp="2022-06-17T08:39:53">
	<testcase classname="SmokeTestJson" name="smoketest_json"/>
</testsuite>
