<?xml version="1.0" encoding="utf-8"?>
<testsuite failures="0" name="apt_remove_fail" skipped="1" tests="1" time="0.02" timestamp="2022-07-21T21:29:37">
	<testcase classname="AptPluginRemoveFails" name="apt_remove_fail">
		<skipped message="SKIPPED: Testing the apt plugin is not supported on this platform.To run the tests call PySys with -XmyPlatform='container'"/>
		<system-out>21:29:37 INFO  ==============================================================
21:29:37 INFO  Id:    apt_remove_fail
21:29:37 INFO  Dir:   plugin_apt/
21:29:37 INFO  Title: Validate apt plugin prepare - failing
21:29:37 INFO  ==============================================================
21:29:37 INFO  Testing the apt plugin is not supported on this platform.To run the tests call PySys with -XmyPlatform='container' ... skipped
21:29:37 WARN  Aborted test due to SKIPPED outcome
21:29:37 INFO  
21:29:37 INFO  Test duration: 0.02 secs
21:29:37 INFO  Test final outcome:  SKIPPED
21:29:37 INFO  Test outcome reason: Testing the apt plugin is not supported on this platform.To run the tests call PySys with -XmyPlatform='container'
21:29:37 INFO  
</system-out>
	</testcase>
</testsuite>
