<?xml version="1.0" encoding="utf-8"?>
<testsuite failures="0" name="apt_install_local_file_with_version_fail" skipped="1" tests="1" time="0.02" timestamp="2022-07-22T00:32:20">
	<testcase classname="AptPluginInstallFromLocalFileWithVersionFail" name="apt_install_local_file_with_version_fail">
		<skipped message="SKIPPED: Testing the apt plugin is not supported on this platform.To run the tests call PySys with -XmyPlatform='container'"/>
		<system-out>00:32:20 INFO  ==============================================================
00:32:20 INFO  Id:    apt_install_local_file_with_version_fail
00:32:20 INFO  Dir:   plugin_apt/
00:32:20 INFO  Title: Validate apt plugin install from local file AND with a version - FAIL case
00:32:20 INFO  ==============================================================
00:32:20 INFO  Testing the apt plugin is not supported on this platform.To run the tests call PySys with -XmyPlatform='container' ... skipped
00:32:20 WARN  Aborted test due to SKIPPED outcome
00:32:20 INFO  
00:32:20 INFO  Test duration: 0.02 secs
00:32:20 INFO  Test final outcome:  SKIPPED
00:32:20 INFO  Test outcome reason: Testing the apt plugin is not supported on this platform.To run the tests call PySys with -XmyPlatform='container'
00:32:20 INFO  
</system-out>
	</testcase>
</testsuite>
