<?xml version="1.0" encoding="utf-8"?>
<testsuite failures="0" name="monitoring_with_collectd" skipped="1" tests="1" time="0.03" timestamp="2022-06-22T09:43:29">
	<testcase classname="MonitoringWithCollectd" name="monitoring_with_collectd">
		<skipped message="SKIPPED: Test execution disabled due to #792 (instable)"/>
		<system-out>09:43:29 INFO  ==============================================================
09:43:29 INFO  Id:    monitoring_with_collectd
09:43:29 INFO  Dir:   monitoring/
09:43:29 INFO  Title: Validate tedge dm agent messages that are produced by batching the collectd messages
09:43:29 INFO  ==============================================================
09:43:29 INFO  Test execution disabled due to #792 (instable) ... skipped
09:43:29 INFO  
09:43:29 INFO  Test duration: 0.03 secs
09:43:29 INFO  Test final outcome:  SKIPPED
09:43:29 INFO  Test outcome reason: Test execution disabled due to #792 (instable)
09:43:29 INFO  
</system-out>
	</testcase>
</testsuite>
