<?xml version="1.0" encoding="utf-8"?>
<testsuite failures="1" name="log_request_num_lines" skipped="0" tests="1" time="54.64" timestamp="2022-05-24T15:35:59">
	<testcase classname="LogRequestVerifyNumberOfLines" name="log_request_num_lines">
		<failure message="BLOCKED: Exception: retry" type="BLOCKED"/>
		<system-out>15:35:04 INFO  ==============================================================
15:35:04 INFO  Id:    log_request_num_lines
15:35:04 INFO  Dir:   log_request_end_to_end/
15:35:04 INFO  Title: Validate end to end behaviour for the log request operation check for number of lines
15:35:04 INFO  ==============================================================
15:35:04 INFO  EnvironmentC8y Setup
15:35:05 INFO  Executed systemctl&lt;serv_mapper1&gt;, exit status 3
15:35:05 INFO  Restarting mosquitto too frequently in the last 10 seconds. It was only up for 4 seconds
15:35:05 INFO  Delaying execution by 7 seconds
15:35:26 INFO  Executed sudo&lt;tedge_connect_c8y&gt;, exit status 0, duration 14 secs
15:35:27 INFO  Executed sudo&lt;tedge_connect_c8y_test&gt;, exit status 0
15:35:27 INFO  Executed systemctl&lt;serv_mosq2&gt;, exit status 0
15:35:28 INFO  Executed systemctl&lt;serv_mapper3&gt;, exit status 0
15:35:28 INFO  Executed sudo&lt;rm_logs&gt;, exit status 0
15:35:29 INFO  Executed sudo&lt;move_logs&gt;, exit status 0
15:35:29 INFO  log response None
15:35:29 WARN  retry, retrying in 1 seconds...
15:35:31 INFO  log response None
15:35:31 WARN  retry, retrying in 1 seconds...
15:35:32 INFO  log response None
15:35:32 WARN  retry, retrying in 1 seconds...
15:35:33 INFO  log response None
15:35:33 WARN  retry, retrying in 1 seconds...
15:35:34 INFO  log response None
15:35:34 WARN  retry, retrying in 1 seconds...
15:35:35 INFO  log response None
15:35:35 WARN  retry, retrying in 1 seconds...
15:35:37 INFO  log response None
15:35:37 WARN  retry, retrying in 1 seconds...
15:35:38 INFO  log response None
15:35:38 WARN  retry, retrying in 1 seconds...
15:35:39 INFO  log response None
15:35:39 WARN  retry, retrying in 1 seconds...
15:35:40 INFO  log response None
15:35:40 WARN  retry, retrying in 1 seconds...
15:35:42 INFO  log response None
15:35:42 WARN  retry, retrying in 1 seconds...
15:35:43 INFO  log response None
15:35:43 WARN  retry, retrying in 1 seconds...
15:35:44 INFO  log response None
15:35:44 WARN  retry, retrying in 1 seconds...
15:35:45 INFO  log response None
15:35:45 WARN  retry, retrying in 1 seconds...
15:35:47 INFO  log response None
15:35:47 WARN  retry, retrying in 1 seconds...
15:35:48 INFO  log response None
15:35:48 WARN  retry, retrying in 1 seconds...
15:35:49 INFO  log response None
15:35:49 WARN  retry, retrying in 1 seconds...
15:35:50 INFO  log response None
15:35:50 WARN  retry, retrying in 1 seconds...
15:35:51 INFO  log response None
15:35:51 WARN  retry, retrying in 1 seconds...
15:35:53 INFO  log response None
15:35:53 WARN  Exception occurred while running test - retry
Traceback (most recent call last):
  File &quot;/home/pi/env-pysys/lib/python3.7/site-packages/pysys/baserunner.py&quot;, line 1296, in __call__
    self.testObj.validate()
  File &quot;/home/pi/actions-runner/_work/thin-edge.io/thin-edge.io/tests/PySys/log_request_end_to_end/log_request_num_lines/run.py&quot;, line 44, in validate
    self.assertThat(&quot;True == value&quot;, value=self.wait_until_logs_retrieved())
  File &quot;/home/pi/env-pysys/lib/python3.7/site-packages/decorator.py&quot;, line 232, in fun
    return caller(func, *(extras + args), **kw)
  File &quot;/home/pi/env-pysys/lib/python3.7/site-packages/retry/api.py&quot;, line 74, in retry_decorator
    logger)
  File &quot;/home/pi/env-pysys/lib/python3.7/site-packages/retry/api.py&quot;, line 33, in __retry_internal
    return f()
  File &quot;/home/pi/actions-runner/_work/thin-edge.io/thin-edge.io/tests/PySys/log_request_end_to_end/log_request_num_lines/run.py&quot;, line 52, in wait_until_logs_retrieved
    raise Exception(&quot;retry&quot;)
Exception: retry
15:35:53 WARN  Exception: retry ... blocked 
15:35:53 INFO  
15:35:53 INFO  cleanup:
15:35:53 INFO  Executed sudo&lt;rm_logs&gt;, exit status 0
15:35:54 INFO  Executed sudo&lt;rm_tmp_logs&gt;, exit status 0
15:35:54 INFO  Executed sudo&lt;send_failed&gt;, exit status 0
15:35:58 INFO  Executed sudo&lt;tedge_disconnect_c8y&gt;, exit status 0
15:35:59 INFO  Executed systemctl&lt;serv_mapper5&gt;, exit status 3
15:35:59 INFO  
15:35:59 INFO  Test duration: 54.64 secs
15:35:59 INFO  Test final outcome:  BLOCKED
15:35:59 INFO  Test outcome reason: Exception: retry
15:35:59 INFO  
</system-out>
	</testcase>
</testsuite>
