<?xml version="1.0" encoding="utf-8"?>
<testsuite failures="0" name="apt_wrong_option" skipped="1" tests="1" time="0.02" timestamp="2022-07-21T21:29:38">
	<testcase classname="AptPluginWrongOption" name="apt_wrong_option">
		<skipped message="SKIPPED: Testing the apt plugin is not supported on this platform.To run the tests call PySys with -XmyPlatform='container'"/>
		<system-out>21:29:38 INFO  ==============================================================
21:29:38 INFO  Id:    apt_wrong_option
21:29:38 INFO  Dir:   plugin_apt/
21:29:38 INFO  Title: Validate apt plugin install
21:29:38 INFO  ==============================================================
21:29:38 INFO  Testing the apt plugin is not supported on this platform.To run the tests call PySys with -XmyPlatform='container' ... skipped
21:29:38 WARN  Aborted test due to SKIPPED outcome
21:29:38 INFO  
21:29:38 INFO  Test duration: 0.02 secs
21:29:38 INFO  Test final outcome:  SKIPPED
21:29:38 INFO  Test outcome reason: Testing the apt plugin is not supported on this platform.To run the tests call PySys with -XmyPlatform='container'
21:29:38 INFO  
</system-out>
	</testcase>
</testsuite>
