<?xml version="1.0" encoding="utf-8"?>
<testsuite failures="0" name="smoketest_smartrest" skipped="0" tests="1" time="49.73" timestamp="2022-07-18T15:56:25">
	<testcase classname="SmoketestSmartRest" name="smoketest_smartrest"/>
</testsuite>
