<?xml version="1.0" encoding="utf-8"?>
<testsuite failures="0" name="mqtt_port_change_connection_works" skipped="1" tests="1" time="0.02" timestamp="2022-07-18T13:58:14">
	<testcase classname="MqttPortChangeConnectionWorks" name="mqtt_port_change_connection_works">
		<skipped message="SKIPPED: failing intermitently"/>
		<system-out>13:58:14 INFO  ==============================================================
13:58:14 INFO  Id:    mqtt_port_change_connection_works
13:58:14 INFO  Dir:   misc_features/
13:58:14 INFO  Title: mqtt port change connection works for all the thin-edge services that use the mosquitto broker
13:58:14 INFO  ==============================================================
13:58:14 INFO  failing intermitently ... skipped
13:58:14 INFO  
13:58:14 INFO  Test duration: 0.02 secs
13:58:14 INFO  Test final outcome:  SKIPPED
13:58:14 INFO  Test outcome reason: failing intermitently
13:58:14 INFO  
</system-out>
	</testcase>
</testsuite>
