<?xml version="1.0" encoding="utf-8"?>
<testsuite failures="0" name="tedge_agent_user_sudo_access" skipped="1" tests="1" time="0.02" timestamp="2022-07-22T02:12:13">
	<testcase classname="TedgeAgentUserSudoAccess" name="tedge_agent_user_sudo_access">
		<skipped message="SKIPPED: #955 Observation: Exit code of the apt plugin when called with no arguments"/>
		<system-out>02:12:13 INFO  ==============================================================
02:12:13 INFO  Id:    tedge_agent_user_sudo_access
02:12:13 INFO  Dir:   tedge/
02:12:13 INFO  Title: Validate tedge-agent user has a limited sudo right
02:12:13 INFO  ==============================================================
02:12:13 INFO  #955 Observation: Exit code of the apt plugin when called with no arguments ... skipped
02:12:13 INFO  
02:12:13 INFO  Test duration: 0.02 secs
02:12:13 INFO  Test final outcome:  SKIPPED
02:12:13 INFO  Test outcome reason: #955 Observation: Exit code of the apt plugin when called with no arguments
02:12:13 INFO  
</system-out>
	</testcase>
</testsuite>
