<?xml version="1.0" encoding="utf-8"?>
<testsuite failures="0" name="smoketest_json" skipped="0" tests="1" time="46.53" timestamp="2022-06-16T14:10:47">
	<testcase classname="SmokeTestJson" name="smoketest_json"/>
</testsuite>
