<?xml version="1.0" encoding="utf-8"?>
<testsuite failures="0" name="SoftwareManagement.Plugin.apama_plugin_update" skipped="1" tests="1" time="0.03" timestamp="2022-05-20T13:21:24">
	<testcase classname="ApamaPluginUpdateTest" name="SoftwareManagement.Plugin.apama_plugin_update">
		<skipped message="SKIPPED: Apama plugin tests are disabled by default. Execute `pysys run` with `-XmyPlatform=container` to run these tests"/>
		<system-out>13:21:24 INFO  ==============================================================
13:21:24 INFO  Id:    SoftwareManagement.Plugin.apama_plugin_update
13:21:24 INFO  Dir:   plugin_apama/
13:21:24 INFO  Title: Validate apama plugin updating one project with another
13:21:24 INFO  ==============================================================
13:21:24 INFO  Apama plugin tests are disabled by default. Execute `pysys run` with `-XmyPlatform=container` to run these tests ... skipped
13:21:24 WARN  Aborted test due to SKIPPED outcome
13:21:24 INFO  
13:21:24 INFO  Test duration: 0.03 secs
13:21:24 INFO  Test final outcome:  SKIPPED
13:21:24 INFO  Test outcome reason: Apama plugin tests are disabled by default. Execute `pysys run` with `-XmyPlatform=container` to run these tests
13:21:24 INFO  
</system-out>
	</testcase>
</testsuite>
