<?xml version="1.0" encoding="utf-8"?>
<testsuite failures="0" name="SoftwareManagement.sm_apt_install_remove_with_version" skipped="1" tests="1" time="0.02" timestamp="2022-07-21T21:39:14">
	<testcase classname="PySysTest" name="SoftwareManagement.sm_apt_install_remove_with_version">
		<skipped message="SKIPPED: Testing the apt plugin is not supported on this platform.Use parameter -XmyPlatform='container' to enable it"/>
		<system-out>21:39:14 INFO  ==============================================================
21:39:14 INFO  Id:    SoftwareManagement.sm_apt_install_remove_with_version
21:39:14 INFO  Dir:   software_management_end_to_end/
21:39:14 INFO  Title: Validate end to end behaviour for the apt plugin for packages with version
21:39:14 INFO  ==============================================================
21:39:14 INFO  Testing the apt plugin is not supported on this platform.Use parameter -XmyPlatform='container' to enable it ... skipped
21:39:14 WARN  Aborted test due to SKIPPED outcome
21:39:14 INFO  
21:39:14 INFO  Test duration: 0.02 secs
21:39:14 INFO  Test final outcome:  SKIPPED
21:39:14 INFO  Test outcome reason: Testing the apt plugin is not supported on this platform.Use parameter -XmyPlatform='container' to enable it
21:39:14 INFO  
</system-out>
	</testcase>
</testsuite>
