<?xml version="1.0" encoding="utf-8"?>
<testsuite failures="0" name="local_mqtt_pub_sub" skipped="0" tests="1" time="2.1" timestamp="2022-07-26T07:14:43">
	<testcase classname="PySysTest" name="local_mqtt_pub_sub"/>
</testsuite>
