<?xml version="1.0" encoding="utf-8"?>
<testsuite failures="0" name="smoketest_smartrest" skipped="0" tests="1" time="48.58" timestamp="2022-07-25T13:38:50">
	<testcase classname="SmoketestSmartRest" name="smoketest_smartrest"/>
</testsuite>
