<?xml version="1.0" encoding="utf-8"?>
<testsuite failures="0" name="local_mqtt_pub_sub" skipped="0" tests="1" time="2.17" timestamp="2022-07-20T12:50:12">
	<testcase classname="PySysTest" name="local_mqtt_pub_sub"/>
</testsuite>
