<?xml version="1.0" encoding="utf-8"?>
<testsuite failures="0" name="apt_remove_fail" skipped="1" tests="1" time="0.02" timestamp="2022-06-17T08:36:35">
	<testcase classname="AptPluginRemoveFails" name="apt_remove_fail">
		<skipped message="SKIPPED: Testing the apt plugin is not supported on this platform.To run the tests call PySys with -XmyPlatform='container'"/>
		<system-out>08:36:35 INFO  ==============================================================
08:36:35 INFO  Id:    apt_remove_fail
08:36:35 INFO  Dir:   plugin_apt/
08:36:35 INFO  Title: Validate apt plugin prepare - failing
08:36:35 INFO  ==============================================================
08:36:35 INFO  Testing the apt plugin is not supported on this platform.To run the tests call PySys with -XmyPlatform='container' ... skipped
08:36:35 WARN  Aborted test due to SKIPPED outcome
08:36:35 INFO  
08:36:35 INFO  Test duration: 0.02 secs
08:36:35 INFO  Test final outcome:  SKIPPED
08:36:35 INFO  Test outcome reason: Testing the apt plugin is not supported on this platform.To run the tests call PySys with -XmyPlatform='container'
08:36:35 INFO  
</system-out>
	</testcase>
</testsuite>
