<?xml version="1.0" encoding="utf-8"?>
<testsuite failures="0" name="SoftwareManagement.sm_fake_install_remove_multiple" skipped="1" tests="1" time="0.03" timestamp="2022-05-24T10:53:14">
	<testcase classname="PySysTest" name="SoftwareManagement.sm_fake_install_remove_multiple">
		<skipped message="SKIPPED: Testing the fake plugin is not enabled.Use parameter -Xfakeplugin=fakeplugin to enable it"/>
		<system-out>10:53:13 INFO  ==============================================================
10:53:13 INFO  Id:    SoftwareManagement.sm_fake_install_remove_multiple
10:53:13 INFO  Dir:   software_management_end_to_end/
10:53:13 INFO  Title: Validate end to end behaviour for the dummy-plugin for multiple packages
10:53:13 INFO  ==============================================================
10:53:13 INFO  Testing the fake plugin is not enabled.Use parameter -Xfakeplugin=fakeplugin to enable it ... skipped
10:53:13 WARN  Aborted test due to SKIPPED outcome
10:53:14 INFO  
10:53:14 INFO  Test duration: 0.03 secs
10:53:14 INFO  Test final outcome:  SKIPPED
10:53:14 INFO  Test outcome reason: Testing the fake plugin is not enabled.Use parameter -Xfakeplugin=fakeplugin to enable it
10:53:14 INFO  
</system-out>
	</testcase>
</testsuite>
