<?xml version="1.0" encoding="utf-8"?>
<testsuite failures="1" name="call_tedge_-h_-V" skipped="0" tests="1" time="0.49" timestamp="2022-07-21T23:09:03">
	<testcase classname="PySysTest" name="call_tedge_-h_-V">
		<failure message="FAILED: Grep on tedge.out contains &quot;tedge 0.6&quot;" type="FAILED"/>
		<system-out>23:09:02 INFO  ==============================================================
23:09:02 INFO  Id:    call_tedge_-h_-V
23:09:02 INFO  Dir:   tedge/
23:09:02 INFO  Title: Validate command line option -h -V
23:09:02 INFO  ==============================================================
23:09:03 INFO  Executed tedge, exit status 0
23:09:03 WARN  Grep on tedge.out contains &quot;tedge 0.6&quot; ... failed [run.py:32]
23:09:03 INFO  Grep on file tedge.out ... passed
23:09:03 INFO  
23:09:03 INFO  Test duration: 0.49 secs
23:09:03 INFO  Test final outcome:  FAILED
23:09:03 INFO  Test outcome reason: Grep on tedge.out contains &quot;tedge 0.6&quot;
23:09:03 INFO  
</system-out>
	</testcase>
</testsuite>
