<?xml version="1.0" encoding="utf-8"?>
<testsuite failures="1" name="log_request_num_lines" skipped="0" tests="1" time="53.0" timestamp="2022-05-23T14:56:08">
	<testcase classname="LogRequestVerifyNumberOfLines" name="log_request_num_lines">
		<failure message="BLOCKED: Exception: retry" type="BLOCKED"/>
		<system-out>14:55:15 INFO  ==============================================================
14:55:15 INFO  Id:    log_request_num_lines
14:55:15 INFO  Dir:   log_request_end_to_end/
14:55:15 INFO  Title: Validate end to end behaviour for the log request operation check for number of lines
14:55:15 INFO  ==============================================================
14:55:15 INFO  EnvironmentC8y Setup
14:55:15 INFO  Executed systemctl&lt;serv_mapper1&gt;, exit status 3
14:55:15 INFO  Restarting mosquitto too frequently in the last 10 seconds. It was only up for 5 seconds
14:55:15 INFO  Delaying execution by 6 seconds
14:55:36 INFO  Executed sudo&lt;tedge_connect_c8y&gt;, exit status 0, duration 14 secs
14:55:36 INFO  Executed sudo&lt;tedge_connect_c8y_test&gt;, exit status 0
14:55:37 INFO  Executed systemctl&lt;serv_mosq2&gt;, exit status 0
14:55:37 INFO  Executed systemctl&lt;serv_mapper3&gt;, exit status 0
14:55:38 INFO  Executed sudo&lt;rm_logs&gt;, exit status 0
14:55:38 INFO  Executed sudo&lt;move_logs&gt;, exit status 0
14:55:39 INFO  log response None
14:55:39 WARN  retry, retrying in 1 seconds...
14:55:40 INFO  log response None
14:55:40 WARN  retry, retrying in 1 seconds...
14:55:41 INFO  log response None
14:55:41 WARN  retry, retrying in 1 seconds...
14:55:42 INFO  log response None
14:55:42 WARN  retry, retrying in 1 seconds...
14:55:44 INFO  log response None
14:55:44 WARN  retry, retrying in 1 seconds...
14:55:45 INFO  log response None
14:55:45 WARN  retry, retrying in 1 seconds...
14:55:46 INFO  log response None
14:55:46 WARN  retry, retrying in 1 seconds...
14:55:47 INFO  log response None
14:55:47 WARN  retry, retrying in 1 seconds...
14:55:48 INFO  log response None
14:55:48 WARN  retry, retrying in 1 seconds...
14:55:50 INFO  log response None
14:55:50 WARN  retry, retrying in 1 seconds...
14:55:51 INFO  log response None
14:55:51 WARN  retry, retrying in 1 seconds...
14:55:52 INFO  log response None
14:55:52 WARN  retry, retrying in 1 seconds...
14:55:53 INFO  log response None
14:55:53 WARN  retry, retrying in 1 seconds...
14:55:54 INFO  log response None
14:55:54 WARN  retry, retrying in 1 seconds...
14:55:56 INFO  log response None
14:55:56 WARN  retry, retrying in 1 seconds...
14:55:57 INFO  log response None
14:55:57 WARN  retry, retrying in 1 seconds...
14:55:58 INFO  log response None
14:55:58 WARN  retry, retrying in 1 seconds...
14:55:59 INFO  log response None
14:55:59 WARN  retry, retrying in 1 seconds...
14:56:00 INFO  log response None
14:56:00 WARN  retry, retrying in 1 seconds...
14:56:02 INFO  log response None
14:56:02 WARN  Exception occurred while running test - retry
Traceback (most recent call last):
  File &quot;/home/pi/env-pysys/lib/python3.7/site-packages/pysys/baserunner.py&quot;, line 1296, in __call__
    self.testObj.validate()
  File &quot;/home/pi/actions-runner/_work/thin-edge.io/thin-edge.io/tests/PySys/log_request_end_to_end/log_request_num_lines/run.py&quot;, line 44, in validate
    self.assertThat(&quot;True == value&quot;, value=self.wait_until_logs_retrieved())
  File &quot;/home/pi/env-pysys/lib/python3.7/site-packages/decorator.py&quot;, line 232, in fun
    return caller(func, *(extras + args), **kw)
  File &quot;/home/pi/env-pysys/lib/python3.7/site-packages/retry/api.py&quot;, line 74, in retry_decorator
    logger)
  File &quot;/home/pi/env-pysys/lib/python3.7/site-packages/retry/api.py&quot;, line 33, in __retry_internal
    return f()
  File &quot;/home/pi/actions-runner/_work/thin-edge.io/thin-edge.io/tests/PySys/log_request_end_to_end/log_request_num_lines/run.py&quot;, line 52, in wait_until_logs_retrieved
    raise Exception(&quot;retry&quot;)
Exception: retry
14:56:02 WARN  Exception: retry ... blocked 
14:56:02 INFO  
14:56:02 INFO  cleanup:
14:56:02 INFO  Executed sudo&lt;rm_logs&gt;, exit status 0
14:56:03 INFO  Executed sudo&lt;rm_tmp_logs&gt;, exit status 0
14:56:03 INFO  Executed sudo&lt;send_failed&gt;, exit status 0
14:56:07 INFO  Executed sudo&lt;tedge_disconnect_c8y&gt;, exit status 0
14:56:08 INFO  Executed systemctl&lt;serv_mapper5&gt;, exit status 3
14:56:08 INFO  
14:56:08 INFO  Test duration: 53.00 secs
14:56:08 INFO  Test final outcome:  BLOCKED
14:56:08 INFO  Test outcome reason: Exception: retry
14:56:08 INFO  
</system-out>
	</testcase>
</testsuite>
