<?xml version="1.0" encoding="utf-8"?>
<testsuite failures="0" name="SoftwareManagement.sm_mapper_fail_and_reconnect" skipped="1" tests="1" time="0.02" timestamp="2022-05-23T19:17:35">
	<testcase classname="MapperC8yReceiveLastMessageOnRestart" name="SoftwareManagement.sm_mapper_fail_and_reconnect">
		<skipped message="SKIPPED: instable https://github.com/thin-edge/thin-edge.io/issues/752"/>
		<system-out>19:17:35 INFO  ==============================================================
19:17:35 INFO  Id:    SoftwareManagement.sm_mapper_fail_and_reconnect
19:17:35 INFO  Dir:   software_management_end_to_end/
19:17:35 INFO  Title: Validate the tedge-mapper-sm-c8y for receiving the last message on restart
19:17:35 INFO  ==============================================================
19:17:35 INFO  instable https://github.com/thin-edge/thin-edge.io/issues/752 ... skipped
19:17:35 INFO  
19:17:35 INFO  Test duration: 0.02 secs
19:17:35 INFO  Test final outcome:  SKIPPED
19:17:35 INFO  Test outcome reason: instable https://github.com/thin-edge/thin-edge.io/issues/752
19:17:35 INFO  
</system-out>
	</testcase>
</testsuite>
