<?xml version="1.0" encoding="utf-8"?>
<testsuite failures="0" name="smoketest_smartrest" skipped="0" tests="1" time="49.54" timestamp="2022-07-21T20:05:18">
	<testcase classname="SmoketestSmartRest" name="smoketest_smartrest"/>
</testsuite>
