<?xml version="1.0" encoding="utf-8"?>
<testsuite failures="1" name="agent_init_session" skipped="0" tests="1" time="5.84" timestamp="2022-07-22T09:32:25">
	<testcase classname="AgentInitSession" name="agent_init_session">
		<failure message="FAILED: Grep on sub_resp.out contains &quot;Ld3KgqpcLDlrYH6sfpG7w&quot;" type="FAILED"/>
		<system-out>09:32:19 INFO  ==============================================================
09:32:19 INFO  Id:    agent_init_session
09:32:19 INFO  Dir:   tedge_agent/
09:32:19 INFO  Title: Validate tedge agent init session feature
09:32:19 INFO  ==============================================================
09:32:19 INFO  Executed sudo&lt;remove_lock&gt;, exit status 0
09:32:20 INFO  Executed sudo&lt;agent_clear&gt;, exit status 0
09:32:20 INFO  Executed sudo&lt;agent_init&gt;, exit status 0
09:32:21 INFO  Executed sudo&lt;pub_req&gt;, exit status 0
09:32:21 INFO  Started sudo&lt;sub_resp&gt; with process id 16212
09:32:21 INFO  Executed sudo&lt;agent_start&gt;, exit status 0
09:32:21 INFO  Waiting for 2.0 seconds
09:32:24 INFO  Executed sudo&lt;agent_stop&gt;, exit status 0
09:32:24 INFO  Executed sudo&lt;sub_stop&gt;, exit status 0
09:32:24 WARN  Grep on sub_resp.out contains &quot;Ld3KgqpcLDlrYH6sfpG7w&quot; ... failed [run.py:87]
09:32:24 INFO  
09:32:25 INFO  Test duration: 5.84 secs
09:32:25 INFO  Test final outcome:  FAILED
09:32:25 INFO  Test outcome reason: Grep on sub_resp.out contains &quot;Ld3KgqpcLDlrYH6sfpG7w&quot;
09:32:25 INFO  
</system-out>
	</testcase>
</testsuite>
