<?xml version="1.0" encoding="utf-8"?>
<testsuite failures="1" name="tedge_mapper_c8y_packet_threshold_size" skipped="0" tests="1" time="2.93" timestamp="2022-07-21T23:13:56">
	<testcase classname="TedgeMapperC8yThresholdPacketSize" name="tedge_mapper_c8y_packet_threshold_size">
		<failure message="FAILED: Grep on tedge_sub.out contains &quot;The size of the message received on tedge/measurements is 20489 which is greater than the threshold size of 16184.&quot;" type="FAILED"/>
		<system-out>23:13:53 INFO  ==============================================================
23:13:53 INFO  Id:    tedge_mapper_c8y_packet_threshold_size
23:13:53 INFO  Dir:   tedge_mapper_c8y/
23:13:53 INFO  Title: Validate the Cumulocity Mapper accepted threshold packet size when it receives a message on tedge/measurements
23:13:53 INFO  ==============================================================
23:13:53 INFO  Executed sudo&lt;tedge_mapper_c8y&gt;, exit status 0
23:13:53 INFO  Started sudo&lt;tedge_sub&gt; with process id 29082
23:13:54 INFO  Executed sudo&lt;tedge_msg&gt;, exit status 0
23:13:54 INFO  Executed sudo&lt;tedge_pub&gt;, exit status 0
23:13:55 INFO  Executed sudo&lt;kill_out&gt;, exit status 0
23:13:55 WARN  Grep on tedge_sub.out contains &quot;The size of the message received on tedge/measurements is 20489 which is greater than the threshold size of 16184.&quot; ... failed [run.py:88]
23:13:55 INFO  
23:13:55 INFO  cleanup:
23:13:55 INFO  mapper_cleanup
23:13:56 INFO  Executed sudo&lt;tedge_mapper_c8y&gt;, exit status 0
23:13:56 INFO  
23:13:56 INFO  Test duration: 2.93 secs
23:13:56 INFO  Test final outcome:  FAILED
23:13:56 INFO  Test outcome reason: Grep on tedge_sub.out contains &quot;The size of the message received on tedge/measurements is 20489 which is greater than the threshold size of 16184.&quot;
23:13:56 INFO  
</system-out>
	</testcase>
</testsuite>
