<?xml version="1.0" encoding="utf-8"?>
<testsuite failures="0" name="SoftwareManagement.sm_apt_install_download_path" skipped="1" tests="1" time="0.1" timestamp="2022-06-10T13:11:07">
	<testcase classname="AptInstallWithDownloadPath" name="SoftwareManagement.sm_apt_install_download_path">
		<skipped message="SKIPPED: Testing the apt plugin is not supported on this platform.Use parameter -XmyPlatform='container' to enable it"/>
		<system-out>13:11:07 INFO  ==============================================================
13:11:07 INFO  Id:    SoftwareManagement.sm_apt_install_download_path
13:11:07 INFO  Dir:   software_management_end_to_end/
13:11:07 INFO  Title: Install package to directory specified in tedge config set tmp.path
13:11:07 INFO  ==============================================================
13:11:07 INFO  Testing the apt plugin is not supported on this platform.Use parameter -XmyPlatform='container' to enable it ... skipped
13:11:07 WARN  Aborted test due to SKIPPED outcome
13:11:07 INFO  
13:11:07 INFO  Test duration: 0.10 secs
13:11:07 INFO  Test final outcome:  SKIPPED
13:11:07 INFO  Test outcome reason: Testing the apt plugin is not supported on this platform.Use parameter -XmyPlatform='container' to enable it
13:11:07 INFO  
</system-out>
	</testcase>
</testsuite>
