<?xml version="1.0" encoding="utf-8"?>
<testsuite failures="0" name="SoftwareManagement.sm_apt_install_fail" skipped="1" tests="1" time="0.02" timestamp="2022-07-01T07:01:35">
	<testcase classname="PySysTest" name="SoftwareManagement.sm_apt_install_fail">
		<skipped message="SKIPPED: Testing the apt plugin is not supported on this platform.Use parameter -XmyPlatform='container' to enable it"/>
		<system-out>07:01:35 INFO  ==============================================================
07:01:35 INFO  Id:    SoftwareManagement.sm_apt_install_fail
07:01:35 INFO  Dir:   software_management_end_to_end/
07:01:35 INFO  Title: Validate end to end behaviour for a failing installation
07:01:35 INFO  ==============================================================
07:01:35 INFO  Testing the apt plugin is not supported on this platform.Use parameter -XmyPlatform='container' to enable it ... skipped
07:01:35 WARN  Aborted test due to SKIPPED outcome
07:01:35 INFO  
07:01:35 INFO  Test duration: 0.02 secs
07:01:35 INFO  Test final outcome:  SKIPPED
07:01:35 INFO  Test outcome reason: Testing the apt plugin is not supported on this platform.Use parameter -XmyPlatform='container' to enable it
07:01:35 INFO  
</system-out>
	</testcase>
</testsuite>
