<?xml version="1.0" encoding="utf-8"?>
<testsuite failures="0" name="docker_plugin_install" skipped="1" tests="1" time="0.02" timestamp="2022-07-21T19:59:08">
	<testcase classname="DockerPluginInstallTest" name="docker_plugin_install">
		<skipped message="SKIPPED: Testing the docker plugin is not supported on this platform.To run it, all the test with -XmyPlatform='container'"/>
		<system-out>19:59:08 INFO  ==============================================================
19:59:08 INFO  Id:    docker_plugin_install
19:59:08 INFO  Dir:   plugin_docker/
19:59:08 INFO  Title: Validate docker plugin install
19:59:08 INFO  ==============================================================
19:59:08 INFO  Testing the docker plugin is not supported on this platform.To run it, all the test with -XmyPlatform='container' ... skipped
19:59:08 WARN  Aborted test due to SKIPPED outcome
19:59:08 INFO  
19:59:08 INFO  Test duration: 0.02 secs
19:59:08 INFO  Test final outcome:  SKIPPED
19:59:08 INFO  Test outcome reason: Testing the docker plugin is not supported on this platform.To run it, all the test with -XmyPlatform='container'
19:59:08 INFO  
</system-out>
	</testcase>
</testsuite>
