<?xml version="1.0" encoding="utf-8"?>
<testsuite failures="0" name="call_tedge_-V" skipped="0" tests="1" time="1.12" timestamp="2022-05-24T10:53:16">
	<testcase classname="PySysTest" name="call_tedge_-V"/>
</testsuite>
