<?xml version="1.0" encoding="utf-8"?>
<testsuite failures="0" name="valid_device_id" skipped="0" tests="1" time="52.77" timestamp="2022-05-23T11:09:34">
	<testcase classname="ValidateValidDeviceId" name="valid_device_id"/>
</testsuite>
