<?xml version="1.0" encoding="utf-8"?>
<testsuite failures="0" name="apt_finalize" skipped="1" tests="1" time="0.02" timestamp="2022-07-22T17:26:35">
	<testcase classname="AptPluginFinalize" name="apt_finalize">
		<skipped message="SKIPPED: Testing the apt plugin is not supported on this platform.To run the tests call PySys with -XmyPlatform='container'"/>
		<system-out>17:26:35 INFO  ==============================================================
17:26:35 INFO  Id:    apt_finalize
17:26:35 INFO  Dir:   plugin_apt/
17:26:35 INFO  Title: Validate apt plugin finalize - dense version
17:26:35 INFO  ==============================================================
17:26:35 INFO  Testing the apt plugin is not supported on this platform.To run the tests call PySys with -XmyPlatform='container' ... skipped
17:26:35 WARN  Aborted test due to SKIPPED outcome
17:26:35 INFO  
17:26:35 INFO  Test duration: 0.02 secs
17:26:35 INFO  Test final outcome:  SKIPPED
17:26:35 INFO  Test outcome reason: Testing the apt plugin is not supported on this platform.To run the tests call PySys with -XmyPlatform='container'
17:26:35 INFO  
</system-out>
	</testcase>
</testsuite>
