<?xml version="1.0" encoding="utf-8"?>
<testsuite failures="0" name="apt_wrong_option" skipped="1" tests="1" time="0.02" timestamp="2022-05-24T15:38:04">
	<testcase classname="AptPluginWrongOption" name="apt_wrong_option">
		<skipped message="SKIPPED: Testing the apt plugin is not supported on this platform.To run the tests call PySys with -XmyPlatform='container'"/>
		<system-out>15:38:04 INFO  ==============================================================
15:38:04 INFO  Id:    apt_wrong_option
15:38:04 INFO  Dir:   plugin_apt/
15:38:04 INFO  Title: Validate apt plugin install
15:38:04 INFO  ==============================================================
15:38:04 INFO  Testing the apt plugin is not supported on this platform.To run the tests call PySys with -XmyPlatform='container' ... skipped
15:38:04 WARN  Aborted test due to SKIPPED outcome
15:38:04 INFO  
15:38:04 INFO  Test duration: 0.02 secs
15:38:04 INFO  Test final outcome:  SKIPPED
15:38:04 INFO  Test outcome reason: Testing the apt plugin is not supported on this platform.To run the tests call PySys with -XmyPlatform='container'
15:38:04 INFO  
</system-out>
	</testcase>
</testsuite>
