<?xml version="1.0" encoding="utf-8"?>
<testsuite failures="0" name="apt_install_local_file_with_version_fail" skipped="1" tests="1" time="0.02" timestamp="2022-05-23T11:09:54">
	<testcase classname="AptPluginInstallFromLocalFileWithVersionFail" name="apt_install_local_file_with_version_fail">
		<skipped message="SKIPPED: Testing the apt plugin is not supported on this platform.To run the tests call PySys with -XmyPlatform='container'"/>
		<system-out>11:09:54 INFO  ==============================================================
11:09:54 INFO  Id:    apt_install_local_file_with_version_fail
11:09:54 INFO  Dir:   plugin_apt/
11:09:54 INFO  Title: Validate apt plugin install from local file AND with a version - FAIL case
11:09:54 INFO  ==============================================================
11:09:54 INFO  Testing the apt plugin is not supported on this platform.To run the tests call PySys with -XmyPlatform='container' ... skipped
11:09:54 WARN  Aborted test due to SKIPPED outcome
11:09:54 INFO  
11:09:54 INFO  Test duration: 0.02 secs
11:09:54 INFO  Test final outcome:  SKIPPED
11:09:54 INFO  Test outcome reason: Testing the apt plugin is not supported on this platform.To run the tests call PySys with -XmyPlatform='container'
11:09:54 INFO  
</system-out>
	</testcase>
</testsuite>
