<?xml version="1.0" encoding="utf-8"?>
<testsuite failures="0" name="apt_sequence_remove" skipped="1" tests="1" time="0.02" timestamp="2022-07-21T18:28:33">
	<testcase classname="AptPluginInstallPrepareRemoveFinalize" name="apt_sequence_remove">
		<skipped message="SKIPPED: Testing the apt plugin is not supported on this platform.To run the tests call PySys with -XmyPlatform='container'"/>
		<system-out>18:28:33 INFO  ==============================================================
18:28:33 INFO  Id:    apt_sequence_remove
18:28:33 INFO  Dir:   plugin_apt/
18:28:33 INFO  Title: Validate apt plugin prepare install remove finalize use case
18:28:33 INFO  ==============================================================
18:28:33 INFO  Testing the apt plugin is not supported on this platform.To run the tests call PySys with -XmyPlatform='container' ... skipped
18:28:33 WARN  Aborted test due to SKIPPED outcome
18:28:33 INFO  
18:28:33 INFO  Test duration: 0.02 secs
18:28:33 INFO  Test final outcome:  SKIPPED
18:28:33 INFO  Test outcome reason: Testing the apt plugin is not supported on this platform.To run the tests call PySys with -XmyPlatform='container'
18:28:33 INFO  
</system-out>
	</testcase>
</testsuite>
