<?xml version="1.0" encoding="utf-8"?>
<testsuite failures="1" name="agent_init_session" skipped="0" tests="1" time="5.88" timestamp="2022-07-26T07:27:50">
	<testcase classname="AgentInitSession" name="agent_init_session">
		<failure message="FAILED: Grep on sub_resp.out contains &quot;Ld3KgqpcLDlrYH6sfpG7w&quot;" type="FAILED"/>
		<system-out>07:27:44 INFO  ==============================================================
07:27:44 INFO  Id:    agent_init_session
07:27:44 INFO  Dir:   tedge_agent/
07:27:44 INFO  Title: Validate tedge agent init session feature
07:27:44 INFO  ==============================================================
07:27:44 INFO  Executed sudo&lt;remove_lock&gt;, exit status 0
07:27:45 INFO  Executed sudo&lt;agent_clear&gt;, exit status 0
07:27:45 INFO  Executed sudo&lt;agent_init&gt;, exit status 0
07:27:46 INFO  Executed sudo&lt;pub_req&gt;, exit status 0
07:27:46 INFO  Started sudo&lt;sub_resp&gt; with process id 26223
07:27:47 INFO  Executed sudo&lt;agent_start&gt;, exit status 0
07:27:47 INFO  Waiting for 2.0 seconds
07:27:49 INFO  Executed sudo&lt;agent_stop&gt;, exit status 0
07:27:50 INFO  Executed sudo&lt;sub_stop&gt;, exit status 0
07:27:50 WARN  Grep on sub_resp.out contains &quot;Ld3KgqpcLDlrYH6sfpG7w&quot; ... failed [run.py:87]
07:27:50 INFO  
07:27:50 INFO  Test duration: 5.88 secs
07:27:50 INFO  Test final outcome:  FAILED
07:27:50 INFO  Test outcome reason: Grep on sub_resp.out contains &quot;Ld3KgqpcLDlrYH6sfpG7w&quot;
07:27:50 INFO  
</system-out>
	</testcase>
</testsuite>
