<?xml version="1.0" encoding="utf-8"?>
<testsuite failures="1" name="tedge_mapper_c8y_packet_threshold_size" skipped="0" tests="1" time="3.08" timestamp="2022-06-08T13:14:05">
	<testcase classname="TedgeMapperC8yThresholdPacketSize" name="tedge_mapper_c8y_packet_threshold_size">
		<failure message="FAILED: Grep on tedge_sub.out contains &quot;The size of the message received on tedge/measurements is 20489 which is greater than the threshold size of 16184.&quot;" type="FAILED"/>
		<system-out>13:14:02 INFO  ==============================================================
13:14:02 INFO  Id:    tedge_mapper_c8y_packet_threshold_size
13:14:02 INFO  Dir:   tedge_mapper_c8y/
13:14:02 INFO  Title: Validate the Cumulocity Mapper accepted threshold packet size when it receives a message on tedge/measurements
13:14:02 INFO  ==============================================================
13:14:02 INFO  Executed sudo&lt;tedge_mapper_c8y&gt;, exit status 0
13:14:02 INFO  Started sudo&lt;tedge_sub&gt; with process id 21242
13:14:03 INFO  Executed sudo&lt;tedge_msg&gt;, exit status 0
13:14:04 INFO  Executed sudo&lt;tedge_pub&gt;, exit status 0
13:14:04 INFO  Executed sudo&lt;kill_out&gt;, exit status 0
13:14:04 WARN  Grep on tedge_sub.out contains &quot;The size of the message received on tedge/measurements is 20489 which is greater than the threshold size of 16184.&quot; ... failed [run.py:88]
13:14:04 INFO  
13:14:04 INFO  cleanup:
13:14:04 INFO  mapper_cleanup
13:14:05 INFO  Executed sudo&lt;tedge_mapper_c8y&gt;, exit status 0
13:14:05 INFO  
13:14:05 INFO  Test duration: 3.08 secs
13:14:05 INFO  Test final outcome:  FAILED
13:14:05 INFO  Test outcome reason: Grep on tedge_sub.out contains &quot;The size of the message received on tedge/measurements is 20489 which is greater than the threshold size of 16184.&quot;
13:14:05 INFO  
</system-out>
	</testcase>
</testsuite>
