<?xml version="1.0" encoding="utf-8"?>
<testsuite failures="0" name="apt_sequence_install_with_version_fail" skipped="1" tests="1" time="0.02" timestamp="2022-05-25T12:42:59">
	<testcase classname="AptPluginInstallWithVersionFails" name="apt_sequence_install_with_version_fail">
		<skipped message="SKIPPED: Testing the apt plugin is not supported on this platform.To run the tests call PySys with -XmyPlatform='container'"/>
		<system-out>12:42:59 INFO  ==============================================================
12:42:59 INFO  Id:    apt_sequence_install_with_version_fail
12:42:59 INFO  Dir:   plugin_apt/
12:42:59 INFO  Title: Validate apt plugin install with version fails use case
12:42:59 INFO  ==============================================================
12:42:59 INFO  Testing the apt plugin is not supported on this platform.To run the tests call PySys with -XmyPlatform='container' ... skipped
12:42:59 WARN  Aborted test due to SKIPPED outcome
12:42:59 INFO  
12:42:59 INFO  Test duration: 0.02 secs
12:42:59 INFO  Test final outcome:  SKIPPED
12:42:59 INFO  Test outcome reason: Testing the apt plugin is not supported on this platform.To run the tests call PySys with -XmyPlatform='container'
12:42:59 INFO  
</system-out>
	</testcase>
</testsuite>
