<?xml version="1.0" encoding="utf-8"?>
<testsuite failures="1" name="monitoring_smaller_interval" skipped="0" tests="1" time="14.86" timestamp="2022-06-08T11:27:21">
	<testcase classname="MonitoringSmallInterval" name="monitoring_smaller_interval">
		<failure message="BLOCKED: TypeError: 'int' object is not subscriptable" type="BLOCKED"/>
		<system-out>11:27:06 INFO  ==============================================================
11:27:06 INFO  Id:    monitoring_smaller_interval
11:27:06 INFO  Dir:   monitoring/
11:27:06 INFO  Title: Validate the tedge dm agent messages that are produced with smaller sampling interval than the batching window. Here the simulated collectd messages are used
11:27:06 INFO  ==============================================================
11:27:07 INFO  Executed sudo&lt;collectd&gt;, exit status 0
11:27:07 INFO  Executed sudo&lt;collectd_mapper&gt;, exit status 0
11:27:07 INFO  Started sudo&lt;tedge_sub&gt; with process id 23175
11:27:08 INFO  Executed sudo&lt;tedge_temp&gt;, exit status 0
11:27:09 INFO  Executed sudo&lt;tedge_pres&gt;, exit status 0
11:27:09 INFO  Executed sudo&lt;tedge_temp&gt;, exit status 0
11:27:10 INFO  Executed sudo&lt;tedge_pres&gt;, exit status 0
11:27:10 INFO  Executed sudo&lt;tedge_temp&gt;, exit status 0
11:27:11 INFO  Executed sudo&lt;tedge_pres&gt;, exit status 0
11:27:11 INFO  Executed sudo&lt;tedge_temp&gt;, exit status 0
11:27:12 INFO  Executed sudo&lt;tedge_pres&gt;, exit status 0
11:27:13 INFO  Executed sudo&lt;tedge_temp&gt;, exit status 0
11:27:13 INFO  Executed sudo&lt;tedge_pres&gt;, exit status 0
11:27:14 INFO  Executed sudo&lt;tedge_temp&gt;, exit status 0
11:27:14 INFO  Executed sudo&lt;tedge_pres&gt;, exit status 0
11:27:15 INFO  Executed sudo&lt;tedge_temp&gt;, exit status 0
11:27:15 INFO  Executed sudo&lt;tedge_pres&gt;, exit status 0
11:27:16 INFO  Executed sudo&lt;tedge_temp&gt;, exit status 0
11:27:16 INFO  Executed sudo&lt;tedge_pres&gt;, exit status 0
11:27:17 INFO  Executed sudo&lt;tedge_temp&gt;, exit status 0
11:27:18 INFO  Executed sudo&lt;tedge_pres&gt;, exit status 0
11:27:18 INFO  Executed sudo&lt;tedge_temp&gt;, exit status 0
11:27:19 INFO  Executed sudo&lt;tedge_pres&gt;, exit status 0
11:27:20 INFO  Executed sudo&lt;kill_out&gt;, exit status 0
11:27:20 INFO  0

11:27:20 WARN  TypeError occurred while running test - 'int' object is not subscriptable
Traceback (most recent call last):
  File &quot;/home/pi/env-pysys/lib/python3.7/site-packages/pysys/baserunner.py&quot;, line 1296, in __call__
    self.testObj.validate()
  File &quot;/home/pi/actions-runner/_work/thin-edge.io/thin-edge.io/tests/PySys/monitoring/monitoring_smaller_interval/run.py&quot;, line 104, in validate
    collectd_msg_validation_result=self.validate_json(),
  File &quot;/home/pi/actions-runner/_work/thin-edge.io/thin-edge.io/tests/PySys/monitoring/monitoring_smaller_interval/run.py&quot;, line 114, in validate_json
    if not self.validate_time():
  File &quot;/home/pi/actions-runner/_work/thin-edge.io/thin-edge.io/tests/PySys/monitoring/monitoring_smaller_interval/run.py&quot;, line 134, in validate_time
    if self.js_msg[&quot;time&quot;]:
TypeError: 'int' object is not subscriptable
11:27:20 WARN  TypeError: 'int' object is not subscriptable ... blocked 
11:27:20 INFO  
11:27:20 INFO  cleanup:
11:27:20 INFO  monitoring_cleanup
11:27:21 INFO  Executed sudo&lt;collectd_mapper&gt;, exit status 0
11:27:21 INFO  
11:27:21 INFO  Test duration: 14.86 secs
11:27:21 INFO  Test final outcome:  BLOCKED
11:27:21 INFO  Test outcome reason: TypeError: 'int' object is not subscriptable
11:27:21 INFO  
</system-out>
	</testcase>
</testsuite>
