<?xml version="1.0" encoding="utf-8"?>
<testsuite failures="0" name="docker_plugin_finalize" skipped="1" tests="1" time="0.05" timestamp="2022-07-01T06:51:59">
	<testcase classname="DockerPluginFinalizeTest" name="docker_plugin_finalize">
		<skipped message="SKIPPED: Testing the docker plugin is not supported on this platform.To run it, all the test with -XmyPlatform='container'"/>
		<system-out>06:51:59 INFO  ==============================================================
06:51:59 INFO  Id:    docker_plugin_finalize
06:51:59 INFO  Dir:   plugin_docker/
06:51:59 INFO  Title: Validate docker plugin finalize command
06:51:59 INFO  ==============================================================
06:51:59 INFO  Testing the docker plugin is not supported on this platform.To run it, all the test with -XmyPlatform='container' ... skipped
06:51:59 WARN  Aborted test due to SKIPPED outcome
06:51:59 INFO  
06:51:59 INFO  Test duration: 0.05 secs
06:51:59 INFO  Test final outcome:  SKIPPED
06:51:59 INFO  Test outcome reason: Testing the docker plugin is not supported on this platform.To run it, all the test with -XmyPlatform='container'
06:51:59 INFO  
</system-out>
	</testcase>
</testsuite>
