<?xml version="1.0" encoding="utf-8"?>
<testsuite failures="1" name="log_request_num_lines" skipped="0" tests="1" time="53.57" timestamp="2022-05-23T11:07:44">
	<testcase classname="LogRequestVerifyNumberOfLines" name="log_request_num_lines">
		<failure message="BLOCKED: Exception: retry" type="BLOCKED"/>
		<system-out>11:06:50 INFO  ==============================================================
11:06:50 INFO  Id:    log_request_num_lines
11:06:50 INFO  Dir:   log_request_end_to_end/
11:06:50 INFO  Title: Validate end to end behaviour for the log request operation check for number of lines
11:06:50 INFO  ==============================================================
11:06:50 INFO  EnvironmentC8y Setup
11:06:51 INFO  Executed systemctl&lt;serv_mapper1&gt;, exit status 3
11:06:51 INFO  Restarting mosquitto too frequently in the last 10 seconds. It was only up for 5 seconds
11:06:51 INFO  Delaying execution by 6 seconds
11:07:11 INFO  Executed sudo&lt;tedge_connect_c8y&gt;, exit status 0, duration 14 secs
11:07:12 INFO  Executed sudo&lt;tedge_connect_c8y_test&gt;, exit status 0
11:07:12 INFO  Executed systemctl&lt;serv_mosq2&gt;, exit status 0
11:07:13 INFO  Executed systemctl&lt;serv_mapper3&gt;, exit status 0
11:07:13 INFO  Executed sudo&lt;rm_logs&gt;, exit status 0
11:07:14 INFO  Executed sudo&lt;move_logs&gt;, exit status 0
11:07:14 INFO  log response None
11:07:14 WARN  retry, retrying in 1 seconds...
11:07:15 INFO  log response None
11:07:15 WARN  retry, retrying in 1 seconds...
11:07:17 INFO  log response None
11:07:17 WARN  retry, retrying in 1 seconds...
11:07:18 INFO  log response None
11:07:18 WARN  retry, retrying in 1 seconds...
11:07:19 INFO  log response None
11:07:19 WARN  retry, retrying in 1 seconds...
11:07:20 INFO  log response None
11:07:20 WARN  retry, retrying in 1 seconds...
11:07:22 INFO  log response None
11:07:22 WARN  retry, retrying in 1 seconds...
11:07:23 INFO  log response None
11:07:23 WARN  retry, retrying in 1 seconds...
11:07:24 INFO  log response None
11:07:24 WARN  retry, retrying in 1 seconds...
11:07:25 INFO  log response None
11:07:25 WARN  retry, retrying in 1 seconds...
11:07:26 INFO  log response None
11:07:26 WARN  retry, retrying in 1 seconds...
11:07:28 INFO  log response None
11:07:28 WARN  retry, retrying in 1 seconds...
11:07:29 INFO  log response None
11:07:29 WARN  retry, retrying in 1 seconds...
11:07:30 INFO  log response None
11:07:30 WARN  retry, retrying in 1 seconds...
11:07:31 INFO  log response None
11:07:31 WARN  retry, retrying in 1 seconds...
11:07:32 INFO  log response None
11:07:32 WARN  retry, retrying in 1 seconds...
11:07:34 INFO  log response None
11:07:34 WARN  retry, retrying in 1 seconds...
11:07:35 INFO  log response None
11:07:35 WARN  retry, retrying in 1 seconds...
11:07:36 INFO  log response None
11:07:36 WARN  retry, retrying in 1 seconds...
11:07:37 INFO  log response None
11:07:37 WARN  Exception occurred while running test - retry
Traceback (most recent call last):
  File &quot;/home/pi/env-pysys/lib/python3.7/site-packages/pysys/baserunner.py&quot;, line 1296, in __call__
    self.testObj.validate()
  File &quot;/home/pi/actions-runner/_work/thin-edge.io/thin-edge.io/tests/PySys/log_request_end_to_end/log_request_num_lines/run.py&quot;, line 44, in validate
    self.assertThat(&quot;True == value&quot;, value=self.wait_until_logs_retrieved())
  File &quot;/home/pi/env-pysys/lib/python3.7/site-packages/decorator.py&quot;, line 232, in fun
    return caller(func, *(extras + args), **kw)
  File &quot;/home/pi/env-pysys/lib/python3.7/site-packages/retry/api.py&quot;, line 74, in retry_decorator
    logger)
  File &quot;/home/pi/env-pysys/lib/python3.7/site-packages/retry/api.py&quot;, line 33, in __retry_internal
    return f()
  File &quot;/home/pi/actions-runner/_work/thin-edge.io/thin-edge.io/tests/PySys/log_request_end_to_end/log_request_num_lines/run.py&quot;, line 52, in wait_until_logs_retrieved
    raise Exception(&quot;retry&quot;)
Exception: retry
11:07:37 WARN  Exception: retry ... blocked 
11:07:37 INFO  
11:07:37 INFO  cleanup:
11:07:38 INFO  Executed sudo&lt;rm_logs&gt;, exit status 0
11:07:38 INFO  Executed sudo&lt;rm_tmp_logs&gt;, exit status 0
11:07:39 INFO  Executed sudo&lt;send_failed&gt;, exit status 0
11:07:43 INFO  Executed sudo&lt;tedge_disconnect_c8y&gt;, exit status 0
11:07:44 INFO  Executed systemctl&lt;serv_mapper5&gt;, exit status 3
11:07:44 INFO  
11:07:44 INFO  Test duration: 53.57 secs
11:07:44 INFO  Test final outcome:  BLOCKED
11:07:44 INFO  Test outcome reason: Exception: retry
11:07:44 INFO  
</system-out>
	</testcase>
</testsuite>
