<?xml version="1.0" encoding="utf-8"?>
<testsuite failures="0" name="docker_plugin_remove_with_version" skipped="1" tests="1" time="0.02" timestamp="2022-07-21T18:28:34">
	<testcase classname="DockerPluginRemoveWithVersionTest" name="docker_plugin_remove_with_version">
		<skipped message="SKIPPED: Testing the docker plugin is not supported on this platform.To run it, all the test with -XmyPlatform='container'"/>
		<system-out>18:28:34 INFO  ==============================================================
18:28:34 INFO  Id:    docker_plugin_remove_with_version
18:28:34 INFO  Dir:   plugin_docker/
18:28:34 INFO  Title: Validate docker plugin remove with version
18:28:34 INFO  ==============================================================
18:28:34 INFO  Testing the docker plugin is not supported on this platform.To run it, all the test with -XmyPlatform='container' ... skipped
18:28:34 WARN  Aborted test due to SKIPPED outcome
18:28:34 INFO  
18:28:34 INFO  Test duration: 0.02 secs
18:28:34 INFO  Test final outcome:  SKIPPED
18:28:34 INFO  Test outcome reason: Testing the docker plugin is not supported on this platform.To run it, all the test with -XmyPlatform='container'
18:28:34 INFO  
</system-out>
	</testcase>
</testsuite>
