<?xml version="1.0" encoding="utf-8"?>
<testsuite failures="0" name="SoftwareManagement.Plugin.apama_plugin_mon_support" skipped="1" tests="1" time="0.02" timestamp="2022-06-09T16:32:58">
	<testcase classname="ApamaPluginMonSupportTest" name="SoftwareManagement.Plugin.apama_plugin_mon_support">
		<skipped message="SKIPPED: Apama plugin tests are disabled by default. Execute `pysys run` with `-XmyPlatform=container` to run these tests"/>
		<system-out>16:32:58 INFO  ==============================================================
16:32:58 INFO  Id:    SoftwareManagement.Plugin.apama_plugin_mon_support
16:32:58 INFO  Dir:   plugin_apama/
16:32:58 INFO  Title: Validate mon file support of apama plugin
16:32:58 INFO  ==============================================================
16:32:58 INFO  Apama plugin tests are disabled by default. Execute `pysys run` with `-XmyPlatform=container` to run these tests ... skipped
16:32:58 WARN  Aborted test due to SKIPPED outcome
16:32:58 INFO  
16:32:58 INFO  Test duration: 0.02 secs
16:32:58 INFO  Test final outcome:  SKIPPED
16:32:58 INFO  Test outcome reason: Apama plugin tests are disabled by default. Execute `pysys run` with `-XmyPlatform=container` to run these tests
16:32:58 INFO  
</system-out>
	</testcase>
</testsuite>
