<?xml version="1.0" encoding="utf-8"?>
<testsuite failures="0" name="apt_install_fail" skipped="1" tests="1" time="0.02" timestamp="2022-07-22T09:21:50">
	<testcase classname="AptPluginInstallFail" name="apt_install_fail">
		<skipped message="SKIPPED: Testing the apt plugin is not supported on this platform.To run the tests call PySys with -XmyPlatform='container'"/>
		<system-out>09:21:50 INFO  ==============================================================
09:21:50 INFO  Id:    apt_install_fail
09:21:50 INFO  Dir:   plugin_apt/
09:21:50 INFO  Title: Validate apt plugin prepare - failing
09:21:50 INFO  ==============================================================
09:21:50 INFO  Testing the apt plugin is not supported on this platform.To run the tests call PySys with -XmyPlatform='container' ... skipped
09:21:50 WARN  Aborted test due to SKIPPED outcome
09:21:50 INFO  
09:21:50 INFO  Test duration: 0.02 secs
09:21:50 INFO  Test final outcome:  SKIPPED
09:21:50 INFO  Test outcome reason: Testing the apt plugin is not supported on this platform.To run the tests call PySys with -XmyPlatform='container'
09:21:50 INFO  
</system-out>
	</testcase>
</testsuite>
