<?xml version="1.0" encoding="utf-8"?>
<testsuite failures="0" name="apt_install" skipped="1" tests="1" time="0.02" timestamp="2022-05-20T13:21:24">
	<testcase classname="AptPluginInstallDense" name="apt_install">
		<skipped message="SKIPPED: Testing the apt plugin is not supported on this platform.To run the tests call PySys with -XmyPlatform='container'"/>
		<system-out>13:21:24 INFO  ==============================================================
13:21:24 INFO  Id:    apt_install
13:21:24 INFO  Dir:   plugin_apt/
13:21:24 INFO  Title: Validate apt plugin prepare - dense version
13:21:24 INFO  ==============================================================
13:21:24 INFO  Testing the apt plugin is not supported on this platform.To run the tests call PySys with -XmyPlatform='container' ... skipped
13:21:24 WARN  Aborted test due to SKIPPED outcome
13:21:24 INFO  
13:21:24 INFO  Test duration: 0.02 secs
13:21:24 INFO  Test final outcome:  SKIPPED
13:21:24 INFO  Test outcome reason: Testing the apt plugin is not supported on this platform.To run the tests call PySys with -XmyPlatform='container'
13:21:24 INFO  
</system-out>
	</testcase>
</testsuite>
