<?xml version="1.0" encoding="utf-8"?>
<testsuite failures="0" name="c8y_restart_bridge" skipped="0" tests="1" time="21.83" timestamp="2022-06-02T08:45:34">
	<testcase classname="RestartBridge" name="c8y_restart_bridge"/>
</testsuite>
