<?xml version="1.0" encoding="utf-8"?>
<testsuite failures="0" name="SoftwareManagement.sm_fake_install_remove" skipped="1" tests="1" time="0.04" timestamp="2022-06-22T18:56:43">
	<testcase classname="PySysTest" name="SoftwareManagement.sm_fake_install_remove">
		<skipped message="SKIPPED: Testing the fake plugin is not enabled.Use parameter -Xfakeplugin=fakeplugin to enable it"/>
		<system-out>18:56:43 INFO  ==============================================================
18:56:43 INFO  Id:    SoftwareManagement.sm_fake_install_remove
18:56:43 INFO  Dir:   software_management_end_to_end/
18:56:43 INFO  Title: Validate end to end behaviour for the dummy plugin for installation and removal of packages
18:56:43 INFO  ==============================================================
18:56:43 INFO  Testing the fake plugin is not enabled.Use parameter -Xfakeplugin=fakeplugin to enable it ... skipped
18:56:43 WARN  Aborted test due to SKIPPED outcome
18:56:43 INFO  
18:56:43 INFO  Test duration: 0.04 secs
18:56:43 INFO  Test final outcome:  SKIPPED
18:56:43 INFO  Test outcome reason: Testing the fake plugin is not enabled.Use parameter -Xfakeplugin=fakeplugin to enable it
18:56:43 INFO  
</system-out>
	</testcase>
</testsuite>
