<?xml version="1.0" encoding="utf-8"?>
<testsuite failures="0" name="c8y_restart_bridge" skipped="0" tests="1" time="21.7" timestamp="2022-06-16T14:18:25">
	<testcase classname="RestartBridge" name="c8y_restart_bridge"/>
</testsuite>
