<?xml version="1.0" encoding="utf-8"?>
<testsuite failures="0" name="runtime_start_two_mappers" skipped="0" tests="1" time="1.81" timestamp="2022-05-23T08:40:13">
	<testcase classname="RuntimeMultiMappers" name="runtime_start_two_mappers"/>
</testsuite>
