<?xml version="1.0" encoding="utf-8"?>
<testsuite failures="0" name="publish_flux" skipped="0" tests="1" time="72.7" timestamp="2022-07-16T11:32:13">
	<testcase classname="PublishFlux" name="publish_flux"/>
</testsuite>
