<?xml version="1.0" encoding="utf-8"?>
<testsuite failures="1" name="log_request_error_messages" skipped="0" tests="1" time="37.15" timestamp="2022-05-20T09:33:05">
	<testcase classname="LogRequestVerifySearchTextError" name="log_request_error_messages">
		<failure message="FAILED: Assert that (True == value) with value=False" type="FAILED"/>
		<system-out>09:32:28 INFO  ==============================================================
09:32:28 INFO  Id:    log_request_error_messages
09:32:28 INFO  Dir:   log_request_end_to_end/
09:32:28 INFO  Title: Validate end to end behaviour for the log request operation check for error messages
09:32:28 INFO  ==============================================================
09:32:29 INFO  EnvironmentC8y Setup
09:32:30 INFO  Executed systemctl&lt;serv_mapper1&gt;, exit status 3
09:32:30 INFO  Restarting mosquitto too frequently in the last 10 seconds. It was only up for 2 seconds
09:32:30 INFO  Delaying execution by 9 seconds
09:32:53 INFO  Executed sudo&lt;tedge_connect_c8y&gt;, exit status 0, duration 14 secs
09:32:54 INFO  Executed sudo&lt;tedge_connect_c8y_test&gt;, exit status 0
09:32:54 INFO  Executed systemctl&lt;serv_mosq2&gt;, exit status 0
09:32:55 INFO  Executed systemctl&lt;serv_mapper3&gt;, exit status 0
09:32:55 INFO  Executed sudo&lt;rm_logs&gt;, exit status 0
09:32:56 INFO  Executed sudo&lt;move_logs&gt;, exit status 0
09:32:56 INFO  log response None
09:32:56 WARN  retry, retrying in 1 seconds...
09:32:58 INFO  log response https://thin-edge-io.eu-latest.cumulocity.com/event/events/19327858/binaries
09:32:59 WARN  Assert that (True == value) with value=False ... failed [run.py:43]
09:32:59 INFO  
09:32:59 INFO  cleanup:
09:32:59 INFO  Executed sudo&lt;rm_logs&gt;, exit status 0
09:33:00 INFO  Executed sudo&lt;rm_tmp_logs&gt;, exit status 0
09:33:00 INFO  Executed sudo&lt;send_failed&gt;, exit status 0
09:33:04 INFO  Executed sudo&lt;tedge_disconnect_c8y&gt;, exit status 0
09:33:05 INFO  Executed systemctl&lt;serv_mapper5&gt;, exit status 3
09:33:05 INFO  
09:33:05 INFO  Test duration: 37.15 secs
09:33:05 INFO  Test final outcome:  FAILED
09:33:05 INFO  Test outcome reason: Assert that (True == value) with value=False
09:33:05 INFO  
</system-out>
	</testcase>
</testsuite>
