<?xml version="1.0" encoding="utf-8"?>
<testsuite failures="0" name="docker_plugin_finalize" skipped="1" tests="1" time="0.05" timestamp="2022-07-21T22:59:29">
	<testcase classname="DockerPluginFinalizeTest" name="docker_plugin_finalize">
		<skipped message="SKIPPED: Testing the docker plugin is not supported on this platform.To run it, all the test with -XmyPlatform='container'"/>
		<system-out>22:59:29 INFO  ==============================================================
22:59:29 INFO  Id:    docker_plugin_finalize
22:59:29 INFO  Dir:   plugin_docker/
22:59:29 INFO  Title: Validate docker plugin finalize command
22:59:29 INFO  ==============================================================
22:59:29 INFO  Testing the docker plugin is not supported on this platform.To run it, all the test with -XmyPlatform='container' ... skipped
22:59:29 WARN  Aborted test due to SKIPPED outcome
22:59:29 INFO  
22:59:29 INFO  Test duration: 0.05 secs
22:59:29 INFO  Test final outcome:  SKIPPED
22:59:29 INFO  Test outcome reason: Testing the docker plugin is not supported on this platform.To run it, all the test with -XmyPlatform='container'
22:59:29 INFO  
</system-out>
	</testcase>
</testsuite>
