<?xml version="1.0" encoding="utf-8"?>
<testsuite failures="1" name="monitoring_smaller_interval" skipped="0" tests="1" time="15.06" timestamp="2022-05-23T16:47:22">
	<testcase classname="MonitoringSmallInterval" name="monitoring_smaller_interval">
		<failure message="BLOCKED: TypeError: 'int' object is not subscriptable" type="BLOCKED"/>
		<system-out>16:47:06 INFO  ==============================================================
16:47:06 INFO  Id:    monitoring_smaller_interval
16:47:06 INFO  Dir:   monitoring/
16:47:06 INFO  Title: Validate the tedge dm agent messages that are produced with smaller sampling interval than the batching window. Here the simulated collectd messages are used
16:47:06 INFO  ==============================================================
16:47:07 INFO  Executed sudo&lt;collectd&gt;, exit status 0
16:47:08 INFO  Executed sudo&lt;collectd_mapper&gt;, exit status 0
16:47:08 INFO  Started sudo&lt;tedge_sub&gt; with process id 20622
16:47:08 INFO  Executed sudo&lt;tedge_temp&gt;, exit status 0
16:47:09 INFO  Executed sudo&lt;tedge_pres&gt;, exit status 0
16:47:10 INFO  Executed sudo&lt;tedge_temp&gt;, exit status 0
16:47:10 INFO  Executed sudo&lt;tedge_pres&gt;, exit status 0
16:47:11 INFO  Executed sudo&lt;tedge_temp&gt;, exit status 0
16:47:11 INFO  Executed sudo&lt;tedge_pres&gt;, exit status 0
16:47:12 INFO  Executed sudo&lt;tedge_temp&gt;, exit status 0
16:47:12 INFO  Executed sudo&lt;tedge_pres&gt;, exit status 0
16:47:13 INFO  Executed sudo&lt;tedge_temp&gt;, exit status 0
16:47:14 INFO  Executed sudo&lt;tedge_pres&gt;, exit status 0
16:47:14 INFO  Executed sudo&lt;tedge_temp&gt;, exit status 0
16:47:15 INFO  Executed sudo&lt;tedge_pres&gt;, exit status 0
16:47:15 INFO  Executed sudo&lt;tedge_temp&gt;, exit status 0
16:47:16 INFO  Executed sudo&lt;tedge_pres&gt;, exit status 0
16:47:16 INFO  Executed sudo&lt;tedge_temp&gt;, exit status 0
16:47:17 INFO  Executed sudo&lt;tedge_pres&gt;, exit status 0
16:47:18 INFO  Executed sudo&lt;tedge_temp&gt;, exit status 0
16:47:18 INFO  Executed sudo&lt;tedge_pres&gt;, exit status 0
16:47:19 INFO  Executed sudo&lt;tedge_temp&gt;, exit status 0
16:47:19 INFO  Executed sudo&lt;tedge_pres&gt;, exit status 0
16:47:21 INFO  Executed sudo&lt;kill_out&gt;, exit status 0
16:47:21 INFO  0

16:47:21 WARN  TypeError occurred while running test - 'int' object is not subscriptable
Traceback (most recent call last):
  File &quot;/home/pi/env-pysys/lib/python3.7/site-packages/pysys/baserunner.py&quot;, line 1296, in __call__
    self.testObj.validate()
  File &quot;/home/pi/actions-runner/_work/thin-edge.io/thin-edge.io/tests/PySys/monitoring/monitoring_smaller_interval/run.py&quot;, line 104, in validate
    collectd_msg_validation_result=self.validate_json(),
  File &quot;/home/pi/actions-runner/_work/thin-edge.io/thin-edge.io/tests/PySys/monitoring/monitoring_smaller_interval/run.py&quot;, line 114, in validate_json
    if not self.validate_time():
  File &quot;/home/pi/actions-runner/_work/thin-edge.io/thin-edge.io/tests/PySys/monitoring/monitoring_smaller_interval/run.py&quot;, line 134, in validate_time
    if self.js_msg[&quot;time&quot;]:
TypeError: 'int' object is not subscriptable
16:47:21 WARN  TypeError: 'int' object is not subscriptable ... blocked 
16:47:21 INFO  
16:47:21 INFO  cleanup:
16:47:21 INFO  monitoring_cleanup
16:47:22 INFO  Executed sudo&lt;collectd_mapper&gt;, exit status 0
16:47:22 INFO  
16:47:22 INFO  Test duration: 15.06 secs
16:47:22 INFO  Test final outcome:  BLOCKED
16:47:22 INFO  Test outcome reason: TypeError: 'int' object is not subscriptable
16:47:22 INFO  
</system-out>
	</testcase>
</testsuite>
