<?xml version="1.0" encoding="utf-8"?>
<testsuite failures="1" name="agent_init_session" skipped="0" tests="1" time="5.83" timestamp="2022-06-29T12:05:18">
	<testcase classname="AgentInitSession" name="agent_init_session">
		<failure message="FAILED: Grep on sub_resp.out contains &quot;Ld3KgqpcLDlrYH6sfpG7w&quot;" type="FAILED"/>
		<system-out>12:05:12 INFO  ==============================================================
12:05:12 INFO  Id:    agent_init_session
12:05:12 INFO  Dir:   tedge_agent/
12:05:12 INFO  Title: Validate tedge agent init session feature
12:05:12 INFO  ==============================================================
12:05:13 INFO  Executed sudo&lt;remove_lock&gt;, exit status 0
12:05:13 INFO  Executed sudo&lt;agent_clear&gt;, exit status 0
12:05:14 INFO  Executed sudo&lt;agent_init&gt;, exit status 0
12:05:14 INFO  Executed sudo&lt;pub_req&gt;, exit status 0
12:05:14 INFO  Started sudo&lt;sub_resp&gt; with process id 13779
12:05:15 INFO  Executed sudo&lt;agent_start&gt;, exit status 0
12:05:15 INFO  Waiting for 2.0 seconds
12:05:17 INFO  Executed sudo&lt;agent_stop&gt;, exit status 0
12:05:18 INFO  Executed sudo&lt;sub_stop&gt;, exit status 0
12:05:18 WARN  Grep on sub_resp.out contains &quot;Ld3KgqpcLDlrYH6sfpG7w&quot; ... failed [run.py:87]
12:05:18 INFO  
12:05:18 INFO  Test duration: 5.83 secs
12:05:18 INFO  Test final outcome:  FAILED
12:05:18 INFO  Test outcome reason: Grep on sub_resp.out contains &quot;Ld3KgqpcLDlrYH6sfpG7w&quot;
12:05:18 INFO  
</system-out>
	</testcase>
</testsuite>
