<?xml version="1.0" encoding="utf-8"?>
<testsuite failures="1" name="tedge_mapper_c8y_packet_threshold_size" skipped="0" tests="1" time="3.01" timestamp="2022-06-17T08:51:00">
	<testcase classname="TedgeMapperC8yThresholdPacketSize" name="tedge_mapper_c8y_packet_threshold_size">
		<failure message="FAILED: Grep on tedge_sub.out contains &quot;The size of the message received on tedge/measurements is 20489 which is greater than the threshold size of 16184.&quot;" type="FAILED"/>
		<system-out>08:50:57 INFO  ==============================================================
08:50:57 INFO  Id:    tedge_mapper_c8y_packet_threshold_size
08:50:57 INFO  Dir:   tedge_mapper_c8y/
08:50:57 INFO  Title: Validate the Cumulocity Mapper accepted threshold packet size when it receives a message on tedge/measurements
08:50:57 INFO  ==============================================================
08:50:58 INFO  Executed sudo&lt;tedge_mapper_c8y&gt;, exit status 0
08:50:58 INFO  Started sudo&lt;tedge_sub&gt; with process id 952
08:50:59 INFO  Executed sudo&lt;tedge_msg&gt;, exit status 0
08:50:59 INFO  Executed sudo&lt;tedge_pub&gt;, exit status 0
08:51:00 INFO  Executed sudo&lt;kill_out&gt;, exit status 0
08:51:00 WARN  Grep on tedge_sub.out contains &quot;The size of the message received on tedge/measurements is 20489 which is greater than the threshold size of 16184.&quot; ... failed [run.py:88]
08:51:00 INFO  
08:51:00 INFO  cleanup:
08:51:00 INFO  mapper_cleanup
08:51:00 INFO  Executed sudo&lt;tedge_mapper_c8y&gt;, exit status 0
08:51:00 INFO  
08:51:00 INFO  Test duration: 3.01 secs
08:51:00 INFO  Test final outcome:  FAILED
08:51:00 INFO  Test outcome reason: Grep on tedge_sub.out contains &quot;The size of the message received on tedge/measurements is 20489 which is greater than the threshold size of 16184.&quot;
08:51:00 INFO  
</system-out>
	</testcase>
</testsuite>
