<?xml version="1.0" encoding="utf-8"?>
<testsuite failures="0" name="SoftwareManagement.Plugin.apama_plugin_install" skipped="1" tests="1" time="0.05" timestamp="2022-07-20T12:52:42">
	<testcase classname="ApamaPluginInstallTest" name="SoftwareManagement.Plugin.apama_plugin_install">
		<skipped message="SKIPPED: Apama plugin tests are disabled by default. Execute `pysys run` with `-XmyPlatform=container` to run these tests"/>
		<system-out>12:52:42 INFO  ==============================================================
12:52:42 INFO  Id:    SoftwareManagement.Plugin.apama_plugin_install
12:52:42 INFO  Dir:   plugin_apama/
12:52:42 INFO  Title: Validate apama plugin install
12:52:42 INFO  ==============================================================
12:52:42 INFO  Apama plugin tests are disabled by default. Execute `pysys run` with `-XmyPlatform=container` to run these tests ... skipped
12:52:42 WARN  Aborted test due to SKIPPED outcome
12:52:42 INFO  
12:52:42 INFO  Test duration: 0.05 secs
12:52:42 INFO  Test final outcome:  SKIPPED
12:52:42 INFO  Test outcome reason: Apama plugin tests are disabled by default. Execute `pysys run` with `-XmyPlatform=container` to run these tests
12:52:42 INFO  
</system-out>
	</testcase>
</testsuite>
