<?xml version="1.0" encoding="utf-8"?>
<testsuite failures="0" name="apt_install_local_file_with_version_fail" skipped="1" tests="1" time="0.02" timestamp="2022-06-22T18:47:07">
	<testcase classname="AptPluginInstallFromLocalFileWithVersionFail" name="apt_install_local_file_with_version_fail">
		<skipped message="SKIPPED: Testing the apt plugin is not supported on this platform.To run the tests call PySys with -XmyPlatform='container'"/>
		<system-out>18:47:07 INFO  ==============================================================
18:47:07 INFO  Id:    apt_install_local_file_with_version_fail
18:47:07 INFO  Dir:   plugin_apt/
18:47:07 INFO  Title: Validate apt plugin install from local file AND with a version - FAIL case
18:47:07 INFO  ==============================================================
18:47:07 INFO  Testing the apt plugin is not supported on this platform.To run the tests call PySys with -XmyPlatform='container' ... skipped
18:47:07 WARN  Aborted test due to SKIPPED outcome
18:47:07 INFO  
18:47:07 INFO  Test duration: 0.02 secs
18:47:07 INFO  Test final outcome:  SKIPPED
18:47:07 INFO  Test outcome reason: Testing the apt plugin is not supported on this platform.To run the tests call PySys with -XmyPlatform='container'
18:47:07 INFO  
</system-out>
	</testcase>
</testsuite>
