<?xml version="1.0" encoding="utf-8"?>
<testsuite failures="1" name="monitoring_smaller_interval" skipped="0" tests="1" time="15.19" timestamp="2022-06-22T13:53:45">
	<testcase classname="MonitoringSmallInterval" name="monitoring_smaller_interval">
		<failure message="BLOCKED: TypeError: 'int' object is not subscriptable" type="BLOCKED"/>
		<system-out>13:53:30 INFO  ==============================================================
13:53:30 INFO  Id:    monitoring_smaller_interval
13:53:30 INFO  Dir:   monitoring/
13:53:30 INFO  Title: Validate the tedge dm agent messages that are produced with smaller sampling interval than the batching window. Here the simulated collectd messages are used
13:53:30 INFO  ==============================================================
13:53:31 INFO  Executed sudo&lt;collectd&gt;, exit status 0
13:53:31 INFO  Executed sudo&lt;collectd_mapper&gt;, exit status 0
13:53:31 INFO  Started sudo&lt;tedge_sub&gt; with process id 4280
13:53:32 INFO  Executed sudo&lt;tedge_temp&gt;, exit status 0
13:53:32 INFO  Executed sudo&lt;tedge_pres&gt;, exit status 0
13:53:33 INFO  Executed sudo&lt;tedge_temp&gt;, exit status 0
13:53:34 INFO  Executed sudo&lt;tedge_pres&gt;, exit status 0
13:53:34 INFO  Executed sudo&lt;tedge_temp&gt;, exit status 0
13:53:35 INFO  Executed sudo&lt;tedge_pres&gt;, exit status 0
13:53:35 INFO  Executed sudo&lt;tedge_temp&gt;, exit status 0
13:53:36 INFO  Executed sudo&lt;tedge_pres&gt;, exit status 0
13:53:36 INFO  Executed sudo&lt;tedge_temp&gt;, exit status 0
13:53:37 INFO  Executed sudo&lt;tedge_pres&gt;, exit status 0
13:53:38 INFO  Executed sudo&lt;tedge_temp&gt;, exit status 0
13:53:38 INFO  Executed sudo&lt;tedge_pres&gt;, exit status 0
13:53:39 INFO  Executed sudo&lt;tedge_temp&gt;, exit status 0
13:53:39 INFO  Executed sudo&lt;tedge_pres&gt;, exit status 0
13:53:40 INFO  Executed sudo&lt;tedge_temp&gt;, exit status 0
13:53:40 INFO  Executed sudo&lt;tedge_pres&gt;, exit status 0
13:53:41 INFO  Executed sudo&lt;tedge_temp&gt;, exit status 0
13:53:42 INFO  Executed sudo&lt;tedge_pres&gt;, exit status 0
13:53:42 INFO  Executed sudo&lt;tedge_temp&gt;, exit status 0
13:53:43 INFO  Executed sudo&lt;tedge_pres&gt;, exit status 0
13:53:44 INFO  Executed sudo&lt;kill_out&gt;, exit status 0
13:53:44 INFO  0

13:53:44 WARN  TypeError occurred while running test - 'int' object is not subscriptable
Traceback (most recent call last):
  File &quot;/home/pi/env-pysys/lib/python3.7/site-packages/pysys/baserunner.py&quot;, line 1296, in __call__
    self.testObj.validate()
  File &quot;/home/pi/actions-runner/_work/thin-edge.io/thin-edge.io/tests/PySys/monitoring/monitoring_smaller_interval/run.py&quot;, line 104, in validate
    collectd_msg_validation_result=self.validate_json(),
  File &quot;/home/pi/actions-runner/_work/thin-edge.io/thin-edge.io/tests/PySys/monitoring/monitoring_smaller_interval/run.py&quot;, line 114, in validate_json
    if not self.validate_time():
  File &quot;/home/pi/actions-runner/_work/thin-edge.io/thin-edge.io/tests/PySys/monitoring/monitoring_smaller_interval/run.py&quot;, line 134, in validate_time
    if self.js_msg[&quot;time&quot;]:
TypeError: 'int' object is not subscriptable
13:53:44 WARN  TypeError: 'int' object is not subscriptable ... blocked 
13:53:44 INFO  
13:53:44 INFO  cleanup:
13:53:44 INFO  monitoring_cleanup
13:53:45 INFO  Executed sudo&lt;collectd_mapper&gt;, exit status 0
13:53:45 INFO  
13:53:45 INFO  Test duration: 15.19 secs
13:53:45 INFO  Test final outcome:  BLOCKED
13:53:45 INFO  Test outcome reason: TypeError: 'int' object is not subscriptable
13:53:45 INFO  
</system-out>
	</testcase>
</testsuite>
