<?xml version="1.0" encoding="utf-8"?>
<testsuite failures="0" name="apt_prepare_install_finalize" skipped="1" tests="1" time="0.02" timestamp="2022-07-22T02:02:17">
	<testcase classname="AptPluginPrepareInstallFinalize" name="apt_prepare_install_finalize">
		<skipped message="SKIPPED: Testing the apt plugin is not supported on this platform.To run the tests call PySys with -XmyPlatform='container'"/>
		<system-out>02:02:17 INFO  ==============================================================
02:02:17 INFO  Id:    apt_prepare_install_finalize
02:02:17 INFO  Dir:   plugin_apt/
02:02:17 INFO  Title: Validate apt plugin install use case
02:02:17 INFO  ==============================================================
02:02:17 INFO  Testing the apt plugin is not supported on this platform.To run the tests call PySys with -XmyPlatform='container' ... skipped
02:02:17 WARN  Aborted test due to SKIPPED outcome
02:02:17 INFO  
02:02:17 INFO  Test duration: 0.02 secs
02:02:17 INFO  Test final outcome:  SKIPPED
02:02:17 INFO  Test outcome reason: Testing the apt plugin is not supported on this platform.To run the tests call PySys with -XmyPlatform='container'
02:02:17 INFO  
</system-out>
	</testcase>
</testsuite>
