<?xml version="1.0" encoding="utf-8"?>
<testsuite failures="0" name="publish_sawmill" skipped="0" tests="1" time="78.58" timestamp="2022-07-22T14:21:06">
	<testcase classname="PublishSawmill" name="publish_sawmill"/>
</testsuite>
