<?xml version="1.0" encoding="utf-8"?>
<testsuite failures="1" name="local_mqtt_pub_sub_retain" skipped="0" tests="1" time="6.16" timestamp="2022-06-16T14:05:03">
	<testcase classname="MqttPublishWithRetain" name="local_mqtt_pub_sub_retain">
		<failure message="FAILED: Grep on temp_sensor_sub.out contains &quot;\[test/alarms/temp_sensor\] alarm msg 2&quot; (+1 other failures)" type="FAILED"/>
		<system-out>14:04:57 INFO  ==============================================================
14:04:57 INFO  Id:    local_mqtt_pub_sub_retain
14:04:57 INFO  Dir:   local_mqtt/
14:04:57 INFO  Title: Validate local publishing with retain flag
14:04:57 INFO  ==============================================================
14:04:57 INFO  Executed tedge&lt;pub_to_set_alarm&gt;, exit status 0
14:04:58 INFO  Executed tedge&lt;pub_to_set_alarm&gt;, exit status 0
14:04:59 INFO  Started tedge&lt;temp_sensor_sub&gt; with process id 28772
14:04:59 INFO  Executed tedge&lt;pub_to_clear_alarm&gt;, exit status 0
14:05:01 INFO  Executed sudo&lt;kill_out&gt;, exit status 0
14:05:01 INFO  Executed tedge&lt;pub_to_clear_alarm&gt;, exit status 0
14:05:01 INFO  Started tedge&lt;temp_sensor_empty_message&gt; with process id 28778
14:05:03 INFO  Executed sudo&lt;kill_out&gt;, exit status 0
14:05:03 WARN  Grep on temp_sensor_sub.out contains &quot;\[test/alarms/temp_sensor\] alarm msg 2&quot; ... failed [run.py:139]
14:05:03 WARN  Grep on temp_sensor_sub.out contains &quot;\[test/alarms/temp_sensor\] &quot; ... failed [run.py:142]
14:05:03 INFO  Grep on file temp_sensor_empty_message.out ... passed
14:05:03 INFO  
14:05:03 INFO  Test duration: 6.16 secs
14:05:03 INFO  Test final outcome:  FAILED
14:05:03 INFO  Test outcome reason: Grep on temp_sensor_sub.out contains &quot;\[test/alarms/temp_sensor\] alarm msg 2&quot; (+1 other failures)
14:05:03 INFO  
</system-out>
	</testcase>
</testsuite>
