<?xml version="1.0" encoding="utf-8"?>
<testsuite failures="0" name="valid_device_id" skipped="0" tests="1" time="27.39" timestamp="2022-06-22T15:49:00">
	<testcase classname="ValidateValidDeviceId" name="valid_device_id"/>
</testsuite>
