<?xml version="1.0" encoding="utf-8"?>
<testsuite failures="0" name="SoftwareManagement.Plugin.apama_plugin_mon_support" skipped="1" tests="1" time="0.02" timestamp="2022-06-16T14:07:24">
	<testcase classname="ApamaPluginMonSupportTest" name="SoftwareManagement.Plugin.apama_plugin_mon_support">
		<skipped message="SKIPPED: Apama plugin tests are disabled by default. Execute `pysys run` with `-XmyPlatform=container` to run these tests"/>
		<system-out>14:07:24 INFO  ==============================================================
14:07:24 INFO  Id:    SoftwareManagement.Plugin.apama_plugin_mon_support
14:07:24 INFO  Dir:   plugin_apama/
14:07:24 INFO  Title: Validate mon file support of apama plugin
14:07:24 INFO  ==============================================================
14:07:24 INFO  Apama plugin tests are disabled by default. Execute `pysys run` with `-XmyPlatform=container` to run these tests ... skipped
14:07:24 WARN  Aborted test due to SKIPPED outcome
14:07:24 INFO  
14:07:24 INFO  Test duration: 0.02 secs
14:07:24 INFO  Test final outcome:  SKIPPED
14:07:24 INFO  Test outcome reason: Apama plugin tests are disabled by default. Execute `pysys run` with `-XmyPlatform=container` to run these tests
14:07:24 INFO  
</system-out>
	</testcase>
</testsuite>
