<?xml version="1.0" encoding="utf-8"?>
<testsuite failures="0" name="apt_sequence_remove" skipped="1" tests="1" time="0.03" timestamp="2022-05-24T10:43:35">
	<testcase classname="AptPluginInstallPrepareRemoveFinalize" name="apt_sequence_remove">
		<skipped message="SKIPPED: Testing the apt plugin is not supported on this platform.To run the tests call PySys with -XmyPlatform='container'"/>
		<system-out>10:43:35 INFO  ==============================================================
10:43:35 INFO  Id:    apt_sequence_remove
10:43:35 INFO  Dir:   plugin_apt/
10:43:35 INFO  Title: Validate apt plugin prepare install remove finalize use case
10:43:35 INFO  ==============================================================
10:43:35 INFO  Testing the apt plugin is not supported on this platform.To run the tests call PySys with -XmyPlatform='container' ... skipped
10:43:35 WARN  Aborted test due to SKIPPED outcome
10:43:35 INFO  
10:43:35 INFO  Test duration: 0.03 secs
10:43:35 INFO  Test final outcome:  SKIPPED
10:43:35 INFO  Test outcome reason: Testing the apt plugin is not supported on this platform.To run the tests call PySys with -XmyPlatform='container'
10:43:35 INFO  
</system-out>
	</testcase>
</testsuite>
