<?xml version="1.0" encoding="utf-8"?>
<testsuite failures="0" name="SoftwareManagement.sm_apt_install_remove_multiple_mixed" skipped="1" tests="1" time="0.03" timestamp="2022-05-23T13:29:41">
	<testcase classname="PySysTest" name="SoftwareManagement.sm_apt_install_remove_multiple_mixed">
		<skipped message="SKIPPED: Testing the apt plugin is not supported on this platform.Use parameter -XmyPlatform='container' to enable it"/>
		<system-out>13:29:41 INFO  ==============================================================
13:29:41 INFO  Id:    SoftwareManagement.sm_apt_install_remove_multiple_mixed
13:29:41 INFO  Dir:   software_management_end_to_end/
13:29:41 INFO  Title: Validate end to end behaviour for the apt plugin for multiple packages with mixed versions
13:29:41 INFO  ==============================================================
13:29:41 INFO  Testing the apt plugin is not supported on this platform.Use parameter -XmyPlatform='container' to enable it ... skipped
13:29:41 WARN  Aborted test due to SKIPPED outcome
13:29:41 INFO  
13:29:41 INFO  Test duration: 0.03 secs
13:29:41 INFO  Test final outcome:  SKIPPED
13:29:41 INFO  Test outcome reason: Testing the apt plugin is not supported on this platform.Use parameter -XmyPlatform='container' to enable it
13:29:41 INFO  
</system-out>
	</testcase>
</testsuite>
