<?xml version="1.0" encoding="utf-8"?>
<testsuite failures="1" name="monitoring_smaller_interval" skipped="0" tests="1" time="15.08" timestamp="2022-06-15T10:54:32">
	<testcase classname="MonitoringSmallInterval" name="monitoring_smaller_interval">
		<failure message="BLOCKED: TypeError: 'int' object is not subscriptable" type="BLOCKED"/>
		<system-out>10:54:17 INFO  ==============================================================
10:54:17 INFO  Id:    monitoring_smaller_interval
10:54:17 INFO  Dir:   monitoring/
10:54:17 INFO  Title: Validate the tedge dm agent messages that are produced with smaller sampling interval than the batching window. Here the simulated collectd messages are used
10:54:17 INFO  ==============================================================
10:54:18 INFO  Executed sudo&lt;collectd&gt;, exit status 0
10:54:18 INFO  Executed sudo&lt;collectd_mapper&gt;, exit status 0
10:54:18 INFO  Started sudo&lt;tedge_sub&gt; with process id 28178
10:54:19 INFO  Executed sudo&lt;tedge_temp&gt;, exit status 0
10:54:20 INFO  Executed sudo&lt;tedge_pres&gt;, exit status 0
10:54:20 INFO  Executed sudo&lt;tedge_temp&gt;, exit status 0
10:54:21 INFO  Executed sudo&lt;tedge_pres&gt;, exit status 0
10:54:21 INFO  Executed sudo&lt;tedge_temp&gt;, exit status 0
10:54:22 INFO  Executed sudo&lt;tedge_pres&gt;, exit status 0
10:54:23 INFO  Executed sudo&lt;tedge_temp&gt;, exit status 0
10:54:23 INFO  Executed sudo&lt;tedge_pres&gt;, exit status 0
10:54:24 INFO  Executed sudo&lt;tedge_temp&gt;, exit status 0
10:54:24 INFO  Executed sudo&lt;tedge_pres&gt;, exit status 0
10:54:25 INFO  Executed sudo&lt;tedge_temp&gt;, exit status 0
10:54:25 INFO  Executed sudo&lt;tedge_pres&gt;, exit status 0
10:54:26 INFO  Executed sudo&lt;tedge_temp&gt;, exit status 0
10:54:27 INFO  Executed sudo&lt;tedge_pres&gt;, exit status 0
10:54:27 INFO  Executed sudo&lt;tedge_temp&gt;, exit status 0
10:54:28 INFO  Executed sudo&lt;tedge_pres&gt;, exit status 0
10:54:28 INFO  Executed sudo&lt;tedge_temp&gt;, exit status 0
10:54:29 INFO  Executed sudo&lt;tedge_pres&gt;, exit status 0
10:54:29 INFO  Executed sudo&lt;tedge_temp&gt;, exit status 0
10:54:30 INFO  Executed sudo&lt;tedge_pres&gt;, exit status 0
10:54:32 INFO  Executed sudo&lt;kill_out&gt;, exit status 0
10:54:32 INFO  0

10:54:32 WARN  TypeError occurred while running test - 'int' object is not subscriptable
Traceback (most recent call last):
  File &quot;/home/pi/env-pysys/lib/python3.7/site-packages/pysys/baserunner.py&quot;, line 1296, in __call__
    self.testObj.validate()
  File &quot;/home/pi/actions-runner/_work/thin-edge.io/thin-edge.io/tests/PySys/monitoring/monitoring_smaller_interval/run.py&quot;, line 104, in validate
    collectd_msg_validation_result=self.validate_json(),
  File &quot;/home/pi/actions-runner/_work/thin-edge.io/thin-edge.io/tests/PySys/monitoring/monitoring_smaller_interval/run.py&quot;, line 114, in validate_json
    if not self.validate_time():
  File &quot;/home/pi/actions-runner/_work/thin-edge.io/thin-edge.io/tests/PySys/monitoring/monitoring_smaller_interval/run.py&quot;, line 134, in validate_time
    if self.js_msg[&quot;time&quot;]:
TypeError: 'int' object is not subscriptable
10:54:32 WARN  TypeError: 'int' object is not subscriptable ... blocked 
10:54:32 INFO  
10:54:32 INFO  cleanup:
10:54:32 INFO  monitoring_cleanup
10:54:32 INFO  Executed sudo&lt;collectd_mapper&gt;, exit status 0
10:54:32 INFO  
10:54:32 INFO  Test duration: 15.08 secs
10:54:32 INFO  Test final outcome:  BLOCKED
10:54:32 INFO  Test outcome reason: TypeError: 'int' object is not subscriptable
10:54:32 INFO  
</system-out>
	</testcase>
</testsuite>
