<?xml version="1.0" encoding="utf-8"?>
<testsuite failures="1" name="call_tedge_-h_-V" skipped="0" tests="1" time="0.47" timestamp="2022-05-23T15:07:45">
	<testcase classname="PySysTest" name="call_tedge_-h_-V">
		<failure message="FAILED: Grep on tedge.out contains &quot;tedge 0.6&quot;" type="FAILED"/>
		<system-out>15:07:44 INFO  ==============================================================
15:07:44 INFO  Id:    call_tedge_-h_-V
15:07:44 INFO  Dir:   tedge/
15:07:44 INFO  Title: Validate command line option -h -V
15:07:44 INFO  ==============================================================
15:07:45 INFO  Executed tedge, exit status 0
15:07:45 WARN  Grep on tedge.out contains &quot;tedge 0.6&quot; ... failed [run.py:32]
15:07:45 INFO  Grep on file tedge.out ... passed
15:07:45 INFO  
15:07:45 INFO  Test duration: 0.47 secs
15:07:45 INFO  Test final outcome:  FAILED
15:07:45 INFO  Test outcome reason: Grep on tedge.out contains &quot;tedge 0.6&quot;
15:07:45 INFO  
</system-out>
	</testcase>
</testsuite>
