<?xml version="1.0" encoding="utf-8"?>
<testsuite failures="0" name="apt_wrong_option" skipped="1" tests="1" time="0.02" timestamp="2022-05-20T13:21:28">
	<testcase classname="AptPluginWrongOption" name="apt_wrong_option">
		<skipped message="SKIPPED: Testing the apt plugin is not supported on this platform.To run the tests call PySys with -XmyPlatform='container'"/>
		<system-out>13:21:28 INFO  ==============================================================
13:21:28 INFO  Id:    apt_wrong_option
13:21:28 INFO  Dir:   plugin_apt/
13:21:28 INFO  Title: Validate apt plugin install
13:21:28 INFO  ==============================================================
13:21:28 INFO  Testing the apt plugin is not supported on this platform.To run the tests call PySys with -XmyPlatform='container' ... skipped
13:21:28 WARN  Aborted test due to SKIPPED outcome
13:21:28 INFO  
13:21:28 INFO  Test duration: 0.02 secs
13:21:28 INFO  Test final outcome:  SKIPPED
13:21:28 INFO  Test outcome reason: Testing the apt plugin is not supported on this platform.To run the tests call PySys with -XmyPlatform='container'
13:21:28 INFO  
</system-out>
	</testcase>
</testsuite>
