<?xml version="1.0" encoding="utf-8"?>
<testsuite failures="0" name="publish_sawmill" skipped="0" tests="1" time="78.36" timestamp="2022-05-23T15:00:42">
	<testcase classname="PublishSawmill" name="publish_sawmill"/>
</testsuite>
