<?xml version="1.0" encoding="utf-8"?>
<testsuite failures="0" name="tedge_connect_test_positive" skipped="0" tests="1" time="28.75" timestamp="2022-06-22T18:58:31">
	<testcase classname="TedgeConnectTestPositive" name="tedge_connect_test_positive"/>
</testsuite>
