<?xml version="1.0" encoding="utf-8"?>
<testsuite failures="0" name="tedge_software_update" skipped="0" tests="1" time="40.27" timestamp="2022-06-15T11:05:21">
	<testcase classname="PySysTest" name="tedge_software_update"/>
</testsuite>
