<?xml version="1.0" encoding="utf-8"?>
<testsuite failures="0" name="apt_remove_fail" skipped="1" tests="1" time="0.02" timestamp="2022-07-21T16:21:29">
	<testcase classname="AptPluginRemoveFails" name="apt_remove_fail">
		<skipped message="SKIPPED: Testing the apt plugin is not supported on this platform.To run the tests call PySys with -XmyPlatform='container'"/>
		<system-out>16:21:29 INFO  ==============================================================
16:21:29 INFO  Id:    apt_remove_fail
16:21:29 INFO  Dir:   plugin_apt/
16:21:29 INFO  Title: Validate apt plugin prepare - failing
16:21:29 INFO  ==============================================================
16:21:29 INFO  Testing the apt plugin is not supported on this platform.To run the tests call PySys with -XmyPlatform='container' ... skipped
16:21:29 WARN  Aborted test due to SKIPPED outcome
16:21:29 INFO  
16:21:29 INFO  Test duration: 0.02 secs
16:21:29 INFO  Test final outcome:  SKIPPED
16:21:29 INFO  Test outcome reason: Testing the apt plugin is not supported on this platform.To run the tests call PySys with -XmyPlatform='container'
16:21:29 INFO  
</system-out>
	</testcase>
</testsuite>
