<?xml version="1.0" encoding="utf-8"?>
<testsuite failures="0" name="apt_install_fail" skipped="1" tests="1" time="0.02" timestamp="2022-07-21T11:51:07">
	<testcase classname="AptPluginInstallFail" name="apt_install_fail">
		<skipped message="SKIPPED: Testing the apt plugin is not supported on this platform.To run the tests call PySys with -XmyPlatform='container'"/>
		<system-out>11:51:07 INFO  ==============================================================
11:51:07 INFO  Id:    apt_install_fail
11:51:07 INFO  Dir:   plugin_apt/
11:51:07 INFO  Title: Validate apt plugin prepare - failing
11:51:07 INFO  ==============================================================
11:51:07 INFO  Testing the apt plugin is not supported on this platform.To run the tests call PySys with -XmyPlatform='container' ... skipped
11:51:07 WARN  Aborted test due to SKIPPED outcome
11:51:07 INFO  
11:51:07 INFO  Test duration: 0.02 secs
11:51:07 INFO  Test final outcome:  SKIPPED
11:51:07 INFO  Test outcome reason: Testing the apt plugin is not supported on this platform.To run the tests call PySys with -XmyPlatform='container'
11:51:07 INFO  
</system-out>
	</testcase>
</testsuite>
