<?xml version="1.0" encoding="utf-8"?>
<testsuite failures="1" name="valid_device_id" skipped="0" tests="1" time="42.73" timestamp="2022-05-24T15:37:39">
	<testcase classname="ValidateValidDeviceId" name="valid_device_id">
		<failure message="FAILED: Grep on tedge_connect_c8y_test.out contains &quot;successful&quot;" type="FAILED"/>
		<system-out>15:36:57 INFO  ==============================================================
15:36:57 INFO  Id:    valid_device_id
15:36:57 INFO  Dir:   misc_features/
15:36:57 INFO  Title: Valid device ID
15:36:57 INFO  ==============================================================
15:36:57 INFO  Restarting mosquitto too frequently in the last 10 seconds. It was only up for 5 seconds
15:36:57 INFO  Delaying execution by 6 seconds
15:37:03 INFO  Executed sudo&lt;tedge_disconnect_c8y&gt;, exit status 0
15:37:04 INFO  Executed sudo&lt;create_cert_dir&gt;, exit status 0
15:37:04 INFO  Executed sudo&lt;change_owner_of_dir&gt;, exit status 0
15:37:05 INFO  Executed sudo&lt;set_cert_path&gt;, exit status 0
15:37:06 INFO  Executed sudo&lt;set_key_path&gt;, exit status 0
15:37:06 INFO  Executed sudo&lt;cert_create&gt;, exit status 0
15:37:07 INFO  Executed sudo&lt;cert_upload&gt;, exit status 0
15:37:23 INFO  Executed sudo&lt;tedge_connect_c8y&gt;, exit status 0, duration 14 secs
15:37:33 INFO  Executed sudo&lt;tedge_connect_c8y_test&gt;, exit status 0
15:37:33 INFO  Grep on file tedge_connect_c8y.out ... passed
15:37:33 WARN  Grep on tedge_connect_c8y_test.out contains &quot;successful&quot; ... failed [run.py:108]
15:37:33 INFO  
15:37:33 INFO  cleanup:
15:37:38 INFO  Executed sudo&lt;tedge_disconnect_c8y&gt;, exit status 0
15:37:38 INFO  Executed sudo&lt;unset_cert_path&gt;, exit status 0
15:37:39 INFO  Executed sudo&lt;unset_key_path&gt;, exit status 0
15:37:39 INFO  Executed sudo&lt;remove_cert_dir&gt;, exit status 0
15:37:39 INFO  
15:37:39 INFO  Test duration: 42.73 secs
15:37:39 INFO  Test final outcome:  FAILED
15:37:39 INFO  Test outcome reason: Grep on tedge_connect_c8y_test.out contains &quot;successful&quot;
15:37:39 INFO  
</system-out>
	</testcase>
</testsuite>
