<?xml version="1.0" encoding="utf-8"?>
<testsuite failures="0" name="SoftwareManagement.Plugin.apama_plugin_update" skipped="1" tests="1" time="0.02" timestamp="2022-05-20T09:35:26">
	<testcase classname="ApamaPluginUpdateTest" name="SoftwareManagement.Plugin.apama_plugin_update">
		<skipped message="SKIPPED: Apama plugin tests are disabled by default. Execute `pysys run` with `-XmyPlatform=container` to run these tests"/>
		<system-out>09:35:26 INFO  ==============================================================
09:35:26 INFO  Id:    SoftwareManagement.Plugin.apama_plugin_update
09:35:26 INFO  Dir:   plugin_apama/
09:35:26 INFO  Title: Validate apama plugin updating one project with another
09:35:26 INFO  ==============================================================
09:35:26 INFO  Apama plugin tests are disabled by default. Execute `pysys run` with `-XmyPlatform=container` to run these tests ... skipped
09:35:26 WARN  Aborted test due to SKIPPED outcome
09:35:26 INFO  
09:35:26 INFO  Test duration: 0.02 secs
09:35:26 INFO  Test final outcome:  SKIPPED
09:35:26 INFO  Test outcome reason: Apama plugin tests are disabled by default. Execute `pysys run` with `-XmyPlatform=container` to run these tests
09:35:26 INFO  
</system-out>
	</testcase>
</testsuite>
