<?xml version="1.0" encoding="utf-8"?>
<testsuite failures="0" name="apt_wrong_option" skipped="1" tests="1" time="0.02" timestamp="2022-06-20T14:58:44">
	<testcase classname="AptPluginWrongOption" name="apt_wrong_option">
		<skipped message="SKIPPED: Testing the apt plugin is not supported on this platform.To run the tests call PySys with -XmyPlatform='container'"/>
		<system-out>14:58:44 INFO  ==============================================================
14:58:44 INFO  Id:    apt_wrong_option
14:58:44 INFO  Dir:   plugin_apt/
14:58:44 INFO  Title: Validate apt plugin install
14:58:44 INFO  ==============================================================
14:58:44 INFO  Testing the apt plugin is not supported on this platform.To run the tests call PySys with -XmyPlatform='container' ... skipped
14:58:44 WARN  Aborted test due to SKIPPED outcome
14:58:44 INFO  
14:58:44 INFO  Test duration: 0.02 secs
14:58:44 INFO  Test final outcome:  SKIPPED
14:58:44 INFO  Test outcome reason: Testing the apt plugin is not supported on this platform.To run the tests call PySys with -XmyPlatform='container'
14:58:44 INFO  
</system-out>
	</testcase>
</testsuite>
