<?xml version="1.0" encoding="utf-8"?>
<testsuite failures="1" name="local_mqtt_pub_sub_retain" skipped="0" tests="1" time="5.86" timestamp="2022-07-22T14:16:09">
	<testcase classname="MqttPublishWithRetain" name="local_mqtt_pub_sub_retain">
		<failure message="FAILED: Grep on temp_sensor_sub.out contains &quot;\[test/alarms/temp_sensor\] alarm msg 2&quot; (+1 other failures)" type="FAILED"/>
		<system-out>14:16:03 INFO  ==============================================================
14:16:03 INFO  Id:    local_mqtt_pub_sub_retain
14:16:03 INFO  Dir:   local_mqtt/
14:16:03 INFO  Title: Validate local publishing with retain flag
14:16:03 INFO  ==============================================================
14:16:04 INFO  Executed tedge&lt;pub_to_set_alarm&gt;, exit status 0
14:16:04 INFO  Executed tedge&lt;pub_to_set_alarm&gt;, exit status 0
14:16:05 INFO  Started tedge&lt;temp_sensor_sub&gt; with process id 12563
14:16:06 INFO  Executed tedge&lt;pub_to_clear_alarm&gt;, exit status 0
14:16:07 INFO  Executed sudo&lt;kill_out&gt;, exit status 0
14:16:07 INFO  Executed tedge&lt;pub_to_clear_alarm&gt;, exit status 0
14:16:07 INFO  Started tedge&lt;temp_sensor_empty_message&gt; with process id 12568
14:16:09 INFO  Executed sudo&lt;kill_out&gt;, exit status 0
14:16:09 WARN  Grep on temp_sensor_sub.out contains &quot;\[test/alarms/temp_sensor\] alarm msg 2&quot; ... failed [run.py:139]
14:16:09 WARN  Grep on temp_sensor_sub.out contains &quot;\[test/alarms/temp_sensor\] &quot; ... failed [run.py:142]
14:16:09 INFO  Grep on file temp_sensor_empty_message.out ... passed
14:16:09 INFO  
14:16:09 INFO  Test duration: 5.86 secs
14:16:09 INFO  Test final outcome:  FAILED
14:16:09 INFO  Test outcome reason: Grep on temp_sensor_sub.out contains &quot;\[test/alarms/temp_sensor\] alarm msg 2&quot; (+1 other failures)
14:16:09 INFO  
</system-out>
	</testcase>
</testsuite>
