<?xml version="1.0" encoding="utf-8"?>
<testsuite failures="0" name="monitoring_with_collectd" skipped="1" tests="1" time="0.03" timestamp="2022-07-13T11:36:05">
	<testcase classname="MonitoringWithCollectd" name="monitoring_with_collectd">
		<skipped message="SKIPPED: Test execution disabled due to #792 (instable)"/>
		<system-out>11:36:05 INFO  ==============================================================
11:36:05 INFO  Id:    monitoring_with_collectd
11:36:05 INFO  Dir:   monitoring/
11:36:05 INFO  Title: Validate tedge dm agent messages that are produced by batching the collectd messages
11:36:05 INFO  ==============================================================
11:36:05 INFO  Test execution disabled due to #792 (instable) ... skipped
11:36:05 INFO  
11:36:05 INFO  Test duration: 0.03 secs
11:36:05 INFO  Test final outcome:  SKIPPED
11:36:05 INFO  Test outcome reason: Test execution disabled due to #792 (instable)
11:36:05 INFO  
</system-out>
	</testcase>
</testsuite>
