<?xml version="1.0" encoding="utf-8"?>
<testsuite failures="1" name="monitoring_smaller_interval" skipped="0" tests="1" time="14.89" timestamp="2022-07-25T10:18:08">
	<testcase classname="MonitoringSmallInterval" name="monitoring_smaller_interval">
		<failure message="BLOCKED: TypeError: 'int' object is not subscriptable" type="BLOCKED"/>
		<system-out>10:17:53 INFO  ==============================================================
10:17:53 INFO  Id:    monitoring_smaller_interval
10:17:53 INFO  Dir:   monitoring/
10:17:53 INFO  Title: Validate the tedge dm agent messages that are produced with smaller sampling interval than the batching window. Here the simulated collectd messages are used
10:17:53 INFO  ==============================================================
10:17:54 INFO  Executed sudo&lt;collectd&gt;, exit status 0
10:17:54 INFO  Executed sudo&lt;collectd_mapper&gt;, exit status 0
10:17:54 INFO  Started sudo&lt;tedge_sub&gt; with process id 8012
10:17:55 INFO  Executed sudo&lt;tedge_temp&gt;, exit status 0
10:17:56 INFO  Executed sudo&lt;tedge_pres&gt;, exit status 0
10:17:56 INFO  Executed sudo&lt;tedge_temp&gt;, exit status 0
10:17:57 INFO  Executed sudo&lt;tedge_pres&gt;, exit status 0
10:17:57 INFO  Executed sudo&lt;tedge_temp&gt;, exit status 0
10:17:58 INFO  Executed sudo&lt;tedge_pres&gt;, exit status 0
10:17:58 INFO  Executed sudo&lt;tedge_temp&gt;, exit status 0
10:17:59 INFO  Executed sudo&lt;tedge_pres&gt;, exit status 0
10:18:00 INFO  Executed sudo&lt;tedge_temp&gt;, exit status 0
10:18:00 INFO  Executed sudo&lt;tedge_pres&gt;, exit status 0
10:18:01 INFO  Executed sudo&lt;tedge_temp&gt;, exit status 0
10:18:01 INFO  Executed sudo&lt;tedge_pres&gt;, exit status 0
10:18:02 INFO  Executed sudo&lt;tedge_temp&gt;, exit status 0
10:18:02 INFO  Executed sudo&lt;tedge_pres&gt;, exit status 0
10:18:03 INFO  Executed sudo&lt;tedge_temp&gt;, exit status 0
10:18:03 INFO  Executed sudo&lt;tedge_pres&gt;, exit status 0
10:18:04 INFO  Executed sudo&lt;tedge_temp&gt;, exit status 0
10:18:05 INFO  Executed sudo&lt;tedge_pres&gt;, exit status 0
10:18:05 INFO  Executed sudo&lt;tedge_temp&gt;, exit status 0
10:18:06 INFO  Executed sudo&lt;tedge_pres&gt;, exit status 0
10:18:07 INFO  Executed sudo&lt;kill_out&gt;, exit status 0
10:18:07 INFO  0

10:18:07 WARN  TypeError occurred while running test - 'int' object is not subscriptable
Traceback (most recent call last):
  File &quot;/home/pi/env-pysys/lib/python3.7/site-packages/pysys/baserunner.py&quot;, line 1296, in __call__
    self.testObj.validate()
  File &quot;/home/pi/actions-runner/_work/thin-edge.io/thin-edge.io/tests/PySys/monitoring/monitoring_smaller_interval/run.py&quot;, line 104, in validate
    collectd_msg_validation_result=self.validate_json(),
  File &quot;/home/pi/actions-runner/_work/thin-edge.io/thin-edge.io/tests/PySys/monitoring/monitoring_smaller_interval/run.py&quot;, line 114, in validate_json
    if not self.validate_time():
  File &quot;/home/pi/actions-runner/_work/thin-edge.io/thin-edge.io/tests/PySys/monitoring/monitoring_smaller_interval/run.py&quot;, line 134, in validate_time
    if self.js_msg[&quot;time&quot;]:
TypeError: 'int' object is not subscriptable
10:18:07 WARN  TypeError: 'int' object is not subscriptable ... blocked 
10:18:07 INFO  
10:18:07 INFO  cleanup:
10:18:07 INFO  monitoring_cleanup
10:18:08 INFO  Executed sudo&lt;collectd_mapper&gt;, exit status 0
10:18:08 INFO  
10:18:08 INFO  Test duration: 14.89 secs
10:18:08 INFO  Test final outcome:  BLOCKED
10:18:08 INFO  Test outcome reason: TypeError: 'int' object is not subscriptable
10:18:08 INFO  
</system-out>
	</testcase>
</testsuite>
