<?xml version="1.0" encoding="utf-8"?>
<testsuite failures="0" name="c8y_restart_bridge" skipped="0" tests="1" time="22.73" timestamp="2022-07-16T11:42:01">
	<testcase classname="RestartBridge" name="c8y_restart_bridge"/>
</testsuite>
