<?xml version="1.0" encoding="utf-8"?>
<testsuite failures="1" name="log_request_num_lines" skipped="0" tests="1" time="31.66" timestamp="2022-05-20T09:33:36">
	<testcase classname="LogRequestVerifyNumberOfLines" name="log_request_num_lines">
		<failure message="FAILED: Assert that (True == value) with value=False" type="FAILED"/>
		<system-out>09:33:05 INFO  ==============================================================
09:33:05 INFO  Id:    log_request_num_lines
09:33:05 INFO  Dir:   log_request_end_to_end/
09:33:05 INFO  Title: Validate end to end behaviour for the log request operation check for number of lines
09:33:05 INFO  ==============================================================
09:33:05 INFO  EnvironmentC8y Setup
09:33:05 INFO  Executed systemctl&lt;serv_mapper1&gt;, exit status 3
09:33:05 INFO  Restarting mosquitto too frequently in the last 10 seconds. It was only up for 5 seconds
09:33:05 INFO  Delaying execution by 6 seconds
09:33:25 INFO  Executed sudo&lt;tedge_connect_c8y&gt;, exit status 0, duration 14 secs
09:33:26 INFO  Executed sudo&lt;tedge_connect_c8y_test&gt;, exit status 0
09:33:27 INFO  Executed systemctl&lt;serv_mosq2&gt;, exit status 0
09:33:27 INFO  Executed systemctl&lt;serv_mapper3&gt;, exit status 0
09:33:28 INFO  Executed sudo&lt;rm_logs&gt;, exit status 0
09:33:28 INFO  Executed sudo&lt;move_logs&gt;, exit status 0
09:33:29 INFO  log response None
09:33:29 WARN  retry, retrying in 1 seconds...
09:33:30 INFO  log response https://thin-edge-io.eu-latest.cumulocity.com/event/events/19297861/binaries
09:33:30 INFO  nlines 0
09:33:30 WARN  Assert that (True == value) with value=False ... failed [run.py:44]
09:33:30 INFO  
09:33:30 INFO  cleanup:
09:33:31 INFO  Executed sudo&lt;rm_logs&gt;, exit status 0
09:33:31 INFO  Executed sudo&lt;rm_tmp_logs&gt;, exit status 0
09:33:32 INFO  Executed sudo&lt;send_failed&gt;, exit status 0
09:33:36 INFO  Executed sudo&lt;tedge_disconnect_c8y&gt;, exit status 0
09:33:36 INFO  Executed systemctl&lt;serv_mapper5&gt;, exit status 3
09:33:36 INFO  
09:33:36 INFO  Test duration: 31.66 secs
09:33:36 INFO  Test final outcome:  FAILED
09:33:36 INFO  Test outcome reason: Assert that (True == value) with value=False
09:33:36 INFO  
</system-out>
	</testcase>
</testsuite>
