<?xml version="1.0" encoding="utf-8"?>
<testsuite failures="0" name="valid_device_id" skipped="0" tests="1" time="26.92" timestamp="2022-07-01T06:51:35">
	<testcase classname="ValidateValidDeviceId" name="valid_device_id"/>
</testsuite>
