<?xml version="1.0" encoding="utf-8"?>
<testsuite failures="0" name="apt_prepare_install_finalize" skipped="1" tests="1" time="0.02" timestamp="2022-06-20T16:37:30">
	<testcase classname="AptPluginPrepareInstallFinalize" name="apt_prepare_install_finalize">
		<skipped message="SKIPPED: Testing the apt plugin is not supported on this platform.To run the tests call PySys with -XmyPlatform='container'"/>
		<system-out>16:37:30 INFO  ==============================================================
16:37:30 INFO  Id:    apt_prepare_install_finalize
16:37:30 INFO  Dir:   plugin_apt/
16:37:30 INFO  Title: Validate apt plugin install use case
16:37:30 INFO  ==============================================================
16:37:30 INFO  Testing the apt plugin is not supported on this platform.To run the tests call PySys with -XmyPlatform='container' ... skipped
16:37:30 WARN  Aborted test due to SKIPPED outcome
16:37:30 INFO  
16:37:30 INFO  Test duration: 0.02 secs
16:37:30 INFO  Test final outcome:  SKIPPED
16:37:30 INFO  Test outcome reason: Testing the apt plugin is not supported on this platform.To run the tests call PySys with -XmyPlatform='container'
16:37:30 INFO  
</system-out>
	</testcase>
</testsuite>
