<?xml version="1.0" encoding="utf-8"?>
<testsuite failures="0" name="SoftwareManagement.Plugin.apama_plugin_mon_support" skipped="1" tests="1" time="0.02" timestamp="2022-06-22T15:49:21">
	<testcase classname="ApamaPluginMonSupportTest" name="SoftwareManagement.Plugin.apama_plugin_mon_support">
		<skipped message="SKIPPED: Apama plugin tests are disabled by default. Execute `pysys run` with `-XmyPlatform=container` to run these tests"/>
		<system-out>15:49:21 INFO  ==============================================================
15:49:21 INFO  Id:    SoftwareManagement.Plugin.apama_plugin_mon_support
15:49:21 INFO  Dir:   plugin_apama/
15:49:21 INFO  Title: Validate mon file support of apama plugin
15:49:21 INFO  ==============================================================
15:49:21 INFO  Apama plugin tests are disabled by default. Execute `pysys run` with `-XmyPlatform=container` to run these tests ... skipped
15:49:21 WARN  Aborted test due to SKIPPED outcome
15:49:21 INFO  
15:49:21 INFO  Test duration: 0.02 secs
15:49:21 INFO  Test final outcome:  SKIPPED
15:49:21 INFO  Test outcome reason: Apama plugin tests are disabled by default. Execute `pysys run` with `-XmyPlatform=container` to run these tests
15:49:21 INFO  
</system-out>
	</testcase>
</testsuite>
