<?xml version="1.0" encoding="utf-8"?>
<testsuite failures="0" name="SoftwareManagement.Plugin.apama_plugin_install" skipped="1" tests="1" time="0.05" timestamp="2022-06-22T17:20:27">
	<testcase classname="ApamaPluginInstallTest" name="SoftwareManagement.Plugin.apama_plugin_install">
		<skipped message="SKIPPED: Apama plugin tests are disabled by default. Execute `pysys run` with `-XmyPlatform=container` to run these tests"/>
		<system-out>17:20:27 INFO  ==============================================================
17:20:27 INFO  Id:    SoftwareManagement.Plugin.apama_plugin_install
17:20:27 INFO  Dir:   plugin_apama/
17:20:27 INFO  Title: Validate apama plugin install
17:20:27 INFO  ==============================================================
17:20:27 INFO  Apama plugin tests are disabled by default. Execute `pysys run` with `-XmyPlatform=container` to run these tests ... skipped
17:20:27 WARN  Aborted test due to SKIPPED outcome
17:20:27 INFO  
17:20:27 INFO  Test duration: 0.05 secs
17:20:27 INFO  Test final outcome:  SKIPPED
17:20:27 INFO  Test outcome reason: Apama plugin tests are disabled by default. Execute `pysys run` with `-XmyPlatform=container` to run these tests
17:20:27 INFO  
</system-out>
	</testcase>
</testsuite>
