<?xml version="1.0" encoding="utf-8"?>
<testsuite failures="0" name="docker_plugin_remove_with_version" skipped="1" tests="1" time="0.02" timestamp="2022-07-21T22:59:29">
	<testcase classname="DockerPluginRemoveWithVersionTest" name="docker_plugin_remove_with_version">
		<skipped message="SKIPPED: Testing the docker plugin is not supported on this platform.To run it, all the test with -XmyPlatform='container'"/>
		<system-out>22:59:29 INFO  ==============================================================
22:59:29 INFO  Id:    docker_plugin_remove_with_version
22:59:29 INFO  Dir:   plugin_docker/
22:59:29 INFO  Title: Validate docker plugin remove with version
22:59:29 INFO  ==============================================================
22:59:29 INFO  Testing the docker plugin is not supported on this platform.To run it, all the test with -XmyPlatform='container' ... skipped
22:59:29 WARN  Aborted test due to SKIPPED outcome
22:59:29 INFO  
22:59:29 INFO  Test duration: 0.02 secs
22:59:29 INFO  Test final outcome:  SKIPPED
22:59:29 INFO  Test outcome reason: Testing the docker plugin is not supported on this platform.To run it, all the test with -XmyPlatform='container'
22:59:29 INFO  
</system-out>
	</testcase>
</testsuite>
