<?xml version="1.0" encoding="utf-8"?>
<testsuite failures="0" name="c8y_restart_bridge" skipped="0" tests="1" time="22.97" timestamp="2022-07-21T12:02:05">
	<testcase classname="RestartBridge" name="c8y_restart_bridge"/>
</testsuite>
