<?xml version="1.0" encoding="utf-8"?>
<testsuite failures="0" name="publish_sawmill" skipped="0" tests="1" time="78.56" timestamp="2022-07-18T15:52:53">
	<testcase classname="PublishSawmill" name="publish_sawmill"/>
</testsuite>
