<?xml version="1.0" encoding="utf-8"?>
<testsuite failures="0" name="valid_device_id" skipped="0" tests="1" time="33.45" timestamp="2022-05-25T10:51:29">
	<testcase classname="ValidateValidDeviceId" name="valid_device_id"/>
</testsuite>
