<?xml version="1.0" encoding="utf-8"?>
<testsuite failures="0" name="c8y_restart_bridge" skipped="0" tests="1" time="21.52" timestamp="2022-07-19T13:50:04">
	<testcase classname="RestartBridge" name="c8y_restart_bridge"/>
</testsuite>
