<?xml version="1.0" encoding="utf-8"?>
<testsuite failures="0" name="apt_finalize" skipped="1" tests="1" time="0.05" timestamp="2022-06-20T14:58:40">
	<testcase classname="AptPluginFinalize" name="apt_finalize">
		<skipped message="SKIPPED: Testing the apt plugin is not supported on this platform.To run the tests call PySys with -XmyPlatform='container'"/>
		<system-out>14:58:40 INFO  ==============================================================
14:58:40 INFO  Id:    apt_finalize
14:58:40 INFO  Dir:   plugin_apt/
14:58:40 INFO  Title: Validate apt plugin finalize - dense version
14:58:40 INFO  ==============================================================
14:58:40 INFO  Testing the apt plugin is not supported on this platform.To run the tests call PySys with -XmyPlatform='container' ... skipped
14:58:40 WARN  Aborted test due to SKIPPED outcome
14:58:40 INFO  
14:58:40 INFO  Test duration: 0.05 secs
14:58:40 INFO  Test final outcome:  SKIPPED
14:58:40 INFO  Test outcome reason: Testing the apt plugin is not supported on this platform.To run the tests call PySys with -XmyPlatform='container'
14:58:40 INFO  
</system-out>
	</testcase>
</testsuite>
