<?xml version="1.0" encoding="utf-8"?>
<testsuite failures="0" name="apt_install" skipped="1" tests="1" time="0.02" timestamp="2022-06-22T13:53:50">
	<testcase classname="AptPluginInstallDense" name="apt_install">
		<skipped message="SKIPPED: Testing the apt plugin is not supported on this platform.To run the tests call PySys with -XmyPlatform='container'"/>
		<system-out>13:53:50 INFO  ==============================================================
13:53:50 INFO  Id:    apt_install
13:53:50 INFO  Dir:   plugin_apt/
13:53:50 INFO  Title: Validate apt plugin prepare - dense version
13:53:50 INFO  ==============================================================
13:53:50 INFO  Testing the apt plugin is not supported on this platform.To run the tests call PySys with -XmyPlatform='container' ... skipped
13:53:50 WARN  Aborted test due to SKIPPED outcome
13:53:50 INFO  
13:53:50 INFO  Test duration: 0.02 secs
13:53:50 INFO  Test final outcome:  SKIPPED
13:53:50 INFO  Test outcome reason: Testing the apt plugin is not supported on this platform.To run the tests call PySys with -XmyPlatform='container'
13:53:50 INFO  
</system-out>
	</testcase>
</testsuite>
