<?xml version="1.0" encoding="utf-8"?>
<testsuite failures="1" name="local_mqtt_pub_sub_retain" skipped="0" tests="1" time="6.08" timestamp="2022-05-23T19:03:49">
	<testcase classname="MqttPublishWithRetain" name="local_mqtt_pub_sub_retain">
		<failure message="FAILED: Grep on temp_sensor_sub.out contains &quot;\[test/alarms/temp_sensor\] alarm msg 2&quot; (+1 other failures)" type="FAILED"/>
		<system-out>19:03:43 INFO  ==============================================================
19:03:43 INFO  Id:    local_mqtt_pub_sub_retain
19:03:43 INFO  Dir:   local_mqtt/
19:03:43 INFO  Title: Validate local publishing with retain flag
19:03:43 INFO  ==============================================================
19:03:44 INFO  Executed tedge&lt;pub_to_set_alarm&gt;, exit status 0
19:03:44 INFO  Executed tedge&lt;pub_to_set_alarm&gt;, exit status 0
19:03:45 INFO  Started tedge&lt;temp_sensor_sub&gt; with process id 6493
19:03:46 INFO  Executed tedge&lt;pub_to_clear_alarm&gt;, exit status 0
19:03:47 INFO  Executed sudo&lt;kill_out&gt;, exit status 0
19:03:48 INFO  Executed tedge&lt;pub_to_clear_alarm&gt;, exit status 0
19:03:48 INFO  Started tedge&lt;temp_sensor_empty_message&gt; with process id 6498
19:03:49 INFO  Executed sudo&lt;kill_out&gt;, exit status 0
19:03:49 WARN  Grep on temp_sensor_sub.out contains &quot;\[test/alarms/temp_sensor\] alarm msg 2&quot; ... failed [run.py:139]
19:03:49 WARN  Grep on temp_sensor_sub.out contains &quot;\[test/alarms/temp_sensor\] &quot; ... failed [run.py:142]
19:03:49 INFO  Grep on file temp_sensor_empty_message.out ... passed
19:03:49 INFO  
19:03:49 INFO  Test duration: 6.08 secs
19:03:49 INFO  Test final outcome:  FAILED
19:03:49 INFO  Test outcome reason: Grep on temp_sensor_sub.out contains &quot;\[test/alarms/temp_sensor\] alarm msg 2&quot; (+1 other failures)
19:03:49 INFO  
</system-out>
	</testcase>
</testsuite>
