<?xml version="1.0" encoding="utf-8"?>
<testsuite failures="1" name="agent_init_session" skipped="0" tests="1" time="5.88" timestamp="2022-07-15T07:50:54">
	<testcase classname="AgentInitSession" name="agent_init_session">
		<failure message="FAILED: Grep on sub_resp.out contains &quot;Ld3KgqpcLDlrYH6sfpG7w&quot;" type="FAILED"/>
		<system-out>07:50:48 INFO  ==============================================================
07:50:48 INFO  Id:    agent_init_session
07:50:48 INFO  Dir:   tedge_agent/
07:50:48 INFO  Title: Validate tedge agent init session feature
07:50:48 INFO  ==============================================================
07:50:49 INFO  Executed sudo&lt;remove_lock&gt;, exit status 0
07:50:49 INFO  Executed sudo&lt;agent_clear&gt;, exit status 0
07:50:50 INFO  Executed sudo&lt;agent_init&gt;, exit status 0
07:50:50 INFO  Executed sudo&lt;pub_req&gt;, exit status 0
07:50:51 INFO  Started sudo&lt;sub_resp&gt; with process id 5571
07:50:51 INFO  Executed sudo&lt;agent_start&gt;, exit status 0
07:50:51 INFO  Waiting for 2.0 seconds
07:50:54 INFO  Executed sudo&lt;agent_stop&gt;, exit status 0
07:50:54 INFO  Executed sudo&lt;sub_stop&gt;, exit status 0
07:50:54 WARN  Grep on sub_resp.out contains &quot;Ld3KgqpcLDlrYH6sfpG7w&quot; ... failed [run.py:87]
07:50:54 INFO  
07:50:54 INFO  Test duration: 5.88 secs
07:50:54 INFO  Test final outcome:  FAILED
07:50:54 INFO  Test outcome reason: Grep on sub_resp.out contains &quot;Ld3KgqpcLDlrYH6sfpG7w&quot;
07:50:54 INFO  
</system-out>
	</testcase>
</testsuite>
