<?xml version="1.0" encoding="utf-8"?>
<testsuite failures="0" name="smoketest_json" skipped="0" tests="1" time="46.24" timestamp="2022-05-25T10:55:13">
	<testcase classname="SmokeTestJson" name="smoketest_json"/>
</testsuite>
