<?xml version="1.0" encoding="utf-8"?>
<testsuite failures="0" name="docker_plugin_remove" skipped="1" tests="1" time="0.03" timestamp="2022-06-16T14:07:29">
	<testcase classname="DockerPluginRemoveTest" name="docker_plugin_remove">
		<skipped message="SKIPPED: Testing the docker plugin is not supported on this platform.To run it, all the test with -XmyPlatform='container'"/>
		<system-out>14:07:29 INFO  ==============================================================
14:07:29 INFO  Id:    docker_plugin_remove
14:07:29 INFO  Dir:   plugin_docker/
14:07:29 INFO  Title: Validate docker plugin remove
14:07:29 INFO  ==============================================================
14:07:29 INFO  Testing the docker plugin is not supported on this platform.To run it, all the test with -XmyPlatform='container' ... skipped
14:07:29 WARN  Aborted test due to SKIPPED outcome
14:07:29 INFO  
14:07:29 INFO  Test duration: 0.03 secs
14:07:29 INFO  Test final outcome:  SKIPPED
14:07:29 INFO  Test outcome reason: Testing the docker plugin is not supported on this platform.To run it, all the test with -XmyPlatform='container'
14:07:29 INFO  
</system-out>
	</testcase>
</testsuite>
