<?xml version="1.0" encoding="utf-8"?>
<testsuite failures="0" name="apt_remove" skipped="1" tests="1" time="0.02" timestamp="2022-06-08T12:59:23">
	<testcase classname="AptPluginRemoveDense" name="apt_remove">
		<skipped message="SKIPPED: Testing the apt plugin is not supported on this platform.To run the tests call PySys with -XmyPlatform='container'"/>
		<system-out>12:59:23 INFO  ==============================================================
12:59:23 INFO  Id:    apt_remove
12:59:23 INFO  Dir:   plugin_apt/
12:59:23 INFO  Title: Validate apt plugin prepare - dense version
12:59:23 INFO  ==============================================================
12:59:23 INFO  Testing the apt plugin is not supported on this platform.To run the tests call PySys with -XmyPlatform='container' ... skipped
12:59:23 WARN  Aborted test due to SKIPPED outcome
12:59:23 INFO  
12:59:23 INFO  Test duration: 0.02 secs
12:59:23 INFO  Test final outcome:  SKIPPED
12:59:23 INFO  Test outcome reason: Testing the apt plugin is not supported on this platform.To run the tests call PySys with -XmyPlatform='container'
12:59:23 INFO  
</system-out>
	</testcase>
</testsuite>
