<?xml version="1.0" encoding="utf-8"?>
<testsuite failures="0" name="docker_plugin_remove_with_version" skipped="1" tests="1" time="0.02" timestamp="2022-07-22T02:02:18">
	<testcase classname="DockerPluginRemoveWithVersionTest" name="docker_plugin_remove_with_version">
		<skipped message="SKIPPED: Testing the docker plugin is not supported on this platform.To run it, all the test with -XmyPlatform='container'"/>
		<system-out>02:02:18 INFO  ==============================================================
02:02:18 INFO  Id:    docker_plugin_remove_with_version
02:02:18 INFO  Dir:   plugin_docker/
02:02:18 INFO  Title: Validate docker plugin remove with version
02:02:18 INFO  ==============================================================
02:02:18 INFO  Testing the docker plugin is not supported on this platform.To run it, all the test with -XmyPlatform='container' ... skipped
02:02:18 WARN  Aborted test due to SKIPPED outcome
02:02:18 INFO  
02:02:18 INFO  Test duration: 0.02 secs
02:02:18 INFO  Test final outcome:  SKIPPED
02:02:18 INFO  Test outcome reason: Testing the docker plugin is not supported on this platform.To run it, all the test with -XmyPlatform='container'
02:02:18 INFO  
</system-out>
	</testcase>
</testsuite>
