<?xml version="1.0" encoding="utf-8"?>
<testsuite failures="0" name="apt_fail_noarg" skipped="1" tests="1" time="0.04" timestamp="2022-07-21T22:59:25">
	<testcase classname="AptPluginFailNoArg" name="apt_fail_noarg">
		<skipped message="SKIPPED: Testing the apt plugin is not supported on this platform.To run the tests call PySys with -XmyPlatform='container'"/>
		<system-out>22:59:25 INFO  ==============================================================
22:59:25 INFO  Id:    apt_fail_noarg
22:59:25 INFO  Dir:   plugin_apt/
22:59:25 INFO  Title: Validate apt plugin fetures(prepare, list, install, remove finalize) without arguments
22:59:25 INFO  ==============================================================
22:59:25 INFO  Testing the apt plugin is not supported on this platform.To run the tests call PySys with -XmyPlatform='container' ... skipped
22:59:25 WARN  Aborted test due to SKIPPED outcome
22:59:25 INFO  
22:59:25 INFO  Test duration: 0.04 secs
22:59:25 INFO  Test final outcome:  SKIPPED
22:59:25 INFO  Test outcome reason: Testing the apt plugin is not supported on this platform.To run the tests call PySys with -XmyPlatform='container'
22:59:25 INFO  
</system-out>
	</testcase>
</testsuite>
