<?xml version="1.0" encoding="utf-8"?>
<testsuite failures="1" name="mapper_awaits_before_reconnect" skipped="0" tests="1" time="8.57" timestamp="2022-06-20T16:50:17">
	<testcase classname="MapperReconnectAwait" name="mapper_awaits_before_reconnect">
		<failure message="FAILED: Line count on tedge_mapper_journal.out for &quot;tedge_mapper::core::mapper: MQTT connection error:&quot; expected &gt;=2 but got 0" type="FAILED"/>
		<system-out>16:50:08 INFO  ==============================================================
16:50:08 INFO  Id:    mapper_awaits_before_reconnect
16:50:08 INFO  Dir:   tedge_mapper_c8y/
16:50:08 INFO  Title: Validate mapper doesn't reconnect too often
16:50:08 INFO  ==============================================================
16:50:08 INFO  Started mosquitto_sub with process id 7557
16:50:08 INFO  Waiting for 0.1 seconds
16:50:09 INFO  Executed sudo&lt;tedge_mapper&gt;, exit status 0
16:50:09 INFO  Waiting for 5.0 seconds
16:50:14 INFO  Executed sudo&lt;tedge_mapper&gt;, exit status 0
16:50:17 INFO  Executed sudo&lt;tedge_mapper_journal&gt;, exit status 0
16:50:17 WARN  Grep on tedge_mapper_journal.out contains &quot;ERROR&quot; ... failed [run.py:67]
16:50:17 INFO  Line count on file tedge_mapper_journal.out ... passed
16:50:17 WARN  Line count on tedge_mapper_journal.out for &quot;tedge_mapper::core::mapper: MQTT connection error:&quot; expected &gt;=2 but got 0 ... failed [run.py:78]
16:50:17 WARN  Aborted test due to FAILED outcome
16:50:17 INFO  
16:50:17 INFO  Test duration: 8.57 secs
16:50:17 INFO  Test final outcome:  FAILED
16:50:17 INFO  Test outcome reason: Line count on tedge_mapper_journal.out for &quot;tedge_mapper::core::mapper: MQTT connection error:&quot; expected &gt;=2 but got 0
16:50:17 INFO  
</system-out>
	</testcase>
</testsuite>
