<?xml version="1.0" encoding="utf-8"?>
<testsuite failures="1" name="mapper_awaits_before_reconnect" skipped="0" tests="1" time="7.99" timestamp="2022-05-23T11:22:47">
	<testcase classname="MapperReconnectAwait" name="mapper_awaits_before_reconnect">
		<failure message="FAILED: Line count on tedge_mapper_journal.out for &quot;tedge_mapper::core::mapper: MQTT connection error:&quot; expected &gt;=2 but got 0" type="FAILED"/>
		<system-out>11:22:39 INFO  ==============================================================
11:22:39 INFO  Id:    mapper_awaits_before_reconnect
11:22:39 INFO  Dir:   tedge_mapper_c8y/
11:22:39 INFO  Title: Validate mapper doesn't reconnect too often
11:22:39 INFO  ==============================================================
11:22:39 INFO  Started mosquitto_sub with process id 4292
11:22:39 INFO  Waiting for 0.1 seconds
11:22:40 INFO  Executed sudo&lt;tedge_mapper&gt;, exit status 0
11:22:40 INFO  Waiting for 5.0 seconds
11:22:46 INFO  Executed sudo&lt;tedge_mapper&gt;, exit status 0
11:22:47 INFO  Executed sudo&lt;tedge_mapper_journal&gt;, exit status 0
11:22:47 WARN  Grep on tedge_mapper_journal.out contains &quot;ERROR&quot; ... failed [run.py:67]
11:22:47 INFO  Line count on file tedge_mapper_journal.out ... passed
11:22:47 WARN  Line count on tedge_mapper_journal.out for &quot;tedge_mapper::core::mapper: MQTT connection error:&quot; expected &gt;=2 but got 0 ... failed [run.py:78]
11:22:47 WARN  Aborted test due to FAILED outcome
11:22:47 INFO  
11:22:47 INFO  Test duration: 7.99 secs
11:22:47 INFO  Test final outcome:  FAILED
11:22:47 INFO  Test outcome reason: Line count on tedge_mapper_journal.out for &quot;tedge_mapper::core::mapper: MQTT connection error:&quot; expected &gt;=2 but got 0
11:22:47 INFO  
</system-out>
	</testcase>
</testsuite>
