<?xml version="1.0" encoding="utf-8"?>
<testsuite failures="0" name="publish_sawmill" skipped="0" tests="1" time="79.89" timestamp="2022-05-25T10:54:26">
	<testcase classname="PublishSawmill" name="publish_sawmill"/>
</testsuite>
