<?xml version="1.0" encoding="utf-8"?>
<testsuite failures="0" name="SoftwareManagement.Plugin.apama_plugin_install" skipped="1" tests="1" time="0.05" timestamp="2022-07-21T19:59:03">
	<testcase classname="ApamaPluginInstallTest" name="SoftwareManagement.Plugin.apama_plugin_install">
		<skipped message="SKIPPED: Apama plugin tests are disabled by default. Execute `pysys run` with `-XmyPlatform=container` to run these tests"/>
		<system-out>19:59:03 INFO  ==============================================================
19:59:03 INFO  Id:    SoftwareManagement.Plugin.apama_plugin_install
19:59:03 INFO  Dir:   plugin_apama/
19:59:03 INFO  Title: Validate apama plugin install
19:59:03 INFO  ==============================================================
19:59:03 INFO  Apama plugin tests are disabled by default. Execute `pysys run` with `-XmyPlatform=container` to run these tests ... skipped
19:59:03 WARN  Aborted test due to SKIPPED outcome
19:59:03 INFO  
19:59:03 INFO  Test duration: 0.05 secs
19:59:03 INFO  Test final outcome:  SKIPPED
19:59:03 INFO  Test outcome reason: Apama plugin tests are disabled by default. Execute `pysys run` with `-XmyPlatform=container` to run these tests
19:59:03 INFO  
</system-out>
	</testcase>
</testsuite>
