<?xml version="1.0" encoding="utf-8"?>
<testsuite failures="1" name="c8y_jwt_token_retrieval" skipped="0" tests="1" time="22.79" timestamp="2022-06-07T11:25:11">
	<testcase classname="ValidateJWTTokenRetrieval" name="c8y_jwt_token_retrieval">
		<failure message="FAILED: Grep on resp_jwt.out contains &quot;\[c8y/s/dat\] 71,&quot;" type="FAILED"/>
		<system-out>11:24:48 INFO  ==============================================================
11:24:48 INFO  Id:    c8y_jwt_token_retrieval
11:24:48 INFO  Dir:   cloud_c8y/
11:24:48 INFO  Title: Validate the Cumulocity JWT Token Retrieval feature
11:24:48 INFO  ==============================================================
11:24:48 INFO  Executed sudo&lt;tedge_disconnect_c8y&gt;, exit status 0
11:25:03 INFO  Executed sudo&lt;tedge_connect_c8y&gt;, exit status 0, duration 14 secs
11:25:03 INFO  Started sudo&lt;resp_jwt&gt; with process id 19655
11:25:04 INFO  Executed sudo&lt;req_jwt&gt;, exit status 0
11:25:06 INFO  Executed sudo&lt;kill_out&gt;, exit status 0
11:25:06 WARN  Grep on resp_jwt.out contains &quot;\[c8y/s/dat\] 71,&quot; ... failed [run.py:60]
11:25:06 INFO  
11:25:07 INFO  cleanup:
11:25:11 INFO  Executed sudo&lt;tedge_disconnect_c8y&gt;, exit status 0
11:25:11 INFO  
11:25:11 INFO  Test duration: 22.79 secs
11:25:11 INFO  Test final outcome:  FAILED
11:25:11 INFO  Test outcome reason: Grep on resp_jwt.out contains &quot;\[c8y/s/dat\] 71,&quot;
11:25:11 INFO  
</system-out>
	</testcase>
</testsuite>
