<?xml version="1.0" encoding="utf-8"?>
<testsuite failures="0" name="SoftwareManagement.sm_docker_install_remove_multiple" skipped="1" tests="1" time="0.02" timestamp="2022-07-25T15:12:17">
	<testcase classname="SMDockerInstallRemove" name="SoftwareManagement.sm_docker_install_remove_multiple">
		<skipped message="SKIPPED: Testing the apt plugin is not supported on this platform.Use parameter -XmyPlatform='container' to enable it"/>
		<system-out>15:12:17 INFO  ==============================================================
15:12:17 INFO  Id:    SoftwareManagement.sm_docker_install_remove_multiple
15:12:17 INFO  Dir:   software_management_end_to_end/
15:12:17 INFO  Title: Validate end to end behaviour for the docker plugin for multiple docker images with mixed versions
15:12:17 INFO  ==============================================================
15:12:17 INFO  Testing the apt plugin is not supported on this platform.Use parameter -XmyPlatform='container' to enable it ... skipped
15:12:17 WARN  Aborted test due to SKIPPED outcome
15:12:17 INFO  
15:12:17 INFO  Test duration: 0.02 secs
15:12:17 INFO  Test final outcome:  SKIPPED
15:12:17 INFO  Test outcome reason: Testing the apt plugin is not supported on this platform.Use parameter -XmyPlatform='container' to enable it
15:12:17 INFO  
</system-out>
	</testcase>
</testsuite>
