<?xml version="1.0" encoding="utf-8"?>
<testsuite failures="0" name="docker_plugin_install_with_version" skipped="1" tests="1" time="0.03" timestamp="2022-07-21T09:58:11">
	<testcase classname="DockerPluginInstallWithVersionTest" name="docker_plugin_install_with_version">
		<skipped message="SKIPPED: Testing the docker plugin is not supported on this platform.To run it, all the test with -XmyPlatform='container'"/>
		<system-out>09:58:11 INFO  ==============================================================
09:58:11 INFO  Id:    docker_plugin_install_with_version
09:58:11 INFO  Dir:   plugin_docker/
09:58:11 INFO  Title: Validate docker plugin install
09:58:11 INFO  ==============================================================
09:58:11 INFO  Testing the docker plugin is not supported on this platform.To run it, all the test with -XmyPlatform='container' ... skipped
09:58:11 WARN  Aborted test due to SKIPPED outcome
09:58:11 INFO  
09:58:11 INFO  Test duration: 0.03 secs
09:58:11 INFO  Test final outcome:  SKIPPED
09:58:11 INFO  Test outcome reason: Testing the docker plugin is not supported on this platform.To run it, all the test with -XmyPlatform='container'
09:58:11 INFO  
</system-out>
	</testcase>
</testsuite>
