<?xml version="1.0" encoding="utf-8"?>
<testsuite failures="1" name="mapper_awaits_before_reconnect" skipped="0" tests="1" time="10.58" timestamp="2022-06-09T07:10:31">
	<testcase classname="MapperReconnectAwait" name="mapper_awaits_before_reconnect">
		<failure message="FAILED: Line count on tedge_mapper_journal.out for &quot;tedge_mapper::core::mapper: MQTT connection error:&quot; expected &gt;=2 but got 0" type="FAILED"/>
		<system-out>07:10:20 INFO  ==============================================================
07:10:20 INFO  Id:    mapper_awaits_before_reconnect
07:10:20 INFO  Dir:   tedge_mapper_c8y/
07:10:20 INFO  Title: Validate mapper doesn't reconnect too often
07:10:20 INFO  ==============================================================
07:10:20 INFO  Started mosquitto_sub with process id 19785
07:10:20 INFO  Waiting for 0.1 seconds
07:10:21 INFO  Executed sudo&lt;tedge_mapper&gt;, exit status 0
07:10:21 INFO  Waiting for 5.0 seconds
07:10:26 INFO  Executed sudo&lt;tedge_mapper&gt;, exit status 0
07:10:30 INFO  Executed sudo&lt;tedge_mapper_journal&gt;, exit status 0
07:10:30 WARN  Grep on tedge_mapper_journal.out contains &quot;ERROR&quot; ... failed [run.py:67]
07:10:30 INFO  Line count on file tedge_mapper_journal.out ... passed
07:10:31 WARN  Line count on tedge_mapper_journal.out for &quot;tedge_mapper::core::mapper: MQTT connection error:&quot; expected &gt;=2 but got 0 ... failed [run.py:78]
07:10:31 WARN  Aborted test due to FAILED outcome
07:10:31 INFO  
07:10:31 INFO  Test duration: 10.58 secs
07:10:31 INFO  Test final outcome:  FAILED
07:10:31 INFO  Test outcome reason: Line count on tedge_mapper_journal.out for &quot;tedge_mapper::core::mapper: MQTT connection error:&quot; expected &gt;=2 but got 0
07:10:31 INFO  
</system-out>
	</testcase>
</testsuite>
