<?xml version="1.0" encoding="utf-8"?>
<testsuite failures="0" name="docker_plugin_install_with_version" skipped="1" tests="1" time="0.02" timestamp="2022-07-13T11:36:15">
	<testcase classname="DockerPluginInstallWithVersionTest" name="docker_plugin_install_with_version">
		<skipped message="SKIPPED: Testing the docker plugin is not supported on this platform.To run it, all the test with -XmyPlatform='container'"/>
		<system-out>11:36:15 INFO  ==============================================================
11:36:15 INFO  Id:    docker_plugin_install_with_version
11:36:15 INFO  Dir:   plugin_docker/
11:36:15 INFO  Title: Validate docker plugin install
11:36:15 INFO  ==============================================================
11:36:15 INFO  Testing the docker plugin is not supported on this platform.To run it, all the test with -XmyPlatform='container' ... skipped
11:36:15 WARN  Aborted test due to SKIPPED outcome
11:36:15 INFO  
11:36:15 INFO  Test duration: 0.02 secs
11:36:15 INFO  Test final outcome:  SKIPPED
11:36:15 INFO  Test outcome reason: Testing the docker plugin is not supported on this platform.To run it, all the test with -XmyPlatform='container'
11:36:15 INFO  
</system-out>
	</testcase>
</testsuite>
