<?xml version="1.0" encoding="utf-8"?>
<testsuite failures="0" name="apt_sequence_install_with_version" skipped="1" tests="1" time="0.02" timestamp="2022-06-07T11:27:47">
	<testcase classname="AptPluginPrepInstallWithVersionFinalize" name="apt_sequence_install_with_version">
		<skipped message="SKIPPED: Testing the apt plugin is not supported on this platform.To run the tests call PySys with -XmyPlatform='container'"/>
		<system-out>11:27:47 INFO  ==============================================================
11:27:47 INFO  Id:    apt_sequence_install_with_version
11:27:47 INFO  Dir:   plugin_apt/
11:27:47 INFO  Title: Validate apt plugin install with version use case
11:27:47 INFO  ==============================================================
11:27:47 INFO  Testing the apt plugin is not supported on this platform.To run the tests call PySys with -XmyPlatform='container' ... skipped
11:27:47 WARN  Aborted test due to SKIPPED outcome
11:27:47 INFO  
11:27:47 INFO  Test duration: 0.02 secs
11:27:47 INFO  Test final outcome:  SKIPPED
11:27:47 INFO  Test outcome reason: Testing the apt plugin is not supported on this platform.To run the tests call PySys with -XmyPlatform='container'
11:27:47 INFO  
</system-out>
	</testcase>
</testsuite>
