<?xml version="1.0" encoding="utf-8"?>
<testsuite failures="0" name="SoftwareManagement.Plugin.apama_plugin_install" skipped="1" tests="1" time="0.05" timestamp="2022-07-15T07:40:16">
	<testcase classname="ApamaPluginInstallTest" name="SoftwareManagement.Plugin.apama_plugin_install">
		<skipped message="SKIPPED: Apama plugin tests are disabled by default. Execute `pysys run` with `-XmyPlatform=container` to run these tests"/>
		<system-out>07:40:16 INFO  ==============================================================
07:40:16 INFO  Id:    SoftwareManagement.Plugin.apama_plugin_install
07:40:16 INFO  Dir:   plugin_apama/
07:40:16 INFO  Title: Validate apama plugin install
07:40:16 INFO  ==============================================================
07:40:16 INFO  Apama plugin tests are disabled by default. Execute `pysys run` with `-XmyPlatform=container` to run these tests ... skipped
07:40:16 WARN  Aborted test due to SKIPPED outcome
07:40:16 INFO  
07:40:16 INFO  Test duration: 0.05 secs
07:40:16 INFO  Test final outcome:  SKIPPED
07:40:16 INFO  Test outcome reason: Apama plugin tests are disabled by default. Execute `pysys run` with `-XmyPlatform=container` to run these tests
07:40:16 INFO  
</system-out>
	</testcase>
</testsuite>
