<?xml version="1.0" encoding="utf-8"?>
<testsuite failures="1" name="c8y_jwt_token_retrieval" skipped="0" tests="1" time="22.03" timestamp="2022-07-21T21:27:03">
	<testcase classname="ValidateJWTTokenRetrieval" name="c8y_jwt_token_retrieval">
		<failure message="FAILED: Grep on resp_jwt.out contains &quot;\[c8y/s/dat\] 71,&quot;" type="FAILED"/>
		<system-out>21:26:41 INFO  ==============================================================
21:26:41 INFO  Id:    c8y_jwt_token_retrieval
21:26:41 INFO  Dir:   cloud_c8y/
21:26:41 INFO  Title: Validate the Cumulocity JWT Token Retrieval feature
21:26:41 INFO  ==============================================================
21:26:42 INFO  Executed sudo&lt;tedge_disconnect_c8y&gt;, exit status 0
21:26:57 INFO  Executed sudo&lt;tedge_connect_c8y&gt;, exit status 0, duration 14 secs
21:26:57 INFO  Started sudo&lt;resp_jwt&gt; with process id 30484
21:26:57 INFO  Executed sudo&lt;req_jwt&gt;, exit status 0
21:26:59 INFO  Executed sudo&lt;kill_out&gt;, exit status 0
21:26:59 WARN  Grep on resp_jwt.out contains &quot;\[c8y/s/dat\] 71,&quot; ... failed [run.py:60]
21:26:59 INFO  
21:26:59 INFO  cleanup:
21:27:03 INFO  Executed sudo&lt;tedge_disconnect_c8y&gt;, exit status 0
21:27:03 INFO  
21:27:03 INFO  Test duration: 22.03 secs
21:27:03 INFO  Test final outcome:  FAILED
21:27:03 INFO  Test outcome reason: Grep on resp_jwt.out contains &quot;\[c8y/s/dat\] 71,&quot;
21:27:03 INFO  
</system-out>
	</testcase>
</testsuite>
