<?xml version="1.0" encoding="utf-8"?>
<testsuite failures="0" name="apt_prepare" skipped="1" tests="1" time="0.02" timestamp="2022-06-09T06:57:43">
	<testcase classname="AptPluginPrepare" name="apt_prepare">
		<skipped message="SKIPPED: Testing the apt plugin is not supported on this platform.To run the tests call PySys with -XmyPlatform='container'"/>
		<system-out>06:57:42 INFO  ==============================================================
06:57:42 INFO  Id:    apt_prepare
06:57:42 INFO  Dir:   plugin_apt/
06:57:42 INFO  Title: Validate apt plugin install - dense version
06:57:42 INFO  ==============================================================
06:57:42 INFO  Testing the apt plugin is not supported on this platform.To run the tests call PySys with -XmyPlatform='container' ... skipped
06:57:42 WARN  Aborted test due to SKIPPED outcome
06:57:42 INFO  
06:57:42 INFO  Test duration: 0.02 secs
06:57:43 INFO  Test final outcome:  SKIPPED
06:57:43 INFO  Test outcome reason: Testing the apt plugin is not supported on this platform.To run the tests call PySys with -XmyPlatform='container'
06:57:43 INFO  
</system-out>
	</testcase>
</testsuite>
