<?xml version="1.0" encoding="utf-8"?>
<testsuite failures="0" name="docker_plugin_finalize" skipped="1" tests="1" time="0.05" timestamp="2022-05-23T16:47:31">
	<testcase classname="DockerPluginFinalizeTest" name="docker_plugin_finalize">
		<skipped message="SKIPPED: Testing the docker plugin is not supported on this platform.To run it, all the test with -XmyPlatform='container'"/>
		<system-out>16:47:31 INFO  ==============================================================
16:47:31 INFO  Id:    docker_plugin_finalize
16:47:31 INFO  Dir:   plugin_docker/
16:47:31 INFO  Title: Validate docker plugin finalize command
16:47:31 INFO  ==============================================================
16:47:31 INFO  Testing the docker plugin is not supported on this platform.To run it, all the test with -XmyPlatform='container' ... skipped
16:47:31 WARN  Aborted test due to SKIPPED outcome
16:47:31 INFO  
16:47:31 INFO  Test duration: 0.05 secs
16:47:31 INFO  Test final outcome:  SKIPPED
16:47:31 INFO  Test outcome reason: Testing the docker plugin is not supported on this platform.To run it, all the test with -XmyPlatform='container'
16:47:31 INFO  
</system-out>
	</testcase>
</testsuite>
