<?xml version="1.0" encoding="utf-8"?>
<testsuite failures="1" name="agent_init_session" skipped="0" tests="1" time="5.83" timestamp="2022-07-22T04:02:33">
	<testcase classname="AgentInitSession" name="agent_init_session">
		<failure message="FAILED: Grep on sub_resp.out contains &quot;Ld3KgqpcLDlrYH6sfpG7w&quot;" type="FAILED"/>
		<system-out>04:02:27 INFO  ==============================================================
04:02:27 INFO  Id:    agent_init_session
04:02:27 INFO  Dir:   tedge_agent/
04:02:27 INFO  Title: Validate tedge agent init session feature
04:02:27 INFO  ==============================================================
04:02:27 INFO  Executed sudo&lt;remove_lock&gt;, exit status 0
04:02:28 INFO  Executed sudo&lt;agent_clear&gt;, exit status 0
04:02:28 INFO  Executed sudo&lt;agent_init&gt;, exit status 0
04:02:29 INFO  Executed sudo&lt;pub_req&gt;, exit status 0
04:02:29 INFO  Started sudo&lt;sub_resp&gt; with process id 3185
04:02:29 INFO  Executed sudo&lt;agent_start&gt;, exit status 0
04:02:29 INFO  Waiting for 2.0 seconds
04:02:32 INFO  Executed sudo&lt;agent_stop&gt;, exit status 0
04:02:33 INFO  Executed sudo&lt;sub_stop&gt;, exit status 0
04:02:33 WARN  Grep on sub_resp.out contains &quot;Ld3KgqpcLDlrYH6sfpG7w&quot; ... failed [run.py:87]
04:02:33 INFO  
04:02:33 INFO  Test duration: 5.83 secs
04:02:33 INFO  Test final outcome:  FAILED
04:02:33 INFO  Test outcome reason: Grep on sub_resp.out contains &quot;Ld3KgqpcLDlrYH6sfpG7w&quot;
04:02:33 INFO  
</system-out>
	</testcase>
</testsuite>
