<?xml version="1.0" encoding="utf-8"?>
<testsuite failures="0" name="apt_finalize" skipped="1" tests="1" time="0.02" timestamp="2022-06-22T09:43:34">
	<testcase classname="AptPluginFinalize" name="apt_finalize">
		<skipped message="SKIPPED: Testing the apt plugin is not supported on this platform.To run the tests call PySys with -XmyPlatform='container'"/>
		<system-out>09:43:34 INFO  ==============================================================
09:43:34 INFO  Id:    apt_finalize
09:43:34 INFO  Dir:   plugin_apt/
09:43:34 INFO  Title: Validate apt plugin finalize - dense version
09:43:34 INFO  ==============================================================
09:43:34 INFO  Testing the apt plugin is not supported on this platform.To run the tests call PySys with -XmyPlatform='container' ... skipped
09:43:34 WARN  Aborted test due to SKIPPED outcome
09:43:34 INFO  
09:43:34 INFO  Test duration: 0.02 secs
09:43:34 INFO  Test final outcome:  SKIPPED
09:43:34 INFO  Test outcome reason: Testing the apt plugin is not supported on this platform.To run the tests call PySys with -XmyPlatform='container'
09:43:34 INFO  
</system-out>
	</testcase>
</testsuite>
