<?xml version="1.0" encoding="utf-8"?>
<testsuite failures="1" name="mapper_awaits_before_reconnect" skipped="0" tests="1" time="9.19" timestamp="2022-07-22T04:04:50">
	<testcase classname="MapperReconnectAwait" name="mapper_awaits_before_reconnect">
		<failure message="FAILED: Line count on tedge_mapper_journal.out for &quot;tedge_mapper::core::mapper: MQTT connection error:&quot; expected &gt;=2 but got 0" type="FAILED"/>
		<system-out>04:04:41 INFO  ==============================================================
04:04:41 INFO  Id:    mapper_awaits_before_reconnect
04:04:41 INFO  Dir:   tedge_mapper_c8y/
04:04:41 INFO  Title: Validate mapper doesn't reconnect too often
04:04:41 INFO  ==============================================================
04:04:41 INFO  Started mosquitto_sub with process id 3939
04:04:41 INFO  Waiting for 0.1 seconds
04:04:42 INFO  Executed sudo&lt;tedge_mapper&gt;, exit status 0
04:04:42 INFO  Waiting for 5.0 seconds
04:04:47 INFO  Executed sudo&lt;tedge_mapper&gt;, exit status 0
04:04:50 INFO  Executed sudo&lt;tedge_mapper_journal&gt;, exit status 0
04:04:50 WARN  Grep on tedge_mapper_journal.out contains &quot;ERROR&quot; ... failed [run.py:67]
04:04:50 INFO  Line count on file tedge_mapper_journal.out ... passed
04:04:50 WARN  Line count on tedge_mapper_journal.out for &quot;tedge_mapper::core::mapper: MQTT connection error:&quot; expected &gt;=2 but got 0 ... failed [run.py:78]
04:04:50 WARN  Aborted test due to FAILED outcome
04:04:50 INFO  
04:04:50 INFO  Test duration: 9.19 secs
04:04:50 INFO  Test final outcome:  FAILED
04:04:50 INFO  Test outcome reason: Line count on tedge_mapper_journal.out for &quot;tedge_mapper::core::mapper: MQTT connection error:&quot; expected &gt;=2 but got 0
04:04:50 INFO  
</system-out>
	</testcase>
</testsuite>
