<?xml version="1.0" encoding="utf-8"?>
<testsuite failures="0" name="apt_install_local_file_with_version" skipped="1" tests="1" time="0.04" timestamp="2022-07-19T13:39:08">
	<testcase classname="AptPluginInstallFromLocalFileWithVersion" name="apt_install_local_file_with_version">
		<skipped message="SKIPPED: Testing the apt plugin is not supported on this platform.To run the tests call PySys with -XmyPlatform='container'"/>
		<system-out>13:39:08 INFO  ==============================================================
13:39:08 INFO  Id:    apt_install_local_file_with_version
13:39:08 INFO  Dir:   plugin_apt/
13:39:08 INFO  Title: Validate apt plugin install from local file AND with a version - SUCCESS case
13:39:08 INFO  ==============================================================
13:39:08 INFO  Testing the apt plugin is not supported on this platform.To run the tests call PySys with -XmyPlatform='container' ... skipped
13:39:08 WARN  Aborted test due to SKIPPED outcome
13:39:08 INFO  
13:39:08 INFO  Test duration: 0.04 secs
13:39:08 INFO  Test final outcome:  SKIPPED
13:39:08 INFO  Test outcome reason: Testing the apt plugin is not supported on this platform.To run the tests call PySys with -XmyPlatform='container'
13:39:08 INFO  
</system-out>
	</testcase>
</testsuite>
