<?xml version="1.0" encoding="utf-8"?>
<testsuite failures="1" name="call_tedge_-h_-V" skipped="0" tests="1" time="0.74" timestamp="2022-07-16T17:25:52">
	<testcase classname="PySysTest" name="call_tedge_-h_-V">
		<failure message="FAILED: Grep on tedge.out contains &quot;tedge 0.6&quot;" type="FAILED"/>
		<system-out>17:25:51 INFO  ==============================================================
17:25:51 INFO  Id:    call_tedge_-h_-V
17:25:51 INFO  Dir:   tedge/
17:25:51 INFO  Title: Validate command line option -h -V
17:25:51 INFO  ==============================================================
17:25:51 INFO  Executed tedge, exit status 0
17:25:52 WARN  Grep on tedge.out contains &quot;tedge 0.6&quot; ... failed [run.py:32]
17:25:52 INFO  Grep on file tedge.out ... passed
17:25:52 INFO  
17:25:52 INFO  Test duration: 0.74 secs
17:25:52 INFO  Test final outcome:  FAILED
17:25:52 INFO  Test outcome reason: Grep on tedge.out contains &quot;tedge 0.6&quot;
17:25:52 INFO  
</system-out>
	</testcase>
</testsuite>
