<?xml version="1.0" encoding="utf-8"?>
<testsuite failures="0" name="apt_install" skipped="1" tests="1" time="0.02" timestamp="2022-07-25T10:18:13">
	<testcase classname="AptPluginInstallDense" name="apt_install">
		<skipped message="SKIPPED: Testing the apt plugin is not supported on this platform.To run the tests call PySys with -XmyPlatform='container'"/>
		<system-out>10:18:13 INFO  ==============================================================
10:18:13 INFO  Id:    apt_install
10:18:13 INFO  Dir:   plugin_apt/
10:18:13 INFO  Title: Validate apt plugin prepare - dense version
10:18:13 INFO  ==============================================================
10:18:13 INFO  Testing the apt plugin is not supported on this platform.To run the tests call PySys with -XmyPlatform='container' ... skipped
10:18:13 WARN  Aborted test due to SKIPPED outcome
10:18:13 INFO  
10:18:13 INFO  Test duration: 0.02 secs
10:18:13 INFO  Test final outcome:  SKIPPED
10:18:13 INFO  Test outcome reason: Testing the apt plugin is not supported on this platform.To run the tests call PySys with -XmyPlatform='container'
10:18:13 INFO  
</system-out>
	</testcase>
</testsuite>
