<?xml version="1.0" encoding="utf-8"?>
<testsuite failures="0" name="call_tedge_-V" skipped="0" tests="1" time="0.71" timestamp="2022-06-17T08:46:11">
	<testcase classname="PySysTest" name="call_tedge_-V"/>
</testsuite>
