<?xml version="1.0" encoding="utf-8"?>
<testsuite failures="0" name="tedge_software_update" skipped="0" tests="1" time="25.71" timestamp="2022-07-21T12:01:36">
	<testcase classname="PySysTest" name="tedge_software_update"/>
</testsuite>
