<?xml version="1.0" encoding="utf-8"?>
<testsuite failures="1" name="tedge_mapper_c8y_packet_threshold_size" skipped="0" tests="1" time="2.92" timestamp="2022-07-21T16:36:09">
	<testcase classname="TedgeMapperC8yThresholdPacketSize" name="tedge_mapper_c8y_packet_threshold_size">
		<failure message="FAILED: Grep on tedge_sub.out contains &quot;The size of the message received on tedge/measurements is 20489 which is greater than the threshold size of 16184.&quot;" type="FAILED"/>
		<system-out>16:36:06 INFO  ==============================================================
16:36:06 INFO  Id:    tedge_mapper_c8y_packet_threshold_size
16:36:06 INFO  Dir:   tedge_mapper_c8y/
16:36:06 INFO  Title: Validate the Cumulocity Mapper accepted threshold packet size when it receives a message on tedge/measurements
16:36:06 INFO  ==============================================================
16:36:06 INFO  Executed sudo&lt;tedge_mapper_c8y&gt;, exit status 0
16:36:06 INFO  Started sudo&lt;tedge_sub&gt; with process id 14424
16:36:07 INFO  Executed sudo&lt;tedge_msg&gt;, exit status 0
16:36:08 INFO  Executed sudo&lt;tedge_pub&gt;, exit status 0
16:36:08 INFO  Executed sudo&lt;kill_out&gt;, exit status 0
16:36:08 WARN  Grep on tedge_sub.out contains &quot;The size of the message received on tedge/measurements is 20489 which is greater than the threshold size of 16184.&quot; ... failed [run.py:88]
16:36:08 INFO  
16:36:08 INFO  cleanup:
16:36:08 INFO  mapper_cleanup
16:36:09 INFO  Executed sudo&lt;tedge_mapper_c8y&gt;, exit status 0
16:36:09 INFO  
16:36:09 INFO  Test duration: 2.92 secs
16:36:09 INFO  Test final outcome:  FAILED
16:36:09 INFO  Test outcome reason: Grep on tedge_sub.out contains &quot;The size of the message received on tedge/measurements is 20489 which is greater than the threshold size of 16184.&quot;
16:36:09 INFO  
</system-out>
	</testcase>
</testsuite>
