<?xml version="1.0" encoding="utf-8"?>
<testsuite failures="1" name="log_request_error_messages" skipped="0" tests="1" time="28.48" timestamp="2022-06-09T06:55:44">
	<testcase classname="LogRequestVerifySearchTextError" name="log_request_error_messages">
		<failure message="BLOCKED: TypeError: 'NoneType' object is not subscriptable" type="BLOCKED"/>
		<system-out>06:55:16 INFO  ==============================================================
06:55:16 INFO  Id:    log_request_error_messages
06:55:16 INFO  Dir:   log_request_end_to_end/
06:55:16 INFO  Title: Validate end to end behaviour for the log request operation check for error messages
06:55:16 INFO  ==============================================================
06:55:17 INFO  EnvironmentC8y Setup
06:55:18 INFO  Executed systemctl&lt;serv_mapper1&gt;, exit status 3
06:55:33 INFO  Executed sudo&lt;tedge_connect_c8y&gt;, exit status 0, duration 14 secs
06:55:33 INFO  Executed sudo&lt;tedge_connect_c8y_test&gt;, exit status 0
06:55:34 INFO  Executed systemctl&lt;serv_mosq2&gt;, exit status 0
06:55:34 INFO  Executed systemctl&lt;serv_mapper3&gt;, exit status 0
06:55:35 INFO  Executed sudo&lt;rm_logs&gt;, exit status 0
06:55:36 INFO  Executed sudo&lt;move_logs&gt;, exit status 0
06:55:36 INFO  Executed sudo&lt;log_file_daemon&gt;, exit status 0
06:55:37 WARN  TypeError occurred while running test - 'NoneType' object is not subscriptable
Traceback (most recent call last):
  File &quot;/home/pi/env-pysys/lib/python3.7/site-packages/pysys/baserunner.py&quot;, line 1294, in __call__
    self.testObj.execute()
  File &quot;/home/pi/actions-runner/_work/thin-edge.io/thin-edge.io/tests/PySys/log_request_end_to_end/log_request_error_messages/run.py&quot;, line 47, in execute
    log_file_request_payload, self.project.deviceid
  File &quot;/home/pi/actions-runner/_work/thin-edge.io/thin-edge.io/tests/PySys/environments/cumulocity.py&quot;, line 101, in trigger_log_request
    &quot;deviceId&quot;: self.device_fragment[&quot;id&quot;],
TypeError: 'NoneType' object is not subscriptable
06:55:37 WARN  TypeError: 'NoneType' object is not subscriptable ... blocked 
06:55:37 INFO  
06:55:37 INFO  cleanup:
06:55:38 INFO  Executed sudo&lt;rm_logs&gt;, exit status 0
06:55:39 INFO  Executed sudo&lt;rm_tmp_logs&gt;, exit status 0
06:55:39 INFO  Executed sudo&lt;send_failed&gt;, exit status 0
06:55:40 INFO  Executed sudo&lt;log_file_daemon&gt;, exit status 0
06:55:44 INFO  Executed sudo&lt;tedge_disconnect_c8y&gt;, exit status 0
06:55:44 INFO  Executed systemctl&lt;serv_mapper5&gt;, exit status 3
06:55:44 INFO  
06:55:44 INFO  Test duration: 28.48 secs
06:55:44 INFO  Test final outcome:  BLOCKED
06:55:44 INFO  Test outcome reason: TypeError: 'NoneType' object is not subscriptable
06:55:44 INFO  
</system-out>
	</testcase>
</testsuite>
