<?xml version="1.0" encoding="utf-8"?>
<testsuite failures="1" name="call_tedge_-h_-V" skipped="0" tests="1" time="0.52" timestamp="2022-06-08T13:09:05">
	<testcase classname="PySysTest" name="call_tedge_-h_-V">
		<failure message="FAILED: Grep on tedge.out contains &quot;tedge 0.6&quot;" type="FAILED"/>
		<system-out>13:09:05 INFO  ==============================================================
13:09:05 INFO  Id:    call_tedge_-h_-V
13:09:05 INFO  Dir:   tedge/
13:09:05 INFO  Title: Validate command line option -h -V
13:09:05 INFO  ==============================================================
13:09:05 INFO  Executed tedge, exit status 0
13:09:05 WARN  Grep on tedge.out contains &quot;tedge 0.6&quot; ... failed [run.py:32]
13:09:05 INFO  Grep on file tedge.out ... passed
13:09:05 INFO  
13:09:05 INFO  Test duration: 0.52 secs
13:09:05 INFO  Test final outcome:  FAILED
13:09:05 INFO  Test outcome reason: Grep on tedge.out contains &quot;tedge 0.6&quot;
13:09:05 INFO  
</system-out>
	</testcase>
</testsuite>
