<?xml version="1.0" encoding="utf-8"?>
<testsuite failures="0" name="publish_flux" skipped="0" tests="1" time="72.62" timestamp="2022-07-20T10:46:36">
	<testcase classname="PublishFlux" name="publish_flux"/>
</testsuite>
