<?xml version="1.0" encoding="utf-8"?>
<testsuite failures="1" name="mapper_awaits_before_reconnect" skipped="0" tests="1" time="8.82" timestamp="2022-07-21T15:03:01">
	<testcase classname="MapperReconnectAwait" name="mapper_awaits_before_reconnect">
		<failure message="FAILED: Line count on tedge_mapper_journal.out for &quot;tedge_mapper::core::mapper: MQTT connection error:&quot; expected &gt;=2 but got 0" type="FAILED"/>
		<system-out>15:02:52 INFO  ==============================================================
15:02:52 INFO  Id:    mapper_awaits_before_reconnect
15:02:52 INFO  Dir:   tedge_mapper_c8y/
15:02:52 INFO  Title: Validate mapper doesn't reconnect too often
15:02:52 INFO  ==============================================================
15:02:52 INFO  Started mosquitto_sub with process id 20319
15:02:52 INFO  Waiting for 0.1 seconds
15:02:53 INFO  Executed sudo&lt;tedge_mapper&gt;, exit status 0
15:02:53 INFO  Waiting for 5.0 seconds
15:02:59 INFO  Executed sudo&lt;tedge_mapper&gt;, exit status 0
15:03:01 INFO  Executed sudo&lt;tedge_mapper_journal&gt;, exit status 0
15:03:01 WARN  Grep on tedge_mapper_journal.out contains &quot;ERROR&quot; ... failed [run.py:67]
15:03:01 INFO  Line count on file tedge_mapper_journal.out ... passed
15:03:01 WARN  Line count on tedge_mapper_journal.out for &quot;tedge_mapper::core::mapper: MQTT connection error:&quot; expected &gt;=2 but got 0 ... failed [run.py:78]
15:03:01 WARN  Aborted test due to FAILED outcome
15:03:01 INFO  
15:03:01 INFO  Test duration: 8.82 secs
15:03:01 INFO  Test final outcome:  FAILED
15:03:01 INFO  Test outcome reason: Line count on tedge_mapper_journal.out for &quot;tedge_mapper::core::mapper: MQTT connection error:&quot; expected &gt;=2 but got 0
15:03:01 INFO  
</system-out>
	</testcase>
</testsuite>
