<?xml version="1.0" encoding="utf-8"?>
<testsuite failures="0" name="custom_init_system" skipped="0" tests="1" time="29.09" timestamp="2022-06-29T11:53:32">
	<testcase classname="CustomInitSystem" name="custom_init_system"/>
</testsuite>
