<?xml version="1.0" encoding="utf-8"?>
<testsuite failures="0" name="apt_wrong_option" skipped="1" tests="1" time="0.02" timestamp="2022-07-22T00:32:24">
	<testcase classname="AptPluginWrongOption" name="apt_wrong_option">
		<skipped message="SKIPPED: Testing the apt plugin is not supported on this platform.To run the tests call PySys with -XmyPlatform='container'"/>
		<system-out>00:32:24 INFO  ==============================================================
00:32:24 INFO  Id:    apt_wrong_option
00:32:24 INFO  Dir:   plugin_apt/
00:32:24 INFO  Title: Validate apt plugin install
00:32:24 INFO  ==============================================================
00:32:24 INFO  Testing the apt plugin is not supported on this platform.To run the tests call PySys with -XmyPlatform='container' ... skipped
00:32:24 WARN  Aborted test due to SKIPPED outcome
00:32:24 INFO  
00:32:24 INFO  Test duration: 0.02 secs
00:32:24 INFO  Test final outcome:  SKIPPED
00:32:24 INFO  Test outcome reason: Testing the apt plugin is not supported on this platform.To run the tests call PySys with -XmyPlatform='container'
00:32:24 INFO  
</system-out>
	</testcase>
</testsuite>
