<?xml version="1.0" encoding="utf-8"?>
<testsuite failures="1" name="agent_init_session" skipped="0" tests="1" time="5.86" timestamp="2022-07-18T14:09:58">
	<testcase classname="AgentInitSession" name="agent_init_session">
		<failure message="FAILED: Grep on sub_resp.out contains &quot;Ld3KgqpcLDlrYH6sfpG7w&quot;" type="FAILED"/>
		<system-out>14:09:52 INFO  ==============================================================
14:09:52 INFO  Id:    agent_init_session
14:09:52 INFO  Dir:   tedge_agent/
14:09:52 INFO  Title: Validate tedge agent init session feature
14:09:52 INFO  ==============================================================
14:09:53 INFO  Executed sudo&lt;remove_lock&gt;, exit status 0
14:09:53 INFO  Executed sudo&lt;agent_clear&gt;, exit status 0
14:09:54 INFO  Executed sudo&lt;agent_init&gt;, exit status 0
14:09:54 INFO  Executed sudo&lt;pub_req&gt;, exit status 0
14:09:54 INFO  Started sudo&lt;sub_resp&gt; with process id 7491
14:09:55 INFO  Executed sudo&lt;agent_start&gt;, exit status 0
14:09:55 INFO  Waiting for 2.0 seconds
14:09:57 INFO  Executed sudo&lt;agent_stop&gt;, exit status 0
14:09:58 INFO  Executed sudo&lt;sub_stop&gt;, exit status 0
14:09:58 WARN  Grep on sub_resp.out contains &quot;Ld3KgqpcLDlrYH6sfpG7w&quot; ... failed [run.py:87]
14:09:58 INFO  
14:09:58 INFO  Test duration: 5.86 secs
14:09:58 INFO  Test final outcome:  FAILED
14:09:58 INFO  Test outcome reason: Grep on sub_resp.out contains &quot;Ld3KgqpcLDlrYH6sfpG7w&quot;
14:09:58 INFO  
</system-out>
	</testcase>
</testsuite>
