<?xml version="1.0" encoding="utf-8"?>
<testsuite failures="0" name="monitoring_with_collectd" skipped="1" tests="1" time="0.04" timestamp="2022-06-20T14:58:35">
	<testcase classname="MonitoringWithCollectd" name="monitoring_with_collectd">
		<skipped message="SKIPPED: Test execution disabled due to #792 (instable)"/>
		<system-out>14:58:35 INFO  ==============================================================
14:58:35 INFO  Id:    monitoring_with_collectd
14:58:35 INFO  Dir:   monitoring/
14:58:35 INFO  Title: Validate tedge dm agent messages that are produced by batching the collectd messages
14:58:35 INFO  ==============================================================
14:58:35 INFO  Test execution disabled due to #792 (instable) ... skipped
14:58:35 INFO  
14:58:35 INFO  Test duration: 0.04 secs
14:58:35 INFO  Test final outcome:  SKIPPED
14:58:35 INFO  Test outcome reason: Test execution disabled due to #792 (instable)
14:58:35 INFO  
</system-out>
	</testcase>
</testsuite>
