<?xml version="1.0" encoding="utf-8"?>
<testsuite failures="0" name="docker_plugin_finalize" skipped="1" tests="1" time="0.05" timestamp="2022-07-22T03:51:56">
	<testcase classname="DockerPluginFinalizeTest" name="docker_plugin_finalize">
		<skipped message="SKIPPED: Testing the docker plugin is not supported on this platform.To run it, all the test with -XmyPlatform='container'"/>
		<system-out>03:51:56 INFO  ==============================================================
03:51:56 INFO  Id:    docker_plugin_finalize
03:51:56 INFO  Dir:   plugin_docker/
03:51:56 INFO  Title: Validate docker plugin finalize command
03:51:56 INFO  ==============================================================
03:51:56 INFO  Testing the docker plugin is not supported on this platform.To run it, all the test with -XmyPlatform='container' ... skipped
03:51:56 WARN  Aborted test due to SKIPPED outcome
03:51:56 INFO  
03:51:56 INFO  Test duration: 0.05 secs
03:51:56 INFO  Test final outcome:  SKIPPED
03:51:56 INFO  Test outcome reason: Testing the docker plugin is not supported on this platform.To run it, all the test with -XmyPlatform='container'
03:51:56 INFO  
</system-out>
	</testcase>
</testsuite>
