<?xml version="1.0" encoding="utf-8"?>
<testsuite failures="1" name="mapper_awaits_before_reconnect" skipped="0" tests="1" time="8.83" timestamp="2022-06-02T08:47:27">
	<testcase classname="MapperReconnectAwait" name="mapper_awaits_before_reconnect">
		<failure message="FAILED: Line count on tedge_mapper_journal.out for &quot;tedge_mapper::core::mapper: MQTT connection error:&quot; expected &gt;=2 but got 0" type="FAILED"/>
		<system-out>08:47:18 INFO  ==============================================================
08:47:18 INFO  Id:    mapper_awaits_before_reconnect
08:47:18 INFO  Dir:   tedge_mapper_c8y/
08:47:18 INFO  Title: Validate mapper doesn't reconnect too often
08:47:18 INFO  ==============================================================
08:47:18 INFO  Started mosquitto_sub with process id 14182
08:47:18 INFO  Waiting for 0.1 seconds
08:47:19 INFO  Executed sudo&lt;tedge_mapper&gt;, exit status 0
08:47:19 INFO  Waiting for 5.0 seconds
08:47:24 INFO  Executed sudo&lt;tedge_mapper&gt;, exit status 0
08:47:27 INFO  Executed sudo&lt;tedge_mapper_journal&gt;, exit status 0
08:47:27 WARN  Grep on tedge_mapper_journal.out contains &quot;ERROR&quot; ... failed [run.py:67]
08:47:27 INFO  Line count on file tedge_mapper_journal.out ... passed
08:47:27 WARN  Line count on tedge_mapper_journal.out for &quot;tedge_mapper::core::mapper: MQTT connection error:&quot; expected &gt;=2 but got 0 ... failed [run.py:78]
08:47:27 WARN  Aborted test due to FAILED outcome
08:47:27 INFO  
08:47:27 INFO  Test duration: 8.83 secs
08:47:27 INFO  Test final outcome:  FAILED
08:47:27 INFO  Test outcome reason: Line count on tedge_mapper_journal.out for &quot;tedge_mapper::core::mapper: MQTT connection error:&quot; expected &gt;=2 but got 0
08:47:27 INFO  
</system-out>
	</testcase>
</testsuite>
