<?xml version="1.0" encoding="utf-8"?>
<testsuite failures="0" name="apt_install" skipped="1" tests="1" time="0.02" timestamp="2022-07-25T15:02:39">
	<testcase classname="AptPluginInstallDense" name="apt_install">
		<skipped message="SKIPPED: Testing the apt plugin is not supported on this platform.To run the tests call PySys with -XmyPlatform='container'"/>
		<system-out>15:02:39 INFO  ==============================================================
15:02:39 INFO  Id:    apt_install
15:02:39 INFO  Dir:   plugin_apt/
15:02:39 INFO  Title: Validate apt plugin prepare - dense version
15:02:39 INFO  ==============================================================
15:02:39 INFO  Testing the apt plugin is not supported on this platform.To run the tests call PySys with -XmyPlatform='container' ... skipped
15:02:39 WARN  Aborted test due to SKIPPED outcome
15:02:39 INFO  
15:02:39 INFO  Test duration: 0.02 secs
15:02:39 INFO  Test final outcome:  SKIPPED
15:02:39 INFO  Test outcome reason: Testing the apt plugin is not supported on this platform.To run the tests call PySys with -XmyPlatform='container'
15:02:39 INFO  
</system-out>
	</testcase>
</testsuite>
