<?xml version="1.0" encoding="utf-8"?>
<testsuite failures="1" name="mapper_awaits_before_reconnect" skipped="0" tests="1" time="10.32" timestamp="2022-06-08T11:40:25">
	<testcase classname="MapperReconnectAwait" name="mapper_awaits_before_reconnect">
		<failure message="FAILED: Line count on tedge_mapper_journal.out for &quot;tedge_mapper::core::mapper: MQTT connection error:&quot; expected &gt;=2 but got 0" type="FAILED"/>
		<system-out>11:40:15 INFO  ==============================================================
11:40:15 INFO  Id:    mapper_awaits_before_reconnect
11:40:15 INFO  Dir:   tedge_mapper_c8y/
11:40:15 INFO  Title: Validate mapper doesn't reconnect too often
11:40:15 INFO  ==============================================================
11:40:15 INFO  Started mosquitto_sub with process id 27053
11:40:15 INFO  Waiting for 0.1 seconds
11:40:16 INFO  Executed sudo&lt;tedge_mapper&gt;, exit status 0
11:40:16 INFO  Waiting for 5.0 seconds
11:40:21 INFO  Executed sudo&lt;tedge_mapper&gt;, exit status 0
11:40:25 INFO  Executed sudo&lt;tedge_mapper_journal&gt;, exit status 0
11:40:25 WARN  Grep on tedge_mapper_journal.out contains &quot;ERROR&quot; ... failed [run.py:67]
11:40:25 INFO  Line count on file tedge_mapper_journal.out ... passed
11:40:25 WARN  Line count on tedge_mapper_journal.out for &quot;tedge_mapper::core::mapper: MQTT connection error:&quot; expected &gt;=2 but got 0 ... failed [run.py:78]
11:40:25 WARN  Aborted test due to FAILED outcome
11:40:25 INFO  
11:40:25 INFO  Test duration: 10.32 secs
11:40:25 INFO  Test final outcome:  FAILED
11:40:25 INFO  Test outcome reason: Line count on tedge_mapper_journal.out for &quot;tedge_mapper::core::mapper: MQTT connection error:&quot; expected &gt;=2 but got 0
11:40:25 INFO  
</system-out>
	</testcase>
</testsuite>
