<?xml version="1.0" encoding="utf-8"?>
<testsuite failures="0" name="apt_install_local_file_with_version_fail" skipped="1" tests="1" time="0.03" timestamp="2022-06-15T10:54:38">
	<testcase classname="AptPluginInstallFromLocalFileWithVersionFail" name="apt_install_local_file_with_version_fail">
		<skipped message="SKIPPED: Testing the apt plugin is not supported on this platform.To run the tests call PySys with -XmyPlatform='container'"/>
		<system-out>10:54:38 INFO  ==============================================================
10:54:38 INFO  Id:    apt_install_local_file_with_version_fail
10:54:38 INFO  Dir:   plugin_apt/
10:54:38 INFO  Title: Validate apt plugin install from local file AND with a version - FAIL case
10:54:38 INFO  ==============================================================
10:54:38 INFO  Testing the apt plugin is not supported on this platform.To run the tests call PySys with -XmyPlatform='container' ... skipped
10:54:38 WARN  Aborted test due to SKIPPED outcome
10:54:38 INFO  
10:54:38 INFO  Test duration: 0.03 secs
10:54:38 INFO  Test final outcome:  SKIPPED
10:54:38 INFO  Test outcome reason: Testing the apt plugin is not supported on this platform.To run the tests call PySys with -XmyPlatform='container'
10:54:38 INFO  
</system-out>
	</testcase>
</testsuite>
