<?xml version="1.0" encoding="utf-8"?>
<testsuite failures="0" name="SoftwareManagement.sm_apt_install_remove_default" skipped="1" tests="1" time="0.02" timestamp="2022-07-22T09:31:26">
	<testcase classname="PySysTest" name="SoftwareManagement.sm_apt_install_remove_default">
		<skipped message="SKIPPED: Testing the apt plugin is not supported on this platform.Use parameter -XmyPlatform='container' to enable it"/>
		<system-out>09:31:26 INFO  ==============================================================
09:31:26 INFO  Id:    SoftwareManagement.sm_apt_install_remove_default
09:31:26 INFO  Dir:   software_management_end_to_end/
09:31:26 INFO  Title: Validate end to end behaviour for the default plugin for installation and removal of packages
09:31:26 INFO  ==============================================================
09:31:26 INFO  Testing the apt plugin is not supported on this platform.Use parameter -XmyPlatform='container' to enable it ... skipped
09:31:26 WARN  Aborted test due to SKIPPED outcome
09:31:26 INFO  
09:31:26 INFO  Test duration: 0.02 secs
09:31:26 INFO  Test final outcome:  SKIPPED
09:31:26 INFO  Test outcome reason: Testing the apt plugin is not supported on this platform.Use parameter -XmyPlatform='container' to enable it
09:31:26 INFO  
</system-out>
	</testcase>
</testsuite>
