<?xml version="1.0" encoding="utf-8"?>
<testsuite failures="0" name="SoftwareManagement.Plugin.apama_plugin_remove" skipped="1" tests="1" time="0.02" timestamp="2022-07-21T13:21:01">
	<testcase classname="ApamaPluginRemoveTest" name="SoftwareManagement.Plugin.apama_plugin_remove">
		<skipped message="SKIPPED: Apama plugin tests are disabled by default. Execute `pysys run` with `-XmyPlatform=container` to run these tests"/>
		<system-out>13:21:01 INFO  ==============================================================
13:21:01 INFO  Id:    SoftwareManagement.Plugin.apama_plugin_remove
13:21:01 INFO  Dir:   plugin_apama/
13:21:01 INFO  Title: Validate apama plugin remove
13:21:01 INFO  ==============================================================
13:21:01 INFO  Apama plugin tests are disabled by default. Execute `pysys run` with `-XmyPlatform=container` to run these tests ... skipped
13:21:01 WARN  Aborted test due to SKIPPED outcome
13:21:01 INFO  
13:21:01 INFO  Test duration: 0.02 secs
13:21:01 INFO  Test final outcome:  SKIPPED
13:21:01 INFO  Test outcome reason: Apama plugin tests are disabled by default. Execute `pysys run` with `-XmyPlatform=container` to run these tests
13:21:01 INFO  
</system-out>
	</testcase>
</testsuite>
