<?xml version="1.0" encoding="utf-8"?>
<testsuite failures="1" name="agent_init_session" skipped="0" tests="1" time="5.86" timestamp="2022-06-02T08:45:12">
	<testcase classname="AgentInitSession" name="agent_init_session">
		<failure message="FAILED: Grep on sub_resp.out contains &quot;Ld3KgqpcLDlrYH6sfpG7w&quot;" type="FAILED"/>
		<system-out>08:45:06 INFO  ==============================================================
08:45:06 INFO  Id:    agent_init_session
08:45:06 INFO  Dir:   tedge_agent/
08:45:06 INFO  Title: Validate tedge agent init session feature
08:45:06 INFO  ==============================================================
08:45:07 INFO  Executed sudo&lt;remove_lock&gt;, exit status 0
08:45:08 INFO  Executed sudo&lt;agent_clear&gt;, exit status 0
08:45:08 INFO  Executed sudo&lt;agent_init&gt;, exit status 0
08:45:09 INFO  Executed sudo&lt;pub_req&gt;, exit status 0
08:45:09 INFO  Started sudo&lt;sub_resp&gt; with process id 13425
08:45:09 INFO  Executed sudo&lt;agent_start&gt;, exit status 0
08:45:09 INFO  Waiting for 2.0 seconds
08:45:12 INFO  Executed sudo&lt;agent_stop&gt;, exit status 0
08:45:12 INFO  Executed sudo&lt;sub_stop&gt;, exit status 0
08:45:12 WARN  Grep on sub_resp.out contains &quot;Ld3KgqpcLDlrYH6sfpG7w&quot; ... failed [run.py:87]
08:45:12 INFO  
08:45:12 INFO  Test duration: 5.86 secs
08:45:12 INFO  Test final outcome:  FAILED
08:45:12 INFO  Test outcome reason: Grep on sub_resp.out contains &quot;Ld3KgqpcLDlrYH6sfpG7w&quot;
08:45:12 INFO  
</system-out>
	</testcase>
</testsuite>
