<?xml version="1.0" encoding="utf-8"?>
<testsuite failures="1" name="tedge_mapper_c8y_packet_threshold_size" skipped="0" tests="1" time="2.91" timestamp="2022-05-23T11:24:28">
	<testcase classname="TedgeMapperC8yThresholdPacketSize" name="tedge_mapper_c8y_packet_threshold_size">
		<failure message="FAILED: Grep on tedge_sub.out contains &quot;The size of the message received on tedge/measurements is 20489 which is greater than the threshold size of 16184.&quot;" type="FAILED"/>
		<system-out>11:24:25 INFO  ==============================================================
11:24:25 INFO  Id:    tedge_mapper_c8y_packet_threshold_size
11:24:25 INFO  Dir:   tedge_mapper_c8y/
11:24:25 INFO  Title: Validate the Cumulocity Mapper accepted threshold packet size when it receives a message on tedge/measurements
11:24:25 INFO  ==============================================================
11:24:26 INFO  Executed sudo&lt;tedge_mapper_c8y&gt;, exit status 0
11:24:26 INFO  Started sudo&lt;tedge_sub&gt; with process id 4885
11:24:26 INFO  Executed sudo&lt;tedge_msg&gt;, exit status 0
11:24:27 INFO  Executed sudo&lt;tedge_pub&gt;, exit status 0
11:24:27 INFO  Executed sudo&lt;kill_out&gt;, exit status 0
11:24:27 WARN  Grep on tedge_sub.out contains &quot;The size of the message received on tedge/measurements is 20489 which is greater than the threshold size of 16184.&quot; ... failed [run.py:88]
11:24:28 INFO  
11:24:28 INFO  cleanup:
11:24:28 INFO  mapper_cleanup
11:24:28 INFO  Executed sudo&lt;tedge_mapper_c8y&gt;, exit status 0
11:24:28 INFO  
11:24:28 INFO  Test duration: 2.91 secs
11:24:28 INFO  Test final outcome:  FAILED
11:24:28 INFO  Test outcome reason: Grep on tedge_sub.out contains &quot;The size of the message received on tedge/measurements is 20489 which is greater than the threshold size of 16184.&quot;
11:24:28 INFO  
</system-out>
	</testcase>
</testsuite>
