<?xml version="1.0" encoding="utf-8"?>
<testsuite failures="0" name="mqtt_port_change_connection_works" skipped="1" tests="1" time="0.02" timestamp="2022-05-23T19:06:22">
	<testcase classname="MqttPortChangeConnectionWorks" name="mqtt_port_change_connection_works">
		<skipped message="SKIPPED: failing intermitently"/>
		<system-out>19:06:22 INFO  ==============================================================
19:06:22 INFO  Id:    mqtt_port_change_connection_works
19:06:22 INFO  Dir:   misc_features/
19:06:22 INFO  Title: mqtt port change connection works for all the thin-edge services that use the mosquitto broker
19:06:22 INFO  ==============================================================
19:06:22 INFO  failing intermitently ... skipped
19:06:22 INFO  
19:06:22 INFO  Test duration: 0.02 secs
19:06:22 INFO  Test final outcome:  SKIPPED
19:06:22 INFO  Test outcome reason: failing intermitently
19:06:22 INFO  
</system-out>
	</testcase>
</testsuite>
