<?xml version="1.0" encoding="utf-8"?>
<testsuite failures="1" name="smoketest_json" skipped="0" tests="1" time="44.16" timestamp="2022-06-15T10:57:58">
	<testcase classname="SmokeTestJson" name="smoketest_json">
		<failure message="BLOCKED: python3&lt;stdout&gt; returned non-zero exit code 1" type="BLOCKED"/>
		<system-out>10:57:14 INFO  ==============================================================
10:57:14 INFO  Id:    smoketest_json
10:57:14 INFO  Dir:   smoketests/
10:57:14 INFO  Title: Smoke Test Json
10:57:14 INFO  ==============================================================
10:57:14 INFO  EnvironmentC8y Setup
10:57:15 INFO  Executed systemctl&lt;serv_mapper1&gt;, exit status 3
10:57:15 INFO  Restarting mosquitto too frequently in the last 10 seconds. It was only up for 5 seconds
10:57:15 INFO  Delaying execution by 6 seconds
10:57:35 INFO  Executed sudo&lt;tedge_connect_c8y&gt;, exit status 0, duration 14 secs
10:57:36 INFO  Executed sudo&lt;tedge_connect_c8y_test&gt;, exit status 0
10:57:36 INFO  Executed systemctl&lt;serv_mosq2&gt;, exit status 0
10:57:37 INFO  Executed systemctl&lt;serv_mapper3&gt;, exit status 0
10:57:54 WARN  Executed python3&lt;stdout&gt;, exit status 1
10:57:54 INFO  Contents of stdout.out: 
  Publishing sawtooth with delay 100ms height 20 iterations 1 template flux will cause 20 publishs.
  Iteraton: 0
  Execution took 2 s 2005 ms
  Publish rate: 100.250 ms/pub
  Publish per second: 9.975 pub/s
  Act: Publishing values with temperature_publisher
  Waiting 3s for values to arrive in C8y
  Assert: Retrieving data via REST interface
  Gathering values from 2022-06-15 10:57:44+00:00 to 2022-06-15 10:57:54+00:00
  Found 16 recorded values:
  Retrieved values:
    0.0   1.0   2.0   3.0   4.0   5.0   6.0   7.0   8.0   9.0  10.0  11.0  12.0  13.0  14.0  15.0
  Expected:  0.0  ...  19.0
  Data verification FAILED
  -----

10:57:54 WARN  python3&lt;stdout&gt; returned non-zero exit code 1 ... blocked 
10:57:54 WARN  Aborted test due to BLOCKED outcome
10:57:54 INFO  
10:57:54 INFO  cleanup:
10:57:58 INFO  Executed sudo&lt;tedge_disconnect_c8y&gt;, exit status 0
10:57:58 INFO  Executed systemctl&lt;serv_mapper5&gt;, exit status 3
10:57:58 INFO  
10:57:58 INFO  Test duration: 44.16 secs
10:57:58 INFO  Test final outcome:  BLOCKED
10:57:58 INFO  Test outcome reason: python3&lt;stdout&gt; returned non-zero exit code 1
10:57:58 INFO  
</system-out>
	</testcase>
</testsuite>
