<?xml version="1.0" encoding="utf-8"?>
<testsuite failures="0" name="apt_sequence_remove_with_version" skipped="1" tests="1" time="0.02" timestamp="2022-07-21T14:50:20">
	<testcase classname="AptPluginRemoveWithVersion" name="apt_sequence_remove_with_version">
		<skipped message="SKIPPED: Testing the apt plugin is not supported on this platform.To run the tests call PySys with -XmyPlatform='container'"/>
		<system-out>14:50:20 INFO  ==============================================================
14:50:20 INFO  Id:    apt_sequence_remove_with_version
14:50:20 INFO  Dir:   plugin_apt/
14:50:20 INFO  Title: Validate apt plugin remove with version use case
14:50:20 INFO  ==============================================================
14:50:20 INFO  Testing the apt plugin is not supported on this platform.To run the tests call PySys with -XmyPlatform='container' ... skipped
14:50:20 WARN  Aborted test due to SKIPPED outcome
14:50:20 INFO  
14:50:20 INFO  Test duration: 0.02 secs
14:50:20 INFO  Test final outcome:  SKIPPED
14:50:20 INFO  Test outcome reason: Testing the apt plugin is not supported on this platform.To run the tests call PySys with -XmyPlatform='container'
14:50:20 INFO  
</system-out>
	</testcase>
</testsuite>
