<?xml version="1.0" encoding="utf-8"?>
<testsuite failures="0" name="docker_plugin_install" skipped="1" tests="1" time="0.03" timestamp="2022-07-16T11:31:00">
	<testcase classname="DockerPluginInstallTest" name="docker_plugin_install">
		<skipped message="SKIPPED: Testing the docker plugin is not supported on this platform.To run it, all the test with -XmyPlatform='container'"/>
		<system-out>11:31:00 INFO  ==============================================================
11:31:00 INFO  Id:    docker_plugin_install
11:31:00 INFO  Dir:   plugin_docker/
11:31:00 INFO  Title: Validate docker plugin install
11:31:00 INFO  ==============================================================
11:31:00 INFO  Testing the docker plugin is not supported on this platform.To run it, all the test with -XmyPlatform='container' ... skipped
11:31:00 WARN  Aborted test due to SKIPPED outcome
11:31:00 INFO  
11:31:00 INFO  Test duration: 0.03 secs
11:31:00 INFO  Test final outcome:  SKIPPED
11:31:00 INFO  Test outcome reason: Testing the docker plugin is not supported on this platform.To run it, all the test with -XmyPlatform='container'
11:31:00 INFO  
</system-out>
	</testcase>
</testsuite>
