<?xml version="1.0" encoding="utf-8"?>
<testsuite failures="1" name="log_request_num_lines" skipped="0" tests="1" time="32.42" timestamp="2022-06-20T14:57:17">
	<testcase classname="LogRequestVerifyNumberOfLines" name="log_request_num_lines">
		<failure message="BLOCKED: TypeError: 'NoneType' object is not subscriptable" type="BLOCKED"/>
		<system-out>14:56:45 INFO  ==============================================================
14:56:45 INFO  Id:    log_request_num_lines
14:56:45 INFO  Dir:   log_request_end_to_end/
14:56:45 INFO  Title: Validate end to end behaviour for the log request operation check for number of lines
14:56:45 INFO  ==============================================================
14:56:45 INFO  EnvironmentC8y Setup
14:56:45 INFO  Executed systemctl&lt;serv_mapper1&gt;, exit status 3
14:56:45 INFO  Restarting mosquitto too frequently in the last 10 seconds. It was only up for 5 seconds
14:56:45 INFO  Delaying execution by 6 seconds
14:57:06 INFO  Executed sudo&lt;tedge_connect_c8y&gt;, exit status 0, duration 14 secs
14:57:07 INFO  Executed sudo&lt;tedge_connect_c8y_test&gt;, exit status 0
14:57:07 INFO  Executed systemctl&lt;serv_mosq2&gt;, exit status 0
14:57:08 INFO  Executed systemctl&lt;serv_mapper3&gt;, exit status 0
14:57:08 INFO  Executed sudo&lt;rm_logs&gt;, exit status 0
14:57:09 INFO  Executed sudo&lt;move_logs&gt;, exit status 0
14:57:09 INFO  Executed sudo&lt;log_file_daemon&gt;, exit status 0
14:57:10 WARN  TypeError occurred while running test - 'NoneType' object is not subscriptable
Traceback (most recent call last):
  File &quot;/home/pi/env-pysys/lib/python3.7/site-packages/pysys/baserunner.py&quot;, line 1294, in __call__
    self.testObj.execute()
  File &quot;/home/pi/actions-runner/_work/thin-edge.io/thin-edge.io/tests/PySys/log_request_end_to_end/log_request_num_lines/run.py&quot;, line 46, in execute
    log_file_request_payload, self.project.deviceid
  File &quot;/home/pi/actions-runner/_work/thin-edge.io/thin-edge.io/tests/PySys/environments/cumulocity.py&quot;, line 101, in trigger_log_request
    &quot;deviceId&quot;: self.device_fragment[&quot;id&quot;],
TypeError: 'NoneType' object is not subscriptable
14:57:10 WARN  TypeError: 'NoneType' object is not subscriptable ... blocked 
14:57:10 INFO  
14:57:10 INFO  cleanup:
14:57:10 INFO  Executed sudo&lt;rm_logs&gt;, exit status 0
14:57:11 INFO  Executed sudo&lt;rm_tmp_logs&gt;, exit status 0
14:57:12 INFO  Executed sudo&lt;send_failed&gt;, exit status 0
14:57:12 INFO  Executed sudo&lt;log_file_daemon&gt;, exit status 0
14:57:16 INFO  Executed sudo&lt;tedge_disconnect_c8y&gt;, exit status 0
14:57:17 INFO  Executed systemctl&lt;serv_mapper5&gt;, exit status 3
14:57:17 INFO  
14:57:17 INFO  Test duration: 32.42 secs
14:57:17 INFO  Test final outcome:  BLOCKED
14:57:17 INFO  Test outcome reason: TypeError: 'NoneType' object is not subscriptable
14:57:17 INFO  
</system-out>
	</testcase>
</testsuite>
