<?xml version="1.0" encoding="utf-8"?>
<testsuite failures="0" name="call_tedge_-h_-V" skipped="0" tests="1" time="0.46" timestamp="2022-05-20T11:23:55">
	<testcase classname="PySysTest" name="call_tedge_-h_-V"/>
</testsuite>
