<?xml version="1.0" encoding="utf-8"?>
<testsuite failures="0" name="apt_prepare_install_finalize" skipped="1" tests="1" time="0.02" timestamp="2022-06-02T08:34:44">
	<testcase classname="AptPluginPrepareInstallFinalize" name="apt_prepare_install_finalize">
		<skipped message="SKIPPED: Testing the apt plugin is not supported on this platform.To run the tests call PySys with -XmyPlatform='container'"/>
		<system-out>08:34:44 INFO  ==============================================================
08:34:44 INFO  Id:    apt_prepare_install_finalize
08:34:44 INFO  Dir:   plugin_apt/
08:34:44 INFO  Title: Validate apt plugin install use case
08:34:44 INFO  ==============================================================
08:34:44 INFO  Testing the apt plugin is not supported on this platform.To run the tests call PySys with -XmyPlatform='container' ... skipped
08:34:44 WARN  Aborted test due to SKIPPED outcome
08:34:44 INFO  
08:34:44 INFO  Test duration: 0.02 secs
08:34:44 INFO  Test final outcome:  SKIPPED
08:34:44 INFO  Test outcome reason: Testing the apt plugin is not supported on this platform.To run the tests call PySys with -XmyPlatform='container'
08:34:44 INFO  
</system-out>
	</testcase>
</testsuite>
