<?xml version="1.0" encoding="utf-8"?>
<testsuite failures="0" name="SoftwareManagement.sm_apt_install_download_path" skipped="1" tests="1" time="0.06" timestamp="2022-07-21T14:59:50">
	<testcase classname="AptInstallWithDownloadPath" name="SoftwareManagement.sm_apt_install_download_path">
		<skipped message="SKIPPED: Testing the apt plugin is not supported on this platform.Use parameter -XmyPlatform='container' to enable it"/>
		<system-out>14:59:50 INFO  ==============================================================
14:59:50 INFO  Id:    SoftwareManagement.sm_apt_install_download_path
14:59:50 INFO  Dir:   software_management_end_to_end/
14:59:50 INFO  Title: Install package to directory specified in tedge config set tmp.path
14:59:50 INFO  ==============================================================
14:59:50 INFO  Testing the apt plugin is not supported on this platform.Use parameter -XmyPlatform='container' to enable it ... skipped
14:59:50 WARN  Aborted test due to SKIPPED outcome
14:59:50 INFO  
14:59:50 INFO  Test duration: 0.06 secs
14:59:50 INFO  Test final outcome:  SKIPPED
14:59:50 INFO  Test outcome reason: Testing the apt plugin is not supported on this platform.Use parameter -XmyPlatform='container' to enable it
14:59:50 INFO  
</system-out>
	</testcase>
</testsuite>
