<?xml version="1.0" encoding="utf-8"?>
<testsuite failures="1" name="monitoring_smaller_interval" skipped="0" tests="1" time="15.15" timestamp="2022-07-13T11:36:05">
	<testcase classname="MonitoringSmallInterval" name="monitoring_smaller_interval">
		<failure message="BLOCKED: TypeError: 'int' object is not subscriptable" type="BLOCKED"/>
		<system-out>11:35:50 INFO  ==============================================================
11:35:50 INFO  Id:    monitoring_smaller_interval
11:35:50 INFO  Dir:   monitoring/
11:35:50 INFO  Title: Validate the tedge dm agent messages that are produced with smaller sampling interval than the batching window. Here the simulated collectd messages are used
11:35:50 INFO  ==============================================================
11:35:51 INFO  Executed sudo&lt;collectd&gt;, exit status 0
11:35:51 INFO  Executed sudo&lt;collectd_mapper&gt;, exit status 0
11:35:51 INFO  Started sudo&lt;tedge_sub&gt; with process id 30602
11:35:52 INFO  Executed sudo&lt;tedge_temp&gt;, exit status 0
11:35:53 INFO  Executed sudo&lt;tedge_pres&gt;, exit status 0
11:35:53 INFO  Executed sudo&lt;tedge_temp&gt;, exit status 0
11:35:54 INFO  Executed sudo&lt;tedge_pres&gt;, exit status 0
11:35:54 INFO  Executed sudo&lt;tedge_temp&gt;, exit status 0
11:35:55 INFO  Executed sudo&lt;tedge_pres&gt;, exit status 0
11:35:55 INFO  Executed sudo&lt;tedge_temp&gt;, exit status 0
11:35:56 INFO  Executed sudo&lt;tedge_pres&gt;, exit status 0
11:35:57 INFO  Executed sudo&lt;tedge_temp&gt;, exit status 0
11:35:57 INFO  Executed sudo&lt;tedge_pres&gt;, exit status 0
11:35:58 INFO  Executed sudo&lt;tedge_temp&gt;, exit status 0
11:35:58 INFO  Executed sudo&lt;tedge_pres&gt;, exit status 0
11:35:59 INFO  Executed sudo&lt;tedge_temp&gt;, exit status 0
11:36:00 INFO  Executed sudo&lt;tedge_pres&gt;, exit status 0
11:36:00 INFO  Executed sudo&lt;tedge_temp&gt;, exit status 0
11:36:01 INFO  Executed sudo&lt;tedge_pres&gt;, exit status 0
11:36:01 INFO  Executed sudo&lt;tedge_temp&gt;, exit status 0
11:36:02 INFO  Executed sudo&lt;tedge_pres&gt;, exit status 0
11:36:02 INFO  Executed sudo&lt;tedge_temp&gt;, exit status 0
11:36:03 INFO  Executed sudo&lt;tedge_pres&gt;, exit status 0
11:36:05 INFO  Executed sudo&lt;kill_out&gt;, exit status 0
11:36:05 INFO  0

11:36:05 WARN  TypeError occurred while running test - 'int' object is not subscriptable
Traceback (most recent call last):
  File &quot;/home/pi/env-pysys/lib/python3.7/site-packages/pysys/baserunner.py&quot;, line 1296, in __call__
    self.testObj.validate()
  File &quot;/home/pi/actions-runner/_work/thin-edge.io/thin-edge.io/tests/PySys/monitoring/monitoring_smaller_interval/run.py&quot;, line 104, in validate
    collectd_msg_validation_result=self.validate_json(),
  File &quot;/home/pi/actions-runner/_work/thin-edge.io/thin-edge.io/tests/PySys/monitoring/monitoring_smaller_interval/run.py&quot;, line 114, in validate_json
    if not self.validate_time():
  File &quot;/home/pi/actions-runner/_work/thin-edge.io/thin-edge.io/tests/PySys/monitoring/monitoring_smaller_interval/run.py&quot;, line 134, in validate_time
    if self.js_msg[&quot;time&quot;]:
TypeError: 'int' object is not subscriptable
11:36:05 WARN  TypeError: 'int' object is not subscriptable ... blocked 
11:36:05 INFO  
11:36:05 INFO  cleanup:
11:36:05 INFO  monitoring_cleanup
11:36:05 INFO  Executed sudo&lt;collectd_mapper&gt;, exit status 0
11:36:05 INFO  
11:36:05 INFO  Test duration: 15.15 secs
11:36:05 INFO  Test final outcome:  BLOCKED
11:36:05 INFO  Test outcome reason: TypeError: 'int' object is not subscriptable
11:36:05 INFO  
</system-out>
	</testcase>
</testsuite>
