<?xml version="1.0" encoding="utf-8"?>
<testsuite failures="0" name="SoftwareManagement.sm_apt_install_download_path" skipped="1" tests="1" time="0.06" timestamp="2022-05-23T19:17:34">
	<testcase classname="AptInstallWithDownloadPath" name="SoftwareManagement.sm_apt_install_download_path">
		<skipped message="SKIPPED: Testing the apt plugin is not supported on this platform.Use parameter -XmyPlatform='container' to enable it"/>
		<system-out>19:17:34 INFO  ==============================================================
19:17:34 INFO  Id:    SoftwareManagement.sm_apt_install_download_path
19:17:34 INFO  Dir:   software_management_end_to_end/
19:17:34 INFO  Title: Install package to directory specified in tedge config set tmp.path
19:17:34 INFO  ==============================================================
19:17:34 INFO  Testing the apt plugin is not supported on this platform.Use parameter -XmyPlatform='container' to enable it ... skipped
19:17:34 WARN  Aborted test due to SKIPPED outcome
19:17:34 INFO  
19:17:34 INFO  Test duration: 0.06 secs
19:17:34 INFO  Test final outcome:  SKIPPED
19:17:34 INFO  Test outcome reason: Testing the apt plugin is not supported on this platform.Use parameter -XmyPlatform='container' to enable it
19:17:34 INFO  
</system-out>
	</testcase>
</testsuite>
