<?xml version="1.0" encoding="utf-8"?>
<testsuite failures="0" name="SoftwareManagement.Plugin.apama_plugin_remove" skipped="1" tests="1" time="0.02" timestamp="2022-07-25T08:30:36">
	<testcase classname="ApamaPluginRemoveTest" name="SoftwareManagement.Plugin.apama_plugin_remove">
		<skipped message="SKIPPED: Apama plugin tests are disabled by default. Execute `pysys run` with `-XmyPlatform=container` to run these tests"/>
		<system-out>08:30:36 INFO  ==============================================================
08:30:36 INFO  Id:    SoftwareManagement.Plugin.apama_plugin_remove
08:30:36 INFO  Dir:   plugin_apama/
08:30:36 INFO  Title: Validate apama plugin remove
08:30:36 INFO  ==============================================================
08:30:36 INFO  Apama plugin tests are disabled by default. Execute `pysys run` with `-XmyPlatform=container` to run these tests ... skipped
08:30:36 WARN  Aborted test due to SKIPPED outcome
08:30:36 INFO  
08:30:36 INFO  Test duration: 0.02 secs
08:30:36 INFO  Test final outcome:  SKIPPED
08:30:36 INFO  Test outcome reason: Apama plugin tests are disabled by default. Execute `pysys run` with `-XmyPlatform=container` to run these tests
08:30:36 INFO  
</system-out>
	</testcase>
</testsuite>
