<?xml version="1.0" encoding="utf-8"?>
<testsuite failures="0" name="SoftwareManagement.Plugin.apama_plugin_mon_support" skipped="1" tests="1" time="0.05" timestamp="2022-05-25T12:42:55">
	<testcase classname="ApamaPluginMonSupportTest" name="SoftwareManagement.Plugin.apama_plugin_mon_support">
		<skipped message="SKIPPED: Apama plugin tests are disabled by default. Execute `pysys run` with `-XmyPlatform=container` to run these tests"/>
		<system-out>12:42:55 INFO  ==============================================================
12:42:55 INFO  Id:    SoftwareManagement.Plugin.apama_plugin_mon_support
12:42:55 INFO  Dir:   plugin_apama/
12:42:55 INFO  Title: Validate mon file support of apama plugin
12:42:55 INFO  ==============================================================
12:42:55 INFO  Apama plugin tests are disabled by default. Execute `pysys run` with `-XmyPlatform=container` to run these tests ... skipped
12:42:55 WARN  Aborted test due to SKIPPED outcome
12:42:55 INFO  
12:42:55 INFO  Test duration: 0.05 secs
12:42:55 INFO  Test final outcome:  SKIPPED
12:42:55 INFO  Test outcome reason: Apama plugin tests are disabled by default. Execute `pysys run` with `-XmyPlatform=container` to run these tests
12:42:55 INFO  
</system-out>
	</testcase>
</testsuite>
