<?xml version="1.0" encoding="utf-8"?>
<testsuite failures="0" name="docker_plugin_install" skipped="1" tests="1" time="0.23" timestamp="2022-07-20T12:52:47">
	<testcase classname="DockerPluginInstallTest" name="docker_plugin_install">
		<skipped message="SKIPPED: Testing the docker plugin is not supported on this platform.To run it, all the test with -XmyPlatform='container'"/>
		<system-out>12:52:47 INFO  ==============================================================
12:52:47 INFO  Id:    docker_plugin_install
12:52:47 INFO  Dir:   plugin_docker/
12:52:47 INFO  Title: Validate docker plugin install
12:52:47 INFO  ==============================================================
12:52:47 INFO  Testing the docker plugin is not supported on this platform.To run it, all the test with -XmyPlatform='container' ... skipped
12:52:47 WARN  Aborted test due to SKIPPED outcome
12:52:47 INFO  
12:52:47 INFO  Test duration: 0.23 secs
12:52:47 INFO  Test final outcome:  SKIPPED
12:52:47 INFO  Test outcome reason: Testing the docker plugin is not supported on this platform.To run it, all the test with -XmyPlatform='container'
12:52:47 INFO  
</system-out>
	</testcase>
</testsuite>
