<?xml version="1.0" encoding="utf-8"?>
<testsuite failures="0" name="c8y_restart_bridge" skipped="0" tests="1" time="23.06" timestamp="2022-07-01T07:02:58">
	<testcase classname="RestartBridge" name="c8y_restart_bridge"/>
</testsuite>
