<?xml version="1.0" encoding="utf-8"?>
<testsuite failures="0" name="c8y_restart_bridge" skipped="0" tests="1" time="21.99" timestamp="2022-07-26T16:27:20">
	<testcase classname="RestartBridge" name="c8y_restart_bridge"/>
</testsuite>
