<?xml version="1.0" encoding="utf-8"?>
<testsuite failures="1" name="monitoring_smaller_interval" skipped="0" tests="1" time="15.09" timestamp="2022-07-25T11:48:23">
	<testcase classname="MonitoringSmallInterval" name="monitoring_smaller_interval">
		<failure message="BLOCKED: TypeError: 'int' object is not subscriptable" type="BLOCKED"/>
		<system-out>11:48:08 INFO  ==============================================================
11:48:08 INFO  Id:    monitoring_smaller_interval
11:48:08 INFO  Dir:   monitoring/
11:48:08 INFO  Title: Validate the tedge dm agent messages that are produced with smaller sampling interval than the batching window. Here the simulated collectd messages are used
11:48:08 INFO  ==============================================================
11:48:09 INFO  Executed sudo&lt;collectd&gt;, exit status 0
11:48:09 INFO  Executed sudo&lt;collectd_mapper&gt;, exit status 0
11:48:09 INFO  Started sudo&lt;tedge_sub&gt; with process id 1420
11:48:10 INFO  Executed sudo&lt;tedge_temp&gt;, exit status 0
11:48:11 INFO  Executed sudo&lt;tedge_pres&gt;, exit status 0
11:48:11 INFO  Executed sudo&lt;tedge_temp&gt;, exit status 0
11:48:12 INFO  Executed sudo&lt;tedge_pres&gt;, exit status 0
11:48:12 INFO  Executed sudo&lt;tedge_temp&gt;, exit status 0
11:48:13 INFO  Executed sudo&lt;tedge_pres&gt;, exit status 0
11:48:14 INFO  Executed sudo&lt;tedge_temp&gt;, exit status 0
11:48:14 INFO  Executed sudo&lt;tedge_pres&gt;, exit status 0
11:48:15 INFO  Executed sudo&lt;tedge_temp&gt;, exit status 0
11:48:15 INFO  Executed sudo&lt;tedge_pres&gt;, exit status 0
11:48:16 INFO  Executed sudo&lt;tedge_temp&gt;, exit status 0
11:48:16 INFO  Executed sudo&lt;tedge_pres&gt;, exit status 0
11:48:17 INFO  Executed sudo&lt;tedge_temp&gt;, exit status 0
11:48:17 INFO  Executed sudo&lt;tedge_pres&gt;, exit status 0
11:48:18 INFO  Executed sudo&lt;tedge_temp&gt;, exit status 0
11:48:19 INFO  Executed sudo&lt;tedge_pres&gt;, exit status 0
11:48:19 INFO  Executed sudo&lt;tedge_temp&gt;, exit status 0
11:48:20 INFO  Executed sudo&lt;tedge_pres&gt;, exit status 0
11:48:20 INFO  Executed sudo&lt;tedge_temp&gt;, exit status 0
11:48:21 INFO  Executed sudo&lt;tedge_pres&gt;, exit status 0
11:48:22 INFO  Executed sudo&lt;kill_out&gt;, exit status 0
11:48:22 INFO  0

11:48:22 WARN  TypeError occurred while running test - 'int' object is not subscriptable
Traceback (most recent call last):
  File &quot;/home/pi/env-pysys/lib/python3.7/site-packages/pysys/baserunner.py&quot;, line 1296, in __call__
    self.testObj.validate()
  File &quot;/home/pi/actions-runner/_work/thin-edge.io/thin-edge.io/tests/PySys/monitoring/monitoring_smaller_interval/run.py&quot;, line 104, in validate
    collectd_msg_validation_result=self.validate_json(),
  File &quot;/home/pi/actions-runner/_work/thin-edge.io/thin-edge.io/tests/PySys/monitoring/monitoring_smaller_interval/run.py&quot;, line 114, in validate_json
    if not self.validate_time():
  File &quot;/home/pi/actions-runner/_work/thin-edge.io/thin-edge.io/tests/PySys/monitoring/monitoring_smaller_interval/run.py&quot;, line 134, in validate_time
    if self.js_msg[&quot;time&quot;]:
TypeError: 'int' object is not subscriptable
11:48:22 WARN  TypeError: 'int' object is not subscriptable ... blocked 
11:48:22 INFO  
11:48:22 INFO  cleanup:
11:48:22 INFO  monitoring_cleanup
11:48:23 INFO  Executed sudo&lt;collectd_mapper&gt;, exit status 0
11:48:23 INFO  
11:48:23 INFO  Test duration: 15.09 secs
11:48:23 INFO  Test final outcome:  BLOCKED
11:48:23 INFO  Test outcome reason: TypeError: 'int' object is not subscriptable
11:48:23 INFO  
</system-out>
	</testcase>
</testsuite>
