<?xml version="1.0" encoding="utf-8"?>
<testsuite failures="1" name="agent_init_session" skipped="0" tests="1" time="6.18" timestamp="2022-06-08T13:10:03">
	<testcase classname="AgentInitSession" name="agent_init_session">
		<failure message="FAILED: Grep on sub_resp.out contains &quot;Ld3KgqpcLDlrYH6sfpG7w&quot;" type="FAILED"/>
		<system-out>13:09:57 INFO  ==============================================================
13:09:57 INFO  Id:    agent_init_session
13:09:57 INFO  Dir:   tedge_agent/
13:09:57 INFO  Title: Validate tedge agent init session feature
13:09:57 INFO  ==============================================================
13:09:58 INFO  Executed sudo&lt;remove_lock&gt;, exit status 0
13:09:58 INFO  Executed sudo&lt;agent_clear&gt;, exit status 0
13:09:59 INFO  Executed sudo&lt;agent_init&gt;, exit status 0
13:09:59 INFO  Executed sudo&lt;pub_req&gt;, exit status 0
13:09:59 INFO  Started sudo&lt;sub_resp&gt; with process id 19891
13:10:00 INFO  Executed sudo&lt;agent_start&gt;, exit status 0
13:10:00 INFO  Waiting for 2.0 seconds
13:10:03 INFO  Executed sudo&lt;agent_stop&gt;, exit status 0
13:10:03 INFO  Executed sudo&lt;sub_stop&gt;, exit status 0
13:10:03 WARN  Grep on sub_resp.out contains &quot;Ld3KgqpcLDlrYH6sfpG7w&quot; ... failed [run.py:87]
13:10:03 INFO  
13:10:03 INFO  Test duration: 6.18 secs
13:10:03 INFO  Test final outcome:  FAILED
13:10:03 INFO  Test outcome reason: Grep on sub_resp.out contains &quot;Ld3KgqpcLDlrYH6sfpG7w&quot;
13:10:03 INFO  
</system-out>
	</testcase>
</testsuite>
