<?xml version="1.0" encoding="utf-8"?>
<testsuite failures="1" name="tedge_mapper_c8y_packet_threshold_size" skipped="0" tests="1" time="3.02" timestamp="2022-06-10T09:27:02">
	<testcase classname="TedgeMapperC8yThresholdPacketSize" name="tedge_mapper_c8y_packet_threshold_size">
		<failure message="FAILED: Grep on tedge_sub.out contains &quot;The size of the message received on tedge/measurements is 20489 which is greater than the threshold size of 16184.&quot;" type="FAILED"/>
		<system-out>09:26:59 INFO  ==============================================================
09:26:59 INFO  Id:    tedge_mapper_c8y_packet_threshold_size
09:26:59 INFO  Dir:   tedge_mapper_c8y/
09:26:59 INFO  Title: Validate the Cumulocity Mapper accepted threshold packet size when it receives a message on tedge/measurements
09:26:59 INFO  ==============================================================
09:27:00 INFO  Executed sudo&lt;tedge_mapper_c8y&gt;, exit status 0
09:27:00 INFO  Started sudo&lt;tedge_sub&gt; with process id 17156
09:27:00 INFO  Executed sudo&lt;tedge_msg&gt;, exit status 0
09:27:01 INFO  Executed sudo&lt;tedge_pub&gt;, exit status 0
09:27:01 INFO  Executed sudo&lt;kill_out&gt;, exit status 0
09:27:01 WARN  Grep on tedge_sub.out contains &quot;The size of the message received on tedge/measurements is 20489 which is greater than the threshold size of 16184.&quot; ... failed [run.py:88]
09:27:01 INFO  
09:27:01 INFO  cleanup:
09:27:01 INFO  mapper_cleanup
09:27:02 INFO  Executed sudo&lt;tedge_mapper_c8y&gt;, exit status 0
09:27:02 INFO  
09:27:02 INFO  Test duration: 3.02 secs
09:27:02 INFO  Test final outcome:  FAILED
09:27:02 INFO  Test outcome reason: Grep on tedge_sub.out contains &quot;The size of the message received on tedge/measurements is 20489 which is greater than the threshold size of 16184.&quot;
09:27:02 INFO  
</system-out>
	</testcase>
</testsuite>
