<?xml version="1.0" encoding="utf-8"?>
<testsuite failures="0" name="docker_plugin_remove" skipped="1" tests="1" time="0.02" timestamp="2022-06-22T15:49:26">
	<testcase classname="DockerPluginRemoveTest" name="docker_plugin_remove">
		<skipped message="SKIPPED: Testing the docker plugin is not supported on this platform.To run it, all the test with -XmyPlatform='container'"/>
		<system-out>15:49:26 INFO  ==============================================================
15:49:26 INFO  Id:    docker_plugin_remove
15:49:26 INFO  Dir:   plugin_docker/
15:49:26 INFO  Title: Validate docker plugin remove
15:49:26 INFO  ==============================================================
15:49:26 INFO  Testing the docker plugin is not supported on this platform.To run it, all the test with -XmyPlatform='container' ... skipped
15:49:26 WARN  Aborted test due to SKIPPED outcome
15:49:26 INFO  
15:49:26 INFO  Test duration: 0.02 secs
15:49:26 INFO  Test final outcome:  SKIPPED
15:49:26 INFO  Test outcome reason: Testing the docker plugin is not supported on this platform.To run it, all the test with -XmyPlatform='container'
15:49:26 INFO  
</system-out>
	</testcase>
</testsuite>
