<?xml version="1.0" encoding="utf-8"?>
<testsuite failures="0" name="runtime_start_two_mappers" skipped="0" tests="1" time="1.82" timestamp="2022-06-10T09:25:24">
	<testcase classname="RuntimeMultiMappers" name="runtime_start_two_mappers"/>
</testsuite>
