<?xml version="1.0" encoding="utf-8"?>
<testsuite failures="1" name="tedge_mapper_c8y_packet_threshold_size" skipped="0" tests="1" time="3.43" timestamp="2022-06-29T12:09:11">
	<testcase classname="TedgeMapperC8yThresholdPacketSize" name="tedge_mapper_c8y_packet_threshold_size">
		<failure message="FAILED: Grep on tedge_sub.out contains &quot;The size of the message received on tedge/measurements is 20489 which is greater than the threshold size of 16184.&quot;" type="FAILED"/>
		<system-out>12:09:08 INFO  ==============================================================
12:09:08 INFO  Id:    tedge_mapper_c8y_packet_threshold_size
12:09:08 INFO  Dir:   tedge_mapper_c8y/
12:09:08 INFO  Title: Validate the Cumulocity Mapper accepted threshold packet size when it receives a message on tedge/measurements
12:09:08 INFO  ==============================================================
12:09:09 INFO  Executed sudo&lt;tedge_mapper_c8y&gt;, exit status 0
12:09:09 INFO  Started sudo&lt;tedge_sub&gt; with process id 15148
12:09:10 INFO  Executed sudo&lt;tedge_msg&gt;, exit status 0
12:09:10 INFO  Executed sudo&lt;tedge_pub&gt;, exit status 0
12:09:11 INFO  Executed sudo&lt;kill_out&gt;, exit status 0
12:09:11 WARN  Grep on tedge_sub.out contains &quot;The size of the message received on tedge/measurements is 20489 which is greater than the threshold size of 16184.&quot; ... failed [run.py:88]
12:09:11 INFO  
12:09:11 INFO  cleanup:
12:09:11 INFO  mapper_cleanup
12:09:11 INFO  Executed sudo&lt;tedge_mapper_c8y&gt;, exit status 0
12:09:11 INFO  
12:09:11 INFO  Test duration: 3.43 secs
12:09:11 INFO  Test final outcome:  FAILED
12:09:11 INFO  Test outcome reason: Grep on tedge_sub.out contains &quot;The size of the message received on tedge/measurements is 20489 which is greater than the threshold size of 16184.&quot;
12:09:11 INFO  
</system-out>
	</testcase>
</testsuite>
