<?xml version="1.0" encoding="utf-8"?>
<testsuite failures="0" name="monitoring_with_collectd" skipped="1" tests="1" time="0.02" timestamp="2022-07-21T19:58:59">
	<testcase classname="MonitoringWithCollectd" name="monitoring_with_collectd">
		<skipped message="SKIPPED: Test execution disabled due to #792 (instable)"/>
		<system-out>19:58:59 INFO  ==============================================================
19:58:59 INFO  Id:    monitoring_with_collectd
19:58:59 INFO  Dir:   monitoring/
19:58:59 INFO  Title: Validate tedge dm agent messages that are produced by batching the collectd messages
19:58:59 INFO  ==============================================================
19:58:59 INFO  Test execution disabled due to #792 (instable) ... skipped
19:58:59 INFO  
19:58:59 INFO  Test duration: 0.02 secs
19:58:59 INFO  Test final outcome:  SKIPPED
19:58:59 INFO  Test outcome reason: Test execution disabled due to #792 (instable)
19:58:59 INFO  
</system-out>
	</testcase>
</testsuite>
