<?xml version="1.0" encoding="utf-8"?>
<testsuite failures="0" name="smoketest_json" skipped="0" tests="1" time="45.55" timestamp="2022-07-21T18:31:51">
	<testcase classname="SmokeTestJson" name="smoketest_json"/>
</testsuite>
