<?xml version="1.0" encoding="utf-8"?>
<testsuite failures="0" name="publish_flux" skipped="0" tests="1" time="72.59" timestamp="2022-07-25T10:19:30">
	<testcase classname="PublishFlux" name="publish_flux"/>
</testsuite>
