<?xml version="1.0" encoding="utf-8"?>
<testsuite failures="1" name="mapper_awaits_before_reconnect" skipped="0" tests="1" time="9.92" timestamp="2022-07-20T13:05:32">
	<testcase classname="MapperReconnectAwait" name="mapper_awaits_before_reconnect">
		<failure message="FAILED: Line count on tedge_mapper_journal.out for &quot;tedge_mapper::core::mapper: MQTT connection error:&quot; expected &gt;=2 but got 0" type="FAILED"/>
		<system-out>13:05:22 INFO  ==============================================================
13:05:22 INFO  Id:    mapper_awaits_before_reconnect
13:05:22 INFO  Dir:   tedge_mapper_c8y/
13:05:22 INFO  Title: Validate mapper doesn't reconnect too often
13:05:22 INFO  ==============================================================
13:05:22 INFO  Started mosquitto_sub with process id 1728
13:05:22 INFO  Waiting for 0.1 seconds
13:05:23 INFO  Executed sudo&lt;tedge_mapper&gt;, exit status 0
13:05:23 INFO  Waiting for 5.0 seconds
13:05:29 INFO  Executed sudo&lt;tedge_mapper&gt;, exit status 0
13:05:32 INFO  Executed sudo&lt;tedge_mapper_journal&gt;, exit status 0
13:05:32 WARN  Grep on tedge_mapper_journal.out contains &quot;ERROR&quot; ... failed [run.py:67]
13:05:32 INFO  Line count on file tedge_mapper_journal.out ... passed
13:05:32 WARN  Line count on tedge_mapper_journal.out for &quot;tedge_mapper::core::mapper: MQTT connection error:&quot; expected &gt;=2 but got 0 ... failed [run.py:78]
13:05:32 WARN  Aborted test due to FAILED outcome
13:05:32 INFO  
13:05:32 INFO  Test duration: 9.92 secs
13:05:32 INFO  Test final outcome:  FAILED
13:05:32 INFO  Test outcome reason: Line count on tedge_mapper_journal.out for &quot;tedge_mapper::core::mapper: MQTT connection error:&quot; expected &gt;=2 but got 0
13:05:32 INFO  
</system-out>
	</testcase>
</testsuite>
