<?xml version="1.0" encoding="utf-8"?>
<testsuite failures="0" name="tedge_software_update" skipped="0" tests="1" time="27.85" timestamp="2022-07-21T18:39:07">
	<testcase classname="PySysTest" name="tedge_software_update"/>
</testsuite>
