<?xml version="1.0" encoding="utf-8"?>
<testsuite failures="0" name="invalid_device_id" skipped="0" tests="1" time="4.2" timestamp="2022-06-20T14:57:50">
	<testcase classname="InvalidDeviceId" name="invalid_device_id"/>
</testsuite>
