<?xml version="1.0" encoding="utf-8"?>
<testsuite failures="0" name="apt_update_list" skipped="1" tests="1" time="0.02" timestamp="2022-07-25T13:32:47">
	<testcase classname="AptPluginUpdateList" name="apt_update_list">
		<skipped message="SKIPPED: Testing the apt plugin is not supported on this platform.To run the tests call PySys with -XmyPlatform='container'"/>
		<system-out>13:32:47 INFO  ==============================================================
13:32:47 INFO  Id:    apt_update_list
13:32:47 INFO  Dir:   plugin_apt/
13:32:47 INFO  Title: Validate apt plugin update-list command use case
13:32:47 INFO  ==============================================================
13:32:47 INFO  Testing the apt plugin is not supported on this platform.To run the tests call PySys with -XmyPlatform='container' ... skipped
13:32:47 WARN  Aborted test due to SKIPPED outcome
13:32:47 INFO  
13:32:47 INFO  Test duration: 0.02 secs
13:32:47 INFO  Test final outcome:  SKIPPED
13:32:47 INFO  Test outcome reason: Testing the apt plugin is not supported on this platform.To run the tests call PySys with -XmyPlatform='container'
13:32:47 INFO  
</system-out>
	</testcase>
</testsuite>
