<?xml version="1.0" encoding="utf-8"?>
<testsuite failures="1" name="tedge_mapper_c8y_packet_threshold_size" skipped="0" tests="1" time="2.9" timestamp="2022-07-22T07:40:22">
	<testcase classname="TedgeMapperC8yThresholdPacketSize" name="tedge_mapper_c8y_packet_threshold_size">
		<failure message="FAILED: Grep on tedge_sub.out contains &quot;The size of the message received on tedge/measurements is 20489 which is greater than the threshold size of 16184.&quot;" type="FAILED"/>
		<system-out>07:40:19 INFO  ==============================================================
07:40:19 INFO  Id:    tedge_mapper_c8y_packet_threshold_size
07:40:19 INFO  Dir:   tedge_mapper_c8y/
07:40:19 INFO  Title: Validate the Cumulocity Mapper accepted threshold packet size when it receives a message on tedge/measurements
07:40:19 INFO  ==============================================================
07:40:19 INFO  Executed sudo&lt;tedge_mapper_c8y&gt;, exit status 0
07:40:19 INFO  Started sudo&lt;tedge_sub&gt; with process id 21473
07:40:20 INFO  Executed sudo&lt;tedge_msg&gt;, exit status 0
07:40:20 INFO  Executed sudo&lt;tedge_pub&gt;, exit status 0
07:40:21 INFO  Executed sudo&lt;kill_out&gt;, exit status 0
07:40:21 WARN  Grep on tedge_sub.out contains &quot;The size of the message received on tedge/measurements is 20489 which is greater than the threshold size of 16184.&quot; ... failed [run.py:88]
07:40:21 INFO  
07:40:21 INFO  cleanup:
07:40:21 INFO  mapper_cleanup
07:40:22 INFO  Executed sudo&lt;tedge_mapper_c8y&gt;, exit status 0
07:40:22 INFO  
07:40:22 INFO  Test duration: 2.90 secs
07:40:22 INFO  Test final outcome:  FAILED
07:40:22 INFO  Test outcome reason: Grep on tedge_sub.out contains &quot;The size of the message received on tedge/measurements is 20489 which is greater than the threshold size of 16184.&quot;
07:40:22 INFO  
</system-out>
	</testcase>
</testsuite>
