<?xml version="1.0" encoding="utf-8"?>
<testsuite failures="0" name="SoftwareManagement.sm_fake_install_remove" skipped="1" tests="1" time="0.03" timestamp="2022-07-21T10:07:45">
	<testcase classname="PySysTest" name="SoftwareManagement.sm_fake_install_remove">
		<skipped message="SKIPPED: Testing the fake plugin is not enabled.Use parameter -Xfakeplugin=fakeplugin to enable it"/>
		<system-out>10:07:44 INFO  ==============================================================
10:07:44 INFO  Id:    SoftwareManagement.sm_fake_install_remove
10:07:44 INFO  Dir:   software_management_end_to_end/
10:07:44 INFO  Title: Validate end to end behaviour for the dummy plugin for installation and removal of packages
10:07:44 INFO  ==============================================================
10:07:44 INFO  Testing the fake plugin is not enabled.Use parameter -Xfakeplugin=fakeplugin to enable it ... skipped
10:07:44 WARN  Aborted test due to SKIPPED outcome
10:07:45 INFO  
10:07:45 INFO  Test duration: 0.03 secs
10:07:45 INFO  Test final outcome:  SKIPPED
10:07:45 INFO  Test outcome reason: Testing the fake plugin is not enabled.Use parameter -Xfakeplugin=fakeplugin to enable it
10:07:45 INFO  
</system-out>
	</testcase>
</testsuite>
