<?xml version="1.0" encoding="utf-8"?>
<testsuite failures="0" name="apt_fail_noarg" skipped="1" tests="1" time="0.08" timestamp="2022-06-29T11:54:44">
	<testcase classname="AptPluginFailNoArg" name="apt_fail_noarg">
		<skipped message="SKIPPED: Testing the apt plugin is not supported on this platform.To run the tests call PySys with -XmyPlatform='container'"/>
		<system-out>11:54:44 INFO  ==============================================================
11:54:44 INFO  Id:    apt_fail_noarg
11:54:44 INFO  Dir:   plugin_apt/
11:54:44 INFO  Title: Validate apt plugin fetures(prepare, list, install, remove finalize) without arguments
11:54:44 INFO  ==============================================================
11:54:44 INFO  Testing the apt plugin is not supported on this platform.To run the tests call PySys with -XmyPlatform='container' ... skipped
11:54:44 WARN  Aborted test due to SKIPPED outcome
11:54:44 INFO  
11:54:44 INFO  Test duration: 0.08 secs
11:54:44 INFO  Test final outcome:  SKIPPED
11:54:44 INFO  Test outcome reason: Testing the apt plugin is not supported on this platform.To run the tests call PySys with -XmyPlatform='container'
11:54:44 INFO  
</system-out>
	</testcase>
</testsuite>
