<?xml version="1.0" encoding="utf-8"?>
<testsuite failures="0" name="SoftwareManagement.Plugin.apama_plugin_remove" skipped="1" tests="1" time="0.05" timestamp="2022-05-23T08:27:21">
	<testcase classname="ApamaPluginRemoveTest" name="SoftwareManagement.Plugin.apama_plugin_remove">
		<skipped message="SKIPPED: Apama plugin tests are disabled by default. Execute `pysys run` with `-XmyPlatform=container` to run these tests"/>
		<system-out>08:27:21 INFO  ==============================================================
08:27:21 INFO  Id:    SoftwareManagement.Plugin.apama_plugin_remove
08:27:21 INFO  Dir:   plugin_apama/
08:27:21 INFO  Title: Validate apama plugin remove
08:27:21 INFO  ==============================================================
08:27:21 INFO  Apama plugin tests are disabled by default. Execute `pysys run` with `-XmyPlatform=container` to run these tests ... skipped
08:27:21 WARN  Aborted test due to SKIPPED outcome
08:27:21 INFO  
08:27:21 INFO  Test duration: 0.05 secs
08:27:21 INFO  Test final outcome:  SKIPPED
08:27:21 INFO  Test outcome reason: Apama plugin tests are disabled by default. Execute `pysys run` with `-XmyPlatform=container` to run these tests
08:27:21 INFO  
</system-out>
	</testcase>
</testsuite>
