<?xml version="1.0" encoding="utf-8"?>
<testsuite failures="0" name="docker_plugin_update" skipped="1" tests="1" time="0.02" timestamp="2022-07-21T21:29:38">
	<testcase classname="DockerPluginUpdateTest" name="docker_plugin_update">
		<skipped message="SKIPPED: Testing the docker plugin is not supported on this platform.To run it, all the test with -XmyPlatform='container'"/>
		<system-out>21:29:38 INFO  ==============================================================
21:29:38 INFO  Id:    docker_plugin_update
21:29:38 INFO  Dir:   plugin_docker/
21:29:38 INFO  Title: Validate docker plugin install updates existing containers
21:29:38 INFO  ==============================================================
21:29:38 INFO  Testing the docker plugin is not supported on this platform.To run it, all the test with -XmyPlatform='container' ... skipped
21:29:38 WARN  Aborted test due to SKIPPED outcome
21:29:38 INFO  
21:29:38 INFO  Test duration: 0.02 secs
21:29:38 INFO  Test final outcome:  SKIPPED
21:29:38 INFO  Test outcome reason: Testing the docker plugin is not supported on this platform.To run it, all the test with -XmyPlatform='container'
21:29:38 INFO  
</system-out>
	</testcase>
</testsuite>
