<?xml version="1.0" encoding="utf-8"?>
<testsuite failures="0" name="smoketest_smartrest" skipped="0" tests="1" time="48.65" timestamp="2022-07-20T12:58:48">
	<testcase classname="SmoketestSmartRest" name="smoketest_smartrest"/>
</testsuite>
