<?xml version="1.0" encoding="utf-8"?>
<testsuite failures="1" name="tedge_mapper_c8y_packet_threshold_size" skipped="0" tests="1" time="2.95" timestamp="2022-07-21T10:12:35">
	<testcase classname="TedgeMapperC8yThresholdPacketSize" name="tedge_mapper_c8y_packet_threshold_size">
		<failure message="FAILED: Grep on tedge_sub.out contains &quot;The size of the message received on tedge/measurements is 20489 which is greater than the threshold size of 16184.&quot;" type="FAILED"/>
		<system-out>10:12:32 INFO  ==============================================================
10:12:32 INFO  Id:    tedge_mapper_c8y_packet_threshold_size
10:12:32 INFO  Dir:   tedge_mapper_c8y/
10:12:32 INFO  Title: Validate the Cumulocity Mapper accepted threshold packet size when it receives a message on tedge/measurements
10:12:32 INFO  ==============================================================
10:12:32 INFO  Executed sudo&lt;tedge_mapper_c8y&gt;, exit status 0
10:12:32 INFO  Started sudo&lt;tedge_sub&gt; with process id 2053
10:12:33 INFO  Executed sudo&lt;tedge_msg&gt;, exit status 0
10:12:34 INFO  Executed sudo&lt;tedge_pub&gt;, exit status 0
10:12:34 INFO  Executed sudo&lt;kill_out&gt;, exit status 0
10:12:34 WARN  Grep on tedge_sub.out contains &quot;The size of the message received on tedge/measurements is 20489 which is greater than the threshold size of 16184.&quot; ... failed [run.py:88]
10:12:34 INFO  
10:12:34 INFO  cleanup:
10:12:34 INFO  mapper_cleanup
10:12:35 INFO  Executed sudo&lt;tedge_mapper_c8y&gt;, exit status 0
10:12:35 INFO  
10:12:35 INFO  Test duration: 2.95 secs
10:12:35 INFO  Test final outcome:  FAILED
10:12:35 INFO  Test outcome reason: Grep on tedge_sub.out contains &quot;The size of the message received on tedge/measurements is 20489 which is greater than the threshold size of 16184.&quot;
10:12:35 INFO  
</system-out>
	</testcase>
</testsuite>
