<?xml version="1.0" encoding="utf-8"?>
<testsuite failures="0" name="SoftwareManagement.sm_apt_install_download_path" skipped="1" tests="1" time="0.06" timestamp="2022-06-22T09:53:11">
	<testcase classname="AptInstallWithDownloadPath" name="SoftwareManagement.sm_apt_install_download_path">
		<skipped message="SKIPPED: Testing the apt plugin is not supported on this platform.Use parameter -XmyPlatform='container' to enable it"/>
		<system-out>09:53:11 INFO  ==============================================================
09:53:11 INFO  Id:    SoftwareManagement.sm_apt_install_download_path
09:53:11 INFO  Dir:   software_management_end_to_end/
09:53:11 INFO  Title: Install package to directory specified in tedge config set tmp.path
09:53:11 INFO  ==============================================================
09:53:11 INFO  Testing the apt plugin is not supported on this platform.Use parameter -XmyPlatform='container' to enable it ... skipped
09:53:11 WARN  Aborted test due to SKIPPED outcome
09:53:11 INFO  
09:53:11 INFO  Test duration: 0.06 secs
09:53:11 INFO  Test final outcome:  SKIPPED
09:53:11 INFO  Test outcome reason: Testing the apt plugin is not supported on this platform.Use parameter -XmyPlatform='container' to enable it
09:53:11 INFO  
</system-out>
	</testcase>
</testsuite>
