<?xml version="1.0" encoding="utf-8"?>
<testsuite failures="0" name="smoketest_smartrest" skipped="0" tests="1" time="48.66" timestamp="2022-07-15T07:46:23">
	<testcase classname="SmoketestSmartRest" name="smoketest_smartrest"/>
</testsuite>
