<?xml version="1.0" encoding="utf-8"?>
<testsuite failures="1" name="mapper_awaits_before_reconnect" skipped="0" tests="1" time="9.88" timestamp="2022-07-15T07:53:09">
	<testcase classname="MapperReconnectAwait" name="mapper_awaits_before_reconnect">
		<failure message="FAILED: Line count on tedge_mapper_journal.out for &quot;tedge_mapper::core::mapper: MQTT connection error:&quot; expected &gt;=2 but got 0" type="FAILED"/>
		<system-out>07:52:59 INFO  ==============================================================
07:52:59 INFO  Id:    mapper_awaits_before_reconnect
07:52:59 INFO  Dir:   tedge_mapper_c8y/
07:52:59 INFO  Title: Validate mapper doesn't reconnect too often
07:52:59 INFO  ==============================================================
07:52:59 INFO  Started mosquitto_sub with process id 6328
07:52:59 INFO  Waiting for 0.1 seconds
07:53:00 INFO  Executed sudo&lt;tedge_mapper&gt;, exit status 0
07:53:00 INFO  Waiting for 5.0 seconds
07:53:06 INFO  Executed sudo&lt;tedge_mapper&gt;, exit status 0
07:53:09 INFO  Executed sudo&lt;tedge_mapper_journal&gt;, exit status 0
07:53:09 WARN  Grep on tedge_mapper_journal.out contains &quot;ERROR&quot; ... failed [run.py:67]
07:53:09 INFO  Line count on file tedge_mapper_journal.out ... passed
07:53:09 WARN  Line count on tedge_mapper_journal.out for &quot;tedge_mapper::core::mapper: MQTT connection error:&quot; expected &gt;=2 but got 0 ... failed [run.py:78]
07:53:09 WARN  Aborted test due to FAILED outcome
07:53:09 INFO  
07:53:09 INFO  Test duration: 9.88 secs
07:53:09 INFO  Test final outcome:  FAILED
07:53:09 INFO  Test outcome reason: Line count on tedge_mapper_journal.out for &quot;tedge_mapper::core::mapper: MQTT connection error:&quot; expected &gt;=2 but got 0
07:53:09 INFO  
</system-out>
	</testcase>
</testsuite>
