<?xml version="1.0" encoding="utf-8"?>
<testsuite failures="1" name="valid_device_id" skipped="0" tests="1" time="56.95" timestamp="2022-07-13T11:35:50">
	<testcase classname="ValidateValidDeviceId" name="valid_device_id">
		<failure message="FAILED: Grep on tedge_connect_c8y_test.out contains &quot;successful&quot;" type="FAILED"/>
		<system-out>11:34:53 INFO  ==============================================================
11:34:53 INFO  Id:    valid_device_id
11:34:53 INFO  Dir:   misc_features/
11:34:53 INFO  Title: Valid device ID
11:34:53 INFO  ==============================================================
11:34:54 INFO  Executed sudo&lt;tedge_disconnect_c8y&gt;, exit status 0
11:34:54 INFO  Executed sudo&lt;create_cert_dir&gt;, exit status 0
11:34:55 INFO  Executed sudo&lt;change_owner_of_dir&gt;, exit status 0
11:34:56 INFO  Executed sudo&lt;set_cert_path&gt;, exit status 0
11:34:56 INFO  Executed sudo&lt;set_key_path&gt;, exit status 0
11:34:57 INFO  Executed sudo&lt;cert_create&gt;, exit status 0
11:34:58 INFO  Executed sudo&lt;cert_upload&gt;, exit status 0
11:35:34 INFO  Executed sudo&lt;tedge_connect_c8y&gt;, exit status 0, duration 34 secs
11:35:44 INFO  Executed sudo&lt;tedge_connect_c8y_test&gt;, exit status 0
11:35:44 INFO  Grep on file tedge_connect_c8y.out ... passed
11:35:44 WARN  Grep on tedge_connect_c8y_test.out contains &quot;successful&quot; ... failed [run.py:108]
11:35:44 INFO  
11:35:44 INFO  cleanup:
11:35:49 INFO  Executed sudo&lt;tedge_disconnect_c8y&gt;, exit status 0
11:35:49 INFO  Executed sudo&lt;unset_cert_path&gt;, exit status 0
11:35:50 INFO  Executed sudo&lt;unset_key_path&gt;, exit status 0
11:35:50 INFO  Executed sudo&lt;remove_cert_dir&gt;, exit status 0
11:35:50 INFO  
11:35:50 INFO  Test duration: 56.95 secs
11:35:50 INFO  Test final outcome:  FAILED
11:35:50 INFO  Test outcome reason: Grep on tedge_connect_c8y_test.out contains &quot;successful&quot;
11:35:50 INFO  
</system-out>
	</testcase>
</testsuite>
