<?xml version="1.0" encoding="utf-8"?>
<testsuite failures="0" name="apt_install_local_file_fail" skipped="1" tests="1" time="0.03" timestamp="2022-07-18T13:59:22">
	<testcase classname="AptPluginInstallFromLocalFileFail" name="apt_install_local_file_fail">
		<skipped message="SKIPPED: Testing the apt plugin is not supported on this platform.To run the tests call PySys with -XmyPlatform='container'"/>
		<system-out>13:59:22 INFO  ==============================================================
13:59:22 INFO  Id:    apt_install_local_file_fail
13:59:22 INFO  Dir:   plugin_apt/
13:59:22 INFO  Title: Validate apt plugin install from local file - FAIL case
13:59:22 INFO  ==============================================================
13:59:22 INFO  Testing the apt plugin is not supported on this platform.To run the tests call PySys with -XmyPlatform='container' ... skipped
13:59:22 WARN  Aborted test due to SKIPPED outcome
13:59:22 INFO  
13:59:22 INFO  Test duration: 0.03 secs
13:59:22 INFO  Test final outcome:  SKIPPED
13:59:22 INFO  Test outcome reason: Testing the apt plugin is not supported on this platform.To run the tests call PySys with -XmyPlatform='container'
13:59:22 INFO  
</system-out>
	</testcase>
</testsuite>
