<?xml version="1.0" encoding="utf-8"?>
<testsuite failures="0" name="apt_sequence_install_with_version" skipped="1" tests="1" time="0.02" timestamp="2022-06-08T12:59:24">
	<testcase classname="AptPluginPrepInstallWithVersionFinalize" name="apt_sequence_install_with_version">
		<skipped message="SKIPPED: Testing the apt plugin is not supported on this platform.To run the tests call PySys with -XmyPlatform='container'"/>
		<system-out>12:59:24 INFO  ==============================================================
12:59:24 INFO  Id:    apt_sequence_install_with_version
12:59:24 INFO  Dir:   plugin_apt/
12:59:24 INFO  Title: Validate apt plugin install with version use case
12:59:24 INFO  ==============================================================
12:59:24 INFO  Testing the apt plugin is not supported on this platform.To run the tests call PySys with -XmyPlatform='container' ... skipped
12:59:24 WARN  Aborted test due to SKIPPED outcome
12:59:24 INFO  
12:59:24 INFO  Test duration: 0.02 secs
12:59:24 INFO  Test final outcome:  SKIPPED
12:59:24 INFO  Test outcome reason: Testing the apt plugin is not supported on this platform.To run the tests call PySys with -XmyPlatform='container'
12:59:24 INFO  
</system-out>
	</testcase>
</testsuite>
