<?xml version="1.0" encoding="utf-8"?>
<testsuite failures="0" name="apt_sequence_remove_with_version_fail" skipped="1" tests="1" time="0.07" timestamp="2022-07-13T11:36:14">
	<testcase classname="AptPluginRemoveWithVersionFails" name="apt_sequence_remove_with_version_fail">
		<skipped message="SKIPPED: Testing the apt plugin is not supported on this platform.To run the tests call PySys with -XmyPlatform='container'"/>
		<system-out>11:36:14 INFO  ==============================================================
11:36:14 INFO  Id:    apt_sequence_remove_with_version_fail
11:36:14 INFO  Dir:   plugin_apt/
11:36:14 INFO  Title: Validate apt plugin remove with version fails when the version not found
11:36:14 INFO  ==============================================================
11:36:14 INFO  Testing the apt plugin is not supported on this platform.To run the tests call PySys with -XmyPlatform='container' ... skipped
11:36:14 WARN  Aborted test due to SKIPPED outcome
11:36:14 INFO  
11:36:14 INFO  Test duration: 0.07 secs
11:36:14 INFO  Test final outcome:  SKIPPED
11:36:14 INFO  Test outcome reason: Testing the apt plugin is not supported on this platform.To run the tests call PySys with -XmyPlatform='container'
11:36:14 INFO  
</system-out>
	</testcase>
</testsuite>
