<?xml version="1.0" encoding="utf-8"?>
<testsuite failures="0" name="docker_plugin_remove_with_version" skipped="1" tests="1" time="0.03" timestamp="2022-07-22T17:26:40">
	<testcase classname="DockerPluginRemoveWithVersionTest" name="docker_plugin_remove_with_version">
		<skipped message="SKIPPED: Testing the docker plugin is not supported on this platform.To run it, all the test with -XmyPlatform='container'"/>
		<system-out>17:26:40 INFO  ==============================================================
17:26:40 INFO  Id:    docker_plugin_remove_with_version
17:26:40 INFO  Dir:   plugin_docker/
17:26:40 INFO  Title: Validate docker plugin remove with version
17:26:40 INFO  ==============================================================
17:26:40 INFO  Testing the docker plugin is not supported on this platform.To run it, all the test with -XmyPlatform='container' ... skipped
17:26:40 WARN  Aborted test due to SKIPPED outcome
17:26:40 INFO  
17:26:40 INFO  Test duration: 0.03 secs
17:26:40 INFO  Test final outcome:  SKIPPED
17:26:40 INFO  Test outcome reason: Testing the docker plugin is not supported on this platform.To run it, all the test with -XmyPlatform='container'
17:26:40 INFO  
</system-out>
	</testcase>
</testsuite>
