<?xml version="1.0" encoding="utf-8"?>
<testsuite failures="0" name="smoketest_json" skipped="0" tests="1" time="46.66" timestamp="2022-07-21T21:32:58">
	<testcase classname="SmokeTestJson" name="smoketest_json"/>
</testsuite>
