<?xml version="1.0" encoding="utf-8"?>
<testsuite failures="0" name="apt_install_local_file_fail" skipped="1" tests="1" time="0.02" timestamp="2022-05-23T16:47:27">
	<testcase classname="AptPluginInstallFromLocalFileFail" name="apt_install_local_file_fail">
		<skipped message="SKIPPED: Testing the apt plugin is not supported on this platform.To run the tests call PySys with -XmyPlatform='container'"/>
		<system-out>16:47:27 INFO  ==============================================================
16:47:27 INFO  Id:    apt_install_local_file_fail
16:47:27 INFO  Dir:   plugin_apt/
16:47:27 INFO  Title: Validate apt plugin install from local file - FAIL case
16:47:27 INFO  ==============================================================
16:47:27 INFO  Testing the apt plugin is not supported on this platform.To run the tests call PySys with -XmyPlatform='container' ... skipped
16:47:27 WARN  Aborted test due to SKIPPED outcome
16:47:27 INFO  
16:47:27 INFO  Test duration: 0.02 secs
16:47:27 INFO  Test final outcome:  SKIPPED
16:47:27 INFO  Test outcome reason: Testing the apt plugin is not supported on this platform.To run the tests call PySys with -XmyPlatform='container'
16:47:27 INFO  
</system-out>
	</testcase>
</testsuite>
