<?xml version="1.0" encoding="utf-8"?>
<testsuite failures="0" name="apt_remove" skipped="1" tests="1" time="0.02" timestamp="2022-05-23T19:08:00">
	<testcase classname="AptPluginRemoveDense" name="apt_remove">
		<skipped message="SKIPPED: Testing the apt plugin is not supported on this platform.To run the tests call PySys with -XmyPlatform='container'"/>
		<system-out>19:08:00 INFO  ==============================================================
19:08:00 INFO  Id:    apt_remove
19:08:00 INFO  Dir:   plugin_apt/
19:08:00 INFO  Title: Validate apt plugin prepare - dense version
19:08:00 INFO  ==============================================================
19:08:00 INFO  Testing the apt plugin is not supported on this platform.To run the tests call PySys with -XmyPlatform='container' ... skipped
19:08:00 WARN  Aborted test due to SKIPPED outcome
19:08:00 INFO  
19:08:00 INFO  Test duration: 0.02 secs
19:08:00 INFO  Test final outcome:  SKIPPED
19:08:00 INFO  Test outcome reason: Testing the apt plugin is not supported on this platform.To run the tests call PySys with -XmyPlatform='container'
19:08:00 INFO  
</system-out>
	</testcase>
</testsuite>
