<?xml version="1.0" encoding="utf-8"?>
<testsuite failures="0" name="SoftwareManagement.sm_apt_install_download_path" skipped="1" tests="1" time="0.07" timestamp="2022-07-25T11:58:07">
	<testcase classname="AptInstallWithDownloadPath" name="SoftwareManagement.sm_apt_install_download_path">
		<skipped message="SKIPPED: Testing the apt plugin is not supported on this platform.Use parameter -XmyPlatform='container' to enable it"/>
		<system-out>11:58:07 INFO  ==============================================================
11:58:07 INFO  Id:    SoftwareManagement.sm_apt_install_download_path
11:58:07 INFO  Dir:   software_management_end_to_end/
11:58:07 INFO  Title: Install package to directory specified in tedge config set tmp.path
11:58:07 INFO  ==============================================================
11:58:07 INFO  Testing the apt plugin is not supported on this platform.Use parameter -XmyPlatform='container' to enable it ... skipped
11:58:07 WARN  Aborted test due to SKIPPED outcome
11:58:07 INFO  
11:58:07 INFO  Test duration: 0.07 secs
11:58:07 INFO  Test final outcome:  SKIPPED
11:58:07 INFO  Test outcome reason: Testing the apt plugin is not supported on this platform.Use parameter -XmyPlatform='container' to enable it
11:58:07 INFO  
</system-out>
	</testcase>
</testsuite>
