<?xml version="1.0" encoding="utf-8"?>
<testsuite failures="0" name="apt_install_local_file" skipped="1" tests="1" time="0.03" timestamp="2022-07-21T21:29:34">
	<testcase classname="AptPluginInstallFromLocalFile" name="apt_install_local_file">
		<skipped message="SKIPPED: Testing the apt plugin is not supported on this platform.To run the tests call PySys with -XmyPlatform='container'"/>
		<system-out>21:29:34 INFO  ==============================================================
21:29:34 INFO  Id:    apt_install_local_file
21:29:34 INFO  Dir:   plugin_apt/
21:29:34 INFO  Title: Validate apt plugin install from local file - SUCCESS case
21:29:34 INFO  ==============================================================
21:29:34 INFO  Testing the apt plugin is not supported on this platform.To run the tests call PySys with -XmyPlatform='container' ... skipped
21:29:34 WARN  Aborted test due to SKIPPED outcome
21:29:34 INFO  
21:29:34 INFO  Test duration: 0.03 secs
21:29:34 INFO  Test final outcome:  SKIPPED
21:29:34 INFO  Test outcome reason: Testing the apt plugin is not supported on this platform.To run the tests call PySys with -XmyPlatform='container'
21:29:34 INFO  
</system-out>
	</testcase>
</testsuite>
