<?xml version="1.0" encoding="utf-8"?>
<testsuite failures="0" name="SoftwareManagement.Plugin.apama_plugin_update" skipped="1" tests="1" time="0.05" timestamp="2022-06-09T16:32:58">
	<testcase classname="ApamaPluginUpdateTest" name="SoftwareManagement.Plugin.apama_plugin_update">
		<skipped message="SKIPPED: Apama plugin tests are disabled by default. Execute `pysys run` with `-XmyPlatform=container` to run these tests"/>
		<system-out>16:32:58 INFO  ==============================================================
16:32:58 INFO  Id:    SoftwareManagement.Plugin.apama_plugin_update
16:32:58 INFO  Dir:   plugin_apama/
16:32:58 INFO  Title: Validate apama plugin updating one project with another
16:32:58 INFO  ==============================================================
16:32:58 INFO  Apama plugin tests are disabled by default. Execute `pysys run` with `-XmyPlatform=container` to run these tests ... skipped
16:32:58 WARN  Aborted test due to SKIPPED outcome
16:32:58 INFO  
16:32:58 INFO  Test duration: 0.05 secs
16:32:58 INFO  Test final outcome:  SKIPPED
16:32:58 INFO  Test outcome reason: Apama plugin tests are disabled by default. Execute `pysys run` with `-XmyPlatform=container` to run these tests
16:32:58 INFO  
</system-out>
	</testcase>
</testsuite>
