<?xml version="1.0" encoding="utf-8"?>
<testsuite failures="0" name="apt_update_list" skipped="1" tests="1" time="0.04" timestamp="2022-07-21T19:59:08">
	<testcase classname="AptPluginUpdateList" name="apt_update_list">
		<skipped message="SKIPPED: Testing the apt plugin is not supported on this platform.To run the tests call PySys with -XmyPlatform='container'"/>
		<system-out>19:59:08 INFO  ==============================================================
19:59:08 INFO  Id:    apt_update_list
19:59:08 INFO  Dir:   plugin_apt/
19:59:08 INFO  Title: Validate apt plugin update-list command use case
19:59:08 INFO  ==============================================================
19:59:08 INFO  Testing the apt plugin is not supported on this platform.To run the tests call PySys with -XmyPlatform='container' ... skipped
19:59:08 WARN  Aborted test due to SKIPPED outcome
19:59:08 INFO  
19:59:08 INFO  Test duration: 0.04 secs
19:59:08 INFO  Test final outcome:  SKIPPED
19:59:08 INFO  Test outcome reason: Testing the apt plugin is not supported on this platform.To run the tests call PySys with -XmyPlatform='container'
19:59:08 INFO  
</system-out>
	</testcase>
</testsuite>
