<?xml version="1.0" encoding="utf-8"?>
<testsuite failures="0" name="apt_finalize" skipped="0" tests="1" time="127.39" timestamp="2022-07-21T21:43:30">
	<testcase classname="AptPluginFinalize" name="apt_finalize"/>
</testsuite>
