<?xml version="1.0" encoding="utf-8"?>
<testsuite failures="0" name="apt_prepare" skipped="0" tests="1" time="20.46" timestamp="2022-07-26T07:39:44">
	<testcase classname="AptPluginPrepare" name="apt_prepare"/>
</testsuite>
