<?xml version="1.0" encoding="utf-8"?>
<testsuite failures="1" name="SoftwareManagement.sm_apt_install_remove_multiple" skipped="0" tests="1" time="179.89" timestamp="2022-07-01T07:36:41">
	<testcase classname="PySysTest" name="SoftwareManagement.sm_apt_install_remove_multiple">
		<failure message="FAILED: Assert that (False == value) with value=True" type="FAILED"/>
		<system-out>07:33:41 INFO  ==============================================================
07:33:41 INFO  Id:    SoftwareManagement.sm_apt_install_remove_multiple
07:33:41 INFO  Dir:   software_management_end_to_end/
07:33:41 INFO  Title: Validate end to end behaviour for the apt plugin for multiple packages
07:33:41 INFO  ==============================================================
07:33:41 INFO  Using sw id database: {'asciijump': '5475369', 'robotfindskitten': '5474869', 'squirrel3': '5475279', 'rolldice': '5152439', 'moon-buggy': '5439204', 'apple': '5495053', 'banana': '5494888', 'cherry': '5495382', 'watermelon': '5494510', 'registry': '8018911', 'hello-world': '8021526', 'docker/getting-started': '8021973', 'alpine': '7991792'}
07:33:41 INFO  EnvironmentC8y Setup
07:33:42 INFO  Executed systemctl&lt;serv_mapper1&gt;, exit status 3
07:33:42 INFO  Restarting mosquitto too frequently in the last 10 seconds. It was only up for 4 seconds
07:33:42 INFO  Delaying execution by 7 seconds
07:34:03 INFO  Executed sudo&lt;tedge_connect_c8y&gt;, exit status 0, duration 14 secs
07:34:04 INFO  Executed sudo&lt;tedge_connect_c8y_test&gt;, exit status 0
07:34:04 INFO  Executed systemctl&lt;serv_mosq2&gt;, exit status 0
07:34:05 INFO  Executed systemctl&lt;serv_mapper3&gt;, exit status 0
07:34:07 INFO  State of current operation: SUCCESSFUL
07:34:07 INFO  Assert that (False == value) with value=False ... passed
07:34:07 INFO  Assert that (False == value) with value=False ... passed
07:34:07 INFO  Assert that (False == value) with value=False ... passed
07:34:08 INFO  Package robotfindskitten is installed
07:34:08 WARN  Assert that (False == value) with value=True ... failed 
07:34:08 INFO  Response status: 201
07:34:08 INFO  Response to action: {
    &quot;creationTime&quot;: &quot;2022-07-01T07:34:08.401Z&quot;,
    &quot;deviceId&quot;: &quot;20627469&quot;,
    &quot;deviceName&quot;: &quot;m32sd10b&quot;,
    &quot;self&quot;: &quot;https://t493319102.eu-latest.cumulocity.com/devicecontrol/operations/20660970&quot;,
    &quot;id&quot;: &quot;20660970&quot;,
    &quot;status&quot;: &quot;PENDING&quot;,
    &quot;description&quot;: &quot;Apply software changes, triggered from PySys: [{'action': 'install', 'id': '5475369', 'name': 'asciijump', 'url': ' ', 'version': '::apt'}, {'action': 'install', 'id': '5474869', 'name': 'robotfindskitten', 'url': ' ', 'version': '::apt'}, {'action': 'install', 'id': '5475279', 'name': 'squirrel3', 'url': ' ', 'version': '::apt'}]&quot;,
    &quot;c8y_SoftwareUpdate&quot;: [
        {
            &quot;name&quot;: &quot;asciijump&quot;,
            &quot;action&quot;: &quot;install&quot;,
            &quot;id&quot;: &quot;5475369&quot;,
            &quot;version&quot;: &quot;::apt&quot;,
            &quot;url&quot;: &quot; &quot;
        },
        {
            &quot;name&quot;: &quot;robotfindskitten&quot;,
            &quot;action&quot;: &quot;install&quot;,
            &quot;id&quot;: &quot;5474869&quot;,
            &quot;version&quot;: &quot;::apt&quot;,
            &quot;url&quot;: &quot; &quot;
        },
        {
            &quot;name&quot;: &quot;squirrel3&quot;,
            &quot;action&quot;: &quot;install&quot;,
            &quot;id&quot;: &quot;5475279&quot;,
            &quot;version&quot;: &quot;::apt&quot;,
            &quot;url&quot;: &quot; &quot;
        }
    ]
}
07:34:08 INFO  Started operation: {'creationTime': '2022-07-01T07:34:08.401Z', 'deviceId': '20627469', 'deviceName': 'm32sd10b', 'self': 'https://t493319102.eu-latest.cumulocity.com/devicecontrol/operations/20660970', 'id': '20660970', 'status': 'PENDING', 'description': &quot;Apply software changes, triggered from PySys: [{'action': 'install', 'id': '5475369', 'name': 'asciijump', 'url': ' ', 'version': '::apt'}, {'action': 'install', 'id': '5474869', 'name': 'robotfindskitten', 'url': ' ', 'version': '::apt'}, {'action': 'install', 'id': '5475279', 'name': 'squirrel3', 'url': ' ', 'version': '::apt'}]&quot;, 'c8y_SoftwareUpdate': [{'name': 'asciijump', 'action': 'install', 'id': '5475369', 'version': '::apt', 'url': ' '}, {'name': 'robotfindskitten', 'action': 'install', 'id': '5474869', 'version': '::apt', 'url': ' '}, {'name': 'squirrel3', 'action': 'install', 'id': '5475279', 'version': '::apt', 'url': ' '}]}
07:34:10 INFO  State of operation 20660970 : PENDING
07:34:12 INFO  State of operation 20660970 : EXECUTING
07:34:15 INFO  State of operation 20660970 : EXECUTING
07:34:17 INFO  State of operation 20660970 : EXECUTING
07:34:19 INFO  State of operation 20660970 : EXECUTING
07:34:21 INFO  State of operation 20660970 : EXECUTING
07:34:24 INFO  State of operation 20660970 : EXECUTING
07:34:27 INFO  State of operation 20660970 : EXECUTING
07:34:29 INFO  State of operation 20660970 : EXECUTING
07:34:31 INFO  State of operation 20660970 : EXECUTING
07:34:34 INFO  State of operation 20660970 : EXECUTING
07:34:36 INFO  State of operation 20660970 : EXECUTING
07:34:38 INFO  State of operation 20660970 : EXECUTING
07:34:40 INFO  State of operation 20660970 : EXECUTING
07:34:43 INFO  State of operation 20660970 : EXECUTING
07:34:45 INFO  State of operation 20660970 : EXECUTING
07:34:47 INFO  State of operation 20660970 : EXECUTING
07:34:50 INFO  State of operation 20660970 : EXECUTING
07:34:52 INFO  State of operation 20660970 : EXECUTING
07:34:55 INFO  State of operation 20660970 : EXECUTING
07:34:57 INFO  State of operation 20660970 : EXECUTING
07:35:00 INFO  State of operation 20660970 : EXECUTING
07:35:02 INFO  State of operation 20660970 : EXECUTING
07:35:05 INFO  State of operation 20660970 : EXECUTING
07:35:07 INFO  State of operation 20660970 : EXECUTING
07:35:10 INFO  State of operation 20660970 : EXECUTING
07:35:12 INFO  State of operation 20660970 : EXECUTING
07:35:15 INFO  State of operation 20660970 : EXECUTING
07:35:17 INFO  State of operation 20660970 : EXECUTING
07:35:20 INFO  State of operation 20660970 : EXECUTING
07:35:22 INFO  State of operation 20660970 : EXECUTING
07:35:24 INFO  State of operation 20660970 : EXECUTING
07:35:26 INFO  State of operation 20660970 : EXECUTING
07:35:29 INFO  State of operation 20660970 : SUCCESSFUL
07:35:29 INFO  Assert that (False == value) with value=False ... passed
07:35:29 INFO  Package asciijump is installed
07:35:29 INFO  Assert that (True == value) with value=True ... passed
07:35:29 INFO  Package squirrel3 is installed
07:35:29 INFO  Assert that (True == value) with value=True ... passed
07:35:30 INFO  Package robotfindskitten is installed
07:35:30 INFO  Assert that (True == value) with value=True ... passed
07:35:30 INFO  Response status: 201
07:35:30 INFO  Response to action: {
    &quot;creationTime&quot;: &quot;2022-07-01T07:35:30.240Z&quot;,
    &quot;deviceId&quot;: &quot;20627469&quot;,
    &quot;deviceName&quot;: &quot;m32sd10b&quot;,
    &quot;self&quot;: &quot;https://t493319102.eu-latest.cumulocity.com/devicecontrol/operations/20660978&quot;,
    &quot;id&quot;: &quot;20660978&quot;,
    &quot;status&quot;: &quot;PENDING&quot;,
    &quot;description&quot;: &quot;Apply software changes, triggered from PySys: [{'action': 'delete', 'id': '5475369', 'name': 'asciijump', 'url': ' ', 'version': '::apt'}, {'action': 'delete', 'id': '5474869', 'name': 'robotfindskitten', 'url': ' ', 'version': '::apt'}, {'action': 'delete', 'id': '5475279', 'name': 'squirrel3', 'url': ' ', 'version': '::apt'}]&quot;,
    &quot;c8y_SoftwareUpdate&quot;: [
        {
            &quot;name&quot;: &quot;asciijump&quot;,
            &quot;action&quot;: &quot;delete&quot;,
            &quot;id&quot;: &quot;5475369&quot;,
            &quot;version&quot;: &quot;::apt&quot;,
            &quot;url&quot;: &quot; &quot;
        },
        {
            &quot;name&quot;: &quot;robotfindskitten&quot;,
            &quot;action&quot;: &quot;delete&quot;,
            &quot;id&quot;: &quot;5474869&quot;,
            &quot;version&quot;: &quot;::apt&quot;,
            &quot;url&quot;: &quot; &quot;
        },
        {
            &quot;name&quot;: &quot;squirrel3&quot;,
            &quot;action&quot;: &quot;delete&quot;,
            &quot;id&quot;: &quot;5475279&quot;,
            &quot;version&quot;: &quot;::apt&quot;,
            &quot;url&quot;: &quot; &quot;
        }
    ]
}
07:35:30 INFO  Started operation: {'creationTime': '2022-07-01T07:35:30.240Z', 'deviceId': '20627469', 'deviceName': 'm32sd10b', 'self': 'https://t493319102.eu-latest.cumulocity.com/devicecontrol/operations/20660978', 'id': '20660978', 'status': 'PENDING', 'description': &quot;Apply software changes, triggered from PySys: [{'action': 'delete', 'id': '5475369', 'name': 'asciijump', 'url': ' ', 'version': '::apt'}, {'action': 'delete', 'id': '5474869', 'name': 'robotfindskitten', 'url': ' ', 'version': '::apt'}, {'action': 'delete', 'id': '5475279', 'name': 'squirrel3', 'url': ' ', 'version': '::apt'}]&quot;, 'c8y_SoftwareUpdate': [{'name': 'asciijump', 'action': 'delete', 'id': '5475369', 'version': '::apt', 'url': ' '}, {'name': 'robotfindskitten', 'action': 'delete', 'id': '5474869', 'version': '::apt', 'url': ' '}, {'name': 'squirrel3', 'action': 'delete', 'id': '5475279', 'version': '::apt', 'url': ' '}]}
07:35:32 INFO  State of operation 20660978 : PENDING
07:35:34 INFO  State of operation 20660978 : EXECUTING
07:35:37 INFO  State of operation 20660978 : EXECUTING
07:35:39 INFO  State of operation 20660978 : EXECUTING
07:35:41 INFO  State of operation 20660978 : EXECUTING
07:35:43 INFO  State of operation 20660978 : EXECUTING
07:35:46 INFO  State of operation 20660978 : EXECUTING
07:35:49 INFO  State of operation 20660978 : EXECUTING
07:35:51 INFO  State of operation 20660978 : EXECUTING
07:35:54 INFO  State of operation 20660978 : EXECUTING
07:35:56 INFO  State of operation 20660978 : EXECUTING
07:35:58 INFO  State of operation 20660978 : EXECUTING
07:36:00 INFO  State of operation 20660978 : EXECUTING
07:36:03 INFO  State of operation 20660978 : EXECUTING
07:36:05 INFO  State of operation 20660978 : EXECUTING
07:36:07 INFO  State of operation 20660978 : EXECUTING
07:36:10 INFO  State of operation 20660978 : EXECUTING
07:36:12 INFO  State of operation 20660978 : EXECUTING
07:36:15 INFO  State of operation 20660978 : EXECUTING
07:36:17 INFO  State of operation 20660978 : EXECUTING
07:36:19 INFO  State of operation 20660978 : EXECUTING
07:36:21 INFO  State of operation 20660978 : EXECUTING
07:36:24 INFO  State of operation 20660978 : EXECUTING
07:36:26 INFO  State of operation 20660978 : EXECUTING
07:36:28 INFO  State of operation 20660978 : EXECUTING
07:36:31 INFO  State of operation 20660978 : EXECUTING
07:36:33 INFO  State of operation 20660978 : EXECUTING
07:36:35 INFO  State of operation 20660978 : SUCCESSFUL
07:36:36 INFO  Assert that (False == value) with value=False ... passed
07:36:36 INFO  Assert that (False == value) with value=False ... passed
07:36:36 INFO  Assert that (False == value) with value=False ... passed
07:36:36 INFO  Assert that (False == value) with value=False ... passed
07:36:36 INFO  
07:36:36 INFO  cleanup:
07:36:40 INFO  Executed sudo&lt;tedge_disconnect_c8y&gt;, exit status 0
07:36:41 INFO  Executed systemctl&lt;serv_mapper5&gt;, exit status 3
07:36:41 INFO  
07:36:41 INFO  Test duration: 179.89 secs
07:36:41 INFO  Test final outcome:  FAILED
07:36:41 INFO  Test outcome reason: Assert that (False == value) with value=True
07:36:41 INFO  
</system-out>
	</testcase>
</testsuite>
