<?xml version="1.0" encoding="utf-8"?>
<testsuite failures="1" name="SoftwareManagement.sm_apt_install_remove_multiple" skipped="0" tests="1" time="179.01" timestamp="2022-06-22T16:34:06">
	<testcase classname="PySysTest" name="SoftwareManagement.sm_apt_install_remove_multiple">
		<failure message="FAILED: Assert that (False == value) with value=True" type="FAILED"/>
		<system-out>16:31:07 INFO  ==============================================================
16:31:07 INFO  Id:    SoftwareManagement.sm_apt_install_remove_multiple
16:31:07 INFO  Dir:   software_management_end_to_end/
16:31:07 INFO  Title: Validate end to end behaviour for the apt plugin for multiple packages
16:31:07 INFO  ==============================================================
16:31:07 INFO  Using sw id database: {'asciijump': '5475369', 'robotfindskitten': '5474869', 'squirrel3': '5475279', 'rolldice': '5152439', 'moon-buggy': '5439204', 'apple': '5495053', 'banana': '5494888', 'cherry': '5495382', 'watermelon': '5494510', 'registry': '8018911', 'hello-world': '8021526', 'docker/getting-started': '8021973', 'alpine': '7991792'}
16:31:07 INFO  EnvironmentC8y Setup
16:31:07 INFO  Executed systemctl&lt;serv_mapper1&gt;, exit status 3
16:31:07 INFO  Restarting mosquitto too frequently in the last 10 seconds. It was only up for 5 seconds
16:31:07 INFO  Delaying execution by 6 seconds
16:31:28 INFO  Executed sudo&lt;tedge_connect_c8y&gt;, exit status 0, duration 14 secs
16:31:28 INFO  Executed sudo&lt;tedge_connect_c8y_test&gt;, exit status 0
16:31:29 INFO  Executed systemctl&lt;serv_mosq2&gt;, exit status 0
16:31:29 INFO  Executed systemctl&lt;serv_mapper3&gt;, exit status 0
16:31:32 INFO  State of current operation: SUCCESSFUL
16:31:32 INFO  Assert that (False == value) with value=False ... passed
16:31:32 INFO  Assert that (False == value) with value=False ... passed
16:31:32 INFO  Assert that (False == value) with value=False ... passed
16:31:32 INFO  Package robotfindskitten is installed
16:31:33 WARN  Assert that (False == value) with value=True ... failed 
16:31:33 INFO  Response status: 201
16:31:33 INFO  Response to action: {
    &quot;delivery&quot;: {
        &quot;log&quot;: [],
        &quot;time&quot;: &quot;2022-06-22T16:31:33.223Z&quot;,
        &quot;status&quot;: &quot;PENDING&quot;
    },
    &quot;creationTime&quot;: &quot;2022-06-22T16:31:33.209Z&quot;,
    &quot;deviceName&quot;: &quot;m32sd10b&quot;,
    &quot;deviceId&quot;: &quot;20418358&quot;,
    &quot;self&quot;: &quot;https://t493319102.eu-latest.cumulocity.com/devicecontrol/operations/20427365&quot;,
    &quot;id&quot;: &quot;20427365&quot;,
    &quot;status&quot;: &quot;PENDING&quot;,
    &quot;description&quot;: &quot;Apply software changes, triggered from PySys: [{'action': 'install', 'id': '5475369', 'name': 'asciijump', 'url': ' ', 'version': '::apt'}, {'action': 'install', 'id': '5474869', 'name': 'robotfindskitten', 'url': ' ', 'version': '::apt'}, {'action': 'install', 'id': '5475279', 'name': 'squirrel3', 'url': ' ', 'version': '::apt'}]&quot;,
    &quot;c8y_SoftwareUpdate&quot;: [
        {
            &quot;name&quot;: &quot;asciijump&quot;,
            &quot;action&quot;: &quot;install&quot;,
            &quot;id&quot;: &quot;5475369&quot;,
            &quot;version&quot;: &quot;::apt&quot;,
            &quot;url&quot;: &quot; &quot;
        },
        {
            &quot;name&quot;: &quot;robotfindskitten&quot;,
            &quot;action&quot;: &quot;install&quot;,
            &quot;id&quot;: &quot;5474869&quot;,
            &quot;version&quot;: &quot;::apt&quot;,
            &quot;url&quot;: &quot; &quot;
        },
        {
            &quot;name&quot;: &quot;squirrel3&quot;,
            &quot;action&quot;: &quot;install&quot;,
            &quot;id&quot;: &quot;5475279&quot;,
            &quot;version&quot;: &quot;::apt&quot;,
            &quot;url&quot;: &quot; &quot;
        }
    ]
}
16:31:33 INFO  Started operation: {'delivery': {'log': [], 'time': '2022-06-22T16:31:33.223Z', 'status': 'PENDING'}, 'creationTime': '2022-06-22T16:31:33.209Z', 'deviceName': 'm32sd10b', 'deviceId': '20418358', 'self': 'https://t493319102.eu-latest.cumulocity.com/devicecontrol/operations/20427365', 'id': '20427365', 'status': 'PENDING', 'description': &quot;Apply software changes, triggered from PySys: [{'action': 'install', 'id': '5475369', 'name': 'asciijump', 'url': ' ', 'version': '::apt'}, {'action': 'install', 'id': '5474869', 'name': 'robotfindskitten', 'url': ' ', 'version': '::apt'}, {'action': 'install', 'id': '5475279', 'name': 'squirrel3', 'url': ' ', 'version': '::apt'}]&quot;, 'c8y_SoftwareUpdate': [{'name': 'asciijump', 'action': 'install', 'id': '5475369', 'version': '::apt', 'url': ' '}, {'name': 'robotfindskitten', 'action': 'install', 'id': '5474869', 'version': '::apt', 'url': ' '}, {'name': 'squirrel3', 'action': 'install', 'id': '5475279', 'version': '::apt', 'url': ' '}]}
16:31:35 INFO  State of operation 20427365 : PENDING
16:31:37 INFO  State of operation 20427365 : EXECUTING
16:31:39 INFO  State of operation 20427365 : EXECUTING
16:31:42 INFO  State of operation 20427365 : EXECUTING
16:31:44 INFO  State of operation 20427365 : EXECUTING
16:31:46 INFO  State of operation 20427365 : EXECUTING
16:31:49 INFO  State of operation 20427365 : EXECUTING
16:31:51 INFO  State of operation 20427365 : EXECUTING
16:31:54 INFO  State of operation 20427365 : EXECUTING
16:31:56 INFO  State of operation 20427365 : EXECUTING
16:31:59 INFO  State of operation 20427365 : EXECUTING
16:32:01 INFO  State of operation 20427365 : EXECUTING
16:32:03 INFO  State of operation 20427365 : EXECUTING
16:32:05 INFO  State of operation 20427365 : EXECUTING
16:32:07 INFO  State of operation 20427365 : EXECUTING
16:32:10 INFO  State of operation 20427365 : EXECUTING
16:32:12 INFO  State of operation 20427365 : EXECUTING
16:32:15 INFO  State of operation 20427365 : EXECUTING
16:32:17 INFO  State of operation 20427365 : EXECUTING
16:32:20 INFO  State of operation 20427365 : EXECUTING
16:32:22 INFO  State of operation 20427365 : EXECUTING
16:32:24 INFO  State of operation 20427365 : EXECUTING
16:32:27 INFO  State of operation 20427365 : EXECUTING
16:32:30 INFO  State of operation 20427365 : EXECUTING
16:32:32 INFO  State of operation 20427365 : EXECUTING
16:32:35 INFO  State of operation 20427365 : EXECUTING
16:32:37 INFO  State of operation 20427365 : EXECUTING
16:32:40 INFO  State of operation 20427365 : EXECUTING
16:32:42 INFO  State of operation 20427365 : EXECUTING
16:32:44 INFO  State of operation 20427365 : EXECUTING
16:32:47 INFO  State of operation 20427365 : EXECUTING
16:32:49 INFO  State of operation 20427365 : EXECUTING
16:32:51 INFO  State of operation 20427365 : EXECUTING
16:32:53 INFO  State of operation 20427365 : SUCCESSFUL
16:32:53 INFO  Assert that (False == value) with value=False ... passed
16:32:54 INFO  Package asciijump is installed
16:32:54 INFO  Assert that (True == value) with value=True ... passed
16:32:54 INFO  Package squirrel3 is installed
16:32:54 INFO  Assert that (True == value) with value=True ... passed
16:32:54 INFO  Package robotfindskitten is installed
16:32:54 INFO  Assert that (True == value) with value=True ... passed
16:32:54 INFO  Response status: 201
16:32:54 INFO  Response to action: {
    &quot;delivery&quot;: {
        &quot;log&quot;: [],
        &quot;time&quot;: &quot;2022-06-22T16:32:54.848Z&quot;,
        &quot;status&quot;: &quot;PENDING&quot;
    },
    &quot;creationTime&quot;: &quot;2022-06-22T16:32:54.826Z&quot;,
    &quot;deviceName&quot;: &quot;m32sd10b&quot;,
    &quot;deviceId&quot;: &quot;20418358&quot;,
    &quot;self&quot;: &quot;https://t493319102.eu-latest.cumulocity.com/devicecontrol/operations/20427377&quot;,
    &quot;id&quot;: &quot;20427377&quot;,
    &quot;status&quot;: &quot;PENDING&quot;,
    &quot;description&quot;: &quot;Apply software changes, triggered from PySys: [{'action': 'delete', 'id': '5475369', 'name': 'asciijump', 'url': ' ', 'version': '::apt'}, {'action': 'delete', 'id': '5474869', 'name': 'robotfindskitten', 'url': ' ', 'version': '::apt'}, {'action': 'delete', 'id': '5475279', 'name': 'squirrel3', 'url': ' ', 'version': '::apt'}]&quot;,
    &quot;c8y_SoftwareUpdate&quot;: [
        {
            &quot;name&quot;: &quot;asciijump&quot;,
            &quot;action&quot;: &quot;delete&quot;,
            &quot;id&quot;: &quot;5475369&quot;,
            &quot;version&quot;: &quot;::apt&quot;,
            &quot;url&quot;: &quot; &quot;
        },
        {
            &quot;name&quot;: &quot;robotfindskitten&quot;,
            &quot;action&quot;: &quot;delete&quot;,
            &quot;id&quot;: &quot;5474869&quot;,
            &quot;version&quot;: &quot;::apt&quot;,
            &quot;url&quot;: &quot; &quot;
        },
        {
            &quot;name&quot;: &quot;squirrel3&quot;,
            &quot;action&quot;: &quot;delete&quot;,
            &quot;id&quot;: &quot;5475279&quot;,
            &quot;version&quot;: &quot;::apt&quot;,
            &quot;url&quot;: &quot; &quot;
        }
    ]
}
16:32:54 INFO  Started operation: {'delivery': {'log': [], 'time': '2022-06-22T16:32:54.848Z', 'status': 'PENDING'}, 'creationTime': '2022-06-22T16:32:54.826Z', 'deviceName': 'm32sd10b', 'deviceId': '20418358', 'self': 'https://t493319102.eu-latest.cumulocity.com/devicecontrol/operations/20427377', 'id': '20427377', 'status': 'PENDING', 'description': &quot;Apply software changes, triggered from PySys: [{'action': 'delete', 'id': '5475369', 'name': 'asciijump', 'url': ' ', 'version': '::apt'}, {'action': 'delete', 'id': '5474869', 'name': 'robotfindskitten', 'url': ' ', 'version': '::apt'}, {'action': 'delete', 'id': '5475279', 'name': 'squirrel3', 'url': ' ', 'version': '::apt'}]&quot;, 'c8y_SoftwareUpdate': [{'name': 'asciijump', 'action': 'delete', 'id': '5475369', 'version': '::apt', 'url': ' '}, {'name': 'robotfindskitten', 'action': 'delete', 'id': '5474869', 'version': '::apt', 'url': ' '}, {'name': 'squirrel3', 'action': 'delete', 'id': '5475279', 'version': '::apt', 'url': ' '}]}
16:32:57 INFO  State of operation 20427377 : PENDING
16:32:59 INFO  State of operation 20427377 : EXECUTING
16:33:01 INFO  State of operation 20427377 : EXECUTING
16:33:03 INFO  State of operation 20427377 : EXECUTING
16:33:05 INFO  State of operation 20427377 : EXECUTING
16:33:08 INFO  State of operation 20427377 : EXECUTING
16:33:10 INFO  State of operation 20427377 : EXECUTING
16:33:13 INFO  State of operation 20427377 : EXECUTING
16:33:16 INFO  State of operation 20427377 : EXECUTING
16:33:18 INFO  State of operation 20427377 : EXECUTING
16:33:20 INFO  State of operation 20427377 : EXECUTING
16:33:23 INFO  State of operation 20427377 : EXECUTING
16:33:25 INFO  State of operation 20427377 : EXECUTING
16:33:27 INFO  State of operation 20427377 : EXECUTING
16:33:29 INFO  State of operation 20427377 : EXECUTING
16:33:32 INFO  State of operation 20427377 : EXECUTING
16:33:34 INFO  State of operation 20427377 : EXECUTING
16:33:37 INFO  State of operation 20427377 : EXECUTING
16:33:39 INFO  State of operation 20427377 : EXECUTING
16:33:41 INFO  State of operation 20427377 : EXECUTING
16:33:44 INFO  State of operation 20427377 : EXECUTING
16:33:46 INFO  State of operation 20427377 : EXECUTING
16:33:48 INFO  State of operation 20427377 : EXECUTING
16:33:50 INFO  State of operation 20427377 : EXECUTING
16:33:53 INFO  State of operation 20427377 : EXECUTING
16:33:56 INFO  State of operation 20427377 : EXECUTING
16:33:58 INFO  State of operation 20427377 : EXECUTING
16:34:00 INFO  State of operation 20427377 : SUCCESSFUL
16:34:00 INFO  Assert that (False == value) with value=False ... passed
16:34:00 INFO  Assert that (False == value) with value=False ... passed
16:34:01 INFO  Assert that (False == value) with value=False ... passed
16:34:01 INFO  Assert that (False == value) with value=False ... passed
16:34:01 INFO  
16:34:01 INFO  cleanup:
16:34:05 INFO  Executed sudo&lt;tedge_disconnect_c8y&gt;, exit status 0
16:34:06 INFO  Executed systemctl&lt;serv_mapper5&gt;, exit status 3
16:34:06 INFO  
16:34:06 INFO  Test duration: 179.01 secs
16:34:06 INFO  Test final outcome:  FAILED
16:34:06 INFO  Test outcome reason: Assert that (False == value) with value=True
16:34:06 INFO  
</system-out>
	</testcase>
</testsuite>
