<?xml version="1.0" encoding="utf-8"?>
<testsuite failures="1" name="SoftwareManagement.sm_apt_install_remove_with_version" skipped="0" tests="1" time="166.27" timestamp="2022-05-23T12:02:29">
	<testcase classname="PySysTest" name="SoftwareManagement.sm_apt_install_remove_with_version">
		<failure message="BLOCKED: SystemError: Timeout while waiting for status FAILED or SUCCESSFUL" type="BLOCKED"/>
		<system-out>11:59:43 INFO  ==============================================================
11:59:43 INFO  Id:    SoftwareManagement.sm_apt_install_remove_with_version
11:59:43 INFO  Dir:   software_management_end_to_end/
11:59:43 INFO  Title: Validate end to end behaviour for the apt plugin for packages with version
11:59:43 INFO  ==============================================================
11:59:43 INFO  Using sw id database: {'asciijump': '5475369', 'robotfindskitten': '5474869', 'squirrel3': '5475279', 'rolldice': '5152439', 'moon-buggy': '5439204', 'apple': '5495053', 'banana': '5494888', 'cherry': '5495382', 'watermelon': '5494510', 'registry': '8018911', 'hello-world': '8021526', 'docker/getting-started': '8021973', 'alpine': '7991792'}
11:59:43 INFO  EnvironmentC8y Setup
11:59:43 INFO  Executed systemctl&lt;serv_mapper1&gt;, exit status 3
11:59:43 INFO  Restarting mosquitto too frequently in the last 10 seconds. It was only up for 5 seconds
11:59:43 INFO  Delaying execution by 6 seconds
12:00:04 INFO  Executed sudo&lt;tedge_connect_c8y&gt;, exit status 0, duration 14 secs
12:00:04 INFO  Executed sudo&lt;tedge_connect_c8y_test&gt;, exit status 0
12:00:05 INFO  Executed systemctl&lt;serv_mosq2&gt;, exit status 0
12:00:05 INFO  Executed systemctl&lt;serv_mapper3&gt;, exit status 0
12:00:08 INFO  State of current operation: PENDING
12:00:10 INFO  State of current operation: PENDING
12:00:12 INFO  State of current operation: PENDING
12:00:14 INFO  State of current operation: PENDING
12:00:17 INFO  State of current operation: PENDING
12:00:19 INFO  State of current operation: PENDING
12:00:21 INFO  State of current operation: PENDING
12:00:23 INFO  State of current operation: PENDING
12:00:25 INFO  State of current operation: PENDING
12:00:28 INFO  State of current operation: PENDING
12:00:30 INFO  State of current operation: PENDING
12:00:32 INFO  State of current operation: PENDING
12:00:34 INFO  State of current operation: PENDING
12:00:37 INFO  State of current operation: PENDING
12:00:39 INFO  State of current operation: PENDING
12:00:41 INFO  State of current operation: PENDING
12:00:43 INFO  State of current operation: PENDING
12:00:46 INFO  State of current operation: PENDING
12:00:48 INFO  State of current operation: PENDING
12:00:50 INFO  State of current operation: PENDING
12:00:52 INFO  State of current operation: PENDING
12:00:54 INFO  State of current operation: PENDING
12:00:57 INFO  State of current operation: PENDING
12:00:59 INFO  State of current operation: PENDING
12:01:01 INFO  State of current operation: PENDING
12:01:03 INFO  State of current operation: PENDING
12:01:06 INFO  State of current operation: PENDING
12:01:08 INFO  State of current operation: PENDING
12:01:10 INFO  State of current operation: PENDING
12:01:12 INFO  State of current operation: PENDING
12:01:15 INFO  State of current operation: PENDING
12:01:18 INFO  State of current operation: PENDING
12:01:20 INFO  State of current operation: PENDING
12:01:22 INFO  State of current operation: PENDING
12:01:24 INFO  State of current operation: PENDING
12:01:26 INFO  State of current operation: PENDING
12:01:29 INFO  State of current operation: PENDING
12:01:31 INFO  State of current operation: PENDING
12:01:33 INFO  State of current operation: PENDING
12:01:35 INFO  State of current operation: PENDING
12:01:38 INFO  State of current operation: PENDING
12:01:40 INFO  State of current operation: PENDING
12:01:42 INFO  State of current operation: PENDING
12:01:44 INFO  State of current operation: PENDING
12:01:46 INFO  State of current operation: PENDING
12:01:49 INFO  State of current operation: PENDING
12:01:51 INFO  State of current operation: PENDING
12:01:53 INFO  State of current operation: PENDING
12:01:55 INFO  State of current operation: PENDING
12:01:58 INFO  State of current operation: PENDING
12:02:00 INFO  State of current operation: PENDING
12:02:02 INFO  State of current operation: PENDING
12:02:04 INFO  State of current operation: PENDING
12:02:07 INFO  State of current operation: PENDING
12:02:09 INFO  State of current operation: PENDING
12:02:11 INFO  State of current operation: PENDING
12:02:13 INFO  State of current operation: PENDING
12:02:15 INFO  State of current operation: PENDING
12:02:18 INFO  State of current operation: PENDING
12:02:20 INFO  State of current operation: PENDING
12:02:22 INFO  State of current operation: PENDING
12:02:24 WARN  SystemError occurred while running test - Timeout while waiting for status FAILED or SUCCESSFUL
Traceback (most recent call last):
  File &quot;/home/pi/env-pysys/lib/python3.7/site-packages/pysys/baserunner.py&quot;, line 1292, in __call__
    self.testObj.setup()
  File &quot;/home/pi/actions-runner/_work/thin-edge.io/thin-edge.io/tests/PySys/software_management_end_to_end/sm_apt_install_remove_with_version/run.py&quot;, line 27, in setup
    super().setup()
  File &quot;/home/pi/actions-runner/_work/thin-edge.io/thin-edge.io/tests/PySys/software_management_end_to_end/environment_sm_management.py&quot;, line 151, in setup
    self.wait_until_end()
  File &quot;/home/pi/actions-runner/_work/thin-edge.io/thin-edge.io/tests/PySys/software_management_end_to_end/environment_sm_management.py&quot;, line 332, in wait_until_end
    self.wait_until_status(&quot;FAILED&quot;, &quot;SUCCESSFUL&quot;)
  File &quot;/home/pi/actions-runner/_work/thin-edge.io/thin-edge.io/tests/PySys/software_management_end_to_end/environment_sm_management.py&quot;, line 381, in wait_until_status
    &quot;Timeout while waiting for status %s or %s&quot; % (status, status2)
SystemError: Timeout while waiting for status FAILED or SUCCESSFUL
12:02:24 WARN  SystemError: Timeout while waiting for status FAILED or SUCCESSFUL ... blocked 
12:02:24 INFO  
12:02:24 INFO  cleanup:
12:02:28 INFO  Executed sudo&lt;tedge_disconnect_c8y&gt;, exit status 0
12:02:29 INFO  Executed systemctl&lt;serv_mapper5&gt;, exit status 3
12:02:29 INFO  
12:02:29 INFO  Test duration: 166.27 secs
12:02:29 INFO  Test final outcome:  BLOCKED
12:02:29 INFO  Test outcome reason: SystemError: Timeout while waiting for status FAILED or SUCCESSFUL
12:02:29 INFO  
</system-out>
	</testcase>
</testsuite>
