<?xml version="1.0" encoding="utf-8"?>
<testsuite failures="0" name="apt_install" skipped="0" tests="1" time="64.78" timestamp="2022-05-25T11:10:12">
	<testcase classname="AptPluginInstallDense" name="apt_install"/>
</testsuite>
