<?xml version="1.0" encoding="utf-8"?>
<testsuite failures="1" name="SoftwareManagement.sm_apt_install_remove_multiple" skipped="0" tests="1" time="180.39" timestamp="2022-06-20T17:21:50">
	<testcase classname="PySysTest" name="SoftwareManagement.sm_apt_install_remove_multiple">
		<failure message="FAILED: Assert that (False == value) with value=True" type="FAILED"/>
		<system-out>17:18:49 INFO  ==============================================================
17:18:49 INFO  Id:    SoftwareManagement.sm_apt_install_remove_multiple
17:18:49 INFO  Dir:   software_management_end_to_end/
17:18:49 INFO  Title: Validate end to end behaviour for the apt plugin for multiple packages
17:18:49 INFO  ==============================================================
17:18:49 INFO  Using sw id database: {'asciijump': '5475369', 'robotfindskitten': '5474869', 'squirrel3': '5475279', 'rolldice': '5152439', 'moon-buggy': '5439204', 'apple': '5495053', 'banana': '5494888', 'cherry': '5495382', 'watermelon': '5494510', 'registry': '8018911', 'hello-world': '8021526', 'docker/getting-started': '8021973', 'alpine': '7991792'}
17:18:49 INFO  EnvironmentC8y Setup
17:18:50 INFO  Executed systemctl&lt;serv_mapper1&gt;, exit status 3
17:18:50 INFO  Restarting mosquitto too frequently in the last 10 seconds. It was only up for 4 seconds
17:18:50 INFO  Delaying execution by 7 seconds
17:19:11 INFO  Executed sudo&lt;tedge_connect_c8y&gt;, exit status 0, duration 14 secs
17:19:12 INFO  Executed sudo&lt;tedge_connect_c8y_test&gt;, exit status 0
17:19:12 INFO  Executed systemctl&lt;serv_mosq2&gt;, exit status 0
17:19:13 INFO  Executed systemctl&lt;serv_mapper3&gt;, exit status 0
17:19:15 INFO  State of current operation: SUCCESSFUL
17:19:15 INFO  Assert that (False == value) with value=False ... passed
17:19:15 INFO  Assert that (False == value) with value=False ... passed
17:19:16 INFO  Assert that (False == value) with value=False ... passed
17:19:16 INFO  Package robotfindskitten is installed
17:19:16 WARN  Assert that (False == value) with value=True ... failed 
17:19:16 INFO  Response status: 201
17:19:16 INFO  Response to action: {
    &quot;creationTime&quot;: &quot;2022-06-20T17:19:16.516Z&quot;,
    &quot;deviceName&quot;: &quot;m32sd10b&quot;,
    &quot;deviceId&quot;: &quot;20351311&quot;,
    &quot;self&quot;: &quot;https://t493319102.eu-latest.cumulocity.com/devicecontrol/operations/20362695&quot;,
    &quot;id&quot;: &quot;20362695&quot;,
    &quot;status&quot;: &quot;PENDING&quot;,
    &quot;description&quot;: &quot;Apply software changes, triggered from PySys: [{'action': 'install', 'id': '5475369', 'name': 'asciijump', 'url': ' ', 'version': '::apt'}, {'action': 'install', 'id': '5474869', 'name': 'robotfindskitten', 'url': ' ', 'version': '::apt'}, {'action': 'install', 'id': '5475279', 'name': 'squirrel3', 'url': ' ', 'version': '::apt'}]&quot;,
    &quot;c8y_SoftwareUpdate&quot;: [
        {
            &quot;name&quot;: &quot;asciijump&quot;,
            &quot;action&quot;: &quot;install&quot;,
            &quot;id&quot;: &quot;5475369&quot;,
            &quot;version&quot;: &quot;::apt&quot;,
            &quot;url&quot;: &quot; &quot;
        },
        {
            &quot;name&quot;: &quot;robotfindskitten&quot;,
            &quot;action&quot;: &quot;install&quot;,
            &quot;id&quot;: &quot;5474869&quot;,
            &quot;version&quot;: &quot;::apt&quot;,
            &quot;url&quot;: &quot; &quot;
        },
        {
            &quot;name&quot;: &quot;squirrel3&quot;,
            &quot;action&quot;: &quot;install&quot;,
            &quot;id&quot;: &quot;5475279&quot;,
            &quot;version&quot;: &quot;::apt&quot;,
            &quot;url&quot;: &quot; &quot;
        }
    ]
}
17:19:16 INFO  Started operation: {'creationTime': '2022-06-20T17:19:16.516Z', 'deviceName': 'm32sd10b', 'deviceId': '20351311', 'self': 'https://t493319102.eu-latest.cumulocity.com/devicecontrol/operations/20362695', 'id': '20362695', 'status': 'PENDING', 'description': &quot;Apply software changes, triggered from PySys: [{'action': 'install', 'id': '5475369', 'name': 'asciijump', 'url': ' ', 'version': '::apt'}, {'action': 'install', 'id': '5474869', 'name': 'robotfindskitten', 'url': ' ', 'version': '::apt'}, {'action': 'install', 'id': '5475279', 'name': 'squirrel3', 'url': ' ', 'version': '::apt'}]&quot;, 'c8y_SoftwareUpdate': [{'name': 'asciijump', 'action': 'install', 'id': '5475369', 'version': '::apt', 'url': ' '}, {'name': 'robotfindskitten', 'action': 'install', 'id': '5474869', 'version': '::apt', 'url': ' '}, {'name': 'squirrel3', 'action': 'install', 'id': '5475279', 'version': '::apt', 'url': ' '}]}
17:19:18 INFO  State of operation 20362695 : PENDING
17:19:21 INFO  State of operation 20362695 : EXECUTING
17:19:23 INFO  State of operation 20362695 : EXECUTING
17:19:25 INFO  State of operation 20362695 : EXECUTING
17:19:27 INFO  State of operation 20362695 : EXECUTING
17:19:29 INFO  State of operation 20362695 : EXECUTING
17:19:32 INFO  State of operation 20362695 : EXECUTING
17:19:35 INFO  State of operation 20362695 : EXECUTING
17:19:37 INFO  State of operation 20362695 : EXECUTING
17:19:40 INFO  State of operation 20362695 : EXECUTING
17:19:42 INFO  State of operation 20362695 : EXECUTING
17:19:44 INFO  State of operation 20362695 : EXECUTING
17:19:46 INFO  State of operation 20362695 : EXECUTING
17:19:49 INFO  State of operation 20362695 : EXECUTING
17:19:51 INFO  State of operation 20362695 : EXECUTING
17:19:53 INFO  State of operation 20362695 : EXECUTING
17:19:56 INFO  State of operation 20362695 : EXECUTING
17:19:59 INFO  State of operation 20362695 : EXECUTING
17:20:01 INFO  State of operation 20362695 : EXECUTING
17:20:03 INFO  State of operation 20362695 : EXECUTING
17:20:05 INFO  State of operation 20362695 : EXECUTING
17:20:08 INFO  State of operation 20362695 : EXECUTING
17:20:10 INFO  State of operation 20362695 : EXECUTING
17:20:13 INFO  State of operation 20362695 : EXECUTING
17:20:16 INFO  State of operation 20362695 : EXECUTING
17:20:18 INFO  State of operation 20362695 : EXECUTING
17:20:21 INFO  State of operation 20362695 : EXECUTING
17:20:23 INFO  State of operation 20362695 : EXECUTING
17:20:25 INFO  State of operation 20362695 : EXECUTING
17:20:28 INFO  State of operation 20362695 : EXECUTING
17:20:30 INFO  State of operation 20362695 : EXECUTING
17:20:32 INFO  State of operation 20362695 : EXECUTING
17:20:35 INFO  State of operation 20362695 : EXECUTING
17:20:37 INFO  State of operation 20362695 : SUCCESSFUL
17:20:37 INFO  Assert that (False == value) with value=False ... passed
17:20:37 INFO  Package asciijump is installed
17:20:37 INFO  Assert that (True == value) with value=True ... passed
17:20:37 INFO  Package squirrel3 is installed
17:20:37 INFO  Assert that (True == value) with value=True ... passed
17:20:38 INFO  Package robotfindskitten is installed
17:20:38 INFO  Assert that (True == value) with value=True ... passed
17:20:38 INFO  Response status: 201
17:20:38 INFO  Response to action: {
    &quot;creationTime&quot;: &quot;2022-06-20T17:20:38.706Z&quot;,
    &quot;deviceName&quot;: &quot;m32sd10b&quot;,
    &quot;deviceId&quot;: &quot;20351311&quot;,
    &quot;self&quot;: &quot;https://t493319102.eu-latest.cumulocity.com/devicecontrol/operations/20362706&quot;,
    &quot;id&quot;: &quot;20362706&quot;,
    &quot;status&quot;: &quot;PENDING&quot;,
    &quot;description&quot;: &quot;Apply software changes, triggered from PySys: [{'action': 'delete', 'id': '5475369', 'name': 'asciijump', 'url': ' ', 'version': '::apt'}, {'action': 'delete', 'id': '5474869', 'name': 'robotfindskitten', 'url': ' ', 'version': '::apt'}, {'action': 'delete', 'id': '5475279', 'name': 'squirrel3', 'url': ' ', 'version': '::apt'}]&quot;,
    &quot;c8y_SoftwareUpdate&quot;: [
        {
            &quot;name&quot;: &quot;asciijump&quot;,
            &quot;action&quot;: &quot;delete&quot;,
            &quot;id&quot;: &quot;5475369&quot;,
            &quot;version&quot;: &quot;::apt&quot;,
            &quot;url&quot;: &quot; &quot;
        },
        {
            &quot;name&quot;: &quot;robotfindskitten&quot;,
            &quot;action&quot;: &quot;delete&quot;,
            &quot;id&quot;: &quot;5474869&quot;,
            &quot;version&quot;: &quot;::apt&quot;,
            &quot;url&quot;: &quot; &quot;
        },
        {
            &quot;name&quot;: &quot;squirrel3&quot;,
            &quot;action&quot;: &quot;delete&quot;,
            &quot;id&quot;: &quot;5475279&quot;,
            &quot;version&quot;: &quot;::apt&quot;,
            &quot;url&quot;: &quot; &quot;
        }
    ]
}
17:20:38 INFO  Started operation: {'creationTime': '2022-06-20T17:20:38.706Z', 'deviceName': 'm32sd10b', 'deviceId': '20351311', 'self': 'https://t493319102.eu-latest.cumulocity.com/devicecontrol/operations/20362706', 'id': '20362706', 'status': 'PENDING', 'description': &quot;Apply software changes, triggered from PySys: [{'action': 'delete', 'id': '5475369', 'name': 'asciijump', 'url': ' ', 'version': '::apt'}, {'action': 'delete', 'id': '5474869', 'name': 'robotfindskitten', 'url': ' ', 'version': '::apt'}, {'action': 'delete', 'id': '5475279', 'name': 'squirrel3', 'url': ' ', 'version': '::apt'}]&quot;, 'c8y_SoftwareUpdate': [{'name': 'asciijump', 'action': 'delete', 'id': '5475369', 'version': '::apt', 'url': ' '}, {'name': 'robotfindskitten', 'action': 'delete', 'id': '5474869', 'version': '::apt', 'url': ' '}, {'name': 'squirrel3', 'action': 'delete', 'id': '5475279', 'version': '::apt', 'url': ' '}]}
17:20:40 INFO  State of operation 20362706 : PENDING
17:20:43 INFO  State of operation 20362706 : EXECUTING
17:20:45 INFO  State of operation 20362706 : EXECUTING
17:20:47 INFO  State of operation 20362706 : EXECUTING
17:20:49 INFO  State of operation 20362706 : EXECUTING
17:20:52 INFO  State of operation 20362706 : EXECUTING
17:20:54 INFO  State of operation 20362706 : EXECUTING
17:20:57 INFO  State of operation 20362706 : EXECUTING
17:21:00 INFO  State of operation 20362706 : EXECUTING
17:21:02 INFO  State of operation 20362706 : EXECUTING
17:21:04 INFO  State of operation 20362706 : EXECUTING
17:21:06 INFO  State of operation 20362706 : EXECUTING
17:21:09 INFO  State of operation 20362706 : EXECUTING
17:21:11 INFO  State of operation 20362706 : EXECUTING
17:21:13 INFO  State of operation 20362706 : EXECUTING
17:21:15 INFO  State of operation 20362706 : EXECUTING
17:21:18 INFO  State of operation 20362706 : EXECUTING
17:21:21 INFO  State of operation 20362706 : EXECUTING
17:21:23 INFO  State of operation 20362706 : EXECUTING
17:21:26 INFO  State of operation 20362706 : EXECUTING
17:21:28 INFO  State of operation 20362706 : EXECUTING
17:21:30 INFO  State of operation 20362706 : EXECUTING
17:21:32 INFO  State of operation 20362706 : EXECUTING
17:21:35 INFO  State of operation 20362706 : EXECUTING
17:21:37 INFO  State of operation 20362706 : EXECUTING
17:21:40 INFO  State of operation 20362706 : EXECUTING
17:21:42 INFO  State of operation 20362706 : EXECUTING
17:21:44 INFO  State of operation 20362706 : SUCCESSFUL
17:21:44 INFO  Assert that (False == value) with value=False ... passed
17:21:45 INFO  Assert that (False == value) with value=False ... passed
17:21:45 INFO  Assert that (False == value) with value=False ... passed
17:21:45 INFO  Assert that (False == value) with value=False ... passed
17:21:45 INFO  
17:21:45 INFO  cleanup:
17:21:49 INFO  Executed sudo&lt;tedge_disconnect_c8y&gt;, exit status 0
17:21:50 INFO  Executed systemctl&lt;serv_mapper5&gt;, exit status 3
17:21:50 INFO  
17:21:50 INFO  Test duration: 180.39 secs
17:21:50 INFO  Test final outcome:  FAILED
17:21:50 INFO  Test outcome reason: Assert that (False == value) with value=True
17:21:50 INFO  
</system-out>
	</testcase>
</testsuite>
