<?xml version="1.0" encoding="utf-8"?>
<testsuite failures="0" name="apt_remove_fail" skipped="0" tests="1" time="8.69" timestamp="2022-06-08T13:25:00">
	<testcase classname="AptPluginRemoveFails" name="apt_remove_fail"/>
</testsuite>
