<?xml version="1.0" encoding="utf-8"?>
<testsuite failures="1" name="SoftwareManagement.sm_apt_install_remove" skipped="0" tests="1" time="165.61" timestamp="2022-07-22T08:03:51">
	<testcase classname="PySysTest" name="SoftwareManagement.sm_apt_install_remove">
		<failure message="FAILED: Assert that (False == value) with value=True" type="FAILED"/>
		<system-out>08:01:05 INFO  ==============================================================
08:01:05 INFO  Id:    SoftwareManagement.sm_apt_install_remove
08:01:05 INFO  Dir:   software_management_end_to_end/
08:01:05 INFO  Title: Validate end to end behaviour for the apt plugin for installation and removal of packages
08:01:05 INFO  ==============================================================
08:01:05 INFO  Using sw id database: {'asciijump': '5475369', 'robotfindskitten': '5474869', 'squirrel3': '5475279', 'rolldice': '5152439', 'moon-buggy': '5439204', 'apple': '5495053', 'banana': '5494888', 'cherry': '5495382', 'watermelon': '5494510', 'registry': '8018911', 'hello-world': '8021526', 'docker/getting-started': '8021973', 'alpine': '7991792'}
08:01:05 INFO  EnvironmentC8y Setup
08:01:06 INFO  Executed systemctl&lt;serv_mapper1&gt;, exit status 3
08:01:06 INFO  Restarting mosquitto too frequently in the last 10 seconds. It was only up for 4 seconds
08:01:06 INFO  Delaying execution by 7 seconds
08:01:27 INFO  Executed sudo&lt;tedge_connect_c8y&gt;, exit status 0, duration 14 secs
08:01:28 INFO  Executed sudo&lt;tedge_connect_c8y_test&gt;, exit status 0
08:01:28 INFO  Executed systemctl&lt;serv_mosq2&gt;, exit status 0
08:01:29 INFO  Executed systemctl&lt;serv_mapper3&gt;, exit status 0
08:01:31 INFO  State of current operation: FAILED
08:01:31 INFO  Package rolldice is installed
08:01:36 INFO  Package rolldice is installed
08:01:36 WARN  Assert that (False == value) with value=True ... failed 
08:01:36 INFO  Response status: 201
08:01:36 INFO  Response to action: {
    &quot;creationTime&quot;: &quot;2022-07-22T08:01:36.437Z&quot;,
    &quot;deviceId&quot;: &quot;21231013&quot;,
    &quot;deviceName&quot;: &quot;m32sd10b&quot;,
    &quot;self&quot;: &quot;https://t493319102.eu-latest.cumulocity.com/devicecontrol/operations/21261002&quot;,
    &quot;id&quot;: &quot;21261002&quot;,
    &quot;status&quot;: &quot;PENDING&quot;,
    &quot;description&quot;: &quot;Apply software changes, triggered from PySys: [{'name': 'rolldice', 'id': '5152439', 'version': '::apt', 'url': '', 'action': 'install'}]&quot;,
    &quot;c8y_SoftwareUpdate&quot;: [
        {
            &quot;name&quot;: &quot;rolldice&quot;,
            &quot;action&quot;: &quot;install&quot;,
            &quot;id&quot;: &quot;5152439&quot;,
            &quot;version&quot;: &quot;::apt&quot;,
            &quot;url&quot;: &quot;&quot;
        }
    ]
}
08:01:36 INFO  Started operation: {'creationTime': '2022-07-22T08:01:36.437Z', 'deviceId': '21231013', 'deviceName': 'm32sd10b', 'self': 'https://t493319102.eu-latest.cumulocity.com/devicecontrol/operations/21261002', 'id': '21261002', 'status': 'PENDING', 'description': &quot;Apply software changes, triggered from PySys: [{'name': 'rolldice', 'id': '5152439', 'version': '::apt', 'url': '', 'action': 'install'}]&quot;, 'c8y_SoftwareUpdate': [{'name': 'rolldice', 'action': 'install', 'id': '5152439', 'version': '::apt', 'url': ''}]}
08:01:38 INFO  State of operation 21261002 : PENDING
08:01:40 INFO  State of operation 21261002 : EXECUTING
08:01:43 INFO  State of operation 21261002 : EXECUTING
08:01:45 INFO  State of operation 21261002 : EXECUTING
08:01:47 INFO  State of operation 21261002 : EXECUTING
08:01:49 INFO  State of operation 21261002 : EXECUTING
08:01:52 INFO  State of operation 21261002 : EXECUTING
08:01:55 INFO  State of operation 21261002 : EXECUTING
08:01:57 INFO  State of operation 21261002 : EXECUTING
08:02:00 INFO  State of operation 21261002 : EXECUTING
08:02:02 INFO  State of operation 21261002 : EXECUTING
08:02:04 INFO  State of operation 21261002 : EXECUTING
08:02:06 INFO  State of operation 21261002 : EXECUTING
08:02:09 INFO  State of operation 21261002 : EXECUTING
08:02:11 INFO  State of operation 21261002 : EXECUTING
08:02:14 INFO  State of operation 21261002 : EXECUTING
08:02:16 INFO  State of operation 21261002 : EXECUTING
08:02:19 INFO  State of operation 21261002 : EXECUTING
08:02:21 INFO  State of operation 21261002 : EXECUTING
08:02:24 INFO  State of operation 21261002 : EXECUTING
08:02:26 INFO  State of operation 21261002 : EXECUTING
08:02:29 INFO  State of operation 21261002 : EXECUTING
08:02:31 INFO  State of operation 21261002 : EXECUTING
08:02:33 INFO  State of operation 21261002 : EXECUTING
08:02:35 INFO  State of operation 21261002 : EXECUTING
08:02:38 INFO  State of operation 21261002 : EXECUTING
08:02:40 INFO  State of operation 21261002 : EXECUTING
08:02:42 INFO  State of operation 21261002 : EXECUTING
08:02:45 INFO  State of operation 21261002 : EXECUTING
08:02:47 INFO  State of operation 21261002 : EXECUTING
08:02:49 INFO  State of operation 21261002 : EXECUTING
08:02:51 INFO  State of operation 21261002 : EXECUTING
08:02:53 INFO  State of operation 21261002 : SUCCESSFUL
08:02:54 INFO  Package rolldice is installed
08:02:54 INFO  Assert that (True == value) with value=True ... passed
08:02:54 INFO  Response status: 201
08:02:54 INFO  Response to action: {
    &quot;creationTime&quot;: &quot;2022-07-22T08:02:54.288Z&quot;,
    &quot;deviceId&quot;: &quot;21231013&quot;,
    &quot;deviceName&quot;: &quot;m32sd10b&quot;,
    &quot;self&quot;: &quot;https://t493319102.eu-latest.cumulocity.com/devicecontrol/operations/21261010&quot;,
    &quot;id&quot;: &quot;21261010&quot;,
    &quot;status&quot;: &quot;PENDING&quot;,
    &quot;description&quot;: &quot;Apply software changes, triggered from PySys: [{'name': 'rolldice', 'id': '5152439', 'version': '::apt', 'url': '', 'action': 'delete'}]&quot;,
    &quot;c8y_SoftwareUpdate&quot;: [
        {
            &quot;name&quot;: &quot;rolldice&quot;,
            &quot;action&quot;: &quot;delete&quot;,
            &quot;id&quot;: &quot;5152439&quot;,
            &quot;version&quot;: &quot;::apt&quot;,
            &quot;url&quot;: &quot;&quot;
        }
    ]
}
08:02:54 INFO  Started operation: {'creationTime': '2022-07-22T08:02:54.288Z', 'deviceId': '21231013', 'deviceName': 'm32sd10b', 'self': 'https://t493319102.eu-latest.cumulocity.com/devicecontrol/operations/21261010', 'id': '21261010', 'status': 'PENDING', 'description': &quot;Apply software changes, triggered from PySys: [{'name': 'rolldice', 'id': '5152439', 'version': '::apt', 'url': '', 'action': 'delete'}]&quot;, 'c8y_SoftwareUpdate': [{'name': 'rolldice', 'action': 'delete', 'id': '5152439', 'version': '::apt', 'url': ''}]}
08:02:56 INFO  State of operation 21261010 : PENDING
08:02:58 INFO  State of operation 21261010 : EXECUTING
08:03:01 INFO  State of operation 21261010 : EXECUTING
08:03:03 INFO  State of operation 21261010 : EXECUTING
08:03:05 INFO  State of operation 21261010 : EXECUTING
08:03:07 INFO  State of operation 21261010 : EXECUTING
08:03:10 INFO  State of operation 21261010 : EXECUTING
08:03:13 INFO  State of operation 21261010 : EXECUTING
08:03:16 INFO  State of operation 21261010 : EXECUTING
08:03:20 INFO  State of operation 21261010 : EXECUTING
08:03:22 INFO  State of operation 21261010 : EXECUTING
08:03:24 INFO  State of operation 21261010 : EXECUTING
08:03:27 INFO  State of operation 21261010 : EXECUTING
08:03:29 INFO  State of operation 21261010 : EXECUTING
08:03:32 INFO  State of operation 21261010 : EXECUTING
08:03:35 INFO  State of operation 21261010 : EXECUTING
08:03:37 INFO  State of operation 21261010 : EXECUTING
08:03:39 INFO  State of operation 21261010 : EXECUTING
08:03:42 INFO  State of operation 21261010 : EXECUTING
08:03:44 INFO  State of operation 21261010 : EXECUTING
08:03:46 INFO  State of operation 21261010 : SUCCESSFUL
08:03:46 INFO  Assert that (False == value) with value=False ... passed
08:03:46 INFO  
08:03:46 INFO  cleanup:
08:03:50 INFO  Executed sudo&lt;tedge_disconnect_c8y&gt;, exit status 0
08:03:51 INFO  Executed systemctl&lt;serv_mapper5&gt;, exit status 3
08:03:51 INFO  
08:03:51 INFO  Test duration: 165.61 secs
08:03:51 INFO  Test final outcome:  FAILED
08:03:51 INFO  Test outcome reason: Assert that (False == value) with value=True
08:03:51 INFO  
</system-out>
	</testcase>
</testsuite>
