<?xml version="1.0" encoding="utf-8"?>
<testsuite failures="0" name="apt_install" skipped="0" tests="1" time="64.57" timestamp="2022-05-23T08:46:06">
	<testcase classname="AptPluginInstallDense" name="apt_install"/>
</testsuite>
