<?xml version="1.0" encoding="utf-8"?>
<testsuite failures="1" name="SoftwareManagement.sm_apt_install_remove_multiple_mixed" skipped="0" tests="1" time="177.02" timestamp="2022-06-15T11:42:51">
	<testcase classname="PySysTest" name="SoftwareManagement.sm_apt_install_remove_multiple_mixed">
		<failure message="BLOCKED: SystemError: Timeout while waiting for status SUCCESSFUL or False" type="BLOCKED"/>
		<system-out>11:39:54 INFO  ==============================================================
11:39:54 INFO  Id:    SoftwareManagement.sm_apt_install_remove_multiple_mixed
11:39:54 INFO  Dir:   software_management_end_to_end/
11:39:54 INFO  Title: Validate end to end behaviour for the apt plugin for multiple packages with mixed versions
11:39:54 INFO  ==============================================================
11:39:54 INFO  Using sw id database: {'asciijump': '5475369', 'robotfindskitten': '5474869', 'squirrel3': '5475279', 'rolldice': '5152439', 'moon-buggy': '5439204', 'apple': '5495053', 'banana': '5494888', 'cherry': '5495382', 'watermelon': '5494510', 'registry': '8018911', 'hello-world': '8021526', 'docker/getting-started': '8021973', 'alpine': '7991792'}
11:39:54 INFO  EnvironmentC8y Setup
11:39:54 INFO  Executed systemctl&lt;serv_mapper1&gt;, exit status 3
11:39:55 INFO  Restarting mosquitto too frequently in the last 10 seconds. It was only up for 5 seconds
11:39:55 INFO  Delaying execution by 6 seconds
11:40:14 INFO  Executed sudo&lt;tedge_connect_c8y&gt;, exit status 0, duration 13 secs
11:40:15 INFO  Executed sudo&lt;tedge_connect_c8y_test&gt;, exit status 0
11:40:16 INFO  Executed systemctl&lt;serv_mosq2&gt;, exit status 0
11:40:16 INFO  Executed systemctl&lt;serv_mapper3&gt;, exit status 0
11:40:18 INFO  State of current operation: SUCCESSFUL
11:40:19 INFO  Assert that (False == value) with value=False ... passed
11:40:19 INFO  Assert that (False == value) with value=False ... passed
11:40:19 INFO  Assert that (False == value) with value=False ... passed
11:40:19 INFO  Assert that (False == value) with value=False ... passed
11:40:19 INFO  Assert that (False == value) with value=False ... passed
11:40:21 INFO  Response status: 201
11:40:21 INFO  Response to action: {
    &quot;creationTime&quot;: &quot;2022-06-15T11:40:21.147Z&quot;,
    &quot;deviceName&quot;: &quot;m32sd10b&quot;,
    &quot;deviceId&quot;: &quot;20221101&quot;,
    &quot;self&quot;: &quot;https://t493319102.eu-latest.cumulocity.com/devicecontrol/operations/20232184&quot;,
    &quot;id&quot;: &quot;20232184&quot;,
    &quot;status&quot;: &quot;PENDING&quot;,
    &quot;description&quot;: &quot;Apply software changes, triggered from PySys: [{'action': 'install', 'id': '5475369', 'name': 'asciijump', 'url': ' ', 'version': '::apt'}, {'action': 'install', 'id': '5474869', 'name': 'robotfindskitten', 'url': ' ', 'version': ' '}, {'action': 'install', 'id': '5475279', 'name': 'squirrel3', 'url': ' ', 'version': '3.1-7::apt'}, {'action': 'install', 'id': '5152439', 'name': 'rolldice', 'url': ' ', 'version': '1.16-1+b1'}, {'action': 'install', 'id': '5439204', 'name': 'moon-buggy', 'url': ' ', 'version': '1:1.0.51-12'}, {'action': 'install', 'id': '5475369', 'name': 'asciijump', 'url': ' ', 'version': '::apt'}]&quot;,
    &quot;c8y_SoftwareUpdate&quot;: [
        {
            &quot;name&quot;: &quot;asciijump&quot;,
            &quot;action&quot;: &quot;install&quot;,
            &quot;id&quot;: &quot;5475369&quot;,
            &quot;version&quot;: &quot;::apt&quot;,
            &quot;url&quot;: &quot; &quot;
        },
        {
            &quot;name&quot;: &quot;robotfindskitten&quot;,
            &quot;action&quot;: &quot;install&quot;,
            &quot;id&quot;: &quot;5474869&quot;,
            &quot;version&quot;: &quot; &quot;,
            &quot;url&quot;: &quot; &quot;
        },
        {
            &quot;name&quot;: &quot;squirrel3&quot;,
            &quot;action&quot;: &quot;install&quot;,
            &quot;id&quot;: &quot;5475279&quot;,
            &quot;version&quot;: &quot;3.1-7::apt&quot;,
            &quot;url&quot;: &quot; &quot;
        },
        {
            &quot;name&quot;: &quot;rolldice&quot;,
            &quot;action&quot;: &quot;install&quot;,
            &quot;id&quot;: &quot;5152439&quot;,
            &quot;version&quot;: &quot;1.16-1+b1&quot;,
            &quot;url&quot;: &quot; &quot;
        },
        {
            &quot;name&quot;: &quot;moon-buggy&quot;,
            &quot;action&quot;: &quot;install&quot;,
            &quot;id&quot;: &quot;5439204&quot;,
            &quot;version&quot;: &quot;1:1.0.51-12&quot;,
            &quot;url&quot;: &quot; &quot;
        },
        {
            &quot;name&quot;: &quot;asciijump&quot;,
            &quot;action&quot;: &quot;install&quot;,
            &quot;id&quot;: &quot;5475369&quot;,
            &quot;version&quot;: &quot;::apt&quot;,
            &quot;url&quot;: &quot; &quot;
        }
    ]
}
11:40:21 INFO  Started operation: {'creationTime': '2022-06-15T11:40:21.147Z', 'deviceName': 'm32sd10b', 'deviceId': '20221101', 'self': 'https://t493319102.eu-latest.cumulocity.com/devicecontrol/operations/20232184', 'id': '20232184', 'status': 'PENDING', 'description': &quot;Apply software changes, triggered from PySys: [{'action': 'install', 'id': '5475369', 'name': 'asciijump', 'url': ' ', 'version': '::apt'}, {'action': 'install', 'id': '5474869', 'name': 'robotfindskitten', 'url': ' ', 'version': ' '}, {'action': 'install', 'id': '5475279', 'name': 'squirrel3', 'url': ' ', 'version': '3.1-7::apt'}, {'action': 'install', 'id': '5152439', 'name': 'rolldice', 'url': ' ', 'version': '1.16-1+b1'}, {'action': 'install', 'id': '5439204', 'name': 'moon-buggy', 'url': ' ', 'version': '1:1.0.51-12'}, {'action': 'install', 'id': '5475369', 'name': 'asciijump', 'url': ' ', 'version': '::apt'}]&quot;, 'c8y_SoftwareUpdate': [{'name': 'asciijump', 'action': 'install', 'id': '5475369', 'version': '::apt', 'url': ' '}, {'name': 'robotfindskitten', 'action': 'install', 'id': '5474869', 'version': ' ', 'url': ' '}, {'name': 'squirrel3', 'action': 'install', 'id': '5475279', 'version': '3.1-7::apt', 'url': ' '}, {'name': 'rolldice', 'action': 'install', 'id': '5152439', 'version': '1.16-1+b1', 'url': ' '}, {'name': 'moon-buggy', 'action': 'install', 'id': '5439204', 'version': '1:1.0.51-12', 'url': ' '}, {'name': 'asciijump', 'action': 'install', 'id': '5475369', 'version': '::apt', 'url': ' '}]}
11:40:23 INFO  State of operation 20232184 : PENDING
11:40:25 INFO  State of operation 20232184 : EXECUTING
11:40:27 INFO  State of operation 20232184 : EXECUTING
11:40:30 INFO  State of operation 20232184 : EXECUTING
11:40:32 INFO  State of operation 20232184 : EXECUTING
11:40:34 INFO  State of operation 20232184 : EXECUTING
11:40:37 INFO  State of operation 20232184 : EXECUTING
11:40:39 INFO  State of operation 20232184 : EXECUTING
11:40:42 INFO  State of operation 20232184 : EXECUTING
11:40:44 INFO  State of operation 20232184 : EXECUTING
11:40:46 INFO  State of operation 20232184 : EXECUTING
11:40:48 INFO  State of operation 20232184 : EXECUTING
11:40:51 INFO  State of operation 20232184 : EXECUTING
11:40:53 INFO  State of operation 20232184 : EXECUTING
11:40:55 INFO  State of operation 20232184 : EXECUTING
11:40:58 INFO  State of operation 20232184 : EXECUTING
11:41:00 INFO  State of operation 20232184 : EXECUTING
11:41:03 INFO  State of operation 20232184 : EXECUTING
11:41:05 INFO  State of operation 20232184 : EXECUTING
11:41:07 INFO  State of operation 20232184 : EXECUTING
11:41:09 INFO  State of operation 20232184 : EXECUTING
11:41:12 INFO  State of operation 20232184 : EXECUTING
11:41:14 INFO  State of operation 20232184 : EXECUTING
11:41:16 INFO  State of operation 20232184 : EXECUTING
11:41:18 INFO  State of operation 20232184 : EXECUTING
11:41:21 INFO  State of operation 20232184 : EXECUTING
11:41:23 INFO  State of operation 20232184 : EXECUTING
11:41:25 INFO  State of operation 20232184 : EXECUTING
11:41:28 INFO  State of operation 20232184 : EXECUTING
11:41:30 INFO  State of operation 20232184 : EXECUTING
11:41:32 INFO  State of operation 20232184 : EXECUTING
11:41:34 INFO  State of operation 20232184 : EXECUTING
11:41:37 INFO  State of operation 20232184 : EXECUTING
11:41:39 INFO  State of operation 20232184 : EXECUTING
11:41:41 INFO  State of operation 20232184 : EXECUTING
11:41:43 INFO  State of operation 20232184 : EXECUTING
11:41:46 INFO  State of operation 20232184 : EXECUTING
11:41:48 INFO  State of operation 20232184 : EXECUTING
11:41:51 INFO  State of operation 20232184 : EXECUTING
11:41:53 INFO  State of operation 20232184 : EXECUTING
11:41:56 INFO  State of operation 20232184 : EXECUTING
11:41:58 INFO  State of operation 20232184 : EXECUTING
11:42:00 INFO  State of operation 20232184 : EXECUTING
11:42:02 INFO  State of operation 20232184 : EXECUTING
11:42:05 INFO  State of operation 20232184 : EXECUTING
11:42:07 INFO  State of operation 20232184 : EXECUTING
11:42:09 INFO  State of operation 20232184 : EXECUTING
11:42:11 INFO  State of operation 20232184 : EXECUTING
11:42:14 INFO  State of operation 20232184 : EXECUTING
11:42:16 INFO  State of operation 20232184 : EXECUTING
11:42:19 INFO  State of operation 20232184 : EXECUTING
11:42:21 INFO  State of operation 20232184 : EXECUTING
11:42:23 INFO  State of operation 20232184 : EXECUTING
11:42:26 INFO  State of operation 20232184 : EXECUTING
11:42:28 INFO  State of operation 20232184 : EXECUTING
11:42:30 INFO  State of operation 20232184 : EXECUTING
11:42:33 INFO  State of operation 20232184 : EXECUTING
11:42:35 INFO  State of operation 20232184 : EXECUTING
11:42:37 INFO  State of operation 20232184 : EXECUTING
11:42:39 INFO  State of operation 20232184 : EXECUTING
11:42:42 INFO  State of operation 20232184 : EXECUTING
11:42:44 WARN  SystemError occurred while running test - Timeout while waiting for status SUCCESSFUL or False
Traceback (most recent call last):
  File &quot;/home/pi/env-pysys/lib/python3.7/site-packages/pysys/baserunner.py&quot;, line 1294, in __call__
    self.testObj.execute()
  File &quot;/home/pi/actions-runner/_work/thin-edge.io/thin-edge.io/tests/PySys/software_management_end_to_end/sm_apt_install_remove_multiple_mixed/run.py&quot;, line 89, in execute
    self.wait_until_succcess()
  File &quot;/home/pi/actions-runner/_work/thin-edge.io/thin-edge.io/tests/PySys/software_management_end_to_end/environment_sm_management.py&quot;, line 324, in wait_until_succcess
    self.wait_until_status(&quot;SUCCESSFUL&quot;)
  File &quot;/home/pi/actions-runner/_work/thin-edge.io/thin-edge.io/tests/PySys/software_management_end_to_end/environment_sm_management.py&quot;, line 381, in wait_until_status
    &quot;Timeout while waiting for status %s or %s&quot; % (status, status2)
SystemError: Timeout while waiting for status SUCCESSFUL or False
11:42:44 WARN  SystemError: Timeout while waiting for status SUCCESSFUL or False ... blocked 
11:42:44 INFO  
11:42:44 INFO  cleanup:
11:42:50 INFO  Executed sudo&lt;tedge_disconnect_c8y&gt;, exit status 0
11:42:51 INFO  Executed systemctl&lt;serv_mapper5&gt;, exit status 3
11:42:51 INFO  
11:42:51 INFO  Test duration: 177.02 secs
11:42:51 INFO  Test final outcome:  BLOCKED
11:42:51 INFO  Test outcome reason: SystemError: Timeout while waiting for status SUCCESSFUL or False
11:42:51 INFO  
</system-out>
	</testcase>
</testsuite>
