<?xml version="1.0" encoding="utf-8"?>
<testsuite failures="1" name="SoftwareManagement.sm_apt_install_remove_multiple" skipped="0" tests="1" time="181.26" timestamp="2022-07-25T12:32:57">
	<testcase classname="PySysTest" name="SoftwareManagement.sm_apt_install_remove_multiple">
		<failure message="FAILED: Assert that (False == value) with value=True" type="FAILED"/>
		<system-out>12:29:56 INFO  ==============================================================
12:29:56 INFO  Id:    SoftwareManagement.sm_apt_install_remove_multiple
12:29:56 INFO  Dir:   software_management_end_to_end/
12:29:56 INFO  Title: Validate end to end behaviour for the apt plugin for multiple packages
12:29:56 INFO  ==============================================================
12:29:56 INFO  Using sw id database: {'asciijump': '5475369', 'robotfindskitten': '5474869', 'squirrel3': '5475279', 'rolldice': '5152439', 'moon-buggy': '5439204', 'apple': '5495053', 'banana': '5494888', 'cherry': '5495382', 'watermelon': '5494510', 'registry': '8018911', 'hello-world': '8021526', 'docker/getting-started': '8021973', 'alpine': '7991792'}
12:29:56 INFO  EnvironmentC8y Setup
12:29:57 INFO  Executed systemctl&lt;serv_mapper1&gt;, exit status 3
12:29:57 INFO  Restarting mosquitto too frequently in the last 10 seconds. It was only up for 4 seconds
12:29:57 INFO  Delaying execution by 7 seconds
12:30:19 INFO  Executed sudo&lt;tedge_connect_c8y&gt;, exit status 0, duration 14 secs
12:30:19 INFO  Executed sudo&lt;tedge_connect_c8y_test&gt;, exit status 0
12:30:20 INFO  Executed systemctl&lt;serv_mosq2&gt;, exit status 0
12:30:20 INFO  Executed systemctl&lt;serv_mapper3&gt;, exit status 0
12:30:22 INFO  State of current operation: SUCCESSFUL
12:30:23 INFO  Assert that (False == value) with value=False ... passed
12:30:23 INFO  Assert that (False == value) with value=False ... passed
12:30:23 INFO  Assert that (False == value) with value=False ... passed
12:30:23 INFO  Package robotfindskitten is installed
12:30:23 WARN  Assert that (False == value) with value=True ... failed 
12:30:24 INFO  Response status: 201
12:30:24 INFO  Response to action: {
    &quot;creationTime&quot;: &quot;2022-07-25T12:30:24.104Z&quot;,
    &quot;deviceId&quot;: &quot;21368829&quot;,
    &quot;deviceName&quot;: &quot;m32sd10b&quot;,
    &quot;self&quot;: &quot;https://t493319102.eu-latest.cumulocity.com/devicecontrol/operations/21385475&quot;,
    &quot;id&quot;: &quot;21385475&quot;,
    &quot;status&quot;: &quot;PENDING&quot;,
    &quot;description&quot;: &quot;Apply software changes, triggered from PySys: [{'action': 'install', 'id': '5475369', 'name': 'asciijump', 'url': ' ', 'version': '::apt'}, {'action': 'install', 'id': '5474869', 'name': 'robotfindskitten', 'url': ' ', 'version': '::apt'}, {'action': 'install', 'id': '5475279', 'name': 'squirrel3', 'url': ' ', 'version': '::apt'}]&quot;,
    &quot;c8y_SoftwareUpdate&quot;: [
        {
            &quot;name&quot;: &quot;asciijump&quot;,
            &quot;action&quot;: &quot;install&quot;,
            &quot;id&quot;: &quot;5475369&quot;,
            &quot;version&quot;: &quot;::apt&quot;,
            &quot;url&quot;: &quot; &quot;
        },
        {
            &quot;name&quot;: &quot;robotfindskitten&quot;,
            &quot;action&quot;: &quot;install&quot;,
            &quot;id&quot;: &quot;5474869&quot;,
            &quot;version&quot;: &quot;::apt&quot;,
            &quot;url&quot;: &quot; &quot;
        },
        {
            &quot;name&quot;: &quot;squirrel3&quot;,
            &quot;action&quot;: &quot;install&quot;,
            &quot;id&quot;: &quot;5475279&quot;,
            &quot;version&quot;: &quot;::apt&quot;,
            &quot;url&quot;: &quot; &quot;
        }
    ]
}
12:30:24 INFO  Started operation: {'creationTime': '2022-07-25T12:30:24.104Z', 'deviceId': '21368829', 'deviceName': 'm32sd10b', 'self': 'https://t493319102.eu-latest.cumulocity.com/devicecontrol/operations/21385475', 'id': '21385475', 'status': 'PENDING', 'description': &quot;Apply software changes, triggered from PySys: [{'action': 'install', 'id': '5475369', 'name': 'asciijump', 'url': ' ', 'version': '::apt'}, {'action': 'install', 'id': '5474869', 'name': 'robotfindskitten', 'url': ' ', 'version': '::apt'}, {'action': 'install', 'id': '5475279', 'name': 'squirrel3', 'url': ' ', 'version': '::apt'}]&quot;, 'c8y_SoftwareUpdate': [{'name': 'asciijump', 'action': 'install', 'id': '5475369', 'version': '::apt', 'url': ' '}, {'name': 'robotfindskitten', 'action': 'install', 'id': '5474869', 'version': '::apt', 'url': ' '}, {'name': 'squirrel3', 'action': 'install', 'id': '5475279', 'version': '::apt', 'url': ' '}]}
12:30:26 INFO  State of operation 21385475 : PENDING
12:30:28 INFO  State of operation 21385475 : EXECUTING
12:30:30 INFO  State of operation 21385475 : EXECUTING
12:30:33 INFO  State of operation 21385475 : EXECUTING
12:30:35 INFO  State of operation 21385475 : EXECUTING
12:30:37 INFO  State of operation 21385475 : EXECUTING
12:30:40 INFO  State of operation 21385475 : EXECUTING
12:30:43 INFO  State of operation 21385475 : EXECUTING
12:30:45 INFO  State of operation 21385475 : EXECUTING
12:30:47 INFO  State of operation 21385475 : EXECUTING
12:30:49 INFO  State of operation 21385475 : EXECUTING
12:30:52 INFO  State of operation 21385475 : EXECUTING
12:30:54 INFO  State of operation 21385475 : EXECUTING
12:30:56 INFO  State of operation 21385475 : EXECUTING
12:30:58 INFO  State of operation 21385475 : EXECUTING
12:31:01 INFO  State of operation 21385475 : EXECUTING
12:31:03 INFO  State of operation 21385475 : EXECUTING
12:31:06 INFO  State of operation 21385475 : EXECUTING
12:31:08 INFO  State of operation 21385475 : EXECUTING
12:31:10 INFO  State of operation 21385475 : EXECUTING
12:31:13 INFO  State of operation 21385475 : EXECUTING
12:31:15 INFO  State of operation 21385475 : EXECUTING
12:31:18 INFO  State of operation 21385475 : EXECUTING
12:31:20 INFO  State of operation 21385475 : EXECUTING
12:31:22 INFO  State of operation 21385475 : EXECUTING
12:31:24 INFO  State of operation 21385475 : EXECUTING
12:31:27 INFO  State of operation 21385475 : EXECUTING
12:31:29 INFO  State of operation 21385475 : EXECUTING
12:31:31 INFO  State of operation 21385475 : EXECUTING
12:31:34 INFO  State of operation 21385475 : EXECUTING
12:31:36 INFO  State of operation 21385475 : EXECUTING
12:31:38 INFO  State of operation 21385475 : EXECUTING
12:31:40 INFO  State of operation 21385475 : EXECUTING
12:31:43 INFO  State of operation 21385475 : EXECUTING
12:31:45 INFO  State of operation 21385475 : SUCCESSFUL
12:31:45 INFO  Assert that (False == value) with value=False ... passed
12:31:45 INFO  Package asciijump is installed
12:31:45 INFO  Assert that (True == value) with value=True ... passed
12:31:46 INFO  Package squirrel3 is installed
12:31:46 INFO  Assert that (True == value) with value=True ... passed
12:31:46 INFO  Package robotfindskitten is installed
12:31:46 INFO  Assert that (True == value) with value=True ... passed
12:31:46 INFO  Response status: 201
12:31:46 INFO  Response to action: {
    &quot;creationTime&quot;: &quot;2022-07-25T12:31:46.505Z&quot;,
    &quot;deviceId&quot;: &quot;21368829&quot;,
    &quot;deviceName&quot;: &quot;m32sd10b&quot;,
    &quot;self&quot;: &quot;https://t493319102.eu-latest.cumulocity.com/devicecontrol/operations/21385493&quot;,
    &quot;id&quot;: &quot;21385493&quot;,
    &quot;status&quot;: &quot;PENDING&quot;,
    &quot;description&quot;: &quot;Apply software changes, triggered from PySys: [{'action': 'delete', 'id': '5475369', 'name': 'asciijump', 'url': ' ', 'version': '::apt'}, {'action': 'delete', 'id': '5474869', 'name': 'robotfindskitten', 'url': ' ', 'version': '::apt'}, {'action': 'delete', 'id': '5475279', 'name': 'squirrel3', 'url': ' ', 'version': '::apt'}]&quot;,
    &quot;c8y_SoftwareUpdate&quot;: [
        {
            &quot;name&quot;: &quot;asciijump&quot;,
            &quot;action&quot;: &quot;delete&quot;,
            &quot;id&quot;: &quot;5475369&quot;,
            &quot;version&quot;: &quot;::apt&quot;,
            &quot;url&quot;: &quot; &quot;
        },
        {
            &quot;name&quot;: &quot;robotfindskitten&quot;,
            &quot;action&quot;: &quot;delete&quot;,
            &quot;id&quot;: &quot;5474869&quot;,
            &quot;version&quot;: &quot;::apt&quot;,
            &quot;url&quot;: &quot; &quot;
        },
        {
            &quot;name&quot;: &quot;squirrel3&quot;,
            &quot;action&quot;: &quot;delete&quot;,
            &quot;id&quot;: &quot;5475279&quot;,
            &quot;version&quot;: &quot;::apt&quot;,
            &quot;url&quot;: &quot; &quot;
        }
    ]
}
12:31:46 INFO  Started operation: {'creationTime': '2022-07-25T12:31:46.505Z', 'deviceId': '21368829', 'deviceName': 'm32sd10b', 'self': 'https://t493319102.eu-latest.cumulocity.com/devicecontrol/operations/21385493', 'id': '21385493', 'status': 'PENDING', 'description': &quot;Apply software changes, triggered from PySys: [{'action': 'delete', 'id': '5475369', 'name': 'asciijump', 'url': ' ', 'version': '::apt'}, {'action': 'delete', 'id': '5474869', 'name': 'robotfindskitten', 'url': ' ', 'version': '::apt'}, {'action': 'delete', 'id': '5475279', 'name': 'squirrel3', 'url': ' ', 'version': '::apt'}]&quot;, 'c8y_SoftwareUpdate': [{'name': 'asciijump', 'action': 'delete', 'id': '5475369', 'version': '::apt', 'url': ' '}, {'name': 'robotfindskitten', 'action': 'delete', 'id': '5474869', 'version': '::apt', 'url': ' '}, {'name': 'squirrel3', 'action': 'delete', 'id': '5475279', 'version': '::apt', 'url': ' '}]}
12:31:48 INFO  State of operation 21385493 : PENDING
12:31:51 INFO  State of operation 21385493 : EXECUTING
12:31:53 INFO  State of operation 21385493 : EXECUTING
12:31:55 INFO  State of operation 21385493 : EXECUTING
12:31:57 INFO  State of operation 21385493 : EXECUTING
12:31:59 INFO  State of operation 21385493 : EXECUTING
12:32:02 INFO  State of operation 21385493 : EXECUTING
12:32:05 INFO  State of operation 21385493 : EXECUTING
12:32:08 INFO  State of operation 21385493 : EXECUTING
12:32:10 INFO  State of operation 21385493 : EXECUTING
12:32:12 INFO  State of operation 21385493 : EXECUTING
12:32:14 INFO  State of operation 21385493 : EXECUTING
12:32:17 INFO  State of operation 21385493 : EXECUTING
12:32:19 INFO  State of operation 21385493 : EXECUTING
12:32:21 INFO  State of operation 21385493 : EXECUTING
12:32:24 INFO  State of operation 21385493 : EXECUTING
12:32:26 INFO  State of operation 21385493 : EXECUTING
12:32:29 INFO  State of operation 21385493 : EXECUTING
12:32:31 INFO  State of operation 21385493 : EXECUTING
12:32:33 INFO  State of operation 21385493 : EXECUTING
12:32:36 INFO  State of operation 21385493 : EXECUTING
12:32:38 INFO  State of operation 21385493 : EXECUTING
12:32:40 INFO  State of operation 21385493 : EXECUTING
12:32:42 INFO  State of operation 21385493 : EXECUTING
12:32:45 INFO  State of operation 21385493 : EXECUTING
12:32:47 INFO  State of operation 21385493 : EXECUTING
12:32:50 INFO  State of operation 21385493 : EXECUTING
12:32:52 INFO  State of operation 21385493 : SUCCESSFUL
12:32:52 INFO  Assert that (False == value) with value=False ... passed
12:32:52 INFO  Assert that (False == value) with value=False ... passed
12:32:53 INFO  Assert that (False == value) with value=False ... passed
12:32:53 INFO  Assert that (False == value) with value=False ... passed
12:32:53 INFO  
12:32:53 INFO  cleanup:
12:32:57 INFO  Executed sudo&lt;tedge_disconnect_c8y&gt;, exit status 0
12:32:57 INFO  Executed systemctl&lt;serv_mapper5&gt;, exit status 3
12:32:57 INFO  
12:32:57 INFO  Test duration: 181.26 secs
12:32:57 INFO  Test final outcome:  FAILED
12:32:57 INFO  Test outcome reason: Assert that (False == value) with value=True
12:32:57 INFO  
</system-out>
	</testcase>
</testsuite>
