<?xml version="1.0" encoding="utf-8"?>
<testsuite failures="1" name="SoftwareManagement.sm_apt_install_remove_multiple_mixed" skipped="0" tests="1" time="177.72" timestamp="2022-06-09T17:20:34">
	<testcase classname="PySysTest" name="SoftwareManagement.sm_apt_install_remove_multiple_mixed">
		<failure message="BLOCKED: SystemError: Timeout while waiting for status SUCCESSFUL or False" type="BLOCKED"/>
		<system-out>17:17:37 INFO  ==============================================================
17:17:37 INFO  Id:    SoftwareManagement.sm_apt_install_remove_multiple_mixed
17:17:37 INFO  Dir:   software_management_end_to_end/
17:17:37 INFO  Title: Validate end to end behaviour for the apt plugin for multiple packages with mixed versions
17:17:37 INFO  ==============================================================
17:17:37 INFO  Using sw id database: {'asciijump': '5475369', 'robotfindskitten': '5474869', 'squirrel3': '5475279', 'rolldice': '5152439', 'moon-buggy': '5439204', 'apple': '5495053', 'banana': '5494888', 'cherry': '5495382', 'watermelon': '5494510', 'registry': '8018911', 'hello-world': '8021526', 'docker/getting-started': '8021973', 'alpine': '7991792'}
17:17:37 INFO  EnvironmentC8y Setup
17:17:37 INFO  Executed systemctl&lt;serv_mapper1&gt;, exit status 3
17:17:37 INFO  Restarting mosquitto too frequently in the last 10 seconds. It was only up for 5 seconds
17:17:37 INFO  Delaying execution by 6 seconds
17:17:57 INFO  Executed sudo&lt;tedge_connect_c8y&gt;, exit status 0, duration 13 secs
17:17:58 INFO  Executed sudo&lt;tedge_connect_c8y_test&gt;, exit status 0
17:17:58 INFO  Executed systemctl&lt;serv_mosq2&gt;, exit status 0
17:17:59 INFO  Executed systemctl&lt;serv_mapper3&gt;, exit status 0
17:18:01 INFO  State of current operation: SUCCESSFUL
17:18:01 INFO  Assert that (False == value) with value=False ... passed
17:18:01 INFO  Assert that (False == value) with value=False ... passed
17:18:02 INFO  Assert that (False == value) with value=False ... passed
17:18:02 INFO  Assert that (False == value) with value=False ... passed
17:18:02 INFO  Assert that (False == value) with value=False ... passed
17:18:03 INFO  Response status: 201
17:18:03 INFO  Response to action: {
    &quot;delivery&quot;: {
        &quot;log&quot;: [],
        &quot;time&quot;: &quot;2022-06-09T17:18:03.742Z&quot;,
        &quot;status&quot;: &quot;PENDING&quot;
    },
    &quot;creationTime&quot;: &quot;2022-06-09T17:18:03.725Z&quot;,
    &quot;deviceId&quot;: &quot;20083230&quot;,
    &quot;deviceName&quot;: &quot;m32sd10b&quot;,
    &quot;self&quot;: &quot;https://t493319102.eu-latest.cumulocity.com/devicecontrol/operations/20100884&quot;,
    &quot;id&quot;: &quot;20100884&quot;,
    &quot;status&quot;: &quot;PENDING&quot;,
    &quot;description&quot;: &quot;Apply software changes, triggered from PySys: [{'action': 'install', 'id': '5475369', 'name': 'asciijump', 'url': ' ', 'version': '::apt'}, {'action': 'install', 'id': '5474869', 'name': 'robotfindskitten', 'url': ' ', 'version': ' '}, {'action': 'install', 'id': '5475279', 'name': 'squirrel3', 'url': ' ', 'version': '3.1-7::apt'}, {'action': 'install', 'id': '5152439', 'name': 'rolldice', 'url': ' ', 'version': '1.16-1+b1'}, {'action': 'install', 'id': '5439204', 'name': 'moon-buggy', 'url': ' ', 'version': '1:1.0.51-12'}, {'action': 'install', 'id': '5475369', 'name': 'asciijump', 'url': ' ', 'version': '::apt'}]&quot;,
    &quot;c8y_SoftwareUpdate&quot;: [
        {
            &quot;name&quot;: &quot;asciijump&quot;,
            &quot;action&quot;: &quot;install&quot;,
            &quot;id&quot;: &quot;5475369&quot;,
            &quot;version&quot;: &quot;::apt&quot;,
            &quot;url&quot;: &quot; &quot;
        },
        {
            &quot;name&quot;: &quot;robotfindskitten&quot;,
            &quot;action&quot;: &quot;install&quot;,
            &quot;id&quot;: &quot;5474869&quot;,
            &quot;version&quot;: &quot; &quot;,
            &quot;url&quot;: &quot; &quot;
        },
        {
            &quot;name&quot;: &quot;squirrel3&quot;,
            &quot;action&quot;: &quot;install&quot;,
            &quot;id&quot;: &quot;5475279&quot;,
            &quot;version&quot;: &quot;3.1-7::apt&quot;,
            &quot;url&quot;: &quot; &quot;
        },
        {
            &quot;name&quot;: &quot;rolldice&quot;,
            &quot;action&quot;: &quot;install&quot;,
            &quot;id&quot;: &quot;5152439&quot;,
            &quot;version&quot;: &quot;1.16-1+b1&quot;,
            &quot;url&quot;: &quot; &quot;
        },
        {
            &quot;name&quot;: &quot;moon-buggy&quot;,
            &quot;action&quot;: &quot;install&quot;,
            &quot;id&quot;: &quot;5439204&quot;,
            &quot;version&quot;: &quot;1:1.0.51-12&quot;,
            &quot;url&quot;: &quot; &quot;
        },
        {
            &quot;name&quot;: &quot;asciijump&quot;,
            &quot;action&quot;: &quot;install&quot;,
            &quot;id&quot;: &quot;5475369&quot;,
            &quot;version&quot;: &quot;::apt&quot;,
            &quot;url&quot;: &quot; &quot;
        }
    ]
}
17:18:03 INFO  Started operation: {'delivery': {'log': [], 'time': '2022-06-09T17:18:03.742Z', 'status': 'PENDING'}, 'creationTime': '2022-06-09T17:18:03.725Z', 'deviceId': '20083230', 'deviceName': 'm32sd10b', 'self': 'https://t493319102.eu-latest.cumulocity.com/devicecontrol/operations/20100884', 'id': '20100884', 'status': 'PENDING', 'description': &quot;Apply software changes, triggered from PySys: [{'action': 'install', 'id': '5475369', 'name': 'asciijump', 'url': ' ', 'version': '::apt'}, {'action': 'install', 'id': '5474869', 'name': 'robotfindskitten', 'url': ' ', 'version': ' '}, {'action': 'install', 'id': '5475279', 'name': 'squirrel3', 'url': ' ', 'version': '3.1-7::apt'}, {'action': 'install', 'id': '5152439', 'name': 'rolldice', 'url': ' ', 'version': '1.16-1+b1'}, {'action': 'install', 'id': '5439204', 'name': 'moon-buggy', 'url': ' ', 'version': '1:1.0.51-12'}, {'action': 'install', 'id': '5475369', 'name': 'asciijump', 'url': ' ', 'version': '::apt'}]&quot;, 'c8y_SoftwareUpdate': [{'name': 'asciijump', 'action': 'install', 'id': '5475369', 'version': '::apt', 'url': ' '}, {'name': 'robotfindskitten', 'action': 'install', 'id': '5474869', 'version': ' ', 'url': ' '}, {'name': 'squirrel3', 'action': 'install', 'id': '5475279', 'version': '3.1-7::apt', 'url': ' '}, {'name': 'rolldice', 'action': 'install', 'id': '5152439', 'version': '1.16-1+b1', 'url': ' '}, {'name': 'moon-buggy', 'action': 'install', 'id': '5439204', 'version': '1:1.0.51-12', 'url': ' '}, {'name': 'asciijump', 'action': 'install', 'id': '5475369', 'version': '::apt', 'url': ' '}]}
17:18:06 INFO  State of operation 20100884 : PENDING
17:18:08 INFO  State of operation 20100884 : EXECUTING
17:18:10 INFO  State of operation 20100884 : EXECUTING
17:18:12 INFO  State of operation 20100884 : EXECUTING
17:18:14 INFO  State of operation 20100884 : EXECUTING
17:18:17 INFO  State of operation 20100884 : EXECUTING
17:18:19 INFO  State of operation 20100884 : EXECUTING
17:18:22 INFO  State of operation 20100884 : EXECUTING
17:18:25 INFO  State of operation 20100884 : EXECUTING
17:18:27 INFO  State of operation 20100884 : EXECUTING
17:18:29 INFO  State of operation 20100884 : EXECUTING
17:18:31 INFO  State of operation 20100884 : EXECUTING
17:18:34 INFO  State of operation 20100884 : EXECUTING
17:18:36 INFO  State of operation 20100884 : EXECUTING
17:18:38 INFO  State of operation 20100884 : EXECUTING
17:18:40 INFO  State of operation 20100884 : EXECUTING
17:18:43 INFO  State of operation 20100884 : EXECUTING
17:18:46 INFO  State of operation 20100884 : EXECUTING
17:18:48 INFO  State of operation 20100884 : EXECUTING
17:18:50 INFO  State of operation 20100884 : EXECUTING
17:18:52 INFO  State of operation 20100884 : EXECUTING
17:18:55 INFO  State of operation 20100884 : EXECUTING
17:18:57 INFO  State of operation 20100884 : EXECUTING
17:19:00 INFO  State of operation 20100884 : EXECUTING
17:19:02 INFO  State of operation 20100884 : EXECUTING
17:19:04 INFO  State of operation 20100884 : EXECUTING
17:19:07 INFO  State of operation 20100884 : EXECUTING
17:19:09 INFO  State of operation 20100884 : EXECUTING
17:19:11 INFO  State of operation 20100884 : EXECUTING
17:19:13 INFO  State of operation 20100884 : EXECUTING
17:19:16 INFO  State of operation 20100884 : EXECUTING
17:19:18 INFO  State of operation 20100884 : EXECUTING
17:19:20 INFO  State of operation 20100884 : EXECUTING
17:19:23 INFO  State of operation 20100884 : EXECUTING
17:19:25 INFO  State of operation 20100884 : EXECUTING
17:19:27 INFO  State of operation 20100884 : EXECUTING
17:19:29 INFO  State of operation 20100884 : EXECUTING
17:19:32 INFO  State of operation 20100884 : EXECUTING
17:19:34 INFO  State of operation 20100884 : EXECUTING
17:19:37 INFO  State of operation 20100884 : EXECUTING
17:19:39 INFO  State of operation 20100884 : EXECUTING
17:19:42 INFO  State of operation 20100884 : EXECUTING
17:19:44 INFO  State of operation 20100884 : EXECUTING
17:19:46 INFO  State of operation 20100884 : EXECUTING
17:19:48 INFO  State of operation 20100884 : EXECUTING
17:19:50 INFO  State of operation 20100884 : EXECUTING
17:19:53 INFO  State of operation 20100884 : EXECUTING
17:19:55 INFO  State of operation 20100884 : EXECUTING
17:19:57 INFO  State of operation 20100884 : EXECUTING
17:20:00 INFO  State of operation 20100884 : EXECUTING
17:20:02 INFO  State of operation 20100884 : EXECUTING
17:20:04 INFO  State of operation 20100884 : EXECUTING
17:20:07 INFO  State of operation 20100884 : EXECUTING
17:20:09 INFO  State of operation 20100884 : EXECUTING
17:20:12 INFO  State of operation 20100884 : EXECUTING
17:20:14 INFO  State of operation 20100884 : EXECUTING
17:20:16 INFO  State of operation 20100884 : EXECUTING
17:20:18 INFO  State of operation 20100884 : EXECUTING
17:20:21 INFO  State of operation 20100884 : EXECUTING
17:20:23 INFO  State of operation 20100884 : EXECUTING
17:20:25 INFO  State of operation 20100884 : EXECUTING
17:20:27 WARN  SystemError occurred while running test - Timeout while waiting for status SUCCESSFUL or False
Traceback (most recent call last):
  File &quot;/home/pi/env-pysys/lib/python3.7/site-packages/pysys/baserunner.py&quot;, line 1294, in __call__
    self.testObj.execute()
  File &quot;/home/pi/actions-runner/_work/thin-edge.io/thin-edge.io/tests/PySys/software_management_end_to_end/sm_apt_install_remove_multiple_mixed/run.py&quot;, line 89, in execute
    self.wait_until_succcess()
  File &quot;/home/pi/actions-runner/_work/thin-edge.io/thin-edge.io/tests/PySys/software_management_end_to_end/environment_sm_management.py&quot;, line 324, in wait_until_succcess
    self.wait_until_status(&quot;SUCCESSFUL&quot;)
  File &quot;/home/pi/actions-runner/_work/thin-edge.io/thin-edge.io/tests/PySys/software_management_end_to_end/environment_sm_management.py&quot;, line 381, in wait_until_status
    &quot;Timeout while waiting for status %s or %s&quot; % (status, status2)
SystemError: Timeout while waiting for status SUCCESSFUL or False
17:20:27 WARN  SystemError: Timeout while waiting for status SUCCESSFUL or False ... blocked 
17:20:27 INFO  
17:20:27 INFO  cleanup:
17:20:34 INFO  Executed sudo&lt;tedge_disconnect_c8y&gt;, exit status 0
17:20:34 INFO  Executed systemctl&lt;serv_mapper5&gt;, exit status 3
17:20:34 INFO  
17:20:34 INFO  Test duration: 177.72 secs
17:20:34 INFO  Test final outcome:  BLOCKED
17:20:34 INFO  Test outcome reason: SystemError: Timeout while waiting for status SUCCESSFUL or False
17:20:34 INFO  
</system-out>
	</testcase>
</testsuite>
