<?xml version="1.0" encoding="utf-8"?>
<testsuite failures="1" name="SoftwareManagement.sm_apt_install_fail" skipped="0" tests="1" time="165.68" timestamp="2022-05-23T15:36:54">
	<testcase classname="PySysTest" name="SoftwareManagement.sm_apt_install_fail">
		<failure message="BLOCKED: SystemError: Timeout while waiting for status FAILED or SUCCESSFUL" type="BLOCKED"/>
		<system-out>15:34:09 INFO  ==============================================================
15:34:09 INFO  Id:    SoftwareManagement.sm_apt_install_fail
15:34:09 INFO  Dir:   software_management_end_to_end/
15:34:09 INFO  Title: Validate end to end behaviour for a failing installation
15:34:09 INFO  ==============================================================
15:34:09 INFO  Using sw id database: {'asciijump': '5475369', 'robotfindskitten': '5474869', 'squirrel3': '5475279', 'rolldice': '5152439', 'moon-buggy': '5439204', 'apple': '5495053', 'banana': '5494888', 'cherry': '5495382', 'watermelon': '5494510', 'registry': '8018911', 'hello-world': '8021526', 'docker/getting-started': '8021973', 'alpine': '7991792'}
15:34:09 INFO  EnvironmentC8y Setup
15:34:09 INFO  Executed systemctl&lt;serv_mapper1&gt;, exit status 3
15:34:09 INFO  Restarting mosquitto too frequently in the last 10 seconds. It was only up for 5 seconds
15:34:09 INFO  Delaying execution by 6 seconds
15:34:29 INFO  Executed sudo&lt;tedge_connect_c8y&gt;, exit status 0, duration 13 secs
15:34:30 INFO  Executed sudo&lt;tedge_connect_c8y_test&gt;, exit status 0
15:34:30 INFO  Executed systemctl&lt;serv_mosq2&gt;, exit status 0
15:34:31 INFO  Executed systemctl&lt;serv_mapper3&gt;, exit status 0
15:34:33 INFO  State of current operation: PENDING
15:34:35 INFO  State of current operation: PENDING
15:34:38 INFO  State of current operation: PENDING
15:34:40 INFO  State of current operation: PENDING
15:34:42 INFO  State of current operation: PENDING
15:34:45 INFO  State of current operation: PENDING
15:34:47 INFO  State of current operation: PENDING
15:34:49 INFO  State of current operation: PENDING
15:34:51 INFO  State of current operation: PENDING
15:34:54 INFO  State of current operation: PENDING
15:34:56 INFO  State of current operation: PENDING
15:34:58 INFO  State of current operation: PENDING
15:35:00 INFO  State of current operation: PENDING
15:35:02 INFO  State of current operation: PENDING
15:35:05 INFO  State of current operation: PENDING
15:35:07 INFO  State of current operation: PENDING
15:35:09 INFO  State of current operation: PENDING
15:35:11 INFO  State of current operation: PENDING
15:35:14 INFO  State of current operation: PENDING
15:35:16 INFO  State of current operation: PENDING
15:35:18 INFO  State of current operation: PENDING
15:35:20 INFO  State of current operation: PENDING
15:35:23 INFO  State of current operation: PENDING
15:35:25 INFO  State of current operation: PENDING
15:35:27 INFO  State of current operation: PENDING
15:35:29 INFO  State of current operation: PENDING
15:35:32 INFO  State of current operation: PENDING
15:35:34 INFO  State of current operation: PENDING
15:35:36 INFO  State of current operation: PENDING
15:35:38 INFO  State of current operation: PENDING
15:35:40 INFO  State of current operation: PENDING
15:35:43 INFO  State of current operation: PENDING
15:35:45 INFO  State of current operation: PENDING
15:35:47 INFO  State of current operation: PENDING
15:35:49 INFO  State of current operation: PENDING
15:35:52 INFO  State of current operation: PENDING
15:35:54 INFO  State of current operation: PENDING
15:35:56 INFO  State of current operation: PENDING
15:35:58 INFO  State of current operation: PENDING
15:36:01 INFO  State of current operation: PENDING
15:36:03 INFO  State of current operation: PENDING
15:36:05 INFO  State of current operation: PENDING
15:36:07 INFO  State of current operation: PENDING
15:36:09 INFO  State of current operation: PENDING
15:36:12 INFO  State of current operation: PENDING
15:36:14 INFO  State of current operation: PENDING
15:36:16 INFO  State of current operation: PENDING
15:36:18 INFO  State of current operation: PENDING
15:36:21 INFO  State of current operation: PENDING
15:36:23 INFO  State of current operation: PENDING
15:36:25 INFO  State of current operation: PENDING
15:36:27 INFO  State of current operation: PENDING
15:36:30 INFO  State of current operation: PENDING
15:36:32 INFO  State of current operation: PENDING
15:36:34 INFO  State of current operation: PENDING
15:36:36 INFO  State of current operation: PENDING
15:36:38 INFO  State of current operation: PENDING
15:36:41 INFO  State of current operation: PENDING
15:36:43 INFO  State of current operation: PENDING
15:36:45 INFO  State of current operation: PENDING
15:36:47 INFO  State of current operation: PENDING
15:36:50 WARN  SystemError occurred while running test - Timeout while waiting for status FAILED or SUCCESSFUL
Traceback (most recent call last):
  File &quot;/home/pi/env-pysys/lib/python3.7/site-packages/pysys/baserunner.py&quot;, line 1292, in __call__
    self.testObj.setup()
  File &quot;/home/pi/actions-runner/_work/thin-edge.io/thin-edge.io/tests/PySys/software_management_end_to_end/sm_apt_install_fail/run.py&quot;, line 20, in setup
    super().setup()
  File &quot;/home/pi/actions-runner/_work/thin-edge.io/thin-edge.io/tests/PySys/software_management_end_to_end/environment_sm_management.py&quot;, line 151, in setup
    self.wait_until_end()
  File &quot;/home/pi/actions-runner/_work/thin-edge.io/thin-edge.io/tests/PySys/software_management_end_to_end/environment_sm_management.py&quot;, line 332, in wait_until_end
    self.wait_until_status(&quot;FAILED&quot;, &quot;SUCCESSFUL&quot;)
  File &quot;/home/pi/actions-runner/_work/thin-edge.io/thin-edge.io/tests/PySys/software_management_end_to_end/environment_sm_management.py&quot;, line 381, in wait_until_status
    &quot;Timeout while waiting for status %s or %s&quot; % (status, status2)
SystemError: Timeout while waiting for status FAILED or SUCCESSFUL
15:36:50 WARN  SystemError: Timeout while waiting for status FAILED or SUCCESSFUL ... blocked 
15:36:50 INFO  
15:36:50 INFO  cleanup:
15:36:54 INFO  Executed sudo&lt;tedge_disconnect_c8y&gt;, exit status 0
15:36:54 INFO  Executed systemctl&lt;serv_mapper5&gt;, exit status 3
15:36:54 INFO  
15:36:54 INFO  Test duration: 165.68 secs
15:36:54 INFO  Test final outcome:  BLOCKED
15:36:54 INFO  Test outcome reason: SystemError: Timeout while waiting for status FAILED or SUCCESSFUL
15:36:54 INFO  
</system-out>
	</testcase>
</testsuite>
