<?xml version="1.0" encoding="utf-8"?>
<testsuite failures="1" name="SoftwareManagement.sm_apt_install_remove_multiple" skipped="0" tests="1" time="178.33" timestamp="2022-05-20T11:59:04">
	<testcase classname="PySysTest" name="SoftwareManagement.sm_apt_install_remove_multiple">
		<failure message="FAILED: Assert that (False == value) with value=True" type="FAILED"/>
		<system-out>11:56:05 INFO  ==============================================================
11:56:05 INFO  Id:    SoftwareManagement.sm_apt_install_remove_multiple
11:56:05 INFO  Dir:   software_management_end_to_end/
11:56:05 INFO  Title: Validate end to end behaviour for the apt plugin for multiple packages
11:56:05 INFO  ==============================================================
11:56:05 INFO  Using sw id database: {'asciijump': '5475369', 'robotfindskitten': '5474869', 'squirrel3': '5475279', 'rolldice': '5152439', 'moon-buggy': '5439204', 'apple': '5495053', 'banana': '5494888', 'cherry': '5495382', 'watermelon': '5494510', 'registry': '8018911', 'hello-world': '8021526', 'docker/getting-started': '8021973', 'alpine': '7991792'}
11:56:05 INFO  EnvironmentC8y Setup
11:56:06 INFO  Executed systemctl&lt;serv_mapper1&gt;, exit status 3
11:56:06 INFO  Restarting mosquitto too frequently in the last 10 seconds. It was only up for 5 seconds
11:56:06 INFO  Delaying execution by 6 seconds
11:56:26 INFO  Executed sudo&lt;tedge_connect_c8y&gt;, exit status 0, duration 13 secs
11:56:27 INFO  Executed sudo&lt;tedge_connect_c8y_test&gt;, exit status 0
11:56:27 INFO  Executed systemctl&lt;serv_mosq2&gt;, exit status 0
11:56:28 INFO  Executed systemctl&lt;serv_mapper3&gt;, exit status 0
11:56:30 INFO  State of current operation: SUCCESSFUL
11:56:30 INFO  Assert that (False == value) with value=False ... passed
11:56:30 INFO  Assert that (False == value) with value=False ... passed
11:56:31 INFO  Assert that (False == value) with value=False ... passed
11:56:31 INFO  Package robotfindskitten is installed
11:56:31 WARN  Assert that (False == value) with value=True ... failed 
11:56:31 INFO  Response status: 201
11:56:31 INFO  Response to action: {
    &quot;creationTime&quot;: &quot;2022-05-20T11:56:31.626Z&quot;,
    &quot;deviceId&quot;: &quot;19396607&quot;,
    &quot;deviceName&quot;: &quot;m32sd10b&quot;,
    &quot;self&quot;: &quot;https://t493319102.eu-latest.cumulocity.com/devicecontrol/operations/19409300&quot;,
    &quot;id&quot;: &quot;19409300&quot;,
    &quot;status&quot;: &quot;PENDING&quot;,
    &quot;description&quot;: &quot;Apply software changes, triggered from PySys: [{'action': 'install', 'id': '5475369', 'name': 'asciijump', 'url': ' ', 'version': '::apt'}, {'action': 'install', 'id': '5474869', 'name': 'robotfindskitten', 'url': ' ', 'version': '::apt'}, {'action': 'install', 'id': '5475279', 'name': 'squirrel3', 'url': ' ', 'version': '::apt'}]&quot;,
    &quot;c8y_SoftwareUpdate&quot;: [
        {
            &quot;name&quot;: &quot;asciijump&quot;,
            &quot;action&quot;: &quot;install&quot;,
            &quot;id&quot;: &quot;5475369&quot;,
            &quot;version&quot;: &quot;::apt&quot;,
            &quot;url&quot;: &quot; &quot;
        },
        {
            &quot;name&quot;: &quot;robotfindskitten&quot;,
            &quot;action&quot;: &quot;install&quot;,
            &quot;id&quot;: &quot;5474869&quot;,
            &quot;version&quot;: &quot;::apt&quot;,
            &quot;url&quot;: &quot; &quot;
        },
        {
            &quot;name&quot;: &quot;squirrel3&quot;,
            &quot;action&quot;: &quot;install&quot;,
            &quot;id&quot;: &quot;5475279&quot;,
            &quot;version&quot;: &quot;::apt&quot;,
            &quot;url&quot;: &quot; &quot;
        }
    ]
}
11:56:31 INFO  Started operation: {'creationTime': '2022-05-20T11:56:31.626Z', 'deviceId': '19396607', 'deviceName': 'm32sd10b', 'self': 'https://t493319102.eu-latest.cumulocity.com/devicecontrol/operations/19409300', 'id': '19409300', 'status': 'PENDING', 'description': &quot;Apply software changes, triggered from PySys: [{'action': 'install', 'id': '5475369', 'name': 'asciijump', 'url': ' ', 'version': '::apt'}, {'action': 'install', 'id': '5474869', 'name': 'robotfindskitten', 'url': ' ', 'version': '::apt'}, {'action': 'install', 'id': '5475279', 'name': 'squirrel3', 'url': ' ', 'version': '::apt'}]&quot;, 'c8y_SoftwareUpdate': [{'name': 'asciijump', 'action': 'install', 'id': '5475369', 'version': '::apt', 'url': ' '}, {'name': 'robotfindskitten', 'action': 'install', 'id': '5474869', 'version': '::apt', 'url': ' '}, {'name': 'squirrel3', 'action': 'install', 'id': '5475279', 'version': '::apt', 'url': ' '}]}
11:56:33 INFO  State of operation 19409300 : PENDING
11:56:36 INFO  State of operation 19409300 : EXECUTING
11:56:38 INFO  State of operation 19409300 : EXECUTING
11:56:40 INFO  State of operation 19409300 : EXECUTING
11:56:42 INFO  State of operation 19409300 : EXECUTING
11:56:45 INFO  State of operation 19409300 : EXECUTING
11:56:48 INFO  State of operation 19409300 : EXECUTING
11:56:50 INFO  State of operation 19409300 : EXECUTING
11:56:53 INFO  State of operation 19409300 : EXECUTING
11:56:55 INFO  State of operation 19409300 : EXECUTING
11:56:57 INFO  State of operation 19409300 : EXECUTING
11:56:59 INFO  State of operation 19409300 : EXECUTING
11:57:02 INFO  State of operation 19409300 : EXECUTING
11:57:04 INFO  State of operation 19409300 : EXECUTING
11:57:06 INFO  State of operation 19409300 : EXECUTING
11:57:08 INFO  State of operation 19409300 : EXECUTING
11:57:11 INFO  State of operation 19409300 : EXECUTING
11:57:14 INFO  State of operation 19409300 : EXECUTING
11:57:16 INFO  State of operation 19409300 : EXECUTING
11:57:18 INFO  State of operation 19409300 : EXECUTING
11:57:20 INFO  State of operation 19409300 : EXECUTING
11:57:23 INFO  State of operation 19409300 : EXECUTING
11:57:25 INFO  State of operation 19409300 : EXECUTING
11:57:28 INFO  State of operation 19409300 : EXECUTING
11:57:30 INFO  State of operation 19409300 : EXECUTING
11:57:33 INFO  State of operation 19409300 : EXECUTING
11:57:35 INFO  State of operation 19409300 : EXECUTING
11:57:38 INFO  State of operation 19409300 : EXECUTING
11:57:40 INFO  State of operation 19409300 : EXECUTING
11:57:43 INFO  State of operation 19409300 : EXECUTING
11:57:45 INFO  State of operation 19409300 : EXECUTING
11:57:47 INFO  State of operation 19409300 : EXECUTING
11:57:49 INFO  State of operation 19409300 : EXECUTING
11:57:52 INFO  State of operation 19409300 : SUCCESSFUL
11:57:52 INFO  Assert that (False == value) with value=False ... passed
11:57:52 INFO  Package asciijump is installed
11:57:52 INFO  Assert that (True == value) with value=True ... passed
11:57:52 INFO  Package squirrel3 is installed
11:57:52 INFO  Assert that (True == value) with value=True ... passed
11:57:52 INFO  Package robotfindskitten is installed
11:57:52 INFO  Assert that (True == value) with value=True ... passed
11:57:53 INFO  Response status: 201
11:57:53 INFO  Response to action: {
    &quot;creationTime&quot;: &quot;2022-05-20T11:57:53.132Z&quot;,
    &quot;deviceId&quot;: &quot;19396607&quot;,
    &quot;deviceName&quot;: &quot;m32sd10b&quot;,
    &quot;self&quot;: &quot;https://t493319102.eu-latest.cumulocity.com/devicecontrol/operations/19409314&quot;,
    &quot;id&quot;: &quot;19409314&quot;,
    &quot;status&quot;: &quot;PENDING&quot;,
    &quot;description&quot;: &quot;Apply software changes, triggered from PySys: [{'action': 'delete', 'id': '5475369', 'name': 'asciijump', 'url': ' ', 'version': '::apt'}, {'action': 'delete', 'id': '5474869', 'name': 'robotfindskitten', 'url': ' ', 'version': '::apt'}, {'action': 'delete', 'id': '5475279', 'name': 'squirrel3', 'url': ' ', 'version': '::apt'}]&quot;,
    &quot;c8y_SoftwareUpdate&quot;: [
        {
            &quot;name&quot;: &quot;asciijump&quot;,
            &quot;action&quot;: &quot;delete&quot;,
            &quot;id&quot;: &quot;5475369&quot;,
            &quot;version&quot;: &quot;::apt&quot;,
            &quot;url&quot;: &quot; &quot;
        },
        {
            &quot;name&quot;: &quot;robotfindskitten&quot;,
            &quot;action&quot;: &quot;delete&quot;,
            &quot;id&quot;: &quot;5474869&quot;,
            &quot;version&quot;: &quot;::apt&quot;,
            &quot;url&quot;: &quot; &quot;
        },
        {
            &quot;name&quot;: &quot;squirrel3&quot;,
            &quot;action&quot;: &quot;delete&quot;,
            &quot;id&quot;: &quot;5475279&quot;,
            &quot;version&quot;: &quot;::apt&quot;,
            &quot;url&quot;: &quot; &quot;
        }
    ]
}
11:57:53 INFO  Started operation: {'creationTime': '2022-05-20T11:57:53.132Z', 'deviceId': '19396607', 'deviceName': 'm32sd10b', 'self': 'https://t493319102.eu-latest.cumulocity.com/devicecontrol/operations/19409314', 'id': '19409314', 'status': 'PENDING', 'description': &quot;Apply software changes, triggered from PySys: [{'action': 'delete', 'id': '5475369', 'name': 'asciijump', 'url': ' ', 'version': '::apt'}, {'action': 'delete', 'id': '5474869', 'name': 'robotfindskitten', 'url': ' ', 'version': '::apt'}, {'action': 'delete', 'id': '5475279', 'name': 'squirrel3', 'url': ' ', 'version': '::apt'}]&quot;, 'c8y_SoftwareUpdate': [{'name': 'asciijump', 'action': 'delete', 'id': '5475369', 'version': '::apt', 'url': ' '}, {'name': 'robotfindskitten', 'action': 'delete', 'id': '5474869', 'version': '::apt', 'url': ' '}, {'name': 'squirrel3', 'action': 'delete', 'id': '5475279', 'version': '::apt', 'url': ' '}]}
11:57:55 INFO  State of operation 19409314 : PENDING
11:57:57 INFO  State of operation 19409314 : EXECUTING
11:57:59 INFO  State of operation 19409314 : EXECUTING
11:58:02 INFO  State of operation 19409314 : EXECUTING
11:58:04 INFO  State of operation 19409314 : EXECUTING
11:58:06 INFO  State of operation 19409314 : EXECUTING
11:58:09 INFO  State of operation 19409314 : EXECUTING
11:58:12 INFO  State of operation 19409314 : EXECUTING
11:58:14 INFO  State of operation 19409314 : EXECUTING
11:58:16 INFO  State of operation 19409314 : EXECUTING
11:58:19 INFO  State of operation 19409314 : EXECUTING
11:58:21 INFO  State of operation 19409314 : EXECUTING
11:58:23 INFO  State of operation 19409314 : EXECUTING
11:58:25 INFO  State of operation 19409314 : EXECUTING
11:58:28 INFO  State of operation 19409314 : EXECUTING
11:58:30 INFO  State of operation 19409314 : EXECUTING
11:58:32 INFO  State of operation 19409314 : EXECUTING
11:58:35 INFO  State of operation 19409314 : EXECUTING
11:58:38 INFO  State of operation 19409314 : EXECUTING
11:58:40 INFO  State of operation 19409314 : EXECUTING
11:58:42 INFO  State of operation 19409314 : EXECUTING
11:58:44 INFO  State of operation 19409314 : EXECUTING
11:58:46 INFO  State of operation 19409314 : EXECUTING
11:58:49 INFO  State of operation 19409314 : EXECUTING
11:58:51 INFO  State of operation 19409314 : EXECUTING
11:58:54 INFO  State of operation 19409314 : EXECUTING
11:58:56 INFO  State of operation 19409314 : EXECUTING
11:58:58 INFO  State of operation 19409314 : SUCCESSFUL
11:58:58 INFO  Assert that (False == value) with value=False ... passed
11:58:59 INFO  Assert that (False == value) with value=False ... passed
11:58:59 INFO  Assert that (False == value) with value=False ... passed
11:58:59 INFO  Assert that (False == value) with value=False ... passed
11:58:59 INFO  
11:58:59 INFO  cleanup:
11:59:03 INFO  Executed sudo&lt;tedge_disconnect_c8y&gt;, exit status 0
11:59:04 INFO  Executed systemctl&lt;serv_mapper5&gt;, exit status 3
11:59:04 INFO  
11:59:04 INFO  Test duration: 178.33 secs
11:59:04 INFO  Test final outcome:  FAILED
11:59:04 INFO  Test outcome reason: Assert that (False == value) with value=True
11:59:04 INFO  
</system-out>
	</testcase>
</testsuite>
