<?xml version="1.0" encoding="utf-8"?>
<testsuite failures="1" name="SoftwareManagement.sm_apt_install_remove_multiple" skipped="0" tests="1" time="181.9" timestamp="2022-06-08T13:45:05">
	<testcase classname="PySysTest" name="SoftwareManagement.sm_apt_install_remove_multiple">
		<failure message="FAILED: Assert that (False == value) with value=True" type="FAILED"/>
		<system-out>13:42:03 INFO  ==============================================================
13:42:03 INFO  Id:    SoftwareManagement.sm_apt_install_remove_multiple
13:42:03 INFO  Dir:   software_management_end_to_end/
13:42:03 INFO  Title: Validate end to end behaviour for the apt plugin for multiple packages
13:42:03 INFO  ==============================================================
13:42:03 INFO  Using sw id database: {'asciijump': '5475369', 'robotfindskitten': '5474869', 'squirrel3': '5475279', 'rolldice': '5152439', 'moon-buggy': '5439204', 'apple': '5495053', 'banana': '5494888', 'cherry': '5495382', 'watermelon': '5494510', 'registry': '8018911', 'hello-world': '8021526', 'docker/getting-started': '8021973', 'alpine': '7991792'}
13:42:03 INFO  EnvironmentC8y Setup
13:42:03 INFO  Executed systemctl&lt;serv_mapper1&gt;, exit status 3
13:42:04 INFO  Restarting mosquitto too frequently in the last 10 seconds. It was only up for 5 seconds
13:42:04 INFO  Delaying execution by 6 seconds
13:42:24 INFO  Executed sudo&lt;tedge_connect_c8y&gt;, exit status 0, duration 14 secs
13:42:24 INFO  Executed sudo&lt;tedge_connect_c8y_test&gt;, exit status 0
13:42:25 INFO  Executed systemctl&lt;serv_mosq2&gt;, exit status 0
13:42:25 INFO  Executed systemctl&lt;serv_mapper3&gt;, exit status 0
13:42:28 INFO  State of current operation: SUCCESSFUL
13:42:28 INFO  Assert that (False == value) with value=False ... passed
13:42:28 INFO  Assert that (False == value) with value=False ... passed
13:42:28 INFO  Assert that (False == value) with value=False ... passed
13:42:29 INFO  Package robotfindskitten is installed
13:42:29 WARN  Assert that (False == value) with value=True ... failed 
13:42:29 INFO  Response status: 201
13:42:29 INFO  Response to action: {
    &quot;creationTime&quot;: &quot;2022-06-08T13:42:29.265Z&quot;,
    &quot;deviceId&quot;: &quot;20013421&quot;,
    &quot;deviceName&quot;: &quot;m32sd10b&quot;,
    &quot;self&quot;: &quot;https://t493319102.eu-latest.cumulocity.com/devicecontrol/operations/20054755&quot;,
    &quot;id&quot;: &quot;20054755&quot;,
    &quot;status&quot;: &quot;PENDING&quot;,
    &quot;description&quot;: &quot;Apply software changes, triggered from PySys: [{'action': 'install', 'id': '5475369', 'name': 'asciijump', 'url': ' ', 'version': '::apt'}, {'action': 'install', 'id': '5474869', 'name': 'robotfindskitten', 'url': ' ', 'version': '::apt'}, {'action': 'install', 'id': '5475279', 'name': 'squirrel3', 'url': ' ', 'version': '::apt'}]&quot;,
    &quot;c8y_SoftwareUpdate&quot;: [
        {
            &quot;name&quot;: &quot;asciijump&quot;,
            &quot;action&quot;: &quot;install&quot;,
            &quot;id&quot;: &quot;5475369&quot;,
            &quot;version&quot;: &quot;::apt&quot;,
            &quot;url&quot;: &quot; &quot;
        },
        {
            &quot;name&quot;: &quot;robotfindskitten&quot;,
            &quot;action&quot;: &quot;install&quot;,
            &quot;id&quot;: &quot;5474869&quot;,
            &quot;version&quot;: &quot;::apt&quot;,
            &quot;url&quot;: &quot; &quot;
        },
        {
            &quot;name&quot;: &quot;squirrel3&quot;,
            &quot;action&quot;: &quot;install&quot;,
            &quot;id&quot;: &quot;5475279&quot;,
            &quot;version&quot;: &quot;::apt&quot;,
            &quot;url&quot;: &quot; &quot;
        }
    ]
}
13:42:29 INFO  Started operation: {'creationTime': '2022-06-08T13:42:29.265Z', 'deviceId': '20013421', 'deviceName': 'm32sd10b', 'self': 'https://t493319102.eu-latest.cumulocity.com/devicecontrol/operations/20054755', 'id': '20054755', 'status': 'PENDING', 'description': &quot;Apply software changes, triggered from PySys: [{'action': 'install', 'id': '5475369', 'name': 'asciijump', 'url': ' ', 'version': '::apt'}, {'action': 'install', 'id': '5474869', 'name': 'robotfindskitten', 'url': ' ', 'version': '::apt'}, {'action': 'install', 'id': '5475279', 'name': 'squirrel3', 'url': ' ', 'version': '::apt'}]&quot;, 'c8y_SoftwareUpdate': [{'name': 'asciijump', 'action': 'install', 'id': '5475369', 'version': '::apt', 'url': ' '}, {'name': 'robotfindskitten', 'action': 'install', 'id': '5474869', 'version': '::apt', 'url': ' '}, {'name': 'squirrel3', 'action': 'install', 'id': '5475279', 'version': '::apt', 'url': ' '}]}
13:42:31 INFO  State of operation 20054755 : PENDING
13:42:34 INFO  State of operation 20054755 : EXECUTING
13:42:36 INFO  State of operation 20054755 : EXECUTING
13:42:38 INFO  State of operation 20054755 : EXECUTING
13:42:40 INFO  State of operation 20054755 : EXECUTING
13:42:43 INFO  State of operation 20054755 : EXECUTING
13:42:45 INFO  State of operation 20054755 : EXECUTING
13:42:48 INFO  State of operation 20054755 : EXECUTING
13:42:51 INFO  State of operation 20054755 : EXECUTING
13:42:53 INFO  State of operation 20054755 : EXECUTING
13:42:55 INFO  State of operation 20054755 : EXECUTING
13:42:58 INFO  State of operation 20054755 : EXECUTING
13:43:00 INFO  State of operation 20054755 : EXECUTING
13:43:02 INFO  State of operation 20054755 : EXECUTING
13:43:05 INFO  State of operation 20054755 : EXECUTING
13:43:07 INFO  State of operation 20054755 : EXECUTING
13:43:09 INFO  State of operation 20054755 : EXECUTING
13:43:12 INFO  State of operation 20054755 : EXECUTING
13:43:14 INFO  State of operation 20054755 : EXECUTING
13:43:17 INFO  State of operation 20054755 : EXECUTING
13:43:19 INFO  State of operation 20054755 : EXECUTING
13:43:22 INFO  State of operation 20054755 : EXECUTING
13:43:24 INFO  State of operation 20054755 : EXECUTING
13:43:26 INFO  State of operation 20054755 : EXECUTING
13:43:28 INFO  State of operation 20054755 : EXECUTING
13:43:31 INFO  State of operation 20054755 : EXECUTING
13:43:33 INFO  State of operation 20054755 : EXECUTING
13:43:36 INFO  State of operation 20054755 : EXECUTING
13:43:38 INFO  State of operation 20054755 : EXECUTING
13:43:40 INFO  State of operation 20054755 : EXECUTING
13:43:43 INFO  State of operation 20054755 : EXECUTING
13:43:45 INFO  State of operation 20054755 : EXECUTING
13:43:47 INFO  State of operation 20054755 : EXECUTING
13:43:50 INFO  State of operation 20054755 : EXECUTING
13:43:52 INFO  State of operation 20054755 : SUCCESSFUL
13:43:52 INFO  Assert that (False == value) with value=False ... passed
13:43:52 INFO  Package asciijump is installed
13:43:52 INFO  Assert that (True == value) with value=True ... passed
13:43:52 INFO  Package squirrel3 is installed
13:43:52 INFO  Assert that (True == value) with value=True ... passed
13:43:53 INFO  Package robotfindskitten is installed
13:43:53 INFO  Assert that (True == value) with value=True ... passed
13:43:53 INFO  Response status: 201
13:43:53 INFO  Response to action: {
    &quot;creationTime&quot;: &quot;2022-06-08T13:43:53.390Z&quot;,
    &quot;deviceId&quot;: &quot;20013421&quot;,
    &quot;deviceName&quot;: &quot;m32sd10b&quot;,
    &quot;self&quot;: &quot;https://t493319102.eu-latest.cumulocity.com/devicecontrol/operations/20054768&quot;,
    &quot;id&quot;: &quot;20054768&quot;,
    &quot;status&quot;: &quot;PENDING&quot;,
    &quot;description&quot;: &quot;Apply software changes, triggered from PySys: [{'action': 'delete', 'id': '5475369', 'name': 'asciijump', 'url': ' ', 'version': '::apt'}, {'action': 'delete', 'id': '5474869', 'name': 'robotfindskitten', 'url': ' ', 'version': '::apt'}, {'action': 'delete', 'id': '5475279', 'name': 'squirrel3', 'url': ' ', 'version': '::apt'}]&quot;,
    &quot;c8y_SoftwareUpdate&quot;: [
        {
            &quot;name&quot;: &quot;asciijump&quot;,
            &quot;action&quot;: &quot;delete&quot;,
            &quot;id&quot;: &quot;5475369&quot;,
            &quot;version&quot;: &quot;::apt&quot;,
            &quot;url&quot;: &quot; &quot;
        },
        {
            &quot;name&quot;: &quot;robotfindskitten&quot;,
            &quot;action&quot;: &quot;delete&quot;,
            &quot;id&quot;: &quot;5474869&quot;,
            &quot;version&quot;: &quot;::apt&quot;,
            &quot;url&quot;: &quot; &quot;
        },
        {
            &quot;name&quot;: &quot;squirrel3&quot;,
            &quot;action&quot;: &quot;delete&quot;,
            &quot;id&quot;: &quot;5475279&quot;,
            &quot;version&quot;: &quot;::apt&quot;,
            &quot;url&quot;: &quot; &quot;
        }
    ]
}
13:43:53 INFO  Started operation: {'creationTime': '2022-06-08T13:43:53.390Z', 'deviceId': '20013421', 'deviceName': 'm32sd10b', 'self': 'https://t493319102.eu-latest.cumulocity.com/devicecontrol/operations/20054768', 'id': '20054768', 'status': 'PENDING', 'description': &quot;Apply software changes, triggered from PySys: [{'action': 'delete', 'id': '5475369', 'name': 'asciijump', 'url': ' ', 'version': '::apt'}, {'action': 'delete', 'id': '5474869', 'name': 'robotfindskitten', 'url': ' ', 'version': '::apt'}, {'action': 'delete', 'id': '5475279', 'name': 'squirrel3', 'url': ' ', 'version': '::apt'}]&quot;, 'c8y_SoftwareUpdate': [{'name': 'asciijump', 'action': 'delete', 'id': '5475369', 'version': '::apt', 'url': ' '}, {'name': 'robotfindskitten', 'action': 'delete', 'id': '5474869', 'version': '::apt', 'url': ' '}, {'name': 'squirrel3', 'action': 'delete', 'id': '5475279', 'version': '::apt', 'url': ' '}]}
13:43:55 INFO  State of operation 20054768 : PENDING
13:43:57 INFO  State of operation 20054768 : EXECUTING
13:44:00 INFO  State of operation 20054768 : EXECUTING
13:44:02 INFO  State of operation 20054768 : EXECUTING
13:44:04 INFO  State of operation 20054768 : EXECUTING
13:44:06 INFO  State of operation 20054768 : EXECUTING
13:44:09 INFO  State of operation 20054768 : EXECUTING
13:44:12 INFO  State of operation 20054768 : EXECUTING
13:44:15 INFO  State of operation 20054768 : EXECUTING
13:44:17 INFO  State of operation 20054768 : EXECUTING
13:44:19 INFO  State of operation 20054768 : EXECUTING
13:44:21 INFO  State of operation 20054768 : EXECUTING
13:44:24 INFO  State of operation 20054768 : EXECUTING
13:44:26 INFO  State of operation 20054768 : EXECUTING
13:44:28 INFO  State of operation 20054768 : EXECUTING
13:44:31 INFO  State of operation 20054768 : EXECUTING
13:44:33 INFO  State of operation 20054768 : EXECUTING
13:44:36 INFO  State of operation 20054768 : EXECUTING
13:44:38 INFO  State of operation 20054768 : EXECUTING
13:44:41 INFO  State of operation 20054768 : EXECUTING
13:44:43 INFO  State of operation 20054768 : EXECUTING
13:44:45 INFO  State of operation 20054768 : EXECUTING
13:44:47 INFO  State of operation 20054768 : EXECUTING
13:44:50 INFO  State of operation 20054768 : EXECUTING
13:44:52 INFO  State of operation 20054768 : EXECUTING
13:44:55 INFO  State of operation 20054768 : EXECUTING
13:44:57 INFO  State of operation 20054768 : EXECUTING
13:44:59 INFO  State of operation 20054768 : SUCCESSFUL
13:44:59 INFO  Assert that (False == value) with value=False ... passed
13:45:00 INFO  Assert that (False == value) with value=False ... passed
13:45:00 INFO  Assert that (False == value) with value=False ... passed
13:45:00 INFO  Assert that (False == value) with value=False ... passed
13:45:00 INFO  
13:45:00 INFO  cleanup:
13:45:04 INFO  Executed sudo&lt;tedge_disconnect_c8y&gt;, exit status 0
13:45:05 INFO  Executed systemctl&lt;serv_mapper5&gt;, exit status 3
13:45:05 INFO  
13:45:05 INFO  Test duration: 181.90 secs
13:45:05 INFO  Test final outcome:  FAILED
13:45:05 INFO  Test outcome reason: Assert that (False == value) with value=True
13:45:05 INFO  
</system-out>
	</testcase>
</testsuite>
