<?xml version="1.0" encoding="utf-8"?>
<testsuite failures="1" name="SoftwareManagement.sm_apt_install_remove_multiple" skipped="0" tests="1" time="181.65" timestamp="2022-07-16T18:01:09">
	<testcase classname="PySysTest" name="SoftwareManagement.sm_apt_install_remove_multiple">
		<failure message="FAILED: Assert that (False == value) with value=True" type="FAILED"/>
		<system-out>17:58:07 INFO  ==============================================================
17:58:07 INFO  Id:    SoftwareManagement.sm_apt_install_remove_multiple
17:58:07 INFO  Dir:   software_management_end_to_end/
17:58:07 INFO  Title: Validate end to end behaviour for the apt plugin for multiple packages
17:58:07 INFO  ==============================================================
17:58:07 INFO  Using sw id database: {'asciijump': '5475369', 'robotfindskitten': '5474869', 'squirrel3': '5475279', 'rolldice': '5152439', 'moon-buggy': '5439204', 'apple': '5495053', 'banana': '5494888', 'cherry': '5495382', 'watermelon': '5494510', 'registry': '8018911', 'hello-world': '8021526', 'docker/getting-started': '8021973', 'alpine': '7991792'}
17:58:07 INFO  EnvironmentC8y Setup
17:58:08 INFO  Executed systemctl&lt;serv_mapper1&gt;, exit status 3
17:58:08 INFO  Restarting mosquitto too frequently in the last 10 seconds. It was only up for 4 seconds
17:58:08 INFO  Delaying execution by 7 seconds
17:58:30 INFO  Executed sudo&lt;tedge_connect_c8y&gt;, exit status 0, duration 14 secs
17:58:30 INFO  Executed sudo&lt;tedge_connect_c8y_test&gt;, exit status 0
17:58:31 INFO  Executed systemctl&lt;serv_mosq2&gt;, exit status 0
17:58:31 INFO  Executed systemctl&lt;serv_mapper3&gt;, exit status 0
17:58:33 INFO  State of current operation: SUCCESSFUL
17:58:34 INFO  Assert that (False == value) with value=False ... passed
17:58:34 INFO  Assert that (False == value) with value=False ... passed
17:58:34 INFO  Assert that (False == value) with value=False ... passed
17:58:34 INFO  Package robotfindskitten is installed
17:58:34 WARN  Assert that (False == value) with value=True ... failed 
17:58:35 INFO  Response status: 201
17:58:35 INFO  Response to action: {
    &quot;creationTime&quot;: &quot;2022-07-16T17:58:35.084Z&quot;,
    &quot;deviceName&quot;: &quot;m32sd10b&quot;,
    &quot;deviceId&quot;: &quot;20961416&quot;,
    &quot;self&quot;: &quot;https://t493319102.eu-latest.cumulocity.com/devicecontrol/operations/20974200&quot;,
    &quot;id&quot;: &quot;20974200&quot;,
    &quot;status&quot;: &quot;PENDING&quot;,
    &quot;description&quot;: &quot;Apply software changes, triggered from PySys: [{'action': 'install', 'id': '5475369', 'name': 'asciijump', 'url': ' ', 'version': '::apt'}, {'action': 'install', 'id': '5474869', 'name': 'robotfindskitten', 'url': ' ', 'version': '::apt'}, {'action': 'install', 'id': '5475279', 'name': 'squirrel3', 'url': ' ', 'version': '::apt'}]&quot;,
    &quot;c8y_SoftwareUpdate&quot;: [
        {
            &quot;name&quot;: &quot;asciijump&quot;,
            &quot;action&quot;: &quot;install&quot;,
            &quot;id&quot;: &quot;5475369&quot;,
            &quot;version&quot;: &quot;::apt&quot;,
            &quot;url&quot;: &quot; &quot;
        },
        {
            &quot;name&quot;: &quot;robotfindskitten&quot;,
            &quot;action&quot;: &quot;install&quot;,
            &quot;id&quot;: &quot;5474869&quot;,
            &quot;version&quot;: &quot;::apt&quot;,
            &quot;url&quot;: &quot; &quot;
        },
        {
            &quot;name&quot;: &quot;squirrel3&quot;,
            &quot;action&quot;: &quot;install&quot;,
            &quot;id&quot;: &quot;5475279&quot;,
            &quot;version&quot;: &quot;::apt&quot;,
            &quot;url&quot;: &quot; &quot;
        }
    ]
}
17:58:35 INFO  Started operation: {'creationTime': '2022-07-16T17:58:35.084Z', 'deviceName': 'm32sd10b', 'deviceId': '20961416', 'self': 'https://t493319102.eu-latest.cumulocity.com/devicecontrol/operations/20974200', 'id': '20974200', 'status': 'PENDING', 'description': &quot;Apply software changes, triggered from PySys: [{'action': 'install', 'id': '5475369', 'name': 'asciijump', 'url': ' ', 'version': '::apt'}, {'action': 'install', 'id': '5474869', 'name': 'robotfindskitten', 'url': ' ', 'version': '::apt'}, {'action': 'install', 'id': '5475279', 'name': 'squirrel3', 'url': ' ', 'version': '::apt'}]&quot;, 'c8y_SoftwareUpdate': [{'name': 'asciijump', 'action': 'install', 'id': '5475369', 'version': '::apt', 'url': ' '}, {'name': 'robotfindskitten', 'action': 'install', 'id': '5474869', 'version': '::apt', 'url': ' '}, {'name': 'squirrel3', 'action': 'install', 'id': '5475279', 'version': '::apt', 'url': ' '}]}
17:58:37 INFO  State of operation 20974200 : PENDING
17:58:39 INFO  State of operation 20974200 : EXECUTING
17:58:41 INFO  State of operation 20974200 : EXECUTING
17:58:44 INFO  State of operation 20974200 : EXECUTING
17:58:46 INFO  State of operation 20974200 : EXECUTING
17:58:48 INFO  State of operation 20974200 : EXECUTING
17:58:51 INFO  State of operation 20974200 : EXECUTING
17:58:54 INFO  State of operation 20974200 : EXECUTING
17:58:56 INFO  State of operation 20974200 : EXECUTING
17:58:58 INFO  State of operation 20974200 : EXECUTING
17:59:01 INFO  State of operation 20974200 : EXECUTING
17:59:03 INFO  State of operation 20974200 : EXECUTING
17:59:05 INFO  State of operation 20974200 : EXECUTING
17:59:07 INFO  State of operation 20974200 : EXECUTING
17:59:09 INFO  State of operation 20974200 : EXECUTING
17:59:12 INFO  State of operation 20974200 : EXECUTING
17:59:14 INFO  State of operation 20974200 : EXECUTING
17:59:16 INFO  State of operation 20974200 : EXECUTING
17:59:19 INFO  State of operation 20974200 : EXECUTING
17:59:21 INFO  State of operation 20974200 : EXECUTING
17:59:23 INFO  State of operation 20974200 : EXECUTING
17:59:26 INFO  State of operation 20974200 : EXECUTING
17:59:28 INFO  State of operation 20974200 : EXECUTING
17:59:31 INFO  State of operation 20974200 : EXECUTING
17:59:33 INFO  State of operation 20974200 : EXECUTING
17:59:35 INFO  State of operation 20974200 : EXECUTING
17:59:38 INFO  State of operation 20974200 : EXECUTING
17:59:40 INFO  State of operation 20974200 : EXECUTING
17:59:42 INFO  State of operation 20974200 : EXECUTING
17:59:45 INFO  State of operation 20974200 : EXECUTING
17:59:47 INFO  State of operation 20974200 : EXECUTING
17:59:49 INFO  State of operation 20974200 : EXECUTING
17:59:51 INFO  State of operation 20974200 : EXECUTING
17:59:54 INFO  State of operation 20974200 : EXECUTING
17:59:56 INFO  State of operation 20974200 : SUCCESSFUL
17:59:56 INFO  Assert that (False == value) with value=False ... passed
17:59:56 INFO  Package asciijump is installed
17:59:56 INFO  Assert that (True == value) with value=True ... passed
17:59:57 INFO  Package squirrel3 is installed
17:59:57 INFO  Assert that (True == value) with value=True ... passed
17:59:57 INFO  Package robotfindskitten is installed
17:59:57 INFO  Assert that (True == value) with value=True ... passed
17:59:57 INFO  Response status: 201
17:59:57 INFO  Response to action: {
    &quot;creationTime&quot;: &quot;2022-07-16T17:59:57.483Z&quot;,
    &quot;deviceName&quot;: &quot;m32sd10b&quot;,
    &quot;deviceId&quot;: &quot;20961416&quot;,
    &quot;self&quot;: &quot;https://t493319102.eu-latest.cumulocity.com/devicecontrol/operations/20974214&quot;,
    &quot;id&quot;: &quot;20974214&quot;,
    &quot;status&quot;: &quot;PENDING&quot;,
    &quot;description&quot;: &quot;Apply software changes, triggered from PySys: [{'action': 'delete', 'id': '5475369', 'name': 'asciijump', 'url': ' ', 'version': '::apt'}, {'action': 'delete', 'id': '5474869', 'name': 'robotfindskitten', 'url': ' ', 'version': '::apt'}, {'action': 'delete', 'id': '5475279', 'name': 'squirrel3', 'url': ' ', 'version': '::apt'}]&quot;,
    &quot;c8y_SoftwareUpdate&quot;: [
        {
            &quot;name&quot;: &quot;asciijump&quot;,
            &quot;action&quot;: &quot;delete&quot;,
            &quot;id&quot;: &quot;5475369&quot;,
            &quot;version&quot;: &quot;::apt&quot;,
            &quot;url&quot;: &quot; &quot;
        },
        {
            &quot;name&quot;: &quot;robotfindskitten&quot;,
            &quot;action&quot;: &quot;delete&quot;,
            &quot;id&quot;: &quot;5474869&quot;,
            &quot;version&quot;: &quot;::apt&quot;,
            &quot;url&quot;: &quot; &quot;
        },
        {
            &quot;name&quot;: &quot;squirrel3&quot;,
            &quot;action&quot;: &quot;delete&quot;,
            &quot;id&quot;: &quot;5475279&quot;,
            &quot;version&quot;: &quot;::apt&quot;,
            &quot;url&quot;: &quot; &quot;
        }
    ]
}
17:59:57 INFO  Started operation: {'creationTime': '2022-07-16T17:59:57.483Z', 'deviceName': 'm32sd10b', 'deviceId': '20961416', 'self': 'https://t493319102.eu-latest.cumulocity.com/devicecontrol/operations/20974214', 'id': '20974214', 'status': 'PENDING', 'description': &quot;Apply software changes, triggered from PySys: [{'action': 'delete', 'id': '5475369', 'name': 'asciijump', 'url': ' ', 'version': '::apt'}, {'action': 'delete', 'id': '5474869', 'name': 'robotfindskitten', 'url': ' ', 'version': '::apt'}, {'action': 'delete', 'id': '5475279', 'name': 'squirrel3', 'url': ' ', 'version': '::apt'}]&quot;, 'c8y_SoftwareUpdate': [{'name': 'asciijump', 'action': 'delete', 'id': '5475369', 'version': '::apt', 'url': ' '}, {'name': 'robotfindskitten', 'action': 'delete', 'id': '5474869', 'version': '::apt', 'url': ' '}, {'name': 'squirrel3', 'action': 'delete', 'id': '5475279', 'version': '::apt', 'url': ' '}]}
17:59:59 INFO  State of operation 20974214 : PENDING
18:00:02 INFO  State of operation 20974214 : EXECUTING
18:00:04 INFO  State of operation 20974214 : EXECUTING
18:00:06 INFO  State of operation 20974214 : EXECUTING
18:00:08 INFO  State of operation 20974214 : EXECUTING
18:00:11 INFO  State of operation 20974214 : EXECUTING
18:00:13 INFO  State of operation 20974214 : EXECUTING
18:00:16 INFO  State of operation 20974214 : EXECUTING
18:00:19 INFO  State of operation 20974214 : EXECUTING
18:00:21 INFO  State of operation 20974214 : EXECUTING
18:00:23 INFO  State of operation 20974214 : EXECUTING
18:00:25 INFO  State of operation 20974214 : EXECUTING
18:00:28 INFO  State of operation 20974214 : EXECUTING
18:00:30 INFO  State of operation 20974214 : EXECUTING
18:00:32 INFO  State of operation 20974214 : EXECUTING
18:00:35 INFO  State of operation 20974214 : EXECUTING
18:00:37 INFO  State of operation 20974214 : EXECUTING
18:00:40 INFO  State of operation 20974214 : EXECUTING
18:00:42 INFO  State of operation 20974214 : EXECUTING
18:00:44 INFO  State of operation 20974214 : EXECUTING
18:00:46 INFO  State of operation 20974214 : EXECUTING
18:00:49 INFO  State of operation 20974214 : EXECUTING
18:00:51 INFO  State of operation 20974214 : EXECUTING
18:00:53 INFO  State of operation 20974214 : EXECUTING
18:00:56 INFO  State of operation 20974214 : EXECUTING
18:00:58 INFO  State of operation 20974214 : EXECUTING
18:01:01 INFO  State of operation 20974214 : EXECUTING
18:01:03 INFO  State of operation 20974214 : SUCCESSFUL
18:01:03 INFO  Assert that (False == value) with value=False ... passed
18:01:04 INFO  Assert that (False == value) with value=False ... passed
18:01:04 INFO  Assert that (False == value) with value=False ... passed
18:01:04 INFO  Assert that (False == value) with value=False ... passed
18:01:04 INFO  
18:01:04 INFO  cleanup:
18:01:08 INFO  Executed sudo&lt;tedge_disconnect_c8y&gt;, exit status 0
18:01:09 INFO  Executed systemctl&lt;serv_mapper5&gt;, exit status 3
18:01:09 INFO  
18:01:09 INFO  Test duration: 181.65 secs
18:01:09 INFO  Test final outcome:  FAILED
18:01:09 INFO  Test outcome reason: Assert that (False == value) with value=True
18:01:09 INFO  
</system-out>
	</testcase>
</testsuite>
