<?xml version="1.0" encoding="utf-8"?>
<testsuite failures="1" name="SoftwareManagement.sm_apt_install_fail" skipped="0" tests="1" time="165.61" timestamp="2022-05-23T13:58:40">
	<testcase classname="PySysTest" name="SoftwareManagement.sm_apt_install_fail">
		<failure message="BLOCKED: SystemError: Timeout while waiting for status FAILED or SUCCESSFUL" type="BLOCKED"/>
		<system-out>13:55:55 INFO  ==============================================================
13:55:55 INFO  Id:    SoftwareManagement.sm_apt_install_fail
13:55:55 INFO  Dir:   software_management_end_to_end/
13:55:55 INFO  Title: Validate end to end behaviour for a failing installation
13:55:55 INFO  ==============================================================
13:55:55 INFO  Using sw id database: {'asciijump': '5475369', 'robotfindskitten': '5474869', 'squirrel3': '5475279', 'rolldice': '5152439', 'moon-buggy': '5439204', 'apple': '5495053', 'banana': '5494888', 'cherry': '5495382', 'watermelon': '5494510', 'registry': '8018911', 'hello-world': '8021526', 'docker/getting-started': '8021973', 'alpine': '7991792'}
13:55:55 INFO  EnvironmentC8y Setup
13:55:55 INFO  Executed systemctl&lt;serv_mapper1&gt;, exit status 3
13:55:55 INFO  Restarting mosquitto too frequently in the last 10 seconds. It was only up for 5 seconds
13:55:55 INFO  Delaying execution by 6 seconds
13:56:16 INFO  Executed sudo&lt;tedge_connect_c8y&gt;, exit status 0, duration 14 secs
13:56:16 INFO  Executed sudo&lt;tedge_connect_c8y_test&gt;, exit status 0
13:56:17 INFO  Executed systemctl&lt;serv_mosq2&gt;, exit status 0
13:56:17 INFO  Executed systemctl&lt;serv_mapper3&gt;, exit status 0
13:56:19 INFO  State of current operation: PENDING
13:56:22 INFO  State of current operation: PENDING
13:56:24 INFO  State of current operation: PENDING
13:56:26 INFO  State of current operation: PENDING
13:56:28 INFO  State of current operation: PENDING
13:56:31 INFO  State of current operation: PENDING
13:56:33 INFO  State of current operation: PENDING
13:56:35 INFO  State of current operation: PENDING
13:56:37 INFO  State of current operation: PENDING
13:56:39 INFO  State of current operation: PENDING
13:56:42 INFO  State of current operation: PENDING
13:56:44 INFO  State of current operation: PENDING
13:56:46 INFO  State of current operation: PENDING
13:56:48 INFO  State of current operation: PENDING
13:56:51 INFO  State of current operation: PENDING
13:56:53 INFO  State of current operation: PENDING
13:56:55 INFO  State of current operation: PENDING
13:56:57 INFO  State of current operation: PENDING
13:57:00 INFO  State of current operation: PENDING
13:57:02 INFO  State of current operation: PENDING
13:57:04 INFO  State of current operation: PENDING
13:57:06 INFO  State of current operation: PENDING
13:57:08 INFO  State of current operation: PENDING
13:57:11 INFO  State of current operation: PENDING
13:57:13 INFO  State of current operation: PENDING
13:57:15 INFO  State of current operation: PENDING
13:57:17 INFO  State of current operation: PENDING
13:57:20 INFO  State of current operation: PENDING
13:57:22 INFO  State of current operation: PENDING
13:57:24 INFO  State of current operation: PENDING
13:57:26 INFO  State of current operation: PENDING
13:57:29 INFO  State of current operation: PENDING
13:57:31 INFO  State of current operation: PENDING
13:57:33 INFO  State of current operation: PENDING
13:57:36 INFO  State of current operation: PENDING
13:57:38 INFO  State of current operation: PENDING
13:57:40 INFO  State of current operation: PENDING
13:57:42 INFO  State of current operation: PENDING
13:57:44 INFO  State of current operation: PENDING
13:57:47 INFO  State of current operation: PENDING
13:57:49 INFO  State of current operation: PENDING
13:57:51 INFO  State of current operation: PENDING
13:57:53 INFO  State of current operation: PENDING
13:57:56 INFO  State of current operation: PENDING
13:57:58 INFO  State of current operation: PENDING
13:58:00 INFO  State of current operation: PENDING
13:58:02 INFO  State of current operation: PENDING
13:58:05 INFO  State of current operation: PENDING
13:58:07 INFO  State of current operation: PENDING
13:58:09 INFO  State of current operation: PENDING
13:58:11 INFO  State of current operation: PENDING
13:58:14 INFO  State of current operation: PENDING
13:58:16 INFO  State of current operation: PENDING
13:58:18 INFO  State of current operation: PENDING
13:58:20 INFO  State of current operation: PENDING
13:58:22 INFO  State of current operation: PENDING
13:58:25 INFO  State of current operation: PENDING
13:58:27 INFO  State of current operation: PENDING
13:58:29 INFO  State of current operation: PENDING
13:58:31 INFO  State of current operation: PENDING
13:58:34 INFO  State of current operation: PENDING
13:58:36 WARN  SystemError occurred while running test - Timeout while waiting for status FAILED or SUCCESSFUL
Traceback (most recent call last):
  File &quot;/home/pi/env-pysys/lib/python3.7/site-packages/pysys/baserunner.py&quot;, line 1292, in __call__
    self.testObj.setup()
  File &quot;/home/pi/actions-runner/_work/thin-edge.io/thin-edge.io/tests/PySys/software_management_end_to_end/sm_apt_install_fail/run.py&quot;, line 20, in setup
    super().setup()
  File &quot;/home/pi/actions-runner/_work/thin-edge.io/thin-edge.io/tests/PySys/software_management_end_to_end/environment_sm_management.py&quot;, line 151, in setup
    self.wait_until_end()
  File &quot;/home/pi/actions-runner/_work/thin-edge.io/thin-edge.io/tests/PySys/software_management_end_to_end/environment_sm_management.py&quot;, line 332, in wait_until_end
    self.wait_until_status(&quot;FAILED&quot;, &quot;SUCCESSFUL&quot;)
  File &quot;/home/pi/actions-runner/_work/thin-edge.io/thin-edge.io/tests/PySys/software_management_end_to_end/environment_sm_management.py&quot;, line 381, in wait_until_status
    &quot;Timeout while waiting for status %s or %s&quot; % (status, status2)
SystemError: Timeout while waiting for status FAILED or SUCCESSFUL
13:58:36 WARN  SystemError: Timeout while waiting for status FAILED or SUCCESSFUL ... blocked 
13:58:36 INFO  
13:58:36 INFO  cleanup:
13:58:40 INFO  Executed sudo&lt;tedge_disconnect_c8y&gt;, exit status 0
13:58:40 INFO  Executed systemctl&lt;serv_mapper5&gt;, exit status 3
13:58:40 INFO  
13:58:40 INFO  Test duration: 165.61 secs
13:58:40 INFO  Test final outcome:  BLOCKED
13:58:40 INFO  Test outcome reason: SystemError: Timeout while waiting for status FAILED or SUCCESSFUL
13:58:40 INFO  
</system-out>
	</testcase>
</testsuite>
