<?xml version="1.0" encoding="utf-8"?>
<testsuite failures="0" name="apt_prepare" skipped="0" tests="1" time="18.83" timestamp="2022-07-22T09:43:52">
	<testcase classname="AptPluginPrepare" name="apt_prepare"/>
</testsuite>
