<?xml version="1.0" encoding="utf-8"?>
<testsuite failures="1" name="SoftwareManagement.sm_apt_install_remove_multiple_mixed" skipped="0" tests="1" time="166.42" timestamp="2022-05-24T11:33:03">
	<testcase classname="PySysTest" name="SoftwareManagement.sm_apt_install_remove_multiple_mixed">
		<failure message="BLOCKED: SystemError: Timeout while waiting for status FAILED or SUCCESSFUL" type="BLOCKED"/>
		<system-out>11:30:16 INFO  ==============================================================
11:30:16 INFO  Id:    SoftwareManagement.sm_apt_install_remove_multiple_mixed
11:30:16 INFO  Dir:   software_management_end_to_end/
11:30:16 INFO  Title: Validate end to end behaviour for the apt plugin for multiple packages with mixed versions
11:30:16 INFO  ==============================================================
11:30:16 INFO  Using sw id database: {'asciijump': '5475369', 'robotfindskitten': '5474869', 'squirrel3': '5475279', 'rolldice': '5152439', 'moon-buggy': '5439204', 'apple': '5495053', 'banana': '5494888', 'cherry': '5495382', 'watermelon': '5494510', 'registry': '8018911', 'hello-world': '8021526', 'docker/getting-started': '8021973', 'alpine': '7991792'}
11:30:16 INFO  EnvironmentC8y Setup
11:30:17 INFO  Executed systemctl&lt;serv_mapper1&gt;, exit status 3
11:30:17 INFO  Restarting mosquitto too frequently in the last 10 seconds. It was only up for 4 seconds
11:30:17 INFO  Delaying execution by 7 seconds
11:30:38 INFO  Executed sudo&lt;tedge_connect_c8y&gt;, exit status 0, duration 14 secs
11:30:39 INFO  Executed sudo&lt;tedge_connect_c8y_test&gt;, exit status 0
11:30:39 INFO  Executed systemctl&lt;serv_mosq2&gt;, exit status 0
11:30:40 INFO  Executed systemctl&lt;serv_mapper3&gt;, exit status 0
11:30:42 INFO  State of current operation: PENDING
11:30:44 INFO  State of current operation: PENDING
11:30:46 INFO  State of current operation: PENDING
11:30:49 INFO  State of current operation: PENDING
11:30:51 INFO  State of current operation: PENDING
11:30:53 INFO  State of current operation: PENDING
11:30:55 INFO  State of current operation: PENDING
11:30:57 INFO  State of current operation: PENDING
11:31:00 INFO  State of current operation: PENDING
11:31:02 INFO  State of current operation: PENDING
11:31:04 INFO  State of current operation: PENDING
11:31:06 INFO  State of current operation: PENDING
11:31:09 INFO  State of current operation: PENDING
11:31:11 INFO  State of current operation: PENDING
11:31:13 INFO  State of current operation: PENDING
11:31:15 INFO  State of current operation: PENDING
11:31:18 INFO  State of current operation: PENDING
11:31:20 INFO  State of current operation: PENDING
11:31:22 INFO  State of current operation: PENDING
11:31:24 INFO  State of current operation: PENDING
11:31:26 INFO  State of current operation: PENDING
11:31:29 INFO  State of current operation: PENDING
11:31:31 INFO  State of current operation: PENDING
11:31:33 INFO  State of current operation: PENDING
11:31:36 INFO  State of current operation: PENDING
11:31:38 INFO  State of current operation: PENDING
11:31:40 INFO  State of current operation: PENDING
11:31:42 INFO  State of current operation: PENDING
11:31:44 INFO  State of current operation: PENDING
11:31:47 INFO  State of current operation: PENDING
11:31:49 INFO  State of current operation: PENDING
11:31:51 INFO  State of current operation: PENDING
11:31:53 INFO  State of current operation: PENDING
11:31:56 INFO  State of current operation: PENDING
11:31:58 INFO  State of current operation: PENDING
11:32:00 INFO  State of current operation: PENDING
11:32:02 INFO  State of current operation: PENDING
11:32:05 INFO  State of current operation: PENDING
11:32:07 INFO  State of current operation: PENDING
11:32:09 INFO  State of current operation: PENDING
11:32:11 INFO  State of current operation: PENDING
11:32:14 INFO  State of current operation: PENDING
11:32:16 INFO  State of current operation: PENDING
11:32:18 INFO  State of current operation: PENDING
11:32:20 INFO  State of current operation: PENDING
11:32:22 INFO  State of current operation: PENDING
11:32:25 INFO  State of current operation: PENDING
11:32:27 INFO  State of current operation: PENDING
11:32:29 INFO  State of current operation: PENDING
11:32:31 INFO  State of current operation: PENDING
11:32:34 INFO  State of current operation: PENDING
11:32:36 INFO  State of current operation: PENDING
11:32:38 INFO  State of current operation: PENDING
11:32:40 INFO  State of current operation: PENDING
11:32:43 INFO  State of current operation: PENDING
11:32:45 INFO  State of current operation: PENDING
11:32:47 INFO  State of current operation: PENDING
11:32:49 INFO  State of current operation: PENDING
11:32:51 INFO  State of current operation: PENDING
11:32:54 INFO  State of current operation: PENDING
11:32:56 INFO  State of current operation: PENDING
11:32:58 WARN  SystemError occurred while running test - Timeout while waiting for status FAILED or SUCCESSFUL
Traceback (most recent call last):
  File &quot;/home/pi/env-pysys/lib/python3.7/site-packages/pysys/baserunner.py&quot;, line 1292, in __call__
    self.testObj.setup()
  File &quot;/home/pi/actions-runner/_work/thin-edge.io/thin-edge.io/tests/PySys/software_management_end_to_end/sm_apt_install_remove_multiple_mixed/run.py&quot;, line 73, in setup
    super().setup()
  File &quot;/home/pi/actions-runner/_work/thin-edge.io/thin-edge.io/tests/PySys/software_management_end_to_end/environment_sm_management.py&quot;, line 151, in setup
    self.wait_until_end()
  File &quot;/home/pi/actions-runner/_work/thin-edge.io/thin-edge.io/tests/PySys/software_management_end_to_end/environment_sm_management.py&quot;, line 332, in wait_until_end
    self.wait_until_status(&quot;FAILED&quot;, &quot;SUCCESSFUL&quot;)
  File &quot;/home/pi/actions-runner/_work/thin-edge.io/thin-edge.io/tests/PySys/software_management_end_to_end/environment_sm_management.py&quot;, line 381, in wait_until_status
    &quot;Timeout while waiting for status %s or %s&quot; % (status, status2)
SystemError: Timeout while waiting for status FAILED or SUCCESSFUL
11:32:58 WARN  SystemError: Timeout while waiting for status FAILED or SUCCESSFUL ... blocked 
11:32:58 INFO  
11:32:58 INFO  cleanup:
11:33:02 INFO  Executed sudo&lt;tedge_disconnect_c8y&gt;, exit status 0
11:33:03 INFO  Executed systemctl&lt;serv_mapper5&gt;, exit status 3
11:33:03 INFO  
11:33:03 INFO  Test duration: 166.42 secs
11:33:03 INFO  Test final outcome:  BLOCKED
11:33:03 INFO  Test outcome reason: SystemError: Timeout while waiting for status FAILED or SUCCESSFUL
11:33:03 INFO  
</system-out>
	</testcase>
</testsuite>
