<?xml version="1.0" encoding="utf-8"?>
<testsuite failures="0" name="apt_finalize" skipped="0" tests="1" time="150.53" timestamp="2022-07-15T07:58:23">
	<testcase classname="AptPluginFinalize" name="apt_finalize"/>
</testsuite>
