<?xml version="1.0" encoding="utf-8"?>
<testsuite failures="0" name="apt_prepare" skipped="0" tests="1" time="43.01" timestamp="2022-06-15T11:17:31">
	<testcase classname="AptPluginPrepare" name="apt_prepare"/>
</testsuite>
