<?xml version="1.0" encoding="utf-8"?>
<testsuite failures="1" name="SoftwareManagement.sm_apt_install_remove_multiple" skipped="0" tests="1" time="165.81" timestamp="2022-05-23T14:06:58">
	<testcase classname="PySysTest" name="SoftwareManagement.sm_apt_install_remove_multiple">
		<failure message="BLOCKED: SystemError: Timeout while waiting for status FAILED or SUCCESSFUL" type="BLOCKED"/>
		<system-out>14:04:12 INFO  ==============================================================
14:04:12 INFO  Id:    SoftwareManagement.sm_apt_install_remove_multiple
14:04:12 INFO  Dir:   software_management_end_to_end/
14:04:12 INFO  Title: Validate end to end behaviour for the apt plugin for multiple packages
14:04:12 INFO  ==============================================================
14:04:12 INFO  Using sw id database: {'asciijump': '5475369', 'robotfindskitten': '5474869', 'squirrel3': '5475279', 'rolldice': '5152439', 'moon-buggy': '5439204', 'apple': '5495053', 'banana': '5494888', 'cherry': '5495382', 'watermelon': '5494510', 'registry': '8018911', 'hello-world': '8021526', 'docker/getting-started': '8021973', 'alpine': '7991792'}
14:04:12 INFO  EnvironmentC8y Setup
14:04:12 INFO  Executed systemctl&lt;serv_mapper1&gt;, exit status 3
14:04:13 INFO  Restarting mosquitto too frequently in the last 10 seconds. It was only up for 5 seconds
14:04:13 INFO  Delaying execution by 6 seconds
14:04:33 INFO  Executed sudo&lt;tedge_connect_c8y&gt;, exit status 0, duration 14 secs
14:04:33 INFO  Executed sudo&lt;tedge_connect_c8y_test&gt;, exit status 0
14:04:34 INFO  Executed systemctl&lt;serv_mosq2&gt;, exit status 0
14:04:34 INFO  Executed systemctl&lt;serv_mapper3&gt;, exit status 0
14:04:36 INFO  State of current operation: PENDING
14:04:39 INFO  State of current operation: PENDING
14:04:41 INFO  State of current operation: PENDING
14:04:43 INFO  State of current operation: PENDING
14:04:45 INFO  State of current operation: PENDING
14:04:48 INFO  State of current operation: PENDING
14:04:50 INFO  State of current operation: PENDING
14:04:52 INFO  State of current operation: PENDING
14:04:54 INFO  State of current operation: PENDING
14:04:57 INFO  State of current operation: PENDING
14:04:59 INFO  State of current operation: PENDING
14:05:01 INFO  State of current operation: PENDING
14:05:03 INFO  State of current operation: PENDING
14:05:05 INFO  State of current operation: PENDING
14:05:08 INFO  State of current operation: PENDING
14:05:10 INFO  State of current operation: PENDING
14:05:12 INFO  State of current operation: PENDING
14:05:14 INFO  State of current operation: PENDING
14:05:17 INFO  State of current operation: PENDING
14:05:19 INFO  State of current operation: PENDING
14:05:21 INFO  State of current operation: PENDING
14:05:23 INFO  State of current operation: PENDING
14:05:26 INFO  State of current operation: PENDING
14:05:28 INFO  State of current operation: PENDING
14:05:30 INFO  State of current operation: PENDING
14:05:32 INFO  State of current operation: PENDING
14:05:35 INFO  State of current operation: PENDING
14:05:37 INFO  State of current operation: PENDING
14:05:39 INFO  State of current operation: PENDING
14:05:41 INFO  State of current operation: PENDING
14:05:44 INFO  State of current operation: PENDING
14:05:46 INFO  State of current operation: PENDING
14:05:48 INFO  State of current operation: PENDING
14:05:50 INFO  State of current operation: PENDING
14:05:53 INFO  State of current operation: PENDING
14:05:55 INFO  State of current operation: PENDING
14:05:57 INFO  State of current operation: PENDING
14:05:59 INFO  State of current operation: PENDING
14:06:01 INFO  State of current operation: PENDING
14:06:04 INFO  State of current operation: PENDING
14:06:06 INFO  State of current operation: PENDING
14:06:08 INFO  State of current operation: PENDING
14:06:11 INFO  State of current operation: PENDING
14:06:13 INFO  State of current operation: PENDING
14:06:15 INFO  State of current operation: PENDING
14:06:17 INFO  State of current operation: PENDING
14:06:19 INFO  State of current operation: PENDING
14:06:22 INFO  State of current operation: PENDING
14:06:24 INFO  State of current operation: PENDING
14:06:26 INFO  State of current operation: PENDING
14:06:28 INFO  State of current operation: PENDING
14:06:31 INFO  State of current operation: PENDING
14:06:33 INFO  State of current operation: PENDING
14:06:35 INFO  State of current operation: PENDING
14:06:38 INFO  State of current operation: PENDING
14:06:40 INFO  State of current operation: PENDING
14:06:42 INFO  State of current operation: PENDING
14:06:44 INFO  State of current operation: PENDING
14:06:46 INFO  State of current operation: PENDING
14:06:49 INFO  State of current operation: PENDING
14:06:51 INFO  State of current operation: PENDING
14:06:53 WARN  SystemError occurred while running test - Timeout while waiting for status FAILED or SUCCESSFUL
Traceback (most recent call last):
  File &quot;/home/pi/env-pysys/lib/python3.7/site-packages/pysys/baserunner.py&quot;, line 1292, in __call__
    self.testObj.setup()
  File &quot;/home/pi/actions-runner/_work/thin-edge.io/thin-edge.io/tests/PySys/software_management_end_to_end/sm_apt_install_remove_multiple/run.py&quot;, line 52, in setup
    super().setup()
  File &quot;/home/pi/actions-runner/_work/thin-edge.io/thin-edge.io/tests/PySys/software_management_end_to_end/environment_sm_management.py&quot;, line 151, in setup
    self.wait_until_end()
  File &quot;/home/pi/actions-runner/_work/thin-edge.io/thin-edge.io/tests/PySys/software_management_end_to_end/environment_sm_management.py&quot;, line 332, in wait_until_end
    self.wait_until_status(&quot;FAILED&quot;, &quot;SUCCESSFUL&quot;)
  File &quot;/home/pi/actions-runner/_work/thin-edge.io/thin-edge.io/tests/PySys/software_management_end_to_end/environment_sm_management.py&quot;, line 381, in wait_until_status
    &quot;Timeout while waiting for status %s or %s&quot; % (status, status2)
SystemError: Timeout while waiting for status FAILED or SUCCESSFUL
14:06:53 WARN  SystemError: Timeout while waiting for status FAILED or SUCCESSFUL ... blocked 
14:06:53 INFO  
14:06:53 INFO  cleanup:
14:06:57 INFO  Executed sudo&lt;tedge_disconnect_c8y&gt;, exit status 0
14:06:58 INFO  Executed systemctl&lt;serv_mapper5&gt;, exit status 3
14:06:58 INFO  
14:06:58 INFO  Test duration: 165.81 secs
14:06:58 INFO  Test final outcome:  BLOCKED
14:06:58 INFO  Test outcome reason: SystemError: Timeout while waiting for status FAILED or SUCCESSFUL
14:06:58 INFO  
</system-out>
	</testcase>
</testsuite>
