<?xml version="1.0" encoding="utf-8"?>
<testsuite failures="1" name="SoftwareManagement.sm_apt_install_download_path" skipped="0" tests="1" time="189.97" timestamp="2022-05-23T15:34:08">
	<testcase classname="AptInstallWithDownloadPath" name="SoftwareManagement.sm_apt_install_download_path">
		<failure message="BLOCKED: SystemError: Timeout while waiting for status FAILED or SUCCESSFUL" type="BLOCKED"/>
		<system-out>15:30:59 INFO  ==============================================================
15:30:59 INFO  Id:    SoftwareManagement.sm_apt_install_download_path
15:30:59 INFO  Dir:   software_management_end_to_end/
15:30:59 INFO  Title: Install package to directory specified in tedge config set tmp.path
15:30:59 INFO  ==============================================================
15:30:59 INFO  Using sw id database: {'asciijump': '5475369', 'robotfindskitten': '5474869', 'squirrel3': '5475279', 'rolldice': '5152439', 'moon-buggy': '5439204', 'apple': '5495053', 'banana': '5494888', 'cherry': '5495382', 'watermelon': '5494510', 'registry': '8018911', 'hello-world': '8021526', 'docker/getting-started': '8021973', 'alpine': '7991792'}
15:30:59 INFO  EnvironmentC8y Setup
15:30:59 INFO  Executed systemctl&lt;serv_mapper1&gt;, exit status 3
15:31:14 INFO  Executed sudo&lt;tedge_connect_c8y&gt;, exit status 0, duration 14 secs
15:31:16 INFO  Executed sudo&lt;tedge_connect_c8y_test&gt;, exit status 0
15:31:17 INFO  Executed systemctl&lt;serv_mosq2&gt;, exit status 0
15:31:18 INFO  Executed systemctl&lt;serv_mapper3&gt;, exit status 0
15:31:20 INFO  State of current operation: PENDING
15:31:22 INFO  State of current operation: PENDING
15:31:24 INFO  State of current operation: PENDING
15:31:27 INFO  State of current operation: PENDING
15:31:29 INFO  State of current operation: PENDING
15:31:31 INFO  State of current operation: PENDING
15:31:33 INFO  State of current operation: PENDING
15:31:35 INFO  State of current operation: PENDING
15:31:38 INFO  State of current operation: PENDING
15:31:40 INFO  State of current operation: PENDING
15:31:42 INFO  State of current operation: PENDING
15:31:44 INFO  State of current operation: PENDING
15:31:47 INFO  State of current operation: PENDING
15:31:49 INFO  State of current operation: PENDING
15:31:51 INFO  State of current operation: PENDING
15:31:53 INFO  State of current operation: PENDING
15:31:55 INFO  State of current operation: PENDING
15:31:58 INFO  State of current operation: PENDING
15:32:00 INFO  State of current operation: PENDING
15:32:02 INFO  State of current operation: PENDING
15:32:04 INFO  State of current operation: PENDING
15:32:07 INFO  State of current operation: PENDING
15:32:09 INFO  State of current operation: PENDING
15:32:11 INFO  State of current operation: PENDING
15:32:13 INFO  State of current operation: PENDING
15:32:16 INFO  State of current operation: PENDING
15:32:18 INFO  State of current operation: PENDING
15:32:20 INFO  State of current operation: PENDING
15:32:22 INFO  State of current operation: PENDING
15:32:24 INFO  State of current operation: PENDING
15:32:27 INFO  State of current operation: PENDING
15:32:29 INFO  State of current operation: PENDING
15:32:31 INFO  State of current operation: PENDING
15:32:33 INFO  State of current operation: PENDING
15:32:36 INFO  State of current operation: PENDING
15:32:38 INFO  State of current operation: PENDING
15:32:40 INFO  State of current operation: PENDING
15:32:42 INFO  State of current operation: PENDING
15:32:45 INFO  State of current operation: PENDING
15:32:47 INFO  State of current operation: PENDING
15:32:49 INFO  State of current operation: PENDING
15:32:51 INFO  State of current operation: PENDING
15:32:53 INFO  State of current operation: PENDING
15:32:56 INFO  State of current operation: PENDING
15:32:58 INFO  State of current operation: PENDING
15:33:00 INFO  State of current operation: PENDING
15:33:02 INFO  State of current operation: PENDING
15:33:05 INFO  State of current operation: PENDING
15:33:07 INFO  State of current operation: PENDING
15:33:09 INFO  State of current operation: PENDING
15:33:11 INFO  State of current operation: PENDING
15:33:14 INFO  State of current operation: PENDING
15:33:16 INFO  State of current operation: PENDING
15:33:18 INFO  State of current operation: PENDING
15:33:20 INFO  State of current operation: PENDING
15:33:22 INFO  State of current operation: PENDING
15:33:25 INFO  State of current operation: PENDING
15:33:27 INFO  State of current operation: PENDING
15:33:29 INFO  State of current operation: PENDING
15:33:31 INFO  State of current operation: PENDING
15:33:34 INFO  State of current operation: PENDING
15:33:36 WARN  SystemError occurred while running test - Timeout while waiting for status FAILED or SUCCESSFUL
Traceback (most recent call last):
  File &quot;/home/pi/env-pysys/lib/python3.7/site-packages/pysys/baserunner.py&quot;, line 1292, in __call__
    self.testObj.setup()
  File &quot;/home/pi/actions-runner/_work/thin-edge.io/thin-edge.io/tests/PySys/software_management_end_to_end/sm_apt_install_download_path/run.py&quot;, line 48, in setup
    super().setup()
  File &quot;/home/pi/actions-runner/_work/thin-edge.io/thin-edge.io/tests/PySys/software_management_end_to_end/environment_sm_management.py&quot;, line 151, in setup
    self.wait_until_end()
  File &quot;/home/pi/actions-runner/_work/thin-edge.io/thin-edge.io/tests/PySys/software_management_end_to_end/environment_sm_management.py&quot;, line 332, in wait_until_end
    self.wait_until_status(&quot;FAILED&quot;, &quot;SUCCESSFUL&quot;)
  File &quot;/home/pi/actions-runner/_work/thin-edge.io/thin-edge.io/tests/PySys/software_management_end_to_end/environment_sm_management.py&quot;, line 381, in wait_until_status
    &quot;Timeout while waiting for status %s or %s&quot; % (status, status2)
SystemError: Timeout while waiting for status FAILED or SUCCESSFUL
15:33:36 WARN  SystemError: Timeout while waiting for status FAILED or SUCCESSFUL ... blocked 
15:33:36 INFO  
15:33:36 INFO  cleanup:
15:33:37 INFO  Executed sudo, exit status 0
15:33:37 INFO  Executed sudo, exit status 0
15:33:41 INFO  Executed sudo&lt;tedge_disconnect_c8y&gt;, exit status 0
15:33:41 INFO  Restarting mosquitto too frequently in the last 10 seconds. It was only up for 3 seconds
15:33:41 INFO  Delaying execution by 8 seconds
15:34:04 INFO  Executed sudo&lt;tedge_connect_c8y&gt;, exit status 0, duration 14 secs
15:34:08 INFO  Executed sudo&lt;tedge_disconnect_c8y&gt;, exit status 0
15:34:08 INFO  Executed systemctl&lt;serv_mapper5&gt;, exit status 3
15:34:08 INFO  
15:34:08 INFO  Test duration: 189.97 secs
15:34:08 INFO  Test final outcome:  BLOCKED
15:34:08 INFO  Test outcome reason: SystemError: Timeout while waiting for status FAILED or SUCCESSFUL
15:34:08 INFO  
</system-out>
	</testcase>
</testsuite>
