<?xml version="1.0" encoding="utf-8"?>
<testsuite failures="1" name="SoftwareManagement.sm_apt_install_remove_multiple_mixed" skipped="0" tests="1" time="179.93" timestamp="2022-07-22T04:38:00">
	<testcase classname="PySysTest" name="SoftwareManagement.sm_apt_install_remove_multiple_mixed">
		<failure message="BLOCKED: SystemError: Timeout while waiting for status SUCCESSFUL or False" type="BLOCKED"/>
		<system-out>04:35:00 INFO  ==============================================================
04:35:00 INFO  Id:    SoftwareManagement.sm_apt_install_remove_multiple_mixed
04:35:00 INFO  Dir:   software_management_end_to_end/
04:35:00 INFO  Title: Validate end to end behaviour for the apt plugin for multiple packages with mixed versions
04:35:00 INFO  ==============================================================
04:35:00 INFO  Using sw id database: {'asciijump': '5475369', 'robotfindskitten': '5474869', 'squirrel3': '5475279', 'rolldice': '5152439', 'moon-buggy': '5439204', 'apple': '5495053', 'banana': '5494888', 'cherry': '5495382', 'watermelon': '5494510', 'registry': '8018911', 'hello-world': '8021526', 'docker/getting-started': '8021973', 'alpine': '7991792'}
04:35:00 INFO  EnvironmentC8y Setup
04:35:01 INFO  Executed systemctl&lt;serv_mapper1&gt;, exit status 3
04:35:01 INFO  Restarting mosquitto too frequently in the last 10 seconds. It was only up for 4 seconds
04:35:01 INFO  Delaying execution by 7 seconds
04:35:22 INFO  Executed sudo&lt;tedge_connect_c8y&gt;, exit status 0, duration 14 secs
04:35:23 INFO  Executed sudo&lt;tedge_connect_c8y_test&gt;, exit status 0
04:35:23 INFO  Executed systemctl&lt;serv_mosq2&gt;, exit status 0
04:35:24 INFO  Executed systemctl&lt;serv_mapper3&gt;, exit status 0
04:35:26 INFO  State of current operation: SUCCESSFUL
04:35:26 INFO  Assert that (False == value) with value=False ... passed
04:35:26 INFO  Assert that (False == value) with value=False ... passed
04:35:27 INFO  Assert that (False == value) with value=False ... passed
04:35:27 INFO  Assert that (False == value) with value=False ... passed
04:35:27 INFO  Assert that (False == value) with value=False ... passed
04:35:28 INFO  Response status: 201
04:35:28 INFO  Response to action: {
    &quot;creationTime&quot;: &quot;2022-07-22T04:35:28.735Z&quot;,
    &quot;deviceId&quot;: &quot;21231013&quot;,
    &quot;deviceName&quot;: &quot;m32sd10b&quot;,
    &quot;self&quot;: &quot;https://t493319102.eu-latest.cumulocity.com/devicecontrol/operations/21239075&quot;,
    &quot;id&quot;: &quot;21239075&quot;,
    &quot;status&quot;: &quot;PENDING&quot;,
    &quot;description&quot;: &quot;Apply software changes, triggered from PySys: [{'action': 'install', 'id': '5475369', 'name': 'asciijump', 'url': ' ', 'version': '::apt'}, {'action': 'install', 'id': '5474869', 'name': 'robotfindskitten', 'url': ' ', 'version': ' '}, {'action': 'install', 'id': '5475279', 'name': 'squirrel3', 'url': ' ', 'version': '3.1-7::apt'}, {'action': 'install', 'id': '5152439', 'name': 'rolldice', 'url': ' ', 'version': '1.16-1+b1'}, {'action': 'install', 'id': '5439204', 'name': 'moon-buggy', 'url': ' ', 'version': '1:1.0.51-12'}, {'action': 'install', 'id': '5475369', 'name': 'asciijump', 'url': ' ', 'version': '::apt'}]&quot;,
    &quot;c8y_SoftwareUpdate&quot;: [
        {
            &quot;name&quot;: &quot;asciijump&quot;,
            &quot;action&quot;: &quot;install&quot;,
            &quot;id&quot;: &quot;5475369&quot;,
            &quot;version&quot;: &quot;::apt&quot;,
            &quot;url&quot;: &quot; &quot;
        },
        {
            &quot;name&quot;: &quot;robotfindskitten&quot;,
            &quot;action&quot;: &quot;install&quot;,
            &quot;id&quot;: &quot;5474869&quot;,
            &quot;version&quot;: &quot; &quot;,
            &quot;url&quot;: &quot; &quot;
        },
        {
            &quot;name&quot;: &quot;squirrel3&quot;,
            &quot;action&quot;: &quot;install&quot;,
            &quot;id&quot;: &quot;5475279&quot;,
            &quot;version&quot;: &quot;3.1-7::apt&quot;,
            &quot;url&quot;: &quot; &quot;
        },
        {
            &quot;name&quot;: &quot;rolldice&quot;,
            &quot;action&quot;: &quot;install&quot;,
            &quot;id&quot;: &quot;5152439&quot;,
            &quot;version&quot;: &quot;1.16-1+b1&quot;,
            &quot;url&quot;: &quot; &quot;
        },
        {
            &quot;name&quot;: &quot;moon-buggy&quot;,
            &quot;action&quot;: &quot;install&quot;,
            &quot;id&quot;: &quot;5439204&quot;,
            &quot;version&quot;: &quot;1:1.0.51-12&quot;,
            &quot;url&quot;: &quot; &quot;
        },
        {
            &quot;name&quot;: &quot;asciijump&quot;,
            &quot;action&quot;: &quot;install&quot;,
            &quot;id&quot;: &quot;5475369&quot;,
            &quot;version&quot;: &quot;::apt&quot;,
            &quot;url&quot;: &quot; &quot;
        }
    ]
}
04:35:28 INFO  Started operation: {'creationTime': '2022-07-22T04:35:28.735Z', 'deviceId': '21231013', 'deviceName': 'm32sd10b', 'self': 'https://t493319102.eu-latest.cumulocity.com/devicecontrol/operations/21239075', 'id': '21239075', 'status': 'PENDING', 'description': &quot;Apply software changes, triggered from PySys: [{'action': 'install', 'id': '5475369', 'name': 'asciijump', 'url': ' ', 'version': '::apt'}, {'action': 'install', 'id': '5474869', 'name': 'robotfindskitten', 'url': ' ', 'version': ' '}, {'action': 'install', 'id': '5475279', 'name': 'squirrel3', 'url': ' ', 'version': '3.1-7::apt'}, {'action': 'install', 'id': '5152439', 'name': 'rolldice', 'url': ' ', 'version': '1.16-1+b1'}, {'action': 'install', 'id': '5439204', 'name': 'moon-buggy', 'url': ' ', 'version': '1:1.0.51-12'}, {'action': 'install', 'id': '5475369', 'name': 'asciijump', 'url': ' ', 'version': '::apt'}]&quot;, 'c8y_SoftwareUpdate': [{'name': 'asciijump', 'action': 'install', 'id': '5475369', 'version': '::apt', 'url': ' '}, {'name': 'robotfindskitten', 'action': 'install', 'id': '5474869', 'version': ' ', 'url': ' '}, {'name': 'squirrel3', 'action': 'install', 'id': '5475279', 'version': '3.1-7::apt', 'url': ' '}, {'name': 'rolldice', 'action': 'install', 'id': '5152439', 'version': '1.16-1+b1', 'url': ' '}, {'name': 'moon-buggy', 'action': 'install', 'id': '5439204', 'version': '1:1.0.51-12', 'url': ' '}, {'name': 'asciijump', 'action': 'install', 'id': '5475369', 'version': '::apt', 'url': ' '}]}
04:35:31 INFO  State of operation 21239075 : PENDING
04:35:33 INFO  State of operation 21239075 : EXECUTING
04:35:35 INFO  State of operation 21239075 : EXECUTING
04:35:37 INFO  State of operation 21239075 : EXECUTING
04:35:39 INFO  State of operation 21239075 : EXECUTING
04:35:42 INFO  State of operation 21239075 : EXECUTING
04:35:44 INFO  State of operation 21239075 : EXECUTING
04:35:47 INFO  State of operation 21239075 : EXECUTING
04:35:50 INFO  State of operation 21239075 : EXECUTING
04:35:52 INFO  State of operation 21239075 : EXECUTING
04:35:54 INFO  State of operation 21239075 : EXECUTING
04:35:56 INFO  State of operation 21239075 : EXECUTING
04:35:59 INFO  State of operation 21239075 : EXECUTING
04:36:01 INFO  State of operation 21239075 : EXECUTING
04:36:03 INFO  State of operation 21239075 : EXECUTING
04:36:06 INFO  State of operation 21239075 : EXECUTING
04:36:08 INFO  State of operation 21239075 : EXECUTING
04:36:11 INFO  State of operation 21239075 : EXECUTING
04:36:13 INFO  State of operation 21239075 : EXECUTING
04:36:15 INFO  State of operation 21239075 : EXECUTING
04:36:18 INFO  State of operation 21239075 : EXECUTING
04:36:20 INFO  State of operation 21239075 : EXECUTING
04:36:23 INFO  State of operation 21239075 : EXECUTING
04:36:25 INFO  State of operation 21239075 : EXECUTING
04:36:28 INFO  State of operation 21239075 : EXECUTING
04:36:30 INFO  State of operation 21239075 : EXECUTING
04:36:33 INFO  State of operation 21239075 : EXECUTING
04:36:35 INFO  State of operation 21239075 : EXECUTING
04:36:38 INFO  State of operation 21239075 : EXECUTING
04:36:40 INFO  State of operation 21239075 : EXECUTING
04:36:42 INFO  State of operation 21239075 : EXECUTING
04:36:44 INFO  State of operation 21239075 : EXECUTING
04:36:47 INFO  State of operation 21239075 : EXECUTING
04:36:49 INFO  State of operation 21239075 : EXECUTING
04:36:51 INFO  State of operation 21239075 : EXECUTING
04:36:53 INFO  State of operation 21239075 : EXECUTING
04:36:55 INFO  State of operation 21239075 : EXECUTING
04:36:58 INFO  State of operation 21239075 : EXECUTING
04:37:01 INFO  State of operation 21239075 : EXECUTING
04:37:04 INFO  State of operation 21239075 : EXECUTING
04:37:06 INFO  State of operation 21239075 : EXECUTING
04:37:08 INFO  State of operation 21239075 : EXECUTING
04:37:11 INFO  State of operation 21239075 : EXECUTING
04:37:13 INFO  State of operation 21239075 : EXECUTING
04:37:15 INFO  State of operation 21239075 : EXECUTING
04:37:17 INFO  State of operation 21239075 : EXECUTING
04:37:19 INFO  State of operation 21239075 : EXECUTING
04:37:22 INFO  State of operation 21239075 : EXECUTING
04:37:25 INFO  State of operation 21239075 : EXECUTING
04:37:27 INFO  State of operation 21239075 : EXECUTING
04:37:29 INFO  State of operation 21239075 : EXECUTING
04:37:32 INFO  State of operation 21239075 : EXECUTING
04:37:34 INFO  State of operation 21239075 : EXECUTING
04:37:37 INFO  State of operation 21239075 : EXECUTING
04:37:39 INFO  State of operation 21239075 : EXECUTING
04:37:42 INFO  State of operation 21239075 : EXECUTING
04:37:44 INFO  State of operation 21239075 : EXECUTING
04:37:46 INFO  State of operation 21239075 : EXECUTING
04:37:48 INFO  State of operation 21239075 : EXECUTING
04:37:51 INFO  State of operation 21239075 : EXECUTING
04:37:53 INFO  State of operation 21239075 : EXECUTING
04:37:55 WARN  SystemError occurred while running test - Timeout while waiting for status SUCCESSFUL or False
Traceback (most recent call last):
  File &quot;/home/pi/env-pysys/lib/python3.7/site-packages/pysys/baserunner.py&quot;, line 1294, in __call__
    self.testObj.execute()
  File &quot;/home/pi/actions-runner/_work/thin-edge.io/thin-edge.io/tests/PySys/software_management_end_to_end/sm_apt_install_remove_multiple_mixed/run.py&quot;, line 89, in execute
    self.wait_until_succcess()
  File &quot;/home/pi/actions-runner/_work/thin-edge.io/thin-edge.io/tests/PySys/software_management_end_to_end/environment_sm_management.py&quot;, line 324, in wait_until_succcess
    self.wait_until_status(&quot;SUCCESSFUL&quot;)
  File &quot;/home/pi/actions-runner/_work/thin-edge.io/thin-edge.io/tests/PySys/software_management_end_to_end/environment_sm_management.py&quot;, line 381, in wait_until_status
    &quot;Timeout while waiting for status %s or %s&quot; % (status, status2)
SystemError: Timeout while waiting for status SUCCESSFUL or False
04:37:55 WARN  SystemError: Timeout while waiting for status SUCCESSFUL or False ... blocked 
04:37:55 INFO  
04:37:55 INFO  cleanup:
04:37:59 INFO  Executed sudo&lt;tedge_disconnect_c8y&gt;, exit status 0
04:38:00 INFO  Executed systemctl&lt;serv_mapper5&gt;, exit status 3
04:38:00 INFO  
04:38:00 INFO  Test duration: 179.93 secs
04:38:00 INFO  Test final outcome:  BLOCKED
04:38:00 INFO  Test outcome reason: SystemError: Timeout while waiting for status SUCCESSFUL or False
04:38:00 INFO  
</system-out>
	</testcase>
</testsuite>
