<?xml version="1.0" encoding="utf-8"?>
<testsuite failures="1" name="SoftwareManagement.sm_apt_install_download_path" skipped="0" tests="1" time="193.25" timestamp="2022-05-23T09:03:39">
	<testcase classname="AptInstallWithDownloadPath" name="SoftwareManagement.sm_apt_install_download_path">
		<failure message="BLOCKED: SystemError: Timeout while waiting for status FAILED or SUCCESSFUL" type="BLOCKED"/>
		<system-out>09:00:26 INFO  ==============================================================
09:00:26 INFO  Id:    SoftwareManagement.sm_apt_install_download_path
09:00:26 INFO  Dir:   software_management_end_to_end/
09:00:26 INFO  Title: Install package to directory specified in tedge config set tmp.path
09:00:26 INFO  ==============================================================
09:00:26 INFO  Using sw id database: {'asciijump': '5475369', 'robotfindskitten': '5474869', 'squirrel3': '5475279', 'rolldice': '5152439', 'moon-buggy': '5439204', 'apple': '5495053', 'banana': '5494888', 'cherry': '5495382', 'watermelon': '5494510', 'registry': '8018911', 'hello-world': '8021526', 'docker/getting-started': '8021973', 'alpine': '7991792'}
09:00:26 INFO  EnvironmentC8y Setup
09:00:27 INFO  Executed systemctl&lt;serv_mapper1&gt;, exit status 3
09:00:42 INFO  Executed sudo&lt;tedge_connect_c8y&gt;, exit status 0, duration 15 secs
09:00:44 INFO  Executed sudo&lt;tedge_connect_c8y_test&gt;, exit status 0
09:00:45 INFO  Executed systemctl&lt;serv_mosq2&gt;, exit status 0
09:00:46 INFO  Executed systemctl&lt;serv_mapper3&gt;, exit status 0
09:00:48 INFO  State of current operation: PENDING
09:00:50 INFO  State of current operation: PENDING
09:00:52 INFO  State of current operation: PENDING
09:00:55 INFO  State of current operation: PENDING
09:00:57 INFO  State of current operation: PENDING
09:00:59 INFO  State of current operation: PENDING
09:01:01 INFO  State of current operation: PENDING
09:01:04 INFO  State of current operation: PENDING
09:01:06 INFO  State of current operation: PENDING
09:01:08 INFO  State of current operation: PENDING
09:01:10 INFO  State of current operation: PENDING
09:01:13 INFO  State of current operation: PENDING
09:01:15 INFO  State of current operation: PENDING
09:01:17 INFO  State of current operation: PENDING
09:01:19 INFO  State of current operation: PENDING
09:01:21 INFO  State of current operation: PENDING
09:01:24 INFO  State of current operation: PENDING
09:01:26 INFO  State of current operation: PENDING
09:01:28 INFO  State of current operation: PENDING
09:01:31 INFO  State of current operation: PENDING
09:01:33 INFO  State of current operation: PENDING
09:01:35 INFO  State of current operation: PENDING
09:01:37 INFO  State of current operation: PENDING
09:01:40 INFO  State of current operation: PENDING
09:01:42 INFO  State of current operation: PENDING
09:01:45 INFO  State of current operation: PENDING
09:01:47 INFO  State of current operation: PENDING
09:01:49 INFO  State of current operation: PENDING
09:01:51 INFO  State of current operation: PENDING
09:01:54 INFO  State of current operation: PENDING
09:01:56 INFO  State of current operation: PENDING
09:01:58 INFO  State of current operation: PENDING
09:02:00 INFO  State of current operation: PENDING
09:02:02 INFO  State of current operation: PENDING
09:02:05 INFO  State of current operation: PENDING
09:02:08 INFO  State of current operation: PENDING
09:02:10 INFO  State of current operation: PENDING
09:02:12 INFO  State of current operation: PENDING
09:02:14 INFO  State of current operation: PENDING
09:02:17 INFO  State of current operation: PENDING
09:02:19 INFO  State of current operation: PENDING
09:02:21 INFO  State of current operation: PENDING
09:02:24 INFO  State of current operation: PENDING
09:02:26 INFO  State of current operation: PENDING
09:02:28 INFO  State of current operation: PENDING
09:02:30 INFO  State of current operation: PENDING
09:02:32 INFO  State of current operation: PENDING
09:02:35 INFO  State of current operation: PENDING
09:02:37 INFO  State of current operation: PENDING
09:02:39 INFO  State of current operation: PENDING
09:02:41 INFO  State of current operation: PENDING
09:02:44 INFO  State of current operation: PENDING
09:02:46 INFO  State of current operation: PENDING
09:02:48 INFO  State of current operation: PENDING
09:02:50 INFO  State of current operation: PENDING
09:02:53 INFO  State of current operation: PENDING
09:02:55 INFO  State of current operation: PENDING
09:02:57 INFO  State of current operation: PENDING
09:02:59 INFO  State of current operation: PENDING
09:03:02 INFO  State of current operation: PENDING
09:03:04 INFO  State of current operation: PENDING
09:03:06 WARN  SystemError occurred while running test - Timeout while waiting for status FAILED or SUCCESSFUL
Traceback (most recent call last):
  File &quot;/home/pi/env-pysys/lib/python3.7/site-packages/pysys/baserunner.py&quot;, line 1292, in __call__
    self.testObj.setup()
  File &quot;/home/pi/actions-runner/_work/thin-edge.io/thin-edge.io/tests/PySys/software_management_end_to_end/sm_apt_install_download_path/run.py&quot;, line 48, in setup
    super().setup()
  File &quot;/home/pi/actions-runner/_work/thin-edge.io/thin-edge.io/tests/PySys/software_management_end_to_end/environment_sm_management.py&quot;, line 151, in setup
    self.wait_until_end()
  File &quot;/home/pi/actions-runner/_work/thin-edge.io/thin-edge.io/tests/PySys/software_management_end_to_end/environment_sm_management.py&quot;, line 332, in wait_until_end
    self.wait_until_status(&quot;FAILED&quot;, &quot;SUCCESSFUL&quot;)
  File &quot;/home/pi/actions-runner/_work/thin-edge.io/thin-edge.io/tests/PySys/software_management_end_to_end/environment_sm_management.py&quot;, line 381, in wait_until_status
    &quot;Timeout while waiting for status %s or %s&quot; % (status, status2)
SystemError: Timeout while waiting for status FAILED or SUCCESSFUL
09:03:06 WARN  SystemError: Timeout while waiting for status FAILED or SUCCESSFUL ... blocked 
09:03:06 INFO  
09:03:06 INFO  cleanup:
09:03:07 INFO  Executed sudo, exit status 0
09:03:08 INFO  Executed sudo, exit status 0
09:03:12 INFO  Executed sudo&lt;tedge_disconnect_c8y&gt;, exit status 0
09:03:12 INFO  Restarting mosquitto too frequently in the last 10 seconds. It was only up for 3 seconds
09:03:12 INFO  Delaying execution by 8 seconds
09:03:34 INFO  Executed sudo&lt;tedge_connect_c8y&gt;, exit status 0, duration 14 secs
09:03:39 INFO  Executed sudo&lt;tedge_disconnect_c8y&gt;, exit status 0
09:03:39 INFO  Executed systemctl&lt;serv_mapper5&gt;, exit status 3
09:03:39 INFO  
09:03:39 INFO  Test duration: 193.25 secs
09:03:39 INFO  Test final outcome:  BLOCKED
09:03:39 INFO  Test outcome reason: SystemError: Timeout while waiting for status FAILED or SUCCESSFUL
09:03:39 INFO  
</system-out>
	</testcase>
</testsuite>
