<?xml version="1.0" encoding="utf-8"?>
<testsuite failures="0" name="apt_install" skipped="0" tests="1" time="64.31" timestamp="2022-05-24T15:56:05">
	<testcase classname="AptPluginInstallDense" name="apt_install"/>
</testsuite>
