<?xml version="1.0" encoding="utf-8"?>
<testsuite failures="1" name="SoftwareManagement.sm_apt_install_remove_multiple" skipped="0" tests="1" time="200.91" timestamp="2022-07-21T19:09:21">
	<testcase classname="PySysTest" name="SoftwareManagement.sm_apt_install_remove_multiple">
		<failure message="FAILED: Assert that (False == value) with value=True" type="FAILED"/>
		<system-out>19:06:00 INFO  ==============================================================
19:06:00 INFO  Id:    SoftwareManagement.sm_apt_install_remove_multiple
19:06:00 INFO  Dir:   software_management_end_to_end/
19:06:00 INFO  Title: Validate end to end behaviour for the apt plugin for multiple packages
19:06:00 INFO  ==============================================================
19:06:00 INFO  Using sw id database: {'asciijump': '5475369', 'robotfindskitten': '5474869', 'squirrel3': '5475279', 'rolldice': '5152439', 'moon-buggy': '5439204', 'apple': '5495053', 'banana': '5494888', 'cherry': '5495382', 'watermelon': '5494510', 'registry': '8018911', 'hello-world': '8021526', 'docker/getting-started': '8021973', 'alpine': '7991792'}
19:06:00 INFO  EnvironmentC8y Setup
19:06:01 INFO  Executed systemctl&lt;serv_mapper1&gt;, exit status 3
19:06:01 INFO  Restarting mosquitto too frequently in the last 10 seconds. It was only up for 4 seconds
19:06:01 INFO  Delaying execution by 7 seconds
19:06:22 INFO  Executed sudo&lt;tedge_connect_c8y&gt;, exit status 0, duration 13 secs
19:06:23 INFO  Executed sudo&lt;tedge_connect_c8y_test&gt;, exit status 0
19:06:23 INFO  Executed systemctl&lt;serv_mosq2&gt;, exit status 0
19:06:24 INFO  Executed systemctl&lt;serv_mapper3&gt;, exit status 0
19:06:26 INFO  State of current operation: SUCCESSFUL
19:06:26 INFO  Assert that (False == value) with value=False ... passed
19:06:26 INFO  Assert that (False == value) with value=False ... passed
19:06:26 INFO  Assert that (False == value) with value=False ... passed
19:06:27 INFO  Package robotfindskitten is installed
19:06:27 WARN  Assert that (False == value) with value=True ... failed 
19:06:27 INFO  Response status: 201
19:06:27 INFO  Response to action: {
    &quot;creationTime&quot;: &quot;2022-07-21T19:06:27.390Z&quot;,
    &quot;deviceId&quot;: &quot;21166557&quot;,
    &quot;deviceName&quot;: &quot;m32sd10b&quot;,
    &quot;self&quot;: &quot;https://t493319102.eu-latest.cumulocity.com/devicecontrol/operations/21172539&quot;,
    &quot;id&quot;: &quot;21172539&quot;,
    &quot;status&quot;: &quot;PENDING&quot;,
    &quot;description&quot;: &quot;Apply software changes, triggered from PySys: [{'action': 'install', 'id': '5475369', 'name': 'asciijump', 'url': ' ', 'version': '::apt'}, {'action': 'install', 'id': '5474869', 'name': 'robotfindskitten', 'url': ' ', 'version': '::apt'}, {'action': 'install', 'id': '5475279', 'name': 'squirrel3', 'url': ' ', 'version': '::apt'}]&quot;,
    &quot;c8y_SoftwareUpdate&quot;: [
        {
            &quot;name&quot;: &quot;asciijump&quot;,
            &quot;action&quot;: &quot;install&quot;,
            &quot;id&quot;: &quot;5475369&quot;,
            &quot;version&quot;: &quot;::apt&quot;,
            &quot;url&quot;: &quot; &quot;
        },
        {
            &quot;name&quot;: &quot;robotfindskitten&quot;,
            &quot;action&quot;: &quot;install&quot;,
            &quot;id&quot;: &quot;5474869&quot;,
            &quot;version&quot;: &quot;::apt&quot;,
            &quot;url&quot;: &quot; &quot;
        },
        {
            &quot;name&quot;: &quot;squirrel3&quot;,
            &quot;action&quot;: &quot;install&quot;,
            &quot;id&quot;: &quot;5475279&quot;,
            &quot;version&quot;: &quot;::apt&quot;,
            &quot;url&quot;: &quot; &quot;
        }
    ]
}
19:06:27 INFO  Started operation: {'creationTime': '2022-07-21T19:06:27.390Z', 'deviceId': '21166557', 'deviceName': 'm32sd10b', 'self': 'https://t493319102.eu-latest.cumulocity.com/devicecontrol/operations/21172539', 'id': '21172539', 'status': 'PENDING', 'description': &quot;Apply software changes, triggered from PySys: [{'action': 'install', 'id': '5475369', 'name': 'asciijump', 'url': ' ', 'version': '::apt'}, {'action': 'install', 'id': '5474869', 'name': 'robotfindskitten', 'url': ' ', 'version': '::apt'}, {'action': 'install', 'id': '5475279', 'name': 'squirrel3', 'url': ' ', 'version': '::apt'}]&quot;, 'c8y_SoftwareUpdate': [{'name': 'asciijump', 'action': 'install', 'id': '5475369', 'version': '::apt', 'url': ' '}, {'name': 'robotfindskitten', 'action': 'install', 'id': '5474869', 'version': '::apt', 'url': ' '}, {'name': 'squirrel3', 'action': 'install', 'id': '5475279', 'version': '::apt', 'url': ' '}]}
19:06:29 INFO  State of operation 21172539 : PENDING
19:06:31 INFO  State of operation 21172539 : EXECUTING
19:06:34 INFO  State of operation 21172539 : EXECUTING
19:06:36 INFO  State of operation 21172539 : EXECUTING
19:06:38 INFO  State of operation 21172539 : EXECUTING
19:06:40 INFO  State of operation 21172539 : EXECUTING
19:06:43 INFO  State of operation 21172539 : EXECUTING
19:06:46 INFO  State of operation 21172539 : EXECUTING
19:06:48 INFO  State of operation 21172539 : EXECUTING
19:06:51 INFO  State of operation 21172539 : EXECUTING
19:06:53 INFO  State of operation 21172539 : EXECUTING
19:06:55 INFO  State of operation 21172539 : EXECUTING
19:06:57 INFO  State of operation 21172539 : EXECUTING
19:07:00 INFO  State of operation 21172539 : EXECUTING
19:07:02 INFO  State of operation 21172539 : EXECUTING
19:07:04 INFO  State of operation 21172539 : EXECUTING
19:07:06 INFO  State of operation 21172539 : EXECUTING
19:07:10 INFO  State of operation 21172539 : EXECUTING
19:07:13 INFO  State of operation 21172539 : EXECUTING
19:07:15 INFO  State of operation 21172539 : EXECUTING
19:07:18 INFO  State of operation 21172539 : EXECUTING
19:07:20 INFO  State of operation 21172539 : EXECUTING
19:07:22 INFO  State of operation 21172539 : EXECUTING
19:07:25 INFO  State of operation 21172539 : EXECUTING
19:07:27 INFO  State of operation 21172539 : EXECUTING
19:07:30 INFO  State of operation 21172539 : EXECUTING
19:07:32 INFO  State of operation 21172539 : EXECUTING
19:07:35 INFO  State of operation 21172539 : EXECUTING
19:07:37 INFO  State of operation 21172539 : EXECUTING
19:07:40 INFO  State of operation 21172539 : EXECUTING
19:07:42 INFO  State of operation 21172539 : EXECUTING
19:07:44 INFO  State of operation 21172539 : EXECUTING
19:07:47 INFO  State of operation 21172539 : EXECUTING
19:07:49 INFO  State of operation 21172539 : EXECUTING
19:07:51 INFO  State of operation 21172539 : EXECUTING
19:07:53 INFO  State of operation 21172539 : SUCCESSFUL
19:07:54 INFO  Assert that (False == value) with value=False ... passed
19:07:54 INFO  Package asciijump is installed
19:07:54 INFO  Assert that (True == value) with value=True ... passed
19:07:54 INFO  Package squirrel3 is installed
19:07:54 INFO  Assert that (True == value) with value=True ... passed
19:07:54 INFO  Package robotfindskitten is installed
19:07:54 INFO  Assert that (True == value) with value=True ... passed
19:07:54 INFO  Response status: 201
19:07:54 INFO  Response to action: {
    &quot;creationTime&quot;: &quot;2022-07-21T19:07:54.915Z&quot;,
    &quot;deviceId&quot;: &quot;21166557&quot;,
    &quot;deviceName&quot;: &quot;m32sd10b&quot;,
    &quot;self&quot;: &quot;https://t493319102.eu-latest.cumulocity.com/devicecontrol/operations/21172550&quot;,
    &quot;id&quot;: &quot;21172550&quot;,
    &quot;status&quot;: &quot;PENDING&quot;,
    &quot;description&quot;: &quot;Apply software changes, triggered from PySys: [{'action': 'delete', 'id': '5475369', 'name': 'asciijump', 'url': ' ', 'version': '::apt'}, {'action': 'delete', 'id': '5474869', 'name': 'robotfindskitten', 'url': ' ', 'version': '::apt'}, {'action': 'delete', 'id': '5475279', 'name': 'squirrel3', 'url': ' ', 'version': '::apt'}]&quot;,
    &quot;c8y_SoftwareUpdate&quot;: [
        {
            &quot;name&quot;: &quot;asciijump&quot;,
            &quot;action&quot;: &quot;delete&quot;,
            &quot;id&quot;: &quot;5475369&quot;,
            &quot;version&quot;: &quot;::apt&quot;,
            &quot;url&quot;: &quot; &quot;
        },
        {
            &quot;name&quot;: &quot;robotfindskitten&quot;,
            &quot;action&quot;: &quot;delete&quot;,
            &quot;id&quot;: &quot;5474869&quot;,
            &quot;version&quot;: &quot;::apt&quot;,
            &quot;url&quot;: &quot; &quot;
        },
        {
            &quot;name&quot;: &quot;squirrel3&quot;,
            &quot;action&quot;: &quot;delete&quot;,
            &quot;id&quot;: &quot;5475279&quot;,
            &quot;version&quot;: &quot;::apt&quot;,
            &quot;url&quot;: &quot; &quot;
        }
    ]
}
19:07:54 INFO  Started operation: {'creationTime': '2022-07-21T19:07:54.915Z', 'deviceId': '21166557', 'deviceName': 'm32sd10b', 'self': 'https://t493319102.eu-latest.cumulocity.com/devicecontrol/operations/21172550', 'id': '21172550', 'status': 'PENDING', 'description': &quot;Apply software changes, triggered from PySys: [{'action': 'delete', 'id': '5475369', 'name': 'asciijump', 'url': ' ', 'version': '::apt'}, {'action': 'delete', 'id': '5474869', 'name': 'robotfindskitten', 'url': ' ', 'version': '::apt'}, {'action': 'delete', 'id': '5475279', 'name': 'squirrel3', 'url': ' ', 'version': '::apt'}]&quot;, 'c8y_SoftwareUpdate': [{'name': 'asciijump', 'action': 'delete', 'id': '5475369', 'version': '::apt', 'url': ' '}, {'name': 'robotfindskitten', 'action': 'delete', 'id': '5474869', 'version': '::apt', 'url': ' '}, {'name': 'squirrel3', 'action': 'delete', 'id': '5475279', 'version': '::apt', 'url': ' '}]}
19:07:57 INFO  State of operation 21172550 : PENDING
19:07:59 INFO  State of operation 21172550 : EXECUTING
19:08:01 INFO  State of operation 21172550 : EXECUTING
19:08:04 INFO  State of operation 21172550 : EXECUTING
19:08:06 INFO  State of operation 21172550 : EXECUTING
19:08:09 INFO  State of operation 21172550 : EXECUTING
19:08:13 INFO  State of operation 21172550 : EXECUTING
19:08:15 INFO  State of operation 21172550 : EXECUTING
19:08:18 INFO  State of operation 21172550 : EXECUTING
19:08:20 INFO  State of operation 21172550 : EXECUTING
19:08:23 INFO  State of operation 21172550 : EXECUTING
19:08:25 INFO  State of operation 21172550 : EXECUTING
19:08:27 INFO  State of operation 21172550 : EXECUTING
19:08:29 INFO  State of operation 21172550 : EXECUTING
19:08:32 INFO  State of operation 21172550 : EXECUTING
19:08:34 INFO  State of operation 21172550 : EXECUTING
19:08:36 INFO  State of operation 21172550 : EXECUTING
19:08:38 INFO  State of operation 21172550 : EXECUTING
19:08:41 INFO  State of operation 21172550 : EXECUTING
19:08:43 INFO  State of operation 21172550 : EXECUTING
19:08:46 INFO  State of operation 21172550 : EXECUTING
19:08:49 INFO  State of operation 21172550 : EXECUTING
19:08:51 INFO  State of operation 21172550 : EXECUTING
19:08:53 INFO  State of operation 21172550 : EXECUTING
19:08:56 INFO  State of operation 21172550 : EXECUTING
19:08:58 INFO  State of operation 21172550 : EXECUTING
19:09:01 INFO  State of operation 21172550 : EXECUTING
19:09:04 INFO  State of operation 21172550 : EXECUTING
19:09:06 INFO  State of operation 21172550 : EXECUTING
19:09:09 INFO  State of operation 21172550 : EXECUTING
19:09:11 INFO  State of operation 21172550 : EXECUTING
19:09:13 INFO  State of operation 21172550 : EXECUTING
19:09:15 INFO  State of operation 21172550 : SUCCESSFUL
19:09:16 INFO  Assert that (False == value) with value=False ... passed
19:09:16 INFO  Assert that (False == value) with value=False ... passed
19:09:16 INFO  Assert that (False == value) with value=False ... passed
19:09:16 INFO  Assert that (False == value) with value=False ... passed
19:09:16 INFO  
19:09:16 INFO  cleanup:
19:09:20 INFO  Executed sudo&lt;tedge_disconnect_c8y&gt;, exit status 0
19:09:21 INFO  Executed systemctl&lt;serv_mapper5&gt;, exit status 3
19:09:21 INFO  
19:09:21 INFO  Test duration: 200.91 secs
19:09:21 INFO  Test final outcome:  FAILED
19:09:21 INFO  Test outcome reason: Assert that (False == value) with value=True
19:09:21 INFO  
</system-out>
	</testcase>
</testsuite>
