<?xml version="1.0" encoding="utf-8"?>
<testsuite failures="0" name="apt_prepare" skipped="0" tests="1" time="19.6" timestamp="2022-07-21T13:31:27">
	<testcase classname="AptPluginPrepare" name="apt_prepare"/>
</testsuite>
