<?xml version="1.0" encoding="utf-8"?>
<testsuite failures="1" name="SoftwareManagement.sm_apt_install_remove_multiple" skipped="0" tests="1" time="165.08" timestamp="2022-05-25T13:30:05">
	<testcase classname="PySysTest" name="SoftwareManagement.sm_apt_install_remove_multiple">
		<failure message="BLOCKED: SystemError: Timeout while waiting for status FAILED or SUCCESSFUL" type="BLOCKED"/>
		<system-out>13:27:20 INFO  ==============================================================
13:27:20 INFO  Id:    SoftwareManagement.sm_apt_install_remove_multiple
13:27:20 INFO  Dir:   software_management_end_to_end/
13:27:20 INFO  Title: Validate end to end behaviour for the apt plugin for multiple packages
13:27:20 INFO  ==============================================================
13:27:20 INFO  Using sw id database: {'asciijump': '5475369', 'robotfindskitten': '5474869', 'squirrel3': '5475279', 'rolldice': '5152439', 'moon-buggy': '5439204', 'apple': '5495053', 'banana': '5494888', 'cherry': '5495382', 'watermelon': '5494510', 'registry': '8018911', 'hello-world': '8021526', 'docker/getting-started': '8021973', 'alpine': '7991792'}
13:27:20 INFO  EnvironmentC8y Setup
13:27:20 INFO  Executed systemctl&lt;serv_mapper1&gt;, exit status 3
13:27:21 INFO  Restarting mosquitto too frequently in the last 10 seconds. It was only up for 5 seconds
13:27:21 INFO  Delaying execution by 6 seconds
13:27:40 INFO  Executed sudo&lt;tedge_connect_c8y&gt;, exit status 0, duration 13 secs
13:27:41 INFO  Executed sudo&lt;tedge_connect_c8y_test&gt;, exit status 0
13:27:42 INFO  Executed systemctl&lt;serv_mosq2&gt;, exit status 0
13:27:42 INFO  Executed systemctl&lt;serv_mapper3&gt;, exit status 0
13:27:44 INFO  State of current operation: PENDING
13:27:46 INFO  State of current operation: PENDING
13:27:49 INFO  State of current operation: PENDING
13:27:51 INFO  State of current operation: PENDING
13:27:53 INFO  State of current operation: PENDING
13:27:55 INFO  State of current operation: PENDING
13:27:58 INFO  State of current operation: PENDING
13:28:00 INFO  State of current operation: PENDING
13:28:02 INFO  State of current operation: PENDING
13:28:04 INFO  State of current operation: PENDING
13:28:07 INFO  State of current operation: PENDING
13:28:09 INFO  State of current operation: PENDING
13:28:11 INFO  State of current operation: PENDING
13:28:13 INFO  State of current operation: PENDING
13:28:15 INFO  State of current operation: PENDING
13:28:18 INFO  State of current operation: PENDING
13:28:20 INFO  State of current operation: PENDING
13:28:22 INFO  State of current operation: PENDING
13:28:24 INFO  State of current operation: PENDING
13:28:27 INFO  State of current operation: PENDING
13:28:29 INFO  State of current operation: PENDING
13:28:31 INFO  State of current operation: PENDING
13:28:33 INFO  State of current operation: PENDING
13:28:36 INFO  State of current operation: PENDING
13:28:38 INFO  State of current operation: PENDING
13:28:40 INFO  State of current operation: PENDING
13:28:42 INFO  State of current operation: PENDING
13:28:44 INFO  State of current operation: PENDING
13:28:47 INFO  State of current operation: PENDING
13:28:49 INFO  State of current operation: PENDING
13:28:51 INFO  State of current operation: PENDING
13:28:53 INFO  State of current operation: PENDING
13:28:56 INFO  State of current operation: PENDING
13:28:58 INFO  State of current operation: PENDING
13:29:00 INFO  State of current operation: PENDING
13:29:02 INFO  State of current operation: PENDING
13:29:05 INFO  State of current operation: PENDING
13:29:07 INFO  State of current operation: PENDING
13:29:09 INFO  State of current operation: PENDING
13:29:11 INFO  State of current operation: PENDING
13:29:14 INFO  State of current operation: PENDING
13:29:16 INFO  State of current operation: PENDING
13:29:18 INFO  State of current operation: PENDING
13:29:20 INFO  State of current operation: PENDING
13:29:22 INFO  State of current operation: PENDING
13:29:25 INFO  State of current operation: PENDING
13:29:27 INFO  State of current operation: PENDING
13:29:29 INFO  State of current operation: PENDING
13:29:31 INFO  State of current operation: PENDING
13:29:34 INFO  State of current operation: PENDING
13:29:36 INFO  State of current operation: PENDING
13:29:38 INFO  State of current operation: PENDING
13:29:40 INFO  State of current operation: PENDING
13:29:43 INFO  State of current operation: PENDING
13:29:45 INFO  State of current operation: PENDING
13:29:47 INFO  State of current operation: PENDING
13:29:49 INFO  State of current operation: PENDING
13:29:52 INFO  State of current operation: PENDING
13:29:54 INFO  State of current operation: PENDING
13:29:56 INFO  State of current operation: PENDING
13:29:58 INFO  State of current operation: PENDING
13:30:00 WARN  SystemError occurred while running test - Timeout while waiting for status FAILED or SUCCESSFUL
Traceback (most recent call last):
  File &quot;/home/pi/env-pysys/lib/python3.7/site-packages/pysys/baserunner.py&quot;, line 1292, in __call__
    self.testObj.setup()
  File &quot;/home/pi/actions-runner/_work/thin-edge.io/thin-edge.io/tests/PySys/software_management_end_to_end/sm_apt_install_remove_multiple/run.py&quot;, line 52, in setup
    super().setup()
  File &quot;/home/pi/actions-runner/_work/thin-edge.io/thin-edge.io/tests/PySys/software_management_end_to_end/environment_sm_management.py&quot;, line 151, in setup
    self.wait_until_end()
  File &quot;/home/pi/actions-runner/_work/thin-edge.io/thin-edge.io/tests/PySys/software_management_end_to_end/environment_sm_management.py&quot;, line 332, in wait_until_end
    self.wait_until_status(&quot;FAILED&quot;, &quot;SUCCESSFUL&quot;)
  File &quot;/home/pi/actions-runner/_work/thin-edge.io/thin-edge.io/tests/PySys/software_management_end_to_end/environment_sm_management.py&quot;, line 381, in wait_until_status
    &quot;Timeout while waiting for status %s or %s&quot; % (status, status2)
SystemError: Timeout while waiting for status FAILED or SUCCESSFUL
13:30:00 WARN  SystemError: Timeout while waiting for status FAILED or SUCCESSFUL ... blocked 
13:30:00 INFO  
13:30:00 INFO  cleanup:
13:30:04 INFO  Executed sudo&lt;tedge_disconnect_c8y&gt;, exit status 0
13:30:05 INFO  Executed systemctl&lt;serv_mapper5&gt;, exit status 3
13:30:05 INFO  
13:30:05 INFO  Test duration: 165.08 secs
13:30:05 INFO  Test final outcome:  BLOCKED
13:30:05 INFO  Test outcome reason: SystemError: Timeout while waiting for status FAILED or SUCCESSFUL
13:30:05 INFO  
</system-out>
	</testcase>
</testsuite>
