<?xml version="1.0" encoding="utf-8"?>
<testsuite failures="1" name="SoftwareManagement.sm_apt_install_download_path" skipped="0" tests="1" time="85.09" timestamp="2022-06-20T15:33:19">
	<testcase classname="AptInstallWithDownloadPath" name="SoftwareManagement.sm_apt_install_download_path">
		<failure message="BLOCKED: AssertionError:" type="BLOCKED"/>
		<system-out>15:31:54 INFO  ==============================================================
15:31:54 INFO  Id:    SoftwareManagement.sm_apt_install_download_path
15:31:54 INFO  Dir:   software_management_end_to_end/
15:31:54 INFO  Title: Install package to directory specified in tedge config set tmp.path
15:31:54 INFO  ==============================================================
15:31:54 INFO  Using sw id database: {'asciijump': '5475369', 'robotfindskitten': '5474869', 'squirrel3': '5475279', 'rolldice': '5152439', 'moon-buggy': '5439204', 'apple': '5495053', 'banana': '5494888', 'cherry': '5495382', 'watermelon': '5494510', 'registry': '8018911', 'hello-world': '8021526', 'docker/getting-started': '8021973', 'alpine': '7991792'}
15:31:54 INFO  EnvironmentC8y Setup
15:31:55 INFO  Executed systemctl&lt;serv_mapper1&gt;, exit status 3
15:32:10 INFO  Executed sudo&lt;tedge_connect_c8y&gt;, exit status 0, duration 14 secs
15:32:11 INFO  Executed sudo&lt;tedge_connect_c8y_test&gt;, exit status 0
15:32:13 INFO  Executed systemctl&lt;serv_mosq2&gt;, exit status 0
15:32:13 INFO  Executed systemctl&lt;serv_mapper3&gt;, exit status 0
15:32:15 ERROR No operations found, assuming it passed
15:32:16 INFO  Assert that (False == value) with value=False ... passed
15:32:16 INFO  Executed sudo, exit status 0
15:32:16 INFO  Executed sudo, exit status 0
15:32:17 INFO  Executed sudo, exit status 0
15:32:21 INFO  Executed sudo&lt;tedge_disconnect_c8y&gt;, exit status 0
15:32:21 INFO  Restarting mosquitto too frequently in the last 10 seconds. It was only up for 4 seconds
15:32:21 INFO  Delaying execution by 7 seconds
15:32:42 INFO  Executed sudo&lt;tedge_connect_c8y&gt;, exit status 0, duration 13 secs
15:32:42 INFO  Response status: 201
15:32:42 INFO  Response to action: {
    &quot;delivery&quot;: {
        &quot;log&quot;: [],
        &quot;time&quot;: &quot;2022-06-20T15:32:42.790Z&quot;,
        &quot;status&quot;: &quot;PENDING&quot;
    },
    &quot;creationTime&quot;: &quot;2022-06-20T15:32:42.768Z&quot;,
    &quot;deviceName&quot;: &quot;m32sd10b&quot;,
    &quot;deviceId&quot;: &quot;20281697&quot;,
    &quot;self&quot;: &quot;https://t493319102.eu-latest.cumulocity.com/devicecontrol/operations/20349621&quot;,
    &quot;id&quot;: &quot;20349621&quot;,
    &quot;status&quot;: &quot;PENDING&quot;,
    &quot;description&quot;: &quot;Apply software changes, triggered from PySys: [{'name': 'rolldice', 'id': '5152439', 'version': '::apt', 'url': 'https://thin-edge-io.eu-latest.cumulocity.com/inventory/binaries/12435463', 'action': 'install'}]&quot;,
    &quot;c8y_SoftwareUpdate&quot;: [
        {
            &quot;name&quot;: &quot;rolldice&quot;,
            &quot;action&quot;: &quot;install&quot;,
            &quot;id&quot;: &quot;5152439&quot;,
            &quot;version&quot;: &quot;::apt&quot;,
            &quot;url&quot;: &quot;https://thin-edge-io.eu-latest.cumulocity.com/inventory/binaries/12435463&quot;
        }
    ]
}
15:32:42 INFO  Started operation: {'delivery': {'log': [], 'time': '2022-06-20T15:32:42.790Z', 'status': 'PENDING'}, 'creationTime': '2022-06-20T15:32:42.768Z', 'deviceName': 'm32sd10b', 'deviceId': '20281697', 'self': 'https://t493319102.eu-latest.cumulocity.com/devicecontrol/operations/20349621', 'id': '20349621', 'status': 'PENDING', 'description': &quot;Apply software changes, triggered from PySys: [{'name': 'rolldice', 'id': '5152439', 'version': '::apt', 'url': 'https://thin-edge-io.eu-latest.cumulocity.com/inventory/binaries/12435463', 'action': 'install'}]&quot;, 'c8y_SoftwareUpdate': [{'name': 'rolldice', 'action': 'install', 'id': '5152439', 'version': '::apt', 'url': 'https://thin-edge-io.eu-latest.cumulocity.com/inventory/binaries/12435463'}]}
15:32:42 WARN  , retrying in 0.5 seconds...
15:32:43 WARN  , retrying in 0.5 seconds...
15:32:43 WARN  , retrying in 0.5 seconds...
15:32:44 WARN  , retrying in 0.5 seconds...
15:32:44 WARN  , retrying in 0.5 seconds...
15:32:45 WARN  , retrying in 0.5 seconds...
15:32:45 WARN  , retrying in 0.5 seconds...
15:32:46 WARN  , retrying in 0.5 seconds...
15:32:46 WARN  , retrying in 0.5 seconds...
15:32:47 WARN  AssertionError occurred while running test - 
Traceback (most recent call last):
  File &quot;/home/pi/env-pysys/lib/python3.7/site-packages/pysys/baserunner.py&quot;, line 1294, in __call__
    self.testObj.execute()
  File &quot;/home/pi/actions-runner/_work/thin-edge.io/thin-edge.io/tests/PySys/software_management_end_to_end/sm_apt_install_download_path/run.py&quot;, line 83, in execute
    assert_install_in_download_path(install_directory=self.DOWNLOAD_DIR)
  File &quot;/home/pi/env-pysys/lib/python3.7/site-packages/decorator.py&quot;, line 232, in fun
    return caller(func, *(extras + args), **kw)
  File &quot;/home/pi/env-pysys/lib/python3.7/site-packages/retry/api.py&quot;, line 74, in retry_decorator
    logger)
  File &quot;/home/pi/env-pysys/lib/python3.7/site-packages/retry/api.py&quot;, line 33, in __retry_internal
    return f()
  File &quot;/home/pi/actions-runner/_work/thin-edge.io/thin-edge.io/tests/PySys/software_management_end_to_end/sm_apt_install_download_path/run.py&quot;, line 28, in assert_install_in_download_path
    assert &quot;rolldice&quot; in os.listdir(f&quot;{install_directory}&quot;)
AssertionError
15:32:48 WARN  AssertionError: ... blocked 
15:32:48 INFO  
15:32:48 INFO  cleanup:
15:32:48 INFO  Executed sudo, exit status 0
15:32:49 INFO  Executed sudo, exit status 0
15:32:53 INFO  Executed sudo&lt;tedge_disconnect_c8y&gt;, exit status 0
15:32:53 INFO  Restarting mosquitto too frequently in the last 10 seconds. It was only up for 4 seconds
15:32:53 INFO  Delaying execution by 7 seconds
15:33:14 INFO  Executed sudo&lt;tedge_connect_c8y&gt;, exit status 0, duration 14 secs
15:33:18 INFO  Executed sudo&lt;tedge_disconnect_c8y&gt;, exit status 0
15:33:19 INFO  Executed systemctl&lt;serv_mapper5&gt;, exit status 3
15:33:19 INFO  
15:33:19 INFO  Test duration: 85.09 secs
15:33:19 INFO  Test final outcome:  BLOCKED
15:33:19 INFO  Test outcome reason: AssertionError:
15:33:19 INFO  
</system-out>
	</testcase>
</testsuite>
