<?xml version="1.0" encoding="utf-8"?>
<testsuite failures="0" name="apt_update_list" skipped="0" tests="1" time="164.39" timestamp="2022-06-29T17:29:30">
	<testcase classname="AptPluginUpdateList" name="apt_update_list"/>
</testsuite>
