<?xml version="1.0" encoding="utf-8"?>
<testsuite failures="0" name="apt_remove" skipped="0" tests="1" time="66.08" timestamp="2022-07-21T18:49:10">
	<testcase classname="AptPluginRemoveDense" name="apt_remove"/>
</testsuite>
