<?xml version="1.0" encoding="utf-8"?>
<testsuite failures="1" name="SoftwareManagement.sm_apt_install_remove_multiple" skipped="0" tests="1" time="165.46" timestamp="2022-05-23T15:45:12">
	<testcase classname="PySysTest" name="SoftwareManagement.sm_apt_install_remove_multiple">
		<failure message="BLOCKED: SystemError: Timeout while waiting for status FAILED or SUCCESSFUL" type="BLOCKED"/>
		<system-out>15:42:26 INFO  ==============================================================
15:42:26 INFO  Id:    SoftwareManagement.sm_apt_install_remove_multiple
15:42:26 INFO  Dir:   software_management_end_to_end/
15:42:26 INFO  Title: Validate end to end behaviour for the apt plugin for multiple packages
15:42:26 INFO  ==============================================================
15:42:26 INFO  Using sw id database: {'asciijump': '5475369', 'robotfindskitten': '5474869', 'squirrel3': '5475279', 'rolldice': '5152439', 'moon-buggy': '5439204', 'apple': '5495053', 'banana': '5494888', 'cherry': '5495382', 'watermelon': '5494510', 'registry': '8018911', 'hello-world': '8021526', 'docker/getting-started': '8021973', 'alpine': '7991792'}
15:42:26 INFO  EnvironmentC8y Setup
15:42:27 INFO  Executed systemctl&lt;serv_mapper1&gt;, exit status 3
15:42:27 INFO  Restarting mosquitto too frequently in the last 10 seconds. It was only up for 5 seconds
15:42:27 INFO  Delaying execution by 6 seconds
15:42:47 INFO  Executed sudo&lt;tedge_connect_c8y&gt;, exit status 0, duration 14 secs
15:42:48 INFO  Executed sudo&lt;tedge_connect_c8y_test&gt;, exit status 0
15:42:48 INFO  Executed systemctl&lt;serv_mosq2&gt;, exit status 0
15:42:49 INFO  Executed systemctl&lt;serv_mapper3&gt;, exit status 0
15:42:51 INFO  State of current operation: PENDING
15:42:53 INFO  State of current operation: PENDING
15:42:56 INFO  State of current operation: PENDING
15:42:58 INFO  State of current operation: PENDING
15:43:00 INFO  State of current operation: PENDING
15:43:02 INFO  State of current operation: PENDING
15:43:04 INFO  State of current operation: PENDING
15:43:07 INFO  State of current operation: PENDING
15:43:09 INFO  State of current operation: PENDING
15:43:11 INFO  State of current operation: PENDING
15:43:13 INFO  State of current operation: PENDING
15:43:16 INFO  State of current operation: PENDING
15:43:18 INFO  State of current operation: PENDING
15:43:20 INFO  State of current operation: PENDING
15:43:22 INFO  State of current operation: PENDING
15:43:24 INFO  State of current operation: PENDING
15:43:27 INFO  State of current operation: PENDING
15:43:29 INFO  State of current operation: PENDING
15:43:31 INFO  State of current operation: PENDING
15:43:33 INFO  State of current operation: PENDING
15:43:36 INFO  State of current operation: PENDING
15:43:38 INFO  State of current operation: PENDING
15:43:40 INFO  State of current operation: PENDING
15:43:42 INFO  State of current operation: PENDING
15:43:45 INFO  State of current operation: PENDING
15:43:47 INFO  State of current operation: PENDING
15:43:49 INFO  State of current operation: PENDING
15:43:51 INFO  State of current operation: PENDING
15:43:53 INFO  State of current operation: PENDING
15:43:56 INFO  State of current operation: PENDING
15:43:58 INFO  State of current operation: PENDING
15:44:00 INFO  State of current operation: PENDING
15:44:02 INFO  State of current operation: PENDING
15:44:05 INFO  State of current operation: PENDING
15:44:07 INFO  State of current operation: PENDING
15:44:09 INFO  State of current operation: PENDING
15:44:12 INFO  State of current operation: PENDING
15:44:14 INFO  State of current operation: PENDING
15:44:16 INFO  State of current operation: PENDING
15:44:18 INFO  State of current operation: PENDING
15:44:21 INFO  State of current operation: PENDING
15:44:23 INFO  State of current operation: PENDING
15:44:25 INFO  State of current operation: PENDING
15:44:27 INFO  State of current operation: PENDING
15:44:29 INFO  State of current operation: PENDING
15:44:32 INFO  State of current operation: PENDING
15:44:34 INFO  State of current operation: PENDING
15:44:36 INFO  State of current operation: PENDING
15:44:38 INFO  State of current operation: PENDING
15:44:41 INFO  State of current operation: PENDING
15:44:43 INFO  State of current operation: PENDING
15:44:45 INFO  State of current operation: PENDING
15:44:47 INFO  State of current operation: PENDING
15:44:50 INFO  State of current operation: PENDING
15:44:52 INFO  State of current operation: PENDING
15:44:54 INFO  State of current operation: PENDING
15:44:56 INFO  State of current operation: PENDING
15:44:58 INFO  State of current operation: PENDING
15:45:01 INFO  State of current operation: PENDING
15:45:03 INFO  State of current operation: PENDING
15:45:05 INFO  State of current operation: PENDING
15:45:07 WARN  SystemError occurred while running test - Timeout while waiting for status FAILED or SUCCESSFUL
Traceback (most recent call last):
  File &quot;/home/pi/env-pysys/lib/python3.7/site-packages/pysys/baserunner.py&quot;, line 1292, in __call__
    self.testObj.setup()
  File &quot;/home/pi/actions-runner/_work/thin-edge.io/thin-edge.io/tests/PySys/software_management_end_to_end/sm_apt_install_remove_multiple/run.py&quot;, line 52, in setup
    super().setup()
  File &quot;/home/pi/actions-runner/_work/thin-edge.io/thin-edge.io/tests/PySys/software_management_end_to_end/environment_sm_management.py&quot;, line 151, in setup
    self.wait_until_end()
  File &quot;/home/pi/actions-runner/_work/thin-edge.io/thin-edge.io/tests/PySys/software_management_end_to_end/environment_sm_management.py&quot;, line 332, in wait_until_end
    self.wait_until_status(&quot;FAILED&quot;, &quot;SUCCESSFUL&quot;)
  File &quot;/home/pi/actions-runner/_work/thin-edge.io/thin-edge.io/tests/PySys/software_management_end_to_end/environment_sm_management.py&quot;, line 381, in wait_until_status
    &quot;Timeout while waiting for status %s or %s&quot; % (status, status2)
SystemError: Timeout while waiting for status FAILED or SUCCESSFUL
15:45:07 WARN  SystemError: Timeout while waiting for status FAILED or SUCCESSFUL ... blocked 
15:45:07 INFO  
15:45:07 INFO  cleanup:
15:45:11 INFO  Executed sudo&lt;tedge_disconnect_c8y&gt;, exit status 0
15:45:12 INFO  Executed systemctl&lt;serv_mapper5&gt;, exit status 3
15:45:12 INFO  
15:45:12 INFO  Test duration: 165.46 secs
15:45:12 INFO  Test final outcome:  BLOCKED
15:45:12 INFO  Test outcome reason: SystemError: Timeout while waiting for status FAILED or SUCCESSFUL
15:45:12 INFO  
</system-out>
	</testcase>
</testsuite>
