<?xml version="1.0" encoding="utf-8"?>
<testsuite failures="0" name="apt_remove_fail" skipped="0" tests="1" time="8.54" timestamp="2022-06-29T17:21:08">
	<testcase classname="AptPluginRemoveFails" name="apt_remove_fail"/>
</testsuite>
