<?xml version="1.0" encoding="utf-8"?>
<testsuite failures="0" name="apt_list_format" skipped="0" tests="1" time="2.96" timestamp="2022-07-13T11:57:37">
	<testcase classname="AptPluginListFormat" name="apt_list_format"/>
</testsuite>
