<?xml version="1.0" encoding="utf-8"?>
<testsuite failures="1" name="SoftwareManagement.sm_apt_install_remove_multiple_mixed" skipped="0" tests="1" time="166.06" timestamp="2022-05-23T19:57:04">
	<testcase classname="PySysTest" name="SoftwareManagement.sm_apt_install_remove_multiple_mixed">
		<failure message="BLOCKED: SystemError: Timeout while waiting for status FAILED or SUCCESSFUL" type="BLOCKED"/>
		<system-out>19:54:18 INFO  ==============================================================
19:54:18 INFO  Id:    SoftwareManagement.sm_apt_install_remove_multiple_mixed
19:54:18 INFO  Dir:   software_management_end_to_end/
19:54:18 INFO  Title: Validate end to end behaviour for the apt plugin for multiple packages with mixed versions
19:54:18 INFO  ==============================================================
19:54:18 INFO  Using sw id database: {'asciijump': '5475369', 'robotfindskitten': '5474869', 'squirrel3': '5475279', 'rolldice': '5152439', 'moon-buggy': '5439204', 'apple': '5495053', 'banana': '5494888', 'cherry': '5495382', 'watermelon': '5494510', 'registry': '8018911', 'hello-world': '8021526', 'docker/getting-started': '8021973', 'alpine': '7991792'}
19:54:18 INFO  EnvironmentC8y Setup
19:54:19 INFO  Executed systemctl&lt;serv_mapper1&gt;, exit status 3
19:54:19 INFO  Restarting mosquitto too frequently in the last 10 seconds. It was only up for 5 seconds
19:54:19 INFO  Delaying execution by 6 seconds
19:54:40 INFO  Executed sudo&lt;tedge_connect_c8y&gt;, exit status 0, duration 14 secs
19:54:41 INFO  Executed sudo&lt;tedge_connect_c8y_test&gt;, exit status 0
19:54:41 INFO  Executed systemctl&lt;serv_mosq2&gt;, exit status 0
19:54:41 INFO  Executed systemctl&lt;serv_mapper3&gt;, exit status 0
19:54:44 INFO  State of current operation: PENDING
19:54:46 INFO  State of current operation: PENDING
19:54:48 INFO  State of current operation: PENDING
19:54:50 INFO  State of current operation: PENDING
19:54:53 INFO  State of current operation: PENDING
19:54:55 INFO  State of current operation: PENDING
19:54:57 INFO  State of current operation: PENDING
19:55:00 INFO  State of current operation: PENDING
19:55:02 INFO  State of current operation: PENDING
19:55:04 INFO  State of current operation: PENDING
19:55:06 INFO  State of current operation: PENDING
19:55:08 INFO  State of current operation: PENDING
19:55:11 INFO  State of current operation: PENDING
19:55:13 INFO  State of current operation: PENDING
19:55:15 INFO  State of current operation: PENDING
19:55:17 INFO  State of current operation: PENDING
19:55:20 INFO  State of current operation: PENDING
19:55:22 INFO  State of current operation: PENDING
19:55:24 INFO  State of current operation: PENDING
19:55:26 INFO  State of current operation: PENDING
19:55:28 INFO  State of current operation: PENDING
19:55:31 INFO  State of current operation: PENDING
19:55:33 INFO  State of current operation: PENDING
19:55:35 INFO  State of current operation: PENDING
19:55:37 INFO  State of current operation: PENDING
19:55:40 INFO  State of current operation: PENDING
19:55:42 INFO  State of current operation: PENDING
19:55:44 INFO  State of current operation: PENDING
19:55:46 INFO  State of current operation: PENDING
19:55:49 INFO  State of current operation: PENDING
19:55:51 INFO  State of current operation: PENDING
19:55:53 INFO  State of current operation: PENDING
19:55:55 INFO  State of current operation: PENDING
19:55:57 INFO  State of current operation: PENDING
19:56:00 INFO  State of current operation: PENDING
19:56:02 INFO  State of current operation: PENDING
19:56:04 INFO  State of current operation: PENDING
19:56:06 INFO  State of current operation: PENDING
19:56:09 INFO  State of current operation: PENDING
19:56:11 INFO  State of current operation: PENDING
19:56:13 INFO  State of current operation: PENDING
19:56:15 INFO  State of current operation: PENDING
19:56:18 INFO  State of current operation: PENDING
19:56:20 INFO  State of current operation: PENDING
19:56:22 INFO  State of current operation: PENDING
19:56:24 INFO  State of current operation: PENDING
19:56:26 INFO  State of current operation: PENDING
19:56:29 INFO  State of current operation: PENDING
19:56:31 INFO  State of current operation: PENDING
19:56:33 INFO  State of current operation: PENDING
19:56:35 INFO  State of current operation: PENDING
19:56:38 INFO  State of current operation: PENDING
19:56:40 INFO  State of current operation: PENDING
19:56:42 INFO  State of current operation: PENDING
19:56:44 INFO  State of current operation: PENDING
19:56:47 INFO  State of current operation: PENDING
19:56:49 INFO  State of current operation: PENDING
19:56:51 INFO  State of current operation: PENDING
19:56:53 INFO  State of current operation: PENDING
19:56:55 INFO  State of current operation: PENDING
19:56:58 INFO  State of current operation: PENDING
19:57:00 WARN  SystemError occurred while running test - Timeout while waiting for status FAILED or SUCCESSFUL
Traceback (most recent call last):
  File &quot;/home/pi/env-pysys/lib/python3.7/site-packages/pysys/baserunner.py&quot;, line 1292, in __call__
    self.testObj.setup()
  File &quot;/home/pi/actions-runner/_work/thin-edge.io/thin-edge.io/tests/PySys/software_management_end_to_end/sm_apt_install_remove_multiple_mixed/run.py&quot;, line 73, in setup
    super().setup()
  File &quot;/home/pi/actions-runner/_work/thin-edge.io/thin-edge.io/tests/PySys/software_management_end_to_end/environment_sm_management.py&quot;, line 151, in setup
    self.wait_until_end()
  File &quot;/home/pi/actions-runner/_work/thin-edge.io/thin-edge.io/tests/PySys/software_management_end_to_end/environment_sm_management.py&quot;, line 332, in wait_until_end
    self.wait_until_status(&quot;FAILED&quot;, &quot;SUCCESSFUL&quot;)
  File &quot;/home/pi/actions-runner/_work/thin-edge.io/thin-edge.io/tests/PySys/software_management_end_to_end/environment_sm_management.py&quot;, line 381, in wait_until_status
    &quot;Timeout while waiting for status %s or %s&quot; % (status, status2)
SystemError: Timeout while waiting for status FAILED or SUCCESSFUL
19:57:00 WARN  SystemError: Timeout while waiting for status FAILED or SUCCESSFUL ... blocked 
19:57:00 INFO  
19:57:00 INFO  cleanup:
19:57:04 INFO  Executed sudo&lt;tedge_disconnect_c8y&gt;, exit status 0
19:57:04 INFO  Executed systemctl&lt;serv_mapper5&gt;, exit status 3
19:57:04 INFO  
19:57:04 INFO  Test duration: 166.06 secs
19:57:04 INFO  Test final outcome:  BLOCKED
19:57:04 INFO  Test outcome reason: SystemError: Timeout while waiting for status FAILED or SUCCESSFUL
19:57:04 INFO  
</system-out>
	</testcase>
</testsuite>
