<?xml version="1.0" encoding="utf-8"?>
<testsuite failures="0" name="apt_install" skipped="0" tests="1" time="64.43" timestamp="2022-07-27T09:34:40">
	<testcase classname="AptPluginInstallDense" name="apt_install"/>
</testsuite>
