<?xml version="1.0" encoding="utf-8"?>
<testsuite failures="1" name="SoftwareManagement.sm_apt_install_remove_with_version" skipped="0" tests="1" time="166.69" timestamp="2022-05-25T13:35:39">
	<testcase classname="PySysTest" name="SoftwareManagement.sm_apt_install_remove_with_version">
		<failure message="BLOCKED: SystemError: Timeout while waiting for status FAILED or SUCCESSFUL" type="BLOCKED"/>
		<system-out>13:32:52 INFO  ==============================================================
13:32:52 INFO  Id:    SoftwareManagement.sm_apt_install_remove_with_version
13:32:52 INFO  Dir:   software_management_end_to_end/
13:32:52 INFO  Title: Validate end to end behaviour for the apt plugin for packages with version
13:32:52 INFO  ==============================================================
13:32:52 INFO  Using sw id database: {'asciijump': '5475369', 'robotfindskitten': '5474869', 'squirrel3': '5475279', 'rolldice': '5152439', 'moon-buggy': '5439204', 'apple': '5495053', 'banana': '5494888', 'cherry': '5495382', 'watermelon': '5494510', 'registry': '8018911', 'hello-world': '8021526', 'docker/getting-started': '8021973', 'alpine': '7991792'}
13:32:52 INFO  EnvironmentC8y Setup
13:32:53 INFO  Executed systemctl&lt;serv_mapper1&gt;, exit status 3
13:32:53 INFO  Restarting mosquitto too frequently in the last 10 seconds. It was only up for 4 seconds
13:32:53 INFO  Delaying execution by 7 seconds
13:33:14 INFO  Executed sudo&lt;tedge_connect_c8y&gt;, exit status 0, duration 14 secs
13:33:15 INFO  Executed sudo&lt;tedge_connect_c8y_test&gt;, exit status 0
13:33:15 INFO  Executed systemctl&lt;serv_mosq2&gt;, exit status 0
13:33:16 INFO  Executed systemctl&lt;serv_mapper3&gt;, exit status 0
13:33:18 INFO  State of current operation: PENDING
13:33:20 INFO  State of current operation: PENDING
13:33:22 INFO  State of current operation: PENDING
13:33:25 INFO  State of current operation: PENDING
13:33:27 INFO  State of current operation: PENDING
13:33:29 INFO  State of current operation: PENDING
13:33:31 INFO  State of current operation: PENDING
13:33:34 INFO  State of current operation: PENDING
13:33:36 INFO  State of current operation: PENDING
13:33:38 INFO  State of current operation: PENDING
13:33:40 INFO  State of current operation: PENDING
13:33:42 INFO  State of current operation: PENDING
13:33:45 INFO  State of current operation: PENDING
13:33:47 INFO  State of current operation: PENDING
13:33:49 INFO  State of current operation: PENDING
13:33:51 INFO  State of current operation: PENDING
13:33:54 INFO  State of current operation: PENDING
13:33:56 INFO  State of current operation: PENDING
13:33:58 INFO  State of current operation: PENDING
13:34:00 INFO  State of current operation: PENDING
13:34:03 INFO  State of current operation: PENDING
13:34:05 INFO  State of current operation: PENDING
13:34:07 INFO  State of current operation: PENDING
13:34:09 INFO  State of current operation: PENDING
13:34:12 INFO  State of current operation: PENDING
13:34:14 INFO  State of current operation: PENDING
13:34:16 INFO  State of current operation: PENDING
13:34:18 INFO  State of current operation: PENDING
13:34:21 INFO  State of current operation: PENDING
13:34:23 INFO  State of current operation: PENDING
13:34:25 INFO  State of current operation: PENDING
13:34:27 INFO  State of current operation: PENDING
13:34:30 INFO  State of current operation: PENDING
13:34:32 INFO  State of current operation: PENDING
13:34:34 INFO  State of current operation: PENDING
13:34:36 INFO  State of current operation: PENDING
13:34:38 INFO  State of current operation: PENDING
13:34:41 INFO  State of current operation: PENDING
13:34:43 INFO  State of current operation: PENDING
13:34:45 INFO  State of current operation: PENDING
13:34:47 INFO  State of current operation: PENDING
13:34:50 INFO  State of current operation: PENDING
13:34:52 INFO  State of current operation: PENDING
13:34:54 INFO  State of current operation: PENDING
13:34:56 INFO  State of current operation: PENDING
13:34:59 INFO  State of current operation: PENDING
13:35:01 INFO  State of current operation: PENDING
13:35:03 INFO  State of current operation: PENDING
13:35:05 INFO  State of current operation: PENDING
13:35:08 INFO  State of current operation: PENDING
13:35:10 INFO  State of current operation: PENDING
13:35:12 INFO  State of current operation: PENDING
13:35:14 INFO  State of current operation: PENDING
13:35:16 INFO  State of current operation: PENDING
13:35:19 INFO  State of current operation: PENDING
13:35:21 INFO  State of current operation: PENDING
13:35:23 INFO  State of current operation: PENDING
13:35:25 INFO  State of current operation: PENDING
13:35:28 INFO  State of current operation: PENDING
13:35:30 INFO  State of current operation: PENDING
13:35:32 INFO  State of current operation: PENDING
13:35:34 WARN  SystemError occurred while running test - Timeout while waiting for status FAILED or SUCCESSFUL
Traceback (most recent call last):
  File &quot;/home/pi/env-pysys/lib/python3.7/site-packages/pysys/baserunner.py&quot;, line 1292, in __call__
    self.testObj.setup()
  File &quot;/home/pi/actions-runner/_work/thin-edge.io/thin-edge.io/tests/PySys/software_management_end_to_end/sm_apt_install_remove_with_version/run.py&quot;, line 27, in setup
    super().setup()
  File &quot;/home/pi/actions-runner/_work/thin-edge.io/thin-edge.io/tests/PySys/software_management_end_to_end/environment_sm_management.py&quot;, line 151, in setup
    self.wait_until_end()
  File &quot;/home/pi/actions-runner/_work/thin-edge.io/thin-edge.io/tests/PySys/software_management_end_to_end/environment_sm_management.py&quot;, line 332, in wait_until_end
    self.wait_until_status(&quot;FAILED&quot;, &quot;SUCCESSFUL&quot;)
  File &quot;/home/pi/actions-runner/_work/thin-edge.io/thin-edge.io/tests/PySys/software_management_end_to_end/environment_sm_management.py&quot;, line 381, in wait_until_status
    &quot;Timeout while waiting for status %s or %s&quot; % (status, status2)
SystemError: Timeout while waiting for status FAILED or SUCCESSFUL
13:35:34 WARN  SystemError: Timeout while waiting for status FAILED or SUCCESSFUL ... blocked 
13:35:34 INFO  
13:35:34 INFO  cleanup:
13:35:38 INFO  Executed sudo&lt;tedge_disconnect_c8y&gt;, exit status 0
13:35:39 INFO  Executed systemctl&lt;serv_mapper5&gt;, exit status 3
13:35:39 INFO  
13:35:39 INFO  Test duration: 166.69 secs
13:35:39 INFO  Test final outcome:  BLOCKED
13:35:39 INFO  Test outcome reason: SystemError: Timeout while waiting for status FAILED or SUCCESSFUL
13:35:39 INFO  
</system-out>
	</testcase>
</testsuite>
