<?xml version="1.0" encoding="utf-8"?>
<testsuite failures="1" name="SoftwareManagement.sm_apt_install_download_path" skipped="0" tests="1" time="86.0" timestamp="2022-06-10T09:47:20">
	<testcase classname="AptInstallWithDownloadPath" name="SoftwareManagement.sm_apt_install_download_path">
		<failure message="BLOCKED: AssertionError:" type="BLOCKED"/>
		<system-out>09:45:54 INFO  ==============================================================
09:45:54 INFO  Id:    SoftwareManagement.sm_apt_install_download_path
09:45:54 INFO  Dir:   software_management_end_to_end/
09:45:54 INFO  Title: Install package to directory specified in tedge config set tmp.path
09:45:54 INFO  ==============================================================
09:45:54 INFO  Using sw id database: {'asciijump': '5475369', 'robotfindskitten': '5474869', 'squirrel3': '5475279', 'rolldice': '5152439', 'moon-buggy': '5439204', 'apple': '5495053', 'banana': '5494888', 'cherry': '5495382', 'watermelon': '5494510', 'registry': '8018911', 'hello-world': '8021526', 'docker/getting-started': '8021973', 'alpine': '7991792'}
09:45:54 INFO  EnvironmentC8y Setup
09:45:55 INFO  Executed systemctl&lt;serv_mapper1&gt;, exit status 3
09:46:10 INFO  Executed sudo&lt;tedge_connect_c8y&gt;, exit status 0, duration 14 secs
09:46:11 INFO  Executed sudo&lt;tedge_connect_c8y_test&gt;, exit status 0
09:46:12 INFO  Executed systemctl&lt;serv_mosq2&gt;, exit status 0
09:46:13 INFO  Executed systemctl&lt;serv_mapper3&gt;, exit status 0
09:46:15 ERROR No operations found, assuming it passed
09:46:16 INFO  Assert that (False == value) with value=False ... passed
09:46:16 INFO  Executed sudo, exit status 0
09:46:17 INFO  Executed sudo, exit status 0
09:46:17 INFO  Executed sudo, exit status 0
09:46:22 INFO  Executed sudo&lt;tedge_disconnect_c8y&gt;, exit status 0
09:46:22 INFO  Restarting mosquitto too frequently in the last 10 seconds. It was only up for 3 seconds
09:46:22 INFO  Delaying execution by 8 seconds
09:46:43 INFO  Executed sudo&lt;tedge_connect_c8y&gt;, exit status 0, duration 13 secs
09:46:44 INFO  Response status: 201
09:46:44 INFO  Response to action: {
    &quot;delivery&quot;: {
        &quot;log&quot;: [],
        &quot;time&quot;: &quot;2022-06-10T09:46:44.171Z&quot;,
        &quot;status&quot;: &quot;PENDING&quot;
    },
    &quot;creationTime&quot;: &quot;2022-06-10T09:46:44.147Z&quot;,
    &quot;deviceId&quot;: &quot;20095378&quot;,
    &quot;deviceName&quot;: &quot;m32sd10b&quot;,
    &quot;self&quot;: &quot;https://t493319102.eu-latest.cumulocity.com/devicecontrol/operations/20121675&quot;,
    &quot;id&quot;: &quot;20121675&quot;,
    &quot;status&quot;: &quot;PENDING&quot;,
    &quot;description&quot;: &quot;Apply software changes, triggered from PySys: [{'name': 'rolldice', 'id': '5152439', 'version': '::apt', 'url': 'https://thin-edge-io.eu-latest.cumulocity.com/inventory/binaries/12435463', 'action': 'install'}]&quot;,
    &quot;c8y_SoftwareUpdate&quot;: [
        {
            &quot;name&quot;: &quot;rolldice&quot;,
            &quot;action&quot;: &quot;install&quot;,
            &quot;id&quot;: &quot;5152439&quot;,
            &quot;version&quot;: &quot;::apt&quot;,
            &quot;url&quot;: &quot;https://thin-edge-io.eu-latest.cumulocity.com/inventory/binaries/12435463&quot;
        }
    ]
}
09:46:44 INFO  Started operation: {'delivery': {'log': [], 'time': '2022-06-10T09:46:44.171Z', 'status': 'PENDING'}, 'creationTime': '2022-06-10T09:46:44.147Z', 'deviceId': '20095378', 'deviceName': 'm32sd10b', 'self': 'https://t493319102.eu-latest.cumulocity.com/devicecontrol/operations/20121675', 'id': '20121675', 'status': 'PENDING', 'description': &quot;Apply software changes, triggered from PySys: [{'name': 'rolldice', 'id': '5152439', 'version': '::apt', 'url': 'https://thin-edge-io.eu-latest.cumulocity.com/inventory/binaries/12435463', 'action': 'install'}]&quot;, 'c8y_SoftwareUpdate': [{'name': 'rolldice', 'action': 'install', 'id': '5152439', 'version': '::apt', 'url': 'https://thin-edge-io.eu-latest.cumulocity.com/inventory/binaries/12435463'}]}
09:46:44 WARN  , retrying in 0.5 seconds...
09:46:44 WARN  , retrying in 0.5 seconds...
09:46:45 WARN  , retrying in 0.5 seconds...
09:46:45 WARN  , retrying in 0.5 seconds...
09:46:46 WARN  , retrying in 0.5 seconds...
09:46:46 WARN  , retrying in 0.5 seconds...
09:46:47 WARN  , retrying in 0.5 seconds...
09:46:47 WARN  , retrying in 0.5 seconds...
09:46:48 WARN  , retrying in 0.5 seconds...
09:46:48 WARN  AssertionError occurred while running test - 
Traceback (most recent call last):
  File &quot;/home/pi/env-pysys/lib/python3.7/site-packages/pysys/baserunner.py&quot;, line 1294, in __call__
    self.testObj.execute()
  File &quot;/home/pi/actions-runner/_work/thin-edge.io/thin-edge.io/tests/PySys/software_management_end_to_end/sm_apt_install_download_path/run.py&quot;, line 83, in execute
    assert_install_in_download_path(install_directory=self.DOWNLOAD_DIR)
  File &quot;/home/pi/env-pysys/lib/python3.7/site-packages/decorator.py&quot;, line 232, in fun
    return caller(func, *(extras + args), **kw)
  File &quot;/home/pi/env-pysys/lib/python3.7/site-packages/retry/api.py&quot;, line 74, in retry_decorator
    logger)
  File &quot;/home/pi/env-pysys/lib/python3.7/site-packages/retry/api.py&quot;, line 33, in __retry_internal
    return f()
  File &quot;/home/pi/actions-runner/_work/thin-edge.io/thin-edge.io/tests/PySys/software_management_end_to_end/sm_apt_install_download_path/run.py&quot;, line 28, in assert_install_in_download_path
    assert &quot;rolldice&quot; in os.listdir(f&quot;{install_directory}&quot;)
AssertionError
09:46:49 WARN  AssertionError: ... blocked 
09:46:49 INFO  
09:46:49 INFO  cleanup:
09:46:50 INFO  Executed sudo, exit status 0
09:46:50 INFO  Executed sudo, exit status 0
09:46:54 INFO  Executed sudo&lt;tedge_disconnect_c8y&gt;, exit status 0
09:46:54 INFO  Restarting mosquitto too frequently in the last 10 seconds. It was only up for 4 seconds
09:46:54 INFO  Delaying execution by 7 seconds
09:47:15 INFO  Executed sudo&lt;tedge_connect_c8y&gt;, exit status 0, duration 14 secs
09:47:20 INFO  Executed sudo&lt;tedge_disconnect_c8y&gt;, exit status 0
09:47:20 INFO  Executed systemctl&lt;serv_mapper5&gt;, exit status 3
09:47:20 INFO  
09:47:20 INFO  Test duration: 86.00 secs
09:47:20 INFO  Test final outcome:  BLOCKED
09:47:20 INFO  Test outcome reason: AssertionError:
09:47:20 INFO  
</system-out>
	</testcase>
</testsuite>
