<?xml version="1.0" encoding="utf-8"?>
<testsuite failures="1" name="SoftwareManagement.sm_apt_install_remove" skipped="0" tests="1" time="165.16" timestamp="2022-05-23T14:01:26">
	<testcase classname="PySysTest" name="SoftwareManagement.sm_apt_install_remove">
		<failure message="BLOCKED: SystemError: Timeout while waiting for status FAILED or SUCCESSFUL" type="BLOCKED"/>
		<system-out>13:58:40 INFO  ==============================================================
13:58:40 INFO  Id:    SoftwareManagement.sm_apt_install_remove
13:58:40 INFO  Dir:   software_management_end_to_end/
13:58:40 INFO  Title: Validate end to end behaviour for the apt plugin for installation and removal of packages
13:58:40 INFO  ==============================================================
13:58:40 INFO  Using sw id database: {'asciijump': '5475369', 'robotfindskitten': '5474869', 'squirrel3': '5475279', 'rolldice': '5152439', 'moon-buggy': '5439204', 'apple': '5495053', 'banana': '5494888', 'cherry': '5495382', 'watermelon': '5494510', 'registry': '8018911', 'hello-world': '8021526', 'docker/getting-started': '8021973', 'alpine': '7991792'}
13:58:40 INFO  EnvironmentC8y Setup
13:58:41 INFO  Executed systemctl&lt;serv_mapper1&gt;, exit status 3
13:58:41 INFO  Restarting mosquitto too frequently in the last 10 seconds. It was only up for 5 seconds
13:58:41 INFO  Delaying execution by 6 seconds
13:59:01 INFO  Executed sudo&lt;tedge_connect_c8y&gt;, exit status 0, duration 14 secs
13:59:02 INFO  Executed sudo&lt;tedge_connect_c8y_test&gt;, exit status 0
13:59:02 INFO  Executed systemctl&lt;serv_mosq2&gt;, exit status 0
13:59:03 INFO  Executed systemctl&lt;serv_mapper3&gt;, exit status 0
13:59:05 INFO  State of current operation: PENDING
13:59:07 INFO  State of current operation: PENDING
13:59:09 INFO  State of current operation: PENDING
13:59:12 INFO  State of current operation: PENDING
13:59:14 INFO  State of current operation: PENDING
13:59:16 INFO  State of current operation: PENDING
13:59:18 INFO  State of current operation: PENDING
13:59:21 INFO  State of current operation: PENDING
13:59:23 INFO  State of current operation: PENDING
13:59:25 INFO  State of current operation: PENDING
13:59:27 INFO  State of current operation: PENDING
13:59:30 INFO  State of current operation: PENDING
13:59:32 INFO  State of current operation: PENDING
13:59:34 INFO  State of current operation: PENDING
13:59:36 INFO  State of current operation: PENDING
13:59:38 INFO  State of current operation: PENDING
13:59:41 INFO  State of current operation: PENDING
13:59:43 INFO  State of current operation: PENDING
13:59:45 INFO  State of current operation: PENDING
13:59:47 INFO  State of current operation: PENDING
13:59:50 INFO  State of current operation: PENDING
13:59:52 INFO  State of current operation: PENDING
13:59:54 INFO  State of current operation: PENDING
13:59:56 INFO  State of current operation: PENDING
13:59:59 INFO  State of current operation: PENDING
14:00:01 INFO  State of current operation: PENDING
14:00:03 INFO  State of current operation: PENDING
14:00:05 INFO  State of current operation: PENDING
14:00:07 INFO  State of current operation: PENDING
14:00:10 INFO  State of current operation: PENDING
14:00:12 INFO  State of current operation: PENDING
14:00:14 INFO  State of current operation: PENDING
14:00:16 INFO  State of current operation: PENDING
14:00:19 INFO  State of current operation: PENDING
14:00:21 INFO  State of current operation: PENDING
14:00:23 INFO  State of current operation: PENDING
14:00:25 INFO  State of current operation: PENDING
14:00:28 INFO  State of current operation: PENDING
14:00:30 INFO  State of current operation: PENDING
14:00:32 INFO  State of current operation: PENDING
14:00:34 INFO  State of current operation: PENDING
14:00:36 INFO  State of current operation: PENDING
14:00:39 INFO  State of current operation: PENDING
14:00:41 INFO  State of current operation: PENDING
14:00:43 INFO  State of current operation: PENDING
14:00:45 INFO  State of current operation: PENDING
14:00:48 INFO  State of current operation: PENDING
14:00:50 INFO  State of current operation: PENDING
14:00:52 INFO  State of current operation: PENDING
14:00:54 INFO  State of current operation: PENDING
14:00:57 INFO  State of current operation: PENDING
14:00:59 INFO  State of current operation: PENDING
14:01:01 INFO  State of current operation: PENDING
14:01:03 INFO  State of current operation: PENDING
14:01:05 INFO  State of current operation: PENDING
14:01:08 INFO  State of current operation: PENDING
14:01:10 INFO  State of current operation: PENDING
14:01:12 INFO  State of current operation: PENDING
14:01:14 INFO  State of current operation: PENDING
14:01:17 INFO  State of current operation: PENDING
14:01:19 INFO  State of current operation: PENDING
14:01:21 WARN  SystemError occurred while running test - Timeout while waiting for status FAILED or SUCCESSFUL
Traceback (most recent call last):
  File &quot;/home/pi/env-pysys/lib/python3.7/site-packages/pysys/baserunner.py&quot;, line 1292, in __call__
    self.testObj.setup()
  File &quot;/home/pi/actions-runner/_work/thin-edge.io/thin-edge.io/tests/PySys/software_management_end_to_end/sm_apt_install_remove/run.py&quot;, line 27, in setup
    super().setup()
  File &quot;/home/pi/actions-runner/_work/thin-edge.io/thin-edge.io/tests/PySys/software_management_end_to_end/environment_sm_management.py&quot;, line 151, in setup
    self.wait_until_end()
  File &quot;/home/pi/actions-runner/_work/thin-edge.io/thin-edge.io/tests/PySys/software_management_end_to_end/environment_sm_management.py&quot;, line 332, in wait_until_end
    self.wait_until_status(&quot;FAILED&quot;, &quot;SUCCESSFUL&quot;)
  File &quot;/home/pi/actions-runner/_work/thin-edge.io/thin-edge.io/tests/PySys/software_management_end_to_end/environment_sm_management.py&quot;, line 381, in wait_until_status
    &quot;Timeout while waiting for status %s or %s&quot; % (status, status2)
SystemError: Timeout while waiting for status FAILED or SUCCESSFUL
14:01:21 WARN  SystemError: Timeout while waiting for status FAILED or SUCCESSFUL ... blocked 
14:01:21 INFO  
14:01:21 INFO  cleanup:
14:01:25 INFO  Executed sudo&lt;tedge_disconnect_c8y&gt;, exit status 0
14:01:26 INFO  Executed systemctl&lt;serv_mapper5&gt;, exit status 3
14:01:26 INFO  
14:01:26 INFO  Test duration: 165.16 secs
14:01:26 INFO  Test final outcome:  BLOCKED
14:01:26 INFO  Test outcome reason: SystemError: Timeout while waiting for status FAILED or SUCCESSFUL
14:01:26 INFO  
</system-out>
	</testcase>
</testsuite>
