<?xml version="1.0" encoding="utf-8"?>
<testsuite failures="1" name="SoftwareManagement.sm_apt_install_remove_multiple" skipped="0" tests="1" time="179.99" timestamp="2022-07-13T12:20:29">
	<testcase classname="PySysTest" name="SoftwareManagement.sm_apt_install_remove_multiple">
		<failure message="FAILED: Assert that (False == value) with value=True" type="FAILED"/>
		<system-out>12:17:29 INFO  ==============================================================
12:17:29 INFO  Id:    SoftwareManagement.sm_apt_install_remove_multiple
12:17:29 INFO  Dir:   software_management_end_to_end/
12:17:29 INFO  Title: Validate end to end behaviour for the apt plugin for multiple packages
12:17:29 INFO  ==============================================================
12:17:29 INFO  Using sw id database: {'asciijump': '5475369', 'robotfindskitten': '5474869', 'squirrel3': '5475279', 'rolldice': '5152439', 'moon-buggy': '5439204', 'apple': '5495053', 'banana': '5494888', 'cherry': '5495382', 'watermelon': '5494510', 'registry': '8018911', 'hello-world': '8021526', 'docker/getting-started': '8021973', 'alpine': '7991792'}
12:17:29 INFO  EnvironmentC8y Setup
12:17:29 INFO  Executed systemctl&lt;serv_mapper1&gt;, exit status 3
12:17:29 INFO  Restarting mosquitto too frequently in the last 10 seconds. It was only up for 5 seconds
12:17:29 INFO  Delaying execution by 6 seconds
12:17:50 INFO  Executed sudo&lt;tedge_connect_c8y&gt;, exit status 0, duration 14 secs
12:17:50 INFO  Executed sudo&lt;tedge_connect_c8y_test&gt;, exit status 0
12:17:51 INFO  Executed systemctl&lt;serv_mosq2&gt;, exit status 0
12:17:51 INFO  Executed systemctl&lt;serv_mapper3&gt;, exit status 0
12:17:53 INFO  State of current operation: SUCCESSFUL
12:17:54 INFO  Assert that (False == value) with value=False ... passed
12:17:54 INFO  Assert that (False == value) with value=False ... passed
12:17:54 INFO  Assert that (False == value) with value=False ... passed
12:17:54 INFO  Package robotfindskitten is installed
12:17:54 WARN  Assert that (False == value) with value=True ... failed 
12:17:55 INFO  Response status: 201
12:17:55 INFO  Response to action: {
    &quot;creationTime&quot;: &quot;2022-07-13T12:17:55.138Z&quot;,
    &quot;deviceName&quot;: &quot;m32sd10b&quot;,
    &quot;deviceId&quot;: &quot;20878063&quot;,
    &quot;self&quot;: &quot;https://t493319102.eu-latest.cumulocity.com/devicecontrol/operations/20885418&quot;,
    &quot;id&quot;: &quot;20885418&quot;,
    &quot;status&quot;: &quot;PENDING&quot;,
    &quot;description&quot;: &quot;Apply software changes, triggered from PySys: [{'action': 'install', 'id': '5475369', 'name': 'asciijump', 'url': ' ', 'version': '::apt'}, {'action': 'install', 'id': '5474869', 'name': 'robotfindskitten', 'url': ' ', 'version': '::apt'}, {'action': 'install', 'id': '5475279', 'name': 'squirrel3', 'url': ' ', 'version': '::apt'}]&quot;,
    &quot;c8y_SoftwareUpdate&quot;: [
        {
            &quot;name&quot;: &quot;asciijump&quot;,
            &quot;action&quot;: &quot;install&quot;,
            &quot;id&quot;: &quot;5475369&quot;,
            &quot;version&quot;: &quot;::apt&quot;,
            &quot;url&quot;: &quot; &quot;
        },
        {
            &quot;name&quot;: &quot;robotfindskitten&quot;,
            &quot;action&quot;: &quot;install&quot;,
            &quot;id&quot;: &quot;5474869&quot;,
            &quot;version&quot;: &quot;::apt&quot;,
            &quot;url&quot;: &quot; &quot;
        },
        {
            &quot;name&quot;: &quot;squirrel3&quot;,
            &quot;action&quot;: &quot;install&quot;,
            &quot;id&quot;: &quot;5475279&quot;,
            &quot;version&quot;: &quot;::apt&quot;,
            &quot;url&quot;: &quot; &quot;
        }
    ]
}
12:17:55 INFO  Started operation: {'creationTime': '2022-07-13T12:17:55.138Z', 'deviceName': 'm32sd10b', 'deviceId': '20878063', 'self': 'https://t493319102.eu-latest.cumulocity.com/devicecontrol/operations/20885418', 'id': '20885418', 'status': 'PENDING', 'description': &quot;Apply software changes, triggered from PySys: [{'action': 'install', 'id': '5475369', 'name': 'asciijump', 'url': ' ', 'version': '::apt'}, {'action': 'install', 'id': '5474869', 'name': 'robotfindskitten', 'url': ' ', 'version': '::apt'}, {'action': 'install', 'id': '5475279', 'name': 'squirrel3', 'url': ' ', 'version': '::apt'}]&quot;, 'c8y_SoftwareUpdate': [{'name': 'asciijump', 'action': 'install', 'id': '5475369', 'version': '::apt', 'url': ' '}, {'name': 'robotfindskitten', 'action': 'install', 'id': '5474869', 'version': '::apt', 'url': ' '}, {'name': 'squirrel3', 'action': 'install', 'id': '5475279', 'version': '::apt', 'url': ' '}]}
12:17:57 INFO  State of operation 20885418 : PENDING
12:17:59 INFO  State of operation 20885418 : EXECUTING
12:18:02 INFO  State of operation 20885418 : EXECUTING
12:18:04 INFO  State of operation 20885418 : EXECUTING
12:18:06 INFO  State of operation 20885418 : EXECUTING
12:18:08 INFO  State of operation 20885418 : EXECUTING
12:18:11 INFO  State of operation 20885418 : EXECUTING
12:18:14 INFO  State of operation 20885418 : EXECUTING
12:18:17 INFO  State of operation 20885418 : EXECUTING
12:18:19 INFO  State of operation 20885418 : EXECUTING
12:18:21 INFO  State of operation 20885418 : EXECUTING
12:18:23 INFO  State of operation 20885418 : EXECUTING
12:18:25 INFO  State of operation 20885418 : EXECUTING
12:18:28 INFO  State of operation 20885418 : EXECUTING
12:18:30 INFO  State of operation 20885418 : EXECUTING
12:18:32 INFO  State of operation 20885418 : EXECUTING
12:18:35 INFO  State of operation 20885418 : EXECUTING
12:18:37 INFO  State of operation 20885418 : EXECUTING
12:18:40 INFO  State of operation 20885418 : EXECUTING
12:18:42 INFO  State of operation 20885418 : EXECUTING
12:18:44 INFO  State of operation 20885418 : EXECUTING
12:18:47 INFO  State of operation 20885418 : EXECUTING
12:18:49 INFO  State of operation 20885418 : EXECUTING
12:18:52 INFO  State of operation 20885418 : EXECUTING
12:18:54 INFO  State of operation 20885418 : EXECUTING
12:18:57 INFO  State of operation 20885418 : EXECUTING
12:18:59 INFO  State of operation 20885418 : EXECUTING
12:19:02 INFO  State of operation 20885418 : EXECUTING
12:19:04 INFO  State of operation 20885418 : EXECUTING
12:19:07 INFO  State of operation 20885418 : EXECUTING
12:19:09 INFO  State of operation 20885418 : EXECUTING
12:19:11 INFO  State of operation 20885418 : EXECUTING
12:19:13 INFO  State of operation 20885418 : EXECUTING
12:19:16 INFO  State of operation 20885418 : SUCCESSFUL
12:19:16 INFO  Assert that (False == value) with value=False ... passed
12:19:16 INFO  Package asciijump is installed
12:19:16 INFO  Assert that (True == value) with value=True ... passed
12:19:16 INFO  Package squirrel3 is installed
12:19:16 INFO  Assert that (True == value) with value=True ... passed
12:19:17 INFO  Package robotfindskitten is installed
12:19:17 INFO  Assert that (True == value) with value=True ... passed
12:19:17 INFO  Response status: 201
12:19:17 INFO  Response to action: {
    &quot;creationTime&quot;: &quot;2022-07-13T12:19:17.358Z&quot;,
    &quot;deviceName&quot;: &quot;m32sd10b&quot;,
    &quot;deviceId&quot;: &quot;20878063&quot;,
    &quot;self&quot;: &quot;https://t493319102.eu-latest.cumulocity.com/devicecontrol/operations/20885429&quot;,
    &quot;id&quot;: &quot;20885429&quot;,
    &quot;status&quot;: &quot;PENDING&quot;,
    &quot;description&quot;: &quot;Apply software changes, triggered from PySys: [{'action': 'delete', 'id': '5475369', 'name': 'asciijump', 'url': ' ', 'version': '::apt'}, {'action': 'delete', 'id': '5474869', 'name': 'robotfindskitten', 'url': ' ', 'version': '::apt'}, {'action': 'delete', 'id': '5475279', 'name': 'squirrel3', 'url': ' ', 'version': '::apt'}]&quot;,
    &quot;c8y_SoftwareUpdate&quot;: [
        {
            &quot;name&quot;: &quot;asciijump&quot;,
            &quot;action&quot;: &quot;delete&quot;,
            &quot;id&quot;: &quot;5475369&quot;,
            &quot;version&quot;: &quot;::apt&quot;,
            &quot;url&quot;: &quot; &quot;
        },
        {
            &quot;name&quot;: &quot;robotfindskitten&quot;,
            &quot;action&quot;: &quot;delete&quot;,
            &quot;id&quot;: &quot;5474869&quot;,
            &quot;version&quot;: &quot;::apt&quot;,
            &quot;url&quot;: &quot; &quot;
        },
        {
            &quot;name&quot;: &quot;squirrel3&quot;,
            &quot;action&quot;: &quot;delete&quot;,
            &quot;id&quot;: &quot;5475279&quot;,
            &quot;version&quot;: &quot;::apt&quot;,
            &quot;url&quot;: &quot; &quot;
        }
    ]
}
12:19:17 INFO  Started operation: {'creationTime': '2022-07-13T12:19:17.358Z', 'deviceName': 'm32sd10b', 'deviceId': '20878063', 'self': 'https://t493319102.eu-latest.cumulocity.com/devicecontrol/operations/20885429', 'id': '20885429', 'status': 'PENDING', 'description': &quot;Apply software changes, triggered from PySys: [{'action': 'delete', 'id': '5475369', 'name': 'asciijump', 'url': ' ', 'version': '::apt'}, {'action': 'delete', 'id': '5474869', 'name': 'robotfindskitten', 'url': ' ', 'version': '::apt'}, {'action': 'delete', 'id': '5475279', 'name': 'squirrel3', 'url': ' ', 'version': '::apt'}]&quot;, 'c8y_SoftwareUpdate': [{'name': 'asciijump', 'action': 'delete', 'id': '5475369', 'version': '::apt', 'url': ' '}, {'name': 'robotfindskitten', 'action': 'delete', 'id': '5474869', 'version': '::apt', 'url': ' '}, {'name': 'squirrel3', 'action': 'delete', 'id': '5475279', 'version': '::apt', 'url': ' '}]}
12:19:19 INFO  State of operation 20885429 : PENDING
12:19:21 INFO  State of operation 20885429 : EXECUTING
12:19:24 INFO  State of operation 20885429 : EXECUTING
12:19:26 INFO  State of operation 20885429 : EXECUTING
12:19:28 INFO  State of operation 20885429 : EXECUTING
12:19:30 INFO  State of operation 20885429 : EXECUTING
12:19:33 INFO  State of operation 20885429 : EXECUTING
12:19:36 INFO  State of operation 20885429 : EXECUTING
12:19:38 INFO  State of operation 20885429 : EXECUTING
12:19:41 INFO  State of operation 20885429 : EXECUTING
12:19:43 INFO  State of operation 20885429 : EXECUTING
12:19:45 INFO  State of operation 20885429 : EXECUTING
12:19:47 INFO  State of operation 20885429 : EXECUTING
12:19:50 INFO  State of operation 20885429 : EXECUTING
12:19:52 INFO  State of operation 20885429 : EXECUTING
12:19:54 INFO  State of operation 20885429 : EXECUTING
12:19:57 INFO  State of operation 20885429 : EXECUTING
12:19:59 INFO  State of operation 20885429 : EXECUTING
12:20:02 INFO  State of operation 20885429 : EXECUTING
12:20:04 INFO  State of operation 20885429 : EXECUTING
12:20:07 INFO  State of operation 20885429 : EXECUTING
12:20:09 INFO  State of operation 20885429 : EXECUTING
12:20:11 INFO  State of operation 20885429 : EXECUTING
12:20:13 INFO  State of operation 20885429 : EXECUTING
12:20:16 INFO  State of operation 20885429 : EXECUTING
12:20:18 INFO  State of operation 20885429 : EXECUTING
12:20:21 INFO  State of operation 20885429 : EXECUTING
12:20:23 INFO  State of operation 20885429 : SUCCESSFUL
12:20:23 INFO  Assert that (False == value) with value=False ... passed
12:20:23 INFO  Assert that (False == value) with value=False ... passed
12:20:24 INFO  Assert that (False == value) with value=False ... passed
12:20:24 INFO  Assert that (False == value) with value=False ... passed
12:20:24 INFO  
12:20:24 INFO  cleanup:
12:20:28 INFO  Executed sudo&lt;tedge_disconnect_c8y&gt;, exit status 0
12:20:29 INFO  Executed systemctl&lt;serv_mapper5&gt;, exit status 3
12:20:29 INFO  
12:20:29 INFO  Test duration: 179.99 secs
12:20:29 INFO  Test final outcome:  FAILED
12:20:29 INFO  Test outcome reason: Assert that (False == value) with value=True
12:20:29 INFO  
</system-out>
	</testcase>
</testsuite>
