<?xml version="1.0" encoding="utf-8"?>
<testsuite failures="1" name="SoftwareManagement.sm_apt_install_fail" skipped="0" tests="1" time="165.23" timestamp="2022-06-02T09:12:46">
	<testcase classname="PySysTest" name="SoftwareManagement.sm_apt_install_fail">
		<failure message="BLOCKED: SystemError: Timeout while waiting for status FAILED or SUCCESSFUL" type="BLOCKED"/>
		<system-out>09:10:01 INFO  ==============================================================
09:10:01 INFO  Id:    SoftwareManagement.sm_apt_install_fail
09:10:01 INFO  Dir:   software_management_end_to_end/
09:10:01 INFO  Title: Validate end to end behaviour for a failing installation
09:10:01 INFO  ==============================================================
09:10:01 INFO  Using sw id database: {'asciijump': '5475369', 'robotfindskitten': '5474869', 'squirrel3': '5475279', 'rolldice': '5152439', 'moon-buggy': '5439204', 'apple': '5495053', 'banana': '5494888', 'cherry': '5495382', 'watermelon': '5494510', 'registry': '8018911', 'hello-world': '8021526', 'docker/getting-started': '8021973', 'alpine': '7991792'}
09:10:01 INFO  EnvironmentC8y Setup
09:10:01 INFO  Executed systemctl&lt;serv_mapper1&gt;, exit status 3
09:10:01 INFO  Restarting mosquitto too frequently in the last 10 seconds. It was only up for 5 seconds
09:10:01 INFO  Delaying execution by 6 seconds
09:10:21 INFO  Executed sudo&lt;tedge_connect_c8y&gt;, exit status 0, duration 13 secs
09:10:22 INFO  Executed sudo&lt;tedge_connect_c8y_test&gt;, exit status 0
09:10:22 INFO  Executed systemctl&lt;serv_mosq2&gt;, exit status 0
09:10:23 INFO  Executed systemctl&lt;serv_mapper3&gt;, exit status 0
09:10:25 INFO  State of current operation: PENDING
09:10:27 INFO  State of current operation: PENDING
09:10:29 INFO  State of current operation: PENDING
09:10:32 INFO  State of current operation: PENDING
09:10:34 INFO  State of current operation: PENDING
09:10:36 INFO  State of current operation: PENDING
09:10:38 INFO  State of current operation: PENDING
09:10:40 INFO  State of current operation: PENDING
09:10:43 INFO  State of current operation: PENDING
09:10:45 INFO  State of current operation: PENDING
09:10:47 INFO  State of current operation: PENDING
09:10:49 INFO  State of current operation: PENDING
09:10:52 INFO  State of current operation: PENDING
09:10:54 INFO  State of current operation: PENDING
09:10:56 INFO  State of current operation: PENDING
09:10:58 INFO  State of current operation: PENDING
09:11:01 INFO  State of current operation: PENDING
09:11:03 INFO  State of current operation: PENDING
09:11:05 INFO  State of current operation: PENDING
09:11:07 INFO  State of current operation: PENDING
09:11:09 INFO  State of current operation: PENDING
09:11:12 INFO  State of current operation: PENDING
09:11:14 INFO  State of current operation: PENDING
09:11:16 INFO  State of current operation: PENDING
09:11:19 INFO  State of current operation: PENDING
09:11:21 INFO  State of current operation: PENDING
09:11:23 INFO  State of current operation: PENDING
09:11:25 INFO  State of current operation: PENDING
09:11:27 INFO  State of current operation: PENDING
09:11:30 INFO  State of current operation: PENDING
09:11:32 INFO  State of current operation: PENDING
09:11:34 INFO  State of current operation: PENDING
09:11:36 INFO  State of current operation: PENDING
09:11:39 INFO  State of current operation: PENDING
09:11:41 INFO  State of current operation: PENDING
09:11:43 INFO  State of current operation: PENDING
09:11:45 INFO  State of current operation: PENDING
09:11:48 INFO  State of current operation: PENDING
09:11:50 INFO  State of current operation: PENDING
09:11:52 INFO  State of current operation: PENDING
09:11:54 INFO  State of current operation: PENDING
09:11:56 INFO  State of current operation: PENDING
09:11:59 INFO  State of current operation: PENDING
09:12:01 INFO  State of current operation: PENDING
09:12:03 INFO  State of current operation: PENDING
09:12:05 INFO  State of current operation: PENDING
09:12:08 INFO  State of current operation: PENDING
09:12:10 INFO  State of current operation: PENDING
09:12:12 INFO  State of current operation: PENDING
09:12:14 INFO  State of current operation: PENDING
09:12:17 INFO  State of current operation: PENDING
09:12:19 INFO  State of current operation: PENDING
09:12:21 INFO  State of current operation: PENDING
09:12:23 INFO  State of current operation: PENDING
09:12:25 INFO  State of current operation: PENDING
09:12:28 INFO  State of current operation: PENDING
09:12:30 INFO  State of current operation: PENDING
09:12:32 INFO  State of current operation: PENDING
09:12:35 INFO  State of current operation: PENDING
09:12:37 INFO  State of current operation: PENDING
09:12:39 INFO  State of current operation: PENDING
09:12:41 WARN  SystemError occurred while running test - Timeout while waiting for status FAILED or SUCCESSFUL
Traceback (most recent call last):
  File &quot;/home/pi/env-pysys/lib/python3.7/site-packages/pysys/baserunner.py&quot;, line 1292, in __call__
    self.testObj.setup()
  File &quot;/home/pi/actions-runner/_work/thin-edge.io/thin-edge.io/tests/PySys/software_management_end_to_end/sm_apt_install_fail/run.py&quot;, line 20, in setup
    super().setup()
  File &quot;/home/pi/actions-runner/_work/thin-edge.io/thin-edge.io/tests/PySys/software_management_end_to_end/environment_sm_management.py&quot;, line 151, in setup
    self.wait_until_end()
  File &quot;/home/pi/actions-runner/_work/thin-edge.io/thin-edge.io/tests/PySys/software_management_end_to_end/environment_sm_management.py&quot;, line 332, in wait_until_end
    self.wait_until_status(&quot;FAILED&quot;, &quot;SUCCESSFUL&quot;)
  File &quot;/home/pi/actions-runner/_work/thin-edge.io/thin-edge.io/tests/PySys/software_management_end_to_end/environment_sm_management.py&quot;, line 381, in wait_until_status
    &quot;Timeout while waiting for status %s or %s&quot; % (status, status2)
SystemError: Timeout while waiting for status FAILED or SUCCESSFUL
09:12:41 WARN  SystemError: Timeout while waiting for status FAILED or SUCCESSFUL ... blocked 
09:12:41 INFO  
09:12:41 INFO  cleanup:
09:12:45 INFO  Executed sudo&lt;tedge_disconnect_c8y&gt;, exit status 0
09:12:46 INFO  Executed systemctl&lt;serv_mapper5&gt;, exit status 3
09:12:46 INFO  
09:12:46 INFO  Test duration: 165.23 secs
09:12:46 INFO  Test final outcome:  BLOCKED
09:12:46 INFO  Test outcome reason: SystemError: Timeout while waiting for status FAILED or SUCCESSFUL
09:12:46 INFO  
</system-out>
	</testcase>
</testsuite>
