<?xml version="1.0" encoding="utf-8"?>
<testsuite failures="0" name="apt_prepare" skipped="0" tests="1" time="19.68" timestamp="2022-07-27T09:37:54">
	<testcase classname="AptPluginPrepare" name="apt_prepare"/>
</testsuite>
