<?xml version="1.0" encoding="utf-8"?>
<testsuite failures="1" name="SoftwareManagement.sm_apt_install_remove" skipped="0" tests="1" time="166.01" timestamp="2022-05-23T15:39:40">
	<testcase classname="PySysTest" name="SoftwareManagement.sm_apt_install_remove">
		<failure message="BLOCKED: SystemError: Timeout while waiting for status FAILED or SUCCESSFUL" type="BLOCKED"/>
		<system-out>15:36:54 INFO  ==============================================================
15:36:54 INFO  Id:    SoftwareManagement.sm_apt_install_remove
15:36:54 INFO  Dir:   software_management_end_to_end/
15:36:54 INFO  Title: Validate end to end behaviour for the apt plugin for installation and removal of packages
15:36:54 INFO  ==============================================================
15:36:54 INFO  Using sw id database: {'asciijump': '5475369', 'robotfindskitten': '5474869', 'squirrel3': '5475279', 'rolldice': '5152439', 'moon-buggy': '5439204', 'apple': '5495053', 'banana': '5494888', 'cherry': '5495382', 'watermelon': '5494510', 'registry': '8018911', 'hello-world': '8021526', 'docker/getting-started': '8021973', 'alpine': '7991792'}
15:36:54 INFO  EnvironmentC8y Setup
15:36:55 INFO  Executed systemctl&lt;serv_mapper1&gt;, exit status 3
15:36:55 INFO  Restarting mosquitto too frequently in the last 10 seconds. It was only up for 4 seconds
15:36:55 INFO  Delaying execution by 7 seconds
15:37:16 INFO  Executed sudo&lt;tedge_connect_c8y&gt;, exit status 0, duration 13 secs
15:37:16 INFO  Executed sudo&lt;tedge_connect_c8y_test&gt;, exit status 0
15:37:17 INFO  Executed systemctl&lt;serv_mosq2&gt;, exit status 0
15:37:17 INFO  Executed systemctl&lt;serv_mapper3&gt;, exit status 0
15:37:20 INFO  State of current operation: PENDING
15:37:22 INFO  State of current operation: PENDING
15:37:24 INFO  State of current operation: PENDING
15:37:26 INFO  State of current operation: PENDING
15:37:28 INFO  State of current operation: PENDING
15:37:31 INFO  State of current operation: PENDING
15:37:33 INFO  State of current operation: PENDING
15:37:35 INFO  State of current operation: PENDING
15:37:37 INFO  State of current operation: PENDING
15:37:40 INFO  State of current operation: PENDING
15:37:42 INFO  State of current operation: PENDING
15:37:44 INFO  State of current operation: PENDING
15:37:46 INFO  State of current operation: PENDING
15:37:48 INFO  State of current operation: PENDING
15:37:51 INFO  State of current operation: PENDING
15:37:53 INFO  State of current operation: PENDING
15:37:55 INFO  State of current operation: PENDING
15:37:57 INFO  State of current operation: PENDING
15:38:00 INFO  State of current operation: PENDING
15:38:02 INFO  State of current operation: PENDING
15:38:04 INFO  State of current operation: PENDING
15:38:06 INFO  State of current operation: PENDING
15:38:09 INFO  State of current operation: PENDING
15:38:11 INFO  State of current operation: PENDING
15:38:13 INFO  State of current operation: PENDING
15:38:15 INFO  State of current operation: PENDING
15:38:18 INFO  State of current operation: PENDING
15:38:20 INFO  State of current operation: PENDING
15:38:22 INFO  State of current operation: PENDING
15:38:24 INFO  State of current operation: PENDING
15:38:27 INFO  State of current operation: PENDING
15:38:29 INFO  State of current operation: PENDING
15:38:31 INFO  State of current operation: PENDING
15:38:33 INFO  State of current operation: PENDING
15:38:35 INFO  State of current operation: PENDING
15:38:38 INFO  State of current operation: PENDING
15:38:40 INFO  State of current operation: PENDING
15:38:42 INFO  State of current operation: PENDING
15:38:44 INFO  State of current operation: PENDING
15:38:47 INFO  State of current operation: PENDING
15:38:49 INFO  State of current operation: PENDING
15:38:51 INFO  State of current operation: PENDING
15:38:53 INFO  State of current operation: PENDING
15:38:56 INFO  State of current operation: PENDING
15:38:58 INFO  State of current operation: PENDING
15:39:00 INFO  State of current operation: PENDING
15:39:02 INFO  State of current operation: PENDING
15:39:04 INFO  State of current operation: PENDING
15:39:07 INFO  State of current operation: PENDING
15:39:09 INFO  State of current operation: PENDING
15:39:11 INFO  State of current operation: PENDING
15:39:13 INFO  State of current operation: PENDING
15:39:16 INFO  State of current operation: PENDING
15:39:18 INFO  State of current operation: PENDING
15:39:20 INFO  State of current operation: PENDING
15:39:22 INFO  State of current operation: PENDING
15:39:25 INFO  State of current operation: PENDING
15:39:27 INFO  State of current operation: PENDING
15:39:29 INFO  State of current operation: PENDING
15:39:31 INFO  State of current operation: PENDING
15:39:33 INFO  State of current operation: PENDING
15:39:35 WARN  SystemError occurred while running test - Timeout while waiting for status FAILED or SUCCESSFUL
Traceback (most recent call last):
  File &quot;/home/pi/env-pysys/lib/python3.7/site-packages/pysys/baserunner.py&quot;, line 1292, in __call__
    self.testObj.setup()
  File &quot;/home/pi/actions-runner/_work/thin-edge.io/thin-edge.io/tests/PySys/software_management_end_to_end/sm_apt_install_remove/run.py&quot;, line 27, in setup
    super().setup()
  File &quot;/home/pi/actions-runner/_work/thin-edge.io/thin-edge.io/tests/PySys/software_management_end_to_end/environment_sm_management.py&quot;, line 151, in setup
    self.wait_until_end()
  File &quot;/home/pi/actions-runner/_work/thin-edge.io/thin-edge.io/tests/PySys/software_management_end_to_end/environment_sm_management.py&quot;, line 332, in wait_until_end
    self.wait_until_status(&quot;FAILED&quot;, &quot;SUCCESSFUL&quot;)
  File &quot;/home/pi/actions-runner/_work/thin-edge.io/thin-edge.io/tests/PySys/software_management_end_to_end/environment_sm_management.py&quot;, line 381, in wait_until_status
    &quot;Timeout while waiting for status %s or %s&quot; % (status, status2)
SystemError: Timeout while waiting for status FAILED or SUCCESSFUL
15:39:36 WARN  SystemError: Timeout while waiting for status FAILED or SUCCESSFUL ... blocked 
15:39:36 INFO  
15:39:36 INFO  cleanup:
15:39:40 INFO  Executed sudo&lt;tedge_disconnect_c8y&gt;, exit status 0
15:39:40 INFO  Executed systemctl&lt;serv_mapper5&gt;, exit status 3
15:39:40 INFO  
15:39:40 INFO  Test duration: 166.01 secs
15:39:40 INFO  Test final outcome:  BLOCKED
15:39:40 INFO  Test outcome reason: SystemError: Timeout while waiting for status FAILED or SUCCESSFUL
15:39:40 INFO  
</system-out>
	</testcase>
</testsuite>
