<?xml version="1.0" encoding="utf-8"?>
<testsuite failures="1" name="SoftwareManagement.sm_apt_install_remove_multiple_mixed" skipped="0" tests="1" time="167.28" timestamp="2022-05-25T11:41:51">
	<testcase classname="PySysTest" name="SoftwareManagement.sm_apt_install_remove_multiple_mixed">
		<failure message="BLOCKED: SystemError: Timeout while waiting for status FAILED or SUCCESSFUL" type="BLOCKED"/>
		<system-out>11:39:04 INFO  ==============================================================
11:39:04 INFO  Id:    SoftwareManagement.sm_apt_install_remove_multiple_mixed
11:39:04 INFO  Dir:   software_management_end_to_end/
11:39:04 INFO  Title: Validate end to end behaviour for the apt plugin for multiple packages with mixed versions
11:39:04 INFO  ==============================================================
11:39:04 INFO  Using sw id database: {'asciijump': '5475369', 'robotfindskitten': '5474869', 'squirrel3': '5475279', 'rolldice': '5152439', 'moon-buggy': '5439204', 'apple': '5495053', 'banana': '5494888', 'cherry': '5495382', 'watermelon': '5494510', 'registry': '8018911', 'hello-world': '8021526', 'docker/getting-started': '8021973', 'alpine': '7991792'}
11:39:04 INFO  EnvironmentC8y Setup
11:39:04 INFO  Executed systemctl&lt;serv_mapper1&gt;, exit status 3
11:39:04 INFO  Restarting mosquitto too frequently in the last 10 seconds. It was only up for 5 seconds
11:39:04 INFO  Delaying execution by 6 seconds
11:39:25 INFO  Executed sudo&lt;tedge_connect_c8y&gt;, exit status 0, duration 14 secs
11:39:25 INFO  Executed sudo&lt;tedge_connect_c8y_test&gt;, exit status 0
11:39:26 INFO  Executed systemctl&lt;serv_mosq2&gt;, exit status 0
11:39:26 INFO  Executed systemctl&lt;serv_mapper3&gt;, exit status 0
11:39:29 INFO  State of current operation: PENDING
11:39:31 INFO  State of current operation: PENDING
11:39:33 INFO  State of current operation: PENDING
11:39:35 INFO  State of current operation: PENDING
11:39:37 INFO  State of current operation: PENDING
11:39:40 INFO  State of current operation: PENDING
11:39:42 INFO  State of current operation: PENDING
11:39:44 INFO  State of current operation: PENDING
11:39:46 INFO  State of current operation: PENDING
11:39:49 INFO  State of current operation: PENDING
11:39:51 INFO  State of current operation: PENDING
11:39:53 INFO  State of current operation: PENDING
11:39:55 INFO  State of current operation: PENDING
11:39:58 INFO  State of current operation: PENDING
11:40:00 INFO  State of current operation: PENDING
11:40:02 INFO  State of current operation: PENDING
11:40:05 INFO  State of current operation: PENDING
11:40:07 INFO  State of current operation: PENDING
11:40:09 INFO  State of current operation: PENDING
11:40:11 INFO  State of current operation: PENDING
11:40:14 INFO  State of current operation: PENDING
11:40:16 INFO  State of current operation: PENDING
11:40:18 INFO  State of current operation: PENDING
11:40:20 INFO  State of current operation: PENDING
11:40:23 INFO  State of current operation: PENDING
11:40:25 INFO  State of current operation: PENDING
11:40:27 INFO  State of current operation: PENDING
11:40:29 INFO  State of current operation: PENDING
11:40:32 INFO  State of current operation: PENDING
11:40:34 INFO  State of current operation: PENDING
11:40:36 INFO  State of current operation: PENDING
11:40:38 INFO  State of current operation: PENDING
11:40:41 INFO  State of current operation: PENDING
11:40:43 INFO  State of current operation: PENDING
11:40:45 INFO  State of current operation: PENDING
11:40:48 INFO  State of current operation: PENDING
11:40:50 INFO  State of current operation: PENDING
11:40:52 INFO  State of current operation: PENDING
11:40:54 INFO  State of current operation: PENDING
11:40:57 INFO  State of current operation: PENDING
11:40:59 INFO  State of current operation: PENDING
11:41:01 INFO  State of current operation: PENDING
11:41:04 INFO  State of current operation: PENDING
11:41:06 INFO  State of current operation: PENDING
11:41:08 INFO  State of current operation: PENDING
11:41:10 INFO  State of current operation: PENDING
11:41:12 INFO  State of current operation: PENDING
11:41:15 INFO  State of current operation: PENDING
11:41:17 INFO  State of current operation: PENDING
11:41:19 INFO  State of current operation: PENDING
11:41:22 INFO  State of current operation: PENDING
11:41:24 INFO  State of current operation: PENDING
11:41:26 INFO  State of current operation: PENDING
11:41:29 INFO  State of current operation: PENDING
11:41:31 INFO  State of current operation: PENDING
11:41:33 INFO  State of current operation: PENDING
11:41:35 INFO  State of current operation: PENDING
11:41:38 INFO  State of current operation: PENDING
11:41:40 INFO  State of current operation: PENDING
11:41:42 INFO  State of current operation: PENDING
11:41:44 INFO  State of current operation: PENDING
11:41:46 WARN  SystemError occurred while running test - Timeout while waiting for status FAILED or SUCCESSFUL
Traceback (most recent call last):
  File &quot;/home/pi/env-pysys/lib/python3.7/site-packages/pysys/baserunner.py&quot;, line 1292, in __call__
    self.testObj.setup()
  File &quot;/home/pi/actions-runner/_work/thin-edge.io/thin-edge.io/tests/PySys/software_management_end_to_end/sm_apt_install_remove_multiple_mixed/run.py&quot;, line 73, in setup
    super().setup()
  File &quot;/home/pi/actions-runner/_work/thin-edge.io/thin-edge.io/tests/PySys/software_management_end_to_end/environment_sm_management.py&quot;, line 151, in setup
    self.wait_until_end()
  File &quot;/home/pi/actions-runner/_work/thin-edge.io/thin-edge.io/tests/PySys/software_management_end_to_end/environment_sm_management.py&quot;, line 332, in wait_until_end
    self.wait_until_status(&quot;FAILED&quot;, &quot;SUCCESSFUL&quot;)
  File &quot;/home/pi/actions-runner/_work/thin-edge.io/thin-edge.io/tests/PySys/software_management_end_to_end/environment_sm_management.py&quot;, line 381, in wait_until_status
    &quot;Timeout while waiting for status %s or %s&quot; % (status, status2)
SystemError: Timeout while waiting for status FAILED or SUCCESSFUL
11:41:46 WARN  SystemError: Timeout while waiting for status FAILED or SUCCESSFUL ... blocked 
11:41:46 INFO  
11:41:46 INFO  cleanup:
11:41:50 INFO  Executed sudo&lt;tedge_disconnect_c8y&gt;, exit status 0
11:41:51 INFO  Executed systemctl&lt;serv_mapper5&gt;, exit status 3
11:41:51 INFO  
11:41:51 INFO  Test duration: 167.28 secs
11:41:51 INFO  Test final outcome:  BLOCKED
11:41:51 INFO  Test outcome reason: SystemError: Timeout while waiting for status FAILED or SUCCESSFUL
11:41:51 INFO  
</system-out>
	</testcase>
</testsuite>
