<?xml version="1.0" encoding="utf-8"?>
<testsuite failures="0" name="apt_finalize" skipped="0" tests="1" time="149.91" timestamp="2022-07-26T16:33:34">
	<testcase classname="AptPluginFinalize" name="apt_finalize"/>
</testsuite>
