<?xml version="1.0" encoding="utf-8"?>
<testsuite failures="1" name="SoftwareManagement.sm_apt_install_remove_multiple" skipped="0" tests="1" time="181.28" timestamp="2022-07-18T14:43:41">
	<testcase classname="PySysTest" name="SoftwareManagement.sm_apt_install_remove_multiple">
		<failure message="FAILED: Assert that (False == value) with value=True" type="FAILED"/>
		<system-out>14:40:40 INFO  ==============================================================
14:40:40 INFO  Id:    SoftwareManagement.sm_apt_install_remove_multiple
14:40:40 INFO  Dir:   software_management_end_to_end/
14:40:40 INFO  Title: Validate end to end behaviour for the apt plugin for multiple packages
14:40:40 INFO  ==============================================================
14:40:40 INFO  Using sw id database: {'asciijump': '5475369', 'robotfindskitten': '5474869', 'squirrel3': '5475279', 'rolldice': '5152439', 'moon-buggy': '5439204', 'apple': '5495053', 'banana': '5494888', 'cherry': '5495382', 'watermelon': '5494510', 'registry': '8018911', 'hello-world': '8021526', 'docker/getting-started': '8021973', 'alpine': '7991792'}
14:40:40 INFO  EnvironmentC8y Setup
14:40:41 INFO  Executed systemctl&lt;serv_mapper1&gt;, exit status 3
14:40:41 INFO  Restarting mosquitto too frequently in the last 10 seconds. It was only up for 4 seconds
14:40:41 INFO  Delaying execution by 7 seconds
14:41:02 INFO  Executed sudo&lt;tedge_connect_c8y&gt;, exit status 0, duration 14 secs
14:41:03 INFO  Executed sudo&lt;tedge_connect_c8y_test&gt;, exit status 0
14:41:04 INFO  Executed systemctl&lt;serv_mosq2&gt;, exit status 0
14:41:04 INFO  Executed systemctl&lt;serv_mapper3&gt;, exit status 0
14:41:06 INFO  State of current operation: SUCCESSFUL
14:41:06 INFO  Assert that (False == value) with value=False ... passed
14:41:07 INFO  Assert that (False == value) with value=False ... passed
14:41:07 INFO  Assert that (False == value) with value=False ... passed
14:41:07 INFO  Package robotfindskitten is installed
14:41:07 WARN  Assert that (False == value) with value=True ... failed 
14:41:07 INFO  Response status: 201
14:41:07 INFO  Response to action: {
    &quot;creationTime&quot;: &quot;2022-07-18T14:41:07.891Z&quot;,
    &quot;deviceName&quot;: &quot;m32sd10b&quot;,
    &quot;deviceId&quot;: &quot;21006952&quot;,
    &quot;self&quot;: &quot;https://t493319102.eu-latest.cumulocity.com/devicecontrol/operations/21015794&quot;,
    &quot;id&quot;: &quot;21015794&quot;,
    &quot;status&quot;: &quot;PENDING&quot;,
    &quot;description&quot;: &quot;Apply software changes, triggered from PySys: [{'action': 'install', 'id': '5475369', 'name': 'asciijump', 'url': ' ', 'version': '::apt'}, {'action': 'install', 'id': '5474869', 'name': 'robotfindskitten', 'url': ' ', 'version': '::apt'}, {'action': 'install', 'id': '5475279', 'name': 'squirrel3', 'url': ' ', 'version': '::apt'}]&quot;,
    &quot;c8y_SoftwareUpdate&quot;: [
        {
            &quot;name&quot;: &quot;asciijump&quot;,
            &quot;action&quot;: &quot;install&quot;,
            &quot;id&quot;: &quot;5475369&quot;,
            &quot;version&quot;: &quot;::apt&quot;,
            &quot;url&quot;: &quot; &quot;
        },
        {
            &quot;name&quot;: &quot;robotfindskitten&quot;,
            &quot;action&quot;: &quot;install&quot;,
            &quot;id&quot;: &quot;5474869&quot;,
            &quot;version&quot;: &quot;::apt&quot;,
            &quot;url&quot;: &quot; &quot;
        },
        {
            &quot;name&quot;: &quot;squirrel3&quot;,
            &quot;action&quot;: &quot;install&quot;,
            &quot;id&quot;: &quot;5475279&quot;,
            &quot;version&quot;: &quot;::apt&quot;,
            &quot;url&quot;: &quot; &quot;
        }
    ]
}
14:41:07 INFO  Started operation: {'creationTime': '2022-07-18T14:41:07.891Z', 'deviceName': 'm32sd10b', 'deviceId': '21006952', 'self': 'https://t493319102.eu-latest.cumulocity.com/devicecontrol/operations/21015794', 'id': '21015794', 'status': 'PENDING', 'description': &quot;Apply software changes, triggered from PySys: [{'action': 'install', 'id': '5475369', 'name': 'asciijump', 'url': ' ', 'version': '::apt'}, {'action': 'install', 'id': '5474869', 'name': 'robotfindskitten', 'url': ' ', 'version': '::apt'}, {'action': 'install', 'id': '5475279', 'name': 'squirrel3', 'url': ' ', 'version': '::apt'}]&quot;, 'c8y_SoftwareUpdate': [{'name': 'asciijump', 'action': 'install', 'id': '5475369', 'version': '::apt', 'url': ' '}, {'name': 'robotfindskitten', 'action': 'install', 'id': '5474869', 'version': '::apt', 'url': ' '}, {'name': 'squirrel3', 'action': 'install', 'id': '5475279', 'version': '::apt', 'url': ' '}]}
14:41:10 INFO  State of operation 21015794 : PENDING
14:41:13 INFO  State of operation 21015794 : EXECUTING
14:41:15 INFO  State of operation 21015794 : EXECUTING
14:41:17 INFO  State of operation 21015794 : EXECUTING
14:41:19 INFO  State of operation 21015794 : EXECUTING
14:41:21 INFO  State of operation 21015794 : EXECUTING
14:41:24 INFO  State of operation 21015794 : EXECUTING
14:41:27 INFO  State of operation 21015794 : EXECUTING
14:41:30 INFO  State of operation 21015794 : EXECUTING
14:41:32 INFO  State of operation 21015794 : EXECUTING
14:41:34 INFO  State of operation 21015794 : EXECUTING
14:41:37 INFO  State of operation 21015794 : EXECUTING
14:41:39 INFO  State of operation 21015794 : EXECUTING
14:41:41 INFO  State of operation 21015794 : EXECUTING
14:41:43 INFO  State of operation 21015794 : EXECUTING
14:41:46 INFO  State of operation 21015794 : EXECUTING
14:41:48 INFO  State of operation 21015794 : EXECUTING
14:41:51 INFO  State of operation 21015794 : EXECUTING
14:41:53 INFO  State of operation 21015794 : EXECUTING
14:41:55 INFO  State of operation 21015794 : EXECUTING
14:41:58 INFO  State of operation 21015794 : EXECUTING
14:42:00 INFO  State of operation 21015794 : EXECUTING
14:42:03 INFO  State of operation 21015794 : EXECUTING
14:42:05 INFO  State of operation 21015794 : EXECUTING
14:42:08 INFO  State of operation 21015794 : EXECUTING
14:42:10 INFO  State of operation 21015794 : EXECUTING
14:42:13 INFO  State of operation 21015794 : EXECUTING
14:42:15 INFO  State of operation 21015794 : EXECUTING
14:42:18 INFO  State of operation 21015794 : EXECUTING
14:42:20 INFO  State of operation 21015794 : EXECUTING
14:42:22 INFO  State of operation 21015794 : EXECUTING
14:42:24 INFO  State of operation 21015794 : EXECUTING
14:42:27 INFO  State of operation 21015794 : EXECUTING
14:42:29 INFO  State of operation 21015794 : SUCCESSFUL
14:42:29 INFO  Assert that (False == value) with value=False ... passed
14:42:29 INFO  Package asciijump is installed
14:42:29 INFO  Assert that (True == value) with value=True ... passed
14:42:30 INFO  Package squirrel3 is installed
14:42:30 INFO  Assert that (True == value) with value=True ... passed
14:42:30 INFO  Package robotfindskitten is installed
14:42:30 INFO  Assert that (True == value) with value=True ... passed
14:42:30 INFO  Response status: 201
14:42:30 INFO  Response to action: {
    &quot;creationTime&quot;: &quot;2022-07-18T14:42:30.489Z&quot;,
    &quot;deviceName&quot;: &quot;m32sd10b&quot;,
    &quot;deviceId&quot;: &quot;21006952&quot;,
    &quot;self&quot;: &quot;https://t493319102.eu-latest.cumulocity.com/devicecontrol/operations/21015810&quot;,
    &quot;id&quot;: &quot;21015810&quot;,
    &quot;status&quot;: &quot;PENDING&quot;,
    &quot;description&quot;: &quot;Apply software changes, triggered from PySys: [{'action': 'delete', 'id': '5475369', 'name': 'asciijump', 'url': ' ', 'version': '::apt'}, {'action': 'delete', 'id': '5474869', 'name': 'robotfindskitten', 'url': ' ', 'version': '::apt'}, {'action': 'delete', 'id': '5475279', 'name': 'squirrel3', 'url': ' ', 'version': '::apt'}]&quot;,
    &quot;c8y_SoftwareUpdate&quot;: [
        {
            &quot;name&quot;: &quot;asciijump&quot;,
            &quot;action&quot;: &quot;delete&quot;,
            &quot;id&quot;: &quot;5475369&quot;,
            &quot;version&quot;: &quot;::apt&quot;,
            &quot;url&quot;: &quot; &quot;
        },
        {
            &quot;name&quot;: &quot;robotfindskitten&quot;,
            &quot;action&quot;: &quot;delete&quot;,
            &quot;id&quot;: &quot;5474869&quot;,
            &quot;version&quot;: &quot;::apt&quot;,
            &quot;url&quot;: &quot; &quot;
        },
        {
            &quot;name&quot;: &quot;squirrel3&quot;,
            &quot;action&quot;: &quot;delete&quot;,
            &quot;id&quot;: &quot;5475279&quot;,
            &quot;version&quot;: &quot;::apt&quot;,
            &quot;url&quot;: &quot; &quot;
        }
    ]
}
14:42:30 INFO  Started operation: {'creationTime': '2022-07-18T14:42:30.489Z', 'deviceName': 'm32sd10b', 'deviceId': '21006952', 'self': 'https://t493319102.eu-latest.cumulocity.com/devicecontrol/operations/21015810', 'id': '21015810', 'status': 'PENDING', 'description': &quot;Apply software changes, triggered from PySys: [{'action': 'delete', 'id': '5475369', 'name': 'asciijump', 'url': ' ', 'version': '::apt'}, {'action': 'delete', 'id': '5474869', 'name': 'robotfindskitten', 'url': ' ', 'version': '::apt'}, {'action': 'delete', 'id': '5475279', 'name': 'squirrel3', 'url': ' ', 'version': '::apt'}]&quot;, 'c8y_SoftwareUpdate': [{'name': 'asciijump', 'action': 'delete', 'id': '5475369', 'version': '::apt', 'url': ' '}, {'name': 'robotfindskitten', 'action': 'delete', 'id': '5474869', 'version': '::apt', 'url': ' '}, {'name': 'squirrel3', 'action': 'delete', 'id': '5475279', 'version': '::apt', 'url': ' '}]}
14:42:32 INFO  State of operation 21015810 : PENDING
14:42:35 INFO  State of operation 21015810 : EXECUTING
14:42:37 INFO  State of operation 21015810 : EXECUTING
14:42:39 INFO  State of operation 21015810 : EXECUTING
14:42:41 INFO  State of operation 21015810 : EXECUTING
14:42:43 INFO  State of operation 21015810 : EXECUTING
14:42:46 INFO  State of operation 21015810 : EXECUTING
14:42:49 INFO  State of operation 21015810 : EXECUTING
14:42:51 INFO  State of operation 21015810 : EXECUTING
14:42:54 INFO  State of operation 21015810 : EXECUTING
14:42:56 INFO  State of operation 21015810 : EXECUTING
14:42:58 INFO  State of operation 21015810 : EXECUTING
14:43:01 INFO  State of operation 21015810 : EXECUTING
14:43:03 INFO  State of operation 21015810 : EXECUTING
14:43:05 INFO  State of operation 21015810 : EXECUTING
14:43:07 INFO  State of operation 21015810 : EXECUTING
14:43:10 INFO  State of operation 21015810 : EXECUTING
14:43:13 INFO  State of operation 21015810 : EXECUTING
14:43:15 INFO  State of operation 21015810 : EXECUTING
14:43:17 INFO  State of operation 21015810 : EXECUTING
14:43:19 INFO  State of operation 21015810 : EXECUTING
14:43:22 INFO  State of operation 21015810 : EXECUTING
14:43:24 INFO  State of operation 21015810 : EXECUTING
14:43:26 INFO  State of operation 21015810 : EXECUTING
14:43:29 INFO  State of operation 21015810 : EXECUTING
14:43:31 INFO  State of operation 21015810 : EXECUTING
14:43:33 INFO  State of operation 21015810 : EXECUTING
14:43:36 INFO  State of operation 21015810 : SUCCESSFUL
14:43:36 INFO  Assert that (False == value) with value=False ... passed
14:43:36 INFO  Assert that (False == value) with value=False ... passed
14:43:36 INFO  Assert that (False == value) with value=False ... passed
14:43:37 INFO  Assert that (False == value) with value=False ... passed
14:43:37 INFO  
14:43:37 INFO  cleanup:
14:43:41 INFO  Executed sudo&lt;tedge_disconnect_c8y&gt;, exit status 0
14:43:41 INFO  Executed systemctl&lt;serv_mapper5&gt;, exit status 3
14:43:41 INFO  
14:43:41 INFO  Test duration: 181.28 secs
14:43:41 INFO  Test final outcome:  FAILED
14:43:41 INFO  Test outcome reason: Assert that (False == value) with value=True
14:43:41 INFO  
</system-out>
	</testcase>
</testsuite>
