<?xml version="1.0" encoding="utf-8"?>
<testsuite failures="1" name="SoftwareManagement.sm_apt_install_remove_multiple" skipped="0" tests="1" time="193.27" timestamp="2022-07-22T02:42:35">
	<testcase classname="PySysTest" name="SoftwareManagement.sm_apt_install_remove_multiple">
		<failure message="BLOCKED: HTTPError: 500 Server Error: Server Error for url: https://thin-edge-io.eu-latest.cumulocity.com/devicecontrol/operations/21230822 (+1 other failures)" type="BLOCKED"/>
		<system-out>02:39:22 INFO  ==============================================================
02:39:22 INFO  Id:    SoftwareManagement.sm_apt_install_remove_multiple
02:39:22 INFO  Dir:   software_management_end_to_end/
02:39:22 INFO  Title: Validate end to end behaviour for the apt plugin for multiple packages
02:39:22 INFO  ==============================================================
02:39:22 INFO  Using sw id database: {'asciijump': '5475369', 'robotfindskitten': '5474869', 'squirrel3': '5475279', 'rolldice': '5152439', 'moon-buggy': '5439204', 'apple': '5495053', 'banana': '5494888', 'cherry': '5495382', 'watermelon': '5494510', 'registry': '8018911', 'hello-world': '8021526', 'docker/getting-started': '8021973', 'alpine': '7991792'}
02:39:22 INFO  EnvironmentC8y Setup
02:39:22 INFO  Executed systemctl&lt;serv_mapper1&gt;, exit status 3
02:39:23 INFO  Restarting mosquitto too frequently in the last 10 seconds. It was only up for 5 seconds
02:39:23 INFO  Delaying execution by 6 seconds
02:39:43 INFO  Executed sudo&lt;tedge_connect_c8y&gt;, exit status 0, duration 14 secs
02:39:43 INFO  Executed sudo&lt;tedge_connect_c8y_test&gt;, exit status 0
02:39:44 INFO  Executed systemctl&lt;serv_mosq2&gt;, exit status 0
02:39:44 INFO  Executed systemctl&lt;serv_mapper3&gt;, exit status 0
02:39:46 INFO  State of current operation: SUCCESSFUL
02:39:47 INFO  Assert that (False == value) with value=False ... passed
02:39:47 INFO  Assert that (False == value) with value=False ... passed
02:39:47 INFO  Assert that (False == value) with value=False ... passed
02:39:47 INFO  Package robotfindskitten is installed
02:39:47 WARN  Assert that (False == value) with value=True ... failed 
02:39:48 INFO  Response status: 201
02:39:48 INFO  Response to action: {
    &quot;delivery&quot;: {
        &quot;log&quot;: [],
        &quot;time&quot;: &quot;2022-07-22T02:39:48.113Z&quot;,
        &quot;status&quot;: &quot;PENDING&quot;
    },
    &quot;creationTime&quot;: &quot;2022-07-22T02:39:48.098Z&quot;,
    &quot;deviceId&quot;: &quot;21166557&quot;,
    &quot;deviceName&quot;: &quot;m32sd10b&quot;,
    &quot;self&quot;: &quot;https://t493319102.eu-latest.cumulocity.com/devicecontrol/operations/21230806&quot;,
    &quot;id&quot;: &quot;21230806&quot;,
    &quot;status&quot;: &quot;PENDING&quot;,
    &quot;description&quot;: &quot;Apply software changes, triggered from PySys: [{'action': 'install', 'id': '5475369', 'name': 'asciijump', 'url': ' ', 'version': '::apt'}, {'action': 'install', 'id': '5474869', 'name': 'robotfindskitten', 'url': ' ', 'version': '::apt'}, {'action': 'install', 'id': '5475279', 'name': 'squirrel3', 'url': ' ', 'version': '::apt'}]&quot;,
    &quot;c8y_SoftwareUpdate&quot;: [
        {
            &quot;name&quot;: &quot;asciijump&quot;,
            &quot;action&quot;: &quot;install&quot;,
            &quot;id&quot;: &quot;5475369&quot;,
            &quot;version&quot;: &quot;::apt&quot;,
            &quot;url&quot;: &quot; &quot;
        },
        {
            &quot;name&quot;: &quot;robotfindskitten&quot;,
            &quot;action&quot;: &quot;install&quot;,
            &quot;id&quot;: &quot;5474869&quot;,
            &quot;version&quot;: &quot;::apt&quot;,
            &quot;url&quot;: &quot; &quot;
        },
        {
            &quot;name&quot;: &quot;squirrel3&quot;,
            &quot;action&quot;: &quot;install&quot;,
            &quot;id&quot;: &quot;5475279&quot;,
            &quot;version&quot;: &quot;::apt&quot;,
            &quot;url&quot;: &quot; &quot;
        }
    ]
}
02:39:48 INFO  Started operation: {'delivery': {'log': [], 'time': '2022-07-22T02:39:48.113Z', 'status': 'PENDING'}, 'creationTime': '2022-07-22T02:39:48.098Z', 'deviceId': '21166557', 'deviceName': 'm32sd10b', 'self': 'https://t493319102.eu-latest.cumulocity.com/devicecontrol/operations/21230806', 'id': '21230806', 'status': 'PENDING', 'description': &quot;Apply software changes, triggered from PySys: [{'action': 'install', 'id': '5475369', 'name': 'asciijump', 'url': ' ', 'version': '::apt'}, {'action': 'install', 'id': '5474869', 'name': 'robotfindskitten', 'url': ' ', 'version': '::apt'}, {'action': 'install', 'id': '5475279', 'name': 'squirrel3', 'url': ' ', 'version': '::apt'}]&quot;, 'c8y_SoftwareUpdate': [{'name': 'asciijump', 'action': 'install', 'id': '5475369', 'version': '::apt', 'url': ' '}, {'name': 'robotfindskitten', 'action': 'install', 'id': '5474869', 'version': '::apt', 'url': ' '}, {'name': 'squirrel3', 'action': 'install', 'id': '5475279', 'version': '::apt', 'url': ' '}]}
02:39:50 INFO  State of operation 21230806 : PENDING
02:39:52 INFO  State of operation 21230806 : EXECUTING
02:39:54 INFO  State of operation 21230806 : EXECUTING
02:39:57 INFO  State of operation 21230806 : EXECUTING
02:39:59 INFO  State of operation 21230806 : EXECUTING
02:40:01 INFO  State of operation 21230806 : EXECUTING
02:40:04 INFO  State of operation 21230806 : EXECUTING
02:40:07 INFO  State of operation 21230806 : EXECUTING
02:40:09 INFO  State of operation 21230806 : EXECUTING
02:40:11 INFO  State of operation 21230806 : EXECUTING
02:40:14 INFO  State of operation 21230806 : EXECUTING
02:40:16 INFO  State of operation 21230806 : EXECUTING
02:40:18 INFO  State of operation 21230806 : EXECUTING
02:40:20 INFO  State of operation 21230806 : EXECUTING
02:40:23 INFO  State of operation 21230806 : EXECUTING
02:40:25 INFO  State of operation 21230806 : EXECUTING
02:40:27 INFO  State of operation 21230806 : EXECUTING
02:40:30 INFO  State of operation 21230806 : EXECUTING
02:40:32 INFO  State of operation 21230806 : EXECUTING
02:40:34 INFO  State of operation 21230806 : EXECUTING
02:40:37 INFO  State of operation 21230806 : EXECUTING
02:40:39 INFO  State of operation 21230806 : EXECUTING
02:40:42 INFO  State of operation 21230806 : EXECUTING
02:40:45 INFO  State of operation 21230806 : EXECUTING
02:40:47 INFO  State of operation 21230806 : EXECUTING
02:40:50 INFO  State of operation 21230806 : EXECUTING
02:40:52 INFO  State of operation 21230806 : EXECUTING
02:40:55 INFO  State of operation 21230806 : EXECUTING
02:40:57 INFO  State of operation 21230806 : EXECUTING
02:40:59 INFO  State of operation 21230806 : EXECUTING
02:41:02 INFO  State of operation 21230806 : EXECUTING
02:41:04 INFO  State of operation 21230806 : EXECUTING
02:41:06 INFO  State of operation 21230806 : EXECUTING
02:41:08 INFO  State of operation 21230806 : SUCCESSFUL
02:41:08 INFO  Assert that (False == value) with value=False ... passed
02:41:09 INFO  Package asciijump is installed
02:41:09 INFO  Assert that (True == value) with value=True ... passed
02:41:09 INFO  Package squirrel3 is installed
02:41:09 INFO  Assert that (True == value) with value=True ... passed
02:41:09 INFO  Package robotfindskitten is installed
02:41:09 INFO  Assert that (True == value) with value=True ... passed
02:41:09 INFO  Response status: 201
02:41:09 INFO  Response to action: {
    &quot;delivery&quot;: {
        &quot;log&quot;: [],
        &quot;time&quot;: &quot;2022-07-22T02:41:09.873Z&quot;,
        &quot;status&quot;: &quot;PENDING&quot;
    },
    &quot;creationTime&quot;: &quot;2022-07-22T02:41:09.788Z&quot;,
    &quot;deviceId&quot;: &quot;21166557&quot;,
    &quot;deviceName&quot;: &quot;m32sd10b&quot;,
    &quot;self&quot;: &quot;https://t493319102.eu-latest.cumulocity.com/devicecontrol/operations/21230822&quot;,
    &quot;id&quot;: &quot;21230822&quot;,
    &quot;status&quot;: &quot;PENDING&quot;,
    &quot;description&quot;: &quot;Apply software changes, triggered from PySys: [{'action': 'delete', 'id': '5475369', 'name': 'asciijump', 'url': ' ', 'version': '::apt'}, {'action': 'delete', 'id': '5474869', 'name': 'robotfindskitten', 'url': ' ', 'version': '::apt'}, {'action': 'delete', 'id': '5475279', 'name': 'squirrel3', 'url': ' ', 'version': '::apt'}]&quot;,
    &quot;c8y_SoftwareUpdate&quot;: [
        {
            &quot;name&quot;: &quot;asciijump&quot;,
            &quot;action&quot;: &quot;delete&quot;,
            &quot;id&quot;: &quot;5475369&quot;,
            &quot;version&quot;: &quot;::apt&quot;,
            &quot;url&quot;: &quot; &quot;
        },
        {
            &quot;name&quot;: &quot;robotfindskitten&quot;,
            &quot;action&quot;: &quot;delete&quot;,
            &quot;id&quot;: &quot;5474869&quot;,
            &quot;version&quot;: &quot;::apt&quot;,
            &quot;url&quot;: &quot; &quot;
        },
        {
            &quot;name&quot;: &quot;squirrel3&quot;,
            &quot;action&quot;: &quot;delete&quot;,
            &quot;id&quot;: &quot;5475279&quot;,
            &quot;version&quot;: &quot;::apt&quot;,
            &quot;url&quot;: &quot; &quot;
        }
    ]
}
02:41:09 INFO  Started operation: {'delivery': {'log': [], 'time': '2022-07-22T02:41:09.873Z', 'status': 'PENDING'}, 'creationTime': '2022-07-22T02:41:09.788Z', 'deviceId': '21166557', 'deviceName': 'm32sd10b', 'self': 'https://t493319102.eu-latest.cumulocity.com/devicecontrol/operations/21230822', 'id': '21230822', 'status': 'PENDING', 'description': &quot;Apply software changes, triggered from PySys: [{'action': 'delete', 'id': '5475369', 'name': 'asciijump', 'url': ' ', 'version': '::apt'}, {'action': 'delete', 'id': '5474869', 'name': 'robotfindskitten', 'url': ' ', 'version': '::apt'}, {'action': 'delete', 'id': '5475279', 'name': 'squirrel3', 'url': ' ', 'version': '::apt'}]&quot;, 'c8y_SoftwareUpdate': [{'name': 'asciijump', 'action': 'delete', 'id': '5475369', 'version': '::apt', 'url': ' '}, {'name': 'robotfindskitten', 'action': 'delete', 'id': '5474869', 'version': '::apt', 'url': ' '}, {'name': 'squirrel3', 'action': 'delete', 'id': '5475279', 'version': '::apt', 'url': ' '}]}
02:41:12 INFO  State of operation 21230822 : PENDING
02:41:14 INFO  State of operation 21230822 : EXECUTING
02:41:16 INFO  State of operation 21230822 : EXECUTING
02:41:18 INFO  State of operation 21230822 : EXECUTING
02:41:21 INFO  State of operation 21230822 : EXECUTING
02:41:23 INFO  State of operation 21230822 : EXECUTING
02:41:26 INFO  State of operation 21230822 : EXECUTING
02:41:28 INFO  State of operation 21230822 : EXECUTING
02:41:31 INFO  State of operation 21230822 : EXECUTING
02:41:33 INFO  State of operation 21230822 : EXECUTING
02:41:35 INFO  State of operation 21230822 : EXECUTING
02:41:38 INFO  State of operation 21230822 : EXECUTING
02:41:40 INFO  State of operation 21230822 : EXECUTING
02:41:42 INFO  State of operation 21230822 : EXECUTING
02:41:44 INFO  State of operation 21230822 : EXECUTING
02:41:47 INFO  State of operation 21230822 : EXECUTING
02:41:49 INFO  State of operation 21230822 : EXECUTING
02:41:52 INFO  State of operation 21230822 : EXECUTING
02:41:54 INFO  State of operation 21230822 : EXECUTING
02:41:56 INFO  State of operation 21230822 : EXECUTING
02:41:59 INFO  State of operation 21230822 : EXECUTING
02:42:01 INFO  State of operation 21230822 : EXECUTING
02:42:03 INFO  State of operation 21230822 : EXECUTING
02:42:06 INFO  State of operation 21230822 : EXECUTING
02:42:08 INFO  State of operation 21230822 : EXECUTING
02:42:30 WARN  HTTPError occurred while running test - 500 Server Error: Server Error for url: https://thin-edge-io.eu-latest.cumulocity.com/devicecontrol/operations/21230822
Traceback (most recent call last):
  File &quot;/home/pi/env-pysys/lib/python3.7/site-packages/pysys/baserunner.py&quot;, line 1294, in __call__
    self.testObj.execute()
  File &quot;/home/pi/actions-runner/_work/thin-edge.io/thin-edge.io/tests/PySys/software_management_end_to_end/sm_apt_install_remove_multiple/run.py&quot;, line 78, in execute
    self.wait_until_succcess()
  File &quot;/home/pi/actions-runner/_work/thin-edge.io/thin-edge.io/tests/PySys/software_management_end_to_end/environment_sm_management.py&quot;, line 324, in wait_until_succcess
    self.wait_until_status(&quot;SUCCESSFUL&quot;)
  File &quot;/home/pi/actions-runner/_work/thin-edge.io/thin-edge.io/tests/PySys/software_management_end_to_end/environment_sm_management.py&quot;, line 354, in wait_until_status
    current_status = self.get_status_of_operation()
  File &quot;/home/pi/actions-runner/_work/thin-edge.io/thin-edge.io/tests/PySys/software_management_end_to_end/environment_sm_management.py&quot;, line 302, in get_status_of_operation
    req.raise_for_status()
  File &quot;/home/pi/env-pysys/lib/python3.7/site-packages/requests/models.py&quot;, line 943, in raise_for_status
    raise HTTPError(http_error_msg, response=self)
requests.exceptions.HTTPError: 500 Server Error: Server Error for url: https://thin-edge-io.eu-latest.cumulocity.com/devicecontrol/operations/21230822
02:42:30 WARN  HTTPError: 500 Server Error: Server Error for url: https://thin-edge-io.eu-latest.cumulocity.com/devicecontrol/operations/21230822 ... blocked 
02:42:30 INFO  
02:42:30 INFO  cleanup:
02:42:35 INFO  Executed sudo&lt;tedge_disconnect_c8y&gt;, exit status 0
02:42:35 INFO  Executed systemctl&lt;serv_mapper5&gt;, exit status 3
02:42:35 INFO  
02:42:35 INFO  Test duration: 193.27 secs
02:42:35 INFO  Test final outcome:  BLOCKED
02:42:35 INFO  Test outcome reason: HTTPError: 500 Server Error: Server Error for url: https://thin-edge-io.eu-latest.cumulocity.com/devicecontrol/operations/21230822 (+1 other failures)
02:42:35 INFO  
</system-out>
	</testcase>
</testsuite>
