<?xml version="1.0" encoding="utf-8"?>
<testsuite failures="0" name="apt_finalize" skipped="0" tests="1" time="150.95" timestamp="2022-06-10T09:30:22">
	<testcase classname="AptPluginFinalize" name="apt_finalize"/>
</testsuite>
