<?xml version="1.0" encoding="utf-8"?>
<testsuite failures="1" name="SoftwareManagement.sm_apt_install_download_path" skipped="0" tests="1" time="191.07" timestamp="2022-05-24T16:13:37">
	<testcase classname="AptInstallWithDownloadPath" name="SoftwareManagement.sm_apt_install_download_path">
		<failure message="BLOCKED: SystemError: Timeout while waiting for status FAILED or SUCCESSFUL" type="BLOCKED"/>
		<system-out>16:10:26 INFO  ==============================================================
16:10:26 INFO  Id:    SoftwareManagement.sm_apt_install_download_path
16:10:26 INFO  Dir:   software_management_end_to_end/
16:10:26 INFO  Title: Install package to directory specified in tedge config set tmp.path
16:10:26 INFO  ==============================================================
16:10:26 INFO  Using sw id database: {'asciijump': '5475369', 'robotfindskitten': '5474869', 'squirrel3': '5475279', 'rolldice': '5152439', 'moon-buggy': '5439204', 'apple': '5495053', 'banana': '5494888', 'cherry': '5495382', 'watermelon': '5494510', 'registry': '8018911', 'hello-world': '8021526', 'docker/getting-started': '8021973', 'alpine': '7991792'}
16:10:26 INFO  EnvironmentC8y Setup
16:10:27 INFO  Executed systemctl&lt;serv_mapper1&gt;, exit status 3
16:10:41 INFO  Executed sudo&lt;tedge_connect_c8y&gt;, exit status 0, duration 14 secs
16:10:43 INFO  Executed sudo&lt;tedge_connect_c8y_test&gt;, exit status 0
16:10:44 INFO  Executed systemctl&lt;serv_mosq2&gt;, exit status 0
16:10:45 INFO  Executed systemctl&lt;serv_mapper3&gt;, exit status 0
16:10:47 INFO  State of current operation: PENDING
16:10:49 INFO  State of current operation: PENDING
16:10:52 INFO  State of current operation: PENDING
16:10:54 INFO  State of current operation: PENDING
16:10:56 INFO  State of current operation: PENDING
16:10:59 INFO  State of current operation: PENDING
16:11:01 INFO  State of current operation: PENDING
16:11:03 INFO  State of current operation: PENDING
16:11:05 INFO  State of current operation: PENDING
16:11:08 INFO  State of current operation: PENDING
16:11:10 INFO  State of current operation: PENDING
16:11:12 INFO  State of current operation: PENDING
16:11:14 INFO  State of current operation: PENDING
16:11:17 INFO  State of current operation: PENDING
16:11:19 INFO  State of current operation: PENDING
16:11:21 INFO  State of current operation: PENDING
16:11:23 INFO  State of current operation: PENDING
16:11:26 INFO  State of current operation: PENDING
16:11:28 INFO  State of current operation: PENDING
16:11:30 INFO  State of current operation: PENDING
16:11:32 INFO  State of current operation: PENDING
16:11:34 INFO  State of current operation: PENDING
16:11:37 INFO  State of current operation: PENDING
16:11:39 INFO  State of current operation: PENDING
16:11:41 INFO  State of current operation: PENDING
16:11:43 INFO  State of current operation: PENDING
16:11:46 INFO  State of current operation: PENDING
16:11:48 INFO  State of current operation: PENDING
16:11:50 INFO  State of current operation: PENDING
16:11:52 INFO  State of current operation: PENDING
16:11:55 INFO  State of current operation: PENDING
16:11:57 INFO  State of current operation: PENDING
16:11:59 INFO  State of current operation: PENDING
16:12:01 INFO  State of current operation: PENDING
16:12:04 INFO  State of current operation: PENDING
16:12:06 INFO  State of current operation: PENDING
16:12:08 INFO  State of current operation: PENDING
16:12:10 INFO  State of current operation: PENDING
16:12:13 INFO  State of current operation: PENDING
16:12:15 INFO  State of current operation: PENDING
16:12:17 INFO  State of current operation: PENDING
16:12:19 INFO  State of current operation: PENDING
16:12:22 INFO  State of current operation: PENDING
16:12:24 INFO  State of current operation: PENDING
16:12:26 INFO  State of current operation: PENDING
16:12:28 INFO  State of current operation: PENDING
16:12:31 INFO  State of current operation: PENDING
16:12:33 INFO  State of current operation: PENDING
16:12:35 INFO  State of current operation: PENDING
16:12:37 INFO  State of current operation: PENDING
16:12:40 INFO  State of current operation: PENDING
16:12:42 INFO  State of current operation: PENDING
16:12:44 INFO  State of current operation: PENDING
16:12:46 INFO  State of current operation: PENDING
16:12:49 INFO  State of current operation: PENDING
16:12:51 INFO  State of current operation: PENDING
16:12:53 INFO  State of current operation: PENDING
16:12:55 INFO  State of current operation: PENDING
16:12:58 INFO  State of current operation: PENDING
16:13:00 INFO  State of current operation: PENDING
16:13:02 INFO  State of current operation: PENDING
16:13:04 WARN  SystemError occurred while running test - Timeout while waiting for status FAILED or SUCCESSFUL
Traceback (most recent call last):
  File &quot;/home/pi/env-pysys/lib/python3.7/site-packages/pysys/baserunner.py&quot;, line 1292, in __call__
    self.testObj.setup()
  File &quot;/home/pi/actions-runner/_work/thin-edge.io/thin-edge.io/tests/PySys/software_management_end_to_end/sm_apt_install_download_path/run.py&quot;, line 48, in setup
    super().setup()
  File &quot;/home/pi/actions-runner/_work/thin-edge.io/thin-edge.io/tests/PySys/software_management_end_to_end/environment_sm_management.py&quot;, line 151, in setup
    self.wait_until_end()
  File &quot;/home/pi/actions-runner/_work/thin-edge.io/thin-edge.io/tests/PySys/software_management_end_to_end/environment_sm_management.py&quot;, line 332, in wait_until_end
    self.wait_until_status(&quot;FAILED&quot;, &quot;SUCCESSFUL&quot;)
  File &quot;/home/pi/actions-runner/_work/thin-edge.io/thin-edge.io/tests/PySys/software_management_end_to_end/environment_sm_management.py&quot;, line 381, in wait_until_status
    &quot;Timeout while waiting for status %s or %s&quot; % (status, status2)
SystemError: Timeout while waiting for status FAILED or SUCCESSFUL
16:13:05 WARN  SystemError: Timeout while waiting for status FAILED or SUCCESSFUL ... blocked 
16:13:05 INFO  
16:13:05 INFO  cleanup:
16:13:05 INFO  Executed sudo, exit status 0
16:13:06 INFO  Executed sudo, exit status 0
16:13:10 INFO  Executed sudo&lt;tedge_disconnect_c8y&gt;, exit status 0
16:13:10 INFO  Restarting mosquitto too frequently in the last 10 seconds. It was only up for 3 seconds
16:13:10 INFO  Delaying execution by 8 seconds
16:13:32 INFO  Executed sudo&lt;tedge_connect_c8y&gt;, exit status 0, duration 14 secs
16:13:36 INFO  Executed sudo&lt;tedge_disconnect_c8y&gt;, exit status 0
16:13:37 INFO  Executed systemctl&lt;serv_mapper5&gt;, exit status 3
16:13:37 INFO  
16:13:37 INFO  Test duration: 191.07 secs
16:13:37 INFO  Test final outcome:  BLOCKED
16:13:37 INFO  Test outcome reason: SystemError: Timeout while waiting for status FAILED or SUCCESSFUL
16:13:37 INFO  
</system-out>
	</testcase>
</testsuite>
