<?xml version="1.0" encoding="utf-8"?>
<testsuite failures="0" name="SoftwareManagement.sm_apt_install_remove" skipped="0" tests="1" time="156.53" timestamp="2022-07-22T01:06:50">
	<testcase classname="PySysTest" name="SoftwareManagement.sm_apt_install_remove"/>
</testsuite>
