<?xml version="1.0" encoding="utf-8"?>
<testsuite failures="1" name="SoftwareManagement.sm_apt_install_remove_multiple" skipped="0" tests="1" time="178.7" timestamp="2022-07-19T14:23:35">
	<testcase classname="PySysTest" name="SoftwareManagement.sm_apt_install_remove_multiple">
		<failure message="FAILED: Assert that (False == value) with value=True" type="FAILED"/>
		<system-out>14:20:37 INFO  ==============================================================
14:20:37 INFO  Id:    SoftwareManagement.sm_apt_install_remove_multiple
14:20:37 INFO  Dir:   software_management_end_to_end/
14:20:37 INFO  Title: Validate end to end behaviour for the apt plugin for multiple packages
14:20:37 INFO  ==============================================================
14:20:37 INFO  Using sw id database: {'asciijump': '5475369', 'robotfindskitten': '5474869', 'squirrel3': '5475279', 'rolldice': '5152439', 'moon-buggy': '5439204', 'apple': '5495053', 'banana': '5494888', 'cherry': '5495382', 'watermelon': '5494510', 'registry': '8018911', 'hello-world': '8021526', 'docker/getting-started': '8021973', 'alpine': '7991792'}
14:20:37 INFO  EnvironmentC8y Setup
14:20:37 INFO  Executed systemctl&lt;serv_mapper1&gt;, exit status 3
14:20:37 INFO  Restarting mosquitto too frequently in the last 10 seconds. It was only up for 5 seconds
14:20:37 INFO  Delaying execution by 6 seconds
14:20:57 INFO  Executed sudo&lt;tedge_connect_c8y&gt;, exit status 0, duration 14 secs
14:20:58 INFO  Executed sudo&lt;tedge_connect_c8y_test&gt;, exit status 0
14:20:58 INFO  Executed systemctl&lt;serv_mosq2&gt;, exit status 0
14:20:59 INFO  Executed systemctl&lt;serv_mapper3&gt;, exit status 0
14:21:01 INFO  State of current operation: SUCCESSFUL
14:21:01 INFO  Assert that (False == value) with value=False ... passed
14:21:02 INFO  Assert that (False == value) with value=False ... passed
14:21:02 INFO  Assert that (False == value) with value=False ... passed
14:21:02 INFO  Package robotfindskitten is installed
14:21:02 WARN  Assert that (False == value) with value=True ... failed 
14:21:02 INFO  Response status: 201
14:21:02 INFO  Response to action: {
    &quot;creationTime&quot;: &quot;2022-07-19T14:21:02.820Z&quot;,
    &quot;deviceId&quot;: &quot;21040121&quot;,
    &quot;deviceName&quot;: &quot;m32sd10b&quot;,
    &quot;self&quot;: &quot;https://t493319102.eu-latest.cumulocity.com/devicecontrol/operations/21054937&quot;,
    &quot;id&quot;: &quot;21054937&quot;,
    &quot;status&quot;: &quot;PENDING&quot;,
    &quot;description&quot;: &quot;Apply software changes, triggered from PySys: [{'action': 'install', 'id': '5475369', 'name': 'asciijump', 'url': ' ', 'version': '::apt'}, {'action': 'install', 'id': '5474869', 'name': 'robotfindskitten', 'url': ' ', 'version': '::apt'}, {'action': 'install', 'id': '5475279', 'name': 'squirrel3', 'url': ' ', 'version': '::apt'}]&quot;,
    &quot;c8y_SoftwareUpdate&quot;: [
        {
            &quot;name&quot;: &quot;asciijump&quot;,
            &quot;action&quot;: &quot;install&quot;,
            &quot;id&quot;: &quot;5475369&quot;,
            &quot;version&quot;: &quot;::apt&quot;,
            &quot;url&quot;: &quot; &quot;
        },
        {
            &quot;name&quot;: &quot;robotfindskitten&quot;,
            &quot;action&quot;: &quot;install&quot;,
            &quot;id&quot;: &quot;5474869&quot;,
            &quot;version&quot;: &quot;::apt&quot;,
            &quot;url&quot;: &quot; &quot;
        },
        {
            &quot;name&quot;: &quot;squirrel3&quot;,
            &quot;action&quot;: &quot;install&quot;,
            &quot;id&quot;: &quot;5475279&quot;,
            &quot;version&quot;: &quot;::apt&quot;,
            &quot;url&quot;: &quot; &quot;
        }
    ]
}
14:21:02 INFO  Started operation: {'creationTime': '2022-07-19T14:21:02.820Z', 'deviceId': '21040121', 'deviceName': 'm32sd10b', 'self': 'https://t493319102.eu-latest.cumulocity.com/devicecontrol/operations/21054937', 'id': '21054937', 'status': 'PENDING', 'description': &quot;Apply software changes, triggered from PySys: [{'action': 'install', 'id': '5475369', 'name': 'asciijump', 'url': ' ', 'version': '::apt'}, {'action': 'install', 'id': '5474869', 'name': 'robotfindskitten', 'url': ' ', 'version': '::apt'}, {'action': 'install', 'id': '5475279', 'name': 'squirrel3', 'url': ' ', 'version': '::apt'}]&quot;, 'c8y_SoftwareUpdate': [{'name': 'asciijump', 'action': 'install', 'id': '5475369', 'version': '::apt', 'url': ' '}, {'name': 'robotfindskitten', 'action': 'install', 'id': '5474869', 'version': '::apt', 'url': ' '}, {'name': 'squirrel3', 'action': 'install', 'id': '5475279', 'version': '::apt', 'url': ' '}]}
14:21:05 INFO  State of operation 21054937 : PENDING
14:21:07 INFO  State of operation 21054937 : EXECUTING
14:21:09 INFO  State of operation 21054937 : EXECUTING
14:21:11 INFO  State of operation 21054937 : EXECUTING
14:21:13 INFO  State of operation 21054937 : EXECUTING
14:21:16 INFO  State of operation 21054937 : EXECUTING
14:21:18 INFO  State of operation 21054937 : EXECUTING
14:21:21 INFO  State of operation 21054937 : EXECUTING
14:21:24 INFO  State of operation 21054937 : EXECUTING
14:21:26 INFO  State of operation 21054937 : EXECUTING
14:21:28 INFO  State of operation 21054937 : EXECUTING
14:21:30 INFO  State of operation 21054937 : EXECUTING
14:21:33 INFO  State of operation 21054937 : EXECUTING
14:21:35 INFO  State of operation 21054937 : EXECUTING
14:21:37 INFO  State of operation 21054937 : EXECUTING
14:21:39 INFO  State of operation 21054937 : EXECUTING
14:21:42 INFO  State of operation 21054937 : EXECUTING
14:21:44 INFO  State of operation 21054937 : EXECUTING
14:21:47 INFO  State of operation 21054937 : EXECUTING
14:21:49 INFO  State of operation 21054937 : EXECUTING
14:21:51 INFO  State of operation 21054937 : EXECUTING
14:21:54 INFO  State of operation 21054937 : EXECUTING
14:21:56 INFO  State of operation 21054937 : EXECUTING
14:21:58 INFO  State of operation 21054937 : EXECUTING
14:22:01 INFO  State of operation 21054937 : EXECUTING
14:22:03 INFO  State of operation 21054937 : EXECUTING
14:22:05 INFO  State of operation 21054937 : EXECUTING
14:22:07 INFO  State of operation 21054937 : EXECUTING
14:22:10 INFO  State of operation 21054937 : EXECUTING
14:22:12 INFO  State of operation 21054937 : EXECUTING
14:22:14 INFO  State of operation 21054937 : EXECUTING
14:22:17 INFO  State of operation 21054937 : EXECUTING
14:22:19 INFO  State of operation 21054937 : EXECUTING
14:22:21 INFO  State of operation 21054937 : EXECUTING
14:22:23 INFO  State of operation 21054937 : SUCCESSFUL
14:22:23 INFO  Assert that (False == value) with value=False ... passed
14:22:24 INFO  Package asciijump is installed
14:22:24 INFO  Assert that (True == value) with value=True ... passed
14:22:24 INFO  Package squirrel3 is installed
14:22:24 INFO  Assert that (True == value) with value=True ... passed
14:22:24 INFO  Package robotfindskitten is installed
14:22:24 INFO  Assert that (True == value) with value=True ... passed
14:22:24 INFO  Response status: 201
14:22:24 INFO  Response to action: {
    &quot;creationTime&quot;: &quot;2022-07-19T14:22:24.792Z&quot;,
    &quot;deviceId&quot;: &quot;21040121&quot;,
    &quot;deviceName&quot;: &quot;m32sd10b&quot;,
    &quot;self&quot;: &quot;https://t493319102.eu-latest.cumulocity.com/devicecontrol/operations/21054945&quot;,
    &quot;id&quot;: &quot;21054945&quot;,
    &quot;status&quot;: &quot;PENDING&quot;,
    &quot;description&quot;: &quot;Apply software changes, triggered from PySys: [{'action': 'delete', 'id': '5475369', 'name': 'asciijump', 'url': ' ', 'version': '::apt'}, {'action': 'delete', 'id': '5474869', 'name': 'robotfindskitten', 'url': ' ', 'version': '::apt'}, {'action': 'delete', 'id': '5475279', 'name': 'squirrel3', 'url': ' ', 'version': '::apt'}]&quot;,
    &quot;c8y_SoftwareUpdate&quot;: [
        {
            &quot;name&quot;: &quot;asciijump&quot;,
            &quot;action&quot;: &quot;delete&quot;,
            &quot;id&quot;: &quot;5475369&quot;,
            &quot;version&quot;: &quot;::apt&quot;,
            &quot;url&quot;: &quot; &quot;
        },
        {
            &quot;name&quot;: &quot;robotfindskitten&quot;,
            &quot;action&quot;: &quot;delete&quot;,
            &quot;id&quot;: &quot;5474869&quot;,
            &quot;version&quot;: &quot;::apt&quot;,
            &quot;url&quot;: &quot; &quot;
        },
        {
            &quot;name&quot;: &quot;squirrel3&quot;,
            &quot;action&quot;: &quot;delete&quot;,
            &quot;id&quot;: &quot;5475279&quot;,
            &quot;version&quot;: &quot;::apt&quot;,
            &quot;url&quot;: &quot; &quot;
        }
    ]
}
14:22:24 INFO  Started operation: {'creationTime': '2022-07-19T14:22:24.792Z', 'deviceId': '21040121', 'deviceName': 'm32sd10b', 'self': 'https://t493319102.eu-latest.cumulocity.com/devicecontrol/operations/21054945', 'id': '21054945', 'status': 'PENDING', 'description': &quot;Apply software changes, triggered from PySys: [{'action': 'delete', 'id': '5475369', 'name': 'asciijump', 'url': ' ', 'version': '::apt'}, {'action': 'delete', 'id': '5474869', 'name': 'robotfindskitten', 'url': ' ', 'version': '::apt'}, {'action': 'delete', 'id': '5475279', 'name': 'squirrel3', 'url': ' ', 'version': '::apt'}]&quot;, 'c8y_SoftwareUpdate': [{'name': 'asciijump', 'action': 'delete', 'id': '5475369', 'version': '::apt', 'url': ' '}, {'name': 'robotfindskitten', 'action': 'delete', 'id': '5474869', 'version': '::apt', 'url': ' '}, {'name': 'squirrel3', 'action': 'delete', 'id': '5475279', 'version': '::apt', 'url': ' '}]}
14:22:27 INFO  State of operation 21054945 : PENDING
14:22:29 INFO  State of operation 21054945 : EXECUTING
14:22:31 INFO  State of operation 21054945 : EXECUTING
14:22:33 INFO  State of operation 21054945 : EXECUTING
14:22:35 INFO  State of operation 21054945 : EXECUTING
14:22:38 INFO  State of operation 21054945 : EXECUTING
14:22:40 INFO  State of operation 21054945 : EXECUTING
14:22:43 INFO  State of operation 21054945 : EXECUTING
14:22:46 INFO  State of operation 21054945 : EXECUTING
14:22:48 INFO  State of operation 21054945 : EXECUTING
14:22:50 INFO  State of operation 21054945 : EXECUTING
14:22:52 INFO  State of operation 21054945 : EXECUTING
14:22:55 INFO  State of operation 21054945 : EXECUTING
14:22:57 INFO  State of operation 21054945 : EXECUTING
14:22:59 INFO  State of operation 21054945 : EXECUTING
14:23:02 INFO  State of operation 21054945 : EXECUTING
14:23:04 INFO  State of operation 21054945 : EXECUTING
14:23:07 INFO  State of operation 21054945 : EXECUTING
14:23:09 INFO  State of operation 21054945 : EXECUTING
14:23:11 INFO  State of operation 21054945 : EXECUTING
14:23:14 INFO  State of operation 21054945 : EXECUTING
14:23:16 INFO  State of operation 21054945 : EXECUTING
14:23:18 INFO  State of operation 21054945 : EXECUTING
14:23:20 INFO  State of operation 21054945 : EXECUTING
14:23:23 INFO  State of operation 21054945 : EXECUTING
14:23:25 INFO  State of operation 21054945 : EXECUTING
14:23:28 INFO  State of operation 21054945 : EXECUTING
14:23:30 INFO  State of operation 21054945 : SUCCESSFUL
14:23:30 INFO  Assert that (False == value) with value=False ... passed
14:23:30 INFO  Assert that (False == value) with value=False ... passed
14:23:30 INFO  Assert that (False == value) with value=False ... passed
14:23:31 INFO  Assert that (False == value) with value=False ... passed
14:23:31 INFO  
14:23:31 INFO  cleanup:
14:23:35 INFO  Executed sudo&lt;tedge_disconnect_c8y&gt;, exit status 0
14:23:35 INFO  Executed systemctl&lt;serv_mapper5&gt;, exit status 3
14:23:35 INFO  
14:23:35 INFO  Test duration: 178.70 secs
14:23:35 INFO  Test final outcome:  FAILED
14:23:35 INFO  Test outcome reason: Assert that (False == value) with value=True
14:23:35 INFO  
</system-out>
	</testcase>
</testsuite>
