<?xml version="1.0" encoding="utf-8"?>
<testsuite failures="0" name="apt_fail_noarg" skipped="0" tests="1" time="6.38" timestamp="2022-07-21T20:10:58">
	<testcase classname="AptPluginFailNoArg" name="apt_fail_noarg"/>
</testsuite>
