<?xml version="1.0" encoding="utf-8"?>
<testsuite failures="0" name="apt_prepare" skipped="0" tests="1" time="20.45" timestamp="2022-07-20T11:07:23">
	<testcase classname="AptPluginPrepare" name="apt_prepare"/>
</testsuite>
