<?xml version="1.0" encoding="utf-8"?>
<testsuite failures="1" name="SoftwareManagement.sm_apt_install_remove_multiple" skipped="0" tests="1" time="182.68" timestamp="2022-07-21T20:39:57">
	<testcase classname="PySysTest" name="SoftwareManagement.sm_apt_install_remove_multiple">
		<failure message="FAILED: Assert that (False == value) with value=True" type="FAILED"/>
		<system-out>20:36:54 INFO  ==============================================================
20:36:54 INFO  Id:    SoftwareManagement.sm_apt_install_remove_multiple
20:36:54 INFO  Dir:   software_management_end_to_end/
20:36:54 INFO  Title: Validate end to end behaviour for the apt plugin for multiple packages
20:36:54 INFO  ==============================================================
20:36:54 INFO  Using sw id database: {'asciijump': '5475369', 'robotfindskitten': '5474869', 'squirrel3': '5475279', 'rolldice': '5152439', 'moon-buggy': '5439204', 'apple': '5495053', 'banana': '5494888', 'cherry': '5495382', 'watermelon': '5494510', 'registry': '8018911', 'hello-world': '8021526', 'docker/getting-started': '8021973', 'alpine': '7991792'}
20:36:54 INFO  EnvironmentC8y Setup
20:36:55 INFO  Executed systemctl&lt;serv_mapper1&gt;, exit status 3
20:36:55 INFO  Restarting mosquitto too frequently in the last 10 seconds. It was only up for 4 seconds
20:36:55 INFO  Delaying execution by 7 seconds
20:37:16 INFO  Executed sudo&lt;tedge_connect_c8y&gt;, exit status 0, duration 14 secs
20:37:17 INFO  Executed sudo&lt;tedge_connect_c8y_test&gt;, exit status 0
20:37:17 INFO  Executed systemctl&lt;serv_mosq2&gt;, exit status 0
20:37:18 INFO  Executed systemctl&lt;serv_mapper3&gt;, exit status 0
20:37:20 INFO  State of current operation: SUCCESSFUL
20:37:20 INFO  Assert that (False == value) with value=False ... passed
20:37:21 INFO  Assert that (False == value) with value=False ... passed
20:37:21 INFO  Assert that (False == value) with value=False ... passed
20:37:21 INFO  Package robotfindskitten is installed
20:37:21 WARN  Assert that (False == value) with value=True ... failed 
20:37:21 INFO  Response status: 201
20:37:21 INFO  Response to action: {
    &quot;creationTime&quot;: &quot;2022-07-21T20:37:21.738Z&quot;,
    &quot;deviceId&quot;: &quot;21166557&quot;,
    &quot;deviceName&quot;: &quot;m32sd10b&quot;,
    &quot;self&quot;: &quot;https://t493319102.eu-latest.cumulocity.com/devicecontrol/operations/21187766&quot;,
    &quot;id&quot;: &quot;21187766&quot;,
    &quot;status&quot;: &quot;PENDING&quot;,
    &quot;description&quot;: &quot;Apply software changes, triggered from PySys: [{'action': 'install', 'id': '5475369', 'name': 'asciijump', 'url': ' ', 'version': '::apt'}, {'action': 'install', 'id': '5474869', 'name': 'robotfindskitten', 'url': ' ', 'version': '::apt'}, {'action': 'install', 'id': '5475279', 'name': 'squirrel3', 'url': ' ', 'version': '::apt'}]&quot;,
    &quot;c8y_SoftwareUpdate&quot;: [
        {
            &quot;name&quot;: &quot;asciijump&quot;,
            &quot;action&quot;: &quot;install&quot;,
            &quot;id&quot;: &quot;5475369&quot;,
            &quot;version&quot;: &quot;::apt&quot;,
            &quot;url&quot;: &quot; &quot;
        },
        {
            &quot;name&quot;: &quot;robotfindskitten&quot;,
            &quot;action&quot;: &quot;install&quot;,
            &quot;id&quot;: &quot;5474869&quot;,
            &quot;version&quot;: &quot;::apt&quot;,
            &quot;url&quot;: &quot; &quot;
        },
        {
            &quot;name&quot;: &quot;squirrel3&quot;,
            &quot;action&quot;: &quot;install&quot;,
            &quot;id&quot;: &quot;5475279&quot;,
            &quot;version&quot;: &quot;::apt&quot;,
            &quot;url&quot;: &quot; &quot;
        }
    ]
}
20:37:21 INFO  Started operation: {'creationTime': '2022-07-21T20:37:21.738Z', 'deviceId': '21166557', 'deviceName': 'm32sd10b', 'self': 'https://t493319102.eu-latest.cumulocity.com/devicecontrol/operations/21187766', 'id': '21187766', 'status': 'PENDING', 'description': &quot;Apply software changes, triggered from PySys: [{'action': 'install', 'id': '5475369', 'name': 'asciijump', 'url': ' ', 'version': '::apt'}, {'action': 'install', 'id': '5474869', 'name': 'robotfindskitten', 'url': ' ', 'version': '::apt'}, {'action': 'install', 'id': '5475279', 'name': 'squirrel3', 'url': ' ', 'version': '::apt'}]&quot;, 'c8y_SoftwareUpdate': [{'name': 'asciijump', 'action': 'install', 'id': '5475369', 'version': '::apt', 'url': ' '}, {'name': 'robotfindskitten', 'action': 'install', 'id': '5474869', 'version': '::apt', 'url': ' '}, {'name': 'squirrel3', 'action': 'install', 'id': '5475279', 'version': '::apt', 'url': ' '}]}
20:37:24 INFO  State of operation 21187766 : PENDING
20:37:26 INFO  State of operation 21187766 : EXECUTING
20:37:28 INFO  State of operation 21187766 : EXECUTING
20:37:30 INFO  State of operation 21187766 : EXECUTING
20:37:33 INFO  State of operation 21187766 : EXECUTING
20:37:35 INFO  State of operation 21187766 : EXECUTING
20:37:37 INFO  State of operation 21187766 : EXECUTING
20:37:40 INFO  State of operation 21187766 : EXECUTING
20:37:43 INFO  State of operation 21187766 : EXECUTING
20:37:45 INFO  State of operation 21187766 : EXECUTING
20:37:47 INFO  State of operation 21187766 : EXECUTING
20:37:49 INFO  State of operation 21187766 : EXECUTING
20:37:52 INFO  State of operation 21187766 : EXECUTING
20:37:54 INFO  State of operation 21187766 : EXECUTING
20:37:56 INFO  State of operation 21187766 : EXECUTING
20:37:58 INFO  State of operation 21187766 : EXECUTING
20:38:01 INFO  State of operation 21187766 : EXECUTING
20:38:04 INFO  State of operation 21187766 : EXECUTING
20:38:06 INFO  State of operation 21187766 : EXECUTING
20:38:08 INFO  State of operation 21187766 : EXECUTING
20:38:10 INFO  State of operation 21187766 : EXECUTING
20:38:13 INFO  State of operation 21187766 : EXECUTING
20:38:15 INFO  State of operation 21187766 : EXECUTING
20:38:19 INFO  State of operation 21187766 : EXECUTING
20:38:21 INFO  State of operation 21187766 : EXECUTING
20:38:23 INFO  State of operation 21187766 : EXECUTING
20:38:26 INFO  State of operation 21187766 : EXECUTING
20:38:29 INFO  State of operation 21187766 : EXECUTING
20:38:31 INFO  State of operation 21187766 : EXECUTING
20:38:33 INFO  State of operation 21187766 : EXECUTING
20:38:36 INFO  State of operation 21187766 : EXECUTING
20:38:38 INFO  State of operation 21187766 : EXECUTING
20:38:40 INFO  State of operation 21187766 : EXECUTING
20:38:42 INFO  State of operation 21187766 : SUCCESSFUL
20:38:42 INFO  Assert that (False == value) with value=False ... passed
20:38:43 INFO  Package asciijump is installed
20:38:43 INFO  Assert that (True == value) with value=True ... passed
20:38:43 INFO  Package squirrel3 is installed
20:38:43 INFO  Assert that (True == value) with value=True ... passed
20:38:43 INFO  Package robotfindskitten is installed
20:38:43 INFO  Assert that (True == value) with value=True ... passed
20:38:43 INFO  Response status: 201
20:38:43 INFO  Response to action: {
    &quot;creationTime&quot;: &quot;2022-07-21T20:38:43.796Z&quot;,
    &quot;deviceId&quot;: &quot;21166557&quot;,
    &quot;deviceName&quot;: &quot;m32sd10b&quot;,
    &quot;self&quot;: &quot;https://t493319102.eu-latest.cumulocity.com/devicecontrol/operations/21187772&quot;,
    &quot;id&quot;: &quot;21187772&quot;,
    &quot;status&quot;: &quot;PENDING&quot;,
    &quot;description&quot;: &quot;Apply software changes, triggered from PySys: [{'action': 'delete', 'id': '5475369', 'name': 'asciijump', 'url': ' ', 'version': '::apt'}, {'action': 'delete', 'id': '5474869', 'name': 'robotfindskitten', 'url': ' ', 'version': '::apt'}, {'action': 'delete', 'id': '5475279', 'name': 'squirrel3', 'url': ' ', 'version': '::apt'}]&quot;,
    &quot;c8y_SoftwareUpdate&quot;: [
        {
            &quot;name&quot;: &quot;asciijump&quot;,
            &quot;action&quot;: &quot;delete&quot;,
            &quot;id&quot;: &quot;5475369&quot;,
            &quot;version&quot;: &quot;::apt&quot;,
            &quot;url&quot;: &quot; &quot;
        },
        {
            &quot;name&quot;: &quot;robotfindskitten&quot;,
            &quot;action&quot;: &quot;delete&quot;,
            &quot;id&quot;: &quot;5474869&quot;,
            &quot;version&quot;: &quot;::apt&quot;,
            &quot;url&quot;: &quot; &quot;
        },
        {
            &quot;name&quot;: &quot;squirrel3&quot;,
            &quot;action&quot;: &quot;delete&quot;,
            &quot;id&quot;: &quot;5475279&quot;,
            &quot;version&quot;: &quot;::apt&quot;,
            &quot;url&quot;: &quot; &quot;
        }
    ]
}
20:38:43 INFO  Started operation: {'creationTime': '2022-07-21T20:38:43.796Z', 'deviceId': '21166557', 'deviceName': 'm32sd10b', 'self': 'https://t493319102.eu-latest.cumulocity.com/devicecontrol/operations/21187772', 'id': '21187772', 'status': 'PENDING', 'description': &quot;Apply software changes, triggered from PySys: [{'action': 'delete', 'id': '5475369', 'name': 'asciijump', 'url': ' ', 'version': '::apt'}, {'action': 'delete', 'id': '5474869', 'name': 'robotfindskitten', 'url': ' ', 'version': '::apt'}, {'action': 'delete', 'id': '5475279', 'name': 'squirrel3', 'url': ' ', 'version': '::apt'}]&quot;, 'c8y_SoftwareUpdate': [{'name': 'asciijump', 'action': 'delete', 'id': '5475369', 'version': '::apt', 'url': ' '}, {'name': 'robotfindskitten', 'action': 'delete', 'id': '5474869', 'version': '::apt', 'url': ' '}, {'name': 'squirrel3', 'action': 'delete', 'id': '5475279', 'version': '::apt', 'url': ' '}]}
20:38:46 INFO  State of operation 21187772 : PENDING
20:38:48 INFO  State of operation 21187772 : EXECUTING
20:38:50 INFO  State of operation 21187772 : EXECUTING
20:38:52 INFO  State of operation 21187772 : EXECUTING
20:38:54 INFO  State of operation 21187772 : EXECUTING
20:38:57 INFO  State of operation 21187772 : EXECUTING
20:38:59 INFO  State of operation 21187772 : EXECUTING
20:39:02 INFO  State of operation 21187772 : EXECUTING
20:39:05 INFO  State of operation 21187772 : EXECUTING
20:39:07 INFO  State of operation 21187772 : EXECUTING
20:39:09 INFO  State of operation 21187772 : EXECUTING
20:39:11 INFO  State of operation 21187772 : EXECUTING
20:39:14 INFO  State of operation 21187772 : EXECUTING
20:39:16 INFO  State of operation 21187772 : EXECUTING
20:39:18 INFO  State of operation 21187772 : EXECUTING
20:39:20 INFO  State of operation 21187772 : EXECUTING
20:39:23 INFO  State of operation 21187772 : EXECUTING
20:39:26 INFO  State of operation 21187772 : EXECUTING
20:39:28 INFO  State of operation 21187772 : EXECUTING
20:39:31 INFO  State of operation 21187772 : EXECUTING
20:39:33 INFO  State of operation 21187772 : EXECUTING
20:39:35 INFO  State of operation 21187772 : EXECUTING
20:39:37 INFO  State of operation 21187772 : EXECUTING
20:39:40 INFO  State of operation 21187772 : EXECUTING
20:39:42 INFO  State of operation 21187772 : EXECUTING
20:39:45 INFO  State of operation 21187772 : EXECUTING
20:39:47 INFO  State of operation 21187772 : EXECUTING
20:39:49 INFO  State of operation 21187772 : EXECUTING
20:39:51 INFO  State of operation 21187772 : SUCCESSFUL
20:39:52 INFO  Assert that (False == value) with value=False ... passed
20:39:52 INFO  Assert that (False == value) with value=False ... passed
20:39:52 INFO  Assert that (False == value) with value=False ... passed
20:39:52 INFO  Assert that (False == value) with value=False ... passed
20:39:52 INFO  
20:39:52 INFO  cleanup:
20:39:56 INFO  Executed sudo&lt;tedge_disconnect_c8y&gt;, exit status 0
20:39:57 INFO  Executed systemctl&lt;serv_mapper5&gt;, exit status 3
20:39:57 INFO  
20:39:57 INFO  Test duration: 182.68 secs
20:39:57 INFO  Test final outcome:  FAILED
20:39:57 INFO  Test outcome reason: Assert that (False == value) with value=True
20:39:57 INFO  
</system-out>
	</testcase>
</testsuite>
