<?xml version="1.0" encoding="utf-8"?>
<testsuite failures="0" name="apt_prepare" skipped="0" tests="1" time="20.52" timestamp="2022-07-15T08:02:43">
	<testcase classname="AptPluginPrepare" name="apt_prepare"/>
</testsuite>
