<?xml version="1.0" encoding="utf-8"?>
<testsuite failures="1" name="SoftwareManagement.sm_apt_install_remove_multiple" skipped="0" tests="1" time="179.49" timestamp="2022-07-22T01:12:25">
	<testcase classname="PySysTest" name="SoftwareManagement.sm_apt_install_remove_multiple">
		<failure message="FAILED: Assert that (False == value) with value=True" type="FAILED"/>
		<system-out>01:09:26 INFO  ==============================================================
01:09:26 INFO  Id:    SoftwareManagement.sm_apt_install_remove_multiple
01:09:26 INFO  Dir:   software_management_end_to_end/
01:09:26 INFO  Title: Validate end to end behaviour for the apt plugin for multiple packages
01:09:26 INFO  ==============================================================
01:09:26 INFO  Using sw id database: {'asciijump': '5475369', 'robotfindskitten': '5474869', 'squirrel3': '5475279', 'rolldice': '5152439', 'moon-buggy': '5439204', 'apple': '5495053', 'banana': '5494888', 'cherry': '5495382', 'watermelon': '5494510', 'registry': '8018911', 'hello-world': '8021526', 'docker/getting-started': '8021973', 'alpine': '7991792'}
01:09:26 INFO  EnvironmentC8y Setup
01:09:26 INFO  Executed systemctl&lt;serv_mapper1&gt;, exit status 3
01:09:26 INFO  Restarting mosquitto too frequently in the last 10 seconds. It was only up for 5 seconds
01:09:26 INFO  Delaying execution by 6 seconds
01:09:46 INFO  Executed sudo&lt;tedge_connect_c8y&gt;, exit status 0, duration 14 secs
01:09:47 INFO  Executed sudo&lt;tedge_connect_c8y_test&gt;, exit status 0
01:09:48 INFO  Executed systemctl&lt;serv_mosq2&gt;, exit status 0
01:09:48 INFO  Executed systemctl&lt;serv_mapper3&gt;, exit status 0
01:09:50 INFO  State of current operation: SUCCESSFUL
01:09:50 INFO  Assert that (False == value) with value=False ... passed
01:09:51 INFO  Assert that (False == value) with value=False ... passed
01:09:51 INFO  Assert that (False == value) with value=False ... passed
01:09:51 INFO  Package robotfindskitten is installed
01:09:51 WARN  Assert that (False == value) with value=True ... failed 
01:09:52 INFO  Response status: 201
01:09:52 INFO  Response to action: {
    &quot;delivery&quot;: {
        &quot;log&quot;: [],
        &quot;time&quot;: &quot;2022-07-22T01:09:52.019Z&quot;,
        &quot;status&quot;: &quot;PENDING&quot;
    },
    &quot;creationTime&quot;: &quot;2022-07-22T01:09:51.925Z&quot;,
    &quot;deviceId&quot;: &quot;21166557&quot;,
    &quot;deviceName&quot;: &quot;m32sd10b&quot;,
    &quot;self&quot;: &quot;https://t493319102.eu-latest.cumulocity.com/devicecontrol/operations/21213860&quot;,
    &quot;id&quot;: &quot;21213860&quot;,
    &quot;status&quot;: &quot;PENDING&quot;,
    &quot;description&quot;: &quot;Apply software changes, triggered from PySys: [{'action': 'install', 'id': '5475369', 'name': 'asciijump', 'url': ' ', 'version': '::apt'}, {'action': 'install', 'id': '5474869', 'name': 'robotfindskitten', 'url': ' ', 'version': '::apt'}, {'action': 'install', 'id': '5475279', 'name': 'squirrel3', 'url': ' ', 'version': '::apt'}]&quot;,
    &quot;c8y_SoftwareUpdate&quot;: [
        {
            &quot;name&quot;: &quot;asciijump&quot;,
            &quot;action&quot;: &quot;install&quot;,
            &quot;id&quot;: &quot;5475369&quot;,
            &quot;version&quot;: &quot;::apt&quot;,
            &quot;url&quot;: &quot; &quot;
        },
        {
            &quot;name&quot;: &quot;robotfindskitten&quot;,
            &quot;action&quot;: &quot;install&quot;,
            &quot;id&quot;: &quot;5474869&quot;,
            &quot;version&quot;: &quot;::apt&quot;,
            &quot;url&quot;: &quot; &quot;
        },
        {
            &quot;name&quot;: &quot;squirrel3&quot;,
            &quot;action&quot;: &quot;install&quot;,
            &quot;id&quot;: &quot;5475279&quot;,
            &quot;version&quot;: &quot;::apt&quot;,
            &quot;url&quot;: &quot; &quot;
        }
    ]
}
01:09:52 INFO  Started operation: {'delivery': {'log': [], 'time': '2022-07-22T01:09:52.019Z', 'status': 'PENDING'}, 'creationTime': '2022-07-22T01:09:51.925Z', 'deviceId': '21166557', 'deviceName': 'm32sd10b', 'self': 'https://t493319102.eu-latest.cumulocity.com/devicecontrol/operations/21213860', 'id': '21213860', 'status': 'PENDING', 'description': &quot;Apply software changes, triggered from PySys: [{'action': 'install', 'id': '5475369', 'name': 'asciijump', 'url': ' ', 'version': '::apt'}, {'action': 'install', 'id': '5474869', 'name': 'robotfindskitten', 'url': ' ', 'version': '::apt'}, {'action': 'install', 'id': '5475279', 'name': 'squirrel3', 'url': ' ', 'version': '::apt'}]&quot;, 'c8y_SoftwareUpdate': [{'name': 'asciijump', 'action': 'install', 'id': '5475369', 'version': '::apt', 'url': ' '}, {'name': 'robotfindskitten', 'action': 'install', 'id': '5474869', 'version': '::apt', 'url': ' '}, {'name': 'squirrel3', 'action': 'install', 'id': '5475279', 'version': '::apt', 'url': ' '}]}
01:09:54 INFO  State of operation 21213860 : PENDING
01:09:56 INFO  State of operation 21213860 : EXECUTING
01:09:58 INFO  State of operation 21213860 : EXECUTING
01:10:00 INFO  State of operation 21213860 : EXECUTING
01:10:03 INFO  State of operation 21213860 : EXECUTING
01:10:05 INFO  State of operation 21213860 : EXECUTING
01:10:08 INFO  State of operation 21213860 : EXECUTING
01:10:11 INFO  State of operation 21213860 : EXECUTING
01:10:13 INFO  State of operation 21213860 : EXECUTING
01:10:16 INFO  State of operation 21213860 : EXECUTING
01:10:18 INFO  State of operation 21213860 : EXECUTING
01:10:20 INFO  State of operation 21213860 : EXECUTING
01:10:22 INFO  State of operation 21213860 : EXECUTING
01:10:25 INFO  State of operation 21213860 : EXECUTING
01:10:27 INFO  State of operation 21213860 : EXECUTING
01:10:29 INFO  State of operation 21213860 : EXECUTING
01:10:31 INFO  State of operation 21213860 : EXECUTING
01:10:34 INFO  State of operation 21213860 : EXECUTING
01:10:36 INFO  State of operation 21213860 : EXECUTING
01:10:39 INFO  State of operation 21213860 : EXECUTING
01:10:41 INFO  State of operation 21213860 : EXECUTING
01:10:44 INFO  State of operation 21213860 : EXECUTING
01:10:46 INFO  State of operation 21213860 : EXECUTING
01:10:49 INFO  State of operation 21213860 : EXECUTING
01:10:51 INFO  State of operation 21213860 : EXECUTING
01:10:53 INFO  State of operation 21213860 : EXECUTING
01:10:56 INFO  State of operation 21213860 : EXECUTING
01:10:58 INFO  State of operation 21213860 : EXECUTING
01:11:01 INFO  State of operation 21213860 : EXECUTING
01:11:03 INFO  State of operation 21213860 : EXECUTING
01:11:05 INFO  State of operation 21213860 : EXECUTING
01:11:08 INFO  State of operation 21213860 : EXECUTING
01:11:10 INFO  State of operation 21213860 : EXECUTING
01:11:12 INFO  State of operation 21213860 : SUCCESSFUL
01:11:12 INFO  Assert that (False == value) with value=False ... passed
01:11:12 INFO  Package asciijump is installed
01:11:12 INFO  Assert that (True == value) with value=True ... passed
01:11:13 INFO  Package squirrel3 is installed
01:11:13 INFO  Assert that (True == value) with value=True ... passed
01:11:13 INFO  Package robotfindskitten is installed
01:11:13 INFO  Assert that (True == value) with value=True ... passed
01:11:13 INFO  Response status: 201
01:11:13 INFO  Response to action: {
    &quot;delivery&quot;: {
        &quot;log&quot;: [],
        &quot;time&quot;: &quot;2022-07-22T01:11:13.634Z&quot;,
        &quot;status&quot;: &quot;PENDING&quot;
    },
    &quot;creationTime&quot;: &quot;2022-07-22T01:11:13.617Z&quot;,
    &quot;deviceId&quot;: &quot;21166557&quot;,
    &quot;deviceName&quot;: &quot;m32sd10b&quot;,
    &quot;self&quot;: &quot;https://t493319102.eu-latest.cumulocity.com/devicecontrol/operations/21213870&quot;,
    &quot;id&quot;: &quot;21213870&quot;,
    &quot;status&quot;: &quot;PENDING&quot;,
    &quot;description&quot;: &quot;Apply software changes, triggered from PySys: [{'action': 'delete', 'id': '5475369', 'name': 'asciijump', 'url': ' ', 'version': '::apt'}, {'action': 'delete', 'id': '5474869', 'name': 'robotfindskitten', 'url': ' ', 'version': '::apt'}, {'action': 'delete', 'id': '5475279', 'name': 'squirrel3', 'url': ' ', 'version': '::apt'}]&quot;,
    &quot;c8y_SoftwareUpdate&quot;: [
        {
            &quot;name&quot;: &quot;asciijump&quot;,
            &quot;action&quot;: &quot;delete&quot;,
            &quot;id&quot;: &quot;5475369&quot;,
            &quot;version&quot;: &quot;::apt&quot;,
            &quot;url&quot;: &quot; &quot;
        },
        {
            &quot;name&quot;: &quot;robotfindskitten&quot;,
            &quot;action&quot;: &quot;delete&quot;,
            &quot;id&quot;: &quot;5474869&quot;,
            &quot;version&quot;: &quot;::apt&quot;,
            &quot;url&quot;: &quot; &quot;
        },
        {
            &quot;name&quot;: &quot;squirrel3&quot;,
            &quot;action&quot;: &quot;delete&quot;,
            &quot;id&quot;: &quot;5475279&quot;,
            &quot;version&quot;: &quot;::apt&quot;,
            &quot;url&quot;: &quot; &quot;
        }
    ]
}
01:11:13 INFO  Started operation: {'delivery': {'log': [], 'time': '2022-07-22T01:11:13.634Z', 'status': 'PENDING'}, 'creationTime': '2022-07-22T01:11:13.617Z', 'deviceId': '21166557', 'deviceName': 'm32sd10b', 'self': 'https://t493319102.eu-latest.cumulocity.com/devicecontrol/operations/21213870', 'id': '21213870', 'status': 'PENDING', 'description': &quot;Apply software changes, triggered from PySys: [{'action': 'delete', 'id': '5475369', 'name': 'asciijump', 'url': ' ', 'version': '::apt'}, {'action': 'delete', 'id': '5474869', 'name': 'robotfindskitten', 'url': ' ', 'version': '::apt'}, {'action': 'delete', 'id': '5475279', 'name': 'squirrel3', 'url': ' ', 'version': '::apt'}]&quot;, 'c8y_SoftwareUpdate': [{'name': 'asciijump', 'action': 'delete', 'id': '5475369', 'version': '::apt', 'url': ' '}, {'name': 'robotfindskitten', 'action': 'delete', 'id': '5474869', 'version': '::apt', 'url': ' '}, {'name': 'squirrel3', 'action': 'delete', 'id': '5475279', 'version': '::apt', 'url': ' '}]}
01:11:15 INFO  State of operation 21213870 : PENDING
01:11:18 INFO  State of operation 21213870 : EXECUTING
01:11:20 INFO  State of operation 21213870 : EXECUTING
01:11:22 INFO  State of operation 21213870 : EXECUTING
01:11:24 INFO  State of operation 21213870 : EXECUTING
01:11:27 INFO  State of operation 21213870 : EXECUTING
01:11:30 INFO  State of operation 21213870 : EXECUTING
01:11:33 INFO  State of operation 21213870 : EXECUTING
01:11:35 INFO  State of operation 21213870 : EXECUTING
01:11:37 INFO  State of operation 21213870 : EXECUTING
01:11:39 INFO  State of operation 21213870 : EXECUTING
01:11:42 INFO  State of operation 21213870 : EXECUTING
01:11:44 INFO  State of operation 21213870 : EXECUTING
01:11:46 INFO  State of operation 21213870 : EXECUTING
01:11:48 INFO  State of operation 21213870 : EXECUTING
01:11:51 INFO  State of operation 21213870 : EXECUTING
01:11:54 INFO  State of operation 21213870 : EXECUTING
01:11:56 INFO  State of operation 21213870 : EXECUTING
01:11:59 INFO  State of operation 21213870 : EXECUTING
01:12:01 INFO  State of operation 21213870 : EXECUTING
01:12:03 INFO  State of operation 21213870 : EXECUTING
01:12:05 INFO  State of operation 21213870 : EXECUTING
01:12:08 INFO  State of operation 21213870 : EXECUTING
01:12:10 INFO  State of operation 21213870 : EXECUTING
01:12:13 INFO  State of operation 21213870 : EXECUTING
01:12:15 INFO  State of operation 21213870 : EXECUTING
01:12:17 INFO  State of operation 21213870 : EXECUTING
01:12:20 INFO  State of operation 21213870 : SUCCESSFUL
01:12:20 INFO  Assert that (False == value) with value=False ... passed
01:12:20 INFO  Assert that (False == value) with value=False ... passed
01:12:20 INFO  Assert that (False == value) with value=False ... passed
01:12:21 INFO  Assert that (False == value) with value=False ... passed
01:12:21 INFO  
01:12:21 INFO  cleanup:
01:12:25 INFO  Executed sudo&lt;tedge_disconnect_c8y&gt;, exit status 0
01:12:25 INFO  Executed systemctl&lt;serv_mapper5&gt;, exit status 3
01:12:25 INFO  
01:12:25 INFO  Test duration: 179.49 secs
01:12:25 INFO  Test final outcome:  FAILED
01:12:25 INFO  Test outcome reason: Assert that (False == value) with value=True
01:12:25 INFO  
</system-out>
	</testcase>
</testsuite>
