<?xml version="1.0" encoding="utf-8"?>
<testsuite failures="1" name="SoftwareManagement.sm_apt_install_remove_multiple" skipped="0" tests="1" time="179.96" timestamp="2022-06-20T15:43:09">
	<testcase classname="PySysTest" name="SoftwareManagement.sm_apt_install_remove_multiple">
		<failure message="FAILED: Assert that (False == value) with value=True" type="FAILED"/>
		<system-out>15:40:09 INFO  ==============================================================
15:40:09 INFO  Id:    SoftwareManagement.sm_apt_install_remove_multiple
15:40:09 INFO  Dir:   software_management_end_to_end/
15:40:09 INFO  Title: Validate end to end behaviour for the apt plugin for multiple packages
15:40:09 INFO  ==============================================================
15:40:09 INFO  Using sw id database: {'asciijump': '5475369', 'robotfindskitten': '5474869', 'squirrel3': '5475279', 'rolldice': '5152439', 'moon-buggy': '5439204', 'apple': '5495053', 'banana': '5494888', 'cherry': '5495382', 'watermelon': '5494510', 'registry': '8018911', 'hello-world': '8021526', 'docker/getting-started': '8021973', 'alpine': '7991792'}
15:40:09 INFO  EnvironmentC8y Setup
15:40:10 INFO  Executed systemctl&lt;serv_mapper1&gt;, exit status 3
15:40:10 INFO  Restarting mosquitto too frequently in the last 10 seconds. It was only up for 4 seconds
15:40:10 INFO  Delaying execution by 7 seconds
15:40:31 INFO  Executed sudo&lt;tedge_connect_c8y&gt;, exit status 0, duration 14 secs
15:40:32 INFO  Executed sudo&lt;tedge_connect_c8y_test&gt;, exit status 0
15:40:32 INFO  Executed systemctl&lt;serv_mosq2&gt;, exit status 0
15:40:33 INFO  Executed systemctl&lt;serv_mapper3&gt;, exit status 0
15:40:35 INFO  State of current operation: SUCCESSFUL
15:40:35 INFO  Assert that (False == value) with value=False ... passed
15:40:35 INFO  Assert that (False == value) with value=False ... passed
15:40:35 INFO  Assert that (False == value) with value=False ... passed
15:40:36 INFO  Package robotfindskitten is installed
15:40:36 WARN  Assert that (False == value) with value=True ... failed 
15:40:36 INFO  Response status: 201
15:40:36 INFO  Response to action: {
    &quot;creationTime&quot;: &quot;2022-06-20T15:40:36.435Z&quot;,
    &quot;deviceName&quot;: &quot;m32sd10b&quot;,
    &quot;deviceId&quot;: &quot;20281697&quot;,
    &quot;self&quot;: &quot;https://t493319102.eu-latest.cumulocity.com/devicecontrol/operations/20349680&quot;,
    &quot;id&quot;: &quot;20349680&quot;,
    &quot;status&quot;: &quot;PENDING&quot;,
    &quot;description&quot;: &quot;Apply software changes, triggered from PySys: [{'action': 'install', 'id': '5475369', 'name': 'asciijump', 'url': ' ', 'version': '::apt'}, {'action': 'install', 'id': '5474869', 'name': 'robotfindskitten', 'url': ' ', 'version': '::apt'}, {'action': 'install', 'id': '5475279', 'name': 'squirrel3', 'url': ' ', 'version': '::apt'}]&quot;,
    &quot;c8y_SoftwareUpdate&quot;: [
        {
            &quot;name&quot;: &quot;asciijump&quot;,
            &quot;action&quot;: &quot;install&quot;,
            &quot;id&quot;: &quot;5475369&quot;,
            &quot;version&quot;: &quot;::apt&quot;,
            &quot;url&quot;: &quot; &quot;
        },
        {
            &quot;name&quot;: &quot;robotfindskitten&quot;,
            &quot;action&quot;: &quot;install&quot;,
            &quot;id&quot;: &quot;5474869&quot;,
            &quot;version&quot;: &quot;::apt&quot;,
            &quot;url&quot;: &quot; &quot;
        },
        {
            &quot;name&quot;: &quot;squirrel3&quot;,
            &quot;action&quot;: &quot;install&quot;,
            &quot;id&quot;: &quot;5475279&quot;,
            &quot;version&quot;: &quot;::apt&quot;,
            &quot;url&quot;: &quot; &quot;
        }
    ]
}
15:40:36 INFO  Started operation: {'creationTime': '2022-06-20T15:40:36.435Z', 'deviceName': 'm32sd10b', 'deviceId': '20281697', 'self': 'https://t493319102.eu-latest.cumulocity.com/devicecontrol/operations/20349680', 'id': '20349680', 'status': 'PENDING', 'description': &quot;Apply software changes, triggered from PySys: [{'action': 'install', 'id': '5475369', 'name': 'asciijump', 'url': ' ', 'version': '::apt'}, {'action': 'install', 'id': '5474869', 'name': 'robotfindskitten', 'url': ' ', 'version': '::apt'}, {'action': 'install', 'id': '5475279', 'name': 'squirrel3', 'url': ' ', 'version': '::apt'}]&quot;, 'c8y_SoftwareUpdate': [{'name': 'asciijump', 'action': 'install', 'id': '5475369', 'version': '::apt', 'url': ' '}, {'name': 'robotfindskitten', 'action': 'install', 'id': '5474869', 'version': '::apt', 'url': ' '}, {'name': 'squirrel3', 'action': 'install', 'id': '5475279', 'version': '::apt', 'url': ' '}]}
15:40:38 INFO  State of operation 20349680 : PENDING
15:40:40 INFO  State of operation 20349680 : EXECUTING
15:40:43 INFO  State of operation 20349680 : EXECUTING
15:40:45 INFO  State of operation 20349680 : EXECUTING
15:40:47 INFO  State of operation 20349680 : EXECUTING
15:40:49 INFO  State of operation 20349680 : EXECUTING
15:40:52 INFO  State of operation 20349680 : EXECUTING
15:40:55 INFO  State of operation 20349680 : EXECUTING
15:40:58 INFO  State of operation 20349680 : EXECUTING
15:41:00 INFO  State of operation 20349680 : EXECUTING
15:41:02 INFO  State of operation 20349680 : EXECUTING
15:41:04 INFO  State of operation 20349680 : EXECUTING
15:41:07 INFO  State of operation 20349680 : EXECUTING
15:41:09 INFO  State of operation 20349680 : EXECUTING
15:41:11 INFO  State of operation 20349680 : EXECUTING
15:41:13 INFO  State of operation 20349680 : EXECUTING
15:41:16 INFO  State of operation 20349680 : EXECUTING
15:41:18 INFO  State of operation 20349680 : EXECUTING
15:41:21 INFO  State of operation 20349680 : EXECUTING
15:41:23 INFO  State of operation 20349680 : EXECUTING
15:41:25 INFO  State of operation 20349680 : EXECUTING
15:41:28 INFO  State of operation 20349680 : EXECUTING
15:41:30 INFO  State of operation 20349680 : EXECUTING
15:41:33 INFO  State of operation 20349680 : EXECUTING
15:41:35 INFO  State of operation 20349680 : EXECUTING
15:41:38 INFO  State of operation 20349680 : EXECUTING
15:41:40 INFO  State of operation 20349680 : EXECUTING
15:41:43 INFO  State of operation 20349680 : EXECUTING
15:41:45 INFO  State of operation 20349680 : EXECUTING
15:41:48 INFO  State of operation 20349680 : EXECUTING
15:41:50 INFO  State of operation 20349680 : EXECUTING
15:41:52 INFO  State of operation 20349680 : EXECUTING
15:41:54 INFO  State of operation 20349680 : EXECUTING
15:41:56 INFO  State of operation 20349680 : SUCCESSFUL
15:41:57 INFO  Assert that (False == value) with value=False ... passed
15:41:57 INFO  Package asciijump is installed
15:41:57 INFO  Assert that (True == value) with value=True ... passed
15:41:57 INFO  Package squirrel3 is installed
15:41:57 INFO  Assert that (True == value) with value=True ... passed
15:41:57 INFO  Package robotfindskitten is installed
15:41:57 INFO  Assert that (True == value) with value=True ... passed
15:41:58 INFO  Response status: 201
15:41:58 INFO  Response to action: {
    &quot;creationTime&quot;: &quot;2022-06-20T15:41:58.172Z&quot;,
    &quot;deviceName&quot;: &quot;m32sd10b&quot;,
    &quot;deviceId&quot;: &quot;20281697&quot;,
    &quot;self&quot;: &quot;https://t493319102.eu-latest.cumulocity.com/devicecontrol/operations/20349691&quot;,
    &quot;id&quot;: &quot;20349691&quot;,
    &quot;status&quot;: &quot;PENDING&quot;,
    &quot;description&quot;: &quot;Apply software changes, triggered from PySys: [{'action': 'delete', 'id': '5475369', 'name': 'asciijump', 'url': ' ', 'version': '::apt'}, {'action': 'delete', 'id': '5474869', 'name': 'robotfindskitten', 'url': ' ', 'version': '::apt'}, {'action': 'delete', 'id': '5475279', 'name': 'squirrel3', 'url': ' ', 'version': '::apt'}]&quot;,
    &quot;c8y_SoftwareUpdate&quot;: [
        {
            &quot;name&quot;: &quot;asciijump&quot;,
            &quot;action&quot;: &quot;delete&quot;,
            &quot;id&quot;: &quot;5475369&quot;,
            &quot;version&quot;: &quot;::apt&quot;,
            &quot;url&quot;: &quot; &quot;
        },
        {
            &quot;name&quot;: &quot;robotfindskitten&quot;,
            &quot;action&quot;: &quot;delete&quot;,
            &quot;id&quot;: &quot;5474869&quot;,
            &quot;version&quot;: &quot;::apt&quot;,
            &quot;url&quot;: &quot; &quot;
        },
        {
            &quot;name&quot;: &quot;squirrel3&quot;,
            &quot;action&quot;: &quot;delete&quot;,
            &quot;id&quot;: &quot;5475279&quot;,
            &quot;version&quot;: &quot;::apt&quot;,
            &quot;url&quot;: &quot; &quot;
        }
    ]
}
15:41:58 INFO  Started operation: {'creationTime': '2022-06-20T15:41:58.172Z', 'deviceName': 'm32sd10b', 'deviceId': '20281697', 'self': 'https://t493319102.eu-latest.cumulocity.com/devicecontrol/operations/20349691', 'id': '20349691', 'status': 'PENDING', 'description': &quot;Apply software changes, triggered from PySys: [{'action': 'delete', 'id': '5475369', 'name': 'asciijump', 'url': ' ', 'version': '::apt'}, {'action': 'delete', 'id': '5474869', 'name': 'robotfindskitten', 'url': ' ', 'version': '::apt'}, {'action': 'delete', 'id': '5475279', 'name': 'squirrel3', 'url': ' ', 'version': '::apt'}]&quot;, 'c8y_SoftwareUpdate': [{'name': 'asciijump', 'action': 'delete', 'id': '5475369', 'version': '::apt', 'url': ' '}, {'name': 'robotfindskitten', 'action': 'delete', 'id': '5474869', 'version': '::apt', 'url': ' '}, {'name': 'squirrel3', 'action': 'delete', 'id': '5475279', 'version': '::apt', 'url': ' '}]}
15:42:00 INFO  State of operation 20349691 : PENDING
15:42:02 INFO  State of operation 20349691 : EXECUTING
15:42:04 INFO  State of operation 20349691 : EXECUTING
15:42:07 INFO  State of operation 20349691 : EXECUTING
15:42:09 INFO  State of operation 20349691 : EXECUTING
15:42:11 INFO  State of operation 20349691 : EXECUTING
15:42:14 INFO  State of operation 20349691 : EXECUTING
15:42:17 INFO  State of operation 20349691 : EXECUTING
15:42:19 INFO  State of operation 20349691 : EXECUTING
15:42:22 INFO  State of operation 20349691 : EXECUTING
15:42:24 INFO  State of operation 20349691 : EXECUTING
15:42:26 INFO  State of operation 20349691 : EXECUTING
15:42:28 INFO  State of operation 20349691 : EXECUTING
15:42:30 INFO  State of operation 20349691 : EXECUTING
15:42:33 INFO  State of operation 20349691 : EXECUTING
15:42:35 INFO  State of operation 20349691 : EXECUTING
15:42:38 INFO  State of operation 20349691 : EXECUTING
15:42:40 INFO  State of operation 20349691 : EXECUTING
15:42:43 INFO  State of operation 20349691 : EXECUTING
15:42:45 INFO  State of operation 20349691 : EXECUTING
15:42:47 INFO  State of operation 20349691 : EXECUTING
15:42:50 INFO  State of operation 20349691 : EXECUTING
15:42:52 INFO  State of operation 20349691 : EXECUTING
15:42:54 INFO  State of operation 20349691 : EXECUTING
15:42:57 INFO  State of operation 20349691 : EXECUTING
15:42:59 INFO  State of operation 20349691 : EXECUTING
15:43:01 INFO  State of operation 20349691 : EXECUTING
15:43:04 INFO  State of operation 20349691 : SUCCESSFUL
15:43:04 INFO  Assert that (False == value) with value=False ... passed
15:43:04 INFO  Assert that (False == value) with value=False ... passed
15:43:04 INFO  Assert that (False == value) with value=False ... passed
15:43:05 INFO  Assert that (False == value) with value=False ... passed
15:43:05 INFO  
15:43:05 INFO  cleanup:
15:43:09 INFO  Executed sudo&lt;tedge_disconnect_c8y&gt;, exit status 0
15:43:09 INFO  Executed systemctl&lt;serv_mapper5&gt;, exit status 3
15:43:09 INFO  
15:43:09 INFO  Test duration: 179.96 secs
15:43:09 INFO  Test final outcome:  FAILED
15:43:09 INFO  Test outcome reason: Assert that (False == value) with value=True
15:43:09 INFO  
</system-out>
	</testcase>
</testsuite>
