<?xml version="1.0" encoding="utf-8"?>
<testsuite failures="0" name="apt_remove" skipped="0" tests="1" time="65.62" timestamp="2022-07-15T08:05:24">
	<testcase classname="AptPluginRemoveDense" name="apt_remove"/>
</testsuite>
