<?xml version="1.0" encoding="utf-8"?>
<testsuite failures="0" name="apt_install" skipped="0" tests="1" time="66.13" timestamp="2022-07-25T12:07:12">
	<testcase classname="AptPluginInstallDense" name="apt_install"/>
</testsuite>
