<?xml version="1.0" encoding="utf-8"?>
<testsuite failures="0" name="apt_finalize" skipped="0" tests="1" time="149.39" timestamp="2022-06-29T12:12:10">
	<testcase classname="AptPluginFinalize" name="apt_finalize"/>
</testsuite>
