<?xml version="1.0" encoding="utf-8"?>
<testsuite failures="1" name="SoftwareManagement.sm_apt_install_remove_multiple_mixed" skipped="0" tests="1" time="178.01" timestamp="2022-06-22T16:37:04">
	<testcase classname="PySysTest" name="SoftwareManagement.sm_apt_install_remove_multiple_mixed">
		<failure message="BLOCKED: SystemError: Timeout while waiting for status SUCCESSFUL or False" type="BLOCKED"/>
		<system-out>16:34:06 INFO  ==============================================================
16:34:06 INFO  Id:    SoftwareManagement.sm_apt_install_remove_multiple_mixed
16:34:06 INFO  Dir:   software_management_end_to_end/
16:34:06 INFO  Title: Validate end to end behaviour for the apt plugin for multiple packages with mixed versions
16:34:06 INFO  ==============================================================
16:34:06 INFO  Using sw id database: {'asciijump': '5475369', 'robotfindskitten': '5474869', 'squirrel3': '5475279', 'rolldice': '5152439', 'moon-buggy': '5439204', 'apple': '5495053', 'banana': '5494888', 'cherry': '5495382', 'watermelon': '5494510', 'registry': '8018911', 'hello-world': '8021526', 'docker/getting-started': '8021973', 'alpine': '7991792'}
16:34:06 INFO  EnvironmentC8y Setup
16:34:06 INFO  Executed systemctl&lt;serv_mapper1&gt;, exit status 3
16:34:06 INFO  Restarting mosquitto too frequently in the last 10 seconds. It was only up for 5 seconds
16:34:06 INFO  Delaying execution by 6 seconds
16:34:27 INFO  Executed sudo&lt;tedge_connect_c8y&gt;, exit status 0, duration 14 secs
16:34:27 INFO  Executed sudo&lt;tedge_connect_c8y_test&gt;, exit status 0
16:34:28 INFO  Executed systemctl&lt;serv_mosq2&gt;, exit status 0
16:34:28 INFO  Executed systemctl&lt;serv_mapper3&gt;, exit status 0
16:34:30 INFO  State of current operation: SUCCESSFUL
16:34:31 INFO  Assert that (False == value) with value=False ... passed
16:34:31 INFO  Assert that (False == value) with value=False ... passed
16:34:31 INFO  Assert that (False == value) with value=False ... passed
16:34:31 INFO  Assert that (False == value) with value=False ... passed
16:34:32 INFO  Assert that (False == value) with value=False ... passed
16:34:33 INFO  Response status: 201
16:34:33 INFO  Response to action: {
    &quot;delivery&quot;: {
        &quot;log&quot;: [],
        &quot;time&quot;: &quot;2022-06-22T16:34:33.212Z&quot;,
        &quot;status&quot;: &quot;PENDING&quot;
    },
    &quot;creationTime&quot;: &quot;2022-06-22T16:34:33.188Z&quot;,
    &quot;deviceName&quot;: &quot;m32sd10b&quot;,
    &quot;deviceId&quot;: &quot;20418358&quot;,
    &quot;self&quot;: &quot;https://t493319102.eu-latest.cumulocity.com/devicecontrol/operations/20427389&quot;,
    &quot;id&quot;: &quot;20427389&quot;,
    &quot;status&quot;: &quot;PENDING&quot;,
    &quot;description&quot;: &quot;Apply software changes, triggered from PySys: [{'action': 'install', 'id': '5475369', 'name': 'asciijump', 'url': ' ', 'version': '::apt'}, {'action': 'install', 'id': '5474869', 'name': 'robotfindskitten', 'url': ' ', 'version': ' '}, {'action': 'install', 'id': '5475279', 'name': 'squirrel3', 'url': ' ', 'version': '3.1-7::apt'}, {'action': 'install', 'id': '5152439', 'name': 'rolldice', 'url': ' ', 'version': '1.16-1+b1'}, {'action': 'install', 'id': '5439204', 'name': 'moon-buggy', 'url': ' ', 'version': '1:1.0.51-12'}, {'action': 'install', 'id': '5475369', 'name': 'asciijump', 'url': ' ', 'version': '::apt'}]&quot;,
    &quot;c8y_SoftwareUpdate&quot;: [
        {
            &quot;name&quot;: &quot;asciijump&quot;,
            &quot;action&quot;: &quot;install&quot;,
            &quot;id&quot;: &quot;5475369&quot;,
            &quot;version&quot;: &quot;::apt&quot;,
            &quot;url&quot;: &quot; &quot;
        },
        {
            &quot;name&quot;: &quot;robotfindskitten&quot;,
            &quot;action&quot;: &quot;install&quot;,
            &quot;id&quot;: &quot;5474869&quot;,
            &quot;version&quot;: &quot; &quot;,
            &quot;url&quot;: &quot; &quot;
        },
        {
            &quot;name&quot;: &quot;squirrel3&quot;,
            &quot;action&quot;: &quot;install&quot;,
            &quot;id&quot;: &quot;5475279&quot;,
            &quot;version&quot;: &quot;3.1-7::apt&quot;,
            &quot;url&quot;: &quot; &quot;
        },
        {
            &quot;name&quot;: &quot;rolldice&quot;,
            &quot;action&quot;: &quot;install&quot;,
            &quot;id&quot;: &quot;5152439&quot;,
            &quot;version&quot;: &quot;1.16-1+b1&quot;,
            &quot;url&quot;: &quot; &quot;
        },
        {
            &quot;name&quot;: &quot;moon-buggy&quot;,
            &quot;action&quot;: &quot;install&quot;,
            &quot;id&quot;: &quot;5439204&quot;,
            &quot;version&quot;: &quot;1:1.0.51-12&quot;,
            &quot;url&quot;: &quot; &quot;
        },
        {
            &quot;name&quot;: &quot;asciijump&quot;,
            &quot;action&quot;: &quot;install&quot;,
            &quot;id&quot;: &quot;5475369&quot;,
            &quot;version&quot;: &quot;::apt&quot;,
            &quot;url&quot;: &quot; &quot;
        }
    ]
}
16:34:33 INFO  Started operation: {'delivery': {'log': [], 'time': '2022-06-22T16:34:33.212Z', 'status': 'PENDING'}, 'creationTime': '2022-06-22T16:34:33.188Z', 'deviceName': 'm32sd10b', 'deviceId': '20418358', 'self': 'https://t493319102.eu-latest.cumulocity.com/devicecontrol/operations/20427389', 'id': '20427389', 'status': 'PENDING', 'description': &quot;Apply software changes, triggered from PySys: [{'action': 'install', 'id': '5475369', 'name': 'asciijump', 'url': ' ', 'version': '::apt'}, {'action': 'install', 'id': '5474869', 'name': 'robotfindskitten', 'url': ' ', 'version': ' '}, {'action': 'install', 'id': '5475279', 'name': 'squirrel3', 'url': ' ', 'version': '3.1-7::apt'}, {'action': 'install', 'id': '5152439', 'name': 'rolldice', 'url': ' ', 'version': '1.16-1+b1'}, {'action': 'install', 'id': '5439204', 'name': 'moon-buggy', 'url': ' ', 'version': '1:1.0.51-12'}, {'action': 'install', 'id': '5475369', 'name': 'asciijump', 'url': ' ', 'version': '::apt'}]&quot;, 'c8y_SoftwareUpdate': [{'name': 'asciijump', 'action': 'install', 'id': '5475369', 'version': '::apt', 'url': ' '}, {'name': 'robotfindskitten', 'action': 'install', 'id': '5474869', 'version': ' ', 'url': ' '}, {'name': 'squirrel3', 'action': 'install', 'id': '5475279', 'version': '3.1-7::apt', 'url': ' '}, {'name': 'rolldice', 'action': 'install', 'id': '5152439', 'version': '1.16-1+b1', 'url': ' '}, {'name': 'moon-buggy', 'action': 'install', 'id': '5439204', 'version': '1:1.0.51-12', 'url': ' '}, {'name': 'asciijump', 'action': 'install', 'id': '5475369', 'version': '::apt', 'url': ' '}]}
16:34:35 INFO  State of operation 20427389 : PENDING
16:34:37 INFO  State of operation 20427389 : EXECUTING
16:34:39 INFO  State of operation 20427389 : EXECUTING
16:34:42 INFO  State of operation 20427389 : EXECUTING
16:34:44 INFO  State of operation 20427389 : EXECUTING
16:34:46 INFO  State of operation 20427389 : EXECUTING
16:34:49 INFO  State of operation 20427389 : EXECUTING
16:34:52 INFO  State of operation 20427389 : EXECUTING
16:34:54 INFO  State of operation 20427389 : EXECUTING
16:34:56 INFO  State of operation 20427389 : EXECUTING
16:34:58 INFO  State of operation 20427389 : EXECUTING
16:35:01 INFO  State of operation 20427389 : EXECUTING
16:35:03 INFO  State of operation 20427389 : EXECUTING
16:35:05 INFO  State of operation 20427389 : EXECUTING
16:35:08 INFO  State of operation 20427389 : EXECUTING
16:35:10 INFO  State of operation 20427389 : EXECUTING
16:35:12 INFO  State of operation 20427389 : EXECUTING
16:35:15 INFO  State of operation 20427389 : EXECUTING
16:35:17 INFO  State of operation 20427389 : EXECUTING
16:35:20 INFO  State of operation 20427389 : EXECUTING
16:35:22 INFO  State of operation 20427389 : EXECUTING
16:35:24 INFO  State of operation 20427389 : EXECUTING
16:35:27 INFO  State of operation 20427389 : EXECUTING
16:35:29 INFO  State of operation 20427389 : EXECUTING
16:35:32 INFO  State of operation 20427389 : EXECUTING
16:35:34 INFO  State of operation 20427389 : EXECUTING
16:35:36 INFO  State of operation 20427389 : EXECUTING
16:35:38 INFO  State of operation 20427389 : EXECUTING
16:35:40 INFO  State of operation 20427389 : EXECUTING
16:35:43 INFO  State of operation 20427389 : EXECUTING
16:35:45 INFO  State of operation 20427389 : EXECUTING
16:35:47 INFO  State of operation 20427389 : EXECUTING
16:35:50 INFO  State of operation 20427389 : EXECUTING
16:35:52 INFO  State of operation 20427389 : EXECUTING
16:35:54 INFO  State of operation 20427389 : EXECUTING
16:35:57 INFO  State of operation 20427389 : EXECUTING
16:35:59 INFO  State of operation 20427389 : EXECUTING
16:36:01 INFO  State of operation 20427389 : EXECUTING
16:36:04 INFO  State of operation 20427389 : EXECUTING
16:36:06 INFO  State of operation 20427389 : EXECUTING
16:36:09 INFO  State of operation 20427389 : EXECUTING
16:36:11 INFO  State of operation 20427389 : EXECUTING
16:36:13 INFO  State of operation 20427389 : EXECUTING
16:36:15 INFO  State of operation 20427389 : EXECUTING
16:36:18 INFO  State of operation 20427389 : EXECUTING
16:36:20 INFO  State of operation 20427389 : EXECUTING
16:36:22 INFO  State of operation 20427389 : EXECUTING
16:36:25 INFO  State of operation 20427389 : EXECUTING
16:36:27 INFO  State of operation 20427389 : EXECUTING
16:36:30 INFO  State of operation 20427389 : EXECUTING
16:36:32 INFO  State of operation 20427389 : EXECUTING
16:36:34 INFO  State of operation 20427389 : EXECUTING
16:36:36 INFO  State of operation 20427389 : EXECUTING
16:36:39 INFO  State of operation 20427389 : EXECUTING
16:36:41 INFO  State of operation 20427389 : EXECUTING
16:36:44 INFO  State of operation 20427389 : EXECUTING
16:36:46 INFO  State of operation 20427389 : EXECUTING
16:36:49 INFO  State of operation 20427389 : EXECUTING
16:36:51 INFO  State of operation 20427389 : EXECUTING
16:36:54 INFO  State of operation 20427389 : EXECUTING
16:36:56 INFO  State of operation 20427389 : EXECUTING
16:36:58 WARN  SystemError occurred while running test - Timeout while waiting for status SUCCESSFUL or False
Traceback (most recent call last):
  File &quot;/home/pi/env-pysys/lib/python3.7/site-packages/pysys/baserunner.py&quot;, line 1294, in __call__
    self.testObj.execute()
  File &quot;/home/pi/actions-runner/_work/thin-edge.io/thin-edge.io/tests/PySys/software_management_end_to_end/sm_apt_install_remove_multiple_mixed/run.py&quot;, line 89, in execute
    self.wait_until_succcess()
  File &quot;/home/pi/actions-runner/_work/thin-edge.io/thin-edge.io/tests/PySys/software_management_end_to_end/environment_sm_management.py&quot;, line 324, in wait_until_succcess
    self.wait_until_status(&quot;SUCCESSFUL&quot;)
  File &quot;/home/pi/actions-runner/_work/thin-edge.io/thin-edge.io/tests/PySys/software_management_end_to_end/environment_sm_management.py&quot;, line 381, in wait_until_status
    &quot;Timeout while waiting for status %s or %s&quot; % (status, status2)
SystemError: Timeout while waiting for status SUCCESSFUL or False
16:36:58 WARN  SystemError: Timeout while waiting for status SUCCESSFUL or False ... blocked 
16:36:58 INFO  
16:36:58 INFO  cleanup:
16:37:03 INFO  Executed sudo&lt;tedge_disconnect_c8y&gt;, exit status 0
16:37:04 INFO  Executed systemctl&lt;serv_mapper5&gt;, exit status 3
16:37:04 INFO  
16:37:04 INFO  Test duration: 178.01 secs
16:37:04 INFO  Test final outcome:  BLOCKED
16:37:04 INFO  Test outcome reason: SystemError: Timeout while waiting for status SUCCESSFUL or False
16:37:04 INFO  
</system-out>
	</testcase>
</testsuite>
