<?xml version="1.0" encoding="utf-8"?>
<testsuite failures="1" name="SoftwareManagement.sm_apt_install_remove_multiple" skipped="0" tests="1" time="181.54" timestamp="2022-07-27T10:00:24">
	<testcase classname="PySysTest" name="SoftwareManagement.sm_apt_install_remove_multiple">
		<failure message="FAILED: Assert that (False == value) with value=True" type="FAILED"/>
		<system-out>09:57:22 INFO  ==============================================================
09:57:22 INFO  Id:    SoftwareManagement.sm_apt_install_remove_multiple
09:57:22 INFO  Dir:   software_management_end_to_end/
09:57:22 INFO  Title: Validate end to end behaviour for the apt plugin for multiple packages
09:57:22 INFO  ==============================================================
09:57:22 INFO  Using sw id database: {'asciijump': '5475369', 'robotfindskitten': '5474869', 'squirrel3': '5475279', 'rolldice': '5152439', 'moon-buggy': '5439204', 'apple': '5495053', 'banana': '5494888', 'cherry': '5495382', 'watermelon': '5494510', 'registry': '8018911', 'hello-world': '8021526', 'docker/getting-started': '8021973', 'alpine': '7991792'}
09:57:22 INFO  EnvironmentC8y Setup
09:57:23 INFO  Executed systemctl&lt;serv_mapper1&gt;, exit status 3
09:57:23 INFO  Restarting mosquitto too frequently in the last 10 seconds. It was only up for 4 seconds
09:57:23 INFO  Delaying execution by 7 seconds
09:57:44 INFO  Executed sudo&lt;tedge_connect_c8y&gt;, exit status 0, duration 14 secs
09:57:45 INFO  Executed sudo&lt;tedge_connect_c8y_test&gt;, exit status 0
09:57:45 INFO  Executed systemctl&lt;serv_mosq2&gt;, exit status 0
09:57:46 INFO  Executed systemctl&lt;serv_mapper3&gt;, exit status 0
09:57:48 INFO  State of current operation: SUCCESSFUL
09:57:48 INFO  Assert that (False == value) with value=False ... passed
09:57:49 INFO  Assert that (False == value) with value=False ... passed
09:57:49 INFO  Assert that (False == value) with value=False ... passed
09:57:49 INFO  Package robotfindskitten is installed
09:57:49 WARN  Assert that (False == value) with value=True ... failed 
09:57:50 INFO  Response status: 201
09:57:50 INFO  Response to action: {
    &quot;creationTime&quot;: &quot;2022-07-27T09:57:49.996Z&quot;,
    &quot;deviceId&quot;: &quot;21445682&quot;,
    &quot;deviceName&quot;: &quot;m32sd10b&quot;,
    &quot;self&quot;: &quot;https://t493319102.eu-latest.cumulocity.com/devicecontrol/operations/21474230&quot;,
    &quot;id&quot;: &quot;21474230&quot;,
    &quot;status&quot;: &quot;PENDING&quot;,
    &quot;description&quot;: &quot;Apply software changes, triggered from PySys: [{'action': 'install', 'id': '5475369', 'name': 'asciijump', 'url': ' ', 'version': '::apt'}, {'action': 'install', 'id': '5474869', 'name': 'robotfindskitten', 'url': ' ', 'version': '::apt'}, {'action': 'install', 'id': '5475279', 'name': 'squirrel3', 'url': ' ', 'version': '::apt'}]&quot;,
    &quot;c8y_SoftwareUpdate&quot;: [
        {
            &quot;name&quot;: &quot;asciijump&quot;,
            &quot;action&quot;: &quot;install&quot;,
            &quot;id&quot;: &quot;5475369&quot;,
            &quot;version&quot;: &quot;::apt&quot;,
            &quot;url&quot;: &quot; &quot;
        },
        {
            &quot;name&quot;: &quot;robotfindskitten&quot;,
            &quot;action&quot;: &quot;install&quot;,
            &quot;id&quot;: &quot;5474869&quot;,
            &quot;version&quot;: &quot;::apt&quot;,
            &quot;url&quot;: &quot; &quot;
        },
        {
            &quot;name&quot;: &quot;squirrel3&quot;,
            &quot;action&quot;: &quot;install&quot;,
            &quot;id&quot;: &quot;5475279&quot;,
            &quot;version&quot;: &quot;::apt&quot;,
            &quot;url&quot;: &quot; &quot;
        }
    ]
}
09:57:50 INFO  Started operation: {'creationTime': '2022-07-27T09:57:49.996Z', 'deviceId': '21445682', 'deviceName': 'm32sd10b', 'self': 'https://t493319102.eu-latest.cumulocity.com/devicecontrol/operations/21474230', 'id': '21474230', 'status': 'PENDING', 'description': &quot;Apply software changes, triggered from PySys: [{'action': 'install', 'id': '5475369', 'name': 'asciijump', 'url': ' ', 'version': '::apt'}, {'action': 'install', 'id': '5474869', 'name': 'robotfindskitten', 'url': ' ', 'version': '::apt'}, {'action': 'install', 'id': '5475279', 'name': 'squirrel3', 'url': ' ', 'version': '::apt'}]&quot;, 'c8y_SoftwareUpdate': [{'name': 'asciijump', 'action': 'install', 'id': '5475369', 'version': '::apt', 'url': ' '}, {'name': 'robotfindskitten', 'action': 'install', 'id': '5474869', 'version': '::apt', 'url': ' '}, {'name': 'squirrel3', 'action': 'install', 'id': '5475279', 'version': '::apt', 'url': ' '}]}
09:57:53 INFO  State of operation 21474230 : PENDING
09:57:55 INFO  State of operation 21474230 : EXECUTING
09:57:57 INFO  State of operation 21474230 : EXECUTING
09:57:59 INFO  State of operation 21474230 : EXECUTING
09:58:02 INFO  State of operation 21474230 : EXECUTING
09:58:04 INFO  State of operation 21474230 : EXECUTING
09:58:06 INFO  State of operation 21474230 : EXECUTING
09:58:09 INFO  State of operation 21474230 : EXECUTING
09:58:12 INFO  State of operation 21474230 : EXECUTING
09:58:14 INFO  State of operation 21474230 : EXECUTING
09:58:16 INFO  State of operation 21474230 : EXECUTING
09:58:18 INFO  State of operation 21474230 : EXECUTING
09:58:21 INFO  State of operation 21474230 : EXECUTING
09:58:23 INFO  State of operation 21474230 : EXECUTING
09:58:25 INFO  State of operation 21474230 : EXECUTING
09:58:27 INFO  State of operation 21474230 : EXECUTING
09:58:30 INFO  State of operation 21474230 : EXECUTING
09:58:32 INFO  State of operation 21474230 : EXECUTING
09:58:35 INFO  State of operation 21474230 : EXECUTING
09:58:37 INFO  State of operation 21474230 : EXECUTING
09:58:39 INFO  State of operation 21474230 : EXECUTING
09:58:42 INFO  State of operation 21474230 : EXECUTING
09:58:44 INFO  State of operation 21474230 : EXECUTING
09:58:47 INFO  State of operation 21474230 : EXECUTING
09:58:49 INFO  State of operation 21474230 : EXECUTING
09:58:52 INFO  State of operation 21474230 : EXECUTING
09:58:54 INFO  State of operation 21474230 : EXECUTING
09:58:57 INFO  State of operation 21474230 : EXECUTING
09:58:59 INFO  State of operation 21474230 : EXECUTING
09:59:02 INFO  State of operation 21474230 : EXECUTING
09:59:04 INFO  State of operation 21474230 : EXECUTING
09:59:06 INFO  State of operation 21474230 : EXECUTING
09:59:08 INFO  State of operation 21474230 : EXECUTING
09:59:10 INFO  State of operation 21474230 : SUCCESSFUL
09:59:11 INFO  Assert that (False == value) with value=False ... passed
09:59:11 INFO  Package asciijump is installed
09:59:11 INFO  Assert that (True == value) with value=True ... passed
09:59:11 INFO  Package squirrel3 is installed
09:59:11 INFO  Assert that (True == value) with value=True ... passed
09:59:11 INFO  Package robotfindskitten is installed
09:59:11 INFO  Assert that (True == value) with value=True ... passed
09:59:12 INFO  Response status: 201
09:59:12 INFO  Response to action: {
    &quot;creationTime&quot;: &quot;2022-07-27T09:59:12.114Z&quot;,
    &quot;deviceId&quot;: &quot;21445682&quot;,
    &quot;deviceName&quot;: &quot;m32sd10b&quot;,
    &quot;self&quot;: &quot;https://t493319102.eu-latest.cumulocity.com/devicecontrol/operations/21474241&quot;,
    &quot;id&quot;: &quot;21474241&quot;,
    &quot;status&quot;: &quot;PENDING&quot;,
    &quot;description&quot;: &quot;Apply software changes, triggered from PySys: [{'action': 'delete', 'id': '5475369', 'name': 'asciijump', 'url': ' ', 'version': '::apt'}, {'action': 'delete', 'id': '5474869', 'name': 'robotfindskitten', 'url': ' ', 'version': '::apt'}, {'action': 'delete', 'id': '5475279', 'name': 'squirrel3', 'url': ' ', 'version': '::apt'}]&quot;,
    &quot;c8y_SoftwareUpdate&quot;: [
        {
            &quot;name&quot;: &quot;asciijump&quot;,
            &quot;action&quot;: &quot;delete&quot;,
            &quot;id&quot;: &quot;5475369&quot;,
            &quot;version&quot;: &quot;::apt&quot;,
            &quot;url&quot;: &quot; &quot;
        },
        {
            &quot;name&quot;: &quot;robotfindskitten&quot;,
            &quot;action&quot;: &quot;delete&quot;,
            &quot;id&quot;: &quot;5474869&quot;,
            &quot;version&quot;: &quot;::apt&quot;,
            &quot;url&quot;: &quot; &quot;
        },
        {
            &quot;name&quot;: &quot;squirrel3&quot;,
            &quot;action&quot;: &quot;delete&quot;,
            &quot;id&quot;: &quot;5475279&quot;,
            &quot;version&quot;: &quot;::apt&quot;,
            &quot;url&quot;: &quot; &quot;
        }
    ]
}
09:59:12 INFO  Started operation: {'creationTime': '2022-07-27T09:59:12.114Z', 'deviceId': '21445682', 'deviceName': 'm32sd10b', 'self': 'https://t493319102.eu-latest.cumulocity.com/devicecontrol/operations/21474241', 'id': '21474241', 'status': 'PENDING', 'description': &quot;Apply software changes, triggered from PySys: [{'action': 'delete', 'id': '5475369', 'name': 'asciijump', 'url': ' ', 'version': '::apt'}, {'action': 'delete', 'id': '5474869', 'name': 'robotfindskitten', 'url': ' ', 'version': '::apt'}, {'action': 'delete', 'id': '5475279', 'name': 'squirrel3', 'url': ' ', 'version': '::apt'}]&quot;, 'c8y_SoftwareUpdate': [{'name': 'asciijump', 'action': 'delete', 'id': '5475369', 'version': '::apt', 'url': ' '}, {'name': 'robotfindskitten', 'action': 'delete', 'id': '5474869', 'version': '::apt', 'url': ' '}, {'name': 'squirrel3', 'action': 'delete', 'id': '5475279', 'version': '::apt', 'url': ' '}]}
09:59:14 INFO  State of operation 21474241 : PENDING
09:59:16 INFO  State of operation 21474241 : EXECUTING
09:59:18 INFO  State of operation 21474241 : EXECUTING
09:59:21 INFO  State of operation 21474241 : EXECUTING
09:59:23 INFO  State of operation 21474241 : EXECUTING
09:59:25 INFO  State of operation 21474241 : EXECUTING
09:59:28 INFO  State of operation 21474241 : EXECUTING
09:59:31 INFO  State of operation 21474241 : EXECUTING
09:59:33 INFO  State of operation 21474241 : EXECUTING
09:59:36 INFO  State of operation 21474241 : EXECUTING
09:59:38 INFO  State of operation 21474241 : EXECUTING
09:59:40 INFO  State of operation 21474241 : EXECUTING
09:59:42 INFO  State of operation 21474241 : EXECUTING
09:59:44 INFO  State of operation 21474241 : EXECUTING
09:59:47 INFO  State of operation 21474241 : EXECUTING
09:59:49 INFO  State of operation 21474241 : EXECUTING
09:59:52 INFO  State of operation 21474241 : EXECUTING
09:59:55 INFO  State of operation 21474241 : EXECUTING
09:59:57 INFO  State of operation 21474241 : EXECUTING
10:00:00 INFO  State of operation 21474241 : EXECUTING
10:00:02 INFO  State of operation 21474241 : EXECUTING
10:00:04 INFO  State of operation 21474241 : EXECUTING
10:00:06 INFO  State of operation 21474241 : EXECUTING
10:00:09 INFO  State of operation 21474241 : EXECUTING
10:00:12 INFO  State of operation 21474241 : EXECUTING
10:00:14 INFO  State of operation 21474241 : EXECUTING
10:00:16 INFO  State of operation 21474241 : EXECUTING
10:00:18 INFO  State of operation 21474241 : SUCCESSFUL
10:00:19 INFO  Assert that (False == value) with value=False ... passed
10:00:19 INFO  Assert that (False == value) with value=False ... passed
10:00:19 INFO  Assert that (False == value) with value=False ... passed
10:00:19 INFO  Assert that (False == value) with value=False ... passed
10:00:19 INFO  
10:00:19 INFO  cleanup:
10:00:23 INFO  Executed sudo&lt;tedge_disconnect_c8y&gt;, exit status 0
10:00:24 INFO  Executed systemctl&lt;serv_mapper5&gt;, exit status 3
10:00:24 INFO  
10:00:24 INFO  Test duration: 181.54 secs
10:00:24 INFO  Test final outcome:  FAILED
10:00:24 INFO  Test outcome reason: Assert that (False == value) with value=True
10:00:24 INFO  
</system-out>
	</testcase>
</testsuite>
