<?xml version="1.0" encoding="utf-8"?>
<testsuite failures="0" name="apt_update_list" skipped="0" tests="1" time="164.58" timestamp="2022-06-17T09:09:49">
	<testcase classname="AptPluginUpdateList" name="apt_update_list"/>
</testsuite>
