<?xml version="1.0" encoding="utf-8"?>
<testsuite failures="1" name="SoftwareManagement.sm_apt_install_remove_multiple" skipped="0" tests="1" time="180.52" timestamp="2022-07-22T10:06:17">
	<testcase classname="PySysTest" name="SoftwareManagement.sm_apt_install_remove_multiple">
		<failure message="FAILED: Assert that (False == value) with value=True" type="FAILED"/>
		<system-out>10:03:16 INFO  ==============================================================
10:03:16 INFO  Id:    SoftwareManagement.sm_apt_install_remove_multiple
10:03:16 INFO  Dir:   software_management_end_to_end/
10:03:16 INFO  Title: Validate end to end behaviour for the apt plugin for multiple packages
10:03:16 INFO  ==============================================================
10:03:16 INFO  Using sw id database: {'asciijump': '5475369', 'robotfindskitten': '5474869', 'squirrel3': '5475279', 'rolldice': '5152439', 'moon-buggy': '5439204', 'apple': '5495053', 'banana': '5494888', 'cherry': '5495382', 'watermelon': '5494510', 'registry': '8018911', 'hello-world': '8021526', 'docker/getting-started': '8021973', 'alpine': '7991792'}
10:03:16 INFO  EnvironmentC8y Setup
10:03:17 INFO  Executed systemctl&lt;serv_mapper1&gt;, exit status 3
10:03:17 INFO  Restarting mosquitto too frequently in the last 10 seconds. It was only up for 4 seconds
10:03:17 INFO  Delaying execution by 7 seconds
10:03:38 INFO  Executed sudo&lt;tedge_connect_c8y&gt;, exit status 0, duration 14 secs
10:03:39 INFO  Executed sudo&lt;tedge_connect_c8y_test&gt;, exit status 0
10:03:39 INFO  Executed systemctl&lt;serv_mosq2&gt;, exit status 0
10:03:40 INFO  Executed systemctl&lt;serv_mapper3&gt;, exit status 0
10:03:42 INFO  State of current operation: SUCCESSFUL
10:03:42 INFO  Assert that (False == value) with value=False ... passed
10:03:42 INFO  Assert that (False == value) with value=False ... passed
10:03:43 INFO  Assert that (False == value) with value=False ... passed
10:03:43 INFO  Package robotfindskitten is installed
10:03:43 WARN  Assert that (False == value) with value=True ... failed 
10:03:43 INFO  Response status: 201
10:03:43 INFO  Response to action: {
    &quot;creationTime&quot;: &quot;2022-07-22T10:03:43.530Z&quot;,
    &quot;deviceId&quot;: &quot;21266401&quot;,
    &quot;deviceName&quot;: &quot;m32sd10b&quot;,
    &quot;self&quot;: &quot;https://t493319102.eu-latest.cumulocity.com/devicecontrol/operations/21274807&quot;,
    &quot;id&quot;: &quot;21274807&quot;,
    &quot;status&quot;: &quot;PENDING&quot;,
    &quot;description&quot;: &quot;Apply software changes, triggered from PySys: [{'action': 'install', 'id': '5475369', 'name': 'asciijump', 'url': ' ', 'version': '::apt'}, {'action': 'install', 'id': '5474869', 'name': 'robotfindskitten', 'url': ' ', 'version': '::apt'}, {'action': 'install', 'id': '5475279', 'name': 'squirrel3', 'url': ' ', 'version': '::apt'}]&quot;,
    &quot;c8y_SoftwareUpdate&quot;: [
        {
            &quot;name&quot;: &quot;asciijump&quot;,
            &quot;action&quot;: &quot;install&quot;,
            &quot;id&quot;: &quot;5475369&quot;,
            &quot;version&quot;: &quot;::apt&quot;,
            &quot;url&quot;: &quot; &quot;
        },
        {
            &quot;name&quot;: &quot;robotfindskitten&quot;,
            &quot;action&quot;: &quot;install&quot;,
            &quot;id&quot;: &quot;5474869&quot;,
            &quot;version&quot;: &quot;::apt&quot;,
            &quot;url&quot;: &quot; &quot;
        },
        {
            &quot;name&quot;: &quot;squirrel3&quot;,
            &quot;action&quot;: &quot;install&quot;,
            &quot;id&quot;: &quot;5475279&quot;,
            &quot;version&quot;: &quot;::apt&quot;,
            &quot;url&quot;: &quot; &quot;
        }
    ]
}
10:03:43 INFO  Started operation: {'creationTime': '2022-07-22T10:03:43.530Z', 'deviceId': '21266401', 'deviceName': 'm32sd10b', 'self': 'https://t493319102.eu-latest.cumulocity.com/devicecontrol/operations/21274807', 'id': '21274807', 'status': 'PENDING', 'description': &quot;Apply software changes, triggered from PySys: [{'action': 'install', 'id': '5475369', 'name': 'asciijump', 'url': ' ', 'version': '::apt'}, {'action': 'install', 'id': '5474869', 'name': 'robotfindskitten', 'url': ' ', 'version': '::apt'}, {'action': 'install', 'id': '5475279', 'name': 'squirrel3', 'url': ' ', 'version': '::apt'}]&quot;, 'c8y_SoftwareUpdate': [{'name': 'asciijump', 'action': 'install', 'id': '5475369', 'version': '::apt', 'url': ' '}, {'name': 'robotfindskitten', 'action': 'install', 'id': '5474869', 'version': '::apt', 'url': ' '}, {'name': 'squirrel3', 'action': 'install', 'id': '5475279', 'version': '::apt', 'url': ' '}]}
10:03:45 INFO  State of operation 21274807 : PENDING
10:03:48 INFO  State of operation 21274807 : EXECUTING
10:03:50 INFO  State of operation 21274807 : EXECUTING
10:03:52 INFO  State of operation 21274807 : EXECUTING
10:03:54 INFO  State of operation 21274807 : EXECUTING
10:03:56 INFO  State of operation 21274807 : EXECUTING
10:03:59 INFO  State of operation 21274807 : EXECUTING
10:04:02 INFO  State of operation 21274807 : EXECUTING
10:04:04 INFO  State of operation 21274807 : EXECUTING
10:04:07 INFO  State of operation 21274807 : EXECUTING
10:04:09 INFO  State of operation 21274807 : EXECUTING
10:04:11 INFO  State of operation 21274807 : EXECUTING
10:04:13 INFO  State of operation 21274807 : EXECUTING
10:04:16 INFO  State of operation 21274807 : EXECUTING
10:04:18 INFO  State of operation 21274807 : EXECUTING
10:04:20 INFO  State of operation 21274807 : EXECUTING
10:04:23 INFO  State of operation 21274807 : EXECUTING
10:04:25 INFO  State of operation 21274807 : EXECUTING
10:04:28 INFO  State of operation 21274807 : EXECUTING
10:04:30 INFO  State of operation 21274807 : EXECUTING
10:04:32 INFO  State of operation 21274807 : EXECUTING
10:04:35 INFO  State of operation 21274807 : EXECUTING
10:04:37 INFO  State of operation 21274807 : EXECUTING
10:04:40 INFO  State of operation 21274807 : EXECUTING
10:04:43 INFO  State of operation 21274807 : EXECUTING
10:04:45 INFO  State of operation 21274807 : EXECUTING
10:04:48 INFO  State of operation 21274807 : EXECUTING
10:04:50 INFO  State of operation 21274807 : EXECUTING
10:04:53 INFO  State of operation 21274807 : EXECUTING
10:04:55 INFO  State of operation 21274807 : EXECUTING
10:04:57 INFO  State of operation 21274807 : EXECUTING
10:04:59 INFO  State of operation 21274807 : EXECUTING
10:05:02 INFO  State of operation 21274807 : EXECUTING
10:05:04 INFO  State of operation 21274807 : SUCCESSFUL
10:05:04 INFO  Assert that (False == value) with value=False ... passed
10:05:04 INFO  Package asciijump is installed
10:05:04 INFO  Assert that (True == value) with value=True ... passed
10:05:05 INFO  Package squirrel3 is installed
10:05:05 INFO  Assert that (True == value) with value=True ... passed
10:05:05 INFO  Package robotfindskitten is installed
10:05:05 INFO  Assert that (True == value) with value=True ... passed
10:05:05 INFO  Response status: 201
10:05:05 INFO  Response to action: {
    &quot;creationTime&quot;: &quot;2022-07-22T10:05:05.525Z&quot;,
    &quot;deviceId&quot;: &quot;21266401&quot;,
    &quot;deviceName&quot;: &quot;m32sd10b&quot;,
    &quot;self&quot;: &quot;https://t493319102.eu-latest.cumulocity.com/devicecontrol/operations/21274816&quot;,
    &quot;id&quot;: &quot;21274816&quot;,
    &quot;status&quot;: &quot;PENDING&quot;,
    &quot;description&quot;: &quot;Apply software changes, triggered from PySys: [{'action': 'delete', 'id': '5475369', 'name': 'asciijump', 'url': ' ', 'version': '::apt'}, {'action': 'delete', 'id': '5474869', 'name': 'robotfindskitten', 'url': ' ', 'version': '::apt'}, {'action': 'delete', 'id': '5475279', 'name': 'squirrel3', 'url': ' ', 'version': '::apt'}]&quot;,
    &quot;c8y_SoftwareUpdate&quot;: [
        {
            &quot;name&quot;: &quot;asciijump&quot;,
            &quot;action&quot;: &quot;delete&quot;,
            &quot;id&quot;: &quot;5475369&quot;,
            &quot;version&quot;: &quot;::apt&quot;,
            &quot;url&quot;: &quot; &quot;
        },
        {
            &quot;name&quot;: &quot;robotfindskitten&quot;,
            &quot;action&quot;: &quot;delete&quot;,
            &quot;id&quot;: &quot;5474869&quot;,
            &quot;version&quot;: &quot;::apt&quot;,
            &quot;url&quot;: &quot; &quot;
        },
        {
            &quot;name&quot;: &quot;squirrel3&quot;,
            &quot;action&quot;: &quot;delete&quot;,
            &quot;id&quot;: &quot;5475279&quot;,
            &quot;version&quot;: &quot;::apt&quot;,
            &quot;url&quot;: &quot; &quot;
        }
    ]
}
10:05:05 INFO  Started operation: {'creationTime': '2022-07-22T10:05:05.525Z', 'deviceId': '21266401', 'deviceName': 'm32sd10b', 'self': 'https://t493319102.eu-latest.cumulocity.com/devicecontrol/operations/21274816', 'id': '21274816', 'status': 'PENDING', 'description': &quot;Apply software changes, triggered from PySys: [{'action': 'delete', 'id': '5475369', 'name': 'asciijump', 'url': ' ', 'version': '::apt'}, {'action': 'delete', 'id': '5474869', 'name': 'robotfindskitten', 'url': ' ', 'version': '::apt'}, {'action': 'delete', 'id': '5475279', 'name': 'squirrel3', 'url': ' ', 'version': '::apt'}]&quot;, 'c8y_SoftwareUpdate': [{'name': 'asciijump', 'action': 'delete', 'id': '5475369', 'version': '::apt', 'url': ' '}, {'name': 'robotfindskitten', 'action': 'delete', 'id': '5474869', 'version': '::apt', 'url': ' '}, {'name': 'squirrel3', 'action': 'delete', 'id': '5475279', 'version': '::apt', 'url': ' '}]}
10:05:07 INFO  State of operation 21274816 : PENDING
10:05:10 INFO  State of operation 21274816 : EXECUTING
10:05:12 INFO  State of operation 21274816 : EXECUTING
10:05:14 INFO  State of operation 21274816 : EXECUTING
10:05:17 INFO  State of operation 21274816 : EXECUTING
10:05:19 INFO  State of operation 21274816 : EXECUTING
10:05:22 INFO  State of operation 21274816 : EXECUTING
10:05:24 INFO  State of operation 21274816 : EXECUTING
10:05:27 INFO  State of operation 21274816 : EXECUTING
10:05:29 INFO  State of operation 21274816 : EXECUTING
10:05:31 INFO  State of operation 21274816 : EXECUTING
10:05:33 INFO  State of operation 21274816 : EXECUTING
10:05:36 INFO  State of operation 21274816 : EXECUTING
10:05:38 INFO  State of operation 21274816 : EXECUTING
10:05:40 INFO  State of operation 21274816 : EXECUTING
10:05:43 INFO  State of operation 21274816 : EXECUTING
10:05:45 INFO  State of operation 21274816 : EXECUTING
10:05:48 INFO  State of operation 21274816 : EXECUTING
10:05:50 INFO  State of operation 21274816 : EXECUTING
10:05:52 INFO  State of operation 21274816 : EXECUTING
10:05:55 INFO  State of operation 21274816 : EXECUTING
10:05:57 INFO  State of operation 21274816 : EXECUTING
10:05:59 INFO  State of operation 21274816 : EXECUTING
10:06:01 INFO  State of operation 21274816 : EXECUTING
10:06:04 INFO  State of operation 21274816 : EXECUTING
10:06:06 INFO  State of operation 21274816 : EXECUTING
10:06:09 INFO  State of operation 21274816 : EXECUTING
10:06:11 INFO  State of operation 21274816 : SUCCESSFUL
10:06:11 INFO  Assert that (False == value) with value=False ... passed
10:06:11 INFO  Assert that (False == value) with value=False ... passed
10:06:12 INFO  Assert that (False == value) with value=False ... passed
10:06:12 INFO  Assert that (False == value) with value=False ... passed
10:06:12 INFO  
10:06:12 INFO  cleanup:
10:06:16 INFO  Executed sudo&lt;tedge_disconnect_c8y&gt;, exit status 0
10:06:17 INFO  Executed systemctl&lt;serv_mapper5&gt;, exit status 3
10:06:17 INFO  
10:06:17 INFO  Test duration: 180.52 secs
10:06:17 INFO  Test final outcome:  FAILED
10:06:17 INFO  Test outcome reason: Assert that (False == value) with value=True
10:06:17 INFO  
</system-out>
	</testcase>
</testsuite>
