<?xml version="1.0" encoding="utf-8"?>
<testsuite failures="1" name="SoftwareManagement.sm_apt_install_remove_multiple" skipped="0" tests="1" time="188.66" timestamp="2022-06-08T12:12:51">
	<testcase classname="PySysTest" name="SoftwareManagement.sm_apt_install_remove_multiple">
		<failure message="FAILED: Assert that (False == value) with value=True" type="FAILED"/>
		<system-out>12:09:42 INFO  ==============================================================
12:09:42 INFO  Id:    SoftwareManagement.sm_apt_install_remove_multiple
12:09:42 INFO  Dir:   software_management_end_to_end/
12:09:42 INFO  Title: Validate end to end behaviour for the apt plugin for multiple packages
12:09:42 INFO  ==============================================================
12:09:42 INFO  Using sw id database: {'asciijump': '5475369', 'robotfindskitten': '5474869', 'squirrel3': '5475279', 'rolldice': '5152439', 'moon-buggy': '5439204', 'apple': '5495053', 'banana': '5494888', 'cherry': '5495382', 'watermelon': '5494510', 'registry': '8018911', 'hello-world': '8021526', 'docker/getting-started': '8021973', 'alpine': '7991792'}
12:09:42 INFO  EnvironmentC8y Setup
12:09:43 INFO  Executed systemctl&lt;serv_mapper1&gt;, exit status 3
12:09:43 INFO  Restarting mosquitto too frequently in the last 10 seconds. It was only up for 4 seconds
12:09:43 INFO  Delaying execution by 7 seconds
12:10:05 INFO  Executed sudo&lt;tedge_connect_c8y&gt;, exit status 0, duration 14 secs
12:10:06 INFO  Executed sudo&lt;tedge_connect_c8y_test&gt;, exit status 0
12:10:07 INFO  Executed systemctl&lt;serv_mosq2&gt;, exit status 0
12:10:08 INFO  Executed systemctl&lt;serv_mapper3&gt;, exit status 0
12:10:10 INFO  State of current operation: SUCCESSFUL
12:10:10 INFO  Assert that (False == value) with value=False ... passed
12:10:10 INFO  Assert that (False == value) with value=False ... passed
12:10:11 INFO  Assert that (False == value) with value=False ... passed
12:10:11 INFO  Package robotfindskitten is installed
12:10:11 WARN  Assert that (False == value) with value=True ... failed 
12:10:11 INFO  Response status: 201
12:10:11 INFO  Response to action: {
    &quot;creationTime&quot;: &quot;2022-06-08T12:10:11.537Z&quot;,
    &quot;deviceId&quot;: &quot;20013421&quot;,
    &quot;deviceName&quot;: &quot;m32sd10b&quot;,
    &quot;self&quot;: &quot;https://t493319102.eu-latest.cumulocity.com/devicecontrol/operations/20043063&quot;,
    &quot;id&quot;: &quot;20043063&quot;,
    &quot;status&quot;: &quot;PENDING&quot;,
    &quot;description&quot;: &quot;Apply software changes, triggered from PySys: [{'action': 'install', 'id': '5475369', 'name': 'asciijump', 'url': ' ', 'version': '::apt'}, {'action': 'install', 'id': '5474869', 'name': 'robotfindskitten', 'url': ' ', 'version': '::apt'}, {'action': 'install', 'id': '5475279', 'name': 'squirrel3', 'url': ' ', 'version': '::apt'}]&quot;,
    &quot;c8y_SoftwareUpdate&quot;: [
        {
            &quot;name&quot;: &quot;asciijump&quot;,
            &quot;action&quot;: &quot;install&quot;,
            &quot;id&quot;: &quot;5475369&quot;,
            &quot;version&quot;: &quot;::apt&quot;,
            &quot;url&quot;: &quot; &quot;
        },
        {
            &quot;name&quot;: &quot;robotfindskitten&quot;,
            &quot;action&quot;: &quot;install&quot;,
            &quot;id&quot;: &quot;5474869&quot;,
            &quot;version&quot;: &quot;::apt&quot;,
            &quot;url&quot;: &quot; &quot;
        },
        {
            &quot;name&quot;: &quot;squirrel3&quot;,
            &quot;action&quot;: &quot;install&quot;,
            &quot;id&quot;: &quot;5475279&quot;,
            &quot;version&quot;: &quot;::apt&quot;,
            &quot;url&quot;: &quot; &quot;
        }
    ]
}
12:10:11 INFO  Started operation: {'creationTime': '2022-06-08T12:10:11.537Z', 'deviceId': '20013421', 'deviceName': 'm32sd10b', 'self': 'https://t493319102.eu-latest.cumulocity.com/devicecontrol/operations/20043063', 'id': '20043063', 'status': 'PENDING', 'description': &quot;Apply software changes, triggered from PySys: [{'action': 'install', 'id': '5475369', 'name': 'asciijump', 'url': ' ', 'version': '::apt'}, {'action': 'install', 'id': '5474869', 'name': 'robotfindskitten', 'url': ' ', 'version': '::apt'}, {'action': 'install', 'id': '5475279', 'name': 'squirrel3', 'url': ' ', 'version': '::apt'}]&quot;, 'c8y_SoftwareUpdate': [{'name': 'asciijump', 'action': 'install', 'id': '5475369', 'version': '::apt', 'url': ' '}, {'name': 'robotfindskitten', 'action': 'install', 'id': '5474869', 'version': '::apt', 'url': ' '}, {'name': 'squirrel3', 'action': 'install', 'id': '5475279', 'version': '::apt', 'url': ' '}]}
12:10:13 INFO  State of operation 20043063 : PENDING
12:10:16 INFO  State of operation 20043063 : EXECUTING
12:10:18 INFO  State of operation 20043063 : EXECUTING
12:10:20 INFO  State of operation 20043063 : EXECUTING
12:10:22 INFO  State of operation 20043063 : EXECUTING
12:10:24 INFO  State of operation 20043063 : EXECUTING
12:10:28 INFO  State of operation 20043063 : EXECUTING
12:10:31 INFO  State of operation 20043063 : EXECUTING
12:10:33 INFO  State of operation 20043063 : EXECUTING
12:10:36 INFO  State of operation 20043063 : EXECUTING
12:10:38 INFO  State of operation 20043063 : EXECUTING
12:10:40 INFO  State of operation 20043063 : EXECUTING
12:10:42 INFO  State of operation 20043063 : EXECUTING
12:10:45 INFO  State of operation 20043063 : EXECUTING
12:10:47 INFO  State of operation 20043063 : EXECUTING
12:10:49 INFO  State of operation 20043063 : EXECUTING
12:10:52 INFO  State of operation 20043063 : EXECUTING
12:10:54 INFO  State of operation 20043063 : EXECUTING
12:10:57 INFO  State of operation 20043063 : EXECUTING
12:10:59 INFO  State of operation 20043063 : EXECUTING
12:11:01 INFO  State of operation 20043063 : EXECUTING
12:11:03 INFO  State of operation 20043063 : EXECUTING
12:11:06 INFO  State of operation 20043063 : EXECUTING
12:11:08 INFO  State of operation 20043063 : EXECUTING
12:11:11 INFO  State of operation 20043063 : EXECUTING
12:11:13 INFO  State of operation 20043063 : EXECUTING
12:11:16 INFO  State of operation 20043063 : EXECUTING
12:11:18 INFO  State of operation 20043063 : EXECUTING
12:11:20 INFO  State of operation 20043063 : EXECUTING
12:11:22 INFO  State of operation 20043063 : EXECUTING
12:11:24 INFO  State of operation 20043063 : EXECUTING
12:11:27 INFO  State of operation 20043063 : EXECUTING
12:11:29 INFO  State of operation 20043063 : EXECUTING
12:11:31 INFO  State of operation 20043063 : EXECUTING
12:11:34 INFO  State of operation 20043063 : EXECUTING
12:11:36 INFO  State of operation 20043063 : SUCCESSFUL
12:11:36 INFO  Assert that (False == value) with value=False ... passed
12:11:36 INFO  Package asciijump is installed
12:11:36 INFO  Assert that (True == value) with value=True ... passed
12:11:37 INFO  Package squirrel3 is installed
12:11:37 INFO  Assert that (True == value) with value=True ... passed
12:11:37 INFO  Package robotfindskitten is installed
12:11:37 INFO  Assert that (True == value) with value=True ... passed
12:11:37 INFO  Response status: 201
12:11:37 INFO  Response to action: {
    &quot;creationTime&quot;: &quot;2022-06-08T12:11:37.673Z&quot;,
    &quot;deviceId&quot;: &quot;20013421&quot;,
    &quot;deviceName&quot;: &quot;m32sd10b&quot;,
    &quot;self&quot;: &quot;https://t493319102.eu-latest.cumulocity.com/devicecontrol/operations/20043075&quot;,
    &quot;id&quot;: &quot;20043075&quot;,
    &quot;status&quot;: &quot;PENDING&quot;,
    &quot;description&quot;: &quot;Apply software changes, triggered from PySys: [{'action': 'delete', 'id': '5475369', 'name': 'asciijump', 'url': ' ', 'version': '::apt'}, {'action': 'delete', 'id': '5474869', 'name': 'robotfindskitten', 'url': ' ', 'version': '::apt'}, {'action': 'delete', 'id': '5475279', 'name': 'squirrel3', 'url': ' ', 'version': '::apt'}]&quot;,
    &quot;c8y_SoftwareUpdate&quot;: [
        {
            &quot;name&quot;: &quot;asciijump&quot;,
            &quot;action&quot;: &quot;delete&quot;,
            &quot;id&quot;: &quot;5475369&quot;,
            &quot;version&quot;: &quot;::apt&quot;,
            &quot;url&quot;: &quot; &quot;
        },
        {
            &quot;name&quot;: &quot;robotfindskitten&quot;,
            &quot;action&quot;: &quot;delete&quot;,
            &quot;id&quot;: &quot;5474869&quot;,
            &quot;version&quot;: &quot;::apt&quot;,
            &quot;url&quot;: &quot; &quot;
        },
        {
            &quot;name&quot;: &quot;squirrel3&quot;,
            &quot;action&quot;: &quot;delete&quot;,
            &quot;id&quot;: &quot;5475279&quot;,
            &quot;version&quot;: &quot;::apt&quot;,
            &quot;url&quot;: &quot; &quot;
        }
    ]
}
12:11:37 INFO  Started operation: {'creationTime': '2022-06-08T12:11:37.673Z', 'deviceId': '20013421', 'deviceName': 'm32sd10b', 'self': 'https://t493319102.eu-latest.cumulocity.com/devicecontrol/operations/20043075', 'id': '20043075', 'status': 'PENDING', 'description': &quot;Apply software changes, triggered from PySys: [{'action': 'delete', 'id': '5475369', 'name': 'asciijump', 'url': ' ', 'version': '::apt'}, {'action': 'delete', 'id': '5474869', 'name': 'robotfindskitten', 'url': ' ', 'version': '::apt'}, {'action': 'delete', 'id': '5475279', 'name': 'squirrel3', 'url': ' ', 'version': '::apt'}]&quot;, 'c8y_SoftwareUpdate': [{'name': 'asciijump', 'action': 'delete', 'id': '5475369', 'version': '::apt', 'url': ' '}, {'name': 'robotfindskitten', 'action': 'delete', 'id': '5474869', 'version': '::apt', 'url': ' '}, {'name': 'squirrel3', 'action': 'delete', 'id': '5475279', 'version': '::apt', 'url': ' '}]}
12:11:39 INFO  State of operation 20043075 : PENDING
12:11:42 INFO  State of operation 20043075 : EXECUTING
12:11:44 INFO  State of operation 20043075 : EXECUTING
12:11:46 INFO  State of operation 20043075 : EXECUTING
12:11:48 INFO  State of operation 20043075 : EXECUTING
12:11:51 INFO  State of operation 20043075 : EXECUTING
12:11:53 INFO  State of operation 20043075 : EXECUTING
12:11:56 INFO  State of operation 20043075 : EXECUTING
12:11:58 INFO  State of operation 20043075 : EXECUTING
12:12:01 INFO  State of operation 20043075 : EXECUTING
12:12:03 INFO  State of operation 20043075 : EXECUTING
12:12:05 INFO  State of operation 20043075 : EXECUTING
12:12:08 INFO  State of operation 20043075 : EXECUTING
12:12:10 INFO  State of operation 20043075 : EXECUTING
12:12:12 INFO  State of operation 20043075 : EXECUTING
12:12:14 INFO  State of operation 20043075 : EXECUTING
12:12:17 INFO  State of operation 20043075 : EXECUTING
12:12:20 INFO  State of operation 20043075 : EXECUTING
12:12:22 INFO  State of operation 20043075 : EXECUTING
12:12:24 INFO  State of operation 20043075 : EXECUTING
12:12:26 INFO  State of operation 20043075 : EXECUTING
12:12:29 INFO  State of operation 20043075 : EXECUTING
12:12:31 INFO  State of operation 20043075 : EXECUTING
12:12:33 INFO  State of operation 20043075 : EXECUTING
12:12:36 INFO  State of operation 20043075 : EXECUTING
12:12:38 INFO  State of operation 20043075 : EXECUTING
12:12:41 INFO  State of operation 20043075 : EXECUTING
12:12:43 INFO  State of operation 20043075 : EXECUTING
12:12:45 INFO  State of operation 20043075 : SUCCESSFUL
12:12:45 INFO  Assert that (False == value) with value=False ... passed
12:12:46 INFO  Assert that (False == value) with value=False ... passed
12:12:46 INFO  Assert that (False == value) with value=False ... passed
12:12:46 INFO  Assert that (False == value) with value=False ... passed
12:12:46 INFO  
12:12:46 INFO  cleanup:
12:12:50 INFO  Executed sudo&lt;tedge_disconnect_c8y&gt;, exit status 0
12:12:51 INFO  Executed systemctl&lt;serv_mapper5&gt;, exit status 3
12:12:51 INFO  
12:12:51 INFO  Test duration: 188.66 secs
12:12:51 INFO  Test final outcome:  FAILED
12:12:51 INFO  Test outcome reason: Assert that (False == value) with value=True
12:12:51 INFO  
</system-out>
	</testcase>
</testsuite>
