<?xml version="1.0" encoding="utf-8"?>
<testsuite failures="1" name="SoftwareManagement.sm_apt_install_remove_multiple_mixed" skipped="0" tests="1" time="194.6" timestamp="2022-07-21T19:12:36">
	<testcase classname="PySysTest" name="SoftwareManagement.sm_apt_install_remove_multiple_mixed">
		<failure message="BLOCKED: SystemError: Timeout while waiting for status SUCCESSFUL or False" type="BLOCKED"/>
		<system-out>19:09:21 INFO  ==============================================================
19:09:21 INFO  Id:    SoftwareManagement.sm_apt_install_remove_multiple_mixed
19:09:21 INFO  Dir:   software_management_end_to_end/
19:09:21 INFO  Title: Validate end to end behaviour for the apt plugin for multiple packages with mixed versions
19:09:21 INFO  ==============================================================
19:09:21 INFO  Using sw id database: {'asciijump': '5475369', 'robotfindskitten': '5474869', 'squirrel3': '5475279', 'rolldice': '5152439', 'moon-buggy': '5439204', 'apple': '5495053', 'banana': '5494888', 'cherry': '5495382', 'watermelon': '5494510', 'registry': '8018911', 'hello-world': '8021526', 'docker/getting-started': '8021973', 'alpine': '7991792'}
19:09:21 INFO  EnvironmentC8y Setup
19:09:22 INFO  Executed systemctl&lt;serv_mapper1&gt;, exit status 3
19:09:22 INFO  Restarting mosquitto too frequently in the last 10 seconds. It was only up for 4 seconds
19:09:22 INFO  Delaying execution by 7 seconds
19:09:44 INFO  Executed sudo&lt;tedge_connect_c8y&gt;, exit status 0, duration 15 secs
19:09:45 INFO  Executed sudo&lt;tedge_connect_c8y_test&gt;, exit status 0
19:09:45 INFO  Executed systemctl&lt;serv_mosq2&gt;, exit status 0
19:09:46 INFO  Executed systemctl&lt;serv_mapper3&gt;, exit status 0
19:09:48 INFO  State of current operation: SUCCESSFUL
19:09:48 INFO  Assert that (False == value) with value=False ... passed
19:09:49 INFO  Assert that (False == value) with value=False ... passed
19:09:49 INFO  Assert that (False == value) with value=False ... passed
19:09:49 INFO  Assert that (False == value) with value=False ... passed
19:09:49 INFO  Assert that (False == value) with value=False ... passed
19:09:51 INFO  Response status: 201
19:09:51 INFO  Response to action: {
    &quot;creationTime&quot;: &quot;2022-07-21T19:09:50.976Z&quot;,
    &quot;deviceId&quot;: &quot;21166557&quot;,
    &quot;deviceName&quot;: &quot;m32sd10b&quot;,
    &quot;self&quot;: &quot;https://t493319102.eu-latest.cumulocity.com/devicecontrol/operations/21172560&quot;,
    &quot;id&quot;: &quot;21172560&quot;,
    &quot;status&quot;: &quot;PENDING&quot;,
    &quot;description&quot;: &quot;Apply software changes, triggered from PySys: [{'action': 'install', 'id': '5475369', 'name': 'asciijump', 'url': ' ', 'version': '::apt'}, {'action': 'install', 'id': '5474869', 'name': 'robotfindskitten', 'url': ' ', 'version': ' '}, {'action': 'install', 'id': '5475279', 'name': 'squirrel3', 'url': ' ', 'version': '3.1-7::apt'}, {'action': 'install', 'id': '5152439', 'name': 'rolldice', 'url': ' ', 'version': '1.16-1+b1'}, {'action': 'install', 'id': '5439204', 'name': 'moon-buggy', 'url': ' ', 'version': '1:1.0.51-12'}, {'action': 'install', 'id': '5475369', 'name': 'asciijump', 'url': ' ', 'version': '::apt'}]&quot;,
    &quot;c8y_SoftwareUpdate&quot;: [
        {
            &quot;name&quot;: &quot;asciijump&quot;,
            &quot;action&quot;: &quot;install&quot;,
            &quot;id&quot;: &quot;5475369&quot;,
            &quot;version&quot;: &quot;::apt&quot;,
            &quot;url&quot;: &quot; &quot;
        },
        {
            &quot;name&quot;: &quot;robotfindskitten&quot;,
            &quot;action&quot;: &quot;install&quot;,
            &quot;id&quot;: &quot;5474869&quot;,
            &quot;version&quot;: &quot; &quot;,
            &quot;url&quot;: &quot; &quot;
        },
        {
            &quot;name&quot;: &quot;squirrel3&quot;,
            &quot;action&quot;: &quot;install&quot;,
            &quot;id&quot;: &quot;5475279&quot;,
            &quot;version&quot;: &quot;3.1-7::apt&quot;,
            &quot;url&quot;: &quot; &quot;
        },
        {
            &quot;name&quot;: &quot;rolldice&quot;,
            &quot;action&quot;: &quot;install&quot;,
            &quot;id&quot;: &quot;5152439&quot;,
            &quot;version&quot;: &quot;1.16-1+b1&quot;,
            &quot;url&quot;: &quot; &quot;
        },
        {
            &quot;name&quot;: &quot;moon-buggy&quot;,
            &quot;action&quot;: &quot;install&quot;,
            &quot;id&quot;: &quot;5439204&quot;,
            &quot;version&quot;: &quot;1:1.0.51-12&quot;,
            &quot;url&quot;: &quot; &quot;
        },
        {
            &quot;name&quot;: &quot;asciijump&quot;,
            &quot;action&quot;: &quot;install&quot;,
            &quot;id&quot;: &quot;5475369&quot;,
            &quot;version&quot;: &quot;::apt&quot;,
            &quot;url&quot;: &quot; &quot;
        }
    ]
}
19:09:51 INFO  Started operation: {'creationTime': '2022-07-21T19:09:50.976Z', 'deviceId': '21166557', 'deviceName': 'm32sd10b', 'self': 'https://t493319102.eu-latest.cumulocity.com/devicecontrol/operations/21172560', 'id': '21172560', 'status': 'PENDING', 'description': &quot;Apply software changes, triggered from PySys: [{'action': 'install', 'id': '5475369', 'name': 'asciijump', 'url': ' ', 'version': '::apt'}, {'action': 'install', 'id': '5474869', 'name': 'robotfindskitten', 'url': ' ', 'version': ' '}, {'action': 'install', 'id': '5475279', 'name': 'squirrel3', 'url': ' ', 'version': '3.1-7::apt'}, {'action': 'install', 'id': '5152439', 'name': 'rolldice', 'url': ' ', 'version': '1.16-1+b1'}, {'action': 'install', 'id': '5439204', 'name': 'moon-buggy', 'url': ' ', 'version': '1:1.0.51-12'}, {'action': 'install', 'id': '5475369', 'name': 'asciijump', 'url': ' ', 'version': '::apt'}]&quot;, 'c8y_SoftwareUpdate': [{'name': 'asciijump', 'action': 'install', 'id': '5475369', 'version': '::apt', 'url': ' '}, {'name': 'robotfindskitten', 'action': 'install', 'id': '5474869', 'version': ' ', 'url': ' '}, {'name': 'squirrel3', 'action': 'install', 'id': '5475279', 'version': '3.1-7::apt', 'url': ' '}, {'name': 'rolldice', 'action': 'install', 'id': '5152439', 'version': '1.16-1+b1', 'url': ' '}, {'name': 'moon-buggy', 'action': 'install', 'id': '5439204', 'version': '1:1.0.51-12', 'url': ' '}, {'name': 'asciijump', 'action': 'install', 'id': '5475369', 'version': '::apt', 'url': ' '}]}
19:09:53 INFO  State of operation 21172560 : PENDING
19:09:55 INFO  State of operation 21172560 : EXECUTING
19:09:57 INFO  State of operation 21172560 : EXECUTING
19:09:59 INFO  State of operation 21172560 : EXECUTING
19:10:02 INFO  State of operation 21172560 : EXECUTING
19:10:04 INFO  State of operation 21172560 : EXECUTING
19:10:07 INFO  State of operation 21172560 : EXECUTING
19:10:10 INFO  State of operation 21172560 : EXECUTING
19:10:13 INFO  State of operation 21172560 : EXECUTING
19:10:15 INFO  State of operation 21172560 : EXECUTING
19:10:18 INFO  State of operation 21172560 : EXECUTING
19:10:20 INFO  State of operation 21172560 : EXECUTING
19:10:22 INFO  State of operation 21172560 : EXECUTING
19:10:24 INFO  State of operation 21172560 : EXECUTING
19:10:26 INFO  State of operation 21172560 : EXECUTING
19:10:29 INFO  State of operation 21172560 : EXECUTING
19:10:31 INFO  State of operation 21172560 : EXECUTING
19:10:33 INFO  State of operation 21172560 : EXECUTING
19:10:36 INFO  State of operation 21172560 : EXECUTING
19:10:39 INFO  State of operation 21172560 : EXECUTING
19:10:41 INFO  State of operation 21172560 : EXECUTING
19:10:43 INFO  State of operation 21172560 : EXECUTING
19:10:46 INFO  State of operation 21172560 : EXECUTING
19:10:48 INFO  State of operation 21172560 : EXECUTING
19:10:51 INFO  State of operation 21172560 : EXECUTING
19:10:53 INFO  State of operation 21172560 : EXECUTING
19:10:56 INFO  State of operation 21172560 : EXECUTING
19:10:58 INFO  State of operation 21172560 : EXECUTING
19:11:01 INFO  State of operation 21172560 : EXECUTING
19:11:03 INFO  State of operation 21172560 : EXECUTING
19:11:06 INFO  State of operation 21172560 : EXECUTING
19:11:09 INFO  State of operation 21172560 : EXECUTING
19:11:11 INFO  State of operation 21172560 : EXECUTING
19:11:13 INFO  State of operation 21172560 : EXECUTING
19:11:16 INFO  State of operation 21172560 : EXECUTING
19:11:19 INFO  State of operation 21172560 : EXECUTING
19:11:21 INFO  State of operation 21172560 : EXECUTING
19:11:23 INFO  State of operation 21172560 : EXECUTING
19:11:25 INFO  State of operation 21172560 : EXECUTING
19:11:27 INFO  State of operation 21172560 : EXECUTING
19:11:30 INFO  State of operation 21172560 : EXECUTING
19:11:32 INFO  State of operation 21172560 : EXECUTING
19:11:35 INFO  State of operation 21172560 : EXECUTING
19:11:38 INFO  State of operation 21172560 : EXECUTING
19:11:40 INFO  State of operation 21172560 : EXECUTING
19:11:43 INFO  State of operation 21172560 : EXECUTING
19:11:45 INFO  State of operation 21172560 : EXECUTING
19:11:48 INFO  State of operation 21172560 : EXECUTING
19:11:50 INFO  State of operation 21172560 : EXECUTING
19:11:52 INFO  State of operation 21172560 : EXECUTING
19:11:55 INFO  State of operation 21172560 : EXECUTING
19:11:57 INFO  State of operation 21172560 : EXECUTING
19:11:59 INFO  State of operation 21172560 : EXECUTING
19:12:02 INFO  State of operation 21172560 : EXECUTING
19:12:05 INFO  State of operation 21172560 : EXECUTING
19:12:07 INFO  State of operation 21172560 : EXECUTING
19:12:09 INFO  State of operation 21172560 : EXECUTING
19:12:12 INFO  State of operation 21172560 : EXECUTING
19:12:15 INFO  State of operation 21172560 : EXECUTING
19:12:17 INFO  State of operation 21172560 : EXECUTING
19:12:20 INFO  State of operation 21172560 : EXECUTING
19:12:22 WARN  SystemError occurred while running test - Timeout while waiting for status SUCCESSFUL or False
Traceback (most recent call last):
  File &quot;/home/pi/env-pysys/lib/python3.7/site-packages/pysys/baserunner.py&quot;, line 1294, in __call__
    self.testObj.execute()
  File &quot;/home/pi/actions-runner/_work/thin-edge.io/thin-edge.io/tests/PySys/software_management_end_to_end/sm_apt_install_remove_multiple_mixed/run.py&quot;, line 89, in execute
    self.wait_until_succcess()
  File &quot;/home/pi/actions-runner/_work/thin-edge.io/thin-edge.io/tests/PySys/software_management_end_to_end/environment_sm_management.py&quot;, line 324, in wait_until_succcess
    self.wait_until_status(&quot;SUCCESSFUL&quot;)
  File &quot;/home/pi/actions-runner/_work/thin-edge.io/thin-edge.io/tests/PySys/software_management_end_to_end/environment_sm_management.py&quot;, line 381, in wait_until_status
    &quot;Timeout while waiting for status %s or %s&quot; % (status, status2)
SystemError: Timeout while waiting for status SUCCESSFUL or False
19:12:23 WARN  SystemError: Timeout while waiting for status SUCCESSFUL or False ... blocked 
19:12:23 INFO  
19:12:23 INFO  cleanup:
19:12:34 INFO  Executed sudo&lt;tedge_disconnect_c8y&gt;, exit status 0, duration 11 secs
19:12:36 INFO  Executed systemctl&lt;serv_mapper5&gt;, exit status 3
19:12:36 INFO  
19:12:36 INFO  Test duration: 194.60 secs
19:12:36 INFO  Test final outcome:  BLOCKED
19:12:36 INFO  Test outcome reason: SystemError: Timeout while waiting for status SUCCESSFUL or False
19:12:36 INFO  
</system-out>
	</testcase>
</testsuite>
