<?xml version="1.0" encoding="utf-8"?>
<testsuite failures="1" name="SoftwareManagement.sm_apt_install_remove_multiple" skipped="0" tests="1" time="166.45" timestamp="2022-05-25T11:39:04">
	<testcase classname="PySysTest" name="SoftwareManagement.sm_apt_install_remove_multiple">
		<failure message="BLOCKED: SystemError: Timeout while waiting for status FAILED or SUCCESSFUL" type="BLOCKED"/>
		<system-out>11:36:17 INFO  ==============================================================
11:36:17 INFO  Id:    SoftwareManagement.sm_apt_install_remove_multiple
11:36:17 INFO  Dir:   software_management_end_to_end/
11:36:17 INFO  Title: Validate end to end behaviour for the apt plugin for multiple packages
11:36:17 INFO  ==============================================================
11:36:17 INFO  Using sw id database: {'asciijump': '5475369', 'robotfindskitten': '5474869', 'squirrel3': '5475279', 'rolldice': '5152439', 'moon-buggy': '5439204', 'apple': '5495053', 'banana': '5494888', 'cherry': '5495382', 'watermelon': '5494510', 'registry': '8018911', 'hello-world': '8021526', 'docker/getting-started': '8021973', 'alpine': '7991792'}
11:36:17 INFO  EnvironmentC8y Setup
11:36:18 INFO  Executed systemctl&lt;serv_mapper1&gt;, exit status 3
11:36:18 INFO  Restarting mosquitto too frequently in the last 10 seconds. It was only up for 4 seconds
11:36:18 INFO  Delaying execution by 7 seconds
11:36:39 INFO  Executed sudo&lt;tedge_connect_c8y&gt;, exit status 0, duration 14 secs
11:36:40 INFO  Executed sudo&lt;tedge_connect_c8y_test&gt;, exit status 0
11:36:40 INFO  Executed systemctl&lt;serv_mosq2&gt;, exit status 0
11:36:41 INFO  Executed systemctl&lt;serv_mapper3&gt;, exit status 0
11:36:43 INFO  State of current operation: PENDING
11:36:45 INFO  State of current operation: PENDING
11:36:47 INFO  State of current operation: PENDING
11:36:49 INFO  State of current operation: PENDING
11:36:52 INFO  State of current operation: PENDING
11:36:54 INFO  State of current operation: PENDING
11:36:56 INFO  State of current operation: PENDING
11:36:58 INFO  State of current operation: PENDING
11:37:01 INFO  State of current operation: PENDING
11:37:03 INFO  State of current operation: PENDING
11:37:05 INFO  State of current operation: PENDING
11:37:07 INFO  State of current operation: PENDING
11:37:10 INFO  State of current operation: PENDING
11:37:12 INFO  State of current operation: PENDING
11:37:14 INFO  State of current operation: PENDING
11:37:16 INFO  State of current operation: PENDING
11:37:19 INFO  State of current operation: PENDING
11:37:21 INFO  State of current operation: PENDING
11:37:23 INFO  State of current operation: PENDING
11:37:25 INFO  State of current operation: PENDING
11:37:27 INFO  State of current operation: PENDING
11:37:30 INFO  State of current operation: PENDING
11:37:32 INFO  State of current operation: PENDING
11:37:34 INFO  State of current operation: PENDING
11:37:36 INFO  State of current operation: PENDING
11:37:39 INFO  State of current operation: PENDING
11:37:41 INFO  State of current operation: PENDING
11:37:43 INFO  State of current operation: PENDING
11:37:45 INFO  State of current operation: PENDING
11:37:48 INFO  State of current operation: PENDING
11:37:50 INFO  State of current operation: PENDING
11:37:52 INFO  State of current operation: PENDING
11:37:54 INFO  State of current operation: PENDING
11:37:56 INFO  State of current operation: PENDING
11:37:59 INFO  State of current operation: PENDING
11:38:01 INFO  State of current operation: PENDING
11:38:03 INFO  State of current operation: PENDING
11:38:06 INFO  State of current operation: PENDING
11:38:08 INFO  State of current operation: PENDING
11:38:10 INFO  State of current operation: PENDING
11:38:12 INFO  State of current operation: PENDING
11:38:15 INFO  State of current operation: PENDING
11:38:17 INFO  State of current operation: PENDING
11:38:19 INFO  State of current operation: PENDING
11:38:21 INFO  State of current operation: PENDING
11:38:23 INFO  State of current operation: PENDING
11:38:26 INFO  State of current operation: PENDING
11:38:28 INFO  State of current operation: PENDING
11:38:30 INFO  State of current operation: PENDING
11:38:32 INFO  State of current operation: PENDING
11:38:35 INFO  State of current operation: PENDING
11:38:37 INFO  State of current operation: PENDING
11:38:39 INFO  State of current operation: PENDING
11:38:41 INFO  State of current operation: PENDING
11:38:44 INFO  State of current operation: PENDING
11:38:46 INFO  State of current operation: PENDING
11:38:48 INFO  State of current operation: PENDING
11:38:50 INFO  State of current operation: PENDING
11:38:53 INFO  State of current operation: PENDING
11:38:55 INFO  State of current operation: PENDING
11:38:57 INFO  State of current operation: PENDING
11:38:59 WARN  SystemError occurred while running test - Timeout while waiting for status FAILED or SUCCESSFUL
Traceback (most recent call last):
  File &quot;/home/pi/env-pysys/lib/python3.7/site-packages/pysys/baserunner.py&quot;, line 1292, in __call__
    self.testObj.setup()
  File &quot;/home/pi/actions-runner/_work/thin-edge.io/thin-edge.io/tests/PySys/software_management_end_to_end/sm_apt_install_remove_multiple/run.py&quot;, line 52, in setup
    super().setup()
  File &quot;/home/pi/actions-runner/_work/thin-edge.io/thin-edge.io/tests/PySys/software_management_end_to_end/environment_sm_management.py&quot;, line 151, in setup
    self.wait_until_end()
  File &quot;/home/pi/actions-runner/_work/thin-edge.io/thin-edge.io/tests/PySys/software_management_end_to_end/environment_sm_management.py&quot;, line 332, in wait_until_end
    self.wait_until_status(&quot;FAILED&quot;, &quot;SUCCESSFUL&quot;)
  File &quot;/home/pi/actions-runner/_work/thin-edge.io/thin-edge.io/tests/PySys/software_management_end_to_end/environment_sm_management.py&quot;, line 381, in wait_until_status
    &quot;Timeout while waiting for status %s or %s&quot; % (status, status2)
SystemError: Timeout while waiting for status FAILED or SUCCESSFUL
11:38:59 WARN  SystemError: Timeout while waiting for status FAILED or SUCCESSFUL ... blocked 
11:38:59 INFO  
11:38:59 INFO  cleanup:
11:39:03 INFO  Executed sudo&lt;tedge_disconnect_c8y&gt;, exit status 0
11:39:04 INFO  Executed systemctl&lt;serv_mapper5&gt;, exit status 3
11:39:04 INFO  
11:39:04 INFO  Test duration: 166.45 secs
11:39:04 INFO  Test final outcome:  BLOCKED
11:39:04 INFO  Test outcome reason: SystemError: Timeout while waiting for status FAILED or SUCCESSFUL
11:39:04 INFO  
</system-out>
	</testcase>
</testsuite>
