<?xml version="1.0" encoding="utf-8"?>
<testsuite failures="1" name="SoftwareManagement.sm_apt_install_remove_multiple" skipped="0" tests="1" time="180.49" timestamp="2022-06-10T13:46:04">
	<testcase classname="PySysTest" name="SoftwareManagement.sm_apt_install_remove_multiple">
		<failure message="FAILED: Assert that (False == value) with value=True" type="FAILED"/>
		<system-out>13:43:04 INFO  ==============================================================
13:43:04 INFO  Id:    SoftwareManagement.sm_apt_install_remove_multiple
13:43:04 INFO  Dir:   software_management_end_to_end/
13:43:04 INFO  Title: Validate end to end behaviour for the apt plugin for multiple packages
13:43:04 INFO  ==============================================================
13:43:04 INFO  Using sw id database: {'asciijump': '5475369', 'robotfindskitten': '5474869', 'squirrel3': '5475279', 'rolldice': '5152439', 'moon-buggy': '5439204', 'apple': '5495053', 'banana': '5494888', 'cherry': '5495382', 'watermelon': '5494510', 'registry': '8018911', 'hello-world': '8021526', 'docker/getting-started': '8021973', 'alpine': '7991792'}
13:43:04 INFO  EnvironmentC8y Setup
13:43:05 INFO  Executed systemctl&lt;serv_mapper1&gt;, exit status 3
13:43:05 INFO  Restarting mosquitto too frequently in the last 10 seconds. It was only up for 4 seconds
13:43:05 INFO  Delaying execution by 7 seconds
13:43:26 INFO  Executed sudo&lt;tedge_connect_c8y&gt;, exit status 0, duration 14 secs
13:43:27 INFO  Executed sudo&lt;tedge_connect_c8y_test&gt;, exit status 0
13:43:27 INFO  Executed systemctl&lt;serv_mosq2&gt;, exit status 0
13:43:28 INFO  Executed systemctl&lt;serv_mapper3&gt;, exit status 0
13:43:30 INFO  State of current operation: SUCCESSFUL
13:43:30 INFO  Assert that (False == value) with value=False ... passed
13:43:30 INFO  Assert that (False == value) with value=False ... passed
13:43:30 INFO  Assert that (False == value) with value=False ... passed
13:43:31 INFO  Package robotfindskitten is installed
13:43:31 WARN  Assert that (False == value) with value=True ... failed 
13:43:31 INFO  Response status: 201
13:43:31 INFO  Response to action: {
    &quot;creationTime&quot;: &quot;2022-06-10T13:43:31.410Z&quot;,
    &quot;deviceId&quot;: &quot;20120685&quot;,
    &quot;deviceName&quot;: &quot;m32sd10b&quot;,
    &quot;self&quot;: &quot;https://t493319102.eu-latest.cumulocity.com/devicecontrol/operations/20136347&quot;,
    &quot;id&quot;: &quot;20136347&quot;,
    &quot;status&quot;: &quot;PENDING&quot;,
    &quot;description&quot;: &quot;Apply software changes, triggered from PySys: [{'action': 'install', 'id': '5475369', 'name': 'asciijump', 'url': ' ', 'version': '::apt'}, {'action': 'install', 'id': '5474869', 'name': 'robotfindskitten', 'url': ' ', 'version': '::apt'}, {'action': 'install', 'id': '5475279', 'name': 'squirrel3', 'url': ' ', 'version': '::apt'}]&quot;,
    &quot;c8y_SoftwareUpdate&quot;: [
        {
            &quot;name&quot;: &quot;asciijump&quot;,
            &quot;action&quot;: &quot;install&quot;,
            &quot;id&quot;: &quot;5475369&quot;,
            &quot;version&quot;: &quot;::apt&quot;,
            &quot;url&quot;: &quot; &quot;
        },
        {
            &quot;name&quot;: &quot;robotfindskitten&quot;,
            &quot;action&quot;: &quot;install&quot;,
            &quot;id&quot;: &quot;5474869&quot;,
            &quot;version&quot;: &quot;::apt&quot;,
            &quot;url&quot;: &quot; &quot;
        },
        {
            &quot;name&quot;: &quot;squirrel3&quot;,
            &quot;action&quot;: &quot;install&quot;,
            &quot;id&quot;: &quot;5475279&quot;,
            &quot;version&quot;: &quot;::apt&quot;,
            &quot;url&quot;: &quot; &quot;
        }
    ]
}
13:43:31 INFO  Started operation: {'creationTime': '2022-06-10T13:43:31.410Z', 'deviceId': '20120685', 'deviceName': 'm32sd10b', 'self': 'https://t493319102.eu-latest.cumulocity.com/devicecontrol/operations/20136347', 'id': '20136347', 'status': 'PENDING', 'description': &quot;Apply software changes, triggered from PySys: [{'action': 'install', 'id': '5475369', 'name': 'asciijump', 'url': ' ', 'version': '::apt'}, {'action': 'install', 'id': '5474869', 'name': 'robotfindskitten', 'url': ' ', 'version': '::apt'}, {'action': 'install', 'id': '5475279', 'name': 'squirrel3', 'url': ' ', 'version': '::apt'}]&quot;, 'c8y_SoftwareUpdate': [{'name': 'asciijump', 'action': 'install', 'id': '5475369', 'version': '::apt', 'url': ' '}, {'name': 'robotfindskitten', 'action': 'install', 'id': '5474869', 'version': '::apt', 'url': ' '}, {'name': 'squirrel3', 'action': 'install', 'id': '5475279', 'version': '::apt', 'url': ' '}]}
13:43:33 INFO  State of operation 20136347 : PENDING
13:43:35 INFO  State of operation 20136347 : EXECUTING
13:43:38 INFO  State of operation 20136347 : EXECUTING
13:43:40 INFO  State of operation 20136347 : EXECUTING
13:43:42 INFO  State of operation 20136347 : EXECUTING
13:43:44 INFO  State of operation 20136347 : EXECUTING
13:43:47 INFO  State of operation 20136347 : EXECUTING
13:43:50 INFO  State of operation 20136347 : EXECUTING
13:43:52 INFO  State of operation 20136347 : EXECUTING
13:43:55 INFO  State of operation 20136347 : EXECUTING
13:43:57 INFO  State of operation 20136347 : EXECUTING
13:43:59 INFO  State of operation 20136347 : EXECUTING
13:44:01 INFO  State of operation 20136347 : EXECUTING
13:44:04 INFO  State of operation 20136347 : EXECUTING
13:44:06 INFO  State of operation 20136347 : EXECUTING
13:44:08 INFO  State of operation 20136347 : EXECUTING
13:44:10 INFO  State of operation 20136347 : EXECUTING
13:44:13 INFO  State of operation 20136347 : EXECUTING
13:44:15 INFO  State of operation 20136347 : EXECUTING
13:44:18 INFO  State of operation 20136347 : EXECUTING
13:44:20 INFO  State of operation 20136347 : EXECUTING
13:44:22 INFO  State of operation 20136347 : EXECUTING
13:44:25 INFO  State of operation 20136347 : EXECUTING
13:44:27 INFO  State of operation 20136347 : EXECUTING
13:44:29 INFO  State of operation 20136347 : EXECUTING
13:44:31 INFO  State of operation 20136347 : EXECUTING
13:44:34 INFO  State of operation 20136347 : EXECUTING
13:44:36 INFO  State of operation 20136347 : EXECUTING
13:44:38 INFO  State of operation 20136347 : EXECUTING
13:44:41 INFO  State of operation 20136347 : EXECUTING
13:44:43 INFO  State of operation 20136347 : EXECUTING
13:44:45 INFO  State of operation 20136347 : EXECUTING
13:44:48 INFO  State of operation 20136347 : EXECUTING
13:44:50 INFO  State of operation 20136347 : EXECUTING
13:44:52 INFO  State of operation 20136347 : SUCCESSFUL
13:44:52 INFO  Assert that (False == value) with value=False ... passed
13:44:52 INFO  Package asciijump is installed
13:44:52 INFO  Assert that (True == value) with value=True ... passed
13:44:53 INFO  Package squirrel3 is installed
13:44:53 INFO  Assert that (True == value) with value=True ... passed
13:44:53 INFO  Package robotfindskitten is installed
13:44:53 INFO  Assert that (True == value) with value=True ... passed
13:44:53 INFO  Response status: 201
13:44:53 INFO  Response to action: {
    &quot;creationTime&quot;: &quot;2022-06-10T13:44:53.612Z&quot;,
    &quot;deviceId&quot;: &quot;20120685&quot;,
    &quot;deviceName&quot;: &quot;m32sd10b&quot;,
    &quot;self&quot;: &quot;https://t493319102.eu-latest.cumulocity.com/devicecontrol/operations/20136371&quot;,
    &quot;id&quot;: &quot;20136371&quot;,
    &quot;status&quot;: &quot;PENDING&quot;,
    &quot;description&quot;: &quot;Apply software changes, triggered from PySys: [{'action': 'delete', 'id': '5475369', 'name': 'asciijump', 'url': ' ', 'version': '::apt'}, {'action': 'delete', 'id': '5474869', 'name': 'robotfindskitten', 'url': ' ', 'version': '::apt'}, {'action': 'delete', 'id': '5475279', 'name': 'squirrel3', 'url': ' ', 'version': '::apt'}]&quot;,
    &quot;c8y_SoftwareUpdate&quot;: [
        {
            &quot;name&quot;: &quot;asciijump&quot;,
            &quot;action&quot;: &quot;delete&quot;,
            &quot;id&quot;: &quot;5475369&quot;,
            &quot;version&quot;: &quot;::apt&quot;,
            &quot;url&quot;: &quot; &quot;
        },
        {
            &quot;name&quot;: &quot;robotfindskitten&quot;,
            &quot;action&quot;: &quot;delete&quot;,
            &quot;id&quot;: &quot;5474869&quot;,
            &quot;version&quot;: &quot;::apt&quot;,
            &quot;url&quot;: &quot; &quot;
        },
        {
            &quot;name&quot;: &quot;squirrel3&quot;,
            &quot;action&quot;: &quot;delete&quot;,
            &quot;id&quot;: &quot;5475279&quot;,
            &quot;version&quot;: &quot;::apt&quot;,
            &quot;url&quot;: &quot; &quot;
        }
    ]
}
13:44:53 INFO  Started operation: {'creationTime': '2022-06-10T13:44:53.612Z', 'deviceId': '20120685', 'deviceName': 'm32sd10b', 'self': 'https://t493319102.eu-latest.cumulocity.com/devicecontrol/operations/20136371', 'id': '20136371', 'status': 'PENDING', 'description': &quot;Apply software changes, triggered from PySys: [{'action': 'delete', 'id': '5475369', 'name': 'asciijump', 'url': ' ', 'version': '::apt'}, {'action': 'delete', 'id': '5474869', 'name': 'robotfindskitten', 'url': ' ', 'version': '::apt'}, {'action': 'delete', 'id': '5475279', 'name': 'squirrel3', 'url': ' ', 'version': '::apt'}]&quot;, 'c8y_SoftwareUpdate': [{'name': 'asciijump', 'action': 'delete', 'id': '5475369', 'version': '::apt', 'url': ' '}, {'name': 'robotfindskitten', 'action': 'delete', 'id': '5474869', 'version': '::apt', 'url': ' '}, {'name': 'squirrel3', 'action': 'delete', 'id': '5475279', 'version': '::apt', 'url': ' '}]}
13:44:55 INFO  State of operation 20136371 : PENDING
13:44:58 INFO  State of operation 20136371 : EXECUTING
13:45:00 INFO  State of operation 20136371 : EXECUTING
13:45:02 INFO  State of operation 20136371 : EXECUTING
13:45:04 INFO  State of operation 20136371 : EXECUTING
13:45:07 INFO  State of operation 20136371 : EXECUTING
13:45:09 INFO  State of operation 20136371 : EXECUTING
13:45:12 INFO  State of operation 20136371 : EXECUTING
13:45:14 INFO  State of operation 20136371 : EXECUTING
13:45:17 INFO  State of operation 20136371 : EXECUTING
13:45:19 INFO  State of operation 20136371 : EXECUTING
13:45:21 INFO  State of operation 20136371 : EXECUTING
13:45:24 INFO  State of operation 20136371 : EXECUTING
13:45:26 INFO  State of operation 20136371 : EXECUTING
13:45:28 INFO  State of operation 20136371 : EXECUTING
13:45:31 INFO  State of operation 20136371 : EXECUTING
13:45:33 INFO  State of operation 20136371 : EXECUTING
13:45:36 INFO  State of operation 20136371 : EXECUTING
13:45:38 INFO  State of operation 20136371 : EXECUTING
13:45:40 INFO  State of operation 20136371 : EXECUTING
13:45:43 INFO  State of operation 20136371 : EXECUTING
13:45:45 INFO  State of operation 20136371 : EXECUTING
13:45:47 INFO  State of operation 20136371 : EXECUTING
13:45:49 INFO  State of operation 20136371 : EXECUTING
13:45:52 INFO  State of operation 20136371 : EXECUTING
13:45:54 INFO  State of operation 20136371 : EXECUTING
13:45:57 INFO  State of operation 20136371 : EXECUTING
13:45:59 INFO  State of operation 20136371 : SUCCESSFUL
13:45:59 INFO  Assert that (False == value) with value=False ... passed
13:45:59 INFO  Assert that (False == value) with value=False ... passed
13:45:59 INFO  Assert that (False == value) with value=False ... passed
13:46:00 INFO  Assert that (False == value) with value=False ... passed
13:46:00 INFO  
13:46:00 INFO  cleanup:
13:46:04 INFO  Executed sudo&lt;tedge_disconnect_c8y&gt;, exit status 0
13:46:04 INFO  Executed systemctl&lt;serv_mapper5&gt;, exit status 3
13:46:04 INFO  
13:46:04 INFO  Test duration: 180.49 secs
13:46:04 INFO  Test final outcome:  FAILED
13:46:04 INFO  Test outcome reason: Assert that (False == value) with value=True
13:46:04 INFO  
</system-out>
	</testcase>
</testsuite>
