<?xml version="1.0" encoding="utf-8"?>
<testsuite failures="1" name="SoftwareManagement.sm_apt_install_remove_multiple_mixed" skipped="0" tests="1" time="179.9" timestamp="2022-07-21T15:27:09">
	<testcase classname="PySysTest" name="SoftwareManagement.sm_apt_install_remove_multiple_mixed">
		<failure message="BLOCKED: SystemError: Timeout while waiting for status SUCCESSFUL or False" type="BLOCKED"/>
		<system-out>15:24:09 INFO  ==============================================================
15:24:09 INFO  Id:    SoftwareManagement.sm_apt_install_remove_multiple_mixed
15:24:09 INFO  Dir:   software_management_end_to_end/
15:24:09 INFO  Title: Validate end to end behaviour for the apt plugin for multiple packages with mixed versions
15:24:09 INFO  ==============================================================
15:24:09 INFO  Using sw id database: {'asciijump': '5475369', 'robotfindskitten': '5474869', 'squirrel3': '5475279', 'rolldice': '5152439', 'moon-buggy': '5439204', 'apple': '5495053', 'banana': '5494888', 'cherry': '5495382', 'watermelon': '5494510', 'registry': '8018911', 'hello-world': '8021526', 'docker/getting-started': '8021973', 'alpine': '7991792'}
15:24:09 INFO  EnvironmentC8y Setup
15:24:09 INFO  Executed systemctl&lt;serv_mapper1&gt;, exit status 3
15:24:10 INFO  Restarting mosquitto too frequently in the last 10 seconds. It was only up for 4 seconds
15:24:10 INFO  Delaying execution by 7 seconds
15:24:30 INFO  Executed sudo&lt;tedge_connect_c8y&gt;, exit status 0, duration 13 secs
15:24:31 INFO  Executed sudo&lt;tedge_connect_c8y_test&gt;, exit status 0
15:24:31 INFO  Executed systemctl&lt;serv_mosq2&gt;, exit status 0
15:24:32 INFO  Executed systemctl&lt;serv_mapper3&gt;, exit status 0
15:24:34 INFO  State of current operation: SUCCESSFUL
15:24:34 INFO  Assert that (False == value) with value=False ... passed
15:24:35 INFO  Assert that (False == value) with value=False ... passed
15:24:35 INFO  Assert that (False == value) with value=False ... passed
15:24:35 INFO  Assert that (False == value) with value=False ... passed
15:24:35 INFO  Assert that (False == value) with value=False ... passed
15:24:36 INFO  Response status: 201
15:24:36 INFO  Response to action: {
    &quot;creationTime&quot;: &quot;2022-07-21T15:24:36.903Z&quot;,
    &quot;deviceId&quot;: &quot;21116856&quot;,
    &quot;deviceName&quot;: &quot;m32sd10b&quot;,
    &quot;self&quot;: &quot;https://t493319102.eu-latest.cumulocity.com/devicecontrol/operations/21144828&quot;,
    &quot;id&quot;: &quot;21144828&quot;,
    &quot;status&quot;: &quot;PENDING&quot;,
    &quot;description&quot;: &quot;Apply software changes, triggered from PySys: [{'action': 'install', 'id': '5475369', 'name': 'asciijump', 'url': ' ', 'version': '::apt'}, {'action': 'install', 'id': '5474869', 'name': 'robotfindskitten', 'url': ' ', 'version': ' '}, {'action': 'install', 'id': '5475279', 'name': 'squirrel3', 'url': ' ', 'version': '3.1-7::apt'}, {'action': 'install', 'id': '5152439', 'name': 'rolldice', 'url': ' ', 'version': '1.16-1+b1'}, {'action': 'install', 'id': '5439204', 'name': 'moon-buggy', 'url': ' ', 'version': '1:1.0.51-12'}, {'action': 'install', 'id': '5475369', 'name': 'asciijump', 'url': ' ', 'version': '::apt'}]&quot;,
    &quot;c8y_SoftwareUpdate&quot;: [
        {
            &quot;name&quot;: &quot;asciijump&quot;,
            &quot;action&quot;: &quot;install&quot;,
            &quot;id&quot;: &quot;5475369&quot;,
            &quot;version&quot;: &quot;::apt&quot;,
            &quot;url&quot;: &quot; &quot;
        },
        {
            &quot;name&quot;: &quot;robotfindskitten&quot;,
            &quot;action&quot;: &quot;install&quot;,
            &quot;id&quot;: &quot;5474869&quot;,
            &quot;version&quot;: &quot; &quot;,
            &quot;url&quot;: &quot; &quot;
        },
        {
            &quot;name&quot;: &quot;squirrel3&quot;,
            &quot;action&quot;: &quot;install&quot;,
            &quot;id&quot;: &quot;5475279&quot;,
            &quot;version&quot;: &quot;3.1-7::apt&quot;,
            &quot;url&quot;: &quot; &quot;
        },
        {
            &quot;name&quot;: &quot;rolldice&quot;,
            &quot;action&quot;: &quot;install&quot;,
            &quot;id&quot;: &quot;5152439&quot;,
            &quot;version&quot;: &quot;1.16-1+b1&quot;,
            &quot;url&quot;: &quot; &quot;
        },
        {
            &quot;name&quot;: &quot;moon-buggy&quot;,
            &quot;action&quot;: &quot;install&quot;,
            &quot;id&quot;: &quot;5439204&quot;,
            &quot;version&quot;: &quot;1:1.0.51-12&quot;,
            &quot;url&quot;: &quot; &quot;
        },
        {
            &quot;name&quot;: &quot;asciijump&quot;,
            &quot;action&quot;: &quot;install&quot;,
            &quot;id&quot;: &quot;5475369&quot;,
            &quot;version&quot;: &quot;::apt&quot;,
            &quot;url&quot;: &quot; &quot;
        }
    ]
}
15:24:36 INFO  Started operation: {'creationTime': '2022-07-21T15:24:36.903Z', 'deviceId': '21116856', 'deviceName': 'm32sd10b', 'self': 'https://t493319102.eu-latest.cumulocity.com/devicecontrol/operations/21144828', 'id': '21144828', 'status': 'PENDING', 'description': &quot;Apply software changes, triggered from PySys: [{'action': 'install', 'id': '5475369', 'name': 'asciijump', 'url': ' ', 'version': '::apt'}, {'action': 'install', 'id': '5474869', 'name': 'robotfindskitten', 'url': ' ', 'version': ' '}, {'action': 'install', 'id': '5475279', 'name': 'squirrel3', 'url': ' ', 'version': '3.1-7::apt'}, {'action': 'install', 'id': '5152439', 'name': 'rolldice', 'url': ' ', 'version': '1.16-1+b1'}, {'action': 'install', 'id': '5439204', 'name': 'moon-buggy', 'url': ' ', 'version': '1:1.0.51-12'}, {'action': 'install', 'id': '5475369', 'name': 'asciijump', 'url': ' ', 'version': '::apt'}]&quot;, 'c8y_SoftwareUpdate': [{'name': 'asciijump', 'action': 'install', 'id': '5475369', 'version': '::apt', 'url': ' '}, {'name': 'robotfindskitten', 'action': 'install', 'id': '5474869', 'version': ' ', 'url': ' '}, {'name': 'squirrel3', 'action': 'install', 'id': '5475279', 'version': '3.1-7::apt', 'url': ' '}, {'name': 'rolldice', 'action': 'install', 'id': '5152439', 'version': '1.16-1+b1', 'url': ' '}, {'name': 'moon-buggy', 'action': 'install', 'id': '5439204', 'version': '1:1.0.51-12', 'url': ' '}, {'name': 'asciijump', 'action': 'install', 'id': '5475369', 'version': '::apt', 'url': ' '}]}
15:24:39 INFO  State of operation 21144828 : PENDING
15:24:41 INFO  State of operation 21144828 : EXECUTING
15:24:43 INFO  State of operation 21144828 : EXECUTING
15:24:45 INFO  State of operation 21144828 : EXECUTING
15:24:48 INFO  State of operation 21144828 : EXECUTING
15:24:50 INFO  State of operation 21144828 : EXECUTING
15:24:53 INFO  State of operation 21144828 : EXECUTING
15:24:55 INFO  State of operation 21144828 : EXECUTING
15:24:58 INFO  State of operation 21144828 : EXECUTING
15:25:00 INFO  State of operation 21144828 : EXECUTING
15:25:02 INFO  State of operation 21144828 : EXECUTING
15:25:05 INFO  State of operation 21144828 : EXECUTING
15:25:07 INFO  State of operation 21144828 : EXECUTING
15:25:09 INFO  State of operation 21144828 : EXECUTING
15:25:12 INFO  State of operation 21144828 : EXECUTING
15:25:14 INFO  State of operation 21144828 : EXECUTING
15:25:16 INFO  State of operation 21144828 : EXECUTING
15:25:19 INFO  State of operation 21144828 : EXECUTING
15:25:21 INFO  State of operation 21144828 : EXECUTING
15:25:23 INFO  State of operation 21144828 : EXECUTING
15:25:26 INFO  State of operation 21144828 : EXECUTING
15:25:28 INFO  State of operation 21144828 : EXECUTING
15:25:31 INFO  State of operation 21144828 : EXECUTING
15:25:33 INFO  State of operation 21144828 : EXECUTING
15:25:35 INFO  State of operation 21144828 : EXECUTING
15:25:38 INFO  State of operation 21144828 : EXECUTING
15:25:40 INFO  State of operation 21144828 : EXECUTING
15:25:43 INFO  State of operation 21144828 : EXECUTING
15:25:45 INFO  State of operation 21144828 : EXECUTING
15:25:48 INFO  State of operation 21144828 : EXECUTING
15:25:50 INFO  State of operation 21144828 : EXECUTING
15:25:52 INFO  State of operation 21144828 : EXECUTING
15:25:54 INFO  State of operation 21144828 : EXECUTING
15:25:57 INFO  State of operation 21144828 : EXECUTING
15:25:59 INFO  State of operation 21144828 : EXECUTING
15:26:01 INFO  State of operation 21144828 : EXECUTING
15:26:03 INFO  State of operation 21144828 : EXECUTING
15:26:06 INFO  State of operation 21144828 : EXECUTING
15:26:09 INFO  State of operation 21144828 : EXECUTING
15:26:11 INFO  State of operation 21144828 : EXECUTING
15:26:13 INFO  State of operation 21144828 : EXECUTING
15:26:16 INFO  State of operation 21144828 : EXECUTING
15:26:18 INFO  State of operation 21144828 : EXECUTING
15:26:20 INFO  State of operation 21144828 : EXECUTING
15:26:23 INFO  State of operation 21144828 : EXECUTING
15:26:25 INFO  State of operation 21144828 : EXECUTING
15:26:27 INFO  State of operation 21144828 : EXECUTING
15:26:29 INFO  State of operation 21144828 : EXECUTING
15:26:32 INFO  State of operation 21144828 : EXECUTING
15:26:34 INFO  State of operation 21144828 : EXECUTING
15:26:37 INFO  State of operation 21144828 : EXECUTING
15:26:39 INFO  State of operation 21144828 : EXECUTING
15:26:42 INFO  State of operation 21144828 : EXECUTING
15:26:45 INFO  State of operation 21144828 : EXECUTING
15:26:47 INFO  State of operation 21144828 : EXECUTING
15:26:49 INFO  State of operation 21144828 : EXECUTING
15:26:52 INFO  State of operation 21144828 : EXECUTING
15:26:54 INFO  State of operation 21144828 : EXECUTING
15:26:57 INFO  State of operation 21144828 : EXECUTING
15:26:59 INFO  State of operation 21144828 : EXECUTING
15:27:02 INFO  State of operation 21144828 : EXECUTING
15:27:04 WARN  SystemError occurred while running test - Timeout while waiting for status SUCCESSFUL or False
Traceback (most recent call last):
  File &quot;/home/pi/env-pysys/lib/python3.7/site-packages/pysys/baserunner.py&quot;, line 1294, in __call__
    self.testObj.execute()
  File &quot;/home/pi/actions-runner/_work/thin-edge.io/thin-edge.io/tests/PySys/software_management_end_to_end/sm_apt_install_remove_multiple_mixed/run.py&quot;, line 89, in execute
    self.wait_until_succcess()
  File &quot;/home/pi/actions-runner/_work/thin-edge.io/thin-edge.io/tests/PySys/software_management_end_to_end/environment_sm_management.py&quot;, line 324, in wait_until_succcess
    self.wait_until_status(&quot;SUCCESSFUL&quot;)
  File &quot;/home/pi/actions-runner/_work/thin-edge.io/thin-edge.io/tests/PySys/software_management_end_to_end/environment_sm_management.py&quot;, line 381, in wait_until_status
    &quot;Timeout while waiting for status %s or %s&quot; % (status, status2)
SystemError: Timeout while waiting for status SUCCESSFUL or False
15:27:04 WARN  SystemError: Timeout while waiting for status SUCCESSFUL or False ... blocked 
15:27:04 INFO  
15:27:04 INFO  cleanup:
15:27:08 INFO  Executed sudo&lt;tedge_disconnect_c8y&gt;, exit status 0
15:27:09 INFO  Executed systemctl&lt;serv_mapper5&gt;, exit status 3
15:27:09 INFO  
15:27:09 INFO  Test duration: 179.90 secs
15:27:09 INFO  Test final outcome:  BLOCKED
15:27:09 INFO  Test outcome reason: SystemError: Timeout while waiting for status SUCCESSFUL or False
15:27:09 INFO  
</system-out>
	</testcase>
</testsuite>
