<?xml version="1.0" encoding="utf-8"?>
<testsuite failures="1" name="SoftwareManagement.sm_apt_install_remove_default" skipped="0" tests="1" time="166.88" timestamp="2022-05-23T11:54:11">
	<testcase classname="PySysTest" name="SoftwareManagement.sm_apt_install_remove_default">
		<failure message="BLOCKED: SystemError: Timeout while waiting for status FAILED or SUCCESSFUL" type="BLOCKED"/>
		<system-out>11:51:24 INFO  ==============================================================
11:51:24 INFO  Id:    SoftwareManagement.sm_apt_install_remove_default
11:51:24 INFO  Dir:   software_management_end_to_end/
11:51:24 INFO  Title: Validate end to end behaviour for the default plugin for installation and removal of packages
11:51:24 INFO  ==============================================================
11:51:24 INFO  Using sw id database: {'asciijump': '5475369', 'robotfindskitten': '5474869', 'squirrel3': '5475279', 'rolldice': '5152439', 'moon-buggy': '5439204', 'apple': '5495053', 'banana': '5494888', 'cherry': '5495382', 'watermelon': '5494510', 'registry': '8018911', 'hello-world': '8021526', 'docker/getting-started': '8021973', 'alpine': '7991792'}
11:51:24 INFO  EnvironmentC8y Setup
11:51:25 INFO  Executed systemctl&lt;serv_mapper1&gt;, exit status 3
11:51:25 INFO  Restarting mosquitto too frequently in the last 10 seconds. It was only up for 4 seconds
11:51:25 INFO  Delaying execution by 7 seconds
11:51:46 INFO  Executed sudo&lt;tedge_connect_c8y&gt;, exit status 0, duration 14 secs
11:51:47 INFO  Executed sudo&lt;tedge_connect_c8y_test&gt;, exit status 0
11:51:47 INFO  Executed systemctl&lt;serv_mosq2&gt;, exit status 0
11:51:48 INFO  Executed systemctl&lt;serv_mapper3&gt;, exit status 0
11:51:50 INFO  State of current operation: PENDING
11:51:52 INFO  State of current operation: PENDING
11:51:55 INFO  State of current operation: PENDING
11:51:57 INFO  State of current operation: PENDING
11:51:59 INFO  State of current operation: PENDING
11:52:01 INFO  State of current operation: PENDING
11:52:04 INFO  State of current operation: PENDING
11:52:06 INFO  State of current operation: PENDING
11:52:08 INFO  State of current operation: PENDING
11:52:10 INFO  State of current operation: PENDING
11:52:13 INFO  State of current operation: PENDING
11:52:15 INFO  State of current operation: PENDING
11:52:17 INFO  State of current operation: PENDING
11:52:19 INFO  State of current operation: PENDING
11:52:21 INFO  State of current operation: PENDING
11:52:24 INFO  State of current operation: PENDING
11:52:26 INFO  State of current operation: PENDING
11:52:28 INFO  State of current operation: PENDING
11:52:30 INFO  State of current operation: PENDING
11:52:33 INFO  State of current operation: PENDING
11:52:35 INFO  State of current operation: PENDING
11:52:37 INFO  State of current operation: PENDING
11:52:39 INFO  State of current operation: PENDING
11:52:42 INFO  State of current operation: PENDING
11:52:44 INFO  State of current operation: PENDING
11:52:46 INFO  State of current operation: PENDING
11:52:48 INFO  State of current operation: PENDING
11:52:50 INFO  State of current operation: PENDING
11:52:53 INFO  State of current operation: PENDING
11:52:55 INFO  State of current operation: PENDING
11:52:57 INFO  State of current operation: PENDING
11:52:59 INFO  State of current operation: PENDING
11:53:02 INFO  State of current operation: PENDING
11:53:04 INFO  State of current operation: PENDING
11:53:06 INFO  State of current operation: PENDING
11:53:08 INFO  State of current operation: PENDING
11:53:11 INFO  State of current operation: PENDING
11:53:13 INFO  State of current operation: PENDING
11:53:15 INFO  State of current operation: PENDING
11:53:17 INFO  State of current operation: PENDING
11:53:20 INFO  State of current operation: PENDING
11:53:22 INFO  State of current operation: PENDING
11:53:24 INFO  State of current operation: PENDING
11:53:26 INFO  State of current operation: PENDING
11:53:28 INFO  State of current operation: PENDING
11:53:31 INFO  State of current operation: PENDING
11:53:33 INFO  State of current operation: PENDING
11:53:35 INFO  State of current operation: PENDING
11:53:37 INFO  State of current operation: PENDING
11:53:40 INFO  State of current operation: PENDING
11:53:42 INFO  State of current operation: PENDING
11:53:44 INFO  State of current operation: PENDING
11:53:46 INFO  State of current operation: PENDING
11:53:49 INFO  State of current operation: PENDING
11:53:51 INFO  State of current operation: PENDING
11:53:53 INFO  State of current operation: PENDING
11:53:55 INFO  State of current operation: PENDING
11:53:57 INFO  State of current operation: PENDING
11:54:00 INFO  State of current operation: PENDING
11:54:02 INFO  State of current operation: PENDING
11:54:04 INFO  State of current operation: PENDING
11:54:06 WARN  SystemError occurred while running test - Timeout while waiting for status FAILED or SUCCESSFUL
Traceback (most recent call last):
  File &quot;/home/pi/env-pysys/lib/python3.7/site-packages/pysys/baserunner.py&quot;, line 1292, in __call__
    self.testObj.setup()
  File &quot;/home/pi/actions-runner/_work/thin-edge.io/thin-edge.io/tests/PySys/software_management_end_to_end/sm_apt_install_remove_default/run.py&quot;, line 26, in setup
    super().setup()
  File &quot;/home/pi/actions-runner/_work/thin-edge.io/thin-edge.io/tests/PySys/software_management_end_to_end/environment_sm_management.py&quot;, line 151, in setup
    self.wait_until_end()
  File &quot;/home/pi/actions-runner/_work/thin-edge.io/thin-edge.io/tests/PySys/software_management_end_to_end/environment_sm_management.py&quot;, line 332, in wait_until_end
    self.wait_until_status(&quot;FAILED&quot;, &quot;SUCCESSFUL&quot;)
  File &quot;/home/pi/actions-runner/_work/thin-edge.io/thin-edge.io/tests/PySys/software_management_end_to_end/environment_sm_management.py&quot;, line 381, in wait_until_status
    &quot;Timeout while waiting for status %s or %s&quot; % (status, status2)
SystemError: Timeout while waiting for status FAILED or SUCCESSFUL
11:54:06 WARN  SystemError: Timeout while waiting for status FAILED or SUCCESSFUL ... blocked 
11:54:06 INFO  
11:54:06 INFO  cleanup:
11:54:10 INFO  Executed sudo&lt;tedge_disconnect_c8y&gt;, exit status 0
11:54:11 INFO  Executed systemctl&lt;serv_mapper5&gt;, exit status 3
11:54:11 INFO  
11:54:11 INFO  Test duration: 166.88 secs
11:54:11 INFO  Test final outcome:  BLOCKED
11:54:11 INFO  Test outcome reason: SystemError: Timeout while waiting for status FAILED or SUCCESSFUL
11:54:11 INFO  
</system-out>
	</testcase>
</testsuite>
