<?xml version="1.0" encoding="utf-8"?>
<testsuite failures="0" name="apt_remove" skipped="0" tests="1" time="65.01" timestamp="2022-07-27T09:40:34">
	<testcase classname="AptPluginRemoveDense" name="apt_remove"/>
</testsuite>
