<?xml version="1.0" encoding="utf-8"?>
<testsuite failures="1" name="SoftwareManagement.sm_apt_install_remove_with_version" skipped="0" tests="1" time="30.16" timestamp="2022-07-21T12:28:55">
	<testcase classname="PySysTest" name="SoftwareManagement.sm_apt_install_remove_with_version">
		<failure message="BLOCKED: SystemError: The Sofware list is empty !!!" type="BLOCKED"/>
		<system-out>12:28:25 INFO  ==============================================================
12:28:25 INFO  Id:    SoftwareManagement.sm_apt_install_remove_with_version
12:28:25 INFO  Dir:   software_management_end_to_end/
12:28:25 INFO  Title: Validate end to end behaviour for the apt plugin for packages with version
12:28:25 INFO  ==============================================================
12:28:25 INFO  Using sw id database: {'asciijump': '5475369', 'robotfindskitten': '5474869', 'squirrel3': '5475279', 'rolldice': '5152439', 'moon-buggy': '5439204', 'apple': '5495053', 'banana': '5494888', 'cherry': '5495382', 'watermelon': '5494510', 'registry': '8018911', 'hello-world': '8021526', 'docker/getting-started': '8021973', 'alpine': '7991792'}
12:28:25 INFO  EnvironmentC8y Setup
12:28:26 INFO  Executed systemctl&lt;serv_mapper1&gt;, exit status 3
12:28:26 INFO  Restarting mosquitto too frequently in the last 10 seconds. It was only up for 4 seconds
12:28:26 INFO  Delaying execution by 7 seconds
12:28:47 INFO  Executed sudo&lt;tedge_connect_c8y&gt;, exit status 0, duration 13 secs
12:28:47 INFO  Executed sudo&lt;tedge_connect_c8y_test&gt;, exit status 0
12:28:48 INFO  Executed systemctl&lt;serv_mosq2&gt;, exit status 0
12:28:48 INFO  Executed systemctl&lt;serv_mapper3&gt;, exit status 0
12:28:51 INFO  State of current operation: FAILED
12:28:51 WARN  SystemError occurred while running test - The Sofware list is empty !!!
Traceback (most recent call last):
  File &quot;/home/pi/env-pysys/lib/python3.7/site-packages/pysys/baserunner.py&quot;, line 1292, in __call__
    self.testObj.setup()
  File &quot;/home/pi/actions-runner/_work/thin-edge.io/thin-edge.io/tests/PySys/software_management_end_to_end/sm_apt_install_remove_with_version/run.py&quot;, line 29, in setup
    self.assertThat(&quot;False == value&quot;, value=self.check_is_installed(&quot;rolldice&quot;))
  File &quot;/home/pi/actions-runner/_work/thin-edge.io/thin-edge.io/tests/PySys/software_management_end_to_end/environment_sm_management.py&quot;, line 399, in check_is_installed
    raise SystemError(&quot;The Sofware list is empty !!!&quot;)
SystemError: The Sofware list is empty !!!
12:28:51 WARN  SystemError: The Sofware list is empty !!! ... blocked 
12:28:51 INFO  
12:28:51 INFO  cleanup:
12:28:55 INFO  Executed sudo&lt;tedge_disconnect_c8y&gt;, exit status 0
12:28:55 INFO  Executed systemctl&lt;serv_mapper5&gt;, exit status 3
12:28:55 INFO  
12:28:55 INFO  Test duration: 30.16 secs
12:28:55 INFO  Test final outcome:  BLOCKED
12:28:55 INFO  Test outcome reason: SystemError: The Sofware list is empty !!!
12:28:55 INFO  
</system-out>
	</testcase>
</testsuite>
