<?xml version="1.0" encoding="utf-8"?>
<testsuite failures="1" name="SoftwareManagement.sm_apt_install_remove_multiple" skipped="0" tests="1" time="180.13" timestamp="2022-07-15T08:25:12">
	<testcase classname="PySysTest" name="SoftwareManagement.sm_apt_install_remove_multiple">
		<failure message="FAILED: Assert that (False == value) with value=True" type="FAILED"/>
		<system-out>08:22:12 INFO  ==============================================================
08:22:12 INFO  Id:    SoftwareManagement.sm_apt_install_remove_multiple
08:22:12 INFO  Dir:   software_management_end_to_end/
08:22:12 INFO  Title: Validate end to end behaviour for the apt plugin for multiple packages
08:22:12 INFO  ==============================================================
08:22:12 INFO  Using sw id database: {'asciijump': '5475369', 'robotfindskitten': '5474869', 'squirrel3': '5475279', 'rolldice': '5152439', 'moon-buggy': '5439204', 'apple': '5495053', 'banana': '5494888', 'cherry': '5495382', 'watermelon': '5494510', 'registry': '8018911', 'hello-world': '8021526', 'docker/getting-started': '8021973', 'alpine': '7991792'}
08:22:12 INFO  EnvironmentC8y Setup
08:22:13 INFO  Executed systemctl&lt;serv_mapper1&gt;, exit status 3
08:22:13 INFO  Restarting mosquitto too frequently in the last 10 seconds. It was only up for 4 seconds
08:22:13 INFO  Delaying execution by 7 seconds
08:22:34 INFO  Executed sudo&lt;tedge_connect_c8y&gt;, exit status 0, duration 13 secs
08:22:34 INFO  Executed sudo&lt;tedge_connect_c8y_test&gt;, exit status 0
08:22:35 INFO  Executed systemctl&lt;serv_mosq2&gt;, exit status 0
08:22:35 INFO  Executed systemctl&lt;serv_mapper3&gt;, exit status 0
08:22:38 INFO  State of current operation: SUCCESSFUL
08:22:38 INFO  Assert that (False == value) with value=False ... passed
08:22:38 INFO  Assert that (False == value) with value=False ... passed
08:22:39 INFO  Assert that (False == value) with value=False ... passed
08:22:39 INFO  Package robotfindskitten is installed
08:22:39 WARN  Assert that (False == value) with value=True ... failed 
08:22:39 INFO  Response status: 201
08:22:39 INFO  Response to action: {
    &quot;creationTime&quot;: &quot;2022-07-15T08:22:39.551Z&quot;,
    &quot;deviceName&quot;: &quot;m32sd10b&quot;,
    &quot;deviceId&quot;: &quot;20889140&quot;,
    &quot;self&quot;: &quot;https://t493319102.eu-latest.cumulocity.com/devicecontrol/operations/20930298&quot;,
    &quot;id&quot;: &quot;20930298&quot;,
    &quot;status&quot;: &quot;PENDING&quot;,
    &quot;description&quot;: &quot;Apply software changes, triggered from PySys: [{'action': 'install', 'id': '5475369', 'name': 'asciijump', 'url': ' ', 'version': '::apt'}, {'action': 'install', 'id': '5474869', 'name': 'robotfindskitten', 'url': ' ', 'version': '::apt'}, {'action': 'install', 'id': '5475279', 'name': 'squirrel3', 'url': ' ', 'version': '::apt'}]&quot;,
    &quot;c8y_SoftwareUpdate&quot;: [
        {
            &quot;name&quot;: &quot;asciijump&quot;,
            &quot;action&quot;: &quot;install&quot;,
            &quot;id&quot;: &quot;5475369&quot;,
            &quot;version&quot;: &quot;::apt&quot;,
            &quot;url&quot;: &quot; &quot;
        },
        {
            &quot;name&quot;: &quot;robotfindskitten&quot;,
            &quot;action&quot;: &quot;install&quot;,
            &quot;id&quot;: &quot;5474869&quot;,
            &quot;version&quot;: &quot;::apt&quot;,
            &quot;url&quot;: &quot; &quot;
        },
        {
            &quot;name&quot;: &quot;squirrel3&quot;,
            &quot;action&quot;: &quot;install&quot;,
            &quot;id&quot;: &quot;5475279&quot;,
            &quot;version&quot;: &quot;::apt&quot;,
            &quot;url&quot;: &quot; &quot;
        }
    ]
}
08:22:39 INFO  Started operation: {'creationTime': '2022-07-15T08:22:39.551Z', 'deviceName': 'm32sd10b', 'deviceId': '20889140', 'self': 'https://t493319102.eu-latest.cumulocity.com/devicecontrol/operations/20930298', 'id': '20930298', 'status': 'PENDING', 'description': &quot;Apply software changes, triggered from PySys: [{'action': 'install', 'id': '5475369', 'name': 'asciijump', 'url': ' ', 'version': '::apt'}, {'action': 'install', 'id': '5474869', 'name': 'robotfindskitten', 'url': ' ', 'version': '::apt'}, {'action': 'install', 'id': '5475279', 'name': 'squirrel3', 'url': ' ', 'version': '::apt'}]&quot;, 'c8y_SoftwareUpdate': [{'name': 'asciijump', 'action': 'install', 'id': '5475369', 'version': '::apt', 'url': ' '}, {'name': 'robotfindskitten', 'action': 'install', 'id': '5474869', 'version': '::apt', 'url': ' '}, {'name': 'squirrel3', 'action': 'install', 'id': '5475279', 'version': '::apt', 'url': ' '}]}
08:22:41 INFO  State of operation 20930298 : PENDING
08:22:44 INFO  State of operation 20930298 : EXECUTING
08:22:46 INFO  State of operation 20930298 : EXECUTING
08:22:48 INFO  State of operation 20930298 : EXECUTING
08:22:50 INFO  State of operation 20930298 : EXECUTING
08:22:52 INFO  State of operation 20930298 : EXECUTING
08:22:55 INFO  State of operation 20930298 : EXECUTING
08:22:58 INFO  State of operation 20930298 : EXECUTING
08:23:00 INFO  State of operation 20930298 : EXECUTING
08:23:02 INFO  State of operation 20930298 : EXECUTING
08:23:05 INFO  State of operation 20930298 : EXECUTING
08:23:07 INFO  State of operation 20930298 : EXECUTING
08:23:09 INFO  State of operation 20930298 : EXECUTING
08:23:12 INFO  State of operation 20930298 : EXECUTING
08:23:14 INFO  State of operation 20930298 : EXECUTING
08:23:16 INFO  State of operation 20930298 : EXECUTING
08:23:19 INFO  State of operation 20930298 : EXECUTING
08:23:21 INFO  State of operation 20930298 : EXECUTING
08:23:24 INFO  State of operation 20930298 : EXECUTING
08:23:26 INFO  State of operation 20930298 : EXECUTING
08:23:28 INFO  State of operation 20930298 : EXECUTING
08:23:31 INFO  State of operation 20930298 : EXECUTING
08:23:33 INFO  State of operation 20930298 : EXECUTING
08:23:36 INFO  State of operation 20930298 : EXECUTING
08:23:38 INFO  State of operation 20930298 : EXECUTING
08:23:41 INFO  State of operation 20930298 : EXECUTING
08:23:43 INFO  State of operation 20930298 : EXECUTING
08:23:46 INFO  State of operation 20930298 : EXECUTING
08:23:48 INFO  State of operation 20930298 : EXECUTING
08:23:50 INFO  State of operation 20930298 : EXECUTING
08:23:52 INFO  State of operation 20930298 : EXECUTING
08:23:55 INFO  State of operation 20930298 : EXECUTING
08:23:57 INFO  State of operation 20930298 : EXECUTING
08:23:59 INFO  State of operation 20930298 : SUCCESSFUL
08:23:59 INFO  Assert that (False == value) with value=False ... passed
08:24:00 INFO  Package asciijump is installed
08:24:00 INFO  Assert that (True == value) with value=True ... passed
08:24:00 INFO  Package squirrel3 is installed
08:24:00 INFO  Assert that (True == value) with value=True ... passed
08:24:00 INFO  Package robotfindskitten is installed
08:24:00 INFO  Assert that (True == value) with value=True ... passed
08:24:01 INFO  Response status: 201
08:24:01 INFO  Response to action: {
    &quot;creationTime&quot;: &quot;2022-07-15T08:24:00.971Z&quot;,
    &quot;deviceName&quot;: &quot;m32sd10b&quot;,
    &quot;deviceId&quot;: &quot;20889140&quot;,
    &quot;self&quot;: &quot;https://t493319102.eu-latest.cumulocity.com/devicecontrol/operations/20930304&quot;,
    &quot;id&quot;: &quot;20930304&quot;,
    &quot;status&quot;: &quot;PENDING&quot;,
    &quot;description&quot;: &quot;Apply software changes, triggered from PySys: [{'action': 'delete', 'id': '5475369', 'name': 'asciijump', 'url': ' ', 'version': '::apt'}, {'action': 'delete', 'id': '5474869', 'name': 'robotfindskitten', 'url': ' ', 'version': '::apt'}, {'action': 'delete', 'id': '5475279', 'name': 'squirrel3', 'url': ' ', 'version': '::apt'}]&quot;,
    &quot;c8y_SoftwareUpdate&quot;: [
        {
            &quot;name&quot;: &quot;asciijump&quot;,
            &quot;action&quot;: &quot;delete&quot;,
            &quot;id&quot;: &quot;5475369&quot;,
            &quot;version&quot;: &quot;::apt&quot;,
            &quot;url&quot;: &quot; &quot;
        },
        {
            &quot;name&quot;: &quot;robotfindskitten&quot;,
            &quot;action&quot;: &quot;delete&quot;,
            &quot;id&quot;: &quot;5474869&quot;,
            &quot;version&quot;: &quot;::apt&quot;,
            &quot;url&quot;: &quot; &quot;
        },
        {
            &quot;name&quot;: &quot;squirrel3&quot;,
            &quot;action&quot;: &quot;delete&quot;,
            &quot;id&quot;: &quot;5475279&quot;,
            &quot;version&quot;: &quot;::apt&quot;,
            &quot;url&quot;: &quot; &quot;
        }
    ]
}
08:24:01 INFO  Started operation: {'creationTime': '2022-07-15T08:24:00.971Z', 'deviceName': 'm32sd10b', 'deviceId': '20889140', 'self': 'https://t493319102.eu-latest.cumulocity.com/devicecontrol/operations/20930304', 'id': '20930304', 'status': 'PENDING', 'description': &quot;Apply software changes, triggered from PySys: [{'action': 'delete', 'id': '5475369', 'name': 'asciijump', 'url': ' ', 'version': '::apt'}, {'action': 'delete', 'id': '5474869', 'name': 'robotfindskitten', 'url': ' ', 'version': '::apt'}, {'action': 'delete', 'id': '5475279', 'name': 'squirrel3', 'url': ' ', 'version': '::apt'}]&quot;, 'c8y_SoftwareUpdate': [{'name': 'asciijump', 'action': 'delete', 'id': '5475369', 'version': '::apt', 'url': ' '}, {'name': 'robotfindskitten', 'action': 'delete', 'id': '5474869', 'version': '::apt', 'url': ' '}, {'name': 'squirrel3', 'action': 'delete', 'id': '5475279', 'version': '::apt', 'url': ' '}]}
08:24:03 INFO  State of operation 20930304 : PENDING
08:24:05 INFO  State of operation 20930304 : EXECUTING
08:24:07 INFO  State of operation 20930304 : EXECUTING
08:24:09 INFO  State of operation 20930304 : EXECUTING
08:24:12 INFO  State of operation 20930304 : EXECUTING
08:24:14 INFO  State of operation 20930304 : EXECUTING
08:24:17 INFO  State of operation 20930304 : EXECUTING
08:24:20 INFO  State of operation 20930304 : EXECUTING
08:24:22 INFO  State of operation 20930304 : EXECUTING
08:24:24 INFO  State of operation 20930304 : EXECUTING
08:24:27 INFO  State of operation 20930304 : EXECUTING
08:24:29 INFO  State of operation 20930304 : EXECUTING
08:24:31 INFO  State of operation 20930304 : EXECUTING
08:24:33 INFO  State of operation 20930304 : EXECUTING
08:24:36 INFO  State of operation 20930304 : EXECUTING
08:24:38 INFO  State of operation 20930304 : EXECUTING
08:24:40 INFO  State of operation 20930304 : EXECUTING
08:24:43 INFO  State of operation 20930304 : EXECUTING
08:24:45 INFO  State of operation 20930304 : EXECUTING
08:24:48 INFO  State of operation 20930304 : EXECUTING
08:24:50 INFO  State of operation 20930304 : EXECUTING
08:24:52 INFO  State of operation 20930304 : EXECUTING
08:24:54 INFO  State of operation 20930304 : EXECUTING
08:24:57 INFO  State of operation 20930304 : EXECUTING
08:24:59 INFO  State of operation 20930304 : EXECUTING
08:25:02 INFO  State of operation 20930304 : EXECUTING
08:25:04 INFO  State of operation 20930304 : EXECUTING
08:25:06 INFO  State of operation 20930304 : SUCCESSFUL
08:25:07 INFO  Assert that (False == value) with value=False ... passed
08:25:07 INFO  Assert that (False == value) with value=False ... passed
08:25:07 INFO  Assert that (False == value) with value=False ... passed
08:25:07 INFO  Assert that (False == value) with value=False ... passed
08:25:07 INFO  
08:25:07 INFO  cleanup:
08:25:12 INFO  Executed sudo&lt;tedge_disconnect_c8y&gt;, exit status 0
08:25:12 INFO  Executed systemctl&lt;serv_mapper5&gt;, exit status 3
08:25:12 INFO  
08:25:12 INFO  Test duration: 180.13 secs
08:25:12 INFO  Test final outcome:  FAILED
08:25:12 INFO  Test outcome reason: Assert that (False == value) with value=True
08:25:12 INFO  
</system-out>
	</testcase>
</testsuite>
