<?xml version="1.0" encoding="utf-8"?>
<testsuite failures="0" name="apt_prepare" skipped="0" tests="1" time="42.02" timestamp="2022-05-25T11:13:49">
	<testcase classname="AptPluginPrepare" name="apt_prepare"/>
</testsuite>
