<?xml version="1.0" encoding="utf-8"?>
<testsuite failures="0" name="apt_install_fail" skipped="0" tests="1" time="11.31" timestamp="2022-07-21T20:14:21">
	<testcase classname="AptPluginInstallFail" name="apt_install_fail"/>
</testsuite>
