<?xml version="1.0" encoding="utf-8"?>
<testsuite failures="1" name="SoftwareManagement.sm_apt_install_remove_multiple_mixed" skipped="0" tests="1" time="165.95" timestamp="2022-06-02T09:23:50">
	<testcase classname="PySysTest" name="SoftwareManagement.sm_apt_install_remove_multiple_mixed">
		<failure message="BLOCKED: SystemError: Timeout while waiting for status FAILED or SUCCESSFUL" type="BLOCKED"/>
		<system-out>09:21:04 INFO  ==============================================================
09:21:04 INFO  Id:    SoftwareManagement.sm_apt_install_remove_multiple_mixed
09:21:04 INFO  Dir:   software_management_end_to_end/
09:21:04 INFO  Title: Validate end to end behaviour for the apt plugin for multiple packages with mixed versions
09:21:04 INFO  ==============================================================
09:21:04 INFO  Using sw id database: {'asciijump': '5475369', 'robotfindskitten': '5474869', 'squirrel3': '5475279', 'rolldice': '5152439', 'moon-buggy': '5439204', 'apple': '5495053', 'banana': '5494888', 'cherry': '5495382', 'watermelon': '5494510', 'registry': '8018911', 'hello-world': '8021526', 'docker/getting-started': '8021973', 'alpine': '7991792'}
09:21:04 INFO  EnvironmentC8y Setup
09:21:04 INFO  Executed systemctl&lt;serv_mapper1&gt;, exit status 3
09:21:04 INFO  Restarting mosquitto too frequently in the last 10 seconds. It was only up for 5 seconds
09:21:04 INFO  Delaying execution by 6 seconds
09:21:25 INFO  Executed sudo&lt;tedge_connect_c8y&gt;, exit status 0, duration 14 secs
09:21:25 INFO  Executed sudo&lt;tedge_connect_c8y_test&gt;, exit status 0
09:21:26 INFO  Executed systemctl&lt;serv_mosq2&gt;, exit status 0
09:21:26 INFO  Executed systemctl&lt;serv_mapper3&gt;, exit status 0
09:21:28 INFO  State of current operation: PENDING
09:21:31 INFO  State of current operation: PENDING
09:21:33 INFO  State of current operation: PENDING
09:21:35 INFO  State of current operation: PENDING
09:21:38 INFO  State of current operation: PENDING
09:21:40 INFO  State of current operation: PENDING
09:21:42 INFO  State of current operation: PENDING
09:21:44 INFO  State of current operation: PENDING
09:21:47 INFO  State of current operation: PENDING
09:21:49 INFO  State of current operation: PENDING
09:21:51 INFO  State of current operation: PENDING
09:21:53 INFO  State of current operation: PENDING
09:21:55 INFO  State of current operation: PENDING
09:21:58 INFO  State of current operation: PENDING
09:22:00 INFO  State of current operation: PENDING
09:22:02 INFO  State of current operation: PENDING
09:22:04 INFO  State of current operation: PENDING
09:22:07 INFO  State of current operation: PENDING
09:22:09 INFO  State of current operation: PENDING
09:22:11 INFO  State of current operation: PENDING
09:22:13 INFO  State of current operation: PENDING
09:22:16 INFO  State of current operation: PENDING
09:22:18 INFO  State of current operation: PENDING
09:22:20 INFO  State of current operation: PENDING
09:22:22 INFO  State of current operation: PENDING
09:22:25 INFO  State of current operation: PENDING
09:22:27 INFO  State of current operation: PENDING
09:22:29 INFO  State of current operation: PENDING
09:22:31 INFO  State of current operation: PENDING
09:22:33 INFO  State of current operation: PENDING
09:22:36 INFO  State of current operation: PENDING
09:22:38 INFO  State of current operation: PENDING
09:22:40 INFO  State of current operation: PENDING
09:22:42 INFO  State of current operation: PENDING
09:22:45 INFO  State of current operation: PENDING
09:22:47 INFO  State of current operation: PENDING
09:22:49 INFO  State of current operation: PENDING
09:22:51 INFO  State of current operation: PENDING
09:22:54 INFO  State of current operation: PENDING
09:22:56 INFO  State of current operation: PENDING
09:22:58 INFO  State of current operation: PENDING
09:23:00 INFO  State of current operation: PENDING
09:23:03 INFO  State of current operation: PENDING
09:23:05 INFO  State of current operation: PENDING
09:23:07 INFO  State of current operation: PENDING
09:23:09 INFO  State of current operation: PENDING
09:23:11 INFO  State of current operation: PENDING
09:23:14 INFO  State of current operation: PENDING
09:23:16 INFO  State of current operation: PENDING
09:23:18 INFO  State of current operation: PENDING
09:23:20 INFO  State of current operation: PENDING
09:23:23 INFO  State of current operation: PENDING
09:23:25 INFO  State of current operation: PENDING
09:23:27 INFO  State of current operation: PENDING
09:23:29 INFO  State of current operation: PENDING
09:23:32 INFO  State of current operation: PENDING
09:23:34 INFO  State of current operation: PENDING
09:23:36 INFO  State of current operation: PENDING
09:23:38 INFO  State of current operation: PENDING
09:23:41 INFO  State of current operation: PENDING
09:23:43 INFO  State of current operation: PENDING
09:23:45 WARN  SystemError occurred while running test - Timeout while waiting for status FAILED or SUCCESSFUL
Traceback (most recent call last):
  File &quot;/home/pi/env-pysys/lib/python3.7/site-packages/pysys/baserunner.py&quot;, line 1292, in __call__
    self.testObj.setup()
  File &quot;/home/pi/actions-runner/_work/thin-edge.io/thin-edge.io/tests/PySys/software_management_end_to_end/sm_apt_install_remove_multiple_mixed/run.py&quot;, line 73, in setup
    super().setup()
  File &quot;/home/pi/actions-runner/_work/thin-edge.io/thin-edge.io/tests/PySys/software_management_end_to_end/environment_sm_management.py&quot;, line 151, in setup
    self.wait_until_end()
  File &quot;/home/pi/actions-runner/_work/thin-edge.io/thin-edge.io/tests/PySys/software_management_end_to_end/environment_sm_management.py&quot;, line 332, in wait_until_end
    self.wait_until_status(&quot;FAILED&quot;, &quot;SUCCESSFUL&quot;)
  File &quot;/home/pi/actions-runner/_work/thin-edge.io/thin-edge.io/tests/PySys/software_management_end_to_end/environment_sm_management.py&quot;, line 381, in wait_until_status
    &quot;Timeout while waiting for status %s or %s&quot; % (status, status2)
SystemError: Timeout while waiting for status FAILED or SUCCESSFUL
09:23:45 WARN  SystemError: Timeout while waiting for status FAILED or SUCCESSFUL ... blocked 
09:23:45 INFO  
09:23:45 INFO  cleanup:
09:23:49 INFO  Executed sudo&lt;tedge_disconnect_c8y&gt;, exit status 0
09:23:50 INFO  Executed systemctl&lt;serv_mapper5&gt;, exit status 3
09:23:50 INFO  
09:23:50 INFO  Test duration: 165.95 secs
09:23:50 INFO  Test final outcome:  BLOCKED
09:23:50 INFO  Test outcome reason: SystemError: Timeout while waiting for status FAILED or SUCCESSFUL
09:23:50 INFO  
</system-out>
	</testcase>
</testsuite>
