<?xml version="1.0" encoding="utf-8"?>
<testsuite failures="1" name="SoftwareManagement.sm_apt_install_remove_with_version" skipped="0" tests="1" time="165.9" timestamp="2022-05-23T19:59:50">
	<testcase classname="PySysTest" name="SoftwareManagement.sm_apt_install_remove_with_version">
		<failure message="BLOCKED: SystemError: Timeout while waiting for status FAILED or SUCCESSFUL" type="BLOCKED"/>
		<system-out>19:57:04 INFO  ==============================================================
19:57:04 INFO  Id:    SoftwareManagement.sm_apt_install_remove_with_version
19:57:04 INFO  Dir:   software_management_end_to_end/
19:57:04 INFO  Title: Validate end to end behaviour for the apt plugin for packages with version
19:57:04 INFO  ==============================================================
19:57:04 INFO  Using sw id database: {'asciijump': '5475369', 'robotfindskitten': '5474869', 'squirrel3': '5475279', 'rolldice': '5152439', 'moon-buggy': '5439204', 'apple': '5495053', 'banana': '5494888', 'cherry': '5495382', 'watermelon': '5494510', 'registry': '8018911', 'hello-world': '8021526', 'docker/getting-started': '8021973', 'alpine': '7991792'}
19:57:04 INFO  EnvironmentC8y Setup
19:57:05 INFO  Executed systemctl&lt;serv_mapper1&gt;, exit status 3
19:57:05 INFO  Restarting mosquitto too frequently in the last 10 seconds. It was only up for 5 seconds
19:57:05 INFO  Delaying execution by 6 seconds
19:57:26 INFO  Executed sudo&lt;tedge_connect_c8y&gt;, exit status 0, duration 14 secs
19:57:26 INFO  Executed sudo&lt;tedge_connect_c8y_test&gt;, exit status 0
19:57:27 INFO  Executed systemctl&lt;serv_mosq2&gt;, exit status 0
19:57:27 INFO  Executed systemctl&lt;serv_mapper3&gt;, exit status 0
19:57:30 INFO  State of current operation: PENDING
19:57:32 INFO  State of current operation: PENDING
19:57:34 INFO  State of current operation: PENDING
19:57:36 INFO  State of current operation: PENDING
19:57:39 INFO  State of current operation: PENDING
19:57:41 INFO  State of current operation: PENDING
19:57:43 INFO  State of current operation: PENDING
19:57:45 INFO  State of current operation: PENDING
19:57:47 INFO  State of current operation: PENDING
19:57:50 INFO  State of current operation: PENDING
19:57:52 INFO  State of current operation: PENDING
19:57:54 INFO  State of current operation: PENDING
19:57:56 INFO  State of current operation: PENDING
19:57:59 INFO  State of current operation: PENDING
19:58:01 INFO  State of current operation: PENDING
19:58:03 INFO  State of current operation: PENDING
19:58:05 INFO  State of current operation: PENDING
19:58:08 INFO  State of current operation: PENDING
19:58:10 INFO  State of current operation: PENDING
19:58:12 INFO  State of current operation: PENDING
19:58:14 INFO  State of current operation: PENDING
19:58:16 INFO  State of current operation: PENDING
19:58:19 INFO  State of current operation: PENDING
19:58:21 INFO  State of current operation: PENDING
19:58:23 INFO  State of current operation: PENDING
19:58:25 INFO  State of current operation: PENDING
19:58:28 INFO  State of current operation: PENDING
19:58:30 INFO  State of current operation: PENDING
19:58:32 INFO  State of current operation: PENDING
19:58:34 INFO  State of current operation: PENDING
19:58:37 INFO  State of current operation: PENDING
19:58:39 INFO  State of current operation: PENDING
19:58:41 INFO  State of current operation: PENDING
19:58:43 INFO  State of current operation: PENDING
19:58:45 INFO  State of current operation: PENDING
19:58:48 INFO  State of current operation: PENDING
19:58:50 INFO  State of current operation: PENDING
19:58:52 INFO  State of current operation: PENDING
19:58:54 INFO  State of current operation: PENDING
19:58:57 INFO  State of current operation: PENDING
19:58:59 INFO  State of current operation: PENDING
19:59:01 INFO  State of current operation: PENDING
19:59:03 INFO  State of current operation: PENDING
19:59:06 INFO  State of current operation: PENDING
19:59:08 INFO  State of current operation: PENDING
19:59:10 INFO  State of current operation: PENDING
19:59:12 INFO  State of current operation: PENDING
19:59:14 INFO  State of current operation: PENDING
19:59:17 INFO  State of current operation: PENDING
19:59:19 INFO  State of current operation: PENDING
19:59:21 INFO  State of current operation: PENDING
19:59:23 INFO  State of current operation: PENDING
19:59:26 INFO  State of current operation: PENDING
19:59:28 INFO  State of current operation: PENDING
19:59:30 INFO  State of current operation: PENDING
19:59:32 INFO  State of current operation: PENDING
19:59:35 INFO  State of current operation: PENDING
19:59:37 INFO  State of current operation: PENDING
19:59:39 INFO  State of current operation: PENDING
19:59:41 INFO  State of current operation: PENDING
19:59:43 INFO  State of current operation: PENDING
19:59:45 WARN  SystemError occurred while running test - Timeout while waiting for status FAILED or SUCCESSFUL
Traceback (most recent call last):
  File &quot;/home/pi/env-pysys/lib/python3.7/site-packages/pysys/baserunner.py&quot;, line 1292, in __call__
    self.testObj.setup()
  File &quot;/home/pi/actions-runner/_work/thin-edge.io/thin-edge.io/tests/PySys/software_management_end_to_end/sm_apt_install_remove_with_version/run.py&quot;, line 27, in setup
    super().setup()
  File &quot;/home/pi/actions-runner/_work/thin-edge.io/thin-edge.io/tests/PySys/software_management_end_to_end/environment_sm_management.py&quot;, line 151, in setup
    self.wait_until_end()
  File &quot;/home/pi/actions-runner/_work/thin-edge.io/thin-edge.io/tests/PySys/software_management_end_to_end/environment_sm_management.py&quot;, line 332, in wait_until_end
    self.wait_until_status(&quot;FAILED&quot;, &quot;SUCCESSFUL&quot;)
  File &quot;/home/pi/actions-runner/_work/thin-edge.io/thin-edge.io/tests/PySys/software_management_end_to_end/environment_sm_management.py&quot;, line 381, in wait_until_status
    &quot;Timeout while waiting for status %s or %s&quot; % (status, status2)
SystemError: Timeout while waiting for status FAILED or SUCCESSFUL
19:59:45 WARN  SystemError: Timeout while waiting for status FAILED or SUCCESSFUL ... blocked 
19:59:45 INFO  
19:59:45 INFO  cleanup:
19:59:50 INFO  Executed sudo&lt;tedge_disconnect_c8y&gt;, exit status 0
19:59:50 INFO  Executed systemctl&lt;serv_mapper5&gt;, exit status 3
19:59:50 INFO  
19:59:50 INFO  Test duration: 165.90 secs
19:59:50 INFO  Test final outcome:  BLOCKED
19:59:50 INFO  Test outcome reason: SystemError: Timeout while waiting for status FAILED or SUCCESSFUL
19:59:50 INFO  
</system-out>
	</testcase>
</testsuite>
