<?xml version="1.0" encoding="utf-8"?>
<testsuite failures="0" name="apt_finalize" skipped="0" tests="1" time="101.86" timestamp="2022-05-25T11:09:08">
	<testcase classname="AptPluginFinalize" name="apt_finalize"/>
</testsuite>
