<?xml version="1.0" encoding="utf-8"?>
<testsuite failures="1" name="SoftwareManagement.sm_apt_install_remove_multiple" skipped="0" tests="1" time="179.02" timestamp="2022-07-25T14:17:09">
	<testcase classname="PySysTest" name="SoftwareManagement.sm_apt_install_remove_multiple">
		<failure message="FAILED: Assert that (False == value) with value=True" type="FAILED"/>
		<system-out>14:14:10 INFO  ==============================================================
14:14:10 INFO  Id:    SoftwareManagement.sm_apt_install_remove_multiple
14:14:10 INFO  Dir:   software_management_end_to_end/
14:14:10 INFO  Title: Validate end to end behaviour for the apt plugin for multiple packages
14:14:10 INFO  ==============================================================
14:14:10 INFO  Using sw id database: {'asciijump': '5475369', 'robotfindskitten': '5474869', 'squirrel3': '5475279', 'rolldice': '5152439', 'moon-buggy': '5439204', 'apple': '5495053', 'banana': '5494888', 'cherry': '5495382', 'watermelon': '5494510', 'registry': '8018911', 'hello-world': '8021526', 'docker/getting-started': '8021973', 'alpine': '7991792'}
14:14:10 INFO  EnvironmentC8y Setup
14:14:10 INFO  Executed systemctl&lt;serv_mapper1&gt;, exit status 3
14:14:10 INFO  Restarting mosquitto too frequently in the last 10 seconds. It was only up for 5 seconds
14:14:10 INFO  Delaying execution by 6 seconds
14:14:30 INFO  Executed sudo&lt;tedge_connect_c8y&gt;, exit status 0, duration 14 secs
14:14:31 INFO  Executed sudo&lt;tedge_connect_c8y_test&gt;, exit status 0
14:14:31 INFO  Executed systemctl&lt;serv_mosq2&gt;, exit status 0
14:14:32 INFO  Executed systemctl&lt;serv_mapper3&gt;, exit status 0
14:14:34 INFO  State of current operation: SUCCESSFUL
14:14:34 INFO  Assert that (False == value) with value=False ... passed
14:14:35 INFO  Assert that (False == value) with value=False ... passed
14:14:35 INFO  Assert that (False == value) with value=False ... passed
14:14:35 INFO  Package robotfindskitten is installed
14:14:35 WARN  Assert that (False == value) with value=True ... failed 
14:14:35 INFO  Response status: 201
14:14:35 INFO  Response to action: {
    &quot;creationTime&quot;: &quot;2022-07-25T14:14:35.873Z&quot;,
    &quot;deviceId&quot;: &quot;21388827&quot;,
    &quot;deviceName&quot;: &quot;m32sd10b&quot;,
    &quot;self&quot;: &quot;https://t493319102.eu-latest.cumulocity.com/devicecontrol/operations/21402398&quot;,
    &quot;id&quot;: &quot;21402398&quot;,
    &quot;status&quot;: &quot;PENDING&quot;,
    &quot;description&quot;: &quot;Apply software changes, triggered from PySys: [{'action': 'install', 'id': '5475369', 'name': 'asciijump', 'url': ' ', 'version': '::apt'}, {'action': 'install', 'id': '5474869', 'name': 'robotfindskitten', 'url': ' ', 'version': '::apt'}, {'action': 'install', 'id': '5475279', 'name': 'squirrel3', 'url': ' ', 'version': '::apt'}]&quot;,
    &quot;c8y_SoftwareUpdate&quot;: [
        {
            &quot;name&quot;: &quot;asciijump&quot;,
            &quot;action&quot;: &quot;install&quot;,
            &quot;id&quot;: &quot;5475369&quot;,
            &quot;version&quot;: &quot;::apt&quot;,
            &quot;url&quot;: &quot; &quot;
        },
        {
            &quot;name&quot;: &quot;robotfindskitten&quot;,
            &quot;action&quot;: &quot;install&quot;,
            &quot;id&quot;: &quot;5474869&quot;,
            &quot;version&quot;: &quot;::apt&quot;,
            &quot;url&quot;: &quot; &quot;
        },
        {
            &quot;name&quot;: &quot;squirrel3&quot;,
            &quot;action&quot;: &quot;install&quot;,
            &quot;id&quot;: &quot;5475279&quot;,
            &quot;version&quot;: &quot;::apt&quot;,
            &quot;url&quot;: &quot; &quot;
        }
    ]
}
14:14:35 INFO  Started operation: {'creationTime': '2022-07-25T14:14:35.873Z', 'deviceId': '21388827', 'deviceName': 'm32sd10b', 'self': 'https://t493319102.eu-latest.cumulocity.com/devicecontrol/operations/21402398', 'id': '21402398', 'status': 'PENDING', 'description': &quot;Apply software changes, triggered from PySys: [{'action': 'install', 'id': '5475369', 'name': 'asciijump', 'url': ' ', 'version': '::apt'}, {'action': 'install', 'id': '5474869', 'name': 'robotfindskitten', 'url': ' ', 'version': '::apt'}, {'action': 'install', 'id': '5475279', 'name': 'squirrel3', 'url': ' ', 'version': '::apt'}]&quot;, 'c8y_SoftwareUpdate': [{'name': 'asciijump', 'action': 'install', 'id': '5475369', 'version': '::apt', 'url': ' '}, {'name': 'robotfindskitten', 'action': 'install', 'id': '5474869', 'version': '::apt', 'url': ' '}, {'name': 'squirrel3', 'action': 'install', 'id': '5475279', 'version': '::apt', 'url': ' '}]}
14:14:38 INFO  State of operation 21402398 : PENDING
14:14:40 INFO  State of operation 21402398 : EXECUTING
14:14:42 INFO  State of operation 21402398 : EXECUTING
14:14:44 INFO  State of operation 21402398 : EXECUTING
14:14:47 INFO  State of operation 21402398 : EXECUTING
14:14:49 INFO  State of operation 21402398 : EXECUTING
14:14:52 INFO  State of operation 21402398 : EXECUTING
14:14:54 INFO  State of operation 21402398 : EXECUTING
14:14:57 INFO  State of operation 21402398 : EXECUTING
14:14:59 INFO  State of operation 21402398 : EXECUTING
14:15:01 INFO  State of operation 21402398 : EXECUTING
14:15:03 INFO  State of operation 21402398 : EXECUTING
14:15:06 INFO  State of operation 21402398 : EXECUTING
14:15:08 INFO  State of operation 21402398 : EXECUTING
14:15:10 INFO  State of operation 21402398 : EXECUTING
14:15:12 INFO  State of operation 21402398 : EXECUTING
14:15:15 INFO  State of operation 21402398 : EXECUTING
14:15:17 INFO  State of operation 21402398 : EXECUTING
14:15:20 INFO  State of operation 21402398 : EXECUTING
14:15:22 INFO  State of operation 21402398 : EXECUTING
14:15:24 INFO  State of operation 21402398 : EXECUTING
14:15:27 INFO  State of operation 21402398 : EXECUTING
14:15:29 INFO  State of operation 21402398 : EXECUTING
14:15:32 INFO  State of operation 21402398 : EXECUTING
14:15:34 INFO  State of operation 21402398 : EXECUTING
14:15:36 INFO  State of operation 21402398 : EXECUTING
14:15:38 INFO  State of operation 21402398 : EXECUTING
14:15:41 INFO  State of operation 21402398 : EXECUTING
14:15:43 INFO  State of operation 21402398 : EXECUTING
14:15:45 INFO  State of operation 21402398 : EXECUTING
14:15:47 INFO  State of operation 21402398 : EXECUTING
14:15:50 INFO  State of operation 21402398 : EXECUTING
14:15:52 INFO  State of operation 21402398 : EXECUTING
14:15:54 INFO  State of operation 21402398 : EXECUTING
14:15:56 INFO  State of operation 21402398 : SUCCESSFUL
14:15:56 INFO  Assert that (False == value) with value=False ... passed
14:15:57 INFO  Package asciijump is installed
14:15:57 INFO  Assert that (True == value) with value=True ... passed
14:15:57 INFO  Package squirrel3 is installed
14:15:57 INFO  Assert that (True == value) with value=True ... passed
14:15:57 INFO  Package robotfindskitten is installed
14:15:57 INFO  Assert that (True == value) with value=True ... passed
14:15:57 INFO  Response status: 201
14:15:57 INFO  Response to action: {
    &quot;creationTime&quot;: &quot;2022-07-25T14:15:57.859Z&quot;,
    &quot;deviceId&quot;: &quot;21388827&quot;,
    &quot;deviceName&quot;: &quot;m32sd10b&quot;,
    &quot;self&quot;: &quot;https://t493319102.eu-latest.cumulocity.com/devicecontrol/operations/21402406&quot;,
    &quot;id&quot;: &quot;21402406&quot;,
    &quot;status&quot;: &quot;PENDING&quot;,
    &quot;description&quot;: &quot;Apply software changes, triggered from PySys: [{'action': 'delete', 'id': '5475369', 'name': 'asciijump', 'url': ' ', 'version': '::apt'}, {'action': 'delete', 'id': '5474869', 'name': 'robotfindskitten', 'url': ' ', 'version': '::apt'}, {'action': 'delete', 'id': '5475279', 'name': 'squirrel3', 'url': ' ', 'version': '::apt'}]&quot;,
    &quot;c8y_SoftwareUpdate&quot;: [
        {
            &quot;name&quot;: &quot;asciijump&quot;,
            &quot;action&quot;: &quot;delete&quot;,
            &quot;id&quot;: &quot;5475369&quot;,
            &quot;version&quot;: &quot;::apt&quot;,
            &quot;url&quot;: &quot; &quot;
        },
        {
            &quot;name&quot;: &quot;robotfindskitten&quot;,
            &quot;action&quot;: &quot;delete&quot;,
            &quot;id&quot;: &quot;5474869&quot;,
            &quot;version&quot;: &quot;::apt&quot;,
            &quot;url&quot;: &quot; &quot;
        },
        {
            &quot;name&quot;: &quot;squirrel3&quot;,
            &quot;action&quot;: &quot;delete&quot;,
            &quot;id&quot;: &quot;5475279&quot;,
            &quot;version&quot;: &quot;::apt&quot;,
            &quot;url&quot;: &quot; &quot;
        }
    ]
}
14:15:57 INFO  Started operation: {'creationTime': '2022-07-25T14:15:57.859Z', 'deviceId': '21388827', 'deviceName': 'm32sd10b', 'self': 'https://t493319102.eu-latest.cumulocity.com/devicecontrol/operations/21402406', 'id': '21402406', 'status': 'PENDING', 'description': &quot;Apply software changes, triggered from PySys: [{'action': 'delete', 'id': '5475369', 'name': 'asciijump', 'url': ' ', 'version': '::apt'}, {'action': 'delete', 'id': '5474869', 'name': 'robotfindskitten', 'url': ' ', 'version': '::apt'}, {'action': 'delete', 'id': '5475279', 'name': 'squirrel3', 'url': ' ', 'version': '::apt'}]&quot;, 'c8y_SoftwareUpdate': [{'name': 'asciijump', 'action': 'delete', 'id': '5475369', 'version': '::apt', 'url': ' '}, {'name': 'robotfindskitten', 'action': 'delete', 'id': '5474869', 'version': '::apt', 'url': ' '}, {'name': 'squirrel3', 'action': 'delete', 'id': '5475279', 'version': '::apt', 'url': ' '}]}
14:16:00 INFO  State of operation 21402406 : PENDING
14:16:02 INFO  State of operation 21402406 : EXECUTING
14:16:04 INFO  State of operation 21402406 : EXECUTING
14:16:06 INFO  State of operation 21402406 : EXECUTING
14:16:09 INFO  State of operation 21402406 : EXECUTING
14:16:11 INFO  State of operation 21402406 : EXECUTING
14:16:14 INFO  State of operation 21402406 : EXECUTING
14:16:16 INFO  State of operation 21402406 : EXECUTING
14:16:19 INFO  State of operation 21402406 : EXECUTING
14:16:21 INFO  State of operation 21402406 : EXECUTING
14:16:23 INFO  State of operation 21402406 : EXECUTING
14:16:26 INFO  State of operation 21402406 : EXECUTING
14:16:28 INFO  State of operation 21402406 : EXECUTING
14:16:30 INFO  State of operation 21402406 : EXECUTING
14:16:32 INFO  State of operation 21402406 : EXECUTING
14:16:35 INFO  State of operation 21402406 : EXECUTING
14:16:37 INFO  State of operation 21402406 : EXECUTING
14:16:40 INFO  State of operation 21402406 : EXECUTING
14:16:42 INFO  State of operation 21402406 : EXECUTING
14:16:45 INFO  State of operation 21402406 : EXECUTING
14:16:47 INFO  State of operation 21402406 : EXECUTING
14:16:49 INFO  State of operation 21402406 : EXECUTING
14:16:51 INFO  State of operation 21402406 : EXECUTING
14:16:53 INFO  State of operation 21402406 : EXECUTING
14:16:56 INFO  State of operation 21402406 : EXECUTING
14:16:59 INFO  State of operation 21402406 : EXECUTING
14:17:01 INFO  State of operation 21402406 : EXECUTING
14:17:03 INFO  State of operation 21402406 : SUCCESSFUL
14:17:03 INFO  Assert that (False == value) with value=False ... passed
14:17:04 INFO  Assert that (False == value) with value=False ... passed
14:17:04 INFO  Assert that (False == value) with value=False ... passed
14:17:04 INFO  Assert that (False == value) with value=False ... passed
14:17:04 INFO  
14:17:04 INFO  cleanup:
14:17:08 INFO  Executed sudo&lt;tedge_disconnect_c8y&gt;, exit status 0
14:17:09 INFO  Executed systemctl&lt;serv_mapper5&gt;, exit status 3
14:17:09 INFO  
14:17:09 INFO  Test duration: 179.02 secs
14:17:09 INFO  Test final outcome:  FAILED
14:17:09 INFO  Test outcome reason: Assert that (False == value) with value=True
14:17:09 INFO  
</system-out>
	</testcase>
</testsuite>
