<?xml version="1.0" encoding="utf-8"?>
<testsuite failures="1" name="SoftwareManagement.sm_apt_install_remove_multiple" skipped="0" tests="1" time="179.11" timestamp="2022-07-21T13:53:47">
	<testcase classname="PySysTest" name="SoftwareManagement.sm_apt_install_remove_multiple">
		<failure message="FAILED: Assert that (False == value) with value=True" type="FAILED"/>
		<system-out>13:50:48 INFO  ==============================================================
13:50:48 INFO  Id:    SoftwareManagement.sm_apt_install_remove_multiple
13:50:48 INFO  Dir:   software_management_end_to_end/
13:50:48 INFO  Title: Validate end to end behaviour for the apt plugin for multiple packages
13:50:48 INFO  ==============================================================
13:50:48 INFO  Using sw id database: {'asciijump': '5475369', 'robotfindskitten': '5474869', 'squirrel3': '5475279', 'rolldice': '5152439', 'moon-buggy': '5439204', 'apple': '5495053', 'banana': '5494888', 'cherry': '5495382', 'watermelon': '5494510', 'registry': '8018911', 'hello-world': '8021526', 'docker/getting-started': '8021973', 'alpine': '7991792'}
13:50:48 INFO  EnvironmentC8y Setup
13:50:49 INFO  Executed systemctl&lt;serv_mapper1&gt;, exit status 3
13:50:49 INFO  Restarting mosquitto too frequently in the last 10 seconds. It was only up for 4 seconds
13:50:49 INFO  Delaying execution by 7 seconds
13:51:10 INFO  Executed sudo&lt;tedge_connect_c8y&gt;, exit status 0, duration 13 secs
13:51:10 INFO  Executed sudo&lt;tedge_connect_c8y_test&gt;, exit status 0
13:51:11 INFO  Executed systemctl&lt;serv_mosq2&gt;, exit status 0
13:51:11 INFO  Executed systemctl&lt;serv_mapper3&gt;, exit status 0
13:51:13 INFO  State of current operation: SUCCESSFUL
13:51:14 INFO  Assert that (False == value) with value=False ... passed
13:51:14 INFO  Assert that (False == value) with value=False ... passed
13:51:14 INFO  Assert that (False == value) with value=False ... passed
13:51:14 INFO  Package robotfindskitten is installed
13:51:14 WARN  Assert that (False == value) with value=True ... failed 
13:51:15 INFO  Response status: 201
13:51:15 INFO  Response to action: {
    &quot;creationTime&quot;: &quot;2022-07-21T13:51:15.084Z&quot;,
    &quot;deviceId&quot;: &quot;21116856&quot;,
    &quot;deviceName&quot;: &quot;m32sd10b&quot;,
    &quot;self&quot;: &quot;https://t493319102.eu-latest.cumulocity.com/devicecontrol/operations/21139765&quot;,
    &quot;id&quot;: &quot;21139765&quot;,
    &quot;status&quot;: &quot;PENDING&quot;,
    &quot;description&quot;: &quot;Apply software changes, triggered from PySys: [{'action': 'install', 'id': '5475369', 'name': 'asciijump', 'url': ' ', 'version': '::apt'}, {'action': 'install', 'id': '5474869', 'name': 'robotfindskitten', 'url': ' ', 'version': '::apt'}, {'action': 'install', 'id': '5475279', 'name': 'squirrel3', 'url': ' ', 'version': '::apt'}]&quot;,
    &quot;c8y_SoftwareUpdate&quot;: [
        {
            &quot;name&quot;: &quot;asciijump&quot;,
            &quot;action&quot;: &quot;install&quot;,
            &quot;id&quot;: &quot;5475369&quot;,
            &quot;version&quot;: &quot;::apt&quot;,
            &quot;url&quot;: &quot; &quot;
        },
        {
            &quot;name&quot;: &quot;robotfindskitten&quot;,
            &quot;action&quot;: &quot;install&quot;,
            &quot;id&quot;: &quot;5474869&quot;,
            &quot;version&quot;: &quot;::apt&quot;,
            &quot;url&quot;: &quot; &quot;
        },
        {
            &quot;name&quot;: &quot;squirrel3&quot;,
            &quot;action&quot;: &quot;install&quot;,
            &quot;id&quot;: &quot;5475279&quot;,
            &quot;version&quot;: &quot;::apt&quot;,
            &quot;url&quot;: &quot; &quot;
        }
    ]
}
13:51:15 INFO  Started operation: {'creationTime': '2022-07-21T13:51:15.084Z', 'deviceId': '21116856', 'deviceName': 'm32sd10b', 'self': 'https://t493319102.eu-latest.cumulocity.com/devicecontrol/operations/21139765', 'id': '21139765', 'status': 'PENDING', 'description': &quot;Apply software changes, triggered from PySys: [{'action': 'install', 'id': '5475369', 'name': 'asciijump', 'url': ' ', 'version': '::apt'}, {'action': 'install', 'id': '5474869', 'name': 'robotfindskitten', 'url': ' ', 'version': '::apt'}, {'action': 'install', 'id': '5475279', 'name': 'squirrel3', 'url': ' ', 'version': '::apt'}]&quot;, 'c8y_SoftwareUpdate': [{'name': 'asciijump', 'action': 'install', 'id': '5475369', 'version': '::apt', 'url': ' '}, {'name': 'robotfindskitten', 'action': 'install', 'id': '5474869', 'version': '::apt', 'url': ' '}, {'name': 'squirrel3', 'action': 'install', 'id': '5475279', 'version': '::apt', 'url': ' '}]}
13:51:17 INFO  State of operation 21139765 : PENDING
13:51:19 INFO  State of operation 21139765 : EXECUTING
13:51:21 INFO  State of operation 21139765 : EXECUTING
13:51:24 INFO  State of operation 21139765 : EXECUTING
13:51:26 INFO  State of operation 21139765 : EXECUTING
13:51:28 INFO  State of operation 21139765 : EXECUTING
13:51:31 INFO  State of operation 21139765 : EXECUTING
13:51:34 INFO  State of operation 21139765 : EXECUTING
13:51:36 INFO  State of operation 21139765 : EXECUTING
13:51:38 INFO  State of operation 21139765 : EXECUTING
13:51:40 INFO  State of operation 21139765 : EXECUTING
13:51:43 INFO  State of operation 21139765 : EXECUTING
13:51:45 INFO  State of operation 21139765 : EXECUTING
13:51:47 INFO  State of operation 21139765 : EXECUTING
13:51:49 INFO  State of operation 21139765 : EXECUTING
13:51:52 INFO  State of operation 21139765 : EXECUTING
13:51:54 INFO  State of operation 21139765 : EXECUTING
13:51:57 INFO  State of operation 21139765 : EXECUTING
13:51:59 INFO  State of operation 21139765 : EXECUTING
13:52:01 INFO  State of operation 21139765 : EXECUTING
13:52:03 INFO  State of operation 21139765 : EXECUTING
13:52:06 INFO  State of operation 21139765 : EXECUTING
13:52:08 INFO  State of operation 21139765 : EXECUTING
13:52:12 INFO  State of operation 21139765 : EXECUTING
13:52:14 INFO  State of operation 21139765 : EXECUTING
13:52:17 INFO  State of operation 21139765 : EXECUTING
13:52:19 INFO  State of operation 21139765 : EXECUTING
13:52:21 INFO  State of operation 21139765 : EXECUTING
13:52:24 INFO  State of operation 21139765 : EXECUTING
13:52:26 INFO  State of operation 21139765 : EXECUTING
13:52:28 INFO  State of operation 21139765 : EXECUTING
13:52:31 INFO  State of operation 21139765 : EXECUTING
13:52:33 INFO  State of operation 21139765 : EXECUTING
13:52:35 INFO  State of operation 21139765 : SUCCESSFUL
13:52:35 INFO  Assert that (False == value) with value=False ... passed
13:52:35 INFO  Package asciijump is installed
13:52:35 INFO  Assert that (True == value) with value=True ... passed
13:52:36 INFO  Package squirrel3 is installed
13:52:36 INFO  Assert that (True == value) with value=True ... passed
13:52:36 INFO  Package robotfindskitten is installed
13:52:36 INFO  Assert that (True == value) with value=True ... passed
13:52:36 INFO  Response status: 201
13:52:36 INFO  Response to action: {
    &quot;creationTime&quot;: &quot;2022-07-21T13:52:36.644Z&quot;,
    &quot;deviceId&quot;: &quot;21116856&quot;,
    &quot;deviceName&quot;: &quot;m32sd10b&quot;,
    &quot;self&quot;: &quot;https://t493319102.eu-latest.cumulocity.com/devicecontrol/operations/21139767&quot;,
    &quot;id&quot;: &quot;21139767&quot;,
    &quot;status&quot;: &quot;PENDING&quot;,
    &quot;description&quot;: &quot;Apply software changes, triggered from PySys: [{'action': 'delete', 'id': '5475369', 'name': 'asciijump', 'url': ' ', 'version': '::apt'}, {'action': 'delete', 'id': '5474869', 'name': 'robotfindskitten', 'url': ' ', 'version': '::apt'}, {'action': 'delete', 'id': '5475279', 'name': 'squirrel3', 'url': ' ', 'version': '::apt'}]&quot;,
    &quot;c8y_SoftwareUpdate&quot;: [
        {
            &quot;name&quot;: &quot;asciijump&quot;,
            &quot;action&quot;: &quot;delete&quot;,
            &quot;id&quot;: &quot;5475369&quot;,
            &quot;version&quot;: &quot;::apt&quot;,
            &quot;url&quot;: &quot; &quot;
        },
        {
            &quot;name&quot;: &quot;robotfindskitten&quot;,
            &quot;action&quot;: &quot;delete&quot;,
            &quot;id&quot;: &quot;5474869&quot;,
            &quot;version&quot;: &quot;::apt&quot;,
            &quot;url&quot;: &quot; &quot;
        },
        {
            &quot;name&quot;: &quot;squirrel3&quot;,
            &quot;action&quot;: &quot;delete&quot;,
            &quot;id&quot;: &quot;5475279&quot;,
            &quot;version&quot;: &quot;::apt&quot;,
            &quot;url&quot;: &quot; &quot;
        }
    ]
}
13:52:36 INFO  Started operation: {'creationTime': '2022-07-21T13:52:36.644Z', 'deviceId': '21116856', 'deviceName': 'm32sd10b', 'self': 'https://t493319102.eu-latest.cumulocity.com/devicecontrol/operations/21139767', 'id': '21139767', 'status': 'PENDING', 'description': &quot;Apply software changes, triggered from PySys: [{'action': 'delete', 'id': '5475369', 'name': 'asciijump', 'url': ' ', 'version': '::apt'}, {'action': 'delete', 'id': '5474869', 'name': 'robotfindskitten', 'url': ' ', 'version': '::apt'}, {'action': 'delete', 'id': '5475279', 'name': 'squirrel3', 'url': ' ', 'version': '::apt'}]&quot;, 'c8y_SoftwareUpdate': [{'name': 'asciijump', 'action': 'delete', 'id': '5475369', 'version': '::apt', 'url': ' '}, {'name': 'robotfindskitten', 'action': 'delete', 'id': '5474869', 'version': '::apt', 'url': ' '}, {'name': 'squirrel3', 'action': 'delete', 'id': '5475279', 'version': '::apt', 'url': ' '}]}
13:52:38 INFO  State of operation 21139767 : PENDING
13:52:41 INFO  State of operation 21139767 : EXECUTING
13:52:43 INFO  State of operation 21139767 : EXECUTING
13:52:45 INFO  State of operation 21139767 : EXECUTING
13:52:47 INFO  State of operation 21139767 : EXECUTING
13:52:50 INFO  State of operation 21139767 : EXECUTING
13:52:52 INFO  State of operation 21139767 : EXECUTING
13:52:55 INFO  State of operation 21139767 : EXECUTING
13:52:57 INFO  State of operation 21139767 : EXECUTING
13:53:00 INFO  State of operation 21139767 : EXECUTING
13:53:02 INFO  State of operation 21139767 : EXECUTING
13:53:04 INFO  State of operation 21139767 : EXECUTING
13:53:06 INFO  State of operation 21139767 : EXECUTING
13:53:09 INFO  State of operation 21139767 : EXECUTING
13:53:11 INFO  State of operation 21139767 : EXECUTING
13:53:13 INFO  State of operation 21139767 : EXECUTING
13:53:16 INFO  State of operation 21139767 : EXECUTING
13:53:18 INFO  State of operation 21139767 : EXECUTING
13:53:21 INFO  State of operation 21139767 : EXECUTING
13:53:23 INFO  State of operation 21139767 : EXECUTING
13:53:25 INFO  State of operation 21139767 : EXECUTING
13:53:27 INFO  State of operation 21139767 : EXECUTING
13:53:30 INFO  State of operation 21139767 : EXECUTING
13:53:32 INFO  State of operation 21139767 : EXECUTING
13:53:35 INFO  State of operation 21139767 : EXECUTING
13:53:37 INFO  State of operation 21139767 : EXECUTING
13:53:39 INFO  State of operation 21139767 : EXECUTING
13:53:41 INFO  State of operation 21139767 : SUCCESSFUL
13:53:42 INFO  Assert that (False == value) with value=False ... passed
13:53:42 INFO  Assert that (False == value) with value=False ... passed
13:53:42 INFO  Assert that (False == value) with value=False ... passed
13:53:42 INFO  Assert that (False == value) with value=False ... passed
13:53:42 INFO  
13:53:42 INFO  cleanup:
13:53:46 INFO  Executed sudo&lt;tedge_disconnect_c8y&gt;, exit status 0
13:53:47 INFO  Executed systemctl&lt;serv_mapper5&gt;, exit status 3
13:53:47 INFO  
13:53:47 INFO  Test duration: 179.11 secs
13:53:47 INFO  Test final outcome:  FAILED
13:53:47 INFO  Test outcome reason: Assert that (False == value) with value=True
13:53:47 INFO  
</system-out>
	</testcase>
</testsuite>
