<?xml version="1.0" encoding="utf-8"?>
<testsuite failures="1" name="SoftwareManagement.sm_apt_install_remove_multiple_mixed" skipped="0" tests="1" time="167.41" timestamp="2022-05-23T09:17:35">
	<testcase classname="PySysTest" name="SoftwareManagement.sm_apt_install_remove_multiple_mixed">
		<failure message="BLOCKED: SystemError: Timeout while waiting for status FAILED or SUCCESSFUL" type="BLOCKED"/>
		<system-out>09:14:48 INFO  ==============================================================
09:14:48 INFO  Id:    SoftwareManagement.sm_apt_install_remove_multiple_mixed
09:14:48 INFO  Dir:   software_management_end_to_end/
09:14:48 INFO  Title: Validate end to end behaviour for the apt plugin for multiple packages with mixed versions
09:14:48 INFO  ==============================================================
09:14:48 INFO  Using sw id database: {'asciijump': '5475369', 'robotfindskitten': '5474869', 'squirrel3': '5475279', 'rolldice': '5152439', 'moon-buggy': '5439204', 'apple': '5495053', 'banana': '5494888', 'cherry': '5495382', 'watermelon': '5494510', 'registry': '8018911', 'hello-world': '8021526', 'docker/getting-started': '8021973', 'alpine': '7991792'}
09:14:48 INFO  EnvironmentC8y Setup
09:14:48 INFO  Executed systemctl&lt;serv_mapper1&gt;, exit status 3
09:14:48 INFO  Restarting mosquitto too frequently in the last 10 seconds. It was only up for 5 seconds
09:14:48 INFO  Delaying execution by 6 seconds
09:15:09 INFO  Executed sudo&lt;tedge_connect_c8y&gt;, exit status 0, duration 14 secs
09:15:09 INFO  Executed sudo&lt;tedge_connect_c8y_test&gt;, exit status 0
09:15:10 INFO  Executed systemctl&lt;serv_mosq2&gt;, exit status 0
09:15:10 INFO  Executed systemctl&lt;serv_mapper3&gt;, exit status 0
09:15:12 INFO  State of current operation: PENDING
09:15:15 INFO  State of current operation: PENDING
09:15:17 INFO  State of current operation: PENDING
09:15:19 INFO  State of current operation: PENDING
09:15:21 INFO  State of current operation: PENDING
09:15:24 INFO  State of current operation: PENDING
09:15:26 INFO  State of current operation: PENDING
09:15:29 INFO  State of current operation: PENDING
09:15:31 INFO  State of current operation: PENDING
09:15:33 INFO  State of current operation: PENDING
09:15:35 INFO  State of current operation: PENDING
09:15:38 INFO  State of current operation: PENDING
09:15:40 INFO  State of current operation: PENDING
09:15:42 INFO  State of current operation: PENDING
09:15:44 INFO  State of current operation: PENDING
09:15:46 INFO  State of current operation: PENDING
09:15:49 INFO  State of current operation: PENDING
09:15:51 INFO  State of current operation: PENDING
09:15:53 INFO  State of current operation: PENDING
09:15:55 INFO  State of current operation: PENDING
09:15:58 INFO  State of current operation: PENDING
09:16:00 INFO  State of current operation: PENDING
09:16:02 INFO  State of current operation: PENDING
09:16:04 INFO  State of current operation: PENDING
09:16:07 INFO  State of current operation: PENDING
09:16:09 INFO  State of current operation: PENDING
09:16:11 INFO  State of current operation: PENDING
09:16:13 INFO  State of current operation: PENDING
09:16:16 INFO  State of current operation: PENDING
09:16:18 INFO  State of current operation: PENDING
09:16:20 INFO  State of current operation: PENDING
09:16:23 INFO  State of current operation: PENDING
09:16:25 INFO  State of current operation: PENDING
09:16:27 INFO  State of current operation: PENDING
09:16:29 INFO  State of current operation: PENDING
09:16:32 INFO  State of current operation: PENDING
09:16:34 INFO  State of current operation: PENDING
09:16:36 INFO  State of current operation: PENDING
09:16:38 INFO  State of current operation: PENDING
09:16:41 INFO  State of current operation: PENDING
09:16:43 INFO  State of current operation: PENDING
09:16:45 INFO  State of current operation: PENDING
09:16:47 INFO  State of current operation: PENDING
09:16:50 INFO  State of current operation: PENDING
09:16:52 INFO  State of current operation: PENDING
09:16:54 INFO  State of current operation: PENDING
09:16:57 INFO  State of current operation: PENDING
09:16:59 INFO  State of current operation: PENDING
09:17:01 INFO  State of current operation: PENDING
09:17:03 INFO  State of current operation: PENDING
09:17:06 INFO  State of current operation: PENDING
09:17:08 INFO  State of current operation: PENDING
09:17:10 INFO  State of current operation: PENDING
09:17:12 INFO  State of current operation: PENDING
09:17:15 INFO  State of current operation: PENDING
09:17:17 INFO  State of current operation: PENDING
09:17:19 INFO  State of current operation: PENDING
09:17:21 INFO  State of current operation: PENDING
09:17:24 INFO  State of current operation: PENDING
09:17:26 INFO  State of current operation: PENDING
09:17:28 INFO  State of current operation: PENDING
09:17:30 WARN  SystemError occurred while running test - Timeout while waiting for status FAILED or SUCCESSFUL
Traceback (most recent call last):
  File &quot;/home/pi/env-pysys/lib/python3.7/site-packages/pysys/baserunner.py&quot;, line 1292, in __call__
    self.testObj.setup()
  File &quot;/home/pi/actions-runner/_work/thin-edge.io/thin-edge.io/tests/PySys/software_management_end_to_end/sm_apt_install_remove_multiple_mixed/run.py&quot;, line 73, in setup
    super().setup()
  File &quot;/home/pi/actions-runner/_work/thin-edge.io/thin-edge.io/tests/PySys/software_management_end_to_end/environment_sm_management.py&quot;, line 151, in setup
    self.wait_until_end()
  File &quot;/home/pi/actions-runner/_work/thin-edge.io/thin-edge.io/tests/PySys/software_management_end_to_end/environment_sm_management.py&quot;, line 332, in wait_until_end
    self.wait_until_status(&quot;FAILED&quot;, &quot;SUCCESSFUL&quot;)
  File &quot;/home/pi/actions-runner/_work/thin-edge.io/thin-edge.io/tests/PySys/software_management_end_to_end/environment_sm_management.py&quot;, line 381, in wait_until_status
    &quot;Timeout while waiting for status %s or %s&quot; % (status, status2)
SystemError: Timeout while waiting for status FAILED or SUCCESSFUL
09:17:30 WARN  SystemError: Timeout while waiting for status FAILED or SUCCESSFUL ... blocked 
09:17:30 INFO  
09:17:30 INFO  cleanup:
09:17:34 INFO  Executed sudo&lt;tedge_disconnect_c8y&gt;, exit status 0
09:17:35 INFO  Executed systemctl&lt;serv_mapper5&gt;, exit status 3
09:17:35 INFO  
09:17:35 INFO  Test duration: 167.41 secs
09:17:35 INFO  Test final outcome:  BLOCKED
09:17:35 INFO  Test outcome reason: SystemError: Timeout while waiting for status FAILED or SUCCESSFUL
09:17:35 INFO  
</system-out>
	</testcase>
</testsuite>
