<?xml version="1.0" encoding="utf-8"?>
<testsuite failures="1" name="SoftwareManagement.sm_apt_install_remove_multiple" skipped="0" tests="1" time="179.25" timestamp="2022-06-29T17:40:39">
	<testcase classname="PySysTest" name="SoftwareManagement.sm_apt_install_remove_multiple">
		<failure message="FAILED: Assert that (False == value) with value=True" type="FAILED"/>
		<system-out>17:37:39 INFO  ==============================================================
17:37:39 INFO  Id:    SoftwareManagement.sm_apt_install_remove_multiple
17:37:39 INFO  Dir:   software_management_end_to_end/
17:37:39 INFO  Title: Validate end to end behaviour for the apt plugin for multiple packages
17:37:39 INFO  ==============================================================
17:37:40 INFO  Using sw id database: {'asciijump': '5475369', 'robotfindskitten': '5474869', 'squirrel3': '5475279', 'rolldice': '5152439', 'moon-buggy': '5439204', 'apple': '5495053', 'banana': '5494888', 'cherry': '5495382', 'watermelon': '5494510', 'registry': '8018911', 'hello-world': '8021526', 'docker/getting-started': '8021973', 'alpine': '7991792'}
17:37:40 INFO  EnvironmentC8y Setup
17:37:40 INFO  Executed systemctl&lt;serv_mapper1&gt;, exit status 3
17:37:40 INFO  Restarting mosquitto too frequently in the last 10 seconds. It was only up for 5 seconds
17:37:40 INFO  Delaying execution by 6 seconds
17:38:00 INFO  Executed sudo&lt;tedge_connect_c8y&gt;, exit status 0, duration 14 secs
17:38:01 INFO  Executed sudo&lt;tedge_connect_c8y_test&gt;, exit status 0
17:38:01 INFO  Executed systemctl&lt;serv_mosq2&gt;, exit status 0
17:38:02 INFO  Executed systemctl&lt;serv_mapper3&gt;, exit status 0
17:38:04 INFO  State of current operation: SUCCESSFUL
17:38:04 INFO  Assert that (False == value) with value=False ... passed
17:38:05 INFO  Assert that (False == value) with value=False ... passed
17:38:05 INFO  Assert that (False == value) with value=False ... passed
17:38:05 INFO  Package robotfindskitten is installed
17:38:05 WARN  Assert that (False == value) with value=True ... failed 
17:38:05 INFO  Response status: 201
17:38:05 INFO  Response to action: {
    &quot;creationTime&quot;: &quot;2022-06-29T17:38:05.835Z&quot;,
    &quot;deviceId&quot;: &quot;20610791&quot;,
    &quot;deviceName&quot;: &quot;m32sd10b&quot;,
    &quot;self&quot;: &quot;https://t493319102.eu-latest.cumulocity.com/devicecontrol/operations/20626544&quot;,
    &quot;id&quot;: &quot;20626544&quot;,
    &quot;status&quot;: &quot;PENDING&quot;,
    &quot;description&quot;: &quot;Apply software changes, triggered from PySys: [{'action': 'install', 'id': '5475369', 'name': 'asciijump', 'url': ' ', 'version': '::apt'}, {'action': 'install', 'id': '5474869', 'name': 'robotfindskitten', 'url': ' ', 'version': '::apt'}, {'action': 'install', 'id': '5475279', 'name': 'squirrel3', 'url': ' ', 'version': '::apt'}]&quot;,
    &quot;c8y_SoftwareUpdate&quot;: [
        {
            &quot;name&quot;: &quot;asciijump&quot;,
            &quot;action&quot;: &quot;install&quot;,
            &quot;id&quot;: &quot;5475369&quot;,
            &quot;version&quot;: &quot;::apt&quot;,
            &quot;url&quot;: &quot; &quot;
        },
        {
            &quot;name&quot;: &quot;robotfindskitten&quot;,
            &quot;action&quot;: &quot;install&quot;,
            &quot;id&quot;: &quot;5474869&quot;,
            &quot;version&quot;: &quot;::apt&quot;,
            &quot;url&quot;: &quot; &quot;
        },
        {
            &quot;name&quot;: &quot;squirrel3&quot;,
            &quot;action&quot;: &quot;install&quot;,
            &quot;id&quot;: &quot;5475279&quot;,
            &quot;version&quot;: &quot;::apt&quot;,
            &quot;url&quot;: &quot; &quot;
        }
    ]
}
17:38:05 INFO  Started operation: {'creationTime': '2022-06-29T17:38:05.835Z', 'deviceId': '20610791', 'deviceName': 'm32sd10b', 'self': 'https://t493319102.eu-latest.cumulocity.com/devicecontrol/operations/20626544', 'id': '20626544', 'status': 'PENDING', 'description': &quot;Apply software changes, triggered from PySys: [{'action': 'install', 'id': '5475369', 'name': 'asciijump', 'url': ' ', 'version': '::apt'}, {'action': 'install', 'id': '5474869', 'name': 'robotfindskitten', 'url': ' ', 'version': '::apt'}, {'action': 'install', 'id': '5475279', 'name': 'squirrel3', 'url': ' ', 'version': '::apt'}]&quot;, 'c8y_SoftwareUpdate': [{'name': 'asciijump', 'action': 'install', 'id': '5475369', 'version': '::apt', 'url': ' '}, {'name': 'robotfindskitten', 'action': 'install', 'id': '5474869', 'version': '::apt', 'url': ' '}, {'name': 'squirrel3', 'action': 'install', 'id': '5475279', 'version': '::apt', 'url': ' '}]}
17:38:08 INFO  State of operation 20626544 : PENDING
17:38:10 INFO  State of operation 20626544 : EXECUTING
17:38:12 INFO  State of operation 20626544 : EXECUTING
17:38:14 INFO  State of operation 20626544 : EXECUTING
17:38:17 INFO  State of operation 20626544 : EXECUTING
17:38:19 INFO  State of operation 20626544 : EXECUTING
17:38:22 INFO  State of operation 20626544 : EXECUTING
17:38:25 INFO  State of operation 20626544 : EXECUTING
17:38:27 INFO  State of operation 20626544 : EXECUTING
17:38:29 INFO  State of operation 20626544 : EXECUTING
17:38:31 INFO  State of operation 20626544 : EXECUTING
17:38:34 INFO  State of operation 20626544 : EXECUTING
17:38:36 INFO  State of operation 20626544 : EXECUTING
17:38:38 INFO  State of operation 20626544 : EXECUTING
17:38:40 INFO  State of operation 20626544 : EXECUTING
17:38:43 INFO  State of operation 20626544 : EXECUTING
17:38:45 INFO  State of operation 20626544 : EXECUTING
17:38:48 INFO  State of operation 20626544 : EXECUTING
17:38:50 INFO  State of operation 20626544 : EXECUTING
17:38:52 INFO  State of operation 20626544 : EXECUTING
17:38:54 INFO  State of operation 20626544 : EXECUTING
17:38:57 INFO  State of operation 20626544 : EXECUTING
17:38:59 INFO  State of operation 20626544 : EXECUTING
17:39:02 INFO  State of operation 20626544 : EXECUTING
17:39:04 INFO  State of operation 20626544 : EXECUTING
17:39:06 INFO  State of operation 20626544 : EXECUTING
17:39:09 INFO  State of operation 20626544 : EXECUTING
17:39:11 INFO  State of operation 20626544 : EXECUTING
17:39:13 INFO  State of operation 20626544 : EXECUTING
17:39:15 INFO  State of operation 20626544 : EXECUTING
17:39:18 INFO  State of operation 20626544 : EXECUTING
17:39:20 INFO  State of operation 20626544 : EXECUTING
17:39:22 INFO  State of operation 20626544 : EXECUTING
17:39:24 INFO  State of operation 20626544 : EXECUTING
17:39:27 INFO  State of operation 20626544 : SUCCESSFUL
17:39:27 INFO  Assert that (False == value) with value=False ... passed
17:39:27 INFO  Package asciijump is installed
17:39:27 INFO  Assert that (True == value) with value=True ... passed
17:39:27 INFO  Package squirrel3 is installed
17:39:27 INFO  Assert that (True == value) with value=True ... passed
17:39:28 INFO  Package robotfindskitten is installed
17:39:28 INFO  Assert that (True == value) with value=True ... passed
17:39:28 INFO  Response status: 201
17:39:28 INFO  Response to action: {
    &quot;creationTime&quot;: &quot;2022-06-29T17:39:28.333Z&quot;,
    &quot;deviceId&quot;: &quot;20610791&quot;,
    &quot;deviceName&quot;: &quot;m32sd10b&quot;,
    &quot;self&quot;: &quot;https://t493319102.eu-latest.cumulocity.com/devicecontrol/operations/20626552&quot;,
    &quot;id&quot;: &quot;20626552&quot;,
    &quot;status&quot;: &quot;PENDING&quot;,
    &quot;description&quot;: &quot;Apply software changes, triggered from PySys: [{'action': 'delete', 'id': '5475369', 'name': 'asciijump', 'url': ' ', 'version': '::apt'}, {'action': 'delete', 'id': '5474869', 'name': 'robotfindskitten', 'url': ' ', 'version': '::apt'}, {'action': 'delete', 'id': '5475279', 'name': 'squirrel3', 'url': ' ', 'version': '::apt'}]&quot;,
    &quot;c8y_SoftwareUpdate&quot;: [
        {
            &quot;name&quot;: &quot;asciijump&quot;,
            &quot;action&quot;: &quot;delete&quot;,
            &quot;id&quot;: &quot;5475369&quot;,
            &quot;version&quot;: &quot;::apt&quot;,
            &quot;url&quot;: &quot; &quot;
        },
        {
            &quot;name&quot;: &quot;robotfindskitten&quot;,
            &quot;action&quot;: &quot;delete&quot;,
            &quot;id&quot;: &quot;5474869&quot;,
            &quot;version&quot;: &quot;::apt&quot;,
            &quot;url&quot;: &quot; &quot;
        },
        {
            &quot;name&quot;: &quot;squirrel3&quot;,
            &quot;action&quot;: &quot;delete&quot;,
            &quot;id&quot;: &quot;5475279&quot;,
            &quot;version&quot;: &quot;::apt&quot;,
            &quot;url&quot;: &quot; &quot;
        }
    ]
}
17:39:28 INFO  Started operation: {'creationTime': '2022-06-29T17:39:28.333Z', 'deviceId': '20610791', 'deviceName': 'm32sd10b', 'self': 'https://t493319102.eu-latest.cumulocity.com/devicecontrol/operations/20626552', 'id': '20626552', 'status': 'PENDING', 'description': &quot;Apply software changes, triggered from PySys: [{'action': 'delete', 'id': '5475369', 'name': 'asciijump', 'url': ' ', 'version': '::apt'}, {'action': 'delete', 'id': '5474869', 'name': 'robotfindskitten', 'url': ' ', 'version': '::apt'}, {'action': 'delete', 'id': '5475279', 'name': 'squirrel3', 'url': ' ', 'version': '::apt'}]&quot;, 'c8y_SoftwareUpdate': [{'name': 'asciijump', 'action': 'delete', 'id': '5475369', 'version': '::apt', 'url': ' '}, {'name': 'robotfindskitten', 'action': 'delete', 'id': '5474869', 'version': '::apt', 'url': ' '}, {'name': 'squirrel3', 'action': 'delete', 'id': '5475279', 'version': '::apt', 'url': ' '}]}
17:39:30 INFO  State of operation 20626552 : PENDING
17:39:32 INFO  State of operation 20626552 : EXECUTING
17:39:35 INFO  State of operation 20626552 : EXECUTING
17:39:37 INFO  State of operation 20626552 : EXECUTING
17:39:39 INFO  State of operation 20626552 : EXECUTING
17:39:41 INFO  State of operation 20626552 : EXECUTING
17:39:44 INFO  State of operation 20626552 : EXECUTING
17:39:47 INFO  State of operation 20626552 : EXECUTING
17:39:49 INFO  State of operation 20626552 : EXECUTING
17:39:51 INFO  State of operation 20626552 : EXECUTING
17:39:54 INFO  State of operation 20626552 : EXECUTING
17:39:56 INFO  State of operation 20626552 : EXECUTING
17:39:58 INFO  State of operation 20626552 : EXECUTING
17:40:00 INFO  State of operation 20626552 : EXECUTING
17:40:03 INFO  State of operation 20626552 : EXECUTING
17:40:05 INFO  State of operation 20626552 : EXECUTING
17:40:07 INFO  State of operation 20626552 : EXECUTING
17:40:10 INFO  State of operation 20626552 : EXECUTING
17:40:12 INFO  State of operation 20626552 : EXECUTING
17:40:15 INFO  State of operation 20626552 : EXECUTING
17:40:17 INFO  State of operation 20626552 : EXECUTING
17:40:19 INFO  State of operation 20626552 : EXECUTING
17:40:21 INFO  State of operation 20626552 : EXECUTING
17:40:24 INFO  State of operation 20626552 : EXECUTING
17:40:26 INFO  State of operation 20626552 : EXECUTING
17:40:29 INFO  State of operation 20626552 : EXECUTING
17:40:31 INFO  State of operation 20626552 : EXECUTING
17:40:33 INFO  State of operation 20626552 : SUCCESSFUL
17:40:33 INFO  Assert that (False == value) with value=False ... passed
17:40:34 INFO  Assert that (False == value) with value=False ... passed
17:40:34 INFO  Assert that (False == value) with value=False ... passed
17:40:34 INFO  Assert that (False == value) with value=False ... passed
17:40:34 INFO  
17:40:34 INFO  cleanup:
17:40:38 INFO  Executed sudo&lt;tedge_disconnect_c8y&gt;, exit status 0
17:40:39 INFO  Executed systemctl&lt;serv_mapper5&gt;, exit status 3
17:40:39 INFO  
17:40:39 INFO  Test duration: 179.25 secs
17:40:39 INFO  Test final outcome:  FAILED
17:40:39 INFO  Test outcome reason: Assert that (False == value) with value=True
17:40:39 INFO  
</system-out>
	</testcase>
</testsuite>
