<?xml version="1.0" encoding="utf-8"?>
<testsuite failures="1" name="SoftwareManagement.sm_apt_install_remove_multiple" skipped="0" tests="1" time="178.33" timestamp="2022-07-21T15:24:09">
	<testcase classname="PySysTest" name="SoftwareManagement.sm_apt_install_remove_multiple">
		<failure message="FAILED: Assert that (False == value) with value=True" type="FAILED"/>
		<system-out>15:21:10 INFO  ==============================================================
15:21:10 INFO  Id:    SoftwareManagement.sm_apt_install_remove_multiple
15:21:10 INFO  Dir:   software_management_end_to_end/
15:21:10 INFO  Title: Validate end to end behaviour for the apt plugin for multiple packages
15:21:10 INFO  ==============================================================
15:21:10 INFO  Using sw id database: {'asciijump': '5475369', 'robotfindskitten': '5474869', 'squirrel3': '5475279', 'rolldice': '5152439', 'moon-buggy': '5439204', 'apple': '5495053', 'banana': '5494888', 'cherry': '5495382', 'watermelon': '5494510', 'registry': '8018911', 'hello-world': '8021526', 'docker/getting-started': '8021973', 'alpine': '7991792'}
15:21:10 INFO  EnvironmentC8y Setup
15:21:11 INFO  Executed systemctl&lt;serv_mapper1&gt;, exit status 3
15:21:11 INFO  Restarting mosquitto too frequently in the last 10 seconds. It was only up for 5 seconds
15:21:11 INFO  Delaying execution by 6 seconds
15:21:31 INFO  Executed sudo&lt;tedge_connect_c8y&gt;, exit status 0, duration 13 secs
15:21:32 INFO  Executed sudo&lt;tedge_connect_c8y_test&gt;, exit status 0
15:21:32 INFO  Executed systemctl&lt;serv_mosq2&gt;, exit status 0
15:21:33 INFO  Executed systemctl&lt;serv_mapper3&gt;, exit status 0
15:21:35 INFO  State of current operation: SUCCESSFUL
15:21:35 INFO  Assert that (False == value) with value=False ... passed
15:21:35 INFO  Assert that (False == value) with value=False ... passed
15:21:36 INFO  Assert that (False == value) with value=False ... passed
15:21:36 INFO  Package robotfindskitten is installed
15:21:36 WARN  Assert that (False == value) with value=True ... failed 
15:21:36 INFO  Response status: 201
15:21:36 INFO  Response to action: {
    &quot;creationTime&quot;: &quot;2022-07-21T15:21:36.620Z&quot;,
    &quot;deviceId&quot;: &quot;21116856&quot;,
    &quot;deviceName&quot;: &quot;m32sd10b&quot;,
    &quot;self&quot;: &quot;https://t493319102.eu-latest.cumulocity.com/devicecontrol/operations/21144817&quot;,
    &quot;id&quot;: &quot;21144817&quot;,
    &quot;status&quot;: &quot;PENDING&quot;,
    &quot;description&quot;: &quot;Apply software changes, triggered from PySys: [{'action': 'install', 'id': '5475369', 'name': 'asciijump', 'url': ' ', 'version': '::apt'}, {'action': 'install', 'id': '5474869', 'name': 'robotfindskitten', 'url': ' ', 'version': '::apt'}, {'action': 'install', 'id': '5475279', 'name': 'squirrel3', 'url': ' ', 'version': '::apt'}]&quot;,
    &quot;c8y_SoftwareUpdate&quot;: [
        {
            &quot;name&quot;: &quot;asciijump&quot;,
            &quot;action&quot;: &quot;install&quot;,
            &quot;id&quot;: &quot;5475369&quot;,
            &quot;version&quot;: &quot;::apt&quot;,
            &quot;url&quot;: &quot; &quot;
        },
        {
            &quot;name&quot;: &quot;robotfindskitten&quot;,
            &quot;action&quot;: &quot;install&quot;,
            &quot;id&quot;: &quot;5474869&quot;,
            &quot;version&quot;: &quot;::apt&quot;,
            &quot;url&quot;: &quot; &quot;
        },
        {
            &quot;name&quot;: &quot;squirrel3&quot;,
            &quot;action&quot;: &quot;install&quot;,
            &quot;id&quot;: &quot;5475279&quot;,
            &quot;version&quot;: &quot;::apt&quot;,
            &quot;url&quot;: &quot; &quot;
        }
    ]
}
15:21:36 INFO  Started operation: {'creationTime': '2022-07-21T15:21:36.620Z', 'deviceId': '21116856', 'deviceName': 'm32sd10b', 'self': 'https://t493319102.eu-latest.cumulocity.com/devicecontrol/operations/21144817', 'id': '21144817', 'status': 'PENDING', 'description': &quot;Apply software changes, triggered from PySys: [{'action': 'install', 'id': '5475369', 'name': 'asciijump', 'url': ' ', 'version': '::apt'}, {'action': 'install', 'id': '5474869', 'name': 'robotfindskitten', 'url': ' ', 'version': '::apt'}, {'action': 'install', 'id': '5475279', 'name': 'squirrel3', 'url': ' ', 'version': '::apt'}]&quot;, 'c8y_SoftwareUpdate': [{'name': 'asciijump', 'action': 'install', 'id': '5475369', 'version': '::apt', 'url': ' '}, {'name': 'robotfindskitten', 'action': 'install', 'id': '5474869', 'version': '::apt', 'url': ' '}, {'name': 'squirrel3', 'action': 'install', 'id': '5475279', 'version': '::apt', 'url': ' '}]}
15:21:38 INFO  State of operation 21144817 : PENDING
15:21:41 INFO  State of operation 21144817 : EXECUTING
15:21:43 INFO  State of operation 21144817 : EXECUTING
15:21:45 INFO  State of operation 21144817 : EXECUTING
15:21:47 INFO  State of operation 21144817 : EXECUTING
15:21:50 INFO  State of operation 21144817 : EXECUTING
15:21:52 INFO  State of operation 21144817 : EXECUTING
15:21:55 INFO  State of operation 21144817 : EXECUTING
15:21:57 INFO  State of operation 21144817 : EXECUTING
15:22:00 INFO  State of operation 21144817 : EXECUTING
15:22:02 INFO  State of operation 21144817 : EXECUTING
15:22:04 INFO  State of operation 21144817 : EXECUTING
15:22:06 INFO  State of operation 21144817 : EXECUTING
15:22:09 INFO  State of operation 21144817 : EXECUTING
15:22:11 INFO  State of operation 21144817 : EXECUTING
15:22:13 INFO  State of operation 21144817 : EXECUTING
15:22:16 INFO  State of operation 21144817 : EXECUTING
15:22:18 INFO  State of operation 21144817 : EXECUTING
15:22:21 INFO  State of operation 21144817 : EXECUTING
15:22:23 INFO  State of operation 21144817 : EXECUTING
15:22:25 INFO  State of operation 21144817 : EXECUTING
15:22:28 INFO  State of operation 21144817 : EXECUTING
15:22:30 INFO  State of operation 21144817 : EXECUTING
15:22:33 INFO  State of operation 21144817 : EXECUTING
15:22:36 INFO  State of operation 21144817 : EXECUTING
15:22:38 INFO  State of operation 21144817 : EXECUTING
15:22:41 INFO  State of operation 21144817 : EXECUTING
15:22:43 INFO  State of operation 21144817 : EXECUTING
15:22:45 INFO  State of operation 21144817 : EXECUTING
15:22:48 INFO  State of operation 21144817 : EXECUTING
15:22:50 INFO  State of operation 21144817 : EXECUTING
15:22:52 INFO  State of operation 21144817 : EXECUTING
15:22:55 INFO  State of operation 21144817 : EXECUTING
15:22:57 INFO  State of operation 21144817 : SUCCESSFUL
15:22:57 INFO  Assert that (False == value) with value=False ... passed
15:22:57 INFO  Package asciijump is installed
15:22:57 INFO  Assert that (True == value) with value=True ... passed
15:22:57 INFO  Package squirrel3 is installed
15:22:57 INFO  Assert that (True == value) with value=True ... passed
15:22:58 INFO  Package robotfindskitten is installed
15:22:58 INFO  Assert that (True == value) with value=True ... passed
15:22:58 INFO  Response status: 201
15:22:58 INFO  Response to action: {
    &quot;creationTime&quot;: &quot;2022-07-21T15:22:58.354Z&quot;,
    &quot;deviceId&quot;: &quot;21116856&quot;,
    &quot;deviceName&quot;: &quot;m32sd10b&quot;,
    &quot;self&quot;: &quot;https://t493319102.eu-latest.cumulocity.com/devicecontrol/operations/21144819&quot;,
    &quot;id&quot;: &quot;21144819&quot;,
    &quot;status&quot;: &quot;PENDING&quot;,
    &quot;description&quot;: &quot;Apply software changes, triggered from PySys: [{'action': 'delete', 'id': '5475369', 'name': 'asciijump', 'url': ' ', 'version': '::apt'}, {'action': 'delete', 'id': '5474869', 'name': 'robotfindskitten', 'url': ' ', 'version': '::apt'}, {'action': 'delete', 'id': '5475279', 'name': 'squirrel3', 'url': ' ', 'version': '::apt'}]&quot;,
    &quot;c8y_SoftwareUpdate&quot;: [
        {
            &quot;name&quot;: &quot;asciijump&quot;,
            &quot;action&quot;: &quot;delete&quot;,
            &quot;id&quot;: &quot;5475369&quot;,
            &quot;version&quot;: &quot;::apt&quot;,
            &quot;url&quot;: &quot; &quot;
        },
        {
            &quot;name&quot;: &quot;robotfindskitten&quot;,
            &quot;action&quot;: &quot;delete&quot;,
            &quot;id&quot;: &quot;5474869&quot;,
            &quot;version&quot;: &quot;::apt&quot;,
            &quot;url&quot;: &quot; &quot;
        },
        {
            &quot;name&quot;: &quot;squirrel3&quot;,
            &quot;action&quot;: &quot;delete&quot;,
            &quot;id&quot;: &quot;5475279&quot;,
            &quot;version&quot;: &quot;::apt&quot;,
            &quot;url&quot;: &quot; &quot;
        }
    ]
}
15:22:58 INFO  Started operation: {'creationTime': '2022-07-21T15:22:58.354Z', 'deviceId': '21116856', 'deviceName': 'm32sd10b', 'self': 'https://t493319102.eu-latest.cumulocity.com/devicecontrol/operations/21144819', 'id': '21144819', 'status': 'PENDING', 'description': &quot;Apply software changes, triggered from PySys: [{'action': 'delete', 'id': '5475369', 'name': 'asciijump', 'url': ' ', 'version': '::apt'}, {'action': 'delete', 'id': '5474869', 'name': 'robotfindskitten', 'url': ' ', 'version': '::apt'}, {'action': 'delete', 'id': '5475279', 'name': 'squirrel3', 'url': ' ', 'version': '::apt'}]&quot;, 'c8y_SoftwareUpdate': [{'name': 'asciijump', 'action': 'delete', 'id': '5475369', 'version': '::apt', 'url': ' '}, {'name': 'robotfindskitten', 'action': 'delete', 'id': '5474869', 'version': '::apt', 'url': ' '}, {'name': 'squirrel3', 'action': 'delete', 'id': '5475279', 'version': '::apt', 'url': ' '}]}
15:23:00 INFO  State of operation 21144819 : PENDING
15:23:02 INFO  State of operation 21144819 : EXECUTING
15:23:05 INFO  State of operation 21144819 : EXECUTING
15:23:07 INFO  State of operation 21144819 : EXECUTING
15:23:09 INFO  State of operation 21144819 : EXECUTING
15:23:11 INFO  State of operation 21144819 : EXECUTING
15:23:14 INFO  State of operation 21144819 : EXECUTING
15:23:17 INFO  State of operation 21144819 : EXECUTING
15:23:19 INFO  State of operation 21144819 : EXECUTING
15:23:22 INFO  State of operation 21144819 : EXECUTING
15:23:24 INFO  State of operation 21144819 : EXECUTING
15:23:26 INFO  State of operation 21144819 : EXECUTING
15:23:28 INFO  State of operation 21144819 : EXECUTING
15:23:30 INFO  State of operation 21144819 : EXECUTING
15:23:33 INFO  State of operation 21144819 : EXECUTING
15:23:35 INFO  State of operation 21144819 : EXECUTING
15:23:37 INFO  State of operation 21144819 : EXECUTING
15:23:40 INFO  State of operation 21144819 : EXECUTING
15:23:42 INFO  State of operation 21144819 : EXECUTING
15:23:45 INFO  State of operation 21144819 : EXECUTING
15:23:47 INFO  State of operation 21144819 : EXECUTING
15:23:49 INFO  State of operation 21144819 : EXECUTING
15:23:51 INFO  State of operation 21144819 : EXECUTING
15:23:54 INFO  State of operation 21144819 : EXECUTING
15:23:56 INFO  State of operation 21144819 : EXECUTING
15:23:59 INFO  State of operation 21144819 : EXECUTING
15:24:01 INFO  State of operation 21144819 : EXECUTING
15:24:03 INFO  State of operation 21144819 : SUCCESSFUL
15:24:04 INFO  Assert that (False == value) with value=False ... passed
15:24:04 INFO  Assert that (False == value) with value=False ... passed
15:24:04 INFO  Assert that (False == value) with value=False ... passed
15:24:04 INFO  Assert that (False == value) with value=False ... passed
15:24:04 INFO  
15:24:04 INFO  cleanup:
15:24:08 INFO  Executed sudo&lt;tedge_disconnect_c8y&gt;, exit status 0
15:24:09 INFO  Executed systemctl&lt;serv_mapper5&gt;, exit status 3
15:24:09 INFO  
15:24:09 INFO  Test duration: 178.33 secs
15:24:09 INFO  Test final outcome:  FAILED
15:24:09 INFO  Test outcome reason: Assert that (False == value) with value=True
15:24:09 INFO  
</system-out>
	</testcase>
</testsuite>
