<?xml version="1.0" encoding="utf-8"?>
<testsuite failures="1" name="SoftwareManagement.sm_apt_install_remove_multiple_mixed" skipped="0" tests="1" time="184.02" timestamp="2022-07-21T20:43:01">
	<testcase classname="PySysTest" name="SoftwareManagement.sm_apt_install_remove_multiple_mixed">
		<failure message="BLOCKED: SystemError: Timeout while waiting for status SUCCESSFUL or False" type="BLOCKED"/>
		<system-out>20:39:57 INFO  ==============================================================
20:39:57 INFO  Id:    SoftwareManagement.sm_apt_install_remove_multiple_mixed
20:39:57 INFO  Dir:   software_management_end_to_end/
20:39:57 INFO  Title: Validate end to end behaviour for the apt plugin for multiple packages with mixed versions
20:39:57 INFO  ==============================================================
20:39:57 INFO  Using sw id database: {'asciijump': '5475369', 'robotfindskitten': '5474869', 'squirrel3': '5475279', 'rolldice': '5152439', 'moon-buggy': '5439204', 'apple': '5495053', 'banana': '5494888', 'cherry': '5495382', 'watermelon': '5494510', 'registry': '8018911', 'hello-world': '8021526', 'docker/getting-started': '8021973', 'alpine': '7991792'}
20:39:57 INFO  EnvironmentC8y Setup
20:39:58 INFO  Executed systemctl&lt;serv_mapper1&gt;, exit status 3
20:39:58 INFO  Restarting mosquitto too frequently in the last 10 seconds. It was only up for 4 seconds
20:39:58 INFO  Delaying execution by 7 seconds
20:40:19 INFO  Executed sudo&lt;tedge_connect_c8y&gt;, exit status 0, duration 14 secs
20:40:20 INFO  Executed sudo&lt;tedge_connect_c8y_test&gt;, exit status 0
20:40:20 INFO  Executed systemctl&lt;serv_mosq2&gt;, exit status 0
20:40:21 INFO  Executed systemctl&lt;serv_mapper3&gt;, exit status 0
20:40:23 INFO  State of current operation: SUCCESSFUL
20:40:23 INFO  Assert that (False == value) with value=False ... passed
20:40:23 INFO  Assert that (False == value) with value=False ... passed
20:40:24 INFO  Assert that (False == value) with value=False ... passed
20:40:24 INFO  Assert that (False == value) with value=False ... passed
20:40:24 INFO  Assert that (False == value) with value=False ... passed
20:40:25 INFO  Response status: 201
20:40:25 INFO  Response to action: {
    &quot;creationTime&quot;: &quot;2022-07-21T20:40:25.757Z&quot;,
    &quot;deviceId&quot;: &quot;21166557&quot;,
    &quot;deviceName&quot;: &quot;m32sd10b&quot;,
    &quot;self&quot;: &quot;https://t493319102.eu-latest.cumulocity.com/devicecontrol/operations/21187778&quot;,
    &quot;id&quot;: &quot;21187778&quot;,
    &quot;status&quot;: &quot;PENDING&quot;,
    &quot;description&quot;: &quot;Apply software changes, triggered from PySys: [{'action': 'install', 'id': '5475369', 'name': 'asciijump', 'url': ' ', 'version': '::apt'}, {'action': 'install', 'id': '5474869', 'name': 'robotfindskitten', 'url': ' ', 'version': ' '}, {'action': 'install', 'id': '5475279', 'name': 'squirrel3', 'url': ' ', 'version': '3.1-7::apt'}, {'action': 'install', 'id': '5152439', 'name': 'rolldice', 'url': ' ', 'version': '1.16-1+b1'}, {'action': 'install', 'id': '5439204', 'name': 'moon-buggy', 'url': ' ', 'version': '1:1.0.51-12'}, {'action': 'install', 'id': '5475369', 'name': 'asciijump', 'url': ' ', 'version': '::apt'}]&quot;,
    &quot;c8y_SoftwareUpdate&quot;: [
        {
            &quot;name&quot;: &quot;asciijump&quot;,
            &quot;action&quot;: &quot;install&quot;,
            &quot;id&quot;: &quot;5475369&quot;,
            &quot;version&quot;: &quot;::apt&quot;,
            &quot;url&quot;: &quot; &quot;
        },
        {
            &quot;name&quot;: &quot;robotfindskitten&quot;,
            &quot;action&quot;: &quot;install&quot;,
            &quot;id&quot;: &quot;5474869&quot;,
            &quot;version&quot;: &quot; &quot;,
            &quot;url&quot;: &quot; &quot;
        },
        {
            &quot;name&quot;: &quot;squirrel3&quot;,
            &quot;action&quot;: &quot;install&quot;,
            &quot;id&quot;: &quot;5475279&quot;,
            &quot;version&quot;: &quot;3.1-7::apt&quot;,
            &quot;url&quot;: &quot; &quot;
        },
        {
            &quot;name&quot;: &quot;rolldice&quot;,
            &quot;action&quot;: &quot;install&quot;,
            &quot;id&quot;: &quot;5152439&quot;,
            &quot;version&quot;: &quot;1.16-1+b1&quot;,
            &quot;url&quot;: &quot; &quot;
        },
        {
            &quot;name&quot;: &quot;moon-buggy&quot;,
            &quot;action&quot;: &quot;install&quot;,
            &quot;id&quot;: &quot;5439204&quot;,
            &quot;version&quot;: &quot;1:1.0.51-12&quot;,
            &quot;url&quot;: &quot; &quot;
        },
        {
            &quot;name&quot;: &quot;asciijump&quot;,
            &quot;action&quot;: &quot;install&quot;,
            &quot;id&quot;: &quot;5475369&quot;,
            &quot;version&quot;: &quot;::apt&quot;,
            &quot;url&quot;: &quot; &quot;
        }
    ]
}
20:40:25 INFO  Started operation: {'creationTime': '2022-07-21T20:40:25.757Z', 'deviceId': '21166557', 'deviceName': 'm32sd10b', 'self': 'https://t493319102.eu-latest.cumulocity.com/devicecontrol/operations/21187778', 'id': '21187778', 'status': 'PENDING', 'description': &quot;Apply software changes, triggered from PySys: [{'action': 'install', 'id': '5475369', 'name': 'asciijump', 'url': ' ', 'version': '::apt'}, {'action': 'install', 'id': '5474869', 'name': 'robotfindskitten', 'url': ' ', 'version': ' '}, {'action': 'install', 'id': '5475279', 'name': 'squirrel3', 'url': ' ', 'version': '3.1-7::apt'}, {'action': 'install', 'id': '5152439', 'name': 'rolldice', 'url': ' ', 'version': '1.16-1+b1'}, {'action': 'install', 'id': '5439204', 'name': 'moon-buggy', 'url': ' ', 'version': '1:1.0.51-12'}, {'action': 'install', 'id': '5475369', 'name': 'asciijump', 'url': ' ', 'version': '::apt'}]&quot;, 'c8y_SoftwareUpdate': [{'name': 'asciijump', 'action': 'install', 'id': '5475369', 'version': '::apt', 'url': ' '}, {'name': 'robotfindskitten', 'action': 'install', 'id': '5474869', 'version': ' ', 'url': ' '}, {'name': 'squirrel3', 'action': 'install', 'id': '5475279', 'version': '3.1-7::apt', 'url': ' '}, {'name': 'rolldice', 'action': 'install', 'id': '5152439', 'version': '1.16-1+b1', 'url': ' '}, {'name': 'moon-buggy', 'action': 'install', 'id': '5439204', 'version': '1:1.0.51-12', 'url': ' '}, {'name': 'asciijump', 'action': 'install', 'id': '5475369', 'version': '::apt', 'url': ' '}]}
20:40:28 INFO  State of operation 21187778 : PENDING
20:40:30 INFO  State of operation 21187778 : EXECUTING
20:40:32 INFO  State of operation 21187778 : EXECUTING
20:40:34 INFO  State of operation 21187778 : EXECUTING
20:40:36 INFO  State of operation 21187778 : EXECUTING
20:40:39 INFO  State of operation 21187778 : EXECUTING
20:40:41 INFO  State of operation 21187778 : EXECUTING
20:40:44 INFO  State of operation 21187778 : EXECUTING
20:40:47 INFO  State of operation 21187778 : EXECUTING
20:40:49 INFO  State of operation 21187778 : EXECUTING
20:40:51 INFO  State of operation 21187778 : EXECUTING
20:40:54 INFO  State of operation 21187778 : EXECUTING
20:40:56 INFO  State of operation 21187778 : EXECUTING
20:40:58 INFO  State of operation 21187778 : EXECUTING
20:41:00 INFO  State of operation 21187778 : EXECUTING
20:41:03 INFO  State of operation 21187778 : EXECUTING
20:41:05 INFO  State of operation 21187778 : EXECUTING
20:41:07 INFO  State of operation 21187778 : EXECUTING
20:41:10 INFO  State of operation 21187778 : EXECUTING
20:41:12 INFO  State of operation 21187778 : EXECUTING
20:41:15 INFO  State of operation 21187778 : EXECUTING
20:41:17 INFO  State of operation 21187778 : EXECUTING
20:41:20 INFO  State of operation 21187778 : EXECUTING
20:41:22 INFO  State of operation 21187778 : EXECUTING
20:41:25 INFO  State of operation 21187778 : EXECUTING
20:41:28 INFO  State of operation 21187778 : EXECUTING
20:41:30 INFO  State of operation 21187778 : EXECUTING
20:41:33 INFO  State of operation 21187778 : EXECUTING
20:41:35 INFO  State of operation 21187778 : EXECUTING
20:41:37 INFO  State of operation 21187778 : EXECUTING
20:41:40 INFO  State of operation 21187778 : EXECUTING
20:41:42 INFO  State of operation 21187778 : EXECUTING
20:41:44 INFO  State of operation 21187778 : EXECUTING
20:41:46 INFO  State of operation 21187778 : EXECUTING
20:41:49 INFO  State of operation 21187778 : EXECUTING
20:41:51 INFO  State of operation 21187778 : EXECUTING
20:41:53 INFO  State of operation 21187778 : EXECUTING
20:41:55 INFO  State of operation 21187778 : EXECUTING
20:41:58 INFO  State of operation 21187778 : EXECUTING
20:42:01 INFO  State of operation 21187778 : EXECUTING
20:42:03 INFO  State of operation 21187778 : EXECUTING
20:42:06 INFO  State of operation 21187778 : EXECUTING
20:42:08 INFO  State of operation 21187778 : EXECUTING
20:42:10 INFO  State of operation 21187778 : EXECUTING
20:42:13 INFO  State of operation 21187778 : EXECUTING
20:42:15 INFO  State of operation 21187778 : EXECUTING
20:42:17 INFO  State of operation 21187778 : EXECUTING
20:42:19 INFO  State of operation 21187778 : EXECUTING
20:42:22 INFO  State of operation 21187778 : EXECUTING
20:42:24 INFO  State of operation 21187778 : EXECUTING
20:42:27 INFO  State of operation 21187778 : EXECUTING
20:42:30 INFO  State of operation 21187778 : EXECUTING
20:42:32 INFO  State of operation 21187778 : EXECUTING
20:42:35 INFO  State of operation 21187778 : EXECUTING
20:42:37 INFO  State of operation 21187778 : EXECUTING
20:42:39 INFO  State of operation 21187778 : EXECUTING
20:42:42 INFO  State of operation 21187778 : EXECUTING
20:42:44 INFO  State of operation 21187778 : EXECUTING
20:42:47 INFO  State of operation 21187778 : EXECUTING
20:42:49 INFO  State of operation 21187778 : EXECUTING
20:42:52 INFO  State of operation 21187778 : EXECUTING
20:42:54 WARN  SystemError occurred while running test - Timeout while waiting for status SUCCESSFUL or False
Traceback (most recent call last):
  File &quot;/home/pi/env-pysys/lib/python3.7/site-packages/pysys/baserunner.py&quot;, line 1294, in __call__
    self.testObj.execute()
  File &quot;/home/pi/actions-runner/_work/thin-edge.io/thin-edge.io/tests/PySys/software_management_end_to_end/sm_apt_install_remove_multiple_mixed/run.py&quot;, line 89, in execute
    self.wait_until_succcess()
  File &quot;/home/pi/actions-runner/_work/thin-edge.io/thin-edge.io/tests/PySys/software_management_end_to_end/environment_sm_management.py&quot;, line 324, in wait_until_succcess
    self.wait_until_status(&quot;SUCCESSFUL&quot;)
  File &quot;/home/pi/actions-runner/_work/thin-edge.io/thin-edge.io/tests/PySys/software_management_end_to_end/environment_sm_management.py&quot;, line 381, in wait_until_status
    &quot;Timeout while waiting for status %s or %s&quot; % (status, status2)
SystemError: Timeout while waiting for status SUCCESSFUL or False
20:42:54 WARN  SystemError: Timeout while waiting for status SUCCESSFUL or False ... blocked 
20:42:54 INFO  
20:42:54 INFO  cleanup:
20:43:01 INFO  Executed sudo&lt;tedge_disconnect_c8y&gt;, exit status 0
20:43:01 INFO  Executed systemctl&lt;serv_mapper5&gt;, exit status 3
20:43:01 INFO  
20:43:01 INFO  Test duration: 184.02 secs
20:43:01 INFO  Test final outcome:  BLOCKED
20:43:01 INFO  Test outcome reason: SystemError: Timeout while waiting for status SUCCESSFUL or False
20:43:01 INFO  
</system-out>
	</testcase>
</testsuite>
