<?xml version="1.0" encoding="utf-8"?>
<testsuite failures="1" name="SoftwareManagement.sm_apt_install_download_path" skipped="0" tests="1" time="189.28" timestamp="2022-05-23T13:55:55">
	<testcase classname="AptInstallWithDownloadPath" name="SoftwareManagement.sm_apt_install_download_path">
		<failure message="BLOCKED: SystemError: Timeout while waiting for status FAILED or SUCCESSFUL" type="BLOCKED"/>
		<system-out>13:52:45 INFO  ==============================================================
13:52:45 INFO  Id:    SoftwareManagement.sm_apt_install_download_path
13:52:45 INFO  Dir:   software_management_end_to_end/
13:52:45 INFO  Title: Install package to directory specified in tedge config set tmp.path
13:52:45 INFO  ==============================================================
13:52:46 INFO  Using sw id database: {'asciijump': '5475369', 'robotfindskitten': '5474869', 'squirrel3': '5475279', 'rolldice': '5152439', 'moon-buggy': '5439204', 'apple': '5495053', 'banana': '5494888', 'cherry': '5495382', 'watermelon': '5494510', 'registry': '8018911', 'hello-world': '8021526', 'docker/getting-started': '8021973', 'alpine': '7991792'}
13:52:46 INFO  EnvironmentC8y Setup
13:52:46 INFO  Executed systemctl&lt;serv_mapper1&gt;, exit status 3
13:53:01 INFO  Executed sudo&lt;tedge_connect_c8y&gt;, exit status 0, duration 14 secs
13:53:02 INFO  Executed sudo&lt;tedge_connect_c8y_test&gt;, exit status 0
13:53:03 INFO  Executed systemctl&lt;serv_mosq2&gt;, exit status 0
13:53:04 INFO  Executed systemctl&lt;serv_mapper3&gt;, exit status 0
13:53:06 INFO  State of current operation: PENDING
13:53:08 INFO  State of current operation: PENDING
13:53:11 INFO  State of current operation: PENDING
13:53:13 INFO  State of current operation: PENDING
13:53:15 INFO  State of current operation: PENDING
13:53:17 INFO  State of current operation: PENDING
13:53:19 INFO  State of current operation: PENDING
13:53:22 INFO  State of current operation: PENDING
13:53:24 INFO  State of current operation: PENDING
13:53:26 INFO  State of current operation: PENDING
13:53:28 INFO  State of current operation: PENDING
13:53:31 INFO  State of current operation: PENDING
13:53:33 INFO  State of current operation: PENDING
13:53:35 INFO  State of current operation: PENDING
13:53:37 INFO  State of current operation: PENDING
13:53:40 INFO  State of current operation: PENDING
13:53:42 INFO  State of current operation: PENDING
13:53:44 INFO  State of current operation: PENDING
13:53:46 INFO  State of current operation: PENDING
13:53:48 INFO  State of current operation: PENDING
13:53:51 INFO  State of current operation: PENDING
13:53:53 INFO  State of current operation: PENDING
13:53:55 INFO  State of current operation: PENDING
13:53:57 INFO  State of current operation: PENDING
13:54:00 INFO  State of current operation: PENDING
13:54:02 INFO  State of current operation: PENDING
13:54:04 INFO  State of current operation: PENDING
13:54:06 INFO  State of current operation: PENDING
13:54:09 INFO  State of current operation: PENDING
13:54:11 INFO  State of current operation: PENDING
13:54:13 INFO  State of current operation: PENDING
13:54:15 INFO  State of current operation: PENDING
13:54:17 INFO  State of current operation: PENDING
13:54:20 INFO  State of current operation: PENDING
13:54:22 INFO  State of current operation: PENDING
13:54:24 INFO  State of current operation: PENDING
13:54:26 INFO  State of current operation: PENDING
13:54:29 INFO  State of current operation: PENDING
13:54:31 INFO  State of current operation: PENDING
13:54:33 INFO  State of current operation: PENDING
13:54:35 INFO  State of current operation: PENDING
13:54:38 INFO  State of current operation: PENDING
13:54:40 INFO  State of current operation: PENDING
13:54:42 INFO  State of current operation: PENDING
13:54:44 INFO  State of current operation: PENDING
13:54:46 INFO  State of current operation: PENDING
13:54:49 INFO  State of current operation: PENDING
13:54:51 INFO  State of current operation: PENDING
13:54:53 INFO  State of current operation: PENDING
13:54:55 INFO  State of current operation: PENDING
13:54:58 INFO  State of current operation: PENDING
13:55:00 INFO  State of current operation: PENDING
13:55:02 INFO  State of current operation: PENDING
13:55:04 INFO  State of current operation: PENDING
13:55:07 INFO  State of current operation: PENDING
13:55:09 INFO  State of current operation: PENDING
13:55:11 INFO  State of current operation: PENDING
13:55:13 INFO  State of current operation: PENDING
13:55:15 INFO  State of current operation: PENDING
13:55:18 INFO  State of current operation: PENDING
13:55:20 INFO  State of current operation: PENDING
13:55:22 WARN  SystemError occurred while running test - Timeout while waiting for status FAILED or SUCCESSFUL
Traceback (most recent call last):
  File &quot;/home/pi/env-pysys/lib/python3.7/site-packages/pysys/baserunner.py&quot;, line 1292, in __call__
    self.testObj.setup()
  File &quot;/home/pi/actions-runner/_work/thin-edge.io/thin-edge.io/tests/PySys/software_management_end_to_end/sm_apt_install_download_path/run.py&quot;, line 48, in setup
    super().setup()
  File &quot;/home/pi/actions-runner/_work/thin-edge.io/thin-edge.io/tests/PySys/software_management_end_to_end/environment_sm_management.py&quot;, line 151, in setup
    self.wait_until_end()
  File &quot;/home/pi/actions-runner/_work/thin-edge.io/thin-edge.io/tests/PySys/software_management_end_to_end/environment_sm_management.py&quot;, line 332, in wait_until_end
    self.wait_until_status(&quot;FAILED&quot;, &quot;SUCCESSFUL&quot;)
  File &quot;/home/pi/actions-runner/_work/thin-edge.io/thin-edge.io/tests/PySys/software_management_end_to_end/environment_sm_management.py&quot;, line 381, in wait_until_status
    &quot;Timeout while waiting for status %s or %s&quot; % (status, status2)
SystemError: Timeout while waiting for status FAILED or SUCCESSFUL
13:55:22 WARN  SystemError: Timeout while waiting for status FAILED or SUCCESSFUL ... blocked 
13:55:22 INFO  
13:55:22 INFO  cleanup:
13:55:23 INFO  Executed sudo, exit status 0
13:55:24 INFO  Executed sudo, exit status 0
13:55:28 INFO  Executed sudo&lt;tedge_disconnect_c8y&gt;, exit status 0
13:55:28 INFO  Restarting mosquitto too frequently in the last 10 seconds. It was only up for 3 seconds
13:55:28 INFO  Delaying execution by 8 seconds
13:55:50 INFO  Executed sudo&lt;tedge_connect_c8y&gt;, exit status 0, duration 14 secs
13:55:54 INFO  Executed sudo&lt;tedge_disconnect_c8y&gt;, exit status 0
13:55:55 INFO  Executed systemctl&lt;serv_mapper5&gt;, exit status 3
13:55:55 INFO  
13:55:55 INFO  Test duration: 189.28 secs
13:55:55 INFO  Test final outcome:  BLOCKED
13:55:55 INFO  Test outcome reason: SystemError: Timeout while waiting for status FAILED or SUCCESSFUL
13:55:55 INFO  
</system-out>
	</testcase>
</testsuite>
