<?xml version="1.0" encoding="utf-8"?>
<testsuite failures="1" name="SoftwareManagement.sm_apt_install_remove_with_version" skipped="0" tests="1" time="165.74" timestamp="2022-05-24T16:30:12">
	<testcase classname="PySysTest" name="SoftwareManagement.sm_apt_install_remove_with_version">
		<failure message="BLOCKED: SystemError: Timeout while waiting for status FAILED or SUCCESSFUL" type="BLOCKED"/>
		<system-out>16:27:26 INFO  ==============================================================
16:27:26 INFO  Id:    SoftwareManagement.sm_apt_install_remove_with_version
16:27:26 INFO  Dir:   software_management_end_to_end/
16:27:26 INFO  Title: Validate end to end behaviour for the apt plugin for packages with version
16:27:26 INFO  ==============================================================
16:27:26 INFO  Using sw id database: {'asciijump': '5475369', 'robotfindskitten': '5474869', 'squirrel3': '5475279', 'rolldice': '5152439', 'moon-buggy': '5439204', 'apple': '5495053', 'banana': '5494888', 'cherry': '5495382', 'watermelon': '5494510', 'registry': '8018911', 'hello-world': '8021526', 'docker/getting-started': '8021973', 'alpine': '7991792'}
16:27:26 INFO  EnvironmentC8y Setup
16:27:27 INFO  Executed systemctl&lt;serv_mapper1&gt;, exit status 3
16:27:27 INFO  Restarting mosquitto too frequently in the last 10 seconds. It was only up for 5 seconds
16:27:27 INFO  Delaying execution by 6 seconds
16:27:47 INFO  Executed sudo&lt;tedge_connect_c8y&gt;, exit status 0, duration 13 secs
16:27:48 INFO  Executed sudo&lt;tedge_connect_c8y_test&gt;, exit status 0
16:27:48 INFO  Executed systemctl&lt;serv_mosq2&gt;, exit status 0
16:27:49 INFO  Executed systemctl&lt;serv_mapper3&gt;, exit status 0
16:27:51 INFO  State of current operation: PENDING
16:27:53 INFO  State of current operation: PENDING
16:27:55 INFO  State of current operation: PENDING
16:27:58 INFO  State of current operation: PENDING
16:28:00 INFO  State of current operation: PENDING
16:28:02 INFO  State of current operation: PENDING
16:28:04 INFO  State of current operation: PENDING
16:28:07 INFO  State of current operation: PENDING
16:28:09 INFO  State of current operation: PENDING
16:28:11 INFO  State of current operation: PENDING
16:28:14 INFO  State of current operation: PENDING
16:28:16 INFO  State of current operation: PENDING
16:28:18 INFO  State of current operation: PENDING
16:28:20 INFO  State of current operation: PENDING
16:28:23 INFO  State of current operation: PENDING
16:28:25 INFO  State of current operation: PENDING
16:28:27 INFO  State of current operation: PENDING
16:28:29 INFO  State of current operation: PENDING
16:28:31 INFO  State of current operation: PENDING
16:28:34 INFO  State of current operation: PENDING
16:28:36 INFO  State of current operation: PENDING
16:28:38 INFO  State of current operation: PENDING
16:28:40 INFO  State of current operation: PENDING
16:28:43 INFO  State of current operation: PENDING
16:28:45 INFO  State of current operation: PENDING
16:28:47 INFO  State of current operation: PENDING
16:28:49 INFO  State of current operation: PENDING
16:28:52 INFO  State of current operation: PENDING
16:28:54 INFO  State of current operation: PENDING
16:28:56 INFO  State of current operation: PENDING
16:28:58 INFO  State of current operation: PENDING
16:29:00 INFO  State of current operation: PENDING
16:29:03 INFO  State of current operation: PENDING
16:29:05 INFO  State of current operation: PENDING
16:29:07 INFO  State of current operation: PENDING
16:29:09 INFO  State of current operation: PENDING
16:29:12 INFO  State of current operation: PENDING
16:29:14 INFO  State of current operation: PENDING
16:29:16 INFO  State of current operation: PENDING
16:29:18 INFO  State of current operation: PENDING
16:29:21 INFO  State of current operation: PENDING
16:29:23 INFO  State of current operation: PENDING
16:29:25 INFO  State of current operation: PENDING
16:29:27 INFO  State of current operation: PENDING
16:29:29 INFO  State of current operation: PENDING
16:29:32 INFO  State of current operation: PENDING
16:29:34 INFO  State of current operation: PENDING
16:29:36 INFO  State of current operation: PENDING
16:29:38 INFO  State of current operation: PENDING
16:29:41 INFO  State of current operation: PENDING
16:29:43 INFO  State of current operation: PENDING
16:29:45 INFO  State of current operation: PENDING
16:29:47 INFO  State of current operation: PENDING
16:29:50 INFO  State of current operation: PENDING
16:29:52 INFO  State of current operation: PENDING
16:29:54 INFO  State of current operation: PENDING
16:29:56 INFO  State of current operation: PENDING
16:29:59 INFO  State of current operation: PENDING
16:30:01 INFO  State of current operation: PENDING
16:30:03 INFO  State of current operation: PENDING
16:30:05 INFO  State of current operation: PENDING
16:30:07 WARN  SystemError occurred while running test - Timeout while waiting for status FAILED or SUCCESSFUL
Traceback (most recent call last):
  File &quot;/home/pi/env-pysys/lib/python3.7/site-packages/pysys/baserunner.py&quot;, line 1292, in __call__
    self.testObj.setup()
  File &quot;/home/pi/actions-runner/_work/thin-edge.io/thin-edge.io/tests/PySys/software_management_end_to_end/sm_apt_install_remove_with_version/run.py&quot;, line 27, in setup
    super().setup()
  File &quot;/home/pi/actions-runner/_work/thin-edge.io/thin-edge.io/tests/PySys/software_management_end_to_end/environment_sm_management.py&quot;, line 151, in setup
    self.wait_until_end()
  File &quot;/home/pi/actions-runner/_work/thin-edge.io/thin-edge.io/tests/PySys/software_management_end_to_end/environment_sm_management.py&quot;, line 332, in wait_until_end
    self.wait_until_status(&quot;FAILED&quot;, &quot;SUCCESSFUL&quot;)
  File &quot;/home/pi/actions-runner/_work/thin-edge.io/thin-edge.io/tests/PySys/software_management_end_to_end/environment_sm_management.py&quot;, line 381, in wait_until_status
    &quot;Timeout while waiting for status %s or %s&quot; % (status, status2)
SystemError: Timeout while waiting for status FAILED or SUCCESSFUL
16:30:07 WARN  SystemError: Timeout while waiting for status FAILED or SUCCESSFUL ... blocked 
16:30:07 INFO  
16:30:07 INFO  cleanup:
16:30:12 INFO  Executed sudo&lt;tedge_disconnect_c8y&gt;, exit status 0
16:30:12 INFO  Executed systemctl&lt;serv_mapper5&gt;, exit status 3
16:30:12 INFO  
16:30:12 INFO  Test duration: 165.74 secs
16:30:12 INFO  Test final outcome:  BLOCKED
16:30:12 INFO  Test outcome reason: SystemError: Timeout while waiting for status FAILED or SUCCESSFUL
16:30:12 INFO  
</system-out>
	</testcase>
</testsuite>
