<?xml version="1.0" encoding="utf-8"?>
<testsuite failures="1" name="SoftwareManagement.sm_apt_install_remove_multiple" skipped="0" tests="1" time="180.12" timestamp="2022-06-22T10:28:03">
	<testcase classname="PySysTest" name="SoftwareManagement.sm_apt_install_remove_multiple">
		<failure message="FAILED: Assert that (False == value) with value=True" type="FAILED"/>
		<system-out>10:25:03 INFO  ==============================================================
10:25:03 INFO  Id:    SoftwareManagement.sm_apt_install_remove_multiple
10:25:03 INFO  Dir:   software_management_end_to_end/
10:25:03 INFO  Title: Validate end to end behaviour for the apt plugin for multiple packages
10:25:03 INFO  ==============================================================
10:25:03 INFO  Using sw id database: {'asciijump': '5475369', 'robotfindskitten': '5474869', 'squirrel3': '5475279', 'rolldice': '5152439', 'moon-buggy': '5439204', 'apple': '5495053', 'banana': '5494888', 'cherry': '5495382', 'watermelon': '5494510', 'registry': '8018911', 'hello-world': '8021526', 'docker/getting-started': '8021973', 'alpine': '7991792'}
10:25:03 INFO  EnvironmentC8y Setup
10:25:04 INFO  Executed systemctl&lt;serv_mapper1&gt;, exit status 3
10:25:04 INFO  Restarting mosquitto too frequently in the last 10 seconds. It was only up for 4 seconds
10:25:04 INFO  Delaying execution by 7 seconds
10:25:25 INFO  Executed sudo&lt;tedge_connect_c8y&gt;, exit status 0, duration 14 secs
10:25:26 INFO  Executed sudo&lt;tedge_connect_c8y_test&gt;, exit status 0
10:25:26 INFO  Executed systemctl&lt;serv_mosq2&gt;, exit status 0
10:25:27 INFO  Executed systemctl&lt;serv_mapper3&gt;, exit status 0
10:25:29 INFO  State of current operation: SUCCESSFUL
10:25:29 INFO  Assert that (False == value) with value=False ... passed
10:25:29 INFO  Assert that (False == value) with value=False ... passed
10:25:30 INFO  Assert that (False == value) with value=False ... passed
10:25:30 INFO  Package robotfindskitten is installed
10:25:30 WARN  Assert that (False == value) with value=True ... failed 
10:25:30 INFO  Response status: 201
10:25:30 INFO  Response to action: {
    &quot;creationTime&quot;: &quot;2022-06-22T10:25:30.538Z&quot;,
    &quot;deviceName&quot;: &quot;m32sd10b&quot;,
    &quot;deviceId&quot;: &quot;20393160&quot;,
    &quot;self&quot;: &quot;https://t493319102.eu-latest.cumulocity.com/devicecontrol/operations/20403399&quot;,
    &quot;id&quot;: &quot;20403399&quot;,
    &quot;status&quot;: &quot;PENDING&quot;,
    &quot;description&quot;: &quot;Apply software changes, triggered from PySys: [{'action': 'install', 'id': '5475369', 'name': 'asciijump', 'url': ' ', 'version': '::apt'}, {'action': 'install', 'id': '5474869', 'name': 'robotfindskitten', 'url': ' ', 'version': '::apt'}, {'action': 'install', 'id': '5475279', 'name': 'squirrel3', 'url': ' ', 'version': '::apt'}]&quot;,
    &quot;c8y_SoftwareUpdate&quot;: [
        {
            &quot;name&quot;: &quot;asciijump&quot;,
            &quot;action&quot;: &quot;install&quot;,
            &quot;id&quot;: &quot;5475369&quot;,
            &quot;version&quot;: &quot;::apt&quot;,
            &quot;url&quot;: &quot; &quot;
        },
        {
            &quot;name&quot;: &quot;robotfindskitten&quot;,
            &quot;action&quot;: &quot;install&quot;,
            &quot;id&quot;: &quot;5474869&quot;,
            &quot;version&quot;: &quot;::apt&quot;,
            &quot;url&quot;: &quot; &quot;
        },
        {
            &quot;name&quot;: &quot;squirrel3&quot;,
            &quot;action&quot;: &quot;install&quot;,
            &quot;id&quot;: &quot;5475279&quot;,
            &quot;version&quot;: &quot;::apt&quot;,
            &quot;url&quot;: &quot; &quot;
        }
    ]
}
10:25:30 INFO  Started operation: {'creationTime': '2022-06-22T10:25:30.538Z', 'deviceName': 'm32sd10b', 'deviceId': '20393160', 'self': 'https://t493319102.eu-latest.cumulocity.com/devicecontrol/operations/20403399', 'id': '20403399', 'status': 'PENDING', 'description': &quot;Apply software changes, triggered from PySys: [{'action': 'install', 'id': '5475369', 'name': 'asciijump', 'url': ' ', 'version': '::apt'}, {'action': 'install', 'id': '5474869', 'name': 'robotfindskitten', 'url': ' ', 'version': '::apt'}, {'action': 'install', 'id': '5475279', 'name': 'squirrel3', 'url': ' ', 'version': '::apt'}]&quot;, 'c8y_SoftwareUpdate': [{'name': 'asciijump', 'action': 'install', 'id': '5475369', 'version': '::apt', 'url': ' '}, {'name': 'robotfindskitten', 'action': 'install', 'id': '5474869', 'version': '::apt', 'url': ' '}, {'name': 'squirrel3', 'action': 'install', 'id': '5475279', 'version': '::apt', 'url': ' '}]}
10:25:32 INFO  State of operation 20403399 : PENDING
10:25:35 INFO  State of operation 20403399 : EXECUTING
10:25:37 INFO  State of operation 20403399 : EXECUTING
10:25:39 INFO  State of operation 20403399 : EXECUTING
10:25:41 INFO  State of operation 20403399 : EXECUTING
10:25:43 INFO  State of operation 20403399 : EXECUTING
10:25:46 INFO  State of operation 20403399 : EXECUTING
10:25:49 INFO  State of operation 20403399 : EXECUTING
10:25:51 INFO  State of operation 20403399 : EXECUTING
10:25:54 INFO  State of operation 20403399 : EXECUTING
10:25:56 INFO  State of operation 20403399 : EXECUTING
10:25:58 INFO  State of operation 20403399 : EXECUTING
10:26:00 INFO  State of operation 20403399 : EXECUTING
10:26:03 INFO  State of operation 20403399 : EXECUTING
10:26:05 INFO  State of operation 20403399 : EXECUTING
10:26:07 INFO  State of operation 20403399 : EXECUTING
10:26:09 INFO  State of operation 20403399 : EXECUTING
10:26:12 INFO  State of operation 20403399 : EXECUTING
10:26:14 INFO  State of operation 20403399 : EXECUTING
10:26:16 INFO  State of operation 20403399 : EXECUTING
10:26:19 INFO  State of operation 20403399 : EXECUTING
10:26:21 INFO  State of operation 20403399 : EXECUTING
10:26:24 INFO  State of operation 20403399 : EXECUTING
10:26:27 INFO  State of operation 20403399 : EXECUTING
10:26:29 INFO  State of operation 20403399 : EXECUTING
10:26:32 INFO  State of operation 20403399 : EXECUTING
10:26:34 INFO  State of operation 20403399 : EXECUTING
10:26:37 INFO  State of operation 20403399 : EXECUTING
10:26:39 INFO  State of operation 20403399 : EXECUTING
10:26:42 INFO  State of operation 20403399 : EXECUTING
10:26:44 INFO  State of operation 20403399 : EXECUTING
10:26:46 INFO  State of operation 20403399 : EXECUTING
10:26:48 INFO  State of operation 20403399 : EXECUTING
10:26:51 INFO  State of operation 20403399 : SUCCESSFUL
10:26:51 INFO  Assert that (False == value) with value=False ... passed
10:26:51 INFO  Package asciijump is installed
10:26:51 INFO  Assert that (True == value) with value=True ... passed
10:26:51 INFO  Package squirrel3 is installed
10:26:51 INFO  Assert that (True == value) with value=True ... passed
10:26:51 INFO  Package robotfindskitten is installed
10:26:51 INFO  Assert that (True == value) with value=True ... passed
10:26:52 INFO  Response status: 201
10:26:52 INFO  Response to action: {
    &quot;creationTime&quot;: &quot;2022-06-22T10:26:52.177Z&quot;,
    &quot;deviceName&quot;: &quot;m32sd10b&quot;,
    &quot;deviceId&quot;: &quot;20393160&quot;,
    &quot;self&quot;: &quot;https://t493319102.eu-latest.cumulocity.com/devicecontrol/operations/20403410&quot;,
    &quot;id&quot;: &quot;20403410&quot;,
    &quot;status&quot;: &quot;PENDING&quot;,
    &quot;description&quot;: &quot;Apply software changes, triggered from PySys: [{'action': 'delete', 'id': '5475369', 'name': 'asciijump', 'url': ' ', 'version': '::apt'}, {'action': 'delete', 'id': '5474869', 'name': 'robotfindskitten', 'url': ' ', 'version': '::apt'}, {'action': 'delete', 'id': '5475279', 'name': 'squirrel3', 'url': ' ', 'version': '::apt'}]&quot;,
    &quot;c8y_SoftwareUpdate&quot;: [
        {
            &quot;name&quot;: &quot;asciijump&quot;,
            &quot;action&quot;: &quot;delete&quot;,
            &quot;id&quot;: &quot;5475369&quot;,
            &quot;version&quot;: &quot;::apt&quot;,
            &quot;url&quot;: &quot; &quot;
        },
        {
            &quot;name&quot;: &quot;robotfindskitten&quot;,
            &quot;action&quot;: &quot;delete&quot;,
            &quot;id&quot;: &quot;5474869&quot;,
            &quot;version&quot;: &quot;::apt&quot;,
            &quot;url&quot;: &quot; &quot;
        },
        {
            &quot;name&quot;: &quot;squirrel3&quot;,
            &quot;action&quot;: &quot;delete&quot;,
            &quot;id&quot;: &quot;5475279&quot;,
            &quot;version&quot;: &quot;::apt&quot;,
            &quot;url&quot;: &quot; &quot;
        }
    ]
}
10:26:52 INFO  Started operation: {'creationTime': '2022-06-22T10:26:52.177Z', 'deviceName': 'm32sd10b', 'deviceId': '20393160', 'self': 'https://t493319102.eu-latest.cumulocity.com/devicecontrol/operations/20403410', 'id': '20403410', 'status': 'PENDING', 'description': &quot;Apply software changes, triggered from PySys: [{'action': 'delete', 'id': '5475369', 'name': 'asciijump', 'url': ' ', 'version': '::apt'}, {'action': 'delete', 'id': '5474869', 'name': 'robotfindskitten', 'url': ' ', 'version': '::apt'}, {'action': 'delete', 'id': '5475279', 'name': 'squirrel3', 'url': ' ', 'version': '::apt'}]&quot;, 'c8y_SoftwareUpdate': [{'name': 'asciijump', 'action': 'delete', 'id': '5475369', 'version': '::apt', 'url': ' '}, {'name': 'robotfindskitten', 'action': 'delete', 'id': '5474869', 'version': '::apt', 'url': ' '}, {'name': 'squirrel3', 'action': 'delete', 'id': '5475279', 'version': '::apt', 'url': ' '}]}
10:26:54 INFO  State of operation 20403410 : PENDING
10:26:56 INFO  State of operation 20403410 : EXECUTING
10:26:58 INFO  State of operation 20403410 : EXECUTING
10:27:01 INFO  State of operation 20403410 : EXECUTING
10:27:03 INFO  State of operation 20403410 : EXECUTING
10:27:05 INFO  State of operation 20403410 : EXECUTING
10:27:08 INFO  State of operation 20403410 : EXECUTING
10:27:11 INFO  State of operation 20403410 : EXECUTING
10:27:13 INFO  State of operation 20403410 : EXECUTING
10:27:15 INFO  State of operation 20403410 : EXECUTING
10:27:18 INFO  State of operation 20403410 : EXECUTING
10:27:20 INFO  State of operation 20403410 : EXECUTING
10:27:22 INFO  State of operation 20403410 : EXECUTING
10:27:24 INFO  State of operation 20403410 : EXECUTING
10:27:27 INFO  State of operation 20403410 : EXECUTING
10:27:29 INFO  State of operation 20403410 : EXECUTING
10:27:32 INFO  State of operation 20403410 : EXECUTING
10:27:34 INFO  State of operation 20403410 : EXECUTING
10:27:37 INFO  State of operation 20403410 : EXECUTING
10:27:39 INFO  State of operation 20403410 : EXECUTING
10:27:41 INFO  State of operation 20403410 : EXECUTING
10:27:44 INFO  State of operation 20403410 : EXECUTING
10:27:46 INFO  State of operation 20403410 : EXECUTING
10:27:48 INFO  State of operation 20403410 : EXECUTING
10:27:51 INFO  State of operation 20403410 : EXECUTING
10:27:53 INFO  State of operation 20403410 : EXECUTING
10:27:55 INFO  State of operation 20403410 : EXECUTING
10:27:58 INFO  State of operation 20403410 : SUCCESSFUL
10:27:58 INFO  Assert that (False == value) with value=False ... passed
10:27:58 INFO  Assert that (False == value) with value=False ... passed
10:27:58 INFO  Assert that (False == value) with value=False ... passed
10:27:59 INFO  Assert that (False == value) with value=False ... passed
10:27:59 INFO  
10:27:59 INFO  cleanup:
10:28:03 INFO  Executed sudo&lt;tedge_disconnect_c8y&gt;, exit status 0
10:28:03 INFO  Executed systemctl&lt;serv_mapper5&gt;, exit status 3
10:28:03 INFO  
10:28:03 INFO  Test duration: 180.12 secs
10:28:03 INFO  Test final outcome:  FAILED
10:28:03 INFO  Test outcome reason: Assert that (False == value) with value=True
10:28:03 INFO  
</system-out>
	</testcase>
</testsuite>
