<?xml version="1.0" encoding="utf-8"?>
<testsuite failures="1" name="SoftwareManagement.sm_apt_install_remove_multiple" skipped="0" tests="1" time="180.47" timestamp="2022-06-10T09:57:10">
	<testcase classname="PySysTest" name="SoftwareManagement.sm_apt_install_remove_multiple">
		<failure message="FAILED: Assert that (False == value) with value=True" type="FAILED"/>
		<system-out>09:54:09 INFO  ==============================================================
09:54:09 INFO  Id:    SoftwareManagement.sm_apt_install_remove_multiple
09:54:09 INFO  Dir:   software_management_end_to_end/
09:54:09 INFO  Title: Validate end to end behaviour for the apt plugin for multiple packages
09:54:09 INFO  ==============================================================
09:54:09 INFO  Using sw id database: {'asciijump': '5475369', 'robotfindskitten': '5474869', 'squirrel3': '5475279', 'rolldice': '5152439', 'moon-buggy': '5439204', 'apple': '5495053', 'banana': '5494888', 'cherry': '5495382', 'watermelon': '5494510', 'registry': '8018911', 'hello-world': '8021526', 'docker/getting-started': '8021973', 'alpine': '7991792'}
09:54:09 INFO  EnvironmentC8y Setup
09:54:10 INFO  Executed systemctl&lt;serv_mapper1&gt;, exit status 3
09:54:10 INFO  Restarting mosquitto too frequently in the last 10 seconds. It was only up for 4 seconds
09:54:10 INFO  Delaying execution by 7 seconds
09:54:31 INFO  Executed sudo&lt;tedge_connect_c8y&gt;, exit status 0, duration 14 secs
09:54:32 INFO  Executed sudo&lt;tedge_connect_c8y_test&gt;, exit status 0
09:54:32 INFO  Executed systemctl&lt;serv_mosq2&gt;, exit status 0
09:54:33 INFO  Executed systemctl&lt;serv_mapper3&gt;, exit status 0
09:54:35 INFO  State of current operation: SUCCESSFUL
09:54:35 INFO  Assert that (False == value) with value=False ... passed
09:54:35 INFO  Assert that (False == value) with value=False ... passed
09:54:36 INFO  Assert that (False == value) with value=False ... passed
09:54:36 INFO  Package robotfindskitten is installed
09:54:36 WARN  Assert that (False == value) with value=True ... failed 
09:54:36 INFO  Response status: 201
09:54:36 INFO  Response to action: {
    &quot;creationTime&quot;: &quot;2022-06-10T09:54:36.524Z&quot;,
    &quot;deviceId&quot;: &quot;20095378&quot;,
    &quot;deviceName&quot;: &quot;m32sd10b&quot;,
    &quot;self&quot;: &quot;https://t493319102.eu-latest.cumulocity.com/devicecontrol/operations/20121829&quot;,
    &quot;id&quot;: &quot;20121829&quot;,
    &quot;status&quot;: &quot;PENDING&quot;,
    &quot;description&quot;: &quot;Apply software changes, triggered from PySys: [{'action': 'install', 'id': '5475369', 'name': 'asciijump', 'url': ' ', 'version': '::apt'}, {'action': 'install', 'id': '5474869', 'name': 'robotfindskitten', 'url': ' ', 'version': '::apt'}, {'action': 'install', 'id': '5475279', 'name': 'squirrel3', 'url': ' ', 'version': '::apt'}]&quot;,
    &quot;c8y_SoftwareUpdate&quot;: [
        {
            &quot;name&quot;: &quot;asciijump&quot;,
            &quot;action&quot;: &quot;install&quot;,
            &quot;id&quot;: &quot;5475369&quot;,
            &quot;version&quot;: &quot;::apt&quot;,
            &quot;url&quot;: &quot; &quot;
        },
        {
            &quot;name&quot;: &quot;robotfindskitten&quot;,
            &quot;action&quot;: &quot;install&quot;,
            &quot;id&quot;: &quot;5474869&quot;,
            &quot;version&quot;: &quot;::apt&quot;,
            &quot;url&quot;: &quot; &quot;
        },
        {
            &quot;name&quot;: &quot;squirrel3&quot;,
            &quot;action&quot;: &quot;install&quot;,
            &quot;id&quot;: &quot;5475279&quot;,
            &quot;version&quot;: &quot;::apt&quot;,
            &quot;url&quot;: &quot; &quot;
        }
    ]
}
09:54:36 INFO  Started operation: {'creationTime': '2022-06-10T09:54:36.524Z', 'deviceId': '20095378', 'deviceName': 'm32sd10b', 'self': 'https://t493319102.eu-latest.cumulocity.com/devicecontrol/operations/20121829', 'id': '20121829', 'status': 'PENDING', 'description': &quot;Apply software changes, triggered from PySys: [{'action': 'install', 'id': '5475369', 'name': 'asciijump', 'url': ' ', 'version': '::apt'}, {'action': 'install', 'id': '5474869', 'name': 'robotfindskitten', 'url': ' ', 'version': '::apt'}, {'action': 'install', 'id': '5475279', 'name': 'squirrel3', 'url': ' ', 'version': '::apt'}]&quot;, 'c8y_SoftwareUpdate': [{'name': 'asciijump', 'action': 'install', 'id': '5475369', 'version': '::apt', 'url': ' '}, {'name': 'robotfindskitten', 'action': 'install', 'id': '5474869', 'version': '::apt', 'url': ' '}, {'name': 'squirrel3', 'action': 'install', 'id': '5475279', 'version': '::apt', 'url': ' '}]}
09:54:38 INFO  State of operation 20121829 : PENDING
09:54:41 INFO  State of operation 20121829 : EXECUTING
09:54:43 INFO  State of operation 20121829 : EXECUTING
09:54:45 INFO  State of operation 20121829 : EXECUTING
09:54:47 INFO  State of operation 20121829 : EXECUTING
09:54:49 INFO  State of operation 20121829 : EXECUTING
09:54:52 INFO  State of operation 20121829 : EXECUTING
09:54:55 INFO  State of operation 20121829 : EXECUTING
09:54:57 INFO  State of operation 20121829 : EXECUTING
09:55:00 INFO  State of operation 20121829 : EXECUTING
09:55:02 INFO  State of operation 20121829 : EXECUTING
09:55:04 INFO  State of operation 20121829 : EXECUTING
09:55:06 INFO  State of operation 20121829 : EXECUTING
09:55:09 INFO  State of operation 20121829 : EXECUTING
09:55:11 INFO  State of operation 20121829 : EXECUTING
09:55:13 INFO  State of operation 20121829 : EXECUTING
09:55:16 INFO  State of operation 20121829 : EXECUTING
09:55:18 INFO  State of operation 20121829 : EXECUTING
09:55:20 INFO  State of operation 20121829 : EXECUTING
09:55:23 INFO  State of operation 20121829 : EXECUTING
09:55:25 INFO  State of operation 20121829 : EXECUTING
09:55:28 INFO  State of operation 20121829 : EXECUTING
09:55:30 INFO  State of operation 20121829 : EXECUTING
09:55:32 INFO  State of operation 20121829 : EXECUTING
09:55:34 INFO  State of operation 20121829 : EXECUTING
09:55:37 INFO  State of operation 20121829 : EXECUTING
09:55:39 INFO  State of operation 20121829 : EXECUTING
09:55:41 INFO  State of operation 20121829 : EXECUTING
09:55:44 INFO  State of operation 20121829 : EXECUTING
09:55:46 INFO  State of operation 20121829 : EXECUTING
09:55:48 INFO  State of operation 20121829 : EXECUTING
09:55:51 INFO  State of operation 20121829 : EXECUTING
09:55:53 INFO  State of operation 20121829 : EXECUTING
09:55:55 INFO  State of operation 20121829 : EXECUTING
09:55:57 INFO  State of operation 20121829 : SUCCESSFUL
09:55:58 INFO  Assert that (False == value) with value=False ... passed
09:55:58 INFO  Package asciijump is installed
09:55:58 INFO  Assert that (True == value) with value=True ... passed
09:55:58 INFO  Package squirrel3 is installed
09:55:58 INFO  Assert that (True == value) with value=True ... passed
09:55:58 INFO  Package robotfindskitten is installed
09:55:58 INFO  Assert that (True == value) with value=True ... passed
09:55:58 INFO  Response status: 201
09:55:58 INFO  Response to action: {
    &quot;creationTime&quot;: &quot;2022-06-10T09:55:58.901Z&quot;,
    &quot;deviceId&quot;: &quot;20095378&quot;,
    &quot;deviceName&quot;: &quot;m32sd10b&quot;,
    &quot;self&quot;: &quot;https://t493319102.eu-latest.cumulocity.com/devicecontrol/operations/20121856&quot;,
    &quot;id&quot;: &quot;20121856&quot;,
    &quot;status&quot;: &quot;PENDING&quot;,
    &quot;description&quot;: &quot;Apply software changes, triggered from PySys: [{'action': 'delete', 'id': '5475369', 'name': 'asciijump', 'url': ' ', 'version': '::apt'}, {'action': 'delete', 'id': '5474869', 'name': 'robotfindskitten', 'url': ' ', 'version': '::apt'}, {'action': 'delete', 'id': '5475279', 'name': 'squirrel3', 'url': ' ', 'version': '::apt'}]&quot;,
    &quot;c8y_SoftwareUpdate&quot;: [
        {
            &quot;name&quot;: &quot;asciijump&quot;,
            &quot;action&quot;: &quot;delete&quot;,
            &quot;id&quot;: &quot;5475369&quot;,
            &quot;version&quot;: &quot;::apt&quot;,
            &quot;url&quot;: &quot; &quot;
        },
        {
            &quot;name&quot;: &quot;robotfindskitten&quot;,
            &quot;action&quot;: &quot;delete&quot;,
            &quot;id&quot;: &quot;5474869&quot;,
            &quot;version&quot;: &quot;::apt&quot;,
            &quot;url&quot;: &quot; &quot;
        },
        {
            &quot;name&quot;: &quot;squirrel3&quot;,
            &quot;action&quot;: &quot;delete&quot;,
            &quot;id&quot;: &quot;5475279&quot;,
            &quot;version&quot;: &quot;::apt&quot;,
            &quot;url&quot;: &quot; &quot;
        }
    ]
}
09:55:58 INFO  Started operation: {'creationTime': '2022-06-10T09:55:58.901Z', 'deviceId': '20095378', 'deviceName': 'm32sd10b', 'self': 'https://t493319102.eu-latest.cumulocity.com/devicecontrol/operations/20121856', 'id': '20121856', 'status': 'PENDING', 'description': &quot;Apply software changes, triggered from PySys: [{'action': 'delete', 'id': '5475369', 'name': 'asciijump', 'url': ' ', 'version': '::apt'}, {'action': 'delete', 'id': '5474869', 'name': 'robotfindskitten', 'url': ' ', 'version': '::apt'}, {'action': 'delete', 'id': '5475279', 'name': 'squirrel3', 'url': ' ', 'version': '::apt'}]&quot;, 'c8y_SoftwareUpdate': [{'name': 'asciijump', 'action': 'delete', 'id': '5475369', 'version': '::apt', 'url': ' '}, {'name': 'robotfindskitten', 'action': 'delete', 'id': '5474869', 'version': '::apt', 'url': ' '}, {'name': 'squirrel3', 'action': 'delete', 'id': '5475279', 'version': '::apt', 'url': ' '}]}
09:56:01 INFO  State of operation 20121856 : PENDING
09:56:03 INFO  State of operation 20121856 : EXECUTING
09:56:05 INFO  State of operation 20121856 : EXECUTING
09:56:07 INFO  State of operation 20121856 : EXECUTING
09:56:10 INFO  State of operation 20121856 : EXECUTING
09:56:12 INFO  State of operation 20121856 : EXECUTING
09:56:15 INFO  State of operation 20121856 : EXECUTING
09:56:18 INFO  State of operation 20121856 : EXECUTING
09:56:20 INFO  State of operation 20121856 : EXECUTING
09:56:22 INFO  State of operation 20121856 : EXECUTING
09:56:25 INFO  State of operation 20121856 : EXECUTING
09:56:27 INFO  State of operation 20121856 : EXECUTING
09:56:29 INFO  State of operation 20121856 : EXECUTING
09:56:31 INFO  State of operation 20121856 : EXECUTING
09:56:34 INFO  State of operation 20121856 : EXECUTING
09:56:36 INFO  State of operation 20121856 : EXECUTING
09:56:38 INFO  State of operation 20121856 : EXECUTING
09:56:41 INFO  State of operation 20121856 : EXECUTING
09:56:44 INFO  State of operation 20121856 : EXECUTING
09:56:46 INFO  State of operation 20121856 : EXECUTING
09:56:48 INFO  State of operation 20121856 : EXECUTING
09:56:50 INFO  State of operation 20121856 : EXECUTING
09:56:52 INFO  State of operation 20121856 : EXECUTING
09:56:55 INFO  State of operation 20121856 : EXECUTING
09:56:57 INFO  State of operation 20121856 : EXECUTING
09:57:00 INFO  State of operation 20121856 : EXECUTING
09:57:02 INFO  State of operation 20121856 : EXECUTING
09:57:04 INFO  State of operation 20121856 : SUCCESSFUL
09:57:04 INFO  Assert that (False == value) with value=False ... passed
09:57:05 INFO  Assert that (False == value) with value=False ... passed
09:57:05 INFO  Assert that (False == value) with value=False ... passed
09:57:05 INFO  Assert that (False == value) with value=False ... passed
09:57:05 INFO  
09:57:05 INFO  cleanup:
09:57:09 INFO  Executed sudo&lt;tedge_disconnect_c8y&gt;, exit status 0
09:57:10 INFO  Executed systemctl&lt;serv_mapper5&gt;, exit status 3
09:57:10 INFO  
09:57:10 INFO  Test duration: 180.47 secs
09:57:10 INFO  Test final outcome:  FAILED
09:57:10 INFO  Test outcome reason: Assert that (False == value) with value=True
09:57:10 INFO  
</system-out>
	</testcase>
</testsuite>
