<?xml version="1.0" encoding="utf-8"?>
<testsuite failures="0" name="apt_finalize" skipped="0" tests="1" time="101.3" timestamp="2022-05-25T13:00:28">
	<testcase classname="AptPluginFinalize" name="apt_finalize"/>
</testsuite>
