<?xml version="1.0" encoding="utf-8"?>
<testsuite failures="1" name="SoftwareManagement.sm_apt_install_remove_multiple" skipped="0" tests="1" time="179.86" timestamp="2022-07-26T17:00:26">
	<testcase classname="PySysTest" name="SoftwareManagement.sm_apt_install_remove_multiple">
		<failure message="FAILED: Assert that (False == value) with value=True" type="FAILED"/>
		<system-out>16:57:26 INFO  ==============================================================
16:57:26 INFO  Id:    SoftwareManagement.sm_apt_install_remove_multiple
16:57:26 INFO  Dir:   software_management_end_to_end/
16:57:26 INFO  Title: Validate end to end behaviour for the apt plugin for multiple packages
16:57:26 INFO  ==============================================================
16:57:26 INFO  Using sw id database: {'asciijump': '5475369', 'robotfindskitten': '5474869', 'squirrel3': '5475279', 'rolldice': '5152439', 'moon-buggy': '5439204', 'apple': '5495053', 'banana': '5494888', 'cherry': '5495382', 'watermelon': '5494510', 'registry': '8018911', 'hello-world': '8021526', 'docker/getting-started': '8021973', 'alpine': '7991792'}
16:57:26 INFO  EnvironmentC8y Setup
16:57:27 INFO  Executed systemctl&lt;serv_mapper1&gt;, exit status 3
16:57:27 INFO  Restarting mosquitto too frequently in the last 10 seconds. It was only up for 5 seconds
16:57:27 INFO  Delaying execution by 6 seconds
16:57:47 INFO  Executed sudo&lt;tedge_connect_c8y&gt;, exit status 0, duration 14 secs
16:57:47 INFO  Executed sudo&lt;tedge_connect_c8y_test&gt;, exit status 0
16:57:48 INFO  Executed systemctl&lt;serv_mosq2&gt;, exit status 0
16:57:48 INFO  Executed systemctl&lt;serv_mapper3&gt;, exit status 0
16:57:51 INFO  State of current operation: SUCCESSFUL
16:57:51 INFO  Assert that (False == value) with value=False ... passed
16:57:51 INFO  Assert that (False == value) with value=False ... passed
16:57:51 INFO  Assert that (False == value) with value=False ... passed
16:57:52 INFO  Package robotfindskitten is installed
16:57:52 WARN  Assert that (False == value) with value=True ... failed 
16:57:52 INFO  Response status: 201
16:57:52 INFO  Response to action: {
    &quot;delivery&quot;: {
        &quot;log&quot;: [],
        &quot;time&quot;: &quot;2022-07-26T16:57:52.414Z&quot;,
        &quot;status&quot;: &quot;PENDING&quot;
    },
    &quot;creationTime&quot;: &quot;2022-07-26T16:57:52.291Z&quot;,
    &quot;deviceId&quot;: &quot;21433081&quot;,
    &quot;deviceName&quot;: &quot;m32sd10b&quot;,
    &quot;self&quot;: &quot;https://t493319102.eu-latest.cumulocity.com/devicecontrol/operations/21453125&quot;,
    &quot;id&quot;: &quot;21453125&quot;,
    &quot;status&quot;: &quot;PENDING&quot;,
    &quot;description&quot;: &quot;Apply software changes, triggered from PySys: [{'action': 'install', 'id': '5475369', 'name': 'asciijump', 'url': ' ', 'version': '::apt'}, {'action': 'install', 'id': '5474869', 'name': 'robotfindskitten', 'url': ' ', 'version': '::apt'}, {'action': 'install', 'id': '5475279', 'name': 'squirrel3', 'url': ' ', 'version': '::apt'}]&quot;,
    &quot;c8y_SoftwareUpdate&quot;: [
        {
            &quot;name&quot;: &quot;asciijump&quot;,
            &quot;action&quot;: &quot;install&quot;,
            &quot;id&quot;: &quot;5475369&quot;,
            &quot;version&quot;: &quot;::apt&quot;,
            &quot;url&quot;: &quot; &quot;
        },
        {
            &quot;name&quot;: &quot;robotfindskitten&quot;,
            &quot;action&quot;: &quot;install&quot;,
            &quot;id&quot;: &quot;5474869&quot;,
            &quot;version&quot;: &quot;::apt&quot;,
            &quot;url&quot;: &quot; &quot;
        },
        {
            &quot;name&quot;: &quot;squirrel3&quot;,
            &quot;action&quot;: &quot;install&quot;,
            &quot;id&quot;: &quot;5475279&quot;,
            &quot;version&quot;: &quot;::apt&quot;,
            &quot;url&quot;: &quot; &quot;
        }
    ]
}
16:57:52 INFO  Started operation: {'delivery': {'log': [], 'time': '2022-07-26T16:57:52.414Z', 'status': 'PENDING'}, 'creationTime': '2022-07-26T16:57:52.291Z', 'deviceId': '21433081', 'deviceName': 'm32sd10b', 'self': 'https://t493319102.eu-latest.cumulocity.com/devicecontrol/operations/21453125', 'id': '21453125', 'status': 'PENDING', 'description': &quot;Apply software changes, triggered from PySys: [{'action': 'install', 'id': '5475369', 'name': 'asciijump', 'url': ' ', 'version': '::apt'}, {'action': 'install', 'id': '5474869', 'name': 'robotfindskitten', 'url': ' ', 'version': '::apt'}, {'action': 'install', 'id': '5475279', 'name': 'squirrel3', 'url': ' ', 'version': '::apt'}]&quot;, 'c8y_SoftwareUpdate': [{'name': 'asciijump', 'action': 'install', 'id': '5475369', 'version': '::apt', 'url': ' '}, {'name': 'robotfindskitten', 'action': 'install', 'id': '5474869', 'version': '::apt', 'url': ' '}, {'name': 'squirrel3', 'action': 'install', 'id': '5475279', 'version': '::apt', 'url': ' '}]}
16:57:54 INFO  State of operation 21453125 : PENDING
16:57:56 INFO  State of operation 21453125 : EXECUTING
16:57:59 INFO  State of operation 21453125 : EXECUTING
16:58:01 INFO  State of operation 21453125 : EXECUTING
16:58:03 INFO  State of operation 21453125 : EXECUTING
16:58:05 INFO  State of operation 21453125 : EXECUTING
16:58:08 INFO  State of operation 21453125 : EXECUTING
16:58:11 INFO  State of operation 21453125 : EXECUTING
16:58:13 INFO  State of operation 21453125 : EXECUTING
16:58:16 INFO  State of operation 21453125 : EXECUTING
16:58:18 INFO  State of operation 21453125 : EXECUTING
16:58:20 INFO  State of operation 21453125 : EXECUTING
16:58:22 INFO  State of operation 21453125 : EXECUTING
16:58:25 INFO  State of operation 21453125 : EXECUTING
16:58:27 INFO  State of operation 21453125 : EXECUTING
16:58:29 INFO  State of operation 21453125 : EXECUTING
16:58:32 INFO  State of operation 21453125 : EXECUTING
16:58:34 INFO  State of operation 21453125 : EXECUTING
16:58:37 INFO  State of operation 21453125 : EXECUTING
16:58:39 INFO  State of operation 21453125 : EXECUTING
16:58:41 INFO  State of operation 21453125 : EXECUTING
16:58:44 INFO  State of operation 21453125 : EXECUTING
16:58:46 INFO  State of operation 21453125 : EXECUTING
16:58:49 INFO  State of operation 21453125 : EXECUTING
16:58:51 INFO  State of operation 21453125 : EXECUTING
16:58:54 INFO  State of operation 21453125 : EXECUTING
16:58:56 INFO  State of operation 21453125 : EXECUTING
16:58:59 INFO  State of operation 21453125 : EXECUTING
16:59:01 INFO  State of operation 21453125 : EXECUTING
16:59:04 INFO  State of operation 21453125 : EXECUTING
16:59:06 INFO  State of operation 21453125 : EXECUTING
16:59:08 INFO  State of operation 21453125 : EXECUTING
16:59:10 INFO  State of operation 21453125 : EXECUTING
16:59:13 INFO  State of operation 21453125 : SUCCESSFUL
16:59:13 INFO  Assert that (False == value) with value=False ... passed
16:59:13 INFO  Package asciijump is installed
16:59:13 INFO  Assert that (True == value) with value=True ... passed
16:59:13 INFO  Package squirrel3 is installed
16:59:13 INFO  Assert that (True == value) with value=True ... passed
16:59:14 INFO  Package robotfindskitten is installed
16:59:14 INFO  Assert that (True == value) with value=True ... passed
16:59:14 INFO  Response status: 201
16:59:14 INFO  Response to action: {
    &quot;delivery&quot;: {
        &quot;log&quot;: [],
        &quot;time&quot;: &quot;2022-07-26T16:59:14.360Z&quot;,
        &quot;status&quot;: &quot;PENDING&quot;
    },
    &quot;creationTime&quot;: &quot;2022-07-26T16:59:14.341Z&quot;,
    &quot;deviceId&quot;: &quot;21433081&quot;,
    &quot;deviceName&quot;: &quot;m32sd10b&quot;,
    &quot;self&quot;: &quot;https://t493319102.eu-latest.cumulocity.com/devicecontrol/operations/21453141&quot;,
    &quot;id&quot;: &quot;21453141&quot;,
    &quot;status&quot;: &quot;PENDING&quot;,
    &quot;description&quot;: &quot;Apply software changes, triggered from PySys: [{'action': 'delete', 'id': '5475369', 'name': 'asciijump', 'url': ' ', 'version': '::apt'}, {'action': 'delete', 'id': '5474869', 'name': 'robotfindskitten', 'url': ' ', 'version': '::apt'}, {'action': 'delete', 'id': '5475279', 'name': 'squirrel3', 'url': ' ', 'version': '::apt'}]&quot;,
    &quot;c8y_SoftwareUpdate&quot;: [
        {
            &quot;name&quot;: &quot;asciijump&quot;,
            &quot;action&quot;: &quot;delete&quot;,
            &quot;id&quot;: &quot;5475369&quot;,
            &quot;version&quot;: &quot;::apt&quot;,
            &quot;url&quot;: &quot; &quot;
        },
        {
            &quot;name&quot;: &quot;robotfindskitten&quot;,
            &quot;action&quot;: &quot;delete&quot;,
            &quot;id&quot;: &quot;5474869&quot;,
            &quot;version&quot;: &quot;::apt&quot;,
            &quot;url&quot;: &quot; &quot;
        },
        {
            &quot;name&quot;: &quot;squirrel3&quot;,
            &quot;action&quot;: &quot;delete&quot;,
            &quot;id&quot;: &quot;5475279&quot;,
            &quot;version&quot;: &quot;::apt&quot;,
            &quot;url&quot;: &quot; &quot;
        }
    ]
}
16:59:14 INFO  Started operation: {'delivery': {'log': [], 'time': '2022-07-26T16:59:14.360Z', 'status': 'PENDING'}, 'creationTime': '2022-07-26T16:59:14.341Z', 'deviceId': '21433081', 'deviceName': 'm32sd10b', 'self': 'https://t493319102.eu-latest.cumulocity.com/devicecontrol/operations/21453141', 'id': '21453141', 'status': 'PENDING', 'description': &quot;Apply software changes, triggered from PySys: [{'action': 'delete', 'id': '5475369', 'name': 'asciijump', 'url': ' ', 'version': '::apt'}, {'action': 'delete', 'id': '5474869', 'name': 'robotfindskitten', 'url': ' ', 'version': '::apt'}, {'action': 'delete', 'id': '5475279', 'name': 'squirrel3', 'url': ' ', 'version': '::apt'}]&quot;, 'c8y_SoftwareUpdate': [{'name': 'asciijump', 'action': 'delete', 'id': '5475369', 'version': '::apt', 'url': ' '}, {'name': 'robotfindskitten', 'action': 'delete', 'id': '5474869', 'version': '::apt', 'url': ' '}, {'name': 'squirrel3', 'action': 'delete', 'id': '5475279', 'version': '::apt', 'url': ' '}]}
16:59:16 INFO  State of operation 21453141 : PENDING
16:59:18 INFO  State of operation 21453141 : EXECUTING
16:59:21 INFO  State of operation 21453141 : EXECUTING
16:59:23 INFO  State of operation 21453141 : EXECUTING
16:59:25 INFO  State of operation 21453141 : EXECUTING
16:59:27 INFO  State of operation 21453141 : EXECUTING
16:59:30 INFO  State of operation 21453141 : EXECUTING
16:59:33 INFO  State of operation 21453141 : EXECUTING
16:59:35 INFO  State of operation 21453141 : EXECUTING
16:59:38 INFO  State of operation 21453141 : EXECUTING
16:59:40 INFO  State of operation 21453141 : EXECUTING
16:59:42 INFO  State of operation 21453141 : EXECUTING
16:59:44 INFO  State of operation 21453141 : EXECUTING
16:59:47 INFO  State of operation 21453141 : EXECUTING
16:59:49 INFO  State of operation 21453141 : EXECUTING
16:59:51 INFO  State of operation 21453141 : EXECUTING
16:59:53 INFO  State of operation 21453141 : EXECUTING
16:59:56 INFO  State of operation 21453141 : EXECUTING
16:59:59 INFO  State of operation 21453141 : EXECUTING
17:00:01 INFO  State of operation 21453141 : EXECUTING
17:00:03 INFO  State of operation 21453141 : EXECUTING
17:00:06 INFO  State of operation 21453141 : EXECUTING
17:00:08 INFO  State of operation 21453141 : EXECUTING
17:00:11 INFO  State of operation 21453141 : EXECUTING
17:00:13 INFO  State of operation 21453141 : EXECUTING
17:00:16 INFO  State of operation 21453141 : EXECUTING
17:00:18 INFO  State of operation 21453141 : EXECUTING
17:00:20 INFO  State of operation 21453141 : SUCCESSFUL
17:00:20 INFO  Assert that (False == value) with value=False ... passed
17:00:21 INFO  Assert that (False == value) with value=False ... passed
17:00:21 INFO  Assert that (False == value) with value=False ... passed
17:00:21 INFO  Assert that (False == value) with value=False ... passed
17:00:21 INFO  
17:00:21 INFO  cleanup:
17:00:25 INFO  Executed sudo&lt;tedge_disconnect_c8y&gt;, exit status 0
17:00:26 INFO  Executed systemctl&lt;serv_mapper5&gt;, exit status 3
17:00:26 INFO  
17:00:26 INFO  Test duration: 179.86 secs
17:00:26 INFO  Test final outcome:  FAILED
17:00:26 INFO  Test outcome reason: Assert that (False == value) with value=True
17:00:26 INFO  
</system-out>
	</testcase>
</testsuite>
