<?xml version="1.0" encoding="utf-8"?>
<testsuite failures="1" name="SoftwareManagement.sm_apt_install_download_path" skipped="0" tests="1" time="85.93" timestamp="2022-05-20T11:49:18">
	<testcase classname="AptInstallWithDownloadPath" name="SoftwareManagement.sm_apt_install_download_path">
		<failure message="BLOCKED: AssertionError:" type="BLOCKED"/>
		<system-out>11:47:52 INFO  ==============================================================
11:47:52 INFO  Id:    SoftwareManagement.sm_apt_install_download_path
11:47:52 INFO  Dir:   software_management_end_to_end/
11:47:52 INFO  Title: Install package to directory specified in tedge config set tmp.path
11:47:52 INFO  ==============================================================
11:47:52 INFO  Using sw id database: {'asciijump': '5475369', 'robotfindskitten': '5474869', 'squirrel3': '5475279', 'rolldice': '5152439', 'moon-buggy': '5439204', 'apple': '5495053', 'banana': '5494888', 'cherry': '5495382', 'watermelon': '5494510', 'registry': '8018911', 'hello-world': '8021526', 'docker/getting-started': '8021973', 'alpine': '7991792'}
11:47:52 INFO  EnvironmentC8y Setup
11:47:53 INFO  Executed systemctl&lt;serv_mapper1&gt;, exit status 3
11:48:07 INFO  Executed sudo&lt;tedge_connect_c8y&gt;, exit status 0, duration 14 secs
11:48:09 INFO  Executed sudo&lt;tedge_connect_c8y_test&gt;, exit status 0
11:48:10 INFO  Executed systemctl&lt;serv_mosq2&gt;, exit status 0
11:48:11 INFO  Executed systemctl&lt;serv_mapper3&gt;, exit status 0
11:48:13 INFO  State of current operation: SUCCESSFUL
11:48:13 INFO  Assert that (False == value) with value=False ... passed
11:48:14 INFO  Executed sudo, exit status 0
11:48:14 INFO  Executed sudo, exit status 0
11:48:15 INFO  Executed sudo, exit status 0
11:48:19 INFO  Executed sudo&lt;tedge_disconnect_c8y&gt;, exit status 0
11:48:19 INFO  Restarting mosquitto too frequently in the last 10 seconds. It was only up for 4 seconds
11:48:19 INFO  Delaying execution by 7 seconds
11:48:40 INFO  Executed sudo&lt;tedge_connect_c8y&gt;, exit status 0, duration 13 secs
11:48:40 INFO  Response status: 201
11:48:40 INFO  Response to action: {
    &quot;delivery&quot;: {
        &quot;log&quot;: [],
        &quot;time&quot;: &quot;2022-05-20T11:48:40.725Z&quot;,
        &quot;status&quot;: &quot;PENDING&quot;
    },
    &quot;creationTime&quot;: &quot;2022-05-20T11:48:40.709Z&quot;,
    &quot;deviceId&quot;: &quot;19396607&quot;,
    &quot;deviceName&quot;: &quot;m32sd10b&quot;,
    &quot;self&quot;: &quot;https://t493319102.eu-latest.cumulocity.com/devicecontrol/operations/19409225&quot;,
    &quot;id&quot;: &quot;19409225&quot;,
    &quot;status&quot;: &quot;PENDING&quot;,
    &quot;description&quot;: &quot;Apply software changes, triggered from PySys: [{'name': 'rolldice', 'id': '5152439', 'version': '::apt', 'url': 'https://thin-edge-io.eu-latest.cumulocity.com/inventory/binaries/12435463', 'action': 'install'}]&quot;,
    &quot;c8y_SoftwareUpdate&quot;: [
        {
            &quot;name&quot;: &quot;rolldice&quot;,
            &quot;action&quot;: &quot;install&quot;,
            &quot;id&quot;: &quot;5152439&quot;,
            &quot;version&quot;: &quot;::apt&quot;,
            &quot;url&quot;: &quot;https://thin-edge-io.eu-latest.cumulocity.com/inventory/binaries/12435463&quot;
        }
    ]
}
11:48:40 INFO  Started operation: {'delivery': {'log': [], 'time': '2022-05-20T11:48:40.725Z', 'status': 'PENDING'}, 'creationTime': '2022-05-20T11:48:40.709Z', 'deviceId': '19396607', 'deviceName': 'm32sd10b', 'self': 'https://t493319102.eu-latest.cumulocity.com/devicecontrol/operations/19409225', 'id': '19409225', 'status': 'PENDING', 'description': &quot;Apply software changes, triggered from PySys: [{'name': 'rolldice', 'id': '5152439', 'version': '::apt', 'url': 'https://thin-edge-io.eu-latest.cumulocity.com/inventory/binaries/12435463', 'action': 'install'}]&quot;, 'c8y_SoftwareUpdate': [{'name': 'rolldice', 'action': 'install', 'id': '5152439', 'version': '::apt', 'url': 'https://thin-edge-io.eu-latest.cumulocity.com/inventory/binaries/12435463'}]}
11:48:40 WARN  , retrying in 0.5 seconds...
11:48:41 WARN  , retrying in 0.5 seconds...
11:48:41 WARN  , retrying in 0.5 seconds...
11:48:42 WARN  , retrying in 0.5 seconds...
11:48:42 WARN  , retrying in 0.5 seconds...
11:48:43 WARN  , retrying in 0.5 seconds...
11:48:43 WARN  , retrying in 0.5 seconds...
11:48:44 WARN  , retrying in 0.5 seconds...
11:48:44 WARN  , retrying in 0.5 seconds...
11:48:45 WARN  AssertionError occurred while running test - 
Traceback (most recent call last):
  File &quot;/home/pi/env-pysys/lib/python3.7/site-packages/pysys/baserunner.py&quot;, line 1294, in __call__
    self.testObj.execute()
  File &quot;/home/pi/actions-runner/_work/thin-edge.io/thin-edge.io/tests/PySys/software_management_end_to_end/sm_apt_install_download_path/run.py&quot;, line 83, in execute
    assert_install_in_download_path(install_directory=self.DOWNLOAD_DIR)
  File &quot;/home/pi/env-pysys/lib/python3.7/site-packages/decorator.py&quot;, line 232, in fun
    return caller(func, *(extras + args), **kw)
  File &quot;/home/pi/env-pysys/lib/python3.7/site-packages/retry/api.py&quot;, line 74, in retry_decorator
    logger)
  File &quot;/home/pi/env-pysys/lib/python3.7/site-packages/retry/api.py&quot;, line 33, in __retry_internal
    return f()
  File &quot;/home/pi/actions-runner/_work/thin-edge.io/thin-edge.io/tests/PySys/software_management_end_to_end/sm_apt_install_download_path/run.py&quot;, line 28, in assert_install_in_download_path
    assert &quot;rolldice&quot; in os.listdir(f&quot;{install_directory}&quot;)
AssertionError
11:48:45 WARN  AssertionError: ... blocked 
11:48:45 INFO  
11:48:45 INFO  cleanup:
11:48:46 INFO  Executed sudo, exit status 0
11:48:47 INFO  Executed sudo, exit status 0
11:48:51 INFO  Executed sudo&lt;tedge_disconnect_c8y&gt;, exit status 0
11:48:51 INFO  Restarting mosquitto too frequently in the last 10 seconds. It was only up for 3 seconds
11:48:51 INFO  Delaying execution by 8 seconds
11:49:13 INFO  Executed sudo&lt;tedge_connect_c8y&gt;, exit status 0, duration 14 secs
11:49:17 INFO  Executed sudo&lt;tedge_disconnect_c8y&gt;, exit status 0
11:49:18 INFO  Executed systemctl&lt;serv_mapper5&gt;, exit status 3
11:49:18 INFO  
11:49:18 INFO  Test duration: 85.93 secs
11:49:18 INFO  Test final outcome:  BLOCKED
11:49:18 INFO  Test outcome reason: AssertionError:
11:49:18 INFO  
</system-out>
	</testcase>
</testsuite>
