<?xml version="1.0" encoding="utf-8"?>
<testsuite failures="0" name="apt_remove" skipped="0" tests="1" time="65.11" timestamp="2022-06-20T17:02:08">
	<testcase classname="AptPluginRemoveDense" name="apt_remove"/>
</testsuite>
