<?xml version="1.0" encoding="utf-8"?>
<testsuite failures="0" name="SoftwareManagement.sm_apt_install_remove" skipped="0" tests="1" time="154.19" timestamp="2022-07-22T10:00:40">
	<testcase classname="PySysTest" name="SoftwareManagement.sm_apt_install_remove"/>
</testsuite>
