<?xml version="1.0" encoding="utf-8"?>
<testsuite failures="0" name="apt_finalize" skipped="0" tests="1" time="150.92" timestamp="2022-05-20T13:39:16">
	<testcase classname="AptPluginFinalize" name="apt_finalize"/>
</testsuite>
