<?xml version="1.0" encoding="utf-8"?>
<testsuite failures="0" name="apt_finalize" skipped="0" tests="1" time="149.9" timestamp="2022-06-15T11:12:49">
	<testcase classname="AptPluginFinalize" name="apt_finalize"/>
</testsuite>
