<?xml version="1.0" encoding="utf-8"?>
<testsuite failures="1" name="SoftwareManagement.sm_apt_install_remove_with_version" skipped="0" tests="1" time="165.46" timestamp="2022-06-02T09:26:35">
	<testcase classname="PySysTest" name="SoftwareManagement.sm_apt_install_remove_with_version">
		<failure message="BLOCKED: SystemError: Timeout while waiting for status FAILED or SUCCESSFUL" type="BLOCKED"/>
		<system-out>09:23:50 INFO  ==============================================================
09:23:50 INFO  Id:    SoftwareManagement.sm_apt_install_remove_with_version
09:23:50 INFO  Dir:   software_management_end_to_end/
09:23:50 INFO  Title: Validate end to end behaviour for the apt plugin for packages with version
09:23:50 INFO  ==============================================================
09:23:50 INFO  Using sw id database: {'asciijump': '5475369', 'robotfindskitten': '5474869', 'squirrel3': '5475279', 'rolldice': '5152439', 'moon-buggy': '5439204', 'apple': '5495053', 'banana': '5494888', 'cherry': '5495382', 'watermelon': '5494510', 'registry': '8018911', 'hello-world': '8021526', 'docker/getting-started': '8021973', 'alpine': '7991792'}
09:23:50 INFO  EnvironmentC8y Setup
09:23:50 INFO  Executed systemctl&lt;serv_mapper1&gt;, exit status 3
09:23:50 INFO  Restarting mosquitto too frequently in the last 10 seconds. It was only up for 5 seconds
09:23:50 INFO  Delaying execution by 6 seconds
09:24:10 INFO  Executed sudo&lt;tedge_connect_c8y&gt;, exit status 0, duration 13 secs
09:24:11 INFO  Executed sudo&lt;tedge_connect_c8y_test&gt;, exit status 0
09:24:11 INFO  Executed systemctl&lt;serv_mosq2&gt;, exit status 0
09:24:12 INFO  Executed systemctl&lt;serv_mapper3&gt;, exit status 0
09:24:14 INFO  State of current operation: PENDING
09:24:16 INFO  State of current operation: PENDING
09:24:18 INFO  State of current operation: PENDING
09:24:21 INFO  State of current operation: PENDING
09:24:23 INFO  State of current operation: PENDING
09:24:25 INFO  State of current operation: PENDING
09:24:27 INFO  State of current operation: PENDING
09:24:30 INFO  State of current operation: PENDING
09:24:32 INFO  State of current operation: PENDING
09:24:34 INFO  State of current operation: PENDING
09:24:36 INFO  State of current operation: PENDING
09:24:39 INFO  State of current operation: PENDING
09:24:41 INFO  State of current operation: PENDING
09:24:43 INFO  State of current operation: PENDING
09:24:45 INFO  State of current operation: PENDING
09:24:47 INFO  State of current operation: PENDING
09:24:50 INFO  State of current operation: PENDING
09:24:52 INFO  State of current operation: PENDING
09:24:54 INFO  State of current operation: PENDING
09:24:56 INFO  State of current operation: PENDING
09:24:59 INFO  State of current operation: PENDING
09:25:01 INFO  State of current operation: PENDING
09:25:03 INFO  State of current operation: PENDING
09:25:05 INFO  State of current operation: PENDING
09:25:08 INFO  State of current operation: PENDING
09:25:10 INFO  State of current operation: PENDING
09:25:12 INFO  State of current operation: PENDING
09:25:14 INFO  State of current operation: PENDING
09:25:16 INFO  State of current operation: PENDING
09:25:19 INFO  State of current operation: PENDING
09:25:21 INFO  State of current operation: PENDING
09:25:23 INFO  State of current operation: PENDING
09:25:25 INFO  State of current operation: PENDING
09:25:28 INFO  State of current operation: PENDING
09:25:30 INFO  State of current operation: PENDING
09:25:32 INFO  State of current operation: PENDING
09:25:34 INFO  State of current operation: PENDING
09:25:37 INFO  State of current operation: PENDING
09:25:39 INFO  State of current operation: PENDING
09:25:41 INFO  State of current operation: PENDING
09:25:44 INFO  State of current operation: PENDING
09:25:46 INFO  State of current operation: PENDING
09:25:48 INFO  State of current operation: PENDING
09:25:50 INFO  State of current operation: PENDING
09:25:53 INFO  State of current operation: PENDING
09:25:55 INFO  State of current operation: PENDING
09:25:57 INFO  State of current operation: PENDING
09:25:59 INFO  State of current operation: PENDING
09:26:02 INFO  State of current operation: PENDING
09:26:04 INFO  State of current operation: PENDING
09:26:06 INFO  State of current operation: PENDING
09:26:08 INFO  State of current operation: PENDING
09:26:11 INFO  State of current operation: PENDING
09:26:13 INFO  State of current operation: PENDING
09:26:15 INFO  State of current operation: PENDING
09:26:17 INFO  State of current operation: PENDING
09:26:20 INFO  State of current operation: PENDING
09:26:22 INFO  State of current operation: PENDING
09:26:24 INFO  State of current operation: PENDING
09:26:26 INFO  State of current operation: PENDING
09:26:28 INFO  State of current operation: PENDING
09:26:30 WARN  SystemError occurred while running test - Timeout while waiting for status FAILED or SUCCESSFUL
Traceback (most recent call last):
  File &quot;/home/pi/env-pysys/lib/python3.7/site-packages/pysys/baserunner.py&quot;, line 1292, in __call__
    self.testObj.setup()
  File &quot;/home/pi/actions-runner/_work/thin-edge.io/thin-edge.io/tests/PySys/software_management_end_to_end/sm_apt_install_remove_with_version/run.py&quot;, line 27, in setup
    super().setup()
  File &quot;/home/pi/actions-runner/_work/thin-edge.io/thin-edge.io/tests/PySys/software_management_end_to_end/environment_sm_management.py&quot;, line 151, in setup
    self.wait_until_end()
  File &quot;/home/pi/actions-runner/_work/thin-edge.io/thin-edge.io/tests/PySys/software_management_end_to_end/environment_sm_management.py&quot;, line 332, in wait_until_end
    self.wait_until_status(&quot;FAILED&quot;, &quot;SUCCESSFUL&quot;)
  File &quot;/home/pi/actions-runner/_work/thin-edge.io/thin-edge.io/tests/PySys/software_management_end_to_end/environment_sm_management.py&quot;, line 381, in wait_until_status
    &quot;Timeout while waiting for status %s or %s&quot; % (status, status2)
SystemError: Timeout while waiting for status FAILED or SUCCESSFUL
09:26:30 WARN  SystemError: Timeout while waiting for status FAILED or SUCCESSFUL ... blocked 
09:26:30 INFO  
09:26:30 INFO  cleanup:
09:26:35 INFO  Executed sudo&lt;tedge_disconnect_c8y&gt;, exit status 0
09:26:35 INFO  Executed systemctl&lt;serv_mapper5&gt;, exit status 3
09:26:35 INFO  
09:26:35 INFO  Test duration: 165.46 secs
09:26:35 INFO  Test final outcome:  BLOCKED
09:26:35 INFO  Test outcome reason: SystemError: Timeout while waiting for status FAILED or SUCCESSFUL
09:26:35 INFO  
</system-out>
	</testcase>
</testsuite>
