<?xml version="1.0" encoding="utf-8"?>
<testsuite failures="0" name="apt_install" skipped="0" tests="1" time="64.23" timestamp="2022-06-09T16:51:57">
	<testcase classname="AptPluginInstallDense" name="apt_install"/>
</testsuite>
