<?xml version="1.0" encoding="utf-8"?>
<testsuite failures="1" name="SoftwareManagement.sm_apt_install_download_path" skipped="0" tests="1" time="189.72" timestamp="2022-05-24T11:19:10">
	<testcase classname="AptInstallWithDownloadPath" name="SoftwareManagement.sm_apt_install_download_path">
		<failure message="BLOCKED: SystemError: Timeout while waiting for status FAILED or SUCCESSFUL" type="BLOCKED"/>
		<system-out>11:16:00 INFO  ==============================================================
11:16:00 INFO  Id:    SoftwareManagement.sm_apt_install_download_path
11:16:00 INFO  Dir:   software_management_end_to_end/
11:16:00 INFO  Title: Install package to directory specified in tedge config set tmp.path
11:16:00 INFO  ==============================================================
11:16:01 INFO  Using sw id database: {'asciijump': '5475369', 'robotfindskitten': '5474869', 'squirrel3': '5475279', 'rolldice': '5152439', 'moon-buggy': '5439204', 'apple': '5495053', 'banana': '5494888', 'cherry': '5495382', 'watermelon': '5494510', 'registry': '8018911', 'hello-world': '8021526', 'docker/getting-started': '8021973', 'alpine': '7991792'}
11:16:01 INFO  EnvironmentC8y Setup
11:16:01 INFO  Executed systemctl&lt;serv_mapper1&gt;, exit status 3
11:16:15 INFO  Executed sudo&lt;tedge_connect_c8y&gt;, exit status 0, duration 14 secs
11:16:17 INFO  Executed sudo&lt;tedge_connect_c8y_test&gt;, exit status 0
11:16:18 INFO  Executed systemctl&lt;serv_mosq2&gt;, exit status 0
11:16:19 INFO  Executed systemctl&lt;serv_mapper3&gt;, exit status 0
11:16:21 INFO  State of current operation: PENDING
11:16:23 INFO  State of current operation: PENDING
11:16:26 INFO  State of current operation: PENDING
11:16:28 INFO  State of current operation: PENDING
11:16:30 INFO  State of current operation: PENDING
11:16:32 INFO  State of current operation: PENDING
11:16:35 INFO  State of current operation: PENDING
11:16:37 INFO  State of current operation: PENDING
11:16:39 INFO  State of current operation: PENDING
11:16:41 INFO  State of current operation: PENDING
11:16:43 INFO  State of current operation: PENDING
11:16:46 INFO  State of current operation: PENDING
11:16:48 INFO  State of current operation: PENDING
11:16:50 INFO  State of current operation: PENDING
11:16:52 INFO  State of current operation: PENDING
11:16:55 INFO  State of current operation: PENDING
11:16:57 INFO  State of current operation: PENDING
11:16:59 INFO  State of current operation: PENDING
11:17:01 INFO  State of current operation: PENDING
11:17:04 INFO  State of current operation: PENDING
11:17:06 INFO  State of current operation: PENDING
11:17:08 INFO  State of current operation: PENDING
11:17:10 INFO  State of current operation: PENDING
11:17:12 INFO  State of current operation: PENDING
11:17:15 INFO  State of current operation: PENDING
11:17:17 INFO  State of current operation: PENDING
11:17:19 INFO  State of current operation: PENDING
11:17:21 INFO  State of current operation: PENDING
11:17:24 INFO  State of current operation: PENDING
11:17:26 INFO  State of current operation: PENDING
11:17:28 INFO  State of current operation: PENDING
11:17:30 INFO  State of current operation: PENDING
11:17:32 INFO  State of current operation: PENDING
11:17:35 INFO  State of current operation: PENDING
11:17:37 INFO  State of current operation: PENDING
11:17:39 INFO  State of current operation: PENDING
11:17:41 INFO  State of current operation: PENDING
11:17:44 INFO  State of current operation: PENDING
11:17:46 INFO  State of current operation: PENDING
11:17:48 INFO  State of current operation: PENDING
11:17:50 INFO  State of current operation: PENDING
11:17:53 INFO  State of current operation: PENDING
11:17:55 INFO  State of current operation: PENDING
11:17:57 INFO  State of current operation: PENDING
11:17:59 INFO  State of current operation: PENDING
11:18:01 INFO  State of current operation: PENDING
11:18:04 INFO  State of current operation: PENDING
11:18:06 INFO  State of current operation: PENDING
11:18:08 INFO  State of current operation: PENDING
11:18:10 INFO  State of current operation: PENDING
11:18:13 INFO  State of current operation: PENDING
11:18:15 INFO  State of current operation: PENDING
11:18:17 INFO  State of current operation: PENDING
11:18:19 INFO  State of current operation: PENDING
11:18:22 INFO  State of current operation: PENDING
11:18:24 INFO  State of current operation: PENDING
11:18:26 INFO  State of current operation: PENDING
11:18:28 INFO  State of current operation: PENDING
11:18:30 INFO  State of current operation: PENDING
11:18:33 INFO  State of current operation: PENDING
11:18:35 INFO  State of current operation: PENDING
11:18:37 WARN  SystemError occurred while running test - Timeout while waiting for status FAILED or SUCCESSFUL
Traceback (most recent call last):
  File &quot;/home/pi/env-pysys/lib/python3.7/site-packages/pysys/baserunner.py&quot;, line 1292, in __call__
    self.testObj.setup()
  File &quot;/home/pi/actions-runner/_work/thin-edge.io/thin-edge.io/tests/PySys/software_management_end_to_end/sm_apt_install_download_path/run.py&quot;, line 48, in setup
    super().setup()
  File &quot;/home/pi/actions-runner/_work/thin-edge.io/thin-edge.io/tests/PySys/software_management_end_to_end/environment_sm_management.py&quot;, line 151, in setup
    self.wait_until_end()
  File &quot;/home/pi/actions-runner/_work/thin-edge.io/thin-edge.io/tests/PySys/software_management_end_to_end/environment_sm_management.py&quot;, line 332, in wait_until_end
    self.wait_until_status(&quot;FAILED&quot;, &quot;SUCCESSFUL&quot;)
  File &quot;/home/pi/actions-runner/_work/thin-edge.io/thin-edge.io/tests/PySys/software_management_end_to_end/environment_sm_management.py&quot;, line 381, in wait_until_status
    &quot;Timeout while waiting for status %s or %s&quot; % (status, status2)
SystemError: Timeout while waiting for status FAILED or SUCCESSFUL
11:18:38 WARN  SystemError: Timeout while waiting for status FAILED or SUCCESSFUL ... blocked 
11:18:38 INFO  
11:18:38 INFO  cleanup:
11:18:38 INFO  Executed sudo, exit status 0
11:18:39 INFO  Executed sudo, exit status 0
11:18:42 INFO  Executed sudo&lt;tedge_disconnect_c8y&gt;, exit status 0
11:18:43 INFO  Restarting mosquitto too frequently in the last 10 seconds. It was only up for 3 seconds
11:18:43 INFO  Delaying execution by 8 seconds
11:19:05 INFO  Executed sudo&lt;tedge_connect_c8y&gt;, exit status 0, duration 14 secs
11:19:10 INFO  Executed sudo&lt;tedge_disconnect_c8y&gt;, exit status 0
11:19:10 INFO  Executed systemctl&lt;serv_mapper5&gt;, exit status 3
11:19:10 INFO  
11:19:10 INFO  Test duration: 189.72 secs
11:19:10 INFO  Test final outcome:  BLOCKED
11:19:10 INFO  Test outcome reason: SystemError: Timeout while waiting for status FAILED or SUCCESSFUL
11:19:10 INFO  
</system-out>
	</testcase>
</testsuite>
