<?xml version="1.0" encoding="utf-8"?>
<testsuite failures="0" name="apt_install" skipped="0" tests="1" time="64.21" timestamp="2022-06-22T19:05:40">
	<testcase classname="AptPluginInstallDense" name="apt_install"/>
</testsuite>
