<?xml version="1.0" encoding="utf-8"?>
<testsuite failures="1" name="SoftwareManagement.sm_apt_install_remove_multiple" skipped="0" tests="1" time="178.76" timestamp="2022-06-22T18:03:47">
	<testcase classname="PySysTest" name="SoftwareManagement.sm_apt_install_remove_multiple">
		<failure message="FAILED: Assert that (False == value) with value=True" type="FAILED"/>
		<system-out>18:00:48 INFO  ==============================================================
18:00:48 INFO  Id:    SoftwareManagement.sm_apt_install_remove_multiple
18:00:48 INFO  Dir:   software_management_end_to_end/
18:00:48 INFO  Title: Validate end to end behaviour for the apt plugin for multiple packages
18:00:48 INFO  ==============================================================
18:00:48 INFO  Using sw id database: {'asciijump': '5475369', 'robotfindskitten': '5474869', 'squirrel3': '5475279', 'rolldice': '5152439', 'moon-buggy': '5439204', 'apple': '5495053', 'banana': '5494888', 'cherry': '5495382', 'watermelon': '5494510', 'registry': '8018911', 'hello-world': '8021526', 'docker/getting-started': '8021973', 'alpine': '7991792'}
18:00:48 INFO  EnvironmentC8y Setup
18:00:48 INFO  Executed systemctl&lt;serv_mapper1&gt;, exit status 3
18:00:48 INFO  Restarting mosquitto too frequently in the last 10 seconds. It was only up for 5 seconds
18:00:48 INFO  Delaying execution by 6 seconds
18:01:09 INFO  Executed sudo&lt;tedge_connect_c8y&gt;, exit status 0, duration 14 secs
18:01:09 INFO  Executed sudo&lt;tedge_connect_c8y_test&gt;, exit status 0
18:01:10 INFO  Executed systemctl&lt;serv_mosq2&gt;, exit status 0
18:01:10 INFO  Executed systemctl&lt;serv_mapper3&gt;, exit status 0
18:01:12 INFO  State of current operation: SUCCESSFUL
18:01:13 INFO  Assert that (False == value) with value=False ... passed
18:01:13 INFO  Assert that (False == value) with value=False ... passed
18:01:13 INFO  Assert that (False == value) with value=False ... passed
18:01:13 INFO  Package robotfindskitten is installed
18:01:13 WARN  Assert that (False == value) with value=True ... failed 
18:01:14 INFO  Response status: 201
18:01:14 INFO  Response to action: {
    &quot;creationTime&quot;: &quot;2022-06-22T18:01:13.984Z&quot;,
    &quot;deviceName&quot;: &quot;m32sd10b&quot;,
    &quot;deviceId&quot;: &quot;20418358&quot;,
    &quot;self&quot;: &quot;https://t493319102.eu-latest.cumulocity.com/devicecontrol/operations/20433714&quot;,
    &quot;id&quot;: &quot;20433714&quot;,
    &quot;status&quot;: &quot;PENDING&quot;,
    &quot;description&quot;: &quot;Apply software changes, triggered from PySys: [{'action': 'install', 'id': '5475369', 'name': 'asciijump', 'url': ' ', 'version': '::apt'}, {'action': 'install', 'id': '5474869', 'name': 'robotfindskitten', 'url': ' ', 'version': '::apt'}, {'action': 'install', 'id': '5475279', 'name': 'squirrel3', 'url': ' ', 'version': '::apt'}]&quot;,
    &quot;c8y_SoftwareUpdate&quot;: [
        {
            &quot;name&quot;: &quot;asciijump&quot;,
            &quot;action&quot;: &quot;install&quot;,
            &quot;id&quot;: &quot;5475369&quot;,
            &quot;version&quot;: &quot;::apt&quot;,
            &quot;url&quot;: &quot; &quot;
        },
        {
            &quot;name&quot;: &quot;robotfindskitten&quot;,
            &quot;action&quot;: &quot;install&quot;,
            &quot;id&quot;: &quot;5474869&quot;,
            &quot;version&quot;: &quot;::apt&quot;,
            &quot;url&quot;: &quot; &quot;
        },
        {
            &quot;name&quot;: &quot;squirrel3&quot;,
            &quot;action&quot;: &quot;install&quot;,
            &quot;id&quot;: &quot;5475279&quot;,
            &quot;version&quot;: &quot;::apt&quot;,
            &quot;url&quot;: &quot; &quot;
        }
    ]
}
18:01:14 INFO  Started operation: {'creationTime': '2022-06-22T18:01:13.984Z', 'deviceName': 'm32sd10b', 'deviceId': '20418358', 'self': 'https://t493319102.eu-latest.cumulocity.com/devicecontrol/operations/20433714', 'id': '20433714', 'status': 'PENDING', 'description': &quot;Apply software changes, triggered from PySys: [{'action': 'install', 'id': '5475369', 'name': 'asciijump', 'url': ' ', 'version': '::apt'}, {'action': 'install', 'id': '5474869', 'name': 'robotfindskitten', 'url': ' ', 'version': '::apt'}, {'action': 'install', 'id': '5475279', 'name': 'squirrel3', 'url': ' ', 'version': '::apt'}]&quot;, 'c8y_SoftwareUpdate': [{'name': 'asciijump', 'action': 'install', 'id': '5475369', 'version': '::apt', 'url': ' '}, {'name': 'robotfindskitten', 'action': 'install', 'id': '5474869', 'version': '::apt', 'url': ' '}, {'name': 'squirrel3', 'action': 'install', 'id': '5475279', 'version': '::apt', 'url': ' '}]}
18:01:16 INFO  State of operation 20433714 : PENDING
18:01:18 INFO  State of operation 20433714 : EXECUTING
18:01:20 INFO  State of operation 20433714 : EXECUTING
18:01:22 INFO  State of operation 20433714 : EXECUTING
18:01:25 INFO  State of operation 20433714 : EXECUTING
18:01:27 INFO  State of operation 20433714 : EXECUTING
18:01:30 INFO  State of operation 20433714 : EXECUTING
18:01:32 INFO  State of operation 20433714 : EXECUTING
18:01:35 INFO  State of operation 20433714 : EXECUTING
18:01:37 INFO  State of operation 20433714 : EXECUTING
18:01:39 INFO  State of operation 20433714 : EXECUTING
18:01:42 INFO  State of operation 20433714 : EXECUTING
18:01:44 INFO  State of operation 20433714 : EXECUTING
18:01:46 INFO  State of operation 20433714 : EXECUTING
18:01:48 INFO  State of operation 20433714 : EXECUTING
18:01:51 INFO  State of operation 20433714 : EXECUTING
18:01:53 INFO  State of operation 20433714 : EXECUTING
18:01:56 INFO  State of operation 20433714 : EXECUTING
18:01:58 INFO  State of operation 20433714 : EXECUTING
18:02:00 INFO  State of operation 20433714 : EXECUTING
18:02:02 INFO  State of operation 20433714 : EXECUTING
18:02:05 INFO  State of operation 20433714 : EXECUTING
18:02:07 INFO  State of operation 20433714 : EXECUTING
18:02:10 INFO  State of operation 20433714 : EXECUTING
18:02:13 INFO  State of operation 20433714 : EXECUTING
18:02:15 INFO  State of operation 20433714 : EXECUTING
18:02:18 INFO  State of operation 20433714 : EXECUTING
18:02:20 INFO  State of operation 20433714 : EXECUTING
18:02:23 INFO  State of operation 20433714 : EXECUTING
18:02:25 INFO  State of operation 20433714 : EXECUTING
18:02:27 INFO  State of operation 20433714 : EXECUTING
18:02:29 INFO  State of operation 20433714 : EXECUTING
18:02:32 INFO  State of operation 20433714 : EXECUTING
18:02:34 INFO  State of operation 20433714 : SUCCESSFUL
18:02:34 INFO  Assert that (False == value) with value=False ... passed
18:02:34 INFO  Package asciijump is installed
18:02:34 INFO  Assert that (True == value) with value=True ... passed
18:02:35 INFO  Package squirrel3 is installed
18:02:35 INFO  Assert that (True == value) with value=True ... passed
18:02:35 INFO  Package robotfindskitten is installed
18:02:35 INFO  Assert that (True == value) with value=True ... passed
18:02:35 INFO  Response status: 201
18:02:35 INFO  Response to action: {
    &quot;creationTime&quot;: &quot;2022-06-22T18:02:35.611Z&quot;,
    &quot;deviceName&quot;: &quot;m32sd10b&quot;,
    &quot;deviceId&quot;: &quot;20418358&quot;,
    &quot;self&quot;: &quot;https://t493319102.eu-latest.cumulocity.com/devicecontrol/operations/20433722&quot;,
    &quot;id&quot;: &quot;20433722&quot;,
    &quot;status&quot;: &quot;PENDING&quot;,
    &quot;description&quot;: &quot;Apply software changes, triggered from PySys: [{'action': 'delete', 'id': '5475369', 'name': 'asciijump', 'url': ' ', 'version': '::apt'}, {'action': 'delete', 'id': '5474869', 'name': 'robotfindskitten', 'url': ' ', 'version': '::apt'}, {'action': 'delete', 'id': '5475279', 'name': 'squirrel3', 'url': ' ', 'version': '::apt'}]&quot;,
    &quot;c8y_SoftwareUpdate&quot;: [
        {
            &quot;name&quot;: &quot;asciijump&quot;,
            &quot;action&quot;: &quot;delete&quot;,
            &quot;id&quot;: &quot;5475369&quot;,
            &quot;version&quot;: &quot;::apt&quot;,
            &quot;url&quot;: &quot; &quot;
        },
        {
            &quot;name&quot;: &quot;robotfindskitten&quot;,
            &quot;action&quot;: &quot;delete&quot;,
            &quot;id&quot;: &quot;5474869&quot;,
            &quot;version&quot;: &quot;::apt&quot;,
            &quot;url&quot;: &quot; &quot;
        },
        {
            &quot;name&quot;: &quot;squirrel3&quot;,
            &quot;action&quot;: &quot;delete&quot;,
            &quot;id&quot;: &quot;5475279&quot;,
            &quot;version&quot;: &quot;::apt&quot;,
            &quot;url&quot;: &quot; &quot;
        }
    ]
}
18:02:35 INFO  Started operation: {'creationTime': '2022-06-22T18:02:35.611Z', 'deviceName': 'm32sd10b', 'deviceId': '20418358', 'self': 'https://t493319102.eu-latest.cumulocity.com/devicecontrol/operations/20433722', 'id': '20433722', 'status': 'PENDING', 'description': &quot;Apply software changes, triggered from PySys: [{'action': 'delete', 'id': '5475369', 'name': 'asciijump', 'url': ' ', 'version': '::apt'}, {'action': 'delete', 'id': '5474869', 'name': 'robotfindskitten', 'url': ' ', 'version': '::apt'}, {'action': 'delete', 'id': '5475279', 'name': 'squirrel3', 'url': ' ', 'version': '::apt'}]&quot;, 'c8y_SoftwareUpdate': [{'name': 'asciijump', 'action': 'delete', 'id': '5475369', 'version': '::apt', 'url': ' '}, {'name': 'robotfindskitten', 'action': 'delete', 'id': '5474869', 'version': '::apt', 'url': ' '}, {'name': 'squirrel3', 'action': 'delete', 'id': '5475279', 'version': '::apt', 'url': ' '}]}
18:02:37 INFO  State of operation 20433722 : PENDING
18:02:40 INFO  State of operation 20433722 : EXECUTING
18:02:42 INFO  State of operation 20433722 : EXECUTING
18:02:44 INFO  State of operation 20433722 : EXECUTING
18:02:46 INFO  State of operation 20433722 : EXECUTING
18:02:49 INFO  State of operation 20433722 : EXECUTING
18:02:51 INFO  State of operation 20433722 : EXECUTING
18:02:54 INFO  State of operation 20433722 : EXECUTING
18:02:57 INFO  State of operation 20433722 : EXECUTING
18:02:59 INFO  State of operation 20433722 : EXECUTING
18:03:01 INFO  State of operation 20433722 : EXECUTING
18:03:03 INFO  State of operation 20433722 : EXECUTING
18:03:05 INFO  State of operation 20433722 : EXECUTING
18:03:08 INFO  State of operation 20433722 : EXECUTING
18:03:10 INFO  State of operation 20433722 : EXECUTING
18:03:12 INFO  State of operation 20433722 : EXECUTING
18:03:15 INFO  State of operation 20433722 : EXECUTING
18:03:18 INFO  State of operation 20433722 : EXECUTING
18:03:20 INFO  State of operation 20433722 : EXECUTING
18:03:22 INFO  State of operation 20433722 : EXECUTING
18:03:25 INFO  State of operation 20433722 : EXECUTING
18:03:27 INFO  State of operation 20433722 : EXECUTING
18:03:29 INFO  State of operation 20433722 : EXECUTING
18:03:31 INFO  State of operation 20433722 : EXECUTING
18:03:34 INFO  State of operation 20433722 : EXECUTING
18:03:36 INFO  State of operation 20433722 : EXECUTING
18:03:39 INFO  State of operation 20433722 : EXECUTING
18:03:41 INFO  State of operation 20433722 : SUCCESSFUL
18:03:41 INFO  Assert that (False == value) with value=False ... passed
18:03:41 INFO  Assert that (False == value) with value=False ... passed
18:03:42 INFO  Assert that (False == value) with value=False ... passed
18:03:42 INFO  Assert that (False == value) with value=False ... passed
18:03:42 INFO  
18:03:42 INFO  cleanup:
18:03:46 INFO  Executed sudo&lt;tedge_disconnect_c8y&gt;, exit status 0
18:03:47 INFO  Executed systemctl&lt;serv_mapper5&gt;, exit status 3
18:03:47 INFO  
18:03:47 INFO  Test duration: 178.76 secs
18:03:47 INFO  Test final outcome:  FAILED
18:03:47 INFO  Test outcome reason: Assert that (False == value) with value=True
18:03:47 INFO  
</system-out>
	</testcase>
</testsuite>
