<?xml version="1.0" encoding="utf-8"?>
<testsuite failures="0" name="SoftwareManagement.sm_apt_install_remove_multiple" skipped="0" tests="1" time="181.24" timestamp="2022-07-21T16:52:51">
	<testcase classname="PySysTest" name="SoftwareManagement.sm_apt_install_remove_multiple"/>
</testsuite>
