<?xml version="1.0" encoding="utf-8"?>
<testsuite failures="0" name="apt_prepare" skipped="0" tests="1" time="21.64" timestamp="2022-05-23T17:09:08">
	<testcase classname="AptPluginPrepare" name="apt_prepare"/>
</testsuite>
