<?xml version="1.0" encoding="utf-8"?>
<testsuite failures="1" name="SoftwareManagement.sm_apt_install_remove_multiple" skipped="0" tests="1" time="179.79" timestamp="2022-06-15T11:39:54">
	<testcase classname="PySysTest" name="SoftwareManagement.sm_apt_install_remove_multiple">
		<failure message="FAILED: Assert that (False == value) with value=True" type="FAILED"/>
		<system-out>11:36:54 INFO  ==============================================================
11:36:54 INFO  Id:    SoftwareManagement.sm_apt_install_remove_multiple
11:36:54 INFO  Dir:   software_management_end_to_end/
11:36:54 INFO  Title: Validate end to end behaviour for the apt plugin for multiple packages
11:36:54 INFO  ==============================================================
11:36:54 INFO  Using sw id database: {'asciijump': '5475369', 'robotfindskitten': '5474869', 'squirrel3': '5475279', 'rolldice': '5152439', 'moon-buggy': '5439204', 'apple': '5495053', 'banana': '5494888', 'cherry': '5495382', 'watermelon': '5494510', 'registry': '8018911', 'hello-world': '8021526', 'docker/getting-started': '8021973', 'alpine': '7991792'}
11:36:54 INFO  EnvironmentC8y Setup
11:36:54 INFO  Executed systemctl&lt;serv_mapper1&gt;, exit status 3
11:36:55 INFO  Restarting mosquitto too frequently in the last 10 seconds. It was only up for 4 seconds
11:36:55 INFO  Delaying execution by 7 seconds
11:37:15 INFO  Executed sudo&lt;tedge_connect_c8y&gt;, exit status 0, duration 13 secs
11:37:16 INFO  Executed sudo&lt;tedge_connect_c8y_test&gt;, exit status 0
11:37:17 INFO  Executed systemctl&lt;serv_mosq2&gt;, exit status 0
11:37:17 INFO  Executed systemctl&lt;serv_mapper3&gt;, exit status 0
11:37:19 INFO  State of current operation: SUCCESSFUL
11:37:19 INFO  Assert that (False == value) with value=False ... passed
11:37:20 INFO  Assert that (False == value) with value=False ... passed
11:37:20 INFO  Assert that (False == value) with value=False ... passed
11:37:20 INFO  Package robotfindskitten is installed
11:37:20 WARN  Assert that (False == value) with value=True ... failed 
11:37:20 INFO  Response status: 201
11:37:20 INFO  Response to action: {
    &quot;creationTime&quot;: &quot;2022-06-15T11:37:20.849Z&quot;,
    &quot;deviceName&quot;: &quot;m32sd10b&quot;,
    &quot;deviceId&quot;: &quot;20221101&quot;,
    &quot;self&quot;: &quot;https://t493319102.eu-latest.cumulocity.com/devicecontrol/operations/20232165&quot;,
    &quot;id&quot;: &quot;20232165&quot;,
    &quot;status&quot;: &quot;PENDING&quot;,
    &quot;description&quot;: &quot;Apply software changes, triggered from PySys: [{'action': 'install', 'id': '5475369', 'name': 'asciijump', 'url': ' ', 'version': '::apt'}, {'action': 'install', 'id': '5474869', 'name': 'robotfindskitten', 'url': ' ', 'version': '::apt'}, {'action': 'install', 'id': '5475279', 'name': 'squirrel3', 'url': ' ', 'version': '::apt'}]&quot;,
    &quot;c8y_SoftwareUpdate&quot;: [
        {
            &quot;name&quot;: &quot;asciijump&quot;,
            &quot;action&quot;: &quot;install&quot;,
            &quot;id&quot;: &quot;5475369&quot;,
            &quot;version&quot;: &quot;::apt&quot;,
            &quot;url&quot;: &quot; &quot;
        },
        {
            &quot;name&quot;: &quot;robotfindskitten&quot;,
            &quot;action&quot;: &quot;install&quot;,
            &quot;id&quot;: &quot;5474869&quot;,
            &quot;version&quot;: &quot;::apt&quot;,
            &quot;url&quot;: &quot; &quot;
        },
        {
            &quot;name&quot;: &quot;squirrel3&quot;,
            &quot;action&quot;: &quot;install&quot;,
            &quot;id&quot;: &quot;5475279&quot;,
            &quot;version&quot;: &quot;::apt&quot;,
            &quot;url&quot;: &quot; &quot;
        }
    ]
}
11:37:20 INFO  Started operation: {'creationTime': '2022-06-15T11:37:20.849Z', 'deviceName': 'm32sd10b', 'deviceId': '20221101', 'self': 'https://t493319102.eu-latest.cumulocity.com/devicecontrol/operations/20232165', 'id': '20232165', 'status': 'PENDING', 'description': &quot;Apply software changes, triggered from PySys: [{'action': 'install', 'id': '5475369', 'name': 'asciijump', 'url': ' ', 'version': '::apt'}, {'action': 'install', 'id': '5474869', 'name': 'robotfindskitten', 'url': ' ', 'version': '::apt'}, {'action': 'install', 'id': '5475279', 'name': 'squirrel3', 'url': ' ', 'version': '::apt'}]&quot;, 'c8y_SoftwareUpdate': [{'name': 'asciijump', 'action': 'install', 'id': '5475369', 'version': '::apt', 'url': ' '}, {'name': 'robotfindskitten', 'action': 'install', 'id': '5474869', 'version': '::apt', 'url': ' '}, {'name': 'squirrel3', 'action': 'install', 'id': '5475279', 'version': '::apt', 'url': ' '}]}
11:37:23 INFO  State of operation 20232165 : PENDING
11:37:25 INFO  State of operation 20232165 : EXECUTING
11:37:27 INFO  State of operation 20232165 : EXECUTING
11:37:29 INFO  State of operation 20232165 : EXECUTING
11:37:32 INFO  State of operation 20232165 : EXECUTING
11:37:34 INFO  State of operation 20232165 : EXECUTING
11:37:36 INFO  State of operation 20232165 : EXECUTING
11:37:39 INFO  State of operation 20232165 : EXECUTING
11:37:42 INFO  State of operation 20232165 : EXECUTING
11:37:44 INFO  State of operation 20232165 : EXECUTING
11:37:46 INFO  State of operation 20232165 : EXECUTING
11:37:48 INFO  State of operation 20232165 : EXECUTING
11:37:50 INFO  State of operation 20232165 : EXECUTING
11:37:53 INFO  State of operation 20232165 : EXECUTING
11:37:55 INFO  State of operation 20232165 : EXECUTING
11:37:57 INFO  State of operation 20232165 : EXECUTING
11:38:00 INFO  State of operation 20232165 : EXECUTING
11:38:02 INFO  State of operation 20232165 : EXECUTING
11:38:05 INFO  State of operation 20232165 : EXECUTING
11:38:07 INFO  State of operation 20232165 : EXECUTING
11:38:09 INFO  State of operation 20232165 : EXECUTING
11:38:12 INFO  State of operation 20232165 : EXECUTING
11:38:14 INFO  State of operation 20232165 : EXECUTING
11:38:17 INFO  State of operation 20232165 : EXECUTING
11:38:19 INFO  State of operation 20232165 : EXECUTING
11:38:21 INFO  State of operation 20232165 : EXECUTING
11:38:23 INFO  State of operation 20232165 : EXECUTING
11:38:26 INFO  State of operation 20232165 : EXECUTING
11:38:28 INFO  State of operation 20232165 : EXECUTING
11:38:30 INFO  State of operation 20232165 : EXECUTING
11:38:33 INFO  State of operation 20232165 : EXECUTING
11:38:35 INFO  State of operation 20232165 : EXECUTING
11:38:37 INFO  State of operation 20232165 : EXECUTING
11:38:39 INFO  State of operation 20232165 : EXECUTING
11:38:42 INFO  State of operation 20232165 : SUCCESSFUL
11:38:42 INFO  Assert that (False == value) with value=False ... passed
11:38:42 INFO  Package asciijump is installed
11:38:42 INFO  Assert that (True == value) with value=True ... passed
11:38:42 INFO  Package squirrel3 is installed
11:38:42 INFO  Assert that (True == value) with value=True ... passed
11:38:42 INFO  Package robotfindskitten is installed
11:38:42 INFO  Assert that (True == value) with value=True ... passed
11:38:43 INFO  Response status: 201
11:38:43 INFO  Response to action: {
    &quot;creationTime&quot;: &quot;2022-06-15T11:38:43.143Z&quot;,
    &quot;deviceName&quot;: &quot;m32sd10b&quot;,
    &quot;deviceId&quot;: &quot;20221101&quot;,
    &quot;self&quot;: &quot;https://t493319102.eu-latest.cumulocity.com/devicecontrol/operations/20232173&quot;,
    &quot;id&quot;: &quot;20232173&quot;,
    &quot;status&quot;: &quot;PENDING&quot;,
    &quot;description&quot;: &quot;Apply software changes, triggered from PySys: [{'action': 'delete', 'id': '5475369', 'name': 'asciijump', 'url': ' ', 'version': '::apt'}, {'action': 'delete', 'id': '5474869', 'name': 'robotfindskitten', 'url': ' ', 'version': '::apt'}, {'action': 'delete', 'id': '5475279', 'name': 'squirrel3', 'url': ' ', 'version': '::apt'}]&quot;,
    &quot;c8y_SoftwareUpdate&quot;: [
        {
            &quot;name&quot;: &quot;asciijump&quot;,
            &quot;action&quot;: &quot;delete&quot;,
            &quot;id&quot;: &quot;5475369&quot;,
            &quot;version&quot;: &quot;::apt&quot;,
            &quot;url&quot;: &quot; &quot;
        },
        {
            &quot;name&quot;: &quot;robotfindskitten&quot;,
            &quot;action&quot;: &quot;delete&quot;,
            &quot;id&quot;: &quot;5474869&quot;,
            &quot;version&quot;: &quot;::apt&quot;,
            &quot;url&quot;: &quot; &quot;
        },
        {
            &quot;name&quot;: &quot;squirrel3&quot;,
            &quot;action&quot;: &quot;delete&quot;,
            &quot;id&quot;: &quot;5475279&quot;,
            &quot;version&quot;: &quot;::apt&quot;,
            &quot;url&quot;: &quot; &quot;
        }
    ]
}
11:38:43 INFO  Started operation: {'creationTime': '2022-06-15T11:38:43.143Z', 'deviceName': 'm32sd10b', 'deviceId': '20221101', 'self': 'https://t493319102.eu-latest.cumulocity.com/devicecontrol/operations/20232173', 'id': '20232173', 'status': 'PENDING', 'description': &quot;Apply software changes, triggered from PySys: [{'action': 'delete', 'id': '5475369', 'name': 'asciijump', 'url': ' ', 'version': '::apt'}, {'action': 'delete', 'id': '5474869', 'name': 'robotfindskitten', 'url': ' ', 'version': '::apt'}, {'action': 'delete', 'id': '5475279', 'name': 'squirrel3', 'url': ' ', 'version': '::apt'}]&quot;, 'c8y_SoftwareUpdate': [{'name': 'asciijump', 'action': 'delete', 'id': '5475369', 'version': '::apt', 'url': ' '}, {'name': 'robotfindskitten', 'action': 'delete', 'id': '5474869', 'version': '::apt', 'url': ' '}, {'name': 'squirrel3', 'action': 'delete', 'id': '5475279', 'version': '::apt', 'url': ' '}]}
11:38:45 INFO  State of operation 20232173 : PENDING
11:38:47 INFO  State of operation 20232173 : EXECUTING
11:38:49 INFO  State of operation 20232173 : EXECUTING
11:38:52 INFO  State of operation 20232173 : EXECUTING
11:38:54 INFO  State of operation 20232173 : EXECUTING
11:38:56 INFO  State of operation 20232173 : EXECUTING
11:38:59 INFO  State of operation 20232173 : EXECUTING
11:39:02 INFO  State of operation 20232173 : EXECUTING
11:39:04 INFO  State of operation 20232173 : EXECUTING
11:39:06 INFO  State of operation 20232173 : EXECUTING
11:39:08 INFO  State of operation 20232173 : EXECUTING
11:39:11 INFO  State of operation 20232173 : EXECUTING
11:39:13 INFO  State of operation 20232173 : EXECUTING
11:39:15 INFO  State of operation 20232173 : EXECUTING
11:39:17 INFO  State of operation 20232173 : EXECUTING
11:39:20 INFO  State of operation 20232173 : EXECUTING
11:39:22 INFO  State of operation 20232173 : EXECUTING
11:39:25 INFO  State of operation 20232173 : EXECUTING
11:39:28 INFO  State of operation 20232173 : EXECUTING
11:39:30 INFO  State of operation 20232173 : EXECUTING
11:39:32 INFO  State of operation 20232173 : EXECUTING
11:39:34 INFO  State of operation 20232173 : EXECUTING
11:39:37 INFO  State of operation 20232173 : EXECUTING
11:39:39 INFO  State of operation 20232173 : EXECUTING
11:39:41 INFO  State of operation 20232173 : EXECUTING
11:39:44 INFO  State of operation 20232173 : EXECUTING
11:39:46 INFO  State of operation 20232173 : EXECUTING
11:39:48 INFO  State of operation 20232173 : SUCCESSFUL
11:39:48 INFO  Assert that (False == value) with value=False ... passed
11:39:49 INFO  Assert that (False == value) with value=False ... passed
11:39:49 INFO  Assert that (False == value) with value=False ... passed
11:39:49 INFO  Assert that (False == value) with value=False ... passed
11:39:49 INFO  
11:39:49 INFO  cleanup:
11:39:53 INFO  Executed sudo&lt;tedge_disconnect_c8y&gt;, exit status 0
11:39:54 INFO  Executed systemctl&lt;serv_mapper5&gt;, exit status 3
11:39:54 INFO  
11:39:54 INFO  Test duration: 179.79 secs
11:39:54 INFO  Test final outcome:  FAILED
11:39:54 INFO  Test outcome reason: Assert that (False == value) with value=True
11:39:54 INFO  
</system-out>
	</testcase>
</testsuite>
