<?xml version="1.0" encoding="utf-8"?>
<testsuite failures="1" name="SoftwareManagement.sm_apt_install_download_path" skipped="0" tests="1" time="189.35" timestamp="2022-05-25T11:27:59">
	<testcase classname="AptInstallWithDownloadPath" name="SoftwareManagement.sm_apt_install_download_path">
		<failure message="BLOCKED: SystemError: Timeout while waiting for status FAILED or SUCCESSFUL" type="BLOCKED"/>
		<system-out>11:24:50 INFO  ==============================================================
11:24:50 INFO  Id:    SoftwareManagement.sm_apt_install_download_path
11:24:50 INFO  Dir:   software_management_end_to_end/
11:24:50 INFO  Title: Install package to directory specified in tedge config set tmp.path
11:24:50 INFO  ==============================================================
11:24:50 INFO  Using sw id database: {'asciijump': '5475369', 'robotfindskitten': '5474869', 'squirrel3': '5475279', 'rolldice': '5152439', 'moon-buggy': '5439204', 'apple': '5495053', 'banana': '5494888', 'cherry': '5495382', 'watermelon': '5494510', 'registry': '8018911', 'hello-world': '8021526', 'docker/getting-started': '8021973', 'alpine': '7991792'}
11:24:50 INFO  EnvironmentC8y Setup
11:24:51 INFO  Executed systemctl&lt;serv_mapper1&gt;, exit status 3
11:25:06 INFO  Executed sudo&lt;tedge_connect_c8y&gt;, exit status 0, duration 14 secs
11:25:07 INFO  Executed sudo&lt;tedge_connect_c8y_test&gt;, exit status 0
11:25:08 INFO  Executed systemctl&lt;serv_mosq2&gt;, exit status 0
11:25:09 INFO  Executed systemctl&lt;serv_mapper3&gt;, exit status 0
11:25:11 INFO  State of current operation: PENDING
11:25:14 INFO  State of current operation: PENDING
11:25:16 INFO  State of current operation: PENDING
11:25:18 INFO  State of current operation: PENDING
11:25:20 INFO  State of current operation: PENDING
11:25:23 INFO  State of current operation: PENDING
11:25:25 INFO  State of current operation: PENDING
11:25:27 INFO  State of current operation: PENDING
11:25:29 INFO  State of current operation: PENDING
11:25:31 INFO  State of current operation: PENDING
11:25:34 INFO  State of current operation: PENDING
11:25:36 INFO  State of current operation: PENDING
11:25:38 INFO  State of current operation: PENDING
11:25:40 INFO  State of current operation: PENDING
11:25:43 INFO  State of current operation: PENDING
11:25:45 INFO  State of current operation: PENDING
11:25:47 INFO  State of current operation: PENDING
11:25:50 INFO  State of current operation: PENDING
11:25:52 INFO  State of current operation: PENDING
11:25:54 INFO  State of current operation: PENDING
11:25:56 INFO  State of current operation: PENDING
11:25:58 INFO  State of current operation: PENDING
11:26:01 INFO  State of current operation: PENDING
11:26:03 INFO  State of current operation: PENDING
11:26:05 INFO  State of current operation: PENDING
11:26:07 INFO  State of current operation: PENDING
11:26:10 INFO  State of current operation: PENDING
11:26:12 INFO  State of current operation: PENDING
11:26:14 INFO  State of current operation: PENDING
11:26:16 INFO  State of current operation: PENDING
11:26:19 INFO  State of current operation: PENDING
11:26:21 INFO  State of current operation: PENDING
11:26:23 INFO  State of current operation: PENDING
11:26:25 INFO  State of current operation: PENDING
11:26:27 INFO  State of current operation: PENDING
11:26:30 INFO  State of current operation: PENDING
11:26:32 INFO  State of current operation: PENDING
11:26:34 INFO  State of current operation: PENDING
11:26:36 INFO  State of current operation: PENDING
11:26:39 INFO  State of current operation: PENDING
11:26:41 INFO  State of current operation: PENDING
11:26:43 INFO  State of current operation: PENDING
11:26:45 INFO  State of current operation: PENDING
11:26:48 INFO  State of current operation: PENDING
11:26:50 INFO  State of current operation: PENDING
11:26:52 INFO  State of current operation: PENDING
11:26:54 INFO  State of current operation: PENDING
11:26:57 INFO  State of current operation: PENDING
11:26:59 INFO  State of current operation: PENDING
11:27:01 INFO  State of current operation: PENDING
11:27:03 INFO  State of current operation: PENDING
11:27:05 INFO  State of current operation: PENDING
11:27:08 INFO  State of current operation: PENDING
11:27:10 INFO  State of current operation: PENDING
11:27:12 INFO  State of current operation: PENDING
11:27:14 INFO  State of current operation: PENDING
11:27:17 INFO  State of current operation: PENDING
11:27:19 INFO  State of current operation: PENDING
11:27:21 INFO  State of current operation: PENDING
11:27:23 INFO  State of current operation: PENDING
11:27:25 INFO  State of current operation: PENDING
11:27:27 WARN  SystemError occurred while running test - Timeout while waiting for status FAILED or SUCCESSFUL
Traceback (most recent call last):
  File &quot;/home/pi/env-pysys/lib/python3.7/site-packages/pysys/baserunner.py&quot;, line 1292, in __call__
    self.testObj.setup()
  File &quot;/home/pi/actions-runner/_work/thin-edge.io/thin-edge.io/tests/PySys/software_management_end_to_end/sm_apt_install_download_path/run.py&quot;, line 48, in setup
    super().setup()
  File &quot;/home/pi/actions-runner/_work/thin-edge.io/thin-edge.io/tests/PySys/software_management_end_to_end/environment_sm_management.py&quot;, line 151, in setup
    self.wait_until_end()
  File &quot;/home/pi/actions-runner/_work/thin-edge.io/thin-edge.io/tests/PySys/software_management_end_to_end/environment_sm_management.py&quot;, line 332, in wait_until_end
    self.wait_until_status(&quot;FAILED&quot;, &quot;SUCCESSFUL&quot;)
  File &quot;/home/pi/actions-runner/_work/thin-edge.io/thin-edge.io/tests/PySys/software_management_end_to_end/environment_sm_management.py&quot;, line 381, in wait_until_status
    &quot;Timeout while waiting for status %s or %s&quot; % (status, status2)
SystemError: Timeout while waiting for status FAILED or SUCCESSFUL
11:27:28 WARN  SystemError: Timeout while waiting for status FAILED or SUCCESSFUL ... blocked 
11:27:28 INFO  
11:27:28 INFO  cleanup:
11:27:29 INFO  Executed sudo, exit status 0
11:27:29 INFO  Executed sudo, exit status 0
11:27:33 INFO  Executed sudo&lt;tedge_disconnect_c8y&gt;, exit status 0
11:27:33 INFO  Restarting mosquitto too frequently in the last 10 seconds. It was only up for 4 seconds
11:27:33 INFO  Delaying execution by 7 seconds
11:27:54 INFO  Executed sudo&lt;tedge_connect_c8y&gt;, exit status 0, duration 14 secs
11:27:59 INFO  Executed sudo&lt;tedge_disconnect_c8y&gt;, exit status 0
11:27:59 INFO  Executed systemctl&lt;serv_mapper5&gt;, exit status 3
11:27:59 INFO  
11:27:59 INFO  Test duration: 189.35 secs
11:27:59 INFO  Test final outcome:  BLOCKED
11:27:59 INFO  Test outcome reason: SystemError: Timeout while waiting for status FAILED or SUCCESSFUL
11:27:59 INFO  
</system-out>
	</testcase>
</testsuite>
