<?xml version="1.0" encoding="utf-8"?>
<testsuite failures="1" name="SoftwareManagement.sm_apt_install_download_path" skipped="0" tests="1" time="53.7" timestamp="2022-07-21T12:25:06">
	<testcase classname="AptInstallWithDownloadPath" name="SoftwareManagement.sm_apt_install_download_path">
		<failure message="BLOCKED: SystemError: The Sofware list is empty !!!" type="BLOCKED"/>
		<system-out>12:24:12 INFO  ==============================================================
12:24:12 INFO  Id:    SoftwareManagement.sm_apt_install_download_path
12:24:12 INFO  Dir:   software_management_end_to_end/
12:24:12 INFO  Title: Install package to directory specified in tedge config set tmp.path
12:24:12 INFO  ==============================================================
12:24:13 INFO  Using sw id database: {'asciijump': '5475369', 'robotfindskitten': '5474869', 'squirrel3': '5475279', 'rolldice': '5152439', 'moon-buggy': '5439204', 'apple': '5495053', 'banana': '5494888', 'cherry': '5495382', 'watermelon': '5494510', 'registry': '8018911', 'hello-world': '8021526', 'docker/getting-started': '8021973', 'alpine': '7991792'}
12:24:13 INFO  EnvironmentC8y Setup
12:24:13 INFO  Executed systemctl&lt;serv_mapper1&gt;, exit status 3
12:24:28 INFO  Executed sudo&lt;tedge_connect_c8y&gt;, exit status 0, duration 14 secs
12:24:30 INFO  Executed sudo&lt;tedge_connect_c8y_test&gt;, exit status 0
12:24:31 INFO  Executed systemctl&lt;serv_mosq2&gt;, exit status 0
12:24:31 INFO  Executed systemctl&lt;serv_mapper3&gt;, exit status 0
12:24:34 ERROR No operations found, assuming it passed
12:24:34 WARN  SystemError occurred while running test - The Sofware list is empty !!!
Traceback (most recent call last):
  File &quot;/home/pi/env-pysys/lib/python3.7/site-packages/pysys/baserunner.py&quot;, line 1292, in __call__
    self.testObj.setup()
  File &quot;/home/pi/actions-runner/_work/thin-edge.io/thin-edge.io/tests/PySys/software_management_end_to_end/sm_apt_install_download_path/run.py&quot;, line 49, in setup
    self.assertThat(&quot;False == value&quot;, value=self.check_is_installed(&quot;rolldice&quot;))
  File &quot;/home/pi/actions-runner/_work/thin-edge.io/thin-edge.io/tests/PySys/software_management_end_to_end/environment_sm_management.py&quot;, line 399, in check_is_installed
    raise SystemError(&quot;The Sofware list is empty !!!&quot;)
SystemError: The Sofware list is empty !!!
12:24:34 WARN  SystemError: The Sofware list is empty !!! ... blocked 
12:24:34 INFO  
12:24:34 INFO  cleanup:
12:24:35 INFO  Executed sudo, exit status 0
12:24:35 INFO  Executed sudo, exit status 0
12:24:39 INFO  Executed sudo&lt;tedge_disconnect_c8y&gt;, exit status 0
12:24:39 INFO  Restarting mosquitto too frequently in the last 10 seconds. It was only up for 3 seconds
12:24:39 INFO  Delaying execution by 8 seconds
12:25:01 INFO  Executed sudo&lt;tedge_connect_c8y&gt;, exit status 0, duration 14 secs
12:25:06 INFO  Executed sudo&lt;tedge_disconnect_c8y&gt;, exit status 0
12:25:06 INFO  Executed systemctl&lt;serv_mapper5&gt;, exit status 3
12:25:06 INFO  
12:25:06 INFO  Test duration: 53.70 secs
12:25:06 INFO  Test final outcome:  BLOCKED
12:25:06 INFO  Test outcome reason: SystemError: The Sofware list is empty !!!
12:25:06 INFO  
</system-out>
	</testcase>
</testsuite>
