<?xml version="1.0" encoding="utf-8"?>
<testsuite failures="0" name="apt_finalize" skipped="0" tests="1" time="152.27" timestamp="2022-06-08T11:45:23">
	<testcase classname="AptPluginFinalize" name="apt_finalize"/>
</testsuite>
