<?xml version="1.0" encoding="utf-8"?>
<testsuite failures="1" name="SoftwareManagement.sm_apt_install_remove_multiple" skipped="0" tests="1" time="184.25" timestamp="2022-07-21T22:10:36">
	<testcase classname="PySysTest" name="SoftwareManagement.sm_apt_install_remove_multiple">
		<failure message="FAILED: Assert that (False == value) with value=True" type="FAILED"/>
		<system-out>22:07:32 INFO  ==============================================================
22:07:32 INFO  Id:    SoftwareManagement.sm_apt_install_remove_multiple
22:07:32 INFO  Dir:   software_management_end_to_end/
22:07:32 INFO  Title: Validate end to end behaviour for the apt plugin for multiple packages
22:07:32 INFO  ==============================================================
22:07:32 INFO  Using sw id database: {'asciijump': '5475369', 'robotfindskitten': '5474869', 'squirrel3': '5475279', 'rolldice': '5152439', 'moon-buggy': '5439204', 'apple': '5495053', 'banana': '5494888', 'cherry': '5495382', 'watermelon': '5494510', 'registry': '8018911', 'hello-world': '8021526', 'docker/getting-started': '8021973', 'alpine': '7991792'}
22:07:32 INFO  EnvironmentC8y Setup
22:07:33 INFO  Executed systemctl&lt;serv_mapper1&gt;, exit status 3
22:07:33 INFO  Restarting mosquitto too frequently in the last 10 seconds. It was only up for 5 seconds
22:07:33 INFO  Delaying execution by 6 seconds
22:07:54 INFO  Executed sudo&lt;tedge_connect_c8y&gt;, exit status 0, duration 14 secs
22:07:54 INFO  Executed sudo&lt;tedge_connect_c8y_test&gt;, exit status 0
22:07:55 INFO  Executed systemctl&lt;serv_mosq2&gt;, exit status 0
22:07:55 INFO  Executed systemctl&lt;serv_mapper3&gt;, exit status 0
22:07:58 INFO  State of current operation: SUCCESSFUL
22:07:58 INFO  Assert that (False == value) with value=False ... passed
22:07:58 INFO  Assert that (False == value) with value=False ... passed
22:07:58 INFO  Assert that (False == value) with value=False ... passed
22:07:59 INFO  Package robotfindskitten is installed
22:07:59 WARN  Assert that (False == value) with value=True ... failed 
22:07:59 INFO  Response status: 201
22:07:59 INFO  Response to action: {
    &quot;creationTime&quot;: &quot;2022-07-21T22:07:59.315Z&quot;,
    &quot;deviceId&quot;: &quot;21166557&quot;,
    &quot;deviceName&quot;: &quot;m32sd10b&quot;,
    &quot;self&quot;: &quot;https://t493319102.eu-latest.cumulocity.com/devicecontrol/operations/21191920&quot;,
    &quot;id&quot;: &quot;21191920&quot;,
    &quot;status&quot;: &quot;PENDING&quot;,
    &quot;description&quot;: &quot;Apply software changes, triggered from PySys: [{'action': 'install', 'id': '5475369', 'name': 'asciijump', 'url': ' ', 'version': '::apt'}, {'action': 'install', 'id': '5474869', 'name': 'robotfindskitten', 'url': ' ', 'version': '::apt'}, {'action': 'install', 'id': '5475279', 'name': 'squirrel3', 'url': ' ', 'version': '::apt'}]&quot;,
    &quot;c8y_SoftwareUpdate&quot;: [
        {
            &quot;name&quot;: &quot;asciijump&quot;,
            &quot;action&quot;: &quot;install&quot;,
            &quot;id&quot;: &quot;5475369&quot;,
            &quot;version&quot;: &quot;::apt&quot;,
            &quot;url&quot;: &quot; &quot;
        },
        {
            &quot;name&quot;: &quot;robotfindskitten&quot;,
            &quot;action&quot;: &quot;install&quot;,
            &quot;id&quot;: &quot;5474869&quot;,
            &quot;version&quot;: &quot;::apt&quot;,
            &quot;url&quot;: &quot; &quot;
        },
        {
            &quot;name&quot;: &quot;squirrel3&quot;,
            &quot;action&quot;: &quot;install&quot;,
            &quot;id&quot;: &quot;5475279&quot;,
            &quot;version&quot;: &quot;::apt&quot;,
            &quot;url&quot;: &quot; &quot;
        }
    ]
}
22:07:59 INFO  Started operation: {'creationTime': '2022-07-21T22:07:59.315Z', 'deviceId': '21166557', 'deviceName': 'm32sd10b', 'self': 'https://t493319102.eu-latest.cumulocity.com/devicecontrol/operations/21191920', 'id': '21191920', 'status': 'PENDING', 'description': &quot;Apply software changes, triggered from PySys: [{'action': 'install', 'id': '5475369', 'name': 'asciijump', 'url': ' ', 'version': '::apt'}, {'action': 'install', 'id': '5474869', 'name': 'robotfindskitten', 'url': ' ', 'version': '::apt'}, {'action': 'install', 'id': '5475279', 'name': 'squirrel3', 'url': ' ', 'version': '::apt'}]&quot;, 'c8y_SoftwareUpdate': [{'name': 'asciijump', 'action': 'install', 'id': '5475369', 'version': '::apt', 'url': ' '}, {'name': 'robotfindskitten', 'action': 'install', 'id': '5474869', 'version': '::apt', 'url': ' '}, {'name': 'squirrel3', 'action': 'install', 'id': '5475279', 'version': '::apt', 'url': ' '}]}
22:08:01 INFO  State of operation 21191920 : PENDING
22:08:03 INFO  State of operation 21191920 : EXECUTING
22:08:06 INFO  State of operation 21191920 : EXECUTING
22:08:08 INFO  State of operation 21191920 : EXECUTING
22:08:10 INFO  State of operation 21191920 : EXECUTING
22:08:12 INFO  State of operation 21191920 : EXECUTING
22:08:15 INFO  State of operation 21191920 : EXECUTING
22:08:18 INFO  State of operation 21191920 : EXECUTING
22:08:20 INFO  State of operation 21191920 : EXECUTING
22:08:23 INFO  State of operation 21191920 : EXECUTING
22:08:25 INFO  State of operation 21191920 : EXECUTING
22:08:27 INFO  State of operation 21191920 : EXECUTING
22:08:29 INFO  State of operation 21191920 : EXECUTING
22:08:32 INFO  State of operation 21191920 : EXECUTING
22:08:34 INFO  State of operation 21191920 : EXECUTING
22:08:36 INFO  State of operation 21191920 : EXECUTING
22:08:39 INFO  State of operation 21191920 : EXECUTING
22:08:41 INFO  State of operation 21191920 : EXECUTING
22:08:44 INFO  State of operation 21191920 : EXECUTING
22:08:46 INFO  State of operation 21191920 : EXECUTING
22:08:49 INFO  State of operation 21191920 : EXECUTING
22:08:51 INFO  State of operation 21191920 : EXECUTING
22:08:54 INFO  State of operation 21191920 : EXECUTING
22:08:56 INFO  State of operation 21191920 : EXECUTING
22:08:58 INFO  State of operation 21191920 : EXECUTING
22:09:00 INFO  State of operation 21191920 : EXECUTING
22:09:03 INFO  State of operation 21191920 : EXECUTING
22:09:05 INFO  State of operation 21191920 : EXECUTING
22:09:08 INFO  State of operation 21191920 : EXECUTING
22:09:10 INFO  State of operation 21191920 : EXECUTING
22:09:12 INFO  State of operation 21191920 : EXECUTING
22:09:15 INFO  State of operation 21191920 : EXECUTING
22:09:17 INFO  State of operation 21191920 : EXECUTING
22:09:19 INFO  State of operation 21191920 : EXECUTING
22:09:21 INFO  State of operation 21191920 : SUCCESSFUL
22:09:22 INFO  Assert that (False == value) with value=False ... passed
22:09:22 INFO  Package asciijump is installed
22:09:22 INFO  Assert that (True == value) with value=True ... passed
22:09:22 INFO  Package squirrel3 is installed
22:09:22 INFO  Assert that (True == value) with value=True ... passed
22:09:22 INFO  Package robotfindskitten is installed
22:09:22 INFO  Assert that (True == value) with value=True ... passed
22:09:23 INFO  Response status: 201
22:09:23 INFO  Response to action: {
    &quot;creationTime&quot;: &quot;2022-07-21T22:09:22.979Z&quot;,
    &quot;deviceId&quot;: &quot;21166557&quot;,
    &quot;deviceName&quot;: &quot;m32sd10b&quot;,
    &quot;self&quot;: &quot;https://t493319102.eu-latest.cumulocity.com/devicecontrol/operations/21191926&quot;,
    &quot;id&quot;: &quot;21191926&quot;,
    &quot;status&quot;: &quot;PENDING&quot;,
    &quot;description&quot;: &quot;Apply software changes, triggered from PySys: [{'action': 'delete', 'id': '5475369', 'name': 'asciijump', 'url': ' ', 'version': '::apt'}, {'action': 'delete', 'id': '5474869', 'name': 'robotfindskitten', 'url': ' ', 'version': '::apt'}, {'action': 'delete', 'id': '5475279', 'name': 'squirrel3', 'url': ' ', 'version': '::apt'}]&quot;,
    &quot;c8y_SoftwareUpdate&quot;: [
        {
            &quot;name&quot;: &quot;asciijump&quot;,
            &quot;action&quot;: &quot;delete&quot;,
            &quot;id&quot;: &quot;5475369&quot;,
            &quot;version&quot;: &quot;::apt&quot;,
            &quot;url&quot;: &quot; &quot;
        },
        {
            &quot;name&quot;: &quot;robotfindskitten&quot;,
            &quot;action&quot;: &quot;delete&quot;,
            &quot;id&quot;: &quot;5474869&quot;,
            &quot;version&quot;: &quot;::apt&quot;,
            &quot;url&quot;: &quot; &quot;
        },
        {
            &quot;name&quot;: &quot;squirrel3&quot;,
            &quot;action&quot;: &quot;delete&quot;,
            &quot;id&quot;: &quot;5475279&quot;,
            &quot;version&quot;: &quot;::apt&quot;,
            &quot;url&quot;: &quot; &quot;
        }
    ]
}
22:09:23 INFO  Started operation: {'creationTime': '2022-07-21T22:09:22.979Z', 'deviceId': '21166557', 'deviceName': 'm32sd10b', 'self': 'https://t493319102.eu-latest.cumulocity.com/devicecontrol/operations/21191926', 'id': '21191926', 'status': 'PENDING', 'description': &quot;Apply software changes, triggered from PySys: [{'action': 'delete', 'id': '5475369', 'name': 'asciijump', 'url': ' ', 'version': '::apt'}, {'action': 'delete', 'id': '5474869', 'name': 'robotfindskitten', 'url': ' ', 'version': '::apt'}, {'action': 'delete', 'id': '5475279', 'name': 'squirrel3', 'url': ' ', 'version': '::apt'}]&quot;, 'c8y_SoftwareUpdate': [{'name': 'asciijump', 'action': 'delete', 'id': '5475369', 'version': '::apt', 'url': ' '}, {'name': 'robotfindskitten', 'action': 'delete', 'id': '5474869', 'version': '::apt', 'url': ' '}, {'name': 'squirrel3', 'action': 'delete', 'id': '5475279', 'version': '::apt', 'url': ' '}]}
22:09:25 INFO  State of operation 21191926 : PENDING
22:09:27 INFO  State of operation 21191926 : EXECUTING
22:09:29 INFO  State of operation 21191926 : EXECUTING
22:09:31 INFO  State of operation 21191926 : EXECUTING
22:09:34 INFO  State of operation 21191926 : EXECUTING
22:09:36 INFO  State of operation 21191926 : EXECUTING
22:09:39 INFO  State of operation 21191926 : EXECUTING
22:09:42 INFO  State of operation 21191926 : EXECUTING
22:09:44 INFO  State of operation 21191926 : EXECUTING
22:09:46 INFO  State of operation 21191926 : EXECUTING
22:09:49 INFO  State of operation 21191926 : EXECUTING
22:09:51 INFO  State of operation 21191926 : EXECUTING
22:09:53 INFO  State of operation 21191926 : EXECUTING
22:09:55 INFO  State of operation 21191926 : EXECUTING
22:09:58 INFO  State of operation 21191926 : EXECUTING
22:10:00 INFO  State of operation 21191926 : EXECUTING
22:10:02 INFO  State of operation 21191926 : EXECUTING
22:10:05 INFO  State of operation 21191926 : EXECUTING
22:10:07 INFO  State of operation 21191926 : EXECUTING
22:10:10 INFO  State of operation 21191926 : EXECUTING
22:10:12 INFO  State of operation 21191926 : EXECUTING
22:10:14 INFO  State of operation 21191926 : EXECUTING
22:10:16 INFO  State of operation 21191926 : EXECUTING
22:10:18 INFO  State of operation 21191926 : EXECUTING
22:10:21 INFO  State of operation 21191926 : EXECUTING
22:10:24 INFO  State of operation 21191926 : EXECUTING
22:10:26 INFO  State of operation 21191926 : EXECUTING
22:10:28 INFO  State of operation 21191926 : EXECUTING
22:10:31 INFO  State of operation 21191926 : SUCCESSFUL
22:10:31 INFO  Assert that (False == value) with value=False ... passed
22:10:31 INFO  Assert that (False == value) with value=False ... passed
22:10:31 INFO  Assert that (False == value) with value=False ... passed
22:10:31 INFO  Assert that (False == value) with value=False ... passed
22:10:31 INFO  
22:10:31 INFO  cleanup:
22:10:36 INFO  Executed sudo&lt;tedge_disconnect_c8y&gt;, exit status 0
22:10:36 INFO  Executed systemctl&lt;serv_mapper5&gt;, exit status 3
22:10:36 INFO  
22:10:36 INFO  Test duration: 184.25 secs
22:10:36 INFO  Test final outcome:  FAILED
22:10:36 INFO  Test outcome reason: Assert that (False == value) with value=True
22:10:36 INFO  
</system-out>
	</testcase>
</testsuite>
