<?xml version="1.0" encoding="utf-8"?>
<testsuite failures="1" name="SoftwareManagement.sm_apt_install_remove_multiple" skipped="0" tests="1" time="179.42" timestamp="2022-07-16T12:16:16">
	<testcase classname="PySysTest" name="SoftwareManagement.sm_apt_install_remove_multiple">
		<failure message="FAILED: Assert that (False == value) with value=True" type="FAILED"/>
		<system-out>12:13:16 INFO  ==============================================================
12:13:16 INFO  Id:    SoftwareManagement.sm_apt_install_remove_multiple
12:13:16 INFO  Dir:   software_management_end_to_end/
12:13:16 INFO  Title: Validate end to end behaviour for the apt plugin for multiple packages
12:13:16 INFO  ==============================================================
12:13:16 INFO  Using sw id database: {'asciijump': '5475369', 'robotfindskitten': '5474869', 'squirrel3': '5475279', 'rolldice': '5152439', 'moon-buggy': '5439204', 'apple': '5495053', 'banana': '5494888', 'cherry': '5495382', 'watermelon': '5494510', 'registry': '8018911', 'hello-world': '8021526', 'docker/getting-started': '8021973', 'alpine': '7991792'}
12:13:16 INFO  EnvironmentC8y Setup
12:13:17 INFO  Executed systemctl&lt;serv_mapper1&gt;, exit status 3
12:13:17 INFO  Restarting mosquitto too frequently in the last 10 seconds. It was only up for 4 seconds
12:13:17 INFO  Delaying execution by 7 seconds
12:13:38 INFO  Executed sudo&lt;tedge_connect_c8y&gt;, exit status 0, duration 13 secs
12:13:38 INFO  Executed sudo&lt;tedge_connect_c8y_test&gt;, exit status 0
12:13:39 INFO  Executed systemctl&lt;serv_mosq2&gt;, exit status 0
12:13:39 INFO  Executed systemctl&lt;serv_mapper3&gt;, exit status 0
12:13:42 INFO  State of current operation: SUCCESSFUL
12:13:42 INFO  Assert that (False == value) with value=False ... passed
12:13:42 INFO  Assert that (False == value) with value=False ... passed
12:13:43 INFO  Assert that (False == value) with value=False ... passed
12:13:43 INFO  Package robotfindskitten is installed
12:13:43 WARN  Assert that (False == value) with value=True ... failed 
12:13:43 INFO  Response status: 201
12:13:43 INFO  Response to action: {
    &quot;creationTime&quot;: &quot;2022-07-16T12:13:43.530Z&quot;,
    &quot;deviceName&quot;: &quot;m32sd10b&quot;,
    &quot;deviceId&quot;: &quot;20924404&quot;,
    &quot;self&quot;: &quot;https://t493319102.eu-latest.cumulocity.com/devicecontrol/operations/20954064&quot;,
    &quot;id&quot;: &quot;20954064&quot;,
    &quot;status&quot;: &quot;PENDING&quot;,
    &quot;description&quot;: &quot;Apply software changes, triggered from PySys: [{'action': 'install', 'id': '5475369', 'name': 'asciijump', 'url': ' ', 'version': '::apt'}, {'action': 'install', 'id': '5474869', 'name': 'robotfindskitten', 'url': ' ', 'version': '::apt'}, {'action': 'install', 'id': '5475279', 'name': 'squirrel3', 'url': ' ', 'version': '::apt'}]&quot;,
    &quot;c8y_SoftwareUpdate&quot;: [
        {
            &quot;name&quot;: &quot;asciijump&quot;,
            &quot;action&quot;: &quot;install&quot;,
            &quot;id&quot;: &quot;5475369&quot;,
            &quot;version&quot;: &quot;::apt&quot;,
            &quot;url&quot;: &quot; &quot;
        },
        {
            &quot;name&quot;: &quot;robotfindskitten&quot;,
            &quot;action&quot;: &quot;install&quot;,
            &quot;id&quot;: &quot;5474869&quot;,
            &quot;version&quot;: &quot;::apt&quot;,
            &quot;url&quot;: &quot; &quot;
        },
        {
            &quot;name&quot;: &quot;squirrel3&quot;,
            &quot;action&quot;: &quot;install&quot;,
            &quot;id&quot;: &quot;5475279&quot;,
            &quot;version&quot;: &quot;::apt&quot;,
            &quot;url&quot;: &quot; &quot;
        }
    ]
}
12:13:43 INFO  Started operation: {'creationTime': '2022-07-16T12:13:43.530Z', 'deviceName': 'm32sd10b', 'deviceId': '20924404', 'self': 'https://t493319102.eu-latest.cumulocity.com/devicecontrol/operations/20954064', 'id': '20954064', 'status': 'PENDING', 'description': &quot;Apply software changes, triggered from PySys: [{'action': 'install', 'id': '5475369', 'name': 'asciijump', 'url': ' ', 'version': '::apt'}, {'action': 'install', 'id': '5474869', 'name': 'robotfindskitten', 'url': ' ', 'version': '::apt'}, {'action': 'install', 'id': '5475279', 'name': 'squirrel3', 'url': ' ', 'version': '::apt'}]&quot;, 'c8y_SoftwareUpdate': [{'name': 'asciijump', 'action': 'install', 'id': '5475369', 'version': '::apt', 'url': ' '}, {'name': 'robotfindskitten', 'action': 'install', 'id': '5474869', 'version': '::apt', 'url': ' '}, {'name': 'squirrel3', 'action': 'install', 'id': '5475279', 'version': '::apt', 'url': ' '}]}
12:13:45 INFO  State of operation 20954064 : PENDING
12:13:48 INFO  State of operation 20954064 : EXECUTING
12:13:50 INFO  State of operation 20954064 : EXECUTING
12:13:52 INFO  State of operation 20954064 : EXECUTING
12:13:54 INFO  State of operation 20954064 : EXECUTING
12:13:56 INFO  State of operation 20954064 : EXECUTING
12:13:59 INFO  State of operation 20954064 : EXECUTING
12:14:02 INFO  State of operation 20954064 : EXECUTING
12:14:05 INFO  State of operation 20954064 : EXECUTING
12:14:07 INFO  State of operation 20954064 : EXECUTING
12:14:09 INFO  State of operation 20954064 : EXECUTING
12:14:11 INFO  State of operation 20954064 : EXECUTING
12:14:14 INFO  State of operation 20954064 : EXECUTING
12:14:16 INFO  State of operation 20954064 : EXECUTING
12:14:18 INFO  State of operation 20954064 : EXECUTING
12:14:20 INFO  State of operation 20954064 : EXECUTING
12:14:23 INFO  State of operation 20954064 : EXECUTING
12:14:25 INFO  State of operation 20954064 : EXECUTING
12:14:28 INFO  State of operation 20954064 : EXECUTING
12:14:30 INFO  State of operation 20954064 : EXECUTING
12:14:32 INFO  State of operation 20954064 : EXECUTING
12:14:35 INFO  State of operation 20954064 : EXECUTING
12:14:37 INFO  State of operation 20954064 : EXECUTING
12:14:40 INFO  State of operation 20954064 : EXECUTING
12:14:42 INFO  State of operation 20954064 : EXECUTING
12:14:44 INFO  State of operation 20954064 : EXECUTING
12:14:47 INFO  State of operation 20954064 : EXECUTING
12:14:49 INFO  State of operation 20954064 : EXECUTING
12:14:51 INFO  State of operation 20954064 : EXECUTING
12:14:54 INFO  State of operation 20954064 : EXECUTING
12:14:56 INFO  State of operation 20954064 : EXECUTING
12:14:58 INFO  State of operation 20954064 : EXECUTING
12:15:00 INFO  State of operation 20954064 : EXECUTING
12:15:03 INFO  State of operation 20954064 : SUCCESSFUL
12:15:03 INFO  Assert that (False == value) with value=False ... passed
12:15:03 INFO  Package asciijump is installed
12:15:03 INFO  Assert that (True == value) with value=True ... passed
12:15:03 INFO  Package squirrel3 is installed
12:15:03 INFO  Assert that (True == value) with value=True ... passed
12:15:04 INFO  Package robotfindskitten is installed
12:15:04 INFO  Assert that (True == value) with value=True ... passed
12:15:04 INFO  Response status: 201
12:15:04 INFO  Response to action: {
    &quot;creationTime&quot;: &quot;2022-07-16T12:15:04.263Z&quot;,
    &quot;deviceName&quot;: &quot;m32sd10b&quot;,
    &quot;deviceId&quot;: &quot;20924404&quot;,
    &quot;self&quot;: &quot;https://t493319102.eu-latest.cumulocity.com/devicecontrol/operations/20954076&quot;,
    &quot;id&quot;: &quot;20954076&quot;,
    &quot;status&quot;: &quot;PENDING&quot;,
    &quot;description&quot;: &quot;Apply software changes, triggered from PySys: [{'action': 'delete', 'id': '5475369', 'name': 'asciijump', 'url': ' ', 'version': '::apt'}, {'action': 'delete', 'id': '5474869', 'name': 'robotfindskitten', 'url': ' ', 'version': '::apt'}, {'action': 'delete', 'id': '5475279', 'name': 'squirrel3', 'url': ' ', 'version': '::apt'}]&quot;,
    &quot;c8y_SoftwareUpdate&quot;: [
        {
            &quot;name&quot;: &quot;asciijump&quot;,
            &quot;action&quot;: &quot;delete&quot;,
            &quot;id&quot;: &quot;5475369&quot;,
            &quot;version&quot;: &quot;::apt&quot;,
            &quot;url&quot;: &quot; &quot;
        },
        {
            &quot;name&quot;: &quot;robotfindskitten&quot;,
            &quot;action&quot;: &quot;delete&quot;,
            &quot;id&quot;: &quot;5474869&quot;,
            &quot;version&quot;: &quot;::apt&quot;,
            &quot;url&quot;: &quot; &quot;
        },
        {
            &quot;name&quot;: &quot;squirrel3&quot;,
            &quot;action&quot;: &quot;delete&quot;,
            &quot;id&quot;: &quot;5475279&quot;,
            &quot;version&quot;: &quot;::apt&quot;,
            &quot;url&quot;: &quot; &quot;
        }
    ]
}
12:15:04 INFO  Started operation: {'creationTime': '2022-07-16T12:15:04.263Z', 'deviceName': 'm32sd10b', 'deviceId': '20924404', 'self': 'https://t493319102.eu-latest.cumulocity.com/devicecontrol/operations/20954076', 'id': '20954076', 'status': 'PENDING', 'description': &quot;Apply software changes, triggered from PySys: [{'action': 'delete', 'id': '5475369', 'name': 'asciijump', 'url': ' ', 'version': '::apt'}, {'action': 'delete', 'id': '5474869', 'name': 'robotfindskitten', 'url': ' ', 'version': '::apt'}, {'action': 'delete', 'id': '5475279', 'name': 'squirrel3', 'url': ' ', 'version': '::apt'}]&quot;, 'c8y_SoftwareUpdate': [{'name': 'asciijump', 'action': 'delete', 'id': '5475369', 'version': '::apt', 'url': ' '}, {'name': 'robotfindskitten', 'action': 'delete', 'id': '5474869', 'version': '::apt', 'url': ' '}, {'name': 'squirrel3', 'action': 'delete', 'id': '5475279', 'version': '::apt', 'url': ' '}]}
12:15:06 INFO  State of operation 20954076 : PENDING
12:15:08 INFO  State of operation 20954076 : EXECUTING
12:15:10 INFO  State of operation 20954076 : EXECUTING
12:15:13 INFO  State of operation 20954076 : EXECUTING
12:15:15 INFO  State of operation 20954076 : EXECUTING
12:15:17 INFO  State of operation 20954076 : EXECUTING
12:15:20 INFO  State of operation 20954076 : EXECUTING
12:15:23 INFO  State of operation 20954076 : EXECUTING
12:15:25 INFO  State of operation 20954076 : EXECUTING
12:15:28 INFO  State of operation 20954076 : EXECUTING
12:15:30 INFO  State of operation 20954076 : EXECUTING
12:15:32 INFO  State of operation 20954076 : EXECUTING
12:15:34 INFO  State of operation 20954076 : EXECUTING
12:15:37 INFO  State of operation 20954076 : EXECUTING
12:15:39 INFO  State of operation 20954076 : EXECUTING
12:15:42 INFO  State of operation 20954076 : EXECUTING
12:15:44 INFO  State of operation 20954076 : EXECUTING
12:15:47 INFO  State of operation 20954076 : EXECUTING
12:15:49 INFO  State of operation 20954076 : EXECUTING
12:15:51 INFO  State of operation 20954076 : EXECUTING
12:15:54 INFO  State of operation 20954076 : EXECUTING
12:15:56 INFO  State of operation 20954076 : EXECUTING
12:15:58 INFO  State of operation 20954076 : EXECUTING
12:16:01 INFO  State of operation 20954076 : EXECUTING
12:16:03 INFO  State of operation 20954076 : EXECUTING
12:16:06 INFO  State of operation 20954076 : EXECUTING
12:16:08 INFO  State of operation 20954076 : EXECUTING
12:16:10 INFO  State of operation 20954076 : SUCCESSFUL
12:16:10 INFO  Assert that (False == value) with value=False ... passed
12:16:10 INFO  Assert that (False == value) with value=False ... passed
12:16:11 INFO  Assert that (False == value) with value=False ... passed
12:16:11 INFO  Assert that (False == value) with value=False ... passed
12:16:11 INFO  
12:16:11 INFO  cleanup:
12:16:15 INFO  Executed sudo&lt;tedge_disconnect_c8y&gt;, exit status 0
12:16:16 INFO  Executed systemctl&lt;serv_mapper5&gt;, exit status 3
12:16:16 INFO  
12:16:16 INFO  Test duration: 179.42 secs
12:16:16 INFO  Test final outcome:  FAILED
12:16:16 INFO  Test outcome reason: Assert that (False == value) with value=True
12:16:16 INFO  
</system-out>
	</testcase>
</testsuite>
