<?xml version="1.0" encoding="utf-8"?>
<testsuite failures="0" name="apt_remove_fail" skipped="0" tests="1" time="8.6" timestamp="2022-05-23T13:44:36">
	<testcase classname="AptPluginRemoveFails" name="apt_remove_fail"/>
</testsuite>
