<?xml version="1.0" encoding="utf-8"?>
<testsuite failures="0" name="apt_list_format" skipped="0" tests="1" time="2.98" timestamp="2022-06-09T16:54:51">
	<testcase classname="AptPluginListFormat" name="apt_list_format"/>
</testsuite>
