<?xml version="1.0" encoding="utf-8"?>
<testsuite failures="1" name="SoftwareManagement.sm_apt_install_remove_multiple" skipped="0" tests="1" time="189.7" timestamp="2022-07-21T23:40:42">
	<testcase classname="PySysTest" name="SoftwareManagement.sm_apt_install_remove_multiple">
		<failure message="FAILED: Assert that (False == value) with value=True" type="FAILED"/>
		<system-out>23:37:32 INFO  ==============================================================
23:37:32 INFO  Id:    SoftwareManagement.sm_apt_install_remove_multiple
23:37:32 INFO  Dir:   software_management_end_to_end/
23:37:32 INFO  Title: Validate end to end behaviour for the apt plugin for multiple packages
23:37:32 INFO  ==============================================================
23:37:32 INFO  Using sw id database: {'asciijump': '5475369', 'robotfindskitten': '5474869', 'squirrel3': '5475279', 'rolldice': '5152439', 'moon-buggy': '5439204', 'apple': '5495053', 'banana': '5494888', 'cherry': '5495382', 'watermelon': '5494510', 'registry': '8018911', 'hello-world': '8021526', 'docker/getting-started': '8021973', 'alpine': '7991792'}
23:37:32 INFO  EnvironmentC8y Setup
23:37:33 INFO  Executed systemctl&lt;serv_mapper1&gt;, exit status 3
23:37:33 INFO  Restarting mosquitto too frequently in the last 10 seconds. It was only up for 5 seconds
23:37:33 INFO  Delaying execution by 6 seconds
23:37:54 INFO  Executed sudo&lt;tedge_connect_c8y&gt;, exit status 0, duration 15 secs
23:37:55 INFO  Executed sudo&lt;tedge_connect_c8y_test&gt;, exit status 0
23:37:55 INFO  Executed systemctl&lt;serv_mosq2&gt;, exit status 0
23:37:56 INFO  Executed systemctl&lt;serv_mapper3&gt;, exit status 0
23:37:58 INFO  State of current operation: SUCCESSFUL
23:37:58 INFO  Assert that (False == value) with value=False ... passed
23:37:59 INFO  Assert that (False == value) with value=False ... passed
23:37:59 INFO  Assert that (False == value) with value=False ... passed
23:37:59 INFO  Package robotfindskitten is installed
23:37:59 WARN  Assert that (False == value) with value=True ... failed 
23:37:59 INFO  Response status: 201
23:37:59 INFO  Response to action: {
    &quot;creationTime&quot;: &quot;2022-07-21T23:37:59.764Z&quot;,
    &quot;deviceId&quot;: &quot;21166557&quot;,
    &quot;deviceName&quot;: &quot;m32sd10b&quot;,
    &quot;self&quot;: &quot;https://t493319102.eu-latest.cumulocity.com/devicecontrol/operations/21210668&quot;,
    &quot;id&quot;: &quot;21210668&quot;,
    &quot;status&quot;: &quot;PENDING&quot;,
    &quot;description&quot;: &quot;Apply software changes, triggered from PySys: [{'action': 'install', 'id': '5475369', 'name': 'asciijump', 'url': ' ', 'version': '::apt'}, {'action': 'install', 'id': '5474869', 'name': 'robotfindskitten', 'url': ' ', 'version': '::apt'}, {'action': 'install', 'id': '5475279', 'name': 'squirrel3', 'url': ' ', 'version': '::apt'}]&quot;,
    &quot;c8y_SoftwareUpdate&quot;: [
        {
            &quot;name&quot;: &quot;asciijump&quot;,
            &quot;action&quot;: &quot;install&quot;,
            &quot;id&quot;: &quot;5475369&quot;,
            &quot;version&quot;: &quot;::apt&quot;,
            &quot;url&quot;: &quot; &quot;
        },
        {
            &quot;name&quot;: &quot;robotfindskitten&quot;,
            &quot;action&quot;: &quot;install&quot;,
            &quot;id&quot;: &quot;5474869&quot;,
            &quot;version&quot;: &quot;::apt&quot;,
            &quot;url&quot;: &quot; &quot;
        },
        {
            &quot;name&quot;: &quot;squirrel3&quot;,
            &quot;action&quot;: &quot;install&quot;,
            &quot;id&quot;: &quot;5475279&quot;,
            &quot;version&quot;: &quot;::apt&quot;,
            &quot;url&quot;: &quot; &quot;
        }
    ]
}
23:37:59 INFO  Started operation: {'creationTime': '2022-07-21T23:37:59.764Z', 'deviceId': '21166557', 'deviceName': 'm32sd10b', 'self': 'https://t493319102.eu-latest.cumulocity.com/devicecontrol/operations/21210668', 'id': '21210668', 'status': 'PENDING', 'description': &quot;Apply software changes, triggered from PySys: [{'action': 'install', 'id': '5475369', 'name': 'asciijump', 'url': ' ', 'version': '::apt'}, {'action': 'install', 'id': '5474869', 'name': 'robotfindskitten', 'url': ' ', 'version': '::apt'}, {'action': 'install', 'id': '5475279', 'name': 'squirrel3', 'url': ' ', 'version': '::apt'}]&quot;, 'c8y_SoftwareUpdate': [{'name': 'asciijump', 'action': 'install', 'id': '5475369', 'version': '::apt', 'url': ' '}, {'name': 'robotfindskitten', 'action': 'install', 'id': '5474869', 'version': '::apt', 'url': ' '}, {'name': 'squirrel3', 'action': 'install', 'id': '5475279', 'version': '::apt', 'url': ' '}]}
23:38:02 INFO  State of operation 21210668 : PENDING
23:38:04 INFO  State of operation 21210668 : EXECUTING
23:38:06 INFO  State of operation 21210668 : EXECUTING
23:38:08 INFO  State of operation 21210668 : EXECUTING
23:38:11 INFO  State of operation 21210668 : EXECUTING
23:38:13 INFO  State of operation 21210668 : EXECUTING
23:38:15 INFO  State of operation 21210668 : EXECUTING
23:38:18 INFO  State of operation 21210668 : EXECUTING
23:38:21 INFO  State of operation 21210668 : EXECUTING
23:38:23 INFO  State of operation 21210668 : EXECUTING
23:38:25 INFO  State of operation 21210668 : EXECUTING
23:38:28 INFO  State of operation 21210668 : EXECUTING
23:38:30 INFO  State of operation 21210668 : EXECUTING
23:38:32 INFO  State of operation 21210668 : EXECUTING
23:38:34 INFO  State of operation 21210668 : EXECUTING
23:38:37 INFO  State of operation 21210668 : EXECUTING
23:38:39 INFO  State of operation 21210668 : EXECUTING
23:38:41 INFO  State of operation 21210668 : EXECUTING
23:38:44 INFO  State of operation 21210668 : EXECUTING
23:38:46 INFO  State of operation 21210668 : EXECUTING
23:38:49 INFO  State of operation 21210668 : EXECUTING
23:38:51 INFO  State of operation 21210668 : EXECUTING
23:38:54 INFO  State of operation 21210668 : EXECUTING
23:38:56 INFO  State of operation 21210668 : EXECUTING
23:38:59 INFO  State of operation 21210668 : EXECUTING
23:39:01 INFO  State of operation 21210668 : EXECUTING
23:39:04 INFO  State of operation 21210668 : EXECUTING
23:39:06 INFO  State of operation 21210668 : EXECUTING
23:39:09 INFO  State of operation 21210668 : EXECUTING
23:39:11 INFO  State of operation 21210668 : EXECUTING
23:39:14 INFO  State of operation 21210668 : EXECUTING
23:39:16 INFO  State of operation 21210668 : EXECUTING
23:39:18 INFO  State of operation 21210668 : EXECUTING
23:39:20 INFO  State of operation 21210668 : EXECUTING
23:39:23 INFO  State of operation 21210668 : SUCCESSFUL
23:39:23 INFO  Assert that (False == value) with value=False ... passed
23:39:23 INFO  Package asciijump is installed
23:39:23 INFO  Assert that (True == value) with value=True ... passed
23:39:23 INFO  Package squirrel3 is installed
23:39:23 INFO  Assert that (True == value) with value=True ... passed
23:39:24 INFO  Package robotfindskitten is installed
23:39:24 INFO  Assert that (True == value) with value=True ... passed
23:39:24 INFO  Response status: 201
23:39:24 INFO  Response to action: {
    &quot;creationTime&quot;: &quot;2022-07-21T23:39:24.345Z&quot;,
    &quot;deviceId&quot;: &quot;21166557&quot;,
    &quot;deviceName&quot;: &quot;m32sd10b&quot;,
    &quot;self&quot;: &quot;https://t493319102.eu-latest.cumulocity.com/devicecontrol/operations/21210674&quot;,
    &quot;id&quot;: &quot;21210674&quot;,
    &quot;status&quot;: &quot;PENDING&quot;,
    &quot;description&quot;: &quot;Apply software changes, triggered from PySys: [{'action': 'delete', 'id': '5475369', 'name': 'asciijump', 'url': ' ', 'version': '::apt'}, {'action': 'delete', 'id': '5474869', 'name': 'robotfindskitten', 'url': ' ', 'version': '::apt'}, {'action': 'delete', 'id': '5475279', 'name': 'squirrel3', 'url': ' ', 'version': '::apt'}]&quot;,
    &quot;c8y_SoftwareUpdate&quot;: [
        {
            &quot;name&quot;: &quot;asciijump&quot;,
            &quot;action&quot;: &quot;delete&quot;,
            &quot;id&quot;: &quot;5475369&quot;,
            &quot;version&quot;: &quot;::apt&quot;,
            &quot;url&quot;: &quot; &quot;
        },
        {
            &quot;name&quot;: &quot;robotfindskitten&quot;,
            &quot;action&quot;: &quot;delete&quot;,
            &quot;id&quot;: &quot;5474869&quot;,
            &quot;version&quot;: &quot;::apt&quot;,
            &quot;url&quot;: &quot; &quot;
        },
        {
            &quot;name&quot;: &quot;squirrel3&quot;,
            &quot;action&quot;: &quot;delete&quot;,
            &quot;id&quot;: &quot;5475279&quot;,
            &quot;version&quot;: &quot;::apt&quot;,
            &quot;url&quot;: &quot; &quot;
        }
    ]
}
23:39:24 INFO  Started operation: {'creationTime': '2022-07-21T23:39:24.345Z', 'deviceId': '21166557', 'deviceName': 'm32sd10b', 'self': 'https://t493319102.eu-latest.cumulocity.com/devicecontrol/operations/21210674', 'id': '21210674', 'status': 'PENDING', 'description': &quot;Apply software changes, triggered from PySys: [{'action': 'delete', 'id': '5475369', 'name': 'asciijump', 'url': ' ', 'version': '::apt'}, {'action': 'delete', 'id': '5474869', 'name': 'robotfindskitten', 'url': ' ', 'version': '::apt'}, {'action': 'delete', 'id': '5475279', 'name': 'squirrel3', 'url': ' ', 'version': '::apt'}]&quot;, 'c8y_SoftwareUpdate': [{'name': 'asciijump', 'action': 'delete', 'id': '5475369', 'version': '::apt', 'url': ' '}, {'name': 'robotfindskitten', 'action': 'delete', 'id': '5474869', 'version': '::apt', 'url': ' '}, {'name': 'squirrel3', 'action': 'delete', 'id': '5475279', 'version': '::apt', 'url': ' '}]}
23:39:26 INFO  State of operation 21210674 : PENDING
23:39:28 INFO  State of operation 21210674 : EXECUTING
23:39:31 INFO  State of operation 21210674 : EXECUTING
23:39:33 INFO  State of operation 21210674 : EXECUTING
23:39:35 INFO  State of operation 21210674 : EXECUTING
23:39:38 INFO  State of operation 21210674 : EXECUTING
23:39:41 INFO  State of operation 21210674 : EXECUTING
23:39:44 INFO  State of operation 21210674 : EXECUTING
23:39:46 INFO  State of operation 21210674 : EXECUTING
23:39:48 INFO  State of operation 21210674 : EXECUTING
23:39:51 INFO  State of operation 21210674 : EXECUTING
23:39:53 INFO  State of operation 21210674 : EXECUTING
23:39:55 INFO  State of operation 21210674 : EXECUTING
23:39:57 INFO  State of operation 21210674 : EXECUTING
23:40:00 INFO  State of operation 21210674 : EXECUTING
23:40:02 INFO  State of operation 21210674 : EXECUTING
23:40:05 INFO  State of operation 21210674 : EXECUTING
23:40:07 INFO  State of operation 21210674 : EXECUTING
23:40:10 INFO  State of operation 21210674 : EXECUTING
23:40:12 INFO  State of operation 21210674 : EXECUTING
23:40:15 INFO  State of operation 21210674 : EXECUTING
23:40:17 INFO  State of operation 21210674 : EXECUTING
23:40:19 INFO  State of operation 21210674 : EXECUTING
23:40:21 INFO  State of operation 21210674 : EXECUTING
23:40:24 INFO  State of operation 21210674 : EXECUTING
23:40:27 INFO  State of operation 21210674 : EXECUTING
23:40:29 INFO  State of operation 21210674 : EXECUTING
23:40:32 INFO  State of operation 21210674 : EXECUTING
23:40:34 INFO  State of operation 21210674 : EXECUTING
23:40:36 INFO  State of operation 21210674 : SUCCESSFUL
23:40:36 INFO  Assert that (False == value) with value=False ... passed
23:40:37 INFO  Assert that (False == value) with value=False ... passed
23:40:37 INFO  Assert that (False == value) with value=False ... passed
23:40:37 INFO  Assert that (False == value) with value=False ... passed
23:40:37 INFO  
23:40:37 INFO  cleanup:
23:40:41 INFO  Executed sudo&lt;tedge_disconnect_c8y&gt;, exit status 0
23:40:42 INFO  Executed systemctl&lt;serv_mapper5&gt;, exit status 3
23:40:42 INFO  
23:40:42 INFO  Test duration: 189.70 secs
23:40:42 INFO  Test final outcome:  FAILED
23:40:42 INFO  Test outcome reason: Assert that (False == value) with value=True
23:40:42 INFO  
</system-out>
	</testcase>
</testsuite>
