<?xml version="1.0" encoding="utf-8"?>
<testsuite failures="1" name="SoftwareManagement.sm_apt_install_remove_multiple_mixed" skipped="0" tests="1" time="179.52" timestamp="2022-07-26T08:05:25">
	<testcase classname="PySysTest" name="SoftwareManagement.sm_apt_install_remove_multiple_mixed">
		<failure message="BLOCKED: SystemError: Timeout while waiting for status SUCCESSFUL or False" type="BLOCKED"/>
		<system-out>08:02:25 INFO  ==============================================================
08:02:25 INFO  Id:    SoftwareManagement.sm_apt_install_remove_multiple_mixed
08:02:25 INFO  Dir:   software_management_end_to_end/
08:02:25 INFO  Title: Validate end to end behaviour for the apt plugin for multiple packages with mixed versions
08:02:25 INFO  ==============================================================
08:02:25 INFO  Using sw id database: {'asciijump': '5475369', 'robotfindskitten': '5474869', 'squirrel3': '5475279', 'rolldice': '5152439', 'moon-buggy': '5439204', 'apple': '5495053', 'banana': '5494888', 'cherry': '5495382', 'watermelon': '5494510', 'registry': '8018911', 'hello-world': '8021526', 'docker/getting-started': '8021973', 'alpine': '7991792'}
08:02:25 INFO  EnvironmentC8y Setup
08:02:26 INFO  Executed systemctl&lt;serv_mapper1&gt;, exit status 3
08:02:26 INFO  Restarting mosquitto too frequently in the last 10 seconds. It was only up for 5 seconds
08:02:26 INFO  Delaying execution by 6 seconds
08:02:46 INFO  Executed sudo&lt;tedge_connect_c8y&gt;, exit status 0, duration 13 secs
08:02:47 INFO  Executed sudo&lt;tedge_connect_c8y_test&gt;, exit status 0
08:02:47 INFO  Executed systemctl&lt;serv_mosq2&gt;, exit status 0
08:02:48 INFO  Executed systemctl&lt;serv_mapper3&gt;, exit status 0
08:02:50 INFO  State of current operation: SUCCESSFUL
08:02:50 INFO  Assert that (False == value) with value=False ... passed
08:02:50 INFO  Assert that (False == value) with value=False ... passed
08:02:51 INFO  Assert that (False == value) with value=False ... passed
08:02:51 INFO  Assert that (False == value) with value=False ... passed
08:02:51 INFO  Assert that (False == value) with value=False ... passed
08:02:52 INFO  Response status: 201
08:02:52 INFO  Response to action: {
    &quot;creationTime&quot;: &quot;2022-07-26T08:02:52.630Z&quot;,
    &quot;deviceId&quot;: &quot;21426433&quot;,
    &quot;deviceName&quot;: &quot;m32sd10b&quot;,
    &quot;self&quot;: &quot;https://t493319102.eu-latest.cumulocity.com/devicecontrol/operations/21434525&quot;,
    &quot;id&quot;: &quot;21434525&quot;,
    &quot;status&quot;: &quot;PENDING&quot;,
    &quot;description&quot;: &quot;Apply software changes, triggered from PySys: [{'action': 'install', 'id': '5475369', 'name': 'asciijump', 'url': ' ', 'version': '::apt'}, {'action': 'install', 'id': '5474869', 'name': 'robotfindskitten', 'url': ' ', 'version': ' '}, {'action': 'install', 'id': '5475279', 'name': 'squirrel3', 'url': ' ', 'version': '3.1-7::apt'}, {'action': 'install', 'id': '5152439', 'name': 'rolldice', 'url': ' ', 'version': '1.16-1+b1'}, {'action': 'install', 'id': '5439204', 'name': 'moon-buggy', 'url': ' ', 'version': '1:1.0.51-12'}, {'action': 'install', 'id': '5475369', 'name': 'asciijump', 'url': ' ', 'version': '::apt'}]&quot;,
    &quot;c8y_SoftwareUpdate&quot;: [
        {
            &quot;name&quot;: &quot;asciijump&quot;,
            &quot;action&quot;: &quot;install&quot;,
            &quot;id&quot;: &quot;5475369&quot;,
            &quot;version&quot;: &quot;::apt&quot;,
            &quot;url&quot;: &quot; &quot;
        },
        {
            &quot;name&quot;: &quot;robotfindskitten&quot;,
            &quot;action&quot;: &quot;install&quot;,
            &quot;id&quot;: &quot;5474869&quot;,
            &quot;version&quot;: &quot; &quot;,
            &quot;url&quot;: &quot; &quot;
        },
        {
            &quot;name&quot;: &quot;squirrel3&quot;,
            &quot;action&quot;: &quot;install&quot;,
            &quot;id&quot;: &quot;5475279&quot;,
            &quot;version&quot;: &quot;3.1-7::apt&quot;,
            &quot;url&quot;: &quot; &quot;
        },
        {
            &quot;name&quot;: &quot;rolldice&quot;,
            &quot;action&quot;: &quot;install&quot;,
            &quot;id&quot;: &quot;5152439&quot;,
            &quot;version&quot;: &quot;1.16-1+b1&quot;,
            &quot;url&quot;: &quot; &quot;
        },
        {
            &quot;name&quot;: &quot;moon-buggy&quot;,
            &quot;action&quot;: &quot;install&quot;,
            &quot;id&quot;: &quot;5439204&quot;,
            &quot;version&quot;: &quot;1:1.0.51-12&quot;,
            &quot;url&quot;: &quot; &quot;
        },
        {
            &quot;name&quot;: &quot;asciijump&quot;,
            &quot;action&quot;: &quot;install&quot;,
            &quot;id&quot;: &quot;5475369&quot;,
            &quot;version&quot;: &quot;::apt&quot;,
            &quot;url&quot;: &quot; &quot;
        }
    ]
}
08:02:52 INFO  Started operation: {'creationTime': '2022-07-26T08:02:52.630Z', 'deviceId': '21426433', 'deviceName': 'm32sd10b', 'self': 'https://t493319102.eu-latest.cumulocity.com/devicecontrol/operations/21434525', 'id': '21434525', 'status': 'PENDING', 'description': &quot;Apply software changes, triggered from PySys: [{'action': 'install', 'id': '5475369', 'name': 'asciijump', 'url': ' ', 'version': '::apt'}, {'action': 'install', 'id': '5474869', 'name': 'robotfindskitten', 'url': ' ', 'version': ' '}, {'action': 'install', 'id': '5475279', 'name': 'squirrel3', 'url': ' ', 'version': '3.1-7::apt'}, {'action': 'install', 'id': '5152439', 'name': 'rolldice', 'url': ' ', 'version': '1.16-1+b1'}, {'action': 'install', 'id': '5439204', 'name': 'moon-buggy', 'url': ' ', 'version': '1:1.0.51-12'}, {'action': 'install', 'id': '5475369', 'name': 'asciijump', 'url': ' ', 'version': '::apt'}]&quot;, 'c8y_SoftwareUpdate': [{'name': 'asciijump', 'action': 'install', 'id': '5475369', 'version': '::apt', 'url': ' '}, {'name': 'robotfindskitten', 'action': 'install', 'id': '5474869', 'version': ' ', 'url': ' '}, {'name': 'squirrel3', 'action': 'install', 'id': '5475279', 'version': '3.1-7::apt', 'url': ' '}, {'name': 'rolldice', 'action': 'install', 'id': '5152439', 'version': '1.16-1+b1', 'url': ' '}, {'name': 'moon-buggy', 'action': 'install', 'id': '5439204', 'version': '1:1.0.51-12', 'url': ' '}, {'name': 'asciijump', 'action': 'install', 'id': '5475369', 'version': '::apt', 'url': ' '}]}
08:02:55 INFO  State of operation 21434525 : PENDING
08:02:57 INFO  State of operation 21434525 : EXECUTING
08:02:59 INFO  State of operation 21434525 : EXECUTING
08:03:01 INFO  State of operation 21434525 : EXECUTING
08:03:03 INFO  State of operation 21434525 : EXECUTING
08:03:06 INFO  State of operation 21434525 : EXECUTING
08:03:08 INFO  State of operation 21434525 : EXECUTING
08:03:11 INFO  State of operation 21434525 : EXECUTING
08:03:14 INFO  State of operation 21434525 : EXECUTING
08:03:16 INFO  State of operation 21434525 : EXECUTING
08:03:18 INFO  State of operation 21434525 : EXECUTING
08:03:21 INFO  State of operation 21434525 : EXECUTING
08:03:23 INFO  State of operation 21434525 : EXECUTING
08:03:25 INFO  State of operation 21434525 : EXECUTING
08:03:27 INFO  State of operation 21434525 : EXECUTING
08:03:29 INFO  State of operation 21434525 : EXECUTING
08:03:32 INFO  State of operation 21434525 : EXECUTING
08:03:35 INFO  State of operation 21434525 : EXECUTING
08:03:37 INFO  State of operation 21434525 : EXECUTING
08:03:39 INFO  State of operation 21434525 : EXECUTING
08:03:41 INFO  State of operation 21434525 : EXECUTING
08:03:44 INFO  State of operation 21434525 : EXECUTING
08:03:46 INFO  State of operation 21434525 : EXECUTING
08:03:49 INFO  State of operation 21434525 : EXECUTING
08:03:51 INFO  State of operation 21434525 : EXECUTING
08:03:54 INFO  State of operation 21434525 : EXECUTING
08:03:56 INFO  State of operation 21434525 : EXECUTING
08:03:59 INFO  State of operation 21434525 : EXECUTING
08:04:01 INFO  State of operation 21434525 : EXECUTING
08:04:04 INFO  State of operation 21434525 : EXECUTING
08:04:06 INFO  State of operation 21434525 : EXECUTING
08:04:08 INFO  State of operation 21434525 : EXECUTING
08:04:10 INFO  State of operation 21434525 : EXECUTING
08:04:13 INFO  State of operation 21434525 : EXECUTING
08:04:15 INFO  State of operation 21434525 : EXECUTING
08:04:17 INFO  State of operation 21434525 : EXECUTING
08:04:19 INFO  State of operation 21434525 : EXECUTING
08:04:22 INFO  State of operation 21434525 : EXECUTING
08:04:25 INFO  State of operation 21434525 : EXECUTING
08:04:27 INFO  State of operation 21434525 : EXECUTING
08:04:30 INFO  State of operation 21434525 : EXECUTING
08:04:32 INFO  State of operation 21434525 : EXECUTING
08:04:34 INFO  State of operation 21434525 : EXECUTING
08:04:36 INFO  State of operation 21434525 : EXECUTING
08:04:39 INFO  State of operation 21434525 : EXECUTING
08:04:41 INFO  State of operation 21434525 : EXECUTING
08:04:43 INFO  State of operation 21434525 : EXECUTING
08:04:46 INFO  State of operation 21434525 : EXECUTING
08:04:48 INFO  State of operation 21434525 : EXECUTING
08:04:51 INFO  State of operation 21434525 : EXECUTING
08:04:53 INFO  State of operation 21434525 : EXECUTING
08:04:55 INFO  State of operation 21434525 : EXECUTING
08:04:59 INFO  State of operation 21434525 : EXECUTING
08:05:01 INFO  State of operation 21434525 : EXECUTING
08:05:04 INFO  State of operation 21434525 : EXECUTING
08:05:06 INFO  State of operation 21434525 : EXECUTING
08:05:09 INFO  State of operation 21434525 : EXECUTING
08:05:11 INFO  State of operation 21434525 : EXECUTING
08:05:13 INFO  State of operation 21434525 : EXECUTING
08:05:16 INFO  State of operation 21434525 : EXECUTING
08:05:18 INFO  State of operation 21434525 : EXECUTING
08:05:20 WARN  SystemError occurred while running test - Timeout while waiting for status SUCCESSFUL or False
Traceback (most recent call last):
  File &quot;/home/pi/env-pysys/lib/python3.7/site-packages/pysys/baserunner.py&quot;, line 1294, in __call__
    self.testObj.execute()
  File &quot;/home/pi/actions-runner/_work/thin-edge.io/thin-edge.io/tests/PySys/software_management_end_to_end/sm_apt_install_remove_multiple_mixed/run.py&quot;, line 89, in execute
    self.wait_until_succcess()
  File &quot;/home/pi/actions-runner/_work/thin-edge.io/thin-edge.io/tests/PySys/software_management_end_to_end/environment_sm_management.py&quot;, line 324, in wait_until_succcess
    self.wait_until_status(&quot;SUCCESSFUL&quot;)
  File &quot;/home/pi/actions-runner/_work/thin-edge.io/thin-edge.io/tests/PySys/software_management_end_to_end/environment_sm_management.py&quot;, line 381, in wait_until_status
    &quot;Timeout while waiting for status %s or %s&quot; % (status, status2)
SystemError: Timeout while waiting for status SUCCESSFUL or False
08:05:20 WARN  SystemError: Timeout while waiting for status SUCCESSFUL or False ... blocked 
08:05:20 INFO  
08:05:20 INFO  cleanup:
08:05:24 INFO  Executed sudo&lt;tedge_disconnect_c8y&gt;, exit status 0
08:05:25 INFO  Executed systemctl&lt;serv_mapper5&gt;, exit status 3
08:05:25 INFO  
08:05:25 INFO  Test duration: 179.52 secs
08:05:25 INFO  Test final outcome:  BLOCKED
08:05:25 INFO  Test outcome reason: SystemError: Timeout while waiting for status SUCCESSFUL or False
08:05:25 INFO  
</system-out>
	</testcase>
</testsuite>
