<?xml version="1.0" encoding="utf-8"?>
<testsuite failures="1" name="SoftwareManagement.sm_apt_install_fail" skipped="0" tests="1" time="165.99" timestamp="2022-05-24T16:16:23">
	<testcase classname="PySysTest" name="SoftwareManagement.sm_apt_install_fail">
		<failure message="BLOCKED: SystemError: Timeout while waiting for status FAILED or SUCCESSFUL" type="BLOCKED"/>
		<system-out>16:13:37 INFO  ==============================================================
16:13:37 INFO  Id:    SoftwareManagement.sm_apt_install_fail
16:13:37 INFO  Dir:   software_management_end_to_end/
16:13:37 INFO  Title: Validate end to end behaviour for a failing installation
16:13:37 INFO  ==============================================================
16:13:37 INFO  Using sw id database: {'asciijump': '5475369', 'robotfindskitten': '5474869', 'squirrel3': '5475279', 'rolldice': '5152439', 'moon-buggy': '5439204', 'apple': '5495053', 'banana': '5494888', 'cherry': '5495382', 'watermelon': '5494510', 'registry': '8018911', 'hello-world': '8021526', 'docker/getting-started': '8021973', 'alpine': '7991792'}
16:13:37 INFO  EnvironmentC8y Setup
16:13:37 INFO  Executed systemctl&lt;serv_mapper1&gt;, exit status 3
16:13:38 INFO  Restarting mosquitto too frequently in the last 10 seconds. It was only up for 5 seconds
16:13:38 INFO  Delaying execution by 6 seconds
16:13:58 INFO  Executed sudo&lt;tedge_connect_c8y&gt;, exit status 0, duration 13 secs
16:13:58 INFO  Executed sudo&lt;tedge_connect_c8y_test&gt;, exit status 0
16:13:59 INFO  Executed systemctl&lt;serv_mosq2&gt;, exit status 0
16:13:59 INFO  Executed systemctl&lt;serv_mapper3&gt;, exit status 0
16:14:01 INFO  State of current operation: PENDING
16:14:04 INFO  State of current operation: PENDING
16:14:06 INFO  State of current operation: PENDING
16:14:08 INFO  State of current operation: PENDING
16:14:10 INFO  State of current operation: PENDING
16:14:13 INFO  State of current operation: PENDING
16:14:15 INFO  State of current operation: PENDING
16:14:17 INFO  State of current operation: PENDING
16:14:19 INFO  State of current operation: PENDING
16:14:21 INFO  State of current operation: PENDING
16:14:24 INFO  State of current operation: PENDING
16:14:26 INFO  State of current operation: PENDING
16:14:28 INFO  State of current operation: PENDING
16:14:30 INFO  State of current operation: PENDING
16:14:33 INFO  State of current operation: PENDING
16:14:35 INFO  State of current operation: PENDING
16:14:37 INFO  State of current operation: PENDING
16:14:39 INFO  State of current operation: PENDING
16:14:42 INFO  State of current operation: PENDING
16:14:44 INFO  State of current operation: PENDING
16:14:46 INFO  State of current operation: PENDING
16:14:48 INFO  State of current operation: PENDING
16:14:51 INFO  State of current operation: PENDING
16:14:53 INFO  State of current operation: PENDING
16:14:55 INFO  State of current operation: PENDING
16:14:57 INFO  State of current operation: PENDING
16:14:59 INFO  State of current operation: PENDING
16:15:02 INFO  State of current operation: PENDING
16:15:04 INFO  State of current operation: PENDING
16:15:06 INFO  State of current operation: PENDING
16:15:08 INFO  State of current operation: PENDING
16:15:11 INFO  State of current operation: PENDING
16:15:13 INFO  State of current operation: PENDING
16:15:16 INFO  State of current operation: PENDING
16:15:18 INFO  State of current operation: PENDING
16:15:20 INFO  State of current operation: PENDING
16:15:23 INFO  State of current operation: PENDING
16:15:25 INFO  State of current operation: PENDING
16:15:27 INFO  State of current operation: PENDING
16:15:29 INFO  State of current operation: PENDING
16:15:32 INFO  State of current operation: PENDING
16:15:34 INFO  State of current operation: PENDING
16:15:36 INFO  State of current operation: PENDING
16:15:38 INFO  State of current operation: PENDING
16:15:40 INFO  State of current operation: PENDING
16:15:43 INFO  State of current operation: PENDING
16:15:45 INFO  State of current operation: PENDING
16:15:47 INFO  State of current operation: PENDING
16:15:49 INFO  State of current operation: PENDING
16:15:52 INFO  State of current operation: PENDING
16:15:54 INFO  State of current operation: PENDING
16:15:56 INFO  State of current operation: PENDING
16:15:58 INFO  State of current operation: PENDING
16:16:01 INFO  State of current operation: PENDING
16:16:03 INFO  State of current operation: PENDING
16:16:05 INFO  State of current operation: PENDING
16:16:07 INFO  State of current operation: PENDING
16:16:09 INFO  State of current operation: PENDING
16:16:12 INFO  State of current operation: PENDING
16:16:14 INFO  State of current operation: PENDING
16:16:16 INFO  State of current operation: PENDING
16:16:18 WARN  SystemError occurred while running test - Timeout while waiting for status FAILED or SUCCESSFUL
Traceback (most recent call last):
  File &quot;/home/pi/env-pysys/lib/python3.7/site-packages/pysys/baserunner.py&quot;, line 1292, in __call__
    self.testObj.setup()
  File &quot;/home/pi/actions-runner/_work/thin-edge.io/thin-edge.io/tests/PySys/software_management_end_to_end/sm_apt_install_fail/run.py&quot;, line 20, in setup
    super().setup()
  File &quot;/home/pi/actions-runner/_work/thin-edge.io/thin-edge.io/tests/PySys/software_management_end_to_end/environment_sm_management.py&quot;, line 151, in setup
    self.wait_until_end()
  File &quot;/home/pi/actions-runner/_work/thin-edge.io/thin-edge.io/tests/PySys/software_management_end_to_end/environment_sm_management.py&quot;, line 332, in wait_until_end
    self.wait_until_status(&quot;FAILED&quot;, &quot;SUCCESSFUL&quot;)
  File &quot;/home/pi/actions-runner/_work/thin-edge.io/thin-edge.io/tests/PySys/software_management_end_to_end/environment_sm_management.py&quot;, line 381, in wait_until_status
    &quot;Timeout while waiting for status %s or %s&quot; % (status, status2)
SystemError: Timeout while waiting for status FAILED or SUCCESSFUL
16:16:18 WARN  SystemError: Timeout while waiting for status FAILED or SUCCESSFUL ... blocked 
16:16:18 INFO  
16:16:18 INFO  cleanup:
16:16:22 INFO  Executed sudo&lt;tedge_disconnect_c8y&gt;, exit status 0
16:16:23 INFO  Executed systemctl&lt;serv_mapper5&gt;, exit status 3
16:16:23 INFO  
16:16:23 INFO  Test duration: 165.99 secs
16:16:23 INFO  Test final outcome:  BLOCKED
16:16:23 INFO  Test outcome reason: SystemError: Timeout while waiting for status FAILED or SUCCESSFUL
16:16:23 INFO  
</system-out>
	</testcase>
</testsuite>
