<?xml version="1.0" encoding="utf-8"?>
<testsuite failures="0" name="apt_list_format" skipped="0" tests="1" time="2.95" timestamp="2022-07-22T00:49:45">
	<testcase classname="AptPluginListFormat" name="apt_list_format"/>
</testsuite>
