<?xml version="1.0" encoding="utf-8"?>
<testsuite failures="1" name="SoftwareManagement.sm_apt_install_remove_multiple" skipped="0" tests="1" time="180.5" timestamp="2022-06-09T07:42:17">
	<testcase classname="PySysTest" name="SoftwareManagement.sm_apt_install_remove_multiple">
		<failure message="FAILED: Assert that (False == value) with value=True" type="FAILED"/>
		<system-out>07:39:16 INFO  ==============================================================
07:39:16 INFO  Id:    SoftwareManagement.sm_apt_install_remove_multiple
07:39:16 INFO  Dir:   software_management_end_to_end/
07:39:16 INFO  Title: Validate end to end behaviour for the apt plugin for multiple packages
07:39:16 INFO  ==============================================================
07:39:16 INFO  Using sw id database: {'asciijump': '5475369', 'robotfindskitten': '5474869', 'squirrel3': '5475279', 'rolldice': '5152439', 'moon-buggy': '5439204', 'apple': '5495053', 'banana': '5494888', 'cherry': '5495382', 'watermelon': '5494510', 'registry': '8018911', 'hello-world': '8021526', 'docker/getting-started': '8021973', 'alpine': '7991792'}
07:39:16 INFO  EnvironmentC8y Setup
07:39:17 INFO  Executed systemctl&lt;serv_mapper1&gt;, exit status 3
07:39:17 INFO  Restarting mosquitto too frequently in the last 10 seconds. It was only up for 4 seconds
07:39:17 INFO  Delaying execution by 7 seconds
07:39:38 INFO  Executed sudo&lt;tedge_connect_c8y&gt;, exit status 0, duration 14 secs
07:39:39 INFO  Executed sudo&lt;tedge_connect_c8y_test&gt;, exit status 0
07:39:39 INFO  Executed systemctl&lt;serv_mosq2&gt;, exit status 0
07:39:39 INFO  Executed systemctl&lt;serv_mapper3&gt;, exit status 0
07:39:42 INFO  State of current operation: SUCCESSFUL
07:39:42 INFO  Assert that (False == value) with value=False ... passed
07:39:42 INFO  Assert that (False == value) with value=False ... passed
07:39:42 INFO  Assert that (False == value) with value=False ... passed
07:39:43 INFO  Package robotfindskitten is installed
07:39:43 WARN  Assert that (False == value) with value=True ... failed 
07:39:43 INFO  Response status: 201
07:39:43 INFO  Response to action: {
    &quot;creationTime&quot;: &quot;2022-06-09T07:39:43.373Z&quot;,
    &quot;deviceId&quot;: &quot;20069630&quot;,
    &quot;deviceName&quot;: &quot;m32sd10b&quot;,
    &quot;self&quot;: &quot;https://t493319102.eu-latest.cumulocity.com/devicecontrol/operations/20084309&quot;,
    &quot;id&quot;: &quot;20084309&quot;,
    &quot;status&quot;: &quot;PENDING&quot;,
    &quot;description&quot;: &quot;Apply software changes, triggered from PySys: [{'action': 'install', 'id': '5475369', 'name': 'asciijump', 'url': ' ', 'version': '::apt'}, {'action': 'install', 'id': '5474869', 'name': 'robotfindskitten', 'url': ' ', 'version': '::apt'}, {'action': 'install', 'id': '5475279', 'name': 'squirrel3', 'url': ' ', 'version': '::apt'}]&quot;,
    &quot;c8y_SoftwareUpdate&quot;: [
        {
            &quot;name&quot;: &quot;asciijump&quot;,
            &quot;action&quot;: &quot;install&quot;,
            &quot;id&quot;: &quot;5475369&quot;,
            &quot;version&quot;: &quot;::apt&quot;,
            &quot;url&quot;: &quot; &quot;
        },
        {
            &quot;name&quot;: &quot;robotfindskitten&quot;,
            &quot;action&quot;: &quot;install&quot;,
            &quot;id&quot;: &quot;5474869&quot;,
            &quot;version&quot;: &quot;::apt&quot;,
            &quot;url&quot;: &quot; &quot;
        },
        {
            &quot;name&quot;: &quot;squirrel3&quot;,
            &quot;action&quot;: &quot;install&quot;,
            &quot;id&quot;: &quot;5475279&quot;,
            &quot;version&quot;: &quot;::apt&quot;,
            &quot;url&quot;: &quot; &quot;
        }
    ]
}
07:39:43 INFO  Started operation: {'creationTime': '2022-06-09T07:39:43.373Z', 'deviceId': '20069630', 'deviceName': 'm32sd10b', 'self': 'https://t493319102.eu-latest.cumulocity.com/devicecontrol/operations/20084309', 'id': '20084309', 'status': 'PENDING', 'description': &quot;Apply software changes, triggered from PySys: [{'action': 'install', 'id': '5475369', 'name': 'asciijump', 'url': ' ', 'version': '::apt'}, {'action': 'install', 'id': '5474869', 'name': 'robotfindskitten', 'url': ' ', 'version': '::apt'}, {'action': 'install', 'id': '5475279', 'name': 'squirrel3', 'url': ' ', 'version': '::apt'}]&quot;, 'c8y_SoftwareUpdate': [{'name': 'asciijump', 'action': 'install', 'id': '5475369', 'version': '::apt', 'url': ' '}, {'name': 'robotfindskitten', 'action': 'install', 'id': '5474869', 'version': '::apt', 'url': ' '}, {'name': 'squirrel3', 'action': 'install', 'id': '5475279', 'version': '::apt', 'url': ' '}]}
07:39:45 INFO  State of operation 20084309 : PENDING
07:39:47 INFO  State of operation 20084309 : EXECUTING
07:39:50 INFO  State of operation 20084309 : EXECUTING
07:39:52 INFO  State of operation 20084309 : EXECUTING
07:39:54 INFO  State of operation 20084309 : EXECUTING
07:39:56 INFO  State of operation 20084309 : EXECUTING
07:39:59 INFO  State of operation 20084309 : EXECUTING
07:40:02 INFO  State of operation 20084309 : EXECUTING
07:40:04 INFO  State of operation 20084309 : EXECUTING
07:40:06 INFO  State of operation 20084309 : EXECUTING
07:40:09 INFO  State of operation 20084309 : EXECUTING
07:40:11 INFO  State of operation 20084309 : EXECUTING
07:40:13 INFO  State of operation 20084309 : EXECUTING
07:40:15 INFO  State of operation 20084309 : EXECUTING
07:40:18 INFO  State of operation 20084309 : EXECUTING
07:40:20 INFO  State of operation 20084309 : EXECUTING
07:40:22 INFO  State of operation 20084309 : EXECUTING
07:40:25 INFO  State of operation 20084309 : EXECUTING
07:40:27 INFO  State of operation 20084309 : EXECUTING
07:40:30 INFO  State of operation 20084309 : EXECUTING
07:40:32 INFO  State of operation 20084309 : EXECUTING
07:40:34 INFO  State of operation 20084309 : EXECUTING
07:40:37 INFO  State of operation 20084309 : EXECUTING
07:40:39 INFO  State of operation 20084309 : EXECUTING
07:40:41 INFO  State of operation 20084309 : EXECUTING
07:40:43 INFO  State of operation 20084309 : EXECUTING
07:40:46 INFO  State of operation 20084309 : EXECUTING
07:40:48 INFO  State of operation 20084309 : EXECUTING
07:40:51 INFO  State of operation 20084309 : EXECUTING
07:40:53 INFO  State of operation 20084309 : EXECUTING
07:40:55 INFO  State of operation 20084309 : EXECUTING
07:40:57 INFO  State of operation 20084309 : EXECUTING
07:41:00 INFO  State of operation 20084309 : EXECUTING
07:41:02 INFO  State of operation 20084309 : EXECUTING
07:41:04 INFO  State of operation 20084309 : SUCCESSFUL
07:41:04 INFO  Assert that (False == value) with value=False ... passed
07:41:05 INFO  Package asciijump is installed
07:41:05 INFO  Assert that (True == value) with value=True ... passed
07:41:05 INFO  Package squirrel3 is installed
07:41:05 INFO  Assert that (True == value) with value=True ... passed
07:41:05 INFO  Package robotfindskitten is installed
07:41:05 INFO  Assert that (True == value) with value=True ... passed
07:41:05 INFO  Response status: 201
07:41:05 INFO  Response to action: {
    &quot;creationTime&quot;: &quot;2022-06-09T07:41:05.659Z&quot;,
    &quot;deviceId&quot;: &quot;20069630&quot;,
    &quot;deviceName&quot;: &quot;m32sd10b&quot;,
    &quot;self&quot;: &quot;https://t493319102.eu-latest.cumulocity.com/devicecontrol/operations/20084333&quot;,
    &quot;id&quot;: &quot;20084333&quot;,
    &quot;status&quot;: &quot;PENDING&quot;,
    &quot;description&quot;: &quot;Apply software changes, triggered from PySys: [{'action': 'delete', 'id': '5475369', 'name': 'asciijump', 'url': ' ', 'version': '::apt'}, {'action': 'delete', 'id': '5474869', 'name': 'robotfindskitten', 'url': ' ', 'version': '::apt'}, {'action': 'delete', 'id': '5475279', 'name': 'squirrel3', 'url': ' ', 'version': '::apt'}]&quot;,
    &quot;c8y_SoftwareUpdate&quot;: [
        {
            &quot;name&quot;: &quot;asciijump&quot;,
            &quot;action&quot;: &quot;delete&quot;,
            &quot;id&quot;: &quot;5475369&quot;,
            &quot;version&quot;: &quot;::apt&quot;,
            &quot;url&quot;: &quot; &quot;
        },
        {
            &quot;name&quot;: &quot;robotfindskitten&quot;,
            &quot;action&quot;: &quot;delete&quot;,
            &quot;id&quot;: &quot;5474869&quot;,
            &quot;version&quot;: &quot;::apt&quot;,
            &quot;url&quot;: &quot; &quot;
        },
        {
            &quot;name&quot;: &quot;squirrel3&quot;,
            &quot;action&quot;: &quot;delete&quot;,
            &quot;id&quot;: &quot;5475279&quot;,
            &quot;version&quot;: &quot;::apt&quot;,
            &quot;url&quot;: &quot; &quot;
        }
    ]
}
07:41:05 INFO  Started operation: {'creationTime': '2022-06-09T07:41:05.659Z', 'deviceId': '20069630', 'deviceName': 'm32sd10b', 'self': 'https://t493319102.eu-latest.cumulocity.com/devicecontrol/operations/20084333', 'id': '20084333', 'status': 'PENDING', 'description': &quot;Apply software changes, triggered from PySys: [{'action': 'delete', 'id': '5475369', 'name': 'asciijump', 'url': ' ', 'version': '::apt'}, {'action': 'delete', 'id': '5474869', 'name': 'robotfindskitten', 'url': ' ', 'version': '::apt'}, {'action': 'delete', 'id': '5475279', 'name': 'squirrel3', 'url': ' ', 'version': '::apt'}]&quot;, 'c8y_SoftwareUpdate': [{'name': 'asciijump', 'action': 'delete', 'id': '5475369', 'version': '::apt', 'url': ' '}, {'name': 'robotfindskitten', 'action': 'delete', 'id': '5474869', 'version': '::apt', 'url': ' '}, {'name': 'squirrel3', 'action': 'delete', 'id': '5475279', 'version': '::apt', 'url': ' '}]}
07:41:07 INFO  State of operation 20084333 : PENDING
07:41:10 INFO  State of operation 20084333 : EXECUTING
07:41:12 INFO  State of operation 20084333 : EXECUTING
07:41:14 INFO  State of operation 20084333 : EXECUTING
07:41:17 INFO  State of operation 20084333 : EXECUTING
07:41:19 INFO  State of operation 20084333 : EXECUTING
07:41:22 INFO  State of operation 20084333 : EXECUTING
07:41:24 INFO  State of operation 20084333 : EXECUTING
07:41:27 INFO  State of operation 20084333 : EXECUTING
07:41:29 INFO  State of operation 20084333 : EXECUTING
07:41:31 INFO  State of operation 20084333 : EXECUTING
07:41:34 INFO  State of operation 20084333 : EXECUTING
07:41:36 INFO  State of operation 20084333 : EXECUTING
07:41:38 INFO  State of operation 20084333 : EXECUTING
07:41:40 INFO  State of operation 20084333 : EXECUTING
07:41:43 INFO  State of operation 20084333 : EXECUTING
07:41:45 INFO  State of operation 20084333 : EXECUTING
07:41:48 INFO  State of operation 20084333 : EXECUTING
07:41:50 INFO  State of operation 20084333 : EXECUTING
07:41:52 INFO  State of operation 20084333 : EXECUTING
07:41:55 INFO  State of operation 20084333 : EXECUTING
07:41:57 INFO  State of operation 20084333 : EXECUTING
07:41:59 INFO  State of operation 20084333 : EXECUTING
07:42:01 INFO  State of operation 20084333 : EXECUTING
07:42:04 INFO  State of operation 20084333 : EXECUTING
07:42:06 INFO  State of operation 20084333 : EXECUTING
07:42:09 INFO  State of operation 20084333 : EXECUTING
07:42:11 INFO  State of operation 20084333 : SUCCESSFUL
07:42:11 INFO  Assert that (False == value) with value=False ... passed
07:42:11 INFO  Assert that (False == value) with value=False ... passed
07:42:12 INFO  Assert that (False == value) with value=False ... passed
07:42:12 INFO  Assert that (False == value) with value=False ... passed
07:42:12 INFO  
07:42:12 INFO  cleanup:
07:42:16 INFO  Executed sudo&lt;tedge_disconnect_c8y&gt;, exit status 0
07:42:17 INFO  Executed systemctl&lt;serv_mapper5&gt;, exit status 3
07:42:17 INFO  
07:42:17 INFO  Test duration: 180.50 secs
07:42:17 INFO  Test final outcome:  FAILED
07:42:17 INFO  Test outcome reason: Assert that (False == value) with value=True
07:42:17 INFO  
</system-out>
	</testcase>
</testsuite>
