<?xml version="1.0" encoding="utf-8"?>
<testsuite failures="1" name="SoftwareManagement.sm_apt_install_remove_multiple_mixed" skipped="0" tests="1" time="168.08" timestamp="2022-07-22T02:45:23">
	<testcase classname="PySysTest" name="SoftwareManagement.sm_apt_install_remove_multiple_mixed">
		<failure message="BLOCKED: SystemError: Timeout while waiting for status FAILED or SUCCESSFUL" type="BLOCKED"/>
		<system-out>02:42:35 INFO  ==============================================================
02:42:35 INFO  Id:    SoftwareManagement.sm_apt_install_remove_multiple_mixed
02:42:35 INFO  Dir:   software_management_end_to_end/
02:42:35 INFO  Title: Validate end to end behaviour for the apt plugin for multiple packages with mixed versions
02:42:35 INFO  ==============================================================
02:42:35 INFO  Using sw id database: {'asciijump': '5475369', 'robotfindskitten': '5474869', 'squirrel3': '5475279', 'rolldice': '5152439', 'moon-buggy': '5439204', 'apple': '5495053', 'banana': '5494888', 'cherry': '5495382', 'watermelon': '5494510', 'registry': '8018911', 'hello-world': '8021526', 'docker/getting-started': '8021973', 'alpine': '7991792'}
02:42:35 INFO  EnvironmentC8y Setup
02:42:36 INFO  Executed systemctl&lt;serv_mapper1&gt;, exit status 3
02:42:36 INFO  Restarting mosquitto too frequently in the last 10 seconds. It was only up for 4 seconds
02:42:36 INFO  Delaying execution by 7 seconds
02:42:59 INFO  Executed sudo&lt;tedge_connect_c8y&gt;, exit status 0, duration 16 secs
02:43:00 INFO  Executed sudo&lt;tedge_connect_c8y_test&gt;, exit status 0
02:43:01 INFO  Executed systemctl&lt;serv_mosq2&gt;, exit status 0
02:43:01 INFO  Executed systemctl&lt;serv_mapper3&gt;, exit status 0
02:43:03 INFO  State of current operation: EXECUTING
02:43:05 INFO  State of current operation: EXECUTING
02:43:08 INFO  State of current operation: EXECUTING
02:43:10 INFO  State of current operation: EXECUTING
02:43:12 INFO  State of current operation: EXECUTING
02:43:14 INFO  State of current operation: EXECUTING
02:43:17 INFO  State of current operation: EXECUTING
02:43:19 INFO  State of current operation: EXECUTING
02:43:21 INFO  State of current operation: EXECUTING
02:43:23 INFO  State of current operation: EXECUTING
02:43:25 INFO  State of current operation: EXECUTING
02:43:28 INFO  State of current operation: EXECUTING
02:43:30 INFO  State of current operation: EXECUTING
02:43:32 INFO  State of current operation: EXECUTING
02:43:34 INFO  State of current operation: EXECUTING
02:43:37 INFO  State of current operation: EXECUTING
02:43:39 INFO  State of current operation: EXECUTING
02:43:41 INFO  State of current operation: EXECUTING
02:43:43 INFO  State of current operation: EXECUTING
02:43:45 INFO  State of current operation: EXECUTING
02:43:48 INFO  State of current operation: EXECUTING
02:43:50 INFO  State of current operation: EXECUTING
02:43:52 INFO  State of current operation: EXECUTING
02:43:54 INFO  State of current operation: EXECUTING
02:43:57 INFO  State of current operation: EXECUTING
02:43:59 INFO  State of current operation: EXECUTING
02:44:01 INFO  State of current operation: EXECUTING
02:44:03 INFO  State of current operation: EXECUTING
02:44:05 INFO  State of current operation: EXECUTING
02:44:08 INFO  State of current operation: EXECUTING
02:44:10 INFO  State of current operation: EXECUTING
02:44:12 INFO  State of current operation: EXECUTING
02:44:14 INFO  State of current operation: EXECUTING
02:44:17 INFO  State of current operation: EXECUTING
02:44:19 INFO  State of current operation: EXECUTING
02:44:21 INFO  State of current operation: EXECUTING
02:44:23 INFO  State of current operation: EXECUTING
02:44:25 INFO  State of current operation: EXECUTING
02:44:28 INFO  State of current operation: EXECUTING
02:44:30 INFO  State of current operation: EXECUTING
02:44:32 INFO  State of current operation: EXECUTING
02:44:34 INFO  State of current operation: EXECUTING
02:44:36 INFO  State of current operation: EXECUTING
02:44:39 INFO  State of current operation: EXECUTING
02:44:41 INFO  State of current operation: EXECUTING
02:44:43 INFO  State of current operation: EXECUTING
02:44:45 INFO  State of current operation: EXECUTING
02:44:48 INFO  State of current operation: EXECUTING
02:44:50 INFO  State of current operation: EXECUTING
02:44:52 INFO  State of current operation: EXECUTING
02:44:54 INFO  State of current operation: EXECUTING
02:44:56 INFO  State of current operation: EXECUTING
02:44:59 INFO  State of current operation: EXECUTING
02:45:01 INFO  State of current operation: EXECUTING
02:45:03 INFO  State of current operation: EXECUTING
02:45:06 INFO  State of current operation: EXECUTING
02:45:08 INFO  State of current operation: EXECUTING
02:45:10 INFO  State of current operation: EXECUTING
02:45:12 INFO  State of current operation: EXECUTING
02:45:14 INFO  State of current operation: EXECUTING
02:45:17 INFO  State of current operation: EXECUTING
02:45:19 WARN  SystemError occurred while running test - Timeout while waiting for status FAILED or SUCCESSFUL
Traceback (most recent call last):
  File &quot;/home/pi/env-pysys/lib/python3.7/site-packages/pysys/baserunner.py&quot;, line 1292, in __call__
    self.testObj.setup()
  File &quot;/home/pi/actions-runner/_work/thin-edge.io/thin-edge.io/tests/PySys/software_management_end_to_end/sm_apt_install_remove_multiple_mixed/run.py&quot;, line 73, in setup
    super().setup()
  File &quot;/home/pi/actions-runner/_work/thin-edge.io/thin-edge.io/tests/PySys/software_management_end_to_end/environment_sm_management.py&quot;, line 151, in setup
    self.wait_until_end()
  File &quot;/home/pi/actions-runner/_work/thin-edge.io/thin-edge.io/tests/PySys/software_management_end_to_end/environment_sm_management.py&quot;, line 332, in wait_until_end
    self.wait_until_status(&quot;FAILED&quot;, &quot;SUCCESSFUL&quot;)
  File &quot;/home/pi/actions-runner/_work/thin-edge.io/thin-edge.io/tests/PySys/software_management_end_to_end/environment_sm_management.py&quot;, line 381, in wait_until_status
    &quot;Timeout while waiting for status %s or %s&quot; % (status, status2)
SystemError: Timeout while waiting for status FAILED or SUCCESSFUL
02:45:19 WARN  SystemError: Timeout while waiting for status FAILED or SUCCESSFUL ... blocked 
02:45:19 INFO  
02:45:19 INFO  cleanup:
02:45:23 INFO  Executed sudo&lt;tedge_disconnect_c8y&gt;, exit status 0
02:45:23 INFO  Executed systemctl&lt;serv_mapper5&gt;, exit status 3
02:45:23 INFO  
02:45:23 INFO  Test duration: 168.08 secs
02:45:23 INFO  Test final outcome:  BLOCKED
02:45:23 INFO  Test outcome reason: SystemError: Timeout while waiting for status FAILED or SUCCESSFUL
02:45:23 INFO  
</system-out>
	</testcase>
</testsuite>
