<?xml version="1.0" encoding="utf-8"?>
<testsuite failures="1" name="SoftwareManagement.sm_apt_install_remove_multiple" skipped="0" tests="1" time="179.0" timestamp="2022-06-17T09:21:01">
	<testcase classname="PySysTest" name="SoftwareManagement.sm_apt_install_remove_multiple">
		<failure message="FAILED: Assert that (False == value) with value=True" type="FAILED"/>
		<system-out>09:18:02 INFO  ==============================================================
09:18:02 INFO  Id:    SoftwareManagement.sm_apt_install_remove_multiple
09:18:02 INFO  Dir:   software_management_end_to_end/
09:18:02 INFO  Title: Validate end to end behaviour for the apt plugin for multiple packages
09:18:02 INFO  ==============================================================
09:18:02 INFO  Using sw id database: {'asciijump': '5475369', 'robotfindskitten': '5474869', 'squirrel3': '5475279', 'rolldice': '5152439', 'moon-buggy': '5439204', 'apple': '5495053', 'banana': '5494888', 'cherry': '5495382', 'watermelon': '5494510', 'registry': '8018911', 'hello-world': '8021526', 'docker/getting-started': '8021973', 'alpine': '7991792'}
09:18:02 INFO  EnvironmentC8y Setup
09:18:02 INFO  Executed systemctl&lt;serv_mapper1&gt;, exit status 3
09:18:02 INFO  Restarting mosquitto too frequently in the last 10 seconds. It was only up for 5 seconds
09:18:02 INFO  Delaying execution by 6 seconds
09:18:22 INFO  Executed sudo&lt;tedge_connect_c8y&gt;, exit status 0, duration 13 secs
09:18:23 INFO  Executed sudo&lt;tedge_connect_c8y_test&gt;, exit status 0
09:18:23 INFO  Executed systemctl&lt;serv_mosq2&gt;, exit status 0
09:18:24 INFO  Executed systemctl&lt;serv_mapper3&gt;, exit status 0
09:18:26 INFO  State of current operation: SUCCESSFUL
09:18:26 INFO  Assert that (False == value) with value=False ... passed
09:18:27 INFO  Assert that (False == value) with value=False ... passed
09:18:27 INFO  Assert that (False == value) with value=False ... passed
09:18:27 INFO  Package robotfindskitten is installed
09:18:27 WARN  Assert that (False == value) with value=True ... failed 
09:18:27 INFO  Response status: 201
09:18:27 INFO  Response to action: {
    &quot;creationTime&quot;: &quot;2022-06-17T09:18:27.708Z&quot;,
    &quot;deviceName&quot;: &quot;m32sd10b&quot;,
    &quot;deviceId&quot;: &quot;20259763&quot;,
    &quot;self&quot;: &quot;https://t493319102.eu-latest.cumulocity.com/devicecontrol/operations/20282403&quot;,
    &quot;id&quot;: &quot;20282403&quot;,
    &quot;status&quot;: &quot;PENDING&quot;,
    &quot;description&quot;: &quot;Apply software changes, triggered from PySys: [{'action': 'install', 'id': '5475369', 'name': 'asciijump', 'url': ' ', 'version': '::apt'}, {'action': 'install', 'id': '5474869', 'name': 'robotfindskitten', 'url': ' ', 'version': '::apt'}, {'action': 'install', 'id': '5475279', 'name': 'squirrel3', 'url': ' ', 'version': '::apt'}]&quot;,
    &quot;c8y_SoftwareUpdate&quot;: [
        {
            &quot;name&quot;: &quot;asciijump&quot;,
            &quot;action&quot;: &quot;install&quot;,
            &quot;id&quot;: &quot;5475369&quot;,
            &quot;version&quot;: &quot;::apt&quot;,
            &quot;url&quot;: &quot; &quot;
        },
        {
            &quot;name&quot;: &quot;robotfindskitten&quot;,
            &quot;action&quot;: &quot;install&quot;,
            &quot;id&quot;: &quot;5474869&quot;,
            &quot;version&quot;: &quot;::apt&quot;,
            &quot;url&quot;: &quot; &quot;
        },
        {
            &quot;name&quot;: &quot;squirrel3&quot;,
            &quot;action&quot;: &quot;install&quot;,
            &quot;id&quot;: &quot;5475279&quot;,
            &quot;version&quot;: &quot;::apt&quot;,
            &quot;url&quot;: &quot; &quot;
        }
    ]
}
09:18:27 INFO  Started operation: {'creationTime': '2022-06-17T09:18:27.708Z', 'deviceName': 'm32sd10b', 'deviceId': '20259763', 'self': 'https://t493319102.eu-latest.cumulocity.com/devicecontrol/operations/20282403', 'id': '20282403', 'status': 'PENDING', 'description': &quot;Apply software changes, triggered from PySys: [{'action': 'install', 'id': '5475369', 'name': 'asciijump', 'url': ' ', 'version': '::apt'}, {'action': 'install', 'id': '5474869', 'name': 'robotfindskitten', 'url': ' ', 'version': '::apt'}, {'action': 'install', 'id': '5475279', 'name': 'squirrel3', 'url': ' ', 'version': '::apt'}]&quot;, 'c8y_SoftwareUpdate': [{'name': 'asciijump', 'action': 'install', 'id': '5475369', 'version': '::apt', 'url': ' '}, {'name': 'robotfindskitten', 'action': 'install', 'id': '5474869', 'version': '::apt', 'url': ' '}, {'name': 'squirrel3', 'action': 'install', 'id': '5475279', 'version': '::apt', 'url': ' '}]}
09:18:29 INFO  State of operation 20282403 : PENDING
09:18:32 INFO  State of operation 20282403 : EXECUTING
09:18:34 INFO  State of operation 20282403 : EXECUTING
09:18:36 INFO  State of operation 20282403 : EXECUTING
09:18:38 INFO  State of operation 20282403 : EXECUTING
09:18:41 INFO  State of operation 20282403 : EXECUTING
09:18:43 INFO  State of operation 20282403 : EXECUTING
09:18:46 INFO  State of operation 20282403 : EXECUTING
09:18:48 INFO  State of operation 20282403 : EXECUTING
09:18:51 INFO  State of operation 20282403 : EXECUTING
09:18:53 INFO  State of operation 20282403 : EXECUTING
09:18:55 INFO  State of operation 20282403 : EXECUTING
09:18:57 INFO  State of operation 20282403 : EXECUTING
09:19:00 INFO  State of operation 20282403 : EXECUTING
09:19:02 INFO  State of operation 20282403 : EXECUTING
09:19:04 INFO  State of operation 20282403 : EXECUTING
09:19:06 INFO  State of operation 20282403 : EXECUTING
09:19:09 INFO  State of operation 20282403 : EXECUTING
09:19:11 INFO  State of operation 20282403 : EXECUTING
09:19:14 INFO  State of operation 20282403 : EXECUTING
09:19:16 INFO  State of operation 20282403 : EXECUTING
09:19:18 INFO  State of operation 20282403 : EXECUTING
09:19:21 INFO  State of operation 20282403 : EXECUTING
09:19:24 INFO  State of operation 20282403 : EXECUTING
09:19:26 INFO  State of operation 20282403 : EXECUTING
09:19:30 INFO  State of operation 20282403 : EXECUTING
09:19:32 INFO  State of operation 20282403 : EXECUTING
09:19:34 INFO  State of operation 20282403 : EXECUTING
09:19:36 INFO  State of operation 20282403 : EXECUTING
09:19:39 INFO  State of operation 20282403 : EXECUTING
09:19:41 INFO  State of operation 20282403 : EXECUTING
09:19:43 INFO  State of operation 20282403 : EXECUTING
09:19:46 INFO  State of operation 20282403 : EXECUTING
09:19:48 INFO  State of operation 20282403 : SUCCESSFUL
09:19:48 INFO  Assert that (False == value) with value=False ... passed
09:19:48 INFO  Package asciijump is installed
09:19:48 INFO  Assert that (True == value) with value=True ... passed
09:19:49 INFO  Package squirrel3 is installed
09:19:49 INFO  Assert that (True == value) with value=True ... passed
09:19:49 INFO  Package robotfindskitten is installed
09:19:49 INFO  Assert that (True == value) with value=True ... passed
09:19:49 INFO  Response status: 201
09:19:49 INFO  Response to action: {
    &quot;creationTime&quot;: &quot;2022-06-17T09:19:49.543Z&quot;,
    &quot;deviceName&quot;: &quot;m32sd10b&quot;,
    &quot;deviceId&quot;: &quot;20259763&quot;,
    &quot;self&quot;: &quot;https://t493319102.eu-latest.cumulocity.com/devicecontrol/operations/20282417&quot;,
    &quot;id&quot;: &quot;20282417&quot;,
    &quot;status&quot;: &quot;PENDING&quot;,
    &quot;description&quot;: &quot;Apply software changes, triggered from PySys: [{'action': 'delete', 'id': '5475369', 'name': 'asciijump', 'url': ' ', 'version': '::apt'}, {'action': 'delete', 'id': '5474869', 'name': 'robotfindskitten', 'url': ' ', 'version': '::apt'}, {'action': 'delete', 'id': '5475279', 'name': 'squirrel3', 'url': ' ', 'version': '::apt'}]&quot;,
    &quot;c8y_SoftwareUpdate&quot;: [
        {
            &quot;name&quot;: &quot;asciijump&quot;,
            &quot;action&quot;: &quot;delete&quot;,
            &quot;id&quot;: &quot;5475369&quot;,
            &quot;version&quot;: &quot;::apt&quot;,
            &quot;url&quot;: &quot; &quot;
        },
        {
            &quot;name&quot;: &quot;robotfindskitten&quot;,
            &quot;action&quot;: &quot;delete&quot;,
            &quot;id&quot;: &quot;5474869&quot;,
            &quot;version&quot;: &quot;::apt&quot;,
            &quot;url&quot;: &quot; &quot;
        },
        {
            &quot;name&quot;: &quot;squirrel3&quot;,
            &quot;action&quot;: &quot;delete&quot;,
            &quot;id&quot;: &quot;5475279&quot;,
            &quot;version&quot;: &quot;::apt&quot;,
            &quot;url&quot;: &quot; &quot;
        }
    ]
}
09:19:49 INFO  Started operation: {'creationTime': '2022-06-17T09:19:49.543Z', 'deviceName': 'm32sd10b', 'deviceId': '20259763', 'self': 'https://t493319102.eu-latest.cumulocity.com/devicecontrol/operations/20282417', 'id': '20282417', 'status': 'PENDING', 'description': &quot;Apply software changes, triggered from PySys: [{'action': 'delete', 'id': '5475369', 'name': 'asciijump', 'url': ' ', 'version': '::apt'}, {'action': 'delete', 'id': '5474869', 'name': 'robotfindskitten', 'url': ' ', 'version': '::apt'}, {'action': 'delete', 'id': '5475279', 'name': 'squirrel3', 'url': ' ', 'version': '::apt'}]&quot;, 'c8y_SoftwareUpdate': [{'name': 'asciijump', 'action': 'delete', 'id': '5475369', 'version': '::apt', 'url': ' '}, {'name': 'robotfindskitten', 'action': 'delete', 'id': '5474869', 'version': '::apt', 'url': ' '}, {'name': 'squirrel3', 'action': 'delete', 'id': '5475279', 'version': '::apt', 'url': ' '}]}
09:19:51 INFO  State of operation 20282417 : PENDING
09:19:54 INFO  State of operation 20282417 : EXECUTING
09:19:56 INFO  State of operation 20282417 : EXECUTING
09:19:58 INFO  State of operation 20282417 : EXECUTING
09:20:00 INFO  State of operation 20282417 : EXECUTING
09:20:02 INFO  State of operation 20282417 : EXECUTING
09:20:05 INFO  State of operation 20282417 : EXECUTING
09:20:08 INFO  State of operation 20282417 : EXECUTING
09:20:10 INFO  State of operation 20282417 : EXECUTING
09:20:13 INFO  State of operation 20282417 : EXECUTING
09:20:15 INFO  State of operation 20282417 : EXECUTING
09:20:17 INFO  State of operation 20282417 : EXECUTING
09:20:19 INFO  State of operation 20282417 : EXECUTING
09:20:22 INFO  State of operation 20282417 : EXECUTING
09:20:24 INFO  State of operation 20282417 : EXECUTING
09:20:26 INFO  State of operation 20282417 : EXECUTING
09:20:28 INFO  State of operation 20282417 : EXECUTING
09:20:32 INFO  State of operation 20282417 : EXECUTING
09:20:34 INFO  State of operation 20282417 : EXECUTING
09:20:36 INFO  State of operation 20282417 : EXECUTING
09:20:39 INFO  State of operation 20282417 : EXECUTING
09:20:41 INFO  State of operation 20282417 : EXECUTING
09:20:43 INFO  State of operation 20282417 : EXECUTING
09:20:45 INFO  State of operation 20282417 : EXECUTING
09:20:48 INFO  State of operation 20282417 : EXECUTING
09:20:50 INFO  State of operation 20282417 : EXECUTING
09:20:53 INFO  State of operation 20282417 : EXECUTING
09:20:55 INFO  State of operation 20282417 : SUCCESSFUL
09:20:55 INFO  Assert that (False == value) with value=False ... passed
09:20:55 INFO  Assert that (False == value) with value=False ... passed
09:20:56 INFO  Assert that (False == value) with value=False ... passed
09:20:56 INFO  Assert that (False == value) with value=False ... passed
09:20:56 INFO  
09:20:56 INFO  cleanup:
09:21:00 INFO  Executed sudo&lt;tedge_disconnect_c8y&gt;, exit status 0
09:21:01 INFO  Executed systemctl&lt;serv_mapper5&gt;, exit status 3
09:21:01 INFO  
09:21:01 INFO  Test duration: 179.00 secs
09:21:01 INFO  Test final outcome:  FAILED
09:21:01 INFO  Test outcome reason: Assert that (False == value) with value=True
09:21:01 INFO  
</system-out>
	</testcase>
</testsuite>
