<?xml version="1.0" encoding="utf-8"?>
<testsuite failures="1" name="SoftwareManagement.sm_apt_install_remove_multiple_mixed" skipped="0" tests="1" time="167.03" timestamp="2022-05-25T13:32:52">
	<testcase classname="PySysTest" name="SoftwareManagement.sm_apt_install_remove_multiple_mixed">
		<failure message="BLOCKED: SystemError: Timeout while waiting for status FAILED or SUCCESSFUL" type="BLOCKED"/>
		<system-out>13:30:05 INFO  ==============================================================
13:30:05 INFO  Id:    SoftwareManagement.sm_apt_install_remove_multiple_mixed
13:30:05 INFO  Dir:   software_management_end_to_end/
13:30:05 INFO  Title: Validate end to end behaviour for the apt plugin for multiple packages with mixed versions
13:30:05 INFO  ==============================================================
13:30:05 INFO  Using sw id database: {'asciijump': '5475369', 'robotfindskitten': '5474869', 'squirrel3': '5475279', 'rolldice': '5152439', 'moon-buggy': '5439204', 'apple': '5495053', 'banana': '5494888', 'cherry': '5495382', 'watermelon': '5494510', 'registry': '8018911', 'hello-world': '8021526', 'docker/getting-started': '8021973', 'alpine': '7991792'}
13:30:05 INFO  EnvironmentC8y Setup
13:30:06 INFO  Executed systemctl&lt;serv_mapper1&gt;, exit status 3
13:30:06 INFO  Restarting mosquitto too frequently in the last 10 seconds. It was only up for 4 seconds
13:30:06 INFO  Delaying execution by 7 seconds
13:30:27 INFO  Executed sudo&lt;tedge_connect_c8y&gt;, exit status 0, duration 14 secs
13:30:27 INFO  Executed sudo&lt;tedge_connect_c8y_test&gt;, exit status 0
13:30:28 INFO  Executed systemctl&lt;serv_mosq2&gt;, exit status 0
13:30:28 INFO  Executed systemctl&lt;serv_mapper3&gt;, exit status 0
13:30:31 INFO  State of current operation: PENDING
13:30:33 INFO  State of current operation: PENDING
13:30:35 INFO  State of current operation: PENDING
13:30:37 INFO  State of current operation: PENDING
13:30:39 INFO  State of current operation: PENDING
13:30:42 INFO  State of current operation: PENDING
13:30:44 INFO  State of current operation: PENDING
13:30:46 INFO  State of current operation: PENDING
13:30:48 INFO  State of current operation: PENDING
13:30:51 INFO  State of current operation: PENDING
13:30:53 INFO  State of current operation: PENDING
13:30:55 INFO  State of current operation: PENDING
13:30:57 INFO  State of current operation: PENDING
13:31:00 INFO  State of current operation: PENDING
13:31:02 INFO  State of current operation: PENDING
13:31:04 INFO  State of current operation: PENDING
13:31:06 INFO  State of current operation: PENDING
13:31:09 INFO  State of current operation: PENDING
13:31:11 INFO  State of current operation: PENDING
13:31:13 INFO  State of current operation: PENDING
13:31:15 INFO  State of current operation: PENDING
13:31:18 INFO  State of current operation: PENDING
13:31:20 INFO  State of current operation: PENDING
13:31:22 INFO  State of current operation: PENDING
13:31:24 INFO  State of current operation: PENDING
13:31:27 INFO  State of current operation: PENDING
13:31:29 INFO  State of current operation: PENDING
13:31:31 INFO  State of current operation: PENDING
13:31:33 INFO  State of current operation: PENDING
13:31:35 INFO  State of current operation: PENDING
13:31:38 INFO  State of current operation: PENDING
13:31:40 INFO  State of current operation: PENDING
13:31:42 INFO  State of current operation: PENDING
13:31:44 INFO  State of current operation: PENDING
13:31:47 INFO  State of current operation: PENDING
13:31:49 INFO  State of current operation: PENDING
13:31:51 INFO  State of current operation: PENDING
13:31:53 INFO  State of current operation: PENDING
13:31:56 INFO  State of current operation: PENDING
13:31:58 INFO  State of current operation: PENDING
13:32:00 INFO  State of current operation: PENDING
13:32:03 INFO  State of current operation: PENDING
13:32:05 INFO  State of current operation: PENDING
13:32:07 INFO  State of current operation: PENDING
13:32:10 INFO  State of current operation: PENDING
13:32:12 INFO  State of current operation: PENDING
13:32:14 INFO  State of current operation: PENDING
13:32:16 INFO  State of current operation: PENDING
13:32:19 INFO  State of current operation: PENDING
13:32:21 INFO  State of current operation: PENDING
13:32:23 INFO  State of current operation: PENDING
13:32:25 INFO  State of current operation: PENDING
13:32:27 INFO  State of current operation: PENDING
13:32:30 INFO  State of current operation: PENDING
13:32:32 INFO  State of current operation: PENDING
13:32:34 INFO  State of current operation: PENDING
13:32:37 INFO  State of current operation: PENDING
13:32:39 INFO  State of current operation: PENDING
13:32:41 INFO  State of current operation: PENDING
13:32:43 INFO  State of current operation: PENDING
13:32:45 INFO  State of current operation: PENDING
13:32:47 WARN  SystemError occurred while running test - Timeout while waiting for status FAILED or SUCCESSFUL
Traceback (most recent call last):
  File &quot;/home/pi/env-pysys/lib/python3.7/site-packages/pysys/baserunner.py&quot;, line 1292, in __call__
    self.testObj.setup()
  File &quot;/home/pi/actions-runner/_work/thin-edge.io/thin-edge.io/tests/PySys/software_management_end_to_end/sm_apt_install_remove_multiple_mixed/run.py&quot;, line 73, in setup
    super().setup()
  File &quot;/home/pi/actions-runner/_work/thin-edge.io/thin-edge.io/tests/PySys/software_management_end_to_end/environment_sm_management.py&quot;, line 151, in setup
    self.wait_until_end()
  File &quot;/home/pi/actions-runner/_work/thin-edge.io/thin-edge.io/tests/PySys/software_management_end_to_end/environment_sm_management.py&quot;, line 332, in wait_until_end
    self.wait_until_status(&quot;FAILED&quot;, &quot;SUCCESSFUL&quot;)
  File &quot;/home/pi/actions-runner/_work/thin-edge.io/thin-edge.io/tests/PySys/software_management_end_to_end/environment_sm_management.py&quot;, line 381, in wait_until_status
    &quot;Timeout while waiting for status %s or %s&quot; % (status, status2)
SystemError: Timeout while waiting for status FAILED or SUCCESSFUL
13:32:47 WARN  SystemError: Timeout while waiting for status FAILED or SUCCESSFUL ... blocked 
13:32:47 INFO  
13:32:47 INFO  cleanup:
13:32:51 INFO  Executed sudo&lt;tedge_disconnect_c8y&gt;, exit status 0
13:32:52 INFO  Executed systemctl&lt;serv_mapper5&gt;, exit status 3
13:32:52 INFO  
13:32:52 INFO  Test duration: 167.03 secs
13:32:52 INFO  Test final outcome:  BLOCKED
13:32:52 INFO  Test outcome reason: SystemError: Timeout while waiting for status FAILED or SUCCESSFUL
13:32:52 INFO  
</system-out>
	</testcase>
</testsuite>
