<?xml version="1.0" encoding="utf-8"?>
<testsuite failures="1" name="SoftwareManagement.sm_apt_install_fail" skipped="0" tests="1" time="76.88" timestamp="2022-07-25T09:06:25">
	<testcase classname="PySysTest" name="SoftwareManagement.sm_apt_install_fail">
		<failure message="BLOCKED: SystemError: The Sofware list is empty !!!" type="BLOCKED"/>
		<system-out>09:05:08 INFO  ==============================================================
09:05:08 INFO  Id:    SoftwareManagement.sm_apt_install_fail
09:05:08 INFO  Dir:   software_management_end_to_end/
09:05:08 INFO  Title: Validate end to end behaviour for a failing installation
09:05:08 INFO  ==============================================================
09:05:08 INFO  Using sw id database: {'asciijump': '5475369', 'robotfindskitten': '5474869', 'squirrel3': '5475279', 'rolldice': '5152439', 'moon-buggy': '5439204', 'apple': '5495053', 'banana': '5494888', 'cherry': '5495382', 'watermelon': '5494510', 'registry': '8018911', 'hello-world': '8021526', 'docker/getting-started': '8021973', 'alpine': '7991792'}
09:05:08 INFO  EnvironmentC8y Setup
09:05:08 INFO  Executed systemctl&lt;serv_mapper1&gt;, exit status 3
09:05:09 INFO  Restarting mosquitto too frequently in the last 10 seconds. It was only up for 5 seconds
09:05:09 INFO  Delaying execution by 6 seconds
09:05:29 INFO  Executed sudo&lt;tedge_connect_c8y&gt;, exit status 0, duration 14 secs
09:05:29 INFO  Executed sudo&lt;tedge_connect_c8y_test&gt;, exit status 0
09:05:30 INFO  Executed systemctl&lt;serv_mosq2&gt;, exit status 0
09:05:30 INFO  Executed systemctl&lt;serv_mapper3&gt;, exit status 0
09:05:33 ERROR No operations found, assuming it passed
09:05:33 INFO  Response status: 201
09:05:33 INFO  Response to action: {
    &quot;creationTime&quot;: &quot;2022-07-25T09:05:33.207Z&quot;,
    &quot;deviceId&quot;: &quot;21309491&quot;,
    &quot;deviceName&quot;: &quot;m32sd10b&quot;,
    &quot;self&quot;: &quot;https://t493319102.eu-latest.cumulocity.com/devicecontrol/operations/21368325&quot;,
    &quot;id&quot;: &quot;21368325&quot;,
    &quot;status&quot;: &quot;PENDING&quot;,
    &quot;description&quot;: &quot;Apply software changes, triggered from PySys: [{'name': 'does_not_exist', 'id': '5446165', 'version': '::apt', 'url': '', 'action': 'install'}]&quot;,
    &quot;c8y_SoftwareUpdate&quot;: [
        {
            &quot;name&quot;: &quot;does_not_exist&quot;,
            &quot;action&quot;: &quot;install&quot;,
            &quot;id&quot;: &quot;5446165&quot;,
            &quot;version&quot;: &quot;::apt&quot;,
            &quot;url&quot;: &quot;&quot;
        }
    ]
}
09:05:33 INFO  Started operation: {'creationTime': '2022-07-25T09:05:33.207Z', 'deviceId': '21309491', 'deviceName': 'm32sd10b', 'self': 'https://t493319102.eu-latest.cumulocity.com/devicecontrol/operations/21368325', 'id': '21368325', 'status': 'PENDING', 'description': &quot;Apply software changes, triggered from PySys: [{'name': 'does_not_exist', 'id': '5446165', 'version': '::apt', 'url': '', 'action': 'install'}]&quot;, 'c8y_SoftwareUpdate': [{'name': 'does_not_exist', 'action': 'install', 'id': '5446165', 'version': '::apt', 'url': ''}]}
09:05:35 INFO  State of operation 21368325 : PENDING
09:05:37 INFO  State of operation 21368325 : EXECUTING
09:05:39 INFO  State of operation 21368325 : EXECUTING
09:05:42 INFO  State of operation 21368325 : EXECUTING
09:05:44 INFO  State of operation 21368325 : EXECUTING
09:05:46 INFO  State of operation 21368325 : EXECUTING
09:05:49 INFO  State of operation 21368325 : EXECUTING
09:05:52 INFO  State of operation 21368325 : EXECUTING
09:05:54 INFO  State of operation 21368325 : EXECUTING
09:05:57 INFO  State of operation 21368325 : EXECUTING
09:05:59 INFO  State of operation 21368325 : EXECUTING
09:06:01 INFO  State of operation 21368325 : EXECUTING
09:06:03 INFO  State of operation 21368325 : EXECUTING
09:06:06 INFO  State of operation 21368325 : EXECUTING
09:06:08 INFO  State of operation 21368325 : EXECUTING
09:06:10 INFO  State of operation 21368325 : EXECUTING
09:06:13 INFO  State of operation 21368325 : EXECUTING
09:06:15 INFO  State of operation 21368325 : EXECUTING
09:06:18 INFO  State of operation 21368325 : EXECUTING
09:06:20 INFO  State of operation 21368325 : FAILED
09:06:20 WARN  SystemError occurred while running test - The Sofware list is empty !!!
Traceback (most recent call last):
  File &quot;/home/pi/env-pysys/lib/python3.7/site-packages/pysys/baserunner.py&quot;, line 1296, in __call__
    self.testObj.validate()
  File &quot;/home/pi/actions-runner/_work/thin-edge.io/thin-edge.io/tests/PySys/software_management_end_to_end/sm_apt_install_fail/run.py&quot;, line 31, in validate
    &quot;False == value&quot;, value=self.check_is_installed(&quot;does_not_exist&quot;)
  File &quot;/home/pi/actions-runner/_work/thin-edge.io/thin-edge.io/tests/PySys/software_management_end_to_end/environment_sm_management.py&quot;, line 399, in check_is_installed
    raise SystemError(&quot;The Sofware list is empty !!!&quot;)
SystemError: The Sofware list is empty !!!
09:06:20 WARN  SystemError: The Sofware list is empty !!! ... blocked 
09:06:20 INFO  
09:06:20 INFO  cleanup:
09:06:24 INFO  Executed sudo&lt;tedge_disconnect_c8y&gt;, exit status 0
09:06:25 INFO  Executed systemctl&lt;serv_mapper5&gt;, exit status 3
09:06:25 INFO  
09:06:25 INFO  Test duration: 76.88 secs
09:06:25 INFO  Test final outcome:  BLOCKED
09:06:25 INFO  Test outcome reason: SystemError: The Sofware list is empty !!!
09:06:25 INFO  
</system-out>
	</testcase>
</testsuite>
