<?xml version="1.0" encoding="utf-8"?>
<testsuite failures="1" name="SoftwareManagement.sm_apt_install_fail" skipped="0" tests="1" time="165.8" timestamp="2022-05-23T19:46:00">
	<testcase classname="PySysTest" name="SoftwareManagement.sm_apt_install_fail">
		<failure message="BLOCKED: SystemError: Timeout while waiting for status FAILED or SUCCESSFUL" type="BLOCKED"/>
		<system-out>19:43:14 INFO  ==============================================================
19:43:14 INFO  Id:    SoftwareManagement.sm_apt_install_fail
19:43:14 INFO  Dir:   software_management_end_to_end/
19:43:14 INFO  Title: Validate end to end behaviour for a failing installation
19:43:14 INFO  ==============================================================
19:43:14 INFO  Using sw id database: {'asciijump': '5475369', 'robotfindskitten': '5474869', 'squirrel3': '5475279', 'rolldice': '5152439', 'moon-buggy': '5439204', 'apple': '5495053', 'banana': '5494888', 'cherry': '5495382', 'watermelon': '5494510', 'registry': '8018911', 'hello-world': '8021526', 'docker/getting-started': '8021973', 'alpine': '7991792'}
19:43:14 INFO  EnvironmentC8y Setup
19:43:15 INFO  Executed systemctl&lt;serv_mapper1&gt;, exit status 3
19:43:15 INFO  Restarting mosquitto too frequently in the last 10 seconds. It was only up for 4 seconds
19:43:15 INFO  Delaying execution by 7 seconds
19:43:36 INFO  Executed sudo&lt;tedge_connect_c8y&gt;, exit status 0, duration 13 secs
19:43:36 INFO  Executed sudo&lt;tedge_connect_c8y_test&gt;, exit status 0
19:43:37 INFO  Executed systemctl&lt;serv_mosq2&gt;, exit status 0
19:43:37 INFO  Executed systemctl&lt;serv_mapper3&gt;, exit status 0
19:43:40 INFO  State of current operation: PENDING
19:43:42 INFO  State of current operation: PENDING
19:43:44 INFO  State of current operation: PENDING
19:43:46 INFO  State of current operation: PENDING
19:43:49 INFO  State of current operation: PENDING
19:43:51 INFO  State of current operation: PENDING
19:43:53 INFO  State of current operation: PENDING
19:43:55 INFO  State of current operation: PENDING
19:43:58 INFO  State of current operation: PENDING
19:44:00 INFO  State of current operation: PENDING
19:44:02 INFO  State of current operation: PENDING
19:44:04 INFO  State of current operation: PENDING
19:44:06 INFO  State of current operation: PENDING
19:44:09 INFO  State of current operation: PENDING
19:44:11 INFO  State of current operation: PENDING
19:44:13 INFO  State of current operation: PENDING
19:44:15 INFO  State of current operation: PENDING
19:44:18 INFO  State of current operation: PENDING
19:44:20 INFO  State of current operation: PENDING
19:44:22 INFO  State of current operation: PENDING
19:44:24 INFO  State of current operation: PENDING
19:44:26 INFO  State of current operation: PENDING
19:44:29 INFO  State of current operation: PENDING
19:44:31 INFO  State of current operation: PENDING
19:44:33 INFO  State of current operation: PENDING
19:44:35 INFO  State of current operation: PENDING
19:44:38 INFO  State of current operation: PENDING
19:44:40 INFO  State of current operation: PENDING
19:44:42 INFO  State of current operation: PENDING
19:44:44 INFO  State of current operation: PENDING
19:44:47 INFO  State of current operation: PENDING
19:44:49 INFO  State of current operation: PENDING
19:44:51 INFO  State of current operation: PENDING
19:44:53 INFO  State of current operation: PENDING
19:44:55 INFO  State of current operation: PENDING
19:44:58 INFO  State of current operation: PENDING
19:45:00 INFO  State of current operation: PENDING
19:45:02 INFO  State of current operation: PENDING
19:45:04 INFO  State of current operation: PENDING
19:45:07 INFO  State of current operation: PENDING
19:45:09 INFO  State of current operation: PENDING
19:45:11 INFO  State of current operation: PENDING
19:45:13 INFO  State of current operation: PENDING
19:45:15 INFO  State of current operation: PENDING
19:45:18 INFO  State of current operation: PENDING
19:45:20 INFO  State of current operation: PENDING
19:45:22 INFO  State of current operation: PENDING
19:45:24 INFO  State of current operation: PENDING
19:45:27 INFO  State of current operation: PENDING
19:45:29 INFO  State of current operation: PENDING
19:45:31 INFO  State of current operation: PENDING
19:45:33 INFO  State of current operation: PENDING
19:45:36 INFO  State of current operation: PENDING
19:45:38 INFO  State of current operation: PENDING
19:45:40 INFO  State of current operation: PENDING
19:45:42 INFO  State of current operation: PENDING
19:45:44 INFO  State of current operation: PENDING
19:45:47 INFO  State of current operation: PENDING
19:45:49 INFO  State of current operation: PENDING
19:45:51 INFO  State of current operation: PENDING
19:45:53 INFO  State of current operation: PENDING
19:45:55 WARN  SystemError occurred while running test - Timeout while waiting for status FAILED or SUCCESSFUL
Traceback (most recent call last):
  File &quot;/home/pi/env-pysys/lib/python3.7/site-packages/pysys/baserunner.py&quot;, line 1292, in __call__
    self.testObj.setup()
  File &quot;/home/pi/actions-runner/_work/thin-edge.io/thin-edge.io/tests/PySys/software_management_end_to_end/sm_apt_install_fail/run.py&quot;, line 20, in setup
    super().setup()
  File &quot;/home/pi/actions-runner/_work/thin-edge.io/thin-edge.io/tests/PySys/software_management_end_to_end/environment_sm_management.py&quot;, line 151, in setup
    self.wait_until_end()
  File &quot;/home/pi/actions-runner/_work/thin-edge.io/thin-edge.io/tests/PySys/software_management_end_to_end/environment_sm_management.py&quot;, line 332, in wait_until_end
    self.wait_until_status(&quot;FAILED&quot;, &quot;SUCCESSFUL&quot;)
  File &quot;/home/pi/actions-runner/_work/thin-edge.io/thin-edge.io/tests/PySys/software_management_end_to_end/environment_sm_management.py&quot;, line 381, in wait_until_status
    &quot;Timeout while waiting for status %s or %s&quot; % (status, status2)
SystemError: Timeout while waiting for status FAILED or SUCCESSFUL
19:45:55 WARN  SystemError: Timeout while waiting for status FAILED or SUCCESSFUL ... blocked 
19:45:55 INFO  
19:45:55 INFO  cleanup:
19:45:59 INFO  Executed sudo&lt;tedge_disconnect_c8y&gt;, exit status 0
19:46:00 INFO  Executed systemctl&lt;serv_mapper5&gt;, exit status 3
19:46:00 INFO  
19:46:00 INFO  Test duration: 165.80 secs
19:46:00 INFO  Test final outcome:  BLOCKED
19:46:00 INFO  Test outcome reason: SystemError: Timeout while waiting for status FAILED or SUCCESSFUL
19:46:00 INFO  
</system-out>
	</testcase>
</testsuite>
