<?xml version="1.0" encoding="utf-8"?>
<testsuite failures="1" name="SoftwareManagement.sm_apt_install_remove_multiple_mixed" skipped="0" tests="1" time="178.39" timestamp="2022-06-29T17:43:37">
	<testcase classname="PySysTest" name="SoftwareManagement.sm_apt_install_remove_multiple_mixed">
		<failure message="BLOCKED: SystemError: Timeout while waiting for status SUCCESSFUL or False" type="BLOCKED"/>
		<system-out>17:40:39 INFO  ==============================================================
17:40:39 INFO  Id:    SoftwareManagement.sm_apt_install_remove_multiple_mixed
17:40:39 INFO  Dir:   software_management_end_to_end/
17:40:39 INFO  Title: Validate end to end behaviour for the apt plugin for multiple packages with mixed versions
17:40:39 INFO  ==============================================================
17:40:39 INFO  Using sw id database: {'asciijump': '5475369', 'robotfindskitten': '5474869', 'squirrel3': '5475279', 'rolldice': '5152439', 'moon-buggy': '5439204', 'apple': '5495053', 'banana': '5494888', 'cherry': '5495382', 'watermelon': '5494510', 'registry': '8018911', 'hello-world': '8021526', 'docker/getting-started': '8021973', 'alpine': '7991792'}
17:40:39 INFO  EnvironmentC8y Setup
17:40:39 INFO  Executed systemctl&lt;serv_mapper1&gt;, exit status 3
17:40:40 INFO  Restarting mosquitto too frequently in the last 10 seconds. It was only up for 5 seconds
17:40:40 INFO  Delaying execution by 6 seconds
17:40:59 INFO  Executed sudo&lt;tedge_connect_c8y&gt;, exit status 0, duration 13 secs
17:41:00 INFO  Executed sudo&lt;tedge_connect_c8y_test&gt;, exit status 0
17:41:00 INFO  Executed systemctl&lt;serv_mosq2&gt;, exit status 0
17:41:01 INFO  Executed systemctl&lt;serv_mapper3&gt;, exit status 0
17:41:03 INFO  State of current operation: SUCCESSFUL
17:41:03 INFO  Assert that (False == value) with value=False ... passed
17:41:04 INFO  Assert that (False == value) with value=False ... passed
17:41:04 INFO  Assert that (False == value) with value=False ... passed
17:41:04 INFO  Assert that (False == value) with value=False ... passed
17:41:04 INFO  Assert that (False == value) with value=False ... passed
17:41:06 INFO  Response status: 201
17:41:06 INFO  Response to action: {
    &quot;creationTime&quot;: &quot;2022-06-29T17:41:06.038Z&quot;,
    &quot;deviceId&quot;: &quot;20610791&quot;,
    &quot;deviceName&quot;: &quot;m32sd10b&quot;,
    &quot;self&quot;: &quot;https://t493319102.eu-latest.cumulocity.com/devicecontrol/operations/20626560&quot;,
    &quot;id&quot;: &quot;20626560&quot;,
    &quot;status&quot;: &quot;PENDING&quot;,
    &quot;description&quot;: &quot;Apply software changes, triggered from PySys: [{'action': 'install', 'id': '5475369', 'name': 'asciijump', 'url': ' ', 'version': '::apt'}, {'action': 'install', 'id': '5474869', 'name': 'robotfindskitten', 'url': ' ', 'version': ' '}, {'action': 'install', 'id': '5475279', 'name': 'squirrel3', 'url': ' ', 'version': '3.1-7::apt'}, {'action': 'install', 'id': '5152439', 'name': 'rolldice', 'url': ' ', 'version': '1.16-1+b1'}, {'action': 'install', 'id': '5439204', 'name': 'moon-buggy', 'url': ' ', 'version': '1:1.0.51-12'}, {'action': 'install', 'id': '5475369', 'name': 'asciijump', 'url': ' ', 'version': '::apt'}]&quot;,
    &quot;c8y_SoftwareUpdate&quot;: [
        {
            &quot;name&quot;: &quot;asciijump&quot;,
            &quot;action&quot;: &quot;install&quot;,
            &quot;id&quot;: &quot;5475369&quot;,
            &quot;version&quot;: &quot;::apt&quot;,
            &quot;url&quot;: &quot; &quot;
        },
        {
            &quot;name&quot;: &quot;robotfindskitten&quot;,
            &quot;action&quot;: &quot;install&quot;,
            &quot;id&quot;: &quot;5474869&quot;,
            &quot;version&quot;: &quot; &quot;,
            &quot;url&quot;: &quot; &quot;
        },
        {
            &quot;name&quot;: &quot;squirrel3&quot;,
            &quot;action&quot;: &quot;install&quot;,
            &quot;id&quot;: &quot;5475279&quot;,
            &quot;version&quot;: &quot;3.1-7::apt&quot;,
            &quot;url&quot;: &quot; &quot;
        },
        {
            &quot;name&quot;: &quot;rolldice&quot;,
            &quot;action&quot;: &quot;install&quot;,
            &quot;id&quot;: &quot;5152439&quot;,
            &quot;version&quot;: &quot;1.16-1+b1&quot;,
            &quot;url&quot;: &quot; &quot;
        },
        {
            &quot;name&quot;: &quot;moon-buggy&quot;,
            &quot;action&quot;: &quot;install&quot;,
            &quot;id&quot;: &quot;5439204&quot;,
            &quot;version&quot;: &quot;1:1.0.51-12&quot;,
            &quot;url&quot;: &quot; &quot;
        },
        {
            &quot;name&quot;: &quot;asciijump&quot;,
            &quot;action&quot;: &quot;install&quot;,
            &quot;id&quot;: &quot;5475369&quot;,
            &quot;version&quot;: &quot;::apt&quot;,
            &quot;url&quot;: &quot; &quot;
        }
    ]
}
17:41:06 INFO  Started operation: {'creationTime': '2022-06-29T17:41:06.038Z', 'deviceId': '20610791', 'deviceName': 'm32sd10b', 'self': 'https://t493319102.eu-latest.cumulocity.com/devicecontrol/operations/20626560', 'id': '20626560', 'status': 'PENDING', 'description': &quot;Apply software changes, triggered from PySys: [{'action': 'install', 'id': '5475369', 'name': 'asciijump', 'url': ' ', 'version': '::apt'}, {'action': 'install', 'id': '5474869', 'name': 'robotfindskitten', 'url': ' ', 'version': ' '}, {'action': 'install', 'id': '5475279', 'name': 'squirrel3', 'url': ' ', 'version': '3.1-7::apt'}, {'action': 'install', 'id': '5152439', 'name': 'rolldice', 'url': ' ', 'version': '1.16-1+b1'}, {'action': 'install', 'id': '5439204', 'name': 'moon-buggy', 'url': ' ', 'version': '1:1.0.51-12'}, {'action': 'install', 'id': '5475369', 'name': 'asciijump', 'url': ' ', 'version': '::apt'}]&quot;, 'c8y_SoftwareUpdate': [{'name': 'asciijump', 'action': 'install', 'id': '5475369', 'version': '::apt', 'url': ' '}, {'name': 'robotfindskitten', 'action': 'install', 'id': '5474869', 'version': ' ', 'url': ' '}, {'name': 'squirrel3', 'action': 'install', 'id': '5475279', 'version': '3.1-7::apt', 'url': ' '}, {'name': 'rolldice', 'action': 'install', 'id': '5152439', 'version': '1.16-1+b1', 'url': ' '}, {'name': 'moon-buggy', 'action': 'install', 'id': '5439204', 'version': '1:1.0.51-12', 'url': ' '}, {'name': 'asciijump', 'action': 'install', 'id': '5475369', 'version': '::apt', 'url': ' '}]}
17:41:08 INFO  State of operation 20626560 : PENDING
17:41:10 INFO  State of operation 20626560 : EXECUTING
17:41:12 INFO  State of operation 20626560 : EXECUTING
17:41:15 INFO  State of operation 20626560 : EXECUTING
17:41:17 INFO  State of operation 20626560 : EXECUTING
17:41:19 INFO  State of operation 20626560 : EXECUTING
17:41:22 INFO  State of operation 20626560 : EXECUTING
17:41:24 INFO  State of operation 20626560 : EXECUTING
17:41:27 INFO  State of operation 20626560 : EXECUTING
17:41:29 INFO  State of operation 20626560 : EXECUTING
17:41:31 INFO  State of operation 20626560 : EXECUTING
17:41:34 INFO  State of operation 20626560 : EXECUTING
17:41:36 INFO  State of operation 20626560 : EXECUTING
17:41:38 INFO  State of operation 20626560 : EXECUTING
17:41:40 INFO  State of operation 20626560 : EXECUTING
17:41:43 INFO  State of operation 20626560 : EXECUTING
17:41:45 INFO  State of operation 20626560 : EXECUTING
17:41:48 INFO  State of operation 20626560 : EXECUTING
17:41:50 INFO  State of operation 20626560 : EXECUTING
17:41:52 INFO  State of operation 20626560 : EXECUTING
17:41:54 INFO  State of operation 20626560 : EXECUTING
17:41:57 INFO  State of operation 20626560 : EXECUTING
17:41:59 INFO  State of operation 20626560 : EXECUTING
17:42:02 INFO  State of operation 20626560 : EXECUTING
17:42:05 INFO  State of operation 20626560 : EXECUTING
17:42:08 INFO  State of operation 20626560 : EXECUTING
17:42:10 INFO  State of operation 20626560 : EXECUTING
17:42:13 INFO  State of operation 20626560 : EXECUTING
17:42:15 INFO  State of operation 20626560 : EXECUTING
17:42:17 INFO  State of operation 20626560 : EXECUTING
17:42:19 INFO  State of operation 20626560 : EXECUTING
17:42:22 INFO  State of operation 20626560 : EXECUTING
17:42:24 INFO  State of operation 20626560 : EXECUTING
17:42:26 INFO  State of operation 20626560 : EXECUTING
17:42:28 INFO  State of operation 20626560 : EXECUTING
17:42:31 INFO  State of operation 20626560 : EXECUTING
17:42:33 INFO  State of operation 20626560 : EXECUTING
17:42:35 INFO  State of operation 20626560 : EXECUTING
17:42:38 INFO  State of operation 20626560 : EXECUTING
17:42:41 INFO  State of operation 20626560 : EXECUTING
17:42:43 INFO  State of operation 20626560 : EXECUTING
17:42:45 INFO  State of operation 20626560 : EXECUTING
17:42:47 INFO  State of operation 20626560 : EXECUTING
17:42:49 INFO  State of operation 20626560 : EXECUTING
17:42:52 INFO  State of operation 20626560 : EXECUTING
17:42:54 INFO  State of operation 20626560 : EXECUTING
17:42:56 INFO  State of operation 20626560 : EXECUTING
17:42:59 INFO  State of operation 20626560 : EXECUTING
17:43:01 INFO  State of operation 20626560 : EXECUTING
17:43:04 INFO  State of operation 20626560 : EXECUTING
17:43:06 INFO  State of operation 20626560 : EXECUTING
17:43:08 INFO  State of operation 20626560 : EXECUTING
17:43:11 INFO  State of operation 20626560 : EXECUTING
17:43:13 INFO  State of operation 20626560 : EXECUTING
17:43:16 INFO  State of operation 20626560 : EXECUTING
17:43:18 INFO  State of operation 20626560 : EXECUTING
17:43:20 INFO  State of operation 20626560 : EXECUTING
17:43:23 INFO  State of operation 20626560 : EXECUTING
17:43:25 INFO  State of operation 20626560 : EXECUTING
17:43:27 INFO  State of operation 20626560 : EXECUTING
17:43:30 INFO  State of operation 20626560 : EXECUTING
17:43:32 WARN  SystemError occurred while running test - Timeout while waiting for status SUCCESSFUL or False
Traceback (most recent call last):
  File &quot;/home/pi/env-pysys/lib/python3.7/site-packages/pysys/baserunner.py&quot;, line 1294, in __call__
    self.testObj.execute()
  File &quot;/home/pi/actions-runner/_work/thin-edge.io/thin-edge.io/tests/PySys/software_management_end_to_end/sm_apt_install_remove_multiple_mixed/run.py&quot;, line 89, in execute
    self.wait_until_succcess()
  File &quot;/home/pi/actions-runner/_work/thin-edge.io/thin-edge.io/tests/PySys/software_management_end_to_end/environment_sm_management.py&quot;, line 324, in wait_until_succcess
    self.wait_until_status(&quot;SUCCESSFUL&quot;)
  File &quot;/home/pi/actions-runner/_work/thin-edge.io/thin-edge.io/tests/PySys/software_management_end_to_end/environment_sm_management.py&quot;, line 381, in wait_until_status
    &quot;Timeout while waiting for status %s or %s&quot; % (status, status2)
SystemError: Timeout while waiting for status SUCCESSFUL or False
17:43:32 WARN  SystemError: Timeout while waiting for status SUCCESSFUL or False ... blocked 
17:43:32 INFO  
17:43:32 INFO  cleanup:
17:43:37 INFO  Executed sudo&lt;tedge_disconnect_c8y&gt;, exit status 0
17:43:37 INFO  Executed systemctl&lt;serv_mapper5&gt;, exit status 3
17:43:37 INFO  
17:43:37 INFO  Test duration: 178.39 secs
17:43:37 INFO  Test final outcome:  BLOCKED
17:43:37 INFO  Test outcome reason: SystemError: Timeout while waiting for status SUCCESSFUL or False
17:43:37 INFO  
</system-out>
	</testcase>
</testsuite>
