<?xml version="1.0" encoding="utf-8"?>
<testsuite failures="0" name="apt_prepare" skipped="0" tests="1" time="19.43" timestamp="2022-05-20T11:36:40">
	<testcase classname="AptPluginPrepare" name="apt_prepare"/>
</testsuite>
