<?xml version="1.0" encoding="utf-8"?>
<testsuite failures="1" name="SoftwareManagement.sm_apt_install_remove_multiple" skipped="0" tests="1" time="180.64" timestamp="2022-07-18T16:35:27">
	<testcase classname="PySysTest" name="SoftwareManagement.sm_apt_install_remove_multiple">
		<failure message="FAILED: Assert that (False == value) with value=True" type="FAILED"/>
		<system-out>16:32:26 INFO  ==============================================================
16:32:26 INFO  Id:    SoftwareManagement.sm_apt_install_remove_multiple
16:32:26 INFO  Dir:   software_management_end_to_end/
16:32:26 INFO  Title: Validate end to end behaviour for the apt plugin for multiple packages
16:32:26 INFO  ==============================================================
16:32:26 INFO  Using sw id database: {'asciijump': '5475369', 'robotfindskitten': '5474869', 'squirrel3': '5475279', 'rolldice': '5152439', 'moon-buggy': '5439204', 'apple': '5495053', 'banana': '5494888', 'cherry': '5495382', 'watermelon': '5494510', 'registry': '8018911', 'hello-world': '8021526', 'docker/getting-started': '8021973', 'alpine': '7991792'}
16:32:26 INFO  EnvironmentC8y Setup
16:32:27 INFO  Executed systemctl&lt;serv_mapper1&gt;, exit status 3
16:32:27 INFO  Restarting mosquitto too frequently in the last 10 seconds. It was only up for 4 seconds
16:32:27 INFO  Delaying execution by 7 seconds
16:32:48 INFO  Executed sudo&lt;tedge_connect_c8y&gt;, exit status 0, duration 13 secs
16:32:48 INFO  Executed sudo&lt;tedge_connect_c8y_test&gt;, exit status 0
16:32:49 INFO  Executed systemctl&lt;serv_mosq2&gt;, exit status 0
16:32:49 INFO  Executed systemctl&lt;serv_mapper3&gt;, exit status 0
16:32:51 INFO  State of current operation: SUCCESSFUL
16:32:52 INFO  Assert that (False == value) with value=False ... passed
16:32:52 INFO  Assert that (False == value) with value=False ... passed
16:32:52 INFO  Assert that (False == value) with value=False ... passed
16:32:52 INFO  Package robotfindskitten is installed
16:32:52 WARN  Assert that (False == value) with value=True ... failed 
16:32:53 INFO  Response status: 201
16:32:53 INFO  Response to action: {
    &quot;creationTime&quot;: &quot;2022-07-18T16:32:53.456Z&quot;,
    &quot;deviceName&quot;: &quot;m32sd10b&quot;,
    &quot;deviceId&quot;: &quot;21019148&quot;,
    &quot;self&quot;: &quot;https://t493319102.eu-latest.cumulocity.com/devicecontrol/operations/21027458&quot;,
    &quot;id&quot;: &quot;21027458&quot;,
    &quot;status&quot;: &quot;PENDING&quot;,
    &quot;description&quot;: &quot;Apply software changes, triggered from PySys: [{'action': 'install', 'id': '5475369', 'name': 'asciijump', 'url': ' ', 'version': '::apt'}, {'action': 'install', 'id': '5474869', 'name': 'robotfindskitten', 'url': ' ', 'version': '::apt'}, {'action': 'install', 'id': '5475279', 'name': 'squirrel3', 'url': ' ', 'version': '::apt'}]&quot;,
    &quot;c8y_SoftwareUpdate&quot;: [
        {
            &quot;name&quot;: &quot;asciijump&quot;,
            &quot;action&quot;: &quot;install&quot;,
            &quot;id&quot;: &quot;5475369&quot;,
            &quot;version&quot;: &quot;::apt&quot;,
            &quot;url&quot;: &quot; &quot;
        },
        {
            &quot;name&quot;: &quot;robotfindskitten&quot;,
            &quot;action&quot;: &quot;install&quot;,
            &quot;id&quot;: &quot;5474869&quot;,
            &quot;version&quot;: &quot;::apt&quot;,
            &quot;url&quot;: &quot; &quot;
        },
        {
            &quot;name&quot;: &quot;squirrel3&quot;,
            &quot;action&quot;: &quot;install&quot;,
            &quot;id&quot;: &quot;5475279&quot;,
            &quot;version&quot;: &quot;::apt&quot;,
            &quot;url&quot;: &quot; &quot;
        }
    ]
}
16:32:53 INFO  Started operation: {'creationTime': '2022-07-18T16:32:53.456Z', 'deviceName': 'm32sd10b', 'deviceId': '21019148', 'self': 'https://t493319102.eu-latest.cumulocity.com/devicecontrol/operations/21027458', 'id': '21027458', 'status': 'PENDING', 'description': &quot;Apply software changes, triggered from PySys: [{'action': 'install', 'id': '5475369', 'name': 'asciijump', 'url': ' ', 'version': '::apt'}, {'action': 'install', 'id': '5474869', 'name': 'robotfindskitten', 'url': ' ', 'version': '::apt'}, {'action': 'install', 'id': '5475279', 'name': 'squirrel3', 'url': ' ', 'version': '::apt'}]&quot;, 'c8y_SoftwareUpdate': [{'name': 'asciijump', 'action': 'install', 'id': '5475369', 'version': '::apt', 'url': ' '}, {'name': 'robotfindskitten', 'action': 'install', 'id': '5474869', 'version': '::apt', 'url': ' '}, {'name': 'squirrel3', 'action': 'install', 'id': '5475279', 'version': '::apt', 'url': ' '}]}
16:32:56 INFO  State of operation 21027458 : PENDING
16:32:58 INFO  State of operation 21027458 : EXECUTING
16:33:00 INFO  State of operation 21027458 : EXECUTING
16:33:02 INFO  State of operation 21027458 : EXECUTING
16:33:05 INFO  State of operation 21027458 : EXECUTING
16:33:07 INFO  State of operation 21027458 : EXECUTING
16:33:10 INFO  State of operation 21027458 : EXECUTING
16:33:13 INFO  State of operation 21027458 : EXECUTING
16:33:15 INFO  State of operation 21027458 : EXECUTING
16:33:17 INFO  State of operation 21027458 : EXECUTING
16:33:20 INFO  State of operation 21027458 : EXECUTING
16:33:22 INFO  State of operation 21027458 : EXECUTING
16:33:24 INFO  State of operation 21027458 : EXECUTING
16:33:26 INFO  State of operation 21027458 : EXECUTING
16:33:28 INFO  State of operation 21027458 : EXECUTING
16:33:31 INFO  State of operation 21027458 : EXECUTING
16:33:33 INFO  State of operation 21027458 : EXECUTING
16:33:36 INFO  State of operation 21027458 : EXECUTING
16:33:38 INFO  State of operation 21027458 : EXECUTING
16:33:40 INFO  State of operation 21027458 : EXECUTING
16:33:43 INFO  State of operation 21027458 : EXECUTING
16:33:45 INFO  State of operation 21027458 : EXECUTING
16:33:47 INFO  State of operation 21027458 : EXECUTING
16:33:51 INFO  State of operation 21027458 : EXECUTING
16:33:53 INFO  State of operation 21027458 : EXECUTING
16:33:55 INFO  State of operation 21027458 : EXECUTING
16:33:58 INFO  State of operation 21027458 : EXECUTING
16:34:00 INFO  State of operation 21027458 : EXECUTING
16:34:03 INFO  State of operation 21027458 : EXECUTING
16:34:05 INFO  State of operation 21027458 : EXECUTING
16:34:07 INFO  State of operation 21027458 : EXECUTING
16:34:10 INFO  State of operation 21027458 : EXECUTING
16:34:12 INFO  State of operation 21027458 : EXECUTING
16:34:14 INFO  State of operation 21027458 : SUCCESSFUL
16:34:15 INFO  Assert that (False == value) with value=False ... passed
16:34:15 INFO  Package asciijump is installed
16:34:15 INFO  Assert that (True == value) with value=True ... passed
16:34:15 INFO  Package squirrel3 is installed
16:34:15 INFO  Assert that (True == value) with value=True ... passed
16:34:15 INFO  Package robotfindskitten is installed
16:34:15 INFO  Assert that (True == value) with value=True ... passed
16:34:16 INFO  Response status: 201
16:34:16 INFO  Response to action: {
    &quot;creationTime&quot;: &quot;2022-07-18T16:34:15.970Z&quot;,
    &quot;deviceName&quot;: &quot;m32sd10b&quot;,
    &quot;deviceId&quot;: &quot;21019148&quot;,
    &quot;self&quot;: &quot;https://t493319102.eu-latest.cumulocity.com/devicecontrol/operations/21027466&quot;,
    &quot;id&quot;: &quot;21027466&quot;,
    &quot;status&quot;: &quot;PENDING&quot;,
    &quot;description&quot;: &quot;Apply software changes, triggered from PySys: [{'action': 'delete', 'id': '5475369', 'name': 'asciijump', 'url': ' ', 'version': '::apt'}, {'action': 'delete', 'id': '5474869', 'name': 'robotfindskitten', 'url': ' ', 'version': '::apt'}, {'action': 'delete', 'id': '5475279', 'name': 'squirrel3', 'url': ' ', 'version': '::apt'}]&quot;,
    &quot;c8y_SoftwareUpdate&quot;: [
        {
            &quot;name&quot;: &quot;asciijump&quot;,
            &quot;action&quot;: &quot;delete&quot;,
            &quot;id&quot;: &quot;5475369&quot;,
            &quot;version&quot;: &quot;::apt&quot;,
            &quot;url&quot;: &quot; &quot;
        },
        {
            &quot;name&quot;: &quot;robotfindskitten&quot;,
            &quot;action&quot;: &quot;delete&quot;,
            &quot;id&quot;: &quot;5474869&quot;,
            &quot;version&quot;: &quot;::apt&quot;,
            &quot;url&quot;: &quot; &quot;
        },
        {
            &quot;name&quot;: &quot;squirrel3&quot;,
            &quot;action&quot;: &quot;delete&quot;,
            &quot;id&quot;: &quot;5475279&quot;,
            &quot;version&quot;: &quot;::apt&quot;,
            &quot;url&quot;: &quot; &quot;
        }
    ]
}
16:34:16 INFO  Started operation: {'creationTime': '2022-07-18T16:34:15.970Z', 'deviceName': 'm32sd10b', 'deviceId': '21019148', 'self': 'https://t493319102.eu-latest.cumulocity.com/devicecontrol/operations/21027466', 'id': '21027466', 'status': 'PENDING', 'description': &quot;Apply software changes, triggered from PySys: [{'action': 'delete', 'id': '5475369', 'name': 'asciijump', 'url': ' ', 'version': '::apt'}, {'action': 'delete', 'id': '5474869', 'name': 'robotfindskitten', 'url': ' ', 'version': '::apt'}, {'action': 'delete', 'id': '5475279', 'name': 'squirrel3', 'url': ' ', 'version': '::apt'}]&quot;, 'c8y_SoftwareUpdate': [{'name': 'asciijump', 'action': 'delete', 'id': '5475369', 'version': '::apt', 'url': ' '}, {'name': 'robotfindskitten', 'action': 'delete', 'id': '5474869', 'version': '::apt', 'url': ' '}, {'name': 'squirrel3', 'action': 'delete', 'id': '5475279', 'version': '::apt', 'url': ' '}]}
16:34:18 INFO  State of operation 21027466 : PENDING
16:34:20 INFO  State of operation 21027466 : EXECUTING
16:34:22 INFO  State of operation 21027466 : EXECUTING
16:34:24 INFO  State of operation 21027466 : EXECUTING
16:34:27 INFO  State of operation 21027466 : EXECUTING
16:34:29 INFO  State of operation 21027466 : EXECUTING
16:34:32 INFO  State of operation 21027466 : EXECUTING
16:34:35 INFO  State of operation 21027466 : EXECUTING
16:34:37 INFO  State of operation 21027466 : EXECUTING
16:34:39 INFO  State of operation 21027466 : EXECUTING
16:34:41 INFO  State of operation 21027466 : EXECUTING
16:34:44 INFO  State of operation 21027466 : EXECUTING
16:34:46 INFO  State of operation 21027466 : EXECUTING
16:34:48 INFO  State of operation 21027466 : EXECUTING
16:34:50 INFO  State of operation 21027466 : EXECUTING
16:34:53 INFO  State of operation 21027466 : EXECUTING
16:34:55 INFO  State of operation 21027466 : EXECUTING
16:34:58 INFO  State of operation 21027466 : EXECUTING
16:35:00 INFO  State of operation 21027466 : EXECUTING
16:35:03 INFO  State of operation 21027466 : EXECUTING
16:35:05 INFO  State of operation 21027466 : EXECUTING
16:35:07 INFO  State of operation 21027466 : EXECUTING
16:35:09 INFO  State of operation 21027466 : EXECUTING
16:35:12 INFO  State of operation 21027466 : EXECUTING
16:35:14 INFO  State of operation 21027466 : EXECUTING
16:35:17 INFO  State of operation 21027466 : EXECUTING
16:35:19 INFO  State of operation 21027466 : EXECUTING
16:35:21 INFO  State of operation 21027466 : SUCCESSFUL
16:35:21 INFO  Assert that (False == value) with value=False ... passed
16:35:22 INFO  Assert that (False == value) with value=False ... passed
16:35:22 INFO  Assert that (False == value) with value=False ... passed
16:35:22 INFO  Assert that (False == value) with value=False ... passed
16:35:22 INFO  
16:35:22 INFO  cleanup:
16:35:26 INFO  Executed sudo&lt;tedge_disconnect_c8y&gt;, exit status 0
16:35:27 INFO  Executed systemctl&lt;serv_mapper5&gt;, exit status 3
16:35:27 INFO  
16:35:27 INFO  Test duration: 180.64 secs
16:35:27 INFO  Test final outcome:  FAILED
16:35:27 INFO  Test outcome reason: Assert that (False == value) with value=True
16:35:27 INFO  
</system-out>
	</testcase>
</testsuite>
