<?xml version="1.0" encoding="utf-8"?>
<testsuite failures="1" name="SoftwareManagement.sm_apt_install_remove_multiple" skipped="0" tests="1" time="179.6" timestamp="2022-07-20T11:29:49">
	<testcase classname="PySysTest" name="SoftwareManagement.sm_apt_install_remove_multiple">
		<failure message="FAILED: Assert that (False == value) with value=True" type="FAILED"/>
		<system-out>11:26:49 INFO  ==============================================================
11:26:49 INFO  Id:    SoftwareManagement.sm_apt_install_remove_multiple
11:26:49 INFO  Dir:   software_management_end_to_end/
11:26:49 INFO  Title: Validate end to end behaviour for the apt plugin for multiple packages
11:26:49 INFO  ==============================================================
11:26:49 INFO  Using sw id database: {'asciijump': '5475369', 'robotfindskitten': '5474869', 'squirrel3': '5475279', 'rolldice': '5152439', 'moon-buggy': '5439204', 'apple': '5495053', 'banana': '5494888', 'cherry': '5495382', 'watermelon': '5494510', 'registry': '8018911', 'hello-world': '8021526', 'docker/getting-started': '8021973', 'alpine': '7991792'}
11:26:49 INFO  EnvironmentC8y Setup
11:26:50 INFO  Executed systemctl&lt;serv_mapper1&gt;, exit status 3
11:26:50 INFO  Restarting mosquitto too frequently in the last 10 seconds. It was only up for 4 seconds
11:26:50 INFO  Delaying execution by 7 seconds
11:27:11 INFO  Executed sudo&lt;tedge_connect_c8y&gt;, exit status 0, duration 14 secs
11:27:11 INFO  Executed sudo&lt;tedge_connect_c8y_test&gt;, exit status 0
11:27:12 INFO  Executed systemctl&lt;serv_mosq2&gt;, exit status 0
11:27:12 INFO  Executed systemctl&lt;serv_mapper3&gt;, exit status 0
11:27:15 INFO  State of current operation: SUCCESSFUL
11:27:15 INFO  Assert that (False == value) with value=False ... passed
11:27:15 INFO  Assert that (False == value) with value=False ... passed
11:27:15 INFO  Assert that (False == value) with value=False ... passed
11:27:16 INFO  Package robotfindskitten is installed
11:27:16 WARN  Assert that (False == value) with value=True ... failed 
11:27:16 INFO  Response status: 201
11:27:16 INFO  Response to action: {
    &quot;delivery&quot;: {
        &quot;log&quot;: [],
        &quot;time&quot;: &quot;2022-07-20T11:27:16.270Z&quot;,
        &quot;status&quot;: &quot;PENDING&quot;
    },
    &quot;creationTime&quot;: &quot;2022-07-20T11:27:16.254Z&quot;,
    &quot;deviceId&quot;: &quot;21074154&quot;,
    &quot;deviceName&quot;: &quot;m32sd10b&quot;,
    &quot;self&quot;: &quot;https://t493319102.eu-latest.cumulocity.com/devicecontrol/operations/21082343&quot;,
    &quot;id&quot;: &quot;21082343&quot;,
    &quot;status&quot;: &quot;PENDING&quot;,
    &quot;description&quot;: &quot;Apply software changes, triggered from PySys: [{'action': 'install', 'id': '5475369', 'name': 'asciijump', 'url': ' ', 'version': '::apt'}, {'action': 'install', 'id': '5474869', 'name': 'robotfindskitten', 'url': ' ', 'version': '::apt'}, {'action': 'install', 'id': '5475279', 'name': 'squirrel3', 'url': ' ', 'version': '::apt'}]&quot;,
    &quot;c8y_SoftwareUpdate&quot;: [
        {
            &quot;name&quot;: &quot;asciijump&quot;,
            &quot;action&quot;: &quot;install&quot;,
            &quot;id&quot;: &quot;5475369&quot;,
            &quot;version&quot;: &quot;::apt&quot;,
            &quot;url&quot;: &quot; &quot;
        },
        {
            &quot;name&quot;: &quot;robotfindskitten&quot;,
            &quot;action&quot;: &quot;install&quot;,
            &quot;id&quot;: &quot;5474869&quot;,
            &quot;version&quot;: &quot;::apt&quot;,
            &quot;url&quot;: &quot; &quot;
        },
        {
            &quot;name&quot;: &quot;squirrel3&quot;,
            &quot;action&quot;: &quot;install&quot;,
            &quot;id&quot;: &quot;5475279&quot;,
            &quot;version&quot;: &quot;::apt&quot;,
            &quot;url&quot;: &quot; &quot;
        }
    ]
}
11:27:16 INFO  Started operation: {'delivery': {'log': [], 'time': '2022-07-20T11:27:16.270Z', 'status': 'PENDING'}, 'creationTime': '2022-07-20T11:27:16.254Z', 'deviceId': '21074154', 'deviceName': 'm32sd10b', 'self': 'https://t493319102.eu-latest.cumulocity.com/devicecontrol/operations/21082343', 'id': '21082343', 'status': 'PENDING', 'description': &quot;Apply software changes, triggered from PySys: [{'action': 'install', 'id': '5475369', 'name': 'asciijump', 'url': ' ', 'version': '::apt'}, {'action': 'install', 'id': '5474869', 'name': 'robotfindskitten', 'url': ' ', 'version': '::apt'}, {'action': 'install', 'id': '5475279', 'name': 'squirrel3', 'url': ' ', 'version': '::apt'}]&quot;, 'c8y_SoftwareUpdate': [{'name': 'asciijump', 'action': 'install', 'id': '5475369', 'version': '::apt', 'url': ' '}, {'name': 'robotfindskitten', 'action': 'install', 'id': '5474869', 'version': '::apt', 'url': ' '}, {'name': 'squirrel3', 'action': 'install', 'id': '5475279', 'version': '::apt', 'url': ' '}]}
11:27:18 INFO  State of operation 21082343 : PENDING
11:27:20 INFO  State of operation 21082343 : EXECUTING
11:27:22 INFO  State of operation 21082343 : EXECUTING
11:27:25 INFO  State of operation 21082343 : EXECUTING
11:27:27 INFO  State of operation 21082343 : EXECUTING
11:27:29 INFO  State of operation 21082343 : EXECUTING
11:27:32 INFO  State of operation 21082343 : EXECUTING
11:27:34 INFO  State of operation 21082343 : EXECUTING
11:27:37 INFO  State of operation 21082343 : EXECUTING
11:27:39 INFO  State of operation 21082343 : EXECUTING
11:27:42 INFO  State of operation 21082343 : EXECUTING
11:27:44 INFO  State of operation 21082343 : EXECUTING
11:27:46 INFO  State of operation 21082343 : EXECUTING
11:27:48 INFO  State of operation 21082343 : EXECUTING
11:27:50 INFO  State of operation 21082343 : EXECUTING
11:27:53 INFO  State of operation 21082343 : EXECUTING
11:27:55 INFO  State of operation 21082343 : EXECUTING
11:27:58 INFO  State of operation 21082343 : EXECUTING
11:28:00 INFO  State of operation 21082343 : EXECUTING
11:28:02 INFO  State of operation 21082343 : EXECUTING
11:28:05 INFO  State of operation 21082343 : EXECUTING
11:28:07 INFO  State of operation 21082343 : EXECUTING
11:28:10 INFO  State of operation 21082343 : EXECUTING
11:28:12 INFO  State of operation 21082343 : EXECUTING
11:28:14 INFO  State of operation 21082343 : EXECUTING
11:28:16 INFO  State of operation 21082343 : EXECUTING
11:28:19 INFO  State of operation 21082343 : EXECUTING
11:28:21 INFO  State of operation 21082343 : EXECUTING
11:28:23 INFO  State of operation 21082343 : EXECUTING
11:28:25 INFO  State of operation 21082343 : EXECUTING
11:28:28 INFO  State of operation 21082343 : EXECUTING
11:28:30 INFO  State of operation 21082343 : EXECUTING
11:28:32 INFO  State of operation 21082343 : EXECUTING
11:28:34 INFO  State of operation 21082343 : EXECUTING
11:28:37 INFO  State of operation 21082343 : SUCCESSFUL
11:28:37 INFO  Assert that (False == value) with value=False ... passed
11:28:37 INFO  Package asciijump is installed
11:28:37 INFO  Assert that (True == value) with value=True ... passed
11:28:37 INFO  Package squirrel3 is installed
11:28:37 INFO  Assert that (True == value) with value=True ... passed
11:28:37 INFO  Package robotfindskitten is installed
11:28:37 INFO  Assert that (True == value) with value=True ... passed
11:28:38 INFO  Response status: 201
11:28:38 INFO  Response to action: {
    &quot;delivery&quot;: {
        &quot;log&quot;: [],
        &quot;time&quot;: &quot;2022-07-20T11:28:38.111Z&quot;,
        &quot;status&quot;: &quot;PENDING&quot;
    },
    &quot;creationTime&quot;: &quot;2022-07-20T11:28:38.093Z&quot;,
    &quot;deviceId&quot;: &quot;21074154&quot;,
    &quot;deviceName&quot;: &quot;m32sd10b&quot;,
    &quot;self&quot;: &quot;https://t493319102.eu-latest.cumulocity.com/devicecontrol/operations/21082359&quot;,
    &quot;id&quot;: &quot;21082359&quot;,
    &quot;status&quot;: &quot;PENDING&quot;,
    &quot;description&quot;: &quot;Apply software changes, triggered from PySys: [{'action': 'delete', 'id': '5475369', 'name': 'asciijump', 'url': ' ', 'version': '::apt'}, {'action': 'delete', 'id': '5474869', 'name': 'robotfindskitten', 'url': ' ', 'version': '::apt'}, {'action': 'delete', 'id': '5475279', 'name': 'squirrel3', 'url': ' ', 'version': '::apt'}]&quot;,
    &quot;c8y_SoftwareUpdate&quot;: [
        {
            &quot;name&quot;: &quot;asciijump&quot;,
            &quot;action&quot;: &quot;delete&quot;,
            &quot;id&quot;: &quot;5475369&quot;,
            &quot;version&quot;: &quot;::apt&quot;,
            &quot;url&quot;: &quot; &quot;
        },
        {
            &quot;name&quot;: &quot;robotfindskitten&quot;,
            &quot;action&quot;: &quot;delete&quot;,
            &quot;id&quot;: &quot;5474869&quot;,
            &quot;version&quot;: &quot;::apt&quot;,
            &quot;url&quot;: &quot; &quot;
        },
        {
            &quot;name&quot;: &quot;squirrel3&quot;,
            &quot;action&quot;: &quot;delete&quot;,
            &quot;id&quot;: &quot;5475279&quot;,
            &quot;version&quot;: &quot;::apt&quot;,
            &quot;url&quot;: &quot; &quot;
        }
    ]
}
11:28:38 INFO  Started operation: {'delivery': {'log': [], 'time': '2022-07-20T11:28:38.111Z', 'status': 'PENDING'}, 'creationTime': '2022-07-20T11:28:38.093Z', 'deviceId': '21074154', 'deviceName': 'm32sd10b', 'self': 'https://t493319102.eu-latest.cumulocity.com/devicecontrol/operations/21082359', 'id': '21082359', 'status': 'PENDING', 'description': &quot;Apply software changes, triggered from PySys: [{'action': 'delete', 'id': '5475369', 'name': 'asciijump', 'url': ' ', 'version': '::apt'}, {'action': 'delete', 'id': '5474869', 'name': 'robotfindskitten', 'url': ' ', 'version': '::apt'}, {'action': 'delete', 'id': '5475279', 'name': 'squirrel3', 'url': ' ', 'version': '::apt'}]&quot;, 'c8y_SoftwareUpdate': [{'name': 'asciijump', 'action': 'delete', 'id': '5475369', 'version': '::apt', 'url': ' '}, {'name': 'robotfindskitten', 'action': 'delete', 'id': '5474869', 'version': '::apt', 'url': ' '}, {'name': 'squirrel3', 'action': 'delete', 'id': '5475279', 'version': '::apt', 'url': ' '}]}
11:28:40 INFO  State of operation 21082359 : PENDING
11:28:42 INFO  State of operation 21082359 : EXECUTING
11:28:44 INFO  State of operation 21082359 : EXECUTING
11:28:47 INFO  State of operation 21082359 : EXECUTING
11:28:49 INFO  State of operation 21082359 : EXECUTING
11:28:51 INFO  State of operation 21082359 : EXECUTING
11:28:54 INFO  State of operation 21082359 : EXECUTING
11:28:57 INFO  State of operation 21082359 : EXECUTING
11:28:59 INFO  State of operation 21082359 : EXECUTING
11:29:01 INFO  State of operation 21082359 : EXECUTING
11:29:04 INFO  State of operation 21082359 : EXECUTING
11:29:06 INFO  State of operation 21082359 : EXECUTING
11:29:08 INFO  State of operation 21082359 : EXECUTING
11:29:10 INFO  State of operation 21082359 : EXECUTING
11:29:13 INFO  State of operation 21082359 : EXECUTING
11:29:15 INFO  State of operation 21082359 : EXECUTING
11:29:17 INFO  State of operation 21082359 : EXECUTING
11:29:20 INFO  State of operation 21082359 : EXECUTING
11:29:22 INFO  State of operation 21082359 : EXECUTING
11:29:25 INFO  State of operation 21082359 : EXECUTING
11:29:27 INFO  State of operation 21082359 : EXECUTING
11:29:29 INFO  State of operation 21082359 : EXECUTING
11:29:31 INFO  State of operation 21082359 : EXECUTING
11:29:34 INFO  State of operation 21082359 : EXECUTING
11:29:36 INFO  State of operation 21082359 : EXECUTING
11:29:39 INFO  State of operation 21082359 : EXECUTING
11:29:41 INFO  State of operation 21082359 : EXECUTING
11:29:43 INFO  State of operation 21082359 : SUCCESSFUL
11:29:43 INFO  Assert that (False == value) with value=False ... passed
11:29:43 INFO  Assert that (False == value) with value=False ... passed
11:29:44 INFO  Assert that (False == value) with value=False ... passed
11:29:44 INFO  Assert that (False == value) with value=False ... passed
11:29:44 INFO  
11:29:44 INFO  cleanup:
11:29:48 INFO  Executed sudo&lt;tedge_disconnect_c8y&gt;, exit status 0
11:29:49 INFO  Executed systemctl&lt;serv_mapper5&gt;, exit status 3
11:29:49 INFO  
11:29:49 INFO  Test duration: 179.60 secs
11:29:49 INFO  Test final outcome:  FAILED
11:29:49 INFO  Test outcome reason: Assert that (False == value) with value=True
11:29:49 INFO  
</system-out>
	</testcase>
</testsuite>
