<?xml version="1.0" encoding="utf-8"?>
<testsuite failures="1" name="SoftwareManagement.sm_apt_install_remove_with_version" skipped="0" tests="1" time="165.58" timestamp="2022-05-23T14:12:29">
	<testcase classname="PySysTest" name="SoftwareManagement.sm_apt_install_remove_with_version">
		<failure message="BLOCKED: SystemError: Timeout while waiting for status FAILED or SUCCESSFUL" type="BLOCKED"/>
		<system-out>14:09:44 INFO  ==============================================================
14:09:44 INFO  Id:    SoftwareManagement.sm_apt_install_remove_with_version
14:09:44 INFO  Dir:   software_management_end_to_end/
14:09:44 INFO  Title: Validate end to end behaviour for the apt plugin for packages with version
14:09:44 INFO  ==============================================================
14:09:44 INFO  Using sw id database: {'asciijump': '5475369', 'robotfindskitten': '5474869', 'squirrel3': '5475279', 'rolldice': '5152439', 'moon-buggy': '5439204', 'apple': '5495053', 'banana': '5494888', 'cherry': '5495382', 'watermelon': '5494510', 'registry': '8018911', 'hello-world': '8021526', 'docker/getting-started': '8021973', 'alpine': '7991792'}
14:09:44 INFO  EnvironmentC8y Setup
14:09:44 INFO  Executed systemctl&lt;serv_mapper1&gt;, exit status 3
14:09:44 INFO  Restarting mosquitto too frequently in the last 10 seconds. It was only up for 5 seconds
14:09:44 INFO  Delaying execution by 6 seconds
14:10:04 INFO  Executed sudo&lt;tedge_connect_c8y&gt;, exit status 0, duration 14 secs
14:10:05 INFO  Executed sudo&lt;tedge_connect_c8y_test&gt;, exit status 0
14:10:05 INFO  Executed systemctl&lt;serv_mosq2&gt;, exit status 0
14:10:06 INFO  Executed systemctl&lt;serv_mapper3&gt;, exit status 0
14:10:08 INFO  State of current operation: PENDING
14:10:10 INFO  State of current operation: PENDING
14:10:13 INFO  State of current operation: PENDING
14:10:15 INFO  State of current operation: PENDING
14:10:17 INFO  State of current operation: PENDING
14:10:19 INFO  State of current operation: PENDING
14:10:22 INFO  State of current operation: PENDING
14:10:24 INFO  State of current operation: PENDING
14:10:26 INFO  State of current operation: PENDING
14:10:28 INFO  State of current operation: PENDING
14:10:30 INFO  State of current operation: PENDING
14:10:33 INFO  State of current operation: PENDING
14:10:35 INFO  State of current operation: PENDING
14:10:37 INFO  State of current operation: PENDING
14:10:39 INFO  State of current operation: PENDING
14:10:42 INFO  State of current operation: PENDING
14:10:44 INFO  State of current operation: PENDING
14:10:46 INFO  State of current operation: PENDING
14:10:48 INFO  State of current operation: PENDING
14:10:50 INFO  State of current operation: PENDING
14:10:53 INFO  State of current operation: PENDING
14:10:55 INFO  State of current operation: PENDING
14:10:57 INFO  State of current operation: PENDING
14:10:59 INFO  State of current operation: PENDING
14:11:02 INFO  State of current operation: PENDING
14:11:04 INFO  State of current operation: PENDING
14:11:06 INFO  State of current operation: PENDING
14:11:08 INFO  State of current operation: PENDING
14:11:11 INFO  State of current operation: PENDING
14:11:13 INFO  State of current operation: PENDING
14:11:15 INFO  State of current operation: PENDING
14:11:17 INFO  State of current operation: PENDING
14:11:20 INFO  State of current operation: PENDING
14:11:22 INFO  State of current operation: PENDING
14:11:24 INFO  State of current operation: PENDING
14:11:26 INFO  State of current operation: PENDING
14:11:28 INFO  State of current operation: PENDING
14:11:31 INFO  State of current operation: PENDING
14:11:33 INFO  State of current operation: PENDING
14:11:35 INFO  State of current operation: PENDING
14:11:37 INFO  State of current operation: PENDING
14:11:40 INFO  State of current operation: PENDING
14:11:42 INFO  State of current operation: PENDING
14:11:44 INFO  State of current operation: PENDING
14:11:47 INFO  State of current operation: PENDING
14:11:49 INFO  State of current operation: PENDING
14:11:51 INFO  State of current operation: PENDING
14:11:53 INFO  State of current operation: PENDING
14:11:56 INFO  State of current operation: PENDING
14:11:58 INFO  State of current operation: PENDING
14:12:00 INFO  State of current operation: PENDING
14:12:02 INFO  State of current operation: PENDING
14:12:05 INFO  State of current operation: PENDING
14:12:07 INFO  State of current operation: PENDING
14:12:09 INFO  State of current operation: PENDING
14:12:11 INFO  State of current operation: PENDING
14:12:13 INFO  State of current operation: PENDING
14:12:16 INFO  State of current operation: PENDING
14:12:18 INFO  State of current operation: PENDING
14:12:20 INFO  State of current operation: PENDING
14:12:22 INFO  State of current operation: PENDING
14:12:24 WARN  SystemError occurred while running test - Timeout while waiting for status FAILED or SUCCESSFUL
Traceback (most recent call last):
  File &quot;/home/pi/env-pysys/lib/python3.7/site-packages/pysys/baserunner.py&quot;, line 1292, in __call__
    self.testObj.setup()
  File &quot;/home/pi/actions-runner/_work/thin-edge.io/thin-edge.io/tests/PySys/software_management_end_to_end/sm_apt_install_remove_with_version/run.py&quot;, line 27, in setup
    super().setup()
  File &quot;/home/pi/actions-runner/_work/thin-edge.io/thin-edge.io/tests/PySys/software_management_end_to_end/environment_sm_management.py&quot;, line 151, in setup
    self.wait_until_end()
  File &quot;/home/pi/actions-runner/_work/thin-edge.io/thin-edge.io/tests/PySys/software_management_end_to_end/environment_sm_management.py&quot;, line 332, in wait_until_end
    self.wait_until_status(&quot;FAILED&quot;, &quot;SUCCESSFUL&quot;)
  File &quot;/home/pi/actions-runner/_work/thin-edge.io/thin-edge.io/tests/PySys/software_management_end_to_end/environment_sm_management.py&quot;, line 381, in wait_until_status
    &quot;Timeout while waiting for status %s or %s&quot; % (status, status2)
SystemError: Timeout while waiting for status FAILED or SUCCESSFUL
14:12:24 WARN  SystemError: Timeout while waiting for status FAILED or SUCCESSFUL ... blocked 
14:12:24 INFO  
14:12:24 INFO  cleanup:
14:12:29 INFO  Executed sudo&lt;tedge_disconnect_c8y&gt;, exit status 0
14:12:29 INFO  Executed systemctl&lt;serv_mapper5&gt;, exit status 3
14:12:29 INFO  
14:12:29 INFO  Test duration: 165.58 secs
14:12:29 INFO  Test final outcome:  BLOCKED
14:12:29 INFO  Test outcome reason: SystemError: Timeout while waiting for status FAILED or SUCCESSFUL
14:12:29 INFO  
</system-out>
	</testcase>
</testsuite>
