<?xml version="1.0" encoding="utf-8"?>
<testsuite failures="0" name="apt_prepare" skipped="0" tests="1" time="20.04" timestamp="2022-06-09T07:19:48">
	<testcase classname="AptPluginPrepare" name="apt_prepare"/>
</testsuite>
