<?xml version="1.0" encoding="utf-8"?>
<testsuite failures="0" name="apt_sequence_remove_with_version" skipped="0" tests="1" time="72.43" timestamp="2022-07-21T12:20:27">
	<testcase classname="AptPluginRemoveWithVersion" name="apt_sequence_remove_with_version"/>
</testsuite>
