<?xml version="1.0" encoding="utf-8"?>
<testsuite failures="1" name="SoftwareManagement.sm_apt_install_remove_multiple_mixed" skipped="0" tests="1" time="166.64" timestamp="2022-05-23T11:59:43">
	<testcase classname="PySysTest" name="SoftwareManagement.sm_apt_install_remove_multiple_mixed">
		<failure message="BLOCKED: SystemError: Timeout while waiting for status FAILED or SUCCESSFUL" type="BLOCKED"/>
		<system-out>11:56:56 INFO  ==============================================================
11:56:56 INFO  Id:    SoftwareManagement.sm_apt_install_remove_multiple_mixed
11:56:56 INFO  Dir:   software_management_end_to_end/
11:56:56 INFO  Title: Validate end to end behaviour for the apt plugin for multiple packages with mixed versions
11:56:56 INFO  ==============================================================
11:56:56 INFO  Using sw id database: {'asciijump': '5475369', 'robotfindskitten': '5474869', 'squirrel3': '5475279', 'rolldice': '5152439', 'moon-buggy': '5439204', 'apple': '5495053', 'banana': '5494888', 'cherry': '5495382', 'watermelon': '5494510', 'registry': '8018911', 'hello-world': '8021526', 'docker/getting-started': '8021973', 'alpine': '7991792'}
11:56:56 INFO  EnvironmentC8y Setup
11:56:57 INFO  Executed systemctl&lt;serv_mapper1&gt;, exit status 3
11:56:57 INFO  Restarting mosquitto too frequently in the last 10 seconds. It was only up for 4 seconds
11:56:57 INFO  Delaying execution by 7 seconds
11:57:18 INFO  Executed sudo&lt;tedge_connect_c8y&gt;, exit status 0, duration 14 secs
11:57:19 INFO  Executed sudo&lt;tedge_connect_c8y_test&gt;, exit status 0
11:57:19 INFO  Executed systemctl&lt;serv_mosq2&gt;, exit status 0
11:57:20 INFO  Executed systemctl&lt;serv_mapper3&gt;, exit status 0
11:57:22 INFO  State of current operation: PENDING
11:57:24 INFO  State of current operation: PENDING
11:57:26 INFO  State of current operation: PENDING
11:57:29 INFO  State of current operation: PENDING
11:57:31 INFO  State of current operation: PENDING
11:57:33 INFO  State of current operation: PENDING
11:57:35 INFO  State of current operation: PENDING
11:57:38 INFO  State of current operation: PENDING
11:57:40 INFO  State of current operation: PENDING
11:57:42 INFO  State of current operation: PENDING
11:57:44 INFO  State of current operation: PENDING
11:57:46 INFO  State of current operation: PENDING
11:57:49 INFO  State of current operation: PENDING
11:57:51 INFO  State of current operation: PENDING
11:57:53 INFO  State of current operation: PENDING
11:57:55 INFO  State of current operation: PENDING
11:57:58 INFO  State of current operation: PENDING
11:58:00 INFO  State of current operation: PENDING
11:58:02 INFO  State of current operation: PENDING
11:58:04 INFO  State of current operation: PENDING
11:58:06 INFO  State of current operation: PENDING
11:58:09 INFO  State of current operation: PENDING
11:58:11 INFO  State of current operation: PENDING
11:58:13 INFO  State of current operation: PENDING
11:58:15 INFO  State of current operation: PENDING
11:58:18 INFO  State of current operation: PENDING
11:58:20 INFO  State of current operation: PENDING
11:58:22 INFO  State of current operation: PENDING
11:58:24 INFO  State of current operation: PENDING
11:58:27 INFO  State of current operation: PENDING
11:58:29 INFO  State of current operation: PENDING
11:58:31 INFO  State of current operation: PENDING
11:58:33 INFO  State of current operation: PENDING
11:58:36 INFO  State of current operation: PENDING
11:58:38 INFO  State of current operation: PENDING
11:58:40 INFO  State of current operation: PENDING
11:58:42 INFO  State of current operation: PENDING
11:58:44 INFO  State of current operation: PENDING
11:58:47 INFO  State of current operation: PENDING
11:58:49 INFO  State of current operation: PENDING
11:58:51 INFO  State of current operation: PENDING
11:58:53 INFO  State of current operation: PENDING
11:58:56 INFO  State of current operation: PENDING
11:58:58 INFO  State of current operation: PENDING
11:59:00 INFO  State of current operation: PENDING
11:59:02 INFO  State of current operation: PENDING
11:59:05 INFO  State of current operation: PENDING
11:59:07 INFO  State of current operation: PENDING
11:59:09 INFO  State of current operation: PENDING
11:59:11 INFO  State of current operation: PENDING
11:59:13 INFO  State of current operation: PENDING
11:59:16 INFO  State of current operation: PENDING
11:59:18 INFO  State of current operation: PENDING
11:59:20 INFO  State of current operation: PENDING
11:59:23 INFO  State of current operation: PENDING
11:59:25 INFO  State of current operation: PENDING
11:59:27 INFO  State of current operation: PENDING
11:59:29 INFO  State of current operation: PENDING
11:59:31 INFO  State of current operation: PENDING
11:59:34 INFO  State of current operation: PENDING
11:59:36 INFO  State of current operation: PENDING
11:59:38 WARN  SystemError occurred while running test - Timeout while waiting for status FAILED or SUCCESSFUL
Traceback (most recent call last):
  File &quot;/home/pi/env-pysys/lib/python3.7/site-packages/pysys/baserunner.py&quot;, line 1292, in __call__
    self.testObj.setup()
  File &quot;/home/pi/actions-runner/_work/thin-edge.io/thin-edge.io/tests/PySys/software_management_end_to_end/sm_apt_install_remove_multiple_mixed/run.py&quot;, line 73, in setup
    super().setup()
  File &quot;/home/pi/actions-runner/_work/thin-edge.io/thin-edge.io/tests/PySys/software_management_end_to_end/environment_sm_management.py&quot;, line 151, in setup
    self.wait_until_end()
  File &quot;/home/pi/actions-runner/_work/thin-edge.io/thin-edge.io/tests/PySys/software_management_end_to_end/environment_sm_management.py&quot;, line 332, in wait_until_end
    self.wait_until_status(&quot;FAILED&quot;, &quot;SUCCESSFUL&quot;)
  File &quot;/home/pi/actions-runner/_work/thin-edge.io/thin-edge.io/tests/PySys/software_management_end_to_end/environment_sm_management.py&quot;, line 381, in wait_until_status
    &quot;Timeout while waiting for status %s or %s&quot; % (status, status2)
SystemError: Timeout while waiting for status FAILED or SUCCESSFUL
11:59:38 WARN  SystemError: Timeout while waiting for status FAILED or SUCCESSFUL ... blocked 
11:59:38 INFO  
11:59:38 INFO  cleanup:
11:59:42 INFO  Executed sudo&lt;tedge_disconnect_c8y&gt;, exit status 0
11:59:43 INFO  Executed systemctl&lt;serv_mapper5&gt;, exit status 3
11:59:43 INFO  
11:59:43 INFO  Test duration: 166.64 secs
11:59:43 INFO  Test final outcome:  BLOCKED
11:59:43 INFO  Test outcome reason: SystemError: Timeout while waiting for status FAILED or SUCCESSFUL
11:59:43 INFO  
</system-out>
	</testcase>
</testsuite>
