<?xml version="1.0" encoding="utf-8"?>
<testsuite failures="1" name="SoftwareManagement.sm_apt_install_remove_multiple" skipped="0" tests="1" time="179.62" timestamp="2022-06-22T19:30:38">
	<testcase classname="PySysTest" name="SoftwareManagement.sm_apt_install_remove_multiple">
		<failure message="FAILED: Assert that (False == value) with value=True" type="FAILED"/>
		<system-out>19:27:38 INFO  ==============================================================
19:27:38 INFO  Id:    SoftwareManagement.sm_apt_install_remove_multiple
19:27:38 INFO  Dir:   software_management_end_to_end/
19:27:38 INFO  Title: Validate end to end behaviour for the apt plugin for multiple packages
19:27:38 INFO  ==============================================================
19:27:38 INFO  Using sw id database: {'asciijump': '5475369', 'robotfindskitten': '5474869', 'squirrel3': '5475279', 'rolldice': '5152439', 'moon-buggy': '5439204', 'apple': '5495053', 'banana': '5494888', 'cherry': '5495382', 'watermelon': '5494510', 'registry': '8018911', 'hello-world': '8021526', 'docker/getting-started': '8021973', 'alpine': '7991792'}
19:27:38 INFO  EnvironmentC8y Setup
19:27:39 INFO  Executed systemctl&lt;serv_mapper1&gt;, exit status 3
19:27:39 INFO  Restarting mosquitto too frequently in the last 10 seconds. It was only up for 4 seconds
19:27:39 INFO  Delaying execution by 7 seconds
19:28:00 INFO  Executed sudo&lt;tedge_connect_c8y&gt;, exit status 0, duration 14 secs
19:28:01 INFO  Executed sudo&lt;tedge_connect_c8y_test&gt;, exit status 0
19:28:01 INFO  Executed systemctl&lt;serv_mosq2&gt;, exit status 0
19:28:02 INFO  Executed systemctl&lt;serv_mapper3&gt;, exit status 0
19:28:04 INFO  State of current operation: SUCCESSFUL
19:28:04 INFO  Assert that (False == value) with value=False ... passed
19:28:04 INFO  Assert that (False == value) with value=False ... passed
19:28:04 INFO  Assert that (False == value) with value=False ... passed
19:28:05 INFO  Package robotfindskitten is installed
19:28:05 WARN  Assert that (False == value) with value=True ... failed 
19:28:05 INFO  Response status: 201
19:28:05 INFO  Response to action: {
    &quot;delivery&quot;: {
        &quot;log&quot;: [],
        &quot;time&quot;: &quot;2022-06-22T19:28:05.418Z&quot;,
        &quot;status&quot;: &quot;PENDING&quot;
    },
    &quot;creationTime&quot;: &quot;2022-06-22T19:28:05.390Z&quot;,
    &quot;deviceName&quot;: &quot;m32sd10b&quot;,
    &quot;deviceId&quot;: &quot;20418358&quot;,
    &quot;self&quot;: &quot;https://t493319102.eu-latest.cumulocity.com/devicecontrol/operations/20449352&quot;,
    &quot;id&quot;: &quot;20449352&quot;,
    &quot;status&quot;: &quot;PENDING&quot;,
    &quot;description&quot;: &quot;Apply software changes, triggered from PySys: [{'action': 'install', 'id': '5475369', 'name': 'asciijump', 'url': ' ', 'version': '::apt'}, {'action': 'install', 'id': '5474869', 'name': 'robotfindskitten', 'url': ' ', 'version': '::apt'}, {'action': 'install', 'id': '5475279', 'name': 'squirrel3', 'url': ' ', 'version': '::apt'}]&quot;,
    &quot;c8y_SoftwareUpdate&quot;: [
        {
            &quot;name&quot;: &quot;asciijump&quot;,
            &quot;action&quot;: &quot;install&quot;,
            &quot;id&quot;: &quot;5475369&quot;,
            &quot;version&quot;: &quot;::apt&quot;,
            &quot;url&quot;: &quot; &quot;
        },
        {
            &quot;name&quot;: &quot;robotfindskitten&quot;,
            &quot;action&quot;: &quot;install&quot;,
            &quot;id&quot;: &quot;5474869&quot;,
            &quot;version&quot;: &quot;::apt&quot;,
            &quot;url&quot;: &quot; &quot;
        },
        {
            &quot;name&quot;: &quot;squirrel3&quot;,
            &quot;action&quot;: &quot;install&quot;,
            &quot;id&quot;: &quot;5475279&quot;,
            &quot;version&quot;: &quot;::apt&quot;,
            &quot;url&quot;: &quot; &quot;
        }
    ]
}
19:28:05 INFO  Started operation: {'delivery': {'log': [], 'time': '2022-06-22T19:28:05.418Z', 'status': 'PENDING'}, 'creationTime': '2022-06-22T19:28:05.390Z', 'deviceName': 'm32sd10b', 'deviceId': '20418358', 'self': 'https://t493319102.eu-latest.cumulocity.com/devicecontrol/operations/20449352', 'id': '20449352', 'status': 'PENDING', 'description': &quot;Apply software changes, triggered from PySys: [{'action': 'install', 'id': '5475369', 'name': 'asciijump', 'url': ' ', 'version': '::apt'}, {'action': 'install', 'id': '5474869', 'name': 'robotfindskitten', 'url': ' ', 'version': '::apt'}, {'action': 'install', 'id': '5475279', 'name': 'squirrel3', 'url': ' ', 'version': '::apt'}]&quot;, 'c8y_SoftwareUpdate': [{'name': 'asciijump', 'action': 'install', 'id': '5475369', 'version': '::apt', 'url': ' '}, {'name': 'robotfindskitten', 'action': 'install', 'id': '5474869', 'version': '::apt', 'url': ' '}, {'name': 'squirrel3', 'action': 'install', 'id': '5475279', 'version': '::apt', 'url': ' '}]}
19:28:07 INFO  State of operation 20449352 : PENDING
19:28:09 INFO  State of operation 20449352 : EXECUTING
19:28:12 INFO  State of operation 20449352 : EXECUTING
19:28:14 INFO  State of operation 20449352 : EXECUTING
19:28:16 INFO  State of operation 20449352 : EXECUTING
19:28:18 INFO  State of operation 20449352 : EXECUTING
19:28:21 INFO  State of operation 20449352 : EXECUTING
19:28:24 INFO  State of operation 20449352 : EXECUTING
19:28:26 INFO  State of operation 20449352 : EXECUTING
19:28:28 INFO  State of operation 20449352 : EXECUTING
19:28:31 INFO  State of operation 20449352 : EXECUTING
19:28:33 INFO  State of operation 20449352 : EXECUTING
19:28:35 INFO  State of operation 20449352 : EXECUTING
19:28:37 INFO  State of operation 20449352 : EXECUTING
19:28:40 INFO  State of operation 20449352 : EXECUTING
19:28:42 INFO  State of operation 20449352 : EXECUTING
19:28:44 INFO  State of operation 20449352 : EXECUTING
19:28:47 INFO  State of operation 20449352 : EXECUTING
19:28:49 INFO  State of operation 20449352 : EXECUTING
19:28:52 INFO  State of operation 20449352 : EXECUTING
19:28:54 INFO  State of operation 20449352 : EXECUTING
19:28:56 INFO  State of operation 20449352 : EXECUTING
19:28:59 INFO  State of operation 20449352 : EXECUTING
19:29:01 INFO  State of operation 20449352 : EXECUTING
19:29:03 INFO  State of operation 20449352 : EXECUTING
19:29:05 INFO  State of operation 20449352 : EXECUTING
19:29:08 INFO  State of operation 20449352 : EXECUTING
19:29:10 INFO  State of operation 20449352 : EXECUTING
19:29:12 INFO  State of operation 20449352 : EXECUTING
19:29:15 INFO  State of operation 20449352 : EXECUTING
19:29:17 INFO  State of operation 20449352 : EXECUTING
19:29:19 INFO  State of operation 20449352 : EXECUTING
19:29:21 INFO  State of operation 20449352 : EXECUTING
19:29:24 INFO  State of operation 20449352 : EXECUTING
19:29:26 INFO  State of operation 20449352 : SUCCESSFUL
19:29:26 INFO  Assert that (False == value) with value=False ... passed
19:29:26 INFO  Package asciijump is installed
19:29:26 INFO  Assert that (True == value) with value=True ... passed
19:29:27 INFO  Package squirrel3 is installed
19:29:27 INFO  Assert that (True == value) with value=True ... passed
19:29:27 INFO  Package robotfindskitten is installed
19:29:27 INFO  Assert that (True == value) with value=True ... passed
19:29:27 INFO  Response status: 201
19:29:27 INFO  Response to action: {
    &quot;delivery&quot;: {
        &quot;log&quot;: [],
        &quot;time&quot;: &quot;2022-06-22T19:29:27.474Z&quot;,
        &quot;status&quot;: &quot;PENDING&quot;
    },
    &quot;creationTime&quot;: &quot;2022-06-22T19:29:27.459Z&quot;,
    &quot;deviceName&quot;: &quot;m32sd10b&quot;,
    &quot;deviceId&quot;: &quot;20418358&quot;,
    &quot;self&quot;: &quot;https://t493319102.eu-latest.cumulocity.com/devicecontrol/operations/20449368&quot;,
    &quot;id&quot;: &quot;20449368&quot;,
    &quot;status&quot;: &quot;PENDING&quot;,
    &quot;description&quot;: &quot;Apply software changes, triggered from PySys: [{'action': 'delete', 'id': '5475369', 'name': 'asciijump', 'url': ' ', 'version': '::apt'}, {'action': 'delete', 'id': '5474869', 'name': 'robotfindskitten', 'url': ' ', 'version': '::apt'}, {'action': 'delete', 'id': '5475279', 'name': 'squirrel3', 'url': ' ', 'version': '::apt'}]&quot;,
    &quot;c8y_SoftwareUpdate&quot;: [
        {
            &quot;name&quot;: &quot;asciijump&quot;,
            &quot;action&quot;: &quot;delete&quot;,
            &quot;id&quot;: &quot;5475369&quot;,
            &quot;version&quot;: &quot;::apt&quot;,
            &quot;url&quot;: &quot; &quot;
        },
        {
            &quot;name&quot;: &quot;robotfindskitten&quot;,
            &quot;action&quot;: &quot;delete&quot;,
            &quot;id&quot;: &quot;5474869&quot;,
            &quot;version&quot;: &quot;::apt&quot;,
            &quot;url&quot;: &quot; &quot;
        },
        {
            &quot;name&quot;: &quot;squirrel3&quot;,
            &quot;action&quot;: &quot;delete&quot;,
            &quot;id&quot;: &quot;5475279&quot;,
            &quot;version&quot;: &quot;::apt&quot;,
            &quot;url&quot;: &quot; &quot;
        }
    ]
}
19:29:27 INFO  Started operation: {'delivery': {'log': [], 'time': '2022-06-22T19:29:27.474Z', 'status': 'PENDING'}, 'creationTime': '2022-06-22T19:29:27.459Z', 'deviceName': 'm32sd10b', 'deviceId': '20418358', 'self': 'https://t493319102.eu-latest.cumulocity.com/devicecontrol/operations/20449368', 'id': '20449368', 'status': 'PENDING', 'description': &quot;Apply software changes, triggered from PySys: [{'action': 'delete', 'id': '5475369', 'name': 'asciijump', 'url': ' ', 'version': '::apt'}, {'action': 'delete', 'id': '5474869', 'name': 'robotfindskitten', 'url': ' ', 'version': '::apt'}, {'action': 'delete', 'id': '5475279', 'name': 'squirrel3', 'url': ' ', 'version': '::apt'}]&quot;, 'c8y_SoftwareUpdate': [{'name': 'asciijump', 'action': 'delete', 'id': '5475369', 'version': '::apt', 'url': ' '}, {'name': 'robotfindskitten', 'action': 'delete', 'id': '5474869', 'version': '::apt', 'url': ' '}, {'name': 'squirrel3', 'action': 'delete', 'id': '5475279', 'version': '::apt', 'url': ' '}]}
19:29:29 INFO  State of operation 20449368 : PENDING
19:29:31 INFO  State of operation 20449368 : EXECUTING
19:29:34 INFO  State of operation 20449368 : EXECUTING
19:29:36 INFO  State of operation 20449368 : EXECUTING
19:29:38 INFO  State of operation 20449368 : EXECUTING
19:29:40 INFO  State of operation 20449368 : EXECUTING
19:29:43 INFO  State of operation 20449368 : EXECUTING
19:29:46 INFO  State of operation 20449368 : EXECUTING
19:29:48 INFO  State of operation 20449368 : EXECUTING
19:29:51 INFO  State of operation 20449368 : EXECUTING
19:29:53 INFO  State of operation 20449368 : EXECUTING
19:29:55 INFO  State of operation 20449368 : EXECUTING
19:29:57 INFO  State of operation 20449368 : EXECUTING
19:30:00 INFO  State of operation 20449368 : EXECUTING
19:30:02 INFO  State of operation 20449368 : EXECUTING
19:30:04 INFO  State of operation 20449368 : EXECUTING
19:30:07 INFO  State of operation 20449368 : EXECUTING
19:30:09 INFO  State of operation 20449368 : EXECUTING
19:30:11 INFO  State of operation 20449368 : EXECUTING
19:30:14 INFO  State of operation 20449368 : EXECUTING
19:30:16 INFO  State of operation 20449368 : EXECUTING
19:30:18 INFO  State of operation 20449368 : EXECUTING
19:30:20 INFO  State of operation 20449368 : EXECUTING
19:30:23 INFO  State of operation 20449368 : EXECUTING
19:30:25 INFO  State of operation 20449368 : EXECUTING
19:30:28 INFO  State of operation 20449368 : EXECUTING
19:30:30 INFO  State of operation 20449368 : EXECUTING
19:30:32 INFO  State of operation 20449368 : SUCCESSFUL
19:30:32 INFO  Assert that (False == value) with value=False ... passed
19:30:33 INFO  Assert that (False == value) with value=False ... passed
19:30:33 INFO  Assert that (False == value) with value=False ... passed
19:30:33 INFO  Assert that (False == value) with value=False ... passed
19:30:33 INFO  
19:30:33 INFO  cleanup:
19:30:37 INFO  Executed sudo&lt;tedge_disconnect_c8y&gt;, exit status 0
19:30:38 INFO  Executed systemctl&lt;serv_mapper5&gt;, exit status 3
19:30:38 INFO  
19:30:38 INFO  Test duration: 179.62 secs
19:30:38 INFO  Test final outcome:  FAILED
19:30:38 INFO  Test outcome reason: Assert that (False == value) with value=True
19:30:38 INFO  
</system-out>
	</testcase>
</testsuite>
