<?xml version="1.0" encoding="utf-8"?>
<testsuite failures="0" name="apt_prepare" skipped="0" tests="1" time="21.21" timestamp="2022-07-20T13:15:04">
	<testcase classname="AptPluginPrepare" name="apt_prepare"/>
</testsuite>
