<?xml version="1.0" encoding="utf-8"?>
<testsuite failures="1" name="SoftwareManagement.sm_apt_install_remove_multiple" skipped="0" tests="1" time="180.31" timestamp="2022-06-29T12:38:39">
	<testcase classname="PySysTest" name="SoftwareManagement.sm_apt_install_remove_multiple">
		<failure message="FAILED: Assert that (False == value) with value=True" type="FAILED"/>
		<system-out>12:35:39 INFO  ==============================================================
12:35:39 INFO  Id:    SoftwareManagement.sm_apt_install_remove_multiple
12:35:39 INFO  Dir:   software_management_end_to_end/
12:35:39 INFO  Title: Validate end to end behaviour for the apt plugin for multiple packages
12:35:39 INFO  ==============================================================
12:35:39 INFO  Using sw id database: {'asciijump': '5475369', 'robotfindskitten': '5474869', 'squirrel3': '5475279', 'rolldice': '5152439', 'moon-buggy': '5439204', 'apple': '5495053', 'banana': '5494888', 'cherry': '5495382', 'watermelon': '5494510', 'registry': '8018911', 'hello-world': '8021526', 'docker/getting-started': '8021973', 'alpine': '7991792'}
12:35:39 INFO  EnvironmentC8y Setup
12:35:40 INFO  Executed systemctl&lt;serv_mapper1&gt;, exit status 3
12:35:40 INFO  Restarting mosquitto too frequently in the last 10 seconds. It was only up for 4 seconds
12:35:40 INFO  Delaying execution by 7 seconds
12:36:01 INFO  Executed sudo&lt;tedge_connect_c8y&gt;, exit status 0, duration 14 secs
12:36:02 INFO  Executed sudo&lt;tedge_connect_c8y_test&gt;, exit status 0
12:36:02 INFO  Executed systemctl&lt;serv_mosq2&gt;, exit status 0
12:36:03 INFO  Executed systemctl&lt;serv_mapper3&gt;, exit status 0
12:36:05 INFO  State of current operation: SUCCESSFUL
12:36:05 INFO  Assert that (False == value) with value=False ... passed
12:36:05 INFO  Assert that (False == value) with value=False ... passed
12:36:06 INFO  Assert that (False == value) with value=False ... passed
12:36:06 INFO  Package robotfindskitten is installed
12:36:06 WARN  Assert that (False == value) with value=True ... failed 
12:36:06 INFO  Response status: 201
12:36:06 INFO  Response to action: {
    &quot;creationTime&quot;: &quot;2022-06-29T12:36:06.560Z&quot;,
    &quot;deviceId&quot;: &quot;20555040&quot;,
    &quot;deviceName&quot;: &quot;m32sd10b&quot;,
    &quot;self&quot;: &quot;https://t493319102.eu-latest.cumulocity.com/devicecontrol/operations/20610467&quot;,
    &quot;id&quot;: &quot;20610467&quot;,
    &quot;status&quot;: &quot;PENDING&quot;,
    &quot;description&quot;: &quot;Apply software changes, triggered from PySys: [{'action': 'install', 'id': '5475369', 'name': 'asciijump', 'url': ' ', 'version': '::apt'}, {'action': 'install', 'id': '5474869', 'name': 'robotfindskitten', 'url': ' ', 'version': '::apt'}, {'action': 'install', 'id': '5475279', 'name': 'squirrel3', 'url': ' ', 'version': '::apt'}]&quot;,
    &quot;c8y_SoftwareUpdate&quot;: [
        {
            &quot;name&quot;: &quot;asciijump&quot;,
            &quot;action&quot;: &quot;install&quot;,
            &quot;id&quot;: &quot;5475369&quot;,
            &quot;version&quot;: &quot;::apt&quot;,
            &quot;url&quot;: &quot; &quot;
        },
        {
            &quot;name&quot;: &quot;robotfindskitten&quot;,
            &quot;action&quot;: &quot;install&quot;,
            &quot;id&quot;: &quot;5474869&quot;,
            &quot;version&quot;: &quot;::apt&quot;,
            &quot;url&quot;: &quot; &quot;
        },
        {
            &quot;name&quot;: &quot;squirrel3&quot;,
            &quot;action&quot;: &quot;install&quot;,
            &quot;id&quot;: &quot;5475279&quot;,
            &quot;version&quot;: &quot;::apt&quot;,
            &quot;url&quot;: &quot; &quot;
        }
    ]
}
12:36:06 INFO  Started operation: {'creationTime': '2022-06-29T12:36:06.560Z', 'deviceId': '20555040', 'deviceName': 'm32sd10b', 'self': 'https://t493319102.eu-latest.cumulocity.com/devicecontrol/operations/20610467', 'id': '20610467', 'status': 'PENDING', 'description': &quot;Apply software changes, triggered from PySys: [{'action': 'install', 'id': '5475369', 'name': 'asciijump', 'url': ' ', 'version': '::apt'}, {'action': 'install', 'id': '5474869', 'name': 'robotfindskitten', 'url': ' ', 'version': '::apt'}, {'action': 'install', 'id': '5475279', 'name': 'squirrel3', 'url': ' ', 'version': '::apt'}]&quot;, 'c8y_SoftwareUpdate': [{'name': 'asciijump', 'action': 'install', 'id': '5475369', 'version': '::apt', 'url': ' '}, {'name': 'robotfindskitten', 'action': 'install', 'id': '5474869', 'version': '::apt', 'url': ' '}, {'name': 'squirrel3', 'action': 'install', 'id': '5475279', 'version': '::apt', 'url': ' '}]}
12:36:08 INFO  State of operation 20610467 : PENDING
12:36:11 INFO  State of operation 20610467 : EXECUTING
12:36:13 INFO  State of operation 20610467 : EXECUTING
12:36:15 INFO  State of operation 20610467 : EXECUTING
12:36:17 INFO  State of operation 20610467 : EXECUTING
12:36:19 INFO  State of operation 20610467 : EXECUTING
12:36:22 INFO  State of operation 20610467 : EXECUTING
12:36:25 INFO  State of operation 20610467 : EXECUTING
12:36:27 INFO  State of operation 20610467 : EXECUTING
12:36:30 INFO  State of operation 20610467 : EXECUTING
12:36:32 INFO  State of operation 20610467 : EXECUTING
12:36:34 INFO  State of operation 20610467 : EXECUTING
12:36:36 INFO  State of operation 20610467 : EXECUTING
12:36:39 INFO  State of operation 20610467 : EXECUTING
12:36:41 INFO  State of operation 20610467 : EXECUTING
12:36:43 INFO  State of operation 20610467 : EXECUTING
12:36:46 INFO  State of operation 20610467 : EXECUTING
12:36:48 INFO  State of operation 20610467 : EXECUTING
12:36:51 INFO  State of operation 20610467 : EXECUTING
12:36:53 INFO  State of operation 20610467 : EXECUTING
12:36:55 INFO  State of operation 20610467 : EXECUTING
12:36:58 INFO  State of operation 20610467 : EXECUTING
12:37:00 INFO  State of operation 20610467 : EXECUTING
12:37:02 INFO  State of operation 20610467 : EXECUTING
12:37:04 INFO  State of operation 20610467 : EXECUTING
12:37:07 INFO  State of operation 20610467 : EXECUTING
12:37:09 INFO  State of operation 20610467 : EXECUTING
12:37:12 INFO  State of operation 20610467 : EXECUTING
12:37:14 INFO  State of operation 20610467 : EXECUTING
12:37:16 INFO  State of operation 20610467 : EXECUTING
12:37:19 INFO  State of operation 20610467 : EXECUTING
12:37:21 INFO  State of operation 20610467 : EXECUTING
12:37:23 INFO  State of operation 20610467 : EXECUTING
12:37:25 INFO  State of operation 20610467 : EXECUTING
12:37:28 INFO  State of operation 20610467 : SUCCESSFUL
12:37:28 INFO  Assert that (False == value) with value=False ... passed
12:37:28 INFO  Package asciijump is installed
12:37:28 INFO  Assert that (True == value) with value=True ... passed
12:37:28 INFO  Package squirrel3 is installed
12:37:28 INFO  Assert that (True == value) with value=True ... passed
12:37:28 INFO  Package robotfindskitten is installed
12:37:28 INFO  Assert that (True == value) with value=True ... passed
12:37:29 INFO  Response status: 201
12:37:29 INFO  Response to action: {
    &quot;creationTime&quot;: &quot;2022-06-29T12:37:29.085Z&quot;,
    &quot;deviceId&quot;: &quot;20555040&quot;,
    &quot;deviceName&quot;: &quot;m32sd10b&quot;,
    &quot;self&quot;: &quot;https://t493319102.eu-latest.cumulocity.com/devicecontrol/operations/20610483&quot;,
    &quot;id&quot;: &quot;20610483&quot;,
    &quot;status&quot;: &quot;PENDING&quot;,
    &quot;description&quot;: &quot;Apply software changes, triggered from PySys: [{'action': 'delete', 'id': '5475369', 'name': 'asciijump', 'url': ' ', 'version': '::apt'}, {'action': 'delete', 'id': '5474869', 'name': 'robotfindskitten', 'url': ' ', 'version': '::apt'}, {'action': 'delete', 'id': '5475279', 'name': 'squirrel3', 'url': ' ', 'version': '::apt'}]&quot;,
    &quot;c8y_SoftwareUpdate&quot;: [
        {
            &quot;name&quot;: &quot;asciijump&quot;,
            &quot;action&quot;: &quot;delete&quot;,
            &quot;id&quot;: &quot;5475369&quot;,
            &quot;version&quot;: &quot;::apt&quot;,
            &quot;url&quot;: &quot; &quot;
        },
        {
            &quot;name&quot;: &quot;robotfindskitten&quot;,
            &quot;action&quot;: &quot;delete&quot;,
            &quot;id&quot;: &quot;5474869&quot;,
            &quot;version&quot;: &quot;::apt&quot;,
            &quot;url&quot;: &quot; &quot;
        },
        {
            &quot;name&quot;: &quot;squirrel3&quot;,
            &quot;action&quot;: &quot;delete&quot;,
            &quot;id&quot;: &quot;5475279&quot;,
            &quot;version&quot;: &quot;::apt&quot;,
            &quot;url&quot;: &quot; &quot;
        }
    ]
}
12:37:29 INFO  Started operation: {'creationTime': '2022-06-29T12:37:29.085Z', 'deviceId': '20555040', 'deviceName': 'm32sd10b', 'self': 'https://t493319102.eu-latest.cumulocity.com/devicecontrol/operations/20610483', 'id': '20610483', 'status': 'PENDING', 'description': &quot;Apply software changes, triggered from PySys: [{'action': 'delete', 'id': '5475369', 'name': 'asciijump', 'url': ' ', 'version': '::apt'}, {'action': 'delete', 'id': '5474869', 'name': 'robotfindskitten', 'url': ' ', 'version': '::apt'}, {'action': 'delete', 'id': '5475279', 'name': 'squirrel3', 'url': ' ', 'version': '::apt'}]&quot;, 'c8y_SoftwareUpdate': [{'name': 'asciijump', 'action': 'delete', 'id': '5475369', 'version': '::apt', 'url': ' '}, {'name': 'robotfindskitten', 'action': 'delete', 'id': '5474869', 'version': '::apt', 'url': ' '}, {'name': 'squirrel3', 'action': 'delete', 'id': '5475279', 'version': '::apt', 'url': ' '}]}
12:37:31 INFO  State of operation 20610483 : PENDING
12:37:33 INFO  State of operation 20610483 : EXECUTING
12:37:35 INFO  State of operation 20610483 : EXECUTING
12:37:38 INFO  State of operation 20610483 : EXECUTING
12:37:40 INFO  State of operation 20610483 : EXECUTING
12:37:42 INFO  State of operation 20610483 : EXECUTING
12:37:45 INFO  State of operation 20610483 : EXECUTING
12:37:48 INFO  State of operation 20610483 : EXECUTING
12:37:50 INFO  State of operation 20610483 : EXECUTING
12:37:52 INFO  State of operation 20610483 : EXECUTING
12:37:54 INFO  State of operation 20610483 : EXECUTING
12:37:57 INFO  State of operation 20610483 : EXECUTING
12:37:59 INFO  State of operation 20610483 : EXECUTING
12:38:01 INFO  State of operation 20610483 : EXECUTING
12:38:03 INFO  State of operation 20610483 : EXECUTING
12:38:06 INFO  State of operation 20610483 : EXECUTING
12:38:08 INFO  State of operation 20610483 : EXECUTING
12:38:11 INFO  State of operation 20610483 : EXECUTING
12:38:13 INFO  State of operation 20610483 : EXECUTING
12:38:15 INFO  State of operation 20610483 : EXECUTING
12:38:18 INFO  State of operation 20610483 : EXECUTING
12:38:20 INFO  State of operation 20610483 : EXECUTING
12:38:22 INFO  State of operation 20610483 : EXECUTING
12:38:24 INFO  State of operation 20610483 : EXECUTING
12:38:27 INFO  State of operation 20610483 : EXECUTING
12:38:29 INFO  State of operation 20610483 : EXECUTING
12:38:32 INFO  State of operation 20610483 : EXECUTING
12:38:34 INFO  State of operation 20610483 : SUCCESSFUL
12:38:34 INFO  Assert that (False == value) with value=False ... passed
12:38:34 INFO  Assert that (False == value) with value=False ... passed
12:38:35 INFO  Assert that (False == value) with value=False ... passed
12:38:35 INFO  Assert that (False == value) with value=False ... passed
12:38:35 INFO  
12:38:35 INFO  cleanup:
12:38:39 INFO  Executed sudo&lt;tedge_disconnect_c8y&gt;, exit status 0
12:38:39 INFO  Executed systemctl&lt;serv_mapper5&gt;, exit status 3
12:38:39 INFO  
12:38:39 INFO  Test duration: 180.31 secs
12:38:39 INFO  Test final outcome:  FAILED
12:38:39 INFO  Test outcome reason: Assert that (False == value) with value=True
12:38:39 INFO  
</system-out>
	</testcase>
</testsuite>
