<?xml version="1.0" encoding="utf-8"?>
<testsuite failures="1" name="SoftwareManagement.sm_apt_install_remove_multiple" skipped="0" tests="1" time="166.29" timestamp="2022-05-23T19:54:18">
	<testcase classname="PySysTest" name="SoftwareManagement.sm_apt_install_remove_multiple">
		<failure message="BLOCKED: SystemError: Timeout while waiting for status FAILED or SUCCESSFUL" type="BLOCKED"/>
		<system-out>19:51:32 INFO  ==============================================================
19:51:32 INFO  Id:    SoftwareManagement.sm_apt_install_remove_multiple
19:51:32 INFO  Dir:   software_management_end_to_end/
19:51:32 INFO  Title: Validate end to end behaviour for the apt plugin for multiple packages
19:51:32 INFO  ==============================================================
19:51:32 INFO  Using sw id database: {'asciijump': '5475369', 'robotfindskitten': '5474869', 'squirrel3': '5475279', 'rolldice': '5152439', 'moon-buggy': '5439204', 'apple': '5495053', 'banana': '5494888', 'cherry': '5495382', 'watermelon': '5494510', 'registry': '8018911', 'hello-world': '8021526', 'docker/getting-started': '8021973', 'alpine': '7991792'}
19:51:32 INFO  EnvironmentC8y Setup
19:51:33 INFO  Executed systemctl&lt;serv_mapper1&gt;, exit status 3
19:51:33 INFO  Restarting mosquitto too frequently in the last 10 seconds. It was only up for 4 seconds
19:51:33 INFO  Delaying execution by 7 seconds
19:51:54 INFO  Executed sudo&lt;tedge_connect_c8y&gt;, exit status 0, duration 13 secs
19:51:54 INFO  Executed sudo&lt;tedge_connect_c8y_test&gt;, exit status 0
19:51:55 INFO  Executed systemctl&lt;serv_mosq2&gt;, exit status 0
19:51:55 INFO  Executed systemctl&lt;serv_mapper3&gt;, exit status 0
19:51:57 INFO  State of current operation: PENDING
19:52:00 INFO  State of current operation: PENDING
19:52:02 INFO  State of current operation: PENDING
19:52:04 INFO  State of current operation: PENDING
19:52:06 INFO  State of current operation: PENDING
19:52:08 INFO  State of current operation: PENDING
19:52:11 INFO  State of current operation: PENDING
19:52:13 INFO  State of current operation: PENDING
19:52:15 INFO  State of current operation: PENDING
19:52:17 INFO  State of current operation: PENDING
19:52:20 INFO  State of current operation: PENDING
19:52:22 INFO  State of current operation: PENDING
19:52:24 INFO  State of current operation: PENDING
19:52:26 INFO  State of current operation: PENDING
19:52:29 INFO  State of current operation: PENDING
19:52:31 INFO  State of current operation: PENDING
19:52:33 INFO  State of current operation: PENDING
19:52:35 INFO  State of current operation: PENDING
19:52:37 INFO  State of current operation: PENDING
19:52:40 INFO  State of current operation: PENDING
19:52:42 INFO  State of current operation: PENDING
19:52:45 INFO  State of current operation: PENDING
19:52:47 INFO  State of current operation: PENDING
19:52:49 INFO  State of current operation: PENDING
19:52:51 INFO  State of current operation: PENDING
19:52:53 INFO  State of current operation: PENDING
19:52:56 INFO  State of current operation: PENDING
19:52:58 INFO  State of current operation: PENDING
19:53:00 INFO  State of current operation: PENDING
19:53:02 INFO  State of current operation: PENDING
19:53:05 INFO  State of current operation: PENDING
19:53:07 INFO  State of current operation: PENDING
19:53:09 INFO  State of current operation: PENDING
19:53:11 INFO  State of current operation: PENDING
19:53:14 INFO  State of current operation: PENDING
19:53:16 INFO  State of current operation: PENDING
19:53:18 INFO  State of current operation: PENDING
19:53:20 INFO  State of current operation: PENDING
19:53:22 INFO  State of current operation: PENDING
19:53:25 INFO  State of current operation: PENDING
19:53:27 INFO  State of current operation: PENDING
19:53:29 INFO  State of current operation: PENDING
19:53:31 INFO  State of current operation: PENDING
19:53:34 INFO  State of current operation: PENDING
19:53:36 INFO  State of current operation: PENDING
19:53:38 INFO  State of current operation: PENDING
19:53:40 INFO  State of current operation: PENDING
19:53:43 INFO  State of current operation: PENDING
19:53:45 INFO  State of current operation: PENDING
19:53:47 INFO  State of current operation: PENDING
19:53:49 INFO  State of current operation: PENDING
19:53:51 INFO  State of current operation: PENDING
19:53:54 INFO  State of current operation: PENDING
19:53:56 INFO  State of current operation: PENDING
19:53:58 INFO  State of current operation: PENDING
19:54:00 INFO  State of current operation: PENDING
19:54:03 INFO  State of current operation: PENDING
19:54:05 INFO  State of current operation: PENDING
19:54:07 INFO  State of current operation: PENDING
19:54:09 INFO  State of current operation: PENDING
19:54:11 INFO  State of current operation: PENDING
19:54:13 WARN  SystemError occurred while running test - Timeout while waiting for status FAILED or SUCCESSFUL
Traceback (most recent call last):
  File &quot;/home/pi/env-pysys/lib/python3.7/site-packages/pysys/baserunner.py&quot;, line 1292, in __call__
    self.testObj.setup()
  File &quot;/home/pi/actions-runner/_work/thin-edge.io/thin-edge.io/tests/PySys/software_management_end_to_end/sm_apt_install_remove_multiple/run.py&quot;, line 52, in setup
    super().setup()
  File &quot;/home/pi/actions-runner/_work/thin-edge.io/thin-edge.io/tests/PySys/software_management_end_to_end/environment_sm_management.py&quot;, line 151, in setup
    self.wait_until_end()
  File &quot;/home/pi/actions-runner/_work/thin-edge.io/thin-edge.io/tests/PySys/software_management_end_to_end/environment_sm_management.py&quot;, line 332, in wait_until_end
    self.wait_until_status(&quot;FAILED&quot;, &quot;SUCCESSFUL&quot;)
  File &quot;/home/pi/actions-runner/_work/thin-edge.io/thin-edge.io/tests/PySys/software_management_end_to_end/environment_sm_management.py&quot;, line 381, in wait_until_status
    &quot;Timeout while waiting for status %s or %s&quot; % (status, status2)
SystemError: Timeout while waiting for status FAILED or SUCCESSFUL
19:54:14 WARN  SystemError: Timeout while waiting for status FAILED or SUCCESSFUL ... blocked 
19:54:14 INFO  
19:54:14 INFO  cleanup:
19:54:18 INFO  Executed sudo&lt;tedge_disconnect_c8y&gt;, exit status 0
19:54:18 INFO  Executed systemctl&lt;serv_mapper5&gt;, exit status 3
19:54:18 INFO  
19:54:18 INFO  Test duration: 166.29 secs
19:54:18 INFO  Test final outcome:  BLOCKED
19:54:18 INFO  Test outcome reason: SystemError: Timeout while waiting for status FAILED or SUCCESSFUL
19:54:18 INFO  
</system-out>
	</testcase>
</testsuite>
