<?xml version="1.0" encoding="utf-8"?>
<testsuite failures="0" name="docker_plugin_remove_with_version" skipped="0" tests="1" time="34.37" timestamp="2022-07-25T15:56:44">
	<testcase classname="DockerPluginRemoveWithVersionTest" name="docker_plugin_remove_with_version"/>
</testsuite>
