<?xml version="1.0" encoding="utf-8"?>
<testsuite failures="0" name="docker_plugin_remove" skipped="0" tests="1" time="34.27" timestamp="2022-06-02T09:30:25">
	<testcase classname="DockerPluginRemoveTest" name="docker_plugin_remove"/>
</testsuite>
