<?xml version="1.0" encoding="utf-8"?>
<testsuite failures="1" name="docker_plugin_install" skipped="0" tests="1" time="7.18" timestamp="2022-05-23T14:13:41">
	<testcase classname="DockerPluginInstallTest" name="docker_plugin_install">
		<failure message="BLOCKED: sudo&lt;plugin_install&gt; returned non-zero exit code 2 (+1 other failures)" type="BLOCKED"/>
		<system-out>14:13:34 INFO  ==============================================================
14:13:34 INFO  Id:    docker_plugin_install
14:13:34 INFO  Dir:   plugin_docker/
14:13:34 INFO  Title: Validate docker plugin install
14:13:34 INFO  ==============================================================
14:13:35 INFO  Executed sudo&lt;docker_images&gt;, exit status 0
14:13:35 INFO  Grep on file /home/pi/actions-runner/_work/thin-edge.io/thin-edge.io/tests/PySys/plugin_docker/docker_plugin_install/Output/linux/docker_images.out ... passed
14:13:38 WARN  Executed sudo&lt;plugin_install&gt;, exit status 2
14:13:38 WARN  sudo&lt;plugin_install&gt; returned non-zero exit code 2 ... blocked [environment_docker_plugin.py:136,environment_docker_plugin.py:144,run.py:23]
14:13:38 INFO  Executed sudo&lt;docker_ps_latest&gt;, exit status 0
14:13:39 INFO  Executed sudo&lt;docker_ps&gt;, exit status 0
14:13:40 WARN  Grep on /home/pi/actions-runner/_work/thin-edge.io/thin-edge.io/tests/PySys/plugin_docker/docker_plugin_install/Output/linux/docker_ps.out contains &quot;registry&quot; ... failed [environment_docker_plugin.py:49,run.py:26]
14:13:40 INFO  
14:13:40 INFO  cleanup:
14:13:40 INFO  Removing containers scheduled to be cleaned up: ['']
14:13:41 WARN  Executed sudo&lt;containers_for_cleanup&gt;, exit status 1
14:13:41 INFO  Removing images scheduled to be cleaned up: ['registry']
14:13:41 INFO  Executed sudo&lt;containers_for_cleanup&gt;, exit status 0
14:13:41 INFO  
14:13:41 INFO  Test duration: 7.18 secs
14:13:41 INFO  Test final outcome:  BLOCKED
14:13:41 INFO  Test outcome reason: sudo&lt;plugin_install&gt; returned non-zero exit code 2 (+1 other failures)
14:13:41 INFO  
</system-out>
	</testcase>
</testsuite>
