<?xml version="1.0" encoding="utf-8"?>
<testsuite failures="1" name="SoftwareManagement.sm_docker_install_remove_multiple" skipped="0" tests="1" time="165.81" timestamp="2022-05-25T11:52:28">
	<testcase classname="SMDockerInstallRemove" name="SoftwareManagement.sm_docker_install_remove_multiple">
		<failure message="BLOCKED: SystemError: Timeout while waiting for status FAILED or SUCCESSFUL" type="BLOCKED"/>
		<system-out>11:49:43 INFO  ==============================================================
11:49:43 INFO  Id:    SoftwareManagement.sm_docker_install_remove_multiple
11:49:43 INFO  Dir:   software_management_end_to_end/
11:49:43 INFO  Title: Validate end to end behaviour for the docker plugin for multiple docker images with mixed versions
11:49:43 INFO  ==============================================================
11:49:44 INFO  Using sw id database: {'asciijump': '5475369', 'robotfindskitten': '5474869', 'squirrel3': '5475279', 'rolldice': '5152439', 'moon-buggy': '5439204', 'apple': '5495053', 'banana': '5494888', 'cherry': '5495382', 'watermelon': '5494510', 'registry': '8018911', 'hello-world': '8021526', 'docker/getting-started': '8021973', 'alpine': '7991792'}
11:49:44 INFO  EnvironmentC8y Setup
11:49:46 INFO  Executed systemctl&lt;serv_mapper1&gt;, exit status 3
11:50:03 INFO  Executed sudo&lt;tedge_connect_c8y&gt;, exit status 0, duration 16 secs
11:50:03 INFO  Executed sudo&lt;tedge_connect_c8y_test&gt;, exit status 0
11:50:04 INFO  Executed systemctl&lt;serv_mosq2&gt;, exit status 0
11:50:04 INFO  Executed systemctl&lt;serv_mapper3&gt;, exit status 0
11:50:07 INFO  State of current operation: PENDING
11:50:09 INFO  State of current operation: PENDING
11:50:11 INFO  State of current operation: PENDING
11:50:14 INFO  State of current operation: PENDING
11:50:16 INFO  State of current operation: PENDING
11:50:18 INFO  State of current operation: PENDING
11:50:20 INFO  State of current operation: PENDING
11:50:22 INFO  State of current operation: PENDING
11:50:25 INFO  State of current operation: PENDING
11:50:27 INFO  State of current operation: PENDING
11:50:29 INFO  State of current operation: PENDING
11:50:31 INFO  State of current operation: PENDING
11:50:34 INFO  State of current operation: PENDING
11:50:36 INFO  State of current operation: PENDING
11:50:38 INFO  State of current operation: PENDING
11:50:40 INFO  State of current operation: PENDING
11:50:42 INFO  State of current operation: PENDING
11:50:45 INFO  State of current operation: PENDING
11:50:47 INFO  State of current operation: PENDING
11:50:49 INFO  State of current operation: PENDING
11:50:51 INFO  State of current operation: PENDING
11:50:54 INFO  State of current operation: PENDING
11:50:56 INFO  State of current operation: PENDING
11:50:58 INFO  State of current operation: PENDING
11:51:00 INFO  State of current operation: PENDING
11:51:03 INFO  State of current operation: PENDING
11:51:05 INFO  State of current operation: PENDING
11:51:07 INFO  State of current operation: PENDING
11:51:09 INFO  State of current operation: PENDING
11:51:11 INFO  State of current operation: PENDING
11:51:14 INFO  State of current operation: PENDING
11:51:16 INFO  State of current operation: PENDING
11:51:18 INFO  State of current operation: PENDING
11:51:20 INFO  State of current operation: PENDING
11:51:23 INFO  State of current operation: PENDING
11:51:25 INFO  State of current operation: PENDING
11:51:27 INFO  State of current operation: PENDING
11:51:29 INFO  State of current operation: PENDING
11:51:32 INFO  State of current operation: PENDING
11:51:34 INFO  State of current operation: PENDING
11:51:36 INFO  State of current operation: PENDING
11:51:38 INFO  State of current operation: PENDING
11:51:41 INFO  State of current operation: PENDING
11:51:43 INFO  State of current operation: PENDING
11:51:45 INFO  State of current operation: PENDING
11:51:47 INFO  State of current operation: PENDING
11:51:50 INFO  State of current operation: PENDING
11:51:52 INFO  State of current operation: PENDING
11:51:54 INFO  State of current operation: PENDING
11:51:56 INFO  State of current operation: PENDING
11:51:58 INFO  State of current operation: PENDING
11:52:01 INFO  State of current operation: PENDING
11:52:03 INFO  State of current operation: PENDING
11:52:05 INFO  State of current operation: PENDING
11:52:08 INFO  State of current operation: PENDING
11:52:10 INFO  State of current operation: PENDING
11:52:12 INFO  State of current operation: PENDING
11:52:14 INFO  State of current operation: PENDING
11:52:16 INFO  State of current operation: PENDING
11:52:19 INFO  State of current operation: PENDING
11:52:21 INFO  State of current operation: PENDING
11:52:23 WARN  SystemError occurred while running test - Timeout while waiting for status FAILED or SUCCESSFUL
Traceback (most recent call last):
  File &quot;/home/pi/env-pysys/lib/python3.7/site-packages/pysys/baserunner.py&quot;, line 1292, in __call__
    self.testObj.setup()
  File &quot;/home/pi/actions-runner/_work/thin-edge.io/thin-edge.io/tests/PySys/software_management_end_to_end/sm_docker_install_remove_multiple/run.py&quot;, line 29, in setup
    super().setup()
  File &quot;/home/pi/actions-runner/_work/thin-edge.io/thin-edge.io/tests/PySys/software_management_end_to_end/environment_sm_management.py&quot;, line 151, in setup
    self.wait_until_end()
  File &quot;/home/pi/actions-runner/_work/thin-edge.io/thin-edge.io/tests/PySys/software_management_end_to_end/environment_sm_management.py&quot;, line 332, in wait_until_end
    self.wait_until_status(&quot;FAILED&quot;, &quot;SUCCESSFUL&quot;)
  File &quot;/home/pi/actions-runner/_work/thin-edge.io/thin-edge.io/tests/PySys/software_management_end_to_end/environment_sm_management.py&quot;, line 381, in wait_until_status
    &quot;Timeout while waiting for status %s or %s&quot; % (status, status2)
SystemError: Timeout while waiting for status FAILED or SUCCESSFUL
11:52:24 WARN  SystemError: Timeout while waiting for status FAILED or SUCCESSFUL ... blocked 
11:52:24 INFO  
11:52:24 INFO  cleanup:
11:52:28 INFO  Executed sudo&lt;tedge_disconnect_c8y&gt;, exit status 0
11:52:28 INFO  Executed systemctl&lt;serv_mapper5&gt;, exit status 3
11:52:28 INFO  
11:52:28 INFO  Test duration: 165.81 secs
11:52:28 INFO  Test final outcome:  BLOCKED
11:52:28 INFO  Test outcome reason: SystemError: Timeout while waiting for status FAILED or SUCCESSFUL
11:52:28 INFO  
</system-out>
	</testcase>
</testsuite>
