<?xml version="1.0" encoding="utf-8"?>
<testsuite failures="1" name="SoftwareManagement.sm_docker_install_remove_multiple" skipped="0" tests="1" time="161.44" timestamp="2022-07-22T02:59:00">
	<testcase classname="SMDockerInstallRemove" name="SoftwareManagement.sm_docker_install_remove_multiple">
		<failure message="BLOCKED: SystemError: Timeout while waiting for status FAILED or SUCCESSFUL" type="BLOCKED"/>
		<system-out>02:56:19 INFO  ==============================================================
02:56:19 INFO  Id:    SoftwareManagement.sm_docker_install_remove_multiple
02:56:19 INFO  Dir:   software_management_end_to_end/
02:56:19 INFO  Title: Validate end to end behaviour for the docker plugin for multiple docker images with mixed versions
02:56:19 INFO  ==============================================================
02:56:20 INFO  Using sw id database: {'asciijump': '5475369', 'robotfindskitten': '5474869', 'squirrel3': '5475279', 'rolldice': '5152439', 'moon-buggy': '5439204', 'apple': '5495053', 'banana': '5494888', 'cherry': '5495382', 'watermelon': '5494510', 'registry': '8018911', 'hello-world': '8021526', 'docker/getting-started': '8021973', 'alpine': '7991792'}
02:56:20 INFO  EnvironmentC8y Setup
02:56:21 INFO  Executed systemctl&lt;serv_mapper1&gt;, exit status 3
02:56:35 INFO  Executed sudo&lt;tedge_connect_c8y&gt;, exit status 0, duration 14 secs
02:56:36 INFO  Executed sudo&lt;tedge_connect_c8y_test&gt;, exit status 0
02:56:37 INFO  Executed systemctl&lt;serv_mosq2&gt;, exit status 0
02:56:37 INFO  Executed systemctl&lt;serv_mapper3&gt;, exit status 0
02:56:40 INFO  State of current operation: EXECUTING
02:56:42 INFO  State of current operation: EXECUTING
02:56:44 INFO  State of current operation: EXECUTING
02:56:46 INFO  State of current operation: EXECUTING
02:56:48 INFO  State of current operation: EXECUTING
02:56:51 INFO  State of current operation: EXECUTING
02:56:53 INFO  State of current operation: EXECUTING
02:56:55 INFO  State of current operation: EXECUTING
02:56:57 INFO  State of current operation: EXECUTING
02:56:59 INFO  State of current operation: EXECUTING
02:57:02 INFO  State of current operation: EXECUTING
02:57:04 INFO  State of current operation: EXECUTING
02:57:06 INFO  State of current operation: EXECUTING
02:57:08 INFO  State of current operation: EXECUTING
02:57:11 INFO  State of current operation: EXECUTING
02:57:13 INFO  State of current operation: EXECUTING
02:57:15 INFO  State of current operation: EXECUTING
02:57:17 INFO  State of current operation: EXECUTING
02:57:19 INFO  State of current operation: EXECUTING
02:57:22 INFO  State of current operation: EXECUTING
02:57:24 INFO  State of current operation: EXECUTING
02:57:26 INFO  State of current operation: EXECUTING
02:57:28 INFO  State of current operation: EXECUTING
02:57:31 INFO  State of current operation: EXECUTING
02:57:33 INFO  State of current operation: EXECUTING
02:57:35 INFO  State of current operation: EXECUTING
02:57:37 INFO  State of current operation: EXECUTING
02:57:39 INFO  State of current operation: EXECUTING
02:57:42 INFO  State of current operation: EXECUTING
02:57:44 INFO  State of current operation: EXECUTING
02:57:46 INFO  State of current operation: EXECUTING
02:57:48 INFO  State of current operation: EXECUTING
02:57:50 INFO  State of current operation: EXECUTING
02:57:53 INFO  State of current operation: EXECUTING
02:57:55 INFO  State of current operation: EXECUTING
02:57:57 INFO  State of current operation: EXECUTING
02:57:59 INFO  State of current operation: EXECUTING
02:58:02 INFO  State of current operation: EXECUTING
02:58:04 INFO  State of current operation: EXECUTING
02:58:06 INFO  State of current operation: EXECUTING
02:58:08 INFO  State of current operation: EXECUTING
02:58:10 INFO  State of current operation: EXECUTING
02:58:13 INFO  State of current operation: EXECUTING
02:58:15 INFO  State of current operation: EXECUTING
02:58:17 INFO  State of current operation: EXECUTING
02:58:19 INFO  State of current operation: EXECUTING
02:58:21 INFO  State of current operation: EXECUTING
02:58:24 INFO  State of current operation: EXECUTING
02:58:26 INFO  State of current operation: EXECUTING
02:58:28 INFO  State of current operation: EXECUTING
02:58:30 INFO  State of current operation: EXECUTING
02:58:33 INFO  State of current operation: EXECUTING
02:58:35 INFO  State of current operation: EXECUTING
02:58:37 INFO  State of current operation: EXECUTING
02:58:39 INFO  State of current operation: EXECUTING
02:58:41 INFO  State of current operation: EXECUTING
02:58:44 INFO  State of current operation: EXECUTING
02:58:46 INFO  State of current operation: EXECUTING
02:58:48 INFO  State of current operation: EXECUTING
02:58:50 INFO  State of current operation: EXECUTING
02:58:53 INFO  State of current operation: EXECUTING
02:58:55 WARN  SystemError occurred while running test - Timeout while waiting for status FAILED or SUCCESSFUL
Traceback (most recent call last):
  File &quot;/home/pi/env-pysys/lib/python3.7/site-packages/pysys/baserunner.py&quot;, line 1292, in __call__
    self.testObj.setup()
  File &quot;/home/pi/actions-runner/_work/thin-edge.io/thin-edge.io/tests/PySys/software_management_end_to_end/sm_docker_install_remove_multiple/run.py&quot;, line 29, in setup
    super().setup()
  File &quot;/home/pi/actions-runner/_work/thin-edge.io/thin-edge.io/tests/PySys/software_management_end_to_end/environment_sm_management.py&quot;, line 151, in setup
    self.wait_until_end()
  File &quot;/home/pi/actions-runner/_work/thin-edge.io/thin-edge.io/tests/PySys/software_management_end_to_end/environment_sm_management.py&quot;, line 332, in wait_until_end
    self.wait_until_status(&quot;FAILED&quot;, &quot;SUCCESSFUL&quot;)
  File &quot;/home/pi/actions-runner/_work/thin-edge.io/thin-edge.io/tests/PySys/software_management_end_to_end/environment_sm_management.py&quot;, line 381, in wait_until_status
    &quot;Timeout while waiting for status %s or %s&quot; % (status, status2)
SystemError: Timeout while waiting for status FAILED or SUCCESSFUL
02:58:55 WARN  SystemError: Timeout while waiting for status FAILED or SUCCESSFUL ... blocked 
02:58:55 INFO  
02:58:55 INFO  cleanup:
02:58:59 INFO  Executed sudo&lt;tedge_disconnect_c8y&gt;, exit status 0
02:59:00 INFO  Executed systemctl&lt;serv_mapper5&gt;, exit status 3
02:59:00 INFO  
02:59:00 INFO  Test duration: 161.44 secs
02:59:00 INFO  Test final outcome:  BLOCKED
02:59:00 INFO  Test outcome reason: SystemError: Timeout while waiting for status FAILED or SUCCESSFUL
02:59:00 INFO  
</system-out>
	</testcase>
</testsuite>
