<?xml version="1.0" encoding="utf-8"?>
<testsuite failures="1" name="docker_plugin_install" skipped="0" tests="1" time="6.42" timestamp="2022-06-22T19:37:50">
	<testcase classname="DockerPluginInstallTest" name="docker_plugin_install">
		<failure message="BLOCKED: sudo&lt;plugin_install&gt; returned non-zero exit code 2 (+1 other failures)" type="BLOCKED"/>
		<system-out>19:37:43 INFO  ==============================================================
19:37:43 INFO  Id:    docker_plugin_install
19:37:43 INFO  Dir:   plugin_docker/
19:37:43 INFO  Title: Validate docker plugin install
19:37:43 INFO  ==============================================================
19:37:44 INFO  Executed sudo&lt;docker_images&gt;, exit status 0
19:37:44 INFO  Grep on file /home/pi/actions-runner/_work/thin-edge.io/thin-edge.io/tests/PySys/plugin_docker/docker_plugin_install/Output/linux/docker_images.out ... passed
19:37:46 WARN  Executed sudo&lt;plugin_install&gt;, exit status 2
19:37:46 WARN  sudo&lt;plugin_install&gt; returned non-zero exit code 2 ... blocked [environment_docker_plugin.py:136,environment_docker_plugin.py:144,run.py:23]
19:37:47 INFO  Executed sudo&lt;docker_ps_latest&gt;, exit status 0
19:37:48 INFO  Executed sudo&lt;docker_ps&gt;, exit status 0
19:37:48 WARN  Grep on /home/pi/actions-runner/_work/thin-edge.io/thin-edge.io/tests/PySys/plugin_docker/docker_plugin_install/Output/linux/docker_ps.out contains &quot;registry&quot; ... failed [environment_docker_plugin.py:49,run.py:26]
19:37:48 INFO  
19:37:48 INFO  cleanup:
19:37:48 INFO  Removing containers scheduled to be cleaned up: ['']
19:37:49 WARN  Executed sudo&lt;containers_for_cleanup&gt;, exit status 1
19:37:49 INFO  Removing images scheduled to be cleaned up: ['registry']
19:37:50 INFO  Executed sudo&lt;containers_for_cleanup&gt;, exit status 0
19:37:50 INFO  
19:37:50 INFO  Test duration: 6.42 secs
19:37:50 INFO  Test final outcome:  BLOCKED
19:37:50 INFO  Test outcome reason: sudo&lt;plugin_install&gt; returned non-zero exit code 2 (+1 other failures)
19:37:50 INFO  
</system-out>
	</testcase>
</testsuite>
