<?xml version="1.0" encoding="utf-8"?>
<testsuite failures="1" name="SoftwareManagement.sm_docker_install_remove_multiple" skipped="0" tests="1" time="163.95" timestamp="2022-06-02T09:34:50">
	<testcase classname="SMDockerInstallRemove" name="SoftwareManagement.sm_docker_install_remove_multiple">
		<failure message="BLOCKED: SystemError: Timeout while waiting for status FAILED or SUCCESSFUL" type="BLOCKED"/>
		<system-out>09:32:06 INFO  ==============================================================
09:32:06 INFO  Id:    SoftwareManagement.sm_docker_install_remove_multiple
09:32:06 INFO  Dir:   software_management_end_to_end/
09:32:06 INFO  Title: Validate end to end behaviour for the docker plugin for multiple docker images with mixed versions
09:32:06 INFO  ==============================================================
09:32:08 INFO  Using sw id database: {'asciijump': '5475369', 'robotfindskitten': '5474869', 'squirrel3': '5475279', 'rolldice': '5152439', 'moon-buggy': '5439204', 'apple': '5495053', 'banana': '5494888', 'cherry': '5495382', 'watermelon': '5494510', 'registry': '8018911', 'hello-world': '8021526', 'docker/getting-started': '8021973', 'alpine': '7991792'}
09:32:08 INFO  EnvironmentC8y Setup
09:32:09 INFO  Executed systemctl&lt;serv_mapper1&gt;, exit status 3
09:32:25 INFO  Executed sudo&lt;tedge_connect_c8y&gt;, exit status 0, duration 15 secs
09:32:25 INFO  Executed sudo&lt;tedge_connect_c8y_test&gt;, exit status 0
09:32:26 INFO  Executed systemctl&lt;serv_mosq2&gt;, exit status 0
09:32:26 INFO  Executed systemctl&lt;serv_mapper3&gt;, exit status 0
09:32:29 INFO  State of current operation: PENDING
09:32:31 INFO  State of current operation: PENDING
09:32:33 INFO  State of current operation: PENDING
09:32:36 INFO  State of current operation: PENDING
09:32:38 INFO  State of current operation: PENDING
09:32:40 INFO  State of current operation: PENDING
09:32:42 INFO  State of current operation: PENDING
09:32:44 INFO  State of current operation: PENDING
09:32:47 INFO  State of current operation: PENDING
09:32:49 INFO  State of current operation: PENDING
09:32:51 INFO  State of current operation: PENDING
09:32:53 INFO  State of current operation: PENDING
09:32:56 INFO  State of current operation: PENDING
09:32:58 INFO  State of current operation: PENDING
09:33:00 INFO  State of current operation: PENDING
09:33:02 INFO  State of current operation: PENDING
09:33:05 INFO  State of current operation: PENDING
09:33:07 INFO  State of current operation: PENDING
09:33:09 INFO  State of current operation: PENDING
09:33:11 INFO  State of current operation: PENDING
09:33:13 INFO  State of current operation: PENDING
09:33:16 INFO  State of current operation: PENDING
09:33:18 INFO  State of current operation: PENDING
09:33:20 INFO  State of current operation: PENDING
09:33:22 INFO  State of current operation: PENDING
09:33:25 INFO  State of current operation: PENDING
09:33:27 INFO  State of current operation: PENDING
09:33:29 INFO  State of current operation: PENDING
09:33:31 INFO  State of current operation: PENDING
09:33:34 INFO  State of current operation: PENDING
09:33:36 INFO  State of current operation: PENDING
09:33:38 INFO  State of current operation: PENDING
09:33:40 INFO  State of current operation: PENDING
09:33:43 INFO  State of current operation: PENDING
09:33:45 INFO  State of current operation: PENDING
09:33:47 INFO  State of current operation: PENDING
09:33:49 INFO  State of current operation: PENDING
09:33:52 INFO  State of current operation: PENDING
09:33:54 INFO  State of current operation: PENDING
09:33:56 INFO  State of current operation: PENDING
09:33:58 INFO  State of current operation: PENDING
09:34:01 INFO  State of current operation: PENDING
09:34:03 INFO  State of current operation: PENDING
09:34:05 INFO  State of current operation: PENDING
09:34:07 INFO  State of current operation: PENDING
09:34:10 INFO  State of current operation: PENDING
09:34:12 INFO  State of current operation: PENDING
09:34:14 INFO  State of current operation: PENDING
09:34:16 INFO  State of current operation: PENDING
09:34:18 INFO  State of current operation: PENDING
09:34:21 INFO  State of current operation: PENDING
09:34:23 INFO  State of current operation: PENDING
09:34:25 INFO  State of current operation: PENDING
09:34:27 INFO  State of current operation: PENDING
09:34:30 INFO  State of current operation: PENDING
09:34:32 INFO  State of current operation: PENDING
09:34:34 INFO  State of current operation: PENDING
09:34:36 INFO  State of current operation: PENDING
09:34:39 INFO  State of current operation: PENDING
09:34:41 INFO  State of current operation: PENDING
09:34:43 INFO  State of current operation: PENDING
09:34:45 WARN  SystemError occurred while running test - Timeout while waiting for status FAILED or SUCCESSFUL
Traceback (most recent call last):
  File &quot;/home/pi/env-pysys/lib/python3.7/site-packages/pysys/baserunner.py&quot;, line 1292, in __call__
    self.testObj.setup()
  File &quot;/home/pi/actions-runner/_work/thin-edge.io/thin-edge.io/tests/PySys/software_management_end_to_end/sm_docker_install_remove_multiple/run.py&quot;, line 29, in setup
    super().setup()
  File &quot;/home/pi/actions-runner/_work/thin-edge.io/thin-edge.io/tests/PySys/software_management_end_to_end/environment_sm_management.py&quot;, line 151, in setup
    self.wait_until_end()
  File &quot;/home/pi/actions-runner/_work/thin-edge.io/thin-edge.io/tests/PySys/software_management_end_to_end/environment_sm_management.py&quot;, line 332, in wait_until_end
    self.wait_until_status(&quot;FAILED&quot;, &quot;SUCCESSFUL&quot;)
  File &quot;/home/pi/actions-runner/_work/thin-edge.io/thin-edge.io/tests/PySys/software_management_end_to_end/environment_sm_management.py&quot;, line 381, in wait_until_status
    &quot;Timeout while waiting for status %s or %s&quot; % (status, status2)
SystemError: Timeout while waiting for status FAILED or SUCCESSFUL
09:34:46 WARN  SystemError: Timeout while waiting for status FAILED or SUCCESSFUL ... blocked 
09:34:46 INFO  
09:34:46 INFO  cleanup:
09:34:50 INFO  Executed sudo&lt;tedge_disconnect_c8y&gt;, exit status 0
09:34:50 INFO  Executed systemctl&lt;serv_mapper5&gt;, exit status 3
09:34:50 INFO  
09:34:50 INFO  Test duration: 163.95 secs
09:34:50 INFO  Test final outcome:  BLOCKED
09:34:50 INFO  Test outcome reason: SystemError: Timeout while waiting for status FAILED or SUCCESSFUL
09:34:50 INFO  
</system-out>
	</testcase>
</testsuite>
