<?xml version="1.0" encoding="utf-8"?>
<testsuite failures="1" name="SoftwareManagement.sm_docker_install_remove_multiple" skipped="0" tests="1" time="165.64" timestamp="2022-05-23T15:57:08">
	<testcase classname="SMDockerInstallRemove" name="SoftwareManagement.sm_docker_install_remove_multiple">
		<failure message="BLOCKED: SystemError: Timeout while waiting for status FAILED or SUCCESSFUL" type="BLOCKED"/>
		<system-out>15:54:22 INFO  ==============================================================
15:54:22 INFO  Id:    SoftwareManagement.sm_docker_install_remove_multiple
15:54:22 INFO  Dir:   software_management_end_to_end/
15:54:22 INFO  Title: Validate end to end behaviour for the docker plugin for multiple docker images with mixed versions
15:54:22 INFO  ==============================================================
15:54:28 INFO  Using sw id database: {'asciijump': '5475369', 'robotfindskitten': '5474869', 'squirrel3': '5475279', 'rolldice': '5152439', 'moon-buggy': '5439204', 'apple': '5495053', 'banana': '5494888', 'cherry': '5495382', 'watermelon': '5494510', 'registry': '8018911', 'hello-world': '8021526', 'docker/getting-started': '8021973', 'alpine': '7991792'}
15:54:28 INFO  EnvironmentC8y Setup
15:54:28 INFO  Executed systemctl&lt;serv_mapper1&gt;, exit status 3
15:54:43 INFO  Executed sudo&lt;tedge_connect_c8y&gt;, exit status 0, duration 14 secs
15:54:44 INFO  Executed sudo&lt;tedge_connect_c8y_test&gt;, exit status 0
15:54:44 INFO  Executed systemctl&lt;serv_mosq2&gt;, exit status 0
15:54:45 INFO  Executed systemctl&lt;serv_mapper3&gt;, exit status 0
15:54:47 INFO  State of current operation: PENDING
15:54:49 INFO  State of current operation: PENDING
15:54:52 INFO  State of current operation: PENDING
15:54:54 INFO  State of current operation: PENDING
15:54:56 INFO  State of current operation: PENDING
15:54:58 INFO  State of current operation: PENDING
15:55:01 INFO  State of current operation: PENDING
15:55:03 INFO  State of current operation: PENDING
15:55:05 INFO  State of current operation: PENDING
15:55:07 INFO  State of current operation: PENDING
15:55:10 INFO  State of current operation: PENDING
15:55:12 INFO  State of current operation: PENDING
15:55:14 INFO  State of current operation: PENDING
15:55:16 INFO  State of current operation: PENDING
15:55:18 INFO  State of current operation: PENDING
15:55:21 INFO  State of current operation: PENDING
15:55:23 INFO  State of current operation: PENDING
15:55:25 INFO  State of current operation: PENDING
15:55:27 INFO  State of current operation: PENDING
15:55:30 INFO  State of current operation: PENDING
15:55:32 INFO  State of current operation: PENDING
15:55:34 INFO  State of current operation: PENDING
15:55:36 INFO  State of current operation: PENDING
15:55:39 INFO  State of current operation: PENDING
15:55:41 INFO  State of current operation: PENDING
15:55:43 INFO  State of current operation: PENDING
15:55:45 INFO  State of current operation: PENDING
15:55:48 INFO  State of current operation: PENDING
15:55:50 INFO  State of current operation: PENDING
15:55:52 INFO  State of current operation: PENDING
15:55:54 INFO  State of current operation: PENDING
15:55:56 INFO  State of current operation: PENDING
15:55:59 INFO  State of current operation: PENDING
15:56:01 INFO  State of current operation: PENDING
15:56:03 INFO  State of current operation: PENDING
15:56:05 INFO  State of current operation: PENDING
15:56:08 INFO  State of current operation: PENDING
15:56:10 INFO  State of current operation: PENDING
15:56:12 INFO  State of current operation: PENDING
15:56:14 INFO  State of current operation: PENDING
15:56:17 INFO  State of current operation: PENDING
15:56:19 INFO  State of current operation: PENDING
15:56:21 INFO  State of current operation: PENDING
15:56:23 INFO  State of current operation: PENDING
15:56:26 INFO  State of current operation: PENDING
15:56:28 INFO  State of current operation: PENDING
15:56:30 INFO  State of current operation: PENDING
15:56:32 INFO  State of current operation: PENDING
15:56:34 INFO  State of current operation: PENDING
15:56:37 INFO  State of current operation: PENDING
15:56:39 INFO  State of current operation: PENDING
15:56:41 INFO  State of current operation: PENDING
15:56:43 INFO  State of current operation: PENDING
15:56:46 INFO  State of current operation: PENDING
15:56:48 INFO  State of current operation: PENDING
15:56:50 INFO  State of current operation: PENDING
15:56:52 INFO  State of current operation: PENDING
15:56:55 INFO  State of current operation: PENDING
15:56:57 INFO  State of current operation: PENDING
15:56:59 INFO  State of current operation: PENDING
15:57:01 INFO  State of current operation: PENDING
15:57:03 WARN  SystemError occurred while running test - Timeout while waiting for status FAILED or SUCCESSFUL
Traceback (most recent call last):
  File &quot;/home/pi/env-pysys/lib/python3.7/site-packages/pysys/baserunner.py&quot;, line 1292, in __call__
    self.testObj.setup()
  File &quot;/home/pi/actions-runner/_work/thin-edge.io/thin-edge.io/tests/PySys/software_management_end_to_end/sm_docker_install_remove_multiple/run.py&quot;, line 29, in setup
    super().setup()
  File &quot;/home/pi/actions-runner/_work/thin-edge.io/thin-edge.io/tests/PySys/software_management_end_to_end/environment_sm_management.py&quot;, line 151, in setup
    self.wait_until_end()
  File &quot;/home/pi/actions-runner/_work/thin-edge.io/thin-edge.io/tests/PySys/software_management_end_to_end/environment_sm_management.py&quot;, line 332, in wait_until_end
    self.wait_until_status(&quot;FAILED&quot;, &quot;SUCCESSFUL&quot;)
  File &quot;/home/pi/actions-runner/_work/thin-edge.io/thin-edge.io/tests/PySys/software_management_end_to_end/environment_sm_management.py&quot;, line 381, in wait_until_status
    &quot;Timeout while waiting for status %s or %s&quot; % (status, status2)
SystemError: Timeout while waiting for status FAILED or SUCCESSFUL
15:57:03 WARN  SystemError: Timeout while waiting for status FAILED or SUCCESSFUL ... blocked 
15:57:03 INFO  
15:57:03 INFO  cleanup:
15:57:07 INFO  Executed sudo&lt;tedge_disconnect_c8y&gt;, exit status 0
15:57:08 INFO  Executed systemctl&lt;serv_mapper5&gt;, exit status 3
15:57:08 INFO  
15:57:08 INFO  Test duration: 165.64 secs
15:57:08 INFO  Test final outcome:  BLOCKED
15:57:08 INFO  Test outcome reason: SystemError: Timeout while waiting for status FAILED or SUCCESSFUL
15:57:08 INFO  
</system-out>
	</testcase>
</testsuite>
