<?xml version="1.0" encoding="utf-8"?>
<testsuite failures="0" name="docker_plugin_update" skipped="0" tests="1" time="63.66" timestamp="2022-07-22T01:27:34">
	<testcase classname="DockerPluginUpdateTest" name="docker_plugin_update"/>
</testsuite>
