<?xml version="1.0" encoding="utf-8"?>
<testsuite failures="1" name="SoftwareManagement.sm_docker_install_remove_multiple" skipped="0" tests="1" time="160.55" timestamp="2022-05-25T13:42:44">
	<testcase classname="SMDockerInstallRemove" name="SoftwareManagement.sm_docker_install_remove_multiple">
		<failure message="BLOCKED: SystemError: Timeout while waiting for status FAILED or SUCCESSFUL" type="BLOCKED"/>
		<system-out>13:40:04 INFO  ==============================================================
13:40:04 INFO  Id:    SoftwareManagement.sm_docker_install_remove_multiple
13:40:04 INFO  Dir:   software_management_end_to_end/
13:40:04 INFO  Title: Validate end to end behaviour for the docker plugin for multiple docker images with mixed versions
13:40:04 INFO  ==============================================================
13:40:05 INFO  Using sw id database: {'asciijump': '5475369', 'robotfindskitten': '5474869', 'squirrel3': '5475279', 'rolldice': '5152439', 'moon-buggy': '5439204', 'apple': '5495053', 'banana': '5494888', 'cherry': '5495382', 'watermelon': '5494510', 'registry': '8018911', 'hello-world': '8021526', 'docker/getting-started': '8021973', 'alpine': '7991792'}
13:40:05 INFO  EnvironmentC8y Setup
13:40:06 INFO  Executed systemctl&lt;serv_mapper1&gt;, exit status 3
13:40:19 INFO  Executed sudo&lt;tedge_connect_c8y&gt;, exit status 0, duration 13 secs
13:40:20 INFO  Executed sudo&lt;tedge_connect_c8y_test&gt;, exit status 0
13:40:20 INFO  Executed systemctl&lt;serv_mosq2&gt;, exit status 0
13:40:21 INFO  Executed systemctl&lt;serv_mapper3&gt;, exit status 0
13:40:23 INFO  State of current operation: PENDING
13:40:25 INFO  State of current operation: PENDING
13:40:27 INFO  State of current operation: PENDING
13:40:29 INFO  State of current operation: PENDING
13:40:32 INFO  State of current operation: PENDING
13:40:34 INFO  State of current operation: PENDING
13:40:36 INFO  State of current operation: PENDING
13:40:38 INFO  State of current operation: PENDING
13:40:40 INFO  State of current operation: PENDING
13:40:43 INFO  State of current operation: PENDING
13:40:45 INFO  State of current operation: PENDING
13:40:47 INFO  State of current operation: PENDING
13:40:49 INFO  State of current operation: PENDING
13:40:52 INFO  State of current operation: PENDING
13:40:54 INFO  State of current operation: PENDING
13:40:56 INFO  State of current operation: PENDING
13:40:58 INFO  State of current operation: PENDING
13:41:01 INFO  State of current operation: PENDING
13:41:03 INFO  State of current operation: PENDING
13:41:05 INFO  State of current operation: PENDING
13:41:07 INFO  State of current operation: PENDING
13:41:10 INFO  State of current operation: PENDING
13:41:12 INFO  State of current operation: PENDING
13:41:14 INFO  State of current operation: PENDING
13:41:16 INFO  State of current operation: PENDING
13:41:18 INFO  State of current operation: PENDING
13:41:21 INFO  State of current operation: PENDING
13:41:23 INFO  State of current operation: PENDING
13:41:25 INFO  State of current operation: PENDING
13:41:27 INFO  State of current operation: PENDING
13:41:30 INFO  State of current operation: PENDING
13:41:32 INFO  State of current operation: PENDING
13:41:34 INFO  State of current operation: PENDING
13:41:36 INFO  State of current operation: PENDING
13:41:39 INFO  State of current operation: PENDING
13:41:41 INFO  State of current operation: PENDING
13:41:43 INFO  State of current operation: PENDING
13:41:45 INFO  State of current operation: PENDING
13:41:48 INFO  State of current operation: PENDING
13:41:50 INFO  State of current operation: PENDING
13:41:52 INFO  State of current operation: PENDING
13:41:54 INFO  State of current operation: PENDING
13:41:57 INFO  State of current operation: PENDING
13:41:59 INFO  State of current operation: PENDING
13:42:01 INFO  State of current operation: PENDING
13:42:04 INFO  State of current operation: PENDING
13:42:06 INFO  State of current operation: PENDING
13:42:08 INFO  State of current operation: PENDING
13:42:10 INFO  State of current operation: PENDING
13:42:13 INFO  State of current operation: PENDING
13:42:15 INFO  State of current operation: PENDING
13:42:17 INFO  State of current operation: PENDING
13:42:19 INFO  State of current operation: PENDING
13:42:21 INFO  State of current operation: PENDING
13:42:24 INFO  State of current operation: PENDING
13:42:26 INFO  State of current operation: PENDING
13:42:28 INFO  State of current operation: PENDING
13:42:30 INFO  State of current operation: PENDING
13:42:33 INFO  State of current operation: PENDING
13:42:35 INFO  State of current operation: PENDING
13:42:37 INFO  State of current operation: PENDING
13:42:39 WARN  SystemError occurred while running test - Timeout while waiting for status FAILED or SUCCESSFUL
Traceback (most recent call last):
  File &quot;/home/pi/env-pysys/lib/python3.7/site-packages/pysys/baserunner.py&quot;, line 1292, in __call__
    self.testObj.setup()
  File &quot;/home/pi/actions-runner/_work/thin-edge.io/thin-edge.io/tests/PySys/software_management_end_to_end/sm_docker_install_remove_multiple/run.py&quot;, line 29, in setup
    super().setup()
  File &quot;/home/pi/actions-runner/_work/thin-edge.io/thin-edge.io/tests/PySys/software_management_end_to_end/environment_sm_management.py&quot;, line 151, in setup
    self.wait_until_end()
  File &quot;/home/pi/actions-runner/_work/thin-edge.io/thin-edge.io/tests/PySys/software_management_end_to_end/environment_sm_management.py&quot;, line 332, in wait_until_end
    self.wait_until_status(&quot;FAILED&quot;, &quot;SUCCESSFUL&quot;)
  File &quot;/home/pi/actions-runner/_work/thin-edge.io/thin-edge.io/tests/PySys/software_management_end_to_end/environment_sm_management.py&quot;, line 381, in wait_until_status
    &quot;Timeout while waiting for status %s or %s&quot; % (status, status2)
SystemError: Timeout while waiting for status FAILED or SUCCESSFUL
13:42:40 WARN  SystemError: Timeout while waiting for status FAILED or SUCCESSFUL ... blocked 
13:42:40 INFO  
13:42:40 INFO  cleanup:
13:42:44 INFO  Executed sudo&lt;tedge_disconnect_c8y&gt;, exit status 0
13:42:44 INFO  Executed systemctl&lt;serv_mapper5&gt;, exit status 3
13:42:44 INFO  
13:42:44 INFO  Test duration: 160.55 secs
13:42:44 INFO  Test final outcome:  BLOCKED
13:42:44 INFO  Test outcome reason: SystemError: Timeout while waiting for status FAILED or SUCCESSFUL
13:42:44 INFO  
</system-out>
	</testcase>
</testsuite>
