<?xml version="1.0" encoding="utf-8"?>
<testsuite failures="1" name="docker_plugin_remove_with_version" skipped="0" tests="1" time="4.62" timestamp="2022-05-20T14:12:44">
	<testcase classname="DockerPluginRemoveWithVersionTest" name="docker_plugin_remove_with_version">
		<failure message="BLOCKED: sudo&lt;docker_run&gt; returned non-zero exit code 125" type="BLOCKED"/>
		<system-out>14:12:40 INFO  ==============================================================
14:12:40 INFO  Id:    docker_plugin_remove_with_version
14:12:40 INFO  Dir:   plugin_docker/
14:12:40 INFO  Title: Validate docker plugin remove with version
14:12:40 INFO  ==============================================================
14:12:41 INFO  Executed sudo&lt;docker_images&gt;, exit status 0
14:12:41 INFO  Grep on file /home/pi/actions-runner/_work/thin-edge.io/thin-edge.io/tests/PySys/plugin_docker/docker_plugin_remove_with_version/Output/linux/docker_images.out ... passed
14:12:43 WARN  Executed sudo&lt;docker_run&gt;, exit status 125
14:12:43 INFO  Contents of docker_run.err: 
  Unable to find image 'registry:2.7.1' locally
  docker: Error response from daemon: toomanyrequests: You have reached your pull rate limit. You may increase the limit by authenticating and upgrading: https://www.docker.com/increase-rate-limit.
  See 'docker run --help'.
  -----

14:12:43 WARN  sudo&lt;docker_run&gt; returned non-zero exit code 125 ... blocked 
14:12:43 WARN  Aborted test due to BLOCKED outcome
14:12:43 INFO  
14:12:43 INFO  cleanup:
14:12:43 INFO  Removing containers scheduled to be cleaned up: ['', '']
14:12:43 WARN  Executed sudo&lt;containers_for_cleanup&gt;, exit status 1
14:12:43 INFO  Removing images scheduled to be cleaned up: ['registry', 'registry:2.7.1']
14:12:44 INFO  Executed sudo&lt;containers_for_cleanup&gt;, exit status 0
14:12:44 INFO  
14:12:44 INFO  Test duration: 4.62 secs
14:12:44 INFO  Test final outcome:  BLOCKED
14:12:44 INFO  Test outcome reason: sudo&lt;docker_run&gt; returned non-zero exit code 125
14:12:44 INFO  
</system-out>
	</testcase>
</testsuite>
