<?xml version="1.0" encoding="utf-8"?>
<testsuite failures="0" name="docker_plugin_remove_with_version" skipped="0" tests="1" time="27.68" timestamp="2022-05-25T13:39:10">
	<testcase classname="DockerPluginRemoveWithVersionTest" name="docker_plugin_remove_with_version"/>
</testsuite>
