<?xml version="1.0" encoding="utf-8"?>
<testsuite failures="1" name="docker_plugin_update" skipped="0" tests="1" time="4.63" timestamp="2022-05-20T14:12:49">
	<testcase classname="DockerPluginUpdateTest" name="docker_plugin_update">
		<failure message="BLOCKED: sudo&lt;docker_run&gt; returned non-zero exit code 125" type="BLOCKED"/>
		<system-out>14:12:44 INFO  ==============================================================
14:12:44 INFO  Id:    docker_plugin_update
14:12:44 INFO  Dir:   plugin_docker/
14:12:44 INFO  Title: Validate docker plugin install updates existing containers
14:12:44 INFO  ==============================================================
14:12:45 INFO  Executed sudo&lt;docker_images&gt;, exit status 0
14:12:45 INFO  Grep on file /home/pi/actions-runner/_work/thin-edge.io/thin-edge.io/tests/PySys/plugin_docker/docker_plugin_update/Output/linux/docker_images.out ... passed
14:12:47 WARN  Executed sudo&lt;docker_run&gt;, exit status 125
14:12:47 INFO  Contents of docker_run.err: 
  Unable to find image 'registry:2.6.2' locally
  docker: Error response from daemon: toomanyrequests: You have reached your pull rate limit. You may increase the limit by authenticating and upgrading: https://www.docker.com/increase-rate-limit.
  See 'docker run --help'.
  -----

14:12:47 WARN  sudo&lt;docker_run&gt; returned non-zero exit code 125 ... blocked 
14:12:47 WARN  Aborted test due to BLOCKED outcome
14:12:47 INFO  
14:12:47 INFO  cleanup:
14:12:47 INFO  Removing containers scheduled to be cleaned up: ['', '']
14:12:48 WARN  Executed sudo&lt;containers_for_cleanup&gt;, exit status 1
14:12:48 INFO  Removing images scheduled to be cleaned up: ['registry', 'registry:2.7.1']
14:12:49 INFO  Executed sudo&lt;containers_for_cleanup&gt;, exit status 0
14:12:49 INFO  
14:12:49 INFO  Test duration: 4.63 secs
14:12:49 INFO  Test final outcome:  BLOCKED
14:12:49 INFO  Test outcome reason: sudo&lt;docker_run&gt; returned non-zero exit code 125
14:12:49 INFO  
</system-out>
	</testcase>
</testsuite>
