<?xml version="1.0" encoding="utf-8"?>
<testsuite failures="1" name="SoftwareManagement.sm_docker_install_remove_multiple" skipped="0" tests="1" time="164.99" timestamp="2022-05-23T17:47:38">
	<testcase classname="SMDockerInstallRemove" name="SoftwareManagement.sm_docker_install_remove_multiple">
		<failure message="BLOCKED: SystemError: Timeout while waiting for status FAILED or SUCCESSFUL" type="BLOCKED"/>
		<system-out>17:44:53 INFO  ==============================================================
17:44:53 INFO  Id:    SoftwareManagement.sm_docker_install_remove_multiple
17:44:53 INFO  Dir:   software_management_end_to_end/
17:44:53 INFO  Title: Validate end to end behaviour for the docker plugin for multiple docker images with mixed versions
17:44:53 INFO  ==============================================================
17:44:55 INFO  Using sw id database: {'asciijump': '5475369', 'robotfindskitten': '5474869', 'squirrel3': '5475279', 'rolldice': '5152439', 'moon-buggy': '5439204', 'apple': '5495053', 'banana': '5494888', 'cherry': '5495382', 'watermelon': '5494510', 'registry': '8018911', 'hello-world': '8021526', 'docker/getting-started': '8021973', 'alpine': '7991792'}
17:44:55 INFO  EnvironmentC8y Setup
17:44:56 INFO  Executed systemctl&lt;serv_mapper1&gt;, exit status 3
17:45:12 INFO  Executed sudo&lt;tedge_connect_c8y&gt;, exit status 0, duration 16 secs
17:45:13 INFO  Executed sudo&lt;tedge_connect_c8y_test&gt;, exit status 0
17:45:13 INFO  Executed systemctl&lt;serv_mosq2&gt;, exit status 0
17:45:14 INFO  Executed systemctl&lt;serv_mapper3&gt;, exit status 0
17:45:16 INFO  State of current operation: PENDING
17:45:18 INFO  State of current operation: PENDING
17:45:21 INFO  State of current operation: PENDING
17:45:23 INFO  State of current operation: PENDING
17:45:25 INFO  State of current operation: PENDING
17:45:27 INFO  State of current operation: PENDING
17:45:30 INFO  State of current operation: PENDING
17:45:32 INFO  State of current operation: PENDING
17:45:34 INFO  State of current operation: PENDING
17:45:36 INFO  State of current operation: PENDING
17:45:39 INFO  State of current operation: PENDING
17:45:41 INFO  State of current operation: PENDING
17:45:43 INFO  State of current operation: PENDING
17:45:45 INFO  State of current operation: PENDING
17:45:47 INFO  State of current operation: PENDING
17:45:50 INFO  State of current operation: PENDING
17:45:52 INFO  State of current operation: PENDING
17:45:54 INFO  State of current operation: PENDING
17:45:56 INFO  State of current operation: PENDING
17:45:59 INFO  State of current operation: PENDING
17:46:01 INFO  State of current operation: PENDING
17:46:03 INFO  State of current operation: PENDING
17:46:05 INFO  State of current operation: PENDING
17:46:08 INFO  State of current operation: PENDING
17:46:10 INFO  State of current operation: PENDING
17:46:12 INFO  State of current operation: PENDING
17:46:14 INFO  State of current operation: PENDING
17:46:16 INFO  State of current operation: PENDING
17:46:19 INFO  State of current operation: PENDING
17:46:21 INFO  State of current operation: PENDING
17:46:23 INFO  State of current operation: PENDING
17:46:25 INFO  State of current operation: PENDING
17:46:28 INFO  State of current operation: PENDING
17:46:30 INFO  State of current operation: PENDING
17:46:32 INFO  State of current operation: PENDING
17:46:35 INFO  State of current operation: PENDING
17:46:37 INFO  State of current operation: PENDING
17:46:39 INFO  State of current operation: PENDING
17:46:41 INFO  State of current operation: PENDING
17:46:43 INFO  State of current operation: PENDING
17:46:46 INFO  State of current operation: PENDING
17:46:48 INFO  State of current operation: PENDING
17:46:50 INFO  State of current operation: PENDING
17:46:52 INFO  State of current operation: PENDING
17:46:55 INFO  State of current operation: PENDING
17:46:57 INFO  State of current operation: PENDING
17:46:59 INFO  State of current operation: PENDING
17:47:01 INFO  State of current operation: PENDING
17:47:04 INFO  State of current operation: PENDING
17:47:06 INFO  State of current operation: PENDING
17:47:08 INFO  State of current operation: PENDING
17:47:10 INFO  State of current operation: PENDING
17:47:13 INFO  State of current operation: PENDING
17:47:15 INFO  State of current operation: PENDING
17:47:17 INFO  State of current operation: PENDING
17:47:19 INFO  State of current operation: PENDING
17:47:22 INFO  State of current operation: PENDING
17:47:24 INFO  State of current operation: PENDING
17:47:26 INFO  State of current operation: PENDING
17:47:28 INFO  State of current operation: PENDING
17:47:31 INFO  State of current operation: PENDING
17:47:33 WARN  SystemError occurred while running test - Timeout while waiting for status FAILED or SUCCESSFUL
Traceback (most recent call last):
  File &quot;/home/pi/env-pysys/lib/python3.7/site-packages/pysys/baserunner.py&quot;, line 1292, in __call__
    self.testObj.setup()
  File &quot;/home/pi/actions-runner/_work/thin-edge.io/thin-edge.io/tests/PySys/software_management_end_to_end/sm_docker_install_remove_multiple/run.py&quot;, line 29, in setup
    super().setup()
  File &quot;/home/pi/actions-runner/_work/thin-edge.io/thin-edge.io/tests/PySys/software_management_end_to_end/environment_sm_management.py&quot;, line 151, in setup
    self.wait_until_end()
  File &quot;/home/pi/actions-runner/_work/thin-edge.io/thin-edge.io/tests/PySys/software_management_end_to_end/environment_sm_management.py&quot;, line 332, in wait_until_end
    self.wait_until_status(&quot;FAILED&quot;, &quot;SUCCESSFUL&quot;)
  File &quot;/home/pi/actions-runner/_work/thin-edge.io/thin-edge.io/tests/PySys/software_management_end_to_end/environment_sm_management.py&quot;, line 381, in wait_until_status
    &quot;Timeout while waiting for status %s or %s&quot; % (status, status2)
SystemError: Timeout while waiting for status FAILED or SUCCESSFUL
17:47:33 WARN  SystemError: Timeout while waiting for status FAILED or SUCCESSFUL ... blocked 
17:47:33 INFO  
17:47:33 INFO  cleanup:
17:47:37 INFO  Executed sudo&lt;tedge_disconnect_c8y&gt;, exit status 0
17:47:38 INFO  Executed systemctl&lt;serv_mapper5&gt;, exit status 3
17:47:38 INFO  
17:47:38 INFO  Test duration: 164.99 secs
17:47:38 INFO  Test final outcome:  BLOCKED
17:47:38 INFO  Test outcome reason: SystemError: Timeout while waiting for status FAILED or SUCCESSFUL
17:47:38 INFO  
</system-out>
	</testcase>
</testsuite>
