<?xml version="1.0" encoding="utf-8"?>
<testsuite failures="0" name="docker_plugin_remove_with_version" skipped="0" tests="1" time="35.25" timestamp="2022-07-21T14:14:52">
	<testcase classname="DockerPluginRemoveWithVersionTest" name="docker_plugin_remove_with_version"/>
</testsuite>
