<?xml version="1.0" encoding="utf-8"?>
<testsuite failures="0" name="docker_plugin_install" skipped="0" tests="1" time="32.78" timestamp="2022-06-02T09:29:18">
	<testcase classname="DockerPluginInstallTest" name="docker_plugin_install"/>
</testsuite>
