<?xml version="1.0" encoding="utf-8"?>
<testsuite failures="0" name="docker_plugin_update" skipped="0" tests="1" time="63.48" timestamp="2022-06-09T07:53:25">
	<testcase classname="DockerPluginUpdateTest" name="docker_plugin_update"/>
</testsuite>
