<?xml version="1.0" encoding="utf-8"?>
<testsuite failures="1" name="docker_plugin_update" skipped="0" tests="1" time="4.62" timestamp="2022-05-20T12:07:42">
	<testcase classname="DockerPluginUpdateTest" name="docker_plugin_update">
		<failure message="BLOCKED: sudo&lt;docker_run&gt; returned non-zero exit code 125" type="BLOCKED"/>
		<system-out>12:07:37 INFO  ==============================================================
12:07:37 INFO  Id:    docker_plugin_update
12:07:37 INFO  Dir:   plugin_docker/
12:07:37 INFO  Title: Validate docker plugin install updates existing containers
12:07:37 INFO  ==============================================================
12:07:38 INFO  Executed sudo&lt;docker_images&gt;, exit status 0
12:07:38 INFO  Grep on file /home/pi/actions-runner/_work/thin-edge.io/thin-edge.io/tests/PySys/plugin_docker/docker_plugin_update/Output/linux/docker_images.out ... passed
12:07:40 WARN  Executed sudo&lt;docker_run&gt;, exit status 125
12:07:40 INFO  Contents of docker_run.err: 
  Unable to find image 'registry:2.6.2' locally
  docker: Error response from daemon: toomanyrequests: You have reached your pull rate limit. You may increase the limit by authenticating and upgrading: https://www.docker.com/increase-rate-limit.
  See 'docker run --help'.
  -----

12:07:40 WARN  sudo&lt;docker_run&gt; returned non-zero exit code 125 ... blocked 
12:07:40 WARN  Aborted test due to BLOCKED outcome
12:07:40 INFO  
12:07:40 INFO  cleanup:
12:07:40 INFO  Removing containers scheduled to be cleaned up: ['8ef2e963d571', 'e47c0fedc1ee']
12:07:41 WARN  Executed sudo&lt;containers_for_cleanup&gt;, exit status 1
12:07:41 INFO  Removing images scheduled to be cleaned up: ['registry', 'registry', 'registry:2.7.1']
12:07:42 INFO  Executed sudo&lt;containers_for_cleanup&gt;, exit status 0
12:07:42 INFO  
12:07:42 INFO  Test duration: 4.62 secs
12:07:42 INFO  Test final outcome:  BLOCKED
12:07:42 INFO  Test outcome reason: sudo&lt;docker_run&gt; returned non-zero exit code 125
12:07:42 INFO  
</system-out>
	</testcase>
</testsuite>
