<?xml version="1.0" encoding="utf-8"?>
<testsuite failures="0" name="docker_plugin_install" skipped="0" tests="1" time="31.61" timestamp="2022-07-22T16:40:28">
	<testcase classname="DockerPluginInstallTest" name="docker_plugin_install"/>
</testsuite>
