<?xml version="1.0" encoding="utf-8"?>
<testsuite failures="0" name="docker_plugin_remove" skipped="0" tests="1" time="33.11" timestamp="2022-07-22T18:20:14">
	<testcase classname="DockerPluginRemoveTest" name="docker_plugin_remove"/>
</testsuite>
