<?xml version="1.0" encoding="utf-8"?>
<testsuite failures="0" name="docker_plugin_remove_with_version" skipped="0" tests="1" time="34.46" timestamp="2022-06-09T07:52:21">
	<testcase classname="DockerPluginRemoveWithVersionTest" name="docker_plugin_remove_with_version"/>
</testsuite>
