<?xml version="1.0" encoding="utf-8"?>
<testsuite failures="1" name="docker_plugin_update" skipped="0" tests="1" time="5.04" timestamp="2022-05-23T15:54:22">
	<testcase classname="DockerPluginUpdateTest" name="docker_plugin_update">
		<failure message="BLOCKED: sudo&lt;docker_run&gt; returned non-zero exit code 125" type="BLOCKED"/>
		<system-out>15:54:17 INFO  ==============================================================
15:54:17 INFO  Id:    docker_plugin_update
15:54:17 INFO  Dir:   plugin_docker/
15:54:17 INFO  Title: Validate docker plugin install updates existing containers
15:54:17 INFO  ==============================================================
15:54:18 INFO  Executed sudo&lt;docker_images&gt;, exit status 0
15:54:18 INFO  Grep on file /home/pi/actions-runner/_work/thin-edge.io/thin-edge.io/tests/PySys/plugin_docker/docker_plugin_update/Output/linux/docker_images.out ... passed
15:54:20 WARN  Executed sudo&lt;docker_run&gt;, exit status 125
15:54:20 INFO  Contents of docker_run.err: 
  Unable to find image 'registry:2.6.2' locally
  docker: Error response from daemon: toomanyrequests: You have reached your pull rate limit. You may increase the limit by authenticating and upgrading: https://www.docker.com/increase-rate-limit.
  See 'docker run --help'.
  -----

15:54:21 WARN  sudo&lt;docker_run&gt; returned non-zero exit code 125 ... blocked 
15:54:21 WARN  Aborted test due to BLOCKED outcome
15:54:21 INFO  
15:54:21 INFO  cleanup:
15:54:21 INFO  Removing containers scheduled to be cleaned up: ['56387836922e', '09bdfc2a4c5a', 'ce209ef7b8637caa8378863ac873ff78807f924a04843f880a00d9e795f2e903\n', 'b38cedc810d83e9155f06fc0445a856b53682b2908558fa2f8422a7323e99077\n']
15:54:22 WARN  Executed sudo&lt;containers_for_cleanup&gt;, exit status 1
15:54:22 INFO  Removing images scheduled to be cleaned up: ['registry', 'registry', 'registry:2.7.1', 'registry', 'registry:2.7.1']
15:54:22 INFO  Executed sudo&lt;containers_for_cleanup&gt;, exit status 0
15:54:22 INFO  
15:54:22 INFO  Test duration: 5.04 secs
15:54:22 INFO  Test final outcome:  BLOCKED
15:54:22 INFO  Test outcome reason: sudo&lt;docker_run&gt; returned non-zero exit code 125
15:54:22 INFO  
</system-out>
	</testcase>
</testsuite>
