<?xml version="1.0" encoding="utf-8"?>
<testsuite failures="0" name="docker_plugin_remove" skipped="0" tests="1" time="33.09" timestamp="2022-06-22T16:43:03">
	<testcase classname="DockerPluginRemoveTest" name="docker_plugin_remove"/>
</testsuite>
