<?xml version="1.0" encoding="utf-8"?>
<testsuite failures="1" name="SoftwareManagement.sm_apt_install_remove_default" skipped="0" tests="1" time="165.93" timestamp="2022-05-23T16:10:44">
	<testcase classname="PySysTest" name="SoftwareManagement.sm_apt_install_remove_default">
		<failure message="BLOCKED: SystemError: Timeout while waiting for status FAILED or SUCCESSFUL" type="BLOCKED"/>
		<system-out>16:07:58 INFO  ==============================================================
16:07:58 INFO  Id:    SoftwareManagement.sm_apt_install_remove_default
16:07:58 INFO  Dir:   software_management_end_to_end/
16:07:58 INFO  Title: Validate end to end behaviour for the default plugin for installation and removal of packages
16:07:58 INFO  ==============================================================
16:07:58 INFO  Using sw id database: {'asciijump': '5475369', 'robotfindskitten': '5474869', 'squirrel3': '5475279', 'rolldice': '5152439', 'moon-buggy': '5439204', 'apple': '5495053', 'banana': '5494888', 'cherry': '5495382', 'watermelon': '5494510', 'registry': '8018911', 'hello-world': '8021526', 'docker/getting-started': '8021973', 'alpine': '7991792'}
16:07:58 INFO  EnvironmentC8y Setup
16:07:59 INFO  Executed systemctl&lt;serv_mapper1&gt;, exit status 3
16:07:59 INFO  Restarting mosquitto too frequently in the last 10 seconds. It was only up for 5 seconds
16:07:59 INFO  Delaying execution by 6 seconds
16:08:19 INFO  Executed sudo&lt;tedge_connect_c8y&gt;, exit status 0, duration 13 secs
16:08:19 INFO  Executed sudo&lt;tedge_connect_c8y_test&gt;, exit status 0
16:08:20 INFO  Executed systemctl&lt;serv_mosq2&gt;, exit status 0
16:08:20 INFO  Executed systemctl&lt;serv_mapper3&gt;, exit status 0
16:08:22 INFO  State of current operation: PENDING
16:08:25 INFO  State of current operation: PENDING
16:08:27 INFO  State of current operation: PENDING
16:08:29 INFO  State of current operation: PENDING
16:08:31 INFO  State of current operation: PENDING
16:08:34 INFO  State of current operation: PENDING
16:08:36 INFO  State of current operation: PENDING
16:08:38 INFO  State of current operation: PENDING
16:08:40 INFO  State of current operation: PENDING
16:08:43 INFO  State of current operation: PENDING
16:08:45 INFO  State of current operation: PENDING
16:08:47 INFO  State of current operation: PENDING
16:08:49 INFO  State of current operation: PENDING
16:08:52 INFO  State of current operation: PENDING
16:08:54 INFO  State of current operation: PENDING
16:08:56 INFO  State of current operation: PENDING
16:08:58 INFO  State of current operation: PENDING
16:09:00 INFO  State of current operation: PENDING
16:09:03 INFO  State of current operation: PENDING
16:09:05 INFO  State of current operation: PENDING
16:09:07 INFO  State of current operation: PENDING
16:09:09 INFO  State of current operation: PENDING
16:09:12 INFO  State of current operation: PENDING
16:09:14 INFO  State of current operation: PENDING
16:09:16 INFO  State of current operation: PENDING
16:09:18 INFO  State of current operation: PENDING
16:09:21 INFO  State of current operation: PENDING
16:09:23 INFO  State of current operation: PENDING
16:09:25 INFO  State of current operation: PENDING
16:09:27 INFO  State of current operation: PENDING
16:09:30 INFO  State of current operation: PENDING
16:09:32 INFO  State of current operation: PENDING
16:09:34 INFO  State of current operation: PENDING
16:09:36 INFO  State of current operation: PENDING
16:09:39 INFO  State of current operation: PENDING
16:09:41 INFO  State of current operation: PENDING
16:09:43 INFO  State of current operation: PENDING
16:09:45 INFO  State of current operation: PENDING
16:09:47 INFO  State of current operation: PENDING
16:09:50 INFO  State of current operation: PENDING
16:09:52 INFO  State of current operation: PENDING
16:09:54 INFO  State of current operation: PENDING
16:09:56 INFO  State of current operation: PENDING
16:09:59 INFO  State of current operation: PENDING
16:10:01 INFO  State of current operation: PENDING
16:10:03 INFO  State of current operation: PENDING
16:10:06 INFO  State of current operation: PENDING
16:10:08 INFO  State of current operation: PENDING
16:10:10 INFO  State of current operation: PENDING
16:10:13 INFO  State of current operation: PENDING
16:10:15 INFO  State of current operation: PENDING
16:10:17 INFO  State of current operation: PENDING
16:10:19 INFO  State of current operation: PENDING
16:10:22 INFO  State of current operation: PENDING
16:10:24 INFO  State of current operation: PENDING
16:10:26 INFO  State of current operation: PENDING
16:10:28 INFO  State of current operation: PENDING
16:10:30 INFO  State of current operation: PENDING
16:10:33 INFO  State of current operation: PENDING
16:10:35 INFO  State of current operation: PENDING
16:10:37 INFO  State of current operation: PENDING
16:10:39 WARN  SystemError occurred while running test - Timeout while waiting for status FAILED or SUCCESSFUL
Traceback (most recent call last):
  File &quot;/home/pi/env-pysys/lib/python3.7/site-packages/pysys/baserunner.py&quot;, line 1292, in __call__
    self.testObj.setup()
  File &quot;/home/pi/actions-runner/_work/thin-edge.io/thin-edge.io/tests/PySys/software_management_end_to_end/sm_apt_install_remove_default/run.py&quot;, line 26, in setup
    super().setup()
  File &quot;/home/pi/actions-runner/_work/thin-edge.io/thin-edge.io/tests/PySys/software_management_end_to_end/environment_sm_management.py&quot;, line 151, in setup
    self.wait_until_end()
  File &quot;/home/pi/actions-runner/_work/thin-edge.io/thin-edge.io/tests/PySys/software_management_end_to_end/environment_sm_management.py&quot;, line 332, in wait_until_end
    self.wait_until_status(&quot;FAILED&quot;, &quot;SUCCESSFUL&quot;)
  File &quot;/home/pi/actions-runner/_work/thin-edge.io/thin-edge.io/tests/PySys/software_management_end_to_end/environment_sm_management.py&quot;, line 381, in wait_until_status
    &quot;Timeout while waiting for status %s or %s&quot; % (status, status2)
SystemError: Timeout while waiting for status FAILED or SUCCESSFUL
16:10:39 WARN  SystemError: Timeout while waiting for status FAILED or SUCCESSFUL ... blocked 
16:10:39 INFO  
16:10:39 INFO  cleanup:
16:10:43 INFO  Executed sudo&lt;tedge_disconnect_c8y&gt;, exit status 0
16:10:44 INFO  Executed systemctl&lt;serv_mapper5&gt;, exit status 3
16:10:44 INFO  
16:10:44 INFO  Test duration: 165.93 secs
16:10:44 INFO  Test final outcome:  BLOCKED
16:10:44 INFO  Test outcome reason: SystemError: Timeout while waiting for status FAILED or SUCCESSFUL
16:10:44 INFO  
</system-out>
	</testcase>
</testsuite>
