<?xml version="1.0" encoding="utf-8"?>
<testsuite failures="1" name="SoftwareManagement.sm_apt_install_remove_default" skipped="0" tests="1" time="158.64" timestamp="2022-07-21T11:06:11">
	<testcase classname="PySysTest" name="SoftwareManagement.sm_apt_install_remove_default">
		<failure message="FAILED: Assert that (False == value) with value=True (+1 other failures)" type="FAILED"/>
		<system-out>11:03:32 INFO  ==============================================================
11:03:32 INFO  Id:    SoftwareManagement.sm_apt_install_remove_default
11:03:32 INFO  Dir:   software_management_end_to_end/
11:03:32 INFO  Title: Validate end to end behaviour for the default plugin for installation and removal of packages
11:03:32 INFO  ==============================================================
11:03:32 INFO  Using sw id database: {'asciijump': '5475369', 'robotfindskitten': '5474869', 'squirrel3': '5475279', 'rolldice': '5152439', 'moon-buggy': '5439204', 'apple': '5495053', 'banana': '5494888', 'cherry': '5495382', 'watermelon': '5494510', 'registry': '8018911', 'hello-world': '8021526', 'docker/getting-started': '8021973', 'alpine': '7991792'}
11:03:32 INFO  EnvironmentC8y Setup
11:03:33 INFO  Executed systemctl&lt;serv_mapper1&gt;, exit status 3
11:03:33 INFO  Restarting mosquitto too frequently in the last 10 seconds. It was only up for 5 seconds
11:03:33 INFO  Delaying execution by 6 seconds
11:03:53 INFO  Executed sudo&lt;tedge_connect_c8y&gt;, exit status 0, duration 13 secs
11:03:53 INFO  Executed sudo&lt;tedge_connect_c8y_test&gt;, exit status 0
11:03:54 INFO  Executed systemctl&lt;serv_mosq2&gt;, exit status 0
11:03:54 INFO  Executed systemctl&lt;serv_mapper3&gt;, exit status 0
11:03:57 INFO  State of current operation: SUCCESSFUL
11:03:57 INFO  Package rolldice is installed
11:03:57 WARN  Assert that (False == value) with value=True ... failed 
11:03:57 INFO  Response status: 201
11:03:57 INFO  Response to action: {
    &quot;creationTime&quot;: &quot;2022-07-21T11:03:57.548Z&quot;,
    &quot;deviceId&quot;: &quot;21110410&quot;,
    &quot;deviceName&quot;: &quot;m32sd10c&quot;,
    &quot;self&quot;: &quot;https://t493319102.eu-latest.cumulocity.com/devicecontrol/operations/21118356&quot;,
    &quot;id&quot;: &quot;21118356&quot;,
    &quot;status&quot;: &quot;PENDING&quot;,
    &quot;description&quot;: &quot;Apply software changes, triggered from PySys: [{'name': 'rolldice', 'id': '5152439', 'version': ' ', 'url': '', 'action': 'install'}]&quot;,
    &quot;c8y_SoftwareUpdate&quot;: [
        {
            &quot;name&quot;: &quot;rolldice&quot;,
            &quot;action&quot;: &quot;install&quot;,
            &quot;id&quot;: &quot;5152439&quot;,
            &quot;version&quot;: &quot; &quot;,
            &quot;url&quot;: &quot;&quot;
        }
    ]
}
11:03:57 INFO  Started operation: {'creationTime': '2022-07-21T11:03:57.548Z', 'deviceId': '21110410', 'deviceName': 'm32sd10c', 'self': 'https://t493319102.eu-latest.cumulocity.com/devicecontrol/operations/21118356', 'id': '21118356', 'status': 'PENDING', 'description': &quot;Apply software changes, triggered from PySys: [{'name': 'rolldice', 'id': '5152439', 'version': ' ', 'url': '', 'action': 'install'}]&quot;, 'c8y_SoftwareUpdate': [{'name': 'rolldice', 'action': 'install', 'id': '5152439', 'version': ' ', 'url': ''}]}
11:03:59 INFO  State of operation 21118356 : PENDING
11:04:02 INFO  State of operation 21118356 : EXECUTING
11:04:04 INFO  State of operation 21118356 : EXECUTING
11:04:06 INFO  State of operation 21118356 : EXECUTING
11:04:08 INFO  State of operation 21118356 : EXECUTING
11:04:10 INFO  State of operation 21118356 : EXECUTING
11:04:13 INFO  State of operation 21118356 : EXECUTING
11:04:16 INFO  State of operation 21118356 : EXECUTING
11:04:18 INFO  State of operation 21118356 : EXECUTING
11:04:21 INFO  State of operation 21118356 : EXECUTING
11:04:23 INFO  State of operation 21118356 : EXECUTING
11:04:25 INFO  State of operation 21118356 : EXECUTING
11:04:28 INFO  State of operation 21118356 : EXECUTING
11:04:30 INFO  State of operation 21118356 : EXECUTING
11:04:32 INFO  State of operation 21118356 : EXECUTING
11:04:35 INFO  State of operation 21118356 : EXECUTING
11:04:37 INFO  State of operation 21118356 : EXECUTING
11:04:40 INFO  State of operation 21118356 : EXECUTING
11:04:42 INFO  State of operation 21118356 : EXECUTING
11:04:44 INFO  State of operation 21118356 : EXECUTING
11:04:47 INFO  State of operation 21118356 : EXECUTING
11:04:49 INFO  State of operation 21118356 : EXECUTING
11:04:52 INFO  State of operation 21118356 : EXECUTING
11:04:54 INFO  State of operation 21118356 : EXECUTING
11:04:56 INFO  State of operation 21118356 : EXECUTING
11:04:58 INFO  State of operation 21118356 : EXECUTING
11:05:01 INFO  State of operation 21118356 : EXECUTING
11:05:03 INFO  State of operation 21118356 : EXECUTING
11:05:05 INFO  State of operation 21118356 : EXECUTING
11:05:08 INFO  State of operation 21118356 : EXECUTING
11:05:10 INFO  State of operation 21118356 : EXECUTING
11:05:12 INFO  State of operation 21118356 : EXECUTING
11:05:14 INFO  State of operation 21118356 : SUCCESSFUL
11:05:14 INFO  Package rolldice is installed
11:05:14 INFO  Assert that (True == value) with value=True ... passed
11:05:15 INFO  Response status: 201
11:05:15 INFO  Response to action: {
    &quot;creationTime&quot;: &quot;2022-07-21T11:05:15.172Z&quot;,
    &quot;deviceId&quot;: &quot;21110410&quot;,
    &quot;deviceName&quot;: &quot;m32sd10c&quot;,
    &quot;self&quot;: &quot;https://t493319102.eu-latest.cumulocity.com/devicecontrol/operations/21118368&quot;,
    &quot;id&quot;: &quot;21118368&quot;,
    &quot;status&quot;: &quot;PENDING&quot;,
    &quot;description&quot;: &quot;Apply software changes, triggered from PySys: [{'name': 'rolldice', 'id': '5152439', 'version': ' ', 'url': '', 'action': 'delete'}]&quot;,
    &quot;c8y_SoftwareUpdate&quot;: [
        {
            &quot;name&quot;: &quot;rolldice&quot;,
            &quot;action&quot;: &quot;delete&quot;,
            &quot;id&quot;: &quot;5152439&quot;,
            &quot;version&quot;: &quot; &quot;,
            &quot;url&quot;: &quot;&quot;
        }
    ]
}
11:05:15 INFO  Started operation: {'creationTime': '2022-07-21T11:05:15.172Z', 'deviceId': '21110410', 'deviceName': 'm32sd10c', 'self': 'https://t493319102.eu-latest.cumulocity.com/devicecontrol/operations/21118368', 'id': '21118368', 'status': 'PENDING', 'description': &quot;Apply software changes, triggered from PySys: [{'name': 'rolldice', 'id': '5152439', 'version': ' ', 'url': '', 'action': 'delete'}]&quot;, 'c8y_SoftwareUpdate': [{'name': 'rolldice', 'action': 'delete', 'id': '5152439', 'version': ' ', 'url': ''}]}
11:05:17 INFO  State of operation 21118368 : PENDING
11:05:19 INFO  State of operation 21118368 : EXECUTING
11:05:21 INFO  State of operation 21118368 : EXECUTING
11:05:24 INFO  State of operation 21118368 : EXECUTING
11:05:26 INFO  State of operation 21118368 : EXECUTING
11:05:28 INFO  State of operation 21118368 : EXECUTING
11:05:31 INFO  State of operation 21118368 : EXECUTING
11:05:34 INFO  State of operation 21118368 : EXECUTING
11:05:36 INFO  State of operation 21118368 : EXECUTING
11:05:38 INFO  State of operation 21118368 : EXECUTING
11:05:40 INFO  State of operation 21118368 : EXECUTING
11:05:43 INFO  State of operation 21118368 : EXECUTING
11:05:45 INFO  State of operation 21118368 : EXECUTING
11:05:47 INFO  State of operation 21118368 : EXECUTING
11:05:50 INFO  State of operation 21118368 : EXECUTING
11:05:52 INFO  State of operation 21118368 : EXECUTING
11:05:55 INFO  State of operation 21118368 : EXECUTING
11:05:57 INFO  State of operation 21118368 : EXECUTING
11:05:59 INFO  State of operation 21118368 : EXECUTING
11:06:01 INFO  State of operation 21118368 : EXECUTING
11:06:04 INFO  State of operation 21118368 : EXECUTING
11:06:06 INFO  State of operation 21118368 : SUCCESSFUL
11:06:06 INFO  Package rolldice is installed
11:06:06 WARN  Assert that (False == value) with value=True ... failed [run.py:43]
11:06:06 INFO  
11:06:06 INFO  cleanup:
11:06:10 INFO  Executed sudo&lt;tedge_disconnect_c8y&gt;, exit status 0
11:06:11 INFO  Executed systemctl&lt;serv_mapper5&gt;, exit status 3
11:06:11 INFO  
11:06:11 INFO  Test duration: 158.64 secs
11:06:11 INFO  Test final outcome:  FAILED
11:06:11 INFO  Test outcome reason: Assert that (False == value) with value=True (+1 other failures)
11:06:11 INFO  
</system-out>
	</testcase>
</testsuite>
