<?xml version="1.0" encoding="utf-8"?>
<testsuite failures="1" name="SoftwareManagement.sm_apt_install_remove_multiple" skipped="0" tests="1" time="165.61" timestamp="2022-05-24T16:54:36">
	<testcase classname="PySysTest" name="SoftwareManagement.sm_apt_install_remove_multiple">
		<failure message="BLOCKED: SystemError: Timeout while waiting for status FAILED or SUCCESSFUL" type="BLOCKED"/>
		<system-out>16:51:50 INFO  ==============================================================
16:51:50 INFO  Id:    SoftwareManagement.sm_apt_install_remove_multiple
16:51:50 INFO  Dir:   software_management_end_to_end/
16:51:50 INFO  Title: Validate end to end behaviour for the apt plugin for multiple packages
16:51:50 INFO  ==============================================================
16:51:50 INFO  Using sw id database: {'asciijump': '5475369', 'robotfindskitten': '5474869', 'squirrel3': '5475279', 'rolldice': '5152439', 'moon-buggy': '5439204', 'apple': '5495053', 'banana': '5494888', 'cherry': '5495382', 'watermelon': '5494510', 'registry': '8018911', 'hello-world': '8021526', 'docker/getting-started': '8021973', 'alpine': '7991792'}
16:51:50 INFO  EnvironmentC8y Setup
16:51:51 INFO  Executed systemctl&lt;serv_mapper1&gt;, exit status 3
16:51:51 INFO  Restarting mosquitto too frequently in the last 10 seconds. It was only up for 5 seconds
16:51:51 INFO  Delaying execution by 6 seconds
16:52:11 INFO  Executed sudo&lt;tedge_connect_c8y&gt;, exit status 0, duration 14 secs
16:52:11 INFO  Executed sudo&lt;tedge_connect_c8y_test&gt;, exit status 0
16:52:12 INFO  Executed systemctl&lt;serv_mosq2&gt;, exit status 0
16:52:12 INFO  Executed systemctl&lt;serv_mapper3&gt;, exit status 0
16:52:15 INFO  State of current operation: PENDING
16:52:17 INFO  State of current operation: PENDING
16:52:19 INFO  State of current operation: PENDING
16:52:21 INFO  State of current operation: PENDING
16:52:23 INFO  State of current operation: PENDING
16:52:26 INFO  State of current operation: PENDING
16:52:28 INFO  State of current operation: PENDING
16:52:30 INFO  State of current operation: PENDING
16:52:33 INFO  State of current operation: PENDING
16:52:35 INFO  State of current operation: PENDING
16:52:37 INFO  State of current operation: PENDING
16:52:39 INFO  State of current operation: PENDING
16:52:41 INFO  State of current operation: PENDING
16:52:44 INFO  State of current operation: PENDING
16:52:46 INFO  State of current operation: PENDING
16:52:48 INFO  State of current operation: PENDING
16:52:50 INFO  State of current operation: PENDING
16:52:53 INFO  State of current operation: PENDING
16:52:55 INFO  State of current operation: PENDING
16:52:57 INFO  State of current operation: PENDING
16:52:59 INFO  State of current operation: PENDING
16:53:01 INFO  State of current operation: PENDING
16:53:04 INFO  State of current operation: PENDING
16:53:06 INFO  State of current operation: PENDING
16:53:08 INFO  State of current operation: PENDING
16:53:10 INFO  State of current operation: PENDING
16:53:13 INFO  State of current operation: PENDING
16:53:15 INFO  State of current operation: PENDING
16:53:17 INFO  State of current operation: PENDING
16:53:19 INFO  State of current operation: PENDING
16:53:22 INFO  State of current operation: PENDING
16:53:24 INFO  State of current operation: PENDING
16:53:26 INFO  State of current operation: PENDING
16:53:28 INFO  State of current operation: PENDING
16:53:31 INFO  State of current operation: PENDING
16:53:33 INFO  State of current operation: PENDING
16:53:35 INFO  State of current operation: PENDING
16:53:37 INFO  State of current operation: PENDING
16:53:40 INFO  State of current operation: PENDING
16:53:42 INFO  State of current operation: PENDING
16:53:44 INFO  State of current operation: PENDING
16:53:46 INFO  State of current operation: PENDING
16:53:49 INFO  State of current operation: PENDING
16:53:51 INFO  State of current operation: PENDING
16:53:53 INFO  State of current operation: PENDING
16:53:55 INFO  State of current operation: PENDING
16:53:58 INFO  State of current operation: PENDING
16:54:00 INFO  State of current operation: PENDING
16:54:02 INFO  State of current operation: PENDING
16:54:04 INFO  State of current operation: PENDING
16:54:06 INFO  State of current operation: PENDING
16:54:09 INFO  State of current operation: PENDING
16:54:11 INFO  State of current operation: PENDING
16:54:13 INFO  State of current operation: PENDING
16:54:15 INFO  State of current operation: PENDING
16:54:18 INFO  State of current operation: PENDING
16:54:20 INFO  State of current operation: PENDING
16:54:22 INFO  State of current operation: PENDING
16:54:24 INFO  State of current operation: PENDING
16:54:27 INFO  State of current operation: PENDING
16:54:29 INFO  State of current operation: PENDING
16:54:31 WARN  SystemError occurred while running test - Timeout while waiting for status FAILED or SUCCESSFUL
Traceback (most recent call last):
  File &quot;/home/pi/env-pysys/lib/python3.7/site-packages/pysys/baserunner.py&quot;, line 1292, in __call__
    self.testObj.setup()
  File &quot;/home/pi/actions-runner/_work/thin-edge.io/thin-edge.io/tests/PySys/software_management_end_to_end/sm_apt_install_remove_multiple/run.py&quot;, line 52, in setup
    super().setup()
  File &quot;/home/pi/actions-runner/_work/thin-edge.io/thin-edge.io/tests/PySys/software_management_end_to_end/environment_sm_management.py&quot;, line 151, in setup
    self.wait_until_end()
  File &quot;/home/pi/actions-runner/_work/thin-edge.io/thin-edge.io/tests/PySys/software_management_end_to_end/environment_sm_management.py&quot;, line 332, in wait_until_end
    self.wait_until_status(&quot;FAILED&quot;, &quot;SUCCESSFUL&quot;)
  File &quot;/home/pi/actions-runner/_work/thin-edge.io/thin-edge.io/tests/PySys/software_management_end_to_end/environment_sm_management.py&quot;, line 381, in wait_until_status
    &quot;Timeout while waiting for status %s or %s&quot; % (status, status2)
SystemError: Timeout while waiting for status FAILED or SUCCESSFUL
16:54:31 WARN  SystemError: Timeout while waiting for status FAILED or SUCCESSFUL ... blocked 
16:54:31 INFO  
16:54:31 INFO  cleanup:
16:54:35 INFO  Executed sudo&lt;tedge_disconnect_c8y&gt;, exit status 0
16:54:36 INFO  Executed systemctl&lt;serv_mapper5&gt;, exit status 3
16:54:36 INFO  
16:54:36 INFO  Test duration: 165.61 secs
16:54:36 INFO  Test final outcome:  BLOCKED
16:54:36 INFO  Test outcome reason: SystemError: Timeout while waiting for status FAILED or SUCCESSFUL
16:54:36 INFO  
</system-out>
	</testcase>
</testsuite>
