<?xml version="1.0" encoding="utf-8"?>
<testsuite failures="1" name="SoftwareManagement.sm_apt_install_remove_multiple_mixed" skipped="0" tests="1" time="268.35" timestamp="2022-07-21T17:36:35">
	<testcase classname="PySysTest" name="SoftwareManagement.sm_apt_install_remove_multiple_mixed">
		<failure message="FAILED: Assert that (False == value) with value=True (+3 other failures)" type="FAILED"/>
		<system-out>17:32:07 INFO  ==============================================================
17:32:07 INFO  Id:    SoftwareManagement.sm_apt_install_remove_multiple_mixed
17:32:07 INFO  Dir:   software_management_end_to_end/
17:32:07 INFO  Title: Validate end to end behaviour for the apt plugin for multiple packages with mixed versions
17:32:07 INFO  ==============================================================
17:32:07 INFO  Using sw id database: {'asciijump': '5475369', 'robotfindskitten': '5474869', 'squirrel3': '5475279', 'rolldice': '5152439', 'moon-buggy': '5439204', 'apple': '5495053', 'banana': '5494888', 'cherry': '5495382', 'watermelon': '5494510', 'registry': '8018911', 'hello-world': '8021526', 'docker/getting-started': '8021973', 'alpine': '7991792'}
17:32:07 INFO  EnvironmentC8y Setup
17:32:07 INFO  Executed systemctl&lt;serv_mapper1&gt;, exit status 3
17:32:08 INFO  Restarting mosquitto too frequently in the last 10 seconds. It was only up for 4 seconds
17:32:08 INFO  Delaying execution by 7 seconds
17:32:29 INFO  Executed sudo&lt;tedge_connect_c8y&gt;, exit status 0, duration 14 secs
17:32:29 INFO  Executed sudo&lt;tedge_connect_c8y_test&gt;, exit status 0
17:32:30 INFO  Executed systemctl&lt;serv_mosq2&gt;, exit status 0
17:32:30 INFO  Executed systemctl&lt;serv_mapper3&gt;, exit status 0
17:32:33 INFO  State of current operation: FAILED
17:32:33 INFO  Package asciijump is installed
17:32:33 WARN  Assert that (False == value) with value=True ... failed 
17:32:33 INFO  Package robotfindskitten is installed
17:32:33 WARN  Assert that (False == value) with value=True ... failed 
17:32:33 INFO  Assert that (False == value) with value=False ... passed
17:32:34 INFO  Package squirrel3 is installed
17:32:34 WARN  Assert that (False == value) with value=True ... failed 
17:32:34 INFO  Package moon-buggy is installed
17:32:34 WARN  Assert that (False == value) with value=True ... failed 
17:32:35 INFO  Response status: 201
17:32:35 INFO  Response to action: {
    &quot;creationTime&quot;: &quot;2022-07-21T17:32:35.542Z&quot;,
    &quot;deviceId&quot;: &quot;21118604&quot;,
    &quot;deviceName&quot;: &quot;m32sd10c&quot;,
    &quot;self&quot;: &quot;https://t493319102.eu-latest.cumulocity.com/devicecontrol/operations/21163728&quot;,
    &quot;id&quot;: &quot;21163728&quot;,
    &quot;status&quot;: &quot;PENDING&quot;,
    &quot;description&quot;: &quot;Apply software changes, triggered from PySys: [{'action': 'install', 'id': '5475369', 'name': 'asciijump', 'url': ' ', 'version': '::apt'}, {'action': 'install', 'id': '5474869', 'name': 'robotfindskitten', 'url': ' ', 'version': ' '}, {'action': 'install', 'id': '5475279', 'name': 'squirrel3', 'url': ' ', 'version': '3.1-7::apt'}, {'action': 'install', 'id': '5152439', 'name': 'rolldice', 'url': ' ', 'version': '1.16-1+b1'}, {'action': 'install', 'id': '5439204', 'name': 'moon-buggy', 'url': ' ', 'version': '1:1.0.51-12'}, {'action': 'install', 'id': '5475369', 'name': 'asciijump', 'url': ' ', 'version': '::apt'}]&quot;,
    &quot;c8y_SoftwareUpdate&quot;: [
        {
            &quot;name&quot;: &quot;asciijump&quot;,
            &quot;action&quot;: &quot;install&quot;,
            &quot;id&quot;: &quot;5475369&quot;,
            &quot;version&quot;: &quot;::apt&quot;,
            &quot;url&quot;: &quot; &quot;
        },
        {
            &quot;name&quot;: &quot;robotfindskitten&quot;,
            &quot;action&quot;: &quot;install&quot;,
            &quot;id&quot;: &quot;5474869&quot;,
            &quot;version&quot;: &quot; &quot;,
            &quot;url&quot;: &quot; &quot;
        },
        {
            &quot;name&quot;: &quot;squirrel3&quot;,
            &quot;action&quot;: &quot;install&quot;,
            &quot;id&quot;: &quot;5475279&quot;,
            &quot;version&quot;: &quot;3.1-7::apt&quot;,
            &quot;url&quot;: &quot; &quot;
        },
        {
            &quot;name&quot;: &quot;rolldice&quot;,
            &quot;action&quot;: &quot;install&quot;,
            &quot;id&quot;: &quot;5152439&quot;,
            &quot;version&quot;: &quot;1.16-1+b1&quot;,
            &quot;url&quot;: &quot; &quot;
        },
        {
            &quot;name&quot;: &quot;moon-buggy&quot;,
            &quot;action&quot;: &quot;install&quot;,
            &quot;id&quot;: &quot;5439204&quot;,
            &quot;version&quot;: &quot;1:1.0.51-12&quot;,
            &quot;url&quot;: &quot; &quot;
        },
        {
            &quot;name&quot;: &quot;asciijump&quot;,
            &quot;action&quot;: &quot;install&quot;,
            &quot;id&quot;: &quot;5475369&quot;,
            &quot;version&quot;: &quot;::apt&quot;,
            &quot;url&quot;: &quot; &quot;
        }
    ]
}
17:32:35 INFO  Started operation: {'creationTime': '2022-07-21T17:32:35.542Z', 'deviceId': '21118604', 'deviceName': 'm32sd10c', 'self': 'https://t493319102.eu-latest.cumulocity.com/devicecontrol/operations/21163728', 'id': '21163728', 'status': 'PENDING', 'description': &quot;Apply software changes, triggered from PySys: [{'action': 'install', 'id': '5475369', 'name': 'asciijump', 'url': ' ', 'version': '::apt'}, {'action': 'install', 'id': '5474869', 'name': 'robotfindskitten', 'url': ' ', 'version': ' '}, {'action': 'install', 'id': '5475279', 'name': 'squirrel3', 'url': ' ', 'version': '3.1-7::apt'}, {'action': 'install', 'id': '5152439', 'name': 'rolldice', 'url': ' ', 'version': '1.16-1+b1'}, {'action': 'install', 'id': '5439204', 'name': 'moon-buggy', 'url': ' ', 'version': '1:1.0.51-12'}, {'action': 'install', 'id': '5475369', 'name': 'asciijump', 'url': ' ', 'version': '::apt'}]&quot;, 'c8y_SoftwareUpdate': [{'name': 'asciijump', 'action': 'install', 'id': '5475369', 'version': '::apt', 'url': ' '}, {'name': 'robotfindskitten', 'action': 'install', 'id': '5474869', 'version': ' ', 'url': ' '}, {'name': 'squirrel3', 'action': 'install', 'id': '5475279', 'version': '3.1-7::apt', 'url': ' '}, {'name': 'rolldice', 'action': 'install', 'id': '5152439', 'version': '1.16-1+b1', 'url': ' '}, {'name': 'moon-buggy', 'action': 'install', 'id': '5439204', 'version': '1:1.0.51-12', 'url': ' '}, {'name': 'asciijump', 'action': 'install', 'id': '5475369', 'version': '::apt', 'url': ' '}]}
17:32:37 INFO  State of operation 21163728 : PENDING
17:32:40 INFO  State of operation 21163728 : EXECUTING
17:32:42 INFO  State of operation 21163728 : EXECUTING
17:32:44 INFO  State of operation 21163728 : EXECUTING
17:32:46 INFO  State of operation 21163728 : EXECUTING
17:32:48 INFO  State of operation 21163728 : EXECUTING
17:32:51 INFO  State of operation 21163728 : EXECUTING
17:32:54 INFO  State of operation 21163728 : EXECUTING
17:32:56 INFO  State of operation 21163728 : EXECUTING
17:32:59 INFO  State of operation 21163728 : EXECUTING
17:33:01 INFO  State of operation 21163728 : EXECUTING
17:33:03 INFO  State of operation 21163728 : EXECUTING
17:33:05 INFO  State of operation 21163728 : EXECUTING
17:33:08 INFO  State of operation 21163728 : EXECUTING
17:33:10 INFO  State of operation 21163728 : EXECUTING
17:33:12 INFO  State of operation 21163728 : EXECUTING
17:33:14 INFO  State of operation 21163728 : EXECUTING
17:33:17 INFO  State of operation 21163728 : EXECUTING
17:33:19 INFO  State of operation 21163728 : EXECUTING
17:33:22 INFO  State of operation 21163728 : EXECUTING
17:33:24 INFO  State of operation 21163728 : EXECUTING
17:33:27 INFO  State of operation 21163728 : EXECUTING
17:33:29 INFO  State of operation 21163728 : EXECUTING
17:33:31 INFO  State of operation 21163728 : EXECUTING
17:33:33 INFO  State of operation 21163728 : EXECUTING
17:33:36 INFO  State of operation 21163728 : EXECUTING
17:33:38 INFO  State of operation 21163728 : EXECUTING
17:33:40 INFO  State of operation 21163728 : EXECUTING
17:33:43 INFO  State of operation 21163728 : EXECUTING
17:33:45 INFO  State of operation 21163728 : EXECUTING
17:33:48 INFO  State of operation 21163728 : EXECUTING
17:33:50 INFO  State of operation 21163728 : EXECUTING
17:33:52 INFO  State of operation 21163728 : EXECUTING
17:33:54 INFO  State of operation 21163728 : EXECUTING
17:33:57 INFO  State of operation 21163728 : EXECUTING
17:33:59 INFO  State of operation 21163728 : EXECUTING
17:34:02 INFO  State of operation 21163728 : EXECUTING
17:34:04 INFO  State of operation 21163728 : EXECUTING
17:34:07 INFO  State of operation 21163728 : EXECUTING
17:34:09 INFO  State of operation 21163728 : EXECUTING
17:34:12 INFO  State of operation 21163728 : EXECUTING
17:34:14 INFO  State of operation 21163728 : EXECUTING
17:34:16 INFO  State of operation 21163728 : EXECUTING
17:34:18 INFO  State of operation 21163728 : EXECUTING
17:34:21 INFO  State of operation 21163728 : SUCCESSFUL
17:34:21 INFO  Package asciijump is installed
17:34:21 INFO  Assert that (True == value) with value=True ... passed
17:34:21 INFO  Package robotfindskitten is installed
17:34:21 INFO  Assert that (True == value) with value=True ... passed
17:34:21 INFO  Package rolldice is installed
17:34:21 INFO  Assert that (True == value) with value=True ... passed
17:34:22 INFO  Package squirrel3 is installed
17:34:22 INFO  Assert that (True == value) with value=True ... passed
17:34:22 INFO  Package moon-buggy is installed
17:34:22 INFO  Assert that (True == value) with value=True ... passed
17:34:23 INFO  Response status: 201
17:34:23 INFO  Response to action: {
    &quot;creationTime&quot;: &quot;2022-07-21T17:34:23.475Z&quot;,
    &quot;deviceId&quot;: &quot;21118604&quot;,
    &quot;deviceName&quot;: &quot;m32sd10c&quot;,
    &quot;self&quot;: &quot;https://t493319102.eu-latest.cumulocity.com/devicecontrol/operations/21163738&quot;,
    &quot;id&quot;: &quot;21163738&quot;,
    &quot;status&quot;: &quot;PENDING&quot;,
    &quot;description&quot;: &quot;Apply software changes, triggered from PySys: [{'action': 'delete', 'id': '5475369', 'name': 'asciijump', 'url': ' ', 'version': '::apt'}, {'action': 'delete', 'id': '5474869', 'name': 'robotfindskitten', 'url': ' ', 'version': ' '}, {'action': 'delete', 'id': '5475279', 'name': 'squirrel3', 'url': ' ', 'version': '3.1-7::apt'}, {'action': 'delete', 'id': '5152439', 'name': 'rolldice', 'url': ' ', 'version': '1.16-1+b1'}, {'action': 'delete', 'id': '5439204', 'name': 'moon-buggy', 'url': ' ', 'version': '1:1.0.51-12'}, {'action': 'delete', 'id': '5475369', 'name': 'asciijump', 'url': ' ', 'version': '::apt'}]&quot;,
    &quot;c8y_SoftwareUpdate&quot;: [
        {
            &quot;name&quot;: &quot;asciijump&quot;,
            &quot;action&quot;: &quot;delete&quot;,
            &quot;id&quot;: &quot;5475369&quot;,
            &quot;version&quot;: &quot;::apt&quot;,
            &quot;url&quot;: &quot; &quot;
        },
        {
            &quot;name&quot;: &quot;robotfindskitten&quot;,
            &quot;action&quot;: &quot;delete&quot;,
            &quot;id&quot;: &quot;5474869&quot;,
            &quot;version&quot;: &quot; &quot;,
            &quot;url&quot;: &quot; &quot;
        },
        {
            &quot;name&quot;: &quot;squirrel3&quot;,
            &quot;action&quot;: &quot;delete&quot;,
            &quot;id&quot;: &quot;5475279&quot;,
            &quot;version&quot;: &quot;3.1-7::apt&quot;,
            &quot;url&quot;: &quot; &quot;
        },
        {
            &quot;name&quot;: &quot;rolldice&quot;,
            &quot;action&quot;: &quot;delete&quot;,
            &quot;id&quot;: &quot;5152439&quot;,
            &quot;version&quot;: &quot;1.16-1+b1&quot;,
            &quot;url&quot;: &quot; &quot;
        },
        {
            &quot;name&quot;: &quot;moon-buggy&quot;,
            &quot;action&quot;: &quot;delete&quot;,
            &quot;id&quot;: &quot;5439204&quot;,
            &quot;version&quot;: &quot;1:1.0.51-12&quot;,
            &quot;url&quot;: &quot; &quot;
        },
        {
            &quot;name&quot;: &quot;asciijump&quot;,
            &quot;action&quot;: &quot;delete&quot;,
            &quot;id&quot;: &quot;5475369&quot;,
            &quot;version&quot;: &quot;::apt&quot;,
            &quot;url&quot;: &quot; &quot;
        }
    ]
}
17:34:23 INFO  Started operation: {'creationTime': '2022-07-21T17:34:23.475Z', 'deviceId': '21118604', 'deviceName': 'm32sd10c', 'self': 'https://t493319102.eu-latest.cumulocity.com/devicecontrol/operations/21163738', 'id': '21163738', 'status': 'PENDING', 'description': &quot;Apply software changes, triggered from PySys: [{'action': 'delete', 'id': '5475369', 'name': 'asciijump', 'url': ' ', 'version': '::apt'}, {'action': 'delete', 'id': '5474869', 'name': 'robotfindskitten', 'url': ' ', 'version': ' '}, {'action': 'delete', 'id': '5475279', 'name': 'squirrel3', 'url': ' ', 'version': '3.1-7::apt'}, {'action': 'delete', 'id': '5152439', 'name': 'rolldice', 'url': ' ', 'version': '1.16-1+b1'}, {'action': 'delete', 'id': '5439204', 'name': 'moon-buggy', 'url': ' ', 'version': '1:1.0.51-12'}, {'action': 'delete', 'id': '5475369', 'name': 'asciijump', 'url': ' ', 'version': '::apt'}]&quot;, 'c8y_SoftwareUpdate': [{'name': 'asciijump', 'action': 'delete', 'id': '5475369', 'version': '::apt', 'url': ' '}, {'name': 'robotfindskitten', 'action': 'delete', 'id': '5474869', 'version': ' ', 'url': ' '}, {'name': 'squirrel3', 'action': 'delete', 'id': '5475279', 'version': '3.1-7::apt', 'url': ' '}, {'name': 'rolldice', 'action': 'delete', 'id': '5152439', 'version': '1.16-1+b1', 'url': ' '}, {'name': 'moon-buggy', 'action': 'delete', 'id': '5439204', 'version': '1:1.0.51-12', 'url': ' '}, {'name': 'asciijump', 'action': 'delete', 'id': '5475369', 'version': '::apt', 'url': ' '}]}
17:34:25 INFO  State of operation 21163738 : PENDING
17:34:27 INFO  State of operation 21163738 : EXECUTING
17:34:30 INFO  State of operation 21163738 : EXECUTING
17:34:32 INFO  State of operation 21163738 : EXECUTING
17:34:34 INFO  State of operation 21163738 : EXECUTING
17:34:36 INFO  State of operation 21163738 : EXECUTING
17:34:39 INFO  State of operation 21163738 : EXECUTING
17:34:42 INFO  State of operation 21163738 : EXECUTING
17:34:44 INFO  State of operation 21163738 : EXECUTING
17:34:47 INFO  State of operation 21163738 : EXECUTING
17:34:49 INFO  State of operation 21163738 : EXECUTING
17:34:51 INFO  State of operation 21163738 : EXECUTING
17:34:53 INFO  State of operation 21163738 : EXECUTING
17:34:55 INFO  State of operation 21163738 : EXECUTING
17:34:58 INFO  State of operation 21163738 : EXECUTING
17:35:00 INFO  State of operation 21163738 : EXECUTING
17:35:03 INFO  State of operation 21163738 : EXECUTING
17:35:05 INFO  State of operation 21163738 : EXECUTING
17:35:08 INFO  State of operation 21163738 : EXECUTING
17:35:10 INFO  State of operation 21163738 : EXECUTING
17:35:12 INFO  State of operation 21163738 : EXECUTING
17:35:15 INFO  State of operation 21163738 : EXECUTING
17:35:17 INFO  State of operation 21163738 : EXECUTING
17:35:19 INFO  State of operation 21163738 : EXECUTING
17:35:22 INFO  State of operation 21163738 : EXECUTING
17:35:24 INFO  State of operation 21163738 : EXECUTING
17:35:26 INFO  State of operation 21163738 : EXECUTING
17:35:28 INFO  State of operation 21163738 : EXECUTING
17:35:31 INFO  State of operation 21163738 : EXECUTING
17:35:33 INFO  State of operation 21163738 : EXECUTING
17:35:35 INFO  State of operation 21163738 : EXECUTING
17:35:38 INFO  State of operation 21163738 : EXECUTING
17:35:41 INFO  State of operation 21163738 : EXECUTING
17:35:43 INFO  State of operation 21163738 : EXECUTING
17:35:45 INFO  State of operation 21163738 : EXECUTING
17:35:48 INFO  State of operation 21163738 : EXECUTING
17:35:50 INFO  State of operation 21163738 : EXECUTING
17:35:52 INFO  State of operation 21163738 : EXECUTING
17:35:54 INFO  State of operation 21163738 : EXECUTING
17:35:57 INFO  State of operation 21163738 : EXECUTING
17:35:59 INFO  State of operation 21163738 : EXECUTING
17:36:01 INFO  State of operation 21163738 : EXECUTING
17:36:03 INFO  State of operation 21163738 : EXECUTING
17:36:06 INFO  State of operation 21163738 : EXECUTING
17:36:08 INFO  State of operation 21163738 : EXECUTING
17:36:11 INFO  State of operation 21163738 : EXECUTING
17:36:13 INFO  State of operation 21163738 : EXECUTING
17:36:15 INFO  State of operation 21163738 : EXECUTING
17:36:17 INFO  State of operation 21163738 : EXECUTING
17:36:20 INFO  State of operation 21163738 : EXECUTING
17:36:22 INFO  State of operation 21163738 : EXECUTING
17:36:25 INFO  State of operation 21163738 : EXECUTING
17:36:27 INFO  State of operation 21163738 : EXECUTING
17:36:29 INFO  State of operation 21163738 : SUCCESSFUL
17:36:30 INFO  Assert that (False == value) with value=False ... passed
17:36:30 INFO  Assert that (False == value) with value=False ... passed
17:36:30 INFO  Assert that (False == value) with value=False ... passed
17:36:30 INFO  Assert that (False == value) with value=False ... passed
17:36:31 INFO  Assert that (False == value) with value=False ... passed
17:36:31 INFO  
17:36:31 INFO  cleanup:
17:36:35 INFO  Executed sudo&lt;tedge_disconnect_c8y&gt;, exit status 0
17:36:35 INFO  Executed systemctl&lt;serv_mapper5&gt;, exit status 3
17:36:35 INFO  
17:36:35 INFO  Test duration: 268.35 secs
17:36:35 INFO  Test final outcome:  FAILED
17:36:35 INFO  Test outcome reason: Assert that (False == value) with value=True (+3 other failures)
17:36:35 INFO  
</system-out>
	</testcase>
</testsuite>
