<?xml version="1.0" encoding="utf-8"?>
<testsuite failures="1" name="SoftwareManagement.sm_apt_install_remove_multiple" skipped="0" tests="1" time="138.87" timestamp="2022-07-18T17:01:14">
	<testcase classname="PySysTest" name="SoftwareManagement.sm_apt_install_remove_multiple">
		<failure message="FAILED: Assert that (False == value) with value=True (+2 other failures)" type="FAILED"/>
		<system-out>16:58:55 INFO  ==============================================================
16:58:55 INFO  Id:    SoftwareManagement.sm_apt_install_remove_multiple
16:58:55 INFO  Dir:   software_management_end_to_end/
16:58:55 INFO  Title: Validate end to end behaviour for the apt plugin for multiple packages
16:58:55 INFO  ==============================================================
16:58:55 INFO  Using sw id database: {'asciijump': '5475369', 'robotfindskitten': '5474869', 'squirrel3': '5475279', 'rolldice': '5152439', 'moon-buggy': '5439204', 'apple': '5495053', 'banana': '5494888', 'cherry': '5495382', 'watermelon': '5494510', 'registry': '8018911', 'hello-world': '8021526', 'docker/getting-started': '8021973', 'alpine': '7991792'}
16:58:55 INFO  EnvironmentC8y Setup
16:58:56 INFO  Executed systemctl&lt;serv_mapper1&gt;, exit status 3
16:58:56 INFO  Restarting mosquitto too frequently in the last 10 seconds. It was only up for 5 seconds
16:58:56 INFO  Delaying execution by 6 seconds
16:59:16 INFO  Executed sudo&lt;tedge_connect_c8y&gt;, exit status 0, duration 14 secs
16:59:17 INFO  Executed sudo&lt;tedge_connect_c8y_test&gt;, exit status 0
16:59:18 INFO  Executed systemctl&lt;serv_mosq2&gt;, exit status 0
16:59:18 INFO  Executed systemctl&lt;serv_mapper3&gt;, exit status 0
16:59:20 INFO  State of current operation: SUCCESSFUL
16:59:20 INFO  Assert that (False == value) with value=False ... passed
16:59:21 INFO  Package asciijump is installed
16:59:21 WARN  Assert that (False == value) with value=True ... failed 
16:59:21 INFO  Package squirrel3 is installed
16:59:21 WARN  Assert that (False == value) with value=True ... failed 
16:59:22 INFO  Package robotfindskitten is installed
16:59:22 WARN  Assert that (False == value) with value=True ... failed 
16:59:22 INFO  Response status: 201
16:59:22 INFO  Response to action: {
    &quot;creationTime&quot;: &quot;2022-07-18T16:59:22.219Z&quot;,
    &quot;deviceName&quot;: &quot;m32sd10c&quot;,
    &quot;deviceId&quot;: &quot;21018696&quot;,
    &quot;self&quot;: &quot;https://t493319102.eu-latest.cumulocity.com/devicecontrol/operations/21027616&quot;,
    &quot;id&quot;: &quot;21027616&quot;,
    &quot;status&quot;: &quot;PENDING&quot;,
    &quot;description&quot;: &quot;Apply software changes, triggered from PySys: [{'action': 'install', 'id': '5475369', 'name': 'asciijump', 'url': ' ', 'version': '::apt'}, {'action': 'install', 'id': '5474869', 'name': 'robotfindskitten', 'url': ' ', 'version': '::apt'}, {'action': 'install', 'id': '5475279', 'name': 'squirrel3', 'url': ' ', 'version': '::apt'}]&quot;,
    &quot;c8y_SoftwareUpdate&quot;: [
        {
            &quot;name&quot;: &quot;asciijump&quot;,
            &quot;action&quot;: &quot;install&quot;,
            &quot;id&quot;: &quot;5475369&quot;,
            &quot;version&quot;: &quot;::apt&quot;,
            &quot;url&quot;: &quot; &quot;
        },
        {
            &quot;name&quot;: &quot;robotfindskitten&quot;,
            &quot;action&quot;: &quot;install&quot;,
            &quot;id&quot;: &quot;5474869&quot;,
            &quot;version&quot;: &quot;::apt&quot;,
            &quot;url&quot;: &quot; &quot;
        },
        {
            &quot;name&quot;: &quot;squirrel3&quot;,
            &quot;action&quot;: &quot;install&quot;,
            &quot;id&quot;: &quot;5475279&quot;,
            &quot;version&quot;: &quot;::apt&quot;,
            &quot;url&quot;: &quot; &quot;
        }
    ]
}
16:59:22 INFO  Started operation: {'creationTime': '2022-07-18T16:59:22.219Z', 'deviceName': 'm32sd10c', 'deviceId': '21018696', 'self': 'https://t493319102.eu-latest.cumulocity.com/devicecontrol/operations/21027616', 'id': '21027616', 'status': 'PENDING', 'description': &quot;Apply software changes, triggered from PySys: [{'action': 'install', 'id': '5475369', 'name': 'asciijump', 'url': ' ', 'version': '::apt'}, {'action': 'install', 'id': '5474869', 'name': 'robotfindskitten', 'url': ' ', 'version': '::apt'}, {'action': 'install', 'id': '5475279', 'name': 'squirrel3', 'url': ' ', 'version': '::apt'}]&quot;, 'c8y_SoftwareUpdate': [{'name': 'asciijump', 'action': 'install', 'id': '5475369', 'version': '::apt', 'url': ' '}, {'name': 'robotfindskitten', 'action': 'install', 'id': '5474869', 'version': '::apt', 'url': ' '}, {'name': 'squirrel3', 'action': 'install', 'id': '5475279', 'version': '::apt', 'url': ' '}]}
16:59:24 INFO  State of operation 21027616 : PENDING
16:59:26 INFO  State of operation 21027616 : EXECUTING
16:59:28 INFO  State of operation 21027616 : EXECUTING
16:59:31 INFO  State of operation 21027616 : EXECUTING
16:59:33 INFO  State of operation 21027616 : EXECUTING
16:59:35 INFO  State of operation 21027616 : EXECUTING
16:59:38 INFO  State of operation 21027616 : EXECUTING
16:59:41 INFO  State of operation 21027616 : EXECUTING
16:59:43 INFO  State of operation 21027616 : EXECUTING
16:59:45 INFO  State of operation 21027616 : EXECUTING
16:59:48 INFO  State of operation 21027616 : EXECUTING
16:59:50 INFO  State of operation 21027616 : EXECUTING
16:59:52 INFO  State of operation 21027616 : EXECUTING
16:59:54 INFO  State of operation 21027616 : EXECUTING
16:59:57 INFO  State of operation 21027616 : EXECUTING
16:59:59 INFO  State of operation 21027616 : SUCCESSFUL
16:59:59 INFO  Assert that (False == value) with value=False ... passed
17:00:00 INFO  Package asciijump is installed
17:00:00 INFO  Assert that (True == value) with value=True ... passed
17:00:00 INFO  Package squirrel3 is installed
17:00:00 INFO  Assert that (True == value) with value=True ... passed
17:00:00 INFO  Package robotfindskitten is installed
17:00:00 INFO  Assert that (True == value) with value=True ... passed
17:00:00 INFO  Response status: 201
17:00:00 INFO  Response to action: {
    &quot;creationTime&quot;: &quot;2022-07-18T17:00:00.726Z&quot;,
    &quot;deviceName&quot;: &quot;m32sd10c&quot;,
    &quot;deviceId&quot;: &quot;21018696&quot;,
    &quot;self&quot;: &quot;https://t493319102.eu-latest.cumulocity.com/devicecontrol/operations/21027624&quot;,
    &quot;id&quot;: &quot;21027624&quot;,
    &quot;status&quot;: &quot;PENDING&quot;,
    &quot;description&quot;: &quot;Apply software changes, triggered from PySys: [{'action': 'delete', 'id': '5475369', 'name': 'asciijump', 'url': ' ', 'version': '::apt'}, {'action': 'delete', 'id': '5474869', 'name': 'robotfindskitten', 'url': ' ', 'version': '::apt'}, {'action': 'delete', 'id': '5475279', 'name': 'squirrel3', 'url': ' ', 'version': '::apt'}]&quot;,
    &quot;c8y_SoftwareUpdate&quot;: [
        {
            &quot;name&quot;: &quot;asciijump&quot;,
            &quot;action&quot;: &quot;delete&quot;,
            &quot;id&quot;: &quot;5475369&quot;,
            &quot;version&quot;: &quot;::apt&quot;,
            &quot;url&quot;: &quot; &quot;
        },
        {
            &quot;name&quot;: &quot;robotfindskitten&quot;,
            &quot;action&quot;: &quot;delete&quot;,
            &quot;id&quot;: &quot;5474869&quot;,
            &quot;version&quot;: &quot;::apt&quot;,
            &quot;url&quot;: &quot; &quot;
        },
        {
            &quot;name&quot;: &quot;squirrel3&quot;,
            &quot;action&quot;: &quot;delete&quot;,
            &quot;id&quot;: &quot;5475279&quot;,
            &quot;version&quot;: &quot;::apt&quot;,
            &quot;url&quot;: &quot; &quot;
        }
    ]
}
17:00:00 INFO  Started operation: {'creationTime': '2022-07-18T17:00:00.726Z', 'deviceName': 'm32sd10c', 'deviceId': '21018696', 'self': 'https://t493319102.eu-latest.cumulocity.com/devicecontrol/operations/21027624', 'id': '21027624', 'status': 'PENDING', 'description': &quot;Apply software changes, triggered from PySys: [{'action': 'delete', 'id': '5475369', 'name': 'asciijump', 'url': ' ', 'version': '::apt'}, {'action': 'delete', 'id': '5474869', 'name': 'robotfindskitten', 'url': ' ', 'version': '::apt'}, {'action': 'delete', 'id': '5475279', 'name': 'squirrel3', 'url': ' ', 'version': '::apt'}]&quot;, 'c8y_SoftwareUpdate': [{'name': 'asciijump', 'action': 'delete', 'id': '5475369', 'version': '::apt', 'url': ' '}, {'name': 'robotfindskitten', 'action': 'delete', 'id': '5474869', 'version': '::apt', 'url': ' '}, {'name': 'squirrel3', 'action': 'delete', 'id': '5475279', 'version': '::apt', 'url': ' '}]}
17:00:03 INFO  State of operation 21027624 : PENDING
17:00:05 INFO  State of operation 21027624 : EXECUTING
17:00:07 INFO  State of operation 21027624 : EXECUTING
17:00:10 INFO  State of operation 21027624 : EXECUTING
17:00:12 INFO  State of operation 21027624 : EXECUTING
17:00:14 INFO  State of operation 21027624 : EXECUTING
17:00:17 INFO  State of operation 21027624 : EXECUTING
17:00:20 INFO  State of operation 21027624 : EXECUTING
17:00:22 INFO  State of operation 21027624 : EXECUTING
17:00:24 INFO  State of operation 21027624 : EXECUTING
17:00:27 INFO  State of operation 21027624 : EXECUTING
17:00:29 INFO  State of operation 21027624 : EXECUTING
17:00:31 INFO  State of operation 21027624 : EXECUTING
17:00:33 INFO  State of operation 21027624 : EXECUTING
17:00:36 INFO  State of operation 21027624 : EXECUTING
17:00:38 INFO  State of operation 21027624 : EXECUTING
17:00:40 INFO  State of operation 21027624 : EXECUTING
17:00:43 INFO  State of operation 21027624 : EXECUTING
17:00:46 INFO  State of operation 21027624 : EXECUTING
17:00:48 INFO  State of operation 21027624 : EXECUTING
17:00:50 INFO  State of operation 21027624 : EXECUTING
17:00:52 INFO  State of operation 21027624 : EXECUTING
17:00:55 INFO  State of operation 21027624 : EXECUTING
17:00:57 INFO  State of operation 21027624 : EXECUTING
17:01:00 INFO  State of operation 21027624 : EXECUTING
17:01:02 INFO  State of operation 21027624 : EXECUTING
17:01:04 INFO  State of operation 21027624 : EXECUTING
17:01:07 INFO  State of operation 21027624 : EXECUTING
17:01:09 INFO  State of operation 21027624 : SUCCESSFUL
17:01:09 INFO  Assert that (False == value) with value=False ... passed
17:01:09 INFO  Assert that (False == value) with value=False ... passed
17:01:09 INFO  Assert that (False == value) with value=False ... passed
17:01:10 INFO  Assert that (False == value) with value=False ... passed
17:01:10 INFO  
17:01:10 INFO  cleanup:
17:01:14 INFO  Executed sudo&lt;tedge_disconnect_c8y&gt;, exit status 0
17:01:14 INFO  Executed systemctl&lt;serv_mapper5&gt;, exit status 3
17:01:14 INFO  
17:01:14 INFO  Test duration: 138.87 secs
17:01:14 INFO  Test final outcome:  FAILED
17:01:14 INFO  Test outcome reason: Assert that (False == value) with value=True (+2 other failures)
17:01:14 INFO  
</system-out>
	</testcase>
</testsuite>
