<?xml version="1.0" encoding="utf-8"?>
<testsuite failures="1" name="SoftwareManagement.sm_apt_install_remove_multiple" skipped="0" tests="1" time="139.98" timestamp="2022-07-21T21:09:51">
	<testcase classname="PySysTest" name="SoftwareManagement.sm_apt_install_remove_multiple">
		<failure message="FAILED: Assert that (False == value) with value=True (+2 other failures)" type="FAILED"/>
		<system-out>21:07:31 INFO  ==============================================================
21:07:31 INFO  Id:    SoftwareManagement.sm_apt_install_remove_multiple
21:07:31 INFO  Dir:   software_management_end_to_end/
21:07:31 INFO  Title: Validate end to end behaviour for the apt plugin for multiple packages
21:07:31 INFO  ==============================================================
21:07:31 INFO  Using sw id database: {'asciijump': '5475369', 'robotfindskitten': '5474869', 'squirrel3': '5475279', 'rolldice': '5152439', 'moon-buggy': '5439204', 'apple': '5495053', 'banana': '5494888', 'cherry': '5495382', 'watermelon': '5494510', 'registry': '8018911', 'hello-world': '8021526', 'docker/getting-started': '8021973', 'alpine': '7991792'}
21:07:31 INFO  EnvironmentC8y Setup
21:07:31 INFO  Executed systemctl&lt;serv_mapper1&gt;, exit status 3
21:07:31 INFO  Restarting mosquitto too frequently in the last 10 seconds. It was only up for 4 seconds
21:07:31 INFO  Delaying execution by 7 seconds
21:07:53 INFO  Executed sudo&lt;tedge_connect_c8y&gt;, exit status 0, duration 14 secs
21:07:53 INFO  Executed sudo&lt;tedge_connect_c8y_test&gt;, exit status 0
21:07:54 INFO  Executed systemctl&lt;serv_mosq2&gt;, exit status 0
21:07:54 INFO  Executed systemctl&lt;serv_mapper3&gt;, exit status 0
21:07:56 INFO  State of current operation: SUCCESSFUL
21:07:57 INFO  Assert that (False == value) with value=False ... passed
21:07:57 INFO  Package asciijump is installed
21:07:57 WARN  Assert that (False == value) with value=True ... failed 
21:07:57 INFO  Package squirrel3 is installed
21:07:57 WARN  Assert that (False == value) with value=True ... failed 
21:07:58 INFO  Package robotfindskitten is installed
21:07:58 WARN  Assert that (False == value) with value=True ... failed 
21:07:58 INFO  Response status: 201
21:07:58 INFO  Response to action: {
    &quot;delivery&quot;: {
        &quot;log&quot;: [],
        &quot;time&quot;: &quot;2022-07-21T21:07:58.324Z&quot;,
        &quot;status&quot;: &quot;PENDING&quot;
    },
    &quot;creationTime&quot;: &quot;2022-07-21T21:07:58.309Z&quot;,
    &quot;deviceId&quot;: &quot;21167114&quot;,
    &quot;deviceName&quot;: &quot;m32sd10c&quot;,
    &quot;self&quot;: &quot;https://t493319102.eu-latest.cumulocity.com/devicecontrol/operations/21187980&quot;,
    &quot;id&quot;: &quot;21187980&quot;,
    &quot;status&quot;: &quot;PENDING&quot;,
    &quot;description&quot;: &quot;Apply software changes, triggered from PySys: [{'action': 'install', 'id': '5475369', 'name': 'asciijump', 'url': ' ', 'version': '::apt'}, {'action': 'install', 'id': '5474869', 'name': 'robotfindskitten', 'url': ' ', 'version': '::apt'}, {'action': 'install', 'id': '5475279', 'name': 'squirrel3', 'url': ' ', 'version': '::apt'}]&quot;,
    &quot;c8y_SoftwareUpdate&quot;: [
        {
            &quot;name&quot;: &quot;asciijump&quot;,
            &quot;action&quot;: &quot;install&quot;,
            &quot;id&quot;: &quot;5475369&quot;,
            &quot;version&quot;: &quot;::apt&quot;,
            &quot;url&quot;: &quot; &quot;
        },
        {
            &quot;name&quot;: &quot;robotfindskitten&quot;,
            &quot;action&quot;: &quot;install&quot;,
            &quot;id&quot;: &quot;5474869&quot;,
            &quot;version&quot;: &quot;::apt&quot;,
            &quot;url&quot;: &quot; &quot;
        },
        {
            &quot;name&quot;: &quot;squirrel3&quot;,
            &quot;action&quot;: &quot;install&quot;,
            &quot;id&quot;: &quot;5475279&quot;,
            &quot;version&quot;: &quot;::apt&quot;,
            &quot;url&quot;: &quot; &quot;
        }
    ]
}
21:07:58 INFO  Started operation: {'delivery': {'log': [], 'time': '2022-07-21T21:07:58.324Z', 'status': 'PENDING'}, 'creationTime': '2022-07-21T21:07:58.309Z', 'deviceId': '21167114', 'deviceName': 'm32sd10c', 'self': 'https://t493319102.eu-latest.cumulocity.com/devicecontrol/operations/21187980', 'id': '21187980', 'status': 'PENDING', 'description': &quot;Apply software changes, triggered from PySys: [{'action': 'install', 'id': '5475369', 'name': 'asciijump', 'url': ' ', 'version': '::apt'}, {'action': 'install', 'id': '5474869', 'name': 'robotfindskitten', 'url': ' ', 'version': '::apt'}, {'action': 'install', 'id': '5475279', 'name': 'squirrel3', 'url': ' ', 'version': '::apt'}]&quot;, 'c8y_SoftwareUpdate': [{'name': 'asciijump', 'action': 'install', 'id': '5475369', 'version': '::apt', 'url': ' '}, {'name': 'robotfindskitten', 'action': 'install', 'id': '5474869', 'version': '::apt', 'url': ' '}, {'name': 'squirrel3', 'action': 'install', 'id': '5475279', 'version': '::apt', 'url': ' '}]}
21:08:00 INFO  State of operation 21187980 : PENDING
21:08:02 INFO  State of operation 21187980 : EXECUTING
21:08:05 INFO  State of operation 21187980 : EXECUTING
21:08:07 INFO  State of operation 21187980 : EXECUTING
21:08:09 INFO  State of operation 21187980 : EXECUTING
21:08:11 INFO  State of operation 21187980 : EXECUTING
21:08:14 INFO  State of operation 21187980 : EXECUTING
21:08:17 INFO  State of operation 21187980 : EXECUTING
21:08:20 INFO  State of operation 21187980 : EXECUTING
21:08:22 INFO  State of operation 21187980 : EXECUTING
21:08:24 INFO  State of operation 21187980 : EXECUTING
21:08:27 INFO  State of operation 21187980 : EXECUTING
21:08:29 INFO  State of operation 21187980 : EXECUTING
21:08:31 INFO  State of operation 21187980 : EXECUTING
21:08:33 INFO  State of operation 21187980 : EXECUTING
21:08:35 INFO  State of operation 21187980 : SUCCESSFUL
21:08:36 INFO  Assert that (False == value) with value=False ... passed
21:08:36 INFO  Package asciijump is installed
21:08:36 INFO  Assert that (True == value) with value=True ... passed
21:08:36 INFO  Package squirrel3 is installed
21:08:36 INFO  Assert that (True == value) with value=True ... passed
21:08:36 INFO  Package robotfindskitten is installed
21:08:36 INFO  Assert that (True == value) with value=True ... passed
21:08:37 INFO  Response status: 201
21:08:37 INFO  Response to action: {
    &quot;delivery&quot;: {
        &quot;log&quot;: [],
        &quot;time&quot;: &quot;2022-07-21T21:08:36.976Z&quot;,
        &quot;status&quot;: &quot;PENDING&quot;
    },
    &quot;creationTime&quot;: &quot;2022-07-21T21:08:36.960Z&quot;,
    &quot;deviceId&quot;: &quot;21167114&quot;,
    &quot;deviceName&quot;: &quot;m32sd10c&quot;,
    &quot;self&quot;: &quot;https://t493319102.eu-latest.cumulocity.com/devicecontrol/operations/21187986&quot;,
    &quot;id&quot;: &quot;21187986&quot;,
    &quot;status&quot;: &quot;PENDING&quot;,
    &quot;description&quot;: &quot;Apply software changes, triggered from PySys: [{'action': 'delete', 'id': '5475369', 'name': 'asciijump', 'url': ' ', 'version': '::apt'}, {'action': 'delete', 'id': '5474869', 'name': 'robotfindskitten', 'url': ' ', 'version': '::apt'}, {'action': 'delete', 'id': '5475279', 'name': 'squirrel3', 'url': ' ', 'version': '::apt'}]&quot;,
    &quot;c8y_SoftwareUpdate&quot;: [
        {
            &quot;name&quot;: &quot;asciijump&quot;,
            &quot;action&quot;: &quot;delete&quot;,
            &quot;id&quot;: &quot;5475369&quot;,
            &quot;version&quot;: &quot;::apt&quot;,
            &quot;url&quot;: &quot; &quot;
        },
        {
            &quot;name&quot;: &quot;robotfindskitten&quot;,
            &quot;action&quot;: &quot;delete&quot;,
            &quot;id&quot;: &quot;5474869&quot;,
            &quot;version&quot;: &quot;::apt&quot;,
            &quot;url&quot;: &quot; &quot;
        },
        {
            &quot;name&quot;: &quot;squirrel3&quot;,
            &quot;action&quot;: &quot;delete&quot;,
            &quot;id&quot;: &quot;5475279&quot;,
            &quot;version&quot;: &quot;::apt&quot;,
            &quot;url&quot;: &quot; &quot;
        }
    ]
}
21:08:37 INFO  Started operation: {'delivery': {'log': [], 'time': '2022-07-21T21:08:36.976Z', 'status': 'PENDING'}, 'creationTime': '2022-07-21T21:08:36.960Z', 'deviceId': '21167114', 'deviceName': 'm32sd10c', 'self': 'https://t493319102.eu-latest.cumulocity.com/devicecontrol/operations/21187986', 'id': '21187986', 'status': 'PENDING', 'description': &quot;Apply software changes, triggered from PySys: [{'action': 'delete', 'id': '5475369', 'name': 'asciijump', 'url': ' ', 'version': '::apt'}, {'action': 'delete', 'id': '5474869', 'name': 'robotfindskitten', 'url': ' ', 'version': '::apt'}, {'action': 'delete', 'id': '5475279', 'name': 'squirrel3', 'url': ' ', 'version': '::apt'}]&quot;, 'c8y_SoftwareUpdate': [{'name': 'asciijump', 'action': 'delete', 'id': '5475369', 'version': '::apt', 'url': ' '}, {'name': 'robotfindskitten', 'action': 'delete', 'id': '5474869', 'version': '::apt', 'url': ' '}, {'name': 'squirrel3', 'action': 'delete', 'id': '5475279', 'version': '::apt', 'url': ' '}]}
21:08:39 INFO  State of operation 21187986 : PENDING
21:08:41 INFO  State of operation 21187986 : EXECUTING
21:08:43 INFO  State of operation 21187986 : EXECUTING
21:08:45 INFO  State of operation 21187986 : EXECUTING
21:08:48 INFO  State of operation 21187986 : EXECUTING
21:08:50 INFO  State of operation 21187986 : EXECUTING
21:08:52 INFO  State of operation 21187986 : EXECUTING
21:08:55 INFO  State of operation 21187986 : EXECUTING
21:08:57 INFO  State of operation 21187986 : EXECUTING
21:09:00 INFO  State of operation 21187986 : EXECUTING
21:09:02 INFO  State of operation 21187986 : EXECUTING
21:09:04 INFO  State of operation 21187986 : EXECUTING
21:09:07 INFO  State of operation 21187986 : EXECUTING
21:09:09 INFO  State of operation 21187986 : EXECUTING
21:09:11 INFO  State of operation 21187986 : EXECUTING
21:09:13 INFO  State of operation 21187986 : EXECUTING
21:09:16 INFO  State of operation 21187986 : EXECUTING
21:09:18 INFO  State of operation 21187986 : EXECUTING
21:09:22 INFO  State of operation 21187986 : EXECUTING
21:09:24 INFO  State of operation 21187986 : EXECUTING
21:09:27 INFO  State of operation 21187986 : EXECUTING
21:09:29 INFO  State of operation 21187986 : EXECUTING
21:09:31 INFO  State of operation 21187986 : EXECUTING
21:09:33 INFO  State of operation 21187986 : EXECUTING
21:09:36 INFO  State of operation 21187986 : EXECUTING
21:09:38 INFO  State of operation 21187986 : EXECUTING
21:09:41 INFO  State of operation 21187986 : EXECUTING
21:09:43 INFO  State of operation 21187986 : EXECUTING
21:09:45 INFO  State of operation 21187986 : SUCCESSFUL
21:09:45 INFO  Assert that (False == value) with value=False ... passed
21:09:46 INFO  Assert that (False == value) with value=False ... passed
21:09:46 INFO  Assert that (False == value) with value=False ... passed
21:09:46 INFO  Assert that (False == value) with value=False ... passed
21:09:46 INFO  
21:09:46 INFO  cleanup:
21:09:50 INFO  Executed sudo&lt;tedge_disconnect_c8y&gt;, exit status 0
21:09:51 INFO  Executed systemctl&lt;serv_mapper5&gt;, exit status 3
21:09:51 INFO  
21:09:51 INFO  Test duration: 139.98 secs
21:09:51 INFO  Test final outcome:  FAILED
21:09:51 INFO  Test outcome reason: Assert that (False == value) with value=True (+2 other failures)
21:09:51 INFO  
</system-out>
	</testcase>
</testsuite>
