<?xml version="1.0" encoding="utf-8"?>
<testsuite failures="1" name="SoftwareManagement.sm_apt_install_fail" skipped="0" tests="1" time="166.42" timestamp="2022-05-23T09:36:11">
	<testcase classname="PySysTest" name="SoftwareManagement.sm_apt_install_fail">
		<failure message="BLOCKED: SystemError: Timeout while waiting for status FAILED or SUCCESSFUL" type="BLOCKED"/>
		<system-out>09:33:25 INFO  ==============================================================
09:33:25 INFO  Id:    SoftwareManagement.sm_apt_install_fail
09:33:25 INFO  Dir:   software_management_end_to_end/
09:33:25 INFO  Title: Validate end to end behaviour for a failing installation
09:33:25 INFO  ==============================================================
09:33:25 INFO  Using sw id database: {'asciijump': '5475369', 'robotfindskitten': '5474869', 'squirrel3': '5475279', 'rolldice': '5152439', 'moon-buggy': '5439204', 'apple': '5495053', 'banana': '5494888', 'cherry': '5495382', 'watermelon': '5494510', 'registry': '8018911', 'hello-world': '8021526', 'docker/getting-started': '8021973', 'alpine': '7991792'}
09:33:25 INFO  EnvironmentC8y Setup
09:33:25 INFO  Executed systemctl&lt;serv_mapper1&gt;, exit status 3
09:33:26 INFO  Restarting mosquitto too frequently in the last 10 seconds. It was only up for 5 seconds
09:33:26 INFO  Delaying execution by 6 seconds
09:33:46 INFO  Executed sudo&lt;tedge_connect_c8y&gt;, exit status 0, duration 14 secs
09:33:46 INFO  Executed sudo&lt;tedge_connect_c8y_test&gt;, exit status 0
09:33:47 INFO  Executed systemctl&lt;serv_mosq2&gt;, exit status 0
09:33:47 INFO  Executed systemctl&lt;serv_mapper3&gt;, exit status 0
09:33:49 INFO  State of current operation: PENDING
09:33:52 INFO  State of current operation: PENDING
09:33:54 INFO  State of current operation: PENDING
09:33:56 INFO  State of current operation: PENDING
09:33:58 INFO  State of current operation: PENDING
09:34:01 INFO  State of current operation: PENDING
09:34:03 INFO  State of current operation: PENDING
09:34:05 INFO  State of current operation: PENDING
09:34:07 INFO  State of current operation: PENDING
09:34:10 INFO  State of current operation: PENDING
09:34:12 INFO  State of current operation: PENDING
09:34:14 INFO  State of current operation: PENDING
09:34:16 INFO  State of current operation: PENDING
09:34:18 INFO  State of current operation: PENDING
09:34:21 INFO  State of current operation: PENDING
09:34:23 INFO  State of current operation: PENDING
09:34:25 INFO  State of current operation: PENDING
09:34:27 INFO  State of current operation: PENDING
09:34:30 INFO  State of current operation: PENDING
09:34:32 INFO  State of current operation: PENDING
09:34:34 INFO  State of current operation: PENDING
09:34:36 INFO  State of current operation: PENDING
09:34:39 INFO  State of current operation: PENDING
09:34:41 INFO  State of current operation: PENDING
09:34:43 INFO  State of current operation: PENDING
09:34:45 INFO  State of current operation: PENDING
09:34:48 INFO  State of current operation: PENDING
09:34:50 INFO  State of current operation: PENDING
09:34:52 INFO  State of current operation: PENDING
09:34:54 INFO  State of current operation: PENDING
09:34:57 INFO  State of current operation: PENDING
09:34:59 INFO  State of current operation: PENDING
09:35:01 INFO  State of current operation: PENDING
09:35:03 INFO  State of current operation: PENDING
09:35:06 INFO  State of current operation: PENDING
09:35:08 INFO  State of current operation: PENDING
09:35:10 INFO  State of current operation: PENDING
09:35:12 INFO  State of current operation: PENDING
09:35:14 INFO  State of current operation: PENDING
09:35:17 INFO  State of current operation: PENDING
09:35:19 INFO  State of current operation: PENDING
09:35:21 INFO  State of current operation: PENDING
09:35:23 INFO  State of current operation: PENDING
09:35:26 INFO  State of current operation: PENDING
09:35:29 INFO  State of current operation: PENDING
09:35:31 INFO  State of current operation: PENDING
09:35:33 INFO  State of current operation: PENDING
09:35:35 INFO  State of current operation: PENDING
09:35:38 INFO  State of current operation: PENDING
09:35:40 INFO  State of current operation: PENDING
09:35:42 INFO  State of current operation: PENDING
09:35:44 INFO  State of current operation: PENDING
09:35:47 INFO  State of current operation: PENDING
09:35:49 INFO  State of current operation: PENDING
09:35:51 INFO  State of current operation: PENDING
09:35:53 INFO  State of current operation: PENDING
09:35:55 INFO  State of current operation: PENDING
09:35:58 INFO  State of current operation: PENDING
09:36:00 INFO  State of current operation: PENDING
09:36:02 INFO  State of current operation: PENDING
09:36:05 INFO  State of current operation: PENDING
09:36:07 WARN  SystemError occurred while running test - Timeout while waiting for status FAILED or SUCCESSFUL
Traceback (most recent call last):
  File &quot;/home/pi/env-pysys/lib/python3.7/site-packages/pysys/baserunner.py&quot;, line 1292, in __call__
    self.testObj.setup()
  File &quot;/home/pi/actions-runner/_work/thin-edge.io/thin-edge.io/tests/PySys/software_management_end_to_end/sm_apt_install_fail/run.py&quot;, line 20, in setup
    super().setup()
  File &quot;/home/pi/actions-runner/_work/thin-edge.io/thin-edge.io/tests/PySys/software_management_end_to_end/environment_sm_management.py&quot;, line 151, in setup
    self.wait_until_end()
  File &quot;/home/pi/actions-runner/_work/thin-edge.io/thin-edge.io/tests/PySys/software_management_end_to_end/environment_sm_management.py&quot;, line 332, in wait_until_end
    self.wait_until_status(&quot;FAILED&quot;, &quot;SUCCESSFUL&quot;)
  File &quot;/home/pi/actions-runner/_work/thin-edge.io/thin-edge.io/tests/PySys/software_management_end_to_end/environment_sm_management.py&quot;, line 381, in wait_until_status
    &quot;Timeout while waiting for status %s or %s&quot; % (status, status2)
SystemError: Timeout while waiting for status FAILED or SUCCESSFUL
09:36:07 WARN  SystemError: Timeout while waiting for status FAILED or SUCCESSFUL ... blocked 
09:36:07 INFO  
09:36:07 INFO  cleanup:
09:36:11 INFO  Executed sudo&lt;tedge_disconnect_c8y&gt;, exit status 0
09:36:11 INFO  Executed systemctl&lt;serv_mapper5&gt;, exit status 3
09:36:11 INFO  
09:36:11 INFO  Test duration: 166.42 secs
09:36:11 INFO  Test final outcome:  BLOCKED
09:36:11 INFO  Test outcome reason: SystemError: Timeout while waiting for status FAILED or SUCCESSFUL
09:36:11 INFO  
</system-out>
	</testcase>
</testsuite>
