<?xml version="1.0" encoding="utf-8"?>
<testsuite failures="1" name="SoftwareManagement.sm_apt_install_remove_multiple_mixed" skipped="0" tests="1" time="178.58" timestamp="2022-07-15T08:53:40">
	<testcase classname="PySysTest" name="SoftwareManagement.sm_apt_install_remove_multiple_mixed">
		<failure message="BLOCKED: SystemError: Timeout while waiting for status SUCCESSFUL or False (+1 other failures)" type="BLOCKED"/>
		<system-out>08:50:41 INFO  ==============================================================
08:50:41 INFO  Id:    SoftwareManagement.sm_apt_install_remove_multiple_mixed
08:50:41 INFO  Dir:   software_management_end_to_end/
08:50:41 INFO  Title: Validate end to end behaviour for the apt plugin for multiple packages with mixed versions
08:50:41 INFO  ==============================================================
08:50:41 INFO  Using sw id database: {'asciijump': '5475369', 'robotfindskitten': '5474869', 'squirrel3': '5475279', 'rolldice': '5152439', 'moon-buggy': '5439204', 'apple': '5495053', 'banana': '5494888', 'cherry': '5495382', 'watermelon': '5494510', 'registry': '8018911', 'hello-world': '8021526', 'docker/getting-started': '8021973', 'alpine': '7991792'}
08:50:41 INFO  EnvironmentC8y Setup
08:50:42 INFO  Executed systemctl&lt;serv_mapper1&gt;, exit status 3
08:50:42 INFO  Restarting mosquitto too frequently in the last 10 seconds. It was only up for 5 seconds
08:50:42 INFO  Delaying execution by 6 seconds
08:51:02 INFO  Executed sudo&lt;tedge_connect_c8y&gt;, exit status 0, duration 13 secs
08:51:02 INFO  Executed sudo&lt;tedge_connect_c8y_test&gt;, exit status 0
08:51:03 INFO  Executed systemctl&lt;serv_mosq2&gt;, exit status 0
08:51:03 INFO  Executed systemctl&lt;serv_mapper3&gt;, exit status 0
08:51:06 INFO  State of current operation: SUCCESSFUL
08:51:06 INFO  Assert that (False == value) with value=False ... passed
08:51:06 INFO  Assert that (False == value) with value=False ... passed
08:51:06 INFO  Assert that (False == value) with value=False ... passed
08:51:07 INFO  Assert that (False == value) with value=False ... passed
08:51:07 INFO  Package moon-buggy is installed
08:51:07 WARN  Assert that (False == value) with value=True ... failed 
08:51:08 INFO  Response status: 201
08:51:08 INFO  Response to action: {
    &quot;creationTime&quot;: &quot;2022-07-15T08:51:08.575Z&quot;,
    &quot;deviceName&quot;: &quot;m32sd10c&quot;,
    &quot;deviceId&quot;: &quot;20885744&quot;,
    &quot;self&quot;: &quot;https://t493319102.eu-latest.cumulocity.com/devicecontrol/operations/20930497&quot;,
    &quot;id&quot;: &quot;20930497&quot;,
    &quot;status&quot;: &quot;PENDING&quot;,
    &quot;description&quot;: &quot;Apply software changes, triggered from PySys: [{'action': 'install', 'id': '5475369', 'name': 'asciijump', 'url': ' ', 'version': '::apt'}, {'action': 'install', 'id': '5474869', 'name': 'robotfindskitten', 'url': ' ', 'version': ' '}, {'action': 'install', 'id': '5475279', 'name': 'squirrel3', 'url': ' ', 'version': '3.1-7::apt'}, {'action': 'install', 'id': '5152439', 'name': 'rolldice', 'url': ' ', 'version': '1.16-1+b1'}, {'action': 'install', 'id': '5439204', 'name': 'moon-buggy', 'url': ' ', 'version': '1:1.0.51-12'}, {'action': 'install', 'id': '5475369', 'name': 'asciijump', 'url': ' ', 'version': '::apt'}]&quot;,
    &quot;c8y_SoftwareUpdate&quot;: [
        {
            &quot;name&quot;: &quot;asciijump&quot;,
            &quot;action&quot;: &quot;install&quot;,
            &quot;id&quot;: &quot;5475369&quot;,
            &quot;version&quot;: &quot;::apt&quot;,
            &quot;url&quot;: &quot; &quot;
        },
        {
            &quot;name&quot;: &quot;robotfindskitten&quot;,
            &quot;action&quot;: &quot;install&quot;,
            &quot;id&quot;: &quot;5474869&quot;,
            &quot;version&quot;: &quot; &quot;,
            &quot;url&quot;: &quot; &quot;
        },
        {
            &quot;name&quot;: &quot;squirrel3&quot;,
            &quot;action&quot;: &quot;install&quot;,
            &quot;id&quot;: &quot;5475279&quot;,
            &quot;version&quot;: &quot;3.1-7::apt&quot;,
            &quot;url&quot;: &quot; &quot;
        },
        {
            &quot;name&quot;: &quot;rolldice&quot;,
            &quot;action&quot;: &quot;install&quot;,
            &quot;id&quot;: &quot;5152439&quot;,
            &quot;version&quot;: &quot;1.16-1+b1&quot;,
            &quot;url&quot;: &quot; &quot;
        },
        {
            &quot;name&quot;: &quot;moon-buggy&quot;,
            &quot;action&quot;: &quot;install&quot;,
            &quot;id&quot;: &quot;5439204&quot;,
            &quot;version&quot;: &quot;1:1.0.51-12&quot;,
            &quot;url&quot;: &quot; &quot;
        },
        {
            &quot;name&quot;: &quot;asciijump&quot;,
            &quot;action&quot;: &quot;install&quot;,
            &quot;id&quot;: &quot;5475369&quot;,
            &quot;version&quot;: &quot;::apt&quot;,
            &quot;url&quot;: &quot; &quot;
        }
    ]
}
08:51:08 INFO  Started operation: {'creationTime': '2022-07-15T08:51:08.575Z', 'deviceName': 'm32sd10c', 'deviceId': '20885744', 'self': 'https://t493319102.eu-latest.cumulocity.com/devicecontrol/operations/20930497', 'id': '20930497', 'status': 'PENDING', 'description': &quot;Apply software changes, triggered from PySys: [{'action': 'install', 'id': '5475369', 'name': 'asciijump', 'url': ' ', 'version': '::apt'}, {'action': 'install', 'id': '5474869', 'name': 'robotfindskitten', 'url': ' ', 'version': ' '}, {'action': 'install', 'id': '5475279', 'name': 'squirrel3', 'url': ' ', 'version': '3.1-7::apt'}, {'action': 'install', 'id': '5152439', 'name': 'rolldice', 'url': ' ', 'version': '1.16-1+b1'}, {'action': 'install', 'id': '5439204', 'name': 'moon-buggy', 'url': ' ', 'version': '1:1.0.51-12'}, {'action': 'install', 'id': '5475369', 'name': 'asciijump', 'url': ' ', 'version': '::apt'}]&quot;, 'c8y_SoftwareUpdate': [{'name': 'asciijump', 'action': 'install', 'id': '5475369', 'version': '::apt', 'url': ' '}, {'name': 'robotfindskitten', 'action': 'install', 'id': '5474869', 'version': ' ', 'url': ' '}, {'name': 'squirrel3', 'action': 'install', 'id': '5475279', 'version': '3.1-7::apt', 'url': ' '}, {'name': 'rolldice', 'action': 'install', 'id': '5152439', 'version': '1.16-1+b1', 'url': ' '}, {'name': 'moon-buggy', 'action': 'install', 'id': '5439204', 'version': '1:1.0.51-12', 'url': ' '}, {'name': 'asciijump', 'action': 'install', 'id': '5475369', 'version': '::apt', 'url': ' '}]}
08:51:10 INFO  State of operation 20930497 : PENDING
08:51:13 INFO  State of operation 20930497 : EXECUTING
08:51:15 INFO  State of operation 20930497 : EXECUTING
08:51:17 INFO  State of operation 20930497 : EXECUTING
08:51:19 INFO  State of operation 20930497 : EXECUTING
08:51:22 INFO  State of operation 20930497 : EXECUTING
08:51:25 INFO  State of operation 20930497 : EXECUTING
08:51:28 INFO  State of operation 20930497 : EXECUTING
08:51:30 INFO  State of operation 20930497 : EXECUTING
08:51:32 INFO  State of operation 20930497 : EXECUTING
08:51:35 INFO  State of operation 20930497 : EXECUTING
08:51:37 INFO  State of operation 20930497 : EXECUTING
08:51:39 INFO  State of operation 20930497 : EXECUTING
08:51:41 INFO  State of operation 20930497 : EXECUTING
08:51:44 INFO  State of operation 20930497 : EXECUTING
08:51:46 INFO  State of operation 20930497 : EXECUTING
08:51:48 INFO  State of operation 20930497 : EXECUTING
08:51:51 INFO  State of operation 20930497 : EXECUTING
08:51:53 INFO  State of operation 20930497 : EXECUTING
08:51:55 INFO  State of operation 20930497 : EXECUTING
08:51:58 INFO  State of operation 20930497 : EXECUTING
08:52:00 INFO  State of operation 20930497 : EXECUTING
08:52:03 INFO  State of operation 20930497 : EXECUTING
08:52:06 INFO  State of operation 20930497 : EXECUTING
08:52:08 INFO  State of operation 20930497 : EXECUTING
08:52:11 INFO  State of operation 20930497 : EXECUTING
08:52:13 INFO  State of operation 20930497 : EXECUTING
08:52:16 INFO  State of operation 20930497 : EXECUTING
08:52:18 INFO  State of operation 20930497 : EXECUTING
08:52:20 INFO  State of operation 20930497 : EXECUTING
08:52:23 INFO  State of operation 20930497 : EXECUTING
08:52:25 INFO  State of operation 20930497 : EXECUTING
08:52:27 INFO  State of operation 20930497 : EXECUTING
08:52:29 INFO  State of operation 20930497 : EXECUTING
08:52:32 INFO  State of operation 20930497 : EXECUTING
08:52:34 INFO  State of operation 20930497 : EXECUTING
08:52:36 INFO  State of operation 20930497 : EXECUTING
08:52:39 INFO  State of operation 20930497 : EXECUTING
08:52:42 INFO  State of operation 20930497 : EXECUTING
08:52:44 INFO  State of operation 20930497 : EXECUTING
08:52:46 INFO  State of operation 20930497 : EXECUTING
08:52:48 INFO  State of operation 20930497 : EXECUTING
08:52:51 INFO  State of operation 20930497 : EXECUTING
08:52:53 INFO  State of operation 20930497 : EXECUTING
08:52:55 INFO  State of operation 20930497 : EXECUTING
08:52:57 INFO  State of operation 20930497 : EXECUTING
08:53:00 INFO  State of operation 20930497 : EXECUTING
08:53:03 INFO  State of operation 20930497 : EXECUTING
08:53:05 INFO  State of operation 20930497 : EXECUTING
08:53:07 INFO  State of operation 20930497 : EXECUTING
08:53:09 INFO  State of operation 20930497 : EXECUTING
08:53:12 INFO  State of operation 20930497 : EXECUTING
08:53:14 INFO  State of operation 20930497 : EXECUTING
08:53:17 INFO  State of operation 20930497 : EXECUTING
08:53:19 INFO  State of operation 20930497 : EXECUTING
08:53:21 INFO  State of operation 20930497 : EXECUTING
08:53:24 INFO  State of operation 20930497 : EXECUTING
08:53:26 INFO  State of operation 20930497 : EXECUTING
08:53:28 INFO  State of operation 20930497 : EXECUTING
08:53:30 INFO  State of operation 20930497 : EXECUTING
08:53:33 INFO  State of operation 20930497 : EXECUTING
08:53:35 WARN  SystemError occurred while running test - Timeout while waiting for status SUCCESSFUL or False
Traceback (most recent call last):
  File &quot;/home/pi/env-pysys/lib/python3.7/site-packages/pysys/baserunner.py&quot;, line 1294, in __call__
    self.testObj.execute()
  File &quot;/home/pi/actions-runner/_work/thin-edge.io/thin-edge.io/tests/PySys/software_management_end_to_end/sm_apt_install_remove_multiple_mixed/run.py&quot;, line 89, in execute
    self.wait_until_succcess()
  File &quot;/home/pi/actions-runner/_work/thin-edge.io/thin-edge.io/tests/PySys/software_management_end_to_end/environment_sm_management.py&quot;, line 324, in wait_until_succcess
    self.wait_until_status(&quot;SUCCESSFUL&quot;)
  File &quot;/home/pi/actions-runner/_work/thin-edge.io/thin-edge.io/tests/PySys/software_management_end_to_end/environment_sm_management.py&quot;, line 381, in wait_until_status
    &quot;Timeout while waiting for status %s or %s&quot; % (status, status2)
SystemError: Timeout while waiting for status SUCCESSFUL or False
08:53:35 WARN  SystemError: Timeout while waiting for status SUCCESSFUL or False ... blocked 
08:53:35 INFO  
08:53:35 INFO  cleanup:
08:53:39 INFO  Executed sudo&lt;tedge_disconnect_c8y&gt;, exit status 0
08:53:40 INFO  Executed systemctl&lt;serv_mapper5&gt;, exit status 3
08:53:40 INFO  
08:53:40 INFO  Test duration: 178.58 secs
08:53:40 INFO  Test final outcome:  BLOCKED
08:53:40 INFO  Test outcome reason: SystemError: Timeout while waiting for status SUCCESSFUL or False (+1 other failures)
08:53:40 INFO  
</system-out>
	</testcase>
</testsuite>
