<?xml version="1.0" encoding="utf-8"?>
<testsuite failures="1" name="SoftwareManagement.sm_mixed_install_remove_multiple" skipped="0" tests="1" time="165.3" timestamp="2022-07-21T13:14:01">
	<testcase classname="PySysTest" name="SoftwareManagement.sm_mixed_install_remove_multiple">
		<failure message="FAILED: Assert that (False == value) with value=True" type="FAILED"/>
		<system-out>13:11:16 INFO  ==============================================================
13:11:16 INFO  Id:    SoftwareManagement.sm_mixed_install_remove_multiple
13:11:16 INFO  Dir:   software_management_end_to_end/
13:11:16 INFO  Title: Validate end to end behaviour for the dummy-plugin for multiple packages with mixed versions
13:11:16 INFO  ==============================================================
13:11:16 INFO  Using sw id database: {'asciijump': '5475369', 'robotfindskitten': '5474869', 'squirrel3': '5475279', 'rolldice': '5152439', 'moon-buggy': '5439204', 'apple': '5495053', 'banana': '5494888', 'cherry': '5495382', 'watermelon': '5494510', 'registry': '8018911', 'hello-world': '8021526', 'docker/getting-started': '8021973', 'alpine': '7991792'}
13:11:16 INFO  EnvironmentC8y Setup
13:11:16 INFO  Executed systemctl&lt;serv_mapper1&gt;, exit status 3
13:11:16 INFO  Restarting mosquitto too frequently in the last 10 seconds. It was only up for 4 seconds
13:11:16 INFO  Delaying execution by 7 seconds
13:11:37 INFO  Executed sudo&lt;tedge_connect_c8y&gt;, exit status 0, duration 14 secs
13:11:38 INFO  Executed sudo&lt;tedge_connect_c8y_test&gt;, exit status 0
13:11:39 INFO  Executed systemctl&lt;serv_mosq2&gt;, exit status 0
13:11:39 INFO  Executed systemctl&lt;serv_mapper3&gt;, exit status 0
13:11:41 INFO  State of current operation: SUCCESSFUL
13:11:42 INFO  Package apple is installed
13:11:42 INFO  Assert that (True == value) with value=True ... passed
13:11:42 INFO  Package banana is installed
13:11:42 INFO  Assert that (True == value) with value=True ... passed
13:11:42 INFO  Package cherry is installed
13:11:42 INFO  Assert that (True == value) with value=True ... passed
13:11:42 INFO  Package asciijump is installed
13:11:42 WARN  Assert that (False == value) with value=True ... failed 
13:11:43 INFO  Assert that (False == value) with value=False ... passed
13:11:43 INFO  Response status: 201
13:11:43 INFO  Response to action: {
    &quot;creationTime&quot;: &quot;2022-07-21T13:11:43.215Z&quot;,
    &quot;deviceId&quot;: &quot;21118604&quot;,
    &quot;deviceName&quot;: &quot;m32sd10c&quot;,
    &quot;self&quot;: &quot;https://t493319102.eu-latest.cumulocity.com/devicecontrol/operations/21133732&quot;,
    &quot;id&quot;: &quot;21133732&quot;,
    &quot;status&quot;: &quot;PENDING&quot;,
    &quot;description&quot;: &quot;Apply software changes, triggered from PySys: [{'action': 'install', 'id': '5495053', 'name': 'apple', 'url': ' ', 'version': '::fruits'}, {'action': 'install', 'id': '5494888', 'name': 'banana', 'url': ' ', 'version': '::fruits'}, {'action': 'install', 'id': '5475369', 'name': 'asciijump', 'url': ' ', 'version': '::apt'}, {'action': 'install', 'id': '5495382', 'name': 'cherry', 'url': ' ', 'version': '::fruits'}, {'action': 'install', 'id': '8018911', 'name': 'registry', 'url': ' ', 'version': '::docker'}]&quot;,
    &quot;c8y_SoftwareUpdate&quot;: [
        {
            &quot;name&quot;: &quot;apple&quot;,
            &quot;action&quot;: &quot;install&quot;,
            &quot;id&quot;: &quot;5495053&quot;,
            &quot;version&quot;: &quot;::fruits&quot;,
            &quot;url&quot;: &quot; &quot;
        },
        {
            &quot;name&quot;: &quot;banana&quot;,
            &quot;action&quot;: &quot;install&quot;,
            &quot;id&quot;: &quot;5494888&quot;,
            &quot;version&quot;: &quot;::fruits&quot;,
            &quot;url&quot;: &quot; &quot;
        },
        {
            &quot;name&quot;: &quot;asciijump&quot;,
            &quot;action&quot;: &quot;install&quot;,
            &quot;id&quot;: &quot;5475369&quot;,
            &quot;version&quot;: &quot;::apt&quot;,
            &quot;url&quot;: &quot; &quot;
        },
        {
            &quot;name&quot;: &quot;cherry&quot;,
            &quot;action&quot;: &quot;install&quot;,
            &quot;id&quot;: &quot;5495382&quot;,
            &quot;version&quot;: &quot;::fruits&quot;,
            &quot;url&quot;: &quot; &quot;
        },
        {
            &quot;name&quot;: &quot;registry&quot;,
            &quot;action&quot;: &quot;install&quot;,
            &quot;id&quot;: &quot;8018911&quot;,
            &quot;version&quot;: &quot;::docker&quot;,
            &quot;url&quot;: &quot; &quot;
        }
    ]
}
13:11:43 INFO  Started operation: {'creationTime': '2022-07-21T13:11:43.215Z', 'deviceId': '21118604', 'deviceName': 'm32sd10c', 'self': 'https://t493319102.eu-latest.cumulocity.com/devicecontrol/operations/21133732', 'id': '21133732', 'status': 'PENDING', 'description': &quot;Apply software changes, triggered from PySys: [{'action': 'install', 'id': '5495053', 'name': 'apple', 'url': ' ', 'version': '::fruits'}, {'action': 'install', 'id': '5494888', 'name': 'banana', 'url': ' ', 'version': '::fruits'}, {'action': 'install', 'id': '5475369', 'name': 'asciijump', 'url': ' ', 'version': '::apt'}, {'action': 'install', 'id': '5495382', 'name': 'cherry', 'url': ' ', 'version': '::fruits'}, {'action': 'install', 'id': '8018911', 'name': 'registry', 'url': ' ', 'version': '::docker'}]&quot;, 'c8y_SoftwareUpdate': [{'name': 'apple', 'action': 'install', 'id': '5495053', 'version': '::fruits', 'url': ' '}, {'name': 'banana', 'action': 'install', 'id': '5494888', 'version': '::fruits', 'url': ' '}, {'name': 'asciijump', 'action': 'install', 'id': '5475369', 'version': '::apt', 'url': ' '}, {'name': 'cherry', 'action': 'install', 'id': '5495382', 'version': '::fruits', 'url': ' '}, {'name': 'registry', 'action': 'install', 'id': '8018911', 'version': '::docker', 'url': ' '}]}
13:11:45 INFO  State of operation 21133732 : PENDING
13:11:47 INFO  State of operation 21133732 : EXECUTING
13:11:49 INFO  State of operation 21133732 : EXECUTING
13:11:52 INFO  State of operation 21133732 : EXECUTING
13:11:54 INFO  State of operation 21133732 : EXECUTING
13:11:56 INFO  State of operation 21133732 : EXECUTING
13:11:59 INFO  State of operation 21133732 : EXECUTING
13:12:02 INFO  State of operation 21133732 : EXECUTING
13:12:04 INFO  State of operation 21133732 : EXECUTING
13:12:07 INFO  State of operation 21133732 : EXECUTING
13:12:09 INFO  State of operation 21133732 : EXECUTING
13:12:11 INFO  State of operation 21133732 : EXECUTING
13:12:13 INFO  State of operation 21133732 : EXECUTING
13:12:16 INFO  State of operation 21133732 : EXECUTING
13:12:18 INFO  State of operation 21133732 : EXECUTING
13:12:20 INFO  State of operation 21133732 : EXECUTING
13:12:22 INFO  State of operation 21133732 : EXECUTING
13:12:25 INFO  State of operation 21133732 : EXECUTING
13:12:27 INFO  State of operation 21133732 : EXECUTING
13:12:29 INFO  State of operation 21133732 : EXECUTING
13:12:31 INFO  State of operation 21133732 : EXECUTING
13:12:34 INFO  State of operation 21133732 : EXECUTING
13:12:36 INFO  State of operation 21133732 : EXECUTING
13:12:38 INFO  State of operation 21133732 : EXECUTING
13:12:41 INFO  State of operation 21133732 : EXECUTING
13:12:43 INFO  State of operation 21133732 : SUCCESSFUL
13:12:43 INFO  Package apple is installed
13:12:43 INFO  Assert that (True == value) with value=True ... passed
13:12:43 INFO  Package banana is installed
13:12:43 INFO  Assert that (True == value) with value=True ... passed
13:12:43 INFO  Package cherry is installed
13:12:43 INFO  Assert that (True == value) with value=True ... passed
13:12:44 INFO  Package asciijump is installed
13:12:44 INFO  Assert that (True == value) with value=True ... passed
13:12:44 INFO  Package registry is installed
13:12:44 INFO  Assert that (True == value) with value=True ... passed
13:12:44 INFO  Response status: 201
13:12:44 INFO  Response to action: {
    &quot;creationTime&quot;: &quot;2022-07-21T13:12:44.579Z&quot;,
    &quot;deviceId&quot;: &quot;21118604&quot;,
    &quot;deviceName&quot;: &quot;m32sd10c&quot;,
    &quot;self&quot;: &quot;https://t493319102.eu-latest.cumulocity.com/devicecontrol/operations/21133741&quot;,
    &quot;id&quot;: &quot;21133741&quot;,
    &quot;status&quot;: &quot;PENDING&quot;,
    &quot;description&quot;: &quot;Apply software changes, triggered from PySys: [{'action': 'delete', 'id': '5495053', 'name': 'apple', 'url': ' ', 'version': '::fruits'}, {'action': 'delete', 'id': '5494888', 'name': 'banana', 'url': ' ', 'version': '::fruits'}, {'action': 'delete', 'id': '5475369', 'name': 'asciijump', 'url': ' ', 'version': '::apt'}, {'action': 'delete', 'id': '5495382', 'name': 'cherry', 'url': ' ', 'version': '::fruits'}, {'action': 'delete', 'id': '8018911', 'name': 'registry', 'url': ' ', 'version': '::docker'}]&quot;,
    &quot;c8y_SoftwareUpdate&quot;: [
        {
            &quot;name&quot;: &quot;apple&quot;,
            &quot;action&quot;: &quot;delete&quot;,
            &quot;id&quot;: &quot;5495053&quot;,
            &quot;version&quot;: &quot;::fruits&quot;,
            &quot;url&quot;: &quot; &quot;
        },
        {
            &quot;name&quot;: &quot;banana&quot;,
            &quot;action&quot;: &quot;delete&quot;,
            &quot;id&quot;: &quot;5494888&quot;,
            &quot;version&quot;: &quot;::fruits&quot;,
            &quot;url&quot;: &quot; &quot;
        },
        {
            &quot;name&quot;: &quot;asciijump&quot;,
            &quot;action&quot;: &quot;delete&quot;,
            &quot;id&quot;: &quot;5475369&quot;,
            &quot;version&quot;: &quot;::apt&quot;,
            &quot;url&quot;: &quot; &quot;
        },
        {
            &quot;name&quot;: &quot;cherry&quot;,
            &quot;action&quot;: &quot;delete&quot;,
            &quot;id&quot;: &quot;5495382&quot;,
            &quot;version&quot;: &quot;::fruits&quot;,
            &quot;url&quot;: &quot; &quot;
        },
        {
            &quot;name&quot;: &quot;registry&quot;,
            &quot;action&quot;: &quot;delete&quot;,
            &quot;id&quot;: &quot;8018911&quot;,
            &quot;version&quot;: &quot;::docker&quot;,
            &quot;url&quot;: &quot; &quot;
        }
    ]
}
13:12:44 INFO  Started operation: {'creationTime': '2022-07-21T13:12:44.579Z', 'deviceId': '21118604', 'deviceName': 'm32sd10c', 'self': 'https://t493319102.eu-latest.cumulocity.com/devicecontrol/operations/21133741', 'id': '21133741', 'status': 'PENDING', 'description': &quot;Apply software changes, triggered from PySys: [{'action': 'delete', 'id': '5495053', 'name': 'apple', 'url': ' ', 'version': '::fruits'}, {'action': 'delete', 'id': '5494888', 'name': 'banana', 'url': ' ', 'version': '::fruits'}, {'action': 'delete', 'id': '5475369', 'name': 'asciijump', 'url': ' ', 'version': '::apt'}, {'action': 'delete', 'id': '5495382', 'name': 'cherry', 'url': ' ', 'version': '::fruits'}, {'action': 'delete', 'id': '8018911', 'name': 'registry', 'url': ' ', 'version': '::docker'}]&quot;, 'c8y_SoftwareUpdate': [{'name': 'apple', 'action': 'delete', 'id': '5495053', 'version': '::fruits', 'url': ' '}, {'name': 'banana', 'action': 'delete', 'id': '5494888', 'version': '::fruits', 'url': ' '}, {'name': 'asciijump', 'action': 'delete', 'id': '5475369', 'version': '::apt', 'url': ' '}, {'name': 'cherry', 'action': 'delete', 'id': '5495382', 'version': '::fruits', 'url': ' '}, {'name': 'registry', 'action': 'delete', 'id': '8018911', 'version': '::docker', 'url': ' '}]}
13:12:46 INFO  State of operation 21133741 : PENDING
13:12:49 INFO  State of operation 21133741 : EXECUTING
13:12:51 INFO  State of operation 21133741 : EXECUTING
13:12:53 INFO  State of operation 21133741 : EXECUTING
13:12:55 INFO  State of operation 21133741 : EXECUTING
13:12:58 INFO  State of operation 21133741 : EXECUTING
13:13:00 INFO  State of operation 21133741 : EXECUTING
13:13:03 INFO  State of operation 21133741 : EXECUTING
13:13:05 INFO  State of operation 21133741 : EXECUTING
13:13:08 INFO  State of operation 21133741 : EXECUTING
13:13:10 INFO  State of operation 21133741 : EXECUTING
13:13:12 INFO  State of operation 21133741 : EXECUTING
13:13:14 INFO  State of operation 21133741 : EXECUTING
13:13:17 INFO  State of operation 21133741 : EXECUTING
13:13:19 INFO  State of operation 21133741 : EXECUTING
13:13:21 INFO  State of operation 21133741 : EXECUTING
13:13:25 INFO  State of operation 21133741 : EXECUTING
13:13:28 INFO  State of operation 21133741 : EXECUTING
13:13:30 INFO  State of operation 21133741 : EXECUTING
13:13:32 INFO  State of operation 21133741 : EXECUTING
13:13:34 INFO  State of operation 21133741 : EXECUTING
13:13:37 INFO  State of operation 21133741 : EXECUTING
13:13:39 INFO  State of operation 21133741 : EXECUTING
13:13:42 INFO  State of operation 21133741 : EXECUTING
13:13:44 INFO  State of operation 21133741 : EXECUTING
13:13:46 INFO  State of operation 21133741 : EXECUTING
13:13:48 INFO  State of operation 21133741 : EXECUTING
13:13:51 INFO  State of operation 21133741 : EXECUTING
13:13:53 INFO  State of operation 21133741 : EXECUTING
13:13:55 INFO  State of operation 21133741 : SUCCESSFUL
13:13:55 INFO  Package apple is installed
13:13:55 INFO  Assert that (True == value) with value=True ... passed
13:13:56 INFO  Package banana is installed
13:13:56 INFO  Assert that (True == value) with value=True ... passed
13:13:56 INFO  Package cherry is installed
13:13:56 INFO  Assert that (True == value) with value=True ... passed
13:13:56 INFO  Assert that (False == value) with value=False ... passed
13:13:56 INFO  Assert that (False == value) with value=False ... passed
13:13:56 INFO  
13:13:56 INFO  cleanup:
13:14:00 INFO  Executed sudo&lt;tedge_disconnect_c8y&gt;, exit status 0
13:14:01 INFO  Executed systemctl&lt;serv_mapper5&gt;, exit status 3
13:14:01 INFO  
13:14:01 INFO  Test duration: 165.30 secs
13:14:01 INFO  Test final outcome:  FAILED
13:14:01 INFO  Test outcome reason: Assert that (False == value) with value=True
13:14:01 INFO  
</system-out>
	</testcase>
</testsuite>
