<?xml version="1.0" encoding="utf-8"?>
<testsuite failures="1" name="SoftwareManagement.sm_mixed_install_remove_multiple" skipped="0" tests="1" time="166.06" timestamp="2022-07-25T14:55:41">
	<testcase classname="PySysTest" name="SoftwareManagement.sm_mixed_install_remove_multiple">
		<failure message="FAILED: Assert that (False == value) with value=True" type="FAILED"/>
		<system-out>14:52:55 INFO  ==============================================================
14:52:55 INFO  Id:    SoftwareManagement.sm_mixed_install_remove_multiple
14:52:55 INFO  Dir:   software_management_end_to_end/
14:52:55 INFO  Title: Validate end to end behaviour for the dummy-plugin for multiple packages with mixed versions
14:52:55 INFO  ==============================================================
14:52:55 INFO  Using sw id database: {'asciijump': '5475369', 'robotfindskitten': '5474869', 'squirrel3': '5475279', 'rolldice': '5152439', 'moon-buggy': '5439204', 'apple': '5495053', 'banana': '5494888', 'cherry': '5495382', 'watermelon': '5494510', 'registry': '8018911', 'hello-world': '8021526', 'docker/getting-started': '8021973', 'alpine': '7991792'}
14:52:55 INFO  EnvironmentC8y Setup
14:52:56 INFO  Executed systemctl&lt;serv_mapper1&gt;, exit status 3
14:52:56 INFO  Restarting mosquitto too frequently in the last 10 seconds. It was only up for 4 seconds
14:52:56 INFO  Delaying execution by 7 seconds
14:53:17 INFO  Executed sudo&lt;tedge_connect_c8y&gt;, exit status 0, duration 14 secs
14:53:17 INFO  Executed sudo&lt;tedge_connect_c8y_test&gt;, exit status 0
14:53:18 INFO  Executed systemctl&lt;serv_mosq2&gt;, exit status 0
14:53:18 INFO  Executed systemctl&lt;serv_mapper3&gt;, exit status 0
14:53:21 INFO  State of current operation: SUCCESSFUL
14:53:21 INFO  Package apple is installed
14:53:21 INFO  Assert that (True == value) with value=True ... passed
14:53:21 INFO  Package banana is installed
14:53:21 INFO  Assert that (True == value) with value=True ... passed
14:53:21 INFO  Package cherry is installed
14:53:21 INFO  Assert that (True == value) with value=True ... passed
14:53:22 INFO  Package asciijump is installed
14:53:22 WARN  Assert that (False == value) with value=True ... failed 
14:53:22 INFO  Assert that (False == value) with value=False ... passed
14:53:22 INFO  Response status: 201
14:53:22 INFO  Response to action: {
    &quot;creationTime&quot;: &quot;2022-07-25T14:53:22.561Z&quot;,
    &quot;deviceId&quot;: &quot;21389727&quot;,
    &quot;deviceName&quot;: &quot;m32sd10c&quot;,
    &quot;self&quot;: &quot;https://t493319102.eu-latest.cumulocity.com/devicecontrol/operations/21402713&quot;,
    &quot;id&quot;: &quot;21402713&quot;,
    &quot;status&quot;: &quot;PENDING&quot;,
    &quot;description&quot;: &quot;Apply software changes, triggered from PySys: [{'action': 'install', 'id': '5495053', 'name': 'apple', 'url': ' ', 'version': '::fruits'}, {'action': 'install', 'id': '5494888', 'name': 'banana', 'url': ' ', 'version': '::fruits'}, {'action': 'install', 'id': '5475369', 'name': 'asciijump', 'url': ' ', 'version': '::apt'}, {'action': 'install', 'id': '5495382', 'name': 'cherry', 'url': ' ', 'version': '::fruits'}, {'action': 'install', 'id': '8018911', 'name': 'registry', 'url': ' ', 'version': '::docker'}]&quot;,
    &quot;c8y_SoftwareUpdate&quot;: [
        {
            &quot;name&quot;: &quot;apple&quot;,
            &quot;action&quot;: &quot;install&quot;,
            &quot;id&quot;: &quot;5495053&quot;,
            &quot;version&quot;: &quot;::fruits&quot;,
            &quot;url&quot;: &quot; &quot;
        },
        {
            &quot;name&quot;: &quot;banana&quot;,
            &quot;action&quot;: &quot;install&quot;,
            &quot;id&quot;: &quot;5494888&quot;,
            &quot;version&quot;: &quot;::fruits&quot;,
            &quot;url&quot;: &quot; &quot;
        },
        {
            &quot;name&quot;: &quot;asciijump&quot;,
            &quot;action&quot;: &quot;install&quot;,
            &quot;id&quot;: &quot;5475369&quot;,
            &quot;version&quot;: &quot;::apt&quot;,
            &quot;url&quot;: &quot; &quot;
        },
        {
            &quot;name&quot;: &quot;cherry&quot;,
            &quot;action&quot;: &quot;install&quot;,
            &quot;id&quot;: &quot;5495382&quot;,
            &quot;version&quot;: &quot;::fruits&quot;,
            &quot;url&quot;: &quot; &quot;
        },
        {
            &quot;name&quot;: &quot;registry&quot;,
            &quot;action&quot;: &quot;install&quot;,
            &quot;id&quot;: &quot;8018911&quot;,
            &quot;version&quot;: &quot;::docker&quot;,
            &quot;url&quot;: &quot; &quot;
        }
    ]
}
14:53:22 INFO  Started operation: {'creationTime': '2022-07-25T14:53:22.561Z', 'deviceId': '21389727', 'deviceName': 'm32sd10c', 'self': 'https://t493319102.eu-latest.cumulocity.com/devicecontrol/operations/21402713', 'id': '21402713', 'status': 'PENDING', 'description': &quot;Apply software changes, triggered from PySys: [{'action': 'install', 'id': '5495053', 'name': 'apple', 'url': ' ', 'version': '::fruits'}, {'action': 'install', 'id': '5494888', 'name': 'banana', 'url': ' ', 'version': '::fruits'}, {'action': 'install', 'id': '5475369', 'name': 'asciijump', 'url': ' ', 'version': '::apt'}, {'action': 'install', 'id': '5495382', 'name': 'cherry', 'url': ' ', 'version': '::fruits'}, {'action': 'install', 'id': '8018911', 'name': 'registry', 'url': ' ', 'version': '::docker'}]&quot;, 'c8y_SoftwareUpdate': [{'name': 'apple', 'action': 'install', 'id': '5495053', 'version': '::fruits', 'url': ' '}, {'name': 'banana', 'action': 'install', 'id': '5494888', 'version': '::fruits', 'url': ' '}, {'name': 'asciijump', 'action': 'install', 'id': '5475369', 'version': '::apt', 'url': ' '}, {'name': 'cherry', 'action': 'install', 'id': '5495382', 'version': '::fruits', 'url': ' '}, {'name': 'registry', 'action': 'install', 'id': '8018911', 'version': '::docker', 'url': ' '}]}
14:53:24 INFO  State of operation 21402713 : PENDING
14:53:27 INFO  State of operation 21402713 : EXECUTING
14:53:29 INFO  State of operation 21402713 : EXECUTING
14:53:31 INFO  State of operation 21402713 : EXECUTING
14:53:33 INFO  State of operation 21402713 : EXECUTING
14:53:35 INFO  State of operation 21402713 : EXECUTING
14:53:38 INFO  State of operation 21402713 : EXECUTING
14:53:41 INFO  State of operation 21402713 : EXECUTING
14:53:43 INFO  State of operation 21402713 : EXECUTING
14:53:46 INFO  State of operation 21402713 : EXECUTING
14:53:48 INFO  State of operation 21402713 : EXECUTING
14:53:50 INFO  State of operation 21402713 : EXECUTING
14:53:52 INFO  State of operation 21402713 : EXECUTING
14:53:54 INFO  State of operation 21402713 : EXECUTING
14:53:57 INFO  State of operation 21402713 : EXECUTING
14:53:59 INFO  State of operation 21402713 : EXECUTING
14:54:01 INFO  State of operation 21402713 : EXECUTING
14:54:03 INFO  State of operation 21402713 : EXECUTING
14:54:06 INFO  State of operation 21402713 : EXECUTING
14:54:08 INFO  State of operation 21402713 : EXECUTING
14:54:10 INFO  State of operation 21402713 : EXECUTING
14:54:12 INFO  State of operation 21402713 : EXECUTING
14:54:15 INFO  State of operation 21402713 : EXECUTING
14:54:17 INFO  State of operation 21402713 : EXECUTING
14:54:19 INFO  State of operation 21402713 : EXECUTING
14:54:21 INFO  State of operation 21402713 : SUCCESSFUL
14:54:22 INFO  Package apple is installed
14:54:22 INFO  Assert that (True == value) with value=True ... passed
14:54:22 INFO  Package banana is installed
14:54:22 INFO  Assert that (True == value) with value=True ... passed
14:54:22 INFO  Package cherry is installed
14:54:22 INFO  Assert that (True == value) with value=True ... passed
14:54:22 INFO  Package asciijump is installed
14:54:22 INFO  Assert that (True == value) with value=True ... passed
14:54:23 INFO  Package registry is installed
14:54:23 INFO  Assert that (True == value) with value=True ... passed
14:54:23 INFO  Response status: 201
14:54:23 INFO  Response to action: {
    &quot;creationTime&quot;: &quot;2022-07-25T14:54:23.315Z&quot;,
    &quot;deviceId&quot;: &quot;21389727&quot;,
    &quot;deviceName&quot;: &quot;m32sd10c&quot;,
    &quot;self&quot;: &quot;https://t493319102.eu-latest.cumulocity.com/devicecontrol/operations/21402735&quot;,
    &quot;id&quot;: &quot;21402735&quot;,
    &quot;status&quot;: &quot;PENDING&quot;,
    &quot;description&quot;: &quot;Apply software changes, triggered from PySys: [{'action': 'delete', 'id': '5495053', 'name': 'apple', 'url': ' ', 'version': '::fruits'}, {'action': 'delete', 'id': '5494888', 'name': 'banana', 'url': ' ', 'version': '::fruits'}, {'action': 'delete', 'id': '5475369', 'name': 'asciijump', 'url': ' ', 'version': '::apt'}, {'action': 'delete', 'id': '5495382', 'name': 'cherry', 'url': ' ', 'version': '::fruits'}, {'action': 'delete', 'id': '8018911', 'name': 'registry', 'url': ' ', 'version': '::docker'}]&quot;,
    &quot;c8y_SoftwareUpdate&quot;: [
        {
            &quot;name&quot;: &quot;apple&quot;,
            &quot;action&quot;: &quot;delete&quot;,
            &quot;id&quot;: &quot;5495053&quot;,
            &quot;version&quot;: &quot;::fruits&quot;,
            &quot;url&quot;: &quot; &quot;
        },
        {
            &quot;name&quot;: &quot;banana&quot;,
            &quot;action&quot;: &quot;delete&quot;,
            &quot;id&quot;: &quot;5494888&quot;,
            &quot;version&quot;: &quot;::fruits&quot;,
            &quot;url&quot;: &quot; &quot;
        },
        {
            &quot;name&quot;: &quot;asciijump&quot;,
            &quot;action&quot;: &quot;delete&quot;,
            &quot;id&quot;: &quot;5475369&quot;,
            &quot;version&quot;: &quot;::apt&quot;,
            &quot;url&quot;: &quot; &quot;
        },
        {
            &quot;name&quot;: &quot;cherry&quot;,
            &quot;action&quot;: &quot;delete&quot;,
            &quot;id&quot;: &quot;5495382&quot;,
            &quot;version&quot;: &quot;::fruits&quot;,
            &quot;url&quot;: &quot; &quot;
        },
        {
            &quot;name&quot;: &quot;registry&quot;,
            &quot;action&quot;: &quot;delete&quot;,
            &quot;id&quot;: &quot;8018911&quot;,
            &quot;version&quot;: &quot;::docker&quot;,
            &quot;url&quot;: &quot; &quot;
        }
    ]
}
14:54:23 INFO  Started operation: {'creationTime': '2022-07-25T14:54:23.315Z', 'deviceId': '21389727', 'deviceName': 'm32sd10c', 'self': 'https://t493319102.eu-latest.cumulocity.com/devicecontrol/operations/21402735', 'id': '21402735', 'status': 'PENDING', 'description': &quot;Apply software changes, triggered from PySys: [{'action': 'delete', 'id': '5495053', 'name': 'apple', 'url': ' ', 'version': '::fruits'}, {'action': 'delete', 'id': '5494888', 'name': 'banana', 'url': ' ', 'version': '::fruits'}, {'action': 'delete', 'id': '5475369', 'name': 'asciijump', 'url': ' ', 'version': '::apt'}, {'action': 'delete', 'id': '5495382', 'name': 'cherry', 'url': ' ', 'version': '::fruits'}, {'action': 'delete', 'id': '8018911', 'name': 'registry', 'url': ' ', 'version': '::docker'}]&quot;, 'c8y_SoftwareUpdate': [{'name': 'apple', 'action': 'delete', 'id': '5495053', 'version': '::fruits', 'url': ' '}, {'name': 'banana', 'action': 'delete', 'id': '5494888', 'version': '::fruits', 'url': ' '}, {'name': 'asciijump', 'action': 'delete', 'id': '5475369', 'version': '::apt', 'url': ' '}, {'name': 'cherry', 'action': 'delete', 'id': '5495382', 'version': '::fruits', 'url': ' '}, {'name': 'registry', 'action': 'delete', 'id': '8018911', 'version': '::docker', 'url': ' '}]}
14:54:25 INFO  State of operation 21402735 : PENDING
14:54:27 INFO  State of operation 21402735 : EXECUTING
14:54:30 INFO  State of operation 21402735 : EXECUTING
14:54:32 INFO  State of operation 21402735 : EXECUTING
14:54:34 INFO  State of operation 21402735 : EXECUTING
14:54:36 INFO  State of operation 21402735 : EXECUTING
14:54:39 INFO  State of operation 21402735 : EXECUTING
14:54:41 INFO  State of operation 21402735 : EXECUTING
14:54:44 INFO  State of operation 21402735 : EXECUTING
14:54:46 INFO  State of operation 21402735 : EXECUTING
14:54:48 INFO  State of operation 21402735 : EXECUTING
14:54:51 INFO  State of operation 21402735 : EXECUTING
14:54:53 INFO  State of operation 21402735 : EXECUTING
14:54:55 INFO  State of operation 21402735 : EXECUTING
14:54:57 INFO  State of operation 21402735 : EXECUTING
14:55:00 INFO  State of operation 21402735 : EXECUTING
14:55:03 INFO  State of operation 21402735 : EXECUTING
14:55:05 INFO  State of operation 21402735 : EXECUTING
14:55:08 INFO  State of operation 21402735 : EXECUTING
14:55:10 INFO  State of operation 21402735 : EXECUTING
14:55:12 INFO  State of operation 21402735 : EXECUTING
14:55:14 INFO  State of operation 21402735 : EXECUTING
14:55:17 INFO  State of operation 21402735 : EXECUTING
14:55:19 INFO  State of operation 21402735 : EXECUTING
14:55:22 INFO  State of operation 21402735 : EXECUTING
14:55:24 INFO  State of operation 21402735 : EXECUTING
14:55:26 INFO  State of operation 21402735 : EXECUTING
14:55:28 INFO  State of operation 21402735 : EXECUTING
14:55:31 INFO  State of operation 21402735 : EXECUTING
14:55:33 INFO  State of operation 21402735 : EXECUTING
14:55:35 INFO  State of operation 21402735 : SUCCESSFUL
14:55:35 INFO  Package apple is installed
14:55:35 INFO  Assert that (True == value) with value=True ... passed
14:55:36 INFO  Package banana is installed
14:55:36 INFO  Assert that (True == value) with value=True ... passed
14:55:36 INFO  Package cherry is installed
14:55:36 INFO  Assert that (True == value) with value=True ... passed
14:55:36 INFO  Assert that (False == value) with value=False ... passed
14:55:36 INFO  Assert that (False == value) with value=False ... passed
14:55:36 INFO  
14:55:36 INFO  cleanup:
14:55:40 INFO  Executed sudo&lt;tedge_disconnect_c8y&gt;, exit status 0
14:55:41 INFO  Executed systemctl&lt;serv_mapper5&gt;, exit status 3
14:55:41 INFO  
14:55:41 INFO  Test duration: 166.06 secs
14:55:41 INFO  Test final outcome:  FAILED
14:55:41 INFO  Test outcome reason: Assert that (False == value) with value=True
14:55:41 INFO  
</system-out>
	</testcase>
</testsuite>
