<?xml version="1.0" encoding="utf-8"?>
<testsuite failures="1" name="SoftwareManagement.sm_apt_install_fail" skipped="0" tests="1" time="167.43" timestamp="2022-05-25T13:50:50">
	<testcase classname="PySysTest" name="SoftwareManagement.sm_apt_install_fail">
		<failure message="BLOCKED: SystemError: Timeout while waiting for status FAILED or SUCCESSFUL" type="BLOCKED"/>
		<system-out>13:48:03 INFO  ==============================================================
13:48:03 INFO  Id:    SoftwareManagement.sm_apt_install_fail
13:48:03 INFO  Dir:   software_management_end_to_end/
13:48:03 INFO  Title: Validate end to end behaviour for a failing installation
13:48:03 INFO  ==============================================================
13:48:03 INFO  Using sw id database: {'asciijump': '5475369', 'robotfindskitten': '5474869', 'squirrel3': '5475279', 'rolldice': '5152439', 'moon-buggy': '5439204', 'apple': '5495053', 'banana': '5494888', 'cherry': '5495382', 'watermelon': '5494510', 'registry': '8018911', 'hello-world': '8021526', 'docker/getting-started': '8021973', 'alpine': '7991792'}
13:48:03 INFO  EnvironmentC8y Setup
13:48:03 INFO  Executed systemctl&lt;serv_mapper1&gt;, exit status 3
13:48:03 INFO  Restarting mosquitto too frequently in the last 10 seconds. It was only up for 3 seconds
13:48:03 INFO  Delaying execution by 8 seconds
13:48:25 INFO  Executed sudo&lt;tedge_connect_c8y&gt;, exit status 0, duration 13 secs
13:48:26 INFO  Executed sudo&lt;tedge_connect_c8y_test&gt;, exit status 0
13:48:26 INFO  Executed systemctl&lt;serv_mosq2&gt;, exit status 0
13:48:27 INFO  Executed systemctl&lt;serv_mapper3&gt;, exit status 0
13:48:29 INFO  State of current operation: PENDING
13:48:31 INFO  State of current operation: PENDING
13:48:33 INFO  State of current operation: PENDING
13:48:36 INFO  State of current operation: PENDING
13:48:38 INFO  State of current operation: PENDING
13:48:40 INFO  State of current operation: PENDING
13:48:42 INFO  State of current operation: PENDING
13:48:45 INFO  State of current operation: PENDING
13:48:47 INFO  State of current operation: PENDING
13:48:49 INFO  State of current operation: PENDING
13:48:51 INFO  State of current operation: PENDING
13:48:54 INFO  State of current operation: PENDING
13:48:56 INFO  State of current operation: PENDING
13:48:58 INFO  State of current operation: PENDING
13:49:00 INFO  State of current operation: PENDING
13:49:02 INFO  State of current operation: PENDING
13:49:05 INFO  State of current operation: PENDING
13:49:07 INFO  State of current operation: PENDING
13:49:09 INFO  State of current operation: PENDING
13:49:11 INFO  State of current operation: PENDING
13:49:14 INFO  State of current operation: PENDING
13:49:16 INFO  State of current operation: PENDING
13:49:18 INFO  State of current operation: PENDING
13:49:20 INFO  State of current operation: PENDING
13:49:23 INFO  State of current operation: PENDING
13:49:25 INFO  State of current operation: PENDING
13:49:27 INFO  State of current operation: PENDING
13:49:29 INFO  State of current operation: PENDING
13:49:32 INFO  State of current operation: PENDING
13:49:34 INFO  State of current operation: PENDING
13:49:36 INFO  State of current operation: PENDING
13:49:38 INFO  State of current operation: PENDING
13:49:40 INFO  State of current operation: PENDING
13:49:43 INFO  State of current operation: PENDING
13:49:45 INFO  State of current operation: PENDING
13:49:47 INFO  State of current operation: PENDING
13:49:50 INFO  State of current operation: PENDING
13:49:52 INFO  State of current operation: PENDING
13:49:54 INFO  State of current operation: PENDING
13:49:56 INFO  State of current operation: PENDING
13:49:58 INFO  State of current operation: PENDING
13:50:01 INFO  State of current operation: PENDING
13:50:03 INFO  State of current operation: PENDING
13:50:05 INFO  State of current operation: PENDING
13:50:07 INFO  State of current operation: PENDING
13:50:10 INFO  State of current operation: PENDING
13:50:12 INFO  State of current operation: PENDING
13:50:14 INFO  State of current operation: PENDING
13:50:16 INFO  State of current operation: PENDING
13:50:19 INFO  State of current operation: PENDING
13:50:21 INFO  State of current operation: PENDING
13:50:23 INFO  State of current operation: PENDING
13:50:25 INFO  State of current operation: PENDING
13:50:28 INFO  State of current operation: PENDING
13:50:30 INFO  State of current operation: PENDING
13:50:32 INFO  State of current operation: PENDING
13:50:34 INFO  State of current operation: PENDING
13:50:37 INFO  State of current operation: PENDING
13:50:39 INFO  State of current operation: PENDING
13:50:41 INFO  State of current operation: PENDING
13:50:44 INFO  State of current operation: PENDING
13:50:46 WARN  SystemError occurred while running test - Timeout while waiting for status FAILED or SUCCESSFUL
Traceback (most recent call last):
  File &quot;/home/pi/env-pysys/lib/python3.7/site-packages/pysys/baserunner.py&quot;, line 1292, in __call__
    self.testObj.setup()
  File &quot;/home/pi/actions-runner/_work/thin-edge.io/thin-edge.io/tests/PySys/software_management_end_to_end/sm_apt_install_fail/run.py&quot;, line 20, in setup
    super().setup()
  File &quot;/home/pi/actions-runner/_work/thin-edge.io/thin-edge.io/tests/PySys/software_management_end_to_end/environment_sm_management.py&quot;, line 151, in setup
    self.wait_until_end()
  File &quot;/home/pi/actions-runner/_work/thin-edge.io/thin-edge.io/tests/PySys/software_management_end_to_end/environment_sm_management.py&quot;, line 332, in wait_until_end
    self.wait_until_status(&quot;FAILED&quot;, &quot;SUCCESSFUL&quot;)
  File &quot;/home/pi/actions-runner/_work/thin-edge.io/thin-edge.io/tests/PySys/software_management_end_to_end/environment_sm_management.py&quot;, line 381, in wait_until_status
    &quot;Timeout while waiting for status %s or %s&quot; % (status, status2)
SystemError: Timeout while waiting for status FAILED or SUCCESSFUL
13:50:46 WARN  SystemError: Timeout while waiting for status FAILED or SUCCESSFUL ... blocked 
13:50:46 INFO  
13:50:46 INFO  cleanup:
13:50:50 INFO  Executed sudo&lt;tedge_disconnect_c8y&gt;, exit status 0
13:50:50 INFO  Executed systemctl&lt;serv_mapper5&gt;, exit status 3
13:50:50 INFO  
13:50:50 INFO  Test duration: 167.43 secs
13:50:50 INFO  Test final outcome:  BLOCKED
13:50:50 INFO  Test outcome reason: SystemError: Timeout while waiting for status FAILED or SUCCESSFUL
13:50:50 INFO  
</system-out>
	</testcase>
</testsuite>
