<?xml version="1.0" encoding="utf-8"?>
<testsuite failures="1" name="SoftwareManagement.sm_apt_install_remove_multiple_mixed" skipped="0" tests="1" time="177.5" timestamp="2022-06-29T13:08:07">
	<testcase classname="PySysTest" name="SoftwareManagement.sm_apt_install_remove_multiple_mixed">
		<failure message="BLOCKED: SystemError: Timeout while waiting for status SUCCESSFUL or False (+1 other failures)" type="BLOCKED"/>
		<system-out>13:05:09 INFO  ==============================================================
13:05:09 INFO  Id:    SoftwareManagement.sm_apt_install_remove_multiple_mixed
13:05:10 INFO  Dir:   software_management_end_to_end/
13:05:10 INFO  Title: Validate end to end behaviour for the apt plugin for multiple packages with mixed versions
13:05:10 INFO  ==============================================================
13:05:10 INFO  Using sw id database: {'asciijump': '5475369', 'robotfindskitten': '5474869', 'squirrel3': '5475279', 'rolldice': '5152439', 'moon-buggy': '5439204', 'apple': '5495053', 'banana': '5494888', 'cherry': '5495382', 'watermelon': '5494510', 'registry': '8018911', 'hello-world': '8021526', 'docker/getting-started': '8021973', 'alpine': '7991792'}
13:05:10 INFO  EnvironmentC8y Setup
13:05:10 INFO  Executed systemctl&lt;serv_mapper1&gt;, exit status 3
13:05:10 INFO  Restarting mosquitto too frequently in the last 10 seconds. It was only up for 5 seconds
13:05:10 INFO  Delaying execution by 6 seconds
13:05:30 INFO  Executed sudo&lt;tedge_connect_c8y&gt;, exit status 0, duration 13 secs
13:05:31 INFO  Executed sudo&lt;tedge_connect_c8y_test&gt;, exit status 0
13:05:31 INFO  Executed systemctl&lt;serv_mosq2&gt;, exit status 0
13:05:31 INFO  Executed systemctl&lt;serv_mapper3&gt;, exit status 0
13:05:34 INFO  State of current operation: SUCCESSFUL
13:05:34 INFO  Assert that (False == value) with value=False ... passed
13:05:34 INFO  Assert that (False == value) with value=False ... passed
13:05:34 INFO  Assert that (False == value) with value=False ... passed
13:05:35 INFO  Assert that (False == value) with value=False ... passed
13:05:35 INFO  Package moon-buggy is installed
13:05:35 WARN  Assert that (False == value) with value=True ... failed 
13:05:36 INFO  Response status: 201
13:05:36 INFO  Response to action: {
    &quot;creationTime&quot;: &quot;2022-06-29T13:05:36.635Z&quot;,
    &quot;deviceId&quot;: &quot;20555341&quot;,
    &quot;deviceName&quot;: &quot;m32sd10c&quot;,
    &quot;self&quot;: &quot;https://t493319102.eu-latest.cumulocity.com/devicecontrol/operations/20610672&quot;,
    &quot;id&quot;: &quot;20610672&quot;,
    &quot;status&quot;: &quot;PENDING&quot;,
    &quot;description&quot;: &quot;Apply software changes, triggered from PySys: [{'action': 'install', 'id': '5475369', 'name': 'asciijump', 'url': ' ', 'version': '::apt'}, {'action': 'install', 'id': '5474869', 'name': 'robotfindskitten', 'url': ' ', 'version': ' '}, {'action': 'install', 'id': '5475279', 'name': 'squirrel3', 'url': ' ', 'version': '3.1-7::apt'}, {'action': 'install', 'id': '5152439', 'name': 'rolldice', 'url': ' ', 'version': '1.16-1+b1'}, {'action': 'install', 'id': '5439204', 'name': 'moon-buggy', 'url': ' ', 'version': '1:1.0.51-12'}, {'action': 'install', 'id': '5475369', 'name': 'asciijump', 'url': ' ', 'version': '::apt'}]&quot;,
    &quot;c8y_SoftwareUpdate&quot;: [
        {
            &quot;name&quot;: &quot;asciijump&quot;,
            &quot;action&quot;: &quot;install&quot;,
            &quot;id&quot;: &quot;5475369&quot;,
            &quot;version&quot;: &quot;::apt&quot;,
            &quot;url&quot;: &quot; &quot;
        },
        {
            &quot;name&quot;: &quot;robotfindskitten&quot;,
            &quot;action&quot;: &quot;install&quot;,
            &quot;id&quot;: &quot;5474869&quot;,
            &quot;version&quot;: &quot; &quot;,
            &quot;url&quot;: &quot; &quot;
        },
        {
            &quot;name&quot;: &quot;squirrel3&quot;,
            &quot;action&quot;: &quot;install&quot;,
            &quot;id&quot;: &quot;5475279&quot;,
            &quot;version&quot;: &quot;3.1-7::apt&quot;,
            &quot;url&quot;: &quot; &quot;
        },
        {
            &quot;name&quot;: &quot;rolldice&quot;,
            &quot;action&quot;: &quot;install&quot;,
            &quot;id&quot;: &quot;5152439&quot;,
            &quot;version&quot;: &quot;1.16-1+b1&quot;,
            &quot;url&quot;: &quot; &quot;
        },
        {
            &quot;name&quot;: &quot;moon-buggy&quot;,
            &quot;action&quot;: &quot;install&quot;,
            &quot;id&quot;: &quot;5439204&quot;,
            &quot;version&quot;: &quot;1:1.0.51-12&quot;,
            &quot;url&quot;: &quot; &quot;
        },
        {
            &quot;name&quot;: &quot;asciijump&quot;,
            &quot;action&quot;: &quot;install&quot;,
            &quot;id&quot;: &quot;5475369&quot;,
            &quot;version&quot;: &quot;::apt&quot;,
            &quot;url&quot;: &quot; &quot;
        }
    ]
}
13:05:36 INFO  Started operation: {'creationTime': '2022-06-29T13:05:36.635Z', 'deviceId': '20555341', 'deviceName': 'm32sd10c', 'self': 'https://t493319102.eu-latest.cumulocity.com/devicecontrol/operations/20610672', 'id': '20610672', 'status': 'PENDING', 'description': &quot;Apply software changes, triggered from PySys: [{'action': 'install', 'id': '5475369', 'name': 'asciijump', 'url': ' ', 'version': '::apt'}, {'action': 'install', 'id': '5474869', 'name': 'robotfindskitten', 'url': ' ', 'version': ' '}, {'action': 'install', 'id': '5475279', 'name': 'squirrel3', 'url': ' ', 'version': '3.1-7::apt'}, {'action': 'install', 'id': '5152439', 'name': 'rolldice', 'url': ' ', 'version': '1.16-1+b1'}, {'action': 'install', 'id': '5439204', 'name': 'moon-buggy', 'url': ' ', 'version': '1:1.0.51-12'}, {'action': 'install', 'id': '5475369', 'name': 'asciijump', 'url': ' ', 'version': '::apt'}]&quot;, 'c8y_SoftwareUpdate': [{'name': 'asciijump', 'action': 'install', 'id': '5475369', 'version': '::apt', 'url': ' '}, {'name': 'robotfindskitten', 'action': 'install', 'id': '5474869', 'version': ' ', 'url': ' '}, {'name': 'squirrel3', 'action': 'install', 'id': '5475279', 'version': '3.1-7::apt', 'url': ' '}, {'name': 'rolldice', 'action': 'install', 'id': '5152439', 'version': '1.16-1+b1', 'url': ' '}, {'name': 'moon-buggy', 'action': 'install', 'id': '5439204', 'version': '1:1.0.51-12', 'url': ' '}, {'name': 'asciijump', 'action': 'install', 'id': '5475369', 'version': '::apt', 'url': ' '}]}
13:05:38 INFO  State of operation 20610672 : PENDING
13:05:41 INFO  State of operation 20610672 : EXECUTING
13:05:43 INFO  State of operation 20610672 : EXECUTING
13:05:45 INFO  State of operation 20610672 : EXECUTING
13:05:47 INFO  State of operation 20610672 : EXECUTING
13:05:50 INFO  State of operation 20610672 : EXECUTING
13:05:52 INFO  State of operation 20610672 : EXECUTING
13:05:55 INFO  State of operation 20610672 : EXECUTING
13:05:57 INFO  State of operation 20610672 : EXECUTING
13:06:00 INFO  State of operation 20610672 : EXECUTING
13:06:02 INFO  State of operation 20610672 : EXECUTING
13:06:04 INFO  State of operation 20610672 : EXECUTING
13:06:07 INFO  State of operation 20610672 : EXECUTING
13:06:09 INFO  State of operation 20610672 : EXECUTING
13:06:11 INFO  State of operation 20610672 : EXECUTING
13:06:13 INFO  State of operation 20610672 : EXECUTING
13:06:16 INFO  State of operation 20610672 : EXECUTING
13:06:18 INFO  State of operation 20610672 : EXECUTING
13:06:21 INFO  State of operation 20610672 : EXECUTING
13:06:23 INFO  State of operation 20610672 : EXECUTING
13:06:25 INFO  State of operation 20610672 : EXECUTING
13:06:28 INFO  State of operation 20610672 : EXECUTING
13:06:30 INFO  State of operation 20610672 : EXECUTING
13:06:32 INFO  State of operation 20610672 : EXECUTING
13:06:35 INFO  State of operation 20610672 : EXECUTING
13:06:37 INFO  State of operation 20610672 : EXECUTING
13:06:40 INFO  State of operation 20610672 : EXECUTING
13:06:42 INFO  State of operation 20610672 : EXECUTING
13:06:44 INFO  State of operation 20610672 : EXECUTING
13:06:46 INFO  State of operation 20610672 : EXECUTING
13:06:49 INFO  State of operation 20610672 : EXECUTING
13:06:51 INFO  State of operation 20610672 : EXECUTING
13:06:53 INFO  State of operation 20610672 : EXECUTING
13:06:55 INFO  State of operation 20610672 : EXECUTING
13:06:58 INFO  State of operation 20610672 : EXECUTING
13:07:00 INFO  State of operation 20610672 : EXECUTING
13:07:02 INFO  State of operation 20610672 : EXECUTING
13:07:04 INFO  State of operation 20610672 : EXECUTING
13:07:07 INFO  State of operation 20610672 : EXECUTING
13:07:10 INFO  State of operation 20610672 : EXECUTING
13:07:12 INFO  State of operation 20610672 : EXECUTING
13:07:15 INFO  State of operation 20610672 : EXECUTING
13:07:17 INFO  State of operation 20610672 : EXECUTING
13:07:19 INFO  State of operation 20610672 : EXECUTING
13:07:21 INFO  State of operation 20610672 : EXECUTING
13:07:24 INFO  State of operation 20610672 : EXECUTING
13:07:26 INFO  State of operation 20610672 : EXECUTING
13:07:28 INFO  State of operation 20610672 : EXECUTING
13:07:31 INFO  State of operation 20610672 : EXECUTING
13:07:33 INFO  State of operation 20610672 : EXECUTING
13:07:35 INFO  State of operation 20610672 : EXECUTING
13:07:38 INFO  State of operation 20610672 : EXECUTING
13:07:41 INFO  State of operation 20610672 : EXECUTING
13:07:43 INFO  State of operation 20610672 : EXECUTING
13:07:46 INFO  State of operation 20610672 : EXECUTING
13:07:48 INFO  State of operation 20610672 : EXECUTING
13:07:50 INFO  State of operation 20610672 : EXECUTING
13:07:53 INFO  State of operation 20610672 : EXECUTING
13:07:56 INFO  State of operation 20610672 : EXECUTING
13:07:58 INFO  State of operation 20610672 : EXECUTING
13:08:00 INFO  State of operation 20610672 : EXECUTING
13:08:02 WARN  SystemError occurred while running test - Timeout while waiting for status SUCCESSFUL or False
Traceback (most recent call last):
  File &quot;/home/pi/env-pysys/lib/python3.7/site-packages/pysys/baserunner.py&quot;, line 1294, in __call__
    self.testObj.execute()
  File &quot;/home/pi/actions-runner/_work/thin-edge.io/thin-edge.io/tests/PySys/software_management_end_to_end/sm_apt_install_remove_multiple_mixed/run.py&quot;, line 89, in execute
    self.wait_until_succcess()
  File &quot;/home/pi/actions-runner/_work/thin-edge.io/thin-edge.io/tests/PySys/software_management_end_to_end/environment_sm_management.py&quot;, line 324, in wait_until_succcess
    self.wait_until_status(&quot;SUCCESSFUL&quot;)
  File &quot;/home/pi/actions-runner/_work/thin-edge.io/thin-edge.io/tests/PySys/software_management_end_to_end/environment_sm_management.py&quot;, line 381, in wait_until_status
    &quot;Timeout while waiting for status %s or %s&quot; % (status, status2)
SystemError: Timeout while waiting for status SUCCESSFUL or False
13:08:02 WARN  SystemError: Timeout while waiting for status SUCCESSFUL or False ... blocked 
13:08:02 INFO  
13:08:02 INFO  cleanup:
13:08:06 INFO  Executed sudo&lt;tedge_disconnect_c8y&gt;, exit status 0
13:08:07 INFO  Executed systemctl&lt;serv_mapper5&gt;, exit status 3
13:08:07 INFO  
13:08:07 INFO  Test duration: 177.50 secs
13:08:07 INFO  Test final outcome:  BLOCKED
13:08:07 INFO  Test outcome reason: SystemError: Timeout while waiting for status SUCCESSFUL or False (+1 other failures)
13:08:07 INFO  
</system-out>
	</testcase>
</testsuite>
