<?xml version="1.0" encoding="utf-8"?>
<testsuite failures="1" name="SoftwareManagement.sm_apt_install_remove_default" skipped="0" tests="1" time="158.02" timestamp="2022-07-21T17:29:17">
	<testcase classname="PySysTest" name="SoftwareManagement.sm_apt_install_remove_default">
		<failure message="FAILED: Assert that (True == value) with value=False" type="FAILED"/>
		<system-out>17:26:39 INFO  ==============================================================
17:26:39 INFO  Id:    SoftwareManagement.sm_apt_install_remove_default
17:26:39 INFO  Dir:   software_management_end_to_end/
17:26:39 INFO  Title: Validate end to end behaviour for the default plugin for installation and removal of packages
17:26:39 INFO  ==============================================================
17:26:39 INFO  Using sw id database: {'asciijump': '5475369', 'robotfindskitten': '5474869', 'squirrel3': '5475279', 'rolldice': '5152439', 'moon-buggy': '5439204', 'apple': '5495053', 'banana': '5494888', 'cherry': '5495382', 'watermelon': '5494510', 'registry': '8018911', 'hello-world': '8021526', 'docker/getting-started': '8021973', 'alpine': '7991792'}
17:26:39 INFO  EnvironmentC8y Setup
17:26:40 INFO  Executed systemctl&lt;serv_mapper1&gt;, exit status 3
17:26:40 INFO  Restarting mosquitto too frequently in the last 10 seconds. It was only up for 5 seconds
17:26:40 INFO  Delaying execution by 6 seconds
17:27:00 INFO  Executed sudo&lt;tedge_connect_c8y&gt;, exit status 0, duration 14 secs
17:27:00 INFO  Executed sudo&lt;tedge_connect_c8y_test&gt;, exit status 0
17:27:01 INFO  Executed systemctl&lt;serv_mosq2&gt;, exit status 0
17:27:01 INFO  Executed systemctl&lt;serv_mapper3&gt;, exit status 0
17:27:04 INFO  State of current operation: SUCCESSFUL
17:27:04 INFO  Assert that (False == value) with value=False ... passed
17:27:04 INFO  Response status: 201
17:27:04 INFO  Response to action: {
    &quot;creationTime&quot;: &quot;2022-07-21T17:27:04.585Z&quot;,
    &quot;deviceId&quot;: &quot;21118604&quot;,
    &quot;deviceName&quot;: &quot;m32sd10c&quot;,
    &quot;self&quot;: &quot;https://t493319102.eu-latest.cumulocity.com/devicecontrol/operations/21163680&quot;,
    &quot;id&quot;: &quot;21163680&quot;,
    &quot;status&quot;: &quot;PENDING&quot;,
    &quot;description&quot;: &quot;Apply software changes, triggered from PySys: [{'name': 'rolldice', 'id': '5152439', 'version': ' ', 'url': '', 'action': 'install'}]&quot;,
    &quot;c8y_SoftwareUpdate&quot;: [
        {
            &quot;name&quot;: &quot;rolldice&quot;,
            &quot;action&quot;: &quot;install&quot;,
            &quot;id&quot;: &quot;5152439&quot;,
            &quot;version&quot;: &quot; &quot;,
            &quot;url&quot;: &quot;&quot;
        }
    ]
}
17:27:04 INFO  Started operation: {'creationTime': '2022-07-21T17:27:04.585Z', 'deviceId': '21118604', 'deviceName': 'm32sd10c', 'self': 'https://t493319102.eu-latest.cumulocity.com/devicecontrol/operations/21163680', 'id': '21163680', 'status': 'PENDING', 'description': &quot;Apply software changes, triggered from PySys: [{'name': 'rolldice', 'id': '5152439', 'version': ' ', 'url': '', 'action': 'install'}]&quot;, 'c8y_SoftwareUpdate': [{'name': 'rolldice', 'action': 'install', 'id': '5152439', 'version': ' ', 'url': ''}]}
17:27:06 INFO  State of operation 21163680 : PENDING
17:27:09 INFO  State of operation 21163680 : EXECUTING
17:27:11 INFO  State of operation 21163680 : EXECUTING
17:27:13 INFO  State of operation 21163680 : EXECUTING
17:27:15 INFO  State of operation 21163680 : EXECUTING
17:27:17 INFO  State of operation 21163680 : EXECUTING
17:27:20 INFO  State of operation 21163680 : EXECUTING
17:27:23 INFO  State of operation 21163680 : EXECUTING
17:27:25 INFO  State of operation 21163680 : EXECUTING
17:27:28 INFO  State of operation 21163680 : EXECUTING
17:27:30 INFO  State of operation 21163680 : EXECUTING
17:27:32 INFO  State of operation 21163680 : EXECUTING
17:27:34 INFO  State of operation 21163680 : EXECUTING
17:27:37 INFO  State of operation 21163680 : EXECUTING
17:27:39 INFO  State of operation 21163680 : EXECUTING
17:27:42 INFO  State of operation 21163680 : EXECUTING
17:27:44 INFO  State of operation 21163680 : EXECUTING
17:27:46 INFO  State of operation 21163680 : EXECUTING
17:27:49 INFO  State of operation 21163680 : EXECUTING
17:27:51 INFO  State of operation 21163680 : EXECUTING
17:27:54 INFO  State of operation 21163680 : EXECUTING
17:27:56 INFO  State of operation 21163680 : EXECUTING
17:27:59 INFO  State of operation 21163680 : EXECUTING
17:28:01 INFO  State of operation 21163680 : EXECUTING
17:28:04 INFO  State of operation 21163680 : EXECUTING
17:28:07 INFO  State of operation 21163680 : EXECUTING
17:28:09 INFO  State of operation 21163680 : EXECUTING
17:28:11 INFO  State of operation 21163680 : EXECUTING
17:28:14 INFO  State of operation 21163680 : EXECUTING
17:28:16 INFO  State of operation 21163680 : EXECUTING
17:28:18 INFO  State of operation 21163680 : EXECUTING
17:28:20 INFO  State of operation 21163680 : SUCCESSFUL
17:28:21 WARN  Assert that (True == value) with value=False ... failed [run.py:35]
17:28:21 INFO  Response status: 201
17:28:21 INFO  Response to action: {
    &quot;creationTime&quot;: &quot;2022-07-21T17:28:21.498Z&quot;,
    &quot;deviceId&quot;: &quot;21118604&quot;,
    &quot;deviceName&quot;: &quot;m32sd10c&quot;,
    &quot;self&quot;: &quot;https://t493319102.eu-latest.cumulocity.com/devicecontrol/operations/21163710&quot;,
    &quot;id&quot;: &quot;21163710&quot;,
    &quot;status&quot;: &quot;PENDING&quot;,
    &quot;description&quot;: &quot;Apply software changes, triggered from PySys: [{'name': 'rolldice', 'id': '5152439', 'version': ' ', 'url': '', 'action': 'delete'}]&quot;,
    &quot;c8y_SoftwareUpdate&quot;: [
        {
            &quot;name&quot;: &quot;rolldice&quot;,
            &quot;action&quot;: &quot;delete&quot;,
            &quot;id&quot;: &quot;5152439&quot;,
            &quot;version&quot;: &quot; &quot;,
            &quot;url&quot;: &quot;&quot;
        }
    ]
}
17:28:21 INFO  Started operation: {'creationTime': '2022-07-21T17:28:21.498Z', 'deviceId': '21118604', 'deviceName': 'm32sd10c', 'self': 'https://t493319102.eu-latest.cumulocity.com/devicecontrol/operations/21163710', 'id': '21163710', 'status': 'PENDING', 'description': &quot;Apply software changes, triggered from PySys: [{'name': 'rolldice', 'id': '5152439', 'version': ' ', 'url': '', 'action': 'delete'}]&quot;, 'c8y_SoftwareUpdate': [{'name': 'rolldice', 'action': 'delete', 'id': '5152439', 'version': ' ', 'url': ''}]}
17:28:23 INFO  State of operation 21163710 : PENDING
17:28:25 INFO  State of operation 21163710 : EXECUTING
17:28:28 INFO  State of operation 21163710 : EXECUTING
17:28:30 INFO  State of operation 21163710 : EXECUTING
17:28:32 INFO  State of operation 21163710 : EXECUTING
17:28:34 INFO  State of operation 21163710 : EXECUTING
17:28:37 INFO  State of operation 21163710 : EXECUTING
17:28:40 INFO  State of operation 21163710 : EXECUTING
17:28:42 INFO  State of operation 21163710 : EXECUTING
17:28:45 INFO  State of operation 21163710 : EXECUTING
17:28:47 INFO  State of operation 21163710 : EXECUTING
17:28:49 INFO  State of operation 21163710 : EXECUTING
17:28:51 INFO  State of operation 21163710 : EXECUTING
17:28:54 INFO  State of operation 21163710 : EXECUTING
17:28:56 INFO  State of operation 21163710 : EXECUTING
17:28:59 INFO  State of operation 21163710 : EXECUTING
17:29:01 INFO  State of operation 21163710 : EXECUTING
17:29:03 INFO  State of operation 21163710 : EXECUTING
17:29:06 INFO  State of operation 21163710 : EXECUTING
17:29:08 INFO  State of operation 21163710 : EXECUTING
17:29:10 INFO  State of operation 21163710 : EXECUTING
17:29:12 INFO  State of operation 21163710 : SUCCESSFUL
17:29:12 INFO  Assert that (False == value) with value=False ... passed
17:29:12 INFO  
17:29:12 INFO  cleanup:
17:29:17 INFO  Executed sudo&lt;tedge_disconnect_c8y&gt;, exit status 0
17:29:17 INFO  Executed systemctl&lt;serv_mapper5&gt;, exit status 3
17:29:17 INFO  
17:29:17 INFO  Test duration: 158.02 secs
17:29:17 INFO  Test final outcome:  FAILED
17:29:17 INFO  Test outcome reason: Assert that (True == value) with value=False
17:29:17 INFO  
</system-out>
	</testcase>
</testsuite>
