<?xml version="1.0" encoding="utf-8"?>
<testsuite failures="1" name="SoftwareManagement.sm_mixed_install_remove_multiple" skipped="0" tests="1" time="165.74" timestamp="2022-06-22T15:17:02">
	<testcase classname="PySysTest" name="SoftwareManagement.sm_mixed_install_remove_multiple">
		<failure message="FAILED: Assert that (False == value) with value=True" type="FAILED"/>
		<system-out>15:14:17 INFO  ==============================================================
15:14:17 INFO  Id:    SoftwareManagement.sm_mixed_install_remove_multiple
15:14:17 INFO  Dir:   software_management_end_to_end/
15:14:17 INFO  Title: Validate end to end behaviour for the dummy-plugin for multiple packages with mixed versions
15:14:17 INFO  ==============================================================
15:14:17 INFO  Using sw id database: {'asciijump': '5475369', 'robotfindskitten': '5474869', 'squirrel3': '5475279', 'rolldice': '5152439', 'moon-buggy': '5439204', 'apple': '5495053', 'banana': '5494888', 'cherry': '5495382', 'watermelon': '5494510', 'registry': '8018911', 'hello-world': '8021526', 'docker/getting-started': '8021973', 'alpine': '7991792'}
15:14:17 INFO  EnvironmentC8y Setup
15:14:17 INFO  Executed systemctl&lt;serv_mapper1&gt;, exit status 3
15:14:17 INFO  Restarting mosquitto too frequently in the last 10 seconds. It was only up for 5 seconds
15:14:17 INFO  Delaying execution by 6 seconds
15:14:38 INFO  Executed sudo&lt;tedge_connect_c8y&gt;, exit status 0, duration 14 secs
15:14:38 INFO  Executed sudo&lt;tedge_connect_c8y_test&gt;, exit status 0
15:14:39 INFO  Executed systemctl&lt;serv_mosq2&gt;, exit status 0
15:14:39 INFO  Executed systemctl&lt;serv_mapper3&gt;, exit status 0
15:14:41 INFO  State of current operation: SUCCESSFUL
15:14:42 INFO  Package apple is installed
15:14:42 INFO  Assert that (True == value) with value=True ... passed
15:14:42 INFO  Package banana is installed
15:14:42 INFO  Assert that (True == value) with value=True ... passed
15:14:42 INFO  Package cherry is installed
15:14:42 INFO  Assert that (True == value) with value=True ... passed
15:14:42 INFO  Package asciijump is installed
15:14:42 WARN  Assert that (False == value) with value=True ... failed 
15:14:43 INFO  Assert that (False == value) with value=False ... passed
15:14:43 INFO  Response status: 201
15:14:43 INFO  Response to action: {
    &quot;creationTime&quot;: &quot;2022-06-22T15:14:43.343Z&quot;,
    &quot;deviceName&quot;: &quot;m32sd10c&quot;,
    &quot;deviceId&quot;: &quot;20395907&quot;,
    &quot;self&quot;: &quot;https://t493319102.eu-latest.cumulocity.com/devicecontrol/operations/20413934&quot;,
    &quot;id&quot;: &quot;20413934&quot;,
    &quot;status&quot;: &quot;PENDING&quot;,
    &quot;description&quot;: &quot;Apply software changes, triggered from PySys: [{'action': 'install', 'id': '5495053', 'name': 'apple', 'url': ' ', 'version': '::fruits'}, {'action': 'install', 'id': '5494888', 'name': 'banana', 'url': ' ', 'version': '::fruits'}, {'action': 'install', 'id': '5475369', 'name': 'asciijump', 'url': ' ', 'version': '::apt'}, {'action': 'install', 'id': '5495382', 'name': 'cherry', 'url': ' ', 'version': '::fruits'}, {'action': 'install', 'id': '8018911', 'name': 'registry', 'url': ' ', 'version': '::docker'}]&quot;,
    &quot;c8y_SoftwareUpdate&quot;: [
        {
            &quot;name&quot;: &quot;apple&quot;,
            &quot;action&quot;: &quot;install&quot;,
            &quot;id&quot;: &quot;5495053&quot;,
            &quot;version&quot;: &quot;::fruits&quot;,
            &quot;url&quot;: &quot; &quot;
        },
        {
            &quot;name&quot;: &quot;banana&quot;,
            &quot;action&quot;: &quot;install&quot;,
            &quot;id&quot;: &quot;5494888&quot;,
            &quot;version&quot;: &quot;::fruits&quot;,
            &quot;url&quot;: &quot; &quot;
        },
        {
            &quot;name&quot;: &quot;asciijump&quot;,
            &quot;action&quot;: &quot;install&quot;,
            &quot;id&quot;: &quot;5475369&quot;,
            &quot;version&quot;: &quot;::apt&quot;,
            &quot;url&quot;: &quot; &quot;
        },
        {
            &quot;name&quot;: &quot;cherry&quot;,
            &quot;action&quot;: &quot;install&quot;,
            &quot;id&quot;: &quot;5495382&quot;,
            &quot;version&quot;: &quot;::fruits&quot;,
            &quot;url&quot;: &quot; &quot;
        },
        {
            &quot;name&quot;: &quot;registry&quot;,
            &quot;action&quot;: &quot;install&quot;,
            &quot;id&quot;: &quot;8018911&quot;,
            &quot;version&quot;: &quot;::docker&quot;,
            &quot;url&quot;: &quot; &quot;
        }
    ]
}
15:14:43 INFO  Started operation: {'creationTime': '2022-06-22T15:14:43.343Z', 'deviceName': 'm32sd10c', 'deviceId': '20395907', 'self': 'https://t493319102.eu-latest.cumulocity.com/devicecontrol/operations/20413934', 'id': '20413934', 'status': 'PENDING', 'description': &quot;Apply software changes, triggered from PySys: [{'action': 'install', 'id': '5495053', 'name': 'apple', 'url': ' ', 'version': '::fruits'}, {'action': 'install', 'id': '5494888', 'name': 'banana', 'url': ' ', 'version': '::fruits'}, {'action': 'install', 'id': '5475369', 'name': 'asciijump', 'url': ' ', 'version': '::apt'}, {'action': 'install', 'id': '5495382', 'name': 'cherry', 'url': ' ', 'version': '::fruits'}, {'action': 'install', 'id': '8018911', 'name': 'registry', 'url': ' ', 'version': '::docker'}]&quot;, 'c8y_SoftwareUpdate': [{'name': 'apple', 'action': 'install', 'id': '5495053', 'version': '::fruits', 'url': ' '}, {'name': 'banana', 'action': 'install', 'id': '5494888', 'version': '::fruits', 'url': ' '}, {'name': 'asciijump', 'action': 'install', 'id': '5475369', 'version': '::apt', 'url': ' '}, {'name': 'cherry', 'action': 'install', 'id': '5495382', 'version': '::fruits', 'url': ' '}, {'name': 'registry', 'action': 'install', 'id': '8018911', 'version': '::docker', 'url': ' '}]}
15:14:46 INFO  State of operation 20413934 : PENDING
15:14:48 INFO  State of operation 20413934 : EXECUTING
15:14:50 INFO  State of operation 20413934 : EXECUTING
15:14:52 INFO  State of operation 20413934 : EXECUTING
15:14:55 INFO  State of operation 20413934 : EXECUTING
15:14:57 INFO  State of operation 20413934 : EXECUTING
15:15:00 INFO  State of operation 20413934 : EXECUTING
15:15:02 INFO  State of operation 20413934 : EXECUTING
15:15:05 INFO  State of operation 20413934 : EXECUTING
15:15:07 INFO  State of operation 20413934 : EXECUTING
15:15:09 INFO  State of operation 20413934 : EXECUTING
15:15:12 INFO  State of operation 20413934 : EXECUTING
15:15:14 INFO  State of operation 20413934 : EXECUTING
15:15:16 INFO  State of operation 20413934 : EXECUTING
15:15:18 INFO  State of operation 20413934 : EXECUTING
15:15:21 INFO  State of operation 20413934 : EXECUTING
15:15:24 INFO  State of operation 20413934 : EXECUTING
15:15:26 INFO  State of operation 20413934 : EXECUTING
15:15:28 INFO  State of operation 20413934 : EXECUTING
15:15:31 INFO  State of operation 20413934 : EXECUTING
15:15:33 INFO  State of operation 20413934 : EXECUTING
15:15:36 INFO  State of operation 20413934 : EXECUTING
15:15:38 INFO  State of operation 20413934 : EXECUTING
15:15:40 INFO  State of operation 20413934 : EXECUTING
15:15:42 INFO  State of operation 20413934 : EXECUTING
15:15:44 INFO  State of operation 20413934 : SUCCESSFUL
15:15:45 INFO  Package apple is installed
15:15:45 INFO  Assert that (True == value) with value=True ... passed
15:15:45 INFO  Package banana is installed
15:15:45 INFO  Assert that (True == value) with value=True ... passed
15:15:45 INFO  Package cherry is installed
15:15:45 INFO  Assert that (True == value) with value=True ... passed
15:15:45 INFO  Package asciijump is installed
15:15:45 INFO  Assert that (True == value) with value=True ... passed
15:15:46 INFO  Package registry is installed
15:15:46 INFO  Assert that (True == value) with value=True ... passed
15:15:46 INFO  Response status: 201
15:15:46 INFO  Response to action: {
    &quot;creationTime&quot;: &quot;2022-06-22T15:15:46.394Z&quot;,
    &quot;deviceName&quot;: &quot;m32sd10c&quot;,
    &quot;deviceId&quot;: &quot;20395907&quot;,
    &quot;self&quot;: &quot;https://t493319102.eu-latest.cumulocity.com/devicecontrol/operations/20413949&quot;,
    &quot;id&quot;: &quot;20413949&quot;,
    &quot;status&quot;: &quot;PENDING&quot;,
    &quot;description&quot;: &quot;Apply software changes, triggered from PySys: [{'action': 'delete', 'id': '5495053', 'name': 'apple', 'url': ' ', 'version': '::fruits'}, {'action': 'delete', 'id': '5494888', 'name': 'banana', 'url': ' ', 'version': '::fruits'}, {'action': 'delete', 'id': '5475369', 'name': 'asciijump', 'url': ' ', 'version': '::apt'}, {'action': 'delete', 'id': '5495382', 'name': 'cherry', 'url': ' ', 'version': '::fruits'}, {'action': 'delete', 'id': '8018911', 'name': 'registry', 'url': ' ', 'version': '::docker'}]&quot;,
    &quot;c8y_SoftwareUpdate&quot;: [
        {
            &quot;name&quot;: &quot;apple&quot;,
            &quot;action&quot;: &quot;delete&quot;,
            &quot;id&quot;: &quot;5495053&quot;,
            &quot;version&quot;: &quot;::fruits&quot;,
            &quot;url&quot;: &quot; &quot;
        },
        {
            &quot;name&quot;: &quot;banana&quot;,
            &quot;action&quot;: &quot;delete&quot;,
            &quot;id&quot;: &quot;5494888&quot;,
            &quot;version&quot;: &quot;::fruits&quot;,
            &quot;url&quot;: &quot; &quot;
        },
        {
            &quot;name&quot;: &quot;asciijump&quot;,
            &quot;action&quot;: &quot;delete&quot;,
            &quot;id&quot;: &quot;5475369&quot;,
            &quot;version&quot;: &quot;::apt&quot;,
            &quot;url&quot;: &quot; &quot;
        },
        {
            &quot;name&quot;: &quot;cherry&quot;,
            &quot;action&quot;: &quot;delete&quot;,
            &quot;id&quot;: &quot;5495382&quot;,
            &quot;version&quot;: &quot;::fruits&quot;,
            &quot;url&quot;: &quot; &quot;
        },
        {
            &quot;name&quot;: &quot;registry&quot;,
            &quot;action&quot;: &quot;delete&quot;,
            &quot;id&quot;: &quot;8018911&quot;,
            &quot;version&quot;: &quot;::docker&quot;,
            &quot;url&quot;: &quot; &quot;
        }
    ]
}
15:15:46 INFO  Started operation: {'creationTime': '2022-06-22T15:15:46.394Z', 'deviceName': 'm32sd10c', 'deviceId': '20395907', 'self': 'https://t493319102.eu-latest.cumulocity.com/devicecontrol/operations/20413949', 'id': '20413949', 'status': 'PENDING', 'description': &quot;Apply software changes, triggered from PySys: [{'action': 'delete', 'id': '5495053', 'name': 'apple', 'url': ' ', 'version': '::fruits'}, {'action': 'delete', 'id': '5494888', 'name': 'banana', 'url': ' ', 'version': '::fruits'}, {'action': 'delete', 'id': '5475369', 'name': 'asciijump', 'url': ' ', 'version': '::apt'}, {'action': 'delete', 'id': '5495382', 'name': 'cherry', 'url': ' ', 'version': '::fruits'}, {'action': 'delete', 'id': '8018911', 'name': 'registry', 'url': ' ', 'version': '::docker'}]&quot;, 'c8y_SoftwareUpdate': [{'name': 'apple', 'action': 'delete', 'id': '5495053', 'version': '::fruits', 'url': ' '}, {'name': 'banana', 'action': 'delete', 'id': '5494888', 'version': '::fruits', 'url': ' '}, {'name': 'asciijump', 'action': 'delete', 'id': '5475369', 'version': '::apt', 'url': ' '}, {'name': 'cherry', 'action': 'delete', 'id': '5495382', 'version': '::fruits', 'url': ' '}, {'name': 'registry', 'action': 'delete', 'id': '8018911', 'version': '::docker', 'url': ' '}]}
15:15:48 INFO  State of operation 20413949 : PENDING
15:15:50 INFO  State of operation 20413949 : EXECUTING
15:15:53 INFO  State of operation 20413949 : EXECUTING
15:15:55 INFO  State of operation 20413949 : EXECUTING
15:15:57 INFO  State of operation 20413949 : EXECUTING
15:15:59 INFO  State of operation 20413949 : EXECUTING
15:16:02 INFO  State of operation 20413949 : EXECUTING
15:16:05 INFO  State of operation 20413949 : EXECUTING
15:16:07 INFO  State of operation 20413949 : EXECUTING
15:16:09 INFO  State of operation 20413949 : EXECUTING
15:16:11 INFO  State of operation 20413949 : EXECUTING
15:16:14 INFO  State of operation 20413949 : EXECUTING
15:16:16 INFO  State of operation 20413949 : EXECUTING
15:16:18 INFO  State of operation 20413949 : EXECUTING
15:16:20 INFO  State of operation 20413949 : EXECUTING
15:16:23 INFO  State of operation 20413949 : EXECUTING
15:16:26 INFO  State of operation 20413949 : EXECUTING
15:16:29 INFO  State of operation 20413949 : EXECUTING
15:16:31 INFO  State of operation 20413949 : EXECUTING
15:16:33 INFO  State of operation 20413949 : EXECUTING
15:16:36 INFO  State of operation 20413949 : EXECUTING
15:16:38 INFO  State of operation 20413949 : EXECUTING
15:16:40 INFO  State of operation 20413949 : EXECUTING
15:16:43 INFO  State of operation 20413949 : EXECUTING
15:16:45 INFO  State of operation 20413949 : EXECUTING
15:16:47 INFO  State of operation 20413949 : EXECUTING
15:16:49 INFO  State of operation 20413949 : EXECUTING
15:16:52 INFO  State of operation 20413949 : EXECUTING
15:16:54 INFO  State of operation 20413949 : EXECUTING
15:16:56 INFO  State of operation 20413949 : SUCCESSFUL
15:16:56 INFO  Package apple is installed
15:16:56 INFO  Assert that (True == value) with value=True ... passed
15:16:57 INFO  Package banana is installed
15:16:57 INFO  Assert that (True == value) with value=True ... passed
15:16:57 INFO  Package cherry is installed
15:16:57 INFO  Assert that (True == value) with value=True ... passed
15:16:57 INFO  Assert that (False == value) with value=False ... passed
15:16:57 INFO  Assert that (False == value) with value=False ... passed
15:16:57 INFO  
15:16:57 INFO  cleanup:
15:17:02 INFO  Executed sudo&lt;tedge_disconnect_c8y&gt;, exit status 0
15:17:02 INFO  Executed systemctl&lt;serv_mapper5&gt;, exit status 3
15:17:02 INFO  
15:17:02 INFO  Test duration: 165.74 secs
15:17:02 INFO  Test final outcome:  FAILED
15:17:02 INFO  Test outcome reason: Assert that (False == value) with value=True
15:17:02 INFO  
</system-out>
	</testcase>
</testsuite>
