<?xml version="1.0" encoding="utf-8"?>
<testsuite failures="1" name="SoftwareManagement.sm_apt_install_remove_default" skipped="0" tests="1" time="166.58" timestamp="2022-05-24T16:51:50">
	<testcase classname="PySysTest" name="SoftwareManagement.sm_apt_install_remove_default">
		<failure message="BLOCKED: SystemError: Timeout while waiting for status FAILED or SUCCESSFUL" type="BLOCKED"/>
		<system-out>16:49:03 INFO  ==============================================================
16:49:03 INFO  Id:    SoftwareManagement.sm_apt_install_remove_default
16:49:03 INFO  Dir:   software_management_end_to_end/
16:49:03 INFO  Title: Validate end to end behaviour for the default plugin for installation and removal of packages
16:49:03 INFO  ==============================================================
16:49:03 INFO  Using sw id database: {'asciijump': '5475369', 'robotfindskitten': '5474869', 'squirrel3': '5475279', 'rolldice': '5152439', 'moon-buggy': '5439204', 'apple': '5495053', 'banana': '5494888', 'cherry': '5495382', 'watermelon': '5494510', 'registry': '8018911', 'hello-world': '8021526', 'docker/getting-started': '8021973', 'alpine': '7991792'}
16:49:03 INFO  EnvironmentC8y Setup
16:49:04 INFO  Executed systemctl&lt;serv_mapper1&gt;, exit status 3
16:49:04 INFO  Restarting mosquitto too frequently in the last 10 seconds. It was only up for 4 seconds
16:49:04 INFO  Delaying execution by 7 seconds
16:49:25 INFO  Executed sudo&lt;tedge_connect_c8y&gt;, exit status 0, duration 14 secs
16:49:26 INFO  Executed sudo&lt;tedge_connect_c8y_test&gt;, exit status 0
16:49:26 INFO  Executed systemctl&lt;serv_mosq2&gt;, exit status 0
16:49:27 INFO  Executed systemctl&lt;serv_mapper3&gt;, exit status 0
16:49:29 INFO  State of current operation: PENDING
16:49:31 INFO  State of current operation: PENDING
16:49:34 INFO  State of current operation: PENDING
16:49:36 INFO  State of current operation: PENDING
16:49:38 INFO  State of current operation: PENDING
16:49:40 INFO  State of current operation: PENDING
16:49:42 INFO  State of current operation: PENDING
16:49:45 INFO  State of current operation: PENDING
16:49:47 INFO  State of current operation: PENDING
16:49:49 INFO  State of current operation: PENDING
16:49:51 INFO  State of current operation: PENDING
16:49:54 INFO  State of current operation: PENDING
16:49:56 INFO  State of current operation: PENDING
16:49:58 INFO  State of current operation: PENDING
16:50:00 INFO  State of current operation: PENDING
16:50:03 INFO  State of current operation: PENDING
16:50:05 INFO  State of current operation: PENDING
16:50:07 INFO  State of current operation: PENDING
16:50:09 INFO  State of current operation: PENDING
16:50:12 INFO  State of current operation: PENDING
16:50:14 INFO  State of current operation: PENDING
16:50:16 INFO  State of current operation: PENDING
16:50:18 INFO  State of current operation: PENDING
16:50:21 INFO  State of current operation: PENDING
16:50:23 INFO  State of current operation: PENDING
16:50:25 INFO  State of current operation: PENDING
16:50:27 INFO  State of current operation: PENDING
16:50:30 INFO  State of current operation: PENDING
16:50:32 INFO  State of current operation: PENDING
16:50:34 INFO  State of current operation: PENDING
16:50:36 INFO  State of current operation: PENDING
16:50:38 INFO  State of current operation: PENDING
16:50:41 INFO  State of current operation: PENDING
16:50:43 INFO  State of current operation: PENDING
16:50:45 INFO  State of current operation: PENDING
16:50:47 INFO  State of current operation: PENDING
16:50:50 INFO  State of current operation: PENDING
16:50:52 INFO  State of current operation: PENDING
16:50:54 INFO  State of current operation: PENDING
16:50:56 INFO  State of current operation: PENDING
16:50:59 INFO  State of current operation: PENDING
16:51:01 INFO  State of current operation: PENDING
16:51:03 INFO  State of current operation: PENDING
16:51:05 INFO  State of current operation: PENDING
16:51:07 INFO  State of current operation: PENDING
16:51:10 INFO  State of current operation: PENDING
16:51:12 INFO  State of current operation: PENDING
16:51:14 INFO  State of current operation: PENDING
16:51:16 INFO  State of current operation: PENDING
16:51:19 INFO  State of current operation: PENDING
16:51:21 INFO  State of current operation: PENDING
16:51:23 INFO  State of current operation: PENDING
16:51:25 INFO  State of current operation: PENDING
16:51:28 INFO  State of current operation: PENDING
16:51:30 INFO  State of current operation: PENDING
16:51:32 INFO  State of current operation: PENDING
16:51:34 INFO  State of current operation: PENDING
16:51:36 INFO  State of current operation: PENDING
16:51:39 INFO  State of current operation: PENDING
16:51:41 INFO  State of current operation: PENDING
16:51:43 INFO  State of current operation: PENDING
16:51:45 WARN  SystemError occurred while running test - Timeout while waiting for status FAILED or SUCCESSFUL
Traceback (most recent call last):
  File &quot;/home/pi/env-pysys/lib/python3.7/site-packages/pysys/baserunner.py&quot;, line 1292, in __call__
    self.testObj.setup()
  File &quot;/home/pi/actions-runner/_work/thin-edge.io/thin-edge.io/tests/PySys/software_management_end_to_end/sm_apt_install_remove_default/run.py&quot;, line 26, in setup
    super().setup()
  File &quot;/home/pi/actions-runner/_work/thin-edge.io/thin-edge.io/tests/PySys/software_management_end_to_end/environment_sm_management.py&quot;, line 151, in setup
    self.wait_until_end()
  File &quot;/home/pi/actions-runner/_work/thin-edge.io/thin-edge.io/tests/PySys/software_management_end_to_end/environment_sm_management.py&quot;, line 332, in wait_until_end
    self.wait_until_status(&quot;FAILED&quot;, &quot;SUCCESSFUL&quot;)
  File &quot;/home/pi/actions-runner/_work/thin-edge.io/thin-edge.io/tests/PySys/software_management_end_to_end/environment_sm_management.py&quot;, line 381, in wait_until_status
    &quot;Timeout while waiting for status %s or %s&quot; % (status, status2)
SystemError: Timeout while waiting for status FAILED or SUCCESSFUL
16:51:45 WARN  SystemError: Timeout while waiting for status FAILED or SUCCESSFUL ... blocked 
16:51:45 INFO  
16:51:45 INFO  cleanup:
16:51:49 INFO  Executed sudo&lt;tedge_disconnect_c8y&gt;, exit status 0
16:51:50 INFO  Executed systemctl&lt;serv_mapper5&gt;, exit status 3
16:51:50 INFO  
16:51:50 INFO  Test duration: 166.58 secs
16:51:50 INFO  Test final outcome:  BLOCKED
16:51:50 INFO  Test outcome reason: SystemError: Timeout while waiting for status FAILED or SUCCESSFUL
16:51:50 INFO  
</system-out>
	</testcase>
</testsuite>
