<?xml version="1.0" encoding="utf-8"?>
<testsuite failures="1" name="SoftwareManagement.sm_apt_install_remove_multiple" skipped="0" tests="1" time="137.82" timestamp="2022-07-21T11:08:29">
	<testcase classname="PySysTest" name="SoftwareManagement.sm_apt_install_remove_multiple">
		<failure message="FAILED: Assert that (False == value) with value=True (+3 other failures)" type="FAILED"/>
		<system-out>11:06:11 INFO  ==============================================================
11:06:11 INFO  Id:    SoftwareManagement.sm_apt_install_remove_multiple
11:06:11 INFO  Dir:   software_management_end_to_end/
11:06:11 INFO  Title: Validate end to end behaviour for the apt plugin for multiple packages
11:06:11 INFO  ==============================================================
11:06:11 INFO  Using sw id database: {'asciijump': '5475369', 'robotfindskitten': '5474869', 'squirrel3': '5475279', 'rolldice': '5152439', 'moon-buggy': '5439204', 'apple': '5495053', 'banana': '5494888', 'cherry': '5495382', 'watermelon': '5494510', 'registry': '8018911', 'hello-world': '8021526', 'docker/getting-started': '8021973', 'alpine': '7991792'}
11:06:11 INFO  EnvironmentC8y Setup
11:06:11 INFO  Executed systemctl&lt;serv_mapper1&gt;, exit status 3
11:06:12 INFO  Restarting mosquitto too frequently in the last 10 seconds. It was only up for 4 seconds
11:06:12 INFO  Delaying execution by 7 seconds
11:06:33 INFO  Executed sudo&lt;tedge_connect_c8y&gt;, exit status 0, duration 14 secs
11:06:33 INFO  Executed sudo&lt;tedge_connect_c8y_test&gt;, exit status 0
11:06:34 INFO  Executed systemctl&lt;serv_mosq2&gt;, exit status 0
11:06:34 INFO  Executed systemctl&lt;serv_mapper3&gt;, exit status 0
11:06:36 INFO  State of current operation: SUCCESSFUL
11:06:37 INFO  Package rolldice is installed
11:06:37 WARN  Assert that (False == value) with value=True ... failed 
11:06:37 INFO  Package asciijump is installed
11:06:37 WARN  Assert that (False == value) with value=True ... failed 
11:06:37 INFO  Package squirrel3 is installed
11:06:37 WARN  Assert that (False == value) with value=True ... failed 
11:06:37 INFO  Package robotfindskitten is installed
11:06:37 WARN  Assert that (False == value) with value=True ... failed 
11:06:38 INFO  Response status: 201
11:06:38 INFO  Response to action: {
    &quot;delivery&quot;: {
        &quot;log&quot;: [],
        &quot;time&quot;: &quot;2022-07-21T11:06:38.118Z&quot;,
        &quot;status&quot;: &quot;PENDING&quot;
    },
    &quot;creationTime&quot;: &quot;2022-07-21T11:06:38.101Z&quot;,
    &quot;deviceId&quot;: &quot;21110410&quot;,
    &quot;deviceName&quot;: &quot;m32sd10c&quot;,
    &quot;self&quot;: &quot;https://t493319102.eu-latest.cumulocity.com/devicecontrol/operations/21118377&quot;,
    &quot;id&quot;: &quot;21118377&quot;,
    &quot;status&quot;: &quot;PENDING&quot;,
    &quot;description&quot;: &quot;Apply software changes, triggered from PySys: [{'action': 'install', 'id': '5475369', 'name': 'asciijump', 'url': ' ', 'version': '::apt'}, {'action': 'install', 'id': '5474869', 'name': 'robotfindskitten', 'url': ' ', 'version': '::apt'}, {'action': 'install', 'id': '5475279', 'name': 'squirrel3', 'url': ' ', 'version': '::apt'}]&quot;,
    &quot;c8y_SoftwareUpdate&quot;: [
        {
            &quot;name&quot;: &quot;asciijump&quot;,
            &quot;action&quot;: &quot;install&quot;,
            &quot;id&quot;: &quot;5475369&quot;,
            &quot;version&quot;: &quot;::apt&quot;,
            &quot;url&quot;: &quot; &quot;
        },
        {
            &quot;name&quot;: &quot;robotfindskitten&quot;,
            &quot;action&quot;: &quot;install&quot;,
            &quot;id&quot;: &quot;5474869&quot;,
            &quot;version&quot;: &quot;::apt&quot;,
            &quot;url&quot;: &quot; &quot;
        },
        {
            &quot;name&quot;: &quot;squirrel3&quot;,
            &quot;action&quot;: &quot;install&quot;,
            &quot;id&quot;: &quot;5475279&quot;,
            &quot;version&quot;: &quot;::apt&quot;,
            &quot;url&quot;: &quot; &quot;
        }
    ]
}
11:06:38 INFO  Started operation: {'delivery': {'log': [], 'time': '2022-07-21T11:06:38.118Z', 'status': 'PENDING'}, 'creationTime': '2022-07-21T11:06:38.101Z', 'deviceId': '21110410', 'deviceName': 'm32sd10c', 'self': 'https://t493319102.eu-latest.cumulocity.com/devicecontrol/operations/21118377', 'id': '21118377', 'status': 'PENDING', 'description': &quot;Apply software changes, triggered from PySys: [{'action': 'install', 'id': '5475369', 'name': 'asciijump', 'url': ' ', 'version': '::apt'}, {'action': 'install', 'id': '5474869', 'name': 'robotfindskitten', 'url': ' ', 'version': '::apt'}, {'action': 'install', 'id': '5475279', 'name': 'squirrel3', 'url': ' ', 'version': '::apt'}]&quot;, 'c8y_SoftwareUpdate': [{'name': 'asciijump', 'action': 'install', 'id': '5475369', 'version': '::apt', 'url': ' '}, {'name': 'robotfindskitten', 'action': 'install', 'id': '5474869', 'version': '::apt', 'url': ' '}, {'name': 'squirrel3', 'action': 'install', 'id': '5475279', 'version': '::apt', 'url': ' '}]}
11:06:40 INFO  State of operation 21118377 : PENDING
11:06:42 INFO  State of operation 21118377 : EXECUTING
11:06:44 INFO  State of operation 21118377 : EXECUTING
11:06:47 INFO  State of operation 21118377 : EXECUTING
11:06:49 INFO  State of operation 21118377 : EXECUTING
11:06:51 INFO  State of operation 21118377 : EXECUTING
11:06:53 INFO  State of operation 21118377 : EXECUTING
11:06:56 INFO  State of operation 21118377 : EXECUTING
11:06:58 INFO  State of operation 21118377 : EXECUTING
11:07:01 INFO  State of operation 21118377 : EXECUTING
11:07:03 INFO  State of operation 21118377 : EXECUTING
11:07:05 INFO  State of operation 21118377 : EXECUTING
11:07:08 INFO  State of operation 21118377 : EXECUTING
11:07:10 INFO  State of operation 21118377 : EXECUTING
11:07:12 INFO  State of operation 21118377 : EXECUTING
11:07:14 INFO  State of operation 21118377 : SUCCESSFUL
11:07:14 INFO  Assert that (False == value) with value=False ... passed
11:07:15 INFO  Package asciijump is installed
11:07:15 INFO  Assert that (True == value) with value=True ... passed
11:07:15 INFO  Package squirrel3 is installed
11:07:15 INFO  Assert that (True == value) with value=True ... passed
11:07:15 INFO  Package robotfindskitten is installed
11:07:15 INFO  Assert that (True == value) with value=True ... passed
11:07:15 INFO  Response status: 201
11:07:15 INFO  Response to action: {
    &quot;delivery&quot;: {
        &quot;log&quot;: [],
        &quot;time&quot;: &quot;2022-07-21T11:07:15.799Z&quot;,
        &quot;status&quot;: &quot;PENDING&quot;
    },
    &quot;creationTime&quot;: &quot;2022-07-21T11:07:15.783Z&quot;,
    &quot;deviceId&quot;: &quot;21110410&quot;,
    &quot;deviceName&quot;: &quot;m32sd10c&quot;,
    &quot;self&quot;: &quot;https://t493319102.eu-latest.cumulocity.com/devicecontrol/operations/21118389&quot;,
    &quot;id&quot;: &quot;21118389&quot;,
    &quot;status&quot;: &quot;PENDING&quot;,
    &quot;description&quot;: &quot;Apply software changes, triggered from PySys: [{'action': 'delete', 'id': '5475369', 'name': 'asciijump', 'url': ' ', 'version': '::apt'}, {'action': 'delete', 'id': '5474869', 'name': 'robotfindskitten', 'url': ' ', 'version': '::apt'}, {'action': 'delete', 'id': '5475279', 'name': 'squirrel3', 'url': ' ', 'version': '::apt'}]&quot;,
    &quot;c8y_SoftwareUpdate&quot;: [
        {
            &quot;name&quot;: &quot;asciijump&quot;,
            &quot;action&quot;: &quot;delete&quot;,
            &quot;id&quot;: &quot;5475369&quot;,
            &quot;version&quot;: &quot;::apt&quot;,
            &quot;url&quot;: &quot; &quot;
        },
        {
            &quot;name&quot;: &quot;robotfindskitten&quot;,
            &quot;action&quot;: &quot;delete&quot;,
            &quot;id&quot;: &quot;5474869&quot;,
            &quot;version&quot;: &quot;::apt&quot;,
            &quot;url&quot;: &quot; &quot;
        },
        {
            &quot;name&quot;: &quot;squirrel3&quot;,
            &quot;action&quot;: &quot;delete&quot;,
            &quot;id&quot;: &quot;5475279&quot;,
            &quot;version&quot;: &quot;::apt&quot;,
            &quot;url&quot;: &quot; &quot;
        }
    ]
}
11:07:15 INFO  Started operation: {'delivery': {'log': [], 'time': '2022-07-21T11:07:15.799Z', 'status': 'PENDING'}, 'creationTime': '2022-07-21T11:07:15.783Z', 'deviceId': '21110410', 'deviceName': 'm32sd10c', 'self': 'https://t493319102.eu-latest.cumulocity.com/devicecontrol/operations/21118389', 'id': '21118389', 'status': 'PENDING', 'description': &quot;Apply software changes, triggered from PySys: [{'action': 'delete', 'id': '5475369', 'name': 'asciijump', 'url': ' ', 'version': '::apt'}, {'action': 'delete', 'id': '5474869', 'name': 'robotfindskitten', 'url': ' ', 'version': '::apt'}, {'action': 'delete', 'id': '5475279', 'name': 'squirrel3', 'url': ' ', 'version': '::apt'}]&quot;, 'c8y_SoftwareUpdate': [{'name': 'asciijump', 'action': 'delete', 'id': '5475369', 'version': '::apt', 'url': ' '}, {'name': 'robotfindskitten', 'action': 'delete', 'id': '5474869', 'version': '::apt', 'url': ' '}, {'name': 'squirrel3', 'action': 'delete', 'id': '5475279', 'version': '::apt', 'url': ' '}]}
11:07:18 INFO  State of operation 21118389 : PENDING
11:07:20 INFO  State of operation 21118389 : EXECUTING
11:07:22 INFO  State of operation 21118389 : EXECUTING
11:07:24 INFO  State of operation 21118389 : EXECUTING
11:07:26 INFO  State of operation 21118389 : EXECUTING
11:07:29 INFO  State of operation 21118389 : EXECUTING
11:07:31 INFO  State of operation 21118389 : EXECUTING
11:07:34 INFO  State of operation 21118389 : EXECUTING
11:07:36 INFO  State of operation 21118389 : EXECUTING
11:07:39 INFO  State of operation 21118389 : EXECUTING
11:07:41 INFO  State of operation 21118389 : EXECUTING
11:07:43 INFO  State of operation 21118389 : EXECUTING
11:07:45 INFO  State of operation 21118389 : EXECUTING
11:07:48 INFO  State of operation 21118389 : EXECUTING
11:07:50 INFO  State of operation 21118389 : EXECUTING
11:07:52 INFO  State of operation 21118389 : EXECUTING
11:07:55 INFO  State of operation 21118389 : EXECUTING
11:07:57 INFO  State of operation 21118389 : EXECUTING
11:08:00 INFO  State of operation 21118389 : EXECUTING
11:08:02 INFO  State of operation 21118389 : EXECUTING
11:08:05 INFO  State of operation 21118389 : EXECUTING
11:08:07 INFO  State of operation 21118389 : EXECUTING
11:08:09 INFO  State of operation 21118389 : EXECUTING
11:08:11 INFO  State of operation 21118389 : EXECUTING
11:08:13 INFO  State of operation 21118389 : EXECUTING
11:08:16 INFO  State of operation 21118389 : EXECUTING
11:08:19 INFO  State of operation 21118389 : EXECUTING
11:08:21 INFO  State of operation 21118389 : EXECUTING
11:08:23 INFO  State of operation 21118389 : SUCCESSFUL
11:08:23 INFO  Assert that (False == value) with value=False ... passed
11:08:24 INFO  Assert that (False == value) with value=False ... passed
11:08:24 INFO  Assert that (False == value) with value=False ... passed
11:08:24 INFO  Assert that (False == value) with value=False ... passed
11:08:24 INFO  
11:08:24 INFO  cleanup:
11:08:28 INFO  Executed sudo&lt;tedge_disconnect_c8y&gt;, exit status 0
11:08:29 INFO  Executed systemctl&lt;serv_mapper5&gt;, exit status 3
11:08:29 INFO  
11:08:29 INFO  Test duration: 137.82 secs
11:08:29 INFO  Test final outcome:  FAILED
11:08:29 INFO  Test outcome reason: Assert that (False == value) with value=True (+3 other failures)
11:08:29 INFO  
</system-out>
	</testcase>
</testsuite>
