<?xml version="1.0" encoding="utf-8"?>
<testsuite failures="1" name="SoftwareManagement.sm_apt_install_remove_multiple" skipped="0" tests="1" time="139.11" timestamp="2022-07-25T12:59:12">
	<testcase classname="PySysTest" name="SoftwareManagement.sm_apt_install_remove_multiple">
		<failure message="FAILED: Assert that (False == value) with value=True (+2 other failures)" type="FAILED"/>
		<system-out>12:56:53 INFO  ==============================================================
12:56:53 INFO  Id:    SoftwareManagement.sm_apt_install_remove_multiple
12:56:53 INFO  Dir:   software_management_end_to_end/
12:56:53 INFO  Title: Validate end to end behaviour for the apt plugin for multiple packages
12:56:53 INFO  ==============================================================
12:56:53 INFO  Using sw id database: {'asciijump': '5475369', 'robotfindskitten': '5474869', 'squirrel3': '5475279', 'rolldice': '5152439', 'moon-buggy': '5439204', 'apple': '5495053', 'banana': '5494888', 'cherry': '5495382', 'watermelon': '5494510', 'registry': '8018911', 'hello-world': '8021526', 'docker/getting-started': '8021973', 'alpine': '7991792'}
12:56:53 INFO  EnvironmentC8y Setup
12:56:54 INFO  Executed systemctl&lt;serv_mapper1&gt;, exit status 3
12:56:54 INFO  Restarting mosquitto too frequently in the last 10 seconds. It was only up for 5 seconds
12:56:54 INFO  Delaying execution by 6 seconds
12:57:14 INFO  Executed sudo&lt;tedge_connect_c8y&gt;, exit status 0, duration 14 secs
12:57:15 INFO  Executed sudo&lt;tedge_connect_c8y_test&gt;, exit status 0
12:57:16 INFO  Executed systemctl&lt;serv_mosq2&gt;, exit status 0
12:57:16 INFO  Executed systemctl&lt;serv_mapper3&gt;, exit status 0
12:57:18 INFO  State of current operation: SUCCESSFUL
12:57:18 INFO  Assert that (False == value) with value=False ... passed
12:57:19 INFO  Package asciijump is installed
12:57:19 WARN  Assert that (False == value) with value=True ... failed 
12:57:19 INFO  Package squirrel3 is installed
12:57:19 WARN  Assert that (False == value) with value=True ... failed 
12:57:20 INFO  Package robotfindskitten is installed
12:57:20 WARN  Assert that (False == value) with value=True ... failed 
12:57:20 INFO  Response status: 201
12:57:20 INFO  Response to action: {
    &quot;creationTime&quot;: &quot;2022-07-25T12:57:20.223Z&quot;,
    &quot;deviceId&quot;: &quot;21371117&quot;,
    &quot;deviceName&quot;: &quot;m32sd10c&quot;,
    &quot;self&quot;: &quot;https://t493319102.eu-latest.cumulocity.com/devicecontrol/operations/21385654&quot;,
    &quot;id&quot;: &quot;21385654&quot;,
    &quot;status&quot;: &quot;PENDING&quot;,
    &quot;description&quot;: &quot;Apply software changes, triggered from PySys: [{'action': 'install', 'id': '5475369', 'name': 'asciijump', 'url': ' ', 'version': '::apt'}, {'action': 'install', 'id': '5474869', 'name': 'robotfindskitten', 'url': ' ', 'version': '::apt'}, {'action': 'install', 'id': '5475279', 'name': 'squirrel3', 'url': ' ', 'version': '::apt'}]&quot;,
    &quot;c8y_SoftwareUpdate&quot;: [
        {
            &quot;name&quot;: &quot;asciijump&quot;,
            &quot;action&quot;: &quot;install&quot;,
            &quot;id&quot;: &quot;5475369&quot;,
            &quot;version&quot;: &quot;::apt&quot;,
            &quot;url&quot;: &quot; &quot;
        },
        {
            &quot;name&quot;: &quot;robotfindskitten&quot;,
            &quot;action&quot;: &quot;install&quot;,
            &quot;id&quot;: &quot;5474869&quot;,
            &quot;version&quot;: &quot;::apt&quot;,
            &quot;url&quot;: &quot; &quot;
        },
        {
            &quot;name&quot;: &quot;squirrel3&quot;,
            &quot;action&quot;: &quot;install&quot;,
            &quot;id&quot;: &quot;5475279&quot;,
            &quot;version&quot;: &quot;::apt&quot;,
            &quot;url&quot;: &quot; &quot;
        }
    ]
}
12:57:20 INFO  Started operation: {'creationTime': '2022-07-25T12:57:20.223Z', 'deviceId': '21371117', 'deviceName': 'm32sd10c', 'self': 'https://t493319102.eu-latest.cumulocity.com/devicecontrol/operations/21385654', 'id': '21385654', 'status': 'PENDING', 'description': &quot;Apply software changes, triggered from PySys: [{'action': 'install', 'id': '5475369', 'name': 'asciijump', 'url': ' ', 'version': '::apt'}, {'action': 'install', 'id': '5474869', 'name': 'robotfindskitten', 'url': ' ', 'version': '::apt'}, {'action': 'install', 'id': '5475279', 'name': 'squirrel3', 'url': ' ', 'version': '::apt'}]&quot;, 'c8y_SoftwareUpdate': [{'name': 'asciijump', 'action': 'install', 'id': '5475369', 'version': '::apt', 'url': ' '}, {'name': 'robotfindskitten', 'action': 'install', 'id': '5474869', 'version': '::apt', 'url': ' '}, {'name': 'squirrel3', 'action': 'install', 'id': '5475279', 'version': '::apt', 'url': ' '}]}
12:57:22 INFO  State of operation 21385654 : PENDING
12:57:24 INFO  State of operation 21385654 : EXECUTING
12:57:26 INFO  State of operation 21385654 : EXECUTING
12:57:29 INFO  State of operation 21385654 : EXECUTING
12:57:31 INFO  State of operation 21385654 : EXECUTING
12:57:33 INFO  State of operation 21385654 : EXECUTING
12:57:36 INFO  State of operation 21385654 : EXECUTING
12:57:39 INFO  State of operation 21385654 : EXECUTING
12:57:41 INFO  State of operation 21385654 : EXECUTING
12:57:43 INFO  State of operation 21385654 : EXECUTING
12:57:46 INFO  State of operation 21385654 : EXECUTING
12:57:48 INFO  State of operation 21385654 : EXECUTING
12:57:50 INFO  State of operation 21385654 : EXECUTING
12:57:52 INFO  State of operation 21385654 : EXECUTING
12:57:55 INFO  State of operation 21385654 : EXECUTING
12:57:57 INFO  State of operation 21385654 : SUCCESSFUL
12:57:57 INFO  Assert that (False == value) with value=False ... passed
12:57:57 INFO  Package asciijump is installed
12:57:57 INFO  Assert that (True == value) with value=True ... passed
12:57:58 INFO  Package squirrel3 is installed
12:57:58 INFO  Assert that (True == value) with value=True ... passed
12:57:58 INFO  Package robotfindskitten is installed
12:57:58 INFO  Assert that (True == value) with value=True ... passed
12:57:58 INFO  Response status: 201
12:57:58 INFO  Response to action: {
    &quot;creationTime&quot;: &quot;2022-07-25T12:57:58.459Z&quot;,
    &quot;deviceId&quot;: &quot;21371117&quot;,
    &quot;deviceName&quot;: &quot;m32sd10c&quot;,
    &quot;self&quot;: &quot;https://t493319102.eu-latest.cumulocity.com/devicecontrol/operations/21385662&quot;,
    &quot;id&quot;: &quot;21385662&quot;,
    &quot;status&quot;: &quot;PENDING&quot;,
    &quot;description&quot;: &quot;Apply software changes, triggered from PySys: [{'action': 'delete', 'id': '5475369', 'name': 'asciijump', 'url': ' ', 'version': '::apt'}, {'action': 'delete', 'id': '5474869', 'name': 'robotfindskitten', 'url': ' ', 'version': '::apt'}, {'action': 'delete', 'id': '5475279', 'name': 'squirrel3', 'url': ' ', 'version': '::apt'}]&quot;,
    &quot;c8y_SoftwareUpdate&quot;: [
        {
            &quot;name&quot;: &quot;asciijump&quot;,
            &quot;action&quot;: &quot;delete&quot;,
            &quot;id&quot;: &quot;5475369&quot;,
            &quot;version&quot;: &quot;::apt&quot;,
            &quot;url&quot;: &quot; &quot;
        },
        {
            &quot;name&quot;: &quot;robotfindskitten&quot;,
            &quot;action&quot;: &quot;delete&quot;,
            &quot;id&quot;: &quot;5474869&quot;,
            &quot;version&quot;: &quot;::apt&quot;,
            &quot;url&quot;: &quot; &quot;
        },
        {
            &quot;name&quot;: &quot;squirrel3&quot;,
            &quot;action&quot;: &quot;delete&quot;,
            &quot;id&quot;: &quot;5475279&quot;,
            &quot;version&quot;: &quot;::apt&quot;,
            &quot;url&quot;: &quot; &quot;
        }
    ]
}
12:57:58 INFO  Started operation: {'creationTime': '2022-07-25T12:57:58.459Z', 'deviceId': '21371117', 'deviceName': 'm32sd10c', 'self': 'https://t493319102.eu-latest.cumulocity.com/devicecontrol/operations/21385662', 'id': '21385662', 'status': 'PENDING', 'description': &quot;Apply software changes, triggered from PySys: [{'action': 'delete', 'id': '5475369', 'name': 'asciijump', 'url': ' ', 'version': '::apt'}, {'action': 'delete', 'id': '5474869', 'name': 'robotfindskitten', 'url': ' ', 'version': '::apt'}, {'action': 'delete', 'id': '5475279', 'name': 'squirrel3', 'url': ' ', 'version': '::apt'}]&quot;, 'c8y_SoftwareUpdate': [{'name': 'asciijump', 'action': 'delete', 'id': '5475369', 'version': '::apt', 'url': ' '}, {'name': 'robotfindskitten', 'action': 'delete', 'id': '5474869', 'version': '::apt', 'url': ' '}, {'name': 'squirrel3', 'action': 'delete', 'id': '5475279', 'version': '::apt', 'url': ' '}]}
12:58:00 INFO  State of operation 21385662 : PENDING
12:58:02 INFO  State of operation 21385662 : EXECUTING
12:58:05 INFO  State of operation 21385662 : EXECUTING
12:58:07 INFO  State of operation 21385662 : EXECUTING
12:58:09 INFO  State of operation 21385662 : EXECUTING
12:58:11 INFO  State of operation 21385662 : EXECUTING
12:58:14 INFO  State of operation 21385662 : EXECUTING
12:58:17 INFO  State of operation 21385662 : EXECUTING
12:58:19 INFO  State of operation 21385662 : EXECUTING
12:58:22 INFO  State of operation 21385662 : EXECUTING
12:58:24 INFO  State of operation 21385662 : EXECUTING
12:58:26 INFO  State of operation 21385662 : EXECUTING
12:58:28 INFO  State of operation 21385662 : EXECUTING
12:58:31 INFO  State of operation 21385662 : EXECUTING
12:58:33 INFO  State of operation 21385662 : EXECUTING
12:58:35 INFO  State of operation 21385662 : EXECUTING
12:58:38 INFO  State of operation 21385662 : EXECUTING
12:58:40 INFO  State of operation 21385662 : EXECUTING
12:58:43 INFO  State of operation 21385662 : EXECUTING
12:58:45 INFO  State of operation 21385662 : EXECUTING
12:58:48 INFO  State of operation 21385662 : EXECUTING
12:58:50 INFO  State of operation 21385662 : EXECUTING
12:58:53 INFO  State of operation 21385662 : EXECUTING
12:58:55 INFO  State of operation 21385662 : EXECUTING
12:58:58 INFO  State of operation 21385662 : EXECUTING
12:59:00 INFO  State of operation 21385662 : EXECUTING
12:59:03 INFO  State of operation 21385662 : EXECUTING
12:59:05 INFO  State of operation 21385662 : EXECUTING
12:59:07 INFO  State of operation 21385662 : SUCCESSFUL
12:59:07 INFO  Assert that (False == value) with value=False ... passed
12:59:07 INFO  Assert that (False == value) with value=False ... passed
12:59:08 INFO  Assert that (False == value) with value=False ... passed
12:59:08 INFO  Assert that (False == value) with value=False ... passed
12:59:08 INFO  
12:59:08 INFO  cleanup:
12:59:12 INFO  Executed sudo&lt;tedge_disconnect_c8y&gt;, exit status 0
12:59:12 INFO  Executed systemctl&lt;serv_mapper5&gt;, exit status 3
12:59:12 INFO  
12:59:12 INFO  Test duration: 139.11 secs
12:59:12 INFO  Test final outcome:  FAILED
12:59:12 INFO  Test outcome reason: Assert that (False == value) with value=True (+2 other failures)
12:59:12 INFO  
</system-out>
	</testcase>
</testsuite>
