<?xml version="1.0" encoding="utf-8"?>
<testsuite failures="1" name="SoftwareManagement.sm_mixed_install_remove_multiple" skipped="0" tests="1" time="165.19" timestamp="2022-06-10T14:24:32">
	<testcase classname="PySysTest" name="SoftwareManagement.sm_mixed_install_remove_multiple">
		<failure message="FAILED: Assert that (False == value) with value=True" type="FAILED"/>
		<system-out>14:21:47 INFO  ==============================================================
14:21:47 INFO  Id:    SoftwareManagement.sm_mixed_install_remove_multiple
14:21:47 INFO  Dir:   software_management_end_to_end/
14:21:47 INFO  Title: Validate end to end behaviour for the dummy-plugin for multiple packages with mixed versions
14:21:47 INFO  ==============================================================
14:21:47 INFO  Using sw id database: {'asciijump': '5475369', 'robotfindskitten': '5474869', 'squirrel3': '5475279', 'rolldice': '5152439', 'moon-buggy': '5439204', 'apple': '5495053', 'banana': '5494888', 'cherry': '5495382', 'watermelon': '5494510', 'registry': '8018911', 'hello-world': '8021526', 'docker/getting-started': '8021973', 'alpine': '7991792'}
14:21:47 INFO  EnvironmentC8y Setup
14:21:47 INFO  Executed systemctl&lt;serv_mapper1&gt;, exit status 3
14:21:47 INFO  Restarting mosquitto too frequently in the last 10 seconds. It was only up for 5 seconds
14:21:47 INFO  Delaying execution by 6 seconds
14:22:07 INFO  Executed sudo&lt;tedge_connect_c8y&gt;, exit status 0, duration 13 secs
14:22:08 INFO  Executed sudo&lt;tedge_connect_c8y_test&gt;, exit status 0
14:22:08 INFO  Executed systemctl&lt;serv_mosq2&gt;, exit status 0
14:22:09 INFO  Executed systemctl&lt;serv_mapper3&gt;, exit status 0
14:22:11 INFO  State of current operation: SUCCESSFUL
14:22:11 INFO  Package apple is installed
14:22:11 INFO  Assert that (True == value) with value=True ... passed
14:22:11 INFO  Package banana is installed
14:22:11 INFO  Assert that (True == value) with value=True ... passed
14:22:12 INFO  Package cherry is installed
14:22:12 INFO  Assert that (True == value) with value=True ... passed
14:22:12 INFO  Package asciijump is installed
14:22:12 WARN  Assert that (False == value) with value=True ... failed 
14:22:12 INFO  Assert that (False == value) with value=False ... passed
14:22:12 INFO  Response status: 201
14:22:12 INFO  Response to action: {
    &quot;creationTime&quot;: &quot;2022-06-10T14:22:12.733Z&quot;,
    &quot;deviceId&quot;: &quot;20122281&quot;,
    &quot;deviceName&quot;: &quot;m32sd10c&quot;,
    &quot;self&quot;: &quot;https://t493319102.eu-latest.cumulocity.com/devicecontrol/operations/20137095&quot;,
    &quot;id&quot;: &quot;20137095&quot;,
    &quot;status&quot;: &quot;PENDING&quot;,
    &quot;description&quot;: &quot;Apply software changes, triggered from PySys: [{'action': 'install', 'id': '5495053', 'name': 'apple', 'url': ' ', 'version': '::fruits'}, {'action': 'install', 'id': '5494888', 'name': 'banana', 'url': ' ', 'version': '::fruits'}, {'action': 'install', 'id': '5475369', 'name': 'asciijump', 'url': ' ', 'version': '::apt'}, {'action': 'install', 'id': '5495382', 'name': 'cherry', 'url': ' ', 'version': '::fruits'}, {'action': 'install', 'id': '8018911', 'name': 'registry', 'url': ' ', 'version': '::docker'}]&quot;,
    &quot;c8y_SoftwareUpdate&quot;: [
        {
            &quot;name&quot;: &quot;apple&quot;,
            &quot;action&quot;: &quot;install&quot;,
            &quot;id&quot;: &quot;5495053&quot;,
            &quot;version&quot;: &quot;::fruits&quot;,
            &quot;url&quot;: &quot; &quot;
        },
        {
            &quot;name&quot;: &quot;banana&quot;,
            &quot;action&quot;: &quot;install&quot;,
            &quot;id&quot;: &quot;5494888&quot;,
            &quot;version&quot;: &quot;::fruits&quot;,
            &quot;url&quot;: &quot; &quot;
        },
        {
            &quot;name&quot;: &quot;asciijump&quot;,
            &quot;action&quot;: &quot;install&quot;,
            &quot;id&quot;: &quot;5475369&quot;,
            &quot;version&quot;: &quot;::apt&quot;,
            &quot;url&quot;: &quot; &quot;
        },
        {
            &quot;name&quot;: &quot;cherry&quot;,
            &quot;action&quot;: &quot;install&quot;,
            &quot;id&quot;: &quot;5495382&quot;,
            &quot;version&quot;: &quot;::fruits&quot;,
            &quot;url&quot;: &quot; &quot;
        },
        {
            &quot;name&quot;: &quot;registry&quot;,
            &quot;action&quot;: &quot;install&quot;,
            &quot;id&quot;: &quot;8018911&quot;,
            &quot;version&quot;: &quot;::docker&quot;,
            &quot;url&quot;: &quot; &quot;
        }
    ]
}
14:22:12 INFO  Started operation: {'creationTime': '2022-06-10T14:22:12.733Z', 'deviceId': '20122281', 'deviceName': 'm32sd10c', 'self': 'https://t493319102.eu-latest.cumulocity.com/devicecontrol/operations/20137095', 'id': '20137095', 'status': 'PENDING', 'description': &quot;Apply software changes, triggered from PySys: [{'action': 'install', 'id': '5495053', 'name': 'apple', 'url': ' ', 'version': '::fruits'}, {'action': 'install', 'id': '5494888', 'name': 'banana', 'url': ' ', 'version': '::fruits'}, {'action': 'install', 'id': '5475369', 'name': 'asciijump', 'url': ' ', 'version': '::apt'}, {'action': 'install', 'id': '5495382', 'name': 'cherry', 'url': ' ', 'version': '::fruits'}, {'action': 'install', 'id': '8018911', 'name': 'registry', 'url': ' ', 'version': '::docker'}]&quot;, 'c8y_SoftwareUpdate': [{'name': 'apple', 'action': 'install', 'id': '5495053', 'version': '::fruits', 'url': ' '}, {'name': 'banana', 'action': 'install', 'id': '5494888', 'version': '::fruits', 'url': ' '}, {'name': 'asciijump', 'action': 'install', 'id': '5475369', 'version': '::apt', 'url': ' '}, {'name': 'cherry', 'action': 'install', 'id': '5495382', 'version': '::fruits', 'url': ' '}, {'name': 'registry', 'action': 'install', 'id': '8018911', 'version': '::docker', 'url': ' '}]}
14:22:15 INFO  State of operation 20137095 : PENDING
14:22:17 INFO  State of operation 20137095 : EXECUTING
14:22:19 INFO  State of operation 20137095 : EXECUTING
14:22:21 INFO  State of operation 20137095 : EXECUTING
14:22:23 INFO  State of operation 20137095 : EXECUTING
14:22:26 INFO  State of operation 20137095 : EXECUTING
14:22:29 INFO  State of operation 20137095 : EXECUTING
14:22:31 INFO  State of operation 20137095 : EXECUTING
14:22:34 INFO  State of operation 20137095 : EXECUTING
14:22:36 INFO  State of operation 20137095 : EXECUTING
14:22:38 INFO  State of operation 20137095 : EXECUTING
14:22:40 INFO  State of operation 20137095 : EXECUTING
14:22:43 INFO  State of operation 20137095 : EXECUTING
14:22:45 INFO  State of operation 20137095 : EXECUTING
14:22:47 INFO  State of operation 20137095 : EXECUTING
14:22:49 INFO  State of operation 20137095 : EXECUTING
14:22:52 INFO  State of operation 20137095 : EXECUTING
14:22:54 INFO  State of operation 20137095 : EXECUTING
14:22:56 INFO  State of operation 20137095 : EXECUTING
14:22:58 INFO  State of operation 20137095 : EXECUTING
14:23:01 INFO  State of operation 20137095 : EXECUTING
14:23:03 INFO  State of operation 20137095 : EXECUTING
14:23:05 INFO  State of operation 20137095 : EXECUTING
14:23:07 INFO  State of operation 20137095 : EXECUTING
14:23:10 INFO  State of operation 20137095 : EXECUTING
14:23:12 INFO  State of operation 20137095 : SUCCESSFUL
14:23:12 INFO  Package apple is installed
14:23:12 INFO  Assert that (True == value) with value=True ... passed
14:23:12 INFO  Package banana is installed
14:23:12 INFO  Assert that (True == value) with value=True ... passed
14:23:12 INFO  Package cherry is installed
14:23:12 INFO  Assert that (True == value) with value=True ... passed
14:23:13 INFO  Package asciijump is installed
14:23:13 INFO  Assert that (True == value) with value=True ... passed
14:23:13 INFO  Package registry is installed
14:23:13 INFO  Assert that (True == value) with value=True ... passed
14:23:13 INFO  Response status: 201
14:23:13 INFO  Response to action: {
    &quot;creationTime&quot;: &quot;2022-06-10T14:23:13.582Z&quot;,
    &quot;deviceId&quot;: &quot;20122281&quot;,
    &quot;deviceName&quot;: &quot;m32sd10c&quot;,
    &quot;self&quot;: &quot;https://t493319102.eu-latest.cumulocity.com/devicecontrol/operations/20137118&quot;,
    &quot;id&quot;: &quot;20137118&quot;,
    &quot;status&quot;: &quot;PENDING&quot;,
    &quot;description&quot;: &quot;Apply software changes, triggered from PySys: [{'action': 'delete', 'id': '5495053', 'name': 'apple', 'url': ' ', 'version': '::fruits'}, {'action': 'delete', 'id': '5494888', 'name': 'banana', 'url': ' ', 'version': '::fruits'}, {'action': 'delete', 'id': '5475369', 'name': 'asciijump', 'url': ' ', 'version': '::apt'}, {'action': 'delete', 'id': '5495382', 'name': 'cherry', 'url': ' ', 'version': '::fruits'}, {'action': 'delete', 'id': '8018911', 'name': 'registry', 'url': ' ', 'version': '::docker'}]&quot;,
    &quot;c8y_SoftwareUpdate&quot;: [
        {
            &quot;name&quot;: &quot;apple&quot;,
            &quot;action&quot;: &quot;delete&quot;,
            &quot;id&quot;: &quot;5495053&quot;,
            &quot;version&quot;: &quot;::fruits&quot;,
            &quot;url&quot;: &quot; &quot;
        },
        {
            &quot;name&quot;: &quot;banana&quot;,
            &quot;action&quot;: &quot;delete&quot;,
            &quot;id&quot;: &quot;5494888&quot;,
            &quot;version&quot;: &quot;::fruits&quot;,
            &quot;url&quot;: &quot; &quot;
        },
        {
            &quot;name&quot;: &quot;asciijump&quot;,
            &quot;action&quot;: &quot;delete&quot;,
            &quot;id&quot;: &quot;5475369&quot;,
            &quot;version&quot;: &quot;::apt&quot;,
            &quot;url&quot;: &quot; &quot;
        },
        {
            &quot;name&quot;: &quot;cherry&quot;,
            &quot;action&quot;: &quot;delete&quot;,
            &quot;id&quot;: &quot;5495382&quot;,
            &quot;version&quot;: &quot;::fruits&quot;,
            &quot;url&quot;: &quot; &quot;
        },
        {
            &quot;name&quot;: &quot;registry&quot;,
            &quot;action&quot;: &quot;delete&quot;,
            &quot;id&quot;: &quot;8018911&quot;,
            &quot;version&quot;: &quot;::docker&quot;,
            &quot;url&quot;: &quot; &quot;
        }
    ]
}
14:23:13 INFO  Started operation: {'creationTime': '2022-06-10T14:23:13.582Z', 'deviceId': '20122281', 'deviceName': 'm32sd10c', 'self': 'https://t493319102.eu-latest.cumulocity.com/devicecontrol/operations/20137118', 'id': '20137118', 'status': 'PENDING', 'description': &quot;Apply software changes, triggered from PySys: [{'action': 'delete', 'id': '5495053', 'name': 'apple', 'url': ' ', 'version': '::fruits'}, {'action': 'delete', 'id': '5494888', 'name': 'banana', 'url': ' ', 'version': '::fruits'}, {'action': 'delete', 'id': '5475369', 'name': 'asciijump', 'url': ' ', 'version': '::apt'}, {'action': 'delete', 'id': '5495382', 'name': 'cherry', 'url': ' ', 'version': '::fruits'}, {'action': 'delete', 'id': '8018911', 'name': 'registry', 'url': ' ', 'version': '::docker'}]&quot;, 'c8y_SoftwareUpdate': [{'name': 'apple', 'action': 'delete', 'id': '5495053', 'version': '::fruits', 'url': ' '}, {'name': 'banana', 'action': 'delete', 'id': '5494888', 'version': '::fruits', 'url': ' '}, {'name': 'asciijump', 'action': 'delete', 'id': '5475369', 'version': '::apt', 'url': ' '}, {'name': 'cherry', 'action': 'delete', 'id': '5495382', 'version': '::fruits', 'url': ' '}, {'name': 'registry', 'action': 'delete', 'id': '8018911', 'version': '::docker', 'url': ' '}]}
14:23:15 INFO  State of operation 20137118 : PENDING
14:23:18 INFO  State of operation 20137118 : EXECUTING
14:23:20 INFO  State of operation 20137118 : EXECUTING
14:23:22 INFO  State of operation 20137118 : EXECUTING
14:23:24 INFO  State of operation 20137118 : EXECUTING
14:23:27 INFO  State of operation 20137118 : EXECUTING
14:23:29 INFO  State of operation 20137118 : EXECUTING
14:23:32 INFO  State of operation 20137118 : EXECUTING
14:23:34 INFO  State of operation 20137118 : EXECUTING
14:23:37 INFO  State of operation 20137118 : EXECUTING
14:23:39 INFO  State of operation 20137118 : EXECUTING
14:23:41 INFO  State of operation 20137118 : EXECUTING
14:23:43 INFO  State of operation 20137118 : EXECUTING
14:23:46 INFO  State of operation 20137118 : EXECUTING
14:23:48 INFO  State of operation 20137118 : EXECUTING
14:23:51 INFO  State of operation 20137118 : EXECUTING
14:23:54 INFO  State of operation 20137118 : EXECUTING
14:23:56 INFO  State of operation 20137118 : EXECUTING
14:23:58 INFO  State of operation 20137118 : EXECUTING
14:24:01 INFO  State of operation 20137118 : EXECUTING
14:24:03 INFO  State of operation 20137118 : EXECUTING
14:24:05 INFO  State of operation 20137118 : EXECUTING
14:24:08 INFO  State of operation 20137118 : EXECUTING
14:24:10 INFO  State of operation 20137118 : EXECUTING
14:24:12 INFO  State of operation 20137118 : EXECUTING
14:24:14 INFO  State of operation 20137118 : EXECUTING
14:24:17 INFO  State of operation 20137118 : EXECUTING
14:24:19 INFO  State of operation 20137118 : EXECUTING
14:24:21 INFO  State of operation 20137118 : EXECUTING
14:24:24 INFO  State of operation 20137118 : EXECUTING
14:24:26 INFO  State of operation 20137118 : SUCCESSFUL
14:24:26 INFO  Package apple is installed
14:24:26 INFO  Assert that (True == value) with value=True ... passed
14:24:26 INFO  Package banana is installed
14:24:26 INFO  Assert that (True == value) with value=True ... passed
14:24:26 INFO  Package cherry is installed
14:24:26 INFO  Assert that (True == value) with value=True ... passed
14:24:27 INFO  Assert that (False == value) with value=False ... passed
14:24:27 INFO  Assert that (False == value) with value=False ... passed
14:24:27 INFO  
14:24:27 INFO  cleanup:
14:24:31 INFO  Executed sudo&lt;tedge_disconnect_c8y&gt;, exit status 0
14:24:32 INFO  Executed systemctl&lt;serv_mapper5&gt;, exit status 3
14:24:32 INFO  
14:24:32 INFO  Test duration: 165.19 secs
14:24:32 INFO  Test final outcome:  FAILED
14:24:32 INFO  Test outcome reason: Assert that (False == value) with value=True
14:24:32 INFO  
</system-out>
	</testcase>
</testsuite>
