<?xml version="1.0" encoding="utf-8"?>
<testsuite failures="1" name="SoftwareManagement.sm_apt_install_remove_with_version" skipped="0" tests="1" time="166.77" timestamp="2022-06-02T09:56:45">
	<testcase classname="PySysTest" name="SoftwareManagement.sm_apt_install_remove_with_version">
		<failure message="BLOCKED: SystemError: Timeout while waiting for status FAILED or SUCCESSFUL" type="BLOCKED"/>
		<system-out>09:53:58 INFO  ==============================================================
09:53:58 INFO  Id:    SoftwareManagement.sm_apt_install_remove_with_version
09:53:58 INFO  Dir:   software_management_end_to_end/
09:53:58 INFO  Title: Validate end to end behaviour for the apt plugin for packages with version
09:53:58 INFO  ==============================================================
09:53:58 INFO  Using sw id database: {'asciijump': '5475369', 'robotfindskitten': '5474869', 'squirrel3': '5475279', 'rolldice': '5152439', 'moon-buggy': '5439204', 'apple': '5495053', 'banana': '5494888', 'cherry': '5495382', 'watermelon': '5494510', 'registry': '8018911', 'hello-world': '8021526', 'docker/getting-started': '8021973', 'alpine': '7991792'}
09:53:58 INFO  EnvironmentC8y Setup
09:53:59 INFO  Executed systemctl&lt;serv_mapper1&gt;, exit status 3
09:53:59 INFO  Restarting mosquitto too frequently in the last 10 seconds. It was only up for 5 seconds
09:53:59 INFO  Delaying execution by 6 seconds
09:54:20 INFO  Executed sudo&lt;tedge_connect_c8y&gt;, exit status 0, duration 14 secs
09:54:20 INFO  Executed sudo&lt;tedge_connect_c8y_test&gt;, exit status 0
09:54:21 INFO  Executed systemctl&lt;serv_mosq2&gt;, exit status 0
09:54:21 INFO  Executed systemctl&lt;serv_mapper3&gt;, exit status 0
09:54:24 INFO  State of current operation: PENDING
09:54:26 INFO  State of current operation: PENDING
09:54:28 INFO  State of current operation: PENDING
09:54:30 INFO  State of current operation: PENDING
09:54:32 INFO  State of current operation: PENDING
09:54:35 INFO  State of current operation: PENDING
09:54:37 INFO  State of current operation: PENDING
09:54:39 INFO  State of current operation: PENDING
09:54:41 INFO  State of current operation: PENDING
09:54:44 INFO  State of current operation: PENDING
09:54:46 INFO  State of current operation: PENDING
09:54:48 INFO  State of current operation: PENDING
09:54:50 INFO  State of current operation: PENDING
09:54:53 INFO  State of current operation: PENDING
09:54:55 INFO  State of current operation: PENDING
09:54:57 INFO  State of current operation: PENDING
09:54:59 INFO  State of current operation: PENDING
09:55:02 INFO  State of current operation: PENDING
09:55:04 INFO  State of current operation: PENDING
09:55:06 INFO  State of current operation: PENDING
09:55:08 INFO  State of current operation: PENDING
09:55:11 INFO  State of current operation: PENDING
09:55:13 INFO  State of current operation: PENDING
09:55:15 INFO  State of current operation: PENDING
09:55:17 INFO  State of current operation: PENDING
09:55:19 INFO  State of current operation: PENDING
09:55:22 INFO  State of current operation: PENDING
09:55:24 INFO  State of current operation: PENDING
09:55:26 INFO  State of current operation: PENDING
09:55:29 INFO  State of current operation: PENDING
09:55:31 INFO  State of current operation: PENDING
09:55:33 INFO  State of current operation: PENDING
09:55:35 INFO  State of current operation: PENDING
09:55:38 INFO  State of current operation: PENDING
09:55:40 INFO  State of current operation: PENDING
09:55:42 INFO  State of current operation: PENDING
09:55:44 INFO  State of current operation: PENDING
09:55:47 INFO  State of current operation: PENDING
09:55:49 INFO  State of current operation: PENDING
09:55:51 INFO  State of current operation: PENDING
09:55:54 INFO  State of current operation: PENDING
09:55:56 INFO  State of current operation: PENDING
09:55:58 INFO  State of current operation: PENDING
09:56:00 INFO  State of current operation: PENDING
09:56:03 INFO  State of current operation: PENDING
09:56:05 INFO  State of current operation: PENDING
09:56:07 INFO  State of current operation: PENDING
09:56:09 INFO  State of current operation: PENDING
09:56:12 INFO  State of current operation: PENDING
09:56:14 INFO  State of current operation: PENDING
09:56:16 INFO  State of current operation: PENDING
09:56:18 INFO  State of current operation: PENDING
09:56:21 INFO  State of current operation: PENDING
09:56:23 INFO  State of current operation: PENDING
09:56:25 INFO  State of current operation: PENDING
09:56:27 INFO  State of current operation: PENDING
09:56:29 INFO  State of current operation: PENDING
09:56:32 INFO  State of current operation: PENDING
09:56:34 INFO  State of current operation: PENDING
09:56:36 INFO  State of current operation: PENDING
09:56:38 INFO  State of current operation: PENDING
09:56:40 WARN  SystemError occurred while running test - Timeout while waiting for status FAILED or SUCCESSFUL
Traceback (most recent call last):
  File &quot;/home/pi/env-pysys/lib/python3.7/site-packages/pysys/baserunner.py&quot;, line 1292, in __call__
    self.testObj.setup()
  File &quot;/home/pi/actions-runner/_work/thin-edge.io/thin-edge.io/tests/PySys/software_management_end_to_end/sm_apt_install_remove_with_version/run.py&quot;, line 27, in setup
    super().setup()
  File &quot;/home/pi/actions-runner/_work/thin-edge.io/thin-edge.io/tests/PySys/software_management_end_to_end/environment_sm_management.py&quot;, line 151, in setup
    self.wait_until_end()
  File &quot;/home/pi/actions-runner/_work/thin-edge.io/thin-edge.io/tests/PySys/software_management_end_to_end/environment_sm_management.py&quot;, line 332, in wait_until_end
    self.wait_until_status(&quot;FAILED&quot;, &quot;SUCCESSFUL&quot;)
  File &quot;/home/pi/actions-runner/_work/thin-edge.io/thin-edge.io/tests/PySys/software_management_end_to_end/environment_sm_management.py&quot;, line 381, in wait_until_status
    &quot;Timeout while waiting for status %s or %s&quot; % (status, status2)
SystemError: Timeout while waiting for status FAILED or SUCCESSFUL
09:56:40 WARN  SystemError: Timeout while waiting for status FAILED or SUCCESSFUL ... blocked 
09:56:40 INFO  
09:56:40 INFO  cleanup:
09:56:44 INFO  Executed sudo&lt;tedge_disconnect_c8y&gt;, exit status 0
09:56:45 INFO  Executed systemctl&lt;serv_mapper5&gt;, exit status 3
09:56:45 INFO  
09:56:45 INFO  Test duration: 166.77 secs
09:56:45 INFO  Test final outcome:  BLOCKED
09:56:45 INFO  Test outcome reason: SystemError: Timeout while waiting for status FAILED or SUCCESSFUL
09:56:45 INFO  
</system-out>
	</testcase>
</testsuite>
