<?xml version="1.0" encoding="utf-8"?>
<testsuite failures="1" name="SoftwareManagement.sm_apt_install_remove" skipped="0" tests="1" time="165.75" timestamp="2022-05-24T16:49:03">
	<testcase classname="PySysTest" name="SoftwareManagement.sm_apt_install_remove">
		<failure message="BLOCKED: SystemError: Timeout while waiting for status FAILED or SUCCESSFUL" type="BLOCKED"/>
		<system-out>16:46:18 INFO  ==============================================================
16:46:18 INFO  Id:    SoftwareManagement.sm_apt_install_remove
16:46:18 INFO  Dir:   software_management_end_to_end/
16:46:18 INFO  Title: Validate end to end behaviour for the apt plugin for installation and removal of packages
16:46:18 INFO  ==============================================================
16:46:18 INFO  Using sw id database: {'asciijump': '5475369', 'robotfindskitten': '5474869', 'squirrel3': '5475279', 'rolldice': '5152439', 'moon-buggy': '5439204', 'apple': '5495053', 'banana': '5494888', 'cherry': '5495382', 'watermelon': '5494510', 'registry': '8018911', 'hello-world': '8021526', 'docker/getting-started': '8021973', 'alpine': '7991792'}
16:46:18 INFO  EnvironmentC8y Setup
16:46:18 INFO  Executed systemctl&lt;serv_mapper1&gt;, exit status 3
16:46:18 INFO  Restarting mosquitto too frequently in the last 10 seconds. It was only up for 5 seconds
16:46:18 INFO  Delaying execution by 6 seconds
16:46:38 INFO  Executed sudo&lt;tedge_connect_c8y&gt;, exit status 0, duration 14 secs
16:46:39 INFO  Executed sudo&lt;tedge_connect_c8y_test&gt;, exit status 0
16:46:40 INFO  Executed systemctl&lt;serv_mosq2&gt;, exit status 0
16:46:40 INFO  Executed systemctl&lt;serv_mapper3&gt;, exit status 0
16:46:42 INFO  State of current operation: PENDING
16:46:45 INFO  State of current operation: PENDING
16:46:47 INFO  State of current operation: PENDING
16:46:49 INFO  State of current operation: PENDING
16:46:51 INFO  State of current operation: PENDING
16:46:53 INFO  State of current operation: PENDING
16:46:56 INFO  State of current operation: PENDING
16:46:58 INFO  State of current operation: PENDING
16:47:00 INFO  State of current operation: PENDING
16:47:02 INFO  State of current operation: PENDING
16:47:05 INFO  State of current operation: PENDING
16:47:07 INFO  State of current operation: PENDING
16:47:09 INFO  State of current operation: PENDING
16:47:11 INFO  State of current operation: PENDING
16:47:14 INFO  State of current operation: PENDING
16:47:16 INFO  State of current operation: PENDING
16:47:18 INFO  State of current operation: PENDING
16:47:20 INFO  State of current operation: PENDING
16:47:23 INFO  State of current operation: PENDING
16:47:25 INFO  State of current operation: PENDING
16:47:27 INFO  State of current operation: PENDING
16:47:29 INFO  State of current operation: PENDING
16:47:32 INFO  State of current operation: PENDING
16:47:34 INFO  State of current operation: PENDING
16:47:36 INFO  State of current operation: PENDING
16:47:38 INFO  State of current operation: PENDING
16:47:40 INFO  State of current operation: PENDING
16:47:43 INFO  State of current operation: PENDING
16:47:45 INFO  State of current operation: PENDING
16:47:47 INFO  State of current operation: PENDING
16:47:49 INFO  State of current operation: PENDING
16:47:52 INFO  State of current operation: PENDING
16:47:54 INFO  State of current operation: PENDING
16:47:57 INFO  State of current operation: PENDING
16:47:59 INFO  State of current operation: PENDING
16:48:01 INFO  State of current operation: PENDING
16:48:03 INFO  State of current operation: PENDING
16:48:05 INFO  State of current operation: PENDING
16:48:08 INFO  State of current operation: PENDING
16:48:10 INFO  State of current operation: PENDING
16:48:12 INFO  State of current operation: PENDING
16:48:14 INFO  State of current operation: PENDING
16:48:17 INFO  State of current operation: PENDING
16:48:19 INFO  State of current operation: PENDING
16:48:21 INFO  State of current operation: PENDING
16:48:23 INFO  State of current operation: PENDING
16:48:26 INFO  State of current operation: PENDING
16:48:28 INFO  State of current operation: PENDING
16:48:30 INFO  State of current operation: PENDING
16:48:32 INFO  State of current operation: PENDING
16:48:34 INFO  State of current operation: PENDING
16:48:37 INFO  State of current operation: PENDING
16:48:39 INFO  State of current operation: PENDING
16:48:41 INFO  State of current operation: PENDING
16:48:43 INFO  State of current operation: PENDING
16:48:46 INFO  State of current operation: PENDING
16:48:48 INFO  State of current operation: PENDING
16:48:50 INFO  State of current operation: PENDING
16:48:52 INFO  State of current operation: PENDING
16:48:55 INFO  State of current operation: PENDING
16:48:57 INFO  State of current operation: PENDING
16:48:59 WARN  SystemError occurred while running test - Timeout while waiting for status FAILED or SUCCESSFUL
Traceback (most recent call last):
  File &quot;/home/pi/env-pysys/lib/python3.7/site-packages/pysys/baserunner.py&quot;, line 1292, in __call__
    self.testObj.setup()
  File &quot;/home/pi/actions-runner/_work/thin-edge.io/thin-edge.io/tests/PySys/software_management_end_to_end/sm_apt_install_remove/run.py&quot;, line 27, in setup
    super().setup()
  File &quot;/home/pi/actions-runner/_work/thin-edge.io/thin-edge.io/tests/PySys/software_management_end_to_end/environment_sm_management.py&quot;, line 151, in setup
    self.wait_until_end()
  File &quot;/home/pi/actions-runner/_work/thin-edge.io/thin-edge.io/tests/PySys/software_management_end_to_end/environment_sm_management.py&quot;, line 332, in wait_until_end
    self.wait_until_status(&quot;FAILED&quot;, &quot;SUCCESSFUL&quot;)
  File &quot;/home/pi/actions-runner/_work/thin-edge.io/thin-edge.io/tests/PySys/software_management_end_to_end/environment_sm_management.py&quot;, line 381, in wait_until_status
    &quot;Timeout while waiting for status %s or %s&quot; % (status, status2)
SystemError: Timeout while waiting for status FAILED or SUCCESSFUL
16:48:59 WARN  SystemError: Timeout while waiting for status FAILED or SUCCESSFUL ... blocked 
16:48:59 INFO  
16:48:59 INFO  cleanup:
16:49:03 INFO  Executed sudo&lt;tedge_disconnect_c8y&gt;, exit status 0
16:49:03 INFO  Executed systemctl&lt;serv_mapper5&gt;, exit status 3
16:49:03 INFO  
16:49:03 INFO  Test duration: 165.75 secs
16:49:03 INFO  Test final outcome:  BLOCKED
16:49:03 INFO  Test outcome reason: SystemError: Timeout while waiting for status FAILED or SUCCESSFUL
16:49:03 INFO  
</system-out>
	</testcase>
</testsuite>
