<?xml version="1.0" encoding="utf-8"?>
<testsuite failures="1" name="SoftwareManagement.sm_apt_install_remove_multiple_mixed" skipped="0" tests="1" time="179.15" timestamp="2022-07-26T08:19:25">
	<testcase classname="PySysTest" name="SoftwareManagement.sm_apt_install_remove_multiple_mixed">
		<failure message="BLOCKED: SystemError: Timeout while waiting for status SUCCESSFUL or False" type="BLOCKED"/>
		<system-out>08:16:26 INFO  ==============================================================
08:16:26 INFO  Id:    SoftwareManagement.sm_apt_install_remove_multiple_mixed
08:16:26 INFO  Dir:   software_management_end_to_end/
08:16:26 INFO  Title: Validate end to end behaviour for the apt plugin for multiple packages with mixed versions
08:16:26 INFO  ==============================================================
08:16:26 INFO  Using sw id database: {'asciijump': '5475369', 'robotfindskitten': '5474869', 'squirrel3': '5475279', 'rolldice': '5152439', 'moon-buggy': '5439204', 'apple': '5495053', 'banana': '5494888', 'cherry': '5495382', 'watermelon': '5494510', 'registry': '8018911', 'hello-world': '8021526', 'docker/getting-started': '8021973', 'alpine': '7991792'}
08:16:26 INFO  EnvironmentC8y Setup
08:16:27 INFO  Executed systemctl&lt;serv_mapper1&gt;, exit status 3
08:16:27 INFO  Restarting mosquitto too frequently in the last 10 seconds. It was only up for 5 seconds
08:16:27 INFO  Delaying execution by 6 seconds
08:16:47 INFO  Executed sudo&lt;tedge_connect_c8y&gt;, exit status 0, duration 14 secs
08:16:48 INFO  Executed sudo&lt;tedge_connect_c8y_test&gt;, exit status 0
08:16:48 INFO  Executed systemctl&lt;serv_mosq2&gt;, exit status 0
08:16:49 INFO  Executed systemctl&lt;serv_mapper3&gt;, exit status 0
08:16:51 INFO  State of current operation: SUCCESSFUL
08:16:51 INFO  Assert that (False == value) with value=False ... passed
08:16:52 INFO  Assert that (False == value) with value=False ... passed
08:16:52 INFO  Assert that (False == value) with value=False ... passed
08:16:52 INFO  Assert that (False == value) with value=False ... passed
08:16:52 INFO  Assert that (False == value) with value=False ... passed
08:16:54 INFO  Response status: 201
08:16:54 INFO  Response to action: {
    &quot;creationTime&quot;: &quot;2022-07-26T08:16:53.975Z&quot;,
    &quot;deviceId&quot;: &quot;21411792&quot;,
    &quot;deviceName&quot;: &quot;m32sd10c&quot;,
    &quot;self&quot;: &quot;https://t493319102.eu-latest.cumulocity.com/devicecontrol/operations/21434587&quot;,
    &quot;id&quot;: &quot;21434587&quot;,
    &quot;status&quot;: &quot;PENDING&quot;,
    &quot;description&quot;: &quot;Apply software changes, triggered from PySys: [{'action': 'install', 'id': '5475369', 'name': 'asciijump', 'url': ' ', 'version': '::apt'}, {'action': 'install', 'id': '5474869', 'name': 'robotfindskitten', 'url': ' ', 'version': ' '}, {'action': 'install', 'id': '5475279', 'name': 'squirrel3', 'url': ' ', 'version': '3.1-7::apt'}, {'action': 'install', 'id': '5152439', 'name': 'rolldice', 'url': ' ', 'version': '1.16-1+b1'}, {'action': 'install', 'id': '5439204', 'name': 'moon-buggy', 'url': ' ', 'version': '1:1.0.51-12'}, {'action': 'install', 'id': '5475369', 'name': 'asciijump', 'url': ' ', 'version': '::apt'}]&quot;,
    &quot;c8y_SoftwareUpdate&quot;: [
        {
            &quot;name&quot;: &quot;asciijump&quot;,
            &quot;action&quot;: &quot;install&quot;,
            &quot;id&quot;: &quot;5475369&quot;,
            &quot;version&quot;: &quot;::apt&quot;,
            &quot;url&quot;: &quot; &quot;
        },
        {
            &quot;name&quot;: &quot;robotfindskitten&quot;,
            &quot;action&quot;: &quot;install&quot;,
            &quot;id&quot;: &quot;5474869&quot;,
            &quot;version&quot;: &quot; &quot;,
            &quot;url&quot;: &quot; &quot;
        },
        {
            &quot;name&quot;: &quot;squirrel3&quot;,
            &quot;action&quot;: &quot;install&quot;,
            &quot;id&quot;: &quot;5475279&quot;,
            &quot;version&quot;: &quot;3.1-7::apt&quot;,
            &quot;url&quot;: &quot; &quot;
        },
        {
            &quot;name&quot;: &quot;rolldice&quot;,
            &quot;action&quot;: &quot;install&quot;,
            &quot;id&quot;: &quot;5152439&quot;,
            &quot;version&quot;: &quot;1.16-1+b1&quot;,
            &quot;url&quot;: &quot; &quot;
        },
        {
            &quot;name&quot;: &quot;moon-buggy&quot;,
            &quot;action&quot;: &quot;install&quot;,
            &quot;id&quot;: &quot;5439204&quot;,
            &quot;version&quot;: &quot;1:1.0.51-12&quot;,
            &quot;url&quot;: &quot; &quot;
        },
        {
            &quot;name&quot;: &quot;asciijump&quot;,
            &quot;action&quot;: &quot;install&quot;,
            &quot;id&quot;: &quot;5475369&quot;,
            &quot;version&quot;: &quot;::apt&quot;,
            &quot;url&quot;: &quot; &quot;
        }
    ]
}
08:16:54 INFO  Started operation: {'creationTime': '2022-07-26T08:16:53.975Z', 'deviceId': '21411792', 'deviceName': 'm32sd10c', 'self': 'https://t493319102.eu-latest.cumulocity.com/devicecontrol/operations/21434587', 'id': '21434587', 'status': 'PENDING', 'description': &quot;Apply software changes, triggered from PySys: [{'action': 'install', 'id': '5475369', 'name': 'asciijump', 'url': ' ', 'version': '::apt'}, {'action': 'install', 'id': '5474869', 'name': 'robotfindskitten', 'url': ' ', 'version': ' '}, {'action': 'install', 'id': '5475279', 'name': 'squirrel3', 'url': ' ', 'version': '3.1-7::apt'}, {'action': 'install', 'id': '5152439', 'name': 'rolldice', 'url': ' ', 'version': '1.16-1+b1'}, {'action': 'install', 'id': '5439204', 'name': 'moon-buggy', 'url': ' ', 'version': '1:1.0.51-12'}, {'action': 'install', 'id': '5475369', 'name': 'asciijump', 'url': ' ', 'version': '::apt'}]&quot;, 'c8y_SoftwareUpdate': [{'name': 'asciijump', 'action': 'install', 'id': '5475369', 'version': '::apt', 'url': ' '}, {'name': 'robotfindskitten', 'action': 'install', 'id': '5474869', 'version': ' ', 'url': ' '}, {'name': 'squirrel3', 'action': 'install', 'id': '5475279', 'version': '3.1-7::apt', 'url': ' '}, {'name': 'rolldice', 'action': 'install', 'id': '5152439', 'version': '1.16-1+b1', 'url': ' '}, {'name': 'moon-buggy', 'action': 'install', 'id': '5439204', 'version': '1:1.0.51-12', 'url': ' '}, {'name': 'asciijump', 'action': 'install', 'id': '5475369', 'version': '::apt', 'url': ' '}]}
08:16:56 INFO  State of operation 21434587 : PENDING
08:16:58 INFO  State of operation 21434587 : EXECUTING
08:17:00 INFO  State of operation 21434587 : EXECUTING
08:17:03 INFO  State of operation 21434587 : EXECUTING
08:17:05 INFO  State of operation 21434587 : EXECUTING
08:17:07 INFO  State of operation 21434587 : EXECUTING
08:17:10 INFO  State of operation 21434587 : EXECUTING
08:17:13 INFO  State of operation 21434587 : EXECUTING
08:17:15 INFO  State of operation 21434587 : EXECUTING
08:17:17 INFO  State of operation 21434587 : EXECUTING
08:17:20 INFO  State of operation 21434587 : EXECUTING
08:17:22 INFO  State of operation 21434587 : EXECUTING
08:17:24 INFO  State of operation 21434587 : EXECUTING
08:17:26 INFO  State of operation 21434587 : EXECUTING
08:17:29 INFO  State of operation 21434587 : EXECUTING
08:17:31 INFO  State of operation 21434587 : EXECUTING
08:17:33 INFO  State of operation 21434587 : EXECUTING
08:17:35 INFO  State of operation 21434587 : EXECUTING
08:17:38 INFO  State of operation 21434587 : EXECUTING
08:17:41 INFO  State of operation 21434587 : EXECUTING
08:17:43 INFO  State of operation 21434587 : EXECUTING
08:17:46 INFO  State of operation 21434587 : EXECUTING
08:17:48 INFO  State of operation 21434587 : EXECUTING
08:17:50 INFO  State of operation 21434587 : EXECUTING
08:17:52 INFO  State of operation 21434587 : EXECUTING
08:17:55 INFO  State of operation 21434587 : EXECUTING
08:17:57 INFO  State of operation 21434587 : EXECUTING
08:17:59 INFO  State of operation 21434587 : EXECUTING
08:18:02 INFO  State of operation 21434587 : EXECUTING
08:18:04 INFO  State of operation 21434587 : EXECUTING
08:18:06 INFO  State of operation 21434587 : EXECUTING
08:18:08 INFO  State of operation 21434587 : EXECUTING
08:18:11 INFO  State of operation 21434587 : EXECUTING
08:18:13 INFO  State of operation 21434587 : EXECUTING
08:18:15 INFO  State of operation 21434587 : EXECUTING
08:18:17 INFO  State of operation 21434587 : EXECUTING
08:18:20 INFO  State of operation 21434587 : EXECUTING
08:18:22 INFO  State of operation 21434587 : EXECUTING
08:18:24 INFO  State of operation 21434587 : EXECUTING
08:18:27 INFO  State of operation 21434587 : EXECUTING
08:18:30 INFO  State of operation 21434587 : EXECUTING
08:18:32 INFO  State of operation 21434587 : EXECUTING
08:18:34 INFO  State of operation 21434587 : EXECUTING
08:18:36 INFO  State of operation 21434587 : EXECUTING
08:18:39 INFO  State of operation 21434587 : EXECUTING
08:18:41 INFO  State of operation 21434587 : EXECUTING
08:18:43 INFO  State of operation 21434587 : EXECUTING
08:18:46 INFO  State of operation 21434587 : EXECUTING
08:18:48 INFO  State of operation 21434587 : EXECUTING
08:18:50 INFO  State of operation 21434587 : EXECUTING
08:18:53 INFO  State of operation 21434587 : EXECUTING
08:18:55 INFO  State of operation 21434587 : EXECUTING
08:18:58 INFO  State of operation 21434587 : EXECUTING
08:19:00 INFO  State of operation 21434587 : EXECUTING
08:19:03 INFO  State of operation 21434587 : EXECUTING
08:19:05 INFO  State of operation 21434587 : EXECUTING
08:19:08 INFO  State of operation 21434587 : EXECUTING
08:19:10 INFO  State of operation 21434587 : EXECUTING
08:19:12 INFO  State of operation 21434587 : EXECUTING
08:19:14 INFO  State of operation 21434587 : EXECUTING
08:19:16 INFO  State of operation 21434587 : EXECUTING
08:19:19 WARN  SystemError occurred while running test - Timeout while waiting for status SUCCESSFUL or False
Traceback (most recent call last):
  File &quot;/home/pi/env-pysys/lib/python3.7/site-packages/pysys/baserunner.py&quot;, line 1294, in __call__
    self.testObj.execute()
  File &quot;/home/pi/actions-runner/_work/thin-edge.io/thin-edge.io/tests/PySys/software_management_end_to_end/sm_apt_install_remove_multiple_mixed/run.py&quot;, line 89, in execute
    self.wait_until_succcess()
  File &quot;/home/pi/actions-runner/_work/thin-edge.io/thin-edge.io/tests/PySys/software_management_end_to_end/environment_sm_management.py&quot;, line 324, in wait_until_succcess
    self.wait_until_status(&quot;SUCCESSFUL&quot;)
  File &quot;/home/pi/actions-runner/_work/thin-edge.io/thin-edge.io/tests/PySys/software_management_end_to_end/environment_sm_management.py&quot;, line 381, in wait_until_status
    &quot;Timeout while waiting for status %s or %s&quot; % (status, status2)
SystemError: Timeout while waiting for status SUCCESSFUL or False
08:19:19 WARN  SystemError: Timeout while waiting for status SUCCESSFUL or False ... blocked 
08:19:19 INFO  
08:19:19 INFO  cleanup:
08:19:25 INFO  Executed sudo&lt;tedge_disconnect_c8y&gt;, exit status 0
08:19:25 INFO  Executed systemctl&lt;serv_mapper5&gt;, exit status 3
08:19:25 INFO  
08:19:25 INFO  Test duration: 179.15 secs
08:19:25 INFO  Test final outcome:  BLOCKED
08:19:25 INFO  Test outcome reason: SystemError: Timeout while waiting for status SUCCESSFUL or False
08:19:25 INFO  
</system-out>
	</testcase>
</testsuite>
