<?xml version="1.0" encoding="utf-8"?>
<testsuite failures="1" name="SoftwareManagement.sm_docker_install_remove_multiple" skipped="0" tests="1" time="166.9" timestamp="2022-05-24T17:02:55">
	<testcase classname="SMDockerInstallRemove" name="SoftwareManagement.sm_docker_install_remove_multiple">
		<failure message="BLOCKED: SystemError: Timeout while waiting for status FAILED or SUCCESSFUL" type="BLOCKED"/>
		<system-out>17:00:08 INFO  ==============================================================
17:00:08 INFO  Id:    SoftwareManagement.sm_docker_install_remove_multiple
17:00:08 INFO  Dir:   software_management_end_to_end/
17:00:08 INFO  Title: Validate end to end behaviour for the docker plugin for multiple docker images with mixed versions
17:00:08 INFO  ==============================================================
17:00:08 INFO  Using sw id database: {'asciijump': '5475369', 'robotfindskitten': '5474869', 'squirrel3': '5475279', 'rolldice': '5152439', 'moon-buggy': '5439204', 'apple': '5495053', 'banana': '5494888', 'cherry': '5495382', 'watermelon': '5494510', 'registry': '8018911', 'hello-world': '8021526', 'docker/getting-started': '8021973', 'alpine': '7991792'}
17:00:08 INFO  EnvironmentC8y Setup
17:00:09 INFO  Executed systemctl&lt;serv_mapper1&gt;, exit status 3
17:00:09 INFO  Restarting mosquitto too frequently in the last 10 seconds. It was only up for 4 seconds
17:00:09 INFO  Delaying execution by 7 seconds
17:00:30 INFO  Executed sudo&lt;tedge_connect_c8y&gt;, exit status 0, duration 13 secs
17:00:30 INFO  Executed sudo&lt;tedge_connect_c8y_test&gt;, exit status 0
17:00:31 INFO  Executed systemctl&lt;serv_mosq2&gt;, exit status 0
17:00:31 INFO  Executed systemctl&lt;serv_mapper3&gt;, exit status 0
17:00:33 INFO  State of current operation: PENDING
17:00:36 INFO  State of current operation: PENDING
17:00:38 INFO  State of current operation: PENDING
17:00:40 INFO  State of current operation: PENDING
17:00:43 INFO  State of current operation: PENDING
17:00:45 INFO  State of current operation: PENDING
17:00:47 INFO  State of current operation: PENDING
17:00:50 INFO  State of current operation: PENDING
17:00:52 INFO  State of current operation: PENDING
17:00:54 INFO  State of current operation: PENDING
17:00:56 INFO  State of current operation: PENDING
17:00:59 INFO  State of current operation: PENDING
17:01:01 INFO  State of current operation: PENDING
17:01:03 INFO  State of current operation: PENDING
17:01:05 INFO  State of current operation: PENDING
17:01:08 INFO  State of current operation: PENDING
17:01:10 INFO  State of current operation: PENDING
17:01:12 INFO  State of current operation: PENDING
17:01:14 INFO  State of current operation: PENDING
17:01:17 INFO  State of current operation: PENDING
17:01:19 INFO  State of current operation: PENDING
17:01:21 INFO  State of current operation: PENDING
17:01:23 INFO  State of current operation: PENDING
17:01:25 INFO  State of current operation: PENDING
17:01:28 INFO  State of current operation: PENDING
17:01:30 INFO  State of current operation: PENDING
17:01:32 INFO  State of current operation: PENDING
17:01:34 INFO  State of current operation: PENDING
17:01:37 INFO  State of current operation: PENDING
17:01:39 INFO  State of current operation: PENDING
17:01:41 INFO  State of current operation: PENDING
17:01:43 INFO  State of current operation: PENDING
17:01:46 INFO  State of current operation: PENDING
17:01:48 INFO  State of current operation: PENDING
17:01:50 INFO  State of current operation: PENDING
17:01:52 INFO  State of current operation: PENDING
17:01:55 INFO  State of current operation: PENDING
17:01:57 INFO  State of current operation: PENDING
17:01:59 INFO  State of current operation: PENDING
17:02:01 INFO  State of current operation: PENDING
17:02:03 INFO  State of current operation: PENDING
17:02:06 INFO  State of current operation: PENDING
17:02:08 INFO  State of current operation: PENDING
17:02:10 INFO  State of current operation: PENDING
17:02:13 INFO  State of current operation: PENDING
17:02:15 INFO  State of current operation: PENDING
17:02:17 INFO  State of current operation: PENDING
17:02:19 INFO  State of current operation: PENDING
17:02:21 INFO  State of current operation: PENDING
17:02:24 INFO  State of current operation: PENDING
17:02:26 INFO  State of current operation: PENDING
17:02:28 INFO  State of current operation: PENDING
17:02:30 INFO  State of current operation: PENDING
17:02:33 INFO  State of current operation: PENDING
17:02:35 INFO  State of current operation: PENDING
17:02:37 INFO  State of current operation: PENDING
17:02:39 INFO  State of current operation: PENDING
17:02:42 INFO  State of current operation: PENDING
17:02:44 INFO  State of current operation: PENDING
17:02:46 INFO  State of current operation: PENDING
17:02:48 INFO  State of current operation: PENDING
17:02:50 WARN  SystemError occurred while running test - Timeout while waiting for status FAILED or SUCCESSFUL
Traceback (most recent call last):
  File &quot;/home/pi/env-pysys/lib/python3.7/site-packages/pysys/baserunner.py&quot;, line 1292, in __call__
    self.testObj.setup()
  File &quot;/home/pi/actions-runner/_work/thin-edge.io/thin-edge.io/tests/PySys/software_management_end_to_end/sm_docker_install_remove_multiple/run.py&quot;, line 29, in setup
    super().setup()
  File &quot;/home/pi/actions-runner/_work/thin-edge.io/thin-edge.io/tests/PySys/software_management_end_to_end/environment_sm_management.py&quot;, line 151, in setup
    self.wait_until_end()
  File &quot;/home/pi/actions-runner/_work/thin-edge.io/thin-edge.io/tests/PySys/software_management_end_to_end/environment_sm_management.py&quot;, line 332, in wait_until_end
    self.wait_until_status(&quot;FAILED&quot;, &quot;SUCCESSFUL&quot;)
  File &quot;/home/pi/actions-runner/_work/thin-edge.io/thin-edge.io/tests/PySys/software_management_end_to_end/environment_sm_management.py&quot;, line 381, in wait_until_status
    &quot;Timeout while waiting for status %s or %s&quot; % (status, status2)
SystemError: Timeout while waiting for status FAILED or SUCCESSFUL
17:02:50 WARN  SystemError: Timeout while waiting for status FAILED or SUCCESSFUL ... blocked 
17:02:50 INFO  
17:02:50 INFO  cleanup:
17:02:54 INFO  Executed sudo&lt;tedge_disconnect_c8y&gt;, exit status 0
17:02:55 INFO  Executed systemctl&lt;serv_mapper5&gt;, exit status 3
17:02:55 INFO  
17:02:55 INFO  Test duration: 166.90 secs
17:02:55 INFO  Test final outcome:  BLOCKED
17:02:55 INFO  Test outcome reason: SystemError: Timeout while waiting for status FAILED or SUCCESSFUL
17:02:55 INFO  
</system-out>
	</testcase>
</testsuite>
