<?xml version="1.0" encoding="utf-8"?>
<testsuite failures="1" name="SoftwareManagement.sm_apt_install_remove_multiple_mixed" skipped="0" tests="1" time="177.1" timestamp="2022-05-20T12:23:30">
	<testcase classname="PySysTest" name="SoftwareManagement.sm_apt_install_remove_multiple_mixed">
		<failure message="BLOCKED: SystemError: Timeout while waiting for status SUCCESSFUL or False (+1 other failures)" type="BLOCKED"/>
		<system-out>12:20:33 INFO  ==============================================================
12:20:33 INFO  Id:    SoftwareManagement.sm_apt_install_remove_multiple_mixed
12:20:33 INFO  Dir:   software_management_end_to_end/
12:20:33 INFO  Title: Validate end to end behaviour for the apt plugin for multiple packages with mixed versions
12:20:33 INFO  ==============================================================
12:20:33 INFO  Using sw id database: {'asciijump': '5475369', 'robotfindskitten': '5474869', 'squirrel3': '5475279', 'rolldice': '5152439', 'moon-buggy': '5439204', 'apple': '5495053', 'banana': '5494888', 'cherry': '5495382', 'watermelon': '5494510', 'registry': '8018911', 'hello-world': '8021526', 'docker/getting-started': '8021973', 'alpine': '7991792'}
12:20:33 INFO  EnvironmentC8y Setup
12:20:33 INFO  Executed systemctl&lt;serv_mapper1&gt;, exit status 3
12:20:33 INFO  Restarting mosquitto too frequently in the last 10 seconds. It was only up for 5 seconds
12:20:33 INFO  Delaying execution by 6 seconds
12:20:53 INFO  Executed sudo&lt;tedge_connect_c8y&gt;, exit status 0, duration 13 secs
12:20:54 INFO  Executed sudo&lt;tedge_connect_c8y_test&gt;, exit status 0
12:20:54 INFO  Executed systemctl&lt;serv_mosq2&gt;, exit status 0
12:20:55 INFO  Executed systemctl&lt;serv_mapper3&gt;, exit status 0
12:20:57 INFO  State of current operation: SUCCESSFUL
12:20:57 INFO  Assert that (False == value) with value=False ... passed
12:20:58 INFO  Assert that (False == value) with value=False ... passed
12:20:58 INFO  Assert that (False == value) with value=False ... passed
12:20:58 INFO  Assert that (False == value) with value=False ... passed
12:20:58 INFO  Package moon-buggy is installed
12:20:58 WARN  Assert that (False == value) with value=True ... failed 
12:21:00 INFO  Response status: 201
12:21:00 INFO  Response to action: {
    &quot;creationTime&quot;: &quot;2022-05-20T12:20:59.971Z&quot;,
    &quot;deviceId&quot;: &quot;19394849&quot;,
    &quot;deviceName&quot;: &quot;m32sd10c&quot;,
    &quot;self&quot;: &quot;https://t493319102.eu-latest.cumulocity.com/devicecontrol/operations/19409492&quot;,
    &quot;id&quot;: &quot;19409492&quot;,
    &quot;status&quot;: &quot;PENDING&quot;,
    &quot;description&quot;: &quot;Apply software changes, triggered from PySys: [{'action': 'install', 'id': '5475369', 'name': 'asciijump', 'url': ' ', 'version': '::apt'}, {'action': 'install', 'id': '5474869', 'name': 'robotfindskitten', 'url': ' ', 'version': ' '}, {'action': 'install', 'id': '5475279', 'name': 'squirrel3', 'url': ' ', 'version': '3.1-7::apt'}, {'action': 'install', 'id': '5152439', 'name': 'rolldice', 'url': ' ', 'version': '1.16-1+b1'}, {'action': 'install', 'id': '5439204', 'name': 'moon-buggy', 'url': ' ', 'version': '1:1.0.51-12'}, {'action': 'install', 'id': '5475369', 'name': 'asciijump', 'url': ' ', 'version': '::apt'}]&quot;,
    &quot;c8y_SoftwareUpdate&quot;: [
        {
            &quot;name&quot;: &quot;asciijump&quot;,
            &quot;action&quot;: &quot;install&quot;,
            &quot;id&quot;: &quot;5475369&quot;,
            &quot;version&quot;: &quot;::apt&quot;,
            &quot;url&quot;: &quot; &quot;
        },
        {
            &quot;name&quot;: &quot;robotfindskitten&quot;,
            &quot;action&quot;: &quot;install&quot;,
            &quot;id&quot;: &quot;5474869&quot;,
            &quot;version&quot;: &quot; &quot;,
            &quot;url&quot;: &quot; &quot;
        },
        {
            &quot;name&quot;: &quot;squirrel3&quot;,
            &quot;action&quot;: &quot;install&quot;,
            &quot;id&quot;: &quot;5475279&quot;,
            &quot;version&quot;: &quot;3.1-7::apt&quot;,
            &quot;url&quot;: &quot; &quot;
        },
        {
            &quot;name&quot;: &quot;rolldice&quot;,
            &quot;action&quot;: &quot;install&quot;,
            &quot;id&quot;: &quot;5152439&quot;,
            &quot;version&quot;: &quot;1.16-1+b1&quot;,
            &quot;url&quot;: &quot; &quot;
        },
        {
            &quot;name&quot;: &quot;moon-buggy&quot;,
            &quot;action&quot;: &quot;install&quot;,
            &quot;id&quot;: &quot;5439204&quot;,
            &quot;version&quot;: &quot;1:1.0.51-12&quot;,
            &quot;url&quot;: &quot; &quot;
        },
        {
            &quot;name&quot;: &quot;asciijump&quot;,
            &quot;action&quot;: &quot;install&quot;,
            &quot;id&quot;: &quot;5475369&quot;,
            &quot;version&quot;: &quot;::apt&quot;,
            &quot;url&quot;: &quot; &quot;
        }
    ]
}
12:21:00 INFO  Started operation: {'creationTime': '2022-05-20T12:20:59.971Z', 'deviceId': '19394849', 'deviceName': 'm32sd10c', 'self': 'https://t493319102.eu-latest.cumulocity.com/devicecontrol/operations/19409492', 'id': '19409492', 'status': 'PENDING', 'description': &quot;Apply software changes, triggered from PySys: [{'action': 'install', 'id': '5475369', 'name': 'asciijump', 'url': ' ', 'version': '::apt'}, {'action': 'install', 'id': '5474869', 'name': 'robotfindskitten', 'url': ' ', 'version': ' '}, {'action': 'install', 'id': '5475279', 'name': 'squirrel3', 'url': ' ', 'version': '3.1-7::apt'}, {'action': 'install', 'id': '5152439', 'name': 'rolldice', 'url': ' ', 'version': '1.16-1+b1'}, {'action': 'install', 'id': '5439204', 'name': 'moon-buggy', 'url': ' ', 'version': '1:1.0.51-12'}, {'action': 'install', 'id': '5475369', 'name': 'asciijump', 'url': ' ', 'version': '::apt'}]&quot;, 'c8y_SoftwareUpdate': [{'name': 'asciijump', 'action': 'install', 'id': '5475369', 'version': '::apt', 'url': ' '}, {'name': 'robotfindskitten', 'action': 'install', 'id': '5474869', 'version': ' ', 'url': ' '}, {'name': 'squirrel3', 'action': 'install', 'id': '5475279', 'version': '3.1-7::apt', 'url': ' '}, {'name': 'rolldice', 'action': 'install', 'id': '5152439', 'version': '1.16-1+b1', 'url': ' '}, {'name': 'moon-buggy', 'action': 'install', 'id': '5439204', 'version': '1:1.0.51-12', 'url': ' '}, {'name': 'asciijump', 'action': 'install', 'id': '5475369', 'version': '::apt', 'url': ' '}]}
12:21:02 INFO  State of operation 19409492 : PENDING
12:21:04 INFO  State of operation 19409492 : EXECUTING
12:21:06 INFO  State of operation 19409492 : EXECUTING
12:21:08 INFO  State of operation 19409492 : EXECUTING
12:21:11 INFO  State of operation 19409492 : EXECUTING
12:21:13 INFO  State of operation 19409492 : EXECUTING
12:21:16 INFO  State of operation 19409492 : EXECUTING
12:21:18 INFO  State of operation 19409492 : EXECUTING
12:21:21 INFO  State of operation 19409492 : EXECUTING
12:21:23 INFO  State of operation 19409492 : EXECUTING
12:21:25 INFO  State of operation 19409492 : EXECUTING
12:21:27 INFO  State of operation 19409492 : EXECUTING
12:21:30 INFO  State of operation 19409492 : EXECUTING
12:21:32 INFO  State of operation 19409492 : EXECUTING
12:21:34 INFO  State of operation 19409492 : EXECUTING
12:21:37 INFO  State of operation 19409492 : EXECUTING
12:21:39 INFO  State of operation 19409492 : EXECUTING
12:21:41 INFO  State of operation 19409492 : EXECUTING
12:21:44 INFO  State of operation 19409492 : EXECUTING
12:21:46 INFO  State of operation 19409492 : EXECUTING
12:21:48 INFO  State of operation 19409492 : EXECUTING
12:21:51 INFO  State of operation 19409492 : EXECUTING
12:21:53 INFO  State of operation 19409492 : EXECUTING
12:21:56 INFO  State of operation 19409492 : EXECUTING
12:21:58 INFO  State of operation 19409492 : EXECUTING
12:22:00 INFO  State of operation 19409492 : EXECUTING
12:22:03 INFO  State of operation 19409492 : EXECUTING
12:22:05 INFO  State of operation 19409492 : EXECUTING
12:22:07 INFO  State of operation 19409492 : EXECUTING
12:22:09 INFO  State of operation 19409492 : EXECUTING
12:22:12 INFO  State of operation 19409492 : EXECUTING
12:22:14 INFO  State of operation 19409492 : EXECUTING
12:22:16 INFO  State of operation 19409492 : EXECUTING
12:22:19 INFO  State of operation 19409492 : EXECUTING
12:22:21 INFO  State of operation 19409492 : EXECUTING
12:22:23 INFO  State of operation 19409492 : EXECUTING
12:22:25 INFO  State of operation 19409492 : EXECUTING
12:22:27 INFO  State of operation 19409492 : EXECUTING
12:22:30 INFO  State of operation 19409492 : EXECUTING
12:22:33 INFO  State of operation 19409492 : EXECUTING
12:22:35 INFO  State of operation 19409492 : EXECUTING
12:22:38 INFO  State of operation 19409492 : EXECUTING
12:22:40 INFO  State of operation 19409492 : EXECUTING
12:22:42 INFO  State of operation 19409492 : EXECUTING
12:22:44 INFO  State of operation 19409492 : EXECUTING
12:22:46 INFO  State of operation 19409492 : EXECUTING
12:22:49 INFO  State of operation 19409492 : EXECUTING
12:22:51 INFO  State of operation 19409492 : EXECUTING
12:22:54 INFO  State of operation 19409492 : EXECUTING
12:22:56 INFO  State of operation 19409492 : EXECUTING
12:22:58 INFO  State of operation 19409492 : EXECUTING
12:23:00 INFO  State of operation 19409492 : EXECUTING
12:23:03 INFO  State of operation 19409492 : EXECUTING
12:23:05 INFO  State of operation 19409492 : EXECUTING
12:23:08 INFO  State of operation 19409492 : EXECUTING
12:23:11 INFO  State of operation 19409492 : EXECUTING
12:23:13 INFO  State of operation 19409492 : EXECUTING
12:23:16 INFO  State of operation 19409492 : EXECUTING
12:23:18 INFO  State of operation 19409492 : EXECUTING
12:23:21 INFO  State of operation 19409492 : EXECUTING
12:23:23 INFO  State of operation 19409492 : EXECUTING
12:23:25 WARN  SystemError occurred while running test - Timeout while waiting for status SUCCESSFUL or False
Traceback (most recent call last):
  File &quot;/home/pi/env-pysys/lib/python3.7/site-packages/pysys/baserunner.py&quot;, line 1294, in __call__
    self.testObj.execute()
  File &quot;/home/pi/actions-runner/_work/thin-edge.io/thin-edge.io/tests/PySys/software_management_end_to_end/sm_apt_install_remove_multiple_mixed/run.py&quot;, line 89, in execute
    self.wait_until_succcess()
  File &quot;/home/pi/actions-runner/_work/thin-edge.io/thin-edge.io/tests/PySys/software_management_end_to_end/environment_sm_management.py&quot;, line 324, in wait_until_succcess
    self.wait_until_status(&quot;SUCCESSFUL&quot;)
  File &quot;/home/pi/actions-runner/_work/thin-edge.io/thin-edge.io/tests/PySys/software_management_end_to_end/environment_sm_management.py&quot;, line 381, in wait_until_status
    &quot;Timeout while waiting for status %s or %s&quot; % (status, status2)
SystemError: Timeout while waiting for status SUCCESSFUL or False
12:23:25 WARN  SystemError: Timeout while waiting for status SUCCESSFUL or False ... blocked 
12:23:25 INFO  
12:23:25 INFO  cleanup:
12:23:29 INFO  Executed sudo&lt;tedge_disconnect_c8y&gt;, exit status 0
12:23:30 INFO  Executed systemctl&lt;serv_mapper5&gt;, exit status 3
12:23:30 INFO  
12:23:30 INFO  Test duration: 177.10 secs
12:23:30 INFO  Test final outcome:  BLOCKED
12:23:30 INFO  Test outcome reason: SystemError: Timeout while waiting for status SUCCESSFUL or False (+1 other failures)
12:23:30 INFO  
</system-out>
	</testcase>
</testsuite>
