<?xml version="1.0" encoding="utf-8"?>
<testsuite failures="0" name="SoftwareManagement.sm_mapper_fail_and_reconnect" skipped="1" tests="1" time="0.03" timestamp="2022-07-22T05:11:36">
	<testcase classname="MapperC8yReceiveLastMessageOnRestart" name="SoftwareManagement.sm_mapper_fail_and_reconnect">
		<skipped message="SKIPPED: instable https://github.com/thin-edge/thin-edge.io/issues/752"/>
		<system-out>05:11:36 INFO  ==============================================================
05:11:36 INFO  Id:    SoftwareManagement.sm_mapper_fail_and_reconnect
05:11:36 INFO  Dir:   software_management_end_to_end/
05:11:36 INFO  Title: Validate the tedge-mapper-sm-c8y for receiving the last message on restart
05:11:36 INFO  ==============================================================
05:11:36 INFO  instable https://github.com/thin-edge/thin-edge.io/issues/752 ... skipped
05:11:36 INFO  
05:11:36 INFO  Test duration: 0.03 secs
05:11:36 INFO  Test final outcome:  SKIPPED
05:11:36 INFO  Test outcome reason: instable https://github.com/thin-edge/thin-edge.io/issues/752
05:11:36 INFO  
</system-out>
	</testcase>
</testsuite>
