<?xml version="1.0" encoding="utf-8"?>
<testsuite failures="1" name="SoftwareManagement.sm_apt_install_remove_default" skipped="0" tests="1" time="164.74" timestamp="2022-07-22T03:12:35">
	<testcase classname="PySysTest" name="SoftwareManagement.sm_apt_install_remove_default">
		<failure message="BLOCKED: SystemError: Timeout while waiting for status FAILED or SUCCESSFUL" type="BLOCKED"/>
		<system-out>03:09:50 INFO  ==============================================================
03:09:50 INFO  Id:    SoftwareManagement.sm_apt_install_remove_default
03:09:50 INFO  Dir:   software_management_end_to_end/
03:09:50 INFO  Title: Validate end to end behaviour for the default plugin for installation and removal of packages
03:09:50 INFO  ==============================================================
03:09:50 INFO  Using sw id database: {'asciijump': '5475369', 'robotfindskitten': '5474869', 'squirrel3': '5475279', 'rolldice': '5152439', 'moon-buggy': '5439204', 'apple': '5495053', 'banana': '5494888', 'cherry': '5495382', 'watermelon': '5494510', 'registry': '8018911', 'hello-world': '8021526', 'docker/getting-started': '8021973', 'alpine': '7991792'}
03:09:50 INFO  EnvironmentC8y Setup
03:09:51 INFO  Executed systemctl&lt;serv_mapper1&gt;, exit status 3
03:09:51 INFO  Restarting mosquitto too frequently in the last 10 seconds. It was only up for 5 seconds
03:09:51 INFO  Delaying execution by 6 seconds
03:10:11 INFO  Executed sudo&lt;tedge_connect_c8y&gt;, exit status 0, duration 14 secs
03:10:12 INFO  Executed sudo&lt;tedge_connect_c8y_test&gt;, exit status 0
03:10:12 INFO  Executed systemctl&lt;serv_mosq2&gt;, exit status 0
03:10:13 INFO  Executed systemctl&lt;serv_mapper3&gt;, exit status 0
03:10:15 INFO  State of current operation: EXECUTING
03:10:17 INFO  State of current operation: EXECUTING
03:10:19 INFO  State of current operation: EXECUTING
03:10:22 INFO  State of current operation: EXECUTING
03:10:24 INFO  State of current operation: EXECUTING
03:10:26 INFO  State of current operation: EXECUTING
03:10:28 INFO  State of current operation: EXECUTING
03:10:31 INFO  State of current operation: EXECUTING
03:10:33 INFO  State of current operation: EXECUTING
03:10:35 INFO  State of current operation: EXECUTING
03:10:37 INFO  State of current operation: EXECUTING
03:10:39 INFO  State of current operation: EXECUTING
03:10:42 INFO  State of current operation: EXECUTING
03:10:44 INFO  State of current operation: EXECUTING
03:10:46 INFO  State of current operation: EXECUTING
03:10:48 INFO  State of current operation: EXECUTING
03:10:51 INFO  State of current operation: EXECUTING
03:10:53 INFO  State of current operation: EXECUTING
03:10:55 INFO  State of current operation: EXECUTING
03:10:57 INFO  State of current operation: EXECUTING
03:10:59 INFO  State of current operation: EXECUTING
03:11:02 INFO  State of current operation: EXECUTING
03:11:04 INFO  State of current operation: EXECUTING
03:11:06 INFO  State of current operation: EXECUTING
03:11:08 INFO  State of current operation: EXECUTING
03:11:10 INFO  State of current operation: EXECUTING
03:11:13 INFO  State of current operation: EXECUTING
03:11:15 INFO  State of current operation: EXECUTING
03:11:17 INFO  State of current operation: EXECUTING
03:11:19 INFO  State of current operation: EXECUTING
03:11:22 INFO  State of current operation: EXECUTING
03:11:24 INFO  State of current operation: EXECUTING
03:11:26 INFO  State of current operation: EXECUTING
03:11:28 INFO  State of current operation: EXECUTING
03:11:30 INFO  State of current operation: EXECUTING
03:11:33 INFO  State of current operation: EXECUTING
03:11:35 INFO  State of current operation: EXECUTING
03:11:37 INFO  State of current operation: EXECUTING
03:11:39 INFO  State of current operation: EXECUTING
03:11:42 INFO  State of current operation: EXECUTING
03:11:44 INFO  State of current operation: EXECUTING
03:11:46 INFO  State of current operation: EXECUTING
03:11:48 INFO  State of current operation: EXECUTING
03:11:50 INFO  State of current operation: EXECUTING
03:11:53 INFO  State of current operation: EXECUTING
03:11:55 INFO  State of current operation: EXECUTING
03:11:57 INFO  State of current operation: EXECUTING
03:11:59 INFO  State of current operation: EXECUTING
03:12:01 INFO  State of current operation: EXECUTING
03:12:04 INFO  State of current operation: EXECUTING
03:12:06 INFO  State of current operation: EXECUTING
03:12:08 INFO  State of current operation: EXECUTING
03:12:10 INFO  State of current operation: EXECUTING
03:12:13 INFO  State of current operation: EXECUTING
03:12:15 INFO  State of current operation: EXECUTING
03:12:17 INFO  State of current operation: EXECUTING
03:12:19 INFO  State of current operation: EXECUTING
03:12:21 INFO  State of current operation: EXECUTING
03:12:24 INFO  State of current operation: EXECUTING
03:12:26 INFO  State of current operation: EXECUTING
03:12:28 INFO  State of current operation: EXECUTING
03:12:30 WARN  SystemError occurred while running test - Timeout while waiting for status FAILED or SUCCESSFUL
Traceback (most recent call last):
  File &quot;/home/pi/env-pysys/lib/python3.7/site-packages/pysys/baserunner.py&quot;, line 1292, in __call__
    self.testObj.setup()
  File &quot;/home/pi/actions-runner/_work/thin-edge.io/thin-edge.io/tests/PySys/software_management_end_to_end/sm_apt_install_remove_default/run.py&quot;, line 26, in setup
    super().setup()
  File &quot;/home/pi/actions-runner/_work/thin-edge.io/thin-edge.io/tests/PySys/software_management_end_to_end/environment_sm_management.py&quot;, line 151, in setup
    self.wait_until_end()
  File &quot;/home/pi/actions-runner/_work/thin-edge.io/thin-edge.io/tests/PySys/software_management_end_to_end/environment_sm_management.py&quot;, line 332, in wait_until_end
    self.wait_until_status(&quot;FAILED&quot;, &quot;SUCCESSFUL&quot;)
  File &quot;/home/pi/actions-runner/_work/thin-edge.io/thin-edge.io/tests/PySys/software_management_end_to_end/environment_sm_management.py&quot;, line 381, in wait_until_status
    &quot;Timeout while waiting for status %s or %s&quot; % (status, status2)
SystemError: Timeout while waiting for status FAILED or SUCCESSFUL
03:12:30 WARN  SystemError: Timeout while waiting for status FAILED or SUCCESSFUL ... blocked 
03:12:30 INFO  
03:12:30 INFO  cleanup:
03:12:34 INFO  Executed sudo&lt;tedge_disconnect_c8y&gt;, exit status 0
03:12:35 INFO  Executed systemctl&lt;serv_mapper5&gt;, exit status 3
03:12:35 INFO  
03:12:35 INFO  Test duration: 164.74 secs
03:12:35 INFO  Test final outcome:  BLOCKED
03:12:35 INFO  Test outcome reason: SystemError: Timeout while waiting for status FAILED or SUCCESSFUL
03:12:35 INFO  
</system-out>
	</testcase>
</testsuite>
