<?xml version="1.0" encoding="utf-8"?>
<testsuite failures="1" name="SoftwareManagement.sm_apt_install_remove_default" skipped="0" tests="1" time="201.3" timestamp="2022-05-25T13:56:58">
	<testcase classname="PySysTest" name="SoftwareManagement.sm_apt_install_remove_default">
		<failure message="BLOCKED: SystemError: Timeout while waiting for status FAILED or SUCCESSFUL" type="BLOCKED"/>
		<system-out>13:53:37 INFO  ==============================================================
13:53:37 INFO  Id:    SoftwareManagement.sm_apt_install_remove_default
13:53:37 INFO  Dir:   software_management_end_to_end/
13:53:37 INFO  Title: Validate end to end behaviour for the default plugin for installation and removal of packages
13:53:37 INFO  ==============================================================
13:53:37 INFO  Using sw id database: {'asciijump': '5475369', 'robotfindskitten': '5474869', 'squirrel3': '5475279', 'rolldice': '5152439', 'moon-buggy': '5439204', 'apple': '5495053', 'banana': '5494888', 'cherry': '5495382', 'watermelon': '5494510', 'registry': '8018911', 'hello-world': '8021526', 'docker/getting-started': '8021973', 'alpine': '7991792'}
13:53:37 INFO  EnvironmentC8y Setup
13:53:37 INFO  Executed systemctl&lt;serv_mapper1&gt;, exit status 3
13:53:37 INFO  Restarting mosquitto too frequently in the last 10 seconds. It was only up for 5 seconds
13:53:37 INFO  Delaying execution by 6 seconds
13:53:57 INFO  Executed sudo&lt;tedge_connect_c8y&gt;, exit status 0, duration 13 secs
13:53:58 INFO  Executed sudo&lt;tedge_connect_c8y_test&gt;, exit status 0
13:53:58 INFO  Executed systemctl&lt;serv_mosq2&gt;, exit status 0
13:53:59 INFO  Executed systemctl&lt;serv_mapper3&gt;, exit status 0
13:54:01 INFO  State of current operation: PENDING
13:54:03 INFO  State of current operation: PENDING
13:54:06 INFO  State of current operation: PENDING
13:54:08 INFO  State of current operation: PENDING
13:54:10 INFO  State of current operation: PENDING
13:54:12 INFO  State of current operation: PENDING
13:54:14 INFO  State of current operation: PENDING
13:54:17 INFO  State of current operation: PENDING
13:54:19 INFO  State of current operation: PENDING
13:54:21 INFO  State of current operation: PENDING
13:54:23 INFO  State of current operation: PENDING
13:54:26 INFO  State of current operation: PENDING
13:54:28 INFO  State of current operation: PENDING
13:54:30 INFO  State of current operation: PENDING
13:54:33 INFO  State of current operation: PENDING
13:54:35 INFO  State of current operation: PENDING
13:54:37 INFO  State of current operation: PENDING
13:54:39 INFO  State of current operation: PENDING
13:54:41 INFO  State of current operation: PENDING
13:54:44 INFO  State of current operation: PENDING
13:54:46 INFO  State of current operation: PENDING
13:54:48 INFO  State of current operation: PENDING
13:54:50 INFO  State of current operation: PENDING
13:54:53 INFO  State of current operation: PENDING
13:54:55 INFO  State of current operation: PENDING
13:54:57 INFO  State of current operation: PENDING
13:55:00 INFO  State of current operation: PENDING
13:55:03 INFO  State of current operation: PENDING
13:55:05 INFO  State of current operation: PENDING
13:55:07 INFO  State of current operation: PENDING
13:55:10 INFO  State of current operation: PENDING
13:55:13 INFO  State of current operation: PENDING
13:55:15 INFO  State of current operation: PENDING
13:55:18 INFO  State of current operation: PENDING
13:55:23 INFO  State of current operation: PENDING
13:55:28 INFO  State of current operation: PENDING
13:55:32 INFO  State of current operation: PENDING
13:55:34 INFO  State of current operation: PENDING
13:55:37 INFO  State of current operation: PENDING
13:55:42 INFO  State of current operation: PENDING
13:55:45 INFO  State of current operation: PENDING
13:55:48 INFO  State of current operation: PENDING
13:55:50 INFO  State of current operation: PENDING
13:55:52 INFO  State of current operation: PENDING
13:55:54 INFO  State of current operation: PENDING
13:55:57 INFO  State of current operation: PENDING
13:56:19 INFO  State of current operation: PENDING
13:56:22 INFO  State of current operation: PENDING
13:56:24 INFO  State of current operation: PENDING
13:56:26 INFO  State of current operation: PENDING
13:56:28 INFO  State of current operation: PENDING
13:56:31 INFO  State of current operation: PENDING
13:56:33 INFO  State of current operation: PENDING
13:56:35 INFO  State of current operation: PENDING
13:56:37 INFO  State of current operation: PENDING
13:56:39 INFO  State of current operation: PENDING
13:56:42 INFO  State of current operation: PENDING
13:56:44 INFO  State of current operation: PENDING
13:56:46 INFO  State of current operation: PENDING
13:56:49 INFO  State of current operation: PENDING
13:56:51 INFO  State of current operation: PENDING
13:56:53 WARN  SystemError occurred while running test - Timeout while waiting for status FAILED or SUCCESSFUL
Traceback (most recent call last):
  File &quot;/home/pi/env-pysys/lib/python3.7/site-packages/pysys/baserunner.py&quot;, line 1292, in __call__
    self.testObj.setup()
  File &quot;/home/pi/actions-runner/_work/thin-edge.io/thin-edge.io/tests/PySys/software_management_end_to_end/sm_apt_install_remove_default/run.py&quot;, line 26, in setup
    super().setup()
  File &quot;/home/pi/actions-runner/_work/thin-edge.io/thin-edge.io/tests/PySys/software_management_end_to_end/environment_sm_management.py&quot;, line 151, in setup
    self.wait_until_end()
  File &quot;/home/pi/actions-runner/_work/thin-edge.io/thin-edge.io/tests/PySys/software_management_end_to_end/environment_sm_management.py&quot;, line 332, in wait_until_end
    self.wait_until_status(&quot;FAILED&quot;, &quot;SUCCESSFUL&quot;)
  File &quot;/home/pi/actions-runner/_work/thin-edge.io/thin-edge.io/tests/PySys/software_management_end_to_end/environment_sm_management.py&quot;, line 381, in wait_until_status
    &quot;Timeout while waiting for status %s or %s&quot; % (status, status2)
SystemError: Timeout while waiting for status FAILED or SUCCESSFUL
13:56:53 WARN  SystemError: Timeout while waiting for status FAILED or SUCCESSFUL ... blocked 
13:56:53 INFO  
13:56:53 INFO  cleanup:
13:56:57 INFO  Executed sudo&lt;tedge_disconnect_c8y&gt;, exit status 0
13:56:58 INFO  Executed systemctl&lt;serv_mapper5&gt;, exit status 3
13:56:58 INFO  
13:56:58 INFO  Test duration: 201.30 secs
13:56:58 INFO  Test final outcome:  BLOCKED
13:56:58 INFO  Test outcome reason: SystemError: Timeout while waiting for status FAILED or SUCCESSFUL
13:56:58 INFO  
</system-out>
	</testcase>
</testsuite>
