<?xml version="1.0" encoding="utf-8"?>
<testsuite failures="1" name="SoftwareManagement.sm_mixed_install_remove_multiple" skipped="0" tests="1" time="164.3" timestamp="2022-06-22T11:06:41">
	<testcase classname="PySysTest" name="SoftwareManagement.sm_mixed_install_remove_multiple">
		<failure message="FAILED: Assert that (False == value) with value=True" type="FAILED"/>
		<system-out>11:03:57 INFO  ==============================================================
11:03:57 INFO  Id:    SoftwareManagement.sm_mixed_install_remove_multiple
11:03:57 INFO  Dir:   software_management_end_to_end/
11:03:57 INFO  Title: Validate end to end behaviour for the dummy-plugin for multiple packages with mixed versions
11:03:57 INFO  ==============================================================
11:03:57 INFO  Using sw id database: {'asciijump': '5475369', 'robotfindskitten': '5474869', 'squirrel3': '5475279', 'rolldice': '5152439', 'moon-buggy': '5439204', 'apple': '5495053', 'banana': '5494888', 'cherry': '5495382', 'watermelon': '5494510', 'registry': '8018911', 'hello-world': '8021526', 'docker/getting-started': '8021973', 'alpine': '7991792'}
11:03:57 INFO  EnvironmentC8y Setup
11:03:58 INFO  Executed systemctl&lt;serv_mapper1&gt;, exit status 3
11:03:58 INFO  Restarting mosquitto too frequently in the last 10 seconds. It was only up for 5 seconds
11:03:58 INFO  Delaying execution by 6 seconds
11:04:18 INFO  Executed sudo&lt;tedge_connect_c8y&gt;, exit status 0, duration 14 secs
11:04:18 INFO  Executed sudo&lt;tedge_connect_c8y_test&gt;, exit status 0
11:04:19 INFO  Executed systemctl&lt;serv_mosq2&gt;, exit status 0
11:04:19 INFO  Executed systemctl&lt;serv_mapper3&gt;, exit status 0
11:04:22 INFO  State of current operation: SUCCESSFUL
11:04:22 INFO  Package apple is installed
11:04:22 INFO  Assert that (True == value) with value=True ... passed
11:04:22 INFO  Package banana is installed
11:04:22 INFO  Assert that (True == value) with value=True ... passed
11:04:22 INFO  Package cherry is installed
11:04:22 INFO  Assert that (True == value) with value=True ... passed
11:04:23 INFO  Package asciijump is installed
11:04:23 WARN  Assert that (False == value) with value=True ... failed 
11:04:23 INFO  Assert that (False == value) with value=False ... passed
11:04:23 INFO  Response status: 201
11:04:23 INFO  Response to action: {
    &quot;creationTime&quot;: &quot;2022-06-22T11:04:23.634Z&quot;,
    &quot;deviceName&quot;: &quot;m32sd10c&quot;,
    &quot;deviceId&quot;: &quot;20363029&quot;,
    &quot;self&quot;: &quot;https://t493319102.eu-latest.cumulocity.com/devicecontrol/operations/20403751&quot;,
    &quot;id&quot;: &quot;20403751&quot;,
    &quot;status&quot;: &quot;PENDING&quot;,
    &quot;description&quot;: &quot;Apply software changes, triggered from PySys: [{'action': 'install', 'id': '5495053', 'name': 'apple', 'url': ' ', 'version': '::fruits'}, {'action': 'install', 'id': '5494888', 'name': 'banana', 'url': ' ', 'version': '::fruits'}, {'action': 'install', 'id': '5475369', 'name': 'asciijump', 'url': ' ', 'version': '::apt'}, {'action': 'install', 'id': '5495382', 'name': 'cherry', 'url': ' ', 'version': '::fruits'}, {'action': 'install', 'id': '8018911', 'name': 'registry', 'url': ' ', 'version': '::docker'}]&quot;,
    &quot;c8y_SoftwareUpdate&quot;: [
        {
            &quot;name&quot;: &quot;apple&quot;,
            &quot;action&quot;: &quot;install&quot;,
            &quot;id&quot;: &quot;5495053&quot;,
            &quot;version&quot;: &quot;::fruits&quot;,
            &quot;url&quot;: &quot; &quot;
        },
        {
            &quot;name&quot;: &quot;banana&quot;,
            &quot;action&quot;: &quot;install&quot;,
            &quot;id&quot;: &quot;5494888&quot;,
            &quot;version&quot;: &quot;::fruits&quot;,
            &quot;url&quot;: &quot; &quot;
        },
        {
            &quot;name&quot;: &quot;asciijump&quot;,
            &quot;action&quot;: &quot;install&quot;,
            &quot;id&quot;: &quot;5475369&quot;,
            &quot;version&quot;: &quot;::apt&quot;,
            &quot;url&quot;: &quot; &quot;
        },
        {
            &quot;name&quot;: &quot;cherry&quot;,
            &quot;action&quot;: &quot;install&quot;,
            &quot;id&quot;: &quot;5495382&quot;,
            &quot;version&quot;: &quot;::fruits&quot;,
            &quot;url&quot;: &quot; &quot;
        },
        {
            &quot;name&quot;: &quot;registry&quot;,
            &quot;action&quot;: &quot;install&quot;,
            &quot;id&quot;: &quot;8018911&quot;,
            &quot;version&quot;: &quot;::docker&quot;,
            &quot;url&quot;: &quot; &quot;
        }
    ]
}
11:04:23 INFO  Started operation: {'creationTime': '2022-06-22T11:04:23.634Z', 'deviceName': 'm32sd10c', 'deviceId': '20363029', 'self': 'https://t493319102.eu-latest.cumulocity.com/devicecontrol/operations/20403751', 'id': '20403751', 'status': 'PENDING', 'description': &quot;Apply software changes, triggered from PySys: [{'action': 'install', 'id': '5495053', 'name': 'apple', 'url': ' ', 'version': '::fruits'}, {'action': 'install', 'id': '5494888', 'name': 'banana', 'url': ' ', 'version': '::fruits'}, {'action': 'install', 'id': '5475369', 'name': 'asciijump', 'url': ' ', 'version': '::apt'}, {'action': 'install', 'id': '5495382', 'name': 'cherry', 'url': ' ', 'version': '::fruits'}, {'action': 'install', 'id': '8018911', 'name': 'registry', 'url': ' ', 'version': '::docker'}]&quot;, 'c8y_SoftwareUpdate': [{'name': 'apple', 'action': 'install', 'id': '5495053', 'version': '::fruits', 'url': ' '}, {'name': 'banana', 'action': 'install', 'id': '5494888', 'version': '::fruits', 'url': ' '}, {'name': 'asciijump', 'action': 'install', 'id': '5475369', 'version': '::apt', 'url': ' '}, {'name': 'cherry', 'action': 'install', 'id': '5495382', 'version': '::fruits', 'url': ' '}, {'name': 'registry', 'action': 'install', 'id': '8018911', 'version': '::docker', 'url': ' '}]}
11:04:25 INFO  State of operation 20403751 : PENDING
11:04:28 INFO  State of operation 20403751 : EXECUTING
11:04:30 INFO  State of operation 20403751 : EXECUTING
11:04:32 INFO  State of operation 20403751 : EXECUTING
11:04:34 INFO  State of operation 20403751 : EXECUTING
11:04:37 INFO  State of operation 20403751 : EXECUTING
11:04:40 INFO  State of operation 20403751 : EXECUTING
11:04:42 INFO  State of operation 20403751 : EXECUTING
11:04:45 INFO  State of operation 20403751 : EXECUTING
11:04:47 INFO  State of operation 20403751 : EXECUTING
11:04:49 INFO  State of operation 20403751 : EXECUTING
11:04:52 INFO  State of operation 20403751 : EXECUTING
11:04:54 INFO  State of operation 20403751 : EXECUTING
11:04:56 INFO  State of operation 20403751 : EXECUTING
11:04:58 INFO  State of operation 20403751 : EXECUTING
11:05:01 INFO  State of operation 20403751 : EXECUTING
11:05:03 INFO  State of operation 20403751 : EXECUTING
11:05:05 INFO  State of operation 20403751 : EXECUTING
11:05:07 INFO  State of operation 20403751 : EXECUTING
11:05:09 INFO  State of operation 20403751 : EXECUTING
11:05:12 INFO  State of operation 20403751 : EXECUTING
11:05:14 INFO  State of operation 20403751 : EXECUTING
11:05:16 INFO  State of operation 20403751 : EXECUTING
11:05:18 INFO  State of operation 20403751 : EXECUTING
11:05:21 INFO  State of operation 20403751 : EXECUTING
11:05:23 INFO  State of operation 20403751 : SUCCESSFUL
11:05:23 INFO  Package apple is installed
11:05:23 INFO  Assert that (True == value) with value=True ... passed
11:05:23 INFO  Package banana is installed
11:05:23 INFO  Assert that (True == value) with value=True ... passed
11:05:24 INFO  Package cherry is installed
11:05:24 INFO  Assert that (True == value) with value=True ... passed
11:05:24 INFO  Package asciijump is installed
11:05:24 INFO  Assert that (True == value) with value=True ... passed
11:05:24 INFO  Package registry is installed
11:05:24 INFO  Assert that (True == value) with value=True ... passed
11:05:24 INFO  Response status: 201
11:05:24 INFO  Response to action: {
    &quot;creationTime&quot;: &quot;2022-06-22T11:05:24.820Z&quot;,
    &quot;deviceName&quot;: &quot;m32sd10c&quot;,
    &quot;deviceId&quot;: &quot;20363029&quot;,
    &quot;self&quot;: &quot;https://t493319102.eu-latest.cumulocity.com/devicecontrol/operations/20403762&quot;,
    &quot;id&quot;: &quot;20403762&quot;,
    &quot;status&quot;: &quot;PENDING&quot;,
    &quot;description&quot;: &quot;Apply software changes, triggered from PySys: [{'action': 'delete', 'id': '5495053', 'name': 'apple', 'url': ' ', 'version': '::fruits'}, {'action': 'delete', 'id': '5494888', 'name': 'banana', 'url': ' ', 'version': '::fruits'}, {'action': 'delete', 'id': '5475369', 'name': 'asciijump', 'url': ' ', 'version': '::apt'}, {'action': 'delete', 'id': '5495382', 'name': 'cherry', 'url': ' ', 'version': '::fruits'}, {'action': 'delete', 'id': '8018911', 'name': 'registry', 'url': ' ', 'version': '::docker'}]&quot;,
    &quot;c8y_SoftwareUpdate&quot;: [
        {
            &quot;name&quot;: &quot;apple&quot;,
            &quot;action&quot;: &quot;delete&quot;,
            &quot;id&quot;: &quot;5495053&quot;,
            &quot;version&quot;: &quot;::fruits&quot;,
            &quot;url&quot;: &quot; &quot;
        },
        {
            &quot;name&quot;: &quot;banana&quot;,
            &quot;action&quot;: &quot;delete&quot;,
            &quot;id&quot;: &quot;5494888&quot;,
            &quot;version&quot;: &quot;::fruits&quot;,
            &quot;url&quot;: &quot; &quot;
        },
        {
            &quot;name&quot;: &quot;asciijump&quot;,
            &quot;action&quot;: &quot;delete&quot;,
            &quot;id&quot;: &quot;5475369&quot;,
            &quot;version&quot;: &quot;::apt&quot;,
            &quot;url&quot;: &quot; &quot;
        },
        {
            &quot;name&quot;: &quot;cherry&quot;,
            &quot;action&quot;: &quot;delete&quot;,
            &quot;id&quot;: &quot;5495382&quot;,
            &quot;version&quot;: &quot;::fruits&quot;,
            &quot;url&quot;: &quot; &quot;
        },
        {
            &quot;name&quot;: &quot;registry&quot;,
            &quot;action&quot;: &quot;delete&quot;,
            &quot;id&quot;: &quot;8018911&quot;,
            &quot;version&quot;: &quot;::docker&quot;,
            &quot;url&quot;: &quot; &quot;
        }
    ]
}
11:05:24 INFO  Started operation: {'creationTime': '2022-06-22T11:05:24.820Z', 'deviceName': 'm32sd10c', 'deviceId': '20363029', 'self': 'https://t493319102.eu-latest.cumulocity.com/devicecontrol/operations/20403762', 'id': '20403762', 'status': 'PENDING', 'description': &quot;Apply software changes, triggered from PySys: [{'action': 'delete', 'id': '5495053', 'name': 'apple', 'url': ' ', 'version': '::fruits'}, {'action': 'delete', 'id': '5494888', 'name': 'banana', 'url': ' ', 'version': '::fruits'}, {'action': 'delete', 'id': '5475369', 'name': 'asciijump', 'url': ' ', 'version': '::apt'}, {'action': 'delete', 'id': '5495382', 'name': 'cherry', 'url': ' ', 'version': '::fruits'}, {'action': 'delete', 'id': '8018911', 'name': 'registry', 'url': ' ', 'version': '::docker'}]&quot;, 'c8y_SoftwareUpdate': [{'name': 'apple', 'action': 'delete', 'id': '5495053', 'version': '::fruits', 'url': ' '}, {'name': 'banana', 'action': 'delete', 'id': '5494888', 'version': '::fruits', 'url': ' '}, {'name': 'asciijump', 'action': 'delete', 'id': '5475369', 'version': '::apt', 'url': ' '}, {'name': 'cherry', 'action': 'delete', 'id': '5495382', 'version': '::fruits', 'url': ' '}, {'name': 'registry', 'action': 'delete', 'id': '8018911', 'version': '::docker', 'url': ' '}]}
11:05:27 INFO  State of operation 20403762 : PENDING
11:05:29 INFO  State of operation 20403762 : EXECUTING
11:05:31 INFO  State of operation 20403762 : EXECUTING
11:05:33 INFO  State of operation 20403762 : EXECUTING
11:05:35 INFO  State of operation 20403762 : EXECUTING
11:05:38 INFO  State of operation 20403762 : EXECUTING
11:05:40 INFO  State of operation 20403762 : EXECUTING
11:05:43 INFO  State of operation 20403762 : EXECUTING
11:05:46 INFO  State of operation 20403762 : EXECUTING
11:05:48 INFO  State of operation 20403762 : EXECUTING
11:05:50 INFO  State of operation 20403762 : EXECUTING
11:05:52 INFO  State of operation 20403762 : EXECUTING
11:05:55 INFO  State of operation 20403762 : EXECUTING
11:05:57 INFO  State of operation 20403762 : EXECUTING
11:05:59 INFO  State of operation 20403762 : EXECUTING
11:06:02 INFO  State of operation 20403762 : EXECUTING
11:06:05 INFO  State of operation 20403762 : EXECUTING
11:06:08 INFO  State of operation 20403762 : EXECUTING
11:06:10 INFO  State of operation 20403762 : EXECUTING
11:06:12 INFO  State of operation 20403762 : EXECUTING
11:06:14 INFO  State of operation 20403762 : EXECUTING
11:06:16 INFO  State of operation 20403762 : EXECUTING
11:06:20 INFO  State of operation 20403762 : EXECUTING
11:06:22 INFO  State of operation 20403762 : EXECUTING
11:06:24 INFO  State of operation 20403762 : EXECUTING
11:06:26 INFO  State of operation 20403762 : EXECUTING
11:06:29 INFO  State of operation 20403762 : EXECUTING
11:06:31 INFO  State of operation 20403762 : EXECUTING
11:06:33 INFO  State of operation 20403762 : EXECUTING
11:06:35 INFO  State of operation 20403762 : SUCCESSFUL
11:06:36 INFO  Package apple is installed
11:06:36 INFO  Assert that (True == value) with value=True ... passed
11:06:36 INFO  Package banana is installed
11:06:36 INFO  Assert that (True == value) with value=True ... passed
11:06:36 INFO  Package cherry is installed
11:06:36 INFO  Assert that (True == value) with value=True ... passed
11:06:36 INFO  Assert that (False == value) with value=False ... passed
11:06:37 INFO  Assert that (False == value) with value=False ... passed
11:06:37 INFO  
11:06:37 INFO  cleanup:
11:06:41 INFO  Executed sudo&lt;tedge_disconnect_c8y&gt;, exit status 0
11:06:41 INFO  Executed systemctl&lt;serv_mapper5&gt;, exit status 3
11:06:41 INFO  
11:06:41 INFO  Test duration: 164.30 secs
11:06:41 INFO  Test final outcome:  FAILED
11:06:41 INFO  Test outcome reason: Assert that (False == value) with value=True
11:06:41 INFO  
</system-out>
	</testcase>
</testsuite>
