<?xml version="1.0" encoding="utf-8"?>
<testsuite failures="1" name="SoftwareManagement.sm_fake_install_remove" skipped="0" tests="1" time="166.29" timestamp="2022-05-23T20:35:37">
	<testcase classname="PySysTest" name="SoftwareManagement.sm_fake_install_remove">
		<failure message="BLOCKED: SystemError: Timeout while waiting for status FAILED or SUCCESSFUL" type="BLOCKED"/>
		<system-out>20:32:51 INFO  ==============================================================
20:32:51 INFO  Id:    SoftwareManagement.sm_fake_install_remove
20:32:51 INFO  Dir:   software_management_end_to_end/
20:32:51 INFO  Title: Validate end to end behaviour for the dummy plugin for installation and removal of packages
20:32:51 INFO  ==============================================================
20:32:51 INFO  Using sw id database: {'asciijump': '5475369', 'robotfindskitten': '5474869', 'squirrel3': '5475279', 'rolldice': '5152439', 'moon-buggy': '5439204', 'apple': '5495053', 'banana': '5494888', 'cherry': '5495382', 'watermelon': '5494510', 'registry': '8018911', 'hello-world': '8021526', 'docker/getting-started': '8021973', 'alpine': '7991792'}
20:32:51 INFO  EnvironmentC8y Setup
20:32:51 INFO  Executed systemctl&lt;serv_mapper1&gt;, exit status 3
20:32:51 INFO  Restarting mosquitto too frequently in the last 10 seconds. It was only up for 5 seconds
20:32:51 INFO  Delaying execution by 6 seconds
20:33:12 INFO  Executed sudo&lt;tedge_connect_c8y&gt;, exit status 0, duration 14 secs
20:33:12 INFO  Executed sudo&lt;tedge_connect_c8y_test&gt;, exit status 0
20:33:13 INFO  Executed systemctl&lt;serv_mosq2&gt;, exit status 0
20:33:13 INFO  Executed systemctl&lt;serv_mapper3&gt;, exit status 0
20:33:16 INFO  State of current operation: PENDING
20:33:18 INFO  State of current operation: PENDING
20:33:20 INFO  State of current operation: PENDING
20:33:22 INFO  State of current operation: PENDING
20:33:24 INFO  State of current operation: PENDING
20:33:27 INFO  State of current operation: PENDING
20:33:29 INFO  State of current operation: PENDING
20:33:31 INFO  State of current operation: PENDING
20:33:33 INFO  State of current operation: PENDING
20:33:36 INFO  State of current operation: PENDING
20:33:38 INFO  State of current operation: PENDING
20:33:40 INFO  State of current operation: PENDING
20:33:42 INFO  State of current operation: PENDING
20:33:45 INFO  State of current operation: PENDING
20:33:47 INFO  State of current operation: PENDING
20:33:49 INFO  State of current operation: PENDING
20:33:51 INFO  State of current operation: PENDING
20:33:53 INFO  State of current operation: PENDING
20:33:56 INFO  State of current operation: PENDING
20:33:58 INFO  State of current operation: PENDING
20:34:00 INFO  State of current operation: PENDING
20:34:02 INFO  State of current operation: PENDING
20:34:05 INFO  State of current operation: PENDING
20:34:07 INFO  State of current operation: PENDING
20:34:09 INFO  State of current operation: PENDING
20:34:11 INFO  State of current operation: PENDING
20:34:14 INFO  State of current operation: PENDING
20:34:16 INFO  State of current operation: PENDING
20:34:18 INFO  State of current operation: PENDING
20:34:20 INFO  State of current operation: PENDING
20:34:22 INFO  State of current operation: PENDING
20:34:25 INFO  State of current operation: PENDING
20:34:27 INFO  State of current operation: PENDING
20:34:29 INFO  State of current operation: PENDING
20:34:31 INFO  State of current operation: PENDING
20:34:34 INFO  State of current operation: PENDING
20:34:36 INFO  State of current operation: PENDING
20:34:38 INFO  State of current operation: PENDING
20:34:40 INFO  State of current operation: PENDING
20:34:43 INFO  State of current operation: PENDING
20:34:45 INFO  State of current operation: PENDING
20:34:47 INFO  State of current operation: PENDING
20:34:49 INFO  State of current operation: PENDING
20:34:51 INFO  State of current operation: PENDING
20:34:54 INFO  State of current operation: PENDING
20:34:56 INFO  State of current operation: PENDING
20:34:58 INFO  State of current operation: PENDING
20:35:00 INFO  State of current operation: PENDING
20:35:03 INFO  State of current operation: PENDING
20:35:05 INFO  State of current operation: PENDING
20:35:07 INFO  State of current operation: PENDING
20:35:10 INFO  State of current operation: PENDING
20:35:12 INFO  State of current operation: PENDING
20:35:14 INFO  State of current operation: PENDING
20:35:17 INFO  State of current operation: PENDING
20:35:19 INFO  State of current operation: PENDING
20:35:21 INFO  State of current operation: PENDING
20:35:23 INFO  State of current operation: PENDING
20:35:26 INFO  State of current operation: PENDING
20:35:28 INFO  State of current operation: PENDING
20:35:30 INFO  State of current operation: PENDING
20:35:32 WARN  SystemError occurred while running test - Timeout while waiting for status FAILED or SUCCESSFUL
Traceback (most recent call last):
  File &quot;/home/pi/env-pysys/lib/python3.7/site-packages/pysys/baserunner.py&quot;, line 1292, in __call__
    self.testObj.setup()
  File &quot;/home/pi/actions-runner/_work/thin-edge.io/thin-edge.io/tests/PySys/software_management_end_to_end/sm_fake_install_remove/run.py&quot;, line 38, in setup
    super().setup()
  File &quot;/home/pi/actions-runner/_work/thin-edge.io/thin-edge.io/tests/PySys/software_management_end_to_end/environment_sm_management.py&quot;, line 151, in setup
    self.wait_until_end()
  File &quot;/home/pi/actions-runner/_work/thin-edge.io/thin-edge.io/tests/PySys/software_management_end_to_end/environment_sm_management.py&quot;, line 332, in wait_until_end
    self.wait_until_status(&quot;FAILED&quot;, &quot;SUCCESSFUL&quot;)
  File &quot;/home/pi/actions-runner/_work/thin-edge.io/thin-edge.io/tests/PySys/software_management_end_to_end/environment_sm_management.py&quot;, line 381, in wait_until_status
    &quot;Timeout while waiting for status %s or %s&quot; % (status, status2)
SystemError: Timeout while waiting for status FAILED or SUCCESSFUL
20:35:32 WARN  SystemError: Timeout while waiting for status FAILED or SUCCESSFUL ... blocked 
20:35:32 INFO  
20:35:32 INFO  cleanup:
20:35:36 INFO  Executed sudo&lt;tedge_disconnect_c8y&gt;, exit status 0
20:35:37 INFO  Executed systemctl&lt;serv_mapper5&gt;, exit status 3
20:35:37 INFO  
20:35:37 INFO  Test duration: 166.29 secs
20:35:37 INFO  Test final outcome:  BLOCKED
20:35:37 INFO  Test outcome reason: SystemError: Timeout while waiting for status FAILED or SUCCESSFUL
20:35:37 INFO  
</system-out>
	</testcase>
</testsuite>
