<?xml version="1.0" encoding="utf-8"?>
<testsuite failures="1" name="SoftwareManagement.sm_apt_install_remove_multiple_mixed" skipped="0" tests="1" time="178.05" timestamp="2022-07-21T19:42:27">
	<testcase classname="PySysTest" name="SoftwareManagement.sm_apt_install_remove_multiple_mixed">
		<failure message="BLOCKED: SystemError: Timeout while waiting for status SUCCESSFUL or False (+1 other failures)" type="BLOCKED"/>
		<system-out>19:39:29 INFO  ==============================================================
19:39:29 INFO  Id:    SoftwareManagement.sm_apt_install_remove_multiple_mixed
19:39:29 INFO  Dir:   software_management_end_to_end/
19:39:29 INFO  Title: Validate end to end behaviour for the apt plugin for multiple packages with mixed versions
19:39:29 INFO  ==============================================================
19:39:29 INFO  Using sw id database: {'asciijump': '5475369', 'robotfindskitten': '5474869', 'squirrel3': '5475279', 'rolldice': '5152439', 'moon-buggy': '5439204', 'apple': '5495053', 'banana': '5494888', 'cherry': '5495382', 'watermelon': '5494510', 'registry': '8018911', 'hello-world': '8021526', 'docker/getting-started': '8021973', 'alpine': '7991792'}
19:39:29 INFO  EnvironmentC8y Setup
19:39:29 INFO  Executed systemctl&lt;serv_mapper1&gt;, exit status 3
19:39:29 INFO  Restarting mosquitto too frequently in the last 10 seconds. It was only up for 4 seconds
19:39:29 INFO  Delaying execution by 7 seconds
19:39:50 INFO  Executed sudo&lt;tedge_connect_c8y&gt;, exit status 0, duration 13 secs
19:39:51 INFO  Executed sudo&lt;tedge_connect_c8y_test&gt;, exit status 0
19:39:51 INFO  Executed systemctl&lt;serv_mosq2&gt;, exit status 0
19:39:52 INFO  Executed systemctl&lt;serv_mapper3&gt;, exit status 0
19:39:54 INFO  State of current operation: SUCCESSFUL
19:39:54 INFO  Assert that (False == value) with value=False ... passed
19:39:55 INFO  Assert that (False == value) with value=False ... passed
19:39:55 INFO  Assert that (False == value) with value=False ... passed
19:39:55 INFO  Assert that (False == value) with value=False ... passed
19:39:55 INFO  Package moon-buggy is installed
19:39:55 WARN  Assert that (False == value) with value=True ... failed 
19:39:57 INFO  Response status: 201
19:39:57 INFO  Response to action: {
    &quot;creationTime&quot;: &quot;2022-07-21T19:39:56.980Z&quot;,
    &quot;deviceId&quot;: &quot;21167114&quot;,
    &quot;deviceName&quot;: &quot;m32sd10c&quot;,
    &quot;self&quot;: &quot;https://t493319102.eu-latest.cumulocity.com/devicecontrol/operations/21172754&quot;,
    &quot;id&quot;: &quot;21172754&quot;,
    &quot;status&quot;: &quot;PENDING&quot;,
    &quot;description&quot;: &quot;Apply software changes, triggered from PySys: [{'action': 'install', 'id': '5475369', 'name': 'asciijump', 'url': ' ', 'version': '::apt'}, {'action': 'install', 'id': '5474869', 'name': 'robotfindskitten', 'url': ' ', 'version': ' '}, {'action': 'install', 'id': '5475279', 'name': 'squirrel3', 'url': ' ', 'version': '3.1-7::apt'}, {'action': 'install', 'id': '5152439', 'name': 'rolldice', 'url': ' ', 'version': '1.16-1+b1'}, {'action': 'install', 'id': '5439204', 'name': 'moon-buggy', 'url': ' ', 'version': '1:1.0.51-12'}, {'action': 'install', 'id': '5475369', 'name': 'asciijump', 'url': ' ', 'version': '::apt'}]&quot;,
    &quot;c8y_SoftwareUpdate&quot;: [
        {
            &quot;name&quot;: &quot;asciijump&quot;,
            &quot;action&quot;: &quot;install&quot;,
            &quot;id&quot;: &quot;5475369&quot;,
            &quot;version&quot;: &quot;::apt&quot;,
            &quot;url&quot;: &quot; &quot;
        },
        {
            &quot;name&quot;: &quot;robotfindskitten&quot;,
            &quot;action&quot;: &quot;install&quot;,
            &quot;id&quot;: &quot;5474869&quot;,
            &quot;version&quot;: &quot; &quot;,
            &quot;url&quot;: &quot; &quot;
        },
        {
            &quot;name&quot;: &quot;squirrel3&quot;,
            &quot;action&quot;: &quot;install&quot;,
            &quot;id&quot;: &quot;5475279&quot;,
            &quot;version&quot;: &quot;3.1-7::apt&quot;,
            &quot;url&quot;: &quot; &quot;
        },
        {
            &quot;name&quot;: &quot;rolldice&quot;,
            &quot;action&quot;: &quot;install&quot;,
            &quot;id&quot;: &quot;5152439&quot;,
            &quot;version&quot;: &quot;1.16-1+b1&quot;,
            &quot;url&quot;: &quot; &quot;
        },
        {
            &quot;name&quot;: &quot;moon-buggy&quot;,
            &quot;action&quot;: &quot;install&quot;,
            &quot;id&quot;: &quot;5439204&quot;,
            &quot;version&quot;: &quot;1:1.0.51-12&quot;,
            &quot;url&quot;: &quot; &quot;
        },
        {
            &quot;name&quot;: &quot;asciijump&quot;,
            &quot;action&quot;: &quot;install&quot;,
            &quot;id&quot;: &quot;5475369&quot;,
            &quot;version&quot;: &quot;::apt&quot;,
            &quot;url&quot;: &quot; &quot;
        }
    ]
}
19:39:57 INFO  Started operation: {'creationTime': '2022-07-21T19:39:56.980Z', 'deviceId': '21167114', 'deviceName': 'm32sd10c', 'self': 'https://t493319102.eu-latest.cumulocity.com/devicecontrol/operations/21172754', 'id': '21172754', 'status': 'PENDING', 'description': &quot;Apply software changes, triggered from PySys: [{'action': 'install', 'id': '5475369', 'name': 'asciijump', 'url': ' ', 'version': '::apt'}, {'action': 'install', 'id': '5474869', 'name': 'robotfindskitten', 'url': ' ', 'version': ' '}, {'action': 'install', 'id': '5475279', 'name': 'squirrel3', 'url': ' ', 'version': '3.1-7::apt'}, {'action': 'install', 'id': '5152439', 'name': 'rolldice', 'url': ' ', 'version': '1.16-1+b1'}, {'action': 'install', 'id': '5439204', 'name': 'moon-buggy', 'url': ' ', 'version': '1:1.0.51-12'}, {'action': 'install', 'id': '5475369', 'name': 'asciijump', 'url': ' ', 'version': '::apt'}]&quot;, 'c8y_SoftwareUpdate': [{'name': 'asciijump', 'action': 'install', 'id': '5475369', 'version': '::apt', 'url': ' '}, {'name': 'robotfindskitten', 'action': 'install', 'id': '5474869', 'version': ' ', 'url': ' '}, {'name': 'squirrel3', 'action': 'install', 'id': '5475279', 'version': '3.1-7::apt', 'url': ' '}, {'name': 'rolldice', 'action': 'install', 'id': '5152439', 'version': '1.16-1+b1', 'url': ' '}, {'name': 'moon-buggy', 'action': 'install', 'id': '5439204', 'version': '1:1.0.51-12', 'url': ' '}, {'name': 'asciijump', 'action': 'install', 'id': '5475369', 'version': '::apt', 'url': ' '}]}
19:39:59 INFO  State of operation 21172754 : PENDING
19:40:01 INFO  State of operation 21172754 : EXECUTING
19:40:03 INFO  State of operation 21172754 : EXECUTING
19:40:05 INFO  State of operation 21172754 : EXECUTING
19:40:08 INFO  State of operation 21172754 : EXECUTING
19:40:10 INFO  State of operation 21172754 : EXECUTING
19:40:13 INFO  State of operation 21172754 : EXECUTING
19:40:15 INFO  State of operation 21172754 : EXECUTING
19:40:18 INFO  State of operation 21172754 : EXECUTING
19:40:20 INFO  State of operation 21172754 : EXECUTING
19:40:22 INFO  State of operation 21172754 : EXECUTING
19:40:25 INFO  State of operation 21172754 : EXECUTING
19:40:27 INFO  State of operation 21172754 : EXECUTING
19:40:29 INFO  State of operation 21172754 : EXECUTING
19:40:31 INFO  State of operation 21172754 : EXECUTING
19:40:34 INFO  State of operation 21172754 : EXECUTING
19:40:36 INFO  State of operation 21172754 : EXECUTING
19:40:38 INFO  State of operation 21172754 : EXECUTING
19:40:41 INFO  State of operation 21172754 : EXECUTING
19:40:43 INFO  State of operation 21172754 : EXECUTING
19:40:46 INFO  State of operation 21172754 : EXECUTING
19:40:48 INFO  State of operation 21172754 : EXECUTING
19:40:50 INFO  State of operation 21172754 : EXECUTING
19:40:53 INFO  State of operation 21172754 : EXECUTING
19:40:55 INFO  State of operation 21172754 : EXECUTING
19:40:57 INFO  State of operation 21172754 : EXECUTING
19:41:00 INFO  State of operation 21172754 : EXECUTING
19:41:02 INFO  State of operation 21172754 : EXECUTING
19:41:05 INFO  State of operation 21172754 : EXECUTING
19:41:07 INFO  State of operation 21172754 : EXECUTING
19:41:09 INFO  State of operation 21172754 : EXECUTING
19:41:11 INFO  State of operation 21172754 : EXECUTING
19:41:14 INFO  State of operation 21172754 : EXECUTING
19:41:16 INFO  State of operation 21172754 : EXECUTING
19:41:18 INFO  State of operation 21172754 : EXECUTING
19:41:20 INFO  State of operation 21172754 : EXECUTING
19:41:23 INFO  State of operation 21172754 : EXECUTING
19:41:25 INFO  State of operation 21172754 : EXECUTING
19:41:28 INFO  State of operation 21172754 : EXECUTING
19:41:30 INFO  State of operation 21172754 : EXECUTING
19:41:33 INFO  State of operation 21172754 : EXECUTING
19:41:35 INFO  State of operation 21172754 : EXECUTING
19:41:37 INFO  State of operation 21172754 : EXECUTING
19:41:39 INFO  State of operation 21172754 : EXECUTING
19:41:42 INFO  State of operation 21172754 : EXECUTING
19:41:44 INFO  State of operation 21172754 : EXECUTING
19:41:46 INFO  State of operation 21172754 : EXECUTING
19:41:49 INFO  State of operation 21172754 : EXECUTING
19:41:51 INFO  State of operation 21172754 : EXECUTING
19:41:54 INFO  State of operation 21172754 : EXECUTING
19:41:56 INFO  State of operation 21172754 : EXECUTING
19:41:58 INFO  State of operation 21172754 : EXECUTING
19:42:01 INFO  State of operation 21172754 : EXECUTING
19:42:03 INFO  State of operation 21172754 : EXECUTING
19:42:06 INFO  State of operation 21172754 : EXECUTING
19:42:08 INFO  State of operation 21172754 : EXECUTING
19:42:10 INFO  State of operation 21172754 : EXECUTING
19:42:12 INFO  State of operation 21172754 : EXECUTING
19:42:15 INFO  State of operation 21172754 : EXECUTING
19:42:17 INFO  State of operation 21172754 : EXECUTING
19:42:20 INFO  State of operation 21172754 : EXECUTING
19:42:22 WARN  SystemError occurred while running test - Timeout while waiting for status SUCCESSFUL or False
Traceback (most recent call last):
  File &quot;/home/pi/env-pysys/lib/python3.7/site-packages/pysys/baserunner.py&quot;, line 1294, in __call__
    self.testObj.execute()
  File &quot;/home/pi/actions-runner/_work/thin-edge.io/thin-edge.io/tests/PySys/software_management_end_to_end/sm_apt_install_remove_multiple_mixed/run.py&quot;, line 89, in execute
    self.wait_until_succcess()
  File &quot;/home/pi/actions-runner/_work/thin-edge.io/thin-edge.io/tests/PySys/software_management_end_to_end/environment_sm_management.py&quot;, line 324, in wait_until_succcess
    self.wait_until_status(&quot;SUCCESSFUL&quot;)
  File &quot;/home/pi/actions-runner/_work/thin-edge.io/thin-edge.io/tests/PySys/software_management_end_to_end/environment_sm_management.py&quot;, line 381, in wait_until_status
    &quot;Timeout while waiting for status %s or %s&quot; % (status, status2)
SystemError: Timeout while waiting for status SUCCESSFUL or False
19:42:22 WARN  SystemError: Timeout while waiting for status SUCCESSFUL or False ... blocked 
19:42:22 INFO  
19:42:22 INFO  cleanup:
19:42:26 INFO  Executed sudo&lt;tedge_disconnect_c8y&gt;, exit status 0
19:42:27 INFO  Executed systemctl&lt;serv_mapper5&gt;, exit status 3
19:42:27 INFO  
19:42:27 INFO  Test duration: 178.05 secs
19:42:27 INFO  Test final outcome:  BLOCKED
19:42:27 INFO  Test outcome reason: SystemError: Timeout while waiting for status SUCCESSFUL or False (+1 other failures)
19:42:27 INFO  
</system-out>
	</testcase>
</testsuite>
