<?xml version="1.0" encoding="utf-8"?>
<testsuite failures="1" name="SoftwareManagement.sm_apt_install_remove_multiple_mixed" skipped="0" tests="1" time="177.28" timestamp="2022-07-25T13:02:10">
	<testcase classname="PySysTest" name="SoftwareManagement.sm_apt_install_remove_multiple_mixed">
		<failure message="BLOCKED: SystemError: Timeout while waiting for status SUCCESSFUL or False (+1 other failures)" type="BLOCKED"/>
		<system-out>12:59:13 INFO  ==============================================================
12:59:13 INFO  Id:    SoftwareManagement.sm_apt_install_remove_multiple_mixed
12:59:13 INFO  Dir:   software_management_end_to_end/
12:59:13 INFO  Title: Validate end to end behaviour for the apt plugin for multiple packages with mixed versions
12:59:13 INFO  ==============================================================
12:59:13 INFO  Using sw id database: {'asciijump': '5475369', 'robotfindskitten': '5474869', 'squirrel3': '5475279', 'rolldice': '5152439', 'moon-buggy': '5439204', 'apple': '5495053', 'banana': '5494888', 'cherry': '5495382', 'watermelon': '5494510', 'registry': '8018911', 'hello-world': '8021526', 'docker/getting-started': '8021973', 'alpine': '7991792'}
12:59:13 INFO  EnvironmentC8y Setup
12:59:13 INFO  Executed systemctl&lt;serv_mapper1&gt;, exit status 3
12:59:13 INFO  Restarting mosquitto too frequently in the last 10 seconds. It was only up for 5 seconds
12:59:13 INFO  Delaying execution by 6 seconds
12:59:33 INFO  Executed sudo&lt;tedge_connect_c8y&gt;, exit status 0, duration 13 secs
12:59:34 INFO  Executed sudo&lt;tedge_connect_c8y_test&gt;, exit status 0
12:59:34 INFO  Executed systemctl&lt;serv_mosq2&gt;, exit status 0
12:59:35 INFO  Executed systemctl&lt;serv_mapper3&gt;, exit status 0
12:59:37 INFO  State of current operation: SUCCESSFUL
12:59:37 INFO  Assert that (False == value) with value=False ... passed
12:59:37 INFO  Assert that (False == value) with value=False ... passed
12:59:38 INFO  Assert that (False == value) with value=False ... passed
12:59:38 INFO  Assert that (False == value) with value=False ... passed
12:59:38 INFO  Package moon-buggy is installed
12:59:38 WARN  Assert that (False == value) with value=True ... failed 
12:59:39 INFO  Response status: 201
12:59:39 INFO  Response to action: {
    &quot;creationTime&quot;: &quot;2022-07-25T12:59:39.905Z&quot;,
    &quot;deviceId&quot;: &quot;21371117&quot;,
    &quot;deviceName&quot;: &quot;m32sd10c&quot;,
    &quot;self&quot;: &quot;https://t493319102.eu-latest.cumulocity.com/devicecontrol/operations/21385673&quot;,
    &quot;id&quot;: &quot;21385673&quot;,
    &quot;status&quot;: &quot;PENDING&quot;,
    &quot;description&quot;: &quot;Apply software changes, triggered from PySys: [{'action': 'install', 'id': '5475369', 'name': 'asciijump', 'url': ' ', 'version': '::apt'}, {'action': 'install', 'id': '5474869', 'name': 'robotfindskitten', 'url': ' ', 'version': ' '}, {'action': 'install', 'id': '5475279', 'name': 'squirrel3', 'url': ' ', 'version': '3.1-7::apt'}, {'action': 'install', 'id': '5152439', 'name': 'rolldice', 'url': ' ', 'version': '1.16-1+b1'}, {'action': 'install', 'id': '5439204', 'name': 'moon-buggy', 'url': ' ', 'version': '1:1.0.51-12'}, {'action': 'install', 'id': '5475369', 'name': 'asciijump', 'url': ' ', 'version': '::apt'}]&quot;,
    &quot;c8y_SoftwareUpdate&quot;: [
        {
            &quot;name&quot;: &quot;asciijump&quot;,
            &quot;action&quot;: &quot;install&quot;,
            &quot;id&quot;: &quot;5475369&quot;,
            &quot;version&quot;: &quot;::apt&quot;,
            &quot;url&quot;: &quot; &quot;
        },
        {
            &quot;name&quot;: &quot;robotfindskitten&quot;,
            &quot;action&quot;: &quot;install&quot;,
            &quot;id&quot;: &quot;5474869&quot;,
            &quot;version&quot;: &quot; &quot;,
            &quot;url&quot;: &quot; &quot;
        },
        {
            &quot;name&quot;: &quot;squirrel3&quot;,
            &quot;action&quot;: &quot;install&quot;,
            &quot;id&quot;: &quot;5475279&quot;,
            &quot;version&quot;: &quot;3.1-7::apt&quot;,
            &quot;url&quot;: &quot; &quot;
        },
        {
            &quot;name&quot;: &quot;rolldice&quot;,
            &quot;action&quot;: &quot;install&quot;,
            &quot;id&quot;: &quot;5152439&quot;,
            &quot;version&quot;: &quot;1.16-1+b1&quot;,
            &quot;url&quot;: &quot; &quot;
        },
        {
            &quot;name&quot;: &quot;moon-buggy&quot;,
            &quot;action&quot;: &quot;install&quot;,
            &quot;id&quot;: &quot;5439204&quot;,
            &quot;version&quot;: &quot;1:1.0.51-12&quot;,
            &quot;url&quot;: &quot; &quot;
        },
        {
            &quot;name&quot;: &quot;asciijump&quot;,
            &quot;action&quot;: &quot;install&quot;,
            &quot;id&quot;: &quot;5475369&quot;,
            &quot;version&quot;: &quot;::apt&quot;,
            &quot;url&quot;: &quot; &quot;
        }
    ]
}
12:59:39 INFO  Started operation: {'creationTime': '2022-07-25T12:59:39.905Z', 'deviceId': '21371117', 'deviceName': 'm32sd10c', 'self': 'https://t493319102.eu-latest.cumulocity.com/devicecontrol/operations/21385673', 'id': '21385673', 'status': 'PENDING', 'description': &quot;Apply software changes, triggered from PySys: [{'action': 'install', 'id': '5475369', 'name': 'asciijump', 'url': ' ', 'version': '::apt'}, {'action': 'install', 'id': '5474869', 'name': 'robotfindskitten', 'url': ' ', 'version': ' '}, {'action': 'install', 'id': '5475279', 'name': 'squirrel3', 'url': ' ', 'version': '3.1-7::apt'}, {'action': 'install', 'id': '5152439', 'name': 'rolldice', 'url': ' ', 'version': '1.16-1+b1'}, {'action': 'install', 'id': '5439204', 'name': 'moon-buggy', 'url': ' ', 'version': '1:1.0.51-12'}, {'action': 'install', 'id': '5475369', 'name': 'asciijump', 'url': ' ', 'version': '::apt'}]&quot;, 'c8y_SoftwareUpdate': [{'name': 'asciijump', 'action': 'install', 'id': '5475369', 'version': '::apt', 'url': ' '}, {'name': 'robotfindskitten', 'action': 'install', 'id': '5474869', 'version': ' ', 'url': ' '}, {'name': 'squirrel3', 'action': 'install', 'id': '5475279', 'version': '3.1-7::apt', 'url': ' '}, {'name': 'rolldice', 'action': 'install', 'id': '5152439', 'version': '1.16-1+b1', 'url': ' '}, {'name': 'moon-buggy', 'action': 'install', 'id': '5439204', 'version': '1:1.0.51-12', 'url': ' '}, {'name': 'asciijump', 'action': 'install', 'id': '5475369', 'version': '::apt', 'url': ' '}]}
12:59:42 INFO  State of operation 21385673 : PENDING
12:59:44 INFO  State of operation 21385673 : EXECUTING
12:59:46 INFO  State of operation 21385673 : EXECUTING
12:59:48 INFO  State of operation 21385673 : EXECUTING
12:59:51 INFO  State of operation 21385673 : EXECUTING
12:59:53 INFO  State of operation 21385673 : EXECUTING
12:59:56 INFO  State of operation 21385673 : EXECUTING
12:59:58 INFO  State of operation 21385673 : EXECUTING
13:00:01 INFO  State of operation 21385673 : EXECUTING
13:00:03 INFO  State of operation 21385673 : EXECUTING
13:00:05 INFO  State of operation 21385673 : EXECUTING
13:00:07 INFO  State of operation 21385673 : EXECUTING
13:00:10 INFO  State of operation 21385673 : EXECUTING
13:00:12 INFO  State of operation 21385673 : EXECUTING
13:00:14 INFO  State of operation 21385673 : EXECUTING
13:00:16 INFO  State of operation 21385673 : EXECUTING
13:00:19 INFO  State of operation 21385673 : EXECUTING
13:00:21 INFO  State of operation 21385673 : EXECUTING
13:00:24 INFO  State of operation 21385673 : EXECUTING
13:00:26 INFO  State of operation 21385673 : EXECUTING
13:00:28 INFO  State of operation 21385673 : EXECUTING
13:00:31 INFO  State of operation 21385673 : EXECUTING
13:00:33 INFO  State of operation 21385673 : EXECUTING
13:00:36 INFO  State of operation 21385673 : EXECUTING
13:00:38 INFO  State of operation 21385673 : EXECUTING
13:00:40 INFO  State of operation 21385673 : EXECUTING
13:00:43 INFO  State of operation 21385673 : EXECUTING
13:00:45 INFO  State of operation 21385673 : EXECUTING
13:00:48 INFO  State of operation 21385673 : EXECUTING
13:00:50 INFO  State of operation 21385673 : EXECUTING
13:00:52 INFO  State of operation 21385673 : EXECUTING
13:00:55 INFO  State of operation 21385673 : EXECUTING
13:00:57 INFO  State of operation 21385673 : EXECUTING
13:00:59 INFO  State of operation 21385673 : EXECUTING
13:01:01 INFO  State of operation 21385673 : EXECUTING
13:01:03 INFO  State of operation 21385673 : EXECUTING
13:01:06 INFO  State of operation 21385673 : EXECUTING
13:01:08 INFO  State of operation 21385673 : EXECUTING
13:01:11 INFO  State of operation 21385673 : EXECUTING
13:01:13 INFO  State of operation 21385673 : EXECUTING
13:01:16 INFO  State of operation 21385673 : EXECUTING
13:01:18 INFO  State of operation 21385673 : EXECUTING
13:01:20 INFO  State of operation 21385673 : EXECUTING
13:01:23 INFO  State of operation 21385673 : EXECUTING
13:01:25 INFO  State of operation 21385673 : EXECUTING
13:01:27 INFO  State of operation 21385673 : EXECUTING
13:01:29 INFO  State of operation 21385673 : EXECUTING
13:01:32 INFO  State of operation 21385673 : EXECUTING
13:01:34 INFO  State of operation 21385673 : EXECUTING
13:01:37 INFO  State of operation 21385673 : EXECUTING
13:01:39 INFO  State of operation 21385673 : EXECUTING
13:01:41 INFO  State of operation 21385673 : EXECUTING
13:01:44 INFO  State of operation 21385673 : EXECUTING
13:01:46 INFO  State of operation 21385673 : EXECUTING
13:01:48 INFO  State of operation 21385673 : EXECUTING
13:01:50 INFO  State of operation 21385673 : EXECUTING
13:01:53 INFO  State of operation 21385673 : EXECUTING
13:01:55 INFO  State of operation 21385673 : EXECUTING
13:01:57 INFO  State of operation 21385673 : EXECUTING
13:02:00 INFO  State of operation 21385673 : EXECUTING
13:02:02 INFO  State of operation 21385673 : EXECUTING
13:02:04 WARN  SystemError occurred while running test - Timeout while waiting for status SUCCESSFUL or False
Traceback (most recent call last):
  File &quot;/home/pi/env-pysys/lib/python3.7/site-packages/pysys/baserunner.py&quot;, line 1294, in __call__
    self.testObj.execute()
  File &quot;/home/pi/actions-runner/_work/thin-edge.io/thin-edge.io/tests/PySys/software_management_end_to_end/sm_apt_install_remove_multiple_mixed/run.py&quot;, line 89, in execute
    self.wait_until_succcess()
  File &quot;/home/pi/actions-runner/_work/thin-edge.io/thin-edge.io/tests/PySys/software_management_end_to_end/environment_sm_management.py&quot;, line 324, in wait_until_succcess
    self.wait_until_status(&quot;SUCCESSFUL&quot;)
  File &quot;/home/pi/actions-runner/_work/thin-edge.io/thin-edge.io/tests/PySys/software_management_end_to_end/environment_sm_management.py&quot;, line 381, in wait_until_status
    &quot;Timeout while waiting for status %s or %s&quot; % (status, status2)
SystemError: Timeout while waiting for status SUCCESSFUL or False
13:02:04 WARN  SystemError: Timeout while waiting for status SUCCESSFUL or False ... blocked 
13:02:04 INFO  
13:02:04 INFO  cleanup:
13:02:09 INFO  Executed sudo&lt;tedge_disconnect_c8y&gt;, exit status 0
13:02:10 INFO  Executed systemctl&lt;serv_mapper5&gt;, exit status 3
13:02:10 INFO  
13:02:10 INFO  Test duration: 177.28 secs
13:02:10 INFO  Test final outcome:  BLOCKED
13:02:10 INFO  Test outcome reason: SystemError: Timeout while waiting for status SUCCESSFUL or False (+1 other failures)
13:02:10 INFO  
</system-out>
	</testcase>
</testsuite>
