<?xml version="1.0" encoding="utf-8"?>
<testsuite failures="1" name="SoftwareManagement.sm_fake_install_remove" skipped="0" tests="1" time="166.09" timestamp="2022-05-23T18:15:08">
	<testcase classname="PySysTest" name="SoftwareManagement.sm_fake_install_remove">
		<failure message="BLOCKED: SystemError: Timeout while waiting for status FAILED or SUCCESSFUL" type="BLOCKED"/>
		<system-out>18:12:22 INFO  ==============================================================
18:12:22 INFO  Id:    SoftwareManagement.sm_fake_install_remove
18:12:22 INFO  Dir:   software_management_end_to_end/
18:12:22 INFO  Title: Validate end to end behaviour for the dummy plugin for installation and removal of packages
18:12:22 INFO  ==============================================================
18:12:22 INFO  Using sw id database: {'asciijump': '5475369', 'robotfindskitten': '5474869', 'squirrel3': '5475279', 'rolldice': '5152439', 'moon-buggy': '5439204', 'apple': '5495053', 'banana': '5494888', 'cherry': '5495382', 'watermelon': '5494510', 'registry': '8018911', 'hello-world': '8021526', 'docker/getting-started': '8021973', 'alpine': '7991792'}
18:12:22 INFO  EnvironmentC8y Setup
18:12:23 INFO  Executed systemctl&lt;serv_mapper1&gt;, exit status 3
18:12:23 INFO  Restarting mosquitto too frequently in the last 10 seconds. It was only up for 5 seconds
18:12:23 INFO  Delaying execution by 6 seconds
18:12:43 INFO  Executed sudo&lt;tedge_connect_c8y&gt;, exit status 0, duration 14 secs
18:12:44 INFO  Executed sudo&lt;tedge_connect_c8y_test&gt;, exit status 0
18:12:44 INFO  Executed systemctl&lt;serv_mosq2&gt;, exit status 0
18:12:45 INFO  Executed systemctl&lt;serv_mapper3&gt;, exit status 0
18:12:47 INFO  State of current operation: PENDING
18:12:49 INFO  State of current operation: PENDING
18:12:51 INFO  State of current operation: PENDING
18:12:54 INFO  State of current operation: PENDING
18:12:56 INFO  State of current operation: PENDING
18:12:58 INFO  State of current operation: PENDING
18:13:00 INFO  State of current operation: PENDING
18:13:03 INFO  State of current operation: PENDING
18:13:05 INFO  State of current operation: PENDING
18:13:07 INFO  State of current operation: PENDING
18:13:09 INFO  State of current operation: PENDING
18:13:11 INFO  State of current operation: PENDING
18:13:14 INFO  State of current operation: PENDING
18:13:16 INFO  State of current operation: PENDING
18:13:18 INFO  State of current operation: PENDING
18:13:20 INFO  State of current operation: PENDING
18:13:23 INFO  State of current operation: PENDING
18:13:25 INFO  State of current operation: PENDING
18:13:27 INFO  State of current operation: PENDING
18:13:29 INFO  State of current operation: PENDING
18:13:32 INFO  State of current operation: PENDING
18:13:34 INFO  State of current operation: PENDING
18:13:36 INFO  State of current operation: PENDING
18:13:38 INFO  State of current operation: PENDING
18:13:40 INFO  State of current operation: PENDING
18:13:43 INFO  State of current operation: PENDING
18:13:45 INFO  State of current operation: PENDING
18:13:47 INFO  State of current operation: PENDING
18:13:49 INFO  State of current operation: PENDING
18:13:52 INFO  State of current operation: PENDING
18:13:54 INFO  State of current operation: PENDING
18:13:56 INFO  State of current operation: PENDING
18:13:58 INFO  State of current operation: PENDING
18:14:01 INFO  State of current operation: PENDING
18:14:03 INFO  State of current operation: PENDING
18:14:05 INFO  State of current operation: PENDING
18:14:08 INFO  State of current operation: PENDING
18:14:10 INFO  State of current operation: PENDING
18:14:12 INFO  State of current operation: PENDING
18:14:14 INFO  State of current operation: PENDING
18:14:16 INFO  State of current operation: PENDING
18:14:19 INFO  State of current operation: PENDING
18:14:21 INFO  State of current operation: PENDING
18:14:23 INFO  State of current operation: PENDING
18:14:25 INFO  State of current operation: PENDING
18:14:28 INFO  State of current operation: PENDING
18:14:30 INFO  State of current operation: PENDING
18:14:32 INFO  State of current operation: PENDING
18:14:34 INFO  State of current operation: PENDING
18:14:37 INFO  State of current operation: PENDING
18:14:39 INFO  State of current operation: PENDING
18:14:41 INFO  State of current operation: PENDING
18:14:43 INFO  State of current operation: PENDING
18:14:46 INFO  State of current operation: PENDING
18:14:48 INFO  State of current operation: PENDING
18:14:50 INFO  State of current operation: PENDING
18:14:52 INFO  State of current operation: PENDING
18:14:54 INFO  State of current operation: PENDING
18:14:57 INFO  State of current operation: PENDING
18:14:59 INFO  State of current operation: PENDING
18:15:01 INFO  State of current operation: PENDING
18:15:03 WARN  SystemError occurred while running test - Timeout while waiting for status FAILED or SUCCESSFUL
Traceback (most recent call last):
  File &quot;/home/pi/env-pysys/lib/python3.7/site-packages/pysys/baserunner.py&quot;, line 1292, in __call__
    self.testObj.setup()
  File &quot;/home/pi/actions-runner/_work/thin-edge.io/thin-edge.io/tests/PySys/software_management_end_to_end/sm_fake_install_remove/run.py&quot;, line 38, in setup
    super().setup()
  File &quot;/home/pi/actions-runner/_work/thin-edge.io/thin-edge.io/tests/PySys/software_management_end_to_end/environment_sm_management.py&quot;, line 151, in setup
    self.wait_until_end()
  File &quot;/home/pi/actions-runner/_work/thin-edge.io/thin-edge.io/tests/PySys/software_management_end_to_end/environment_sm_management.py&quot;, line 332, in wait_until_end
    self.wait_until_status(&quot;FAILED&quot;, &quot;SUCCESSFUL&quot;)
  File &quot;/home/pi/actions-runner/_work/thin-edge.io/thin-edge.io/tests/PySys/software_management_end_to_end/environment_sm_management.py&quot;, line 381, in wait_until_status
    &quot;Timeout while waiting for status %s or %s&quot; % (status, status2)
SystemError: Timeout while waiting for status FAILED or SUCCESSFUL
18:15:03 WARN  SystemError: Timeout while waiting for status FAILED or SUCCESSFUL ... blocked 
18:15:03 INFO  
18:15:03 INFO  cleanup:
18:15:07 INFO  Executed sudo&lt;tedge_disconnect_c8y&gt;, exit status 0
18:15:08 INFO  Executed systemctl&lt;serv_mapper5&gt;, exit status 3
18:15:08 INFO  
18:15:08 INFO  Test duration: 166.09 secs
18:15:08 INFO  Test final outcome:  BLOCKED
18:15:08 INFO  Test outcome reason: SystemError: Timeout while waiting for status FAILED or SUCCESSFUL
18:15:08 INFO  
</system-out>
	</testcase>
</testsuite>
