<?xml version="1.0" encoding="utf-8"?>
<testsuite failures="1" name="SoftwareManagement.sm_apt_install_download_path" skipped="0" tests="1" time="188.42" timestamp="2022-05-24T11:49:33">
	<testcase classname="AptInstallWithDownloadPath" name="SoftwareManagement.sm_apt_install_download_path">
		<failure message="BLOCKED: SystemError: Timeout while waiting for status FAILED or SUCCESSFUL" type="BLOCKED"/>
		<system-out>11:46:25 INFO  ==============================================================
11:46:25 INFO  Id:    SoftwareManagement.sm_apt_install_download_path
11:46:25 INFO  Dir:   software_management_end_to_end/
11:46:25 INFO  Title: Install package to directory specified in tedge config set tmp.path
11:46:25 INFO  ==============================================================
11:46:26 INFO  Using sw id database: {'asciijump': '5475369', 'robotfindskitten': '5474869', 'squirrel3': '5475279', 'rolldice': '5152439', 'moon-buggy': '5439204', 'apple': '5495053', 'banana': '5494888', 'cherry': '5495382', 'watermelon': '5494510', 'registry': '8018911', 'hello-world': '8021526', 'docker/getting-started': '8021973', 'alpine': '7991792'}
11:46:26 INFO  EnvironmentC8y Setup
11:46:27 INFO  Executed systemctl&lt;serv_mapper1&gt;, exit status 3
11:46:41 INFO  Executed sudo&lt;tedge_connect_c8y&gt;, exit status 0, duration 13 secs
11:46:41 INFO  Executed sudo&lt;tedge_connect_c8y_test&gt;, exit status 0
11:46:42 INFO  Executed systemctl&lt;serv_mosq2&gt;, exit status 0
11:46:42 INFO  Executed systemctl&lt;serv_mapper3&gt;, exit status 0
11:46:45 INFO  State of current operation: PENDING
11:46:47 INFO  State of current operation: PENDING
11:46:49 INFO  State of current operation: PENDING
11:46:52 INFO  State of current operation: PENDING
11:46:54 INFO  State of current operation: PENDING
11:46:56 INFO  State of current operation: PENDING
11:46:58 INFO  State of current operation: PENDING
11:47:01 INFO  State of current operation: PENDING
11:47:03 INFO  State of current operation: PENDING
11:47:05 INFO  State of current operation: PENDING
11:47:07 INFO  State of current operation: PENDING
11:47:09 INFO  State of current operation: PENDING
11:47:12 INFO  State of current operation: PENDING
11:47:14 INFO  State of current operation: PENDING
11:47:16 INFO  State of current operation: PENDING
11:47:18 INFO  State of current operation: PENDING
11:47:21 INFO  State of current operation: PENDING
11:47:23 INFO  State of current operation: PENDING
11:47:25 INFO  State of current operation: PENDING
11:47:27 INFO  State of current operation: PENDING
11:47:31 INFO  State of current operation: PENDING
11:47:33 INFO  State of current operation: PENDING
11:47:35 INFO  State of current operation: PENDING
11:47:37 INFO  State of current operation: PENDING
11:47:40 INFO  State of current operation: PENDING
11:47:42 INFO  State of current operation: PENDING
11:47:44 INFO  State of current operation: PENDING
11:47:46 INFO  State of current operation: PENDING
11:47:48 INFO  State of current operation: PENDING
11:47:51 INFO  State of current operation: PENDING
11:47:53 INFO  State of current operation: PENDING
11:47:55 INFO  State of current operation: PENDING
11:47:57 INFO  State of current operation: PENDING
11:48:00 INFO  State of current operation: PENDING
11:48:02 INFO  State of current operation: PENDING
11:48:04 INFO  State of current operation: PENDING
11:48:06 INFO  State of current operation: PENDING
11:48:09 INFO  State of current operation: PENDING
11:48:11 INFO  State of current operation: PENDING
11:48:13 INFO  State of current operation: PENDING
11:48:15 INFO  State of current operation: PENDING
11:48:18 INFO  State of current operation: PENDING
11:48:20 INFO  State of current operation: PENDING
11:48:22 INFO  State of current operation: PENDING
11:48:24 INFO  State of current operation: PENDING
11:48:27 INFO  State of current operation: PENDING
11:48:29 INFO  State of current operation: PENDING
11:48:31 INFO  State of current operation: PENDING
11:48:33 INFO  State of current operation: PENDING
11:48:36 INFO  State of current operation: PENDING
11:48:38 INFO  State of current operation: PENDING
11:48:40 INFO  State of current operation: PENDING
11:48:42 INFO  State of current operation: PENDING
11:48:44 INFO  State of current operation: PENDING
11:48:47 INFO  State of current operation: PENDING
11:48:49 INFO  State of current operation: PENDING
11:48:51 INFO  State of current operation: PENDING
11:48:53 INFO  State of current operation: PENDING
11:48:56 INFO  State of current operation: PENDING
11:48:58 INFO  State of current operation: PENDING
11:49:00 INFO  State of current operation: PENDING
11:49:02 WARN  SystemError occurred while running test - Timeout while waiting for status FAILED or SUCCESSFUL
Traceback (most recent call last):
  File &quot;/home/pi/env-pysys/lib/python3.7/site-packages/pysys/baserunner.py&quot;, line 1292, in __call__
    self.testObj.setup()
  File &quot;/home/pi/actions-runner/_work/thin-edge.io/thin-edge.io/tests/PySys/software_management_end_to_end/sm_apt_install_download_path/run.py&quot;, line 48, in setup
    super().setup()
  File &quot;/home/pi/actions-runner/_work/thin-edge.io/thin-edge.io/tests/PySys/software_management_end_to_end/environment_sm_management.py&quot;, line 151, in setup
    self.wait_until_end()
  File &quot;/home/pi/actions-runner/_work/thin-edge.io/thin-edge.io/tests/PySys/software_management_end_to_end/environment_sm_management.py&quot;, line 332, in wait_until_end
    self.wait_until_status(&quot;FAILED&quot;, &quot;SUCCESSFUL&quot;)
  File &quot;/home/pi/actions-runner/_work/thin-edge.io/thin-edge.io/tests/PySys/software_management_end_to_end/environment_sm_management.py&quot;, line 381, in wait_until_status
    &quot;Timeout while waiting for status %s or %s&quot; % (status, status2)
SystemError: Timeout while waiting for status FAILED or SUCCESSFUL
11:49:02 WARN  SystemError: Timeout while waiting for status FAILED or SUCCESSFUL ... blocked 
11:49:02 INFO  
11:49:02 INFO  cleanup:
11:49:03 INFO  Executed sudo, exit status 0
11:49:03 INFO  Executed sudo, exit status 0
11:49:07 INFO  Executed sudo&lt;tedge_disconnect_c8y&gt;, exit status 0
11:49:07 INFO  Restarting mosquitto too frequently in the last 10 seconds. It was only up for 4 seconds
11:49:07 INFO  Delaying execution by 7 seconds
11:49:29 INFO  Executed sudo&lt;tedge_connect_c8y&gt;, exit status 0, duration 14 secs
11:49:33 INFO  Executed sudo&lt;tedge_disconnect_c8y&gt;, exit status 0
11:49:33 INFO  Executed systemctl&lt;serv_mapper5&gt;, exit status 3
11:49:33 INFO  
11:49:33 INFO  Test duration: 188.42 secs
11:49:33 INFO  Test final outcome:  BLOCKED
11:49:33 INFO  Test outcome reason: SystemError: Timeout while waiting for status FAILED or SUCCESSFUL
11:49:33 INFO  
</system-out>
	</testcase>
</testsuite>
