<?xml version="1.0" encoding="utf-8"?>
<testsuite failures="1" name="SoftwareManagement.sm_apt_install_remove" skipped="0" tests="1" time="166.07" timestamp="2022-05-25T13:53:37">
	<testcase classname="PySysTest" name="SoftwareManagement.sm_apt_install_remove">
		<failure message="BLOCKED: SystemError: Timeout while waiting for status FAILED or SUCCESSFUL" type="BLOCKED"/>
		<system-out>13:50:50 INFO  ==============================================================
13:50:50 INFO  Id:    SoftwareManagement.sm_apt_install_remove
13:50:50 INFO  Dir:   software_management_end_to_end/
13:50:50 INFO  Title: Validate end to end behaviour for the apt plugin for installation and removal of packages
13:50:50 INFO  ==============================================================
13:50:50 INFO  Using sw id database: {'asciijump': '5475369', 'robotfindskitten': '5474869', 'squirrel3': '5475279', 'rolldice': '5152439', 'moon-buggy': '5439204', 'apple': '5495053', 'banana': '5494888', 'cherry': '5495382', 'watermelon': '5494510', 'registry': '8018911', 'hello-world': '8021526', 'docker/getting-started': '8021973', 'alpine': '7991792'}
13:50:50 INFO  EnvironmentC8y Setup
13:50:51 INFO  Executed systemctl&lt;serv_mapper1&gt;, exit status 3
13:50:51 INFO  Restarting mosquitto too frequently in the last 10 seconds. It was only up for 4 seconds
13:50:51 INFO  Delaying execution by 7 seconds
13:51:12 INFO  Executed sudo&lt;tedge_connect_c8y&gt;, exit status 0, duration 13 secs
13:51:13 INFO  Executed sudo&lt;tedge_connect_c8y_test&gt;, exit status 0
13:51:13 INFO  Executed systemctl&lt;serv_mosq2&gt;, exit status 0
13:51:14 INFO  Executed systemctl&lt;serv_mapper3&gt;, exit status 0
13:51:16 INFO  State of current operation: PENDING
13:51:18 INFO  State of current operation: PENDING
13:51:20 INFO  State of current operation: PENDING
13:51:23 INFO  State of current operation: PENDING
13:51:25 INFO  State of current operation: PENDING
13:51:27 INFO  State of current operation: PENDING
13:51:29 INFO  State of current operation: PENDING
13:51:31 INFO  State of current operation: PENDING
13:51:34 INFO  State of current operation: PENDING
13:51:36 INFO  State of current operation: PENDING
13:51:38 INFO  State of current operation: PENDING
13:51:40 INFO  State of current operation: PENDING
13:51:43 INFO  State of current operation: PENDING
13:51:45 INFO  State of current operation: PENDING
13:51:47 INFO  State of current operation: PENDING
13:51:49 INFO  State of current operation: PENDING
13:51:52 INFO  State of current operation: PENDING
13:51:54 INFO  State of current operation: PENDING
13:51:56 INFO  State of current operation: PENDING
13:51:58 INFO  State of current operation: PENDING
13:52:00 INFO  State of current operation: PENDING
13:52:03 INFO  State of current operation: PENDING
13:52:05 INFO  State of current operation: PENDING
13:52:07 INFO  State of current operation: PENDING
13:52:09 INFO  State of current operation: PENDING
13:52:12 INFO  State of current operation: PENDING
13:52:14 INFO  State of current operation: PENDING
13:52:16 INFO  State of current operation: PENDING
13:52:18 INFO  State of current operation: PENDING
13:52:21 INFO  State of current operation: PENDING
13:52:23 INFO  State of current operation: PENDING
13:52:25 INFO  State of current operation: PENDING
13:52:27 INFO  State of current operation: PENDING
13:52:30 INFO  State of current operation: PENDING
13:52:32 INFO  State of current operation: PENDING
13:52:34 INFO  State of current operation: PENDING
13:52:36 INFO  State of current operation: PENDING
13:52:39 INFO  State of current operation: PENDING
13:52:41 INFO  State of current operation: PENDING
13:52:43 INFO  State of current operation: PENDING
13:52:45 INFO  State of current operation: PENDING
13:52:48 INFO  State of current operation: PENDING
13:52:50 INFO  State of current operation: PENDING
13:52:52 INFO  State of current operation: PENDING
13:52:54 INFO  State of current operation: PENDING
13:52:56 INFO  State of current operation: PENDING
13:52:59 INFO  State of current operation: PENDING
13:53:01 INFO  State of current operation: PENDING
13:53:03 INFO  State of current operation: PENDING
13:53:05 INFO  State of current operation: PENDING
13:53:08 INFO  State of current operation: PENDING
13:53:10 INFO  State of current operation: PENDING
13:53:12 INFO  State of current operation: PENDING
13:53:14 INFO  State of current operation: PENDING
13:53:16 INFO  State of current operation: PENDING
13:53:19 INFO  State of current operation: PENDING
13:53:21 INFO  State of current operation: PENDING
13:53:23 INFO  State of current operation: PENDING
13:53:25 INFO  State of current operation: PENDING
13:53:28 INFO  State of current operation: PENDING
13:53:30 INFO  State of current operation: PENDING
13:53:32 WARN  SystemError occurred while running test - Timeout while waiting for status FAILED or SUCCESSFUL
Traceback (most recent call last):
  File &quot;/home/pi/env-pysys/lib/python3.7/site-packages/pysys/baserunner.py&quot;, line 1292, in __call__
    self.testObj.setup()
  File &quot;/home/pi/actions-runner/_work/thin-edge.io/thin-edge.io/tests/PySys/software_management_end_to_end/sm_apt_install_remove/run.py&quot;, line 27, in setup
    super().setup()
  File &quot;/home/pi/actions-runner/_work/thin-edge.io/thin-edge.io/tests/PySys/software_management_end_to_end/environment_sm_management.py&quot;, line 151, in setup
    self.wait_until_end()
  File &quot;/home/pi/actions-runner/_work/thin-edge.io/thin-edge.io/tests/PySys/software_management_end_to_end/environment_sm_management.py&quot;, line 332, in wait_until_end
    self.wait_until_status(&quot;FAILED&quot;, &quot;SUCCESSFUL&quot;)
  File &quot;/home/pi/actions-runner/_work/thin-edge.io/thin-edge.io/tests/PySys/software_management_end_to_end/environment_sm_management.py&quot;, line 381, in wait_until_status
    &quot;Timeout while waiting for status %s or %s&quot; % (status, status2)
SystemError: Timeout while waiting for status FAILED or SUCCESSFUL
13:53:32 WARN  SystemError: Timeout while waiting for status FAILED or SUCCESSFUL ... blocked 
13:53:32 INFO  
13:53:32 INFO  cleanup:
13:53:36 INFO  Executed sudo&lt;tedge_disconnect_c8y&gt;, exit status 0
13:53:37 INFO  Executed systemctl&lt;serv_mapper5&gt;, exit status 3
13:53:37 INFO  
13:53:37 INFO  Test duration: 166.07 secs
13:53:37 INFO  Test final outcome:  BLOCKED
13:53:37 INFO  Test outcome reason: SystemError: Timeout while waiting for status FAILED or SUCCESSFUL
13:53:37 INFO  
</system-out>
	</testcase>
</testsuite>
