<?xml version="1.0" encoding="utf-8"?>
<testsuite failures="1" name="SoftwareManagement.sm_apt_install_remove_multiple" skipped="0" tests="1" time="138.77" timestamp="2022-07-25T14:43:16">
	<testcase classname="PySysTest" name="SoftwareManagement.sm_apt_install_remove_multiple">
		<failure message="FAILED: Assert that (False == value) with value=True (+2 other failures)" type="FAILED"/>
		<system-out>14:40:57 INFO  ==============================================================
14:40:57 INFO  Id:    SoftwareManagement.sm_apt_install_remove_multiple
14:40:57 INFO  Dir:   software_management_end_to_end/
14:40:57 INFO  Title: Validate end to end behaviour for the apt plugin for multiple packages
14:40:57 INFO  ==============================================================
14:40:57 INFO  Using sw id database: {'asciijump': '5475369', 'robotfindskitten': '5474869', 'squirrel3': '5475279', 'rolldice': '5152439', 'moon-buggy': '5439204', 'apple': '5495053', 'banana': '5494888', 'cherry': '5495382', 'watermelon': '5494510', 'registry': '8018911', 'hello-world': '8021526', 'docker/getting-started': '8021973', 'alpine': '7991792'}
14:40:57 INFO  EnvironmentC8y Setup
14:40:57 INFO  Executed systemctl&lt;serv_mapper1&gt;, exit status 3
14:40:57 INFO  Restarting mosquitto too frequently in the last 10 seconds. It was only up for 4 seconds
14:40:58 INFO  Delaying execution by 7 seconds
14:41:18 INFO  Executed sudo&lt;tedge_connect_c8y&gt;, exit status 0, duration 13 secs
14:41:19 INFO  Executed sudo&lt;tedge_connect_c8y_test&gt;, exit status 0
14:41:20 INFO  Executed systemctl&lt;serv_mosq2&gt;, exit status 0
14:41:20 INFO  Executed systemctl&lt;serv_mapper3&gt;, exit status 0
14:41:22 INFO  State of current operation: SUCCESSFUL
14:41:23 INFO  Assert that (False == value) with value=False ... passed
14:41:23 INFO  Package asciijump is installed
14:41:23 WARN  Assert that (False == value) with value=True ... failed 
14:41:23 INFO  Package squirrel3 is installed
14:41:23 WARN  Assert that (False == value) with value=True ... failed 
14:41:24 INFO  Package robotfindskitten is installed
14:41:24 WARN  Assert that (False == value) with value=True ... failed 
14:41:24 INFO  Response status: 201
14:41:24 INFO  Response to action: {
    &quot;creationTime&quot;: &quot;2022-07-25T14:41:24.355Z&quot;,
    &quot;deviceId&quot;: &quot;21389727&quot;,
    &quot;deviceName&quot;: &quot;m32sd10c&quot;,
    &quot;self&quot;: &quot;https://t493319102.eu-latest.cumulocity.com/devicecontrol/operations/21402572&quot;,
    &quot;id&quot;: &quot;21402572&quot;,
    &quot;status&quot;: &quot;PENDING&quot;,
    &quot;description&quot;: &quot;Apply software changes, triggered from PySys: [{'action': 'install', 'id': '5475369', 'name': 'asciijump', 'url': ' ', 'version': '::apt'}, {'action': 'install', 'id': '5474869', 'name': 'robotfindskitten', 'url': ' ', 'version': '::apt'}, {'action': 'install', 'id': '5475279', 'name': 'squirrel3', 'url': ' ', 'version': '::apt'}]&quot;,
    &quot;c8y_SoftwareUpdate&quot;: [
        {
            &quot;name&quot;: &quot;asciijump&quot;,
            &quot;action&quot;: &quot;install&quot;,
            &quot;id&quot;: &quot;5475369&quot;,
            &quot;version&quot;: &quot;::apt&quot;,
            &quot;url&quot;: &quot; &quot;
        },
        {
            &quot;name&quot;: &quot;robotfindskitten&quot;,
            &quot;action&quot;: &quot;install&quot;,
            &quot;id&quot;: &quot;5474869&quot;,
            &quot;version&quot;: &quot;::apt&quot;,
            &quot;url&quot;: &quot; &quot;
        },
        {
            &quot;name&quot;: &quot;squirrel3&quot;,
            &quot;action&quot;: &quot;install&quot;,
            &quot;id&quot;: &quot;5475279&quot;,
            &quot;version&quot;: &quot;::apt&quot;,
            &quot;url&quot;: &quot; &quot;
        }
    ]
}
14:41:24 INFO  Started operation: {'creationTime': '2022-07-25T14:41:24.355Z', 'deviceId': '21389727', 'deviceName': 'm32sd10c', 'self': 'https://t493319102.eu-latest.cumulocity.com/devicecontrol/operations/21402572', 'id': '21402572', 'status': 'PENDING', 'description': &quot;Apply software changes, triggered from PySys: [{'action': 'install', 'id': '5475369', 'name': 'asciijump', 'url': ' ', 'version': '::apt'}, {'action': 'install', 'id': '5474869', 'name': 'robotfindskitten', 'url': ' ', 'version': '::apt'}, {'action': 'install', 'id': '5475279', 'name': 'squirrel3', 'url': ' ', 'version': '::apt'}]&quot;, 'c8y_SoftwareUpdate': [{'name': 'asciijump', 'action': 'install', 'id': '5475369', 'version': '::apt', 'url': ' '}, {'name': 'robotfindskitten', 'action': 'install', 'id': '5474869', 'version': '::apt', 'url': ' '}, {'name': 'squirrel3', 'action': 'install', 'id': '5475279', 'version': '::apt', 'url': ' '}]}
14:41:26 INFO  State of operation 21402572 : PENDING
14:41:28 INFO  State of operation 21402572 : EXECUTING
14:41:31 INFO  State of operation 21402572 : EXECUTING
14:41:33 INFO  State of operation 21402572 : EXECUTING
14:41:35 INFO  State of operation 21402572 : EXECUTING
14:41:37 INFO  State of operation 21402572 : EXECUTING
14:41:40 INFO  State of operation 21402572 : EXECUTING
14:41:43 INFO  State of operation 21402572 : EXECUTING
14:41:46 INFO  State of operation 21402572 : EXECUTING
14:41:48 INFO  State of operation 21402572 : EXECUTING
14:41:50 INFO  State of operation 21402572 : EXECUTING
14:41:52 INFO  State of operation 21402572 : EXECUTING
14:41:55 INFO  State of operation 21402572 : EXECUTING
14:41:57 INFO  State of operation 21402572 : EXECUTING
14:41:59 INFO  State of operation 21402572 : EXECUTING
14:42:01 INFO  State of operation 21402572 : SUCCESSFUL
14:42:02 INFO  Assert that (False == value) with value=False ... passed
14:42:02 INFO  Package asciijump is installed
14:42:02 INFO  Assert that (True == value) with value=True ... passed
14:42:02 INFO  Package squirrel3 is installed
14:42:02 INFO  Assert that (True == value) with value=True ... passed
14:42:02 INFO  Package robotfindskitten is installed
14:42:02 INFO  Assert that (True == value) with value=True ... passed
14:42:02 INFO  Response status: 201
14:42:02 INFO  Response to action: {
    &quot;creationTime&quot;: &quot;2022-07-25T14:42:02.878Z&quot;,
    &quot;deviceId&quot;: &quot;21389727&quot;,
    &quot;deviceName&quot;: &quot;m32sd10c&quot;,
    &quot;self&quot;: &quot;https://t493319102.eu-latest.cumulocity.com/devicecontrol/operations/21402583&quot;,
    &quot;id&quot;: &quot;21402583&quot;,
    &quot;status&quot;: &quot;PENDING&quot;,
    &quot;description&quot;: &quot;Apply software changes, triggered from PySys: [{'action': 'delete', 'id': '5475369', 'name': 'asciijump', 'url': ' ', 'version': '::apt'}, {'action': 'delete', 'id': '5474869', 'name': 'robotfindskitten', 'url': ' ', 'version': '::apt'}, {'action': 'delete', 'id': '5475279', 'name': 'squirrel3', 'url': ' ', 'version': '::apt'}]&quot;,
    &quot;c8y_SoftwareUpdate&quot;: [
        {
            &quot;name&quot;: &quot;asciijump&quot;,
            &quot;action&quot;: &quot;delete&quot;,
            &quot;id&quot;: &quot;5475369&quot;,
            &quot;version&quot;: &quot;::apt&quot;,
            &quot;url&quot;: &quot; &quot;
        },
        {
            &quot;name&quot;: &quot;robotfindskitten&quot;,
            &quot;action&quot;: &quot;delete&quot;,
            &quot;id&quot;: &quot;5474869&quot;,
            &quot;version&quot;: &quot;::apt&quot;,
            &quot;url&quot;: &quot; &quot;
        },
        {
            &quot;name&quot;: &quot;squirrel3&quot;,
            &quot;action&quot;: &quot;delete&quot;,
            &quot;id&quot;: &quot;5475279&quot;,
            &quot;version&quot;: &quot;::apt&quot;,
            &quot;url&quot;: &quot; &quot;
        }
    ]
}
14:42:02 INFO  Started operation: {'creationTime': '2022-07-25T14:42:02.878Z', 'deviceId': '21389727', 'deviceName': 'm32sd10c', 'self': 'https://t493319102.eu-latest.cumulocity.com/devicecontrol/operations/21402583', 'id': '21402583', 'status': 'PENDING', 'description': &quot;Apply software changes, triggered from PySys: [{'action': 'delete', 'id': '5475369', 'name': 'asciijump', 'url': ' ', 'version': '::apt'}, {'action': 'delete', 'id': '5474869', 'name': 'robotfindskitten', 'url': ' ', 'version': '::apt'}, {'action': 'delete', 'id': '5475279', 'name': 'squirrel3', 'url': ' ', 'version': '::apt'}]&quot;, 'c8y_SoftwareUpdate': [{'name': 'asciijump', 'action': 'delete', 'id': '5475369', 'version': '::apt', 'url': ' '}, {'name': 'robotfindskitten', 'action': 'delete', 'id': '5474869', 'version': '::apt', 'url': ' '}, {'name': 'squirrel3', 'action': 'delete', 'id': '5475279', 'version': '::apt', 'url': ' '}]}
14:42:05 INFO  State of operation 21402583 : PENDING
14:42:07 INFO  State of operation 21402583 : EXECUTING
14:42:09 INFO  State of operation 21402583 : EXECUTING
14:42:11 INFO  State of operation 21402583 : EXECUTING
14:42:14 INFO  State of operation 21402583 : EXECUTING
14:42:16 INFO  State of operation 21402583 : EXECUTING
14:42:18 INFO  State of operation 21402583 : EXECUTING
14:42:21 INFO  State of operation 21402583 : EXECUTING
14:42:24 INFO  State of operation 21402583 : EXECUTING
14:42:26 INFO  State of operation 21402583 : EXECUTING
14:42:28 INFO  State of operation 21402583 : EXECUTING
14:42:31 INFO  State of operation 21402583 : EXECUTING
14:42:33 INFO  State of operation 21402583 : EXECUTING
14:42:35 INFO  State of operation 21402583 : EXECUTING
14:42:37 INFO  State of operation 21402583 : EXECUTING
14:42:39 INFO  State of operation 21402583 : EXECUTING
14:42:42 INFO  State of operation 21402583 : EXECUTING
14:42:44 INFO  State of operation 21402583 : EXECUTING
14:42:47 INFO  State of operation 21402583 : EXECUTING
14:42:49 INFO  State of operation 21402583 : EXECUTING
14:42:52 INFO  State of operation 21402583 : EXECUTING
14:42:54 INFO  State of operation 21402583 : EXECUTING
14:42:56 INFO  State of operation 21402583 : EXECUTING
14:42:58 INFO  State of operation 21402583 : EXECUTING
14:43:01 INFO  State of operation 21402583 : EXECUTING
14:43:03 INFO  State of operation 21402583 : EXECUTING
14:43:06 INFO  State of operation 21402583 : EXECUTING
14:43:08 INFO  State of operation 21402583 : EXECUTING
14:43:10 INFO  State of operation 21402583 : SUCCESSFUL
14:43:10 INFO  Assert that (False == value) with value=False ... passed
14:43:11 INFO  Assert that (False == value) with value=False ... passed
14:43:11 INFO  Assert that (False == value) with value=False ... passed
14:43:11 INFO  Assert that (False == value) with value=False ... passed
14:43:11 INFO  
14:43:11 INFO  cleanup:
14:43:15 INFO  Executed sudo&lt;tedge_disconnect_c8y&gt;, exit status 0
14:43:16 INFO  Executed systemctl&lt;serv_mapper5&gt;, exit status 3
14:43:16 INFO  
14:43:16 INFO  Test duration: 138.77 secs
14:43:16 INFO  Test final outcome:  FAILED
14:43:16 INFO  Test outcome reason: Assert that (False == value) with value=True (+2 other failures)
14:43:16 INFO  
</system-out>
	</testcase>
</testsuite>
