<?xml version="1.0" encoding="utf-8"?>
<testsuite failures="1" name="SoftwareManagement.sm_docker_install_remove_multiple" skipped="0" tests="1" time="165.86" timestamp="2022-05-23T09:52:49">
	<testcase classname="SMDockerInstallRemove" name="SoftwareManagement.sm_docker_install_remove_multiple">
		<failure message="BLOCKED: SystemError: Timeout while waiting for status FAILED or SUCCESSFUL" type="BLOCKED"/>
		<system-out>09:50:03 INFO  ==============================================================
09:50:03 INFO  Id:    SoftwareManagement.sm_docker_install_remove_multiple
09:50:03 INFO  Dir:   software_management_end_to_end/
09:50:03 INFO  Title: Validate end to end behaviour for the docker plugin for multiple docker images with mixed versions
09:50:03 INFO  ==============================================================
09:50:03 INFO  Using sw id database: {'asciijump': '5475369', 'robotfindskitten': '5474869', 'squirrel3': '5475279', 'rolldice': '5152439', 'moon-buggy': '5439204', 'apple': '5495053', 'banana': '5494888', 'cherry': '5495382', 'watermelon': '5494510', 'registry': '8018911', 'hello-world': '8021526', 'docker/getting-started': '8021973', 'alpine': '7991792'}
09:50:03 INFO  EnvironmentC8y Setup
09:50:04 INFO  Executed systemctl&lt;serv_mapper1&gt;, exit status 3
09:50:04 INFO  Restarting mosquitto too frequently in the last 10 seconds. It was only up for 4 seconds
09:50:04 INFO  Delaying execution by 7 seconds
09:50:25 INFO  Executed sudo&lt;tedge_connect_c8y&gt;, exit status 0, duration 13 secs
09:50:25 INFO  Executed sudo&lt;tedge_connect_c8y_test&gt;, exit status 0
09:50:26 INFO  Executed systemctl&lt;serv_mosq2&gt;, exit status 0
09:50:26 INFO  Executed systemctl&lt;serv_mapper3&gt;, exit status 0
09:50:28 INFO  State of current operation: PENDING
09:50:31 INFO  State of current operation: PENDING
09:50:33 INFO  State of current operation: PENDING
09:50:35 INFO  State of current operation: PENDING
09:50:37 INFO  State of current operation: PENDING
09:50:40 INFO  State of current operation: PENDING
09:50:42 INFO  State of current operation: PENDING
09:50:44 INFO  State of current operation: PENDING
09:50:46 INFO  State of current operation: PENDING
09:50:48 INFO  State of current operation: PENDING
09:50:51 INFO  State of current operation: PENDING
09:50:53 INFO  State of current operation: PENDING
09:50:55 INFO  State of current operation: PENDING
09:50:57 INFO  State of current operation: PENDING
09:51:00 INFO  State of current operation: PENDING
09:51:02 INFO  State of current operation: PENDING
09:51:04 INFO  State of current operation: PENDING
09:51:06 INFO  State of current operation: PENDING
09:51:09 INFO  State of current operation: PENDING
09:51:11 INFO  State of current operation: PENDING
09:51:13 INFO  State of current operation: PENDING
09:51:15 INFO  State of current operation: PENDING
09:51:18 INFO  State of current operation: PENDING
09:51:20 INFO  State of current operation: PENDING
09:51:22 INFO  State of current operation: PENDING
09:51:24 INFO  State of current operation: PENDING
09:51:26 INFO  State of current operation: PENDING
09:51:29 INFO  State of current operation: PENDING
09:51:31 INFO  State of current operation: PENDING
09:51:33 INFO  State of current operation: PENDING
09:51:35 INFO  State of current operation: PENDING
09:51:38 INFO  State of current operation: PENDING
09:51:40 INFO  State of current operation: PENDING
09:51:42 INFO  State of current operation: PENDING
09:51:44 INFO  State of current operation: PENDING
09:51:47 INFO  State of current operation: PENDING
09:51:49 INFO  State of current operation: PENDING
09:51:51 INFO  State of current operation: PENDING
09:51:53 INFO  State of current operation: PENDING
09:51:56 INFO  State of current operation: PENDING
09:51:58 INFO  State of current operation: PENDING
09:52:00 INFO  State of current operation: PENDING
09:52:02 INFO  State of current operation: PENDING
09:52:04 INFO  State of current operation: PENDING
09:52:07 INFO  State of current operation: PENDING
09:52:09 INFO  State of current operation: PENDING
09:52:11 INFO  State of current operation: PENDING
09:52:13 INFO  State of current operation: PENDING
09:52:16 INFO  State of current operation: PENDING
09:52:18 INFO  State of current operation: PENDING
09:52:20 INFO  State of current operation: PENDING
09:52:22 INFO  State of current operation: PENDING
09:52:25 INFO  State of current operation: PENDING
09:52:27 INFO  State of current operation: PENDING
09:52:29 INFO  State of current operation: PENDING
09:52:31 INFO  State of current operation: PENDING
09:52:34 INFO  State of current operation: PENDING
09:52:36 INFO  State of current operation: PENDING
09:52:38 INFO  State of current operation: PENDING
09:52:40 INFO  State of current operation: PENDING
09:52:42 INFO  State of current operation: PENDING
09:52:44 WARN  SystemError occurred while running test - Timeout while waiting for status FAILED or SUCCESSFUL
Traceback (most recent call last):
  File &quot;/home/pi/env-pysys/lib/python3.7/site-packages/pysys/baserunner.py&quot;, line 1292, in __call__
    self.testObj.setup()
  File &quot;/home/pi/actions-runner/_work/thin-edge.io/thin-edge.io/tests/PySys/software_management_end_to_end/sm_docker_install_remove_multiple/run.py&quot;, line 29, in setup
    super().setup()
  File &quot;/home/pi/actions-runner/_work/thin-edge.io/thin-edge.io/tests/PySys/software_management_end_to_end/environment_sm_management.py&quot;, line 151, in setup
    self.wait_until_end()
  File &quot;/home/pi/actions-runner/_work/thin-edge.io/thin-edge.io/tests/PySys/software_management_end_to_end/environment_sm_management.py&quot;, line 332, in wait_until_end
    self.wait_until_status(&quot;FAILED&quot;, &quot;SUCCESSFUL&quot;)
  File &quot;/home/pi/actions-runner/_work/thin-edge.io/thin-edge.io/tests/PySys/software_management_end_to_end/environment_sm_management.py&quot;, line 381, in wait_until_status
    &quot;Timeout while waiting for status %s or %s&quot; % (status, status2)
SystemError: Timeout while waiting for status FAILED or SUCCESSFUL
09:52:44 WARN  SystemError: Timeout while waiting for status FAILED or SUCCESSFUL ... blocked 
09:52:44 INFO  
09:52:44 INFO  cleanup:
09:52:49 INFO  Executed sudo&lt;tedge_disconnect_c8y&gt;, exit status 0
09:52:49 INFO  Executed systemctl&lt;serv_mapper5&gt;, exit status 3
09:52:49 INFO  
09:52:49 INFO  Test duration: 165.86 secs
09:52:49 INFO  Test final outcome:  BLOCKED
09:52:49 INFO  Test outcome reason: SystemError: Timeout while waiting for status FAILED or SUCCESSFUL
09:52:49 INFO  
</system-out>
	</testcase>
</testsuite>
