<?xml version="1.0" encoding="utf-8"?>
<testsuite failures="1" name="SoftwareManagement.sm_apt_install_download_path" skipped="0" tests="1" time="85.0" timestamp="2022-06-22T19:42:48">
	<testcase classname="AptInstallWithDownloadPath" name="SoftwareManagement.sm_apt_install_download_path">
		<failure message="BLOCKED: AssertionError:" type="BLOCKED"/>
		<system-out>19:41:23 INFO  ==============================================================
19:41:23 INFO  Id:    SoftwareManagement.sm_apt_install_download_path
19:41:23 INFO  Dir:   software_management_end_to_end/
19:41:23 INFO  Title: Install package to directory specified in tedge config set tmp.path
19:41:23 INFO  ==============================================================
19:41:24 INFO  Using sw id database: {'asciijump': '5475369', 'robotfindskitten': '5474869', 'squirrel3': '5475279', 'rolldice': '5152439', 'moon-buggy': '5439204', 'apple': '5495053', 'banana': '5494888', 'cherry': '5495382', 'watermelon': '5494510', 'registry': '8018911', 'hello-world': '8021526', 'docker/getting-started': '8021973', 'alpine': '7991792'}
19:41:24 INFO  EnvironmentC8y Setup
19:41:24 INFO  Executed systemctl&lt;serv_mapper1&gt;, exit status 3
19:41:39 INFO  Executed sudo&lt;tedge_connect_c8y&gt;, exit status 0, duration 14 secs
19:41:39 INFO  Executed sudo&lt;tedge_connect_c8y_test&gt;, exit status 0
19:41:40 INFO  Executed systemctl&lt;serv_mosq2&gt;, exit status 0
19:41:40 INFO  Executed systemctl&lt;serv_mapper3&gt;, exit status 0
19:41:43 INFO  State of current operation: FAILED
19:41:43 INFO  Assert that (False == value) with value=False ... passed
19:41:43 INFO  Executed sudo, exit status 0
19:41:44 INFO  Executed sudo, exit status 0
19:41:45 INFO  Executed sudo, exit status 0
19:41:48 INFO  Executed sudo&lt;tedge_disconnect_c8y&gt;, exit status 0
19:41:48 INFO  Restarting mosquitto too frequently in the last 10 seconds. It was only up for 3 seconds
19:41:48 INFO  Delaying execution by 8 seconds
19:42:10 INFO  Executed sudo&lt;tedge_connect_c8y&gt;, exit status 0, duration 13 secs
19:42:10 INFO  Response status: 201
19:42:10 INFO  Response to action: {
    &quot;delivery&quot;: {
        &quot;log&quot;: [],
        &quot;time&quot;: &quot;2022-06-22T19:42:10.880Z&quot;,
        &quot;status&quot;: &quot;PENDING&quot;
    },
    &quot;creationTime&quot;: &quot;2022-06-22T19:42:10.863Z&quot;,
    &quot;deviceName&quot;: &quot;m32sd10c&quot;,
    &quot;deviceId&quot;: &quot;20416696&quot;,
    &quot;self&quot;: &quot;https://t493319102.eu-latest.cumulocity.com/devicecontrol/operations/20449423&quot;,
    &quot;id&quot;: &quot;20449423&quot;,
    &quot;status&quot;: &quot;PENDING&quot;,
    &quot;description&quot;: &quot;Apply software changes, triggered from PySys: [{'name': 'rolldice', 'id': '5152439', 'version': '::apt', 'url': 'https://thin-edge-io.eu-latest.cumulocity.com/inventory/binaries/12435463', 'action': 'install'}]&quot;,
    &quot;c8y_SoftwareUpdate&quot;: [
        {
            &quot;name&quot;: &quot;rolldice&quot;,
            &quot;action&quot;: &quot;install&quot;,
            &quot;id&quot;: &quot;5152439&quot;,
            &quot;version&quot;: &quot;::apt&quot;,
            &quot;url&quot;: &quot;https://thin-edge-io.eu-latest.cumulocity.com/inventory/binaries/12435463&quot;
        }
    ]
}
19:42:10 INFO  Started operation: {'delivery': {'log': [], 'time': '2022-06-22T19:42:10.880Z', 'status': 'PENDING'}, 'creationTime': '2022-06-22T19:42:10.863Z', 'deviceName': 'm32sd10c', 'deviceId': '20416696', 'self': 'https://t493319102.eu-latest.cumulocity.com/devicecontrol/operations/20449423', 'id': '20449423', 'status': 'PENDING', 'description': &quot;Apply software changes, triggered from PySys: [{'name': 'rolldice', 'id': '5152439', 'version': '::apt', 'url': 'https://thin-edge-io.eu-latest.cumulocity.com/inventory/binaries/12435463', 'action': 'install'}]&quot;, 'c8y_SoftwareUpdate': [{'name': 'rolldice', 'action': 'install', 'id': '5152439', 'version': '::apt', 'url': 'https://thin-edge-io.eu-latest.cumulocity.com/inventory/binaries/12435463'}]}
19:42:10 WARN  , retrying in 0.5 seconds...
19:42:11 WARN  , retrying in 0.5 seconds...
19:42:11 WARN  , retrying in 0.5 seconds...
19:42:12 WARN  , retrying in 0.5 seconds...
19:42:12 WARN  , retrying in 0.5 seconds...
19:42:13 WARN  , retrying in 0.5 seconds...
19:42:13 WARN  , retrying in 0.5 seconds...
19:42:14 WARN  , retrying in 0.5 seconds...
19:42:14 WARN  , retrying in 0.5 seconds...
19:42:15 WARN  AssertionError occurred while running test - 
Traceback (most recent call last):
  File &quot;/home/pi/env-pysys/lib/python3.7/site-packages/pysys/baserunner.py&quot;, line 1294, in __call__
    self.testObj.execute()
  File &quot;/home/pi/actions-runner/_work/thin-edge.io/thin-edge.io/tests/PySys/software_management_end_to_end/sm_apt_install_download_path/run.py&quot;, line 83, in execute
    assert_install_in_download_path(install_directory=self.DOWNLOAD_DIR)
  File &quot;/home/pi/env-pysys/lib/python3.7/site-packages/decorator.py&quot;, line 232, in fun
    return caller(func, *(extras + args), **kw)
  File &quot;/home/pi/env-pysys/lib/python3.7/site-packages/retry/api.py&quot;, line 74, in retry_decorator
    logger)
  File &quot;/home/pi/env-pysys/lib/python3.7/site-packages/retry/api.py&quot;, line 33, in __retry_internal
    return f()
  File &quot;/home/pi/actions-runner/_work/thin-edge.io/thin-edge.io/tests/PySys/software_management_end_to_end/sm_apt_install_download_path/run.py&quot;, line 28, in assert_install_in_download_path
    assert &quot;rolldice&quot; in os.listdir(f&quot;{install_directory}&quot;)
AssertionError
19:42:15 WARN  AssertionError: ... blocked 
19:42:15 INFO  
19:42:15 INFO  cleanup:
19:42:16 INFO  Executed sudo, exit status 0
19:42:16 INFO  Executed sudo, exit status 0
19:42:20 INFO  Executed sudo&lt;tedge_disconnect_c8y&gt;, exit status 0
19:42:20 INFO  Restarting mosquitto too frequently in the last 10 seconds. It was only up for 3 seconds
19:42:20 INFO  Delaying execution by 8 seconds
19:42:43 INFO  Executed sudo&lt;tedge_connect_c8y&gt;, exit status 0, duration 14 secs
19:42:47 INFO  Executed sudo&lt;tedge_disconnect_c8y&gt;, exit status 0
19:42:48 INFO  Executed systemctl&lt;serv_mapper5&gt;, exit status 3
19:42:48 INFO  
19:42:48 INFO  Test duration: 85.00 secs
19:42:48 INFO  Test final outcome:  BLOCKED
19:42:48 INFO  Test outcome reason: AssertionError:
19:42:48 INFO  
</system-out>
	</testcase>
</testsuite>
