<?xml version="1.0" encoding="utf-8"?>
<testsuite failures="0" name="SoftwareManagement.sm_mapper_fail_and_reconnect" skipped="1" tests="1" time="0.05" timestamp="2022-06-09T17:53:03">
	<testcase classname="MapperC8yReceiveLastMessageOnRestart" name="SoftwareManagement.sm_mapper_fail_and_reconnect">
		<skipped message="SKIPPED: instable https://github.com/thin-edge/thin-edge.io/issues/752"/>
		<system-out>17:53:02 INFO  ==============================================================
17:53:02 INFO  Id:    SoftwareManagement.sm_mapper_fail_and_reconnect
17:53:02 INFO  Dir:   software_management_end_to_end/
17:53:02 INFO  Title: Validate the tedge-mapper-sm-c8y for receiving the last message on restart
17:53:02 INFO  ==============================================================
17:53:03 INFO  instable https://github.com/thin-edge/thin-edge.io/issues/752 ... skipped
17:53:03 INFO  
17:53:03 INFO  Test duration: 0.05 secs
17:53:03 INFO  Test final outcome:  SKIPPED
17:53:03 INFO  Test outcome reason: instable https://github.com/thin-edge/thin-edge.io/issues/752
17:53:03 INFO  
</system-out>
	</testcase>
</testsuite>
