<?xml version="1.0" encoding="utf-8"?>
<testsuite failures="1" name="SoftwareManagement.sm_apt_install_remove_multiple" skipped="0" tests="1" time="139.61" timestamp="2022-06-20T16:09:31">
	<testcase classname="PySysTest" name="SoftwareManagement.sm_apt_install_remove_multiple">
		<failure message="FAILED: Assert that (False == value) with value=True (+2 other failures)" type="FAILED"/>
		<system-out>16:07:11 INFO  ==============================================================
16:07:11 INFO  Id:    SoftwareManagement.sm_apt_install_remove_multiple
16:07:11 INFO  Dir:   software_management_end_to_end/
16:07:11 INFO  Title: Validate end to end behaviour for the apt plugin for multiple packages
16:07:11 INFO  ==============================================================
16:07:11 INFO  Using sw id database: {'asciijump': '5475369', 'robotfindskitten': '5474869', 'squirrel3': '5475279', 'rolldice': '5152439', 'moon-buggy': '5439204', 'apple': '5495053', 'banana': '5494888', 'cherry': '5495382', 'watermelon': '5494510', 'registry': '8018911', 'hello-world': '8021526', 'docker/getting-started': '8021973', 'alpine': '7991792'}
16:07:11 INFO  EnvironmentC8y Setup
16:07:12 INFO  Executed systemctl&lt;serv_mapper1&gt;, exit status 3
16:07:12 INFO  Restarting mosquitto too frequently in the last 10 seconds. It was only up for 4 seconds
16:07:12 INFO  Delaying execution by 7 seconds
16:07:33 INFO  Executed sudo&lt;tedge_connect_c8y&gt;, exit status 0, duration 14 secs
16:07:34 INFO  Executed sudo&lt;tedge_connect_c8y_test&gt;, exit status 0
16:07:34 INFO  Executed systemctl&lt;serv_mosq2&gt;, exit status 0
16:07:35 INFO  Executed systemctl&lt;serv_mapper3&gt;, exit status 0
16:07:37 INFO  State of current operation: SUCCESSFUL
16:07:37 INFO  Assert that (False == value) with value=False ... passed
16:07:37 INFO  Package asciijump is installed
16:07:38 WARN  Assert that (False == value) with value=True ... failed 
16:07:38 INFO  Package squirrel3 is installed
16:07:38 WARN  Assert that (False == value) with value=True ... failed 
16:07:38 INFO  Package robotfindskitten is installed
16:07:38 WARN  Assert that (False == value) with value=True ... failed 
16:07:38 INFO  Response status: 201
16:07:38 INFO  Response to action: {
    &quot;creationTime&quot;: &quot;2022-06-20T16:07:38.781Z&quot;,
    &quot;deviceName&quot;: &quot;m32sd10c&quot;,
    &quot;deviceId&quot;: &quot;20342831&quot;,
    &quot;self&quot;: &quot;https://t493319102.eu-latest.cumulocity.com/devicecontrol/operations/20349857&quot;,
    &quot;id&quot;: &quot;20349857&quot;,
    &quot;status&quot;: &quot;PENDING&quot;,
    &quot;description&quot;: &quot;Apply software changes, triggered from PySys: [{'action': 'install', 'id': '5475369', 'name': 'asciijump', 'url': ' ', 'version': '::apt'}, {'action': 'install', 'id': '5474869', 'name': 'robotfindskitten', 'url': ' ', 'version': '::apt'}, {'action': 'install', 'id': '5475279', 'name': 'squirrel3', 'url': ' ', 'version': '::apt'}]&quot;,
    &quot;c8y_SoftwareUpdate&quot;: [
        {
            &quot;name&quot;: &quot;asciijump&quot;,
            &quot;action&quot;: &quot;install&quot;,
            &quot;id&quot;: &quot;5475369&quot;,
            &quot;version&quot;: &quot;::apt&quot;,
            &quot;url&quot;: &quot; &quot;
        },
        {
            &quot;name&quot;: &quot;robotfindskitten&quot;,
            &quot;action&quot;: &quot;install&quot;,
            &quot;id&quot;: &quot;5474869&quot;,
            &quot;version&quot;: &quot;::apt&quot;,
            &quot;url&quot;: &quot; &quot;
        },
        {
            &quot;name&quot;: &quot;squirrel3&quot;,
            &quot;action&quot;: &quot;install&quot;,
            &quot;id&quot;: &quot;5475279&quot;,
            &quot;version&quot;: &quot;::apt&quot;,
            &quot;url&quot;: &quot; &quot;
        }
    ]
}
16:07:38 INFO  Started operation: {'creationTime': '2022-06-20T16:07:38.781Z', 'deviceName': 'm32sd10c', 'deviceId': '20342831', 'self': 'https://t493319102.eu-latest.cumulocity.com/devicecontrol/operations/20349857', 'id': '20349857', 'status': 'PENDING', 'description': &quot;Apply software changes, triggered from PySys: [{'action': 'install', 'id': '5475369', 'name': 'asciijump', 'url': ' ', 'version': '::apt'}, {'action': 'install', 'id': '5474869', 'name': 'robotfindskitten', 'url': ' ', 'version': '::apt'}, {'action': 'install', 'id': '5475279', 'name': 'squirrel3', 'url': ' ', 'version': '::apt'}]&quot;, 'c8y_SoftwareUpdate': [{'name': 'asciijump', 'action': 'install', 'id': '5475369', 'version': '::apt', 'url': ' '}, {'name': 'robotfindskitten', 'action': 'install', 'id': '5474869', 'version': '::apt', 'url': ' '}, {'name': 'squirrel3', 'action': 'install', 'id': '5475279', 'version': '::apt', 'url': ' '}]}
16:07:41 INFO  State of operation 20349857 : PENDING
16:07:43 INFO  State of operation 20349857 : EXECUTING
16:07:45 INFO  State of operation 20349857 : EXECUTING
16:07:47 INFO  State of operation 20349857 : EXECUTING
16:07:49 INFO  State of operation 20349857 : EXECUTING
16:07:52 INFO  State of operation 20349857 : EXECUTING
16:07:54 INFO  State of operation 20349857 : EXECUTING
16:07:58 INFO  State of operation 20349857 : EXECUTING
16:08:00 INFO  State of operation 20349857 : EXECUTING
16:08:02 INFO  State of operation 20349857 : EXECUTING
16:08:05 INFO  State of operation 20349857 : EXECUTING
16:08:07 INFO  State of operation 20349857 : EXECUTING
16:08:09 INFO  State of operation 20349857 : EXECUTING
16:08:11 INFO  State of operation 20349857 : EXECUTING
16:08:13 INFO  State of operation 20349857 : EXECUTING
16:08:16 INFO  State of operation 20349857 : SUCCESSFUL
16:08:16 INFO  Assert that (False == value) with value=False ... passed
16:08:16 INFO  Package asciijump is installed
16:08:16 INFO  Assert that (True == value) with value=True ... passed
16:08:16 INFO  Package squirrel3 is installed
16:08:16 INFO  Assert that (True == value) with value=True ... passed
16:08:17 INFO  Package robotfindskitten is installed
16:08:17 INFO  Assert that (True == value) with value=True ... passed
16:08:17 INFO  Response status: 201
16:08:17 INFO  Response to action: {
    &quot;creationTime&quot;: &quot;2022-06-20T16:08:17.225Z&quot;,
    &quot;deviceName&quot;: &quot;m32sd10c&quot;,
    &quot;deviceId&quot;: &quot;20342831&quot;,
    &quot;self&quot;: &quot;https://t493319102.eu-latest.cumulocity.com/devicecontrol/operations/20349869&quot;,
    &quot;id&quot;: &quot;20349869&quot;,
    &quot;status&quot;: &quot;PENDING&quot;,
    &quot;description&quot;: &quot;Apply software changes, triggered from PySys: [{'action': 'delete', 'id': '5475369', 'name': 'asciijump', 'url': ' ', 'version': '::apt'}, {'action': 'delete', 'id': '5474869', 'name': 'robotfindskitten', 'url': ' ', 'version': '::apt'}, {'action': 'delete', 'id': '5475279', 'name': 'squirrel3', 'url': ' ', 'version': '::apt'}]&quot;,
    &quot;c8y_SoftwareUpdate&quot;: [
        {
            &quot;name&quot;: &quot;asciijump&quot;,
            &quot;action&quot;: &quot;delete&quot;,
            &quot;id&quot;: &quot;5475369&quot;,
            &quot;version&quot;: &quot;::apt&quot;,
            &quot;url&quot;: &quot; &quot;
        },
        {
            &quot;name&quot;: &quot;robotfindskitten&quot;,
            &quot;action&quot;: &quot;delete&quot;,
            &quot;id&quot;: &quot;5474869&quot;,
            &quot;version&quot;: &quot;::apt&quot;,
            &quot;url&quot;: &quot; &quot;
        },
        {
            &quot;name&quot;: &quot;squirrel3&quot;,
            &quot;action&quot;: &quot;delete&quot;,
            &quot;id&quot;: &quot;5475279&quot;,
            &quot;version&quot;: &quot;::apt&quot;,
            &quot;url&quot;: &quot; &quot;
        }
    ]
}
16:08:17 INFO  Started operation: {'creationTime': '2022-06-20T16:08:17.225Z', 'deviceName': 'm32sd10c', 'deviceId': '20342831', 'self': 'https://t493319102.eu-latest.cumulocity.com/devicecontrol/operations/20349869', 'id': '20349869', 'status': 'PENDING', 'description': &quot;Apply software changes, triggered from PySys: [{'action': 'delete', 'id': '5475369', 'name': 'asciijump', 'url': ' ', 'version': '::apt'}, {'action': 'delete', 'id': '5474869', 'name': 'robotfindskitten', 'url': ' ', 'version': '::apt'}, {'action': 'delete', 'id': '5475279', 'name': 'squirrel3', 'url': ' ', 'version': '::apt'}]&quot;, 'c8y_SoftwareUpdate': [{'name': 'asciijump', 'action': 'delete', 'id': '5475369', 'version': '::apt', 'url': ' '}, {'name': 'robotfindskitten', 'action': 'delete', 'id': '5474869', 'version': '::apt', 'url': ' '}, {'name': 'squirrel3', 'action': 'delete', 'id': '5475279', 'version': '::apt', 'url': ' '}]}
16:08:19 INFO  State of operation 20349869 : PENDING
16:08:21 INFO  State of operation 20349869 : EXECUTING
16:08:23 INFO  State of operation 20349869 : EXECUTING
16:08:26 INFO  State of operation 20349869 : EXECUTING
16:08:28 INFO  State of operation 20349869 : EXECUTING
16:08:30 INFO  State of operation 20349869 : EXECUTING
16:08:33 INFO  State of operation 20349869 : EXECUTING
16:08:36 INFO  State of operation 20349869 : EXECUTING
16:08:38 INFO  State of operation 20349869 : EXECUTING
16:08:41 INFO  State of operation 20349869 : EXECUTING
16:08:43 INFO  State of operation 20349869 : EXECUTING
16:08:45 INFO  State of operation 20349869 : EXECUTING
16:08:47 INFO  State of operation 20349869 : EXECUTING
16:08:50 INFO  State of operation 20349869 : EXECUTING
16:08:52 INFO  State of operation 20349869 : EXECUTING
16:08:54 INFO  State of operation 20349869 : EXECUTING
16:08:56 INFO  State of operation 20349869 : EXECUTING
16:08:59 INFO  State of operation 20349869 : EXECUTING
16:09:02 INFO  State of operation 20349869 : EXECUTING
16:09:04 INFO  State of operation 20349869 : EXECUTING
16:09:06 INFO  State of operation 20349869 : EXECUTING
16:09:09 INFO  State of operation 20349869 : EXECUTING
16:09:11 INFO  State of operation 20349869 : EXECUTING
16:09:13 INFO  State of operation 20349869 : EXECUTING
16:09:16 INFO  State of operation 20349869 : EXECUTING
16:09:18 INFO  State of operation 20349869 : EXECUTING
16:09:21 INFO  State of operation 20349869 : EXECUTING
16:09:23 INFO  State of operation 20349869 : EXECUTING
16:09:25 INFO  State of operation 20349869 : SUCCESSFUL
16:09:25 INFO  Assert that (False == value) with value=False ... passed
16:09:26 INFO  Assert that (False == value) with value=False ... passed
16:09:26 INFO  Assert that (False == value) with value=False ... passed
16:09:26 INFO  Assert that (False == value) with value=False ... passed
16:09:26 INFO  
16:09:26 INFO  cleanup:
16:09:30 INFO  Executed sudo&lt;tedge_disconnect_c8y&gt;, exit status 0
16:09:31 INFO  Executed systemctl&lt;serv_mapper5&gt;, exit status 3
16:09:31 INFO  
16:09:31 INFO  Test duration: 139.61 secs
16:09:31 INFO  Test final outcome:  FAILED
16:09:31 INFO  Test outcome reason: Assert that (False == value) with value=True (+2 other failures)
16:09:31 INFO  
</system-out>
	</testcase>
</testsuite>
