<?xml version="1.0" encoding="utf-8"?>
<testsuite failures="1" name="SoftwareManagement.sm_apt_install_remove_multiple_mixed" skipped="0" tests="1" time="178.45" timestamp="2022-07-22T01:45:30">
	<testcase classname="PySysTest" name="SoftwareManagement.sm_apt_install_remove_multiple_mixed">
		<failure message="BLOCKED: SystemError: Timeout while waiting for status SUCCESSFUL or False (+1 other failures)" type="BLOCKED"/>
		<system-out>01:42:31 INFO  ==============================================================
01:42:31 INFO  Id:    SoftwareManagement.sm_apt_install_remove_multiple_mixed
01:42:31 INFO  Dir:   software_management_end_to_end/
01:42:31 INFO  Title: Validate end to end behaviour for the apt plugin for multiple packages with mixed versions
01:42:31 INFO  ==============================================================
01:42:31 INFO  Using sw id database: {'asciijump': '5475369', 'robotfindskitten': '5474869', 'squirrel3': '5475279', 'rolldice': '5152439', 'moon-buggy': '5439204', 'apple': '5495053', 'banana': '5494888', 'cherry': '5495382', 'watermelon': '5494510', 'registry': '8018911', 'hello-world': '8021526', 'docker/getting-started': '8021973', 'alpine': '7991792'}
01:42:31 INFO  EnvironmentC8y Setup
01:42:32 INFO  Executed systemctl&lt;serv_mapper1&gt;, exit status 3
01:42:32 INFO  Restarting mosquitto too frequently in the last 10 seconds. It was only up for 5 seconds
01:42:32 INFO  Delaying execution by 6 seconds
01:42:52 INFO  Executed sudo&lt;tedge_connect_c8y&gt;, exit status 0, duration 13 secs
01:42:53 INFO  Executed sudo&lt;tedge_connect_c8y_test&gt;, exit status 0
01:42:53 INFO  Executed systemctl&lt;serv_mosq2&gt;, exit status 0
01:42:54 INFO  Executed systemctl&lt;serv_mapper3&gt;, exit status 0
01:42:56 INFO  State of current operation: SUCCESSFUL
01:42:56 INFO  Assert that (False == value) with value=False ... passed
01:42:56 INFO  Assert that (False == value) with value=False ... passed
01:42:57 INFO  Assert that (False == value) with value=False ... passed
01:42:57 INFO  Assert that (False == value) with value=False ... passed
01:42:57 INFO  Package moon-buggy is installed
01:42:57 WARN  Assert that (False == value) with value=True ... failed 
01:42:58 INFO  Response status: 201
01:42:58 INFO  Response to action: {
    &quot;creationTime&quot;: &quot;2022-07-22T01:42:58.740Z&quot;,
    &quot;deviceId&quot;: &quot;21167114&quot;,
    &quot;deviceName&quot;: &quot;m32sd10c&quot;,
    &quot;self&quot;: &quot;https://t493319102.eu-latest.cumulocity.com/devicecontrol/operations/21222112&quot;,
    &quot;id&quot;: &quot;21222112&quot;,
    &quot;status&quot;: &quot;PENDING&quot;,
    &quot;description&quot;: &quot;Apply software changes, triggered from PySys: [{'action': 'install', 'id': '5475369', 'name': 'asciijump', 'url': ' ', 'version': '::apt'}, {'action': 'install', 'id': '5474869', 'name': 'robotfindskitten', 'url': ' ', 'version': ' '}, {'action': 'install', 'id': '5475279', 'name': 'squirrel3', 'url': ' ', 'version': '3.1-7::apt'}, {'action': 'install', 'id': '5152439', 'name': 'rolldice', 'url': ' ', 'version': '1.16-1+b1'}, {'action': 'install', 'id': '5439204', 'name': 'moon-buggy', 'url': ' ', 'version': '1:1.0.51-12'}, {'action': 'install', 'id': '5475369', 'name': 'asciijump', 'url': ' ', 'version': '::apt'}]&quot;,
    &quot;c8y_SoftwareUpdate&quot;: [
        {
            &quot;name&quot;: &quot;asciijump&quot;,
            &quot;action&quot;: &quot;install&quot;,
            &quot;id&quot;: &quot;5475369&quot;,
            &quot;version&quot;: &quot;::apt&quot;,
            &quot;url&quot;: &quot; &quot;
        },
        {
            &quot;name&quot;: &quot;robotfindskitten&quot;,
            &quot;action&quot;: &quot;install&quot;,
            &quot;id&quot;: &quot;5474869&quot;,
            &quot;version&quot;: &quot; &quot;,
            &quot;url&quot;: &quot; &quot;
        },
        {
            &quot;name&quot;: &quot;squirrel3&quot;,
            &quot;action&quot;: &quot;install&quot;,
            &quot;id&quot;: &quot;5475279&quot;,
            &quot;version&quot;: &quot;3.1-7::apt&quot;,
            &quot;url&quot;: &quot; &quot;
        },
        {
            &quot;name&quot;: &quot;rolldice&quot;,
            &quot;action&quot;: &quot;install&quot;,
            &quot;id&quot;: &quot;5152439&quot;,
            &quot;version&quot;: &quot;1.16-1+b1&quot;,
            &quot;url&quot;: &quot; &quot;
        },
        {
            &quot;name&quot;: &quot;moon-buggy&quot;,
            &quot;action&quot;: &quot;install&quot;,
            &quot;id&quot;: &quot;5439204&quot;,
            &quot;version&quot;: &quot;1:1.0.51-12&quot;,
            &quot;url&quot;: &quot; &quot;
        },
        {
            &quot;name&quot;: &quot;asciijump&quot;,
            &quot;action&quot;: &quot;install&quot;,
            &quot;id&quot;: &quot;5475369&quot;,
            &quot;version&quot;: &quot;::apt&quot;,
            &quot;url&quot;: &quot; &quot;
        }
    ]
}
01:42:58 INFO  Started operation: {'creationTime': '2022-07-22T01:42:58.740Z', 'deviceId': '21167114', 'deviceName': 'm32sd10c', 'self': 'https://t493319102.eu-latest.cumulocity.com/devicecontrol/operations/21222112', 'id': '21222112', 'status': 'PENDING', 'description': &quot;Apply software changes, triggered from PySys: [{'action': 'install', 'id': '5475369', 'name': 'asciijump', 'url': ' ', 'version': '::apt'}, {'action': 'install', 'id': '5474869', 'name': 'robotfindskitten', 'url': ' ', 'version': ' '}, {'action': 'install', 'id': '5475279', 'name': 'squirrel3', 'url': ' ', 'version': '3.1-7::apt'}, {'action': 'install', 'id': '5152439', 'name': 'rolldice', 'url': ' ', 'version': '1.16-1+b1'}, {'action': 'install', 'id': '5439204', 'name': 'moon-buggy', 'url': ' ', 'version': '1:1.0.51-12'}, {'action': 'install', 'id': '5475369', 'name': 'asciijump', 'url': ' ', 'version': '::apt'}]&quot;, 'c8y_SoftwareUpdate': [{'name': 'asciijump', 'action': 'install', 'id': '5475369', 'version': '::apt', 'url': ' '}, {'name': 'robotfindskitten', 'action': 'install', 'id': '5474869', 'version': ' ', 'url': ' '}, {'name': 'squirrel3', 'action': 'install', 'id': '5475279', 'version': '3.1-7::apt', 'url': ' '}, {'name': 'rolldice', 'action': 'install', 'id': '5152439', 'version': '1.16-1+b1', 'url': ' '}, {'name': 'moon-buggy', 'action': 'install', 'id': '5439204', 'version': '1:1.0.51-12', 'url': ' '}, {'name': 'asciijump', 'action': 'install', 'id': '5475369', 'version': '::apt', 'url': ' '}]}
01:43:01 INFO  State of operation 21222112 : PENDING
01:43:03 INFO  State of operation 21222112 : EXECUTING
01:43:05 INFO  State of operation 21222112 : EXECUTING
01:43:07 INFO  State of operation 21222112 : EXECUTING
01:43:09 INFO  State of operation 21222112 : EXECUTING
01:43:12 INFO  State of operation 21222112 : EXECUTING
01:43:14 INFO  State of operation 21222112 : EXECUTING
01:43:17 INFO  State of operation 21222112 : EXECUTING
01:43:19 INFO  State of operation 21222112 : EXECUTING
01:43:21 INFO  State of operation 21222112 : EXECUTING
01:43:24 INFO  State of operation 21222112 : EXECUTING
01:43:26 INFO  State of operation 21222112 : EXECUTING
01:43:28 INFO  State of operation 21222112 : EXECUTING
01:43:30 INFO  State of operation 21222112 : EXECUTING
01:43:33 INFO  State of operation 21222112 : EXECUTING
01:43:35 INFO  State of operation 21222112 : EXECUTING
01:43:37 INFO  State of operation 21222112 : EXECUTING
01:43:39 INFO  State of operation 21222112 : EXECUTING
01:43:42 INFO  State of operation 21222112 : EXECUTING
01:43:45 INFO  State of operation 21222112 : EXECUTING
01:43:47 INFO  State of operation 21222112 : EXECUTING
01:43:49 INFO  State of operation 21222112 : EXECUTING
01:43:52 INFO  State of operation 21222112 : EXECUTING
01:43:54 INFO  State of operation 21222112 : EXECUTING
01:43:57 INFO  State of operation 21222112 : EXECUTING
01:43:59 INFO  State of operation 21222112 : EXECUTING
01:44:02 INFO  State of operation 21222112 : EXECUTING
01:44:04 INFO  State of operation 21222112 : EXECUTING
01:44:07 INFO  State of operation 21222112 : EXECUTING
01:44:09 INFO  State of operation 21222112 : EXECUTING
01:44:11 INFO  State of operation 21222112 : EXECUTING
01:44:14 INFO  State of operation 21222112 : EXECUTING
01:44:16 INFO  State of operation 21222112 : EXECUTING
01:44:18 INFO  State of operation 21222112 : EXECUTING
01:44:20 INFO  State of operation 21222112 : EXECUTING
01:44:23 INFO  State of operation 21222112 : EXECUTING
01:44:25 INFO  State of operation 21222112 : EXECUTING
01:44:27 INFO  State of operation 21222112 : EXECUTING
01:44:30 INFO  State of operation 21222112 : EXECUTING
01:44:33 INFO  State of operation 21222112 : EXECUTING
01:44:35 INFO  State of operation 21222112 : EXECUTING
01:44:38 INFO  State of operation 21222112 : EXECUTING
01:44:40 INFO  State of operation 21222112 : EXECUTING
01:44:42 INFO  State of operation 21222112 : EXECUTING
01:44:44 INFO  State of operation 21222112 : EXECUTING
01:44:47 INFO  State of operation 21222112 : EXECUTING
01:44:49 INFO  State of operation 21222112 : EXECUTING
01:44:51 INFO  State of operation 21222112 : EXECUTING
01:44:54 INFO  State of operation 21222112 : EXECUTING
01:44:56 INFO  State of operation 21222112 : EXECUTING
01:44:58 INFO  State of operation 21222112 : EXECUTING
01:45:01 INFO  State of operation 21222112 : EXECUTING
01:45:03 INFO  State of operation 21222112 : EXECUTING
01:45:06 INFO  State of operation 21222112 : EXECUTING
01:45:08 INFO  State of operation 21222112 : EXECUTING
01:45:11 INFO  State of operation 21222112 : EXECUTING
01:45:13 INFO  State of operation 21222112 : EXECUTING
01:45:16 INFO  State of operation 21222112 : EXECUTING
01:45:18 INFO  State of operation 21222112 : EXECUTING
01:45:20 INFO  State of operation 21222112 : EXECUTING
01:45:23 INFO  State of operation 21222112 : EXECUTING
01:45:25 WARN  SystemError occurred while running test - Timeout while waiting for status SUCCESSFUL or False
Traceback (most recent call last):
  File &quot;/home/pi/env-pysys/lib/python3.7/site-packages/pysys/baserunner.py&quot;, line 1294, in __call__
    self.testObj.execute()
  File &quot;/home/pi/actions-runner/_work/thin-edge.io/thin-edge.io/tests/PySys/software_management_end_to_end/sm_apt_install_remove_multiple_mixed/run.py&quot;, line 89, in execute
    self.wait_until_succcess()
  File &quot;/home/pi/actions-runner/_work/thin-edge.io/thin-edge.io/tests/PySys/software_management_end_to_end/environment_sm_management.py&quot;, line 324, in wait_until_succcess
    self.wait_until_status(&quot;SUCCESSFUL&quot;)
  File &quot;/home/pi/actions-runner/_work/thin-edge.io/thin-edge.io/tests/PySys/software_management_end_to_end/environment_sm_management.py&quot;, line 381, in wait_until_status
    &quot;Timeout while waiting for status %s or %s&quot; % (status, status2)
SystemError: Timeout while waiting for status SUCCESSFUL or False
01:45:25 WARN  SystemError: Timeout while waiting for status SUCCESSFUL or False ... blocked 
01:45:25 INFO  
01:45:25 INFO  cleanup:
01:45:29 INFO  Executed sudo&lt;tedge_disconnect_c8y&gt;, exit status 0
01:45:30 INFO  Executed systemctl&lt;serv_mapper5&gt;, exit status 3
01:45:30 INFO  
01:45:30 INFO  Test duration: 178.45 secs
01:45:30 INFO  Test final outcome:  BLOCKED
01:45:30 INFO  Test outcome reason: SystemError: Timeout while waiting for status SUCCESSFUL or False (+1 other failures)
01:45:30 INFO  
</system-out>
	</testcase>
</testsuite>
