<?xml version="1.0" encoding="utf-8"?>
<testsuite failures="1" name="SoftwareManagement.sm_mixed_install_remove_multiple" skipped="0" tests="1" time="164.6" timestamp="2022-07-21T11:20:51">
	<testcase classname="PySysTest" name="SoftwareManagement.sm_mixed_install_remove_multiple">
		<failure message="FAILED: Assert that (False == value) with value=True" type="FAILED"/>
		<system-out>11:18:06 INFO  ==============================================================
11:18:06 INFO  Id:    SoftwareManagement.sm_mixed_install_remove_multiple
11:18:06 INFO  Dir:   software_management_end_to_end/
11:18:06 INFO  Title: Validate end to end behaviour for the dummy-plugin for multiple packages with mixed versions
11:18:06 INFO  ==============================================================
11:18:06 INFO  Using sw id database: {'asciijump': '5475369', 'robotfindskitten': '5474869', 'squirrel3': '5475279', 'rolldice': '5152439', 'moon-buggy': '5439204', 'apple': '5495053', 'banana': '5494888', 'cherry': '5495382', 'watermelon': '5494510', 'registry': '8018911', 'hello-world': '8021526', 'docker/getting-started': '8021973', 'alpine': '7991792'}
11:18:06 INFO  EnvironmentC8y Setup
11:18:07 INFO  Executed systemctl&lt;serv_mapper1&gt;, exit status 3
11:18:07 INFO  Restarting mosquitto too frequently in the last 10 seconds. It was only up for 5 seconds
11:18:07 INFO  Delaying execution by 6 seconds
11:18:27 INFO  Executed sudo&lt;tedge_connect_c8y&gt;, exit status 0, duration 13 secs
11:18:28 INFO  Executed sudo&lt;tedge_connect_c8y_test&gt;, exit status 0
11:18:28 INFO  Executed systemctl&lt;serv_mosq2&gt;, exit status 0
11:18:28 INFO  Executed systemctl&lt;serv_mapper3&gt;, exit status 0
11:18:31 INFO  State of current operation: SUCCESSFUL
11:18:31 INFO  Package apple is installed
11:18:31 INFO  Assert that (True == value) with value=True ... passed
11:18:31 INFO  Package banana is installed
11:18:31 INFO  Assert that (True == value) with value=True ... passed
11:18:31 INFO  Package cherry is installed
11:18:31 INFO  Assert that (True == value) with value=True ... passed
11:18:32 INFO  Package asciijump is installed
11:18:32 WARN  Assert that (False == value) with value=True ... failed 
11:18:32 INFO  Assert that (False == value) with value=False ... passed
11:18:32 INFO  Response status: 201
11:18:32 INFO  Response to action: {
    &quot;creationTime&quot;: &quot;2022-07-21T11:18:32.574Z&quot;,
    &quot;deviceId&quot;: &quot;21110410&quot;,
    &quot;deviceName&quot;: &quot;m32sd10c&quot;,
    &quot;self&quot;: &quot;https://t493319102.eu-latest.cumulocity.com/devicecontrol/operations/21118520&quot;,
    &quot;id&quot;: &quot;21118520&quot;,
    &quot;status&quot;: &quot;PENDING&quot;,
    &quot;description&quot;: &quot;Apply software changes, triggered from PySys: [{'action': 'install', 'id': '5495053', 'name': 'apple', 'url': ' ', 'version': '::fruits'}, {'action': 'install', 'id': '5494888', 'name': 'banana', 'url': ' ', 'version': '::fruits'}, {'action': 'install', 'id': '5475369', 'name': 'asciijump', 'url': ' ', 'version': '::apt'}, {'action': 'install', 'id': '5495382', 'name': 'cherry', 'url': ' ', 'version': '::fruits'}, {'action': 'install', 'id': '8018911', 'name': 'registry', 'url': ' ', 'version': '::docker'}]&quot;,
    &quot;c8y_SoftwareUpdate&quot;: [
        {
            &quot;name&quot;: &quot;apple&quot;,
            &quot;action&quot;: &quot;install&quot;,
            &quot;id&quot;: &quot;5495053&quot;,
            &quot;version&quot;: &quot;::fruits&quot;,
            &quot;url&quot;: &quot; &quot;
        },
        {
            &quot;name&quot;: &quot;banana&quot;,
            &quot;action&quot;: &quot;install&quot;,
            &quot;id&quot;: &quot;5494888&quot;,
            &quot;version&quot;: &quot;::fruits&quot;,
            &quot;url&quot;: &quot; &quot;
        },
        {
            &quot;name&quot;: &quot;asciijump&quot;,
            &quot;action&quot;: &quot;install&quot;,
            &quot;id&quot;: &quot;5475369&quot;,
            &quot;version&quot;: &quot;::apt&quot;,
            &quot;url&quot;: &quot; &quot;
        },
        {
            &quot;name&quot;: &quot;cherry&quot;,
            &quot;action&quot;: &quot;install&quot;,
            &quot;id&quot;: &quot;5495382&quot;,
            &quot;version&quot;: &quot;::fruits&quot;,
            &quot;url&quot;: &quot; &quot;
        },
        {
            &quot;name&quot;: &quot;registry&quot;,
            &quot;action&quot;: &quot;install&quot;,
            &quot;id&quot;: &quot;8018911&quot;,
            &quot;version&quot;: &quot;::docker&quot;,
            &quot;url&quot;: &quot; &quot;
        }
    ]
}
11:18:32 INFO  Started operation: {'creationTime': '2022-07-21T11:18:32.574Z', 'deviceId': '21110410', 'deviceName': 'm32sd10c', 'self': 'https://t493319102.eu-latest.cumulocity.com/devicecontrol/operations/21118520', 'id': '21118520', 'status': 'PENDING', 'description': &quot;Apply software changes, triggered from PySys: [{'action': 'install', 'id': '5495053', 'name': 'apple', 'url': ' ', 'version': '::fruits'}, {'action': 'install', 'id': '5494888', 'name': 'banana', 'url': ' ', 'version': '::fruits'}, {'action': 'install', 'id': '5475369', 'name': 'asciijump', 'url': ' ', 'version': '::apt'}, {'action': 'install', 'id': '5495382', 'name': 'cherry', 'url': ' ', 'version': '::fruits'}, {'action': 'install', 'id': '8018911', 'name': 'registry', 'url': ' ', 'version': '::docker'}]&quot;, 'c8y_SoftwareUpdate': [{'name': 'apple', 'action': 'install', 'id': '5495053', 'version': '::fruits', 'url': ' '}, {'name': 'banana', 'action': 'install', 'id': '5494888', 'version': '::fruits', 'url': ' '}, {'name': 'asciijump', 'action': 'install', 'id': '5475369', 'version': '::apt', 'url': ' '}, {'name': 'cherry', 'action': 'install', 'id': '5495382', 'version': '::fruits', 'url': ' '}, {'name': 'registry', 'action': 'install', 'id': '8018911', 'version': '::docker', 'url': ' '}]}
11:18:34 INFO  State of operation 21118520 : PENDING
11:18:37 INFO  State of operation 21118520 : EXECUTING
11:18:39 INFO  State of operation 21118520 : EXECUTING
11:18:41 INFO  State of operation 21118520 : EXECUTING
11:18:43 INFO  State of operation 21118520 : EXECUTING
11:18:45 INFO  State of operation 21118520 : EXECUTING
11:18:49 INFO  State of operation 21118520 : EXECUTING
11:18:52 INFO  State of operation 21118520 : EXECUTING
11:18:54 INFO  State of operation 21118520 : EXECUTING
11:18:57 INFO  State of operation 21118520 : EXECUTING
11:18:59 INFO  State of operation 21118520 : EXECUTING
11:19:01 INFO  State of operation 21118520 : EXECUTING
11:19:03 INFO  State of operation 21118520 : EXECUTING
11:19:05 INFO  State of operation 21118520 : EXECUTING
11:19:08 INFO  State of operation 21118520 : EXECUTING
11:19:10 INFO  State of operation 21118520 : EXECUTING
11:19:12 INFO  State of operation 21118520 : EXECUTING
11:19:14 INFO  State of operation 21118520 : EXECUTING
11:19:17 INFO  State of operation 21118520 : EXECUTING
11:19:19 INFO  State of operation 21118520 : EXECUTING
11:19:22 INFO  State of operation 21118520 : EXECUTING
11:19:24 INFO  State of operation 21118520 : EXECUTING
11:19:26 INFO  State of operation 21118520 : EXECUTING
11:19:28 INFO  State of operation 21118520 : EXECUTING
11:19:31 INFO  State of operation 21118520 : EXECUTING
11:19:33 INFO  State of operation 21118520 : SUCCESSFUL
11:19:33 INFO  Package apple is installed
11:19:33 INFO  Assert that (True == value) with value=True ... passed
11:19:33 INFO  Package banana is installed
11:19:33 INFO  Assert that (True == value) with value=True ... passed
11:19:34 INFO  Package cherry is installed
11:19:34 INFO  Assert that (True == value) with value=True ... passed
11:19:34 INFO  Package asciijump is installed
11:19:34 INFO  Assert that (True == value) with value=True ... passed
11:19:34 INFO  Package registry is installed
11:19:34 INFO  Assert that (True == value) with value=True ... passed
11:19:34 INFO  Response status: 201
11:19:34 INFO  Response to action: {
    &quot;creationTime&quot;: &quot;2022-07-21T11:19:34.783Z&quot;,
    &quot;deviceId&quot;: &quot;21110410&quot;,
    &quot;deviceName&quot;: &quot;m32sd10c&quot;,
    &quot;self&quot;: &quot;https://t493319102.eu-latest.cumulocity.com/devicecontrol/operations/21118532&quot;,
    &quot;id&quot;: &quot;21118532&quot;,
    &quot;status&quot;: &quot;PENDING&quot;,
    &quot;description&quot;: &quot;Apply software changes, triggered from PySys: [{'action': 'delete', 'id': '5495053', 'name': 'apple', 'url': ' ', 'version': '::fruits'}, {'action': 'delete', 'id': '5494888', 'name': 'banana', 'url': ' ', 'version': '::fruits'}, {'action': 'delete', 'id': '5475369', 'name': 'asciijump', 'url': ' ', 'version': '::apt'}, {'action': 'delete', 'id': '5495382', 'name': 'cherry', 'url': ' ', 'version': '::fruits'}, {'action': 'delete', 'id': '8018911', 'name': 'registry', 'url': ' ', 'version': '::docker'}]&quot;,
    &quot;c8y_SoftwareUpdate&quot;: [
        {
            &quot;name&quot;: &quot;apple&quot;,
            &quot;action&quot;: &quot;delete&quot;,
            &quot;id&quot;: &quot;5495053&quot;,
            &quot;version&quot;: &quot;::fruits&quot;,
            &quot;url&quot;: &quot; &quot;
        },
        {
            &quot;name&quot;: &quot;banana&quot;,
            &quot;action&quot;: &quot;delete&quot;,
            &quot;id&quot;: &quot;5494888&quot;,
            &quot;version&quot;: &quot;::fruits&quot;,
            &quot;url&quot;: &quot; &quot;
        },
        {
            &quot;name&quot;: &quot;asciijump&quot;,
            &quot;action&quot;: &quot;delete&quot;,
            &quot;id&quot;: &quot;5475369&quot;,
            &quot;version&quot;: &quot;::apt&quot;,
            &quot;url&quot;: &quot; &quot;
        },
        {
            &quot;name&quot;: &quot;cherry&quot;,
            &quot;action&quot;: &quot;delete&quot;,
            &quot;id&quot;: &quot;5495382&quot;,
            &quot;version&quot;: &quot;::fruits&quot;,
            &quot;url&quot;: &quot; &quot;
        },
        {
            &quot;name&quot;: &quot;registry&quot;,
            &quot;action&quot;: &quot;delete&quot;,
            &quot;id&quot;: &quot;8018911&quot;,
            &quot;version&quot;: &quot;::docker&quot;,
            &quot;url&quot;: &quot; &quot;
        }
    ]
}
11:19:34 INFO  Started operation: {'creationTime': '2022-07-21T11:19:34.783Z', 'deviceId': '21110410', 'deviceName': 'm32sd10c', 'self': 'https://t493319102.eu-latest.cumulocity.com/devicecontrol/operations/21118532', 'id': '21118532', 'status': 'PENDING', 'description': &quot;Apply software changes, triggered from PySys: [{'action': 'delete', 'id': '5495053', 'name': 'apple', 'url': ' ', 'version': '::fruits'}, {'action': 'delete', 'id': '5494888', 'name': 'banana', 'url': ' ', 'version': '::fruits'}, {'action': 'delete', 'id': '5475369', 'name': 'asciijump', 'url': ' ', 'version': '::apt'}, {'action': 'delete', 'id': '5495382', 'name': 'cherry', 'url': ' ', 'version': '::fruits'}, {'action': 'delete', 'id': '8018911', 'name': 'registry', 'url': ' ', 'version': '::docker'}]&quot;, 'c8y_SoftwareUpdate': [{'name': 'apple', 'action': 'delete', 'id': '5495053', 'version': '::fruits', 'url': ' '}, {'name': 'banana', 'action': 'delete', 'id': '5494888', 'version': '::fruits', 'url': ' '}, {'name': 'asciijump', 'action': 'delete', 'id': '5475369', 'version': '::apt', 'url': ' '}, {'name': 'cherry', 'action': 'delete', 'id': '5495382', 'version': '::fruits', 'url': ' '}, {'name': 'registry', 'action': 'delete', 'id': '8018911', 'version': '::docker', 'url': ' '}]}
11:19:37 INFO  State of operation 21118532 : PENDING
11:19:39 INFO  State of operation 21118532 : EXECUTING
11:19:41 INFO  State of operation 21118532 : EXECUTING
11:19:43 INFO  State of operation 21118532 : EXECUTING
11:19:45 INFO  State of operation 21118532 : EXECUTING
11:19:48 INFO  State of operation 21118532 : EXECUTING
11:19:51 INFO  State of operation 21118532 : EXECUTING
11:19:54 INFO  State of operation 21118532 : EXECUTING
11:19:56 INFO  State of operation 21118532 : EXECUTING
11:19:59 INFO  State of operation 21118532 : EXECUTING
11:20:01 INFO  State of operation 21118532 : EXECUTING
11:20:03 INFO  State of operation 21118532 : EXECUTING
11:20:05 INFO  State of operation 21118532 : EXECUTING
11:20:07 INFO  State of operation 21118532 : EXECUTING
11:20:10 INFO  State of operation 21118532 : EXECUTING
11:20:12 INFO  State of operation 21118532 : EXECUTING
11:20:15 INFO  State of operation 21118532 : EXECUTING
11:20:18 INFO  State of operation 21118532 : EXECUTING
11:20:20 INFO  State of operation 21118532 : EXECUTING
11:20:22 INFO  State of operation 21118532 : EXECUTING
11:20:24 INFO  State of operation 21118532 : EXECUTING
11:20:27 INFO  State of operation 21118532 : EXECUTING
11:20:29 INFO  State of operation 21118532 : EXECUTING
11:20:31 INFO  State of operation 21118532 : EXECUTING
11:20:34 INFO  State of operation 21118532 : EXECUTING
11:20:36 INFO  State of operation 21118532 : EXECUTING
11:20:38 INFO  State of operation 21118532 : EXECUTING
11:20:41 INFO  State of operation 21118532 : EXECUTING
11:20:43 INFO  State of operation 21118532 : EXECUTING
11:20:45 INFO  State of operation 21118532 : SUCCESSFUL
11:20:45 INFO  Package apple is installed
11:20:45 INFO  Assert that (True == value) with value=True ... passed
11:20:46 INFO  Package banana is installed
11:20:46 INFO  Assert that (True == value) with value=True ... passed
11:20:46 INFO  Package cherry is installed
11:20:46 INFO  Assert that (True == value) with value=True ... passed
11:20:46 INFO  Assert that (False == value) with value=False ... passed
11:20:46 INFO  Assert that (False == value) with value=False ... passed
11:20:46 INFO  
11:20:46 INFO  cleanup:
11:20:50 INFO  Executed sudo&lt;tedge_disconnect_c8y&gt;, exit status 0
11:20:51 INFO  Executed systemctl&lt;serv_mapper5&gt;, exit status 3
11:20:51 INFO  
11:20:51 INFO  Test duration: 164.60 secs
11:20:51 INFO  Test final outcome:  FAILED
11:20:51 INFO  Test outcome reason: Assert that (False == value) with value=True
11:20:51 INFO  
</system-out>
	</testcase>
</testsuite>
