<?xml version="1.0" encoding="utf-8"?>
<testsuite failures="1" name="SoftwareManagement.sm_apt_install_remove_multiple" skipped="0" tests="1" time="137.74" timestamp="2022-07-21T22:40:06">
	<testcase classname="PySysTest" name="SoftwareManagement.sm_apt_install_remove_multiple">
		<failure message="FAILED: Assert that (False == value) with value=True (+2 other failures)" type="FAILED"/>
		<system-out>22:37:48 INFO  ==============================================================
22:37:48 INFO  Id:    SoftwareManagement.sm_apt_install_remove_multiple
22:37:48 INFO  Dir:   software_management_end_to_end/
22:37:48 INFO  Title: Validate end to end behaviour for the apt plugin for multiple packages
22:37:48 INFO  ==============================================================
22:37:48 INFO  Using sw id database: {'asciijump': '5475369', 'robotfindskitten': '5474869', 'squirrel3': '5475279', 'rolldice': '5152439', 'moon-buggy': '5439204', 'apple': '5495053', 'banana': '5494888', 'cherry': '5495382', 'watermelon': '5494510', 'registry': '8018911', 'hello-world': '8021526', 'docker/getting-started': '8021973', 'alpine': '7991792'}
22:37:48 INFO  EnvironmentC8y Setup
22:37:49 INFO  Executed systemctl&lt;serv_mapper1&gt;, exit status 3
22:37:49 INFO  Restarting mosquitto too frequently in the last 10 seconds. It was only up for 5 seconds
22:37:49 INFO  Delaying execution by 6 seconds
22:38:09 INFO  Executed sudo&lt;tedge_connect_c8y&gt;, exit status 0, duration 13 secs
22:38:10 INFO  Executed sudo&lt;tedge_connect_c8y_test&gt;, exit status 0
22:38:10 INFO  Executed systemctl&lt;serv_mosq2&gt;, exit status 0
22:38:11 INFO  Executed systemctl&lt;serv_mapper3&gt;, exit status 0
22:38:13 INFO  State of current operation: SUCCESSFUL
22:38:13 INFO  Assert that (False == value) with value=False ... passed
22:38:13 INFO  Package asciijump is installed
22:38:14 WARN  Assert that (False == value) with value=True ... failed 
22:38:14 INFO  Package squirrel3 is installed
22:38:14 WARN  Assert that (False == value) with value=True ... failed 
22:38:14 INFO  Package robotfindskitten is installed
22:38:14 WARN  Assert that (False == value) with value=True ... failed 
22:38:14 INFO  Response status: 201
22:38:14 INFO  Response to action: {
    &quot;creationTime&quot;: &quot;2022-07-21T22:38:14.763Z&quot;,
    &quot;deviceId&quot;: &quot;21167114&quot;,
    &quot;deviceName&quot;: &quot;m32sd10c&quot;,
    &quot;self&quot;: &quot;https://t493319102.eu-latest.cumulocity.com/devicecontrol/operations/21201147&quot;,
    &quot;id&quot;: &quot;21201147&quot;,
    &quot;status&quot;: &quot;PENDING&quot;,
    &quot;description&quot;: &quot;Apply software changes, triggered from PySys: [{'action': 'install', 'id': '5475369', 'name': 'asciijump', 'url': ' ', 'version': '::apt'}, {'action': 'install', 'id': '5474869', 'name': 'robotfindskitten', 'url': ' ', 'version': '::apt'}, {'action': 'install', 'id': '5475279', 'name': 'squirrel3', 'url': ' ', 'version': '::apt'}]&quot;,
    &quot;c8y_SoftwareUpdate&quot;: [
        {
            &quot;name&quot;: &quot;asciijump&quot;,
            &quot;action&quot;: &quot;install&quot;,
            &quot;id&quot;: &quot;5475369&quot;,
            &quot;version&quot;: &quot;::apt&quot;,
            &quot;url&quot;: &quot; &quot;
        },
        {
            &quot;name&quot;: &quot;robotfindskitten&quot;,
            &quot;action&quot;: &quot;install&quot;,
            &quot;id&quot;: &quot;5474869&quot;,
            &quot;version&quot;: &quot;::apt&quot;,
            &quot;url&quot;: &quot; &quot;
        },
        {
            &quot;name&quot;: &quot;squirrel3&quot;,
            &quot;action&quot;: &quot;install&quot;,
            &quot;id&quot;: &quot;5475279&quot;,
            &quot;version&quot;: &quot;::apt&quot;,
            &quot;url&quot;: &quot; &quot;
        }
    ]
}
22:38:14 INFO  Started operation: {'creationTime': '2022-07-21T22:38:14.763Z', 'deviceId': '21167114', 'deviceName': 'm32sd10c', 'self': 'https://t493319102.eu-latest.cumulocity.com/devicecontrol/operations/21201147', 'id': '21201147', 'status': 'PENDING', 'description': &quot;Apply software changes, triggered from PySys: [{'action': 'install', 'id': '5475369', 'name': 'asciijump', 'url': ' ', 'version': '::apt'}, {'action': 'install', 'id': '5474869', 'name': 'robotfindskitten', 'url': ' ', 'version': '::apt'}, {'action': 'install', 'id': '5475279', 'name': 'squirrel3', 'url': ' ', 'version': '::apt'}]&quot;, 'c8y_SoftwareUpdate': [{'name': 'asciijump', 'action': 'install', 'id': '5475369', 'version': '::apt', 'url': ' '}, {'name': 'robotfindskitten', 'action': 'install', 'id': '5474869', 'version': '::apt', 'url': ' '}, {'name': 'squirrel3', 'action': 'install', 'id': '5475279', 'version': '::apt', 'url': ' '}]}
22:38:17 INFO  State of operation 21201147 : PENDING
22:38:19 INFO  State of operation 21201147 : EXECUTING
22:38:21 INFO  State of operation 21201147 : EXECUTING
22:38:23 INFO  State of operation 21201147 : EXECUTING
22:38:25 INFO  State of operation 21201147 : EXECUTING
22:38:28 INFO  State of operation 21201147 : EXECUTING
22:38:30 INFO  State of operation 21201147 : EXECUTING
22:38:33 INFO  State of operation 21201147 : EXECUTING
22:38:36 INFO  State of operation 21201147 : EXECUTING
22:38:38 INFO  State of operation 21201147 : EXECUTING
22:38:40 INFO  State of operation 21201147 : EXECUTING
22:38:42 INFO  State of operation 21201147 : EXECUTING
22:38:45 INFO  State of operation 21201147 : EXECUTING
22:38:47 INFO  State of operation 21201147 : EXECUTING
22:38:49 INFO  State of operation 21201147 : EXECUTING
22:38:51 INFO  State of operation 21201147 : SUCCESSFUL
22:38:51 INFO  Assert that (False == value) with value=False ... passed
22:38:52 INFO  Package asciijump is installed
22:38:52 INFO  Assert that (True == value) with value=True ... passed
22:38:52 INFO  Package squirrel3 is installed
22:38:52 INFO  Assert that (True == value) with value=True ... passed
22:38:52 INFO  Package robotfindskitten is installed
22:38:52 INFO  Assert that (True == value) with value=True ... passed
22:38:52 INFO  Response status: 201
22:38:52 INFO  Response to action: {
    &quot;creationTime&quot;: &quot;2022-07-21T22:38:52.909Z&quot;,
    &quot;deviceId&quot;: &quot;21167114&quot;,
    &quot;deviceName&quot;: &quot;m32sd10c&quot;,
    &quot;self&quot;: &quot;https://t493319102.eu-latest.cumulocity.com/devicecontrol/operations/21201151&quot;,
    &quot;id&quot;: &quot;21201151&quot;,
    &quot;status&quot;: &quot;PENDING&quot;,
    &quot;description&quot;: &quot;Apply software changes, triggered from PySys: [{'action': 'delete', 'id': '5475369', 'name': 'asciijump', 'url': ' ', 'version': '::apt'}, {'action': 'delete', 'id': '5474869', 'name': 'robotfindskitten', 'url': ' ', 'version': '::apt'}, {'action': 'delete', 'id': '5475279', 'name': 'squirrel3', 'url': ' ', 'version': '::apt'}]&quot;,
    &quot;c8y_SoftwareUpdate&quot;: [
        {
            &quot;name&quot;: &quot;asciijump&quot;,
            &quot;action&quot;: &quot;delete&quot;,
            &quot;id&quot;: &quot;5475369&quot;,
            &quot;version&quot;: &quot;::apt&quot;,
            &quot;url&quot;: &quot; &quot;
        },
        {
            &quot;name&quot;: &quot;robotfindskitten&quot;,
            &quot;action&quot;: &quot;delete&quot;,
            &quot;id&quot;: &quot;5474869&quot;,
            &quot;version&quot;: &quot;::apt&quot;,
            &quot;url&quot;: &quot; &quot;
        },
        {
            &quot;name&quot;: &quot;squirrel3&quot;,
            &quot;action&quot;: &quot;delete&quot;,
            &quot;id&quot;: &quot;5475279&quot;,
            &quot;version&quot;: &quot;::apt&quot;,
            &quot;url&quot;: &quot; &quot;
        }
    ]
}
22:38:52 INFO  Started operation: {'creationTime': '2022-07-21T22:38:52.909Z', 'deviceId': '21167114', 'deviceName': 'm32sd10c', 'self': 'https://t493319102.eu-latest.cumulocity.com/devicecontrol/operations/21201151', 'id': '21201151', 'status': 'PENDING', 'description': &quot;Apply software changes, triggered from PySys: [{'action': 'delete', 'id': '5475369', 'name': 'asciijump', 'url': ' ', 'version': '::apt'}, {'action': 'delete', 'id': '5474869', 'name': 'robotfindskitten', 'url': ' ', 'version': '::apt'}, {'action': 'delete', 'id': '5475279', 'name': 'squirrel3', 'url': ' ', 'version': '::apt'}]&quot;, 'c8y_SoftwareUpdate': [{'name': 'asciijump', 'action': 'delete', 'id': '5475369', 'version': '::apt', 'url': ' '}, {'name': 'robotfindskitten', 'action': 'delete', 'id': '5474869', 'version': '::apt', 'url': ' '}, {'name': 'squirrel3', 'action': 'delete', 'id': '5475279', 'version': '::apt', 'url': ' '}]}
22:38:55 INFO  State of operation 21201151 : PENDING
22:38:57 INFO  State of operation 21201151 : EXECUTING
22:38:59 INFO  State of operation 21201151 : EXECUTING
22:39:01 INFO  State of operation 21201151 : EXECUTING
22:39:04 INFO  State of operation 21201151 : EXECUTING
22:39:06 INFO  State of operation 21201151 : EXECUTING
22:39:09 INFO  State of operation 21201151 : EXECUTING
22:39:11 INFO  State of operation 21201151 : EXECUTING
22:39:14 INFO  State of operation 21201151 : EXECUTING
22:39:16 INFO  State of operation 21201151 : EXECUTING
22:39:18 INFO  State of operation 21201151 : EXECUTING
22:39:21 INFO  State of operation 21201151 : EXECUTING
22:39:23 INFO  State of operation 21201151 : EXECUTING
22:39:25 INFO  State of operation 21201151 : EXECUTING
22:39:27 INFO  State of operation 21201151 : EXECUTING
22:39:30 INFO  State of operation 21201151 : EXECUTING
22:39:32 INFO  State of operation 21201151 : EXECUTING
22:39:35 INFO  State of operation 21201151 : EXECUTING
22:39:37 INFO  State of operation 21201151 : EXECUTING
22:39:39 INFO  State of operation 21201151 : EXECUTING
22:39:42 INFO  State of operation 21201151 : EXECUTING
22:39:44 INFO  State of operation 21201151 : EXECUTING
22:39:46 INFO  State of operation 21201151 : EXECUTING
22:39:48 INFO  State of operation 21201151 : EXECUTING
22:39:51 INFO  State of operation 21201151 : EXECUTING
22:39:54 INFO  State of operation 21201151 : EXECUTING
22:39:56 INFO  State of operation 21201151 : EXECUTING
22:39:58 INFO  State of operation 21201151 : EXECUTING
22:40:01 INFO  State of operation 21201151 : SUCCESSFUL
22:40:01 INFO  Assert that (False == value) with value=False ... passed
22:40:01 INFO  Assert that (False == value) with value=False ... passed
22:40:01 INFO  Assert that (False == value) with value=False ... passed
22:40:02 INFO  Assert that (False == value) with value=False ... passed
22:40:02 INFO  
22:40:02 INFO  cleanup:
22:40:05 INFO  Executed sudo&lt;tedge_disconnect_c8y&gt;, exit status 0
22:40:06 INFO  Executed systemctl&lt;serv_mapper5&gt;, exit status 3
22:40:06 INFO  
22:40:06 INFO  Test duration: 137.74 secs
22:40:06 INFO  Test final outcome:  FAILED
22:40:06 INFO  Test outcome reason: Assert that (False == value) with value=True (+2 other failures)
22:40:06 INFO  
</system-out>
	</testcase>
</testsuite>
