<?xml version="1.0" encoding="utf-8"?>
<testsuite failures="1" name="SoftwareManagement.sm_apt_install_remove_multiple" skipped="0" tests="1" time="147.26" timestamp="2022-07-22T00:12:32">
	<testcase classname="PySysTest" name="SoftwareManagement.sm_apt_install_remove_multiple">
		<failure message="FAILED: Assert that (False == value) with value=True (+2 other failures)" type="FAILED"/>
		<system-out>00:10:05 INFO  ==============================================================
00:10:05 INFO  Id:    SoftwareManagement.sm_apt_install_remove_multiple
00:10:05 INFO  Dir:   software_management_end_to_end/
00:10:05 INFO  Title: Validate end to end behaviour for the apt plugin for multiple packages
00:10:05 INFO  ==============================================================
00:10:05 INFO  Using sw id database: {'asciijump': '5475369', 'robotfindskitten': '5474869', 'squirrel3': '5475279', 'rolldice': '5152439', 'moon-buggy': '5439204', 'apple': '5495053', 'banana': '5494888', 'cherry': '5495382', 'watermelon': '5494510', 'registry': '8018911', 'hello-world': '8021526', 'docker/getting-started': '8021973', 'alpine': '7991792'}
00:10:05 INFO  EnvironmentC8y Setup
00:10:06 INFO  Executed systemctl&lt;serv_mapper1&gt;, exit status 3
00:10:06 INFO  Restarting mosquitto too frequently in the last 10 seconds. It was only up for 5 seconds
00:10:06 INFO  Delaying execution by 6 seconds
00:10:26 INFO  Executed sudo&lt;tedge_connect_c8y&gt;, exit status 0, duration 14 secs
00:10:27 INFO  Executed sudo&lt;tedge_connect_c8y_test&gt;, exit status 0
00:10:27 INFO  Executed systemctl&lt;serv_mosq2&gt;, exit status 0
00:10:28 INFO  Executed systemctl&lt;serv_mapper3&gt;, exit status 0
00:10:30 INFO  State of current operation: SUCCESSFUL
00:10:30 INFO  Assert that (False == value) with value=False ... passed
00:10:31 INFO  Package asciijump is installed
00:10:31 WARN  Assert that (False == value) with value=True ... failed 
00:10:31 INFO  Package squirrel3 is installed
00:10:31 WARN  Assert that (False == value) with value=True ... failed 
00:10:32 INFO  Package robotfindskitten is installed
00:10:32 WARN  Assert that (False == value) with value=True ... failed 
00:10:32 INFO  Response status: 201
00:10:32 INFO  Response to action: {
    &quot;creationTime&quot;: &quot;2022-07-22T00:10:32.262Z&quot;,
    &quot;deviceId&quot;: &quot;21167114&quot;,
    &quot;deviceName&quot;: &quot;m32sd10c&quot;,
    &quot;self&quot;: &quot;https://t493319102.eu-latest.cumulocity.com/devicecontrol/operations/21210865&quot;,
    &quot;id&quot;: &quot;21210865&quot;,
    &quot;status&quot;: &quot;PENDING&quot;,
    &quot;description&quot;: &quot;Apply software changes, triggered from PySys: [{'action': 'install', 'id': '5475369', 'name': 'asciijump', 'url': ' ', 'version': '::apt'}, {'action': 'install', 'id': '5474869', 'name': 'robotfindskitten', 'url': ' ', 'version': '::apt'}, {'action': 'install', 'id': '5475279', 'name': 'squirrel3', 'url': ' ', 'version': '::apt'}]&quot;,
    &quot;c8y_SoftwareUpdate&quot;: [
        {
            &quot;name&quot;: &quot;asciijump&quot;,
            &quot;action&quot;: &quot;install&quot;,
            &quot;id&quot;: &quot;5475369&quot;,
            &quot;version&quot;: &quot;::apt&quot;,
            &quot;url&quot;: &quot; &quot;
        },
        {
            &quot;name&quot;: &quot;robotfindskitten&quot;,
            &quot;action&quot;: &quot;install&quot;,
            &quot;id&quot;: &quot;5474869&quot;,
            &quot;version&quot;: &quot;::apt&quot;,
            &quot;url&quot;: &quot; &quot;
        },
        {
            &quot;name&quot;: &quot;squirrel3&quot;,
            &quot;action&quot;: &quot;install&quot;,
            &quot;id&quot;: &quot;5475279&quot;,
            &quot;version&quot;: &quot;::apt&quot;,
            &quot;url&quot;: &quot; &quot;
        }
    ]
}
00:10:32 INFO  Started operation: {'creationTime': '2022-07-22T00:10:32.262Z', 'deviceId': '21167114', 'deviceName': 'm32sd10c', 'self': 'https://t493319102.eu-latest.cumulocity.com/devicecontrol/operations/21210865', 'id': '21210865', 'status': 'PENDING', 'description': &quot;Apply software changes, triggered from PySys: [{'action': 'install', 'id': '5475369', 'name': 'asciijump', 'url': ' ', 'version': '::apt'}, {'action': 'install', 'id': '5474869', 'name': 'robotfindskitten', 'url': ' ', 'version': '::apt'}, {'action': 'install', 'id': '5475279', 'name': 'squirrel3', 'url': ' ', 'version': '::apt'}]&quot;, 'c8y_SoftwareUpdate': [{'name': 'asciijump', 'action': 'install', 'id': '5475369', 'version': '::apt', 'url': ' '}, {'name': 'robotfindskitten', 'action': 'install', 'id': '5474869', 'version': '::apt', 'url': ' '}, {'name': 'squirrel3', 'action': 'install', 'id': '5475279', 'version': '::apt', 'url': ' '}]}
00:10:34 INFO  State of operation 21210865 : PENDING
00:10:36 INFO  State of operation 21210865 : EXECUTING
00:10:39 INFO  State of operation 21210865 : EXECUTING
00:10:41 INFO  State of operation 21210865 : EXECUTING
00:10:43 INFO  State of operation 21210865 : EXECUTING
00:10:45 INFO  State of operation 21210865 : EXECUTING
00:10:49 INFO  State of operation 21210865 : EXECUTING
00:10:52 INFO  State of operation 21210865 : EXECUTING
00:10:54 INFO  State of operation 21210865 : EXECUTING
00:10:57 INFO  State of operation 21210865 : EXECUTING
00:10:59 INFO  State of operation 21210865 : EXECUTING
00:11:01 INFO  State of operation 21210865 : EXECUTING
00:11:03 INFO  State of operation 21210865 : EXECUTING
00:11:06 INFO  State of operation 21210865 : EXECUTING
00:11:08 INFO  State of operation 21210865 : EXECUTING
00:11:10 INFO  State of operation 21210865 : SUCCESSFUL
00:11:10 INFO  Assert that (False == value) with value=False ... passed
00:11:11 INFO  Package asciijump is installed
00:11:11 INFO  Assert that (True == value) with value=True ... passed
00:11:11 INFO  Package squirrel3 is installed
00:11:11 INFO  Assert that (True == value) with value=True ... passed
00:11:11 INFO  Package robotfindskitten is installed
00:11:11 INFO  Assert that (True == value) with value=True ... passed
00:11:11 INFO  Response status: 201
00:11:11 INFO  Response to action: {
    &quot;creationTime&quot;: &quot;2022-07-22T00:11:11.763Z&quot;,
    &quot;deviceId&quot;: &quot;21167114&quot;,
    &quot;deviceName&quot;: &quot;m32sd10c&quot;,
    &quot;self&quot;: &quot;https://t493319102.eu-latest.cumulocity.com/devicecontrol/operations/21210869&quot;,
    &quot;id&quot;: &quot;21210869&quot;,
    &quot;status&quot;: &quot;PENDING&quot;,
    &quot;description&quot;: &quot;Apply software changes, triggered from PySys: [{'action': 'delete', 'id': '5475369', 'name': 'asciijump', 'url': ' ', 'version': '::apt'}, {'action': 'delete', 'id': '5474869', 'name': 'robotfindskitten', 'url': ' ', 'version': '::apt'}, {'action': 'delete', 'id': '5475279', 'name': 'squirrel3', 'url': ' ', 'version': '::apt'}]&quot;,
    &quot;c8y_SoftwareUpdate&quot;: [
        {
            &quot;name&quot;: &quot;asciijump&quot;,
            &quot;action&quot;: &quot;delete&quot;,
            &quot;id&quot;: &quot;5475369&quot;,
            &quot;version&quot;: &quot;::apt&quot;,
            &quot;url&quot;: &quot; &quot;
        },
        {
            &quot;name&quot;: &quot;robotfindskitten&quot;,
            &quot;action&quot;: &quot;delete&quot;,
            &quot;id&quot;: &quot;5474869&quot;,
            &quot;version&quot;: &quot;::apt&quot;,
            &quot;url&quot;: &quot; &quot;
        },
        {
            &quot;name&quot;: &quot;squirrel3&quot;,
            &quot;action&quot;: &quot;delete&quot;,
            &quot;id&quot;: &quot;5475279&quot;,
            &quot;version&quot;: &quot;::apt&quot;,
            &quot;url&quot;: &quot; &quot;
        }
    ]
}
00:11:11 INFO  Started operation: {'creationTime': '2022-07-22T00:11:11.763Z', 'deviceId': '21167114', 'deviceName': 'm32sd10c', 'self': 'https://t493319102.eu-latest.cumulocity.com/devicecontrol/operations/21210869', 'id': '21210869', 'status': 'PENDING', 'description': &quot;Apply software changes, triggered from PySys: [{'action': 'delete', 'id': '5475369', 'name': 'asciijump', 'url': ' ', 'version': '::apt'}, {'action': 'delete', 'id': '5474869', 'name': 'robotfindskitten', 'url': ' ', 'version': '::apt'}, {'action': 'delete', 'id': '5475279', 'name': 'squirrel3', 'url': ' ', 'version': '::apt'}]&quot;, 'c8y_SoftwareUpdate': [{'name': 'asciijump', 'action': 'delete', 'id': '5475369', 'version': '::apt', 'url': ' '}, {'name': 'robotfindskitten', 'action': 'delete', 'id': '5474869', 'version': '::apt', 'url': ' '}, {'name': 'squirrel3', 'action': 'delete', 'id': '5475279', 'version': '::apt', 'url': ' '}]}
00:11:14 INFO  State of operation 21210869 : PENDING
00:11:16 INFO  State of operation 21210869 : EXECUTING
00:11:18 INFO  State of operation 21210869 : EXECUTING
00:11:20 INFO  State of operation 21210869 : EXECUTING
00:11:23 INFO  State of operation 21210869 : EXECUTING
00:11:25 INFO  State of operation 21210869 : EXECUTING
00:11:27 INFO  State of operation 21210869 : EXECUTING
00:11:30 INFO  State of operation 21210869 : EXECUTING
00:11:33 INFO  State of operation 21210869 : EXECUTING
00:11:35 INFO  State of operation 21210869 : EXECUTING
00:11:37 INFO  State of operation 21210869 : EXECUTING
00:11:39 INFO  State of operation 21210869 : EXECUTING
00:11:42 INFO  State of operation 21210869 : EXECUTING
00:11:44 INFO  State of operation 21210869 : EXECUTING
00:11:46 INFO  State of operation 21210869 : EXECUTING
00:11:48 INFO  State of operation 21210869 : EXECUTING
00:11:51 INFO  State of operation 21210869 : EXECUTING
00:11:53 INFO  State of operation 21210869 : EXECUTING
00:11:55 INFO  State of operation 21210869 : EXECUTING
00:11:58 INFO  State of operation 21210869 : EXECUTING
00:12:00 INFO  State of operation 21210869 : EXECUTING
00:12:03 INFO  State of operation 21210869 : EXECUTING
00:12:05 INFO  State of operation 21210869 : EXECUTING
00:12:07 INFO  State of operation 21210869 : EXECUTING
00:12:10 INFO  State of operation 21210869 : EXECUTING
00:12:12 INFO  State of operation 21210869 : EXECUTING
00:12:14 INFO  State of operation 21210869 : EXECUTING
00:12:17 INFO  State of operation 21210869 : EXECUTING
00:12:19 INFO  State of operation 21210869 : EXECUTING
00:12:22 INFO  State of operation 21210869 : EXECUTING
00:12:24 INFO  State of operation 21210869 : EXECUTING
00:12:26 INFO  State of operation 21210869 : SUCCESSFUL
00:12:26 INFO  Assert that (False == value) with value=False ... passed
00:12:27 INFO  Assert that (False == value) with value=False ... passed
00:12:27 INFO  Assert that (False == value) with value=False ... passed
00:12:27 INFO  Assert that (False == value) with value=False ... passed
00:12:27 INFO  
00:12:27 INFO  cleanup:
00:12:32 INFO  Executed sudo&lt;tedge_disconnect_c8y&gt;, exit status 0
00:12:32 INFO  Executed systemctl&lt;serv_mapper5&gt;, exit status 3
00:12:32 INFO  
00:12:32 INFO  Test duration: 147.26 secs
00:12:32 INFO  Test final outcome:  FAILED
00:12:32 INFO  Test outcome reason: Assert that (False == value) with value=True (+2 other failures)
00:12:32 INFO  
</system-out>
	</testcase>
</testsuite>
