<?xml version="1.0" encoding="utf-8"?>
<testsuite failures="1" name="SoftwareManagement.sm_apt_install_remove_multiple" skipped="0" tests="1" time="182.35" timestamp="2022-07-26T08:16:26">
	<testcase classname="PySysTest" name="SoftwareManagement.sm_apt_install_remove_multiple">
		<failure message="FAILED: Assert that (False == value) with value=True" type="FAILED"/>
		<system-out>08:13:24 INFO  ==============================================================
08:13:24 INFO  Id:    SoftwareManagement.sm_apt_install_remove_multiple
08:13:24 INFO  Dir:   software_management_end_to_end/
08:13:24 INFO  Title: Validate end to end behaviour for the apt plugin for multiple packages
08:13:24 INFO  ==============================================================
08:13:24 INFO  Using sw id database: {'asciijump': '5475369', 'robotfindskitten': '5474869', 'squirrel3': '5475279', 'rolldice': '5152439', 'moon-buggy': '5439204', 'apple': '5495053', 'banana': '5494888', 'cherry': '5495382', 'watermelon': '5494510', 'registry': '8018911', 'hello-world': '8021526', 'docker/getting-started': '8021973', 'alpine': '7991792'}
08:13:24 INFO  EnvironmentC8y Setup
08:13:24 INFO  Executed systemctl&lt;serv_mapper1&gt;, exit status 3
08:13:24 INFO  Restarting mosquitto too frequently in the last 10 seconds. It was only up for 4 seconds
08:13:24 INFO  Delaying execution by 7 seconds
08:13:46 INFO  Executed sudo&lt;tedge_connect_c8y&gt;, exit status 0, duration 14 secs
08:13:46 INFO  Executed sudo&lt;tedge_connect_c8y_test&gt;, exit status 0
08:13:47 INFO  Executed systemctl&lt;serv_mosq2&gt;, exit status 0
08:13:47 INFO  Executed systemctl&lt;serv_mapper3&gt;, exit status 0
08:13:49 INFO  State of current operation: SUCCESSFUL
08:13:50 INFO  Assert that (False == value) with value=False ... passed
08:13:50 INFO  Assert that (False == value) with value=False ... passed
08:13:50 INFO  Assert that (False == value) with value=False ... passed
08:13:50 INFO  Package robotfindskitten is installed
08:13:51 WARN  Assert that (False == value) with value=True ... failed 
08:13:51 INFO  Response status: 201
08:13:51 INFO  Response to action: {
    &quot;creationTime&quot;: &quot;2022-07-26T08:13:51.287Z&quot;,
    &quot;deviceId&quot;: &quot;21411792&quot;,
    &quot;deviceName&quot;: &quot;m32sd10c&quot;,
    &quot;self&quot;: &quot;https://t493319102.eu-latest.cumulocity.com/devicecontrol/operations/21434571&quot;,
    &quot;id&quot;: &quot;21434571&quot;,
    &quot;status&quot;: &quot;PENDING&quot;,
    &quot;description&quot;: &quot;Apply software changes, triggered from PySys: [{'action': 'install', 'id': '5475369', 'name': 'asciijump', 'url': ' ', 'version': '::apt'}, {'action': 'install', 'id': '5474869', 'name': 'robotfindskitten', 'url': ' ', 'version': '::apt'}, {'action': 'install', 'id': '5475279', 'name': 'squirrel3', 'url': ' ', 'version': '::apt'}]&quot;,
    &quot;c8y_SoftwareUpdate&quot;: [
        {
            &quot;name&quot;: &quot;asciijump&quot;,
            &quot;action&quot;: &quot;install&quot;,
            &quot;id&quot;: &quot;5475369&quot;,
            &quot;version&quot;: &quot;::apt&quot;,
            &quot;url&quot;: &quot; &quot;
        },
        {
            &quot;name&quot;: &quot;robotfindskitten&quot;,
            &quot;action&quot;: &quot;install&quot;,
            &quot;id&quot;: &quot;5474869&quot;,
            &quot;version&quot;: &quot;::apt&quot;,
            &quot;url&quot;: &quot; &quot;
        },
        {
            &quot;name&quot;: &quot;squirrel3&quot;,
            &quot;action&quot;: &quot;install&quot;,
            &quot;id&quot;: &quot;5475279&quot;,
            &quot;version&quot;: &quot;::apt&quot;,
            &quot;url&quot;: &quot; &quot;
        }
    ]
}
08:13:51 INFO  Started operation: {'creationTime': '2022-07-26T08:13:51.287Z', 'deviceId': '21411792', 'deviceName': 'm32sd10c', 'self': 'https://t493319102.eu-latest.cumulocity.com/devicecontrol/operations/21434571', 'id': '21434571', 'status': 'PENDING', 'description': &quot;Apply software changes, triggered from PySys: [{'action': 'install', 'id': '5475369', 'name': 'asciijump', 'url': ' ', 'version': '::apt'}, {'action': 'install', 'id': '5474869', 'name': 'robotfindskitten', 'url': ' ', 'version': '::apt'}, {'action': 'install', 'id': '5475279', 'name': 'squirrel3', 'url': ' ', 'version': '::apt'}]&quot;, 'c8y_SoftwareUpdate': [{'name': 'asciijump', 'action': 'install', 'id': '5475369', 'version': '::apt', 'url': ' '}, {'name': 'robotfindskitten', 'action': 'install', 'id': '5474869', 'version': '::apt', 'url': ' '}, {'name': 'squirrel3', 'action': 'install', 'id': '5475279', 'version': '::apt', 'url': ' '}]}
08:13:53 INFO  State of operation 21434571 : PENDING
08:13:55 INFO  State of operation 21434571 : EXECUTING
08:13:58 INFO  State of operation 21434571 : EXECUTING
08:14:00 INFO  State of operation 21434571 : EXECUTING
08:14:02 INFO  State of operation 21434571 : EXECUTING
08:14:04 INFO  State of operation 21434571 : EXECUTING
08:14:07 INFO  State of operation 21434571 : EXECUTING
08:14:10 INFO  State of operation 21434571 : EXECUTING
08:14:12 INFO  State of operation 21434571 : EXECUTING
08:14:15 INFO  State of operation 21434571 : EXECUTING
08:14:17 INFO  State of operation 21434571 : EXECUTING
08:14:19 INFO  State of operation 21434571 : EXECUTING
08:14:21 INFO  State of operation 21434571 : EXECUTING
08:14:24 INFO  State of operation 21434571 : EXECUTING
08:14:26 INFO  State of operation 21434571 : EXECUTING
08:14:28 INFO  State of operation 21434571 : EXECUTING
08:14:30 INFO  State of operation 21434571 : EXECUTING
08:14:33 INFO  State of operation 21434571 : EXECUTING
08:14:36 INFO  State of operation 21434571 : EXECUTING
08:14:38 INFO  State of operation 21434571 : EXECUTING
08:14:40 INFO  State of operation 21434571 : EXECUTING
08:14:42 INFO  State of operation 21434571 : EXECUTING
08:14:45 INFO  State of operation 21434571 : EXECUTING
08:14:47 INFO  State of operation 21434571 : EXECUTING
08:14:50 INFO  State of operation 21434571 : EXECUTING
08:14:52 INFO  State of operation 21434571 : EXECUTING
08:14:55 INFO  State of operation 21434571 : EXECUTING
08:14:57 INFO  State of operation 21434571 : EXECUTING
08:15:00 INFO  State of operation 21434571 : EXECUTING
08:15:02 INFO  State of operation 21434571 : EXECUTING
08:15:05 INFO  State of operation 21434571 : EXECUTING
08:15:07 INFO  State of operation 21434571 : EXECUTING
08:15:09 INFO  State of operation 21434571 : EXECUTING
08:15:11 INFO  State of operation 21434571 : EXECUTING
08:15:14 INFO  State of operation 21434571 : SUCCESSFUL
08:15:14 INFO  Assert that (False == value) with value=False ... passed
08:15:14 INFO  Package asciijump is installed
08:15:14 INFO  Assert that (True == value) with value=True ... passed
08:15:14 INFO  Package squirrel3 is installed
08:15:14 INFO  Assert that (True == value) with value=True ... passed
08:15:14 INFO  Package robotfindskitten is installed
08:15:14 INFO  Assert that (True == value) with value=True ... passed
08:15:15 INFO  Response status: 201
08:15:15 INFO  Response to action: {
    &quot;creationTime&quot;: &quot;2022-07-26T08:15:15.106Z&quot;,
    &quot;deviceId&quot;: &quot;21411792&quot;,
    &quot;deviceName&quot;: &quot;m32sd10c&quot;,
    &quot;self&quot;: &quot;https://t493319102.eu-latest.cumulocity.com/devicecontrol/operations/21434583&quot;,
    &quot;id&quot;: &quot;21434583&quot;,
    &quot;status&quot;: &quot;PENDING&quot;,
    &quot;description&quot;: &quot;Apply software changes, triggered from PySys: [{'action': 'delete', 'id': '5475369', 'name': 'asciijump', 'url': ' ', 'version': '::apt'}, {'action': 'delete', 'id': '5474869', 'name': 'robotfindskitten', 'url': ' ', 'version': '::apt'}, {'action': 'delete', 'id': '5475279', 'name': 'squirrel3', 'url': ' ', 'version': '::apt'}]&quot;,
    &quot;c8y_SoftwareUpdate&quot;: [
        {
            &quot;name&quot;: &quot;asciijump&quot;,
            &quot;action&quot;: &quot;delete&quot;,
            &quot;id&quot;: &quot;5475369&quot;,
            &quot;version&quot;: &quot;::apt&quot;,
            &quot;url&quot;: &quot; &quot;
        },
        {
            &quot;name&quot;: &quot;robotfindskitten&quot;,
            &quot;action&quot;: &quot;delete&quot;,
            &quot;id&quot;: &quot;5474869&quot;,
            &quot;version&quot;: &quot;::apt&quot;,
            &quot;url&quot;: &quot; &quot;
        },
        {
            &quot;name&quot;: &quot;squirrel3&quot;,
            &quot;action&quot;: &quot;delete&quot;,
            &quot;id&quot;: &quot;5475279&quot;,
            &quot;version&quot;: &quot;::apt&quot;,
            &quot;url&quot;: &quot; &quot;
        }
    ]
}
08:15:15 INFO  Started operation: {'creationTime': '2022-07-26T08:15:15.106Z', 'deviceId': '21411792', 'deviceName': 'm32sd10c', 'self': 'https://t493319102.eu-latest.cumulocity.com/devicecontrol/operations/21434583', 'id': '21434583', 'status': 'PENDING', 'description': &quot;Apply software changes, triggered from PySys: [{'action': 'delete', 'id': '5475369', 'name': 'asciijump', 'url': ' ', 'version': '::apt'}, {'action': 'delete', 'id': '5474869', 'name': 'robotfindskitten', 'url': ' ', 'version': '::apt'}, {'action': 'delete', 'id': '5475279', 'name': 'squirrel3', 'url': ' ', 'version': '::apt'}]&quot;, 'c8y_SoftwareUpdate': [{'name': 'asciijump', 'action': 'delete', 'id': '5475369', 'version': '::apt', 'url': ' '}, {'name': 'robotfindskitten', 'action': 'delete', 'id': '5474869', 'version': '::apt', 'url': ' '}, {'name': 'squirrel3', 'action': 'delete', 'id': '5475279', 'version': '::apt', 'url': ' '}]}
08:15:17 INFO  State of operation 21434583 : PENDING
08:15:19 INFO  State of operation 21434583 : EXECUTING
08:15:21 INFO  State of operation 21434583 : EXECUTING
08:15:24 INFO  State of operation 21434583 : EXECUTING
08:15:26 INFO  State of operation 21434583 : EXECUTING
08:15:28 INFO  State of operation 21434583 : EXECUTING
08:15:31 INFO  State of operation 21434583 : EXECUTING
08:15:34 INFO  State of operation 21434583 : EXECUTING
08:15:36 INFO  State of operation 21434583 : EXECUTING
08:15:39 INFO  State of operation 21434583 : EXECUTING
08:15:41 INFO  State of operation 21434583 : EXECUTING
08:15:43 INFO  State of operation 21434583 : EXECUTING
08:15:45 INFO  State of operation 21434583 : EXECUTING
08:15:48 INFO  State of operation 21434583 : EXECUTING
08:15:50 INFO  State of operation 21434583 : EXECUTING
08:15:52 INFO  State of operation 21434583 : EXECUTING
08:15:54 INFO  State of operation 21434583 : EXECUTING
08:15:57 INFO  State of operation 21434583 : EXECUTING
08:16:00 INFO  State of operation 21434583 : EXECUTING
08:16:02 INFO  State of operation 21434583 : EXECUTING
08:16:04 INFO  State of operation 21434583 : EXECUTING
08:16:06 INFO  State of operation 21434583 : EXECUTING
08:16:09 INFO  State of operation 21434583 : EXECUTING
08:16:11 INFO  State of operation 21434583 : EXECUTING
08:16:14 INFO  State of operation 21434583 : EXECUTING
08:16:16 INFO  State of operation 21434583 : EXECUTING
08:16:18 INFO  State of operation 21434583 : EXECUTING
08:16:21 INFO  State of operation 21434583 : SUCCESSFUL
08:16:21 INFO  Assert that (False == value) with value=False ... passed
08:16:21 INFO  Assert that (False == value) with value=False ... passed
08:16:21 INFO  Assert that (False == value) with value=False ... passed
08:16:22 INFO  Assert that (False == value) with value=False ... passed
08:16:22 INFO  
08:16:22 INFO  cleanup:
08:16:26 INFO  Executed sudo&lt;tedge_disconnect_c8y&gt;, exit status 0
08:16:26 INFO  Executed systemctl&lt;serv_mapper5&gt;, exit status 3
08:16:26 INFO  
08:16:26 INFO  Test duration: 182.35 secs
08:16:26 INFO  Test final outcome:  FAILED
08:16:26 INFO  Test outcome reason: Assert that (False == value) with value=True
08:16:26 INFO  
</system-out>
	</testcase>
</testsuite>
