<?xml version="1.0" encoding="utf-8"?>
<testsuite failures="1" name="SoftwareManagement.sm_apt_install_download_path" skipped="0" tests="1" time="186.98" timestamp="2022-05-25T13:48:03">
	<testcase classname="AptInstallWithDownloadPath" name="SoftwareManagement.sm_apt_install_download_path">
		<failure message="BLOCKED: SystemError: Timeout while waiting for status FAILED or SUCCESSFUL" type="BLOCKED"/>
		<system-out>13:44:56 INFO  ==============================================================
13:44:56 INFO  Id:    SoftwareManagement.sm_apt_install_download_path
13:44:56 INFO  Dir:   software_management_end_to_end/
13:44:56 INFO  Title: Install package to directory specified in tedge config set tmp.path
13:44:56 INFO  ==============================================================
13:44:57 INFO  Using sw id database: {'asciijump': '5475369', 'robotfindskitten': '5474869', 'squirrel3': '5475279', 'rolldice': '5152439', 'moon-buggy': '5439204', 'apple': '5495053', 'banana': '5494888', 'cherry': '5495382', 'watermelon': '5494510', 'registry': '8018911', 'hello-world': '8021526', 'docker/getting-started': '8021973', 'alpine': '7991792'}
13:44:57 INFO  EnvironmentC8y Setup
13:44:58 INFO  Executed systemctl&lt;serv_mapper1&gt;, exit status 3
13:45:12 INFO  Executed sudo&lt;tedge_connect_c8y&gt;, exit status 0, duration 13 secs
13:45:12 INFO  Executed sudo&lt;tedge_connect_c8y_test&gt;, exit status 0
13:45:13 INFO  Executed systemctl&lt;serv_mosq2&gt;, exit status 0
13:45:13 INFO  Executed systemctl&lt;serv_mapper3&gt;, exit status 0
13:45:16 INFO  State of current operation: PENDING
13:45:18 INFO  State of current operation: PENDING
13:45:20 INFO  State of current operation: PENDING
13:45:22 INFO  State of current operation: PENDING
13:45:24 INFO  State of current operation: PENDING
13:45:27 INFO  State of current operation: PENDING
13:45:29 INFO  State of current operation: PENDING
13:45:31 INFO  State of current operation: PENDING
13:45:33 INFO  State of current operation: PENDING
13:45:36 INFO  State of current operation: PENDING
13:45:38 INFO  State of current operation: PENDING
13:45:40 INFO  State of current operation: PENDING
13:45:42 INFO  State of current operation: PENDING
13:45:45 INFO  State of current operation: PENDING
13:45:47 INFO  State of current operation: PENDING
13:45:49 INFO  State of current operation: PENDING
13:45:51 INFO  State of current operation: PENDING
13:45:54 INFO  State of current operation: PENDING
13:45:56 INFO  State of current operation: PENDING
13:45:58 INFO  State of current operation: PENDING
13:46:00 INFO  State of current operation: PENDING
13:46:03 INFO  State of current operation: PENDING
13:46:05 INFO  State of current operation: PENDING
13:46:07 INFO  State of current operation: PENDING
13:46:09 INFO  State of current operation: PENDING
13:46:12 INFO  State of current operation: PENDING
13:46:14 INFO  State of current operation: PENDING
13:46:16 INFO  State of current operation: PENDING
13:46:18 INFO  State of current operation: PENDING
13:46:21 INFO  State of current operation: PENDING
13:46:23 INFO  State of current operation: PENDING
13:46:25 INFO  State of current operation: PENDING
13:46:27 INFO  State of current operation: PENDING
13:46:29 INFO  State of current operation: PENDING
13:46:32 INFO  State of current operation: PENDING
13:46:34 INFO  State of current operation: PENDING
13:46:36 INFO  State of current operation: PENDING
13:46:38 INFO  State of current operation: PENDING
13:46:41 INFO  State of current operation: PENDING
13:46:43 INFO  State of current operation: PENDING
13:46:45 INFO  State of current operation: PENDING
13:46:48 INFO  State of current operation: PENDING
13:46:50 INFO  State of current operation: PENDING
13:46:52 INFO  State of current operation: PENDING
13:46:54 INFO  State of current operation: PENDING
13:46:57 INFO  State of current operation: PENDING
13:46:59 INFO  State of current operation: PENDING
13:47:01 INFO  State of current operation: PENDING
13:47:03 INFO  State of current operation: PENDING
13:47:06 INFO  State of current operation: PENDING
13:47:08 INFO  State of current operation: PENDING
13:47:10 INFO  State of current operation: PENDING
13:47:12 INFO  State of current operation: PENDING
13:47:14 INFO  State of current operation: PENDING
13:47:17 INFO  State of current operation: PENDING
13:47:19 INFO  State of current operation: PENDING
13:47:21 INFO  State of current operation: PENDING
13:47:23 INFO  State of current operation: PENDING
13:47:26 INFO  State of current operation: PENDING
13:47:28 INFO  State of current operation: PENDING
13:47:30 INFO  State of current operation: PENDING
13:47:32 WARN  SystemError occurred while running test - Timeout while waiting for status FAILED or SUCCESSFUL
Traceback (most recent call last):
  File &quot;/home/pi/env-pysys/lib/python3.7/site-packages/pysys/baserunner.py&quot;, line 1292, in __call__
    self.testObj.setup()
  File &quot;/home/pi/actions-runner/_work/thin-edge.io/thin-edge.io/tests/PySys/software_management_end_to_end/sm_apt_install_download_path/run.py&quot;, line 48, in setup
    super().setup()
  File &quot;/home/pi/actions-runner/_work/thin-edge.io/thin-edge.io/tests/PySys/software_management_end_to_end/environment_sm_management.py&quot;, line 151, in setup
    self.wait_until_end()
  File &quot;/home/pi/actions-runner/_work/thin-edge.io/thin-edge.io/tests/PySys/software_management_end_to_end/environment_sm_management.py&quot;, line 332, in wait_until_end
    self.wait_until_status(&quot;FAILED&quot;, &quot;SUCCESSFUL&quot;)
  File &quot;/home/pi/actions-runner/_work/thin-edge.io/thin-edge.io/tests/PySys/software_management_end_to_end/environment_sm_management.py&quot;, line 381, in wait_until_status
    &quot;Timeout while waiting for status %s or %s&quot; % (status, status2)
SystemError: Timeout while waiting for status FAILED or SUCCESSFUL
13:47:32 WARN  SystemError: Timeout while waiting for status FAILED or SUCCESSFUL ... blocked 
13:47:32 INFO  
13:47:32 INFO  cleanup:
13:47:33 INFO  Executed sudo, exit status 0
13:47:33 INFO  Executed sudo, exit status 0
13:47:37 INFO  Executed sudo&lt;tedge_disconnect_c8y&gt;, exit status 0
13:47:37 INFO  Restarting mosquitto too frequently in the last 10 seconds. It was only up for 3 seconds
13:47:37 INFO  Delaying execution by 8 seconds
13:47:59 INFO  Executed sudo&lt;tedge_connect_c8y&gt;, exit status 0, duration 14 secs
13:48:03 INFO  Executed sudo&lt;tedge_disconnect_c8y&gt;, exit status 0
13:48:03 INFO  Executed systemctl&lt;serv_mapper5&gt;, exit status 3
13:48:03 INFO  
13:48:03 INFO  Test duration: 186.98 secs
13:48:03 INFO  Test final outcome:  BLOCKED
13:48:03 INFO  Test outcome reason: SystemError: Timeout while waiting for status FAILED or SUCCESSFUL
13:48:03 INFO  
</system-out>
	</testcase>
</testsuite>
