<?xml version="1.0" encoding="utf-8"?>
<testsuite failures="1" name="SoftwareManagement.sm_apt_install_remove_multiple_mixed" skipped="0" tests="1" time="178.07" timestamp="2022-07-25T16:15:39">
	<testcase classname="PySysTest" name="SoftwareManagement.sm_apt_install_remove_multiple_mixed">
		<failure message="BLOCKED: SystemError: Timeout while waiting for status SUCCESSFUL or False (+1 other failures)" type="BLOCKED"/>
		<system-out>16:12:41 INFO  ==============================================================
16:12:41 INFO  Id:    SoftwareManagement.sm_apt_install_remove_multiple_mixed
16:12:41 INFO  Dir:   software_management_end_to_end/
16:12:41 INFO  Title: Validate end to end behaviour for the apt plugin for multiple packages with mixed versions
16:12:41 INFO  ==============================================================
16:12:41 INFO  Using sw id database: {'asciijump': '5475369', 'robotfindskitten': '5474869', 'squirrel3': '5475279', 'rolldice': '5152439', 'moon-buggy': '5439204', 'apple': '5495053', 'banana': '5494888', 'cherry': '5495382', 'watermelon': '5494510', 'registry': '8018911', 'hello-world': '8021526', 'docker/getting-started': '8021973', 'alpine': '7991792'}
16:12:41 INFO  EnvironmentC8y Setup
16:12:42 INFO  Executed systemctl&lt;serv_mapper1&gt;, exit status 3
16:12:42 INFO  Restarting mosquitto too frequently in the last 10 seconds. It was only up for 5 seconds
16:12:42 INFO  Delaying execution by 6 seconds
16:13:02 INFO  Executed sudo&lt;tedge_connect_c8y&gt;, exit status 0, duration 13 secs
16:13:03 INFO  Executed sudo&lt;tedge_connect_c8y_test&gt;, exit status 0
16:13:03 INFO  Executed systemctl&lt;serv_mosq2&gt;, exit status 0
16:13:04 INFO  Executed systemctl&lt;serv_mapper3&gt;, exit status 0
16:13:06 INFO  State of current operation: SUCCESSFUL
16:13:06 INFO  Assert that (False == value) with value=False ... passed
16:13:06 INFO  Assert that (False == value) with value=False ... passed
16:13:07 INFO  Assert that (False == value) with value=False ... passed
16:13:07 INFO  Assert that (False == value) with value=False ... passed
16:13:07 INFO  Package moon-buggy is installed
16:13:07 WARN  Assert that (False == value) with value=True ... failed 
16:13:09 INFO  Response status: 201
16:13:09 INFO  Response to action: {
    &quot;creationTime&quot;: &quot;2022-07-25T16:13:08.958Z&quot;,
    &quot;deviceId&quot;: &quot;21389727&quot;,
    &quot;deviceName&quot;: &quot;m32sd10c&quot;,
    &quot;self&quot;: &quot;https://t493319102.eu-latest.cumulocity.com/devicecontrol/operations/21415333&quot;,
    &quot;id&quot;: &quot;21415333&quot;,
    &quot;status&quot;: &quot;PENDING&quot;,
    &quot;description&quot;: &quot;Apply software changes, triggered from PySys: [{'action': 'install', 'id': '5475369', 'name': 'asciijump', 'url': ' ', 'version': '::apt'}, {'action': 'install', 'id': '5474869', 'name': 'robotfindskitten', 'url': ' ', 'version': ' '}, {'action': 'install', 'id': '5475279', 'name': 'squirrel3', 'url': ' ', 'version': '3.1-7::apt'}, {'action': 'install', 'id': '5152439', 'name': 'rolldice', 'url': ' ', 'version': '1.16-1+b1'}, {'action': 'install', 'id': '5439204', 'name': 'moon-buggy', 'url': ' ', 'version': '1:1.0.51-12'}, {'action': 'install', 'id': '5475369', 'name': 'asciijump', 'url': ' ', 'version': '::apt'}]&quot;,
    &quot;c8y_SoftwareUpdate&quot;: [
        {
            &quot;name&quot;: &quot;asciijump&quot;,
            &quot;action&quot;: &quot;install&quot;,
            &quot;id&quot;: &quot;5475369&quot;,
            &quot;version&quot;: &quot;::apt&quot;,
            &quot;url&quot;: &quot; &quot;
        },
        {
            &quot;name&quot;: &quot;robotfindskitten&quot;,
            &quot;action&quot;: &quot;install&quot;,
            &quot;id&quot;: &quot;5474869&quot;,
            &quot;version&quot;: &quot; &quot;,
            &quot;url&quot;: &quot; &quot;
        },
        {
            &quot;name&quot;: &quot;squirrel3&quot;,
            &quot;action&quot;: &quot;install&quot;,
            &quot;id&quot;: &quot;5475279&quot;,
            &quot;version&quot;: &quot;3.1-7::apt&quot;,
            &quot;url&quot;: &quot; &quot;
        },
        {
            &quot;name&quot;: &quot;rolldice&quot;,
            &quot;action&quot;: &quot;install&quot;,
            &quot;id&quot;: &quot;5152439&quot;,
            &quot;version&quot;: &quot;1.16-1+b1&quot;,
            &quot;url&quot;: &quot; &quot;
        },
        {
            &quot;name&quot;: &quot;moon-buggy&quot;,
            &quot;action&quot;: &quot;install&quot;,
            &quot;id&quot;: &quot;5439204&quot;,
            &quot;version&quot;: &quot;1:1.0.51-12&quot;,
            &quot;url&quot;: &quot; &quot;
        },
        {
            &quot;name&quot;: &quot;asciijump&quot;,
            &quot;action&quot;: &quot;install&quot;,
            &quot;id&quot;: &quot;5475369&quot;,
            &quot;version&quot;: &quot;::apt&quot;,
            &quot;url&quot;: &quot; &quot;
        }
    ]
}
16:13:09 INFO  Started operation: {'creationTime': '2022-07-25T16:13:08.958Z', 'deviceId': '21389727', 'deviceName': 'm32sd10c', 'self': 'https://t493319102.eu-latest.cumulocity.com/devicecontrol/operations/21415333', 'id': '21415333', 'status': 'PENDING', 'description': &quot;Apply software changes, triggered from PySys: [{'action': 'install', 'id': '5475369', 'name': 'asciijump', 'url': ' ', 'version': '::apt'}, {'action': 'install', 'id': '5474869', 'name': 'robotfindskitten', 'url': ' ', 'version': ' '}, {'action': 'install', 'id': '5475279', 'name': 'squirrel3', 'url': ' ', 'version': '3.1-7::apt'}, {'action': 'install', 'id': '5152439', 'name': 'rolldice', 'url': ' ', 'version': '1.16-1+b1'}, {'action': 'install', 'id': '5439204', 'name': 'moon-buggy', 'url': ' ', 'version': '1:1.0.51-12'}, {'action': 'install', 'id': '5475369', 'name': 'asciijump', 'url': ' ', 'version': '::apt'}]&quot;, 'c8y_SoftwareUpdate': [{'name': 'asciijump', 'action': 'install', 'id': '5475369', 'version': '::apt', 'url': ' '}, {'name': 'robotfindskitten', 'action': 'install', 'id': '5474869', 'version': ' ', 'url': ' '}, {'name': 'squirrel3', 'action': 'install', 'id': '5475279', 'version': '3.1-7::apt', 'url': ' '}, {'name': 'rolldice', 'action': 'install', 'id': '5152439', 'version': '1.16-1+b1', 'url': ' '}, {'name': 'moon-buggy', 'action': 'install', 'id': '5439204', 'version': '1:1.0.51-12', 'url': ' '}, {'name': 'asciijump', 'action': 'install', 'id': '5475369', 'version': '::apt', 'url': ' '}]}
16:13:11 INFO  State of operation 21415333 : PENDING
16:13:13 INFO  State of operation 21415333 : EXECUTING
16:13:15 INFO  State of operation 21415333 : EXECUTING
16:13:17 INFO  State of operation 21415333 : EXECUTING
16:13:20 INFO  State of operation 21415333 : EXECUTING
16:13:22 INFO  State of operation 21415333 : EXECUTING
16:13:25 INFO  State of operation 21415333 : EXECUTING
16:13:27 INFO  State of operation 21415333 : EXECUTING
16:13:30 INFO  State of operation 21415333 : EXECUTING
16:13:32 INFO  State of operation 21415333 : EXECUTING
16:13:34 INFO  State of operation 21415333 : EXECUTING
16:13:37 INFO  State of operation 21415333 : EXECUTING
16:13:39 INFO  State of operation 21415333 : EXECUTING
16:13:41 INFO  State of operation 21415333 : EXECUTING
16:13:43 INFO  State of operation 21415333 : EXECUTING
16:13:46 INFO  State of operation 21415333 : EXECUTING
16:13:48 INFO  State of operation 21415333 : EXECUTING
16:13:50 INFO  State of operation 21415333 : EXECUTING
16:13:53 INFO  State of operation 21415333 : EXECUTING
16:13:55 INFO  State of operation 21415333 : EXECUTING
16:13:58 INFO  State of operation 21415333 : EXECUTING
16:14:00 INFO  State of operation 21415333 : EXECUTING
16:14:03 INFO  State of operation 21415333 : EXECUTING
16:14:05 INFO  State of operation 21415333 : EXECUTING
16:14:07 INFO  State of operation 21415333 : EXECUTING
16:14:09 INFO  State of operation 21415333 : EXECUTING
16:14:12 INFO  State of operation 21415333 : EXECUTING
16:14:14 INFO  State of operation 21415333 : EXECUTING
16:14:16 INFO  State of operation 21415333 : EXECUTING
16:14:18 INFO  State of operation 21415333 : EXECUTING
16:14:21 INFO  State of operation 21415333 : EXECUTING
16:14:23 INFO  State of operation 21415333 : EXECUTING
16:14:25 INFO  State of operation 21415333 : EXECUTING
16:14:28 INFO  State of operation 21415333 : EXECUTING
16:14:30 INFO  State of operation 21415333 : EXECUTING
16:14:32 INFO  State of operation 21415333 : EXECUTING
16:14:34 INFO  State of operation 21415333 : EXECUTING
16:14:37 INFO  State of operation 21415333 : EXECUTING
16:14:39 INFO  State of operation 21415333 : EXECUTING
16:14:42 INFO  State of operation 21415333 : EXECUTING
16:14:44 INFO  State of operation 21415333 : EXECUTING
16:14:47 INFO  State of operation 21415333 : EXECUTING
16:14:49 INFO  State of operation 21415333 : EXECUTING
16:14:51 INFO  State of operation 21415333 : EXECUTING
16:14:53 INFO  State of operation 21415333 : EXECUTING
16:14:56 INFO  State of operation 21415333 : EXECUTING
16:14:58 INFO  State of operation 21415333 : EXECUTING
16:15:00 INFO  State of operation 21415333 : EXECUTING
16:15:03 INFO  State of operation 21415333 : EXECUTING
16:15:06 INFO  State of operation 21415333 : EXECUTING
16:15:08 INFO  State of operation 21415333 : EXECUTING
16:15:10 INFO  State of operation 21415333 : EXECUTING
16:15:13 INFO  State of operation 21415333 : EXECUTING
16:15:15 INFO  State of operation 21415333 : EXECUTING
16:15:18 INFO  State of operation 21415333 : EXECUTING
16:15:20 INFO  State of operation 21415333 : EXECUTING
16:15:23 INFO  State of operation 21415333 : EXECUTING
16:15:25 INFO  State of operation 21415333 : EXECUTING
16:15:28 INFO  State of operation 21415333 : EXECUTING
16:15:30 INFO  State of operation 21415333 : EXECUTING
16:15:33 INFO  State of operation 21415333 : EXECUTING
16:15:35 WARN  SystemError occurred while running test - Timeout while waiting for status SUCCESSFUL or False
Traceback (most recent call last):
  File &quot;/home/pi/env-pysys/lib/python3.7/site-packages/pysys/baserunner.py&quot;, line 1294, in __call__
    self.testObj.execute()
  File &quot;/home/pi/actions-runner/_work/thin-edge.io/thin-edge.io/tests/PySys/software_management_end_to_end/sm_apt_install_remove_multiple_mixed/run.py&quot;, line 89, in execute
    self.wait_until_succcess()
  File &quot;/home/pi/actions-runner/_work/thin-edge.io/thin-edge.io/tests/PySys/software_management_end_to_end/environment_sm_management.py&quot;, line 324, in wait_until_succcess
    self.wait_until_status(&quot;SUCCESSFUL&quot;)
  File &quot;/home/pi/actions-runner/_work/thin-edge.io/thin-edge.io/tests/PySys/software_management_end_to_end/environment_sm_management.py&quot;, line 381, in wait_until_status
    &quot;Timeout while waiting for status %s or %s&quot; % (status, status2)
SystemError: Timeout while waiting for status SUCCESSFUL or False
16:15:35 WARN  SystemError: Timeout while waiting for status SUCCESSFUL or False ... blocked 
16:15:35 INFO  
16:15:35 INFO  cleanup:
16:15:39 INFO  Executed sudo&lt;tedge_disconnect_c8y&gt;, exit status 0
16:15:39 INFO  Executed systemctl&lt;serv_mapper5&gt;, exit status 3
16:15:39 INFO  
16:15:39 INFO  Test duration: 178.07 secs
16:15:39 INFO  Test final outcome:  BLOCKED
16:15:39 INFO  Test outcome reason: SystemError: Timeout while waiting for status SUCCESSFUL or False (+1 other failures)
16:15:39 INFO  
</system-out>
	</testcase>
</testsuite>
