<?xml version="1.0" encoding="utf-8"?>
<testsuite failures="1" name="SoftwareManagement.sm_apt_install_remove_multiple" skipped="0" tests="1" time="139.09" timestamp="2022-07-21T14:30:49">
	<testcase classname="PySysTest" name="SoftwareManagement.sm_apt_install_remove_multiple">
		<failure message="FAILED: Assert that (False == value) with value=True (+2 other failures)" type="FAILED"/>
		<system-out>14:28:30 INFO  ==============================================================
14:28:30 INFO  Id:    SoftwareManagement.sm_apt_install_remove_multiple
14:28:30 INFO  Dir:   software_management_end_to_end/
14:28:30 INFO  Title: Validate end to end behaviour for the apt plugin for multiple packages
14:28:30 INFO  ==============================================================
14:28:30 INFO  Using sw id database: {'asciijump': '5475369', 'robotfindskitten': '5474869', 'squirrel3': '5475279', 'rolldice': '5152439', 'moon-buggy': '5439204', 'apple': '5495053', 'banana': '5494888', 'cherry': '5495382', 'watermelon': '5494510', 'registry': '8018911', 'hello-world': '8021526', 'docker/getting-started': '8021973', 'alpine': '7991792'}
14:28:30 INFO  EnvironmentC8y Setup
14:28:31 INFO  Executed systemctl&lt;serv_mapper1&gt;, exit status 3
14:28:31 INFO  Restarting mosquitto too frequently in the last 10 seconds. It was only up for 4 seconds
14:28:31 INFO  Delaying execution by 7 seconds
14:28:52 INFO  Executed sudo&lt;tedge_connect_c8y&gt;, exit status 0, duration 14 secs
14:28:53 INFO  Executed sudo&lt;tedge_connect_c8y_test&gt;, exit status 0
14:28:53 INFO  Executed systemctl&lt;serv_mosq2&gt;, exit status 0
14:28:53 INFO  Executed systemctl&lt;serv_mapper3&gt;, exit status 0
14:28:56 INFO  State of current operation: SUCCESSFUL
14:28:56 INFO  Assert that (False == value) with value=False ... passed
14:28:56 INFO  Package asciijump is installed
14:28:57 WARN  Assert that (False == value) with value=True ... failed 
14:28:57 INFO  Package squirrel3 is installed
14:28:57 WARN  Assert that (False == value) with value=True ... failed 
14:28:57 INFO  Package robotfindskitten is installed
14:28:57 WARN  Assert that (False == value) with value=True ... failed 
14:28:57 INFO  Response status: 201
14:28:57 INFO  Response to action: {
    &quot;creationTime&quot;: &quot;2022-07-21T14:28:57.669Z&quot;,
    &quot;deviceId&quot;: &quot;21118604&quot;,
    &quot;deviceName&quot;: &quot;m32sd10c&quot;,
    &quot;self&quot;: &quot;https://t493319102.eu-latest.cumulocity.com/devicecontrol/operations/21139991&quot;,
    &quot;id&quot;: &quot;21139991&quot;,
    &quot;status&quot;: &quot;PENDING&quot;,
    &quot;description&quot;: &quot;Apply software changes, triggered from PySys: [{'action': 'install', 'id': '5475369', 'name': 'asciijump', 'url': ' ', 'version': '::apt'}, {'action': 'install', 'id': '5474869', 'name': 'robotfindskitten', 'url': ' ', 'version': '::apt'}, {'action': 'install', 'id': '5475279', 'name': 'squirrel3', 'url': ' ', 'version': '::apt'}]&quot;,
    &quot;c8y_SoftwareUpdate&quot;: [
        {
            &quot;name&quot;: &quot;asciijump&quot;,
            &quot;action&quot;: &quot;install&quot;,
            &quot;id&quot;: &quot;5475369&quot;,
            &quot;version&quot;: &quot;::apt&quot;,
            &quot;url&quot;: &quot; &quot;
        },
        {
            &quot;name&quot;: &quot;robotfindskitten&quot;,
            &quot;action&quot;: &quot;install&quot;,
            &quot;id&quot;: &quot;5474869&quot;,
            &quot;version&quot;: &quot;::apt&quot;,
            &quot;url&quot;: &quot; &quot;
        },
        {
            &quot;name&quot;: &quot;squirrel3&quot;,
            &quot;action&quot;: &quot;install&quot;,
            &quot;id&quot;: &quot;5475279&quot;,
            &quot;version&quot;: &quot;::apt&quot;,
            &quot;url&quot;: &quot; &quot;
        }
    ]
}
14:28:57 INFO  Started operation: {'creationTime': '2022-07-21T14:28:57.669Z', 'deviceId': '21118604', 'deviceName': 'm32sd10c', 'self': 'https://t493319102.eu-latest.cumulocity.com/devicecontrol/operations/21139991', 'id': '21139991', 'status': 'PENDING', 'description': &quot;Apply software changes, triggered from PySys: [{'action': 'install', 'id': '5475369', 'name': 'asciijump', 'url': ' ', 'version': '::apt'}, {'action': 'install', 'id': '5474869', 'name': 'robotfindskitten', 'url': ' ', 'version': '::apt'}, {'action': 'install', 'id': '5475279', 'name': 'squirrel3', 'url': ' ', 'version': '::apt'}]&quot;, 'c8y_SoftwareUpdate': [{'name': 'asciijump', 'action': 'install', 'id': '5475369', 'version': '::apt', 'url': ' '}, {'name': 'robotfindskitten', 'action': 'install', 'id': '5474869', 'version': '::apt', 'url': ' '}, {'name': 'squirrel3', 'action': 'install', 'id': '5475279', 'version': '::apt', 'url': ' '}]}
14:28:59 INFO  State of operation 21139991 : PENDING
14:29:02 INFO  State of operation 21139991 : EXECUTING
14:29:04 INFO  State of operation 21139991 : EXECUTING
14:29:06 INFO  State of operation 21139991 : EXECUTING
14:29:08 INFO  State of operation 21139991 : EXECUTING
14:29:11 INFO  State of operation 21139991 : EXECUTING
14:29:13 INFO  State of operation 21139991 : EXECUTING
14:29:16 INFO  State of operation 21139991 : EXECUTING
14:29:19 INFO  State of operation 21139991 : EXECUTING
14:29:21 INFO  State of operation 21139991 : EXECUTING
14:29:23 INFO  State of operation 21139991 : EXECUTING
14:29:26 INFO  State of operation 21139991 : EXECUTING
14:29:28 INFO  State of operation 21139991 : EXECUTING
14:29:30 INFO  State of operation 21139991 : EXECUTING
14:29:32 INFO  State of operation 21139991 : EXECUTING
14:29:35 INFO  State of operation 21139991 : SUCCESSFUL
14:29:35 INFO  Assert that (False == value) with value=False ... passed
14:29:35 INFO  Package asciijump is installed
14:29:35 INFO  Assert that (True == value) with value=True ... passed
14:29:35 INFO  Package squirrel3 is installed
14:29:35 INFO  Assert that (True == value) with value=True ... passed
14:29:36 INFO  Package robotfindskitten is installed
14:29:36 INFO  Assert that (True == value) with value=True ... passed
14:29:36 INFO  Response status: 201
14:29:36 INFO  Response to action: {
    &quot;creationTime&quot;: &quot;2022-07-21T14:29:36.260Z&quot;,
    &quot;deviceId&quot;: &quot;21118604&quot;,
    &quot;deviceName&quot;: &quot;m32sd10c&quot;,
    &quot;self&quot;: &quot;https://t493319102.eu-latest.cumulocity.com/devicecontrol/operations/21139999&quot;,
    &quot;id&quot;: &quot;21139999&quot;,
    &quot;status&quot;: &quot;PENDING&quot;,
    &quot;description&quot;: &quot;Apply software changes, triggered from PySys: [{'action': 'delete', 'id': '5475369', 'name': 'asciijump', 'url': ' ', 'version': '::apt'}, {'action': 'delete', 'id': '5474869', 'name': 'robotfindskitten', 'url': ' ', 'version': '::apt'}, {'action': 'delete', 'id': '5475279', 'name': 'squirrel3', 'url': ' ', 'version': '::apt'}]&quot;,
    &quot;c8y_SoftwareUpdate&quot;: [
        {
            &quot;name&quot;: &quot;asciijump&quot;,
            &quot;action&quot;: &quot;delete&quot;,
            &quot;id&quot;: &quot;5475369&quot;,
            &quot;version&quot;: &quot;::apt&quot;,
            &quot;url&quot;: &quot; &quot;
        },
        {
            &quot;name&quot;: &quot;robotfindskitten&quot;,
            &quot;action&quot;: &quot;delete&quot;,
            &quot;id&quot;: &quot;5474869&quot;,
            &quot;version&quot;: &quot;::apt&quot;,
            &quot;url&quot;: &quot; &quot;
        },
        {
            &quot;name&quot;: &quot;squirrel3&quot;,
            &quot;action&quot;: &quot;delete&quot;,
            &quot;id&quot;: &quot;5475279&quot;,
            &quot;version&quot;: &quot;::apt&quot;,
            &quot;url&quot;: &quot; &quot;
        }
    ]
}
14:29:36 INFO  Started operation: {'creationTime': '2022-07-21T14:29:36.260Z', 'deviceId': '21118604', 'deviceName': 'm32sd10c', 'self': 'https://t493319102.eu-latest.cumulocity.com/devicecontrol/operations/21139999', 'id': '21139999', 'status': 'PENDING', 'description': &quot;Apply software changes, triggered from PySys: [{'action': 'delete', 'id': '5475369', 'name': 'asciijump', 'url': ' ', 'version': '::apt'}, {'action': 'delete', 'id': '5474869', 'name': 'robotfindskitten', 'url': ' ', 'version': '::apt'}, {'action': 'delete', 'id': '5475279', 'name': 'squirrel3', 'url': ' ', 'version': '::apt'}]&quot;, 'c8y_SoftwareUpdate': [{'name': 'asciijump', 'action': 'delete', 'id': '5475369', 'version': '::apt', 'url': ' '}, {'name': 'robotfindskitten', 'action': 'delete', 'id': '5474869', 'version': '::apt', 'url': ' '}, {'name': 'squirrel3', 'action': 'delete', 'id': '5475279', 'version': '::apt', 'url': ' '}]}
14:29:38 INFO  State of operation 21139999 : PENDING
14:29:40 INFO  State of operation 21139999 : EXECUTING
14:29:42 INFO  State of operation 21139999 : EXECUTING
14:29:45 INFO  State of operation 21139999 : EXECUTING
14:29:47 INFO  State of operation 21139999 : EXECUTING
14:29:49 INFO  State of operation 21139999 : EXECUTING
14:29:52 INFO  State of operation 21139999 : EXECUTING
14:29:55 INFO  State of operation 21139999 : EXECUTING
14:29:57 INFO  State of operation 21139999 : EXECUTING
14:29:59 INFO  State of operation 21139999 : EXECUTING
14:30:01 INFO  State of operation 21139999 : EXECUTING
14:30:04 INFO  State of operation 21139999 : EXECUTING
14:30:06 INFO  State of operation 21139999 : EXECUTING
14:30:08 INFO  State of operation 21139999 : EXECUTING
14:30:10 INFO  State of operation 21139999 : EXECUTING
14:30:13 INFO  State of operation 21139999 : EXECUTING
14:30:15 INFO  State of operation 21139999 : EXECUTING
14:30:17 INFO  State of operation 21139999 : EXECUTING
14:30:20 INFO  State of operation 21139999 : EXECUTING
14:30:23 INFO  State of operation 21139999 : EXECUTING
14:30:25 INFO  State of operation 21139999 : EXECUTING
14:30:27 INFO  State of operation 21139999 : EXECUTING
14:30:30 INFO  State of operation 21139999 : EXECUTING
14:30:32 INFO  State of operation 21139999 : EXECUTING
14:30:35 INFO  State of operation 21139999 : EXECUTING
14:30:37 INFO  State of operation 21139999 : EXECUTING
14:30:39 INFO  State of operation 21139999 : EXECUTING
14:30:41 INFO  State of operation 21139999 : EXECUTING
14:30:44 INFO  State of operation 21139999 : SUCCESSFUL
14:30:44 INFO  Assert that (False == value) with value=False ... passed
14:30:44 INFO  Assert that (False == value) with value=False ... passed
14:30:44 INFO  Assert that (False == value) with value=False ... passed
14:30:45 INFO  Assert that (False == value) with value=False ... passed
14:30:45 INFO  
14:30:45 INFO  cleanup:
14:30:49 INFO  Executed sudo&lt;tedge_disconnect_c8y&gt;, exit status 0
14:30:49 INFO  Executed systemctl&lt;serv_mapper5&gt;, exit status 3
14:30:49 INFO  
14:30:49 INFO  Test duration: 139.09 secs
14:30:49 INFO  Test final outcome:  FAILED
14:30:49 INFO  Test outcome reason: Assert that (False == value) with value=True (+2 other failures)
14:30:49 INFO  
</system-out>
	</testcase>
</testsuite>
