<?xml version="1.0" encoding="utf-8"?>
<testsuite failures="1" name="SoftwareManagement.sm_apt_install_remove_multiple_mixed" skipped="0" tests="1" time="180.12" timestamp="2022-07-21T21:12:51">
	<testcase classname="PySysTest" name="SoftwareManagement.sm_apt_install_remove_multiple_mixed">
		<failure message="BLOCKED: SystemError: Timeout while waiting for status SUCCESSFUL or False (+1 other failures)" type="BLOCKED"/>
		<system-out>21:09:51 INFO  ==============================================================
21:09:51 INFO  Id:    SoftwareManagement.sm_apt_install_remove_multiple_mixed
21:09:51 INFO  Dir:   software_management_end_to_end/
21:09:51 INFO  Title: Validate end to end behaviour for the apt plugin for multiple packages with mixed versions
21:09:51 INFO  ==============================================================
21:09:51 INFO  Using sw id database: {'asciijump': '5475369', 'robotfindskitten': '5474869', 'squirrel3': '5475279', 'rolldice': '5152439', 'moon-buggy': '5439204', 'apple': '5495053', 'banana': '5494888', 'cherry': '5495382', 'watermelon': '5494510', 'registry': '8018911', 'hello-world': '8021526', 'docker/getting-started': '8021973', 'alpine': '7991792'}
21:09:51 INFO  EnvironmentC8y Setup
21:09:52 INFO  Executed systemctl&lt;serv_mapper1&gt;, exit status 3
21:09:52 INFO  Restarting mosquitto too frequently in the last 10 seconds. It was only up for 4 seconds
21:09:52 INFO  Delaying execution by 7 seconds
21:10:13 INFO  Executed sudo&lt;tedge_connect_c8y&gt;, exit status 0, duration 14 secs
21:10:14 INFO  Executed sudo&lt;tedge_connect_c8y_test&gt;, exit status 0
21:10:14 INFO  Executed systemctl&lt;serv_mosq2&gt;, exit status 0
21:10:15 INFO  Executed systemctl&lt;serv_mapper3&gt;, exit status 0
21:10:17 INFO  State of current operation: SUCCESSFUL
21:10:17 INFO  Assert that (False == value) with value=False ... passed
21:10:17 INFO  Assert that (False == value) with value=False ... passed
21:10:18 INFO  Assert that (False == value) with value=False ... passed
21:10:18 INFO  Assert that (False == value) with value=False ... passed
21:10:18 INFO  Package moon-buggy is installed
21:10:18 WARN  Assert that (False == value) with value=True ... failed 
21:10:19 INFO  Response status: 201
21:10:19 INFO  Response to action: {
    &quot;delivery&quot;: {
        &quot;log&quot;: [],
        &quot;time&quot;: &quot;2022-07-21T21:10:19.908Z&quot;,
        &quot;status&quot;: &quot;PENDING&quot;
    },
    &quot;creationTime&quot;: &quot;2022-07-21T21:10:19.890Z&quot;,
    &quot;deviceId&quot;: &quot;21167114&quot;,
    &quot;deviceName&quot;: &quot;m32sd10c&quot;,
    &quot;self&quot;: &quot;https://t493319102.eu-latest.cumulocity.com/devicecontrol/operations/21188001&quot;,
    &quot;id&quot;: &quot;21188001&quot;,
    &quot;status&quot;: &quot;PENDING&quot;,
    &quot;description&quot;: &quot;Apply software changes, triggered from PySys: [{'action': 'install', 'id': '5475369', 'name': 'asciijump', 'url': ' ', 'version': '::apt'}, {'action': 'install', 'id': '5474869', 'name': 'robotfindskitten', 'url': ' ', 'version': ' '}, {'action': 'install', 'id': '5475279', 'name': 'squirrel3', 'url': ' ', 'version': '3.1-7::apt'}, {'action': 'install', 'id': '5152439', 'name': 'rolldice', 'url': ' ', 'version': '1.16-1+b1'}, {'action': 'install', 'id': '5439204', 'name': 'moon-buggy', 'url': ' ', 'version': '1:1.0.51-12'}, {'action': 'install', 'id': '5475369', 'name': 'asciijump', 'url': ' ', 'version': '::apt'}]&quot;,
    &quot;c8y_SoftwareUpdate&quot;: [
        {
            &quot;name&quot;: &quot;asciijump&quot;,
            &quot;action&quot;: &quot;install&quot;,
            &quot;id&quot;: &quot;5475369&quot;,
            &quot;version&quot;: &quot;::apt&quot;,
            &quot;url&quot;: &quot; &quot;
        },
        {
            &quot;name&quot;: &quot;robotfindskitten&quot;,
            &quot;action&quot;: &quot;install&quot;,
            &quot;id&quot;: &quot;5474869&quot;,
            &quot;version&quot;: &quot; &quot;,
            &quot;url&quot;: &quot; &quot;
        },
        {
            &quot;name&quot;: &quot;squirrel3&quot;,
            &quot;action&quot;: &quot;install&quot;,
            &quot;id&quot;: &quot;5475279&quot;,
            &quot;version&quot;: &quot;3.1-7::apt&quot;,
            &quot;url&quot;: &quot; &quot;
        },
        {
            &quot;name&quot;: &quot;rolldice&quot;,
            &quot;action&quot;: &quot;install&quot;,
            &quot;id&quot;: &quot;5152439&quot;,
            &quot;version&quot;: &quot;1.16-1+b1&quot;,
            &quot;url&quot;: &quot; &quot;
        },
        {
            &quot;name&quot;: &quot;moon-buggy&quot;,
            &quot;action&quot;: &quot;install&quot;,
            &quot;id&quot;: &quot;5439204&quot;,
            &quot;version&quot;: &quot;1:1.0.51-12&quot;,
            &quot;url&quot;: &quot; &quot;
        },
        {
            &quot;name&quot;: &quot;asciijump&quot;,
            &quot;action&quot;: &quot;install&quot;,
            &quot;id&quot;: &quot;5475369&quot;,
            &quot;version&quot;: &quot;::apt&quot;,
            &quot;url&quot;: &quot; &quot;
        }
    ]
}
21:10:19 INFO  Started operation: {'delivery': {'log': [], 'time': '2022-07-21T21:10:19.908Z', 'status': 'PENDING'}, 'creationTime': '2022-07-21T21:10:19.890Z', 'deviceId': '21167114', 'deviceName': 'm32sd10c', 'self': 'https://t493319102.eu-latest.cumulocity.com/devicecontrol/operations/21188001', 'id': '21188001', 'status': 'PENDING', 'description': &quot;Apply software changes, triggered from PySys: [{'action': 'install', 'id': '5475369', 'name': 'asciijump', 'url': ' ', 'version': '::apt'}, {'action': 'install', 'id': '5474869', 'name': 'robotfindskitten', 'url': ' ', 'version': ' '}, {'action': 'install', 'id': '5475279', 'name': 'squirrel3', 'url': ' ', 'version': '3.1-7::apt'}, {'action': 'install', 'id': '5152439', 'name': 'rolldice', 'url': ' ', 'version': '1.16-1+b1'}, {'action': 'install', 'id': '5439204', 'name': 'moon-buggy', 'url': ' ', 'version': '1:1.0.51-12'}, {'action': 'install', 'id': '5475369', 'name': 'asciijump', 'url': ' ', 'version': '::apt'}]&quot;, 'c8y_SoftwareUpdate': [{'name': 'asciijump', 'action': 'install', 'id': '5475369', 'version': '::apt', 'url': ' '}, {'name': 'robotfindskitten', 'action': 'install', 'id': '5474869', 'version': ' ', 'url': ' '}, {'name': 'squirrel3', 'action': 'install', 'id': '5475279', 'version': '3.1-7::apt', 'url': ' '}, {'name': 'rolldice', 'action': 'install', 'id': '5152439', 'version': '1.16-1+b1', 'url': ' '}, {'name': 'moon-buggy', 'action': 'install', 'id': '5439204', 'version': '1:1.0.51-12', 'url': ' '}, {'name': 'asciijump', 'action': 'install', 'id': '5475369', 'version': '::apt', 'url': ' '}]}
21:10:22 INFO  State of operation 21188001 : PENDING
21:10:24 INFO  State of operation 21188001 : EXECUTING
21:10:26 INFO  State of operation 21188001 : EXECUTING
21:10:28 INFO  State of operation 21188001 : EXECUTING
21:10:31 INFO  State of operation 21188001 : EXECUTING
21:10:33 INFO  State of operation 21188001 : EXECUTING
21:10:36 INFO  State of operation 21188001 : EXECUTING
21:10:39 INFO  State of operation 21188001 : EXECUTING
21:10:41 INFO  State of operation 21188001 : EXECUTING
21:10:43 INFO  State of operation 21188001 : EXECUTING
21:10:46 INFO  State of operation 21188001 : EXECUTING
21:10:48 INFO  State of operation 21188001 : EXECUTING
21:10:50 INFO  State of operation 21188001 : EXECUTING
21:10:52 INFO  State of operation 21188001 : EXECUTING
21:10:55 INFO  State of operation 21188001 : EXECUTING
21:10:57 INFO  State of operation 21188001 : EXECUTING
21:10:59 INFO  State of operation 21188001 : EXECUTING
21:11:02 INFO  State of operation 21188001 : EXECUTING
21:11:04 INFO  State of operation 21188001 : EXECUTING
21:11:07 INFO  State of operation 21188001 : EXECUTING
21:11:09 INFO  State of operation 21188001 : EXECUTING
21:11:12 INFO  State of operation 21188001 : EXECUTING
21:11:14 INFO  State of operation 21188001 : EXECUTING
21:11:16 INFO  State of operation 21188001 : EXECUTING
21:11:18 INFO  State of operation 21188001 : EXECUTING
21:11:21 INFO  State of operation 21188001 : EXECUTING
21:11:24 INFO  State of operation 21188001 : EXECUTING
21:11:26 INFO  State of operation 21188001 : EXECUTING
21:11:28 INFO  State of operation 21188001 : EXECUTING
21:11:31 INFO  State of operation 21188001 : EXECUTING
21:11:33 INFO  State of operation 21188001 : EXECUTING
21:11:35 INFO  State of operation 21188001 : EXECUTING
21:11:37 INFO  State of operation 21188001 : EXECUTING
21:11:40 INFO  State of operation 21188001 : EXECUTING
21:11:42 INFO  State of operation 21188001 : EXECUTING
21:11:44 INFO  State of operation 21188001 : EXECUTING
21:11:46 INFO  State of operation 21188001 : EXECUTING
21:11:48 INFO  State of operation 21188001 : EXECUTING
21:11:51 INFO  State of operation 21188001 : EXECUTING
21:11:54 INFO  State of operation 21188001 : EXECUTING
21:11:56 INFO  State of operation 21188001 : EXECUTING
21:11:58 INFO  State of operation 21188001 : EXECUTING
21:12:01 INFO  State of operation 21188001 : EXECUTING
21:12:03 INFO  State of operation 21188001 : EXECUTING
21:12:05 INFO  State of operation 21188001 : EXECUTING
21:12:07 INFO  State of operation 21188001 : EXECUTING
21:12:10 INFO  State of operation 21188001 : EXECUTING
21:12:12 INFO  State of operation 21188001 : EXECUTING
21:12:14 INFO  State of operation 21188001 : EXECUTING
21:12:17 INFO  State of operation 21188001 : EXECUTING
21:12:19 INFO  State of operation 21188001 : EXECUTING
21:12:21 INFO  State of operation 21188001 : EXECUTING
21:12:24 INFO  State of operation 21188001 : EXECUTING
21:12:26 INFO  State of operation 21188001 : EXECUTING
21:12:28 INFO  State of operation 21188001 : EXECUTING
21:12:31 INFO  State of operation 21188001 : EXECUTING
21:12:33 INFO  State of operation 21188001 : EXECUTING
21:12:36 INFO  State of operation 21188001 : EXECUTING
21:12:38 INFO  State of operation 21188001 : EXECUTING
21:12:41 INFO  State of operation 21188001 : EXECUTING
21:12:43 INFO  State of operation 21188001 : EXECUTING
21:12:45 WARN  SystemError occurred while running test - Timeout while waiting for status SUCCESSFUL or False
Traceback (most recent call last):
  File &quot;/home/pi/env-pysys/lib/python3.7/site-packages/pysys/baserunner.py&quot;, line 1294, in __call__
    self.testObj.execute()
  File &quot;/home/pi/actions-runner/_work/thin-edge.io/thin-edge.io/tests/PySys/software_management_end_to_end/sm_apt_install_remove_multiple_mixed/run.py&quot;, line 89, in execute
    self.wait_until_succcess()
  File &quot;/home/pi/actions-runner/_work/thin-edge.io/thin-edge.io/tests/PySys/software_management_end_to_end/environment_sm_management.py&quot;, line 324, in wait_until_succcess
    self.wait_until_status(&quot;SUCCESSFUL&quot;)
  File &quot;/home/pi/actions-runner/_work/thin-edge.io/thin-edge.io/tests/PySys/software_management_end_to_end/environment_sm_management.py&quot;, line 381, in wait_until_status
    &quot;Timeout while waiting for status %s or %s&quot; % (status, status2)
SystemError: Timeout while waiting for status SUCCESSFUL or False
21:12:45 WARN  SystemError: Timeout while waiting for status SUCCESSFUL or False ... blocked 
21:12:45 INFO  
21:12:45 INFO  cleanup:
21:12:50 INFO  Executed sudo&lt;tedge_disconnect_c8y&gt;, exit status 0
21:12:51 INFO  Executed systemctl&lt;serv_mapper5&gt;, exit status 3
21:12:51 INFO  
21:12:51 INFO  Test duration: 180.12 secs
21:12:51 INFO  Test final outcome:  BLOCKED
21:12:51 INFO  Test outcome reason: SystemError: Timeout while waiting for status SUCCESSFUL or False (+1 other failures)
21:12:51 INFO  
</system-out>
	</testcase>
</testsuite>
