<?xml version="1.0" encoding="utf-8"?>
<testsuite failures="1" name="SoftwareManagement.sm_mixed_install_remove_multiple" skipped="0" tests="1" time="167.23" timestamp="2022-07-21T22:52:32">
	<testcase classname="PySysTest" name="SoftwareManagement.sm_mixed_install_remove_multiple">
		<failure message="FAILED: Assert that (False == value) with value=True" type="FAILED"/>
		<system-out>22:49:45 INFO  ==============================================================
22:49:45 INFO  Id:    SoftwareManagement.sm_mixed_install_remove_multiple
22:49:45 INFO  Dir:   software_management_end_to_end/
22:49:45 INFO  Title: Validate end to end behaviour for the dummy-plugin for multiple packages with mixed versions
22:49:45 INFO  ==============================================================
22:49:45 INFO  Using sw id database: {'asciijump': '5475369', 'robotfindskitten': '5474869', 'squirrel3': '5475279', 'rolldice': '5152439', 'moon-buggy': '5439204', 'apple': '5495053', 'banana': '5494888', 'cherry': '5495382', 'watermelon': '5494510', 'registry': '8018911', 'hello-world': '8021526', 'docker/getting-started': '8021973', 'alpine': '7991792'}
22:49:45 INFO  EnvironmentC8y Setup
22:49:46 INFO  Executed systemctl&lt;serv_mapper1&gt;, exit status 3
22:49:46 INFO  Restarting mosquitto too frequently in the last 10 seconds. It was only up for 4 seconds
22:49:46 INFO  Delaying execution by 7 seconds
22:50:07 INFO  Executed sudo&lt;tedge_connect_c8y&gt;, exit status 0, duration 14 secs
22:50:07 INFO  Executed sudo&lt;tedge_connect_c8y_test&gt;, exit status 0
22:50:08 INFO  Executed systemctl&lt;serv_mosq2&gt;, exit status 0
22:50:08 INFO  Executed systemctl&lt;serv_mapper3&gt;, exit status 0
22:50:11 INFO  State of current operation: SUCCESSFUL
22:50:11 INFO  Package apple is installed
22:50:11 INFO  Assert that (True == value) with value=True ... passed
22:50:11 INFO  Package banana is installed
22:50:11 INFO  Assert that (True == value) with value=True ... passed
22:50:11 INFO  Package cherry is installed
22:50:11 INFO  Assert that (True == value) with value=True ... passed
22:50:12 INFO  Package asciijump is installed
22:50:12 WARN  Assert that (False == value) with value=True ... failed 
22:50:12 INFO  Assert that (False == value) with value=False ... passed
22:50:12 INFO  Response status: 201
22:50:12 INFO  Response to action: {
    &quot;creationTime&quot;: &quot;2022-07-21T22:50:12.666Z&quot;,
    &quot;deviceId&quot;: &quot;21167114&quot;,
    &quot;deviceName&quot;: &quot;m32sd10c&quot;,
    &quot;self&quot;: &quot;https://t493319102.eu-latest.cumulocity.com/devicecontrol/operations/21201232&quot;,
    &quot;id&quot;: &quot;21201232&quot;,
    &quot;status&quot;: &quot;PENDING&quot;,
    &quot;description&quot;: &quot;Apply software changes, triggered from PySys: [{'action': 'install', 'id': '5495053', 'name': 'apple', 'url': ' ', 'version': '::fruits'}, {'action': 'install', 'id': '5494888', 'name': 'banana', 'url': ' ', 'version': '::fruits'}, {'action': 'install', 'id': '5475369', 'name': 'asciijump', 'url': ' ', 'version': '::apt'}, {'action': 'install', 'id': '5495382', 'name': 'cherry', 'url': ' ', 'version': '::fruits'}, {'action': 'install', 'id': '8018911', 'name': 'registry', 'url': ' ', 'version': '::docker'}]&quot;,
    &quot;c8y_SoftwareUpdate&quot;: [
        {
            &quot;name&quot;: &quot;apple&quot;,
            &quot;action&quot;: &quot;install&quot;,
            &quot;id&quot;: &quot;5495053&quot;,
            &quot;version&quot;: &quot;::fruits&quot;,
            &quot;url&quot;: &quot; &quot;
        },
        {
            &quot;name&quot;: &quot;banana&quot;,
            &quot;action&quot;: &quot;install&quot;,
            &quot;id&quot;: &quot;5494888&quot;,
            &quot;version&quot;: &quot;::fruits&quot;,
            &quot;url&quot;: &quot; &quot;
        },
        {
            &quot;name&quot;: &quot;asciijump&quot;,
            &quot;action&quot;: &quot;install&quot;,
            &quot;id&quot;: &quot;5475369&quot;,
            &quot;version&quot;: &quot;::apt&quot;,
            &quot;url&quot;: &quot; &quot;
        },
        {
            &quot;name&quot;: &quot;cherry&quot;,
            &quot;action&quot;: &quot;install&quot;,
            &quot;id&quot;: &quot;5495382&quot;,
            &quot;version&quot;: &quot;::fruits&quot;,
            &quot;url&quot;: &quot; &quot;
        },
        {
            &quot;name&quot;: &quot;registry&quot;,
            &quot;action&quot;: &quot;install&quot;,
            &quot;id&quot;: &quot;8018911&quot;,
            &quot;version&quot;: &quot;::docker&quot;,
            &quot;url&quot;: &quot; &quot;
        }
    ]
}
22:50:12 INFO  Started operation: {'creationTime': '2022-07-21T22:50:12.666Z', 'deviceId': '21167114', 'deviceName': 'm32sd10c', 'self': 'https://t493319102.eu-latest.cumulocity.com/devicecontrol/operations/21201232', 'id': '21201232', 'status': 'PENDING', 'description': &quot;Apply software changes, triggered from PySys: [{'action': 'install', 'id': '5495053', 'name': 'apple', 'url': ' ', 'version': '::fruits'}, {'action': 'install', 'id': '5494888', 'name': 'banana', 'url': ' ', 'version': '::fruits'}, {'action': 'install', 'id': '5475369', 'name': 'asciijump', 'url': ' ', 'version': '::apt'}, {'action': 'install', 'id': '5495382', 'name': 'cherry', 'url': ' ', 'version': '::fruits'}, {'action': 'install', 'id': '8018911', 'name': 'registry', 'url': ' ', 'version': '::docker'}]&quot;, 'c8y_SoftwareUpdate': [{'name': 'apple', 'action': 'install', 'id': '5495053', 'version': '::fruits', 'url': ' '}, {'name': 'banana', 'action': 'install', 'id': '5494888', 'version': '::fruits', 'url': ' '}, {'name': 'asciijump', 'action': 'install', 'id': '5475369', 'version': '::apt', 'url': ' '}, {'name': 'cherry', 'action': 'install', 'id': '5495382', 'version': '::fruits', 'url': ' '}, {'name': 'registry', 'action': 'install', 'id': '8018911', 'version': '::docker', 'url': ' '}]}
22:50:14 INFO  State of operation 21201232 : PENDING
22:50:17 INFO  State of operation 21201232 : EXECUTING
22:50:19 INFO  State of operation 21201232 : EXECUTING
22:50:21 INFO  State of operation 21201232 : EXECUTING
22:50:23 INFO  State of operation 21201232 : EXECUTING
22:50:26 INFO  State of operation 21201232 : EXECUTING
22:50:28 INFO  State of operation 21201232 : EXECUTING
22:50:31 INFO  State of operation 21201232 : EXECUTING
22:50:33 INFO  State of operation 21201232 : EXECUTING
22:50:36 INFO  State of operation 21201232 : EXECUTING
22:50:38 INFO  State of operation 21201232 : EXECUTING
22:50:40 INFO  State of operation 21201232 : EXECUTING
22:50:42 INFO  State of operation 21201232 : EXECUTING
22:50:44 INFO  State of operation 21201232 : EXECUTING
22:50:47 INFO  State of operation 21201232 : EXECUTING
22:50:49 INFO  State of operation 21201232 : EXECUTING
22:50:51 INFO  State of operation 21201232 : EXECUTING
22:50:54 INFO  State of operation 21201232 : EXECUTING
22:50:56 INFO  State of operation 21201232 : EXECUTING
22:50:58 INFO  State of operation 21201232 : EXECUTING
22:51:00 INFO  State of operation 21201232 : EXECUTING
22:51:03 INFO  State of operation 21201232 : EXECUTING
22:51:05 INFO  State of operation 21201232 : EXECUTING
22:51:07 INFO  State of operation 21201232 : EXECUTING
22:51:09 INFO  State of operation 21201232 : EXECUTING
22:51:11 INFO  State of operation 21201232 : SUCCESSFUL
22:51:12 INFO  Package apple is installed
22:51:12 INFO  Assert that (True == value) with value=True ... passed
22:51:12 INFO  Package banana is installed
22:51:12 INFO  Assert that (True == value) with value=True ... passed
22:51:12 INFO  Package cherry is installed
22:51:12 INFO  Assert that (True == value) with value=True ... passed
22:51:12 INFO  Package asciijump is installed
22:51:12 INFO  Assert that (True == value) with value=True ... passed
22:51:13 INFO  Package registry is installed
22:51:13 INFO  Assert that (True == value) with value=True ... passed
22:51:13 INFO  Response status: 201
22:51:13 INFO  Response to action: {
    &quot;creationTime&quot;: &quot;2022-07-21T22:51:13.325Z&quot;,
    &quot;deviceId&quot;: &quot;21167114&quot;,
    &quot;deviceName&quot;: &quot;m32sd10c&quot;,
    &quot;self&quot;: &quot;https://t493319102.eu-latest.cumulocity.com/devicecontrol/operations/21201234&quot;,
    &quot;id&quot;: &quot;21201234&quot;,
    &quot;status&quot;: &quot;PENDING&quot;,
    &quot;description&quot;: &quot;Apply software changes, triggered from PySys: [{'action': 'delete', 'id': '5495053', 'name': 'apple', 'url': ' ', 'version': '::fruits'}, {'action': 'delete', 'id': '5494888', 'name': 'banana', 'url': ' ', 'version': '::fruits'}, {'action': 'delete', 'id': '5475369', 'name': 'asciijump', 'url': ' ', 'version': '::apt'}, {'action': 'delete', 'id': '5495382', 'name': 'cherry', 'url': ' ', 'version': '::fruits'}, {'action': 'delete', 'id': '8018911', 'name': 'registry', 'url': ' ', 'version': '::docker'}]&quot;,
    &quot;c8y_SoftwareUpdate&quot;: [
        {
            &quot;name&quot;: &quot;apple&quot;,
            &quot;action&quot;: &quot;delete&quot;,
            &quot;id&quot;: &quot;5495053&quot;,
            &quot;version&quot;: &quot;::fruits&quot;,
            &quot;url&quot;: &quot; &quot;
        },
        {
            &quot;name&quot;: &quot;banana&quot;,
            &quot;action&quot;: &quot;delete&quot;,
            &quot;id&quot;: &quot;5494888&quot;,
            &quot;version&quot;: &quot;::fruits&quot;,
            &quot;url&quot;: &quot; &quot;
        },
        {
            &quot;name&quot;: &quot;asciijump&quot;,
            &quot;action&quot;: &quot;delete&quot;,
            &quot;id&quot;: &quot;5475369&quot;,
            &quot;version&quot;: &quot;::apt&quot;,
            &quot;url&quot;: &quot; &quot;
        },
        {
            &quot;name&quot;: &quot;cherry&quot;,
            &quot;action&quot;: &quot;delete&quot;,
            &quot;id&quot;: &quot;5495382&quot;,
            &quot;version&quot;: &quot;::fruits&quot;,
            &quot;url&quot;: &quot; &quot;
        },
        {
            &quot;name&quot;: &quot;registry&quot;,
            &quot;action&quot;: &quot;delete&quot;,
            &quot;id&quot;: &quot;8018911&quot;,
            &quot;version&quot;: &quot;::docker&quot;,
            &quot;url&quot;: &quot; &quot;
        }
    ]
}
22:51:13 INFO  Started operation: {'creationTime': '2022-07-21T22:51:13.325Z', 'deviceId': '21167114', 'deviceName': 'm32sd10c', 'self': 'https://t493319102.eu-latest.cumulocity.com/devicecontrol/operations/21201234', 'id': '21201234', 'status': 'PENDING', 'description': &quot;Apply software changes, triggered from PySys: [{'action': 'delete', 'id': '5495053', 'name': 'apple', 'url': ' ', 'version': '::fruits'}, {'action': 'delete', 'id': '5494888', 'name': 'banana', 'url': ' ', 'version': '::fruits'}, {'action': 'delete', 'id': '5475369', 'name': 'asciijump', 'url': ' ', 'version': '::apt'}, {'action': 'delete', 'id': '5495382', 'name': 'cherry', 'url': ' ', 'version': '::fruits'}, {'action': 'delete', 'id': '8018911', 'name': 'registry', 'url': ' ', 'version': '::docker'}]&quot;, 'c8y_SoftwareUpdate': [{'name': 'apple', 'action': 'delete', 'id': '5495053', 'version': '::fruits', 'url': ' '}, {'name': 'banana', 'action': 'delete', 'id': '5494888', 'version': '::fruits', 'url': ' '}, {'name': 'asciijump', 'action': 'delete', 'id': '5475369', 'version': '::apt', 'url': ' '}, {'name': 'cherry', 'action': 'delete', 'id': '5495382', 'version': '::fruits', 'url': ' '}, {'name': 'registry', 'action': 'delete', 'id': '8018911', 'version': '::docker', 'url': ' '}]}
22:51:15 INFO  State of operation 21201234 : PENDING
22:51:17 INFO  State of operation 21201234 : EXECUTING
22:51:20 INFO  State of operation 21201234 : EXECUTING
22:51:22 INFO  State of operation 21201234 : EXECUTING
22:51:24 INFO  State of operation 21201234 : EXECUTING
22:51:26 INFO  State of operation 21201234 : EXECUTING
22:51:29 INFO  State of operation 21201234 : EXECUTING
22:51:32 INFO  State of operation 21201234 : EXECUTING
22:51:34 INFO  State of operation 21201234 : EXECUTING
22:51:36 INFO  State of operation 21201234 : EXECUTING
22:51:38 INFO  State of operation 21201234 : EXECUTING
22:51:41 INFO  State of operation 21201234 : EXECUTING
22:51:43 INFO  State of operation 21201234 : EXECUTING
22:51:45 INFO  State of operation 21201234 : EXECUTING
22:51:47 INFO  State of operation 21201234 : EXECUTING
22:51:50 INFO  State of operation 21201234 : EXECUTING
22:51:54 INFO  State of operation 21201234 : EXECUTING
22:51:56 INFO  State of operation 21201234 : EXECUTING
22:51:58 INFO  State of operation 21201234 : EXECUTING
22:52:01 INFO  State of operation 21201234 : EXECUTING
22:52:03 INFO  State of operation 21201234 : EXECUTING
22:52:05 INFO  State of operation 21201234 : EXECUTING
22:52:08 INFO  State of operation 21201234 : EXECUTING
22:52:10 INFO  State of operation 21201234 : EXECUTING
22:52:12 INFO  State of operation 21201234 : EXECUTING
22:52:15 INFO  State of operation 21201234 : EXECUTING
22:52:17 INFO  State of operation 21201234 : EXECUTING
22:52:19 INFO  State of operation 21201234 : EXECUTING
22:52:22 INFO  State of operation 21201234 : EXECUTING
22:52:24 INFO  State of operation 21201234 : EXECUTING
22:52:26 INFO  State of operation 21201234 : SUCCESSFUL
22:52:26 INFO  Package apple is installed
22:52:26 INFO  Assert that (True == value) with value=True ... passed
22:52:27 INFO  Package banana is installed
22:52:27 INFO  Assert that (True == value) with value=True ... passed
22:52:27 INFO  Package cherry is installed
22:52:27 INFO  Assert that (True == value) with value=True ... passed
22:52:27 INFO  Assert that (False == value) with value=False ... passed
22:52:27 INFO  Assert that (False == value) with value=False ... passed
22:52:27 INFO  
22:52:27 INFO  cleanup:
22:52:32 INFO  Executed sudo&lt;tedge_disconnect_c8y&gt;, exit status 0
22:52:32 INFO  Executed systemctl&lt;serv_mapper5&gt;, exit status 3
22:52:32 INFO  
22:52:32 INFO  Test duration: 167.23 secs
22:52:32 INFO  Test final outcome:  FAILED
22:52:32 INFO  Test outcome reason: Assert that (False == value) with value=True
22:52:32 INFO  
</system-out>
	</testcase>
</testsuite>
