<?xml version="1.0" encoding="utf-8"?>
<testsuite failures="1" name="SoftwareManagement.sm_mixed_install_remove_multiple" skipped="0" tests="1" time="166.92" timestamp="2022-07-21T14:43:19">
	<testcase classname="PySysTest" name="SoftwareManagement.sm_mixed_install_remove_multiple">
		<failure message="FAILED: Assert that (False == value) with value=True" type="FAILED"/>
		<system-out>14:40:32 INFO  ==============================================================
14:40:32 INFO  Id:    SoftwareManagement.sm_mixed_install_remove_multiple
14:40:32 INFO  Dir:   software_management_end_to_end/
14:40:32 INFO  Title: Validate end to end behaviour for the dummy-plugin for multiple packages with mixed versions
14:40:32 INFO  ==============================================================
14:40:32 INFO  Using sw id database: {'asciijump': '5475369', 'robotfindskitten': '5474869', 'squirrel3': '5475279', 'rolldice': '5152439', 'moon-buggy': '5439204', 'apple': '5495053', 'banana': '5494888', 'cherry': '5495382', 'watermelon': '5494510', 'registry': '8018911', 'hello-world': '8021526', 'docker/getting-started': '8021973', 'alpine': '7991792'}
14:40:32 INFO  EnvironmentC8y Setup
14:40:32 INFO  Executed systemctl&lt;serv_mapper1&gt;, exit status 3
14:40:32 INFO  Restarting mosquitto too frequently in the last 10 seconds. It was only up for 4 seconds
14:40:32 INFO  Delaying execution by 7 seconds
14:40:53 INFO  Executed sudo&lt;tedge_connect_c8y&gt;, exit status 0, duration 13 secs
14:40:54 INFO  Executed sudo&lt;tedge_connect_c8y_test&gt;, exit status 0
14:40:54 INFO  Executed systemctl&lt;serv_mosq2&gt;, exit status 0
14:40:55 INFO  Executed systemctl&lt;serv_mapper3&gt;, exit status 0
14:40:57 INFO  State of current operation: SUCCESSFUL
14:40:57 INFO  Package apple is installed
14:40:57 INFO  Assert that (True == value) with value=True ... passed
14:40:57 INFO  Package banana is installed
14:40:57 INFO  Assert that (True == value) with value=True ... passed
14:40:58 INFO  Package cherry is installed
14:40:58 INFO  Assert that (True == value) with value=True ... passed
14:40:58 INFO  Package asciijump is installed
14:40:58 WARN  Assert that (False == value) with value=True ... failed 
14:40:58 INFO  Assert that (False == value) with value=False ... passed
14:40:58 INFO  Response status: 201
14:40:58 INFO  Response to action: {
    &quot;creationTime&quot;: &quot;2022-07-21T14:40:58.782Z&quot;,
    &quot;deviceId&quot;: &quot;21118604&quot;,
    &quot;deviceName&quot;: &quot;m32sd10c&quot;,
    &quot;self&quot;: &quot;https://t493319102.eu-latest.cumulocity.com/devicecontrol/operations/21144142&quot;,
    &quot;id&quot;: &quot;21144142&quot;,
    &quot;status&quot;: &quot;PENDING&quot;,
    &quot;description&quot;: &quot;Apply software changes, triggered from PySys: [{'action': 'install', 'id': '5495053', 'name': 'apple', 'url': ' ', 'version': '::fruits'}, {'action': 'install', 'id': '5494888', 'name': 'banana', 'url': ' ', 'version': '::fruits'}, {'action': 'install', 'id': '5475369', 'name': 'asciijump', 'url': ' ', 'version': '::apt'}, {'action': 'install', 'id': '5495382', 'name': 'cherry', 'url': ' ', 'version': '::fruits'}, {'action': 'install', 'id': '8018911', 'name': 'registry', 'url': ' ', 'version': '::docker'}]&quot;,
    &quot;c8y_SoftwareUpdate&quot;: [
        {
            &quot;name&quot;: &quot;apple&quot;,
            &quot;action&quot;: &quot;install&quot;,
            &quot;id&quot;: &quot;5495053&quot;,
            &quot;version&quot;: &quot;::fruits&quot;,
            &quot;url&quot;: &quot; &quot;
        },
        {
            &quot;name&quot;: &quot;banana&quot;,
            &quot;action&quot;: &quot;install&quot;,
            &quot;id&quot;: &quot;5494888&quot;,
            &quot;version&quot;: &quot;::fruits&quot;,
            &quot;url&quot;: &quot; &quot;
        },
        {
            &quot;name&quot;: &quot;asciijump&quot;,
            &quot;action&quot;: &quot;install&quot;,
            &quot;id&quot;: &quot;5475369&quot;,
            &quot;version&quot;: &quot;::apt&quot;,
            &quot;url&quot;: &quot; &quot;
        },
        {
            &quot;name&quot;: &quot;cherry&quot;,
            &quot;action&quot;: &quot;install&quot;,
            &quot;id&quot;: &quot;5495382&quot;,
            &quot;version&quot;: &quot;::fruits&quot;,
            &quot;url&quot;: &quot; &quot;
        },
        {
            &quot;name&quot;: &quot;registry&quot;,
            &quot;action&quot;: &quot;install&quot;,
            &quot;id&quot;: &quot;8018911&quot;,
            &quot;version&quot;: &quot;::docker&quot;,
            &quot;url&quot;: &quot; &quot;
        }
    ]
}
14:40:58 INFO  Started operation: {'creationTime': '2022-07-21T14:40:58.782Z', 'deviceId': '21118604', 'deviceName': 'm32sd10c', 'self': 'https://t493319102.eu-latest.cumulocity.com/devicecontrol/operations/21144142', 'id': '21144142', 'status': 'PENDING', 'description': &quot;Apply software changes, triggered from PySys: [{'action': 'install', 'id': '5495053', 'name': 'apple', 'url': ' ', 'version': '::fruits'}, {'action': 'install', 'id': '5494888', 'name': 'banana', 'url': ' ', 'version': '::fruits'}, {'action': 'install', 'id': '5475369', 'name': 'asciijump', 'url': ' ', 'version': '::apt'}, {'action': 'install', 'id': '5495382', 'name': 'cherry', 'url': ' ', 'version': '::fruits'}, {'action': 'install', 'id': '8018911', 'name': 'registry', 'url': ' ', 'version': '::docker'}]&quot;, 'c8y_SoftwareUpdate': [{'name': 'apple', 'action': 'install', 'id': '5495053', 'version': '::fruits', 'url': ' '}, {'name': 'banana', 'action': 'install', 'id': '5494888', 'version': '::fruits', 'url': ' '}, {'name': 'asciijump', 'action': 'install', 'id': '5475369', 'version': '::apt', 'url': ' '}, {'name': 'cherry', 'action': 'install', 'id': '5495382', 'version': '::fruits', 'url': ' '}, {'name': 'registry', 'action': 'install', 'id': '8018911', 'version': '::docker', 'url': ' '}]}
14:41:01 INFO  State of operation 21144142 : PENDING
14:41:03 INFO  State of operation 21144142 : EXECUTING
14:41:05 INFO  State of operation 21144142 : EXECUTING
14:41:07 INFO  State of operation 21144142 : EXECUTING
14:41:10 INFO  State of operation 21144142 : EXECUTING
14:41:12 INFO  State of operation 21144142 : EXECUTING
14:41:14 INFO  State of operation 21144142 : EXECUTING
14:41:17 INFO  State of operation 21144142 : EXECUTING
14:41:19 INFO  State of operation 21144142 : EXECUTING
14:41:22 INFO  State of operation 21144142 : EXECUTING
14:41:24 INFO  State of operation 21144142 : EXECUTING
14:41:26 INFO  State of operation 21144142 : EXECUTING
14:41:29 INFO  State of operation 21144142 : EXECUTING
14:41:31 INFO  State of operation 21144142 : EXECUTING
14:41:33 INFO  State of operation 21144142 : EXECUTING
14:41:35 INFO  State of operation 21144142 : EXECUTING
14:41:38 INFO  State of operation 21144142 : EXECUTING
14:41:40 INFO  State of operation 21144142 : EXECUTING
14:41:42 INFO  State of operation 21144142 : EXECUTING
14:41:45 INFO  State of operation 21144142 : EXECUTING
14:41:47 INFO  State of operation 21144142 : EXECUTING
14:41:50 INFO  State of operation 21144142 : EXECUTING
14:41:52 INFO  State of operation 21144142 : EXECUTING
14:41:54 INFO  State of operation 21144142 : EXECUTING
14:41:56 INFO  State of operation 21144142 : EXECUTING
14:41:59 INFO  State of operation 21144142 : SUCCESSFUL
14:41:59 INFO  Package apple is installed
14:41:59 INFO  Assert that (True == value) with value=True ... passed
14:41:59 INFO  Package banana is installed
14:41:59 INFO  Assert that (True == value) with value=True ... passed
14:41:59 INFO  Package cherry is installed
14:41:59 INFO  Assert that (True == value) with value=True ... passed
14:42:00 INFO  Package asciijump is installed
14:42:00 INFO  Assert that (True == value) with value=True ... passed
14:42:00 INFO  Package registry is installed
14:42:00 INFO  Assert that (True == value) with value=True ... passed
14:42:00 INFO  Response status: 201
14:42:00 INFO  Response to action: {
    &quot;creationTime&quot;: &quot;2022-07-21T14:42:00.582Z&quot;,
    &quot;deviceId&quot;: &quot;21118604&quot;,
    &quot;deviceName&quot;: &quot;m32sd10c&quot;,
    &quot;self&quot;: &quot;https://t493319102.eu-latest.cumulocity.com/devicecontrol/operations/21144154&quot;,
    &quot;id&quot;: &quot;21144154&quot;,
    &quot;status&quot;: &quot;PENDING&quot;,
    &quot;description&quot;: &quot;Apply software changes, triggered from PySys: [{'action': 'delete', 'id': '5495053', 'name': 'apple', 'url': ' ', 'version': '::fruits'}, {'action': 'delete', 'id': '5494888', 'name': 'banana', 'url': ' ', 'version': '::fruits'}, {'action': 'delete', 'id': '5475369', 'name': 'asciijump', 'url': ' ', 'version': '::apt'}, {'action': 'delete', 'id': '5495382', 'name': 'cherry', 'url': ' ', 'version': '::fruits'}, {'action': 'delete', 'id': '8018911', 'name': 'registry', 'url': ' ', 'version': '::docker'}]&quot;,
    &quot;c8y_SoftwareUpdate&quot;: [
        {
            &quot;name&quot;: &quot;apple&quot;,
            &quot;action&quot;: &quot;delete&quot;,
            &quot;id&quot;: &quot;5495053&quot;,
            &quot;version&quot;: &quot;::fruits&quot;,
            &quot;url&quot;: &quot; &quot;
        },
        {
            &quot;name&quot;: &quot;banana&quot;,
            &quot;action&quot;: &quot;delete&quot;,
            &quot;id&quot;: &quot;5494888&quot;,
            &quot;version&quot;: &quot;::fruits&quot;,
            &quot;url&quot;: &quot; &quot;
        },
        {
            &quot;name&quot;: &quot;asciijump&quot;,
            &quot;action&quot;: &quot;delete&quot;,
            &quot;id&quot;: &quot;5475369&quot;,
            &quot;version&quot;: &quot;::apt&quot;,
            &quot;url&quot;: &quot; &quot;
        },
        {
            &quot;name&quot;: &quot;cherry&quot;,
            &quot;action&quot;: &quot;delete&quot;,
            &quot;id&quot;: &quot;5495382&quot;,
            &quot;version&quot;: &quot;::fruits&quot;,
            &quot;url&quot;: &quot; &quot;
        },
        {
            &quot;name&quot;: &quot;registry&quot;,
            &quot;action&quot;: &quot;delete&quot;,
            &quot;id&quot;: &quot;8018911&quot;,
            &quot;version&quot;: &quot;::docker&quot;,
            &quot;url&quot;: &quot; &quot;
        }
    ]
}
14:42:00 INFO  Started operation: {'creationTime': '2022-07-21T14:42:00.582Z', 'deviceId': '21118604', 'deviceName': 'm32sd10c', 'self': 'https://t493319102.eu-latest.cumulocity.com/devicecontrol/operations/21144154', 'id': '21144154', 'status': 'PENDING', 'description': &quot;Apply software changes, triggered from PySys: [{'action': 'delete', 'id': '5495053', 'name': 'apple', 'url': ' ', 'version': '::fruits'}, {'action': 'delete', 'id': '5494888', 'name': 'banana', 'url': ' ', 'version': '::fruits'}, {'action': 'delete', 'id': '5475369', 'name': 'asciijump', 'url': ' ', 'version': '::apt'}, {'action': 'delete', 'id': '5495382', 'name': 'cherry', 'url': ' ', 'version': '::fruits'}, {'action': 'delete', 'id': '8018911', 'name': 'registry', 'url': ' ', 'version': '::docker'}]&quot;, 'c8y_SoftwareUpdate': [{'name': 'apple', 'action': 'delete', 'id': '5495053', 'version': '::fruits', 'url': ' '}, {'name': 'banana', 'action': 'delete', 'id': '5494888', 'version': '::fruits', 'url': ' '}, {'name': 'asciijump', 'action': 'delete', 'id': '5475369', 'version': '::apt', 'url': ' '}, {'name': 'cherry', 'action': 'delete', 'id': '5495382', 'version': '::fruits', 'url': ' '}, {'name': 'registry', 'action': 'delete', 'id': '8018911', 'version': '::docker', 'url': ' '}]}
14:42:02 INFO  State of operation 21144154 : PENDING
14:42:05 INFO  State of operation 21144154 : EXECUTING
14:42:07 INFO  State of operation 21144154 : EXECUTING
14:42:09 INFO  State of operation 21144154 : EXECUTING
14:42:11 INFO  State of operation 21144154 : EXECUTING
14:42:13 INFO  State of operation 21144154 : EXECUTING
14:42:16 INFO  State of operation 21144154 : EXECUTING
14:42:19 INFO  State of operation 21144154 : EXECUTING
14:42:21 INFO  State of operation 21144154 : EXECUTING
14:42:24 INFO  State of operation 21144154 : EXECUTING
14:42:26 INFO  State of operation 21144154 : EXECUTING
14:42:28 INFO  State of operation 21144154 : EXECUTING
14:42:30 INFO  State of operation 21144154 : EXECUTING
14:42:33 INFO  State of operation 21144154 : EXECUTING
14:42:35 INFO  State of operation 21144154 : EXECUTING
14:42:37 INFO  State of operation 21144154 : EXECUTING
14:42:40 INFO  State of operation 21144154 : EXECUTING
14:42:43 INFO  State of operation 21144154 : EXECUTING
14:42:45 INFO  State of operation 21144154 : EXECUTING
14:42:47 INFO  State of operation 21144154 : EXECUTING
14:42:49 INFO  State of operation 21144154 : EXECUTING
14:42:52 INFO  State of operation 21144154 : EXECUTING
14:42:54 INFO  State of operation 21144154 : EXECUTING
14:42:57 INFO  State of operation 21144154 : EXECUTING
14:42:59 INFO  State of operation 21144154 : EXECUTING
14:43:01 INFO  State of operation 21144154 : EXECUTING
14:43:03 INFO  State of operation 21144154 : EXECUTING
14:43:06 INFO  State of operation 21144154 : EXECUTING
14:43:08 INFO  State of operation 21144154 : EXECUTING
14:43:10 INFO  State of operation 21144154 : EXECUTING
14:43:13 INFO  State of operation 21144154 : SUCCESSFUL
14:43:13 INFO  Package apple is installed
14:43:13 INFO  Assert that (True == value) with value=True ... passed
14:43:13 INFO  Package banana is installed
14:43:13 INFO  Assert that (True == value) with value=True ... passed
14:43:13 INFO  Package cherry is installed
14:43:13 INFO  Assert that (True == value) with value=True ... passed
14:43:14 INFO  Assert that (False == value) with value=False ... passed
14:43:14 INFO  Assert that (False == value) with value=False ... passed
14:43:14 INFO  
14:43:14 INFO  cleanup:
14:43:18 INFO  Executed sudo&lt;tedge_disconnect_c8y&gt;, exit status 0
14:43:19 INFO  Executed systemctl&lt;serv_mapper5&gt;, exit status 3
14:43:19 INFO  
14:43:19 INFO  Test duration: 166.92 secs
14:43:19 INFO  Test final outcome:  FAILED
14:43:19 INFO  Test outcome reason: Assert that (False == value) with value=True
14:43:19 INFO  
</system-out>
	</testcase>
</testsuite>
