<?xml version="1.0" encoding="utf-8"?>
<testsuite failures="1" name="SoftwareManagement.sm_apt_install_remove_multiple" skipped="0" tests="1" time="193.29" timestamp="2022-07-21T16:00:59">
	<testcase classname="PySysTest" name="SoftwareManagement.sm_apt_install_remove_multiple">
		<failure message="FAILED: Assert that (False == value) with value=True (+2 other failures)" type="FAILED"/>
		<system-out>15:57:45 INFO  ==============================================================
15:57:45 INFO  Id:    SoftwareManagement.sm_apt_install_remove_multiple
15:57:45 INFO  Dir:   software_management_end_to_end/
15:57:45 INFO  Title: Validate end to end behaviour for the apt plugin for multiple packages
15:57:45 INFO  ==============================================================
15:57:45 INFO  Using sw id database: {'asciijump': '5475369', 'robotfindskitten': '5474869', 'squirrel3': '5475279', 'rolldice': '5152439', 'moon-buggy': '5439204', 'apple': '5495053', 'banana': '5494888', 'cherry': '5495382', 'watermelon': '5494510', 'registry': '8018911', 'hello-world': '8021526', 'docker/getting-started': '8021973', 'alpine': '7991792'}
15:57:45 INFO  EnvironmentC8y Setup
15:57:46 INFO  Executed systemctl&lt;serv_mapper1&gt;, exit status 3
15:57:46 INFO  Restarting mosquitto too frequently in the last 10 seconds. It was only up for 5 seconds
15:57:46 INFO  Delaying execution by 6 seconds
15:58:06 INFO  Executed sudo&lt;tedge_connect_c8y&gt;, exit status 0, duration 14 secs
15:58:07 INFO  Executed sudo&lt;tedge_connect_c8y_test&gt;, exit status 0
15:58:07 INFO  Executed systemctl&lt;serv_mosq2&gt;, exit status 0
15:58:08 INFO  Executed systemctl&lt;serv_mapper3&gt;, exit status 0
15:58:10 INFO  State of current operation: SUCCESSFUL
15:58:10 INFO  Assert that (False == value) with value=False ... passed
15:58:11 INFO  Package asciijump is installed
15:58:11 WARN  Assert that (False == value) with value=True ... failed 
15:58:11 INFO  Package squirrel3 is installed
15:58:11 WARN  Assert that (False == value) with value=True ... failed 
15:58:11 INFO  Package robotfindskitten is installed
15:58:11 WARN  Assert that (False == value) with value=True ... failed 
15:58:11 INFO  Response status: 201
15:58:11 INFO  Response to action: {
    &quot;creationTime&quot;: &quot;2022-07-21T15:58:11.743Z&quot;,
    &quot;deviceId&quot;: &quot;21118604&quot;,
    &quot;deviceName&quot;: &quot;m32sd10c&quot;,
    &quot;self&quot;: &quot;https://t493319102.eu-latest.cumulocity.com/devicecontrol/operations/21145080&quot;,
    &quot;id&quot;: &quot;21145080&quot;,
    &quot;status&quot;: &quot;PENDING&quot;,
    &quot;description&quot;: &quot;Apply software changes, triggered from PySys: [{'action': 'install', 'id': '5475369', 'name': 'asciijump', 'url': ' ', 'version': '::apt'}, {'action': 'install', 'id': '5474869', 'name': 'robotfindskitten', 'url': ' ', 'version': '::apt'}, {'action': 'install', 'id': '5475279', 'name': 'squirrel3', 'url': ' ', 'version': '::apt'}]&quot;,
    &quot;c8y_SoftwareUpdate&quot;: [
        {
            &quot;name&quot;: &quot;asciijump&quot;,
            &quot;action&quot;: &quot;install&quot;,
            &quot;id&quot;: &quot;5475369&quot;,
            &quot;version&quot;: &quot;::apt&quot;,
            &quot;url&quot;: &quot; &quot;
        },
        {
            &quot;name&quot;: &quot;robotfindskitten&quot;,
            &quot;action&quot;: &quot;install&quot;,
            &quot;id&quot;: &quot;5474869&quot;,
            &quot;version&quot;: &quot;::apt&quot;,
            &quot;url&quot;: &quot; &quot;
        },
        {
            &quot;name&quot;: &quot;squirrel3&quot;,
            &quot;action&quot;: &quot;install&quot;,
            &quot;id&quot;: &quot;5475279&quot;,
            &quot;version&quot;: &quot;::apt&quot;,
            &quot;url&quot;: &quot; &quot;
        }
    ]
}
15:58:11 INFO  Started operation: {'creationTime': '2022-07-21T15:58:11.743Z', 'deviceId': '21118604', 'deviceName': 'm32sd10c', 'self': 'https://t493319102.eu-latest.cumulocity.com/devicecontrol/operations/21145080', 'id': '21145080', 'status': 'PENDING', 'description': &quot;Apply software changes, triggered from PySys: [{'action': 'install', 'id': '5475369', 'name': 'asciijump', 'url': ' ', 'version': '::apt'}, {'action': 'install', 'id': '5474869', 'name': 'robotfindskitten', 'url': ' ', 'version': '::apt'}, {'action': 'install', 'id': '5475279', 'name': 'squirrel3', 'url': ' ', 'version': '::apt'}]&quot;, 'c8y_SoftwareUpdate': [{'name': 'asciijump', 'action': 'install', 'id': '5475369', 'version': '::apt', 'url': ' '}, {'name': 'robotfindskitten', 'action': 'install', 'id': '5474869', 'version': '::apt', 'url': ' '}, {'name': 'squirrel3', 'action': 'install', 'id': '5475279', 'version': '::apt', 'url': ' '}]}
15:58:14 INFO  State of operation 21145080 : PENDING
15:58:16 INFO  State of operation 21145080 : PENDING
15:58:18 INFO  State of operation 21145080 : PENDING
15:58:20 INFO  State of operation 21145080 : PENDING
15:58:22 INFO  State of operation 21145080 : PENDING
15:58:25 INFO  State of operation 21145080 : PENDING
15:58:27 INFO  State of operation 21145080 : PENDING
15:58:29 INFO  State of operation 21145080 : PENDING
15:58:31 INFO  State of operation 21145080 : PENDING
15:58:33 INFO  State of operation 21145080 : PENDING
15:58:36 INFO  State of operation 21145080 : PENDING
15:58:38 INFO  State of operation 21145080 : PENDING
15:58:40 INFO  State of operation 21145080 : PENDING
15:58:42 INFO  State of operation 21145080 : PENDING
15:58:45 INFO  State of operation 21145080 : PENDING
15:58:47 INFO  State of operation 21145080 : PENDING
15:58:49 INFO  State of operation 21145080 : PENDING
15:58:51 INFO  State of operation 21145080 : PENDING
15:58:53 INFO  State of operation 21145080 : PENDING
15:58:56 INFO  State of operation 21145080 : PENDING
15:58:58 INFO  State of operation 21145080 : PENDING
15:59:00 INFO  State of operation 21145080 : PENDING
15:59:02 INFO  State of operation 21145080 : PENDING
15:59:05 INFO  State of operation 21145080 : PENDING
15:59:07 INFO  State of operation 21145080 : PENDING
15:59:09 INFO  State of operation 21145080 : PENDING
15:59:11 INFO  State of operation 21145080 : EXECUTING
15:59:13 INFO  State of operation 21145080 : EXECUTING
15:59:16 INFO  State of operation 21145080 : EXECUTING
15:59:18 INFO  State of operation 21145080 : EXECUTING
15:59:20 INFO  State of operation 21145080 : EXECUTING
15:59:23 INFO  State of operation 21145080 : EXECUTING
15:59:26 INFO  State of operation 21145080 : EXECUTING
15:59:28 INFO  State of operation 21145080 : EXECUTING
15:59:30 INFO  State of operation 21145080 : EXECUTING
15:59:32 INFO  State of operation 21145080 : EXECUTING
15:59:35 INFO  State of operation 21145080 : EXECUTING
15:59:37 INFO  State of operation 21145080 : EXECUTING
15:59:39 INFO  State of operation 21145080 : EXECUTING
15:59:41 INFO  State of operation 21145080 : EXECUTING
15:59:44 INFO  State of operation 21145080 : SUCCESSFUL
15:59:44 INFO  Assert that (False == value) with value=False ... passed
15:59:44 INFO  Package asciijump is installed
15:59:44 INFO  Assert that (True == value) with value=True ... passed
15:59:44 INFO  Package squirrel3 is installed
15:59:44 INFO  Assert that (True == value) with value=True ... passed
15:59:45 INFO  Package robotfindskitten is installed
15:59:45 INFO  Assert that (True == value) with value=True ... passed
15:59:45 INFO  Response status: 201
15:59:45 INFO  Response to action: {
    &quot;creationTime&quot;: &quot;2022-07-21T15:59:45.212Z&quot;,
    &quot;deviceId&quot;: &quot;21118604&quot;,
    &quot;deviceName&quot;: &quot;m32sd10c&quot;,
    &quot;self&quot;: &quot;https://t493319102.eu-latest.cumulocity.com/devicecontrol/operations/21145090&quot;,
    &quot;id&quot;: &quot;21145090&quot;,
    &quot;status&quot;: &quot;PENDING&quot;,
    &quot;description&quot;: &quot;Apply software changes, triggered from PySys: [{'action': 'delete', 'id': '5475369', 'name': 'asciijump', 'url': ' ', 'version': '::apt'}, {'action': 'delete', 'id': '5474869', 'name': 'robotfindskitten', 'url': ' ', 'version': '::apt'}, {'action': 'delete', 'id': '5475279', 'name': 'squirrel3', 'url': ' ', 'version': '::apt'}]&quot;,
    &quot;c8y_SoftwareUpdate&quot;: [
        {
            &quot;name&quot;: &quot;asciijump&quot;,
            &quot;action&quot;: &quot;delete&quot;,
            &quot;id&quot;: &quot;5475369&quot;,
            &quot;version&quot;: &quot;::apt&quot;,
            &quot;url&quot;: &quot; &quot;
        },
        {
            &quot;name&quot;: &quot;robotfindskitten&quot;,
            &quot;action&quot;: &quot;delete&quot;,
            &quot;id&quot;: &quot;5474869&quot;,
            &quot;version&quot;: &quot;::apt&quot;,
            &quot;url&quot;: &quot; &quot;
        },
        {
            &quot;name&quot;: &quot;squirrel3&quot;,
            &quot;action&quot;: &quot;delete&quot;,
            &quot;id&quot;: &quot;5475279&quot;,
            &quot;version&quot;: &quot;::apt&quot;,
            &quot;url&quot;: &quot; &quot;
        }
    ]
}
15:59:45 INFO  Started operation: {'creationTime': '2022-07-21T15:59:45.212Z', 'deviceId': '21118604', 'deviceName': 'm32sd10c', 'self': 'https://t493319102.eu-latest.cumulocity.com/devicecontrol/operations/21145090', 'id': '21145090', 'status': 'PENDING', 'description': &quot;Apply software changes, triggered from PySys: [{'action': 'delete', 'id': '5475369', 'name': 'asciijump', 'url': ' ', 'version': '::apt'}, {'action': 'delete', 'id': '5474869', 'name': 'robotfindskitten', 'url': ' ', 'version': '::apt'}, {'action': 'delete', 'id': '5475279', 'name': 'squirrel3', 'url': ' ', 'version': '::apt'}]&quot;, 'c8y_SoftwareUpdate': [{'name': 'asciijump', 'action': 'delete', 'id': '5475369', 'version': '::apt', 'url': ' '}, {'name': 'robotfindskitten', 'action': 'delete', 'id': '5474869', 'version': '::apt', 'url': ' '}, {'name': 'squirrel3', 'action': 'delete', 'id': '5475279', 'version': '::apt', 'url': ' '}]}
15:59:47 INFO  State of operation 21145090 : PENDING
15:59:49 INFO  State of operation 21145090 : EXECUTING
15:59:51 INFO  State of operation 21145090 : EXECUTING
15:59:54 INFO  State of operation 21145090 : EXECUTING
15:59:56 INFO  State of operation 21145090 : EXECUTING
15:59:58 INFO  State of operation 21145090 : EXECUTING
16:00:01 INFO  State of operation 21145090 : EXECUTING
16:00:04 INFO  State of operation 21145090 : EXECUTING
16:00:06 INFO  State of operation 21145090 : EXECUTING
16:00:09 INFO  State of operation 21145090 : EXECUTING
16:00:11 INFO  State of operation 21145090 : EXECUTING
16:00:13 INFO  State of operation 21145090 : EXECUTING
16:00:15 INFO  State of operation 21145090 : EXECUTING
16:00:17 INFO  State of operation 21145090 : EXECUTING
16:00:20 INFO  State of operation 21145090 : EXECUTING
16:00:22 INFO  State of operation 21145090 : EXECUTING
16:00:24 INFO  State of operation 21145090 : EXECUTING
16:00:27 INFO  State of operation 21145090 : EXECUTING
16:00:29 INFO  State of operation 21145090 : EXECUTING
16:00:32 INFO  State of operation 21145090 : EXECUTING
16:00:34 INFO  State of operation 21145090 : EXECUTING
16:00:36 INFO  State of operation 21145090 : EXECUTING
16:00:38 INFO  State of operation 21145090 : EXECUTING
16:00:41 INFO  State of operation 21145090 : EXECUTING
16:00:44 INFO  State of operation 21145090 : EXECUTING
16:00:46 INFO  State of operation 21145090 : EXECUTING
16:00:49 INFO  State of operation 21145090 : EXECUTING
16:00:51 INFO  State of operation 21145090 : EXECUTING
16:00:53 INFO  State of operation 21145090 : SUCCESSFUL
16:00:53 INFO  Assert that (False == value) with value=False ... passed
16:00:54 INFO  Assert that (False == value) with value=False ... passed
16:00:54 INFO  Assert that (False == value) with value=False ... passed
16:00:54 INFO  Assert that (False == value) with value=False ... passed
16:00:54 INFO  
16:00:54 INFO  cleanup:
16:00:58 INFO  Executed sudo&lt;tedge_disconnect_c8y&gt;, exit status 0
16:00:59 INFO  Executed systemctl&lt;serv_mapper5&gt;, exit status 3
16:00:59 INFO  
16:00:59 INFO  Test duration: 193.29 secs
16:00:59 INFO  Test final outcome:  FAILED
16:00:59 INFO  Test outcome reason: Assert that (False == value) with value=True (+2 other failures)
16:00:59 INFO  
</system-out>
	</testcase>
</testsuite>
