<?xml version="1.0" encoding="utf-8"?>
<testsuite failures="1" name="SoftwareManagement.sm_apt_install_fail" skipped="0" tests="1" time="165.25" timestamp="2022-05-23T14:24:42">
	<testcase classname="PySysTest" name="SoftwareManagement.sm_apt_install_fail">
		<failure message="BLOCKED: SystemError: Timeout while waiting for status FAILED or SUCCESSFUL" type="BLOCKED"/>
		<system-out>14:21:57 INFO  ==============================================================
14:21:57 INFO  Id:    SoftwareManagement.sm_apt_install_fail
14:21:57 INFO  Dir:   software_management_end_to_end/
14:21:57 INFO  Title: Validate end to end behaviour for a failing installation
14:21:57 INFO  ==============================================================
14:21:57 INFO  Using sw id database: {'asciijump': '5475369', 'robotfindskitten': '5474869', 'squirrel3': '5475279', 'rolldice': '5152439', 'moon-buggy': '5439204', 'apple': '5495053', 'banana': '5494888', 'cherry': '5495382', 'watermelon': '5494510', 'registry': '8018911', 'hello-world': '8021526', 'docker/getting-started': '8021973', 'alpine': '7991792'}
14:21:57 INFO  EnvironmentC8y Setup
14:21:57 INFO  Executed systemctl&lt;serv_mapper1&gt;, exit status 3
14:21:57 INFO  Restarting mosquitto too frequently in the last 10 seconds. It was only up for 5 seconds
14:21:57 INFO  Delaying execution by 6 seconds
14:22:17 INFO  Executed sudo&lt;tedge_connect_c8y&gt;, exit status 0, duration 13 secs
14:22:18 INFO  Executed sudo&lt;tedge_connect_c8y_test&gt;, exit status 0
14:22:18 INFO  Executed systemctl&lt;serv_mosq2&gt;, exit status 0
14:22:19 INFO  Executed systemctl&lt;serv_mapper3&gt;, exit status 0
14:22:21 INFO  State of current operation: PENDING
14:22:23 INFO  State of current operation: PENDING
14:22:26 INFO  State of current operation: PENDING
14:22:28 INFO  State of current operation: PENDING
14:22:30 INFO  State of current operation: PENDING
14:22:32 INFO  State of current operation: PENDING
14:22:34 INFO  State of current operation: PENDING
14:22:37 INFO  State of current operation: PENDING
14:22:39 INFO  State of current operation: PENDING
14:22:41 INFO  State of current operation: PENDING
14:22:43 INFO  State of current operation: PENDING
14:22:46 INFO  State of current operation: PENDING
14:22:48 INFO  State of current operation: PENDING
14:22:50 INFO  State of current operation: PENDING
14:22:52 INFO  State of current operation: PENDING
14:22:55 INFO  State of current operation: PENDING
14:22:57 INFO  State of current operation: PENDING
14:22:59 INFO  State of current operation: PENDING
14:23:01 INFO  State of current operation: PENDING
14:23:03 INFO  State of current operation: PENDING
14:23:06 INFO  State of current operation: PENDING
14:23:08 INFO  State of current operation: PENDING
14:23:10 INFO  State of current operation: PENDING
14:23:12 INFO  State of current operation: PENDING
14:23:15 INFO  State of current operation: PENDING
14:23:17 INFO  State of current operation: PENDING
14:23:19 INFO  State of current operation: PENDING
14:23:21 INFO  State of current operation: PENDING
14:23:24 INFO  State of current operation: PENDING
14:23:26 INFO  State of current operation: PENDING
14:23:28 INFO  State of current operation: PENDING
14:23:30 INFO  State of current operation: PENDING
14:23:33 INFO  State of current operation: PENDING
14:23:35 INFO  State of current operation: PENDING
14:23:37 INFO  State of current operation: PENDING
14:23:39 INFO  State of current operation: PENDING
14:23:42 INFO  State of current operation: PENDING
14:23:44 INFO  State of current operation: PENDING
14:23:46 INFO  State of current operation: PENDING
14:23:48 INFO  State of current operation: PENDING
14:23:51 INFO  State of current operation: PENDING
14:23:53 INFO  State of current operation: PENDING
14:23:55 INFO  State of current operation: PENDING
14:23:57 INFO  State of current operation: PENDING
14:24:00 INFO  State of current operation: PENDING
14:24:02 INFO  State of current operation: PENDING
14:24:04 INFO  State of current operation: PENDING
14:24:06 INFO  State of current operation: PENDING
14:24:09 INFO  State of current operation: PENDING
14:24:11 INFO  State of current operation: PENDING
14:24:13 INFO  State of current operation: PENDING
14:24:15 INFO  State of current operation: PENDING
14:24:17 INFO  State of current operation: PENDING
14:24:20 INFO  State of current operation: PENDING
14:24:22 INFO  State of current operation: PENDING
14:24:24 INFO  State of current operation: PENDING
14:24:26 INFO  State of current operation: PENDING
14:24:29 INFO  State of current operation: PENDING
14:24:31 INFO  State of current operation: PENDING
14:24:33 INFO  State of current operation: PENDING
14:24:35 INFO  State of current operation: PENDING
14:24:37 WARN  SystemError occurred while running test - Timeout while waiting for status FAILED or SUCCESSFUL
Traceback (most recent call last):
  File &quot;/home/pi/env-pysys/lib/python3.7/site-packages/pysys/baserunner.py&quot;, line 1292, in __call__
    self.testObj.setup()
  File &quot;/home/pi/actions-runner/_work/thin-edge.io/thin-edge.io/tests/PySys/software_management_end_to_end/sm_apt_install_fail/run.py&quot;, line 20, in setup
    super().setup()
  File &quot;/home/pi/actions-runner/_work/thin-edge.io/thin-edge.io/tests/PySys/software_management_end_to_end/environment_sm_management.py&quot;, line 151, in setup
    self.wait_until_end()
  File &quot;/home/pi/actions-runner/_work/thin-edge.io/thin-edge.io/tests/PySys/software_management_end_to_end/environment_sm_management.py&quot;, line 332, in wait_until_end
    self.wait_until_status(&quot;FAILED&quot;, &quot;SUCCESSFUL&quot;)
  File &quot;/home/pi/actions-runner/_work/thin-edge.io/thin-edge.io/tests/PySys/software_management_end_to_end/environment_sm_management.py&quot;, line 381, in wait_until_status
    &quot;Timeout while waiting for status %s or %s&quot; % (status, status2)
SystemError: Timeout while waiting for status FAILED or SUCCESSFUL
14:24:37 WARN  SystemError: Timeout while waiting for status FAILED or SUCCESSFUL ... blocked 
14:24:37 INFO  
14:24:37 INFO  cleanup:
14:24:41 INFO  Executed sudo&lt;tedge_disconnect_c8y&gt;, exit status 0
14:24:42 INFO  Executed systemctl&lt;serv_mapper5&gt;, exit status 3
14:24:42 INFO  
14:24:42 INFO  Test duration: 165.25 secs
14:24:42 INFO  Test final outcome:  BLOCKED
14:24:42 INFO  Test outcome reason: SystemError: Timeout while waiting for status FAILED or SUCCESSFUL
14:24:42 INFO  
</system-out>
	</testcase>
</testsuite>
