<?xml version="1.0" encoding="utf-8"?>
<testsuite failures="1" name="SoftwareManagement.sm_fake_install_remove_multiple" skipped="0" tests="1" time="166.13" timestamp="2022-05-23T12:37:12">
	<testcase classname="PySysTest" name="SoftwareManagement.sm_fake_install_remove_multiple">
		<failure message="BLOCKED: SystemError: Timeout while waiting for status FAILED or SUCCESSFUL" type="BLOCKED"/>
		<system-out>12:34:26 INFO  ==============================================================
12:34:26 INFO  Id:    SoftwareManagement.sm_fake_install_remove_multiple
12:34:26 INFO  Dir:   software_management_end_to_end/
12:34:26 INFO  Title: Validate end to end behaviour for the dummy-plugin for multiple packages
12:34:26 INFO  ==============================================================
12:34:26 INFO  Using sw id database: {'asciijump': '5475369', 'robotfindskitten': '5474869', 'squirrel3': '5475279', 'rolldice': '5152439', 'moon-buggy': '5439204', 'apple': '5495053', 'banana': '5494888', 'cherry': '5495382', 'watermelon': '5494510', 'registry': '8018911', 'hello-world': '8021526', 'docker/getting-started': '8021973', 'alpine': '7991792'}
12:34:26 INFO  EnvironmentC8y Setup
12:34:26 INFO  Executed systemctl&lt;serv_mapper1&gt;, exit status 3
12:34:26 INFO  Restarting mosquitto too frequently in the last 10 seconds. It was only up for 5 seconds
12:34:26 INFO  Delaying execution by 6 seconds
12:34:46 INFO  Executed sudo&lt;tedge_connect_c8y&gt;, exit status 0, duration 13 secs
12:34:47 INFO  Executed sudo&lt;tedge_connect_c8y_test&gt;, exit status 0
12:34:47 INFO  Executed systemctl&lt;serv_mosq2&gt;, exit status 0
12:34:48 INFO  Executed systemctl&lt;serv_mapper3&gt;, exit status 0
12:34:50 INFO  State of current operation: PENDING
12:34:52 INFO  State of current operation: PENDING
12:34:54 INFO  State of current operation: PENDING
12:34:57 INFO  State of current operation: PENDING
12:34:59 INFO  State of current operation: PENDING
12:35:01 INFO  State of current operation: PENDING
12:35:03 INFO  State of current operation: PENDING
12:35:06 INFO  State of current operation: PENDING
12:35:08 INFO  State of current operation: PENDING
12:35:10 INFO  State of current operation: PENDING
12:35:12 INFO  State of current operation: PENDING
12:35:15 INFO  State of current operation: PENDING
12:35:17 INFO  State of current operation: PENDING
12:35:19 INFO  State of current operation: PENDING
12:35:21 INFO  State of current operation: PENDING
12:35:24 INFO  State of current operation: PENDING
12:35:26 INFO  State of current operation: PENDING
12:35:29 INFO  State of current operation: PENDING
12:35:31 INFO  State of current operation: PENDING
12:35:33 INFO  State of current operation: PENDING
12:35:35 INFO  State of current operation: PENDING
12:35:38 INFO  State of current operation: PENDING
12:35:40 INFO  State of current operation: PENDING
12:35:42 INFO  State of current operation: PENDING
12:35:44 INFO  State of current operation: PENDING
12:35:47 INFO  State of current operation: PENDING
12:35:49 INFO  State of current operation: PENDING
12:35:51 INFO  State of current operation: PENDING
12:35:53 INFO  State of current operation: PENDING
12:35:55 INFO  State of current operation: PENDING
12:35:58 INFO  State of current operation: PENDING
12:36:00 INFO  State of current operation: PENDING
12:36:02 INFO  State of current operation: PENDING
12:36:04 INFO  State of current operation: PENDING
12:36:07 INFO  State of current operation: PENDING
12:36:09 INFO  State of current operation: PENDING
12:36:11 INFO  State of current operation: PENDING
12:36:13 INFO  State of current operation: PENDING
12:36:16 INFO  State of current operation: PENDING
12:36:18 INFO  State of current operation: PENDING
12:36:20 INFO  State of current operation: PENDING
12:36:22 INFO  State of current operation: PENDING
12:36:24 INFO  State of current operation: PENDING
12:36:27 INFO  State of current operation: PENDING
12:36:29 INFO  State of current operation: PENDING
12:36:32 INFO  State of current operation: PENDING
12:36:34 INFO  State of current operation: PENDING
12:36:36 INFO  State of current operation: PENDING
12:36:38 INFO  State of current operation: PENDING
12:36:41 INFO  State of current operation: PENDING
12:36:43 INFO  State of current operation: PENDING
12:36:45 INFO  State of current operation: PENDING
12:36:47 INFO  State of current operation: PENDING
12:36:49 INFO  State of current operation: PENDING
12:36:52 INFO  State of current operation: PENDING
12:36:54 INFO  State of current operation: PENDING
12:36:56 INFO  State of current operation: PENDING
12:36:58 INFO  State of current operation: PENDING
12:37:01 INFO  State of current operation: PENDING
12:37:03 INFO  State of current operation: PENDING
12:37:05 INFO  State of current operation: PENDING
12:37:07 WARN  SystemError occurred while running test - Timeout while waiting for status FAILED or SUCCESSFUL
Traceback (most recent call last):
  File &quot;/home/pi/env-pysys/lib/python3.7/site-packages/pysys/baserunner.py&quot;, line 1292, in __call__
    self.testObj.setup()
  File &quot;/home/pi/actions-runner/_work/thin-edge.io/thin-edge.io/tests/PySys/software_management_end_to_end/sm_fake_install_remove_multiple/run.py&quot;, line 68, in setup
    super().setup()
  File &quot;/home/pi/actions-runner/_work/thin-edge.io/thin-edge.io/tests/PySys/software_management_end_to_end/environment_sm_management.py&quot;, line 151, in setup
    self.wait_until_end()
  File &quot;/home/pi/actions-runner/_work/thin-edge.io/thin-edge.io/tests/PySys/software_management_end_to_end/environment_sm_management.py&quot;, line 332, in wait_until_end
    self.wait_until_status(&quot;FAILED&quot;, &quot;SUCCESSFUL&quot;)
  File &quot;/home/pi/actions-runner/_work/thin-edge.io/thin-edge.io/tests/PySys/software_management_end_to_end/environment_sm_management.py&quot;, line 381, in wait_until_status
    &quot;Timeout while waiting for status %s or %s&quot; % (status, status2)
SystemError: Timeout while waiting for status FAILED or SUCCESSFUL
12:37:07 WARN  SystemError: Timeout while waiting for status FAILED or SUCCESSFUL ... blocked 
12:37:07 INFO  
12:37:07 INFO  cleanup:
12:37:11 INFO  Executed sudo&lt;tedge_disconnect_c8y&gt;, exit status 0
12:37:12 INFO  Executed systemctl&lt;serv_mapper5&gt;, exit status 3
12:37:12 INFO  
12:37:12 INFO  Test duration: 166.13 secs
12:37:12 INFO  Test final outcome:  BLOCKED
12:37:12 INFO  Test outcome reason: SystemError: Timeout while waiting for status FAILED or SUCCESSFUL
12:37:12 INFO  
</system-out>
	</testcase>
</testsuite>
