<?xml version="1.0" encoding="utf-8"?>
<testsuite failures="1" name="SoftwareManagement.sm_mixed_install_remove_multiple" skipped="0" tests="1" time="166.47" timestamp="2022-07-25T13:11:40">
	<testcase classname="PySysTest" name="SoftwareManagement.sm_mixed_install_remove_multiple">
		<failure message="FAILED: Assert that (False == value) with value=True" type="FAILED"/>
		<system-out>13:08:53 INFO  ==============================================================
13:08:53 INFO  Id:    SoftwareManagement.sm_mixed_install_remove_multiple
13:08:53 INFO  Dir:   software_management_end_to_end/
13:08:53 INFO  Title: Validate end to end behaviour for the dummy-plugin for multiple packages with mixed versions
13:08:53 INFO  ==============================================================
13:08:53 INFO  Using sw id database: {'asciijump': '5475369', 'robotfindskitten': '5474869', 'squirrel3': '5475279', 'rolldice': '5152439', 'moon-buggy': '5439204', 'apple': '5495053', 'banana': '5494888', 'cherry': '5495382', 'watermelon': '5494510', 'registry': '8018911', 'hello-world': '8021526', 'docker/getting-started': '8021973', 'alpine': '7991792'}
13:08:53 INFO  EnvironmentC8y Setup
13:08:54 INFO  Executed systemctl&lt;serv_mapper1&gt;, exit status 3
13:08:54 INFO  Restarting mosquitto too frequently in the last 10 seconds. It was only up for 5 seconds
13:08:54 INFO  Delaying execution by 6 seconds
13:09:14 INFO  Executed sudo&lt;tedge_connect_c8y&gt;, exit status 0, duration 14 secs
13:09:15 INFO  Executed sudo&lt;tedge_connect_c8y_test&gt;, exit status 0
13:09:15 INFO  Executed systemctl&lt;serv_mosq2&gt;, exit status 0
13:09:16 INFO  Executed systemctl&lt;serv_mapper3&gt;, exit status 0
13:09:18 INFO  State of current operation: SUCCESSFUL
13:09:18 INFO  Package apple is installed
13:09:18 INFO  Assert that (True == value) with value=True ... passed
13:09:18 INFO  Package banana is installed
13:09:18 INFO  Assert that (True == value) with value=True ... passed
13:09:19 INFO  Package cherry is installed
13:09:19 INFO  Assert that (True == value) with value=True ... passed
13:09:19 INFO  Package asciijump is installed
13:09:19 WARN  Assert that (False == value) with value=True ... failed 
13:09:19 INFO  Assert that (False == value) with value=False ... passed
13:09:20 INFO  Response status: 201
13:09:20 INFO  Response to action: {
    &quot;creationTime&quot;: &quot;2022-07-25T13:09:19.978Z&quot;,
    &quot;deviceId&quot;: &quot;21371117&quot;,
    &quot;deviceName&quot;: &quot;m32sd10c&quot;,
    &quot;self&quot;: &quot;https://t493319102.eu-latest.cumulocity.com/devicecontrol/operations/21385797&quot;,
    &quot;id&quot;: &quot;21385797&quot;,
    &quot;status&quot;: &quot;PENDING&quot;,
    &quot;description&quot;: &quot;Apply software changes, triggered from PySys: [{'action': 'install', 'id': '5495053', 'name': 'apple', 'url': ' ', 'version': '::fruits'}, {'action': 'install', 'id': '5494888', 'name': 'banana', 'url': ' ', 'version': '::fruits'}, {'action': 'install', 'id': '5475369', 'name': 'asciijump', 'url': ' ', 'version': '::apt'}, {'action': 'install', 'id': '5495382', 'name': 'cherry', 'url': ' ', 'version': '::fruits'}, {'action': 'install', 'id': '8018911', 'name': 'registry', 'url': ' ', 'version': '::docker'}]&quot;,
    &quot;c8y_SoftwareUpdate&quot;: [
        {
            &quot;name&quot;: &quot;apple&quot;,
            &quot;action&quot;: &quot;install&quot;,
            &quot;id&quot;: &quot;5495053&quot;,
            &quot;version&quot;: &quot;::fruits&quot;,
            &quot;url&quot;: &quot; &quot;
        },
        {
            &quot;name&quot;: &quot;banana&quot;,
            &quot;action&quot;: &quot;install&quot;,
            &quot;id&quot;: &quot;5494888&quot;,
            &quot;version&quot;: &quot;::fruits&quot;,
            &quot;url&quot;: &quot; &quot;
        },
        {
            &quot;name&quot;: &quot;asciijump&quot;,
            &quot;action&quot;: &quot;install&quot;,
            &quot;id&quot;: &quot;5475369&quot;,
            &quot;version&quot;: &quot;::apt&quot;,
            &quot;url&quot;: &quot; &quot;
        },
        {
            &quot;name&quot;: &quot;cherry&quot;,
            &quot;action&quot;: &quot;install&quot;,
            &quot;id&quot;: &quot;5495382&quot;,
            &quot;version&quot;: &quot;::fruits&quot;,
            &quot;url&quot;: &quot; &quot;
        },
        {
            &quot;name&quot;: &quot;registry&quot;,
            &quot;action&quot;: &quot;install&quot;,
            &quot;id&quot;: &quot;8018911&quot;,
            &quot;version&quot;: &quot;::docker&quot;,
            &quot;url&quot;: &quot; &quot;
        }
    ]
}
13:09:20 INFO  Started operation: {'creationTime': '2022-07-25T13:09:19.978Z', 'deviceId': '21371117', 'deviceName': 'm32sd10c', 'self': 'https://t493319102.eu-latest.cumulocity.com/devicecontrol/operations/21385797', 'id': '21385797', 'status': 'PENDING', 'description': &quot;Apply software changes, triggered from PySys: [{'action': 'install', 'id': '5495053', 'name': 'apple', 'url': ' ', 'version': '::fruits'}, {'action': 'install', 'id': '5494888', 'name': 'banana', 'url': ' ', 'version': '::fruits'}, {'action': 'install', 'id': '5475369', 'name': 'asciijump', 'url': ' ', 'version': '::apt'}, {'action': 'install', 'id': '5495382', 'name': 'cherry', 'url': ' ', 'version': '::fruits'}, {'action': 'install', 'id': '8018911', 'name': 'registry', 'url': ' ', 'version': '::docker'}]&quot;, 'c8y_SoftwareUpdate': [{'name': 'apple', 'action': 'install', 'id': '5495053', 'version': '::fruits', 'url': ' '}, {'name': 'banana', 'action': 'install', 'id': '5494888', 'version': '::fruits', 'url': ' '}, {'name': 'asciijump', 'action': 'install', 'id': '5475369', 'version': '::apt', 'url': ' '}, {'name': 'cherry', 'action': 'install', 'id': '5495382', 'version': '::fruits', 'url': ' '}, {'name': 'registry', 'action': 'install', 'id': '8018911', 'version': '::docker', 'url': ' '}]}
13:09:22 INFO  State of operation 21385797 : PENDING
13:09:24 INFO  State of operation 21385797 : EXECUTING
13:09:26 INFO  State of operation 21385797 : EXECUTING
13:09:28 INFO  State of operation 21385797 : EXECUTING
13:09:31 INFO  State of operation 21385797 : EXECUTING
13:09:33 INFO  State of operation 21385797 : EXECUTING
13:09:36 INFO  State of operation 21385797 : EXECUTING
13:09:39 INFO  State of operation 21385797 : EXECUTING
13:09:41 INFO  State of operation 21385797 : EXECUTING
13:09:43 INFO  State of operation 21385797 : EXECUTING
13:09:45 INFO  State of operation 21385797 : EXECUTING
13:09:48 INFO  State of operation 21385797 : EXECUTING
13:09:50 INFO  State of operation 21385797 : EXECUTING
13:09:52 INFO  State of operation 21385797 : EXECUTING
13:09:54 INFO  State of operation 21385797 : EXECUTING
13:09:57 INFO  State of operation 21385797 : EXECUTING
13:09:59 INFO  State of operation 21385797 : EXECUTING
13:10:01 INFO  State of operation 21385797 : EXECUTING
13:10:04 INFO  State of operation 21385797 : EXECUTING
13:10:06 INFO  State of operation 21385797 : EXECUTING
13:10:08 INFO  State of operation 21385797 : EXECUTING
13:10:10 INFO  State of operation 21385797 : EXECUTING
13:10:13 INFO  State of operation 21385797 : EXECUTING
13:10:15 INFO  State of operation 21385797 : EXECUTING
13:10:17 INFO  State of operation 21385797 : EXECUTING
13:10:19 INFO  State of operation 21385797 : SUCCESSFUL
13:10:20 INFO  Package apple is installed
13:10:20 INFO  Assert that (True == value) with value=True ... passed
13:10:20 INFO  Package banana is installed
13:10:20 INFO  Assert that (True == value) with value=True ... passed
13:10:20 INFO  Package cherry is installed
13:10:20 INFO  Assert that (True == value) with value=True ... passed
13:10:20 INFO  Package asciijump is installed
13:10:20 INFO  Assert that (True == value) with value=True ... passed
13:10:20 INFO  Package registry is installed
13:10:20 INFO  Assert that (True == value) with value=True ... passed
13:10:21 INFO  Response status: 201
13:10:21 INFO  Response to action: {
    &quot;creationTime&quot;: &quot;2022-07-25T13:10:21.143Z&quot;,
    &quot;deviceId&quot;: &quot;21371117&quot;,
    &quot;deviceName&quot;: &quot;m32sd10c&quot;,
    &quot;self&quot;: &quot;https://t493319102.eu-latest.cumulocity.com/devicecontrol/operations/21385815&quot;,
    &quot;id&quot;: &quot;21385815&quot;,
    &quot;status&quot;: &quot;PENDING&quot;,
    &quot;description&quot;: &quot;Apply software changes, triggered from PySys: [{'action': 'delete', 'id': '5495053', 'name': 'apple', 'url': ' ', 'version': '::fruits'}, {'action': 'delete', 'id': '5494888', 'name': 'banana', 'url': ' ', 'version': '::fruits'}, {'action': 'delete', 'id': '5475369', 'name': 'asciijump', 'url': ' ', 'version': '::apt'}, {'action': 'delete', 'id': '5495382', 'name': 'cherry', 'url': ' ', 'version': '::fruits'}, {'action': 'delete', 'id': '8018911', 'name': 'registry', 'url': ' ', 'version': '::docker'}]&quot;,
    &quot;c8y_SoftwareUpdate&quot;: [
        {
            &quot;name&quot;: &quot;apple&quot;,
            &quot;action&quot;: &quot;delete&quot;,
            &quot;id&quot;: &quot;5495053&quot;,
            &quot;version&quot;: &quot;::fruits&quot;,
            &quot;url&quot;: &quot; &quot;
        },
        {
            &quot;name&quot;: &quot;banana&quot;,
            &quot;action&quot;: &quot;delete&quot;,
            &quot;id&quot;: &quot;5494888&quot;,
            &quot;version&quot;: &quot;::fruits&quot;,
            &quot;url&quot;: &quot; &quot;
        },
        {
            &quot;name&quot;: &quot;asciijump&quot;,
            &quot;action&quot;: &quot;delete&quot;,
            &quot;id&quot;: &quot;5475369&quot;,
            &quot;version&quot;: &quot;::apt&quot;,
            &quot;url&quot;: &quot; &quot;
        },
        {
            &quot;name&quot;: &quot;cherry&quot;,
            &quot;action&quot;: &quot;delete&quot;,
            &quot;id&quot;: &quot;5495382&quot;,
            &quot;version&quot;: &quot;::fruits&quot;,
            &quot;url&quot;: &quot; &quot;
        },
        {
            &quot;name&quot;: &quot;registry&quot;,
            &quot;action&quot;: &quot;delete&quot;,
            &quot;id&quot;: &quot;8018911&quot;,
            &quot;version&quot;: &quot;::docker&quot;,
            &quot;url&quot;: &quot; &quot;
        }
    ]
}
13:10:21 INFO  Started operation: {'creationTime': '2022-07-25T13:10:21.143Z', 'deviceId': '21371117', 'deviceName': 'm32sd10c', 'self': 'https://t493319102.eu-latest.cumulocity.com/devicecontrol/operations/21385815', 'id': '21385815', 'status': 'PENDING', 'description': &quot;Apply software changes, triggered from PySys: [{'action': 'delete', 'id': '5495053', 'name': 'apple', 'url': ' ', 'version': '::fruits'}, {'action': 'delete', 'id': '5494888', 'name': 'banana', 'url': ' ', 'version': '::fruits'}, {'action': 'delete', 'id': '5475369', 'name': 'asciijump', 'url': ' ', 'version': '::apt'}, {'action': 'delete', 'id': '5495382', 'name': 'cherry', 'url': ' ', 'version': '::fruits'}, {'action': 'delete', 'id': '8018911', 'name': 'registry', 'url': ' ', 'version': '::docker'}]&quot;, 'c8y_SoftwareUpdate': [{'name': 'apple', 'action': 'delete', 'id': '5495053', 'version': '::fruits', 'url': ' '}, {'name': 'banana', 'action': 'delete', 'id': '5494888', 'version': '::fruits', 'url': ' '}, {'name': 'asciijump', 'action': 'delete', 'id': '5475369', 'version': '::apt', 'url': ' '}, {'name': 'cherry', 'action': 'delete', 'id': '5495382', 'version': '::fruits', 'url': ' '}, {'name': 'registry', 'action': 'delete', 'id': '8018911', 'version': '::docker', 'url': ' '}]}
13:10:23 INFO  State of operation 21385815 : PENDING
13:10:25 INFO  State of operation 21385815 : EXECUTING
13:10:27 INFO  State of operation 21385815 : EXECUTING
13:10:30 INFO  State of operation 21385815 : EXECUTING
13:10:32 INFO  State of operation 21385815 : EXECUTING
13:10:34 INFO  State of operation 21385815 : EXECUTING
13:10:37 INFO  State of operation 21385815 : EXECUTING
13:10:40 INFO  State of operation 21385815 : EXECUTING
13:10:42 INFO  State of operation 21385815 : EXECUTING
13:10:44 INFO  State of operation 21385815 : EXECUTING
13:10:47 INFO  State of operation 21385815 : EXECUTING
13:10:49 INFO  State of operation 21385815 : EXECUTING
13:10:51 INFO  State of operation 21385815 : EXECUTING
13:10:53 INFO  State of operation 21385815 : EXECUTING
13:10:55 INFO  State of operation 21385815 : EXECUTING
13:10:58 INFO  State of operation 21385815 : EXECUTING
13:11:01 INFO  State of operation 21385815 : EXECUTING
13:11:03 INFO  State of operation 21385815 : EXECUTING
13:11:05 INFO  State of operation 21385815 : EXECUTING
13:11:08 INFO  State of operation 21385815 : EXECUTING
13:11:10 INFO  State of operation 21385815 : EXECUTING
13:11:12 INFO  State of operation 21385815 : EXECUTING
13:11:15 INFO  State of operation 21385815 : EXECUTING
13:11:18 INFO  State of operation 21385815 : EXECUTING
13:11:20 INFO  State of operation 21385815 : EXECUTING
13:11:22 INFO  State of operation 21385815 : EXECUTING
13:11:24 INFO  State of operation 21385815 : EXECUTING
13:11:27 INFO  State of operation 21385815 : EXECUTING
13:11:29 INFO  State of operation 21385815 : EXECUTING
13:11:31 INFO  State of operation 21385815 : EXECUTING
13:11:33 INFO  State of operation 21385815 : SUCCESSFUL
13:11:34 INFO  Package apple is installed
13:11:34 INFO  Assert that (True == value) with value=True ... passed
13:11:34 INFO  Package banana is installed
13:11:34 INFO  Assert that (True == value) with value=True ... passed
13:11:34 INFO  Package cherry is installed
13:11:34 INFO  Assert that (True == value) with value=True ... passed
13:11:34 INFO  Assert that (False == value) with value=False ... passed
13:11:35 INFO  Assert that (False == value) with value=False ... passed
13:11:35 INFO  
13:11:35 INFO  cleanup:
13:11:39 INFO  Executed sudo&lt;tedge_disconnect_c8y&gt;, exit status 0
13:11:40 INFO  Executed systemctl&lt;serv_mapper5&gt;, exit status 3
13:11:40 INFO  
13:11:40 INFO  Test duration: 166.47 secs
13:11:40 INFO  Test final outcome:  FAILED
13:11:40 INFO  Test outcome reason: Assert that (False == value) with value=True
13:11:40 INFO  
</system-out>
	</testcase>
</testsuite>
