<?xml version="1.0" encoding="utf-8"?>
<testsuite failures="1" name="SoftwareManagement.sm_fake_install_remove_multiple" skipped="0" tests="1" time="165.81" timestamp="2022-05-23T20:38:23">
	<testcase classname="PySysTest" name="SoftwareManagement.sm_fake_install_remove_multiple">
		<failure message="BLOCKED: SystemError: Timeout while waiting for status FAILED or SUCCESSFUL" type="BLOCKED"/>
		<system-out>20:35:37 INFO  ==============================================================
20:35:37 INFO  Id:    SoftwareManagement.sm_fake_install_remove_multiple
20:35:37 INFO  Dir:   software_management_end_to_end/
20:35:37 INFO  Title: Validate end to end behaviour for the dummy-plugin for multiple packages
20:35:37 INFO  ==============================================================
20:35:37 INFO  Using sw id database: {'asciijump': '5475369', 'robotfindskitten': '5474869', 'squirrel3': '5475279', 'rolldice': '5152439', 'moon-buggy': '5439204', 'apple': '5495053', 'banana': '5494888', 'cherry': '5495382', 'watermelon': '5494510', 'registry': '8018911', 'hello-world': '8021526', 'docker/getting-started': '8021973', 'alpine': '7991792'}
20:35:37 INFO  EnvironmentC8y Setup
20:35:38 INFO  Executed systemctl&lt;serv_mapper1&gt;, exit status 3
20:35:38 INFO  Restarting mosquitto too frequently in the last 10 seconds. It was only up for 5 seconds
20:35:38 INFO  Delaying execution by 6 seconds
20:35:58 INFO  Executed sudo&lt;tedge_connect_c8y&gt;, exit status 0, duration 13 secs
20:35:58 INFO  Executed sudo&lt;tedge_connect_c8y_test&gt;, exit status 0
20:35:59 INFO  Executed systemctl&lt;serv_mosq2&gt;, exit status 0
20:35:59 INFO  Executed systemctl&lt;serv_mapper3&gt;, exit status 0
20:36:02 INFO  State of current operation: PENDING
20:36:04 INFO  State of current operation: PENDING
20:36:06 INFO  State of current operation: PENDING
20:36:08 INFO  State of current operation: PENDING
20:36:11 INFO  State of current operation: PENDING
20:36:13 INFO  State of current operation: PENDING
20:36:15 INFO  State of current operation: PENDING
20:36:17 INFO  State of current operation: PENDING
20:36:20 INFO  State of current operation: PENDING
20:36:22 INFO  State of current operation: PENDING
20:36:24 INFO  State of current operation: PENDING
20:36:26 INFO  State of current operation: PENDING
20:36:29 INFO  State of current operation: PENDING
20:36:31 INFO  State of current operation: PENDING
20:36:33 INFO  State of current operation: PENDING
20:36:35 INFO  State of current operation: PENDING
20:36:37 INFO  State of current operation: PENDING
20:36:40 INFO  State of current operation: PENDING
20:36:42 INFO  State of current operation: PENDING
20:36:44 INFO  State of current operation: PENDING
20:36:46 INFO  State of current operation: PENDING
20:36:49 INFO  State of current operation: PENDING
20:36:51 INFO  State of current operation: PENDING
20:36:53 INFO  State of current operation: PENDING
20:36:55 INFO  State of current operation: PENDING
20:36:58 INFO  State of current operation: PENDING
20:37:00 INFO  State of current operation: PENDING
20:37:02 INFO  State of current operation: PENDING
20:37:04 INFO  State of current operation: PENDING
20:37:06 INFO  State of current operation: PENDING
20:37:09 INFO  State of current operation: PENDING
20:37:11 INFO  State of current operation: PENDING
20:37:13 INFO  State of current operation: PENDING
20:37:15 INFO  State of current operation: PENDING
20:37:18 INFO  State of current operation: PENDING
20:37:20 INFO  State of current operation: PENDING
20:37:22 INFO  State of current operation: PENDING
20:37:24 INFO  State of current operation: PENDING
20:37:27 INFO  State of current operation: PENDING
20:37:29 INFO  State of current operation: PENDING
20:37:31 INFO  State of current operation: PENDING
20:37:34 INFO  State of current operation: PENDING
20:37:36 INFO  State of current operation: PENDING
20:37:38 INFO  State of current operation: PENDING
20:37:40 INFO  State of current operation: PENDING
20:37:43 INFO  State of current operation: PENDING
20:37:45 INFO  State of current operation: PENDING
20:37:47 INFO  State of current operation: PENDING
20:37:49 INFO  State of current operation: PENDING
20:37:51 INFO  State of current operation: PENDING
20:37:54 INFO  State of current operation: PENDING
20:37:56 INFO  State of current operation: PENDING
20:37:58 INFO  State of current operation: PENDING
20:38:00 INFO  State of current operation: PENDING
20:38:03 INFO  State of current operation: PENDING
20:38:05 INFO  State of current operation: PENDING
20:38:07 INFO  State of current operation: PENDING
20:38:09 INFO  State of current operation: PENDING
20:38:12 INFO  State of current operation: PENDING
20:38:14 INFO  State of current operation: PENDING
20:38:16 INFO  State of current operation: PENDING
20:38:18 WARN  SystemError occurred while running test - Timeout while waiting for status FAILED or SUCCESSFUL
Traceback (most recent call last):
  File &quot;/home/pi/env-pysys/lib/python3.7/site-packages/pysys/baserunner.py&quot;, line 1292, in __call__
    self.testObj.setup()
  File &quot;/home/pi/actions-runner/_work/thin-edge.io/thin-edge.io/tests/PySys/software_management_end_to_end/sm_fake_install_remove_multiple/run.py&quot;, line 68, in setup
    super().setup()
  File &quot;/home/pi/actions-runner/_work/thin-edge.io/thin-edge.io/tests/PySys/software_management_end_to_end/environment_sm_management.py&quot;, line 151, in setup
    self.wait_until_end()
  File &quot;/home/pi/actions-runner/_work/thin-edge.io/thin-edge.io/tests/PySys/software_management_end_to_end/environment_sm_management.py&quot;, line 332, in wait_until_end
    self.wait_until_status(&quot;FAILED&quot;, &quot;SUCCESSFUL&quot;)
  File &quot;/home/pi/actions-runner/_work/thin-edge.io/thin-edge.io/tests/PySys/software_management_end_to_end/environment_sm_management.py&quot;, line 381, in wait_until_status
    &quot;Timeout while waiting for status %s or %s&quot; % (status, status2)
SystemError: Timeout while waiting for status FAILED or SUCCESSFUL
20:38:18 WARN  SystemError: Timeout while waiting for status FAILED or SUCCESSFUL ... blocked 
20:38:18 INFO  
20:38:18 INFO  cleanup:
20:38:22 INFO  Executed sudo&lt;tedge_disconnect_c8y&gt;, exit status 0
20:38:23 INFO  Executed systemctl&lt;serv_mapper5&gt;, exit status 3
20:38:23 INFO  
20:38:23 INFO  Test duration: 165.81 secs
20:38:23 INFO  Test final outcome:  BLOCKED
20:38:23 INFO  Test outcome reason: SystemError: Timeout while waiting for status FAILED or SUCCESSFUL
20:38:23 INFO  
</system-out>
	</testcase>
</testsuite>
