<?xml version="1.0" encoding="utf-8"?>
<testsuite failures="1" name="SoftwareManagement.sm_apt_install_remove_with_version" skipped="0" tests="1" time="165.95" timestamp="2022-05-23T16:19:02">
	<testcase classname="PySysTest" name="SoftwareManagement.sm_apt_install_remove_with_version">
		<failure message="BLOCKED: SystemError: Timeout while waiting for status FAILED or SUCCESSFUL" type="BLOCKED"/>
		<system-out>16:16:16 INFO  ==============================================================
16:16:16 INFO  Id:    SoftwareManagement.sm_apt_install_remove_with_version
16:16:16 INFO  Dir:   software_management_end_to_end/
16:16:16 INFO  Title: Validate end to end behaviour for the apt plugin for packages with version
16:16:16 INFO  ==============================================================
16:16:16 INFO  Using sw id database: {'asciijump': '5475369', 'robotfindskitten': '5474869', 'squirrel3': '5475279', 'rolldice': '5152439', 'moon-buggy': '5439204', 'apple': '5495053', 'banana': '5494888', 'cherry': '5495382', 'watermelon': '5494510', 'registry': '8018911', 'hello-world': '8021526', 'docker/getting-started': '8021973', 'alpine': '7991792'}
16:16:16 INFO  EnvironmentC8y Setup
16:16:16 INFO  Executed systemctl&lt;serv_mapper1&gt;, exit status 3
16:16:17 INFO  Restarting mosquitto too frequently in the last 10 seconds. It was only up for 5 seconds
16:16:17 INFO  Delaying execution by 6 seconds
16:16:37 INFO  Executed sudo&lt;tedge_connect_c8y&gt;, exit status 0, duration 14 secs
16:16:38 INFO  Executed sudo&lt;tedge_connect_c8y_test&gt;, exit status 0
16:16:38 INFO  Executed systemctl&lt;serv_mosq2&gt;, exit status 0
16:16:39 INFO  Executed systemctl&lt;serv_mapper3&gt;, exit status 0
16:16:41 INFO  State of current operation: PENDING
16:16:43 INFO  State of current operation: PENDING
16:16:45 INFO  State of current operation: PENDING
16:16:48 INFO  State of current operation: PENDING
16:16:50 INFO  State of current operation: PENDING
16:16:52 INFO  State of current operation: PENDING
16:16:54 INFO  State of current operation: PENDING
16:16:57 INFO  State of current operation: PENDING
16:16:59 INFO  State of current operation: PENDING
16:17:01 INFO  State of current operation: PENDING
16:17:03 INFO  State of current operation: PENDING
16:17:06 INFO  State of current operation: PENDING
16:17:08 INFO  State of current operation: PENDING
16:17:10 INFO  State of current operation: PENDING
16:17:12 INFO  State of current operation: PENDING
16:17:15 INFO  State of current operation: PENDING
16:17:17 INFO  State of current operation: PENDING
16:17:19 INFO  State of current operation: PENDING
16:17:21 INFO  State of current operation: PENDING
16:17:24 INFO  State of current operation: PENDING
16:17:26 INFO  State of current operation: PENDING
16:17:28 INFO  State of current operation: PENDING
16:17:30 INFO  State of current operation: PENDING
16:17:33 INFO  State of current operation: PENDING
16:17:35 INFO  State of current operation: PENDING
16:17:37 INFO  State of current operation: PENDING
16:17:39 INFO  State of current operation: PENDING
16:17:42 INFO  State of current operation: PENDING
16:17:44 INFO  State of current operation: PENDING
16:17:46 INFO  State of current operation: PENDING
16:17:48 INFO  State of current operation: PENDING
16:17:50 INFO  State of current operation: PENDING
16:17:53 INFO  State of current operation: PENDING
16:17:55 INFO  State of current operation: PENDING
16:17:57 INFO  State of current operation: PENDING
16:17:59 INFO  State of current operation: PENDING
16:18:02 INFO  State of current operation: PENDING
16:18:04 INFO  State of current operation: PENDING
16:18:06 INFO  State of current operation: PENDING
16:18:08 INFO  State of current operation: PENDING
16:18:11 INFO  State of current operation: PENDING
16:18:13 INFO  State of current operation: PENDING
16:18:15 INFO  State of current operation: PENDING
16:18:17 INFO  State of current operation: PENDING
16:18:20 INFO  State of current operation: PENDING
16:18:22 INFO  State of current operation: PENDING
16:18:24 INFO  State of current operation: PENDING
16:18:26 INFO  State of current operation: PENDING
16:18:28 INFO  State of current operation: PENDING
16:18:31 INFO  State of current operation: PENDING
16:18:33 INFO  State of current operation: PENDING
16:18:35 INFO  State of current operation: PENDING
16:18:37 INFO  State of current operation: PENDING
16:18:40 INFO  State of current operation: PENDING
16:18:42 INFO  State of current operation: PENDING
16:18:44 INFO  State of current operation: PENDING
16:18:46 INFO  State of current operation: PENDING
16:18:49 INFO  State of current operation: PENDING
16:18:51 INFO  State of current operation: PENDING
16:18:53 INFO  State of current operation: PENDING
16:18:55 INFO  State of current operation: PENDING
16:18:57 WARN  SystemError occurred while running test - Timeout while waiting for status FAILED or SUCCESSFUL
Traceback (most recent call last):
  File &quot;/home/pi/env-pysys/lib/python3.7/site-packages/pysys/baserunner.py&quot;, line 1292, in __call__
    self.testObj.setup()
  File &quot;/home/pi/actions-runner/_work/thin-edge.io/thin-edge.io/tests/PySys/software_management_end_to_end/sm_apt_install_remove_with_version/run.py&quot;, line 27, in setup
    super().setup()
  File &quot;/home/pi/actions-runner/_work/thin-edge.io/thin-edge.io/tests/PySys/software_management_end_to_end/environment_sm_management.py&quot;, line 151, in setup
    self.wait_until_end()
  File &quot;/home/pi/actions-runner/_work/thin-edge.io/thin-edge.io/tests/PySys/software_management_end_to_end/environment_sm_management.py&quot;, line 332, in wait_until_end
    self.wait_until_status(&quot;FAILED&quot;, &quot;SUCCESSFUL&quot;)
  File &quot;/home/pi/actions-runner/_work/thin-edge.io/thin-edge.io/tests/PySys/software_management_end_to_end/environment_sm_management.py&quot;, line 381, in wait_until_status
    &quot;Timeout while waiting for status %s or %s&quot; % (status, status2)
SystemError: Timeout while waiting for status FAILED or SUCCESSFUL
16:18:57 WARN  SystemError: Timeout while waiting for status FAILED or SUCCESSFUL ... blocked 
16:18:57 INFO  
16:18:57 INFO  cleanup:
16:19:01 INFO  Executed sudo&lt;tedge_disconnect_c8y&gt;, exit status 0
16:19:02 INFO  Executed systemctl&lt;serv_mapper5&gt;, exit status 3
16:19:02 INFO  
16:19:02 INFO  Test duration: 165.95 secs
16:19:02 INFO  Test final outcome:  BLOCKED
16:19:02 INFO  Test outcome reason: SystemError: Timeout while waiting for status FAILED or SUCCESSFUL
16:19:02 INFO  
</system-out>
	</testcase>
</testsuite>
