<?xml version="1.0" encoding="utf-8"?>
<testsuite failures="1" name="SoftwareManagement.sm_apt_install_remove_with_version" skipped="0" tests="1" time="166.81" timestamp="2022-05-25T12:14:24">
	<testcase classname="PySysTest" name="SoftwareManagement.sm_apt_install_remove_with_version">
		<failure message="BLOCKED: SystemError: Timeout while waiting for status FAILED or SUCCESSFUL" type="BLOCKED"/>
		<system-out>12:11:37 INFO  ==============================================================
12:11:37 INFO  Id:    SoftwareManagement.sm_apt_install_remove_with_version
12:11:37 INFO  Dir:   software_management_end_to_end/
12:11:37 INFO  Title: Validate end to end behaviour for the apt plugin for packages with version
12:11:37 INFO  ==============================================================
12:11:37 INFO  Using sw id database: {'asciijump': '5475369', 'robotfindskitten': '5474869', 'squirrel3': '5475279', 'rolldice': '5152439', 'moon-buggy': '5439204', 'apple': '5495053', 'banana': '5494888', 'cherry': '5495382', 'watermelon': '5494510', 'registry': '8018911', 'hello-world': '8021526', 'docker/getting-started': '8021973', 'alpine': '7991792'}
12:11:37 INFO  EnvironmentC8y Setup
12:11:38 INFO  Executed systemctl&lt;serv_mapper1&gt;, exit status 3
12:11:38 INFO  Restarting mosquitto too frequently in the last 10 seconds. It was only up for 4 seconds
12:11:38 INFO  Delaying execution by 7 seconds
12:11:59 INFO  Executed sudo&lt;tedge_connect_c8y&gt;, exit status 0, duration 13 secs
12:11:59 INFO  Executed sudo&lt;tedge_connect_c8y_test&gt;, exit status 0
12:12:00 INFO  Executed systemctl&lt;serv_mosq2&gt;, exit status 0
12:12:00 INFO  Executed systemctl&lt;serv_mapper3&gt;, exit status 0
12:12:03 INFO  State of current operation: PENDING
12:12:05 INFO  State of current operation: PENDING
12:12:07 INFO  State of current operation: PENDING
12:12:09 INFO  State of current operation: PENDING
12:12:12 INFO  State of current operation: PENDING
12:12:14 INFO  State of current operation: PENDING
12:12:16 INFO  State of current operation: PENDING
12:12:18 INFO  State of current operation: PENDING
12:12:20 INFO  State of current operation: PENDING
12:12:23 INFO  State of current operation: PENDING
12:12:25 INFO  State of current operation: PENDING
12:12:27 INFO  State of current operation: PENDING
12:12:29 INFO  State of current operation: PENDING
12:12:32 INFO  State of current operation: PENDING
12:12:34 INFO  State of current operation: PENDING
12:12:36 INFO  State of current operation: PENDING
12:12:38 INFO  State of current operation: PENDING
12:12:41 INFO  State of current operation: PENDING
12:12:43 INFO  State of current operation: PENDING
12:12:45 INFO  State of current operation: PENDING
12:12:47 INFO  State of current operation: PENDING
12:12:50 INFO  State of current operation: PENDING
12:12:52 INFO  State of current operation: PENDING
12:12:54 INFO  State of current operation: PENDING
12:12:56 INFO  State of current operation: PENDING
12:12:58 INFO  State of current operation: PENDING
12:13:01 INFO  State of current operation: PENDING
12:13:03 INFO  State of current operation: PENDING
12:13:05 INFO  State of current operation: PENDING
12:13:07 INFO  State of current operation: PENDING
12:13:10 INFO  State of current operation: PENDING
12:13:12 INFO  State of current operation: PENDING
12:13:14 INFO  State of current operation: PENDING
12:13:16 INFO  State of current operation: PENDING
12:13:19 INFO  State of current operation: PENDING
12:13:21 INFO  State of current operation: PENDING
12:13:23 INFO  State of current operation: PENDING
12:13:26 INFO  State of current operation: PENDING
12:13:28 INFO  State of current operation: PENDING
12:13:30 INFO  State of current operation: PENDING
12:13:32 INFO  State of current operation: PENDING
12:13:35 INFO  State of current operation: PENDING
12:13:37 INFO  State of current operation: PENDING
12:13:39 INFO  State of current operation: PENDING
12:13:41 INFO  State of current operation: PENDING
12:13:44 INFO  State of current operation: PENDING
12:13:46 INFO  State of current operation: PENDING
12:13:48 INFO  State of current operation: PENDING
12:13:50 INFO  State of current operation: PENDING
12:13:52 INFO  State of current operation: PENDING
12:13:55 INFO  State of current operation: PENDING
12:13:57 INFO  State of current operation: PENDING
12:13:59 INFO  State of current operation: PENDING
12:14:01 INFO  State of current operation: PENDING
12:14:04 INFO  State of current operation: PENDING
12:14:06 INFO  State of current operation: PENDING
12:14:08 INFO  State of current operation: PENDING
12:14:10 INFO  State of current operation: PENDING
12:14:13 INFO  State of current operation: PENDING
12:14:15 INFO  State of current operation: PENDING
12:14:17 INFO  State of current operation: PENDING
12:14:19 WARN  SystemError occurred while running test - Timeout while waiting for status FAILED or SUCCESSFUL
Traceback (most recent call last):
  File &quot;/home/pi/env-pysys/lib/python3.7/site-packages/pysys/baserunner.py&quot;, line 1292, in __call__
    self.testObj.setup()
  File &quot;/home/pi/actions-runner/_work/thin-edge.io/thin-edge.io/tests/PySys/software_management_end_to_end/sm_apt_install_remove_with_version/run.py&quot;, line 27, in setup
    super().setup()
  File &quot;/home/pi/actions-runner/_work/thin-edge.io/thin-edge.io/tests/PySys/software_management_end_to_end/environment_sm_management.py&quot;, line 151, in setup
    self.wait_until_end()
  File &quot;/home/pi/actions-runner/_work/thin-edge.io/thin-edge.io/tests/PySys/software_management_end_to_end/environment_sm_management.py&quot;, line 332, in wait_until_end
    self.wait_until_status(&quot;FAILED&quot;, &quot;SUCCESSFUL&quot;)
  File &quot;/home/pi/actions-runner/_work/thin-edge.io/thin-edge.io/tests/PySys/software_management_end_to_end/environment_sm_management.py&quot;, line 381, in wait_until_status
    &quot;Timeout while waiting for status %s or %s&quot; % (status, status2)
SystemError: Timeout while waiting for status FAILED or SUCCESSFUL
12:14:19 WARN  SystemError: Timeout while waiting for status FAILED or SUCCESSFUL ... blocked 
12:14:19 INFO  
12:14:19 INFO  cleanup:
12:14:23 INFO  Executed sudo&lt;tedge_disconnect_c8y&gt;, exit status 0
12:14:24 INFO  Executed systemctl&lt;serv_mapper5&gt;, exit status 3
12:14:24 INFO  
12:14:24 INFO  Test duration: 166.81 secs
12:14:24 INFO  Test final outcome:  BLOCKED
12:14:24 INFO  Test outcome reason: SystemError: Timeout while waiting for status FAILED or SUCCESSFUL
12:14:24 INFO  
</system-out>
	</testcase>
</testsuite>
