<?xml version="1.0" encoding="utf-8"?>
<testsuite failures="1" name="SoftwareManagement.sm_apt_install_remove_multiple" skipped="0" tests="1" time="165.99" timestamp="2022-05-24T12:00:39">
	<testcase classname="PySysTest" name="SoftwareManagement.sm_apt_install_remove_multiple">
		<failure message="BLOCKED: SystemError: Timeout while waiting for status FAILED or SUCCESSFUL" type="BLOCKED"/>
		<system-out>11:57:53 INFO  ==============================================================
11:57:53 INFO  Id:    SoftwareManagement.sm_apt_install_remove_multiple
11:57:53 INFO  Dir:   software_management_end_to_end/
11:57:53 INFO  Title: Validate end to end behaviour for the apt plugin for multiple packages
11:57:53 INFO  ==============================================================
11:57:53 INFO  Using sw id database: {'asciijump': '5475369', 'robotfindskitten': '5474869', 'squirrel3': '5475279', 'rolldice': '5152439', 'moon-buggy': '5439204', 'apple': '5495053', 'banana': '5494888', 'cherry': '5495382', 'watermelon': '5494510', 'registry': '8018911', 'hello-world': '8021526', 'docker/getting-started': '8021973', 'alpine': '7991792'}
11:57:53 INFO  EnvironmentC8y Setup
11:57:53 INFO  Executed systemctl&lt;serv_mapper1&gt;, exit status 3
11:57:53 INFO  Restarting mosquitto too frequently in the last 10 seconds. It was only up for 5 seconds
11:57:53 INFO  Delaying execution by 6 seconds
11:58:13 INFO  Executed sudo&lt;tedge_connect_c8y&gt;, exit status 0, duration 14 secs
11:58:14 INFO  Executed sudo&lt;tedge_connect_c8y_test&gt;, exit status 0
11:58:15 INFO  Executed systemctl&lt;serv_mosq2&gt;, exit status 0
11:58:15 INFO  Executed systemctl&lt;serv_mapper3&gt;, exit status 0
11:58:17 INFO  State of current operation: PENDING
11:58:20 INFO  State of current operation: PENDING
11:58:22 INFO  State of current operation: PENDING
11:58:24 INFO  State of current operation: PENDING
11:58:26 INFO  State of current operation: PENDING
11:58:28 INFO  State of current operation: PENDING
11:58:31 INFO  State of current operation: PENDING
11:58:33 INFO  State of current operation: PENDING
11:58:35 INFO  State of current operation: PENDING
11:58:37 INFO  State of current operation: PENDING
11:58:40 INFO  State of current operation: PENDING
11:58:42 INFO  State of current operation: PENDING
11:58:45 INFO  State of current operation: PENDING
11:58:47 INFO  State of current operation: PENDING
11:58:49 INFO  State of current operation: PENDING
11:58:51 INFO  State of current operation: PENDING
11:58:53 INFO  State of current operation: PENDING
11:58:56 INFO  State of current operation: PENDING
11:58:58 INFO  State of current operation: PENDING
11:59:00 INFO  State of current operation: PENDING
11:59:02 INFO  State of current operation: PENDING
11:59:05 INFO  State of current operation: PENDING
11:59:07 INFO  State of current operation: PENDING
11:59:09 INFO  State of current operation: PENDING
11:59:11 INFO  State of current operation: PENDING
11:59:14 INFO  State of current operation: PENDING
11:59:16 INFO  State of current operation: PENDING
11:59:18 INFO  State of current operation: PENDING
11:59:20 INFO  State of current operation: PENDING
11:59:23 INFO  State of current operation: PENDING
11:59:25 INFO  State of current operation: PENDING
11:59:27 INFO  State of current operation: PENDING
11:59:29 INFO  State of current operation: PENDING
11:59:32 INFO  State of current operation: PENDING
11:59:34 INFO  State of current operation: PENDING
11:59:36 INFO  State of current operation: PENDING
11:59:38 INFO  State of current operation: PENDING
11:59:40 INFO  State of current operation: PENDING
11:59:43 INFO  State of current operation: PENDING
11:59:45 INFO  State of current operation: PENDING
11:59:47 INFO  State of current operation: PENDING
11:59:49 INFO  State of current operation: PENDING
11:59:52 INFO  State of current operation: PENDING
11:59:54 INFO  State of current operation: PENDING
11:59:56 INFO  State of current operation: PENDING
11:59:58 INFO  State of current operation: PENDING
12:00:01 INFO  State of current operation: PENDING
12:00:03 INFO  State of current operation: PENDING
12:00:05 INFO  State of current operation: PENDING
12:00:07 INFO  State of current operation: PENDING
12:00:10 INFO  State of current operation: PENDING
12:00:12 INFO  State of current operation: PENDING
12:00:14 INFO  State of current operation: PENDING
12:00:16 INFO  State of current operation: PENDING
12:00:19 INFO  State of current operation: PENDING
12:00:21 INFO  State of current operation: PENDING
12:00:23 INFO  State of current operation: PENDING
12:00:25 INFO  State of current operation: PENDING
12:00:28 INFO  State of current operation: PENDING
12:00:30 INFO  State of current operation: PENDING
12:00:32 INFO  State of current operation: PENDING
12:00:34 WARN  SystemError occurred while running test - Timeout while waiting for status FAILED or SUCCESSFUL
Traceback (most recent call last):
  File &quot;/home/pi/env-pysys/lib/python3.7/site-packages/pysys/baserunner.py&quot;, line 1292, in __call__
    self.testObj.setup()
  File &quot;/home/pi/actions-runner/_work/thin-edge.io/thin-edge.io/tests/PySys/software_management_end_to_end/sm_apt_install_remove_multiple/run.py&quot;, line 52, in setup
    super().setup()
  File &quot;/home/pi/actions-runner/_work/thin-edge.io/thin-edge.io/tests/PySys/software_management_end_to_end/environment_sm_management.py&quot;, line 151, in setup
    self.wait_until_end()
  File &quot;/home/pi/actions-runner/_work/thin-edge.io/thin-edge.io/tests/PySys/software_management_end_to_end/environment_sm_management.py&quot;, line 332, in wait_until_end
    self.wait_until_status(&quot;FAILED&quot;, &quot;SUCCESSFUL&quot;)
  File &quot;/home/pi/actions-runner/_work/thin-edge.io/thin-edge.io/tests/PySys/software_management_end_to_end/environment_sm_management.py&quot;, line 381, in wait_until_status
    &quot;Timeout while waiting for status %s or %s&quot; % (status, status2)
SystemError: Timeout while waiting for status FAILED or SUCCESSFUL
12:00:34 WARN  SystemError: Timeout while waiting for status FAILED or SUCCESSFUL ... blocked 
12:00:34 INFO  
12:00:34 INFO  cleanup:
12:00:38 INFO  Executed sudo&lt;tedge_disconnect_c8y&gt;, exit status 0
12:00:39 INFO  Executed systemctl&lt;serv_mapper5&gt;, exit status 3
12:00:39 INFO  
12:00:39 INFO  Test duration: 165.99 secs
12:00:39 INFO  Test final outcome:  BLOCKED
12:00:39 INFO  Test outcome reason: SystemError: Timeout while waiting for status FAILED or SUCCESSFUL
12:00:39 INFO  
</system-out>
	</testcase>
</testsuite>
