<?xml version="1.0" encoding="utf-8"?>
<testsuite failures="1" name="SoftwareManagement.sm_apt_install_remove_multiple" skipped="0" tests="1" time="169.62" timestamp="2022-07-21T17:32:07">
	<testcase classname="PySysTest" name="SoftwareManagement.sm_apt_install_remove_multiple">
		<failure message="BLOCKED: SystemError: Timeout while waiting for status SUCCESSFUL or False (+3 other failures)" type="BLOCKED"/>
		<system-out>17:29:17 INFO  ==============================================================
17:29:17 INFO  Id:    SoftwareManagement.sm_apt_install_remove_multiple
17:29:17 INFO  Dir:   software_management_end_to_end/
17:29:17 INFO  Title: Validate end to end behaviour for the apt plugin for multiple packages
17:29:17 INFO  ==============================================================
17:29:17 INFO  Using sw id database: {'asciijump': '5475369', 'robotfindskitten': '5474869', 'squirrel3': '5475279', 'rolldice': '5152439', 'moon-buggy': '5439204', 'apple': '5495053', 'banana': '5494888', 'cherry': '5495382', 'watermelon': '5494510', 'registry': '8018911', 'hello-world': '8021526', 'docker/getting-started': '8021973', 'alpine': '7991792'}
17:29:17 INFO  EnvironmentC8y Setup
17:29:18 INFO  Executed systemctl&lt;serv_mapper1&gt;, exit status 3
17:29:18 INFO  Restarting mosquitto too frequently in the last 10 seconds. It was only up for 5 seconds
17:29:18 INFO  Delaying execution by 6 seconds
17:29:38 INFO  Executed sudo&lt;tedge_connect_c8y&gt;, exit status 0, duration 13 secs
17:29:38 INFO  Executed sudo&lt;tedge_connect_c8y_test&gt;, exit status 0
17:29:39 INFO  Executed systemctl&lt;serv_mosq2&gt;, exit status 0
17:29:39 INFO  Executed systemctl&lt;serv_mapper3&gt;, exit status 0
17:29:42 INFO  State of current operation: SUCCESSFUL
17:29:42 INFO  Assert that (False == value) with value=False ... passed
17:29:42 INFO  Package asciijump is installed
17:29:42 WARN  Assert that (False == value) with value=True ... failed 
17:29:42 INFO  Package squirrel3 is installed
17:29:42 WARN  Assert that (False == value) with value=True ... failed 
17:29:42 INFO  Package robotfindskitten is installed
17:29:42 WARN  Assert that (False == value) with value=True ... failed 
17:29:43 INFO  Response status: 201
17:29:43 INFO  Response to action: {
    &quot;creationTime&quot;: &quot;2022-07-21T17:29:43.139Z&quot;,
    &quot;deviceId&quot;: &quot;21118604&quot;,
    &quot;deviceName&quot;: &quot;m32sd10c&quot;,
    &quot;self&quot;: &quot;https://t493319102.eu-latest.cumulocity.com/devicecontrol/operations/21163718&quot;,
    &quot;id&quot;: &quot;21163718&quot;,
    &quot;status&quot;: &quot;PENDING&quot;,
    &quot;description&quot;: &quot;Apply software changes, triggered from PySys: [{'action': 'install', 'id': '5475369', 'name': 'asciijump', 'url': ' ', 'version': '::apt'}, {'action': 'install', 'id': '5474869', 'name': 'robotfindskitten', 'url': ' ', 'version': '::apt'}, {'action': 'install', 'id': '5475279', 'name': 'squirrel3', 'url': ' ', 'version': '::apt'}]&quot;,
    &quot;c8y_SoftwareUpdate&quot;: [
        {
            &quot;name&quot;: &quot;asciijump&quot;,
            &quot;action&quot;: &quot;install&quot;,
            &quot;id&quot;: &quot;5475369&quot;,
            &quot;version&quot;: &quot;::apt&quot;,
            &quot;url&quot;: &quot; &quot;
        },
        {
            &quot;name&quot;: &quot;robotfindskitten&quot;,
            &quot;action&quot;: &quot;install&quot;,
            &quot;id&quot;: &quot;5474869&quot;,
            &quot;version&quot;: &quot;::apt&quot;,
            &quot;url&quot;: &quot; &quot;
        },
        {
            &quot;name&quot;: &quot;squirrel3&quot;,
            &quot;action&quot;: &quot;install&quot;,
            &quot;id&quot;: &quot;5475279&quot;,
            &quot;version&quot;: &quot;::apt&quot;,
            &quot;url&quot;: &quot; &quot;
        }
    ]
}
17:29:43 INFO  Started operation: {'creationTime': '2022-07-21T17:29:43.139Z', 'deviceId': '21118604', 'deviceName': 'm32sd10c', 'self': 'https://t493319102.eu-latest.cumulocity.com/devicecontrol/operations/21163718', 'id': '21163718', 'status': 'PENDING', 'description': &quot;Apply software changes, triggered from PySys: [{'action': 'install', 'id': '5475369', 'name': 'asciijump', 'url': ' ', 'version': '::apt'}, {'action': 'install', 'id': '5474869', 'name': 'robotfindskitten', 'url': ' ', 'version': '::apt'}, {'action': 'install', 'id': '5475279', 'name': 'squirrel3', 'url': ' ', 'version': '::apt'}]&quot;, 'c8y_SoftwareUpdate': [{'name': 'asciijump', 'action': 'install', 'id': '5475369', 'version': '::apt', 'url': ' '}, {'name': 'robotfindskitten', 'action': 'install', 'id': '5474869', 'version': '::apt', 'url': ' '}, {'name': 'squirrel3', 'action': 'install', 'id': '5475279', 'version': '::apt', 'url': ' '}]}
17:29:45 INFO  State of operation 21163718 : PENDING
17:29:47 INFO  State of operation 21163718 : PENDING
17:29:49 INFO  State of operation 21163718 : PENDING
17:29:52 INFO  State of operation 21163718 : PENDING
17:29:54 INFO  State of operation 21163718 : PENDING
17:29:56 INFO  State of operation 21163718 : PENDING
17:29:58 INFO  State of operation 21163718 : PENDING
17:30:00 INFO  State of operation 21163718 : PENDING
17:30:03 INFO  State of operation 21163718 : PENDING
17:30:05 INFO  State of operation 21163718 : PENDING
17:30:07 INFO  State of operation 21163718 : PENDING
17:30:09 INFO  State of operation 21163718 : PENDING
17:30:12 INFO  State of operation 21163718 : PENDING
17:30:14 INFO  State of operation 21163718 : PENDING
17:30:16 INFO  State of operation 21163718 : PENDING
17:30:18 INFO  State of operation 21163718 : PENDING
17:30:20 INFO  State of operation 21163718 : PENDING
17:30:23 INFO  State of operation 21163718 : PENDING
17:30:25 INFO  State of operation 21163718 : PENDING
17:30:27 INFO  State of operation 21163718 : PENDING
17:30:29 INFO  State of operation 21163718 : PENDING
17:30:32 INFO  State of operation 21163718 : PENDING
17:30:34 INFO  State of operation 21163718 : PENDING
17:30:36 INFO  State of operation 21163718 : PENDING
17:30:38 INFO  State of operation 21163718 : PENDING
17:30:40 INFO  State of operation 21163718 : PENDING
17:30:43 INFO  State of operation 21163718 : PENDING
17:30:45 INFO  State of operation 21163718 : PENDING
17:30:47 INFO  State of operation 21163718 : PENDING
17:30:49 INFO  State of operation 21163718 : PENDING
17:30:51 INFO  State of operation 21163718 : PENDING
17:30:54 INFO  State of operation 21163718 : PENDING
17:30:56 INFO  State of operation 21163718 : PENDING
17:30:58 INFO  State of operation 21163718 : PENDING
17:31:00 INFO  State of operation 21163718 : PENDING
17:31:03 INFO  State of operation 21163718 : PENDING
17:31:05 INFO  State of operation 21163718 : PENDING
17:31:07 INFO  State of operation 21163718 : PENDING
17:31:09 INFO  State of operation 21163718 : PENDING
17:31:11 INFO  State of operation 21163718 : PENDING
17:31:14 INFO  State of operation 21163718 : PENDING
17:31:16 INFO  State of operation 21163718 : PENDING
17:31:18 INFO  State of operation 21163718 : PENDING
17:31:20 INFO  State of operation 21163718 : PENDING
17:31:22 INFO  State of operation 21163718 : PENDING
17:31:25 INFO  State of operation 21163718 : PENDING
17:31:27 INFO  State of operation 21163718 : PENDING
17:31:29 INFO  State of operation 21163718 : PENDING
17:31:31 INFO  State of operation 21163718 : PENDING
17:31:34 INFO  State of operation 21163718 : PENDING
17:31:36 INFO  State of operation 21163718 : PENDING
17:31:38 INFO  State of operation 21163718 : PENDING
17:31:40 INFO  State of operation 21163718 : PENDING
17:31:43 INFO  State of operation 21163718 : EXECUTING
17:31:45 INFO  State of operation 21163718 : EXECUTING
17:31:47 INFO  State of operation 21163718 : EXECUTING
17:31:49 INFO  State of operation 21163718 : EXECUTING
17:31:51 INFO  State of operation 21163718 : EXECUTING
17:31:54 INFO  State of operation 21163718 : EXECUTING
17:31:57 INFO  State of operation 21163718 : EXECUTING
17:31:59 INFO  State of operation 21163718 : EXECUTING
17:32:01 WARN  SystemError occurred while running test - Timeout while waiting for status SUCCESSFUL or False
Traceback (most recent call last):
  File &quot;/home/pi/env-pysys/lib/python3.7/site-packages/pysys/baserunner.py&quot;, line 1294, in __call__
    self.testObj.execute()
  File &quot;/home/pi/actions-runner/_work/thin-edge.io/thin-edge.io/tests/PySys/software_management_end_to_end/sm_apt_install_remove_multiple/run.py&quot;, line 66, in execute
    self.wait_until_succcess()
  File &quot;/home/pi/actions-runner/_work/thin-edge.io/thin-edge.io/tests/PySys/software_management_end_to_end/environment_sm_management.py&quot;, line 324, in wait_until_succcess
    self.wait_until_status(&quot;SUCCESSFUL&quot;)
  File &quot;/home/pi/actions-runner/_work/thin-edge.io/thin-edge.io/tests/PySys/software_management_end_to_end/environment_sm_management.py&quot;, line 381, in wait_until_status
    &quot;Timeout while waiting for status %s or %s&quot; % (status, status2)
SystemError: Timeout while waiting for status SUCCESSFUL or False
17:32:02 WARN  SystemError: Timeout while waiting for status SUCCESSFUL or False ... blocked 
17:32:02 INFO  
17:32:02 INFO  cleanup:
17:32:06 INFO  Executed sudo&lt;tedge_disconnect_c8y&gt;, exit status 0
17:32:07 INFO  Executed systemctl&lt;serv_mapper5&gt;, exit status 3
17:32:07 INFO  
17:32:07 INFO  Test duration: 169.62 secs
17:32:07 INFO  Test final outcome:  BLOCKED
17:32:07 INFO  Test outcome reason: SystemError: Timeout while waiting for status SUCCESSFUL or False (+3 other failures)
17:32:07 INFO  
</system-out>
	</testcase>
</testsuite>
