<?xml version="1.0" encoding="utf-8"?>
<testsuite failures="1" name="SoftwareManagement.sm_apt_install_download_path" skipped="0" tests="1" time="89.08" timestamp="2022-07-22T00:03:25">
	<testcase classname="AptInstallWithDownloadPath" name="SoftwareManagement.sm_apt_install_download_path">
		<failure message="BLOCKED: AssertionError:" type="BLOCKED"/>
		<system-out>00:01:56 INFO  ==============================================================
00:01:56 INFO  Id:    SoftwareManagement.sm_apt_install_download_path
00:01:56 INFO  Dir:   software_management_end_to_end/
00:01:56 INFO  Title: Install package to directory specified in tedge config set tmp.path
00:01:56 INFO  ==============================================================
00:01:58 INFO  Using sw id database: {'asciijump': '5475369', 'robotfindskitten': '5474869', 'squirrel3': '5475279', 'rolldice': '5152439', 'moon-buggy': '5439204', 'apple': '5495053', 'banana': '5494888', 'cherry': '5495382', 'watermelon': '5494510', 'registry': '8018911', 'hello-world': '8021526', 'docker/getting-started': '8021973', 'alpine': '7991792'}
00:01:58 INFO  EnvironmentC8y Setup
00:01:58 INFO  Executed systemctl&lt;serv_mapper1&gt;, exit status 3
00:02:15 INFO  Executed sudo&lt;tedge_connect_c8y&gt;, exit status 0, duration 16 secs
00:02:16 INFO  Executed sudo&lt;tedge_connect_c8y_test&gt;, exit status 0
00:02:16 INFO  Executed systemctl&lt;serv_mosq2&gt;, exit status 0
00:02:17 INFO  Executed systemctl&lt;serv_mapper3&gt;, exit status 0
00:02:19 INFO  State of current operation: SUCCESSFUL
00:02:19 INFO  Assert that (False == value) with value=False ... passed
00:02:20 INFO  Executed sudo, exit status 0
00:02:20 INFO  Executed sudo, exit status 0
00:02:21 INFO  Executed sudo, exit status 0
00:02:25 INFO  Executed sudo&lt;tedge_disconnect_c8y&gt;, exit status 0
00:02:25 INFO  Restarting mosquitto too frequently in the last 10 seconds. It was only up for 3 seconds
00:02:25 INFO  Delaying execution by 8 seconds
00:02:47 INFO  Executed sudo&lt;tedge_connect_c8y&gt;, exit status 0, duration 14 secs
00:02:48 INFO  Response status: 201
00:02:48 INFO  Response to action: {
    &quot;creationTime&quot;: &quot;2022-07-22T00:02:47.970Z&quot;,
    &quot;deviceId&quot;: &quot;21167114&quot;,
    &quot;deviceName&quot;: &quot;m32sd10c&quot;,
    &quot;self&quot;: &quot;https://t493319102.eu-latest.cumulocity.com/devicecontrol/operations/21210801&quot;,
    &quot;id&quot;: &quot;21210801&quot;,
    &quot;status&quot;: &quot;PENDING&quot;,
    &quot;description&quot;: &quot;Apply software changes, triggered from PySys: [{'name': 'rolldice', 'id': '5152439', 'version': '::apt', 'url': 'https://thin-edge-io.eu-latest.cumulocity.com/inventory/binaries/12435463', 'action': 'install'}]&quot;,
    &quot;c8y_SoftwareUpdate&quot;: [
        {
            &quot;name&quot;: &quot;rolldice&quot;,
            &quot;action&quot;: &quot;install&quot;,
            &quot;id&quot;: &quot;5152439&quot;,
            &quot;version&quot;: &quot;::apt&quot;,
            &quot;url&quot;: &quot;https://thin-edge-io.eu-latest.cumulocity.com/inventory/binaries/12435463&quot;
        }
    ]
}
00:02:48 INFO  Started operation: {'creationTime': '2022-07-22T00:02:47.970Z', 'deviceId': '21167114', 'deviceName': 'm32sd10c', 'self': 'https://t493319102.eu-latest.cumulocity.com/devicecontrol/operations/21210801', 'id': '21210801', 'status': 'PENDING', 'description': &quot;Apply software changes, triggered from PySys: [{'name': 'rolldice', 'id': '5152439', 'version': '::apt', 'url': 'https://thin-edge-io.eu-latest.cumulocity.com/inventory/binaries/12435463', 'action': 'install'}]&quot;, 'c8y_SoftwareUpdate': [{'name': 'rolldice', 'action': 'install', 'id': '5152439', 'version': '::apt', 'url': 'https://thin-edge-io.eu-latest.cumulocity.com/inventory/binaries/12435463'}]}
00:02:48 WARN  , retrying in 0.5 seconds...
00:02:48 WARN  , retrying in 0.5 seconds...
00:02:49 WARN  , retrying in 0.5 seconds...
00:02:49 WARN  , retrying in 0.5 seconds...
00:02:50 WARN  , retrying in 0.5 seconds...
00:02:50 WARN  , retrying in 0.5 seconds...
00:02:51 WARN  , retrying in 0.5 seconds...
00:02:51 WARN  , retrying in 0.5 seconds...
00:02:52 WARN  , retrying in 0.5 seconds...
00:02:52 WARN  AssertionError occurred while running test - 
Traceback (most recent call last):
  File &quot;/home/pi/env-pysys/lib/python3.7/site-packages/pysys/baserunner.py&quot;, line 1294, in __call__
    self.testObj.execute()
  File &quot;/home/pi/actions-runner/_work/thin-edge.io/thin-edge.io/tests/PySys/software_management_end_to_end/sm_apt_install_download_path/run.py&quot;, line 83, in execute
    assert_install_in_download_path(install_directory=self.DOWNLOAD_DIR)
  File &quot;/home/pi/env-pysys/lib/python3.7/site-packages/decorator.py&quot;, line 232, in fun
    return caller(func, *(extras + args), **kw)
  File &quot;/home/pi/env-pysys/lib/python3.7/site-packages/retry/api.py&quot;, line 74, in retry_decorator
    logger)
  File &quot;/home/pi/env-pysys/lib/python3.7/site-packages/retry/api.py&quot;, line 33, in __retry_internal
    return f()
  File &quot;/home/pi/actions-runner/_work/thin-edge.io/thin-edge.io/tests/PySys/software_management_end_to_end/sm_apt_install_download_path/run.py&quot;, line 28, in assert_install_in_download_path
    assert &quot;rolldice&quot; in os.listdir(f&quot;{install_directory}&quot;)
AssertionError
00:02:52 WARN  AssertionError: ... blocked 
00:02:52 INFO  
00:02:52 INFO  cleanup:
00:02:53 INFO  Executed sudo, exit status 0
00:02:53 INFO  Executed sudo, exit status 0
00:02:58 INFO  Executed sudo&lt;tedge_disconnect_c8y&gt;, exit status 0
00:02:58 INFO  Restarting mosquitto too frequently in the last 10 seconds. It was only up for 3 seconds
00:02:58 INFO  Delaying execution by 8 seconds
00:03:20 INFO  Executed sudo&lt;tedge_connect_c8y&gt;, exit status 0, duration 14 secs
00:03:24 INFO  Executed sudo&lt;tedge_disconnect_c8y&gt;, exit status 0
00:03:25 INFO  Executed systemctl&lt;serv_mapper5&gt;, exit status 3
00:03:25 INFO  
00:03:25 INFO  Test duration: 89.08 secs
00:03:25 INFO  Test final outcome:  BLOCKED
00:03:25 INFO  Test outcome reason: AssertionError:
00:03:25 INFO  
</system-out>
	</testcase>
</testsuite>
