<?xml version="1.0" encoding="utf-8"?>
<testsuite failures="1" name="SoftwareManagement.sm_fake_install_remove_multiple" skipped="0" tests="1" time="166.72" timestamp="2022-05-23T16:27:21">
	<testcase classname="PySysTest" name="SoftwareManagement.sm_fake_install_remove_multiple">
		<failure message="BLOCKED: SystemError: Timeout while waiting for status FAILED or SUCCESSFUL" type="BLOCKED"/>
		<system-out>16:24:34 INFO  ==============================================================
16:24:34 INFO  Id:    SoftwareManagement.sm_fake_install_remove_multiple
16:24:34 INFO  Dir:   software_management_end_to_end/
16:24:34 INFO  Title: Validate end to end behaviour for the dummy-plugin for multiple packages
16:24:34 INFO  ==============================================================
16:24:34 INFO  Using sw id database: {'asciijump': '5475369', 'robotfindskitten': '5474869', 'squirrel3': '5475279', 'rolldice': '5152439', 'moon-buggy': '5439204', 'apple': '5495053', 'banana': '5494888', 'cherry': '5495382', 'watermelon': '5494510', 'registry': '8018911', 'hello-world': '8021526', 'docker/getting-started': '8021973', 'alpine': '7991792'}
16:24:34 INFO  EnvironmentC8y Setup
16:24:35 INFO  Executed systemctl&lt;serv_mapper1&gt;, exit status 3
16:24:35 INFO  Restarting mosquitto too frequently in the last 10 seconds. It was only up for 4 seconds
16:24:35 INFO  Delaying execution by 7 seconds
16:24:56 INFO  Executed sudo&lt;tedge_connect_c8y&gt;, exit status 0, duration 13 secs
16:24:57 INFO  Executed sudo&lt;tedge_connect_c8y_test&gt;, exit status 0
16:24:57 INFO  Executed systemctl&lt;serv_mosq2&gt;, exit status 0
16:24:58 INFO  Executed systemctl&lt;serv_mapper3&gt;, exit status 0
16:25:00 INFO  State of current operation: PENDING
16:25:02 INFO  State of current operation: PENDING
16:25:04 INFO  State of current operation: PENDING
16:25:07 INFO  State of current operation: PENDING
16:25:09 INFO  State of current operation: PENDING
16:25:11 INFO  State of current operation: PENDING
16:25:13 INFO  State of current operation: PENDING
16:25:15 INFO  State of current operation: PENDING
16:25:18 INFO  State of current operation: PENDING
16:25:20 INFO  State of current operation: PENDING
16:25:22 INFO  State of current operation: PENDING
16:25:25 INFO  State of current operation: PENDING
16:25:27 INFO  State of current operation: PENDING
16:25:29 INFO  State of current operation: PENDING
16:25:32 INFO  State of current operation: PENDING
16:25:34 INFO  State of current operation: PENDING
16:25:36 INFO  State of current operation: PENDING
16:25:38 INFO  State of current operation: PENDING
16:25:41 INFO  State of current operation: PENDING
16:25:43 INFO  State of current operation: PENDING
16:25:45 INFO  State of current operation: PENDING
16:25:47 INFO  State of current operation: PENDING
16:25:49 INFO  State of current operation: PENDING
16:25:52 INFO  State of current operation: PENDING
16:25:54 INFO  State of current operation: PENDING
16:25:56 INFO  State of current operation: PENDING
16:25:58 INFO  State of current operation: PENDING
16:26:01 INFO  State of current operation: PENDING
16:26:03 INFO  State of current operation: PENDING
16:26:05 INFO  State of current operation: PENDING
16:26:07 INFO  State of current operation: PENDING
16:26:10 INFO  State of current operation: PENDING
16:26:12 INFO  State of current operation: PENDING
16:26:14 INFO  State of current operation: PENDING
16:26:16 INFO  State of current operation: PENDING
16:26:19 INFO  State of current operation: PENDING
16:26:21 INFO  State of current operation: PENDING
16:26:23 INFO  State of current operation: PENDING
16:26:25 INFO  State of current operation: PENDING
16:26:27 INFO  State of current operation: PENDING
16:26:30 INFO  State of current operation: PENDING
16:26:32 INFO  State of current operation: PENDING
16:26:34 INFO  State of current operation: PENDING
16:26:36 INFO  State of current operation: PENDING
16:26:39 INFO  State of current operation: PENDING
16:26:41 INFO  State of current operation: PENDING
16:26:43 INFO  State of current operation: PENDING
16:26:45 INFO  State of current operation: PENDING
16:26:48 INFO  State of current operation: PENDING
16:26:50 INFO  State of current operation: PENDING
16:26:52 INFO  State of current operation: PENDING
16:26:54 INFO  State of current operation: PENDING
16:26:56 INFO  State of current operation: PENDING
16:26:59 INFO  State of current operation: PENDING
16:27:01 INFO  State of current operation: PENDING
16:27:03 INFO  State of current operation: PENDING
16:27:05 INFO  State of current operation: PENDING
16:27:08 INFO  State of current operation: PENDING
16:27:10 INFO  State of current operation: PENDING
16:27:12 INFO  State of current operation: PENDING
16:27:14 INFO  State of current operation: PENDING
16:27:16 WARN  SystemError occurred while running test - Timeout while waiting for status FAILED or SUCCESSFUL
Traceback (most recent call last):
  File &quot;/home/pi/env-pysys/lib/python3.7/site-packages/pysys/baserunner.py&quot;, line 1292, in __call__
    self.testObj.setup()
  File &quot;/home/pi/actions-runner/_work/thin-edge.io/thin-edge.io/tests/PySys/software_management_end_to_end/sm_fake_install_remove_multiple/run.py&quot;, line 68, in setup
    super().setup()
  File &quot;/home/pi/actions-runner/_work/thin-edge.io/thin-edge.io/tests/PySys/software_management_end_to_end/environment_sm_management.py&quot;, line 151, in setup
    self.wait_until_end()
  File &quot;/home/pi/actions-runner/_work/thin-edge.io/thin-edge.io/tests/PySys/software_management_end_to_end/environment_sm_management.py&quot;, line 332, in wait_until_end
    self.wait_until_status(&quot;FAILED&quot;, &quot;SUCCESSFUL&quot;)
  File &quot;/home/pi/actions-runner/_work/thin-edge.io/thin-edge.io/tests/PySys/software_management_end_to_end/environment_sm_management.py&quot;, line 381, in wait_until_status
    &quot;Timeout while waiting for status %s or %s&quot; % (status, status2)
SystemError: Timeout while waiting for status FAILED or SUCCESSFUL
16:27:16 WARN  SystemError: Timeout while waiting for status FAILED or SUCCESSFUL ... blocked 
16:27:16 INFO  
16:27:16 INFO  cleanup:
16:27:20 INFO  Executed sudo&lt;tedge_disconnect_c8y&gt;, exit status 0
16:27:21 INFO  Executed systemctl&lt;serv_mapper5&gt;, exit status 3
16:27:21 INFO  
16:27:21 INFO  Test duration: 166.72 secs
16:27:21 INFO  Test final outcome:  BLOCKED
16:27:21 INFO  Test outcome reason: SystemError: Timeout while waiting for status FAILED or SUCCESSFUL
16:27:21 INFO  
</system-out>
	</testcase>
</testsuite>
