<?xml version="1.0" encoding="utf-8"?>
<testsuite failures="1" name="SoftwareManagement.sm_apt_install_remove" skipped="0" tests="1" time="164.96" timestamp="2022-07-21T11:03:32">
	<testcase classname="PySysTest" name="SoftwareManagement.sm_apt_install_remove">
		<failure message="FAILED: Assert that (False == value) with value=True" type="FAILED"/>
		<system-out>11:00:47 INFO  ==============================================================
11:00:47 INFO  Id:    SoftwareManagement.sm_apt_install_remove
11:00:47 INFO  Dir:   software_management_end_to_end/
11:00:47 INFO  Title: Validate end to end behaviour for the apt plugin for installation and removal of packages
11:00:47 INFO  ==============================================================
11:00:47 INFO  Using sw id database: {'asciijump': '5475369', 'robotfindskitten': '5474869', 'squirrel3': '5475279', 'rolldice': '5152439', 'moon-buggy': '5439204', 'apple': '5495053', 'banana': '5494888', 'cherry': '5495382', 'watermelon': '5494510', 'registry': '8018911', 'hello-world': '8021526', 'docker/getting-started': '8021973', 'alpine': '7991792'}
11:00:47 INFO  EnvironmentC8y Setup
11:00:48 INFO  Executed systemctl&lt;serv_mapper1&gt;, exit status 3
11:00:48 INFO  Restarting mosquitto too frequently in the last 10 seconds. It was only up for 5 seconds
11:00:48 INFO  Delaying execution by 6 seconds
11:01:08 INFO  Executed sudo&lt;tedge_connect_c8y&gt;, exit status 0, duration 14 secs
11:01:09 INFO  Executed sudo&lt;tedge_connect_c8y_test&gt;, exit status 0
11:01:09 INFO  Executed systemctl&lt;serv_mosq2&gt;, exit status 0
11:01:10 INFO  Executed systemctl&lt;serv_mapper3&gt;, exit status 0
11:01:12 INFO  State of current operation: FAILED
11:01:12 INFO  Assert that (False == value) with value=False ... passed
11:01:13 INFO  Response status: 201
11:01:13 INFO  Response to action: {
    &quot;creationTime&quot;: &quot;2022-07-21T11:01:12.995Z&quot;,
    &quot;deviceId&quot;: &quot;21110410&quot;,
    &quot;deviceName&quot;: &quot;m32sd10c&quot;,
    &quot;self&quot;: &quot;https://t493319102.eu-latest.cumulocity.com/devicecontrol/operations/21118337&quot;,
    &quot;id&quot;: &quot;21118337&quot;,
    &quot;status&quot;: &quot;PENDING&quot;,
    &quot;description&quot;: &quot;Apply software changes, triggered from PySys: [{'name': 'rolldice', 'id': '5152439', 'version': '::apt', 'url': '', 'action': 'install'}]&quot;,
    &quot;c8y_SoftwareUpdate&quot;: [
        {
            &quot;name&quot;: &quot;rolldice&quot;,
            &quot;action&quot;: &quot;install&quot;,
            &quot;id&quot;: &quot;5152439&quot;,
            &quot;version&quot;: &quot;::apt&quot;,
            &quot;url&quot;: &quot;&quot;
        }
    ]
}
11:01:13 INFO  Started operation: {'creationTime': '2022-07-21T11:01:12.995Z', 'deviceId': '21110410', 'deviceName': 'm32sd10c', 'self': 'https://t493319102.eu-latest.cumulocity.com/devicecontrol/operations/21118337', 'id': '21118337', 'status': 'PENDING', 'description': &quot;Apply software changes, triggered from PySys: [{'name': 'rolldice', 'id': '5152439', 'version': '::apt', 'url': '', 'action': 'install'}]&quot;, 'c8y_SoftwareUpdate': [{'name': 'rolldice', 'action': 'install', 'id': '5152439', 'version': '::apt', 'url': ''}]}
11:01:15 INFO  State of operation 21118337 : PENDING
11:01:17 INFO  State of operation 21118337 : EXECUTING
11:01:19 INFO  State of operation 21118337 : EXECUTING
11:01:21 INFO  State of operation 21118337 : EXECUTING
11:01:24 INFO  State of operation 21118337 : EXECUTING
11:01:26 INFO  State of operation 21118337 : EXECUTING
11:01:29 INFO  State of operation 21118337 : EXECUTING
11:01:31 INFO  State of operation 21118337 : EXECUTING
11:01:33 INFO  State of operation 21118337 : EXECUTING
11:01:36 INFO  State of operation 21118337 : EXECUTING
11:01:38 INFO  State of operation 21118337 : EXECUTING
11:01:40 INFO  State of operation 21118337 : EXECUTING
11:01:42 INFO  State of operation 21118337 : EXECUTING
11:01:45 INFO  State of operation 21118337 : EXECUTING
11:01:47 INFO  State of operation 21118337 : EXECUTING
11:01:49 INFO  State of operation 21118337 : EXECUTING
11:01:52 INFO  State of operation 21118337 : EXECUTING
11:01:54 INFO  State of operation 21118337 : EXECUTING
11:01:57 INFO  State of operation 21118337 : EXECUTING
11:01:59 INFO  State of operation 21118337 : EXECUTING
11:02:01 INFO  State of operation 21118337 : EXECUTING
11:02:03 INFO  State of operation 21118337 : EXECUTING
11:02:06 INFO  State of operation 21118337 : EXECUTING
11:02:08 INFO  State of operation 21118337 : EXECUTING
11:02:11 INFO  State of operation 21118337 : EXECUTING
11:02:13 INFO  State of operation 21118337 : EXECUTING
11:02:16 INFO  State of operation 21118337 : EXECUTING
11:02:19 INFO  State of operation 21118337 : EXECUTING
11:02:21 INFO  State of operation 21118337 : EXECUTING
11:02:24 INFO  State of operation 21118337 : EXECUTING
11:02:26 INFO  State of operation 21118337 : EXECUTING
11:02:28 INFO  State of operation 21118337 : EXECUTING
11:02:30 INFO  State of operation 21118337 : EXECUTING
11:02:33 INFO  State of operation 21118337 : EXECUTING
11:02:35 INFO  State of operation 21118337 : SUCCESSFUL
11:02:35 INFO  Package rolldice is installed
11:02:35 INFO  Assert that (True == value) with value=True ... passed
11:02:35 INFO  Response status: 201
11:02:35 INFO  Response to action: {
    &quot;creationTime&quot;: &quot;2022-07-21T11:02:35.769Z&quot;,
    &quot;deviceId&quot;: &quot;21110410&quot;,
    &quot;deviceName&quot;: &quot;m32sd10c&quot;,
    &quot;self&quot;: &quot;https://t493319102.eu-latest.cumulocity.com/devicecontrol/operations/21118345&quot;,
    &quot;id&quot;: &quot;21118345&quot;,
    &quot;status&quot;: &quot;PENDING&quot;,
    &quot;description&quot;: &quot;Apply software changes, triggered from PySys: [{'name': 'rolldice', 'id': '5152439', 'version': '::apt', 'url': '', 'action': 'delete'}]&quot;,
    &quot;c8y_SoftwareUpdate&quot;: [
        {
            &quot;name&quot;: &quot;rolldice&quot;,
            &quot;action&quot;: &quot;delete&quot;,
            &quot;id&quot;: &quot;5152439&quot;,
            &quot;version&quot;: &quot;::apt&quot;,
            &quot;url&quot;: &quot;&quot;
        }
    ]
}
11:02:35 INFO  Started operation: {'creationTime': '2022-07-21T11:02:35.769Z', 'deviceId': '21110410', 'deviceName': 'm32sd10c', 'self': 'https://t493319102.eu-latest.cumulocity.com/devicecontrol/operations/21118345', 'id': '21118345', 'status': 'PENDING', 'description': &quot;Apply software changes, triggered from PySys: [{'name': 'rolldice', 'id': '5152439', 'version': '::apt', 'url': '', 'action': 'delete'}]&quot;, 'c8y_SoftwareUpdate': [{'name': 'rolldice', 'action': 'delete', 'id': '5152439', 'version': '::apt', 'url': ''}]}
11:02:38 INFO  State of operation 21118345 : PENDING
11:02:40 INFO  State of operation 21118345 : EXECUTING
11:02:42 INFO  State of operation 21118345 : EXECUTING
11:02:44 INFO  State of operation 21118345 : EXECUTING
11:02:46 INFO  State of operation 21118345 : EXECUTING
11:02:49 INFO  State of operation 21118345 : EXECUTING
11:02:51 INFO  State of operation 21118345 : EXECUTING
11:02:54 INFO  State of operation 21118345 : EXECUTING
11:02:57 INFO  State of operation 21118345 : EXECUTING
11:02:59 INFO  State of operation 21118345 : EXECUTING
11:03:01 INFO  State of operation 21118345 : EXECUTING
11:03:04 INFO  State of operation 21118345 : EXECUTING
11:03:06 INFO  State of operation 21118345 : EXECUTING
11:03:08 INFO  State of operation 21118345 : EXECUTING
11:03:10 INFO  State of operation 21118345 : EXECUTING
11:03:13 INFO  State of operation 21118345 : EXECUTING
11:03:16 INFO  State of operation 21118345 : EXECUTING
11:03:18 INFO  State of operation 21118345 : EXECUTING
11:03:20 INFO  State of operation 21118345 : EXECUTING
11:03:23 INFO  State of operation 21118345 : EXECUTING
11:03:25 INFO  State of operation 21118345 : EXECUTING
11:03:27 INFO  State of operation 21118345 : SUCCESSFUL
11:03:27 INFO  Package rolldice is installed
11:03:28 WARN  Assert that (False == value) with value=True ... failed [run.py:51]
11:03:28 INFO  
11:03:28 INFO  cleanup:
11:03:32 INFO  Executed sudo&lt;tedge_disconnect_c8y&gt;, exit status 0
11:03:32 INFO  Executed systemctl&lt;serv_mapper5&gt;, exit status 3
11:03:32 INFO  
11:03:32 INFO  Test duration: 164.96 secs
11:03:32 INFO  Test final outcome:  FAILED
11:03:32 INFO  Test outcome reason: Assert that (False == value) with value=True
11:03:32 INFO  
</system-out>
	</testcase>
</testsuite>
