<?xml version="1.0" encoding="utf-8"?>
<testsuite failures="1" name="SoftwareManagement.sm_mixed_install_remove_multiple" skipped="0" tests="1" time="165.95" timestamp="2022-05-23T10:01:10">
	<testcase classname="PySysTest" name="SoftwareManagement.sm_mixed_install_remove_multiple">
		<failure message="BLOCKED: SystemError: Timeout while waiting for status FAILED or SUCCESSFUL" type="BLOCKED"/>
		<system-out>09:58:24 INFO  ==============================================================
09:58:24 INFO  Id:    SoftwareManagement.sm_mixed_install_remove_multiple
09:58:24 INFO  Dir:   software_management_end_to_end/
09:58:24 INFO  Title: Validate end to end behaviour for the dummy-plugin for multiple packages with mixed versions
09:58:24 INFO  ==============================================================
09:58:24 INFO  Using sw id database: {'asciijump': '5475369', 'robotfindskitten': '5474869', 'squirrel3': '5475279', 'rolldice': '5152439', 'moon-buggy': '5439204', 'apple': '5495053', 'banana': '5494888', 'cherry': '5495382', 'watermelon': '5494510', 'registry': '8018911', 'hello-world': '8021526', 'docker/getting-started': '8021973', 'alpine': '7991792'}
09:58:24 INFO  EnvironmentC8y Setup
09:58:25 INFO  Executed systemctl&lt;serv_mapper1&gt;, exit status 3
09:58:25 INFO  Restarting mosquitto too frequently in the last 10 seconds. It was only up for 5 seconds
09:58:25 INFO  Delaying execution by 6 seconds
09:58:45 INFO  Executed sudo&lt;tedge_connect_c8y&gt;, exit status 0, duration 14 secs
09:58:45 INFO  Executed sudo&lt;tedge_connect_c8y_test&gt;, exit status 0
09:58:46 INFO  Executed systemctl&lt;serv_mosq2&gt;, exit status 0
09:58:46 INFO  Executed systemctl&lt;serv_mapper3&gt;, exit status 0
09:58:49 INFO  State of current operation: PENDING
09:58:51 INFO  State of current operation: PENDING
09:58:53 INFO  State of current operation: PENDING
09:58:55 INFO  State of current operation: PENDING
09:58:58 INFO  State of current operation: PENDING
09:59:00 INFO  State of current operation: PENDING
09:59:02 INFO  State of current operation: PENDING
09:59:04 INFO  State of current operation: PENDING
09:59:07 INFO  State of current operation: PENDING
09:59:09 INFO  State of current operation: PENDING
09:59:11 INFO  State of current operation: PENDING
09:59:13 INFO  State of current operation: PENDING
09:59:15 INFO  State of current operation: PENDING
09:59:18 INFO  State of current operation: PENDING
09:59:20 INFO  State of current operation: PENDING
09:59:22 INFO  State of current operation: PENDING
09:59:24 INFO  State of current operation: PENDING
09:59:27 INFO  State of current operation: PENDING
09:59:29 INFO  State of current operation: PENDING
09:59:31 INFO  State of current operation: PENDING
09:59:33 INFO  State of current operation: PENDING
09:59:36 INFO  State of current operation: PENDING
09:59:38 INFO  State of current operation: PENDING
09:59:40 INFO  State of current operation: PENDING
09:59:42 INFO  State of current operation: PENDING
09:59:45 INFO  State of current operation: PENDING
09:59:47 INFO  State of current operation: PENDING
09:59:49 INFO  State of current operation: PENDING
09:59:51 INFO  State of current operation: PENDING
09:59:54 INFO  State of current operation: PENDING
09:59:56 INFO  State of current operation: PENDING
09:59:58 INFO  State of current operation: PENDING
10:00:00 INFO  State of current operation: PENDING
10:00:03 INFO  State of current operation: PENDING
10:00:05 INFO  State of current operation: PENDING
10:00:07 INFO  State of current operation: PENDING
10:00:09 INFO  State of current operation: PENDING
10:00:12 INFO  State of current operation: PENDING
10:00:14 INFO  State of current operation: PENDING
10:00:16 INFO  State of current operation: PENDING
10:00:18 INFO  State of current operation: PENDING
10:00:20 INFO  State of current operation: PENDING
10:00:23 INFO  State of current operation: PENDING
10:00:25 INFO  State of current operation: PENDING
10:00:27 INFO  State of current operation: PENDING
10:00:29 INFO  State of current operation: PENDING
10:00:32 INFO  State of current operation: PENDING
10:00:34 INFO  State of current operation: PENDING
10:00:36 INFO  State of current operation: PENDING
10:00:38 INFO  State of current operation: PENDING
10:00:41 INFO  State of current operation: PENDING
10:00:43 INFO  State of current operation: PENDING
10:00:45 INFO  State of current operation: PENDING
10:00:47 INFO  State of current operation: PENDING
10:00:49 INFO  State of current operation: PENDING
10:00:52 INFO  State of current operation: PENDING
10:00:54 INFO  State of current operation: PENDING
10:00:56 INFO  State of current operation: PENDING
10:00:58 INFO  State of current operation: PENDING
10:01:01 INFO  State of current operation: PENDING
10:01:03 INFO  State of current operation: PENDING
10:01:05 WARN  SystemError occurred while running test - Timeout while waiting for status FAILED or SUCCESSFUL
Traceback (most recent call last):
  File &quot;/home/pi/env-pysys/lib/python3.7/site-packages/pysys/baserunner.py&quot;, line 1292, in __call__
    self.testObj.setup()
  File &quot;/home/pi/actions-runner/_work/thin-edge.io/thin-edge.io/tests/PySys/software_management_end_to_end/sm_mixed_install_remove_multiple/run.py&quot;, line 83, in setup
    super().setup()
  File &quot;/home/pi/actions-runner/_work/thin-edge.io/thin-edge.io/tests/PySys/software_management_end_to_end/environment_sm_management.py&quot;, line 151, in setup
    self.wait_until_end()
  File &quot;/home/pi/actions-runner/_work/thin-edge.io/thin-edge.io/tests/PySys/software_management_end_to_end/environment_sm_management.py&quot;, line 332, in wait_until_end
    self.wait_until_status(&quot;FAILED&quot;, &quot;SUCCESSFUL&quot;)
  File &quot;/home/pi/actions-runner/_work/thin-edge.io/thin-edge.io/tests/PySys/software_management_end_to_end/environment_sm_management.py&quot;, line 381, in wait_until_status
    &quot;Timeout while waiting for status %s or %s&quot; % (status, status2)
SystemError: Timeout while waiting for status FAILED or SUCCESSFUL
10:01:05 WARN  SystemError: Timeout while waiting for status FAILED or SUCCESSFUL ... blocked 
10:01:05 INFO  
10:01:05 INFO  cleanup:
10:01:09 INFO  Executed sudo&lt;tedge_disconnect_c8y&gt;, exit status 0
10:01:10 INFO  Executed systemctl&lt;serv_mapper5&gt;, exit status 3
10:01:10 INFO  
10:01:10 INFO  Test duration: 165.95 secs
10:01:10 INFO  Test final outcome:  BLOCKED
10:01:10 INFO  Test outcome reason: SystemError: Timeout while waiting for status FAILED or SUCCESSFUL
10:01:10 INFO  
</system-out>
	</testcase>
</testsuite>
