<?xml version="1.0" encoding="utf-8"?>
<testsuite failures="1" name="SoftwareManagement.sm_apt_install_remove_multiple" skipped="0" tests="1" time="137.25" timestamp="2022-07-22T15:29:09">
	<testcase classname="PySysTest" name="SoftwareManagement.sm_apt_install_remove_multiple">
		<failure message="FAILED: Assert that (False == value) with value=True (+2 other failures)" type="FAILED"/>
		<system-out>15:26:51 INFO  ==============================================================
15:26:51 INFO  Id:    SoftwareManagement.sm_apt_install_remove_multiple
15:26:51 INFO  Dir:   software_management_end_to_end/
15:26:51 INFO  Title: Validate end to end behaviour for the apt plugin for multiple packages
15:26:51 INFO  ==============================================================
15:26:51 INFO  Using sw id database: {'asciijump': '5475369', 'robotfindskitten': '5474869', 'squirrel3': '5475279', 'rolldice': '5152439', 'moon-buggy': '5439204', 'apple': '5495053', 'banana': '5494888', 'cherry': '5495382', 'watermelon': '5494510', 'registry': '8018911', 'hello-world': '8021526', 'docker/getting-started': '8021973', 'alpine': '7991792'}
15:26:51 INFO  EnvironmentC8y Setup
15:26:52 INFO  Executed systemctl&lt;serv_mapper1&gt;, exit status 3
15:26:52 INFO  Restarting mosquitto too frequently in the last 10 seconds. It was only up for 5 seconds
15:26:52 INFO  Delaying execution by 6 seconds
15:27:12 INFO  Executed sudo&lt;tedge_connect_c8y&gt;, exit status 0, duration 13 secs
15:27:13 INFO  Executed sudo&lt;tedge_connect_c8y_test&gt;, exit status 0
15:27:13 INFO  Executed systemctl&lt;serv_mosq2&gt;, exit status 0
15:27:14 INFO  Executed systemctl&lt;serv_mapper3&gt;, exit status 0
15:27:16 INFO  State of current operation: SUCCESSFUL
15:27:16 INFO  Assert that (False == value) with value=False ... passed
15:27:16 INFO  Package asciijump is installed
15:27:17 WARN  Assert that (False == value) with value=True ... failed 
15:27:17 INFO  Package squirrel3 is installed
15:27:17 WARN  Assert that (False == value) with value=True ... failed 
15:27:17 INFO  Package robotfindskitten is installed
15:27:17 WARN  Assert that (False == value) with value=True ... failed 
15:27:17 INFO  Response status: 201
15:27:17 INFO  Response to action: {
    &quot;creationTime&quot;: &quot;2022-07-22T15:27:17.905Z&quot;,
    &quot;deviceId&quot;: &quot;21278194&quot;,
    &quot;deviceName&quot;: &quot;m32sd10c&quot;,
    &quot;self&quot;: &quot;https://t493319102.eu-latest.cumulocity.com/devicecontrol/operations/21290519&quot;,
    &quot;id&quot;: &quot;21290519&quot;,
    &quot;status&quot;: &quot;PENDING&quot;,
    &quot;description&quot;: &quot;Apply software changes, triggered from PySys: [{'action': 'install', 'id': '5475369', 'name': 'asciijump', 'url': ' ', 'version': '::apt'}, {'action': 'install', 'id': '5474869', 'name': 'robotfindskitten', 'url': ' ', 'version': '::apt'}, {'action': 'install', 'id': '5475279', 'name': 'squirrel3', 'url': ' ', 'version': '::apt'}]&quot;,
    &quot;c8y_SoftwareUpdate&quot;: [
        {
            &quot;name&quot;: &quot;asciijump&quot;,
            &quot;action&quot;: &quot;install&quot;,
            &quot;id&quot;: &quot;5475369&quot;,
            &quot;version&quot;: &quot;::apt&quot;,
            &quot;url&quot;: &quot; &quot;
        },
        {
            &quot;name&quot;: &quot;robotfindskitten&quot;,
            &quot;action&quot;: &quot;install&quot;,
            &quot;id&quot;: &quot;5474869&quot;,
            &quot;version&quot;: &quot;::apt&quot;,
            &quot;url&quot;: &quot; &quot;
        },
        {
            &quot;name&quot;: &quot;squirrel3&quot;,
            &quot;action&quot;: &quot;install&quot;,
            &quot;id&quot;: &quot;5475279&quot;,
            &quot;version&quot;: &quot;::apt&quot;,
            &quot;url&quot;: &quot; &quot;
        }
    ]
}
15:27:17 INFO  Started operation: {'creationTime': '2022-07-22T15:27:17.905Z', 'deviceId': '21278194', 'deviceName': 'm32sd10c', 'self': 'https://t493319102.eu-latest.cumulocity.com/devicecontrol/operations/21290519', 'id': '21290519', 'status': 'PENDING', 'description': &quot;Apply software changes, triggered from PySys: [{'action': 'install', 'id': '5475369', 'name': 'asciijump', 'url': ' ', 'version': '::apt'}, {'action': 'install', 'id': '5474869', 'name': 'robotfindskitten', 'url': ' ', 'version': '::apt'}, {'action': 'install', 'id': '5475279', 'name': 'squirrel3', 'url': ' ', 'version': '::apt'}]&quot;, 'c8y_SoftwareUpdate': [{'name': 'asciijump', 'action': 'install', 'id': '5475369', 'version': '::apt', 'url': ' '}, {'name': 'robotfindskitten', 'action': 'install', 'id': '5474869', 'version': '::apt', 'url': ' '}, {'name': 'squirrel3', 'action': 'install', 'id': '5475279', 'version': '::apt', 'url': ' '}]}
15:27:20 INFO  State of operation 21290519 : PENDING
15:27:22 INFO  State of operation 21290519 : EXECUTING
15:27:24 INFO  State of operation 21290519 : EXECUTING
15:27:26 INFO  State of operation 21290519 : EXECUTING
15:27:29 INFO  State of operation 21290519 : EXECUTING
15:27:31 INFO  State of operation 21290519 : EXECUTING
15:27:34 INFO  State of operation 21290519 : EXECUTING
15:27:36 INFO  State of operation 21290519 : EXECUTING
15:27:39 INFO  State of operation 21290519 : EXECUTING
15:27:41 INFO  State of operation 21290519 : EXECUTING
15:27:43 INFO  State of operation 21290519 : EXECUTING
15:27:46 INFO  State of operation 21290519 : EXECUTING
15:27:48 INFO  State of operation 21290519 : EXECUTING
15:27:50 INFO  State of operation 21290519 : EXECUTING
15:27:52 INFO  State of operation 21290519 : EXECUTING
15:27:54 INFO  State of operation 21290519 : SUCCESSFUL
15:27:55 INFO  Assert that (False == value) with value=False ... passed
15:27:55 INFO  Package asciijump is installed
15:27:55 INFO  Assert that (True == value) with value=True ... passed
15:27:55 INFO  Package squirrel3 is installed
15:27:55 INFO  Assert that (True == value) with value=True ... passed
15:27:55 INFO  Package robotfindskitten is installed
15:27:55 INFO  Assert that (True == value) with value=True ... passed
15:27:56 INFO  Response status: 201
15:27:56 INFO  Response to action: {
    &quot;creationTime&quot;: &quot;2022-07-22T15:27:56.040Z&quot;,
    &quot;deviceId&quot;: &quot;21278194&quot;,
    &quot;deviceName&quot;: &quot;m32sd10c&quot;,
    &quot;self&quot;: &quot;https://t493319102.eu-latest.cumulocity.com/devicecontrol/operations/21290531&quot;,
    &quot;id&quot;: &quot;21290531&quot;,
    &quot;status&quot;: &quot;PENDING&quot;,
    &quot;description&quot;: &quot;Apply software changes, triggered from PySys: [{'action': 'delete', 'id': '5475369', 'name': 'asciijump', 'url': ' ', 'version': '::apt'}, {'action': 'delete', 'id': '5474869', 'name': 'robotfindskitten', 'url': ' ', 'version': '::apt'}, {'action': 'delete', 'id': '5475279', 'name': 'squirrel3', 'url': ' ', 'version': '::apt'}]&quot;,
    &quot;c8y_SoftwareUpdate&quot;: [
        {
            &quot;name&quot;: &quot;asciijump&quot;,
            &quot;action&quot;: &quot;delete&quot;,
            &quot;id&quot;: &quot;5475369&quot;,
            &quot;version&quot;: &quot;::apt&quot;,
            &quot;url&quot;: &quot; &quot;
        },
        {
            &quot;name&quot;: &quot;robotfindskitten&quot;,
            &quot;action&quot;: &quot;delete&quot;,
            &quot;id&quot;: &quot;5474869&quot;,
            &quot;version&quot;: &quot;::apt&quot;,
            &quot;url&quot;: &quot; &quot;
        },
        {
            &quot;name&quot;: &quot;squirrel3&quot;,
            &quot;action&quot;: &quot;delete&quot;,
            &quot;id&quot;: &quot;5475279&quot;,
            &quot;version&quot;: &quot;::apt&quot;,
            &quot;url&quot;: &quot; &quot;
        }
    ]
}
15:27:56 INFO  Started operation: {'creationTime': '2022-07-22T15:27:56.040Z', 'deviceId': '21278194', 'deviceName': 'm32sd10c', 'self': 'https://t493319102.eu-latest.cumulocity.com/devicecontrol/operations/21290531', 'id': '21290531', 'status': 'PENDING', 'description': &quot;Apply software changes, triggered from PySys: [{'action': 'delete', 'id': '5475369', 'name': 'asciijump', 'url': ' ', 'version': '::apt'}, {'action': 'delete', 'id': '5474869', 'name': 'robotfindskitten', 'url': ' ', 'version': '::apt'}, {'action': 'delete', 'id': '5475279', 'name': 'squirrel3', 'url': ' ', 'version': '::apt'}]&quot;, 'c8y_SoftwareUpdate': [{'name': 'asciijump', 'action': 'delete', 'id': '5475369', 'version': '::apt', 'url': ' '}, {'name': 'robotfindskitten', 'action': 'delete', 'id': '5474869', 'version': '::apt', 'url': ' '}, {'name': 'squirrel3', 'action': 'delete', 'id': '5475279', 'version': '::apt', 'url': ' '}]}
15:27:58 INFO  State of operation 21290531 : PENDING
15:28:00 INFO  State of operation 21290531 : EXECUTING
15:28:02 INFO  State of operation 21290531 : EXECUTING
15:28:05 INFO  State of operation 21290531 : EXECUTING
15:28:07 INFO  State of operation 21290531 : EXECUTING
15:28:09 INFO  State of operation 21290531 : EXECUTING
15:28:12 INFO  State of operation 21290531 : EXECUTING
15:28:14 INFO  State of operation 21290531 : EXECUTING
15:28:17 INFO  State of operation 21290531 : EXECUTING
15:28:19 INFO  State of operation 21290531 : EXECUTING
15:28:21 INFO  State of operation 21290531 : EXECUTING
15:28:24 INFO  State of operation 21290531 : EXECUTING
15:28:26 INFO  State of operation 21290531 : EXECUTING
15:28:28 INFO  State of operation 21290531 : EXECUTING
15:28:30 INFO  State of operation 21290531 : EXECUTING
15:28:33 INFO  State of operation 21290531 : EXECUTING
15:28:35 INFO  State of operation 21290531 : EXECUTING
15:28:38 INFO  State of operation 21290531 : EXECUTING
15:28:40 INFO  State of operation 21290531 : EXECUTING
15:28:42 INFO  State of operation 21290531 : EXECUTING
15:28:45 INFO  State of operation 21290531 : EXECUTING
15:28:47 INFO  State of operation 21290531 : EXECUTING
15:28:49 INFO  State of operation 21290531 : EXECUTING
15:28:51 INFO  State of operation 21290531 : EXECUTING
15:28:54 INFO  State of operation 21290531 : EXECUTING
15:28:56 INFO  State of operation 21290531 : EXECUTING
15:28:59 INFO  State of operation 21290531 : EXECUTING
15:29:01 INFO  State of operation 21290531 : EXECUTING
15:29:03 INFO  State of operation 21290531 : SUCCESSFUL
15:29:03 INFO  Assert that (False == value) with value=False ... passed
15:29:04 INFO  Assert that (False == value) with value=False ... passed
15:29:04 INFO  Assert that (False == value) with value=False ... passed
15:29:04 INFO  Assert that (False == value) with value=False ... passed
15:29:04 INFO  
15:29:04 INFO  cleanup:
15:29:08 INFO  Executed sudo&lt;tedge_disconnect_c8y&gt;, exit status 0
15:29:09 INFO  Executed systemctl&lt;serv_mapper5&gt;, exit status 3
15:29:09 INFO  
15:29:09 INFO  Test duration: 137.25 secs
15:29:09 INFO  Test final outcome:  FAILED
15:29:09 INFO  Test outcome reason: Assert that (False == value) with value=True (+2 other failures)
15:29:09 INFO  
</system-out>
	</testcase>
</testsuite>
