<?xml version="1.0" encoding="utf-8"?>
<testsuite failures="1" name="SoftwareManagement.sm_mixed_install_remove_multiple" skipped="0" tests="1" time="169.19" timestamp="2022-07-22T01:55:09">
	<testcase classname="PySysTest" name="SoftwareManagement.sm_mixed_install_remove_multiple">
		<failure message="FAILED: Assert that (False == value) with value=True" type="FAILED"/>
		<system-out>01:52:19 INFO  ==============================================================
01:52:19 INFO  Id:    SoftwareManagement.sm_mixed_install_remove_multiple
01:52:19 INFO  Dir:   software_management_end_to_end/
01:52:19 INFO  Title: Validate end to end behaviour for the dummy-plugin for multiple packages with mixed versions
01:52:19 INFO  ==============================================================
01:52:19 INFO  Using sw id database: {'asciijump': '5475369', 'robotfindskitten': '5474869', 'squirrel3': '5475279', 'rolldice': '5152439', 'moon-buggy': '5439204', 'apple': '5495053', 'banana': '5494888', 'cherry': '5495382', 'watermelon': '5494510', 'registry': '8018911', 'hello-world': '8021526', 'docker/getting-started': '8021973', 'alpine': '7991792'}
01:52:19 INFO  EnvironmentC8y Setup
01:52:20 INFO  Executed systemctl&lt;serv_mapper1&gt;, exit status 3
01:52:20 INFO  Restarting mosquitto too frequently in the last 10 seconds. It was only up for 5 seconds
01:52:20 INFO  Delaying execution by 6 seconds
01:52:40 INFO  Executed sudo&lt;tedge_connect_c8y&gt;, exit status 0, duration 13 secs
01:52:41 INFO  Executed sudo&lt;tedge_connect_c8y_test&gt;, exit status 0
01:52:41 INFO  Executed systemctl&lt;serv_mosq2&gt;, exit status 0
01:52:42 INFO  Executed systemctl&lt;serv_mapper3&gt;, exit status 0
01:52:44 INFO  State of current operation: SUCCESSFUL
01:52:44 INFO  Package apple is installed
01:52:44 INFO  Assert that (True == value) with value=True ... passed
01:52:44 INFO  Package banana is installed
01:52:44 INFO  Assert that (True == value) with value=True ... passed
01:52:45 INFO  Package cherry is installed
01:52:45 INFO  Assert that (True == value) with value=True ... passed
01:52:45 INFO  Package asciijump is installed
01:52:45 WARN  Assert that (False == value) with value=True ... failed 
01:52:45 INFO  Assert that (False == value) with value=False ... passed
01:52:45 INFO  Response status: 201
01:52:45 INFO  Response to action: {
    &quot;creationTime&quot;: &quot;2022-07-22T01:52:45.713Z&quot;,
    &quot;deviceId&quot;: &quot;21167114&quot;,
    &quot;deviceName&quot;: &quot;m32sd10c&quot;,
    &quot;self&quot;: &quot;https://t493319102.eu-latest.cumulocity.com/devicecontrol/operations/21222600&quot;,
    &quot;id&quot;: &quot;21222600&quot;,
    &quot;status&quot;: &quot;PENDING&quot;,
    &quot;description&quot;: &quot;Apply software changes, triggered from PySys: [{'action': 'install', 'id': '5495053', 'name': 'apple', 'url': ' ', 'version': '::fruits'}, {'action': 'install', 'id': '5494888', 'name': 'banana', 'url': ' ', 'version': '::fruits'}, {'action': 'install', 'id': '5475369', 'name': 'asciijump', 'url': ' ', 'version': '::apt'}, {'action': 'install', 'id': '5495382', 'name': 'cherry', 'url': ' ', 'version': '::fruits'}, {'action': 'install', 'id': '8018911', 'name': 'registry', 'url': ' ', 'version': '::docker'}]&quot;,
    &quot;c8y_SoftwareUpdate&quot;: [
        {
            &quot;name&quot;: &quot;apple&quot;,
            &quot;action&quot;: &quot;install&quot;,
            &quot;id&quot;: &quot;5495053&quot;,
            &quot;version&quot;: &quot;::fruits&quot;,
            &quot;url&quot;: &quot; &quot;
        },
        {
            &quot;name&quot;: &quot;banana&quot;,
            &quot;action&quot;: &quot;install&quot;,
            &quot;id&quot;: &quot;5494888&quot;,
            &quot;version&quot;: &quot;::fruits&quot;,
            &quot;url&quot;: &quot; &quot;
        },
        {
            &quot;name&quot;: &quot;asciijump&quot;,
            &quot;action&quot;: &quot;install&quot;,
            &quot;id&quot;: &quot;5475369&quot;,
            &quot;version&quot;: &quot;::apt&quot;,
            &quot;url&quot;: &quot; &quot;
        },
        {
            &quot;name&quot;: &quot;cherry&quot;,
            &quot;action&quot;: &quot;install&quot;,
            &quot;id&quot;: &quot;5495382&quot;,
            &quot;version&quot;: &quot;::fruits&quot;,
            &quot;url&quot;: &quot; &quot;
        },
        {
            &quot;name&quot;: &quot;registry&quot;,
            &quot;action&quot;: &quot;install&quot;,
            &quot;id&quot;: &quot;8018911&quot;,
            &quot;version&quot;: &quot;::docker&quot;,
            &quot;url&quot;: &quot; &quot;
        }
    ]
}
01:52:45 INFO  Started operation: {'creationTime': '2022-07-22T01:52:45.713Z', 'deviceId': '21167114', 'deviceName': 'm32sd10c', 'self': 'https://t493319102.eu-latest.cumulocity.com/devicecontrol/operations/21222600', 'id': '21222600', 'status': 'PENDING', 'description': &quot;Apply software changes, triggered from PySys: [{'action': 'install', 'id': '5495053', 'name': 'apple', 'url': ' ', 'version': '::fruits'}, {'action': 'install', 'id': '5494888', 'name': 'banana', 'url': ' ', 'version': '::fruits'}, {'action': 'install', 'id': '5475369', 'name': 'asciijump', 'url': ' ', 'version': '::apt'}, {'action': 'install', 'id': '5495382', 'name': 'cherry', 'url': ' ', 'version': '::fruits'}, {'action': 'install', 'id': '8018911', 'name': 'registry', 'url': ' ', 'version': '::docker'}]&quot;, 'c8y_SoftwareUpdate': [{'name': 'apple', 'action': 'install', 'id': '5495053', 'version': '::fruits', 'url': ' '}, {'name': 'banana', 'action': 'install', 'id': '5494888', 'version': '::fruits', 'url': ' '}, {'name': 'asciijump', 'action': 'install', 'id': '5475369', 'version': '::apt', 'url': ' '}, {'name': 'cherry', 'action': 'install', 'id': '5495382', 'version': '::fruits', 'url': ' '}, {'name': 'registry', 'action': 'install', 'id': '8018911', 'version': '::docker', 'url': ' '}]}
01:52:48 INFO  State of operation 21222600 : PENDING
01:52:50 INFO  State of operation 21222600 : EXECUTING
01:52:52 INFO  State of operation 21222600 : EXECUTING
01:52:54 INFO  State of operation 21222600 : EXECUTING
01:52:56 INFO  State of operation 21222600 : EXECUTING
01:52:59 INFO  State of operation 21222600 : EXECUTING
01:53:01 INFO  State of operation 21222600 : EXECUTING
01:53:04 INFO  State of operation 21222600 : EXECUTING
01:53:07 INFO  State of operation 21222600 : EXECUTING
01:53:09 INFO  State of operation 21222600 : EXECUTING
01:53:11 INFO  State of operation 21222600 : EXECUTING
01:53:13 INFO  State of operation 21222600 : EXECUTING
01:53:16 INFO  State of operation 21222600 : EXECUTING
01:53:18 INFO  State of operation 21222600 : EXECUTING
01:53:20 INFO  State of operation 21222600 : EXECUTING
01:53:22 INFO  State of operation 21222600 : EXECUTING
01:53:25 INFO  State of operation 21222600 : EXECUTING
01:53:27 INFO  State of operation 21222600 : EXECUTING
01:53:29 INFO  State of operation 21222600 : EXECUTING
01:53:32 INFO  State of operation 21222600 : EXECUTING
01:53:34 INFO  State of operation 21222600 : EXECUTING
01:53:36 INFO  State of operation 21222600 : EXECUTING
01:53:38 INFO  State of operation 21222600 : EXECUTING
01:53:41 INFO  State of operation 21222600 : EXECUTING
01:53:43 INFO  State of operation 21222600 : EXECUTING
01:53:45 INFO  State of operation 21222600 : EXECUTING
01:53:47 INFO  State of operation 21222600 : SUCCESSFUL
01:53:48 INFO  Package apple is installed
01:53:48 INFO  Assert that (True == value) with value=True ... passed
01:53:48 INFO  Package banana is installed
01:53:48 INFO  Assert that (True == value) with value=True ... passed
01:53:48 INFO  Package cherry is installed
01:53:48 INFO  Assert that (True == value) with value=True ... passed
01:53:48 INFO  Package asciijump is installed
01:53:48 INFO  Assert that (True == value) with value=True ... passed
01:53:49 INFO  Package registry is installed
01:53:49 INFO  Assert that (True == value) with value=True ... passed
01:53:49 INFO  Response status: 201
01:53:49 INFO  Response to action: {
    &quot;creationTime&quot;: &quot;2022-07-22T01:53:49.203Z&quot;,
    &quot;deviceId&quot;: &quot;21167114&quot;,
    &quot;deviceName&quot;: &quot;m32sd10c&quot;,
    &quot;self&quot;: &quot;https://t493319102.eu-latest.cumulocity.com/devicecontrol/operations/21222602&quot;,
    &quot;id&quot;: &quot;21222602&quot;,
    &quot;status&quot;: &quot;PENDING&quot;,
    &quot;description&quot;: &quot;Apply software changes, triggered from PySys: [{'action': 'delete', 'id': '5495053', 'name': 'apple', 'url': ' ', 'version': '::fruits'}, {'action': 'delete', 'id': '5494888', 'name': 'banana', 'url': ' ', 'version': '::fruits'}, {'action': 'delete', 'id': '5475369', 'name': 'asciijump', 'url': ' ', 'version': '::apt'}, {'action': 'delete', 'id': '5495382', 'name': 'cherry', 'url': ' ', 'version': '::fruits'}, {'action': 'delete', 'id': '8018911', 'name': 'registry', 'url': ' ', 'version': '::docker'}]&quot;,
    &quot;c8y_SoftwareUpdate&quot;: [
        {
            &quot;name&quot;: &quot;apple&quot;,
            &quot;action&quot;: &quot;delete&quot;,
            &quot;id&quot;: &quot;5495053&quot;,
            &quot;version&quot;: &quot;::fruits&quot;,
            &quot;url&quot;: &quot; &quot;
        },
        {
            &quot;name&quot;: &quot;banana&quot;,
            &quot;action&quot;: &quot;delete&quot;,
            &quot;id&quot;: &quot;5494888&quot;,
            &quot;version&quot;: &quot;::fruits&quot;,
            &quot;url&quot;: &quot; &quot;
        },
        {
            &quot;name&quot;: &quot;asciijump&quot;,
            &quot;action&quot;: &quot;delete&quot;,
            &quot;id&quot;: &quot;5475369&quot;,
            &quot;version&quot;: &quot;::apt&quot;,
            &quot;url&quot;: &quot; &quot;
        },
        {
            &quot;name&quot;: &quot;cherry&quot;,
            &quot;action&quot;: &quot;delete&quot;,
            &quot;id&quot;: &quot;5495382&quot;,
            &quot;version&quot;: &quot;::fruits&quot;,
            &quot;url&quot;: &quot; &quot;
        },
        {
            &quot;name&quot;: &quot;registry&quot;,
            &quot;action&quot;: &quot;delete&quot;,
            &quot;id&quot;: &quot;8018911&quot;,
            &quot;version&quot;: &quot;::docker&quot;,
            &quot;url&quot;: &quot; &quot;
        }
    ]
}
01:53:49 INFO  Started operation: {'creationTime': '2022-07-22T01:53:49.203Z', 'deviceId': '21167114', 'deviceName': 'm32sd10c', 'self': 'https://t493319102.eu-latest.cumulocity.com/devicecontrol/operations/21222602', 'id': '21222602', 'status': 'PENDING', 'description': &quot;Apply software changes, triggered from PySys: [{'action': 'delete', 'id': '5495053', 'name': 'apple', 'url': ' ', 'version': '::fruits'}, {'action': 'delete', 'id': '5494888', 'name': 'banana', 'url': ' ', 'version': '::fruits'}, {'action': 'delete', 'id': '5475369', 'name': 'asciijump', 'url': ' ', 'version': '::apt'}, {'action': 'delete', 'id': '5495382', 'name': 'cherry', 'url': ' ', 'version': '::fruits'}, {'action': 'delete', 'id': '8018911', 'name': 'registry', 'url': ' ', 'version': '::docker'}]&quot;, 'c8y_SoftwareUpdate': [{'name': 'apple', 'action': 'delete', 'id': '5495053', 'version': '::fruits', 'url': ' '}, {'name': 'banana', 'action': 'delete', 'id': '5494888', 'version': '::fruits', 'url': ' '}, {'name': 'asciijump', 'action': 'delete', 'id': '5475369', 'version': '::apt', 'url': ' '}, {'name': 'cherry', 'action': 'delete', 'id': '5495382', 'version': '::fruits', 'url': ' '}, {'name': 'registry', 'action': 'delete', 'id': '8018911', 'version': '::docker', 'url': ' '}]}
01:53:51 INFO  State of operation 21222602 : PENDING
01:53:53 INFO  State of operation 21222602 : EXECUTING
01:53:55 INFO  State of operation 21222602 : EXECUTING
01:53:58 INFO  State of operation 21222602 : EXECUTING
01:54:00 INFO  State of operation 21222602 : EXECUTING
01:54:02 INFO  State of operation 21222602 : EXECUTING
01:54:05 INFO  State of operation 21222602 : EXECUTING
01:54:08 INFO  State of operation 21222602 : EXECUTING
01:54:10 INFO  State of operation 21222602 : EXECUTING
01:54:13 INFO  State of operation 21222602 : EXECUTING
01:54:15 INFO  State of operation 21222602 : EXECUTING
01:54:17 INFO  State of operation 21222602 : EXECUTING
01:54:19 INFO  State of operation 21222602 : EXECUTING
01:54:22 INFO  State of operation 21222602 : EXECUTING
01:54:24 INFO  State of operation 21222602 : EXECUTING
01:54:26 INFO  State of operation 21222602 : EXECUTING
01:54:30 INFO  State of operation 21222602 : EXECUTING
01:54:33 INFO  State of operation 21222602 : EXECUTING
01:54:35 INFO  State of operation 21222602 : EXECUTING
01:54:37 INFO  State of operation 21222602 : EXECUTING
01:54:39 INFO  State of operation 21222602 : EXECUTING
01:54:42 INFO  State of operation 21222602 : EXECUTING
01:54:44 INFO  State of operation 21222602 : EXECUTING
01:54:47 INFO  State of operation 21222602 : EXECUTING
01:54:49 INFO  State of operation 21222602 : EXECUTING
01:54:51 INFO  State of operation 21222602 : EXECUTING
01:54:53 INFO  State of operation 21222602 : EXECUTING
01:54:56 INFO  State of operation 21222602 : EXECUTING
01:54:58 INFO  State of operation 21222602 : EXECUTING
01:55:00 INFO  State of operation 21222602 : EXECUTING
01:55:03 INFO  State of operation 21222602 : SUCCESSFUL
01:55:03 INFO  Package apple is installed
01:55:03 INFO  Assert that (True == value) with value=True ... passed
01:55:03 INFO  Package banana is installed
01:55:03 INFO  Assert that (True == value) with value=True ... passed
01:55:03 INFO  Package cherry is installed
01:55:03 INFO  Assert that (True == value) with value=True ... passed
01:55:03 INFO  Assert that (False == value) with value=False ... passed
01:55:04 INFO  Assert that (False == value) with value=False ... passed
01:55:04 INFO  
01:55:04 INFO  cleanup:
01:55:08 INFO  Executed sudo&lt;tedge_disconnect_c8y&gt;, exit status 0
01:55:09 INFO  Executed systemctl&lt;serv_mapper5&gt;, exit status 3
01:55:09 INFO  
01:55:09 INFO  Test duration: 169.19 secs
01:55:09 INFO  Test final outcome:  FAILED
01:55:09 INFO  Test outcome reason: Assert that (False == value) with value=True
01:55:09 INFO  
</system-out>
	</testcase>
</testsuite>
