<?xml version="1.0" encoding="utf-8"?>
<testsuite failures="1" name="SoftwareManagement.sm_apt_install_fail" skipped="0" tests="1" time="167.01" timestamp="2022-05-24T16:46:18">
	<testcase classname="PySysTest" name="SoftwareManagement.sm_apt_install_fail">
		<failure message="BLOCKED: SystemError: Timeout while waiting for status FAILED or SUCCESSFUL" type="BLOCKED"/>
		<system-out>16:43:31 INFO  ==============================================================
16:43:31 INFO  Id:    SoftwareManagement.sm_apt_install_fail
16:43:31 INFO  Dir:   software_management_end_to_end/
16:43:31 INFO  Title: Validate end to end behaviour for a failing installation
16:43:31 INFO  ==============================================================
16:43:31 INFO  Using sw id database: {'asciijump': '5475369', 'robotfindskitten': '5474869', 'squirrel3': '5475279', 'rolldice': '5152439', 'moon-buggy': '5439204', 'apple': '5495053', 'banana': '5494888', 'cherry': '5495382', 'watermelon': '5494510', 'registry': '8018911', 'hello-world': '8021526', 'docker/getting-started': '8021973', 'alpine': '7991792'}
16:43:31 INFO  EnvironmentC8y Setup
16:43:31 INFO  Executed systemctl&lt;serv_mapper1&gt;, exit status 3
16:43:31 INFO  Restarting mosquitto too frequently in the last 10 seconds. It was only up for 5 seconds
16:43:31 INFO  Delaying execution by 6 seconds
16:43:52 INFO  Executed sudo&lt;tedge_connect_c8y&gt;, exit status 0, duration 14 secs
16:43:52 INFO  Executed sudo&lt;tedge_connect_c8y_test&gt;, exit status 0
16:43:53 INFO  Executed systemctl&lt;serv_mosq2&gt;, exit status 0
16:43:53 INFO  Executed systemctl&lt;serv_mapper3&gt;, exit status 0
16:43:56 INFO  State of current operation: PENDING
16:43:58 INFO  State of current operation: PENDING
16:44:00 INFO  State of current operation: PENDING
16:44:02 INFO  State of current operation: PENDING
16:44:05 INFO  State of current operation: PENDING
16:44:07 INFO  State of current operation: PENDING
16:44:09 INFO  State of current operation: PENDING
16:44:12 INFO  State of current operation: PENDING
16:44:14 INFO  State of current operation: PENDING
16:44:16 INFO  State of current operation: PENDING
16:44:18 INFO  State of current operation: PENDING
16:44:20 INFO  State of current operation: PENDING
16:44:23 INFO  State of current operation: PENDING
16:44:25 INFO  State of current operation: PENDING
16:44:27 INFO  State of current operation: PENDING
16:44:29 INFO  State of current operation: PENDING
16:44:32 INFO  State of current operation: PENDING
16:44:34 INFO  State of current operation: PENDING
16:44:36 INFO  State of current operation: PENDING
16:44:38 INFO  State of current operation: PENDING
16:44:41 INFO  State of current operation: PENDING
16:44:43 INFO  State of current operation: PENDING
16:44:45 INFO  State of current operation: PENDING
16:44:47 INFO  State of current operation: PENDING
16:44:50 INFO  State of current operation: PENDING
16:44:52 INFO  State of current operation: PENDING
16:44:54 INFO  State of current operation: PENDING
16:44:56 INFO  State of current operation: PENDING
16:44:59 INFO  State of current operation: PENDING
16:45:01 INFO  State of current operation: PENDING
16:45:03 INFO  State of current operation: PENDING
16:45:05 INFO  State of current operation: PENDING
16:45:08 INFO  State of current operation: PENDING
16:45:10 INFO  State of current operation: PENDING
16:45:12 INFO  State of current operation: PENDING
16:45:14 INFO  State of current operation: PENDING
16:45:16 INFO  State of current operation: PENDING
16:45:19 INFO  State of current operation: PENDING
16:45:21 INFO  State of current operation: PENDING
16:45:23 INFO  State of current operation: PENDING
16:45:26 INFO  State of current operation: PENDING
16:45:28 INFO  State of current operation: PENDING
16:45:30 INFO  State of current operation: PENDING
16:45:32 INFO  State of current operation: PENDING
16:45:34 INFO  State of current operation: PENDING
16:45:37 INFO  State of current operation: PENDING
16:45:39 INFO  State of current operation: PENDING
16:45:41 INFO  State of current operation: PENDING
16:45:43 INFO  State of current operation: PENDING
16:45:46 INFO  State of current operation: PENDING
16:45:48 INFO  State of current operation: PENDING
16:45:51 INFO  State of current operation: PENDING
16:45:53 INFO  State of current operation: PENDING
16:45:55 INFO  State of current operation: PENDING
16:45:57 INFO  State of current operation: PENDING
16:46:00 INFO  State of current operation: PENDING
16:46:02 INFO  State of current operation: PENDING
16:46:04 INFO  State of current operation: PENDING
16:46:06 INFO  State of current operation: PENDING
16:46:09 INFO  State of current operation: PENDING
16:46:11 INFO  State of current operation: PENDING
16:46:13 WARN  SystemError occurred while running test - Timeout while waiting for status FAILED or SUCCESSFUL
Traceback (most recent call last):
  File &quot;/home/pi/env-pysys/lib/python3.7/site-packages/pysys/baserunner.py&quot;, line 1292, in __call__
    self.testObj.setup()
  File &quot;/home/pi/actions-runner/_work/thin-edge.io/thin-edge.io/tests/PySys/software_management_end_to_end/sm_apt_install_fail/run.py&quot;, line 20, in setup
    super().setup()
  File &quot;/home/pi/actions-runner/_work/thin-edge.io/thin-edge.io/tests/PySys/software_management_end_to_end/environment_sm_management.py&quot;, line 151, in setup
    self.wait_until_end()
  File &quot;/home/pi/actions-runner/_work/thin-edge.io/thin-edge.io/tests/PySys/software_management_end_to_end/environment_sm_management.py&quot;, line 332, in wait_until_end
    self.wait_until_status(&quot;FAILED&quot;, &quot;SUCCESSFUL&quot;)
  File &quot;/home/pi/actions-runner/_work/thin-edge.io/thin-edge.io/tests/PySys/software_management_end_to_end/environment_sm_management.py&quot;, line 381, in wait_until_status
    &quot;Timeout while waiting for status %s or %s&quot; % (status, status2)
SystemError: Timeout while waiting for status FAILED or SUCCESSFUL
16:46:13 WARN  SystemError: Timeout while waiting for status FAILED or SUCCESSFUL ... blocked 
16:46:13 INFO  
16:46:13 INFO  cleanup:
16:46:17 INFO  Executed sudo&lt;tedge_disconnect_c8y&gt;, exit status 0
16:46:18 INFO  Executed systemctl&lt;serv_mapper5&gt;, exit status 3
16:46:18 INFO  
16:46:18 INFO  Test duration: 167.01 secs
16:46:18 INFO  Test final outcome:  BLOCKED
16:46:18 INFO  Test outcome reason: SystemError: Timeout while waiting for status FAILED or SUCCESSFUL
16:46:18 INFO  
</system-out>
	</testcase>
</testsuite>
