<?xml version="1.0" encoding="utf-8"?>
<testsuite failures="1" name="SoftwareManagement.sm_mixed_install_remove_multiple" skipped="0" tests="1" time="168.09" timestamp="2022-07-22T00:25:07">
	<testcase classname="PySysTest" name="SoftwareManagement.sm_mixed_install_remove_multiple">
		<failure message="FAILED: Assert that (False == value) with value=True" type="FAILED"/>
		<system-out>00:22:19 INFO  ==============================================================
00:22:19 INFO  Id:    SoftwareManagement.sm_mixed_install_remove_multiple
00:22:19 INFO  Dir:   software_management_end_to_end/
00:22:19 INFO  Title: Validate end to end behaviour for the dummy-plugin for multiple packages with mixed versions
00:22:19 INFO  ==============================================================
00:22:19 INFO  Using sw id database: {'asciijump': '5475369', 'robotfindskitten': '5474869', 'squirrel3': '5475279', 'rolldice': '5152439', 'moon-buggy': '5439204', 'apple': '5495053', 'banana': '5494888', 'cherry': '5495382', 'watermelon': '5494510', 'registry': '8018911', 'hello-world': '8021526', 'docker/getting-started': '8021973', 'alpine': '7991792'}
00:22:19 INFO  EnvironmentC8y Setup
00:22:20 INFO  Executed systemctl&lt;serv_mapper1&gt;, exit status 3
00:22:20 INFO  Restarting mosquitto too frequently in the last 10 seconds. It was only up for 4 seconds
00:22:20 INFO  Delaying execution by 7 seconds
00:22:41 INFO  Executed sudo&lt;tedge_connect_c8y&gt;, exit status 0, duration 13 secs
00:22:41 INFO  Executed sudo&lt;tedge_connect_c8y_test&gt;, exit status 0
00:22:42 INFO  Executed systemctl&lt;serv_mosq2&gt;, exit status 0
00:22:42 INFO  Executed systemctl&lt;serv_mapper3&gt;, exit status 0
00:22:44 INFO  State of current operation: SUCCESSFUL
00:22:45 INFO  Package apple is installed
00:22:45 INFO  Assert that (True == value) with value=True ... passed
00:22:45 INFO  Package banana is installed
00:22:45 INFO  Assert that (True == value) with value=True ... passed
00:22:45 INFO  Package cherry is installed
00:22:45 INFO  Assert that (True == value) with value=True ... passed
00:22:45 INFO  Package asciijump is installed
00:22:45 WARN  Assert that (False == value) with value=True ... failed 
00:22:46 INFO  Assert that (False == value) with value=False ... passed
00:22:46 INFO  Response status: 201
00:22:46 INFO  Response to action: {
    &quot;creationTime&quot;: &quot;2022-07-22T00:22:46.362Z&quot;,
    &quot;deviceId&quot;: &quot;21167114&quot;,
    &quot;deviceName&quot;: &quot;m32sd10c&quot;,
    &quot;self&quot;: &quot;https://t493319102.eu-latest.cumulocity.com/devicecontrol/operations/21213388&quot;,
    &quot;id&quot;: &quot;21213388&quot;,
    &quot;status&quot;: &quot;PENDING&quot;,
    &quot;description&quot;: &quot;Apply software changes, triggered from PySys: [{'action': 'install', 'id': '5495053', 'name': 'apple', 'url': ' ', 'version': '::fruits'}, {'action': 'install', 'id': '5494888', 'name': 'banana', 'url': ' ', 'version': '::fruits'}, {'action': 'install', 'id': '5475369', 'name': 'asciijump', 'url': ' ', 'version': '::apt'}, {'action': 'install', 'id': '5495382', 'name': 'cherry', 'url': ' ', 'version': '::fruits'}, {'action': 'install', 'id': '8018911', 'name': 'registry', 'url': ' ', 'version': '::docker'}]&quot;,
    &quot;c8y_SoftwareUpdate&quot;: [
        {
            &quot;name&quot;: &quot;apple&quot;,
            &quot;action&quot;: &quot;install&quot;,
            &quot;id&quot;: &quot;5495053&quot;,
            &quot;version&quot;: &quot;::fruits&quot;,
            &quot;url&quot;: &quot; &quot;
        },
        {
            &quot;name&quot;: &quot;banana&quot;,
            &quot;action&quot;: &quot;install&quot;,
            &quot;id&quot;: &quot;5494888&quot;,
            &quot;version&quot;: &quot;::fruits&quot;,
            &quot;url&quot;: &quot; &quot;
        },
        {
            &quot;name&quot;: &quot;asciijump&quot;,
            &quot;action&quot;: &quot;install&quot;,
            &quot;id&quot;: &quot;5475369&quot;,
            &quot;version&quot;: &quot;::apt&quot;,
            &quot;url&quot;: &quot; &quot;
        },
        {
            &quot;name&quot;: &quot;cherry&quot;,
            &quot;action&quot;: &quot;install&quot;,
            &quot;id&quot;: &quot;5495382&quot;,
            &quot;version&quot;: &quot;::fruits&quot;,
            &quot;url&quot;: &quot; &quot;
        },
        {
            &quot;name&quot;: &quot;registry&quot;,
            &quot;action&quot;: &quot;install&quot;,
            &quot;id&quot;: &quot;8018911&quot;,
            &quot;version&quot;: &quot;::docker&quot;,
            &quot;url&quot;: &quot; &quot;
        }
    ]
}
00:22:46 INFO  Started operation: {'creationTime': '2022-07-22T00:22:46.362Z', 'deviceId': '21167114', 'deviceName': 'm32sd10c', 'self': 'https://t493319102.eu-latest.cumulocity.com/devicecontrol/operations/21213388', 'id': '21213388', 'status': 'PENDING', 'description': &quot;Apply software changes, triggered from PySys: [{'action': 'install', 'id': '5495053', 'name': 'apple', 'url': ' ', 'version': '::fruits'}, {'action': 'install', 'id': '5494888', 'name': 'banana', 'url': ' ', 'version': '::fruits'}, {'action': 'install', 'id': '5475369', 'name': 'asciijump', 'url': ' ', 'version': '::apt'}, {'action': 'install', 'id': '5495382', 'name': 'cherry', 'url': ' ', 'version': '::fruits'}, {'action': 'install', 'id': '8018911', 'name': 'registry', 'url': ' ', 'version': '::docker'}]&quot;, 'c8y_SoftwareUpdate': [{'name': 'apple', 'action': 'install', 'id': '5495053', 'version': '::fruits', 'url': ' '}, {'name': 'banana', 'action': 'install', 'id': '5494888', 'version': '::fruits', 'url': ' '}, {'name': 'asciijump', 'action': 'install', 'id': '5475369', 'version': '::apt', 'url': ' '}, {'name': 'cherry', 'action': 'install', 'id': '5495382', 'version': '::fruits', 'url': ' '}, {'name': 'registry', 'action': 'install', 'id': '8018911', 'version': '::docker', 'url': ' '}]}
00:22:48 INFO  State of operation 21213388 : PENDING
00:22:50 INFO  State of operation 21213388 : EXECUTING
00:22:53 INFO  State of operation 21213388 : EXECUTING
00:22:55 INFO  State of operation 21213388 : EXECUTING
00:22:57 INFO  State of operation 21213388 : EXECUTING
00:22:59 INFO  State of operation 21213388 : EXECUTING
00:23:02 INFO  State of operation 21213388 : EXECUTING
00:23:05 INFO  State of operation 21213388 : EXECUTING
00:23:07 INFO  State of operation 21213388 : EXECUTING
00:23:10 INFO  State of operation 21213388 : EXECUTING
00:23:12 INFO  State of operation 21213388 : EXECUTING
00:23:14 INFO  State of operation 21213388 : EXECUTING
00:23:17 INFO  State of operation 21213388 : EXECUTING
00:23:19 INFO  State of operation 21213388 : EXECUTING
00:23:21 INFO  State of operation 21213388 : EXECUTING
00:23:23 INFO  State of operation 21213388 : EXECUTING
00:23:26 INFO  State of operation 21213388 : EXECUTING
00:23:28 INFO  State of operation 21213388 : EXECUTING
00:23:30 INFO  State of operation 21213388 : EXECUTING
00:23:32 INFO  State of operation 21213388 : EXECUTING
00:23:35 INFO  State of operation 21213388 : EXECUTING
00:23:37 INFO  State of operation 21213388 : EXECUTING
00:23:39 INFO  State of operation 21213388 : EXECUTING
00:23:41 INFO  State of operation 21213388 : EXECUTING
00:23:44 INFO  State of operation 21213388 : EXECUTING
00:23:46 INFO  State of operation 21213388 : SUCCESSFUL
00:23:46 INFO  Package apple is installed
00:23:46 INFO  Assert that (True == value) with value=True ... passed
00:23:46 INFO  Package banana is installed
00:23:46 INFO  Assert that (True == value) with value=True ... passed
00:23:47 INFO  Package cherry is installed
00:23:47 INFO  Assert that (True == value) with value=True ... passed
00:23:47 INFO  Package asciijump is installed
00:23:47 INFO  Assert that (True == value) with value=True ... passed
00:23:47 INFO  Package registry is installed
00:23:47 INFO  Assert that (True == value) with value=True ... passed
00:23:47 INFO  Response status: 201
00:23:47 INFO  Response to action: {
    &quot;creationTime&quot;: &quot;2022-07-22T00:23:47.742Z&quot;,
    &quot;deviceId&quot;: &quot;21167114&quot;,
    &quot;deviceName&quot;: &quot;m32sd10c&quot;,
    &quot;self&quot;: &quot;https://t493319102.eu-latest.cumulocity.com/devicecontrol/operations/21213390&quot;,
    &quot;id&quot;: &quot;21213390&quot;,
    &quot;status&quot;: &quot;PENDING&quot;,
    &quot;description&quot;: &quot;Apply software changes, triggered from PySys: [{'action': 'delete', 'id': '5495053', 'name': 'apple', 'url': ' ', 'version': '::fruits'}, {'action': 'delete', 'id': '5494888', 'name': 'banana', 'url': ' ', 'version': '::fruits'}, {'action': 'delete', 'id': '5475369', 'name': 'asciijump', 'url': ' ', 'version': '::apt'}, {'action': 'delete', 'id': '5495382', 'name': 'cherry', 'url': ' ', 'version': '::fruits'}, {'action': 'delete', 'id': '8018911', 'name': 'registry', 'url': ' ', 'version': '::docker'}]&quot;,
    &quot;c8y_SoftwareUpdate&quot;: [
        {
            &quot;name&quot;: &quot;apple&quot;,
            &quot;action&quot;: &quot;delete&quot;,
            &quot;id&quot;: &quot;5495053&quot;,
            &quot;version&quot;: &quot;::fruits&quot;,
            &quot;url&quot;: &quot; &quot;
        },
        {
            &quot;name&quot;: &quot;banana&quot;,
            &quot;action&quot;: &quot;delete&quot;,
            &quot;id&quot;: &quot;5494888&quot;,
            &quot;version&quot;: &quot;::fruits&quot;,
            &quot;url&quot;: &quot; &quot;
        },
        {
            &quot;name&quot;: &quot;asciijump&quot;,
            &quot;action&quot;: &quot;delete&quot;,
            &quot;id&quot;: &quot;5475369&quot;,
            &quot;version&quot;: &quot;::apt&quot;,
            &quot;url&quot;: &quot; &quot;
        },
        {
            &quot;name&quot;: &quot;cherry&quot;,
            &quot;action&quot;: &quot;delete&quot;,
            &quot;id&quot;: &quot;5495382&quot;,
            &quot;version&quot;: &quot;::fruits&quot;,
            &quot;url&quot;: &quot; &quot;
        },
        {
            &quot;name&quot;: &quot;registry&quot;,
            &quot;action&quot;: &quot;delete&quot;,
            &quot;id&quot;: &quot;8018911&quot;,
            &quot;version&quot;: &quot;::docker&quot;,
            &quot;url&quot;: &quot; &quot;
        }
    ]
}
00:23:47 INFO  Started operation: {'creationTime': '2022-07-22T00:23:47.742Z', 'deviceId': '21167114', 'deviceName': 'm32sd10c', 'self': 'https://t493319102.eu-latest.cumulocity.com/devicecontrol/operations/21213390', 'id': '21213390', 'status': 'PENDING', 'description': &quot;Apply software changes, triggered from PySys: [{'action': 'delete', 'id': '5495053', 'name': 'apple', 'url': ' ', 'version': '::fruits'}, {'action': 'delete', 'id': '5494888', 'name': 'banana', 'url': ' ', 'version': '::fruits'}, {'action': 'delete', 'id': '5475369', 'name': 'asciijump', 'url': ' ', 'version': '::apt'}, {'action': 'delete', 'id': '5495382', 'name': 'cherry', 'url': ' ', 'version': '::fruits'}, {'action': 'delete', 'id': '8018911', 'name': 'registry', 'url': ' ', 'version': '::docker'}]&quot;, 'c8y_SoftwareUpdate': [{'name': 'apple', 'action': 'delete', 'id': '5495053', 'version': '::fruits', 'url': ' '}, {'name': 'banana', 'action': 'delete', 'id': '5494888', 'version': '::fruits', 'url': ' '}, {'name': 'asciijump', 'action': 'delete', 'id': '5475369', 'version': '::apt', 'url': ' '}, {'name': 'cherry', 'action': 'delete', 'id': '5495382', 'version': '::fruits', 'url': ' '}, {'name': 'registry', 'action': 'delete', 'id': '8018911', 'version': '::docker', 'url': ' '}]}
00:23:50 INFO  State of operation 21213390 : PENDING
00:23:52 INFO  State of operation 21213390 : EXECUTING
00:23:54 INFO  State of operation 21213390 : EXECUTING
00:23:56 INFO  State of operation 21213390 : EXECUTING
00:23:58 INFO  State of operation 21213390 : EXECUTING
00:24:01 INFO  State of operation 21213390 : EXECUTING
00:24:04 INFO  State of operation 21213390 : EXECUTING
00:24:07 INFO  State of operation 21213390 : EXECUTING
00:24:09 INFO  State of operation 21213390 : EXECUTING
00:24:12 INFO  State of operation 21213390 : EXECUTING
00:24:14 INFO  State of operation 21213390 : EXECUTING
00:24:16 INFO  State of operation 21213390 : EXECUTING
00:24:18 INFO  State of operation 21213390 : EXECUTING
00:24:21 INFO  State of operation 21213390 : EXECUTING
00:24:23 INFO  State of operation 21213390 : EXECUTING
00:24:25 INFO  State of operation 21213390 : EXECUTING
00:24:28 INFO  State of operation 21213390 : EXECUTING
00:24:31 INFO  State of operation 21213390 : EXECUTING
00:24:33 INFO  State of operation 21213390 : EXECUTING
00:24:35 INFO  State of operation 21213390 : EXECUTING
00:24:37 INFO  State of operation 21213390 : EXECUTING
00:24:40 INFO  State of operation 21213390 : EXECUTING
00:24:42 INFO  State of operation 21213390 : EXECUTING
00:24:45 INFO  State of operation 21213390 : EXECUTING
00:24:47 INFO  State of operation 21213390 : EXECUTING
00:24:49 INFO  State of operation 21213390 : EXECUTING
00:24:51 INFO  State of operation 21213390 : EXECUTING
00:24:53 INFO  State of operation 21213390 : EXECUTING
00:24:56 INFO  State of operation 21213390 : EXECUTING
00:24:58 INFO  State of operation 21213390 : EXECUTING
00:25:00 INFO  State of operation 21213390 : SUCCESSFUL
00:25:01 INFO  Package apple is installed
00:25:01 INFO  Assert that (True == value) with value=True ... passed
00:25:01 INFO  Package banana is installed
00:25:01 INFO  Assert that (True == value) with value=True ... passed
00:25:01 INFO  Package cherry is installed
00:25:01 INFO  Assert that (True == value) with value=True ... passed
00:25:01 INFO  Assert that (False == value) with value=False ... passed
00:25:02 INFO  Assert that (False == value) with value=False ... passed
00:25:02 INFO  
00:25:02 INFO  cleanup:
00:25:07 INFO  Executed sudo&lt;tedge_disconnect_c8y&gt;, exit status 0
00:25:07 INFO  Executed systemctl&lt;serv_mapper5&gt;, exit status 3
00:25:07 INFO  
00:25:07 INFO  Test duration: 168.09 secs
00:25:07 INFO  Test final outcome:  FAILED
00:25:07 INFO  Test outcome reason: Assert that (False == value) with value=True
00:25:07 INFO  
</system-out>
	</testcase>
</testsuite>
