<?xml version="1.0" encoding="utf-8"?>
<testsuite failures="1" name="SoftwareManagement.sm_mixed_install_remove_multiple" skipped="0" tests="1" time="169.37" timestamp="2022-07-21T21:22:25">
	<testcase classname="PySysTest" name="SoftwareManagement.sm_mixed_install_remove_multiple">
		<failure message="FAILED: Assert that (False == value) with value=True" type="FAILED"/>
		<system-out>21:19:36 INFO  ==============================================================
21:19:36 INFO  Id:    SoftwareManagement.sm_mixed_install_remove_multiple
21:19:36 INFO  Dir:   software_management_end_to_end/
21:19:36 INFO  Title: Validate end to end behaviour for the dummy-plugin for multiple packages with mixed versions
21:19:36 INFO  ==============================================================
21:19:36 INFO  Using sw id database: {'asciijump': '5475369', 'robotfindskitten': '5474869', 'squirrel3': '5475279', 'rolldice': '5152439', 'moon-buggy': '5439204', 'apple': '5495053', 'banana': '5494888', 'cherry': '5495382', 'watermelon': '5494510', 'registry': '8018911', 'hello-world': '8021526', 'docker/getting-started': '8021973', 'alpine': '7991792'}
21:19:36 INFO  EnvironmentC8y Setup
21:19:36 INFO  Executed systemctl&lt;serv_mapper1&gt;, exit status 3
21:19:37 INFO  Restarting mosquitto too frequently in the last 10 seconds. It was only up for 4 seconds
21:19:37 INFO  Delaying execution by 7 seconds
21:19:58 INFO  Executed sudo&lt;tedge_connect_c8y&gt;, exit status 0, duration 14 secs
21:19:58 INFO  Executed sudo&lt;tedge_connect_c8y_test&gt;, exit status 0
21:19:59 INFO  Executed systemctl&lt;serv_mosq2&gt;, exit status 0
21:19:59 INFO  Executed systemctl&lt;serv_mapper3&gt;, exit status 0
21:20:01 INFO  State of current operation: SUCCESSFUL
21:20:02 INFO  Package apple is installed
21:20:02 INFO  Assert that (True == value) with value=True ... passed
21:20:02 INFO  Package banana is installed
21:20:02 INFO  Assert that (True == value) with value=True ... passed
21:20:02 INFO  Package cherry is installed
21:20:02 INFO  Assert that (True == value) with value=True ... passed
21:20:02 INFO  Package asciijump is installed
21:20:02 WARN  Assert that (False == value) with value=True ... failed 
21:20:03 INFO  Assert that (False == value) with value=False ... passed
21:20:03 INFO  Response status: 201
21:20:03 INFO  Response to action: {
    &quot;creationTime&quot;: &quot;2022-07-21T21:20:03.365Z&quot;,
    &quot;deviceId&quot;: &quot;21167114&quot;,
    &quot;deviceName&quot;: &quot;m32sd10c&quot;,
    &quot;self&quot;: &quot;https://t493319102.eu-latest.cumulocity.com/devicecontrol/operations/21190611&quot;,
    &quot;id&quot;: &quot;21190611&quot;,
    &quot;status&quot;: &quot;PENDING&quot;,
    &quot;description&quot;: &quot;Apply software changes, triggered from PySys: [{'action': 'install', 'id': '5495053', 'name': 'apple', 'url': ' ', 'version': '::fruits'}, {'action': 'install', 'id': '5494888', 'name': 'banana', 'url': ' ', 'version': '::fruits'}, {'action': 'install', 'id': '5475369', 'name': 'asciijump', 'url': ' ', 'version': '::apt'}, {'action': 'install', 'id': '5495382', 'name': 'cherry', 'url': ' ', 'version': '::fruits'}, {'action': 'install', 'id': '8018911', 'name': 'registry', 'url': ' ', 'version': '::docker'}]&quot;,
    &quot;c8y_SoftwareUpdate&quot;: [
        {
            &quot;name&quot;: &quot;apple&quot;,
            &quot;action&quot;: &quot;install&quot;,
            &quot;id&quot;: &quot;5495053&quot;,
            &quot;version&quot;: &quot;::fruits&quot;,
            &quot;url&quot;: &quot; &quot;
        },
        {
            &quot;name&quot;: &quot;banana&quot;,
            &quot;action&quot;: &quot;install&quot;,
            &quot;id&quot;: &quot;5494888&quot;,
            &quot;version&quot;: &quot;::fruits&quot;,
            &quot;url&quot;: &quot; &quot;
        },
        {
            &quot;name&quot;: &quot;asciijump&quot;,
            &quot;action&quot;: &quot;install&quot;,
            &quot;id&quot;: &quot;5475369&quot;,
            &quot;version&quot;: &quot;::apt&quot;,
            &quot;url&quot;: &quot; &quot;
        },
        {
            &quot;name&quot;: &quot;cherry&quot;,
            &quot;action&quot;: &quot;install&quot;,
            &quot;id&quot;: &quot;5495382&quot;,
            &quot;version&quot;: &quot;::fruits&quot;,
            &quot;url&quot;: &quot; &quot;
        },
        {
            &quot;name&quot;: &quot;registry&quot;,
            &quot;action&quot;: &quot;install&quot;,
            &quot;id&quot;: &quot;8018911&quot;,
            &quot;version&quot;: &quot;::docker&quot;,
            &quot;url&quot;: &quot; &quot;
        }
    ]
}
21:20:03 INFO  Started operation: {'creationTime': '2022-07-21T21:20:03.365Z', 'deviceId': '21167114', 'deviceName': 'm32sd10c', 'self': 'https://t493319102.eu-latest.cumulocity.com/devicecontrol/operations/21190611', 'id': '21190611', 'status': 'PENDING', 'description': &quot;Apply software changes, triggered from PySys: [{'action': 'install', 'id': '5495053', 'name': 'apple', 'url': ' ', 'version': '::fruits'}, {'action': 'install', 'id': '5494888', 'name': 'banana', 'url': ' ', 'version': '::fruits'}, {'action': 'install', 'id': '5475369', 'name': 'asciijump', 'url': ' ', 'version': '::apt'}, {'action': 'install', 'id': '5495382', 'name': 'cherry', 'url': ' ', 'version': '::fruits'}, {'action': 'install', 'id': '8018911', 'name': 'registry', 'url': ' ', 'version': '::docker'}]&quot;, 'c8y_SoftwareUpdate': [{'name': 'apple', 'action': 'install', 'id': '5495053', 'version': '::fruits', 'url': ' '}, {'name': 'banana', 'action': 'install', 'id': '5494888', 'version': '::fruits', 'url': ' '}, {'name': 'asciijump', 'action': 'install', 'id': '5475369', 'version': '::apt', 'url': ' '}, {'name': 'cherry', 'action': 'install', 'id': '5495382', 'version': '::fruits', 'url': ' '}, {'name': 'registry', 'action': 'install', 'id': '8018911', 'version': '::docker', 'url': ' '}]}
21:20:05 INFO  State of operation 21190611 : PENDING
21:20:07 INFO  State of operation 21190611 : EXECUTING
21:20:10 INFO  State of operation 21190611 : EXECUTING
21:20:12 INFO  State of operation 21190611 : EXECUTING
21:20:14 INFO  State of operation 21190611 : EXECUTING
21:20:17 INFO  State of operation 21190611 : EXECUTING
21:20:19 INFO  State of operation 21190611 : EXECUTING
21:20:22 INFO  State of operation 21190611 : EXECUTING
21:20:24 INFO  State of operation 21190611 : EXECUTING
21:20:27 INFO  State of operation 21190611 : EXECUTING
21:20:29 INFO  State of operation 21190611 : EXECUTING
21:20:31 INFO  State of operation 21190611 : EXECUTING
21:20:34 INFO  State of operation 21190611 : EXECUTING
21:20:36 INFO  State of operation 21190611 : EXECUTING
21:20:38 INFO  State of operation 21190611 : EXECUTING
21:20:40 INFO  State of operation 21190611 : EXECUTING
21:20:42 INFO  State of operation 21190611 : EXECUTING
21:20:45 INFO  State of operation 21190611 : EXECUTING
21:20:47 INFO  State of operation 21190611 : EXECUTING
21:20:49 INFO  State of operation 21190611 : EXECUTING
21:20:51 INFO  State of operation 21190611 : EXECUTING
21:20:54 INFO  State of operation 21190611 : EXECUTING
21:20:56 INFO  State of operation 21190611 : EXECUTING
21:20:58 INFO  State of operation 21190611 : EXECUTING
21:21:00 INFO  State of operation 21190611 : EXECUTING
21:21:03 INFO  State of operation 21190611 : EXECUTING
21:21:05 INFO  State of operation 21190611 : SUCCESSFUL
21:21:05 INFO  Package apple is installed
21:21:05 INFO  Assert that (True == value) with value=True ... passed
21:21:05 INFO  Package banana is installed
21:21:05 INFO  Assert that (True == value) with value=True ... passed
21:21:05 INFO  Package cherry is installed
21:21:05 INFO  Assert that (True == value) with value=True ... passed
21:21:06 INFO  Package asciijump is installed
21:21:06 INFO  Assert that (True == value) with value=True ... passed
21:21:06 INFO  Package registry is installed
21:21:06 INFO  Assert that (True == value) with value=True ... passed
21:21:06 INFO  Response status: 201
21:21:06 INFO  Response to action: {
    &quot;creationTime&quot;: &quot;2022-07-21T21:21:06.578Z&quot;,
    &quot;deviceId&quot;: &quot;21167114&quot;,
    &quot;deviceName&quot;: &quot;m32sd10c&quot;,
    &quot;self&quot;: &quot;https://t493319102.eu-latest.cumulocity.com/devicecontrol/operations/21191013&quot;,
    &quot;id&quot;: &quot;21191013&quot;,
    &quot;status&quot;: &quot;PENDING&quot;,
    &quot;description&quot;: &quot;Apply software changes, triggered from PySys: [{'action': 'delete', 'id': '5495053', 'name': 'apple', 'url': ' ', 'version': '::fruits'}, {'action': 'delete', 'id': '5494888', 'name': 'banana', 'url': ' ', 'version': '::fruits'}, {'action': 'delete', 'id': '5475369', 'name': 'asciijump', 'url': ' ', 'version': '::apt'}, {'action': 'delete', 'id': '5495382', 'name': 'cherry', 'url': ' ', 'version': '::fruits'}, {'action': 'delete', 'id': '8018911', 'name': 'registry', 'url': ' ', 'version': '::docker'}]&quot;,
    &quot;c8y_SoftwareUpdate&quot;: [
        {
            &quot;name&quot;: &quot;apple&quot;,
            &quot;action&quot;: &quot;delete&quot;,
            &quot;id&quot;: &quot;5495053&quot;,
            &quot;version&quot;: &quot;::fruits&quot;,
            &quot;url&quot;: &quot; &quot;
        },
        {
            &quot;name&quot;: &quot;banana&quot;,
            &quot;action&quot;: &quot;delete&quot;,
            &quot;id&quot;: &quot;5494888&quot;,
            &quot;version&quot;: &quot;::fruits&quot;,
            &quot;url&quot;: &quot; &quot;
        },
        {
            &quot;name&quot;: &quot;asciijump&quot;,
            &quot;action&quot;: &quot;delete&quot;,
            &quot;id&quot;: &quot;5475369&quot;,
            &quot;version&quot;: &quot;::apt&quot;,
            &quot;url&quot;: &quot; &quot;
        },
        {
            &quot;name&quot;: &quot;cherry&quot;,
            &quot;action&quot;: &quot;delete&quot;,
            &quot;id&quot;: &quot;5495382&quot;,
            &quot;version&quot;: &quot;::fruits&quot;,
            &quot;url&quot;: &quot; &quot;
        },
        {
            &quot;name&quot;: &quot;registry&quot;,
            &quot;action&quot;: &quot;delete&quot;,
            &quot;id&quot;: &quot;8018911&quot;,
            &quot;version&quot;: &quot;::docker&quot;,
            &quot;url&quot;: &quot; &quot;
        }
    ]
}
21:21:06 INFO  Started operation: {'creationTime': '2022-07-21T21:21:06.578Z', 'deviceId': '21167114', 'deviceName': 'm32sd10c', 'self': 'https://t493319102.eu-latest.cumulocity.com/devicecontrol/operations/21191013', 'id': '21191013', 'status': 'PENDING', 'description': &quot;Apply software changes, triggered from PySys: [{'action': 'delete', 'id': '5495053', 'name': 'apple', 'url': ' ', 'version': '::fruits'}, {'action': 'delete', 'id': '5494888', 'name': 'banana', 'url': ' ', 'version': '::fruits'}, {'action': 'delete', 'id': '5475369', 'name': 'asciijump', 'url': ' ', 'version': '::apt'}, {'action': 'delete', 'id': '5495382', 'name': 'cherry', 'url': ' ', 'version': '::fruits'}, {'action': 'delete', 'id': '8018911', 'name': 'registry', 'url': ' ', 'version': '::docker'}]&quot;, 'c8y_SoftwareUpdate': [{'name': 'apple', 'action': 'delete', 'id': '5495053', 'version': '::fruits', 'url': ' '}, {'name': 'banana', 'action': 'delete', 'id': '5494888', 'version': '::fruits', 'url': ' '}, {'name': 'asciijump', 'action': 'delete', 'id': '5475369', 'version': '::apt', 'url': ' '}, {'name': 'cherry', 'action': 'delete', 'id': '5495382', 'version': '::fruits', 'url': ' '}, {'name': 'registry', 'action': 'delete', 'id': '8018911', 'version': '::docker', 'url': ' '}]}
21:21:08 INFO  State of operation 21191013 : PENDING
21:21:11 INFO  State of operation 21191013 : EXECUTING
21:21:13 INFO  State of operation 21191013 : EXECUTING
21:21:15 INFO  State of operation 21191013 : EXECUTING
21:21:17 INFO  State of operation 21191013 : EXECUTING
21:21:19 INFO  State of operation 21191013 : EXECUTING
21:21:22 INFO  State of operation 21191013 : EXECUTING
21:21:24 INFO  State of operation 21191013 : EXECUTING
21:21:27 INFO  State of operation 21191013 : EXECUTING
21:21:30 INFO  State of operation 21191013 : EXECUTING
21:21:32 INFO  State of operation 21191013 : EXECUTING
21:21:34 INFO  State of operation 21191013 : EXECUTING
21:21:36 INFO  State of operation 21191013 : EXECUTING
21:21:38 INFO  State of operation 21191013 : EXECUTING
21:21:41 INFO  State of operation 21191013 : EXECUTING
21:21:43 INFO  State of operation 21191013 : EXECUTING
21:21:47 INFO  State of operation 21191013 : EXECUTING
21:21:49 INFO  State of operation 21191013 : EXECUTING
21:21:52 INFO  State of operation 21191013 : EXECUTING
21:21:54 INFO  State of operation 21191013 : EXECUTING
21:21:56 INFO  State of operation 21191013 : EXECUTING
21:21:58 INFO  State of operation 21191013 : EXECUTING
21:22:01 INFO  State of operation 21191013 : EXECUTING
21:22:03 INFO  State of operation 21191013 : EXECUTING
21:22:06 INFO  State of operation 21191013 : EXECUTING
21:22:08 INFO  State of operation 21191013 : EXECUTING
21:22:10 INFO  State of operation 21191013 : EXECUTING
21:22:13 INFO  State of operation 21191013 : EXECUTING
21:22:15 INFO  State of operation 21191013 : EXECUTING
21:22:17 INFO  State of operation 21191013 : EXECUTING
21:22:19 INFO  State of operation 21191013 : SUCCESSFUL
21:22:19 INFO  Package apple is installed
21:22:19 INFO  Assert that (True == value) with value=True ... passed
21:22:20 INFO  Package banana is installed
21:22:20 INFO  Assert that (True == value) with value=True ... passed
21:22:20 INFO  Package cherry is installed
21:22:20 INFO  Assert that (True == value) with value=True ... passed
21:22:20 INFO  Assert that (False == value) with value=False ... passed
21:22:21 INFO  Assert that (False == value) with value=False ... passed
21:22:21 INFO  
21:22:21 INFO  cleanup:
21:22:25 INFO  Executed sudo&lt;tedge_disconnect_c8y&gt;, exit status 0
21:22:25 INFO  Executed systemctl&lt;serv_mapper5&gt;, exit status 3
21:22:25 INFO  
21:22:25 INFO  Test duration: 169.37 secs
21:22:25 INFO  Test final outcome:  FAILED
21:22:25 INFO  Test outcome reason: Assert that (False == value) with value=True
21:22:25 INFO  
</system-out>
	</testcase>
</testsuite>
