<?xml version="1.0" encoding="utf-8"?>
<testsuite failures="1" name="SoftwareManagement.Plugin.apama_plugin_update" skipped="0" tests="1" time="20.64" timestamp="2022-06-22T19:41:23">
	<testcase classname="ApamaPluginUpdateTest" name="SoftwareManagement.Plugin.apama_plugin_update">
		<failure message="BLOCKED: sudo&lt;plugin_install&gt; returned non-zero exit code 2" type="BLOCKED"/>
		<system-out>19:41:02 INFO  ==============================================================
19:41:02 INFO  Id:    SoftwareManagement.Plugin.apama_plugin_update
19:41:02 INFO  Dir:   plugin_apama/
19:41:02 INFO  Title: Validate apama plugin updating one project with another
19:41:02 INFO  ==============================================================
19:41:02 INFO  Assertion that path exists=False for &quot;/etc/tedge/apama/project&quot; ... passed
19:41:03 INFO  Executed sudo&lt;create_project_dir&gt;, exit status 0
19:41:03 INFO  Executed sudo&lt;unzip_apama_project&gt;, exit status 0
19:41:04 INFO  Executed sudo&lt;move_apama_project&gt;, exit status 0
19:41:05 INFO  Executed sudo&lt;restart_apama_service&gt;, exit status 0
19:41:05 INFO  Executed sudo&lt;apama_correlator_wait&gt;, exit status 0
19:41:05 INFO  Assertion that path exists=True for &quot;/etc/tedge/apama/project&quot; ... passed
19:41:06 INFO  Executed sudo&lt;apama_list_monitors&gt;, exit status 0
19:41:06 INFO  Grep on file /home/pi/actions-runner/_work/thin-edge.io/thin-edge.io/tests/PySys/plugin_apama/apama_plugin_update/Output/linux/apama_list_monitors.out ... passed
19:41:07 WARN  Executed sudo&lt;plugin_install&gt;, exit status 2
19:41:07 INFO  Contents of plugin_install.err: 
  ERROR: Directory not empty (os error 39)
  -----

19:41:07 WARN  sudo&lt;plugin_install&gt; returned non-zero exit code 2 ... blocked [run.py:35]
19:41:07 WARN  Aborted test due to BLOCKED outcome
19:41:07 INFO  
19:41:07 INFO  cleanup:
19:41:07 INFO  Removing apama project
19:41:22 INFO  Executed sudo&lt;stop_apama_service&gt;, exit status 0, duration 14 secs
19:41:22 INFO  Executed sudo&lt;remove_apama_project&gt;, exit status 0
19:41:23 INFO  Executed sudo&lt;remove_apama_tmp_dir&gt;, exit status 0
19:41:23 INFO  
19:41:23 INFO  Test duration: 20.64 secs
19:41:23 INFO  Test final outcome:  BLOCKED
19:41:23 INFO  Test outcome reason: sudo&lt;plugin_install&gt; returned non-zero exit code 2
19:41:23 INFO  
</system-out>
	</testcase>
</testsuite>
