<?xml version="1.0" encoding="utf-8"?>
<testsuite failures="1" name="SoftwareManagement.sm_apt_install_remove_multiple" skipped="0" tests="1" time="140.03" timestamp="2022-06-17T09:46:57">
	<testcase classname="PySysTest" name="SoftwareManagement.sm_apt_install_remove_multiple">
		<failure message="FAILED: Assert that (False == value) with value=True (+2 other failures)" type="FAILED"/>
		<system-out>09:44:37 INFO  ==============================================================
09:44:37 INFO  Id:    SoftwareManagement.sm_apt_install_remove_multiple
09:44:37 INFO  Dir:   software_management_end_to_end/
09:44:37 INFO  Title: Validate end to end behaviour for the apt plugin for multiple packages
09:44:37 INFO  ==============================================================
09:44:37 INFO  Using sw id database: {'asciijump': '5475369', 'robotfindskitten': '5474869', 'squirrel3': '5475279', 'rolldice': '5152439', 'moon-buggy': '5439204', 'apple': '5495053', 'banana': '5494888', 'cherry': '5495382', 'watermelon': '5494510', 'registry': '8018911', 'hello-world': '8021526', 'docker/getting-started': '8021973', 'alpine': '7991792'}
09:44:37 INFO  EnvironmentC8y Setup
09:44:38 INFO  Executed systemctl&lt;serv_mapper1&gt;, exit status 3
09:44:38 INFO  Restarting mosquitto too frequently in the last 10 seconds. It was only up for 5 seconds
09:44:38 INFO  Delaying execution by 6 seconds
09:44:58 INFO  Executed sudo&lt;tedge_connect_c8y&gt;, exit status 0, duration 14 secs
09:44:59 INFO  Executed sudo&lt;tedge_connect_c8y_test&gt;, exit status 0
09:44:59 INFO  Executed systemctl&lt;serv_mosq2&gt;, exit status 0
09:45:00 INFO  Executed systemctl&lt;serv_mapper3&gt;, exit status 0
09:45:02 INFO  State of current operation: SUCCESSFUL
09:45:02 INFO  Assert that (False == value) with value=False ... passed
09:45:03 INFO  Package asciijump is installed
09:45:03 WARN  Assert that (False == value) with value=True ... failed 
09:45:03 INFO  Package squirrel3 is installed
09:45:03 WARN  Assert that (False == value) with value=True ... failed 
09:45:03 INFO  Package robotfindskitten is installed
09:45:03 WARN  Assert that (False == value) with value=True ... failed 
09:45:04 INFO  Response status: 201
09:45:04 INFO  Response to action: {
    &quot;creationTime&quot;: &quot;2022-06-17T09:45:04.076Z&quot;,
    &quot;deviceName&quot;: &quot;m32sd10c&quot;,
    &quot;deviceId&quot;: &quot;20260753&quot;,
    &quot;self&quot;: &quot;https://t493319102.eu-latest.cumulocity.com/devicecontrol/operations/20282575&quot;,
    &quot;id&quot;: &quot;20282575&quot;,
    &quot;status&quot;: &quot;PENDING&quot;,
    &quot;description&quot;: &quot;Apply software changes, triggered from PySys: [{'action': 'install', 'id': '5475369', 'name': 'asciijump', 'url': ' ', 'version': '::apt'}, {'action': 'install', 'id': '5474869', 'name': 'robotfindskitten', 'url': ' ', 'version': '::apt'}, {'action': 'install', 'id': '5475279', 'name': 'squirrel3', 'url': ' ', 'version': '::apt'}]&quot;,
    &quot;c8y_SoftwareUpdate&quot;: [
        {
            &quot;name&quot;: &quot;asciijump&quot;,
            &quot;action&quot;: &quot;install&quot;,
            &quot;id&quot;: &quot;5475369&quot;,
            &quot;version&quot;: &quot;::apt&quot;,
            &quot;url&quot;: &quot; &quot;
        },
        {
            &quot;name&quot;: &quot;robotfindskitten&quot;,
            &quot;action&quot;: &quot;install&quot;,
            &quot;id&quot;: &quot;5474869&quot;,
            &quot;version&quot;: &quot;::apt&quot;,
            &quot;url&quot;: &quot; &quot;
        },
        {
            &quot;name&quot;: &quot;squirrel3&quot;,
            &quot;action&quot;: &quot;install&quot;,
            &quot;id&quot;: &quot;5475279&quot;,
            &quot;version&quot;: &quot;::apt&quot;,
            &quot;url&quot;: &quot; &quot;
        }
    ]
}
09:45:04 INFO  Started operation: {'creationTime': '2022-06-17T09:45:04.076Z', 'deviceName': 'm32sd10c', 'deviceId': '20260753', 'self': 'https://t493319102.eu-latest.cumulocity.com/devicecontrol/operations/20282575', 'id': '20282575', 'status': 'PENDING', 'description': &quot;Apply software changes, triggered from PySys: [{'action': 'install', 'id': '5475369', 'name': 'asciijump', 'url': ' ', 'version': '::apt'}, {'action': 'install', 'id': '5474869', 'name': 'robotfindskitten', 'url': ' ', 'version': '::apt'}, {'action': 'install', 'id': '5475279', 'name': 'squirrel3', 'url': ' ', 'version': '::apt'}]&quot;, 'c8y_SoftwareUpdate': [{'name': 'asciijump', 'action': 'install', 'id': '5475369', 'version': '::apt', 'url': ' '}, {'name': 'robotfindskitten', 'action': 'install', 'id': '5474869', 'version': '::apt', 'url': ' '}, {'name': 'squirrel3', 'action': 'install', 'id': '5475279', 'version': '::apt', 'url': ' '}]}
09:45:06 INFO  State of operation 20282575 : PENDING
09:45:08 INFO  State of operation 20282575 : EXECUTING
09:45:10 INFO  State of operation 20282575 : EXECUTING
09:45:13 INFO  State of operation 20282575 : EXECUTING
09:45:15 INFO  State of operation 20282575 : EXECUTING
09:45:17 INFO  State of operation 20282575 : EXECUTING
09:45:20 INFO  State of operation 20282575 : EXECUTING
09:45:23 INFO  State of operation 20282575 : EXECUTING
09:45:25 INFO  State of operation 20282575 : EXECUTING
09:45:27 INFO  State of operation 20282575 : EXECUTING
09:45:30 INFO  State of operation 20282575 : EXECUTING
09:45:32 INFO  State of operation 20282575 : EXECUTING
09:45:34 INFO  State of operation 20282575 : EXECUTING
09:45:36 INFO  State of operation 20282575 : EXECUTING
09:45:39 INFO  State of operation 20282575 : EXECUTING
09:45:41 INFO  State of operation 20282575 : SUCCESSFUL
09:45:41 INFO  Assert that (False == value) with value=False ... passed
09:45:41 INFO  Package asciijump is installed
09:45:41 INFO  Assert that (True == value) with value=True ... passed
09:45:42 INFO  Package squirrel3 is installed
09:45:42 INFO  Assert that (True == value) with value=True ... passed
09:45:42 INFO  Package robotfindskitten is installed
09:45:42 INFO  Assert that (True == value) with value=True ... passed
09:45:42 INFO  Response status: 201
09:45:42 INFO  Response to action: {
    &quot;creationTime&quot;: &quot;2022-06-17T09:45:42.471Z&quot;,
    &quot;deviceName&quot;: &quot;m32sd10c&quot;,
    &quot;deviceId&quot;: &quot;20260753&quot;,
    &quot;self&quot;: &quot;https://t493319102.eu-latest.cumulocity.com/devicecontrol/operations/20282587&quot;,
    &quot;id&quot;: &quot;20282587&quot;,
    &quot;status&quot;: &quot;PENDING&quot;,
    &quot;description&quot;: &quot;Apply software changes, triggered from PySys: [{'action': 'delete', 'id': '5475369', 'name': 'asciijump', 'url': ' ', 'version': '::apt'}, {'action': 'delete', 'id': '5474869', 'name': 'robotfindskitten', 'url': ' ', 'version': '::apt'}, {'action': 'delete', 'id': '5475279', 'name': 'squirrel3', 'url': ' ', 'version': '::apt'}]&quot;,
    &quot;c8y_SoftwareUpdate&quot;: [
        {
            &quot;name&quot;: &quot;asciijump&quot;,
            &quot;action&quot;: &quot;delete&quot;,
            &quot;id&quot;: &quot;5475369&quot;,
            &quot;version&quot;: &quot;::apt&quot;,
            &quot;url&quot;: &quot; &quot;
        },
        {
            &quot;name&quot;: &quot;robotfindskitten&quot;,
            &quot;action&quot;: &quot;delete&quot;,
            &quot;id&quot;: &quot;5474869&quot;,
            &quot;version&quot;: &quot;::apt&quot;,
            &quot;url&quot;: &quot; &quot;
        },
        {
            &quot;name&quot;: &quot;squirrel3&quot;,
            &quot;action&quot;: &quot;delete&quot;,
            &quot;id&quot;: &quot;5475279&quot;,
            &quot;version&quot;: &quot;::apt&quot;,
            &quot;url&quot;: &quot; &quot;
        }
    ]
}
09:45:42 INFO  Started operation: {'creationTime': '2022-06-17T09:45:42.471Z', 'deviceName': 'm32sd10c', 'deviceId': '20260753', 'self': 'https://t493319102.eu-latest.cumulocity.com/devicecontrol/operations/20282587', 'id': '20282587', 'status': 'PENDING', 'description': &quot;Apply software changes, triggered from PySys: [{'action': 'delete', 'id': '5475369', 'name': 'asciijump', 'url': ' ', 'version': '::apt'}, {'action': 'delete', 'id': '5474869', 'name': 'robotfindskitten', 'url': ' ', 'version': '::apt'}, {'action': 'delete', 'id': '5475279', 'name': 'squirrel3', 'url': ' ', 'version': '::apt'}]&quot;, 'c8y_SoftwareUpdate': [{'name': 'asciijump', 'action': 'delete', 'id': '5475369', 'version': '::apt', 'url': ' '}, {'name': 'robotfindskitten', 'action': 'delete', 'id': '5474869', 'version': '::apt', 'url': ' '}, {'name': 'squirrel3', 'action': 'delete', 'id': '5475279', 'version': '::apt', 'url': ' '}]}
09:45:44 INFO  State of operation 20282587 : PENDING
09:45:47 INFO  State of operation 20282587 : EXECUTING
09:45:49 INFO  State of operation 20282587 : EXECUTING
09:45:51 INFO  State of operation 20282587 : EXECUTING
09:45:53 INFO  State of operation 20282587 : EXECUTING
09:45:55 INFO  State of operation 20282587 : EXECUTING
09:45:58 INFO  State of operation 20282587 : EXECUTING
09:46:01 INFO  State of operation 20282587 : EXECUTING
09:46:03 INFO  State of operation 20282587 : EXECUTING
09:46:06 INFO  State of operation 20282587 : EXECUTING
09:46:08 INFO  State of operation 20282587 : EXECUTING
09:46:10 INFO  State of operation 20282587 : EXECUTING
09:46:12 INFO  State of operation 20282587 : EXECUTING
09:46:14 INFO  State of operation 20282587 : EXECUTING
09:46:17 INFO  State of operation 20282587 : EXECUTING
09:46:19 INFO  State of operation 20282587 : EXECUTING
09:46:21 INFO  State of operation 20282587 : EXECUTING
09:46:24 INFO  State of operation 20282587 : EXECUTING
09:46:26 INFO  State of operation 20282587 : EXECUTING
09:46:29 INFO  State of operation 20282587 : EXECUTING
09:46:31 INFO  State of operation 20282587 : EXECUTING
09:46:33 INFO  State of operation 20282587 : EXECUTING
09:46:35 INFO  State of operation 20282587 : EXECUTING
09:46:38 INFO  State of operation 20282587 : EXECUTING
09:46:40 INFO  State of operation 20282587 : EXECUTING
09:46:43 INFO  State of operation 20282587 : EXECUTING
09:46:45 INFO  State of operation 20282587 : EXECUTING
09:46:47 INFO  State of operation 20282587 : EXECUTING
09:46:50 INFO  State of operation 20282587 : EXECUTING
09:46:52 INFO  State of operation 20282587 : SUCCESSFUL
09:46:52 INFO  Assert that (False == value) with value=False ... passed
09:46:52 INFO  Assert that (False == value) with value=False ... passed
09:46:52 INFO  Assert that (False == value) with value=False ... passed
09:46:53 INFO  Assert that (False == value) with value=False ... passed
09:46:53 INFO  
09:46:53 INFO  cleanup:
09:46:57 INFO  Executed sudo&lt;tedge_disconnect_c8y&gt;, exit status 0
09:46:57 INFO  Executed systemctl&lt;serv_mapper5&gt;, exit status 3
09:46:57 INFO  
09:46:57 INFO  Test duration: 140.03 secs
09:46:57 INFO  Test final outcome:  FAILED
09:46:57 INFO  Test outcome reason: Assert that (False == value) with value=True (+2 other failures)
09:46:57 INFO  
</system-out>
	</testcase>
</testsuite>
