<?xml version="1.0" encoding="utf-8"?>
<testsuite failures="1" name="SoftwareManagement.sm_apt_install_remove_multiple" skipped="0" tests="1" time="165.89" timestamp="2022-05-23T16:13:30">
	<testcase classname="PySysTest" name="SoftwareManagement.sm_apt_install_remove_multiple">
		<failure message="BLOCKED: SystemError: Timeout while waiting for status FAILED or SUCCESSFUL" type="BLOCKED"/>
		<system-out>16:10:44 INFO  ==============================================================
16:10:44 INFO  Id:    SoftwareManagement.sm_apt_install_remove_multiple
16:10:44 INFO  Dir:   software_management_end_to_end/
16:10:44 INFO  Title: Validate end to end behaviour for the apt plugin for multiple packages
16:10:44 INFO  ==============================================================
16:10:44 INFO  Using sw id database: {'asciijump': '5475369', 'robotfindskitten': '5474869', 'squirrel3': '5475279', 'rolldice': '5152439', 'moon-buggy': '5439204', 'apple': '5495053', 'banana': '5494888', 'cherry': '5495382', 'watermelon': '5494510', 'registry': '8018911', 'hello-world': '8021526', 'docker/getting-started': '8021973', 'alpine': '7991792'}
16:10:44 INFO  EnvironmentC8y Setup
16:10:45 INFO  Executed systemctl&lt;serv_mapper1&gt;, exit status 3
16:10:45 INFO  Restarting mosquitto too frequently in the last 10 seconds. It was only up for 5 seconds
16:10:45 INFO  Delaying execution by 6 seconds
16:11:05 INFO  Executed sudo&lt;tedge_connect_c8y&gt;, exit status 0, duration 14 secs
16:11:06 INFO  Executed sudo&lt;tedge_connect_c8y_test&gt;, exit status 0
16:11:06 INFO  Executed systemctl&lt;serv_mosq2&gt;, exit status 0
16:11:06 INFO  Executed systemctl&lt;serv_mapper3&gt;, exit status 0
16:11:09 INFO  State of current operation: PENDING
16:11:11 INFO  State of current operation: PENDING
16:11:13 INFO  State of current operation: PENDING
16:11:15 INFO  State of current operation: PENDING
16:11:18 INFO  State of current operation: PENDING
16:11:20 INFO  State of current operation: PENDING
16:11:22 INFO  State of current operation: PENDING
16:11:24 INFO  State of current operation: PENDING
16:11:27 INFO  State of current operation: PENDING
16:11:29 INFO  State of current operation: PENDING
16:11:31 INFO  State of current operation: PENDING
16:11:34 INFO  State of current operation: PENDING
16:11:36 INFO  State of current operation: PENDING
16:11:38 INFO  State of current operation: PENDING
16:11:40 INFO  State of current operation: PENDING
16:11:42 INFO  State of current operation: PENDING
16:11:45 INFO  State of current operation: PENDING
16:11:47 INFO  State of current operation: PENDING
16:11:49 INFO  State of current operation: PENDING
16:11:51 INFO  State of current operation: PENDING
16:11:54 INFO  State of current operation: PENDING
16:11:56 INFO  State of current operation: PENDING
16:11:58 INFO  State of current operation: PENDING
16:12:00 INFO  State of current operation: PENDING
16:12:03 INFO  State of current operation: PENDING
16:12:05 INFO  State of current operation: PENDING
16:12:07 INFO  State of current operation: PENDING
16:12:09 INFO  State of current operation: PENDING
16:12:11 INFO  State of current operation: PENDING
16:12:14 INFO  State of current operation: PENDING
16:12:16 INFO  State of current operation: PENDING
16:12:18 INFO  State of current operation: PENDING
16:12:20 INFO  State of current operation: PENDING
16:12:23 INFO  State of current operation: PENDING
16:12:25 INFO  State of current operation: PENDING
16:12:27 INFO  State of current operation: PENDING
16:12:29 INFO  State of current operation: PENDING
16:12:32 INFO  State of current operation: PENDING
16:12:34 INFO  State of current operation: PENDING
16:12:36 INFO  State of current operation: PENDING
16:12:38 INFO  State of current operation: PENDING
16:12:41 INFO  State of current operation: PENDING
16:12:43 INFO  State of current operation: PENDING
16:12:45 INFO  State of current operation: PENDING
16:12:47 INFO  State of current operation: PENDING
16:12:49 INFO  State of current operation: PENDING
16:12:52 INFO  State of current operation: PENDING
16:12:54 INFO  State of current operation: PENDING
16:12:56 INFO  State of current operation: PENDING
16:12:58 INFO  State of current operation: PENDING
16:13:01 INFO  State of current operation: PENDING
16:13:03 INFO  State of current operation: PENDING
16:13:05 INFO  State of current operation: PENDING
16:13:07 INFO  State of current operation: PENDING
16:13:10 INFO  State of current operation: PENDING
16:13:12 INFO  State of current operation: PENDING
16:13:14 INFO  State of current operation: PENDING
16:13:16 INFO  State of current operation: PENDING
16:13:19 INFO  State of current operation: PENDING
16:13:21 INFO  State of current operation: PENDING
16:13:23 INFO  State of current operation: PENDING
16:13:25 WARN  SystemError occurred while running test - Timeout while waiting for status FAILED or SUCCESSFUL
Traceback (most recent call last):
  File &quot;/home/pi/env-pysys/lib/python3.7/site-packages/pysys/baserunner.py&quot;, line 1292, in __call__
    self.testObj.setup()
  File &quot;/home/pi/actions-runner/_work/thin-edge.io/thin-edge.io/tests/PySys/software_management_end_to_end/sm_apt_install_remove_multiple/run.py&quot;, line 52, in setup
    super().setup()
  File &quot;/home/pi/actions-runner/_work/thin-edge.io/thin-edge.io/tests/PySys/software_management_end_to_end/environment_sm_management.py&quot;, line 151, in setup
    self.wait_until_end()
  File &quot;/home/pi/actions-runner/_work/thin-edge.io/thin-edge.io/tests/PySys/software_management_end_to_end/environment_sm_management.py&quot;, line 332, in wait_until_end
    self.wait_until_status(&quot;FAILED&quot;, &quot;SUCCESSFUL&quot;)
  File &quot;/home/pi/actions-runner/_work/thin-edge.io/thin-edge.io/tests/PySys/software_management_end_to_end/environment_sm_management.py&quot;, line 381, in wait_until_status
    &quot;Timeout while waiting for status %s or %s&quot; % (status, status2)
SystemError: Timeout while waiting for status FAILED or SUCCESSFUL
16:13:25 WARN  SystemError: Timeout while waiting for status FAILED or SUCCESSFUL ... blocked 
16:13:25 INFO  
16:13:25 INFO  cleanup:
16:13:29 INFO  Executed sudo&lt;tedge_disconnect_c8y&gt;, exit status 0
16:13:30 INFO  Executed systemctl&lt;serv_mapper5&gt;, exit status 3
16:13:30 INFO  
16:13:30 INFO  Test duration: 165.89 secs
16:13:30 INFO  Test final outcome:  BLOCKED
16:13:30 INFO  Test outcome reason: SystemError: Timeout while waiting for status FAILED or SUCCESSFUL
16:13:30 INFO  
</system-out>
	</testcase>
</testsuite>
