<?xml version="1.0" encoding="utf-8"?>
<testsuite failures="1" name="SoftwareManagement.sm_mixed_install_remove_multiple" skipped="0" tests="1" time="166.34" timestamp="2022-07-26T08:29:00">
	<testcase classname="PySysTest" name="SoftwareManagement.sm_mixed_install_remove_multiple">
		<failure message="FAILED: Assert that (False == value) with value=True" type="FAILED"/>
		<system-out>08:26:13 INFO  ==============================================================
08:26:13 INFO  Id:    SoftwareManagement.sm_mixed_install_remove_multiple
08:26:13 INFO  Dir:   software_management_end_to_end/
08:26:13 INFO  Title: Validate end to end behaviour for the dummy-plugin for multiple packages with mixed versions
08:26:13 INFO  ==============================================================
08:26:13 INFO  Using sw id database: {'asciijump': '5475369', 'robotfindskitten': '5474869', 'squirrel3': '5475279', 'rolldice': '5152439', 'moon-buggy': '5439204', 'apple': '5495053', 'banana': '5494888', 'cherry': '5495382', 'watermelon': '5494510', 'registry': '8018911', 'hello-world': '8021526', 'docker/getting-started': '8021973', 'alpine': '7991792'}
08:26:13 INFO  EnvironmentC8y Setup
08:26:14 INFO  Executed systemctl&lt;serv_mapper1&gt;, exit status 3
08:26:14 INFO  Restarting mosquitto too frequently in the last 10 seconds. It was only up for 5 seconds
08:26:14 INFO  Delaying execution by 6 seconds
08:26:34 INFO  Executed sudo&lt;tedge_connect_c8y&gt;, exit status 0, duration 13 secs
08:26:35 INFO  Executed sudo&lt;tedge_connect_c8y_test&gt;, exit status 0
08:26:35 INFO  Executed systemctl&lt;serv_mosq2&gt;, exit status 0
08:26:36 INFO  Executed systemctl&lt;serv_mapper3&gt;, exit status 0
08:26:38 INFO  State of current operation: SUCCESSFUL
08:26:38 INFO  Package apple is installed
08:26:38 INFO  Assert that (True == value) with value=True ... passed
08:26:38 INFO  Package banana is installed
08:26:38 INFO  Assert that (True == value) with value=True ... passed
08:26:39 INFO  Package cherry is installed
08:26:39 INFO  Assert that (True == value) with value=True ... passed
08:26:39 INFO  Package asciijump is installed
08:26:39 WARN  Assert that (False == value) with value=True ... failed 
08:26:39 INFO  Assert that (False == value) with value=False ... passed
08:26:39 INFO  Response status: 201
08:26:39 INFO  Response to action: {
    &quot;creationTime&quot;: &quot;2022-07-26T08:26:39.752Z&quot;,
    &quot;deviceId&quot;: &quot;21411792&quot;,
    &quot;deviceName&quot;: &quot;m32sd10c&quot;,
    &quot;self&quot;: &quot;https://t493319102.eu-latest.cumulocity.com/devicecontrol/operations/21434675&quot;,
    &quot;id&quot;: &quot;21434675&quot;,
    &quot;status&quot;: &quot;PENDING&quot;,
    &quot;description&quot;: &quot;Apply software changes, triggered from PySys: [{'action': 'install', 'id': '5495053', 'name': 'apple', 'url': ' ', 'version': '::fruits'}, {'action': 'install', 'id': '5494888', 'name': 'banana', 'url': ' ', 'version': '::fruits'}, {'action': 'install', 'id': '5475369', 'name': 'asciijump', 'url': ' ', 'version': '::apt'}, {'action': 'install', 'id': '5495382', 'name': 'cherry', 'url': ' ', 'version': '::fruits'}, {'action': 'install', 'id': '8018911', 'name': 'registry', 'url': ' ', 'version': '::docker'}]&quot;,
    &quot;c8y_SoftwareUpdate&quot;: [
        {
            &quot;name&quot;: &quot;apple&quot;,
            &quot;action&quot;: &quot;install&quot;,
            &quot;id&quot;: &quot;5495053&quot;,
            &quot;version&quot;: &quot;::fruits&quot;,
            &quot;url&quot;: &quot; &quot;
        },
        {
            &quot;name&quot;: &quot;banana&quot;,
            &quot;action&quot;: &quot;install&quot;,
            &quot;id&quot;: &quot;5494888&quot;,
            &quot;version&quot;: &quot;::fruits&quot;,
            &quot;url&quot;: &quot; &quot;
        },
        {
            &quot;name&quot;: &quot;asciijump&quot;,
            &quot;action&quot;: &quot;install&quot;,
            &quot;id&quot;: &quot;5475369&quot;,
            &quot;version&quot;: &quot;::apt&quot;,
            &quot;url&quot;: &quot; &quot;
        },
        {
            &quot;name&quot;: &quot;cherry&quot;,
            &quot;action&quot;: &quot;install&quot;,
            &quot;id&quot;: &quot;5495382&quot;,
            &quot;version&quot;: &quot;::fruits&quot;,
            &quot;url&quot;: &quot; &quot;
        },
        {
            &quot;name&quot;: &quot;registry&quot;,
            &quot;action&quot;: &quot;install&quot;,
            &quot;id&quot;: &quot;8018911&quot;,
            &quot;version&quot;: &quot;::docker&quot;,
            &quot;url&quot;: &quot; &quot;
        }
    ]
}
08:26:39 INFO  Started operation: {'creationTime': '2022-07-26T08:26:39.752Z', 'deviceId': '21411792', 'deviceName': 'm32sd10c', 'self': 'https://t493319102.eu-latest.cumulocity.com/devicecontrol/operations/21434675', 'id': '21434675', 'status': 'PENDING', 'description': &quot;Apply software changes, triggered from PySys: [{'action': 'install', 'id': '5495053', 'name': 'apple', 'url': ' ', 'version': '::fruits'}, {'action': 'install', 'id': '5494888', 'name': 'banana', 'url': ' ', 'version': '::fruits'}, {'action': 'install', 'id': '5475369', 'name': 'asciijump', 'url': ' ', 'version': '::apt'}, {'action': 'install', 'id': '5495382', 'name': 'cherry', 'url': ' ', 'version': '::fruits'}, {'action': 'install', 'id': '8018911', 'name': 'registry', 'url': ' ', 'version': '::docker'}]&quot;, 'c8y_SoftwareUpdate': [{'name': 'apple', 'action': 'install', 'id': '5495053', 'version': '::fruits', 'url': ' '}, {'name': 'banana', 'action': 'install', 'id': '5494888', 'version': '::fruits', 'url': ' '}, {'name': 'asciijump', 'action': 'install', 'id': '5475369', 'version': '::apt', 'url': ' '}, {'name': 'cherry', 'action': 'install', 'id': '5495382', 'version': '::fruits', 'url': ' '}, {'name': 'registry', 'action': 'install', 'id': '8018911', 'version': '::docker', 'url': ' '}]}
08:26:42 INFO  State of operation 21434675 : PENDING
08:26:44 INFO  State of operation 21434675 : EXECUTING
08:26:46 INFO  State of operation 21434675 : EXECUTING
08:26:48 INFO  State of operation 21434675 : EXECUTING
08:26:50 INFO  State of operation 21434675 : EXECUTING
08:26:53 INFO  State of operation 21434675 : EXECUTING
08:26:56 INFO  State of operation 21434675 : EXECUTING
08:26:58 INFO  State of operation 21434675 : EXECUTING
08:27:01 INFO  State of operation 21434675 : EXECUTING
08:27:03 INFO  State of operation 21434675 : EXECUTING
08:27:05 INFO  State of operation 21434675 : EXECUTING
08:27:07 INFO  State of operation 21434675 : EXECUTING
08:27:10 INFO  State of operation 21434675 : EXECUTING
08:27:12 INFO  State of operation 21434675 : EXECUTING
08:27:14 INFO  State of operation 21434675 : EXECUTING
08:27:16 INFO  State of operation 21434675 : EXECUTING
08:27:19 INFO  State of operation 21434675 : EXECUTING
08:27:21 INFO  State of operation 21434675 : EXECUTING
08:27:23 INFO  State of operation 21434675 : EXECUTING
08:27:26 INFO  State of operation 21434675 : EXECUTING
08:27:28 INFO  State of operation 21434675 : EXECUTING
08:27:30 INFO  State of operation 21434675 : EXECUTING
08:27:33 INFO  State of operation 21434675 : EXECUTING
08:27:35 INFO  State of operation 21434675 : EXECUTING
08:27:37 INFO  State of operation 21434675 : EXECUTING
08:27:39 INFO  State of operation 21434675 : EXECUTING
08:27:42 INFO  State of operation 21434675 : SUCCESSFUL
08:27:42 INFO  Package apple is installed
08:27:42 INFO  Assert that (True == value) with value=True ... passed
08:27:42 INFO  Package banana is installed
08:27:42 INFO  Assert that (True == value) with value=True ... passed
08:27:42 INFO  Package cherry is installed
08:27:42 INFO  Assert that (True == value) with value=True ... passed
08:27:43 INFO  Package asciijump is installed
08:27:43 INFO  Assert that (True == value) with value=True ... passed
08:27:43 INFO  Package registry is installed
08:27:43 INFO  Assert that (True == value) with value=True ... passed
08:27:43 INFO  Response status: 201
08:27:43 INFO  Response to action: {
    &quot;creationTime&quot;: &quot;2022-07-26T08:27:43.529Z&quot;,
    &quot;deviceId&quot;: &quot;21411792&quot;,
    &quot;deviceName&quot;: &quot;m32sd10c&quot;,
    &quot;self&quot;: &quot;https://t493319102.eu-latest.cumulocity.com/devicecontrol/operations/21434687&quot;,
    &quot;id&quot;: &quot;21434687&quot;,
    &quot;status&quot;: &quot;PENDING&quot;,
    &quot;description&quot;: &quot;Apply software changes, triggered from PySys: [{'action': 'delete', 'id': '5495053', 'name': 'apple', 'url': ' ', 'version': '::fruits'}, {'action': 'delete', 'id': '5494888', 'name': 'banana', 'url': ' ', 'version': '::fruits'}, {'action': 'delete', 'id': '5475369', 'name': 'asciijump', 'url': ' ', 'version': '::apt'}, {'action': 'delete', 'id': '5495382', 'name': 'cherry', 'url': ' ', 'version': '::fruits'}, {'action': 'delete', 'id': '8018911', 'name': 'registry', 'url': ' ', 'version': '::docker'}]&quot;,
    &quot;c8y_SoftwareUpdate&quot;: [
        {
            &quot;name&quot;: &quot;apple&quot;,
            &quot;action&quot;: &quot;delete&quot;,
            &quot;id&quot;: &quot;5495053&quot;,
            &quot;version&quot;: &quot;::fruits&quot;,
            &quot;url&quot;: &quot; &quot;
        },
        {
            &quot;name&quot;: &quot;banana&quot;,
            &quot;action&quot;: &quot;delete&quot;,
            &quot;id&quot;: &quot;5494888&quot;,
            &quot;version&quot;: &quot;::fruits&quot;,
            &quot;url&quot;: &quot; &quot;
        },
        {
            &quot;name&quot;: &quot;asciijump&quot;,
            &quot;action&quot;: &quot;delete&quot;,
            &quot;id&quot;: &quot;5475369&quot;,
            &quot;version&quot;: &quot;::apt&quot;,
            &quot;url&quot;: &quot; &quot;
        },
        {
            &quot;name&quot;: &quot;cherry&quot;,
            &quot;action&quot;: &quot;delete&quot;,
            &quot;id&quot;: &quot;5495382&quot;,
            &quot;version&quot;: &quot;::fruits&quot;,
            &quot;url&quot;: &quot; &quot;
        },
        {
            &quot;name&quot;: &quot;registry&quot;,
            &quot;action&quot;: &quot;delete&quot;,
            &quot;id&quot;: &quot;8018911&quot;,
            &quot;version&quot;: &quot;::docker&quot;,
            &quot;url&quot;: &quot; &quot;
        }
    ]
}
08:27:43 INFO  Started operation: {'creationTime': '2022-07-26T08:27:43.529Z', 'deviceId': '21411792', 'deviceName': 'm32sd10c', 'self': 'https://t493319102.eu-latest.cumulocity.com/devicecontrol/operations/21434687', 'id': '21434687', 'status': 'PENDING', 'description': &quot;Apply software changes, triggered from PySys: [{'action': 'delete', 'id': '5495053', 'name': 'apple', 'url': ' ', 'version': '::fruits'}, {'action': 'delete', 'id': '5494888', 'name': 'banana', 'url': ' ', 'version': '::fruits'}, {'action': 'delete', 'id': '5475369', 'name': 'asciijump', 'url': ' ', 'version': '::apt'}, {'action': 'delete', 'id': '5495382', 'name': 'cherry', 'url': ' ', 'version': '::fruits'}, {'action': 'delete', 'id': '8018911', 'name': 'registry', 'url': ' ', 'version': '::docker'}]&quot;, 'c8y_SoftwareUpdate': [{'name': 'apple', 'action': 'delete', 'id': '5495053', 'version': '::fruits', 'url': ' '}, {'name': 'banana', 'action': 'delete', 'id': '5494888', 'version': '::fruits', 'url': ' '}, {'name': 'asciijump', 'action': 'delete', 'id': '5475369', 'version': '::apt', 'url': ' '}, {'name': 'cherry', 'action': 'delete', 'id': '5495382', 'version': '::fruits', 'url': ' '}, {'name': 'registry', 'action': 'delete', 'id': '8018911', 'version': '::docker', 'url': ' '}]}
08:27:45 INFO  State of operation 21434687 : PENDING
08:27:48 INFO  State of operation 21434687 : EXECUTING
08:27:50 INFO  State of operation 21434687 : EXECUTING
08:27:52 INFO  State of operation 21434687 : EXECUTING
08:27:54 INFO  State of operation 21434687 : EXECUTING
08:27:57 INFO  State of operation 21434687 : EXECUTING
08:27:59 INFO  State of operation 21434687 : EXECUTING
08:28:02 INFO  State of operation 21434687 : EXECUTING
08:28:04 INFO  State of operation 21434687 : EXECUTING
08:28:07 INFO  State of operation 21434687 : EXECUTING
08:28:09 INFO  State of operation 21434687 : EXECUTING
08:28:11 INFO  State of operation 21434687 : EXECUTING
08:28:13 INFO  State of operation 21434687 : EXECUTING
08:28:16 INFO  State of operation 21434687 : EXECUTING
08:28:18 INFO  State of operation 21434687 : EXECUTING
08:28:20 INFO  State of operation 21434687 : EXECUTING
08:28:23 INFO  State of operation 21434687 : EXECUTING
08:28:26 INFO  State of operation 21434687 : EXECUTING
08:28:28 INFO  State of operation 21434687 : EXECUTING
08:28:30 INFO  State of operation 21434687 : EXECUTING
08:28:32 INFO  State of operation 21434687 : EXECUTING
08:28:35 INFO  State of operation 21434687 : EXECUTING
08:28:37 INFO  State of operation 21434687 : EXECUTING
08:28:40 INFO  State of operation 21434687 : EXECUTING
08:28:42 INFO  State of operation 21434687 : EXECUTING
08:28:44 INFO  State of operation 21434687 : EXECUTING
08:28:47 INFO  State of operation 21434687 : EXECUTING
08:28:49 INFO  State of operation 21434687 : EXECUTING
08:28:51 INFO  State of operation 21434687 : EXECUTING
08:28:54 INFO  State of operation 21434687 : SUCCESSFUL
08:28:54 INFO  Package apple is installed
08:28:54 INFO  Assert that (True == value) with value=True ... passed
08:28:54 INFO  Package banana is installed
08:28:54 INFO  Assert that (True == value) with value=True ... passed
08:28:54 INFO  Package cherry is installed
08:28:54 INFO  Assert that (True == value) with value=True ... passed
08:28:55 INFO  Assert that (False == value) with value=False ... passed
08:28:55 INFO  Assert that (False == value) with value=False ... passed
08:28:55 INFO  
08:28:55 INFO  cleanup:
08:28:59 INFO  Executed sudo&lt;tedge_disconnect_c8y&gt;, exit status 0
08:29:00 INFO  Executed systemctl&lt;serv_mapper5&gt;, exit status 3
08:29:00 INFO  
08:29:00 INFO  Test duration: 166.34 secs
08:29:00 INFO  Test final outcome:  FAILED
08:29:00 INFO  Test outcome reason: Assert that (False == value) with value=True
08:29:00 INFO  
</system-out>
	</testcase>
</testsuite>
