<?xml version="1.0" encoding="utf-8"?>
<testsuite failures="1" name="SoftwareManagement.sm_apt_install_download_path" skipped="0" tests="1" time="188.29" timestamp="2022-05-23T17:52:57">
	<testcase classname="AptInstallWithDownloadPath" name="SoftwareManagement.sm_apt_install_download_path">
		<failure message="BLOCKED: SystemError: Timeout while waiting for status FAILED or SUCCESSFUL" type="BLOCKED"/>
		<system-out>17:49:48 INFO  ==============================================================
17:49:48 INFO  Id:    SoftwareManagement.sm_apt_install_download_path
17:49:48 INFO  Dir:   software_management_end_to_end/
17:49:48 INFO  Title: Install package to directory specified in tedge config set tmp.path
17:49:48 INFO  ==============================================================
17:49:49 INFO  Using sw id database: {'asciijump': '5475369', 'robotfindskitten': '5474869', 'squirrel3': '5475279', 'rolldice': '5152439', 'moon-buggy': '5439204', 'apple': '5495053', 'banana': '5494888', 'cherry': '5495382', 'watermelon': '5494510', 'registry': '8018911', 'hello-world': '8021526', 'docker/getting-started': '8021973', 'alpine': '7991792'}
17:49:50 INFO  EnvironmentC8y Setup
17:49:50 INFO  Executed systemctl&lt;serv_mapper1&gt;, exit status 3
17:50:04 INFO  Executed sudo&lt;tedge_connect_c8y&gt;, exit status 0, duration 14 secs
17:50:05 INFO  Executed sudo&lt;tedge_connect_c8y_test&gt;, exit status 0
17:50:06 INFO  Executed systemctl&lt;serv_mosq2&gt;, exit status 0
17:50:06 INFO  Executed systemctl&lt;serv_mapper3&gt;, exit status 0
17:50:08 INFO  State of current operation: PENDING
17:50:10 INFO  State of current operation: PENDING
17:50:13 INFO  State of current operation: PENDING
17:50:15 INFO  State of current operation: PENDING
17:50:17 INFO  State of current operation: PENDING
17:50:19 INFO  State of current operation: PENDING
17:50:22 INFO  State of current operation: PENDING
17:50:24 INFO  State of current operation: PENDING
17:50:26 INFO  State of current operation: PENDING
17:50:28 INFO  State of current operation: PENDING
17:50:31 INFO  State of current operation: PENDING
17:50:33 INFO  State of current operation: PENDING
17:50:35 INFO  State of current operation: PENDING
17:50:37 INFO  State of current operation: PENDING
17:50:40 INFO  State of current operation: PENDING
17:50:42 INFO  State of current operation: PENDING
17:50:44 INFO  State of current operation: PENDING
17:50:46 INFO  State of current operation: PENDING
17:50:48 INFO  State of current operation: PENDING
17:50:51 INFO  State of current operation: PENDING
17:50:53 INFO  State of current operation: PENDING
17:50:55 INFO  State of current operation: PENDING
17:50:57 INFO  State of current operation: PENDING
17:51:00 INFO  State of current operation: PENDING
17:51:02 INFO  State of current operation: PENDING
17:51:04 INFO  State of current operation: PENDING
17:51:06 INFO  State of current operation: PENDING
17:51:09 INFO  State of current operation: PENDING
17:51:11 INFO  State of current operation: PENDING
17:51:13 INFO  State of current operation: PENDING
17:51:15 INFO  State of current operation: PENDING
17:51:17 INFO  State of current operation: PENDING
17:51:20 INFO  State of current operation: PENDING
17:51:22 INFO  State of current operation: PENDING
17:51:24 INFO  State of current operation: PENDING
17:51:26 INFO  State of current operation: PENDING
17:51:29 INFO  State of current operation: PENDING
17:51:31 INFO  State of current operation: PENDING
17:51:33 INFO  State of current operation: PENDING
17:51:35 INFO  State of current operation: PENDING
17:51:38 INFO  State of current operation: PENDING
17:51:40 INFO  State of current operation: PENDING
17:51:42 INFO  State of current operation: PENDING
17:51:45 INFO  State of current operation: PENDING
17:51:47 INFO  State of current operation: PENDING
17:51:49 INFO  State of current operation: PENDING
17:51:51 INFO  State of current operation: PENDING
17:51:54 INFO  State of current operation: PENDING
17:51:56 INFO  State of current operation: PENDING
17:51:58 INFO  State of current operation: PENDING
17:52:00 INFO  State of current operation: PENDING
17:52:02 INFO  State of current operation: PENDING
17:52:05 INFO  State of current operation: PENDING
17:52:07 INFO  State of current operation: PENDING
17:52:09 INFO  State of current operation: PENDING
17:52:11 INFO  State of current operation: PENDING
17:52:14 INFO  State of current operation: PENDING
17:52:16 INFO  State of current operation: PENDING
17:52:18 INFO  State of current operation: PENDING
17:52:20 INFO  State of current operation: PENDING
17:52:23 INFO  State of current operation: PENDING
17:52:25 WARN  SystemError occurred while running test - Timeout while waiting for status FAILED or SUCCESSFUL
Traceback (most recent call last):
  File &quot;/home/pi/env-pysys/lib/python3.7/site-packages/pysys/baserunner.py&quot;, line 1292, in __call__
    self.testObj.setup()
  File &quot;/home/pi/actions-runner/_work/thin-edge.io/thin-edge.io/tests/PySys/software_management_end_to_end/sm_apt_install_download_path/run.py&quot;, line 48, in setup
    super().setup()
  File &quot;/home/pi/actions-runner/_work/thin-edge.io/thin-edge.io/tests/PySys/software_management_end_to_end/environment_sm_management.py&quot;, line 151, in setup
    self.wait_until_end()
  File &quot;/home/pi/actions-runner/_work/thin-edge.io/thin-edge.io/tests/PySys/software_management_end_to_end/environment_sm_management.py&quot;, line 332, in wait_until_end
    self.wait_until_status(&quot;FAILED&quot;, &quot;SUCCESSFUL&quot;)
  File &quot;/home/pi/actions-runner/_work/thin-edge.io/thin-edge.io/tests/PySys/software_management_end_to_end/environment_sm_management.py&quot;, line 381, in wait_until_status
    &quot;Timeout while waiting for status %s or %s&quot; % (status, status2)
SystemError: Timeout while waiting for status FAILED or SUCCESSFUL
17:52:25 WARN  SystemError: Timeout while waiting for status FAILED or SUCCESSFUL ... blocked 
17:52:25 INFO  
17:52:25 INFO  cleanup:
17:52:25 INFO  Executed sudo, exit status 0
17:52:26 INFO  Executed sudo, exit status 0
17:52:30 INFO  Executed sudo&lt;tedge_disconnect_c8y&gt;, exit status 0
17:52:30 INFO  Restarting mosquitto too frequently in the last 10 seconds. It was only up for 3 seconds
17:52:30 INFO  Delaying execution by 8 seconds
17:52:52 INFO  Executed sudo&lt;tedge_connect_c8y&gt;, exit status 0, duration 13 secs
17:52:56 INFO  Executed sudo&lt;tedge_disconnect_c8y&gt;, exit status 0
17:52:56 INFO  Executed systemctl&lt;serv_mapper5&gt;, exit status 3
17:52:57 INFO  
17:52:57 INFO  Test duration: 188.29 secs
17:52:57 INFO  Test final outcome:  BLOCKED
17:52:57 INFO  Test outcome reason: SystemError: Timeout while waiting for status FAILED or SUCCESSFUL
17:52:57 INFO  
</system-out>
	</testcase>
</testsuite>
