<?xml version="1.0" encoding="utf-8"?>
<testsuite failures="1" name="SoftwareManagement.sm_apt_install_remove" skipped="0" tests="1" time="161.99" timestamp="2022-07-21T15:55:08">
	<testcase classname="PySysTest" name="SoftwareManagement.sm_apt_install_remove">
		<failure message="FAILED: Assert that (False == value) with value=True" type="FAILED"/>
		<system-out>15:52:26 INFO  ==============================================================
15:52:26 INFO  Id:    SoftwareManagement.sm_apt_install_remove
15:52:26 INFO  Dir:   software_management_end_to_end/
15:52:26 INFO  Title: Validate end to end behaviour for the apt plugin for installation and removal of packages
15:52:26 INFO  ==============================================================
15:52:26 INFO  Using sw id database: {'asciijump': '5475369', 'robotfindskitten': '5474869', 'squirrel3': '5475279', 'rolldice': '5152439', 'moon-buggy': '5439204', 'apple': '5495053', 'banana': '5494888', 'cherry': '5495382', 'watermelon': '5494510', 'registry': '8018911', 'hello-world': '8021526', 'docker/getting-started': '8021973', 'alpine': '7991792'}
15:52:26 INFO  EnvironmentC8y Setup
15:52:27 INFO  Executed systemctl&lt;serv_mapper1&gt;, exit status 3
15:52:27 INFO  Restarting mosquitto too frequently in the last 10 seconds. It was only up for 4 seconds
15:52:27 INFO  Delaying execution by 7 seconds
15:52:48 INFO  Executed sudo&lt;tedge_connect_c8y&gt;, exit status 0, duration 13 secs
15:52:48 INFO  Executed sudo&lt;tedge_connect_c8y_test&gt;, exit status 0
15:52:49 INFO  Executed systemctl&lt;serv_mosq2&gt;, exit status 0
15:52:49 INFO  Executed systemctl&lt;serv_mapper3&gt;, exit status 0
15:52:51 INFO  State of current operation: FAILED
15:52:52 INFO  Assert that (False == value) with value=False ... passed
15:52:52 INFO  Response status: 201
15:52:52 INFO  Response to action: {
    &quot;creationTime&quot;: &quot;2022-07-21T15:52:52.479Z&quot;,
    &quot;deviceId&quot;: &quot;21118604&quot;,
    &quot;deviceName&quot;: &quot;m32sd10c&quot;,
    &quot;self&quot;: &quot;https://t493319102.eu-latest.cumulocity.com/devicecontrol/operations/21145032&quot;,
    &quot;id&quot;: &quot;21145032&quot;,
    &quot;status&quot;: &quot;PENDING&quot;,
    &quot;description&quot;: &quot;Apply software changes, triggered from PySys: [{'name': 'rolldice', 'id': '5152439', 'version': '::apt', 'url': '', 'action': 'install'}]&quot;,
    &quot;c8y_SoftwareUpdate&quot;: [
        {
            &quot;name&quot;: &quot;rolldice&quot;,
            &quot;action&quot;: &quot;install&quot;,
            &quot;id&quot;: &quot;5152439&quot;,
            &quot;version&quot;: &quot;::apt&quot;,
            &quot;url&quot;: &quot;&quot;
        }
    ]
}
15:52:52 INFO  Started operation: {'creationTime': '2022-07-21T15:52:52.479Z', 'deviceId': '21118604', 'deviceName': 'm32sd10c', 'self': 'https://t493319102.eu-latest.cumulocity.com/devicecontrol/operations/21145032', 'id': '21145032', 'status': 'PENDING', 'description': &quot;Apply software changes, triggered from PySys: [{'name': 'rolldice', 'id': '5152439', 'version': '::apt', 'url': '', 'action': 'install'}]&quot;, 'c8y_SoftwareUpdate': [{'name': 'rolldice', 'action': 'install', 'id': '5152439', 'version': '::apt', 'url': ''}]}
15:52:54 INFO  State of operation 21145032 : PENDING
15:52:56 INFO  State of operation 21145032 : EXECUTING
15:52:59 INFO  State of operation 21145032 : EXECUTING
15:53:01 INFO  State of operation 21145032 : EXECUTING
15:53:03 INFO  State of operation 21145032 : EXECUTING
15:53:05 INFO  State of operation 21145032 : EXECUTING
15:53:08 INFO  State of operation 21145032 : EXECUTING
15:53:11 INFO  State of operation 21145032 : EXECUTING
15:53:13 INFO  State of operation 21145032 : EXECUTING
15:53:16 INFO  State of operation 21145032 : EXECUTING
15:53:18 INFO  State of operation 21145032 : EXECUTING
15:53:20 INFO  State of operation 21145032 : EXECUTING
15:53:22 INFO  State of operation 21145032 : EXECUTING
15:53:25 INFO  State of operation 21145032 : EXECUTING
15:53:27 INFO  State of operation 21145032 : EXECUTING
15:53:29 INFO  State of operation 21145032 : EXECUTING
15:53:32 INFO  State of operation 21145032 : EXECUTING
15:53:34 INFO  State of operation 21145032 : EXECUTING
15:53:37 INFO  State of operation 21145032 : EXECUTING
15:53:39 INFO  State of operation 21145032 : EXECUTING
15:53:42 INFO  State of operation 21145032 : EXECUTING
15:53:44 INFO  State of operation 21145032 : EXECUTING
15:53:46 INFO  State of operation 21145032 : EXECUTING
15:53:48 INFO  State of operation 21145032 : EXECUTING
15:53:51 INFO  State of operation 21145032 : EXECUTING
15:53:53 INFO  State of operation 21145032 : EXECUTING
15:53:55 INFO  State of operation 21145032 : EXECUTING
15:53:57 INFO  State of operation 21145032 : EXECUTING
15:54:00 INFO  State of operation 21145032 : EXECUTING
15:54:02 INFO  State of operation 21145032 : EXECUTING
15:54:04 INFO  State of operation 21145032 : EXECUTING
15:54:06 INFO  State of operation 21145032 : EXECUTING
15:54:09 INFO  State of operation 21145032 : EXECUTING
15:54:11 INFO  State of operation 21145032 : SUCCESSFUL
15:54:11 INFO  Package rolldice is installed
15:54:11 INFO  Assert that (True == value) with value=True ... passed
15:54:11 INFO  Response status: 201
15:54:11 INFO  Response to action: {
    &quot;creationTime&quot;: &quot;2022-07-21T15:54:11.855Z&quot;,
    &quot;deviceId&quot;: &quot;21118604&quot;,
    &quot;deviceName&quot;: &quot;m32sd10c&quot;,
    &quot;self&quot;: &quot;https://t493319102.eu-latest.cumulocity.com/devicecontrol/operations/21145040&quot;,
    &quot;id&quot;: &quot;21145040&quot;,
    &quot;status&quot;: &quot;PENDING&quot;,
    &quot;description&quot;: &quot;Apply software changes, triggered from PySys: [{'name': 'rolldice', 'id': '5152439', 'version': '::apt', 'url': '', 'action': 'delete'}]&quot;,
    &quot;c8y_SoftwareUpdate&quot;: [
        {
            &quot;name&quot;: &quot;rolldice&quot;,
            &quot;action&quot;: &quot;delete&quot;,
            &quot;id&quot;: &quot;5152439&quot;,
            &quot;version&quot;: &quot;::apt&quot;,
            &quot;url&quot;: &quot;&quot;
        }
    ]
}
15:54:11 INFO  Started operation: {'creationTime': '2022-07-21T15:54:11.855Z', 'deviceId': '21118604', 'deviceName': 'm32sd10c', 'self': 'https://t493319102.eu-latest.cumulocity.com/devicecontrol/operations/21145040', 'id': '21145040', 'status': 'PENDING', 'description': &quot;Apply software changes, triggered from PySys: [{'name': 'rolldice', 'id': '5152439', 'version': '::apt', 'url': '', 'action': 'delete'}]&quot;, 'c8y_SoftwareUpdate': [{'name': 'rolldice', 'action': 'delete', 'id': '5152439', 'version': '::apt', 'url': ''}]}
15:54:14 INFO  State of operation 21145040 : PENDING
15:54:16 INFO  State of operation 21145040 : EXECUTING
15:54:18 INFO  State of operation 21145040 : EXECUTING
15:54:20 INFO  State of operation 21145040 : EXECUTING
15:54:23 INFO  State of operation 21145040 : EXECUTING
15:54:25 INFO  State of operation 21145040 : EXECUTING
15:54:28 INFO  State of operation 21145040 : EXECUTING
15:54:30 INFO  State of operation 21145040 : EXECUTING
15:54:33 INFO  State of operation 21145040 : EXECUTING
15:54:35 INFO  State of operation 21145040 : EXECUTING
15:54:37 INFO  State of operation 21145040 : EXECUTING
15:54:39 INFO  State of operation 21145040 : EXECUTING
15:54:42 INFO  State of operation 21145040 : EXECUTING
15:54:44 INFO  State of operation 21145040 : EXECUTING
15:54:46 INFO  State of operation 21145040 : EXECUTING
15:54:49 INFO  State of operation 21145040 : EXECUTING
15:54:51 INFO  State of operation 21145040 : EXECUTING
15:54:54 INFO  State of operation 21145040 : EXECUTING
15:54:56 INFO  State of operation 21145040 : EXECUTING
15:54:58 INFO  State of operation 21145040 : EXECUTING
15:55:01 INFO  State of operation 21145040 : EXECUTING
15:55:03 INFO  State of operation 21145040 : SUCCESSFUL
15:55:03 INFO  Package rolldice is installed
15:55:03 WARN  Assert that (False == value) with value=True ... failed [run.py:51]
15:55:03 INFO  
15:55:03 INFO  cleanup:
15:55:07 INFO  Executed sudo&lt;tedge_disconnect_c8y&gt;, exit status 0
15:55:08 INFO  Executed systemctl&lt;serv_mapper5&gt;, exit status 3
15:55:08 INFO  
15:55:08 INFO  Test duration: 161.99 secs
15:55:08 INFO  Test final outcome:  FAILED
15:55:08 INFO  Test outcome reason: Assert that (False == value) with value=True
15:55:08 INFO  
</system-out>
	</testcase>
</testsuite>
