<?xml version="1.0" encoding="utf-8"?>
<testsuite failures="1" name="SoftwareManagement.sm_mixed_install_remove_multiple" skipped="0" tests="1" time="166.6" timestamp="2022-07-16T18:39:35">
	<testcase classname="PySysTest" name="SoftwareManagement.sm_mixed_install_remove_multiple">
		<failure message="FAILED: Assert that (False == value) with value=True" type="FAILED"/>
		<system-out>18:36:48 INFO  ==============================================================
18:36:48 INFO  Id:    SoftwareManagement.sm_mixed_install_remove_multiple
18:36:48 INFO  Dir:   software_management_end_to_end/
18:36:48 INFO  Title: Validate end to end behaviour for the dummy-plugin for multiple packages with mixed versions
18:36:48 INFO  ==============================================================
18:36:48 INFO  Using sw id database: {'asciijump': '5475369', 'robotfindskitten': '5474869', 'squirrel3': '5475279', 'rolldice': '5152439', 'moon-buggy': '5439204', 'apple': '5495053', 'banana': '5494888', 'cherry': '5495382', 'watermelon': '5494510', 'registry': '8018911', 'hello-world': '8021526', 'docker/getting-started': '8021973', 'alpine': '7991792'}
18:36:48 INFO  EnvironmentC8y Setup
18:36:49 INFO  Executed systemctl&lt;serv_mapper1&gt;, exit status 3
18:36:49 INFO  Restarting mosquitto too frequently in the last 10 seconds. It was only up for 5 seconds
18:36:49 INFO  Delaying execution by 6 seconds
18:37:09 INFO  Executed sudo&lt;tedge_connect_c8y&gt;, exit status 0, duration 13 secs
18:37:10 INFO  Executed sudo&lt;tedge_connect_c8y_test&gt;, exit status 0
18:37:10 INFO  Executed systemctl&lt;serv_mosq2&gt;, exit status 0
18:37:11 INFO  Executed systemctl&lt;serv_mapper3&gt;, exit status 0
18:37:13 INFO  State of current operation: SUCCESSFUL
18:37:13 INFO  Package apple is installed
18:37:13 INFO  Assert that (True == value) with value=True ... passed
18:37:13 INFO  Package banana is installed
18:37:13 INFO  Assert that (True == value) with value=True ... passed
18:37:14 INFO  Package cherry is installed
18:37:14 INFO  Assert that (True == value) with value=True ... passed
18:37:14 INFO  Package asciijump is installed
18:37:14 WARN  Assert that (False == value) with value=True ... failed 
18:37:14 INFO  Assert that (False == value) with value=False ... passed
18:37:14 INFO  Response status: 201
18:37:14 INFO  Response to action: {
    &quot;delivery&quot;: {
        &quot;log&quot;: [],
        &quot;time&quot;: &quot;2022-07-16T18:37:14.740Z&quot;,
        &quot;status&quot;: &quot;PENDING&quot;
    },
    &quot;creationTime&quot;: &quot;2022-07-16T18:37:14.725Z&quot;,
    &quot;deviceName&quot;: &quot;m32sd10c&quot;,
    &quot;deviceId&quot;: &quot;20964972&quot;,
    &quot;self&quot;: &quot;https://t493319102.eu-latest.cumulocity.com/devicecontrol/operations/20974481&quot;,
    &quot;id&quot;: &quot;20974481&quot;,
    &quot;status&quot;: &quot;PENDING&quot;,
    &quot;description&quot;: &quot;Apply software changes, triggered from PySys: [{'action': 'install', 'id': '5495053', 'name': 'apple', 'url': ' ', 'version': '::fruits'}, {'action': 'install', 'id': '5494888', 'name': 'banana', 'url': ' ', 'version': '::fruits'}, {'action': 'install', 'id': '5475369', 'name': 'asciijump', 'url': ' ', 'version': '::apt'}, {'action': 'install', 'id': '5495382', 'name': 'cherry', 'url': ' ', 'version': '::fruits'}, {'action': 'install', 'id': '8018911', 'name': 'registry', 'url': ' ', 'version': '::docker'}]&quot;,
    &quot;c8y_SoftwareUpdate&quot;: [
        {
            &quot;name&quot;: &quot;apple&quot;,
            &quot;action&quot;: &quot;install&quot;,
            &quot;id&quot;: &quot;5495053&quot;,
            &quot;version&quot;: &quot;::fruits&quot;,
            &quot;url&quot;: &quot; &quot;
        },
        {
            &quot;name&quot;: &quot;banana&quot;,
            &quot;action&quot;: &quot;install&quot;,
            &quot;id&quot;: &quot;5494888&quot;,
            &quot;version&quot;: &quot;::fruits&quot;,
            &quot;url&quot;: &quot; &quot;
        },
        {
            &quot;name&quot;: &quot;asciijump&quot;,
            &quot;action&quot;: &quot;install&quot;,
            &quot;id&quot;: &quot;5475369&quot;,
            &quot;version&quot;: &quot;::apt&quot;,
            &quot;url&quot;: &quot; &quot;
        },
        {
            &quot;name&quot;: &quot;cherry&quot;,
            &quot;action&quot;: &quot;install&quot;,
            &quot;id&quot;: &quot;5495382&quot;,
            &quot;version&quot;: &quot;::fruits&quot;,
            &quot;url&quot;: &quot; &quot;
        },
        {
            &quot;name&quot;: &quot;registry&quot;,
            &quot;action&quot;: &quot;install&quot;,
            &quot;id&quot;: &quot;8018911&quot;,
            &quot;version&quot;: &quot;::docker&quot;,
            &quot;url&quot;: &quot; &quot;
        }
    ]
}
18:37:14 INFO  Started operation: {'delivery': {'log': [], 'time': '2022-07-16T18:37:14.740Z', 'status': 'PENDING'}, 'creationTime': '2022-07-16T18:37:14.725Z', 'deviceName': 'm32sd10c', 'deviceId': '20964972', 'self': 'https://t493319102.eu-latest.cumulocity.com/devicecontrol/operations/20974481', 'id': '20974481', 'status': 'PENDING', 'description': &quot;Apply software changes, triggered from PySys: [{'action': 'install', 'id': '5495053', 'name': 'apple', 'url': ' ', 'version': '::fruits'}, {'action': 'install', 'id': '5494888', 'name': 'banana', 'url': ' ', 'version': '::fruits'}, {'action': 'install', 'id': '5475369', 'name': 'asciijump', 'url': ' ', 'version': '::apt'}, {'action': 'install', 'id': '5495382', 'name': 'cherry', 'url': ' ', 'version': '::fruits'}, {'action': 'install', 'id': '8018911', 'name': 'registry', 'url': ' ', 'version': '::docker'}]&quot;, 'c8y_SoftwareUpdate': [{'name': 'apple', 'action': 'install', 'id': '5495053', 'version': '::fruits', 'url': ' '}, {'name': 'banana', 'action': 'install', 'id': '5494888', 'version': '::fruits', 'url': ' '}, {'name': 'asciijump', 'action': 'install', 'id': '5475369', 'version': '::apt', 'url': ' '}, {'name': 'cherry', 'action': 'install', 'id': '5495382', 'version': '::fruits', 'url': ' '}, {'name': 'registry', 'action': 'install', 'id': '8018911', 'version': '::docker', 'url': ' '}]}
18:37:16 INFO  State of operation 20974481 : PENDING
18:37:19 INFO  State of operation 20974481 : EXECUTING
18:37:21 INFO  State of operation 20974481 : EXECUTING
18:37:23 INFO  State of operation 20974481 : EXECUTING
18:37:25 INFO  State of operation 20974481 : EXECUTING
18:37:28 INFO  State of operation 20974481 : EXECUTING
18:37:30 INFO  State of operation 20974481 : EXECUTING
18:37:33 INFO  State of operation 20974481 : EXECUTING
18:37:36 INFO  State of operation 20974481 : EXECUTING
18:37:38 INFO  State of operation 20974481 : EXECUTING
18:37:40 INFO  State of operation 20974481 : EXECUTING
18:37:43 INFO  State of operation 20974481 : EXECUTING
18:37:45 INFO  State of operation 20974481 : EXECUTING
18:37:47 INFO  State of operation 20974481 : EXECUTING
18:37:49 INFO  State of operation 20974481 : EXECUTING
18:37:52 INFO  State of operation 20974481 : EXECUTING
18:37:54 INFO  State of operation 20974481 : EXECUTING
18:37:57 INFO  State of operation 20974481 : EXECUTING
18:37:59 INFO  State of operation 20974481 : EXECUTING
18:38:01 INFO  State of operation 20974481 : EXECUTING
18:38:03 INFO  State of operation 20974481 : EXECUTING
18:38:06 INFO  State of operation 20974481 : EXECUTING
18:38:08 INFO  State of operation 20974481 : EXECUTING
18:38:10 INFO  State of operation 20974481 : EXECUTING
18:38:12 INFO  State of operation 20974481 : EXECUTING
18:38:15 INFO  State of operation 20974481 : EXECUTING
18:38:17 INFO  State of operation 20974481 : SUCCESSFUL
18:38:17 INFO  Package apple is installed
18:38:17 INFO  Assert that (True == value) with value=True ... passed
18:38:17 INFO  Package banana is installed
18:38:17 INFO  Assert that (True == value) with value=True ... passed
18:38:18 INFO  Package cherry is installed
18:38:18 INFO  Assert that (True == value) with value=True ... passed
18:38:18 INFO  Package asciijump is installed
18:38:18 INFO  Assert that (True == value) with value=True ... passed
18:38:18 INFO  Package registry is installed
18:38:18 INFO  Assert that (True == value) with value=True ... passed
18:38:18 INFO  Response status: 201
18:38:18 INFO  Response to action: {
    &quot;delivery&quot;: {
        &quot;log&quot;: [],
        &quot;time&quot;: &quot;2022-07-16T18:38:18.775Z&quot;,
        &quot;status&quot;: &quot;PENDING&quot;
    },
    &quot;creationTime&quot;: &quot;2022-07-16T18:38:18.759Z&quot;,
    &quot;deviceName&quot;: &quot;m32sd10c&quot;,
    &quot;deviceId&quot;: &quot;20964972&quot;,
    &quot;self&quot;: &quot;https://t493319102.eu-latest.cumulocity.com/devicecontrol/operations/20974493&quot;,
    &quot;id&quot;: &quot;20974493&quot;,
    &quot;status&quot;: &quot;PENDING&quot;,
    &quot;description&quot;: &quot;Apply software changes, triggered from PySys: [{'action': 'delete', 'id': '5495053', 'name': 'apple', 'url': ' ', 'version': '::fruits'}, {'action': 'delete', 'id': '5494888', 'name': 'banana', 'url': ' ', 'version': '::fruits'}, {'action': 'delete', 'id': '5475369', 'name': 'asciijump', 'url': ' ', 'version': '::apt'}, {'action': 'delete', 'id': '5495382', 'name': 'cherry', 'url': ' ', 'version': '::fruits'}, {'action': 'delete', 'id': '8018911', 'name': 'registry', 'url': ' ', 'version': '::docker'}]&quot;,
    &quot;c8y_SoftwareUpdate&quot;: [
        {
            &quot;name&quot;: &quot;apple&quot;,
            &quot;action&quot;: &quot;delete&quot;,
            &quot;id&quot;: &quot;5495053&quot;,
            &quot;version&quot;: &quot;::fruits&quot;,
            &quot;url&quot;: &quot; &quot;
        },
        {
            &quot;name&quot;: &quot;banana&quot;,
            &quot;action&quot;: &quot;delete&quot;,
            &quot;id&quot;: &quot;5494888&quot;,
            &quot;version&quot;: &quot;::fruits&quot;,
            &quot;url&quot;: &quot; &quot;
        },
        {
            &quot;name&quot;: &quot;asciijump&quot;,
            &quot;action&quot;: &quot;delete&quot;,
            &quot;id&quot;: &quot;5475369&quot;,
            &quot;version&quot;: &quot;::apt&quot;,
            &quot;url&quot;: &quot; &quot;
        },
        {
            &quot;name&quot;: &quot;cherry&quot;,
            &quot;action&quot;: &quot;delete&quot;,
            &quot;id&quot;: &quot;5495382&quot;,
            &quot;version&quot;: &quot;::fruits&quot;,
            &quot;url&quot;: &quot; &quot;
        },
        {
            &quot;name&quot;: &quot;registry&quot;,
            &quot;action&quot;: &quot;delete&quot;,
            &quot;id&quot;: &quot;8018911&quot;,
            &quot;version&quot;: &quot;::docker&quot;,
            &quot;url&quot;: &quot; &quot;
        }
    ]
}
18:38:18 INFO  Started operation: {'delivery': {'log': [], 'time': '2022-07-16T18:38:18.775Z', 'status': 'PENDING'}, 'creationTime': '2022-07-16T18:38:18.759Z', 'deviceName': 'm32sd10c', 'deviceId': '20964972', 'self': 'https://t493319102.eu-latest.cumulocity.com/devicecontrol/operations/20974493', 'id': '20974493', 'status': 'PENDING', 'description': &quot;Apply software changes, triggered from PySys: [{'action': 'delete', 'id': '5495053', 'name': 'apple', 'url': ' ', 'version': '::fruits'}, {'action': 'delete', 'id': '5494888', 'name': 'banana', 'url': ' ', 'version': '::fruits'}, {'action': 'delete', 'id': '5475369', 'name': 'asciijump', 'url': ' ', 'version': '::apt'}, {'action': 'delete', 'id': '5495382', 'name': 'cherry', 'url': ' ', 'version': '::fruits'}, {'action': 'delete', 'id': '8018911', 'name': 'registry', 'url': ' ', 'version': '::docker'}]&quot;, 'c8y_SoftwareUpdate': [{'name': 'apple', 'action': 'delete', 'id': '5495053', 'version': '::fruits', 'url': ' '}, {'name': 'banana', 'action': 'delete', 'id': '5494888', 'version': '::fruits', 'url': ' '}, {'name': 'asciijump', 'action': 'delete', 'id': '5475369', 'version': '::apt', 'url': ' '}, {'name': 'cherry', 'action': 'delete', 'id': '5495382', 'version': '::fruits', 'url': ' '}, {'name': 'registry', 'action': 'delete', 'id': '8018911', 'version': '::docker', 'url': ' '}]}
18:38:21 INFO  State of operation 20974493 : PENDING
18:38:23 INFO  State of operation 20974493 : EXECUTING
18:38:25 INFO  State of operation 20974493 : EXECUTING
18:38:27 INFO  State of operation 20974493 : EXECUTING
18:38:29 INFO  State of operation 20974493 : EXECUTING
18:38:32 INFO  State of operation 20974493 : EXECUTING
18:38:35 INFO  State of operation 20974493 : EXECUTING
18:38:37 INFO  State of operation 20974493 : EXECUTING
18:38:40 INFO  State of operation 20974493 : EXECUTING
18:38:42 INFO  State of operation 20974493 : EXECUTING
18:38:44 INFO  State of operation 20974493 : EXECUTING
18:38:46 INFO  State of operation 20974493 : EXECUTING
18:38:49 INFO  State of operation 20974493 : EXECUTING
18:38:51 INFO  State of operation 20974493 : EXECUTING
18:38:53 INFO  State of operation 20974493 : EXECUTING
18:38:55 INFO  State of operation 20974493 : EXECUTING
18:38:59 INFO  State of operation 20974493 : EXECUTING
18:39:01 INFO  State of operation 20974493 : EXECUTING
18:39:04 INFO  State of operation 20974493 : EXECUTING
18:39:06 INFO  State of operation 20974493 : EXECUTING
18:39:08 INFO  State of operation 20974493 : EXECUTING
18:39:10 INFO  State of operation 20974493 : EXECUTING
18:39:13 INFO  State of operation 20974493 : EXECUTING
18:39:15 INFO  State of operation 20974493 : EXECUTING
18:39:18 INFO  State of operation 20974493 : EXECUTING
18:39:20 INFO  State of operation 20974493 : EXECUTING
18:39:22 INFO  State of operation 20974493 : EXECUTING
18:39:25 INFO  State of operation 20974493 : EXECUTING
18:39:27 INFO  State of operation 20974493 : EXECUTING
18:39:29 INFO  State of operation 20974493 : SUCCESSFUL
18:39:29 INFO  Package apple is installed
18:39:29 INFO  Assert that (True == value) with value=True ... passed
18:39:30 INFO  Package banana is installed
18:39:30 INFO  Assert that (True == value) with value=True ... passed
18:39:30 INFO  Package cherry is installed
18:39:30 INFO  Assert that (True == value) with value=True ... passed
18:39:30 INFO  Assert that (False == value) with value=False ... passed
18:39:30 INFO  Assert that (False == value) with value=False ... passed
18:39:30 INFO  
18:39:30 INFO  cleanup:
18:39:34 INFO  Executed sudo&lt;tedge_disconnect_c8y&gt;, exit status 0
18:39:35 INFO  Executed systemctl&lt;serv_mapper5&gt;, exit status 3
18:39:35 INFO  
18:39:35 INFO  Test duration: 166.60 secs
18:39:35 INFO  Test final outcome:  FAILED
18:39:35 INFO  Test outcome reason: Assert that (False == value) with value=True
18:39:35 INFO  
</system-out>
	</testcase>
</testsuite>
