<?xml version="1.0" encoding="utf-8"?>
<testsuite failures="1" name="SoftwareManagement.sm_mixed_install_remove_multiple" skipped="0" tests="1" time="169.56" timestamp="2022-07-27T10:39:49">
	<testcase classname="PySysTest" name="SoftwareManagement.sm_mixed_install_remove_multiple">
		<failure message="FAILED: Assert that (False == value) with value=True" type="FAILED"/>
		<system-out>10:37:00 INFO  ==============================================================
10:37:00 INFO  Id:    SoftwareManagement.sm_mixed_install_remove_multiple
10:37:00 INFO  Dir:   software_management_end_to_end/
10:37:00 INFO  Title: Validate end to end behaviour for the dummy-plugin for multiple packages with mixed versions
10:37:00 INFO  ==============================================================
10:37:00 INFO  Using sw id database: {'asciijump': '5475369', 'robotfindskitten': '5474869', 'squirrel3': '5475279', 'rolldice': '5152439', 'moon-buggy': '5439204', 'apple': '5495053', 'banana': '5494888', 'cherry': '5495382', 'watermelon': '5494510', 'registry': '8018911', 'hello-world': '8021526', 'docker/getting-started': '8021973', 'alpine': '7991792'}
10:37:00 INFO  EnvironmentC8y Setup
10:37:00 INFO  Executed systemctl&lt;serv_mapper1&gt;, exit status 3
10:37:00 INFO  Restarting mosquitto too frequently in the last 10 seconds. It was only up for 4 seconds
10:37:00 INFO  Delaying execution by 7 seconds
10:37:22 INFO  Executed sudo&lt;tedge_connect_c8y&gt;, exit status 0, duration 14 secs
10:37:22 INFO  Executed sudo&lt;tedge_connect_c8y_test&gt;, exit status 0
10:37:23 INFO  Executed systemctl&lt;serv_mosq2&gt;, exit status 0
10:37:23 INFO  Executed systemctl&lt;serv_mapper3&gt;, exit status 0
10:37:26 INFO  State of current operation: SUCCESSFUL
10:37:26 INFO  Package apple is installed
10:37:26 INFO  Assert that (True == value) with value=True ... passed
10:37:26 INFO  Package banana is installed
10:37:26 INFO  Assert that (True == value) with value=True ... passed
10:37:26 INFO  Package cherry is installed
10:37:26 INFO  Assert that (True == value) with value=True ... passed
10:37:27 INFO  Package asciijump is installed
10:37:27 WARN  Assert that (False == value) with value=True ... failed 
10:37:27 INFO  Assert that (False == value) with value=False ... passed
10:37:27 INFO  Response status: 201
10:37:27 INFO  Response to action: {
    &quot;creationTime&quot;: &quot;2022-07-27T10:37:27.585Z&quot;,
    &quot;deviceId&quot;: &quot;21445683&quot;,
    &quot;deviceName&quot;: &quot;m32sd10c&quot;,
    &quot;self&quot;: &quot;https://t493319102.eu-latest.cumulocity.com/devicecontrol/operations/21474540&quot;,
    &quot;id&quot;: &quot;21474540&quot;,
    &quot;status&quot;: &quot;PENDING&quot;,
    &quot;description&quot;: &quot;Apply software changes, triggered from PySys: [{'action': 'install', 'id': '5495053', 'name': 'apple', 'url': ' ', 'version': '::fruits'}, {'action': 'install', 'id': '5494888', 'name': 'banana', 'url': ' ', 'version': '::fruits'}, {'action': 'install', 'id': '5475369', 'name': 'asciijump', 'url': ' ', 'version': '::apt'}, {'action': 'install', 'id': '5495382', 'name': 'cherry', 'url': ' ', 'version': '::fruits'}, {'action': 'install', 'id': '8018911', 'name': 'registry', 'url': ' ', 'version': '::docker'}]&quot;,
    &quot;c8y_SoftwareUpdate&quot;: [
        {
            &quot;name&quot;: &quot;apple&quot;,
            &quot;action&quot;: &quot;install&quot;,
            &quot;id&quot;: &quot;5495053&quot;,
            &quot;version&quot;: &quot;::fruits&quot;,
            &quot;url&quot;: &quot; &quot;
        },
        {
            &quot;name&quot;: &quot;banana&quot;,
            &quot;action&quot;: &quot;install&quot;,
            &quot;id&quot;: &quot;5494888&quot;,
            &quot;version&quot;: &quot;::fruits&quot;,
            &quot;url&quot;: &quot; &quot;
        },
        {
            &quot;name&quot;: &quot;asciijump&quot;,
            &quot;action&quot;: &quot;install&quot;,
            &quot;id&quot;: &quot;5475369&quot;,
            &quot;version&quot;: &quot;::apt&quot;,
            &quot;url&quot;: &quot; &quot;
        },
        {
            &quot;name&quot;: &quot;cherry&quot;,
            &quot;action&quot;: &quot;install&quot;,
            &quot;id&quot;: &quot;5495382&quot;,
            &quot;version&quot;: &quot;::fruits&quot;,
            &quot;url&quot;: &quot; &quot;
        },
        {
            &quot;name&quot;: &quot;registry&quot;,
            &quot;action&quot;: &quot;install&quot;,
            &quot;id&quot;: &quot;8018911&quot;,
            &quot;version&quot;: &quot;::docker&quot;,
            &quot;url&quot;: &quot; &quot;
        }
    ]
}
10:37:27 INFO  Started operation: {'creationTime': '2022-07-27T10:37:27.585Z', 'deviceId': '21445683', 'deviceName': 'm32sd10c', 'self': 'https://t493319102.eu-latest.cumulocity.com/devicecontrol/operations/21474540', 'id': '21474540', 'status': 'PENDING', 'description': &quot;Apply software changes, triggered from PySys: [{'action': 'install', 'id': '5495053', 'name': 'apple', 'url': ' ', 'version': '::fruits'}, {'action': 'install', 'id': '5494888', 'name': 'banana', 'url': ' ', 'version': '::fruits'}, {'action': 'install', 'id': '5475369', 'name': 'asciijump', 'url': ' ', 'version': '::apt'}, {'action': 'install', 'id': '5495382', 'name': 'cherry', 'url': ' ', 'version': '::fruits'}, {'action': 'install', 'id': '8018911', 'name': 'registry', 'url': ' ', 'version': '::docker'}]&quot;, 'c8y_SoftwareUpdate': [{'name': 'apple', 'action': 'install', 'id': '5495053', 'version': '::fruits', 'url': ' '}, {'name': 'banana', 'action': 'install', 'id': '5494888', 'version': '::fruits', 'url': ' '}, {'name': 'asciijump', 'action': 'install', 'id': '5475369', 'version': '::apt', 'url': ' '}, {'name': 'cherry', 'action': 'install', 'id': '5495382', 'version': '::fruits', 'url': ' '}, {'name': 'registry', 'action': 'install', 'id': '8018911', 'version': '::docker', 'url': ' '}]}
10:37:30 INFO  State of operation 21474540 : PENDING
10:37:32 INFO  State of operation 21474540 : EXECUTING
10:37:34 INFO  State of operation 21474540 : EXECUTING
10:37:36 INFO  State of operation 21474540 : EXECUTING
10:37:38 INFO  State of operation 21474540 : EXECUTING
10:37:41 INFO  State of operation 21474540 : EXECUTING
10:37:43 INFO  State of operation 21474540 : EXECUTING
10:37:46 INFO  State of operation 21474540 : EXECUTING
10:37:48 INFO  State of operation 21474540 : EXECUTING
10:37:51 INFO  State of operation 21474540 : EXECUTING
10:37:53 INFO  State of operation 21474540 : EXECUTING
10:37:55 INFO  State of operation 21474540 : EXECUTING
10:37:58 INFO  State of operation 21474540 : EXECUTING
10:38:00 INFO  State of operation 21474540 : EXECUTING
10:38:02 INFO  State of operation 21474540 : EXECUTING
10:38:04 INFO  State of operation 21474540 : EXECUTING
10:38:07 INFO  State of operation 21474540 : EXECUTING
10:38:09 INFO  State of operation 21474540 : EXECUTING
10:38:11 INFO  State of operation 21474540 : EXECUTING
10:38:13 INFO  State of operation 21474540 : EXECUTING
10:38:16 INFO  State of operation 21474540 : EXECUTING
10:38:18 INFO  State of operation 21474540 : EXECUTING
10:38:21 INFO  State of operation 21474540 : EXECUTING
10:38:23 INFO  State of operation 21474540 : EXECUTING
10:38:25 INFO  State of operation 21474540 : EXECUTING
10:38:27 INFO  State of operation 21474540 : EXECUTING
10:38:30 INFO  State of operation 21474540 : SUCCESSFUL
10:38:30 INFO  Package apple is installed
10:38:30 INFO  Assert that (True == value) with value=True ... passed
10:38:30 INFO  Package banana is installed
10:38:30 INFO  Assert that (True == value) with value=True ... passed
10:38:30 INFO  Package cherry is installed
10:38:30 INFO  Assert that (True == value) with value=True ... passed
10:38:30 INFO  Package asciijump is installed
10:38:30 INFO  Assert that (True == value) with value=True ... passed
10:38:31 INFO  Package registry is installed
10:38:31 INFO  Assert that (True == value) with value=True ... passed
10:38:31 INFO  Response status: 201
10:38:31 INFO  Response to action: {
    &quot;creationTime&quot;: &quot;2022-07-27T10:38:31.375Z&quot;,
    &quot;deviceId&quot;: &quot;21445683&quot;,
    &quot;deviceName&quot;: &quot;m32sd10c&quot;,
    &quot;self&quot;: &quot;https://t493319102.eu-latest.cumulocity.com/devicecontrol/operations/21474552&quot;,
    &quot;id&quot;: &quot;21474552&quot;,
    &quot;status&quot;: &quot;PENDING&quot;,
    &quot;description&quot;: &quot;Apply software changes, triggered from PySys: [{'action': 'delete', 'id': '5495053', 'name': 'apple', 'url': ' ', 'version': '::fruits'}, {'action': 'delete', 'id': '5494888', 'name': 'banana', 'url': ' ', 'version': '::fruits'}, {'action': 'delete', 'id': '5475369', 'name': 'asciijump', 'url': ' ', 'version': '::apt'}, {'action': 'delete', 'id': '5495382', 'name': 'cherry', 'url': ' ', 'version': '::fruits'}, {'action': 'delete', 'id': '8018911', 'name': 'registry', 'url': ' ', 'version': '::docker'}]&quot;,
    &quot;c8y_SoftwareUpdate&quot;: [
        {
            &quot;name&quot;: &quot;apple&quot;,
            &quot;action&quot;: &quot;delete&quot;,
            &quot;id&quot;: &quot;5495053&quot;,
            &quot;version&quot;: &quot;::fruits&quot;,
            &quot;url&quot;: &quot; &quot;
        },
        {
            &quot;name&quot;: &quot;banana&quot;,
            &quot;action&quot;: &quot;delete&quot;,
            &quot;id&quot;: &quot;5494888&quot;,
            &quot;version&quot;: &quot;::fruits&quot;,
            &quot;url&quot;: &quot; &quot;
        },
        {
            &quot;name&quot;: &quot;asciijump&quot;,
            &quot;action&quot;: &quot;delete&quot;,
            &quot;id&quot;: &quot;5475369&quot;,
            &quot;version&quot;: &quot;::apt&quot;,
            &quot;url&quot;: &quot; &quot;
        },
        {
            &quot;name&quot;: &quot;cherry&quot;,
            &quot;action&quot;: &quot;delete&quot;,
            &quot;id&quot;: &quot;5495382&quot;,
            &quot;version&quot;: &quot;::fruits&quot;,
            &quot;url&quot;: &quot; &quot;
        },
        {
            &quot;name&quot;: &quot;registry&quot;,
            &quot;action&quot;: &quot;delete&quot;,
            &quot;id&quot;: &quot;8018911&quot;,
            &quot;version&quot;: &quot;::docker&quot;,
            &quot;url&quot;: &quot; &quot;
        }
    ]
}
10:38:31 INFO  Started operation: {'creationTime': '2022-07-27T10:38:31.375Z', 'deviceId': '21445683', 'deviceName': 'm32sd10c', 'self': 'https://t493319102.eu-latest.cumulocity.com/devicecontrol/operations/21474552', 'id': '21474552', 'status': 'PENDING', 'description': &quot;Apply software changes, triggered from PySys: [{'action': 'delete', 'id': '5495053', 'name': 'apple', 'url': ' ', 'version': '::fruits'}, {'action': 'delete', 'id': '5494888', 'name': 'banana', 'url': ' ', 'version': '::fruits'}, {'action': 'delete', 'id': '5475369', 'name': 'asciijump', 'url': ' ', 'version': '::apt'}, {'action': 'delete', 'id': '5495382', 'name': 'cherry', 'url': ' ', 'version': '::fruits'}, {'action': 'delete', 'id': '8018911', 'name': 'registry', 'url': ' ', 'version': '::docker'}]&quot;, 'c8y_SoftwareUpdate': [{'name': 'apple', 'action': 'delete', 'id': '5495053', 'version': '::fruits', 'url': ' '}, {'name': 'banana', 'action': 'delete', 'id': '5494888', 'version': '::fruits', 'url': ' '}, {'name': 'asciijump', 'action': 'delete', 'id': '5475369', 'version': '::apt', 'url': ' '}, {'name': 'cherry', 'action': 'delete', 'id': '5495382', 'version': '::fruits', 'url': ' '}, {'name': 'registry', 'action': 'delete', 'id': '8018911', 'version': '::docker', 'url': ' '}]}
10:38:33 INFO  State of operation 21474552 : PENDING
10:38:35 INFO  State of operation 21474552 : EXECUTING
10:38:38 INFO  State of operation 21474552 : EXECUTING
10:38:40 INFO  State of operation 21474552 : EXECUTING
10:38:42 INFO  State of operation 21474552 : EXECUTING
10:38:45 INFO  State of operation 21474552 : EXECUTING
10:38:47 INFO  State of operation 21474552 : EXECUTING
10:38:50 INFO  State of operation 21474552 : EXECUTING
10:38:52 INFO  State of operation 21474552 : EXECUTING
10:38:55 INFO  State of operation 21474552 : EXECUTING
10:38:57 INFO  State of operation 21474552 : EXECUTING
10:38:59 INFO  State of operation 21474552 : EXECUTING
10:39:01 INFO  State of operation 21474552 : EXECUTING
10:39:04 INFO  State of operation 21474552 : EXECUTING
10:39:06 INFO  State of operation 21474552 : EXECUTING
10:39:08 INFO  State of operation 21474552 : EXECUTING
10:39:12 INFO  State of operation 21474552 : EXECUTING
10:39:15 INFO  State of operation 21474552 : EXECUTING
10:39:18 INFO  State of operation 21474552 : EXECUTING
10:39:20 INFO  State of operation 21474552 : EXECUTING
10:39:22 INFO  State of operation 21474552 : EXECUTING
10:39:24 INFO  State of operation 21474552 : EXECUTING
10:39:27 INFO  State of operation 21474552 : EXECUTING
10:39:29 INFO  State of operation 21474552 : EXECUTING
10:39:32 INFO  State of operation 21474552 : EXECUTING
10:39:34 INFO  State of operation 21474552 : EXECUTING
10:39:36 INFO  State of operation 21474552 : EXECUTING
10:39:38 INFO  State of operation 21474552 : EXECUTING
10:39:41 INFO  State of operation 21474552 : EXECUTING
10:39:43 INFO  State of operation 21474552 : SUCCESSFUL
10:39:43 INFO  Package apple is installed
10:39:43 INFO  Assert that (True == value) with value=True ... passed
10:39:44 INFO  Package banana is installed
10:39:44 INFO  Assert that (True == value) with value=True ... passed
10:39:44 INFO  Package cherry is installed
10:39:44 INFO  Assert that (True == value) with value=True ... passed
10:39:44 INFO  Assert that (False == value) with value=False ... passed
10:39:44 INFO  Assert that (False == value) with value=False ... passed
10:39:44 INFO  
10:39:44 INFO  cleanup:
10:39:49 INFO  Executed sudo&lt;tedge_disconnect_c8y&gt;, exit status 0
10:39:49 INFO  Executed systemctl&lt;serv_mapper5&gt;, exit status 3
10:39:49 INFO  
10:39:49 INFO  Test duration: 169.56 secs
10:39:49 INFO  Test final outcome:  FAILED
10:39:49 INFO  Test outcome reason: Assert that (False == value) with value=True
10:39:49 INFO  
</system-out>
	</testcase>
</testsuite>
