<?xml version="1.0" encoding="utf-8"?>
<testsuite failures="0" name="SoftwareManagement.sm_mapper_fail_and_reconnect" skipped="1" tests="1" time="0.07" timestamp="2022-06-22T15:14:17">
	<testcase classname="MapperC8yReceiveLastMessageOnRestart" name="SoftwareManagement.sm_mapper_fail_and_reconnect">
		<skipped message="SKIPPED: instable https://github.com/thin-edge/thin-edge.io/issues/752"/>
		<system-out>15:14:17 INFO  ==============================================================
15:14:17 INFO  Id:    SoftwareManagement.sm_mapper_fail_and_reconnect
15:14:17 INFO  Dir:   software_management_end_to_end/
15:14:17 INFO  Title: Validate the tedge-mapper-sm-c8y for receiving the last message on restart
15:14:17 INFO  ==============================================================
15:14:17 INFO  instable https://github.com/thin-edge/thin-edge.io/issues/752 ... skipped
15:14:17 INFO  
15:14:17 INFO  Test duration: 0.07 secs
15:14:17 INFO  Test final outcome:  SKIPPED
15:14:17 INFO  Test outcome reason: instable https://github.com/thin-edge/thin-edge.io/issues/752
15:14:17 INFO  
</system-out>
	</testcase>
</testsuite>
