<?xml version="1.0" encoding="utf-8"?>
<testsuite failures="1" name="SoftwareManagement.sm_apt_install_remove_with_version" skipped="0" tests="1" time="165.96" timestamp="2022-05-25T14:05:18">
	<testcase classname="PySysTest" name="SoftwareManagement.sm_apt_install_remove_with_version">
		<failure message="BLOCKED: SystemError: Timeout while waiting for status FAILED or SUCCESSFUL" type="BLOCKED"/>
		<system-out>14:02:32 INFO  ==============================================================
14:02:32 INFO  Id:    SoftwareManagement.sm_apt_install_remove_with_version
14:02:32 INFO  Dir:   software_management_end_to_end/
14:02:32 INFO  Title: Validate end to end behaviour for the apt plugin for packages with version
14:02:32 INFO  ==============================================================
14:02:32 INFO  Using sw id database: {'asciijump': '5475369', 'robotfindskitten': '5474869', 'squirrel3': '5475279', 'rolldice': '5152439', 'moon-buggy': '5439204', 'apple': '5495053', 'banana': '5494888', 'cherry': '5495382', 'watermelon': '5494510', 'registry': '8018911', 'hello-world': '8021526', 'docker/getting-started': '8021973', 'alpine': '7991792'}
14:02:32 INFO  EnvironmentC8y Setup
14:02:33 INFO  Executed systemctl&lt;serv_mapper1&gt;, exit status 3
14:02:33 INFO  Restarting mosquitto too frequently in the last 10 seconds. It was only up for 5 seconds
14:02:33 INFO  Delaying execution by 6 seconds
14:02:53 INFO  Executed sudo&lt;tedge_connect_c8y&gt;, exit status 0, duration 14 secs
14:02:53 INFO  Executed sudo&lt;tedge_connect_c8y_test&gt;, exit status 0
14:02:54 INFO  Executed systemctl&lt;serv_mosq2&gt;, exit status 0
14:02:54 INFO  Executed systemctl&lt;serv_mapper3&gt;, exit status 0
14:02:57 INFO  State of current operation: PENDING
14:02:59 INFO  State of current operation: PENDING
14:03:01 INFO  State of current operation: PENDING
14:03:03 INFO  State of current operation: PENDING
14:03:06 INFO  State of current operation: PENDING
14:03:08 INFO  State of current operation: PENDING
14:03:10 INFO  State of current operation: PENDING
14:03:12 INFO  State of current operation: PENDING
14:03:14 INFO  State of current operation: PENDING
14:03:17 INFO  State of current operation: PENDING
14:03:19 INFO  State of current operation: PENDING
14:03:21 INFO  State of current operation: PENDING
14:03:23 INFO  State of current operation: PENDING
14:03:26 INFO  State of current operation: PENDING
14:03:28 INFO  State of current operation: PENDING
14:03:30 INFO  State of current operation: PENDING
14:03:32 INFO  State of current operation: PENDING
14:03:35 INFO  State of current operation: PENDING
14:03:37 INFO  State of current operation: PENDING
14:03:39 INFO  State of current operation: PENDING
14:03:41 INFO  State of current operation: PENDING
14:03:44 INFO  State of current operation: PENDING
14:03:46 INFO  State of current operation: PENDING
14:03:48 INFO  State of current operation: PENDING
14:03:50 INFO  State of current operation: PENDING
14:03:53 INFO  State of current operation: PENDING
14:03:55 INFO  State of current operation: PENDING
14:03:57 INFO  State of current operation: PENDING
14:03:59 INFO  State of current operation: PENDING
14:04:01 INFO  State of current operation: PENDING
14:04:04 INFO  State of current operation: PENDING
14:04:06 INFO  State of current operation: PENDING
14:04:08 INFO  State of current operation: PENDING
14:04:10 INFO  State of current operation: PENDING
14:04:13 INFO  State of current operation: PENDING
14:04:15 INFO  State of current operation: PENDING
14:04:17 INFO  State of current operation: PENDING
14:04:20 INFO  State of current operation: PENDING
14:04:22 INFO  State of current operation: PENDING
14:04:24 INFO  State of current operation: PENDING
14:04:26 INFO  State of current operation: PENDING
14:04:29 INFO  State of current operation: PENDING
14:04:31 INFO  State of current operation: PENDING
14:04:33 INFO  State of current operation: PENDING
14:04:35 INFO  State of current operation: PENDING
14:04:38 INFO  State of current operation: PENDING
14:04:40 INFO  State of current operation: PENDING
14:04:42 INFO  State of current operation: PENDING
14:04:44 INFO  State of current operation: PENDING
14:04:47 INFO  State of current operation: PENDING
14:04:49 INFO  State of current operation: PENDING
14:04:51 INFO  State of current operation: PENDING
14:04:53 INFO  State of current operation: PENDING
14:04:56 INFO  State of current operation: PENDING
14:04:58 INFO  State of current operation: PENDING
14:05:00 INFO  State of current operation: PENDING
14:05:02 INFO  State of current operation: PENDING
14:05:05 INFO  State of current operation: PENDING
14:05:07 INFO  State of current operation: PENDING
14:05:09 INFO  State of current operation: PENDING
14:05:11 INFO  State of current operation: PENDING
14:05:13 WARN  SystemError occurred while running test - Timeout while waiting for status FAILED or SUCCESSFUL
Traceback (most recent call last):
  File &quot;/home/pi/env-pysys/lib/python3.7/site-packages/pysys/baserunner.py&quot;, line 1292, in __call__
    self.testObj.setup()
  File &quot;/home/pi/actions-runner/_work/thin-edge.io/thin-edge.io/tests/PySys/software_management_end_to_end/sm_apt_install_remove_with_version/run.py&quot;, line 27, in setup
    super().setup()
  File &quot;/home/pi/actions-runner/_work/thin-edge.io/thin-edge.io/tests/PySys/software_management_end_to_end/environment_sm_management.py&quot;, line 151, in setup
    self.wait_until_end()
  File &quot;/home/pi/actions-runner/_work/thin-edge.io/thin-edge.io/tests/PySys/software_management_end_to_end/environment_sm_management.py&quot;, line 332, in wait_until_end
    self.wait_until_status(&quot;FAILED&quot;, &quot;SUCCESSFUL&quot;)
  File &quot;/home/pi/actions-runner/_work/thin-edge.io/thin-edge.io/tests/PySys/software_management_end_to_end/environment_sm_management.py&quot;, line 381, in wait_until_status
    &quot;Timeout while waiting for status %s or %s&quot; % (status, status2)
SystemError: Timeout while waiting for status FAILED or SUCCESSFUL
14:05:13 WARN  SystemError: Timeout while waiting for status FAILED or SUCCESSFUL ... blocked 
14:05:13 INFO  
14:05:13 INFO  cleanup:
14:05:17 INFO  Executed sudo&lt;tedge_disconnect_c8y&gt;, exit status 0
14:05:18 INFO  Executed systemctl&lt;serv_mapper5&gt;, exit status 3
14:05:18 INFO  
14:05:18 INFO  Test duration: 165.96 secs
14:05:18 INFO  Test final outcome:  BLOCKED
14:05:18 INFO  Test outcome reason: SystemError: Timeout while waiting for status FAILED or SUCCESSFUL
14:05:18 INFO  
</system-out>
	</testcase>
</testsuite>
