<?xml version="1.0" encoding="utf-8"?>
<testsuite failures="1" name="SoftwareManagement.sm_fake_install_remove" skipped="0" tests="1" time="167.85" timestamp="2022-05-25T14:10:53">
	<testcase classname="PySysTest" name="SoftwareManagement.sm_fake_install_remove">
		<failure message="BLOCKED: SystemError: Timeout while waiting for status FAILED or SUCCESSFUL" type="BLOCKED"/>
		<system-out>14:08:05 INFO  ==============================================================
14:08:05 INFO  Id:    SoftwareManagement.sm_fake_install_remove
14:08:05 INFO  Dir:   software_management_end_to_end/
14:08:05 INFO  Title: Validate end to end behaviour for the dummy plugin for installation and removal of packages
14:08:05 INFO  ==============================================================
14:08:05 INFO  Using sw id database: {'asciijump': '5475369', 'robotfindskitten': '5474869', 'squirrel3': '5475279', 'rolldice': '5152439', 'moon-buggy': '5439204', 'apple': '5495053', 'banana': '5494888', 'cherry': '5495382', 'watermelon': '5494510', 'registry': '8018911', 'hello-world': '8021526', 'docker/getting-started': '8021973', 'alpine': '7991792'}
14:08:05 INFO  EnvironmentC8y Setup
14:08:06 INFO  Executed systemctl&lt;serv_mapper1&gt;, exit status 3
14:08:06 INFO  Restarting mosquitto too frequently in the last 10 seconds. It was only up for 4 seconds
14:08:06 INFO  Delaying execution by 7 seconds
14:08:27 INFO  Executed sudo&lt;tedge_connect_c8y&gt;, exit status 0, duration 14 secs
14:08:28 INFO  Executed sudo&lt;tedge_connect_c8y_test&gt;, exit status 0
14:08:29 INFO  Executed systemctl&lt;serv_mosq2&gt;, exit status 0
14:08:29 INFO  Executed systemctl&lt;serv_mapper3&gt;, exit status 0
14:08:31 INFO  State of current operation: PENDING
14:08:33 INFO  State of current operation: PENDING
14:08:36 INFO  State of current operation: PENDING
14:08:38 INFO  State of current operation: PENDING
14:08:40 INFO  State of current operation: PENDING
14:08:42 INFO  State of current operation: PENDING
14:08:45 INFO  State of current operation: PENDING
14:08:47 INFO  State of current operation: PENDING
14:08:49 INFO  State of current operation: PENDING
14:08:51 INFO  State of current operation: PENDING
14:08:54 INFO  State of current operation: PENDING
14:08:56 INFO  State of current operation: PENDING
14:08:58 INFO  State of current operation: PENDING
14:09:00 INFO  State of current operation: PENDING
14:09:02 INFO  State of current operation: PENDING
14:09:05 INFO  State of current operation: PENDING
14:09:07 INFO  State of current operation: PENDING
14:09:09 INFO  State of current operation: PENDING
14:09:11 INFO  State of current operation: PENDING
14:09:14 INFO  State of current operation: PENDING
14:09:16 INFO  State of current operation: PENDING
14:09:18 INFO  State of current operation: PENDING
14:09:20 INFO  State of current operation: PENDING
14:09:23 INFO  State of current operation: PENDING
14:09:25 INFO  State of current operation: PENDING
14:09:27 INFO  State of current operation: PENDING
14:09:29 INFO  State of current operation: PENDING
14:09:32 INFO  State of current operation: PENDING
14:09:34 INFO  State of current operation: PENDING
14:09:36 INFO  State of current operation: PENDING
14:09:38 INFO  State of current operation: PENDING
14:09:41 INFO  State of current operation: PENDING
14:09:43 INFO  State of current operation: PENDING
14:09:45 INFO  State of current operation: PENDING
14:09:47 INFO  State of current operation: PENDING
14:09:50 INFO  State of current operation: PENDING
14:09:52 INFO  State of current operation: PENDING
14:09:54 INFO  State of current operation: PENDING
14:09:56 INFO  State of current operation: PENDING
14:09:59 INFO  State of current operation: PENDING
14:10:01 INFO  State of current operation: PENDING
14:10:03 INFO  State of current operation: PENDING
14:10:05 INFO  State of current operation: PENDING
14:10:08 INFO  State of current operation: PENDING
14:10:10 INFO  State of current operation: PENDING
14:10:12 INFO  State of current operation: PENDING
14:10:14 INFO  State of current operation: PENDING
14:10:17 INFO  State of current operation: PENDING
14:10:19 INFO  State of current operation: PENDING
14:10:21 INFO  State of current operation: PENDING
14:10:24 INFO  State of current operation: PENDING
14:10:26 INFO  State of current operation: PENDING
14:10:28 INFO  State of current operation: PENDING
14:10:31 INFO  State of current operation: PENDING
14:10:33 INFO  State of current operation: PENDING
14:10:35 INFO  State of current operation: PENDING
14:10:37 INFO  State of current operation: PENDING
14:10:40 INFO  State of current operation: PENDING
14:10:42 INFO  State of current operation: PENDING
14:10:44 INFO  State of current operation: PENDING
14:10:46 INFO  State of current operation: PENDING
14:10:48 WARN  SystemError occurred while running test - Timeout while waiting for status FAILED or SUCCESSFUL
Traceback (most recent call last):
  File &quot;/home/pi/env-pysys/lib/python3.7/site-packages/pysys/baserunner.py&quot;, line 1292, in __call__
    self.testObj.setup()
  File &quot;/home/pi/actions-runner/_work/thin-edge.io/thin-edge.io/tests/PySys/software_management_end_to_end/sm_fake_install_remove/run.py&quot;, line 38, in setup
    super().setup()
  File &quot;/home/pi/actions-runner/_work/thin-edge.io/thin-edge.io/tests/PySys/software_management_end_to_end/environment_sm_management.py&quot;, line 151, in setup
    self.wait_until_end()
  File &quot;/home/pi/actions-runner/_work/thin-edge.io/thin-edge.io/tests/PySys/software_management_end_to_end/environment_sm_management.py&quot;, line 332, in wait_until_end
    self.wait_until_status(&quot;FAILED&quot;, &quot;SUCCESSFUL&quot;)
  File &quot;/home/pi/actions-runner/_work/thin-edge.io/thin-edge.io/tests/PySys/software_management_end_to_end/environment_sm_management.py&quot;, line 381, in wait_until_status
    &quot;Timeout while waiting for status %s or %s&quot; % (status, status2)
SystemError: Timeout while waiting for status FAILED or SUCCESSFUL
14:10:48 WARN  SystemError: Timeout while waiting for status FAILED or SUCCESSFUL ... blocked 
14:10:48 INFO  
14:10:48 INFO  cleanup:
14:10:52 INFO  Executed sudo&lt;tedge_disconnect_c8y&gt;, exit status 0
14:10:53 INFO  Executed systemctl&lt;serv_mapper5&gt;, exit status 3
14:10:53 INFO  
14:10:53 INFO  Test duration: 167.85 secs
14:10:53 INFO  Test final outcome:  BLOCKED
14:10:53 INFO  Test outcome reason: SystemError: Timeout while waiting for status FAILED or SUCCESSFUL
14:10:53 INFO  
</system-out>
	</testcase>
</testsuite>
