<?xml version="1.0" encoding="utf-8"?>
<testsuite failures="1" name="SoftwareManagement.sm_apt_install_remove_multiple" skipped="0" tests="1" time="137.44" timestamp="2022-07-22T16:58:05">
	<testcase classname="PySysTest" name="SoftwareManagement.sm_apt_install_remove_multiple">
		<failure message="FAILED: Assert that (False == value) with value=True (+2 other failures)" type="FAILED"/>
		<system-out>16:55:47 INFO  ==============================================================
16:55:47 INFO  Id:    SoftwareManagement.sm_apt_install_remove_multiple
16:55:47 INFO  Dir:   software_management_end_to_end/
16:55:47 INFO  Title: Validate end to end behaviour for the apt plugin for multiple packages
16:55:47 INFO  ==============================================================
16:55:47 INFO  Using sw id database: {'asciijump': '5475369', 'robotfindskitten': '5474869', 'squirrel3': '5475279', 'rolldice': '5152439', 'moon-buggy': '5439204', 'apple': '5495053', 'banana': '5494888', 'cherry': '5495382', 'watermelon': '5494510', 'registry': '8018911', 'hello-world': '8021526', 'docker/getting-started': '8021973', 'alpine': '7991792'}
16:55:47 INFO  EnvironmentC8y Setup
16:55:48 INFO  Executed systemctl&lt;serv_mapper1&gt;, exit status 3
16:55:48 INFO  Restarting mosquitto too frequently in the last 10 seconds. It was only up for 5 seconds
16:55:48 INFO  Delaying execution by 6 seconds
16:56:08 INFO  Executed sudo&lt;tedge_connect_c8y&gt;, exit status 0, duration 13 secs
16:56:08 INFO  Executed sudo&lt;tedge_connect_c8y_test&gt;, exit status 0
16:56:09 INFO  Executed systemctl&lt;serv_mosq2&gt;, exit status 0
16:56:09 INFO  Executed systemctl&lt;serv_mapper3&gt;, exit status 0
16:56:12 INFO  State of current operation: SUCCESSFUL
16:56:12 INFO  Assert that (False == value) with value=False ... passed
16:56:12 INFO  Package asciijump is installed
16:56:13 WARN  Assert that (False == value) with value=True ... failed 
16:56:13 INFO  Package squirrel3 is installed
16:56:13 WARN  Assert that (False == value) with value=True ... failed 
16:56:13 INFO  Package robotfindskitten is installed
16:56:13 WARN  Assert that (False == value) with value=True ... failed 
16:56:13 INFO  Response status: 201
16:56:13 INFO  Response to action: {
    &quot;creationTime&quot;: &quot;2022-07-22T16:56:13.707Z&quot;,
    &quot;deviceId&quot;: &quot;21278194&quot;,
    &quot;deviceName&quot;: &quot;m32sd10c&quot;,
    &quot;self&quot;: &quot;https://t493319102.eu-latest.cumulocity.com/devicecontrol/operations/21301538&quot;,
    &quot;id&quot;: &quot;21301538&quot;,
    &quot;status&quot;: &quot;PENDING&quot;,
    &quot;description&quot;: &quot;Apply software changes, triggered from PySys: [{'action': 'install', 'id': '5475369', 'name': 'asciijump', 'url': ' ', 'version': '::apt'}, {'action': 'install', 'id': '5474869', 'name': 'robotfindskitten', 'url': ' ', 'version': '::apt'}, {'action': 'install', 'id': '5475279', 'name': 'squirrel3', 'url': ' ', 'version': '::apt'}]&quot;,
    &quot;c8y_SoftwareUpdate&quot;: [
        {
            &quot;name&quot;: &quot;asciijump&quot;,
            &quot;action&quot;: &quot;install&quot;,
            &quot;id&quot;: &quot;5475369&quot;,
            &quot;version&quot;: &quot;::apt&quot;,
            &quot;url&quot;: &quot; &quot;
        },
        {
            &quot;name&quot;: &quot;robotfindskitten&quot;,
            &quot;action&quot;: &quot;install&quot;,
            &quot;id&quot;: &quot;5474869&quot;,
            &quot;version&quot;: &quot;::apt&quot;,
            &quot;url&quot;: &quot; &quot;
        },
        {
            &quot;name&quot;: &quot;squirrel3&quot;,
            &quot;action&quot;: &quot;install&quot;,
            &quot;id&quot;: &quot;5475279&quot;,
            &quot;version&quot;: &quot;::apt&quot;,
            &quot;url&quot;: &quot; &quot;
        }
    ]
}
16:56:13 INFO  Started operation: {'creationTime': '2022-07-22T16:56:13.707Z', 'deviceId': '21278194', 'deviceName': 'm32sd10c', 'self': 'https://t493319102.eu-latest.cumulocity.com/devicecontrol/operations/21301538', 'id': '21301538', 'status': 'PENDING', 'description': &quot;Apply software changes, triggered from PySys: [{'action': 'install', 'id': '5475369', 'name': 'asciijump', 'url': ' ', 'version': '::apt'}, {'action': 'install', 'id': '5474869', 'name': 'robotfindskitten', 'url': ' ', 'version': '::apt'}, {'action': 'install', 'id': '5475279', 'name': 'squirrel3', 'url': ' ', 'version': '::apt'}]&quot;, 'c8y_SoftwareUpdate': [{'name': 'asciijump', 'action': 'install', 'id': '5475369', 'version': '::apt', 'url': ' '}, {'name': 'robotfindskitten', 'action': 'install', 'id': '5474869', 'version': '::apt', 'url': ' '}, {'name': 'squirrel3', 'action': 'install', 'id': '5475279', 'version': '::apt', 'url': ' '}]}
16:56:15 INFO  State of operation 21301538 : PENDING
16:56:18 INFO  State of operation 21301538 : EXECUTING
16:56:20 INFO  State of operation 21301538 : EXECUTING
16:56:22 INFO  State of operation 21301538 : EXECUTING
16:56:24 INFO  State of operation 21301538 : EXECUTING
16:56:27 INFO  State of operation 21301538 : EXECUTING
16:56:29 INFO  State of operation 21301538 : EXECUTING
16:56:32 INFO  State of operation 21301538 : EXECUTING
16:56:34 INFO  State of operation 21301538 : EXECUTING
16:56:37 INFO  State of operation 21301538 : EXECUTING
16:56:39 INFO  State of operation 21301538 : EXECUTING
16:56:41 INFO  State of operation 21301538 : EXECUTING
16:56:43 INFO  State of operation 21301538 : EXECUTING
16:56:46 INFO  State of operation 21301538 : EXECUTING
16:56:48 INFO  State of operation 21301538 : EXECUTING
16:56:50 INFO  State of operation 21301538 : SUCCESSFUL
16:56:51 INFO  Assert that (False == value) with value=False ... passed
16:56:51 INFO  Package asciijump is installed
16:56:51 INFO  Assert that (True == value) with value=True ... passed
16:56:51 INFO  Package squirrel3 is installed
16:56:51 INFO  Assert that (True == value) with value=True ... passed
16:56:51 INFO  Package robotfindskitten is installed
16:56:51 INFO  Assert that (True == value) with value=True ... passed
16:56:51 INFO  Response status: 201
16:56:51 INFO  Response to action: {
    &quot;creationTime&quot;: &quot;2022-07-22T16:56:51.923Z&quot;,
    &quot;deviceId&quot;: &quot;21278194&quot;,
    &quot;deviceName&quot;: &quot;m32sd10c&quot;,
    &quot;self&quot;: &quot;https://t493319102.eu-latest.cumulocity.com/devicecontrol/operations/21301548&quot;,
    &quot;id&quot;: &quot;21301548&quot;,
    &quot;status&quot;: &quot;PENDING&quot;,
    &quot;description&quot;: &quot;Apply software changes, triggered from PySys: [{'action': 'delete', 'id': '5475369', 'name': 'asciijump', 'url': ' ', 'version': '::apt'}, {'action': 'delete', 'id': '5474869', 'name': 'robotfindskitten', 'url': ' ', 'version': '::apt'}, {'action': 'delete', 'id': '5475279', 'name': 'squirrel3', 'url': ' ', 'version': '::apt'}]&quot;,
    &quot;c8y_SoftwareUpdate&quot;: [
        {
            &quot;name&quot;: &quot;asciijump&quot;,
            &quot;action&quot;: &quot;delete&quot;,
            &quot;id&quot;: &quot;5475369&quot;,
            &quot;version&quot;: &quot;::apt&quot;,
            &quot;url&quot;: &quot; &quot;
        },
        {
            &quot;name&quot;: &quot;robotfindskitten&quot;,
            &quot;action&quot;: &quot;delete&quot;,
            &quot;id&quot;: &quot;5474869&quot;,
            &quot;version&quot;: &quot;::apt&quot;,
            &quot;url&quot;: &quot; &quot;
        },
        {
            &quot;name&quot;: &quot;squirrel3&quot;,
            &quot;action&quot;: &quot;delete&quot;,
            &quot;id&quot;: &quot;5475279&quot;,
            &quot;version&quot;: &quot;::apt&quot;,
            &quot;url&quot;: &quot; &quot;
        }
    ]
}
16:56:51 INFO  Started operation: {'creationTime': '2022-07-22T16:56:51.923Z', 'deviceId': '21278194', 'deviceName': 'm32sd10c', 'self': 'https://t493319102.eu-latest.cumulocity.com/devicecontrol/operations/21301548', 'id': '21301548', 'status': 'PENDING', 'description': &quot;Apply software changes, triggered from PySys: [{'action': 'delete', 'id': '5475369', 'name': 'asciijump', 'url': ' ', 'version': '::apt'}, {'action': 'delete', 'id': '5474869', 'name': 'robotfindskitten', 'url': ' ', 'version': '::apt'}, {'action': 'delete', 'id': '5475279', 'name': 'squirrel3', 'url': ' ', 'version': '::apt'}]&quot;, 'c8y_SoftwareUpdate': [{'name': 'asciijump', 'action': 'delete', 'id': '5475369', 'version': '::apt', 'url': ' '}, {'name': 'robotfindskitten', 'action': 'delete', 'id': '5474869', 'version': '::apt', 'url': ' '}, {'name': 'squirrel3', 'action': 'delete', 'id': '5475279', 'version': '::apt', 'url': ' '}]}
16:56:54 INFO  State of operation 21301548 : PENDING
16:56:56 INFO  State of operation 21301548 : EXECUTING
16:56:58 INFO  State of operation 21301548 : EXECUTING
16:57:00 INFO  State of operation 21301548 : EXECUTING
16:57:03 INFO  State of operation 21301548 : EXECUTING
16:57:05 INFO  State of operation 21301548 : EXECUTING
16:57:08 INFO  State of operation 21301548 : EXECUTING
16:57:11 INFO  State of operation 21301548 : EXECUTING
16:57:13 INFO  State of operation 21301548 : EXECUTING
16:57:15 INFO  State of operation 21301548 : EXECUTING
16:57:18 INFO  State of operation 21301548 : EXECUTING
16:57:20 INFO  State of operation 21301548 : EXECUTING
16:57:22 INFO  State of operation 21301548 : EXECUTING
16:57:24 INFO  State of operation 21301548 : EXECUTING
16:57:26 INFO  State of operation 21301548 : EXECUTING
16:57:29 INFO  State of operation 21301548 : EXECUTING
16:57:31 INFO  State of operation 21301548 : EXECUTING
16:57:34 INFO  State of operation 21301548 : EXECUTING
16:57:36 INFO  State of operation 21301548 : EXECUTING
16:57:38 INFO  State of operation 21301548 : EXECUTING
16:57:41 INFO  State of operation 21301548 : EXECUTING
16:57:43 INFO  State of operation 21301548 : EXECUTING
16:57:45 INFO  State of operation 21301548 : EXECUTING
16:57:47 INFO  State of operation 21301548 : EXECUTING
16:57:50 INFO  State of operation 21301548 : EXECUTING
16:57:52 INFO  State of operation 21301548 : EXECUTING
16:57:55 INFO  State of operation 21301548 : EXECUTING
16:57:57 INFO  State of operation 21301548 : EXECUTING
16:57:59 INFO  State of operation 21301548 : SUCCESSFUL
16:57:59 INFO  Assert that (False == value) with value=False ... passed
16:58:00 INFO  Assert that (False == value) with value=False ... passed
16:58:00 INFO  Assert that (False == value) with value=False ... passed
16:58:00 INFO  Assert that (False == value) with value=False ... passed
16:58:00 INFO  
16:58:00 INFO  cleanup:
16:58:04 INFO  Executed sudo&lt;tedge_disconnect_c8y&gt;, exit status 0
16:58:05 INFO  Executed systemctl&lt;serv_mapper5&gt;, exit status 3
16:58:05 INFO  
16:58:05 INFO  Test duration: 137.44 secs
16:58:05 INFO  Test final outcome:  FAILED
16:58:05 INFO  Test outcome reason: Assert that (False == value) with value=True (+2 other failures)
16:58:05 INFO  
</system-out>
	</testcase>
</testsuite>
