<?xml version="1.0" encoding="utf-8"?>
<testsuite failures="0" name="SoftwareManagement.sm_mapper_fail_and_reconnect" skipped="1" tests="1" time="0.02" timestamp="2022-05-23T14:46:51">
	<testcase classname="MapperC8yReceiveLastMessageOnRestart" name="SoftwareManagement.sm_mapper_fail_and_reconnect">
		<skipped message="SKIPPED: instable https://github.com/thin-edge/thin-edge.io/issues/752"/>
		<system-out>14:46:51 INFO  ==============================================================
14:46:51 INFO  Id:    SoftwareManagement.sm_mapper_fail_and_reconnect
14:46:51 INFO  Dir:   software_management_end_to_end/
14:46:51 INFO  Title: Validate the tedge-mapper-sm-c8y for receiving the last message on restart
14:46:51 INFO  ==============================================================
14:46:51 INFO  instable https://github.com/thin-edge/thin-edge.io/issues/752 ... skipped
14:46:51 INFO  
14:46:51 INFO  Test duration: 0.02 secs
14:46:51 INFO  Test final outcome:  SKIPPED
14:46:51 INFO  Test outcome reason: instable https://github.com/thin-edge/thin-edge.io/issues/752
14:46:51 INFO  
</system-out>
	</testcase>
</testsuite>
