<?xml version="1.0" encoding="utf-8"?>
<testsuite failures="1" name="SoftwareManagement.sm_fake_install_remove_multiple" skipped="0" tests="1" time="167.53" timestamp="2022-05-25T14:13:41">
	<testcase classname="PySysTest" name="SoftwareManagement.sm_fake_install_remove_multiple">
		<failure message="BLOCKED: SystemError: Timeout while waiting for status FAILED or SUCCESSFUL" type="BLOCKED"/>
		<system-out>14:10:53 INFO  ==============================================================
14:10:53 INFO  Id:    SoftwareManagement.sm_fake_install_remove_multiple
14:10:53 INFO  Dir:   software_management_end_to_end/
14:10:53 INFO  Title: Validate end to end behaviour for the dummy-plugin for multiple packages
14:10:53 INFO  ==============================================================
14:10:53 INFO  Using sw id database: {'asciijump': '5475369', 'robotfindskitten': '5474869', 'squirrel3': '5475279', 'rolldice': '5152439', 'moon-buggy': '5439204', 'apple': '5495053', 'banana': '5494888', 'cherry': '5495382', 'watermelon': '5494510', 'registry': '8018911', 'hello-world': '8021526', 'docker/getting-started': '8021973', 'alpine': '7991792'}
14:10:53 INFO  EnvironmentC8y Setup
14:10:54 INFO  Executed systemctl&lt;serv_mapper1&gt;, exit status 3
14:10:54 INFO  Restarting mosquitto too frequently in the last 10 seconds. It was only up for 4 seconds
14:10:54 INFO  Delaying execution by 7 seconds
14:11:15 INFO  Executed sudo&lt;tedge_connect_c8y&gt;, exit status 0, duration 14 secs
14:11:16 INFO  Executed sudo&lt;tedge_connect_c8y_test&gt;, exit status 0
14:11:16 INFO  Executed systemctl&lt;serv_mosq2&gt;, exit status 0
14:11:17 INFO  Executed systemctl&lt;serv_mapper3&gt;, exit status 0
14:11:19 INFO  State of current operation: PENDING
14:11:21 INFO  State of current operation: PENDING
14:11:24 INFO  State of current operation: PENDING
14:11:26 INFO  State of current operation: PENDING
14:11:28 INFO  State of current operation: PENDING
14:11:30 INFO  State of current operation: PENDING
14:11:33 INFO  State of current operation: PENDING
14:11:35 INFO  State of current operation: PENDING
14:11:37 INFO  State of current operation: PENDING
14:11:39 INFO  State of current operation: PENDING
14:11:42 INFO  State of current operation: PENDING
14:11:44 INFO  State of current operation: PENDING
14:11:46 INFO  State of current operation: PENDING
14:11:48 INFO  State of current operation: PENDING
14:11:50 INFO  State of current operation: PENDING
14:11:53 INFO  State of current operation: PENDING
14:11:55 INFO  State of current operation: PENDING
14:11:57 INFO  State of current operation: PENDING
14:12:00 INFO  State of current operation: PENDING
14:12:02 INFO  State of current operation: PENDING
14:12:04 INFO  State of current operation: PENDING
14:12:06 INFO  State of current operation: PENDING
14:12:09 INFO  State of current operation: PENDING
14:12:11 INFO  State of current operation: PENDING
14:12:13 INFO  State of current operation: PENDING
14:12:15 INFO  State of current operation: PENDING
14:12:18 INFO  State of current operation: PENDING
14:12:20 INFO  State of current operation: PENDING
14:12:22 INFO  State of current operation: PENDING
14:12:24 INFO  State of current operation: PENDING
14:12:27 INFO  State of current operation: PENDING
14:12:29 INFO  State of current operation: PENDING
14:12:31 INFO  State of current operation: PENDING
14:12:33 INFO  State of current operation: PENDING
14:12:35 INFO  State of current operation: PENDING
14:12:38 INFO  State of current operation: PENDING
14:12:40 INFO  State of current operation: PENDING
14:12:42 INFO  State of current operation: PENDING
14:12:45 INFO  State of current operation: PENDING
14:12:47 INFO  State of current operation: PENDING
14:12:49 INFO  State of current operation: PENDING
14:12:51 INFO  State of current operation: PENDING
14:12:54 INFO  State of current operation: PENDING
14:12:56 INFO  State of current operation: PENDING
14:12:58 INFO  State of current operation: PENDING
14:13:01 INFO  State of current operation: PENDING
14:13:03 INFO  State of current operation: PENDING
14:13:05 INFO  State of current operation: PENDING
14:13:07 INFO  State of current operation: PENDING
14:13:09 INFO  State of current operation: PENDING
14:13:12 INFO  State of current operation: PENDING
14:13:14 INFO  State of current operation: PENDING
14:13:16 INFO  State of current operation: PENDING
14:13:18 INFO  State of current operation: PENDING
14:13:21 INFO  State of current operation: PENDING
14:13:23 INFO  State of current operation: PENDING
14:13:25 INFO  State of current operation: PENDING
14:13:27 INFO  State of current operation: PENDING
14:13:30 INFO  State of current operation: PENDING
14:13:32 INFO  State of current operation: PENDING
14:13:34 INFO  State of current operation: PENDING
14:13:36 WARN  SystemError occurred while running test - Timeout while waiting for status FAILED or SUCCESSFUL
Traceback (most recent call last):
  File &quot;/home/pi/env-pysys/lib/python3.7/site-packages/pysys/baserunner.py&quot;, line 1292, in __call__
    self.testObj.setup()
  File &quot;/home/pi/actions-runner/_work/thin-edge.io/thin-edge.io/tests/PySys/software_management_end_to_end/sm_fake_install_remove_multiple/run.py&quot;, line 68, in setup
    super().setup()
  File &quot;/home/pi/actions-runner/_work/thin-edge.io/thin-edge.io/tests/PySys/software_management_end_to_end/environment_sm_management.py&quot;, line 151, in setup
    self.wait_until_end()
  File &quot;/home/pi/actions-runner/_work/thin-edge.io/thin-edge.io/tests/PySys/software_management_end_to_end/environment_sm_management.py&quot;, line 332, in wait_until_end
    self.wait_until_status(&quot;FAILED&quot;, &quot;SUCCESSFUL&quot;)
  File &quot;/home/pi/actions-runner/_work/thin-edge.io/thin-edge.io/tests/PySys/software_management_end_to_end/environment_sm_management.py&quot;, line 381, in wait_until_status
    &quot;Timeout while waiting for status %s or %s&quot; % (status, status2)
SystemError: Timeout while waiting for status FAILED or SUCCESSFUL
14:13:36 WARN  SystemError: Timeout while waiting for status FAILED or SUCCESSFUL ... blocked 
14:13:36 INFO  
14:13:36 INFO  cleanup:
14:13:40 INFO  Executed sudo&lt;tedge_disconnect_c8y&gt;, exit status 0
14:13:41 INFO  Executed systemctl&lt;serv_mapper5&gt;, exit status 3
14:13:41 INFO  
14:13:41 INFO  Test duration: 167.53 secs
14:13:41 INFO  Test final outcome:  BLOCKED
14:13:41 INFO  Test outcome reason: SystemError: Timeout while waiting for status FAILED or SUCCESSFUL
14:13:41 INFO  
</system-out>
	</testcase>
</testsuite>
