<?xml version="1.0" encoding="utf-8"?>
<testsuite failures="1" name="SoftwareManagement.sm_apt_install_download_path" skipped="0" tests="1" time="189.27" timestamp="2022-05-25T11:57:47">
	<testcase classname="AptInstallWithDownloadPath" name="SoftwareManagement.sm_apt_install_download_path">
		<failure message="BLOCKED: SystemError: Timeout while waiting for status FAILED or SUCCESSFUL" type="BLOCKED"/>
		<system-out>11:54:38 INFO  ==============================================================
11:54:38 INFO  Id:    SoftwareManagement.sm_apt_install_download_path
11:54:38 INFO  Dir:   software_management_end_to_end/
11:54:38 INFO  Title: Install package to directory specified in tedge config set tmp.path
11:54:38 INFO  ==============================================================
11:54:39 INFO  Using sw id database: {'asciijump': '5475369', 'robotfindskitten': '5474869', 'squirrel3': '5475279', 'rolldice': '5152439', 'moon-buggy': '5439204', 'apple': '5495053', 'banana': '5494888', 'cherry': '5495382', 'watermelon': '5494510', 'registry': '8018911', 'hello-world': '8021526', 'docker/getting-started': '8021973', 'alpine': '7991792'}
11:54:39 INFO  EnvironmentC8y Setup
11:54:39 INFO  Executed systemctl&lt;serv_mapper1&gt;, exit status 3
11:54:54 INFO  Executed sudo&lt;tedge_connect_c8y&gt;, exit status 0, duration 14 secs
11:54:54 INFO  Executed sudo&lt;tedge_connect_c8y_test&gt;, exit status 0
11:54:55 INFO  Executed systemctl&lt;serv_mosq2&gt;, exit status 0
11:54:55 INFO  Executed systemctl&lt;serv_mapper3&gt;, exit status 0
11:54:57 INFO  State of current operation: PENDING
11:55:00 INFO  State of current operation: PENDING
11:55:02 INFO  State of current operation: PENDING
11:55:04 INFO  State of current operation: PENDING
11:55:06 INFO  State of current operation: PENDING
11:55:09 INFO  State of current operation: PENDING
11:55:11 INFO  State of current operation: PENDING
11:55:13 INFO  State of current operation: PENDING
11:55:15 INFO  State of current operation: PENDING
11:55:18 INFO  State of current operation: PENDING
11:55:20 INFO  State of current operation: PENDING
11:55:22 INFO  State of current operation: PENDING
11:55:24 INFO  State of current operation: PENDING
11:55:27 INFO  State of current operation: PENDING
11:55:29 INFO  State of current operation: PENDING
11:55:31 INFO  State of current operation: PENDING
11:55:33 INFO  State of current operation: PENDING
11:55:36 INFO  State of current operation: PENDING
11:55:38 INFO  State of current operation: PENDING
11:55:40 INFO  State of current operation: PENDING
11:55:42 INFO  State of current operation: PENDING
11:55:45 INFO  State of current operation: PENDING
11:55:47 INFO  State of current operation: PENDING
11:55:49 INFO  State of current operation: PENDING
11:55:51 INFO  State of current operation: PENDING
11:55:53 INFO  State of current operation: PENDING
11:55:56 INFO  State of current operation: PENDING
11:55:58 INFO  State of current operation: PENDING
11:56:00 INFO  State of current operation: PENDING
11:56:02 INFO  State of current operation: PENDING
11:56:05 INFO  State of current operation: PENDING
11:56:07 INFO  State of current operation: PENDING
11:56:09 INFO  State of current operation: PENDING
11:56:11 INFO  State of current operation: PENDING
11:56:14 INFO  State of current operation: PENDING
11:56:16 INFO  State of current operation: PENDING
11:56:18 INFO  State of current operation: PENDING
11:56:20 INFO  State of current operation: PENDING
11:56:23 INFO  State of current operation: PENDING
11:56:26 INFO  State of current operation: PENDING
11:56:28 INFO  State of current operation: PENDING
11:56:30 INFO  State of current operation: PENDING
11:56:32 INFO  State of current operation: PENDING
11:56:35 INFO  State of current operation: PENDING
11:56:37 INFO  State of current operation: PENDING
11:56:39 INFO  State of current operation: PENDING
11:56:41 INFO  State of current operation: PENDING
11:56:44 INFO  State of current operation: PENDING
11:56:46 INFO  State of current operation: PENDING
11:56:48 INFO  State of current operation: PENDING
11:56:50 INFO  State of current operation: PENDING
11:56:53 INFO  State of current operation: PENDING
11:56:55 INFO  State of current operation: PENDING
11:56:57 INFO  State of current operation: PENDING
11:57:00 INFO  State of current operation: PENDING
11:57:02 INFO  State of current operation: PENDING
11:57:04 INFO  State of current operation: PENDING
11:57:06 INFO  State of current operation: PENDING
11:57:08 INFO  State of current operation: PENDING
11:57:11 INFO  State of current operation: PENDING
11:57:13 INFO  State of current operation: PENDING
11:57:15 WARN  SystemError occurred while running test - Timeout while waiting for status FAILED or SUCCESSFUL
Traceback (most recent call last):
  File &quot;/home/pi/env-pysys/lib/python3.7/site-packages/pysys/baserunner.py&quot;, line 1292, in __call__
    self.testObj.setup()
  File &quot;/home/pi/actions-runner/_work/thin-edge.io/thin-edge.io/tests/PySys/software_management_end_to_end/sm_apt_install_download_path/run.py&quot;, line 48, in setup
    super().setup()
  File &quot;/home/pi/actions-runner/_work/thin-edge.io/thin-edge.io/tests/PySys/software_management_end_to_end/environment_sm_management.py&quot;, line 151, in setup
    self.wait_until_end()
  File &quot;/home/pi/actions-runner/_work/thin-edge.io/thin-edge.io/tests/PySys/software_management_end_to_end/environment_sm_management.py&quot;, line 332, in wait_until_end
    self.wait_until_status(&quot;FAILED&quot;, &quot;SUCCESSFUL&quot;)
  File &quot;/home/pi/actions-runner/_work/thin-edge.io/thin-edge.io/tests/PySys/software_management_end_to_end/environment_sm_management.py&quot;, line 381, in wait_until_status
    &quot;Timeout while waiting for status %s or %s&quot; % (status, status2)
SystemError: Timeout while waiting for status FAILED or SUCCESSFUL
11:57:15 WARN  SystemError: Timeout while waiting for status FAILED or SUCCESSFUL ... blocked 
11:57:15 INFO  
11:57:15 INFO  cleanup:
11:57:16 INFO  Executed sudo, exit status 0
11:57:16 INFO  Executed sudo, exit status 0
11:57:20 INFO  Executed sudo&lt;tedge_disconnect_c8y&gt;, exit status 0
11:57:20 INFO  Restarting mosquitto too frequently in the last 10 seconds. It was only up for 3 seconds
11:57:20 INFO  Delaying execution by 8 seconds
11:57:42 INFO  Executed sudo&lt;tedge_connect_c8y&gt;, exit status 0, duration 14 secs
11:57:46 INFO  Executed sudo&lt;tedge_disconnect_c8y&gt;, exit status 0
11:57:47 INFO  Executed systemctl&lt;serv_mapper5&gt;, exit status 3
11:57:47 INFO  
11:57:47 INFO  Test duration: 189.27 secs
11:57:47 INFO  Test final outcome:  BLOCKED
11:57:47 INFO  Test outcome reason: SystemError: Timeout while waiting for status FAILED or SUCCESSFUL
11:57:47 INFO  
</system-out>
	</testcase>
</testsuite>
