<?xml version="1.0" encoding="utf-8"?>
<testsuite failures="1" name="SoftwareManagement.sm_apt_install_remove_multiple_mixed" skipped="0" tests="1" time="165.24" timestamp="2022-05-23T09:47:16">
	<testcase classname="PySysTest" name="SoftwareManagement.sm_apt_install_remove_multiple_mixed">
		<failure message="BLOCKED: SystemError: Timeout while waiting for status FAILED or SUCCESSFUL" type="BLOCKED"/>
		<system-out>09:44:31 INFO  ==============================================================
09:44:31 INFO  Id:    SoftwareManagement.sm_apt_install_remove_multiple_mixed
09:44:31 INFO  Dir:   software_management_end_to_end/
09:44:31 INFO  Title: Validate end to end behaviour for the apt plugin for multiple packages with mixed versions
09:44:31 INFO  ==============================================================
09:44:31 INFO  Using sw id database: {'asciijump': '5475369', 'robotfindskitten': '5474869', 'squirrel3': '5475279', 'rolldice': '5152439', 'moon-buggy': '5439204', 'apple': '5495053', 'banana': '5494888', 'cherry': '5495382', 'watermelon': '5494510', 'registry': '8018911', 'hello-world': '8021526', 'docker/getting-started': '8021973', 'alpine': '7991792'}
09:44:31 INFO  EnvironmentC8y Setup
09:44:32 INFO  Executed systemctl&lt;serv_mapper1&gt;, exit status 3
09:44:32 INFO  Restarting mosquitto too frequently in the last 10 seconds. It was only up for 5 seconds
09:44:32 INFO  Delaying execution by 6 seconds
09:44:51 INFO  Executed sudo&lt;tedge_connect_c8y&gt;, exit status 0, duration 13 secs
09:44:52 INFO  Executed sudo&lt;tedge_connect_c8y_test&gt;, exit status 0
09:44:52 INFO  Executed systemctl&lt;serv_mosq2&gt;, exit status 0
09:44:53 INFO  Executed systemctl&lt;serv_mapper3&gt;, exit status 0
09:44:55 INFO  State of current operation: PENDING
09:44:57 INFO  State of current operation: PENDING
09:45:00 INFO  State of current operation: PENDING
09:45:02 INFO  State of current operation: PENDING
09:45:04 INFO  State of current operation: PENDING
09:45:06 INFO  State of current operation: PENDING
09:45:09 INFO  State of current operation: PENDING
09:45:11 INFO  State of current operation: PENDING
09:45:13 INFO  State of current operation: PENDING
09:45:15 INFO  State of current operation: PENDING
09:45:17 INFO  State of current operation: PENDING
09:45:20 INFO  State of current operation: PENDING
09:45:22 INFO  State of current operation: PENDING
09:45:24 INFO  State of current operation: PENDING
09:45:27 INFO  State of current operation: PENDING
09:45:29 INFO  State of current operation: PENDING
09:45:31 INFO  State of current operation: PENDING
09:45:33 INFO  State of current operation: PENDING
09:45:35 INFO  State of current operation: PENDING
09:45:38 INFO  State of current operation: PENDING
09:45:40 INFO  State of current operation: PENDING
09:45:42 INFO  State of current operation: PENDING
09:45:44 INFO  State of current operation: PENDING
09:45:47 INFO  State of current operation: PENDING
09:45:49 INFO  State of current operation: PENDING
09:45:51 INFO  State of current operation: PENDING
09:45:53 INFO  State of current operation: PENDING
09:45:56 INFO  State of current operation: PENDING
09:45:58 INFO  State of current operation: PENDING
09:46:00 INFO  State of current operation: PENDING
09:46:02 INFO  State of current operation: PENDING
09:46:05 INFO  State of current operation: PENDING
09:46:07 INFO  State of current operation: PENDING
09:46:09 INFO  State of current operation: PENDING
09:46:11 INFO  State of current operation: PENDING
09:46:14 INFO  State of current operation: PENDING
09:46:16 INFO  State of current operation: PENDING
09:46:18 INFO  State of current operation: PENDING
09:46:20 INFO  State of current operation: PENDING
09:46:22 INFO  State of current operation: PENDING
09:46:25 INFO  State of current operation: PENDING
09:46:27 INFO  State of current operation: PENDING
09:46:29 INFO  State of current operation: PENDING
09:46:32 INFO  State of current operation: PENDING
09:46:34 INFO  State of current operation: PENDING
09:46:36 INFO  State of current operation: PENDING
09:46:38 INFO  State of current operation: PENDING
09:46:40 INFO  State of current operation: PENDING
09:46:43 INFO  State of current operation: PENDING
09:46:45 INFO  State of current operation: PENDING
09:46:47 INFO  State of current operation: PENDING
09:46:49 INFO  State of current operation: PENDING
09:46:52 INFO  State of current operation: PENDING
09:46:54 INFO  State of current operation: PENDING
09:46:56 INFO  State of current operation: PENDING
09:46:58 INFO  State of current operation: PENDING
09:47:01 INFO  State of current operation: PENDING
09:47:03 INFO  State of current operation: PENDING
09:47:05 INFO  State of current operation: PENDING
09:47:07 INFO  State of current operation: PENDING
09:47:10 INFO  State of current operation: PENDING
09:47:12 WARN  SystemError occurred while running test - Timeout while waiting for status FAILED or SUCCESSFUL
Traceback (most recent call last):
  File &quot;/home/pi/env-pysys/lib/python3.7/site-packages/pysys/baserunner.py&quot;, line 1292, in __call__
    self.testObj.setup()
  File &quot;/home/pi/actions-runner/_work/thin-edge.io/thin-edge.io/tests/PySys/software_management_end_to_end/sm_apt_install_remove_multiple_mixed/run.py&quot;, line 73, in setup
    super().setup()
  File &quot;/home/pi/actions-runner/_work/thin-edge.io/thin-edge.io/tests/PySys/software_management_end_to_end/environment_sm_management.py&quot;, line 151, in setup
    self.wait_until_end()
  File &quot;/home/pi/actions-runner/_work/thin-edge.io/thin-edge.io/tests/PySys/software_management_end_to_end/environment_sm_management.py&quot;, line 332, in wait_until_end
    self.wait_until_status(&quot;FAILED&quot;, &quot;SUCCESSFUL&quot;)
  File &quot;/home/pi/actions-runner/_work/thin-edge.io/thin-edge.io/tests/PySys/software_management_end_to_end/environment_sm_management.py&quot;, line 381, in wait_until_status
    &quot;Timeout while waiting for status %s or %s&quot; % (status, status2)
SystemError: Timeout while waiting for status FAILED or SUCCESSFUL
09:47:12 WARN  SystemError: Timeout while waiting for status FAILED or SUCCESSFUL ... blocked 
09:47:12 INFO  
09:47:12 INFO  cleanup:
09:47:16 INFO  Executed sudo&lt;tedge_disconnect_c8y&gt;, exit status 0
09:47:16 INFO  Executed systemctl&lt;serv_mapper5&gt;, exit status 3
09:47:16 INFO  
09:47:16 INFO  Test duration: 165.24 secs
09:47:16 INFO  Test final outcome:  BLOCKED
09:47:16 INFO  Test outcome reason: SystemError: Timeout while waiting for status FAILED or SUCCESSFUL
09:47:16 INFO  
</system-out>
	</testcase>
</testsuite>
