<?xml version="1.0" encoding="utf-8"?>
<testsuite failures="1" name="SoftwareManagement.sm_mixed_install_remove_multiple" skipped="0" tests="1" time="164.94" timestamp="2022-07-25T11:41:31">
	<testcase classname="PySysTest" name="SoftwareManagement.sm_mixed_install_remove_multiple">
		<failure message="FAILED: Assert that (False == value) with value=True" type="FAILED"/>
		<system-out>11:38:46 INFO  ==============================================================
11:38:46 INFO  Id:    SoftwareManagement.sm_mixed_install_remove_multiple
11:38:46 INFO  Dir:   software_management_end_to_end/
11:38:46 INFO  Title: Validate end to end behaviour for the dummy-plugin for multiple packages with mixed versions
11:38:46 INFO  ==============================================================
11:38:46 INFO  Using sw id database: {'asciijump': '5475369', 'robotfindskitten': '5474869', 'squirrel3': '5475279', 'rolldice': '5152439', 'moon-buggy': '5439204', 'apple': '5495053', 'banana': '5494888', 'cherry': '5495382', 'watermelon': '5494510', 'registry': '8018911', 'hello-world': '8021526', 'docker/getting-started': '8021973', 'alpine': '7991792'}
11:38:46 INFO  EnvironmentC8y Setup
11:38:47 INFO  Executed systemctl&lt;serv_mapper1&gt;, exit status 3
11:38:47 INFO  Restarting mosquitto too frequently in the last 10 seconds. It was only up for 4 seconds
11:38:47 INFO  Delaying execution by 7 seconds
11:39:08 INFO  Executed sudo&lt;tedge_connect_c8y&gt;, exit status 0, duration 13 secs
11:39:08 INFO  Executed sudo&lt;tedge_connect_c8y_test&gt;, exit status 0
11:39:09 INFO  Executed systemctl&lt;serv_mosq2&gt;, exit status 0
11:39:09 INFO  Executed systemctl&lt;serv_mapper3&gt;, exit status 0
11:39:11 INFO  State of current operation: SUCCESSFUL
11:39:12 INFO  Package apple is installed
11:39:12 INFO  Assert that (True == value) with value=True ... passed
11:39:12 INFO  Package banana is installed
11:39:12 INFO  Assert that (True == value) with value=True ... passed
11:39:12 INFO  Package cherry is installed
11:39:12 INFO  Assert that (True == value) with value=True ... passed
11:39:12 INFO  Package asciijump is installed
11:39:12 WARN  Assert that (False == value) with value=True ... failed 
11:39:13 INFO  Assert that (False == value) with value=False ... passed
11:39:13 INFO  Response status: 201
11:39:13 INFO  Response to action: {
    &quot;creationTime&quot;: &quot;2022-07-25T11:39:13.372Z&quot;,
    &quot;deviceId&quot;: &quot;21371117&quot;,
    &quot;deviceName&quot;: &quot;m32sd10c&quot;,
    &quot;self&quot;: &quot;https://t493319102.eu-latest.cumulocity.com/devicecontrol/operations/21377821&quot;,
    &quot;id&quot;: &quot;21377821&quot;,
    &quot;status&quot;: &quot;PENDING&quot;,
    &quot;description&quot;: &quot;Apply software changes, triggered from PySys: [{'action': 'install', 'id': '5495053', 'name': 'apple', 'url': ' ', 'version': '::fruits'}, {'action': 'install', 'id': '5494888', 'name': 'banana', 'url': ' ', 'version': '::fruits'}, {'action': 'install', 'id': '5475369', 'name': 'asciijump', 'url': ' ', 'version': '::apt'}, {'action': 'install', 'id': '5495382', 'name': 'cherry', 'url': ' ', 'version': '::fruits'}, {'action': 'install', 'id': '8018911', 'name': 'registry', 'url': ' ', 'version': '::docker'}]&quot;,
    &quot;c8y_SoftwareUpdate&quot;: [
        {
            &quot;name&quot;: &quot;apple&quot;,
            &quot;action&quot;: &quot;install&quot;,
            &quot;id&quot;: &quot;5495053&quot;,
            &quot;version&quot;: &quot;::fruits&quot;,
            &quot;url&quot;: &quot; &quot;
        },
        {
            &quot;name&quot;: &quot;banana&quot;,
            &quot;action&quot;: &quot;install&quot;,
            &quot;id&quot;: &quot;5494888&quot;,
            &quot;version&quot;: &quot;::fruits&quot;,
            &quot;url&quot;: &quot; &quot;
        },
        {
            &quot;name&quot;: &quot;asciijump&quot;,
            &quot;action&quot;: &quot;install&quot;,
            &quot;id&quot;: &quot;5475369&quot;,
            &quot;version&quot;: &quot;::apt&quot;,
            &quot;url&quot;: &quot; &quot;
        },
        {
            &quot;name&quot;: &quot;cherry&quot;,
            &quot;action&quot;: &quot;install&quot;,
            &quot;id&quot;: &quot;5495382&quot;,
            &quot;version&quot;: &quot;::fruits&quot;,
            &quot;url&quot;: &quot; &quot;
        },
        {
            &quot;name&quot;: &quot;registry&quot;,
            &quot;action&quot;: &quot;install&quot;,
            &quot;id&quot;: &quot;8018911&quot;,
            &quot;version&quot;: &quot;::docker&quot;,
            &quot;url&quot;: &quot; &quot;
        }
    ]
}
11:39:13 INFO  Started operation: {'creationTime': '2022-07-25T11:39:13.372Z', 'deviceId': '21371117', 'deviceName': 'm32sd10c', 'self': 'https://t493319102.eu-latest.cumulocity.com/devicecontrol/operations/21377821', 'id': '21377821', 'status': 'PENDING', 'description': &quot;Apply software changes, triggered from PySys: [{'action': 'install', 'id': '5495053', 'name': 'apple', 'url': ' ', 'version': '::fruits'}, {'action': 'install', 'id': '5494888', 'name': 'banana', 'url': ' ', 'version': '::fruits'}, {'action': 'install', 'id': '5475369', 'name': 'asciijump', 'url': ' ', 'version': '::apt'}, {'action': 'install', 'id': '5495382', 'name': 'cherry', 'url': ' ', 'version': '::fruits'}, {'action': 'install', 'id': '8018911', 'name': 'registry', 'url': ' ', 'version': '::docker'}]&quot;, 'c8y_SoftwareUpdate': [{'name': 'apple', 'action': 'install', 'id': '5495053', 'version': '::fruits', 'url': ' '}, {'name': 'banana', 'action': 'install', 'id': '5494888', 'version': '::fruits', 'url': ' '}, {'name': 'asciijump', 'action': 'install', 'id': '5475369', 'version': '::apt', 'url': ' '}, {'name': 'cherry', 'action': 'install', 'id': '5495382', 'version': '::fruits', 'url': ' '}, {'name': 'registry', 'action': 'install', 'id': '8018911', 'version': '::docker', 'url': ' '}]}
11:39:15 INFO  State of operation 21377821 : PENDING
11:39:17 INFO  State of operation 21377821 : EXECUTING
11:39:20 INFO  State of operation 21377821 : EXECUTING
11:39:22 INFO  State of operation 21377821 : EXECUTING
11:39:24 INFO  State of operation 21377821 : EXECUTING
11:39:26 INFO  State of operation 21377821 : EXECUTING
11:39:29 INFO  State of operation 21377821 : EXECUTING
11:39:32 INFO  State of operation 21377821 : EXECUTING
11:39:34 INFO  State of operation 21377821 : EXECUTING
11:39:37 INFO  State of operation 21377821 : EXECUTING
11:39:39 INFO  State of operation 21377821 : EXECUTING
11:39:41 INFO  State of operation 21377821 : EXECUTING
11:39:43 INFO  State of operation 21377821 : EXECUTING
11:39:46 INFO  State of operation 21377821 : EXECUTING
11:39:48 INFO  State of operation 21377821 : EXECUTING
11:39:50 INFO  State of operation 21377821 : EXECUTING
11:39:52 INFO  State of operation 21377821 : EXECUTING
11:39:54 INFO  State of operation 21377821 : EXECUTING
11:39:57 INFO  State of operation 21377821 : EXECUTING
11:39:59 INFO  State of operation 21377821 : EXECUTING
11:40:01 INFO  State of operation 21377821 : EXECUTING
11:40:03 INFO  State of operation 21377821 : EXECUTING
11:40:06 INFO  State of operation 21377821 : EXECUTING
11:40:08 INFO  State of operation 21377821 : EXECUTING
11:40:10 INFO  State of operation 21377821 : EXECUTING
11:40:13 INFO  State of operation 21377821 : SUCCESSFUL
11:40:13 INFO  Package apple is installed
11:40:13 INFO  Assert that (True == value) with value=True ... passed
11:40:13 INFO  Package banana is installed
11:40:13 INFO  Assert that (True == value) with value=True ... passed
11:40:13 INFO  Package cherry is installed
11:40:13 INFO  Assert that (True == value) with value=True ... passed
11:40:14 INFO  Package asciijump is installed
11:40:14 INFO  Assert that (True == value) with value=True ... passed
11:40:14 INFO  Package registry is installed
11:40:14 INFO  Assert that (True == value) with value=True ... passed
11:40:14 INFO  Response status: 201
11:40:14 INFO  Response to action: {
    &quot;creationTime&quot;: &quot;2022-07-25T11:40:14.473Z&quot;,
    &quot;deviceId&quot;: &quot;21371117&quot;,
    &quot;deviceName&quot;: &quot;m32sd10c&quot;,
    &quot;self&quot;: &quot;https://t493319102.eu-latest.cumulocity.com/devicecontrol/operations/21377839&quot;,
    &quot;id&quot;: &quot;21377839&quot;,
    &quot;status&quot;: &quot;PENDING&quot;,
    &quot;description&quot;: &quot;Apply software changes, triggered from PySys: [{'action': 'delete', 'id': '5495053', 'name': 'apple', 'url': ' ', 'version': '::fruits'}, {'action': 'delete', 'id': '5494888', 'name': 'banana', 'url': ' ', 'version': '::fruits'}, {'action': 'delete', 'id': '5475369', 'name': 'asciijump', 'url': ' ', 'version': '::apt'}, {'action': 'delete', 'id': '5495382', 'name': 'cherry', 'url': ' ', 'version': '::fruits'}, {'action': 'delete', 'id': '8018911', 'name': 'registry', 'url': ' ', 'version': '::docker'}]&quot;,
    &quot;c8y_SoftwareUpdate&quot;: [
        {
            &quot;name&quot;: &quot;apple&quot;,
            &quot;action&quot;: &quot;delete&quot;,
            &quot;id&quot;: &quot;5495053&quot;,
            &quot;version&quot;: &quot;::fruits&quot;,
            &quot;url&quot;: &quot; &quot;
        },
        {
            &quot;name&quot;: &quot;banana&quot;,
            &quot;action&quot;: &quot;delete&quot;,
            &quot;id&quot;: &quot;5494888&quot;,
            &quot;version&quot;: &quot;::fruits&quot;,
            &quot;url&quot;: &quot; &quot;
        },
        {
            &quot;name&quot;: &quot;asciijump&quot;,
            &quot;action&quot;: &quot;delete&quot;,
            &quot;id&quot;: &quot;5475369&quot;,
            &quot;version&quot;: &quot;::apt&quot;,
            &quot;url&quot;: &quot; &quot;
        },
        {
            &quot;name&quot;: &quot;cherry&quot;,
            &quot;action&quot;: &quot;delete&quot;,
            &quot;id&quot;: &quot;5495382&quot;,
            &quot;version&quot;: &quot;::fruits&quot;,
            &quot;url&quot;: &quot; &quot;
        },
        {
            &quot;name&quot;: &quot;registry&quot;,
            &quot;action&quot;: &quot;delete&quot;,
            &quot;id&quot;: &quot;8018911&quot;,
            &quot;version&quot;: &quot;::docker&quot;,
            &quot;url&quot;: &quot; &quot;
        }
    ]
}
11:40:14 INFO  Started operation: {'creationTime': '2022-07-25T11:40:14.473Z', 'deviceId': '21371117', 'deviceName': 'm32sd10c', 'self': 'https://t493319102.eu-latest.cumulocity.com/devicecontrol/operations/21377839', 'id': '21377839', 'status': 'PENDING', 'description': &quot;Apply software changes, triggered from PySys: [{'action': 'delete', 'id': '5495053', 'name': 'apple', 'url': ' ', 'version': '::fruits'}, {'action': 'delete', 'id': '5494888', 'name': 'banana', 'url': ' ', 'version': '::fruits'}, {'action': 'delete', 'id': '5475369', 'name': 'asciijump', 'url': ' ', 'version': '::apt'}, {'action': 'delete', 'id': '5495382', 'name': 'cherry', 'url': ' ', 'version': '::fruits'}, {'action': 'delete', 'id': '8018911', 'name': 'registry', 'url': ' ', 'version': '::docker'}]&quot;, 'c8y_SoftwareUpdate': [{'name': 'apple', 'action': 'delete', 'id': '5495053', 'version': '::fruits', 'url': ' '}, {'name': 'banana', 'action': 'delete', 'id': '5494888', 'version': '::fruits', 'url': ' '}, {'name': 'asciijump', 'action': 'delete', 'id': '5475369', 'version': '::apt', 'url': ' '}, {'name': 'cherry', 'action': 'delete', 'id': '5495382', 'version': '::fruits', 'url': ' '}, {'name': 'registry', 'action': 'delete', 'id': '8018911', 'version': '::docker', 'url': ' '}]}
11:40:16 INFO  State of operation 21377839 : PENDING
11:40:18 INFO  State of operation 21377839 : EXECUTING
11:40:21 INFO  State of operation 21377839 : EXECUTING
11:40:23 INFO  State of operation 21377839 : EXECUTING
11:40:25 INFO  State of operation 21377839 : EXECUTING
11:40:27 INFO  State of operation 21377839 : EXECUTING
11:40:30 INFO  State of operation 21377839 : EXECUTING
11:40:33 INFO  State of operation 21377839 : EXECUTING
11:40:35 INFO  State of operation 21377839 : EXECUTING
11:40:37 INFO  State of operation 21377839 : EXECUTING
11:40:40 INFO  State of operation 21377839 : EXECUTING
11:40:42 INFO  State of operation 21377839 : EXECUTING
11:40:44 INFO  State of operation 21377839 : EXECUTING
11:40:46 INFO  State of operation 21377839 : EXECUTING
11:40:49 INFO  State of operation 21377839 : EXECUTING
11:40:51 INFO  State of operation 21377839 : EXECUTING
11:40:55 INFO  State of operation 21377839 : EXECUTING
11:40:57 INFO  State of operation 21377839 : EXECUTING
11:40:59 INFO  State of operation 21377839 : EXECUTING
11:41:02 INFO  State of operation 21377839 : EXECUTING
11:41:04 INFO  State of operation 21377839 : EXECUTING
11:41:06 INFO  State of operation 21377839 : EXECUTING
11:41:09 INFO  State of operation 21377839 : EXECUTING
11:41:11 INFO  State of operation 21377839 : EXECUTING
11:41:14 INFO  State of operation 21377839 : EXECUTING
11:41:16 INFO  State of operation 21377839 : EXECUTING
11:41:18 INFO  State of operation 21377839 : EXECUTING
11:41:21 INFO  State of operation 21377839 : EXECUTING
11:41:23 INFO  State of operation 21377839 : EXECUTING
11:41:25 INFO  State of operation 21377839 : SUCCESSFUL
11:41:25 INFO  Package apple is installed
11:41:25 INFO  Assert that (True == value) with value=True ... passed
11:41:25 INFO  Package banana is installed
11:41:25 INFO  Assert that (True == value) with value=True ... passed
11:41:26 INFO  Package cherry is installed
11:41:26 INFO  Assert that (True == value) with value=True ... passed
11:41:26 INFO  Assert that (False == value) with value=False ... passed
11:41:26 INFO  Assert that (False == value) with value=False ... passed
11:41:26 INFO  
11:41:26 INFO  cleanup:
11:41:30 INFO  Executed sudo&lt;tedge_disconnect_c8y&gt;, exit status 0
11:41:31 INFO  Executed systemctl&lt;serv_mapper5&gt;, exit status 3
11:41:31 INFO  
11:41:31 INFO  Test duration: 164.94 secs
11:41:31 INFO  Test final outcome:  FAILED
11:41:31 INFO  Test outcome reason: Assert that (False == value) with value=True
11:41:31 INFO  
</system-out>
	</testcase>
</testsuite>
