<?xml version="1.0" encoding="utf-8"?>
<testsuite failures="1" name="SoftwareManagement.sm_mixed_install_remove_multiple" skipped="0" tests="1" time="165.26" timestamp="2022-07-01T08:15:01">
	<testcase classname="PySysTest" name="SoftwareManagement.sm_mixed_install_remove_multiple">
		<failure message="FAILED: Assert that (False == value) with value=True" type="FAILED"/>
		<system-out>08:12:16 INFO  ==============================================================
08:12:16 INFO  Id:    SoftwareManagement.sm_mixed_install_remove_multiple
08:12:16 INFO  Dir:   software_management_end_to_end/
08:12:16 INFO  Title: Validate end to end behaviour for the dummy-plugin for multiple packages with mixed versions
08:12:16 INFO  ==============================================================
08:12:16 INFO  Using sw id database: {'asciijump': '5475369', 'robotfindskitten': '5474869', 'squirrel3': '5475279', 'rolldice': '5152439', 'moon-buggy': '5439204', 'apple': '5495053', 'banana': '5494888', 'cherry': '5495382', 'watermelon': '5494510', 'registry': '8018911', 'hello-world': '8021526', 'docker/getting-started': '8021973', 'alpine': '7991792'}
08:12:16 INFO  EnvironmentC8y Setup
08:12:16 INFO  Executed systemctl&lt;serv_mapper1&gt;, exit status 3
08:12:17 INFO  Restarting mosquitto too frequently in the last 10 seconds. It was only up for 4 seconds
08:12:17 INFO  Delaying execution by 7 seconds
08:12:38 INFO  Executed sudo&lt;tedge_connect_c8y&gt;, exit status 0, duration 13 secs
08:12:38 INFO  Executed sudo&lt;tedge_connect_c8y_test&gt;, exit status 0
08:12:39 INFO  Executed systemctl&lt;serv_mosq2&gt;, exit status 0
08:12:39 INFO  Executed systemctl&lt;serv_mapper3&gt;, exit status 0
08:12:41 INFO  State of current operation: SUCCESSFUL
08:12:42 INFO  Package apple is installed
08:12:42 INFO  Assert that (True == value) with value=True ... passed
08:12:42 INFO  Package banana is installed
08:12:42 INFO  Assert that (True == value) with value=True ... passed
08:12:42 INFO  Package cherry is installed
08:12:42 INFO  Assert that (True == value) with value=True ... passed
08:12:42 INFO  Package asciijump is installed
08:12:42 WARN  Assert that (False == value) with value=True ... failed 
08:12:43 INFO  Assert that (False == value) with value=False ... passed
08:12:43 INFO  Response status: 201
08:12:43 INFO  Response to action: {
    &quot;creationTime&quot;: &quot;2022-07-01T08:12:43.318Z&quot;,
    &quot;deviceId&quot;: &quot;20627470&quot;,
    &quot;deviceName&quot;: &quot;m32sd10c&quot;,
    &quot;self&quot;: &quot;https://t493319102.eu-latest.cumulocity.com/devicecontrol/operations/20666288&quot;,
    &quot;id&quot;: &quot;20666288&quot;,
    &quot;status&quot;: &quot;PENDING&quot;,
    &quot;description&quot;: &quot;Apply software changes, triggered from PySys: [{'action': 'install', 'id': '5495053', 'name': 'apple', 'url': ' ', 'version': '::fruits'}, {'action': 'install', 'id': '5494888', 'name': 'banana', 'url': ' ', 'version': '::fruits'}, {'action': 'install', 'id': '5475369', 'name': 'asciijump', 'url': ' ', 'version': '::apt'}, {'action': 'install', 'id': '5495382', 'name': 'cherry', 'url': ' ', 'version': '::fruits'}, {'action': 'install', 'id': '8018911', 'name': 'registry', 'url': ' ', 'version': '::docker'}]&quot;,
    &quot;c8y_SoftwareUpdate&quot;: [
        {
            &quot;name&quot;: &quot;apple&quot;,
            &quot;action&quot;: &quot;install&quot;,
            &quot;id&quot;: &quot;5495053&quot;,
            &quot;version&quot;: &quot;::fruits&quot;,
            &quot;url&quot;: &quot; &quot;
        },
        {
            &quot;name&quot;: &quot;banana&quot;,
            &quot;action&quot;: &quot;install&quot;,
            &quot;id&quot;: &quot;5494888&quot;,
            &quot;version&quot;: &quot;::fruits&quot;,
            &quot;url&quot;: &quot; &quot;
        },
        {
            &quot;name&quot;: &quot;asciijump&quot;,
            &quot;action&quot;: &quot;install&quot;,
            &quot;id&quot;: &quot;5475369&quot;,
            &quot;version&quot;: &quot;::apt&quot;,
            &quot;url&quot;: &quot; &quot;
        },
        {
            &quot;name&quot;: &quot;cherry&quot;,
            &quot;action&quot;: &quot;install&quot;,
            &quot;id&quot;: &quot;5495382&quot;,
            &quot;version&quot;: &quot;::fruits&quot;,
            &quot;url&quot;: &quot; &quot;
        },
        {
            &quot;name&quot;: &quot;registry&quot;,
            &quot;action&quot;: &quot;install&quot;,
            &quot;id&quot;: &quot;8018911&quot;,
            &quot;version&quot;: &quot;::docker&quot;,
            &quot;url&quot;: &quot; &quot;
        }
    ]
}
08:12:43 INFO  Started operation: {'creationTime': '2022-07-01T08:12:43.318Z', 'deviceId': '20627470', 'deviceName': 'm32sd10c', 'self': 'https://t493319102.eu-latest.cumulocity.com/devicecontrol/operations/20666288', 'id': '20666288', 'status': 'PENDING', 'description': &quot;Apply software changes, triggered from PySys: [{'action': 'install', 'id': '5495053', 'name': 'apple', 'url': ' ', 'version': '::fruits'}, {'action': 'install', 'id': '5494888', 'name': 'banana', 'url': ' ', 'version': '::fruits'}, {'action': 'install', 'id': '5475369', 'name': 'asciijump', 'url': ' ', 'version': '::apt'}, {'action': 'install', 'id': '5495382', 'name': 'cherry', 'url': ' ', 'version': '::fruits'}, {'action': 'install', 'id': '8018911', 'name': 'registry', 'url': ' ', 'version': '::docker'}]&quot;, 'c8y_SoftwareUpdate': [{'name': 'apple', 'action': 'install', 'id': '5495053', 'version': '::fruits', 'url': ' '}, {'name': 'banana', 'action': 'install', 'id': '5494888', 'version': '::fruits', 'url': ' '}, {'name': 'asciijump', 'action': 'install', 'id': '5475369', 'version': '::apt', 'url': ' '}, {'name': 'cherry', 'action': 'install', 'id': '5495382', 'version': '::fruits', 'url': ' '}, {'name': 'registry', 'action': 'install', 'id': '8018911', 'version': '::docker', 'url': ' '}]}
08:12:45 INFO  State of operation 20666288 : PENDING
08:12:47 INFO  State of operation 20666288 : EXECUTING
08:12:50 INFO  State of operation 20666288 : EXECUTING
08:12:52 INFO  State of operation 20666288 : EXECUTING
08:12:54 INFO  State of operation 20666288 : EXECUTING
08:12:56 INFO  State of operation 20666288 : EXECUTING
08:12:59 INFO  State of operation 20666288 : EXECUTING
08:13:02 INFO  State of operation 20666288 : EXECUTING
08:13:04 INFO  State of operation 20666288 : EXECUTING
08:13:06 INFO  State of operation 20666288 : EXECUTING
08:13:09 INFO  State of operation 20666288 : EXECUTING
08:13:11 INFO  State of operation 20666288 : EXECUTING
08:13:13 INFO  State of operation 20666288 : EXECUTING
08:13:15 INFO  State of operation 20666288 : EXECUTING
08:13:17 INFO  State of operation 20666288 : EXECUTING
08:13:20 INFO  State of operation 20666288 : EXECUTING
08:13:22 INFO  State of operation 20666288 : EXECUTING
08:13:24 INFO  State of operation 20666288 : EXECUTING
08:13:26 INFO  State of operation 20666288 : EXECUTING
08:13:29 INFO  State of operation 20666288 : EXECUTING
08:13:31 INFO  State of operation 20666288 : EXECUTING
08:13:33 INFO  State of operation 20666288 : EXECUTING
08:13:36 INFO  State of operation 20666288 : EXECUTING
08:13:38 INFO  State of operation 20666288 : EXECUTING
08:13:40 INFO  State of operation 20666288 : EXECUTING
08:13:42 INFO  State of operation 20666288 : SUCCESSFUL
08:13:43 INFO  Package apple is installed
08:13:43 INFO  Assert that (True == value) with value=True ... passed
08:13:43 INFO  Package banana is installed
08:13:43 INFO  Assert that (True == value) with value=True ... passed
08:13:43 INFO  Package cherry is installed
08:13:43 INFO  Assert that (True == value) with value=True ... passed
08:13:43 INFO  Package asciijump is installed
08:13:43 INFO  Assert that (True == value) with value=True ... passed
08:13:43 INFO  Package registry is installed
08:13:43 INFO  Assert that (True == value) with value=True ... passed
08:13:44 INFO  Response status: 201
08:13:44 INFO  Response to action: {
    &quot;creationTime&quot;: &quot;2022-07-01T08:13:44.100Z&quot;,
    &quot;deviceId&quot;: &quot;20627470&quot;,
    &quot;deviceName&quot;: &quot;m32sd10c&quot;,
    &quot;self&quot;: &quot;https://t493319102.eu-latest.cumulocity.com/devicecontrol/operations/20666300&quot;,
    &quot;id&quot;: &quot;20666300&quot;,
    &quot;status&quot;: &quot;PENDING&quot;,
    &quot;description&quot;: &quot;Apply software changes, triggered from PySys: [{'action': 'delete', 'id': '5495053', 'name': 'apple', 'url': ' ', 'version': '::fruits'}, {'action': 'delete', 'id': '5494888', 'name': 'banana', 'url': ' ', 'version': '::fruits'}, {'action': 'delete', 'id': '5475369', 'name': 'asciijump', 'url': ' ', 'version': '::apt'}, {'action': 'delete', 'id': '5495382', 'name': 'cherry', 'url': ' ', 'version': '::fruits'}, {'action': 'delete', 'id': '8018911', 'name': 'registry', 'url': ' ', 'version': '::docker'}]&quot;,
    &quot;c8y_SoftwareUpdate&quot;: [
        {
            &quot;name&quot;: &quot;apple&quot;,
            &quot;action&quot;: &quot;delete&quot;,
            &quot;id&quot;: &quot;5495053&quot;,
            &quot;version&quot;: &quot;::fruits&quot;,
            &quot;url&quot;: &quot; &quot;
        },
        {
            &quot;name&quot;: &quot;banana&quot;,
            &quot;action&quot;: &quot;delete&quot;,
            &quot;id&quot;: &quot;5494888&quot;,
            &quot;version&quot;: &quot;::fruits&quot;,
            &quot;url&quot;: &quot; &quot;
        },
        {
            &quot;name&quot;: &quot;asciijump&quot;,
            &quot;action&quot;: &quot;delete&quot;,
            &quot;id&quot;: &quot;5475369&quot;,
            &quot;version&quot;: &quot;::apt&quot;,
            &quot;url&quot;: &quot; &quot;
        },
        {
            &quot;name&quot;: &quot;cherry&quot;,
            &quot;action&quot;: &quot;delete&quot;,
            &quot;id&quot;: &quot;5495382&quot;,
            &quot;version&quot;: &quot;::fruits&quot;,
            &quot;url&quot;: &quot; &quot;
        },
        {
            &quot;name&quot;: &quot;registry&quot;,
            &quot;action&quot;: &quot;delete&quot;,
            &quot;id&quot;: &quot;8018911&quot;,
            &quot;version&quot;: &quot;::docker&quot;,
            &quot;url&quot;: &quot; &quot;
        }
    ]
}
08:13:44 INFO  Started operation: {'creationTime': '2022-07-01T08:13:44.100Z', 'deviceId': '20627470', 'deviceName': 'm32sd10c', 'self': 'https://t493319102.eu-latest.cumulocity.com/devicecontrol/operations/20666300', 'id': '20666300', 'status': 'PENDING', 'description': &quot;Apply software changes, triggered from PySys: [{'action': 'delete', 'id': '5495053', 'name': 'apple', 'url': ' ', 'version': '::fruits'}, {'action': 'delete', 'id': '5494888', 'name': 'banana', 'url': ' ', 'version': '::fruits'}, {'action': 'delete', 'id': '5475369', 'name': 'asciijump', 'url': ' ', 'version': '::apt'}, {'action': 'delete', 'id': '5495382', 'name': 'cherry', 'url': ' ', 'version': '::fruits'}, {'action': 'delete', 'id': '8018911', 'name': 'registry', 'url': ' ', 'version': '::docker'}]&quot;, 'c8y_SoftwareUpdate': [{'name': 'apple', 'action': 'delete', 'id': '5495053', 'version': '::fruits', 'url': ' '}, {'name': 'banana', 'action': 'delete', 'id': '5494888', 'version': '::fruits', 'url': ' '}, {'name': 'asciijump', 'action': 'delete', 'id': '5475369', 'version': '::apt', 'url': ' '}, {'name': 'cherry', 'action': 'delete', 'id': '5495382', 'version': '::fruits', 'url': ' '}, {'name': 'registry', 'action': 'delete', 'id': '8018911', 'version': '::docker', 'url': ' '}]}
08:13:46 INFO  State of operation 20666300 : PENDING
08:13:48 INFO  State of operation 20666300 : EXECUTING
08:13:50 INFO  State of operation 20666300 : EXECUTING
08:13:53 INFO  State of operation 20666300 : EXECUTING
08:13:55 INFO  State of operation 20666300 : EXECUTING
08:13:57 INFO  State of operation 20666300 : EXECUTING
08:14:00 INFO  State of operation 20666300 : EXECUTING
08:14:03 INFO  State of operation 20666300 : EXECUTING
08:14:05 INFO  State of operation 20666300 : EXECUTING
08:14:07 INFO  State of operation 20666300 : EXECUTING
08:14:10 INFO  State of operation 20666300 : EXECUTING
08:14:12 INFO  State of operation 20666300 : EXECUTING
08:14:14 INFO  State of operation 20666300 : EXECUTING
08:14:16 INFO  State of operation 20666300 : EXECUTING
08:14:18 INFO  State of operation 20666300 : EXECUTING
08:14:21 INFO  State of operation 20666300 : EXECUTING
08:14:25 INFO  State of operation 20666300 : EXECUTING
08:14:28 INFO  State of operation 20666300 : EXECUTING
08:14:30 INFO  State of operation 20666300 : EXECUTING
08:14:32 INFO  State of operation 20666300 : EXECUTING
08:14:34 INFO  State of operation 20666300 : EXECUTING
08:14:36 INFO  State of operation 20666300 : EXECUTING
08:14:39 INFO  State of operation 20666300 : EXECUTING
08:14:42 INFO  State of operation 20666300 : EXECUTING
08:14:44 INFO  State of operation 20666300 : EXECUTING
08:14:46 INFO  State of operation 20666300 : EXECUTING
08:14:48 INFO  State of operation 20666300 : EXECUTING
08:14:51 INFO  State of operation 20666300 : EXECUTING
08:14:53 INFO  State of operation 20666300 : EXECUTING
08:14:55 INFO  State of operation 20666300 : SUCCESSFUL
08:14:55 INFO  Package apple is installed
08:14:55 INFO  Assert that (True == value) with value=True ... passed
08:14:56 INFO  Package banana is installed
08:14:56 INFO  Assert that (True == value) with value=True ... passed
08:14:56 INFO  Package cherry is installed
08:14:56 INFO  Assert that (True == value) with value=True ... passed
08:14:56 INFO  Assert that (False == value) with value=False ... passed
08:14:56 INFO  Assert that (False == value) with value=False ... passed
08:14:56 INFO  
08:14:56 INFO  cleanup:
08:15:01 INFO  Executed sudo&lt;tedge_disconnect_c8y&gt;, exit status 0
08:15:01 INFO  Executed systemctl&lt;serv_mapper5&gt;, exit status 3
08:15:01 INFO  
08:15:01 INFO  Test duration: 165.26 secs
08:15:01 INFO  Test final outcome:  FAILED
08:15:01 INFO  Test outcome reason: Assert that (False == value) with value=True
08:15:01 INFO  
</system-out>
	</testcase>
</testsuite>
