<?xml version="1.0" encoding="utf-8"?>
<testsuite failures="1" name="SoftwareManagement.sm_mixed_install_remove_multiple" skipped="0" tests="1" time="167.7" timestamp="2022-05-25T12:25:31">
	<testcase classname="PySysTest" name="SoftwareManagement.sm_mixed_install_remove_multiple">
		<failure message="BLOCKED: SystemError: Timeout while waiting for status FAILED or SUCCESSFUL" type="BLOCKED"/>
		<system-out>12:22:43 INFO  ==============================================================
12:22:43 INFO  Id:    SoftwareManagement.sm_mixed_install_remove_multiple
12:22:43 INFO  Dir:   software_management_end_to_end/
12:22:43 INFO  Title: Validate end to end behaviour for the dummy-plugin for multiple packages with mixed versions
12:22:43 INFO  ==============================================================
12:22:43 INFO  Using sw id database: {'asciijump': '5475369', 'robotfindskitten': '5474869', 'squirrel3': '5475279', 'rolldice': '5152439', 'moon-buggy': '5439204', 'apple': '5495053', 'banana': '5494888', 'cherry': '5495382', 'watermelon': '5494510', 'registry': '8018911', 'hello-world': '8021526', 'docker/getting-started': '8021973', 'alpine': '7991792'}
12:22:43 INFO  EnvironmentC8y Setup
12:22:44 INFO  Executed systemctl&lt;serv_mapper1&gt;, exit status 3
12:22:44 INFO  Restarting mosquitto too frequently in the last 10 seconds. It was only up for 4 seconds
12:22:44 INFO  Delaying execution by 7 seconds
12:23:05 INFO  Executed sudo&lt;tedge_connect_c8y&gt;, exit status 0, duration 14 secs
12:23:06 INFO  Executed sudo&lt;tedge_connect_c8y_test&gt;, exit status 0
12:23:06 INFO  Executed systemctl&lt;serv_mosq2&gt;, exit status 0
12:23:07 INFO  Executed systemctl&lt;serv_mapper3&gt;, exit status 0
12:23:09 INFO  State of current operation: PENDING
12:23:11 INFO  State of current operation: PENDING
12:23:14 INFO  State of current operation: PENDING
12:23:16 INFO  State of current operation: PENDING
12:23:18 INFO  State of current operation: PENDING
12:23:20 INFO  State of current operation: PENDING
12:23:23 INFO  State of current operation: PENDING
12:23:25 INFO  State of current operation: PENDING
12:23:27 INFO  State of current operation: PENDING
12:23:29 INFO  State of current operation: PENDING
12:23:32 INFO  State of current operation: PENDING
12:23:34 INFO  State of current operation: PENDING
12:23:36 INFO  State of current operation: PENDING
12:23:38 INFO  State of current operation: PENDING
12:23:41 INFO  State of current operation: PENDING
12:23:43 INFO  State of current operation: PENDING
12:23:45 INFO  State of current operation: PENDING
12:23:47 INFO  State of current operation: PENDING
12:23:50 INFO  State of current operation: PENDING
12:23:52 INFO  State of current operation: PENDING
12:23:54 INFO  State of current operation: PENDING
12:23:56 INFO  State of current operation: PENDING
12:23:59 INFO  State of current operation: PENDING
12:24:01 INFO  State of current operation: PENDING
12:24:03 INFO  State of current operation: PENDING
12:24:05 INFO  State of current operation: PENDING
12:24:08 INFO  State of current operation: PENDING
12:24:10 INFO  State of current operation: PENDING
12:24:12 INFO  State of current operation: PENDING
12:24:15 INFO  State of current operation: PENDING
12:24:17 INFO  State of current operation: PENDING
12:24:19 INFO  State of current operation: PENDING
12:24:21 INFO  State of current operation: PENDING
12:24:24 INFO  State of current operation: PENDING
12:24:26 INFO  State of current operation: PENDING
12:24:28 INFO  State of current operation: PENDING
12:24:30 INFO  State of current operation: PENDING
12:24:33 INFO  State of current operation: PENDING
12:24:35 INFO  State of current operation: PENDING
12:24:37 INFO  State of current operation: PENDING
12:24:39 INFO  State of current operation: PENDING
12:24:42 INFO  State of current operation: PENDING
12:24:44 INFO  State of current operation: PENDING
12:24:46 INFO  State of current operation: PENDING
12:24:49 INFO  State of current operation: PENDING
12:24:51 INFO  State of current operation: PENDING
12:24:53 INFO  State of current operation: PENDING
12:24:55 INFO  State of current operation: PENDING
12:24:57 INFO  State of current operation: PENDING
12:25:00 INFO  State of current operation: PENDING
12:25:02 INFO  State of current operation: PENDING
12:25:04 INFO  State of current operation: PENDING
12:25:06 INFO  State of current operation: PENDING
12:25:09 INFO  State of current operation: PENDING
12:25:11 INFO  State of current operation: PENDING
12:25:13 INFO  State of current operation: PENDING
12:25:15 INFO  State of current operation: PENDING
12:25:18 INFO  State of current operation: PENDING
12:25:20 INFO  State of current operation: PENDING
12:25:22 INFO  State of current operation: PENDING
12:25:24 INFO  State of current operation: PENDING
12:25:26 WARN  SystemError occurred while running test - Timeout while waiting for status FAILED or SUCCESSFUL
Traceback (most recent call last):
  File &quot;/home/pi/env-pysys/lib/python3.7/site-packages/pysys/baserunner.py&quot;, line 1292, in __call__
    self.testObj.setup()
  File &quot;/home/pi/actions-runner/_work/thin-edge.io/thin-edge.io/tests/PySys/software_management_end_to_end/sm_mixed_install_remove_multiple/run.py&quot;, line 83, in setup
    super().setup()
  File &quot;/home/pi/actions-runner/_work/thin-edge.io/thin-edge.io/tests/PySys/software_management_end_to_end/environment_sm_management.py&quot;, line 151, in setup
    self.wait_until_end()
  File &quot;/home/pi/actions-runner/_work/thin-edge.io/thin-edge.io/tests/PySys/software_management_end_to_end/environment_sm_management.py&quot;, line 332, in wait_until_end
    self.wait_until_status(&quot;FAILED&quot;, &quot;SUCCESSFUL&quot;)
  File &quot;/home/pi/actions-runner/_work/thin-edge.io/thin-edge.io/tests/PySys/software_management_end_to_end/environment_sm_management.py&quot;, line 381, in wait_until_status
    &quot;Timeout while waiting for status %s or %s&quot; % (status, status2)
SystemError: Timeout while waiting for status FAILED or SUCCESSFUL
12:25:26 WARN  SystemError: Timeout while waiting for status FAILED or SUCCESSFUL ... blocked 
12:25:26 INFO  
12:25:26 INFO  cleanup:
12:25:31 INFO  Executed sudo&lt;tedge_disconnect_c8y&gt;, exit status 0
12:25:31 INFO  Executed systemctl&lt;serv_mapper5&gt;, exit status 3
12:25:31 INFO  
12:25:31 INFO  Test duration: 167.70 secs
12:25:31 INFO  Test final outcome:  BLOCKED
12:25:31 INFO  Test outcome reason: SystemError: Timeout while waiting for status FAILED or SUCCESSFUL
12:25:31 INFO  
</system-out>
	</testcase>
</testsuite>
