<?xml version="1.0" encoding="utf-8"?>
<testsuite failures="1" name="SoftwareManagement.sm_fake_install_remove" skipped="0" tests="1" time="165.57" timestamp="2022-05-25T12:19:56">
	<testcase classname="PySysTest" name="SoftwareManagement.sm_fake_install_remove">
		<failure message="BLOCKED: SystemError: Timeout while waiting for status FAILED or SUCCESSFUL" type="BLOCKED"/>
		<system-out>12:17:11 INFO  ==============================================================
12:17:11 INFO  Id:    SoftwareManagement.sm_fake_install_remove
12:17:11 INFO  Dir:   software_management_end_to_end/
12:17:11 INFO  Title: Validate end to end behaviour for the dummy plugin for installation and removal of packages
12:17:11 INFO  ==============================================================
12:17:11 INFO  Using sw id database: {'asciijump': '5475369', 'robotfindskitten': '5474869', 'squirrel3': '5475279', 'rolldice': '5152439', 'moon-buggy': '5439204', 'apple': '5495053', 'banana': '5494888', 'cherry': '5495382', 'watermelon': '5494510', 'registry': '8018911', 'hello-world': '8021526', 'docker/getting-started': '8021973', 'alpine': '7991792'}
12:17:11 INFO  EnvironmentC8y Setup
12:17:11 INFO  Executed systemctl&lt;serv_mapper1&gt;, exit status 3
12:17:11 INFO  Restarting mosquitto too frequently in the last 10 seconds. It was only up for 5 seconds
12:17:11 INFO  Delaying execution by 6 seconds
12:17:31 INFO  Executed sudo&lt;tedge_connect_c8y&gt;, exit status 0, duration 13 secs
12:17:32 INFO  Executed sudo&lt;tedge_connect_c8y_test&gt;, exit status 0
12:17:32 INFO  Executed systemctl&lt;serv_mosq2&gt;, exit status 0
12:17:33 INFO  Executed systemctl&lt;serv_mapper3&gt;, exit status 0
12:17:35 INFO  State of current operation: PENDING
12:17:37 INFO  State of current operation: PENDING
12:17:40 INFO  State of current operation: PENDING
12:17:42 INFO  State of current operation: PENDING
12:17:44 INFO  State of current operation: PENDING
12:17:46 INFO  State of current operation: PENDING
12:17:48 INFO  State of current operation: PENDING
12:17:51 INFO  State of current operation: PENDING
12:17:53 INFO  State of current operation: PENDING
12:17:55 INFO  State of current operation: PENDING
12:17:58 INFO  State of current operation: PENDING
12:18:00 INFO  State of current operation: PENDING
12:18:02 INFO  State of current operation: PENDING
12:18:04 INFO  State of current operation: PENDING
12:18:06 INFO  State of current operation: PENDING
12:18:09 INFO  State of current operation: PENDING
12:18:11 INFO  State of current operation: PENDING
12:18:13 INFO  State of current operation: PENDING
12:18:15 INFO  State of current operation: PENDING
12:18:18 INFO  State of current operation: PENDING
12:18:20 INFO  State of current operation: PENDING
12:18:22 INFO  State of current operation: PENDING
12:18:25 INFO  State of current operation: PENDING
12:18:27 INFO  State of current operation: PENDING
12:18:29 INFO  State of current operation: PENDING
12:18:31 INFO  State of current operation: PENDING
12:18:34 INFO  State of current operation: PENDING
12:18:36 INFO  State of current operation: PENDING
12:18:38 INFO  State of current operation: PENDING
12:18:40 INFO  State of current operation: PENDING
12:18:42 INFO  State of current operation: PENDING
12:18:45 INFO  State of current operation: PENDING
12:18:47 INFO  State of current operation: PENDING
12:18:49 INFO  State of current operation: PENDING
12:18:51 INFO  State of current operation: PENDING
12:18:54 INFO  State of current operation: PENDING
12:18:56 INFO  State of current operation: PENDING
12:18:58 INFO  State of current operation: PENDING
12:19:00 INFO  State of current operation: PENDING
12:19:03 INFO  State of current operation: PENDING
12:19:05 INFO  State of current operation: PENDING
12:19:07 INFO  State of current operation: PENDING
12:19:09 INFO  State of current operation: PENDING
12:19:11 INFO  State of current operation: PENDING
12:19:14 INFO  State of current operation: PENDING
12:19:16 INFO  State of current operation: PENDING
12:19:18 INFO  State of current operation: PENDING
12:19:20 INFO  State of current operation: PENDING
12:19:23 INFO  State of current operation: PENDING
12:19:25 INFO  State of current operation: PENDING
12:19:27 INFO  State of current operation: PENDING
12:19:29 INFO  State of current operation: PENDING
12:19:32 INFO  State of current operation: PENDING
12:19:34 INFO  State of current operation: PENDING
12:19:36 INFO  State of current operation: PENDING
12:19:38 INFO  State of current operation: PENDING
12:19:41 INFO  State of current operation: PENDING
12:19:43 INFO  State of current operation: PENDING
12:19:45 INFO  State of current operation: PENDING
12:19:47 INFO  State of current operation: PENDING
12:19:49 INFO  State of current operation: PENDING
12:19:51 WARN  SystemError occurred while running test - Timeout while waiting for status FAILED or SUCCESSFUL
Traceback (most recent call last):
  File &quot;/home/pi/env-pysys/lib/python3.7/site-packages/pysys/baserunner.py&quot;, line 1292, in __call__
    self.testObj.setup()
  File &quot;/home/pi/actions-runner/_work/thin-edge.io/thin-edge.io/tests/PySys/software_management_end_to_end/sm_fake_install_remove/run.py&quot;, line 38, in setup
    super().setup()
  File &quot;/home/pi/actions-runner/_work/thin-edge.io/thin-edge.io/tests/PySys/software_management_end_to_end/environment_sm_management.py&quot;, line 151, in setup
    self.wait_until_end()
  File &quot;/home/pi/actions-runner/_work/thin-edge.io/thin-edge.io/tests/PySys/software_management_end_to_end/environment_sm_management.py&quot;, line 332, in wait_until_end
    self.wait_until_status(&quot;FAILED&quot;, &quot;SUCCESSFUL&quot;)
  File &quot;/home/pi/actions-runner/_work/thin-edge.io/thin-edge.io/tests/PySys/software_management_end_to_end/environment_sm_management.py&quot;, line 381, in wait_until_status
    &quot;Timeout while waiting for status %s or %s&quot; % (status, status2)
SystemError: Timeout while waiting for status FAILED or SUCCESSFUL
12:19:52 WARN  SystemError: Timeout while waiting for status FAILED or SUCCESSFUL ... blocked 
12:19:52 INFO  
12:19:52 INFO  cleanup:
12:19:56 INFO  Executed sudo&lt;tedge_disconnect_c8y&gt;, exit status 0
12:19:56 INFO  Executed systemctl&lt;serv_mapper5&gt;, exit status 3
12:19:56 INFO  
12:19:56 INFO  Test duration: 165.57 secs
12:19:56 INFO  Test final outcome:  BLOCKED
12:19:56 INFO  Test outcome reason: SystemError: Timeout while waiting for status FAILED or SUCCESSFUL
12:19:56 INFO  
</system-out>
	</testcase>
</testsuite>
