<?xml version="1.0" encoding="utf-8"?>
<testsuite failures="1" name="SoftwareManagement.sm_apt_install_remove_multiple_mixed" skipped="0" tests="1" time="164.67" timestamp="2022-07-22T03:18:05">
	<testcase classname="PySysTest" name="SoftwareManagement.sm_apt_install_remove_multiple_mixed">
		<failure message="BLOCKED: SystemError: Timeout while waiting for status FAILED or SUCCESSFUL" type="BLOCKED"/>
		<system-out>03:15:20 INFO  ==============================================================
03:15:20 INFO  Id:    SoftwareManagement.sm_apt_install_remove_multiple_mixed
03:15:20 INFO  Dir:   software_management_end_to_end/
03:15:20 INFO  Title: Validate end to end behaviour for the apt plugin for multiple packages with mixed versions
03:15:20 INFO  ==============================================================
03:15:20 INFO  Using sw id database: {'asciijump': '5475369', 'robotfindskitten': '5474869', 'squirrel3': '5475279', 'rolldice': '5152439', 'moon-buggy': '5439204', 'apple': '5495053', 'banana': '5494888', 'cherry': '5495382', 'watermelon': '5494510', 'registry': '8018911', 'hello-world': '8021526', 'docker/getting-started': '8021973', 'alpine': '7991792'}
03:15:20 INFO  EnvironmentC8y Setup
03:15:21 INFO  Executed systemctl&lt;serv_mapper1&gt;, exit status 3
03:15:21 INFO  Restarting mosquitto too frequently in the last 10 seconds. It was only up for 5 seconds
03:15:21 INFO  Delaying execution by 6 seconds
03:15:41 INFO  Executed sudo&lt;tedge_connect_c8y&gt;, exit status 0, duration 13 secs
03:15:41 INFO  Executed sudo&lt;tedge_connect_c8y_test&gt;, exit status 0
03:15:42 INFO  Executed systemctl&lt;serv_mosq2&gt;, exit status 0
03:15:42 INFO  Executed systemctl&lt;serv_mapper3&gt;, exit status 0
03:15:45 INFO  State of current operation: EXECUTING
03:15:47 INFO  State of current operation: EXECUTING
03:15:49 INFO  State of current operation: EXECUTING
03:15:51 INFO  State of current operation: EXECUTING
03:15:54 INFO  State of current operation: EXECUTING
03:15:56 INFO  State of current operation: EXECUTING
03:15:58 INFO  State of current operation: EXECUTING
03:16:01 INFO  State of current operation: EXECUTING
03:16:03 INFO  State of current operation: EXECUTING
03:16:05 INFO  State of current operation: EXECUTING
03:16:07 INFO  State of current operation: EXECUTING
03:16:09 INFO  State of current operation: EXECUTING
03:16:12 INFO  State of current operation: EXECUTING
03:16:14 INFO  State of current operation: EXECUTING
03:16:16 INFO  State of current operation: EXECUTING
03:16:18 INFO  State of current operation: EXECUTING
03:16:21 INFO  State of current operation: EXECUTING
03:16:23 INFO  State of current operation: EXECUTING
03:16:25 INFO  State of current operation: EXECUTING
03:16:27 INFO  State of current operation: EXECUTING
03:16:29 INFO  State of current operation: EXECUTING
03:16:32 INFO  State of current operation: EXECUTING
03:16:34 INFO  State of current operation: EXECUTING
03:16:36 INFO  State of current operation: EXECUTING
03:16:38 INFO  State of current operation: EXECUTING
03:16:41 INFO  State of current operation: EXECUTING
03:16:43 INFO  State of current operation: EXECUTING
03:16:45 INFO  State of current operation: EXECUTING
03:16:47 INFO  State of current operation: EXECUTING
03:16:49 INFO  State of current operation: EXECUTING
03:16:52 INFO  State of current operation: EXECUTING
03:16:54 INFO  State of current operation: EXECUTING
03:16:56 INFO  State of current operation: EXECUTING
03:16:58 INFO  State of current operation: EXECUTING
03:17:01 INFO  State of current operation: EXECUTING
03:17:03 INFO  State of current operation: EXECUTING
03:17:05 INFO  State of current operation: EXECUTING
03:17:07 INFO  State of current operation: EXECUTING
03:17:09 INFO  State of current operation: EXECUTING
03:17:12 INFO  State of current operation: EXECUTING
03:17:14 INFO  State of current operation: EXECUTING
03:17:16 INFO  State of current operation: EXECUTING
03:17:18 INFO  State of current operation: EXECUTING
03:17:21 INFO  State of current operation: EXECUTING
03:17:23 INFO  State of current operation: EXECUTING
03:17:25 INFO  State of current operation: EXECUTING
03:17:27 INFO  State of current operation: EXECUTING
03:17:30 INFO  State of current operation: EXECUTING
03:17:32 INFO  State of current operation: EXECUTING
03:17:34 INFO  State of current operation: EXECUTING
03:17:36 INFO  State of current operation: EXECUTING
03:17:38 INFO  State of current operation: EXECUTING
03:17:41 INFO  State of current operation: EXECUTING
03:17:43 INFO  State of current operation: EXECUTING
03:17:45 INFO  State of current operation: EXECUTING
03:17:47 INFO  State of current operation: EXECUTING
03:17:50 INFO  State of current operation: EXECUTING
03:17:52 INFO  State of current operation: EXECUTING
03:17:54 INFO  State of current operation: EXECUTING
03:17:56 INFO  State of current operation: EXECUTING
03:17:58 INFO  State of current operation: EXECUTING
03:18:00 WARN  SystemError occurred while running test - Timeout while waiting for status FAILED or SUCCESSFUL
Traceback (most recent call last):
  File &quot;/home/pi/env-pysys/lib/python3.7/site-packages/pysys/baserunner.py&quot;, line 1292, in __call__
    self.testObj.setup()
  File &quot;/home/pi/actions-runner/_work/thin-edge.io/thin-edge.io/tests/PySys/software_management_end_to_end/sm_apt_install_remove_multiple_mixed/run.py&quot;, line 73, in setup
    super().setup()
  File &quot;/home/pi/actions-runner/_work/thin-edge.io/thin-edge.io/tests/PySys/software_management_end_to_end/environment_sm_management.py&quot;, line 151, in setup
    self.wait_until_end()
  File &quot;/home/pi/actions-runner/_work/thin-edge.io/thin-edge.io/tests/PySys/software_management_end_to_end/environment_sm_management.py&quot;, line 332, in wait_until_end
    self.wait_until_status(&quot;FAILED&quot;, &quot;SUCCESSFUL&quot;)
  File &quot;/home/pi/actions-runner/_work/thin-edge.io/thin-edge.io/tests/PySys/software_management_end_to_end/environment_sm_management.py&quot;, line 381, in wait_until_status
    &quot;Timeout while waiting for status %s or %s&quot; % (status, status2)
SystemError: Timeout while waiting for status FAILED or SUCCESSFUL
03:18:00 WARN  SystemError: Timeout while waiting for status FAILED or SUCCESSFUL ... blocked 
03:18:00 INFO  
03:18:00 INFO  cleanup:
03:18:05 INFO  Executed sudo&lt;tedge_disconnect_c8y&gt;, exit status 0
03:18:05 INFO  Executed systemctl&lt;serv_mapper5&gt;, exit status 3
03:18:05 INFO  
03:18:05 INFO  Test duration: 164.67 secs
03:18:05 INFO  Test final outcome:  BLOCKED
03:18:05 INFO  Test outcome reason: SystemError: Timeout while waiting for status FAILED or SUCCESSFUL
03:18:05 INFO  
</system-out>
	</testcase>
</testsuite>
