<?xml version="1.0" encoding="utf-8"?>
<testsuite failures="1" name="SoftwareManagement.sm_mixed_install_remove_multiple" skipped="0" tests="1" time="165.68" timestamp="2022-07-15T09:03:10">
	<testcase classname="PySysTest" name="SoftwareManagement.sm_mixed_install_remove_multiple">
		<failure message="FAILED: Assert that (False == value) with value=True" type="FAILED"/>
		<system-out>09:00:24 INFO  ==============================================================
09:00:24 INFO  Id:    SoftwareManagement.sm_mixed_install_remove_multiple
09:00:24 INFO  Dir:   software_management_end_to_end/
09:00:24 INFO  Title: Validate end to end behaviour for the dummy-plugin for multiple packages with mixed versions
09:00:24 INFO  ==============================================================
09:00:24 INFO  Using sw id database: {'asciijump': '5475369', 'robotfindskitten': '5474869', 'squirrel3': '5475279', 'rolldice': '5152439', 'moon-buggy': '5439204', 'apple': '5495053', 'banana': '5494888', 'cherry': '5495382', 'watermelon': '5494510', 'registry': '8018911', 'hello-world': '8021526', 'docker/getting-started': '8021973', 'alpine': '7991792'}
09:00:24 INFO  EnvironmentC8y Setup
09:00:25 INFO  Executed systemctl&lt;serv_mapper1&gt;, exit status 3
09:00:25 INFO  Restarting mosquitto too frequently in the last 10 seconds. It was only up for 4 seconds
09:00:25 INFO  Delaying execution by 7 seconds
09:00:46 INFO  Executed sudo&lt;tedge_connect_c8y&gt;, exit status 0, duration 14 secs
09:00:47 INFO  Executed sudo&lt;tedge_connect_c8y_test&gt;, exit status 0
09:00:47 INFO  Executed systemctl&lt;serv_mosq2&gt;, exit status 0
09:00:48 INFO  Executed systemctl&lt;serv_mapper3&gt;, exit status 0
09:00:50 INFO  State of current operation: SUCCESSFUL
09:00:50 INFO  Package apple is installed
09:00:50 INFO  Assert that (True == value) with value=True ... passed
09:00:50 INFO  Package banana is installed
09:00:50 INFO  Assert that (True == value) with value=True ... passed
09:00:51 INFO  Package cherry is installed
09:00:51 INFO  Assert that (True == value) with value=True ... passed
09:00:51 INFO  Package asciijump is installed
09:00:51 WARN  Assert that (False == value) with value=True ... failed 
09:00:51 INFO  Assert that (False == value) with value=False ... passed
09:00:51 INFO  Response status: 201
09:00:51 INFO  Response to action: {
    &quot;delivery&quot;: {
        &quot;log&quot;: [],
        &quot;time&quot;: &quot;2022-07-15T09:00:51.822Z&quot;,
        &quot;status&quot;: &quot;PENDING&quot;
    },
    &quot;creationTime&quot;: &quot;2022-07-15T09:00:51.805Z&quot;,
    &quot;deviceName&quot;: &quot;m32sd10c&quot;,
    &quot;deviceId&quot;: &quot;20885744&quot;,
    &quot;self&quot;: &quot;https://t493319102.eu-latest.cumulocity.com/devicecontrol/operations/20930573&quot;,
    &quot;id&quot;: &quot;20930573&quot;,
    &quot;status&quot;: &quot;PENDING&quot;,
    &quot;description&quot;: &quot;Apply software changes, triggered from PySys: [{'action': 'install', 'id': '5495053', 'name': 'apple', 'url': ' ', 'version': '::fruits'}, {'action': 'install', 'id': '5494888', 'name': 'banana', 'url': ' ', 'version': '::fruits'}, {'action': 'install', 'id': '5475369', 'name': 'asciijump', 'url': ' ', 'version': '::apt'}, {'action': 'install', 'id': '5495382', 'name': 'cherry', 'url': ' ', 'version': '::fruits'}, {'action': 'install', 'id': '8018911', 'name': 'registry', 'url': ' ', 'version': '::docker'}]&quot;,
    &quot;c8y_SoftwareUpdate&quot;: [
        {
            &quot;name&quot;: &quot;apple&quot;,
            &quot;action&quot;: &quot;install&quot;,
            &quot;id&quot;: &quot;5495053&quot;,
            &quot;version&quot;: &quot;::fruits&quot;,
            &quot;url&quot;: &quot; &quot;
        },
        {
            &quot;name&quot;: &quot;banana&quot;,
            &quot;action&quot;: &quot;install&quot;,
            &quot;id&quot;: &quot;5494888&quot;,
            &quot;version&quot;: &quot;::fruits&quot;,
            &quot;url&quot;: &quot; &quot;
        },
        {
            &quot;name&quot;: &quot;asciijump&quot;,
            &quot;action&quot;: &quot;install&quot;,
            &quot;id&quot;: &quot;5475369&quot;,
            &quot;version&quot;: &quot;::apt&quot;,
            &quot;url&quot;: &quot; &quot;
        },
        {
            &quot;name&quot;: &quot;cherry&quot;,
            &quot;action&quot;: &quot;install&quot;,
            &quot;id&quot;: &quot;5495382&quot;,
            &quot;version&quot;: &quot;::fruits&quot;,
            &quot;url&quot;: &quot; &quot;
        },
        {
            &quot;name&quot;: &quot;registry&quot;,
            &quot;action&quot;: &quot;install&quot;,
            &quot;id&quot;: &quot;8018911&quot;,
            &quot;version&quot;: &quot;::docker&quot;,
            &quot;url&quot;: &quot; &quot;
        }
    ]
}
09:00:51 INFO  Started operation: {'delivery': {'log': [], 'time': '2022-07-15T09:00:51.822Z', 'status': 'PENDING'}, 'creationTime': '2022-07-15T09:00:51.805Z', 'deviceName': 'm32sd10c', 'deviceId': '20885744', 'self': 'https://t493319102.eu-latest.cumulocity.com/devicecontrol/operations/20930573', 'id': '20930573', 'status': 'PENDING', 'description': &quot;Apply software changes, triggered from PySys: [{'action': 'install', 'id': '5495053', 'name': 'apple', 'url': ' ', 'version': '::fruits'}, {'action': 'install', 'id': '5494888', 'name': 'banana', 'url': ' ', 'version': '::fruits'}, {'action': 'install', 'id': '5475369', 'name': 'asciijump', 'url': ' ', 'version': '::apt'}, {'action': 'install', 'id': '5495382', 'name': 'cherry', 'url': ' ', 'version': '::fruits'}, {'action': 'install', 'id': '8018911', 'name': 'registry', 'url': ' ', 'version': '::docker'}]&quot;, 'c8y_SoftwareUpdate': [{'name': 'apple', 'action': 'install', 'id': '5495053', 'version': '::fruits', 'url': ' '}, {'name': 'banana', 'action': 'install', 'id': '5494888', 'version': '::fruits', 'url': ' '}, {'name': 'asciijump', 'action': 'install', 'id': '5475369', 'version': '::apt', 'url': ' '}, {'name': 'cherry', 'action': 'install', 'id': '5495382', 'version': '::fruits', 'url': ' '}, {'name': 'registry', 'action': 'install', 'id': '8018911', 'version': '::docker', 'url': ' '}]}
09:00:54 INFO  State of operation 20930573 : PENDING
09:00:56 INFO  State of operation 20930573 : EXECUTING
09:00:58 INFO  State of operation 20930573 : EXECUTING
09:01:00 INFO  State of operation 20930573 : EXECUTING
09:01:02 INFO  State of operation 20930573 : EXECUTING
09:01:05 INFO  State of operation 20930573 : EXECUTING
09:01:07 INFO  State of operation 20930573 : EXECUTING
09:01:10 INFO  State of operation 20930573 : EXECUTING
09:01:13 INFO  State of operation 20930573 : EXECUTING
09:01:15 INFO  State of operation 20930573 : EXECUTING
09:01:17 INFO  State of operation 20930573 : EXECUTING
09:01:20 INFO  State of operation 20930573 : EXECUTING
09:01:22 INFO  State of operation 20930573 : EXECUTING
09:01:24 INFO  State of operation 20930573 : EXECUTING
09:01:26 INFO  State of operation 20930573 : EXECUTING
09:01:29 INFO  State of operation 20930573 : EXECUTING
09:01:31 INFO  State of operation 20930573 : EXECUTING
09:01:33 INFO  State of operation 20930573 : EXECUTING
09:01:35 INFO  State of operation 20930573 : EXECUTING
09:01:38 INFO  State of operation 20930573 : EXECUTING
09:01:40 INFO  State of operation 20930573 : EXECUTING
09:01:42 INFO  State of operation 20930573 : EXECUTING
09:01:44 INFO  State of operation 20930573 : EXECUTING
09:01:47 INFO  State of operation 20930573 : EXECUTING
09:01:49 INFO  State of operation 20930573 : EXECUTING
09:01:51 INFO  State of operation 20930573 : SUCCESSFUL
09:01:51 INFO  Package apple is installed
09:01:51 INFO  Assert that (True == value) with value=True ... passed
09:01:52 INFO  Package banana is installed
09:01:52 INFO  Assert that (True == value) with value=True ... passed
09:01:52 INFO  Package cherry is installed
09:01:52 INFO  Assert that (True == value) with value=True ... passed
09:01:52 INFO  Package asciijump is installed
09:01:52 INFO  Assert that (True == value) with value=True ... passed
09:01:52 INFO  Package registry is installed
09:01:52 INFO  Assert that (True == value) with value=True ... passed
09:01:52 INFO  Response status: 201
09:01:52 INFO  Response to action: {
    &quot;delivery&quot;: {
        &quot;log&quot;: [],
        &quot;time&quot;: &quot;2022-07-15T09:01:52.913Z&quot;,
        &quot;status&quot;: &quot;PENDING&quot;
    },
    &quot;creationTime&quot;: &quot;2022-07-15T09:01:52.884Z&quot;,
    &quot;deviceName&quot;: &quot;m32sd10c&quot;,
    &quot;deviceId&quot;: &quot;20885744&quot;,
    &quot;self&quot;: &quot;https://t493319102.eu-latest.cumulocity.com/devicecontrol/operations/20930588&quot;,
    &quot;id&quot;: &quot;20930588&quot;,
    &quot;status&quot;: &quot;PENDING&quot;,
    &quot;description&quot;: &quot;Apply software changes, triggered from PySys: [{'action': 'delete', 'id': '5495053', 'name': 'apple', 'url': ' ', 'version': '::fruits'}, {'action': 'delete', 'id': '5494888', 'name': 'banana', 'url': ' ', 'version': '::fruits'}, {'action': 'delete', 'id': '5475369', 'name': 'asciijump', 'url': ' ', 'version': '::apt'}, {'action': 'delete', 'id': '5495382', 'name': 'cherry', 'url': ' ', 'version': '::fruits'}, {'action': 'delete', 'id': '8018911', 'name': 'registry', 'url': ' ', 'version': '::docker'}]&quot;,
    &quot;c8y_SoftwareUpdate&quot;: [
        {
            &quot;name&quot;: &quot;apple&quot;,
            &quot;action&quot;: &quot;delete&quot;,
            &quot;id&quot;: &quot;5495053&quot;,
            &quot;version&quot;: &quot;::fruits&quot;,
            &quot;url&quot;: &quot; &quot;
        },
        {
            &quot;name&quot;: &quot;banana&quot;,
            &quot;action&quot;: &quot;delete&quot;,
            &quot;id&quot;: &quot;5494888&quot;,
            &quot;version&quot;: &quot;::fruits&quot;,
            &quot;url&quot;: &quot; &quot;
        },
        {
            &quot;name&quot;: &quot;asciijump&quot;,
            &quot;action&quot;: &quot;delete&quot;,
            &quot;id&quot;: &quot;5475369&quot;,
            &quot;version&quot;: &quot;::apt&quot;,
            &quot;url&quot;: &quot; &quot;
        },
        {
            &quot;name&quot;: &quot;cherry&quot;,
            &quot;action&quot;: &quot;delete&quot;,
            &quot;id&quot;: &quot;5495382&quot;,
            &quot;version&quot;: &quot;::fruits&quot;,
            &quot;url&quot;: &quot; &quot;
        },
        {
            &quot;name&quot;: &quot;registry&quot;,
            &quot;action&quot;: &quot;delete&quot;,
            &quot;id&quot;: &quot;8018911&quot;,
            &quot;version&quot;: &quot;::docker&quot;,
            &quot;url&quot;: &quot; &quot;
        }
    ]
}
09:01:52 INFO  Started operation: {'delivery': {'log': [], 'time': '2022-07-15T09:01:52.913Z', 'status': 'PENDING'}, 'creationTime': '2022-07-15T09:01:52.884Z', 'deviceName': 'm32sd10c', 'deviceId': '20885744', 'self': 'https://t493319102.eu-latest.cumulocity.com/devicecontrol/operations/20930588', 'id': '20930588', 'status': 'PENDING', 'description': &quot;Apply software changes, triggered from PySys: [{'action': 'delete', 'id': '5495053', 'name': 'apple', 'url': ' ', 'version': '::fruits'}, {'action': 'delete', 'id': '5494888', 'name': 'banana', 'url': ' ', 'version': '::fruits'}, {'action': 'delete', 'id': '5475369', 'name': 'asciijump', 'url': ' ', 'version': '::apt'}, {'action': 'delete', 'id': '5495382', 'name': 'cherry', 'url': ' ', 'version': '::fruits'}, {'action': 'delete', 'id': '8018911', 'name': 'registry', 'url': ' ', 'version': '::docker'}]&quot;, 'c8y_SoftwareUpdate': [{'name': 'apple', 'action': 'delete', 'id': '5495053', 'version': '::fruits', 'url': ' '}, {'name': 'banana', 'action': 'delete', 'id': '5494888', 'version': '::fruits', 'url': ' '}, {'name': 'asciijump', 'action': 'delete', 'id': '5475369', 'version': '::apt', 'url': ' '}, {'name': 'cherry', 'action': 'delete', 'id': '5495382', 'version': '::fruits', 'url': ' '}, {'name': 'registry', 'action': 'delete', 'id': '8018911', 'version': '::docker', 'url': ' '}]}
09:01:55 INFO  State of operation 20930588 : PENDING
09:01:57 INFO  State of operation 20930588 : EXECUTING
09:01:59 INFO  State of operation 20930588 : EXECUTING
09:02:01 INFO  State of operation 20930588 : EXECUTING
09:02:04 INFO  State of operation 20930588 : EXECUTING
09:02:06 INFO  State of operation 20930588 : EXECUTING
09:02:08 INFO  State of operation 20930588 : EXECUTING
09:02:11 INFO  State of operation 20930588 : EXECUTING
09:02:13 INFO  State of operation 20930588 : EXECUTING
09:02:16 INFO  State of operation 20930588 : EXECUTING
09:02:18 INFO  State of operation 20930588 : EXECUTING
09:02:20 INFO  State of operation 20930588 : EXECUTING
09:02:23 INFO  State of operation 20930588 : EXECUTING
09:02:25 INFO  State of operation 20930588 : EXECUTING
09:02:28 INFO  State of operation 20930588 : EXECUTING
09:02:30 INFO  State of operation 20930588 : EXECUTING
09:02:33 INFO  State of operation 20930588 : EXECUTING
09:02:36 INFO  State of operation 20930588 : EXECUTING
09:02:38 INFO  State of operation 20930588 : EXECUTING
09:02:40 INFO  State of operation 20930588 : EXECUTING
09:02:43 INFO  State of operation 20930588 : EXECUTING
09:02:45 INFO  State of operation 20930588 : EXECUTING
09:02:48 INFO  State of operation 20930588 : EXECUTING
09:02:50 INFO  State of operation 20930588 : EXECUTING
09:02:52 INFO  State of operation 20930588 : EXECUTING
09:02:55 INFO  State of operation 20930588 : EXECUTING
09:02:57 INFO  State of operation 20930588 : EXECUTING
09:02:59 INFO  State of operation 20930588 : EXECUTING
09:03:01 INFO  State of operation 20930588 : EXECUTING
09:03:04 INFO  State of operation 20930588 : SUCCESSFUL
09:03:04 INFO  Package apple is installed
09:03:04 INFO  Assert that (True == value) with value=True ... passed
09:03:04 INFO  Package banana is installed
09:03:04 INFO  Assert that (True == value) with value=True ... passed
09:03:04 INFO  Package cherry is installed
09:03:04 INFO  Assert that (True == value) with value=True ... passed
09:03:05 INFO  Assert that (False == value) with value=False ... passed
09:03:05 INFO  Assert that (False == value) with value=False ... passed
09:03:05 INFO  
09:03:05 INFO  cleanup:
09:03:09 INFO  Executed sudo&lt;tedge_disconnect_c8y&gt;, exit status 0
09:03:10 INFO  Executed systemctl&lt;serv_mapper5&gt;, exit status 3
09:03:10 INFO  
09:03:10 INFO  Test duration: 165.68 secs
09:03:10 INFO  Test final outcome:  FAILED
09:03:10 INFO  Test outcome reason: Assert that (False == value) with value=True
09:03:10 INFO  
</system-out>
	</testcase>
</testsuite>
