<?xml version="1.0" encoding="utf-8"?>
<testsuite failures="1" name="SoftwareManagement.sm_apt_install_remove" skipped="0" tests="1" time="164.91" timestamp="2022-07-22T03:09:50">
	<testcase classname="PySysTest" name="SoftwareManagement.sm_apt_install_remove">
		<failure message="BLOCKED: SystemError: Timeout while waiting for status FAILED or SUCCESSFUL" type="BLOCKED"/>
		<system-out>03:07:05 INFO  ==============================================================
03:07:05 INFO  Id:    SoftwareManagement.sm_apt_install_remove
03:07:05 INFO  Dir:   software_management_end_to_end/
03:07:05 INFO  Title: Validate end to end behaviour for the apt plugin for installation and removal of packages
03:07:05 INFO  ==============================================================
03:07:05 INFO  Using sw id database: {'asciijump': '5475369', 'robotfindskitten': '5474869', 'squirrel3': '5475279', 'rolldice': '5152439', 'moon-buggy': '5439204', 'apple': '5495053', 'banana': '5494888', 'cherry': '5495382', 'watermelon': '5494510', 'registry': '8018911', 'hello-world': '8021526', 'docker/getting-started': '8021973', 'alpine': '7991792'}
03:07:05 INFO  EnvironmentC8y Setup
03:07:06 INFO  Executed systemctl&lt;serv_mapper1&gt;, exit status 3
03:07:06 INFO  Restarting mosquitto too frequently in the last 10 seconds. It was only up for 5 seconds
03:07:06 INFO  Delaying execution by 6 seconds
03:07:26 INFO  Executed sudo&lt;tedge_connect_c8y&gt;, exit status 0, duration 14 secs
03:07:27 INFO  Executed sudo&lt;tedge_connect_c8y_test&gt;, exit status 0
03:07:27 INFO  Executed systemctl&lt;serv_mosq2&gt;, exit status 0
03:07:28 INFO  Executed systemctl&lt;serv_mapper3&gt;, exit status 0
03:07:30 INFO  State of current operation: EXECUTING
03:07:32 INFO  State of current operation: EXECUTING
03:07:35 INFO  State of current operation: EXECUTING
03:07:37 INFO  State of current operation: EXECUTING
03:07:39 INFO  State of current operation: EXECUTING
03:07:41 INFO  State of current operation: EXECUTING
03:07:43 INFO  State of current operation: EXECUTING
03:07:46 INFO  State of current operation: EXECUTING
03:07:48 INFO  State of current operation: EXECUTING
03:07:50 INFO  State of current operation: EXECUTING
03:07:52 INFO  State of current operation: EXECUTING
03:07:54 INFO  State of current operation: EXECUTING
03:07:57 INFO  State of current operation: EXECUTING
03:07:59 INFO  State of current operation: EXECUTING
03:08:01 INFO  State of current operation: EXECUTING
03:08:03 INFO  State of current operation: EXECUTING
03:08:06 INFO  State of current operation: EXECUTING
03:08:08 INFO  State of current operation: EXECUTING
03:08:10 INFO  State of current operation: EXECUTING
03:08:12 INFO  State of current operation: EXECUTING
03:08:14 INFO  State of current operation: EXECUTING
03:08:17 INFO  State of current operation: EXECUTING
03:08:19 INFO  State of current operation: EXECUTING
03:08:21 INFO  State of current operation: EXECUTING
03:08:23 INFO  State of current operation: EXECUTING
03:08:26 INFO  State of current operation: EXECUTING
03:08:28 INFO  State of current operation: EXECUTING
03:08:30 INFO  State of current operation: EXECUTING
03:08:32 INFO  State of current operation: EXECUTING
03:08:34 INFO  State of current operation: EXECUTING
03:08:37 INFO  State of current operation: EXECUTING
03:08:39 INFO  State of current operation: EXECUTING
03:08:41 INFO  State of current operation: EXECUTING
03:08:43 INFO  State of current operation: EXECUTING
03:08:46 INFO  State of current operation: EXECUTING
03:08:48 INFO  State of current operation: EXECUTING
03:08:50 INFO  State of current operation: EXECUTING
03:08:52 INFO  State of current operation: EXECUTING
03:08:54 INFO  State of current operation: EXECUTING
03:08:57 INFO  State of current operation: EXECUTING
03:08:59 INFO  State of current operation: EXECUTING
03:09:01 INFO  State of current operation: EXECUTING
03:09:03 INFO  State of current operation: EXECUTING
03:09:06 INFO  State of current operation: EXECUTING
03:09:08 INFO  State of current operation: EXECUTING
03:09:10 INFO  State of current operation: EXECUTING
03:09:12 INFO  State of current operation: EXECUTING
03:09:14 INFO  State of current operation: EXECUTING
03:09:17 INFO  State of current operation: EXECUTING
03:09:19 INFO  State of current operation: EXECUTING
03:09:21 INFO  State of current operation: EXECUTING
03:09:23 INFO  State of current operation: EXECUTING
03:09:26 INFO  State of current operation: EXECUTING
03:09:28 INFO  State of current operation: EXECUTING
03:09:30 INFO  State of current operation: EXECUTING
03:09:32 INFO  State of current operation: EXECUTING
03:09:34 INFO  State of current operation: EXECUTING
03:09:37 INFO  State of current operation: EXECUTING
03:09:39 INFO  State of current operation: EXECUTING
03:09:41 INFO  State of current operation: EXECUTING
03:09:43 INFO  State of current operation: EXECUTING
03:09:45 WARN  SystemError occurred while running test - Timeout while waiting for status FAILED or SUCCESSFUL
Traceback (most recent call last):
  File &quot;/home/pi/env-pysys/lib/python3.7/site-packages/pysys/baserunner.py&quot;, line 1292, in __call__
    self.testObj.setup()
  File &quot;/home/pi/actions-runner/_work/thin-edge.io/thin-edge.io/tests/PySys/software_management_end_to_end/sm_apt_install_remove/run.py&quot;, line 27, in setup
    super().setup()
  File &quot;/home/pi/actions-runner/_work/thin-edge.io/thin-edge.io/tests/PySys/software_management_end_to_end/environment_sm_management.py&quot;, line 151, in setup
    self.wait_until_end()
  File &quot;/home/pi/actions-runner/_work/thin-edge.io/thin-edge.io/tests/PySys/software_management_end_to_end/environment_sm_management.py&quot;, line 332, in wait_until_end
    self.wait_until_status(&quot;FAILED&quot;, &quot;SUCCESSFUL&quot;)
  File &quot;/home/pi/actions-runner/_work/thin-edge.io/thin-edge.io/tests/PySys/software_management_end_to_end/environment_sm_management.py&quot;, line 381, in wait_until_status
    &quot;Timeout while waiting for status %s or %s&quot; % (status, status2)
SystemError: Timeout while waiting for status FAILED or SUCCESSFUL
03:09:45 WARN  SystemError: Timeout while waiting for status FAILED or SUCCESSFUL ... blocked 
03:09:45 INFO  
03:09:45 INFO  cleanup:
03:09:49 INFO  Executed sudo&lt;tedge_disconnect_c8y&gt;, exit status 0
03:09:50 INFO  Executed systemctl&lt;serv_mapper5&gt;, exit status 3
03:09:50 INFO  
03:09:50 INFO  Test duration: 164.91 secs
03:09:50 INFO  Test final outcome:  BLOCKED
03:09:50 INFO  Test outcome reason: SystemError: Timeout while waiting for status FAILED or SUCCESSFUL
03:09:50 INFO  
</system-out>
	</testcase>
</testsuite>
