<?xml version="1.0" encoding="utf-8"?>
<testsuite failures="1" name="SoftwareManagement.sm_mixed_install_remove_multiple" skipped="0" tests="1" time="165.04" timestamp="2022-06-15T12:17:46">
	<testcase classname="PySysTest" name="SoftwareManagement.sm_mixed_install_remove_multiple">
		<failure message="FAILED: Assert that (False == value) with value=True" type="FAILED"/>
		<system-out>12:15:01 INFO  ==============================================================
12:15:01 INFO  Id:    SoftwareManagement.sm_mixed_install_remove_multiple
12:15:01 INFO  Dir:   software_management_end_to_end/
12:15:01 INFO  Title: Validate end to end behaviour for the dummy-plugin for multiple packages with mixed versions
12:15:01 INFO  ==============================================================
12:15:01 INFO  Using sw id database: {'asciijump': '5475369', 'robotfindskitten': '5474869', 'squirrel3': '5475279', 'rolldice': '5152439', 'moon-buggy': '5439204', 'apple': '5495053', 'banana': '5494888', 'cherry': '5495382', 'watermelon': '5494510', 'registry': '8018911', 'hello-world': '8021526', 'docker/getting-started': '8021973', 'alpine': '7991792'}
12:15:01 INFO  EnvironmentC8y Setup
12:15:02 INFO  Executed systemctl&lt;serv_mapper1&gt;, exit status 3
12:15:02 INFO  Restarting mosquitto too frequently in the last 10 seconds. It was only up for 5 seconds
12:15:02 INFO  Delaying execution by 6 seconds
12:15:22 INFO  Executed sudo&lt;tedge_connect_c8y&gt;, exit status 0, duration 13 secs
12:15:23 INFO  Executed sudo&lt;tedge_connect_c8y_test&gt;, exit status 0
12:15:23 INFO  Executed systemctl&lt;serv_mosq2&gt;, exit status 0
12:15:24 INFO  Executed systemctl&lt;serv_mapper3&gt;, exit status 0
12:15:26 INFO  State of current operation: SUCCESSFUL
12:15:26 INFO  Package apple is installed
12:15:26 INFO  Assert that (True == value) with value=True ... passed
12:15:26 INFO  Package banana is installed
12:15:26 INFO  Assert that (True == value) with value=True ... passed
12:15:26 INFO  Package cherry is installed
12:15:26 INFO  Assert that (True == value) with value=True ... passed
12:15:27 INFO  Package asciijump is installed
12:15:27 WARN  Assert that (False == value) with value=True ... failed 
12:15:27 INFO  Assert that (False == value) with value=False ... passed
12:15:27 INFO  Response status: 201
12:15:27 INFO  Response to action: {
    &quot;creationTime&quot;: &quot;2022-06-15T12:15:27.670Z&quot;,
    &quot;deviceName&quot;: &quot;m32sd10c&quot;,
    &quot;deviceId&quot;: &quot;20129645&quot;,
    &quot;self&quot;: &quot;https://t493319102.eu-latest.cumulocity.com/devicecontrol/operations/20232460&quot;,
    &quot;id&quot;: &quot;20232460&quot;,
    &quot;status&quot;: &quot;PENDING&quot;,
    &quot;description&quot;: &quot;Apply software changes, triggered from PySys: [{'action': 'install', 'id': '5495053', 'name': 'apple', 'url': ' ', 'version': '::fruits'}, {'action': 'install', 'id': '5494888', 'name': 'banana', 'url': ' ', 'version': '::fruits'}, {'action': 'install', 'id': '5475369', 'name': 'asciijump', 'url': ' ', 'version': '::apt'}, {'action': 'install', 'id': '5495382', 'name': 'cherry', 'url': ' ', 'version': '::fruits'}, {'action': 'install', 'id': '8018911', 'name': 'registry', 'url': ' ', 'version': '::docker'}]&quot;,
    &quot;c8y_SoftwareUpdate&quot;: [
        {
            &quot;name&quot;: &quot;apple&quot;,
            &quot;action&quot;: &quot;install&quot;,
            &quot;id&quot;: &quot;5495053&quot;,
            &quot;version&quot;: &quot;::fruits&quot;,
            &quot;url&quot;: &quot; &quot;
        },
        {
            &quot;name&quot;: &quot;banana&quot;,
            &quot;action&quot;: &quot;install&quot;,
            &quot;id&quot;: &quot;5494888&quot;,
            &quot;version&quot;: &quot;::fruits&quot;,
            &quot;url&quot;: &quot; &quot;
        },
        {
            &quot;name&quot;: &quot;asciijump&quot;,
            &quot;action&quot;: &quot;install&quot;,
            &quot;id&quot;: &quot;5475369&quot;,
            &quot;version&quot;: &quot;::apt&quot;,
            &quot;url&quot;: &quot; &quot;
        },
        {
            &quot;name&quot;: &quot;cherry&quot;,
            &quot;action&quot;: &quot;install&quot;,
            &quot;id&quot;: &quot;5495382&quot;,
            &quot;version&quot;: &quot;::fruits&quot;,
            &quot;url&quot;: &quot; &quot;
        },
        {
            &quot;name&quot;: &quot;registry&quot;,
            &quot;action&quot;: &quot;install&quot;,
            &quot;id&quot;: &quot;8018911&quot;,
            &quot;version&quot;: &quot;::docker&quot;,
            &quot;url&quot;: &quot; &quot;
        }
    ]
}
12:15:27 INFO  Started operation: {'creationTime': '2022-06-15T12:15:27.670Z', 'deviceName': 'm32sd10c', 'deviceId': '20129645', 'self': 'https://t493319102.eu-latest.cumulocity.com/devicecontrol/operations/20232460', 'id': '20232460', 'status': 'PENDING', 'description': &quot;Apply software changes, triggered from PySys: [{'action': 'install', 'id': '5495053', 'name': 'apple', 'url': ' ', 'version': '::fruits'}, {'action': 'install', 'id': '5494888', 'name': 'banana', 'url': ' ', 'version': '::fruits'}, {'action': 'install', 'id': '5475369', 'name': 'asciijump', 'url': ' ', 'version': '::apt'}, {'action': 'install', 'id': '5495382', 'name': 'cherry', 'url': ' ', 'version': '::fruits'}, {'action': 'install', 'id': '8018911', 'name': 'registry', 'url': ' ', 'version': '::docker'}]&quot;, 'c8y_SoftwareUpdate': [{'name': 'apple', 'action': 'install', 'id': '5495053', 'version': '::fruits', 'url': ' '}, {'name': 'banana', 'action': 'install', 'id': '5494888', 'version': '::fruits', 'url': ' '}, {'name': 'asciijump', 'action': 'install', 'id': '5475369', 'version': '::apt', 'url': ' '}, {'name': 'cherry', 'action': 'install', 'id': '5495382', 'version': '::fruits', 'url': ' '}, {'name': 'registry', 'action': 'install', 'id': '8018911', 'version': '::docker', 'url': ' '}]}
12:15:29 INFO  State of operation 20232460 : PENDING
12:15:32 INFO  State of operation 20232460 : EXECUTING
12:15:34 INFO  State of operation 20232460 : EXECUTING
12:15:36 INFO  State of operation 20232460 : EXECUTING
12:15:38 INFO  State of operation 20232460 : EXECUTING
12:15:41 INFO  State of operation 20232460 : EXECUTING
12:15:43 INFO  State of operation 20232460 : EXECUTING
12:15:46 INFO  State of operation 20232460 : EXECUTING
12:15:48 INFO  State of operation 20232460 : EXECUTING
12:15:51 INFO  State of operation 20232460 : EXECUTING
12:15:53 INFO  State of operation 20232460 : EXECUTING
12:15:55 INFO  State of operation 20232460 : EXECUTING
12:15:57 INFO  State of operation 20232460 : EXECUTING
12:16:00 INFO  State of operation 20232460 : EXECUTING
12:16:02 INFO  State of operation 20232460 : EXECUTING
12:16:04 INFO  State of operation 20232460 : EXECUTING
12:16:06 INFO  State of operation 20232460 : EXECUTING
12:16:08 INFO  State of operation 20232460 : EXECUTING
12:16:11 INFO  State of operation 20232460 : EXECUTING
12:16:13 INFO  State of operation 20232460 : EXECUTING
12:16:15 INFO  State of operation 20232460 : EXECUTING
12:16:17 INFO  State of operation 20232460 : EXECUTING
12:16:20 INFO  State of operation 20232460 : EXECUTING
12:16:22 INFO  State of operation 20232460 : EXECUTING
12:16:24 INFO  State of operation 20232460 : EXECUTING
12:16:26 INFO  State of operation 20232460 : SUCCESSFUL
12:16:27 INFO  Package apple is installed
12:16:27 INFO  Assert that (True == value) with value=True ... passed
12:16:27 INFO  Package banana is installed
12:16:27 INFO  Assert that (True == value) with value=True ... passed
12:16:27 INFO  Package cherry is installed
12:16:27 INFO  Assert that (True == value) with value=True ... passed
12:16:27 INFO  Package asciijump is installed
12:16:27 INFO  Assert that (True == value) with value=True ... passed
12:16:28 INFO  Package registry is installed
12:16:28 INFO  Assert that (True == value) with value=True ... passed
12:16:28 INFO  Response status: 201
12:16:28 INFO  Response to action: {
    &quot;creationTime&quot;: &quot;2022-06-15T12:16:28.216Z&quot;,
    &quot;deviceName&quot;: &quot;m32sd10c&quot;,
    &quot;deviceId&quot;: &quot;20129645&quot;,
    &quot;self&quot;: &quot;https://t493319102.eu-latest.cumulocity.com/devicecontrol/operations/20232471&quot;,
    &quot;id&quot;: &quot;20232471&quot;,
    &quot;status&quot;: &quot;PENDING&quot;,
    &quot;description&quot;: &quot;Apply software changes, triggered from PySys: [{'action': 'delete', 'id': '5495053', 'name': 'apple', 'url': ' ', 'version': '::fruits'}, {'action': 'delete', 'id': '5494888', 'name': 'banana', 'url': ' ', 'version': '::fruits'}, {'action': 'delete', 'id': '5475369', 'name': 'asciijump', 'url': ' ', 'version': '::apt'}, {'action': 'delete', 'id': '5495382', 'name': 'cherry', 'url': ' ', 'version': '::fruits'}, {'action': 'delete', 'id': '8018911', 'name': 'registry', 'url': ' ', 'version': '::docker'}]&quot;,
    &quot;c8y_SoftwareUpdate&quot;: [
        {
            &quot;name&quot;: &quot;apple&quot;,
            &quot;action&quot;: &quot;delete&quot;,
            &quot;id&quot;: &quot;5495053&quot;,
            &quot;version&quot;: &quot;::fruits&quot;,
            &quot;url&quot;: &quot; &quot;
        },
        {
            &quot;name&quot;: &quot;banana&quot;,
            &quot;action&quot;: &quot;delete&quot;,
            &quot;id&quot;: &quot;5494888&quot;,
            &quot;version&quot;: &quot;::fruits&quot;,
            &quot;url&quot;: &quot; &quot;
        },
        {
            &quot;name&quot;: &quot;asciijump&quot;,
            &quot;action&quot;: &quot;delete&quot;,
            &quot;id&quot;: &quot;5475369&quot;,
            &quot;version&quot;: &quot;::apt&quot;,
            &quot;url&quot;: &quot; &quot;
        },
        {
            &quot;name&quot;: &quot;cherry&quot;,
            &quot;action&quot;: &quot;delete&quot;,
            &quot;id&quot;: &quot;5495382&quot;,
            &quot;version&quot;: &quot;::fruits&quot;,
            &quot;url&quot;: &quot; &quot;
        },
        {
            &quot;name&quot;: &quot;registry&quot;,
            &quot;action&quot;: &quot;delete&quot;,
            &quot;id&quot;: &quot;8018911&quot;,
            &quot;version&quot;: &quot;::docker&quot;,
            &quot;url&quot;: &quot; &quot;
        }
    ]
}
12:16:28 INFO  Started operation: {'creationTime': '2022-06-15T12:16:28.216Z', 'deviceName': 'm32sd10c', 'deviceId': '20129645', 'self': 'https://t493319102.eu-latest.cumulocity.com/devicecontrol/operations/20232471', 'id': '20232471', 'status': 'PENDING', 'description': &quot;Apply software changes, triggered from PySys: [{'action': 'delete', 'id': '5495053', 'name': 'apple', 'url': ' ', 'version': '::fruits'}, {'action': 'delete', 'id': '5494888', 'name': 'banana', 'url': ' ', 'version': '::fruits'}, {'action': 'delete', 'id': '5475369', 'name': 'asciijump', 'url': ' ', 'version': '::apt'}, {'action': 'delete', 'id': '5495382', 'name': 'cherry', 'url': ' ', 'version': '::fruits'}, {'action': 'delete', 'id': '8018911', 'name': 'registry', 'url': ' ', 'version': '::docker'}]&quot;, 'c8y_SoftwareUpdate': [{'name': 'apple', 'action': 'delete', 'id': '5495053', 'version': '::fruits', 'url': ' '}, {'name': 'banana', 'action': 'delete', 'id': '5494888', 'version': '::fruits', 'url': ' '}, {'name': 'asciijump', 'action': 'delete', 'id': '5475369', 'version': '::apt', 'url': ' '}, {'name': 'cherry', 'action': 'delete', 'id': '5495382', 'version': '::fruits', 'url': ' '}, {'name': 'registry', 'action': 'delete', 'id': '8018911', 'version': '::docker', 'url': ' '}]}
12:16:30 INFO  State of operation 20232471 : PENDING
12:16:32 INFO  State of operation 20232471 : EXECUTING
12:16:34 INFO  State of operation 20232471 : EXECUTING
12:16:37 INFO  State of operation 20232471 : EXECUTING
12:16:39 INFO  State of operation 20232471 : EXECUTING
12:16:41 INFO  State of operation 20232471 : EXECUTING
12:16:44 INFO  State of operation 20232471 : EXECUTING
12:16:46 INFO  State of operation 20232471 : EXECUTING
12:16:49 INFO  State of operation 20232471 : EXECUTING
12:16:51 INFO  State of operation 20232471 : EXECUTING
12:16:53 INFO  State of operation 20232471 : EXECUTING
12:16:56 INFO  State of operation 20232471 : EXECUTING
12:16:58 INFO  State of operation 20232471 : EXECUTING
12:17:00 INFO  State of operation 20232471 : EXECUTING
12:17:02 INFO  State of operation 20232471 : EXECUTING
12:17:05 INFO  State of operation 20232471 : EXECUTING
12:17:08 INFO  State of operation 20232471 : EXECUTING
12:17:10 INFO  State of operation 20232471 : EXECUTING
12:17:13 INFO  State of operation 20232471 : EXECUTING
12:17:15 INFO  State of operation 20232471 : EXECUTING
12:17:17 INFO  State of operation 20232471 : EXECUTING
12:17:19 INFO  State of operation 20232471 : EXECUTING
12:17:22 INFO  State of operation 20232471 : EXECUTING
12:17:24 INFO  State of operation 20232471 : EXECUTING
12:17:27 INFO  State of operation 20232471 : EXECUTING
12:17:29 INFO  State of operation 20232471 : EXECUTING
12:17:31 INFO  State of operation 20232471 : EXECUTING
12:17:33 INFO  State of operation 20232471 : EXECUTING
12:17:36 INFO  State of operation 20232471 : EXECUTING
12:17:38 INFO  State of operation 20232471 : EXECUTING
12:17:40 INFO  State of operation 20232471 : SUCCESSFUL
12:17:41 INFO  Package apple is installed
12:17:41 INFO  Assert that (True == value) with value=True ... passed
12:17:41 INFO  Package banana is installed
12:17:41 INFO  Assert that (True == value) with value=True ... passed
12:17:41 INFO  Package cherry is installed
12:17:41 INFO  Assert that (True == value) with value=True ... passed
12:17:41 INFO  Assert that (False == value) with value=False ... passed
12:17:42 INFO  Assert that (False == value) with value=False ... passed
12:17:42 INFO  
12:17:42 INFO  cleanup:
12:17:46 INFO  Executed sudo&lt;tedge_disconnect_c8y&gt;, exit status 0
12:17:46 INFO  Executed systemctl&lt;serv_mapper5&gt;, exit status 3
12:17:46 INFO  
12:17:46 INFO  Test duration: 165.04 secs
12:17:46 INFO  Test final outcome:  FAILED
12:17:46 INFO  Test outcome reason: Assert that (False == value) with value=True
12:17:46 INFO  
</system-out>
	</testcase>
</testsuite>
