<?xml version="1.0" encoding="utf-8"?>
<testsuite failures="1" name="SoftwareManagement.sm_apt_install_remove_multiple_mixed" skipped="0" tests="1" time="177.34" timestamp="2022-06-22T18:33:14">
	<testcase classname="PySysTest" name="SoftwareManagement.sm_apt_install_remove_multiple_mixed">
		<failure message="BLOCKED: SystemError: Timeout while waiting for status SUCCESSFUL or False (+1 other failures)" type="BLOCKED"/>
		<system-out>18:30:16 INFO  ==============================================================
18:30:16 INFO  Id:    SoftwareManagement.sm_apt_install_remove_multiple_mixed
18:30:16 INFO  Dir:   software_management_end_to_end/
18:30:16 INFO  Title: Validate end to end behaviour for the apt plugin for multiple packages with mixed versions
18:30:16 INFO  ==============================================================
18:30:16 INFO  Using sw id database: {'asciijump': '5475369', 'robotfindskitten': '5474869', 'squirrel3': '5475279', 'rolldice': '5152439', 'moon-buggy': '5439204', 'apple': '5495053', 'banana': '5494888', 'cherry': '5495382', 'watermelon': '5494510', 'registry': '8018911', 'hello-world': '8021526', 'docker/getting-started': '8021973', 'alpine': '7991792'}
18:30:16 INFO  EnvironmentC8y Setup
18:30:17 INFO  Executed systemctl&lt;serv_mapper1&gt;, exit status 3
18:30:17 INFO  Restarting mosquitto too frequently in the last 10 seconds. It was only up for 5 seconds
18:30:17 INFO  Delaying execution by 6 seconds
18:30:37 INFO  Executed sudo&lt;tedge_connect_c8y&gt;, exit status 0, duration 13 secs
18:30:38 INFO  Executed sudo&lt;tedge_connect_c8y_test&gt;, exit status 0
18:30:38 INFO  Executed systemctl&lt;serv_mosq2&gt;, exit status 0
18:30:39 INFO  Executed systemctl&lt;serv_mapper3&gt;, exit status 0
18:30:41 INFO  State of current operation: SUCCESSFUL
18:30:41 INFO  Assert that (False == value) with value=False ... passed
18:30:41 INFO  Assert that (False == value) with value=False ... passed
18:30:41 INFO  Assert that (False == value) with value=False ... passed
18:30:42 INFO  Assert that (False == value) with value=False ... passed
18:30:42 INFO  Package moon-buggy is installed
18:30:42 WARN  Assert that (False == value) with value=True ... failed 
18:30:43 INFO  Response status: 201
18:30:43 INFO  Response to action: {
    &quot;delivery&quot;: {
        &quot;log&quot;: [],
        &quot;time&quot;: &quot;2022-06-22T18:30:43.771Z&quot;,
        &quot;status&quot;: &quot;PENDING&quot;
    },
    &quot;creationTime&quot;: &quot;2022-06-22T18:30:43.753Z&quot;,
    &quot;deviceName&quot;: &quot;m32sd10c&quot;,
    &quot;deviceId&quot;: &quot;20416696&quot;,
    &quot;self&quot;: &quot;https://t493319102.eu-latest.cumulocity.com/devicecontrol/operations/20433913&quot;,
    &quot;id&quot;: &quot;20433913&quot;,
    &quot;status&quot;: &quot;PENDING&quot;,
    &quot;description&quot;: &quot;Apply software changes, triggered from PySys: [{'action': 'install', 'id': '5475369', 'name': 'asciijump', 'url': ' ', 'version': '::apt'}, {'action': 'install', 'id': '5474869', 'name': 'robotfindskitten', 'url': ' ', 'version': ' '}, {'action': 'install', 'id': '5475279', 'name': 'squirrel3', 'url': ' ', 'version': '3.1-7::apt'}, {'action': 'install', 'id': '5152439', 'name': 'rolldice', 'url': ' ', 'version': '1.16-1+b1'}, {'action': 'install', 'id': '5439204', 'name': 'moon-buggy', 'url': ' ', 'version': '1:1.0.51-12'}, {'action': 'install', 'id': '5475369', 'name': 'asciijump', 'url': ' ', 'version': '::apt'}]&quot;,
    &quot;c8y_SoftwareUpdate&quot;: [
        {
            &quot;name&quot;: &quot;asciijump&quot;,
            &quot;action&quot;: &quot;install&quot;,
            &quot;id&quot;: &quot;5475369&quot;,
            &quot;version&quot;: &quot;::apt&quot;,
            &quot;url&quot;: &quot; &quot;
        },
        {
            &quot;name&quot;: &quot;robotfindskitten&quot;,
            &quot;action&quot;: &quot;install&quot;,
            &quot;id&quot;: &quot;5474869&quot;,
            &quot;version&quot;: &quot; &quot;,
            &quot;url&quot;: &quot; &quot;
        },
        {
            &quot;name&quot;: &quot;squirrel3&quot;,
            &quot;action&quot;: &quot;install&quot;,
            &quot;id&quot;: &quot;5475279&quot;,
            &quot;version&quot;: &quot;3.1-7::apt&quot;,
            &quot;url&quot;: &quot; &quot;
        },
        {
            &quot;name&quot;: &quot;rolldice&quot;,
            &quot;action&quot;: &quot;install&quot;,
            &quot;id&quot;: &quot;5152439&quot;,
            &quot;version&quot;: &quot;1.16-1+b1&quot;,
            &quot;url&quot;: &quot; &quot;
        },
        {
            &quot;name&quot;: &quot;moon-buggy&quot;,
            &quot;action&quot;: &quot;install&quot;,
            &quot;id&quot;: &quot;5439204&quot;,
            &quot;version&quot;: &quot;1:1.0.51-12&quot;,
            &quot;url&quot;: &quot; &quot;
        },
        {
            &quot;name&quot;: &quot;asciijump&quot;,
            &quot;action&quot;: &quot;install&quot;,
            &quot;id&quot;: &quot;5475369&quot;,
            &quot;version&quot;: &quot;::apt&quot;,
            &quot;url&quot;: &quot; &quot;
        }
    ]
}
18:30:43 INFO  Started operation: {'delivery': {'log': [], 'time': '2022-06-22T18:30:43.771Z', 'status': 'PENDING'}, 'creationTime': '2022-06-22T18:30:43.753Z', 'deviceName': 'm32sd10c', 'deviceId': '20416696', 'self': 'https://t493319102.eu-latest.cumulocity.com/devicecontrol/operations/20433913', 'id': '20433913', 'status': 'PENDING', 'description': &quot;Apply software changes, triggered from PySys: [{'action': 'install', 'id': '5475369', 'name': 'asciijump', 'url': ' ', 'version': '::apt'}, {'action': 'install', 'id': '5474869', 'name': 'robotfindskitten', 'url': ' ', 'version': ' '}, {'action': 'install', 'id': '5475279', 'name': 'squirrel3', 'url': ' ', 'version': '3.1-7::apt'}, {'action': 'install', 'id': '5152439', 'name': 'rolldice', 'url': ' ', 'version': '1.16-1+b1'}, {'action': 'install', 'id': '5439204', 'name': 'moon-buggy', 'url': ' ', 'version': '1:1.0.51-12'}, {'action': 'install', 'id': '5475369', 'name': 'asciijump', 'url': ' ', 'version': '::apt'}]&quot;, 'c8y_SoftwareUpdate': [{'name': 'asciijump', 'action': 'install', 'id': '5475369', 'version': '::apt', 'url': ' '}, {'name': 'robotfindskitten', 'action': 'install', 'id': '5474869', 'version': ' ', 'url': ' '}, {'name': 'squirrel3', 'action': 'install', 'id': '5475279', 'version': '3.1-7::apt', 'url': ' '}, {'name': 'rolldice', 'action': 'install', 'id': '5152439', 'version': '1.16-1+b1', 'url': ' '}, {'name': 'moon-buggy', 'action': 'install', 'id': '5439204', 'version': '1:1.0.51-12', 'url': ' '}, {'name': 'asciijump', 'action': 'install', 'id': '5475369', 'version': '::apt', 'url': ' '}]}
18:30:46 INFO  State of operation 20433913 : PENDING
18:30:48 INFO  State of operation 20433913 : EXECUTING
18:30:50 INFO  State of operation 20433913 : EXECUTING
18:30:53 INFO  State of operation 20433913 : EXECUTING
18:30:55 INFO  State of operation 20433913 : EXECUTING
18:30:57 INFO  State of operation 20433913 : EXECUTING
18:31:00 INFO  State of operation 20433913 : EXECUTING
18:31:03 INFO  State of operation 20433913 : EXECUTING
18:31:05 INFO  State of operation 20433913 : EXECUTING
18:31:08 INFO  State of operation 20433913 : EXECUTING
18:31:10 INFO  State of operation 20433913 : EXECUTING
18:31:12 INFO  State of operation 20433913 : EXECUTING
18:31:14 INFO  State of operation 20433913 : EXECUTING
18:31:17 INFO  State of operation 20433913 : EXECUTING
18:31:19 INFO  State of operation 20433913 : EXECUTING
18:31:21 INFO  State of operation 20433913 : EXECUTING
18:31:23 INFO  State of operation 20433913 : EXECUTING
18:31:26 INFO  State of operation 20433913 : EXECUTING
18:31:28 INFO  State of operation 20433913 : EXECUTING
18:31:31 INFO  State of operation 20433913 : EXECUTING
18:31:33 INFO  State of operation 20433913 : EXECUTING
18:31:35 INFO  State of operation 20433913 : EXECUTING
18:31:38 INFO  State of operation 20433913 : EXECUTING
18:31:40 INFO  State of operation 20433913 : EXECUTING
18:31:43 INFO  State of operation 20433913 : EXECUTING
18:31:45 INFO  State of operation 20433913 : EXECUTING
18:31:47 INFO  State of operation 20433913 : EXECUTING
18:31:50 INFO  State of operation 20433913 : EXECUTING
18:31:53 INFO  State of operation 20433913 : EXECUTING
18:31:55 INFO  State of operation 20433913 : EXECUTING
18:31:57 INFO  State of operation 20433913 : EXECUTING
18:31:59 INFO  State of operation 20433913 : EXECUTING
18:32:02 INFO  State of operation 20433913 : EXECUTING
18:32:04 INFO  State of operation 20433913 : EXECUTING
18:32:06 INFO  State of operation 20433913 : EXECUTING
18:32:08 INFO  State of operation 20433913 : EXECUTING
18:32:10 INFO  State of operation 20433913 : EXECUTING
18:32:13 INFO  State of operation 20433913 : EXECUTING
18:32:16 INFO  State of operation 20433913 : EXECUTING
18:32:18 INFO  State of operation 20433913 : EXECUTING
18:32:20 INFO  State of operation 20433913 : EXECUTING
18:32:23 INFO  State of operation 20433913 : EXECUTING
18:32:25 INFO  State of operation 20433913 : EXECUTING
18:32:27 INFO  State of operation 20433913 : EXECUTING
18:32:29 INFO  State of operation 20433913 : EXECUTING
18:32:32 INFO  State of operation 20433913 : EXECUTING
18:32:34 INFO  State of operation 20433913 : EXECUTING
18:32:36 INFO  State of operation 20433913 : EXECUTING
18:32:39 INFO  State of operation 20433913 : EXECUTING
18:32:41 INFO  State of operation 20433913 : EXECUTING
18:32:43 INFO  State of operation 20433913 : EXECUTING
18:32:46 INFO  State of operation 20433913 : EXECUTING
18:32:48 INFO  State of operation 20433913 : EXECUTING
18:32:50 INFO  State of operation 20433913 : EXECUTING
18:32:53 INFO  State of operation 20433913 : EXECUTING
18:32:55 INFO  State of operation 20433913 : EXECUTING
18:32:58 INFO  State of operation 20433913 : EXECUTING
18:33:00 INFO  State of operation 20433913 : EXECUTING
18:33:02 INFO  State of operation 20433913 : EXECUTING
18:33:05 INFO  State of operation 20433913 : EXECUTING
18:33:07 INFO  State of operation 20433913 : EXECUTING
18:33:09 WARN  SystemError occurred while running test - Timeout while waiting for status SUCCESSFUL or False
Traceback (most recent call last):
  File &quot;/home/pi/env-pysys/lib/python3.7/site-packages/pysys/baserunner.py&quot;, line 1294, in __call__
    self.testObj.execute()
  File &quot;/home/pi/actions-runner/_work/thin-edge.io/thin-edge.io/tests/PySys/software_management_end_to_end/sm_apt_install_remove_multiple_mixed/run.py&quot;, line 89, in execute
    self.wait_until_succcess()
  File &quot;/home/pi/actions-runner/_work/thin-edge.io/thin-edge.io/tests/PySys/software_management_end_to_end/environment_sm_management.py&quot;, line 324, in wait_until_succcess
    self.wait_until_status(&quot;SUCCESSFUL&quot;)
  File &quot;/home/pi/actions-runner/_work/thin-edge.io/thin-edge.io/tests/PySys/software_management_end_to_end/environment_sm_management.py&quot;, line 381, in wait_until_status
    &quot;Timeout while waiting for status %s or %s&quot; % (status, status2)
SystemError: Timeout while waiting for status SUCCESSFUL or False
18:33:09 WARN  SystemError: Timeout while waiting for status SUCCESSFUL or False ... blocked 
18:33:09 INFO  
18:33:09 INFO  cleanup:
18:33:13 INFO  Executed sudo&lt;tedge_disconnect_c8y&gt;, exit status 0
18:33:14 INFO  Executed systemctl&lt;serv_mapper5&gt;, exit status 3
18:33:14 INFO  
18:33:14 INFO  Test duration: 177.34 secs
18:33:14 INFO  Test final outcome:  BLOCKED
18:33:14 INFO  Test outcome reason: SystemError: Timeout while waiting for status SUCCESSFUL or False (+1 other failures)
18:33:14 INFO  
</system-out>
	</testcase>
</testsuite>
