<?xml version="1.0" encoding="utf-8"?>
<testsuite failures="1" name="SoftwareManagement.Plugin.apama_plugin_update" skipped="0" tests="1" time="20.54" timestamp="2022-05-20T10:35:02">
	<testcase classname="ApamaPluginUpdateTest" name="SoftwareManagement.Plugin.apama_plugin_update">
		<failure message="BLOCKED: sudo&lt;plugin_install&gt; returned non-zero exit code 2" type="BLOCKED"/>
		<system-out>10:34:41 INFO  ==============================================================
10:34:41 INFO  Id:    SoftwareManagement.Plugin.apama_plugin_update
10:34:41 INFO  Dir:   plugin_apama/
10:34:41 INFO  Title: Validate apama plugin updating one project with another
10:34:41 INFO  ==============================================================
10:34:41 INFO  Assertion that path exists=False for &quot;/etc/tedge/apama/project&quot; ... passed
10:34:42 INFO  Executed sudo&lt;create_project_dir&gt;, exit status 0
10:34:42 INFO  Executed sudo&lt;unzip_apama_project&gt;, exit status 0
10:34:43 INFO  Executed sudo&lt;move_apama_project&gt;, exit status 0
10:34:43 INFO  Executed sudo&lt;restart_apama_service&gt;, exit status 0
10:34:44 INFO  Executed sudo&lt;apama_correlator_wait&gt;, exit status 0
10:34:44 INFO  Assertion that path exists=True for &quot;/etc/tedge/apama/project&quot; ... passed
10:34:45 INFO  Executed sudo&lt;apama_list_monitors&gt;, exit status 0
10:34:45 INFO  Grep on file /home/pi/actions-runner/_work/thin-edge.io/thin-edge.io/tests/PySys/plugin_apama/apama_plugin_update/Output/linux/apama_list_monitors.out ... passed
10:34:46 WARN  Executed sudo&lt;plugin_install&gt;, exit status 2
10:34:46 INFO  Contents of plugin_install.err: 
  ERROR: Directory not empty (os error 39)
  -----

10:34:46 WARN  sudo&lt;plugin_install&gt; returned non-zero exit code 2 ... blocked [run.py:35]
10:34:46 WARN  Aborted test due to BLOCKED outcome
10:34:46 INFO  
10:34:46 INFO  cleanup:
10:34:46 INFO  Removing apama project
10:35:01 INFO  Executed sudo&lt;stop_apama_service&gt;, exit status 0, duration 14 secs
10:35:01 INFO  Executed sudo&lt;remove_apama_project&gt;, exit status 0
10:35:02 INFO  Executed sudo&lt;remove_apama_tmp_dir&gt;, exit status 0
10:35:02 INFO  
10:35:02 INFO  Test duration: 20.54 secs
10:35:02 INFO  Test final outcome:  BLOCKED
10:35:02 INFO  Test outcome reason: sudo&lt;plugin_install&gt; returned non-zero exit code 2
10:35:02 INFO  
</system-out>
	</testcase>
</testsuite>
