<?xml version="1.0" encoding="utf-8"?>
<testsuite failures="1" name="SoftwareManagement.sm_apt_install_remove_multiple_mixed" skipped="0" tests="1" time="180.04" timestamp="2022-07-22T00:15:32">
	<testcase classname="PySysTest" name="SoftwareManagement.sm_apt_install_remove_multiple_mixed">
		<failure message="BLOCKED: SystemError: Timeout while waiting for status SUCCESSFUL or False (+1 other failures)" type="BLOCKED"/>
		<system-out>00:12:32 INFO  ==============================================================
00:12:32 INFO  Id:    SoftwareManagement.sm_apt_install_remove_multiple_mixed
00:12:32 INFO  Dir:   software_management_end_to_end/
00:12:32 INFO  Title: Validate end to end behaviour for the apt plugin for multiple packages with mixed versions
00:12:32 INFO  ==============================================================
00:12:32 INFO  Using sw id database: {'asciijump': '5475369', 'robotfindskitten': '5474869', 'squirrel3': '5475279', 'rolldice': '5152439', 'moon-buggy': '5439204', 'apple': '5495053', 'banana': '5494888', 'cherry': '5495382', 'watermelon': '5494510', 'registry': '8018911', 'hello-world': '8021526', 'docker/getting-started': '8021973', 'alpine': '7991792'}
00:12:32 INFO  EnvironmentC8y Setup
00:12:33 INFO  Executed systemctl&lt;serv_mapper1&gt;, exit status 3
00:12:33 INFO  Restarting mosquitto too frequently in the last 10 seconds. It was only up for 5 seconds
00:12:33 INFO  Delaying execution by 6 seconds
00:12:53 INFO  Executed sudo&lt;tedge_connect_c8y&gt;, exit status 0, duration 14 secs
00:12:54 INFO  Executed sudo&lt;tedge_connect_c8y_test&gt;, exit status 0
00:12:55 INFO  Executed systemctl&lt;serv_mosq2&gt;, exit status 0
00:12:55 INFO  Executed systemctl&lt;serv_mapper3&gt;, exit status 0
00:12:57 INFO  State of current operation: SUCCESSFUL
00:12:57 INFO  Assert that (False == value) with value=False ... passed
00:12:58 INFO  Assert that (False == value) with value=False ... passed
00:12:58 INFO  Assert that (False == value) with value=False ... passed
00:12:58 INFO  Assert that (False == value) with value=False ... passed
00:12:58 INFO  Package moon-buggy is installed
00:12:58 WARN  Assert that (False == value) with value=True ... failed 
00:13:00 INFO  Response status: 201
00:13:00 INFO  Response to action: {
    &quot;creationTime&quot;: &quot;2022-07-22T00:13:00.185Z&quot;,
    &quot;deviceId&quot;: &quot;21167114&quot;,
    &quot;deviceName&quot;: &quot;m32sd10c&quot;,
    &quot;self&quot;: &quot;https://t493319102.eu-latest.cumulocity.com/devicecontrol/operations/21210875&quot;,
    &quot;id&quot;: &quot;21210875&quot;,
    &quot;status&quot;: &quot;PENDING&quot;,
    &quot;description&quot;: &quot;Apply software changes, triggered from PySys: [{'action': 'install', 'id': '5475369', 'name': 'asciijump', 'url': ' ', 'version': '::apt'}, {'action': 'install', 'id': '5474869', 'name': 'robotfindskitten', 'url': ' ', 'version': ' '}, {'action': 'install', 'id': '5475279', 'name': 'squirrel3', 'url': ' ', 'version': '3.1-7::apt'}, {'action': 'install', 'id': '5152439', 'name': 'rolldice', 'url': ' ', 'version': '1.16-1+b1'}, {'action': 'install', 'id': '5439204', 'name': 'moon-buggy', 'url': ' ', 'version': '1:1.0.51-12'}, {'action': 'install', 'id': '5475369', 'name': 'asciijump', 'url': ' ', 'version': '::apt'}]&quot;,
    &quot;c8y_SoftwareUpdate&quot;: [
        {
            &quot;name&quot;: &quot;asciijump&quot;,
            &quot;action&quot;: &quot;install&quot;,
            &quot;id&quot;: &quot;5475369&quot;,
            &quot;version&quot;: &quot;::apt&quot;,
            &quot;url&quot;: &quot; &quot;
        },
        {
            &quot;name&quot;: &quot;robotfindskitten&quot;,
            &quot;action&quot;: &quot;install&quot;,
            &quot;id&quot;: &quot;5474869&quot;,
            &quot;version&quot;: &quot; &quot;,
            &quot;url&quot;: &quot; &quot;
        },
        {
            &quot;name&quot;: &quot;squirrel3&quot;,
            &quot;action&quot;: &quot;install&quot;,
            &quot;id&quot;: &quot;5475279&quot;,
            &quot;version&quot;: &quot;3.1-7::apt&quot;,
            &quot;url&quot;: &quot; &quot;
        },
        {
            &quot;name&quot;: &quot;rolldice&quot;,
            &quot;action&quot;: &quot;install&quot;,
            &quot;id&quot;: &quot;5152439&quot;,
            &quot;version&quot;: &quot;1.16-1+b1&quot;,
            &quot;url&quot;: &quot; &quot;
        },
        {
            &quot;name&quot;: &quot;moon-buggy&quot;,
            &quot;action&quot;: &quot;install&quot;,
            &quot;id&quot;: &quot;5439204&quot;,
            &quot;version&quot;: &quot;1:1.0.51-12&quot;,
            &quot;url&quot;: &quot; &quot;
        },
        {
            &quot;name&quot;: &quot;asciijump&quot;,
            &quot;action&quot;: &quot;install&quot;,
            &quot;id&quot;: &quot;5475369&quot;,
            &quot;version&quot;: &quot;::apt&quot;,
            &quot;url&quot;: &quot; &quot;
        }
    ]
}
00:13:00 INFO  Started operation: {'creationTime': '2022-07-22T00:13:00.185Z', 'deviceId': '21167114', 'deviceName': 'm32sd10c', 'self': 'https://t493319102.eu-latest.cumulocity.com/devicecontrol/operations/21210875', 'id': '21210875', 'status': 'PENDING', 'description': &quot;Apply software changes, triggered from PySys: [{'action': 'install', 'id': '5475369', 'name': 'asciijump', 'url': ' ', 'version': '::apt'}, {'action': 'install', 'id': '5474869', 'name': 'robotfindskitten', 'url': ' ', 'version': ' '}, {'action': 'install', 'id': '5475279', 'name': 'squirrel3', 'url': ' ', 'version': '3.1-7::apt'}, {'action': 'install', 'id': '5152439', 'name': 'rolldice', 'url': ' ', 'version': '1.16-1+b1'}, {'action': 'install', 'id': '5439204', 'name': 'moon-buggy', 'url': ' ', 'version': '1:1.0.51-12'}, {'action': 'install', 'id': '5475369', 'name': 'asciijump', 'url': ' ', 'version': '::apt'}]&quot;, 'c8y_SoftwareUpdate': [{'name': 'asciijump', 'action': 'install', 'id': '5475369', 'version': '::apt', 'url': ' '}, {'name': 'robotfindskitten', 'action': 'install', 'id': '5474869', 'version': ' ', 'url': ' '}, {'name': 'squirrel3', 'action': 'install', 'id': '5475279', 'version': '3.1-7::apt', 'url': ' '}, {'name': 'rolldice', 'action': 'install', 'id': '5152439', 'version': '1.16-1+b1', 'url': ' '}, {'name': 'moon-buggy', 'action': 'install', 'id': '5439204', 'version': '1:1.0.51-12', 'url': ' '}, {'name': 'asciijump', 'action': 'install', 'id': '5475369', 'version': '::apt', 'url': ' '}]}
00:13:02 INFO  State of operation 21210875 : PENDING
00:13:04 INFO  State of operation 21210875 : EXECUTING
00:13:07 INFO  State of operation 21210875 : EXECUTING
00:13:09 INFO  State of operation 21210875 : EXECUTING
00:13:11 INFO  State of operation 21210875 : EXECUTING
00:13:13 INFO  State of operation 21210875 : EXECUTING
00:13:16 INFO  State of operation 21210875 : EXECUTING
00:13:19 INFO  State of operation 21210875 : EXECUTING
00:13:21 INFO  State of operation 21210875 : EXECUTING
00:13:24 INFO  State of operation 21210875 : EXECUTING
00:13:26 INFO  State of operation 21210875 : EXECUTING
00:13:28 INFO  State of operation 21210875 : EXECUTING
00:13:30 INFO  State of operation 21210875 : EXECUTING
00:13:33 INFO  State of operation 21210875 : EXECUTING
00:13:35 INFO  State of operation 21210875 : EXECUTING
00:13:37 INFO  State of operation 21210875 : EXECUTING
00:13:39 INFO  State of operation 21210875 : EXECUTING
00:13:42 INFO  State of operation 21210875 : EXECUTING
00:13:44 INFO  State of operation 21210875 : EXECUTING
00:13:47 INFO  State of operation 21210875 : EXECUTING
00:13:49 INFO  State of operation 21210875 : EXECUTING
00:13:51 INFO  State of operation 21210875 : EXECUTING
00:13:54 INFO  State of operation 21210875 : EXECUTING
00:13:56 INFO  State of operation 21210875 : EXECUTING
00:13:58 INFO  State of operation 21210875 : EXECUTING
00:14:01 INFO  State of operation 21210875 : EXECUTING
00:14:03 INFO  State of operation 21210875 : EXECUTING
00:14:06 INFO  State of operation 21210875 : EXECUTING
00:14:08 INFO  State of operation 21210875 : EXECUTING
00:14:10 INFO  State of operation 21210875 : EXECUTING
00:14:13 INFO  State of operation 21210875 : EXECUTING
00:14:15 INFO  State of operation 21210875 : EXECUTING
00:14:17 INFO  State of operation 21210875 : EXECUTING
00:14:19 INFO  State of operation 21210875 : EXECUTING
00:14:22 INFO  State of operation 21210875 : EXECUTING
00:14:24 INFO  State of operation 21210875 : EXECUTING
00:14:26 INFO  State of operation 21210875 : EXECUTING
00:14:28 INFO  State of operation 21210875 : EXECUTING
00:14:31 INFO  State of operation 21210875 : EXECUTING
00:14:33 INFO  State of operation 21210875 : EXECUTING
00:14:36 INFO  State of operation 21210875 : EXECUTING
00:14:38 INFO  State of operation 21210875 : EXECUTING
00:14:41 INFO  State of operation 21210875 : EXECUTING
00:14:43 INFO  State of operation 21210875 : EXECUTING
00:14:45 INFO  State of operation 21210875 : EXECUTING
00:14:47 INFO  State of operation 21210875 : EXECUTING
00:14:50 INFO  State of operation 21210875 : EXECUTING
00:14:52 INFO  State of operation 21210875 : EXECUTING
00:14:54 INFO  State of operation 21210875 : EXECUTING
00:14:57 INFO  State of operation 21210875 : EXECUTING
00:15:00 INFO  State of operation 21210875 : EXECUTING
00:15:02 INFO  State of operation 21210875 : EXECUTING
00:15:05 INFO  State of operation 21210875 : EXECUTING
00:15:08 INFO  State of operation 21210875 : EXECUTING
00:15:10 INFO  State of operation 21210875 : EXECUTING
00:15:12 INFO  State of operation 21210875 : EXECUTING
00:15:14 INFO  State of operation 21210875 : EXECUTING
00:15:17 INFO  State of operation 21210875 : EXECUTING
00:15:19 INFO  State of operation 21210875 : EXECUTING
00:15:21 INFO  State of operation 21210875 : EXECUTING
00:15:23 INFO  State of operation 21210875 : EXECUTING
00:15:25 WARN  SystemError occurred while running test - Timeout while waiting for status SUCCESSFUL or False
Traceback (most recent call last):
  File &quot;/home/pi/env-pysys/lib/python3.7/site-packages/pysys/baserunner.py&quot;, line 1294, in __call__
    self.testObj.execute()
  File &quot;/home/pi/actions-runner/_work/thin-edge.io/thin-edge.io/tests/PySys/software_management_end_to_end/sm_apt_install_remove_multiple_mixed/run.py&quot;, line 89, in execute
    self.wait_until_succcess()
  File &quot;/home/pi/actions-runner/_work/thin-edge.io/thin-edge.io/tests/PySys/software_management_end_to_end/environment_sm_management.py&quot;, line 324, in wait_until_succcess
    self.wait_until_status(&quot;SUCCESSFUL&quot;)
  File &quot;/home/pi/actions-runner/_work/thin-edge.io/thin-edge.io/tests/PySys/software_management_end_to_end/environment_sm_management.py&quot;, line 381, in wait_until_status
    &quot;Timeout while waiting for status %s or %s&quot; % (status, status2)
SystemError: Timeout while waiting for status SUCCESSFUL or False
00:15:25 WARN  SystemError: Timeout while waiting for status SUCCESSFUL or False ... blocked 
00:15:25 INFO  
00:15:25 INFO  cleanup:
00:15:32 INFO  Executed sudo&lt;tedge_disconnect_c8y&gt;, exit status 0
00:15:32 INFO  Executed systemctl&lt;serv_mapper5&gt;, exit status 3
00:15:32 INFO  
00:15:32 INFO  Test duration: 180.04 secs
00:15:32 INFO  Test final outcome:  BLOCKED
00:15:32 INFO  Test outcome reason: SystemError: Timeout while waiting for status SUCCESSFUL or False (+1 other failures)
00:15:32 INFO  
</system-out>
	</testcase>
</testsuite>
