<?xml version="1.0" encoding="utf-8"?>
<testsuite failures="1" name="SoftwareManagement.sm_apt_install_remove_multiple_mixed" skipped="0" tests="1" time="179.52" timestamp="2022-07-21T11:11:28">
	<testcase classname="PySysTest" name="SoftwareManagement.sm_apt_install_remove_multiple_mixed">
		<failure message="BLOCKED: SystemError: Timeout while waiting for status SUCCESSFUL or False (+1 other failures)" type="BLOCKED"/>
		<system-out>11:08:29 INFO  ==============================================================
11:08:29 INFO  Id:    SoftwareManagement.sm_apt_install_remove_multiple_mixed
11:08:29 INFO  Dir:   software_management_end_to_end/
11:08:29 INFO  Title: Validate end to end behaviour for the apt plugin for multiple packages with mixed versions
11:08:29 INFO  ==============================================================
11:08:29 INFO  Using sw id database: {'asciijump': '5475369', 'robotfindskitten': '5474869', 'squirrel3': '5475279', 'rolldice': '5152439', 'moon-buggy': '5439204', 'apple': '5495053', 'banana': '5494888', 'cherry': '5495382', 'watermelon': '5494510', 'registry': '8018911', 'hello-world': '8021526', 'docker/getting-started': '8021973', 'alpine': '7991792'}
11:08:29 INFO  EnvironmentC8y Setup
11:08:29 INFO  Executed systemctl&lt;serv_mapper1&gt;, exit status 3
11:08:30 INFO  Restarting mosquitto too frequently in the last 10 seconds. It was only up for 4 seconds
11:08:30 INFO  Delaying execution by 7 seconds
11:08:51 INFO  Executed sudo&lt;tedge_connect_c8y&gt;, exit status 0, duration 13 secs
11:08:51 INFO  Executed sudo&lt;tedge_connect_c8y_test&gt;, exit status 0
11:08:52 INFO  Executed systemctl&lt;serv_mosq2&gt;, exit status 0
11:08:52 INFO  Executed systemctl&lt;serv_mapper3&gt;, exit status 0
11:08:54 INFO  State of current operation: SUCCESSFUL
11:08:55 INFO  Assert that (False == value) with value=False ... passed
11:08:55 INFO  Assert that (False == value) with value=False ... passed
11:08:55 INFO  Assert that (False == value) with value=False ... passed
11:08:55 INFO  Assert that (False == value) with value=False ... passed
11:08:55 INFO  Package moon-buggy is installed
11:08:55 WARN  Assert that (False == value) with value=True ... failed 
11:08:57 INFO  Response status: 201
11:08:57 INFO  Response to action: {
    &quot;creationTime&quot;: &quot;2022-07-21T11:08:57.179Z&quot;,
    &quot;deviceId&quot;: &quot;21110410&quot;,
    &quot;deviceName&quot;: &quot;m32sd10c&quot;,
    &quot;self&quot;: &quot;https://t493319102.eu-latest.cumulocity.com/devicecontrol/operations/21118401&quot;,
    &quot;id&quot;: &quot;21118401&quot;,
    &quot;status&quot;: &quot;PENDING&quot;,
    &quot;description&quot;: &quot;Apply software changes, triggered from PySys: [{'action': 'install', 'id': '5475369', 'name': 'asciijump', 'url': ' ', 'version': '::apt'}, {'action': 'install', 'id': '5474869', 'name': 'robotfindskitten', 'url': ' ', 'version': ' '}, {'action': 'install', 'id': '5475279', 'name': 'squirrel3', 'url': ' ', 'version': '3.1-7::apt'}, {'action': 'install', 'id': '5152439', 'name': 'rolldice', 'url': ' ', 'version': '1.16-1+b1'}, {'action': 'install', 'id': '5439204', 'name': 'moon-buggy', 'url': ' ', 'version': '1:1.0.51-12'}, {'action': 'install', 'id': '5475369', 'name': 'asciijump', 'url': ' ', 'version': '::apt'}]&quot;,
    &quot;c8y_SoftwareUpdate&quot;: [
        {
            &quot;name&quot;: &quot;asciijump&quot;,
            &quot;action&quot;: &quot;install&quot;,
            &quot;id&quot;: &quot;5475369&quot;,
            &quot;version&quot;: &quot;::apt&quot;,
            &quot;url&quot;: &quot; &quot;
        },
        {
            &quot;name&quot;: &quot;robotfindskitten&quot;,
            &quot;action&quot;: &quot;install&quot;,
            &quot;id&quot;: &quot;5474869&quot;,
            &quot;version&quot;: &quot; &quot;,
            &quot;url&quot;: &quot; &quot;
        },
        {
            &quot;name&quot;: &quot;squirrel3&quot;,
            &quot;action&quot;: &quot;install&quot;,
            &quot;id&quot;: &quot;5475279&quot;,
            &quot;version&quot;: &quot;3.1-7::apt&quot;,
            &quot;url&quot;: &quot; &quot;
        },
        {
            &quot;name&quot;: &quot;rolldice&quot;,
            &quot;action&quot;: &quot;install&quot;,
            &quot;id&quot;: &quot;5152439&quot;,
            &quot;version&quot;: &quot;1.16-1+b1&quot;,
            &quot;url&quot;: &quot; &quot;
        },
        {
            &quot;name&quot;: &quot;moon-buggy&quot;,
            &quot;action&quot;: &quot;install&quot;,
            &quot;id&quot;: &quot;5439204&quot;,
            &quot;version&quot;: &quot;1:1.0.51-12&quot;,
            &quot;url&quot;: &quot; &quot;
        },
        {
            &quot;name&quot;: &quot;asciijump&quot;,
            &quot;action&quot;: &quot;install&quot;,
            &quot;id&quot;: &quot;5475369&quot;,
            &quot;version&quot;: &quot;::apt&quot;,
            &quot;url&quot;: &quot; &quot;
        }
    ]
}
11:08:57 INFO  Started operation: {'creationTime': '2022-07-21T11:08:57.179Z', 'deviceId': '21110410', 'deviceName': 'm32sd10c', 'self': 'https://t493319102.eu-latest.cumulocity.com/devicecontrol/operations/21118401', 'id': '21118401', 'status': 'PENDING', 'description': &quot;Apply software changes, triggered from PySys: [{'action': 'install', 'id': '5475369', 'name': 'asciijump', 'url': ' ', 'version': '::apt'}, {'action': 'install', 'id': '5474869', 'name': 'robotfindskitten', 'url': ' ', 'version': ' '}, {'action': 'install', 'id': '5475279', 'name': 'squirrel3', 'url': ' ', 'version': '3.1-7::apt'}, {'action': 'install', 'id': '5152439', 'name': 'rolldice', 'url': ' ', 'version': '1.16-1+b1'}, {'action': 'install', 'id': '5439204', 'name': 'moon-buggy', 'url': ' ', 'version': '1:1.0.51-12'}, {'action': 'install', 'id': '5475369', 'name': 'asciijump', 'url': ' ', 'version': '::apt'}]&quot;, 'c8y_SoftwareUpdate': [{'name': 'asciijump', 'action': 'install', 'id': '5475369', 'version': '::apt', 'url': ' '}, {'name': 'robotfindskitten', 'action': 'install', 'id': '5474869', 'version': ' ', 'url': ' '}, {'name': 'squirrel3', 'action': 'install', 'id': '5475279', 'version': '3.1-7::apt', 'url': ' '}, {'name': 'rolldice', 'action': 'install', 'id': '5152439', 'version': '1.16-1+b1', 'url': ' '}, {'name': 'moon-buggy', 'action': 'install', 'id': '5439204', 'version': '1:1.0.51-12', 'url': ' '}, {'name': 'asciijump', 'action': 'install', 'id': '5475369', 'version': '::apt', 'url': ' '}]}
11:08:59 INFO  State of operation 21118401 : PENDING
11:09:01 INFO  State of operation 21118401 : EXECUTING
11:09:03 INFO  State of operation 21118401 : EXECUTING
11:09:06 INFO  State of operation 21118401 : EXECUTING
11:09:08 INFO  State of operation 21118401 : EXECUTING
11:09:10 INFO  State of operation 21118401 : EXECUTING
11:09:13 INFO  State of operation 21118401 : EXECUTING
11:09:16 INFO  State of operation 21118401 : EXECUTING
11:09:18 INFO  State of operation 21118401 : EXECUTING
11:09:20 INFO  State of operation 21118401 : EXECUTING
11:09:22 INFO  State of operation 21118401 : EXECUTING
11:09:25 INFO  State of operation 21118401 : EXECUTING
11:09:27 INFO  State of operation 21118401 : EXECUTING
11:09:29 INFO  State of operation 21118401 : EXECUTING
11:09:31 INFO  State of operation 21118401 : EXECUTING
11:09:34 INFO  State of operation 21118401 : EXECUTING
11:09:36 INFO  State of operation 21118401 : EXECUTING
11:09:38 INFO  State of operation 21118401 : EXECUTING
11:09:41 INFO  State of operation 21118401 : EXECUTING
11:09:43 INFO  State of operation 21118401 : EXECUTING
11:09:45 INFO  State of operation 21118401 : EXECUTING
11:09:48 INFO  State of operation 21118401 : EXECUTING
11:09:50 INFO  State of operation 21118401 : EXECUTING
11:09:52 INFO  State of operation 21118401 : EXECUTING
11:09:55 INFO  State of operation 21118401 : EXECUTING
11:09:58 INFO  State of operation 21118401 : EXECUTING
11:10:00 INFO  State of operation 21118401 : EXECUTING
11:10:03 INFO  State of operation 21118401 : EXECUTING
11:10:05 INFO  State of operation 21118401 : EXECUTING
11:10:08 INFO  State of operation 21118401 : EXECUTING
11:10:10 INFO  State of operation 21118401 : EXECUTING
11:10:12 INFO  State of operation 21118401 : EXECUTING
11:10:15 INFO  State of operation 21118401 : EXECUTING
11:10:17 INFO  State of operation 21118401 : EXECUTING
11:10:19 INFO  State of operation 21118401 : EXECUTING
11:10:22 INFO  State of operation 21118401 : EXECUTING
11:10:24 INFO  State of operation 21118401 : EXECUTING
11:10:27 INFO  State of operation 21118401 : EXECUTING
11:10:29 INFO  State of operation 21118401 : EXECUTING
11:10:31 INFO  State of operation 21118401 : EXECUTING
11:10:34 INFO  State of operation 21118401 : EXECUTING
11:10:36 INFO  State of operation 21118401 : EXECUTING
11:10:38 INFO  State of operation 21118401 : EXECUTING
11:10:41 INFO  State of operation 21118401 : EXECUTING
11:10:43 INFO  State of operation 21118401 : EXECUTING
11:10:45 INFO  State of operation 21118401 : EXECUTING
11:10:47 INFO  State of operation 21118401 : EXECUTING
11:10:50 INFO  State of operation 21118401 : EXECUTING
11:10:52 INFO  State of operation 21118401 : EXECUTING
11:10:55 INFO  State of operation 21118401 : EXECUTING
11:10:57 INFO  State of operation 21118401 : EXECUTING
11:10:59 INFO  State of operation 21118401 : EXECUTING
11:11:02 INFO  State of operation 21118401 : EXECUTING
11:11:04 INFO  State of operation 21118401 : EXECUTING
11:11:07 INFO  State of operation 21118401 : EXECUTING
11:11:09 INFO  State of operation 21118401 : EXECUTING
11:11:12 INFO  State of operation 21118401 : EXECUTING
11:11:14 INFO  State of operation 21118401 : EXECUTING
11:11:17 INFO  State of operation 21118401 : EXECUTING
11:11:19 INFO  State of operation 21118401 : EXECUTING
11:11:21 INFO  State of operation 21118401 : EXECUTING
11:11:23 WARN  SystemError occurred while running test - Timeout while waiting for status SUCCESSFUL or False
Traceback (most recent call last):
  File &quot;/home/pi/env-pysys/lib/python3.7/site-packages/pysys/baserunner.py&quot;, line 1294, in __call__
    self.testObj.execute()
  File &quot;/home/pi/actions-runner/_work/thin-edge.io/thin-edge.io/tests/PySys/software_management_end_to_end/sm_apt_install_remove_multiple_mixed/run.py&quot;, line 89, in execute
    self.wait_until_succcess()
  File &quot;/home/pi/actions-runner/_work/thin-edge.io/thin-edge.io/tests/PySys/software_management_end_to_end/environment_sm_management.py&quot;, line 324, in wait_until_succcess
    self.wait_until_status(&quot;SUCCESSFUL&quot;)
  File &quot;/home/pi/actions-runner/_work/thin-edge.io/thin-edge.io/tests/PySys/software_management_end_to_end/environment_sm_management.py&quot;, line 381, in wait_until_status
    &quot;Timeout while waiting for status %s or %s&quot; % (status, status2)
SystemError: Timeout while waiting for status SUCCESSFUL or False
11:11:23 WARN  SystemError: Timeout while waiting for status SUCCESSFUL or False ... blocked 
11:11:23 INFO  
11:11:23 INFO  cleanup:
11:11:28 INFO  Executed sudo&lt;tedge_disconnect_c8y&gt;, exit status 0
11:11:28 INFO  Executed systemctl&lt;serv_mapper5&gt;, exit status 3
11:11:28 INFO  
11:11:28 INFO  Test duration: 179.52 secs
11:11:28 INFO  Test final outcome:  BLOCKED
11:11:28 INFO  Test outcome reason: SystemError: Timeout while waiting for status SUCCESSFUL or False (+1 other failures)
11:11:28 INFO  
</system-out>
	</testcase>
</testsuite>
