<?xml version="1.0" encoding="utf-8"?>
<testsuite failures="1" name="SoftwareManagement.sm_mixed_install_remove_multiple" skipped="0" tests="1" time="164.65" timestamp="2022-07-22T18:49:06">
	<testcase classname="PySysTest" name="SoftwareManagement.sm_mixed_install_remove_multiple">
		<failure message="FAILED: Assert that (False == value) with value=True" type="FAILED"/>
		<system-out>18:46:21 INFO  ==============================================================
18:46:21 INFO  Id:    SoftwareManagement.sm_mixed_install_remove_multiple
18:46:21 INFO  Dir:   software_management_end_to_end/
18:46:21 INFO  Title: Validate end to end behaviour for the dummy-plugin for multiple packages with mixed versions
18:46:21 INFO  ==============================================================
18:46:21 INFO  Using sw id database: {'asciijump': '5475369', 'robotfindskitten': '5474869', 'squirrel3': '5475279', 'rolldice': '5152439', 'moon-buggy': '5439204', 'apple': '5495053', 'banana': '5494888', 'cherry': '5495382', 'watermelon': '5494510', 'registry': '8018911', 'hello-world': '8021526', 'docker/getting-started': '8021973', 'alpine': '7991792'}
18:46:21 INFO  EnvironmentC8y Setup
18:46:22 INFO  Executed systemctl&lt;serv_mapper1&gt;, exit status 3
18:46:22 INFO  Restarting mosquitto too frequently in the last 10 seconds. It was only up for 5 seconds
18:46:22 INFO  Delaying execution by 6 seconds
18:46:42 INFO  Executed sudo&lt;tedge_connect_c8y&gt;, exit status 0, duration 14 secs
18:46:43 INFO  Executed sudo&lt;tedge_connect_c8y_test&gt;, exit status 0
18:46:43 INFO  Executed systemctl&lt;serv_mosq2&gt;, exit status 0
18:46:44 INFO  Executed systemctl&lt;serv_mapper3&gt;, exit status 0
18:46:46 INFO  State of current operation: SUCCESSFUL
18:46:46 INFO  Package apple is installed
18:46:46 INFO  Assert that (True == value) with value=True ... passed
18:46:46 INFO  Package banana is installed
18:46:46 INFO  Assert that (True == value) with value=True ... passed
18:46:47 INFO  Package cherry is installed
18:46:47 INFO  Assert that (True == value) with value=True ... passed
18:46:47 INFO  Package asciijump is installed
18:46:47 WARN  Assert that (False == value) with value=True ... failed 
18:46:47 INFO  Assert that (False == value) with value=False ... passed
18:46:47 INFO  Response status: 201
18:46:47 INFO  Response to action: {
    &quot;creationTime&quot;: &quot;2022-07-22T18:46:47.874Z&quot;,
    &quot;deviceId&quot;: &quot;21303241&quot;,
    &quot;deviceName&quot;: &quot;m32sd10c&quot;,
    &quot;self&quot;: &quot;https://t493319102.eu-latest.cumulocity.com/devicecontrol/operations/21313765&quot;,
    &quot;id&quot;: &quot;21313765&quot;,
    &quot;status&quot;: &quot;PENDING&quot;,
    &quot;description&quot;: &quot;Apply software changes, triggered from PySys: [{'action': 'install', 'id': '5495053', 'name': 'apple', 'url': ' ', 'version': '::fruits'}, {'action': 'install', 'id': '5494888', 'name': 'banana', 'url': ' ', 'version': '::fruits'}, {'action': 'install', 'id': '5475369', 'name': 'asciijump', 'url': ' ', 'version': '::apt'}, {'action': 'install', 'id': '5495382', 'name': 'cherry', 'url': ' ', 'version': '::fruits'}, {'action': 'install', 'id': '8018911', 'name': 'registry', 'url': ' ', 'version': '::docker'}]&quot;,
    &quot;c8y_SoftwareUpdate&quot;: [
        {
            &quot;name&quot;: &quot;apple&quot;,
            &quot;action&quot;: &quot;install&quot;,
            &quot;id&quot;: &quot;5495053&quot;,
            &quot;version&quot;: &quot;::fruits&quot;,
            &quot;url&quot;: &quot; &quot;
        },
        {
            &quot;name&quot;: &quot;banana&quot;,
            &quot;action&quot;: &quot;install&quot;,
            &quot;id&quot;: &quot;5494888&quot;,
            &quot;version&quot;: &quot;::fruits&quot;,
            &quot;url&quot;: &quot; &quot;
        },
        {
            &quot;name&quot;: &quot;asciijump&quot;,
            &quot;action&quot;: &quot;install&quot;,
            &quot;id&quot;: &quot;5475369&quot;,
            &quot;version&quot;: &quot;::apt&quot;,
            &quot;url&quot;: &quot; &quot;
        },
        {
            &quot;name&quot;: &quot;cherry&quot;,
            &quot;action&quot;: &quot;install&quot;,
            &quot;id&quot;: &quot;5495382&quot;,
            &quot;version&quot;: &quot;::fruits&quot;,
            &quot;url&quot;: &quot; &quot;
        },
        {
            &quot;name&quot;: &quot;registry&quot;,
            &quot;action&quot;: &quot;install&quot;,
            &quot;id&quot;: &quot;8018911&quot;,
            &quot;version&quot;: &quot;::docker&quot;,
            &quot;url&quot;: &quot; &quot;
        }
    ]
}
18:46:47 INFO  Started operation: {'creationTime': '2022-07-22T18:46:47.874Z', 'deviceId': '21303241', 'deviceName': 'm32sd10c', 'self': 'https://t493319102.eu-latest.cumulocity.com/devicecontrol/operations/21313765', 'id': '21313765', 'status': 'PENDING', 'description': &quot;Apply software changes, triggered from PySys: [{'action': 'install', 'id': '5495053', 'name': 'apple', 'url': ' ', 'version': '::fruits'}, {'action': 'install', 'id': '5494888', 'name': 'banana', 'url': ' ', 'version': '::fruits'}, {'action': 'install', 'id': '5475369', 'name': 'asciijump', 'url': ' ', 'version': '::apt'}, {'action': 'install', 'id': '5495382', 'name': 'cherry', 'url': ' ', 'version': '::fruits'}, {'action': 'install', 'id': '8018911', 'name': 'registry', 'url': ' ', 'version': '::docker'}]&quot;, 'c8y_SoftwareUpdate': [{'name': 'apple', 'action': 'install', 'id': '5495053', 'version': '::fruits', 'url': ' '}, {'name': 'banana', 'action': 'install', 'id': '5494888', 'version': '::fruits', 'url': ' '}, {'name': 'asciijump', 'action': 'install', 'id': '5475369', 'version': '::apt', 'url': ' '}, {'name': 'cherry', 'action': 'install', 'id': '5495382', 'version': '::fruits', 'url': ' '}, {'name': 'registry', 'action': 'install', 'id': '8018911', 'version': '::docker', 'url': ' '}]}
18:46:50 INFO  State of operation 21313765 : PENDING
18:46:52 INFO  State of operation 21313765 : EXECUTING
18:46:54 INFO  State of operation 21313765 : EXECUTING
18:46:56 INFO  State of operation 21313765 : EXECUTING
18:46:59 INFO  State of operation 21313765 : EXECUTING
18:47:01 INFO  State of operation 21313765 : EXECUTING
18:47:04 INFO  State of operation 21313765 : EXECUTING
18:47:06 INFO  State of operation 21313765 : EXECUTING
18:47:09 INFO  State of operation 21313765 : EXECUTING
18:47:11 INFO  State of operation 21313765 : EXECUTING
18:47:13 INFO  State of operation 21313765 : EXECUTING
18:47:16 INFO  State of operation 21313765 : EXECUTING
18:47:18 INFO  State of operation 21313765 : EXECUTING
18:47:20 INFO  State of operation 21313765 : EXECUTING
18:47:22 INFO  State of operation 21313765 : EXECUTING
18:47:25 INFO  State of operation 21313765 : EXECUTING
18:47:27 INFO  State of operation 21313765 : EXECUTING
18:47:29 INFO  State of operation 21313765 : EXECUTING
18:47:31 INFO  State of operation 21313765 : EXECUTING
18:47:34 INFO  State of operation 21313765 : EXECUTING
18:47:36 INFO  State of operation 21313765 : EXECUTING
18:47:38 INFO  State of operation 21313765 : EXECUTING
18:47:41 INFO  State of operation 21313765 : EXECUTING
18:47:43 INFO  State of operation 21313765 : EXECUTING
18:47:45 INFO  State of operation 21313765 : EXECUTING
18:47:47 INFO  State of operation 21313765 : SUCCESSFUL
18:47:48 INFO  Package apple is installed
18:47:48 INFO  Assert that (True == value) with value=True ... passed
18:47:48 INFO  Package banana is installed
18:47:48 INFO  Assert that (True == value) with value=True ... passed
18:47:48 INFO  Package cherry is installed
18:47:48 INFO  Assert that (True == value) with value=True ... passed
18:47:48 INFO  Package asciijump is installed
18:47:48 INFO  Assert that (True == value) with value=True ... passed
18:47:49 INFO  Package registry is installed
18:47:49 INFO  Assert that (True == value) with value=True ... passed
18:47:49 INFO  Response status: 201
18:47:49 INFO  Response to action: {
    &quot;creationTime&quot;: &quot;2022-07-22T18:47:49.281Z&quot;,
    &quot;deviceId&quot;: &quot;21303241&quot;,
    &quot;deviceName&quot;: &quot;m32sd10c&quot;,
    &quot;self&quot;: &quot;https://t493319102.eu-latest.cumulocity.com/devicecontrol/operations/21313771&quot;,
    &quot;id&quot;: &quot;21313771&quot;,
    &quot;status&quot;: &quot;PENDING&quot;,
    &quot;description&quot;: &quot;Apply software changes, triggered from PySys: [{'action': 'delete', 'id': '5495053', 'name': 'apple', 'url': ' ', 'version': '::fruits'}, {'action': 'delete', 'id': '5494888', 'name': 'banana', 'url': ' ', 'version': '::fruits'}, {'action': 'delete', 'id': '5475369', 'name': 'asciijump', 'url': ' ', 'version': '::apt'}, {'action': 'delete', 'id': '5495382', 'name': 'cherry', 'url': ' ', 'version': '::fruits'}, {'action': 'delete', 'id': '8018911', 'name': 'registry', 'url': ' ', 'version': '::docker'}]&quot;,
    &quot;c8y_SoftwareUpdate&quot;: [
        {
            &quot;name&quot;: &quot;apple&quot;,
            &quot;action&quot;: &quot;delete&quot;,
            &quot;id&quot;: &quot;5495053&quot;,
            &quot;version&quot;: &quot;::fruits&quot;,
            &quot;url&quot;: &quot; &quot;
        },
        {
            &quot;name&quot;: &quot;banana&quot;,
            &quot;action&quot;: &quot;delete&quot;,
            &quot;id&quot;: &quot;5494888&quot;,
            &quot;version&quot;: &quot;::fruits&quot;,
            &quot;url&quot;: &quot; &quot;
        },
        {
            &quot;name&quot;: &quot;asciijump&quot;,
            &quot;action&quot;: &quot;delete&quot;,
            &quot;id&quot;: &quot;5475369&quot;,
            &quot;version&quot;: &quot;::apt&quot;,
            &quot;url&quot;: &quot; &quot;
        },
        {
            &quot;name&quot;: &quot;cherry&quot;,
            &quot;action&quot;: &quot;delete&quot;,
            &quot;id&quot;: &quot;5495382&quot;,
            &quot;version&quot;: &quot;::fruits&quot;,
            &quot;url&quot;: &quot; &quot;
        },
        {
            &quot;name&quot;: &quot;registry&quot;,
            &quot;action&quot;: &quot;delete&quot;,
            &quot;id&quot;: &quot;8018911&quot;,
            &quot;version&quot;: &quot;::docker&quot;,
            &quot;url&quot;: &quot; &quot;
        }
    ]
}
18:47:49 INFO  Started operation: {'creationTime': '2022-07-22T18:47:49.281Z', 'deviceId': '21303241', 'deviceName': 'm32sd10c', 'self': 'https://t493319102.eu-latest.cumulocity.com/devicecontrol/operations/21313771', 'id': '21313771', 'status': 'PENDING', 'description': &quot;Apply software changes, triggered from PySys: [{'action': 'delete', 'id': '5495053', 'name': 'apple', 'url': ' ', 'version': '::fruits'}, {'action': 'delete', 'id': '5494888', 'name': 'banana', 'url': ' ', 'version': '::fruits'}, {'action': 'delete', 'id': '5475369', 'name': 'asciijump', 'url': ' ', 'version': '::apt'}, {'action': 'delete', 'id': '5495382', 'name': 'cherry', 'url': ' ', 'version': '::fruits'}, {'action': 'delete', 'id': '8018911', 'name': 'registry', 'url': ' ', 'version': '::docker'}]&quot;, 'c8y_SoftwareUpdate': [{'name': 'apple', 'action': 'delete', 'id': '5495053', 'version': '::fruits', 'url': ' '}, {'name': 'banana', 'action': 'delete', 'id': '5494888', 'version': '::fruits', 'url': ' '}, {'name': 'asciijump', 'action': 'delete', 'id': '5475369', 'version': '::apt', 'url': ' '}, {'name': 'cherry', 'action': 'delete', 'id': '5495382', 'version': '::fruits', 'url': ' '}, {'name': 'registry', 'action': 'delete', 'id': '8018911', 'version': '::docker', 'url': ' '}]}
18:47:51 INFO  State of operation 21313771 : PENDING
18:47:53 INFO  State of operation 21313771 : EXECUTING
18:47:56 INFO  State of operation 21313771 : EXECUTING
18:47:58 INFO  State of operation 21313771 : EXECUTING
18:48:00 INFO  State of operation 21313771 : EXECUTING
18:48:02 INFO  State of operation 21313771 : EXECUTING
18:48:05 INFO  State of operation 21313771 : EXECUTING
18:48:08 INFO  State of operation 21313771 : EXECUTING
18:48:16 INFO  State of operation 21313771 : EXECUTING
18:48:18 INFO  State of operation 21313771 : EXECUTING
18:48:20 INFO  State of operation 21313771 : EXECUTING
18:48:22 INFO  State of operation 21313771 : EXECUTING
18:48:25 INFO  State of operation 21313771 : EXECUTING
18:48:28 INFO  State of operation 21313771 : EXECUTING
18:48:30 INFO  State of operation 21313771 : EXECUTING
18:48:32 INFO  State of operation 21313771 : EXECUTING
18:48:34 INFO  State of operation 21313771 : EXECUTING
18:48:37 INFO  State of operation 21313771 : EXECUTING
18:48:39 INFO  State of operation 21313771 : EXECUTING
18:48:41 INFO  State of operation 21313771 : EXECUTING
18:48:44 INFO  State of operation 21313771 : EXECUTING
18:48:46 INFO  State of operation 21313771 : EXECUTING
18:48:48 INFO  State of operation 21313771 : EXECUTING
18:48:51 INFO  State of operation 21313771 : EXECUTING
18:48:53 INFO  State of operation 21313771 : EXECUTING
18:48:55 INFO  State of operation 21313771 : EXECUTING
18:48:58 INFO  State of operation 21313771 : EXECUTING
18:49:00 INFO  State of operation 21313771 : SUCCESSFUL
18:49:00 INFO  Package apple is installed
18:49:00 INFO  Assert that (True == value) with value=True ... passed
18:49:00 INFO  Package banana is installed
18:49:00 INFO  Assert that (True == value) with value=True ... passed
18:49:00 INFO  Package cherry is installed
18:49:00 INFO  Assert that (True == value) with value=True ... passed
18:49:01 INFO  Assert that (False == value) with value=False ... passed
18:49:01 INFO  Assert that (False == value) with value=False ... passed
18:49:01 INFO  
18:49:01 INFO  cleanup:
18:49:05 INFO  Executed sudo&lt;tedge_disconnect_c8y&gt;, exit status 0
18:49:06 INFO  Executed systemctl&lt;serv_mapper5&gt;, exit status 3
18:49:06 INFO  
18:49:06 INFO  Test duration: 164.65 secs
18:49:06 INFO  Test final outcome:  FAILED
18:49:06 INFO  Test outcome reason: Assert that (False == value) with value=True
18:49:06 INFO  
</system-out>
	</testcase>
</testsuite>
