<?xml version="1.0" encoding="utf-8"?>
<testsuite failures="1" name="SoftwareManagement.sm_mixed_install_remove_multiple" skipped="0" tests="1" time="167.96" timestamp="2022-06-20T18:00:38">
	<testcase classname="PySysTest" name="SoftwareManagement.sm_mixed_install_remove_multiple">
		<failure message="FAILED: Assert that (False == value) with value=True" type="FAILED"/>
		<system-out>17:57:50 INFO  ==============================================================
17:57:50 INFO  Id:    SoftwareManagement.sm_mixed_install_remove_multiple
17:57:50 INFO  Dir:   software_management_end_to_end/
17:57:50 INFO  Title: Validate end to end behaviour for the dummy-plugin for multiple packages with mixed versions
17:57:50 INFO  ==============================================================
17:57:50 INFO  Using sw id database: {'asciijump': '5475369', 'robotfindskitten': '5474869', 'squirrel3': '5475279', 'rolldice': '5152439', 'moon-buggy': '5439204', 'apple': '5495053', 'banana': '5494888', 'cherry': '5495382', 'watermelon': '5494510', 'registry': '8018911', 'hello-world': '8021526', 'docker/getting-started': '8021973', 'alpine': '7991792'}
17:57:50 INFO  EnvironmentC8y Setup
17:57:50 INFO  Executed systemctl&lt;serv_mapper1&gt;, exit status 3
17:57:50 INFO  Restarting mosquitto too frequently in the last 10 seconds. It was only up for 5 seconds
17:57:50 INFO  Delaying execution by 6 seconds
17:58:11 INFO  Executed sudo&lt;tedge_connect_c8y&gt;, exit status 0, duration 14 secs
17:58:11 INFO  Executed sudo&lt;tedge_connect_c8y_test&gt;, exit status 0
17:58:12 INFO  Executed systemctl&lt;serv_mosq2&gt;, exit status 0
17:58:12 INFO  Executed systemctl&lt;serv_mapper3&gt;, exit status 0
17:58:14 INFO  State of current operation: SUCCESSFUL
17:58:15 INFO  Package apple is installed
17:58:15 INFO  Assert that (True == value) with value=True ... passed
17:58:15 INFO  Package banana is installed
17:58:15 INFO  Assert that (True == value) with value=True ... passed
17:58:15 INFO  Package cherry is installed
17:58:15 INFO  Assert that (True == value) with value=True ... passed
17:58:15 INFO  Package asciijump is installed
17:58:15 WARN  Assert that (False == value) with value=True ... failed 
17:58:16 INFO  Assert that (False == value) with value=False ... passed
17:58:16 INFO  Response status: 201
17:58:16 INFO  Response to action: {
    &quot;creationTime&quot;: &quot;2022-06-20T17:58:16.289Z&quot;,
    &quot;deviceName&quot;: &quot;m32sd10c&quot;,
    &quot;deviceId&quot;: &quot;20352405&quot;,
    &quot;self&quot;: &quot;https://t493319102.eu-latest.cumulocity.com/devicecontrol/operations/20362994&quot;,
    &quot;id&quot;: &quot;20362994&quot;,
    &quot;status&quot;: &quot;PENDING&quot;,
    &quot;description&quot;: &quot;Apply software changes, triggered from PySys: [{'action': 'install', 'id': '5495053', 'name': 'apple', 'url': ' ', 'version': '::fruits'}, {'action': 'install', 'id': '5494888', 'name': 'banana', 'url': ' ', 'version': '::fruits'}, {'action': 'install', 'id': '5475369', 'name': 'asciijump', 'url': ' ', 'version': '::apt'}, {'action': 'install', 'id': '5495382', 'name': 'cherry', 'url': ' ', 'version': '::fruits'}, {'action': 'install', 'id': '8018911', 'name': 'registry', 'url': ' ', 'version': '::docker'}]&quot;,
    &quot;c8y_SoftwareUpdate&quot;: [
        {
            &quot;name&quot;: &quot;apple&quot;,
            &quot;action&quot;: &quot;install&quot;,
            &quot;id&quot;: &quot;5495053&quot;,
            &quot;version&quot;: &quot;::fruits&quot;,
            &quot;url&quot;: &quot; &quot;
        },
        {
            &quot;name&quot;: &quot;banana&quot;,
            &quot;action&quot;: &quot;install&quot;,
            &quot;id&quot;: &quot;5494888&quot;,
            &quot;version&quot;: &quot;::fruits&quot;,
            &quot;url&quot;: &quot; &quot;
        },
        {
            &quot;name&quot;: &quot;asciijump&quot;,
            &quot;action&quot;: &quot;install&quot;,
            &quot;id&quot;: &quot;5475369&quot;,
            &quot;version&quot;: &quot;::apt&quot;,
            &quot;url&quot;: &quot; &quot;
        },
        {
            &quot;name&quot;: &quot;cherry&quot;,
            &quot;action&quot;: &quot;install&quot;,
            &quot;id&quot;: &quot;5495382&quot;,
            &quot;version&quot;: &quot;::fruits&quot;,
            &quot;url&quot;: &quot; &quot;
        },
        {
            &quot;name&quot;: &quot;registry&quot;,
            &quot;action&quot;: &quot;install&quot;,
            &quot;id&quot;: &quot;8018911&quot;,
            &quot;version&quot;: &quot;::docker&quot;,
            &quot;url&quot;: &quot; &quot;
        }
    ]
}
17:58:16 INFO  Started operation: {'creationTime': '2022-06-20T17:58:16.289Z', 'deviceName': 'm32sd10c', 'deviceId': '20352405', 'self': 'https://t493319102.eu-latest.cumulocity.com/devicecontrol/operations/20362994', 'id': '20362994', 'status': 'PENDING', 'description': &quot;Apply software changes, triggered from PySys: [{'action': 'install', 'id': '5495053', 'name': 'apple', 'url': ' ', 'version': '::fruits'}, {'action': 'install', 'id': '5494888', 'name': 'banana', 'url': ' ', 'version': '::fruits'}, {'action': 'install', 'id': '5475369', 'name': 'asciijump', 'url': ' ', 'version': '::apt'}, {'action': 'install', 'id': '5495382', 'name': 'cherry', 'url': ' ', 'version': '::fruits'}, {'action': 'install', 'id': '8018911', 'name': 'registry', 'url': ' ', 'version': '::docker'}]&quot;, 'c8y_SoftwareUpdate': [{'name': 'apple', 'action': 'install', 'id': '5495053', 'version': '::fruits', 'url': ' '}, {'name': 'banana', 'action': 'install', 'id': '5494888', 'version': '::fruits', 'url': ' '}, {'name': 'asciijump', 'action': 'install', 'id': '5475369', 'version': '::apt', 'url': ' '}, {'name': 'cherry', 'action': 'install', 'id': '5495382', 'version': '::fruits', 'url': ' '}, {'name': 'registry', 'action': 'install', 'id': '8018911', 'version': '::docker', 'url': ' '}]}
17:58:18 INFO  State of operation 20362994 : PENDING
17:58:20 INFO  State of operation 20362994 : EXECUTING
17:58:23 INFO  State of operation 20362994 : EXECUTING
17:58:25 INFO  State of operation 20362994 : EXECUTING
17:58:27 INFO  State of operation 20362994 : EXECUTING
17:58:29 INFO  State of operation 20362994 : EXECUTING
17:58:32 INFO  State of operation 20362994 : EXECUTING
17:58:35 INFO  State of operation 20362994 : EXECUTING
17:58:37 INFO  State of operation 20362994 : EXECUTING
17:58:40 INFO  State of operation 20362994 : EXECUTING
17:58:42 INFO  State of operation 20362994 : EXECUTING
17:58:44 INFO  State of operation 20362994 : EXECUTING
17:58:46 INFO  State of operation 20362994 : EXECUTING
17:58:49 INFO  State of operation 20362994 : EXECUTING
17:58:51 INFO  State of operation 20362994 : EXECUTING
17:58:53 INFO  State of operation 20362994 : EXECUTING
17:58:55 INFO  State of operation 20362994 : EXECUTING
17:58:58 INFO  State of operation 20362994 : EXECUTING
17:59:00 INFO  State of operation 20362994 : EXECUTING
17:59:02 INFO  State of operation 20362994 : EXECUTING
17:59:05 INFO  State of operation 20362994 : EXECUTING
17:59:07 INFO  State of operation 20362994 : EXECUTING
17:59:10 INFO  State of operation 20362994 : EXECUTING
17:59:12 INFO  State of operation 20362994 : EXECUTING
17:59:14 INFO  State of operation 20362994 : EXECUTING
17:59:16 INFO  State of operation 20362994 : EXECUTING
17:59:19 INFO  State of operation 20362994 : SUCCESSFUL
17:59:19 INFO  Package apple is installed
17:59:19 INFO  Assert that (True == value) with value=True ... passed
17:59:19 INFO  Package banana is installed
17:59:19 INFO  Assert that (True == value) with value=True ... passed
17:59:19 INFO  Package cherry is installed
17:59:19 INFO  Assert that (True == value) with value=True ... passed
17:59:19 INFO  Package asciijump is installed
17:59:19 INFO  Assert that (True == value) with value=True ... passed
17:59:20 INFO  Package registry is installed
17:59:20 INFO  Assert that (True == value) with value=True ... passed
17:59:20 INFO  Response status: 201
17:59:20 INFO  Response to action: {
    &quot;creationTime&quot;: &quot;2022-06-20T17:59:20.383Z&quot;,
    &quot;deviceName&quot;: &quot;m32sd10c&quot;,
    &quot;deviceId&quot;: &quot;20352405&quot;,
    &quot;self&quot;: &quot;https://t493319102.eu-latest.cumulocity.com/devicecontrol/operations/20363002&quot;,
    &quot;id&quot;: &quot;20363002&quot;,
    &quot;status&quot;: &quot;PENDING&quot;,
    &quot;description&quot;: &quot;Apply software changes, triggered from PySys: [{'action': 'delete', 'id': '5495053', 'name': 'apple', 'url': ' ', 'version': '::fruits'}, {'action': 'delete', 'id': '5494888', 'name': 'banana', 'url': ' ', 'version': '::fruits'}, {'action': 'delete', 'id': '5475369', 'name': 'asciijump', 'url': ' ', 'version': '::apt'}, {'action': 'delete', 'id': '5495382', 'name': 'cherry', 'url': ' ', 'version': '::fruits'}, {'action': 'delete', 'id': '8018911', 'name': 'registry', 'url': ' ', 'version': '::docker'}]&quot;,
    &quot;c8y_SoftwareUpdate&quot;: [
        {
            &quot;name&quot;: &quot;apple&quot;,
            &quot;action&quot;: &quot;delete&quot;,
            &quot;id&quot;: &quot;5495053&quot;,
            &quot;version&quot;: &quot;::fruits&quot;,
            &quot;url&quot;: &quot; &quot;
        },
        {
            &quot;name&quot;: &quot;banana&quot;,
            &quot;action&quot;: &quot;delete&quot;,
            &quot;id&quot;: &quot;5494888&quot;,
            &quot;version&quot;: &quot;::fruits&quot;,
            &quot;url&quot;: &quot; &quot;
        },
        {
            &quot;name&quot;: &quot;asciijump&quot;,
            &quot;action&quot;: &quot;delete&quot;,
            &quot;id&quot;: &quot;5475369&quot;,
            &quot;version&quot;: &quot;::apt&quot;,
            &quot;url&quot;: &quot; &quot;
        },
        {
            &quot;name&quot;: &quot;cherry&quot;,
            &quot;action&quot;: &quot;delete&quot;,
            &quot;id&quot;: &quot;5495382&quot;,
            &quot;version&quot;: &quot;::fruits&quot;,
            &quot;url&quot;: &quot; &quot;
        },
        {
            &quot;name&quot;: &quot;registry&quot;,
            &quot;action&quot;: &quot;delete&quot;,
            &quot;id&quot;: &quot;8018911&quot;,
            &quot;version&quot;: &quot;::docker&quot;,
            &quot;url&quot;: &quot; &quot;
        }
    ]
}
17:59:20 INFO  Started operation: {'creationTime': '2022-06-20T17:59:20.383Z', 'deviceName': 'm32sd10c', 'deviceId': '20352405', 'self': 'https://t493319102.eu-latest.cumulocity.com/devicecontrol/operations/20363002', 'id': '20363002', 'status': 'PENDING', 'description': &quot;Apply software changes, triggered from PySys: [{'action': 'delete', 'id': '5495053', 'name': 'apple', 'url': ' ', 'version': '::fruits'}, {'action': 'delete', 'id': '5494888', 'name': 'banana', 'url': ' ', 'version': '::fruits'}, {'action': 'delete', 'id': '5475369', 'name': 'asciijump', 'url': ' ', 'version': '::apt'}, {'action': 'delete', 'id': '5495382', 'name': 'cherry', 'url': ' ', 'version': '::fruits'}, {'action': 'delete', 'id': '8018911', 'name': 'registry', 'url': ' ', 'version': '::docker'}]&quot;, 'c8y_SoftwareUpdate': [{'name': 'apple', 'action': 'delete', 'id': '5495053', 'version': '::fruits', 'url': ' '}, {'name': 'banana', 'action': 'delete', 'id': '5494888', 'version': '::fruits', 'url': ' '}, {'name': 'asciijump', 'action': 'delete', 'id': '5475369', 'version': '::apt', 'url': ' '}, {'name': 'cherry', 'action': 'delete', 'id': '5495382', 'version': '::fruits', 'url': ' '}, {'name': 'registry', 'action': 'delete', 'id': '8018911', 'version': '::docker', 'url': ' '}]}
17:59:22 INFO  State of operation 20363002 : PENDING
17:59:24 INFO  State of operation 20363002 : EXECUTING
17:59:27 INFO  State of operation 20363002 : EXECUTING
17:59:29 INFO  State of operation 20363002 : EXECUTING
17:59:31 INFO  State of operation 20363002 : EXECUTING
17:59:34 INFO  State of operation 20363002 : EXECUTING
17:59:37 INFO  State of operation 20363002 : EXECUTING
17:59:39 INFO  State of operation 20363002 : EXECUTING
17:59:42 INFO  State of operation 20363002 : EXECUTING
17:59:44 INFO  State of operation 20363002 : EXECUTING
17:59:46 INFO  State of operation 20363002 : EXECUTING
17:59:48 INFO  State of operation 20363002 : EXECUTING
17:59:51 INFO  State of operation 20363002 : EXECUTING
17:59:53 INFO  State of operation 20363002 : EXECUTING
17:59:55 INFO  State of operation 20363002 : EXECUTING
17:59:58 INFO  State of operation 20363002 : EXECUTING
18:00:01 INFO  State of operation 20363002 : EXECUTING
18:00:03 INFO  State of operation 20363002 : EXECUTING
18:00:06 INFO  State of operation 20363002 : EXECUTING
18:00:08 INFO  State of operation 20363002 : EXECUTING
18:00:10 INFO  State of operation 20363002 : EXECUTING
18:00:12 INFO  State of operation 20363002 : EXECUTING
18:00:15 INFO  State of operation 20363002 : EXECUTING
18:00:17 INFO  State of operation 20363002 : EXECUTING
18:00:20 INFO  State of operation 20363002 : EXECUTING
18:00:22 INFO  State of operation 20363002 : EXECUTING
18:00:24 INFO  State of operation 20363002 : EXECUTING
18:00:26 INFO  State of operation 20363002 : EXECUTING
18:00:29 INFO  State of operation 20363002 : EXECUTING
18:00:31 INFO  State of operation 20363002 : SUCCESSFUL
18:00:31 INFO  Package apple is installed
18:00:31 INFO  Assert that (True == value) with value=True ... passed
18:00:32 INFO  Package banana is installed
18:00:32 INFO  Assert that (True == value) with value=True ... passed
18:00:32 INFO  Package cherry is installed
18:00:32 INFO  Assert that (True == value) with value=True ... passed
18:00:32 INFO  Assert that (False == value) with value=False ... passed
18:00:33 INFO  Assert that (False == value) with value=False ... passed
18:00:33 INFO  
18:00:33 INFO  cleanup:
18:00:37 INFO  Executed sudo&lt;tedge_disconnect_c8y&gt;, exit status 0
18:00:38 INFO  Executed systemctl&lt;serv_mapper5&gt;, exit status 3
18:00:38 INFO  
18:00:38 INFO  Test duration: 167.96 secs
18:00:38 INFO  Test final outcome:  FAILED
18:00:38 INFO  Test outcome reason: Assert that (False == value) with value=True
18:00:38 INFO  
</system-out>
	</testcase>
</testsuite>
