<?xml version="1.0" encoding="utf-8"?>
<testsuite failures="1" name="SoftwareManagement.sm_apt_install_remove_multiple_mixed" skipped="0" tests="1" time="179.22" timestamp="2022-06-10T10:26:50">
	<testcase classname="PySysTest" name="SoftwareManagement.sm_apt_install_remove_multiple_mixed">
		<failure message="BLOCKED: SystemError: Timeout while waiting for status SUCCESSFUL or False (+1 other failures)" type="BLOCKED"/>
		<system-out>10:23:51 INFO  ==============================================================
10:23:51 INFO  Id:    SoftwareManagement.sm_apt_install_remove_multiple_mixed
10:23:51 INFO  Dir:   software_management_end_to_end/
10:23:51 INFO  Title: Validate end to end behaviour for the apt plugin for multiple packages with mixed versions
10:23:51 INFO  ==============================================================
10:23:51 INFO  Using sw id database: {'asciijump': '5475369', 'robotfindskitten': '5474869', 'squirrel3': '5475279', 'rolldice': '5152439', 'moon-buggy': '5439204', 'apple': '5495053', 'banana': '5494888', 'cherry': '5495382', 'watermelon': '5494510', 'registry': '8018911', 'hello-world': '8021526', 'docker/getting-started': '8021973', 'alpine': '7991792'}
10:23:51 INFO  EnvironmentC8y Setup
10:23:52 INFO  Executed systemctl&lt;serv_mapper1&gt;, exit status 3
10:23:52 INFO  Restarting mosquitto too frequently in the last 10 seconds. It was only up for 4 seconds
10:23:52 INFO  Delaying execution by 7 seconds
10:24:13 INFO  Executed sudo&lt;tedge_connect_c8y&gt;, exit status 0, duration 13 secs
10:24:13 INFO  Executed sudo&lt;tedge_connect_c8y_test&gt;, exit status 0
10:24:14 INFO  Executed systemctl&lt;serv_mosq2&gt;, exit status 0
10:24:14 INFO  Executed systemctl&lt;serv_mapper3&gt;, exit status 0
10:24:17 INFO  State of current operation: SUCCESSFUL
10:24:17 INFO  Assert that (False == value) with value=False ... passed
10:24:17 INFO  Assert that (False == value) with value=False ... passed
10:24:17 INFO  Assert that (False == value) with value=False ... passed
10:24:17 INFO  Assert that (False == value) with value=False ... passed
10:24:18 INFO  Package moon-buggy is installed
10:24:18 WARN  Assert that (False == value) with value=True ... failed 
10:24:19 INFO  Response status: 201
10:24:19 INFO  Response to action: {
    &quot;delivery&quot;: {
        &quot;log&quot;: [],
        &quot;time&quot;: &quot;2022-06-10T10:24:19.473Z&quot;,
        &quot;status&quot;: &quot;PENDING&quot;
    },
    &quot;creationTime&quot;: &quot;2022-06-10T10:24:19.452Z&quot;,
    &quot;deviceId&quot;: &quot;20113554&quot;,
    &quot;deviceName&quot;: &quot;m32sd10c&quot;,
    &quot;self&quot;: &quot;https://t493319102.eu-latest.cumulocity.com/devicecontrol/operations/20124358&quot;,
    &quot;id&quot;: &quot;20124358&quot;,
    &quot;status&quot;: &quot;PENDING&quot;,
    &quot;description&quot;: &quot;Apply software changes, triggered from PySys: [{'action': 'install', 'id': '5475369', 'name': 'asciijump', 'url': ' ', 'version': '::apt'}, {'action': 'install', 'id': '5474869', 'name': 'robotfindskitten', 'url': ' ', 'version': ' '}, {'action': 'install', 'id': '5475279', 'name': 'squirrel3', 'url': ' ', 'version': '3.1-7::apt'}, {'action': 'install', 'id': '5152439', 'name': 'rolldice', 'url': ' ', 'version': '1.16-1+b1'}, {'action': 'install', 'id': '5439204', 'name': 'moon-buggy', 'url': ' ', 'version': '1:1.0.51-12'}, {'action': 'install', 'id': '5475369', 'name': 'asciijump', 'url': ' ', 'version': '::apt'}]&quot;,
    &quot;c8y_SoftwareUpdate&quot;: [
        {
            &quot;name&quot;: &quot;asciijump&quot;,
            &quot;action&quot;: &quot;install&quot;,
            &quot;id&quot;: &quot;5475369&quot;,
            &quot;version&quot;: &quot;::apt&quot;,
            &quot;url&quot;: &quot; &quot;
        },
        {
            &quot;name&quot;: &quot;robotfindskitten&quot;,
            &quot;action&quot;: &quot;install&quot;,
            &quot;id&quot;: &quot;5474869&quot;,
            &quot;version&quot;: &quot; &quot;,
            &quot;url&quot;: &quot; &quot;
        },
        {
            &quot;name&quot;: &quot;squirrel3&quot;,
            &quot;action&quot;: &quot;install&quot;,
            &quot;id&quot;: &quot;5475279&quot;,
            &quot;version&quot;: &quot;3.1-7::apt&quot;,
            &quot;url&quot;: &quot; &quot;
        },
        {
            &quot;name&quot;: &quot;rolldice&quot;,
            &quot;action&quot;: &quot;install&quot;,
            &quot;id&quot;: &quot;5152439&quot;,
            &quot;version&quot;: &quot;1.16-1+b1&quot;,
            &quot;url&quot;: &quot; &quot;
        },
        {
            &quot;name&quot;: &quot;moon-buggy&quot;,
            &quot;action&quot;: &quot;install&quot;,
            &quot;id&quot;: &quot;5439204&quot;,
            &quot;version&quot;: &quot;1:1.0.51-12&quot;,
            &quot;url&quot;: &quot; &quot;
        },
        {
            &quot;name&quot;: &quot;asciijump&quot;,
            &quot;action&quot;: &quot;install&quot;,
            &quot;id&quot;: &quot;5475369&quot;,
            &quot;version&quot;: &quot;::apt&quot;,
            &quot;url&quot;: &quot; &quot;
        }
    ]
}
10:24:19 INFO  Started operation: {'delivery': {'log': [], 'time': '2022-06-10T10:24:19.473Z', 'status': 'PENDING'}, 'creationTime': '2022-06-10T10:24:19.452Z', 'deviceId': '20113554', 'deviceName': 'm32sd10c', 'self': 'https://t493319102.eu-latest.cumulocity.com/devicecontrol/operations/20124358', 'id': '20124358', 'status': 'PENDING', 'description': &quot;Apply software changes, triggered from PySys: [{'action': 'install', 'id': '5475369', 'name': 'asciijump', 'url': ' ', 'version': '::apt'}, {'action': 'install', 'id': '5474869', 'name': 'robotfindskitten', 'url': ' ', 'version': ' '}, {'action': 'install', 'id': '5475279', 'name': 'squirrel3', 'url': ' ', 'version': '3.1-7::apt'}, {'action': 'install', 'id': '5152439', 'name': 'rolldice', 'url': ' ', 'version': '1.16-1+b1'}, {'action': 'install', 'id': '5439204', 'name': 'moon-buggy', 'url': ' ', 'version': '1:1.0.51-12'}, {'action': 'install', 'id': '5475369', 'name': 'asciijump', 'url': ' ', 'version': '::apt'}]&quot;, 'c8y_SoftwareUpdate': [{'name': 'asciijump', 'action': 'install', 'id': '5475369', 'version': '::apt', 'url': ' '}, {'name': 'robotfindskitten', 'action': 'install', 'id': '5474869', 'version': ' ', 'url': ' '}, {'name': 'squirrel3', 'action': 'install', 'id': '5475279', 'version': '3.1-7::apt', 'url': ' '}, {'name': 'rolldice', 'action': 'install', 'id': '5152439', 'version': '1.16-1+b1', 'url': ' '}, {'name': 'moon-buggy', 'action': 'install', 'id': '5439204', 'version': '1:1.0.51-12', 'url': ' '}, {'name': 'asciijump', 'action': 'install', 'id': '5475369', 'version': '::apt', 'url': ' '}]}
10:24:21 INFO  State of operation 20124358 : PENDING
10:24:23 INFO  State of operation 20124358 : EXECUTING
10:24:26 INFO  State of operation 20124358 : EXECUTING
10:24:28 INFO  State of operation 20124358 : EXECUTING
10:24:30 INFO  State of operation 20124358 : EXECUTING
10:24:32 INFO  State of operation 20124358 : EXECUTING
10:24:35 INFO  State of operation 20124358 : EXECUTING
10:24:38 INFO  State of operation 20124358 : EXECUTING
10:24:41 INFO  State of operation 20124358 : EXECUTING
10:24:43 INFO  State of operation 20124358 : EXECUTING
10:24:46 INFO  State of operation 20124358 : EXECUTING
10:24:48 INFO  State of operation 20124358 : EXECUTING
10:24:50 INFO  State of operation 20124358 : EXECUTING
10:24:52 INFO  State of operation 20124358 : EXECUTING
10:24:54 INFO  State of operation 20124358 : EXECUTING
10:24:57 INFO  State of operation 20124358 : EXECUTING
10:24:59 INFO  State of operation 20124358 : EXECUTING
10:25:02 INFO  State of operation 20124358 : EXECUTING
10:25:04 INFO  State of operation 20124358 : EXECUTING
10:25:06 INFO  State of operation 20124358 : EXECUTING
10:25:09 INFO  State of operation 20124358 : EXECUTING
10:25:11 INFO  State of operation 20124358 : EXECUTING
10:25:14 INFO  State of operation 20124358 : EXECUTING
10:25:16 INFO  State of operation 20124358 : EXECUTING
10:25:18 INFO  State of operation 20124358 : EXECUTING
10:25:20 INFO  State of operation 20124358 : EXECUTING
10:25:23 INFO  State of operation 20124358 : EXECUTING
10:25:25 INFO  State of operation 20124358 : EXECUTING
10:25:28 INFO  State of operation 20124358 : EXECUTING
10:25:30 INFO  State of operation 20124358 : EXECUTING
10:25:32 INFO  State of operation 20124358 : EXECUTING
10:25:34 INFO  State of operation 20124358 : EXECUTING
10:25:37 INFO  State of operation 20124358 : EXECUTING
10:25:39 INFO  State of operation 20124358 : EXECUTING
10:25:41 INFO  State of operation 20124358 : EXECUTING
10:25:43 INFO  State of operation 20124358 : EXECUTING
10:25:46 INFO  State of operation 20124358 : EXECUTING
10:25:48 INFO  State of operation 20124358 : EXECUTING
10:25:51 INFO  State of operation 20124358 : EXECUTING
10:25:53 INFO  State of operation 20124358 : EXECUTING
10:25:56 INFO  State of operation 20124358 : EXECUTING
10:25:58 INFO  State of operation 20124358 : EXECUTING
10:26:00 INFO  State of operation 20124358 : EXECUTING
10:26:02 INFO  State of operation 20124358 : EXECUTING
10:26:05 INFO  State of operation 20124358 : EXECUTING
10:26:07 INFO  State of operation 20124358 : EXECUTING
10:26:09 INFO  State of operation 20124358 : EXECUTING
10:26:12 INFO  State of operation 20124358 : EXECUTING
10:26:15 INFO  State of operation 20124358 : EXECUTING
10:26:17 INFO  State of operation 20124358 : EXECUTING
10:26:19 INFO  State of operation 20124358 : EXECUTING
10:26:21 INFO  State of operation 20124358 : EXECUTING
10:26:24 INFO  State of operation 20124358 : EXECUTING
10:26:26 INFO  State of operation 20124358 : EXECUTING
10:26:29 INFO  State of operation 20124358 : EXECUTING
10:26:31 INFO  State of operation 20124358 : EXECUTING
10:26:34 INFO  State of operation 20124358 : EXECUTING
10:26:36 INFO  State of operation 20124358 : EXECUTING
10:26:39 INFO  State of operation 20124358 : EXECUTING
10:26:41 INFO  State of operation 20124358 : EXECUTING
10:26:43 INFO  State of operation 20124358 : EXECUTING
10:26:45 WARN  SystemError occurred while running test - Timeout while waiting for status SUCCESSFUL or False
Traceback (most recent call last):
  File &quot;/home/pi/env-pysys/lib/python3.7/site-packages/pysys/baserunner.py&quot;, line 1294, in __call__
    self.testObj.execute()
  File &quot;/home/pi/actions-runner/_work/thin-edge.io/thin-edge.io/tests/PySys/software_management_end_to_end/sm_apt_install_remove_multiple_mixed/run.py&quot;, line 89, in execute
    self.wait_until_succcess()
  File &quot;/home/pi/actions-runner/_work/thin-edge.io/thin-edge.io/tests/PySys/software_management_end_to_end/environment_sm_management.py&quot;, line 324, in wait_until_succcess
    self.wait_until_status(&quot;SUCCESSFUL&quot;)
  File &quot;/home/pi/actions-runner/_work/thin-edge.io/thin-edge.io/tests/PySys/software_management_end_to_end/environment_sm_management.py&quot;, line 381, in wait_until_status
    &quot;Timeout while waiting for status %s or %s&quot; % (status, status2)
SystemError: Timeout while waiting for status SUCCESSFUL or False
10:26:45 WARN  SystemError: Timeout while waiting for status SUCCESSFUL or False ... blocked 
10:26:45 INFO  
10:26:45 INFO  cleanup:
10:26:50 INFO  Executed sudo&lt;tedge_disconnect_c8y&gt;, exit status 0
10:26:50 INFO  Executed systemctl&lt;serv_mapper5&gt;, exit status 3
10:26:50 INFO  
10:26:50 INFO  Test duration: 179.22 secs
10:26:50 INFO  Test final outcome:  BLOCKED
10:26:50 INFO  Test outcome reason: SystemError: Timeout while waiting for status SUCCESSFUL or False (+1 other failures)
10:26:50 INFO  
</system-out>
	</testcase>
</testsuite>
