<?xml version="1.0" encoding="utf-8"?>
<testsuite failures="1" name="SoftwareManagement.sm_apt_install_remove" skipped="0" tests="1" time="166.32" timestamp="2022-05-23T16:07:58">
	<testcase classname="PySysTest" name="SoftwareManagement.sm_apt_install_remove">
		<failure message="BLOCKED: SystemError: Timeout while waiting for status FAILED or SUCCESSFUL" type="BLOCKED"/>
		<system-out>16:05:12 INFO  ==============================================================
16:05:12 INFO  Id:    SoftwareManagement.sm_apt_install_remove
16:05:12 INFO  Dir:   software_management_end_to_end/
16:05:12 INFO  Title: Validate end to end behaviour for the apt plugin for installation and removal of packages
16:05:12 INFO  ==============================================================
16:05:12 INFO  Using sw id database: {'asciijump': '5475369', 'robotfindskitten': '5474869', 'squirrel3': '5475279', 'rolldice': '5152439', 'moon-buggy': '5439204', 'apple': '5495053', 'banana': '5494888', 'cherry': '5495382', 'watermelon': '5494510', 'registry': '8018911', 'hello-world': '8021526', 'docker/getting-started': '8021973', 'alpine': '7991792'}
16:05:12 INFO  EnvironmentC8y Setup
16:05:12 INFO  Executed systemctl&lt;serv_mapper1&gt;, exit status 3
16:05:12 INFO  Restarting mosquitto too frequently in the last 10 seconds. It was only up for 4 seconds
16:05:12 INFO  Delaying execution by 7 seconds
16:05:33 INFO  Executed sudo&lt;tedge_connect_c8y&gt;, exit status 0, duration 14 secs
16:05:34 INFO  Executed sudo&lt;tedge_connect_c8y_test&gt;, exit status 0
16:05:34 INFO  Executed systemctl&lt;serv_mosq2&gt;, exit status 0
16:05:35 INFO  Executed systemctl&lt;serv_mapper3&gt;, exit status 0
16:05:37 INFO  State of current operation: PENDING
16:05:39 INFO  State of current operation: PENDING
16:05:42 INFO  State of current operation: PENDING
16:05:44 INFO  State of current operation: PENDING
16:05:46 INFO  State of current operation: PENDING
16:05:48 INFO  State of current operation: PENDING
16:05:50 INFO  State of current operation: PENDING
16:05:53 INFO  State of current operation: PENDING
16:05:55 INFO  State of current operation: PENDING
16:05:57 INFO  State of current operation: PENDING
16:05:59 INFO  State of current operation: PENDING
16:06:02 INFO  State of current operation: PENDING
16:06:04 INFO  State of current operation: PENDING
16:06:06 INFO  State of current operation: PENDING
16:06:08 INFO  State of current operation: PENDING
16:06:11 INFO  State of current operation: PENDING
16:06:13 INFO  State of current operation: PENDING
16:06:15 INFO  State of current operation: PENDING
16:06:17 INFO  State of current operation: PENDING
16:06:20 INFO  State of current operation: PENDING
16:06:22 INFO  State of current operation: PENDING
16:06:24 INFO  State of current operation: PENDING
16:06:26 INFO  State of current operation: PENDING
16:06:29 INFO  State of current operation: PENDING
16:06:31 INFO  State of current operation: PENDING
16:06:33 INFO  State of current operation: PENDING
16:06:35 INFO  State of current operation: PENDING
16:06:38 INFO  State of current operation: PENDING
16:06:40 INFO  State of current operation: PENDING
16:06:42 INFO  State of current operation: PENDING
16:06:44 INFO  State of current operation: PENDING
16:06:46 INFO  State of current operation: PENDING
16:06:49 INFO  State of current operation: PENDING
16:06:51 INFO  State of current operation: PENDING
16:06:53 INFO  State of current operation: PENDING
16:06:55 INFO  State of current operation: PENDING
16:06:58 INFO  State of current operation: PENDING
16:07:00 INFO  State of current operation: PENDING
16:07:02 INFO  State of current operation: PENDING
16:07:04 INFO  State of current operation: PENDING
16:07:07 INFO  State of current operation: PENDING
16:07:09 INFO  State of current operation: PENDING
16:07:11 INFO  State of current operation: PENDING
16:07:13 INFO  State of current operation: PENDING
16:07:16 INFO  State of current operation: PENDING
16:07:18 INFO  State of current operation: PENDING
16:07:20 INFO  State of current operation: PENDING
16:07:22 INFO  State of current operation: PENDING
16:07:24 INFO  State of current operation: PENDING
16:07:27 INFO  State of current operation: PENDING
16:07:29 INFO  State of current operation: PENDING
16:07:31 INFO  State of current operation: PENDING
16:07:33 INFO  State of current operation: PENDING
16:07:36 INFO  State of current operation: PENDING
16:07:38 INFO  State of current operation: PENDING
16:07:40 INFO  State of current operation: PENDING
16:07:42 INFO  State of current operation: PENDING
16:07:45 INFO  State of current operation: PENDING
16:07:47 INFO  State of current operation: PENDING
16:07:49 INFO  State of current operation: PENDING
16:07:51 INFO  State of current operation: PENDING
16:07:53 WARN  SystemError occurred while running test - Timeout while waiting for status FAILED or SUCCESSFUL
Traceback (most recent call last):
  File &quot;/home/pi/env-pysys/lib/python3.7/site-packages/pysys/baserunner.py&quot;, line 1292, in __call__
    self.testObj.setup()
  File &quot;/home/pi/actions-runner/_work/thin-edge.io/thin-edge.io/tests/PySys/software_management_end_to_end/sm_apt_install_remove/run.py&quot;, line 27, in setup
    super().setup()
  File &quot;/home/pi/actions-runner/_work/thin-edge.io/thin-edge.io/tests/PySys/software_management_end_to_end/environment_sm_management.py&quot;, line 151, in setup
    self.wait_until_end()
  File &quot;/home/pi/actions-runner/_work/thin-edge.io/thin-edge.io/tests/PySys/software_management_end_to_end/environment_sm_management.py&quot;, line 332, in wait_until_end
    self.wait_until_status(&quot;FAILED&quot;, &quot;SUCCESSFUL&quot;)
  File &quot;/home/pi/actions-runner/_work/thin-edge.io/thin-edge.io/tests/PySys/software_management_end_to_end/environment_sm_management.py&quot;, line 381, in wait_until_status
    &quot;Timeout while waiting for status %s or %s&quot; % (status, status2)
SystemError: Timeout while waiting for status FAILED or SUCCESSFUL
16:07:53 WARN  SystemError: Timeout while waiting for status FAILED or SUCCESSFUL ... blocked 
16:07:53 INFO  
16:07:53 INFO  cleanup:
16:07:57 INFO  Executed sudo&lt;tedge_disconnect_c8y&gt;, exit status 0
16:07:58 INFO  Executed systemctl&lt;serv_mapper5&gt;, exit status 3
16:07:58 INFO  
16:07:58 INFO  Test duration: 166.32 secs
16:07:58 INFO  Test final outcome:  BLOCKED
16:07:58 INFO  Test outcome reason: SystemError: Timeout while waiting for status FAILED or SUCCESSFUL
16:07:58 INFO  
</system-out>
	</testcase>
</testsuite>
