<?xml version="1.0" encoding="utf-8"?>
<testsuite failures="1" name="SoftwareManagement.sm_apt_install_download_path" skipped="0" tests="1" time="186.75" timestamp="2022-07-22T03:04:20">
	<testcase classname="AptInstallWithDownloadPath" name="SoftwareManagement.sm_apt_install_download_path">
		<failure message="BLOCKED: SystemError: Timeout while waiting for status FAILED or SUCCESSFUL" type="BLOCKED"/>
		<system-out>03:01:13 INFO  ==============================================================
03:01:13 INFO  Id:    SoftwareManagement.sm_apt_install_download_path
03:01:13 INFO  Dir:   software_management_end_to_end/
03:01:13 INFO  Title: Install package to directory specified in tedge config set tmp.path
03:01:13 INFO  ==============================================================
03:01:15 INFO  Using sw id database: {'asciijump': '5475369', 'robotfindskitten': '5474869', 'squirrel3': '5475279', 'rolldice': '5152439', 'moon-buggy': '5439204', 'apple': '5495053', 'banana': '5494888', 'cherry': '5495382', 'watermelon': '5494510', 'registry': '8018911', 'hello-world': '8021526', 'docker/getting-started': '8021973', 'alpine': '7991792'}
03:01:15 INFO  EnvironmentC8y Setup
03:01:15 INFO  Executed systemctl&lt;serv_mapper1&gt;, exit status 3
03:01:30 INFO  Executed sudo&lt;tedge_connect_c8y&gt;, exit status 0, duration 14 secs
03:01:30 INFO  Executed sudo&lt;tedge_connect_c8y_test&gt;, exit status 0
03:01:31 INFO  Executed systemctl&lt;serv_mosq2&gt;, exit status 0
03:01:31 INFO  Executed systemctl&lt;serv_mapper3&gt;, exit status 0
03:01:33 INFO  State of current operation: EXECUTING
03:01:36 INFO  State of current operation: EXECUTING
03:01:38 INFO  State of current operation: EXECUTING
03:01:40 INFO  State of current operation: EXECUTING
03:01:42 INFO  State of current operation: EXECUTING
03:01:45 INFO  State of current operation: EXECUTING
03:01:47 INFO  State of current operation: EXECUTING
03:01:49 INFO  State of current operation: EXECUTING
03:01:51 INFO  State of current operation: EXECUTING
03:01:53 INFO  State of current operation: EXECUTING
03:01:56 INFO  State of current operation: EXECUTING
03:01:58 INFO  State of current operation: EXECUTING
03:02:00 INFO  State of current operation: EXECUTING
03:02:02 INFO  State of current operation: EXECUTING
03:02:05 INFO  State of current operation: EXECUTING
03:02:07 INFO  State of current operation: EXECUTING
03:02:09 INFO  State of current operation: EXECUTING
03:02:11 INFO  State of current operation: EXECUTING
03:02:13 INFO  State of current operation: EXECUTING
03:02:16 INFO  State of current operation: EXECUTING
03:02:18 INFO  State of current operation: EXECUTING
03:02:20 INFO  State of current operation: EXECUTING
03:02:22 INFO  State of current operation: EXECUTING
03:02:24 INFO  State of current operation: EXECUTING
03:02:27 INFO  State of current operation: EXECUTING
03:02:29 INFO  State of current operation: EXECUTING
03:02:31 INFO  State of current operation: EXECUTING
03:02:33 INFO  State of current operation: EXECUTING
03:02:36 INFO  State of current operation: EXECUTING
03:02:38 INFO  State of current operation: EXECUTING
03:02:40 INFO  State of current operation: EXECUTING
03:02:42 INFO  State of current operation: EXECUTING
03:02:44 INFO  State of current operation: EXECUTING
03:02:47 INFO  State of current operation: EXECUTING
03:02:49 INFO  State of current operation: EXECUTING
03:02:51 INFO  State of current operation: EXECUTING
03:02:53 INFO  State of current operation: EXECUTING
03:02:56 INFO  State of current operation: EXECUTING
03:02:58 INFO  State of current operation: EXECUTING
03:03:00 INFO  State of current operation: EXECUTING
03:03:02 INFO  State of current operation: EXECUTING
03:03:04 INFO  State of current operation: EXECUTING
03:03:07 INFO  State of current operation: EXECUTING
03:03:09 INFO  State of current operation: EXECUTING
03:03:11 INFO  State of current operation: EXECUTING
03:03:13 INFO  State of current operation: EXECUTING
03:03:15 INFO  State of current operation: EXECUTING
03:03:18 INFO  State of current operation: EXECUTING
03:03:20 INFO  State of current operation: EXECUTING
03:03:22 INFO  State of current operation: EXECUTING
03:03:24 INFO  State of current operation: EXECUTING
03:03:27 INFO  State of current operation: EXECUTING
03:03:29 INFO  State of current operation: EXECUTING
03:03:31 INFO  State of current operation: EXECUTING
03:03:33 INFO  State of current operation: EXECUTING
03:03:35 INFO  State of current operation: EXECUTING
03:03:38 INFO  State of current operation: EXECUTING
03:03:40 INFO  State of current operation: EXECUTING
03:03:42 INFO  State of current operation: EXECUTING
03:03:44 INFO  State of current operation: EXECUTING
03:03:47 INFO  State of current operation: EXECUTING
03:03:49 WARN  SystemError occurred while running test - Timeout while waiting for status FAILED or SUCCESSFUL
Traceback (most recent call last):
  File &quot;/home/pi/env-pysys/lib/python3.7/site-packages/pysys/baserunner.py&quot;, line 1292, in __call__
    self.testObj.setup()
  File &quot;/home/pi/actions-runner/_work/thin-edge.io/thin-edge.io/tests/PySys/software_management_end_to_end/sm_apt_install_download_path/run.py&quot;, line 48, in setup
    super().setup()
  File &quot;/home/pi/actions-runner/_work/thin-edge.io/thin-edge.io/tests/PySys/software_management_end_to_end/environment_sm_management.py&quot;, line 151, in setup
    self.wait_until_end()
  File &quot;/home/pi/actions-runner/_work/thin-edge.io/thin-edge.io/tests/PySys/software_management_end_to_end/environment_sm_management.py&quot;, line 332, in wait_until_end
    self.wait_until_status(&quot;FAILED&quot;, &quot;SUCCESSFUL&quot;)
  File &quot;/home/pi/actions-runner/_work/thin-edge.io/thin-edge.io/tests/PySys/software_management_end_to_end/environment_sm_management.py&quot;, line 381, in wait_until_status
    &quot;Timeout while waiting for status %s or %s&quot; % (status, status2)
SystemError: Timeout while waiting for status FAILED or SUCCESSFUL
03:03:49 WARN  SystemError: Timeout while waiting for status FAILED or SUCCESSFUL ... blocked 
03:03:49 INFO  
03:03:49 INFO  cleanup:
03:03:49 INFO  Executed sudo, exit status 0
03:03:50 INFO  Executed sudo, exit status 0
03:03:54 INFO  Executed sudo&lt;tedge_disconnect_c8y&gt;, exit status 0
03:03:54 INFO  Restarting mosquitto too frequently in the last 10 seconds. It was only up for 4 seconds
03:03:54 INFO  Delaying execution by 7 seconds
03:04:15 INFO  Executed sudo&lt;tedge_connect_c8y&gt;, exit status 0, duration 13 secs
03:04:19 INFO  Executed sudo&lt;tedge_disconnect_c8y&gt;, exit status 0
03:04:20 INFO  Executed systemctl&lt;serv_mapper5&gt;, exit status 3
03:04:20 INFO  
03:04:20 INFO  Test duration: 186.75 secs
03:04:20 INFO  Test final outcome:  BLOCKED
03:04:20 INFO  Test outcome reason: SystemError: Timeout while waiting for status FAILED or SUCCESSFUL
03:04:20 INFO  
</system-out>
	</testcase>
</testsuite>
