<?xml version="1.0" encoding="utf-8"?>
<testsuite failures="1" name="SoftwareManagement.sm_mixed_install_remove_multiple" skipped="0" tests="1" time="167.06" timestamp="2022-06-16T15:30:17">
	<testcase classname="PySysTest" name="SoftwareManagement.sm_mixed_install_remove_multiple">
		<failure message="FAILED: Assert that (False == value) with value=True" type="FAILED"/>
		<system-out>15:27:30 INFO  ==============================================================
15:27:30 INFO  Id:    SoftwareManagement.sm_mixed_install_remove_multiple
15:27:30 INFO  Dir:   software_management_end_to_end/
15:27:30 INFO  Title: Validate end to end behaviour for the dummy-plugin for multiple packages with mixed versions
15:27:30 INFO  ==============================================================
15:27:30 INFO  Using sw id database: {'asciijump': '5475369', 'robotfindskitten': '5474869', 'squirrel3': '5475279', 'rolldice': '5152439', 'moon-buggy': '5439204', 'apple': '5495053', 'banana': '5494888', 'cherry': '5495382', 'watermelon': '5494510', 'registry': '8018911', 'hello-world': '8021526', 'docker/getting-started': '8021973', 'alpine': '7991792'}
15:27:30 INFO  EnvironmentC8y Setup
15:27:30 INFO  Executed systemctl&lt;serv_mapper1&gt;, exit status 3
15:27:30 INFO  Restarting mosquitto too frequently in the last 10 seconds. It was only up for 4 seconds
15:27:30 INFO  Delaying execution by 7 seconds
15:27:51 INFO  Executed sudo&lt;tedge_connect_c8y&gt;, exit status 0, duration 13 secs
15:27:52 INFO  Executed sudo&lt;tedge_connect_c8y_test&gt;, exit status 0
15:27:53 INFO  Executed systemctl&lt;serv_mosq2&gt;, exit status 0
15:27:53 INFO  Executed systemctl&lt;serv_mapper3&gt;, exit status 0
15:27:55 INFO  State of current operation: SUCCESSFUL
15:27:55 INFO  Package apple is installed
15:27:55 INFO  Assert that (True == value) with value=True ... passed
15:27:56 INFO  Package banana is installed
15:27:56 INFO  Assert that (True == value) with value=True ... passed
15:27:56 INFO  Package cherry is installed
15:27:56 INFO  Assert that (True == value) with value=True ... passed
15:27:56 INFO  Package asciijump is installed
15:27:56 WARN  Assert that (False == value) with value=True ... failed 
15:27:56 INFO  Assert that (False == value) with value=False ... passed
15:27:57 INFO  Response status: 201
15:27:57 INFO  Response to action: {
    &quot;creationTime&quot;: &quot;2022-06-16T15:27:57.121Z&quot;,
    &quot;deviceName&quot;: &quot;m32sd10c&quot;,
    &quot;deviceId&quot;: &quot;20235219&quot;,
    &quot;self&quot;: &quot;https://t493319102.eu-latest.cumulocity.com/devicecontrol/operations/20259734&quot;,
    &quot;id&quot;: &quot;20259734&quot;,
    &quot;status&quot;: &quot;PENDING&quot;,
    &quot;description&quot;: &quot;Apply software changes, triggered from PySys: [{'action': 'install', 'id': '5495053', 'name': 'apple', 'url': ' ', 'version': '::fruits'}, {'action': 'install', 'id': '5494888', 'name': 'banana', 'url': ' ', 'version': '::fruits'}, {'action': 'install', 'id': '5475369', 'name': 'asciijump', 'url': ' ', 'version': '::apt'}, {'action': 'install', 'id': '5495382', 'name': 'cherry', 'url': ' ', 'version': '::fruits'}, {'action': 'install', 'id': '8018911', 'name': 'registry', 'url': ' ', 'version': '::docker'}]&quot;,
    &quot;c8y_SoftwareUpdate&quot;: [
        {
            &quot;name&quot;: &quot;apple&quot;,
            &quot;action&quot;: &quot;install&quot;,
            &quot;id&quot;: &quot;5495053&quot;,
            &quot;version&quot;: &quot;::fruits&quot;,
            &quot;url&quot;: &quot; &quot;
        },
        {
            &quot;name&quot;: &quot;banana&quot;,
            &quot;action&quot;: &quot;install&quot;,
            &quot;id&quot;: &quot;5494888&quot;,
            &quot;version&quot;: &quot;::fruits&quot;,
            &quot;url&quot;: &quot; &quot;
        },
        {
            &quot;name&quot;: &quot;asciijump&quot;,
            &quot;action&quot;: &quot;install&quot;,
            &quot;id&quot;: &quot;5475369&quot;,
            &quot;version&quot;: &quot;::apt&quot;,
            &quot;url&quot;: &quot; &quot;
        },
        {
            &quot;name&quot;: &quot;cherry&quot;,
            &quot;action&quot;: &quot;install&quot;,
            &quot;id&quot;: &quot;5495382&quot;,
            &quot;version&quot;: &quot;::fruits&quot;,
            &quot;url&quot;: &quot; &quot;
        },
        {
            &quot;name&quot;: &quot;registry&quot;,
            &quot;action&quot;: &quot;install&quot;,
            &quot;id&quot;: &quot;8018911&quot;,
            &quot;version&quot;: &quot;::docker&quot;,
            &quot;url&quot;: &quot; &quot;
        }
    ]
}
15:27:57 INFO  Started operation: {'creationTime': '2022-06-16T15:27:57.121Z', 'deviceName': 'm32sd10c', 'deviceId': '20235219', 'self': 'https://t493319102.eu-latest.cumulocity.com/devicecontrol/operations/20259734', 'id': '20259734', 'status': 'PENDING', 'description': &quot;Apply software changes, triggered from PySys: [{'action': 'install', 'id': '5495053', 'name': 'apple', 'url': ' ', 'version': '::fruits'}, {'action': 'install', 'id': '5494888', 'name': 'banana', 'url': ' ', 'version': '::fruits'}, {'action': 'install', 'id': '5475369', 'name': 'asciijump', 'url': ' ', 'version': '::apt'}, {'action': 'install', 'id': '5495382', 'name': 'cherry', 'url': ' ', 'version': '::fruits'}, {'action': 'install', 'id': '8018911', 'name': 'registry', 'url': ' ', 'version': '::docker'}]&quot;, 'c8y_SoftwareUpdate': [{'name': 'apple', 'action': 'install', 'id': '5495053', 'version': '::fruits', 'url': ' '}, {'name': 'banana', 'action': 'install', 'id': '5494888', 'version': '::fruits', 'url': ' '}, {'name': 'asciijump', 'action': 'install', 'id': '5475369', 'version': '::apt', 'url': ' '}, {'name': 'cherry', 'action': 'install', 'id': '5495382', 'version': '::fruits', 'url': ' '}, {'name': 'registry', 'action': 'install', 'id': '8018911', 'version': '::docker', 'url': ' '}]}
15:27:59 INFO  State of operation 20259734 : PENDING
15:28:01 INFO  State of operation 20259734 : EXECUTING
15:28:03 INFO  State of operation 20259734 : EXECUTING
15:28:06 INFO  State of operation 20259734 : EXECUTING
15:28:08 INFO  State of operation 20259734 : EXECUTING
15:28:10 INFO  State of operation 20259734 : EXECUTING
15:28:13 INFO  State of operation 20259734 : EXECUTING
15:28:15 INFO  State of operation 20259734 : EXECUTING
15:28:18 INFO  State of operation 20259734 : EXECUTING
15:28:20 INFO  State of operation 20259734 : EXECUTING
15:28:22 INFO  State of operation 20259734 : EXECUTING
15:28:24 INFO  State of operation 20259734 : EXECUTING
15:28:27 INFO  State of operation 20259734 : EXECUTING
15:28:29 INFO  State of operation 20259734 : EXECUTING
15:28:31 INFO  State of operation 20259734 : EXECUTING
15:28:33 INFO  State of operation 20259734 : EXECUTING
15:28:35 INFO  State of operation 20259734 : EXECUTING
15:28:38 INFO  State of operation 20259734 : EXECUTING
15:28:40 INFO  State of operation 20259734 : EXECUTING
15:28:42 INFO  State of operation 20259734 : EXECUTING
15:28:45 INFO  State of operation 20259734 : EXECUTING
15:28:47 INFO  State of operation 20259734 : EXECUTING
15:28:49 INFO  State of operation 20259734 : EXECUTING
15:28:52 INFO  State of operation 20259734 : EXECUTING
15:28:54 INFO  State of operation 20259734 : EXECUTING
15:28:56 INFO  State of operation 20259734 : EXECUTING
15:28:58 INFO  State of operation 20259734 : SUCCESSFUL
15:28:59 INFO  Package apple is installed
15:28:59 INFO  Assert that (True == value) with value=True ... passed
15:28:59 INFO  Package banana is installed
15:28:59 INFO  Assert that (True == value) with value=True ... passed
15:28:59 INFO  Package cherry is installed
15:28:59 INFO  Assert that (True == value) with value=True ... passed
15:28:59 INFO  Package asciijump is installed
15:28:59 INFO  Assert that (True == value) with value=True ... passed
15:29:00 INFO  Package registry is installed
15:29:00 INFO  Assert that (True == value) with value=True ... passed
15:29:00 INFO  Response status: 201
15:29:00 INFO  Response to action: {
    &quot;creationTime&quot;: &quot;2022-06-16T15:29:00.267Z&quot;,
    &quot;deviceName&quot;: &quot;m32sd10c&quot;,
    &quot;deviceId&quot;: &quot;20235219&quot;,
    &quot;self&quot;: &quot;https://t493319102.eu-latest.cumulocity.com/devicecontrol/operations/20259745&quot;,
    &quot;id&quot;: &quot;20259745&quot;,
    &quot;status&quot;: &quot;PENDING&quot;,
    &quot;description&quot;: &quot;Apply software changes, triggered from PySys: [{'action': 'delete', 'id': '5495053', 'name': 'apple', 'url': ' ', 'version': '::fruits'}, {'action': 'delete', 'id': '5494888', 'name': 'banana', 'url': ' ', 'version': '::fruits'}, {'action': 'delete', 'id': '5475369', 'name': 'asciijump', 'url': ' ', 'version': '::apt'}, {'action': 'delete', 'id': '5495382', 'name': 'cherry', 'url': ' ', 'version': '::fruits'}, {'action': 'delete', 'id': '8018911', 'name': 'registry', 'url': ' ', 'version': '::docker'}]&quot;,
    &quot;c8y_SoftwareUpdate&quot;: [
        {
            &quot;name&quot;: &quot;apple&quot;,
            &quot;action&quot;: &quot;delete&quot;,
            &quot;id&quot;: &quot;5495053&quot;,
            &quot;version&quot;: &quot;::fruits&quot;,
            &quot;url&quot;: &quot; &quot;
        },
        {
            &quot;name&quot;: &quot;banana&quot;,
            &quot;action&quot;: &quot;delete&quot;,
            &quot;id&quot;: &quot;5494888&quot;,
            &quot;version&quot;: &quot;::fruits&quot;,
            &quot;url&quot;: &quot; &quot;
        },
        {
            &quot;name&quot;: &quot;asciijump&quot;,
            &quot;action&quot;: &quot;delete&quot;,
            &quot;id&quot;: &quot;5475369&quot;,
            &quot;version&quot;: &quot;::apt&quot;,
            &quot;url&quot;: &quot; &quot;
        },
        {
            &quot;name&quot;: &quot;cherry&quot;,
            &quot;action&quot;: &quot;delete&quot;,
            &quot;id&quot;: &quot;5495382&quot;,
            &quot;version&quot;: &quot;::fruits&quot;,
            &quot;url&quot;: &quot; &quot;
        },
        {
            &quot;name&quot;: &quot;registry&quot;,
            &quot;action&quot;: &quot;delete&quot;,
            &quot;id&quot;: &quot;8018911&quot;,
            &quot;version&quot;: &quot;::docker&quot;,
            &quot;url&quot;: &quot; &quot;
        }
    ]
}
15:29:00 INFO  Started operation: {'creationTime': '2022-06-16T15:29:00.267Z', 'deviceName': 'm32sd10c', 'deviceId': '20235219', 'self': 'https://t493319102.eu-latest.cumulocity.com/devicecontrol/operations/20259745', 'id': '20259745', 'status': 'PENDING', 'description': &quot;Apply software changes, triggered from PySys: [{'action': 'delete', 'id': '5495053', 'name': 'apple', 'url': ' ', 'version': '::fruits'}, {'action': 'delete', 'id': '5494888', 'name': 'banana', 'url': ' ', 'version': '::fruits'}, {'action': 'delete', 'id': '5475369', 'name': 'asciijump', 'url': ' ', 'version': '::apt'}, {'action': 'delete', 'id': '5495382', 'name': 'cherry', 'url': ' ', 'version': '::fruits'}, {'action': 'delete', 'id': '8018911', 'name': 'registry', 'url': ' ', 'version': '::docker'}]&quot;, 'c8y_SoftwareUpdate': [{'name': 'apple', 'action': 'delete', 'id': '5495053', 'version': '::fruits', 'url': ' '}, {'name': 'banana', 'action': 'delete', 'id': '5494888', 'version': '::fruits', 'url': ' '}, {'name': 'asciijump', 'action': 'delete', 'id': '5475369', 'version': '::apt', 'url': ' '}, {'name': 'cherry', 'action': 'delete', 'id': '5495382', 'version': '::fruits', 'url': ' '}, {'name': 'registry', 'action': 'delete', 'id': '8018911', 'version': '::docker', 'url': ' '}]}
15:29:02 INFO  State of operation 20259745 : PENDING
15:29:04 INFO  State of operation 20259745 : EXECUTING
15:29:07 INFO  State of operation 20259745 : EXECUTING
15:29:09 INFO  State of operation 20259745 : EXECUTING
15:29:11 INFO  State of operation 20259745 : EXECUTING
15:29:13 INFO  State of operation 20259745 : EXECUTING
15:29:16 INFO  State of operation 20259745 : EXECUTING
15:29:19 INFO  State of operation 20259745 : EXECUTING
15:29:21 INFO  State of operation 20259745 : EXECUTING
15:29:23 INFO  State of operation 20259745 : EXECUTING
15:29:25 INFO  State of operation 20259745 : EXECUTING
15:29:28 INFO  State of operation 20259745 : EXECUTING
15:29:30 INFO  State of operation 20259745 : EXECUTING
15:29:32 INFO  State of operation 20259745 : EXECUTING
15:29:35 INFO  State of operation 20259745 : EXECUTING
15:29:37 INFO  State of operation 20259745 : EXECUTING
15:29:41 INFO  State of operation 20259745 : EXECUTING
15:29:43 INFO  State of operation 20259745 : EXECUTING
15:29:45 INFO  State of operation 20259745 : EXECUTING
15:29:48 INFO  State of operation 20259745 : EXECUTING
15:29:50 INFO  State of operation 20259745 : EXECUTING
15:29:52 INFO  State of operation 20259745 : EXECUTING
15:29:55 INFO  State of operation 20259745 : EXECUTING
15:29:57 INFO  State of operation 20259745 : EXECUTING
15:29:59 INFO  State of operation 20259745 : EXECUTING
15:30:02 INFO  State of operation 20259745 : EXECUTING
15:30:04 INFO  State of operation 20259745 : EXECUTING
15:30:06 INFO  State of operation 20259745 : EXECUTING
15:30:09 INFO  State of operation 20259745 : EXECUTING
15:30:11 INFO  State of operation 20259745 : SUCCESSFUL
15:30:11 INFO  Package apple is installed
15:30:11 INFO  Assert that (True == value) with value=True ... passed
15:30:11 INFO  Package banana is installed
15:30:11 INFO  Assert that (True == value) with value=True ... passed
15:30:12 INFO  Package cherry is installed
15:30:12 INFO  Assert that (True == value) with value=True ... passed
15:30:12 INFO  Assert that (False == value) with value=False ... passed
15:30:12 INFO  Assert that (False == value) with value=False ... passed
15:30:12 INFO  
15:30:12 INFO  cleanup:
15:30:16 INFO  Executed sudo&lt;tedge_disconnect_c8y&gt;, exit status 0
15:30:17 INFO  Executed systemctl&lt;serv_mapper5&gt;, exit status 3
15:30:17 INFO  
15:30:17 INFO  Test duration: 167.06 secs
15:30:17 INFO  Test final outcome:  FAILED
15:30:17 INFO  Test outcome reason: Assert that (False == value) with value=True
15:30:17 INFO  
</system-out>
	</testcase>
</testsuite>
