<?xml version="1.0" encoding="utf-8"?>
<testsuite failures="1" name="SoftwareManagement.sm_apt_install_remove_with_version" skipped="0" tests="1" time="167.09" timestamp="2022-05-23T18:09:35">
	<testcase classname="PySysTest" name="SoftwareManagement.sm_apt_install_remove_with_version">
		<failure message="BLOCKED: SystemError: Timeout while waiting for status FAILED or SUCCESSFUL" type="BLOCKED"/>
		<system-out>18:06:48 INFO  ==============================================================
18:06:48 INFO  Id:    SoftwareManagement.sm_apt_install_remove_with_version
18:06:48 INFO  Dir:   software_management_end_to_end/
18:06:48 INFO  Title: Validate end to end behaviour for the apt plugin for packages with version
18:06:48 INFO  ==============================================================
18:06:48 INFO  Using sw id database: {'asciijump': '5475369', 'robotfindskitten': '5474869', 'squirrel3': '5475279', 'rolldice': '5152439', 'moon-buggy': '5439204', 'apple': '5495053', 'banana': '5494888', 'cherry': '5495382', 'watermelon': '5494510', 'registry': '8018911', 'hello-world': '8021526', 'docker/getting-started': '8021973', 'alpine': '7991792'}
18:06:48 INFO  EnvironmentC8y Setup
18:06:49 INFO  Executed systemctl&lt;serv_mapper1&gt;, exit status 3
18:06:49 INFO  Restarting mosquitto too frequently in the last 10 seconds. It was only up for 4 seconds
18:06:49 INFO  Delaying execution by 7 seconds
18:07:10 INFO  Executed sudo&lt;tedge_connect_c8y&gt;, exit status 0, duration 14 secs
18:07:11 INFO  Executed sudo&lt;tedge_connect_c8y_test&gt;, exit status 0
18:07:11 INFO  Executed systemctl&lt;serv_mosq2&gt;, exit status 0
18:07:12 INFO  Executed systemctl&lt;serv_mapper3&gt;, exit status 0
18:07:14 INFO  State of current operation: PENDING
18:07:16 INFO  State of current operation: PENDING
18:07:19 INFO  State of current operation: PENDING
18:07:21 INFO  State of current operation: PENDING
18:07:23 INFO  State of current operation: PENDING
18:07:25 INFO  State of current operation: PENDING
18:07:28 INFO  State of current operation: PENDING
18:07:30 INFO  State of current operation: PENDING
18:07:32 INFO  State of current operation: PENDING
18:07:34 INFO  State of current operation: PENDING
18:07:37 INFO  State of current operation: PENDING
18:07:39 INFO  State of current operation: PENDING
18:07:41 INFO  State of current operation: PENDING
18:07:43 INFO  State of current operation: PENDING
18:07:46 INFO  State of current operation: PENDING
18:07:48 INFO  State of current operation: PENDING
18:07:50 INFO  State of current operation: PENDING
18:07:52 INFO  State of current operation: PENDING
18:07:55 INFO  State of current operation: PENDING
18:07:57 INFO  State of current operation: PENDING
18:07:59 INFO  State of current operation: PENDING
18:08:01 INFO  State of current operation: PENDING
18:08:03 INFO  State of current operation: PENDING
18:08:06 INFO  State of current operation: PENDING
18:08:08 INFO  State of current operation: PENDING
18:08:10 INFO  State of current operation: PENDING
18:08:12 INFO  State of current operation: PENDING
18:08:15 INFO  State of current operation: PENDING
18:08:17 INFO  State of current operation: PENDING
18:08:19 INFO  State of current operation: PENDING
18:08:22 INFO  State of current operation: PENDING
18:08:24 INFO  State of current operation: PENDING
18:08:26 INFO  State of current operation: PENDING
18:08:28 INFO  State of current operation: PENDING
18:08:30 INFO  State of current operation: PENDING
18:08:33 INFO  State of current operation: PENDING
18:08:35 INFO  State of current operation: PENDING
18:08:37 INFO  State of current operation: PENDING
18:08:39 INFO  State of current operation: PENDING
18:08:42 INFO  State of current operation: PENDING
18:08:44 INFO  State of current operation: PENDING
18:08:46 INFO  State of current operation: PENDING
18:08:48 INFO  State of current operation: PENDING
18:08:51 INFO  State of current operation: PENDING
18:08:53 INFO  State of current operation: PENDING
18:08:55 INFO  State of current operation: PENDING
18:08:57 INFO  State of current operation: PENDING
18:09:00 INFO  State of current operation: PENDING
18:09:02 INFO  State of current operation: PENDING
18:09:04 INFO  State of current operation: PENDING
18:09:06 INFO  State of current operation: PENDING
18:09:09 INFO  State of current operation: PENDING
18:09:11 INFO  State of current operation: PENDING
18:09:13 INFO  State of current operation: PENDING
18:09:15 INFO  State of current operation: PENDING
18:09:18 INFO  State of current operation: PENDING
18:09:20 INFO  State of current operation: PENDING
18:09:22 INFO  State of current operation: PENDING
18:09:24 INFO  State of current operation: PENDING
18:09:27 INFO  State of current operation: PENDING
18:09:29 INFO  State of current operation: PENDING
18:09:31 WARN  SystemError occurred while running test - Timeout while waiting for status FAILED or SUCCESSFUL
Traceback (most recent call last):
  File &quot;/home/pi/env-pysys/lib/python3.7/site-packages/pysys/baserunner.py&quot;, line 1292, in __call__
    self.testObj.setup()
  File &quot;/home/pi/actions-runner/_work/thin-edge.io/thin-edge.io/tests/PySys/software_management_end_to_end/sm_apt_install_remove_with_version/run.py&quot;, line 27, in setup
    super().setup()
  File &quot;/home/pi/actions-runner/_work/thin-edge.io/thin-edge.io/tests/PySys/software_management_end_to_end/environment_sm_management.py&quot;, line 151, in setup
    self.wait_until_end()
  File &quot;/home/pi/actions-runner/_work/thin-edge.io/thin-edge.io/tests/PySys/software_management_end_to_end/environment_sm_management.py&quot;, line 332, in wait_until_end
    self.wait_until_status(&quot;FAILED&quot;, &quot;SUCCESSFUL&quot;)
  File &quot;/home/pi/actions-runner/_work/thin-edge.io/thin-edge.io/tests/PySys/software_management_end_to_end/environment_sm_management.py&quot;, line 381, in wait_until_status
    &quot;Timeout while waiting for status %s or %s&quot; % (status, status2)
SystemError: Timeout while waiting for status FAILED or SUCCESSFUL
18:09:31 WARN  SystemError: Timeout while waiting for status FAILED or SUCCESSFUL ... blocked 
18:09:31 INFO  
18:09:31 INFO  cleanup:
18:09:35 INFO  Executed sudo&lt;tedge_disconnect_c8y&gt;, exit status 0
18:09:35 INFO  Executed systemctl&lt;serv_mapper5&gt;, exit status 3
18:09:35 INFO  
18:09:35 INFO  Test duration: 167.09 secs
18:09:35 INFO  Test final outcome:  BLOCKED
18:09:35 INFO  Test outcome reason: SystemError: Timeout while waiting for status FAILED or SUCCESSFUL
18:09:35 INFO  
</system-out>
	</testcase>
</testsuite>
