<?xml version="1.0" encoding="utf-8"?>
<testsuite failures="1" name="SoftwareManagement.sm_apt_install_remove_multiple" skipped="0" tests="1" time="141.23" timestamp="2022-06-10T10:23:51">
	<testcase classname="PySysTest" name="SoftwareManagement.sm_apt_install_remove_multiple">
		<failure message="FAILED: Assert that (False == value) with value=True (+2 other failures)" type="FAILED"/>
		<system-out>10:21:30 INFO  ==============================================================
10:21:30 INFO  Id:    SoftwareManagement.sm_apt_install_remove_multiple
10:21:30 INFO  Dir:   software_management_end_to_end/
10:21:30 INFO  Title: Validate end to end behaviour for the apt plugin for multiple packages
10:21:30 INFO  ==============================================================
10:21:30 INFO  Using sw id database: {'asciijump': '5475369', 'robotfindskitten': '5474869', 'squirrel3': '5475279', 'rolldice': '5152439', 'moon-buggy': '5439204', 'apple': '5495053', 'banana': '5494888', 'cherry': '5495382', 'watermelon': '5494510', 'registry': '8018911', 'hello-world': '8021526', 'docker/getting-started': '8021973', 'alpine': '7991792'}
10:21:30 INFO  EnvironmentC8y Setup
10:21:30 INFO  Executed systemctl&lt;serv_mapper1&gt;, exit status 3
10:21:30 INFO  Restarting mosquitto too frequently in the last 10 seconds. It was only up for 4 seconds
10:21:30 INFO  Delaying execution by 7 seconds
10:21:52 INFO  Executed sudo&lt;tedge_connect_c8y&gt;, exit status 0, duration 14 secs
10:21:52 INFO  Executed sudo&lt;tedge_connect_c8y_test&gt;, exit status 0
10:21:53 INFO  Executed systemctl&lt;serv_mosq2&gt;, exit status 0
10:21:53 INFO  Executed systemctl&lt;serv_mapper3&gt;, exit status 0
10:21:56 INFO  State of current operation: SUCCESSFUL
10:21:56 INFO  Assert that (False == value) with value=False ... passed
10:21:56 INFO  Package asciijump is installed
10:21:56 WARN  Assert that (False == value) with value=True ... failed 
10:21:57 INFO  Package squirrel3 is installed
10:21:57 WARN  Assert that (False == value) with value=True ... failed 
10:21:57 INFO  Package robotfindskitten is installed
10:21:57 WARN  Assert that (False == value) with value=True ... failed 
10:21:57 INFO  Response status: 201
10:21:57 INFO  Response to action: {
    &quot;creationTime&quot;: &quot;2022-06-10T10:21:57.663Z&quot;,
    &quot;deviceId&quot;: &quot;20113554&quot;,
    &quot;deviceName&quot;: &quot;m32sd10c&quot;,
    &quot;self&quot;: &quot;https://t493319102.eu-latest.cumulocity.com/devicecontrol/operations/20124309&quot;,
    &quot;id&quot;: &quot;20124309&quot;,
    &quot;status&quot;: &quot;PENDING&quot;,
    &quot;description&quot;: &quot;Apply software changes, triggered from PySys: [{'action': 'install', 'id': '5475369', 'name': 'asciijump', 'url': ' ', 'version': '::apt'}, {'action': 'install', 'id': '5474869', 'name': 'robotfindskitten', 'url': ' ', 'version': '::apt'}, {'action': 'install', 'id': '5475279', 'name': 'squirrel3', 'url': ' ', 'version': '::apt'}]&quot;,
    &quot;c8y_SoftwareUpdate&quot;: [
        {
            &quot;name&quot;: &quot;asciijump&quot;,
            &quot;action&quot;: &quot;install&quot;,
            &quot;id&quot;: &quot;5475369&quot;,
            &quot;version&quot;: &quot;::apt&quot;,
            &quot;url&quot;: &quot; &quot;
        },
        {
            &quot;name&quot;: &quot;robotfindskitten&quot;,
            &quot;action&quot;: &quot;install&quot;,
            &quot;id&quot;: &quot;5474869&quot;,
            &quot;version&quot;: &quot;::apt&quot;,
            &quot;url&quot;: &quot; &quot;
        },
        {
            &quot;name&quot;: &quot;squirrel3&quot;,
            &quot;action&quot;: &quot;install&quot;,
            &quot;id&quot;: &quot;5475279&quot;,
            &quot;version&quot;: &quot;::apt&quot;,
            &quot;url&quot;: &quot; &quot;
        }
    ]
}
10:21:57 INFO  Started operation: {'creationTime': '2022-06-10T10:21:57.663Z', 'deviceId': '20113554', 'deviceName': 'm32sd10c', 'self': 'https://t493319102.eu-latest.cumulocity.com/devicecontrol/operations/20124309', 'id': '20124309', 'status': 'PENDING', 'description': &quot;Apply software changes, triggered from PySys: [{'action': 'install', 'id': '5475369', 'name': 'asciijump', 'url': ' ', 'version': '::apt'}, {'action': 'install', 'id': '5474869', 'name': 'robotfindskitten', 'url': ' ', 'version': '::apt'}, {'action': 'install', 'id': '5475279', 'name': 'squirrel3', 'url': ' ', 'version': '::apt'}]&quot;, 'c8y_SoftwareUpdate': [{'name': 'asciijump', 'action': 'install', 'id': '5475369', 'version': '::apt', 'url': ' '}, {'name': 'robotfindskitten', 'action': 'install', 'id': '5474869', 'version': '::apt', 'url': ' '}, {'name': 'squirrel3', 'action': 'install', 'id': '5475279', 'version': '::apt', 'url': ' '}]}
10:21:59 INFO  State of operation 20124309 : PENDING
10:22:02 INFO  State of operation 20124309 : EXECUTING
10:22:04 INFO  State of operation 20124309 : EXECUTING
10:22:06 INFO  State of operation 20124309 : EXECUTING
10:22:09 INFO  State of operation 20124309 : EXECUTING
10:22:11 INFO  State of operation 20124309 : EXECUTING
10:22:13 INFO  State of operation 20124309 : EXECUTING
10:22:16 INFO  State of operation 20124309 : EXECUTING
10:22:18 INFO  State of operation 20124309 : EXECUTING
10:22:21 INFO  State of operation 20124309 : EXECUTING
10:22:23 INFO  State of operation 20124309 : EXECUTING
10:22:25 INFO  State of operation 20124309 : EXECUTING
10:22:27 INFO  State of operation 20124309 : EXECUTING
10:22:30 INFO  State of operation 20124309 : EXECUTING
10:22:32 INFO  State of operation 20124309 : EXECUTING
10:22:34 INFO  State of operation 20124309 : SUCCESSFUL
10:22:34 INFO  Assert that (False == value) with value=False ... passed
10:22:35 INFO  Package asciijump is installed
10:22:35 INFO  Assert that (True == value) with value=True ... passed
10:22:35 INFO  Package squirrel3 is installed
10:22:35 INFO  Assert that (True == value) with value=True ... passed
10:22:35 INFO  Package robotfindskitten is installed
10:22:35 INFO  Assert that (True == value) with value=True ... passed
10:22:35 INFO  Response status: 201
10:22:35 INFO  Response to action: {
    &quot;creationTime&quot;: &quot;2022-06-10T10:22:35.727Z&quot;,
    &quot;deviceId&quot;: &quot;20113554&quot;,
    &quot;deviceName&quot;: &quot;m32sd10c&quot;,
    &quot;self&quot;: &quot;https://t493319102.eu-latest.cumulocity.com/devicecontrol/operations/20124328&quot;,
    &quot;id&quot;: &quot;20124328&quot;,
    &quot;status&quot;: &quot;PENDING&quot;,
    &quot;description&quot;: &quot;Apply software changes, triggered from PySys: [{'action': 'delete', 'id': '5475369', 'name': 'asciijump', 'url': ' ', 'version': '::apt'}, {'action': 'delete', 'id': '5474869', 'name': 'robotfindskitten', 'url': ' ', 'version': '::apt'}, {'action': 'delete', 'id': '5475279', 'name': 'squirrel3', 'url': ' ', 'version': '::apt'}]&quot;,
    &quot;c8y_SoftwareUpdate&quot;: [
        {
            &quot;name&quot;: &quot;asciijump&quot;,
            &quot;action&quot;: &quot;delete&quot;,
            &quot;id&quot;: &quot;5475369&quot;,
            &quot;version&quot;: &quot;::apt&quot;,
            &quot;url&quot;: &quot; &quot;
        },
        {
            &quot;name&quot;: &quot;robotfindskitten&quot;,
            &quot;action&quot;: &quot;delete&quot;,
            &quot;id&quot;: &quot;5474869&quot;,
            &quot;version&quot;: &quot;::apt&quot;,
            &quot;url&quot;: &quot; &quot;
        },
        {
            &quot;name&quot;: &quot;squirrel3&quot;,
            &quot;action&quot;: &quot;delete&quot;,
            &quot;id&quot;: &quot;5475279&quot;,
            &quot;version&quot;: &quot;::apt&quot;,
            &quot;url&quot;: &quot; &quot;
        }
    ]
}
10:22:35 INFO  Started operation: {'creationTime': '2022-06-10T10:22:35.727Z', 'deviceId': '20113554', 'deviceName': 'm32sd10c', 'self': 'https://t493319102.eu-latest.cumulocity.com/devicecontrol/operations/20124328', 'id': '20124328', 'status': 'PENDING', 'description': &quot;Apply software changes, triggered from PySys: [{'action': 'delete', 'id': '5475369', 'name': 'asciijump', 'url': ' ', 'version': '::apt'}, {'action': 'delete', 'id': '5474869', 'name': 'robotfindskitten', 'url': ' ', 'version': '::apt'}, {'action': 'delete', 'id': '5475279', 'name': 'squirrel3', 'url': ' ', 'version': '::apt'}]&quot;, 'c8y_SoftwareUpdate': [{'name': 'asciijump', 'action': 'delete', 'id': '5475369', 'version': '::apt', 'url': ' '}, {'name': 'robotfindskitten', 'action': 'delete', 'id': '5474869', 'version': '::apt', 'url': ' '}, {'name': 'squirrel3', 'action': 'delete', 'id': '5475279', 'version': '::apt', 'url': ' '}]}
10:22:37 INFO  State of operation 20124328 : PENDING
10:22:40 INFO  State of operation 20124328 : EXECUTING
10:22:42 INFO  State of operation 20124328 : EXECUTING
10:22:44 INFO  State of operation 20124328 : EXECUTING
10:22:46 INFO  State of operation 20124328 : EXECUTING
10:22:49 INFO  State of operation 20124328 : EXECUTING
10:22:51 INFO  State of operation 20124328 : EXECUTING
10:22:54 INFO  State of operation 20124328 : EXECUTING
10:22:56 INFO  State of operation 20124328 : EXECUTING
10:22:59 INFO  State of operation 20124328 : EXECUTING
10:23:01 INFO  State of operation 20124328 : EXECUTING
10:23:03 INFO  State of operation 20124328 : EXECUTING
10:23:06 INFO  State of operation 20124328 : EXECUTING
10:23:08 INFO  State of operation 20124328 : EXECUTING
10:23:10 INFO  State of operation 20124328 : EXECUTING
10:23:12 INFO  State of operation 20124328 : EXECUTING
10:23:15 INFO  State of operation 20124328 : EXECUTING
10:23:17 INFO  State of operation 20124328 : EXECUTING
10:23:20 INFO  State of operation 20124328 : EXECUTING
10:23:22 INFO  State of operation 20124328 : EXECUTING
10:23:25 INFO  State of operation 20124328 : EXECUTING
10:23:27 INFO  State of operation 20124328 : EXECUTING
10:23:29 INFO  State of operation 20124328 : EXECUTING
10:23:31 INFO  State of operation 20124328 : EXECUTING
10:23:33 INFO  State of operation 20124328 : EXECUTING
10:23:36 INFO  State of operation 20124328 : EXECUTING
10:23:39 INFO  State of operation 20124328 : EXECUTING
10:23:41 INFO  State of operation 20124328 : EXECUTING
10:23:43 INFO  State of operation 20124328 : EXECUTING
10:23:45 INFO  State of operation 20124328 : SUCCESSFUL
10:23:46 INFO  Assert that (False == value) with value=False ... passed
10:23:46 INFO  Assert that (False == value) with value=False ... passed
10:23:46 INFO  Assert that (False == value) with value=False ... passed
10:23:46 INFO  Assert that (False == value) with value=False ... passed
10:23:46 INFO  
10:23:46 INFO  cleanup:
10:23:50 INFO  Executed sudo&lt;tedge_disconnect_c8y&gt;, exit status 0
10:23:51 INFO  Executed systemctl&lt;serv_mapper5&gt;, exit status 3
10:23:51 INFO  
10:23:51 INFO  Test duration: 141.23 secs
10:23:51 INFO  Test final outcome:  FAILED
10:23:51 INFO  Test outcome reason: Assert that (False == value) with value=True (+2 other failures)
10:23:51 INFO  
</system-out>
	</testcase>
</testsuite>
