<?xml version="1.0" encoding="utf-8"?>
<testsuite failures="1" name="SoftwareManagement.sm_apt_install_remove_multiple" skipped="0" tests="1" time="138.8" timestamp="2022-06-29T18:06:56">
	<testcase classname="PySysTest" name="SoftwareManagement.sm_apt_install_remove_multiple">
		<failure message="FAILED: Assert that (False == value) with value=True (+2 other failures)" type="FAILED"/>
		<system-out>18:04:37 INFO  ==============================================================
18:04:37 INFO  Id:    SoftwareManagement.sm_apt_install_remove_multiple
18:04:37 INFO  Dir:   software_management_end_to_end/
18:04:37 INFO  Title: Validate end to end behaviour for the apt plugin for multiple packages
18:04:37 INFO  ==============================================================
18:04:37 INFO  Using sw id database: {'asciijump': '5475369', 'robotfindskitten': '5474869', 'squirrel3': '5475279', 'rolldice': '5152439', 'moon-buggy': '5439204', 'apple': '5495053', 'banana': '5494888', 'cherry': '5495382', 'watermelon': '5494510', 'registry': '8018911', 'hello-world': '8021526', 'docker/getting-started': '8021973', 'alpine': '7991792'}
18:04:37 INFO  EnvironmentC8y Setup
18:04:38 INFO  Executed systemctl&lt;serv_mapper1&gt;, exit status 3
18:04:38 INFO  Restarting mosquitto too frequently in the last 10 seconds. It was only up for 4 seconds
18:04:38 INFO  Delaying execution by 7 seconds
18:04:59 INFO  Executed sudo&lt;tedge_connect_c8y&gt;, exit status 0, duration 14 secs
18:04:59 INFO  Executed sudo&lt;tedge_connect_c8y_test&gt;, exit status 0
18:05:00 INFO  Executed systemctl&lt;serv_mosq2&gt;, exit status 0
18:05:00 INFO  Executed systemctl&lt;serv_mapper3&gt;, exit status 0
18:05:03 INFO  State of current operation: SUCCESSFUL
18:05:03 INFO  Assert that (False == value) with value=False ... passed
18:05:03 INFO  Package asciijump is installed
18:05:03 WARN  Assert that (False == value) with value=True ... failed 
18:05:04 INFO  Package squirrel3 is installed
18:05:04 WARN  Assert that (False == value) with value=True ... failed 
18:05:04 INFO  Package robotfindskitten is installed
18:05:04 WARN  Assert that (False == value) with value=True ... failed 
18:05:04 INFO  Response status: 201
18:05:04 INFO  Response to action: {
    &quot;creationTime&quot;: &quot;2022-06-29T18:05:04.632Z&quot;,
    &quot;deviceId&quot;: &quot;20610794&quot;,
    &quot;deviceName&quot;: &quot;m32sd10c&quot;,
    &quot;self&quot;: &quot;https://t493319102.eu-latest.cumulocity.com/devicecontrol/operations/20626705&quot;,
    &quot;id&quot;: &quot;20626705&quot;,
    &quot;status&quot;: &quot;PENDING&quot;,
    &quot;description&quot;: &quot;Apply software changes, triggered from PySys: [{'action': 'install', 'id': '5475369', 'name': 'asciijump', 'url': ' ', 'version': '::apt'}, {'action': 'install', 'id': '5474869', 'name': 'robotfindskitten', 'url': ' ', 'version': '::apt'}, {'action': 'install', 'id': '5475279', 'name': 'squirrel3', 'url': ' ', 'version': '::apt'}]&quot;,
    &quot;c8y_SoftwareUpdate&quot;: [
        {
            &quot;name&quot;: &quot;asciijump&quot;,
            &quot;action&quot;: &quot;install&quot;,
            &quot;id&quot;: &quot;5475369&quot;,
            &quot;version&quot;: &quot;::apt&quot;,
            &quot;url&quot;: &quot; &quot;
        },
        {
            &quot;name&quot;: &quot;robotfindskitten&quot;,
            &quot;action&quot;: &quot;install&quot;,
            &quot;id&quot;: &quot;5474869&quot;,
            &quot;version&quot;: &quot;::apt&quot;,
            &quot;url&quot;: &quot; &quot;
        },
        {
            &quot;name&quot;: &quot;squirrel3&quot;,
            &quot;action&quot;: &quot;install&quot;,
            &quot;id&quot;: &quot;5475279&quot;,
            &quot;version&quot;: &quot;::apt&quot;,
            &quot;url&quot;: &quot; &quot;
        }
    ]
}
18:05:04 INFO  Started operation: {'creationTime': '2022-06-29T18:05:04.632Z', 'deviceId': '20610794', 'deviceName': 'm32sd10c', 'self': 'https://t493319102.eu-latest.cumulocity.com/devicecontrol/operations/20626705', 'id': '20626705', 'status': 'PENDING', 'description': &quot;Apply software changes, triggered from PySys: [{'action': 'install', 'id': '5475369', 'name': 'asciijump', 'url': ' ', 'version': '::apt'}, {'action': 'install', 'id': '5474869', 'name': 'robotfindskitten', 'url': ' ', 'version': '::apt'}, {'action': 'install', 'id': '5475279', 'name': 'squirrel3', 'url': ' ', 'version': '::apt'}]&quot;, 'c8y_SoftwareUpdate': [{'name': 'asciijump', 'action': 'install', 'id': '5475369', 'version': '::apt', 'url': ' '}, {'name': 'robotfindskitten', 'action': 'install', 'id': '5474869', 'version': '::apt', 'url': ' '}, {'name': 'squirrel3', 'action': 'install', 'id': '5475279', 'version': '::apt', 'url': ' '}]}
18:05:06 INFO  State of operation 20626705 : PENDING
18:05:09 INFO  State of operation 20626705 : EXECUTING
18:05:11 INFO  State of operation 20626705 : EXECUTING
18:05:13 INFO  State of operation 20626705 : EXECUTING
18:05:15 INFO  State of operation 20626705 : EXECUTING
18:05:18 INFO  State of operation 20626705 : EXECUTING
18:05:20 INFO  State of operation 20626705 : EXECUTING
18:05:23 INFO  State of operation 20626705 : EXECUTING
18:05:26 INFO  State of operation 20626705 : EXECUTING
18:05:28 INFO  State of operation 20626705 : EXECUTING
18:05:30 INFO  State of operation 20626705 : EXECUTING
18:05:32 INFO  State of operation 20626705 : EXECUTING
18:05:35 INFO  State of operation 20626705 : EXECUTING
18:05:37 INFO  State of operation 20626705 : EXECUTING
18:05:39 INFO  State of operation 20626705 : EXECUTING
18:05:41 INFO  State of operation 20626705 : SUCCESSFUL
18:05:42 INFO  Assert that (False == value) with value=False ... passed
18:05:42 INFO  Package asciijump is installed
18:05:42 INFO  Assert that (True == value) with value=True ... passed
18:05:42 INFO  Package squirrel3 is installed
18:05:42 INFO  Assert that (True == value) with value=True ... passed
18:05:42 INFO  Package robotfindskitten is installed
18:05:42 INFO  Assert that (True == value) with value=True ... passed
18:05:43 INFO  Response status: 201
18:05:43 INFO  Response to action: {
    &quot;creationTime&quot;: &quot;2022-06-29T18:05:42.954Z&quot;,
    &quot;deviceId&quot;: &quot;20610794&quot;,
    &quot;deviceName&quot;: &quot;m32sd10c&quot;,
    &quot;self&quot;: &quot;https://t493319102.eu-latest.cumulocity.com/devicecontrol/operations/20626713&quot;,
    &quot;id&quot;: &quot;20626713&quot;,
    &quot;status&quot;: &quot;PENDING&quot;,
    &quot;description&quot;: &quot;Apply software changes, triggered from PySys: [{'action': 'delete', 'id': '5475369', 'name': 'asciijump', 'url': ' ', 'version': '::apt'}, {'action': 'delete', 'id': '5474869', 'name': 'robotfindskitten', 'url': ' ', 'version': '::apt'}, {'action': 'delete', 'id': '5475279', 'name': 'squirrel3', 'url': ' ', 'version': '::apt'}]&quot;,
    &quot;c8y_SoftwareUpdate&quot;: [
        {
            &quot;name&quot;: &quot;asciijump&quot;,
            &quot;action&quot;: &quot;delete&quot;,
            &quot;id&quot;: &quot;5475369&quot;,
            &quot;version&quot;: &quot;::apt&quot;,
            &quot;url&quot;: &quot; &quot;
        },
        {
            &quot;name&quot;: &quot;robotfindskitten&quot;,
            &quot;action&quot;: &quot;delete&quot;,
            &quot;id&quot;: &quot;5474869&quot;,
            &quot;version&quot;: &quot;::apt&quot;,
            &quot;url&quot;: &quot; &quot;
        },
        {
            &quot;name&quot;: &quot;squirrel3&quot;,
            &quot;action&quot;: &quot;delete&quot;,
            &quot;id&quot;: &quot;5475279&quot;,
            &quot;version&quot;: &quot;::apt&quot;,
            &quot;url&quot;: &quot; &quot;
        }
    ]
}
18:05:43 INFO  Started operation: {'creationTime': '2022-06-29T18:05:42.954Z', 'deviceId': '20610794', 'deviceName': 'm32sd10c', 'self': 'https://t493319102.eu-latest.cumulocity.com/devicecontrol/operations/20626713', 'id': '20626713', 'status': 'PENDING', 'description': &quot;Apply software changes, triggered from PySys: [{'action': 'delete', 'id': '5475369', 'name': 'asciijump', 'url': ' ', 'version': '::apt'}, {'action': 'delete', 'id': '5474869', 'name': 'robotfindskitten', 'url': ' ', 'version': '::apt'}, {'action': 'delete', 'id': '5475279', 'name': 'squirrel3', 'url': ' ', 'version': '::apt'}]&quot;, 'c8y_SoftwareUpdate': [{'name': 'asciijump', 'action': 'delete', 'id': '5475369', 'version': '::apt', 'url': ' '}, {'name': 'robotfindskitten', 'action': 'delete', 'id': '5474869', 'version': '::apt', 'url': ' '}, {'name': 'squirrel3', 'action': 'delete', 'id': '5475279', 'version': '::apt', 'url': ' '}]}
18:05:45 INFO  State of operation 20626713 : PENDING
18:05:47 INFO  State of operation 20626713 : EXECUTING
18:05:49 INFO  State of operation 20626713 : EXECUTING
18:05:51 INFO  State of operation 20626713 : EXECUTING
18:05:54 INFO  State of operation 20626713 : EXECUTING
18:05:56 INFO  State of operation 20626713 : EXECUTING
18:05:59 INFO  State of operation 20626713 : EXECUTING
18:06:02 INFO  State of operation 20626713 : EXECUTING
18:06:04 INFO  State of operation 20626713 : EXECUTING
18:06:06 INFO  State of operation 20626713 : EXECUTING
18:06:09 INFO  State of operation 20626713 : EXECUTING
18:06:11 INFO  State of operation 20626713 : EXECUTING
18:06:13 INFO  State of operation 20626713 : EXECUTING
18:06:15 INFO  State of operation 20626713 : EXECUTING
18:06:18 INFO  State of operation 20626713 : EXECUTING
18:06:20 INFO  State of operation 20626713 : EXECUTING
18:06:22 INFO  State of operation 20626713 : EXECUTING
18:06:25 INFO  State of operation 20626713 : EXECUTING
18:06:27 INFO  State of operation 20626713 : EXECUTING
18:06:30 INFO  State of operation 20626713 : EXECUTING
18:06:32 INFO  State of operation 20626713 : EXECUTING
18:06:34 INFO  State of operation 20626713 : EXECUTING
18:06:36 INFO  State of operation 20626713 : EXECUTING
18:06:39 INFO  State of operation 20626713 : EXECUTING
18:06:41 INFO  State of operation 20626713 : EXECUTING
18:06:44 INFO  State of operation 20626713 : EXECUTING
18:06:46 INFO  State of operation 20626713 : EXECUTING
18:06:48 INFO  State of operation 20626713 : EXECUTING
18:06:50 INFO  State of operation 20626713 : SUCCESSFUL
18:06:51 INFO  Assert that (False == value) with value=False ... passed
18:06:51 INFO  Assert that (False == value) with value=False ... passed
18:06:51 INFO  Assert that (False == value) with value=False ... passed
18:06:51 INFO  Assert that (False == value) with value=False ... passed
18:06:51 INFO  
18:06:51 INFO  cleanup:
18:06:55 INFO  Executed sudo&lt;tedge_disconnect_c8y&gt;, exit status 0
18:06:56 INFO  Executed systemctl&lt;serv_mapper5&gt;, exit status 3
18:06:56 INFO  
18:06:56 INFO  Test duration: 138.80 secs
18:06:56 INFO  Test final outcome:  FAILED
18:06:56 INFO  Test outcome reason: Assert that (False == value) with value=True (+2 other failures)
18:06:56 INFO  
</system-out>
	</testcase>
</testsuite>
