<?xml version="1.0" encoding="utf-8"?>
<testsuite failures="1" name="SoftwareManagement.sm_mixed_install_remove_multiple" skipped="0" tests="1" time="165.84" timestamp="2022-07-25T16:25:10">
	<testcase classname="PySysTest" name="SoftwareManagement.sm_mixed_install_remove_multiple">
		<failure message="FAILED: Assert that (False == value) with value=True" type="FAILED"/>
		<system-out>16:22:24 INFO  ==============================================================
16:22:24 INFO  Id:    SoftwareManagement.sm_mixed_install_remove_multiple
16:22:24 INFO  Dir:   software_management_end_to_end/
16:22:24 INFO  Title: Validate end to end behaviour for the dummy-plugin for multiple packages with mixed versions
16:22:24 INFO  ==============================================================
16:22:24 INFO  Using sw id database: {'asciijump': '5475369', 'robotfindskitten': '5474869', 'squirrel3': '5475279', 'rolldice': '5152439', 'moon-buggy': '5439204', 'apple': '5495053', 'banana': '5494888', 'cherry': '5495382', 'watermelon': '5494510', 'registry': '8018911', 'hello-world': '8021526', 'docker/getting-started': '8021973', 'alpine': '7991792'}
16:22:24 INFO  EnvironmentC8y Setup
16:22:25 INFO  Executed systemctl&lt;serv_mapper1&gt;, exit status 3
16:22:25 INFO  Restarting mosquitto too frequently in the last 10 seconds. It was only up for 5 seconds
16:22:25 INFO  Delaying execution by 6 seconds
16:22:45 INFO  Executed sudo&lt;tedge_connect_c8y&gt;, exit status 0, duration 14 secs
16:22:46 INFO  Executed sudo&lt;tedge_connect_c8y_test&gt;, exit status 0
16:22:47 INFO  Executed systemctl&lt;serv_mosq2&gt;, exit status 0
16:22:47 INFO  Executed systemctl&lt;serv_mapper3&gt;, exit status 0
16:22:49 INFO  State of current operation: SUCCESSFUL
16:22:50 INFO  Package apple is installed
16:22:50 INFO  Assert that (True == value) with value=True ... passed
16:22:50 INFO  Package banana is installed
16:22:50 INFO  Assert that (True == value) with value=True ... passed
16:22:50 INFO  Package cherry is installed
16:22:50 INFO  Assert that (True == value) with value=True ... passed
16:22:50 INFO  Package asciijump is installed
16:22:50 WARN  Assert that (False == value) with value=True ... failed 
16:22:51 INFO  Assert that (False == value) with value=False ... passed
16:22:51 INFO  Response status: 201
16:22:51 INFO  Response to action: {
    &quot;creationTime&quot;: &quot;2022-07-25T16:22:51.247Z&quot;,
    &quot;deviceId&quot;: &quot;21389727&quot;,
    &quot;deviceName&quot;: &quot;m32sd10c&quot;,
    &quot;self&quot;: &quot;https://t493319102.eu-latest.cumulocity.com/devicecontrol/operations/21415441&quot;,
    &quot;id&quot;: &quot;21415441&quot;,
    &quot;status&quot;: &quot;PENDING&quot;,
    &quot;description&quot;: &quot;Apply software changes, triggered from PySys: [{'action': 'install', 'id': '5495053', 'name': 'apple', 'url': ' ', 'version': '::fruits'}, {'action': 'install', 'id': '5494888', 'name': 'banana', 'url': ' ', 'version': '::fruits'}, {'action': 'install', 'id': '5475369', 'name': 'asciijump', 'url': ' ', 'version': '::apt'}, {'action': 'install', 'id': '5495382', 'name': 'cherry', 'url': ' ', 'version': '::fruits'}, {'action': 'install', 'id': '8018911', 'name': 'registry', 'url': ' ', 'version': '::docker'}]&quot;,
    &quot;c8y_SoftwareUpdate&quot;: [
        {
            &quot;name&quot;: &quot;apple&quot;,
            &quot;action&quot;: &quot;install&quot;,
            &quot;id&quot;: &quot;5495053&quot;,
            &quot;version&quot;: &quot;::fruits&quot;,
            &quot;url&quot;: &quot; &quot;
        },
        {
            &quot;name&quot;: &quot;banana&quot;,
            &quot;action&quot;: &quot;install&quot;,
            &quot;id&quot;: &quot;5494888&quot;,
            &quot;version&quot;: &quot;::fruits&quot;,
            &quot;url&quot;: &quot; &quot;
        },
        {
            &quot;name&quot;: &quot;asciijump&quot;,
            &quot;action&quot;: &quot;install&quot;,
            &quot;id&quot;: &quot;5475369&quot;,
            &quot;version&quot;: &quot;::apt&quot;,
            &quot;url&quot;: &quot; &quot;
        },
        {
            &quot;name&quot;: &quot;cherry&quot;,
            &quot;action&quot;: &quot;install&quot;,
            &quot;id&quot;: &quot;5495382&quot;,
            &quot;version&quot;: &quot;::fruits&quot;,
            &quot;url&quot;: &quot; &quot;
        },
        {
            &quot;name&quot;: &quot;registry&quot;,
            &quot;action&quot;: &quot;install&quot;,
            &quot;id&quot;: &quot;8018911&quot;,
            &quot;version&quot;: &quot;::docker&quot;,
            &quot;url&quot;: &quot; &quot;
        }
    ]
}
16:22:51 INFO  Started operation: {'creationTime': '2022-07-25T16:22:51.247Z', 'deviceId': '21389727', 'deviceName': 'm32sd10c', 'self': 'https://t493319102.eu-latest.cumulocity.com/devicecontrol/operations/21415441', 'id': '21415441', 'status': 'PENDING', 'description': &quot;Apply software changes, triggered from PySys: [{'action': 'install', 'id': '5495053', 'name': 'apple', 'url': ' ', 'version': '::fruits'}, {'action': 'install', 'id': '5494888', 'name': 'banana', 'url': ' ', 'version': '::fruits'}, {'action': 'install', 'id': '5475369', 'name': 'asciijump', 'url': ' ', 'version': '::apt'}, {'action': 'install', 'id': '5495382', 'name': 'cherry', 'url': ' ', 'version': '::fruits'}, {'action': 'install', 'id': '8018911', 'name': 'registry', 'url': ' ', 'version': '::docker'}]&quot;, 'c8y_SoftwareUpdate': [{'name': 'apple', 'action': 'install', 'id': '5495053', 'version': '::fruits', 'url': ' '}, {'name': 'banana', 'action': 'install', 'id': '5494888', 'version': '::fruits', 'url': ' '}, {'name': 'asciijump', 'action': 'install', 'id': '5475369', 'version': '::apt', 'url': ' '}, {'name': 'cherry', 'action': 'install', 'id': '5495382', 'version': '::fruits', 'url': ' '}, {'name': 'registry', 'action': 'install', 'id': '8018911', 'version': '::docker', 'url': ' '}]}
16:22:53 INFO  State of operation 21415441 : PENDING
16:22:55 INFO  State of operation 21415441 : EXECUTING
16:22:57 INFO  State of operation 21415441 : EXECUTING
16:23:00 INFO  State of operation 21415441 : EXECUTING
16:23:02 INFO  State of operation 21415441 : EXECUTING
16:23:04 INFO  State of operation 21415441 : EXECUTING
16:23:07 INFO  State of operation 21415441 : EXECUTING
16:23:10 INFO  State of operation 21415441 : EXECUTING
16:23:12 INFO  State of operation 21415441 : EXECUTING
16:23:15 INFO  State of operation 21415441 : EXECUTING
16:23:17 INFO  State of operation 21415441 : EXECUTING
16:23:19 INFO  State of operation 21415441 : EXECUTING
16:23:21 INFO  State of operation 21415441 : EXECUTING
16:23:24 INFO  State of operation 21415441 : EXECUTING
16:23:26 INFO  State of operation 21415441 : EXECUTING
16:23:28 INFO  State of operation 21415441 : EXECUTING
16:23:31 INFO  State of operation 21415441 : EXECUTING
16:23:33 INFO  State of operation 21415441 : EXECUTING
16:23:35 INFO  State of operation 21415441 : EXECUTING
16:23:38 INFO  State of operation 21415441 : EXECUTING
16:23:40 INFO  State of operation 21415441 : EXECUTING
16:23:42 INFO  State of operation 21415441 : EXECUTING
16:23:45 INFO  State of operation 21415441 : EXECUTING
16:23:47 INFO  State of operation 21415441 : EXECUTING
16:23:49 INFO  State of operation 21415441 : EXECUTING
16:23:52 INFO  State of operation 21415441 : SUCCESSFUL
16:23:52 INFO  Package apple is installed
16:23:52 INFO  Assert that (True == value) with value=True ... passed
16:23:52 INFO  Package banana is installed
16:23:52 INFO  Assert that (True == value) with value=True ... passed
16:23:52 INFO  Package cherry is installed
16:23:52 INFO  Assert that (True == value) with value=True ... passed
16:23:52 INFO  Package asciijump is installed
16:23:52 INFO  Assert that (True == value) with value=True ... passed
16:23:53 INFO  Package registry is installed
16:23:53 INFO  Assert that (True == value) with value=True ... passed
16:23:54 INFO  Response status: 201
16:23:54 INFO  Response to action: {
    &quot;creationTime&quot;: &quot;2022-07-25T16:23:53.422Z&quot;,
    &quot;deviceId&quot;: &quot;21389727&quot;,
    &quot;deviceName&quot;: &quot;m32sd10c&quot;,
    &quot;self&quot;: &quot;https://t493319102.eu-latest.cumulocity.com/devicecontrol/operations/21415449&quot;,
    &quot;id&quot;: &quot;21415449&quot;,
    &quot;status&quot;: &quot;PENDING&quot;,
    &quot;description&quot;: &quot;Apply software changes, triggered from PySys: [{'action': 'delete', 'id': '5495053', 'name': 'apple', 'url': ' ', 'version': '::fruits'}, {'action': 'delete', 'id': '5494888', 'name': 'banana', 'url': ' ', 'version': '::fruits'}, {'action': 'delete', 'id': '5475369', 'name': 'asciijump', 'url': ' ', 'version': '::apt'}, {'action': 'delete', 'id': '5495382', 'name': 'cherry', 'url': ' ', 'version': '::fruits'}, {'action': 'delete', 'id': '8018911', 'name': 'registry', 'url': ' ', 'version': '::docker'}]&quot;,
    &quot;c8y_SoftwareUpdate&quot;: [
        {
            &quot;name&quot;: &quot;apple&quot;,
            &quot;action&quot;: &quot;delete&quot;,
            &quot;id&quot;: &quot;5495053&quot;,
            &quot;version&quot;: &quot;::fruits&quot;,
            &quot;url&quot;: &quot; &quot;
        },
        {
            &quot;name&quot;: &quot;banana&quot;,
            &quot;action&quot;: &quot;delete&quot;,
            &quot;id&quot;: &quot;5494888&quot;,
            &quot;version&quot;: &quot;::fruits&quot;,
            &quot;url&quot;: &quot; &quot;
        },
        {
            &quot;name&quot;: &quot;asciijump&quot;,
            &quot;action&quot;: &quot;delete&quot;,
            &quot;id&quot;: &quot;5475369&quot;,
            &quot;version&quot;: &quot;::apt&quot;,
            &quot;url&quot;: &quot; &quot;
        },
        {
            &quot;name&quot;: &quot;cherry&quot;,
            &quot;action&quot;: &quot;delete&quot;,
            &quot;id&quot;: &quot;5495382&quot;,
            &quot;version&quot;: &quot;::fruits&quot;,
            &quot;url&quot;: &quot; &quot;
        },
        {
            &quot;name&quot;: &quot;registry&quot;,
            &quot;action&quot;: &quot;delete&quot;,
            &quot;id&quot;: &quot;8018911&quot;,
            &quot;version&quot;: &quot;::docker&quot;,
            &quot;url&quot;: &quot; &quot;
        }
    ]
}
16:23:54 INFO  Started operation: {'creationTime': '2022-07-25T16:23:53.422Z', 'deviceId': '21389727', 'deviceName': 'm32sd10c', 'self': 'https://t493319102.eu-latest.cumulocity.com/devicecontrol/operations/21415449', 'id': '21415449', 'status': 'PENDING', 'description': &quot;Apply software changes, triggered from PySys: [{'action': 'delete', 'id': '5495053', 'name': 'apple', 'url': ' ', 'version': '::fruits'}, {'action': 'delete', 'id': '5494888', 'name': 'banana', 'url': ' ', 'version': '::fruits'}, {'action': 'delete', 'id': '5475369', 'name': 'asciijump', 'url': ' ', 'version': '::apt'}, {'action': 'delete', 'id': '5495382', 'name': 'cherry', 'url': ' ', 'version': '::fruits'}, {'action': 'delete', 'id': '8018911', 'name': 'registry', 'url': ' ', 'version': '::docker'}]&quot;, 'c8y_SoftwareUpdate': [{'name': 'apple', 'action': 'delete', 'id': '5495053', 'version': '::fruits', 'url': ' '}, {'name': 'banana', 'action': 'delete', 'id': '5494888', 'version': '::fruits', 'url': ' '}, {'name': 'asciijump', 'action': 'delete', 'id': '5475369', 'version': '::apt', 'url': ' '}, {'name': 'cherry', 'action': 'delete', 'id': '5495382', 'version': '::fruits', 'url': ' '}, {'name': 'registry', 'action': 'delete', 'id': '8018911', 'version': '::docker', 'url': ' '}]}
16:23:56 INFO  State of operation 21415449 : PENDING
16:23:58 INFO  State of operation 21415449 : EXECUTING
16:24:00 INFO  State of operation 21415449 : EXECUTING
16:24:03 INFO  State of operation 21415449 : EXECUTING
16:24:05 INFO  State of operation 21415449 : EXECUTING
16:24:07 INFO  State of operation 21415449 : EXECUTING
16:24:10 INFO  State of operation 21415449 : EXECUTING
16:24:14 INFO  State of operation 21415449 : EXECUTING
16:24:16 INFO  State of operation 21415449 : EXECUTING
16:24:18 INFO  State of operation 21415449 : EXECUTING
16:24:21 INFO  State of operation 21415449 : EXECUTING
16:24:23 INFO  State of operation 21415449 : EXECUTING
16:24:25 INFO  State of operation 21415449 : EXECUTING
16:24:27 INFO  State of operation 21415449 : EXECUTING
16:24:30 INFO  State of operation 21415449 : EXECUTING
16:24:34 INFO  State of operation 21415449 : EXECUTING
16:24:36 INFO  State of operation 21415449 : EXECUTING
16:24:39 INFO  State of operation 21415449 : EXECUTING
16:24:41 INFO  State of operation 21415449 : EXECUTING
16:24:43 INFO  State of operation 21415449 : EXECUTING
16:24:45 INFO  State of operation 21415449 : EXECUTING
16:24:48 INFO  State of operation 21415449 : EXECUTING
16:24:50 INFO  State of operation 21415449 : EXECUTING
16:24:53 INFO  State of operation 21415449 : EXECUTING
16:24:55 INFO  State of operation 21415449 : EXECUTING
16:24:57 INFO  State of operation 21415449 : EXECUTING
16:24:59 INFO  State of operation 21415449 : EXECUTING
16:25:02 INFO  State of operation 21415449 : EXECUTING
16:25:04 INFO  State of operation 21415449 : SUCCESSFUL
16:25:04 INFO  Package apple is installed
16:25:04 INFO  Assert that (True == value) with value=True ... passed
16:25:05 INFO  Package banana is installed
16:25:05 INFO  Assert that (True == value) with value=True ... passed
16:25:05 INFO  Package cherry is installed
16:25:05 INFO  Assert that (True == value) with value=True ... passed
16:25:05 INFO  Assert that (False == value) with value=False ... passed
16:25:05 INFO  Assert that (False == value) with value=False ... passed
16:25:05 INFO  
16:25:05 INFO  cleanup:
16:25:10 INFO  Executed sudo&lt;tedge_disconnect_c8y&gt;, exit status 0
16:25:10 INFO  Executed systemctl&lt;serv_mapper5&gt;, exit status 3
16:25:10 INFO  
16:25:10 INFO  Test duration: 165.84 secs
16:25:10 INFO  Test final outcome:  FAILED
16:25:10 INFO  Test outcome reason: Assert that (False == value) with value=True
16:25:10 INFO  
</system-out>
	</testcase>
</testsuite>
