<?xml version="1.0" encoding="utf-8"?>
<testsuite failures="1" name="SoftwareManagement.sm_mixed_install_remove_multiple" skipped="0" tests="1" time="166.66" timestamp="2022-07-20T12:08:16">
	<testcase classname="PySysTest" name="SoftwareManagement.sm_mixed_install_remove_multiple">
		<failure message="FAILED: Assert that (False == value) with value=True" type="FAILED"/>
		<system-out>12:05:29 INFO  ==============================================================
12:05:29 INFO  Id:    SoftwareManagement.sm_mixed_install_remove_multiple
12:05:29 INFO  Dir:   software_management_end_to_end/
12:05:29 INFO  Title: Validate end to end behaviour for the dummy-plugin for multiple packages with mixed versions
12:05:29 INFO  ==============================================================
12:05:29 INFO  Using sw id database: {'asciijump': '5475369', 'robotfindskitten': '5474869', 'squirrel3': '5475279', 'rolldice': '5152439', 'moon-buggy': '5439204', 'apple': '5495053', 'banana': '5494888', 'cherry': '5495382', 'watermelon': '5494510', 'registry': '8018911', 'hello-world': '8021526', 'docker/getting-started': '8021973', 'alpine': '7991792'}
12:05:29 INFO  EnvironmentC8y Setup
12:05:30 INFO  Executed systemctl&lt;serv_mapper1&gt;, exit status 3
12:05:30 INFO  Restarting mosquitto too frequently in the last 10 seconds. It was only up for 4 seconds
12:05:30 INFO  Delaying execution by 7 seconds
12:05:51 INFO  Executed sudo&lt;tedge_connect_c8y&gt;, exit status 0, duration 13 secs
12:05:51 INFO  Executed sudo&lt;tedge_connect_c8y_test&gt;, exit status 0
12:05:52 INFO  Executed systemctl&lt;serv_mosq2&gt;, exit status 0
12:05:52 INFO  Executed systemctl&lt;serv_mapper3&gt;, exit status 0
12:05:55 INFO  State of current operation: SUCCESSFUL
12:05:55 INFO  Package apple is installed
12:05:55 INFO  Assert that (True == value) with value=True ... passed
12:05:55 INFO  Package banana is installed
12:05:55 INFO  Assert that (True == value) with value=True ... passed
12:05:55 INFO  Package cherry is installed
12:05:55 INFO  Assert that (True == value) with value=True ... passed
12:05:55 INFO  Package asciijump is installed
12:05:55 WARN  Assert that (False == value) with value=True ... failed 
12:05:56 INFO  Assert that (False == value) with value=False ... passed
12:05:56 INFO  Response status: 201
12:05:56 INFO  Response to action: {
    &quot;creationTime&quot;: &quot;2022-07-20T12:05:56.392Z&quot;,
    &quot;deviceId&quot;: &quot;21058298&quot;,
    &quot;deviceName&quot;: &quot;m32sd10c&quot;,
    &quot;self&quot;: &quot;https://t493319102.eu-latest.cumulocity.com/devicecontrol/operations/21082615&quot;,
    &quot;id&quot;: &quot;21082615&quot;,
    &quot;status&quot;: &quot;PENDING&quot;,
    &quot;description&quot;: &quot;Apply software changes, triggered from PySys: [{'action': 'install', 'id': '5495053', 'name': 'apple', 'url': ' ', 'version': '::fruits'}, {'action': 'install', 'id': '5494888', 'name': 'banana', 'url': ' ', 'version': '::fruits'}, {'action': 'install', 'id': '5475369', 'name': 'asciijump', 'url': ' ', 'version': '::apt'}, {'action': 'install', 'id': '5495382', 'name': 'cherry', 'url': ' ', 'version': '::fruits'}, {'action': 'install', 'id': '8018911', 'name': 'registry', 'url': ' ', 'version': '::docker'}]&quot;,
    &quot;c8y_SoftwareUpdate&quot;: [
        {
            &quot;name&quot;: &quot;apple&quot;,
            &quot;action&quot;: &quot;install&quot;,
            &quot;id&quot;: &quot;5495053&quot;,
            &quot;version&quot;: &quot;::fruits&quot;,
            &quot;url&quot;: &quot; &quot;
        },
        {
            &quot;name&quot;: &quot;banana&quot;,
            &quot;action&quot;: &quot;install&quot;,
            &quot;id&quot;: &quot;5494888&quot;,
            &quot;version&quot;: &quot;::fruits&quot;,
            &quot;url&quot;: &quot; &quot;
        },
        {
            &quot;name&quot;: &quot;asciijump&quot;,
            &quot;action&quot;: &quot;install&quot;,
            &quot;id&quot;: &quot;5475369&quot;,
            &quot;version&quot;: &quot;::apt&quot;,
            &quot;url&quot;: &quot; &quot;
        },
        {
            &quot;name&quot;: &quot;cherry&quot;,
            &quot;action&quot;: &quot;install&quot;,
            &quot;id&quot;: &quot;5495382&quot;,
            &quot;version&quot;: &quot;::fruits&quot;,
            &quot;url&quot;: &quot; &quot;
        },
        {
            &quot;name&quot;: &quot;registry&quot;,
            &quot;action&quot;: &quot;install&quot;,
            &quot;id&quot;: &quot;8018911&quot;,
            &quot;version&quot;: &quot;::docker&quot;,
            &quot;url&quot;: &quot; &quot;
        }
    ]
}
12:05:56 INFO  Started operation: {'creationTime': '2022-07-20T12:05:56.392Z', 'deviceId': '21058298', 'deviceName': 'm32sd10c', 'self': 'https://t493319102.eu-latest.cumulocity.com/devicecontrol/operations/21082615', 'id': '21082615', 'status': 'PENDING', 'description': &quot;Apply software changes, triggered from PySys: [{'action': 'install', 'id': '5495053', 'name': 'apple', 'url': ' ', 'version': '::fruits'}, {'action': 'install', 'id': '5494888', 'name': 'banana', 'url': ' ', 'version': '::fruits'}, {'action': 'install', 'id': '5475369', 'name': 'asciijump', 'url': ' ', 'version': '::apt'}, {'action': 'install', 'id': '5495382', 'name': 'cherry', 'url': ' ', 'version': '::fruits'}, {'action': 'install', 'id': '8018911', 'name': 'registry', 'url': ' ', 'version': '::docker'}]&quot;, 'c8y_SoftwareUpdate': [{'name': 'apple', 'action': 'install', 'id': '5495053', 'version': '::fruits', 'url': ' '}, {'name': 'banana', 'action': 'install', 'id': '5494888', 'version': '::fruits', 'url': ' '}, {'name': 'asciijump', 'action': 'install', 'id': '5475369', 'version': '::apt', 'url': ' '}, {'name': 'cherry', 'action': 'install', 'id': '5495382', 'version': '::fruits', 'url': ' '}, {'name': 'registry', 'action': 'install', 'id': '8018911', 'version': '::docker', 'url': ' '}]}
12:05:58 INFO  State of operation 21082615 : PENDING
12:06:00 INFO  State of operation 21082615 : EXECUTING
12:06:03 INFO  State of operation 21082615 : EXECUTING
12:06:05 INFO  State of operation 21082615 : EXECUTING
12:06:07 INFO  State of operation 21082615 : EXECUTING
12:06:09 INFO  State of operation 21082615 : EXECUTING
12:06:12 INFO  State of operation 21082615 : EXECUTING
12:06:15 INFO  State of operation 21082615 : EXECUTING
12:06:17 INFO  State of operation 21082615 : EXECUTING
12:06:20 INFO  State of operation 21082615 : EXECUTING
12:06:22 INFO  State of operation 21082615 : EXECUTING
12:06:24 INFO  State of operation 21082615 : EXECUTING
12:06:26 INFO  State of operation 21082615 : EXECUTING
12:06:28 INFO  State of operation 21082615 : EXECUTING
12:06:31 INFO  State of operation 21082615 : EXECUTING
12:06:33 INFO  State of operation 21082615 : EXECUTING
12:06:35 INFO  State of operation 21082615 : EXECUTING
12:06:38 INFO  State of operation 21082615 : EXECUTING
12:06:40 INFO  State of operation 21082615 : EXECUTING
12:06:42 INFO  State of operation 21082615 : EXECUTING
12:06:44 INFO  State of operation 21082615 : EXECUTING
12:06:46 INFO  State of operation 21082615 : EXECUTING
12:06:49 INFO  State of operation 21082615 : EXECUTING
12:06:51 INFO  State of operation 21082615 : EXECUTING
12:06:53 INFO  State of operation 21082615 : EXECUTING
12:06:55 INFO  State of operation 21082615 : EXECUTING
12:06:58 INFO  State of operation 21082615 : SUCCESSFUL
12:06:58 INFO  Package apple is installed
12:06:58 INFO  Assert that (True == value) with value=True ... passed
12:06:58 INFO  Package banana is installed
12:06:58 INFO  Assert that (True == value) with value=True ... passed
12:06:58 INFO  Package cherry is installed
12:06:58 INFO  Assert that (True == value) with value=True ... passed
12:06:58 INFO  Package asciijump is installed
12:06:58 INFO  Assert that (True == value) with value=True ... passed
12:06:59 INFO  Package registry is installed
12:06:59 INFO  Assert that (True == value) with value=True ... passed
12:06:59 INFO  Response status: 201
12:06:59 INFO  Response to action: {
    &quot;creationTime&quot;: &quot;2022-07-20T12:06:59.387Z&quot;,
    &quot;deviceId&quot;: &quot;21058298&quot;,
    &quot;deviceName&quot;: &quot;m32sd10c&quot;,
    &quot;self&quot;: &quot;https://t493319102.eu-latest.cumulocity.com/devicecontrol/operations/21082631&quot;,
    &quot;id&quot;: &quot;21082631&quot;,
    &quot;status&quot;: &quot;PENDING&quot;,
    &quot;description&quot;: &quot;Apply software changes, triggered from PySys: [{'action': 'delete', 'id': '5495053', 'name': 'apple', 'url': ' ', 'version': '::fruits'}, {'action': 'delete', 'id': '5494888', 'name': 'banana', 'url': ' ', 'version': '::fruits'}, {'action': 'delete', 'id': '5475369', 'name': 'asciijump', 'url': ' ', 'version': '::apt'}, {'action': 'delete', 'id': '5495382', 'name': 'cherry', 'url': ' ', 'version': '::fruits'}, {'action': 'delete', 'id': '8018911', 'name': 'registry', 'url': ' ', 'version': '::docker'}]&quot;,
    &quot;c8y_SoftwareUpdate&quot;: [
        {
            &quot;name&quot;: &quot;apple&quot;,
            &quot;action&quot;: &quot;delete&quot;,
            &quot;id&quot;: &quot;5495053&quot;,
            &quot;version&quot;: &quot;::fruits&quot;,
            &quot;url&quot;: &quot; &quot;
        },
        {
            &quot;name&quot;: &quot;banana&quot;,
            &quot;action&quot;: &quot;delete&quot;,
            &quot;id&quot;: &quot;5494888&quot;,
            &quot;version&quot;: &quot;::fruits&quot;,
            &quot;url&quot;: &quot; &quot;
        },
        {
            &quot;name&quot;: &quot;asciijump&quot;,
            &quot;action&quot;: &quot;delete&quot;,
            &quot;id&quot;: &quot;5475369&quot;,
            &quot;version&quot;: &quot;::apt&quot;,
            &quot;url&quot;: &quot; &quot;
        },
        {
            &quot;name&quot;: &quot;cherry&quot;,
            &quot;action&quot;: &quot;delete&quot;,
            &quot;id&quot;: &quot;5495382&quot;,
            &quot;version&quot;: &quot;::fruits&quot;,
            &quot;url&quot;: &quot; &quot;
        },
        {
            &quot;name&quot;: &quot;registry&quot;,
            &quot;action&quot;: &quot;delete&quot;,
            &quot;id&quot;: &quot;8018911&quot;,
            &quot;version&quot;: &quot;::docker&quot;,
            &quot;url&quot;: &quot; &quot;
        }
    ]
}
12:06:59 INFO  Started operation: {'creationTime': '2022-07-20T12:06:59.387Z', 'deviceId': '21058298', 'deviceName': 'm32sd10c', 'self': 'https://t493319102.eu-latest.cumulocity.com/devicecontrol/operations/21082631', 'id': '21082631', 'status': 'PENDING', 'description': &quot;Apply software changes, triggered from PySys: [{'action': 'delete', 'id': '5495053', 'name': 'apple', 'url': ' ', 'version': '::fruits'}, {'action': 'delete', 'id': '5494888', 'name': 'banana', 'url': ' ', 'version': '::fruits'}, {'action': 'delete', 'id': '5475369', 'name': 'asciijump', 'url': ' ', 'version': '::apt'}, {'action': 'delete', 'id': '5495382', 'name': 'cherry', 'url': ' ', 'version': '::fruits'}, {'action': 'delete', 'id': '8018911', 'name': 'registry', 'url': ' ', 'version': '::docker'}]&quot;, 'c8y_SoftwareUpdate': [{'name': 'apple', 'action': 'delete', 'id': '5495053', 'version': '::fruits', 'url': ' '}, {'name': 'banana', 'action': 'delete', 'id': '5494888', 'version': '::fruits', 'url': ' '}, {'name': 'asciijump', 'action': 'delete', 'id': '5475369', 'version': '::apt', 'url': ' '}, {'name': 'cherry', 'action': 'delete', 'id': '5495382', 'version': '::fruits', 'url': ' '}, {'name': 'registry', 'action': 'delete', 'id': '8018911', 'version': '::docker', 'url': ' '}]}
12:07:01 INFO  State of operation 21082631 : PENDING
12:07:03 INFO  State of operation 21082631 : EXECUTING
12:07:06 INFO  State of operation 21082631 : EXECUTING
12:07:08 INFO  State of operation 21082631 : EXECUTING
12:07:10 INFO  State of operation 21082631 : EXECUTING
12:07:12 INFO  State of operation 21082631 : EXECUTING
12:07:15 INFO  State of operation 21082631 : EXECUTING
12:07:17 INFO  State of operation 21082631 : EXECUTING
12:07:20 INFO  State of operation 21082631 : EXECUTING
12:07:22 INFO  State of operation 21082631 : EXECUTING
12:07:25 INFO  State of operation 21082631 : EXECUTING
12:07:27 INFO  State of operation 21082631 : EXECUTING
12:07:29 INFO  State of operation 21082631 : EXECUTING
12:07:31 INFO  State of operation 21082631 : EXECUTING
12:07:33 INFO  State of operation 21082631 : EXECUTING
12:07:36 INFO  State of operation 21082631 : EXECUTING
12:07:40 INFO  State of operation 21082631 : EXECUTING
12:07:42 INFO  State of operation 21082631 : EXECUTING
12:07:44 INFO  State of operation 21082631 : EXECUTING
12:07:47 INFO  State of operation 21082631 : EXECUTING
12:07:49 INFO  State of operation 21082631 : EXECUTING
12:07:51 INFO  State of operation 21082631 : EXECUTING
12:07:54 INFO  State of operation 21082631 : EXECUTING
12:07:56 INFO  State of operation 21082631 : EXECUTING
12:07:58 INFO  State of operation 21082631 : EXECUTING
12:08:01 INFO  State of operation 21082631 : EXECUTING
12:08:03 INFO  State of operation 21082631 : EXECUTING
12:08:05 INFO  State of operation 21082631 : EXECUTING
12:08:08 INFO  State of operation 21082631 : EXECUTING
12:08:10 INFO  State of operation 21082631 : SUCCESSFUL
12:08:10 INFO  Package apple is installed
12:08:10 INFO  Assert that (True == value) with value=True ... passed
12:08:10 INFO  Package banana is installed
12:08:10 INFO  Assert that (True == value) with value=True ... passed
12:08:10 INFO  Package cherry is installed
12:08:10 INFO  Assert that (True == value) with value=True ... passed
12:08:11 INFO  Assert that (False == value) with value=False ... passed
12:08:11 INFO  Assert that (False == value) with value=False ... passed
12:08:11 INFO  
12:08:11 INFO  cleanup:
12:08:15 INFO  Executed sudo&lt;tedge_disconnect_c8y&gt;, exit status 0
12:08:16 INFO  Executed systemctl&lt;serv_mapper5&gt;, exit status 3
12:08:16 INFO  
12:08:16 INFO  Test duration: 166.66 secs
12:08:16 INFO  Test final outcome:  FAILED
12:08:16 INFO  Test outcome reason: Assert that (False == value) with value=True
12:08:16 INFO  
</system-out>
	</testcase>
</testsuite>
