<?xml version="1.0" encoding="utf-8"?>
<testsuite failures="1" name="SoftwareManagement.sm_apt_install_remove_multiple_mixed" skipped="0" tests="1" time="167.53" timestamp="2022-05-25T14:02:32">
	<testcase classname="PySysTest" name="SoftwareManagement.sm_apt_install_remove_multiple_mixed">
		<failure message="BLOCKED: SystemError: Timeout while waiting for status FAILED or SUCCESSFUL" type="BLOCKED"/>
		<system-out>13:59:44 INFO  ==============================================================
13:59:44 INFO  Id:    SoftwareManagement.sm_apt_install_remove_multiple_mixed
13:59:44 INFO  Dir:   software_management_end_to_end/
13:59:44 INFO  Title: Validate end to end behaviour for the apt plugin for multiple packages with mixed versions
13:59:44 INFO  ==============================================================
13:59:44 INFO  Using sw id database: {'asciijump': '5475369', 'robotfindskitten': '5474869', 'squirrel3': '5475279', 'rolldice': '5152439', 'moon-buggy': '5439204', 'apple': '5495053', 'banana': '5494888', 'cherry': '5495382', 'watermelon': '5494510', 'registry': '8018911', 'hello-world': '8021526', 'docker/getting-started': '8021973', 'alpine': '7991792'}
13:59:44 INFO  EnvironmentC8y Setup
13:59:45 INFO  Executed systemctl&lt;serv_mapper1&gt;, exit status 3
13:59:45 INFO  Restarting mosquitto too frequently in the last 10 seconds. It was only up for 4 seconds
13:59:45 INFO  Delaying execution by 7 seconds
14:00:06 INFO  Executed sudo&lt;tedge_connect_c8y&gt;, exit status 0, duration 13 secs
14:00:07 INFO  Executed sudo&lt;tedge_connect_c8y_test&gt;, exit status 0
14:00:07 INFO  Executed systemctl&lt;serv_mosq2&gt;, exit status 0
14:00:08 INFO  Executed systemctl&lt;serv_mapper3&gt;, exit status 0
14:00:10 INFO  State of current operation: PENDING
14:00:12 INFO  State of current operation: PENDING
14:00:14 INFO  State of current operation: PENDING
14:00:17 INFO  State of current operation: PENDING
14:00:19 INFO  State of current operation: PENDING
14:00:21 INFO  State of current operation: PENDING
14:00:23 INFO  State of current operation: PENDING
14:00:25 INFO  State of current operation: PENDING
14:00:28 INFO  State of current operation: PENDING
14:00:30 INFO  State of current operation: PENDING
14:00:32 INFO  State of current operation: PENDING
14:00:34 INFO  State of current operation: PENDING
14:00:37 INFO  State of current operation: PENDING
14:00:39 INFO  State of current operation: PENDING
14:00:41 INFO  State of current operation: PENDING
14:00:43 INFO  State of current operation: PENDING
14:00:46 INFO  State of current operation: PENDING
14:00:48 INFO  State of current operation: PENDING
14:00:50 INFO  State of current operation: PENDING
14:00:52 INFO  State of current operation: PENDING
14:00:55 INFO  State of current operation: PENDING
14:00:57 INFO  State of current operation: PENDING
14:00:59 INFO  State of current operation: PENDING
14:01:01 INFO  State of current operation: PENDING
14:01:04 INFO  State of current operation: PENDING
14:01:06 INFO  State of current operation: PENDING
14:01:08 INFO  State of current operation: PENDING
14:01:11 INFO  State of current operation: PENDING
14:01:13 INFO  State of current operation: PENDING
14:01:15 INFO  State of current operation: PENDING
14:01:17 INFO  State of current operation: PENDING
14:01:20 INFO  State of current operation: PENDING
14:01:22 INFO  State of current operation: PENDING
14:01:24 INFO  State of current operation: PENDING
14:01:27 INFO  State of current operation: PENDING
14:01:29 INFO  State of current operation: PENDING
14:01:31 INFO  State of current operation: PENDING
14:01:33 INFO  State of current operation: PENDING
14:01:36 INFO  State of current operation: PENDING
14:01:38 INFO  State of current operation: PENDING
14:01:40 INFO  State of current operation: PENDING
14:01:43 INFO  State of current operation: PENDING
14:01:45 INFO  State of current operation: PENDING
14:01:47 INFO  State of current operation: PENDING
14:01:49 INFO  State of current operation: PENDING
14:01:52 INFO  State of current operation: PENDING
14:01:54 INFO  State of current operation: PENDING
14:01:56 INFO  State of current operation: PENDING
14:01:58 INFO  State of current operation: PENDING
14:02:01 INFO  State of current operation: PENDING
14:02:03 INFO  State of current operation: PENDING
14:02:05 INFO  State of current operation: PENDING
14:02:07 INFO  State of current operation: PENDING
14:02:10 INFO  State of current operation: PENDING
14:02:12 INFO  State of current operation: PENDING
14:02:14 INFO  State of current operation: PENDING
14:02:16 INFO  State of current operation: PENDING
14:02:19 INFO  State of current operation: PENDING
14:02:21 INFO  State of current operation: PENDING
14:02:23 INFO  State of current operation: PENDING
14:02:25 INFO  State of current operation: PENDING
14:02:27 WARN  SystemError occurred while running test - Timeout while waiting for status FAILED or SUCCESSFUL
Traceback (most recent call last):
  File &quot;/home/pi/env-pysys/lib/python3.7/site-packages/pysys/baserunner.py&quot;, line 1292, in __call__
    self.testObj.setup()
  File &quot;/home/pi/actions-runner/_work/thin-edge.io/thin-edge.io/tests/PySys/software_management_end_to_end/sm_apt_install_remove_multiple_mixed/run.py&quot;, line 73, in setup
    super().setup()
  File &quot;/home/pi/actions-runner/_work/thin-edge.io/thin-edge.io/tests/PySys/software_management_end_to_end/environment_sm_management.py&quot;, line 151, in setup
    self.wait_until_end()
  File &quot;/home/pi/actions-runner/_work/thin-edge.io/thin-edge.io/tests/PySys/software_management_end_to_end/environment_sm_management.py&quot;, line 332, in wait_until_end
    self.wait_until_status(&quot;FAILED&quot;, &quot;SUCCESSFUL&quot;)
  File &quot;/home/pi/actions-runner/_work/thin-edge.io/thin-edge.io/tests/PySys/software_management_end_to_end/environment_sm_management.py&quot;, line 381, in wait_until_status
    &quot;Timeout while waiting for status %s or %s&quot; % (status, status2)
SystemError: Timeout while waiting for status FAILED or SUCCESSFUL
14:02:27 WARN  SystemError: Timeout while waiting for status FAILED or SUCCESSFUL ... blocked 
14:02:27 INFO  
14:02:27 INFO  cleanup:
14:02:31 INFO  Executed sudo&lt;tedge_disconnect_c8y&gt;, exit status 0
14:02:32 INFO  Executed systemctl&lt;serv_mapper5&gt;, exit status 3
14:02:32 INFO  
14:02:32 INFO  Test duration: 167.53 secs
14:02:32 INFO  Test final outcome:  BLOCKED
14:02:32 INFO  Test outcome reason: SystemError: Timeout while waiting for status FAILED or SUCCESSFUL
14:02:32 INFO  
</system-out>
	</testcase>
</testsuite>
