<?xml version="1.0" encoding="utf-8"?>
<testsuite failures="1" name="SoftwareManagement.sm_docker_install_remove_multiple" skipped="0" tests="1" time="166.24" timestamp="2022-05-23T18:12:22">
	<testcase classname="SMDockerInstallRemove" name="SoftwareManagement.sm_docker_install_remove_multiple">
		<failure message="BLOCKED: SystemError: Timeout while waiting for status FAILED or SUCCESSFUL" type="BLOCKED"/>
		<system-out>18:09:35 INFO  ==============================================================
18:09:35 INFO  Id:    SoftwareManagement.sm_docker_install_remove_multiple
18:09:35 INFO  Dir:   software_management_end_to_end/
18:09:35 INFO  Title: Validate end to end behaviour for the docker plugin for multiple docker images with mixed versions
18:09:35 INFO  ==============================================================
18:09:35 INFO  Using sw id database: {'asciijump': '5475369', 'robotfindskitten': '5474869', 'squirrel3': '5475279', 'rolldice': '5152439', 'moon-buggy': '5439204', 'apple': '5495053', 'banana': '5494888', 'cherry': '5495382', 'watermelon': '5494510', 'registry': '8018911', 'hello-world': '8021526', 'docker/getting-started': '8021973', 'alpine': '7991792'}
18:09:35 INFO  EnvironmentC8y Setup
18:09:36 INFO  Executed systemctl&lt;serv_mapper1&gt;, exit status 3
18:09:36 INFO  Restarting mosquitto too frequently in the last 10 seconds. It was only up for 4 seconds
18:09:36 INFO  Delaying execution by 7 seconds
18:09:57 INFO  Executed sudo&lt;tedge_connect_c8y&gt;, exit status 0, duration 13 secs
18:09:57 INFO  Executed sudo&lt;tedge_connect_c8y_test&gt;, exit status 0
18:09:58 INFO  Executed systemctl&lt;serv_mosq2&gt;, exit status 0
18:09:58 INFO  Executed systemctl&lt;serv_mapper3&gt;, exit status 0
18:10:01 INFO  State of current operation: PENDING
18:10:03 INFO  State of current operation: PENDING
18:10:05 INFO  State of current operation: PENDING
18:10:07 INFO  State of current operation: PENDING
18:10:10 INFO  State of current operation: PENDING
18:10:12 INFO  State of current operation: PENDING
18:10:14 INFO  State of current operation: PENDING
18:10:16 INFO  State of current operation: PENDING
18:10:19 INFO  State of current operation: PENDING
18:10:21 INFO  State of current operation: PENDING
18:10:23 INFO  State of current operation: PENDING
18:10:25 INFO  State of current operation: PENDING
18:10:28 INFO  State of current operation: PENDING
18:10:30 INFO  State of current operation: PENDING
18:10:32 INFO  State of current operation: PENDING
18:10:34 INFO  State of current operation: PENDING
18:10:37 INFO  State of current operation: PENDING
18:10:39 INFO  State of current operation: PENDING
18:10:41 INFO  State of current operation: PENDING
18:10:43 INFO  State of current operation: PENDING
18:10:46 INFO  State of current operation: PENDING
18:10:48 INFO  State of current operation: PENDING
18:10:50 INFO  State of current operation: PENDING
18:10:52 INFO  State of current operation: PENDING
18:10:55 INFO  State of current operation: PENDING
18:10:57 INFO  State of current operation: PENDING
18:10:59 INFO  State of current operation: PENDING
18:11:01 INFO  State of current operation: PENDING
18:11:03 INFO  State of current operation: PENDING
18:11:06 INFO  State of current operation: PENDING
18:11:08 INFO  State of current operation: PENDING
18:11:10 INFO  State of current operation: PENDING
18:11:12 INFO  State of current operation: PENDING
18:11:15 INFO  State of current operation: PENDING
18:11:17 INFO  State of current operation: PENDING
18:11:19 INFO  State of current operation: PENDING
18:11:21 INFO  State of current operation: PENDING
18:11:24 INFO  State of current operation: PENDING
18:11:26 INFO  State of current operation: PENDING
18:11:28 INFO  State of current operation: PENDING
18:11:30 INFO  State of current operation: PENDING
18:11:33 INFO  State of current operation: PENDING
18:11:35 INFO  State of current operation: PENDING
18:11:37 INFO  State of current operation: PENDING
18:11:39 INFO  State of current operation: PENDING
18:11:41 INFO  State of current operation: PENDING
18:11:44 INFO  State of current operation: PENDING
18:11:46 INFO  State of current operation: PENDING
18:11:48 INFO  State of current operation: PENDING
18:11:50 INFO  State of current operation: PENDING
18:11:53 INFO  State of current operation: PENDING
18:11:55 INFO  State of current operation: PENDING
18:11:57 INFO  State of current operation: PENDING
18:11:59 INFO  State of current operation: PENDING
18:12:02 INFO  State of current operation: PENDING
18:12:04 INFO  State of current operation: PENDING
18:12:06 INFO  State of current operation: PENDING
18:12:08 INFO  State of current operation: PENDING
18:12:10 INFO  State of current operation: PENDING
18:12:13 INFO  State of current operation: PENDING
18:12:15 INFO  State of current operation: PENDING
18:12:17 WARN  SystemError occurred while running test - Timeout while waiting for status FAILED or SUCCESSFUL
Traceback (most recent call last):
  File &quot;/home/pi/env-pysys/lib/python3.7/site-packages/pysys/baserunner.py&quot;, line 1292, in __call__
    self.testObj.setup()
  File &quot;/home/pi/actions-runner/_work/thin-edge.io/thin-edge.io/tests/PySys/software_management_end_to_end/sm_docker_install_remove_multiple/run.py&quot;, line 29, in setup
    super().setup()
  File &quot;/home/pi/actions-runner/_work/thin-edge.io/thin-edge.io/tests/PySys/software_management_end_to_end/environment_sm_management.py&quot;, line 151, in setup
    self.wait_until_end()
  File &quot;/home/pi/actions-runner/_work/thin-edge.io/thin-edge.io/tests/PySys/software_management_end_to_end/environment_sm_management.py&quot;, line 332, in wait_until_end
    self.wait_until_status(&quot;FAILED&quot;, &quot;SUCCESSFUL&quot;)
  File &quot;/home/pi/actions-runner/_work/thin-edge.io/thin-edge.io/tests/PySys/software_management_end_to_end/environment_sm_management.py&quot;, line 381, in wait_until_status
    &quot;Timeout while waiting for status %s or %s&quot; % (status, status2)
SystemError: Timeout while waiting for status FAILED or SUCCESSFUL
18:12:17 WARN  SystemError: Timeout while waiting for status FAILED or SUCCESSFUL ... blocked 
18:12:17 INFO  
18:12:17 INFO  cleanup:
18:12:21 INFO  Executed sudo&lt;tedge_disconnect_c8y&gt;, exit status 0
18:12:22 INFO  Executed systemctl&lt;serv_mapper5&gt;, exit status 3
18:12:22 INFO  
18:12:22 INFO  Test duration: 166.24 secs
18:12:22 INFO  Test final outcome:  BLOCKED
18:12:22 INFO  Test outcome reason: SystemError: Timeout while waiting for status FAILED or SUCCESSFUL
18:12:22 INFO  
</system-out>
	</testcase>
</testsuite>
