<?xml version="1.0" encoding="utf-8"?>
<testsuite failures="1" name="SoftwareManagement.sm_mixed_install_remove_multiple" skipped="0" tests="1" time="165.98" timestamp="2022-06-10T10:36:22">
	<testcase classname="PySysTest" name="SoftwareManagement.sm_mixed_install_remove_multiple">
		<failure message="FAILED: Assert that (False == value) with value=True" type="FAILED"/>
		<system-out>10:33:36 INFO  ==============================================================
10:33:36 INFO  Id:    SoftwareManagement.sm_mixed_install_remove_multiple
10:33:36 INFO  Dir:   software_management_end_to_end/
10:33:36 INFO  Title: Validate end to end behaviour for the dummy-plugin for multiple packages with mixed versions
10:33:36 INFO  ==============================================================
10:33:36 INFO  Using sw id database: {'asciijump': '5475369', 'robotfindskitten': '5474869', 'squirrel3': '5475279', 'rolldice': '5152439', 'moon-buggy': '5439204', 'apple': '5495053', 'banana': '5494888', 'cherry': '5495382', 'watermelon': '5494510', 'registry': '8018911', 'hello-world': '8021526', 'docker/getting-started': '8021973', 'alpine': '7991792'}
10:33:36 INFO  EnvironmentC8y Setup
10:33:37 INFO  Executed systemctl&lt;serv_mapper1&gt;, exit status 3
10:33:37 INFO  Restarting mosquitto too frequently in the last 10 seconds. It was only up for 5 seconds
10:33:37 INFO  Delaying execution by 6 seconds
10:33:57 INFO  Executed sudo&lt;tedge_connect_c8y&gt;, exit status 0, duration 13 secs
10:33:58 INFO  Executed sudo&lt;tedge_connect_c8y_test&gt;, exit status 0
10:33:58 INFO  Executed systemctl&lt;serv_mosq2&gt;, exit status 0
10:33:59 INFO  Executed systemctl&lt;serv_mapper3&gt;, exit status 0
10:34:01 INFO  State of current operation: SUCCESSFUL
10:34:01 INFO  Package apple is installed
10:34:01 INFO  Assert that (True == value) with value=True ... passed
10:34:01 INFO  Package banana is installed
10:34:01 INFO  Assert that (True == value) with value=True ... passed
10:34:02 INFO  Package cherry is installed
10:34:02 INFO  Assert that (True == value) with value=True ... passed
10:34:02 INFO  Package asciijump is installed
10:34:02 WARN  Assert that (False == value) with value=True ... failed 
10:34:02 INFO  Assert that (False == value) with value=False ... passed
10:34:02 INFO  Response status: 201
10:34:02 INFO  Response to action: {
    &quot;creationTime&quot;: &quot;2022-06-10T10:34:02.713Z&quot;,
    &quot;deviceId&quot;: &quot;20113554&quot;,
    &quot;deviceName&quot;: &quot;m32sd10c&quot;,
    &quot;self&quot;: &quot;https://t493319102.eu-latest.cumulocity.com/devicecontrol/operations/20124596&quot;,
    &quot;id&quot;: &quot;20124596&quot;,
    &quot;status&quot;: &quot;PENDING&quot;,
    &quot;description&quot;: &quot;Apply software changes, triggered from PySys: [{'action': 'install', 'id': '5495053', 'name': 'apple', 'url': ' ', 'version': '::fruits'}, {'action': 'install', 'id': '5494888', 'name': 'banana', 'url': ' ', 'version': '::fruits'}, {'action': 'install', 'id': '5475369', 'name': 'asciijump', 'url': ' ', 'version': '::apt'}, {'action': 'install', 'id': '5495382', 'name': 'cherry', 'url': ' ', 'version': '::fruits'}, {'action': 'install', 'id': '8018911', 'name': 'registry', 'url': ' ', 'version': '::docker'}]&quot;,
    &quot;c8y_SoftwareUpdate&quot;: [
        {
            &quot;name&quot;: &quot;apple&quot;,
            &quot;action&quot;: &quot;install&quot;,
            &quot;id&quot;: &quot;5495053&quot;,
            &quot;version&quot;: &quot;::fruits&quot;,
            &quot;url&quot;: &quot; &quot;
        },
        {
            &quot;name&quot;: &quot;banana&quot;,
            &quot;action&quot;: &quot;install&quot;,
            &quot;id&quot;: &quot;5494888&quot;,
            &quot;version&quot;: &quot;::fruits&quot;,
            &quot;url&quot;: &quot; &quot;
        },
        {
            &quot;name&quot;: &quot;asciijump&quot;,
            &quot;action&quot;: &quot;install&quot;,
            &quot;id&quot;: &quot;5475369&quot;,
            &quot;version&quot;: &quot;::apt&quot;,
            &quot;url&quot;: &quot; &quot;
        },
        {
            &quot;name&quot;: &quot;cherry&quot;,
            &quot;action&quot;: &quot;install&quot;,
            &quot;id&quot;: &quot;5495382&quot;,
            &quot;version&quot;: &quot;::fruits&quot;,
            &quot;url&quot;: &quot; &quot;
        },
        {
            &quot;name&quot;: &quot;registry&quot;,
            &quot;action&quot;: &quot;install&quot;,
            &quot;id&quot;: &quot;8018911&quot;,
            &quot;version&quot;: &quot;::docker&quot;,
            &quot;url&quot;: &quot; &quot;
        }
    ]
}
10:34:02 INFO  Started operation: {'creationTime': '2022-06-10T10:34:02.713Z', 'deviceId': '20113554', 'deviceName': 'm32sd10c', 'self': 'https://t493319102.eu-latest.cumulocity.com/devicecontrol/operations/20124596', 'id': '20124596', 'status': 'PENDING', 'description': &quot;Apply software changes, triggered from PySys: [{'action': 'install', 'id': '5495053', 'name': 'apple', 'url': ' ', 'version': '::fruits'}, {'action': 'install', 'id': '5494888', 'name': 'banana', 'url': ' ', 'version': '::fruits'}, {'action': 'install', 'id': '5475369', 'name': 'asciijump', 'url': ' ', 'version': '::apt'}, {'action': 'install', 'id': '5495382', 'name': 'cherry', 'url': ' ', 'version': '::fruits'}, {'action': 'install', 'id': '8018911', 'name': 'registry', 'url': ' ', 'version': '::docker'}]&quot;, 'c8y_SoftwareUpdate': [{'name': 'apple', 'action': 'install', 'id': '5495053', 'version': '::fruits', 'url': ' '}, {'name': 'banana', 'action': 'install', 'id': '5494888', 'version': '::fruits', 'url': ' '}, {'name': 'asciijump', 'action': 'install', 'id': '5475369', 'version': '::apt', 'url': ' '}, {'name': 'cherry', 'action': 'install', 'id': '5495382', 'version': '::fruits', 'url': ' '}, {'name': 'registry', 'action': 'install', 'id': '8018911', 'version': '::docker', 'url': ' '}]}
10:34:04 INFO  State of operation 20124596 : PENDING
10:34:07 INFO  State of operation 20124596 : EXECUTING
10:34:09 INFO  State of operation 20124596 : EXECUTING
10:34:11 INFO  State of operation 20124596 : EXECUTING
10:34:13 INFO  State of operation 20124596 : EXECUTING
10:34:16 INFO  State of operation 20124596 : EXECUTING
10:34:19 INFO  State of operation 20124596 : EXECUTING
10:34:22 INFO  State of operation 20124596 : EXECUTING
10:34:25 INFO  State of operation 20124596 : EXECUTING
10:34:27 INFO  State of operation 20124596 : EXECUTING
10:34:29 INFO  State of operation 20124596 : EXECUTING
10:34:31 INFO  State of operation 20124596 : EXECUTING
10:34:34 INFO  State of operation 20124596 : EXECUTING
10:34:36 INFO  State of operation 20124596 : EXECUTING
10:34:38 INFO  State of operation 20124596 : EXECUTING
10:34:40 INFO  State of operation 20124596 : EXECUTING
10:34:43 INFO  State of operation 20124596 : EXECUTING
10:34:45 INFO  State of operation 20124596 : EXECUTING
10:34:47 INFO  State of operation 20124596 : EXECUTING
10:34:50 INFO  State of operation 20124596 : EXECUTING
10:34:52 INFO  State of operation 20124596 : EXECUTING
10:34:55 INFO  State of operation 20124596 : EXECUTING
10:34:57 INFO  State of operation 20124596 : EXECUTING
10:34:59 INFO  State of operation 20124596 : EXECUTING
10:35:01 INFO  State of operation 20124596 : SUCCESSFUL
10:35:02 INFO  Package apple is installed
10:35:02 INFO  Assert that (True == value) with value=True ... passed
10:35:02 INFO  Package banana is installed
10:35:02 INFO  Assert that (True == value) with value=True ... passed
10:35:02 INFO  Package cherry is installed
10:35:02 INFO  Assert that (True == value) with value=True ... passed
10:35:02 INFO  Package asciijump is installed
10:35:02 INFO  Assert that (True == value) with value=True ... passed
10:35:03 INFO  Package registry is installed
10:35:03 INFO  Assert that (True == value) with value=True ... passed
10:35:03 INFO  Response status: 201
10:35:03 INFO  Response to action: {
    &quot;creationTime&quot;: &quot;2022-06-10T10:35:03.337Z&quot;,
    &quot;deviceId&quot;: &quot;20113554&quot;,
    &quot;deviceName&quot;: &quot;m32sd10c&quot;,
    &quot;self&quot;: &quot;https://t493319102.eu-latest.cumulocity.com/devicecontrol/operations/20124620&quot;,
    &quot;id&quot;: &quot;20124620&quot;,
    &quot;status&quot;: &quot;PENDING&quot;,
    &quot;description&quot;: &quot;Apply software changes, triggered from PySys: [{'action': 'delete', 'id': '5495053', 'name': 'apple', 'url': ' ', 'version': '::fruits'}, {'action': 'delete', 'id': '5494888', 'name': 'banana', 'url': ' ', 'version': '::fruits'}, {'action': 'delete', 'id': '5475369', 'name': 'asciijump', 'url': ' ', 'version': '::apt'}, {'action': 'delete', 'id': '5495382', 'name': 'cherry', 'url': ' ', 'version': '::fruits'}, {'action': 'delete', 'id': '8018911', 'name': 'registry', 'url': ' ', 'version': '::docker'}]&quot;,
    &quot;c8y_SoftwareUpdate&quot;: [
        {
            &quot;name&quot;: &quot;apple&quot;,
            &quot;action&quot;: &quot;delete&quot;,
            &quot;id&quot;: &quot;5495053&quot;,
            &quot;version&quot;: &quot;::fruits&quot;,
            &quot;url&quot;: &quot; &quot;
        },
        {
            &quot;name&quot;: &quot;banana&quot;,
            &quot;action&quot;: &quot;delete&quot;,
            &quot;id&quot;: &quot;5494888&quot;,
            &quot;version&quot;: &quot;::fruits&quot;,
            &quot;url&quot;: &quot; &quot;
        },
        {
            &quot;name&quot;: &quot;asciijump&quot;,
            &quot;action&quot;: &quot;delete&quot;,
            &quot;id&quot;: &quot;5475369&quot;,
            &quot;version&quot;: &quot;::apt&quot;,
            &quot;url&quot;: &quot; &quot;
        },
        {
            &quot;name&quot;: &quot;cherry&quot;,
            &quot;action&quot;: &quot;delete&quot;,
            &quot;id&quot;: &quot;5495382&quot;,
            &quot;version&quot;: &quot;::fruits&quot;,
            &quot;url&quot;: &quot; &quot;
        },
        {
            &quot;name&quot;: &quot;registry&quot;,
            &quot;action&quot;: &quot;delete&quot;,
            &quot;id&quot;: &quot;8018911&quot;,
            &quot;version&quot;: &quot;::docker&quot;,
            &quot;url&quot;: &quot; &quot;
        }
    ]
}
10:35:03 INFO  Started operation: {'creationTime': '2022-06-10T10:35:03.337Z', 'deviceId': '20113554', 'deviceName': 'm32sd10c', 'self': 'https://t493319102.eu-latest.cumulocity.com/devicecontrol/operations/20124620', 'id': '20124620', 'status': 'PENDING', 'description': &quot;Apply software changes, triggered from PySys: [{'action': 'delete', 'id': '5495053', 'name': 'apple', 'url': ' ', 'version': '::fruits'}, {'action': 'delete', 'id': '5494888', 'name': 'banana', 'url': ' ', 'version': '::fruits'}, {'action': 'delete', 'id': '5475369', 'name': 'asciijump', 'url': ' ', 'version': '::apt'}, {'action': 'delete', 'id': '5495382', 'name': 'cherry', 'url': ' ', 'version': '::fruits'}, {'action': 'delete', 'id': '8018911', 'name': 'registry', 'url': ' ', 'version': '::docker'}]&quot;, 'c8y_SoftwareUpdate': [{'name': 'apple', 'action': 'delete', 'id': '5495053', 'version': '::fruits', 'url': ' '}, {'name': 'banana', 'action': 'delete', 'id': '5494888', 'version': '::fruits', 'url': ' '}, {'name': 'asciijump', 'action': 'delete', 'id': '5475369', 'version': '::apt', 'url': ' '}, {'name': 'cherry', 'action': 'delete', 'id': '5495382', 'version': '::fruits', 'url': ' '}, {'name': 'registry', 'action': 'delete', 'id': '8018911', 'version': '::docker', 'url': ' '}]}
10:35:05 INFO  State of operation 20124620 : PENDING
10:35:07 INFO  State of operation 20124620 : EXECUTING
10:35:10 INFO  State of operation 20124620 : EXECUTING
10:35:12 INFO  State of operation 20124620 : EXECUTING
10:35:14 INFO  State of operation 20124620 : EXECUTING
10:35:16 INFO  State of operation 20124620 : EXECUTING
10:35:20 INFO  State of operation 20124620 : EXECUTING
10:35:23 INFO  State of operation 20124620 : EXECUTING
10:35:25 INFO  State of operation 20124620 : EXECUTING
10:35:27 INFO  State of operation 20124620 : EXECUTING
10:35:29 INFO  State of operation 20124620 : EXECUTING
10:35:32 INFO  State of operation 20124620 : EXECUTING
10:35:34 INFO  State of operation 20124620 : EXECUTING
10:35:36 INFO  State of operation 20124620 : EXECUTING
10:35:38 INFO  State of operation 20124620 : EXECUTING
10:35:41 INFO  State of operation 20124620 : EXECUTING
10:35:44 INFO  State of operation 20124620 : EXECUTING
10:35:46 INFO  State of operation 20124620 : EXECUTING
10:35:48 INFO  State of operation 20124620 : EXECUTING
10:35:51 INFO  State of operation 20124620 : EXECUTING
10:35:53 INFO  State of operation 20124620 : EXECUTING
10:35:55 INFO  State of operation 20124620 : EXECUTING
10:35:57 INFO  State of operation 20124620 : EXECUTING
10:36:00 INFO  State of operation 20124620 : EXECUTING
10:36:03 INFO  State of operation 20124620 : EXECUTING
10:36:05 INFO  State of operation 20124620 : EXECUTING
10:36:07 INFO  State of operation 20124620 : EXECUTING
10:36:09 INFO  State of operation 20124620 : EXECUTING
10:36:12 INFO  State of operation 20124620 : EXECUTING
10:36:14 INFO  State of operation 20124620 : EXECUTING
10:36:16 INFO  State of operation 20124620 : SUCCESSFUL
10:36:16 INFO  Package apple is installed
10:36:16 INFO  Assert that (True == value) with value=True ... passed
10:36:17 INFO  Package banana is installed
10:36:17 INFO  Assert that (True == value) with value=True ... passed
10:36:17 INFO  Package cherry is installed
10:36:17 INFO  Assert that (True == value) with value=True ... passed
10:36:17 INFO  Assert that (False == value) with value=False ... passed
10:36:17 INFO  Assert that (False == value) with value=False ... passed
10:36:18 INFO  
10:36:18 INFO  cleanup:
10:36:22 INFO  Executed sudo&lt;tedge_disconnect_c8y&gt;, exit status 0
10:36:22 INFO  Executed systemctl&lt;serv_mapper5&gt;, exit status 3
10:36:22 INFO  
10:36:22 INFO  Test duration: 165.98 secs
10:36:22 INFO  Test final outcome:  FAILED
10:36:22 INFO  Test outcome reason: Assert that (False == value) with value=True
10:36:22 INFO  
</system-out>
	</testcase>
</testsuite>
