<?xml version="1.0" encoding="utf-8"?>
<testsuite failures="1" name="SoftwareManagement.sm_apt_install_fail" skipped="0" tests="1" time="165.52" timestamp="2022-05-23T17:55:42">
	<testcase classname="PySysTest" name="SoftwareManagement.sm_apt_install_fail">
		<failure message="BLOCKED: SystemError: Timeout while waiting for status FAILED or SUCCESSFUL" type="BLOCKED"/>
		<system-out>17:52:57 INFO  ==============================================================
17:52:57 INFO  Id:    SoftwareManagement.sm_apt_install_fail
17:52:57 INFO  Dir:   software_management_end_to_end/
17:52:57 INFO  Title: Validate end to end behaviour for a failing installation
17:52:57 INFO  ==============================================================
17:52:57 INFO  Using sw id database: {'asciijump': '5475369', 'robotfindskitten': '5474869', 'squirrel3': '5475279', 'rolldice': '5152439', 'moon-buggy': '5439204', 'apple': '5495053', 'banana': '5494888', 'cherry': '5495382', 'watermelon': '5494510', 'registry': '8018911', 'hello-world': '8021526', 'docker/getting-started': '8021973', 'alpine': '7991792'}
17:52:57 INFO  EnvironmentC8y Setup
17:52:57 INFO  Executed systemctl&lt;serv_mapper1&gt;, exit status 3
17:52:57 INFO  Restarting mosquitto too frequently in the last 10 seconds. It was only up for 5 seconds
17:52:57 INFO  Delaying execution by 6 seconds
17:53:17 INFO  Executed sudo&lt;tedge_connect_c8y&gt;, exit status 0, duration 13 secs
17:53:18 INFO  Executed sudo&lt;tedge_connect_c8y_test&gt;, exit status 0
17:53:18 INFO  Executed systemctl&lt;serv_mosq2&gt;, exit status 0
17:53:19 INFO  Executed systemctl&lt;serv_mapper3&gt;, exit status 0
17:53:21 INFO  State of current operation: PENDING
17:53:23 INFO  State of current operation: PENDING
17:53:26 INFO  State of current operation: PENDING
17:53:28 INFO  State of current operation: PENDING
17:53:30 INFO  State of current operation: PENDING
17:53:32 INFO  State of current operation: PENDING
17:53:35 INFO  State of current operation: PENDING
17:53:37 INFO  State of current operation: PENDING
17:53:39 INFO  State of current operation: PENDING
17:53:41 INFO  State of current operation: PENDING
17:53:43 INFO  State of current operation: PENDING
17:53:46 INFO  State of current operation: PENDING
17:53:48 INFO  State of current operation: PENDING
17:53:50 INFO  State of current operation: PENDING
17:53:52 INFO  State of current operation: PENDING
17:53:55 INFO  State of current operation: PENDING
17:53:57 INFO  State of current operation: PENDING
17:53:59 INFO  State of current operation: PENDING
17:54:01 INFO  State of current operation: PENDING
17:54:04 INFO  State of current operation: PENDING
17:54:06 INFO  State of current operation: PENDING
17:54:08 INFO  State of current operation: PENDING
17:54:11 INFO  State of current operation: PENDING
17:54:13 INFO  State of current operation: PENDING
17:54:15 INFO  State of current operation: PENDING
17:54:17 INFO  State of current operation: PENDING
17:54:19 INFO  State of current operation: PENDING
17:54:22 INFO  State of current operation: PENDING
17:54:24 INFO  State of current operation: PENDING
17:54:26 INFO  State of current operation: PENDING
17:54:28 INFO  State of current operation: PENDING
17:54:31 INFO  State of current operation: PENDING
17:54:33 INFO  State of current operation: PENDING
17:54:35 INFO  State of current operation: PENDING
17:54:37 INFO  State of current operation: PENDING
17:54:40 INFO  State of current operation: PENDING
17:54:42 INFO  State of current operation: PENDING
17:54:44 INFO  State of current operation: PENDING
17:54:46 INFO  State of current operation: PENDING
17:54:49 INFO  State of current operation: PENDING
17:54:51 INFO  State of current operation: PENDING
17:54:53 INFO  State of current operation: PENDING
17:54:55 INFO  State of current operation: PENDING
17:54:57 INFO  State of current operation: PENDING
17:55:00 INFO  State of current operation: PENDING
17:55:02 INFO  State of current operation: PENDING
17:55:04 INFO  State of current operation: PENDING
17:55:06 INFO  State of current operation: PENDING
17:55:09 INFO  State of current operation: PENDING
17:55:11 INFO  State of current operation: PENDING
17:55:13 INFO  State of current operation: PENDING
17:55:15 INFO  State of current operation: PENDING
17:55:18 INFO  State of current operation: PENDING
17:55:20 INFO  State of current operation: PENDING
17:55:22 INFO  State of current operation: PENDING
17:55:24 INFO  State of current operation: PENDING
17:55:26 INFO  State of current operation: PENDING
17:55:29 INFO  State of current operation: PENDING
17:55:31 INFO  State of current operation: PENDING
17:55:33 INFO  State of current operation: PENDING
17:55:35 INFO  State of current operation: PENDING
17:55:37 WARN  SystemError occurred while running test - Timeout while waiting for status FAILED or SUCCESSFUL
Traceback (most recent call last):
  File &quot;/home/pi/env-pysys/lib/python3.7/site-packages/pysys/baserunner.py&quot;, line 1292, in __call__
    self.testObj.setup()
  File &quot;/home/pi/actions-runner/_work/thin-edge.io/thin-edge.io/tests/PySys/software_management_end_to_end/sm_apt_install_fail/run.py&quot;, line 20, in setup
    super().setup()
  File &quot;/home/pi/actions-runner/_work/thin-edge.io/thin-edge.io/tests/PySys/software_management_end_to_end/environment_sm_management.py&quot;, line 151, in setup
    self.wait_until_end()
  File &quot;/home/pi/actions-runner/_work/thin-edge.io/thin-edge.io/tests/PySys/software_management_end_to_end/environment_sm_management.py&quot;, line 332, in wait_until_end
    self.wait_until_status(&quot;FAILED&quot;, &quot;SUCCESSFUL&quot;)
  File &quot;/home/pi/actions-runner/_work/thin-edge.io/thin-edge.io/tests/PySys/software_management_end_to_end/environment_sm_management.py&quot;, line 381, in wait_until_status
    &quot;Timeout while waiting for status %s or %s&quot; % (status, status2)
SystemError: Timeout while waiting for status FAILED or SUCCESSFUL
17:55:37 WARN  SystemError: Timeout while waiting for status FAILED or SUCCESSFUL ... blocked 
17:55:37 INFO  
17:55:37 INFO  cleanup:
17:55:41 INFO  Executed sudo&lt;tedge_disconnect_c8y&gt;, exit status 0
17:55:42 INFO  Executed systemctl&lt;serv_mapper5&gt;, exit status 3
17:55:42 INFO  
17:55:42 INFO  Test duration: 165.52 secs
17:55:42 INFO  Test final outcome:  BLOCKED
17:55:42 INFO  Test outcome reason: SystemError: Timeout while waiting for status FAILED or SUCCESSFUL
17:55:42 INFO  
</system-out>
	</testcase>
</testsuite>
