<?xml version="1.0" encoding="utf-8"?>
<testsuite failures="1" name="SoftwareManagement.sm_apt_install_remove" skipped="0" tests="1" time="165.63" timestamp="2022-06-02T09:45:40">
	<testcase classname="PySysTest" name="SoftwareManagement.sm_apt_install_remove">
		<failure message="BLOCKED: SystemError: Timeout while waiting for status FAILED or SUCCESSFUL" type="BLOCKED"/>
		<system-out>09:42:54 INFO  ==============================================================
09:42:54 INFO  Id:    SoftwareManagement.sm_apt_install_remove
09:42:54 INFO  Dir:   software_management_end_to_end/
09:42:54 INFO  Title: Validate end to end behaviour for the apt plugin for installation and removal of packages
09:42:54 INFO  ==============================================================
09:42:54 INFO  Using sw id database: {'asciijump': '5475369', 'robotfindskitten': '5474869', 'squirrel3': '5475279', 'rolldice': '5152439', 'moon-buggy': '5439204', 'apple': '5495053', 'banana': '5494888', 'cherry': '5495382', 'watermelon': '5494510', 'registry': '8018911', 'hello-world': '8021526', 'docker/getting-started': '8021973', 'alpine': '7991792'}
09:42:54 INFO  EnvironmentC8y Setup
09:42:55 INFO  Executed systemctl&lt;serv_mapper1&gt;, exit status 3
09:42:55 INFO  Restarting mosquitto too frequently in the last 10 seconds. It was only up for 5 seconds
09:42:55 INFO  Delaying execution by 6 seconds
09:43:15 INFO  Executed sudo&lt;tedge_connect_c8y&gt;, exit status 0, duration 14 secs
09:43:16 INFO  Executed sudo&lt;tedge_connect_c8y_test&gt;, exit status 0
09:43:16 INFO  Executed systemctl&lt;serv_mosq2&gt;, exit status 0
09:43:17 INFO  Executed systemctl&lt;serv_mapper3&gt;, exit status 0
09:43:19 INFO  State of current operation: PENDING
09:43:21 INFO  State of current operation: PENDING
09:43:23 INFO  State of current operation: PENDING
09:43:26 INFO  State of current operation: PENDING
09:43:28 INFO  State of current operation: PENDING
09:43:30 INFO  State of current operation: PENDING
09:43:32 INFO  State of current operation: PENDING
09:43:34 INFO  State of current operation: PENDING
09:43:37 INFO  State of current operation: PENDING
09:43:39 INFO  State of current operation: PENDING
09:43:41 INFO  State of current operation: PENDING
09:43:43 INFO  State of current operation: PENDING
09:43:46 INFO  State of current operation: PENDING
09:43:48 INFO  State of current operation: PENDING
09:43:50 INFO  State of current operation: PENDING
09:43:52 INFO  State of current operation: PENDING
09:43:55 INFO  State of current operation: PENDING
09:43:57 INFO  State of current operation: PENDING
09:43:59 INFO  State of current operation: PENDING
09:44:01 INFO  State of current operation: PENDING
09:44:04 INFO  State of current operation: PENDING
09:44:06 INFO  State of current operation: PENDING
09:44:08 INFO  State of current operation: PENDING
09:44:10 INFO  State of current operation: PENDING
09:44:13 INFO  State of current operation: PENDING
09:44:15 INFO  State of current operation: PENDING
09:44:17 INFO  State of current operation: PENDING
09:44:19 INFO  State of current operation: PENDING
09:44:22 INFO  State of current operation: PENDING
09:44:24 INFO  State of current operation: PENDING
09:44:26 INFO  State of current operation: PENDING
09:44:28 INFO  State of current operation: PENDING
09:44:30 INFO  State of current operation: PENDING
09:44:33 INFO  State of current operation: PENDING
09:44:35 INFO  State of current operation: PENDING
09:44:37 INFO  State of current operation: PENDING
09:44:39 INFO  State of current operation: PENDING
09:44:42 INFO  State of current operation: PENDING
09:44:44 INFO  State of current operation: PENDING
09:44:46 INFO  State of current operation: PENDING
09:44:48 INFO  State of current operation: PENDING
09:44:51 INFO  State of current operation: PENDING
09:44:53 INFO  State of current operation: PENDING
09:44:55 INFO  State of current operation: PENDING
09:44:57 INFO  State of current operation: PENDING
09:44:59 INFO  State of current operation: PENDING
09:45:02 INFO  State of current operation: PENDING
09:45:04 INFO  State of current operation: PENDING
09:45:06 INFO  State of current operation: PENDING
09:45:08 INFO  State of current operation: PENDING
09:45:11 INFO  State of current operation: PENDING
09:45:13 INFO  State of current operation: PENDING
09:45:15 INFO  State of current operation: PENDING
09:45:17 INFO  State of current operation: PENDING
09:45:20 INFO  State of current operation: PENDING
09:45:22 INFO  State of current operation: PENDING
09:45:24 INFO  State of current operation: PENDING
09:45:26 INFO  State of current operation: PENDING
09:45:29 INFO  State of current operation: PENDING
09:45:31 INFO  State of current operation: PENDING
09:45:33 INFO  State of current operation: PENDING
09:45:35 WARN  SystemError occurred while running test - Timeout while waiting for status FAILED or SUCCESSFUL
Traceback (most recent call last):
  File &quot;/home/pi/env-pysys/lib/python3.7/site-packages/pysys/baserunner.py&quot;, line 1292, in __call__
    self.testObj.setup()
  File &quot;/home/pi/actions-runner/_work/thin-edge.io/thin-edge.io/tests/PySys/software_management_end_to_end/sm_apt_install_remove/run.py&quot;, line 27, in setup
    super().setup()
  File &quot;/home/pi/actions-runner/_work/thin-edge.io/thin-edge.io/tests/PySys/software_management_end_to_end/environment_sm_management.py&quot;, line 151, in setup
    self.wait_until_end()
  File &quot;/home/pi/actions-runner/_work/thin-edge.io/thin-edge.io/tests/PySys/software_management_end_to_end/environment_sm_management.py&quot;, line 332, in wait_until_end
    self.wait_until_status(&quot;FAILED&quot;, &quot;SUCCESSFUL&quot;)
  File &quot;/home/pi/actions-runner/_work/thin-edge.io/thin-edge.io/tests/PySys/software_management_end_to_end/environment_sm_management.py&quot;, line 381, in wait_until_status
    &quot;Timeout while waiting for status %s or %s&quot; % (status, status2)
SystemError: Timeout while waiting for status FAILED or SUCCESSFUL
09:45:35 WARN  SystemError: Timeout while waiting for status FAILED or SUCCESSFUL ... blocked 
09:45:35 INFO  
09:45:35 INFO  cleanup:
09:45:39 INFO  Executed sudo&lt;tedge_disconnect_c8y&gt;, exit status 0
09:45:40 INFO  Executed systemctl&lt;serv_mapper5&gt;, exit status 3
09:45:40 INFO  
09:45:40 INFO  Test duration: 165.63 secs
09:45:40 INFO  Test final outcome:  BLOCKED
09:45:40 INFO  Test outcome reason: SystemError: Timeout while waiting for status FAILED or SUCCESSFUL
09:45:40 INFO  
</system-out>
	</testcase>
</testsuite>
