<?xml version="1.0" encoding="utf-8"?>
<testsuite failures="1" name="SoftwareManagement.sm_apt_install_remove_multiple" skipped="0" tests="1" time="137.46" timestamp="2022-07-21T19:39:29">
	<testcase classname="PySysTest" name="SoftwareManagement.sm_apt_install_remove_multiple">
		<failure message="FAILED: Assert that (False == value) with value=True (+2 other failures)" type="FAILED"/>
		<system-out>19:37:11 INFO  ==============================================================
19:37:11 INFO  Id:    SoftwareManagement.sm_apt_install_remove_multiple
19:37:11 INFO  Dir:   software_management_end_to_end/
19:37:11 INFO  Title: Validate end to end behaviour for the apt plugin for multiple packages
19:37:11 INFO  ==============================================================
19:37:11 INFO  Using sw id database: {'asciijump': '5475369', 'robotfindskitten': '5474869', 'squirrel3': '5475279', 'rolldice': '5152439', 'moon-buggy': '5439204', 'apple': '5495053', 'banana': '5494888', 'cherry': '5495382', 'watermelon': '5494510', 'registry': '8018911', 'hello-world': '8021526', 'docker/getting-started': '8021973', 'alpine': '7991792'}
19:37:11 INFO  EnvironmentC8y Setup
19:37:12 INFO  Executed systemctl&lt;serv_mapper1&gt;, exit status 3
19:37:12 INFO  Restarting mosquitto too frequently in the last 10 seconds. It was only up for 5 seconds
19:37:12 INFO  Delaying execution by 6 seconds
19:37:32 INFO  Executed sudo&lt;tedge_connect_c8y&gt;, exit status 0, duration 14 secs
19:37:33 INFO  Executed sudo&lt;tedge_connect_c8y_test&gt;, exit status 0
19:37:33 INFO  Executed systemctl&lt;serv_mosq2&gt;, exit status 0
19:37:34 INFO  Executed systemctl&lt;serv_mapper3&gt;, exit status 0
19:37:36 INFO  State of current operation: SUCCESSFUL
19:37:36 INFO  Assert that (False == value) with value=False ... passed
19:37:36 INFO  Package asciijump is installed
19:37:37 WARN  Assert that (False == value) with value=True ... failed 
19:37:37 INFO  Package squirrel3 is installed
19:37:37 WARN  Assert that (False == value) with value=True ... failed 
19:37:37 INFO  Package robotfindskitten is installed
19:37:37 WARN  Assert that (False == value) with value=True ... failed 
19:37:37 INFO  Response status: 201
19:37:37 INFO  Response to action: {
    &quot;creationTime&quot;: &quot;2022-07-21T19:37:37.794Z&quot;,
    &quot;deviceId&quot;: &quot;21167114&quot;,
    &quot;deviceName&quot;: &quot;m32sd10c&quot;,
    &quot;self&quot;: &quot;https://t493319102.eu-latest.cumulocity.com/devicecontrol/operations/21172744&quot;,
    &quot;id&quot;: &quot;21172744&quot;,
    &quot;status&quot;: &quot;PENDING&quot;,
    &quot;description&quot;: &quot;Apply software changes, triggered from PySys: [{'action': 'install', 'id': '5475369', 'name': 'asciijump', 'url': ' ', 'version': '::apt'}, {'action': 'install', 'id': '5474869', 'name': 'robotfindskitten', 'url': ' ', 'version': '::apt'}, {'action': 'install', 'id': '5475279', 'name': 'squirrel3', 'url': ' ', 'version': '::apt'}]&quot;,
    &quot;c8y_SoftwareUpdate&quot;: [
        {
            &quot;name&quot;: &quot;asciijump&quot;,
            &quot;action&quot;: &quot;install&quot;,
            &quot;id&quot;: &quot;5475369&quot;,
            &quot;version&quot;: &quot;::apt&quot;,
            &quot;url&quot;: &quot; &quot;
        },
        {
            &quot;name&quot;: &quot;robotfindskitten&quot;,
            &quot;action&quot;: &quot;install&quot;,
            &quot;id&quot;: &quot;5474869&quot;,
            &quot;version&quot;: &quot;::apt&quot;,
            &quot;url&quot;: &quot; &quot;
        },
        {
            &quot;name&quot;: &quot;squirrel3&quot;,
            &quot;action&quot;: &quot;install&quot;,
            &quot;id&quot;: &quot;5475279&quot;,
            &quot;version&quot;: &quot;::apt&quot;,
            &quot;url&quot;: &quot; &quot;
        }
    ]
}
19:37:37 INFO  Started operation: {'creationTime': '2022-07-21T19:37:37.794Z', 'deviceId': '21167114', 'deviceName': 'm32sd10c', 'self': 'https://t493319102.eu-latest.cumulocity.com/devicecontrol/operations/21172744', 'id': '21172744', 'status': 'PENDING', 'description': &quot;Apply software changes, triggered from PySys: [{'action': 'install', 'id': '5475369', 'name': 'asciijump', 'url': ' ', 'version': '::apt'}, {'action': 'install', 'id': '5474869', 'name': 'robotfindskitten', 'url': ' ', 'version': '::apt'}, {'action': 'install', 'id': '5475279', 'name': 'squirrel3', 'url': ' ', 'version': '::apt'}]&quot;, 'c8y_SoftwareUpdate': [{'name': 'asciijump', 'action': 'install', 'id': '5475369', 'version': '::apt', 'url': ' '}, {'name': 'robotfindskitten', 'action': 'install', 'id': '5474869', 'version': '::apt', 'url': ' '}, {'name': 'squirrel3', 'action': 'install', 'id': '5475279', 'version': '::apt', 'url': ' '}]}
19:37:40 INFO  State of operation 21172744 : PENDING
19:37:42 INFO  State of operation 21172744 : EXECUTING
19:37:44 INFO  State of operation 21172744 : EXECUTING
19:37:46 INFO  State of operation 21172744 : EXECUTING
19:37:49 INFO  State of operation 21172744 : EXECUTING
19:37:51 INFO  State of operation 21172744 : EXECUTING
19:37:53 INFO  State of operation 21172744 : EXECUTING
19:37:56 INFO  State of operation 21172744 : EXECUTING
19:37:58 INFO  State of operation 21172744 : EXECUTING
19:38:01 INFO  State of operation 21172744 : EXECUTING
19:38:03 INFO  State of operation 21172744 : EXECUTING
19:38:05 INFO  State of operation 21172744 : EXECUTING
19:38:07 INFO  State of operation 21172744 : EXECUTING
19:38:10 INFO  State of operation 21172744 : EXECUTING
19:38:12 INFO  State of operation 21172744 : EXECUTING
19:38:14 INFO  State of operation 21172744 : SUCCESSFUL
19:38:14 INFO  Assert that (False == value) with value=False ... passed
19:38:15 INFO  Package asciijump is installed
19:38:15 INFO  Assert that (True == value) with value=True ... passed
19:38:15 INFO  Package squirrel3 is installed
19:38:15 INFO  Assert that (True == value) with value=True ... passed
19:38:15 INFO  Package robotfindskitten is installed
19:38:15 INFO  Assert that (True == value) with value=True ... passed
19:38:15 INFO  Response status: 201
19:38:15 INFO  Response to action: {
    &quot;creationTime&quot;: &quot;2022-07-21T19:38:15.801Z&quot;,
    &quot;deviceId&quot;: &quot;21167114&quot;,
    &quot;deviceName&quot;: &quot;m32sd10c&quot;,
    &quot;self&quot;: &quot;https://t493319102.eu-latest.cumulocity.com/devicecontrol/operations/21172746&quot;,
    &quot;id&quot;: &quot;21172746&quot;,
    &quot;status&quot;: &quot;PENDING&quot;,
    &quot;description&quot;: &quot;Apply software changes, triggered from PySys: [{'action': 'delete', 'id': '5475369', 'name': 'asciijump', 'url': ' ', 'version': '::apt'}, {'action': 'delete', 'id': '5474869', 'name': 'robotfindskitten', 'url': ' ', 'version': '::apt'}, {'action': 'delete', 'id': '5475279', 'name': 'squirrel3', 'url': ' ', 'version': '::apt'}]&quot;,
    &quot;c8y_SoftwareUpdate&quot;: [
        {
            &quot;name&quot;: &quot;asciijump&quot;,
            &quot;action&quot;: &quot;delete&quot;,
            &quot;id&quot;: &quot;5475369&quot;,
            &quot;version&quot;: &quot;::apt&quot;,
            &quot;url&quot;: &quot; &quot;
        },
        {
            &quot;name&quot;: &quot;robotfindskitten&quot;,
            &quot;action&quot;: &quot;delete&quot;,
            &quot;id&quot;: &quot;5474869&quot;,
            &quot;version&quot;: &quot;::apt&quot;,
            &quot;url&quot;: &quot; &quot;
        },
        {
            &quot;name&quot;: &quot;squirrel3&quot;,
            &quot;action&quot;: &quot;delete&quot;,
            &quot;id&quot;: &quot;5475279&quot;,
            &quot;version&quot;: &quot;::apt&quot;,
            &quot;url&quot;: &quot; &quot;
        }
    ]
}
19:38:15 INFO  Started operation: {'creationTime': '2022-07-21T19:38:15.801Z', 'deviceId': '21167114', 'deviceName': 'm32sd10c', 'self': 'https://t493319102.eu-latest.cumulocity.com/devicecontrol/operations/21172746', 'id': '21172746', 'status': 'PENDING', 'description': &quot;Apply software changes, triggered from PySys: [{'action': 'delete', 'id': '5475369', 'name': 'asciijump', 'url': ' ', 'version': '::apt'}, {'action': 'delete', 'id': '5474869', 'name': 'robotfindskitten', 'url': ' ', 'version': '::apt'}, {'action': 'delete', 'id': '5475279', 'name': 'squirrel3', 'url': ' ', 'version': '::apt'}]&quot;, 'c8y_SoftwareUpdate': [{'name': 'asciijump', 'action': 'delete', 'id': '5475369', 'version': '::apt', 'url': ' '}, {'name': 'robotfindskitten', 'action': 'delete', 'id': '5474869', 'version': '::apt', 'url': ' '}, {'name': 'squirrel3', 'action': 'delete', 'id': '5475279', 'version': '::apt', 'url': ' '}]}
19:38:18 INFO  State of operation 21172746 : PENDING
19:38:20 INFO  State of operation 21172746 : EXECUTING
19:38:22 INFO  State of operation 21172746 : EXECUTING
19:38:24 INFO  State of operation 21172746 : EXECUTING
19:38:26 INFO  State of operation 21172746 : EXECUTING
19:38:29 INFO  State of operation 21172746 : EXECUTING
19:38:31 INFO  State of operation 21172746 : EXECUTING
19:38:34 INFO  State of operation 21172746 : EXECUTING
19:38:37 INFO  State of operation 21172746 : EXECUTING
19:38:39 INFO  State of operation 21172746 : EXECUTING
19:38:41 INFO  State of operation 21172746 : EXECUTING
19:38:44 INFO  State of operation 21172746 : EXECUTING
19:38:46 INFO  State of operation 21172746 : EXECUTING
19:38:48 INFO  State of operation 21172746 : EXECUTING
19:38:50 INFO  State of operation 21172746 : EXECUTING
19:38:53 INFO  State of operation 21172746 : EXECUTING
19:38:55 INFO  State of operation 21172746 : EXECUTING
19:38:57 INFO  State of operation 21172746 : EXECUTING
19:39:00 INFO  State of operation 21172746 : EXECUTING
19:39:02 INFO  State of operation 21172746 : EXECUTING
19:39:04 INFO  State of operation 21172746 : EXECUTING
19:39:07 INFO  State of operation 21172746 : EXECUTING
19:39:09 INFO  State of operation 21172746 : EXECUTING
19:39:11 INFO  State of operation 21172746 : EXECUTING
19:39:13 INFO  State of operation 21172746 : EXECUTING
19:39:16 INFO  State of operation 21172746 : EXECUTING
19:39:19 INFO  State of operation 21172746 : EXECUTING
19:39:21 INFO  State of operation 21172746 : EXECUTING
19:39:23 INFO  State of operation 21172746 : SUCCESSFUL
19:39:23 INFO  Assert that (False == value) with value=False ... passed
19:39:24 INFO  Assert that (False == value) with value=False ... passed
19:39:24 INFO  Assert that (False == value) with value=False ... passed
19:39:24 INFO  Assert that (False == value) with value=False ... passed
19:39:24 INFO  
19:39:24 INFO  cleanup:
19:39:28 INFO  Executed sudo&lt;tedge_disconnect_c8y&gt;, exit status 0
19:39:29 INFO  Executed systemctl&lt;serv_mapper5&gt;, exit status 3
19:39:29 INFO  
19:39:29 INFO  Test duration: 137.46 secs
19:39:29 INFO  Test final outcome:  FAILED
19:39:29 INFO  Test outcome reason: Assert that (False == value) with value=True (+2 other failures)
19:39:29 INFO  
</system-out>
	</testcase>
</testsuite>
