<?xml version="1.0" encoding="utf-8"?>
<testsuite failures="0" name="SoftwareManagement.sm_apt_install_fail" skipped="0" tests="1" time="68.06" timestamp="2022-06-22T14:56:43">
	<testcase classname="PySysTest" name="SoftwareManagement.sm_apt_install_fail"/>
</testsuite>
