<?xml version="1.0" encoding="utf-8"?>
<testsuite failures="1" name="SoftwareManagement.sm_apt_install_remove_default" skipped="0" tests="1" time="157.41" timestamp="2022-07-21T15:57:45">
	<testcase classname="PySysTest" name="SoftwareManagement.sm_apt_install_remove_default">
		<failure message="FAILED: Assert that (False == value) with value=True" type="FAILED"/>
		<system-out>15:55:08 INFO  ==============================================================
15:55:08 INFO  Id:    SoftwareManagement.sm_apt_install_remove_default
15:55:08 INFO  Dir:   software_management_end_to_end/
15:55:08 INFO  Title: Validate end to end behaviour for the default plugin for installation and removal of packages
15:55:08 INFO  ==============================================================
15:55:08 INFO  Using sw id database: {'asciijump': '5475369', 'robotfindskitten': '5474869', 'squirrel3': '5475279', 'rolldice': '5152439', 'moon-buggy': '5439204', 'apple': '5495053', 'banana': '5494888', 'cherry': '5495382', 'watermelon': '5494510', 'registry': '8018911', 'hello-world': '8021526', 'docker/getting-started': '8021973', 'alpine': '7991792'}
15:55:08 INFO  EnvironmentC8y Setup
15:55:09 INFO  Executed systemctl&lt;serv_mapper1&gt;, exit status 3
15:55:09 INFO  Restarting mosquitto too frequently in the last 10 seconds. It was only up for 5 seconds
15:55:09 INFO  Delaying execution by 6 seconds
15:55:29 INFO  Executed sudo&lt;tedge_connect_c8y&gt;, exit status 0, duration 13 secs
15:55:29 INFO  Executed sudo&lt;tedge_connect_c8y_test&gt;, exit status 0
15:55:30 INFO  Executed systemctl&lt;serv_mosq2&gt;, exit status 0
15:55:30 INFO  Executed systemctl&lt;serv_mapper3&gt;, exit status 0
15:55:33 INFO  State of current operation: SUCCESSFUL
15:55:33 INFO  Package rolldice is installed
15:55:33 WARN  Assert that (False == value) with value=True ... failed 
15:55:33 INFO  Response status: 201
15:55:33 INFO  Response to action: {
    &quot;creationTime&quot;: &quot;2022-07-21T15:55:33.557Z&quot;,
    &quot;deviceId&quot;: &quot;21118604&quot;,
    &quot;deviceName&quot;: &quot;m32sd10c&quot;,
    &quot;self&quot;: &quot;https://t493319102.eu-latest.cumulocity.com/devicecontrol/operations/21145053&quot;,
    &quot;id&quot;: &quot;21145053&quot;,
    &quot;status&quot;: &quot;PENDING&quot;,
    &quot;description&quot;: &quot;Apply software changes, triggered from PySys: [{'name': 'rolldice', 'id': '5152439', 'version': ' ', 'url': '', 'action': 'install'}]&quot;,
    &quot;c8y_SoftwareUpdate&quot;: [
        {
            &quot;name&quot;: &quot;rolldice&quot;,
            &quot;action&quot;: &quot;install&quot;,
            &quot;id&quot;: &quot;5152439&quot;,
            &quot;version&quot;: &quot; &quot;,
            &quot;url&quot;: &quot;&quot;
        }
    ]
}
15:55:33 INFO  Started operation: {'creationTime': '2022-07-21T15:55:33.557Z', 'deviceId': '21118604', 'deviceName': 'm32sd10c', 'self': 'https://t493319102.eu-latest.cumulocity.com/devicecontrol/operations/21145053', 'id': '21145053', 'status': 'PENDING', 'description': &quot;Apply software changes, triggered from PySys: [{'name': 'rolldice', 'id': '5152439', 'version': ' ', 'url': '', 'action': 'install'}]&quot;, 'c8y_SoftwareUpdate': [{'name': 'rolldice', 'action': 'install', 'id': '5152439', 'version': ' ', 'url': ''}]}
15:55:35 INFO  State of operation 21145053 : PENDING
15:55:38 INFO  State of operation 21145053 : EXECUTING
15:55:40 INFO  State of operation 21145053 : EXECUTING
15:55:42 INFO  State of operation 21145053 : EXECUTING
15:55:44 INFO  State of operation 21145053 : EXECUTING
15:55:46 INFO  State of operation 21145053 : EXECUTING
15:55:49 INFO  State of operation 21145053 : EXECUTING
15:55:52 INFO  State of operation 21145053 : EXECUTING
15:55:55 INFO  State of operation 21145053 : EXECUTING
15:55:57 INFO  State of operation 21145053 : EXECUTING
15:55:59 INFO  State of operation 21145053 : EXECUTING
15:56:01 INFO  State of operation 21145053 : EXECUTING
15:56:04 INFO  State of operation 21145053 : EXECUTING
15:56:06 INFO  State of operation 21145053 : EXECUTING
15:56:08 INFO  State of operation 21145053 : EXECUTING
15:56:11 INFO  State of operation 21145053 : EXECUTING
15:56:14 INFO  State of operation 21145053 : EXECUTING
15:56:16 INFO  State of operation 21145053 : EXECUTING
15:56:18 INFO  State of operation 21145053 : EXECUTING
15:56:21 INFO  State of operation 21145053 : EXECUTING
15:56:23 INFO  State of operation 21145053 : EXECUTING
15:56:26 INFO  State of operation 21145053 : EXECUTING
15:56:28 INFO  State of operation 21145053 : EXECUTING
15:56:31 INFO  State of operation 21145053 : EXECUTING
15:56:33 INFO  State of operation 21145053 : EXECUTING
15:56:36 INFO  State of operation 21145053 : EXECUTING
15:56:38 INFO  State of operation 21145053 : EXECUTING
15:56:40 INFO  State of operation 21145053 : EXECUTING
15:56:42 INFO  State of operation 21145053 : EXECUTING
15:56:45 INFO  State of operation 21145053 : EXECUTING
15:56:47 INFO  State of operation 21145053 : EXECUTING
15:56:49 INFO  State of operation 21145053 : SUCCESSFUL
15:56:49 INFO  Package rolldice is installed
15:56:49 INFO  Assert that (True == value) with value=True ... passed
15:56:50 INFO  Response status: 201
15:56:50 INFO  Response to action: {
    &quot;creationTime&quot;: &quot;2022-07-21T15:56:49.966Z&quot;,
    &quot;deviceId&quot;: &quot;21118604&quot;,
    &quot;deviceName&quot;: &quot;m32sd10c&quot;,
    &quot;self&quot;: &quot;https://t493319102.eu-latest.cumulocity.com/devicecontrol/operations/21145066&quot;,
    &quot;id&quot;: &quot;21145066&quot;,
    &quot;status&quot;: &quot;PENDING&quot;,
    &quot;description&quot;: &quot;Apply software changes, triggered from PySys: [{'name': 'rolldice', 'id': '5152439', 'version': ' ', 'url': '', 'action': 'delete'}]&quot;,
    &quot;c8y_SoftwareUpdate&quot;: [
        {
            &quot;name&quot;: &quot;rolldice&quot;,
            &quot;action&quot;: &quot;delete&quot;,
            &quot;id&quot;: &quot;5152439&quot;,
            &quot;version&quot;: &quot; &quot;,
            &quot;url&quot;: &quot;&quot;
        }
    ]
}
15:56:50 INFO  Started operation: {'creationTime': '2022-07-21T15:56:49.966Z', 'deviceId': '21118604', 'deviceName': 'm32sd10c', 'self': 'https://t493319102.eu-latest.cumulocity.com/devicecontrol/operations/21145066', 'id': '21145066', 'status': 'PENDING', 'description': &quot;Apply software changes, triggered from PySys: [{'name': 'rolldice', 'id': '5152439', 'version': ' ', 'url': '', 'action': 'delete'}]&quot;, 'c8y_SoftwareUpdate': [{'name': 'rolldice', 'action': 'delete', 'id': '5152439', 'version': ' ', 'url': ''}]}
15:56:52 INFO  State of operation 21145066 : PENDING
15:56:54 INFO  State of operation 21145066 : EXECUTING
15:56:56 INFO  State of operation 21145066 : EXECUTING
15:56:58 INFO  State of operation 21145066 : EXECUTING
15:57:01 INFO  State of operation 21145066 : EXECUTING
15:57:03 INFO  State of operation 21145066 : EXECUTING
15:57:06 INFO  State of operation 21145066 : EXECUTING
15:57:08 INFO  State of operation 21145066 : EXECUTING
15:57:11 INFO  State of operation 21145066 : EXECUTING
15:57:13 INFO  State of operation 21145066 : EXECUTING
15:57:15 INFO  State of operation 21145066 : EXECUTING
15:57:17 INFO  State of operation 21145066 : EXECUTING
15:57:20 INFO  State of operation 21145066 : EXECUTING
15:57:22 INFO  State of operation 21145066 : EXECUTING
15:57:24 INFO  State of operation 21145066 : EXECUTING
15:57:27 INFO  State of operation 21145066 : EXECUTING
15:57:29 INFO  State of operation 21145066 : EXECUTING
15:57:32 INFO  State of operation 21145066 : EXECUTING
15:57:34 INFO  State of operation 21145066 : EXECUTING
15:57:36 INFO  State of operation 21145066 : EXECUTING
15:57:38 INFO  State of operation 21145066 : EXECUTING
15:57:40 INFO  State of operation 21145066 : SUCCESSFUL
15:57:41 INFO  Assert that (False == value) with value=False ... passed
15:57:41 INFO  
15:57:41 INFO  cleanup:
15:57:45 INFO  Executed sudo&lt;tedge_disconnect_c8y&gt;, exit status 0
15:57:45 INFO  Executed systemctl&lt;serv_mapper5&gt;, exit status 3
15:57:45 INFO  
15:57:45 INFO  Test duration: 157.41 secs
15:57:45 INFO  Test final outcome:  FAILED
15:57:45 INFO  Test outcome reason: Assert that (False == value) with value=True
15:57:45 INFO  
</system-out>
	</testcase>
</testsuite>
