<?xml version="1.0" encoding="utf-8"?>
<testsuite failures="1" name="SoftwareManagement.sm_apt_install_remove_multiple_mixed" skipped="0" tests="1" time="179.06" timestamp="2022-07-22T18:39:39">
	<testcase classname="PySysTest" name="SoftwareManagement.sm_apt_install_remove_multiple_mixed">
		<failure message="BLOCKED: SystemError: Timeout while waiting for status SUCCESSFUL or False (+1 other failures)" type="BLOCKED"/>
		<system-out>18:36:40 INFO  ==============================================================
18:36:40 INFO  Id:    SoftwareManagement.sm_apt_install_remove_multiple_mixed
18:36:40 INFO  Dir:   software_management_end_to_end/
18:36:40 INFO  Title: Validate end to end behaviour for the apt plugin for multiple packages with mixed versions
18:36:40 INFO  ==============================================================
18:36:40 INFO  Using sw id database: {'asciijump': '5475369', 'robotfindskitten': '5474869', 'squirrel3': '5475279', 'rolldice': '5152439', 'moon-buggy': '5439204', 'apple': '5495053', 'banana': '5494888', 'cherry': '5495382', 'watermelon': '5494510', 'registry': '8018911', 'hello-world': '8021526', 'docker/getting-started': '8021973', 'alpine': '7991792'}
18:36:40 INFO  EnvironmentC8y Setup
18:36:40 INFO  Executed systemctl&lt;serv_mapper1&gt;, exit status 3
18:36:41 INFO  Restarting mosquitto too frequently in the last 10 seconds. It was only up for 4 seconds
18:36:41 INFO  Delaying execution by 7 seconds
18:37:01 INFO  Executed sudo&lt;tedge_connect_c8y&gt;, exit status 0, duration 13 secs
18:37:02 INFO  Executed sudo&lt;tedge_connect_c8y_test&gt;, exit status 0
18:37:03 INFO  Executed systemctl&lt;serv_mosq2&gt;, exit status 0
18:37:03 INFO  Executed systemctl&lt;serv_mapper3&gt;, exit status 0
18:37:05 INFO  State of current operation: SUCCESSFUL
18:37:06 INFO  Assert that (False == value) with value=False ... passed
18:37:06 INFO  Assert that (False == value) with value=False ... passed
18:37:06 INFO  Assert that (False == value) with value=False ... passed
18:37:06 INFO  Assert that (False == value) with value=False ... passed
18:37:07 INFO  Package moon-buggy is installed
18:37:07 WARN  Assert that (False == value) with value=True ... failed 
18:37:08 INFO  Response status: 201
18:37:08 INFO  Response to action: {
    &quot;creationTime&quot;: &quot;2022-07-22T18:37:08.350Z&quot;,
    &quot;deviceId&quot;: &quot;21303241&quot;,
    &quot;deviceName&quot;: &quot;m32sd10c&quot;,
    &quot;self&quot;: &quot;https://t493319102.eu-latest.cumulocity.com/devicecontrol/operations/21313657&quot;,
    &quot;id&quot;: &quot;21313657&quot;,
    &quot;status&quot;: &quot;PENDING&quot;,
    &quot;description&quot;: &quot;Apply software changes, triggered from PySys: [{'action': 'install', 'id': '5475369', 'name': 'asciijump', 'url': ' ', 'version': '::apt'}, {'action': 'install', 'id': '5474869', 'name': 'robotfindskitten', 'url': ' ', 'version': ' '}, {'action': 'install', 'id': '5475279', 'name': 'squirrel3', 'url': ' ', 'version': '3.1-7::apt'}, {'action': 'install', 'id': '5152439', 'name': 'rolldice', 'url': ' ', 'version': '1.16-1+b1'}, {'action': 'install', 'id': '5439204', 'name': 'moon-buggy', 'url': ' ', 'version': '1:1.0.51-12'}, {'action': 'install', 'id': '5475369', 'name': 'asciijump', 'url': ' ', 'version': '::apt'}]&quot;,
    &quot;c8y_SoftwareUpdate&quot;: [
        {
            &quot;name&quot;: &quot;asciijump&quot;,
            &quot;action&quot;: &quot;install&quot;,
            &quot;id&quot;: &quot;5475369&quot;,
            &quot;version&quot;: &quot;::apt&quot;,
            &quot;url&quot;: &quot; &quot;
        },
        {
            &quot;name&quot;: &quot;robotfindskitten&quot;,
            &quot;action&quot;: &quot;install&quot;,
            &quot;id&quot;: &quot;5474869&quot;,
            &quot;version&quot;: &quot; &quot;,
            &quot;url&quot;: &quot; &quot;
        },
        {
            &quot;name&quot;: &quot;squirrel3&quot;,
            &quot;action&quot;: &quot;install&quot;,
            &quot;id&quot;: &quot;5475279&quot;,
            &quot;version&quot;: &quot;3.1-7::apt&quot;,
            &quot;url&quot;: &quot; &quot;
        },
        {
            &quot;name&quot;: &quot;rolldice&quot;,
            &quot;action&quot;: &quot;install&quot;,
            &quot;id&quot;: &quot;5152439&quot;,
            &quot;version&quot;: &quot;1.16-1+b1&quot;,
            &quot;url&quot;: &quot; &quot;
        },
        {
            &quot;name&quot;: &quot;moon-buggy&quot;,
            &quot;action&quot;: &quot;install&quot;,
            &quot;id&quot;: &quot;5439204&quot;,
            &quot;version&quot;: &quot;1:1.0.51-12&quot;,
            &quot;url&quot;: &quot; &quot;
        },
        {
            &quot;name&quot;: &quot;asciijump&quot;,
            &quot;action&quot;: &quot;install&quot;,
            &quot;id&quot;: &quot;5475369&quot;,
            &quot;version&quot;: &quot;::apt&quot;,
            &quot;url&quot;: &quot; &quot;
        }
    ]
}
18:37:08 INFO  Started operation: {'creationTime': '2022-07-22T18:37:08.350Z', 'deviceId': '21303241', 'deviceName': 'm32sd10c', 'self': 'https://t493319102.eu-latest.cumulocity.com/devicecontrol/operations/21313657', 'id': '21313657', 'status': 'PENDING', 'description': &quot;Apply software changes, triggered from PySys: [{'action': 'install', 'id': '5475369', 'name': 'asciijump', 'url': ' ', 'version': '::apt'}, {'action': 'install', 'id': '5474869', 'name': 'robotfindskitten', 'url': ' ', 'version': ' '}, {'action': 'install', 'id': '5475279', 'name': 'squirrel3', 'url': ' ', 'version': '3.1-7::apt'}, {'action': 'install', 'id': '5152439', 'name': 'rolldice', 'url': ' ', 'version': '1.16-1+b1'}, {'action': 'install', 'id': '5439204', 'name': 'moon-buggy', 'url': ' ', 'version': '1:1.0.51-12'}, {'action': 'install', 'id': '5475369', 'name': 'asciijump', 'url': ' ', 'version': '::apt'}]&quot;, 'c8y_SoftwareUpdate': [{'name': 'asciijump', 'action': 'install', 'id': '5475369', 'version': '::apt', 'url': ' '}, {'name': 'robotfindskitten', 'action': 'install', 'id': '5474869', 'version': ' ', 'url': ' '}, {'name': 'squirrel3', 'action': 'install', 'id': '5475279', 'version': '3.1-7::apt', 'url': ' '}, {'name': 'rolldice', 'action': 'install', 'id': '5152439', 'version': '1.16-1+b1', 'url': ' '}, {'name': 'moon-buggy', 'action': 'install', 'id': '5439204', 'version': '1:1.0.51-12', 'url': ' '}, {'name': 'asciijump', 'action': 'install', 'id': '5475369', 'version': '::apt', 'url': ' '}]}
18:37:10 INFO  State of operation 21313657 : PENDING
18:37:12 INFO  State of operation 21313657 : EXECUTING
18:37:15 INFO  State of operation 21313657 : EXECUTING
18:37:17 INFO  State of operation 21313657 : EXECUTING
18:37:19 INFO  State of operation 21313657 : EXECUTING
18:37:21 INFO  State of operation 21313657 : EXECUTING
18:37:24 INFO  State of operation 21313657 : EXECUTING
18:37:27 INFO  State of operation 21313657 : EXECUTING
18:37:30 INFO  State of operation 21313657 : EXECUTING
18:37:32 INFO  State of operation 21313657 : EXECUTING
18:37:34 INFO  State of operation 21313657 : EXECUTING
18:37:36 INFO  State of operation 21313657 : EXECUTING
18:37:39 INFO  State of operation 21313657 : EXECUTING
18:37:41 INFO  State of operation 21313657 : EXECUTING
18:37:43 INFO  State of operation 21313657 : EXECUTING
18:37:45 INFO  State of operation 21313657 : EXECUTING
18:37:48 INFO  State of operation 21313657 : EXECUTING
18:37:50 INFO  State of operation 21313657 : EXECUTING
18:37:53 INFO  State of operation 21313657 : EXECUTING
18:37:55 INFO  State of operation 21313657 : EXECUTING
18:37:57 INFO  State of operation 21313657 : EXECUTING
18:38:00 INFO  State of operation 21313657 : EXECUTING
18:38:02 INFO  State of operation 21313657 : EXECUTING
18:38:05 INFO  State of operation 21313657 : EXECUTING
18:38:07 INFO  State of operation 21313657 : EXECUTING
18:38:09 INFO  State of operation 21313657 : EXECUTING
18:38:12 INFO  State of operation 21313657 : EXECUTING
18:38:14 INFO  State of operation 21313657 : EXECUTING
18:38:16 INFO  State of operation 21313657 : EXECUTING
18:38:18 INFO  State of operation 21313657 : EXECUTING
18:38:21 INFO  State of operation 21313657 : EXECUTING
18:38:23 INFO  State of operation 21313657 : EXECUTING
18:38:25 INFO  State of operation 21313657 : EXECUTING
18:38:27 INFO  State of operation 21313657 : EXECUTING
18:38:30 INFO  State of operation 21313657 : EXECUTING
18:38:32 INFO  State of operation 21313657 : EXECUTING
18:38:34 INFO  State of operation 21313657 : EXECUTING
18:38:36 INFO  State of operation 21313657 : EXECUTING
18:38:39 INFO  State of operation 21313657 : EXECUTING
18:38:42 INFO  State of operation 21313657 : EXECUTING
18:38:44 INFO  State of operation 21313657 : EXECUTING
18:38:47 INFO  State of operation 21313657 : EXECUTING
18:38:49 INFO  State of operation 21313657 : EXECUTING
18:38:51 INFO  State of operation 21313657 : EXECUTING
18:38:53 INFO  State of operation 21313657 : EXECUTING
18:38:56 INFO  State of operation 21313657 : EXECUTING
18:38:58 INFO  State of operation 21313657 : EXECUTING
18:39:00 INFO  State of operation 21313657 : EXECUTING
18:39:03 INFO  State of operation 21313657 : EXECUTING
18:39:05 INFO  State of operation 21313657 : EXECUTING
18:39:07 INFO  State of operation 21313657 : EXECUTING
18:39:10 INFO  State of operation 21313657 : EXECUTING
18:39:12 INFO  State of operation 21313657 : EXECUTING
18:39:14 INFO  State of operation 21313657 : EXECUTING
18:39:17 INFO  State of operation 21313657 : EXECUTING
18:39:19 INFO  State of operation 21313657 : EXECUTING
18:39:22 INFO  State of operation 21313657 : EXECUTING
18:39:24 INFO  State of operation 21313657 : EXECUTING
18:39:27 INFO  State of operation 21313657 : EXECUTING
18:39:29 INFO  State of operation 21313657 : EXECUTING
18:39:32 INFO  State of operation 21313657 : EXECUTING
18:39:34 WARN  SystemError occurred while running test - Timeout while waiting for status SUCCESSFUL or False
Traceback (most recent call last):
  File &quot;/home/pi/env-pysys/lib/python3.7/site-packages/pysys/baserunner.py&quot;, line 1294, in __call__
    self.testObj.execute()
  File &quot;/home/pi/actions-runner/_work/thin-edge.io/thin-edge.io/tests/PySys/software_management_end_to_end/sm_apt_install_remove_multiple_mixed/run.py&quot;, line 89, in execute
    self.wait_until_succcess()
  File &quot;/home/pi/actions-runner/_work/thin-edge.io/thin-edge.io/tests/PySys/software_management_end_to_end/environment_sm_management.py&quot;, line 324, in wait_until_succcess
    self.wait_until_status(&quot;SUCCESSFUL&quot;)
  File &quot;/home/pi/actions-runner/_work/thin-edge.io/thin-edge.io/tests/PySys/software_management_end_to_end/environment_sm_management.py&quot;, line 381, in wait_until_status
    &quot;Timeout while waiting for status %s or %s&quot; % (status, status2)
SystemError: Timeout while waiting for status SUCCESSFUL or False
18:39:34 WARN  SystemError: Timeout while waiting for status SUCCESSFUL or False ... blocked 
18:39:34 INFO  
18:39:34 INFO  cleanup:
18:39:38 INFO  Executed sudo&lt;tedge_disconnect_c8y&gt;, exit status 0
18:39:39 INFO  Executed systemctl&lt;serv_mapper5&gt;, exit status 3
18:39:39 INFO  
18:39:39 INFO  Test duration: 179.06 secs
18:39:39 INFO  Test final outcome:  BLOCKED
18:39:39 INFO  Test outcome reason: SystemError: Timeout while waiting for status SUCCESSFUL or False (+1 other failures)
18:39:39 INFO  
</system-out>
	</testcase>
</testsuite>
