<?xml version="1.0" encoding="utf-8"?>
<testsuite failures="1" name="SoftwareManagement.sm_mixed_install_remove_multiple" skipped="0" tests="1" time="165.88" timestamp="2022-05-23T12:39:58">
	<testcase classname="PySysTest" name="SoftwareManagement.sm_mixed_install_remove_multiple">
		<failure message="BLOCKED: SystemError: Timeout while waiting for status FAILED or SUCCESSFUL" type="BLOCKED"/>
		<system-out>12:37:12 INFO  ==============================================================
12:37:12 INFO  Id:    SoftwareManagement.sm_mixed_install_remove_multiple
12:37:12 INFO  Dir:   software_management_end_to_end/
12:37:12 INFO  Title: Validate end to end behaviour for the dummy-plugin for multiple packages with mixed versions
12:37:12 INFO  ==============================================================
12:37:12 INFO  Using sw id database: {'asciijump': '5475369', 'robotfindskitten': '5474869', 'squirrel3': '5475279', 'rolldice': '5152439', 'moon-buggy': '5439204', 'apple': '5495053', 'banana': '5494888', 'cherry': '5495382', 'watermelon': '5494510', 'registry': '8018911', 'hello-world': '8021526', 'docker/getting-started': '8021973', 'alpine': '7991792'}
12:37:12 INFO  EnvironmentC8y Setup
12:37:12 INFO  Executed systemctl&lt;serv_mapper1&gt;, exit status 3
12:37:13 INFO  Restarting mosquitto too frequently in the last 10 seconds. It was only up for 5 seconds
12:37:13 INFO  Delaying execution by 6 seconds
12:37:33 INFO  Executed sudo&lt;tedge_connect_c8y&gt;, exit status 0, duration 14 secs
12:37:33 INFO  Executed sudo&lt;tedge_connect_c8y_test&gt;, exit status 0
12:37:34 INFO  Executed systemctl&lt;serv_mosq2&gt;, exit status 0
12:37:34 INFO  Executed systemctl&lt;serv_mapper3&gt;, exit status 0
12:37:37 INFO  State of current operation: PENDING
12:37:39 INFO  State of current operation: PENDING
12:37:41 INFO  State of current operation: PENDING
12:37:43 INFO  State of current operation: PENDING
12:37:46 INFO  State of current operation: PENDING
12:37:48 INFO  State of current operation: PENDING
12:37:50 INFO  State of current operation: PENDING
12:37:52 INFO  State of current operation: PENDING
12:37:55 INFO  State of current operation: PENDING
12:37:57 INFO  State of current operation: PENDING
12:37:59 INFO  State of current operation: PENDING
12:38:01 INFO  State of current operation: PENDING
12:38:03 INFO  State of current operation: PENDING
12:38:06 INFO  State of current operation: PENDING
12:38:08 INFO  State of current operation: PENDING
12:38:10 INFO  State of current operation: PENDING
12:38:12 INFO  State of current operation: PENDING
12:38:15 INFO  State of current operation: PENDING
12:38:17 INFO  State of current operation: PENDING
12:38:19 INFO  State of current operation: PENDING
12:38:21 INFO  State of current operation: PENDING
12:38:24 INFO  State of current operation: PENDING
12:38:26 INFO  State of current operation: PENDING
12:38:28 INFO  State of current operation: PENDING
12:38:30 INFO  State of current operation: PENDING
12:38:33 INFO  State of current operation: PENDING
12:38:35 INFO  State of current operation: PENDING
12:38:37 INFO  State of current operation: PENDING
12:38:39 INFO  State of current operation: PENDING
12:38:42 INFO  State of current operation: PENDING
12:38:44 INFO  State of current operation: PENDING
12:38:46 INFO  State of current operation: PENDING
12:38:48 INFO  State of current operation: PENDING
12:38:50 INFO  State of current operation: PENDING
12:38:53 INFO  State of current operation: PENDING
12:38:55 INFO  State of current operation: PENDING
12:38:57 INFO  State of current operation: PENDING
12:38:59 INFO  State of current operation: PENDING
12:39:02 INFO  State of current operation: PENDING
12:39:04 INFO  State of current operation: PENDING
12:39:06 INFO  State of current operation: PENDING
12:39:08 INFO  State of current operation: PENDING
12:39:11 INFO  State of current operation: PENDING
12:39:13 INFO  State of current operation: PENDING
12:39:15 INFO  State of current operation: PENDING
12:39:18 INFO  State of current operation: PENDING
12:39:20 INFO  State of current operation: PENDING
12:39:22 INFO  State of current operation: PENDING
12:39:24 INFO  State of current operation: PENDING
12:39:27 INFO  State of current operation: PENDING
12:39:29 INFO  State of current operation: PENDING
12:39:31 INFO  State of current operation: PENDING
12:39:33 INFO  State of current operation: PENDING
12:39:35 INFO  State of current operation: PENDING
12:39:38 INFO  State of current operation: PENDING
12:39:40 INFO  State of current operation: PENDING
12:39:42 INFO  State of current operation: PENDING
12:39:44 INFO  State of current operation: PENDING
12:39:47 INFO  State of current operation: PENDING
12:39:49 INFO  State of current operation: PENDING
12:39:51 INFO  State of current operation: PENDING
12:39:53 WARN  SystemError occurred while running test - Timeout while waiting for status FAILED or SUCCESSFUL
Traceback (most recent call last):
  File &quot;/home/pi/env-pysys/lib/python3.7/site-packages/pysys/baserunner.py&quot;, line 1292, in __call__
    self.testObj.setup()
  File &quot;/home/pi/actions-runner/_work/thin-edge.io/thin-edge.io/tests/PySys/software_management_end_to_end/sm_mixed_install_remove_multiple/run.py&quot;, line 83, in setup
    super().setup()
  File &quot;/home/pi/actions-runner/_work/thin-edge.io/thin-edge.io/tests/PySys/software_management_end_to_end/environment_sm_management.py&quot;, line 151, in setup
    self.wait_until_end()
  File &quot;/home/pi/actions-runner/_work/thin-edge.io/thin-edge.io/tests/PySys/software_management_end_to_end/environment_sm_management.py&quot;, line 332, in wait_until_end
    self.wait_until_status(&quot;FAILED&quot;, &quot;SUCCESSFUL&quot;)
  File &quot;/home/pi/actions-runner/_work/thin-edge.io/thin-edge.io/tests/PySys/software_management_end_to_end/environment_sm_management.py&quot;, line 381, in wait_until_status
    &quot;Timeout while waiting for status %s or %s&quot; % (status, status2)
SystemError: Timeout while waiting for status FAILED or SUCCESSFUL
12:39:53 WARN  SystemError: Timeout while waiting for status FAILED or SUCCESSFUL ... blocked 
12:39:53 INFO  
12:39:53 INFO  cleanup:
12:39:57 INFO  Executed sudo&lt;tedge_disconnect_c8y&gt;, exit status 0
12:39:58 INFO  Executed systemctl&lt;serv_mapper5&gt;, exit status 3
12:39:58 INFO  
12:39:58 INFO  Test duration: 165.88 secs
12:39:58 INFO  Test final outcome:  BLOCKED
12:39:58 INFO  Test outcome reason: SystemError: Timeout while waiting for status FAILED or SUCCESSFUL
12:39:58 INFO  
</system-out>
	</testcase>
</testsuite>
