<?xml version="1.0" encoding="utf-8"?>
<testsuite failures="1" name="SoftwareManagement.sm_mixed_install_remove_multiple" skipped="0" tests="1" time="168.03" timestamp="2022-07-26T17:39:29">
	<testcase classname="PySysTest" name="SoftwareManagement.sm_mixed_install_remove_multiple">
		<failure message="FAILED: Assert that (False == value) with value=True" type="FAILED"/>
		<system-out>17:36:41 INFO  ==============================================================
17:36:41 INFO  Id:    SoftwareManagement.sm_mixed_install_remove_multiple
17:36:41 INFO  Dir:   software_management_end_to_end/
17:36:41 INFO  Title: Validate end to end behaviour for the dummy-plugin for multiple packages with mixed versions
17:36:41 INFO  ==============================================================
17:36:41 INFO  Using sw id database: {'asciijump': '5475369', 'robotfindskitten': '5474869', 'squirrel3': '5475279', 'rolldice': '5152439', 'moon-buggy': '5439204', 'apple': '5495053', 'banana': '5494888', 'cherry': '5495382', 'watermelon': '5494510', 'registry': '8018911', 'hello-world': '8021526', 'docker/getting-started': '8021973', 'alpine': '7991792'}
17:36:41 INFO  EnvironmentC8y Setup
17:36:42 INFO  Executed systemctl&lt;serv_mapper1&gt;, exit status 3
17:36:42 INFO  Restarting mosquitto too frequently in the last 10 seconds. It was only up for 4 seconds
17:36:42 INFO  Delaying execution by 7 seconds
17:37:03 INFO  Executed sudo&lt;tedge_connect_c8y&gt;, exit status 0, duration 13 secs
17:37:03 INFO  Executed sudo&lt;tedge_connect_c8y_test&gt;, exit status 0
17:37:04 INFO  Executed systemctl&lt;serv_mosq2&gt;, exit status 0
17:37:04 INFO  Executed systemctl&lt;serv_mapper3&gt;, exit status 0
17:37:07 INFO  State of current operation: SUCCESSFUL
17:37:07 INFO  Package apple is installed
17:37:07 INFO  Assert that (True == value) with value=True ... passed
17:37:07 INFO  Package banana is installed
17:37:07 INFO  Assert that (True == value) with value=True ... passed
17:37:08 INFO  Package cherry is installed
17:37:08 INFO  Assert that (True == value) with value=True ... passed
17:37:08 INFO  Package asciijump is installed
17:37:08 WARN  Assert that (False == value) with value=True ... failed 
17:37:08 INFO  Assert that (False == value) with value=False ... passed
17:37:08 INFO  Response status: 201
17:37:08 INFO  Response to action: {
    &quot;creationTime&quot;: &quot;2022-07-26T17:37:08.727Z&quot;,
    &quot;deviceId&quot;: &quot;21442286&quot;,
    &quot;deviceName&quot;: &quot;m32sd10c&quot;,
    &quot;self&quot;: &quot;https://t493319102.eu-latest.cumulocity.com/devicecontrol/operations/21453455&quot;,
    &quot;id&quot;: &quot;21453455&quot;,
    &quot;status&quot;: &quot;PENDING&quot;,
    &quot;description&quot;: &quot;Apply software changes, triggered from PySys: [{'action': 'install', 'id': '5495053', 'name': 'apple', 'url': ' ', 'version': '::fruits'}, {'action': 'install', 'id': '5494888', 'name': 'banana', 'url': ' ', 'version': '::fruits'}, {'action': 'install', 'id': '5475369', 'name': 'asciijump', 'url': ' ', 'version': '::apt'}, {'action': 'install', 'id': '5495382', 'name': 'cherry', 'url': ' ', 'version': '::fruits'}, {'action': 'install', 'id': '8018911', 'name': 'registry', 'url': ' ', 'version': '::docker'}]&quot;,
    &quot;c8y_SoftwareUpdate&quot;: [
        {
            &quot;name&quot;: &quot;apple&quot;,
            &quot;action&quot;: &quot;install&quot;,
            &quot;id&quot;: &quot;5495053&quot;,
            &quot;version&quot;: &quot;::fruits&quot;,
            &quot;url&quot;: &quot; &quot;
        },
        {
            &quot;name&quot;: &quot;banana&quot;,
            &quot;action&quot;: &quot;install&quot;,
            &quot;id&quot;: &quot;5494888&quot;,
            &quot;version&quot;: &quot;::fruits&quot;,
            &quot;url&quot;: &quot; &quot;
        },
        {
            &quot;name&quot;: &quot;asciijump&quot;,
            &quot;action&quot;: &quot;install&quot;,
            &quot;id&quot;: &quot;5475369&quot;,
            &quot;version&quot;: &quot;::apt&quot;,
            &quot;url&quot;: &quot; &quot;
        },
        {
            &quot;name&quot;: &quot;cherry&quot;,
            &quot;action&quot;: &quot;install&quot;,
            &quot;id&quot;: &quot;5495382&quot;,
            &quot;version&quot;: &quot;::fruits&quot;,
            &quot;url&quot;: &quot; &quot;
        },
        {
            &quot;name&quot;: &quot;registry&quot;,
            &quot;action&quot;: &quot;install&quot;,
            &quot;id&quot;: &quot;8018911&quot;,
            &quot;version&quot;: &quot;::docker&quot;,
            &quot;url&quot;: &quot; &quot;
        }
    ]
}
17:37:08 INFO  Started operation: {'creationTime': '2022-07-26T17:37:08.727Z', 'deviceId': '21442286', 'deviceName': 'm32sd10c', 'self': 'https://t493319102.eu-latest.cumulocity.com/devicecontrol/operations/21453455', 'id': '21453455', 'status': 'PENDING', 'description': &quot;Apply software changes, triggered from PySys: [{'action': 'install', 'id': '5495053', 'name': 'apple', 'url': ' ', 'version': '::fruits'}, {'action': 'install', 'id': '5494888', 'name': 'banana', 'url': ' ', 'version': '::fruits'}, {'action': 'install', 'id': '5475369', 'name': 'asciijump', 'url': ' ', 'version': '::apt'}, {'action': 'install', 'id': '5495382', 'name': 'cherry', 'url': ' ', 'version': '::fruits'}, {'action': 'install', 'id': '8018911', 'name': 'registry', 'url': ' ', 'version': '::docker'}]&quot;, 'c8y_SoftwareUpdate': [{'name': 'apple', 'action': 'install', 'id': '5495053', 'version': '::fruits', 'url': ' '}, {'name': 'banana', 'action': 'install', 'id': '5494888', 'version': '::fruits', 'url': ' '}, {'name': 'asciijump', 'action': 'install', 'id': '5475369', 'version': '::apt', 'url': ' '}, {'name': 'cherry', 'action': 'install', 'id': '5495382', 'version': '::fruits', 'url': ' '}, {'name': 'registry', 'action': 'install', 'id': '8018911', 'version': '::docker', 'url': ' '}]}
17:37:10 INFO  State of operation 21453455 : PENDING
17:37:13 INFO  State of operation 21453455 : EXECUTING
17:37:15 INFO  State of operation 21453455 : EXECUTING
17:37:17 INFO  State of operation 21453455 : EXECUTING
17:37:19 INFO  State of operation 21453455 : EXECUTING
17:37:22 INFO  State of operation 21453455 : EXECUTING
17:37:24 INFO  State of operation 21453455 : EXECUTING
17:37:27 INFO  State of operation 21453455 : EXECUTING
17:37:30 INFO  State of operation 21453455 : EXECUTING
17:37:32 INFO  State of operation 21453455 : EXECUTING
17:37:34 INFO  State of operation 21453455 : EXECUTING
17:37:36 INFO  State of operation 21453455 : EXECUTING
17:37:39 INFO  State of operation 21453455 : EXECUTING
17:37:41 INFO  State of operation 21453455 : EXECUTING
17:37:43 INFO  State of operation 21453455 : EXECUTING
17:37:45 INFO  State of operation 21453455 : EXECUTING
17:37:48 INFO  State of operation 21453455 : EXECUTING
17:37:50 INFO  State of operation 21453455 : EXECUTING
17:37:52 INFO  State of operation 21453455 : EXECUTING
17:37:54 INFO  State of operation 21453455 : EXECUTING
17:37:56 INFO  State of operation 21453455 : EXECUTING
17:37:59 INFO  State of operation 21453455 : EXECUTING
17:38:01 INFO  State of operation 21453455 : EXECUTING
17:38:04 INFO  State of operation 21453455 : EXECUTING
17:38:06 INFO  State of operation 21453455 : EXECUTING
17:38:08 INFO  State of operation 21453455 : EXECUTING
17:38:10 INFO  State of operation 21453455 : SUCCESSFUL
17:38:11 INFO  Package apple is installed
17:38:11 INFO  Assert that (True == value) with value=True ... passed
17:38:11 INFO  Package banana is installed
17:38:11 INFO  Assert that (True == value) with value=True ... passed
17:38:11 INFO  Package cherry is installed
17:38:11 INFO  Assert that (True == value) with value=True ... passed
17:38:11 INFO  Package asciijump is installed
17:38:11 INFO  Assert that (True == value) with value=True ... passed
17:38:11 INFO  Package registry is installed
17:38:11 INFO  Assert that (True == value) with value=True ... passed
17:38:12 INFO  Response status: 201
17:38:12 INFO  Response to action: {
    &quot;creationTime&quot;: &quot;2022-07-26T17:38:12.179Z&quot;,
    &quot;deviceId&quot;: &quot;21442286&quot;,
    &quot;deviceName&quot;: &quot;m32sd10c&quot;,
    &quot;self&quot;: &quot;https://t493319102.eu-latest.cumulocity.com/devicecontrol/operations/21453462&quot;,
    &quot;id&quot;: &quot;21453462&quot;,
    &quot;status&quot;: &quot;PENDING&quot;,
    &quot;description&quot;: &quot;Apply software changes, triggered from PySys: [{'action': 'delete', 'id': '5495053', 'name': 'apple', 'url': ' ', 'version': '::fruits'}, {'action': 'delete', 'id': '5494888', 'name': 'banana', 'url': ' ', 'version': '::fruits'}, {'action': 'delete', 'id': '5475369', 'name': 'asciijump', 'url': ' ', 'version': '::apt'}, {'action': 'delete', 'id': '5495382', 'name': 'cherry', 'url': ' ', 'version': '::fruits'}, {'action': 'delete', 'id': '8018911', 'name': 'registry', 'url': ' ', 'version': '::docker'}]&quot;,
    &quot;c8y_SoftwareUpdate&quot;: [
        {
            &quot;name&quot;: &quot;apple&quot;,
            &quot;action&quot;: &quot;delete&quot;,
            &quot;id&quot;: &quot;5495053&quot;,
            &quot;version&quot;: &quot;::fruits&quot;,
            &quot;url&quot;: &quot; &quot;
        },
        {
            &quot;name&quot;: &quot;banana&quot;,
            &quot;action&quot;: &quot;delete&quot;,
            &quot;id&quot;: &quot;5494888&quot;,
            &quot;version&quot;: &quot;::fruits&quot;,
            &quot;url&quot;: &quot; &quot;
        },
        {
            &quot;name&quot;: &quot;asciijump&quot;,
            &quot;action&quot;: &quot;delete&quot;,
            &quot;id&quot;: &quot;5475369&quot;,
            &quot;version&quot;: &quot;::apt&quot;,
            &quot;url&quot;: &quot; &quot;
        },
        {
            &quot;name&quot;: &quot;cherry&quot;,
            &quot;action&quot;: &quot;delete&quot;,
            &quot;id&quot;: &quot;5495382&quot;,
            &quot;version&quot;: &quot;::fruits&quot;,
            &quot;url&quot;: &quot; &quot;
        },
        {
            &quot;name&quot;: &quot;registry&quot;,
            &quot;action&quot;: &quot;delete&quot;,
            &quot;id&quot;: &quot;8018911&quot;,
            &quot;version&quot;: &quot;::docker&quot;,
            &quot;url&quot;: &quot; &quot;
        }
    ]
}
17:38:12 INFO  Started operation: {'creationTime': '2022-07-26T17:38:12.179Z', 'deviceId': '21442286', 'deviceName': 'm32sd10c', 'self': 'https://t493319102.eu-latest.cumulocity.com/devicecontrol/operations/21453462', 'id': '21453462', 'status': 'PENDING', 'description': &quot;Apply software changes, triggered from PySys: [{'action': 'delete', 'id': '5495053', 'name': 'apple', 'url': ' ', 'version': '::fruits'}, {'action': 'delete', 'id': '5494888', 'name': 'banana', 'url': ' ', 'version': '::fruits'}, {'action': 'delete', 'id': '5475369', 'name': 'asciijump', 'url': ' ', 'version': '::apt'}, {'action': 'delete', 'id': '5495382', 'name': 'cherry', 'url': ' ', 'version': '::fruits'}, {'action': 'delete', 'id': '8018911', 'name': 'registry', 'url': ' ', 'version': '::docker'}]&quot;, 'c8y_SoftwareUpdate': [{'name': 'apple', 'action': 'delete', 'id': '5495053', 'version': '::fruits', 'url': ' '}, {'name': 'banana', 'action': 'delete', 'id': '5494888', 'version': '::fruits', 'url': ' '}, {'name': 'asciijump', 'action': 'delete', 'id': '5475369', 'version': '::apt', 'url': ' '}, {'name': 'cherry', 'action': 'delete', 'id': '5495382', 'version': '::fruits', 'url': ' '}, {'name': 'registry', 'action': 'delete', 'id': '8018911', 'version': '::docker', 'url': ' '}]}
17:38:14 INFO  State of operation 21453462 : PENDING
17:38:16 INFO  State of operation 21453462 : EXECUTING
17:38:18 INFO  State of operation 21453462 : EXECUTING
17:38:21 INFO  State of operation 21453462 : EXECUTING
17:38:23 INFO  State of operation 21453462 : EXECUTING
17:38:25 INFO  State of operation 21453462 : EXECUTING
17:38:28 INFO  State of operation 21453462 : EXECUTING
17:38:31 INFO  State of operation 21453462 : EXECUTING
17:38:33 INFO  State of operation 21453462 : EXECUTING
17:38:35 INFO  State of operation 21453462 : EXECUTING
17:38:38 INFO  State of operation 21453462 : EXECUTING
17:38:40 INFO  State of operation 21453462 : EXECUTING
17:38:42 INFO  State of operation 21453462 : EXECUTING
17:38:44 INFO  State of operation 21453462 : EXECUTING
17:38:47 INFO  State of operation 21453462 : EXECUTING
17:38:49 INFO  State of operation 21453462 : EXECUTING
17:38:53 INFO  State of operation 21453462 : EXECUTING
17:38:55 INFO  State of operation 21453462 : EXECUTING
17:38:58 INFO  State of operation 21453462 : EXECUTING
17:39:00 INFO  State of operation 21453462 : EXECUTING
17:39:02 INFO  State of operation 21453462 : EXECUTING
17:39:04 INFO  State of operation 21453462 : EXECUTING
17:39:07 INFO  State of operation 21453462 : EXECUTING
17:39:09 INFO  State of operation 21453462 : EXECUTING
17:39:12 INFO  State of operation 21453462 : EXECUTING
17:39:14 INFO  State of operation 21453462 : EXECUTING
17:39:16 INFO  State of operation 21453462 : EXECUTING
17:39:19 INFO  State of operation 21453462 : EXECUTING
17:39:21 INFO  State of operation 21453462 : EXECUTING
17:39:23 INFO  State of operation 21453462 : SUCCESSFUL
17:39:23 INFO  Package apple is installed
17:39:23 INFO  Assert that (True == value) with value=True ... passed
17:39:23 INFO  Package banana is installed
17:39:23 INFO  Assert that (True == value) with value=True ... passed
17:39:24 INFO  Package cherry is installed
17:39:24 INFO  Assert that (True == value) with value=True ... passed
17:39:24 INFO  Assert that (False == value) with value=False ... passed
17:39:24 INFO  Assert that (False == value) with value=False ... passed
17:39:24 INFO  
17:39:24 INFO  cleanup:
17:39:28 INFO  Executed sudo&lt;tedge_disconnect_c8y&gt;, exit status 0
17:39:29 INFO  Executed systemctl&lt;serv_mapper5&gt;, exit status 3
17:39:29 INFO  
17:39:29 INFO  Test duration: 168.03 secs
17:39:29 INFO  Test final outcome:  FAILED
17:39:29 INFO  Test outcome reason: Assert that (False == value) with value=True
17:39:29 INFO  
</system-out>
	</testcase>
</testsuite>
