<?xml version="1.0" encoding="utf-8"?>
<testsuite failures="1" name="SoftwareManagement.sm_fake_install_remove" skipped="0" tests="1" time="166.38" timestamp="2022-05-23T14:44:06">
	<testcase classname="PySysTest" name="SoftwareManagement.sm_fake_install_remove">
		<failure message="BLOCKED: SystemError: Timeout while waiting for status FAILED or SUCCESSFUL" type="BLOCKED"/>
		<system-out>14:41:19 INFO  ==============================================================
14:41:19 INFO  Id:    SoftwareManagement.sm_fake_install_remove
14:41:19 INFO  Dir:   software_management_end_to_end/
14:41:19 INFO  Title: Validate end to end behaviour for the dummy plugin for installation and removal of packages
14:41:19 INFO  ==============================================================
14:41:19 INFO  Using sw id database: {'asciijump': '5475369', 'robotfindskitten': '5474869', 'squirrel3': '5475279', 'rolldice': '5152439', 'moon-buggy': '5439204', 'apple': '5495053', 'banana': '5494888', 'cherry': '5495382', 'watermelon': '5494510', 'registry': '8018911', 'hello-world': '8021526', 'docker/getting-started': '8021973', 'alpine': '7991792'}
14:41:19 INFO  EnvironmentC8y Setup
14:41:20 INFO  Executed systemctl&lt;serv_mapper1&gt;, exit status 3
14:41:20 INFO  Restarting mosquitto too frequently in the last 10 seconds. It was only up for 4 seconds
14:41:20 INFO  Delaying execution by 7 seconds
14:41:41 INFO  Executed sudo&lt;tedge_connect_c8y&gt;, exit status 0, duration 14 secs
14:41:42 INFO  Executed sudo&lt;tedge_connect_c8y_test&gt;, exit status 0
14:41:42 INFO  Executed systemctl&lt;serv_mosq2&gt;, exit status 0
14:41:43 INFO  Executed systemctl&lt;serv_mapper3&gt;, exit status 0
14:41:45 INFO  State of current operation: PENDING
14:41:47 INFO  State of current operation: PENDING
14:41:50 INFO  State of current operation: PENDING
14:41:52 INFO  State of current operation: PENDING
14:41:54 INFO  State of current operation: PENDING
14:41:56 INFO  State of current operation: PENDING
14:41:58 INFO  State of current operation: PENDING
14:42:01 INFO  State of current operation: PENDING
14:42:03 INFO  State of current operation: PENDING
14:42:05 INFO  State of current operation: PENDING
14:42:07 INFO  State of current operation: PENDING
14:42:10 INFO  State of current operation: PENDING
14:42:12 INFO  State of current operation: PENDING
14:42:14 INFO  State of current operation: PENDING
14:42:16 INFO  State of current operation: PENDING
14:42:19 INFO  State of current operation: PENDING
14:42:21 INFO  State of current operation: PENDING
14:42:23 INFO  State of current operation: PENDING
14:42:25 INFO  State of current operation: PENDING
14:42:28 INFO  State of current operation: PENDING
14:42:30 INFO  State of current operation: PENDING
14:42:32 INFO  State of current operation: PENDING
14:42:34 INFO  State of current operation: PENDING
14:42:36 INFO  State of current operation: PENDING
14:42:39 INFO  State of current operation: PENDING
14:42:41 INFO  State of current operation: PENDING
14:42:43 INFO  State of current operation: PENDING
14:42:45 INFO  State of current operation: PENDING
14:42:48 INFO  State of current operation: PENDING
14:42:50 INFO  State of current operation: PENDING
14:42:52 INFO  State of current operation: PENDING
14:42:54 INFO  State of current operation: PENDING
14:42:57 INFO  State of current operation: PENDING
14:42:59 INFO  State of current operation: PENDING
14:43:01 INFO  State of current operation: PENDING
14:43:03 INFO  State of current operation: PENDING
14:43:06 INFO  State of current operation: PENDING
14:43:08 INFO  State of current operation: PENDING
14:43:10 INFO  State of current operation: PENDING
14:43:12 INFO  State of current operation: PENDING
14:43:14 INFO  State of current operation: PENDING
14:43:17 INFO  State of current operation: PENDING
14:43:19 INFO  State of current operation: PENDING
14:43:21 INFO  State of current operation: PENDING
14:43:23 INFO  State of current operation: PENDING
14:43:26 INFO  State of current operation: PENDING
14:43:28 INFO  State of current operation: PENDING
14:43:30 INFO  State of current operation: PENDING
14:43:32 INFO  State of current operation: PENDING
14:43:35 INFO  State of current operation: PENDING
14:43:37 INFO  State of current operation: PENDING
14:43:39 INFO  State of current operation: PENDING
14:43:41 INFO  State of current operation: PENDING
14:43:43 INFO  State of current operation: PENDING
14:43:46 INFO  State of current operation: PENDING
14:43:48 INFO  State of current operation: PENDING
14:43:50 INFO  State of current operation: PENDING
14:43:52 INFO  State of current operation: PENDING
14:43:55 INFO  State of current operation: PENDING
14:43:57 INFO  State of current operation: PENDING
14:43:59 INFO  State of current operation: PENDING
14:44:01 WARN  SystemError occurred while running test - Timeout while waiting for status FAILED or SUCCESSFUL
Traceback (most recent call last):
  File &quot;/home/pi/env-pysys/lib/python3.7/site-packages/pysys/baserunner.py&quot;, line 1292, in __call__
    self.testObj.setup()
  File &quot;/home/pi/actions-runner/_work/thin-edge.io/thin-edge.io/tests/PySys/software_management_end_to_end/sm_fake_install_remove/run.py&quot;, line 38, in setup
    super().setup()
  File &quot;/home/pi/actions-runner/_work/thin-edge.io/thin-edge.io/tests/PySys/software_management_end_to_end/environment_sm_management.py&quot;, line 151, in setup
    self.wait_until_end()
  File &quot;/home/pi/actions-runner/_work/thin-edge.io/thin-edge.io/tests/PySys/software_management_end_to_end/environment_sm_management.py&quot;, line 332, in wait_until_end
    self.wait_until_status(&quot;FAILED&quot;, &quot;SUCCESSFUL&quot;)
  File &quot;/home/pi/actions-runner/_work/thin-edge.io/thin-edge.io/tests/PySys/software_management_end_to_end/environment_sm_management.py&quot;, line 381, in wait_until_status
    &quot;Timeout while waiting for status %s or %s&quot; % (status, status2)
SystemError: Timeout while waiting for status FAILED or SUCCESSFUL
14:44:01 WARN  SystemError: Timeout while waiting for status FAILED or SUCCESSFUL ... blocked 
14:44:01 INFO  
14:44:01 INFO  cleanup:
14:44:05 INFO  Executed sudo&lt;tedge_disconnect_c8y&gt;, exit status 0
14:44:06 INFO  Executed systemctl&lt;serv_mapper5&gt;, exit status 3
14:44:06 INFO  
14:44:06 INFO  Test duration: 166.38 secs
14:44:06 INFO  Test final outcome:  BLOCKED
14:44:06 INFO  Test outcome reason: SystemError: Timeout while waiting for status FAILED or SUCCESSFUL
14:44:06 INFO  
</system-out>
	</testcase>
</testsuite>
