<?xml version="1.0" encoding="utf-8"?>
<testsuite failures="1" name="SoftwareManagement.sm_apt_install_remove_multiple" skipped="0" tests="1" time="138.15" timestamp="2022-07-20T11:55:44">
	<testcase classname="PySysTest" name="SoftwareManagement.sm_apt_install_remove_multiple">
		<failure message="FAILED: Assert that (False == value) with value=True (+2 other failures)" type="FAILED"/>
		<system-out>11:53:26 INFO  ==============================================================
11:53:26 INFO  Id:    SoftwareManagement.sm_apt_install_remove_multiple
11:53:26 INFO  Dir:   software_management_end_to_end/
11:53:26 INFO  Title: Validate end to end behaviour for the apt plugin for multiple packages
11:53:26 INFO  ==============================================================
11:53:26 INFO  Using sw id database: {'asciijump': '5475369', 'robotfindskitten': '5474869', 'squirrel3': '5475279', 'rolldice': '5152439', 'moon-buggy': '5439204', 'apple': '5495053', 'banana': '5494888', 'cherry': '5495382', 'watermelon': '5494510', 'registry': '8018911', 'hello-world': '8021526', 'docker/getting-started': '8021973', 'alpine': '7991792'}
11:53:26 INFO  EnvironmentC8y Setup
11:53:27 INFO  Executed systemctl&lt;serv_mapper1&gt;, exit status 3
11:53:27 INFO  Restarting mosquitto too frequently in the last 10 seconds. It was only up for 5 seconds
11:53:27 INFO  Delaying execution by 6 seconds
11:53:47 INFO  Executed sudo&lt;tedge_connect_c8y&gt;, exit status 0, duration 13 secs
11:53:48 INFO  Executed sudo&lt;tedge_connect_c8y_test&gt;, exit status 0
11:53:48 INFO  Executed systemctl&lt;serv_mosq2&gt;, exit status 0
11:53:48 INFO  Executed systemctl&lt;serv_mapper3&gt;, exit status 0
11:53:51 INFO  State of current operation: SUCCESSFUL
11:53:51 INFO  Assert that (False == value) with value=False ... passed
11:53:51 INFO  Package asciijump is installed
11:53:52 WARN  Assert that (False == value) with value=True ... failed 
11:53:52 INFO  Package squirrel3 is installed
11:53:52 WARN  Assert that (False == value) with value=True ... failed 
11:53:52 INFO  Package robotfindskitten is installed
11:53:52 WARN  Assert that (False == value) with value=True ... failed 
11:53:52 INFO  Response status: 201
11:53:52 INFO  Response to action: {
    &quot;creationTime&quot;: &quot;2022-07-20T11:53:52.744Z&quot;,
    &quot;deviceId&quot;: &quot;21058298&quot;,
    &quot;deviceName&quot;: &quot;m32sd10c&quot;,
    &quot;self&quot;: &quot;https://t493319102.eu-latest.cumulocity.com/devicecontrol/operations/21082508&quot;,
    &quot;id&quot;: &quot;21082508&quot;,
    &quot;status&quot;: &quot;PENDING&quot;,
    &quot;description&quot;: &quot;Apply software changes, triggered from PySys: [{'action': 'install', 'id': '5475369', 'name': 'asciijump', 'url': ' ', 'version': '::apt'}, {'action': 'install', 'id': '5474869', 'name': 'robotfindskitten', 'url': ' ', 'version': '::apt'}, {'action': 'install', 'id': '5475279', 'name': 'squirrel3', 'url': ' ', 'version': '::apt'}]&quot;,
    &quot;c8y_SoftwareUpdate&quot;: [
        {
            &quot;name&quot;: &quot;asciijump&quot;,
            &quot;action&quot;: &quot;install&quot;,
            &quot;id&quot;: &quot;5475369&quot;,
            &quot;version&quot;: &quot;::apt&quot;,
            &quot;url&quot;: &quot; &quot;
        },
        {
            &quot;name&quot;: &quot;robotfindskitten&quot;,
            &quot;action&quot;: &quot;install&quot;,
            &quot;id&quot;: &quot;5474869&quot;,
            &quot;version&quot;: &quot;::apt&quot;,
            &quot;url&quot;: &quot; &quot;
        },
        {
            &quot;name&quot;: &quot;squirrel3&quot;,
            &quot;action&quot;: &quot;install&quot;,
            &quot;id&quot;: &quot;5475279&quot;,
            &quot;version&quot;: &quot;::apt&quot;,
            &quot;url&quot;: &quot; &quot;
        }
    ]
}
11:53:52 INFO  Started operation: {'creationTime': '2022-07-20T11:53:52.744Z', 'deviceId': '21058298', 'deviceName': 'm32sd10c', 'self': 'https://t493319102.eu-latest.cumulocity.com/devicecontrol/operations/21082508', 'id': '21082508', 'status': 'PENDING', 'description': &quot;Apply software changes, triggered from PySys: [{'action': 'install', 'id': '5475369', 'name': 'asciijump', 'url': ' ', 'version': '::apt'}, {'action': 'install', 'id': '5474869', 'name': 'robotfindskitten', 'url': ' ', 'version': '::apt'}, {'action': 'install', 'id': '5475279', 'name': 'squirrel3', 'url': ' ', 'version': '::apt'}]&quot;, 'c8y_SoftwareUpdate': [{'name': 'asciijump', 'action': 'install', 'id': '5475369', 'version': '::apt', 'url': ' '}, {'name': 'robotfindskitten', 'action': 'install', 'id': '5474869', 'version': '::apt', 'url': ' '}, {'name': 'squirrel3', 'action': 'install', 'id': '5475279', 'version': '::apt', 'url': ' '}]}
11:53:55 INFO  State of operation 21082508 : PENDING
11:53:57 INFO  State of operation 21082508 : EXECUTING
11:53:59 INFO  State of operation 21082508 : EXECUTING
11:54:01 INFO  State of operation 21082508 : EXECUTING
11:54:03 INFO  State of operation 21082508 : EXECUTING
11:54:06 INFO  State of operation 21082508 : EXECUTING
11:54:08 INFO  State of operation 21082508 : EXECUTING
11:54:11 INFO  State of operation 21082508 : EXECUTING
11:54:14 INFO  State of operation 21082508 : EXECUTING
11:54:16 INFO  State of operation 21082508 : EXECUTING
11:54:18 INFO  State of operation 21082508 : EXECUTING
11:54:20 INFO  State of operation 21082508 : EXECUTING
11:54:23 INFO  State of operation 21082508 : EXECUTING
11:54:25 INFO  State of operation 21082508 : EXECUTING
11:54:27 INFO  State of operation 21082508 : EXECUTING
11:54:29 INFO  State of operation 21082508 : SUCCESSFUL
11:54:30 INFO  Assert that (False == value) with value=False ... passed
11:54:30 INFO  Package asciijump is installed
11:54:30 INFO  Assert that (True == value) with value=True ... passed
11:54:30 INFO  Package squirrel3 is installed
11:54:30 INFO  Assert that (True == value) with value=True ... passed
11:54:30 INFO  Package robotfindskitten is installed
11:54:30 INFO  Assert that (True == value) with value=True ... passed
11:54:30 INFO  Response status: 201
11:54:30 INFO  Response to action: {
    &quot;creationTime&quot;: &quot;2022-07-20T11:54:30.896Z&quot;,
    &quot;deviceId&quot;: &quot;21058298&quot;,
    &quot;deviceName&quot;: &quot;m32sd10c&quot;,
    &quot;self&quot;: &quot;https://t493319102.eu-latest.cumulocity.com/devicecontrol/operations/21082516&quot;,
    &quot;id&quot;: &quot;21082516&quot;,
    &quot;status&quot;: &quot;PENDING&quot;,
    &quot;description&quot;: &quot;Apply software changes, triggered from PySys: [{'action': 'delete', 'id': '5475369', 'name': 'asciijump', 'url': ' ', 'version': '::apt'}, {'action': 'delete', 'id': '5474869', 'name': 'robotfindskitten', 'url': ' ', 'version': '::apt'}, {'action': 'delete', 'id': '5475279', 'name': 'squirrel3', 'url': ' ', 'version': '::apt'}]&quot;,
    &quot;c8y_SoftwareUpdate&quot;: [
        {
            &quot;name&quot;: &quot;asciijump&quot;,
            &quot;action&quot;: &quot;delete&quot;,
            &quot;id&quot;: &quot;5475369&quot;,
            &quot;version&quot;: &quot;::apt&quot;,
            &quot;url&quot;: &quot; &quot;
        },
        {
            &quot;name&quot;: &quot;robotfindskitten&quot;,
            &quot;action&quot;: &quot;delete&quot;,
            &quot;id&quot;: &quot;5474869&quot;,
            &quot;version&quot;: &quot;::apt&quot;,
            &quot;url&quot;: &quot; &quot;
        },
        {
            &quot;name&quot;: &quot;squirrel3&quot;,
            &quot;action&quot;: &quot;delete&quot;,
            &quot;id&quot;: &quot;5475279&quot;,
            &quot;version&quot;: &quot;::apt&quot;,
            &quot;url&quot;: &quot; &quot;
        }
    ]
}
11:54:30 INFO  Started operation: {'creationTime': '2022-07-20T11:54:30.896Z', 'deviceId': '21058298', 'deviceName': 'm32sd10c', 'self': 'https://t493319102.eu-latest.cumulocity.com/devicecontrol/operations/21082516', 'id': '21082516', 'status': 'PENDING', 'description': &quot;Apply software changes, triggered from PySys: [{'action': 'delete', 'id': '5475369', 'name': 'asciijump', 'url': ' ', 'version': '::apt'}, {'action': 'delete', 'id': '5474869', 'name': 'robotfindskitten', 'url': ' ', 'version': '::apt'}, {'action': 'delete', 'id': '5475279', 'name': 'squirrel3', 'url': ' ', 'version': '::apt'}]&quot;, 'c8y_SoftwareUpdate': [{'name': 'asciijump', 'action': 'delete', 'id': '5475369', 'version': '::apt', 'url': ' '}, {'name': 'robotfindskitten', 'action': 'delete', 'id': '5474869', 'version': '::apt', 'url': ' '}, {'name': 'squirrel3', 'action': 'delete', 'id': '5475279', 'version': '::apt', 'url': ' '}]}
11:54:33 INFO  State of operation 21082516 : PENDING
11:54:35 INFO  State of operation 21082516 : EXECUTING
11:54:37 INFO  State of operation 21082516 : EXECUTING
11:54:39 INFO  State of operation 21082516 : EXECUTING
11:54:42 INFO  State of operation 21082516 : EXECUTING
11:54:44 INFO  State of operation 21082516 : EXECUTING
11:54:47 INFO  State of operation 21082516 : EXECUTING
11:54:50 INFO  State of operation 21082516 : EXECUTING
11:54:52 INFO  State of operation 21082516 : EXECUTING
11:54:54 INFO  State of operation 21082516 : EXECUTING
11:54:57 INFO  State of operation 21082516 : EXECUTING
11:54:59 INFO  State of operation 21082516 : EXECUTING
11:55:01 INFO  State of operation 21082516 : EXECUTING
11:55:03 INFO  State of operation 21082516 : EXECUTING
11:55:06 INFO  State of operation 21082516 : EXECUTING
11:55:08 INFO  State of operation 21082516 : EXECUTING
11:55:10 INFO  State of operation 21082516 : EXECUTING
11:55:13 INFO  State of operation 21082516 : EXECUTING
11:55:15 INFO  State of operation 21082516 : EXECUTING
11:55:17 INFO  State of operation 21082516 : EXECUTING
11:55:20 INFO  State of operation 21082516 : EXECUTING
11:55:22 INFO  State of operation 21082516 : EXECUTING
11:55:24 INFO  State of operation 21082516 : EXECUTING
11:55:26 INFO  State of operation 21082516 : EXECUTING
11:55:29 INFO  State of operation 21082516 : EXECUTING
11:55:31 INFO  State of operation 21082516 : EXECUTING
11:55:34 INFO  State of operation 21082516 : EXECUTING
11:55:36 INFO  State of operation 21082516 : EXECUTING
11:55:39 INFO  State of operation 21082516 : SUCCESSFUL
11:55:39 INFO  Assert that (False == value) with value=False ... passed
11:55:39 INFO  Assert that (False == value) with value=False ... passed
11:55:39 INFO  Assert that (False == value) with value=False ... passed
11:55:40 INFO  Assert that (False == value) with value=False ... passed
11:55:40 INFO  
11:55:40 INFO  cleanup:
11:55:44 INFO  Executed sudo&lt;tedge_disconnect_c8y&gt;, exit status 0
11:55:44 INFO  Executed systemctl&lt;serv_mapper5&gt;, exit status 3
11:55:44 INFO  
11:55:44 INFO  Test duration: 138.15 secs
11:55:44 INFO  Test final outcome:  FAILED
11:55:44 INFO  Test outcome reason: Assert that (False == value) with value=True (+2 other failures)
11:55:44 INFO  
</system-out>
	</testcase>
</testsuite>
