<?xml version="1.0" encoding="utf-8"?>
<testsuite failures="1" name="SoftwareManagement.sm_apt_install_remove_multiple_mixed" skipped="0" tests="1" time="176.98" timestamp="2022-06-17T09:49:54">
	<testcase classname="PySysTest" name="SoftwareManagement.sm_apt_install_remove_multiple_mixed">
		<failure message="BLOCKED: SystemError: Timeout while waiting for status SUCCESSFUL or False (+1 other failures)" type="BLOCKED"/>
		<system-out>09:46:57 INFO  ==============================================================
09:46:57 INFO  Id:    SoftwareManagement.sm_apt_install_remove_multiple_mixed
09:46:57 INFO  Dir:   software_management_end_to_end/
09:46:57 INFO  Title: Validate end to end behaviour for the apt plugin for multiple packages with mixed versions
09:46:57 INFO  ==============================================================
09:46:58 INFO  Using sw id database: {'asciijump': '5475369', 'robotfindskitten': '5474869', 'squirrel3': '5475279', 'rolldice': '5152439', 'moon-buggy': '5439204', 'apple': '5495053', 'banana': '5494888', 'cherry': '5495382', 'watermelon': '5494510', 'registry': '8018911', 'hello-world': '8021526', 'docker/getting-started': '8021973', 'alpine': '7991792'}
09:46:58 INFO  EnvironmentC8y Setup
09:46:58 INFO  Executed systemctl&lt;serv_mapper1&gt;, exit status 3
09:46:58 INFO  Restarting mosquitto too frequently in the last 10 seconds. It was only up for 5 seconds
09:46:58 INFO  Delaying execution by 6 seconds
09:47:18 INFO  Executed sudo&lt;tedge_connect_c8y&gt;, exit status 0, duration 13 secs
09:47:19 INFO  Executed sudo&lt;tedge_connect_c8y_test&gt;, exit status 0
09:47:19 INFO  Executed systemctl&lt;serv_mosq2&gt;, exit status 0
09:47:20 INFO  Executed systemctl&lt;serv_mapper3&gt;, exit status 0
09:47:22 INFO  State of current operation: SUCCESSFUL
09:47:22 INFO  Assert that (False == value) with value=False ... passed
09:47:23 INFO  Assert that (False == value) with value=False ... passed
09:47:23 INFO  Assert that (False == value) with value=False ... passed
09:47:23 INFO  Assert that (False == value) with value=False ... passed
09:47:23 INFO  Package moon-buggy is installed
09:47:23 WARN  Assert that (False == value) with value=True ... failed 
09:47:25 INFO  Response status: 201
09:47:25 INFO  Response to action: {
    &quot;creationTime&quot;: &quot;2022-06-17T09:47:25.053Z&quot;,
    &quot;deviceName&quot;: &quot;m32sd10c&quot;,
    &quot;deviceId&quot;: &quot;20260753&quot;,
    &quot;self&quot;: &quot;https://t493319102.eu-latest.cumulocity.com/devicecontrol/operations/20282600&quot;,
    &quot;id&quot;: &quot;20282600&quot;,
    &quot;status&quot;: &quot;PENDING&quot;,
    &quot;description&quot;: &quot;Apply software changes, triggered from PySys: [{'action': 'install', 'id': '5475369', 'name': 'asciijump', 'url': ' ', 'version': '::apt'}, {'action': 'install', 'id': '5474869', 'name': 'robotfindskitten', 'url': ' ', 'version': ' '}, {'action': 'install', 'id': '5475279', 'name': 'squirrel3', 'url': ' ', 'version': '3.1-7::apt'}, {'action': 'install', 'id': '5152439', 'name': 'rolldice', 'url': ' ', 'version': '1.16-1+b1'}, {'action': 'install', 'id': '5439204', 'name': 'moon-buggy', 'url': ' ', 'version': '1:1.0.51-12'}, {'action': 'install', 'id': '5475369', 'name': 'asciijump', 'url': ' ', 'version': '::apt'}]&quot;,
    &quot;c8y_SoftwareUpdate&quot;: [
        {
            &quot;name&quot;: &quot;asciijump&quot;,
            &quot;action&quot;: &quot;install&quot;,
            &quot;id&quot;: &quot;5475369&quot;,
            &quot;version&quot;: &quot;::apt&quot;,
            &quot;url&quot;: &quot; &quot;
        },
        {
            &quot;name&quot;: &quot;robotfindskitten&quot;,
            &quot;action&quot;: &quot;install&quot;,
            &quot;id&quot;: &quot;5474869&quot;,
            &quot;version&quot;: &quot; &quot;,
            &quot;url&quot;: &quot; &quot;
        },
        {
            &quot;name&quot;: &quot;squirrel3&quot;,
            &quot;action&quot;: &quot;install&quot;,
            &quot;id&quot;: &quot;5475279&quot;,
            &quot;version&quot;: &quot;3.1-7::apt&quot;,
            &quot;url&quot;: &quot; &quot;
        },
        {
            &quot;name&quot;: &quot;rolldice&quot;,
            &quot;action&quot;: &quot;install&quot;,
            &quot;id&quot;: &quot;5152439&quot;,
            &quot;version&quot;: &quot;1.16-1+b1&quot;,
            &quot;url&quot;: &quot; &quot;
        },
        {
            &quot;name&quot;: &quot;moon-buggy&quot;,
            &quot;action&quot;: &quot;install&quot;,
            &quot;id&quot;: &quot;5439204&quot;,
            &quot;version&quot;: &quot;1:1.0.51-12&quot;,
            &quot;url&quot;: &quot; &quot;
        },
        {
            &quot;name&quot;: &quot;asciijump&quot;,
            &quot;action&quot;: &quot;install&quot;,
            &quot;id&quot;: &quot;5475369&quot;,
            &quot;version&quot;: &quot;::apt&quot;,
            &quot;url&quot;: &quot; &quot;
        }
    ]
}
09:47:25 INFO  Started operation: {'creationTime': '2022-06-17T09:47:25.053Z', 'deviceName': 'm32sd10c', 'deviceId': '20260753', 'self': 'https://t493319102.eu-latest.cumulocity.com/devicecontrol/operations/20282600', 'id': '20282600', 'status': 'PENDING', 'description': &quot;Apply software changes, triggered from PySys: [{'action': 'install', 'id': '5475369', 'name': 'asciijump', 'url': ' ', 'version': '::apt'}, {'action': 'install', 'id': '5474869', 'name': 'robotfindskitten', 'url': ' ', 'version': ' '}, {'action': 'install', 'id': '5475279', 'name': 'squirrel3', 'url': ' ', 'version': '3.1-7::apt'}, {'action': 'install', 'id': '5152439', 'name': 'rolldice', 'url': ' ', 'version': '1.16-1+b1'}, {'action': 'install', 'id': '5439204', 'name': 'moon-buggy', 'url': ' ', 'version': '1:1.0.51-12'}, {'action': 'install', 'id': '5475369', 'name': 'asciijump', 'url': ' ', 'version': '::apt'}]&quot;, 'c8y_SoftwareUpdate': [{'name': 'asciijump', 'action': 'install', 'id': '5475369', 'version': '::apt', 'url': ' '}, {'name': 'robotfindskitten', 'action': 'install', 'id': '5474869', 'version': ' ', 'url': ' '}, {'name': 'squirrel3', 'action': 'install', 'id': '5475279', 'version': '3.1-7::apt', 'url': ' '}, {'name': 'rolldice', 'action': 'install', 'id': '5152439', 'version': '1.16-1+b1', 'url': ' '}, {'name': 'moon-buggy', 'action': 'install', 'id': '5439204', 'version': '1:1.0.51-12', 'url': ' '}, {'name': 'asciijump', 'action': 'install', 'id': '5475369', 'version': '::apt', 'url': ' '}]}
09:47:27 INFO  State of operation 20282600 : PENDING
09:47:29 INFO  State of operation 20282600 : EXECUTING
09:47:31 INFO  State of operation 20282600 : EXECUTING
09:47:33 INFO  State of operation 20282600 : EXECUTING
09:47:36 INFO  State of operation 20282600 : EXECUTING
09:47:38 INFO  State of operation 20282600 : EXECUTING
09:47:41 INFO  State of operation 20282600 : EXECUTING
09:47:43 INFO  State of operation 20282600 : EXECUTING
09:47:46 INFO  State of operation 20282600 : EXECUTING
09:47:48 INFO  State of operation 20282600 : EXECUTING
09:47:50 INFO  State of operation 20282600 : EXECUTING
09:47:53 INFO  State of operation 20282600 : EXECUTING
09:47:55 INFO  State of operation 20282600 : EXECUTING
09:47:57 INFO  State of operation 20282600 : EXECUTING
09:47:59 INFO  State of operation 20282600 : EXECUTING
09:48:02 INFO  State of operation 20282600 : EXECUTING
09:48:04 INFO  State of operation 20282600 : EXECUTING
09:48:06 INFO  State of operation 20282600 : EXECUTING
09:48:09 INFO  State of operation 20282600 : EXECUTING
09:48:12 INFO  State of operation 20282600 : EXECUTING
09:48:14 INFO  State of operation 20282600 : EXECUTING
09:48:16 INFO  State of operation 20282600 : EXECUTING
09:48:19 INFO  State of operation 20282600 : EXECUTING
09:48:21 INFO  State of operation 20282600 : EXECUTING
09:48:23 INFO  State of operation 20282600 : EXECUTING
09:48:25 INFO  State of operation 20282600 : EXECUTING
09:48:28 INFO  State of operation 20282600 : EXECUTING
09:48:30 INFO  State of operation 20282600 : EXECUTING
09:48:33 INFO  State of operation 20282600 : EXECUTING
09:48:35 INFO  State of operation 20282600 : EXECUTING
09:48:37 INFO  State of operation 20282600 : EXECUTING
09:48:40 INFO  State of operation 20282600 : EXECUTING
09:48:42 INFO  State of operation 20282600 : EXECUTING
09:48:44 INFO  State of operation 20282600 : EXECUTING
09:48:46 INFO  State of operation 20282600 : EXECUTING
09:48:48 INFO  State of operation 20282600 : EXECUTING
09:48:51 INFO  State of operation 20282600 : EXECUTING
09:48:53 INFO  State of operation 20282600 : EXECUTING
09:48:56 INFO  State of operation 20282600 : EXECUTING
09:48:58 INFO  State of operation 20282600 : EXECUTING
09:49:01 INFO  State of operation 20282600 : EXECUTING
09:49:03 INFO  State of operation 20282600 : EXECUTING
09:49:05 INFO  State of operation 20282600 : EXECUTING
09:49:07 INFO  State of operation 20282600 : EXECUTING
09:49:10 INFO  State of operation 20282600 : EXECUTING
09:49:12 INFO  State of operation 20282600 : EXECUTING
09:49:14 INFO  State of operation 20282600 : EXECUTING
09:49:16 INFO  State of operation 20282600 : EXECUTING
09:49:19 INFO  State of operation 20282600 : EXECUTING
09:49:21 INFO  State of operation 20282600 : EXECUTING
09:49:24 INFO  State of operation 20282600 : EXECUTING
09:49:26 INFO  State of operation 20282600 : EXECUTING
09:49:29 INFO  State of operation 20282600 : EXECUTING
09:49:31 INFO  State of operation 20282600 : EXECUTING
09:49:33 INFO  State of operation 20282600 : EXECUTING
09:49:35 INFO  State of operation 20282600 : EXECUTING
09:49:38 INFO  State of operation 20282600 : EXECUTING
09:49:40 INFO  State of operation 20282600 : EXECUTING
09:49:42 INFO  State of operation 20282600 : EXECUTING
09:49:44 INFO  State of operation 20282600 : EXECUTING
09:49:47 INFO  State of operation 20282600 : EXECUTING
09:49:49 WARN  SystemError occurred while running test - Timeout while waiting for status SUCCESSFUL or False
Traceback (most recent call last):
  File &quot;/home/pi/env-pysys/lib/python3.7/site-packages/pysys/baserunner.py&quot;, line 1294, in __call__
    self.testObj.execute()
  File &quot;/home/pi/actions-runner/_work/thin-edge.io/thin-edge.io/tests/PySys/software_management_end_to_end/sm_apt_install_remove_multiple_mixed/run.py&quot;, line 89, in execute
    self.wait_until_succcess()
  File &quot;/home/pi/actions-runner/_work/thin-edge.io/thin-edge.io/tests/PySys/software_management_end_to_end/environment_sm_management.py&quot;, line 324, in wait_until_succcess
    self.wait_until_status(&quot;SUCCESSFUL&quot;)
  File &quot;/home/pi/actions-runner/_work/thin-edge.io/thin-edge.io/tests/PySys/software_management_end_to_end/environment_sm_management.py&quot;, line 381, in wait_until_status
    &quot;Timeout while waiting for status %s or %s&quot; % (status, status2)
SystemError: Timeout while waiting for status SUCCESSFUL or False
09:49:49 WARN  SystemError: Timeout while waiting for status SUCCESSFUL or False ... blocked 
09:49:49 INFO  
09:49:49 INFO  cleanup:
09:49:54 INFO  Executed sudo&lt;tedge_disconnect_c8y&gt;, exit status 0
09:49:54 INFO  Executed systemctl&lt;serv_mapper5&gt;, exit status 3
09:49:54 INFO  
09:49:54 INFO  Test duration: 176.98 secs
09:49:54 INFO  Test final outcome:  BLOCKED
09:49:54 INFO  Test outcome reason: SystemError: Timeout while waiting for status SUCCESSFUL or False (+1 other failures)
09:49:54 INFO  
</system-out>
	</testcase>
</testsuite>
