<?xml version="1.0" encoding="utf-8"?>
<testsuite failures="1" name="SoftwareManagement.sm_apt_install_remove_multiple" skipped="0" tests="1" time="139.43" timestamp="2022-06-22T18:30:16">
	<testcase classname="PySysTest" name="SoftwareManagement.sm_apt_install_remove_multiple">
		<failure message="FAILED: Assert that (False == value) with value=True (+2 other failures)" type="FAILED"/>
		<system-out>18:27:57 INFO  ==============================================================
18:27:57 INFO  Id:    SoftwareManagement.sm_apt_install_remove_multiple
18:27:57 INFO  Dir:   software_management_end_to_end/
18:27:57 INFO  Title: Validate end to end behaviour for the apt plugin for multiple packages
18:27:57 INFO  ==============================================================
18:27:57 INFO  Using sw id database: {'asciijump': '5475369', 'robotfindskitten': '5474869', 'squirrel3': '5475279', 'rolldice': '5152439', 'moon-buggy': '5439204', 'apple': '5495053', 'banana': '5494888', 'cherry': '5495382', 'watermelon': '5494510', 'registry': '8018911', 'hello-world': '8021526', 'docker/getting-started': '8021973', 'alpine': '7991792'}
18:27:57 INFO  EnvironmentC8y Setup
18:27:58 INFO  Executed systemctl&lt;serv_mapper1&gt;, exit status 3
18:27:58 INFO  Restarting mosquitto too frequently in the last 10 seconds. It was only up for 4 seconds
18:27:58 INFO  Delaying execution by 7 seconds
18:28:19 INFO  Executed sudo&lt;tedge_connect_c8y&gt;, exit status 0, duration 14 secs
18:28:19 INFO  Executed sudo&lt;tedge_connect_c8y_test&gt;, exit status 0
18:28:20 INFO  Executed systemctl&lt;serv_mosq2&gt;, exit status 0
18:28:20 INFO  Executed systemctl&lt;serv_mapper3&gt;, exit status 0
18:28:22 INFO  State of current operation: SUCCESSFUL
18:28:23 INFO  Assert that (False == value) with value=False ... passed
18:28:23 INFO  Package asciijump is installed
18:28:23 WARN  Assert that (False == value) with value=True ... failed 
18:28:24 INFO  Package squirrel3 is installed
18:28:24 WARN  Assert that (False == value) with value=True ... failed 
18:28:24 INFO  Package robotfindskitten is installed
18:28:24 WARN  Assert that (False == value) with value=True ... failed 
18:28:24 INFO  Response status: 201
18:28:24 INFO  Response to action: {
    &quot;delivery&quot;: {
        &quot;log&quot;: [],
        &quot;time&quot;: &quot;2022-06-22T18:28:24.505Z&quot;,
        &quot;status&quot;: &quot;PENDING&quot;
    },
    &quot;creationTime&quot;: &quot;2022-06-22T18:28:24.490Z&quot;,
    &quot;deviceName&quot;: &quot;m32sd10c&quot;,
    &quot;deviceId&quot;: &quot;20416696&quot;,
    &quot;self&quot;: &quot;https://t493319102.eu-latest.cumulocity.com/devicecontrol/operations/20433883&quot;,
    &quot;id&quot;: &quot;20433883&quot;,
    &quot;status&quot;: &quot;PENDING&quot;,
    &quot;description&quot;: &quot;Apply software changes, triggered from PySys: [{'action': 'install', 'id': '5475369', 'name': 'asciijump', 'url': ' ', 'version': '::apt'}, {'action': 'install', 'id': '5474869', 'name': 'robotfindskitten', 'url': ' ', 'version': '::apt'}, {'action': 'install', 'id': '5475279', 'name': 'squirrel3', 'url': ' ', 'version': '::apt'}]&quot;,
    &quot;c8y_SoftwareUpdate&quot;: [
        {
            &quot;name&quot;: &quot;asciijump&quot;,
            &quot;action&quot;: &quot;install&quot;,
            &quot;id&quot;: &quot;5475369&quot;,
            &quot;version&quot;: &quot;::apt&quot;,
            &quot;url&quot;: &quot; &quot;
        },
        {
            &quot;name&quot;: &quot;robotfindskitten&quot;,
            &quot;action&quot;: &quot;install&quot;,
            &quot;id&quot;: &quot;5474869&quot;,
            &quot;version&quot;: &quot;::apt&quot;,
            &quot;url&quot;: &quot; &quot;
        },
        {
            &quot;name&quot;: &quot;squirrel3&quot;,
            &quot;action&quot;: &quot;install&quot;,
            &quot;id&quot;: &quot;5475279&quot;,
            &quot;version&quot;: &quot;::apt&quot;,
            &quot;url&quot;: &quot; &quot;
        }
    ]
}
18:28:24 INFO  Started operation: {'delivery': {'log': [], 'time': '2022-06-22T18:28:24.505Z', 'status': 'PENDING'}, 'creationTime': '2022-06-22T18:28:24.490Z', 'deviceName': 'm32sd10c', 'deviceId': '20416696', 'self': 'https://t493319102.eu-latest.cumulocity.com/devicecontrol/operations/20433883', 'id': '20433883', 'status': 'PENDING', 'description': &quot;Apply software changes, triggered from PySys: [{'action': 'install', 'id': '5475369', 'name': 'asciijump', 'url': ' ', 'version': '::apt'}, {'action': 'install', 'id': '5474869', 'name': 'robotfindskitten', 'url': ' ', 'version': '::apt'}, {'action': 'install', 'id': '5475279', 'name': 'squirrel3', 'url': ' ', 'version': '::apt'}]&quot;, 'c8y_SoftwareUpdate': [{'name': 'asciijump', 'action': 'install', 'id': '5475369', 'version': '::apt', 'url': ' '}, {'name': 'robotfindskitten', 'action': 'install', 'id': '5474869', 'version': '::apt', 'url': ' '}, {'name': 'squirrel3', 'action': 'install', 'id': '5475279', 'version': '::apt', 'url': ' '}]}
18:28:26 INFO  State of operation 20433883 : PENDING
18:28:28 INFO  State of operation 20433883 : EXECUTING
18:28:31 INFO  State of operation 20433883 : EXECUTING
18:28:33 INFO  State of operation 20433883 : EXECUTING
18:28:35 INFO  State of operation 20433883 : EXECUTING
18:28:37 INFO  State of operation 20433883 : EXECUTING
18:28:40 INFO  State of operation 20433883 : EXECUTING
18:28:43 INFO  State of operation 20433883 : EXECUTING
18:28:46 INFO  State of operation 20433883 : EXECUTING
18:28:48 INFO  State of operation 20433883 : EXECUTING
18:28:50 INFO  State of operation 20433883 : EXECUTING
18:28:53 INFO  State of operation 20433883 : EXECUTING
18:28:55 INFO  State of operation 20433883 : EXECUTING
18:28:57 INFO  State of operation 20433883 : EXECUTING
18:28:59 INFO  State of operation 20433883 : EXECUTING
18:29:01 INFO  State of operation 20433883 : SUCCESSFUL
18:29:02 INFO  Assert that (False == value) with value=False ... passed
18:29:02 INFO  Package asciijump is installed
18:29:02 INFO  Assert that (True == value) with value=True ... passed
18:29:02 INFO  Package squirrel3 is installed
18:29:02 INFO  Assert that (True == value) with value=True ... passed
18:29:02 INFO  Package robotfindskitten is installed
18:29:02 INFO  Assert that (True == value) with value=True ... passed
18:29:03 INFO  Response status: 201
18:29:03 INFO  Response to action: {
    &quot;delivery&quot;: {
        &quot;log&quot;: [],
        &quot;time&quot;: &quot;2022-06-22T18:29:03.090Z&quot;,
        &quot;status&quot;: &quot;PENDING&quot;
    },
    &quot;creationTime&quot;: &quot;2022-06-22T18:29:03.074Z&quot;,
    &quot;deviceName&quot;: &quot;m32sd10c&quot;,
    &quot;deviceId&quot;: &quot;20416696&quot;,
    &quot;self&quot;: &quot;https://t493319102.eu-latest.cumulocity.com/devicecontrol/operations/20433896&quot;,
    &quot;id&quot;: &quot;20433896&quot;,
    &quot;status&quot;: &quot;PENDING&quot;,
    &quot;description&quot;: &quot;Apply software changes, triggered from PySys: [{'action': 'delete', 'id': '5475369', 'name': 'asciijump', 'url': ' ', 'version': '::apt'}, {'action': 'delete', 'id': '5474869', 'name': 'robotfindskitten', 'url': ' ', 'version': '::apt'}, {'action': 'delete', 'id': '5475279', 'name': 'squirrel3', 'url': ' ', 'version': '::apt'}]&quot;,
    &quot;c8y_SoftwareUpdate&quot;: [
        {
            &quot;name&quot;: &quot;asciijump&quot;,
            &quot;action&quot;: &quot;delete&quot;,
            &quot;id&quot;: &quot;5475369&quot;,
            &quot;version&quot;: &quot;::apt&quot;,
            &quot;url&quot;: &quot; &quot;
        },
        {
            &quot;name&quot;: &quot;robotfindskitten&quot;,
            &quot;action&quot;: &quot;delete&quot;,
            &quot;id&quot;: &quot;5474869&quot;,
            &quot;version&quot;: &quot;::apt&quot;,
            &quot;url&quot;: &quot; &quot;
        },
        {
            &quot;name&quot;: &quot;squirrel3&quot;,
            &quot;action&quot;: &quot;delete&quot;,
            &quot;id&quot;: &quot;5475279&quot;,
            &quot;version&quot;: &quot;::apt&quot;,
            &quot;url&quot;: &quot; &quot;
        }
    ]
}
18:29:03 INFO  Started operation: {'delivery': {'log': [], 'time': '2022-06-22T18:29:03.090Z', 'status': 'PENDING'}, 'creationTime': '2022-06-22T18:29:03.074Z', 'deviceName': 'm32sd10c', 'deviceId': '20416696', 'self': 'https://t493319102.eu-latest.cumulocity.com/devicecontrol/operations/20433896', 'id': '20433896', 'status': 'PENDING', 'description': &quot;Apply software changes, triggered from PySys: [{'action': 'delete', 'id': '5475369', 'name': 'asciijump', 'url': ' ', 'version': '::apt'}, {'action': 'delete', 'id': '5474869', 'name': 'robotfindskitten', 'url': ' ', 'version': '::apt'}, {'action': 'delete', 'id': '5475279', 'name': 'squirrel3', 'url': ' ', 'version': '::apt'}]&quot;, 'c8y_SoftwareUpdate': [{'name': 'asciijump', 'action': 'delete', 'id': '5475369', 'version': '::apt', 'url': ' '}, {'name': 'robotfindskitten', 'action': 'delete', 'id': '5474869', 'version': '::apt', 'url': ' '}, {'name': 'squirrel3', 'action': 'delete', 'id': '5475279', 'version': '::apt', 'url': ' '}]}
18:29:05 INFO  State of operation 20433896 : PENDING
18:29:07 INFO  State of operation 20433896 : EXECUTING
18:29:09 INFO  State of operation 20433896 : EXECUTING
18:29:12 INFO  State of operation 20433896 : EXECUTING
18:29:14 INFO  State of operation 20433896 : EXECUTING
18:29:16 INFO  State of operation 20433896 : EXECUTING
18:29:19 INFO  State of operation 20433896 : EXECUTING
18:29:22 INFO  State of operation 20433896 : EXECUTING
18:29:24 INFO  State of operation 20433896 : EXECUTING
18:29:26 INFO  State of operation 20433896 : EXECUTING
18:29:29 INFO  State of operation 20433896 : EXECUTING
18:29:31 INFO  State of operation 20433896 : EXECUTING
18:29:33 INFO  State of operation 20433896 : EXECUTING
18:29:35 INFO  State of operation 20433896 : EXECUTING
18:29:38 INFO  State of operation 20433896 : EXECUTING
18:29:40 INFO  State of operation 20433896 : EXECUTING
18:29:42 INFO  State of operation 20433896 : EXECUTING
18:29:45 INFO  State of operation 20433896 : EXECUTING
18:29:48 INFO  State of operation 20433896 : EXECUTING
18:29:50 INFO  State of operation 20433896 : EXECUTING
18:29:52 INFO  State of operation 20433896 : EXECUTING
18:29:54 INFO  State of operation 20433896 : EXECUTING
18:29:57 INFO  State of operation 20433896 : EXECUTING
18:29:59 INFO  State of operation 20433896 : EXECUTING
18:30:02 INFO  State of operation 20433896 : EXECUTING
18:30:04 INFO  State of operation 20433896 : EXECUTING
18:30:06 INFO  State of operation 20433896 : EXECUTING
18:30:09 INFO  State of operation 20433896 : EXECUTING
18:30:11 INFO  State of operation 20433896 : SUCCESSFUL
18:30:11 INFO  Assert that (False == value) with value=False ... passed
18:30:11 INFO  Assert that (False == value) with value=False ... passed
18:30:12 INFO  Assert that (False == value) with value=False ... passed
18:30:12 INFO  Assert that (False == value) with value=False ... passed
18:30:12 INFO  
18:30:12 INFO  cleanup:
18:30:16 INFO  Executed sudo&lt;tedge_disconnect_c8y&gt;, exit status 0
18:30:16 INFO  Executed systemctl&lt;serv_mapper5&gt;, exit status 3
18:30:16 INFO  
18:30:16 INFO  Test duration: 139.43 secs
18:30:16 INFO  Test final outcome:  FAILED
18:30:16 INFO  Test outcome reason: Assert that (False == value) with value=True (+2 other failures)
18:30:16 INFO  
</system-out>
	</testcase>
</testsuite>
