<?xml version="1.0" encoding="utf-8"?>
<testsuite failures="1" name="SoftwareManagement.sm_apt_install_remove_multiple" skipped="0" tests="1" time="166.97" timestamp="2022-05-23T20:24:32">
	<testcase classname="PySysTest" name="SoftwareManagement.sm_apt_install_remove_multiple">
		<failure message="BLOCKED: SystemError: Timeout while waiting for status FAILED or SUCCESSFUL" type="BLOCKED"/>
		<system-out>20:21:45 INFO  ==============================================================
20:21:45 INFO  Id:    SoftwareManagement.sm_apt_install_remove_multiple
20:21:45 INFO  Dir:   software_management_end_to_end/
20:21:45 INFO  Title: Validate end to end behaviour for the apt plugin for multiple packages
20:21:45 INFO  ==============================================================
20:21:45 INFO  Using sw id database: {'asciijump': '5475369', 'robotfindskitten': '5474869', 'squirrel3': '5475279', 'rolldice': '5152439', 'moon-buggy': '5439204', 'apple': '5495053', 'banana': '5494888', 'cherry': '5495382', 'watermelon': '5494510', 'registry': '8018911', 'hello-world': '8021526', 'docker/getting-started': '8021973', 'alpine': '7991792'}
20:21:45 INFO  EnvironmentC8y Setup
20:21:46 INFO  Executed systemctl&lt;serv_mapper1&gt;, exit status 3
20:21:46 INFO  Restarting mosquitto too frequently in the last 10 seconds. It was only up for 4 seconds
20:21:46 INFO  Delaying execution by 7 seconds
20:22:07 INFO  Executed sudo&lt;tedge_connect_c8y&gt;, exit status 0, duration 14 secs
20:22:08 INFO  Executed sudo&lt;tedge_connect_c8y_test&gt;, exit status 0
20:22:08 INFO  Executed systemctl&lt;serv_mosq2&gt;, exit status 0
20:22:09 INFO  Executed systemctl&lt;serv_mapper3&gt;, exit status 0
20:22:11 INFO  State of current operation: PENDING
20:22:14 INFO  State of current operation: PENDING
20:22:16 INFO  State of current operation: PENDING
20:22:18 INFO  State of current operation: PENDING
20:22:20 INFO  State of current operation: PENDING
20:22:22 INFO  State of current operation: PENDING
20:22:25 INFO  State of current operation: PENDING
20:22:27 INFO  State of current operation: PENDING
20:22:29 INFO  State of current operation: PENDING
20:22:31 INFO  State of current operation: PENDING
20:22:34 INFO  State of current operation: PENDING
20:22:36 INFO  State of current operation: PENDING
20:22:38 INFO  State of current operation: PENDING
20:22:40 INFO  State of current operation: PENDING
20:22:43 INFO  State of current operation: PENDING
20:22:45 INFO  State of current operation: PENDING
20:22:47 INFO  State of current operation: PENDING
20:22:49 INFO  State of current operation: PENDING
20:22:52 INFO  State of current operation: PENDING
20:22:54 INFO  State of current operation: PENDING
20:22:56 INFO  State of current operation: PENDING
20:22:58 INFO  State of current operation: PENDING
20:23:00 INFO  State of current operation: PENDING
20:23:03 INFO  State of current operation: PENDING
20:23:05 INFO  State of current operation: PENDING
20:23:07 INFO  State of current operation: PENDING
20:23:09 INFO  State of current operation: PENDING
20:23:12 INFO  State of current operation: PENDING
20:23:14 INFO  State of current operation: PENDING
20:23:16 INFO  State of current operation: PENDING
20:23:18 INFO  State of current operation: PENDING
20:23:21 INFO  State of current operation: PENDING
20:23:23 INFO  State of current operation: PENDING
20:23:25 INFO  State of current operation: PENDING
20:23:27 INFO  State of current operation: PENDING
20:23:29 INFO  State of current operation: PENDING
20:23:32 INFO  State of current operation: PENDING
20:23:34 INFO  State of current operation: PENDING
20:23:36 INFO  State of current operation: PENDING
20:23:38 INFO  State of current operation: PENDING
20:23:41 INFO  State of current operation: PENDING
20:23:43 INFO  State of current operation: PENDING
20:23:45 INFO  State of current operation: PENDING
20:23:47 INFO  State of current operation: PENDING
20:23:50 INFO  State of current operation: PENDING
20:23:52 INFO  State of current operation: PENDING
20:23:54 INFO  State of current operation: PENDING
20:23:56 INFO  State of current operation: PENDING
20:23:58 INFO  State of current operation: PENDING
20:24:01 INFO  State of current operation: PENDING
20:24:03 INFO  State of current operation: PENDING
20:24:05 INFO  State of current operation: PENDING
20:24:07 INFO  State of current operation: PENDING
20:24:10 INFO  State of current operation: PENDING
20:24:12 INFO  State of current operation: PENDING
20:24:14 INFO  State of current operation: PENDING
20:24:16 INFO  State of current operation: PENDING
20:24:19 INFO  State of current operation: PENDING
20:24:21 INFO  State of current operation: PENDING
20:24:23 INFO  State of current operation: PENDING
20:24:25 INFO  State of current operation: PENDING
20:24:27 WARN  SystemError occurred while running test - Timeout while waiting for status FAILED or SUCCESSFUL
Traceback (most recent call last):
  File &quot;/home/pi/env-pysys/lib/python3.7/site-packages/pysys/baserunner.py&quot;, line 1292, in __call__
    self.testObj.setup()
  File &quot;/home/pi/actions-runner/_work/thin-edge.io/thin-edge.io/tests/PySys/software_management_end_to_end/sm_apt_install_remove_multiple/run.py&quot;, line 52, in setup
    super().setup()
  File &quot;/home/pi/actions-runner/_work/thin-edge.io/thin-edge.io/tests/PySys/software_management_end_to_end/environment_sm_management.py&quot;, line 151, in setup
    self.wait_until_end()
  File &quot;/home/pi/actions-runner/_work/thin-edge.io/thin-edge.io/tests/PySys/software_management_end_to_end/environment_sm_management.py&quot;, line 332, in wait_until_end
    self.wait_until_status(&quot;FAILED&quot;, &quot;SUCCESSFUL&quot;)
  File &quot;/home/pi/actions-runner/_work/thin-edge.io/thin-edge.io/tests/PySys/software_management_end_to_end/environment_sm_management.py&quot;, line 381, in wait_until_status
    &quot;Timeout while waiting for status %s or %s&quot; % (status, status2)
SystemError: Timeout while waiting for status FAILED or SUCCESSFUL
20:24:27 WARN  SystemError: Timeout while waiting for status FAILED or SUCCESSFUL ... blocked 
20:24:27 INFO  
20:24:27 INFO  cleanup:
20:24:32 INFO  Executed sudo&lt;tedge_disconnect_c8y&gt;, exit status 0
20:24:32 INFO  Executed systemctl&lt;serv_mapper5&gt;, exit status 3
20:24:32 INFO  
20:24:32 INFO  Test duration: 166.97 secs
20:24:32 INFO  Test final outcome:  BLOCKED
20:24:32 INFO  Test outcome reason: SystemError: Timeout while waiting for status FAILED or SUCCESSFUL
20:24:32 INFO  
</system-out>
	</testcase>
</testsuite>
