<?xml version="1.0" encoding="utf-8"?>
<testsuite failures="1" name="SoftwareManagement.sm_mixed_install_remove_multiple" skipped="0" tests="1" time="169.0" timestamp="2022-07-18T17:13:53">
	<testcase classname="PySysTest" name="SoftwareManagement.sm_mixed_install_remove_multiple">
		<failure message="FAILED: Assert that (False == value) with value=True" type="FAILED"/>
		<system-out>17:11:04 INFO  ==============================================================
17:11:04 INFO  Id:    SoftwareManagement.sm_mixed_install_remove_multiple
17:11:04 INFO  Dir:   software_management_end_to_end/
17:11:04 INFO  Title: Validate end to end behaviour for the dummy-plugin for multiple packages with mixed versions
17:11:04 INFO  ==============================================================
17:11:04 INFO  Using sw id database: {'asciijump': '5475369', 'robotfindskitten': '5474869', 'squirrel3': '5475279', 'rolldice': '5152439', 'moon-buggy': '5439204', 'apple': '5495053', 'banana': '5494888', 'cherry': '5495382', 'watermelon': '5494510', 'registry': '8018911', 'hello-world': '8021526', 'docker/getting-started': '8021973', 'alpine': '7991792'}
17:11:04 INFO  EnvironmentC8y Setup
17:11:05 INFO  Executed systemctl&lt;serv_mapper1&gt;, exit status 3
17:11:05 INFO  Restarting mosquitto too frequently in the last 10 seconds. It was only up for 5 seconds
17:11:05 INFO  Delaying execution by 6 seconds
17:11:25 INFO  Executed sudo&lt;tedge_connect_c8y&gt;, exit status 0, duration 14 secs
17:11:26 INFO  Executed sudo&lt;tedge_connect_c8y_test&gt;, exit status 0
17:11:26 INFO  Executed systemctl&lt;serv_mosq2&gt;, exit status 0
17:11:27 INFO  Executed systemctl&lt;serv_mapper3&gt;, exit status 0
17:11:29 INFO  State of current operation: SUCCESSFUL
17:11:29 INFO  Package apple is installed
17:11:29 INFO  Assert that (True == value) with value=True ... passed
17:11:30 INFO  Package banana is installed
17:11:30 INFO  Assert that (True == value) with value=True ... passed
17:11:30 INFO  Package cherry is installed
17:11:30 INFO  Assert that (True == value) with value=True ... passed
17:11:30 INFO  Package asciijump is installed
17:11:30 WARN  Assert that (False == value) with value=True ... failed 
17:11:30 INFO  Assert that (False == value) with value=False ... passed
17:11:32 INFO  Response status: 201
17:11:32 INFO  Response to action: {
    &quot;creationTime&quot;: &quot;2022-07-18T17:11:31.091Z&quot;,
    &quot;deviceName&quot;: &quot;m32sd10c&quot;,
    &quot;deviceId&quot;: &quot;21018696&quot;,
    &quot;self&quot;: &quot;https://t493319102.eu-latest.cumulocity.com/devicecontrol/operations/21027762&quot;,
    &quot;id&quot;: &quot;21027762&quot;,
    &quot;status&quot;: &quot;PENDING&quot;,
    &quot;description&quot;: &quot;Apply software changes, triggered from PySys: [{'action': 'install', 'id': '5495053', 'name': 'apple', 'url': ' ', 'version': '::fruits'}, {'action': 'install', 'id': '5494888', 'name': 'banana', 'url': ' ', 'version': '::fruits'}, {'action': 'install', 'id': '5475369', 'name': 'asciijump', 'url': ' ', 'version': '::apt'}, {'action': 'install', 'id': '5495382', 'name': 'cherry', 'url': ' ', 'version': '::fruits'}, {'action': 'install', 'id': '8018911', 'name': 'registry', 'url': ' ', 'version': '::docker'}]&quot;,
    &quot;c8y_SoftwareUpdate&quot;: [
        {
            &quot;name&quot;: &quot;apple&quot;,
            &quot;action&quot;: &quot;install&quot;,
            &quot;id&quot;: &quot;5495053&quot;,
            &quot;version&quot;: &quot;::fruits&quot;,
            &quot;url&quot;: &quot; &quot;
        },
        {
            &quot;name&quot;: &quot;banana&quot;,
            &quot;action&quot;: &quot;install&quot;,
            &quot;id&quot;: &quot;5494888&quot;,
            &quot;version&quot;: &quot;::fruits&quot;,
            &quot;url&quot;: &quot; &quot;
        },
        {
            &quot;name&quot;: &quot;asciijump&quot;,
            &quot;action&quot;: &quot;install&quot;,
            &quot;id&quot;: &quot;5475369&quot;,
            &quot;version&quot;: &quot;::apt&quot;,
            &quot;url&quot;: &quot; &quot;
        },
        {
            &quot;name&quot;: &quot;cherry&quot;,
            &quot;action&quot;: &quot;install&quot;,
            &quot;id&quot;: &quot;5495382&quot;,
            &quot;version&quot;: &quot;::fruits&quot;,
            &quot;url&quot;: &quot; &quot;
        },
        {
            &quot;name&quot;: &quot;registry&quot;,
            &quot;action&quot;: &quot;install&quot;,
            &quot;id&quot;: &quot;8018911&quot;,
            &quot;version&quot;: &quot;::docker&quot;,
            &quot;url&quot;: &quot; &quot;
        }
    ]
}
17:11:32 INFO  Started operation: {'creationTime': '2022-07-18T17:11:31.091Z', 'deviceName': 'm32sd10c', 'deviceId': '21018696', 'self': 'https://t493319102.eu-latest.cumulocity.com/devicecontrol/operations/21027762', 'id': '21027762', 'status': 'PENDING', 'description': &quot;Apply software changes, triggered from PySys: [{'action': 'install', 'id': '5495053', 'name': 'apple', 'url': ' ', 'version': '::fruits'}, {'action': 'install', 'id': '5494888', 'name': 'banana', 'url': ' ', 'version': '::fruits'}, {'action': 'install', 'id': '5475369', 'name': 'asciijump', 'url': ' ', 'version': '::apt'}, {'action': 'install', 'id': '5495382', 'name': 'cherry', 'url': ' ', 'version': '::fruits'}, {'action': 'install', 'id': '8018911', 'name': 'registry', 'url': ' ', 'version': '::docker'}]&quot;, 'c8y_SoftwareUpdate': [{'name': 'apple', 'action': 'install', 'id': '5495053', 'version': '::fruits', 'url': ' '}, {'name': 'banana', 'action': 'install', 'id': '5494888', 'version': '::fruits', 'url': ' '}, {'name': 'asciijump', 'action': 'install', 'id': '5475369', 'version': '::apt', 'url': ' '}, {'name': 'cherry', 'action': 'install', 'id': '5495382', 'version': '::fruits', 'url': ' '}, {'name': 'registry', 'action': 'install', 'id': '8018911', 'version': '::docker', 'url': ' '}]}
17:11:34 INFO  State of operation 21027762 : PENDING
17:11:36 INFO  State of operation 21027762 : EXECUTING
17:11:38 INFO  State of operation 21027762 : EXECUTING
17:11:40 INFO  State of operation 21027762 : EXECUTING
17:11:43 INFO  State of operation 21027762 : EXECUTING
17:11:45 INFO  State of operation 21027762 : EXECUTING
17:11:48 INFO  State of operation 21027762 : EXECUTING
17:11:50 INFO  State of operation 21027762 : EXECUTING
17:11:53 INFO  State of operation 21027762 : EXECUTING
17:11:55 INFO  State of operation 21027762 : EXECUTING
17:11:57 INFO  State of operation 21027762 : EXECUTING
17:12:00 INFO  State of operation 21027762 : EXECUTING
17:12:02 INFO  State of operation 21027762 : EXECUTING
17:12:04 INFO  State of operation 21027762 : EXECUTING
17:12:06 INFO  State of operation 21027762 : EXECUTING
17:12:08 INFO  State of operation 21027762 : EXECUTING
17:12:11 INFO  State of operation 21027762 : EXECUTING
17:12:13 INFO  State of operation 21027762 : EXECUTING
17:12:15 INFO  State of operation 21027762 : EXECUTING
17:12:18 INFO  State of operation 21027762 : EXECUTING
17:12:20 INFO  State of operation 21027762 : EXECUTING
17:12:22 INFO  State of operation 21027762 : EXECUTING
17:12:25 INFO  State of operation 21027762 : EXECUTING
17:12:27 INFO  State of operation 21027762 : EXECUTING
17:12:29 INFO  State of operation 21027762 : EXECUTING
17:12:31 INFO  State of operation 21027762 : SUCCESSFUL
17:12:32 INFO  Package apple is installed
17:12:32 INFO  Assert that (True == value) with value=True ... passed
17:12:32 INFO  Package banana is installed
17:12:32 INFO  Assert that (True == value) with value=True ... passed
17:12:32 INFO  Package cherry is installed
17:12:32 INFO  Assert that (True == value) with value=True ... passed
17:12:33 INFO  Package asciijump is installed
17:12:33 INFO  Assert that (True == value) with value=True ... passed
17:12:33 INFO  Package registry is installed
17:12:33 INFO  Assert that (True == value) with value=True ... passed
17:12:34 INFO  Response status: 201
17:12:34 INFO  Response to action: {
    &quot;creationTime&quot;: &quot;2022-07-18T17:12:34.053Z&quot;,
    &quot;deviceName&quot;: &quot;m32sd10c&quot;,
    &quot;deviceId&quot;: &quot;21018696&quot;,
    &quot;self&quot;: &quot;https://t493319102.eu-latest.cumulocity.com/devicecontrol/operations/21027773&quot;,
    &quot;id&quot;: &quot;21027773&quot;,
    &quot;status&quot;: &quot;PENDING&quot;,
    &quot;description&quot;: &quot;Apply software changes, triggered from PySys: [{'action': 'delete', 'id': '5495053', 'name': 'apple', 'url': ' ', 'version': '::fruits'}, {'action': 'delete', 'id': '5494888', 'name': 'banana', 'url': ' ', 'version': '::fruits'}, {'action': 'delete', 'id': '5475369', 'name': 'asciijump', 'url': ' ', 'version': '::apt'}, {'action': 'delete', 'id': '5495382', 'name': 'cherry', 'url': ' ', 'version': '::fruits'}, {'action': 'delete', 'id': '8018911', 'name': 'registry', 'url': ' ', 'version': '::docker'}]&quot;,
    &quot;c8y_SoftwareUpdate&quot;: [
        {
            &quot;name&quot;: &quot;apple&quot;,
            &quot;action&quot;: &quot;delete&quot;,
            &quot;id&quot;: &quot;5495053&quot;,
            &quot;version&quot;: &quot;::fruits&quot;,
            &quot;url&quot;: &quot; &quot;
        },
        {
            &quot;name&quot;: &quot;banana&quot;,
            &quot;action&quot;: &quot;delete&quot;,
            &quot;id&quot;: &quot;5494888&quot;,
            &quot;version&quot;: &quot;::fruits&quot;,
            &quot;url&quot;: &quot; &quot;
        },
        {
            &quot;name&quot;: &quot;asciijump&quot;,
            &quot;action&quot;: &quot;delete&quot;,
            &quot;id&quot;: &quot;5475369&quot;,
            &quot;version&quot;: &quot;::apt&quot;,
            &quot;url&quot;: &quot; &quot;
        },
        {
            &quot;name&quot;: &quot;cherry&quot;,
            &quot;action&quot;: &quot;delete&quot;,
            &quot;id&quot;: &quot;5495382&quot;,
            &quot;version&quot;: &quot;::fruits&quot;,
            &quot;url&quot;: &quot; &quot;
        },
        {
            &quot;name&quot;: &quot;registry&quot;,
            &quot;action&quot;: &quot;delete&quot;,
            &quot;id&quot;: &quot;8018911&quot;,
            &quot;version&quot;: &quot;::docker&quot;,
            &quot;url&quot;: &quot; &quot;
        }
    ]
}
17:12:34 INFO  Started operation: {'creationTime': '2022-07-18T17:12:34.053Z', 'deviceName': 'm32sd10c', 'deviceId': '21018696', 'self': 'https://t493319102.eu-latest.cumulocity.com/devicecontrol/operations/21027773', 'id': '21027773', 'status': 'PENDING', 'description': &quot;Apply software changes, triggered from PySys: [{'action': 'delete', 'id': '5495053', 'name': 'apple', 'url': ' ', 'version': '::fruits'}, {'action': 'delete', 'id': '5494888', 'name': 'banana', 'url': ' ', 'version': '::fruits'}, {'action': 'delete', 'id': '5475369', 'name': 'asciijump', 'url': ' ', 'version': '::apt'}, {'action': 'delete', 'id': '5495382', 'name': 'cherry', 'url': ' ', 'version': '::fruits'}, {'action': 'delete', 'id': '8018911', 'name': 'registry', 'url': ' ', 'version': '::docker'}]&quot;, 'c8y_SoftwareUpdate': [{'name': 'apple', 'action': 'delete', 'id': '5495053', 'version': '::fruits', 'url': ' '}, {'name': 'banana', 'action': 'delete', 'id': '5494888', 'version': '::fruits', 'url': ' '}, {'name': 'asciijump', 'action': 'delete', 'id': '5475369', 'version': '::apt', 'url': ' '}, {'name': 'cherry', 'action': 'delete', 'id': '5495382', 'version': '::fruits', 'url': ' '}, {'name': 'registry', 'action': 'delete', 'id': '8018911', 'version': '::docker', 'url': ' '}]}
17:12:36 INFO  State of operation 21027773 : PENDING
17:12:38 INFO  State of operation 21027773 : EXECUTING
17:12:41 INFO  State of operation 21027773 : EXECUTING
17:12:43 INFO  State of operation 21027773 : EXECUTING
17:12:45 INFO  State of operation 21027773 : EXECUTING
17:12:48 INFO  State of operation 21027773 : EXECUTING
17:12:51 INFO  State of operation 21027773 : EXECUTING
17:12:54 INFO  State of operation 21027773 : EXECUTING
17:12:56 INFO  State of operation 21027773 : EXECUTING
17:12:58 INFO  State of operation 21027773 : EXECUTING
17:13:01 INFO  State of operation 21027773 : EXECUTING
17:13:03 INFO  State of operation 21027773 : EXECUTING
17:13:05 INFO  State of operation 21027773 : EXECUTING
17:13:08 INFO  State of operation 21027773 : EXECUTING
17:13:10 INFO  State of operation 21027773 : EXECUTING
17:13:12 INFO  State of operation 21027773 : EXECUTING
17:13:15 INFO  State of operation 21027773 : EXECUTING
17:13:18 INFO  State of operation 21027773 : EXECUTING
17:13:20 INFO  State of operation 21027773 : EXECUTING
17:13:22 INFO  State of operation 21027773 : EXECUTING
17:13:24 INFO  State of operation 21027773 : EXECUTING
17:13:27 INFO  State of operation 21027773 : EXECUTING
17:13:29 INFO  State of operation 21027773 : EXECUTING
17:13:32 INFO  State of operation 21027773 : EXECUTING
17:13:34 INFO  State of operation 21027773 : EXECUTING
17:13:36 INFO  State of operation 21027773 : EXECUTING
17:13:38 INFO  State of operation 21027773 : EXECUTING
17:13:41 INFO  State of operation 21027773 : EXECUTING
17:13:43 INFO  State of operation 21027773 : EXECUTING
17:13:45 INFO  State of operation 21027773 : EXECUTING
17:13:47 INFO  State of operation 21027773 : SUCCESSFUL
17:13:48 INFO  Package apple is installed
17:13:48 INFO  Assert that (True == value) with value=True ... passed
17:13:48 INFO  Package banana is installed
17:13:48 INFO  Assert that (True == value) with value=True ... passed
17:13:48 INFO  Package cherry is installed
17:13:48 INFO  Assert that (True == value) with value=True ... passed
17:13:48 INFO  Assert that (False == value) with value=False ... passed
17:13:48 INFO  Assert that (False == value) with value=False ... passed
17:13:48 INFO  
17:13:48 INFO  cleanup:
17:13:53 INFO  Executed sudo&lt;tedge_disconnect_c8y&gt;, exit status 0
17:13:53 INFO  Executed systemctl&lt;serv_mapper5&gt;, exit status 3
17:13:53 INFO  
17:13:53 INFO  Test duration: 169.00 secs
17:13:53 INFO  Test final outcome:  FAILED
17:13:53 INFO  Test outcome reason: Assert that (False == value) with value=True
17:13:53 INFO  
</system-out>
	</testcase>
</testsuite>
