<?xml version="1.0" encoding="utf-8"?>
<testsuite failures="1" name="SoftwareManagement.sm_apt_install_download_path" skipped="0" tests="1" time="187.57" timestamp="2022-05-23T12:12:18">
	<testcase classname="AptInstallWithDownloadPath" name="SoftwareManagement.sm_apt_install_download_path">
		<failure message="BLOCKED: SystemError: Timeout while waiting for status FAILED or SUCCESSFUL" type="BLOCKED"/>
		<system-out>12:09:11 INFO  ==============================================================
12:09:11 INFO  Id:    SoftwareManagement.sm_apt_install_download_path
12:09:11 INFO  Dir:   software_management_end_to_end/
12:09:11 INFO  Title: Install package to directory specified in tedge config set tmp.path
12:09:11 INFO  ==============================================================
12:09:12 INFO  Using sw id database: {'asciijump': '5475369', 'robotfindskitten': '5474869', 'squirrel3': '5475279', 'rolldice': '5152439', 'moon-buggy': '5439204', 'apple': '5495053', 'banana': '5494888', 'cherry': '5495382', 'watermelon': '5494510', 'registry': '8018911', 'hello-world': '8021526', 'docker/getting-started': '8021973', 'alpine': '7991792'}
12:09:12 INFO  EnvironmentC8y Setup
12:09:12 INFO  Executed systemctl&lt;serv_mapper1&gt;, exit status 3
12:09:27 INFO  Executed sudo&lt;tedge_connect_c8y&gt;, exit status 0, duration 14 secs
12:09:27 INFO  Executed sudo&lt;tedge_connect_c8y_test&gt;, exit status 0
12:09:28 INFO  Executed systemctl&lt;serv_mosq2&gt;, exit status 0
12:09:28 INFO  Executed systemctl&lt;serv_mapper3&gt;, exit status 0
12:09:31 INFO  State of current operation: PENDING
12:09:33 INFO  State of current operation: PENDING
12:09:35 INFO  State of current operation: PENDING
12:09:37 INFO  State of current operation: PENDING
12:09:40 INFO  State of current operation: PENDING
12:09:42 INFO  State of current operation: PENDING
12:09:44 INFO  State of current operation: PENDING
12:09:46 INFO  State of current operation: PENDING
12:09:49 INFO  State of current operation: PENDING
12:09:51 INFO  State of current operation: PENDING
12:09:53 INFO  State of current operation: PENDING
12:09:55 INFO  State of current operation: PENDING
12:09:58 INFO  State of current operation: PENDING
12:10:00 INFO  State of current operation: PENDING
12:10:02 INFO  State of current operation: PENDING
12:10:04 INFO  State of current operation: PENDING
12:10:06 INFO  State of current operation: PENDING
12:10:09 INFO  State of current operation: PENDING
12:10:11 INFO  State of current operation: PENDING
12:10:13 INFO  State of current operation: PENDING
12:10:15 INFO  State of current operation: PENDING
12:10:18 INFO  State of current operation: PENDING
12:10:20 INFO  State of current operation: PENDING
12:10:22 INFO  State of current operation: PENDING
12:10:24 INFO  State of current operation: PENDING
12:10:27 INFO  State of current operation: PENDING
12:10:29 INFO  State of current operation: PENDING
12:10:31 INFO  State of current operation: PENDING
12:10:33 INFO  State of current operation: PENDING
12:10:36 INFO  State of current operation: PENDING
12:10:38 INFO  State of current operation: PENDING
12:10:40 INFO  State of current operation: PENDING
12:10:42 INFO  State of current operation: PENDING
12:10:45 INFO  State of current operation: PENDING
12:10:47 INFO  State of current operation: PENDING
12:10:49 INFO  State of current operation: PENDING
12:10:52 INFO  State of current operation: PENDING
12:10:54 INFO  State of current operation: PENDING
12:10:56 INFO  State of current operation: PENDING
12:10:58 INFO  State of current operation: PENDING
12:11:01 INFO  State of current operation: PENDING
12:11:03 INFO  State of current operation: PENDING
12:11:05 INFO  State of current operation: PENDING
12:11:07 INFO  State of current operation: PENDING
12:11:10 INFO  State of current operation: PENDING
12:11:12 INFO  State of current operation: PENDING
12:11:14 INFO  State of current operation: PENDING
12:11:16 INFO  State of current operation: PENDING
12:11:18 INFO  State of current operation: PENDING
12:11:21 INFO  State of current operation: PENDING
12:11:23 INFO  State of current operation: PENDING
12:11:25 INFO  State of current operation: PENDING
12:11:27 INFO  State of current operation: PENDING
12:11:30 INFO  State of current operation: PENDING
12:11:32 INFO  State of current operation: PENDING
12:11:34 INFO  State of current operation: PENDING
12:11:36 INFO  State of current operation: PENDING
12:11:39 INFO  State of current operation: PENDING
12:11:41 INFO  State of current operation: PENDING
12:11:43 INFO  State of current operation: PENDING
12:11:45 INFO  State of current operation: PENDING
12:11:47 WARN  SystemError occurred while running test - Timeout while waiting for status FAILED or SUCCESSFUL
Traceback (most recent call last):
  File &quot;/home/pi/env-pysys/lib/python3.7/site-packages/pysys/baserunner.py&quot;, line 1292, in __call__
    self.testObj.setup()
  File &quot;/home/pi/actions-runner/_work/thin-edge.io/thin-edge.io/tests/PySys/software_management_end_to_end/sm_apt_install_download_path/run.py&quot;, line 48, in setup
    super().setup()
  File &quot;/home/pi/actions-runner/_work/thin-edge.io/thin-edge.io/tests/PySys/software_management_end_to_end/environment_sm_management.py&quot;, line 151, in setup
    self.wait_until_end()
  File &quot;/home/pi/actions-runner/_work/thin-edge.io/thin-edge.io/tests/PySys/software_management_end_to_end/environment_sm_management.py&quot;, line 332, in wait_until_end
    self.wait_until_status(&quot;FAILED&quot;, &quot;SUCCESSFUL&quot;)
  File &quot;/home/pi/actions-runner/_work/thin-edge.io/thin-edge.io/tests/PySys/software_management_end_to_end/environment_sm_management.py&quot;, line 381, in wait_until_status
    &quot;Timeout while waiting for status %s or %s&quot; % (status, status2)
SystemError: Timeout while waiting for status FAILED or SUCCESSFUL
12:11:47 WARN  SystemError: Timeout while waiting for status FAILED or SUCCESSFUL ... blocked 
12:11:47 INFO  
12:11:47 INFO  cleanup:
12:11:48 INFO  Executed sudo, exit status 0
12:11:48 INFO  Executed sudo, exit status 0
12:11:52 INFO  Executed sudo&lt;tedge_disconnect_c8y&gt;, exit status 0
12:11:52 INFO  Restarting mosquitto too frequently in the last 10 seconds. It was only up for 4 seconds
12:11:52 INFO  Delaying execution by 7 seconds
12:12:13 INFO  Executed sudo&lt;tedge_connect_c8y&gt;, exit status 0, duration 14 secs
12:12:18 INFO  Executed sudo&lt;tedge_disconnect_c8y&gt;, exit status 0
12:12:18 INFO  Executed systemctl&lt;serv_mapper5&gt;, exit status 3
12:12:18 INFO  
12:12:18 INFO  Test duration: 187.57 secs
12:12:18 INFO  Test final outcome:  BLOCKED
12:12:18 INFO  Test outcome reason: SystemError: Timeout while waiting for status FAILED or SUCCESSFUL
12:12:18 INFO  
</system-out>
	</testcase>
</testsuite>
