<?xml version="1.0" encoding="utf-8"?>
<testsuite failures="1" name="SoftwareManagement.sm_mixed_install_remove_multiple" skipped="0" tests="1" time="163.68" timestamp="2022-06-09T17:55:46">
	<testcase classname="PySysTest" name="SoftwareManagement.sm_mixed_install_remove_multiple">
		<failure message="FAILED: Assert that (False == value) with value=True" type="FAILED"/>
		<system-out>17:53:03 INFO  ==============================================================
17:53:03 INFO  Id:    SoftwareManagement.sm_mixed_install_remove_multiple
17:53:03 INFO  Dir:   software_management_end_to_end/
17:53:03 INFO  Title: Validate end to end behaviour for the dummy-plugin for multiple packages with mixed versions
17:53:03 INFO  ==============================================================
17:53:03 INFO  Using sw id database: {'asciijump': '5475369', 'robotfindskitten': '5474869', 'squirrel3': '5475279', 'rolldice': '5152439', 'moon-buggy': '5439204', 'apple': '5495053', 'banana': '5494888', 'cherry': '5495382', 'watermelon': '5494510', 'registry': '8018911', 'hello-world': '8021526', 'docker/getting-started': '8021973', 'alpine': '7991792'}
17:53:03 INFO  EnvironmentC8y Setup
17:53:03 INFO  Executed systemctl&lt;serv_mapper1&gt;, exit status 3
17:53:03 INFO  Restarting mosquitto too frequently in the last 10 seconds. It was only up for 5 seconds
17:53:03 INFO  Delaying execution by 6 seconds
17:53:23 INFO  Executed sudo&lt;tedge_connect_c8y&gt;, exit status 0, duration 13 secs
17:53:24 INFO  Executed sudo&lt;tedge_connect_c8y_test&gt;, exit status 0
17:53:24 INFO  Executed systemctl&lt;serv_mosq2&gt;, exit status 0
17:53:25 INFO  Executed systemctl&lt;serv_mapper3&gt;, exit status 0
17:53:27 INFO  State of current operation: SUCCESSFUL
17:53:27 INFO  Package apple is installed
17:53:27 INFO  Assert that (True == value) with value=True ... passed
17:53:28 INFO  Package banana is installed
17:53:28 INFO  Assert that (True == value) with value=True ... passed
17:53:28 INFO  Package cherry is installed
17:53:28 INFO  Assert that (True == value) with value=True ... passed
17:53:28 INFO  Package asciijump is installed
17:53:28 WARN  Assert that (False == value) with value=True ... failed 
17:53:28 INFO  Assert that (False == value) with value=False ... passed
17:53:29 INFO  Response status: 201
17:53:29 INFO  Response to action: {
    &quot;creationTime&quot;: &quot;2022-06-09T17:53:28.961Z&quot;,
    &quot;deviceId&quot;: &quot;20082772&quot;,
    &quot;deviceName&quot;: &quot;m32sd10c&quot;,
    &quot;self&quot;: &quot;https://t493319102.eu-latest.cumulocity.com/devicecontrol/operations/20102580&quot;,
    &quot;id&quot;: &quot;20102580&quot;,
    &quot;status&quot;: &quot;PENDING&quot;,
    &quot;description&quot;: &quot;Apply software changes, triggered from PySys: [{'action': 'install', 'id': '5495053', 'name': 'apple', 'url': ' ', 'version': '::fruits'}, {'action': 'install', 'id': '5494888', 'name': 'banana', 'url': ' ', 'version': '::fruits'}, {'action': 'install', 'id': '5475369', 'name': 'asciijump', 'url': ' ', 'version': '::apt'}, {'action': 'install', 'id': '5495382', 'name': 'cherry', 'url': ' ', 'version': '::fruits'}, {'action': 'install', 'id': '8018911', 'name': 'registry', 'url': ' ', 'version': '::docker'}]&quot;,
    &quot;c8y_SoftwareUpdate&quot;: [
        {
            &quot;name&quot;: &quot;apple&quot;,
            &quot;action&quot;: &quot;install&quot;,
            &quot;id&quot;: &quot;5495053&quot;,
            &quot;version&quot;: &quot;::fruits&quot;,
            &quot;url&quot;: &quot; &quot;
        },
        {
            &quot;name&quot;: &quot;banana&quot;,
            &quot;action&quot;: &quot;install&quot;,
            &quot;id&quot;: &quot;5494888&quot;,
            &quot;version&quot;: &quot;::fruits&quot;,
            &quot;url&quot;: &quot; &quot;
        },
        {
            &quot;name&quot;: &quot;asciijump&quot;,
            &quot;action&quot;: &quot;install&quot;,
            &quot;id&quot;: &quot;5475369&quot;,
            &quot;version&quot;: &quot;::apt&quot;,
            &quot;url&quot;: &quot; &quot;
        },
        {
            &quot;name&quot;: &quot;cherry&quot;,
            &quot;action&quot;: &quot;install&quot;,
            &quot;id&quot;: &quot;5495382&quot;,
            &quot;version&quot;: &quot;::fruits&quot;,
            &quot;url&quot;: &quot; &quot;
        },
        {
            &quot;name&quot;: &quot;registry&quot;,
            &quot;action&quot;: &quot;install&quot;,
            &quot;id&quot;: &quot;8018911&quot;,
            &quot;version&quot;: &quot;::docker&quot;,
            &quot;url&quot;: &quot; &quot;
        }
    ]
}
17:53:29 INFO  Started operation: {'creationTime': '2022-06-09T17:53:28.961Z', 'deviceId': '20082772', 'deviceName': 'm32sd10c', 'self': 'https://t493319102.eu-latest.cumulocity.com/devicecontrol/operations/20102580', 'id': '20102580', 'status': 'PENDING', 'description': &quot;Apply software changes, triggered from PySys: [{'action': 'install', 'id': '5495053', 'name': 'apple', 'url': ' ', 'version': '::fruits'}, {'action': 'install', 'id': '5494888', 'name': 'banana', 'url': ' ', 'version': '::fruits'}, {'action': 'install', 'id': '5475369', 'name': 'asciijump', 'url': ' ', 'version': '::apt'}, {'action': 'install', 'id': '5495382', 'name': 'cherry', 'url': ' ', 'version': '::fruits'}, {'action': 'install', 'id': '8018911', 'name': 'registry', 'url': ' ', 'version': '::docker'}]&quot;, 'c8y_SoftwareUpdate': [{'name': 'apple', 'action': 'install', 'id': '5495053', 'version': '::fruits', 'url': ' '}, {'name': 'banana', 'action': 'install', 'id': '5494888', 'version': '::fruits', 'url': ' '}, {'name': 'asciijump', 'action': 'install', 'id': '5475369', 'version': '::apt', 'url': ' '}, {'name': 'cherry', 'action': 'install', 'id': '5495382', 'version': '::fruits', 'url': ' '}, {'name': 'registry', 'action': 'install', 'id': '8018911', 'version': '::docker', 'url': ' '}]}
17:53:31 INFO  State of operation 20102580 : PENDING
17:53:33 INFO  State of operation 20102580 : EXECUTING
17:53:35 INFO  State of operation 20102580 : EXECUTING
17:53:38 INFO  State of operation 20102580 : EXECUTING
17:53:40 INFO  State of operation 20102580 : EXECUTING
17:53:42 INFO  State of operation 20102580 : EXECUTING
17:53:45 INFO  State of operation 20102580 : EXECUTING
17:53:47 INFO  State of operation 20102580 : EXECUTING
17:53:50 INFO  State of operation 20102580 : EXECUTING
17:53:52 INFO  State of operation 20102580 : EXECUTING
17:53:54 INFO  State of operation 20102580 : EXECUTING
17:53:56 INFO  State of operation 20102580 : EXECUTING
17:53:59 INFO  State of operation 20102580 : EXECUTING
17:54:01 INFO  State of operation 20102580 : EXECUTING
17:54:03 INFO  State of operation 20102580 : EXECUTING
17:54:05 INFO  State of operation 20102580 : EXECUTING
17:54:08 INFO  State of operation 20102580 : EXECUTING
17:54:10 INFO  State of operation 20102580 : EXECUTING
17:54:12 INFO  State of operation 20102580 : EXECUTING
17:54:15 INFO  State of operation 20102580 : EXECUTING
17:54:17 INFO  State of operation 20102580 : EXECUTING
17:54:19 INFO  State of operation 20102580 : EXECUTING
17:54:22 INFO  State of operation 20102580 : EXECUTING
17:54:24 INFO  State of operation 20102580 : EXECUTING
17:54:26 INFO  State of operation 20102580 : EXECUTING
17:54:28 INFO  State of operation 20102580 : SUCCESSFUL
17:54:29 INFO  Package apple is installed
17:54:29 INFO  Assert that (True == value) with value=True ... passed
17:54:29 INFO  Package banana is installed
17:54:29 INFO  Assert that (True == value) with value=True ... passed
17:54:29 INFO  Package cherry is installed
17:54:29 INFO  Assert that (True == value) with value=True ... passed
17:54:29 INFO  Package asciijump is installed
17:54:29 INFO  Assert that (True == value) with value=True ... passed
17:54:30 INFO  Package registry is installed
17:54:30 INFO  Assert that (True == value) with value=True ... passed
17:54:30 INFO  Response status: 201
17:54:30 INFO  Response to action: {
    &quot;creationTime&quot;: &quot;2022-06-09T17:54:30.264Z&quot;,
    &quot;deviceId&quot;: &quot;20082772&quot;,
    &quot;deviceName&quot;: &quot;m32sd10c&quot;,
    &quot;self&quot;: &quot;https://t493319102.eu-latest.cumulocity.com/devicecontrol/operations/20102604&quot;,
    &quot;id&quot;: &quot;20102604&quot;,
    &quot;status&quot;: &quot;PENDING&quot;,
    &quot;description&quot;: &quot;Apply software changes, triggered from PySys: [{'action': 'delete', 'id': '5495053', 'name': 'apple', 'url': ' ', 'version': '::fruits'}, {'action': 'delete', 'id': '5494888', 'name': 'banana', 'url': ' ', 'version': '::fruits'}, {'action': 'delete', 'id': '5475369', 'name': 'asciijump', 'url': ' ', 'version': '::apt'}, {'action': 'delete', 'id': '5495382', 'name': 'cherry', 'url': ' ', 'version': '::fruits'}, {'action': 'delete', 'id': '8018911', 'name': 'registry', 'url': ' ', 'version': '::docker'}]&quot;,
    &quot;c8y_SoftwareUpdate&quot;: [
        {
            &quot;name&quot;: &quot;apple&quot;,
            &quot;action&quot;: &quot;delete&quot;,
            &quot;id&quot;: &quot;5495053&quot;,
            &quot;version&quot;: &quot;::fruits&quot;,
            &quot;url&quot;: &quot; &quot;
        },
        {
            &quot;name&quot;: &quot;banana&quot;,
            &quot;action&quot;: &quot;delete&quot;,
            &quot;id&quot;: &quot;5494888&quot;,
            &quot;version&quot;: &quot;::fruits&quot;,
            &quot;url&quot;: &quot; &quot;
        },
        {
            &quot;name&quot;: &quot;asciijump&quot;,
            &quot;action&quot;: &quot;delete&quot;,
            &quot;id&quot;: &quot;5475369&quot;,
            &quot;version&quot;: &quot;::apt&quot;,
            &quot;url&quot;: &quot; &quot;
        },
        {
            &quot;name&quot;: &quot;cherry&quot;,
            &quot;action&quot;: &quot;delete&quot;,
            &quot;id&quot;: &quot;5495382&quot;,
            &quot;version&quot;: &quot;::fruits&quot;,
            &quot;url&quot;: &quot; &quot;
        },
        {
            &quot;name&quot;: &quot;registry&quot;,
            &quot;action&quot;: &quot;delete&quot;,
            &quot;id&quot;: &quot;8018911&quot;,
            &quot;version&quot;: &quot;::docker&quot;,
            &quot;url&quot;: &quot; &quot;
        }
    ]
}
17:54:30 INFO  Started operation: {'creationTime': '2022-06-09T17:54:30.264Z', 'deviceId': '20082772', 'deviceName': 'm32sd10c', 'self': 'https://t493319102.eu-latest.cumulocity.com/devicecontrol/operations/20102604', 'id': '20102604', 'status': 'PENDING', 'description': &quot;Apply software changes, triggered from PySys: [{'action': 'delete', 'id': '5495053', 'name': 'apple', 'url': ' ', 'version': '::fruits'}, {'action': 'delete', 'id': '5494888', 'name': 'banana', 'url': ' ', 'version': '::fruits'}, {'action': 'delete', 'id': '5475369', 'name': 'asciijump', 'url': ' ', 'version': '::apt'}, {'action': 'delete', 'id': '5495382', 'name': 'cherry', 'url': ' ', 'version': '::fruits'}, {'action': 'delete', 'id': '8018911', 'name': 'registry', 'url': ' ', 'version': '::docker'}]&quot;, 'c8y_SoftwareUpdate': [{'name': 'apple', 'action': 'delete', 'id': '5495053', 'version': '::fruits', 'url': ' '}, {'name': 'banana', 'action': 'delete', 'id': '5494888', 'version': '::fruits', 'url': ' '}, {'name': 'asciijump', 'action': 'delete', 'id': '5475369', 'version': '::apt', 'url': ' '}, {'name': 'cherry', 'action': 'delete', 'id': '5495382', 'version': '::fruits', 'url': ' '}, {'name': 'registry', 'action': 'delete', 'id': '8018911', 'version': '::docker', 'url': ' '}]}
17:54:32 INFO  State of operation 20102604 : PENDING
17:54:34 INFO  State of operation 20102604 : EXECUTING
17:54:37 INFO  State of operation 20102604 : EXECUTING
17:54:39 INFO  State of operation 20102604 : EXECUTING
17:54:41 INFO  State of operation 20102604 : EXECUTING
17:54:43 INFO  State of operation 20102604 : EXECUTING
17:54:46 INFO  State of operation 20102604 : EXECUTING
17:54:49 INFO  State of operation 20102604 : EXECUTING
17:54:51 INFO  State of operation 20102604 : EXECUTING
17:54:53 INFO  State of operation 20102604 : EXECUTING
17:54:55 INFO  State of operation 20102604 : EXECUTING
17:54:58 INFO  State of operation 20102604 : EXECUTING
17:55:00 INFO  State of operation 20102604 : EXECUTING
17:55:02 INFO  State of operation 20102604 : EXECUTING
17:55:04 INFO  State of operation 20102604 : EXECUTING
17:55:07 INFO  State of operation 20102604 : EXECUTING
17:55:11 INFO  State of operation 20102604 : EXECUTING
17:55:13 INFO  State of operation 20102604 : EXECUTING
17:55:15 INFO  State of operation 20102604 : EXECUTING
17:55:18 INFO  State of operation 20102604 : EXECUTING
17:55:20 INFO  State of operation 20102604 : EXECUTING
17:55:22 INFO  State of operation 20102604 : EXECUTING
17:55:25 INFO  State of operation 20102604 : EXECUTING
17:55:27 INFO  State of operation 20102604 : EXECUTING
17:55:29 INFO  State of operation 20102604 : EXECUTING
17:55:31 INFO  State of operation 20102604 : EXECUTING
17:55:34 INFO  State of operation 20102604 : EXECUTING
17:55:36 INFO  State of operation 20102604 : EXECUTING
17:55:38 INFO  State of operation 20102604 : EXECUTING
17:55:40 INFO  State of operation 20102604 : SUCCESSFUL
17:55:41 INFO  Package apple is installed
17:55:41 INFO  Assert that (True == value) with value=True ... passed
17:55:41 INFO  Package banana is installed
17:55:41 INFO  Assert that (True == value) with value=True ... passed
17:55:41 INFO  Package cherry is installed
17:55:41 INFO  Assert that (True == value) with value=True ... passed
17:55:41 INFO  Assert that (False == value) with value=False ... passed
17:55:42 INFO  Assert that (False == value) with value=False ... passed
17:55:42 INFO  
17:55:42 INFO  cleanup:
17:55:46 INFO  Executed sudo&lt;tedge_disconnect_c8y&gt;, exit status 0
17:55:46 INFO  Executed systemctl&lt;serv_mapper5&gt;, exit status 3
17:55:46 INFO  
17:55:46 INFO  Test duration: 163.68 secs
17:55:46 INFO  Test final outcome:  FAILED
17:55:46 INFO  Test outcome reason: Assert that (False == value) with value=True
17:55:46 INFO  
</system-out>
	</testcase>
</testsuite>
