<?xml version="1.0" encoding="utf-8"?>
<testsuite failures="1" name="SoftwareManagement.sm_apt_install_remove_multiple" skipped="0" tests="1" time="165.4" timestamp="2022-06-02T09:51:12">
	<testcase classname="PySysTest" name="SoftwareManagement.sm_apt_install_remove_multiple">
		<failure message="BLOCKED: SystemError: Timeout while waiting for status FAILED or SUCCESSFUL" type="BLOCKED"/>
		<system-out>09:48:26 INFO  ==============================================================
09:48:26 INFO  Id:    SoftwareManagement.sm_apt_install_remove_multiple
09:48:26 INFO  Dir:   software_management_end_to_end/
09:48:26 INFO  Title: Validate end to end behaviour for the apt plugin for multiple packages
09:48:26 INFO  ==============================================================
09:48:26 INFO  Using sw id database: {'asciijump': '5475369', 'robotfindskitten': '5474869', 'squirrel3': '5475279', 'rolldice': '5152439', 'moon-buggy': '5439204', 'apple': '5495053', 'banana': '5494888', 'cherry': '5495382', 'watermelon': '5494510', 'registry': '8018911', 'hello-world': '8021526', 'docker/getting-started': '8021973', 'alpine': '7991792'}
09:48:26 INFO  EnvironmentC8y Setup
09:48:27 INFO  Executed systemctl&lt;serv_mapper1&gt;, exit status 3
09:48:27 INFO  Restarting mosquitto too frequently in the last 10 seconds. It was only up for 5 seconds
09:48:27 INFO  Delaying execution by 6 seconds
09:48:47 INFO  Executed sudo&lt;tedge_connect_c8y&gt;, exit status 0, duration 14 secs
09:48:48 INFO  Executed sudo&lt;tedge_connect_c8y_test&gt;, exit status 0
09:48:48 INFO  Executed systemctl&lt;serv_mosq2&gt;, exit status 0
09:48:49 INFO  Executed systemctl&lt;serv_mapper3&gt;, exit status 0
09:48:51 INFO  State of current operation: PENDING
09:48:53 INFO  State of current operation: PENDING
09:48:55 INFO  State of current operation: PENDING
09:48:58 INFO  State of current operation: PENDING
09:49:00 INFO  State of current operation: PENDING
09:49:02 INFO  State of current operation: PENDING
09:49:04 INFO  State of current operation: PENDING
09:49:07 INFO  State of current operation: PENDING
09:49:09 INFO  State of current operation: PENDING
09:49:11 INFO  State of current operation: PENDING
09:49:13 INFO  State of current operation: PENDING
09:49:16 INFO  State of current operation: PENDING
09:49:18 INFO  State of current operation: PENDING
09:49:20 INFO  State of current operation: PENDING
09:49:22 INFO  State of current operation: PENDING
09:49:25 INFO  State of current operation: PENDING
09:49:27 INFO  State of current operation: PENDING
09:49:29 INFO  State of current operation: PENDING
09:49:31 INFO  State of current operation: PENDING
09:49:33 INFO  State of current operation: PENDING
09:49:36 INFO  State of current operation: PENDING
09:49:38 INFO  State of current operation: PENDING
09:49:40 INFO  State of current operation: PENDING
09:49:42 INFO  State of current operation: PENDING
09:49:45 INFO  State of current operation: PENDING
09:49:47 INFO  State of current operation: PENDING
09:49:49 INFO  State of current operation: PENDING
09:49:51 INFO  State of current operation: PENDING
09:49:54 INFO  State of current operation: PENDING
09:49:56 INFO  State of current operation: PENDING
09:49:58 INFO  State of current operation: PENDING
09:50:00 INFO  State of current operation: PENDING
09:50:03 INFO  State of current operation: PENDING
09:50:05 INFO  State of current operation: PENDING
09:50:07 INFO  State of current operation: PENDING
09:50:09 INFO  State of current operation: PENDING
09:50:11 INFO  State of current operation: PENDING
09:50:14 INFO  State of current operation: PENDING
09:50:16 INFO  State of current operation: PENDING
09:50:18 INFO  State of current operation: PENDING
09:50:20 INFO  State of current operation: PENDING
09:50:23 INFO  State of current operation: PENDING
09:50:25 INFO  State of current operation: PENDING
09:50:27 INFO  State of current operation: PENDING
09:50:29 INFO  State of current operation: PENDING
09:50:32 INFO  State of current operation: PENDING
09:50:34 INFO  State of current operation: PENDING
09:50:36 INFO  State of current operation: PENDING
09:50:38 INFO  State of current operation: PENDING
09:50:41 INFO  State of current operation: PENDING
09:50:43 INFO  State of current operation: PENDING
09:50:45 INFO  State of current operation: PENDING
09:50:47 INFO  State of current operation: PENDING
09:50:50 INFO  State of current operation: PENDING
09:50:52 INFO  State of current operation: PENDING
09:50:54 INFO  State of current operation: PENDING
09:50:56 INFO  State of current operation: PENDING
09:50:58 INFO  State of current operation: PENDING
09:51:01 INFO  State of current operation: PENDING
09:51:03 INFO  State of current operation: PENDING
09:51:05 INFO  State of current operation: PENDING
09:51:07 WARN  SystemError occurred while running test - Timeout while waiting for status FAILED or SUCCESSFUL
Traceback (most recent call last):
  File &quot;/home/pi/env-pysys/lib/python3.7/site-packages/pysys/baserunner.py&quot;, line 1292, in __call__
    self.testObj.setup()
  File &quot;/home/pi/actions-runner/_work/thin-edge.io/thin-edge.io/tests/PySys/software_management_end_to_end/sm_apt_install_remove_multiple/run.py&quot;, line 52, in setup
    super().setup()
  File &quot;/home/pi/actions-runner/_work/thin-edge.io/thin-edge.io/tests/PySys/software_management_end_to_end/environment_sm_management.py&quot;, line 151, in setup
    self.wait_until_end()
  File &quot;/home/pi/actions-runner/_work/thin-edge.io/thin-edge.io/tests/PySys/software_management_end_to_end/environment_sm_management.py&quot;, line 332, in wait_until_end
    self.wait_until_status(&quot;FAILED&quot;, &quot;SUCCESSFUL&quot;)
  File &quot;/home/pi/actions-runner/_work/thin-edge.io/thin-edge.io/tests/PySys/software_management_end_to_end/environment_sm_management.py&quot;, line 381, in wait_until_status
    &quot;Timeout while waiting for status %s or %s&quot; % (status, status2)
SystemError: Timeout while waiting for status FAILED or SUCCESSFUL
09:51:07 WARN  SystemError: Timeout while waiting for status FAILED or SUCCESSFUL ... blocked 
09:51:07 INFO  
09:51:07 INFO  cleanup:
09:51:11 INFO  Executed sudo&lt;tedge_disconnect_c8y&gt;, exit status 0
09:51:12 INFO  Executed systemctl&lt;serv_mapper5&gt;, exit status 3
09:51:12 INFO  
09:51:12 INFO  Test duration: 165.40 secs
09:51:12 INFO  Test final outcome:  BLOCKED
09:51:12 INFO  Test outcome reason: SystemError: Timeout while waiting for status FAILED or SUCCESSFUL
09:51:12 INFO  
</system-out>
	</testcase>
</testsuite>
