<?xml version="1.0" encoding="utf-8"?>
<testsuite failures="1" name="SoftwareManagement.sm_apt_install_remove_default" skipped="0" tests="1" time="165.41" timestamp="2022-05-25T12:06:03">
	<testcase classname="PySysTest" name="SoftwareManagement.sm_apt_install_remove_default">
		<failure message="BLOCKED: SystemError: Timeout while waiting for status FAILED or SUCCESSFUL" type="BLOCKED"/>
		<system-out>12:03:18 INFO  ==============================================================
12:03:18 INFO  Id:    SoftwareManagement.sm_apt_install_remove_default
12:03:18 INFO  Dir:   software_management_end_to_end/
12:03:18 INFO  Title: Validate end to end behaviour for the default plugin for installation and removal of packages
12:03:18 INFO  ==============================================================
12:03:18 INFO  Using sw id database: {'asciijump': '5475369', 'robotfindskitten': '5474869', 'squirrel3': '5475279', 'rolldice': '5152439', 'moon-buggy': '5439204', 'apple': '5495053', 'banana': '5494888', 'cherry': '5495382', 'watermelon': '5494510', 'registry': '8018911', 'hello-world': '8021526', 'docker/getting-started': '8021973', 'alpine': '7991792'}
12:03:18 INFO  EnvironmentC8y Setup
12:03:19 INFO  Executed systemctl&lt;serv_mapper1&gt;, exit status 3
12:03:19 INFO  Restarting mosquitto too frequently in the last 10 seconds. It was only up for 5 seconds
12:03:19 INFO  Delaying execution by 6 seconds
12:03:38 INFO  Executed sudo&lt;tedge_connect_c8y&gt;, exit status 0, duration 13 secs
12:03:39 INFO  Executed sudo&lt;tedge_connect_c8y_test&gt;, exit status 0
12:03:40 INFO  Executed systemctl&lt;serv_mosq2&gt;, exit status 0
12:03:40 INFO  Executed systemctl&lt;serv_mapper3&gt;, exit status 0
12:03:42 INFO  State of current operation: PENDING
12:03:45 INFO  State of current operation: PENDING
12:03:47 INFO  State of current operation: PENDING
12:03:49 INFO  State of current operation: PENDING
12:03:51 INFO  State of current operation: PENDING
12:03:53 INFO  State of current operation: PENDING
12:03:56 INFO  State of current operation: PENDING
12:03:58 INFO  State of current operation: PENDING
12:04:00 INFO  State of current operation: PENDING
12:04:02 INFO  State of current operation: PENDING
12:04:05 INFO  State of current operation: PENDING
12:04:07 INFO  State of current operation: PENDING
12:04:09 INFO  State of current operation: PENDING
12:04:11 INFO  State of current operation: PENDING
12:04:14 INFO  State of current operation: PENDING
12:04:16 INFO  State of current operation: PENDING
12:04:18 INFO  State of current operation: PENDING
12:04:20 INFO  State of current operation: PENDING
12:04:23 INFO  State of current operation: PENDING
12:04:25 INFO  State of current operation: PENDING
12:04:27 INFO  State of current operation: PENDING
12:04:29 INFO  State of current operation: PENDING
12:04:32 INFO  State of current operation: PENDING
12:04:34 INFO  State of current operation: PENDING
12:04:36 INFO  State of current operation: PENDING
12:04:38 INFO  State of current operation: PENDING
12:04:40 INFO  State of current operation: PENDING
12:04:43 INFO  State of current operation: PENDING
12:04:45 INFO  State of current operation: PENDING
12:04:47 INFO  State of current operation: PENDING
12:04:49 INFO  State of current operation: PENDING
12:04:52 INFO  State of current operation: PENDING
12:04:54 INFO  State of current operation: PENDING
12:04:56 INFO  State of current operation: PENDING
12:04:58 INFO  State of current operation: PENDING
12:05:01 INFO  State of current operation: PENDING
12:05:03 INFO  State of current operation: PENDING
12:05:05 INFO  State of current operation: PENDING
12:05:07 INFO  State of current operation: PENDING
12:05:10 INFO  State of current operation: PENDING
12:05:12 INFO  State of current operation: PENDING
12:05:14 INFO  State of current operation: PENDING
12:05:17 INFO  State of current operation: PENDING
12:05:19 INFO  State of current operation: PENDING
12:05:21 INFO  State of current operation: PENDING
12:05:23 INFO  State of current operation: PENDING
12:05:26 INFO  State of current operation: PENDING
12:05:28 INFO  State of current operation: PENDING
12:05:30 INFO  State of current operation: PENDING
12:05:32 INFO  State of current operation: PENDING
12:05:34 INFO  State of current operation: PENDING
12:05:37 INFO  State of current operation: PENDING
12:05:39 INFO  State of current operation: PENDING
12:05:41 INFO  State of current operation: PENDING
12:05:43 INFO  State of current operation: PENDING
12:05:46 INFO  State of current operation: PENDING
12:05:48 INFO  State of current operation: PENDING
12:05:50 INFO  State of current operation: PENDING
12:05:52 INFO  State of current operation: PENDING
12:05:55 INFO  State of current operation: PENDING
12:05:57 INFO  State of current operation: PENDING
12:05:59 WARN  SystemError occurred while running test - Timeout while waiting for status FAILED or SUCCESSFUL
Traceback (most recent call last):
  File &quot;/home/pi/env-pysys/lib/python3.7/site-packages/pysys/baserunner.py&quot;, line 1292, in __call__
    self.testObj.setup()
  File &quot;/home/pi/actions-runner/_work/thin-edge.io/thin-edge.io/tests/PySys/software_management_end_to_end/sm_apt_install_remove_default/run.py&quot;, line 26, in setup
    super().setup()
  File &quot;/home/pi/actions-runner/_work/thin-edge.io/thin-edge.io/tests/PySys/software_management_end_to_end/environment_sm_management.py&quot;, line 151, in setup
    self.wait_until_end()
  File &quot;/home/pi/actions-runner/_work/thin-edge.io/thin-edge.io/tests/PySys/software_management_end_to_end/environment_sm_management.py&quot;, line 332, in wait_until_end
    self.wait_until_status(&quot;FAILED&quot;, &quot;SUCCESSFUL&quot;)
  File &quot;/home/pi/actions-runner/_work/thin-edge.io/thin-edge.io/tests/PySys/software_management_end_to_end/environment_sm_management.py&quot;, line 381, in wait_until_status
    &quot;Timeout while waiting for status %s or %s&quot; % (status, status2)
SystemError: Timeout while waiting for status FAILED or SUCCESSFUL
12:05:59 WARN  SystemError: Timeout while waiting for status FAILED or SUCCESSFUL ... blocked 
12:05:59 INFO  
12:05:59 INFO  cleanup:
12:06:03 INFO  Executed sudo&lt;tedge_disconnect_c8y&gt;, exit status 0
12:06:03 INFO  Executed systemctl&lt;serv_mapper5&gt;, exit status 3
12:06:03 INFO  
12:06:03 INFO  Test duration: 165.41 secs
12:06:03 INFO  Test final outcome:  BLOCKED
12:06:03 INFO  Test outcome reason: SystemError: Timeout while waiting for status FAILED or SUCCESSFUL
12:06:03 INFO  
</system-out>
	</testcase>
</testsuite>
