<?xml version="1.0" encoding="utf-8"?>
<testsuite failures="1" name="SoftwareManagement.sm_docker_install_remove_multiple" skipped="0" tests="1" time="166.27" timestamp="2022-05-23T14:41:19">
	<testcase classname="SMDockerInstallRemove" name="SoftwareManagement.sm_docker_install_remove_multiple">
		<failure message="BLOCKED: SystemError: Timeout while waiting for status FAILED or SUCCESSFUL" type="BLOCKED"/>
		<system-out>14:38:33 INFO  ==============================================================
14:38:33 INFO  Id:    SoftwareManagement.sm_docker_install_remove_multiple
14:38:33 INFO  Dir:   software_management_end_to_end/
14:38:33 INFO  Title: Validate end to end behaviour for the docker plugin for multiple docker images with mixed versions
14:38:33 INFO  ==============================================================
14:38:33 INFO  Using sw id database: {'asciijump': '5475369', 'robotfindskitten': '5474869', 'squirrel3': '5475279', 'rolldice': '5152439', 'moon-buggy': '5439204', 'apple': '5495053', 'banana': '5494888', 'cherry': '5495382', 'watermelon': '5494510', 'registry': '8018911', 'hello-world': '8021526', 'docker/getting-started': '8021973', 'alpine': '7991792'}
14:38:33 INFO  EnvironmentC8y Setup
14:38:34 INFO  Executed systemctl&lt;serv_mapper1&gt;, exit status 3
14:38:34 INFO  Restarting mosquitto too frequently in the last 10 seconds. It was only up for 4 seconds
14:38:34 INFO  Delaying execution by 7 seconds
14:38:55 INFO  Executed sudo&lt;tedge_connect_c8y&gt;, exit status 0, duration 13 secs
14:38:55 INFO  Executed sudo&lt;tedge_connect_c8y_test&gt;, exit status 0
14:38:56 INFO  Executed systemctl&lt;serv_mosq2&gt;, exit status 0
14:38:56 INFO  Executed systemctl&lt;serv_mapper3&gt;, exit status 0
14:38:59 INFO  State of current operation: PENDING
14:39:01 INFO  State of current operation: PENDING
14:39:03 INFO  State of current operation: PENDING
14:39:05 INFO  State of current operation: PENDING
14:39:07 INFO  State of current operation: PENDING
14:39:10 INFO  State of current operation: PENDING
14:39:12 INFO  State of current operation: PENDING
14:39:14 INFO  State of current operation: PENDING
14:39:16 INFO  State of current operation: PENDING
14:39:19 INFO  State of current operation: PENDING
14:39:21 INFO  State of current operation: PENDING
14:39:23 INFO  State of current operation: PENDING
14:39:25 INFO  State of current operation: PENDING
14:39:28 INFO  State of current operation: PENDING
14:39:30 INFO  State of current operation: PENDING
14:39:32 INFO  State of current operation: PENDING
14:39:34 INFO  State of current operation: PENDING
14:39:37 INFO  State of current operation: PENDING
14:39:39 INFO  State of current operation: PENDING
14:39:41 INFO  State of current operation: PENDING
14:39:43 INFO  State of current operation: PENDING
14:39:45 INFO  State of current operation: PENDING
14:39:48 INFO  State of current operation: PENDING
14:39:50 INFO  State of current operation: PENDING
14:39:52 INFO  State of current operation: PENDING
14:39:54 INFO  State of current operation: PENDING
14:39:57 INFO  State of current operation: PENDING
14:39:59 INFO  State of current operation: PENDING
14:40:01 INFO  State of current operation: PENDING
14:40:03 INFO  State of current operation: PENDING
14:40:06 INFO  State of current operation: PENDING
14:40:08 INFO  State of current operation: PENDING
14:40:10 INFO  State of current operation: PENDING
14:40:12 INFO  State of current operation: PENDING
14:40:14 INFO  State of current operation: PENDING
14:40:17 INFO  State of current operation: PENDING
14:40:19 INFO  State of current operation: PENDING
14:40:21 INFO  State of current operation: PENDING
14:40:23 INFO  State of current operation: PENDING
14:40:26 INFO  State of current operation: PENDING
14:40:28 INFO  State of current operation: PENDING
14:40:30 INFO  State of current operation: PENDING
14:40:32 INFO  State of current operation: PENDING
14:40:35 INFO  State of current operation: PENDING
14:40:37 INFO  State of current operation: PENDING
14:40:39 INFO  State of current operation: PENDING
14:40:41 INFO  State of current operation: PENDING
14:40:43 INFO  State of current operation: PENDING
14:40:46 INFO  State of current operation: PENDING
14:40:48 INFO  State of current operation: PENDING
14:40:50 INFO  State of current operation: PENDING
14:40:52 INFO  State of current operation: PENDING
14:40:55 INFO  State of current operation: PENDING
14:40:57 INFO  State of current operation: PENDING
14:40:59 INFO  State of current operation: PENDING
14:41:02 INFO  State of current operation: PENDING
14:41:04 INFO  State of current operation: PENDING
14:41:06 INFO  State of current operation: PENDING
14:41:08 INFO  State of current operation: PENDING
14:41:11 INFO  State of current operation: PENDING
14:41:13 INFO  State of current operation: PENDING
14:41:15 WARN  SystemError occurred while running test - Timeout while waiting for status FAILED or SUCCESSFUL
Traceback (most recent call last):
  File &quot;/home/pi/env-pysys/lib/python3.7/site-packages/pysys/baserunner.py&quot;, line 1292, in __call__
    self.testObj.setup()
  File &quot;/home/pi/actions-runner/_work/thin-edge.io/thin-edge.io/tests/PySys/software_management_end_to_end/sm_docker_install_remove_multiple/run.py&quot;, line 29, in setup
    super().setup()
  File &quot;/home/pi/actions-runner/_work/thin-edge.io/thin-edge.io/tests/PySys/software_management_end_to_end/environment_sm_management.py&quot;, line 151, in setup
    self.wait_until_end()
  File &quot;/home/pi/actions-runner/_work/thin-edge.io/thin-edge.io/tests/PySys/software_management_end_to_end/environment_sm_management.py&quot;, line 332, in wait_until_end
    self.wait_until_status(&quot;FAILED&quot;, &quot;SUCCESSFUL&quot;)
  File &quot;/home/pi/actions-runner/_work/thin-edge.io/thin-edge.io/tests/PySys/software_management_end_to_end/environment_sm_management.py&quot;, line 381, in wait_until_status
    &quot;Timeout while waiting for status %s or %s&quot; % (status, status2)
SystemError: Timeout while waiting for status FAILED or SUCCESSFUL
14:41:15 WARN  SystemError: Timeout while waiting for status FAILED or SUCCESSFUL ... blocked 
14:41:15 INFO  
14:41:15 INFO  cleanup:
14:41:19 INFO  Executed sudo&lt;tedge_disconnect_c8y&gt;, exit status 0
14:41:19 INFO  Executed systemctl&lt;serv_mapper5&gt;, exit status 3
14:41:19 INFO  
14:41:19 INFO  Test duration: 166.27 secs
14:41:19 INFO  Test final outcome:  BLOCKED
14:41:19 INFO  Test outcome reason: SystemError: Timeout while waiting for status FAILED or SUCCESSFUL
14:41:19 INFO  
</system-out>
	</testcase>
</testsuite>
