<?xml version="1.0" encoding="utf-8"?>
<testsuite failures="1" name="SoftwareManagement.sm_apt_install_remove_multiple" skipped="0" tests="1" time="142.45" timestamp="2022-06-08T12:39:26">
	<testcase classname="PySysTest" name="SoftwareManagement.sm_apt_install_remove_multiple">
		<failure message="FAILED: Assert that (False == value) with value=True (+2 other failures)" type="FAILED"/>
		<system-out>12:37:04 INFO  ==============================================================
12:37:04 INFO  Id:    SoftwareManagement.sm_apt_install_remove_multiple
12:37:04 INFO  Dir:   software_management_end_to_end/
12:37:04 INFO  Title: Validate end to end behaviour for the apt plugin for multiple packages
12:37:04 INFO  ==============================================================
12:37:04 INFO  Using sw id database: {'asciijump': '5475369', 'robotfindskitten': '5474869', 'squirrel3': '5475279', 'rolldice': '5152439', 'moon-buggy': '5439204', 'apple': '5495053', 'banana': '5494888', 'cherry': '5495382', 'watermelon': '5494510', 'registry': '8018911', 'hello-world': '8021526', 'docker/getting-started': '8021973', 'alpine': '7991792'}
12:37:04 INFO  EnvironmentC8y Setup
12:37:04 INFO  Executed systemctl&lt;serv_mapper1&gt;, exit status 3
12:37:05 INFO  Restarting mosquitto too frequently in the last 10 seconds. It was only up for 5 seconds
12:37:05 INFO  Delaying execution by 6 seconds
12:37:25 INFO  Executed sudo&lt;tedge_connect_c8y&gt;, exit status 0, duration 14 secs
12:37:26 INFO  Executed sudo&lt;tedge_connect_c8y_test&gt;, exit status 0
12:37:26 INFO  Executed systemctl&lt;serv_mosq2&gt;, exit status 0
12:37:27 INFO  Executed systemctl&lt;serv_mapper3&gt;, exit status 0
12:37:29 INFO  State of current operation: SUCCESSFUL
12:37:29 INFO  Assert that (False == value) with value=False ... passed
12:37:30 INFO  Package asciijump is installed
12:37:30 WARN  Assert that (False == value) with value=True ... failed 
12:37:30 INFO  Package squirrel3 is installed
12:37:30 WARN  Assert that (False == value) with value=True ... failed 
12:37:31 INFO  Package robotfindskitten is installed
12:37:31 WARN  Assert that (False == value) with value=True ... failed 
12:37:31 INFO  Response status: 201
12:37:31 INFO  Response to action: {
    &quot;creationTime&quot;: &quot;2022-06-08T12:37:31.224Z&quot;,
    &quot;deviceId&quot;: &quot;20012510&quot;,
    &quot;deviceName&quot;: &quot;m32sd10c&quot;,
    &quot;self&quot;: &quot;https://t493319102.eu-latest.cumulocity.com/devicecontrol/operations/20046248&quot;,
    &quot;id&quot;: &quot;20046248&quot;,
    &quot;status&quot;: &quot;PENDING&quot;,
    &quot;description&quot;: &quot;Apply software changes, triggered from PySys: [{'action': 'install', 'id': '5475369', 'name': 'asciijump', 'url': ' ', 'version': '::apt'}, {'action': 'install', 'id': '5474869', 'name': 'robotfindskitten', 'url': ' ', 'version': '::apt'}, {'action': 'install', 'id': '5475279', 'name': 'squirrel3', 'url': ' ', 'version': '::apt'}]&quot;,
    &quot;c8y_SoftwareUpdate&quot;: [
        {
            &quot;name&quot;: &quot;asciijump&quot;,
            &quot;action&quot;: &quot;install&quot;,
            &quot;id&quot;: &quot;5475369&quot;,
            &quot;version&quot;: &quot;::apt&quot;,
            &quot;url&quot;: &quot; &quot;
        },
        {
            &quot;name&quot;: &quot;robotfindskitten&quot;,
            &quot;action&quot;: &quot;install&quot;,
            &quot;id&quot;: &quot;5474869&quot;,
            &quot;version&quot;: &quot;::apt&quot;,
            &quot;url&quot;: &quot; &quot;
        },
        {
            &quot;name&quot;: &quot;squirrel3&quot;,
            &quot;action&quot;: &quot;install&quot;,
            &quot;id&quot;: &quot;5475279&quot;,
            &quot;version&quot;: &quot;::apt&quot;,
            &quot;url&quot;: &quot; &quot;
        }
    ]
}
12:37:31 INFO  Started operation: {'creationTime': '2022-06-08T12:37:31.224Z', 'deviceId': '20012510', 'deviceName': 'm32sd10c', 'self': 'https://t493319102.eu-latest.cumulocity.com/devicecontrol/operations/20046248', 'id': '20046248', 'status': 'PENDING', 'description': &quot;Apply software changes, triggered from PySys: [{'action': 'install', 'id': '5475369', 'name': 'asciijump', 'url': ' ', 'version': '::apt'}, {'action': 'install', 'id': '5474869', 'name': 'robotfindskitten', 'url': ' ', 'version': '::apt'}, {'action': 'install', 'id': '5475279', 'name': 'squirrel3', 'url': ' ', 'version': '::apt'}]&quot;, 'c8y_SoftwareUpdate': [{'name': 'asciijump', 'action': 'install', 'id': '5475369', 'version': '::apt', 'url': ' '}, {'name': 'robotfindskitten', 'action': 'install', 'id': '5474869', 'version': '::apt', 'url': ' '}, {'name': 'squirrel3', 'action': 'install', 'id': '5475279', 'version': '::apt', 'url': ' '}]}
12:37:34 INFO  State of operation 20046248 : PENDING
12:37:36 INFO  State of operation 20046248 : EXECUTING
12:37:38 INFO  State of operation 20046248 : EXECUTING
12:37:40 INFO  State of operation 20046248 : EXECUTING
12:37:43 INFO  State of operation 20046248 : EXECUTING
12:37:45 INFO  State of operation 20046248 : EXECUTING
12:37:48 INFO  State of operation 20046248 : EXECUTING
12:37:51 INFO  State of operation 20046248 : EXECUTING
12:37:53 INFO  State of operation 20046248 : EXECUTING
12:37:56 INFO  State of operation 20046248 : EXECUTING
12:37:58 INFO  State of operation 20046248 : EXECUTING
12:38:00 INFO  State of operation 20046248 : EXECUTING
12:38:02 INFO  State of operation 20046248 : EXECUTING
12:38:05 INFO  State of operation 20046248 : EXECUTING
12:38:07 INFO  State of operation 20046248 : EXECUTING
12:38:09 INFO  State of operation 20046248 : SUCCESSFUL
12:38:10 INFO  Assert that (False == value) with value=False ... passed
12:38:10 INFO  Package asciijump is installed
12:38:10 INFO  Assert that (True == value) with value=True ... passed
12:38:10 INFO  Package squirrel3 is installed
12:38:10 INFO  Assert that (True == value) with value=True ... passed
12:38:10 INFO  Package robotfindskitten is installed
12:38:10 INFO  Assert that (True == value) with value=True ... passed
12:38:10 INFO  Response status: 201
12:38:10 INFO  Response to action: {
    &quot;creationTime&quot;: &quot;2022-06-08T12:38:10.925Z&quot;,
    &quot;deviceId&quot;: &quot;20012510&quot;,
    &quot;deviceName&quot;: &quot;m32sd10c&quot;,
    &quot;self&quot;: &quot;https://t493319102.eu-latest.cumulocity.com/devicecontrol/operations/20046260&quot;,
    &quot;id&quot;: &quot;20046260&quot;,
    &quot;status&quot;: &quot;PENDING&quot;,
    &quot;description&quot;: &quot;Apply software changes, triggered from PySys: [{'action': 'delete', 'id': '5475369', 'name': 'asciijump', 'url': ' ', 'version': '::apt'}, {'action': 'delete', 'id': '5474869', 'name': 'robotfindskitten', 'url': ' ', 'version': '::apt'}, {'action': 'delete', 'id': '5475279', 'name': 'squirrel3', 'url': ' ', 'version': '::apt'}]&quot;,
    &quot;c8y_SoftwareUpdate&quot;: [
        {
            &quot;name&quot;: &quot;asciijump&quot;,
            &quot;action&quot;: &quot;delete&quot;,
            &quot;id&quot;: &quot;5475369&quot;,
            &quot;version&quot;: &quot;::apt&quot;,
            &quot;url&quot;: &quot; &quot;
        },
        {
            &quot;name&quot;: &quot;robotfindskitten&quot;,
            &quot;action&quot;: &quot;delete&quot;,
            &quot;id&quot;: &quot;5474869&quot;,
            &quot;version&quot;: &quot;::apt&quot;,
            &quot;url&quot;: &quot; &quot;
        },
        {
            &quot;name&quot;: &quot;squirrel3&quot;,
            &quot;action&quot;: &quot;delete&quot;,
            &quot;id&quot;: &quot;5475279&quot;,
            &quot;version&quot;: &quot;::apt&quot;,
            &quot;url&quot;: &quot; &quot;
        }
    ]
}
12:38:10 INFO  Started operation: {'creationTime': '2022-06-08T12:38:10.925Z', 'deviceId': '20012510', 'deviceName': 'm32sd10c', 'self': 'https://t493319102.eu-latest.cumulocity.com/devicecontrol/operations/20046260', 'id': '20046260', 'status': 'PENDING', 'description': &quot;Apply software changes, triggered from PySys: [{'action': 'delete', 'id': '5475369', 'name': 'asciijump', 'url': ' ', 'version': '::apt'}, {'action': 'delete', 'id': '5474869', 'name': 'robotfindskitten', 'url': ' ', 'version': '::apt'}, {'action': 'delete', 'id': '5475279', 'name': 'squirrel3', 'url': ' ', 'version': '::apt'}]&quot;, 'c8y_SoftwareUpdate': [{'name': 'asciijump', 'action': 'delete', 'id': '5475369', 'version': '::apt', 'url': ' '}, {'name': 'robotfindskitten', 'action': 'delete', 'id': '5474869', 'version': '::apt', 'url': ' '}, {'name': 'squirrel3', 'action': 'delete', 'id': '5475279', 'version': '::apt', 'url': ' '}]}
12:38:13 INFO  State of operation 20046260 : PENDING
12:38:15 INFO  State of operation 20046260 : EXECUTING
12:38:17 INFO  State of operation 20046260 : EXECUTING
12:38:19 INFO  State of operation 20046260 : EXECUTING
12:38:22 INFO  State of operation 20046260 : EXECUTING
12:38:24 INFO  State of operation 20046260 : EXECUTING
12:38:27 INFO  State of operation 20046260 : EXECUTING
12:38:29 INFO  State of operation 20046260 : EXECUTING
12:38:32 INFO  State of operation 20046260 : EXECUTING
12:38:34 INFO  State of operation 20046260 : EXECUTING
12:38:36 INFO  State of operation 20046260 : EXECUTING
12:38:39 INFO  State of operation 20046260 : EXECUTING
12:38:41 INFO  State of operation 20046260 : EXECUTING
12:38:43 INFO  State of operation 20046260 : EXECUTING
12:38:45 INFO  State of operation 20046260 : EXECUTING
12:38:48 INFO  State of operation 20046260 : EXECUTING
12:38:50 INFO  State of operation 20046260 : EXECUTING
12:38:52 INFO  State of operation 20046260 : EXECUTING
12:38:55 INFO  State of operation 20046260 : EXECUTING
12:38:57 INFO  State of operation 20046260 : EXECUTING
12:39:00 INFO  State of operation 20046260 : EXECUTING
12:39:02 INFO  State of operation 20046260 : EXECUTING
12:39:04 INFO  State of operation 20046260 : EXECUTING
12:39:06 INFO  State of operation 20046260 : EXECUTING
12:39:08 INFO  State of operation 20046260 : EXECUTING
12:39:11 INFO  State of operation 20046260 : EXECUTING
12:39:14 INFO  State of operation 20046260 : EXECUTING
12:39:16 INFO  State of operation 20046260 : EXECUTING
12:39:18 INFO  State of operation 20046260 : EXECUTING
12:39:20 INFO  State of operation 20046260 : SUCCESSFUL
12:39:21 INFO  Assert that (False == value) with value=False ... passed
12:39:21 INFO  Assert that (False == value) with value=False ... passed
12:39:21 INFO  Assert that (False == value) with value=False ... passed
12:39:22 INFO  Assert that (False == value) with value=False ... passed
12:39:22 INFO  
12:39:22 INFO  cleanup:
12:39:26 INFO  Executed sudo&lt;tedge_disconnect_c8y&gt;, exit status 0
12:39:26 INFO  Executed systemctl&lt;serv_mapper5&gt;, exit status 3
12:39:26 INFO  
12:39:26 INFO  Test duration: 142.45 secs
12:39:26 INFO  Test final outcome:  FAILED
12:39:26 INFO  Test outcome reason: Assert that (False == value) with value=True (+2 other failures)
12:39:26 INFO  
</system-out>
	</testcase>
</testsuite>
