<?xml version="1.0" encoding="utf-8"?>
<testsuite failures="1" name="SoftwareManagement.sm_apt_install_remove" skipped="0" tests="1" time="165.29" timestamp="2022-05-25T12:03:18">
	<testcase classname="PySysTest" name="SoftwareManagement.sm_apt_install_remove">
		<failure message="BLOCKED: SystemError: Timeout while waiting for status FAILED or SUCCESSFUL" type="BLOCKED"/>
		<system-out>12:00:33 INFO  ==============================================================
12:00:33 INFO  Id:    SoftwareManagement.sm_apt_install_remove
12:00:33 INFO  Dir:   software_management_end_to_end/
12:00:33 INFO  Title: Validate end to end behaviour for the apt plugin for installation and removal of packages
12:00:33 INFO  ==============================================================
12:00:33 INFO  Using sw id database: {'asciijump': '5475369', 'robotfindskitten': '5474869', 'squirrel3': '5475279', 'rolldice': '5152439', 'moon-buggy': '5439204', 'apple': '5495053', 'banana': '5494888', 'cherry': '5495382', 'watermelon': '5494510', 'registry': '8018911', 'hello-world': '8021526', 'docker/getting-started': '8021973', 'alpine': '7991792'}
12:00:33 INFO  EnvironmentC8y Setup
12:00:33 INFO  Executed systemctl&lt;serv_mapper1&gt;, exit status 3
12:00:33 INFO  Restarting mosquitto too frequently in the last 10 seconds. It was only up for 5 seconds
12:00:33 INFO  Delaying execution by 6 seconds
12:00:53 INFO  Executed sudo&lt;tedge_connect_c8y&gt;, exit status 0, duration 13 secs
12:00:54 INFO  Executed sudo&lt;tedge_connect_c8y_test&gt;, exit status 0
12:00:54 INFO  Executed systemctl&lt;serv_mosq2&gt;, exit status 0
12:00:55 INFO  Executed systemctl&lt;serv_mapper3&gt;, exit status 0
12:00:57 INFO  State of current operation: PENDING
12:00:59 INFO  State of current operation: PENDING
12:01:02 INFO  State of current operation: PENDING
12:01:04 INFO  State of current operation: PENDING
12:01:06 INFO  State of current operation: PENDING
12:01:08 INFO  State of current operation: PENDING
12:01:11 INFO  State of current operation: PENDING
12:01:13 INFO  State of current operation: PENDING
12:01:15 INFO  State of current operation: PENDING
12:01:17 INFO  State of current operation: PENDING
12:01:19 INFO  State of current operation: PENDING
12:01:22 INFO  State of current operation: PENDING
12:01:24 INFO  State of current operation: PENDING
12:01:26 INFO  State of current operation: PENDING
12:01:28 INFO  State of current operation: PENDING
12:01:31 INFO  State of current operation: PENDING
12:01:33 INFO  State of current operation: PENDING
12:01:35 INFO  State of current operation: PENDING
12:01:37 INFO  State of current operation: PENDING
12:01:40 INFO  State of current operation: PENDING
12:01:42 INFO  State of current operation: PENDING
12:01:44 INFO  State of current operation: PENDING
12:01:46 INFO  State of current operation: PENDING
12:01:48 INFO  State of current operation: PENDING
12:01:51 INFO  State of current operation: PENDING
12:01:53 INFO  State of current operation: PENDING
12:01:55 INFO  State of current operation: PENDING
12:01:57 INFO  State of current operation: PENDING
12:02:00 INFO  State of current operation: PENDING
12:02:02 INFO  State of current operation: PENDING
12:02:04 INFO  State of current operation: PENDING
12:02:06 INFO  State of current operation: PENDING
12:02:09 INFO  State of current operation: PENDING
12:02:11 INFO  State of current operation: PENDING
12:02:13 INFO  State of current operation: PENDING
12:02:15 INFO  State of current operation: PENDING
12:02:18 INFO  State of current operation: PENDING
12:02:20 INFO  State of current operation: PENDING
12:02:22 INFO  State of current operation: PENDING
12:02:24 INFO  State of current operation: PENDING
12:02:26 INFO  State of current operation: PENDING
12:02:29 INFO  State of current operation: PENDING
12:02:31 INFO  State of current operation: PENDING
12:02:33 INFO  State of current operation: PENDING
12:02:35 INFO  State of current operation: PENDING
12:02:38 INFO  State of current operation: PENDING
12:02:40 INFO  State of current operation: PENDING
12:02:42 INFO  State of current operation: PENDING
12:02:44 INFO  State of current operation: PENDING
12:02:47 INFO  State of current operation: PENDING
12:02:49 INFO  State of current operation: PENDING
12:02:51 INFO  State of current operation: PENDING
12:02:53 INFO  State of current operation: PENDING
12:02:56 INFO  State of current operation: PENDING
12:02:58 INFO  State of current operation: PENDING
12:03:00 INFO  State of current operation: PENDING
12:03:02 INFO  State of current operation: PENDING
12:03:05 INFO  State of current operation: PENDING
12:03:07 INFO  State of current operation: PENDING
12:03:09 INFO  State of current operation: PENDING
12:03:11 INFO  State of current operation: PENDING
12:03:13 WARN  SystemError occurred while running test - Timeout while waiting for status FAILED or SUCCESSFUL
Traceback (most recent call last):
  File &quot;/home/pi/env-pysys/lib/python3.7/site-packages/pysys/baserunner.py&quot;, line 1292, in __call__
    self.testObj.setup()
  File &quot;/home/pi/actions-runner/_work/thin-edge.io/thin-edge.io/tests/PySys/software_management_end_to_end/sm_apt_install_remove/run.py&quot;, line 27, in setup
    super().setup()
  File &quot;/home/pi/actions-runner/_work/thin-edge.io/thin-edge.io/tests/PySys/software_management_end_to_end/environment_sm_management.py&quot;, line 151, in setup
    self.wait_until_end()
  File &quot;/home/pi/actions-runner/_work/thin-edge.io/thin-edge.io/tests/PySys/software_management_end_to_end/environment_sm_management.py&quot;, line 332, in wait_until_end
    self.wait_until_status(&quot;FAILED&quot;, &quot;SUCCESSFUL&quot;)
  File &quot;/home/pi/actions-runner/_work/thin-edge.io/thin-edge.io/tests/PySys/software_management_end_to_end/environment_sm_management.py&quot;, line 381, in wait_until_status
    &quot;Timeout while waiting for status %s or %s&quot; % (status, status2)
SystemError: Timeout while waiting for status FAILED or SUCCESSFUL
12:03:13 WARN  SystemError: Timeout while waiting for status FAILED or SUCCESSFUL ... blocked 
12:03:13 INFO  
12:03:13 INFO  cleanup:
12:03:17 INFO  Executed sudo&lt;tedge_disconnect_c8y&gt;, exit status 0
12:03:18 INFO  Executed systemctl&lt;serv_mapper5&gt;, exit status 3
12:03:18 INFO  
12:03:18 INFO  Test duration: 165.29 secs
12:03:18 INFO  Test final outcome:  BLOCKED
12:03:18 INFO  Test outcome reason: SystemError: Timeout while waiting for status FAILED or SUCCESSFUL
12:03:18 INFO  
</system-out>
	</testcase>
</testsuite>
