<?xml version="1.0" encoding="utf-8"?>
<testsuite failures="1" name="SoftwareManagement.sm_apt_install_remove_multiple" skipped="0" tests="1" time="140.27" timestamp="2022-07-18T15:09:57">
	<testcase classname="PySysTest" name="SoftwareManagement.sm_apt_install_remove_multiple">
		<failure message="FAILED: Assert that (False == value) with value=True (+2 other failures)" type="FAILED"/>
		<system-out>15:07:37 INFO  ==============================================================
15:07:37 INFO  Id:    SoftwareManagement.sm_apt_install_remove_multiple
15:07:37 INFO  Dir:   software_management_end_to_end/
15:07:37 INFO  Title: Validate end to end behaviour for the apt plugin for multiple packages
15:07:37 INFO  ==============================================================
15:07:37 INFO  Using sw id database: {'asciijump': '5475369', 'robotfindskitten': '5474869', 'squirrel3': '5475279', 'rolldice': '5152439', 'moon-buggy': '5439204', 'apple': '5495053', 'banana': '5494888', 'cherry': '5495382', 'watermelon': '5494510', 'registry': '8018911', 'hello-world': '8021526', 'docker/getting-started': '8021973', 'alpine': '7991792'}
15:07:37 INFO  EnvironmentC8y Setup
15:07:38 INFO  Executed systemctl&lt;serv_mapper1&gt;, exit status 3
15:07:38 INFO  Restarting mosquitto too frequently in the last 10 seconds. It was only up for 5 seconds
15:07:38 INFO  Delaying execution by 6 seconds
15:07:58 INFO  Executed sudo&lt;tedge_connect_c8y&gt;, exit status 0, duration 14 secs
15:07:59 INFO  Executed sudo&lt;tedge_connect_c8y_test&gt;, exit status 0
15:07:59 INFO  Executed systemctl&lt;serv_mosq2&gt;, exit status 0
15:08:00 INFO  Executed systemctl&lt;serv_mapper3&gt;, exit status 0
15:08:02 INFO  State of current operation: SUCCESSFUL
15:08:02 INFO  Assert that (False == value) with value=False ... passed
15:08:03 INFO  Package asciijump is installed
15:08:03 WARN  Assert that (False == value) with value=True ... failed 
15:08:03 INFO  Package squirrel3 is installed
15:08:03 WARN  Assert that (False == value) with value=True ... failed 
15:08:04 INFO  Package robotfindskitten is installed
15:08:04 WARN  Assert that (False == value) with value=True ... failed 
15:08:04 INFO  Response status: 201
15:08:04 INFO  Response to action: {
    &quot;delivery&quot;: {
        &quot;log&quot;: [],
        &quot;time&quot;: &quot;2022-07-18T15:08:04.843Z&quot;,
        &quot;status&quot;: &quot;PENDING&quot;
    },
    &quot;creationTime&quot;: &quot;2022-07-18T15:08:04.661Z&quot;,
    &quot;deviceName&quot;: &quot;m32sd10c&quot;,
    &quot;deviceId&quot;: &quot;20973778&quot;,
    &quot;self&quot;: &quot;https://t493319102.eu-latest.cumulocity.com/devicecontrol/operations/21015965&quot;,
    &quot;id&quot;: &quot;21015965&quot;,
    &quot;status&quot;: &quot;PENDING&quot;,
    &quot;description&quot;: &quot;Apply software changes, triggered from PySys: [{'action': 'install', 'id': '5475369', 'name': 'asciijump', 'url': ' ', 'version': '::apt'}, {'action': 'install', 'id': '5474869', 'name': 'robotfindskitten', 'url': ' ', 'version': '::apt'}, {'action': 'install', 'id': '5475279', 'name': 'squirrel3', 'url': ' ', 'version': '::apt'}]&quot;,
    &quot;c8y_SoftwareUpdate&quot;: [
        {
            &quot;name&quot;: &quot;asciijump&quot;,
            &quot;action&quot;: &quot;install&quot;,
            &quot;id&quot;: &quot;5475369&quot;,
            &quot;version&quot;: &quot;::apt&quot;,
            &quot;url&quot;: &quot; &quot;
        },
        {
            &quot;name&quot;: &quot;robotfindskitten&quot;,
            &quot;action&quot;: &quot;install&quot;,
            &quot;id&quot;: &quot;5474869&quot;,
            &quot;version&quot;: &quot;::apt&quot;,
            &quot;url&quot;: &quot; &quot;
        },
        {
            &quot;name&quot;: &quot;squirrel3&quot;,
            &quot;action&quot;: &quot;install&quot;,
            &quot;id&quot;: &quot;5475279&quot;,
            &quot;version&quot;: &quot;::apt&quot;,
            &quot;url&quot;: &quot; &quot;
        }
    ]
}
15:08:04 INFO  Started operation: {'delivery': {'log': [], 'time': '2022-07-18T15:08:04.843Z', 'status': 'PENDING'}, 'creationTime': '2022-07-18T15:08:04.661Z', 'deviceName': 'm32sd10c', 'deviceId': '20973778', 'self': 'https://t493319102.eu-latest.cumulocity.com/devicecontrol/operations/21015965', 'id': '21015965', 'status': 'PENDING', 'description': &quot;Apply software changes, triggered from PySys: [{'action': 'install', 'id': '5475369', 'name': 'asciijump', 'url': ' ', 'version': '::apt'}, {'action': 'install', 'id': '5474869', 'name': 'robotfindskitten', 'url': ' ', 'version': '::apt'}, {'action': 'install', 'id': '5475279', 'name': 'squirrel3', 'url': ' ', 'version': '::apt'}]&quot;, 'c8y_SoftwareUpdate': [{'name': 'asciijump', 'action': 'install', 'id': '5475369', 'version': '::apt', 'url': ' '}, {'name': 'robotfindskitten', 'action': 'install', 'id': '5474869', 'version': '::apt', 'url': ' '}, {'name': 'squirrel3', 'action': 'install', 'id': '5475279', 'version': '::apt', 'url': ' '}]}
15:08:07 INFO  State of operation 21015965 : PENDING
15:08:09 INFO  State of operation 21015965 : EXECUTING
15:08:11 INFO  State of operation 21015965 : EXECUTING
15:08:13 INFO  State of operation 21015965 : EXECUTING
15:08:16 INFO  State of operation 21015965 : EXECUTING
15:08:18 INFO  State of operation 21015965 : EXECUTING
15:08:21 INFO  State of operation 21015965 : EXECUTING
15:08:23 INFO  State of operation 21015965 : EXECUTING
15:08:26 INFO  State of operation 21015965 : EXECUTING
15:08:28 INFO  State of operation 21015965 : EXECUTING
15:08:31 INFO  State of operation 21015965 : EXECUTING
15:08:33 INFO  State of operation 21015965 : EXECUTING
15:08:35 INFO  State of operation 21015965 : EXECUTING
15:08:38 INFO  State of operation 21015965 : EXECUTING
15:08:40 INFO  State of operation 21015965 : EXECUTING
15:08:42 INFO  State of operation 21015965 : SUCCESSFUL
15:08:42 INFO  Assert that (False == value) with value=False ... passed
15:08:42 INFO  Package asciijump is installed
15:08:42 INFO  Assert that (True == value) with value=True ... passed
15:08:43 INFO  Package squirrel3 is installed
15:08:43 INFO  Assert that (True == value) with value=True ... passed
15:08:43 INFO  Package robotfindskitten is installed
15:08:43 INFO  Assert that (True == value) with value=True ... passed
15:08:43 INFO  Response status: 201
15:08:43 INFO  Response to action: {
    &quot;delivery&quot;: {
        &quot;log&quot;: [],
        &quot;time&quot;: &quot;2022-07-18T15:08:43.699Z&quot;,
        &quot;status&quot;: &quot;PENDING&quot;
    },
    &quot;creationTime&quot;: &quot;2022-07-18T15:08:43.605Z&quot;,
    &quot;deviceName&quot;: &quot;m32sd10c&quot;,
    &quot;deviceId&quot;: &quot;20973778&quot;,
    &quot;self&quot;: &quot;https://t493319102.eu-latest.cumulocity.com/devicecontrol/operations/21015979&quot;,
    &quot;id&quot;: &quot;21015979&quot;,
    &quot;status&quot;: &quot;PENDING&quot;,
    &quot;description&quot;: &quot;Apply software changes, triggered from PySys: [{'action': 'delete', 'id': '5475369', 'name': 'asciijump', 'url': ' ', 'version': '::apt'}, {'action': 'delete', 'id': '5474869', 'name': 'robotfindskitten', 'url': ' ', 'version': '::apt'}, {'action': 'delete', 'id': '5475279', 'name': 'squirrel3', 'url': ' ', 'version': '::apt'}]&quot;,
    &quot;c8y_SoftwareUpdate&quot;: [
        {
            &quot;name&quot;: &quot;asciijump&quot;,
            &quot;action&quot;: &quot;delete&quot;,
            &quot;id&quot;: &quot;5475369&quot;,
            &quot;version&quot;: &quot;::apt&quot;,
            &quot;url&quot;: &quot; &quot;
        },
        {
            &quot;name&quot;: &quot;robotfindskitten&quot;,
            &quot;action&quot;: &quot;delete&quot;,
            &quot;id&quot;: &quot;5474869&quot;,
            &quot;version&quot;: &quot;::apt&quot;,
            &quot;url&quot;: &quot; &quot;
        },
        {
            &quot;name&quot;: &quot;squirrel3&quot;,
            &quot;action&quot;: &quot;delete&quot;,
            &quot;id&quot;: &quot;5475279&quot;,
            &quot;version&quot;: &quot;::apt&quot;,
            &quot;url&quot;: &quot; &quot;
        }
    ]
}
15:08:43 INFO  Started operation: {'delivery': {'log': [], 'time': '2022-07-18T15:08:43.699Z', 'status': 'PENDING'}, 'creationTime': '2022-07-18T15:08:43.605Z', 'deviceName': 'm32sd10c', 'deviceId': '20973778', 'self': 'https://t493319102.eu-latest.cumulocity.com/devicecontrol/operations/21015979', 'id': '21015979', 'status': 'PENDING', 'description': &quot;Apply software changes, triggered from PySys: [{'action': 'delete', 'id': '5475369', 'name': 'asciijump', 'url': ' ', 'version': '::apt'}, {'action': 'delete', 'id': '5474869', 'name': 'robotfindskitten', 'url': ' ', 'version': '::apt'}, {'action': 'delete', 'id': '5475279', 'name': 'squirrel3', 'url': ' ', 'version': '::apt'}]&quot;, 'c8y_SoftwareUpdate': [{'name': 'asciijump', 'action': 'delete', 'id': '5475369', 'version': '::apt', 'url': ' '}, {'name': 'robotfindskitten', 'action': 'delete', 'id': '5474869', 'version': '::apt', 'url': ' '}, {'name': 'squirrel3', 'action': 'delete', 'id': '5475279', 'version': '::apt', 'url': ' '}]}
15:08:45 INFO  State of operation 21015979 : PENDING
15:08:48 INFO  State of operation 21015979 : EXECUTING
15:08:50 INFO  State of operation 21015979 : EXECUTING
15:08:52 INFO  State of operation 21015979 : EXECUTING
15:08:54 INFO  State of operation 21015979 : EXECUTING
15:08:57 INFO  State of operation 21015979 : EXECUTING
15:09:00 INFO  State of operation 21015979 : EXECUTING
15:09:03 INFO  State of operation 21015979 : EXECUTING
15:09:05 INFO  State of operation 21015979 : EXECUTING
15:09:08 INFO  State of operation 21015979 : EXECUTING
15:09:10 INFO  State of operation 21015979 : EXECUTING
15:09:12 INFO  State of operation 21015979 : EXECUTING
15:09:14 INFO  State of operation 21015979 : EXECUTING
15:09:17 INFO  State of operation 21015979 : EXECUTING
15:09:19 INFO  State of operation 21015979 : EXECUTING
15:09:21 INFO  State of operation 21015979 : EXECUTING
15:09:24 INFO  State of operation 21015979 : EXECUTING
15:09:26 INFO  State of operation 21015979 : EXECUTING
15:09:29 INFO  State of operation 21015979 : EXECUTING
15:09:31 INFO  State of operation 21015979 : EXECUTING
15:09:33 INFO  State of operation 21015979 : EXECUTING
15:09:36 INFO  State of operation 21015979 : EXECUTING
15:09:38 INFO  State of operation 21015979 : EXECUTING
15:09:40 INFO  State of operation 21015979 : EXECUTING
15:09:43 INFO  State of operation 21015979 : EXECUTING
15:09:45 INFO  State of operation 21015979 : EXECUTING
15:09:47 INFO  State of operation 21015979 : EXECUTING
15:09:50 INFO  State of operation 21015979 : EXECUTING
15:09:52 INFO  State of operation 21015979 : SUCCESSFUL
15:09:52 INFO  Assert that (False == value) with value=False ... passed
15:09:52 INFO  Assert that (False == value) with value=False ... passed
15:09:53 INFO  Assert that (False == value) with value=False ... passed
15:09:53 INFO  Assert that (False == value) with value=False ... passed
15:09:53 INFO  
15:09:53 INFO  cleanup:
15:09:57 INFO  Executed sudo&lt;tedge_disconnect_c8y&gt;, exit status 0
15:09:57 INFO  Executed systemctl&lt;serv_mapper5&gt;, exit status 3
15:09:57 INFO  
15:09:57 INFO  Test duration: 140.27 secs
15:09:57 INFO  Test final outcome:  FAILED
15:09:57 INFO  Test outcome reason: Assert that (False == value) with value=True (+2 other failures)
15:09:57 INFO  
</system-out>
	</testcase>
</testsuite>
