<?xml version="1.0" encoding="utf-8"?>
<testsuite failures="1" name="SoftwareManagement.sm_mixed_install_remove_multiple" skipped="0" tests="1" time="165.82" timestamp="2022-07-22T03:31:52">
	<testcase classname="PySysTest" name="SoftwareManagement.sm_mixed_install_remove_multiple">
		<failure message="BLOCKED: SystemError: Timeout while waiting for status FAILED or SUCCESSFUL" type="BLOCKED"/>
		<system-out>03:29:06 INFO  ==============================================================
03:29:06 INFO  Id:    SoftwareManagement.sm_mixed_install_remove_multiple
03:29:06 INFO  Dir:   software_management_end_to_end/
03:29:06 INFO  Title: Validate end to end behaviour for the dummy-plugin for multiple packages with mixed versions
03:29:06 INFO  ==============================================================
03:29:06 INFO  Using sw id database: {'asciijump': '5475369', 'robotfindskitten': '5474869', 'squirrel3': '5475279', 'rolldice': '5152439', 'moon-buggy': '5439204', 'apple': '5495053', 'banana': '5494888', 'cherry': '5495382', 'watermelon': '5494510', 'registry': '8018911', 'hello-world': '8021526', 'docker/getting-started': '8021973', 'alpine': '7991792'}
03:29:06 INFO  EnvironmentC8y Setup
03:29:06 INFO  Executed systemctl&lt;serv_mapper1&gt;, exit status 3
03:29:06 INFO  Restarting mosquitto too frequently in the last 10 seconds. It was only up for 4 seconds
03:29:06 INFO  Delaying execution by 7 seconds
03:29:27 INFO  Executed sudo&lt;tedge_connect_c8y&gt;, exit status 0, duration 14 secs
03:29:28 INFO  Executed sudo&lt;tedge_connect_c8y_test&gt;, exit status 0
03:29:29 INFO  Executed systemctl&lt;serv_mosq2&gt;, exit status 0
03:29:29 INFO  Executed systemctl&lt;serv_mapper3&gt;, exit status 0
03:29:31 INFO  State of current operation: EXECUTING
03:29:34 INFO  State of current operation: EXECUTING
03:29:36 INFO  State of current operation: EXECUTING
03:29:38 INFO  State of current operation: EXECUTING
03:29:40 INFO  State of current operation: EXECUTING
03:29:42 INFO  State of current operation: EXECUTING
03:29:45 INFO  State of current operation: EXECUTING
03:29:47 INFO  State of current operation: EXECUTING
03:29:49 INFO  State of current operation: EXECUTING
03:29:51 INFO  State of current operation: EXECUTING
03:29:53 INFO  State of current operation: EXECUTING
03:29:56 INFO  State of current operation: EXECUTING
03:29:58 INFO  State of current operation: EXECUTING
03:30:00 INFO  State of current operation: EXECUTING
03:30:03 INFO  State of current operation: EXECUTING
03:30:05 INFO  State of current operation: EXECUTING
03:30:07 INFO  State of current operation: EXECUTING
03:30:09 INFO  State of current operation: EXECUTING
03:30:12 INFO  State of current operation: EXECUTING
03:30:14 INFO  State of current operation: EXECUTING
03:30:16 INFO  State of current operation: EXECUTING
03:30:18 INFO  State of current operation: EXECUTING
03:30:20 INFO  State of current operation: EXECUTING
03:30:23 INFO  State of current operation: EXECUTING
03:30:25 INFO  State of current operation: EXECUTING
03:30:27 INFO  State of current operation: EXECUTING
03:30:29 INFO  State of current operation: EXECUTING
03:30:32 INFO  State of current operation: EXECUTING
03:30:34 INFO  State of current operation: EXECUTING
03:30:36 INFO  State of current operation: EXECUTING
03:30:38 INFO  State of current operation: EXECUTING
03:30:40 INFO  State of current operation: EXECUTING
03:30:43 INFO  State of current operation: EXECUTING
03:30:45 INFO  State of current operation: EXECUTING
03:30:47 INFO  State of current operation: EXECUTING
03:30:49 INFO  State of current operation: EXECUTING
03:30:52 INFO  State of current operation: EXECUTING
03:30:54 INFO  State of current operation: EXECUTING
03:30:56 INFO  State of current operation: EXECUTING
03:30:58 INFO  State of current operation: EXECUTING
03:31:00 INFO  State of current operation: EXECUTING
03:31:03 INFO  State of current operation: EXECUTING
03:31:05 INFO  State of current operation: EXECUTING
03:31:07 INFO  State of current operation: EXECUTING
03:31:09 INFO  State of current operation: EXECUTING
03:31:12 INFO  State of current operation: EXECUTING
03:31:14 INFO  State of current operation: EXECUTING
03:31:16 INFO  State of current operation: EXECUTING
03:31:18 INFO  State of current operation: EXECUTING
03:31:20 INFO  State of current operation: EXECUTING
03:31:23 INFO  State of current operation: EXECUTING
03:31:25 INFO  State of current operation: EXECUTING
03:31:27 INFO  State of current operation: EXECUTING
03:31:29 INFO  State of current operation: EXECUTING
03:31:31 INFO  State of current operation: EXECUTING
03:31:34 INFO  State of current operation: EXECUTING
03:31:36 INFO  State of current operation: EXECUTING
03:31:38 INFO  State of current operation: EXECUTING
03:31:40 INFO  State of current operation: EXECUTING
03:31:43 INFO  State of current operation: EXECUTING
03:31:45 INFO  State of current operation: EXECUTING
03:31:47 WARN  SystemError occurred while running test - Timeout while waiting for status FAILED or SUCCESSFUL
Traceback (most recent call last):
  File &quot;/home/pi/env-pysys/lib/python3.7/site-packages/pysys/baserunner.py&quot;, line 1292, in __call__
    self.testObj.setup()
  File &quot;/home/pi/actions-runner/_work/thin-edge.io/thin-edge.io/tests/PySys/software_management_end_to_end/sm_mixed_install_remove_multiple/run.py&quot;, line 83, in setup
    super().setup()
  File &quot;/home/pi/actions-runner/_work/thin-edge.io/thin-edge.io/tests/PySys/software_management_end_to_end/environment_sm_management.py&quot;, line 151, in setup
    self.wait_until_end()
  File &quot;/home/pi/actions-runner/_work/thin-edge.io/thin-edge.io/tests/PySys/software_management_end_to_end/environment_sm_management.py&quot;, line 332, in wait_until_end
    self.wait_until_status(&quot;FAILED&quot;, &quot;SUCCESSFUL&quot;)
  File &quot;/home/pi/actions-runner/_work/thin-edge.io/thin-edge.io/tests/PySys/software_management_end_to_end/environment_sm_management.py&quot;, line 381, in wait_until_status
    &quot;Timeout while waiting for status %s or %s&quot; % (status, status2)
SystemError: Timeout while waiting for status FAILED or SUCCESSFUL
03:31:47 WARN  SystemError: Timeout while waiting for status FAILED or SUCCESSFUL ... blocked 
03:31:47 INFO  
03:31:47 INFO  cleanup:
03:31:51 INFO  Executed sudo&lt;tedge_disconnect_c8y&gt;, exit status 0
03:31:52 INFO  Executed systemctl&lt;serv_mapper5&gt;, exit status 3
03:31:52 INFO  
03:31:52 INFO  Test duration: 165.82 secs
03:31:52 INFO  Test final outcome:  BLOCKED
03:31:52 INFO  Test outcome reason: SystemError: Timeout while waiting for status FAILED or SUCCESSFUL
03:31:52 INFO  
</system-out>
	</testcase>
</testsuite>
