<?xml version="1.0" encoding="utf-8"?>
<testsuite failures="1" name="SoftwareManagement.sm_apt_install_download_path" skipped="0" tests="1" time="188.01" timestamp="2022-05-23T14:21:57">
	<testcase classname="AptInstallWithDownloadPath" name="SoftwareManagement.sm_apt_install_download_path">
		<failure message="BLOCKED: SystemError: Timeout while waiting for status FAILED or SUCCESSFUL" type="BLOCKED"/>
		<system-out>14:18:49 INFO  ==============================================================
14:18:49 INFO  Id:    SoftwareManagement.sm_apt_install_download_path
14:18:49 INFO  Dir:   software_management_end_to_end/
14:18:49 INFO  Title: Install package to directory specified in tedge config set tmp.path
14:18:49 INFO  ==============================================================
14:18:50 INFO  Using sw id database: {'asciijump': '5475369', 'robotfindskitten': '5474869', 'squirrel3': '5475279', 'rolldice': '5152439', 'moon-buggy': '5439204', 'apple': '5495053', 'banana': '5494888', 'cherry': '5495382', 'watermelon': '5494510', 'registry': '8018911', 'hello-world': '8021526', 'docker/getting-started': '8021973', 'alpine': '7991792'}
14:18:50 INFO  EnvironmentC8y Setup
14:18:51 INFO  Executed systemctl&lt;serv_mapper1&gt;, exit status 3
14:19:05 INFO  Executed sudo&lt;tedge_connect_c8y&gt;, exit status 0, duration 13 secs
14:19:05 INFO  Executed sudo&lt;tedge_connect_c8y_test&gt;, exit status 0
14:19:06 INFO  Executed systemctl&lt;serv_mosq2&gt;, exit status 0
14:19:06 INFO  Executed systemctl&lt;serv_mapper3&gt;, exit status 0
14:19:09 INFO  State of current operation: PENDING
14:19:11 INFO  State of current operation: PENDING
14:19:13 INFO  State of current operation: PENDING
14:19:15 INFO  State of current operation: PENDING
14:19:17 INFO  State of current operation: PENDING
14:19:20 INFO  State of current operation: PENDING
14:19:22 INFO  State of current operation: PENDING
14:19:24 INFO  State of current operation: PENDING
14:19:26 INFO  State of current operation: PENDING
14:19:29 INFO  State of current operation: PENDING
14:19:31 INFO  State of current operation: PENDING
14:19:33 INFO  State of current operation: PENDING
14:19:35 INFO  State of current operation: PENDING
14:19:38 INFO  State of current operation: PENDING
14:19:40 INFO  State of current operation: PENDING
14:19:42 INFO  State of current operation: PENDING
14:19:44 INFO  State of current operation: PENDING
14:19:46 INFO  State of current operation: PENDING
14:19:49 INFO  State of current operation: PENDING
14:19:51 INFO  State of current operation: PENDING
14:19:53 INFO  State of current operation: PENDING
14:19:55 INFO  State of current operation: PENDING
14:19:58 INFO  State of current operation: PENDING
14:20:00 INFO  State of current operation: PENDING
14:20:02 INFO  State of current operation: PENDING
14:20:04 INFO  State of current operation: PENDING
14:20:07 INFO  State of current operation: PENDING
14:20:09 INFO  State of current operation: PENDING
14:20:11 INFO  State of current operation: PENDING
14:20:13 INFO  State of current operation: PENDING
14:20:15 INFO  State of current operation: PENDING
14:20:18 INFO  State of current operation: PENDING
14:20:20 INFO  State of current operation: PENDING
14:20:22 INFO  State of current operation: PENDING
14:20:24 INFO  State of current operation: PENDING
14:20:27 INFO  State of current operation: PENDING
14:20:29 INFO  State of current operation: PENDING
14:20:31 INFO  State of current operation: PENDING
14:20:33 INFO  State of current operation: PENDING
14:20:36 INFO  State of current operation: PENDING
14:20:38 INFO  State of current operation: PENDING
14:20:40 INFO  State of current operation: PENDING
14:20:42 INFO  State of current operation: PENDING
14:20:44 INFO  State of current operation: PENDING
14:20:47 INFO  State of current operation: PENDING
14:20:49 INFO  State of current operation: PENDING
14:20:51 INFO  State of current operation: PENDING
14:20:53 INFO  State of current operation: PENDING
14:20:56 INFO  State of current operation: PENDING
14:20:58 INFO  State of current operation: PENDING
14:21:00 INFO  State of current operation: PENDING
14:21:02 INFO  State of current operation: PENDING
14:21:05 INFO  State of current operation: PENDING
14:21:07 INFO  State of current operation: PENDING
14:21:09 INFO  State of current operation: PENDING
14:21:11 INFO  State of current operation: PENDING
14:21:14 INFO  State of current operation: PENDING
14:21:16 INFO  State of current operation: PENDING
14:21:18 INFO  State of current operation: PENDING
14:21:20 INFO  State of current operation: PENDING
14:21:22 INFO  State of current operation: PENDING
14:21:25 WARN  SystemError occurred while running test - Timeout while waiting for status FAILED or SUCCESSFUL
Traceback (most recent call last):
  File &quot;/home/pi/env-pysys/lib/python3.7/site-packages/pysys/baserunner.py&quot;, line 1292, in __call__
    self.testObj.setup()
  File &quot;/home/pi/actions-runner/_work/thin-edge.io/thin-edge.io/tests/PySys/software_management_end_to_end/sm_apt_install_download_path/run.py&quot;, line 48, in setup
    super().setup()
  File &quot;/home/pi/actions-runner/_work/thin-edge.io/thin-edge.io/tests/PySys/software_management_end_to_end/environment_sm_management.py&quot;, line 151, in setup
    self.wait_until_end()
  File &quot;/home/pi/actions-runner/_work/thin-edge.io/thin-edge.io/tests/PySys/software_management_end_to_end/environment_sm_management.py&quot;, line 332, in wait_until_end
    self.wait_until_status(&quot;FAILED&quot;, &quot;SUCCESSFUL&quot;)
  File &quot;/home/pi/actions-runner/_work/thin-edge.io/thin-edge.io/tests/PySys/software_management_end_to_end/environment_sm_management.py&quot;, line 381, in wait_until_status
    &quot;Timeout while waiting for status %s or %s&quot; % (status, status2)
SystemError: Timeout while waiting for status FAILED or SUCCESSFUL
14:21:25 WARN  SystemError: Timeout while waiting for status FAILED or SUCCESSFUL ... blocked 
14:21:25 INFO  
14:21:25 INFO  cleanup:
14:21:25 INFO  Executed sudo, exit status 0
14:21:26 INFO  Executed sudo, exit status 0
14:21:30 INFO  Executed sudo&lt;tedge_disconnect_c8y&gt;, exit status 0
14:21:30 INFO  Restarting mosquitto too frequently in the last 10 seconds. It was only up for 3 seconds
14:21:30 INFO  Delaying execution by 8 seconds
14:21:52 INFO  Executed sudo&lt;tedge_connect_c8y&gt;, exit status 0, duration 14 secs
14:21:56 INFO  Executed sudo&lt;tedge_disconnect_c8y&gt;, exit status 0
14:21:57 INFO  Executed systemctl&lt;serv_mapper5&gt;, exit status 3
14:21:57 INFO  
14:21:57 INFO  Test duration: 188.01 secs
14:21:57 INFO  Test final outcome:  BLOCKED
14:21:57 INFO  Test outcome reason: SystemError: Timeout while waiting for status FAILED or SUCCESSFUL
14:21:57 INFO  
</system-out>
	</testcase>
</testsuite>
