<?xml version="1.0" encoding="utf-8"?>
<testsuite failures="1" name="SoftwareManagement.sm_apt_install_remove_multiple_mixed" skipped="0" tests="1" time="179.61" timestamp="2022-07-21T16:03:58">
	<testcase classname="PySysTest" name="SoftwareManagement.sm_apt_install_remove_multiple_mixed">
		<failure message="BLOCKED: SystemError: Timeout while waiting for status SUCCESSFUL or False (+1 other failures)" type="BLOCKED"/>
		<system-out>16:00:59 INFO  ==============================================================
16:00:59 INFO  Id:    SoftwareManagement.sm_apt_install_remove_multiple_mixed
16:00:59 INFO  Dir:   software_management_end_to_end/
16:00:59 INFO  Title: Validate end to end behaviour for the apt plugin for multiple packages with mixed versions
16:00:59 INFO  ==============================================================
16:00:59 INFO  Using sw id database: {'asciijump': '5475369', 'robotfindskitten': '5474869', 'squirrel3': '5475279', 'rolldice': '5152439', 'moon-buggy': '5439204', 'apple': '5495053', 'banana': '5494888', 'cherry': '5495382', 'watermelon': '5494510', 'registry': '8018911', 'hello-world': '8021526', 'docker/getting-started': '8021973', 'alpine': '7991792'}
16:00:59 INFO  EnvironmentC8y Setup
16:00:59 INFO  Executed systemctl&lt;serv_mapper1&gt;, exit status 3
16:01:00 INFO  Restarting mosquitto too frequently in the last 10 seconds. It was only up for 4 seconds
16:01:00 INFO  Delaying execution by 7 seconds
16:01:20 INFO  Executed sudo&lt;tedge_connect_c8y&gt;, exit status 0, duration 13 secs
16:01:21 INFO  Executed sudo&lt;tedge_connect_c8y_test&gt;, exit status 0
16:01:21 INFO  Executed systemctl&lt;serv_mosq2&gt;, exit status 0
16:01:22 INFO  Executed systemctl&lt;serv_mapper3&gt;, exit status 0
16:01:24 INFO  State of current operation: SUCCESSFUL
16:01:24 INFO  Assert that (False == value) with value=False ... passed
16:01:24 INFO  Assert that (False == value) with value=False ... passed
16:01:25 INFO  Assert that (False == value) with value=False ... passed
16:01:25 INFO  Assert that (False == value) with value=False ... passed
16:01:25 INFO  Package moon-buggy is installed
16:01:25 WARN  Assert that (False == value) with value=True ... failed 
16:01:27 INFO  Response status: 201
16:01:27 INFO  Response to action: {
    &quot;creationTime&quot;: &quot;2022-07-21T16:01:27.151Z&quot;,
    &quot;deviceId&quot;: &quot;21118604&quot;,
    &quot;deviceName&quot;: &quot;m32sd10c&quot;,
    &quot;self&quot;: &quot;https://t493319102.eu-latest.cumulocity.com/devicecontrol/operations/21145098&quot;,
    &quot;id&quot;: &quot;21145098&quot;,
    &quot;status&quot;: &quot;PENDING&quot;,
    &quot;description&quot;: &quot;Apply software changes, triggered from PySys: [{'action': 'install', 'id': '5475369', 'name': 'asciijump', 'url': ' ', 'version': '::apt'}, {'action': 'install', 'id': '5474869', 'name': 'robotfindskitten', 'url': ' ', 'version': ' '}, {'action': 'install', 'id': '5475279', 'name': 'squirrel3', 'url': ' ', 'version': '3.1-7::apt'}, {'action': 'install', 'id': '5152439', 'name': 'rolldice', 'url': ' ', 'version': '1.16-1+b1'}, {'action': 'install', 'id': '5439204', 'name': 'moon-buggy', 'url': ' ', 'version': '1:1.0.51-12'}, {'action': 'install', 'id': '5475369', 'name': 'asciijump', 'url': ' ', 'version': '::apt'}]&quot;,
    &quot;c8y_SoftwareUpdate&quot;: [
        {
            &quot;name&quot;: &quot;asciijump&quot;,
            &quot;action&quot;: &quot;install&quot;,
            &quot;id&quot;: &quot;5475369&quot;,
            &quot;version&quot;: &quot;::apt&quot;,
            &quot;url&quot;: &quot; &quot;
        },
        {
            &quot;name&quot;: &quot;robotfindskitten&quot;,
            &quot;action&quot;: &quot;install&quot;,
            &quot;id&quot;: &quot;5474869&quot;,
            &quot;version&quot;: &quot; &quot;,
            &quot;url&quot;: &quot; &quot;
        },
        {
            &quot;name&quot;: &quot;squirrel3&quot;,
            &quot;action&quot;: &quot;install&quot;,
            &quot;id&quot;: &quot;5475279&quot;,
            &quot;version&quot;: &quot;3.1-7::apt&quot;,
            &quot;url&quot;: &quot; &quot;
        },
        {
            &quot;name&quot;: &quot;rolldice&quot;,
            &quot;action&quot;: &quot;install&quot;,
            &quot;id&quot;: &quot;5152439&quot;,
            &quot;version&quot;: &quot;1.16-1+b1&quot;,
            &quot;url&quot;: &quot; &quot;
        },
        {
            &quot;name&quot;: &quot;moon-buggy&quot;,
            &quot;action&quot;: &quot;install&quot;,
            &quot;id&quot;: &quot;5439204&quot;,
            &quot;version&quot;: &quot;1:1.0.51-12&quot;,
            &quot;url&quot;: &quot; &quot;
        },
        {
            &quot;name&quot;: &quot;asciijump&quot;,
            &quot;action&quot;: &quot;install&quot;,
            &quot;id&quot;: &quot;5475369&quot;,
            &quot;version&quot;: &quot;::apt&quot;,
            &quot;url&quot;: &quot; &quot;
        }
    ]
}
16:01:27 INFO  Started operation: {'creationTime': '2022-07-21T16:01:27.151Z', 'deviceId': '21118604', 'deviceName': 'm32sd10c', 'self': 'https://t493319102.eu-latest.cumulocity.com/devicecontrol/operations/21145098', 'id': '21145098', 'status': 'PENDING', 'description': &quot;Apply software changes, triggered from PySys: [{'action': 'install', 'id': '5475369', 'name': 'asciijump', 'url': ' ', 'version': '::apt'}, {'action': 'install', 'id': '5474869', 'name': 'robotfindskitten', 'url': ' ', 'version': ' '}, {'action': 'install', 'id': '5475279', 'name': 'squirrel3', 'url': ' ', 'version': '3.1-7::apt'}, {'action': 'install', 'id': '5152439', 'name': 'rolldice', 'url': ' ', 'version': '1.16-1+b1'}, {'action': 'install', 'id': '5439204', 'name': 'moon-buggy', 'url': ' ', 'version': '1:1.0.51-12'}, {'action': 'install', 'id': '5475369', 'name': 'asciijump', 'url': ' ', 'version': '::apt'}]&quot;, 'c8y_SoftwareUpdate': [{'name': 'asciijump', 'action': 'install', 'id': '5475369', 'version': '::apt', 'url': ' '}, {'name': 'robotfindskitten', 'action': 'install', 'id': '5474869', 'version': ' ', 'url': ' '}, {'name': 'squirrel3', 'action': 'install', 'id': '5475279', 'version': '3.1-7::apt', 'url': ' '}, {'name': 'rolldice', 'action': 'install', 'id': '5152439', 'version': '1.16-1+b1', 'url': ' '}, {'name': 'moon-buggy', 'action': 'install', 'id': '5439204', 'version': '1:1.0.51-12', 'url': ' '}, {'name': 'asciijump', 'action': 'install', 'id': '5475369', 'version': '::apt', 'url': ' '}]}
16:01:29 INFO  State of operation 21145098 : PENDING
16:01:31 INFO  State of operation 21145098 : EXECUTING
16:01:33 INFO  State of operation 21145098 : EXECUTING
16:01:36 INFO  State of operation 21145098 : EXECUTING
16:01:38 INFO  State of operation 21145098 : EXECUTING
16:01:40 INFO  State of operation 21145098 : EXECUTING
16:01:43 INFO  State of operation 21145098 : EXECUTING
16:01:46 INFO  State of operation 21145098 : EXECUTING
16:01:49 INFO  State of operation 21145098 : EXECUTING
16:01:51 INFO  State of operation 21145098 : EXECUTING
16:01:53 INFO  State of operation 21145098 : EXECUTING
16:01:56 INFO  State of operation 21145098 : EXECUTING
16:01:58 INFO  State of operation 21145098 : EXECUTING
16:02:00 INFO  State of operation 21145098 : EXECUTING
16:02:02 INFO  State of operation 21145098 : EXECUTING
16:02:04 INFO  State of operation 21145098 : EXECUTING
16:02:07 INFO  State of operation 21145098 : EXECUTING
16:02:10 INFO  State of operation 21145098 : EXECUTING
16:02:12 INFO  State of operation 21145098 : EXECUTING
16:02:15 INFO  State of operation 21145098 : EXECUTING
16:02:17 INFO  State of operation 21145098 : EXECUTING
16:02:19 INFO  State of operation 21145098 : EXECUTING
16:02:22 INFO  State of operation 21145098 : EXECUTING
16:02:24 INFO  State of operation 21145098 : EXECUTING
16:02:27 INFO  State of operation 21145098 : EXECUTING
16:02:29 INFO  State of operation 21145098 : EXECUTING
16:02:32 INFO  State of operation 21145098 : EXECUTING
16:02:34 INFO  State of operation 21145098 : EXECUTING
16:02:37 INFO  State of operation 21145098 : EXECUTING
16:02:39 INFO  State of operation 21145098 : EXECUTING
16:02:41 INFO  State of operation 21145098 : EXECUTING
16:02:44 INFO  State of operation 21145098 : EXECUTING
16:02:46 INFO  State of operation 21145098 : EXECUTING
16:02:48 INFO  State of operation 21145098 : EXECUTING
16:02:50 INFO  State of operation 21145098 : EXECUTING
16:02:52 INFO  State of operation 21145098 : EXECUTING
16:02:55 INFO  State of operation 21145098 : EXECUTING
16:02:57 INFO  State of operation 21145098 : EXECUTING
16:03:00 INFO  State of operation 21145098 : EXECUTING
16:03:03 INFO  State of operation 21145098 : EXECUTING
16:03:05 INFO  State of operation 21145098 : EXECUTING
16:03:07 INFO  State of operation 21145098 : EXECUTING
16:03:09 INFO  State of operation 21145098 : EXECUTING
16:03:12 INFO  State of operation 21145098 : EXECUTING
16:03:14 INFO  State of operation 21145098 : EXECUTING
16:03:16 INFO  State of operation 21145098 : EXECUTING
16:03:19 INFO  State of operation 21145098 : EXECUTING
16:03:21 INFO  State of operation 21145098 : EXECUTING
16:03:23 INFO  State of operation 21145098 : EXECUTING
16:03:26 INFO  State of operation 21145098 : EXECUTING
16:03:28 INFO  State of operation 21145098 : EXECUTING
16:03:31 INFO  State of operation 21145098 : EXECUTING
16:03:33 INFO  State of operation 21145098 : EXECUTING
16:03:35 INFO  State of operation 21145098 : EXECUTING
16:03:37 INFO  State of operation 21145098 : EXECUTING
16:03:39 INFO  State of operation 21145098 : EXECUTING
16:03:42 INFO  State of operation 21145098 : EXECUTING
16:03:44 INFO  State of operation 21145098 : EXECUTING
16:03:47 INFO  State of operation 21145098 : EXECUTING
16:03:49 INFO  State of operation 21145098 : EXECUTING
16:03:51 INFO  State of operation 21145098 : EXECUTING
16:03:53 WARN  SystemError occurred while running test - Timeout while waiting for status SUCCESSFUL or False
Traceback (most recent call last):
  File &quot;/home/pi/env-pysys/lib/python3.7/site-packages/pysys/baserunner.py&quot;, line 1294, in __call__
    self.testObj.execute()
  File &quot;/home/pi/actions-runner/_work/thin-edge.io/thin-edge.io/tests/PySys/software_management_end_to_end/sm_apt_install_remove_multiple_mixed/run.py&quot;, line 89, in execute
    self.wait_until_succcess()
  File &quot;/home/pi/actions-runner/_work/thin-edge.io/thin-edge.io/tests/PySys/software_management_end_to_end/environment_sm_management.py&quot;, line 324, in wait_until_succcess
    self.wait_until_status(&quot;SUCCESSFUL&quot;)
  File &quot;/home/pi/actions-runner/_work/thin-edge.io/thin-edge.io/tests/PySys/software_management_end_to_end/environment_sm_management.py&quot;, line 381, in wait_until_status
    &quot;Timeout while waiting for status %s or %s&quot; % (status, status2)
SystemError: Timeout while waiting for status SUCCESSFUL or False
16:03:53 WARN  SystemError: Timeout while waiting for status SUCCESSFUL or False ... blocked 
16:03:53 INFO  
16:03:53 INFO  cleanup:
16:03:58 INFO  Executed sudo&lt;tedge_disconnect_c8y&gt;, exit status 0
16:03:58 INFO  Executed systemctl&lt;serv_mapper5&gt;, exit status 3
16:03:58 INFO  
16:03:58 INFO  Test duration: 179.61 secs
16:03:58 INFO  Test final outcome:  BLOCKED
16:03:58 INFO  Test outcome reason: SystemError: Timeout while waiting for status SUCCESSFUL or False (+1 other failures)
16:03:58 INFO  
</system-out>
	</testcase>
</testsuite>
