<?xml version="1.0" encoding="utf-8"?>
<testsuite failures="1" name="SoftwareManagement.sm_apt_install_remove_multiple" skipped="0" tests="1" time="135.57" timestamp="2022-06-22T19:51:25">
	<testcase classname="PySysTest" name="SoftwareManagement.sm_apt_install_remove_multiple">
		<failure message="FAILED: Assert that (False == value) with value=True (+2 other failures)" type="FAILED"/>
		<system-out>19:49:09 INFO  ==============================================================
19:49:09 INFO  Id:    SoftwareManagement.sm_apt_install_remove_multiple
19:49:09 INFO  Dir:   software_management_end_to_end/
19:49:09 INFO  Title: Validate end to end behaviour for the apt plugin for multiple packages
19:49:09 INFO  ==============================================================
19:49:09 INFO  Using sw id database: {'asciijump': '5475369', 'robotfindskitten': '5474869', 'squirrel3': '5475279', 'rolldice': '5152439', 'moon-buggy': '5439204', 'apple': '5495053', 'banana': '5494888', 'cherry': '5495382', 'watermelon': '5494510', 'registry': '8018911', 'hello-world': '8021526', 'docker/getting-started': '8021973', 'alpine': '7991792'}
19:49:09 INFO  EnvironmentC8y Setup
19:49:10 INFO  Executed systemctl&lt;serv_mapper1&gt;, exit status 3
19:49:10 INFO  Restarting mosquitto too frequently in the last 10 seconds. It was only up for 5 seconds
19:49:10 INFO  Delaying execution by 6 seconds
19:49:30 INFO  Executed sudo&lt;tedge_connect_c8y&gt;, exit status 0, duration 13 secs
19:49:31 INFO  Executed sudo&lt;tedge_connect_c8y_test&gt;, exit status 0
19:49:31 INFO  Executed systemctl&lt;serv_mosq2&gt;, exit status 0
19:49:32 INFO  Executed systemctl&lt;serv_mapper3&gt;, exit status 0
19:49:34 INFO  State of current operation: SUCCESSFUL
19:49:34 INFO  Assert that (False == value) with value=False ... passed
19:49:34 INFO  Package asciijump is installed
19:49:35 WARN  Assert that (False == value) with value=True ... failed 
19:49:35 INFO  Package squirrel3 is installed
19:49:35 WARN  Assert that (False == value) with value=True ... failed 
19:49:35 INFO  Package robotfindskitten is installed
19:49:35 WARN  Assert that (False == value) with value=True ... failed 
19:49:36 INFO  Response status: 201
19:49:36 INFO  Response to action: {
    &quot;creationTime&quot;: &quot;2022-06-22T19:49:36.024Z&quot;,
    &quot;deviceName&quot;: &quot;m32sd10c&quot;,
    &quot;deviceId&quot;: &quot;20416696&quot;,
    &quot;self&quot;: &quot;https://t493319102.eu-latest.cumulocity.com/devicecontrol/operations/20449513&quot;,
    &quot;id&quot;: &quot;20449513&quot;,
    &quot;status&quot;: &quot;PENDING&quot;,
    &quot;description&quot;: &quot;Apply software changes, triggered from PySys: [{'action': 'install', 'id': '5475369', 'name': 'asciijump', 'url': ' ', 'version': '::apt'}, {'action': 'install', 'id': '5474869', 'name': 'robotfindskitten', 'url': ' ', 'version': '::apt'}, {'action': 'install', 'id': '5475279', 'name': 'squirrel3', 'url': ' ', 'version': '::apt'}]&quot;,
    &quot;c8y_SoftwareUpdate&quot;: [
        {
            &quot;name&quot;: &quot;asciijump&quot;,
            &quot;action&quot;: &quot;install&quot;,
            &quot;id&quot;: &quot;5475369&quot;,
            &quot;version&quot;: &quot;::apt&quot;,
            &quot;url&quot;: &quot; &quot;
        },
        {
            &quot;name&quot;: &quot;robotfindskitten&quot;,
            &quot;action&quot;: &quot;install&quot;,
            &quot;id&quot;: &quot;5474869&quot;,
            &quot;version&quot;: &quot;::apt&quot;,
            &quot;url&quot;: &quot; &quot;
        },
        {
            &quot;name&quot;: &quot;squirrel3&quot;,
            &quot;action&quot;: &quot;install&quot;,
            &quot;id&quot;: &quot;5475279&quot;,
            &quot;version&quot;: &quot;::apt&quot;,
            &quot;url&quot;: &quot; &quot;
        }
    ]
}
19:49:36 INFO  Started operation: {'creationTime': '2022-06-22T19:49:36.024Z', 'deviceName': 'm32sd10c', 'deviceId': '20416696', 'self': 'https://t493319102.eu-latest.cumulocity.com/devicecontrol/operations/20449513', 'id': '20449513', 'status': 'PENDING', 'description': &quot;Apply software changes, triggered from PySys: [{'action': 'install', 'id': '5475369', 'name': 'asciijump', 'url': ' ', 'version': '::apt'}, {'action': 'install', 'id': '5474869', 'name': 'robotfindskitten', 'url': ' ', 'version': '::apt'}, {'action': 'install', 'id': '5475279', 'name': 'squirrel3', 'url': ' ', 'version': '::apt'}]&quot;, 'c8y_SoftwareUpdate': [{'name': 'asciijump', 'action': 'install', 'id': '5475369', 'version': '::apt', 'url': ' '}, {'name': 'robotfindskitten', 'action': 'install', 'id': '5474869', 'version': '::apt', 'url': ' '}, {'name': 'squirrel3', 'action': 'install', 'id': '5475279', 'version': '::apt', 'url': ' '}]}
19:49:38 INFO  State of operation 20449513 : PENDING
19:49:40 INFO  State of operation 20449513 : EXECUTING
19:49:42 INFO  State of operation 20449513 : EXECUTING
19:49:44 INFO  State of operation 20449513 : EXECUTING
19:49:47 INFO  State of operation 20449513 : EXECUTING
19:49:49 INFO  State of operation 20449513 : EXECUTING
19:49:52 INFO  State of operation 20449513 : EXECUTING
19:49:54 INFO  State of operation 20449513 : EXECUTING
19:49:57 INFO  State of operation 20449513 : EXECUTING
19:49:59 INFO  State of operation 20449513 : EXECUTING
19:50:01 INFO  State of operation 20449513 : EXECUTING
19:50:04 INFO  State of operation 20449513 : EXECUTING
19:50:06 INFO  State of operation 20449513 : EXECUTING
19:50:08 INFO  State of operation 20449513 : EXECUTING
19:50:10 INFO  State of operation 20449513 : EXECUTING
19:50:13 INFO  State of operation 20449513 : SUCCESSFUL
19:50:13 INFO  Assert that (False == value) with value=False ... passed
19:50:13 INFO  Package asciijump is installed
19:50:13 INFO  Assert that (True == value) with value=True ... passed
19:50:13 INFO  Package squirrel3 is installed
19:50:13 INFO  Assert that (True == value) with value=True ... passed
19:50:14 INFO  Package robotfindskitten is installed
19:50:14 INFO  Assert that (True == value) with value=True ... passed
19:50:14 INFO  Response status: 201
19:50:14 INFO  Response to action: {
    &quot;creationTime&quot;: &quot;2022-06-22T19:50:14.609Z&quot;,
    &quot;deviceName&quot;: &quot;m32sd10c&quot;,
    &quot;deviceId&quot;: &quot;20416696&quot;,
    &quot;self&quot;: &quot;https://t493319102.eu-latest.cumulocity.com/devicecontrol/operations/20449520&quot;,
    &quot;id&quot;: &quot;20449520&quot;,
    &quot;status&quot;: &quot;PENDING&quot;,
    &quot;description&quot;: &quot;Apply software changes, triggered from PySys: [{'action': 'delete', 'id': '5475369', 'name': 'asciijump', 'url': ' ', 'version': '::apt'}, {'action': 'delete', 'id': '5474869', 'name': 'robotfindskitten', 'url': ' ', 'version': '::apt'}, {'action': 'delete', 'id': '5475279', 'name': 'squirrel3', 'url': ' ', 'version': '::apt'}]&quot;,
    &quot;c8y_SoftwareUpdate&quot;: [
        {
            &quot;name&quot;: &quot;asciijump&quot;,
            &quot;action&quot;: &quot;delete&quot;,
            &quot;id&quot;: &quot;5475369&quot;,
            &quot;version&quot;: &quot;::apt&quot;,
            &quot;url&quot;: &quot; &quot;
        },
        {
            &quot;name&quot;: &quot;robotfindskitten&quot;,
            &quot;action&quot;: &quot;delete&quot;,
            &quot;id&quot;: &quot;5474869&quot;,
            &quot;version&quot;: &quot;::apt&quot;,
            &quot;url&quot;: &quot; &quot;
        },
        {
            &quot;name&quot;: &quot;squirrel3&quot;,
            &quot;action&quot;: &quot;delete&quot;,
            &quot;id&quot;: &quot;5475279&quot;,
            &quot;version&quot;: &quot;::apt&quot;,
            &quot;url&quot;: &quot; &quot;
        }
    ]
}
19:50:14 INFO  Started operation: {'creationTime': '2022-06-22T19:50:14.609Z', 'deviceName': 'm32sd10c', 'deviceId': '20416696', 'self': 'https://t493319102.eu-latest.cumulocity.com/devicecontrol/operations/20449520', 'id': '20449520', 'status': 'PENDING', 'description': &quot;Apply software changes, triggered from PySys: [{'action': 'delete', 'id': '5475369', 'name': 'asciijump', 'url': ' ', 'version': '::apt'}, {'action': 'delete', 'id': '5474869', 'name': 'robotfindskitten', 'url': ' ', 'version': '::apt'}, {'action': 'delete', 'id': '5475279', 'name': 'squirrel3', 'url': ' ', 'version': '::apt'}]&quot;, 'c8y_SoftwareUpdate': [{'name': 'asciijump', 'action': 'delete', 'id': '5475369', 'version': '::apt', 'url': ' '}, {'name': 'robotfindskitten', 'action': 'delete', 'id': '5474869', 'version': '::apt', 'url': ' '}, {'name': 'squirrel3', 'action': 'delete', 'id': '5475279', 'version': '::apt', 'url': ' '}]}
19:50:16 INFO  State of operation 20449520 : PENDING
19:50:19 INFO  State of operation 20449520 : EXECUTING
19:50:21 INFO  State of operation 20449520 : EXECUTING
19:50:23 INFO  State of operation 20449520 : EXECUTING
19:50:25 INFO  State of operation 20449520 : EXECUTING
19:50:27 INFO  State of operation 20449520 : EXECUTING
19:50:30 INFO  State of operation 20449520 : EXECUTING
19:50:33 INFO  State of operation 20449520 : EXECUTING
19:50:35 INFO  State of operation 20449520 : EXECUTING
19:50:38 INFO  State of operation 20449520 : EXECUTING
19:50:40 INFO  State of operation 20449520 : EXECUTING
19:50:42 INFO  State of operation 20449520 : EXECUTING
19:50:44 INFO  State of operation 20449520 : EXECUTING
19:50:46 INFO  State of operation 20449520 : EXECUTING
19:50:49 INFO  State of operation 20449520 : EXECUTING
19:50:51 INFO  State of operation 20449520 : EXECUTING
19:50:54 INFO  State of operation 20449520 : EXECUTING
19:50:56 INFO  State of operation 20449520 : EXECUTING
19:50:59 INFO  State of operation 20449520 : EXECUTING
19:51:01 INFO  State of operation 20449520 : EXECUTING
19:51:03 INFO  State of operation 20449520 : EXECUTING
19:51:05 INFO  State of operation 20449520 : EXECUTING
19:51:08 INFO  State of operation 20449520 : EXECUTING
19:51:10 INFO  State of operation 20449520 : EXECUTING
19:51:13 INFO  State of operation 20449520 : EXECUTING
19:51:15 INFO  State of operation 20449520 : EXECUTING
19:51:17 INFO  State of operation 20449520 : EXECUTING
19:51:19 INFO  State of operation 20449520 : SUCCESSFUL
19:51:20 INFO  Assert that (False == value) with value=False ... passed
19:51:20 INFO  Assert that (False == value) with value=False ... passed
19:51:20 INFO  Assert that (False == value) with value=False ... passed
19:51:20 INFO  Assert that (False == value) with value=False ... passed
19:51:20 INFO  
19:51:20 INFO  cleanup:
19:51:24 INFO  Executed sudo&lt;tedge_disconnect_c8y&gt;, exit status 0
19:51:25 INFO  Executed systemctl&lt;serv_mapper5&gt;, exit status 3
19:51:25 INFO  
19:51:25 INFO  Test duration: 135.57 secs
19:51:25 INFO  Test final outcome:  FAILED
19:51:25 INFO  Test outcome reason: Assert that (False == value) with value=True (+2 other failures)
19:51:25 INFO  
</system-out>
	</testcase>
</testsuite>
