<?xml version="1.0" encoding="utf-8"?>
<testsuite failures="1" name="SoftwareManagement.sm_mixed_install_remove_multiple" skipped="0" tests="1" time="164.38" timestamp="2022-07-21T16:13:27">
	<testcase classname="PySysTest" name="SoftwareManagement.sm_mixed_install_remove_multiple">
		<failure message="FAILED: Assert that (False == value) with value=True" type="FAILED"/>
		<system-out>16:10:42 INFO  ==============================================================
16:10:42 INFO  Id:    SoftwareManagement.sm_mixed_install_remove_multiple
16:10:42 INFO  Dir:   software_management_end_to_end/
16:10:42 INFO  Title: Validate end to end behaviour for the dummy-plugin for multiple packages with mixed versions
16:10:42 INFO  ==============================================================
16:10:42 INFO  Using sw id database: {'asciijump': '5475369', 'robotfindskitten': '5474869', 'squirrel3': '5475279', 'rolldice': '5152439', 'moon-buggy': '5439204', 'apple': '5495053', 'banana': '5494888', 'cherry': '5495382', 'watermelon': '5494510', 'registry': '8018911', 'hello-world': '8021526', 'docker/getting-started': '8021973', 'alpine': '7991792'}
16:10:42 INFO  EnvironmentC8y Setup
16:10:43 INFO  Executed systemctl&lt;serv_mapper1&gt;, exit status 3
16:10:43 INFO  Restarting mosquitto too frequently in the last 10 seconds. It was only up for 5 seconds
16:10:43 INFO  Delaying execution by 6 seconds
16:11:03 INFO  Executed sudo&lt;tedge_connect_c8y&gt;, exit status 0, duration 13 secs
16:11:03 INFO  Executed sudo&lt;tedge_connect_c8y_test&gt;, exit status 0
16:11:04 INFO  Executed systemctl&lt;serv_mosq2&gt;, exit status 0
16:11:04 INFO  Executed systemctl&lt;serv_mapper3&gt;, exit status 0
16:11:07 INFO  State of current operation: SUCCESSFUL
16:11:07 INFO  Package apple is installed
16:11:07 INFO  Assert that (True == value) with value=True ... passed
16:11:07 INFO  Package banana is installed
16:11:07 INFO  Assert that (True == value) with value=True ... passed
16:11:07 INFO  Package cherry is installed
16:11:07 INFO  Assert that (True == value) with value=True ... passed
16:11:08 INFO  Package asciijump is installed
16:11:08 WARN  Assert that (False == value) with value=True ... failed 
16:11:08 INFO  Assert that (False == value) with value=False ... passed
16:11:08 INFO  Response status: 201
16:11:08 INFO  Response to action: {
    &quot;delivery&quot;: {
        &quot;log&quot;: [],
        &quot;time&quot;: &quot;2022-07-21T16:11:08.551Z&quot;,
        &quot;status&quot;: &quot;PENDING&quot;
    },
    &quot;creationTime&quot;: &quot;2022-07-21T16:11:08.534Z&quot;,
    &quot;deviceId&quot;: &quot;21118604&quot;,
    &quot;deviceName&quot;: &quot;m32sd10c&quot;,
    &quot;self&quot;: &quot;https://t493319102.eu-latest.cumulocity.com/devicecontrol/operations/21156183&quot;,
    &quot;id&quot;: &quot;21156183&quot;,
    &quot;status&quot;: &quot;PENDING&quot;,
    &quot;description&quot;: &quot;Apply software changes, triggered from PySys: [{'action': 'install', 'id': '5495053', 'name': 'apple', 'url': ' ', 'version': '::fruits'}, {'action': 'install', 'id': '5494888', 'name': 'banana', 'url': ' ', 'version': '::fruits'}, {'action': 'install', 'id': '5475369', 'name': 'asciijump', 'url': ' ', 'version': '::apt'}, {'action': 'install', 'id': '5495382', 'name': 'cherry', 'url': ' ', 'version': '::fruits'}, {'action': 'install', 'id': '8018911', 'name': 'registry', 'url': ' ', 'version': '::docker'}]&quot;,
    &quot;c8y_SoftwareUpdate&quot;: [
        {
            &quot;name&quot;: &quot;apple&quot;,
            &quot;action&quot;: &quot;install&quot;,
            &quot;id&quot;: &quot;5495053&quot;,
            &quot;version&quot;: &quot;::fruits&quot;,
            &quot;url&quot;: &quot; &quot;
        },
        {
            &quot;name&quot;: &quot;banana&quot;,
            &quot;action&quot;: &quot;install&quot;,
            &quot;id&quot;: &quot;5494888&quot;,
            &quot;version&quot;: &quot;::fruits&quot;,
            &quot;url&quot;: &quot; &quot;
        },
        {
            &quot;name&quot;: &quot;asciijump&quot;,
            &quot;action&quot;: &quot;install&quot;,
            &quot;id&quot;: &quot;5475369&quot;,
            &quot;version&quot;: &quot;::apt&quot;,
            &quot;url&quot;: &quot; &quot;
        },
        {
            &quot;name&quot;: &quot;cherry&quot;,
            &quot;action&quot;: &quot;install&quot;,
            &quot;id&quot;: &quot;5495382&quot;,
            &quot;version&quot;: &quot;::fruits&quot;,
            &quot;url&quot;: &quot; &quot;
        },
        {
            &quot;name&quot;: &quot;registry&quot;,
            &quot;action&quot;: &quot;install&quot;,
            &quot;id&quot;: &quot;8018911&quot;,
            &quot;version&quot;: &quot;::docker&quot;,
            &quot;url&quot;: &quot; &quot;
        }
    ]
}
16:11:08 INFO  Started operation: {'delivery': {'log': [], 'time': '2022-07-21T16:11:08.551Z', 'status': 'PENDING'}, 'creationTime': '2022-07-21T16:11:08.534Z', 'deviceId': '21118604', 'deviceName': 'm32sd10c', 'self': 'https://t493319102.eu-latest.cumulocity.com/devicecontrol/operations/21156183', 'id': '21156183', 'status': 'PENDING', 'description': &quot;Apply software changes, triggered from PySys: [{'action': 'install', 'id': '5495053', 'name': 'apple', 'url': ' ', 'version': '::fruits'}, {'action': 'install', 'id': '5494888', 'name': 'banana', 'url': ' ', 'version': '::fruits'}, {'action': 'install', 'id': '5475369', 'name': 'asciijump', 'url': ' ', 'version': '::apt'}, {'action': 'install', 'id': '5495382', 'name': 'cherry', 'url': ' ', 'version': '::fruits'}, {'action': 'install', 'id': '8018911', 'name': 'registry', 'url': ' ', 'version': '::docker'}]&quot;, 'c8y_SoftwareUpdate': [{'name': 'apple', 'action': 'install', 'id': '5495053', 'version': '::fruits', 'url': ' '}, {'name': 'banana', 'action': 'install', 'id': '5494888', 'version': '::fruits', 'url': ' '}, {'name': 'asciijump', 'action': 'install', 'id': '5475369', 'version': '::apt', 'url': ' '}, {'name': 'cherry', 'action': 'install', 'id': '5495382', 'version': '::fruits', 'url': ' '}, {'name': 'registry', 'action': 'install', 'id': '8018911', 'version': '::docker', 'url': ' '}]}
16:11:10 INFO  State of operation 21156183 : PENDING
16:11:13 INFO  State of operation 21156183 : EXECUTING
16:11:15 INFO  State of operation 21156183 : EXECUTING
16:11:17 INFO  State of operation 21156183 : EXECUTING
16:11:19 INFO  State of operation 21156183 : EXECUTING
16:11:21 INFO  State of operation 21156183 : EXECUTING
16:11:24 INFO  State of operation 21156183 : EXECUTING
16:11:27 INFO  State of operation 21156183 : EXECUTING
16:11:29 INFO  State of operation 21156183 : EXECUTING
16:11:32 INFO  State of operation 21156183 : EXECUTING
16:11:34 INFO  State of operation 21156183 : EXECUTING
16:11:36 INFO  State of operation 21156183 : EXECUTING
16:11:38 INFO  State of operation 21156183 : EXECUTING
16:11:40 INFO  State of operation 21156183 : EXECUTING
16:11:43 INFO  State of operation 21156183 : EXECUTING
16:11:45 INFO  State of operation 21156183 : EXECUTING
16:11:47 INFO  State of operation 21156183 : EXECUTING
16:11:49 INFO  State of operation 21156183 : EXECUTING
16:11:52 INFO  State of operation 21156183 : EXECUTING
16:11:54 INFO  State of operation 21156183 : EXECUTING
16:11:56 INFO  State of operation 21156183 : EXECUTING
16:11:58 INFO  State of operation 21156183 : EXECUTING
16:12:01 INFO  State of operation 21156183 : EXECUTING
16:12:03 INFO  State of operation 21156183 : EXECUTING
16:12:05 INFO  State of operation 21156183 : EXECUTING
16:12:07 INFO  State of operation 21156183 : SUCCESSFUL
16:12:08 INFO  Package apple is installed
16:12:08 INFO  Assert that (True == value) with value=True ... passed
16:12:08 INFO  Package banana is installed
16:12:08 INFO  Assert that (True == value) with value=True ... passed
16:12:08 INFO  Package cherry is installed
16:12:08 INFO  Assert that (True == value) with value=True ... passed
16:12:08 INFO  Package asciijump is installed
16:12:08 INFO  Assert that (True == value) with value=True ... passed
16:12:09 INFO  Package registry is installed
16:12:09 INFO  Assert that (True == value) with value=True ... passed
16:12:09 INFO  Response status: 201
16:12:09 INFO  Response to action: {
    &quot;delivery&quot;: {
        &quot;log&quot;: [],
        &quot;time&quot;: &quot;2022-07-21T16:12:09.316Z&quot;,
        &quot;status&quot;: &quot;PENDING&quot;
    },
    &quot;creationTime&quot;: &quot;2022-07-21T16:12:09.299Z&quot;,
    &quot;deviceId&quot;: &quot;21118604&quot;,
    &quot;deviceName&quot;: &quot;m32sd10c&quot;,
    &quot;self&quot;: &quot;https://t493319102.eu-latest.cumulocity.com/devicecontrol/operations/21156191&quot;,
    &quot;id&quot;: &quot;21156191&quot;,
    &quot;status&quot;: &quot;PENDING&quot;,
    &quot;description&quot;: &quot;Apply software changes, triggered from PySys: [{'action': 'delete', 'id': '5495053', 'name': 'apple', 'url': ' ', 'version': '::fruits'}, {'action': 'delete', 'id': '5494888', 'name': 'banana', 'url': ' ', 'version': '::fruits'}, {'action': 'delete', 'id': '5475369', 'name': 'asciijump', 'url': ' ', 'version': '::apt'}, {'action': 'delete', 'id': '5495382', 'name': 'cherry', 'url': ' ', 'version': '::fruits'}, {'action': 'delete', 'id': '8018911', 'name': 'registry', 'url': ' ', 'version': '::docker'}]&quot;,
    &quot;c8y_SoftwareUpdate&quot;: [
        {
            &quot;name&quot;: &quot;apple&quot;,
            &quot;action&quot;: &quot;delete&quot;,
            &quot;id&quot;: &quot;5495053&quot;,
            &quot;version&quot;: &quot;::fruits&quot;,
            &quot;url&quot;: &quot; &quot;
        },
        {
            &quot;name&quot;: &quot;banana&quot;,
            &quot;action&quot;: &quot;delete&quot;,
            &quot;id&quot;: &quot;5494888&quot;,
            &quot;version&quot;: &quot;::fruits&quot;,
            &quot;url&quot;: &quot; &quot;
        },
        {
            &quot;name&quot;: &quot;asciijump&quot;,
            &quot;action&quot;: &quot;delete&quot;,
            &quot;id&quot;: &quot;5475369&quot;,
            &quot;version&quot;: &quot;::apt&quot;,
            &quot;url&quot;: &quot; &quot;
        },
        {
            &quot;name&quot;: &quot;cherry&quot;,
            &quot;action&quot;: &quot;delete&quot;,
            &quot;id&quot;: &quot;5495382&quot;,
            &quot;version&quot;: &quot;::fruits&quot;,
            &quot;url&quot;: &quot; &quot;
        },
        {
            &quot;name&quot;: &quot;registry&quot;,
            &quot;action&quot;: &quot;delete&quot;,
            &quot;id&quot;: &quot;8018911&quot;,
            &quot;version&quot;: &quot;::docker&quot;,
            &quot;url&quot;: &quot; &quot;
        }
    ]
}
16:12:09 INFO  Started operation: {'delivery': {'log': [], 'time': '2022-07-21T16:12:09.316Z', 'status': 'PENDING'}, 'creationTime': '2022-07-21T16:12:09.299Z', 'deviceId': '21118604', 'deviceName': 'm32sd10c', 'self': 'https://t493319102.eu-latest.cumulocity.com/devicecontrol/operations/21156191', 'id': '21156191', 'status': 'PENDING', 'description': &quot;Apply software changes, triggered from PySys: [{'action': 'delete', 'id': '5495053', 'name': 'apple', 'url': ' ', 'version': '::fruits'}, {'action': 'delete', 'id': '5494888', 'name': 'banana', 'url': ' ', 'version': '::fruits'}, {'action': 'delete', 'id': '5475369', 'name': 'asciijump', 'url': ' ', 'version': '::apt'}, {'action': 'delete', 'id': '5495382', 'name': 'cherry', 'url': ' ', 'version': '::fruits'}, {'action': 'delete', 'id': '8018911', 'name': 'registry', 'url': ' ', 'version': '::docker'}]&quot;, 'c8y_SoftwareUpdate': [{'name': 'apple', 'action': 'delete', 'id': '5495053', 'version': '::fruits', 'url': ' '}, {'name': 'banana', 'action': 'delete', 'id': '5494888', 'version': '::fruits', 'url': ' '}, {'name': 'asciijump', 'action': 'delete', 'id': '5475369', 'version': '::apt', 'url': ' '}, {'name': 'cherry', 'action': 'delete', 'id': '5495382', 'version': '::fruits', 'url': ' '}, {'name': 'registry', 'action': 'delete', 'id': '8018911', 'version': '::docker', 'url': ' '}]}
16:12:11 INFO  State of operation 21156191 : PENDING
16:12:13 INFO  State of operation 21156191 : EXECUTING
16:12:16 INFO  State of operation 21156191 : EXECUTING
16:12:18 INFO  State of operation 21156191 : EXECUTING
16:12:20 INFO  State of operation 21156191 : EXECUTING
16:12:22 INFO  State of operation 21156191 : EXECUTING
16:12:25 INFO  State of operation 21156191 : EXECUTING
16:12:27 INFO  State of operation 21156191 : EXECUTING
16:12:30 INFO  State of operation 21156191 : EXECUTING
16:12:32 INFO  State of operation 21156191 : EXECUTING
16:12:34 INFO  State of operation 21156191 : EXECUTING
16:12:37 INFO  State of operation 21156191 : EXECUTING
16:12:39 INFO  State of operation 21156191 : EXECUTING
16:12:41 INFO  State of operation 21156191 : EXECUTING
16:12:43 INFO  State of operation 21156191 : EXECUTING
16:12:46 INFO  State of operation 21156191 : EXECUTING
16:12:48 INFO  State of operation 21156191 : EXECUTING
16:12:51 INFO  State of operation 21156191 : EXECUTING
16:12:53 INFO  State of operation 21156191 : EXECUTING
16:12:55 INFO  State of operation 21156191 : EXECUTING
16:12:57 INFO  State of operation 21156191 : EXECUTING
16:13:00 INFO  State of operation 21156191 : EXECUTING
16:13:02 INFO  State of operation 21156191 : EXECUTING
16:13:05 INFO  State of operation 21156191 : EXECUTING
16:13:07 INFO  State of operation 21156191 : EXECUTING
16:13:09 INFO  State of operation 21156191 : EXECUTING
16:13:11 INFO  State of operation 21156191 : EXECUTING
16:13:14 INFO  State of operation 21156191 : EXECUTING
16:13:16 INFO  State of operation 21156191 : EXECUTING
16:13:18 INFO  State of operation 21156191 : EXECUTING
16:13:21 INFO  State of operation 21156191 : SUCCESSFUL
16:13:21 INFO  Package apple is installed
16:13:21 INFO  Assert that (True == value) with value=True ... passed
16:13:21 INFO  Package banana is installed
16:13:21 INFO  Assert that (True == value) with value=True ... passed
16:13:21 INFO  Package cherry is installed
16:13:21 INFO  Assert that (True == value) with value=True ... passed
16:13:22 INFO  Assert that (False == value) with value=False ... passed
16:13:22 INFO  Assert that (False == value) with value=False ... passed
16:13:22 INFO  
16:13:22 INFO  cleanup:
16:13:26 INFO  Executed sudo&lt;tedge_disconnect_c8y&gt;, exit status 0
16:13:27 INFO  Executed systemctl&lt;serv_mapper5&gt;, exit status 3
16:13:27 INFO  
16:13:27 INFO  Test duration: 164.38 secs
16:13:27 INFO  Test final outcome:  FAILED
16:13:27 INFO  Test outcome reason: Assert that (False == value) with value=True
16:13:27 INFO  
</system-out>
	</testcase>
</testsuite>
