<?xml version="1.0" encoding="utf-8"?>
<testsuite failures="1" name="SoftwareManagement.sm_mixed_install_remove_multiple" skipped="0" tests="1" time="165.2" timestamp="2022-07-18T15:22:24">
	<testcase classname="PySysTest" name="SoftwareManagement.sm_mixed_install_remove_multiple">
		<failure message="FAILED: Assert that (False == value) with value=True" type="FAILED"/>
		<system-out>15:19:39 INFO  ==============================================================
15:19:39 INFO  Id:    SoftwareManagement.sm_mixed_install_remove_multiple
15:19:39 INFO  Dir:   software_management_end_to_end/
15:19:39 INFO  Title: Validate end to end behaviour for the dummy-plugin for multiple packages with mixed versions
15:19:39 INFO  ==============================================================
15:19:39 INFO  Using sw id database: {'asciijump': '5475369', 'robotfindskitten': '5474869', 'squirrel3': '5475279', 'rolldice': '5152439', 'moon-buggy': '5439204', 'apple': '5495053', 'banana': '5494888', 'cherry': '5495382', 'watermelon': '5494510', 'registry': '8018911', 'hello-world': '8021526', 'docker/getting-started': '8021973', 'alpine': '7991792'}
15:19:39 INFO  EnvironmentC8y Setup
15:19:40 INFO  Executed systemctl&lt;serv_mapper1&gt;, exit status 3
15:19:40 INFO  Restarting mosquitto too frequently in the last 10 seconds. It was only up for 4 seconds
15:19:40 INFO  Delaying execution by 7 seconds
15:20:01 INFO  Executed sudo&lt;tedge_connect_c8y&gt;, exit status 0, duration 14 secs
15:20:02 INFO  Executed sudo&lt;tedge_connect_c8y_test&gt;, exit status 0
15:20:02 INFO  Executed systemctl&lt;serv_mosq2&gt;, exit status 0
15:20:03 INFO  Executed systemctl&lt;serv_mapper3&gt;, exit status 0
15:20:05 INFO  State of current operation: SUCCESSFUL
15:20:05 INFO  Package apple is installed
15:20:05 INFO  Assert that (True == value) with value=True ... passed
15:20:05 INFO  Package banana is installed
15:20:05 INFO  Assert that (True == value) with value=True ... passed
15:20:06 INFO  Package cherry is installed
15:20:06 INFO  Assert that (True == value) with value=True ... passed
15:20:06 INFO  Package asciijump is installed
15:20:06 WARN  Assert that (False == value) with value=True ... failed 
15:20:06 INFO  Assert that (False == value) with value=False ... passed
15:20:06 INFO  Response status: 201
15:20:06 INFO  Response to action: {
    &quot;creationTime&quot;: &quot;2022-07-18T15:20:06.897Z&quot;,
    &quot;deviceName&quot;: &quot;m32sd10c&quot;,
    &quot;deviceId&quot;: &quot;20973778&quot;,
    &quot;self&quot;: &quot;https://t493319102.eu-latest.cumulocity.com/devicecontrol/operations/21019110&quot;,
    &quot;id&quot;: &quot;21019110&quot;,
    &quot;status&quot;: &quot;PENDING&quot;,
    &quot;description&quot;: &quot;Apply software changes, triggered from PySys: [{'action': 'install', 'id': '5495053', 'name': 'apple', 'url': ' ', 'version': '::fruits'}, {'action': 'install', 'id': '5494888', 'name': 'banana', 'url': ' ', 'version': '::fruits'}, {'action': 'install', 'id': '5475369', 'name': 'asciijump', 'url': ' ', 'version': '::apt'}, {'action': 'install', 'id': '5495382', 'name': 'cherry', 'url': ' ', 'version': '::fruits'}, {'action': 'install', 'id': '8018911', 'name': 'registry', 'url': ' ', 'version': '::docker'}]&quot;,
    &quot;c8y_SoftwareUpdate&quot;: [
        {
            &quot;name&quot;: &quot;apple&quot;,
            &quot;action&quot;: &quot;install&quot;,
            &quot;id&quot;: &quot;5495053&quot;,
            &quot;version&quot;: &quot;::fruits&quot;,
            &quot;url&quot;: &quot; &quot;
        },
        {
            &quot;name&quot;: &quot;banana&quot;,
            &quot;action&quot;: &quot;install&quot;,
            &quot;id&quot;: &quot;5494888&quot;,
            &quot;version&quot;: &quot;::fruits&quot;,
            &quot;url&quot;: &quot; &quot;
        },
        {
            &quot;name&quot;: &quot;asciijump&quot;,
            &quot;action&quot;: &quot;install&quot;,
            &quot;id&quot;: &quot;5475369&quot;,
            &quot;version&quot;: &quot;::apt&quot;,
            &quot;url&quot;: &quot; &quot;
        },
        {
            &quot;name&quot;: &quot;cherry&quot;,
            &quot;action&quot;: &quot;install&quot;,
            &quot;id&quot;: &quot;5495382&quot;,
            &quot;version&quot;: &quot;::fruits&quot;,
            &quot;url&quot;: &quot; &quot;
        },
        {
            &quot;name&quot;: &quot;registry&quot;,
            &quot;action&quot;: &quot;install&quot;,
            &quot;id&quot;: &quot;8018911&quot;,
            &quot;version&quot;: &quot;::docker&quot;,
            &quot;url&quot;: &quot; &quot;
        }
    ]
}
15:20:06 INFO  Started operation: {'creationTime': '2022-07-18T15:20:06.897Z', 'deviceName': 'm32sd10c', 'deviceId': '20973778', 'self': 'https://t493319102.eu-latest.cumulocity.com/devicecontrol/operations/21019110', 'id': '21019110', 'status': 'PENDING', 'description': &quot;Apply software changes, triggered from PySys: [{'action': 'install', 'id': '5495053', 'name': 'apple', 'url': ' ', 'version': '::fruits'}, {'action': 'install', 'id': '5494888', 'name': 'banana', 'url': ' ', 'version': '::fruits'}, {'action': 'install', 'id': '5475369', 'name': 'asciijump', 'url': ' ', 'version': '::apt'}, {'action': 'install', 'id': '5495382', 'name': 'cherry', 'url': ' ', 'version': '::fruits'}, {'action': 'install', 'id': '8018911', 'name': 'registry', 'url': ' ', 'version': '::docker'}]&quot;, 'c8y_SoftwareUpdate': [{'name': 'apple', 'action': 'install', 'id': '5495053', 'version': '::fruits', 'url': ' '}, {'name': 'banana', 'action': 'install', 'id': '5494888', 'version': '::fruits', 'url': ' '}, {'name': 'asciijump', 'action': 'install', 'id': '5475369', 'version': '::apt', 'url': ' '}, {'name': 'cherry', 'action': 'install', 'id': '5495382', 'version': '::fruits', 'url': ' '}, {'name': 'registry', 'action': 'install', 'id': '8018911', 'version': '::docker', 'url': ' '}]}
15:20:09 INFO  State of operation 21019110 : PENDING
15:20:11 INFO  State of operation 21019110 : EXECUTING
15:20:13 INFO  State of operation 21019110 : EXECUTING
15:20:15 INFO  State of operation 21019110 : EXECUTING
15:20:18 INFO  State of operation 21019110 : EXECUTING
15:20:20 INFO  State of operation 21019110 : EXECUTING
15:20:23 INFO  State of operation 21019110 : EXECUTING
15:20:25 INFO  State of operation 21019110 : EXECUTING
15:20:28 INFO  State of operation 21019110 : EXECUTING
15:20:30 INFO  State of operation 21019110 : EXECUTING
15:20:33 INFO  State of operation 21019110 : EXECUTING
15:20:35 INFO  State of operation 21019110 : EXECUTING
15:20:37 INFO  State of operation 21019110 : EXECUTING
15:20:39 INFO  State of operation 21019110 : EXECUTING
15:20:41 INFO  State of operation 21019110 : EXECUTING
15:20:44 INFO  State of operation 21019110 : EXECUTING
15:20:46 INFO  State of operation 21019110 : EXECUTING
15:20:48 INFO  State of operation 21019110 : EXECUTING
15:20:51 INFO  State of operation 21019110 : EXECUTING
15:20:53 INFO  State of operation 21019110 : EXECUTING
15:20:55 INFO  State of operation 21019110 : EXECUTING
15:20:58 INFO  State of operation 21019110 : EXECUTING
15:21:00 INFO  State of operation 21019110 : EXECUTING
15:21:02 INFO  State of operation 21019110 : EXECUTING
15:21:04 INFO  State of operation 21019110 : EXECUTING
15:21:07 INFO  State of operation 21019110 : SUCCESSFUL
15:21:07 INFO  Package apple is installed
15:21:07 INFO  Assert that (True == value) with value=True ... passed
15:21:07 INFO  Package banana is installed
15:21:07 INFO  Assert that (True == value) with value=True ... passed
15:21:07 INFO  Package cherry is installed
15:21:07 INFO  Assert that (True == value) with value=True ... passed
15:21:08 INFO  Package asciijump is installed
15:21:08 INFO  Assert that (True == value) with value=True ... passed
15:21:08 INFO  Package registry is installed
15:21:08 INFO  Assert that (True == value) with value=True ... passed
15:21:08 INFO  Response status: 201
15:21:08 INFO  Response to action: {
    &quot;creationTime&quot;: &quot;2022-07-18T15:21:08.481Z&quot;,
    &quot;deviceName&quot;: &quot;m32sd10c&quot;,
    &quot;deviceId&quot;: &quot;20973778&quot;,
    &quot;self&quot;: &quot;https://t493319102.eu-latest.cumulocity.com/devicecontrol/operations/21019116&quot;,
    &quot;id&quot;: &quot;21019116&quot;,
    &quot;status&quot;: &quot;PENDING&quot;,
    &quot;description&quot;: &quot;Apply software changes, triggered from PySys: [{'action': 'delete', 'id': '5495053', 'name': 'apple', 'url': ' ', 'version': '::fruits'}, {'action': 'delete', 'id': '5494888', 'name': 'banana', 'url': ' ', 'version': '::fruits'}, {'action': 'delete', 'id': '5475369', 'name': 'asciijump', 'url': ' ', 'version': '::apt'}, {'action': 'delete', 'id': '5495382', 'name': 'cherry', 'url': ' ', 'version': '::fruits'}, {'action': 'delete', 'id': '8018911', 'name': 'registry', 'url': ' ', 'version': '::docker'}]&quot;,
    &quot;c8y_SoftwareUpdate&quot;: [
        {
            &quot;name&quot;: &quot;apple&quot;,
            &quot;action&quot;: &quot;delete&quot;,
            &quot;id&quot;: &quot;5495053&quot;,
            &quot;version&quot;: &quot;::fruits&quot;,
            &quot;url&quot;: &quot; &quot;
        },
        {
            &quot;name&quot;: &quot;banana&quot;,
            &quot;action&quot;: &quot;delete&quot;,
            &quot;id&quot;: &quot;5494888&quot;,
            &quot;version&quot;: &quot;::fruits&quot;,
            &quot;url&quot;: &quot; &quot;
        },
        {
            &quot;name&quot;: &quot;asciijump&quot;,
            &quot;action&quot;: &quot;delete&quot;,
            &quot;id&quot;: &quot;5475369&quot;,
            &quot;version&quot;: &quot;::apt&quot;,
            &quot;url&quot;: &quot; &quot;
        },
        {
            &quot;name&quot;: &quot;cherry&quot;,
            &quot;action&quot;: &quot;delete&quot;,
            &quot;id&quot;: &quot;5495382&quot;,
            &quot;version&quot;: &quot;::fruits&quot;,
            &quot;url&quot;: &quot; &quot;
        },
        {
            &quot;name&quot;: &quot;registry&quot;,
            &quot;action&quot;: &quot;delete&quot;,
            &quot;id&quot;: &quot;8018911&quot;,
            &quot;version&quot;: &quot;::docker&quot;,
            &quot;url&quot;: &quot; &quot;
        }
    ]
}
15:21:08 INFO  Started operation: {'creationTime': '2022-07-18T15:21:08.481Z', 'deviceName': 'm32sd10c', 'deviceId': '20973778', 'self': 'https://t493319102.eu-latest.cumulocity.com/devicecontrol/operations/21019116', 'id': '21019116', 'status': 'PENDING', 'description': &quot;Apply software changes, triggered from PySys: [{'action': 'delete', 'id': '5495053', 'name': 'apple', 'url': ' ', 'version': '::fruits'}, {'action': 'delete', 'id': '5494888', 'name': 'banana', 'url': ' ', 'version': '::fruits'}, {'action': 'delete', 'id': '5475369', 'name': 'asciijump', 'url': ' ', 'version': '::apt'}, {'action': 'delete', 'id': '5495382', 'name': 'cherry', 'url': ' ', 'version': '::fruits'}, {'action': 'delete', 'id': '8018911', 'name': 'registry', 'url': ' ', 'version': '::docker'}]&quot;, 'c8y_SoftwareUpdate': [{'name': 'apple', 'action': 'delete', 'id': '5495053', 'version': '::fruits', 'url': ' '}, {'name': 'banana', 'action': 'delete', 'id': '5494888', 'version': '::fruits', 'url': ' '}, {'name': 'asciijump', 'action': 'delete', 'id': '5475369', 'version': '::apt', 'url': ' '}, {'name': 'cherry', 'action': 'delete', 'id': '5495382', 'version': '::fruits', 'url': ' '}, {'name': 'registry', 'action': 'delete', 'id': '8018911', 'version': '::docker', 'url': ' '}]}
15:21:10 INFO  State of operation 21019116 : PENDING
15:21:13 INFO  State of operation 21019116 : EXECUTING
15:21:15 INFO  State of operation 21019116 : EXECUTING
15:21:17 INFO  State of operation 21019116 : EXECUTING
15:21:19 INFO  State of operation 21019116 : EXECUTING
15:21:22 INFO  State of operation 21019116 : EXECUTING
15:21:24 INFO  State of operation 21019116 : EXECUTING
15:21:27 INFO  State of operation 21019116 : EXECUTING
15:21:29 INFO  State of operation 21019116 : EXECUTING
15:21:32 INFO  State of operation 21019116 : EXECUTING
15:21:34 INFO  State of operation 21019116 : EXECUTING
15:21:36 INFO  State of operation 21019116 : EXECUTING
15:21:38 INFO  State of operation 21019116 : EXECUTING
15:21:41 INFO  State of operation 21019116 : EXECUTING
15:21:43 INFO  State of operation 21019116 : EXECUTING
15:21:45 INFO  State of operation 21019116 : EXECUTING
15:21:49 INFO  State of operation 21019116 : EXECUTING
15:21:51 INFO  State of operation 21019116 : EXECUTING
15:21:53 INFO  State of operation 21019116 : EXECUTING
15:21:55 INFO  State of operation 21019116 : EXECUTING
15:21:59 INFO  State of operation 21019116 : EXECUTING
15:22:01 INFO  State of operation 21019116 : EXECUTING
15:22:05 INFO  State of operation 21019116 : EXECUTING
15:22:07 INFO  State of operation 21019116 : EXECUTING
15:22:09 INFO  State of operation 21019116 : EXECUTING
15:22:11 INFO  State of operation 21019116 : EXECUTING
15:22:14 INFO  State of operation 21019116 : EXECUTING
15:22:16 INFO  State of operation 21019116 : EXECUTING
15:22:18 INFO  State of operation 21019116 : SUCCESSFUL
15:22:18 INFO  Package apple is installed
15:22:18 INFO  Assert that (True == value) with value=True ... passed
15:22:19 INFO  Package banana is installed
15:22:19 INFO  Assert that (True == value) with value=True ... passed
15:22:19 INFO  Package cherry is installed
15:22:19 INFO  Assert that (True == value) with value=True ... passed
15:22:19 INFO  Assert that (False == value) with value=False ... passed
15:22:19 INFO  Assert that (False == value) with value=False ... passed
15:22:19 INFO  
15:22:19 INFO  cleanup:
15:22:24 INFO  Executed sudo&lt;tedge_disconnect_c8y&gt;, exit status 0
15:22:24 INFO  Executed systemctl&lt;serv_mapper5&gt;, exit status 3
15:22:24 INFO  
15:22:24 INFO  Test duration: 165.20 secs
15:22:24 INFO  Test final outcome:  FAILED
15:22:24 INFO  Test outcome reason: Assert that (False == value) with value=True
15:22:24 INFO  
</system-out>
	</testcase>
</testsuite>
