<?xml version="1.0" encoding="utf-8"?>
<testsuite failures="1" name="SoftwareManagement.sm_apt_install_remove_multiple_mixed" skipped="0" tests="1" time="166.93" timestamp="2022-05-23T20:27:19">
	<testcase classname="PySysTest" name="SoftwareManagement.sm_apt_install_remove_multiple_mixed">
		<failure message="BLOCKED: SystemError: Timeout while waiting for status FAILED or SUCCESSFUL" type="BLOCKED"/>
		<system-out>20:24:32 INFO  ==============================================================
20:24:32 INFO  Id:    SoftwareManagement.sm_apt_install_remove_multiple_mixed
20:24:32 INFO  Dir:   software_management_end_to_end/
20:24:32 INFO  Title: Validate end to end behaviour for the apt plugin for multiple packages with mixed versions
20:24:32 INFO  ==============================================================
20:24:32 INFO  Using sw id database: {'asciijump': '5475369', 'robotfindskitten': '5474869', 'squirrel3': '5475279', 'rolldice': '5152439', 'moon-buggy': '5439204', 'apple': '5495053', 'banana': '5494888', 'cherry': '5495382', 'watermelon': '5494510', 'registry': '8018911', 'hello-world': '8021526', 'docker/getting-started': '8021973', 'alpine': '7991792'}
20:24:32 INFO  EnvironmentC8y Setup
20:24:33 INFO  Executed systemctl&lt;serv_mapper1&gt;, exit status 3
20:24:33 INFO  Restarting mosquitto too frequently in the last 10 seconds. It was only up for 4 seconds
20:24:33 INFO  Delaying execution by 7 seconds
20:24:54 INFO  Executed sudo&lt;tedge_connect_c8y&gt;, exit status 0, duration 14 secs
20:24:55 INFO  Executed sudo&lt;tedge_connect_c8y_test&gt;, exit status 0
20:24:55 INFO  Executed systemctl&lt;serv_mosq2&gt;, exit status 0
20:24:56 INFO  Executed systemctl&lt;serv_mapper3&gt;, exit status 0
20:24:58 INFO  State of current operation: PENDING
20:25:00 INFO  State of current operation: PENDING
20:25:02 INFO  State of current operation: PENDING
20:25:05 INFO  State of current operation: PENDING
20:25:07 INFO  State of current operation: PENDING
20:25:09 INFO  State of current operation: PENDING
20:25:11 INFO  State of current operation: PENDING
20:25:13 INFO  State of current operation: PENDING
20:25:16 INFO  State of current operation: PENDING
20:25:18 INFO  State of current operation: PENDING
20:25:20 INFO  State of current operation: PENDING
20:25:22 INFO  State of current operation: PENDING
20:25:25 INFO  State of current operation: PENDING
20:25:27 INFO  State of current operation: PENDING
20:25:29 INFO  State of current operation: PENDING
20:25:31 INFO  State of current operation: PENDING
20:25:34 INFO  State of current operation: PENDING
20:25:36 INFO  State of current operation: PENDING
20:25:38 INFO  State of current operation: PENDING
20:25:40 INFO  State of current operation: PENDING
20:25:43 INFO  State of current operation: PENDING
20:25:45 INFO  State of current operation: PENDING
20:25:47 INFO  State of current operation: PENDING
20:25:49 INFO  State of current operation: PENDING
20:25:51 INFO  State of current operation: PENDING
20:25:54 INFO  State of current operation: PENDING
20:25:56 INFO  State of current operation: PENDING
20:25:58 INFO  State of current operation: PENDING
20:26:01 INFO  State of current operation: PENDING
20:26:03 INFO  State of current operation: PENDING
20:26:05 INFO  State of current operation: PENDING
20:26:07 INFO  State of current operation: PENDING
20:26:09 INFO  State of current operation: PENDING
20:26:12 INFO  State of current operation: PENDING
20:26:14 INFO  State of current operation: PENDING
20:26:16 INFO  State of current operation: PENDING
20:26:18 INFO  State of current operation: PENDING
20:26:21 INFO  State of current operation: PENDING
20:26:23 INFO  State of current operation: PENDING
20:26:25 INFO  State of current operation: PENDING
20:26:27 INFO  State of current operation: PENDING
20:26:30 INFO  State of current operation: PENDING
20:26:32 INFO  State of current operation: PENDING
20:26:34 INFO  State of current operation: PENDING
20:26:36 INFO  State of current operation: PENDING
20:26:38 INFO  State of current operation: PENDING
20:26:41 INFO  State of current operation: PENDING
20:26:43 INFO  State of current operation: PENDING
20:26:45 INFO  State of current operation: PENDING
20:26:47 INFO  State of current operation: PENDING
20:26:50 INFO  State of current operation: PENDING
20:26:52 INFO  State of current operation: PENDING
20:26:54 INFO  State of current operation: PENDING
20:26:56 INFO  State of current operation: PENDING
20:26:59 INFO  State of current operation: PENDING
20:27:01 INFO  State of current operation: PENDING
20:27:03 INFO  State of current operation: PENDING
20:27:05 INFO  State of current operation: PENDING
20:27:08 INFO  State of current operation: PENDING
20:27:10 INFO  State of current operation: PENDING
20:27:12 INFO  State of current operation: PENDING
20:27:14 WARN  SystemError occurred while running test - Timeout while waiting for status FAILED or SUCCESSFUL
Traceback (most recent call last):
  File &quot;/home/pi/env-pysys/lib/python3.7/site-packages/pysys/baserunner.py&quot;, line 1292, in __call__
    self.testObj.setup()
  File &quot;/home/pi/actions-runner/_work/thin-edge.io/thin-edge.io/tests/PySys/software_management_end_to_end/sm_apt_install_remove_multiple_mixed/run.py&quot;, line 73, in setup
    super().setup()
  File &quot;/home/pi/actions-runner/_work/thin-edge.io/thin-edge.io/tests/PySys/software_management_end_to_end/environment_sm_management.py&quot;, line 151, in setup
    self.wait_until_end()
  File &quot;/home/pi/actions-runner/_work/thin-edge.io/thin-edge.io/tests/PySys/software_management_end_to_end/environment_sm_management.py&quot;, line 332, in wait_until_end
    self.wait_until_status(&quot;FAILED&quot;, &quot;SUCCESSFUL&quot;)
  File &quot;/home/pi/actions-runner/_work/thin-edge.io/thin-edge.io/tests/PySys/software_management_end_to_end/environment_sm_management.py&quot;, line 381, in wait_until_status
    &quot;Timeout while waiting for status %s or %s&quot; % (status, status2)
SystemError: Timeout while waiting for status FAILED or SUCCESSFUL
20:27:14 WARN  SystemError: Timeout while waiting for status FAILED or SUCCESSFUL ... blocked 
20:27:14 INFO  
20:27:14 INFO  cleanup:
20:27:19 INFO  Executed sudo&lt;tedge_disconnect_c8y&gt;, exit status 0
20:27:19 INFO  Executed systemctl&lt;serv_mapper5&gt;, exit status 3
20:27:19 INFO  
20:27:19 INFO  Test duration: 166.93 secs
20:27:19 INFO  Test final outcome:  BLOCKED
20:27:19 INFO  Test outcome reason: SystemError: Timeout while waiting for status FAILED or SUCCESSFUL
20:27:19 INFO  
</system-out>
	</testcase>
</testsuite>
