<?xml version="1.0" encoding="utf-8"?>
<testsuite failures="1" name="SoftwareManagement.sm_apt_install_remove_multiple_mixed" skipped="0" tests="1" time="178.88" timestamp="2022-07-22T17:01:04">
	<testcase classname="PySysTest" name="SoftwareManagement.sm_apt_install_remove_multiple_mixed">
		<failure message="BLOCKED: SystemError: Timeout while waiting for status SUCCESSFUL or False (+1 other failures)" type="BLOCKED"/>
		<system-out>16:58:05 INFO  ==============================================================
16:58:05 INFO  Id:    SoftwareManagement.sm_apt_install_remove_multiple_mixed
16:58:05 INFO  Dir:   software_management_end_to_end/
16:58:05 INFO  Title: Validate end to end behaviour for the apt plugin for multiple packages with mixed versions
16:58:05 INFO  ==============================================================
16:58:05 INFO  Using sw id database: {'asciijump': '5475369', 'robotfindskitten': '5474869', 'squirrel3': '5475279', 'rolldice': '5152439', 'moon-buggy': '5439204', 'apple': '5495053', 'banana': '5494888', 'cherry': '5495382', 'watermelon': '5494510', 'registry': '8018911', 'hello-world': '8021526', 'docker/getting-started': '8021973', 'alpine': '7991792'}
16:58:05 INFO  EnvironmentC8y Setup
16:58:05 INFO  Executed systemctl&lt;serv_mapper1&gt;, exit status 3
16:58:06 INFO  Restarting mosquitto too frequently in the last 10 seconds. It was only up for 4 seconds
16:58:06 INFO  Delaying execution by 7 seconds
16:58:27 INFO  Executed sudo&lt;tedge_connect_c8y&gt;, exit status 0, duration 13 secs
16:58:27 INFO  Executed sudo&lt;tedge_connect_c8y_test&gt;, exit status 0
16:58:28 INFO  Executed systemctl&lt;serv_mosq2&gt;, exit status 0
16:58:28 INFO  Executed systemctl&lt;serv_mapper3&gt;, exit status 0
16:58:30 INFO  State of current operation: SUCCESSFUL
16:58:31 INFO  Assert that (False == value) with value=False ... passed
16:58:31 INFO  Assert that (False == value) with value=False ... passed
16:58:31 INFO  Assert that (False == value) with value=False ... passed
16:58:31 INFO  Assert that (False == value) with value=False ... passed
16:58:32 INFO  Package moon-buggy is installed
16:58:32 WARN  Assert that (False == value) with value=True ... failed 
16:58:33 INFO  Response status: 201
16:58:33 INFO  Response to action: {
    &quot;delivery&quot;: {
        &quot;log&quot;: [],
        &quot;time&quot;: &quot;2022-07-22T16:58:33.369Z&quot;,
        &quot;status&quot;: &quot;PENDING&quot;
    },
    &quot;creationTime&quot;: &quot;2022-07-22T16:58:33.348Z&quot;,
    &quot;deviceId&quot;: &quot;21278194&quot;,
    &quot;deviceName&quot;: &quot;m32sd10c&quot;,
    &quot;self&quot;: &quot;https://t493319102.eu-latest.cumulocity.com/devicecontrol/operations/21301562&quot;,
    &quot;id&quot;: &quot;21301562&quot;,
    &quot;status&quot;: &quot;PENDING&quot;,
    &quot;description&quot;: &quot;Apply software changes, triggered from PySys: [{'action': 'install', 'id': '5475369', 'name': 'asciijump', 'url': ' ', 'version': '::apt'}, {'action': 'install', 'id': '5474869', 'name': 'robotfindskitten', 'url': ' ', 'version': ' '}, {'action': 'install', 'id': '5475279', 'name': 'squirrel3', 'url': ' ', 'version': '3.1-7::apt'}, {'action': 'install', 'id': '5152439', 'name': 'rolldice', 'url': ' ', 'version': '1.16-1+b1'}, {'action': 'install', 'id': '5439204', 'name': 'moon-buggy', 'url': ' ', 'version': '1:1.0.51-12'}, {'action': 'install', 'id': '5475369', 'name': 'asciijump', 'url': ' ', 'version': '::apt'}]&quot;,
    &quot;c8y_SoftwareUpdate&quot;: [
        {
            &quot;name&quot;: &quot;asciijump&quot;,
            &quot;action&quot;: &quot;install&quot;,
            &quot;id&quot;: &quot;5475369&quot;,
            &quot;version&quot;: &quot;::apt&quot;,
            &quot;url&quot;: &quot; &quot;
        },
        {
            &quot;name&quot;: &quot;robotfindskitten&quot;,
            &quot;action&quot;: &quot;install&quot;,
            &quot;id&quot;: &quot;5474869&quot;,
            &quot;version&quot;: &quot; &quot;,
            &quot;url&quot;: &quot; &quot;
        },
        {
            &quot;name&quot;: &quot;squirrel3&quot;,
            &quot;action&quot;: &quot;install&quot;,
            &quot;id&quot;: &quot;5475279&quot;,
            &quot;version&quot;: &quot;3.1-7::apt&quot;,
            &quot;url&quot;: &quot; &quot;
        },
        {
            &quot;name&quot;: &quot;rolldice&quot;,
            &quot;action&quot;: &quot;install&quot;,
            &quot;id&quot;: &quot;5152439&quot;,
            &quot;version&quot;: &quot;1.16-1+b1&quot;,
            &quot;url&quot;: &quot; &quot;
        },
        {
            &quot;name&quot;: &quot;moon-buggy&quot;,
            &quot;action&quot;: &quot;install&quot;,
            &quot;id&quot;: &quot;5439204&quot;,
            &quot;version&quot;: &quot;1:1.0.51-12&quot;,
            &quot;url&quot;: &quot; &quot;
        },
        {
            &quot;name&quot;: &quot;asciijump&quot;,
            &quot;action&quot;: &quot;install&quot;,
            &quot;id&quot;: &quot;5475369&quot;,
            &quot;version&quot;: &quot;::apt&quot;,
            &quot;url&quot;: &quot; &quot;
        }
    ]
}
16:58:33 INFO  Started operation: {'delivery': {'log': [], 'time': '2022-07-22T16:58:33.369Z', 'status': 'PENDING'}, 'creationTime': '2022-07-22T16:58:33.348Z', 'deviceId': '21278194', 'deviceName': 'm32sd10c', 'self': 'https://t493319102.eu-latest.cumulocity.com/devicecontrol/operations/21301562', 'id': '21301562', 'status': 'PENDING', 'description': &quot;Apply software changes, triggered from PySys: [{'action': 'install', 'id': '5475369', 'name': 'asciijump', 'url': ' ', 'version': '::apt'}, {'action': 'install', 'id': '5474869', 'name': 'robotfindskitten', 'url': ' ', 'version': ' '}, {'action': 'install', 'id': '5475279', 'name': 'squirrel3', 'url': ' ', 'version': '3.1-7::apt'}, {'action': 'install', 'id': '5152439', 'name': 'rolldice', 'url': ' ', 'version': '1.16-1+b1'}, {'action': 'install', 'id': '5439204', 'name': 'moon-buggy', 'url': ' ', 'version': '1:1.0.51-12'}, {'action': 'install', 'id': '5475369', 'name': 'asciijump', 'url': ' ', 'version': '::apt'}]&quot;, 'c8y_SoftwareUpdate': [{'name': 'asciijump', 'action': 'install', 'id': '5475369', 'version': '::apt', 'url': ' '}, {'name': 'robotfindskitten', 'action': 'install', 'id': '5474869', 'version': ' ', 'url': ' '}, {'name': 'squirrel3', 'action': 'install', 'id': '5475279', 'version': '3.1-7::apt', 'url': ' '}, {'name': 'rolldice', 'action': 'install', 'id': '5152439', 'version': '1.16-1+b1', 'url': ' '}, {'name': 'moon-buggy', 'action': 'install', 'id': '5439204', 'version': '1:1.0.51-12', 'url': ' '}, {'name': 'asciijump', 'action': 'install', 'id': '5475369', 'version': '::apt', 'url': ' '}]}
16:58:35 INFO  State of operation 21301562 : PENDING
16:58:37 INFO  State of operation 21301562 : EXECUTING
16:58:40 INFO  State of operation 21301562 : EXECUTING
16:58:42 INFO  State of operation 21301562 : EXECUTING
16:58:44 INFO  State of operation 21301562 : EXECUTING
16:58:46 INFO  State of operation 21301562 : EXECUTING
16:58:49 INFO  State of operation 21301562 : EXECUTING
16:58:52 INFO  State of operation 21301562 : EXECUTING
16:58:54 INFO  State of operation 21301562 : EXECUTING
16:58:57 INFO  State of operation 21301562 : EXECUTING
16:58:59 INFO  State of operation 21301562 : EXECUTING
16:59:01 INFO  State of operation 21301562 : EXECUTING
16:59:03 INFO  State of operation 21301562 : EXECUTING
16:59:06 INFO  State of operation 21301562 : EXECUTING
16:59:08 INFO  State of operation 21301562 : EXECUTING
16:59:10 INFO  State of operation 21301562 : EXECUTING
16:59:13 INFO  State of operation 21301562 : EXECUTING
16:59:15 INFO  State of operation 21301562 : EXECUTING
16:59:18 INFO  State of operation 21301562 : EXECUTING
16:59:20 INFO  State of operation 21301562 : EXECUTING
16:59:22 INFO  State of operation 21301562 : EXECUTING
16:59:25 INFO  State of operation 21301562 : EXECUTING
16:59:27 INFO  State of operation 21301562 : EXECUTING
16:59:30 INFO  State of operation 21301562 : EXECUTING
16:59:32 INFO  State of operation 21301562 : EXECUTING
16:59:34 INFO  State of operation 21301562 : EXECUTING
16:59:37 INFO  State of operation 21301562 : EXECUTING
16:59:39 INFO  State of operation 21301562 : EXECUTING
16:59:41 INFO  State of operation 21301562 : EXECUTING
16:59:43 INFO  State of operation 21301562 : EXECUTING
16:59:46 INFO  State of operation 21301562 : EXECUTING
16:59:48 INFO  State of operation 21301562 : EXECUTING
16:59:50 INFO  State of operation 21301562 : EXECUTING
16:59:52 INFO  State of operation 21301562 : EXECUTING
16:59:55 INFO  State of operation 21301562 : EXECUTING
16:59:57 INFO  State of operation 21301562 : EXECUTING
16:59:59 INFO  State of operation 21301562 : EXECUTING
17:00:01 INFO  State of operation 21301562 : EXECUTING
17:00:04 INFO  State of operation 21301562 : EXECUTING
17:00:07 INFO  State of operation 21301562 : EXECUTING
17:00:09 INFO  State of operation 21301562 : EXECUTING
17:00:11 INFO  State of operation 21301562 : EXECUTING
17:00:14 INFO  State of operation 21301562 : EXECUTING
17:00:16 INFO  State of operation 21301562 : EXECUTING
17:00:18 INFO  State of operation 21301562 : EXECUTING
17:00:20 INFO  State of operation 21301562 : EXECUTING
17:00:23 INFO  State of operation 21301562 : EXECUTING
17:00:25 INFO  State of operation 21301562 : EXECUTING
17:00:28 INFO  State of operation 21301562 : EXECUTING
17:00:30 INFO  State of operation 21301562 : EXECUTING
17:00:32 INFO  State of operation 21301562 : EXECUTING
17:00:34 INFO  State of operation 21301562 : EXECUTING
17:00:37 INFO  State of operation 21301562 : EXECUTING
17:00:39 INFO  State of operation 21301562 : EXECUTING
17:00:42 INFO  State of operation 21301562 : EXECUTING
17:00:44 INFO  State of operation 21301562 : EXECUTING
17:00:48 INFO  State of operation 21301562 : EXECUTING
17:00:50 INFO  State of operation 21301562 : EXECUTING
17:00:52 INFO  State of operation 21301562 : EXECUTING
17:00:54 INFO  State of operation 21301562 : EXECUTING
17:00:57 INFO  State of operation 21301562 : EXECUTING
17:00:59 WARN  SystemError occurred while running test - Timeout while waiting for status SUCCESSFUL or False
Traceback (most recent call last):
  File &quot;/home/pi/env-pysys/lib/python3.7/site-packages/pysys/baserunner.py&quot;, line 1294, in __call__
    self.testObj.execute()
  File &quot;/home/pi/actions-runner/_work/thin-edge.io/thin-edge.io/tests/PySys/software_management_end_to_end/sm_apt_install_remove_multiple_mixed/run.py&quot;, line 89, in execute
    self.wait_until_succcess()
  File &quot;/home/pi/actions-runner/_work/thin-edge.io/thin-edge.io/tests/PySys/software_management_end_to_end/environment_sm_management.py&quot;, line 324, in wait_until_succcess
    self.wait_until_status(&quot;SUCCESSFUL&quot;)
  File &quot;/home/pi/actions-runner/_work/thin-edge.io/thin-edge.io/tests/PySys/software_management_end_to_end/environment_sm_management.py&quot;, line 381, in wait_until_status
    &quot;Timeout while waiting for status %s or %s&quot; % (status, status2)
SystemError: Timeout while waiting for status SUCCESSFUL or False
17:00:59 WARN  SystemError: Timeout while waiting for status SUCCESSFUL or False ... blocked 
17:00:59 INFO  
17:00:59 INFO  cleanup:
17:01:03 INFO  Executed sudo&lt;tedge_disconnect_c8y&gt;, exit status 0
17:01:04 INFO  Executed systemctl&lt;serv_mapper5&gt;, exit status 3
17:01:04 INFO  
17:01:04 INFO  Test duration: 178.88 secs
17:01:04 INFO  Test final outcome:  BLOCKED
17:01:04 INFO  Test outcome reason: SystemError: Timeout while waiting for status SUCCESSFUL or False (+1 other failures)
17:01:04 INFO  
</system-out>
	</testcase>
</testsuite>
