<?xml version="1.0" encoding="utf-8"?>
<testsuite failures="1" name="SoftwareManagement.sm_mixed_install_remove_multiple" skipped="0" tests="1" time="166.59" timestamp="2022-06-08T14:23:34">
	<testcase classname="PySysTest" name="SoftwareManagement.sm_mixed_install_remove_multiple">
		<failure message="FAILED: Assert that (False == value) with value=True" type="FAILED"/>
		<system-out>14:20:48 INFO  ==============================================================
14:20:48 INFO  Id:    SoftwareManagement.sm_mixed_install_remove_multiple
14:20:48 INFO  Dir:   software_management_end_to_end/
14:20:48 INFO  Title: Validate end to end behaviour for the dummy-plugin for multiple packages with mixed versions
14:20:48 INFO  ==============================================================
14:20:48 INFO  Using sw id database: {'asciijump': '5475369', 'robotfindskitten': '5474869', 'squirrel3': '5475279', 'rolldice': '5152439', 'moon-buggy': '5439204', 'apple': '5495053', 'banana': '5494888', 'cherry': '5495382', 'watermelon': '5494510', 'registry': '8018911', 'hello-world': '8021526', 'docker/getting-started': '8021973', 'alpine': '7991792'}
14:20:48 INFO  EnvironmentC8y Setup
14:20:48 INFO  Executed systemctl&lt;serv_mapper1&gt;, exit status 3
14:20:48 INFO  Restarting mosquitto too frequently in the last 10 seconds. It was only up for 6 seconds
14:20:48 INFO  Delaying execution by 5 seconds
14:21:08 INFO  Executed sudo&lt;tedge_connect_c8y&gt;, exit status 0, duration 14 secs
14:21:09 INFO  Executed sudo&lt;tedge_connect_c8y_test&gt;, exit status 0
14:21:10 INFO  Executed systemctl&lt;serv_mosq2&gt;, exit status 0
14:21:10 INFO  Executed systemctl&lt;serv_mapper3&gt;, exit status 0
14:21:13 INFO  State of current operation: SUCCESSFUL
14:21:13 INFO  Package apple is installed
14:21:13 INFO  Assert that (True == value) with value=True ... passed
14:21:13 INFO  Package banana is installed
14:21:13 INFO  Assert that (True == value) with value=True ... passed
14:21:13 INFO  Package cherry is installed
14:21:13 INFO  Assert that (True == value) with value=True ... passed
14:21:13 INFO  Package asciijump is installed
14:21:13 WARN  Assert that (False == value) with value=True ... failed 
14:21:14 INFO  Assert that (False == value) with value=False ... passed
14:21:14 INFO  Response status: 201
14:21:14 INFO  Response to action: {
    &quot;delivery&quot;: {
        &quot;log&quot;: [],
        &quot;time&quot;: &quot;2022-06-08T14:21:14.420Z&quot;,
        &quot;status&quot;: &quot;PENDING&quot;
    },
    &quot;creationTime&quot;: &quot;2022-06-08T14:21:14.404Z&quot;,
    &quot;deviceId&quot;: &quot;20012510&quot;,
    &quot;deviceName&quot;: &quot;m32sd10c&quot;,
    &quot;self&quot;: &quot;https://t493319102.eu-latest.cumulocity.com/devicecontrol/operations/20055058&quot;,
    &quot;id&quot;: &quot;20055058&quot;,
    &quot;status&quot;: &quot;PENDING&quot;,
    &quot;description&quot;: &quot;Apply software changes, triggered from PySys: [{'action': 'install', 'id': '5495053', 'name': 'apple', 'url': ' ', 'version': '::fruits'}, {'action': 'install', 'id': '5494888', 'name': 'banana', 'url': ' ', 'version': '::fruits'}, {'action': 'install', 'id': '5475369', 'name': 'asciijump', 'url': ' ', 'version': '::apt'}, {'action': 'install', 'id': '5495382', 'name': 'cherry', 'url': ' ', 'version': '::fruits'}, {'action': 'install', 'id': '8018911', 'name': 'registry', 'url': ' ', 'version': '::docker'}]&quot;,
    &quot;c8y_SoftwareUpdate&quot;: [
        {
            &quot;name&quot;: &quot;apple&quot;,
            &quot;action&quot;: &quot;install&quot;,
            &quot;id&quot;: &quot;5495053&quot;,
            &quot;version&quot;: &quot;::fruits&quot;,
            &quot;url&quot;: &quot; &quot;
        },
        {
            &quot;name&quot;: &quot;banana&quot;,
            &quot;action&quot;: &quot;install&quot;,
            &quot;id&quot;: &quot;5494888&quot;,
            &quot;version&quot;: &quot;::fruits&quot;,
            &quot;url&quot;: &quot; &quot;
        },
        {
            &quot;name&quot;: &quot;asciijump&quot;,
            &quot;action&quot;: &quot;install&quot;,
            &quot;id&quot;: &quot;5475369&quot;,
            &quot;version&quot;: &quot;::apt&quot;,
            &quot;url&quot;: &quot; &quot;
        },
        {
            &quot;name&quot;: &quot;cherry&quot;,
            &quot;action&quot;: &quot;install&quot;,
            &quot;id&quot;: &quot;5495382&quot;,
            &quot;version&quot;: &quot;::fruits&quot;,
            &quot;url&quot;: &quot; &quot;
        },
        {
            &quot;name&quot;: &quot;registry&quot;,
            &quot;action&quot;: &quot;install&quot;,
            &quot;id&quot;: &quot;8018911&quot;,
            &quot;version&quot;: &quot;::docker&quot;,
            &quot;url&quot;: &quot; &quot;
        }
    ]
}
14:21:14 INFO  Started operation: {'delivery': {'log': [], 'time': '2022-06-08T14:21:14.420Z', 'status': 'PENDING'}, 'creationTime': '2022-06-08T14:21:14.404Z', 'deviceId': '20012510', 'deviceName': 'm32sd10c', 'self': 'https://t493319102.eu-latest.cumulocity.com/devicecontrol/operations/20055058', 'id': '20055058', 'status': 'PENDING', 'description': &quot;Apply software changes, triggered from PySys: [{'action': 'install', 'id': '5495053', 'name': 'apple', 'url': ' ', 'version': '::fruits'}, {'action': 'install', 'id': '5494888', 'name': 'banana', 'url': ' ', 'version': '::fruits'}, {'action': 'install', 'id': '5475369', 'name': 'asciijump', 'url': ' ', 'version': '::apt'}, {'action': 'install', 'id': '5495382', 'name': 'cherry', 'url': ' ', 'version': '::fruits'}, {'action': 'install', 'id': '8018911', 'name': 'registry', 'url': ' ', 'version': '::docker'}]&quot;, 'c8y_SoftwareUpdate': [{'name': 'apple', 'action': 'install', 'id': '5495053', 'version': '::fruits', 'url': ' '}, {'name': 'banana', 'action': 'install', 'id': '5494888', 'version': '::fruits', 'url': ' '}, {'name': 'asciijump', 'action': 'install', 'id': '5475369', 'version': '::apt', 'url': ' '}, {'name': 'cherry', 'action': 'install', 'id': '5495382', 'version': '::fruits', 'url': ' '}, {'name': 'registry', 'action': 'install', 'id': '8018911', 'version': '::docker', 'url': ' '}]}
14:21:16 INFO  State of operation 20055058 : PENDING
14:21:18 INFO  State of operation 20055058 : EXECUTING
14:21:21 INFO  State of operation 20055058 : EXECUTING
14:21:23 INFO  State of operation 20055058 : EXECUTING
14:21:25 INFO  State of operation 20055058 : EXECUTING
14:21:27 INFO  State of operation 20055058 : EXECUTING
14:21:30 INFO  State of operation 20055058 : EXECUTING
14:21:33 INFO  State of operation 20055058 : EXECUTING
14:21:36 INFO  State of operation 20055058 : EXECUTING
14:21:38 INFO  State of operation 20055058 : EXECUTING
14:21:40 INFO  State of operation 20055058 : EXECUTING
14:21:43 INFO  State of operation 20055058 : EXECUTING
14:21:45 INFO  State of operation 20055058 : EXECUTING
14:21:47 INFO  State of operation 20055058 : EXECUTING
14:21:49 INFO  State of operation 20055058 : EXECUTING
14:21:51 INFO  State of operation 20055058 : EXECUTING
14:21:54 INFO  State of operation 20055058 : EXECUTING
14:21:56 INFO  State of operation 20055058 : EXECUTING
14:21:58 INFO  State of operation 20055058 : EXECUTING
14:22:01 INFO  State of operation 20055058 : EXECUTING
14:22:03 INFO  State of operation 20055058 : EXECUTING
14:22:05 INFO  State of operation 20055058 : EXECUTING
14:22:07 INFO  State of operation 20055058 : EXECUTING
14:22:10 INFO  State of operation 20055058 : EXECUTING
14:22:12 INFO  State of operation 20055058 : EXECUTING
14:22:14 INFO  State of operation 20055058 : SUCCESSFUL
14:22:14 INFO  Package apple is installed
14:22:14 INFO  Assert that (True == value) with value=True ... passed
14:22:15 INFO  Package banana is installed
14:22:15 INFO  Assert that (True == value) with value=True ... passed
14:22:15 INFO  Package cherry is installed
14:22:15 INFO  Assert that (True == value) with value=True ... passed
14:22:15 INFO  Package asciijump is installed
14:22:15 INFO  Assert that (True == value) with value=True ... passed
14:22:15 INFO  Package registry is installed
14:22:15 INFO  Assert that (True == value) with value=True ... passed
14:22:16 INFO  Response status: 201
14:22:16 INFO  Response to action: {
    &quot;delivery&quot;: {
        &quot;log&quot;: [],
        &quot;time&quot;: &quot;2022-06-08T14:22:16.109Z&quot;,
        &quot;status&quot;: &quot;PENDING&quot;
    },
    &quot;creationTime&quot;: &quot;2022-06-08T14:22:16.092Z&quot;,
    &quot;deviceId&quot;: &quot;20012510&quot;,
    &quot;deviceName&quot;: &quot;m32sd10c&quot;,
    &quot;self&quot;: &quot;https://t493319102.eu-latest.cumulocity.com/devicecontrol/operations/20055076&quot;,
    &quot;id&quot;: &quot;20055076&quot;,
    &quot;status&quot;: &quot;PENDING&quot;,
    &quot;description&quot;: &quot;Apply software changes, triggered from PySys: [{'action': 'delete', 'id': '5495053', 'name': 'apple', 'url': ' ', 'version': '::fruits'}, {'action': 'delete', 'id': '5494888', 'name': 'banana', 'url': ' ', 'version': '::fruits'}, {'action': 'delete', 'id': '5475369', 'name': 'asciijump', 'url': ' ', 'version': '::apt'}, {'action': 'delete', 'id': '5495382', 'name': 'cherry', 'url': ' ', 'version': '::fruits'}, {'action': 'delete', 'id': '8018911', 'name': 'registry', 'url': ' ', 'version': '::docker'}]&quot;,
    &quot;c8y_SoftwareUpdate&quot;: [
        {
            &quot;name&quot;: &quot;apple&quot;,
            &quot;action&quot;: &quot;delete&quot;,
            &quot;id&quot;: &quot;5495053&quot;,
            &quot;version&quot;: &quot;::fruits&quot;,
            &quot;url&quot;: &quot; &quot;
        },
        {
            &quot;name&quot;: &quot;banana&quot;,
            &quot;action&quot;: &quot;delete&quot;,
            &quot;id&quot;: &quot;5494888&quot;,
            &quot;version&quot;: &quot;::fruits&quot;,
            &quot;url&quot;: &quot; &quot;
        },
        {
            &quot;name&quot;: &quot;asciijump&quot;,
            &quot;action&quot;: &quot;delete&quot;,
            &quot;id&quot;: &quot;5475369&quot;,
            &quot;version&quot;: &quot;::apt&quot;,
            &quot;url&quot;: &quot; &quot;
        },
        {
            &quot;name&quot;: &quot;cherry&quot;,
            &quot;action&quot;: &quot;delete&quot;,
            &quot;id&quot;: &quot;5495382&quot;,
            &quot;version&quot;: &quot;::fruits&quot;,
            &quot;url&quot;: &quot; &quot;
        },
        {
            &quot;name&quot;: &quot;registry&quot;,
            &quot;action&quot;: &quot;delete&quot;,
            &quot;id&quot;: &quot;8018911&quot;,
            &quot;version&quot;: &quot;::docker&quot;,
            &quot;url&quot;: &quot; &quot;
        }
    ]
}
14:22:16 INFO  Started operation: {'delivery': {'log': [], 'time': '2022-06-08T14:22:16.109Z', 'status': 'PENDING'}, 'creationTime': '2022-06-08T14:22:16.092Z', 'deviceId': '20012510', 'deviceName': 'm32sd10c', 'self': 'https://t493319102.eu-latest.cumulocity.com/devicecontrol/operations/20055076', 'id': '20055076', 'status': 'PENDING', 'description': &quot;Apply software changes, triggered from PySys: [{'action': 'delete', 'id': '5495053', 'name': 'apple', 'url': ' ', 'version': '::fruits'}, {'action': 'delete', 'id': '5494888', 'name': 'banana', 'url': ' ', 'version': '::fruits'}, {'action': 'delete', 'id': '5475369', 'name': 'asciijump', 'url': ' ', 'version': '::apt'}, {'action': 'delete', 'id': '5495382', 'name': 'cherry', 'url': ' ', 'version': '::fruits'}, {'action': 'delete', 'id': '8018911', 'name': 'registry', 'url': ' ', 'version': '::docker'}]&quot;, 'c8y_SoftwareUpdate': [{'name': 'apple', 'action': 'delete', 'id': '5495053', 'version': '::fruits', 'url': ' '}, {'name': 'banana', 'action': 'delete', 'id': '5494888', 'version': '::fruits', 'url': ' '}, {'name': 'asciijump', 'action': 'delete', 'id': '5475369', 'version': '::apt', 'url': ' '}, {'name': 'cherry', 'action': 'delete', 'id': '5495382', 'version': '::fruits', 'url': ' '}, {'name': 'registry', 'action': 'delete', 'id': '8018911', 'version': '::docker', 'url': ' '}]}
14:22:18 INFO  State of operation 20055076 : PENDING
14:22:20 INFO  State of operation 20055076 : EXECUTING
14:22:22 INFO  State of operation 20055076 : EXECUTING
14:22:25 INFO  State of operation 20055076 : EXECUTING
14:22:27 INFO  State of operation 20055076 : EXECUTING
14:22:29 INFO  State of operation 20055076 : EXECUTING
14:22:32 INFO  State of operation 20055076 : EXECUTING
14:22:34 INFO  State of operation 20055076 : EXECUTING
14:22:37 INFO  State of operation 20055076 : EXECUTING
14:22:39 INFO  State of operation 20055076 : EXECUTING
14:22:42 INFO  State of operation 20055076 : EXECUTING
14:22:44 INFO  State of operation 20055076 : EXECUTING
14:22:46 INFO  State of operation 20055076 : EXECUTING
14:22:48 INFO  State of operation 20055076 : EXECUTING
14:22:51 INFO  State of operation 20055076 : EXECUTING
14:22:53 INFO  State of operation 20055076 : EXECUTING
14:22:56 INFO  State of operation 20055076 : EXECUTING
14:22:58 INFO  State of operation 20055076 : EXECUTING
14:23:01 INFO  State of operation 20055076 : EXECUTING
14:23:03 INFO  State of operation 20055076 : EXECUTING
14:23:05 INFO  State of operation 20055076 : EXECUTING
14:23:07 INFO  State of operation 20055076 : EXECUTING
14:23:10 INFO  State of operation 20055076 : EXECUTING
14:23:12 INFO  State of operation 20055076 : EXECUTING
14:23:15 INFO  State of operation 20055076 : EXECUTING
14:23:17 INFO  State of operation 20055076 : EXECUTING
14:23:19 INFO  State of operation 20055076 : EXECUTING
14:23:21 INFO  State of operation 20055076 : EXECUTING
14:23:24 INFO  State of operation 20055076 : EXECUTING
14:23:26 INFO  State of operation 20055076 : EXECUTING
14:23:28 INFO  State of operation 20055076 : SUCCESSFUL
14:23:29 INFO  Package apple is installed
14:23:29 INFO  Assert that (True == value) with value=True ... passed
14:23:29 INFO  Package banana is installed
14:23:29 INFO  Assert that (True == value) with value=True ... passed
14:23:29 INFO  Package cherry is installed
14:23:29 INFO  Assert that (True == value) with value=True ... passed
14:23:29 INFO  Assert that (False == value) with value=False ... passed
14:23:30 INFO  Assert that (False == value) with value=False ... passed
14:23:30 INFO  
14:23:30 INFO  cleanup:
14:23:34 INFO  Executed sudo&lt;tedge_disconnect_c8y&gt;, exit status 0
14:23:34 INFO  Executed systemctl&lt;serv_mapper5&gt;, exit status 3
14:23:34 INFO  
14:23:34 INFO  Test duration: 166.59 secs
14:23:34 INFO  Test final outcome:  FAILED
14:23:34 INFO  Test outcome reason: Assert that (False == value) with value=True
14:23:34 INFO  
</system-out>
	</testcase>
</testsuite>
