<?xml version="1.0" encoding="utf-8"?>
<testsuite failures="1" name="SoftwareManagement.sm_apt_install_remove_multiple" skipped="0" tests="1" time="140.3" timestamp="2022-07-20T14:03:31">
	<testcase classname="PySysTest" name="SoftwareManagement.sm_apt_install_remove_multiple">
		<failure message="FAILED: Assert that (False == value) with value=True (+2 other failures)" type="FAILED"/>
		<system-out>14:01:11 INFO  ==============================================================
14:01:11 INFO  Id:    SoftwareManagement.sm_apt_install_remove_multiple
14:01:11 INFO  Dir:   software_management_end_to_end/
14:01:11 INFO  Title: Validate end to end behaviour for the apt plugin for multiple packages
14:01:11 INFO  ==============================================================
14:01:11 INFO  Using sw id database: {'asciijump': '5475369', 'robotfindskitten': '5474869', 'squirrel3': '5475279', 'rolldice': '5152439', 'moon-buggy': '5439204', 'apple': '5495053', 'banana': '5494888', 'cherry': '5495382', 'watermelon': '5494510', 'registry': '8018911', 'hello-world': '8021526', 'docker/getting-started': '8021973', 'alpine': '7991792'}
14:01:11 INFO  EnvironmentC8y Setup
14:01:11 INFO  Executed systemctl&lt;serv_mapper1&gt;, exit status 3
14:01:12 INFO  Restarting mosquitto too frequently in the last 10 seconds. It was only up for 4 seconds
14:01:12 INFO  Delaying execution by 7 seconds
14:01:33 INFO  Executed sudo&lt;tedge_connect_c8y&gt;, exit status 0, duration 14 secs
14:01:33 INFO  Executed sudo&lt;tedge_connect_c8y_test&gt;, exit status 0
14:01:34 INFO  Executed systemctl&lt;serv_mosq2&gt;, exit status 0
14:01:34 INFO  Executed systemctl&lt;serv_mapper3&gt;, exit status 0
14:01:36 INFO  State of current operation: SUCCESSFUL
14:01:37 INFO  Assert that (False == value) with value=False ... passed
14:01:37 INFO  Package asciijump is installed
14:01:37 WARN  Assert that (False == value) with value=True ... failed 
14:01:37 INFO  Package squirrel3 is installed
14:01:37 WARN  Assert that (False == value) with value=True ... failed 
14:01:38 INFO  Package robotfindskitten is installed
14:01:38 WARN  Assert that (False == value) with value=True ... failed 
14:01:38 INFO  Response status: 201
14:01:38 INFO  Response to action: {
    &quot;delivery&quot;: {
        &quot;log&quot;: [],
        &quot;time&quot;: &quot;2022-07-20T14:01:38.329Z&quot;,
        &quot;status&quot;: &quot;PENDING&quot;
    },
    &quot;creationTime&quot;: &quot;2022-07-20T14:01:38.314Z&quot;,
    &quot;deviceId&quot;: &quot;21081466&quot;,
    &quot;deviceName&quot;: &quot;m32sd10c&quot;,
    &quot;self&quot;: &quot;https://t493319102.eu-latest.cumulocity.com/devicecontrol/operations/21093717&quot;,
    &quot;id&quot;: &quot;21093717&quot;,
    &quot;status&quot;: &quot;PENDING&quot;,
    &quot;description&quot;: &quot;Apply software changes, triggered from PySys: [{'action': 'install', 'id': '5475369', 'name': 'asciijump', 'url': ' ', 'version': '::apt'}, {'action': 'install', 'id': '5474869', 'name': 'robotfindskitten', 'url': ' ', 'version': '::apt'}, {'action': 'install', 'id': '5475279', 'name': 'squirrel3', 'url': ' ', 'version': '::apt'}]&quot;,
    &quot;c8y_SoftwareUpdate&quot;: [
        {
            &quot;name&quot;: &quot;asciijump&quot;,
            &quot;action&quot;: &quot;install&quot;,
            &quot;id&quot;: &quot;5475369&quot;,
            &quot;version&quot;: &quot;::apt&quot;,
            &quot;url&quot;: &quot; &quot;
        },
        {
            &quot;name&quot;: &quot;robotfindskitten&quot;,
            &quot;action&quot;: &quot;install&quot;,
            &quot;id&quot;: &quot;5474869&quot;,
            &quot;version&quot;: &quot;::apt&quot;,
            &quot;url&quot;: &quot; &quot;
        },
        {
            &quot;name&quot;: &quot;squirrel3&quot;,
            &quot;action&quot;: &quot;install&quot;,
            &quot;id&quot;: &quot;5475279&quot;,
            &quot;version&quot;: &quot;::apt&quot;,
            &quot;url&quot;: &quot; &quot;
        }
    ]
}
14:01:38 INFO  Started operation: {'delivery': {'log': [], 'time': '2022-07-20T14:01:38.329Z', 'status': 'PENDING'}, 'creationTime': '2022-07-20T14:01:38.314Z', 'deviceId': '21081466', 'deviceName': 'm32sd10c', 'self': 'https://t493319102.eu-latest.cumulocity.com/devicecontrol/operations/21093717', 'id': '21093717', 'status': 'PENDING', 'description': &quot;Apply software changes, triggered from PySys: [{'action': 'install', 'id': '5475369', 'name': 'asciijump', 'url': ' ', 'version': '::apt'}, {'action': 'install', 'id': '5474869', 'name': 'robotfindskitten', 'url': ' ', 'version': '::apt'}, {'action': 'install', 'id': '5475279', 'name': 'squirrel3', 'url': ' ', 'version': '::apt'}]&quot;, 'c8y_SoftwareUpdate': [{'name': 'asciijump', 'action': 'install', 'id': '5475369', 'version': '::apt', 'url': ' '}, {'name': 'robotfindskitten', 'action': 'install', 'id': '5474869', 'version': '::apt', 'url': ' '}, {'name': 'squirrel3', 'action': 'install', 'id': '5475279', 'version': '::apt', 'url': ' '}]}
14:01:40 INFO  State of operation 21093717 : PENDING
14:01:42 INFO  State of operation 21093717 : EXECUTING
14:01:45 INFO  State of operation 21093717 : EXECUTING
14:01:47 INFO  State of operation 21093717 : EXECUTING
14:01:49 INFO  State of operation 21093717 : EXECUTING
14:01:51 INFO  State of operation 21093717 : EXECUTING
14:01:54 INFO  State of operation 21093717 : EXECUTING
14:01:57 INFO  State of operation 21093717 : EXECUTING
14:01:59 INFO  State of operation 21093717 : EXECUTING
14:02:01 INFO  State of operation 21093717 : EXECUTING
14:02:04 INFO  State of operation 21093717 : EXECUTING
14:02:06 INFO  State of operation 21093717 : EXECUTING
14:02:08 INFO  State of operation 21093717 : EXECUTING
14:02:10 INFO  State of operation 21093717 : EXECUTING
14:02:13 INFO  State of operation 21093717 : EXECUTING
14:02:15 INFO  State of operation 21093717 : SUCCESSFUL
14:02:15 INFO  Assert that (False == value) with value=False ... passed
14:02:15 INFO  Package asciijump is installed
14:02:15 INFO  Assert that (True == value) with value=True ... passed
14:02:15 INFO  Package squirrel3 is installed
14:02:15 INFO  Assert that (True == value) with value=True ... passed
14:02:16 INFO  Package robotfindskitten is installed
14:02:16 INFO  Assert that (True == value) with value=True ... passed
14:02:16 INFO  Response status: 201
14:02:16 INFO  Response to action: {
    &quot;delivery&quot;: {
        &quot;log&quot;: [],
        &quot;time&quot;: &quot;2022-07-20T14:02:16.384Z&quot;,
        &quot;status&quot;: &quot;PENDING&quot;
    },
    &quot;creationTime&quot;: &quot;2022-07-20T14:02:16.360Z&quot;,
    &quot;deviceId&quot;: &quot;21081466&quot;,
    &quot;deviceName&quot;: &quot;m32sd10c&quot;,
    &quot;self&quot;: &quot;https://t493319102.eu-latest.cumulocity.com/devicecontrol/operations/21093732&quot;,
    &quot;id&quot;: &quot;21093732&quot;,
    &quot;status&quot;: &quot;PENDING&quot;,
    &quot;description&quot;: &quot;Apply software changes, triggered from PySys: [{'action': 'delete', 'id': '5475369', 'name': 'asciijump', 'url': ' ', 'version': '::apt'}, {'action': 'delete', 'id': '5474869', 'name': 'robotfindskitten', 'url': ' ', 'version': '::apt'}, {'action': 'delete', 'id': '5475279', 'name': 'squirrel3', 'url': ' ', 'version': '::apt'}]&quot;,
    &quot;c8y_SoftwareUpdate&quot;: [
        {
            &quot;name&quot;: &quot;asciijump&quot;,
            &quot;action&quot;: &quot;delete&quot;,
            &quot;id&quot;: &quot;5475369&quot;,
            &quot;version&quot;: &quot;::apt&quot;,
            &quot;url&quot;: &quot; &quot;
        },
        {
            &quot;name&quot;: &quot;robotfindskitten&quot;,
            &quot;action&quot;: &quot;delete&quot;,
            &quot;id&quot;: &quot;5474869&quot;,
            &quot;version&quot;: &quot;::apt&quot;,
            &quot;url&quot;: &quot; &quot;
        },
        {
            &quot;name&quot;: &quot;squirrel3&quot;,
            &quot;action&quot;: &quot;delete&quot;,
            &quot;id&quot;: &quot;5475279&quot;,
            &quot;version&quot;: &quot;::apt&quot;,
            &quot;url&quot;: &quot; &quot;
        }
    ]
}
14:02:16 INFO  Started operation: {'delivery': {'log': [], 'time': '2022-07-20T14:02:16.384Z', 'status': 'PENDING'}, 'creationTime': '2022-07-20T14:02:16.360Z', 'deviceId': '21081466', 'deviceName': 'm32sd10c', 'self': 'https://t493319102.eu-latest.cumulocity.com/devicecontrol/operations/21093732', 'id': '21093732', 'status': 'PENDING', 'description': &quot;Apply software changes, triggered from PySys: [{'action': 'delete', 'id': '5475369', 'name': 'asciijump', 'url': ' ', 'version': '::apt'}, {'action': 'delete', 'id': '5474869', 'name': 'robotfindskitten', 'url': ' ', 'version': '::apt'}, {'action': 'delete', 'id': '5475279', 'name': 'squirrel3', 'url': ' ', 'version': '::apt'}]&quot;, 'c8y_SoftwareUpdate': [{'name': 'asciijump', 'action': 'delete', 'id': '5475369', 'version': '::apt', 'url': ' '}, {'name': 'robotfindskitten', 'action': 'delete', 'id': '5474869', 'version': '::apt', 'url': ' '}, {'name': 'squirrel3', 'action': 'delete', 'id': '5475279', 'version': '::apt', 'url': ' '}]}
14:02:18 INFO  State of operation 21093732 : PENDING
14:02:20 INFO  State of operation 21093732 : EXECUTING
14:02:23 INFO  State of operation 21093732 : EXECUTING
14:02:25 INFO  State of operation 21093732 : EXECUTING
14:02:27 INFO  State of operation 21093732 : EXECUTING
14:02:29 INFO  State of operation 21093732 : EXECUTING
14:02:32 INFO  State of operation 21093732 : EXECUTING
14:02:35 INFO  State of operation 21093732 : EXECUTING
14:02:37 INFO  State of operation 21093732 : EXECUTING
14:02:39 INFO  State of operation 21093732 : EXECUTING
14:02:41 INFO  State of operation 21093732 : EXECUTING
14:02:44 INFO  State of operation 21093732 : EXECUTING
14:02:46 INFO  State of operation 21093732 : EXECUTING
14:02:48 INFO  State of operation 21093732 : EXECUTING
14:02:50 INFO  State of operation 21093732 : EXECUTING
14:02:53 INFO  State of operation 21093732 : EXECUTING
14:02:55 INFO  State of operation 21093732 : EXECUTING
14:02:58 INFO  State of operation 21093732 : EXECUTING
14:03:00 INFO  State of operation 21093732 : EXECUTING
14:03:03 INFO  State of operation 21093732 : EXECUTING
14:03:05 INFO  State of operation 21093732 : EXECUTING
14:03:07 INFO  State of operation 21093732 : EXECUTING
14:03:09 INFO  State of operation 21093732 : EXECUTING
14:03:12 INFO  State of operation 21093732 : EXECUTING
14:03:14 INFO  State of operation 21093732 : EXECUTING
14:03:17 INFO  State of operation 21093732 : EXECUTING
14:03:19 INFO  State of operation 21093732 : EXECUTING
14:03:21 INFO  State of operation 21093732 : EXECUTING
14:03:23 INFO  State of operation 21093732 : EXECUTING
14:03:26 INFO  State of operation 21093732 : SUCCESSFUL
14:03:26 INFO  Assert that (False == value) with value=False ... passed
14:03:26 INFO  Assert that (False == value) with value=False ... passed
14:03:26 INFO  Assert that (False == value) with value=False ... passed
14:03:26 INFO  Assert that (False == value) with value=False ... passed
14:03:27 INFO  
14:03:27 INFO  cleanup:
14:03:31 INFO  Executed sudo&lt;tedge_disconnect_c8y&gt;, exit status 0
14:03:31 INFO  Executed systemctl&lt;serv_mapper5&gt;, exit status 3
14:03:31 INFO  
14:03:31 INFO  Test duration: 140.30 secs
14:03:31 INFO  Test final outcome:  FAILED
14:03:31 INFO  Test outcome reason: Assert that (False == value) with value=True (+2 other failures)
14:03:31 INFO  
</system-out>
	</testcase>
</testsuite>
