<?xml version="1.0" encoding="utf-8"?>
<testsuite failures="1" name="SoftwareManagement.sm_apt_install_remove_default" skipped="0" tests="1" time="166.01" timestamp="2022-05-23T14:30:55">
	<testcase classname="PySysTest" name="SoftwareManagement.sm_apt_install_remove_default">
		<failure message="BLOCKED: SystemError: Timeout while waiting for status FAILED or SUCCESSFUL" type="BLOCKED"/>
		<system-out>14:28:09 INFO  ==============================================================
14:28:09 INFO  Id:    SoftwareManagement.sm_apt_install_remove_default
14:28:09 INFO  Dir:   software_management_end_to_end/
14:28:09 INFO  Title: Validate end to end behaviour for the default plugin for installation and removal of packages
14:28:09 INFO  ==============================================================
14:28:09 INFO  Using sw id database: {'asciijump': '5475369', 'robotfindskitten': '5474869', 'squirrel3': '5475279', 'rolldice': '5152439', 'moon-buggy': '5439204', 'apple': '5495053', 'banana': '5494888', 'cherry': '5495382', 'watermelon': '5494510', 'registry': '8018911', 'hello-world': '8021526', 'docker/getting-started': '8021973', 'alpine': '7991792'}
14:28:09 INFO  EnvironmentC8y Setup
14:28:10 INFO  Executed systemctl&lt;serv_mapper1&gt;, exit status 3
14:28:10 INFO  Restarting mosquitto too frequently in the last 10 seconds. It was only up for 5 seconds
14:28:10 INFO  Delaying execution by 6 seconds
14:28:30 INFO  Executed sudo&lt;tedge_connect_c8y&gt;, exit status 0, duration 14 secs
14:28:31 INFO  Executed sudo&lt;tedge_connect_c8y_test&gt;, exit status 0
14:28:31 INFO  Executed systemctl&lt;serv_mosq2&gt;, exit status 0
14:28:32 INFO  Executed systemctl&lt;serv_mapper3&gt;, exit status 0
14:28:34 INFO  State of current operation: PENDING
14:28:36 INFO  State of current operation: PENDING
14:28:39 INFO  State of current operation: PENDING
14:28:41 INFO  State of current operation: PENDING
14:28:43 INFO  State of current operation: PENDING
14:28:45 INFO  State of current operation: PENDING
14:28:48 INFO  State of current operation: PENDING
14:28:50 INFO  State of current operation: PENDING
14:28:52 INFO  State of current operation: PENDING
14:28:54 INFO  State of current operation: PENDING
14:28:56 INFO  State of current operation: PENDING
14:28:59 INFO  State of current operation: PENDING
14:29:01 INFO  State of current operation: PENDING
14:29:03 INFO  State of current operation: PENDING
14:29:05 INFO  State of current operation: PENDING
14:29:08 INFO  State of current operation: PENDING
14:29:10 INFO  State of current operation: PENDING
14:29:12 INFO  State of current operation: PENDING
14:29:14 INFO  State of current operation: PENDING
14:29:17 INFO  State of current operation: PENDING
14:29:19 INFO  State of current operation: PENDING
14:29:21 INFO  State of current operation: PENDING
14:29:23 INFO  State of current operation: PENDING
14:29:26 INFO  State of current operation: PENDING
14:29:28 INFO  State of current operation: PENDING
14:29:30 INFO  State of current operation: PENDING
14:29:32 INFO  State of current operation: PENDING
14:29:34 INFO  State of current operation: PENDING
14:29:37 INFO  State of current operation: PENDING
14:29:39 INFO  State of current operation: PENDING
14:29:41 INFO  State of current operation: PENDING
14:29:43 INFO  State of current operation: PENDING
14:29:46 INFO  State of current operation: PENDING
14:29:48 INFO  State of current operation: PENDING
14:29:50 INFO  State of current operation: PENDING
14:29:52 INFO  State of current operation: PENDING
14:29:55 INFO  State of current operation: PENDING
14:29:57 INFO  State of current operation: PENDING
14:29:59 INFO  State of current operation: PENDING
14:30:01 INFO  State of current operation: PENDING
14:30:04 INFO  State of current operation: PENDING
14:30:06 INFO  State of current operation: PENDING
14:30:08 INFO  State of current operation: PENDING
14:30:10 INFO  State of current operation: PENDING
14:30:12 INFO  State of current operation: PENDING
14:30:15 INFO  State of current operation: PENDING
14:30:17 INFO  State of current operation: PENDING
14:30:19 INFO  State of current operation: PENDING
14:30:22 INFO  State of current operation: PENDING
14:30:24 INFO  State of current operation: PENDING
14:30:26 INFO  State of current operation: PENDING
14:30:28 INFO  State of current operation: PENDING
14:30:31 INFO  State of current operation: PENDING
14:30:33 INFO  State of current operation: PENDING
14:30:35 INFO  State of current operation: PENDING
14:30:37 INFO  State of current operation: PENDING
14:30:40 INFO  State of current operation: PENDING
14:30:42 INFO  State of current operation: PENDING
14:30:44 INFO  State of current operation: PENDING
14:30:46 INFO  State of current operation: PENDING
14:30:48 INFO  State of current operation: PENDING
14:30:50 WARN  SystemError occurred while running test - Timeout while waiting for status FAILED or SUCCESSFUL
Traceback (most recent call last):
  File &quot;/home/pi/env-pysys/lib/python3.7/site-packages/pysys/baserunner.py&quot;, line 1292, in __call__
    self.testObj.setup()
  File &quot;/home/pi/actions-runner/_work/thin-edge.io/thin-edge.io/tests/PySys/software_management_end_to_end/sm_apt_install_remove_default/run.py&quot;, line 26, in setup
    super().setup()
  File &quot;/home/pi/actions-runner/_work/thin-edge.io/thin-edge.io/tests/PySys/software_management_end_to_end/environment_sm_management.py&quot;, line 151, in setup
    self.wait_until_end()
  File &quot;/home/pi/actions-runner/_work/thin-edge.io/thin-edge.io/tests/PySys/software_management_end_to_end/environment_sm_management.py&quot;, line 332, in wait_until_end
    self.wait_until_status(&quot;FAILED&quot;, &quot;SUCCESSFUL&quot;)
  File &quot;/home/pi/actions-runner/_work/thin-edge.io/thin-edge.io/tests/PySys/software_management_end_to_end/environment_sm_management.py&quot;, line 381, in wait_until_status
    &quot;Timeout while waiting for status %s or %s&quot; % (status, status2)
SystemError: Timeout while waiting for status FAILED or SUCCESSFUL
14:30:51 WARN  SystemError: Timeout while waiting for status FAILED or SUCCESSFUL ... blocked 
14:30:51 INFO  
14:30:51 INFO  cleanup:
14:30:55 INFO  Executed sudo&lt;tedge_disconnect_c8y&gt;, exit status 0
14:30:55 INFO  Executed systemctl&lt;serv_mapper5&gt;, exit status 3
14:30:55 INFO  
14:30:55 INFO  Test duration: 166.01 secs
14:30:55 INFO  Test final outcome:  BLOCKED
14:30:55 INFO  Test outcome reason: SystemError: Timeout while waiting for status FAILED or SUCCESSFUL
14:30:55 INFO  
</system-out>
	</testcase>
</testsuite>
