<?xml version="1.0" encoding="utf-8"?>
<testsuite failures="1" name="SoftwareManagement.sm_mixed_install_remove_multiple" skipped="0" tests="1" time="164.36" timestamp="2022-07-22T00:22:41">
	<testcase classname="PySysTest" name="SoftwareManagement.sm_mixed_install_remove_multiple">
		<failure message="FAILED: Assert that (False == value) with value=True" type="FAILED"/>
		<system-out>00:19:57 INFO  ==============================================================
00:19:57 INFO  Id:    SoftwareManagement.sm_mixed_install_remove_multiple
00:19:57 INFO  Dir:   software_management_end_to_end/
00:19:57 INFO  Title: Validate end to end behaviour for the dummy-plugin for multiple packages with mixed versions
00:19:57 INFO  ==============================================================
00:19:57 INFO  Using sw id database: {'asciijump': '5475369', 'robotfindskitten': '5474869', 'squirrel3': '5475279', 'rolldice': '5152439', 'moon-buggy': '5439204', 'apple': '5495053', 'banana': '5494888', 'cherry': '5495382', 'watermelon': '5494510', 'registry': '8018911', 'hello-world': '8021526', 'docker/getting-started': '8021973', 'alpine': '7991792'}
00:19:57 INFO  EnvironmentC8y Setup
00:19:57 INFO  Executed systemctl&lt;serv_mapper1&gt;, exit status 3
00:19:58 INFO  Restarting mosquitto too frequently in the last 10 seconds. It was only up for 5 seconds
00:19:58 INFO  Delaying execution by 6 seconds
00:20:18 INFO  Executed sudo&lt;tedge_connect_c8y&gt;, exit status 0, duration 14 secs
00:20:18 INFO  Executed sudo&lt;tedge_connect_c8y_test&gt;, exit status 0
00:20:19 INFO  Executed systemctl&lt;serv_mosq2&gt;, exit status 0
00:20:19 INFO  Executed systemctl&lt;serv_mapper3&gt;, exit status 0
00:20:22 INFO  State of current operation: SUCCESSFUL
00:20:22 INFO  Package apple is installed
00:20:22 INFO  Assert that (True == value) with value=True ... passed
00:20:22 INFO  Package banana is installed
00:20:22 INFO  Assert that (True == value) with value=True ... passed
00:20:22 INFO  Package cherry is installed
00:20:22 INFO  Assert that (True == value) with value=True ... passed
00:20:23 INFO  Package asciijump is installed
00:20:23 WARN  Assert that (False == value) with value=True ... failed 
00:20:23 INFO  Assert that (False == value) with value=False ... passed
00:20:23 INFO  Response status: 201
00:20:23 INFO  Response to action: {
    &quot;creationTime&quot;: &quot;2022-07-22T00:20:23.538Z&quot;,
    &quot;deviceId&quot;: &quot;21164556&quot;,
    &quot;deviceName&quot;: &quot;m32sd10a&quot;,
    &quot;self&quot;: &quot;https://t493319102.eu-latest.cumulocity.com/devicecontrol/operations/21210975&quot;,
    &quot;id&quot;: &quot;21210975&quot;,
    &quot;status&quot;: &quot;PENDING&quot;,
    &quot;description&quot;: &quot;Apply software changes, triggered from PySys: [{'action': 'install', 'id': '5495053', 'name': 'apple', 'url': ' ', 'version': '::fruits'}, {'action': 'install', 'id': '5494888', 'name': 'banana', 'url': ' ', 'version': '::fruits'}, {'action': 'install', 'id': '5475369', 'name': 'asciijump', 'url': ' ', 'version': '::apt'}, {'action': 'install', 'id': '5495382', 'name': 'cherry', 'url': ' ', 'version': '::fruits'}, {'action': 'install', 'id': '8018911', 'name': 'registry', 'url': ' ', 'version': '::docker'}]&quot;,
    &quot;c8y_SoftwareUpdate&quot;: [
        {
            &quot;name&quot;: &quot;apple&quot;,
            &quot;action&quot;: &quot;install&quot;,
            &quot;id&quot;: &quot;5495053&quot;,
            &quot;version&quot;: &quot;::fruits&quot;,
            &quot;url&quot;: &quot; &quot;
        },
        {
            &quot;name&quot;: &quot;banana&quot;,
            &quot;action&quot;: &quot;install&quot;,
            &quot;id&quot;: &quot;5494888&quot;,
            &quot;version&quot;: &quot;::fruits&quot;,
            &quot;url&quot;: &quot; &quot;
        },
        {
            &quot;name&quot;: &quot;asciijump&quot;,
            &quot;action&quot;: &quot;install&quot;,
            &quot;id&quot;: &quot;5475369&quot;,
            &quot;version&quot;: &quot;::apt&quot;,
            &quot;url&quot;: &quot; &quot;
        },
        {
            &quot;name&quot;: &quot;cherry&quot;,
            &quot;action&quot;: &quot;install&quot;,
            &quot;id&quot;: &quot;5495382&quot;,
            &quot;version&quot;: &quot;::fruits&quot;,
            &quot;url&quot;: &quot; &quot;
        },
        {
            &quot;name&quot;: &quot;registry&quot;,
            &quot;action&quot;: &quot;install&quot;,
            &quot;id&quot;: &quot;8018911&quot;,
            &quot;version&quot;: &quot;::docker&quot;,
            &quot;url&quot;: &quot; &quot;
        }
    ]
}
00:20:23 INFO  Started operation: {'creationTime': '2022-07-22T00:20:23.538Z', 'deviceId': '21164556', 'deviceName': 'm32sd10a', 'self': 'https://t493319102.eu-latest.cumulocity.com/devicecontrol/operations/21210975', 'id': '21210975', 'status': 'PENDING', 'description': &quot;Apply software changes, triggered from PySys: [{'action': 'install', 'id': '5495053', 'name': 'apple', 'url': ' ', 'version': '::fruits'}, {'action': 'install', 'id': '5494888', 'name': 'banana', 'url': ' ', 'version': '::fruits'}, {'action': 'install', 'id': '5475369', 'name': 'asciijump', 'url': ' ', 'version': '::apt'}, {'action': 'install', 'id': '5495382', 'name': 'cherry', 'url': ' ', 'version': '::fruits'}, {'action': 'install', 'id': '8018911', 'name': 'registry', 'url': ' ', 'version': '::docker'}]&quot;, 'c8y_SoftwareUpdate': [{'name': 'apple', 'action': 'install', 'id': '5495053', 'version': '::fruits', 'url': ' '}, {'name': 'banana', 'action': 'install', 'id': '5494888', 'version': '::fruits', 'url': ' '}, {'name': 'asciijump', 'action': 'install', 'id': '5475369', 'version': '::apt', 'url': ' '}, {'name': 'cherry', 'action': 'install', 'id': '5495382', 'version': '::fruits', 'url': ' '}, {'name': 'registry', 'action': 'install', 'id': '8018911', 'version': '::docker', 'url': ' '}]}
00:20:25 INFO  State of operation 21210975 : PENDING
00:20:28 INFO  State of operation 21210975 : EXECUTING
00:20:30 INFO  State of operation 21210975 : EXECUTING
00:20:32 INFO  State of operation 21210975 : EXECUTING
00:20:34 INFO  State of operation 21210975 : EXECUTING
00:20:36 INFO  State of operation 21210975 : EXECUTING
00:20:39 INFO  State of operation 21210975 : EXECUTING
00:20:42 INFO  State of operation 21210975 : EXECUTING
00:20:44 INFO  State of operation 21210975 : EXECUTING
00:20:47 INFO  State of operation 21210975 : EXECUTING
00:20:49 INFO  State of operation 21210975 : EXECUTING
00:20:51 INFO  State of operation 21210975 : EXECUTING
00:20:53 INFO  State of operation 21210975 : EXECUTING
00:20:55 INFO  State of operation 21210975 : EXECUTING
00:20:58 INFO  State of operation 21210975 : EXECUTING
00:21:00 INFO  State of operation 21210975 : EXECUTING
00:21:02 INFO  State of operation 21210975 : EXECUTING
00:21:04 INFO  State of operation 21210975 : EXECUTING
00:21:07 INFO  State of operation 21210975 : EXECUTING
00:21:09 INFO  State of operation 21210975 : EXECUTING
00:21:11 INFO  State of operation 21210975 : EXECUTING
00:21:13 INFO  State of operation 21210975 : EXECUTING
00:21:16 INFO  State of operation 21210975 : EXECUTING
00:21:18 INFO  State of operation 21210975 : EXECUTING
00:21:20 INFO  State of operation 21210975 : EXECUTING
00:21:22 INFO  State of operation 21210975 : SUCCESSFUL
00:21:23 INFO  Package apple is installed
00:21:23 INFO  Assert that (True == value) with value=True ... passed
00:21:23 INFO  Package banana is installed
00:21:23 INFO  Assert that (True == value) with value=True ... passed
00:21:23 INFO  Package cherry is installed
00:21:23 INFO  Assert that (True == value) with value=True ... passed
00:21:23 INFO  Package asciijump is installed
00:21:23 INFO  Assert that (True == value) with value=True ... passed
00:21:23 INFO  Package registry is installed
00:21:23 INFO  Assert that (True == value) with value=True ... passed
00:21:24 INFO  Response status: 201
00:21:24 INFO  Response to action: {
    &quot;creationTime&quot;: &quot;2022-07-22T00:21:24.154Z&quot;,
    &quot;deviceId&quot;: &quot;21164556&quot;,
    &quot;deviceName&quot;: &quot;m32sd10a&quot;,
    &quot;self&quot;: &quot;https://t493319102.eu-latest.cumulocity.com/devicecontrol/operations/21210982&quot;,
    &quot;id&quot;: &quot;21210982&quot;,
    &quot;status&quot;: &quot;PENDING&quot;,
    &quot;description&quot;: &quot;Apply software changes, triggered from PySys: [{'action': 'delete', 'id': '5495053', 'name': 'apple', 'url': ' ', 'version': '::fruits'}, {'action': 'delete', 'id': '5494888', 'name': 'banana', 'url': ' ', 'version': '::fruits'}, {'action': 'delete', 'id': '5475369', 'name': 'asciijump', 'url': ' ', 'version': '::apt'}, {'action': 'delete', 'id': '5495382', 'name': 'cherry', 'url': ' ', 'version': '::fruits'}, {'action': 'delete', 'id': '8018911', 'name': 'registry', 'url': ' ', 'version': '::docker'}]&quot;,
    &quot;c8y_SoftwareUpdate&quot;: [
        {
            &quot;name&quot;: &quot;apple&quot;,
            &quot;action&quot;: &quot;delete&quot;,
            &quot;id&quot;: &quot;5495053&quot;,
            &quot;version&quot;: &quot;::fruits&quot;,
            &quot;url&quot;: &quot; &quot;
        },
        {
            &quot;name&quot;: &quot;banana&quot;,
            &quot;action&quot;: &quot;delete&quot;,
            &quot;id&quot;: &quot;5494888&quot;,
            &quot;version&quot;: &quot;::fruits&quot;,
            &quot;url&quot;: &quot; &quot;
        },
        {
            &quot;name&quot;: &quot;asciijump&quot;,
            &quot;action&quot;: &quot;delete&quot;,
            &quot;id&quot;: &quot;5475369&quot;,
            &quot;version&quot;: &quot;::apt&quot;,
            &quot;url&quot;: &quot; &quot;
        },
        {
            &quot;name&quot;: &quot;cherry&quot;,
            &quot;action&quot;: &quot;delete&quot;,
            &quot;id&quot;: &quot;5495382&quot;,
            &quot;version&quot;: &quot;::fruits&quot;,
            &quot;url&quot;: &quot; &quot;
        },
        {
            &quot;name&quot;: &quot;registry&quot;,
            &quot;action&quot;: &quot;delete&quot;,
            &quot;id&quot;: &quot;8018911&quot;,
            &quot;version&quot;: &quot;::docker&quot;,
            &quot;url&quot;: &quot; &quot;
        }
    ]
}
00:21:24 INFO  Started operation: {'creationTime': '2022-07-22T00:21:24.154Z', 'deviceId': '21164556', 'deviceName': 'm32sd10a', 'self': 'https://t493319102.eu-latest.cumulocity.com/devicecontrol/operations/21210982', 'id': '21210982', 'status': 'PENDING', 'description': &quot;Apply software changes, triggered from PySys: [{'action': 'delete', 'id': '5495053', 'name': 'apple', 'url': ' ', 'version': '::fruits'}, {'action': 'delete', 'id': '5494888', 'name': 'banana', 'url': ' ', 'version': '::fruits'}, {'action': 'delete', 'id': '5475369', 'name': 'asciijump', 'url': ' ', 'version': '::apt'}, {'action': 'delete', 'id': '5495382', 'name': 'cherry', 'url': ' ', 'version': '::fruits'}, {'action': 'delete', 'id': '8018911', 'name': 'registry', 'url': ' ', 'version': '::docker'}]&quot;, 'c8y_SoftwareUpdate': [{'name': 'apple', 'action': 'delete', 'id': '5495053', 'version': '::fruits', 'url': ' '}, {'name': 'banana', 'action': 'delete', 'id': '5494888', 'version': '::fruits', 'url': ' '}, {'name': 'asciijump', 'action': 'delete', 'id': '5475369', 'version': '::apt', 'url': ' '}, {'name': 'cherry', 'action': 'delete', 'id': '5495382', 'version': '::fruits', 'url': ' '}, {'name': 'registry', 'action': 'delete', 'id': '8018911', 'version': '::docker', 'url': ' '}]}
00:21:26 INFO  State of operation 21210982 : PENDING
00:21:28 INFO  State of operation 21210982 : EXECUTING
00:21:30 INFO  State of operation 21210982 : EXECUTING
00:21:33 INFO  State of operation 21210982 : EXECUTING
00:21:35 INFO  State of operation 21210982 : EXECUTING
00:21:37 INFO  State of operation 21210982 : EXECUTING
00:21:39 INFO  State of operation 21210982 : EXECUTING
00:21:42 INFO  State of operation 21210982 : EXECUTING
00:21:44 INFO  State of operation 21210982 : EXECUTING
00:21:47 INFO  State of operation 21210982 : EXECUTING
00:21:49 INFO  State of operation 21210982 : EXECUTING
00:21:51 INFO  State of operation 21210982 : EXECUTING
00:21:54 INFO  State of operation 21210982 : EXECUTING
00:21:56 INFO  State of operation 21210982 : EXECUTING
00:21:58 INFO  State of operation 21210982 : EXECUTING
00:22:00 INFO  State of operation 21210982 : EXECUTING
00:22:03 INFO  State of operation 21210982 : EXECUTING
00:22:05 INFO  State of operation 21210982 : EXECUTING
00:22:08 INFO  State of operation 21210982 : EXECUTING
00:22:10 INFO  State of operation 21210982 : EXECUTING
00:22:12 INFO  State of operation 21210982 : EXECUTING
00:22:14 INFO  State of operation 21210982 : EXECUTING
00:22:17 INFO  State of operation 21210982 : EXECUTING
00:22:19 INFO  State of operation 21210982 : EXECUTING
00:22:22 INFO  State of operation 21210982 : EXECUTING
00:22:24 INFO  State of operation 21210982 : EXECUTING
00:22:26 INFO  State of operation 21210982 : EXECUTING
00:22:29 INFO  State of operation 21210982 : EXECUTING
00:22:31 INFO  State of operation 21210982 : EXECUTING
00:22:33 INFO  State of operation 21210982 : EXECUTING
00:22:35 INFO  State of operation 21210982 : SUCCESSFUL
00:22:36 INFO  Package apple is installed
00:22:36 INFO  Assert that (True == value) with value=True ... passed
00:22:36 INFO  Package banana is installed
00:22:36 INFO  Assert that (True == value) with value=True ... passed
00:22:36 INFO  Package cherry is installed
00:22:36 INFO  Assert that (True == value) with value=True ... passed
00:22:36 INFO  Assert that (False == value) with value=False ... passed
00:22:37 INFO  Assert that (False == value) with value=False ... passed
00:22:37 INFO  
00:22:37 INFO  cleanup:
00:22:41 INFO  Executed sudo&lt;tedge_disconnect_c8y&gt;, exit status 0
00:22:41 INFO  Executed systemctl&lt;serv_mapper5&gt;, exit status 3
00:22:41 INFO  
00:22:41 INFO  Test duration: 164.36 secs
00:22:41 INFO  Test final outcome:  FAILED
00:22:41 INFO  Test outcome reason: Assert that (False == value) with value=True
00:22:41 INFO  
</system-out>
	</testcase>
</testsuite>
