<?xml version="1.0" encoding="utf-8"?>
<testsuite failures="1" name="SoftwareManagement.sm_mixed_install_remove_multiple" skipped="0" tests="1" time="166.54" timestamp="2022-05-23T10:02:07">
	<testcase classname="PySysTest" name="SoftwareManagement.sm_mixed_install_remove_multiple">
		<failure message="BLOCKED: SystemError: Timeout while waiting for status FAILED or SUCCESSFUL" type="BLOCKED"/>
		<system-out>09:59:21 INFO  ==============================================================
09:59:21 INFO  Id:    SoftwareManagement.sm_mixed_install_remove_multiple
09:59:21 INFO  Dir:   software_management_end_to_end/
09:59:21 INFO  Title: Validate end to end behaviour for the dummy-plugin for multiple packages with mixed versions
09:59:21 INFO  ==============================================================
09:59:21 INFO  Using sw id database: {'asciijump': '5475369', 'robotfindskitten': '5474869', 'squirrel3': '5475279', 'rolldice': '5152439', 'moon-buggy': '5439204', 'apple': '5495053', 'banana': '5494888', 'cherry': '5495382', 'watermelon': '5494510', 'registry': '8018911', 'hello-world': '8021526', 'docker/getting-started': '8021973', 'alpine': '7991792'}
09:59:21 INFO  EnvironmentC8y Setup
09:59:21 INFO  Executed systemctl&lt;serv_mapper1&gt;, exit status 3
09:59:22 INFO  Restarting mosquitto too frequently in the last 10 seconds. It was only up for 5 seconds
09:59:22 INFO  Delaying execution by 6 seconds
09:59:42 INFO  Executed sudo&lt;tedge_connect_c8y&gt;, exit status 0, duration 14 secs
09:59:43 INFO  Executed sudo&lt;tedge_connect_c8y_test&gt;, exit status 0
09:59:43 INFO  Executed systemctl&lt;serv_mosq2&gt;, exit status 0
09:59:44 INFO  Executed systemctl&lt;serv_mapper3&gt;, exit status 0
09:59:46 INFO  State of current operation: PENDING
09:59:48 INFO  State of current operation: PENDING
09:59:50 INFO  State of current operation: PENDING
09:59:53 INFO  State of current operation: PENDING
09:59:55 INFO  State of current operation: PENDING
09:59:57 INFO  State of current operation: PENDING
09:59:59 INFO  State of current operation: PENDING
10:00:01 INFO  State of current operation: PENDING
10:00:04 INFO  State of current operation: PENDING
10:00:06 INFO  State of current operation: PENDING
10:00:08 INFO  State of current operation: PENDING
10:00:11 INFO  State of current operation: PENDING
10:00:13 INFO  State of current operation: PENDING
10:00:15 INFO  State of current operation: PENDING
10:00:17 INFO  State of current operation: PENDING
10:00:20 INFO  State of current operation: PENDING
10:00:22 INFO  State of current operation: PENDING
10:00:24 INFO  State of current operation: PENDING
10:00:26 INFO  State of current operation: PENDING
10:00:29 INFO  State of current operation: PENDING
10:00:31 INFO  State of current operation: PENDING
10:00:33 INFO  State of current operation: PENDING
10:00:35 INFO  State of current operation: PENDING
10:00:37 INFO  State of current operation: PENDING
10:00:40 INFO  State of current operation: PENDING
10:00:42 INFO  State of current operation: PENDING
10:00:44 INFO  State of current operation: PENDING
10:00:46 INFO  State of current operation: PENDING
10:00:49 INFO  State of current operation: PENDING
10:00:51 INFO  State of current operation: PENDING
10:00:53 INFO  State of current operation: PENDING
10:00:56 INFO  State of current operation: PENDING
10:00:58 INFO  State of current operation: PENDING
10:01:00 INFO  State of current operation: PENDING
10:01:02 INFO  State of current operation: PENDING
10:01:04 INFO  State of current operation: PENDING
10:01:07 INFO  State of current operation: PENDING
10:01:09 INFO  State of current operation: PENDING
10:01:11 INFO  State of current operation: PENDING
10:01:13 INFO  State of current operation: PENDING
10:01:16 INFO  State of current operation: PENDING
10:01:18 INFO  State of current operation: PENDING
10:01:20 INFO  State of current operation: PENDING
10:01:22 INFO  State of current operation: PENDING
10:01:25 INFO  State of current operation: PENDING
10:01:27 INFO  State of current operation: PENDING
10:01:29 INFO  State of current operation: PENDING
10:01:31 INFO  State of current operation: PENDING
10:01:34 INFO  State of current operation: PENDING
10:01:36 INFO  State of current operation: PENDING
10:01:38 INFO  State of current operation: PENDING
10:01:40 INFO  State of current operation: PENDING
10:01:42 INFO  State of current operation: PENDING
10:01:45 INFO  State of current operation: PENDING
10:01:47 INFO  State of current operation: PENDING
10:01:49 INFO  State of current operation: PENDING
10:01:51 INFO  State of current operation: PENDING
10:01:54 INFO  State of current operation: PENDING
10:01:56 INFO  State of current operation: PENDING
10:01:58 INFO  State of current operation: PENDING
10:02:00 INFO  State of current operation: PENDING
10:02:02 WARN  SystemError occurred while running test - Timeout while waiting for status FAILED or SUCCESSFUL
Traceback (most recent call last):
  File &quot;/home/pi/env-pysys/lib/python3.7/site-packages/pysys/baserunner.py&quot;, line 1292, in __call__
    self.testObj.setup()
  File &quot;/home/pi/actions-runner/_work/thin-edge.io/thin-edge.io/tests/PySys/software_management_end_to_end/sm_mixed_install_remove_multiple/run.py&quot;, line 83, in setup
    super().setup()
  File &quot;/home/pi/actions-runner/_work/thin-edge.io/thin-edge.io/tests/PySys/software_management_end_to_end/environment_sm_management.py&quot;, line 151, in setup
    self.wait_until_end()
  File &quot;/home/pi/actions-runner/_work/thin-edge.io/thin-edge.io/tests/PySys/software_management_end_to_end/environment_sm_management.py&quot;, line 332, in wait_until_end
    self.wait_until_status(&quot;FAILED&quot;, &quot;SUCCESSFUL&quot;)
  File &quot;/home/pi/actions-runner/_work/thin-edge.io/thin-edge.io/tests/PySys/software_management_end_to_end/environment_sm_management.py&quot;, line 381, in wait_until_status
    &quot;Timeout while waiting for status %s or %s&quot; % (status, status2)
SystemError: Timeout while waiting for status FAILED or SUCCESSFUL
10:02:02 WARN  SystemError: Timeout while waiting for status FAILED or SUCCESSFUL ... blocked 
10:02:02 INFO  
10:02:02 INFO  cleanup:
10:02:07 INFO  Executed sudo&lt;tedge_disconnect_c8y&gt;, exit status 0
10:02:07 INFO  Executed systemctl&lt;serv_mapper5&gt;, exit status 3
10:02:07 INFO  
10:02:07 INFO  Test duration: 166.54 secs
10:02:07 INFO  Test final outcome:  BLOCKED
10:02:07 INFO  Test outcome reason: SystemError: Timeout while waiting for status FAILED or SUCCESSFUL
10:02:07 INFO  
</system-out>
	</testcase>
</testsuite>
