<?xml version="1.0" encoding="utf-8"?>
<testsuite failures="1" name="SoftwareManagement.sm_apt_install_remove_multiple" skipped="0" tests="1" time="139.33" timestamp="2022-06-29T13:06:59">
	<testcase classname="PySysTest" name="SoftwareManagement.sm_apt_install_remove_multiple">
		<failure message="FAILED: Assert that (False == value) with value=True (+2 other failures)" type="FAILED"/>
		<system-out>13:04:40 INFO  ==============================================================
13:04:40 INFO  Id:    SoftwareManagement.sm_apt_install_remove_multiple
13:04:40 INFO  Dir:   software_management_end_to_end/
13:04:40 INFO  Title: Validate end to end behaviour for the apt plugin for multiple packages
13:04:40 INFO  ==============================================================
13:04:40 INFO  Using sw id database: {'asciijump': '5475369', 'robotfindskitten': '5474869', 'squirrel3': '5475279', 'rolldice': '5152439', 'moon-buggy': '5439204', 'apple': '5495053', 'banana': '5494888', 'cherry': '5495382', 'watermelon': '5494510', 'registry': '8018911', 'hello-world': '8021526', 'docker/getting-started': '8021973', 'alpine': '7991792'}
13:04:40 INFO  EnvironmentC8y Setup
13:04:41 INFO  Executed systemctl&lt;serv_mapper1&gt;, exit status 3
13:04:41 INFO  Restarting mosquitto too frequently in the last 10 seconds. It was only up for 4 seconds
13:04:41 INFO  Delaying execution by 7 seconds
13:05:02 INFO  Executed sudo&lt;tedge_connect_c8y&gt;, exit status 0, duration 14 secs
13:05:03 INFO  Executed sudo&lt;tedge_connect_c8y_test&gt;, exit status 0
13:05:03 INFO  Executed systemctl&lt;serv_mosq2&gt;, exit status 0
13:05:04 INFO  Executed systemctl&lt;serv_mapper3&gt;, exit status 0
13:05:06 INFO  State of current operation: SUCCESSFUL
13:05:06 INFO  Assert that (False == value) with value=False ... passed
13:05:06 INFO  Package asciijump is installed
13:05:07 WARN  Assert that (False == value) with value=True ... failed 
13:05:07 INFO  Package squirrel3 is installed
13:05:07 WARN  Assert that (False == value) with value=True ... failed 
13:05:07 INFO  Package robotfindskitten is installed
13:05:07 WARN  Assert that (False == value) with value=True ... failed 
13:05:07 INFO  Response status: 201
13:05:07 INFO  Response to action: {
    &quot;creationTime&quot;: &quot;2022-06-29T13:05:07.841Z&quot;,
    &quot;deviceId&quot;: &quot;20565436&quot;,
    &quot;deviceName&quot;: &quot;m32sd10a&quot;,
    &quot;self&quot;: &quot;https://t493319102.eu-latest.cumulocity.com/devicecontrol/operations/20610663&quot;,
    &quot;id&quot;: &quot;20610663&quot;,
    &quot;status&quot;: &quot;PENDING&quot;,
    &quot;description&quot;: &quot;Apply software changes, triggered from PySys: [{'action': 'install', 'id': '5475369', 'name': 'asciijump', 'url': ' ', 'version': '::apt'}, {'action': 'install', 'id': '5474869', 'name': 'robotfindskitten', 'url': ' ', 'version': '::apt'}, {'action': 'install', 'id': '5475279', 'name': 'squirrel3', 'url': ' ', 'version': '::apt'}]&quot;,
    &quot;c8y_SoftwareUpdate&quot;: [
        {
            &quot;name&quot;: &quot;asciijump&quot;,
            &quot;action&quot;: &quot;install&quot;,
            &quot;id&quot;: &quot;5475369&quot;,
            &quot;version&quot;: &quot;::apt&quot;,
            &quot;url&quot;: &quot; &quot;
        },
        {
            &quot;name&quot;: &quot;robotfindskitten&quot;,
            &quot;action&quot;: &quot;install&quot;,
            &quot;id&quot;: &quot;5474869&quot;,
            &quot;version&quot;: &quot;::apt&quot;,
            &quot;url&quot;: &quot; &quot;
        },
        {
            &quot;name&quot;: &quot;squirrel3&quot;,
            &quot;action&quot;: &quot;install&quot;,
            &quot;id&quot;: &quot;5475279&quot;,
            &quot;version&quot;: &quot;::apt&quot;,
            &quot;url&quot;: &quot; &quot;
        }
    ]
}
13:05:07 INFO  Started operation: {'creationTime': '2022-06-29T13:05:07.841Z', 'deviceId': '20565436', 'deviceName': 'm32sd10a', 'self': 'https://t493319102.eu-latest.cumulocity.com/devicecontrol/operations/20610663', 'id': '20610663', 'status': 'PENDING', 'description': &quot;Apply software changes, triggered from PySys: [{'action': 'install', 'id': '5475369', 'name': 'asciijump', 'url': ' ', 'version': '::apt'}, {'action': 'install', 'id': '5474869', 'name': 'robotfindskitten', 'url': ' ', 'version': '::apt'}, {'action': 'install', 'id': '5475279', 'name': 'squirrel3', 'url': ' ', 'version': '::apt'}]&quot;, 'c8y_SoftwareUpdate': [{'name': 'asciijump', 'action': 'install', 'id': '5475369', 'version': '::apt', 'url': ' '}, {'name': 'robotfindskitten', 'action': 'install', 'id': '5474869', 'version': '::apt', 'url': ' '}, {'name': 'squirrel3', 'action': 'install', 'id': '5475279', 'version': '::apt', 'url': ' '}]}
13:05:10 INFO  State of operation 20610663 : PENDING
13:05:12 INFO  State of operation 20610663 : EXECUTING
13:05:14 INFO  State of operation 20610663 : EXECUTING
13:05:17 INFO  State of operation 20610663 : EXECUTING
13:05:19 INFO  State of operation 20610663 : EXECUTING
13:05:21 INFO  State of operation 20610663 : EXECUTING
13:05:24 INFO  State of operation 20610663 : EXECUTING
13:05:26 INFO  State of operation 20610663 : EXECUTING
13:05:29 INFO  State of operation 20610663 : EXECUTING
13:05:31 INFO  State of operation 20610663 : EXECUTING
13:05:34 INFO  State of operation 20610663 : EXECUTING
13:05:36 INFO  State of operation 20610663 : EXECUTING
13:05:38 INFO  State of operation 20610663 : EXECUTING
13:05:40 INFO  State of operation 20610663 : EXECUTING
13:05:43 INFO  State of operation 20610663 : EXECUTING
13:05:45 INFO  State of operation 20610663 : SUCCESSFUL
13:05:45 INFO  Assert that (False == value) with value=False ... passed
13:05:45 INFO  Package asciijump is installed
13:05:45 INFO  Assert that (True == value) with value=True ... passed
13:05:46 INFO  Package squirrel3 is installed
13:05:46 INFO  Assert that (True == value) with value=True ... passed
13:05:46 INFO  Package robotfindskitten is installed
13:05:46 INFO  Assert that (True == value) with value=True ... passed
13:05:46 INFO  Response status: 201
13:05:46 INFO  Response to action: {
    &quot;creationTime&quot;: &quot;2022-06-29T13:05:46.556Z&quot;,
    &quot;deviceId&quot;: &quot;20565436&quot;,
    &quot;deviceName&quot;: &quot;m32sd10a&quot;,
    &quot;self&quot;: &quot;https://t493319102.eu-latest.cumulocity.com/devicecontrol/operations/20610674&quot;,
    &quot;id&quot;: &quot;20610674&quot;,
    &quot;status&quot;: &quot;PENDING&quot;,
    &quot;description&quot;: &quot;Apply software changes, triggered from PySys: [{'action': 'delete', 'id': '5475369', 'name': 'asciijump', 'url': ' ', 'version': '::apt'}, {'action': 'delete', 'id': '5474869', 'name': 'robotfindskitten', 'url': ' ', 'version': '::apt'}, {'action': 'delete', 'id': '5475279', 'name': 'squirrel3', 'url': ' ', 'version': '::apt'}]&quot;,
    &quot;c8y_SoftwareUpdate&quot;: [
        {
            &quot;name&quot;: &quot;asciijump&quot;,
            &quot;action&quot;: &quot;delete&quot;,
            &quot;id&quot;: &quot;5475369&quot;,
            &quot;version&quot;: &quot;::apt&quot;,
            &quot;url&quot;: &quot; &quot;
        },
        {
            &quot;name&quot;: &quot;robotfindskitten&quot;,
            &quot;action&quot;: &quot;delete&quot;,
            &quot;id&quot;: &quot;5474869&quot;,
            &quot;version&quot;: &quot;::apt&quot;,
            &quot;url&quot;: &quot; &quot;
        },
        {
            &quot;name&quot;: &quot;squirrel3&quot;,
            &quot;action&quot;: &quot;delete&quot;,
            &quot;id&quot;: &quot;5475279&quot;,
            &quot;version&quot;: &quot;::apt&quot;,
            &quot;url&quot;: &quot; &quot;
        }
    ]
}
13:05:46 INFO  Started operation: {'creationTime': '2022-06-29T13:05:46.556Z', 'deviceId': '20565436', 'deviceName': 'm32sd10a', 'self': 'https://t493319102.eu-latest.cumulocity.com/devicecontrol/operations/20610674', 'id': '20610674', 'status': 'PENDING', 'description': &quot;Apply software changes, triggered from PySys: [{'action': 'delete', 'id': '5475369', 'name': 'asciijump', 'url': ' ', 'version': '::apt'}, {'action': 'delete', 'id': '5474869', 'name': 'robotfindskitten', 'url': ' ', 'version': '::apt'}, {'action': 'delete', 'id': '5475279', 'name': 'squirrel3', 'url': ' ', 'version': '::apt'}]&quot;, 'c8y_SoftwareUpdate': [{'name': 'asciijump', 'action': 'delete', 'id': '5475369', 'version': '::apt', 'url': ' '}, {'name': 'robotfindskitten', 'action': 'delete', 'id': '5474869', 'version': '::apt', 'url': ' '}, {'name': 'squirrel3', 'action': 'delete', 'id': '5475279', 'version': '::apt', 'url': ' '}]}
13:05:48 INFO  State of operation 20610674 : PENDING
13:05:51 INFO  State of operation 20610674 : EXECUTING
13:05:53 INFO  State of operation 20610674 : EXECUTING
13:05:55 INFO  State of operation 20610674 : EXECUTING
13:05:57 INFO  State of operation 20610674 : EXECUTING
13:05:59 INFO  State of operation 20610674 : EXECUTING
13:06:02 INFO  State of operation 20610674 : EXECUTING
13:06:05 INFO  State of operation 20610674 : EXECUTING
13:06:07 INFO  State of operation 20610674 : EXECUTING
13:06:10 INFO  State of operation 20610674 : EXECUTING
13:06:12 INFO  State of operation 20610674 : EXECUTING
13:06:14 INFO  State of operation 20610674 : EXECUTING
13:06:16 INFO  State of operation 20610674 : EXECUTING
13:06:19 INFO  State of operation 20610674 : EXECUTING
13:06:21 INFO  State of operation 20610674 : EXECUTING
13:06:23 INFO  State of operation 20610674 : EXECUTING
13:06:26 INFO  State of operation 20610674 : EXECUTING
13:06:28 INFO  State of operation 20610674 : EXECUTING
13:06:31 INFO  State of operation 20610674 : EXECUTING
13:06:33 INFO  State of operation 20610674 : EXECUTING
13:06:35 INFO  State of operation 20610674 : EXECUTING
13:06:38 INFO  State of operation 20610674 : EXECUTING
13:06:40 INFO  State of operation 20610674 : EXECUTING
13:06:42 INFO  State of operation 20610674 : EXECUTING
13:06:44 INFO  State of operation 20610674 : EXECUTING
13:06:47 INFO  State of operation 20610674 : EXECUTING
13:06:49 INFO  State of operation 20610674 : EXECUTING
13:06:52 INFO  State of operation 20610674 : EXECUTING
13:06:54 INFO  State of operation 20610674 : SUCCESSFUL
13:06:54 INFO  Assert that (False == value) with value=False ... passed
13:06:54 INFO  Assert that (False == value) with value=False ... passed
13:06:55 INFO  Assert that (False == value) with value=False ... passed
13:06:55 INFO  Assert that (False == value) with value=False ... passed
13:06:55 INFO  
13:06:55 INFO  cleanup:
13:06:59 INFO  Executed sudo&lt;tedge_disconnect_c8y&gt;, exit status 0
13:06:59 INFO  Executed systemctl&lt;serv_mapper5&gt;, exit status 3
13:06:59 INFO  
13:06:59 INFO  Test duration: 139.33 secs
13:06:59 INFO  Test final outcome:  FAILED
13:06:59 INFO  Test outcome reason: Assert that (False == value) with value=True (+2 other failures)
13:06:59 INFO  
</system-out>
	</testcase>
</testsuite>
