<?xml version="1.0" encoding="utf-8"?>
<testsuite failures="0" name="SoftwareManagement.sm_fake_install_remove_multiple" skipped="0" tests="1" time="50.17" timestamp="2022-07-21T14:41:35">
	<testcase classname="PySysTest" name="SoftwareManagement.sm_fake_install_remove_multiple"/>
</testsuite>
