<?xml version="1.0" encoding="utf-8"?>
<testsuite failures="0" name="SoftwareManagement.sm_fake_install_remove_multiple" skipped="0" tests="1" time="45.2" timestamp="2022-07-01T08:12:00">
	<testcase classname="PySysTest" name="SoftwareManagement.sm_fake_install_remove_multiple"/>
</testsuite>
