<?xml version="1.0" encoding="utf-8"?>
<testsuite failures="1" name="SoftwareManagement.sm_mixed_install_remove_multiple" skipped="0" tests="1" time="164.95" timestamp="2022-07-22T10:45:18">
	<testcase classname="PySysTest" name="SoftwareManagement.sm_mixed_install_remove_multiple">
		<failure message="FAILED: Assert that (False == value) with value=True" type="FAILED"/>
		<system-out>10:42:33 INFO  ==============================================================
10:42:33 INFO  Id:    SoftwareManagement.sm_mixed_install_remove_multiple
10:42:33 INFO  Dir:   software_management_end_to_end/
10:42:33 INFO  Title: Validate end to end behaviour for the dummy-plugin for multiple packages with mixed versions
10:42:33 INFO  ==============================================================
10:42:33 INFO  Using sw id database: {'asciijump': '5475369', 'robotfindskitten': '5474869', 'squirrel3': '5475279', 'rolldice': '5152439', 'moon-buggy': '5439204', 'apple': '5495053', 'banana': '5494888', 'cherry': '5495382', 'watermelon': '5494510', 'registry': '8018911', 'hello-world': '8021526', 'docker/getting-started': '8021973', 'alpine': '7991792'}
10:42:33 INFO  EnvironmentC8y Setup
10:42:33 INFO  Executed systemctl&lt;serv_mapper1&gt;, exit status 3
10:42:33 INFO  Restarting mosquitto too frequently in the last 10 seconds. It was only up for 5 seconds
10:42:33 INFO  Delaying execution by 6 seconds
10:42:53 INFO  Executed sudo&lt;tedge_connect_c8y&gt;, exit status 0, duration 14 secs
10:42:54 INFO  Executed sudo&lt;tedge_connect_c8y_test&gt;, exit status 0
10:42:55 INFO  Executed systemctl&lt;serv_mosq2&gt;, exit status 0
10:42:55 INFO  Executed systemctl&lt;serv_mapper3&gt;, exit status 0
10:42:57 INFO  State of current operation: SUCCESSFUL
10:42:58 INFO  Package apple is installed
10:42:58 INFO  Assert that (True == value) with value=True ... passed
10:42:58 INFO  Package banana is installed
10:42:58 INFO  Assert that (True == value) with value=True ... passed
10:42:58 INFO  Package cherry is installed
10:42:58 INFO  Assert that (True == value) with value=True ... passed
10:42:58 INFO  Package asciijump is installed
10:42:58 WARN  Assert that (False == value) with value=True ... failed 
10:42:59 INFO  Assert that (False == value) with value=False ... passed
10:42:59 INFO  Response status: 201
10:42:59 INFO  Response to action: {
    &quot;creationTime&quot;: &quot;2022-07-22T10:42:59.255Z&quot;,
    &quot;deviceId&quot;: &quot;21263449&quot;,
    &quot;deviceName&quot;: &quot;m32sd10a&quot;,
    &quot;self&quot;: &quot;https://t493319102.eu-latest.cumulocity.com/devicecontrol/operations/21278122&quot;,
    &quot;id&quot;: &quot;21278122&quot;,
    &quot;status&quot;: &quot;PENDING&quot;,
    &quot;description&quot;: &quot;Apply software changes, triggered from PySys: [{'action': 'install', 'id': '5495053', 'name': 'apple', 'url': ' ', 'version': '::fruits'}, {'action': 'install', 'id': '5494888', 'name': 'banana', 'url': ' ', 'version': '::fruits'}, {'action': 'install', 'id': '5475369', 'name': 'asciijump', 'url': ' ', 'version': '::apt'}, {'action': 'install', 'id': '5495382', 'name': 'cherry', 'url': ' ', 'version': '::fruits'}, {'action': 'install', 'id': '8018911', 'name': 'registry', 'url': ' ', 'version': '::docker'}]&quot;,
    &quot;c8y_SoftwareUpdate&quot;: [
        {
            &quot;name&quot;: &quot;apple&quot;,
            &quot;action&quot;: &quot;install&quot;,
            &quot;id&quot;: &quot;5495053&quot;,
            &quot;version&quot;: &quot;::fruits&quot;,
            &quot;url&quot;: &quot; &quot;
        },
        {
            &quot;name&quot;: &quot;banana&quot;,
            &quot;action&quot;: &quot;install&quot;,
            &quot;id&quot;: &quot;5494888&quot;,
            &quot;version&quot;: &quot;::fruits&quot;,
            &quot;url&quot;: &quot; &quot;
        },
        {
            &quot;name&quot;: &quot;asciijump&quot;,
            &quot;action&quot;: &quot;install&quot;,
            &quot;id&quot;: &quot;5475369&quot;,
            &quot;version&quot;: &quot;::apt&quot;,
            &quot;url&quot;: &quot; &quot;
        },
        {
            &quot;name&quot;: &quot;cherry&quot;,
            &quot;action&quot;: &quot;install&quot;,
            &quot;id&quot;: &quot;5495382&quot;,
            &quot;version&quot;: &quot;::fruits&quot;,
            &quot;url&quot;: &quot; &quot;
        },
        {
            &quot;name&quot;: &quot;registry&quot;,
            &quot;action&quot;: &quot;install&quot;,
            &quot;id&quot;: &quot;8018911&quot;,
            &quot;version&quot;: &quot;::docker&quot;,
            &quot;url&quot;: &quot; &quot;
        }
    ]
}
10:42:59 INFO  Started operation: {'creationTime': '2022-07-22T10:42:59.255Z', 'deviceId': '21263449', 'deviceName': 'm32sd10a', 'self': 'https://t493319102.eu-latest.cumulocity.com/devicecontrol/operations/21278122', 'id': '21278122', 'status': 'PENDING', 'description': &quot;Apply software changes, triggered from PySys: [{'action': 'install', 'id': '5495053', 'name': 'apple', 'url': ' ', 'version': '::fruits'}, {'action': 'install', 'id': '5494888', 'name': 'banana', 'url': ' ', 'version': '::fruits'}, {'action': 'install', 'id': '5475369', 'name': 'asciijump', 'url': ' ', 'version': '::apt'}, {'action': 'install', 'id': '5495382', 'name': 'cherry', 'url': ' ', 'version': '::fruits'}, {'action': 'install', 'id': '8018911', 'name': 'registry', 'url': ' ', 'version': '::docker'}]&quot;, 'c8y_SoftwareUpdate': [{'name': 'apple', 'action': 'install', 'id': '5495053', 'version': '::fruits', 'url': ' '}, {'name': 'banana', 'action': 'install', 'id': '5494888', 'version': '::fruits', 'url': ' '}, {'name': 'asciijump', 'action': 'install', 'id': '5475369', 'version': '::apt', 'url': ' '}, {'name': 'cherry', 'action': 'install', 'id': '5495382', 'version': '::fruits', 'url': ' '}, {'name': 'registry', 'action': 'install', 'id': '8018911', 'version': '::docker', 'url': ' '}]}
10:43:01 INFO  State of operation 21278122 : PENDING
10:43:03 INFO  State of operation 21278122 : EXECUTING
10:43:05 INFO  State of operation 21278122 : EXECUTING
10:43:08 INFO  State of operation 21278122 : EXECUTING
10:43:10 INFO  State of operation 21278122 : EXECUTING
10:43:12 INFO  State of operation 21278122 : EXECUTING
10:43:15 INFO  State of operation 21278122 : EXECUTING
10:43:18 INFO  State of operation 21278122 : EXECUTING
10:43:20 INFO  State of operation 21278122 : EXECUTING
10:43:22 INFO  State of operation 21278122 : EXECUTING
10:43:25 INFO  State of operation 21278122 : EXECUTING
10:43:27 INFO  State of operation 21278122 : EXECUTING
10:43:29 INFO  State of operation 21278122 : EXECUTING
10:43:31 INFO  State of operation 21278122 : EXECUTING
10:43:34 INFO  State of operation 21278122 : EXECUTING
10:43:36 INFO  State of operation 21278122 : EXECUTING
10:43:38 INFO  State of operation 21278122 : EXECUTING
10:43:41 INFO  State of operation 21278122 : EXECUTING
10:43:43 INFO  State of operation 21278122 : EXECUTING
10:43:45 INFO  State of operation 21278122 : EXECUTING
10:43:48 INFO  State of operation 21278122 : EXECUTING
10:43:50 INFO  State of operation 21278122 : EXECUTING
10:43:52 INFO  State of operation 21278122 : EXECUTING
10:43:54 INFO  State of operation 21278122 : EXECUTING
10:43:57 INFO  State of operation 21278122 : EXECUTING
10:43:59 INFO  State of operation 21278122 : SUCCESSFUL
10:43:59 INFO  Package apple is installed
10:43:59 INFO  Assert that (True == value) with value=True ... passed
10:43:59 INFO  Package banana is installed
10:43:59 INFO  Assert that (True == value) with value=True ... passed
10:43:59 INFO  Package cherry is installed
10:43:59 INFO  Assert that (True == value) with value=True ... passed
10:44:00 INFO  Package asciijump is installed
10:44:00 INFO  Assert that (True == value) with value=True ... passed
10:44:00 INFO  Package registry is installed
10:44:00 INFO  Assert that (True == value) with value=True ... passed
10:44:00 INFO  Response status: 201
10:44:00 INFO  Response to action: {
    &quot;creationTime&quot;: &quot;2022-07-22T10:44:00.589Z&quot;,
    &quot;deviceId&quot;: &quot;21263449&quot;,
    &quot;deviceName&quot;: &quot;m32sd10a&quot;,
    &quot;self&quot;: &quot;https://t493319102.eu-latest.cumulocity.com/devicecontrol/operations/21278128&quot;,
    &quot;id&quot;: &quot;21278128&quot;,
    &quot;status&quot;: &quot;PENDING&quot;,
    &quot;description&quot;: &quot;Apply software changes, triggered from PySys: [{'action': 'delete', 'id': '5495053', 'name': 'apple', 'url': ' ', 'version': '::fruits'}, {'action': 'delete', 'id': '5494888', 'name': 'banana', 'url': ' ', 'version': '::fruits'}, {'action': 'delete', 'id': '5475369', 'name': 'asciijump', 'url': ' ', 'version': '::apt'}, {'action': 'delete', 'id': '5495382', 'name': 'cherry', 'url': ' ', 'version': '::fruits'}, {'action': 'delete', 'id': '8018911', 'name': 'registry', 'url': ' ', 'version': '::docker'}]&quot;,
    &quot;c8y_SoftwareUpdate&quot;: [
        {
            &quot;name&quot;: &quot;apple&quot;,
            &quot;action&quot;: &quot;delete&quot;,
            &quot;id&quot;: &quot;5495053&quot;,
            &quot;version&quot;: &quot;::fruits&quot;,
            &quot;url&quot;: &quot; &quot;
        },
        {
            &quot;name&quot;: &quot;banana&quot;,
            &quot;action&quot;: &quot;delete&quot;,
            &quot;id&quot;: &quot;5494888&quot;,
            &quot;version&quot;: &quot;::fruits&quot;,
            &quot;url&quot;: &quot; &quot;
        },
        {
            &quot;name&quot;: &quot;asciijump&quot;,
            &quot;action&quot;: &quot;delete&quot;,
            &quot;id&quot;: &quot;5475369&quot;,
            &quot;version&quot;: &quot;::apt&quot;,
            &quot;url&quot;: &quot; &quot;
        },
        {
            &quot;name&quot;: &quot;cherry&quot;,
            &quot;action&quot;: &quot;delete&quot;,
            &quot;id&quot;: &quot;5495382&quot;,
            &quot;version&quot;: &quot;::fruits&quot;,
            &quot;url&quot;: &quot; &quot;
        },
        {
            &quot;name&quot;: &quot;registry&quot;,
            &quot;action&quot;: &quot;delete&quot;,
            &quot;id&quot;: &quot;8018911&quot;,
            &quot;version&quot;: &quot;::docker&quot;,
            &quot;url&quot;: &quot; &quot;
        }
    ]
}
10:44:00 INFO  Started operation: {'creationTime': '2022-07-22T10:44:00.589Z', 'deviceId': '21263449', 'deviceName': 'm32sd10a', 'self': 'https://t493319102.eu-latest.cumulocity.com/devicecontrol/operations/21278128', 'id': '21278128', 'status': 'PENDING', 'description': &quot;Apply software changes, triggered from PySys: [{'action': 'delete', 'id': '5495053', 'name': 'apple', 'url': ' ', 'version': '::fruits'}, {'action': 'delete', 'id': '5494888', 'name': 'banana', 'url': ' ', 'version': '::fruits'}, {'action': 'delete', 'id': '5475369', 'name': 'asciijump', 'url': ' ', 'version': '::apt'}, {'action': 'delete', 'id': '5495382', 'name': 'cherry', 'url': ' ', 'version': '::fruits'}, {'action': 'delete', 'id': '8018911', 'name': 'registry', 'url': ' ', 'version': '::docker'}]&quot;, 'c8y_SoftwareUpdate': [{'name': 'apple', 'action': 'delete', 'id': '5495053', 'version': '::fruits', 'url': ' '}, {'name': 'banana', 'action': 'delete', 'id': '5494888', 'version': '::fruits', 'url': ' '}, {'name': 'asciijump', 'action': 'delete', 'id': '5475369', 'version': '::apt', 'url': ' '}, {'name': 'cherry', 'action': 'delete', 'id': '5495382', 'version': '::fruits', 'url': ' '}, {'name': 'registry', 'action': 'delete', 'id': '8018911', 'version': '::docker', 'url': ' '}]}
10:44:02 INFO  State of operation 21278128 : PENDING
10:44:05 INFO  State of operation 21278128 : EXECUTING
10:44:07 INFO  State of operation 21278128 : EXECUTING
10:44:09 INFO  State of operation 21278128 : EXECUTING
10:44:11 INFO  State of operation 21278128 : EXECUTING
10:44:13 INFO  State of operation 21278128 : EXECUTING
10:44:16 INFO  State of operation 21278128 : EXECUTING
10:44:19 INFO  State of operation 21278128 : EXECUTING
10:44:21 INFO  State of operation 21278128 : EXECUTING
10:44:24 INFO  State of operation 21278128 : EXECUTING
10:44:26 INFO  State of operation 21278128 : EXECUTING
10:44:28 INFO  State of operation 21278128 : EXECUTING
10:44:31 INFO  State of operation 21278128 : EXECUTING
10:44:33 INFO  State of operation 21278128 : EXECUTING
10:44:35 INFO  State of operation 21278128 : EXECUTING
10:44:37 INFO  State of operation 21278128 : EXECUTING
10:44:41 INFO  State of operation 21278128 : EXECUTING
10:44:44 INFO  State of operation 21278128 : EXECUTING
10:44:46 INFO  State of operation 21278128 : EXECUTING
10:44:48 INFO  State of operation 21278128 : EXECUTING
10:44:51 INFO  State of operation 21278128 : EXECUTING
10:44:53 INFO  State of operation 21278128 : EXECUTING
10:44:56 INFO  State of operation 21278128 : EXECUTING
10:44:58 INFO  State of operation 21278128 : EXECUTING
10:45:00 INFO  State of operation 21278128 : EXECUTING
10:45:02 INFO  State of operation 21278128 : EXECUTING
10:45:05 INFO  State of operation 21278128 : EXECUTING
10:45:07 INFO  State of operation 21278128 : EXECUTING
10:45:09 INFO  State of operation 21278128 : EXECUTING
10:45:12 INFO  State of operation 21278128 : SUCCESSFUL
10:45:12 INFO  Package apple is installed
10:45:12 INFO  Assert that (True == value) with value=True ... passed
10:45:12 INFO  Package banana is installed
10:45:12 INFO  Assert that (True == value) with value=True ... passed
10:45:12 INFO  Package cherry is installed
10:45:12 INFO  Assert that (True == value) with value=True ... passed
10:45:12 INFO  Assert that (False == value) with value=False ... passed
10:45:13 INFO  Assert that (False == value) with value=False ... passed
10:45:13 INFO  
10:45:13 INFO  cleanup:
10:45:17 INFO  Executed sudo&lt;tedge_disconnect_c8y&gt;, exit status 0
10:45:18 INFO  Executed systemctl&lt;serv_mapper5&gt;, exit status 3
10:45:18 INFO  
10:45:18 INFO  Test duration: 164.95 secs
10:45:18 INFO  Test final outcome:  FAILED
10:45:18 INFO  Test outcome reason: Assert that (False == value) with value=True
10:45:18 INFO  
</system-out>
	</testcase>
</testsuite>
