<?xml version="1.0" encoding="utf-8"?>
<testsuite failures="1" name="SoftwareManagement.sm_fake_install_remove" skipped="0" tests="1" time="165.94" timestamp="2022-05-23T12:34:51">
	<testcase classname="PySysTest" name="SoftwareManagement.sm_fake_install_remove">
		<failure message="BLOCKED: SystemError: Timeout while waiting for status FAILED or SUCCESSFUL" type="BLOCKED"/>
		<system-out>12:32:05 INFO  ==============================================================
12:32:05 INFO  Id:    SoftwareManagement.sm_fake_install_remove
12:32:05 INFO  Dir:   software_management_end_to_end/
12:32:05 INFO  Title: Validate end to end behaviour for the dummy plugin for installation and removal of packages
12:32:05 INFO  ==============================================================
12:32:05 INFO  Using sw id database: {'asciijump': '5475369', 'robotfindskitten': '5474869', 'squirrel3': '5475279', 'rolldice': '5152439', 'moon-buggy': '5439204', 'apple': '5495053', 'banana': '5494888', 'cherry': '5495382', 'watermelon': '5494510', 'registry': '8018911', 'hello-world': '8021526', 'docker/getting-started': '8021973', 'alpine': '7991792'}
12:32:05 INFO  EnvironmentC8y Setup
12:32:05 INFO  Executed systemctl&lt;serv_mapper1&gt;, exit status 3
12:32:06 INFO  Restarting mosquitto too frequently in the last 10 seconds. It was only up for 5 seconds
12:32:06 INFO  Delaying execution by 6 seconds
12:32:26 INFO  Executed sudo&lt;tedge_connect_c8y&gt;, exit status 0, duration 14 secs
12:32:27 INFO  Executed sudo&lt;tedge_connect_c8y_test&gt;, exit status 0
12:32:27 INFO  Executed systemctl&lt;serv_mosq2&gt;, exit status 0
12:32:28 INFO  Executed systemctl&lt;serv_mapper3&gt;, exit status 0
12:32:30 INFO  State of current operation: PENDING
12:32:32 INFO  State of current operation: PENDING
12:32:34 INFO  State of current operation: PENDING
12:32:36 INFO  State of current operation: PENDING
12:32:39 INFO  State of current operation: PENDING
12:32:41 INFO  State of current operation: PENDING
12:32:43 INFO  State of current operation: PENDING
12:32:45 INFO  State of current operation: PENDING
12:32:48 INFO  State of current operation: PENDING
12:32:50 INFO  State of current operation: PENDING
12:32:52 INFO  State of current operation: PENDING
12:32:55 INFO  State of current operation: PENDING
12:32:57 INFO  State of current operation: PENDING
12:32:59 INFO  State of current operation: PENDING
12:33:01 INFO  State of current operation: PENDING
12:33:04 INFO  State of current operation: PENDING
12:33:06 INFO  State of current operation: PENDING
12:33:08 INFO  State of current operation: PENDING
12:33:10 INFO  State of current operation: PENDING
12:33:12 INFO  State of current operation: PENDING
12:33:15 INFO  State of current operation: PENDING
12:33:17 INFO  State of current operation: PENDING
12:33:19 INFO  State of current operation: PENDING
12:33:21 INFO  State of current operation: PENDING
12:33:24 INFO  State of current operation: PENDING
12:33:26 INFO  State of current operation: PENDING
12:33:28 INFO  State of current operation: PENDING
12:33:30 INFO  State of current operation: PENDING
12:33:33 INFO  State of current operation: PENDING
12:33:35 INFO  State of current operation: PENDING
12:33:37 INFO  State of current operation: PENDING
12:33:39 INFO  State of current operation: PENDING
12:33:41 INFO  State of current operation: PENDING
12:33:44 INFO  State of current operation: PENDING
12:33:46 INFO  State of current operation: PENDING
12:33:48 INFO  State of current operation: PENDING
12:33:50 INFO  State of current operation: PENDING
12:33:53 INFO  State of current operation: PENDING
12:33:55 INFO  State of current operation: PENDING
12:33:57 INFO  State of current operation: PENDING
12:33:59 INFO  State of current operation: PENDING
12:34:02 INFO  State of current operation: PENDING
12:34:04 INFO  State of current operation: PENDING
12:34:06 INFO  State of current operation: PENDING
12:34:08 INFO  State of current operation: PENDING
12:34:11 INFO  State of current operation: PENDING
12:34:13 INFO  State of current operation: PENDING
12:34:15 INFO  State of current operation: PENDING
12:34:17 INFO  State of current operation: PENDING
12:34:20 INFO  State of current operation: PENDING
12:34:22 INFO  State of current operation: PENDING
12:34:24 INFO  State of current operation: PENDING
12:34:26 INFO  State of current operation: PENDING
12:34:28 INFO  State of current operation: PENDING
12:34:31 INFO  State of current operation: PENDING
12:34:33 INFO  State of current operation: PENDING
12:34:35 INFO  State of current operation: PENDING
12:34:37 INFO  State of current operation: PENDING
12:34:40 INFO  State of current operation: PENDING
12:34:42 INFO  State of current operation: PENDING
12:34:44 INFO  State of current operation: PENDING
12:34:46 WARN  SystemError occurred while running test - Timeout while waiting for status FAILED or SUCCESSFUL
Traceback (most recent call last):
  File &quot;/home/pi/env-pysys/lib/python3.7/site-packages/pysys/baserunner.py&quot;, line 1292, in __call__
    self.testObj.setup()
  File &quot;/home/pi/actions-runner/_work/thin-edge.io/thin-edge.io/tests/PySys/software_management_end_to_end/sm_fake_install_remove/run.py&quot;, line 38, in setup
    super().setup()
  File &quot;/home/pi/actions-runner/_work/thin-edge.io/thin-edge.io/tests/PySys/software_management_end_to_end/environment_sm_management.py&quot;, line 151, in setup
    self.wait_until_end()
  File &quot;/home/pi/actions-runner/_work/thin-edge.io/thin-edge.io/tests/PySys/software_management_end_to_end/environment_sm_management.py&quot;, line 332, in wait_until_end
    self.wait_until_status(&quot;FAILED&quot;, &quot;SUCCESSFUL&quot;)
  File &quot;/home/pi/actions-runner/_work/thin-edge.io/thin-edge.io/tests/PySys/software_management_end_to_end/environment_sm_management.py&quot;, line 381, in wait_until_status
    &quot;Timeout while waiting for status %s or %s&quot; % (status, status2)
SystemError: Timeout while waiting for status FAILED or SUCCESSFUL
12:34:46 WARN  SystemError: Timeout while waiting for status FAILED or SUCCESSFUL ... blocked 
12:34:46 INFO  
12:34:46 INFO  cleanup:
12:34:50 INFO  Executed sudo&lt;tedge_disconnect_c8y&gt;, exit status 0
12:34:51 INFO  Executed systemctl&lt;serv_mapper5&gt;, exit status 3
12:34:51 INFO  
12:34:51 INFO  Test duration: 165.94 secs
12:34:51 INFO  Test final outcome:  BLOCKED
12:34:51 INFO  Test outcome reason: SystemError: Timeout while waiting for status FAILED or SUCCESSFUL
12:34:51 INFO  
</system-out>
	</testcase>
</testsuite>
