<?xml version="1.0" encoding="utf-8"?>
<testsuite failures="1" name="SoftwareManagement.sm_apt_install_download_path" skipped="0" tests="1" time="187.95" timestamp="2022-05-24T11:49:57">
	<testcase classname="AptInstallWithDownloadPath" name="SoftwareManagement.sm_apt_install_download_path">
		<failure message="BLOCKED: SystemError: Timeout while waiting for status FAILED or SUCCESSFUL" type="BLOCKED"/>
		<system-out>11:46:49 INFO  ==============================================================
11:46:49 INFO  Id:    SoftwareManagement.sm_apt_install_download_path
11:46:49 INFO  Dir:   software_management_end_to_end/
11:46:49 INFO  Title: Install package to directory specified in tedge config set tmp.path
11:46:49 INFO  ==============================================================
11:46:51 INFO  Using sw id database: {'asciijump': '5475369', 'robotfindskitten': '5474869', 'squirrel3': '5475279', 'rolldice': '5152439', 'moon-buggy': '5439204', 'apple': '5495053', 'banana': '5494888', 'cherry': '5495382', 'watermelon': '5494510', 'registry': '8018911', 'hello-world': '8021526', 'docker/getting-started': '8021973', 'alpine': '7991792'}
11:46:51 INFO  EnvironmentC8y Setup
11:46:51 INFO  Executed systemctl&lt;serv_mapper1&gt;, exit status 3
11:47:05 INFO  Executed sudo&lt;tedge_connect_c8y&gt;, exit status 0, duration 14 secs
11:47:06 INFO  Executed sudo&lt;tedge_connect_c8y_test&gt;, exit status 0
11:47:07 INFO  Executed systemctl&lt;serv_mosq2&gt;, exit status 0
11:47:07 INFO  Executed systemctl&lt;serv_mapper3&gt;, exit status 0
11:47:09 INFO  State of current operation: PENDING
11:47:12 INFO  State of current operation: PENDING
11:47:14 INFO  State of current operation: PENDING
11:47:16 INFO  State of current operation: PENDING
11:47:18 INFO  State of current operation: PENDING
11:47:21 INFO  State of current operation: PENDING
11:47:23 INFO  State of current operation: PENDING
11:47:25 INFO  State of current operation: PENDING
11:47:27 INFO  State of current operation: PENDING
11:47:30 INFO  State of current operation: PENDING
11:47:32 INFO  State of current operation: PENDING
11:47:34 INFO  State of current operation: PENDING
11:47:36 INFO  State of current operation: PENDING
11:47:39 INFO  State of current operation: PENDING
11:47:41 INFO  State of current operation: PENDING
11:47:43 INFO  State of current operation: PENDING
11:47:45 INFO  State of current operation: PENDING
11:47:47 INFO  State of current operation: PENDING
11:47:50 INFO  State of current operation: PENDING
11:47:52 INFO  State of current operation: PENDING
11:47:54 INFO  State of current operation: PENDING
11:47:56 INFO  State of current operation: PENDING
11:47:59 INFO  State of current operation: PENDING
11:48:01 INFO  State of current operation: PENDING
11:48:03 INFO  State of current operation: PENDING
11:48:05 INFO  State of current operation: PENDING
11:48:07 INFO  State of current operation: PENDING
11:48:10 INFO  State of current operation: PENDING
11:48:12 INFO  State of current operation: PENDING
11:48:14 INFO  State of current operation: PENDING
11:48:16 INFO  State of current operation: PENDING
11:48:19 INFO  State of current operation: PENDING
11:48:21 INFO  State of current operation: PENDING
11:48:23 INFO  State of current operation: PENDING
11:48:25 INFO  State of current operation: PENDING
11:48:28 INFO  State of current operation: PENDING
11:48:30 INFO  State of current operation: PENDING
11:48:32 INFO  State of current operation: PENDING
11:48:34 INFO  State of current operation: PENDING
11:48:37 INFO  State of current operation: PENDING
11:48:39 INFO  State of current operation: PENDING
11:48:41 INFO  State of current operation: PENDING
11:48:43 INFO  State of current operation: PENDING
11:48:46 INFO  State of current operation: PENDING
11:48:48 INFO  State of current operation: PENDING
11:48:50 INFO  State of current operation: PENDING
11:48:52 INFO  State of current operation: PENDING
11:48:54 INFO  State of current operation: PENDING
11:48:57 INFO  State of current operation: PENDING
11:48:59 INFO  State of current operation: PENDING
11:49:01 INFO  State of current operation: PENDING
11:49:03 INFO  State of current operation: PENDING
11:49:06 INFO  State of current operation: PENDING
11:49:08 INFO  State of current operation: PENDING
11:49:10 INFO  State of current operation: PENDING
11:49:12 INFO  State of current operation: PENDING
11:49:15 INFO  State of current operation: PENDING
11:49:17 INFO  State of current operation: PENDING
11:49:19 INFO  State of current operation: PENDING
11:49:21 INFO  State of current operation: PENDING
11:49:24 INFO  State of current operation: PENDING
11:49:26 WARN  SystemError occurred while running test - Timeout while waiting for status FAILED or SUCCESSFUL
Traceback (most recent call last):
  File &quot;/home/pi/env-pysys/lib/python3.7/site-packages/pysys/baserunner.py&quot;, line 1292, in __call__
    self.testObj.setup()
  File &quot;/home/pi/actions-runner/_work/thin-edge.io/thin-edge.io/tests/PySys/software_management_end_to_end/sm_apt_install_download_path/run.py&quot;, line 48, in setup
    super().setup()
  File &quot;/home/pi/actions-runner/_work/thin-edge.io/thin-edge.io/tests/PySys/software_management_end_to_end/environment_sm_management.py&quot;, line 151, in setup
    self.wait_until_end()
  File &quot;/home/pi/actions-runner/_work/thin-edge.io/thin-edge.io/tests/PySys/software_management_end_to_end/environment_sm_management.py&quot;, line 332, in wait_until_end
    self.wait_until_status(&quot;FAILED&quot;, &quot;SUCCESSFUL&quot;)
  File &quot;/home/pi/actions-runner/_work/thin-edge.io/thin-edge.io/tests/PySys/software_management_end_to_end/environment_sm_management.py&quot;, line 381, in wait_until_status
    &quot;Timeout while waiting for status %s or %s&quot; % (status, status2)
SystemError: Timeout while waiting for status FAILED or SUCCESSFUL
11:49:26 WARN  SystemError: Timeout while waiting for status FAILED or SUCCESSFUL ... blocked 
11:49:26 INFO  
11:49:26 INFO  cleanup:
11:49:26 INFO  Executed sudo, exit status 0
11:49:27 INFO  Executed sudo, exit status 0
11:49:31 INFO  Executed sudo&lt;tedge_disconnect_c8y&gt;, exit status 0
11:49:31 INFO  Restarting mosquitto too frequently in the last 10 seconds. It was only up for 4 seconds
11:49:31 INFO  Delaying execution by 7 seconds
11:49:52 INFO  Executed sudo&lt;tedge_connect_c8y&gt;, exit status 0, duration 14 secs
11:49:57 INFO  Executed sudo&lt;tedge_disconnect_c8y&gt;, exit status 0
11:49:57 INFO  Executed systemctl&lt;serv_mapper5&gt;, exit status 3
11:49:57 INFO  
11:49:57 INFO  Test duration: 187.95 secs
11:49:57 INFO  Test final outcome:  BLOCKED
11:49:57 INFO  Test outcome reason: SystemError: Timeout while waiting for status FAILED or SUCCESSFUL
11:49:57 INFO  
</system-out>
	</testcase>
</testsuite>
