<?xml version="1.0" encoding="utf-8"?>
<testsuite failures="1" name="SoftwareManagement.Plugin.apama_plugin_update" skipped="0" tests="1" time="21.55" timestamp="2022-05-20T12:11:04">
	<testcase classname="ApamaPluginUpdateTest" name="SoftwareManagement.Plugin.apama_plugin_update">
		<failure message="BLOCKED: sudo&lt;plugin_install&gt; returned non-zero exit code 2" type="BLOCKED"/>
		<system-out>12:10:43 INFO  ==============================================================
12:10:43 INFO  Id:    SoftwareManagement.Plugin.apama_plugin_update
12:10:43 INFO  Dir:   plugin_apama/
12:10:43 INFO  Title: Validate apama plugin updating one project with another
12:10:43 INFO  ==============================================================
12:10:43 INFO  Assertion that path exists=False for &quot;/etc/tedge/apama/project&quot; ... passed
12:10:43 INFO  Executed sudo&lt;create_project_dir&gt;, exit status 0
12:10:44 INFO  Executed sudo&lt;unzip_apama_project&gt;, exit status 0
12:10:44 INFO  Executed sudo&lt;move_apama_project&gt;, exit status 0
12:10:45 INFO  Executed sudo&lt;restart_apama_service&gt;, exit status 0
12:10:46 INFO  Executed sudo&lt;apama_correlator_wait&gt;, exit status 0
12:10:46 INFO  Assertion that path exists=True for &quot;/etc/tedge/apama/project&quot; ... passed
12:10:47 INFO  Executed sudo&lt;apama_list_monitors&gt;, exit status 0
12:10:47 INFO  Grep on file /home/pi/actions-runner/_work/thin-edge.io/thin-edge.io/tests/PySys/plugin_apama/apama_plugin_update/Output/linux/apama_list_monitors.out ... passed
12:10:47 WARN  Executed sudo&lt;plugin_install&gt;, exit status 2
12:10:47 INFO  Contents of plugin_install.err: 
  ERROR: Directory not empty (os error 39)
  -----

12:10:48 WARN  sudo&lt;plugin_install&gt; returned non-zero exit code 2 ... blocked [run.py:35]
12:10:48 WARN  Aborted test due to BLOCKED outcome
12:10:48 INFO  
12:10:48 INFO  cleanup:
12:10:48 INFO  Removing apama project
12:11:03 INFO  Executed sudo&lt;stop_apama_service&gt;, exit status 0, duration 15 secs
12:11:04 INFO  Executed sudo&lt;remove_apama_project&gt;, exit status 0
12:11:04 INFO  Executed sudo&lt;remove_apama_tmp_dir&gt;, exit status 0
12:11:04 INFO  
12:11:04 INFO  Test duration: 21.55 secs
12:11:04 INFO  Test final outcome:  BLOCKED
12:11:04 INFO  Test outcome reason: sudo&lt;plugin_install&gt; returned non-zero exit code 2
12:11:04 INFO  
</system-out>
	</testcase>
</testsuite>
