<?xml version="1.0" encoding="utf-8"?>
<testsuite failures="1" name="SoftwareManagement.sm_apt_install_fail" skipped="0" tests="1" time="166.79" timestamp="2022-05-25T12:00:55">
	<testcase classname="PySysTest" name="SoftwareManagement.sm_apt_install_fail">
		<failure message="BLOCKED: SystemError: Timeout while waiting for status FAILED or SUCCESSFUL" type="BLOCKED"/>
		<system-out>11:58:08 INFO  ==============================================================
11:58:08 INFO  Id:    SoftwareManagement.sm_apt_install_fail
11:58:08 INFO  Dir:   software_management_end_to_end/
11:58:08 INFO  Title: Validate end to end behaviour for a failing installation
11:58:08 INFO  ==============================================================
11:58:08 INFO  Using sw id database: {'asciijump': '5475369', 'robotfindskitten': '5474869', 'squirrel3': '5475279', 'rolldice': '5152439', 'moon-buggy': '5439204', 'apple': '5495053', 'banana': '5494888', 'cherry': '5495382', 'watermelon': '5494510', 'registry': '8018911', 'hello-world': '8021526', 'docker/getting-started': '8021973', 'alpine': '7991792'}
11:58:08 INFO  EnvironmentC8y Setup
11:58:08 INFO  Executed systemctl&lt;serv_mapper1&gt;, exit status 3
11:58:09 INFO  Restarting mosquitto too frequently in the last 10 seconds. It was only up for 5 seconds
11:58:09 INFO  Delaying execution by 6 seconds
11:58:28 INFO  Executed sudo&lt;tedge_connect_c8y&gt;, exit status 0, duration 13 secs
11:58:29 INFO  Executed sudo&lt;tedge_connect_c8y_test&gt;, exit status 0
11:58:29 INFO  Executed systemctl&lt;serv_mosq2&gt;, exit status 0
11:58:30 INFO  Executed systemctl&lt;serv_mapper3&gt;, exit status 0
11:58:32 INFO  State of current operation: PENDING
11:58:35 INFO  State of current operation: PENDING
11:58:37 INFO  State of current operation: PENDING
11:58:39 INFO  State of current operation: PENDING
11:58:41 INFO  State of current operation: PENDING
11:58:44 INFO  State of current operation: PENDING
11:58:46 INFO  State of current operation: PENDING
11:58:48 INFO  State of current operation: PENDING
11:58:50 INFO  State of current operation: PENDING
11:58:52 INFO  State of current operation: PENDING
11:58:55 INFO  State of current operation: PENDING
11:58:57 INFO  State of current operation: PENDING
11:59:00 INFO  State of current operation: PENDING
11:59:02 INFO  State of current operation: PENDING
11:59:04 INFO  State of current operation: PENDING
11:59:06 INFO  State of current operation: PENDING
11:59:08 INFO  State of current operation: PENDING
11:59:11 INFO  State of current operation: PENDING
11:59:13 INFO  State of current operation: PENDING
11:59:15 INFO  State of current operation: PENDING
11:59:17 INFO  State of current operation: PENDING
11:59:20 INFO  State of current operation: PENDING
11:59:22 INFO  State of current operation: PENDING
11:59:24 INFO  State of current operation: PENDING
11:59:26 INFO  State of current operation: PENDING
11:59:29 INFO  State of current operation: PENDING
11:59:31 INFO  State of current operation: PENDING
11:59:33 INFO  State of current operation: PENDING
11:59:35 INFO  State of current operation: PENDING
11:59:37 INFO  State of current operation: PENDING
11:59:40 INFO  State of current operation: PENDING
11:59:42 INFO  State of current operation: PENDING
11:59:44 INFO  State of current operation: PENDING
11:59:46 INFO  State of current operation: PENDING
11:59:49 INFO  State of current operation: PENDING
11:59:51 INFO  State of current operation: PENDING
11:59:53 INFO  State of current operation: PENDING
11:59:55 INFO  State of current operation: PENDING
11:59:58 INFO  State of current operation: PENDING
12:00:00 INFO  State of current operation: PENDING
12:00:02 INFO  State of current operation: PENDING
12:00:05 INFO  State of current operation: PENDING
12:00:07 INFO  State of current operation: PENDING
12:00:09 INFO  State of current operation: PENDING
12:00:11 INFO  State of current operation: PENDING
12:00:14 INFO  State of current operation: PENDING
12:00:16 INFO  State of current operation: PENDING
12:00:18 INFO  State of current operation: PENDING
12:00:20 INFO  State of current operation: PENDING
12:00:23 INFO  State of current operation: PENDING
12:00:26 INFO  State of current operation: PENDING
12:00:28 INFO  State of current operation: PENDING
12:00:30 INFO  State of current operation: PENDING
12:00:32 INFO  State of current operation: PENDING
12:00:34 INFO  State of current operation: PENDING
12:00:37 INFO  State of current operation: PENDING
12:00:39 INFO  State of current operation: PENDING
12:00:41 INFO  State of current operation: PENDING
12:00:43 INFO  State of current operation: PENDING
12:00:46 INFO  State of current operation: PENDING
12:00:48 INFO  State of current operation: PENDING
12:00:50 WARN  SystemError occurred while running test - Timeout while waiting for status FAILED or SUCCESSFUL
Traceback (most recent call last):
  File &quot;/home/pi/env-pysys/lib/python3.7/site-packages/pysys/baserunner.py&quot;, line 1292, in __call__
    self.testObj.setup()
  File &quot;/home/pi/actions-runner/_work/thin-edge.io/thin-edge.io/tests/PySys/software_management_end_to_end/sm_apt_install_fail/run.py&quot;, line 20, in setup
    super().setup()
  File &quot;/home/pi/actions-runner/_work/thin-edge.io/thin-edge.io/tests/PySys/software_management_end_to_end/environment_sm_management.py&quot;, line 151, in setup
    self.wait_until_end()
  File &quot;/home/pi/actions-runner/_work/thin-edge.io/thin-edge.io/tests/PySys/software_management_end_to_end/environment_sm_management.py&quot;, line 332, in wait_until_end
    self.wait_until_status(&quot;FAILED&quot;, &quot;SUCCESSFUL&quot;)
  File &quot;/home/pi/actions-runner/_work/thin-edge.io/thin-edge.io/tests/PySys/software_management_end_to_end/environment_sm_management.py&quot;, line 381, in wait_until_status
    &quot;Timeout while waiting for status %s or %s&quot; % (status, status2)
SystemError: Timeout while waiting for status FAILED or SUCCESSFUL
12:00:50 WARN  SystemError: Timeout while waiting for status FAILED or SUCCESSFUL ... blocked 
12:00:50 INFO  
12:00:50 INFO  cleanup:
12:00:54 INFO  Executed sudo&lt;tedge_disconnect_c8y&gt;, exit status 0
12:00:55 INFO  Executed systemctl&lt;serv_mapper5&gt;, exit status 3
12:00:55 INFO  
12:00:55 INFO  Test duration: 166.79 secs
12:00:55 INFO  Test final outcome:  BLOCKED
12:00:55 INFO  Test outcome reason: SystemError: Timeout while waiting for status FAILED or SUCCESSFUL
12:00:55 INFO  
</system-out>
	</testcase>
</testsuite>
