<?xml version="1.0" encoding="utf-8"?>
<testsuite failures="1" name="SoftwareManagement.sm_mixed_install_remove_multiple" skipped="0" tests="1" time="167.35" timestamp="2022-06-09T08:21:16">
	<testcase classname="PySysTest" name="SoftwareManagement.sm_mixed_install_remove_multiple">
		<failure message="FAILED: Assert that (False == value) with value=True" type="FAILED"/>
		<system-out>08:18:28 INFO  ==============================================================
08:18:28 INFO  Id:    SoftwareManagement.sm_mixed_install_remove_multiple
08:18:28 INFO  Dir:   software_management_end_to_end/
08:18:28 INFO  Title: Validate end to end behaviour for the dummy-plugin for multiple packages with mixed versions
08:18:28 INFO  ==============================================================
08:18:28 INFO  Using sw id database: {'asciijump': '5475369', 'robotfindskitten': '5474869', 'squirrel3': '5475279', 'rolldice': '5152439', 'moon-buggy': '5439204', 'apple': '5495053', 'banana': '5494888', 'cherry': '5495382', 'watermelon': '5494510', 'registry': '8018911', 'hello-world': '8021526', 'docker/getting-started': '8021973', 'alpine': '7991792'}
08:18:28 INFO  EnvironmentC8y Setup
08:18:29 INFO  Executed systemctl&lt;serv_mapper1&gt;, exit status 3
08:18:29 INFO  Restarting mosquitto too frequently in the last 10 seconds. It was only up for 4 seconds
08:18:29 INFO  Delaying execution by 7 seconds
08:18:50 INFO  Executed sudo&lt;tedge_connect_c8y&gt;, exit status 0, duration 13 secs
08:18:50 INFO  Executed sudo&lt;tedge_connect_c8y_test&gt;, exit status 0
08:18:51 INFO  Executed systemctl&lt;serv_mosq2&gt;, exit status 0
08:18:51 INFO  Executed systemctl&lt;serv_mapper3&gt;, exit status 0
08:18:54 INFO  State of current operation: SUCCESSFUL
08:18:54 INFO  Package apple is installed
08:18:54 INFO  Assert that (True == value) with value=True ... passed
08:18:54 INFO  Package banana is installed
08:18:54 INFO  Assert that (True == value) with value=True ... passed
08:18:54 INFO  Package cherry is installed
08:18:54 INFO  Assert that (True == value) with value=True ... passed
08:18:55 INFO  Package asciijump is installed
08:18:55 WARN  Assert that (False == value) with value=True ... failed 
08:18:55 INFO  Assert that (False == value) with value=False ... passed
08:18:55 INFO  Response status: 201
08:18:55 INFO  Response to action: {
    &quot;creationTime&quot;: &quot;2022-06-09T08:18:55.472Z&quot;,
    &quot;deviceId&quot;: &quot;20070101&quot;,
    &quot;deviceName&quot;: &quot;m32sd10a&quot;,
    &quot;self&quot;: &quot;https://t493319102.eu-latest.cumulocity.com/devicecontrol/operations/20085057&quot;,
    &quot;id&quot;: &quot;20085057&quot;,
    &quot;status&quot;: &quot;PENDING&quot;,
    &quot;description&quot;: &quot;Apply software changes, triggered from PySys: [{'action': 'install', 'id': '5495053', 'name': 'apple', 'url': ' ', 'version': '::fruits'}, {'action': 'install', 'id': '5494888', 'name': 'banana', 'url': ' ', 'version': '::fruits'}, {'action': 'install', 'id': '5475369', 'name': 'asciijump', 'url': ' ', 'version': '::apt'}, {'action': 'install', 'id': '5495382', 'name': 'cherry', 'url': ' ', 'version': '::fruits'}, {'action': 'install', 'id': '8018911', 'name': 'registry', 'url': ' ', 'version': '::docker'}]&quot;,
    &quot;c8y_SoftwareUpdate&quot;: [
        {
            &quot;name&quot;: &quot;apple&quot;,
            &quot;action&quot;: &quot;install&quot;,
            &quot;id&quot;: &quot;5495053&quot;,
            &quot;version&quot;: &quot;::fruits&quot;,
            &quot;url&quot;: &quot; &quot;
        },
        {
            &quot;name&quot;: &quot;banana&quot;,
            &quot;action&quot;: &quot;install&quot;,
            &quot;id&quot;: &quot;5494888&quot;,
            &quot;version&quot;: &quot;::fruits&quot;,
            &quot;url&quot;: &quot; &quot;
        },
        {
            &quot;name&quot;: &quot;asciijump&quot;,
            &quot;action&quot;: &quot;install&quot;,
            &quot;id&quot;: &quot;5475369&quot;,
            &quot;version&quot;: &quot;::apt&quot;,
            &quot;url&quot;: &quot; &quot;
        },
        {
            &quot;name&quot;: &quot;cherry&quot;,
            &quot;action&quot;: &quot;install&quot;,
            &quot;id&quot;: &quot;5495382&quot;,
            &quot;version&quot;: &quot;::fruits&quot;,
            &quot;url&quot;: &quot; &quot;
        },
        {
            &quot;name&quot;: &quot;registry&quot;,
            &quot;action&quot;: &quot;install&quot;,
            &quot;id&quot;: &quot;8018911&quot;,
            &quot;version&quot;: &quot;::docker&quot;,
            &quot;url&quot;: &quot; &quot;
        }
    ]
}
08:18:55 INFO  Started operation: {'creationTime': '2022-06-09T08:18:55.472Z', 'deviceId': '20070101', 'deviceName': 'm32sd10a', 'self': 'https://t493319102.eu-latest.cumulocity.com/devicecontrol/operations/20085057', 'id': '20085057', 'status': 'PENDING', 'description': &quot;Apply software changes, triggered from PySys: [{'action': 'install', 'id': '5495053', 'name': 'apple', 'url': ' ', 'version': '::fruits'}, {'action': 'install', 'id': '5494888', 'name': 'banana', 'url': ' ', 'version': '::fruits'}, {'action': 'install', 'id': '5475369', 'name': 'asciijump', 'url': ' ', 'version': '::apt'}, {'action': 'install', 'id': '5495382', 'name': 'cherry', 'url': ' ', 'version': '::fruits'}, {'action': 'install', 'id': '8018911', 'name': 'registry', 'url': ' ', 'version': '::docker'}]&quot;, 'c8y_SoftwareUpdate': [{'name': 'apple', 'action': 'install', 'id': '5495053', 'version': '::fruits', 'url': ' '}, {'name': 'banana', 'action': 'install', 'id': '5494888', 'version': '::fruits', 'url': ' '}, {'name': 'asciijump', 'action': 'install', 'id': '5475369', 'version': '::apt', 'url': ' '}, {'name': 'cherry', 'action': 'install', 'id': '5495382', 'version': '::fruits', 'url': ' '}, {'name': 'registry', 'action': 'install', 'id': '8018911', 'version': '::docker', 'url': ' '}]}
08:18:57 INFO  State of operation 20085057 : PENDING
08:19:00 INFO  State of operation 20085057 : EXECUTING
08:19:02 INFO  State of operation 20085057 : EXECUTING
08:19:04 INFO  State of operation 20085057 : EXECUTING
08:19:06 INFO  State of operation 20085057 : EXECUTING
08:19:08 INFO  State of operation 20085057 : EXECUTING
08:19:11 INFO  State of operation 20085057 : EXECUTING
08:19:14 INFO  State of operation 20085057 : EXECUTING
08:19:16 INFO  State of operation 20085057 : EXECUTING
08:19:19 INFO  State of operation 20085057 : EXECUTING
08:19:21 INFO  State of operation 20085057 : EXECUTING
08:19:23 INFO  State of operation 20085057 : EXECUTING
08:19:26 INFO  State of operation 20085057 : EXECUTING
08:19:28 INFO  State of operation 20085057 : EXECUTING
08:19:30 INFO  State of operation 20085057 : EXECUTING
08:19:32 INFO  State of operation 20085057 : EXECUTING
08:19:34 INFO  State of operation 20085057 : EXECUTING
08:19:37 INFO  State of operation 20085057 : EXECUTING
08:19:39 INFO  State of operation 20085057 : EXECUTING
08:19:41 INFO  State of operation 20085057 : EXECUTING
08:19:44 INFO  State of operation 20085057 : EXECUTING
08:19:46 INFO  State of operation 20085057 : EXECUTING
08:19:48 INFO  State of operation 20085057 : EXECUTING
08:19:50 INFO  State of operation 20085057 : EXECUTING
08:19:53 INFO  State of operation 20085057 : EXECUTING
08:19:55 INFO  State of operation 20085057 : SUCCESSFUL
08:19:55 INFO  Package apple is installed
08:19:55 INFO  Assert that (True == value) with value=True ... passed
08:19:55 INFO  Package banana is installed
08:19:55 INFO  Assert that (True == value) with value=True ... passed
08:19:56 INFO  Package cherry is installed
08:19:56 INFO  Assert that (True == value) with value=True ... passed
08:19:56 INFO  Package asciijump is installed
08:19:56 INFO  Assert that (True == value) with value=True ... passed
08:19:56 INFO  Package registry is installed
08:19:56 INFO  Assert that (True == value) with value=True ... passed
08:19:56 INFO  Response status: 201
08:19:56 INFO  Response to action: {
    &quot;creationTime&quot;: &quot;2022-06-09T08:19:56.829Z&quot;,
    &quot;deviceId&quot;: &quot;20070101&quot;,
    &quot;deviceName&quot;: &quot;m32sd10a&quot;,
    &quot;self&quot;: &quot;https://t493319102.eu-latest.cumulocity.com/devicecontrol/operations/20085082&quot;,
    &quot;id&quot;: &quot;20085082&quot;,
    &quot;status&quot;: &quot;PENDING&quot;,
    &quot;description&quot;: &quot;Apply software changes, triggered from PySys: [{'action': 'delete', 'id': '5495053', 'name': 'apple', 'url': ' ', 'version': '::fruits'}, {'action': 'delete', 'id': '5494888', 'name': 'banana', 'url': ' ', 'version': '::fruits'}, {'action': 'delete', 'id': '5475369', 'name': 'asciijump', 'url': ' ', 'version': '::apt'}, {'action': 'delete', 'id': '5495382', 'name': 'cherry', 'url': ' ', 'version': '::fruits'}, {'action': 'delete', 'id': '8018911', 'name': 'registry', 'url': ' ', 'version': '::docker'}]&quot;,
    &quot;c8y_SoftwareUpdate&quot;: [
        {
            &quot;name&quot;: &quot;apple&quot;,
            &quot;action&quot;: &quot;delete&quot;,
            &quot;id&quot;: &quot;5495053&quot;,
            &quot;version&quot;: &quot;::fruits&quot;,
            &quot;url&quot;: &quot; &quot;
        },
        {
            &quot;name&quot;: &quot;banana&quot;,
            &quot;action&quot;: &quot;delete&quot;,
            &quot;id&quot;: &quot;5494888&quot;,
            &quot;version&quot;: &quot;::fruits&quot;,
            &quot;url&quot;: &quot; &quot;
        },
        {
            &quot;name&quot;: &quot;asciijump&quot;,
            &quot;action&quot;: &quot;delete&quot;,
            &quot;id&quot;: &quot;5475369&quot;,
            &quot;version&quot;: &quot;::apt&quot;,
            &quot;url&quot;: &quot; &quot;
        },
        {
            &quot;name&quot;: &quot;cherry&quot;,
            &quot;action&quot;: &quot;delete&quot;,
            &quot;id&quot;: &quot;5495382&quot;,
            &quot;version&quot;: &quot;::fruits&quot;,
            &quot;url&quot;: &quot; &quot;
        },
        {
            &quot;name&quot;: &quot;registry&quot;,
            &quot;action&quot;: &quot;delete&quot;,
            &quot;id&quot;: &quot;8018911&quot;,
            &quot;version&quot;: &quot;::docker&quot;,
            &quot;url&quot;: &quot; &quot;
        }
    ]
}
08:19:56 INFO  Started operation: {'creationTime': '2022-06-09T08:19:56.829Z', 'deviceId': '20070101', 'deviceName': 'm32sd10a', 'self': 'https://t493319102.eu-latest.cumulocity.com/devicecontrol/operations/20085082', 'id': '20085082', 'status': 'PENDING', 'description': &quot;Apply software changes, triggered from PySys: [{'action': 'delete', 'id': '5495053', 'name': 'apple', 'url': ' ', 'version': '::fruits'}, {'action': 'delete', 'id': '5494888', 'name': 'banana', 'url': ' ', 'version': '::fruits'}, {'action': 'delete', 'id': '5475369', 'name': 'asciijump', 'url': ' ', 'version': '::apt'}, {'action': 'delete', 'id': '5495382', 'name': 'cherry', 'url': ' ', 'version': '::fruits'}, {'action': 'delete', 'id': '8018911', 'name': 'registry', 'url': ' ', 'version': '::docker'}]&quot;, 'c8y_SoftwareUpdate': [{'name': 'apple', 'action': 'delete', 'id': '5495053', 'version': '::fruits', 'url': ' '}, {'name': 'banana', 'action': 'delete', 'id': '5494888', 'version': '::fruits', 'url': ' '}, {'name': 'asciijump', 'action': 'delete', 'id': '5475369', 'version': '::apt', 'url': ' '}, {'name': 'cherry', 'action': 'delete', 'id': '5495382', 'version': '::fruits', 'url': ' '}, {'name': 'registry', 'action': 'delete', 'id': '8018911', 'version': '::docker', 'url': ' '}]}
08:19:59 INFO  State of operation 20085082 : PENDING
08:20:01 INFO  State of operation 20085082 : EXECUTING
08:20:03 INFO  State of operation 20085082 : EXECUTING
08:20:05 INFO  State of operation 20085082 : EXECUTING
08:20:08 INFO  State of operation 20085082 : EXECUTING
08:20:10 INFO  State of operation 20085082 : EXECUTING
08:20:12 INFO  State of operation 20085082 : EXECUTING
08:20:15 INFO  State of operation 20085082 : EXECUTING
08:20:17 INFO  State of operation 20085082 : EXECUTING
08:20:20 INFO  State of operation 20085082 : EXECUTING
08:20:22 INFO  State of operation 20085082 : EXECUTING
08:20:24 INFO  State of operation 20085082 : EXECUTING
08:20:27 INFO  State of operation 20085082 : EXECUTING
08:20:29 INFO  State of operation 20085082 : EXECUTING
08:20:31 INFO  State of operation 20085082 : EXECUTING
08:20:33 INFO  State of operation 20085082 : EXECUTING
08:20:37 INFO  State of operation 20085082 : EXECUTING
08:20:40 INFO  State of operation 20085082 : EXECUTING
08:20:42 INFO  State of operation 20085082 : EXECUTING
08:20:44 INFO  State of operation 20085082 : EXECUTING
08:20:46 INFO  State of operation 20085082 : EXECUTING
08:20:49 INFO  State of operation 20085082 : EXECUTING
08:20:51 INFO  State of operation 20085082 : EXECUTING
08:20:54 INFO  State of operation 20085082 : EXECUTING
08:20:56 INFO  State of operation 20085082 : EXECUTING
08:20:58 INFO  State of operation 20085082 : EXECUTING
08:21:00 INFO  State of operation 20085082 : EXECUTING
08:21:03 INFO  State of operation 20085082 : EXECUTING
08:21:05 INFO  State of operation 20085082 : EXECUTING
08:21:07 INFO  State of operation 20085082 : EXECUTING
08:21:09 INFO  State of operation 20085082 : SUCCESSFUL
08:21:10 INFO  Package apple is installed
08:21:10 INFO  Assert that (True == value) with value=True ... passed
08:21:10 INFO  Package banana is installed
08:21:10 INFO  Assert that (True == value) with value=True ... passed
08:21:10 INFO  Package cherry is installed
08:21:10 INFO  Assert that (True == value) with value=True ... passed
08:21:10 INFO  Assert that (False == value) with value=False ... passed
08:21:11 INFO  Assert that (False == value) with value=False ... passed
08:21:11 INFO  
08:21:11 INFO  cleanup:
08:21:15 INFO  Executed sudo&lt;tedge_disconnect_c8y&gt;, exit status 0
08:21:15 INFO  Executed systemctl&lt;serv_mapper5&gt;, exit status 3
08:21:15 INFO  
08:21:15 INFO  Test duration: 167.35 secs
08:21:15 INFO  Test final outcome:  FAILED
08:21:15 INFO  Test outcome reason: Assert that (False == value) with value=True
08:21:15 INFO  
</system-out>
	</testcase>
</testsuite>
