<?xml version="1.0" encoding="utf-8"?>
<testsuite failures="1" name="SoftwareManagement.sm_apt_install_remove_multiple" skipped="0" tests="1" time="137.35" timestamp="2022-06-07T12:37:04">
	<testcase classname="PySysTest" name="SoftwareManagement.sm_apt_install_remove_multiple">
		<failure message="FAILED: Assert that (False == value) with value=True (+2 other failures)" type="FAILED"/>
		<system-out>12:34:47 INFO  ==============================================================
12:34:47 INFO  Id:    SoftwareManagement.sm_apt_install_remove_multiple
12:34:47 INFO  Dir:   software_management_end_to_end/
12:34:47 INFO  Title: Validate end to end behaviour for the apt plugin for multiple packages
12:34:47 INFO  ==============================================================
12:34:47 INFO  Using sw id database: {'asciijump': '5475369', 'robotfindskitten': '5474869', 'squirrel3': '5475279', 'rolldice': '5152439', 'moon-buggy': '5439204', 'apple': '5495053', 'banana': '5494888', 'cherry': '5495382', 'watermelon': '5494510', 'registry': '8018911', 'hello-world': '8021526', 'docker/getting-started': '8021973', 'alpine': '7991792'}
12:34:47 INFO  EnvironmentC8y Setup
12:34:47 INFO  Executed systemctl&lt;serv_mapper1&gt;, exit status 3
12:34:47 INFO  Restarting mosquitto too frequently in the last 10 seconds. It was only up for 5 seconds
12:34:47 INFO  Delaying execution by 6 seconds
12:35:08 INFO  Executed sudo&lt;tedge_connect_c8y&gt;, exit status 0, duration 14 secs
12:35:08 INFO  Executed sudo&lt;tedge_connect_c8y_test&gt;, exit status 0
12:35:09 INFO  Executed systemctl&lt;serv_mosq2&gt;, exit status 0
12:35:09 INFO  Executed systemctl&lt;serv_mapper3&gt;, exit status 0
12:35:12 INFO  State of current operation: SUCCESSFUL
12:35:12 INFO  Assert that (False == value) with value=False ... passed
12:35:12 INFO  Package asciijump is installed
12:35:12 WARN  Assert that (False == value) with value=True ... failed 
12:35:13 INFO  Package squirrel3 is installed
12:35:13 WARN  Assert that (False == value) with value=True ... failed 
12:35:13 INFO  Package robotfindskitten is installed
12:35:13 WARN  Assert that (False == value) with value=True ... failed 
12:35:13 INFO  Response status: 201
12:35:13 INFO  Response to action: {
    &quot;creationTime&quot;: &quot;2022-06-07T12:35:13.627Z&quot;,
    &quot;deviceId&quot;: &quot;19918345&quot;,
    &quot;deviceName&quot;: &quot;m32sd10a&quot;,
    &quot;self&quot;: &quot;https://t493319102.eu-latest.cumulocity.com/devicecontrol/operations/20014421&quot;,
    &quot;id&quot;: &quot;20014421&quot;,
    &quot;status&quot;: &quot;PENDING&quot;,
    &quot;description&quot;: &quot;Apply software changes, triggered from PySys: [{'action': 'install', 'id': '5475369', 'name': 'asciijump', 'url': ' ', 'version': '::apt'}, {'action': 'install', 'id': '5474869', 'name': 'robotfindskitten', 'url': ' ', 'version': '::apt'}, {'action': 'install', 'id': '5475279', 'name': 'squirrel3', 'url': ' ', 'version': '::apt'}]&quot;,
    &quot;c8y_SoftwareUpdate&quot;: [
        {
            &quot;name&quot;: &quot;asciijump&quot;,
            &quot;action&quot;: &quot;install&quot;,
            &quot;id&quot;: &quot;5475369&quot;,
            &quot;version&quot;: &quot;::apt&quot;,
            &quot;url&quot;: &quot; &quot;
        },
        {
            &quot;name&quot;: &quot;robotfindskitten&quot;,
            &quot;action&quot;: &quot;install&quot;,
            &quot;id&quot;: &quot;5474869&quot;,
            &quot;version&quot;: &quot;::apt&quot;,
            &quot;url&quot;: &quot; &quot;
        },
        {
            &quot;name&quot;: &quot;squirrel3&quot;,
            &quot;action&quot;: &quot;install&quot;,
            &quot;id&quot;: &quot;5475279&quot;,
            &quot;version&quot;: &quot;::apt&quot;,
            &quot;url&quot;: &quot; &quot;
        }
    ]
}
12:35:13 INFO  Started operation: {'creationTime': '2022-06-07T12:35:13.627Z', 'deviceId': '19918345', 'deviceName': 'm32sd10a', 'self': 'https://t493319102.eu-latest.cumulocity.com/devicecontrol/operations/20014421', 'id': '20014421', 'status': 'PENDING', 'description': &quot;Apply software changes, triggered from PySys: [{'action': 'install', 'id': '5475369', 'name': 'asciijump', 'url': ' ', 'version': '::apt'}, {'action': 'install', 'id': '5474869', 'name': 'robotfindskitten', 'url': ' ', 'version': '::apt'}, {'action': 'install', 'id': '5475279', 'name': 'squirrel3', 'url': ' ', 'version': '::apt'}]&quot;, 'c8y_SoftwareUpdate': [{'name': 'asciijump', 'action': 'install', 'id': '5475369', 'version': '::apt', 'url': ' '}, {'name': 'robotfindskitten', 'action': 'install', 'id': '5474869', 'version': '::apt', 'url': ' '}, {'name': 'squirrel3', 'action': 'install', 'id': '5475279', 'version': '::apt', 'url': ' '}]}
12:35:15 INFO  State of operation 20014421 : PENDING
12:35:18 INFO  State of operation 20014421 : EXECUTING
12:35:20 INFO  State of operation 20014421 : EXECUTING
12:35:22 INFO  State of operation 20014421 : EXECUTING
12:35:24 INFO  State of operation 20014421 : EXECUTING
12:35:27 INFO  State of operation 20014421 : EXECUTING
12:35:29 INFO  State of operation 20014421 : EXECUTING
12:35:32 INFO  State of operation 20014421 : EXECUTING
12:35:34 INFO  State of operation 20014421 : EXECUTING
12:35:37 INFO  State of operation 20014421 : EXECUTING
12:35:39 INFO  State of operation 20014421 : EXECUTING
12:35:41 INFO  State of operation 20014421 : EXECUTING
12:35:43 INFO  State of operation 20014421 : EXECUTING
12:35:46 INFO  State of operation 20014421 : EXECUTING
12:35:48 INFO  State of operation 20014421 : EXECUTING
12:35:50 INFO  State of operation 20014421 : SUCCESSFUL
12:35:50 INFO  Assert that (False == value) with value=False ... passed
12:35:50 INFO  Package asciijump is installed
12:35:50 INFO  Assert that (True == value) with value=True ... passed
12:35:51 INFO  Package squirrel3 is installed
12:35:51 INFO  Assert that (True == value) with value=True ... passed
12:35:51 INFO  Package robotfindskitten is installed
12:35:51 INFO  Assert that (True == value) with value=True ... passed
12:35:51 INFO  Response status: 201
12:35:51 INFO  Response to action: {
    &quot;creationTime&quot;: &quot;2022-06-07T12:35:51.640Z&quot;,
    &quot;deviceId&quot;: &quot;19918345&quot;,
    &quot;deviceName&quot;: &quot;m32sd10a&quot;,
    &quot;self&quot;: &quot;https://t493319102.eu-latest.cumulocity.com/devicecontrol/operations/20014428&quot;,
    &quot;id&quot;: &quot;20014428&quot;,
    &quot;status&quot;: &quot;PENDING&quot;,
    &quot;description&quot;: &quot;Apply software changes, triggered from PySys: [{'action': 'delete', 'id': '5475369', 'name': 'asciijump', 'url': ' ', 'version': '::apt'}, {'action': 'delete', 'id': '5474869', 'name': 'robotfindskitten', 'url': ' ', 'version': '::apt'}, {'action': 'delete', 'id': '5475279', 'name': 'squirrel3', 'url': ' ', 'version': '::apt'}]&quot;,
    &quot;c8y_SoftwareUpdate&quot;: [
        {
            &quot;name&quot;: &quot;asciijump&quot;,
            &quot;action&quot;: &quot;delete&quot;,
            &quot;id&quot;: &quot;5475369&quot;,
            &quot;version&quot;: &quot;::apt&quot;,
            &quot;url&quot;: &quot; &quot;
        },
        {
            &quot;name&quot;: &quot;robotfindskitten&quot;,
            &quot;action&quot;: &quot;delete&quot;,
            &quot;id&quot;: &quot;5474869&quot;,
            &quot;version&quot;: &quot;::apt&quot;,
            &quot;url&quot;: &quot; &quot;
        },
        {
            &quot;name&quot;: &quot;squirrel3&quot;,
            &quot;action&quot;: &quot;delete&quot;,
            &quot;id&quot;: &quot;5475279&quot;,
            &quot;version&quot;: &quot;::apt&quot;,
            &quot;url&quot;: &quot; &quot;
        }
    ]
}
12:35:51 INFO  Started operation: {'creationTime': '2022-06-07T12:35:51.640Z', 'deviceId': '19918345', 'deviceName': 'm32sd10a', 'self': 'https://t493319102.eu-latest.cumulocity.com/devicecontrol/operations/20014428', 'id': '20014428', 'status': 'PENDING', 'description': &quot;Apply software changes, triggered from PySys: [{'action': 'delete', 'id': '5475369', 'name': 'asciijump', 'url': ' ', 'version': '::apt'}, {'action': 'delete', 'id': '5474869', 'name': 'robotfindskitten', 'url': ' ', 'version': '::apt'}, {'action': 'delete', 'id': '5475279', 'name': 'squirrel3', 'url': ' ', 'version': '::apt'}]&quot;, 'c8y_SoftwareUpdate': [{'name': 'asciijump', 'action': 'delete', 'id': '5475369', 'version': '::apt', 'url': ' '}, {'name': 'robotfindskitten', 'action': 'delete', 'id': '5474869', 'version': '::apt', 'url': ' '}, {'name': 'squirrel3', 'action': 'delete', 'id': '5475279', 'version': '::apt', 'url': ' '}]}
12:35:53 INFO  State of operation 20014428 : PENDING
12:35:56 INFO  State of operation 20014428 : EXECUTING
12:35:58 INFO  State of operation 20014428 : EXECUTING
12:36:00 INFO  State of operation 20014428 : EXECUTING
12:36:02 INFO  State of operation 20014428 : EXECUTING
12:36:05 INFO  State of operation 20014428 : EXECUTING
12:36:07 INFO  State of operation 20014428 : EXECUTING
12:36:10 INFO  State of operation 20014428 : EXECUTING
12:36:13 INFO  State of operation 20014428 : EXECUTING
12:36:15 INFO  State of operation 20014428 : EXECUTING
12:36:17 INFO  State of operation 20014428 : EXECUTING
12:36:19 INFO  State of operation 20014428 : EXECUTING
12:36:22 INFO  State of operation 20014428 : EXECUTING
12:36:24 INFO  State of operation 20014428 : EXECUTING
12:36:26 INFO  State of operation 20014428 : EXECUTING
12:36:28 INFO  State of operation 20014428 : EXECUTING
12:36:31 INFO  State of operation 20014428 : EXECUTING
12:36:33 INFO  State of operation 20014428 : EXECUTING
12:36:36 INFO  State of operation 20014428 : EXECUTING
12:36:38 INFO  State of operation 20014428 : EXECUTING
12:36:40 INFO  State of operation 20014428 : EXECUTING
12:36:42 INFO  State of operation 20014428 : EXECUTING
12:36:45 INFO  State of operation 20014428 : EXECUTING
12:36:47 INFO  State of operation 20014428 : EXECUTING
12:36:49 INFO  State of operation 20014428 : EXECUTING
12:36:52 INFO  State of operation 20014428 : EXECUTING
12:36:54 INFO  State of operation 20014428 : EXECUTING
12:36:57 INFO  State of operation 20014428 : EXECUTING
12:36:59 INFO  State of operation 20014428 : SUCCESSFUL
12:36:59 INFO  Assert that (False == value) with value=False ... passed
12:36:59 INFO  Assert that (False == value) with value=False ... passed
12:36:59 INFO  Assert that (False == value) with value=False ... passed
12:37:00 INFO  Assert that (False == value) with value=False ... passed
12:37:00 INFO  
12:37:00 INFO  cleanup:
12:37:04 INFO  Executed sudo&lt;tedge_disconnect_c8y&gt;, exit status 0
12:37:04 INFO  Executed systemctl&lt;serv_mapper5&gt;, exit status 3
12:37:04 INFO  
12:37:04 INFO  Test duration: 137.35 secs
12:37:04 INFO  Test final outcome:  FAILED
12:37:04 INFO  Test outcome reason: Assert that (False == value) with value=True (+2 other failures)
12:37:04 INFO  
</system-out>
	</testcase>
</testsuite>
