<?xml version="1.0" encoding="utf-8"?>
<testsuite failures="1" name="SoftwareManagement.sm_mixed_install_remove_multiple" skipped="0" tests="1" time="166.11" timestamp="2022-06-20T16:21:49">
	<testcase classname="PySysTest" name="SoftwareManagement.sm_mixed_install_remove_multiple">
		<failure message="FAILED: Assert that (False == value) with value=True" type="FAILED"/>
		<system-out>16:19:03 INFO  ==============================================================
16:19:03 INFO  Id:    SoftwareManagement.sm_mixed_install_remove_multiple
16:19:03 INFO  Dir:   software_management_end_to_end/
16:19:03 INFO  Title: Validate end to end behaviour for the dummy-plugin for multiple packages with mixed versions
16:19:03 INFO  ==============================================================
16:19:03 INFO  Using sw id database: {'asciijump': '5475369', 'robotfindskitten': '5474869', 'squirrel3': '5475279', 'rolldice': '5152439', 'moon-buggy': '5439204', 'apple': '5495053', 'banana': '5494888', 'cherry': '5495382', 'watermelon': '5494510', 'registry': '8018911', 'hello-world': '8021526', 'docker/getting-started': '8021973', 'alpine': '7991792'}
16:19:03 INFO  EnvironmentC8y Setup
16:19:04 INFO  Executed systemctl&lt;serv_mapper1&gt;, exit status 3
16:19:04 INFO  Restarting mosquitto too frequently in the last 10 seconds. It was only up for 4 seconds
16:19:04 INFO  Delaying execution by 7 seconds
16:19:25 INFO  Executed sudo&lt;tedge_connect_c8y&gt;, exit status 0, duration 14 secs
16:19:25 INFO  Executed sudo&lt;tedge_connect_c8y_test&gt;, exit status 0
16:19:26 INFO  Executed systemctl&lt;serv_mosq2&gt;, exit status 0
16:19:26 INFO  Executed systemctl&lt;serv_mapper3&gt;, exit status 0
16:19:29 INFO  State of current operation: SUCCESSFUL
16:19:29 INFO  Package apple is installed
16:19:29 INFO  Assert that (True == value) with value=True ... passed
16:19:29 INFO  Package banana is installed
16:19:29 INFO  Assert that (True == value) with value=True ... passed
16:19:29 INFO  Package cherry is installed
16:19:29 INFO  Assert that (True == value) with value=True ... passed
16:19:29 INFO  Package asciijump is installed
16:19:30 WARN  Assert that (False == value) with value=True ... failed 
16:19:30 INFO  Assert that (False == value) with value=False ... passed
16:19:30 INFO  Response status: 201
16:19:30 INFO  Response to action: {
    &quot;creationTime&quot;: &quot;2022-06-20T16:19:30.424Z&quot;,
    &quot;deviceName&quot;: &quot;m32sd10a&quot;,
    &quot;deviceId&quot;: &quot;20281698&quot;,
    &quot;self&quot;: &quot;https://t493319102.eu-latest.cumulocity.com/devicecontrol/operations/20350005&quot;,
    &quot;id&quot;: &quot;20350005&quot;,
    &quot;status&quot;: &quot;PENDING&quot;,
    &quot;description&quot;: &quot;Apply software changes, triggered from PySys: [{'action': 'install', 'id': '5495053', 'name': 'apple', 'url': ' ', 'version': '::fruits'}, {'action': 'install', 'id': '5494888', 'name': 'banana', 'url': ' ', 'version': '::fruits'}, {'action': 'install', 'id': '5475369', 'name': 'asciijump', 'url': ' ', 'version': '::apt'}, {'action': 'install', 'id': '5495382', 'name': 'cherry', 'url': ' ', 'version': '::fruits'}, {'action': 'install', 'id': '8018911', 'name': 'registry', 'url': ' ', 'version': '::docker'}]&quot;,
    &quot;c8y_SoftwareUpdate&quot;: [
        {
            &quot;name&quot;: &quot;apple&quot;,
            &quot;action&quot;: &quot;install&quot;,
            &quot;id&quot;: &quot;5495053&quot;,
            &quot;version&quot;: &quot;::fruits&quot;,
            &quot;url&quot;: &quot; &quot;
        },
        {
            &quot;name&quot;: &quot;banana&quot;,
            &quot;action&quot;: &quot;install&quot;,
            &quot;id&quot;: &quot;5494888&quot;,
            &quot;version&quot;: &quot;::fruits&quot;,
            &quot;url&quot;: &quot; &quot;
        },
        {
            &quot;name&quot;: &quot;asciijump&quot;,
            &quot;action&quot;: &quot;install&quot;,
            &quot;id&quot;: &quot;5475369&quot;,
            &quot;version&quot;: &quot;::apt&quot;,
            &quot;url&quot;: &quot; &quot;
        },
        {
            &quot;name&quot;: &quot;cherry&quot;,
            &quot;action&quot;: &quot;install&quot;,
            &quot;id&quot;: &quot;5495382&quot;,
            &quot;version&quot;: &quot;::fruits&quot;,
            &quot;url&quot;: &quot; &quot;
        },
        {
            &quot;name&quot;: &quot;registry&quot;,
            &quot;action&quot;: &quot;install&quot;,
            &quot;id&quot;: &quot;8018911&quot;,
            &quot;version&quot;: &quot;::docker&quot;,
            &quot;url&quot;: &quot; &quot;
        }
    ]
}
16:19:30 INFO  Started operation: {'creationTime': '2022-06-20T16:19:30.424Z', 'deviceName': 'm32sd10a', 'deviceId': '20281698', 'self': 'https://t493319102.eu-latest.cumulocity.com/devicecontrol/operations/20350005', 'id': '20350005', 'status': 'PENDING', 'description': &quot;Apply software changes, triggered from PySys: [{'action': 'install', 'id': '5495053', 'name': 'apple', 'url': ' ', 'version': '::fruits'}, {'action': 'install', 'id': '5494888', 'name': 'banana', 'url': ' ', 'version': '::fruits'}, {'action': 'install', 'id': '5475369', 'name': 'asciijump', 'url': ' ', 'version': '::apt'}, {'action': 'install', 'id': '5495382', 'name': 'cherry', 'url': ' ', 'version': '::fruits'}, {'action': 'install', 'id': '8018911', 'name': 'registry', 'url': ' ', 'version': '::docker'}]&quot;, 'c8y_SoftwareUpdate': [{'name': 'apple', 'action': 'install', 'id': '5495053', 'version': '::fruits', 'url': ' '}, {'name': 'banana', 'action': 'install', 'id': '5494888', 'version': '::fruits', 'url': ' '}, {'name': 'asciijump', 'action': 'install', 'id': '5475369', 'version': '::apt', 'url': ' '}, {'name': 'cherry', 'action': 'install', 'id': '5495382', 'version': '::fruits', 'url': ' '}, {'name': 'registry', 'action': 'install', 'id': '8018911', 'version': '::docker', 'url': ' '}]}
16:19:32 INFO  State of operation 20350005 : PENDING
16:19:34 INFO  State of operation 20350005 : EXECUTING
16:19:37 INFO  State of operation 20350005 : EXECUTING
16:19:39 INFO  State of operation 20350005 : EXECUTING
16:19:41 INFO  State of operation 20350005 : EXECUTING
16:19:43 INFO  State of operation 20350005 : EXECUTING
16:19:46 INFO  State of operation 20350005 : EXECUTING
16:19:49 INFO  State of operation 20350005 : EXECUTING
16:19:51 INFO  State of operation 20350005 : EXECUTING
16:19:54 INFO  State of operation 20350005 : EXECUTING
16:19:56 INFO  State of operation 20350005 : EXECUTING
16:19:58 INFO  State of operation 20350005 : EXECUTING
16:20:00 INFO  State of operation 20350005 : EXECUTING
16:20:03 INFO  State of operation 20350005 : EXECUTING
16:20:05 INFO  State of operation 20350005 : EXECUTING
16:20:07 INFO  State of operation 20350005 : EXECUTING
16:20:09 INFO  State of operation 20350005 : EXECUTING
16:20:12 INFO  State of operation 20350005 : EXECUTING
16:20:14 INFO  State of operation 20350005 : EXECUTING
16:20:16 INFO  State of operation 20350005 : EXECUTING
16:20:19 INFO  State of operation 20350005 : EXECUTING
16:20:21 INFO  State of operation 20350005 : EXECUTING
16:20:23 INFO  State of operation 20350005 : EXECUTING
16:20:25 INFO  State of operation 20350005 : EXECUTING
16:20:28 INFO  State of operation 20350005 : EXECUTING
16:20:30 INFO  State of operation 20350005 : SUCCESSFUL
16:20:30 INFO  Package apple is installed
16:20:30 INFO  Assert that (True == value) with value=True ... passed
16:20:30 INFO  Package banana is installed
16:20:30 INFO  Assert that (True == value) with value=True ... passed
16:20:30 INFO  Package cherry is installed
16:20:30 INFO  Assert that (True == value) with value=True ... passed
16:20:31 INFO  Package asciijump is installed
16:20:31 INFO  Assert that (True == value) with value=True ... passed
16:20:31 INFO  Package registry is installed
16:20:31 INFO  Assert that (True == value) with value=True ... passed
16:20:31 INFO  Response status: 201
16:20:31 INFO  Response to action: {
    &quot;creationTime&quot;: &quot;2022-06-20T16:20:31.543Z&quot;,
    &quot;deviceName&quot;: &quot;m32sd10a&quot;,
    &quot;deviceId&quot;: &quot;20281698&quot;,
    &quot;self&quot;: &quot;https://t493319102.eu-latest.cumulocity.com/devicecontrol/operations/20350013&quot;,
    &quot;id&quot;: &quot;20350013&quot;,
    &quot;status&quot;: &quot;PENDING&quot;,
    &quot;description&quot;: &quot;Apply software changes, triggered from PySys: [{'action': 'delete', 'id': '5495053', 'name': 'apple', 'url': ' ', 'version': '::fruits'}, {'action': 'delete', 'id': '5494888', 'name': 'banana', 'url': ' ', 'version': '::fruits'}, {'action': 'delete', 'id': '5475369', 'name': 'asciijump', 'url': ' ', 'version': '::apt'}, {'action': 'delete', 'id': '5495382', 'name': 'cherry', 'url': ' ', 'version': '::fruits'}, {'action': 'delete', 'id': '8018911', 'name': 'registry', 'url': ' ', 'version': '::docker'}]&quot;,
    &quot;c8y_SoftwareUpdate&quot;: [
        {
            &quot;name&quot;: &quot;apple&quot;,
            &quot;action&quot;: &quot;delete&quot;,
            &quot;id&quot;: &quot;5495053&quot;,
            &quot;version&quot;: &quot;::fruits&quot;,
            &quot;url&quot;: &quot; &quot;
        },
        {
            &quot;name&quot;: &quot;banana&quot;,
            &quot;action&quot;: &quot;delete&quot;,
            &quot;id&quot;: &quot;5494888&quot;,
            &quot;version&quot;: &quot;::fruits&quot;,
            &quot;url&quot;: &quot; &quot;
        },
        {
            &quot;name&quot;: &quot;asciijump&quot;,
            &quot;action&quot;: &quot;delete&quot;,
            &quot;id&quot;: &quot;5475369&quot;,
            &quot;version&quot;: &quot;::apt&quot;,
            &quot;url&quot;: &quot; &quot;
        },
        {
            &quot;name&quot;: &quot;cherry&quot;,
            &quot;action&quot;: &quot;delete&quot;,
            &quot;id&quot;: &quot;5495382&quot;,
            &quot;version&quot;: &quot;::fruits&quot;,
            &quot;url&quot;: &quot; &quot;
        },
        {
            &quot;name&quot;: &quot;registry&quot;,
            &quot;action&quot;: &quot;delete&quot;,
            &quot;id&quot;: &quot;8018911&quot;,
            &quot;version&quot;: &quot;::docker&quot;,
            &quot;url&quot;: &quot; &quot;
        }
    ]
}
16:20:31 INFO  Started operation: {'creationTime': '2022-06-20T16:20:31.543Z', 'deviceName': 'm32sd10a', 'deviceId': '20281698', 'self': 'https://t493319102.eu-latest.cumulocity.com/devicecontrol/operations/20350013', 'id': '20350013', 'status': 'PENDING', 'description': &quot;Apply software changes, triggered from PySys: [{'action': 'delete', 'id': '5495053', 'name': 'apple', 'url': ' ', 'version': '::fruits'}, {'action': 'delete', 'id': '5494888', 'name': 'banana', 'url': ' ', 'version': '::fruits'}, {'action': 'delete', 'id': '5475369', 'name': 'asciijump', 'url': ' ', 'version': '::apt'}, {'action': 'delete', 'id': '5495382', 'name': 'cherry', 'url': ' ', 'version': '::fruits'}, {'action': 'delete', 'id': '8018911', 'name': 'registry', 'url': ' ', 'version': '::docker'}]&quot;, 'c8y_SoftwareUpdate': [{'name': 'apple', 'action': 'delete', 'id': '5495053', 'version': '::fruits', 'url': ' '}, {'name': 'banana', 'action': 'delete', 'id': '5494888', 'version': '::fruits', 'url': ' '}, {'name': 'asciijump', 'action': 'delete', 'id': '5475369', 'version': '::apt', 'url': ' '}, {'name': 'cherry', 'action': 'delete', 'id': '5495382', 'version': '::fruits', 'url': ' '}, {'name': 'registry', 'action': 'delete', 'id': '8018911', 'version': '::docker', 'url': ' '}]}
16:20:33 INFO  State of operation 20350013 : PENDING
16:20:36 INFO  State of operation 20350013 : EXECUTING
16:20:38 INFO  State of operation 20350013 : EXECUTING
16:20:40 INFO  State of operation 20350013 : EXECUTING
16:20:42 INFO  State of operation 20350013 : EXECUTING
16:20:44 INFO  State of operation 20350013 : EXECUTING
16:20:47 INFO  State of operation 20350013 : EXECUTING
16:20:50 INFO  State of operation 20350013 : EXECUTING
16:20:52 INFO  State of operation 20350013 : EXECUTING
16:20:55 INFO  State of operation 20350013 : EXECUTING
16:20:57 INFO  State of operation 20350013 : EXECUTING
16:20:59 INFO  State of operation 20350013 : EXECUTING
16:21:01 INFO  State of operation 20350013 : EXECUTING
16:21:04 INFO  State of operation 20350013 : EXECUTING
16:21:06 INFO  State of operation 20350013 : EXECUTING
16:21:08 INFO  State of operation 20350013 : EXECUTING
16:21:11 INFO  State of operation 20350013 : EXECUTING
16:21:13 INFO  State of operation 20350013 : EXECUTING
16:21:16 INFO  State of operation 20350013 : EXECUTING
16:21:18 INFO  State of operation 20350013 : EXECUTING
16:21:20 INFO  State of operation 20350013 : EXECUTING
16:21:22 INFO  State of operation 20350013 : EXECUTING
16:21:24 INFO  State of operation 20350013 : EXECUTING
16:21:27 INFO  State of operation 20350013 : EXECUTING
16:21:30 INFO  State of operation 20350013 : EXECUTING
16:21:32 INFO  State of operation 20350013 : EXECUTING
16:21:34 INFO  State of operation 20350013 : EXECUTING
16:21:36 INFO  State of operation 20350013 : EXECUTING
16:21:39 INFO  State of operation 20350013 : EXECUTING
16:21:41 INFO  State of operation 20350013 : EXECUTING
16:21:43 INFO  State of operation 20350013 : SUCCESSFUL
16:21:43 INFO  Package apple is installed
16:21:43 INFO  Assert that (True == value) with value=True ... passed
16:21:44 INFO  Package banana is installed
16:21:44 INFO  Assert that (True == value) with value=True ... passed
16:21:44 INFO  Package cherry is installed
16:21:44 INFO  Assert that (True == value) with value=True ... passed
16:21:44 INFO  Assert that (False == value) with value=False ... passed
16:21:44 INFO  Assert that (False == value) with value=False ... passed
16:21:44 INFO  
16:21:44 INFO  cleanup:
16:21:48 INFO  Executed sudo&lt;tedge_disconnect_c8y&gt;, exit status 0
16:21:49 INFO  Executed systemctl&lt;serv_mapper5&gt;, exit status 3
16:21:49 INFO  
16:21:49 INFO  Test duration: 166.11 secs
16:21:49 INFO  Test final outcome:  FAILED
16:21:49 INFO  Test outcome reason: Assert that (False == value) with value=True
16:21:49 INFO  
</system-out>
	</testcase>
</testsuite>
