<?xml version="1.0" encoding="utf-8"?>
<testsuite failures="1" name="SoftwareManagement.sm_apt_install_remove_with_version" skipped="0" tests="1" time="167.24" timestamp="2022-05-23T14:39:14">
	<testcase classname="PySysTest" name="SoftwareManagement.sm_apt_install_remove_with_version">
		<failure message="BLOCKED: SystemError: Timeout while waiting for status FAILED or SUCCESSFUL" type="BLOCKED"/>
		<system-out>14:36:27 INFO  ==============================================================
14:36:27 INFO  Id:    SoftwareManagement.sm_apt_install_remove_with_version
14:36:27 INFO  Dir:   software_management_end_to_end/
14:36:27 INFO  Title: Validate end to end behaviour for the apt plugin for packages with version
14:36:27 INFO  ==============================================================
14:36:27 INFO  Using sw id database: {'asciijump': '5475369', 'robotfindskitten': '5474869', 'squirrel3': '5475279', 'rolldice': '5152439', 'moon-buggy': '5439204', 'apple': '5495053', 'banana': '5494888', 'cherry': '5495382', 'watermelon': '5494510', 'registry': '8018911', 'hello-world': '8021526', 'docker/getting-started': '8021973', 'alpine': '7991792'}
14:36:27 INFO  EnvironmentC8y Setup
14:36:27 INFO  Executed systemctl&lt;serv_mapper1&gt;, exit status 3
14:36:27 INFO  Restarting mosquitto too frequently in the last 10 seconds. It was only up for 4 seconds
14:36:27 INFO  Delaying execution by 7 seconds
14:36:49 INFO  Executed sudo&lt;tedge_connect_c8y&gt;, exit status 0, duration 14 secs
14:36:50 INFO  Executed sudo&lt;tedge_connect_c8y_test&gt;, exit status 0
14:36:50 INFO  Executed systemctl&lt;serv_mosq2&gt;, exit status 0
14:36:51 INFO  Executed systemctl&lt;serv_mapper3&gt;, exit status 0
14:36:53 INFO  State of current operation: PENDING
14:36:55 INFO  State of current operation: PENDING
14:36:57 INFO  State of current operation: PENDING
14:36:59 INFO  State of current operation: PENDING
14:37:02 INFO  State of current operation: PENDING
14:37:04 INFO  State of current operation: PENDING
14:37:06 INFO  State of current operation: PENDING
14:37:08 INFO  State of current operation: PENDING
14:37:11 INFO  State of current operation: PENDING
14:37:13 INFO  State of current operation: PENDING
14:37:15 INFO  State of current operation: PENDING
14:37:17 INFO  State of current operation: PENDING
14:37:20 INFO  State of current operation: PENDING
14:37:22 INFO  State of current operation: PENDING
14:37:24 INFO  State of current operation: PENDING
14:37:26 INFO  State of current operation: PENDING
14:37:29 INFO  State of current operation: PENDING
14:37:31 INFO  State of current operation: PENDING
14:37:33 INFO  State of current operation: PENDING
14:37:36 INFO  State of current operation: PENDING
14:37:38 INFO  State of current operation: PENDING
14:37:40 INFO  State of current operation: PENDING
14:37:42 INFO  State of current operation: PENDING
14:37:44 INFO  State of current operation: PENDING
14:37:47 INFO  State of current operation: PENDING
14:37:49 INFO  State of current operation: PENDING
14:37:51 INFO  State of current operation: PENDING
14:37:53 INFO  State of current operation: PENDING
14:37:56 INFO  State of current operation: PENDING
14:37:58 INFO  State of current operation: PENDING
14:38:00 INFO  State of current operation: PENDING
14:38:02 INFO  State of current operation: PENDING
14:38:05 INFO  State of current operation: PENDING
14:38:07 INFO  State of current operation: PENDING
14:38:09 INFO  State of current operation: PENDING
14:38:11 INFO  State of current operation: PENDING
14:38:14 INFO  State of current operation: PENDING
14:38:16 INFO  State of current operation: PENDING
14:38:18 INFO  State of current operation: PENDING
14:38:20 INFO  State of current operation: PENDING
14:38:23 INFO  State of current operation: PENDING
14:38:25 INFO  State of current operation: PENDING
14:38:27 INFO  State of current operation: PENDING
14:38:29 INFO  State of current operation: PENDING
14:38:32 INFO  State of current operation: PENDING
14:38:34 INFO  State of current operation: PENDING
14:38:36 INFO  State of current operation: PENDING
14:38:38 INFO  State of current operation: PENDING
14:38:41 INFO  State of current operation: PENDING
14:38:43 INFO  State of current operation: PENDING
14:38:45 INFO  State of current operation: PENDING
14:38:47 INFO  State of current operation: PENDING
14:38:49 INFO  State of current operation: PENDING
14:38:52 INFO  State of current operation: PENDING
14:38:54 INFO  State of current operation: PENDING
14:38:56 INFO  State of current operation: PENDING
14:38:58 INFO  State of current operation: PENDING
14:39:01 INFO  State of current operation: PENDING
14:39:03 INFO  State of current operation: PENDING
14:39:05 INFO  State of current operation: PENDING
14:39:07 INFO  State of current operation: PENDING
14:39:09 WARN  SystemError occurred while running test - Timeout while waiting for status FAILED or SUCCESSFUL
Traceback (most recent call last):
  File &quot;/home/pi/env-pysys/lib/python3.7/site-packages/pysys/baserunner.py&quot;, line 1292, in __call__
    self.testObj.setup()
  File &quot;/home/pi/actions-runner/_work/thin-edge.io/thin-edge.io/tests/PySys/software_management_end_to_end/sm_apt_install_remove_with_version/run.py&quot;, line 27, in setup
    super().setup()
  File &quot;/home/pi/actions-runner/_work/thin-edge.io/thin-edge.io/tests/PySys/software_management_end_to_end/environment_sm_management.py&quot;, line 151, in setup
    self.wait_until_end()
  File &quot;/home/pi/actions-runner/_work/thin-edge.io/thin-edge.io/tests/PySys/software_management_end_to_end/environment_sm_management.py&quot;, line 332, in wait_until_end
    self.wait_until_status(&quot;FAILED&quot;, &quot;SUCCESSFUL&quot;)
  File &quot;/home/pi/actions-runner/_work/thin-edge.io/thin-edge.io/tests/PySys/software_management_end_to_end/environment_sm_management.py&quot;, line 381, in wait_until_status
    &quot;Timeout while waiting for status %s or %s&quot; % (status, status2)
SystemError: Timeout while waiting for status FAILED or SUCCESSFUL
14:39:09 WARN  SystemError: Timeout while waiting for status FAILED or SUCCESSFUL ... blocked 
14:39:09 INFO  
14:39:09 INFO  cleanup:
14:39:13 INFO  Executed sudo&lt;tedge_disconnect_c8y&gt;, exit status 0
14:39:14 INFO  Executed systemctl&lt;serv_mapper5&gt;, exit status 3
14:39:14 INFO  
14:39:14 INFO  Test duration: 167.24 secs
14:39:14 INFO  Test final outcome:  BLOCKED
14:39:14 INFO  Test outcome reason: SystemError: Timeout while waiting for status FAILED or SUCCESSFUL
14:39:14 INFO  
</system-out>
	</testcase>
</testsuite>
