<?xml version="1.0" encoding="utf-8"?>
<testsuite failures="1" name="SoftwareManagement.sm_apt_install_remove_multiple_mixed" skipped="0" tests="1" time="178.33" timestamp="2022-07-21T21:11:23">
	<testcase classname="PySysTest" name="SoftwareManagement.sm_apt_install_remove_multiple_mixed">
		<failure message="BLOCKED: SystemError: Timeout while waiting for status SUCCESSFUL or False (+1 other failures)" type="BLOCKED"/>
		<system-out>21:08:25 INFO  ==============================================================
21:08:25 INFO  Id:    SoftwareManagement.sm_apt_install_remove_multiple_mixed
21:08:25 INFO  Dir:   software_management_end_to_end/
21:08:25 INFO  Title: Validate end to end behaviour for the apt plugin for multiple packages with mixed versions
21:08:25 INFO  ==============================================================
21:08:25 INFO  Using sw id database: {'asciijump': '5475369', 'robotfindskitten': '5474869', 'squirrel3': '5475279', 'rolldice': '5152439', 'moon-buggy': '5439204', 'apple': '5495053', 'banana': '5494888', 'cherry': '5495382', 'watermelon': '5494510', 'registry': '8018911', 'hello-world': '8021526', 'docker/getting-started': '8021973', 'alpine': '7991792'}
21:08:25 INFO  EnvironmentC8y Setup
21:08:26 INFO  Executed systemctl&lt;serv_mapper1&gt;, exit status 3
21:08:26 INFO  Restarting mosquitto too frequently in the last 10 seconds. It was only up for 4 seconds
21:08:26 INFO  Delaying execution by 7 seconds
21:08:47 INFO  Executed sudo&lt;tedge_connect_c8y&gt;, exit status 0, duration 13 secs
21:08:47 INFO  Executed sudo&lt;tedge_connect_c8y_test&gt;, exit status 0
21:08:48 INFO  Executed systemctl&lt;serv_mosq2&gt;, exit status 0
21:08:48 INFO  Executed systemctl&lt;serv_mapper3&gt;, exit status 0
21:08:51 INFO  State of current operation: SUCCESSFUL
21:08:51 INFO  Assert that (False == value) with value=False ... passed
21:08:51 INFO  Assert that (False == value) with value=False ... passed
21:08:51 INFO  Assert that (False == value) with value=False ... passed
21:08:52 INFO  Assert that (False == value) with value=False ... passed
21:08:52 INFO  Package moon-buggy is installed
21:08:52 WARN  Assert that (False == value) with value=True ... failed 
21:08:53 INFO  Response status: 201
21:08:53 INFO  Response to action: {
    &quot;delivery&quot;: {
        &quot;log&quot;: [],
        &quot;time&quot;: &quot;2022-07-21T21:08:53.527Z&quot;,
        &quot;status&quot;: &quot;PENDING&quot;
    },
    &quot;creationTime&quot;: &quot;2022-07-21T21:08:53.510Z&quot;,
    &quot;deviceId&quot;: &quot;21164556&quot;,
    &quot;deviceName&quot;: &quot;m32sd10a&quot;,
    &quot;self&quot;: &quot;https://t493319102.eu-latest.cumulocity.com/devicecontrol/operations/21187991&quot;,
    &quot;id&quot;: &quot;21187991&quot;,
    &quot;status&quot;: &quot;PENDING&quot;,
    &quot;description&quot;: &quot;Apply software changes, triggered from PySys: [{'action': 'install', 'id': '5475369', 'name': 'asciijump', 'url': ' ', 'version': '::apt'}, {'action': 'install', 'id': '5474869', 'name': 'robotfindskitten', 'url': ' ', 'version': ' '}, {'action': 'install', 'id': '5475279', 'name': 'squirrel3', 'url': ' ', 'version': '3.1-7::apt'}, {'action': 'install', 'id': '5152439', 'name': 'rolldice', 'url': ' ', 'version': '1.16-1+b1'}, {'action': 'install', 'id': '5439204', 'name': 'moon-buggy', 'url': ' ', 'version': '1:1.0.51-12'}, {'action': 'install', 'id': '5475369', 'name': 'asciijump', 'url': ' ', 'version': '::apt'}]&quot;,
    &quot;c8y_SoftwareUpdate&quot;: [
        {
            &quot;name&quot;: &quot;asciijump&quot;,
            &quot;action&quot;: &quot;install&quot;,
            &quot;id&quot;: &quot;5475369&quot;,
            &quot;version&quot;: &quot;::apt&quot;,
            &quot;url&quot;: &quot; &quot;
        },
        {
            &quot;name&quot;: &quot;robotfindskitten&quot;,
            &quot;action&quot;: &quot;install&quot;,
            &quot;id&quot;: &quot;5474869&quot;,
            &quot;version&quot;: &quot; &quot;,
            &quot;url&quot;: &quot; &quot;
        },
        {
            &quot;name&quot;: &quot;squirrel3&quot;,
            &quot;action&quot;: &quot;install&quot;,
            &quot;id&quot;: &quot;5475279&quot;,
            &quot;version&quot;: &quot;3.1-7::apt&quot;,
            &quot;url&quot;: &quot; &quot;
        },
        {
            &quot;name&quot;: &quot;rolldice&quot;,
            &quot;action&quot;: &quot;install&quot;,
            &quot;id&quot;: &quot;5152439&quot;,
            &quot;version&quot;: &quot;1.16-1+b1&quot;,
            &quot;url&quot;: &quot; &quot;
        },
        {
            &quot;name&quot;: &quot;moon-buggy&quot;,
            &quot;action&quot;: &quot;install&quot;,
            &quot;id&quot;: &quot;5439204&quot;,
            &quot;version&quot;: &quot;1:1.0.51-12&quot;,
            &quot;url&quot;: &quot; &quot;
        },
        {
            &quot;name&quot;: &quot;asciijump&quot;,
            &quot;action&quot;: &quot;install&quot;,
            &quot;id&quot;: &quot;5475369&quot;,
            &quot;version&quot;: &quot;::apt&quot;,
            &quot;url&quot;: &quot; &quot;
        }
    ]
}
21:08:53 INFO  Started operation: {'delivery': {'log': [], 'time': '2022-07-21T21:08:53.527Z', 'status': 'PENDING'}, 'creationTime': '2022-07-21T21:08:53.510Z', 'deviceId': '21164556', 'deviceName': 'm32sd10a', 'self': 'https://t493319102.eu-latest.cumulocity.com/devicecontrol/operations/21187991', 'id': '21187991', 'status': 'PENDING', 'description': &quot;Apply software changes, triggered from PySys: [{'action': 'install', 'id': '5475369', 'name': 'asciijump', 'url': ' ', 'version': '::apt'}, {'action': 'install', 'id': '5474869', 'name': 'robotfindskitten', 'url': ' ', 'version': ' '}, {'action': 'install', 'id': '5475279', 'name': 'squirrel3', 'url': ' ', 'version': '3.1-7::apt'}, {'action': 'install', 'id': '5152439', 'name': 'rolldice', 'url': ' ', 'version': '1.16-1+b1'}, {'action': 'install', 'id': '5439204', 'name': 'moon-buggy', 'url': ' ', 'version': '1:1.0.51-12'}, {'action': 'install', 'id': '5475369', 'name': 'asciijump', 'url': ' ', 'version': '::apt'}]&quot;, 'c8y_SoftwareUpdate': [{'name': 'asciijump', 'action': 'install', 'id': '5475369', 'version': '::apt', 'url': ' '}, {'name': 'robotfindskitten', 'action': 'install', 'id': '5474869', 'version': ' ', 'url': ' '}, {'name': 'squirrel3', 'action': 'install', 'id': '5475279', 'version': '3.1-7::apt', 'url': ' '}, {'name': 'rolldice', 'action': 'install', 'id': '5152439', 'version': '1.16-1+b1', 'url': ' '}, {'name': 'moon-buggy', 'action': 'install', 'id': '5439204', 'version': '1:1.0.51-12', 'url': ' '}, {'name': 'asciijump', 'action': 'install', 'id': '5475369', 'version': '::apt', 'url': ' '}]}
21:08:55 INFO  State of operation 21187991 : PENDING
21:08:57 INFO  State of operation 21187991 : EXECUTING
21:09:00 INFO  State of operation 21187991 : EXECUTING
21:09:02 INFO  State of operation 21187991 : EXECUTING
21:09:04 INFO  State of operation 21187991 : EXECUTING
21:09:06 INFO  State of operation 21187991 : EXECUTING
21:09:09 INFO  State of operation 21187991 : EXECUTING
21:09:12 INFO  State of operation 21187991 : EXECUTING
21:09:14 INFO  State of operation 21187991 : EXECUTING
21:09:17 INFO  State of operation 21187991 : EXECUTING
21:09:19 INFO  State of operation 21187991 : EXECUTING
21:09:21 INFO  State of operation 21187991 : EXECUTING
21:09:23 INFO  State of operation 21187991 : EXECUTING
21:09:26 INFO  State of operation 21187991 : EXECUTING
21:09:28 INFO  State of operation 21187991 : EXECUTING
21:09:30 INFO  State of operation 21187991 : EXECUTING
21:09:33 INFO  State of operation 21187991 : EXECUTING
21:09:35 INFO  State of operation 21187991 : EXECUTING
21:09:38 INFO  State of operation 21187991 : EXECUTING
21:09:40 INFO  State of operation 21187991 : EXECUTING
21:09:42 INFO  State of operation 21187991 : EXECUTING
21:09:45 INFO  State of operation 21187991 : EXECUTING
21:09:47 INFO  State of operation 21187991 : EXECUTING
21:09:50 INFO  State of operation 21187991 : EXECUTING
21:09:52 INFO  State of operation 21187991 : EXECUTING
21:09:54 INFO  State of operation 21187991 : EXECUTING
21:09:56 INFO  State of operation 21187991 : EXECUTING
21:09:59 INFO  State of operation 21187991 : EXECUTING
21:10:01 INFO  State of operation 21187991 : EXECUTING
21:10:03 INFO  State of operation 21187991 : EXECUTING
21:10:06 INFO  State of operation 21187991 : EXECUTING
21:10:08 INFO  State of operation 21187991 : EXECUTING
21:10:10 INFO  State of operation 21187991 : EXECUTING
21:10:12 INFO  State of operation 21187991 : EXECUTING
21:10:15 INFO  State of operation 21187991 : EXECUTING
21:10:17 INFO  State of operation 21187991 : EXECUTING
21:10:19 INFO  State of operation 21187991 : EXECUTING
21:10:21 INFO  State of operation 21187991 : EXECUTING
21:10:24 INFO  State of operation 21187991 : EXECUTING
21:10:27 INFO  State of operation 21187991 : EXECUTING
21:10:29 INFO  State of operation 21187991 : EXECUTING
21:10:32 INFO  State of operation 21187991 : EXECUTING
21:10:34 INFO  State of operation 21187991 : EXECUTING
21:10:36 INFO  State of operation 21187991 : EXECUTING
21:10:38 INFO  State of operation 21187991 : EXECUTING
21:10:41 INFO  State of operation 21187991 : EXECUTING
21:10:43 INFO  State of operation 21187991 : EXECUTING
21:10:45 INFO  State of operation 21187991 : EXECUTING
21:10:48 INFO  State of operation 21187991 : EXECUTING
21:10:50 INFO  State of operation 21187991 : EXECUTING
21:10:53 INFO  State of operation 21187991 : EXECUTING
21:10:55 INFO  State of operation 21187991 : EXECUTING
21:10:58 INFO  State of operation 21187991 : EXECUTING
21:11:00 INFO  State of operation 21187991 : EXECUTING
21:11:02 INFO  State of operation 21187991 : EXECUTING
21:11:04 INFO  State of operation 21187991 : EXECUTING
21:11:07 INFO  State of operation 21187991 : EXECUTING
21:11:09 INFO  State of operation 21187991 : EXECUTING
21:11:11 INFO  State of operation 21187991 : EXECUTING
21:11:13 INFO  State of operation 21187991 : EXECUTING
21:11:16 INFO  State of operation 21187991 : EXECUTING
21:11:18 WARN  SystemError occurred while running test - Timeout while waiting for status SUCCESSFUL or False
Traceback (most recent call last):
  File &quot;/home/pi/env-pysys/lib/python3.7/site-packages/pysys/baserunner.py&quot;, line 1294, in __call__
    self.testObj.execute()
  File &quot;/home/pi/actions-runner/_work/thin-edge.io/thin-edge.io/tests/PySys/software_management_end_to_end/sm_apt_install_remove_multiple_mixed/run.py&quot;, line 89, in execute
    self.wait_until_succcess()
  File &quot;/home/pi/actions-runner/_work/thin-edge.io/thin-edge.io/tests/PySys/software_management_end_to_end/environment_sm_management.py&quot;, line 324, in wait_until_succcess
    self.wait_until_status(&quot;SUCCESSFUL&quot;)
  File &quot;/home/pi/actions-runner/_work/thin-edge.io/thin-edge.io/tests/PySys/software_management_end_to_end/environment_sm_management.py&quot;, line 381, in wait_until_status
    &quot;Timeout while waiting for status %s or %s&quot; % (status, status2)
SystemError: Timeout while waiting for status SUCCESSFUL or False
21:11:18 WARN  SystemError: Timeout while waiting for status SUCCESSFUL or False ... blocked 
21:11:18 INFO  
21:11:18 INFO  cleanup:
21:11:23 INFO  Executed sudo&lt;tedge_disconnect_c8y&gt;, exit status 0
21:11:23 INFO  Executed systemctl&lt;serv_mapper5&gt;, exit status 3
21:11:23 INFO  
21:11:23 INFO  Test duration: 178.33 secs
21:11:23 INFO  Test final outcome:  BLOCKED
21:11:23 INFO  Test outcome reason: SystemError: Timeout while waiting for status SUCCESSFUL or False (+1 other failures)
21:11:23 INFO  
</system-out>
	</testcase>
</testsuite>
