<?xml version="1.0" encoding="utf-8"?>
<testsuite failures="1" name="SoftwareManagement.sm_mixed_install_remove_multiple" skipped="0" tests="1" time="166.0" timestamp="2022-07-22T01:52:44">
	<testcase classname="PySysTest" name="SoftwareManagement.sm_mixed_install_remove_multiple">
		<failure message="FAILED: Assert that (False == value) with value=True" type="FAILED"/>
		<system-out>01:49:58 INFO  ==============================================================
01:49:58 INFO  Id:    SoftwareManagement.sm_mixed_install_remove_multiple
01:49:58 INFO  Dir:   software_management_end_to_end/
01:49:58 INFO  Title: Validate end to end behaviour for the dummy-plugin for multiple packages with mixed versions
01:49:58 INFO  ==============================================================
01:49:58 INFO  Using sw id database: {'asciijump': '5475369', 'robotfindskitten': '5474869', 'squirrel3': '5475279', 'rolldice': '5152439', 'moon-buggy': '5439204', 'apple': '5495053', 'banana': '5494888', 'cherry': '5495382', 'watermelon': '5494510', 'registry': '8018911', 'hello-world': '8021526', 'docker/getting-started': '8021973', 'alpine': '7991792'}
01:49:58 INFO  EnvironmentC8y Setup
01:49:58 INFO  Executed systemctl&lt;serv_mapper1&gt;, exit status 3
01:49:58 INFO  Restarting mosquitto too frequently in the last 10 seconds. It was only up for 5 seconds
01:49:58 INFO  Delaying execution by 6 seconds
01:50:19 INFO  Executed sudo&lt;tedge_connect_c8y&gt;, exit status 0, duration 14 secs
01:50:19 INFO  Executed sudo&lt;tedge_connect_c8y_test&gt;, exit status 0
01:50:20 INFO  Executed systemctl&lt;serv_mosq2&gt;, exit status 0
01:50:20 INFO  Executed systemctl&lt;serv_mapper3&gt;, exit status 0
01:50:22 INFO  State of current operation: SUCCESSFUL
01:50:23 INFO  Package apple is installed
01:50:23 INFO  Assert that (True == value) with value=True ... passed
01:50:23 INFO  Package banana is installed
01:50:23 INFO  Assert that (True == value) with value=True ... passed
01:50:23 INFO  Package cherry is installed
01:50:23 INFO  Assert that (True == value) with value=True ... passed
01:50:23 INFO  Package asciijump is installed
01:50:23 WARN  Assert that (False == value) with value=True ... failed 
01:50:24 INFO  Assert that (False == value) with value=False ... passed
01:50:24 INFO  Response status: 201
01:50:24 INFO  Response to action: {
    &quot;delivery&quot;: {
        &quot;log&quot;: [],
        &quot;time&quot;: &quot;2022-07-22T01:50:24.354Z&quot;,
        &quot;status&quot;: &quot;PENDING&quot;
    },
    &quot;creationTime&quot;: &quot;2022-07-22T01:50:24.337Z&quot;,
    &quot;deviceId&quot;: &quot;21164556&quot;,
    &quot;deviceName&quot;: &quot;m32sd10a&quot;,
    &quot;self&quot;: &quot;https://t493319102.eu-latest.cumulocity.com/devicecontrol/operations/21222180&quot;,
    &quot;id&quot;: &quot;21222180&quot;,
    &quot;status&quot;: &quot;PENDING&quot;,
    &quot;description&quot;: &quot;Apply software changes, triggered from PySys: [{'action': 'install', 'id': '5495053', 'name': 'apple', 'url': ' ', 'version': '::fruits'}, {'action': 'install', 'id': '5494888', 'name': 'banana', 'url': ' ', 'version': '::fruits'}, {'action': 'install', 'id': '5475369', 'name': 'asciijump', 'url': ' ', 'version': '::apt'}, {'action': 'install', 'id': '5495382', 'name': 'cherry', 'url': ' ', 'version': '::fruits'}, {'action': 'install', 'id': '8018911', 'name': 'registry', 'url': ' ', 'version': '::docker'}]&quot;,
    &quot;c8y_SoftwareUpdate&quot;: [
        {
            &quot;name&quot;: &quot;apple&quot;,
            &quot;action&quot;: &quot;install&quot;,
            &quot;id&quot;: &quot;5495053&quot;,
            &quot;version&quot;: &quot;::fruits&quot;,
            &quot;url&quot;: &quot; &quot;
        },
        {
            &quot;name&quot;: &quot;banana&quot;,
            &quot;action&quot;: &quot;install&quot;,
            &quot;id&quot;: &quot;5494888&quot;,
            &quot;version&quot;: &quot;::fruits&quot;,
            &quot;url&quot;: &quot; &quot;
        },
        {
            &quot;name&quot;: &quot;asciijump&quot;,
            &quot;action&quot;: &quot;install&quot;,
            &quot;id&quot;: &quot;5475369&quot;,
            &quot;version&quot;: &quot;::apt&quot;,
            &quot;url&quot;: &quot; &quot;
        },
        {
            &quot;name&quot;: &quot;cherry&quot;,
            &quot;action&quot;: &quot;install&quot;,
            &quot;id&quot;: &quot;5495382&quot;,
            &quot;version&quot;: &quot;::fruits&quot;,
            &quot;url&quot;: &quot; &quot;
        },
        {
            &quot;name&quot;: &quot;registry&quot;,
            &quot;action&quot;: &quot;install&quot;,
            &quot;id&quot;: &quot;8018911&quot;,
            &quot;version&quot;: &quot;::docker&quot;,
            &quot;url&quot;: &quot; &quot;
        }
    ]
}
01:50:24 INFO  Started operation: {'delivery': {'log': [], 'time': '2022-07-22T01:50:24.354Z', 'status': 'PENDING'}, 'creationTime': '2022-07-22T01:50:24.337Z', 'deviceId': '21164556', 'deviceName': 'm32sd10a', 'self': 'https://t493319102.eu-latest.cumulocity.com/devicecontrol/operations/21222180', 'id': '21222180', 'status': 'PENDING', 'description': &quot;Apply software changes, triggered from PySys: [{'action': 'install', 'id': '5495053', 'name': 'apple', 'url': ' ', 'version': '::fruits'}, {'action': 'install', 'id': '5494888', 'name': 'banana', 'url': ' ', 'version': '::fruits'}, {'action': 'install', 'id': '5475369', 'name': 'asciijump', 'url': ' ', 'version': '::apt'}, {'action': 'install', 'id': '5495382', 'name': 'cherry', 'url': ' ', 'version': '::fruits'}, {'action': 'install', 'id': '8018911', 'name': 'registry', 'url': ' ', 'version': '::docker'}]&quot;, 'c8y_SoftwareUpdate': [{'name': 'apple', 'action': 'install', 'id': '5495053', 'version': '::fruits', 'url': ' '}, {'name': 'banana', 'action': 'install', 'id': '5494888', 'version': '::fruits', 'url': ' '}, {'name': 'asciijump', 'action': 'install', 'id': '5475369', 'version': '::apt', 'url': ' '}, {'name': 'cherry', 'action': 'install', 'id': '5495382', 'version': '::fruits', 'url': ' '}, {'name': 'registry', 'action': 'install', 'id': '8018911', 'version': '::docker', 'url': ' '}]}
01:50:26 INFO  State of operation 21222180 : PENDING
01:50:28 INFO  State of operation 21222180 : EXECUTING
01:50:31 INFO  State of operation 21222180 : EXECUTING
01:50:33 INFO  State of operation 21222180 : EXECUTING
01:50:35 INFO  State of operation 21222180 : EXECUTING
01:50:37 INFO  State of operation 21222180 : EXECUTING
01:50:40 INFO  State of operation 21222180 : EXECUTING
01:50:43 INFO  State of operation 21222180 : EXECUTING
01:50:45 INFO  State of operation 21222180 : EXECUTING
01:50:48 INFO  State of operation 21222180 : EXECUTING
01:50:50 INFO  State of operation 21222180 : EXECUTING
01:50:52 INFO  State of operation 21222180 : EXECUTING
01:50:54 INFO  State of operation 21222180 : EXECUTING
01:50:57 INFO  State of operation 21222180 : EXECUTING
01:50:59 INFO  State of operation 21222180 : EXECUTING
01:51:01 INFO  State of operation 21222180 : EXECUTING
01:51:03 INFO  State of operation 21222180 : EXECUTING
01:51:06 INFO  State of operation 21222180 : EXECUTING
01:51:08 INFO  State of operation 21222180 : EXECUTING
01:51:10 INFO  State of operation 21222180 : EXECUTING
01:51:12 INFO  State of operation 21222180 : EXECUTING
01:51:15 INFO  State of operation 21222180 : EXECUTING
01:51:17 INFO  State of operation 21222180 : EXECUTING
01:51:19 INFO  State of operation 21222180 : EXECUTING
01:51:22 INFO  State of operation 21222180 : EXECUTING
01:51:24 INFO  State of operation 21222180 : SUCCESSFUL
01:51:24 INFO  Package apple is installed
01:51:24 INFO  Assert that (True == value) with value=True ... passed
01:51:24 INFO  Package banana is installed
01:51:24 INFO  Assert that (True == value) with value=True ... passed
01:51:24 INFO  Package cherry is installed
01:51:24 INFO  Assert that (True == value) with value=True ... passed
01:51:25 INFO  Package asciijump is installed
01:51:25 INFO  Assert that (True == value) with value=True ... passed
01:51:25 INFO  Package registry is installed
01:51:25 INFO  Assert that (True == value) with value=True ... passed
01:51:25 INFO  Response status: 201
01:51:25 INFO  Response to action: {
    &quot;delivery&quot;: {
        &quot;log&quot;: [],
        &quot;time&quot;: &quot;2022-07-22T01:51:25.725Z&quot;,
        &quot;status&quot;: &quot;PENDING&quot;
    },
    &quot;creationTime&quot;: &quot;2022-07-22T01:51:25.700Z&quot;,
    &quot;deviceId&quot;: &quot;21164556&quot;,
    &quot;deviceName&quot;: &quot;m32sd10a&quot;,
    &quot;self&quot;: &quot;https://t493319102.eu-latest.cumulocity.com/devicecontrol/operations/21222190&quot;,
    &quot;id&quot;: &quot;21222190&quot;,
    &quot;status&quot;: &quot;PENDING&quot;,
    &quot;description&quot;: &quot;Apply software changes, triggered from PySys: [{'action': 'delete', 'id': '5495053', 'name': 'apple', 'url': ' ', 'version': '::fruits'}, {'action': 'delete', 'id': '5494888', 'name': 'banana', 'url': ' ', 'version': '::fruits'}, {'action': 'delete', 'id': '5475369', 'name': 'asciijump', 'url': ' ', 'version': '::apt'}, {'action': 'delete', 'id': '5495382', 'name': 'cherry', 'url': ' ', 'version': '::fruits'}, {'action': 'delete', 'id': '8018911', 'name': 'registry', 'url': ' ', 'version': '::docker'}]&quot;,
    &quot;c8y_SoftwareUpdate&quot;: [
        {
            &quot;name&quot;: &quot;apple&quot;,
            &quot;action&quot;: &quot;delete&quot;,
            &quot;id&quot;: &quot;5495053&quot;,
            &quot;version&quot;: &quot;::fruits&quot;,
            &quot;url&quot;: &quot; &quot;
        },
        {
            &quot;name&quot;: &quot;banana&quot;,
            &quot;action&quot;: &quot;delete&quot;,
            &quot;id&quot;: &quot;5494888&quot;,
            &quot;version&quot;: &quot;::fruits&quot;,
            &quot;url&quot;: &quot; &quot;
        },
        {
            &quot;name&quot;: &quot;asciijump&quot;,
            &quot;action&quot;: &quot;delete&quot;,
            &quot;id&quot;: &quot;5475369&quot;,
            &quot;version&quot;: &quot;::apt&quot;,
            &quot;url&quot;: &quot; &quot;
        },
        {
            &quot;name&quot;: &quot;cherry&quot;,
            &quot;action&quot;: &quot;delete&quot;,
            &quot;id&quot;: &quot;5495382&quot;,
            &quot;version&quot;: &quot;::fruits&quot;,
            &quot;url&quot;: &quot; &quot;
        },
        {
            &quot;name&quot;: &quot;registry&quot;,
            &quot;action&quot;: &quot;delete&quot;,
            &quot;id&quot;: &quot;8018911&quot;,
            &quot;version&quot;: &quot;::docker&quot;,
            &quot;url&quot;: &quot; &quot;
        }
    ]
}
01:51:25 INFO  Started operation: {'delivery': {'log': [], 'time': '2022-07-22T01:51:25.725Z', 'status': 'PENDING'}, 'creationTime': '2022-07-22T01:51:25.700Z', 'deviceId': '21164556', 'deviceName': 'm32sd10a', 'self': 'https://t493319102.eu-latest.cumulocity.com/devicecontrol/operations/21222190', 'id': '21222190', 'status': 'PENDING', 'description': &quot;Apply software changes, triggered from PySys: [{'action': 'delete', 'id': '5495053', 'name': 'apple', 'url': ' ', 'version': '::fruits'}, {'action': 'delete', 'id': '5494888', 'name': 'banana', 'url': ' ', 'version': '::fruits'}, {'action': 'delete', 'id': '5475369', 'name': 'asciijump', 'url': ' ', 'version': '::apt'}, {'action': 'delete', 'id': '5495382', 'name': 'cherry', 'url': ' ', 'version': '::fruits'}, {'action': 'delete', 'id': '8018911', 'name': 'registry', 'url': ' ', 'version': '::docker'}]&quot;, 'c8y_SoftwareUpdate': [{'name': 'apple', 'action': 'delete', 'id': '5495053', 'version': '::fruits', 'url': ' '}, {'name': 'banana', 'action': 'delete', 'id': '5494888', 'version': '::fruits', 'url': ' '}, {'name': 'asciijump', 'action': 'delete', 'id': '5475369', 'version': '::apt', 'url': ' '}, {'name': 'cherry', 'action': 'delete', 'id': '5495382', 'version': '::fruits', 'url': ' '}, {'name': 'registry', 'action': 'delete', 'id': '8018911', 'version': '::docker', 'url': ' '}]}
01:51:27 INFO  State of operation 21222190 : PENDING
01:51:30 INFO  State of operation 21222190 : EXECUTING
01:51:32 INFO  State of operation 21222190 : EXECUTING
01:51:34 INFO  State of operation 21222190 : EXECUTING
01:51:36 INFO  State of operation 21222190 : EXECUTING
01:51:39 INFO  State of operation 21222190 : EXECUTING
01:51:41 INFO  State of operation 21222190 : EXECUTING
01:51:44 INFO  State of operation 21222190 : EXECUTING
01:51:46 INFO  State of operation 21222190 : EXECUTING
01:51:49 INFO  State of operation 21222190 : EXECUTING
01:51:51 INFO  State of operation 21222190 : EXECUTING
01:51:53 INFO  State of operation 21222190 : EXECUTING
01:51:55 INFO  State of operation 21222190 : EXECUTING
01:51:58 INFO  State of operation 21222190 : EXECUTING
01:52:00 INFO  State of operation 21222190 : EXECUTING
01:52:02 INFO  State of operation 21222190 : EXECUTING
01:52:05 INFO  State of operation 21222190 : EXECUTING
01:52:08 INFO  State of operation 21222190 : EXECUTING
01:52:10 INFO  State of operation 21222190 : EXECUTING
01:52:12 INFO  State of operation 21222190 : EXECUTING
01:52:14 INFO  State of operation 21222190 : EXECUTING
01:52:17 INFO  State of operation 21222190 : EXECUTING
01:52:19 INFO  State of operation 21222190 : EXECUTING
01:52:22 INFO  State of operation 21222190 : EXECUTING
01:52:24 INFO  State of operation 21222190 : EXECUTING
01:52:26 INFO  State of operation 21222190 : EXECUTING
01:52:28 INFO  State of operation 21222190 : EXECUTING
01:52:31 INFO  State of operation 21222190 : EXECUTING
01:52:33 INFO  State of operation 21222190 : EXECUTING
01:52:35 INFO  State of operation 21222190 : EXECUTING
01:52:37 INFO  State of operation 21222190 : SUCCESSFUL
01:52:38 INFO  Package apple is installed
01:52:38 INFO  Assert that (True == value) with value=True ... passed
01:52:38 INFO  Package banana is installed
01:52:38 INFO  Assert that (True == value) with value=True ... passed
01:52:38 INFO  Package cherry is installed
01:52:38 INFO  Assert that (True == value) with value=True ... passed
01:52:38 INFO  Assert that (False == value) with value=False ... passed
01:52:39 INFO  Assert that (False == value) with value=False ... passed
01:52:39 INFO  
01:52:39 INFO  cleanup:
01:52:43 INFO  Executed sudo&lt;tedge_disconnect_c8y&gt;, exit status 0
01:52:44 INFO  Executed systemctl&lt;serv_mapper5&gt;, exit status 3
01:52:44 INFO  
01:52:44 INFO  Test duration: 166.00 secs
01:52:44 INFO  Test final outcome:  FAILED
01:52:44 INFO  Test outcome reason: Assert that (False == value) with value=True
01:52:44 INFO  
</system-out>
	</testcase>
</testsuite>
