<?xml version="1.0" encoding="utf-8"?>
<testsuite failures="1" name="SoftwareManagement.sm_mixed_install_remove_multiple" skipped="0" tests="1" time="164.12" timestamp="2022-07-22T17:11:34">
	<testcase classname="PySysTest" name="SoftwareManagement.sm_mixed_install_remove_multiple">
		<failure message="FAILED: Assert that (False == value) with value=True" type="FAILED"/>
		<system-out>17:08:50 INFO  ==============================================================
17:08:50 INFO  Id:    SoftwareManagement.sm_mixed_install_remove_multiple
17:08:50 INFO  Dir:   software_management_end_to_end/
17:08:50 INFO  Title: Validate end to end behaviour for the dummy-plugin for multiple packages with mixed versions
17:08:50 INFO  ==============================================================
17:08:50 INFO  Using sw id database: {'asciijump': '5475369', 'robotfindskitten': '5474869', 'squirrel3': '5475279', 'rolldice': '5152439', 'moon-buggy': '5439204', 'apple': '5495053', 'banana': '5494888', 'cherry': '5495382', 'watermelon': '5494510', 'registry': '8018911', 'hello-world': '8021526', 'docker/getting-started': '8021973', 'alpine': '7991792'}
17:08:50 INFO  EnvironmentC8y Setup
17:08:51 INFO  Executed systemctl&lt;serv_mapper1&gt;, exit status 3
17:08:51 INFO  Restarting mosquitto too frequently in the last 10 seconds. It was only up for 5 seconds
17:08:51 INFO  Delaying execution by 6 seconds
17:09:11 INFO  Executed sudo&lt;tedge_connect_c8y&gt;, exit status 0, duration 14 secs
17:09:12 INFO  Executed sudo&lt;tedge_connect_c8y_test&gt;, exit status 0
17:09:12 INFO  Executed systemctl&lt;serv_mosq2&gt;, exit status 0
17:09:13 INFO  Executed systemctl&lt;serv_mapper3&gt;, exit status 0
17:09:15 INFO  State of current operation: SUCCESSFUL
17:09:15 INFO  Package apple is installed
17:09:15 INFO  Assert that (True == value) with value=True ... passed
17:09:15 INFO  Package banana is installed
17:09:15 INFO  Assert that (True == value) with value=True ... passed
17:09:16 INFO  Package cherry is installed
17:09:16 INFO  Assert that (True == value) with value=True ... passed
17:09:16 INFO  Package asciijump is installed
17:09:16 WARN  Assert that (False == value) with value=True ... failed 
17:09:16 INFO  Assert that (False == value) with value=False ... passed
17:09:16 INFO  Response status: 201
17:09:16 INFO  Response to action: {
    &quot;creationTime&quot;: &quot;2022-07-22T17:09:16.826Z&quot;,
    &quot;deviceId&quot;: &quot;21282123&quot;,
    &quot;deviceName&quot;: &quot;m32sd10a&quot;,
    &quot;self&quot;: &quot;https://t493319102.eu-latest.cumulocity.com/devicecontrol/operations/21301707&quot;,
    &quot;id&quot;: &quot;21301707&quot;,
    &quot;status&quot;: &quot;PENDING&quot;,
    &quot;description&quot;: &quot;Apply software changes, triggered from PySys: [{'action': 'install', 'id': '5495053', 'name': 'apple', 'url': ' ', 'version': '::fruits'}, {'action': 'install', 'id': '5494888', 'name': 'banana', 'url': ' ', 'version': '::fruits'}, {'action': 'install', 'id': '5475369', 'name': 'asciijump', 'url': ' ', 'version': '::apt'}, {'action': 'install', 'id': '5495382', 'name': 'cherry', 'url': ' ', 'version': '::fruits'}, {'action': 'install', 'id': '8018911', 'name': 'registry', 'url': ' ', 'version': '::docker'}]&quot;,
    &quot;c8y_SoftwareUpdate&quot;: [
        {
            &quot;name&quot;: &quot;apple&quot;,
            &quot;action&quot;: &quot;install&quot;,
            &quot;id&quot;: &quot;5495053&quot;,
            &quot;version&quot;: &quot;::fruits&quot;,
            &quot;url&quot;: &quot; &quot;
        },
        {
            &quot;name&quot;: &quot;banana&quot;,
            &quot;action&quot;: &quot;install&quot;,
            &quot;id&quot;: &quot;5494888&quot;,
            &quot;version&quot;: &quot;::fruits&quot;,
            &quot;url&quot;: &quot; &quot;
        },
        {
            &quot;name&quot;: &quot;asciijump&quot;,
            &quot;action&quot;: &quot;install&quot;,
            &quot;id&quot;: &quot;5475369&quot;,
            &quot;version&quot;: &quot;::apt&quot;,
            &quot;url&quot;: &quot; &quot;
        },
        {
            &quot;name&quot;: &quot;cherry&quot;,
            &quot;action&quot;: &quot;install&quot;,
            &quot;id&quot;: &quot;5495382&quot;,
            &quot;version&quot;: &quot;::fruits&quot;,
            &quot;url&quot;: &quot; &quot;
        },
        {
            &quot;name&quot;: &quot;registry&quot;,
            &quot;action&quot;: &quot;install&quot;,
            &quot;id&quot;: &quot;8018911&quot;,
            &quot;version&quot;: &quot;::docker&quot;,
            &quot;url&quot;: &quot; &quot;
        }
    ]
}
17:09:16 INFO  Started operation: {'creationTime': '2022-07-22T17:09:16.826Z', 'deviceId': '21282123', 'deviceName': 'm32sd10a', 'self': 'https://t493319102.eu-latest.cumulocity.com/devicecontrol/operations/21301707', 'id': '21301707', 'status': 'PENDING', 'description': &quot;Apply software changes, triggered from PySys: [{'action': 'install', 'id': '5495053', 'name': 'apple', 'url': ' ', 'version': '::fruits'}, {'action': 'install', 'id': '5494888', 'name': 'banana', 'url': ' ', 'version': '::fruits'}, {'action': 'install', 'id': '5475369', 'name': 'asciijump', 'url': ' ', 'version': '::apt'}, {'action': 'install', 'id': '5495382', 'name': 'cherry', 'url': ' ', 'version': '::fruits'}, {'action': 'install', 'id': '8018911', 'name': 'registry', 'url': ' ', 'version': '::docker'}]&quot;, 'c8y_SoftwareUpdate': [{'name': 'apple', 'action': 'install', 'id': '5495053', 'version': '::fruits', 'url': ' '}, {'name': 'banana', 'action': 'install', 'id': '5494888', 'version': '::fruits', 'url': ' '}, {'name': 'asciijump', 'action': 'install', 'id': '5475369', 'version': '::apt', 'url': ' '}, {'name': 'cherry', 'action': 'install', 'id': '5495382', 'version': '::fruits', 'url': ' '}, {'name': 'registry', 'action': 'install', 'id': '8018911', 'version': '::docker', 'url': ' '}]}
17:09:19 INFO  State of operation 21301707 : PENDING
17:09:21 INFO  State of operation 21301707 : EXECUTING
17:09:23 INFO  State of operation 21301707 : EXECUTING
17:09:25 INFO  State of operation 21301707 : EXECUTING
17:09:28 INFO  State of operation 21301707 : EXECUTING
17:09:30 INFO  State of operation 21301707 : EXECUTING
17:09:32 INFO  State of operation 21301707 : EXECUTING
17:09:35 INFO  State of operation 21301707 : EXECUTING
17:09:37 INFO  State of operation 21301707 : EXECUTING
17:09:40 INFO  State of operation 21301707 : EXECUTING
17:09:42 INFO  State of operation 21301707 : EXECUTING
17:09:44 INFO  State of operation 21301707 : EXECUTING
17:09:46 INFO  State of operation 21301707 : EXECUTING
17:09:49 INFO  State of operation 21301707 : EXECUTING
17:09:51 INFO  State of operation 21301707 : EXECUTING
17:09:53 INFO  State of operation 21301707 : EXECUTING
17:09:55 INFO  State of operation 21301707 : EXECUTING
17:09:58 INFO  State of operation 21301707 : EXECUTING
17:10:00 INFO  State of operation 21301707 : EXECUTING
17:10:02 INFO  State of operation 21301707 : EXECUTING
17:10:05 INFO  State of operation 21301707 : EXECUTING
17:10:07 INFO  State of operation 21301707 : EXECUTING
17:10:09 INFO  State of operation 21301707 : EXECUTING
17:10:12 INFO  State of operation 21301707 : EXECUTING
17:10:14 INFO  State of operation 21301707 : EXECUTING
17:10:16 INFO  State of operation 21301707 : SUCCESSFUL
17:10:16 INFO  Package apple is installed
17:10:16 INFO  Assert that (True == value) with value=True ... passed
17:10:16 INFO  Package banana is installed
17:10:16 INFO  Assert that (True == value) with value=True ... passed
17:10:17 INFO  Package cherry is installed
17:10:17 INFO  Assert that (True == value) with value=True ... passed
17:10:17 INFO  Package asciijump is installed
17:10:17 INFO  Assert that (True == value) with value=True ... passed
17:10:17 INFO  Package registry is installed
17:10:17 INFO  Assert that (True == value) with value=True ... passed
17:10:17 INFO  Response status: 201
17:10:17 INFO  Response to action: {
    &quot;creationTime&quot;: &quot;2022-07-22T17:10:17.832Z&quot;,
    &quot;deviceId&quot;: &quot;21282123&quot;,
    &quot;deviceName&quot;: &quot;m32sd10a&quot;,
    &quot;self&quot;: &quot;https://t493319102.eu-latest.cumulocity.com/devicecontrol/operations/21301709&quot;,
    &quot;id&quot;: &quot;21301709&quot;,
    &quot;status&quot;: &quot;PENDING&quot;,
    &quot;description&quot;: &quot;Apply software changes, triggered from PySys: [{'action': 'delete', 'id': '5495053', 'name': 'apple', 'url': ' ', 'version': '::fruits'}, {'action': 'delete', 'id': '5494888', 'name': 'banana', 'url': ' ', 'version': '::fruits'}, {'action': 'delete', 'id': '5475369', 'name': 'asciijump', 'url': ' ', 'version': '::apt'}, {'action': 'delete', 'id': '5495382', 'name': 'cherry', 'url': ' ', 'version': '::fruits'}, {'action': 'delete', 'id': '8018911', 'name': 'registry', 'url': ' ', 'version': '::docker'}]&quot;,
    &quot;c8y_SoftwareUpdate&quot;: [
        {
            &quot;name&quot;: &quot;apple&quot;,
            &quot;action&quot;: &quot;delete&quot;,
            &quot;id&quot;: &quot;5495053&quot;,
            &quot;version&quot;: &quot;::fruits&quot;,
            &quot;url&quot;: &quot; &quot;
        },
        {
            &quot;name&quot;: &quot;banana&quot;,
            &quot;action&quot;: &quot;delete&quot;,
            &quot;id&quot;: &quot;5494888&quot;,
            &quot;version&quot;: &quot;::fruits&quot;,
            &quot;url&quot;: &quot; &quot;
        },
        {
            &quot;name&quot;: &quot;asciijump&quot;,
            &quot;action&quot;: &quot;delete&quot;,
            &quot;id&quot;: &quot;5475369&quot;,
            &quot;version&quot;: &quot;::apt&quot;,
            &quot;url&quot;: &quot; &quot;
        },
        {
            &quot;name&quot;: &quot;cherry&quot;,
            &quot;action&quot;: &quot;delete&quot;,
            &quot;id&quot;: &quot;5495382&quot;,
            &quot;version&quot;: &quot;::fruits&quot;,
            &quot;url&quot;: &quot; &quot;
        },
        {
            &quot;name&quot;: &quot;registry&quot;,
            &quot;action&quot;: &quot;delete&quot;,
            &quot;id&quot;: &quot;8018911&quot;,
            &quot;version&quot;: &quot;::docker&quot;,
            &quot;url&quot;: &quot; &quot;
        }
    ]
}
17:10:17 INFO  Started operation: {'creationTime': '2022-07-22T17:10:17.832Z', 'deviceId': '21282123', 'deviceName': 'm32sd10a', 'self': 'https://t493319102.eu-latest.cumulocity.com/devicecontrol/operations/21301709', 'id': '21301709', 'status': 'PENDING', 'description': &quot;Apply software changes, triggered from PySys: [{'action': 'delete', 'id': '5495053', 'name': 'apple', 'url': ' ', 'version': '::fruits'}, {'action': 'delete', 'id': '5494888', 'name': 'banana', 'url': ' ', 'version': '::fruits'}, {'action': 'delete', 'id': '5475369', 'name': 'asciijump', 'url': ' ', 'version': '::apt'}, {'action': 'delete', 'id': '5495382', 'name': 'cherry', 'url': ' ', 'version': '::fruits'}, {'action': 'delete', 'id': '8018911', 'name': 'registry', 'url': ' ', 'version': '::docker'}]&quot;, 'c8y_SoftwareUpdate': [{'name': 'apple', 'action': 'delete', 'id': '5495053', 'version': '::fruits', 'url': ' '}, {'name': 'banana', 'action': 'delete', 'id': '5494888', 'version': '::fruits', 'url': ' '}, {'name': 'asciijump', 'action': 'delete', 'id': '5475369', 'version': '::apt', 'url': ' '}, {'name': 'cherry', 'action': 'delete', 'id': '5495382', 'version': '::fruits', 'url': ' '}, {'name': 'registry', 'action': 'delete', 'id': '8018911', 'version': '::docker', 'url': ' '}]}
17:10:20 INFO  State of operation 21301709 : PENDING
17:10:22 INFO  State of operation 21301709 : EXECUTING
17:10:24 INFO  State of operation 21301709 : EXECUTING
17:10:26 INFO  State of operation 21301709 : EXECUTING
17:10:29 INFO  State of operation 21301709 : EXECUTING
17:10:31 INFO  State of operation 21301709 : EXECUTING
17:10:34 INFO  State of operation 21301709 : EXECUTING
17:10:36 INFO  State of operation 21301709 : EXECUTING
17:10:39 INFO  State of operation 21301709 : EXECUTING
17:10:41 INFO  State of operation 21301709 : EXECUTING
17:10:43 INFO  State of operation 21301709 : EXECUTING
17:10:45 INFO  State of operation 21301709 : EXECUTING
17:10:48 INFO  State of operation 21301709 : EXECUTING
17:10:50 INFO  State of operation 21301709 : EXECUTING
17:10:52 INFO  State of operation 21301709 : EXECUTING
17:10:55 INFO  State of operation 21301709 : EXECUTING
17:10:58 INFO  State of operation 21301709 : EXECUTING
17:11:01 INFO  State of operation 21301709 : EXECUTING
17:11:03 INFO  State of operation 21301709 : EXECUTING
17:11:05 INFO  State of operation 21301709 : EXECUTING
17:11:07 INFO  State of operation 21301709 : EXECUTING
17:11:09 INFO  State of operation 21301709 : EXECUTING
17:11:12 INFO  State of operation 21301709 : EXECUTING
17:11:14 INFO  State of operation 21301709 : EXECUTING
17:11:17 INFO  State of operation 21301709 : EXECUTING
17:11:19 INFO  State of operation 21301709 : EXECUTING
17:11:21 INFO  State of operation 21301709 : EXECUTING
17:11:24 INFO  State of operation 21301709 : EXECUTING
17:11:26 INFO  State of operation 21301709 : EXECUTING
17:11:28 INFO  State of operation 21301709 : SUCCESSFUL
17:11:28 INFO  Package apple is installed
17:11:28 INFO  Assert that (True == value) with value=True ... passed
17:11:29 INFO  Package banana is installed
17:11:29 INFO  Assert that (True == value) with value=True ... passed
17:11:29 INFO  Package cherry is installed
17:11:29 INFO  Assert that (True == value) with value=True ... passed
17:11:29 INFO  Assert that (False == value) with value=False ... passed
17:11:29 INFO  Assert that (False == value) with value=False ... passed
17:11:29 INFO  
17:11:29 INFO  cleanup:
17:11:34 INFO  Executed sudo&lt;tedge_disconnect_c8y&gt;, exit status 0
17:11:34 INFO  Executed systemctl&lt;serv_mapper5&gt;, exit status 3
17:11:34 INFO  
17:11:34 INFO  Test duration: 164.12 secs
17:11:34 INFO  Test final outcome:  FAILED
17:11:34 INFO  Test outcome reason: Assert that (False == value) with value=True
17:11:34 INFO  
</system-out>
	</testcase>
</testsuite>
