<?xml version="1.0" encoding="utf-8"?>
<testsuite failures="1" name="SoftwareManagement.sm_apt_install_remove_multiple" skipped="0" tests="1" time="138.23" timestamp="2022-07-22T01:40:19">
	<testcase classname="PySysTest" name="SoftwareManagement.sm_apt_install_remove_multiple">
		<failure message="FAILED: Assert that (False == value) with value=True (+2 other failures)" type="FAILED"/>
		<system-out>01:38:01 INFO  ==============================================================
01:38:01 INFO  Id:    SoftwareManagement.sm_apt_install_remove_multiple
01:38:01 INFO  Dir:   software_management_end_to_end/
01:38:01 INFO  Title: Validate end to end behaviour for the apt plugin for multiple packages
01:38:01 INFO  ==============================================================
01:38:01 INFO  Using sw id database: {'asciijump': '5475369', 'robotfindskitten': '5474869', 'squirrel3': '5475279', 'rolldice': '5152439', 'moon-buggy': '5439204', 'apple': '5495053', 'banana': '5494888', 'cherry': '5495382', 'watermelon': '5494510', 'registry': '8018911', 'hello-world': '8021526', 'docker/getting-started': '8021973', 'alpine': '7991792'}
01:38:01 INFO  EnvironmentC8y Setup
01:38:01 INFO  Executed systemctl&lt;serv_mapper1&gt;, exit status 3
01:38:01 INFO  Restarting mosquitto too frequently in the last 10 seconds. It was only up for 5 seconds
01:38:01 INFO  Delaying execution by 6 seconds
01:38:21 INFO  Executed sudo&lt;tedge_connect_c8y&gt;, exit status 0, duration 14 secs
01:38:22 INFO  Executed sudo&lt;tedge_connect_c8y_test&gt;, exit status 0
01:38:22 INFO  Executed systemctl&lt;serv_mosq2&gt;, exit status 0
01:38:23 INFO  Executed systemctl&lt;serv_mapper3&gt;, exit status 0
01:38:25 INFO  State of current operation: SUCCESSFUL
01:38:25 INFO  Assert that (False == value) with value=False ... passed
01:38:26 INFO  Package asciijump is installed
01:38:26 WARN  Assert that (False == value) with value=True ... failed 
01:38:26 INFO  Package squirrel3 is installed
01:38:26 WARN  Assert that (False == value) with value=True ... failed 
01:38:26 INFO  Package robotfindskitten is installed
01:38:27 WARN  Assert that (False == value) with value=True ... failed 
01:38:27 INFO  Response status: 201
01:38:27 INFO  Response to action: {
    &quot;creationTime&quot;: &quot;2022-07-22T01:38:27.191Z&quot;,
    &quot;deviceId&quot;: &quot;21164556&quot;,
    &quot;deviceName&quot;: &quot;m32sd10a&quot;,
    &quot;self&quot;: &quot;https://t493319102.eu-latest.cumulocity.com/devicecontrol/operations/21214076&quot;,
    &quot;id&quot;: &quot;21214076&quot;,
    &quot;status&quot;: &quot;PENDING&quot;,
    &quot;description&quot;: &quot;Apply software changes, triggered from PySys: [{'action': 'install', 'id': '5475369', 'name': 'asciijump', 'url': ' ', 'version': '::apt'}, {'action': 'install', 'id': '5474869', 'name': 'robotfindskitten', 'url': ' ', 'version': '::apt'}, {'action': 'install', 'id': '5475279', 'name': 'squirrel3', 'url': ' ', 'version': '::apt'}]&quot;,
    &quot;c8y_SoftwareUpdate&quot;: [
        {
            &quot;name&quot;: &quot;asciijump&quot;,
            &quot;action&quot;: &quot;install&quot;,
            &quot;id&quot;: &quot;5475369&quot;,
            &quot;version&quot;: &quot;::apt&quot;,
            &quot;url&quot;: &quot; &quot;
        },
        {
            &quot;name&quot;: &quot;robotfindskitten&quot;,
            &quot;action&quot;: &quot;install&quot;,
            &quot;id&quot;: &quot;5474869&quot;,
            &quot;version&quot;: &quot;::apt&quot;,
            &quot;url&quot;: &quot; &quot;
        },
        {
            &quot;name&quot;: &quot;squirrel3&quot;,
            &quot;action&quot;: &quot;install&quot;,
            &quot;id&quot;: &quot;5475279&quot;,
            &quot;version&quot;: &quot;::apt&quot;,
            &quot;url&quot;: &quot; &quot;
        }
    ]
}
01:38:27 INFO  Started operation: {'creationTime': '2022-07-22T01:38:27.191Z', 'deviceId': '21164556', 'deviceName': 'm32sd10a', 'self': 'https://t493319102.eu-latest.cumulocity.com/devicecontrol/operations/21214076', 'id': '21214076', 'status': 'PENDING', 'description': &quot;Apply software changes, triggered from PySys: [{'action': 'install', 'id': '5475369', 'name': 'asciijump', 'url': ' ', 'version': '::apt'}, {'action': 'install', 'id': '5474869', 'name': 'robotfindskitten', 'url': ' ', 'version': '::apt'}, {'action': 'install', 'id': '5475279', 'name': 'squirrel3', 'url': ' ', 'version': '::apt'}]&quot;, 'c8y_SoftwareUpdate': [{'name': 'asciijump', 'action': 'install', 'id': '5475369', 'version': '::apt', 'url': ' '}, {'name': 'robotfindskitten', 'action': 'install', 'id': '5474869', 'version': '::apt', 'url': ' '}, {'name': 'squirrel3', 'action': 'install', 'id': '5475279', 'version': '::apt', 'url': ' '}]}
01:38:29 INFO  State of operation 21214076 : PENDING
01:38:31 INFO  State of operation 21214076 : EXECUTING
01:38:33 INFO  State of operation 21214076 : EXECUTING
01:38:36 INFO  State of operation 21214076 : EXECUTING
01:38:38 INFO  State of operation 21214076 : EXECUTING
01:38:40 INFO  State of operation 21214076 : EXECUTING
01:38:43 INFO  State of operation 21214076 : EXECUTING
01:38:45 INFO  State of operation 21214076 : EXECUTING
01:38:48 INFO  State of operation 21214076 : EXECUTING
01:38:50 INFO  State of operation 21214076 : EXECUTING
01:38:52 INFO  State of operation 21214076 : EXECUTING
01:38:55 INFO  State of operation 21214076 : EXECUTING
01:38:57 INFO  State of operation 21214076 : EXECUTING
01:38:59 INFO  State of operation 21214076 : EXECUTING
01:39:01 INFO  State of operation 21214076 : EXECUTING
01:39:04 INFO  State of operation 21214076 : SUCCESSFUL
01:39:04 INFO  Assert that (False == value) with value=False ... passed
01:39:04 INFO  Package asciijump is installed
01:39:04 INFO  Assert that (True == value) with value=True ... passed
01:39:04 INFO  Package squirrel3 is installed
01:39:04 INFO  Assert that (True == value) with value=True ... passed
01:39:05 INFO  Package robotfindskitten is installed
01:39:05 INFO  Assert that (True == value) with value=True ... passed
01:39:05 INFO  Response status: 201
01:39:05 INFO  Response to action: {
    &quot;creationTime&quot;: &quot;2022-07-22T01:39:05.255Z&quot;,
    &quot;deviceId&quot;: &quot;21164556&quot;,
    &quot;deviceName&quot;: &quot;m32sd10a&quot;,
    &quot;self&quot;: &quot;https://t493319102.eu-latest.cumulocity.com/devicecontrol/operations/21214082&quot;,
    &quot;id&quot;: &quot;21214082&quot;,
    &quot;status&quot;: &quot;PENDING&quot;,
    &quot;description&quot;: &quot;Apply software changes, triggered from PySys: [{'action': 'delete', 'id': '5475369', 'name': 'asciijump', 'url': ' ', 'version': '::apt'}, {'action': 'delete', 'id': '5474869', 'name': 'robotfindskitten', 'url': ' ', 'version': '::apt'}, {'action': 'delete', 'id': '5475279', 'name': 'squirrel3', 'url': ' ', 'version': '::apt'}]&quot;,
    &quot;c8y_SoftwareUpdate&quot;: [
        {
            &quot;name&quot;: &quot;asciijump&quot;,
            &quot;action&quot;: &quot;delete&quot;,
            &quot;id&quot;: &quot;5475369&quot;,
            &quot;version&quot;: &quot;::apt&quot;,
            &quot;url&quot;: &quot; &quot;
        },
        {
            &quot;name&quot;: &quot;robotfindskitten&quot;,
            &quot;action&quot;: &quot;delete&quot;,
            &quot;id&quot;: &quot;5474869&quot;,
            &quot;version&quot;: &quot;::apt&quot;,
            &quot;url&quot;: &quot; &quot;
        },
        {
            &quot;name&quot;: &quot;squirrel3&quot;,
            &quot;action&quot;: &quot;delete&quot;,
            &quot;id&quot;: &quot;5475279&quot;,
            &quot;version&quot;: &quot;::apt&quot;,
            &quot;url&quot;: &quot; &quot;
        }
    ]
}
01:39:05 INFO  Started operation: {'creationTime': '2022-07-22T01:39:05.255Z', 'deviceId': '21164556', 'deviceName': 'm32sd10a', 'self': 'https://t493319102.eu-latest.cumulocity.com/devicecontrol/operations/21214082', 'id': '21214082', 'status': 'PENDING', 'description': &quot;Apply software changes, triggered from PySys: [{'action': 'delete', 'id': '5475369', 'name': 'asciijump', 'url': ' ', 'version': '::apt'}, {'action': 'delete', 'id': '5474869', 'name': 'robotfindskitten', 'url': ' ', 'version': '::apt'}, {'action': 'delete', 'id': '5475279', 'name': 'squirrel3', 'url': ' ', 'version': '::apt'}]&quot;, 'c8y_SoftwareUpdate': [{'name': 'asciijump', 'action': 'delete', 'id': '5475369', 'version': '::apt', 'url': ' '}, {'name': 'robotfindskitten', 'action': 'delete', 'id': '5474869', 'version': '::apt', 'url': ' '}, {'name': 'squirrel3', 'action': 'delete', 'id': '5475279', 'version': '::apt', 'url': ' '}]}
01:39:07 INFO  State of operation 21214082 : PENDING
01:39:09 INFO  State of operation 21214082 : EXECUTING
01:39:12 INFO  State of operation 21214082 : EXECUTING
01:39:14 INFO  State of operation 21214082 : EXECUTING
01:39:16 INFO  State of operation 21214082 : EXECUTING
01:39:18 INFO  State of operation 21214082 : EXECUTING
01:39:21 INFO  State of operation 21214082 : EXECUTING
01:39:24 INFO  State of operation 21214082 : EXECUTING
01:39:26 INFO  State of operation 21214082 : EXECUTING
01:39:29 INFO  State of operation 21214082 : EXECUTING
01:39:31 INFO  State of operation 21214082 : EXECUTING
01:39:33 INFO  State of operation 21214082 : EXECUTING
01:39:35 INFO  State of operation 21214082 : EXECUTING
01:39:38 INFO  State of operation 21214082 : EXECUTING
01:39:40 INFO  State of operation 21214082 : EXECUTING
01:39:42 INFO  State of operation 21214082 : EXECUTING
01:39:44 INFO  State of operation 21214082 : EXECUTING
01:39:47 INFO  State of operation 21214082 : EXECUTING
01:39:49 INFO  State of operation 21214082 : EXECUTING
01:39:52 INFO  State of operation 21214082 : EXECUTING
01:39:54 INFO  State of operation 21214082 : EXECUTING
01:39:56 INFO  State of operation 21214082 : EXECUTING
01:39:59 INFO  State of operation 21214082 : EXECUTING
01:40:01 INFO  State of operation 21214082 : EXECUTING
01:40:03 INFO  State of operation 21214082 : EXECUTING
01:40:06 INFO  State of operation 21214082 : EXECUTING
01:40:08 INFO  State of operation 21214082 : EXECUTING
01:40:11 INFO  State of operation 21214082 : EXECUTING
01:40:13 INFO  State of operation 21214082 : SUCCESSFUL
01:40:13 INFO  Assert that (False == value) with value=False ... passed
01:40:13 INFO  Assert that (False == value) with value=False ... passed
01:40:14 INFO  Assert that (False == value) with value=False ... passed
01:40:14 INFO  Assert that (False == value) with value=False ... passed
01:40:14 INFO  
01:40:14 INFO  cleanup:
01:40:18 INFO  Executed sudo&lt;tedge_disconnect_c8y&gt;, exit status 0
01:40:19 INFO  Executed systemctl&lt;serv_mapper5&gt;, exit status 3
01:40:19 INFO  
01:40:19 INFO  Test duration: 138.23 secs
01:40:19 INFO  Test final outcome:  FAILED
01:40:19 INFO  Test outcome reason: Assert that (False == value) with value=True (+2 other failures)
01:40:19 INFO  
</system-out>
	</testcase>
</testsuite>
