<?xml version="1.0" encoding="utf-8"?>
<testsuite failures="1" name="SoftwareManagement.sm_mixed_install_remove_multiple" skipped="0" tests="1" time="168.96" timestamp="2022-07-26T17:39:33">
	<testcase classname="PySysTest" name="SoftwareManagement.sm_mixed_install_remove_multiple">
		<failure message="FAILED: Assert that (False == value) with value=True" type="FAILED"/>
		<system-out>17:36:44 INFO  ==============================================================
17:36:44 INFO  Id:    SoftwareManagement.sm_mixed_install_remove_multiple
17:36:44 INFO  Dir:   software_management_end_to_end/
17:36:44 INFO  Title: Validate end to end behaviour for the dummy-plugin for multiple packages with mixed versions
17:36:44 INFO  ==============================================================
17:36:44 INFO  Using sw id database: {'asciijump': '5475369', 'robotfindskitten': '5474869', 'squirrel3': '5475279', 'rolldice': '5152439', 'moon-buggy': '5439204', 'apple': '5495053', 'banana': '5494888', 'cherry': '5495382', 'watermelon': '5494510', 'registry': '8018911', 'hello-world': '8021526', 'docker/getting-started': '8021973', 'alpine': '7991792'}
17:36:44 INFO  EnvironmentC8y Setup
17:36:45 INFO  Executed systemctl&lt;serv_mapper1&gt;, exit status 3
17:36:45 INFO  Restarting mosquitto too frequently in the last 10 seconds. It was only up for 4 seconds
17:36:45 INFO  Delaying execution by 7 seconds
17:37:06 INFO  Executed sudo&lt;tedge_connect_c8y&gt;, exit status 0, duration 14 secs
17:37:07 INFO  Executed sudo&lt;tedge_connect_c8y_test&gt;, exit status 0
17:37:07 INFO  Executed systemctl&lt;serv_mosq2&gt;, exit status 0
17:37:08 INFO  Executed systemctl&lt;serv_mapper3&gt;, exit status 0
17:37:10 INFO  State of current operation: SUCCESSFUL
17:37:10 INFO  Package apple is installed
17:37:10 INFO  Assert that (True == value) with value=True ... passed
17:37:10 INFO  Package banana is installed
17:37:10 INFO  Assert that (True == value) with value=True ... passed
17:37:11 INFO  Package cherry is installed
17:37:11 INFO  Assert that (True == value) with value=True ... passed
17:37:11 INFO  Package asciijump is installed
17:37:11 WARN  Assert that (False == value) with value=True ... failed 
17:37:11 INFO  Assert that (False == value) with value=False ... passed
17:37:11 INFO  Response status: 201
17:37:11 INFO  Response to action: {
    &quot;creationTime&quot;: &quot;2022-07-26T17:37:11.816Z&quot;,
    &quot;deviceId&quot;: &quot;21435314&quot;,
    &quot;deviceName&quot;: &quot;m32sd10a&quot;,
    &quot;self&quot;: &quot;https://t493319102.eu-latest.cumulocity.com/devicecontrol/operations/21453457&quot;,
    &quot;id&quot;: &quot;21453457&quot;,
    &quot;status&quot;: &quot;PENDING&quot;,
    &quot;description&quot;: &quot;Apply software changes, triggered from PySys: [{'action': 'install', 'id': '5495053', 'name': 'apple', 'url': ' ', 'version': '::fruits'}, {'action': 'install', 'id': '5494888', 'name': 'banana', 'url': ' ', 'version': '::fruits'}, {'action': 'install', 'id': '5475369', 'name': 'asciijump', 'url': ' ', 'version': '::apt'}, {'action': 'install', 'id': '5495382', 'name': 'cherry', 'url': ' ', 'version': '::fruits'}, {'action': 'install', 'id': '8018911', 'name': 'registry', 'url': ' ', 'version': '::docker'}]&quot;,
    &quot;c8y_SoftwareUpdate&quot;: [
        {
            &quot;name&quot;: &quot;apple&quot;,
            &quot;action&quot;: &quot;install&quot;,
            &quot;id&quot;: &quot;5495053&quot;,
            &quot;version&quot;: &quot;::fruits&quot;,
            &quot;url&quot;: &quot; &quot;
        },
        {
            &quot;name&quot;: &quot;banana&quot;,
            &quot;action&quot;: &quot;install&quot;,
            &quot;id&quot;: &quot;5494888&quot;,
            &quot;version&quot;: &quot;::fruits&quot;,
            &quot;url&quot;: &quot; &quot;
        },
        {
            &quot;name&quot;: &quot;asciijump&quot;,
            &quot;action&quot;: &quot;install&quot;,
            &quot;id&quot;: &quot;5475369&quot;,
            &quot;version&quot;: &quot;::apt&quot;,
            &quot;url&quot;: &quot; &quot;
        },
        {
            &quot;name&quot;: &quot;cherry&quot;,
            &quot;action&quot;: &quot;install&quot;,
            &quot;id&quot;: &quot;5495382&quot;,
            &quot;version&quot;: &quot;::fruits&quot;,
            &quot;url&quot;: &quot; &quot;
        },
        {
            &quot;name&quot;: &quot;registry&quot;,
            &quot;action&quot;: &quot;install&quot;,
            &quot;id&quot;: &quot;8018911&quot;,
            &quot;version&quot;: &quot;::docker&quot;,
            &quot;url&quot;: &quot; &quot;
        }
    ]
}
17:37:11 INFO  Started operation: {'creationTime': '2022-07-26T17:37:11.816Z', 'deviceId': '21435314', 'deviceName': 'm32sd10a', 'self': 'https://t493319102.eu-latest.cumulocity.com/devicecontrol/operations/21453457', 'id': '21453457', 'status': 'PENDING', 'description': &quot;Apply software changes, triggered from PySys: [{'action': 'install', 'id': '5495053', 'name': 'apple', 'url': ' ', 'version': '::fruits'}, {'action': 'install', 'id': '5494888', 'name': 'banana', 'url': ' ', 'version': '::fruits'}, {'action': 'install', 'id': '5475369', 'name': 'asciijump', 'url': ' ', 'version': '::apt'}, {'action': 'install', 'id': '5495382', 'name': 'cherry', 'url': ' ', 'version': '::fruits'}, {'action': 'install', 'id': '8018911', 'name': 'registry', 'url': ' ', 'version': '::docker'}]&quot;, 'c8y_SoftwareUpdate': [{'name': 'apple', 'action': 'install', 'id': '5495053', 'version': '::fruits', 'url': ' '}, {'name': 'banana', 'action': 'install', 'id': '5494888', 'version': '::fruits', 'url': ' '}, {'name': 'asciijump', 'action': 'install', 'id': '5475369', 'version': '::apt', 'url': ' '}, {'name': 'cherry', 'action': 'install', 'id': '5495382', 'version': '::fruits', 'url': ' '}, {'name': 'registry', 'action': 'install', 'id': '8018911', 'version': '::docker', 'url': ' '}]}
17:37:14 INFO  State of operation 21453457 : PENDING
17:37:16 INFO  State of operation 21453457 : EXECUTING
17:37:18 INFO  State of operation 21453457 : EXECUTING
17:37:20 INFO  State of operation 21453457 : EXECUTING
17:37:23 INFO  State of operation 21453457 : EXECUTING
17:37:25 INFO  State of operation 21453457 : EXECUTING
17:37:28 INFO  State of operation 21453457 : EXECUTING
17:37:31 INFO  State of operation 21453457 : EXECUTING
17:37:33 INFO  State of operation 21453457 : EXECUTING
17:37:35 INFO  State of operation 21453457 : EXECUTING
17:37:37 INFO  State of operation 21453457 : EXECUTING
17:37:40 INFO  State of operation 21453457 : EXECUTING
17:37:42 INFO  State of operation 21453457 : EXECUTING
17:37:44 INFO  State of operation 21453457 : EXECUTING
17:37:46 INFO  State of operation 21453457 : EXECUTING
17:37:49 INFO  State of operation 21453457 : EXECUTING
17:37:51 INFO  State of operation 21453457 : EXECUTING
17:37:54 INFO  State of operation 21453457 : EXECUTING
17:37:56 INFO  State of operation 21453457 : EXECUTING
17:37:58 INFO  State of operation 21453457 : EXECUTING
17:38:00 INFO  State of operation 21453457 : EXECUTING
17:38:03 INFO  State of operation 21453457 : EXECUTING
17:38:05 INFO  State of operation 21453457 : EXECUTING
17:38:07 INFO  State of operation 21453457 : EXECUTING
17:38:09 INFO  State of operation 21453457 : EXECUTING
17:38:12 INFO  State of operation 21453457 : EXECUTING
17:38:14 INFO  State of operation 21453457 : SUCCESSFUL
17:38:14 INFO  Package apple is installed
17:38:14 INFO  Assert that (True == value) with value=True ... passed
17:38:14 INFO  Package banana is installed
17:38:14 INFO  Assert that (True == value) with value=True ... passed
17:38:15 INFO  Package cherry is installed
17:38:15 INFO  Assert that (True == value) with value=True ... passed
17:38:15 INFO  Package asciijump is installed
17:38:15 INFO  Assert that (True == value) with value=True ... passed
17:38:15 INFO  Package registry is installed
17:38:15 INFO  Assert that (True == value) with value=True ... passed
17:38:15 INFO  Response status: 201
17:38:15 INFO  Response to action: {
    &quot;creationTime&quot;: &quot;2022-07-26T17:38:15.806Z&quot;,
    &quot;deviceId&quot;: &quot;21435314&quot;,
    &quot;deviceName&quot;: &quot;m32sd10a&quot;,
    &quot;self&quot;: &quot;https://t493319102.eu-latest.cumulocity.com/devicecontrol/operations/21453464&quot;,
    &quot;id&quot;: &quot;21453464&quot;,
    &quot;status&quot;: &quot;PENDING&quot;,
    &quot;description&quot;: &quot;Apply software changes, triggered from PySys: [{'action': 'delete', 'id': '5495053', 'name': 'apple', 'url': ' ', 'version': '::fruits'}, {'action': 'delete', 'id': '5494888', 'name': 'banana', 'url': ' ', 'version': '::fruits'}, {'action': 'delete', 'id': '5475369', 'name': 'asciijump', 'url': ' ', 'version': '::apt'}, {'action': 'delete', 'id': '5495382', 'name': 'cherry', 'url': ' ', 'version': '::fruits'}, {'action': 'delete', 'id': '8018911', 'name': 'registry', 'url': ' ', 'version': '::docker'}]&quot;,
    &quot;c8y_SoftwareUpdate&quot;: [
        {
            &quot;name&quot;: &quot;apple&quot;,
            &quot;action&quot;: &quot;delete&quot;,
            &quot;id&quot;: &quot;5495053&quot;,
            &quot;version&quot;: &quot;::fruits&quot;,
            &quot;url&quot;: &quot; &quot;
        },
        {
            &quot;name&quot;: &quot;banana&quot;,
            &quot;action&quot;: &quot;delete&quot;,
            &quot;id&quot;: &quot;5494888&quot;,
            &quot;version&quot;: &quot;::fruits&quot;,
            &quot;url&quot;: &quot; &quot;
        },
        {
            &quot;name&quot;: &quot;asciijump&quot;,
            &quot;action&quot;: &quot;delete&quot;,
            &quot;id&quot;: &quot;5475369&quot;,
            &quot;version&quot;: &quot;::apt&quot;,
            &quot;url&quot;: &quot; &quot;
        },
        {
            &quot;name&quot;: &quot;cherry&quot;,
            &quot;action&quot;: &quot;delete&quot;,
            &quot;id&quot;: &quot;5495382&quot;,
            &quot;version&quot;: &quot;::fruits&quot;,
            &quot;url&quot;: &quot; &quot;
        },
        {
            &quot;name&quot;: &quot;registry&quot;,
            &quot;action&quot;: &quot;delete&quot;,
            &quot;id&quot;: &quot;8018911&quot;,
            &quot;version&quot;: &quot;::docker&quot;,
            &quot;url&quot;: &quot; &quot;
        }
    ]
}
17:38:15 INFO  Started operation: {'creationTime': '2022-07-26T17:38:15.806Z', 'deviceId': '21435314', 'deviceName': 'm32sd10a', 'self': 'https://t493319102.eu-latest.cumulocity.com/devicecontrol/operations/21453464', 'id': '21453464', 'status': 'PENDING', 'description': &quot;Apply software changes, triggered from PySys: [{'action': 'delete', 'id': '5495053', 'name': 'apple', 'url': ' ', 'version': '::fruits'}, {'action': 'delete', 'id': '5494888', 'name': 'banana', 'url': ' ', 'version': '::fruits'}, {'action': 'delete', 'id': '5475369', 'name': 'asciijump', 'url': ' ', 'version': '::apt'}, {'action': 'delete', 'id': '5495382', 'name': 'cherry', 'url': ' ', 'version': '::fruits'}, {'action': 'delete', 'id': '8018911', 'name': 'registry', 'url': ' ', 'version': '::docker'}]&quot;, 'c8y_SoftwareUpdate': [{'name': 'apple', 'action': 'delete', 'id': '5495053', 'version': '::fruits', 'url': ' '}, {'name': 'banana', 'action': 'delete', 'id': '5494888', 'version': '::fruits', 'url': ' '}, {'name': 'asciijump', 'action': 'delete', 'id': '5475369', 'version': '::apt', 'url': ' '}, {'name': 'cherry', 'action': 'delete', 'id': '5495382', 'version': '::fruits', 'url': ' '}, {'name': 'registry', 'action': 'delete', 'id': '8018911', 'version': '::docker', 'url': ' '}]}
17:38:18 INFO  State of operation 21453464 : PENDING
17:38:20 INFO  State of operation 21453464 : EXECUTING
17:38:22 INFO  State of operation 21453464 : EXECUTING
17:38:24 INFO  State of operation 21453464 : EXECUTING
17:38:26 INFO  State of operation 21453464 : EXECUTING
17:38:29 INFO  State of operation 21453464 : EXECUTING
17:38:31 INFO  State of operation 21453464 : EXECUTING
17:38:35 INFO  State of operation 21453464 : EXECUTING
17:38:37 INFO  State of operation 21453464 : EXECUTING
17:38:39 INFO  State of operation 21453464 : EXECUTING
17:38:41 INFO  State of operation 21453464 : EXECUTING
17:38:44 INFO  State of operation 21453464 : EXECUTING
17:38:46 INFO  State of operation 21453464 : EXECUTING
17:38:48 INFO  State of operation 21453464 : EXECUTING
17:38:50 INFO  State of operation 21453464 : EXECUTING
17:38:53 INFO  State of operation 21453464 : EXECUTING
17:38:57 INFO  State of operation 21453464 : EXECUTING
17:38:59 INFO  State of operation 21453464 : EXECUTING
17:39:01 INFO  State of operation 21453464 : EXECUTING
17:39:04 INFO  State of operation 21453464 : EXECUTING
17:39:06 INFO  State of operation 21453464 : EXECUTING
17:39:08 INFO  State of operation 21453464 : EXECUTING
17:39:11 INFO  State of operation 21453464 : EXECUTING
17:39:13 INFO  State of operation 21453464 : EXECUTING
17:39:15 INFO  State of operation 21453464 : EXECUTING
17:39:17 INFO  State of operation 21453464 : EXECUTING
17:39:20 INFO  State of operation 21453464 : EXECUTING
17:39:22 INFO  State of operation 21453464 : EXECUTING
17:39:24 INFO  State of operation 21453464 : EXECUTING
17:39:27 INFO  State of operation 21453464 : SUCCESSFUL
17:39:27 INFO  Package apple is installed
17:39:27 INFO  Assert that (True == value) with value=True ... passed
17:39:27 INFO  Package banana is installed
17:39:27 INFO  Assert that (True == value) with value=True ... passed
17:39:28 INFO  Package cherry is installed
17:39:28 INFO  Assert that (True == value) with value=True ... passed
17:39:28 INFO  Assert that (False == value) with value=False ... passed
17:39:28 INFO  Assert that (False == value) with value=False ... passed
17:39:28 INFO  
17:39:28 INFO  cleanup:
17:39:33 INFO  Executed sudo&lt;tedge_disconnect_c8y&gt;, exit status 0
17:39:33 INFO  Executed systemctl&lt;serv_mapper5&gt;, exit status 3
17:39:33 INFO  
17:39:33 INFO  Test duration: 168.96 secs
17:39:33 INFO  Test final outcome:  FAILED
17:39:33 INFO  Test outcome reason: Assert that (False == value) with value=True
17:39:33 INFO  
</system-out>
	</testcase>
</testsuite>
