<?xml version="1.0" encoding="utf-8"?>
<testsuite failures="1" name="SoftwareManagement.Plugin.apama_plugin_update" skipped="0" tests="1" time="22.17" timestamp="2022-06-20T15:59:08">
	<testcase classname="ApamaPluginUpdateTest" name="SoftwareManagement.Plugin.apama_plugin_update">
		<failure message="BLOCKED: sudo&lt;plugin_install&gt; returned non-zero exit code 2" type="BLOCKED"/>
		<system-out>15:58:46 INFO  ==============================================================
15:58:46 INFO  Id:    SoftwareManagement.Plugin.apama_plugin_update
15:58:46 INFO  Dir:   plugin_apama/
15:58:46 INFO  Title: Validate apama plugin updating one project with another
15:58:46 INFO  ==============================================================
15:58:46 INFO  Assertion that path exists=False for &quot;/etc/tedge/apama/project&quot; ... passed
15:58:46 INFO  Executed sudo&lt;create_project_dir&gt;, exit status 0
15:58:47 INFO  Executed sudo&lt;unzip_apama_project&gt;, exit status 0
15:58:48 INFO  Executed sudo&lt;move_apama_project&gt;, exit status 0
15:58:48 INFO  Executed sudo&lt;restart_apama_service&gt;, exit status 0
15:58:49 INFO  Executed sudo&lt;apama_correlator_wait&gt;, exit status 0
15:58:49 INFO  Assertion that path exists=True for &quot;/etc/tedge/apama/project&quot; ... passed
15:58:50 INFO  Executed sudo&lt;apama_list_monitors&gt;, exit status 0
15:58:50 INFO  Grep on file /home/pi/actions-runner/_work/thin-edge.io/thin-edge.io/tests/PySys/plugin_apama/apama_plugin_update/Output/linux/apama_list_monitors.out ... passed
15:58:50 WARN  Executed sudo&lt;plugin_install&gt;, exit status 2
15:58:50 INFO  Contents of plugin_install.err: 
  ERROR: Directory not empty (os error 39)
  -----

15:58:51 WARN  sudo&lt;plugin_install&gt; returned non-zero exit code 2 ... blocked [run.py:35]
15:58:51 WARN  Aborted test due to BLOCKED outcome
15:58:51 INFO  
15:58:51 INFO  cleanup:
15:58:51 INFO  Removing apama project
15:59:07 INFO  Executed sudo&lt;stop_apama_service&gt;, exit status 0, duration 16 secs
15:59:08 INFO  Executed sudo&lt;remove_apama_project&gt;, exit status 0
15:59:08 INFO  Executed sudo&lt;remove_apama_tmp_dir&gt;, exit status 0
15:59:08 INFO  
15:59:08 INFO  Test duration: 22.17 secs
15:59:08 INFO  Test final outcome:  BLOCKED
15:59:08 INFO  Test outcome reason: sudo&lt;plugin_install&gt; returned non-zero exit code 2
15:59:08 INFO  
</system-out>
	</testcase>
</testsuite>
