<?xml version="1.0" encoding="utf-8"?>
<testsuite failures="1" name="SoftwareManagement.sm_apt_install_remove" skipped="0" tests="1" time="165.59" timestamp="2022-05-23T17:59:34">
	<testcase classname="PySysTest" name="SoftwareManagement.sm_apt_install_remove">
		<failure message="BLOCKED: SystemError: Timeout while waiting for status FAILED or SUCCESSFUL" type="BLOCKED"/>
		<system-out>17:56:48 INFO  ==============================================================
17:56:48 INFO  Id:    SoftwareManagement.sm_apt_install_remove
17:56:48 INFO  Dir:   software_management_end_to_end/
17:56:48 INFO  Title: Validate end to end behaviour for the apt plugin for installation and removal of packages
17:56:48 INFO  ==============================================================
17:56:48 INFO  Using sw id database: {'asciijump': '5475369', 'robotfindskitten': '5474869', 'squirrel3': '5475279', 'rolldice': '5152439', 'moon-buggy': '5439204', 'apple': '5495053', 'banana': '5494888', 'cherry': '5495382', 'watermelon': '5494510', 'registry': '8018911', 'hello-world': '8021526', 'docker/getting-started': '8021973', 'alpine': '7991792'}
17:56:48 INFO  EnvironmentC8y Setup
17:56:49 INFO  Executed systemctl&lt;serv_mapper1&gt;, exit status 3
17:56:49 INFO  Restarting mosquitto too frequently in the last 10 seconds. It was only up for 5 seconds
17:56:49 INFO  Delaying execution by 6 seconds
17:57:09 INFO  Executed sudo&lt;tedge_connect_c8y&gt;, exit status 0, duration 14 secs
17:57:10 INFO  Executed sudo&lt;tedge_connect_c8y_test&gt;, exit status 0
17:57:10 INFO  Executed systemctl&lt;serv_mosq2&gt;, exit status 0
17:57:11 INFO  Executed systemctl&lt;serv_mapper3&gt;, exit status 0
17:57:13 INFO  State of current operation: PENDING
17:57:15 INFO  State of current operation: PENDING
17:57:17 INFO  State of current operation: PENDING
17:57:20 INFO  State of current operation: PENDING
17:57:22 INFO  State of current operation: PENDING
17:57:24 INFO  State of current operation: PENDING
17:57:26 INFO  State of current operation: PENDING
17:57:28 INFO  State of current operation: PENDING
17:57:31 INFO  State of current operation: PENDING
17:57:33 INFO  State of current operation: PENDING
17:57:35 INFO  State of current operation: PENDING
17:57:37 INFO  State of current operation: PENDING
17:57:40 INFO  State of current operation: PENDING
17:57:42 INFO  State of current operation: PENDING
17:57:44 INFO  State of current operation: PENDING
17:57:46 INFO  State of current operation: PENDING
17:57:48 INFO  State of current operation: PENDING
17:57:51 INFO  State of current operation: PENDING
17:57:53 INFO  State of current operation: PENDING
17:57:55 INFO  State of current operation: PENDING
17:57:57 INFO  State of current operation: PENDING
17:58:00 INFO  State of current operation: PENDING
17:58:02 INFO  State of current operation: PENDING
17:58:04 INFO  State of current operation: PENDING
17:58:06 INFO  State of current operation: PENDING
17:58:09 INFO  State of current operation: PENDING
17:58:11 INFO  State of current operation: PENDING
17:58:13 INFO  State of current operation: PENDING
17:58:15 INFO  State of current operation: PENDING
17:58:18 INFO  State of current operation: PENDING
17:58:20 INFO  State of current operation: PENDING
17:58:22 INFO  State of current operation: PENDING
17:58:24 INFO  State of current operation: PENDING
17:58:27 INFO  State of current operation: PENDING
17:58:29 INFO  State of current operation: PENDING
17:58:31 INFO  State of current operation: PENDING
17:58:33 INFO  State of current operation: PENDING
17:58:36 INFO  State of current operation: PENDING
17:58:38 INFO  State of current operation: PENDING
17:58:40 INFO  State of current operation: PENDING
17:58:42 INFO  State of current operation: PENDING
17:58:45 INFO  State of current operation: PENDING
17:58:47 INFO  State of current operation: PENDING
17:58:49 INFO  State of current operation: PENDING
17:58:51 INFO  State of current operation: PENDING
17:58:53 INFO  State of current operation: PENDING
17:58:56 INFO  State of current operation: PENDING
17:58:58 INFO  State of current operation: PENDING
17:59:00 INFO  State of current operation: PENDING
17:59:02 INFO  State of current operation: PENDING
17:59:05 INFO  State of current operation: PENDING
17:59:07 INFO  State of current operation: PENDING
17:59:09 INFO  State of current operation: PENDING
17:59:11 INFO  State of current operation: PENDING
17:59:14 INFO  State of current operation: PENDING
17:59:16 INFO  State of current operation: PENDING
17:59:18 INFO  State of current operation: PENDING
17:59:20 INFO  State of current operation: PENDING
17:59:23 INFO  State of current operation: PENDING
17:59:25 INFO  State of current operation: PENDING
17:59:27 INFO  State of current operation: PENDING
17:59:29 WARN  SystemError occurred while running test - Timeout while waiting for status FAILED or SUCCESSFUL
Traceback (most recent call last):
  File &quot;/home/pi/env-pysys/lib/python3.7/site-packages/pysys/baserunner.py&quot;, line 1292, in __call__
    self.testObj.setup()
  File &quot;/home/pi/actions-runner/_work/thin-edge.io/thin-edge.io/tests/PySys/software_management_end_to_end/sm_apt_install_remove/run.py&quot;, line 27, in setup
    super().setup()
  File &quot;/home/pi/actions-runner/_work/thin-edge.io/thin-edge.io/tests/PySys/software_management_end_to_end/environment_sm_management.py&quot;, line 151, in setup
    self.wait_until_end()
  File &quot;/home/pi/actions-runner/_work/thin-edge.io/thin-edge.io/tests/PySys/software_management_end_to_end/environment_sm_management.py&quot;, line 332, in wait_until_end
    self.wait_until_status(&quot;FAILED&quot;, &quot;SUCCESSFUL&quot;)
  File &quot;/home/pi/actions-runner/_work/thin-edge.io/thin-edge.io/tests/PySys/software_management_end_to_end/environment_sm_management.py&quot;, line 381, in wait_until_status
    &quot;Timeout while waiting for status %s or %s&quot; % (status, status2)
SystemError: Timeout while waiting for status FAILED or SUCCESSFUL
17:59:29 WARN  SystemError: Timeout while waiting for status FAILED or SUCCESSFUL ... blocked 
17:59:29 INFO  
17:59:29 INFO  cleanup:
17:59:33 INFO  Executed sudo&lt;tedge_disconnect_c8y&gt;, exit status 0
17:59:34 INFO  Executed systemctl&lt;serv_mapper5&gt;, exit status 3
17:59:34 INFO  
17:59:34 INFO  Test duration: 165.59 secs
17:59:34 INFO  Test final outcome:  BLOCKED
17:59:34 INFO  Test outcome reason: SystemError: Timeout while waiting for status FAILED or SUCCESSFUL
17:59:34 INFO  
</system-out>
	</testcase>
</testsuite>
