<?xml version="1.0" encoding="utf-8"?>
<testsuite failures="1" name="SoftwareManagement.sm_mixed_install_remove_multiple" skipped="0" tests="1" time="164.36" timestamp="2022-07-25T16:27:55">
	<testcase classname="PySysTest" name="SoftwareManagement.sm_mixed_install_remove_multiple">
		<failure message="FAILED: Assert that (False == value) with value=True" type="FAILED"/>
		<system-out>16:25:10 INFO  ==============================================================
16:25:10 INFO  Id:    SoftwareManagement.sm_mixed_install_remove_multiple
16:25:10 INFO  Dir:   software_management_end_to_end/
16:25:10 INFO  Title: Validate end to end behaviour for the dummy-plugin for multiple packages with mixed versions
16:25:10 INFO  ==============================================================
16:25:10 INFO  Using sw id database: {'asciijump': '5475369', 'robotfindskitten': '5474869', 'squirrel3': '5475279', 'rolldice': '5152439', 'moon-buggy': '5439204', 'apple': '5495053', 'banana': '5494888', 'cherry': '5495382', 'watermelon': '5494510', 'registry': '8018911', 'hello-world': '8021526', 'docker/getting-started': '8021973', 'alpine': '7991792'}
16:25:10 INFO  EnvironmentC8y Setup
16:25:11 INFO  Executed systemctl&lt;serv_mapper1&gt;, exit status 3
16:25:11 INFO  Restarting mosquitto too frequently in the last 10 seconds. It was only up for 5 seconds
16:25:11 INFO  Delaying execution by 6 seconds
16:25:31 INFO  Executed sudo&lt;tedge_connect_c8y&gt;, exit status 0, duration 14 secs
16:25:32 INFO  Executed sudo&lt;tedge_connect_c8y_test&gt;, exit status 0
16:25:32 INFO  Executed systemctl&lt;serv_mosq2&gt;, exit status 0
16:25:33 INFO  Executed systemctl&lt;serv_mapper3&gt;, exit status 0
16:25:35 INFO  State of current operation: SUCCESSFUL
16:25:35 INFO  Package apple is installed
16:25:35 INFO  Assert that (True == value) with value=True ... passed
16:25:36 INFO  Package banana is installed
16:25:36 INFO  Assert that (True == value) with value=True ... passed
16:25:36 INFO  Package cherry is installed
16:25:36 INFO  Assert that (True == value) with value=True ... passed
16:25:36 INFO  Package asciijump is installed
16:25:37 WARN  Assert that (False == value) with value=True ... failed 
16:25:37 INFO  Assert that (False == value) with value=False ... passed
16:25:37 INFO  Response status: 201
16:25:37 INFO  Response to action: {
    &quot;creationTime&quot;: &quot;2022-07-25T16:25:37.432Z&quot;,
    &quot;deviceId&quot;: &quot;21391561&quot;,
    &quot;deviceName&quot;: &quot;m32sd10a&quot;,
    &quot;self&quot;: &quot;https://t493319102.eu-latest.cumulocity.com/devicecontrol/operations/21415467&quot;,
    &quot;id&quot;: &quot;21415467&quot;,
    &quot;status&quot;: &quot;PENDING&quot;,
    &quot;description&quot;: &quot;Apply software changes, triggered from PySys: [{'action': 'install', 'id': '5495053', 'name': 'apple', 'url': ' ', 'version': '::fruits'}, {'action': 'install', 'id': '5494888', 'name': 'banana', 'url': ' ', 'version': '::fruits'}, {'action': 'install', 'id': '5475369', 'name': 'asciijump', 'url': ' ', 'version': '::apt'}, {'action': 'install', 'id': '5495382', 'name': 'cherry', 'url': ' ', 'version': '::fruits'}, {'action': 'install', 'id': '8018911', 'name': 'registry', 'url': ' ', 'version': '::docker'}]&quot;,
    &quot;c8y_SoftwareUpdate&quot;: [
        {
            &quot;name&quot;: &quot;apple&quot;,
            &quot;action&quot;: &quot;install&quot;,
            &quot;id&quot;: &quot;5495053&quot;,
            &quot;version&quot;: &quot;::fruits&quot;,
            &quot;url&quot;: &quot; &quot;
        },
        {
            &quot;name&quot;: &quot;banana&quot;,
            &quot;action&quot;: &quot;install&quot;,
            &quot;id&quot;: &quot;5494888&quot;,
            &quot;version&quot;: &quot;::fruits&quot;,
            &quot;url&quot;: &quot; &quot;
        },
        {
            &quot;name&quot;: &quot;asciijump&quot;,
            &quot;action&quot;: &quot;install&quot;,
            &quot;id&quot;: &quot;5475369&quot;,
            &quot;version&quot;: &quot;::apt&quot;,
            &quot;url&quot;: &quot; &quot;
        },
        {
            &quot;name&quot;: &quot;cherry&quot;,
            &quot;action&quot;: &quot;install&quot;,
            &quot;id&quot;: &quot;5495382&quot;,
            &quot;version&quot;: &quot;::fruits&quot;,
            &quot;url&quot;: &quot; &quot;
        },
        {
            &quot;name&quot;: &quot;registry&quot;,
            &quot;action&quot;: &quot;install&quot;,
            &quot;id&quot;: &quot;8018911&quot;,
            &quot;version&quot;: &quot;::docker&quot;,
            &quot;url&quot;: &quot; &quot;
        }
    ]
}
16:25:37 INFO  Started operation: {'creationTime': '2022-07-25T16:25:37.432Z', 'deviceId': '21391561', 'deviceName': 'm32sd10a', 'self': 'https://t493319102.eu-latest.cumulocity.com/devicecontrol/operations/21415467', 'id': '21415467', 'status': 'PENDING', 'description': &quot;Apply software changes, triggered from PySys: [{'action': 'install', 'id': '5495053', 'name': 'apple', 'url': ' ', 'version': '::fruits'}, {'action': 'install', 'id': '5494888', 'name': 'banana', 'url': ' ', 'version': '::fruits'}, {'action': 'install', 'id': '5475369', 'name': 'asciijump', 'url': ' ', 'version': '::apt'}, {'action': 'install', 'id': '5495382', 'name': 'cherry', 'url': ' ', 'version': '::fruits'}, {'action': 'install', 'id': '8018911', 'name': 'registry', 'url': ' ', 'version': '::docker'}]&quot;, 'c8y_SoftwareUpdate': [{'name': 'apple', 'action': 'install', 'id': '5495053', 'version': '::fruits', 'url': ' '}, {'name': 'banana', 'action': 'install', 'id': '5494888', 'version': '::fruits', 'url': ' '}, {'name': 'asciijump', 'action': 'install', 'id': '5475369', 'version': '::apt', 'url': ' '}, {'name': 'cherry', 'action': 'install', 'id': '5495382', 'version': '::fruits', 'url': ' '}, {'name': 'registry', 'action': 'install', 'id': '8018911', 'version': '::docker', 'url': ' '}]}
16:25:39 INFO  State of operation 21415467 : PENDING
16:25:41 INFO  State of operation 21415467 : EXECUTING
16:25:44 INFO  State of operation 21415467 : EXECUTING
16:25:46 INFO  State of operation 21415467 : EXECUTING
16:25:48 INFO  State of operation 21415467 : EXECUTING
16:25:51 INFO  State of operation 21415467 : EXECUTING
16:25:53 INFO  State of operation 21415467 : EXECUTING
16:25:56 INFO  State of operation 21415467 : EXECUTING
16:25:58 INFO  State of operation 21415467 : EXECUTING
16:26:01 INFO  State of operation 21415467 : EXECUTING
16:26:03 INFO  State of operation 21415467 : EXECUTING
16:26:05 INFO  State of operation 21415467 : EXECUTING
16:26:07 INFO  State of operation 21415467 : EXECUTING
16:26:10 INFO  State of operation 21415467 : EXECUTING
16:26:12 INFO  State of operation 21415467 : EXECUTING
16:26:14 INFO  State of operation 21415467 : EXECUTING
16:26:16 INFO  State of operation 21415467 : EXECUTING
16:26:19 INFO  State of operation 21415467 : EXECUTING
16:26:21 INFO  State of operation 21415467 : EXECUTING
16:26:23 INFO  State of operation 21415467 : EXECUTING
16:26:25 INFO  State of operation 21415467 : EXECUTING
16:26:28 INFO  State of operation 21415467 : EXECUTING
16:26:30 INFO  State of operation 21415467 : EXECUTING
16:26:32 INFO  State of operation 21415467 : EXECUTING
16:26:34 INFO  State of operation 21415467 : EXECUTING
16:26:37 INFO  State of operation 21415467 : SUCCESSFUL
16:26:37 INFO  Package apple is installed
16:26:37 INFO  Assert that (True == value) with value=True ... passed
16:26:37 INFO  Package banana is installed
16:26:37 INFO  Assert that (True == value) with value=True ... passed
16:26:37 INFO  Package cherry is installed
16:26:37 INFO  Assert that (True == value) with value=True ... passed
16:26:37 INFO  Package asciijump is installed
16:26:37 INFO  Assert that (True == value) with value=True ... passed
16:26:38 INFO  Package registry is installed
16:26:38 INFO  Assert that (True == value) with value=True ... passed
16:26:38 INFO  Response status: 201
16:26:38 INFO  Response to action: {
    &quot;creationTime&quot;: &quot;2022-07-25T16:26:38.397Z&quot;,
    &quot;deviceId&quot;: &quot;21391561&quot;,
    &quot;deviceName&quot;: &quot;m32sd10a&quot;,
    &quot;self&quot;: &quot;https://t493319102.eu-latest.cumulocity.com/devicecontrol/operations/21415469&quot;,
    &quot;id&quot;: &quot;21415469&quot;,
    &quot;status&quot;: &quot;PENDING&quot;,
    &quot;description&quot;: &quot;Apply software changes, triggered from PySys: [{'action': 'delete', 'id': '5495053', 'name': 'apple', 'url': ' ', 'version': '::fruits'}, {'action': 'delete', 'id': '5494888', 'name': 'banana', 'url': ' ', 'version': '::fruits'}, {'action': 'delete', 'id': '5475369', 'name': 'asciijump', 'url': ' ', 'version': '::apt'}, {'action': 'delete', 'id': '5495382', 'name': 'cherry', 'url': ' ', 'version': '::fruits'}, {'action': 'delete', 'id': '8018911', 'name': 'registry', 'url': ' ', 'version': '::docker'}]&quot;,
    &quot;c8y_SoftwareUpdate&quot;: [
        {
            &quot;name&quot;: &quot;apple&quot;,
            &quot;action&quot;: &quot;delete&quot;,
            &quot;id&quot;: &quot;5495053&quot;,
            &quot;version&quot;: &quot;::fruits&quot;,
            &quot;url&quot;: &quot; &quot;
        },
        {
            &quot;name&quot;: &quot;banana&quot;,
            &quot;action&quot;: &quot;delete&quot;,
            &quot;id&quot;: &quot;5494888&quot;,
            &quot;version&quot;: &quot;::fruits&quot;,
            &quot;url&quot;: &quot; &quot;
        },
        {
            &quot;name&quot;: &quot;asciijump&quot;,
            &quot;action&quot;: &quot;delete&quot;,
            &quot;id&quot;: &quot;5475369&quot;,
            &quot;version&quot;: &quot;::apt&quot;,
            &quot;url&quot;: &quot; &quot;
        },
        {
            &quot;name&quot;: &quot;cherry&quot;,
            &quot;action&quot;: &quot;delete&quot;,
            &quot;id&quot;: &quot;5495382&quot;,
            &quot;version&quot;: &quot;::fruits&quot;,
            &quot;url&quot;: &quot; &quot;
        },
        {
            &quot;name&quot;: &quot;registry&quot;,
            &quot;action&quot;: &quot;delete&quot;,
            &quot;id&quot;: &quot;8018911&quot;,
            &quot;version&quot;: &quot;::docker&quot;,
            &quot;url&quot;: &quot; &quot;
        }
    ]
}
16:26:38 INFO  Started operation: {'creationTime': '2022-07-25T16:26:38.397Z', 'deviceId': '21391561', 'deviceName': 'm32sd10a', 'self': 'https://t493319102.eu-latest.cumulocity.com/devicecontrol/operations/21415469', 'id': '21415469', 'status': 'PENDING', 'description': &quot;Apply software changes, triggered from PySys: [{'action': 'delete', 'id': '5495053', 'name': 'apple', 'url': ' ', 'version': '::fruits'}, {'action': 'delete', 'id': '5494888', 'name': 'banana', 'url': ' ', 'version': '::fruits'}, {'action': 'delete', 'id': '5475369', 'name': 'asciijump', 'url': ' ', 'version': '::apt'}, {'action': 'delete', 'id': '5495382', 'name': 'cherry', 'url': ' ', 'version': '::fruits'}, {'action': 'delete', 'id': '8018911', 'name': 'registry', 'url': ' ', 'version': '::docker'}]&quot;, 'c8y_SoftwareUpdate': [{'name': 'apple', 'action': 'delete', 'id': '5495053', 'version': '::fruits', 'url': ' '}, {'name': 'banana', 'action': 'delete', 'id': '5494888', 'version': '::fruits', 'url': ' '}, {'name': 'asciijump', 'action': 'delete', 'id': '5475369', 'version': '::apt', 'url': ' '}, {'name': 'cherry', 'action': 'delete', 'id': '5495382', 'version': '::fruits', 'url': ' '}, {'name': 'registry', 'action': 'delete', 'id': '8018911', 'version': '::docker', 'url': ' '}]}
16:26:40 INFO  State of operation 21415469 : PENDING
16:26:42 INFO  State of operation 21415469 : EXECUTING
16:26:45 INFO  State of operation 21415469 : EXECUTING
16:26:47 INFO  State of operation 21415469 : EXECUTING
16:26:49 INFO  State of operation 21415469 : EXECUTING
16:26:51 INFO  State of operation 21415469 : EXECUTING
16:26:54 INFO  State of operation 21415469 : EXECUTING
16:26:57 INFO  State of operation 21415469 : EXECUTING
16:26:59 INFO  State of operation 21415469 : EXECUTING
16:27:02 INFO  State of operation 21415469 : EXECUTING
16:27:04 INFO  State of operation 21415469 : EXECUTING
16:27:06 INFO  State of operation 21415469 : EXECUTING
16:27:08 INFO  State of operation 21415469 : EXECUTING
16:27:10 INFO  State of operation 21415469 : EXECUTING
16:27:13 INFO  State of operation 21415469 : EXECUTING
16:27:15 INFO  State of operation 21415469 : EXECUTING
16:27:19 INFO  State of operation 21415469 : EXECUTING
16:27:21 INFO  State of operation 21415469 : EXECUTING
16:27:23 INFO  State of operation 21415469 : EXECUTING
16:27:26 INFO  State of operation 21415469 : EXECUTING
16:27:28 INFO  State of operation 21415469 : EXECUTING
16:27:30 INFO  State of operation 21415469 : EXECUTING
16:27:33 INFO  State of operation 21415469 : EXECUTING
16:27:35 INFO  State of operation 21415469 : EXECUTING
16:27:37 INFO  State of operation 21415469 : EXECUTING
16:27:40 INFO  State of operation 21415469 : EXECUTING
16:27:42 INFO  State of operation 21415469 : EXECUTING
16:27:44 INFO  State of operation 21415469 : EXECUTING
16:27:46 INFO  State of operation 21415469 : EXECUTING
16:27:49 INFO  State of operation 21415469 : SUCCESSFUL
16:27:49 INFO  Package apple is installed
16:27:49 INFO  Assert that (True == value) with value=True ... passed
16:27:49 INFO  Package banana is installed
16:27:49 INFO  Assert that (True == value) with value=True ... passed
16:27:50 INFO  Package cherry is installed
16:27:50 INFO  Assert that (True == value) with value=True ... passed
16:27:50 INFO  Assert that (False == value) with value=False ... passed
16:27:50 INFO  Assert that (False == value) with value=False ... passed
16:27:50 INFO  
16:27:50 INFO  cleanup:
16:27:54 INFO  Executed sudo&lt;tedge_disconnect_c8y&gt;, exit status 0
16:27:55 INFO  Executed systemctl&lt;serv_mapper5&gt;, exit status 3
16:27:55 INFO  
16:27:55 INFO  Test duration: 164.36 secs
16:27:55 INFO  Test final outcome:  FAILED
16:27:55 INFO  Test outcome reason: Assert that (False == value) with value=True
16:27:55 INFO  
</system-out>
	</testcase>
</testsuite>
