<?xml version="1.0" encoding="utf-8"?>
<testsuite failures="1" name="SoftwareManagement.sm_apt_install_remove_multiple" skipped="0" tests="1" time="137.28" timestamp="2022-06-20T16:09:21">
	<testcase classname="PySysTest" name="SoftwareManagement.sm_apt_install_remove_multiple">
		<failure message="FAILED: Assert that (False == value) with value=True (+2 other failures)" type="FAILED"/>
		<system-out>16:07:04 INFO  ==============================================================
16:07:04 INFO  Id:    SoftwareManagement.sm_apt_install_remove_multiple
16:07:04 INFO  Dir:   software_management_end_to_end/
16:07:04 INFO  Title: Validate end to end behaviour for the apt plugin for multiple packages
16:07:04 INFO  ==============================================================
16:07:04 INFO  Using sw id database: {'asciijump': '5475369', 'robotfindskitten': '5474869', 'squirrel3': '5475279', 'rolldice': '5152439', 'moon-buggy': '5439204', 'apple': '5495053', 'banana': '5494888', 'cherry': '5495382', 'watermelon': '5494510', 'registry': '8018911', 'hello-world': '8021526', 'docker/getting-started': '8021973', 'alpine': '7991792'}
16:07:04 INFO  EnvironmentC8y Setup
16:07:04 INFO  Executed systemctl&lt;serv_mapper1&gt;, exit status 3
16:07:04 INFO  Restarting mosquitto too frequently in the last 10 seconds. It was only up for 5 seconds
16:07:04 INFO  Delaying execution by 6 seconds
16:07:24 INFO  Executed sudo&lt;tedge_connect_c8y&gt;, exit status 0, duration 13 secs
16:07:25 INFO  Executed sudo&lt;tedge_connect_c8y_test&gt;, exit status 0
16:07:26 INFO  Executed systemctl&lt;serv_mosq2&gt;, exit status 0
16:07:26 INFO  Executed systemctl&lt;serv_mapper3&gt;, exit status 0
16:07:28 INFO  State of current operation: SUCCESSFUL
16:07:29 INFO  Assert that (False == value) with value=False ... passed
16:07:29 INFO  Package asciijump is installed
16:07:29 WARN  Assert that (False == value) with value=True ... failed 
16:07:30 INFO  Package squirrel3 is installed
16:07:30 WARN  Assert that (False == value) with value=True ... failed 
16:07:30 INFO  Package robotfindskitten is installed
16:07:30 WARN  Assert that (False == value) with value=True ... failed 
16:07:30 INFO  Response status: 201
16:07:30 INFO  Response to action: {
    &quot;delivery&quot;: {
        &quot;log&quot;: [],
        &quot;time&quot;: &quot;2022-06-20T16:07:30.626Z&quot;,
        &quot;status&quot;: &quot;PENDING&quot;
    },
    &quot;creationTime&quot;: &quot;2022-06-20T16:07:30.611Z&quot;,
    &quot;deviceName&quot;: &quot;m32sd10a&quot;,
    &quot;deviceId&quot;: &quot;20281698&quot;,
    &quot;self&quot;: &quot;https://t493319102.eu-latest.cumulocity.com/devicecontrol/operations/20349850&quot;,
    &quot;id&quot;: &quot;20349850&quot;,
    &quot;status&quot;: &quot;PENDING&quot;,
    &quot;description&quot;: &quot;Apply software changes, triggered from PySys: [{'action': 'install', 'id': '5475369', 'name': 'asciijump', 'url': ' ', 'version': '::apt'}, {'action': 'install', 'id': '5474869', 'name': 'robotfindskitten', 'url': ' ', 'version': '::apt'}, {'action': 'install', 'id': '5475279', 'name': 'squirrel3', 'url': ' ', 'version': '::apt'}]&quot;,
    &quot;c8y_SoftwareUpdate&quot;: [
        {
            &quot;name&quot;: &quot;asciijump&quot;,
            &quot;action&quot;: &quot;install&quot;,
            &quot;id&quot;: &quot;5475369&quot;,
            &quot;version&quot;: &quot;::apt&quot;,
            &quot;url&quot;: &quot; &quot;
        },
        {
            &quot;name&quot;: &quot;robotfindskitten&quot;,
            &quot;action&quot;: &quot;install&quot;,
            &quot;id&quot;: &quot;5474869&quot;,
            &quot;version&quot;: &quot;::apt&quot;,
            &quot;url&quot;: &quot; &quot;
        },
        {
            &quot;name&quot;: &quot;squirrel3&quot;,
            &quot;action&quot;: &quot;install&quot;,
            &quot;id&quot;: &quot;5475279&quot;,
            &quot;version&quot;: &quot;::apt&quot;,
            &quot;url&quot;: &quot; &quot;
        }
    ]
}
16:07:30 INFO  Started operation: {'delivery': {'log': [], 'time': '2022-06-20T16:07:30.626Z', 'status': 'PENDING'}, 'creationTime': '2022-06-20T16:07:30.611Z', 'deviceName': 'm32sd10a', 'deviceId': '20281698', 'self': 'https://t493319102.eu-latest.cumulocity.com/devicecontrol/operations/20349850', 'id': '20349850', 'status': 'PENDING', 'description': &quot;Apply software changes, triggered from PySys: [{'action': 'install', 'id': '5475369', 'name': 'asciijump', 'url': ' ', 'version': '::apt'}, {'action': 'install', 'id': '5474869', 'name': 'robotfindskitten', 'url': ' ', 'version': '::apt'}, {'action': 'install', 'id': '5475279', 'name': 'squirrel3', 'url': ' ', 'version': '::apt'}]&quot;, 'c8y_SoftwareUpdate': [{'name': 'asciijump', 'action': 'install', 'id': '5475369', 'version': '::apt', 'url': ' '}, {'name': 'robotfindskitten', 'action': 'install', 'id': '5474869', 'version': '::apt', 'url': ' '}, {'name': 'squirrel3', 'action': 'install', 'id': '5475279', 'version': '::apt', 'url': ' '}]}
16:07:32 INFO  State of operation 20349850 : PENDING
16:07:35 INFO  State of operation 20349850 : EXECUTING
16:07:37 INFO  State of operation 20349850 : EXECUTING
16:07:39 INFO  State of operation 20349850 : EXECUTING
16:07:41 INFO  State of operation 20349850 : EXECUTING
16:07:44 INFO  State of operation 20349850 : EXECUTING
16:07:46 INFO  State of operation 20349850 : EXECUTING
16:07:49 INFO  State of operation 20349850 : EXECUTING
16:07:51 INFO  State of operation 20349850 : EXECUTING
16:07:54 INFO  State of operation 20349850 : EXECUTING
16:07:56 INFO  State of operation 20349850 : EXECUTING
16:07:58 INFO  State of operation 20349850 : EXECUTING
16:08:01 INFO  State of operation 20349850 : EXECUTING
16:08:03 INFO  State of operation 20349850 : EXECUTING
16:08:05 INFO  State of operation 20349850 : EXECUTING
16:08:07 INFO  State of operation 20349850 : SUCCESSFUL
16:08:08 INFO  Assert that (False == value) with value=False ... passed
16:08:08 INFO  Package asciijump is installed
16:08:08 INFO  Assert that (True == value) with value=True ... passed
16:08:08 INFO  Package squirrel3 is installed
16:08:08 INFO  Assert that (True == value) with value=True ... passed
16:08:08 INFO  Package robotfindskitten is installed
16:08:08 INFO  Assert that (True == value) with value=True ... passed
16:08:09 INFO  Response status: 201
16:08:09 INFO  Response to action: {
    &quot;delivery&quot;: {
        &quot;log&quot;: [],
        &quot;time&quot;: &quot;2022-06-20T16:08:08.974Z&quot;,
        &quot;status&quot;: &quot;PENDING&quot;
    },
    &quot;creationTime&quot;: &quot;2022-06-20T16:08:08.952Z&quot;,
    &quot;deviceName&quot;: &quot;m32sd10a&quot;,
    &quot;deviceId&quot;: &quot;20281698&quot;,
    &quot;self&quot;: &quot;https://t493319102.eu-latest.cumulocity.com/devicecontrol/operations/20349862&quot;,
    &quot;id&quot;: &quot;20349862&quot;,
    &quot;status&quot;: &quot;PENDING&quot;,
    &quot;description&quot;: &quot;Apply software changes, triggered from PySys: [{'action': 'delete', 'id': '5475369', 'name': 'asciijump', 'url': ' ', 'version': '::apt'}, {'action': 'delete', 'id': '5474869', 'name': 'robotfindskitten', 'url': ' ', 'version': '::apt'}, {'action': 'delete', 'id': '5475279', 'name': 'squirrel3', 'url': ' ', 'version': '::apt'}]&quot;,
    &quot;c8y_SoftwareUpdate&quot;: [
        {
            &quot;name&quot;: &quot;asciijump&quot;,
            &quot;action&quot;: &quot;delete&quot;,
            &quot;id&quot;: &quot;5475369&quot;,
            &quot;version&quot;: &quot;::apt&quot;,
            &quot;url&quot;: &quot; &quot;
        },
        {
            &quot;name&quot;: &quot;robotfindskitten&quot;,
            &quot;action&quot;: &quot;delete&quot;,
            &quot;id&quot;: &quot;5474869&quot;,
            &quot;version&quot;: &quot;::apt&quot;,
            &quot;url&quot;: &quot; &quot;
        },
        {
            &quot;name&quot;: &quot;squirrel3&quot;,
            &quot;action&quot;: &quot;delete&quot;,
            &quot;id&quot;: &quot;5475279&quot;,
            &quot;version&quot;: &quot;::apt&quot;,
            &quot;url&quot;: &quot; &quot;
        }
    ]
}
16:08:09 INFO  Started operation: {'delivery': {'log': [], 'time': '2022-06-20T16:08:08.974Z', 'status': 'PENDING'}, 'creationTime': '2022-06-20T16:08:08.952Z', 'deviceName': 'm32sd10a', 'deviceId': '20281698', 'self': 'https://t493319102.eu-latest.cumulocity.com/devicecontrol/operations/20349862', 'id': '20349862', 'status': 'PENDING', 'description': &quot;Apply software changes, triggered from PySys: [{'action': 'delete', 'id': '5475369', 'name': 'asciijump', 'url': ' ', 'version': '::apt'}, {'action': 'delete', 'id': '5474869', 'name': 'robotfindskitten', 'url': ' ', 'version': '::apt'}, {'action': 'delete', 'id': '5475279', 'name': 'squirrel3', 'url': ' ', 'version': '::apt'}]&quot;, 'c8y_SoftwareUpdate': [{'name': 'asciijump', 'action': 'delete', 'id': '5475369', 'version': '::apt', 'url': ' '}, {'name': 'robotfindskitten', 'action': 'delete', 'id': '5474869', 'version': '::apt', 'url': ' '}, {'name': 'squirrel3', 'action': 'delete', 'id': '5475279', 'version': '::apt', 'url': ' '}]}
16:08:11 INFO  State of operation 20349862 : PENDING
16:08:13 INFO  State of operation 20349862 : EXECUTING
16:08:15 INFO  State of operation 20349862 : EXECUTING
16:08:17 INFO  State of operation 20349862 : EXECUTING
16:08:20 INFO  State of operation 20349862 : EXECUTING
16:08:22 INFO  State of operation 20349862 : EXECUTING
16:08:25 INFO  State of operation 20349862 : EXECUTING
16:08:27 INFO  State of operation 20349862 : EXECUTING
16:08:29 INFO  State of operation 20349862 : EXECUTING
16:08:32 INFO  State of operation 20349862 : EXECUTING
16:08:34 INFO  State of operation 20349862 : EXECUTING
16:08:36 INFO  State of operation 20349862 : EXECUTING
16:08:38 INFO  State of operation 20349862 : EXECUTING
16:08:41 INFO  State of operation 20349862 : EXECUTING
16:08:43 INFO  State of operation 20349862 : EXECUTING
16:08:45 INFO  State of operation 20349862 : EXECUTING
16:08:48 INFO  State of operation 20349862 : EXECUTING
16:08:50 INFO  State of operation 20349862 : EXECUTING
16:08:52 INFO  State of operation 20349862 : EXECUTING
16:08:55 INFO  State of operation 20349862 : EXECUTING
16:08:57 INFO  State of operation 20349862 : EXECUTING
16:08:59 INFO  State of operation 20349862 : EXECUTING
16:09:01 INFO  State of operation 20349862 : EXECUTING
16:09:04 INFO  State of operation 20349862 : EXECUTING
16:09:06 INFO  State of operation 20349862 : EXECUTING
16:09:09 INFO  State of operation 20349862 : EXECUTING
16:09:11 INFO  State of operation 20349862 : EXECUTING
16:09:13 INFO  State of operation 20349862 : EXECUTING
16:09:16 INFO  State of operation 20349862 : SUCCESSFUL
16:09:16 INFO  Assert that (False == value) with value=False ... passed
16:09:16 INFO  Assert that (False == value) with value=False ... passed
16:09:16 INFO  Assert that (False == value) with value=False ... passed
16:09:16 INFO  Assert that (False == value) with value=False ... passed
16:09:16 INFO  
16:09:16 INFO  cleanup:
16:09:20 INFO  Executed sudo&lt;tedge_disconnect_c8y&gt;, exit status 0
16:09:21 INFO  Executed systemctl&lt;serv_mapper5&gt;, exit status 3
16:09:21 INFO  
16:09:21 INFO  Test duration: 137.28 secs
16:09:21 INFO  Test final outcome:  FAILED
16:09:21 INFO  Test outcome reason: Assert that (False == value) with value=True (+2 other failures)
16:09:21 INFO  
</system-out>
	</testcase>
</testsuite>
