<?xml version="1.0" encoding="utf-8"?>
<testsuite failures="1" name="SoftwareManagement.sm_mixed_install_remove_multiple" skipped="0" tests="1" time="163.76" timestamp="2022-07-21T17:44:40">
	<testcase classname="PySysTest" name="SoftwareManagement.sm_mixed_install_remove_multiple">
		<failure message="FAILED: Assert that (False == value) with value=True" type="FAILED"/>
		<system-out>17:41:56 INFO  ==============================================================
17:41:56 INFO  Id:    SoftwareManagement.sm_mixed_install_remove_multiple
17:41:56 INFO  Dir:   software_management_end_to_end/
17:41:56 INFO  Title: Validate end to end behaviour for the dummy-plugin for multiple packages with mixed versions
17:41:56 INFO  ==============================================================
17:41:56 INFO  Using sw id database: {'asciijump': '5475369', 'robotfindskitten': '5474869', 'squirrel3': '5475279', 'rolldice': '5152439', 'moon-buggy': '5439204', 'apple': '5495053', 'banana': '5494888', 'cherry': '5495382', 'watermelon': '5494510', 'registry': '8018911', 'hello-world': '8021526', 'docker/getting-started': '8021973', 'alpine': '7991792'}
17:41:56 INFO  EnvironmentC8y Setup
17:41:56 INFO  Executed systemctl&lt;serv_mapper1&gt;, exit status 3
17:41:57 INFO  Restarting mosquitto too frequently in the last 10 seconds. It was only up for 5 seconds
17:41:57 INFO  Delaying execution by 6 seconds
17:42:17 INFO  Executed sudo&lt;tedge_connect_c8y&gt;, exit status 0, duration 14 secs
17:42:17 INFO  Executed sudo&lt;tedge_connect_c8y_test&gt;, exit status 0
17:42:18 INFO  Executed systemctl&lt;serv_mosq2&gt;, exit status 0
17:42:18 INFO  Executed systemctl&lt;serv_mapper3&gt;, exit status 0
17:42:21 INFO  State of current operation: SUCCESSFUL
17:42:21 INFO  Package apple is installed
17:42:21 INFO  Assert that (True == value) with value=True ... passed
17:42:21 INFO  Package banana is installed
17:42:21 INFO  Assert that (True == value) with value=True ... passed
17:42:21 INFO  Package cherry is installed
17:42:21 INFO  Assert that (True == value) with value=True ... passed
17:42:21 INFO  Package asciijump is installed
17:42:21 WARN  Assert that (False == value) with value=True ... failed 
17:42:22 INFO  Assert that (False == value) with value=False ... passed
17:42:22 INFO  Response status: 201
17:42:22 INFO  Response to action: {
    &quot;delivery&quot;: {
        &quot;log&quot;: [],
        &quot;time&quot;: &quot;2022-07-21T17:42:22.558Z&quot;,
        &quot;status&quot;: &quot;PENDING&quot;
    },
    &quot;creationTime&quot;: &quot;2022-07-21T17:42:22.423Z&quot;,
    &quot;deviceId&quot;: &quot;21119832&quot;,
    &quot;deviceName&quot;: &quot;m32sd10a&quot;,
    &quot;self&quot;: &quot;https://t493319102.eu-latest.cumulocity.com/devicecontrol/operations/21163798&quot;,
    &quot;id&quot;: &quot;21163798&quot;,
    &quot;status&quot;: &quot;PENDING&quot;,
    &quot;description&quot;: &quot;Apply software changes, triggered from PySys: [{'action': 'install', 'id': '5495053', 'name': 'apple', 'url': ' ', 'version': '::fruits'}, {'action': 'install', 'id': '5494888', 'name': 'banana', 'url': ' ', 'version': '::fruits'}, {'action': 'install', 'id': '5475369', 'name': 'asciijump', 'url': ' ', 'version': '::apt'}, {'action': 'install', 'id': '5495382', 'name': 'cherry', 'url': ' ', 'version': '::fruits'}, {'action': 'install', 'id': '8018911', 'name': 'registry', 'url': ' ', 'version': '::docker'}]&quot;,
    &quot;c8y_SoftwareUpdate&quot;: [
        {
            &quot;name&quot;: &quot;apple&quot;,
            &quot;action&quot;: &quot;install&quot;,
            &quot;id&quot;: &quot;5495053&quot;,
            &quot;version&quot;: &quot;::fruits&quot;,
            &quot;url&quot;: &quot; &quot;
        },
        {
            &quot;name&quot;: &quot;banana&quot;,
            &quot;action&quot;: &quot;install&quot;,
            &quot;id&quot;: &quot;5494888&quot;,
            &quot;version&quot;: &quot;::fruits&quot;,
            &quot;url&quot;: &quot; &quot;
        },
        {
            &quot;name&quot;: &quot;asciijump&quot;,
            &quot;action&quot;: &quot;install&quot;,
            &quot;id&quot;: &quot;5475369&quot;,
            &quot;version&quot;: &quot;::apt&quot;,
            &quot;url&quot;: &quot; &quot;
        },
        {
            &quot;name&quot;: &quot;cherry&quot;,
            &quot;action&quot;: &quot;install&quot;,
            &quot;id&quot;: &quot;5495382&quot;,
            &quot;version&quot;: &quot;::fruits&quot;,
            &quot;url&quot;: &quot; &quot;
        },
        {
            &quot;name&quot;: &quot;registry&quot;,
            &quot;action&quot;: &quot;install&quot;,
            &quot;id&quot;: &quot;8018911&quot;,
            &quot;version&quot;: &quot;::docker&quot;,
            &quot;url&quot;: &quot; &quot;
        }
    ]
}
17:42:22 INFO  Started operation: {'delivery': {'log': [], 'time': '2022-07-21T17:42:22.558Z', 'status': 'PENDING'}, 'creationTime': '2022-07-21T17:42:22.423Z', 'deviceId': '21119832', 'deviceName': 'm32sd10a', 'self': 'https://t493319102.eu-latest.cumulocity.com/devicecontrol/operations/21163798', 'id': '21163798', 'status': 'PENDING', 'description': &quot;Apply software changes, triggered from PySys: [{'action': 'install', 'id': '5495053', 'name': 'apple', 'url': ' ', 'version': '::fruits'}, {'action': 'install', 'id': '5494888', 'name': 'banana', 'url': ' ', 'version': '::fruits'}, {'action': 'install', 'id': '5475369', 'name': 'asciijump', 'url': ' ', 'version': '::apt'}, {'action': 'install', 'id': '5495382', 'name': 'cherry', 'url': ' ', 'version': '::fruits'}, {'action': 'install', 'id': '8018911', 'name': 'registry', 'url': ' ', 'version': '::docker'}]&quot;, 'c8y_SoftwareUpdate': [{'name': 'apple', 'action': 'install', 'id': '5495053', 'version': '::fruits', 'url': ' '}, {'name': 'banana', 'action': 'install', 'id': '5494888', 'version': '::fruits', 'url': ' '}, {'name': 'asciijump', 'action': 'install', 'id': '5475369', 'version': '::apt', 'url': ' '}, {'name': 'cherry', 'action': 'install', 'id': '5495382', 'version': '::fruits', 'url': ' '}, {'name': 'registry', 'action': 'install', 'id': '8018911', 'version': '::docker', 'url': ' '}]}
17:42:24 INFO  State of operation 21163798 : PENDING
17:42:27 INFO  State of operation 21163798 : EXECUTING
17:42:29 INFO  State of operation 21163798 : EXECUTING
17:42:31 INFO  State of operation 21163798 : EXECUTING
17:42:33 INFO  State of operation 21163798 : EXECUTING
17:42:35 INFO  State of operation 21163798 : EXECUTING
17:42:38 INFO  State of operation 21163798 : EXECUTING
17:42:41 INFO  State of operation 21163798 : EXECUTING
17:42:43 INFO  State of operation 21163798 : EXECUTING
17:42:46 INFO  State of operation 21163798 : EXECUTING
17:42:48 INFO  State of operation 21163798 : EXECUTING
17:42:50 INFO  State of operation 21163798 : EXECUTING
17:42:52 INFO  State of operation 21163798 : EXECUTING
17:42:54 INFO  State of operation 21163798 : EXECUTING
17:42:57 INFO  State of operation 21163798 : EXECUTING
17:42:59 INFO  State of operation 21163798 : EXECUTING
17:43:01 INFO  State of operation 21163798 : EXECUTING
17:43:03 INFO  State of operation 21163798 : EXECUTING
17:43:06 INFO  State of operation 21163798 : EXECUTING
17:43:08 INFO  State of operation 21163798 : EXECUTING
17:43:10 INFO  State of operation 21163798 : EXECUTING
17:43:12 INFO  State of operation 21163798 : EXECUTING
17:43:15 INFO  State of operation 21163798 : EXECUTING
17:43:17 INFO  State of operation 21163798 : EXECUTING
17:43:19 INFO  State of operation 21163798 : EXECUTING
17:43:22 INFO  State of operation 21163798 : SUCCESSFUL
17:43:22 INFO  Package apple is installed
17:43:22 INFO  Assert that (True == value) with value=True ... passed
17:43:22 INFO  Package banana is installed
17:43:22 INFO  Assert that (True == value) with value=True ... passed
17:43:22 INFO  Package cherry is installed
17:43:22 INFO  Assert that (True == value) with value=True ... passed
17:43:23 INFO  Package asciijump is installed
17:43:23 INFO  Assert that (True == value) with value=True ... passed
17:43:23 INFO  Package registry is installed
17:43:23 INFO  Assert that (True == value) with value=True ... passed
17:43:23 INFO  Response status: 201
17:43:23 INFO  Response to action: {
    &quot;delivery&quot;: {
        &quot;log&quot;: [],
        &quot;time&quot;: &quot;2022-07-21T17:43:23.458Z&quot;,
        &quot;status&quot;: &quot;PENDING&quot;
    },
    &quot;creationTime&quot;: &quot;2022-07-21T17:43:23.439Z&quot;,
    &quot;deviceId&quot;: &quot;21119832&quot;,
    &quot;deviceName&quot;: &quot;m32sd10a&quot;,
    &quot;self&quot;: &quot;https://t493319102.eu-latest.cumulocity.com/devicecontrol/operations/21163808&quot;,
    &quot;id&quot;: &quot;21163808&quot;,
    &quot;status&quot;: &quot;PENDING&quot;,
    &quot;description&quot;: &quot;Apply software changes, triggered from PySys: [{'action': 'delete', 'id': '5495053', 'name': 'apple', 'url': ' ', 'version': '::fruits'}, {'action': 'delete', 'id': '5494888', 'name': 'banana', 'url': ' ', 'version': '::fruits'}, {'action': 'delete', 'id': '5475369', 'name': 'asciijump', 'url': ' ', 'version': '::apt'}, {'action': 'delete', 'id': '5495382', 'name': 'cherry', 'url': ' ', 'version': '::fruits'}, {'action': 'delete', 'id': '8018911', 'name': 'registry', 'url': ' ', 'version': '::docker'}]&quot;,
    &quot;c8y_SoftwareUpdate&quot;: [
        {
            &quot;name&quot;: &quot;apple&quot;,
            &quot;action&quot;: &quot;delete&quot;,
            &quot;id&quot;: &quot;5495053&quot;,
            &quot;version&quot;: &quot;::fruits&quot;,
            &quot;url&quot;: &quot; &quot;
        },
        {
            &quot;name&quot;: &quot;banana&quot;,
            &quot;action&quot;: &quot;delete&quot;,
            &quot;id&quot;: &quot;5494888&quot;,
            &quot;version&quot;: &quot;::fruits&quot;,
            &quot;url&quot;: &quot; &quot;
        },
        {
            &quot;name&quot;: &quot;asciijump&quot;,
            &quot;action&quot;: &quot;delete&quot;,
            &quot;id&quot;: &quot;5475369&quot;,
            &quot;version&quot;: &quot;::apt&quot;,
            &quot;url&quot;: &quot; &quot;
        },
        {
            &quot;name&quot;: &quot;cherry&quot;,
            &quot;action&quot;: &quot;delete&quot;,
            &quot;id&quot;: &quot;5495382&quot;,
            &quot;version&quot;: &quot;::fruits&quot;,
            &quot;url&quot;: &quot; &quot;
        },
        {
            &quot;name&quot;: &quot;registry&quot;,
            &quot;action&quot;: &quot;delete&quot;,
            &quot;id&quot;: &quot;8018911&quot;,
            &quot;version&quot;: &quot;::docker&quot;,
            &quot;url&quot;: &quot; &quot;
        }
    ]
}
17:43:23 INFO  Started operation: {'delivery': {'log': [], 'time': '2022-07-21T17:43:23.458Z', 'status': 'PENDING'}, 'creationTime': '2022-07-21T17:43:23.439Z', 'deviceId': '21119832', 'deviceName': 'm32sd10a', 'self': 'https://t493319102.eu-latest.cumulocity.com/devicecontrol/operations/21163808', 'id': '21163808', 'status': 'PENDING', 'description': &quot;Apply software changes, triggered from PySys: [{'action': 'delete', 'id': '5495053', 'name': 'apple', 'url': ' ', 'version': '::fruits'}, {'action': 'delete', 'id': '5494888', 'name': 'banana', 'url': ' ', 'version': '::fruits'}, {'action': 'delete', 'id': '5475369', 'name': 'asciijump', 'url': ' ', 'version': '::apt'}, {'action': 'delete', 'id': '5495382', 'name': 'cherry', 'url': ' ', 'version': '::fruits'}, {'action': 'delete', 'id': '8018911', 'name': 'registry', 'url': ' ', 'version': '::docker'}]&quot;, 'c8y_SoftwareUpdate': [{'name': 'apple', 'action': 'delete', 'id': '5495053', 'version': '::fruits', 'url': ' '}, {'name': 'banana', 'action': 'delete', 'id': '5494888', 'version': '::fruits', 'url': ' '}, {'name': 'asciijump', 'action': 'delete', 'id': '5475369', 'version': '::apt', 'url': ' '}, {'name': 'cherry', 'action': 'delete', 'id': '5495382', 'version': '::fruits', 'url': ' '}, {'name': 'registry', 'action': 'delete', 'id': '8018911', 'version': '::docker', 'url': ' '}]}
17:43:25 INFO  State of operation 21163808 : PENDING
17:43:27 INFO  State of operation 21163808 : EXECUTING
17:43:30 INFO  State of operation 21163808 : EXECUTING
17:43:32 INFO  State of operation 21163808 : EXECUTING
17:43:34 INFO  State of operation 21163808 : EXECUTING
17:43:36 INFO  State of operation 21163808 : EXECUTING
17:43:39 INFO  State of operation 21163808 : EXECUTING
17:43:42 INFO  State of operation 21163808 : EXECUTING
17:43:44 INFO  State of operation 21163808 : EXECUTING
17:43:46 INFO  State of operation 21163808 : EXECUTING
17:43:49 INFO  State of operation 21163808 : EXECUTING
17:43:51 INFO  State of operation 21163808 : EXECUTING
17:43:53 INFO  State of operation 21163808 : EXECUTING
17:43:55 INFO  State of operation 21163808 : EXECUTING
17:43:58 INFO  State of operation 21163808 : EXECUTING
17:44:00 INFO  State of operation 21163808 : EXECUTING
17:44:04 INFO  State of operation 21163808 : EXECUTING
17:44:06 INFO  State of operation 21163808 : EXECUTING
17:44:09 INFO  State of operation 21163808 : EXECUTING
17:44:11 INFO  State of operation 21163808 : EXECUTING
17:44:13 INFO  State of operation 21163808 : EXECUTING
17:44:15 INFO  State of operation 21163808 : EXECUTING
17:44:18 INFO  State of operation 21163808 : EXECUTING
17:44:20 INFO  State of operation 21163808 : EXECUTING
17:44:22 INFO  State of operation 21163808 : EXECUTING
17:44:25 INFO  State of operation 21163808 : EXECUTING
17:44:27 INFO  State of operation 21163808 : EXECUTING
17:44:29 INFO  State of operation 21163808 : EXECUTING
17:44:31 INFO  State of operation 21163808 : EXECUTING
17:44:34 INFO  State of operation 21163808 : SUCCESSFUL
17:44:34 INFO  Package apple is installed
17:44:34 INFO  Assert that (True == value) with value=True ... passed
17:44:34 INFO  Package banana is installed
17:44:34 INFO  Assert that (True == value) with value=True ... passed
17:44:34 INFO  Package cherry is installed
17:44:34 INFO  Assert that (True == value) with value=True ... passed
17:44:35 INFO  Assert that (False == value) with value=False ... passed
17:44:35 INFO  Assert that (False == value) with value=False ... passed
17:44:35 INFO  
17:44:35 INFO  cleanup:
17:44:39 INFO  Executed sudo&lt;tedge_disconnect_c8y&gt;, exit status 0
17:44:40 INFO  Executed systemctl&lt;serv_mapper5&gt;, exit status 3
17:44:40 INFO  
17:44:40 INFO  Test duration: 163.76 secs
17:44:40 INFO  Test final outcome:  FAILED
17:44:40 INFO  Test outcome reason: Assert that (False == value) with value=True
17:44:40 INFO  
</system-out>
	</testcase>
</testsuite>
