<?xml version="1.0" encoding="utf-8"?>
<testsuite failures="1" name="SoftwareManagement.sm_mixed_install_remove_multiple" skipped="0" tests="1" time="170.97" timestamp="2022-06-08T12:52:41">
	<testcase classname="PySysTest" name="SoftwareManagement.sm_mixed_install_remove_multiple">
		<failure message="FAILED: Assert that (False == value) with value=True" type="FAILED"/>
		<system-out>12:49:50 INFO  ==============================================================
12:49:50 INFO  Id:    SoftwareManagement.sm_mixed_install_remove_multiple
12:49:50 INFO  Dir:   software_management_end_to_end/
12:49:50 INFO  Title: Validate end to end behaviour for the dummy-plugin for multiple packages with mixed versions
12:49:50 INFO  ==============================================================
12:49:50 INFO  Using sw id database: {'asciijump': '5475369', 'robotfindskitten': '5474869', 'squirrel3': '5475279', 'rolldice': '5152439', 'moon-buggy': '5439204', 'apple': '5495053', 'banana': '5494888', 'cherry': '5495382', 'watermelon': '5494510', 'registry': '8018911', 'hello-world': '8021526', 'docker/getting-started': '8021973', 'alpine': '7991792'}
12:49:50 INFO  EnvironmentC8y Setup
12:49:50 INFO  Executed systemctl&lt;serv_mapper1&gt;, exit status 3
12:49:50 INFO  Restarting mosquitto too frequently in the last 10 seconds. It was only up for 5 seconds
12:49:50 INFO  Delaying execution by 6 seconds
12:50:10 INFO  Executed sudo&lt;tedge_connect_c8y&gt;, exit status 0, duration 13 secs
12:50:11 INFO  Executed sudo&lt;tedge_connect_c8y_test&gt;, exit status 0
12:50:12 INFO  Executed systemctl&lt;serv_mosq2&gt;, exit status 0
12:50:12 INFO  Executed systemctl&lt;serv_mapper3&gt;, exit status 0
12:50:14 INFO  State of current operation: SUCCESSFUL
12:50:15 INFO  Package apple is installed
12:50:15 INFO  Assert that (True == value) with value=True ... passed
12:50:15 INFO  Package banana is installed
12:50:15 INFO  Assert that (True == value) with value=True ... passed
12:50:15 INFO  Package cherry is installed
12:50:15 INFO  Assert that (True == value) with value=True ... passed
12:50:16 INFO  Package asciijump is installed
12:50:16 WARN  Assert that (False == value) with value=True ... failed 
12:50:16 INFO  Assert that (False == value) with value=False ... passed
12:50:16 INFO  Response status: 201
12:50:16 INFO  Response to action: {
    &quot;creationTime&quot;: &quot;2022-06-08T12:50:16.583Z&quot;,
    &quot;deviceId&quot;: &quot;20013420&quot;,
    &quot;deviceName&quot;: &quot;m32sd10a&quot;,
    &quot;self&quot;: &quot;https://t493319102.eu-latest.cumulocity.com/devicecontrol/operations/20046399&quot;,
    &quot;id&quot;: &quot;20046399&quot;,
    &quot;status&quot;: &quot;PENDING&quot;,
    &quot;description&quot;: &quot;Apply software changes, triggered from PySys: [{'action': 'install', 'id': '5495053', 'name': 'apple', 'url': ' ', 'version': '::fruits'}, {'action': 'install', 'id': '5494888', 'name': 'banana', 'url': ' ', 'version': '::fruits'}, {'action': 'install', 'id': '5475369', 'name': 'asciijump', 'url': ' ', 'version': '::apt'}, {'action': 'install', 'id': '5495382', 'name': 'cherry', 'url': ' ', 'version': '::fruits'}, {'action': 'install', 'id': '8018911', 'name': 'registry', 'url': ' ', 'version': '::docker'}]&quot;,
    &quot;c8y_SoftwareUpdate&quot;: [
        {
            &quot;name&quot;: &quot;apple&quot;,
            &quot;action&quot;: &quot;install&quot;,
            &quot;id&quot;: &quot;5495053&quot;,
            &quot;version&quot;: &quot;::fruits&quot;,
            &quot;url&quot;: &quot; &quot;
        },
        {
            &quot;name&quot;: &quot;banana&quot;,
            &quot;action&quot;: &quot;install&quot;,
            &quot;id&quot;: &quot;5494888&quot;,
            &quot;version&quot;: &quot;::fruits&quot;,
            &quot;url&quot;: &quot; &quot;
        },
        {
            &quot;name&quot;: &quot;asciijump&quot;,
            &quot;action&quot;: &quot;install&quot;,
            &quot;id&quot;: &quot;5475369&quot;,
            &quot;version&quot;: &quot;::apt&quot;,
            &quot;url&quot;: &quot; &quot;
        },
        {
            &quot;name&quot;: &quot;cherry&quot;,
            &quot;action&quot;: &quot;install&quot;,
            &quot;id&quot;: &quot;5495382&quot;,
            &quot;version&quot;: &quot;::fruits&quot;,
            &quot;url&quot;: &quot; &quot;
        },
        {
            &quot;name&quot;: &quot;registry&quot;,
            &quot;action&quot;: &quot;install&quot;,
            &quot;id&quot;: &quot;8018911&quot;,
            &quot;version&quot;: &quot;::docker&quot;,
            &quot;url&quot;: &quot; &quot;
        }
    ]
}
12:50:16 INFO  Started operation: {'creationTime': '2022-06-08T12:50:16.583Z', 'deviceId': '20013420', 'deviceName': 'm32sd10a', 'self': 'https://t493319102.eu-latest.cumulocity.com/devicecontrol/operations/20046399', 'id': '20046399', 'status': 'PENDING', 'description': &quot;Apply software changes, triggered from PySys: [{'action': 'install', 'id': '5495053', 'name': 'apple', 'url': ' ', 'version': '::fruits'}, {'action': 'install', 'id': '5494888', 'name': 'banana', 'url': ' ', 'version': '::fruits'}, {'action': 'install', 'id': '5475369', 'name': 'asciijump', 'url': ' ', 'version': '::apt'}, {'action': 'install', 'id': '5495382', 'name': 'cherry', 'url': ' ', 'version': '::fruits'}, {'action': 'install', 'id': '8018911', 'name': 'registry', 'url': ' ', 'version': '::docker'}]&quot;, 'c8y_SoftwareUpdate': [{'name': 'apple', 'action': 'install', 'id': '5495053', 'version': '::fruits', 'url': ' '}, {'name': 'banana', 'action': 'install', 'id': '5494888', 'version': '::fruits', 'url': ' '}, {'name': 'asciijump', 'action': 'install', 'id': '5475369', 'version': '::apt', 'url': ' '}, {'name': 'cherry', 'action': 'install', 'id': '5495382', 'version': '::fruits', 'url': ' '}, {'name': 'registry', 'action': 'install', 'id': '8018911', 'version': '::docker', 'url': ' '}]}
12:50:19 INFO  State of operation 20046399 : PENDING
12:50:21 INFO  State of operation 20046399 : EXECUTING
12:50:23 INFO  State of operation 20046399 : EXECUTING
12:50:25 INFO  State of operation 20046399 : EXECUTING
12:50:28 INFO  State of operation 20046399 : EXECUTING
12:50:30 INFO  State of operation 20046399 : EXECUTING
12:50:32 INFO  State of operation 20046399 : EXECUTING
12:50:35 INFO  State of operation 20046399 : EXECUTING
12:50:38 INFO  State of operation 20046399 : EXECUTING
12:50:40 INFO  State of operation 20046399 : EXECUTING
12:50:43 INFO  State of operation 20046399 : EXECUTING
12:50:45 INFO  State of operation 20046399 : EXECUTING
12:50:47 INFO  State of operation 20046399 : EXECUTING
12:50:49 INFO  State of operation 20046399 : EXECUTING
12:50:51 INFO  State of operation 20046399 : EXECUTING
12:50:54 INFO  State of operation 20046399 : EXECUTING
12:50:56 INFO  State of operation 20046399 : EXECUTING
12:50:58 INFO  State of operation 20046399 : EXECUTING
12:51:00 INFO  State of operation 20046399 : EXECUTING
12:51:03 INFO  State of operation 20046399 : EXECUTING
12:51:05 INFO  State of operation 20046399 : EXECUTING
12:51:07 INFO  State of operation 20046399 : EXECUTING
12:51:09 INFO  State of operation 20046399 : EXECUTING
12:51:12 INFO  State of operation 20046399 : EXECUTING
12:51:14 INFO  State of operation 20046399 : EXECUTING
12:51:16 INFO  State of operation 20046399 : EXECUTING
12:51:18 INFO  State of operation 20046399 : SUCCESSFUL
12:51:19 INFO  Package apple is installed
12:51:19 INFO  Assert that (True == value) with value=True ... passed
12:51:19 INFO  Package banana is installed
12:51:19 INFO  Assert that (True == value) with value=True ... passed
12:51:19 INFO  Package cherry is installed
12:51:19 INFO  Assert that (True == value) with value=True ... passed
12:51:19 INFO  Package asciijump is installed
12:51:19 INFO  Assert that (True == value) with value=True ... passed
12:51:20 INFO  Package registry is installed
12:51:20 INFO  Assert that (True == value) with value=True ... passed
12:51:20 INFO  Response status: 201
12:51:20 INFO  Response to action: {
    &quot;creationTime&quot;: &quot;2022-06-08T12:51:20.201Z&quot;,
    &quot;deviceId&quot;: &quot;20013420&quot;,
    &quot;deviceName&quot;: &quot;m32sd10a&quot;,
    &quot;self&quot;: &quot;https://t493319102.eu-latest.cumulocity.com/devicecontrol/operations/20046403&quot;,
    &quot;id&quot;: &quot;20046403&quot;,
    &quot;status&quot;: &quot;PENDING&quot;,
    &quot;description&quot;: &quot;Apply software changes, triggered from PySys: [{'action': 'delete', 'id': '5495053', 'name': 'apple', 'url': ' ', 'version': '::fruits'}, {'action': 'delete', 'id': '5494888', 'name': 'banana', 'url': ' ', 'version': '::fruits'}, {'action': 'delete', 'id': '5475369', 'name': 'asciijump', 'url': ' ', 'version': '::apt'}, {'action': 'delete', 'id': '5495382', 'name': 'cherry', 'url': ' ', 'version': '::fruits'}, {'action': 'delete', 'id': '8018911', 'name': 'registry', 'url': ' ', 'version': '::docker'}]&quot;,
    &quot;c8y_SoftwareUpdate&quot;: [
        {
            &quot;name&quot;: &quot;apple&quot;,
            &quot;action&quot;: &quot;delete&quot;,
            &quot;id&quot;: &quot;5495053&quot;,
            &quot;version&quot;: &quot;::fruits&quot;,
            &quot;url&quot;: &quot; &quot;
        },
        {
            &quot;name&quot;: &quot;banana&quot;,
            &quot;action&quot;: &quot;delete&quot;,
            &quot;id&quot;: &quot;5494888&quot;,
            &quot;version&quot;: &quot;::fruits&quot;,
            &quot;url&quot;: &quot; &quot;
        },
        {
            &quot;name&quot;: &quot;asciijump&quot;,
            &quot;action&quot;: &quot;delete&quot;,
            &quot;id&quot;: &quot;5475369&quot;,
            &quot;version&quot;: &quot;::apt&quot;,
            &quot;url&quot;: &quot; &quot;
        },
        {
            &quot;name&quot;: &quot;cherry&quot;,
            &quot;action&quot;: &quot;delete&quot;,
            &quot;id&quot;: &quot;5495382&quot;,
            &quot;version&quot;: &quot;::fruits&quot;,
            &quot;url&quot;: &quot; &quot;
        },
        {
            &quot;name&quot;: &quot;registry&quot;,
            &quot;action&quot;: &quot;delete&quot;,
            &quot;id&quot;: &quot;8018911&quot;,
            &quot;version&quot;: &quot;::docker&quot;,
            &quot;url&quot;: &quot; &quot;
        }
    ]
}
12:51:20 INFO  Started operation: {'creationTime': '2022-06-08T12:51:20.201Z', 'deviceId': '20013420', 'deviceName': 'm32sd10a', 'self': 'https://t493319102.eu-latest.cumulocity.com/devicecontrol/operations/20046403', 'id': '20046403', 'status': 'PENDING', 'description': &quot;Apply software changes, triggered from PySys: [{'action': 'delete', 'id': '5495053', 'name': 'apple', 'url': ' ', 'version': '::fruits'}, {'action': 'delete', 'id': '5494888', 'name': 'banana', 'url': ' ', 'version': '::fruits'}, {'action': 'delete', 'id': '5475369', 'name': 'asciijump', 'url': ' ', 'version': '::apt'}, {'action': 'delete', 'id': '5495382', 'name': 'cherry', 'url': ' ', 'version': '::fruits'}, {'action': 'delete', 'id': '8018911', 'name': 'registry', 'url': ' ', 'version': '::docker'}]&quot;, 'c8y_SoftwareUpdate': [{'name': 'apple', 'action': 'delete', 'id': '5495053', 'version': '::fruits', 'url': ' '}, {'name': 'banana', 'action': 'delete', 'id': '5494888', 'version': '::fruits', 'url': ' '}, {'name': 'asciijump', 'action': 'delete', 'id': '5475369', 'version': '::apt', 'url': ' '}, {'name': 'cherry', 'action': 'delete', 'id': '5495382', 'version': '::fruits', 'url': ' '}, {'name': 'registry', 'action': 'delete', 'id': '8018911', 'version': '::docker', 'url': ' '}]}
12:51:22 INFO  State of operation 20046403 : PENDING
12:51:24 INFO  State of operation 20046403 : EXECUTING
12:51:26 INFO  State of operation 20046403 : EXECUTING
12:51:29 INFO  State of operation 20046403 : EXECUTING
12:51:31 INFO  State of operation 20046403 : EXECUTING
12:51:34 INFO  State of operation 20046403 : EXECUTING
12:51:37 INFO  State of operation 20046403 : EXECUTING
12:51:39 INFO  State of operation 20046403 : EXECUTING
12:51:42 INFO  State of operation 20046403 : EXECUTING
12:51:44 INFO  State of operation 20046403 : EXECUTING
12:51:46 INFO  State of operation 20046403 : EXECUTING
12:51:49 INFO  State of operation 20046403 : EXECUTING
12:51:51 INFO  State of operation 20046403 : EXECUTING
12:51:53 INFO  State of operation 20046403 : EXECUTING
12:51:55 INFO  State of operation 20046403 : EXECUTING
12:51:58 INFO  State of operation 20046403 : EXECUTING
12:52:02 INFO  State of operation 20046403 : EXECUTING
12:52:04 INFO  State of operation 20046403 : EXECUTING
12:52:06 INFO  State of operation 20046403 : EXECUTING
12:52:09 INFO  State of operation 20046403 : EXECUTING
12:52:11 INFO  State of operation 20046403 : EXECUTING
12:52:13 INFO  State of operation 20046403 : EXECUTING
12:52:16 INFO  State of operation 20046403 : EXECUTING
12:52:18 INFO  State of operation 20046403 : EXECUTING
12:52:21 INFO  State of operation 20046403 : EXECUTING
12:52:23 INFO  State of operation 20046403 : EXECUTING
12:52:25 INFO  State of operation 20046403 : EXECUTING
12:52:27 INFO  State of operation 20046403 : EXECUTING
12:52:30 INFO  State of operation 20046403 : EXECUTING
12:52:32 INFO  State of operation 20046403 : EXECUTING
12:52:34 INFO  State of operation 20046403 : SUCCESSFUL
12:52:35 INFO  Package apple is installed
12:52:35 INFO  Assert that (True == value) with value=True ... passed
12:52:35 INFO  Package banana is installed
12:52:35 INFO  Assert that (True == value) with value=True ... passed
12:52:35 INFO  Package cherry is installed
12:52:35 INFO  Assert that (True == value) with value=True ... passed
12:52:36 INFO  Assert that (False == value) with value=False ... passed
12:52:36 INFO  Assert that (False == value) with value=False ... passed
12:52:36 INFO  
12:52:36 INFO  cleanup:
12:52:40 INFO  Executed sudo&lt;tedge_disconnect_c8y&gt;, exit status 0
12:52:41 INFO  Executed systemctl&lt;serv_mapper5&gt;, exit status 3
12:52:41 INFO  
12:52:41 INFO  Test duration: 170.97 secs
12:52:41 INFO  Test final outcome:  FAILED
12:52:41 INFO  Test outcome reason: Assert that (False == value) with value=True
12:52:41 INFO  
</system-out>
	</testcase>
</testsuite>
