<?xml version="1.0" encoding="utf-8"?>
<testsuite failures="1" name="SoftwareManagement.sm_mixed_install_remove_multiple" skipped="0" tests="1" time="167.8" timestamp="2022-07-21T16:14:07">
	<testcase classname="PySysTest" name="SoftwareManagement.sm_mixed_install_remove_multiple">
		<failure message="FAILED: Assert that (False == value) with value=True" type="FAILED"/>
		<system-out>16:11:19 INFO  ==============================================================
16:11:19 INFO  Id:    SoftwareManagement.sm_mixed_install_remove_multiple
16:11:19 INFO  Dir:   software_management_end_to_end/
16:11:19 INFO  Title: Validate end to end behaviour for the dummy-plugin for multiple packages with mixed versions
16:11:19 INFO  ==============================================================
16:11:19 INFO  Using sw id database: {'asciijump': '5475369', 'robotfindskitten': '5474869', 'squirrel3': '5475279', 'rolldice': '5152439', 'moon-buggy': '5439204', 'apple': '5495053', 'banana': '5494888', 'cherry': '5495382', 'watermelon': '5494510', 'registry': '8018911', 'hello-world': '8021526', 'docker/getting-started': '8021973', 'alpine': '7991792'}
16:11:19 INFO  EnvironmentC8y Setup
16:11:20 INFO  Executed systemctl&lt;serv_mapper1&gt;, exit status 3
16:11:20 INFO  Restarting mosquitto too frequently in the last 10 seconds. It was only up for 4 seconds
16:11:20 INFO  Delaying execution by 7 seconds
16:11:41 INFO  Executed sudo&lt;tedge_connect_c8y&gt;, exit status 0, duration 14 secs
16:11:41 INFO  Executed sudo&lt;tedge_connect_c8y_test&gt;, exit status 0
16:11:42 INFO  Executed systemctl&lt;serv_mosq2&gt;, exit status 0
16:11:43 INFO  Executed systemctl&lt;serv_mapper3&gt;, exit status 0
16:11:45 INFO  State of current operation: SUCCESSFUL
16:11:45 INFO  Package apple is installed
16:11:45 INFO  Assert that (True == value) with value=True ... passed
16:11:45 INFO  Package banana is installed
16:11:45 INFO  Assert that (True == value) with value=True ... passed
16:11:45 INFO  Package cherry is installed
16:11:45 INFO  Assert that (True == value) with value=True ... passed
16:11:46 INFO  Package asciijump is installed
16:11:46 WARN  Assert that (False == value) with value=True ... failed 
16:11:46 INFO  Assert that (False == value) with value=False ... passed
16:11:46 INFO  Response status: 201
16:11:46 INFO  Response to action: {
    &quot;creationTime&quot;: &quot;2022-07-21T16:11:46.654Z&quot;,
    &quot;deviceId&quot;: &quot;21119832&quot;,
    &quot;deviceName&quot;: &quot;m32sd10a&quot;,
    &quot;self&quot;: &quot;https://t493319102.eu-latest.cumulocity.com/devicecontrol/operations/21156188&quot;,
    &quot;id&quot;: &quot;21156188&quot;,
    &quot;status&quot;: &quot;PENDING&quot;,
    &quot;description&quot;: &quot;Apply software changes, triggered from PySys: [{'action': 'install', 'id': '5495053', 'name': 'apple', 'url': ' ', 'version': '::fruits'}, {'action': 'install', 'id': '5494888', 'name': 'banana', 'url': ' ', 'version': '::fruits'}, {'action': 'install', 'id': '5475369', 'name': 'asciijump', 'url': ' ', 'version': '::apt'}, {'action': 'install', 'id': '5495382', 'name': 'cherry', 'url': ' ', 'version': '::fruits'}, {'action': 'install', 'id': '8018911', 'name': 'registry', 'url': ' ', 'version': '::docker'}]&quot;,
    &quot;c8y_SoftwareUpdate&quot;: [
        {
            &quot;name&quot;: &quot;apple&quot;,
            &quot;action&quot;: &quot;install&quot;,
            &quot;id&quot;: &quot;5495053&quot;,
            &quot;version&quot;: &quot;::fruits&quot;,
            &quot;url&quot;: &quot; &quot;
        },
        {
            &quot;name&quot;: &quot;banana&quot;,
            &quot;action&quot;: &quot;install&quot;,
            &quot;id&quot;: &quot;5494888&quot;,
            &quot;version&quot;: &quot;::fruits&quot;,
            &quot;url&quot;: &quot; &quot;
        },
        {
            &quot;name&quot;: &quot;asciijump&quot;,
            &quot;action&quot;: &quot;install&quot;,
            &quot;id&quot;: &quot;5475369&quot;,
            &quot;version&quot;: &quot;::apt&quot;,
            &quot;url&quot;: &quot; &quot;
        },
        {
            &quot;name&quot;: &quot;cherry&quot;,
            &quot;action&quot;: &quot;install&quot;,
            &quot;id&quot;: &quot;5495382&quot;,
            &quot;version&quot;: &quot;::fruits&quot;,
            &quot;url&quot;: &quot; &quot;
        },
        {
            &quot;name&quot;: &quot;registry&quot;,
            &quot;action&quot;: &quot;install&quot;,
            &quot;id&quot;: &quot;8018911&quot;,
            &quot;version&quot;: &quot;::docker&quot;,
            &quot;url&quot;: &quot; &quot;
        }
    ]
}
16:11:46 INFO  Started operation: {'creationTime': '2022-07-21T16:11:46.654Z', 'deviceId': '21119832', 'deviceName': 'm32sd10a', 'self': 'https://t493319102.eu-latest.cumulocity.com/devicecontrol/operations/21156188', 'id': '21156188', 'status': 'PENDING', 'description': &quot;Apply software changes, triggered from PySys: [{'action': 'install', 'id': '5495053', 'name': 'apple', 'url': ' ', 'version': '::fruits'}, {'action': 'install', 'id': '5494888', 'name': 'banana', 'url': ' ', 'version': '::fruits'}, {'action': 'install', 'id': '5475369', 'name': 'asciijump', 'url': ' ', 'version': '::apt'}, {'action': 'install', 'id': '5495382', 'name': 'cherry', 'url': ' ', 'version': '::fruits'}, {'action': 'install', 'id': '8018911', 'name': 'registry', 'url': ' ', 'version': '::docker'}]&quot;, 'c8y_SoftwareUpdate': [{'name': 'apple', 'action': 'install', 'id': '5495053', 'version': '::fruits', 'url': ' '}, {'name': 'banana', 'action': 'install', 'id': '5494888', 'version': '::fruits', 'url': ' '}, {'name': 'asciijump', 'action': 'install', 'id': '5475369', 'version': '::apt', 'url': ' '}, {'name': 'cherry', 'action': 'install', 'id': '5495382', 'version': '::fruits', 'url': ' '}, {'name': 'registry', 'action': 'install', 'id': '8018911', 'version': '::docker', 'url': ' '}]}
16:11:48 INFO  State of operation 21156188 : PENDING
16:11:51 INFO  State of operation 21156188 : EXECUTING
16:11:53 INFO  State of operation 21156188 : EXECUTING
16:11:55 INFO  State of operation 21156188 : EXECUTING
16:11:57 INFO  State of operation 21156188 : EXECUTING
16:12:00 INFO  State of operation 21156188 : EXECUTING
16:12:02 INFO  State of operation 21156188 : EXECUTING
16:12:04 INFO  State of operation 21156188 : EXECUTING
16:12:07 INFO  State of operation 21156188 : EXECUTING
16:12:10 INFO  State of operation 21156188 : EXECUTING
16:12:12 INFO  State of operation 21156188 : EXECUTING
16:12:14 INFO  State of operation 21156188 : EXECUTING
16:12:16 INFO  State of operation 21156188 : EXECUTING
16:12:18 INFO  State of operation 21156188 : EXECUTING
16:12:21 INFO  State of operation 21156188 : EXECUTING
16:12:23 INFO  State of operation 21156188 : EXECUTING
16:12:25 INFO  State of operation 21156188 : EXECUTING
16:12:27 INFO  State of operation 21156188 : EXECUTING
16:12:30 INFO  State of operation 21156188 : EXECUTING
16:12:32 INFO  State of operation 21156188 : EXECUTING
16:12:34 INFO  State of operation 21156188 : EXECUTING
16:12:37 INFO  State of operation 21156188 : EXECUTING
16:12:39 INFO  State of operation 21156188 : EXECUTING
16:12:41 INFO  State of operation 21156188 : EXECUTING
16:12:44 INFO  State of operation 21156188 : EXECUTING
16:12:46 INFO  State of operation 21156188 : EXECUTING
16:12:48 INFO  State of operation 21156188 : SUCCESSFUL
16:12:48 INFO  Package apple is installed
16:12:48 INFO  Assert that (True == value) with value=True ... passed
16:12:49 INFO  Package banana is installed
16:12:49 INFO  Assert that (True == value) with value=True ... passed
16:12:49 INFO  Package cherry is installed
16:12:49 INFO  Assert that (True == value) with value=True ... passed
16:12:49 INFO  Package asciijump is installed
16:12:49 INFO  Assert that (True == value) with value=True ... passed
16:12:49 INFO  Package registry is installed
16:12:49 INFO  Assert that (True == value) with value=True ... passed
16:12:49 INFO  Response status: 201
16:12:49 INFO  Response to action: {
    &quot;creationTime&quot;: &quot;2022-07-21T16:12:49.885Z&quot;,
    &quot;deviceId&quot;: &quot;21119832&quot;,
    &quot;deviceName&quot;: &quot;m32sd10a&quot;,
    &quot;self&quot;: &quot;https://t493319102.eu-latest.cumulocity.com/devicecontrol/operations/21156196&quot;,
    &quot;id&quot;: &quot;21156196&quot;,
    &quot;status&quot;: &quot;PENDING&quot;,
    &quot;description&quot;: &quot;Apply software changes, triggered from PySys: [{'action': 'delete', 'id': '5495053', 'name': 'apple', 'url': ' ', 'version': '::fruits'}, {'action': 'delete', 'id': '5494888', 'name': 'banana', 'url': ' ', 'version': '::fruits'}, {'action': 'delete', 'id': '5475369', 'name': 'asciijump', 'url': ' ', 'version': '::apt'}, {'action': 'delete', 'id': '5495382', 'name': 'cherry', 'url': ' ', 'version': '::fruits'}, {'action': 'delete', 'id': '8018911', 'name': 'registry', 'url': ' ', 'version': '::docker'}]&quot;,
    &quot;c8y_SoftwareUpdate&quot;: [
        {
            &quot;name&quot;: &quot;apple&quot;,
            &quot;action&quot;: &quot;delete&quot;,
            &quot;id&quot;: &quot;5495053&quot;,
            &quot;version&quot;: &quot;::fruits&quot;,
            &quot;url&quot;: &quot; &quot;
        },
        {
            &quot;name&quot;: &quot;banana&quot;,
            &quot;action&quot;: &quot;delete&quot;,
            &quot;id&quot;: &quot;5494888&quot;,
            &quot;version&quot;: &quot;::fruits&quot;,
            &quot;url&quot;: &quot; &quot;
        },
        {
            &quot;name&quot;: &quot;asciijump&quot;,
            &quot;action&quot;: &quot;delete&quot;,
            &quot;id&quot;: &quot;5475369&quot;,
            &quot;version&quot;: &quot;::apt&quot;,
            &quot;url&quot;: &quot; &quot;
        },
        {
            &quot;name&quot;: &quot;cherry&quot;,
            &quot;action&quot;: &quot;delete&quot;,
            &quot;id&quot;: &quot;5495382&quot;,
            &quot;version&quot;: &quot;::fruits&quot;,
            &quot;url&quot;: &quot; &quot;
        },
        {
            &quot;name&quot;: &quot;registry&quot;,
            &quot;action&quot;: &quot;delete&quot;,
            &quot;id&quot;: &quot;8018911&quot;,
            &quot;version&quot;: &quot;::docker&quot;,
            &quot;url&quot;: &quot; &quot;
        }
    ]
}
16:12:49 INFO  Started operation: {'creationTime': '2022-07-21T16:12:49.885Z', 'deviceId': '21119832', 'deviceName': 'm32sd10a', 'self': 'https://t493319102.eu-latest.cumulocity.com/devicecontrol/operations/21156196', 'id': '21156196', 'status': 'PENDING', 'description': &quot;Apply software changes, triggered from PySys: [{'action': 'delete', 'id': '5495053', 'name': 'apple', 'url': ' ', 'version': '::fruits'}, {'action': 'delete', 'id': '5494888', 'name': 'banana', 'url': ' ', 'version': '::fruits'}, {'action': 'delete', 'id': '5475369', 'name': 'asciijump', 'url': ' ', 'version': '::apt'}, {'action': 'delete', 'id': '5495382', 'name': 'cherry', 'url': ' ', 'version': '::fruits'}, {'action': 'delete', 'id': '8018911', 'name': 'registry', 'url': ' ', 'version': '::docker'}]&quot;, 'c8y_SoftwareUpdate': [{'name': 'apple', 'action': 'delete', 'id': '5495053', 'version': '::fruits', 'url': ' '}, {'name': 'banana', 'action': 'delete', 'id': '5494888', 'version': '::fruits', 'url': ' '}, {'name': 'asciijump', 'action': 'delete', 'id': '5475369', 'version': '::apt', 'url': ' '}, {'name': 'cherry', 'action': 'delete', 'id': '5495382', 'version': '::fruits', 'url': ' '}, {'name': 'registry', 'action': 'delete', 'id': '8018911', 'version': '::docker', 'url': ' '}]}
16:12:52 INFO  State of operation 21156196 : PENDING
16:12:54 INFO  State of operation 21156196 : EXECUTING
16:12:56 INFO  State of operation 21156196 : EXECUTING
16:12:58 INFO  State of operation 21156196 : EXECUTING
16:13:01 INFO  State of operation 21156196 : EXECUTING
16:13:03 INFO  State of operation 21156196 : EXECUTING
16:13:05 INFO  State of operation 21156196 : EXECUTING
16:13:07 INFO  State of operation 21156196 : EXECUTING
16:13:11 INFO  State of operation 21156196 : EXECUTING
16:13:13 INFO  State of operation 21156196 : EXECUTING
16:13:15 INFO  State of operation 21156196 : EXECUTING
16:13:17 INFO  State of operation 21156196 : EXECUTING
16:13:20 INFO  State of operation 21156196 : EXECUTING
16:13:22 INFO  State of operation 21156196 : EXECUTING
16:13:24 INFO  State of operation 21156196 : EXECUTING
16:13:26 INFO  State of operation 21156196 : EXECUTING
16:13:31 INFO  State of operation 21156196 : EXECUTING
16:13:33 INFO  State of operation 21156196 : EXECUTING
16:13:35 INFO  State of operation 21156196 : EXECUTING
16:13:38 INFO  State of operation 21156196 : EXECUTING
16:13:40 INFO  State of operation 21156196 : EXECUTING
16:13:42 INFO  State of operation 21156196 : EXECUTING
16:13:45 INFO  State of operation 21156196 : EXECUTING
16:13:47 INFO  State of operation 21156196 : EXECUTING
16:13:50 INFO  State of operation 21156196 : EXECUTING
16:13:52 INFO  State of operation 21156196 : EXECUTING
16:13:54 INFO  State of operation 21156196 : EXECUTING
16:13:56 INFO  State of operation 21156196 : EXECUTING
16:13:59 INFO  State of operation 21156196 : EXECUTING
16:14:01 INFO  State of operation 21156196 : SUCCESSFUL
16:14:01 INFO  Package apple is installed
16:14:01 INFO  Assert that (True == value) with value=True ... passed
16:14:01 INFO  Package banana is installed
16:14:01 INFO  Assert that (True == value) with value=True ... passed
16:14:02 INFO  Package cherry is installed
16:14:02 INFO  Assert that (True == value) with value=True ... passed
16:14:02 INFO  Assert that (False == value) with value=False ... passed
16:14:02 INFO  Assert that (False == value) with value=False ... passed
16:14:02 INFO  
16:14:02 INFO  cleanup:
16:14:06 INFO  Executed sudo&lt;tedge_disconnect_c8y&gt;, exit status 0
16:14:07 INFO  Executed systemctl&lt;serv_mapper5&gt;, exit status 3
16:14:07 INFO  
16:14:07 INFO  Test duration: 167.80 secs
16:14:07 INFO  Test final outcome:  FAILED
16:14:07 INFO  Test outcome reason: Assert that (False == value) with value=True
16:14:07 INFO  
</system-out>
	</testcase>
</testsuite>
