<?xml version="1.0" encoding="utf-8"?>
<testsuite failures="1" name="SoftwareManagement.sm_apt_install_remove_default" skipped="0" tests="1" time="159.82" timestamp="2022-07-26T17:24:37">
	<testcase classname="PySysTest" name="SoftwareManagement.sm_apt_install_remove_default">
		<failure message="FAILED: Assert that (False == value) with value=True" type="FAILED"/>
		<system-out>17:21:57 INFO  ==============================================================
17:21:57 INFO  Id:    SoftwareManagement.sm_apt_install_remove_default
17:21:57 INFO  Dir:   software_management_end_to_end/
17:21:57 INFO  Title: Validate end to end behaviour for the default plugin for installation and removal of packages
17:21:57 INFO  ==============================================================
17:21:57 INFO  Using sw id database: {'asciijump': '5475369', 'robotfindskitten': '5474869', 'squirrel3': '5475279', 'rolldice': '5152439', 'moon-buggy': '5439204', 'apple': '5495053', 'banana': '5494888', 'cherry': '5495382', 'watermelon': '5494510', 'registry': '8018911', 'hello-world': '8021526', 'docker/getting-started': '8021973', 'alpine': '7991792'}
17:21:57 INFO  EnvironmentC8y Setup
17:21:58 INFO  Executed systemctl&lt;serv_mapper1&gt;, exit status 3
17:21:58 INFO  Restarting mosquitto too frequently in the last 10 seconds. It was only up for 4 seconds
17:21:58 INFO  Delaying execution by 7 seconds
17:22:19 INFO  Executed sudo&lt;tedge_connect_c8y&gt;, exit status 0, duration 14 secs
17:22:19 INFO  Executed sudo&lt;tedge_connect_c8y_test&gt;, exit status 0
17:22:20 INFO  Executed systemctl&lt;serv_mosq2&gt;, exit status 0
17:22:21 INFO  Executed systemctl&lt;serv_mapper3&gt;, exit status 0
17:22:23 INFO  State of current operation: SUCCESSFUL
17:22:23 INFO  Assert that (False == value) with value=False ... passed
17:22:23 INFO  Response status: 201
17:22:23 INFO  Response to action: {
    &quot;creationTime&quot;: &quot;2022-07-26T17:22:23.669Z&quot;,
    &quot;deviceId&quot;: &quot;21435314&quot;,
    &quot;deviceName&quot;: &quot;m32sd10a&quot;,
    &quot;self&quot;: &quot;https://t493319102.eu-latest.cumulocity.com/devicecontrol/operations/21453271&quot;,
    &quot;id&quot;: &quot;21453271&quot;,
    &quot;status&quot;: &quot;PENDING&quot;,
    &quot;description&quot;: &quot;Apply software changes, triggered from PySys: [{'name': 'rolldice', 'id': '5152439', 'version': ' ', 'url': '', 'action': 'install'}]&quot;,
    &quot;c8y_SoftwareUpdate&quot;: [
        {
            &quot;name&quot;: &quot;rolldice&quot;,
            &quot;action&quot;: &quot;install&quot;,
            &quot;id&quot;: &quot;5152439&quot;,
            &quot;version&quot;: &quot; &quot;,
            &quot;url&quot;: &quot;&quot;
        }
    ]
}
17:22:23 INFO  Started operation: {'creationTime': '2022-07-26T17:22:23.669Z', 'deviceId': '21435314', 'deviceName': 'm32sd10a', 'self': 'https://t493319102.eu-latest.cumulocity.com/devicecontrol/operations/21453271', 'id': '21453271', 'status': 'PENDING', 'description': &quot;Apply software changes, triggered from PySys: [{'name': 'rolldice', 'id': '5152439', 'version': ' ', 'url': '', 'action': 'install'}]&quot;, 'c8y_SoftwareUpdate': [{'name': 'rolldice', 'action': 'install', 'id': '5152439', 'version': ' ', 'url': ''}]}
17:22:25 INFO  State of operation 21453271 : PENDING
17:22:28 INFO  State of operation 21453271 : EXECUTING
17:22:30 INFO  State of operation 21453271 : EXECUTING
17:22:32 INFO  State of operation 21453271 : EXECUTING
17:22:34 INFO  State of operation 21453271 : EXECUTING
17:22:37 INFO  State of operation 21453271 : EXECUTING
17:22:40 INFO  State of operation 21453271 : EXECUTING
17:22:42 INFO  State of operation 21453271 : EXECUTING
17:22:45 INFO  State of operation 21453271 : EXECUTING
17:22:47 INFO  State of operation 21453271 : EXECUTING
17:22:49 INFO  State of operation 21453271 : EXECUTING
17:22:51 INFO  State of operation 21453271 : EXECUTING
17:22:54 INFO  State of operation 21453271 : EXECUTING
17:22:56 INFO  State of operation 21453271 : EXECUTING
17:22:58 INFO  State of operation 21453271 : EXECUTING
17:23:01 INFO  State of operation 21453271 : EXECUTING
17:23:04 INFO  State of operation 21453271 : EXECUTING
17:23:06 INFO  State of operation 21453271 : EXECUTING
17:23:08 INFO  State of operation 21453271 : EXECUTING
17:23:11 INFO  State of operation 21453271 : EXECUTING
17:23:13 INFO  State of operation 21453271 : EXECUTING
17:23:16 INFO  State of operation 21453271 : EXECUTING
17:23:18 INFO  State of operation 21453271 : EXECUTING
17:23:21 INFO  State of operation 21453271 : EXECUTING
17:23:23 INFO  State of operation 21453271 : EXECUTING
17:23:26 INFO  State of operation 21453271 : EXECUTING
17:23:28 INFO  State of operation 21453271 : EXECUTING
17:23:31 INFO  State of operation 21453271 : EXECUTING
17:23:33 INFO  State of operation 21453271 : EXECUTING
17:23:35 INFO  State of operation 21453271 : EXECUTING
17:23:37 INFO  State of operation 21453271 : EXECUTING
17:23:40 INFO  State of operation 21453271 : SUCCESSFUL
17:23:40 INFO  Package rolldice is installed
17:23:40 INFO  Assert that (True == value) with value=True ... passed
17:23:40 INFO  Response status: 201
17:23:40 INFO  Response to action: {
    &quot;creationTime&quot;: &quot;2022-07-26T17:23:40.548Z&quot;,
    &quot;deviceId&quot;: &quot;21435314&quot;,
    &quot;deviceName&quot;: &quot;m32sd10a&quot;,
    &quot;self&quot;: &quot;https://t493319102.eu-latest.cumulocity.com/devicecontrol/operations/21453286&quot;,
    &quot;id&quot;: &quot;21453286&quot;,
    &quot;status&quot;: &quot;PENDING&quot;,
    &quot;description&quot;: &quot;Apply software changes, triggered from PySys: [{'name': 'rolldice', 'id': '5152439', 'version': ' ', 'url': '', 'action': 'delete'}]&quot;,
    &quot;c8y_SoftwareUpdate&quot;: [
        {
            &quot;name&quot;: &quot;rolldice&quot;,
            &quot;action&quot;: &quot;delete&quot;,
            &quot;id&quot;: &quot;5152439&quot;,
            &quot;version&quot;: &quot; &quot;,
            &quot;url&quot;: &quot;&quot;
        }
    ]
}
17:23:40 INFO  Started operation: {'creationTime': '2022-07-26T17:23:40.548Z', 'deviceId': '21435314', 'deviceName': 'm32sd10a', 'self': 'https://t493319102.eu-latest.cumulocity.com/devicecontrol/operations/21453286', 'id': '21453286', 'status': 'PENDING', 'description': &quot;Apply software changes, triggered from PySys: [{'name': 'rolldice', 'id': '5152439', 'version': ' ', 'url': '', 'action': 'delete'}]&quot;, 'c8y_SoftwareUpdate': [{'name': 'rolldice', 'action': 'delete', 'id': '5152439', 'version': ' ', 'url': ''}]}
17:23:42 INFO  State of operation 21453286 : PENDING
17:23:45 INFO  State of operation 21453286 : EXECUTING
17:23:47 INFO  State of operation 21453286 : EXECUTING
17:23:49 INFO  State of operation 21453286 : EXECUTING
17:23:51 INFO  State of operation 21453286 : EXECUTING
17:23:53 INFO  State of operation 21453286 : EXECUTING
17:23:57 INFO  State of operation 21453286 : EXECUTING
17:23:59 INFO  State of operation 21453286 : EXECUTING
17:24:02 INFO  State of operation 21453286 : EXECUTING
17:24:04 INFO  State of operation 21453286 : EXECUTING
17:24:06 INFO  State of operation 21453286 : EXECUTING
17:24:08 INFO  State of operation 21453286 : EXECUTING
17:24:11 INFO  State of operation 21453286 : EXECUTING
17:24:13 INFO  State of operation 21453286 : EXECUTING
17:24:15 INFO  State of operation 21453286 : EXECUTING
17:24:18 INFO  State of operation 21453286 : EXECUTING
17:24:20 INFO  State of operation 21453286 : EXECUTING
17:24:23 INFO  State of operation 21453286 : EXECUTING
17:24:25 INFO  State of operation 21453286 : EXECUTING
17:24:27 INFO  State of operation 21453286 : EXECUTING
17:24:29 INFO  State of operation 21453286 : EXECUTING
17:24:32 INFO  State of operation 21453286 : SUCCESSFUL
17:24:32 INFO  Package rolldice is installed
17:24:32 WARN  Assert that (False == value) with value=True ... failed [run.py:43]
17:24:32 INFO  
17:24:32 INFO  cleanup:
17:24:36 INFO  Executed sudo&lt;tedge_disconnect_c8y&gt;, exit status 0
17:24:37 INFO  Executed systemctl&lt;serv_mapper5&gt;, exit status 3
17:24:37 INFO  
17:24:37 INFO  Test duration: 159.82 secs
17:24:37 INFO  Test final outcome:  FAILED
17:24:37 INFO  Test outcome reason: Assert that (False == value) with value=True
17:24:37 INFO  
</system-out>
	</testcase>
</testsuite>
