<?xml version="1.0" encoding="utf-8"?>
<testsuite failures="1" name="SoftwareManagement.sm_mixed_install_remove_multiple" skipped="0" tests="1" time="164.24" timestamp="2022-07-26T08:40:40">
	<testcase classname="PySysTest" name="SoftwareManagement.sm_mixed_install_remove_multiple">
		<failure message="FAILED: Assert that (False == value) with value=True" type="FAILED"/>
		<system-out>08:37:55 INFO  ==============================================================
08:37:55 INFO  Id:    SoftwareManagement.sm_mixed_install_remove_multiple
08:37:55 INFO  Dir:   software_management_end_to_end/
08:37:55 INFO  Title: Validate end to end behaviour for the dummy-plugin for multiple packages with mixed versions
08:37:55 INFO  ==============================================================
08:37:55 INFO  Using sw id database: {'asciijump': '5475369', 'robotfindskitten': '5474869', 'squirrel3': '5475279', 'rolldice': '5152439', 'moon-buggy': '5439204', 'apple': '5495053', 'banana': '5494888', 'cherry': '5495382', 'watermelon': '5494510', 'registry': '8018911', 'hello-world': '8021526', 'docker/getting-started': '8021973', 'alpine': '7991792'}
08:37:55 INFO  EnvironmentC8y Setup
08:37:56 INFO  Executed systemctl&lt;serv_mapper1&gt;, exit status 3
08:37:56 INFO  Restarting mosquitto too frequently in the last 10 seconds. It was only up for 5 seconds
08:37:56 INFO  Delaying execution by 6 seconds
08:38:16 INFO  Executed sudo&lt;tedge_connect_c8y&gt;, exit status 0, duration 14 secs
08:38:17 INFO  Executed sudo&lt;tedge_connect_c8y_test&gt;, exit status 0
08:38:17 INFO  Executed systemctl&lt;serv_mosq2&gt;, exit status 0
08:38:18 INFO  Executed systemctl&lt;serv_mapper3&gt;, exit status 0
08:38:20 INFO  State of current operation: SUCCESSFUL
08:38:20 INFO  Package apple is installed
08:38:20 INFO  Assert that (True == value) with value=True ... passed
08:38:21 INFO  Package banana is installed
08:38:21 INFO  Assert that (True == value) with value=True ... passed
08:38:21 INFO  Package cherry is installed
08:38:21 INFO  Assert that (True == value) with value=True ... passed
08:38:21 INFO  Package asciijump is installed
08:38:21 WARN  Assert that (False == value) with value=True ... failed 
08:38:21 INFO  Assert that (False == value) with value=False ... passed
08:38:22 INFO  Response status: 201
08:38:22 INFO  Response to action: {
    &quot;creationTime&quot;: &quot;2022-07-26T08:38:22.147Z&quot;,
    &quot;deviceId&quot;: &quot;21413441&quot;,
    &quot;deviceName&quot;: &quot;m32sd10a&quot;,
    &quot;self&quot;: &quot;https://t493319102.eu-latest.cumulocity.com/devicecontrol/operations/21434774&quot;,
    &quot;id&quot;: &quot;21434774&quot;,
    &quot;status&quot;: &quot;PENDING&quot;,
    &quot;description&quot;: &quot;Apply software changes, triggered from PySys: [{'action': 'install', 'id': '5495053', 'name': 'apple', 'url': ' ', 'version': '::fruits'}, {'action': 'install', 'id': '5494888', 'name': 'banana', 'url': ' ', 'version': '::fruits'}, {'action': 'install', 'id': '5475369', 'name': 'asciijump', 'url': ' ', 'version': '::apt'}, {'action': 'install', 'id': '5495382', 'name': 'cherry', 'url': ' ', 'version': '::fruits'}, {'action': 'install', 'id': '8018911', 'name': 'registry', 'url': ' ', 'version': '::docker'}]&quot;,
    &quot;c8y_SoftwareUpdate&quot;: [
        {
            &quot;name&quot;: &quot;apple&quot;,
            &quot;action&quot;: &quot;install&quot;,
            &quot;id&quot;: &quot;5495053&quot;,
            &quot;version&quot;: &quot;::fruits&quot;,
            &quot;url&quot;: &quot; &quot;
        },
        {
            &quot;name&quot;: &quot;banana&quot;,
            &quot;action&quot;: &quot;install&quot;,
            &quot;id&quot;: &quot;5494888&quot;,
            &quot;version&quot;: &quot;::fruits&quot;,
            &quot;url&quot;: &quot; &quot;
        },
        {
            &quot;name&quot;: &quot;asciijump&quot;,
            &quot;action&quot;: &quot;install&quot;,
            &quot;id&quot;: &quot;5475369&quot;,
            &quot;version&quot;: &quot;::apt&quot;,
            &quot;url&quot;: &quot; &quot;
        },
        {
            &quot;name&quot;: &quot;cherry&quot;,
            &quot;action&quot;: &quot;install&quot;,
            &quot;id&quot;: &quot;5495382&quot;,
            &quot;version&quot;: &quot;::fruits&quot;,
            &quot;url&quot;: &quot; &quot;
        },
        {
            &quot;name&quot;: &quot;registry&quot;,
            &quot;action&quot;: &quot;install&quot;,
            &quot;id&quot;: &quot;8018911&quot;,
            &quot;version&quot;: &quot;::docker&quot;,
            &quot;url&quot;: &quot; &quot;
        }
    ]
}
08:38:22 INFO  Started operation: {'creationTime': '2022-07-26T08:38:22.147Z', 'deviceId': '21413441', 'deviceName': 'm32sd10a', 'self': 'https://t493319102.eu-latest.cumulocity.com/devicecontrol/operations/21434774', 'id': '21434774', 'status': 'PENDING', 'description': &quot;Apply software changes, triggered from PySys: [{'action': 'install', 'id': '5495053', 'name': 'apple', 'url': ' ', 'version': '::fruits'}, {'action': 'install', 'id': '5494888', 'name': 'banana', 'url': ' ', 'version': '::fruits'}, {'action': 'install', 'id': '5475369', 'name': 'asciijump', 'url': ' ', 'version': '::apt'}, {'action': 'install', 'id': '5495382', 'name': 'cherry', 'url': ' ', 'version': '::fruits'}, {'action': 'install', 'id': '8018911', 'name': 'registry', 'url': ' ', 'version': '::docker'}]&quot;, 'c8y_SoftwareUpdate': [{'name': 'apple', 'action': 'install', 'id': '5495053', 'version': '::fruits', 'url': ' '}, {'name': 'banana', 'action': 'install', 'id': '5494888', 'version': '::fruits', 'url': ' '}, {'name': 'asciijump', 'action': 'install', 'id': '5475369', 'version': '::apt', 'url': ' '}, {'name': 'cherry', 'action': 'install', 'id': '5495382', 'version': '::fruits', 'url': ' '}, {'name': 'registry', 'action': 'install', 'id': '8018911', 'version': '::docker', 'url': ' '}]}
08:38:24 INFO  State of operation 21434774 : PENDING
08:38:26 INFO  State of operation 21434774 : EXECUTING
08:38:28 INFO  State of operation 21434774 : EXECUTING
08:38:31 INFO  State of operation 21434774 : EXECUTING
08:38:33 INFO  State of operation 21434774 : EXECUTING
08:38:35 INFO  State of operation 21434774 : EXECUTING
08:38:38 INFO  State of operation 21434774 : EXECUTING
08:38:40 INFO  State of operation 21434774 : EXECUTING
08:38:43 INFO  State of operation 21434774 : EXECUTING
08:38:45 INFO  State of operation 21434774 : EXECUTING
08:38:47 INFO  State of operation 21434774 : EXECUTING
08:38:49 INFO  State of operation 21434774 : EXECUTING
08:38:52 INFO  State of operation 21434774 : EXECUTING
08:38:54 INFO  State of operation 21434774 : EXECUTING
08:38:56 INFO  State of operation 21434774 : EXECUTING
08:38:58 INFO  State of operation 21434774 : EXECUTING
08:39:01 INFO  State of operation 21434774 : EXECUTING
08:39:03 INFO  State of operation 21434774 : EXECUTING
08:39:05 INFO  State of operation 21434774 : EXECUTING
08:39:08 INFO  State of operation 21434774 : EXECUTING
08:39:10 INFO  State of operation 21434774 : EXECUTING
08:39:12 INFO  State of operation 21434774 : EXECUTING
08:39:14 INFO  State of operation 21434774 : EXECUTING
08:39:17 INFO  State of operation 21434774 : EXECUTING
08:39:19 INFO  State of operation 21434774 : EXECUTING
08:39:21 INFO  State of operation 21434774 : SUCCESSFUL
08:39:21 INFO  Package apple is installed
08:39:21 INFO  Assert that (True == value) with value=True ... passed
08:39:22 INFO  Package banana is installed
08:39:22 INFO  Assert that (True == value) with value=True ... passed
08:39:22 INFO  Package cherry is installed
08:39:22 INFO  Assert that (True == value) with value=True ... passed
08:39:22 INFO  Package asciijump is installed
08:39:22 INFO  Assert that (True == value) with value=True ... passed
08:39:22 INFO  Package registry is installed
08:39:22 INFO  Assert that (True == value) with value=True ... passed
08:39:23 INFO  Response status: 201
08:39:23 INFO  Response to action: {
    &quot;creationTime&quot;: &quot;2022-07-26T08:39:22.985Z&quot;,
    &quot;deviceId&quot;: &quot;21413441&quot;,
    &quot;deviceName&quot;: &quot;m32sd10a&quot;,
    &quot;self&quot;: &quot;https://t493319102.eu-latest.cumulocity.com/devicecontrol/operations/21434780&quot;,
    &quot;id&quot;: &quot;21434780&quot;,
    &quot;status&quot;: &quot;PENDING&quot;,
    &quot;description&quot;: &quot;Apply software changes, triggered from PySys: [{'action': 'delete', 'id': '5495053', 'name': 'apple', 'url': ' ', 'version': '::fruits'}, {'action': 'delete', 'id': '5494888', 'name': 'banana', 'url': ' ', 'version': '::fruits'}, {'action': 'delete', 'id': '5475369', 'name': 'asciijump', 'url': ' ', 'version': '::apt'}, {'action': 'delete', 'id': '5495382', 'name': 'cherry', 'url': ' ', 'version': '::fruits'}, {'action': 'delete', 'id': '8018911', 'name': 'registry', 'url': ' ', 'version': '::docker'}]&quot;,
    &quot;c8y_SoftwareUpdate&quot;: [
        {
            &quot;name&quot;: &quot;apple&quot;,
            &quot;action&quot;: &quot;delete&quot;,
            &quot;id&quot;: &quot;5495053&quot;,
            &quot;version&quot;: &quot;::fruits&quot;,
            &quot;url&quot;: &quot; &quot;
        },
        {
            &quot;name&quot;: &quot;banana&quot;,
            &quot;action&quot;: &quot;delete&quot;,
            &quot;id&quot;: &quot;5494888&quot;,
            &quot;version&quot;: &quot;::fruits&quot;,
            &quot;url&quot;: &quot; &quot;
        },
        {
            &quot;name&quot;: &quot;asciijump&quot;,
            &quot;action&quot;: &quot;delete&quot;,
            &quot;id&quot;: &quot;5475369&quot;,
            &quot;version&quot;: &quot;::apt&quot;,
            &quot;url&quot;: &quot; &quot;
        },
        {
            &quot;name&quot;: &quot;cherry&quot;,
            &quot;action&quot;: &quot;delete&quot;,
            &quot;id&quot;: &quot;5495382&quot;,
            &quot;version&quot;: &quot;::fruits&quot;,
            &quot;url&quot;: &quot; &quot;
        },
        {
            &quot;name&quot;: &quot;registry&quot;,
            &quot;action&quot;: &quot;delete&quot;,
            &quot;id&quot;: &quot;8018911&quot;,
            &quot;version&quot;: &quot;::docker&quot;,
            &quot;url&quot;: &quot; &quot;
        }
    ]
}
08:39:23 INFO  Started operation: {'creationTime': '2022-07-26T08:39:22.985Z', 'deviceId': '21413441', 'deviceName': 'm32sd10a', 'self': 'https://t493319102.eu-latest.cumulocity.com/devicecontrol/operations/21434780', 'id': '21434780', 'status': 'PENDING', 'description': &quot;Apply software changes, triggered from PySys: [{'action': 'delete', 'id': '5495053', 'name': 'apple', 'url': ' ', 'version': '::fruits'}, {'action': 'delete', 'id': '5494888', 'name': 'banana', 'url': ' ', 'version': '::fruits'}, {'action': 'delete', 'id': '5475369', 'name': 'asciijump', 'url': ' ', 'version': '::apt'}, {'action': 'delete', 'id': '5495382', 'name': 'cherry', 'url': ' ', 'version': '::fruits'}, {'action': 'delete', 'id': '8018911', 'name': 'registry', 'url': ' ', 'version': '::docker'}]&quot;, 'c8y_SoftwareUpdate': [{'name': 'apple', 'action': 'delete', 'id': '5495053', 'version': '::fruits', 'url': ' '}, {'name': 'banana', 'action': 'delete', 'id': '5494888', 'version': '::fruits', 'url': ' '}, {'name': 'asciijump', 'action': 'delete', 'id': '5475369', 'version': '::apt', 'url': ' '}, {'name': 'cherry', 'action': 'delete', 'id': '5495382', 'version': '::fruits', 'url': ' '}, {'name': 'registry', 'action': 'delete', 'id': '8018911', 'version': '::docker', 'url': ' '}]}
08:39:25 INFO  State of operation 21434780 : PENDING
08:39:27 INFO  State of operation 21434780 : EXECUTING
08:39:29 INFO  State of operation 21434780 : EXECUTING
08:39:31 INFO  State of operation 21434780 : EXECUTING
08:39:34 INFO  State of operation 21434780 : EXECUTING
08:39:36 INFO  State of operation 21434780 : EXECUTING
08:39:39 INFO  State of operation 21434780 : EXECUTING
08:39:41 INFO  State of operation 21434780 : EXECUTING
08:39:43 INFO  State of operation 21434780 : EXECUTING
08:39:46 INFO  State of operation 21434780 : EXECUTING
08:39:48 INFO  State of operation 21434780 : EXECUTING
08:39:50 INFO  State of operation 21434780 : EXECUTING
08:39:53 INFO  State of operation 21434780 : EXECUTING
08:39:55 INFO  State of operation 21434780 : EXECUTING
08:39:57 INFO  State of operation 21434780 : EXECUTING
08:40:00 INFO  State of operation 21434780 : EXECUTING
08:40:04 INFO  State of operation 21434780 : EXECUTING
08:40:06 INFO  State of operation 21434780 : EXECUTING
08:40:08 INFO  State of operation 21434780 : EXECUTING
08:40:11 INFO  State of operation 21434780 : EXECUTING
08:40:13 INFO  State of operation 21434780 : EXECUTING
08:40:15 INFO  State of operation 21434780 : EXECUTING
08:40:18 INFO  State of operation 21434780 : EXECUTING
08:40:20 INFO  State of operation 21434780 : EXECUTING
08:40:22 INFO  State of operation 21434780 : EXECUTING
08:40:25 INFO  State of operation 21434780 : EXECUTING
08:40:27 INFO  State of operation 21434780 : EXECUTING
08:40:29 INFO  State of operation 21434780 : EXECUTING
08:40:31 INFO  State of operation 21434780 : EXECUTING
08:40:34 INFO  State of operation 21434780 : SUCCESSFUL
08:40:34 INFO  Package apple is installed
08:40:34 INFO  Assert that (True == value) with value=True ... passed
08:40:34 INFO  Package banana is installed
08:40:34 INFO  Assert that (True == value) with value=True ... passed
08:40:34 INFO  Package cherry is installed
08:40:34 INFO  Assert that (True == value) with value=True ... passed
08:40:35 INFO  Assert that (False == value) with value=False ... passed
08:40:35 INFO  Assert that (False == value) with value=False ... passed
08:40:35 INFO  
08:40:35 INFO  cleanup:
08:40:39 INFO  Executed sudo&lt;tedge_disconnect_c8y&gt;, exit status 0
08:40:40 INFO  Executed systemctl&lt;serv_mapper5&gt;, exit status 3
08:40:40 INFO  
08:40:40 INFO  Test duration: 164.24 secs
08:40:40 INFO  Test final outcome:  FAILED
08:40:40 INFO  Test outcome reason: Assert that (False == value) with value=True
08:40:40 INFO  
</system-out>
	</testcase>
</testsuite>
