<?xml version="1.0" encoding="utf-8"?>
<testsuite failures="1" name="SoftwareManagement.sm_fake_install_remove" skipped="0" tests="1" time="166.41" timestamp="2022-05-23T16:25:15">
	<testcase classname="PySysTest" name="SoftwareManagement.sm_fake_install_remove">
		<failure message="BLOCKED: SystemError: Timeout while waiting for status FAILED or SUCCESSFUL" type="BLOCKED"/>
		<system-out>16:22:29 INFO  ==============================================================
16:22:29 INFO  Id:    SoftwareManagement.sm_fake_install_remove
16:22:29 INFO  Dir:   software_management_end_to_end/
16:22:29 INFO  Title: Validate end to end behaviour for the dummy plugin for installation and removal of packages
16:22:29 INFO  ==============================================================
16:22:29 INFO  Using sw id database: {'asciijump': '5475369', 'robotfindskitten': '5474869', 'squirrel3': '5475279', 'rolldice': '5152439', 'moon-buggy': '5439204', 'apple': '5495053', 'banana': '5494888', 'cherry': '5495382', 'watermelon': '5494510', 'registry': '8018911', 'hello-world': '8021526', 'docker/getting-started': '8021973', 'alpine': '7991792'}
16:22:29 INFO  EnvironmentC8y Setup
16:22:29 INFO  Executed systemctl&lt;serv_mapper1&gt;, exit status 3
16:22:29 INFO  Restarting mosquitto too frequently in the last 10 seconds. It was only up for 4 seconds
16:22:29 INFO  Delaying execution by 7 seconds
16:22:51 INFO  Executed sudo&lt;tedge_connect_c8y&gt;, exit status 0, duration 14 secs
16:22:51 INFO  Executed sudo&lt;tedge_connect_c8y_test&gt;, exit status 0
16:22:52 INFO  Executed systemctl&lt;serv_mosq2&gt;, exit status 0
16:22:52 INFO  Executed systemctl&lt;serv_mapper3&gt;, exit status 0
16:22:54 INFO  State of current operation: PENDING
16:22:57 INFO  State of current operation: PENDING
16:22:59 INFO  State of current operation: PENDING
16:23:01 INFO  State of current operation: PENDING
16:23:03 INFO  State of current operation: PENDING
16:23:05 INFO  State of current operation: PENDING
16:23:08 INFO  State of current operation: PENDING
16:23:10 INFO  State of current operation: PENDING
16:23:12 INFO  State of current operation: PENDING
16:23:14 INFO  State of current operation: PENDING
16:23:17 INFO  State of current operation: PENDING
16:23:19 INFO  State of current operation: PENDING
16:23:21 INFO  State of current operation: PENDING
16:23:23 INFO  State of current operation: PENDING
16:23:26 INFO  State of current operation: PENDING
16:23:28 INFO  State of current operation: PENDING
16:23:30 INFO  State of current operation: PENDING
16:23:32 INFO  State of current operation: PENDING
16:23:34 INFO  State of current operation: PENDING
16:23:37 INFO  State of current operation: PENDING
16:23:39 INFO  State of current operation: PENDING
16:23:41 INFO  State of current operation: PENDING
16:23:43 INFO  State of current operation: PENDING
16:23:46 INFO  State of current operation: PENDING
16:23:48 INFO  State of current operation: PENDING
16:23:50 INFO  State of current operation: PENDING
16:23:52 INFO  State of current operation: PENDING
16:23:55 INFO  State of current operation: PENDING
16:23:57 INFO  State of current operation: PENDING
16:23:59 INFO  State of current operation: PENDING
16:24:01 INFO  State of current operation: PENDING
16:24:04 INFO  State of current operation: PENDING
16:24:06 INFO  State of current operation: PENDING
16:24:08 INFO  State of current operation: PENDING
16:24:10 INFO  State of current operation: PENDING
16:24:13 INFO  State of current operation: PENDING
16:24:15 INFO  State of current operation: PENDING
16:24:17 INFO  State of current operation: PENDING
16:24:19 INFO  State of current operation: PENDING
16:24:21 INFO  State of current operation: PENDING
16:24:24 INFO  State of current operation: PENDING
16:24:26 INFO  State of current operation: PENDING
16:24:28 INFO  State of current operation: PENDING
16:24:30 INFO  State of current operation: PENDING
16:24:33 INFO  State of current operation: PENDING
16:24:35 INFO  State of current operation: PENDING
16:24:37 INFO  State of current operation: PENDING
16:24:39 INFO  State of current operation: PENDING
16:24:42 INFO  State of current operation: PENDING
16:24:44 INFO  State of current operation: PENDING
16:24:46 INFO  State of current operation: PENDING
16:24:48 INFO  State of current operation: PENDING
16:24:51 INFO  State of current operation: PENDING
16:24:53 INFO  State of current operation: PENDING
16:24:55 INFO  State of current operation: PENDING
16:24:57 INFO  State of current operation: PENDING
16:24:59 INFO  State of current operation: PENDING
16:25:02 INFO  State of current operation: PENDING
16:25:04 INFO  State of current operation: PENDING
16:25:06 INFO  State of current operation: PENDING
16:25:08 INFO  State of current operation: PENDING
16:25:10 WARN  SystemError occurred while running test - Timeout while waiting for status FAILED or SUCCESSFUL
Traceback (most recent call last):
  File &quot;/home/pi/env-pysys/lib/python3.7/site-packages/pysys/baserunner.py&quot;, line 1292, in __call__
    self.testObj.setup()
  File &quot;/home/pi/actions-runner/_work/thin-edge.io/thin-edge.io/tests/PySys/software_management_end_to_end/sm_fake_install_remove/run.py&quot;, line 38, in setup
    super().setup()
  File &quot;/home/pi/actions-runner/_work/thin-edge.io/thin-edge.io/tests/PySys/software_management_end_to_end/environment_sm_management.py&quot;, line 151, in setup
    self.wait_until_end()
  File &quot;/home/pi/actions-runner/_work/thin-edge.io/thin-edge.io/tests/PySys/software_management_end_to_end/environment_sm_management.py&quot;, line 332, in wait_until_end
    self.wait_until_status(&quot;FAILED&quot;, &quot;SUCCESSFUL&quot;)
  File &quot;/home/pi/actions-runner/_work/thin-edge.io/thin-edge.io/tests/PySys/software_management_end_to_end/environment_sm_management.py&quot;, line 381, in wait_until_status
    &quot;Timeout while waiting for status %s or %s&quot; % (status, status2)
SystemError: Timeout while waiting for status FAILED or SUCCESSFUL
16:25:10 WARN  SystemError: Timeout while waiting for status FAILED or SUCCESSFUL ... blocked 
16:25:10 INFO  
16:25:10 INFO  cleanup:
16:25:14 INFO  Executed sudo&lt;tedge_disconnect_c8y&gt;, exit status 0
16:25:15 INFO  Executed systemctl&lt;serv_mapper5&gt;, exit status 3
16:25:15 INFO  
16:25:15 INFO  Test duration: 166.41 secs
16:25:15 INFO  Test final outcome:  BLOCKED
16:25:15 INFO  Test outcome reason: SystemError: Timeout while waiting for status FAILED or SUCCESSFUL
16:25:15 INFO  
</system-out>
	</testcase>
</testsuite>
