<?xml version="1.0" encoding="utf-8"?>
<testsuite failures="1" name="SoftwareManagement.sm_fake_install_remove_multiple" skipped="0" tests="1" time="167.09" timestamp="2022-05-25T12:23:09">
	<testcase classname="PySysTest" name="SoftwareManagement.sm_fake_install_remove_multiple">
		<failure message="BLOCKED: SystemError: Timeout while waiting for status FAILED or SUCCESSFUL" type="BLOCKED"/>
		<system-out>12:20:22 INFO  ==============================================================
12:20:22 INFO  Id:    SoftwareManagement.sm_fake_install_remove_multiple
12:20:22 INFO  Dir:   software_management_end_to_end/
12:20:22 INFO  Title: Validate end to end behaviour for the dummy-plugin for multiple packages
12:20:22 INFO  ==============================================================
12:20:22 INFO  Using sw id database: {'asciijump': '5475369', 'robotfindskitten': '5474869', 'squirrel3': '5475279', 'rolldice': '5152439', 'moon-buggy': '5439204', 'apple': '5495053', 'banana': '5494888', 'cherry': '5495382', 'watermelon': '5494510', 'registry': '8018911', 'hello-world': '8021526', 'docker/getting-started': '8021973', 'alpine': '7991792'}
12:20:22 INFO  EnvironmentC8y Setup
12:20:22 INFO  Executed systemctl&lt;serv_mapper1&gt;, exit status 3
12:20:22 INFO  Restarting mosquitto too frequently in the last 10 seconds. It was only up for 4 seconds
12:20:22 INFO  Delaying execution by 7 seconds
12:20:43 INFO  Executed sudo&lt;tedge_connect_c8y&gt;, exit status 0, duration 13 secs
12:20:44 INFO  Executed sudo&lt;tedge_connect_c8y_test&gt;, exit status 0
12:20:44 INFO  Executed systemctl&lt;serv_mosq2&gt;, exit status 0
12:20:45 INFO  Executed systemctl&lt;serv_mapper3&gt;, exit status 0
12:20:47 INFO  State of current operation: PENDING
12:20:49 INFO  State of current operation: PENDING
12:20:52 INFO  State of current operation: PENDING
12:20:54 INFO  State of current operation: PENDING
12:20:56 INFO  State of current operation: PENDING
12:20:58 INFO  State of current operation: PENDING
12:21:01 INFO  State of current operation: PENDING
12:21:03 INFO  State of current operation: PENDING
12:21:05 INFO  State of current operation: PENDING
12:21:07 INFO  State of current operation: PENDING
12:21:10 INFO  State of current operation: PENDING
12:21:12 INFO  State of current operation: PENDING
12:21:14 INFO  State of current operation: PENDING
12:21:16 INFO  State of current operation: PENDING
12:21:18 INFO  State of current operation: PENDING
12:21:21 INFO  State of current operation: PENDING
12:21:23 INFO  State of current operation: PENDING
12:21:25 INFO  State of current operation: PENDING
12:21:28 INFO  State of current operation: PENDING
12:21:30 INFO  State of current operation: PENDING
12:21:32 INFO  State of current operation: PENDING
12:21:34 INFO  State of current operation: PENDING
12:21:37 INFO  State of current operation: PENDING
12:21:39 INFO  State of current operation: PENDING
12:21:41 INFO  State of current operation: PENDING
12:21:43 INFO  State of current operation: PENDING
12:21:46 INFO  State of current operation: PENDING
12:21:48 INFO  State of current operation: PENDING
12:21:50 INFO  State of current operation: PENDING
12:21:52 INFO  State of current operation: PENDING
12:21:55 INFO  State of current operation: PENDING
12:21:57 INFO  State of current operation: PENDING
12:21:59 INFO  State of current operation: PENDING
12:22:02 INFO  State of current operation: PENDING
12:22:04 INFO  State of current operation: PENDING
12:22:06 INFO  State of current operation: PENDING
12:22:08 INFO  State of current operation: PENDING
12:22:11 INFO  State of current operation: PENDING
12:22:13 INFO  State of current operation: PENDING
12:22:15 INFO  State of current operation: PENDING
12:22:17 INFO  State of current operation: PENDING
12:22:20 INFO  State of current operation: PENDING
12:22:22 INFO  State of current operation: PENDING
12:22:24 INFO  State of current operation: PENDING
12:22:26 INFO  State of current operation: PENDING
12:22:28 INFO  State of current operation: PENDING
12:22:31 INFO  State of current operation: PENDING
12:22:33 INFO  State of current operation: PENDING
12:22:35 INFO  State of current operation: PENDING
12:22:37 INFO  State of current operation: PENDING
12:22:40 INFO  State of current operation: PENDING
12:22:42 INFO  State of current operation: PENDING
12:22:44 INFO  State of current operation: PENDING
12:22:46 INFO  State of current operation: PENDING
12:22:49 INFO  State of current operation: PENDING
12:22:51 INFO  State of current operation: PENDING
12:22:53 INFO  State of current operation: PENDING
12:22:55 INFO  State of current operation: PENDING
12:22:58 INFO  State of current operation: PENDING
12:23:00 INFO  State of current operation: PENDING
12:23:02 INFO  State of current operation: PENDING
12:23:04 WARN  SystemError occurred while running test - Timeout while waiting for status FAILED or SUCCESSFUL
Traceback (most recent call last):
  File &quot;/home/pi/env-pysys/lib/python3.7/site-packages/pysys/baserunner.py&quot;, line 1292, in __call__
    self.testObj.setup()
  File &quot;/home/pi/actions-runner/_work/thin-edge.io/thin-edge.io/tests/PySys/software_management_end_to_end/sm_fake_install_remove_multiple/run.py&quot;, line 68, in setup
    super().setup()
  File &quot;/home/pi/actions-runner/_work/thin-edge.io/thin-edge.io/tests/PySys/software_management_end_to_end/environment_sm_management.py&quot;, line 151, in setup
    self.wait_until_end()
  File &quot;/home/pi/actions-runner/_work/thin-edge.io/thin-edge.io/tests/PySys/software_management_end_to_end/environment_sm_management.py&quot;, line 332, in wait_until_end
    self.wait_until_status(&quot;FAILED&quot;, &quot;SUCCESSFUL&quot;)
  File &quot;/home/pi/actions-runner/_work/thin-edge.io/thin-edge.io/tests/PySys/software_management_end_to_end/environment_sm_management.py&quot;, line 381, in wait_until_status
    &quot;Timeout while waiting for status %s or %s&quot; % (status, status2)
SystemError: Timeout while waiting for status FAILED or SUCCESSFUL
12:23:04 WARN  SystemError: Timeout while waiting for status FAILED or SUCCESSFUL ... blocked 
12:23:04 INFO  
12:23:04 INFO  cleanup:
12:23:08 INFO  Executed sudo&lt;tedge_disconnect_c8y&gt;, exit status 0
12:23:09 INFO  Executed systemctl&lt;serv_mapper5&gt;, exit status 3
12:23:09 INFO  
12:23:09 INFO  Test duration: 167.09 secs
12:23:09 INFO  Test final outcome:  BLOCKED
12:23:09 INFO  Test outcome reason: SystemError: Timeout while waiting for status FAILED or SUCCESSFUL
12:23:09 INFO  
</system-out>
	</testcase>
</testsuite>
