<?xml version="1.0" encoding="utf-8"?>
<testsuite failures="1" name="SoftwareManagement.sm_apt_install_remove_multiple" skipped="0" tests="1" time="143.05" timestamp="2022-06-10T10:23:37">
	<testcase classname="PySysTest" name="SoftwareManagement.sm_apt_install_remove_multiple">
		<failure message="FAILED: Assert that (False == value) with value=True (+2 other failures)" type="FAILED"/>
		<system-out>10:21:14 INFO  ==============================================================
10:21:14 INFO  Id:    SoftwareManagement.sm_apt_install_remove_multiple
10:21:14 INFO  Dir:   software_management_end_to_end/
10:21:14 INFO  Title: Validate end to end behaviour for the apt plugin for multiple packages
10:21:14 INFO  ==============================================================
10:21:14 INFO  Using sw id database: {'asciijump': '5475369', 'robotfindskitten': '5474869', 'squirrel3': '5475279', 'rolldice': '5152439', 'moon-buggy': '5439204', 'apple': '5495053', 'banana': '5494888', 'cherry': '5495382', 'watermelon': '5494510', 'registry': '8018911', 'hello-world': '8021526', 'docker/getting-started': '8021973', 'alpine': '7991792'}
10:21:14 INFO  EnvironmentC8y Setup
10:21:15 INFO  Executed systemctl&lt;serv_mapper1&gt;, exit status 3
10:21:15 INFO  Restarting mosquitto too frequently in the last 10 seconds. It was only up for 5 seconds
10:21:15 INFO  Delaying execution by 6 seconds
10:21:35 INFO  Executed sudo&lt;tedge_connect_c8y&gt;, exit status 0, duration 13 secs
10:21:35 INFO  Executed sudo&lt;tedge_connect_c8y_test&gt;, exit status 0
10:21:36 INFO  Executed systemctl&lt;serv_mosq2&gt;, exit status 0
10:21:36 INFO  Executed systemctl&lt;serv_mapper3&gt;, exit status 0
10:21:38 INFO  State of current operation: SUCCESSFUL
10:21:39 INFO  Assert that (False == value) with value=False ... passed
10:21:39 INFO  Package asciijump is installed
10:21:39 WARN  Assert that (False == value) with value=True ... failed 
10:21:40 INFO  Package squirrel3 is installed
10:21:40 WARN  Assert that (False == value) with value=True ... failed 
10:21:40 INFO  Package robotfindskitten is installed
10:21:40 WARN  Assert that (False == value) with value=True ... failed 
10:21:40 INFO  Response status: 201
10:21:40 INFO  Response to action: {
    &quot;creationTime&quot;: &quot;2022-06-10T10:21:40.456Z&quot;,
    &quot;deviceId&quot;: &quot;20101282&quot;,
    &quot;deviceName&quot;: &quot;m32sd10a&quot;,
    &quot;self&quot;: &quot;https://t493319102.eu-latest.cumulocity.com/devicecontrol/operations/20124303&quot;,
    &quot;id&quot;: &quot;20124303&quot;,
    &quot;status&quot;: &quot;PENDING&quot;,
    &quot;description&quot;: &quot;Apply software changes, triggered from PySys: [{'action': 'install', 'id': '5475369', 'name': 'asciijump', 'url': ' ', 'version': '::apt'}, {'action': 'install', 'id': '5474869', 'name': 'robotfindskitten', 'url': ' ', 'version': '::apt'}, {'action': 'install', 'id': '5475279', 'name': 'squirrel3', 'url': ' ', 'version': '::apt'}]&quot;,
    &quot;c8y_SoftwareUpdate&quot;: [
        {
            &quot;name&quot;: &quot;asciijump&quot;,
            &quot;action&quot;: &quot;install&quot;,
            &quot;id&quot;: &quot;5475369&quot;,
            &quot;version&quot;: &quot;::apt&quot;,
            &quot;url&quot;: &quot; &quot;
        },
        {
            &quot;name&quot;: &quot;robotfindskitten&quot;,
            &quot;action&quot;: &quot;install&quot;,
            &quot;id&quot;: &quot;5474869&quot;,
            &quot;version&quot;: &quot;::apt&quot;,
            &quot;url&quot;: &quot; &quot;
        },
        {
            &quot;name&quot;: &quot;squirrel3&quot;,
            &quot;action&quot;: &quot;install&quot;,
            &quot;id&quot;: &quot;5475279&quot;,
            &quot;version&quot;: &quot;::apt&quot;,
            &quot;url&quot;: &quot; &quot;
        }
    ]
}
10:21:40 INFO  Started operation: {'creationTime': '2022-06-10T10:21:40.456Z', 'deviceId': '20101282', 'deviceName': 'm32sd10a', 'self': 'https://t493319102.eu-latest.cumulocity.com/devicecontrol/operations/20124303', 'id': '20124303', 'status': 'PENDING', 'description': &quot;Apply software changes, triggered from PySys: [{'action': 'install', 'id': '5475369', 'name': 'asciijump', 'url': ' ', 'version': '::apt'}, {'action': 'install', 'id': '5474869', 'name': 'robotfindskitten', 'url': ' ', 'version': '::apt'}, {'action': 'install', 'id': '5475279', 'name': 'squirrel3', 'url': ' ', 'version': '::apt'}]&quot;, 'c8y_SoftwareUpdate': [{'name': 'asciijump', 'action': 'install', 'id': '5475369', 'version': '::apt', 'url': ' '}, {'name': 'robotfindskitten', 'action': 'install', 'id': '5474869', 'version': '::apt', 'url': ' '}, {'name': 'squirrel3', 'action': 'install', 'id': '5475279', 'version': '::apt', 'url': ' '}]}
10:21:42 INFO  State of operation 20124303 : PENDING
10:21:44 INFO  State of operation 20124303 : EXECUTING
10:21:47 INFO  State of operation 20124303 : EXECUTING
10:21:49 INFO  State of operation 20124303 : EXECUTING
10:21:51 INFO  State of operation 20124303 : EXECUTING
10:21:53 INFO  State of operation 20124303 : EXECUTING
10:21:56 INFO  State of operation 20124303 : EXECUTING
10:21:58 INFO  State of operation 20124303 : EXECUTING
10:22:01 INFO  State of operation 20124303 : EXECUTING
10:22:03 INFO  State of operation 20124303 : EXECUTING
10:22:06 INFO  State of operation 20124303 : EXECUTING
10:22:08 INFO  State of operation 20124303 : EXECUTING
10:22:10 INFO  State of operation 20124303 : EXECUTING
10:22:13 INFO  State of operation 20124303 : EXECUTING
10:22:15 INFO  State of operation 20124303 : EXECUTING
10:22:17 INFO  State of operation 20124303 : EXECUTING
10:22:19 INFO  State of operation 20124303 : SUCCESSFUL
10:22:19 INFO  Assert that (False == value) with value=False ... passed
10:22:20 INFO  Package asciijump is installed
10:22:20 INFO  Assert that (True == value) with value=True ... passed
10:22:20 INFO  Package squirrel3 is installed
10:22:20 INFO  Assert that (True == value) with value=True ... passed
10:22:20 INFO  Package robotfindskitten is installed
10:22:20 INFO  Assert that (True == value) with value=True ... passed
10:22:20 INFO  Response status: 201
10:22:20 INFO  Response to action: {
    &quot;creationTime&quot;: &quot;2022-06-10T10:22:20.830Z&quot;,
    &quot;deviceId&quot;: &quot;20101282&quot;,
    &quot;deviceName&quot;: &quot;m32sd10a&quot;,
    &quot;self&quot;: &quot;https://t493319102.eu-latest.cumulocity.com/devicecontrol/operations/20124323&quot;,
    &quot;id&quot;: &quot;20124323&quot;,
    &quot;status&quot;: &quot;PENDING&quot;,
    &quot;description&quot;: &quot;Apply software changes, triggered from PySys: [{'action': 'delete', 'id': '5475369', 'name': 'asciijump', 'url': ' ', 'version': '::apt'}, {'action': 'delete', 'id': '5474869', 'name': 'robotfindskitten', 'url': ' ', 'version': '::apt'}, {'action': 'delete', 'id': '5475279', 'name': 'squirrel3', 'url': ' ', 'version': '::apt'}]&quot;,
    &quot;c8y_SoftwareUpdate&quot;: [
        {
            &quot;name&quot;: &quot;asciijump&quot;,
            &quot;action&quot;: &quot;delete&quot;,
            &quot;id&quot;: &quot;5475369&quot;,
            &quot;version&quot;: &quot;::apt&quot;,
            &quot;url&quot;: &quot; &quot;
        },
        {
            &quot;name&quot;: &quot;robotfindskitten&quot;,
            &quot;action&quot;: &quot;delete&quot;,
            &quot;id&quot;: &quot;5474869&quot;,
            &quot;version&quot;: &quot;::apt&quot;,
            &quot;url&quot;: &quot; &quot;
        },
        {
            &quot;name&quot;: &quot;squirrel3&quot;,
            &quot;action&quot;: &quot;delete&quot;,
            &quot;id&quot;: &quot;5475279&quot;,
            &quot;version&quot;: &quot;::apt&quot;,
            &quot;url&quot;: &quot; &quot;
        }
    ]
}
10:22:20 INFO  Started operation: {'creationTime': '2022-06-10T10:22:20.830Z', 'deviceId': '20101282', 'deviceName': 'm32sd10a', 'self': 'https://t493319102.eu-latest.cumulocity.com/devicecontrol/operations/20124323', 'id': '20124323', 'status': 'PENDING', 'description': &quot;Apply software changes, triggered from PySys: [{'action': 'delete', 'id': '5475369', 'name': 'asciijump', 'url': ' ', 'version': '::apt'}, {'action': 'delete', 'id': '5474869', 'name': 'robotfindskitten', 'url': ' ', 'version': '::apt'}, {'action': 'delete', 'id': '5475279', 'name': 'squirrel3', 'url': ' ', 'version': '::apt'}]&quot;, 'c8y_SoftwareUpdate': [{'name': 'asciijump', 'action': 'delete', 'id': '5475369', 'version': '::apt', 'url': ' '}, {'name': 'robotfindskitten', 'action': 'delete', 'id': '5474869', 'version': '::apt', 'url': ' '}, {'name': 'squirrel3', 'action': 'delete', 'id': '5475279', 'version': '::apt', 'url': ' '}]}
10:22:23 INFO  State of operation 20124323 : PENDING
10:22:25 INFO  State of operation 20124323 : EXECUTING
10:22:27 INFO  State of operation 20124323 : EXECUTING
10:22:29 INFO  State of operation 20124323 : EXECUTING
10:22:32 INFO  State of operation 20124323 : EXECUTING
10:22:34 INFO  State of operation 20124323 : EXECUTING
10:22:36 INFO  State of operation 20124323 : EXECUTING
10:22:39 INFO  State of operation 20124323 : EXECUTING
10:22:42 INFO  State of operation 20124323 : EXECUTING
10:22:44 INFO  State of operation 20124323 : EXECUTING
10:22:46 INFO  State of operation 20124323 : EXECUTING
10:22:49 INFO  State of operation 20124323 : EXECUTING
10:22:51 INFO  State of operation 20124323 : EXECUTING
10:22:53 INFO  State of operation 20124323 : EXECUTING
10:22:55 INFO  State of operation 20124323 : EXECUTING
10:22:58 INFO  State of operation 20124323 : EXECUTING
10:23:00 INFO  State of operation 20124323 : EXECUTING
10:23:03 INFO  State of operation 20124323 : EXECUTING
10:23:05 INFO  State of operation 20124323 : EXECUTING
10:23:08 INFO  State of operation 20124323 : EXECUTING
10:23:10 INFO  State of operation 20124323 : EXECUTING
10:23:12 INFO  State of operation 20124323 : EXECUTING
10:23:15 INFO  State of operation 20124323 : EXECUTING
10:23:17 INFO  State of operation 20124323 : EXECUTING
10:23:19 INFO  State of operation 20124323 : EXECUTING
10:23:21 INFO  State of operation 20124323 : EXECUTING
10:23:24 INFO  State of operation 20124323 : EXECUTING
10:23:27 INFO  State of operation 20124323 : EXECUTING
10:23:29 INFO  State of operation 20124323 : EXECUTING
10:23:31 INFO  State of operation 20124323 : SUCCESSFUL
10:23:32 INFO  Assert that (False == value) with value=False ... passed
10:23:32 INFO  Assert that (False == value) with value=False ... passed
10:23:32 INFO  Assert that (False == value) with value=False ... passed
10:23:32 INFO  Assert that (False == value) with value=False ... passed
10:23:32 INFO  
10:23:32 INFO  cleanup:
10:23:36 INFO  Executed sudo&lt;tedge_disconnect_c8y&gt;, exit status 0
10:23:37 INFO  Executed systemctl&lt;serv_mapper5&gt;, exit status 3
10:23:37 INFO  
10:23:37 INFO  Test duration: 143.05 secs
10:23:37 INFO  Test final outcome:  FAILED
10:23:37 INFO  Test outcome reason: Assert that (False == value) with value=True (+2 other failures)
10:23:37 INFO  
</system-out>
	</testcase>
</testsuite>
