<?xml version="1.0" encoding="utf-8"?>
<testsuite failures="1" name="SoftwareManagement.sm_apt_install_remove_multiple" skipped="0" tests="1" time="138.87" timestamp="2022-07-25T11:31:07">
	<testcase classname="PySysTest" name="SoftwareManagement.sm_apt_install_remove_multiple">
		<failure message="FAILED: Assert that (False == value) with value=True (+2 other failures)" type="FAILED"/>
		<system-out>11:28:48 INFO  ==============================================================
11:28:48 INFO  Id:    SoftwareManagement.sm_apt_install_remove_multiple
11:28:48 INFO  Dir:   software_management_end_to_end/
11:28:48 INFO  Title: Validate end to end behaviour for the apt plugin for multiple packages
11:28:48 INFO  ==============================================================
11:28:48 INFO  Using sw id database: {'asciijump': '5475369', 'robotfindskitten': '5474869', 'squirrel3': '5475279', 'rolldice': '5152439', 'moon-buggy': '5439204', 'apple': '5495053', 'banana': '5494888', 'cherry': '5495382', 'watermelon': '5494510', 'registry': '8018911', 'hello-world': '8021526', 'docker/getting-started': '8021973', 'alpine': '7991792'}
11:28:48 INFO  EnvironmentC8y Setup
11:28:49 INFO  Executed systemctl&lt;serv_mapper1&gt;, exit status 3
11:28:49 INFO  Restarting mosquitto too frequently in the last 10 seconds. It was only up for 4 seconds
11:28:49 INFO  Delaying execution by 7 seconds
11:29:10 INFO  Executed sudo&lt;tedge_connect_c8y&gt;, exit status 0, duration 14 secs
11:29:11 INFO  Executed sudo&lt;tedge_connect_c8y_test&gt;, exit status 0
11:29:11 INFO  Executed systemctl&lt;serv_mosq2&gt;, exit status 0
11:29:12 INFO  Executed systemctl&lt;serv_mapper3&gt;, exit status 0
11:29:14 INFO  State of current operation: SUCCESSFUL
11:29:14 INFO  Assert that (False == value) with value=False ... passed
11:29:14 INFO  Package asciijump is installed
11:29:15 WARN  Assert that (False == value) with value=True ... failed 
11:29:15 INFO  Package squirrel3 is installed
11:29:15 WARN  Assert that (False == value) with value=True ... failed 
11:29:15 INFO  Package robotfindskitten is installed
11:29:15 WARN  Assert that (False == value) with value=True ... failed 
11:29:15 INFO  Response status: 201
11:29:15 INFO  Response to action: {
    &quot;creationTime&quot;: &quot;2022-07-25T11:29:15.794Z&quot;,
    &quot;deviceId&quot;: &quot;21360435&quot;,
    &quot;deviceName&quot;: &quot;m32sd10a&quot;,
    &quot;self&quot;: &quot;https://t493319102.eu-latest.cumulocity.com/devicecontrol/operations/21377700&quot;,
    &quot;id&quot;: &quot;21377700&quot;,
    &quot;status&quot;: &quot;PENDING&quot;,
    &quot;description&quot;: &quot;Apply software changes, triggered from PySys: [{'action': 'install', 'id': '5475369', 'name': 'asciijump', 'url': ' ', 'version': '::apt'}, {'action': 'install', 'id': '5474869', 'name': 'robotfindskitten', 'url': ' ', 'version': '::apt'}, {'action': 'install', 'id': '5475279', 'name': 'squirrel3', 'url': ' ', 'version': '::apt'}]&quot;,
    &quot;c8y_SoftwareUpdate&quot;: [
        {
            &quot;name&quot;: &quot;asciijump&quot;,
            &quot;action&quot;: &quot;install&quot;,
            &quot;id&quot;: &quot;5475369&quot;,
            &quot;version&quot;: &quot;::apt&quot;,
            &quot;url&quot;: &quot; &quot;
        },
        {
            &quot;name&quot;: &quot;robotfindskitten&quot;,
            &quot;action&quot;: &quot;install&quot;,
            &quot;id&quot;: &quot;5474869&quot;,
            &quot;version&quot;: &quot;::apt&quot;,
            &quot;url&quot;: &quot; &quot;
        },
        {
            &quot;name&quot;: &quot;squirrel3&quot;,
            &quot;action&quot;: &quot;install&quot;,
            &quot;id&quot;: &quot;5475279&quot;,
            &quot;version&quot;: &quot;::apt&quot;,
            &quot;url&quot;: &quot; &quot;
        }
    ]
}
11:29:15 INFO  Started operation: {'creationTime': '2022-07-25T11:29:15.794Z', 'deviceId': '21360435', 'deviceName': 'm32sd10a', 'self': 'https://t493319102.eu-latest.cumulocity.com/devicecontrol/operations/21377700', 'id': '21377700', 'status': 'PENDING', 'description': &quot;Apply software changes, triggered from PySys: [{'action': 'install', 'id': '5475369', 'name': 'asciijump', 'url': ' ', 'version': '::apt'}, {'action': 'install', 'id': '5474869', 'name': 'robotfindskitten', 'url': ' ', 'version': '::apt'}, {'action': 'install', 'id': '5475279', 'name': 'squirrel3', 'url': ' ', 'version': '::apt'}]&quot;, 'c8y_SoftwareUpdate': [{'name': 'asciijump', 'action': 'install', 'id': '5475369', 'version': '::apt', 'url': ' '}, {'name': 'robotfindskitten', 'action': 'install', 'id': '5474869', 'version': '::apt', 'url': ' '}, {'name': 'squirrel3', 'action': 'install', 'id': '5475279', 'version': '::apt', 'url': ' '}]}
11:29:18 INFO  State of operation 21377700 : PENDING
11:29:20 INFO  State of operation 21377700 : EXECUTING
11:29:22 INFO  State of operation 21377700 : EXECUTING
11:29:24 INFO  State of operation 21377700 : EXECUTING
11:29:26 INFO  State of operation 21377700 : EXECUTING
11:29:29 INFO  State of operation 21377700 : EXECUTING
11:29:31 INFO  State of operation 21377700 : EXECUTING
11:29:34 INFO  State of operation 21377700 : EXECUTING
11:29:36 INFO  State of operation 21377700 : EXECUTING
11:29:39 INFO  State of operation 21377700 : EXECUTING
11:29:41 INFO  State of operation 21377700 : EXECUTING
11:29:43 INFO  State of operation 21377700 : EXECUTING
11:29:46 INFO  State of operation 21377700 : EXECUTING
11:29:48 INFO  State of operation 21377700 : EXECUTING
11:29:50 INFO  State of operation 21377700 : EXECUTING
11:29:52 INFO  State of operation 21377700 : SUCCESSFUL
11:29:53 INFO  Assert that (False == value) with value=False ... passed
11:29:53 INFO  Package asciijump is installed
11:29:53 INFO  Assert that (True == value) with value=True ... passed
11:29:53 INFO  Package squirrel3 is installed
11:29:53 INFO  Assert that (True == value) with value=True ... passed
11:29:53 INFO  Package robotfindskitten is installed
11:29:53 INFO  Assert that (True == value) with value=True ... passed
11:29:53 INFO  Response status: 201
11:29:53 INFO  Response to action: {
    &quot;creationTime&quot;: &quot;2022-07-25T11:29:53.931Z&quot;,
    &quot;deviceId&quot;: &quot;21360435&quot;,
    &quot;deviceName&quot;: &quot;m32sd10a&quot;,
    &quot;self&quot;: &quot;https://t493319102.eu-latest.cumulocity.com/devicecontrol/operations/21377708&quot;,
    &quot;id&quot;: &quot;21377708&quot;,
    &quot;status&quot;: &quot;PENDING&quot;,
    &quot;description&quot;: &quot;Apply software changes, triggered from PySys: [{'action': 'delete', 'id': '5475369', 'name': 'asciijump', 'url': ' ', 'version': '::apt'}, {'action': 'delete', 'id': '5474869', 'name': 'robotfindskitten', 'url': ' ', 'version': '::apt'}, {'action': 'delete', 'id': '5475279', 'name': 'squirrel3', 'url': ' ', 'version': '::apt'}]&quot;,
    &quot;c8y_SoftwareUpdate&quot;: [
        {
            &quot;name&quot;: &quot;asciijump&quot;,
            &quot;action&quot;: &quot;delete&quot;,
            &quot;id&quot;: &quot;5475369&quot;,
            &quot;version&quot;: &quot;::apt&quot;,
            &quot;url&quot;: &quot; &quot;
        },
        {
            &quot;name&quot;: &quot;robotfindskitten&quot;,
            &quot;action&quot;: &quot;delete&quot;,
            &quot;id&quot;: &quot;5474869&quot;,
            &quot;version&quot;: &quot;::apt&quot;,
            &quot;url&quot;: &quot; &quot;
        },
        {
            &quot;name&quot;: &quot;squirrel3&quot;,
            &quot;action&quot;: &quot;delete&quot;,
            &quot;id&quot;: &quot;5475279&quot;,
            &quot;version&quot;: &quot;::apt&quot;,
            &quot;url&quot;: &quot; &quot;
        }
    ]
}
11:29:53 INFO  Started operation: {'creationTime': '2022-07-25T11:29:53.931Z', 'deviceId': '21360435', 'deviceName': 'm32sd10a', 'self': 'https://t493319102.eu-latest.cumulocity.com/devicecontrol/operations/21377708', 'id': '21377708', 'status': 'PENDING', 'description': &quot;Apply software changes, triggered from PySys: [{'action': 'delete', 'id': '5475369', 'name': 'asciijump', 'url': ' ', 'version': '::apt'}, {'action': 'delete', 'id': '5474869', 'name': 'robotfindskitten', 'url': ' ', 'version': '::apt'}, {'action': 'delete', 'id': '5475279', 'name': 'squirrel3', 'url': ' ', 'version': '::apt'}]&quot;, 'c8y_SoftwareUpdate': [{'name': 'asciijump', 'action': 'delete', 'id': '5475369', 'version': '::apt', 'url': ' '}, {'name': 'robotfindskitten', 'action': 'delete', 'id': '5474869', 'version': '::apt', 'url': ' '}, {'name': 'squirrel3', 'action': 'delete', 'id': '5475279', 'version': '::apt', 'url': ' '}]}
11:29:56 INFO  State of operation 21377708 : PENDING
11:29:58 INFO  State of operation 21377708 : EXECUTING
11:30:00 INFO  State of operation 21377708 : EXECUTING
11:30:02 INFO  State of operation 21377708 : EXECUTING
11:30:05 INFO  State of operation 21377708 : EXECUTING
11:30:07 INFO  State of operation 21377708 : EXECUTING
11:30:10 INFO  State of operation 21377708 : EXECUTING
11:30:13 INFO  State of operation 21377708 : EXECUTING
11:30:15 INFO  State of operation 21377708 : EXECUTING
11:30:17 INFO  State of operation 21377708 : EXECUTING
11:30:20 INFO  State of operation 21377708 : EXECUTING
11:30:22 INFO  State of operation 21377708 : EXECUTING
11:30:24 INFO  State of operation 21377708 : EXECUTING
11:30:26 INFO  State of operation 21377708 : EXECUTING
11:30:29 INFO  State of operation 21377708 : EXECUTING
11:30:31 INFO  State of operation 21377708 : EXECUTING
11:30:33 INFO  State of operation 21377708 : EXECUTING
11:30:36 INFO  State of operation 21377708 : EXECUTING
11:30:38 INFO  State of operation 21377708 : EXECUTING
11:30:41 INFO  State of operation 21377708 : EXECUTING
11:30:43 INFO  State of operation 21377708 : EXECUTING
11:30:45 INFO  State of operation 21377708 : EXECUTING
11:30:47 INFO  State of operation 21377708 : EXECUTING
11:30:50 INFO  State of operation 21377708 : EXECUTING
11:30:52 INFO  State of operation 21377708 : EXECUTING
11:30:55 INFO  State of operation 21377708 : EXECUTING
11:30:57 INFO  State of operation 21377708 : EXECUTING
11:30:59 INFO  State of operation 21377708 : EXECUTING
11:31:02 INFO  State of operation 21377708 : SUCCESSFUL
11:31:02 INFO  Assert that (False == value) with value=False ... passed
11:31:02 INFO  Assert that (False == value) with value=False ... passed
11:31:02 INFO  Assert that (False == value) with value=False ... passed
11:31:03 INFO  Assert that (False == value) with value=False ... passed
11:31:03 INFO  
11:31:03 INFO  cleanup:
11:31:06 INFO  Executed sudo&lt;tedge_disconnect_c8y&gt;, exit status 0
11:31:07 INFO  Executed systemctl&lt;serv_mapper5&gt;, exit status 3
11:31:07 INFO  
11:31:07 INFO  Test duration: 138.87 secs
11:31:07 INFO  Test final outcome:  FAILED
11:31:07 INFO  Test outcome reason: Assert that (False == value) with value=True (+2 other failures)
11:31:07 INFO  
</system-out>
	</testcase>
</testsuite>
