<?xml version="1.0" encoding="utf-8"?>
<testsuite failures="1" name="SoftwareManagement.sm_apt_install_remove" skipped="0" tests="1" time="168.37" timestamp="2022-05-25T12:03:43">
	<testcase classname="PySysTest" name="SoftwareManagement.sm_apt_install_remove">
		<failure message="BLOCKED: SystemError: Timeout while waiting for status FAILED or SUCCESSFUL" type="BLOCKED"/>
		<system-out>12:00:55 INFO  ==============================================================
12:00:55 INFO  Id:    SoftwareManagement.sm_apt_install_remove
12:00:55 INFO  Dir:   software_management_end_to_end/
12:00:55 INFO  Title: Validate end to end behaviour for the apt plugin for installation and removal of packages
12:00:55 INFO  ==============================================================
12:00:55 INFO  Using sw id database: {'asciijump': '5475369', 'robotfindskitten': '5474869', 'squirrel3': '5475279', 'rolldice': '5152439', 'moon-buggy': '5439204', 'apple': '5495053', 'banana': '5494888', 'cherry': '5495382', 'watermelon': '5494510', 'registry': '8018911', 'hello-world': '8021526', 'docker/getting-started': '8021973', 'alpine': '7991792'}
12:00:55 INFO  EnvironmentC8y Setup
12:00:55 INFO  Executed systemctl&lt;serv_mapper1&gt;, exit status 3
12:00:55 INFO  Restarting mosquitto too frequently in the last 10 seconds. It was only up for 4 seconds
12:00:55 INFO  Delaying execution by 7 seconds
12:01:17 INFO  Executed sudo&lt;tedge_connect_c8y&gt;, exit status 0, duration 14 secs
12:01:17 INFO  Executed sudo&lt;tedge_connect_c8y_test&gt;, exit status 0
12:01:18 INFO  Executed systemctl&lt;serv_mosq2&gt;, exit status 0
12:01:18 INFO  Executed systemctl&lt;serv_mapper3&gt;, exit status 0
12:01:20 INFO  State of current operation: PENDING
12:01:23 INFO  State of current operation: PENDING
12:01:25 INFO  State of current operation: PENDING
12:01:27 INFO  State of current operation: PENDING
12:01:29 INFO  State of current operation: PENDING
12:01:32 INFO  State of current operation: PENDING
12:01:34 INFO  State of current operation: PENDING
12:01:36 INFO  State of current operation: PENDING
12:01:38 INFO  State of current operation: PENDING
12:01:41 INFO  State of current operation: PENDING
12:01:43 INFO  State of current operation: PENDING
12:01:45 INFO  State of current operation: PENDING
12:01:47 INFO  State of current operation: PENDING
12:01:50 INFO  State of current operation: PENDING
12:01:52 INFO  State of current operation: PENDING
12:01:54 INFO  State of current operation: PENDING
12:01:56 INFO  State of current operation: PENDING
12:01:58 INFO  State of current operation: PENDING
12:02:01 INFO  State of current operation: PENDING
12:02:03 INFO  State of current operation: PENDING
12:02:05 INFO  State of current operation: PENDING
12:02:08 INFO  State of current operation: PENDING
12:02:10 INFO  State of current operation: PENDING
12:02:12 INFO  State of current operation: PENDING
12:02:14 INFO  State of current operation: PENDING
12:02:17 INFO  State of current operation: PENDING
12:02:19 INFO  State of current operation: PENDING
12:02:21 INFO  State of current operation: PENDING
12:02:23 INFO  State of current operation: PENDING
12:02:26 INFO  State of current operation: PENDING
12:02:28 INFO  State of current operation: PENDING
12:02:30 INFO  State of current operation: PENDING
12:02:32 INFO  State of current operation: PENDING
12:02:34 INFO  State of current operation: PENDING
12:02:37 INFO  State of current operation: PENDING
12:02:39 INFO  State of current operation: PENDING
12:02:41 INFO  State of current operation: PENDING
12:02:43 INFO  State of current operation: PENDING
12:02:46 INFO  State of current operation: PENDING
12:02:48 INFO  State of current operation: PENDING
12:02:50 INFO  State of current operation: PENDING
12:02:52 INFO  State of current operation: PENDING
12:02:55 INFO  State of current operation: PENDING
12:02:57 INFO  State of current operation: PENDING
12:02:59 INFO  State of current operation: PENDING
12:03:01 INFO  State of current operation: PENDING
12:03:04 INFO  State of current operation: PENDING
12:03:06 INFO  State of current operation: PENDING
12:03:09 INFO  State of current operation: PENDING
12:03:11 INFO  State of current operation: PENDING
12:03:13 INFO  State of current operation: PENDING
12:03:16 INFO  State of current operation: PENDING
12:03:18 INFO  State of current operation: PENDING
12:03:20 INFO  State of current operation: PENDING
12:03:22 INFO  State of current operation: PENDING
12:03:24 INFO  State of current operation: PENDING
12:03:27 INFO  State of current operation: PENDING
12:03:29 INFO  State of current operation: PENDING
12:03:31 INFO  State of current operation: PENDING
12:03:34 INFO  State of current operation: PENDING
12:03:36 INFO  State of current operation: PENDING
12:03:38 WARN  SystemError occurred while running test - Timeout while waiting for status FAILED or SUCCESSFUL
Traceback (most recent call last):
  File &quot;/home/pi/env-pysys/lib/python3.7/site-packages/pysys/baserunner.py&quot;, line 1292, in __call__
    self.testObj.setup()
  File &quot;/home/pi/actions-runner/_work/thin-edge.io/thin-edge.io/tests/PySys/software_management_end_to_end/sm_apt_install_remove/run.py&quot;, line 27, in setup
    super().setup()
  File &quot;/home/pi/actions-runner/_work/thin-edge.io/thin-edge.io/tests/PySys/software_management_end_to_end/environment_sm_management.py&quot;, line 151, in setup
    self.wait_until_end()
  File &quot;/home/pi/actions-runner/_work/thin-edge.io/thin-edge.io/tests/PySys/software_management_end_to_end/environment_sm_management.py&quot;, line 332, in wait_until_end
    self.wait_until_status(&quot;FAILED&quot;, &quot;SUCCESSFUL&quot;)
  File &quot;/home/pi/actions-runner/_work/thin-edge.io/thin-edge.io/tests/PySys/software_management_end_to_end/environment_sm_management.py&quot;, line 381, in wait_until_status
    &quot;Timeout while waiting for status %s or %s&quot; % (status, status2)
SystemError: Timeout while waiting for status FAILED or SUCCESSFUL
12:03:38 WARN  SystemError: Timeout while waiting for status FAILED or SUCCESSFUL ... blocked 
12:03:38 INFO  
12:03:38 INFO  cleanup:
12:03:42 INFO  Executed sudo&lt;tedge_disconnect_c8y&gt;, exit status 0
12:03:43 INFO  Executed systemctl&lt;serv_mapper5&gt;, exit status 3
12:03:43 INFO  
12:03:43 INFO  Test duration: 168.37 secs
12:03:43 INFO  Test final outcome:  BLOCKED
12:03:43 INFO  Test outcome reason: SystemError: Timeout while waiting for status FAILED or SUCCESSFUL
12:03:43 INFO  
</system-out>
	</testcase>
</testsuite>
