<?xml version="1.0" encoding="utf-8"?>
<testsuite failures="0" name="SoftwareManagement.sm_mapper_fail_and_reconnect" skipped="1" tests="1" time="0.02" timestamp="2022-06-22T17:10:09">
	<testcase classname="MapperC8yReceiveLastMessageOnRestart" name="SoftwareManagement.sm_mapper_fail_and_reconnect">
		<skipped message="SKIPPED: instable https://github.com/thin-edge/thin-edge.io/issues/752"/>
		<system-out>17:10:09 INFO  ==============================================================
17:10:09 INFO  Id:    SoftwareManagement.sm_mapper_fail_and_reconnect
17:10:09 INFO  Dir:   software_management_end_to_end/
17:10:09 INFO  Title: Validate the tedge-mapper-sm-c8y for receiving the last message on restart
17:10:09 INFO  ==============================================================
17:10:09 INFO  instable https://github.com/thin-edge/thin-edge.io/issues/752 ... skipped
17:10:09 INFO  
17:10:09 INFO  Test duration: 0.02 secs
17:10:09 INFO  Test final outcome:  SKIPPED
17:10:09 INFO  Test outcome reason: instable https://github.com/thin-edge/thin-edge.io/issues/752
17:10:09 INFO  
</system-out>
	</testcase>
</testsuite>
