<?xml version="1.0" encoding="utf-8"?>
<testsuite failures="1" name="SoftwareManagement.sm_apt_install_remove_multiple" skipped="0" tests="1" time="143.45" timestamp="2022-06-08T12:40:01">
	<testcase classname="PySysTest" name="SoftwareManagement.sm_apt_install_remove_multiple">
		<failure message="FAILED: Assert that (False == value) with value=True (+2 other failures)" type="FAILED"/>
		<system-out>12:37:37 INFO  ==============================================================
12:37:37 INFO  Id:    SoftwareManagement.sm_apt_install_remove_multiple
12:37:37 INFO  Dir:   software_management_end_to_end/
12:37:37 INFO  Title: Validate end to end behaviour for the apt plugin for multiple packages
12:37:37 INFO  ==============================================================
12:37:37 INFO  Using sw id database: {'asciijump': '5475369', 'robotfindskitten': '5474869', 'squirrel3': '5475279', 'rolldice': '5152439', 'moon-buggy': '5439204', 'apple': '5495053', 'banana': '5494888', 'cherry': '5495382', 'watermelon': '5494510', 'registry': '8018911', 'hello-world': '8021526', 'docker/getting-started': '8021973', 'alpine': '7991792'}
12:37:37 INFO  EnvironmentC8y Setup
12:37:38 INFO  Executed systemctl&lt;serv_mapper1&gt;, exit status 3
12:37:38 INFO  Restarting mosquitto too frequently in the last 10 seconds. It was only up for 4 seconds
12:37:38 INFO  Delaying execution by 7 seconds
12:37:59 INFO  Executed sudo&lt;tedge_connect_c8y&gt;, exit status 0, duration 14 secs
12:38:00 INFO  Executed sudo&lt;tedge_connect_c8y_test&gt;, exit status 0
12:38:00 INFO  Executed systemctl&lt;serv_mosq2&gt;, exit status 0
12:38:01 INFO  Executed systemctl&lt;serv_mapper3&gt;, exit status 0
12:38:03 INFO  State of current operation: SUCCESSFUL
12:38:04 INFO  Assert that (False == value) with value=False ... passed
12:38:04 INFO  Package asciijump is installed
12:38:04 WARN  Assert that (False == value) with value=True ... failed 
12:38:05 INFO  Package squirrel3 is installed
12:38:05 WARN  Assert that (False == value) with value=True ... failed 
12:38:05 INFO  Package robotfindskitten is installed
12:38:05 WARN  Assert that (False == value) with value=True ... failed 
12:38:05 INFO  Response status: 201
12:38:05 INFO  Response to action: {
    &quot;creationTime&quot;: &quot;2022-06-08T12:38:05.890Z&quot;,
    &quot;deviceId&quot;: &quot;20013420&quot;,
    &quot;deviceName&quot;: &quot;m32sd10a&quot;,
    &quot;self&quot;: &quot;https://t493319102.eu-latest.cumulocity.com/devicecontrol/operations/20046258&quot;,
    &quot;id&quot;: &quot;20046258&quot;,
    &quot;status&quot;: &quot;PENDING&quot;,
    &quot;description&quot;: &quot;Apply software changes, triggered from PySys: [{'action': 'install', 'id': '5475369', 'name': 'asciijump', 'url': ' ', 'version': '::apt'}, {'action': 'install', 'id': '5474869', 'name': 'robotfindskitten', 'url': ' ', 'version': '::apt'}, {'action': 'install', 'id': '5475279', 'name': 'squirrel3', 'url': ' ', 'version': '::apt'}]&quot;,
    &quot;c8y_SoftwareUpdate&quot;: [
        {
            &quot;name&quot;: &quot;asciijump&quot;,
            &quot;action&quot;: &quot;install&quot;,
            &quot;id&quot;: &quot;5475369&quot;,
            &quot;version&quot;: &quot;::apt&quot;,
            &quot;url&quot;: &quot; &quot;
        },
        {
            &quot;name&quot;: &quot;robotfindskitten&quot;,
            &quot;action&quot;: &quot;install&quot;,
            &quot;id&quot;: &quot;5474869&quot;,
            &quot;version&quot;: &quot;::apt&quot;,
            &quot;url&quot;: &quot; &quot;
        },
        {
            &quot;name&quot;: &quot;squirrel3&quot;,
            &quot;action&quot;: &quot;install&quot;,
            &quot;id&quot;: &quot;5475279&quot;,
            &quot;version&quot;: &quot;::apt&quot;,
            &quot;url&quot;: &quot; &quot;
        }
    ]
}
12:38:05 INFO  Started operation: {'creationTime': '2022-06-08T12:38:05.890Z', 'deviceId': '20013420', 'deviceName': 'm32sd10a', 'self': 'https://t493319102.eu-latest.cumulocity.com/devicecontrol/operations/20046258', 'id': '20046258', 'status': 'PENDING', 'description': &quot;Apply software changes, triggered from PySys: [{'action': 'install', 'id': '5475369', 'name': 'asciijump', 'url': ' ', 'version': '::apt'}, {'action': 'install', 'id': '5474869', 'name': 'robotfindskitten', 'url': ' ', 'version': '::apt'}, {'action': 'install', 'id': '5475279', 'name': 'squirrel3', 'url': ' ', 'version': '::apt'}]&quot;, 'c8y_SoftwareUpdate': [{'name': 'asciijump', 'action': 'install', 'id': '5475369', 'version': '::apt', 'url': ' '}, {'name': 'robotfindskitten', 'action': 'install', 'id': '5474869', 'version': '::apt', 'url': ' '}, {'name': 'squirrel3', 'action': 'install', 'id': '5475279', 'version': '::apt', 'url': ' '}]}
12:38:08 INFO  State of operation 20046258 : PENDING
12:38:10 INFO  State of operation 20046258 : EXECUTING
12:38:12 INFO  State of operation 20046258 : EXECUTING
12:38:14 INFO  State of operation 20046258 : EXECUTING
12:38:17 INFO  State of operation 20046258 : EXECUTING
12:38:19 INFO  State of operation 20046258 : EXECUTING
12:38:22 INFO  State of operation 20046258 : EXECUTING
12:38:25 INFO  State of operation 20046258 : EXECUTING
12:38:27 INFO  State of operation 20046258 : EXECUTING
12:38:29 INFO  State of operation 20046258 : EXECUTING
12:38:32 INFO  State of operation 20046258 : EXECUTING
12:38:34 INFO  State of operation 20046258 : EXECUTING
12:38:36 INFO  State of operation 20046258 : EXECUTING
12:38:38 INFO  State of operation 20046258 : EXECUTING
12:38:40 INFO  State of operation 20046258 : EXECUTING
12:38:43 INFO  State of operation 20046258 : SUCCESSFUL
12:38:43 INFO  Assert that (False == value) with value=False ... passed
12:38:43 INFO  Package asciijump is installed
12:38:43 INFO  Assert that (True == value) with value=True ... passed
12:38:43 INFO  Package squirrel3 is installed
12:38:43 INFO  Assert that (True == value) with value=True ... passed
12:38:44 INFO  Package robotfindskitten is installed
12:38:44 INFO  Assert that (True == value) with value=True ... passed
12:38:44 INFO  Response status: 201
12:38:44 INFO  Response to action: {
    &quot;creationTime&quot;: &quot;2022-06-08T12:38:44.262Z&quot;,
    &quot;deviceId&quot;: &quot;20013420&quot;,
    &quot;deviceName&quot;: &quot;m32sd10a&quot;,
    &quot;self&quot;: &quot;https://t493319102.eu-latest.cumulocity.com/devicecontrol/operations/20046264&quot;,
    &quot;id&quot;: &quot;20046264&quot;,
    &quot;status&quot;: &quot;PENDING&quot;,
    &quot;description&quot;: &quot;Apply software changes, triggered from PySys: [{'action': 'delete', 'id': '5475369', 'name': 'asciijump', 'url': ' ', 'version': '::apt'}, {'action': 'delete', 'id': '5474869', 'name': 'robotfindskitten', 'url': ' ', 'version': '::apt'}, {'action': 'delete', 'id': '5475279', 'name': 'squirrel3', 'url': ' ', 'version': '::apt'}]&quot;,
    &quot;c8y_SoftwareUpdate&quot;: [
        {
            &quot;name&quot;: &quot;asciijump&quot;,
            &quot;action&quot;: &quot;delete&quot;,
            &quot;id&quot;: &quot;5475369&quot;,
            &quot;version&quot;: &quot;::apt&quot;,
            &quot;url&quot;: &quot; &quot;
        },
        {
            &quot;name&quot;: &quot;robotfindskitten&quot;,
            &quot;action&quot;: &quot;delete&quot;,
            &quot;id&quot;: &quot;5474869&quot;,
            &quot;version&quot;: &quot;::apt&quot;,
            &quot;url&quot;: &quot; &quot;
        },
        {
            &quot;name&quot;: &quot;squirrel3&quot;,
            &quot;action&quot;: &quot;delete&quot;,
            &quot;id&quot;: &quot;5475279&quot;,
            &quot;version&quot;: &quot;::apt&quot;,
            &quot;url&quot;: &quot; &quot;
        }
    ]
}
12:38:44 INFO  Started operation: {'creationTime': '2022-06-08T12:38:44.262Z', 'deviceId': '20013420', 'deviceName': 'm32sd10a', 'self': 'https://t493319102.eu-latest.cumulocity.com/devicecontrol/operations/20046264', 'id': '20046264', 'status': 'PENDING', 'description': &quot;Apply software changes, triggered from PySys: [{'action': 'delete', 'id': '5475369', 'name': 'asciijump', 'url': ' ', 'version': '::apt'}, {'action': 'delete', 'id': '5474869', 'name': 'robotfindskitten', 'url': ' ', 'version': '::apt'}, {'action': 'delete', 'id': '5475279', 'name': 'squirrel3', 'url': ' ', 'version': '::apt'}]&quot;, 'c8y_SoftwareUpdate': [{'name': 'asciijump', 'action': 'delete', 'id': '5475369', 'version': '::apt', 'url': ' '}, {'name': 'robotfindskitten', 'action': 'delete', 'id': '5474869', 'version': '::apt', 'url': ' '}, {'name': 'squirrel3', 'action': 'delete', 'id': '5475279', 'version': '::apt', 'url': ' '}]}
12:38:46 INFO  State of operation 20046264 : PENDING
12:38:48 INFO  State of operation 20046264 : EXECUTING
12:38:51 INFO  State of operation 20046264 : EXECUTING
12:38:53 INFO  State of operation 20046264 : EXECUTING
12:38:55 INFO  State of operation 20046264 : EXECUTING
12:38:57 INFO  State of operation 20046264 : EXECUTING
12:39:00 INFO  State of operation 20046264 : EXECUTING
12:39:03 INFO  State of operation 20046264 : EXECUTING
12:39:05 INFO  State of operation 20046264 : EXECUTING
12:39:07 INFO  State of operation 20046264 : EXECUTING
12:39:10 INFO  State of operation 20046264 : EXECUTING
12:39:12 INFO  State of operation 20046264 : EXECUTING
12:39:14 INFO  State of operation 20046264 : EXECUTING
12:39:16 INFO  State of operation 20046264 : EXECUTING
12:39:19 INFO  State of operation 20046264 : EXECUTING
12:39:21 INFO  State of operation 20046264 : EXECUTING
12:39:23 INFO  State of operation 20046264 : EXECUTING
12:39:26 INFO  State of operation 20046264 : EXECUTING
12:39:29 INFO  State of operation 20046264 : EXECUTING
12:39:32 INFO  State of operation 20046264 : EXECUTING
12:39:34 INFO  State of operation 20046264 : EXECUTING
12:39:36 INFO  State of operation 20046264 : EXECUTING
12:39:38 INFO  State of operation 20046264 : EXECUTING
12:39:41 INFO  State of operation 20046264 : EXECUTING
12:39:43 INFO  State of operation 20046264 : EXECUTING
12:39:45 INFO  State of operation 20046264 : EXECUTING
12:39:48 INFO  State of operation 20046264 : EXECUTING
12:39:50 INFO  State of operation 20046264 : EXECUTING
12:39:52 INFO  State of operation 20046264 : EXECUTING
12:39:55 INFO  State of operation 20046264 : SUCCESSFUL
12:39:55 INFO  Assert that (False == value) with value=False ... passed
12:39:55 INFO  Assert that (False == value) with value=False ... passed
12:39:55 INFO  Assert that (False == value) with value=False ... passed
12:39:56 INFO  Assert that (False == value) with value=False ... passed
12:39:56 INFO  
12:39:56 INFO  cleanup:
12:40:00 INFO  Executed sudo&lt;tedge_disconnect_c8y&gt;, exit status 0
12:40:01 INFO  Executed systemctl&lt;serv_mapper5&gt;, exit status 3
12:40:01 INFO  
12:40:01 INFO  Test duration: 143.45 secs
12:40:01 INFO  Test final outcome:  FAILED
12:40:01 INFO  Test outcome reason: Assert that (False == value) with value=True (+2 other failures)
12:40:01 INFO  
</system-out>
	</testcase>
</testsuite>
