<?xml version="1.0" encoding="utf-8"?>
<testsuite failures="1" name="SoftwareManagement.sm_mixed_install_remove_multiple" skipped="0" tests="1" time="168.73" timestamp="2022-07-22T03:24:05">
	<testcase classname="PySysTest" name="SoftwareManagement.sm_mixed_install_remove_multiple">
		<failure message="FAILED: Assert that (False == value) with value=True" type="FAILED"/>
		<system-out>03:21:16 INFO  ==============================================================
03:21:16 INFO  Id:    SoftwareManagement.sm_mixed_install_remove_multiple
03:21:16 INFO  Dir:   software_management_end_to_end/
03:21:16 INFO  Title: Validate end to end behaviour for the dummy-plugin for multiple packages with mixed versions
03:21:16 INFO  ==============================================================
03:21:16 INFO  Using sw id database: {'asciijump': '5475369', 'robotfindskitten': '5474869', 'squirrel3': '5475279', 'rolldice': '5152439', 'moon-buggy': '5439204', 'apple': '5495053', 'banana': '5494888', 'cherry': '5495382', 'watermelon': '5494510', 'registry': '8018911', 'hello-world': '8021526', 'docker/getting-started': '8021973', 'alpine': '7991792'}
03:21:16 INFO  EnvironmentC8y Setup
03:21:17 INFO  Executed systemctl&lt;serv_mapper1&gt;, exit status 3
03:21:17 INFO  Restarting mosquitto too frequently in the last 10 seconds. It was only up for 4 seconds
03:21:17 INFO  Delaying execution by 7 seconds
03:21:38 INFO  Executed sudo&lt;tedge_connect_c8y&gt;, exit status 0, duration 13 secs
03:21:38 INFO  Executed sudo&lt;tedge_connect_c8y_test&gt;, exit status 0
03:21:39 INFO  Executed systemctl&lt;serv_mosq2&gt;, exit status 0
03:21:39 INFO  Executed systemctl&lt;serv_mapper3&gt;, exit status 0
03:21:41 INFO  State of current operation: SUCCESSFUL
03:21:42 INFO  Package apple is installed
03:21:42 INFO  Assert that (True == value) with value=True ... passed
03:21:42 INFO  Package banana is installed
03:21:42 INFO  Assert that (True == value) with value=True ... passed
03:21:42 INFO  Package cherry is installed
03:21:42 INFO  Assert that (True == value) with value=True ... passed
03:21:42 INFO  Package asciijump is installed
03:21:43 WARN  Assert that (False == value) with value=True ... failed 
03:21:43 INFO  Assert that (False == value) with value=False ... passed
03:21:43 INFO  Response status: 201
03:21:43 INFO  Response to action: {
    &quot;creationTime&quot;: &quot;2022-07-22T03:21:43.693Z&quot;,
    &quot;deviceId&quot;: &quot;21164556&quot;,
    &quot;deviceName&quot;: &quot;m32sd10a&quot;,
    &quot;self&quot;: &quot;https://t493319102.eu-latest.cumulocity.com/devicecontrol/operations/21231001&quot;,
    &quot;id&quot;: &quot;21231001&quot;,
    &quot;status&quot;: &quot;PENDING&quot;,
    &quot;description&quot;: &quot;Apply software changes, triggered from PySys: [{'action': 'install', 'id': '5495053', 'name': 'apple', 'url': ' ', 'version': '::fruits'}, {'action': 'install', 'id': '5494888', 'name': 'banana', 'url': ' ', 'version': '::fruits'}, {'action': 'install', 'id': '5475369', 'name': 'asciijump', 'url': ' ', 'version': '::apt'}, {'action': 'install', 'id': '5495382', 'name': 'cherry', 'url': ' ', 'version': '::fruits'}, {'action': 'install', 'id': '8018911', 'name': 'registry', 'url': ' ', 'version': '::docker'}]&quot;,
    &quot;c8y_SoftwareUpdate&quot;: [
        {
            &quot;name&quot;: &quot;apple&quot;,
            &quot;action&quot;: &quot;install&quot;,
            &quot;id&quot;: &quot;5495053&quot;,
            &quot;version&quot;: &quot;::fruits&quot;,
            &quot;url&quot;: &quot; &quot;
        },
        {
            &quot;name&quot;: &quot;banana&quot;,
            &quot;action&quot;: &quot;install&quot;,
            &quot;id&quot;: &quot;5494888&quot;,
            &quot;version&quot;: &quot;::fruits&quot;,
            &quot;url&quot;: &quot; &quot;
        },
        {
            &quot;name&quot;: &quot;asciijump&quot;,
            &quot;action&quot;: &quot;install&quot;,
            &quot;id&quot;: &quot;5475369&quot;,
            &quot;version&quot;: &quot;::apt&quot;,
            &quot;url&quot;: &quot; &quot;
        },
        {
            &quot;name&quot;: &quot;cherry&quot;,
            &quot;action&quot;: &quot;install&quot;,
            &quot;id&quot;: &quot;5495382&quot;,
            &quot;version&quot;: &quot;::fruits&quot;,
            &quot;url&quot;: &quot; &quot;
        },
        {
            &quot;name&quot;: &quot;registry&quot;,
            &quot;action&quot;: &quot;install&quot;,
            &quot;id&quot;: &quot;8018911&quot;,
            &quot;version&quot;: &quot;::docker&quot;,
            &quot;url&quot;: &quot; &quot;
        }
    ]
}
03:21:43 INFO  Started operation: {'creationTime': '2022-07-22T03:21:43.693Z', 'deviceId': '21164556', 'deviceName': 'm32sd10a', 'self': 'https://t493319102.eu-latest.cumulocity.com/devicecontrol/operations/21231001', 'id': '21231001', 'status': 'PENDING', 'description': &quot;Apply software changes, triggered from PySys: [{'action': 'install', 'id': '5495053', 'name': 'apple', 'url': ' ', 'version': '::fruits'}, {'action': 'install', 'id': '5494888', 'name': 'banana', 'url': ' ', 'version': '::fruits'}, {'action': 'install', 'id': '5475369', 'name': 'asciijump', 'url': ' ', 'version': '::apt'}, {'action': 'install', 'id': '5495382', 'name': 'cherry', 'url': ' ', 'version': '::fruits'}, {'action': 'install', 'id': '8018911', 'name': 'registry', 'url': ' ', 'version': '::docker'}]&quot;, 'c8y_SoftwareUpdate': [{'name': 'apple', 'action': 'install', 'id': '5495053', 'version': '::fruits', 'url': ' '}, {'name': 'banana', 'action': 'install', 'id': '5494888', 'version': '::fruits', 'url': ' '}, {'name': 'asciijump', 'action': 'install', 'id': '5475369', 'version': '::apt', 'url': ' '}, {'name': 'cherry', 'action': 'install', 'id': '5495382', 'version': '::fruits', 'url': ' '}, {'name': 'registry', 'action': 'install', 'id': '8018911', 'version': '::docker', 'url': ' '}]}
03:21:45 INFO  State of operation 21231001 : PENDING
03:21:48 INFO  State of operation 21231001 : EXECUTING
03:21:50 INFO  State of operation 21231001 : EXECUTING
03:21:52 INFO  State of operation 21231001 : EXECUTING
03:21:54 INFO  State of operation 21231001 : EXECUTING
03:21:57 INFO  State of operation 21231001 : EXECUTING
03:21:59 INFO  State of operation 21231001 : EXECUTING
03:22:02 INFO  State of operation 21231001 : EXECUTING
03:22:04 INFO  State of operation 21231001 : EXECUTING
03:22:07 INFO  State of operation 21231001 : EXECUTING
03:22:09 INFO  State of operation 21231001 : EXECUTING
03:22:11 INFO  State of operation 21231001 : EXECUTING
03:22:14 INFO  State of operation 21231001 : EXECUTING
03:22:16 INFO  State of operation 21231001 : EXECUTING
03:22:18 INFO  State of operation 21231001 : EXECUTING
03:22:20 INFO  State of operation 21231001 : EXECUTING
03:22:22 INFO  State of operation 21231001 : EXECUTING
03:22:25 INFO  State of operation 21231001 : EXECUTING
03:22:27 INFO  State of operation 21231001 : EXECUTING
03:22:29 INFO  State of operation 21231001 : EXECUTING
03:22:31 INFO  State of operation 21231001 : EXECUTING
03:22:34 INFO  State of operation 21231001 : EXECUTING
03:22:36 INFO  State of operation 21231001 : EXECUTING
03:22:38 INFO  State of operation 21231001 : EXECUTING
03:22:40 INFO  State of operation 21231001 : EXECUTING
03:22:43 INFO  State of operation 21231001 : EXECUTING
03:22:45 INFO  State of operation 21231001 : SUCCESSFUL
03:22:45 INFO  Package apple is installed
03:22:45 INFO  Assert that (True == value) with value=True ... passed
03:22:45 INFO  Package banana is installed
03:22:45 INFO  Assert that (True == value) with value=True ... passed
03:22:46 INFO  Package cherry is installed
03:22:46 INFO  Assert that (True == value) with value=True ... passed
03:22:46 INFO  Package asciijump is installed
03:22:46 INFO  Assert that (True == value) with value=True ... passed
03:22:46 INFO  Package registry is installed
03:22:46 INFO  Assert that (True == value) with value=True ... passed
03:22:46 INFO  Response status: 201
03:22:46 INFO  Response to action: {
    &quot;creationTime&quot;: &quot;2022-07-22T03:22:46.846Z&quot;,
    &quot;deviceId&quot;: &quot;21164556&quot;,
    &quot;deviceName&quot;: &quot;m32sd10a&quot;,
    &quot;self&quot;: &quot;https://t493319102.eu-latest.cumulocity.com/devicecontrol/operations/21231003&quot;,
    &quot;id&quot;: &quot;21231003&quot;,
    &quot;status&quot;: &quot;PENDING&quot;,
    &quot;description&quot;: &quot;Apply software changes, triggered from PySys: [{'action': 'delete', 'id': '5495053', 'name': 'apple', 'url': ' ', 'version': '::fruits'}, {'action': 'delete', 'id': '5494888', 'name': 'banana', 'url': ' ', 'version': '::fruits'}, {'action': 'delete', 'id': '5475369', 'name': 'asciijump', 'url': ' ', 'version': '::apt'}, {'action': 'delete', 'id': '5495382', 'name': 'cherry', 'url': ' ', 'version': '::fruits'}, {'action': 'delete', 'id': '8018911', 'name': 'registry', 'url': ' ', 'version': '::docker'}]&quot;,
    &quot;c8y_SoftwareUpdate&quot;: [
        {
            &quot;name&quot;: &quot;apple&quot;,
            &quot;action&quot;: &quot;delete&quot;,
            &quot;id&quot;: &quot;5495053&quot;,
            &quot;version&quot;: &quot;::fruits&quot;,
            &quot;url&quot;: &quot; &quot;
        },
        {
            &quot;name&quot;: &quot;banana&quot;,
            &quot;action&quot;: &quot;delete&quot;,
            &quot;id&quot;: &quot;5494888&quot;,
            &quot;version&quot;: &quot;::fruits&quot;,
            &quot;url&quot;: &quot; &quot;
        },
        {
            &quot;name&quot;: &quot;asciijump&quot;,
            &quot;action&quot;: &quot;delete&quot;,
            &quot;id&quot;: &quot;5475369&quot;,
            &quot;version&quot;: &quot;::apt&quot;,
            &quot;url&quot;: &quot; &quot;
        },
        {
            &quot;name&quot;: &quot;cherry&quot;,
            &quot;action&quot;: &quot;delete&quot;,
            &quot;id&quot;: &quot;5495382&quot;,
            &quot;version&quot;: &quot;::fruits&quot;,
            &quot;url&quot;: &quot; &quot;
        },
        {
            &quot;name&quot;: &quot;registry&quot;,
            &quot;action&quot;: &quot;delete&quot;,
            &quot;id&quot;: &quot;8018911&quot;,
            &quot;version&quot;: &quot;::docker&quot;,
            &quot;url&quot;: &quot; &quot;
        }
    ]
}
03:22:46 INFO  Started operation: {'creationTime': '2022-07-22T03:22:46.846Z', 'deviceId': '21164556', 'deviceName': 'm32sd10a', 'self': 'https://t493319102.eu-latest.cumulocity.com/devicecontrol/operations/21231003', 'id': '21231003', 'status': 'PENDING', 'description': &quot;Apply software changes, triggered from PySys: [{'action': 'delete', 'id': '5495053', 'name': 'apple', 'url': ' ', 'version': '::fruits'}, {'action': 'delete', 'id': '5494888', 'name': 'banana', 'url': ' ', 'version': '::fruits'}, {'action': 'delete', 'id': '5475369', 'name': 'asciijump', 'url': ' ', 'version': '::apt'}, {'action': 'delete', 'id': '5495382', 'name': 'cherry', 'url': ' ', 'version': '::fruits'}, {'action': 'delete', 'id': '8018911', 'name': 'registry', 'url': ' ', 'version': '::docker'}]&quot;, 'c8y_SoftwareUpdate': [{'name': 'apple', 'action': 'delete', 'id': '5495053', 'version': '::fruits', 'url': ' '}, {'name': 'banana', 'action': 'delete', 'id': '5494888', 'version': '::fruits', 'url': ' '}, {'name': 'asciijump', 'action': 'delete', 'id': '5475369', 'version': '::apt', 'url': ' '}, {'name': 'cherry', 'action': 'delete', 'id': '5495382', 'version': '::fruits', 'url': ' '}, {'name': 'registry', 'action': 'delete', 'id': '8018911', 'version': '::docker', 'url': ' '}]}
03:22:49 INFO  State of operation 21231003 : PENDING
03:22:51 INFO  State of operation 21231003 : EXECUTING
03:22:53 INFO  State of operation 21231003 : EXECUTING
03:22:55 INFO  State of operation 21231003 : EXECUTING
03:22:58 INFO  State of operation 21231003 : EXECUTING
03:23:00 INFO  State of operation 21231003 : EXECUTING
03:23:03 INFO  State of operation 21231003 : EXECUTING
03:23:06 INFO  State of operation 21231003 : EXECUTING
03:23:08 INFO  State of operation 21231003 : EXECUTING
03:23:10 INFO  State of operation 21231003 : EXECUTING
03:23:13 INFO  State of operation 21231003 : EXECUTING
03:23:15 INFO  State of operation 21231003 : EXECUTING
03:23:17 INFO  State of operation 21231003 : EXECUTING
03:23:19 INFO  State of operation 21231003 : EXECUTING
03:23:22 INFO  State of operation 21231003 : EXECUTING
03:23:24 INFO  State of operation 21231003 : EXECUTING
03:23:28 INFO  State of operation 21231003 : EXECUTING
03:23:30 INFO  State of operation 21231003 : EXECUTING
03:23:32 INFO  State of operation 21231003 : EXECUTING
03:23:34 INFO  State of operation 21231003 : EXECUTING
03:23:37 INFO  State of operation 21231003 : EXECUTING
03:23:39 INFO  State of operation 21231003 : EXECUTING
03:23:42 INFO  State of operation 21231003 : EXECUTING
03:23:44 INFO  State of operation 21231003 : EXECUTING
03:23:46 INFO  State of operation 21231003 : EXECUTING
03:23:48 INFO  State of operation 21231003 : EXECUTING
03:23:51 INFO  State of operation 21231003 : EXECUTING
03:23:53 INFO  State of operation 21231003 : EXECUTING
03:23:55 INFO  State of operation 21231003 : EXECUTING
03:23:58 INFO  State of operation 21231003 : SUCCESSFUL
03:23:58 INFO  Package apple is installed
03:23:58 INFO  Assert that (True == value) with value=True ... passed
03:23:58 INFO  Package banana is installed
03:23:58 INFO  Assert that (True == value) with value=True ... passed
03:23:58 INFO  Package cherry is installed
03:23:58 INFO  Assert that (True == value) with value=True ... passed
03:23:58 INFO  Assert that (False == value) with value=False ... passed
03:23:59 INFO  Assert that (False == value) with value=False ... passed
03:23:59 INFO  
03:23:59 INFO  cleanup:
03:24:04 INFO  Executed sudo&lt;tedge_disconnect_c8y&gt;, exit status 0
03:24:05 INFO  Executed systemctl&lt;serv_mapper5&gt;, exit status 3
03:24:05 INFO  
03:24:05 INFO  Test duration: 168.73 secs
03:24:05 INFO  Test final outcome:  FAILED
03:24:05 INFO  Test outcome reason: Assert that (False == value) with value=True
03:24:05 INFO  
</system-out>
	</testcase>
</testsuite>
