<?xml version="1.0" encoding="utf-8"?>
<testsuite failures="1" name="SoftwareManagement.sm_apt_install_remove_multiple" skipped="0" tests="1" time="138.45" timestamp="2022-06-22T17:00:20">
	<testcase classname="PySysTest" name="SoftwareManagement.sm_apt_install_remove_multiple">
		<failure message="FAILED: Assert that (False == value) with value=True (+2 other failures)" type="FAILED"/>
		<system-out>16:58:02 INFO  ==============================================================
16:58:02 INFO  Id:    SoftwareManagement.sm_apt_install_remove_multiple
16:58:02 INFO  Dir:   software_management_end_to_end/
16:58:02 INFO  Title: Validate end to end behaviour for the apt plugin for multiple packages
16:58:02 INFO  ==============================================================
16:58:02 INFO  Using sw id database: {'asciijump': '5475369', 'robotfindskitten': '5474869', 'squirrel3': '5475279', 'rolldice': '5152439', 'moon-buggy': '5439204', 'apple': '5495053', 'banana': '5494888', 'cherry': '5495382', 'watermelon': '5494510', 'registry': '8018911', 'hello-world': '8021526', 'docker/getting-started': '8021973', 'alpine': '7991792'}
16:58:02 INFO  EnvironmentC8y Setup
16:58:03 INFO  Executed systemctl&lt;serv_mapper1&gt;, exit status 3
16:58:03 INFO  Restarting mosquitto too frequently in the last 10 seconds. It was only up for 4 seconds
16:58:03 INFO  Delaying execution by 7 seconds
16:58:24 INFO  Executed sudo&lt;tedge_connect_c8y&gt;, exit status 0, duration 14 secs
16:58:24 INFO  Executed sudo&lt;tedge_connect_c8y_test&gt;, exit status 0
16:58:25 INFO  Executed systemctl&lt;serv_mosq2&gt;, exit status 0
16:58:25 INFO  Executed systemctl&lt;serv_mapper3&gt;, exit status 0
16:58:28 INFO  State of current operation: SUCCESSFUL
16:58:28 INFO  Assert that (False == value) with value=False ... passed
16:58:28 INFO  Package asciijump is installed
16:58:29 WARN  Assert that (False == value) with value=True ... failed 
16:58:29 INFO  Package squirrel3 is installed
16:58:29 WARN  Assert that (False == value) with value=True ... failed 
16:58:29 INFO  Package robotfindskitten is installed
16:58:29 WARN  Assert that (False == value) with value=True ... failed 
16:58:29 INFO  Response status: 201
16:58:29 INFO  Response to action: {
    &quot;creationTime&quot;: &quot;2022-06-22T16:58:29.755Z&quot;,
    &quot;deviceName&quot;: &quot;m32sd10a&quot;,
    &quot;deviceId&quot;: &quot;20418368&quot;,
    &quot;self&quot;: &quot;https://t493319102.eu-latest.cumulocity.com/devicecontrol/operations/20427568&quot;,
    &quot;id&quot;: &quot;20427568&quot;,
    &quot;status&quot;: &quot;PENDING&quot;,
    &quot;description&quot;: &quot;Apply software changes, triggered from PySys: [{'action': 'install', 'id': '5475369', 'name': 'asciijump', 'url': ' ', 'version': '::apt'}, {'action': 'install', 'id': '5474869', 'name': 'robotfindskitten', 'url': ' ', 'version': '::apt'}, {'action': 'install', 'id': '5475279', 'name': 'squirrel3', 'url': ' ', 'version': '::apt'}]&quot;,
    &quot;c8y_SoftwareUpdate&quot;: [
        {
            &quot;name&quot;: &quot;asciijump&quot;,
            &quot;action&quot;: &quot;install&quot;,
            &quot;id&quot;: &quot;5475369&quot;,
            &quot;version&quot;: &quot;::apt&quot;,
            &quot;url&quot;: &quot; &quot;
        },
        {
            &quot;name&quot;: &quot;robotfindskitten&quot;,
            &quot;action&quot;: &quot;install&quot;,
            &quot;id&quot;: &quot;5474869&quot;,
            &quot;version&quot;: &quot;::apt&quot;,
            &quot;url&quot;: &quot; &quot;
        },
        {
            &quot;name&quot;: &quot;squirrel3&quot;,
            &quot;action&quot;: &quot;install&quot;,
            &quot;id&quot;: &quot;5475279&quot;,
            &quot;version&quot;: &quot;::apt&quot;,
            &quot;url&quot;: &quot; &quot;
        }
    ]
}
16:58:29 INFO  Started operation: {'creationTime': '2022-06-22T16:58:29.755Z', 'deviceName': 'm32sd10a', 'deviceId': '20418368', 'self': 'https://t493319102.eu-latest.cumulocity.com/devicecontrol/operations/20427568', 'id': '20427568', 'status': 'PENDING', 'description': &quot;Apply software changes, triggered from PySys: [{'action': 'install', 'id': '5475369', 'name': 'asciijump', 'url': ' ', 'version': '::apt'}, {'action': 'install', 'id': '5474869', 'name': 'robotfindskitten', 'url': ' ', 'version': '::apt'}, {'action': 'install', 'id': '5475279', 'name': 'squirrel3', 'url': ' ', 'version': '::apt'}]&quot;, 'c8y_SoftwareUpdate': [{'name': 'asciijump', 'action': 'install', 'id': '5475369', 'version': '::apt', 'url': ' '}, {'name': 'robotfindskitten', 'action': 'install', 'id': '5474869', 'version': '::apt', 'url': ' '}, {'name': 'squirrel3', 'action': 'install', 'id': '5475279', 'version': '::apt', 'url': ' '}]}
16:58:32 INFO  State of operation 20427568 : PENDING
16:58:34 INFO  State of operation 20427568 : EXECUTING
16:58:36 INFO  State of operation 20427568 : EXECUTING
16:58:38 INFO  State of operation 20427568 : EXECUTING
16:58:40 INFO  State of operation 20427568 : EXECUTING
16:58:43 INFO  State of operation 20427568 : EXECUTING
16:58:45 INFO  State of operation 20427568 : EXECUTING
16:58:48 INFO  State of operation 20427568 : EXECUTING
16:58:50 INFO  State of operation 20427568 : EXECUTING
16:58:53 INFO  State of operation 20427568 : EXECUTING
16:58:55 INFO  State of operation 20427568 : EXECUTING
16:58:57 INFO  State of operation 20427568 : EXECUTING
16:58:59 INFO  State of operation 20427568 : EXECUTING
16:59:02 INFO  State of operation 20427568 : EXECUTING
16:59:04 INFO  State of operation 20427568 : EXECUTING
16:59:06 INFO  State of operation 20427568 : SUCCESSFUL
16:59:06 INFO  Assert that (False == value) with value=False ... passed
16:59:07 INFO  Package asciijump is installed
16:59:07 INFO  Assert that (True == value) with value=True ... passed
16:59:07 INFO  Package squirrel3 is installed
16:59:07 INFO  Assert that (True == value) with value=True ... passed
16:59:07 INFO  Package robotfindskitten is installed
16:59:07 INFO  Assert that (True == value) with value=True ... passed
16:59:07 INFO  Response status: 201
16:59:07 INFO  Response to action: {
    &quot;creationTime&quot;: &quot;2022-06-22T16:59:07.685Z&quot;,
    &quot;deviceName&quot;: &quot;m32sd10a&quot;,
    &quot;deviceId&quot;: &quot;20418368&quot;,
    &quot;self&quot;: &quot;https://t493319102.eu-latest.cumulocity.com/devicecontrol/operations/20427574&quot;,
    &quot;id&quot;: &quot;20427574&quot;,
    &quot;status&quot;: &quot;PENDING&quot;,
    &quot;description&quot;: &quot;Apply software changes, triggered from PySys: [{'action': 'delete', 'id': '5475369', 'name': 'asciijump', 'url': ' ', 'version': '::apt'}, {'action': 'delete', 'id': '5474869', 'name': 'robotfindskitten', 'url': ' ', 'version': '::apt'}, {'action': 'delete', 'id': '5475279', 'name': 'squirrel3', 'url': ' ', 'version': '::apt'}]&quot;,
    &quot;c8y_SoftwareUpdate&quot;: [
        {
            &quot;name&quot;: &quot;asciijump&quot;,
            &quot;action&quot;: &quot;delete&quot;,
            &quot;id&quot;: &quot;5475369&quot;,
            &quot;version&quot;: &quot;::apt&quot;,
            &quot;url&quot;: &quot; &quot;
        },
        {
            &quot;name&quot;: &quot;robotfindskitten&quot;,
            &quot;action&quot;: &quot;delete&quot;,
            &quot;id&quot;: &quot;5474869&quot;,
            &quot;version&quot;: &quot;::apt&quot;,
            &quot;url&quot;: &quot; &quot;
        },
        {
            &quot;name&quot;: &quot;squirrel3&quot;,
            &quot;action&quot;: &quot;delete&quot;,
            &quot;id&quot;: &quot;5475279&quot;,
            &quot;version&quot;: &quot;::apt&quot;,
            &quot;url&quot;: &quot; &quot;
        }
    ]
}
16:59:07 INFO  Started operation: {'creationTime': '2022-06-22T16:59:07.685Z', 'deviceName': 'm32sd10a', 'deviceId': '20418368', 'self': 'https://t493319102.eu-latest.cumulocity.com/devicecontrol/operations/20427574', 'id': '20427574', 'status': 'PENDING', 'description': &quot;Apply software changes, triggered from PySys: [{'action': 'delete', 'id': '5475369', 'name': 'asciijump', 'url': ' ', 'version': '::apt'}, {'action': 'delete', 'id': '5474869', 'name': 'robotfindskitten', 'url': ' ', 'version': '::apt'}, {'action': 'delete', 'id': '5475279', 'name': 'squirrel3', 'url': ' ', 'version': '::apt'}]&quot;, 'c8y_SoftwareUpdate': [{'name': 'asciijump', 'action': 'delete', 'id': '5475369', 'version': '::apt', 'url': ' '}, {'name': 'robotfindskitten', 'action': 'delete', 'id': '5474869', 'version': '::apt', 'url': ' '}, {'name': 'squirrel3', 'action': 'delete', 'id': '5475279', 'version': '::apt', 'url': ' '}]}
16:59:10 INFO  State of operation 20427574 : PENDING
16:59:12 INFO  State of operation 20427574 : EXECUTING
16:59:14 INFO  State of operation 20427574 : EXECUTING
16:59:16 INFO  State of operation 20427574 : EXECUTING
16:59:18 INFO  State of operation 20427574 : EXECUTING
16:59:21 INFO  State of operation 20427574 : EXECUTING
16:59:23 INFO  State of operation 20427574 : EXECUTING
16:59:26 INFO  State of operation 20427574 : EXECUTING
16:59:28 INFO  State of operation 20427574 : EXECUTING
16:59:31 INFO  State of operation 20427574 : EXECUTING
16:59:33 INFO  State of operation 20427574 : EXECUTING
16:59:35 INFO  State of operation 20427574 : EXECUTING
16:59:37 INFO  State of operation 20427574 : EXECUTING
16:59:40 INFO  State of operation 20427574 : EXECUTING
16:59:42 INFO  State of operation 20427574 : EXECUTING
16:59:44 INFO  State of operation 20427574 : EXECUTING
16:59:46 INFO  State of operation 20427574 : EXECUTING
16:59:49 INFO  State of operation 20427574 : EXECUTING
16:59:51 INFO  State of operation 20427574 : EXECUTING
16:59:54 INFO  State of operation 20427574 : EXECUTING
16:59:56 INFO  State of operation 20427574 : EXECUTING
16:59:58 INFO  State of operation 20427574 : EXECUTING
17:00:00 INFO  State of operation 20427574 : EXECUTING
17:00:03 INFO  State of operation 20427574 : EXECUTING
17:00:05 INFO  State of operation 20427574 : EXECUTING
17:00:08 INFO  State of operation 20427574 : EXECUTING
17:00:10 INFO  State of operation 20427574 : EXECUTING
17:00:13 INFO  State of operation 20427574 : EXECUTING
17:00:15 INFO  State of operation 20427574 : SUCCESSFUL
17:00:15 INFO  Assert that (False == value) with value=False ... passed
17:00:15 INFO  Assert that (False == value) with value=False ... passed
17:00:15 INFO  Assert that (False == value) with value=False ... passed
17:00:16 INFO  Assert that (False == value) with value=False ... passed
17:00:16 INFO  
17:00:16 INFO  cleanup:
17:00:20 INFO  Executed sudo&lt;tedge_disconnect_c8y&gt;, exit status 0
17:00:20 INFO  Executed systemctl&lt;serv_mapper5&gt;, exit status 3
17:00:20 INFO  
17:00:20 INFO  Test duration: 138.45 secs
17:00:20 INFO  Test final outcome:  FAILED
17:00:20 INFO  Test outcome reason: Assert that (False == value) with value=True (+2 other failures)
17:00:20 INFO  
</system-out>
	</testcase>
</testsuite>
