<?xml version="1.0" encoding="utf-8"?>
<testsuite failures="1" name="SoftwareManagement.sm_apt_install_remove_multiple" skipped="0" tests="1" time="138.67" timestamp="2022-07-22T16:59:05">
	<testcase classname="PySysTest" name="SoftwareManagement.sm_apt_install_remove_multiple">
		<failure message="FAILED: Assert that (False == value) with value=True (+2 other failures)" type="FAILED"/>
		<system-out>16:56:46 INFO  ==============================================================
16:56:46 INFO  Id:    SoftwareManagement.sm_apt_install_remove_multiple
16:56:46 INFO  Dir:   software_management_end_to_end/
16:56:46 INFO  Title: Validate end to end behaviour for the apt plugin for multiple packages
16:56:46 INFO  ==============================================================
16:56:46 INFO  Using sw id database: {'asciijump': '5475369', 'robotfindskitten': '5474869', 'squirrel3': '5475279', 'rolldice': '5152439', 'moon-buggy': '5439204', 'apple': '5495053', 'banana': '5494888', 'cherry': '5495382', 'watermelon': '5494510', 'registry': '8018911', 'hello-world': '8021526', 'docker/getting-started': '8021973', 'alpine': '7991792'}
16:56:46 INFO  EnvironmentC8y Setup
16:56:47 INFO  Executed systemctl&lt;serv_mapper1&gt;, exit status 3
16:56:47 INFO  Restarting mosquitto too frequently in the last 10 seconds. It was only up for 4 seconds
16:56:47 INFO  Delaying execution by 7 seconds
16:57:08 INFO  Executed sudo&lt;tedge_connect_c8y&gt;, exit status 0, duration 13 secs
16:57:09 INFO  Executed sudo&lt;tedge_connect_c8y_test&gt;, exit status 0
16:57:09 INFO  Executed systemctl&lt;serv_mosq2&gt;, exit status 0
16:57:10 INFO  Executed systemctl&lt;serv_mapper3&gt;, exit status 0
16:57:12 INFO  State of current operation: SUCCESSFUL
16:57:12 INFO  Assert that (False == value) with value=False ... passed
16:57:13 INFO  Package asciijump is installed
16:57:13 WARN  Assert that (False == value) with value=True ... failed 
16:57:13 INFO  Package squirrel3 is installed
16:57:13 WARN  Assert that (False == value) with value=True ... failed 
16:57:13 INFO  Package robotfindskitten is installed
16:57:13 WARN  Assert that (False == value) with value=True ... failed 
16:57:14 INFO  Response status: 201
16:57:14 INFO  Response to action: {
    &quot;creationTime&quot;: &quot;2022-07-22T16:57:14.060Z&quot;,
    &quot;deviceId&quot;: &quot;21282123&quot;,
    &quot;deviceName&quot;: &quot;m32sd10a&quot;,
    &quot;self&quot;: &quot;https://t493319102.eu-latest.cumulocity.com/devicecontrol/operations/21301552&quot;,
    &quot;id&quot;: &quot;21301552&quot;,
    &quot;status&quot;: &quot;PENDING&quot;,
    &quot;description&quot;: &quot;Apply software changes, triggered from PySys: [{'action': 'install', 'id': '5475369', 'name': 'asciijump', 'url': ' ', 'version': '::apt'}, {'action': 'install', 'id': '5474869', 'name': 'robotfindskitten', 'url': ' ', 'version': '::apt'}, {'action': 'install', 'id': '5475279', 'name': 'squirrel3', 'url': ' ', 'version': '::apt'}]&quot;,
    &quot;c8y_SoftwareUpdate&quot;: [
        {
            &quot;name&quot;: &quot;asciijump&quot;,
            &quot;action&quot;: &quot;install&quot;,
            &quot;id&quot;: &quot;5475369&quot;,
            &quot;version&quot;: &quot;::apt&quot;,
            &quot;url&quot;: &quot; &quot;
        },
        {
            &quot;name&quot;: &quot;robotfindskitten&quot;,
            &quot;action&quot;: &quot;install&quot;,
            &quot;id&quot;: &quot;5474869&quot;,
            &quot;version&quot;: &quot;::apt&quot;,
            &quot;url&quot;: &quot; &quot;
        },
        {
            &quot;name&quot;: &quot;squirrel3&quot;,
            &quot;action&quot;: &quot;install&quot;,
            &quot;id&quot;: &quot;5475279&quot;,
            &quot;version&quot;: &quot;::apt&quot;,
            &quot;url&quot;: &quot; &quot;
        }
    ]
}
16:57:14 INFO  Started operation: {'creationTime': '2022-07-22T16:57:14.060Z', 'deviceId': '21282123', 'deviceName': 'm32sd10a', 'self': 'https://t493319102.eu-latest.cumulocity.com/devicecontrol/operations/21301552', 'id': '21301552', 'status': 'PENDING', 'description': &quot;Apply software changes, triggered from PySys: [{'action': 'install', 'id': '5475369', 'name': 'asciijump', 'url': ' ', 'version': '::apt'}, {'action': 'install', 'id': '5474869', 'name': 'robotfindskitten', 'url': ' ', 'version': '::apt'}, {'action': 'install', 'id': '5475279', 'name': 'squirrel3', 'url': ' ', 'version': '::apt'}]&quot;, 'c8y_SoftwareUpdate': [{'name': 'asciijump', 'action': 'install', 'id': '5475369', 'version': '::apt', 'url': ' '}, {'name': 'robotfindskitten', 'action': 'install', 'id': '5474869', 'version': '::apt', 'url': ' '}, {'name': 'squirrel3', 'action': 'install', 'id': '5475279', 'version': '::apt', 'url': ' '}]}
16:57:16 INFO  State of operation 21301552 : PENDING
16:57:18 INFO  State of operation 21301552 : EXECUTING
16:57:20 INFO  State of operation 21301552 : EXECUTING
16:57:23 INFO  State of operation 21301552 : EXECUTING
16:57:25 INFO  State of operation 21301552 : EXECUTING
16:57:27 INFO  State of operation 21301552 : EXECUTING
16:57:30 INFO  State of operation 21301552 : EXECUTING
16:57:33 INFO  State of operation 21301552 : EXECUTING
16:57:35 INFO  State of operation 21301552 : EXECUTING
16:57:37 INFO  State of operation 21301552 : EXECUTING
16:57:40 INFO  State of operation 21301552 : EXECUTING
16:57:42 INFO  State of operation 21301552 : EXECUTING
16:57:44 INFO  State of operation 21301552 : EXECUTING
16:57:46 INFO  State of operation 21301552 : EXECUTING
16:57:49 INFO  State of operation 21301552 : EXECUTING
16:57:51 INFO  State of operation 21301552 : SUCCESSFUL
16:57:51 INFO  Assert that (False == value) with value=False ... passed
16:57:51 INFO  Package asciijump is installed
16:57:51 INFO  Assert that (True == value) with value=True ... passed
16:57:51 INFO  Package squirrel3 is installed
16:57:51 INFO  Assert that (True == value) with value=True ... passed
16:57:52 INFO  Package robotfindskitten is installed
16:57:52 INFO  Assert that (True == value) with value=True ... passed
16:57:52 INFO  Response status: 201
16:57:52 INFO  Response to action: {
    &quot;creationTime&quot;: &quot;2022-07-22T16:57:52.370Z&quot;,
    &quot;deviceId&quot;: &quot;21282123&quot;,
    &quot;deviceName&quot;: &quot;m32sd10a&quot;,
    &quot;self&quot;: &quot;https://t493319102.eu-latest.cumulocity.com/devicecontrol/operations/21301555&quot;,
    &quot;id&quot;: &quot;21301555&quot;,
    &quot;status&quot;: &quot;PENDING&quot;,
    &quot;description&quot;: &quot;Apply software changes, triggered from PySys: [{'action': 'delete', 'id': '5475369', 'name': 'asciijump', 'url': ' ', 'version': '::apt'}, {'action': 'delete', 'id': '5474869', 'name': 'robotfindskitten', 'url': ' ', 'version': '::apt'}, {'action': 'delete', 'id': '5475279', 'name': 'squirrel3', 'url': ' ', 'version': '::apt'}]&quot;,
    &quot;c8y_SoftwareUpdate&quot;: [
        {
            &quot;name&quot;: &quot;asciijump&quot;,
            &quot;action&quot;: &quot;delete&quot;,
            &quot;id&quot;: &quot;5475369&quot;,
            &quot;version&quot;: &quot;::apt&quot;,
            &quot;url&quot;: &quot; &quot;
        },
        {
            &quot;name&quot;: &quot;robotfindskitten&quot;,
            &quot;action&quot;: &quot;delete&quot;,
            &quot;id&quot;: &quot;5474869&quot;,
            &quot;version&quot;: &quot;::apt&quot;,
            &quot;url&quot;: &quot; &quot;
        },
        {
            &quot;name&quot;: &quot;squirrel3&quot;,
            &quot;action&quot;: &quot;delete&quot;,
            &quot;id&quot;: &quot;5475279&quot;,
            &quot;version&quot;: &quot;::apt&quot;,
            &quot;url&quot;: &quot; &quot;
        }
    ]
}
16:57:52 INFO  Started operation: {'creationTime': '2022-07-22T16:57:52.370Z', 'deviceId': '21282123', 'deviceName': 'm32sd10a', 'self': 'https://t493319102.eu-latest.cumulocity.com/devicecontrol/operations/21301555', 'id': '21301555', 'status': 'PENDING', 'description': &quot;Apply software changes, triggered from PySys: [{'action': 'delete', 'id': '5475369', 'name': 'asciijump', 'url': ' ', 'version': '::apt'}, {'action': 'delete', 'id': '5474869', 'name': 'robotfindskitten', 'url': ' ', 'version': '::apt'}, {'action': 'delete', 'id': '5475279', 'name': 'squirrel3', 'url': ' ', 'version': '::apt'}]&quot;, 'c8y_SoftwareUpdate': [{'name': 'asciijump', 'action': 'delete', 'id': '5475369', 'version': '::apt', 'url': ' '}, {'name': 'robotfindskitten', 'action': 'delete', 'id': '5474869', 'version': '::apt', 'url': ' '}, {'name': 'squirrel3', 'action': 'delete', 'id': '5475279', 'version': '::apt', 'url': ' '}]}
16:57:54 INFO  State of operation 21301555 : PENDING
16:57:56 INFO  State of operation 21301555 : EXECUTING
16:57:59 INFO  State of operation 21301555 : EXECUTING
16:58:01 INFO  State of operation 21301555 : EXECUTING
16:58:03 INFO  State of operation 21301555 : EXECUTING
16:58:05 INFO  State of operation 21301555 : EXECUTING
16:58:08 INFO  State of operation 21301555 : EXECUTING
16:58:11 INFO  State of operation 21301555 : EXECUTING
16:58:13 INFO  State of operation 21301555 : EXECUTING
16:58:15 INFO  State of operation 21301555 : EXECUTING
16:58:18 INFO  State of operation 21301555 : EXECUTING
16:58:20 INFO  State of operation 21301555 : EXECUTING
16:58:22 INFO  State of operation 21301555 : EXECUTING
16:58:24 INFO  State of operation 21301555 : EXECUTING
16:58:27 INFO  State of operation 21301555 : EXECUTING
16:58:29 INFO  State of operation 21301555 : EXECUTING
16:58:31 INFO  State of operation 21301555 : EXECUTING
16:58:34 INFO  State of operation 21301555 : EXECUTING
16:58:36 INFO  State of operation 21301555 : EXECUTING
16:58:39 INFO  State of operation 21301555 : EXECUTING
16:58:41 INFO  State of operation 21301555 : EXECUTING
16:58:43 INFO  State of operation 21301555 : EXECUTING
16:58:45 INFO  State of operation 21301555 : EXECUTING
16:58:47 INFO  State of operation 21301555 : EXECUTING
16:58:50 INFO  State of operation 21301555 : EXECUTING
16:58:52 INFO  State of operation 21301555 : EXECUTING
16:58:55 INFO  State of operation 21301555 : EXECUTING
16:58:57 INFO  State of operation 21301555 : EXECUTING
16:58:59 INFO  State of operation 21301555 : SUCCESSFUL
16:59:00 INFO  Assert that (False == value) with value=False ... passed
16:59:00 INFO  Assert that (False == value) with value=False ... passed
16:59:00 INFO  Assert that (False == value) with value=False ... passed
16:59:00 INFO  Assert that (False == value) with value=False ... passed
16:59:00 INFO  
16:59:00 INFO  cleanup:
16:59:04 INFO  Executed sudo&lt;tedge_disconnect_c8y&gt;, exit status 0
16:59:05 INFO  Executed systemctl&lt;serv_mapper5&gt;, exit status 3
16:59:05 INFO  
16:59:05 INFO  Test duration: 138.67 secs
16:59:05 INFO  Test final outcome:  FAILED
16:59:05 INFO  Test outcome reason: Assert that (False == value) with value=True (+2 other failures)
16:59:05 INFO  
</system-out>
	</testcase>
</testsuite>
