<?xml version="1.0" encoding="utf-8"?>
<testsuite failures="1" name="SoftwareManagement.sm_apt_install_remove_multiple_mixed" skipped="0" tests="1" time="180.29" timestamp="2022-07-25T11:34:07">
	<testcase classname="PySysTest" name="SoftwareManagement.sm_apt_install_remove_multiple_mixed">
		<failure message="BLOCKED: SystemError: Timeout while waiting for status SUCCESSFUL or False (+1 other failures)" type="BLOCKED"/>
		<system-out>11:31:07 INFO  ==============================================================
11:31:07 INFO  Id:    SoftwareManagement.sm_apt_install_remove_multiple_mixed
11:31:07 INFO  Dir:   software_management_end_to_end/
11:31:07 INFO  Title: Validate end to end behaviour for the apt plugin for multiple packages with mixed versions
11:31:07 INFO  ==============================================================
11:31:07 INFO  Using sw id database: {'asciijump': '5475369', 'robotfindskitten': '5474869', 'squirrel3': '5475279', 'rolldice': '5152439', 'moon-buggy': '5439204', 'apple': '5495053', 'banana': '5494888', 'cherry': '5495382', 'watermelon': '5494510', 'registry': '8018911', 'hello-world': '8021526', 'docker/getting-started': '8021973', 'alpine': '7991792'}
11:31:07 INFO  EnvironmentC8y Setup
11:31:08 INFO  Executed systemctl&lt;serv_mapper1&gt;, exit status 3
11:31:08 INFO  Restarting mosquitto too frequently in the last 10 seconds. It was only up for 4 seconds
11:31:08 INFO  Delaying execution by 7 seconds
11:31:29 INFO  Executed sudo&lt;tedge_connect_c8y&gt;, exit status 0, duration 13 secs
11:31:29 INFO  Executed sudo&lt;tedge_connect_c8y_test&gt;, exit status 0
11:31:30 INFO  Executed systemctl&lt;serv_mosq2&gt;, exit status 0
11:31:30 INFO  Executed systemctl&lt;serv_mapper3&gt;, exit status 0
11:31:33 INFO  State of current operation: SUCCESSFUL
11:31:33 INFO  Assert that (False == value) with value=False ... passed
11:31:33 INFO  Assert that (False == value) with value=False ... passed
11:31:33 INFO  Assert that (False == value) with value=False ... passed
11:31:33 INFO  Assert that (False == value) with value=False ... passed
11:31:34 INFO  Package moon-buggy is installed
11:31:34 WARN  Assert that (False == value) with value=True ... failed 
11:31:35 INFO  Response status: 201
11:31:35 INFO  Response to action: {
    &quot;creationTime&quot;: &quot;2022-07-25T11:31:35.455Z&quot;,
    &quot;deviceId&quot;: &quot;21360435&quot;,
    &quot;deviceName&quot;: &quot;m32sd10a&quot;,
    &quot;self&quot;: &quot;https://t493319102.eu-latest.cumulocity.com/devicecontrol/operations/21377710&quot;,
    &quot;id&quot;: &quot;21377710&quot;,
    &quot;status&quot;: &quot;PENDING&quot;,
    &quot;description&quot;: &quot;Apply software changes, triggered from PySys: [{'action': 'install', 'id': '5475369', 'name': 'asciijump', 'url': ' ', 'version': '::apt'}, {'action': 'install', 'id': '5474869', 'name': 'robotfindskitten', 'url': ' ', 'version': ' '}, {'action': 'install', 'id': '5475279', 'name': 'squirrel3', 'url': ' ', 'version': '3.1-7::apt'}, {'action': 'install', 'id': '5152439', 'name': 'rolldice', 'url': ' ', 'version': '1.16-1+b1'}, {'action': 'install', 'id': '5439204', 'name': 'moon-buggy', 'url': ' ', 'version': '1:1.0.51-12'}, {'action': 'install', 'id': '5475369', 'name': 'asciijump', 'url': ' ', 'version': '::apt'}]&quot;,
    &quot;c8y_SoftwareUpdate&quot;: [
        {
            &quot;name&quot;: &quot;asciijump&quot;,
            &quot;action&quot;: &quot;install&quot;,
            &quot;id&quot;: &quot;5475369&quot;,
            &quot;version&quot;: &quot;::apt&quot;,
            &quot;url&quot;: &quot; &quot;
        },
        {
            &quot;name&quot;: &quot;robotfindskitten&quot;,
            &quot;action&quot;: &quot;install&quot;,
            &quot;id&quot;: &quot;5474869&quot;,
            &quot;version&quot;: &quot; &quot;,
            &quot;url&quot;: &quot; &quot;
        },
        {
            &quot;name&quot;: &quot;squirrel3&quot;,
            &quot;action&quot;: &quot;install&quot;,
            &quot;id&quot;: &quot;5475279&quot;,
            &quot;version&quot;: &quot;3.1-7::apt&quot;,
            &quot;url&quot;: &quot; &quot;
        },
        {
            &quot;name&quot;: &quot;rolldice&quot;,
            &quot;action&quot;: &quot;install&quot;,
            &quot;id&quot;: &quot;5152439&quot;,
            &quot;version&quot;: &quot;1.16-1+b1&quot;,
            &quot;url&quot;: &quot; &quot;
        },
        {
            &quot;name&quot;: &quot;moon-buggy&quot;,
            &quot;action&quot;: &quot;install&quot;,
            &quot;id&quot;: &quot;5439204&quot;,
            &quot;version&quot;: &quot;1:1.0.51-12&quot;,
            &quot;url&quot;: &quot; &quot;
        },
        {
            &quot;name&quot;: &quot;asciijump&quot;,
            &quot;action&quot;: &quot;install&quot;,
            &quot;id&quot;: &quot;5475369&quot;,
            &quot;version&quot;: &quot;::apt&quot;,
            &quot;url&quot;: &quot; &quot;
        }
    ]
}
11:31:35 INFO  Started operation: {'creationTime': '2022-07-25T11:31:35.455Z', 'deviceId': '21360435', 'deviceName': 'm32sd10a', 'self': 'https://t493319102.eu-latest.cumulocity.com/devicecontrol/operations/21377710', 'id': '21377710', 'status': 'PENDING', 'description': &quot;Apply software changes, triggered from PySys: [{'action': 'install', 'id': '5475369', 'name': 'asciijump', 'url': ' ', 'version': '::apt'}, {'action': 'install', 'id': '5474869', 'name': 'robotfindskitten', 'url': ' ', 'version': ' '}, {'action': 'install', 'id': '5475279', 'name': 'squirrel3', 'url': ' ', 'version': '3.1-7::apt'}, {'action': 'install', 'id': '5152439', 'name': 'rolldice', 'url': ' ', 'version': '1.16-1+b1'}, {'action': 'install', 'id': '5439204', 'name': 'moon-buggy', 'url': ' ', 'version': '1:1.0.51-12'}, {'action': 'install', 'id': '5475369', 'name': 'asciijump', 'url': ' ', 'version': '::apt'}]&quot;, 'c8y_SoftwareUpdate': [{'name': 'asciijump', 'action': 'install', 'id': '5475369', 'version': '::apt', 'url': ' '}, {'name': 'robotfindskitten', 'action': 'install', 'id': '5474869', 'version': ' ', 'url': ' '}, {'name': 'squirrel3', 'action': 'install', 'id': '5475279', 'version': '3.1-7::apt', 'url': ' '}, {'name': 'rolldice', 'action': 'install', 'id': '5152439', 'version': '1.16-1+b1', 'url': ' '}, {'name': 'moon-buggy', 'action': 'install', 'id': '5439204', 'version': '1:1.0.51-12', 'url': ' '}, {'name': 'asciijump', 'action': 'install', 'id': '5475369', 'version': '::apt', 'url': ' '}]}
11:31:37 INFO  State of operation 21377710 : PENDING
11:31:40 INFO  State of operation 21377710 : EXECUTING
11:31:42 INFO  State of operation 21377710 : EXECUTING
11:31:44 INFO  State of operation 21377710 : EXECUTING
11:31:46 INFO  State of operation 21377710 : EXECUTING
11:31:48 INFO  State of operation 21377710 : EXECUTING
11:31:51 INFO  State of operation 21377710 : EXECUTING
11:31:54 INFO  State of operation 21377710 : EXECUTING
11:31:57 INFO  State of operation 21377710 : EXECUTING
11:31:59 INFO  State of operation 21377710 : EXECUTING
11:32:01 INFO  State of operation 21377710 : EXECUTING
11:32:04 INFO  State of operation 21377710 : EXECUTING
11:32:06 INFO  State of operation 21377710 : EXECUTING
11:32:08 INFO  State of operation 21377710 : EXECUTING
11:32:11 INFO  State of operation 21377710 : EXECUTING
11:32:13 INFO  State of operation 21377710 : EXECUTING
11:32:15 INFO  State of operation 21377710 : EXECUTING
11:32:18 INFO  State of operation 21377710 : EXECUTING
11:32:20 INFO  State of operation 21377710 : EXECUTING
11:32:23 INFO  State of operation 21377710 : EXECUTING
11:32:25 INFO  State of operation 21377710 : EXECUTING
11:32:28 INFO  State of operation 21377710 : EXECUTING
11:32:30 INFO  State of operation 21377710 : EXECUTING
11:32:33 INFO  State of operation 21377710 : EXECUTING
11:32:35 INFO  State of operation 21377710 : EXECUTING
11:32:38 INFO  State of operation 21377710 : EXECUTING
11:32:40 INFO  State of operation 21377710 : EXECUTING
11:32:43 INFO  State of operation 21377710 : EXECUTING
11:32:45 INFO  State of operation 21377710 : EXECUTING
11:32:47 INFO  State of operation 21377710 : EXECUTING
11:32:49 INFO  State of operation 21377710 : EXECUTING
11:32:52 INFO  State of operation 21377710 : EXECUTING
11:32:54 INFO  State of operation 21377710 : EXECUTING
11:32:56 INFO  State of operation 21377710 : EXECUTING
11:32:58 INFO  State of operation 21377710 : EXECUTING
11:33:01 INFO  State of operation 21377710 : EXECUTING
11:33:03 INFO  State of operation 21377710 : EXECUTING
11:33:06 INFO  State of operation 21377710 : EXECUTING
11:33:08 INFO  State of operation 21377710 : EXECUTING
11:33:11 INFO  State of operation 21377710 : EXECUTING
11:33:13 INFO  State of operation 21377710 : EXECUTING
11:33:15 INFO  State of operation 21377710 : EXECUTING
11:33:17 INFO  State of operation 21377710 : EXECUTING
11:33:20 INFO  State of operation 21377710 : EXECUTING
11:33:22 INFO  State of operation 21377710 : EXECUTING
11:33:24 INFO  State of operation 21377710 : EXECUTING
11:33:27 INFO  State of operation 21377710 : EXECUTING
11:33:29 INFO  State of operation 21377710 : EXECUTING
11:33:32 INFO  State of operation 21377710 : EXECUTING
11:33:34 INFO  State of operation 21377710 : EXECUTING
11:33:36 INFO  State of operation 21377710 : EXECUTING
11:33:39 INFO  State of operation 21377710 : EXECUTING
11:33:41 INFO  State of operation 21377710 : EXECUTING
11:33:44 INFO  State of operation 21377710 : EXECUTING
11:33:46 INFO  State of operation 21377710 : EXECUTING
11:33:49 INFO  State of operation 21377710 : EXECUTING
11:33:51 INFO  State of operation 21377710 : EXECUTING
11:33:54 INFO  State of operation 21377710 : EXECUTING
11:33:56 INFO  State of operation 21377710 : EXECUTING
11:33:58 INFO  State of operation 21377710 : EXECUTING
11:34:01 INFO  State of operation 21377710 : EXECUTING
11:34:03 WARN  SystemError occurred while running test - Timeout while waiting for status SUCCESSFUL or False
Traceback (most recent call last):
  File &quot;/home/pi/env-pysys/lib/python3.7/site-packages/pysys/baserunner.py&quot;, line 1294, in __call__
    self.testObj.execute()
  File &quot;/home/pi/actions-runner/_work/thin-edge.io/thin-edge.io/tests/PySys/software_management_end_to_end/sm_apt_install_remove_multiple_mixed/run.py&quot;, line 89, in execute
    self.wait_until_succcess()
  File &quot;/home/pi/actions-runner/_work/thin-edge.io/thin-edge.io/tests/PySys/software_management_end_to_end/environment_sm_management.py&quot;, line 324, in wait_until_succcess
    self.wait_until_status(&quot;SUCCESSFUL&quot;)
  File &quot;/home/pi/actions-runner/_work/thin-edge.io/thin-edge.io/tests/PySys/software_management_end_to_end/environment_sm_management.py&quot;, line 381, in wait_until_status
    &quot;Timeout while waiting for status %s or %s&quot; % (status, status2)
SystemError: Timeout while waiting for status SUCCESSFUL or False
11:34:03 WARN  SystemError: Timeout while waiting for status SUCCESSFUL or False ... blocked 
11:34:03 INFO  
11:34:03 INFO  cleanup:
11:34:07 INFO  Executed sudo&lt;tedge_disconnect_c8y&gt;, exit status 0
11:34:07 INFO  Executed systemctl&lt;serv_mapper5&gt;, exit status 3
11:34:07 INFO  
11:34:07 INFO  Test duration: 180.29 secs
11:34:07 INFO  Test final outcome:  BLOCKED
11:34:07 INFO  Test outcome reason: SystemError: Timeout while waiting for status SUCCESSFUL or False (+1 other failures)
11:34:07 INFO  
</system-out>
	</testcase>
</testsuite>
