<?xml version="1.0" encoding="utf-8"?>
<testsuite failures="1" name="SoftwareManagement.sm_apt_install_remove_multiple" skipped="0" tests="1" time="139.01" timestamp="2022-07-26T08:28:07">
	<testcase classname="PySysTest" name="SoftwareManagement.sm_apt_install_remove_multiple">
		<failure message="FAILED: Assert that (False == value) with value=True (+2 other failures)" type="FAILED"/>
		<system-out>08:25:48 INFO  ==============================================================
08:25:48 INFO  Id:    SoftwareManagement.sm_apt_install_remove_multiple
08:25:48 INFO  Dir:   software_management_end_to_end/
08:25:48 INFO  Title: Validate end to end behaviour for the apt plugin for multiple packages
08:25:48 INFO  ==============================================================
08:25:48 INFO  Using sw id database: {'asciijump': '5475369', 'robotfindskitten': '5474869', 'squirrel3': '5475279', 'rolldice': '5152439', 'moon-buggy': '5439204', 'apple': '5495053', 'banana': '5494888', 'cherry': '5495382', 'watermelon': '5494510', 'registry': '8018911', 'hello-world': '8021526', 'docker/getting-started': '8021973', 'alpine': '7991792'}
08:25:48 INFO  EnvironmentC8y Setup
08:25:48 INFO  Executed systemctl&lt;serv_mapper1&gt;, exit status 3
08:25:48 INFO  Restarting mosquitto too frequently in the last 10 seconds. It was only up for 5 seconds
08:25:48 INFO  Delaying execution by 6 seconds
08:26:09 INFO  Executed sudo&lt;tedge_connect_c8y&gt;, exit status 0, duration 14 secs
08:26:09 INFO  Executed sudo&lt;tedge_connect_c8y_test&gt;, exit status 0
08:26:10 INFO  Executed systemctl&lt;serv_mosq2&gt;, exit status 0
08:26:10 INFO  Executed systemctl&lt;serv_mapper3&gt;, exit status 0
08:26:12 INFO  State of current operation: SUCCESSFUL
08:26:13 INFO  Assert that (False == value) with value=False ... passed
08:26:13 INFO  Package asciijump is installed
08:26:13 WARN  Assert that (False == value) with value=True ... failed 
08:26:14 INFO  Package squirrel3 is installed
08:26:14 WARN  Assert that (False == value) with value=True ... failed 
08:26:14 INFO  Package robotfindskitten is installed
08:26:14 WARN  Assert that (False == value) with value=True ... failed 
08:26:14 INFO  Response status: 201
08:26:14 INFO  Response to action: {
    &quot;creationTime&quot;: &quot;2022-07-26T08:26:14.504Z&quot;,
    &quot;deviceId&quot;: &quot;21413441&quot;,
    &quot;deviceName&quot;: &quot;m32sd10a&quot;,
    &quot;self&quot;: &quot;https://t493319102.eu-latest.cumulocity.com/devicecontrol/operations/21434663&quot;,
    &quot;id&quot;: &quot;21434663&quot;,
    &quot;status&quot;: &quot;PENDING&quot;,
    &quot;description&quot;: &quot;Apply software changes, triggered from PySys: [{'action': 'install', 'id': '5475369', 'name': 'asciijump', 'url': ' ', 'version': '::apt'}, {'action': 'install', 'id': '5474869', 'name': 'robotfindskitten', 'url': ' ', 'version': '::apt'}, {'action': 'install', 'id': '5475279', 'name': 'squirrel3', 'url': ' ', 'version': '::apt'}]&quot;,
    &quot;c8y_SoftwareUpdate&quot;: [
        {
            &quot;name&quot;: &quot;asciijump&quot;,
            &quot;action&quot;: &quot;install&quot;,
            &quot;id&quot;: &quot;5475369&quot;,
            &quot;version&quot;: &quot;::apt&quot;,
            &quot;url&quot;: &quot; &quot;
        },
        {
            &quot;name&quot;: &quot;robotfindskitten&quot;,
            &quot;action&quot;: &quot;install&quot;,
            &quot;id&quot;: &quot;5474869&quot;,
            &quot;version&quot;: &quot;::apt&quot;,
            &quot;url&quot;: &quot; &quot;
        },
        {
            &quot;name&quot;: &quot;squirrel3&quot;,
            &quot;action&quot;: &quot;install&quot;,
            &quot;id&quot;: &quot;5475279&quot;,
            &quot;version&quot;: &quot;::apt&quot;,
            &quot;url&quot;: &quot; &quot;
        }
    ]
}
08:26:14 INFO  Started operation: {'creationTime': '2022-07-26T08:26:14.504Z', 'deviceId': '21413441', 'deviceName': 'm32sd10a', 'self': 'https://t493319102.eu-latest.cumulocity.com/devicecontrol/operations/21434663', 'id': '21434663', 'status': 'PENDING', 'description': &quot;Apply software changes, triggered from PySys: [{'action': 'install', 'id': '5475369', 'name': 'asciijump', 'url': ' ', 'version': '::apt'}, {'action': 'install', 'id': '5474869', 'name': 'robotfindskitten', 'url': ' ', 'version': '::apt'}, {'action': 'install', 'id': '5475279', 'name': 'squirrel3', 'url': ' ', 'version': '::apt'}]&quot;, 'c8y_SoftwareUpdate': [{'name': 'asciijump', 'action': 'install', 'id': '5475369', 'version': '::apt', 'url': ' '}, {'name': 'robotfindskitten', 'action': 'install', 'id': '5474869', 'version': '::apt', 'url': ' '}, {'name': 'squirrel3', 'action': 'install', 'id': '5475279', 'version': '::apt', 'url': ' '}]}
08:26:16 INFO  State of operation 21434663 : PENDING
08:26:19 INFO  State of operation 21434663 : EXECUTING
08:26:21 INFO  State of operation 21434663 : EXECUTING
08:26:23 INFO  State of operation 21434663 : EXECUTING
08:26:25 INFO  State of operation 21434663 : EXECUTING
08:26:27 INFO  State of operation 21434663 : EXECUTING
08:26:30 INFO  State of operation 21434663 : EXECUTING
08:26:33 INFO  State of operation 21434663 : EXECUTING
08:26:36 INFO  State of operation 21434663 : EXECUTING
08:26:38 INFO  State of operation 21434663 : EXECUTING
08:26:40 INFO  State of operation 21434663 : EXECUTING
08:26:42 INFO  State of operation 21434663 : EXECUTING
08:26:45 INFO  State of operation 21434663 : EXECUTING
08:26:47 INFO  State of operation 21434663 : EXECUTING
08:26:49 INFO  State of operation 21434663 : EXECUTING
08:26:51 INFO  State of operation 21434663 : SUCCESSFUL
08:26:52 INFO  Assert that (False == value) with value=False ... passed
08:26:52 INFO  Package asciijump is installed
08:26:52 INFO  Assert that (True == value) with value=True ... passed
08:26:52 INFO  Package squirrel3 is installed
08:26:52 INFO  Assert that (True == value) with value=True ... passed
08:26:52 INFO  Package robotfindskitten is installed
08:26:52 INFO  Assert that (True == value) with value=True ... passed
08:26:53 INFO  Response status: 201
08:26:53 INFO  Response to action: {
    &quot;creationTime&quot;: &quot;2022-07-26T08:26:52.956Z&quot;,
    &quot;deviceId&quot;: &quot;21413441&quot;,
    &quot;deviceName&quot;: &quot;m32sd10a&quot;,
    &quot;self&quot;: &quot;https://t493319102.eu-latest.cumulocity.com/devicecontrol/operations/21434678&quot;,
    &quot;id&quot;: &quot;21434678&quot;,
    &quot;status&quot;: &quot;PENDING&quot;,
    &quot;description&quot;: &quot;Apply software changes, triggered from PySys: [{'action': 'delete', 'id': '5475369', 'name': 'asciijump', 'url': ' ', 'version': '::apt'}, {'action': 'delete', 'id': '5474869', 'name': 'robotfindskitten', 'url': ' ', 'version': '::apt'}, {'action': 'delete', 'id': '5475279', 'name': 'squirrel3', 'url': ' ', 'version': '::apt'}]&quot;,
    &quot;c8y_SoftwareUpdate&quot;: [
        {
            &quot;name&quot;: &quot;asciijump&quot;,
            &quot;action&quot;: &quot;delete&quot;,
            &quot;id&quot;: &quot;5475369&quot;,
            &quot;version&quot;: &quot;::apt&quot;,
            &quot;url&quot;: &quot; &quot;
        },
        {
            &quot;name&quot;: &quot;robotfindskitten&quot;,
            &quot;action&quot;: &quot;delete&quot;,
            &quot;id&quot;: &quot;5474869&quot;,
            &quot;version&quot;: &quot;::apt&quot;,
            &quot;url&quot;: &quot; &quot;
        },
        {
            &quot;name&quot;: &quot;squirrel3&quot;,
            &quot;action&quot;: &quot;delete&quot;,
            &quot;id&quot;: &quot;5475279&quot;,
            &quot;version&quot;: &quot;::apt&quot;,
            &quot;url&quot;: &quot; &quot;
        }
    ]
}
08:26:53 INFO  Started operation: {'creationTime': '2022-07-26T08:26:52.956Z', 'deviceId': '21413441', 'deviceName': 'm32sd10a', 'self': 'https://t493319102.eu-latest.cumulocity.com/devicecontrol/operations/21434678', 'id': '21434678', 'status': 'PENDING', 'description': &quot;Apply software changes, triggered from PySys: [{'action': 'delete', 'id': '5475369', 'name': 'asciijump', 'url': ' ', 'version': '::apt'}, {'action': 'delete', 'id': '5474869', 'name': 'robotfindskitten', 'url': ' ', 'version': '::apt'}, {'action': 'delete', 'id': '5475279', 'name': 'squirrel3', 'url': ' ', 'version': '::apt'}]&quot;, 'c8y_SoftwareUpdate': [{'name': 'asciijump', 'action': 'delete', 'id': '5475369', 'version': '::apt', 'url': ' '}, {'name': 'robotfindskitten', 'action': 'delete', 'id': '5474869', 'version': '::apt', 'url': ' '}, {'name': 'squirrel3', 'action': 'delete', 'id': '5475279', 'version': '::apt', 'url': ' '}]}
08:26:55 INFO  State of operation 21434678 : PENDING
08:26:57 INFO  State of operation 21434678 : EXECUTING
08:26:59 INFO  State of operation 21434678 : EXECUTING
08:27:02 INFO  State of operation 21434678 : EXECUTING
08:27:04 INFO  State of operation 21434678 : EXECUTING
08:27:06 INFO  State of operation 21434678 : EXECUTING
08:27:09 INFO  State of operation 21434678 : EXECUTING
08:27:12 INFO  State of operation 21434678 : EXECUTING
08:27:14 INFO  State of operation 21434678 : EXECUTING
08:27:17 INFO  State of operation 21434678 : EXECUTING
08:27:19 INFO  State of operation 21434678 : EXECUTING
08:27:21 INFO  State of operation 21434678 : EXECUTING
08:27:23 INFO  State of operation 21434678 : EXECUTING
08:27:26 INFO  State of operation 21434678 : EXECUTING
08:27:28 INFO  State of operation 21434678 : EXECUTING
08:27:30 INFO  State of operation 21434678 : EXECUTING
08:27:33 INFO  State of operation 21434678 : EXECUTING
08:27:35 INFO  State of operation 21434678 : EXECUTING
08:27:38 INFO  State of operation 21434678 : EXECUTING
08:27:40 INFO  State of operation 21434678 : EXECUTING
08:27:42 INFO  State of operation 21434678 : EXECUTING
08:27:45 INFO  State of operation 21434678 : EXECUTING
08:27:47 INFO  State of operation 21434678 : EXECUTING
08:27:49 INFO  State of operation 21434678 : EXECUTING
08:27:52 INFO  State of operation 21434678 : EXECUTING
08:27:54 INFO  State of operation 21434678 : EXECUTING
08:27:57 INFO  State of operation 21434678 : EXECUTING
08:27:59 INFO  State of operation 21434678 : EXECUTING
08:28:01 INFO  State of operation 21434678 : SUCCESSFUL
08:28:01 INFO  Assert that (False == value) with value=False ... passed
08:28:02 INFO  Assert that (False == value) with value=False ... passed
08:28:02 INFO  Assert that (False == value) with value=False ... passed
08:28:02 INFO  Assert that (False == value) with value=False ... passed
08:28:02 INFO  
08:28:02 INFO  cleanup:
08:28:06 INFO  Executed sudo&lt;tedge_disconnect_c8y&gt;, exit status 0
08:28:07 INFO  Executed systemctl&lt;serv_mapper5&gt;, exit status 3
08:28:07 INFO  
08:28:07 INFO  Test duration: 139.01 secs
08:28:07 INFO  Test final outcome:  FAILED
08:28:07 INFO  Test outcome reason: Assert that (False == value) with value=True (+2 other failures)
08:28:07 INFO  
</system-out>
	</testcase>
</testsuite>
