<?xml version="1.0" encoding="utf-8"?>
<testsuite failures="1" name="SoftwareManagement.sm_fake_install_remove_multiple" skipped="0" tests="1" time="166.02" timestamp="2022-05-24T17:08:54">
	<testcase classname="PySysTest" name="SoftwareManagement.sm_fake_install_remove_multiple">
		<failure message="BLOCKED: SystemError: Timeout while waiting for status FAILED or SUCCESSFUL" type="BLOCKED"/>
		<system-out>17:06:08 INFO  ==============================================================
17:06:08 INFO  Id:    SoftwareManagement.sm_fake_install_remove_multiple
17:06:08 INFO  Dir:   software_management_end_to_end/
17:06:08 INFO  Title: Validate end to end behaviour for the dummy-plugin for multiple packages
17:06:08 INFO  ==============================================================
17:06:08 INFO  Using sw id database: {'asciijump': '5475369', 'robotfindskitten': '5474869', 'squirrel3': '5475279', 'rolldice': '5152439', 'moon-buggy': '5439204', 'apple': '5495053', 'banana': '5494888', 'cherry': '5495382', 'watermelon': '5494510', 'registry': '8018911', 'hello-world': '8021526', 'docker/getting-started': '8021973', 'alpine': '7991792'}
17:06:08 INFO  EnvironmentC8y Setup
17:06:09 INFO  Executed systemctl&lt;serv_mapper1&gt;, exit status 3
17:06:09 INFO  Restarting mosquitto too frequently in the last 10 seconds. It was only up for 5 seconds
17:06:09 INFO  Delaying execution by 6 seconds
17:06:30 INFO  Executed sudo&lt;tedge_connect_c8y&gt;, exit status 0, duration 14 secs
17:06:30 INFO  Executed sudo&lt;tedge_connect_c8y_test&gt;, exit status 0
17:06:31 INFO  Executed systemctl&lt;serv_mosq2&gt;, exit status 0
17:06:31 INFO  Executed systemctl&lt;serv_mapper3&gt;, exit status 0
17:06:33 INFO  State of current operation: PENDING
17:06:36 INFO  State of current operation: PENDING
17:06:38 INFO  State of current operation: PENDING
17:06:40 INFO  State of current operation: PENDING
17:06:42 INFO  State of current operation: PENDING
17:06:44 INFO  State of current operation: PENDING
17:06:47 INFO  State of current operation: PENDING
17:06:49 INFO  State of current operation: PENDING
17:06:51 INFO  State of current operation: PENDING
17:06:53 INFO  State of current operation: PENDING
17:06:56 INFO  State of current operation: PENDING
17:06:58 INFO  State of current operation: PENDING
17:07:00 INFO  State of current operation: PENDING
17:07:02 INFO  State of current operation: PENDING
17:07:05 INFO  State of current operation: PENDING
17:07:07 INFO  State of current operation: PENDING
17:07:09 INFO  State of current operation: PENDING
17:07:11 INFO  State of current operation: PENDING
17:07:13 INFO  State of current operation: PENDING
17:07:16 INFO  State of current operation: PENDING
17:07:18 INFO  State of current operation: PENDING
17:07:20 INFO  State of current operation: PENDING
17:07:22 INFO  State of current operation: PENDING
17:07:25 INFO  State of current operation: PENDING
17:07:27 INFO  State of current operation: PENDING
17:07:29 INFO  State of current operation: PENDING
17:07:31 INFO  State of current operation: PENDING
17:07:34 INFO  State of current operation: PENDING
17:07:36 INFO  State of current operation: PENDING
17:07:38 INFO  State of current operation: PENDING
17:07:40 INFO  State of current operation: PENDING
17:07:43 INFO  State of current operation: PENDING
17:07:45 INFO  State of current operation: PENDING
17:07:47 INFO  State of current operation: PENDING
17:07:49 INFO  State of current operation: PENDING
17:07:51 INFO  State of current operation: PENDING
17:07:54 INFO  State of current operation: PENDING
17:07:56 INFO  State of current operation: PENDING
17:07:58 INFO  State of current operation: PENDING
17:08:00 INFO  State of current operation: PENDING
17:08:03 INFO  State of current operation: PENDING
17:08:05 INFO  State of current operation: PENDING
17:08:07 INFO  State of current operation: PENDING
17:08:09 INFO  State of current operation: PENDING
17:08:12 INFO  State of current operation: PENDING
17:08:14 INFO  State of current operation: PENDING
17:08:16 INFO  State of current operation: PENDING
17:08:18 INFO  State of current operation: PENDING
17:08:21 INFO  State of current operation: PENDING
17:08:23 INFO  State of current operation: PENDING
17:08:25 INFO  State of current operation: PENDING
17:08:27 INFO  State of current operation: PENDING
17:08:29 INFO  State of current operation: PENDING
17:08:32 INFO  State of current operation: PENDING
17:08:34 INFO  State of current operation: PENDING
17:08:36 INFO  State of current operation: PENDING
17:08:38 INFO  State of current operation: PENDING
17:08:41 INFO  State of current operation: PENDING
17:08:43 INFO  State of current operation: PENDING
17:08:45 INFO  State of current operation: PENDING
17:08:47 INFO  State of current operation: PENDING
17:08:49 WARN  SystemError occurred while running test - Timeout while waiting for status FAILED or SUCCESSFUL
Traceback (most recent call last):
  File &quot;/home/pi/env-pysys/lib/python3.7/site-packages/pysys/baserunner.py&quot;, line 1292, in __call__
    self.testObj.setup()
  File &quot;/home/pi/actions-runner/_work/thin-edge.io/thin-edge.io/tests/PySys/software_management_end_to_end/sm_fake_install_remove_multiple/run.py&quot;, line 68, in setup
    super().setup()
  File &quot;/home/pi/actions-runner/_work/thin-edge.io/thin-edge.io/tests/PySys/software_management_end_to_end/environment_sm_management.py&quot;, line 151, in setup
    self.wait_until_end()
  File &quot;/home/pi/actions-runner/_work/thin-edge.io/thin-edge.io/tests/PySys/software_management_end_to_end/environment_sm_management.py&quot;, line 332, in wait_until_end
    self.wait_until_status(&quot;FAILED&quot;, &quot;SUCCESSFUL&quot;)
  File &quot;/home/pi/actions-runner/_work/thin-edge.io/thin-edge.io/tests/PySys/software_management_end_to_end/environment_sm_management.py&quot;, line 381, in wait_until_status
    &quot;Timeout while waiting for status %s or %s&quot; % (status, status2)
SystemError: Timeout while waiting for status FAILED or SUCCESSFUL
17:08:49 WARN  SystemError: Timeout while waiting for status FAILED or SUCCESSFUL ... blocked 
17:08:49 INFO  
17:08:49 INFO  cleanup:
17:08:54 INFO  Executed sudo&lt;tedge_disconnect_c8y&gt;, exit status 0
17:08:54 INFO  Executed systemctl&lt;serv_mapper5&gt;, exit status 3
17:08:54 INFO  
17:08:54 INFO  Test duration: 166.02 secs
17:08:54 INFO  Test final outcome:  BLOCKED
17:08:54 INFO  Test outcome reason: SystemError: Timeout while waiting for status FAILED or SUCCESSFUL
17:08:54 INFO  
</system-out>
	</testcase>
</testsuite>
