<?xml version="1.0" encoding="utf-8"?>
<testsuite failures="0" name="SoftwareManagement.Plugin.apama_plugin_remove" skipped="0" tests="1" time="19.95" timestamp="2022-05-23T09:30:52">
	<testcase classname="ApamaPluginRemoveTest" name="SoftwareManagement.Plugin.apama_plugin_remove"/>
</testsuite>
