<?xml version="1.0" encoding="utf-8"?>
<testsuite failures="1" name="SoftwareManagement.sm_docker_install_remove_multiple" skipped="0" tests="1" time="165.63" timestamp="2022-05-24T17:03:21">
	<testcase classname="SMDockerInstallRemove" name="SoftwareManagement.sm_docker_install_remove_multiple">
		<failure message="BLOCKED: SystemError: Timeout while waiting for status FAILED or SUCCESSFUL" type="BLOCKED"/>
		<system-out>17:00:35 INFO  ==============================================================
17:00:35 INFO  Id:    SoftwareManagement.sm_docker_install_remove_multiple
17:00:35 INFO  Dir:   software_management_end_to_end/
17:00:35 INFO  Title: Validate end to end behaviour for the docker plugin for multiple docker images with mixed versions
17:00:35 INFO  ==============================================================
17:00:35 INFO  Using sw id database: {'asciijump': '5475369', 'robotfindskitten': '5474869', 'squirrel3': '5475279', 'rolldice': '5152439', 'moon-buggy': '5439204', 'apple': '5495053', 'banana': '5494888', 'cherry': '5495382', 'watermelon': '5494510', 'registry': '8018911', 'hello-world': '8021526', 'docker/getting-started': '8021973', 'alpine': '7991792'}
17:00:35 INFO  EnvironmentC8y Setup
17:00:36 INFO  Executed systemctl&lt;serv_mapper1&gt;, exit status 3
17:00:36 INFO  Restarting mosquitto too frequently in the last 10 seconds. It was only up for 5 seconds
17:00:36 INFO  Delaying execution by 6 seconds
17:00:56 INFO  Executed sudo&lt;tedge_connect_c8y&gt;, exit status 0, duration 13 secs
17:00:57 INFO  Executed sudo&lt;tedge_connect_c8y_test&gt;, exit status 0
17:00:57 INFO  Executed systemctl&lt;serv_mosq2&gt;, exit status 0
17:00:58 INFO  Executed systemctl&lt;serv_mapper3&gt;, exit status 0
17:01:00 INFO  State of current operation: PENDING
17:01:02 INFO  State of current operation: PENDING
17:01:04 INFO  State of current operation: PENDING
17:01:06 INFO  State of current operation: PENDING
17:01:09 INFO  State of current operation: PENDING
17:01:11 INFO  State of current operation: PENDING
17:01:13 INFO  State of current operation: PENDING
17:01:15 INFO  State of current operation: PENDING
17:01:18 INFO  State of current operation: PENDING
17:01:20 INFO  State of current operation: PENDING
17:01:22 INFO  State of current operation: PENDING
17:01:24 INFO  State of current operation: PENDING
17:01:27 INFO  State of current operation: PENDING
17:01:29 INFO  State of current operation: PENDING
17:01:31 INFO  State of current operation: PENDING
17:01:33 INFO  State of current operation: PENDING
17:01:35 INFO  State of current operation: PENDING
17:01:38 INFO  State of current operation: PENDING
17:01:40 INFO  State of current operation: PENDING
17:01:42 INFO  State of current operation: PENDING
17:01:45 INFO  State of current operation: PENDING
17:01:47 INFO  State of current operation: PENDING
17:01:49 INFO  State of current operation: PENDING
17:01:51 INFO  State of current operation: PENDING
17:01:53 INFO  State of current operation: PENDING
17:01:56 INFO  State of current operation: PENDING
17:01:58 INFO  State of current operation: PENDING
17:02:00 INFO  State of current operation: PENDING
17:02:02 INFO  State of current operation: PENDING
17:02:05 INFO  State of current operation: PENDING
17:02:07 INFO  State of current operation: PENDING
17:02:09 INFO  State of current operation: PENDING
17:02:11 INFO  State of current operation: PENDING
17:02:14 INFO  State of current operation: PENDING
17:02:16 INFO  State of current operation: PENDING
17:02:18 INFO  State of current operation: PENDING
17:02:20 INFO  State of current operation: PENDING
17:02:22 INFO  State of current operation: PENDING
17:02:25 INFO  State of current operation: PENDING
17:02:27 INFO  State of current operation: PENDING
17:02:29 INFO  State of current operation: PENDING
17:02:31 INFO  State of current operation: PENDING
17:02:34 INFO  State of current operation: PENDING
17:02:36 INFO  State of current operation: PENDING
17:02:38 INFO  State of current operation: PENDING
17:02:40 INFO  State of current operation: PENDING
17:02:43 INFO  State of current operation: PENDING
17:02:45 INFO  State of current operation: PENDING
17:02:47 INFO  State of current operation: PENDING
17:02:49 INFO  State of current operation: PENDING
17:02:51 INFO  State of current operation: PENDING
17:02:54 INFO  State of current operation: PENDING
17:02:56 INFO  State of current operation: PENDING
17:02:58 INFO  State of current operation: PENDING
17:03:00 INFO  State of current operation: PENDING
17:03:03 INFO  State of current operation: PENDING
17:03:05 INFO  State of current operation: PENDING
17:03:07 INFO  State of current operation: PENDING
17:03:09 INFO  State of current operation: PENDING
17:03:12 INFO  State of current operation: PENDING
17:03:14 INFO  State of current operation: PENDING
17:03:16 WARN  SystemError occurred while running test - Timeout while waiting for status FAILED or SUCCESSFUL
Traceback (most recent call last):
  File &quot;/home/pi/env-pysys/lib/python3.7/site-packages/pysys/baserunner.py&quot;, line 1292, in __call__
    self.testObj.setup()
  File &quot;/home/pi/actions-runner/_work/thin-edge.io/thin-edge.io/tests/PySys/software_management_end_to_end/sm_docker_install_remove_multiple/run.py&quot;, line 29, in setup
    super().setup()
  File &quot;/home/pi/actions-runner/_work/thin-edge.io/thin-edge.io/tests/PySys/software_management_end_to_end/environment_sm_management.py&quot;, line 151, in setup
    self.wait_until_end()
  File &quot;/home/pi/actions-runner/_work/thin-edge.io/thin-edge.io/tests/PySys/software_management_end_to_end/environment_sm_management.py&quot;, line 332, in wait_until_end
    self.wait_until_status(&quot;FAILED&quot;, &quot;SUCCESSFUL&quot;)
  File &quot;/home/pi/actions-runner/_work/thin-edge.io/thin-edge.io/tests/PySys/software_management_end_to_end/environment_sm_management.py&quot;, line 381, in wait_until_status
    &quot;Timeout while waiting for status %s or %s&quot; % (status, status2)
SystemError: Timeout while waiting for status FAILED or SUCCESSFUL
17:03:16 WARN  SystemError: Timeout while waiting for status FAILED or SUCCESSFUL ... blocked 
17:03:16 INFO  
17:03:16 INFO  cleanup:
17:03:20 INFO  Executed sudo&lt;tedge_disconnect_c8y&gt;, exit status 0
17:03:21 INFO  Executed systemctl&lt;serv_mapper5&gt;, exit status 3
17:03:21 INFO  
17:03:21 INFO  Test duration: 165.63 secs
17:03:21 INFO  Test final outcome:  BLOCKED
17:03:21 INFO  Test outcome reason: SystemError: Timeout while waiting for status FAILED or SUCCESSFUL
17:03:21 INFO  
</system-out>
	</testcase>
</testsuite>
