<?xml version="1.0" encoding="utf-8"?>
<testsuite failures="1" name="SoftwareManagement.sm_mixed_install_remove_multiple" skipped="0" tests="1" time="167.99" timestamp="2022-07-18T15:22:47">
	<testcase classname="PySysTest" name="SoftwareManagement.sm_mixed_install_remove_multiple">
		<failure message="FAILED: Assert that (False == value) with value=True" type="FAILED"/>
		<system-out>15:19:59 INFO  ==============================================================
15:19:59 INFO  Id:    SoftwareManagement.sm_mixed_install_remove_multiple
15:19:59 INFO  Dir:   software_management_end_to_end/
15:19:59 INFO  Title: Validate end to end behaviour for the dummy-plugin for multiple packages with mixed versions
15:19:59 INFO  ==============================================================
15:19:59 INFO  Using sw id database: {'asciijump': '5475369', 'robotfindskitten': '5474869', 'squirrel3': '5475279', 'rolldice': '5152439', 'moon-buggy': '5439204', 'apple': '5495053', 'banana': '5494888', 'cherry': '5495382', 'watermelon': '5494510', 'registry': '8018911', 'hello-world': '8021526', 'docker/getting-started': '8021973', 'alpine': '7991792'}
15:19:59 INFO  EnvironmentC8y Setup
15:19:59 INFO  Executed systemctl&lt;serv_mapper1&gt;, exit status 3
15:20:00 INFO  Restarting mosquitto too frequently in the last 10 seconds. It was only up for 4 seconds
15:20:00 INFO  Delaying execution by 7 seconds
15:20:21 INFO  Executed sudo&lt;tedge_connect_c8y&gt;, exit status 0, duration 14 secs
15:20:22 INFO  Executed sudo&lt;tedge_connect_c8y_test&gt;, exit status 0
15:20:22 INFO  Executed systemctl&lt;serv_mosq2&gt;, exit status 0
15:20:23 INFO  Executed systemctl&lt;serv_mapper3&gt;, exit status 0
15:20:25 INFO  State of current operation: SUCCESSFUL
15:20:25 INFO  Package apple is installed
15:20:25 INFO  Assert that (True == value) with value=True ... passed
15:20:26 INFO  Package banana is installed
15:20:26 INFO  Assert that (True == value) with value=True ... passed
15:20:26 INFO  Package cherry is installed
15:20:26 INFO  Assert that (True == value) with value=True ... passed
15:20:26 INFO  Package asciijump is installed
15:20:26 WARN  Assert that (False == value) with value=True ... failed 
15:20:26 INFO  Assert that (False == value) with value=False ... passed
15:20:27 INFO  Response status: 201
15:20:27 INFO  Response to action: {
    &quot;creationTime&quot;: &quot;2022-07-18T15:20:26.974Z&quot;,
    &quot;deviceName&quot;: &quot;m32sd10a&quot;,
    &quot;deviceId&quot;: &quot;20973777&quot;,
    &quot;self&quot;: &quot;https://t493319102.eu-latest.cumulocity.com/devicecontrol/operations/21019112&quot;,
    &quot;id&quot;: &quot;21019112&quot;,
    &quot;status&quot;: &quot;PENDING&quot;,
    &quot;description&quot;: &quot;Apply software changes, triggered from PySys: [{'action': 'install', 'id': '5495053', 'name': 'apple', 'url': ' ', 'version': '::fruits'}, {'action': 'install', 'id': '5494888', 'name': 'banana', 'url': ' ', 'version': '::fruits'}, {'action': 'install', 'id': '5475369', 'name': 'asciijump', 'url': ' ', 'version': '::apt'}, {'action': 'install', 'id': '5495382', 'name': 'cherry', 'url': ' ', 'version': '::fruits'}, {'action': 'install', 'id': '8018911', 'name': 'registry', 'url': ' ', 'version': '::docker'}]&quot;,
    &quot;c8y_SoftwareUpdate&quot;: [
        {
            &quot;name&quot;: &quot;apple&quot;,
            &quot;action&quot;: &quot;install&quot;,
            &quot;id&quot;: &quot;5495053&quot;,
            &quot;version&quot;: &quot;::fruits&quot;,
            &quot;url&quot;: &quot; &quot;
        },
        {
            &quot;name&quot;: &quot;banana&quot;,
            &quot;action&quot;: &quot;install&quot;,
            &quot;id&quot;: &quot;5494888&quot;,
            &quot;version&quot;: &quot;::fruits&quot;,
            &quot;url&quot;: &quot; &quot;
        },
        {
            &quot;name&quot;: &quot;asciijump&quot;,
            &quot;action&quot;: &quot;install&quot;,
            &quot;id&quot;: &quot;5475369&quot;,
            &quot;version&quot;: &quot;::apt&quot;,
            &quot;url&quot;: &quot; &quot;
        },
        {
            &quot;name&quot;: &quot;cherry&quot;,
            &quot;action&quot;: &quot;install&quot;,
            &quot;id&quot;: &quot;5495382&quot;,
            &quot;version&quot;: &quot;::fruits&quot;,
            &quot;url&quot;: &quot; &quot;
        },
        {
            &quot;name&quot;: &quot;registry&quot;,
            &quot;action&quot;: &quot;install&quot;,
            &quot;id&quot;: &quot;8018911&quot;,
            &quot;version&quot;: &quot;::docker&quot;,
            &quot;url&quot;: &quot; &quot;
        }
    ]
}
15:20:27 INFO  Started operation: {'creationTime': '2022-07-18T15:20:26.974Z', 'deviceName': 'm32sd10a', 'deviceId': '20973777', 'self': 'https://t493319102.eu-latest.cumulocity.com/devicecontrol/operations/21019112', 'id': '21019112', 'status': 'PENDING', 'description': &quot;Apply software changes, triggered from PySys: [{'action': 'install', 'id': '5495053', 'name': 'apple', 'url': ' ', 'version': '::fruits'}, {'action': 'install', 'id': '5494888', 'name': 'banana', 'url': ' ', 'version': '::fruits'}, {'action': 'install', 'id': '5475369', 'name': 'asciijump', 'url': ' ', 'version': '::apt'}, {'action': 'install', 'id': '5495382', 'name': 'cherry', 'url': ' ', 'version': '::fruits'}, {'action': 'install', 'id': '8018911', 'name': 'registry', 'url': ' ', 'version': '::docker'}]&quot;, 'c8y_SoftwareUpdate': [{'name': 'apple', 'action': 'install', 'id': '5495053', 'version': '::fruits', 'url': ' '}, {'name': 'banana', 'action': 'install', 'id': '5494888', 'version': '::fruits', 'url': ' '}, {'name': 'asciijump', 'action': 'install', 'id': '5475369', 'version': '::apt', 'url': ' '}, {'name': 'cherry', 'action': 'install', 'id': '5495382', 'version': '::fruits', 'url': ' '}, {'name': 'registry', 'action': 'install', 'id': '8018911', 'version': '::docker', 'url': ' '}]}
15:20:29 INFO  State of operation 21019112 : PENDING
15:20:31 INFO  State of operation 21019112 : EXECUTING
15:20:33 INFO  State of operation 21019112 : EXECUTING
15:20:36 INFO  State of operation 21019112 : EXECUTING
15:20:38 INFO  State of operation 21019112 : EXECUTING
15:20:41 INFO  State of operation 21019112 : EXECUTING
15:20:43 INFO  State of operation 21019112 : EXECUTING
15:20:46 INFO  State of operation 21019112 : EXECUTING
15:20:49 INFO  State of operation 21019112 : EXECUTING
15:20:51 INFO  State of operation 21019112 : EXECUTING
15:20:53 INFO  State of operation 21019112 : EXECUTING
15:20:56 INFO  State of operation 21019112 : EXECUTING
15:20:58 INFO  State of operation 21019112 : EXECUTING
15:21:00 INFO  State of operation 21019112 : EXECUTING
15:21:02 INFO  State of operation 21019112 : EXECUTING
15:21:05 INFO  State of operation 21019112 : EXECUTING
15:21:07 INFO  State of operation 21019112 : EXECUTING
15:21:09 INFO  State of operation 21019112 : EXECUTING
15:21:11 INFO  State of operation 21019112 : EXECUTING
15:21:14 INFO  State of operation 21019112 : EXECUTING
15:21:16 INFO  State of operation 21019112 : EXECUTING
15:21:18 INFO  State of operation 21019112 : EXECUTING
15:21:21 INFO  State of operation 21019112 : EXECUTING
15:21:23 INFO  State of operation 21019112 : EXECUTING
15:21:25 INFO  State of operation 21019112 : EXECUTING
15:21:27 INFO  State of operation 21019112 : SUCCESSFUL
15:21:28 INFO  Package apple is installed
15:21:28 INFO  Assert that (True == value) with value=True ... passed
15:21:28 INFO  Package banana is installed
15:21:28 INFO  Assert that (True == value) with value=True ... passed
15:21:28 INFO  Package cherry is installed
15:21:28 INFO  Assert that (True == value) with value=True ... passed
15:21:29 INFO  Package asciijump is installed
15:21:29 INFO  Assert that (True == value) with value=True ... passed
15:21:29 INFO  Package registry is installed
15:21:29 INFO  Assert that (True == value) with value=True ... passed
15:21:29 INFO  Response status: 201
15:21:29 INFO  Response to action: {
    &quot;creationTime&quot;: &quot;2022-07-18T15:21:29.430Z&quot;,
    &quot;deviceName&quot;: &quot;m32sd10a&quot;,
    &quot;deviceId&quot;: &quot;20973777&quot;,
    &quot;self&quot;: &quot;https://t493319102.eu-latest.cumulocity.com/devicecontrol/operations/21019120&quot;,
    &quot;id&quot;: &quot;21019120&quot;,
    &quot;status&quot;: &quot;PENDING&quot;,
    &quot;description&quot;: &quot;Apply software changes, triggered from PySys: [{'action': 'delete', 'id': '5495053', 'name': 'apple', 'url': ' ', 'version': '::fruits'}, {'action': 'delete', 'id': '5494888', 'name': 'banana', 'url': ' ', 'version': '::fruits'}, {'action': 'delete', 'id': '5475369', 'name': 'asciijump', 'url': ' ', 'version': '::apt'}, {'action': 'delete', 'id': '5495382', 'name': 'cherry', 'url': ' ', 'version': '::fruits'}, {'action': 'delete', 'id': '8018911', 'name': 'registry', 'url': ' ', 'version': '::docker'}]&quot;,
    &quot;c8y_SoftwareUpdate&quot;: [
        {
            &quot;name&quot;: &quot;apple&quot;,
            &quot;action&quot;: &quot;delete&quot;,
            &quot;id&quot;: &quot;5495053&quot;,
            &quot;version&quot;: &quot;::fruits&quot;,
            &quot;url&quot;: &quot; &quot;
        },
        {
            &quot;name&quot;: &quot;banana&quot;,
            &quot;action&quot;: &quot;delete&quot;,
            &quot;id&quot;: &quot;5494888&quot;,
            &quot;version&quot;: &quot;::fruits&quot;,
            &quot;url&quot;: &quot; &quot;
        },
        {
            &quot;name&quot;: &quot;asciijump&quot;,
            &quot;action&quot;: &quot;delete&quot;,
            &quot;id&quot;: &quot;5475369&quot;,
            &quot;version&quot;: &quot;::apt&quot;,
            &quot;url&quot;: &quot; &quot;
        },
        {
            &quot;name&quot;: &quot;cherry&quot;,
            &quot;action&quot;: &quot;delete&quot;,
            &quot;id&quot;: &quot;5495382&quot;,
            &quot;version&quot;: &quot;::fruits&quot;,
            &quot;url&quot;: &quot; &quot;
        },
        {
            &quot;name&quot;: &quot;registry&quot;,
            &quot;action&quot;: &quot;delete&quot;,
            &quot;id&quot;: &quot;8018911&quot;,
            &quot;version&quot;: &quot;::docker&quot;,
            &quot;url&quot;: &quot; &quot;
        }
    ]
}
15:21:29 INFO  Started operation: {'creationTime': '2022-07-18T15:21:29.430Z', 'deviceName': 'm32sd10a', 'deviceId': '20973777', 'self': 'https://t493319102.eu-latest.cumulocity.com/devicecontrol/operations/21019120', 'id': '21019120', 'status': 'PENDING', 'description': &quot;Apply software changes, triggered from PySys: [{'action': 'delete', 'id': '5495053', 'name': 'apple', 'url': ' ', 'version': '::fruits'}, {'action': 'delete', 'id': '5494888', 'name': 'banana', 'url': ' ', 'version': '::fruits'}, {'action': 'delete', 'id': '5475369', 'name': 'asciijump', 'url': ' ', 'version': '::apt'}, {'action': 'delete', 'id': '5495382', 'name': 'cherry', 'url': ' ', 'version': '::fruits'}, {'action': 'delete', 'id': '8018911', 'name': 'registry', 'url': ' ', 'version': '::docker'}]&quot;, 'c8y_SoftwareUpdate': [{'name': 'apple', 'action': 'delete', 'id': '5495053', 'version': '::fruits', 'url': ' '}, {'name': 'banana', 'action': 'delete', 'id': '5494888', 'version': '::fruits', 'url': ' '}, {'name': 'asciijump', 'action': 'delete', 'id': '5475369', 'version': '::apt', 'url': ' '}, {'name': 'cherry', 'action': 'delete', 'id': '5495382', 'version': '::fruits', 'url': ' '}, {'name': 'registry', 'action': 'delete', 'id': '8018911', 'version': '::docker', 'url': ' '}]}
15:21:31 INFO  State of operation 21019120 : PENDING
15:21:33 INFO  State of operation 21019120 : EXECUTING
15:21:36 INFO  State of operation 21019120 : EXECUTING
15:21:38 INFO  State of operation 21019120 : EXECUTING
15:21:40 INFO  State of operation 21019120 : EXECUTING
15:21:42 INFO  State of operation 21019120 : EXECUTING
15:21:45 INFO  State of operation 21019120 : EXECUTING
15:21:48 INFO  State of operation 21019120 : EXECUTING
15:21:50 INFO  State of operation 21019120 : EXECUTING
15:21:52 INFO  State of operation 21019120 : EXECUTING
15:21:55 INFO  State of operation 21019120 : EXECUTING
15:21:57 INFO  State of operation 21019120 : EXECUTING
15:21:59 INFO  State of operation 21019120 : EXECUTING
15:22:01 INFO  State of operation 21019120 : EXECUTING
15:22:04 INFO  State of operation 21019120 : EXECUTING
15:22:06 INFO  State of operation 21019120 : EXECUTING
15:22:10 INFO  State of operation 21019120 : EXECUTING
15:22:12 INFO  State of operation 21019120 : EXECUTING
15:22:15 INFO  State of operation 21019120 : EXECUTING
15:22:17 INFO  State of operation 21019120 : EXECUTING
15:22:20 INFO  State of operation 21019120 : EXECUTING
15:22:22 INFO  State of operation 21019120 : EXECUTING
15:22:25 INFO  State of operation 21019120 : EXECUTING
15:22:27 INFO  State of operation 21019120 : EXECUTING
15:22:29 INFO  State of operation 21019120 : EXECUTING
15:22:31 INFO  State of operation 21019120 : EXECUTING
15:22:34 INFO  State of operation 21019120 : EXECUTING
15:22:36 INFO  State of operation 21019120 : EXECUTING
15:22:38 INFO  State of operation 21019120 : EXECUTING
15:22:41 INFO  State of operation 21019120 : SUCCESSFUL
15:22:41 INFO  Package apple is installed
15:22:41 INFO  Assert that (True == value) with value=True ... passed
15:22:41 INFO  Package banana is installed
15:22:41 INFO  Assert that (True == value) with value=True ... passed
15:22:41 INFO  Package cherry is installed
15:22:41 INFO  Assert that (True == value) with value=True ... passed
15:22:42 INFO  Assert that (False == value) with value=False ... passed
15:22:42 INFO  Assert that (False == value) with value=False ... passed
15:22:42 INFO  
15:22:42 INFO  cleanup:
15:22:46 INFO  Executed sudo&lt;tedge_disconnect_c8y&gt;, exit status 0
15:22:47 INFO  Executed systemctl&lt;serv_mapper5&gt;, exit status 3
15:22:47 INFO  
15:22:47 INFO  Test duration: 167.99 secs
15:22:47 INFO  Test final outcome:  FAILED
15:22:47 INFO  Test outcome reason: Assert that (False == value) with value=True
15:22:47 INFO  
</system-out>
	</testcase>
</testsuite>
