<?xml version="1.0" encoding="utf-8"?>
<testsuite failures="1" name="SoftwareManagement.sm_apt_install_remove_default" skipped="0" tests="1" time="165.31" timestamp="2022-05-24T11:58:14">
	<testcase classname="PySysTest" name="SoftwareManagement.sm_apt_install_remove_default">
		<failure message="BLOCKED: SystemError: Timeout while waiting for status FAILED or SUCCESSFUL" type="BLOCKED"/>
		<system-out>11:55:29 INFO  ==============================================================
11:55:29 INFO  Id:    SoftwareManagement.sm_apt_install_remove_default
11:55:29 INFO  Dir:   software_management_end_to_end/
11:55:29 INFO  Title: Validate end to end behaviour for the default plugin for installation and removal of packages
11:55:29 INFO  ==============================================================
11:55:29 INFO  Using sw id database: {'asciijump': '5475369', 'robotfindskitten': '5474869', 'squirrel3': '5475279', 'rolldice': '5152439', 'moon-buggy': '5439204', 'apple': '5495053', 'banana': '5494888', 'cherry': '5495382', 'watermelon': '5494510', 'registry': '8018911', 'hello-world': '8021526', 'docker/getting-started': '8021973', 'alpine': '7991792'}
11:55:29 INFO  EnvironmentC8y Setup
11:55:30 INFO  Executed systemctl&lt;serv_mapper1&gt;, exit status 3
11:55:30 INFO  Restarting mosquitto too frequently in the last 10 seconds. It was only up for 5 seconds
11:55:30 INFO  Delaying execution by 6 seconds
11:55:50 INFO  Executed sudo&lt;tedge_connect_c8y&gt;, exit status 0, duration 13 secs
11:55:50 INFO  Executed sudo&lt;tedge_connect_c8y_test&gt;, exit status 0
11:55:51 INFO  Executed systemctl&lt;serv_mosq2&gt;, exit status 0
11:55:51 INFO  Executed systemctl&lt;serv_mapper3&gt;, exit status 0
11:55:53 INFO  State of current operation: PENDING
11:55:56 INFO  State of current operation: PENDING
11:55:58 INFO  State of current operation: PENDING
11:56:00 INFO  State of current operation: PENDING
11:56:02 INFO  State of current operation: PENDING
11:56:04 INFO  State of current operation: PENDING
11:56:07 INFO  State of current operation: PENDING
11:56:09 INFO  State of current operation: PENDING
11:56:11 INFO  State of current operation: PENDING
11:56:13 INFO  State of current operation: PENDING
11:56:16 INFO  State of current operation: PENDING
11:56:18 INFO  State of current operation: PENDING
11:56:20 INFO  State of current operation: PENDING
11:56:22 INFO  State of current operation: PENDING
11:56:25 INFO  State of current operation: PENDING
11:56:27 INFO  State of current operation: PENDING
11:56:29 INFO  State of current operation: PENDING
11:56:31 INFO  State of current operation: PENDING
11:56:33 INFO  State of current operation: PENDING
11:56:36 INFO  State of current operation: PENDING
11:56:38 INFO  State of current operation: PENDING
11:56:40 INFO  State of current operation: PENDING
11:56:42 INFO  State of current operation: PENDING
11:56:45 INFO  State of current operation: PENDING
11:56:47 INFO  State of current operation: PENDING
11:56:49 INFO  State of current operation: PENDING
11:56:52 INFO  State of current operation: PENDING
11:56:54 INFO  State of current operation: PENDING
11:56:56 INFO  State of current operation: PENDING
11:56:58 INFO  State of current operation: PENDING
11:57:01 INFO  State of current operation: PENDING
11:57:03 INFO  State of current operation: PENDING
11:57:05 INFO  State of current operation: PENDING
11:57:07 INFO  State of current operation: PENDING
11:57:10 INFO  State of current operation: PENDING
11:57:12 INFO  State of current operation: PENDING
11:57:14 INFO  State of current operation: PENDING
11:57:16 INFO  State of current operation: PENDING
11:57:18 INFO  State of current operation: PENDING
11:57:21 INFO  State of current operation: PENDING
11:57:23 INFO  State of current operation: PENDING
11:57:25 INFO  State of current operation: PENDING
11:57:27 INFO  State of current operation: PENDING
11:57:30 INFO  State of current operation: PENDING
11:57:32 INFO  State of current operation: PENDING
11:57:34 INFO  State of current operation: PENDING
11:57:36 INFO  State of current operation: PENDING
11:57:39 INFO  State of current operation: PENDING
11:57:41 INFO  State of current operation: PENDING
11:57:43 INFO  State of current operation: PENDING
11:57:45 INFO  State of current operation: PENDING
11:57:48 INFO  State of current operation: PENDING
11:57:50 INFO  State of current operation: PENDING
11:57:52 INFO  State of current operation: PENDING
11:57:54 INFO  State of current operation: PENDING
11:57:56 INFO  State of current operation: PENDING
11:57:59 INFO  State of current operation: PENDING
11:58:01 INFO  State of current operation: PENDING
11:58:03 INFO  State of current operation: PENDING
11:58:05 INFO  State of current operation: PENDING
11:58:08 INFO  State of current operation: PENDING
11:58:10 WARN  SystemError occurred while running test - Timeout while waiting for status FAILED or SUCCESSFUL
Traceback (most recent call last):
  File &quot;/home/pi/env-pysys/lib/python3.7/site-packages/pysys/baserunner.py&quot;, line 1292, in __call__
    self.testObj.setup()
  File &quot;/home/pi/actions-runner/_work/thin-edge.io/thin-edge.io/tests/PySys/software_management_end_to_end/sm_apt_install_remove_default/run.py&quot;, line 26, in setup
    super().setup()
  File &quot;/home/pi/actions-runner/_work/thin-edge.io/thin-edge.io/tests/PySys/software_management_end_to_end/environment_sm_management.py&quot;, line 151, in setup
    self.wait_until_end()
  File &quot;/home/pi/actions-runner/_work/thin-edge.io/thin-edge.io/tests/PySys/software_management_end_to_end/environment_sm_management.py&quot;, line 332, in wait_until_end
    self.wait_until_status(&quot;FAILED&quot;, &quot;SUCCESSFUL&quot;)
  File &quot;/home/pi/actions-runner/_work/thin-edge.io/thin-edge.io/tests/PySys/software_management_end_to_end/environment_sm_management.py&quot;, line 381, in wait_until_status
    &quot;Timeout while waiting for status %s or %s&quot; % (status, status2)
SystemError: Timeout while waiting for status FAILED or SUCCESSFUL
11:58:10 WARN  SystemError: Timeout while waiting for status FAILED or SUCCESSFUL ... blocked 
11:58:10 INFO  
11:58:10 INFO  cleanup:
11:58:14 INFO  Executed sudo&lt;tedge_disconnect_c8y&gt;, exit status 0
11:58:14 INFO  Executed systemctl&lt;serv_mapper5&gt;, exit status 3
11:58:14 INFO  
11:58:14 INFO  Test duration: 165.31 secs
11:58:14 INFO  Test final outcome:  BLOCKED
11:58:14 INFO  Test outcome reason: SystemError: Timeout while waiting for status FAILED or SUCCESSFUL
11:58:14 INFO  
</system-out>
	</testcase>
</testsuite>
