<?xml version="1.0" encoding="utf-8"?>
<testsuite failures="1" name="SoftwareManagement.sm_apt_install_remove_multiple_mixed" skipped="0" tests="1" time="180.92" timestamp="2022-07-25T09:44:43">
	<testcase classname="PySysTest" name="SoftwareManagement.sm_apt_install_remove_multiple_mixed">
		<failure message="BLOCKED: SystemError: Timeout while waiting for status SUCCESSFUL or False (+1 other failures)" type="BLOCKED"/>
		<system-out>09:41:42 INFO  ==============================================================
09:41:42 INFO  Id:    SoftwareManagement.sm_apt_install_remove_multiple_mixed
09:41:42 INFO  Dir:   software_management_end_to_end/
09:41:42 INFO  Title: Validate end to end behaviour for the apt plugin for multiple packages with mixed versions
09:41:42 INFO  ==============================================================
09:41:42 INFO  Using sw id database: {'asciijump': '5475369', 'robotfindskitten': '5474869', 'squirrel3': '5475279', 'rolldice': '5152439', 'moon-buggy': '5439204', 'apple': '5495053', 'banana': '5494888', 'cherry': '5495382', 'watermelon': '5494510', 'registry': '8018911', 'hello-world': '8021526', 'docker/getting-started': '8021973', 'alpine': '7991792'}
09:41:42 INFO  EnvironmentC8y Setup
09:41:43 INFO  Executed systemctl&lt;serv_mapper1&gt;, exit status 3
09:41:43 INFO  Restarting mosquitto too frequently in the last 10 seconds. It was only up for 4 seconds
09:41:43 INFO  Delaying execution by 7 seconds
09:42:04 INFO  Executed sudo&lt;tedge_connect_c8y&gt;, exit status 0, duration 14 secs
09:42:05 INFO  Executed sudo&lt;tedge_connect_c8y_test&gt;, exit status 0
09:42:06 INFO  Executed systemctl&lt;serv_mosq2&gt;, exit status 0
09:42:06 INFO  Executed systemctl&lt;serv_mapper3&gt;, exit status 0
09:42:08 INFO  State of current operation: SUCCESSFUL
09:42:09 INFO  Assert that (False == value) with value=False ... passed
09:42:09 INFO  Assert that (False == value) with value=False ... passed
09:42:09 INFO  Assert that (False == value) with value=False ... passed
09:42:09 INFO  Assert that (False == value) with value=False ... passed
09:42:10 INFO  Package moon-buggy is installed
09:42:10 WARN  Assert that (False == value) with value=True ... failed 
09:42:11 INFO  Response status: 201
09:42:11 INFO  Response to action: {
    &quot;creationTime&quot;: &quot;2022-07-25T09:42:11.375Z&quot;,
    &quot;deviceId&quot;: &quot;21358819&quot;,
    &quot;deviceName&quot;: &quot;m32sd10a&quot;,
    &quot;self&quot;: &quot;https://t493319102.eu-latest.cumulocity.com/devicecontrol/operations/21368627&quot;,
    &quot;id&quot;: &quot;21368627&quot;,
    &quot;status&quot;: &quot;PENDING&quot;,
    &quot;description&quot;: &quot;Apply software changes, triggered from PySys: [{'action': 'install', 'id': '5475369', 'name': 'asciijump', 'url': ' ', 'version': '::apt'}, {'action': 'install', 'id': '5474869', 'name': 'robotfindskitten', 'url': ' ', 'version': ' '}, {'action': 'install', 'id': '5475279', 'name': 'squirrel3', 'url': ' ', 'version': '3.1-7::apt'}, {'action': 'install', 'id': '5152439', 'name': 'rolldice', 'url': ' ', 'version': '1.16-1+b1'}, {'action': 'install', 'id': '5439204', 'name': 'moon-buggy', 'url': ' ', 'version': '1:1.0.51-12'}, {'action': 'install', 'id': '5475369', 'name': 'asciijump', 'url': ' ', 'version': '::apt'}]&quot;,
    &quot;c8y_SoftwareUpdate&quot;: [
        {
            &quot;name&quot;: &quot;asciijump&quot;,
            &quot;action&quot;: &quot;install&quot;,
            &quot;id&quot;: &quot;5475369&quot;,
            &quot;version&quot;: &quot;::apt&quot;,
            &quot;url&quot;: &quot; &quot;
        },
        {
            &quot;name&quot;: &quot;robotfindskitten&quot;,
            &quot;action&quot;: &quot;install&quot;,
            &quot;id&quot;: &quot;5474869&quot;,
            &quot;version&quot;: &quot; &quot;,
            &quot;url&quot;: &quot; &quot;
        },
        {
            &quot;name&quot;: &quot;squirrel3&quot;,
            &quot;action&quot;: &quot;install&quot;,
            &quot;id&quot;: &quot;5475279&quot;,
            &quot;version&quot;: &quot;3.1-7::apt&quot;,
            &quot;url&quot;: &quot; &quot;
        },
        {
            &quot;name&quot;: &quot;rolldice&quot;,
            &quot;action&quot;: &quot;install&quot;,
            &quot;id&quot;: &quot;5152439&quot;,
            &quot;version&quot;: &quot;1.16-1+b1&quot;,
            &quot;url&quot;: &quot; &quot;
        },
        {
            &quot;name&quot;: &quot;moon-buggy&quot;,
            &quot;action&quot;: &quot;install&quot;,
            &quot;id&quot;: &quot;5439204&quot;,
            &quot;version&quot;: &quot;1:1.0.51-12&quot;,
            &quot;url&quot;: &quot; &quot;
        },
        {
            &quot;name&quot;: &quot;asciijump&quot;,
            &quot;action&quot;: &quot;install&quot;,
            &quot;id&quot;: &quot;5475369&quot;,
            &quot;version&quot;: &quot;::apt&quot;,
            &quot;url&quot;: &quot; &quot;
        }
    ]
}
09:42:11 INFO  Started operation: {'creationTime': '2022-07-25T09:42:11.375Z', 'deviceId': '21358819', 'deviceName': 'm32sd10a', 'self': 'https://t493319102.eu-latest.cumulocity.com/devicecontrol/operations/21368627', 'id': '21368627', 'status': 'PENDING', 'description': &quot;Apply software changes, triggered from PySys: [{'action': 'install', 'id': '5475369', 'name': 'asciijump', 'url': ' ', 'version': '::apt'}, {'action': 'install', 'id': '5474869', 'name': 'robotfindskitten', 'url': ' ', 'version': ' '}, {'action': 'install', 'id': '5475279', 'name': 'squirrel3', 'url': ' ', 'version': '3.1-7::apt'}, {'action': 'install', 'id': '5152439', 'name': 'rolldice', 'url': ' ', 'version': '1.16-1+b1'}, {'action': 'install', 'id': '5439204', 'name': 'moon-buggy', 'url': ' ', 'version': '1:1.0.51-12'}, {'action': 'install', 'id': '5475369', 'name': 'asciijump', 'url': ' ', 'version': '::apt'}]&quot;, 'c8y_SoftwareUpdate': [{'name': 'asciijump', 'action': 'install', 'id': '5475369', 'version': '::apt', 'url': ' '}, {'name': 'robotfindskitten', 'action': 'install', 'id': '5474869', 'version': ' ', 'url': ' '}, {'name': 'squirrel3', 'action': 'install', 'id': '5475279', 'version': '3.1-7::apt', 'url': ' '}, {'name': 'rolldice', 'action': 'install', 'id': '5152439', 'version': '1.16-1+b1', 'url': ' '}, {'name': 'moon-buggy', 'action': 'install', 'id': '5439204', 'version': '1:1.0.51-12', 'url': ' '}, {'name': 'asciijump', 'action': 'install', 'id': '5475369', 'version': '::apt', 'url': ' '}]}
09:42:13 INFO  State of operation 21368627 : PENDING
09:42:15 INFO  State of operation 21368627 : EXECUTING
09:42:18 INFO  State of operation 21368627 : EXECUTING
09:42:20 INFO  State of operation 21368627 : EXECUTING
09:42:22 INFO  State of operation 21368627 : EXECUTING
09:42:24 INFO  State of operation 21368627 : EXECUTING
09:42:27 INFO  State of operation 21368627 : EXECUTING
09:42:30 INFO  State of operation 21368627 : EXECUTING
09:42:32 INFO  State of operation 21368627 : EXECUTING
09:42:35 INFO  State of operation 21368627 : EXECUTING
09:42:37 INFO  State of operation 21368627 : EXECUTING
09:42:39 INFO  State of operation 21368627 : EXECUTING
09:42:42 INFO  State of operation 21368627 : EXECUTING
09:42:44 INFO  State of operation 21368627 : EXECUTING
09:42:46 INFO  State of operation 21368627 : EXECUTING
09:42:49 INFO  State of operation 21368627 : EXECUTING
09:42:51 INFO  State of operation 21368627 : EXECUTING
09:42:54 INFO  State of operation 21368627 : EXECUTING
09:42:56 INFO  State of operation 21368627 : EXECUTING
09:42:59 INFO  State of operation 21368627 : EXECUTING
09:43:01 INFO  State of operation 21368627 : EXECUTING
09:43:04 INFO  State of operation 21368627 : EXECUTING
09:43:06 INFO  State of operation 21368627 : EXECUTING
09:43:09 INFO  State of operation 21368627 : EXECUTING
09:43:11 INFO  State of operation 21368627 : EXECUTING
09:43:14 INFO  State of operation 21368627 : EXECUTING
09:43:16 INFO  State of operation 21368627 : EXECUTING
09:43:19 INFO  State of operation 21368627 : EXECUTING
09:43:21 INFO  State of operation 21368627 : EXECUTING
09:43:23 INFO  State of operation 21368627 : EXECUTING
09:43:26 INFO  State of operation 21368627 : EXECUTING
09:43:28 INFO  State of operation 21368627 : EXECUTING
09:43:30 INFO  State of operation 21368627 : EXECUTING
09:43:32 INFO  State of operation 21368627 : EXECUTING
09:43:35 INFO  State of operation 21368627 : EXECUTING
09:43:37 INFO  State of operation 21368627 : EXECUTING
09:43:39 INFO  State of operation 21368627 : EXECUTING
09:43:42 INFO  State of operation 21368627 : EXECUTING
09:43:44 INFO  State of operation 21368627 : EXECUTING
09:43:47 INFO  State of operation 21368627 : EXECUTING
09:43:49 INFO  State of operation 21368627 : EXECUTING
09:43:51 INFO  State of operation 21368627 : EXECUTING
09:43:54 INFO  State of operation 21368627 : EXECUTING
09:43:56 INFO  State of operation 21368627 : EXECUTING
09:43:58 INFO  State of operation 21368627 : EXECUTING
09:44:00 INFO  State of operation 21368627 : EXECUTING
09:44:03 INFO  State of operation 21368627 : EXECUTING
09:44:06 INFO  State of operation 21368627 : EXECUTING
09:44:08 INFO  State of operation 21368627 : EXECUTING
09:44:10 INFO  State of operation 21368627 : EXECUTING
09:44:12 INFO  State of operation 21368627 : EXECUTING
09:44:15 INFO  State of operation 21368627 : EXECUTING
09:44:17 INFO  State of operation 21368627 : EXECUTING
09:44:20 INFO  State of operation 21368627 : EXECUTING
09:44:22 INFO  State of operation 21368627 : EXECUTING
09:44:25 INFO  State of operation 21368627 : EXECUTING
09:44:27 INFO  State of operation 21368627 : EXECUTING
09:44:29 INFO  State of operation 21368627 : EXECUTING
09:44:31 INFO  State of operation 21368627 : EXECUTING
09:44:34 INFO  State of operation 21368627 : EXECUTING
09:44:36 INFO  State of operation 21368627 : EXECUTING
09:44:38 WARN  SystemError occurred while running test - Timeout while waiting for status SUCCESSFUL or False
Traceback (most recent call last):
  File &quot;/home/pi/env-pysys/lib/python3.7/site-packages/pysys/baserunner.py&quot;, line 1294, in __call__
    self.testObj.execute()
  File &quot;/home/pi/actions-runner/_work/thin-edge.io/thin-edge.io/tests/PySys/software_management_end_to_end/sm_apt_install_remove_multiple_mixed/run.py&quot;, line 89, in execute
    self.wait_until_succcess()
  File &quot;/home/pi/actions-runner/_work/thin-edge.io/thin-edge.io/tests/PySys/software_management_end_to_end/environment_sm_management.py&quot;, line 324, in wait_until_succcess
    self.wait_until_status(&quot;SUCCESSFUL&quot;)
  File &quot;/home/pi/actions-runner/_work/thin-edge.io/thin-edge.io/tests/PySys/software_management_end_to_end/environment_sm_management.py&quot;, line 381, in wait_until_status
    &quot;Timeout while waiting for status %s or %s&quot; % (status, status2)
SystemError: Timeout while waiting for status SUCCESSFUL or False
09:44:38 WARN  SystemError: Timeout while waiting for status SUCCESSFUL or False ... blocked 
09:44:38 INFO  
09:44:38 INFO  cleanup:
09:44:42 INFO  Executed sudo&lt;tedge_disconnect_c8y&gt;, exit status 0
09:44:43 INFO  Executed systemctl&lt;serv_mapper5&gt;, exit status 3
09:44:43 INFO  
09:44:43 INFO  Test duration: 180.92 secs
09:44:43 INFO  Test final outcome:  BLOCKED
09:44:43 INFO  Test outcome reason: SystemError: Timeout while waiting for status SUCCESSFUL or False (+1 other failures)
09:44:43 INFO  
</system-out>
	</testcase>
</testsuite>
