<?xml version="1.0" encoding="utf-8"?>
<testsuite failures="1" name="SoftwareManagement.sm_apt_install_remove_multiple_mixed" skipped="0" tests="1" time="176.82" timestamp="2022-07-19T14:52:48">
	<testcase classname="PySysTest" name="SoftwareManagement.sm_apt_install_remove_multiple_mixed">
		<failure message="BLOCKED: SystemError: Timeout while waiting for status SUCCESSFUL or False (+1 other failures)" type="BLOCKED"/>
		<system-out>14:49:51 INFO  ==============================================================
14:49:51 INFO  Id:    SoftwareManagement.sm_apt_install_remove_multiple_mixed
14:49:51 INFO  Dir:   software_management_end_to_end/
14:49:51 INFO  Title: Validate end to end behaviour for the apt plugin for multiple packages with mixed versions
14:49:51 INFO  ==============================================================
14:49:51 INFO  Using sw id database: {'asciijump': '5475369', 'robotfindskitten': '5474869', 'squirrel3': '5475279', 'rolldice': '5152439', 'moon-buggy': '5439204', 'apple': '5495053', 'banana': '5494888', 'cherry': '5495382', 'watermelon': '5494510', 'registry': '8018911', 'hello-world': '8021526', 'docker/getting-started': '8021973', 'alpine': '7991792'}
14:49:51 INFO  EnvironmentC8y Setup
14:49:52 INFO  Executed systemctl&lt;serv_mapper1&gt;, exit status 3
14:49:52 INFO  Restarting mosquitto too frequently in the last 10 seconds. It was only up for 5 seconds
14:49:52 INFO  Delaying execution by 6 seconds
14:50:12 INFO  Executed sudo&lt;tedge_connect_c8y&gt;, exit status 0, duration 14 secs
14:50:13 INFO  Executed sudo&lt;tedge_connect_c8y_test&gt;, exit status 0
14:50:13 INFO  Executed systemctl&lt;serv_mosq2&gt;, exit status 0
14:50:14 INFO  Executed systemctl&lt;serv_mapper3&gt;, exit status 0
14:50:16 INFO  State of current operation: SUCCESSFUL
14:50:16 INFO  Assert that (False == value) with value=False ... passed
14:50:17 INFO  Assert that (False == value) with value=False ... passed
14:50:17 INFO  Assert that (False == value) with value=False ... passed
14:50:17 INFO  Assert that (False == value) with value=False ... passed
14:50:17 INFO  Package moon-buggy is installed
14:50:17 WARN  Assert that (False == value) with value=True ... failed 
14:50:19 INFO  Response status: 201
14:50:19 INFO  Response to action: {
    &quot;delivery&quot;: {
        &quot;log&quot;: [],
        &quot;time&quot;: &quot;2022-07-19T14:50:19.030Z&quot;,
        &quot;status&quot;: &quot;PENDING&quot;
    },
    &quot;creationTime&quot;: &quot;2022-07-19T14:50:19.011Z&quot;,
    &quot;deviceId&quot;: &quot;21041101&quot;,
    &quot;deviceName&quot;: &quot;m32sd10a&quot;,
    &quot;self&quot;: &quot;https://t493319102.eu-latest.cumulocity.com/devicecontrol/operations/21058135&quot;,
    &quot;id&quot;: &quot;21058135&quot;,
    &quot;status&quot;: &quot;PENDING&quot;,
    &quot;description&quot;: &quot;Apply software changes, triggered from PySys: [{'action': 'install', 'id': '5475369', 'name': 'asciijump', 'url': ' ', 'version': '::apt'}, {'action': 'install', 'id': '5474869', 'name': 'robotfindskitten', 'url': ' ', 'version': ' '}, {'action': 'install', 'id': '5475279', 'name': 'squirrel3', 'url': ' ', 'version': '3.1-7::apt'}, {'action': 'install', 'id': '5152439', 'name': 'rolldice', 'url': ' ', 'version': '1.16-1+b1'}, {'action': 'install', 'id': '5439204', 'name': 'moon-buggy', 'url': ' ', 'version': '1:1.0.51-12'}, {'action': 'install', 'id': '5475369', 'name': 'asciijump', 'url': ' ', 'version': '::apt'}]&quot;,
    &quot;c8y_SoftwareUpdate&quot;: [
        {
            &quot;name&quot;: &quot;asciijump&quot;,
            &quot;action&quot;: &quot;install&quot;,
            &quot;id&quot;: &quot;5475369&quot;,
            &quot;version&quot;: &quot;::apt&quot;,
            &quot;url&quot;: &quot; &quot;
        },
        {
            &quot;name&quot;: &quot;robotfindskitten&quot;,
            &quot;action&quot;: &quot;install&quot;,
            &quot;id&quot;: &quot;5474869&quot;,
            &quot;version&quot;: &quot; &quot;,
            &quot;url&quot;: &quot; &quot;
        },
        {
            &quot;name&quot;: &quot;squirrel3&quot;,
            &quot;action&quot;: &quot;install&quot;,
            &quot;id&quot;: &quot;5475279&quot;,
            &quot;version&quot;: &quot;3.1-7::apt&quot;,
            &quot;url&quot;: &quot; &quot;
        },
        {
            &quot;name&quot;: &quot;rolldice&quot;,
            &quot;action&quot;: &quot;install&quot;,
            &quot;id&quot;: &quot;5152439&quot;,
            &quot;version&quot;: &quot;1.16-1+b1&quot;,
            &quot;url&quot;: &quot; &quot;
        },
        {
            &quot;name&quot;: &quot;moon-buggy&quot;,
            &quot;action&quot;: &quot;install&quot;,
            &quot;id&quot;: &quot;5439204&quot;,
            &quot;version&quot;: &quot;1:1.0.51-12&quot;,
            &quot;url&quot;: &quot; &quot;
        },
        {
            &quot;name&quot;: &quot;asciijump&quot;,
            &quot;action&quot;: &quot;install&quot;,
            &quot;id&quot;: &quot;5475369&quot;,
            &quot;version&quot;: &quot;::apt&quot;,
            &quot;url&quot;: &quot; &quot;
        }
    ]
}
14:50:19 INFO  Started operation: {'delivery': {'log': [], 'time': '2022-07-19T14:50:19.030Z', 'status': 'PENDING'}, 'creationTime': '2022-07-19T14:50:19.011Z', 'deviceId': '21041101', 'deviceName': 'm32sd10a', 'self': 'https://t493319102.eu-latest.cumulocity.com/devicecontrol/operations/21058135', 'id': '21058135', 'status': 'PENDING', 'description': &quot;Apply software changes, triggered from PySys: [{'action': 'install', 'id': '5475369', 'name': 'asciijump', 'url': ' ', 'version': '::apt'}, {'action': 'install', 'id': '5474869', 'name': 'robotfindskitten', 'url': ' ', 'version': ' '}, {'action': 'install', 'id': '5475279', 'name': 'squirrel3', 'url': ' ', 'version': '3.1-7::apt'}, {'action': 'install', 'id': '5152439', 'name': 'rolldice', 'url': ' ', 'version': '1.16-1+b1'}, {'action': 'install', 'id': '5439204', 'name': 'moon-buggy', 'url': ' ', 'version': '1:1.0.51-12'}, {'action': 'install', 'id': '5475369', 'name': 'asciijump', 'url': ' ', 'version': '::apt'}]&quot;, 'c8y_SoftwareUpdate': [{'name': 'asciijump', 'action': 'install', 'id': '5475369', 'version': '::apt', 'url': ' '}, {'name': 'robotfindskitten', 'action': 'install', 'id': '5474869', 'version': ' ', 'url': ' '}, {'name': 'squirrel3', 'action': 'install', 'id': '5475279', 'version': '3.1-7::apt', 'url': ' '}, {'name': 'rolldice', 'action': 'install', 'id': '5152439', 'version': '1.16-1+b1', 'url': ' '}, {'name': 'moon-buggy', 'action': 'install', 'id': '5439204', 'version': '1:1.0.51-12', 'url': ' '}, {'name': 'asciijump', 'action': 'install', 'id': '5475369', 'version': '::apt', 'url': ' '}]}
14:50:21 INFO  State of operation 21058135 : PENDING
14:50:23 INFO  State of operation 21058135 : EXECUTING
14:50:25 INFO  State of operation 21058135 : EXECUTING
14:50:27 INFO  State of operation 21058135 : EXECUTING
14:50:30 INFO  State of operation 21058135 : EXECUTING
14:50:32 INFO  State of operation 21058135 : EXECUTING
14:50:35 INFO  State of operation 21058135 : EXECUTING
14:50:37 INFO  State of operation 21058135 : EXECUTING
14:50:40 INFO  State of operation 21058135 : EXECUTING
14:50:42 INFO  State of operation 21058135 : EXECUTING
14:50:45 INFO  State of operation 21058135 : EXECUTING
14:50:47 INFO  State of operation 21058135 : EXECUTING
14:50:49 INFO  State of operation 21058135 : EXECUTING
14:50:51 INFO  State of operation 21058135 : EXECUTING
14:50:54 INFO  State of operation 21058135 : EXECUTING
14:50:56 INFO  State of operation 21058135 : EXECUTING
14:50:58 INFO  State of operation 21058135 : EXECUTING
14:51:01 INFO  State of operation 21058135 : EXECUTING
14:51:03 INFO  State of operation 21058135 : EXECUTING
14:51:06 INFO  State of operation 21058135 : EXECUTING
14:51:08 INFO  State of operation 21058135 : EXECUTING
14:51:10 INFO  State of operation 21058135 : EXECUTING
14:51:13 INFO  State of operation 21058135 : EXECUTING
14:51:15 INFO  State of operation 21058135 : EXECUTING
14:51:18 INFO  State of operation 21058135 : EXECUTING
14:51:20 INFO  State of operation 21058135 : EXECUTING
14:51:22 INFO  State of operation 21058135 : EXECUTING
14:51:24 INFO  State of operation 21058135 : EXECUTING
14:51:26 INFO  State of operation 21058135 : EXECUTING
14:51:29 INFO  State of operation 21058135 : EXECUTING
14:51:31 INFO  State of operation 21058135 : EXECUTING
14:51:33 INFO  State of operation 21058135 : EXECUTING
14:51:36 INFO  State of operation 21058135 : EXECUTING
14:51:38 INFO  State of operation 21058135 : EXECUTING
14:51:40 INFO  State of operation 21058135 : EXECUTING
14:51:42 INFO  State of operation 21058135 : EXECUTING
14:51:45 INFO  State of operation 21058135 : EXECUTING
14:51:47 INFO  State of operation 21058135 : EXECUTING
14:51:50 INFO  State of operation 21058135 : EXECUTING
14:51:52 INFO  State of operation 21058135 : EXECUTING
14:51:55 INFO  State of operation 21058135 : EXECUTING
14:51:57 INFO  State of operation 21058135 : EXECUTING
14:51:59 INFO  State of operation 21058135 : EXECUTING
14:52:01 INFO  State of operation 21058135 : EXECUTING
14:52:03 INFO  State of operation 21058135 : EXECUTING
14:52:06 INFO  State of operation 21058135 : EXECUTING
14:52:08 INFO  State of operation 21058135 : EXECUTING
14:52:10 INFO  State of operation 21058135 : EXECUTING
14:52:13 INFO  State of operation 21058135 : EXECUTING
14:52:15 INFO  State of operation 21058135 : EXECUTING
14:52:17 INFO  State of operation 21058135 : EXECUTING
14:52:19 INFO  State of operation 21058135 : EXECUTING
14:52:22 INFO  State of operation 21058135 : EXECUTING
14:52:25 INFO  State of operation 21058135 : EXECUTING
14:52:27 INFO  State of operation 21058135 : EXECUTING
14:52:30 INFO  State of operation 21058135 : EXECUTING
14:52:32 INFO  State of operation 21058135 : EXECUTING
14:52:34 INFO  State of operation 21058135 : EXECUTING
14:52:36 INFO  State of operation 21058135 : EXECUTING
14:52:39 INFO  State of operation 21058135 : EXECUTING
14:52:41 INFO  State of operation 21058135 : EXECUTING
14:52:43 WARN  SystemError occurred while running test - Timeout while waiting for status SUCCESSFUL or False
Traceback (most recent call last):
  File &quot;/home/pi/env-pysys/lib/python3.7/site-packages/pysys/baserunner.py&quot;, line 1294, in __call__
    self.testObj.execute()
  File &quot;/home/pi/actions-runner/_work/thin-edge.io/thin-edge.io/tests/PySys/software_management_end_to_end/sm_apt_install_remove_multiple_mixed/run.py&quot;, line 89, in execute
    self.wait_until_succcess()
  File &quot;/home/pi/actions-runner/_work/thin-edge.io/thin-edge.io/tests/PySys/software_management_end_to_end/environment_sm_management.py&quot;, line 324, in wait_until_succcess
    self.wait_until_status(&quot;SUCCESSFUL&quot;)
  File &quot;/home/pi/actions-runner/_work/thin-edge.io/thin-edge.io/tests/PySys/software_management_end_to_end/environment_sm_management.py&quot;, line 381, in wait_until_status
    &quot;Timeout while waiting for status %s or %s&quot; % (status, status2)
SystemError: Timeout while waiting for status SUCCESSFUL or False
14:52:43 WARN  SystemError: Timeout while waiting for status SUCCESSFUL or False ... blocked 
14:52:43 INFO  
14:52:43 INFO  cleanup:
14:52:47 INFO  Executed sudo&lt;tedge_disconnect_c8y&gt;, exit status 0
14:52:48 INFO  Executed systemctl&lt;serv_mapper5&gt;, exit status 3
14:52:48 INFO  
14:52:48 INFO  Test duration: 176.82 secs
14:52:48 INFO  Test final outcome:  BLOCKED
14:52:48 INFO  Test outcome reason: SystemError: Timeout while waiting for status SUCCESSFUL or False (+1 other failures)
14:52:48 INFO  
</system-out>
	</testcase>
</testsuite>
