<?xml version="1.0" encoding="utf-8"?>
<testsuite failures="1" name="SoftwareManagement.sm_apt_install_remove_multiple" skipped="0" tests="1" time="139.11" timestamp="2022-06-10T14:12:20">
	<testcase classname="PySysTest" name="SoftwareManagement.sm_apt_install_remove_multiple">
		<failure message="FAILED: Assert that (False == value) with value=True (+2 other failures)" type="FAILED"/>
		<system-out>14:10:01 INFO  ==============================================================
14:10:01 INFO  Id:    SoftwareManagement.sm_apt_install_remove_multiple
14:10:01 INFO  Dir:   software_management_end_to_end/
14:10:01 INFO  Title: Validate end to end behaviour for the apt plugin for multiple packages
14:10:01 INFO  ==============================================================
14:10:01 INFO  Using sw id database: {'asciijump': '5475369', 'robotfindskitten': '5474869', 'squirrel3': '5475279', 'rolldice': '5152439', 'moon-buggy': '5439204', 'apple': '5495053', 'banana': '5494888', 'cherry': '5495382', 'watermelon': '5494510', 'registry': '8018911', 'hello-world': '8021526', 'docker/getting-started': '8021973', 'alpine': '7991792'}
14:10:01 INFO  EnvironmentC8y Setup
14:10:02 INFO  Executed systemctl&lt;serv_mapper1&gt;, exit status 3
14:10:02 INFO  Restarting mosquitto too frequently in the last 10 seconds. It was only up for 4 seconds
14:10:02 INFO  Delaying execution by 7 seconds
14:10:23 INFO  Executed sudo&lt;tedge_connect_c8y&gt;, exit status 0, duration 13 secs
14:10:24 INFO  Executed sudo&lt;tedge_connect_c8y_test&gt;, exit status 0
14:10:24 INFO  Executed systemctl&lt;serv_mosq2&gt;, exit status 0
14:10:25 INFO  Executed systemctl&lt;serv_mapper3&gt;, exit status 0
14:10:27 INFO  State of current operation: SUCCESSFUL
14:10:27 INFO  Assert that (False == value) with value=False ... passed
14:10:27 INFO  Package asciijump is installed
14:10:28 WARN  Assert that (False == value) with value=True ... failed 
14:10:28 INFO  Package squirrel3 is installed
14:10:28 WARN  Assert that (False == value) with value=True ... failed 
14:10:28 INFO  Package robotfindskitten is installed
14:10:28 WARN  Assert that (False == value) with value=True ... failed 
14:10:28 INFO  Response status: 201
14:10:28 INFO  Response to action: {
    &quot;creationTime&quot;: &quot;2022-06-10T14:10:28.781Z&quot;,
    &quot;deviceId&quot;: &quot;20120684&quot;,
    &quot;deviceName&quot;: &quot;m32sd10a&quot;,
    &quot;self&quot;: &quot;https://t493319102.eu-latest.cumulocity.com/devicecontrol/operations/20136815&quot;,
    &quot;id&quot;: &quot;20136815&quot;,
    &quot;status&quot;: &quot;PENDING&quot;,
    &quot;description&quot;: &quot;Apply software changes, triggered from PySys: [{'action': 'install', 'id': '5475369', 'name': 'asciijump', 'url': ' ', 'version': '::apt'}, {'action': 'install', 'id': '5474869', 'name': 'robotfindskitten', 'url': ' ', 'version': '::apt'}, {'action': 'install', 'id': '5475279', 'name': 'squirrel3', 'url': ' ', 'version': '::apt'}]&quot;,
    &quot;c8y_SoftwareUpdate&quot;: [
        {
            &quot;name&quot;: &quot;asciijump&quot;,
            &quot;action&quot;: &quot;install&quot;,
            &quot;id&quot;: &quot;5475369&quot;,
            &quot;version&quot;: &quot;::apt&quot;,
            &quot;url&quot;: &quot; &quot;
        },
        {
            &quot;name&quot;: &quot;robotfindskitten&quot;,
            &quot;action&quot;: &quot;install&quot;,
            &quot;id&quot;: &quot;5474869&quot;,
            &quot;version&quot;: &quot;::apt&quot;,
            &quot;url&quot;: &quot; &quot;
        },
        {
            &quot;name&quot;: &quot;squirrel3&quot;,
            &quot;action&quot;: &quot;install&quot;,
            &quot;id&quot;: &quot;5475279&quot;,
            &quot;version&quot;: &quot;::apt&quot;,
            &quot;url&quot;: &quot; &quot;
        }
    ]
}
14:10:28 INFO  Started operation: {'creationTime': '2022-06-10T14:10:28.781Z', 'deviceId': '20120684', 'deviceName': 'm32sd10a', 'self': 'https://t493319102.eu-latest.cumulocity.com/devicecontrol/operations/20136815', 'id': '20136815', 'status': 'PENDING', 'description': &quot;Apply software changes, triggered from PySys: [{'action': 'install', 'id': '5475369', 'name': 'asciijump', 'url': ' ', 'version': '::apt'}, {'action': 'install', 'id': '5474869', 'name': 'robotfindskitten', 'url': ' ', 'version': '::apt'}, {'action': 'install', 'id': '5475279', 'name': 'squirrel3', 'url': ' ', 'version': '::apt'}]&quot;, 'c8y_SoftwareUpdate': [{'name': 'asciijump', 'action': 'install', 'id': '5475369', 'version': '::apt', 'url': ' '}, {'name': 'robotfindskitten', 'action': 'install', 'id': '5474869', 'version': '::apt', 'url': ' '}, {'name': 'squirrel3', 'action': 'install', 'id': '5475279', 'version': '::apt', 'url': ' '}]}
14:10:31 INFO  State of operation 20136815 : PENDING
14:10:33 INFO  State of operation 20136815 : EXECUTING
14:10:35 INFO  State of operation 20136815 : EXECUTING
14:10:37 INFO  State of operation 20136815 : EXECUTING
14:10:39 INFO  State of operation 20136815 : EXECUTING
14:10:42 INFO  State of operation 20136815 : EXECUTING
14:10:44 INFO  State of operation 20136815 : EXECUTING
14:10:47 INFO  State of operation 20136815 : EXECUTING
14:10:49 INFO  State of operation 20136815 : EXECUTING
14:10:52 INFO  State of operation 20136815 : EXECUTING
14:10:54 INFO  State of operation 20136815 : EXECUTING
14:10:56 INFO  State of operation 20136815 : EXECUTING
14:10:58 INFO  State of operation 20136815 : EXECUTING
14:11:01 INFO  State of operation 20136815 : EXECUTING
14:11:03 INFO  State of operation 20136815 : EXECUTING
14:11:05 INFO  State of operation 20136815 : SUCCESSFUL
14:11:05 INFO  Assert that (False == value) with value=False ... passed
14:11:06 INFO  Package asciijump is installed
14:11:06 INFO  Assert that (True == value) with value=True ... passed
14:11:06 INFO  Package squirrel3 is installed
14:11:06 INFO  Assert that (True == value) with value=True ... passed
14:11:06 INFO  Package robotfindskitten is installed
14:11:06 INFO  Assert that (True == value) with value=True ... passed
14:11:06 INFO  Response status: 201
14:11:06 INFO  Response to action: {
    &quot;creationTime&quot;: &quot;2022-06-10T14:11:06.778Z&quot;,
    &quot;deviceId&quot;: &quot;20120684&quot;,
    &quot;deviceName&quot;: &quot;m32sd10a&quot;,
    &quot;self&quot;: &quot;https://t493319102.eu-latest.cumulocity.com/devicecontrol/operations/20136835&quot;,
    &quot;id&quot;: &quot;20136835&quot;,
    &quot;status&quot;: &quot;PENDING&quot;,
    &quot;description&quot;: &quot;Apply software changes, triggered from PySys: [{'action': 'delete', 'id': '5475369', 'name': 'asciijump', 'url': ' ', 'version': '::apt'}, {'action': 'delete', 'id': '5474869', 'name': 'robotfindskitten', 'url': ' ', 'version': '::apt'}, {'action': 'delete', 'id': '5475279', 'name': 'squirrel3', 'url': ' ', 'version': '::apt'}]&quot;,
    &quot;c8y_SoftwareUpdate&quot;: [
        {
            &quot;name&quot;: &quot;asciijump&quot;,
            &quot;action&quot;: &quot;delete&quot;,
            &quot;id&quot;: &quot;5475369&quot;,
            &quot;version&quot;: &quot;::apt&quot;,
            &quot;url&quot;: &quot; &quot;
        },
        {
            &quot;name&quot;: &quot;robotfindskitten&quot;,
            &quot;action&quot;: &quot;delete&quot;,
            &quot;id&quot;: &quot;5474869&quot;,
            &quot;version&quot;: &quot;::apt&quot;,
            &quot;url&quot;: &quot; &quot;
        },
        {
            &quot;name&quot;: &quot;squirrel3&quot;,
            &quot;action&quot;: &quot;delete&quot;,
            &quot;id&quot;: &quot;5475279&quot;,
            &quot;version&quot;: &quot;::apt&quot;,
            &quot;url&quot;: &quot; &quot;
        }
    ]
}
14:11:06 INFO  Started operation: {'creationTime': '2022-06-10T14:11:06.778Z', 'deviceId': '20120684', 'deviceName': 'm32sd10a', 'self': 'https://t493319102.eu-latest.cumulocity.com/devicecontrol/operations/20136835', 'id': '20136835', 'status': 'PENDING', 'description': &quot;Apply software changes, triggered from PySys: [{'action': 'delete', 'id': '5475369', 'name': 'asciijump', 'url': ' ', 'version': '::apt'}, {'action': 'delete', 'id': '5474869', 'name': 'robotfindskitten', 'url': ' ', 'version': '::apt'}, {'action': 'delete', 'id': '5475279', 'name': 'squirrel3', 'url': ' ', 'version': '::apt'}]&quot;, 'c8y_SoftwareUpdate': [{'name': 'asciijump', 'action': 'delete', 'id': '5475369', 'version': '::apt', 'url': ' '}, {'name': 'robotfindskitten', 'action': 'delete', 'id': '5474869', 'version': '::apt', 'url': ' '}, {'name': 'squirrel3', 'action': 'delete', 'id': '5475279', 'version': '::apt', 'url': ' '}]}
14:11:09 INFO  State of operation 20136835 : PENDING
14:11:11 INFO  State of operation 20136835 : EXECUTING
14:11:13 INFO  State of operation 20136835 : EXECUTING
14:11:15 INFO  State of operation 20136835 : EXECUTING
14:11:17 INFO  State of operation 20136835 : EXECUTING
14:11:20 INFO  State of operation 20136835 : EXECUTING
14:11:22 INFO  State of operation 20136835 : EXECUTING
14:11:25 INFO  State of operation 20136835 : EXECUTING
14:11:27 INFO  State of operation 20136835 : EXECUTING
14:11:30 INFO  State of operation 20136835 : EXECUTING
14:11:32 INFO  State of operation 20136835 : EXECUTING
14:11:34 INFO  State of operation 20136835 : EXECUTING
14:11:36 INFO  State of operation 20136835 : EXECUTING
14:11:39 INFO  State of operation 20136835 : EXECUTING
14:11:41 INFO  State of operation 20136835 : EXECUTING
14:11:43 INFO  State of operation 20136835 : EXECUTING
14:11:46 INFO  State of operation 20136835 : EXECUTING
14:11:48 INFO  State of operation 20136835 : EXECUTING
14:11:51 INFO  State of operation 20136835 : EXECUTING
14:11:54 INFO  State of operation 20136835 : EXECUTING
14:11:56 INFO  State of operation 20136835 : EXECUTING
14:11:58 INFO  State of operation 20136835 : EXECUTING
14:12:01 INFO  State of operation 20136835 : EXECUTING
14:12:03 INFO  State of operation 20136835 : EXECUTING
14:12:05 INFO  State of operation 20136835 : EXECUTING
14:12:08 INFO  State of operation 20136835 : EXECUTING
14:12:10 INFO  State of operation 20136835 : EXECUTING
14:12:13 INFO  State of operation 20136835 : EXECUTING
14:12:15 INFO  State of operation 20136835 : SUCCESSFUL
14:12:15 INFO  Assert that (False == value) with value=False ... passed
14:12:15 INFO  Assert that (False == value) with value=False ... passed
14:12:16 INFO  Assert that (False == value) with value=False ... passed
14:12:16 INFO  Assert that (False == value) with value=False ... passed
14:12:16 INFO  
14:12:16 INFO  cleanup:
14:12:20 INFO  Executed sudo&lt;tedge_disconnect_c8y&gt;, exit status 0
14:12:20 INFO  Executed systemctl&lt;serv_mapper5&gt;, exit status 3
14:12:20 INFO  
14:12:20 INFO  Test duration: 139.11 secs
14:12:20 INFO  Test final outcome:  FAILED
14:12:20 INFO  Test outcome reason: Assert that (False == value) with value=True (+2 other failures)
14:12:20 INFO  
</system-out>
	</testcase>
</testsuite>
