<?xml version="1.0" encoding="utf-8"?>
<testsuite failures="1" name="SoftwareManagement.sm_apt_install_remove_multiple" skipped="0" tests="1" time="140.76" timestamp="2022-07-18T17:01:21">
	<testcase classname="PySysTest" name="SoftwareManagement.sm_apt_install_remove_multiple">
		<failure message="FAILED: Assert that (False == value) with value=True (+2 other failures)" type="FAILED"/>
		<system-out>16:59:00 INFO  ==============================================================
16:59:00 INFO  Id:    SoftwareManagement.sm_apt_install_remove_multiple
16:59:00 INFO  Dir:   software_management_end_to_end/
16:59:00 INFO  Title: Validate end to end behaviour for the apt plugin for multiple packages
16:59:00 INFO  ==============================================================
16:59:00 INFO  Using sw id database: {'asciijump': '5475369', 'robotfindskitten': '5474869', 'squirrel3': '5475279', 'rolldice': '5152439', 'moon-buggy': '5439204', 'apple': '5495053', 'banana': '5494888', 'cherry': '5495382', 'watermelon': '5494510', 'registry': '8018911', 'hello-world': '8021526', 'docker/getting-started': '8021973', 'alpine': '7991792'}
16:59:00 INFO  EnvironmentC8y Setup
16:59:01 INFO  Executed systemctl&lt;serv_mapper1&gt;, exit status 3
16:59:01 INFO  Restarting mosquitto too frequently in the last 10 seconds. It was only up for 4 seconds
16:59:01 INFO  Delaying execution by 7 seconds
16:59:22 INFO  Executed sudo&lt;tedge_connect_c8y&gt;, exit status 0, duration 14 secs
16:59:23 INFO  Executed sudo&lt;tedge_connect_c8y_test&gt;, exit status 0
16:59:23 INFO  Executed systemctl&lt;serv_mosq2&gt;, exit status 0
16:59:24 INFO  Executed systemctl&lt;serv_mapper3&gt;, exit status 0
16:59:26 INFO  State of current operation: SUCCESSFUL
16:59:26 INFO  Assert that (False == value) with value=False ... passed
16:59:26 INFO  Package asciijump is installed
16:59:27 WARN  Assert that (False == value) with value=True ... failed 
16:59:27 INFO  Package squirrel3 is installed
16:59:27 WARN  Assert that (False == value) with value=True ... failed 
16:59:27 INFO  Package robotfindskitten is installed
16:59:27 WARN  Assert that (False == value) with value=True ... failed 
16:59:28 INFO  Response status: 201
16:59:28 INFO  Response to action: {
    &quot;creationTime&quot;: &quot;2022-07-18T16:59:28.063Z&quot;,
    &quot;deviceName&quot;: &quot;m32sd10a&quot;,
    &quot;deviceId&quot;: &quot;21017270&quot;,
    &quot;self&quot;: &quot;https://t493319102.eu-latest.cumulocity.com/devicecontrol/operations/21027618&quot;,
    &quot;id&quot;: &quot;21027618&quot;,
    &quot;status&quot;: &quot;PENDING&quot;,
    &quot;description&quot;: &quot;Apply software changes, triggered from PySys: [{'action': 'install', 'id': '5475369', 'name': 'asciijump', 'url': ' ', 'version': '::apt'}, {'action': 'install', 'id': '5474869', 'name': 'robotfindskitten', 'url': ' ', 'version': '::apt'}, {'action': 'install', 'id': '5475279', 'name': 'squirrel3', 'url': ' ', 'version': '::apt'}]&quot;,
    &quot;c8y_SoftwareUpdate&quot;: [
        {
            &quot;name&quot;: &quot;asciijump&quot;,
            &quot;action&quot;: &quot;install&quot;,
            &quot;id&quot;: &quot;5475369&quot;,
            &quot;version&quot;: &quot;::apt&quot;,
            &quot;url&quot;: &quot; &quot;
        },
        {
            &quot;name&quot;: &quot;robotfindskitten&quot;,
            &quot;action&quot;: &quot;install&quot;,
            &quot;id&quot;: &quot;5474869&quot;,
            &quot;version&quot;: &quot;::apt&quot;,
            &quot;url&quot;: &quot; &quot;
        },
        {
            &quot;name&quot;: &quot;squirrel3&quot;,
            &quot;action&quot;: &quot;install&quot;,
            &quot;id&quot;: &quot;5475279&quot;,
            &quot;version&quot;: &quot;::apt&quot;,
            &quot;url&quot;: &quot; &quot;
        }
    ]
}
16:59:28 INFO  Started operation: {'creationTime': '2022-07-18T16:59:28.063Z', 'deviceName': 'm32sd10a', 'deviceId': '21017270', 'self': 'https://t493319102.eu-latest.cumulocity.com/devicecontrol/operations/21027618', 'id': '21027618', 'status': 'PENDING', 'description': &quot;Apply software changes, triggered from PySys: [{'action': 'install', 'id': '5475369', 'name': 'asciijump', 'url': ' ', 'version': '::apt'}, {'action': 'install', 'id': '5474869', 'name': 'robotfindskitten', 'url': ' ', 'version': '::apt'}, {'action': 'install', 'id': '5475279', 'name': 'squirrel3', 'url': ' ', 'version': '::apt'}]&quot;, 'c8y_SoftwareUpdate': [{'name': 'asciijump', 'action': 'install', 'id': '5475369', 'version': '::apt', 'url': ' '}, {'name': 'robotfindskitten', 'action': 'install', 'id': '5474869', 'version': '::apt', 'url': ' '}, {'name': 'squirrel3', 'action': 'install', 'id': '5475279', 'version': '::apt', 'url': ' '}]}
16:59:30 INFO  State of operation 21027618 : PENDING
16:59:32 INFO  State of operation 21027618 : EXECUTING
16:59:34 INFO  State of operation 21027618 : EXECUTING
16:59:36 INFO  State of operation 21027618 : EXECUTING
16:59:39 INFO  State of operation 21027618 : EXECUTING
16:59:41 INFO  State of operation 21027618 : EXECUTING
16:59:44 INFO  State of operation 21027618 : EXECUTING
16:59:46 INFO  State of operation 21027618 : EXECUTING
16:59:49 INFO  State of operation 21027618 : EXECUTING
16:59:51 INFO  State of operation 21027618 : EXECUTING
16:59:54 INFO  State of operation 21027618 : EXECUTING
16:59:56 INFO  State of operation 21027618 : EXECUTING
16:59:58 INFO  State of operation 21027618 : EXECUTING
17:00:00 INFO  State of operation 21027618 : EXECUTING
17:00:03 INFO  State of operation 21027618 : EXECUTING
17:00:06 INFO  State of operation 21027618 : SUCCESSFUL
17:00:06 INFO  Assert that (False == value) with value=False ... passed
17:00:06 INFO  Package asciijump is installed
17:00:06 INFO  Assert that (True == value) with value=True ... passed
17:00:06 INFO  Package squirrel3 is installed
17:00:06 INFO  Assert that (True == value) with value=True ... passed
17:00:06 INFO  Package robotfindskitten is installed
17:00:06 INFO  Assert that (True == value) with value=True ... passed
17:00:07 INFO  Response status: 201
17:00:07 INFO  Response to action: {
    &quot;creationTime&quot;: &quot;2022-07-18T17:00:07.110Z&quot;,
    &quot;deviceName&quot;: &quot;m32sd10a&quot;,
    &quot;deviceId&quot;: &quot;21017270&quot;,
    &quot;self&quot;: &quot;https://t493319102.eu-latest.cumulocity.com/devicecontrol/operations/21027626&quot;,
    &quot;id&quot;: &quot;21027626&quot;,
    &quot;status&quot;: &quot;PENDING&quot;,
    &quot;description&quot;: &quot;Apply software changes, triggered from PySys: [{'action': 'delete', 'id': '5475369', 'name': 'asciijump', 'url': ' ', 'version': '::apt'}, {'action': 'delete', 'id': '5474869', 'name': 'robotfindskitten', 'url': ' ', 'version': '::apt'}, {'action': 'delete', 'id': '5475279', 'name': 'squirrel3', 'url': ' ', 'version': '::apt'}]&quot;,
    &quot;c8y_SoftwareUpdate&quot;: [
        {
            &quot;name&quot;: &quot;asciijump&quot;,
            &quot;action&quot;: &quot;delete&quot;,
            &quot;id&quot;: &quot;5475369&quot;,
            &quot;version&quot;: &quot;::apt&quot;,
            &quot;url&quot;: &quot; &quot;
        },
        {
            &quot;name&quot;: &quot;robotfindskitten&quot;,
            &quot;action&quot;: &quot;delete&quot;,
            &quot;id&quot;: &quot;5474869&quot;,
            &quot;version&quot;: &quot;::apt&quot;,
            &quot;url&quot;: &quot; &quot;
        },
        {
            &quot;name&quot;: &quot;squirrel3&quot;,
            &quot;action&quot;: &quot;delete&quot;,
            &quot;id&quot;: &quot;5475279&quot;,
            &quot;version&quot;: &quot;::apt&quot;,
            &quot;url&quot;: &quot; &quot;
        }
    ]
}
17:00:07 INFO  Started operation: {'creationTime': '2022-07-18T17:00:07.110Z', 'deviceName': 'm32sd10a', 'deviceId': '21017270', 'self': 'https://t493319102.eu-latest.cumulocity.com/devicecontrol/operations/21027626', 'id': '21027626', 'status': 'PENDING', 'description': &quot;Apply software changes, triggered from PySys: [{'action': 'delete', 'id': '5475369', 'name': 'asciijump', 'url': ' ', 'version': '::apt'}, {'action': 'delete', 'id': '5474869', 'name': 'robotfindskitten', 'url': ' ', 'version': '::apt'}, {'action': 'delete', 'id': '5475279', 'name': 'squirrel3', 'url': ' ', 'version': '::apt'}]&quot;, 'c8y_SoftwareUpdate': [{'name': 'asciijump', 'action': 'delete', 'id': '5475369', 'version': '::apt', 'url': ' '}, {'name': 'robotfindskitten', 'action': 'delete', 'id': '5474869', 'version': '::apt', 'url': ' '}, {'name': 'squirrel3', 'action': 'delete', 'id': '5475279', 'version': '::apt', 'url': ' '}]}
17:00:09 INFO  State of operation 21027626 : PENDING
17:00:11 INFO  State of operation 21027626 : EXECUTING
17:00:13 INFO  State of operation 21027626 : EXECUTING
17:00:16 INFO  State of operation 21027626 : EXECUTING
17:00:18 INFO  State of operation 21027626 : EXECUTING
17:00:20 INFO  State of operation 21027626 : EXECUTING
17:00:23 INFO  State of operation 21027626 : EXECUTING
17:00:26 INFO  State of operation 21027626 : EXECUTING
17:00:28 INFO  State of operation 21027626 : EXECUTING
17:00:31 INFO  State of operation 21027626 : EXECUTING
17:00:33 INFO  State of operation 21027626 : EXECUTING
17:00:35 INFO  State of operation 21027626 : EXECUTING
17:00:37 INFO  State of operation 21027626 : EXECUTING
17:00:40 INFO  State of operation 21027626 : EXECUTING
17:00:42 INFO  State of operation 21027626 : EXECUTING
17:00:44 INFO  State of operation 21027626 : EXECUTING
17:00:46 INFO  State of operation 21027626 : EXECUTING
17:00:49 INFO  State of operation 21027626 : EXECUTING
17:00:52 INFO  State of operation 21027626 : EXECUTING
17:00:54 INFO  State of operation 21027626 : EXECUTING
17:00:56 INFO  State of operation 21027626 : EXECUTING
17:00:58 INFO  State of operation 21027626 : EXECUTING
17:01:01 INFO  State of operation 21027626 : EXECUTING
17:01:03 INFO  State of operation 21027626 : EXECUTING
17:01:06 INFO  State of operation 21027626 : EXECUTING
17:01:08 INFO  State of operation 21027626 : EXECUTING
17:01:11 INFO  State of operation 21027626 : EXECUTING
17:01:13 INFO  State of operation 21027626 : EXECUTING
17:01:15 INFO  State of operation 21027626 : SUCCESSFUL
17:01:15 INFO  Assert that (False == value) with value=False ... passed
17:01:16 INFO  Assert that (False == value) with value=False ... passed
17:01:16 INFO  Assert that (False == value) with value=False ... passed
17:01:16 INFO  Assert that (False == value) with value=False ... passed
17:01:16 INFO  
17:01:16 INFO  cleanup:
17:01:20 INFO  Executed sudo&lt;tedge_disconnect_c8y&gt;, exit status 0
17:01:21 INFO  Executed systemctl&lt;serv_mapper5&gt;, exit status 3
17:01:21 INFO  
17:01:21 INFO  Test duration: 140.76 secs
17:01:21 INFO  Test final outcome:  FAILED
17:01:21 INFO  Test outcome reason: Assert that (False == value) with value=True (+2 other failures)
17:01:21 INFO  
</system-out>
	</testcase>
</testsuite>
