<?xml version="1.0" encoding="utf-8"?>
<testsuite failures="1" name="SoftwareManagement.sm_apt_install_download_path" skipped="0" tests="1" time="188.77" timestamp="2022-05-23T09:34:23">
	<testcase classname="AptInstallWithDownloadPath" name="SoftwareManagement.sm_apt_install_download_path">
		<failure message="BLOCKED: SystemError: Timeout while waiting for status FAILED or SUCCESSFUL" type="BLOCKED"/>
		<system-out>09:31:14 INFO  ==============================================================
09:31:14 INFO  Id:    SoftwareManagement.sm_apt_install_download_path
09:31:14 INFO  Dir:   software_management_end_to_end/
09:31:14 INFO  Title: Install package to directory specified in tedge config set tmp.path
09:31:14 INFO  ==============================================================
09:31:15 INFO  Using sw id database: {'asciijump': '5475369', 'robotfindskitten': '5474869', 'squirrel3': '5475279', 'rolldice': '5152439', 'moon-buggy': '5439204', 'apple': '5495053', 'banana': '5494888', 'cherry': '5495382', 'watermelon': '5494510', 'registry': '8018911', 'hello-world': '8021526', 'docker/getting-started': '8021973', 'alpine': '7991792'}
09:31:15 INFO  EnvironmentC8y Setup
09:31:16 INFO  Executed systemctl&lt;serv_mapper1&gt;, exit status 3
09:31:30 INFO  Executed sudo&lt;tedge_connect_c8y&gt;, exit status 0, duration 14 secs
09:31:31 INFO  Executed sudo&lt;tedge_connect_c8y_test&gt;, exit status 0
09:31:31 INFO  Executed systemctl&lt;serv_mosq2&gt;, exit status 0
09:31:32 INFO  Executed systemctl&lt;serv_mapper3&gt;, exit status 0
09:31:34 INFO  State of current operation: PENDING
09:31:36 INFO  State of current operation: PENDING
09:31:39 INFO  State of current operation: PENDING
09:31:41 INFO  State of current operation: PENDING
09:31:43 INFO  State of current operation: PENDING
09:31:45 INFO  State of current operation: PENDING
09:31:48 INFO  State of current operation: PENDING
09:31:50 INFO  State of current operation: PENDING
09:31:52 INFO  State of current operation: PENDING
09:31:55 INFO  State of current operation: PENDING
09:31:57 INFO  State of current operation: PENDING
09:31:59 INFO  State of current operation: PENDING
09:32:01 INFO  State of current operation: PENDING
09:32:04 INFO  State of current operation: PENDING
09:32:06 INFO  State of current operation: PENDING
09:32:08 INFO  State of current operation: PENDING
09:32:10 INFO  State of current operation: PENDING
09:32:12 INFO  State of current operation: PENDING
09:32:15 INFO  State of current operation: PENDING
09:32:17 INFO  State of current operation: PENDING
09:32:19 INFO  State of current operation: PENDING
09:32:22 INFO  State of current operation: PENDING
09:32:24 INFO  State of current operation: PENDING
09:32:26 INFO  State of current operation: PENDING
09:32:28 INFO  State of current operation: PENDING
09:32:30 INFO  State of current operation: PENDING
09:32:33 INFO  State of current operation: PENDING
09:32:35 INFO  State of current operation: PENDING
09:32:37 INFO  State of current operation: PENDING
09:32:39 INFO  State of current operation: PENDING
09:32:42 INFO  State of current operation: PENDING
09:32:44 INFO  State of current operation: PENDING
09:32:46 INFO  State of current operation: PENDING
09:32:48 INFO  State of current operation: PENDING
09:32:51 INFO  State of current operation: PENDING
09:32:53 INFO  State of current operation: PENDING
09:32:55 INFO  State of current operation: PENDING
09:32:57 INFO  State of current operation: PENDING
09:33:00 INFO  State of current operation: PENDING
09:33:02 INFO  State of current operation: PENDING
09:33:04 INFO  State of current operation: PENDING
09:33:06 INFO  State of current operation: PENDING
09:33:08 INFO  State of current operation: PENDING
09:33:11 INFO  State of current operation: PENDING
09:33:13 INFO  State of current operation: PENDING
09:33:15 INFO  State of current operation: PENDING
09:33:17 INFO  State of current operation: PENDING
09:33:20 INFO  State of current operation: PENDING
09:33:22 INFO  State of current operation: PENDING
09:33:24 INFO  State of current operation: PENDING
09:33:26 INFO  State of current operation: PENDING
09:33:29 INFO  State of current operation: PENDING
09:33:31 INFO  State of current operation: PENDING
09:33:33 INFO  State of current operation: PENDING
09:33:35 INFO  State of current operation: PENDING
09:33:38 INFO  State of current operation: PENDING
09:33:40 INFO  State of current operation: PENDING
09:33:42 INFO  State of current operation: PENDING
09:33:44 INFO  State of current operation: PENDING
09:33:47 INFO  State of current operation: PENDING
09:33:49 INFO  State of current operation: PENDING
09:33:51 WARN  SystemError occurred while running test - Timeout while waiting for status FAILED or SUCCESSFUL
Traceback (most recent call last):
  File &quot;/home/pi/env-pysys/lib/python3.7/site-packages/pysys/baserunner.py&quot;, line 1292, in __call__
    self.testObj.setup()
  File &quot;/home/pi/actions-runner/_work/thin-edge.io/thin-edge.io/tests/PySys/software_management_end_to_end/sm_apt_install_download_path/run.py&quot;, line 48, in setup
    super().setup()
  File &quot;/home/pi/actions-runner/_work/thin-edge.io/thin-edge.io/tests/PySys/software_management_end_to_end/environment_sm_management.py&quot;, line 151, in setup
    self.wait_until_end()
  File &quot;/home/pi/actions-runner/_work/thin-edge.io/thin-edge.io/tests/PySys/software_management_end_to_end/environment_sm_management.py&quot;, line 332, in wait_until_end
    self.wait_until_status(&quot;FAILED&quot;, &quot;SUCCESSFUL&quot;)
  File &quot;/home/pi/actions-runner/_work/thin-edge.io/thin-edge.io/tests/PySys/software_management_end_to_end/environment_sm_management.py&quot;, line 381, in wait_until_status
    &quot;Timeout while waiting for status %s or %s&quot; % (status, status2)
SystemError: Timeout while waiting for status FAILED or SUCCESSFUL
09:33:51 WARN  SystemError: Timeout while waiting for status FAILED or SUCCESSFUL ... blocked 
09:33:51 INFO  
09:33:51 INFO  cleanup:
09:33:51 INFO  Executed sudo, exit status 0
09:33:52 INFO  Executed sudo, exit status 0
09:33:56 INFO  Executed sudo&lt;tedge_disconnect_c8y&gt;, exit status 0
09:33:56 INFO  Restarting mosquitto too frequently in the last 10 seconds. It was only up for 3 seconds
09:33:56 INFO  Delaying execution by 8 seconds
09:34:18 INFO  Executed sudo&lt;tedge_connect_c8y&gt;, exit status 0, duration 14 secs
09:34:22 INFO  Executed sudo&lt;tedge_disconnect_c8y&gt;, exit status 0
09:34:23 INFO  Executed systemctl&lt;serv_mapper5&gt;, exit status 3
09:34:23 INFO  
09:34:23 INFO  Test duration: 188.77 secs
09:34:23 INFO  Test final outcome:  BLOCKED
09:34:23 INFO  Test outcome reason: SystemError: Timeout while waiting for status FAILED or SUCCESSFUL
09:34:23 INFO  
</system-out>
	</testcase>
</testsuite>
