<?xml version="1.0" encoding="utf-8"?>
<testsuite failures="1" name="SoftwareManagement.sm_apt_install_remove_multiple" skipped="0" tests="1" time="138.79" timestamp="2022-07-21T13:01:55">
	<testcase classname="PySysTest" name="SoftwareManagement.sm_apt_install_remove_multiple">
		<failure message="FAILED: Assert that (False == value) with value=True (+2 other failures)" type="FAILED"/>
		<system-out>12:59:36 INFO  ==============================================================
12:59:36 INFO  Id:    SoftwareManagement.sm_apt_install_remove_multiple
12:59:36 INFO  Dir:   software_management_end_to_end/
12:59:36 INFO  Title: Validate end to end behaviour for the apt plugin for multiple packages
12:59:36 INFO  ==============================================================
12:59:36 INFO  Using sw id database: {'asciijump': '5475369', 'robotfindskitten': '5474869', 'squirrel3': '5475279', 'rolldice': '5152439', 'moon-buggy': '5439204', 'apple': '5495053', 'banana': '5494888', 'cherry': '5495382', 'watermelon': '5494510', 'registry': '8018911', 'hello-world': '8021526', 'docker/getting-started': '8021973', 'alpine': '7991792'}
12:59:36 INFO  EnvironmentC8y Setup
12:59:36 INFO  Executed systemctl&lt;serv_mapper1&gt;, exit status 3
12:59:37 INFO  Restarting mosquitto too frequently in the last 10 seconds. It was only up for 5 seconds
12:59:37 INFO  Delaying execution by 6 seconds
12:59:56 INFO  Executed sudo&lt;tedge_connect_c8y&gt;, exit status 0, duration 13 secs
12:59:57 INFO  Executed sudo&lt;tedge_connect_c8y_test&gt;, exit status 0
12:59:58 INFO  Executed systemctl&lt;serv_mosq2&gt;, exit status 0
12:59:58 INFO  Executed systemctl&lt;serv_mapper3&gt;, exit status 0
13:00:00 INFO  State of current operation: SUCCESSFUL
13:00:01 INFO  Assert that (False == value) with value=False ... passed
13:00:01 INFO  Package asciijump is installed
13:00:01 WARN  Assert that (False == value) with value=True ... failed 
13:00:01 INFO  Package squirrel3 is installed
13:00:01 WARN  Assert that (False == value) with value=True ... failed 
13:00:02 INFO  Package robotfindskitten is installed
13:00:02 WARN  Assert that (False == value) with value=True ... failed 
13:00:02 INFO  Response status: 201
13:00:02 INFO  Response to action: {
    &quot;delivery&quot;: {
        &quot;log&quot;: [],
        &quot;time&quot;: &quot;2022-07-21T13:00:02.487Z&quot;,
        &quot;status&quot;: &quot;PENDING&quot;
    },
    &quot;creationTime&quot;: &quot;2022-07-21T13:00:02.464Z&quot;,
    &quot;deviceId&quot;: &quot;21119832&quot;,
    &quot;deviceName&quot;: &quot;m32sd10a&quot;,
    &quot;self&quot;: &quot;https://t493319102.eu-latest.cumulocity.com/devicecontrol/operations/21132094&quot;,
    &quot;id&quot;: &quot;21132094&quot;,
    &quot;status&quot;: &quot;PENDING&quot;,
    &quot;description&quot;: &quot;Apply software changes, triggered from PySys: [{'action': 'install', 'id': '5475369', 'name': 'asciijump', 'url': ' ', 'version': '::apt'}, {'action': 'install', 'id': '5474869', 'name': 'robotfindskitten', 'url': ' ', 'version': '::apt'}, {'action': 'install', 'id': '5475279', 'name': 'squirrel3', 'url': ' ', 'version': '::apt'}]&quot;,
    &quot;c8y_SoftwareUpdate&quot;: [
        {
            &quot;name&quot;: &quot;asciijump&quot;,
            &quot;action&quot;: &quot;install&quot;,
            &quot;id&quot;: &quot;5475369&quot;,
            &quot;version&quot;: &quot;::apt&quot;,
            &quot;url&quot;: &quot; &quot;
        },
        {
            &quot;name&quot;: &quot;robotfindskitten&quot;,
            &quot;action&quot;: &quot;install&quot;,
            &quot;id&quot;: &quot;5474869&quot;,
            &quot;version&quot;: &quot;::apt&quot;,
            &quot;url&quot;: &quot; &quot;
        },
        {
            &quot;name&quot;: &quot;squirrel3&quot;,
            &quot;action&quot;: &quot;install&quot;,
            &quot;id&quot;: &quot;5475279&quot;,
            &quot;version&quot;: &quot;::apt&quot;,
            &quot;url&quot;: &quot; &quot;
        }
    ]
}
13:00:02 INFO  Started operation: {'delivery': {'log': [], 'time': '2022-07-21T13:00:02.487Z', 'status': 'PENDING'}, 'creationTime': '2022-07-21T13:00:02.464Z', 'deviceId': '21119832', 'deviceName': 'm32sd10a', 'self': 'https://t493319102.eu-latest.cumulocity.com/devicecontrol/operations/21132094', 'id': '21132094', 'status': 'PENDING', 'description': &quot;Apply software changes, triggered from PySys: [{'action': 'install', 'id': '5475369', 'name': 'asciijump', 'url': ' ', 'version': '::apt'}, {'action': 'install', 'id': '5474869', 'name': 'robotfindskitten', 'url': ' ', 'version': '::apt'}, {'action': 'install', 'id': '5475279', 'name': 'squirrel3', 'url': ' ', 'version': '::apt'}]&quot;, 'c8y_SoftwareUpdate': [{'name': 'asciijump', 'action': 'install', 'id': '5475369', 'version': '::apt', 'url': ' '}, {'name': 'robotfindskitten', 'action': 'install', 'id': '5474869', 'version': '::apt', 'url': ' '}, {'name': 'squirrel3', 'action': 'install', 'id': '5475279', 'version': '::apt', 'url': ' '}]}
13:00:04 INFO  State of operation 21132094 : PENDING
13:00:07 INFO  State of operation 21132094 : EXECUTING
13:00:09 INFO  State of operation 21132094 : EXECUTING
13:00:11 INFO  State of operation 21132094 : EXECUTING
13:00:13 INFO  State of operation 21132094 : EXECUTING
13:00:15 INFO  State of operation 21132094 : EXECUTING
13:00:18 INFO  State of operation 21132094 : EXECUTING
13:00:21 INFO  State of operation 21132094 : EXECUTING
13:00:23 INFO  State of operation 21132094 : EXECUTING
13:00:26 INFO  State of operation 21132094 : EXECUTING
13:00:28 INFO  State of operation 21132094 : EXECUTING
13:00:30 INFO  State of operation 21132094 : EXECUTING
13:00:33 INFO  State of operation 21132094 : EXECUTING
13:00:35 INFO  State of operation 21132094 : EXECUTING
13:00:37 INFO  State of operation 21132094 : EXECUTING
13:00:39 INFO  State of operation 21132094 : SUCCESSFUL
13:00:39 INFO  Assert that (False == value) with value=False ... passed
13:00:40 INFO  Package asciijump is installed
13:00:40 INFO  Assert that (True == value) with value=True ... passed
13:00:40 INFO  Package squirrel3 is installed
13:00:40 INFO  Assert that (True == value) with value=True ... passed
13:00:40 INFO  Package robotfindskitten is installed
13:00:40 INFO  Assert that (True == value) with value=True ... passed
13:00:40 INFO  Response status: 201
13:00:40 INFO  Response to action: {
    &quot;delivery&quot;: {
        &quot;log&quot;: [],
        &quot;time&quot;: &quot;2022-07-21T13:00:40.883Z&quot;,
        &quot;status&quot;: &quot;PENDING&quot;
    },
    &quot;creationTime&quot;: &quot;2022-07-21T13:00:40.863Z&quot;,
    &quot;deviceId&quot;: &quot;21119832&quot;,
    &quot;deviceName&quot;: &quot;m32sd10a&quot;,
    &quot;self&quot;: &quot;https://t493319102.eu-latest.cumulocity.com/devicecontrol/operations/21133110&quot;,
    &quot;id&quot;: &quot;21133110&quot;,
    &quot;status&quot;: &quot;PENDING&quot;,
    &quot;description&quot;: &quot;Apply software changes, triggered from PySys: [{'action': 'delete', 'id': '5475369', 'name': 'asciijump', 'url': ' ', 'version': '::apt'}, {'action': 'delete', 'id': '5474869', 'name': 'robotfindskitten', 'url': ' ', 'version': '::apt'}, {'action': 'delete', 'id': '5475279', 'name': 'squirrel3', 'url': ' ', 'version': '::apt'}]&quot;,
    &quot;c8y_SoftwareUpdate&quot;: [
        {
            &quot;name&quot;: &quot;asciijump&quot;,
            &quot;action&quot;: &quot;delete&quot;,
            &quot;id&quot;: &quot;5475369&quot;,
            &quot;version&quot;: &quot;::apt&quot;,
            &quot;url&quot;: &quot; &quot;
        },
        {
            &quot;name&quot;: &quot;robotfindskitten&quot;,
            &quot;action&quot;: &quot;delete&quot;,
            &quot;id&quot;: &quot;5474869&quot;,
            &quot;version&quot;: &quot;::apt&quot;,
            &quot;url&quot;: &quot; &quot;
        },
        {
            &quot;name&quot;: &quot;squirrel3&quot;,
            &quot;action&quot;: &quot;delete&quot;,
            &quot;id&quot;: &quot;5475279&quot;,
            &quot;version&quot;: &quot;::apt&quot;,
            &quot;url&quot;: &quot; &quot;
        }
    ]
}
13:00:40 INFO  Started operation: {'delivery': {'log': [], 'time': '2022-07-21T13:00:40.883Z', 'status': 'PENDING'}, 'creationTime': '2022-07-21T13:00:40.863Z', 'deviceId': '21119832', 'deviceName': 'm32sd10a', 'self': 'https://t493319102.eu-latest.cumulocity.com/devicecontrol/operations/21133110', 'id': '21133110', 'status': 'PENDING', 'description': &quot;Apply software changes, triggered from PySys: [{'action': 'delete', 'id': '5475369', 'name': 'asciijump', 'url': ' ', 'version': '::apt'}, {'action': 'delete', 'id': '5474869', 'name': 'robotfindskitten', 'url': ' ', 'version': '::apt'}, {'action': 'delete', 'id': '5475279', 'name': 'squirrel3', 'url': ' ', 'version': '::apt'}]&quot;, 'c8y_SoftwareUpdate': [{'name': 'asciijump', 'action': 'delete', 'id': '5475369', 'version': '::apt', 'url': ' '}, {'name': 'robotfindskitten', 'action': 'delete', 'id': '5474869', 'version': '::apt', 'url': ' '}, {'name': 'squirrel3', 'action': 'delete', 'id': '5475279', 'version': '::apt', 'url': ' '}]}
13:00:43 INFO  State of operation 21133110 : PENDING
13:00:45 INFO  State of operation 21133110 : EXECUTING
13:00:47 INFO  State of operation 21133110 : EXECUTING
13:00:49 INFO  State of operation 21133110 : EXECUTING
13:00:52 INFO  State of operation 21133110 : EXECUTING
13:00:54 INFO  State of operation 21133110 : EXECUTING
13:00:57 INFO  State of operation 21133110 : EXECUTING
13:00:59 INFO  State of operation 21133110 : EXECUTING
13:01:02 INFO  State of operation 21133110 : EXECUTING
13:01:04 INFO  State of operation 21133110 : EXECUTING
13:01:06 INFO  State of operation 21133110 : EXECUTING
13:01:09 INFO  State of operation 21133110 : EXECUTING
13:01:11 INFO  State of operation 21133110 : EXECUTING
13:01:13 INFO  State of operation 21133110 : EXECUTING
13:01:15 INFO  State of operation 21133110 : EXECUTING
13:01:18 INFO  State of operation 21133110 : EXECUTING
13:01:20 INFO  State of operation 21133110 : EXECUTING
13:01:23 INFO  State of operation 21133110 : EXECUTING
13:01:25 INFO  State of operation 21133110 : EXECUTING
13:01:28 INFO  State of operation 21133110 : EXECUTING
13:01:30 INFO  State of operation 21133110 : EXECUTING
13:01:32 INFO  State of operation 21133110 : EXECUTING
13:01:34 INFO  State of operation 21133110 : EXECUTING
13:01:37 INFO  State of operation 21133110 : EXECUTING
13:01:40 INFO  State of operation 21133110 : EXECUTING
13:01:42 INFO  State of operation 21133110 : EXECUTING
13:01:44 INFO  State of operation 21133110 : EXECUTING
13:01:47 INFO  State of operation 21133110 : EXECUTING
13:01:49 INFO  State of operation 21133110 : SUCCESSFUL
13:01:49 INFO  Assert that (False == value) with value=False ... passed
13:01:49 INFO  Assert that (False == value) with value=False ... passed
13:01:49 INFO  Assert that (False == value) with value=False ... passed
13:01:50 INFO  Assert that (False == value) with value=False ... passed
13:01:50 INFO  
13:01:50 INFO  cleanup:
13:01:54 INFO  Executed sudo&lt;tedge_disconnect_c8y&gt;, exit status 0
13:01:55 INFO  Executed systemctl&lt;serv_mapper5&gt;, exit status 3
13:01:55 INFO  
13:01:55 INFO  Test duration: 138.79 secs
13:01:55 INFO  Test final outcome:  FAILED
13:01:55 INFO  Test outcome reason: Assert that (False == value) with value=True (+2 other failures)
13:01:55 INFO  
</system-out>
	</testcase>
</testsuite>
