<?xml version="1.0" encoding="utf-8"?>
<testsuite failures="1" name="SoftwareManagement.sm_apt_install_remove_default" skipped="0" tests="1" time="170.87" timestamp="2022-07-22T04:59:51">
	<testcase classname="PySysTest" name="SoftwareManagement.sm_apt_install_remove_default">
		<failure message="BLOCKED: SystemError: Timeout while waiting for status SUCCESSFUL or False" type="BLOCKED"/>
		<system-out>04:57:00 INFO  ==============================================================
04:57:00 INFO  Id:    SoftwareManagement.sm_apt_install_remove_default
04:57:00 INFO  Dir:   software_management_end_to_end/
04:57:00 INFO  Title: Validate end to end behaviour for the default plugin for installation and removal of packages
04:57:00 INFO  ==============================================================
04:57:00 INFO  Using sw id database: {'asciijump': '5475369', 'robotfindskitten': '5474869', 'squirrel3': '5475279', 'rolldice': '5152439', 'moon-buggy': '5439204', 'apple': '5495053', 'banana': '5494888', 'cherry': '5495382', 'watermelon': '5494510', 'registry': '8018911', 'hello-world': '8021526', 'docker/getting-started': '8021973', 'alpine': '7991792'}
04:57:00 INFO  EnvironmentC8y Setup
04:57:01 INFO  Executed systemctl&lt;serv_mapper1&gt;, exit status 3
04:57:01 INFO  Restarting mosquitto too frequently in the last 10 seconds. It was only up for 4 seconds
04:57:01 INFO  Delaying execution by 7 seconds
04:57:22 INFO  Executed sudo&lt;tedge_connect_c8y&gt;, exit status 0, duration 14 secs
04:57:23 INFO  Executed sudo&lt;tedge_connect_c8y_test&gt;, exit status 0
04:57:23 INFO  Executed systemctl&lt;serv_mosq2&gt;, exit status 0
04:57:24 INFO  Executed systemctl&lt;serv_mapper3&gt;, exit status 0
04:57:26 INFO  State of current operation: SUCCESSFUL
04:57:26 INFO  Assert that (False == value) with value=False ... passed
04:57:26 INFO  Response status: 201
04:57:26 INFO  Response to action: {
    &quot;creationTime&quot;: &quot;2022-07-22T04:57:26.750Z&quot;,
    &quot;deviceId&quot;: &quot;21231606&quot;,
    &quot;deviceName&quot;: &quot;m32sd10a&quot;,
    &quot;self&quot;: &quot;https://t493319102.eu-latest.cumulocity.com/devicecontrol/operations/21244226&quot;,
    &quot;id&quot;: &quot;21244226&quot;,
    &quot;status&quot;: &quot;PENDING&quot;,
    &quot;description&quot;: &quot;Apply software changes, triggered from PySys: [{'name': 'rolldice', 'id': '5152439', 'version': ' ', 'url': '', 'action': 'install'}]&quot;,
    &quot;c8y_SoftwareUpdate&quot;: [
        {
            &quot;name&quot;: &quot;rolldice&quot;,
            &quot;action&quot;: &quot;install&quot;,
            &quot;id&quot;: &quot;5152439&quot;,
            &quot;version&quot;: &quot; &quot;,
            &quot;url&quot;: &quot;&quot;
        }
    ]
}
04:57:26 INFO  Started operation: {'creationTime': '2022-07-22T04:57:26.750Z', 'deviceId': '21231606', 'deviceName': 'm32sd10a', 'self': 'https://t493319102.eu-latest.cumulocity.com/devicecontrol/operations/21244226', 'id': '21244226', 'status': 'PENDING', 'description': &quot;Apply software changes, triggered from PySys: [{'name': 'rolldice', 'id': '5152439', 'version': ' ', 'url': '', 'action': 'install'}]&quot;, 'c8y_SoftwareUpdate': [{'name': 'rolldice', 'action': 'install', 'id': '5152439', 'version': ' ', 'url': ''}]}
04:57:29 INFO  State of operation 21244226 : PENDING
04:57:31 INFO  State of operation 21244226 : PENDING
04:57:33 INFO  State of operation 21244226 : PENDING
04:57:35 INFO  State of operation 21244226 : PENDING
04:57:37 INFO  State of operation 21244226 : PENDING
04:57:40 INFO  State of operation 21244226 : PENDING
04:57:42 INFO  State of operation 21244226 : PENDING
04:57:44 INFO  State of operation 21244226 : PENDING
04:57:46 INFO  State of operation 21244226 : PENDING
04:57:48 INFO  State of operation 21244226 : PENDING
04:57:51 INFO  State of operation 21244226 : PENDING
04:57:53 INFO  State of operation 21244226 : PENDING
04:57:55 INFO  State of operation 21244226 : PENDING
04:57:57 INFO  State of operation 21244226 : PENDING
04:58:00 INFO  State of operation 21244226 : PENDING
04:58:02 INFO  State of operation 21244226 : PENDING
04:58:04 INFO  State of operation 21244226 : PENDING
04:58:06 INFO  State of operation 21244226 : PENDING
04:58:08 INFO  State of operation 21244226 : PENDING
04:58:11 INFO  State of operation 21244226 : PENDING
04:58:13 INFO  State of operation 21244226 : PENDING
04:58:15 INFO  State of operation 21244226 : PENDING
04:58:17 INFO  State of operation 21244226 : PENDING
04:58:19 INFO  State of operation 21244226 : PENDING
04:58:22 INFO  State of operation 21244226 : PENDING
04:58:24 INFO  State of operation 21244226 : PENDING
04:58:26 INFO  State of operation 21244226 : PENDING
04:58:28 INFO  State of operation 21244226 : PENDING
04:58:31 INFO  State of operation 21244226 : PENDING
04:58:33 INFO  State of operation 21244226 : PENDING
04:58:35 INFO  State of operation 21244226 : PENDING
04:58:37 INFO  State of operation 21244226 : PENDING
04:58:39 INFO  State of operation 21244226 : PENDING
04:58:42 INFO  State of operation 21244226 : PENDING
04:58:44 INFO  State of operation 21244226 : PENDING
04:58:46 INFO  State of operation 21244226 : PENDING
04:58:48 INFO  State of operation 21244226 : PENDING
04:58:50 INFO  State of operation 21244226 : PENDING
04:58:53 INFO  State of operation 21244226 : PENDING
04:58:55 INFO  State of operation 21244226 : PENDING
04:58:57 INFO  State of operation 21244226 : PENDING
04:58:59 INFO  State of operation 21244226 : PENDING
04:59:02 INFO  State of operation 21244226 : PENDING
04:59:04 INFO  State of operation 21244226 : PENDING
04:59:06 INFO  State of operation 21244226 : PENDING
04:59:08 INFO  State of operation 21244226 : PENDING
04:59:10 INFO  State of operation 21244226 : PENDING
04:59:13 INFO  State of operation 21244226 : PENDING
04:59:15 INFO  State of operation 21244226 : PENDING
04:59:17 INFO  State of operation 21244226 : PENDING
04:59:19 INFO  State of operation 21244226 : PENDING
04:59:22 INFO  State of operation 21244226 : PENDING
04:59:24 INFO  State of operation 21244226 : PENDING
04:59:26 INFO  State of operation 21244226 : EXECUTING
04:59:28 INFO  State of operation 21244226 : EXECUTING
04:59:30 INFO  State of operation 21244226 : EXECUTING
04:59:33 INFO  State of operation 21244226 : EXECUTING
04:59:35 INFO  State of operation 21244226 : EXECUTING
04:59:37 INFO  State of operation 21244226 : EXECUTING
04:59:40 INFO  State of operation 21244226 : EXECUTING
04:59:43 INFO  State of operation 21244226 : EXECUTING
04:59:45 WARN  SystemError occurred while running test - Timeout while waiting for status SUCCESSFUL or False
Traceback (most recent call last):
  File &quot;/home/pi/env-pysys/lib/python3.7/site-packages/pysys/baserunner.py&quot;, line 1294, in __call__
    self.testObj.execute()
  File &quot;/home/pi/actions-runner/_work/thin-edge.io/thin-edge.io/tests/PySys/software_management_end_to_end/sm_apt_install_remove_default/run.py&quot;, line 33, in execute
    self.wait_until_succcess()
  File &quot;/home/pi/actions-runner/_work/thin-edge.io/thin-edge.io/tests/PySys/software_management_end_to_end/environment_sm_management.py&quot;, line 324, in wait_until_succcess
    self.wait_until_status(&quot;SUCCESSFUL&quot;)
  File &quot;/home/pi/actions-runner/_work/thin-edge.io/thin-edge.io/tests/PySys/software_management_end_to_end/environment_sm_management.py&quot;, line 381, in wait_until_status
    &quot;Timeout while waiting for status %s or %s&quot; % (status, status2)
SystemError: Timeout while waiting for status SUCCESSFUL or False
04:59:45 WARN  SystemError: Timeout while waiting for status SUCCESSFUL or False ... blocked 
04:59:45 INFO  
04:59:45 INFO  cleanup:
04:59:50 INFO  Executed sudo&lt;tedge_disconnect_c8y&gt;, exit status 0
04:59:51 INFO  Executed systemctl&lt;serv_mapper5&gt;, exit status 3
04:59:51 INFO  
04:59:51 INFO  Test duration: 170.87 secs
04:59:51 INFO  Test final outcome:  BLOCKED
04:59:51 INFO  Test outcome reason: SystemError: Timeout while waiting for status SUCCESSFUL or False
04:59:51 INFO  
</system-out>
	</testcase>
</testsuite>
