<?xml version="1.0" encoding="utf-8"?>
<testsuite failures="1" name="SoftwareManagement.sm_apt_install_remove_multiple" skipped="0" tests="1" time="137.45" timestamp="2022-07-21T16:01:35">
	<testcase classname="PySysTest" name="SoftwareManagement.sm_apt_install_remove_multiple">
		<failure message="FAILED: Assert that (False == value) with value=True (+2 other failures)" type="FAILED"/>
		<system-out>15:59:18 INFO  ==============================================================
15:59:18 INFO  Id:    SoftwareManagement.sm_apt_install_remove_multiple
15:59:18 INFO  Dir:   software_management_end_to_end/
15:59:18 INFO  Title: Validate end to end behaviour for the apt plugin for multiple packages
15:59:18 INFO  ==============================================================
15:59:18 INFO  Using sw id database: {'asciijump': '5475369', 'robotfindskitten': '5474869', 'squirrel3': '5475279', 'rolldice': '5152439', 'moon-buggy': '5439204', 'apple': '5495053', 'banana': '5494888', 'cherry': '5495382', 'watermelon': '5494510', 'registry': '8018911', 'hello-world': '8021526', 'docker/getting-started': '8021973', 'alpine': '7991792'}
15:59:18 INFO  EnvironmentC8y Setup
15:59:18 INFO  Executed systemctl&lt;serv_mapper1&gt;, exit status 3
15:59:19 INFO  Restarting mosquitto too frequently in the last 10 seconds. It was only up for 5 seconds
15:59:19 INFO  Delaying execution by 6 seconds
15:59:39 INFO  Executed sudo&lt;tedge_connect_c8y&gt;, exit status 0, duration 13 secs
15:59:39 INFO  Executed sudo&lt;tedge_connect_c8y_test&gt;, exit status 0
15:59:40 INFO  Executed systemctl&lt;serv_mosq2&gt;, exit status 0
15:59:40 INFO  Executed systemctl&lt;serv_mapper3&gt;, exit status 0
15:59:42 INFO  State of current operation: SUCCESSFUL
15:59:43 INFO  Assert that (False == value) with value=False ... passed
15:59:43 INFO  Package asciijump is installed
15:59:43 WARN  Assert that (False == value) with value=True ... failed 
15:59:43 INFO  Package squirrel3 is installed
15:59:43 WARN  Assert that (False == value) with value=True ... failed 
15:59:44 INFO  Package robotfindskitten is installed
15:59:44 WARN  Assert that (False == value) with value=True ... failed 
15:59:44 INFO  Response status: 201
15:59:44 INFO  Response to action: {
    &quot;creationTime&quot;: &quot;2022-07-21T15:59:44.451Z&quot;,
    &quot;deviceId&quot;: &quot;21119832&quot;,
    &quot;deviceName&quot;: &quot;m32sd10a&quot;,
    &quot;self&quot;: &quot;https://t493319102.eu-latest.cumulocity.com/devicecontrol/operations/21145088&quot;,
    &quot;id&quot;: &quot;21145088&quot;,
    &quot;status&quot;: &quot;PENDING&quot;,
    &quot;description&quot;: &quot;Apply software changes, triggered from PySys: [{'action': 'install', 'id': '5475369', 'name': 'asciijump', 'url': ' ', 'version': '::apt'}, {'action': 'install', 'id': '5474869', 'name': 'robotfindskitten', 'url': ' ', 'version': '::apt'}, {'action': 'install', 'id': '5475279', 'name': 'squirrel3', 'url': ' ', 'version': '::apt'}]&quot;,
    &quot;c8y_SoftwareUpdate&quot;: [
        {
            &quot;name&quot;: &quot;asciijump&quot;,
            &quot;action&quot;: &quot;install&quot;,
            &quot;id&quot;: &quot;5475369&quot;,
            &quot;version&quot;: &quot;::apt&quot;,
            &quot;url&quot;: &quot; &quot;
        },
        {
            &quot;name&quot;: &quot;robotfindskitten&quot;,
            &quot;action&quot;: &quot;install&quot;,
            &quot;id&quot;: &quot;5474869&quot;,
            &quot;version&quot;: &quot;::apt&quot;,
            &quot;url&quot;: &quot; &quot;
        },
        {
            &quot;name&quot;: &quot;squirrel3&quot;,
            &quot;action&quot;: &quot;install&quot;,
            &quot;id&quot;: &quot;5475279&quot;,
            &quot;version&quot;: &quot;::apt&quot;,
            &quot;url&quot;: &quot; &quot;
        }
    ]
}
15:59:44 INFO  Started operation: {'creationTime': '2022-07-21T15:59:44.451Z', 'deviceId': '21119832', 'deviceName': 'm32sd10a', 'self': 'https://t493319102.eu-latest.cumulocity.com/devicecontrol/operations/21145088', 'id': '21145088', 'status': 'PENDING', 'description': &quot;Apply software changes, triggered from PySys: [{'action': 'install', 'id': '5475369', 'name': 'asciijump', 'url': ' ', 'version': '::apt'}, {'action': 'install', 'id': '5474869', 'name': 'robotfindskitten', 'url': ' ', 'version': '::apt'}, {'action': 'install', 'id': '5475279', 'name': 'squirrel3', 'url': ' ', 'version': '::apt'}]&quot;, 'c8y_SoftwareUpdate': [{'name': 'asciijump', 'action': 'install', 'id': '5475369', 'version': '::apt', 'url': ' '}, {'name': 'robotfindskitten', 'action': 'install', 'id': '5474869', 'version': '::apt', 'url': ' '}, {'name': 'squirrel3', 'action': 'install', 'id': '5475279', 'version': '::apt', 'url': ' '}]}
15:59:46 INFO  State of operation 21145088 : PENDING
15:59:48 INFO  State of operation 21145088 : EXECUTING
15:59:51 INFO  State of operation 21145088 : EXECUTING
15:59:53 INFO  State of operation 21145088 : EXECUTING
15:59:55 INFO  State of operation 21145088 : EXECUTING
15:59:57 INFO  State of operation 21145088 : EXECUTING
16:00:00 INFO  State of operation 21145088 : EXECUTING
16:00:03 INFO  State of operation 21145088 : EXECUTING
16:00:05 INFO  State of operation 21145088 : EXECUTING
16:00:07 INFO  State of operation 21145088 : EXECUTING
16:00:10 INFO  State of operation 21145088 : EXECUTING
16:00:12 INFO  State of operation 21145088 : EXECUTING
16:00:14 INFO  State of operation 21145088 : EXECUTING
16:00:16 INFO  State of operation 21145088 : EXECUTING
16:00:19 INFO  State of operation 21145088 : EXECUTING
16:00:21 INFO  State of operation 21145088 : SUCCESSFUL
16:00:21 INFO  Assert that (False == value) with value=False ... passed
16:00:21 INFO  Package asciijump is installed
16:00:21 INFO  Assert that (True == value) with value=True ... passed
16:00:22 INFO  Package squirrel3 is installed
16:00:22 INFO  Assert that (True == value) with value=True ... passed
16:00:22 INFO  Package robotfindskitten is installed
16:00:22 INFO  Assert that (True == value) with value=True ... passed
16:00:22 INFO  Response status: 201
16:00:22 INFO  Response to action: {
    &quot;creationTime&quot;: &quot;2022-07-21T16:00:22.431Z&quot;,
    &quot;deviceId&quot;: &quot;21119832&quot;,
    &quot;deviceName&quot;: &quot;m32sd10a&quot;,
    &quot;self&quot;: &quot;https://t493319102.eu-latest.cumulocity.com/devicecontrol/operations/21145094&quot;,
    &quot;id&quot;: &quot;21145094&quot;,
    &quot;status&quot;: &quot;PENDING&quot;,
    &quot;description&quot;: &quot;Apply software changes, triggered from PySys: [{'action': 'delete', 'id': '5475369', 'name': 'asciijump', 'url': ' ', 'version': '::apt'}, {'action': 'delete', 'id': '5474869', 'name': 'robotfindskitten', 'url': ' ', 'version': '::apt'}, {'action': 'delete', 'id': '5475279', 'name': 'squirrel3', 'url': ' ', 'version': '::apt'}]&quot;,
    &quot;c8y_SoftwareUpdate&quot;: [
        {
            &quot;name&quot;: &quot;asciijump&quot;,
            &quot;action&quot;: &quot;delete&quot;,
            &quot;id&quot;: &quot;5475369&quot;,
            &quot;version&quot;: &quot;::apt&quot;,
            &quot;url&quot;: &quot; &quot;
        },
        {
            &quot;name&quot;: &quot;robotfindskitten&quot;,
            &quot;action&quot;: &quot;delete&quot;,
            &quot;id&quot;: &quot;5474869&quot;,
            &quot;version&quot;: &quot;::apt&quot;,
            &quot;url&quot;: &quot; &quot;
        },
        {
            &quot;name&quot;: &quot;squirrel3&quot;,
            &quot;action&quot;: &quot;delete&quot;,
            &quot;id&quot;: &quot;5475279&quot;,
            &quot;version&quot;: &quot;::apt&quot;,
            &quot;url&quot;: &quot; &quot;
        }
    ]
}
16:00:22 INFO  Started operation: {'creationTime': '2022-07-21T16:00:22.431Z', 'deviceId': '21119832', 'deviceName': 'm32sd10a', 'self': 'https://t493319102.eu-latest.cumulocity.com/devicecontrol/operations/21145094', 'id': '21145094', 'status': 'PENDING', 'description': &quot;Apply software changes, triggered from PySys: [{'action': 'delete', 'id': '5475369', 'name': 'asciijump', 'url': ' ', 'version': '::apt'}, {'action': 'delete', 'id': '5474869', 'name': 'robotfindskitten', 'url': ' ', 'version': '::apt'}, {'action': 'delete', 'id': '5475279', 'name': 'squirrel3', 'url': ' ', 'version': '::apt'}]&quot;, 'c8y_SoftwareUpdate': [{'name': 'asciijump', 'action': 'delete', 'id': '5475369', 'version': '::apt', 'url': ' '}, {'name': 'robotfindskitten', 'action': 'delete', 'id': '5474869', 'version': '::apt', 'url': ' '}, {'name': 'squirrel3', 'action': 'delete', 'id': '5475279', 'version': '::apt', 'url': ' '}]}
16:00:24 INFO  State of operation 21145094 : PENDING
16:00:26 INFO  State of operation 21145094 : EXECUTING
16:00:29 INFO  State of operation 21145094 : EXECUTING
16:00:31 INFO  State of operation 21145094 : EXECUTING
16:00:33 INFO  State of operation 21145094 : EXECUTING
16:00:35 INFO  State of operation 21145094 : EXECUTING
16:00:38 INFO  State of operation 21145094 : EXECUTING
16:00:41 INFO  State of operation 21145094 : EXECUTING
16:00:43 INFO  State of operation 21145094 : EXECUTING
16:00:46 INFO  State of operation 21145094 : EXECUTING
16:00:48 INFO  State of operation 21145094 : EXECUTING
16:00:50 INFO  State of operation 21145094 : EXECUTING
16:00:52 INFO  State of operation 21145094 : EXECUTING
16:00:55 INFO  State of operation 21145094 : EXECUTING
16:00:57 INFO  State of operation 21145094 : EXECUTING
16:00:59 INFO  State of operation 21145094 : EXECUTING
16:01:02 INFO  State of operation 21145094 : EXECUTING
16:01:04 INFO  State of operation 21145094 : EXECUTING
16:01:06 INFO  State of operation 21145094 : EXECUTING
16:01:09 INFO  State of operation 21145094 : EXECUTING
16:01:11 INFO  State of operation 21145094 : EXECUTING
16:01:13 INFO  State of operation 21145094 : EXECUTING
16:01:16 INFO  State of operation 21145094 : EXECUTING
16:01:18 INFO  State of operation 21145094 : EXECUTING
16:01:20 INFO  State of operation 21145094 : EXECUTING
16:01:23 INFO  State of operation 21145094 : EXECUTING
16:01:25 INFO  State of operation 21145094 : EXECUTING
16:01:27 INFO  State of operation 21145094 : EXECUTING
16:01:30 INFO  State of operation 21145094 : SUCCESSFUL
16:01:30 INFO  Assert that (False == value) with value=False ... passed
16:01:30 INFO  Assert that (False == value) with value=False ... passed
16:01:30 INFO  Assert that (False == value) with value=False ... passed
16:01:31 INFO  Assert that (False == value) with value=False ... passed
16:01:31 INFO  
16:01:31 INFO  cleanup:
16:01:35 INFO  Executed sudo&lt;tedge_disconnect_c8y&gt;, exit status 0
16:01:35 INFO  Executed systemctl&lt;serv_mapper5&gt;, exit status 3
16:01:35 INFO  
16:01:35 INFO  Test duration: 137.45 secs
16:01:35 INFO  Test final outcome:  FAILED
16:01:35 INFO  Test outcome reason: Assert that (False == value) with value=True (+2 other failures)
16:01:35 INFO  
</system-out>
	</testcase>
</testsuite>
