<?xml version="1.0" encoding="utf-8"?>
<testsuite failures="1" name="SoftwareManagement.sm_fake_install_remove_multiple" skipped="0" tests="1" time="166.65" timestamp="2022-05-25T14:15:08">
	<testcase classname="PySysTest" name="SoftwareManagement.sm_fake_install_remove_multiple">
		<failure message="BLOCKED: SystemError: Timeout while waiting for status FAILED or SUCCESSFUL" type="BLOCKED"/>
		<system-out>14:12:21 INFO  ==============================================================
14:12:21 INFO  Id:    SoftwareManagement.sm_fake_install_remove_multiple
14:12:21 INFO  Dir:   software_management_end_to_end/
14:12:21 INFO  Title: Validate end to end behaviour for the dummy-plugin for multiple packages
14:12:21 INFO  ==============================================================
14:12:21 INFO  Using sw id database: {'asciijump': '5475369', 'robotfindskitten': '5474869', 'squirrel3': '5475279', 'rolldice': '5152439', 'moon-buggy': '5439204', 'apple': '5495053', 'banana': '5494888', 'cherry': '5495382', 'watermelon': '5494510', 'registry': '8018911', 'hello-world': '8021526', 'docker/getting-started': '8021973', 'alpine': '7991792'}
14:12:21 INFO  EnvironmentC8y Setup
14:12:22 INFO  Executed systemctl&lt;serv_mapper1&gt;, exit status 3
14:12:22 INFO  Restarting mosquitto too frequently in the last 10 seconds. It was only up for 5 seconds
14:12:22 INFO  Delaying execution by 6 seconds
14:12:42 INFO  Executed sudo&lt;tedge_connect_c8y&gt;, exit status 0, duration 14 secs
14:12:42 INFO  Executed sudo&lt;tedge_connect_c8y_test&gt;, exit status 0
14:12:43 INFO  Executed systemctl&lt;serv_mosq2&gt;, exit status 0
14:12:43 INFO  Executed systemctl&lt;serv_mapper3&gt;, exit status 0
14:12:46 INFO  State of current operation: PENDING
14:12:48 INFO  State of current operation: PENDING
14:12:50 INFO  State of current operation: PENDING
14:12:52 INFO  State of current operation: PENDING
14:12:55 INFO  State of current operation: PENDING
14:12:57 INFO  State of current operation: PENDING
14:12:59 INFO  State of current operation: PENDING
14:13:01 INFO  State of current operation: PENDING
14:13:03 INFO  State of current operation: PENDING
14:13:06 INFO  State of current operation: PENDING
14:13:08 INFO  State of current operation: PENDING
14:13:10 INFO  State of current operation: PENDING
14:13:13 INFO  State of current operation: PENDING
14:13:15 INFO  State of current operation: PENDING
14:13:17 INFO  State of current operation: PENDING
14:13:19 INFO  State of current operation: PENDING
14:13:22 INFO  State of current operation: PENDING
14:13:24 INFO  State of current operation: PENDING
14:13:26 INFO  State of current operation: PENDING
14:13:28 INFO  State of current operation: PENDING
14:13:31 INFO  State of current operation: PENDING
14:13:33 INFO  State of current operation: PENDING
14:13:35 INFO  State of current operation: PENDING
14:13:38 INFO  State of current operation: PENDING
14:13:40 INFO  State of current operation: PENDING
14:13:42 INFO  State of current operation: PENDING
14:13:44 INFO  State of current operation: PENDING
14:13:47 INFO  State of current operation: PENDING
14:13:49 INFO  State of current operation: PENDING
14:13:51 INFO  State of current operation: PENDING
14:13:53 INFO  State of current operation: PENDING
14:13:56 INFO  State of current operation: PENDING
14:13:58 INFO  State of current operation: PENDING
14:14:00 INFO  State of current operation: PENDING
14:14:02 INFO  State of current operation: PENDING
14:14:04 INFO  State of current operation: PENDING
14:14:07 INFO  State of current operation: PENDING
14:14:09 INFO  State of current operation: PENDING
14:14:11 INFO  State of current operation: PENDING
14:14:13 INFO  State of current operation: PENDING
14:14:16 INFO  State of current operation: PENDING
14:14:18 INFO  State of current operation: PENDING
14:14:20 INFO  State of current operation: PENDING
14:14:22 INFO  State of current operation: PENDING
14:14:25 INFO  State of current operation: PENDING
14:14:27 INFO  State of current operation: PENDING
14:14:29 INFO  State of current operation: PENDING
14:14:31 INFO  State of current operation: PENDING
14:14:34 INFO  State of current operation: PENDING
14:14:36 INFO  State of current operation: PENDING
14:14:38 INFO  State of current operation: PENDING
14:14:40 INFO  State of current operation: PENDING
14:14:43 INFO  State of current operation: PENDING
14:14:45 INFO  State of current operation: PENDING
14:14:47 INFO  State of current operation: PENDING
14:14:50 INFO  State of current operation: PENDING
14:14:52 INFO  State of current operation: PENDING
14:14:54 INFO  State of current operation: PENDING
14:14:56 INFO  State of current operation: PENDING
14:14:59 INFO  State of current operation: PENDING
14:15:01 INFO  State of current operation: PENDING
14:15:03 WARN  SystemError occurred while running test - Timeout while waiting for status FAILED or SUCCESSFUL
Traceback (most recent call last):
  File &quot;/home/pi/env-pysys/lib/python3.7/site-packages/pysys/baserunner.py&quot;, line 1292, in __call__
    self.testObj.setup()
  File &quot;/home/pi/actions-runner/_work/thin-edge.io/thin-edge.io/tests/PySys/software_management_end_to_end/sm_fake_install_remove_multiple/run.py&quot;, line 68, in setup
    super().setup()
  File &quot;/home/pi/actions-runner/_work/thin-edge.io/thin-edge.io/tests/PySys/software_management_end_to_end/environment_sm_management.py&quot;, line 151, in setup
    self.wait_until_end()
  File &quot;/home/pi/actions-runner/_work/thin-edge.io/thin-edge.io/tests/PySys/software_management_end_to_end/environment_sm_management.py&quot;, line 332, in wait_until_end
    self.wait_until_status(&quot;FAILED&quot;, &quot;SUCCESSFUL&quot;)
  File &quot;/home/pi/actions-runner/_work/thin-edge.io/thin-edge.io/tests/PySys/software_management_end_to_end/environment_sm_management.py&quot;, line 381, in wait_until_status
    &quot;Timeout while waiting for status %s or %s&quot; % (status, status2)
SystemError: Timeout while waiting for status FAILED or SUCCESSFUL
14:15:03 WARN  SystemError: Timeout while waiting for status FAILED or SUCCESSFUL ... blocked 
14:15:03 INFO  
14:15:03 INFO  cleanup:
14:15:07 INFO  Executed sudo&lt;tedge_disconnect_c8y&gt;, exit status 0
14:15:08 INFO  Executed systemctl&lt;serv_mapper5&gt;, exit status 3
14:15:08 INFO  
14:15:08 INFO  Test duration: 166.65 secs
14:15:08 INFO  Test final outcome:  BLOCKED
14:15:08 INFO  Test outcome reason: SystemError: Timeout while waiting for status FAILED or SUCCESSFUL
14:15:08 INFO  
</system-out>
	</testcase>
</testsuite>
