<?xml version="1.0" encoding="utf-8"?>
<testsuite failures="1" name="SoftwareManagement.sm_mixed_install_remove_multiple" skipped="0" tests="1" time="166.86" timestamp="2022-05-23T16:30:47">
	<testcase classname="PySysTest" name="SoftwareManagement.sm_mixed_install_remove_multiple">
		<failure message="BLOCKED: SystemError: Timeout while waiting for status FAILED or SUCCESSFUL" type="BLOCKED"/>
		<system-out>16:28:01 INFO  ==============================================================
16:28:01 INFO  Id:    SoftwareManagement.sm_mixed_install_remove_multiple
16:28:01 INFO  Dir:   software_management_end_to_end/
16:28:01 INFO  Title: Validate end to end behaviour for the dummy-plugin for multiple packages with mixed versions
16:28:01 INFO  ==============================================================
16:28:01 INFO  Using sw id database: {'asciijump': '5475369', 'robotfindskitten': '5474869', 'squirrel3': '5475279', 'rolldice': '5152439', 'moon-buggy': '5439204', 'apple': '5495053', 'banana': '5494888', 'cherry': '5495382', 'watermelon': '5494510', 'registry': '8018911', 'hello-world': '8021526', 'docker/getting-started': '8021973', 'alpine': '7991792'}
16:28:01 INFO  EnvironmentC8y Setup
16:28:01 INFO  Executed systemctl&lt;serv_mapper1&gt;, exit status 3
16:28:01 INFO  Restarting mosquitto too frequently in the last 10 seconds. It was only up for 4 seconds
16:28:01 INFO  Delaying execution by 7 seconds
16:28:23 INFO  Executed sudo&lt;tedge_connect_c8y&gt;, exit status 0, duration 14 secs
16:28:23 INFO  Executed sudo&lt;tedge_connect_c8y_test&gt;, exit status 0
16:28:24 INFO  Executed systemctl&lt;serv_mosq2&gt;, exit status 0
16:28:24 INFO  Executed systemctl&lt;serv_mapper3&gt;, exit status 0
16:28:26 INFO  State of current operation: PENDING
16:28:29 INFO  State of current operation: PENDING
16:28:31 INFO  State of current operation: PENDING
16:28:33 INFO  State of current operation: PENDING
16:28:35 INFO  State of current operation: PENDING
16:28:38 INFO  State of current operation: PENDING
16:28:40 INFO  State of current operation: PENDING
16:28:42 INFO  State of current operation: PENDING
16:28:44 INFO  State of current operation: PENDING
16:28:47 INFO  State of current operation: PENDING
16:28:49 INFO  State of current operation: PENDING
16:28:51 INFO  State of current operation: PENDING
16:28:53 INFO  State of current operation: PENDING
16:28:56 INFO  State of current operation: PENDING
16:28:58 INFO  State of current operation: PENDING
16:29:00 INFO  State of current operation: PENDING
16:29:02 INFO  State of current operation: PENDING
16:29:05 INFO  State of current operation: PENDING
16:29:07 INFO  State of current operation: PENDING
16:29:09 INFO  State of current operation: PENDING
16:29:11 INFO  State of current operation: PENDING
16:29:13 INFO  State of current operation: PENDING
16:29:16 INFO  State of current operation: PENDING
16:29:18 INFO  State of current operation: PENDING
16:29:20 INFO  State of current operation: PENDING
16:29:22 INFO  State of current operation: PENDING
16:29:25 INFO  State of current operation: PENDING
16:29:27 INFO  State of current operation: PENDING
16:29:29 INFO  State of current operation: PENDING
16:29:31 INFO  State of current operation: PENDING
16:29:34 INFO  State of current operation: PENDING
16:29:36 INFO  State of current operation: PENDING
16:29:38 INFO  State of current operation: PENDING
16:29:40 INFO  State of current operation: PENDING
16:29:42 INFO  State of current operation: PENDING
16:29:45 INFO  State of current operation: PENDING
16:29:47 INFO  State of current operation: PENDING
16:29:49 INFO  State of current operation: PENDING
16:29:51 INFO  State of current operation: PENDING
16:29:54 INFO  State of current operation: PENDING
16:29:56 INFO  State of current operation: PENDING
16:29:58 INFO  State of current operation: PENDING
16:30:00 INFO  State of current operation: PENDING
16:30:03 INFO  State of current operation: PENDING
16:30:05 INFO  State of current operation: PENDING
16:30:07 INFO  State of current operation: PENDING
16:30:09 INFO  State of current operation: PENDING
16:30:11 INFO  State of current operation: PENDING
16:30:14 INFO  State of current operation: PENDING
16:30:16 INFO  State of current operation: PENDING
16:30:18 INFO  State of current operation: PENDING
16:30:20 INFO  State of current operation: PENDING
16:30:23 INFO  State of current operation: PENDING
16:30:25 INFO  State of current operation: PENDING
16:30:27 INFO  State of current operation: PENDING
16:30:29 INFO  State of current operation: PENDING
16:30:32 INFO  State of current operation: PENDING
16:30:34 INFO  State of current operation: PENDING
16:30:36 INFO  State of current operation: PENDING
16:30:38 INFO  State of current operation: PENDING
16:30:41 INFO  State of current operation: PENDING
16:30:43 WARN  SystemError occurred while running test - Timeout while waiting for status FAILED or SUCCESSFUL
Traceback (most recent call last):
  File &quot;/home/pi/env-pysys/lib/python3.7/site-packages/pysys/baserunner.py&quot;, line 1292, in __call__
    self.testObj.setup()
  File &quot;/home/pi/actions-runner/_work/thin-edge.io/thin-edge.io/tests/PySys/software_management_end_to_end/sm_mixed_install_remove_multiple/run.py&quot;, line 83, in setup
    super().setup()
  File &quot;/home/pi/actions-runner/_work/thin-edge.io/thin-edge.io/tests/PySys/software_management_end_to_end/environment_sm_management.py&quot;, line 151, in setup
    self.wait_until_end()
  File &quot;/home/pi/actions-runner/_work/thin-edge.io/thin-edge.io/tests/PySys/software_management_end_to_end/environment_sm_management.py&quot;, line 332, in wait_until_end
    self.wait_until_status(&quot;FAILED&quot;, &quot;SUCCESSFUL&quot;)
  File &quot;/home/pi/actions-runner/_work/thin-edge.io/thin-edge.io/tests/PySys/software_management_end_to_end/environment_sm_management.py&quot;, line 381, in wait_until_status
    &quot;Timeout while waiting for status %s or %s&quot; % (status, status2)
SystemError: Timeout while waiting for status FAILED or SUCCESSFUL
16:30:43 WARN  SystemError: Timeout while waiting for status FAILED or SUCCESSFUL ... blocked 
16:30:43 INFO  
16:30:43 INFO  cleanup:
16:30:47 INFO  Executed sudo&lt;tedge_disconnect_c8y&gt;, exit status 0
16:30:47 INFO  Executed systemctl&lt;serv_mapper5&gt;, exit status 3
16:30:47 INFO  
16:30:47 INFO  Test duration: 166.86 secs
16:30:47 INFO  Test final outcome:  BLOCKED
16:30:47 INFO  Test outcome reason: SystemError: Timeout while waiting for status FAILED or SUCCESSFUL
16:30:47 INFO  
</system-out>
	</testcase>
</testsuite>
