<?xml version="1.0" encoding="utf-8"?>
<testsuite failures="1" name="SoftwareManagement.sm_mixed_install_remove_multiple" skipped="0" tests="1" time="164.84" timestamp="2022-06-17T09:59:51">
	<testcase classname="PySysTest" name="SoftwareManagement.sm_mixed_install_remove_multiple">
		<failure message="FAILED: Assert that (False == value) with value=True" type="FAILED"/>
		<system-out>09:57:07 INFO  ==============================================================
09:57:07 INFO  Id:    SoftwareManagement.sm_mixed_install_remove_multiple
09:57:07 INFO  Dir:   software_management_end_to_end/
09:57:07 INFO  Title: Validate end to end behaviour for the dummy-plugin for multiple packages with mixed versions
09:57:07 INFO  ==============================================================
09:57:07 INFO  Using sw id database: {'asciijump': '5475369', 'robotfindskitten': '5474869', 'squirrel3': '5475279', 'rolldice': '5152439', 'moon-buggy': '5439204', 'apple': '5495053', 'banana': '5494888', 'cherry': '5495382', 'watermelon': '5494510', 'registry': '8018911', 'hello-world': '8021526', 'docker/getting-started': '8021973', 'alpine': '7991792'}
09:57:07 INFO  EnvironmentC8y Setup
09:57:07 INFO  Executed systemctl&lt;serv_mapper1&gt;, exit status 3
09:57:07 INFO  Restarting mosquitto too frequently in the last 10 seconds. It was only up for 5 seconds
09:57:07 INFO  Delaying execution by 6 seconds
09:57:27 INFO  Executed sudo&lt;tedge_connect_c8y&gt;, exit status 0, duration 13 secs
09:57:28 INFO  Executed sudo&lt;tedge_connect_c8y_test&gt;, exit status 0
09:57:28 INFO  Executed systemctl&lt;serv_mosq2&gt;, exit status 0
09:57:29 INFO  Executed systemctl&lt;serv_mapper3&gt;, exit status 0
09:57:31 INFO  State of current operation: SUCCESSFUL
09:57:31 INFO  Package apple is installed
09:57:31 INFO  Assert that (True == value) with value=True ... passed
09:57:31 INFO  Package banana is installed
09:57:31 INFO  Assert that (True == value) with value=True ... passed
09:57:32 INFO  Package cherry is installed
09:57:32 INFO  Assert that (True == value) with value=True ... passed
09:57:32 INFO  Package asciijump is installed
09:57:32 WARN  Assert that (False == value) with value=True ... failed 
09:57:32 INFO  Assert that (False == value) with value=False ... passed
09:57:32 INFO  Response status: 201
09:57:32 INFO  Response to action: {
    &quot;creationTime&quot;: &quot;2022-06-17T09:57:32.767Z&quot;,
    &quot;deviceName&quot;: &quot;m32sd10a&quot;,
    &quot;deviceId&quot;: &quot;20260755&quot;,
    &quot;self&quot;: &quot;https://t493319102.eu-latest.cumulocity.com/devicecontrol/operations/20282746&quot;,
    &quot;id&quot;: &quot;20282746&quot;,
    &quot;status&quot;: &quot;PENDING&quot;,
    &quot;description&quot;: &quot;Apply software changes, triggered from PySys: [{'action': 'install', 'id': '5495053', 'name': 'apple', 'url': ' ', 'version': '::fruits'}, {'action': 'install', 'id': '5494888', 'name': 'banana', 'url': ' ', 'version': '::fruits'}, {'action': 'install', 'id': '5475369', 'name': 'asciijump', 'url': ' ', 'version': '::apt'}, {'action': 'install', 'id': '5495382', 'name': 'cherry', 'url': ' ', 'version': '::fruits'}, {'action': 'install', 'id': '8018911', 'name': 'registry', 'url': ' ', 'version': '::docker'}]&quot;,
    &quot;c8y_SoftwareUpdate&quot;: [
        {
            &quot;name&quot;: &quot;apple&quot;,
            &quot;action&quot;: &quot;install&quot;,
            &quot;id&quot;: &quot;5495053&quot;,
            &quot;version&quot;: &quot;::fruits&quot;,
            &quot;url&quot;: &quot; &quot;
        },
        {
            &quot;name&quot;: &quot;banana&quot;,
            &quot;action&quot;: &quot;install&quot;,
            &quot;id&quot;: &quot;5494888&quot;,
            &quot;version&quot;: &quot;::fruits&quot;,
            &quot;url&quot;: &quot; &quot;
        },
        {
            &quot;name&quot;: &quot;asciijump&quot;,
            &quot;action&quot;: &quot;install&quot;,
            &quot;id&quot;: &quot;5475369&quot;,
            &quot;version&quot;: &quot;::apt&quot;,
            &quot;url&quot;: &quot; &quot;
        },
        {
            &quot;name&quot;: &quot;cherry&quot;,
            &quot;action&quot;: &quot;install&quot;,
            &quot;id&quot;: &quot;5495382&quot;,
            &quot;version&quot;: &quot;::fruits&quot;,
            &quot;url&quot;: &quot; &quot;
        },
        {
            &quot;name&quot;: &quot;registry&quot;,
            &quot;action&quot;: &quot;install&quot;,
            &quot;id&quot;: &quot;8018911&quot;,
            &quot;version&quot;: &quot;::docker&quot;,
            &quot;url&quot;: &quot; &quot;
        }
    ]
}
09:57:32 INFO  Started operation: {'creationTime': '2022-06-17T09:57:32.767Z', 'deviceName': 'm32sd10a', 'deviceId': '20260755', 'self': 'https://t493319102.eu-latest.cumulocity.com/devicecontrol/operations/20282746', 'id': '20282746', 'status': 'PENDING', 'description': &quot;Apply software changes, triggered from PySys: [{'action': 'install', 'id': '5495053', 'name': 'apple', 'url': ' ', 'version': '::fruits'}, {'action': 'install', 'id': '5494888', 'name': 'banana', 'url': ' ', 'version': '::fruits'}, {'action': 'install', 'id': '5475369', 'name': 'asciijump', 'url': ' ', 'version': '::apt'}, {'action': 'install', 'id': '5495382', 'name': 'cherry', 'url': ' ', 'version': '::fruits'}, {'action': 'install', 'id': '8018911', 'name': 'registry', 'url': ' ', 'version': '::docker'}]&quot;, 'c8y_SoftwareUpdate': [{'name': 'apple', 'action': 'install', 'id': '5495053', 'version': '::fruits', 'url': ' '}, {'name': 'banana', 'action': 'install', 'id': '5494888', 'version': '::fruits', 'url': ' '}, {'name': 'asciijump', 'action': 'install', 'id': '5475369', 'version': '::apt', 'url': ' '}, {'name': 'cherry', 'action': 'install', 'id': '5495382', 'version': '::fruits', 'url': ' '}, {'name': 'registry', 'action': 'install', 'id': '8018911', 'version': '::docker', 'url': ' '}]}
09:57:35 INFO  State of operation 20282746 : PENDING
09:57:37 INFO  State of operation 20282746 : EXECUTING
09:57:39 INFO  State of operation 20282746 : EXECUTING
09:57:41 INFO  State of operation 20282746 : EXECUTING
09:57:43 INFO  State of operation 20282746 : EXECUTING
09:57:46 INFO  State of operation 20282746 : EXECUTING
09:57:49 INFO  State of operation 20282746 : EXECUTING
09:57:52 INFO  State of operation 20282746 : EXECUTING
09:57:54 INFO  State of operation 20282746 : EXECUTING
09:57:56 INFO  State of operation 20282746 : EXECUTING
09:57:58 INFO  State of operation 20282746 : EXECUTING
09:58:01 INFO  State of operation 20282746 : EXECUTING
09:58:03 INFO  State of operation 20282746 : EXECUTING
09:58:05 INFO  State of operation 20282746 : EXECUTING
09:58:07 INFO  State of operation 20282746 : EXECUTING
09:58:10 INFO  State of operation 20282746 : EXECUTING
09:58:12 INFO  State of operation 20282746 : EXECUTING
09:58:14 INFO  State of operation 20282746 : EXECUTING
09:58:16 INFO  State of operation 20282746 : EXECUTING
09:58:19 INFO  State of operation 20282746 : EXECUTING
09:58:21 INFO  State of operation 20282746 : EXECUTING
09:58:23 INFO  State of operation 20282746 : EXECUTING
09:58:26 INFO  State of operation 20282746 : EXECUTING
09:58:28 INFO  State of operation 20282746 : EXECUTING
09:58:30 INFO  State of operation 20282746 : EXECUTING
09:58:32 INFO  State of operation 20282746 : SUCCESSFUL
09:58:33 INFO  Package apple is installed
09:58:33 INFO  Assert that (True == value) with value=True ... passed
09:58:33 INFO  Package banana is installed
09:58:33 INFO  Assert that (True == value) with value=True ... passed
09:58:33 INFO  Package cherry is installed
09:58:33 INFO  Assert that (True == value) with value=True ... passed
09:58:33 INFO  Package asciijump is installed
09:58:33 INFO  Assert that (True == value) with value=True ... passed
09:58:34 INFO  Package registry is installed
09:58:34 INFO  Assert that (True == value) with value=True ... passed
09:58:34 INFO  Response status: 201
09:58:34 INFO  Response to action: {
    &quot;creationTime&quot;: &quot;2022-06-17T09:58:34.249Z&quot;,
    &quot;deviceName&quot;: &quot;m32sd10a&quot;,
    &quot;deviceId&quot;: &quot;20260755&quot;,
    &quot;self&quot;: &quot;https://t493319102.eu-latest.cumulocity.com/devicecontrol/operations/20282758&quot;,
    &quot;id&quot;: &quot;20282758&quot;,
    &quot;status&quot;: &quot;PENDING&quot;,
    &quot;description&quot;: &quot;Apply software changes, triggered from PySys: [{'action': 'delete', 'id': '5495053', 'name': 'apple', 'url': ' ', 'version': '::fruits'}, {'action': 'delete', 'id': '5494888', 'name': 'banana', 'url': ' ', 'version': '::fruits'}, {'action': 'delete', 'id': '5475369', 'name': 'asciijump', 'url': ' ', 'version': '::apt'}, {'action': 'delete', 'id': '5495382', 'name': 'cherry', 'url': ' ', 'version': '::fruits'}, {'action': 'delete', 'id': '8018911', 'name': 'registry', 'url': ' ', 'version': '::docker'}]&quot;,
    &quot;c8y_SoftwareUpdate&quot;: [
        {
            &quot;name&quot;: &quot;apple&quot;,
            &quot;action&quot;: &quot;delete&quot;,
            &quot;id&quot;: &quot;5495053&quot;,
            &quot;version&quot;: &quot;::fruits&quot;,
            &quot;url&quot;: &quot; &quot;
        },
        {
            &quot;name&quot;: &quot;banana&quot;,
            &quot;action&quot;: &quot;delete&quot;,
            &quot;id&quot;: &quot;5494888&quot;,
            &quot;version&quot;: &quot;::fruits&quot;,
            &quot;url&quot;: &quot; &quot;
        },
        {
            &quot;name&quot;: &quot;asciijump&quot;,
            &quot;action&quot;: &quot;delete&quot;,
            &quot;id&quot;: &quot;5475369&quot;,
            &quot;version&quot;: &quot;::apt&quot;,
            &quot;url&quot;: &quot; &quot;
        },
        {
            &quot;name&quot;: &quot;cherry&quot;,
            &quot;action&quot;: &quot;delete&quot;,
            &quot;id&quot;: &quot;5495382&quot;,
            &quot;version&quot;: &quot;::fruits&quot;,
            &quot;url&quot;: &quot; &quot;
        },
        {
            &quot;name&quot;: &quot;registry&quot;,
            &quot;action&quot;: &quot;delete&quot;,
            &quot;id&quot;: &quot;8018911&quot;,
            &quot;version&quot;: &quot;::docker&quot;,
            &quot;url&quot;: &quot; &quot;
        }
    ]
}
09:58:34 INFO  Started operation: {'creationTime': '2022-06-17T09:58:34.249Z', 'deviceName': 'm32sd10a', 'deviceId': '20260755', 'self': 'https://t493319102.eu-latest.cumulocity.com/devicecontrol/operations/20282758', 'id': '20282758', 'status': 'PENDING', 'description': &quot;Apply software changes, triggered from PySys: [{'action': 'delete', 'id': '5495053', 'name': 'apple', 'url': ' ', 'version': '::fruits'}, {'action': 'delete', 'id': '5494888', 'name': 'banana', 'url': ' ', 'version': '::fruits'}, {'action': 'delete', 'id': '5475369', 'name': 'asciijump', 'url': ' ', 'version': '::apt'}, {'action': 'delete', 'id': '5495382', 'name': 'cherry', 'url': ' ', 'version': '::fruits'}, {'action': 'delete', 'id': '8018911', 'name': 'registry', 'url': ' ', 'version': '::docker'}]&quot;, 'c8y_SoftwareUpdate': [{'name': 'apple', 'action': 'delete', 'id': '5495053', 'version': '::fruits', 'url': ' '}, {'name': 'banana', 'action': 'delete', 'id': '5494888', 'version': '::fruits', 'url': ' '}, {'name': 'asciijump', 'action': 'delete', 'id': '5475369', 'version': '::apt', 'url': ' '}, {'name': 'cherry', 'action': 'delete', 'id': '5495382', 'version': '::fruits', 'url': ' '}, {'name': 'registry', 'action': 'delete', 'id': '8018911', 'version': '::docker', 'url': ' '}]}
09:58:36 INFO  State of operation 20282758 : PENDING
09:58:38 INFO  State of operation 20282758 : EXECUTING
09:58:40 INFO  State of operation 20282758 : EXECUTING
09:58:43 INFO  State of operation 20282758 : EXECUTING
09:58:45 INFO  State of operation 20282758 : EXECUTING
09:58:47 INFO  State of operation 20282758 : EXECUTING
09:58:51 INFO  State of operation 20282758 : EXECUTING
09:58:53 INFO  State of operation 20282758 : EXECUTING
09:58:56 INFO  State of operation 20282758 : EXECUTING
09:58:58 INFO  State of operation 20282758 : EXECUTING
09:59:00 INFO  State of operation 20282758 : EXECUTING
09:59:03 INFO  State of operation 20282758 : EXECUTING
09:59:05 INFO  State of operation 20282758 : EXECUTING
09:59:07 INFO  State of operation 20282758 : EXECUTING
09:59:09 INFO  State of operation 20282758 : EXECUTING
09:59:12 INFO  State of operation 20282758 : EXECUTING
09:59:15 INFO  State of operation 20282758 : EXECUTING
09:59:17 INFO  State of operation 20282758 : EXECUTING
09:59:19 INFO  State of operation 20282758 : EXECUTING
09:59:21 INFO  State of operation 20282758 : EXECUTING
09:59:24 INFO  State of operation 20282758 : EXECUTING
09:59:26 INFO  State of operation 20282758 : EXECUTING
09:59:30 INFO  State of operation 20282758 : EXECUTING
09:59:32 INFO  State of operation 20282758 : EXECUTING
09:59:34 INFO  State of operation 20282758 : EXECUTING
09:59:36 INFO  State of operation 20282758 : EXECUTING
09:59:39 INFO  State of operation 20282758 : EXECUTING
09:59:41 INFO  State of operation 20282758 : EXECUTING
09:59:43 INFO  State of operation 20282758 : EXECUTING
09:59:45 INFO  State of operation 20282758 : SUCCESSFUL
09:59:46 INFO  Package apple is installed
09:59:46 INFO  Assert that (True == value) with value=True ... passed
09:59:46 INFO  Package banana is installed
09:59:46 INFO  Assert that (True == value) with value=True ... passed
09:59:46 INFO  Package cherry is installed
09:59:46 INFO  Assert that (True == value) with value=True ... passed
09:59:46 INFO  Assert that (False == value) with value=False ... passed
09:59:47 INFO  Assert that (False == value) with value=False ... passed
09:59:47 INFO  
09:59:47 INFO  cleanup:
09:59:51 INFO  Executed sudo&lt;tedge_disconnect_c8y&gt;, exit status 0
09:59:51 INFO  Executed systemctl&lt;serv_mapper5&gt;, exit status 3
09:59:51 INFO  
09:59:51 INFO  Test duration: 164.84 secs
09:59:51 INFO  Test final outcome:  FAILED
09:59:51 INFO  Test outcome reason: Assert that (False == value) with value=True
09:59:51 INFO  
</system-out>
	</testcase>
</testsuite>
