<?xml version="1.0" encoding="utf-8"?>
<testsuite failures="1" name="SoftwareManagement.Plugin.apama_plugin_update" skipped="0" tests="1" time="22.73" timestamp="2022-06-22T16:50:09">
	<testcase classname="ApamaPluginUpdateTest" name="SoftwareManagement.Plugin.apama_plugin_update">
		<failure message="BLOCKED: sudo&lt;plugin_install&gt; returned non-zero exit code 2" type="BLOCKED"/>
		<system-out>16:49:47 INFO  ==============================================================
16:49:47 INFO  Id:    SoftwareManagement.Plugin.apama_plugin_update
16:49:47 INFO  Dir:   plugin_apama/
16:49:47 INFO  Title: Validate apama plugin updating one project with another
16:49:47 INFO  ==============================================================
16:49:47 INFO  Assertion that path exists=False for &quot;/etc/tedge/apama/project&quot; ... passed
16:49:47 INFO  Executed sudo&lt;create_project_dir&gt;, exit status 0
16:49:48 INFO  Executed sudo&lt;unzip_apama_project&gt;, exit status 0
16:49:48 INFO  Executed sudo&lt;move_apama_project&gt;, exit status 0
16:49:49 INFO  Executed sudo&lt;restart_apama_service&gt;, exit status 0
16:49:50 INFO  Executed sudo&lt;apama_correlator_wait&gt;, exit status 0
16:49:50 INFO  Assertion that path exists=True for &quot;/etc/tedge/apama/project&quot; ... passed
16:49:51 INFO  Executed sudo&lt;apama_list_monitors&gt;, exit status 0
16:49:51 INFO  Grep on file /home/pi/actions-runner/_work/thin-edge.io/thin-edge.io/tests/PySys/plugin_apama/apama_plugin_update/Output/linux/apama_list_monitors.out ... passed
16:49:51 WARN  Executed sudo&lt;plugin_install&gt;, exit status 2
16:49:51 INFO  Contents of plugin_install.err: 
  ERROR: Directory not empty (os error 39)
  -----

16:49:52 WARN  sudo&lt;plugin_install&gt; returned non-zero exit code 2 ... blocked [run.py:35]
16:49:52 WARN  Aborted test due to BLOCKED outcome
16:49:52 INFO  
16:49:52 INFO  cleanup:
16:49:52 INFO  Removing apama project
16:50:08 INFO  Executed sudo&lt;stop_apama_service&gt;, exit status 0, duration 16 secs
16:50:09 INFO  Executed sudo&lt;remove_apama_project&gt;, exit status 0
16:50:09 INFO  Executed sudo&lt;remove_apama_tmp_dir&gt;, exit status 0
16:50:09 INFO  
16:50:09 INFO  Test duration: 22.73 secs
16:50:09 INFO  Test final outcome:  BLOCKED
16:50:09 INFO  Test outcome reason: sudo&lt;plugin_install&gt; returned non-zero exit code 2
16:50:09 INFO  
</system-out>
	</testcase>
</testsuite>
