<?xml version="1.0" encoding="utf-8"?>
<testsuite failures="1" name="SoftwareManagement.sm_mixed_install_remove_multiple" skipped="0" tests="1" time="165.71" timestamp="2022-07-22T05:14:45">
	<testcase classname="PySysTest" name="SoftwareManagement.sm_mixed_install_remove_multiple">
		<failure message="FAILED: Assert that (False == value) with value=True" type="FAILED"/>
		<system-out>05:11:59 INFO  ==============================================================
05:11:59 INFO  Id:    SoftwareManagement.sm_mixed_install_remove_multiple
05:11:59 INFO  Dir:   software_management_end_to_end/
05:11:59 INFO  Title: Validate end to end behaviour for the dummy-plugin for multiple packages with mixed versions
05:11:59 INFO  ==============================================================
05:11:59 INFO  Using sw id database: {'asciijump': '5475369', 'robotfindskitten': '5474869', 'squirrel3': '5475279', 'rolldice': '5152439', 'moon-buggy': '5439204', 'apple': '5495053', 'banana': '5494888', 'cherry': '5495382', 'watermelon': '5494510', 'registry': '8018911', 'hello-world': '8021526', 'docker/getting-started': '8021973', 'alpine': '7991792'}
05:11:59 INFO  EnvironmentC8y Setup
05:11:59 INFO  Executed systemctl&lt;serv_mapper1&gt;, exit status 3
05:12:00 INFO  Restarting mosquitto too frequently in the last 10 seconds. It was only up for 4 seconds
05:12:00 INFO  Delaying execution by 7 seconds
05:12:21 INFO  Executed sudo&lt;tedge_connect_c8y&gt;, exit status 0, duration 14 secs
05:12:22 INFO  Executed sudo&lt;tedge_connect_c8y_test&gt;, exit status 0
05:12:22 INFO  Executed systemctl&lt;serv_mosq2&gt;, exit status 0
05:12:23 INFO  Executed systemctl&lt;serv_mapper3&gt;, exit status 0
05:12:25 INFO  State of current operation: SUCCESSFUL
05:12:25 INFO  Package apple is installed
05:12:25 INFO  Assert that (True == value) with value=True ... passed
05:12:25 INFO  Package banana is installed
05:12:25 INFO  Assert that (True == value) with value=True ... passed
05:12:26 INFO  Package cherry is installed
05:12:26 INFO  Assert that (True == value) with value=True ... passed
05:12:26 INFO  Package asciijump is installed
05:12:26 WARN  Assert that (False == value) with value=True ... failed 
05:12:26 INFO  Assert that (False == value) with value=False ... passed
05:12:26 INFO  Response status: 201
05:12:26 INFO  Response to action: {
    &quot;creationTime&quot;: &quot;2022-07-22T05:12:26.893Z&quot;,
    &quot;deviceId&quot;: &quot;21231606&quot;,
    &quot;deviceName&quot;: &quot;m32sd10a&quot;,
    &quot;self&quot;: &quot;https://t493319102.eu-latest.cumulocity.com/devicecontrol/operations/21244421&quot;,
    &quot;id&quot;: &quot;21244421&quot;,
    &quot;status&quot;: &quot;PENDING&quot;,
    &quot;description&quot;: &quot;Apply software changes, triggered from PySys: [{'action': 'install', 'id': '5495053', 'name': 'apple', 'url': ' ', 'version': '::fruits'}, {'action': 'install', 'id': '5494888', 'name': 'banana', 'url': ' ', 'version': '::fruits'}, {'action': 'install', 'id': '5475369', 'name': 'asciijump', 'url': ' ', 'version': '::apt'}, {'action': 'install', 'id': '5495382', 'name': 'cherry', 'url': ' ', 'version': '::fruits'}, {'action': 'install', 'id': '8018911', 'name': 'registry', 'url': ' ', 'version': '::docker'}]&quot;,
    &quot;c8y_SoftwareUpdate&quot;: [
        {
            &quot;name&quot;: &quot;apple&quot;,
            &quot;action&quot;: &quot;install&quot;,
            &quot;id&quot;: &quot;5495053&quot;,
            &quot;version&quot;: &quot;::fruits&quot;,
            &quot;url&quot;: &quot; &quot;
        },
        {
            &quot;name&quot;: &quot;banana&quot;,
            &quot;action&quot;: &quot;install&quot;,
            &quot;id&quot;: &quot;5494888&quot;,
            &quot;version&quot;: &quot;::fruits&quot;,
            &quot;url&quot;: &quot; &quot;
        },
        {
            &quot;name&quot;: &quot;asciijump&quot;,
            &quot;action&quot;: &quot;install&quot;,
            &quot;id&quot;: &quot;5475369&quot;,
            &quot;version&quot;: &quot;::apt&quot;,
            &quot;url&quot;: &quot; &quot;
        },
        {
            &quot;name&quot;: &quot;cherry&quot;,
            &quot;action&quot;: &quot;install&quot;,
            &quot;id&quot;: &quot;5495382&quot;,
            &quot;version&quot;: &quot;::fruits&quot;,
            &quot;url&quot;: &quot; &quot;
        },
        {
            &quot;name&quot;: &quot;registry&quot;,
            &quot;action&quot;: &quot;install&quot;,
            &quot;id&quot;: &quot;8018911&quot;,
            &quot;version&quot;: &quot;::docker&quot;,
            &quot;url&quot;: &quot; &quot;
        }
    ]
}
05:12:26 INFO  Started operation: {'creationTime': '2022-07-22T05:12:26.893Z', 'deviceId': '21231606', 'deviceName': 'm32sd10a', 'self': 'https://t493319102.eu-latest.cumulocity.com/devicecontrol/operations/21244421', 'id': '21244421', 'status': 'PENDING', 'description': &quot;Apply software changes, triggered from PySys: [{'action': 'install', 'id': '5495053', 'name': 'apple', 'url': ' ', 'version': '::fruits'}, {'action': 'install', 'id': '5494888', 'name': 'banana', 'url': ' ', 'version': '::fruits'}, {'action': 'install', 'id': '5475369', 'name': 'asciijump', 'url': ' ', 'version': '::apt'}, {'action': 'install', 'id': '5495382', 'name': 'cherry', 'url': ' ', 'version': '::fruits'}, {'action': 'install', 'id': '8018911', 'name': 'registry', 'url': ' ', 'version': '::docker'}]&quot;, 'c8y_SoftwareUpdate': [{'name': 'apple', 'action': 'install', 'id': '5495053', 'version': '::fruits', 'url': ' '}, {'name': 'banana', 'action': 'install', 'id': '5494888', 'version': '::fruits', 'url': ' '}, {'name': 'asciijump', 'action': 'install', 'id': '5475369', 'version': '::apt', 'url': ' '}, {'name': 'cherry', 'action': 'install', 'id': '5495382', 'version': '::fruits', 'url': ' '}, {'name': 'registry', 'action': 'install', 'id': '8018911', 'version': '::docker', 'url': ' '}]}
05:12:29 INFO  State of operation 21244421 : PENDING
05:12:31 INFO  State of operation 21244421 : EXECUTING
05:12:33 INFO  State of operation 21244421 : EXECUTING
05:12:35 INFO  State of operation 21244421 : EXECUTING
05:12:38 INFO  State of operation 21244421 : EXECUTING
05:12:40 INFO  State of operation 21244421 : EXECUTING
05:12:43 INFO  State of operation 21244421 : EXECUTING
05:12:45 INFO  State of operation 21244421 : EXECUTING
05:12:48 INFO  State of operation 21244421 : EXECUTING
05:12:50 INFO  State of operation 21244421 : EXECUTING
05:12:52 INFO  State of operation 21244421 : EXECUTING
05:12:54 INFO  State of operation 21244421 : EXECUTING
05:12:57 INFO  State of operation 21244421 : EXECUTING
05:12:59 INFO  State of operation 21244421 : EXECUTING
05:13:01 INFO  State of operation 21244421 : EXECUTING
05:13:03 INFO  State of operation 21244421 : EXECUTING
05:13:06 INFO  State of operation 21244421 : EXECUTING
05:13:08 INFO  State of operation 21244421 : EXECUTING
05:13:10 INFO  State of operation 21244421 : EXECUTING
05:13:12 INFO  State of operation 21244421 : EXECUTING
05:13:15 INFO  State of operation 21244421 : EXECUTING
05:13:17 INFO  State of operation 21244421 : EXECUTING
05:13:19 INFO  State of operation 21244421 : EXECUTING
05:13:21 INFO  State of operation 21244421 : EXECUTING
05:13:24 INFO  State of operation 21244421 : EXECUTING
05:13:26 INFO  State of operation 21244421 : SUCCESSFUL
05:13:26 INFO  Package apple is installed
05:13:26 INFO  Assert that (True == value) with value=True ... passed
05:13:26 INFO  Package banana is installed
05:13:26 INFO  Assert that (True == value) with value=True ... passed
05:13:27 INFO  Package cherry is installed
05:13:27 INFO  Assert that (True == value) with value=True ... passed
05:13:27 INFO  Package asciijump is installed
05:13:27 INFO  Assert that (True == value) with value=True ... passed
05:13:27 INFO  Package registry is installed
05:13:27 INFO  Assert that (True == value) with value=True ... passed
05:13:27 INFO  Response status: 201
05:13:27 INFO  Response to action: {
    &quot;creationTime&quot;: &quot;2022-07-22T05:13:27.779Z&quot;,
    &quot;deviceId&quot;: &quot;21231606&quot;,
    &quot;deviceName&quot;: &quot;m32sd10a&quot;,
    &quot;self&quot;: &quot;https://t493319102.eu-latest.cumulocity.com/devicecontrol/operations/21244429&quot;,
    &quot;id&quot;: &quot;21244429&quot;,
    &quot;status&quot;: &quot;PENDING&quot;,
    &quot;description&quot;: &quot;Apply software changes, triggered from PySys: [{'action': 'delete', 'id': '5495053', 'name': 'apple', 'url': ' ', 'version': '::fruits'}, {'action': 'delete', 'id': '5494888', 'name': 'banana', 'url': ' ', 'version': '::fruits'}, {'action': 'delete', 'id': '5475369', 'name': 'asciijump', 'url': ' ', 'version': '::apt'}, {'action': 'delete', 'id': '5495382', 'name': 'cherry', 'url': ' ', 'version': '::fruits'}, {'action': 'delete', 'id': '8018911', 'name': 'registry', 'url': ' ', 'version': '::docker'}]&quot;,
    &quot;c8y_SoftwareUpdate&quot;: [
        {
            &quot;name&quot;: &quot;apple&quot;,
            &quot;action&quot;: &quot;delete&quot;,
            &quot;id&quot;: &quot;5495053&quot;,
            &quot;version&quot;: &quot;::fruits&quot;,
            &quot;url&quot;: &quot; &quot;
        },
        {
            &quot;name&quot;: &quot;banana&quot;,
            &quot;action&quot;: &quot;delete&quot;,
            &quot;id&quot;: &quot;5494888&quot;,
            &quot;version&quot;: &quot;::fruits&quot;,
            &quot;url&quot;: &quot; &quot;
        },
        {
            &quot;name&quot;: &quot;asciijump&quot;,
            &quot;action&quot;: &quot;delete&quot;,
            &quot;id&quot;: &quot;5475369&quot;,
            &quot;version&quot;: &quot;::apt&quot;,
            &quot;url&quot;: &quot; &quot;
        },
        {
            &quot;name&quot;: &quot;cherry&quot;,
            &quot;action&quot;: &quot;delete&quot;,
            &quot;id&quot;: &quot;5495382&quot;,
            &quot;version&quot;: &quot;::fruits&quot;,
            &quot;url&quot;: &quot; &quot;
        },
        {
            &quot;name&quot;: &quot;registry&quot;,
            &quot;action&quot;: &quot;delete&quot;,
            &quot;id&quot;: &quot;8018911&quot;,
            &quot;version&quot;: &quot;::docker&quot;,
            &quot;url&quot;: &quot; &quot;
        }
    ]
}
05:13:27 INFO  Started operation: {'creationTime': '2022-07-22T05:13:27.779Z', 'deviceId': '21231606', 'deviceName': 'm32sd10a', 'self': 'https://t493319102.eu-latest.cumulocity.com/devicecontrol/operations/21244429', 'id': '21244429', 'status': 'PENDING', 'description': &quot;Apply software changes, triggered from PySys: [{'action': 'delete', 'id': '5495053', 'name': 'apple', 'url': ' ', 'version': '::fruits'}, {'action': 'delete', 'id': '5494888', 'name': 'banana', 'url': ' ', 'version': '::fruits'}, {'action': 'delete', 'id': '5475369', 'name': 'asciijump', 'url': ' ', 'version': '::apt'}, {'action': 'delete', 'id': '5495382', 'name': 'cherry', 'url': ' ', 'version': '::fruits'}, {'action': 'delete', 'id': '8018911', 'name': 'registry', 'url': ' ', 'version': '::docker'}]&quot;, 'c8y_SoftwareUpdate': [{'name': 'apple', 'action': 'delete', 'id': '5495053', 'version': '::fruits', 'url': ' '}, {'name': 'banana', 'action': 'delete', 'id': '5494888', 'version': '::fruits', 'url': ' '}, {'name': 'asciijump', 'action': 'delete', 'id': '5475369', 'version': '::apt', 'url': ' '}, {'name': 'cherry', 'action': 'delete', 'id': '5495382', 'version': '::fruits', 'url': ' '}, {'name': 'registry', 'action': 'delete', 'id': '8018911', 'version': '::docker', 'url': ' '}]}
05:13:30 INFO  State of operation 21244429 : PENDING
05:13:32 INFO  State of operation 21244429 : EXECUTING
05:13:34 INFO  State of operation 21244429 : EXECUTING
05:13:36 INFO  State of operation 21244429 : EXECUTING
05:13:39 INFO  State of operation 21244429 : EXECUTING
05:13:41 INFO  State of operation 21244429 : EXECUTING
05:13:43 INFO  State of operation 21244429 : EXECUTING
05:13:46 INFO  State of operation 21244429 : EXECUTING
05:13:48 INFO  State of operation 21244429 : EXECUTING
05:13:51 INFO  State of operation 21244429 : EXECUTING
05:13:53 INFO  State of operation 21244429 : EXECUTING
05:13:55 INFO  State of operation 21244429 : EXECUTING
05:13:57 INFO  State of operation 21244429 : EXECUTING
05:14:00 INFO  State of operation 21244429 : EXECUTING
05:14:02 INFO  State of operation 21244429 : EXECUTING
05:14:05 INFO  State of operation 21244429 : EXECUTING
05:14:09 INFO  State of operation 21244429 : EXECUTING
05:14:11 INFO  State of operation 21244429 : EXECUTING
05:14:13 INFO  State of operation 21244429 : EXECUTING
05:14:15 INFO  State of operation 21244429 : EXECUTING
05:14:18 INFO  State of operation 21244429 : EXECUTING
05:14:20 INFO  State of operation 21244429 : EXECUTING
05:14:23 INFO  State of operation 21244429 : EXECUTING
05:14:25 INFO  State of operation 21244429 : EXECUTING
05:14:27 INFO  State of operation 21244429 : EXECUTING
05:14:29 INFO  State of operation 21244429 : EXECUTING
05:14:32 INFO  State of operation 21244429 : EXECUTING
05:14:34 INFO  State of operation 21244429 : EXECUTING
05:14:36 INFO  State of operation 21244429 : EXECUTING
05:14:38 INFO  State of operation 21244429 : SUCCESSFUL
05:14:39 INFO  Package apple is installed
05:14:39 INFO  Assert that (True == value) with value=True ... passed
05:14:39 INFO  Package banana is installed
05:14:39 INFO  Assert that (True == value) with value=True ... passed
05:14:39 INFO  Package cherry is installed
05:14:39 INFO  Assert that (True == value) with value=True ... passed
05:14:39 INFO  Assert that (False == value) with value=False ... passed
05:14:40 INFO  Assert that (False == value) with value=False ... passed
05:14:40 INFO  
05:14:40 INFO  cleanup:
05:14:44 INFO  Executed sudo&lt;tedge_disconnect_c8y&gt;, exit status 0
05:14:45 INFO  Executed systemctl&lt;serv_mapper5&gt;, exit status 3
05:14:45 INFO  
05:14:45 INFO  Test duration: 165.71 secs
05:14:45 INFO  Test final outcome:  FAILED
05:14:45 INFO  Test outcome reason: Assert that (False == value) with value=True
05:14:45 INFO  
</system-out>
	</testcase>
</testsuite>
