<?xml version="1.0" encoding="utf-8"?>
<testsuite failures="1" name="SoftwareManagement.sm_apt_install_remove_multiple_mixed" skipped="0" tests="1" time="179.39" timestamp="2022-06-22T19:54:35">
	<testcase classname="PySysTest" name="SoftwareManagement.sm_apt_install_remove_multiple_mixed">
		<failure message="BLOCKED: SystemError: Timeout while waiting for status SUCCESSFUL or False (+1 other failures)" type="BLOCKED"/>
		<system-out>19:51:36 INFO  ==============================================================
19:51:36 INFO  Id:    SoftwareManagement.sm_apt_install_remove_multiple_mixed
19:51:36 INFO  Dir:   software_management_end_to_end/
19:51:36 INFO  Title: Validate end to end behaviour for the apt plugin for multiple packages with mixed versions
19:51:36 INFO  ==============================================================
19:51:36 INFO  Using sw id database: {'asciijump': '5475369', 'robotfindskitten': '5474869', 'squirrel3': '5475279', 'rolldice': '5152439', 'moon-buggy': '5439204', 'apple': '5495053', 'banana': '5494888', 'cherry': '5495382', 'watermelon': '5494510', 'registry': '8018911', 'hello-world': '8021526', 'docker/getting-started': '8021973', 'alpine': '7991792'}
19:51:36 INFO  EnvironmentC8y Setup
19:51:37 INFO  Executed systemctl&lt;serv_mapper1&gt;, exit status 3
19:51:37 INFO  Restarting mosquitto too frequently in the last 10 seconds. It was only up for 4 seconds
19:51:37 INFO  Delaying execution by 7 seconds
19:51:58 INFO  Executed sudo&lt;tedge_connect_c8y&gt;, exit status 0, duration 14 secs
19:51:59 INFO  Executed sudo&lt;tedge_connect_c8y_test&gt;, exit status 0
19:51:59 INFO  Executed systemctl&lt;serv_mosq2&gt;, exit status 0
19:52:00 INFO  Executed systemctl&lt;serv_mapper3&gt;, exit status 0
19:52:02 INFO  State of current operation: SUCCESSFUL
19:52:02 INFO  Assert that (False == value) with value=False ... passed
19:52:02 INFO  Assert that (False == value) with value=False ... passed
19:52:03 INFO  Assert that (False == value) with value=False ... passed
19:52:03 INFO  Assert that (False == value) with value=False ... passed
19:52:03 INFO  Package moon-buggy is installed
19:52:03 WARN  Assert that (False == value) with value=True ... failed 
19:52:04 INFO  Response status: 201
19:52:04 INFO  Response to action: {
    &quot;creationTime&quot;: &quot;2022-06-22T19:52:04.840Z&quot;,
    &quot;deviceName&quot;: &quot;m32sd10a&quot;,
    &quot;deviceId&quot;: &quot;20418368&quot;,
    &quot;self&quot;: &quot;https://t493319102.eu-latest.cumulocity.com/devicecontrol/operations/20449543&quot;,
    &quot;id&quot;: &quot;20449543&quot;,
    &quot;status&quot;: &quot;PENDING&quot;,
    &quot;description&quot;: &quot;Apply software changes, triggered from PySys: [{'action': 'install', 'id': '5475369', 'name': 'asciijump', 'url': ' ', 'version': '::apt'}, {'action': 'install', 'id': '5474869', 'name': 'robotfindskitten', 'url': ' ', 'version': ' '}, {'action': 'install', 'id': '5475279', 'name': 'squirrel3', 'url': ' ', 'version': '3.1-7::apt'}, {'action': 'install', 'id': '5152439', 'name': 'rolldice', 'url': ' ', 'version': '1.16-1+b1'}, {'action': 'install', 'id': '5439204', 'name': 'moon-buggy', 'url': ' ', 'version': '1:1.0.51-12'}, {'action': 'install', 'id': '5475369', 'name': 'asciijump', 'url': ' ', 'version': '::apt'}]&quot;,
    &quot;c8y_SoftwareUpdate&quot;: [
        {
            &quot;name&quot;: &quot;asciijump&quot;,
            &quot;action&quot;: &quot;install&quot;,
            &quot;id&quot;: &quot;5475369&quot;,
            &quot;version&quot;: &quot;::apt&quot;,
            &quot;url&quot;: &quot; &quot;
        },
        {
            &quot;name&quot;: &quot;robotfindskitten&quot;,
            &quot;action&quot;: &quot;install&quot;,
            &quot;id&quot;: &quot;5474869&quot;,
            &quot;version&quot;: &quot; &quot;,
            &quot;url&quot;: &quot; &quot;
        },
        {
            &quot;name&quot;: &quot;squirrel3&quot;,
            &quot;action&quot;: &quot;install&quot;,
            &quot;id&quot;: &quot;5475279&quot;,
            &quot;version&quot;: &quot;3.1-7::apt&quot;,
            &quot;url&quot;: &quot; &quot;
        },
        {
            &quot;name&quot;: &quot;rolldice&quot;,
            &quot;action&quot;: &quot;install&quot;,
            &quot;id&quot;: &quot;5152439&quot;,
            &quot;version&quot;: &quot;1.16-1+b1&quot;,
            &quot;url&quot;: &quot; &quot;
        },
        {
            &quot;name&quot;: &quot;moon-buggy&quot;,
            &quot;action&quot;: &quot;install&quot;,
            &quot;id&quot;: &quot;5439204&quot;,
            &quot;version&quot;: &quot;1:1.0.51-12&quot;,
            &quot;url&quot;: &quot; &quot;
        },
        {
            &quot;name&quot;: &quot;asciijump&quot;,
            &quot;action&quot;: &quot;install&quot;,
            &quot;id&quot;: &quot;5475369&quot;,
            &quot;version&quot;: &quot;::apt&quot;,
            &quot;url&quot;: &quot; &quot;
        }
    ]
}
19:52:04 INFO  Started operation: {'creationTime': '2022-06-22T19:52:04.840Z', 'deviceName': 'm32sd10a', 'deviceId': '20418368', 'self': 'https://t493319102.eu-latest.cumulocity.com/devicecontrol/operations/20449543', 'id': '20449543', 'status': 'PENDING', 'description': &quot;Apply software changes, triggered from PySys: [{'action': 'install', 'id': '5475369', 'name': 'asciijump', 'url': ' ', 'version': '::apt'}, {'action': 'install', 'id': '5474869', 'name': 'robotfindskitten', 'url': ' ', 'version': ' '}, {'action': 'install', 'id': '5475279', 'name': 'squirrel3', 'url': ' ', 'version': '3.1-7::apt'}, {'action': 'install', 'id': '5152439', 'name': 'rolldice', 'url': ' ', 'version': '1.16-1+b1'}, {'action': 'install', 'id': '5439204', 'name': 'moon-buggy', 'url': ' ', 'version': '1:1.0.51-12'}, {'action': 'install', 'id': '5475369', 'name': 'asciijump', 'url': ' ', 'version': '::apt'}]&quot;, 'c8y_SoftwareUpdate': [{'name': 'asciijump', 'action': 'install', 'id': '5475369', 'version': '::apt', 'url': ' '}, {'name': 'robotfindskitten', 'action': 'install', 'id': '5474869', 'version': ' ', 'url': ' '}, {'name': 'squirrel3', 'action': 'install', 'id': '5475279', 'version': '3.1-7::apt', 'url': ' '}, {'name': 'rolldice', 'action': 'install', 'id': '5152439', 'version': '1.16-1+b1', 'url': ' '}, {'name': 'moon-buggy', 'action': 'install', 'id': '5439204', 'version': '1:1.0.51-12', 'url': ' '}, {'name': 'asciijump', 'action': 'install', 'id': '5475369', 'version': '::apt', 'url': ' '}]}
19:52:07 INFO  State of operation 20449543 : PENDING
19:52:09 INFO  State of operation 20449543 : EXECUTING
19:52:11 INFO  State of operation 20449543 : EXECUTING
19:52:13 INFO  State of operation 20449543 : EXECUTING
19:52:15 INFO  State of operation 20449543 : EXECUTING
19:52:18 INFO  State of operation 20449543 : EXECUTING
19:52:20 INFO  State of operation 20449543 : EXECUTING
19:52:23 INFO  State of operation 20449543 : EXECUTING
19:52:26 INFO  State of operation 20449543 : EXECUTING
19:52:28 INFO  State of operation 20449543 : EXECUTING
19:52:30 INFO  State of operation 20449543 : EXECUTING
19:52:32 INFO  State of operation 20449543 : EXECUTING
19:52:35 INFO  State of operation 20449543 : EXECUTING
19:52:37 INFO  State of operation 20449543 : EXECUTING
19:52:39 INFO  State of operation 20449543 : EXECUTING
19:52:41 INFO  State of operation 20449543 : EXECUTING
19:52:44 INFO  State of operation 20449543 : EXECUTING
19:52:46 INFO  State of operation 20449543 : EXECUTING
19:52:49 INFO  State of operation 20449543 : EXECUTING
19:52:51 INFO  State of operation 20449543 : EXECUTING
19:52:54 INFO  State of operation 20449543 : EXECUTING
19:52:56 INFO  State of operation 20449543 : EXECUTING
19:52:59 INFO  State of operation 20449543 : EXECUTING
19:53:01 INFO  State of operation 20449543 : EXECUTING
19:53:03 INFO  State of operation 20449543 : EXECUTING
19:53:06 INFO  State of operation 20449543 : EXECUTING
19:53:08 INFO  State of operation 20449543 : EXECUTING
19:53:10 INFO  State of operation 20449543 : EXECUTING
19:53:12 INFO  State of operation 20449543 : EXECUTING
19:53:15 INFO  State of operation 20449543 : EXECUTING
19:53:17 INFO  State of operation 20449543 : EXECUTING
19:53:19 INFO  State of operation 20449543 : EXECUTING
19:53:21 INFO  State of operation 20449543 : EXECUTING
19:53:24 INFO  State of operation 20449543 : EXECUTING
19:53:26 INFO  State of operation 20449543 : EXECUTING
19:53:28 INFO  State of operation 20449543 : EXECUTING
19:53:30 INFO  State of operation 20449543 : EXECUTING
19:53:33 INFO  State of operation 20449543 : EXECUTING
19:53:35 INFO  State of operation 20449543 : EXECUTING
19:53:38 INFO  State of operation 20449543 : EXECUTING
19:53:40 INFO  State of operation 20449543 : EXECUTING
19:53:43 INFO  State of operation 20449543 : EXECUTING
19:53:45 INFO  State of operation 20449543 : EXECUTING
19:53:47 INFO  State of operation 20449543 : EXECUTING
19:53:49 INFO  State of operation 20449543 : EXECUTING
19:53:51 INFO  State of operation 20449543 : EXECUTING
19:53:54 INFO  State of operation 20449543 : EXECUTING
19:53:56 INFO  State of operation 20449543 : EXECUTING
19:53:59 INFO  State of operation 20449543 : EXECUTING
19:54:01 INFO  State of operation 20449543 : EXECUTING
19:54:04 INFO  State of operation 20449543 : EXECUTING
19:54:06 INFO  State of operation 20449543 : EXECUTING
19:54:08 INFO  State of operation 20449543 : EXECUTING
19:54:11 INFO  State of operation 20449543 : EXECUTING
19:54:14 INFO  State of operation 20449543 : EXECUTING
19:54:16 INFO  State of operation 20449543 : EXECUTING
19:54:19 INFO  State of operation 20449543 : EXECUTING
19:54:21 INFO  State of operation 20449543 : EXECUTING
19:54:24 INFO  State of operation 20449543 : EXECUTING
19:54:26 INFO  State of operation 20449543 : EXECUTING
19:54:28 INFO  State of operation 20449543 : EXECUTING
19:54:30 WARN  SystemError occurred while running test - Timeout while waiting for status SUCCESSFUL or False
Traceback (most recent call last):
  File &quot;/home/pi/env-pysys/lib/python3.7/site-packages/pysys/baserunner.py&quot;, line 1294, in __call__
    self.testObj.execute()
  File &quot;/home/pi/actions-runner/_work/thin-edge.io/thin-edge.io/tests/PySys/software_management_end_to_end/sm_apt_install_remove_multiple_mixed/run.py&quot;, line 89, in execute
    self.wait_until_succcess()
  File &quot;/home/pi/actions-runner/_work/thin-edge.io/thin-edge.io/tests/PySys/software_management_end_to_end/environment_sm_management.py&quot;, line 324, in wait_until_succcess
    self.wait_until_status(&quot;SUCCESSFUL&quot;)
  File &quot;/home/pi/actions-runner/_work/thin-edge.io/thin-edge.io/tests/PySys/software_management_end_to_end/environment_sm_management.py&quot;, line 381, in wait_until_status
    &quot;Timeout while waiting for status %s or %s&quot; % (status, status2)
SystemError: Timeout while waiting for status SUCCESSFUL or False
19:54:30 WARN  SystemError: Timeout while waiting for status SUCCESSFUL or False ... blocked 
19:54:30 INFO  
19:54:30 INFO  cleanup:
19:54:35 INFO  Executed sudo&lt;tedge_disconnect_c8y&gt;, exit status 0
19:54:35 INFO  Executed systemctl&lt;serv_mapper5&gt;, exit status 3
19:54:35 INFO  
19:54:35 INFO  Test duration: 179.39 secs
19:54:35 INFO  Test final outcome:  BLOCKED
19:54:35 INFO  Test outcome reason: SystemError: Timeout while waiting for status SUCCESSFUL or False (+1 other failures)
19:54:35 INFO  
</system-out>
	</testcase>
</testsuite>
