<?xml version="1.0" encoding="utf-8"?>
<testsuite failures="1" name="SoftwareManagement.sm_apt_install_remove_multiple" skipped="0" tests="1" time="139.13" timestamp="2022-07-22T18:36:40">
	<testcase classname="PySysTest" name="SoftwareManagement.sm_apt_install_remove_multiple">
		<failure message="FAILED: Assert that (False == value) with value=True (+2 other failures)" type="FAILED"/>
		<system-out>18:34:21 INFO  ==============================================================
18:34:21 INFO  Id:    SoftwareManagement.sm_apt_install_remove_multiple
18:34:21 INFO  Dir:   software_management_end_to_end/
18:34:21 INFO  Title: Validate end to end behaviour for the apt plugin for multiple packages
18:34:21 INFO  ==============================================================
18:34:21 INFO  Using sw id database: {'asciijump': '5475369', 'robotfindskitten': '5474869', 'squirrel3': '5475279', 'rolldice': '5152439', 'moon-buggy': '5439204', 'apple': '5495053', 'banana': '5494888', 'cherry': '5495382', 'watermelon': '5494510', 'registry': '8018911', 'hello-world': '8021526', 'docker/getting-started': '8021973', 'alpine': '7991792'}
18:34:21 INFO  EnvironmentC8y Setup
18:34:22 INFO  Executed systemctl&lt;serv_mapper1&gt;, exit status 3
18:34:22 INFO  Restarting mosquitto too frequently in the last 10 seconds. It was only up for 4 seconds
18:34:22 INFO  Delaying execution by 7 seconds
18:34:43 INFO  Executed sudo&lt;tedge_connect_c8y&gt;, exit status 0, duration 14 secs
18:34:44 INFO  Executed sudo&lt;tedge_connect_c8y_test&gt;, exit status 0
18:34:44 INFO  Executed systemctl&lt;serv_mosq2&gt;, exit status 0
18:34:45 INFO  Executed systemctl&lt;serv_mapper3&gt;, exit status 0
18:34:47 INFO  State of current operation: SUCCESSFUL
18:34:47 INFO  Assert that (False == value) with value=False ... passed
18:34:47 INFO  Package asciijump is installed
18:34:48 WARN  Assert that (False == value) with value=True ... failed 
18:34:48 INFO  Package squirrel3 is installed
18:34:48 WARN  Assert that (False == value) with value=True ... failed 
18:34:48 INFO  Package robotfindskitten is installed
18:34:48 WARN  Assert that (False == value) with value=True ... failed 
18:34:48 INFO  Response status: 201
18:34:48 INFO  Response to action: {
    &quot;creationTime&quot;: &quot;2022-07-22T18:34:48.846Z&quot;,
    &quot;deviceId&quot;: &quot;21301717&quot;,
    &quot;deviceName&quot;: &quot;m32sd10a&quot;,
    &quot;self&quot;: &quot;https://t493319102.eu-latest.cumulocity.com/devicecontrol/operations/21313625&quot;,
    &quot;id&quot;: &quot;21313625&quot;,
    &quot;status&quot;: &quot;PENDING&quot;,
    &quot;description&quot;: &quot;Apply software changes, triggered from PySys: [{'action': 'install', 'id': '5475369', 'name': 'asciijump', 'url': ' ', 'version': '::apt'}, {'action': 'install', 'id': '5474869', 'name': 'robotfindskitten', 'url': ' ', 'version': '::apt'}, {'action': 'install', 'id': '5475279', 'name': 'squirrel3', 'url': ' ', 'version': '::apt'}]&quot;,
    &quot;c8y_SoftwareUpdate&quot;: [
        {
            &quot;name&quot;: &quot;asciijump&quot;,
            &quot;action&quot;: &quot;install&quot;,
            &quot;id&quot;: &quot;5475369&quot;,
            &quot;version&quot;: &quot;::apt&quot;,
            &quot;url&quot;: &quot; &quot;
        },
        {
            &quot;name&quot;: &quot;robotfindskitten&quot;,
            &quot;action&quot;: &quot;install&quot;,
            &quot;id&quot;: &quot;5474869&quot;,
            &quot;version&quot;: &quot;::apt&quot;,
            &quot;url&quot;: &quot; &quot;
        },
        {
            &quot;name&quot;: &quot;squirrel3&quot;,
            &quot;action&quot;: &quot;install&quot;,
            &quot;id&quot;: &quot;5475279&quot;,
            &quot;version&quot;: &quot;::apt&quot;,
            &quot;url&quot;: &quot; &quot;
        }
    ]
}
18:34:48 INFO  Started operation: {'creationTime': '2022-07-22T18:34:48.846Z', 'deviceId': '21301717', 'deviceName': 'm32sd10a', 'self': 'https://t493319102.eu-latest.cumulocity.com/devicecontrol/operations/21313625', 'id': '21313625', 'status': 'PENDING', 'description': &quot;Apply software changes, triggered from PySys: [{'action': 'install', 'id': '5475369', 'name': 'asciijump', 'url': ' ', 'version': '::apt'}, {'action': 'install', 'id': '5474869', 'name': 'robotfindskitten', 'url': ' ', 'version': '::apt'}, {'action': 'install', 'id': '5475279', 'name': 'squirrel3', 'url': ' ', 'version': '::apt'}]&quot;, 'c8y_SoftwareUpdate': [{'name': 'asciijump', 'action': 'install', 'id': '5475369', 'version': '::apt', 'url': ' '}, {'name': 'robotfindskitten', 'action': 'install', 'id': '5474869', 'version': '::apt', 'url': ' '}, {'name': 'squirrel3', 'action': 'install', 'id': '5475279', 'version': '::apt', 'url': ' '}]}
18:34:51 INFO  State of operation 21313625 : PENDING
18:34:53 INFO  State of operation 21313625 : EXECUTING
18:34:55 INFO  State of operation 21313625 : EXECUTING
18:34:57 INFO  State of operation 21313625 : EXECUTING
18:35:00 INFO  State of operation 21313625 : EXECUTING
18:35:02 INFO  State of operation 21313625 : EXECUTING
18:35:05 INFO  State of operation 21313625 : EXECUTING
18:35:07 INFO  State of operation 21313625 : EXECUTING
18:35:10 INFO  State of operation 21313625 : EXECUTING
18:35:12 INFO  State of operation 21313625 : EXECUTING
18:35:14 INFO  State of operation 21313625 : EXECUTING
18:35:17 INFO  State of operation 21313625 : EXECUTING
18:35:19 INFO  State of operation 21313625 : EXECUTING
18:35:21 INFO  State of operation 21313625 : EXECUTING
18:35:23 INFO  State of operation 21313625 : EXECUTING
18:35:25 INFO  State of operation 21313625 : SUCCESSFUL
18:35:26 INFO  Assert that (False == value) with value=False ... passed
18:35:26 INFO  Package asciijump is installed
18:35:26 INFO  Assert that (True == value) with value=True ... passed
18:35:26 INFO  Package squirrel3 is installed
18:35:26 INFO  Assert that (True == value) with value=True ... passed
18:35:26 INFO  Package robotfindskitten is installed
18:35:26 INFO  Assert that (True == value) with value=True ... passed
18:35:27 INFO  Response status: 201
18:35:27 INFO  Response to action: {
    &quot;creationTime&quot;: &quot;2022-07-22T18:35:27.067Z&quot;,
    &quot;deviceId&quot;: &quot;21301717&quot;,
    &quot;deviceName&quot;: &quot;m32sd10a&quot;,
    &quot;self&quot;: &quot;https://t493319102.eu-latest.cumulocity.com/devicecontrol/operations/21313636&quot;,
    &quot;id&quot;: &quot;21313636&quot;,
    &quot;status&quot;: &quot;PENDING&quot;,
    &quot;description&quot;: &quot;Apply software changes, triggered from PySys: [{'action': 'delete', 'id': '5475369', 'name': 'asciijump', 'url': ' ', 'version': '::apt'}, {'action': 'delete', 'id': '5474869', 'name': 'robotfindskitten', 'url': ' ', 'version': '::apt'}, {'action': 'delete', 'id': '5475279', 'name': 'squirrel3', 'url': ' ', 'version': '::apt'}]&quot;,
    &quot;c8y_SoftwareUpdate&quot;: [
        {
            &quot;name&quot;: &quot;asciijump&quot;,
            &quot;action&quot;: &quot;delete&quot;,
            &quot;id&quot;: &quot;5475369&quot;,
            &quot;version&quot;: &quot;::apt&quot;,
            &quot;url&quot;: &quot; &quot;
        },
        {
            &quot;name&quot;: &quot;robotfindskitten&quot;,
            &quot;action&quot;: &quot;delete&quot;,
            &quot;id&quot;: &quot;5474869&quot;,
            &quot;version&quot;: &quot;::apt&quot;,
            &quot;url&quot;: &quot; &quot;
        },
        {
            &quot;name&quot;: &quot;squirrel3&quot;,
            &quot;action&quot;: &quot;delete&quot;,
            &quot;id&quot;: &quot;5475279&quot;,
            &quot;version&quot;: &quot;::apt&quot;,
            &quot;url&quot;: &quot; &quot;
        }
    ]
}
18:35:27 INFO  Started operation: {'creationTime': '2022-07-22T18:35:27.067Z', 'deviceId': '21301717', 'deviceName': 'm32sd10a', 'self': 'https://t493319102.eu-latest.cumulocity.com/devicecontrol/operations/21313636', 'id': '21313636', 'status': 'PENDING', 'description': &quot;Apply software changes, triggered from PySys: [{'action': 'delete', 'id': '5475369', 'name': 'asciijump', 'url': ' ', 'version': '::apt'}, {'action': 'delete', 'id': '5474869', 'name': 'robotfindskitten', 'url': ' ', 'version': '::apt'}, {'action': 'delete', 'id': '5475279', 'name': 'squirrel3', 'url': ' ', 'version': '::apt'}]&quot;, 'c8y_SoftwareUpdate': [{'name': 'asciijump', 'action': 'delete', 'id': '5475369', 'version': '::apt', 'url': ' '}, {'name': 'robotfindskitten', 'action': 'delete', 'id': '5474869', 'version': '::apt', 'url': ' '}, {'name': 'squirrel3', 'action': 'delete', 'id': '5475279', 'version': '::apt', 'url': ' '}]}
18:35:29 INFO  State of operation 21313636 : PENDING
18:35:31 INFO  State of operation 21313636 : EXECUTING
18:35:33 INFO  State of operation 21313636 : EXECUTING
18:35:35 INFO  State of operation 21313636 : EXECUTING
18:35:38 INFO  State of operation 21313636 : EXECUTING
18:35:40 INFO  State of operation 21313636 : EXECUTING
18:35:43 INFO  State of operation 21313636 : EXECUTING
18:35:46 INFO  State of operation 21313636 : EXECUTING
18:35:48 INFO  State of operation 21313636 : EXECUTING
18:35:50 INFO  State of operation 21313636 : EXECUTING
18:35:53 INFO  State of operation 21313636 : EXECUTING
18:35:55 INFO  State of operation 21313636 : EXECUTING
18:35:57 INFO  State of operation 21313636 : EXECUTING
18:35:59 INFO  State of operation 21313636 : EXECUTING
18:36:02 INFO  State of operation 21313636 : EXECUTING
18:36:04 INFO  State of operation 21313636 : EXECUTING
18:36:06 INFO  State of operation 21313636 : EXECUTING
18:36:09 INFO  State of operation 21313636 : EXECUTING
18:36:11 INFO  State of operation 21313636 : EXECUTING
18:36:14 INFO  State of operation 21313636 : EXECUTING
18:36:16 INFO  State of operation 21313636 : EXECUTING
18:36:18 INFO  State of operation 21313636 : EXECUTING
18:36:20 INFO  State of operation 21313636 : EXECUTING
18:36:23 INFO  State of operation 21313636 : EXECUTING
18:36:26 INFO  State of operation 21313636 : EXECUTING
18:36:28 INFO  State of operation 21313636 : EXECUTING
18:36:30 INFO  State of operation 21313636 : EXECUTING
18:36:33 INFO  State of operation 21313636 : EXECUTING
18:36:35 INFO  State of operation 21313636 : SUCCESSFUL
18:36:35 INFO  Assert that (False == value) with value=False ... passed
18:36:35 INFO  Assert that (False == value) with value=False ... passed
18:36:35 INFO  Assert that (False == value) with value=False ... passed
18:36:36 INFO  Assert that (False == value) with value=False ... passed
18:36:36 INFO  
18:36:36 INFO  cleanup:
18:36:40 INFO  Executed sudo&lt;tedge_disconnect_c8y&gt;, exit status 0
18:36:40 INFO  Executed systemctl&lt;serv_mapper5&gt;, exit status 3
18:36:40 INFO  
18:36:40 INFO  Test duration: 139.13 secs
18:36:40 INFO  Test final outcome:  FAILED
18:36:40 INFO  Test outcome reason: Assert that (False == value) with value=True (+2 other failures)
18:36:40 INFO  
</system-out>
	</testcase>
</testsuite>
