<?xml version="1.0" encoding="utf-8"?>
<testsuite failures="1" name="SoftwareManagement.sm_apt_install_remove_multiple_mixed" skipped="0" tests="1" time="177.25" timestamp="2022-07-21T17:35:07">
	<testcase classname="PySysTest" name="SoftwareManagement.sm_apt_install_remove_multiple_mixed">
		<failure message="BLOCKED: SystemError: Timeout while waiting for status SUCCESSFUL or False (+1 other failures)" type="BLOCKED"/>
		<system-out>17:32:09 INFO  ==============================================================
17:32:09 INFO  Id:    SoftwareManagement.sm_apt_install_remove_multiple_mixed
17:32:09 INFO  Dir:   software_management_end_to_end/
17:32:09 INFO  Title: Validate end to end behaviour for the apt plugin for multiple packages with mixed versions
17:32:09 INFO  ==============================================================
17:32:09 INFO  Using sw id database: {'asciijump': '5475369', 'robotfindskitten': '5474869', 'squirrel3': '5475279', 'rolldice': '5152439', 'moon-buggy': '5439204', 'apple': '5495053', 'banana': '5494888', 'cherry': '5495382', 'watermelon': '5494510', 'registry': '8018911', 'hello-world': '8021526', 'docker/getting-started': '8021973', 'alpine': '7991792'}
17:32:09 INFO  EnvironmentC8y Setup
17:32:10 INFO  Executed systemctl&lt;serv_mapper1&gt;, exit status 3
17:32:10 INFO  Restarting mosquitto too frequently in the last 10 seconds. It was only up for 5 seconds
17:32:10 INFO  Delaying execution by 6 seconds
17:32:30 INFO  Executed sudo&lt;tedge_connect_c8y&gt;, exit status 0, duration 13 secs
17:32:31 INFO  Executed sudo&lt;tedge_connect_c8y_test&gt;, exit status 0
17:32:31 INFO  Executed systemctl&lt;serv_mosq2&gt;, exit status 0
17:32:32 INFO  Executed systemctl&lt;serv_mapper3&gt;, exit status 0
17:32:34 INFO  State of current operation: SUCCESSFUL
17:32:34 INFO  Assert that (False == value) with value=False ... passed
17:32:34 INFO  Assert that (False == value) with value=False ... passed
17:32:35 INFO  Assert that (False == value) with value=False ... passed
17:32:35 INFO  Assert that (False == value) with value=False ... passed
17:32:35 INFO  Package moon-buggy is installed
17:32:35 WARN  Assert that (False == value) with value=True ... failed 
17:32:36 INFO  Response status: 201
17:32:36 INFO  Response to action: {
    &quot;creationTime&quot;: &quot;2022-07-21T17:32:36.901Z&quot;,
    &quot;deviceId&quot;: &quot;21119832&quot;,
    &quot;deviceName&quot;: &quot;m32sd10a&quot;,
    &quot;self&quot;: &quot;https://t493319102.eu-latest.cumulocity.com/devicecontrol/operations/21163730&quot;,
    &quot;id&quot;: &quot;21163730&quot;,
    &quot;status&quot;: &quot;PENDING&quot;,
    &quot;description&quot;: &quot;Apply software changes, triggered from PySys: [{'action': 'install', 'id': '5475369', 'name': 'asciijump', 'url': ' ', 'version': '::apt'}, {'action': 'install', 'id': '5474869', 'name': 'robotfindskitten', 'url': ' ', 'version': ' '}, {'action': 'install', 'id': '5475279', 'name': 'squirrel3', 'url': ' ', 'version': '3.1-7::apt'}, {'action': 'install', 'id': '5152439', 'name': 'rolldice', 'url': ' ', 'version': '1.16-1+b1'}, {'action': 'install', 'id': '5439204', 'name': 'moon-buggy', 'url': ' ', 'version': '1:1.0.51-12'}, {'action': 'install', 'id': '5475369', 'name': 'asciijump', 'url': ' ', 'version': '::apt'}]&quot;,
    &quot;c8y_SoftwareUpdate&quot;: [
        {
            &quot;name&quot;: &quot;asciijump&quot;,
            &quot;action&quot;: &quot;install&quot;,
            &quot;id&quot;: &quot;5475369&quot;,
            &quot;version&quot;: &quot;::apt&quot;,
            &quot;url&quot;: &quot; &quot;
        },
        {
            &quot;name&quot;: &quot;robotfindskitten&quot;,
            &quot;action&quot;: &quot;install&quot;,
            &quot;id&quot;: &quot;5474869&quot;,
            &quot;version&quot;: &quot; &quot;,
            &quot;url&quot;: &quot; &quot;
        },
        {
            &quot;name&quot;: &quot;squirrel3&quot;,
            &quot;action&quot;: &quot;install&quot;,
            &quot;id&quot;: &quot;5475279&quot;,
            &quot;version&quot;: &quot;3.1-7::apt&quot;,
            &quot;url&quot;: &quot; &quot;
        },
        {
            &quot;name&quot;: &quot;rolldice&quot;,
            &quot;action&quot;: &quot;install&quot;,
            &quot;id&quot;: &quot;5152439&quot;,
            &quot;version&quot;: &quot;1.16-1+b1&quot;,
            &quot;url&quot;: &quot; &quot;
        },
        {
            &quot;name&quot;: &quot;moon-buggy&quot;,
            &quot;action&quot;: &quot;install&quot;,
            &quot;id&quot;: &quot;5439204&quot;,
            &quot;version&quot;: &quot;1:1.0.51-12&quot;,
            &quot;url&quot;: &quot; &quot;
        },
        {
            &quot;name&quot;: &quot;asciijump&quot;,
            &quot;action&quot;: &quot;install&quot;,
            &quot;id&quot;: &quot;5475369&quot;,
            &quot;version&quot;: &quot;::apt&quot;,
            &quot;url&quot;: &quot; &quot;
        }
    ]
}
17:32:36 INFO  Started operation: {'creationTime': '2022-07-21T17:32:36.901Z', 'deviceId': '21119832', 'deviceName': 'm32sd10a', 'self': 'https://t493319102.eu-latest.cumulocity.com/devicecontrol/operations/21163730', 'id': '21163730', 'status': 'PENDING', 'description': &quot;Apply software changes, triggered from PySys: [{'action': 'install', 'id': '5475369', 'name': 'asciijump', 'url': ' ', 'version': '::apt'}, {'action': 'install', 'id': '5474869', 'name': 'robotfindskitten', 'url': ' ', 'version': ' '}, {'action': 'install', 'id': '5475279', 'name': 'squirrel3', 'url': ' ', 'version': '3.1-7::apt'}, {'action': 'install', 'id': '5152439', 'name': 'rolldice', 'url': ' ', 'version': '1.16-1+b1'}, {'action': 'install', 'id': '5439204', 'name': 'moon-buggy', 'url': ' ', 'version': '1:1.0.51-12'}, {'action': 'install', 'id': '5475369', 'name': 'asciijump', 'url': ' ', 'version': '::apt'}]&quot;, 'c8y_SoftwareUpdate': [{'name': 'asciijump', 'action': 'install', 'id': '5475369', 'version': '::apt', 'url': ' '}, {'name': 'robotfindskitten', 'action': 'install', 'id': '5474869', 'version': ' ', 'url': ' '}, {'name': 'squirrel3', 'action': 'install', 'id': '5475279', 'version': '3.1-7::apt', 'url': ' '}, {'name': 'rolldice', 'action': 'install', 'id': '5152439', 'version': '1.16-1+b1', 'url': ' '}, {'name': 'moon-buggy', 'action': 'install', 'id': '5439204', 'version': '1:1.0.51-12', 'url': ' '}, {'name': 'asciijump', 'action': 'install', 'id': '5475369', 'version': '::apt', 'url': ' '}]}
17:32:39 INFO  State of operation 21163730 : PENDING
17:32:41 INFO  State of operation 21163730 : EXECUTING
17:32:43 INFO  State of operation 21163730 : EXECUTING
17:32:45 INFO  State of operation 21163730 : EXECUTING
17:32:48 INFO  State of operation 21163730 : EXECUTING
17:32:50 INFO  State of operation 21163730 : EXECUTING
17:32:53 INFO  State of operation 21163730 : EXECUTING
17:32:55 INFO  State of operation 21163730 : EXECUTING
17:32:58 INFO  State of operation 21163730 : EXECUTING
17:33:00 INFO  State of operation 21163730 : EXECUTING
17:33:02 INFO  State of operation 21163730 : EXECUTING
17:33:04 INFO  State of operation 21163730 : EXECUTING
17:33:07 INFO  State of operation 21163730 : EXECUTING
17:33:09 INFO  State of operation 21163730 : EXECUTING
17:33:11 INFO  State of operation 21163730 : EXECUTING
17:33:14 INFO  State of operation 21163730 : EXECUTING
17:33:16 INFO  State of operation 21163730 : EXECUTING
17:33:18 INFO  State of operation 21163730 : EXECUTING
17:33:21 INFO  State of operation 21163730 : EXECUTING
17:33:23 INFO  State of operation 21163730 : EXECUTING
17:33:25 INFO  State of operation 21163730 : EXECUTING
17:33:28 INFO  State of operation 21163730 : EXECUTING
17:33:30 INFO  State of operation 21163730 : EXECUTING
17:33:32 INFO  State of operation 21163730 : EXECUTING
17:33:35 INFO  State of operation 21163730 : EXECUTING
17:33:37 INFO  State of operation 21163730 : EXECUTING
17:33:40 INFO  State of operation 21163730 : EXECUTING
17:33:42 INFO  State of operation 21163730 : EXECUTING
17:33:45 INFO  State of operation 21163730 : EXECUTING
17:33:47 INFO  State of operation 21163730 : EXECUTING
17:33:49 INFO  State of operation 21163730 : EXECUTING
17:33:52 INFO  State of operation 21163730 : EXECUTING
17:33:54 INFO  State of operation 21163730 : EXECUTING
17:33:56 INFO  State of operation 21163730 : EXECUTING
17:33:58 INFO  State of operation 21163730 : EXECUTING
17:34:00 INFO  State of operation 21163730 : EXECUTING
17:34:03 INFO  State of operation 21163730 : EXECUTING
17:34:05 INFO  State of operation 21163730 : EXECUTING
17:34:08 INFO  State of operation 21163730 : EXECUTING
17:34:10 INFO  State of operation 21163730 : EXECUTING
17:34:13 INFO  State of operation 21163730 : EXECUTING
17:34:15 INFO  State of operation 21163730 : EXECUTING
17:34:17 INFO  State of operation 21163730 : EXECUTING
17:34:20 INFO  State of operation 21163730 : EXECUTING
17:34:22 INFO  State of operation 21163730 : EXECUTING
17:34:24 INFO  State of operation 21163730 : EXECUTING
17:34:26 INFO  State of operation 21163730 : EXECUTING
17:34:29 INFO  State of operation 21163730 : EXECUTING
17:34:31 INFO  State of operation 21163730 : EXECUTING
17:34:33 INFO  State of operation 21163730 : EXECUTING
17:34:36 INFO  State of operation 21163730 : EXECUTING
17:34:38 INFO  State of operation 21163730 : EXECUTING
17:34:41 INFO  State of operation 21163730 : EXECUTING
17:34:43 INFO  State of operation 21163730 : EXECUTING
17:34:45 INFO  State of operation 21163730 : EXECUTING
17:34:47 INFO  State of operation 21163730 : EXECUTING
17:34:50 INFO  State of operation 21163730 : EXECUTING
17:34:52 INFO  State of operation 21163730 : EXECUTING
17:34:54 INFO  State of operation 21163730 : EXECUTING
17:34:57 INFO  State of operation 21163730 : EXECUTING
17:34:59 INFO  State of operation 21163730 : EXECUTING
17:35:01 WARN  SystemError occurred while running test - Timeout while waiting for status SUCCESSFUL or False
Traceback (most recent call last):
  File &quot;/home/pi/env-pysys/lib/python3.7/site-packages/pysys/baserunner.py&quot;, line 1294, in __call__
    self.testObj.execute()
  File &quot;/home/pi/actions-runner/_work/thin-edge.io/thin-edge.io/tests/PySys/software_management_end_to_end/sm_apt_install_remove_multiple_mixed/run.py&quot;, line 89, in execute
    self.wait_until_succcess()
  File &quot;/home/pi/actions-runner/_work/thin-edge.io/thin-edge.io/tests/PySys/software_management_end_to_end/environment_sm_management.py&quot;, line 324, in wait_until_succcess
    self.wait_until_status(&quot;SUCCESSFUL&quot;)
  File &quot;/home/pi/actions-runner/_work/thin-edge.io/thin-edge.io/tests/PySys/software_management_end_to_end/environment_sm_management.py&quot;, line 381, in wait_until_status
    &quot;Timeout while waiting for status %s or %s&quot; % (status, status2)
SystemError: Timeout while waiting for status SUCCESSFUL or False
17:35:01 WARN  SystemError: Timeout while waiting for status SUCCESSFUL or False ... blocked 
17:35:01 INFO  
17:35:01 INFO  cleanup:
17:35:06 INFO  Executed sudo&lt;tedge_disconnect_c8y&gt;, exit status 0
17:35:07 INFO  Executed systemctl&lt;serv_mapper5&gt;, exit status 3
17:35:07 INFO  
17:35:07 INFO  Test duration: 177.25 secs
17:35:07 INFO  Test final outcome:  BLOCKED
17:35:07 INFO  Test outcome reason: SystemError: Timeout while waiting for status SUCCESSFUL or False (+1 other failures)
17:35:07 INFO  
</system-out>
	</testcase>
</testsuite>
