<?xml version="1.0" encoding="utf-8"?>
<testsuite failures="1" name="SoftwareManagement.sm_apt_install_remove_multiple" skipped="0" tests="1" time="139.84" timestamp="2022-07-20T14:03:34">
	<testcase classname="PySysTest" name="SoftwareManagement.sm_apt_install_remove_multiple">
		<failure message="FAILED: Assert that (False == value) with value=True (+2 other failures)" type="FAILED"/>
		<system-out>14:01:14 INFO  ==============================================================
14:01:14 INFO  Id:    SoftwareManagement.sm_apt_install_remove_multiple
14:01:14 INFO  Dir:   software_management_end_to_end/
14:01:14 INFO  Title: Validate end to end behaviour for the apt plugin for multiple packages
14:01:14 INFO  ==============================================================
14:01:14 INFO  Using sw id database: {'asciijump': '5475369', 'robotfindskitten': '5474869', 'squirrel3': '5475279', 'rolldice': '5152439', 'moon-buggy': '5439204', 'apple': '5495053', 'banana': '5494888', 'cherry': '5495382', 'watermelon': '5494510', 'registry': '8018911', 'hello-world': '8021526', 'docker/getting-started': '8021973', 'alpine': '7991792'}
14:01:14 INFO  EnvironmentC8y Setup
14:01:15 INFO  Executed systemctl&lt;serv_mapper1&gt;, exit status 3
14:01:15 INFO  Restarting mosquitto too frequently in the last 10 seconds. It was only up for 4 seconds
14:01:15 INFO  Delaying execution by 7 seconds
14:01:36 INFO  Executed sudo&lt;tedge_connect_c8y&gt;, exit status 0, duration 13 secs
14:01:36 INFO  Executed sudo&lt;tedge_connect_c8y_test&gt;, exit status 0
14:01:37 INFO  Executed systemctl&lt;serv_mosq2&gt;, exit status 0
14:01:37 INFO  Executed systemctl&lt;serv_mapper3&gt;, exit status 0
14:01:40 INFO  State of current operation: SUCCESSFUL
14:01:40 INFO  Assert that (False == value) with value=False ... passed
14:01:40 INFO  Package asciijump is installed
14:01:40 WARN  Assert that (False == value) with value=True ... failed 
14:01:41 INFO  Package squirrel3 is installed
14:01:41 WARN  Assert that (False == value) with value=True ... failed 
14:01:41 INFO  Package robotfindskitten is installed
14:01:41 WARN  Assert that (False == value) with value=True ... failed 
14:01:41 INFO  Response status: 201
14:01:41 INFO  Response to action: {
    &quot;delivery&quot;: {
        &quot;log&quot;: [],
        &quot;time&quot;: &quot;2022-07-20T14:01:41.561Z&quot;,
        &quot;status&quot;: &quot;PENDING&quot;
    },
    &quot;creationTime&quot;: &quot;2022-07-20T14:01:41.544Z&quot;,
    &quot;deviceId&quot;: &quot;21084235&quot;,
    &quot;deviceName&quot;: &quot;m32sd10a&quot;,
    &quot;self&quot;: &quot;https://t493319102.eu-latest.cumulocity.com/devicecontrol/operations/21093724&quot;,
    &quot;id&quot;: &quot;21093724&quot;,
    &quot;status&quot;: &quot;PENDING&quot;,
    &quot;description&quot;: &quot;Apply software changes, triggered from PySys: [{'action': 'install', 'id': '5475369', 'name': 'asciijump', 'url': ' ', 'version': '::apt'}, {'action': 'install', 'id': '5474869', 'name': 'robotfindskitten', 'url': ' ', 'version': '::apt'}, {'action': 'install', 'id': '5475279', 'name': 'squirrel3', 'url': ' ', 'version': '::apt'}]&quot;,
    &quot;c8y_SoftwareUpdate&quot;: [
        {
            &quot;name&quot;: &quot;asciijump&quot;,
            &quot;action&quot;: &quot;install&quot;,
            &quot;id&quot;: &quot;5475369&quot;,
            &quot;version&quot;: &quot;::apt&quot;,
            &quot;url&quot;: &quot; &quot;
        },
        {
            &quot;name&quot;: &quot;robotfindskitten&quot;,
            &quot;action&quot;: &quot;install&quot;,
            &quot;id&quot;: &quot;5474869&quot;,
            &quot;version&quot;: &quot;::apt&quot;,
            &quot;url&quot;: &quot; &quot;
        },
        {
            &quot;name&quot;: &quot;squirrel3&quot;,
            &quot;action&quot;: &quot;install&quot;,
            &quot;id&quot;: &quot;5475279&quot;,
            &quot;version&quot;: &quot;::apt&quot;,
            &quot;url&quot;: &quot; &quot;
        }
    ]
}
14:01:41 INFO  Started operation: {'delivery': {'log': [], 'time': '2022-07-20T14:01:41.561Z', 'status': 'PENDING'}, 'creationTime': '2022-07-20T14:01:41.544Z', 'deviceId': '21084235', 'deviceName': 'm32sd10a', 'self': 'https://t493319102.eu-latest.cumulocity.com/devicecontrol/operations/21093724', 'id': '21093724', 'status': 'PENDING', 'description': &quot;Apply software changes, triggered from PySys: [{'action': 'install', 'id': '5475369', 'name': 'asciijump', 'url': ' ', 'version': '::apt'}, {'action': 'install', 'id': '5474869', 'name': 'robotfindskitten', 'url': ' ', 'version': '::apt'}, {'action': 'install', 'id': '5475279', 'name': 'squirrel3', 'url': ' ', 'version': '::apt'}]&quot;, 'c8y_SoftwareUpdate': [{'name': 'asciijump', 'action': 'install', 'id': '5475369', 'version': '::apt', 'url': ' '}, {'name': 'robotfindskitten', 'action': 'install', 'id': '5474869', 'version': '::apt', 'url': ' '}, {'name': 'squirrel3', 'action': 'install', 'id': '5475279', 'version': '::apt', 'url': ' '}]}
14:01:43 INFO  State of operation 21093724 : PENDING
14:01:46 INFO  State of operation 21093724 : EXECUTING
14:01:48 INFO  State of operation 21093724 : EXECUTING
14:01:50 INFO  State of operation 21093724 : EXECUTING
14:01:52 INFO  State of operation 21093724 : EXECUTING
14:01:54 INFO  State of operation 21093724 : EXECUTING
14:01:57 INFO  State of operation 21093724 : EXECUTING
14:02:00 INFO  State of operation 21093724 : EXECUTING
14:02:03 INFO  State of operation 21093724 : EXECUTING
14:02:05 INFO  State of operation 21093724 : EXECUTING
14:02:07 INFO  State of operation 21093724 : EXECUTING
14:02:10 INFO  State of operation 21093724 : EXECUTING
14:02:12 INFO  State of operation 21093724 : EXECUTING
14:02:14 INFO  State of operation 21093724 : EXECUTING
14:02:16 INFO  State of operation 21093724 : EXECUTING
14:02:18 INFO  State of operation 21093724 : SUCCESSFUL
14:02:19 INFO  Assert that (False == value) with value=False ... passed
14:02:19 INFO  Package asciijump is installed
14:02:19 INFO  Assert that (True == value) with value=True ... passed
14:02:19 INFO  Package squirrel3 is installed
14:02:19 INFO  Assert that (True == value) with value=True ... passed
14:02:19 INFO  Package robotfindskitten is installed
14:02:19 INFO  Assert that (True == value) with value=True ... passed
14:02:20 INFO  Response status: 201
14:02:20 INFO  Response to action: {
    &quot;delivery&quot;: {
        &quot;log&quot;: [],
        &quot;time&quot;: &quot;2022-07-20T14:02:20.034Z&quot;,
        &quot;status&quot;: &quot;PENDING&quot;
    },
    &quot;creationTime&quot;: &quot;2022-07-20T14:02:20.017Z&quot;,
    &quot;deviceId&quot;: &quot;21084235&quot;,
    &quot;deviceName&quot;: &quot;m32sd10a&quot;,
    &quot;self&quot;: &quot;https://t493319102.eu-latest.cumulocity.com/devicecontrol/operations/21093738&quot;,
    &quot;id&quot;: &quot;21093738&quot;,
    &quot;status&quot;: &quot;PENDING&quot;,
    &quot;description&quot;: &quot;Apply software changes, triggered from PySys: [{'action': 'delete', 'id': '5475369', 'name': 'asciijump', 'url': ' ', 'version': '::apt'}, {'action': 'delete', 'id': '5474869', 'name': 'robotfindskitten', 'url': ' ', 'version': '::apt'}, {'action': 'delete', 'id': '5475279', 'name': 'squirrel3', 'url': ' ', 'version': '::apt'}]&quot;,
    &quot;c8y_SoftwareUpdate&quot;: [
        {
            &quot;name&quot;: &quot;asciijump&quot;,
            &quot;action&quot;: &quot;delete&quot;,
            &quot;id&quot;: &quot;5475369&quot;,
            &quot;version&quot;: &quot;::apt&quot;,
            &quot;url&quot;: &quot; &quot;
        },
        {
            &quot;name&quot;: &quot;robotfindskitten&quot;,
            &quot;action&quot;: &quot;delete&quot;,
            &quot;id&quot;: &quot;5474869&quot;,
            &quot;version&quot;: &quot;::apt&quot;,
            &quot;url&quot;: &quot; &quot;
        },
        {
            &quot;name&quot;: &quot;squirrel3&quot;,
            &quot;action&quot;: &quot;delete&quot;,
            &quot;id&quot;: &quot;5475279&quot;,
            &quot;version&quot;: &quot;::apt&quot;,
            &quot;url&quot;: &quot; &quot;
        }
    ]
}
14:02:20 INFO  Started operation: {'delivery': {'log': [], 'time': '2022-07-20T14:02:20.034Z', 'status': 'PENDING'}, 'creationTime': '2022-07-20T14:02:20.017Z', 'deviceId': '21084235', 'deviceName': 'm32sd10a', 'self': 'https://t493319102.eu-latest.cumulocity.com/devicecontrol/operations/21093738', 'id': '21093738', 'status': 'PENDING', 'description': &quot;Apply software changes, triggered from PySys: [{'action': 'delete', 'id': '5475369', 'name': 'asciijump', 'url': ' ', 'version': '::apt'}, {'action': 'delete', 'id': '5474869', 'name': 'robotfindskitten', 'url': ' ', 'version': '::apt'}, {'action': 'delete', 'id': '5475279', 'name': 'squirrel3', 'url': ' ', 'version': '::apt'}]&quot;, 'c8y_SoftwareUpdate': [{'name': 'asciijump', 'action': 'delete', 'id': '5475369', 'version': '::apt', 'url': ' '}, {'name': 'robotfindskitten', 'action': 'delete', 'id': '5474869', 'version': '::apt', 'url': ' '}, {'name': 'squirrel3', 'action': 'delete', 'id': '5475279', 'version': '::apt', 'url': ' '}]}
14:02:22 INFO  State of operation 21093738 : PENDING
14:02:24 INFO  State of operation 21093738 : EXECUTING
14:02:26 INFO  State of operation 21093738 : EXECUTING
14:02:29 INFO  State of operation 21093738 : EXECUTING
14:02:31 INFO  State of operation 21093738 : EXECUTING
14:02:33 INFO  State of operation 21093738 : EXECUTING
14:02:36 INFO  State of operation 21093738 : EXECUTING
14:02:38 INFO  State of operation 21093738 : EXECUTING
14:02:41 INFO  State of operation 21093738 : EXECUTING
14:02:43 INFO  State of operation 21093738 : EXECUTING
14:02:45 INFO  State of operation 21093738 : EXECUTING
14:02:47 INFO  State of operation 21093738 : EXECUTING
14:02:50 INFO  State of operation 21093738 : EXECUTING
14:02:52 INFO  State of operation 21093738 : EXECUTING
14:02:54 INFO  State of operation 21093738 : EXECUTING
14:02:56 INFO  State of operation 21093738 : EXECUTING
14:02:59 INFO  State of operation 21093738 : EXECUTING
14:03:01 INFO  State of operation 21093738 : EXECUTING
14:03:04 INFO  State of operation 21093738 : EXECUTING
14:03:06 INFO  State of operation 21093738 : EXECUTING
14:03:10 INFO  State of operation 21093738 : EXECUTING
14:03:12 INFO  State of operation 21093738 : EXECUTING
14:03:14 INFO  State of operation 21093738 : EXECUTING
14:03:16 INFO  State of operation 21093738 : EXECUTING
14:03:19 INFO  State of operation 21093738 : EXECUTING
14:03:21 INFO  State of operation 21093738 : EXECUTING
14:03:24 INFO  State of operation 21093738 : EXECUTING
14:03:26 INFO  State of operation 21093738 : EXECUTING
14:03:28 INFO  State of operation 21093738 : SUCCESSFUL
14:03:29 INFO  Assert that (False == value) with value=False ... passed
14:03:29 INFO  Assert that (False == value) with value=False ... passed
14:03:29 INFO  Assert that (False == value) with value=False ... passed
14:03:29 INFO  Assert that (False == value) with value=False ... passed
14:03:29 INFO  
14:03:29 INFO  cleanup:
14:03:33 INFO  Executed sudo&lt;tedge_disconnect_c8y&gt;, exit status 0
14:03:34 INFO  Executed systemctl&lt;serv_mapper5&gt;, exit status 3
14:03:34 INFO  
14:03:34 INFO  Test duration: 139.84 secs
14:03:34 INFO  Test final outcome:  FAILED
14:03:34 INFO  Test outcome reason: Assert that (False == value) with value=True (+2 other failures)
14:03:34 INFO  
</system-out>
	</testcase>
</testsuite>
