<?xml version="1.0" encoding="utf-8"?>
<testsuite failures="1" name="SoftwareManagement.sm_apt_install_remove_multiple_mixed" skipped="0" tests="1" time="165.7" timestamp="2022-06-02T09:53:42">
	<testcase classname="PySysTest" name="SoftwareManagement.sm_apt_install_remove_multiple_mixed">
		<failure message="BLOCKED: SystemError: Timeout while waiting for status FAILED or SUCCESSFUL" type="BLOCKED"/>
		<system-out>09:50:57 INFO  ==============================================================
09:50:57 INFO  Id:    SoftwareManagement.sm_apt_install_remove_multiple_mixed
09:50:57 INFO  Dir:   software_management_end_to_end/
09:50:57 INFO  Title: Validate end to end behaviour for the apt plugin for multiple packages with mixed versions
09:50:57 INFO  ==============================================================
09:50:57 INFO  Using sw id database: {'asciijump': '5475369', 'robotfindskitten': '5474869', 'squirrel3': '5475279', 'rolldice': '5152439', 'moon-buggy': '5439204', 'apple': '5495053', 'banana': '5494888', 'cherry': '5495382', 'watermelon': '5494510', 'registry': '8018911', 'hello-world': '8021526', 'docker/getting-started': '8021973', 'alpine': '7991792'}
09:50:57 INFO  EnvironmentC8y Setup
09:50:57 INFO  Executed systemctl&lt;serv_mapper1&gt;, exit status 3
09:50:57 INFO  Restarting mosquitto too frequently in the last 10 seconds. It was only up for 5 seconds
09:50:57 INFO  Delaying execution by 6 seconds
09:51:17 INFO  Executed sudo&lt;tedge_connect_c8y&gt;, exit status 0, duration 13 secs
09:51:18 INFO  Executed sudo&lt;tedge_connect_c8y_test&gt;, exit status 0
09:51:18 INFO  Executed systemctl&lt;serv_mosq2&gt;, exit status 0
09:51:19 INFO  Executed systemctl&lt;serv_mapper3&gt;, exit status 0
09:51:21 INFO  State of current operation: PENDING
09:51:23 INFO  State of current operation: PENDING
09:51:25 INFO  State of current operation: PENDING
09:51:28 INFO  State of current operation: PENDING
09:51:30 INFO  State of current operation: PENDING
09:51:32 INFO  State of current operation: PENDING
09:51:34 INFO  State of current operation: PENDING
09:51:37 INFO  State of current operation: PENDING
09:51:39 INFO  State of current operation: PENDING
09:51:41 INFO  State of current operation: PENDING
09:51:43 INFO  State of current operation: PENDING
09:51:46 INFO  State of current operation: PENDING
09:51:48 INFO  State of current operation: PENDING
09:51:50 INFO  State of current operation: PENDING
09:51:53 INFO  State of current operation: PENDING
09:51:55 INFO  State of current operation: PENDING
09:51:57 INFO  State of current operation: PENDING
09:51:59 INFO  State of current operation: PENDING
09:52:01 INFO  State of current operation: PENDING
09:52:04 INFO  State of current operation: PENDING
09:52:06 INFO  State of current operation: PENDING
09:52:08 INFO  State of current operation: PENDING
09:52:10 INFO  State of current operation: PENDING
09:52:13 INFO  State of current operation: PENDING
09:52:15 INFO  State of current operation: PENDING
09:52:17 INFO  State of current operation: PENDING
09:52:19 INFO  State of current operation: PENDING
09:52:22 INFO  State of current operation: PENDING
09:52:24 INFO  State of current operation: PENDING
09:52:26 INFO  State of current operation: PENDING
09:52:28 INFO  State of current operation: PENDING
09:52:31 INFO  State of current operation: PENDING
09:52:33 INFO  State of current operation: PENDING
09:52:35 INFO  State of current operation: PENDING
09:52:37 INFO  State of current operation: PENDING
09:52:40 INFO  State of current operation: PENDING
09:52:42 INFO  State of current operation: PENDING
09:52:44 INFO  State of current operation: PENDING
09:52:46 INFO  State of current operation: PENDING
09:52:49 INFO  State of current operation: PENDING
09:52:51 INFO  State of current operation: PENDING
09:52:53 INFO  State of current operation: PENDING
09:52:55 INFO  State of current operation: PENDING
09:52:58 INFO  State of current operation: PENDING
09:53:00 INFO  State of current operation: PENDING
09:53:02 INFO  State of current operation: PENDING
09:53:04 INFO  State of current operation: PENDING
09:53:07 INFO  State of current operation: PENDING
09:53:09 INFO  State of current operation: PENDING
09:53:11 INFO  State of current operation: PENDING
09:53:13 INFO  State of current operation: PENDING
09:53:15 INFO  State of current operation: PENDING
09:53:18 INFO  State of current operation: PENDING
09:53:20 INFO  State of current operation: PENDING
09:53:22 INFO  State of current operation: PENDING
09:53:24 INFO  State of current operation: PENDING
09:53:27 INFO  State of current operation: PENDING
09:53:29 INFO  State of current operation: PENDING
09:53:31 INFO  State of current operation: PENDING
09:53:33 INFO  State of current operation: PENDING
09:53:36 INFO  State of current operation: PENDING
09:53:38 WARN  SystemError occurred while running test - Timeout while waiting for status FAILED or SUCCESSFUL
Traceback (most recent call last):
  File &quot;/home/pi/env-pysys/lib/python3.7/site-packages/pysys/baserunner.py&quot;, line 1292, in __call__
    self.testObj.setup()
  File &quot;/home/pi/actions-runner/_work/thin-edge.io/thin-edge.io/tests/PySys/software_management_end_to_end/sm_apt_install_remove_multiple_mixed/run.py&quot;, line 73, in setup
    super().setup()
  File &quot;/home/pi/actions-runner/_work/thin-edge.io/thin-edge.io/tests/PySys/software_management_end_to_end/environment_sm_management.py&quot;, line 151, in setup
    self.wait_until_end()
  File &quot;/home/pi/actions-runner/_work/thin-edge.io/thin-edge.io/tests/PySys/software_management_end_to_end/environment_sm_management.py&quot;, line 332, in wait_until_end
    self.wait_until_status(&quot;FAILED&quot;, &quot;SUCCESSFUL&quot;)
  File &quot;/home/pi/actions-runner/_work/thin-edge.io/thin-edge.io/tests/PySys/software_management_end_to_end/environment_sm_management.py&quot;, line 381, in wait_until_status
    &quot;Timeout while waiting for status %s or %s&quot; % (status, status2)
SystemError: Timeout while waiting for status FAILED or SUCCESSFUL
09:53:38 WARN  SystemError: Timeout while waiting for status FAILED or SUCCESSFUL ... blocked 
09:53:38 INFO  
09:53:38 INFO  cleanup:
09:53:42 INFO  Executed sudo&lt;tedge_disconnect_c8y&gt;, exit status 0
09:53:42 INFO  Executed systemctl&lt;serv_mapper5&gt;, exit status 3
09:53:42 INFO  
09:53:42 INFO  Test duration: 165.70 secs
09:53:42 INFO  Test final outcome:  BLOCKED
09:53:42 INFO  Test outcome reason: SystemError: Timeout while waiting for status FAILED or SUCCESSFUL
09:53:42 INFO  
</system-out>
	</testcase>
</testsuite>
