<?xml version="1.0" encoding="utf-8"?>
<testsuite failures="1" name="SoftwareManagement.sm_mixed_install_remove_multiple" skipped="0" tests="1" time="170.5" timestamp="2022-06-08T14:24:39">
	<testcase classname="PySysTest" name="SoftwareManagement.sm_mixed_install_remove_multiple">
		<failure message="FAILED: Assert that (False == value) with value=True" type="FAILED"/>
		<system-out>14:21:49 INFO  ==============================================================
14:21:49 INFO  Id:    SoftwareManagement.sm_mixed_install_remove_multiple
14:21:49 INFO  Dir:   software_management_end_to_end/
14:21:49 INFO  Title: Validate end to end behaviour for the dummy-plugin for multiple packages with mixed versions
14:21:49 INFO  ==============================================================
14:21:49 INFO  Using sw id database: {'asciijump': '5475369', 'robotfindskitten': '5474869', 'squirrel3': '5475279', 'rolldice': '5152439', 'moon-buggy': '5439204', 'apple': '5495053', 'banana': '5494888', 'cherry': '5495382', 'watermelon': '5494510', 'registry': '8018911', 'hello-world': '8021526', 'docker/getting-started': '8021973', 'alpine': '7991792'}
14:21:49 INFO  EnvironmentC8y Setup
14:21:49 INFO  Executed systemctl&lt;serv_mapper1&gt;, exit status 3
14:21:49 INFO  Restarting mosquitto too frequently in the last 10 seconds. It was only up for 5 seconds
14:21:49 INFO  Delaying execution by 6 seconds
14:22:10 INFO  Executed sudo&lt;tedge_connect_c8y&gt;, exit status 0, duration 14 secs
14:22:10 INFO  Executed sudo&lt;tedge_connect_c8y_test&gt;, exit status 0
14:22:11 INFO  Executed systemctl&lt;serv_mosq2&gt;, exit status 0
14:22:11 INFO  Executed systemctl&lt;serv_mapper3&gt;, exit status 0
14:22:14 INFO  State of current operation: SUCCESSFUL
14:22:14 INFO  Package apple is installed
14:22:14 INFO  Assert that (True == value) with value=True ... passed
14:22:14 INFO  Package banana is installed
14:22:14 INFO  Assert that (True == value) with value=True ... passed
14:22:14 INFO  Package cherry is installed
14:22:14 INFO  Assert that (True == value) with value=True ... passed
14:22:15 INFO  Package asciijump is installed
14:22:15 WARN  Assert that (False == value) with value=True ... failed 
14:22:15 INFO  Assert that (False == value) with value=False ... passed
14:22:15 INFO  Response status: 201
14:22:15 INFO  Response to action: {
    &quot;creationTime&quot;: &quot;2022-06-08T14:22:15.592Z&quot;,
    &quot;deviceId&quot;: &quot;20013420&quot;,
    &quot;deviceName&quot;: &quot;m32sd10a&quot;,
    &quot;self&quot;: &quot;https://t493319102.eu-latest.cumulocity.com/devicecontrol/operations/20055074&quot;,
    &quot;id&quot;: &quot;20055074&quot;,
    &quot;status&quot;: &quot;PENDING&quot;,
    &quot;description&quot;: &quot;Apply software changes, triggered from PySys: [{'action': 'install', 'id': '5495053', 'name': 'apple', 'url': ' ', 'version': '::fruits'}, {'action': 'install', 'id': '5494888', 'name': 'banana', 'url': ' ', 'version': '::fruits'}, {'action': 'install', 'id': '5475369', 'name': 'asciijump', 'url': ' ', 'version': '::apt'}, {'action': 'install', 'id': '5495382', 'name': 'cherry', 'url': ' ', 'version': '::fruits'}, {'action': 'install', 'id': '8018911', 'name': 'registry', 'url': ' ', 'version': '::docker'}]&quot;,
    &quot;c8y_SoftwareUpdate&quot;: [
        {
            &quot;name&quot;: &quot;apple&quot;,
            &quot;action&quot;: &quot;install&quot;,
            &quot;id&quot;: &quot;5495053&quot;,
            &quot;version&quot;: &quot;::fruits&quot;,
            &quot;url&quot;: &quot; &quot;
        },
        {
            &quot;name&quot;: &quot;banana&quot;,
            &quot;action&quot;: &quot;install&quot;,
            &quot;id&quot;: &quot;5494888&quot;,
            &quot;version&quot;: &quot;::fruits&quot;,
            &quot;url&quot;: &quot; &quot;
        },
        {
            &quot;name&quot;: &quot;asciijump&quot;,
            &quot;action&quot;: &quot;install&quot;,
            &quot;id&quot;: &quot;5475369&quot;,
            &quot;version&quot;: &quot;::apt&quot;,
            &quot;url&quot;: &quot; &quot;
        },
        {
            &quot;name&quot;: &quot;cherry&quot;,
            &quot;action&quot;: &quot;install&quot;,
            &quot;id&quot;: &quot;5495382&quot;,
            &quot;version&quot;: &quot;::fruits&quot;,
            &quot;url&quot;: &quot; &quot;
        },
        {
            &quot;name&quot;: &quot;registry&quot;,
            &quot;action&quot;: &quot;install&quot;,
            &quot;id&quot;: &quot;8018911&quot;,
            &quot;version&quot;: &quot;::docker&quot;,
            &quot;url&quot;: &quot; &quot;
        }
    ]
}
14:22:15 INFO  Started operation: {'creationTime': '2022-06-08T14:22:15.592Z', 'deviceId': '20013420', 'deviceName': 'm32sd10a', 'self': 'https://t493319102.eu-latest.cumulocity.com/devicecontrol/operations/20055074', 'id': '20055074', 'status': 'PENDING', 'description': &quot;Apply software changes, triggered from PySys: [{'action': 'install', 'id': '5495053', 'name': 'apple', 'url': ' ', 'version': '::fruits'}, {'action': 'install', 'id': '5494888', 'name': 'banana', 'url': ' ', 'version': '::fruits'}, {'action': 'install', 'id': '5475369', 'name': 'asciijump', 'url': ' ', 'version': '::apt'}, {'action': 'install', 'id': '5495382', 'name': 'cherry', 'url': ' ', 'version': '::fruits'}, {'action': 'install', 'id': '8018911', 'name': 'registry', 'url': ' ', 'version': '::docker'}]&quot;, 'c8y_SoftwareUpdate': [{'name': 'apple', 'action': 'install', 'id': '5495053', 'version': '::fruits', 'url': ' '}, {'name': 'banana', 'action': 'install', 'id': '5494888', 'version': '::fruits', 'url': ' '}, {'name': 'asciijump', 'action': 'install', 'id': '5475369', 'version': '::apt', 'url': ' '}, {'name': 'cherry', 'action': 'install', 'id': '5495382', 'version': '::fruits', 'url': ' '}, {'name': 'registry', 'action': 'install', 'id': '8018911', 'version': '::docker', 'url': ' '}]}
14:22:17 INFO  State of operation 20055074 : PENDING
14:22:20 INFO  State of operation 20055074 : EXECUTING
14:22:22 INFO  State of operation 20055074 : EXECUTING
14:22:24 INFO  State of operation 20055074 : EXECUTING
14:22:26 INFO  State of operation 20055074 : EXECUTING
14:22:29 INFO  State of operation 20055074 : EXECUTING
14:22:31 INFO  State of operation 20055074 : EXECUTING
14:22:35 INFO  State of operation 20055074 : EXECUTING
14:22:37 INFO  State of operation 20055074 : EXECUTING
14:22:40 INFO  State of operation 20055074 : EXECUTING
14:22:42 INFO  State of operation 20055074 : EXECUTING
14:22:44 INFO  State of operation 20055074 : EXECUTING
14:22:47 INFO  State of operation 20055074 : EXECUTING
14:22:49 INFO  State of operation 20055074 : EXECUTING
14:22:51 INFO  State of operation 20055074 : EXECUTING
14:22:53 INFO  State of operation 20055074 : EXECUTING
14:22:56 INFO  State of operation 20055074 : EXECUTING
14:22:58 INFO  State of operation 20055074 : EXECUTING
14:23:00 INFO  State of operation 20055074 : EXECUTING
14:23:02 INFO  State of operation 20055074 : EXECUTING
14:23:05 INFO  State of operation 20055074 : EXECUTING
14:23:07 INFO  State of operation 20055074 : EXECUTING
14:23:09 INFO  State of operation 20055074 : EXECUTING
14:23:12 INFO  State of operation 20055074 : EXECUTING
14:23:14 INFO  State of operation 20055074 : EXECUTING
14:23:16 INFO  State of operation 20055074 : SUCCESSFUL
14:23:16 INFO  Package apple is installed
14:23:16 INFO  Assert that (True == value) with value=True ... passed
14:23:17 INFO  Package banana is installed
14:23:17 INFO  Assert that (True == value) with value=True ... passed
14:23:17 INFO  Package cherry is installed
14:23:17 INFO  Assert that (True == value) with value=True ... passed
14:23:17 INFO  Package asciijump is installed
14:23:17 INFO  Assert that (True == value) with value=True ... passed
14:23:17 INFO  Package registry is installed
14:23:17 INFO  Assert that (True == value) with value=True ... passed
14:23:17 INFO  Response status: 201
14:23:17 INFO  Response to action: {
    &quot;creationTime&quot;: &quot;2022-06-08T14:23:17.934Z&quot;,
    &quot;deviceId&quot;: &quot;20013420&quot;,
    &quot;deviceName&quot;: &quot;m32sd10a&quot;,
    &quot;self&quot;: &quot;https://t493319102.eu-latest.cumulocity.com/devicecontrol/operations/20055083&quot;,
    &quot;id&quot;: &quot;20055083&quot;,
    &quot;status&quot;: &quot;PENDING&quot;,
    &quot;description&quot;: &quot;Apply software changes, triggered from PySys: [{'action': 'delete', 'id': '5495053', 'name': 'apple', 'url': ' ', 'version': '::fruits'}, {'action': 'delete', 'id': '5494888', 'name': 'banana', 'url': ' ', 'version': '::fruits'}, {'action': 'delete', 'id': '5475369', 'name': 'asciijump', 'url': ' ', 'version': '::apt'}, {'action': 'delete', 'id': '5495382', 'name': 'cherry', 'url': ' ', 'version': '::fruits'}, {'action': 'delete', 'id': '8018911', 'name': 'registry', 'url': ' ', 'version': '::docker'}]&quot;,
    &quot;c8y_SoftwareUpdate&quot;: [
        {
            &quot;name&quot;: &quot;apple&quot;,
            &quot;action&quot;: &quot;delete&quot;,
            &quot;id&quot;: &quot;5495053&quot;,
            &quot;version&quot;: &quot;::fruits&quot;,
            &quot;url&quot;: &quot; &quot;
        },
        {
            &quot;name&quot;: &quot;banana&quot;,
            &quot;action&quot;: &quot;delete&quot;,
            &quot;id&quot;: &quot;5494888&quot;,
            &quot;version&quot;: &quot;::fruits&quot;,
            &quot;url&quot;: &quot; &quot;
        },
        {
            &quot;name&quot;: &quot;asciijump&quot;,
            &quot;action&quot;: &quot;delete&quot;,
            &quot;id&quot;: &quot;5475369&quot;,
            &quot;version&quot;: &quot;::apt&quot;,
            &quot;url&quot;: &quot; &quot;
        },
        {
            &quot;name&quot;: &quot;cherry&quot;,
            &quot;action&quot;: &quot;delete&quot;,
            &quot;id&quot;: &quot;5495382&quot;,
            &quot;version&quot;: &quot;::fruits&quot;,
            &quot;url&quot;: &quot; &quot;
        },
        {
            &quot;name&quot;: &quot;registry&quot;,
            &quot;action&quot;: &quot;delete&quot;,
            &quot;id&quot;: &quot;8018911&quot;,
            &quot;version&quot;: &quot;::docker&quot;,
            &quot;url&quot;: &quot; &quot;
        }
    ]
}
14:23:17 INFO  Started operation: {'creationTime': '2022-06-08T14:23:17.934Z', 'deviceId': '20013420', 'deviceName': 'm32sd10a', 'self': 'https://t493319102.eu-latest.cumulocity.com/devicecontrol/operations/20055083', 'id': '20055083', 'status': 'PENDING', 'description': &quot;Apply software changes, triggered from PySys: [{'action': 'delete', 'id': '5495053', 'name': 'apple', 'url': ' ', 'version': '::fruits'}, {'action': 'delete', 'id': '5494888', 'name': 'banana', 'url': ' ', 'version': '::fruits'}, {'action': 'delete', 'id': '5475369', 'name': 'asciijump', 'url': ' ', 'version': '::apt'}, {'action': 'delete', 'id': '5495382', 'name': 'cherry', 'url': ' ', 'version': '::fruits'}, {'action': 'delete', 'id': '8018911', 'name': 'registry', 'url': ' ', 'version': '::docker'}]&quot;, 'c8y_SoftwareUpdate': [{'name': 'apple', 'action': 'delete', 'id': '5495053', 'version': '::fruits', 'url': ' '}, {'name': 'banana', 'action': 'delete', 'id': '5494888', 'version': '::fruits', 'url': ' '}, {'name': 'asciijump', 'action': 'delete', 'id': '5475369', 'version': '::apt', 'url': ' '}, {'name': 'cherry', 'action': 'delete', 'id': '5495382', 'version': '::fruits', 'url': ' '}, {'name': 'registry', 'action': 'delete', 'id': '8018911', 'version': '::docker', 'url': ' '}]}
14:23:20 INFO  State of operation 20055083 : PENDING
14:23:22 INFO  State of operation 20055083 : EXECUTING
14:23:24 INFO  State of operation 20055083 : EXECUTING
14:23:27 INFO  State of operation 20055083 : EXECUTING
14:23:29 INFO  State of operation 20055083 : EXECUTING
14:23:31 INFO  State of operation 20055083 : EXECUTING
14:23:34 INFO  State of operation 20055083 : EXECUTING
14:23:36 INFO  State of operation 20055083 : EXECUTING
14:23:39 INFO  State of operation 20055083 : EXECUTING
14:23:41 INFO  State of operation 20055083 : EXECUTING
14:23:43 INFO  State of operation 20055083 : EXECUTING
14:23:46 INFO  State of operation 20055083 : EXECUTING
14:23:48 INFO  State of operation 20055083 : EXECUTING
14:23:51 INFO  State of operation 20055083 : EXECUTING
14:23:53 INFO  State of operation 20055083 : EXECUTING
14:23:56 INFO  State of operation 20055083 : EXECUTING
14:23:58 INFO  State of operation 20055083 : EXECUTING
14:24:00 INFO  State of operation 20055083 : EXECUTING
14:24:03 INFO  State of operation 20055083 : EXECUTING
14:24:05 INFO  State of operation 20055083 : EXECUTING
14:24:07 INFO  State of operation 20055083 : EXECUTING
14:24:09 INFO  State of operation 20055083 : EXECUTING
14:24:12 INFO  State of operation 20055083 : EXECUTING
14:24:14 INFO  State of operation 20055083 : EXECUTING
14:24:17 INFO  State of operation 20055083 : EXECUTING
14:24:19 INFO  State of operation 20055083 : EXECUTING
14:24:21 INFO  State of operation 20055083 : EXECUTING
14:24:23 INFO  State of operation 20055083 : EXECUTING
14:24:26 INFO  State of operation 20055083 : EXECUTING
14:24:28 INFO  State of operation 20055083 : EXECUTING
14:24:30 INFO  State of operation 20055083 : EXECUTING
14:24:33 INFO  State of operation 20055083 : SUCCESSFUL
14:24:33 INFO  Package apple is installed
14:24:33 INFO  Assert that (True == value) with value=True ... passed
14:24:33 INFO  Package banana is installed
14:24:33 INFO  Assert that (True == value) with value=True ... passed
14:24:34 INFO  Package cherry is installed
14:24:34 INFO  Assert that (True == value) with value=True ... passed
14:24:34 INFO  Assert that (False == value) with value=False ... passed
14:24:34 INFO  Assert that (False == value) with value=False ... passed
14:24:34 INFO  
14:24:34 INFO  cleanup:
14:24:39 INFO  Executed sudo&lt;tedge_disconnect_c8y&gt;, exit status 0
14:24:39 INFO  Executed systemctl&lt;serv_mapper5&gt;, exit status 3
14:24:39 INFO  
14:24:39 INFO  Test duration: 170.50 secs
14:24:39 INFO  Test final outcome:  FAILED
14:24:39 INFO  Test outcome reason: Assert that (False == value) with value=True
14:24:39 INFO  
</system-out>
	</testcase>
</testsuite>
