<?xml version="1.0" encoding="utf-8"?>
<testsuite failures="1" name="SoftwareManagement.sm_mixed_install_remove_multiple" skipped="0" tests="1" time="166.46" timestamp="2022-07-20T12:08:26">
	<testcase classname="PySysTest" name="SoftwareManagement.sm_mixed_install_remove_multiple">
		<failure message="FAILED: Assert that (False == value) with value=True" type="FAILED"/>
		<system-out>12:05:39 INFO  ==============================================================
12:05:39 INFO  Id:    SoftwareManagement.sm_mixed_install_remove_multiple
12:05:39 INFO  Dir:   software_management_end_to_end/
12:05:39 INFO  Title: Validate end to end behaviour for the dummy-plugin for multiple packages with mixed versions
12:05:39 INFO  ==============================================================
12:05:39 INFO  Using sw id database: {'asciijump': '5475369', 'robotfindskitten': '5474869', 'squirrel3': '5475279', 'rolldice': '5152439', 'moon-buggy': '5439204', 'apple': '5495053', 'banana': '5494888', 'cherry': '5495382', 'watermelon': '5494510', 'registry': '8018911', 'hello-world': '8021526', 'docker/getting-started': '8021973', 'alpine': '7991792'}
12:05:39 INFO  EnvironmentC8y Setup
12:05:40 INFO  Executed systemctl&lt;serv_mapper1&gt;, exit status 3
12:05:40 INFO  Restarting mosquitto too frequently in the last 10 seconds. It was only up for 5 seconds
12:05:40 INFO  Delaying execution by 6 seconds
12:06:00 INFO  Executed sudo&lt;tedge_connect_c8y&gt;, exit status 0, duration 14 secs
12:06:01 INFO  Executed sudo&lt;tedge_connect_c8y_test&gt;, exit status 0
12:06:01 INFO  Executed systemctl&lt;serv_mosq2&gt;, exit status 0
12:06:02 INFO  Executed systemctl&lt;serv_mapper3&gt;, exit status 0
12:06:04 INFO  State of current operation: SUCCESSFUL
12:06:04 INFO  Package apple is installed
12:06:04 INFO  Assert that (True == value) with value=True ... passed
12:06:05 INFO  Package banana is installed
12:06:05 INFO  Assert that (True == value) with value=True ... passed
12:06:05 INFO  Package cherry is installed
12:06:05 INFO  Assert that (True == value) with value=True ... passed
12:06:05 INFO  Package asciijump is installed
12:06:05 WARN  Assert that (False == value) with value=True ... failed 
12:06:05 INFO  Assert that (False == value) with value=False ... passed
12:06:05 INFO  Response status: 201
12:06:05 INFO  Response to action: {
    &quot;creationTime&quot;: &quot;2022-07-20T12:06:05.930Z&quot;,
    &quot;deviceId&quot;: &quot;21052799&quot;,
    &quot;deviceName&quot;: &quot;m32sd10a&quot;,
    &quot;self&quot;: &quot;https://t493319102.eu-latest.cumulocity.com/devicecontrol/operations/21082622&quot;,
    &quot;id&quot;: &quot;21082622&quot;,
    &quot;status&quot;: &quot;PENDING&quot;,
    &quot;description&quot;: &quot;Apply software changes, triggered from PySys: [{'action': 'install', 'id': '5495053', 'name': 'apple', 'url': ' ', 'version': '::fruits'}, {'action': 'install', 'id': '5494888', 'name': 'banana', 'url': ' ', 'version': '::fruits'}, {'action': 'install', 'id': '5475369', 'name': 'asciijump', 'url': ' ', 'version': '::apt'}, {'action': 'install', 'id': '5495382', 'name': 'cherry', 'url': ' ', 'version': '::fruits'}, {'action': 'install', 'id': '8018911', 'name': 'registry', 'url': ' ', 'version': '::docker'}]&quot;,
    &quot;c8y_SoftwareUpdate&quot;: [
        {
            &quot;name&quot;: &quot;apple&quot;,
            &quot;action&quot;: &quot;install&quot;,
            &quot;id&quot;: &quot;5495053&quot;,
            &quot;version&quot;: &quot;::fruits&quot;,
            &quot;url&quot;: &quot; &quot;
        },
        {
            &quot;name&quot;: &quot;banana&quot;,
            &quot;action&quot;: &quot;install&quot;,
            &quot;id&quot;: &quot;5494888&quot;,
            &quot;version&quot;: &quot;::fruits&quot;,
            &quot;url&quot;: &quot; &quot;
        },
        {
            &quot;name&quot;: &quot;asciijump&quot;,
            &quot;action&quot;: &quot;install&quot;,
            &quot;id&quot;: &quot;5475369&quot;,
            &quot;version&quot;: &quot;::apt&quot;,
            &quot;url&quot;: &quot; &quot;
        },
        {
            &quot;name&quot;: &quot;cherry&quot;,
            &quot;action&quot;: &quot;install&quot;,
            &quot;id&quot;: &quot;5495382&quot;,
            &quot;version&quot;: &quot;::fruits&quot;,
            &quot;url&quot;: &quot; &quot;
        },
        {
            &quot;name&quot;: &quot;registry&quot;,
            &quot;action&quot;: &quot;install&quot;,
            &quot;id&quot;: &quot;8018911&quot;,
            &quot;version&quot;: &quot;::docker&quot;,
            &quot;url&quot;: &quot; &quot;
        }
    ]
}
12:06:05 INFO  Started operation: {'creationTime': '2022-07-20T12:06:05.930Z', 'deviceId': '21052799', 'deviceName': 'm32sd10a', 'self': 'https://t493319102.eu-latest.cumulocity.com/devicecontrol/operations/21082622', 'id': '21082622', 'status': 'PENDING', 'description': &quot;Apply software changes, triggered from PySys: [{'action': 'install', 'id': '5495053', 'name': 'apple', 'url': ' ', 'version': '::fruits'}, {'action': 'install', 'id': '5494888', 'name': 'banana', 'url': ' ', 'version': '::fruits'}, {'action': 'install', 'id': '5475369', 'name': 'asciijump', 'url': ' ', 'version': '::apt'}, {'action': 'install', 'id': '5495382', 'name': 'cherry', 'url': ' ', 'version': '::fruits'}, {'action': 'install', 'id': '8018911', 'name': 'registry', 'url': ' ', 'version': '::docker'}]&quot;, 'c8y_SoftwareUpdate': [{'name': 'apple', 'action': 'install', 'id': '5495053', 'version': '::fruits', 'url': ' '}, {'name': 'banana', 'action': 'install', 'id': '5494888', 'version': '::fruits', 'url': ' '}, {'name': 'asciijump', 'action': 'install', 'id': '5475369', 'version': '::apt', 'url': ' '}, {'name': 'cherry', 'action': 'install', 'id': '5495382', 'version': '::fruits', 'url': ' '}, {'name': 'registry', 'action': 'install', 'id': '8018911', 'version': '::docker', 'url': ' '}]}
12:06:08 INFO  State of operation 21082622 : PENDING
12:06:10 INFO  State of operation 21082622 : EXECUTING
12:06:13 INFO  State of operation 21082622 : EXECUTING
12:06:15 INFO  State of operation 21082622 : EXECUTING
12:06:17 INFO  State of operation 21082622 : EXECUTING
12:06:19 INFO  State of operation 21082622 : EXECUTING
12:06:22 INFO  State of operation 21082622 : EXECUTING
12:06:24 INFO  State of operation 21082622 : EXECUTING
12:06:26 INFO  State of operation 21082622 : EXECUTING
12:06:29 INFO  State of operation 21082622 : EXECUTING
12:06:31 INFO  State of operation 21082622 : EXECUTING
12:06:33 INFO  State of operation 21082622 : EXECUTING
12:06:36 INFO  State of operation 21082622 : EXECUTING
12:06:38 INFO  State of operation 21082622 : EXECUTING
12:06:40 INFO  State of operation 21082622 : EXECUTING
12:06:42 INFO  State of operation 21082622 : EXECUTING
12:06:45 INFO  State of operation 21082622 : EXECUTING
12:06:47 INFO  State of operation 21082622 : EXECUTING
12:06:49 INFO  State of operation 21082622 : EXECUTING
12:06:51 INFO  State of operation 21082622 : EXECUTING
12:06:54 INFO  State of operation 21082622 : EXECUTING
12:06:56 INFO  State of operation 21082622 : EXECUTING
12:06:59 INFO  State of operation 21082622 : EXECUTING
12:07:01 INFO  State of operation 21082622 : EXECUTING
12:07:03 INFO  State of operation 21082622 : EXECUTING
12:07:05 INFO  State of operation 21082622 : EXECUTING
12:07:07 INFO  State of operation 21082622 : SUCCESSFUL
12:07:08 INFO  Package apple is installed
12:07:08 INFO  Assert that (True == value) with value=True ... passed
12:07:08 INFO  Package banana is installed
12:07:08 INFO  Assert that (True == value) with value=True ... passed
12:07:08 INFO  Package cherry is installed
12:07:08 INFO  Assert that (True == value) with value=True ... passed
12:07:08 INFO  Package asciijump is installed
12:07:08 INFO  Assert that (True == value) with value=True ... passed
12:07:09 INFO  Package registry is installed
12:07:09 INFO  Assert that (True == value) with value=True ... passed
12:07:09 INFO  Response status: 201
12:07:09 INFO  Response to action: {
    &quot;creationTime&quot;: &quot;2022-07-20T12:07:09.308Z&quot;,
    &quot;deviceId&quot;: &quot;21052799&quot;,
    &quot;deviceName&quot;: &quot;m32sd10a&quot;,
    &quot;self&quot;: &quot;https://t493319102.eu-latest.cumulocity.com/devicecontrol/operations/21082634&quot;,
    &quot;id&quot;: &quot;21082634&quot;,
    &quot;status&quot;: &quot;PENDING&quot;,
    &quot;description&quot;: &quot;Apply software changes, triggered from PySys: [{'action': 'delete', 'id': '5495053', 'name': 'apple', 'url': ' ', 'version': '::fruits'}, {'action': 'delete', 'id': '5494888', 'name': 'banana', 'url': ' ', 'version': '::fruits'}, {'action': 'delete', 'id': '5475369', 'name': 'asciijump', 'url': ' ', 'version': '::apt'}, {'action': 'delete', 'id': '5495382', 'name': 'cherry', 'url': ' ', 'version': '::fruits'}, {'action': 'delete', 'id': '8018911', 'name': 'registry', 'url': ' ', 'version': '::docker'}]&quot;,
    &quot;c8y_SoftwareUpdate&quot;: [
        {
            &quot;name&quot;: &quot;apple&quot;,
            &quot;action&quot;: &quot;delete&quot;,
            &quot;id&quot;: &quot;5495053&quot;,
            &quot;version&quot;: &quot;::fruits&quot;,
            &quot;url&quot;: &quot; &quot;
        },
        {
            &quot;name&quot;: &quot;banana&quot;,
            &quot;action&quot;: &quot;delete&quot;,
            &quot;id&quot;: &quot;5494888&quot;,
            &quot;version&quot;: &quot;::fruits&quot;,
            &quot;url&quot;: &quot; &quot;
        },
        {
            &quot;name&quot;: &quot;asciijump&quot;,
            &quot;action&quot;: &quot;delete&quot;,
            &quot;id&quot;: &quot;5475369&quot;,
            &quot;version&quot;: &quot;::apt&quot;,
            &quot;url&quot;: &quot; &quot;
        },
        {
            &quot;name&quot;: &quot;cherry&quot;,
            &quot;action&quot;: &quot;delete&quot;,
            &quot;id&quot;: &quot;5495382&quot;,
            &quot;version&quot;: &quot;::fruits&quot;,
            &quot;url&quot;: &quot; &quot;
        },
        {
            &quot;name&quot;: &quot;registry&quot;,
            &quot;action&quot;: &quot;delete&quot;,
            &quot;id&quot;: &quot;8018911&quot;,
            &quot;version&quot;: &quot;::docker&quot;,
            &quot;url&quot;: &quot; &quot;
        }
    ]
}
12:07:09 INFO  Started operation: {'creationTime': '2022-07-20T12:07:09.308Z', 'deviceId': '21052799', 'deviceName': 'm32sd10a', 'self': 'https://t493319102.eu-latest.cumulocity.com/devicecontrol/operations/21082634', 'id': '21082634', 'status': 'PENDING', 'description': &quot;Apply software changes, triggered from PySys: [{'action': 'delete', 'id': '5495053', 'name': 'apple', 'url': ' ', 'version': '::fruits'}, {'action': 'delete', 'id': '5494888', 'name': 'banana', 'url': ' ', 'version': '::fruits'}, {'action': 'delete', 'id': '5475369', 'name': 'asciijump', 'url': ' ', 'version': '::apt'}, {'action': 'delete', 'id': '5495382', 'name': 'cherry', 'url': ' ', 'version': '::fruits'}, {'action': 'delete', 'id': '8018911', 'name': 'registry', 'url': ' ', 'version': '::docker'}]&quot;, 'c8y_SoftwareUpdate': [{'name': 'apple', 'action': 'delete', 'id': '5495053', 'version': '::fruits', 'url': ' '}, {'name': 'banana', 'action': 'delete', 'id': '5494888', 'version': '::fruits', 'url': ' '}, {'name': 'asciijump', 'action': 'delete', 'id': '5475369', 'version': '::apt', 'url': ' '}, {'name': 'cherry', 'action': 'delete', 'id': '5495382', 'version': '::fruits', 'url': ' '}, {'name': 'registry', 'action': 'delete', 'id': '8018911', 'version': '::docker', 'url': ' '}]}
12:07:11 INFO  State of operation 21082634 : PENDING
12:07:13 INFO  State of operation 21082634 : EXECUTING
12:07:16 INFO  State of operation 21082634 : EXECUTING
12:07:18 INFO  State of operation 21082634 : EXECUTING
12:07:20 INFO  State of operation 21082634 : EXECUTING
12:07:22 INFO  State of operation 21082634 : EXECUTING
12:07:25 INFO  State of operation 21082634 : EXECUTING
12:07:28 INFO  State of operation 21082634 : EXECUTING
12:07:30 INFO  State of operation 21082634 : EXECUTING
12:07:32 INFO  State of operation 21082634 : EXECUTING
12:07:35 INFO  State of operation 21082634 : EXECUTING
12:07:37 INFO  State of operation 21082634 : EXECUTING
12:07:39 INFO  State of operation 21082634 : EXECUTING
12:07:41 INFO  State of operation 21082634 : EXECUTING
12:07:43 INFO  State of operation 21082634 : EXECUTING
12:07:46 INFO  State of operation 21082634 : EXECUTING
12:07:50 INFO  State of operation 21082634 : EXECUTING
12:07:52 INFO  State of operation 21082634 : EXECUTING
12:07:55 INFO  State of operation 21082634 : EXECUTING
12:07:57 INFO  State of operation 21082634 : EXECUTING
12:07:59 INFO  State of operation 21082634 : EXECUTING
12:08:01 INFO  State of operation 21082634 : EXECUTING
12:08:04 INFO  State of operation 21082634 : EXECUTING
12:08:06 INFO  State of operation 21082634 : EXECUTING
12:08:09 INFO  State of operation 21082634 : EXECUTING
12:08:11 INFO  State of operation 21082634 : EXECUTING
12:08:13 INFO  State of operation 21082634 : EXECUTING
12:08:15 INFO  State of operation 21082634 : EXECUTING
12:08:18 INFO  State of operation 21082634 : EXECUTING
12:08:20 INFO  State of operation 21082634 : SUCCESSFUL
12:08:20 INFO  Package apple is installed
12:08:20 INFO  Assert that (True == value) with value=True ... passed
12:08:20 INFO  Package banana is installed
12:08:20 INFO  Assert that (True == value) with value=True ... passed
12:08:20 INFO  Package cherry is installed
12:08:20 INFO  Assert that (True == value) with value=True ... passed
12:08:21 INFO  Assert that (False == value) with value=False ... passed
12:08:21 INFO  Assert that (False == value) with value=False ... passed
12:08:21 INFO  
12:08:21 INFO  cleanup:
12:08:25 INFO  Executed sudo&lt;tedge_disconnect_c8y&gt;, exit status 0
12:08:26 INFO  Executed systemctl&lt;serv_mapper5&gt;, exit status 3
12:08:26 INFO  
12:08:26 INFO  Test duration: 166.46 secs
12:08:26 INFO  Test final outcome:  FAILED
12:08:26 INFO  Test outcome reason: Assert that (False == value) with value=True
12:08:26 INFO  
</system-out>
	</testcase>
</testsuite>
