<?xml version="1.0" encoding="utf-8"?>
<testsuite failures="1" name="SoftwareManagement.sm_apt_install_remove_multiple" skipped="0" tests="1" time="139.56" timestamp="2022-07-26T17:26:56">
	<testcase classname="PySysTest" name="SoftwareManagement.sm_apt_install_remove_multiple">
		<failure message="FAILED: Assert that (False == value) with value=True (+3 other failures)" type="FAILED"/>
		<system-out>17:24:37 INFO  ==============================================================
17:24:37 INFO  Id:    SoftwareManagement.sm_apt_install_remove_multiple
17:24:37 INFO  Dir:   software_management_end_to_end/
17:24:37 INFO  Title: Validate end to end behaviour for the apt plugin for multiple packages
17:24:37 INFO  ==============================================================
17:24:37 INFO  Using sw id database: {'asciijump': '5475369', 'robotfindskitten': '5474869', 'squirrel3': '5475279', 'rolldice': '5152439', 'moon-buggy': '5439204', 'apple': '5495053', 'banana': '5494888', 'cherry': '5495382', 'watermelon': '5494510', 'registry': '8018911', 'hello-world': '8021526', 'docker/getting-started': '8021973', 'alpine': '7991792'}
17:24:37 INFO  EnvironmentC8y Setup
17:24:38 INFO  Executed systemctl&lt;serv_mapper1&gt;, exit status 3
17:24:38 INFO  Restarting mosquitto too frequently in the last 10 seconds. It was only up for 4 seconds
17:24:38 INFO  Delaying execution by 7 seconds
17:24:59 INFO  Executed sudo&lt;tedge_connect_c8y&gt;, exit status 0, duration 13 secs
17:24:59 INFO  Executed sudo&lt;tedge_connect_c8y_test&gt;, exit status 0
17:25:00 INFO  Executed systemctl&lt;serv_mosq2&gt;, exit status 0
17:25:00 INFO  Executed systemctl&lt;serv_mapper3&gt;, exit status 0
17:25:03 INFO  State of current operation: SUCCESSFUL
17:25:03 INFO  Package rolldice is installed
17:25:03 WARN  Assert that (False == value) with value=True ... failed 
17:25:03 INFO  Package asciijump is installed
17:25:03 WARN  Assert that (False == value) with value=True ... failed 
17:25:03 INFO  Package squirrel3 is installed
17:25:03 WARN  Assert that (False == value) with value=True ... failed 
17:25:04 INFO  Package robotfindskitten is installed
17:25:04 WARN  Assert that (False == value) with value=True ... failed 
17:25:04 INFO  Response status: 201
17:25:04 INFO  Response to action: {
    &quot;creationTime&quot;: &quot;2022-07-26T17:25:04.296Z&quot;,
    &quot;deviceId&quot;: &quot;21435314&quot;,
    &quot;deviceName&quot;: &quot;m32sd10a&quot;,
    &quot;self&quot;: &quot;https://t493319102.eu-latest.cumulocity.com/devicecontrol/operations/21453303&quot;,
    &quot;id&quot;: &quot;21453303&quot;,
    &quot;status&quot;: &quot;PENDING&quot;,
    &quot;description&quot;: &quot;Apply software changes, triggered from PySys: [{'action': 'install', 'id': '5475369', 'name': 'asciijump', 'url': ' ', 'version': '::apt'}, {'action': 'install', 'id': '5474869', 'name': 'robotfindskitten', 'url': ' ', 'version': '::apt'}, {'action': 'install', 'id': '5475279', 'name': 'squirrel3', 'url': ' ', 'version': '::apt'}]&quot;,
    &quot;c8y_SoftwareUpdate&quot;: [
        {
            &quot;name&quot;: &quot;asciijump&quot;,
            &quot;action&quot;: &quot;install&quot;,
            &quot;id&quot;: &quot;5475369&quot;,
            &quot;version&quot;: &quot;::apt&quot;,
            &quot;url&quot;: &quot; &quot;
        },
        {
            &quot;name&quot;: &quot;robotfindskitten&quot;,
            &quot;action&quot;: &quot;install&quot;,
            &quot;id&quot;: &quot;5474869&quot;,
            &quot;version&quot;: &quot;::apt&quot;,
            &quot;url&quot;: &quot; &quot;
        },
        {
            &quot;name&quot;: &quot;squirrel3&quot;,
            &quot;action&quot;: &quot;install&quot;,
            &quot;id&quot;: &quot;5475279&quot;,
            &quot;version&quot;: &quot;::apt&quot;,
            &quot;url&quot;: &quot; &quot;
        }
    ]
}
17:25:04 INFO  Started operation: {'creationTime': '2022-07-26T17:25:04.296Z', 'deviceId': '21435314', 'deviceName': 'm32sd10a', 'self': 'https://t493319102.eu-latest.cumulocity.com/devicecontrol/operations/21453303', 'id': '21453303', 'status': 'PENDING', 'description': &quot;Apply software changes, triggered from PySys: [{'action': 'install', 'id': '5475369', 'name': 'asciijump', 'url': ' ', 'version': '::apt'}, {'action': 'install', 'id': '5474869', 'name': 'robotfindskitten', 'url': ' ', 'version': '::apt'}, {'action': 'install', 'id': '5475279', 'name': 'squirrel3', 'url': ' ', 'version': '::apt'}]&quot;, 'c8y_SoftwareUpdate': [{'name': 'asciijump', 'action': 'install', 'id': '5475369', 'version': '::apt', 'url': ' '}, {'name': 'robotfindskitten', 'action': 'install', 'id': '5474869', 'version': '::apt', 'url': ' '}, {'name': 'squirrel3', 'action': 'install', 'id': '5475279', 'version': '::apt', 'url': ' '}]}
17:25:06 INFO  State of operation 21453303 : PENDING
17:25:08 INFO  State of operation 21453303 : EXECUTING
17:25:11 INFO  State of operation 21453303 : EXECUTING
17:25:13 INFO  State of operation 21453303 : EXECUTING
17:25:15 INFO  State of operation 21453303 : EXECUTING
17:25:17 INFO  State of operation 21453303 : EXECUTING
17:25:20 INFO  State of operation 21453303 : EXECUTING
17:25:23 INFO  State of operation 21453303 : EXECUTING
17:25:25 INFO  State of operation 21453303 : EXECUTING
17:25:28 INFO  State of operation 21453303 : EXECUTING
17:25:30 INFO  State of operation 21453303 : EXECUTING
17:25:32 INFO  State of operation 21453303 : EXECUTING
17:25:34 INFO  State of operation 21453303 : EXECUTING
17:25:37 INFO  State of operation 21453303 : EXECUTING
17:25:39 INFO  State of operation 21453303 : EXECUTING
17:25:41 INFO  State of operation 21453303 : SUCCESSFUL
17:25:41 INFO  Assert that (False == value) with value=False ... passed
17:25:41 INFO  Package asciijump is installed
17:25:41 INFO  Assert that (True == value) with value=True ... passed
17:25:42 INFO  Package squirrel3 is installed
17:25:42 INFO  Assert that (True == value) with value=True ... passed
17:25:42 INFO  Package robotfindskitten is installed
17:25:42 INFO  Assert that (True == value) with value=True ... passed
17:25:42 INFO  Response status: 201
17:25:42 INFO  Response to action: {
    &quot;creationTime&quot;: &quot;2022-07-26T17:25:42.583Z&quot;,
    &quot;deviceId&quot;: &quot;21435314&quot;,
    &quot;deviceName&quot;: &quot;m32sd10a&quot;,
    &quot;self&quot;: &quot;https://t493319102.eu-latest.cumulocity.com/devicecontrol/operations/21453315&quot;,
    &quot;id&quot;: &quot;21453315&quot;,
    &quot;status&quot;: &quot;PENDING&quot;,
    &quot;description&quot;: &quot;Apply software changes, triggered from PySys: [{'action': 'delete', 'id': '5475369', 'name': 'asciijump', 'url': ' ', 'version': '::apt'}, {'action': 'delete', 'id': '5474869', 'name': 'robotfindskitten', 'url': ' ', 'version': '::apt'}, {'action': 'delete', 'id': '5475279', 'name': 'squirrel3', 'url': ' ', 'version': '::apt'}]&quot;,
    &quot;c8y_SoftwareUpdate&quot;: [
        {
            &quot;name&quot;: &quot;asciijump&quot;,
            &quot;action&quot;: &quot;delete&quot;,
            &quot;id&quot;: &quot;5475369&quot;,
            &quot;version&quot;: &quot;::apt&quot;,
            &quot;url&quot;: &quot; &quot;
        },
        {
            &quot;name&quot;: &quot;robotfindskitten&quot;,
            &quot;action&quot;: &quot;delete&quot;,
            &quot;id&quot;: &quot;5474869&quot;,
            &quot;version&quot;: &quot;::apt&quot;,
            &quot;url&quot;: &quot; &quot;
        },
        {
            &quot;name&quot;: &quot;squirrel3&quot;,
            &quot;action&quot;: &quot;delete&quot;,
            &quot;id&quot;: &quot;5475279&quot;,
            &quot;version&quot;: &quot;::apt&quot;,
            &quot;url&quot;: &quot; &quot;
        }
    ]
}
17:25:42 INFO  Started operation: {'creationTime': '2022-07-26T17:25:42.583Z', 'deviceId': '21435314', 'deviceName': 'm32sd10a', 'self': 'https://t493319102.eu-latest.cumulocity.com/devicecontrol/operations/21453315', 'id': '21453315', 'status': 'PENDING', 'description': &quot;Apply software changes, triggered from PySys: [{'action': 'delete', 'id': '5475369', 'name': 'asciijump', 'url': ' ', 'version': '::apt'}, {'action': 'delete', 'id': '5474869', 'name': 'robotfindskitten', 'url': ' ', 'version': '::apt'}, {'action': 'delete', 'id': '5475279', 'name': 'squirrel3', 'url': ' ', 'version': '::apt'}]&quot;, 'c8y_SoftwareUpdate': [{'name': 'asciijump', 'action': 'delete', 'id': '5475369', 'version': '::apt', 'url': ' '}, {'name': 'robotfindskitten', 'action': 'delete', 'id': '5474869', 'version': '::apt', 'url': ' '}, {'name': 'squirrel3', 'action': 'delete', 'id': '5475279', 'version': '::apt', 'url': ' '}]}
17:25:44 INFO  State of operation 21453315 : PENDING
17:25:47 INFO  State of operation 21453315 : EXECUTING
17:25:49 INFO  State of operation 21453315 : EXECUTING
17:25:51 INFO  State of operation 21453315 : EXECUTING
17:25:53 INFO  State of operation 21453315 : EXECUTING
17:25:55 INFO  State of operation 21453315 : EXECUTING
17:25:59 INFO  State of operation 21453315 : EXECUTING
17:26:01 INFO  State of operation 21453315 : EXECUTING
17:26:04 INFO  State of operation 21453315 : EXECUTING
17:26:06 INFO  State of operation 21453315 : EXECUTING
17:26:08 INFO  State of operation 21453315 : EXECUTING
17:26:10 INFO  State of operation 21453315 : EXECUTING
17:26:13 INFO  State of operation 21453315 : EXECUTING
17:26:15 INFO  State of operation 21453315 : EXECUTING
17:26:17 INFO  State of operation 21453315 : EXECUTING
17:26:19 INFO  State of operation 21453315 : EXECUTING
17:26:22 INFO  State of operation 21453315 : EXECUTING
17:26:25 INFO  State of operation 21453315 : EXECUTING
17:26:27 INFO  State of operation 21453315 : EXECUTING
17:26:30 INFO  State of operation 21453315 : EXECUTING
17:26:32 INFO  State of operation 21453315 : EXECUTING
17:26:34 INFO  State of operation 21453315 : EXECUTING
17:26:36 INFO  State of operation 21453315 : EXECUTING
17:26:39 INFO  State of operation 21453315 : EXECUTING
17:26:42 INFO  State of operation 21453315 : EXECUTING
17:26:44 INFO  State of operation 21453315 : EXECUTING
17:26:46 INFO  State of operation 21453315 : EXECUTING
17:26:49 INFO  State of operation 21453315 : EXECUTING
17:26:51 INFO  State of operation 21453315 : SUCCESSFUL
17:26:51 INFO  Assert that (False == value) with value=False ... passed
17:26:51 INFO  Assert that (False == value) with value=False ... passed
17:26:51 INFO  Assert that (False == value) with value=False ... passed
17:26:52 INFO  Assert that (False == value) with value=False ... passed
17:26:52 INFO  
17:26:52 INFO  cleanup:
17:26:56 INFO  Executed sudo&lt;tedge_disconnect_c8y&gt;, exit status 0
17:26:56 INFO  Executed systemctl&lt;serv_mapper5&gt;, exit status 3
17:26:56 INFO  
17:26:56 INFO  Test duration: 139.56 secs
17:26:56 INFO  Test final outcome:  FAILED
17:26:56 INFO  Test outcome reason: Assert that (False == value) with value=True (+3 other failures)
17:26:56 INFO  
</system-out>
	</testcase>
</testsuite>
