<?xml version="1.0" encoding="utf-8"?>
<testsuite failures="1" name="SoftwareManagement.sm_apt_install_remove_multiple" skipped="0" tests="1" time="139.33" timestamp="2022-07-25T13:01:04">
	<testcase classname="PySysTest" name="SoftwareManagement.sm_apt_install_remove_multiple">
		<failure message="FAILED: Assert that (False == value) with value=True (+2 other failures)" type="FAILED"/>
		<system-out>12:58:44 INFO  ==============================================================
12:58:44 INFO  Id:    SoftwareManagement.sm_apt_install_remove_multiple
12:58:44 INFO  Dir:   software_management_end_to_end/
12:58:44 INFO  Title: Validate end to end behaviour for the apt plugin for multiple packages
12:58:44 INFO  ==============================================================
12:58:44 INFO  Using sw id database: {'asciijump': '5475369', 'robotfindskitten': '5474869', 'squirrel3': '5475279', 'rolldice': '5152439', 'moon-buggy': '5439204', 'apple': '5495053', 'banana': '5494888', 'cherry': '5495382', 'watermelon': '5494510', 'registry': '8018911', 'hello-world': '8021526', 'docker/getting-started': '8021973', 'alpine': '7991792'}
12:58:44 INFO  EnvironmentC8y Setup
12:58:45 INFO  Executed systemctl&lt;serv_mapper1&gt;, exit status 3
12:58:45 INFO  Restarting mosquitto too frequently in the last 10 seconds. It was only up for 5 seconds
12:58:45 INFO  Delaying execution by 6 seconds
12:59:05 INFO  Executed sudo&lt;tedge_connect_c8y&gt;, exit status 0, duration 14 secs
12:59:06 INFO  Executed sudo&lt;tedge_connect_c8y_test&gt;, exit status 0
12:59:06 INFO  Executed systemctl&lt;serv_mosq2&gt;, exit status 0
12:59:07 INFO  Executed systemctl&lt;serv_mapper3&gt;, exit status 0
12:59:09 INFO  State of current operation: SUCCESSFUL
12:59:09 INFO  Assert that (False == value) with value=False ... passed
12:59:10 INFO  Package asciijump is installed
12:59:10 WARN  Assert that (False == value) with value=True ... failed 
12:59:10 INFO  Package squirrel3 is installed
12:59:10 WARN  Assert that (False == value) with value=True ... failed 
12:59:11 INFO  Package robotfindskitten is installed
12:59:11 WARN  Assert that (False == value) with value=True ... failed 
12:59:11 INFO  Response status: 201
12:59:11 INFO  Response to action: {
    &quot;creationTime&quot;: &quot;2022-07-25T12:59:11.612Z&quot;,
    &quot;deviceId&quot;: &quot;21360435&quot;,
    &quot;deviceName&quot;: &quot;m32sd10a&quot;,
    &quot;self&quot;: &quot;https://t493319102.eu-latest.cumulocity.com/devicecontrol/operations/21385664&quot;,
    &quot;id&quot;: &quot;21385664&quot;,
    &quot;status&quot;: &quot;PENDING&quot;,
    &quot;description&quot;: &quot;Apply software changes, triggered from PySys: [{'action': 'install', 'id': '5475369', 'name': 'asciijump', 'url': ' ', 'version': '::apt'}, {'action': 'install', 'id': '5474869', 'name': 'robotfindskitten', 'url': ' ', 'version': '::apt'}, {'action': 'install', 'id': '5475279', 'name': 'squirrel3', 'url': ' ', 'version': '::apt'}]&quot;,
    &quot;c8y_SoftwareUpdate&quot;: [
        {
            &quot;name&quot;: &quot;asciijump&quot;,
            &quot;action&quot;: &quot;install&quot;,
            &quot;id&quot;: &quot;5475369&quot;,
            &quot;version&quot;: &quot;::apt&quot;,
            &quot;url&quot;: &quot; &quot;
        },
        {
            &quot;name&quot;: &quot;robotfindskitten&quot;,
            &quot;action&quot;: &quot;install&quot;,
            &quot;id&quot;: &quot;5474869&quot;,
            &quot;version&quot;: &quot;::apt&quot;,
            &quot;url&quot;: &quot; &quot;
        },
        {
            &quot;name&quot;: &quot;squirrel3&quot;,
            &quot;action&quot;: &quot;install&quot;,
            &quot;id&quot;: &quot;5475279&quot;,
            &quot;version&quot;: &quot;::apt&quot;,
            &quot;url&quot;: &quot; &quot;
        }
    ]
}
12:59:11 INFO  Started operation: {'creationTime': '2022-07-25T12:59:11.612Z', 'deviceId': '21360435', 'deviceName': 'm32sd10a', 'self': 'https://t493319102.eu-latest.cumulocity.com/devicecontrol/operations/21385664', 'id': '21385664', 'status': 'PENDING', 'description': &quot;Apply software changes, triggered from PySys: [{'action': 'install', 'id': '5475369', 'name': 'asciijump', 'url': ' ', 'version': '::apt'}, {'action': 'install', 'id': '5474869', 'name': 'robotfindskitten', 'url': ' ', 'version': '::apt'}, {'action': 'install', 'id': '5475279', 'name': 'squirrel3', 'url': ' ', 'version': '::apt'}]&quot;, 'c8y_SoftwareUpdate': [{'name': 'asciijump', 'action': 'install', 'id': '5475369', 'version': '::apt', 'url': ' '}, {'name': 'robotfindskitten', 'action': 'install', 'id': '5474869', 'version': '::apt', 'url': ' '}, {'name': 'squirrel3', 'action': 'install', 'id': '5475279', 'version': '::apt', 'url': ' '}]}
12:59:13 INFO  State of operation 21385664 : PENDING
12:59:16 INFO  State of operation 21385664 : EXECUTING
12:59:18 INFO  State of operation 21385664 : EXECUTING
12:59:20 INFO  State of operation 21385664 : EXECUTING
12:59:22 INFO  State of operation 21385664 : EXECUTING
12:59:24 INFO  State of operation 21385664 : EXECUTING
12:59:27 INFO  State of operation 21385664 : EXECUTING
12:59:30 INFO  State of operation 21385664 : EXECUTING
12:59:32 INFO  State of operation 21385664 : EXECUTING
12:59:35 INFO  State of operation 21385664 : EXECUTING
12:59:37 INFO  State of operation 21385664 : EXECUTING
12:59:39 INFO  State of operation 21385664 : EXECUTING
12:59:41 INFO  State of operation 21385664 : EXECUTING
12:59:44 INFO  State of operation 21385664 : EXECUTING
12:59:46 INFO  State of operation 21385664 : EXECUTING
12:59:48 INFO  State of operation 21385664 : SUCCESSFUL
12:59:48 INFO  Assert that (False == value) with value=False ... passed
12:59:49 INFO  Package asciijump is installed
12:59:49 INFO  Assert that (True == value) with value=True ... passed
12:59:49 INFO  Package squirrel3 is installed
12:59:49 INFO  Assert that (True == value) with value=True ... passed
12:59:49 INFO  Package robotfindskitten is installed
12:59:49 INFO  Assert that (True == value) with value=True ... passed
12:59:50 INFO  Response status: 201
12:59:50 INFO  Response to action: {
    &quot;creationTime&quot;: &quot;2022-07-25T12:59:49.791Z&quot;,
    &quot;deviceId&quot;: &quot;21360435&quot;,
    &quot;deviceName&quot;: &quot;m32sd10a&quot;,
    &quot;self&quot;: &quot;https://t493319102.eu-latest.cumulocity.com/devicecontrol/operations/21385675&quot;,
    &quot;id&quot;: &quot;21385675&quot;,
    &quot;status&quot;: &quot;PENDING&quot;,
    &quot;description&quot;: &quot;Apply software changes, triggered from PySys: [{'action': 'delete', 'id': '5475369', 'name': 'asciijump', 'url': ' ', 'version': '::apt'}, {'action': 'delete', 'id': '5474869', 'name': 'robotfindskitten', 'url': ' ', 'version': '::apt'}, {'action': 'delete', 'id': '5475279', 'name': 'squirrel3', 'url': ' ', 'version': '::apt'}]&quot;,
    &quot;c8y_SoftwareUpdate&quot;: [
        {
            &quot;name&quot;: &quot;asciijump&quot;,
            &quot;action&quot;: &quot;delete&quot;,
            &quot;id&quot;: &quot;5475369&quot;,
            &quot;version&quot;: &quot;::apt&quot;,
            &quot;url&quot;: &quot; &quot;
        },
        {
            &quot;name&quot;: &quot;robotfindskitten&quot;,
            &quot;action&quot;: &quot;delete&quot;,
            &quot;id&quot;: &quot;5474869&quot;,
            &quot;version&quot;: &quot;::apt&quot;,
            &quot;url&quot;: &quot; &quot;
        },
        {
            &quot;name&quot;: &quot;squirrel3&quot;,
            &quot;action&quot;: &quot;delete&quot;,
            &quot;id&quot;: &quot;5475279&quot;,
            &quot;version&quot;: &quot;::apt&quot;,
            &quot;url&quot;: &quot; &quot;
        }
    ]
}
12:59:50 INFO  Started operation: {'creationTime': '2022-07-25T12:59:49.791Z', 'deviceId': '21360435', 'deviceName': 'm32sd10a', 'self': 'https://t493319102.eu-latest.cumulocity.com/devicecontrol/operations/21385675', 'id': '21385675', 'status': 'PENDING', 'description': &quot;Apply software changes, triggered from PySys: [{'action': 'delete', 'id': '5475369', 'name': 'asciijump', 'url': ' ', 'version': '::apt'}, {'action': 'delete', 'id': '5474869', 'name': 'robotfindskitten', 'url': ' ', 'version': '::apt'}, {'action': 'delete', 'id': '5475279', 'name': 'squirrel3', 'url': ' ', 'version': '::apt'}]&quot;, 'c8y_SoftwareUpdate': [{'name': 'asciijump', 'action': 'delete', 'id': '5475369', 'version': '::apt', 'url': ' '}, {'name': 'robotfindskitten', 'action': 'delete', 'id': '5474869', 'version': '::apt', 'url': ' '}, {'name': 'squirrel3', 'action': 'delete', 'id': '5475279', 'version': '::apt', 'url': ' '}]}
12:59:52 INFO  State of operation 21385675 : PENDING
12:59:54 INFO  State of operation 21385675 : EXECUTING
12:59:57 INFO  State of operation 21385675 : EXECUTING
12:59:59 INFO  State of operation 21385675 : EXECUTING
13:00:01 INFO  State of operation 21385675 : EXECUTING
13:00:03 INFO  State of operation 21385675 : EXECUTING
13:00:06 INFO  State of operation 21385675 : EXECUTING
13:00:09 INFO  State of operation 21385675 : EXECUTING
13:00:11 INFO  State of operation 21385675 : EXECUTING
13:00:13 INFO  State of operation 21385675 : EXECUTING
13:00:16 INFO  State of operation 21385675 : EXECUTING
13:00:18 INFO  State of operation 21385675 : EXECUTING
13:00:20 INFO  State of operation 21385675 : EXECUTING
13:00:23 INFO  State of operation 21385675 : EXECUTING
13:00:25 INFO  State of operation 21385675 : EXECUTING
13:00:27 INFO  State of operation 21385675 : EXECUTING
13:00:30 INFO  State of operation 21385675 : EXECUTING
13:00:32 INFO  State of operation 21385675 : EXECUTING
13:00:35 INFO  State of operation 21385675 : EXECUTING
13:00:37 INFO  State of operation 21385675 : EXECUTING
13:00:39 INFO  State of operation 21385675 : EXECUTING
13:00:41 INFO  State of operation 21385675 : EXECUTING
13:00:44 INFO  State of operation 21385675 : EXECUTING
13:00:46 INFO  State of operation 21385675 : EXECUTING
13:00:48 INFO  State of operation 21385675 : EXECUTING
13:00:51 INFO  State of operation 21385675 : EXECUTING
13:00:53 INFO  State of operation 21385675 : EXECUTING
13:00:56 INFO  State of operation 21385675 : EXECUTING
13:00:58 INFO  State of operation 21385675 : SUCCESSFUL
13:00:58 INFO  Assert that (False == value) with value=False ... passed
13:00:58 INFO  Assert that (False == value) with value=False ... passed
13:00:59 INFO  Assert that (False == value) with value=False ... passed
13:00:59 INFO  Assert that (False == value) with value=False ... passed
13:00:59 INFO  
13:00:59 INFO  cleanup:
13:01:03 INFO  Executed sudo&lt;tedge_disconnect_c8y&gt;, exit status 0
13:01:04 INFO  Executed systemctl&lt;serv_mapper5&gt;, exit status 3
13:01:04 INFO  
13:01:04 INFO  Test duration: 139.33 secs
13:01:04 INFO  Test final outcome:  FAILED
13:01:04 INFO  Test outcome reason: Assert that (False == value) with value=True (+2 other failures)
13:01:04 INFO  
</system-out>
	</testcase>
</testsuite>
