<?xml version="1.0" encoding="utf-8"?>
<testsuite failures="1" name="SoftwareManagement.sm_apt_install_remove_multiple" skipped="0" tests="1" time="138.1" timestamp="2022-07-21T22:38:17">
	<testcase classname="PySysTest" name="SoftwareManagement.sm_apt_install_remove_multiple">
		<failure message="FAILED: Assert that (False == value) with value=True (+2 other failures)" type="FAILED"/>
		<system-out>22:35:59 INFO  ==============================================================
22:35:59 INFO  Id:    SoftwareManagement.sm_apt_install_remove_multiple
22:35:59 INFO  Dir:   software_management_end_to_end/
22:35:59 INFO  Title: Validate end to end behaviour for the apt plugin for multiple packages
22:35:59 INFO  ==============================================================
22:35:59 INFO  Using sw id database: {'asciijump': '5475369', 'robotfindskitten': '5474869', 'squirrel3': '5475279', 'rolldice': '5152439', 'moon-buggy': '5439204', 'apple': '5495053', 'banana': '5494888', 'cherry': '5495382', 'watermelon': '5494510', 'registry': '8018911', 'hello-world': '8021526', 'docker/getting-started': '8021973', 'alpine': '7991792'}
22:35:59 INFO  EnvironmentC8y Setup
22:36:00 INFO  Executed systemctl&lt;serv_mapper1&gt;, exit status 3
22:36:00 INFO  Restarting mosquitto too frequently in the last 10 seconds. It was only up for 4 seconds
22:36:00 INFO  Delaying execution by 7 seconds
22:36:21 INFO  Executed sudo&lt;tedge_connect_c8y&gt;, exit status 0, duration 14 secs
22:36:22 INFO  Executed sudo&lt;tedge_connect_c8y_test&gt;, exit status 0
22:36:22 INFO  Executed systemctl&lt;serv_mosq2&gt;, exit status 0
22:36:23 INFO  Executed systemctl&lt;serv_mapper3&gt;, exit status 0
22:36:25 INFO  State of current operation: SUCCESSFUL
22:36:25 INFO  Assert that (False == value) with value=False ... passed
22:36:25 INFO  Package asciijump is installed
22:36:26 WARN  Assert that (False == value) with value=True ... failed 
22:36:26 INFO  Package squirrel3 is installed
22:36:26 WARN  Assert that (False == value) with value=True ... failed 
22:36:26 INFO  Package robotfindskitten is installed
22:36:26 WARN  Assert that (False == value) with value=True ... failed 
22:36:26 INFO  Response status: 201
22:36:26 INFO  Response to action: {
    &quot;delivery&quot;: {
        &quot;log&quot;: [],
        &quot;time&quot;: &quot;2022-07-21T22:36:26.897Z&quot;,
        &quot;status&quot;: &quot;PENDING&quot;
    },
    &quot;creationTime&quot;: &quot;2022-07-21T22:36:26.882Z&quot;,
    &quot;deviceId&quot;: &quot;21164556&quot;,
    &quot;deviceName&quot;: &quot;m32sd10a&quot;,
    &quot;self&quot;: &quot;https://t493319102.eu-latest.cumulocity.com/devicecontrol/operations/21201121&quot;,
    &quot;id&quot;: &quot;21201121&quot;,
    &quot;status&quot;: &quot;PENDING&quot;,
    &quot;description&quot;: &quot;Apply software changes, triggered from PySys: [{'action': 'install', 'id': '5475369', 'name': 'asciijump', 'url': ' ', 'version': '::apt'}, {'action': 'install', 'id': '5474869', 'name': 'robotfindskitten', 'url': ' ', 'version': '::apt'}, {'action': 'install', 'id': '5475279', 'name': 'squirrel3', 'url': ' ', 'version': '::apt'}]&quot;,
    &quot;c8y_SoftwareUpdate&quot;: [
        {
            &quot;name&quot;: &quot;asciijump&quot;,
            &quot;action&quot;: &quot;install&quot;,
            &quot;id&quot;: &quot;5475369&quot;,
            &quot;version&quot;: &quot;::apt&quot;,
            &quot;url&quot;: &quot; &quot;
        },
        {
            &quot;name&quot;: &quot;robotfindskitten&quot;,
            &quot;action&quot;: &quot;install&quot;,
            &quot;id&quot;: &quot;5474869&quot;,
            &quot;version&quot;: &quot;::apt&quot;,
            &quot;url&quot;: &quot; &quot;
        },
        {
            &quot;name&quot;: &quot;squirrel3&quot;,
            &quot;action&quot;: &quot;install&quot;,
            &quot;id&quot;: &quot;5475279&quot;,
            &quot;version&quot;: &quot;::apt&quot;,
            &quot;url&quot;: &quot; &quot;
        }
    ]
}
22:36:26 INFO  Started operation: {'delivery': {'log': [], 'time': '2022-07-21T22:36:26.897Z', 'status': 'PENDING'}, 'creationTime': '2022-07-21T22:36:26.882Z', 'deviceId': '21164556', 'deviceName': 'm32sd10a', 'self': 'https://t493319102.eu-latest.cumulocity.com/devicecontrol/operations/21201121', 'id': '21201121', 'status': 'PENDING', 'description': &quot;Apply software changes, triggered from PySys: [{'action': 'install', 'id': '5475369', 'name': 'asciijump', 'url': ' ', 'version': '::apt'}, {'action': 'install', 'id': '5474869', 'name': 'robotfindskitten', 'url': ' ', 'version': '::apt'}, {'action': 'install', 'id': '5475279', 'name': 'squirrel3', 'url': ' ', 'version': '::apt'}]&quot;, 'c8y_SoftwareUpdate': [{'name': 'asciijump', 'action': 'install', 'id': '5475369', 'version': '::apt', 'url': ' '}, {'name': 'robotfindskitten', 'action': 'install', 'id': '5474869', 'version': '::apt', 'url': ' '}, {'name': 'squirrel3', 'action': 'install', 'id': '5475279', 'version': '::apt', 'url': ' '}]}
22:36:29 INFO  State of operation 21201121 : PENDING
22:36:31 INFO  State of operation 21201121 : EXECUTING
22:36:33 INFO  State of operation 21201121 : EXECUTING
22:36:35 INFO  State of operation 21201121 : EXECUTING
22:36:38 INFO  State of operation 21201121 : EXECUTING
22:36:40 INFO  State of operation 21201121 : EXECUTING
22:36:43 INFO  State of operation 21201121 : EXECUTING
22:36:45 INFO  State of operation 21201121 : EXECUTING
22:36:48 INFO  State of operation 21201121 : EXECUTING
22:36:50 INFO  State of operation 21201121 : EXECUTING
22:36:52 INFO  State of operation 21201121 : EXECUTING
22:36:54 INFO  State of operation 21201121 : EXECUTING
22:36:57 INFO  State of operation 21201121 : EXECUTING
22:36:59 INFO  State of operation 21201121 : EXECUTING
22:37:01 INFO  State of operation 21201121 : EXECUTING
22:37:03 INFO  State of operation 21201121 : SUCCESSFUL
22:37:03 INFO  Assert that (False == value) with value=False ... passed
22:37:04 INFO  Package asciijump is installed
22:37:04 INFO  Assert that (True == value) with value=True ... passed
22:37:04 INFO  Package squirrel3 is installed
22:37:04 INFO  Assert that (True == value) with value=True ... passed
22:37:04 INFO  Package robotfindskitten is installed
22:37:04 INFO  Assert that (True == value) with value=True ... passed
22:37:04 INFO  Response status: 201
22:37:04 INFO  Response to action: {
    &quot;delivery&quot;: {
        &quot;log&quot;: [],
        &quot;time&quot;: &quot;2022-07-21T22:37:04.818Z&quot;,
        &quot;status&quot;: &quot;PENDING&quot;
    },
    &quot;creationTime&quot;: &quot;2022-07-21T22:37:04.801Z&quot;,
    &quot;deviceId&quot;: &quot;21164556&quot;,
    &quot;deviceName&quot;: &quot;m32sd10a&quot;,
    &quot;self&quot;: &quot;https://t493319102.eu-latest.cumulocity.com/devicecontrol/operations/21201140&quot;,
    &quot;id&quot;: &quot;21201140&quot;,
    &quot;status&quot;: &quot;PENDING&quot;,
    &quot;description&quot;: &quot;Apply software changes, triggered from PySys: [{'action': 'delete', 'id': '5475369', 'name': 'asciijump', 'url': ' ', 'version': '::apt'}, {'action': 'delete', 'id': '5474869', 'name': 'robotfindskitten', 'url': ' ', 'version': '::apt'}, {'action': 'delete', 'id': '5475279', 'name': 'squirrel3', 'url': ' ', 'version': '::apt'}]&quot;,
    &quot;c8y_SoftwareUpdate&quot;: [
        {
            &quot;name&quot;: &quot;asciijump&quot;,
            &quot;action&quot;: &quot;delete&quot;,
            &quot;id&quot;: &quot;5475369&quot;,
            &quot;version&quot;: &quot;::apt&quot;,
            &quot;url&quot;: &quot; &quot;
        },
        {
            &quot;name&quot;: &quot;robotfindskitten&quot;,
            &quot;action&quot;: &quot;delete&quot;,
            &quot;id&quot;: &quot;5474869&quot;,
            &quot;version&quot;: &quot;::apt&quot;,
            &quot;url&quot;: &quot; &quot;
        },
        {
            &quot;name&quot;: &quot;squirrel3&quot;,
            &quot;action&quot;: &quot;delete&quot;,
            &quot;id&quot;: &quot;5475279&quot;,
            &quot;version&quot;: &quot;::apt&quot;,
            &quot;url&quot;: &quot; &quot;
        }
    ]
}
22:37:04 INFO  Started operation: {'delivery': {'log': [], 'time': '2022-07-21T22:37:04.818Z', 'status': 'PENDING'}, 'creationTime': '2022-07-21T22:37:04.801Z', 'deviceId': '21164556', 'deviceName': 'm32sd10a', 'self': 'https://t493319102.eu-latest.cumulocity.com/devicecontrol/operations/21201140', 'id': '21201140', 'status': 'PENDING', 'description': &quot;Apply software changes, triggered from PySys: [{'action': 'delete', 'id': '5475369', 'name': 'asciijump', 'url': ' ', 'version': '::apt'}, {'action': 'delete', 'id': '5474869', 'name': 'robotfindskitten', 'url': ' ', 'version': '::apt'}, {'action': 'delete', 'id': '5475279', 'name': 'squirrel3', 'url': ' ', 'version': '::apt'}]&quot;, 'c8y_SoftwareUpdate': [{'name': 'asciijump', 'action': 'delete', 'id': '5475369', 'version': '::apt', 'url': ' '}, {'name': 'robotfindskitten', 'action': 'delete', 'id': '5474869', 'version': '::apt', 'url': ' '}, {'name': 'squirrel3', 'action': 'delete', 'id': '5475279', 'version': '::apt', 'url': ' '}]}
22:37:07 INFO  State of operation 21201140 : PENDING
22:37:09 INFO  State of operation 21201140 : EXECUTING
22:37:11 INFO  State of operation 21201140 : EXECUTING
22:37:13 INFO  State of operation 21201140 : EXECUTING
22:37:15 INFO  State of operation 21201140 : EXECUTING
22:37:18 INFO  State of operation 21201140 : EXECUTING
22:37:20 INFO  State of operation 21201140 : EXECUTING
22:37:23 INFO  State of operation 21201140 : EXECUTING
22:37:25 INFO  State of operation 21201140 : EXECUTING
22:37:28 INFO  State of operation 21201140 : EXECUTING
22:37:30 INFO  State of operation 21201140 : EXECUTING
22:37:32 INFO  State of operation 21201140 : EXECUTING
22:37:35 INFO  State of operation 21201140 : EXECUTING
22:37:37 INFO  State of operation 21201140 : EXECUTING
22:37:39 INFO  State of operation 21201140 : EXECUTING
22:37:41 INFO  State of operation 21201140 : EXECUTING
22:37:44 INFO  State of operation 21201140 : EXECUTING
22:37:46 INFO  State of operation 21201140 : EXECUTING
22:37:49 INFO  State of operation 21201140 : EXECUTING
22:37:51 INFO  State of operation 21201140 : EXECUTING
22:37:53 INFO  State of operation 21201140 : EXECUTING
22:37:56 INFO  State of operation 21201140 : EXECUTING
22:37:58 INFO  State of operation 21201140 : EXECUTING
22:38:00 INFO  State of operation 21201140 : EXECUTING
22:38:03 INFO  State of operation 21201140 : EXECUTING
22:38:05 INFO  State of operation 21201140 : EXECUTING
22:38:07 INFO  State of operation 21201140 : EXECUTING
22:38:10 INFO  State of operation 21201140 : EXECUTING
22:38:12 INFO  State of operation 21201140 : SUCCESSFUL
22:38:12 INFO  Assert that (False == value) with value=False ... passed
22:38:12 INFO  Assert that (False == value) with value=False ... passed
22:38:12 INFO  Assert that (False == value) with value=False ... passed
22:38:13 INFO  Assert that (False == value) with value=False ... passed
22:38:13 INFO  
22:38:13 INFO  cleanup:
22:38:17 INFO  Executed sudo&lt;tedge_disconnect_c8y&gt;, exit status 0
22:38:17 INFO  Executed systemctl&lt;serv_mapper5&gt;, exit status 3
22:38:17 INFO  
22:38:17 INFO  Test duration: 138.10 secs
22:38:17 INFO  Test final outcome:  FAILED
22:38:17 INFO  Test outcome reason: Assert that (False == value) with value=True (+2 other failures)
22:38:17 INFO  
</system-out>
	</testcase>
</testsuite>
