<?xml version="1.0" encoding="utf-8"?>
<testsuite failures="1" name="SoftwareManagement.sm_apt_install_remove_multiple" skipped="0" tests="1" time="166.18" timestamp="2022-05-23T20:24:54">
	<testcase classname="PySysTest" name="SoftwareManagement.sm_apt_install_remove_multiple">
		<failure message="BLOCKED: SystemError: Timeout while waiting for status FAILED or SUCCESSFUL" type="BLOCKED"/>
		<system-out>20:22:08 INFO  ==============================================================
20:22:08 INFO  Id:    SoftwareManagement.sm_apt_install_remove_multiple
20:22:08 INFO  Dir:   software_management_end_to_end/
20:22:08 INFO  Title: Validate end to end behaviour for the apt plugin for multiple packages
20:22:08 INFO  ==============================================================
20:22:08 INFO  Using sw id database: {'asciijump': '5475369', 'robotfindskitten': '5474869', 'squirrel3': '5475279', 'rolldice': '5152439', 'moon-buggy': '5439204', 'apple': '5495053', 'banana': '5494888', 'cherry': '5495382', 'watermelon': '5494510', 'registry': '8018911', 'hello-world': '8021526', 'docker/getting-started': '8021973', 'alpine': '7991792'}
20:22:08 INFO  EnvironmentC8y Setup
20:22:09 INFO  Executed systemctl&lt;serv_mapper1&gt;, exit status 3
20:22:09 INFO  Restarting mosquitto too frequently in the last 10 seconds. It was only up for 5 seconds
20:22:09 INFO  Delaying execution by 6 seconds
20:22:29 INFO  Executed sudo&lt;tedge_connect_c8y&gt;, exit status 0, duration 14 secs
20:22:30 INFO  Executed sudo&lt;tedge_connect_c8y_test&gt;, exit status 0
20:22:30 INFO  Executed systemctl&lt;serv_mosq2&gt;, exit status 0
20:22:31 INFO  Executed systemctl&lt;serv_mapper3&gt;, exit status 0
20:22:33 INFO  State of current operation: PENDING
20:22:35 INFO  State of current operation: PENDING
20:22:38 INFO  State of current operation: PENDING
20:22:40 INFO  State of current operation: PENDING
20:22:42 INFO  State of current operation: PENDING
20:22:44 INFO  State of current operation: PENDING
20:22:47 INFO  State of current operation: PENDING
20:22:49 INFO  State of current operation: PENDING
20:22:51 INFO  State of current operation: PENDING
20:22:53 INFO  State of current operation: PENDING
20:22:56 INFO  State of current operation: PENDING
20:22:58 INFO  State of current operation: PENDING
20:23:00 INFO  State of current operation: PENDING
20:23:02 INFO  State of current operation: PENDING
20:23:04 INFO  State of current operation: PENDING
20:23:07 INFO  State of current operation: PENDING
20:23:09 INFO  State of current operation: PENDING
20:23:11 INFO  State of current operation: PENDING
20:23:13 INFO  State of current operation: PENDING
20:23:16 INFO  State of current operation: PENDING
20:23:18 INFO  State of current operation: PENDING
20:23:20 INFO  State of current operation: PENDING
20:23:22 INFO  State of current operation: PENDING
20:23:24 INFO  State of current operation: PENDING
20:23:27 INFO  State of current operation: PENDING
20:23:29 INFO  State of current operation: PENDING
20:23:31 INFO  State of current operation: PENDING
20:23:33 INFO  State of current operation: PENDING
20:23:36 INFO  State of current operation: PENDING
20:23:38 INFO  State of current operation: PENDING
20:23:40 INFO  State of current operation: PENDING
20:23:42 INFO  State of current operation: PENDING
20:23:45 INFO  State of current operation: PENDING
20:23:47 INFO  State of current operation: PENDING
20:23:49 INFO  State of current operation: PENDING
20:23:51 INFO  State of current operation: PENDING
20:23:54 INFO  State of current operation: PENDING
20:23:56 INFO  State of current operation: PENDING
20:23:58 INFO  State of current operation: PENDING
20:24:01 INFO  State of current operation: PENDING
20:24:03 INFO  State of current operation: PENDING
20:24:05 INFO  State of current operation: PENDING
20:24:07 INFO  State of current operation: PENDING
20:24:09 INFO  State of current operation: PENDING
20:24:12 INFO  State of current operation: PENDING
20:24:14 INFO  State of current operation: PENDING
20:24:16 INFO  State of current operation: PENDING
20:24:19 INFO  State of current operation: PENDING
20:24:21 INFO  State of current operation: PENDING
20:24:23 INFO  State of current operation: PENDING
20:24:25 INFO  State of current operation: PENDING
20:24:28 INFO  State of current operation: PENDING
20:24:30 INFO  State of current operation: PENDING
20:24:32 INFO  State of current operation: PENDING
20:24:34 INFO  State of current operation: PENDING
20:24:36 INFO  State of current operation: PENDING
20:24:39 INFO  State of current operation: PENDING
20:24:41 INFO  State of current operation: PENDING
20:24:43 INFO  State of current operation: PENDING
20:24:45 INFO  State of current operation: PENDING
20:24:48 INFO  State of current operation: PENDING
20:24:50 WARN  SystemError occurred while running test - Timeout while waiting for status FAILED or SUCCESSFUL
Traceback (most recent call last):
  File &quot;/home/pi/env-pysys/lib/python3.7/site-packages/pysys/baserunner.py&quot;, line 1292, in __call__
    self.testObj.setup()
  File &quot;/home/pi/actions-runner/_work/thin-edge.io/thin-edge.io/tests/PySys/software_management_end_to_end/sm_apt_install_remove_multiple/run.py&quot;, line 52, in setup
    super().setup()
  File &quot;/home/pi/actions-runner/_work/thin-edge.io/thin-edge.io/tests/PySys/software_management_end_to_end/environment_sm_management.py&quot;, line 151, in setup
    self.wait_until_end()
  File &quot;/home/pi/actions-runner/_work/thin-edge.io/thin-edge.io/tests/PySys/software_management_end_to_end/environment_sm_management.py&quot;, line 332, in wait_until_end
    self.wait_until_status(&quot;FAILED&quot;, &quot;SUCCESSFUL&quot;)
  File &quot;/home/pi/actions-runner/_work/thin-edge.io/thin-edge.io/tests/PySys/software_management_end_to_end/environment_sm_management.py&quot;, line 381, in wait_until_status
    &quot;Timeout while waiting for status %s or %s&quot; % (status, status2)
SystemError: Timeout while waiting for status FAILED or SUCCESSFUL
20:24:50 WARN  SystemError: Timeout while waiting for status FAILED or SUCCESSFUL ... blocked 
20:24:50 INFO  
20:24:50 INFO  cleanup:
20:24:54 INFO  Executed sudo&lt;tedge_disconnect_c8y&gt;, exit status 0
20:24:54 INFO  Executed systemctl&lt;serv_mapper5&gt;, exit status 3
20:24:54 INFO  
20:24:54 INFO  Test duration: 166.18 secs
20:24:54 INFO  Test final outcome:  BLOCKED
20:24:54 INFO  Test outcome reason: SystemError: Timeout while waiting for status FAILED or SUCCESSFUL
20:24:54 INFO  
</system-out>
	</testcase>
</testsuite>
