<?xml version="1.0" encoding="utf-8"?>
<testsuite failures="1" name="SoftwareManagement.sm_apt_install_remove_multiple" skipped="0" tests="1" time="138.83" timestamp="2022-07-15T08:51:11">
	<testcase classname="PySysTest" name="SoftwareManagement.sm_apt_install_remove_multiple">
		<failure message="FAILED: Assert that (False == value) with value=True (+2 other failures)" type="FAILED"/>
		<system-out>08:48:52 INFO  ==============================================================
08:48:52 INFO  Id:    SoftwareManagement.sm_apt_install_remove_multiple
08:48:52 INFO  Dir:   software_management_end_to_end/
08:48:52 INFO  Title: Validate end to end behaviour for the apt plugin for multiple packages
08:48:52 INFO  ==============================================================
08:48:52 INFO  Using sw id database: {'asciijump': '5475369', 'robotfindskitten': '5474869', 'squirrel3': '5475279', 'rolldice': '5152439', 'moon-buggy': '5439204', 'apple': '5495053', 'banana': '5494888', 'cherry': '5495382', 'watermelon': '5494510', 'registry': '8018911', 'hello-world': '8021526', 'docker/getting-started': '8021973', 'alpine': '7991792'}
08:48:52 INFO  EnvironmentC8y Setup
08:48:53 INFO  Executed systemctl&lt;serv_mapper1&gt;, exit status 3
08:48:53 INFO  Restarting mosquitto too frequently in the last 10 seconds. It was only up for 4 seconds
08:48:53 INFO  Delaying execution by 7 seconds
08:49:14 INFO  Executed sudo&lt;tedge_connect_c8y&gt;, exit status 0, duration 14 secs
08:49:15 INFO  Executed sudo&lt;tedge_connect_c8y_test&gt;, exit status 0
08:49:16 INFO  Executed systemctl&lt;serv_mosq2&gt;, exit status 0
08:49:16 INFO  Executed systemctl&lt;serv_mapper3&gt;, exit status 0
08:49:18 INFO  State of current operation: SUCCESSFUL
08:49:19 INFO  Assert that (False == value) with value=False ... passed
08:49:19 INFO  Package asciijump is installed
08:49:19 WARN  Assert that (False == value) with value=True ... failed 
08:49:20 INFO  Package squirrel3 is installed
08:49:20 WARN  Assert that (False == value) with value=True ... failed 
08:49:20 INFO  Package robotfindskitten is installed
08:49:20 WARN  Assert that (False == value) with value=True ... failed 
08:49:20 INFO  Response status: 201
08:49:20 INFO  Response to action: {
    &quot;creationTime&quot;: &quot;2022-07-15T08:49:20.484Z&quot;,
    &quot;deviceName&quot;: &quot;m32sd10a&quot;,
    &quot;deviceId&quot;: &quot;20885745&quot;,
    &quot;self&quot;: &quot;https://t493319102.eu-latest.cumulocity.com/devicecontrol/operations/20930481&quot;,
    &quot;id&quot;: &quot;20930481&quot;,
    &quot;status&quot;: &quot;PENDING&quot;,
    &quot;description&quot;: &quot;Apply software changes, triggered from PySys: [{'action': 'install', 'id': '5475369', 'name': 'asciijump', 'url': ' ', 'version': '::apt'}, {'action': 'install', 'id': '5474869', 'name': 'robotfindskitten', 'url': ' ', 'version': '::apt'}, {'action': 'install', 'id': '5475279', 'name': 'squirrel3', 'url': ' ', 'version': '::apt'}]&quot;,
    &quot;c8y_SoftwareUpdate&quot;: [
        {
            &quot;name&quot;: &quot;asciijump&quot;,
            &quot;action&quot;: &quot;install&quot;,
            &quot;id&quot;: &quot;5475369&quot;,
            &quot;version&quot;: &quot;::apt&quot;,
            &quot;url&quot;: &quot; &quot;
        },
        {
            &quot;name&quot;: &quot;robotfindskitten&quot;,
            &quot;action&quot;: &quot;install&quot;,
            &quot;id&quot;: &quot;5474869&quot;,
            &quot;version&quot;: &quot;::apt&quot;,
            &quot;url&quot;: &quot; &quot;
        },
        {
            &quot;name&quot;: &quot;squirrel3&quot;,
            &quot;action&quot;: &quot;install&quot;,
            &quot;id&quot;: &quot;5475279&quot;,
            &quot;version&quot;: &quot;::apt&quot;,
            &quot;url&quot;: &quot; &quot;
        }
    ]
}
08:49:20 INFO  Started operation: {'creationTime': '2022-07-15T08:49:20.484Z', 'deviceName': 'm32sd10a', 'deviceId': '20885745', 'self': 'https://t493319102.eu-latest.cumulocity.com/devicecontrol/operations/20930481', 'id': '20930481', 'status': 'PENDING', 'description': &quot;Apply software changes, triggered from PySys: [{'action': 'install', 'id': '5475369', 'name': 'asciijump', 'url': ' ', 'version': '::apt'}, {'action': 'install', 'id': '5474869', 'name': 'robotfindskitten', 'url': ' ', 'version': '::apt'}, {'action': 'install', 'id': '5475279', 'name': 'squirrel3', 'url': ' ', 'version': '::apt'}]&quot;, 'c8y_SoftwareUpdate': [{'name': 'asciijump', 'action': 'install', 'id': '5475369', 'version': '::apt', 'url': ' '}, {'name': 'robotfindskitten', 'action': 'install', 'id': '5474869', 'version': '::apt', 'url': ' '}, {'name': 'squirrel3', 'action': 'install', 'id': '5475279', 'version': '::apt', 'url': ' '}]}
08:49:22 INFO  State of operation 20930481 : PENDING
08:49:24 INFO  State of operation 20930481 : EXECUTING
08:49:27 INFO  State of operation 20930481 : EXECUTING
08:49:29 INFO  State of operation 20930481 : EXECUTING
08:49:31 INFO  State of operation 20930481 : EXECUTING
08:49:34 INFO  State of operation 20930481 : EXECUTING
08:49:36 INFO  State of operation 20930481 : EXECUTING
08:49:39 INFO  State of operation 20930481 : EXECUTING
08:49:41 INFO  State of operation 20930481 : EXECUTING
08:49:43 INFO  State of operation 20930481 : EXECUTING
08:49:45 INFO  State of operation 20930481 : EXECUTING
08:49:48 INFO  State of operation 20930481 : EXECUTING
08:49:50 INFO  State of operation 20930481 : EXECUTING
08:49:52 INFO  State of operation 20930481 : EXECUTING
08:49:54 INFO  State of operation 20930481 : EXECUTING
08:49:56 INFO  State of operation 20930481 : SUCCESSFUL
08:49:57 INFO  Assert that (False == value) with value=False ... passed
08:49:57 INFO  Package asciijump is installed
08:49:57 INFO  Assert that (True == value) with value=True ... passed
08:49:57 INFO  Package squirrel3 is installed
08:49:57 INFO  Assert that (True == value) with value=True ... passed
08:49:57 INFO  Package robotfindskitten is installed
08:49:57 INFO  Assert that (True == value) with value=True ... passed
08:49:58 INFO  Response status: 201
08:49:58 INFO  Response to action: {
    &quot;creationTime&quot;: &quot;2022-07-15T08:49:58.013Z&quot;,
    &quot;deviceName&quot;: &quot;m32sd10a&quot;,
    &quot;deviceId&quot;: &quot;20885745&quot;,
    &quot;self&quot;: &quot;https://t493319102.eu-latest.cumulocity.com/devicecontrol/operations/20930489&quot;,
    &quot;id&quot;: &quot;20930489&quot;,
    &quot;status&quot;: &quot;PENDING&quot;,
    &quot;description&quot;: &quot;Apply software changes, triggered from PySys: [{'action': 'delete', 'id': '5475369', 'name': 'asciijump', 'url': ' ', 'version': '::apt'}, {'action': 'delete', 'id': '5474869', 'name': 'robotfindskitten', 'url': ' ', 'version': '::apt'}, {'action': 'delete', 'id': '5475279', 'name': 'squirrel3', 'url': ' ', 'version': '::apt'}]&quot;,
    &quot;c8y_SoftwareUpdate&quot;: [
        {
            &quot;name&quot;: &quot;asciijump&quot;,
            &quot;action&quot;: &quot;delete&quot;,
            &quot;id&quot;: &quot;5475369&quot;,
            &quot;version&quot;: &quot;::apt&quot;,
            &quot;url&quot;: &quot; &quot;
        },
        {
            &quot;name&quot;: &quot;robotfindskitten&quot;,
            &quot;action&quot;: &quot;delete&quot;,
            &quot;id&quot;: &quot;5474869&quot;,
            &quot;version&quot;: &quot;::apt&quot;,
            &quot;url&quot;: &quot; &quot;
        },
        {
            &quot;name&quot;: &quot;squirrel3&quot;,
            &quot;action&quot;: &quot;delete&quot;,
            &quot;id&quot;: &quot;5475279&quot;,
            &quot;version&quot;: &quot;::apt&quot;,
            &quot;url&quot;: &quot; &quot;
        }
    ]
}
08:49:58 INFO  Started operation: {'creationTime': '2022-07-15T08:49:58.013Z', 'deviceName': 'm32sd10a', 'deviceId': '20885745', 'self': 'https://t493319102.eu-latest.cumulocity.com/devicecontrol/operations/20930489', 'id': '20930489', 'status': 'PENDING', 'description': &quot;Apply software changes, triggered from PySys: [{'action': 'delete', 'id': '5475369', 'name': 'asciijump', 'url': ' ', 'version': '::apt'}, {'action': 'delete', 'id': '5474869', 'name': 'robotfindskitten', 'url': ' ', 'version': '::apt'}, {'action': 'delete', 'id': '5475279', 'name': 'squirrel3', 'url': ' ', 'version': '::apt'}]&quot;, 'c8y_SoftwareUpdate': [{'name': 'asciijump', 'action': 'delete', 'id': '5475369', 'version': '::apt', 'url': ' '}, {'name': 'robotfindskitten', 'action': 'delete', 'id': '5474869', 'version': '::apt', 'url': ' '}, {'name': 'squirrel3', 'action': 'delete', 'id': '5475279', 'version': '::apt', 'url': ' '}]}
08:50:00 INFO  State of operation 20930489 : PENDING
08:50:02 INFO  State of operation 20930489 : EXECUTING
08:50:04 INFO  State of operation 20930489 : EXECUTING
08:50:06 INFO  State of operation 20930489 : EXECUTING
08:50:09 INFO  State of operation 20930489 : EXECUTING
08:50:11 INFO  State of operation 20930489 : EXECUTING
08:50:14 INFO  State of operation 20930489 : EXECUTING
08:50:17 INFO  State of operation 20930489 : EXECUTING
08:50:19 INFO  State of operation 20930489 : EXECUTING
08:50:21 INFO  State of operation 20930489 : EXECUTING
08:50:23 INFO  State of operation 20930489 : EXECUTING
08:50:26 INFO  State of operation 20930489 : EXECUTING
08:50:28 INFO  State of operation 20930489 : EXECUTING
08:50:30 INFO  State of operation 20930489 : EXECUTING
08:50:32 INFO  State of operation 20930489 : EXECUTING
08:50:35 INFO  State of operation 20930489 : EXECUTING
08:50:37 INFO  State of operation 20930489 : EXECUTING
08:50:39 INFO  State of operation 20930489 : EXECUTING
08:50:42 INFO  State of operation 20930489 : EXECUTING
08:50:45 INFO  State of operation 20930489 : EXECUTING
08:50:47 INFO  State of operation 20930489 : EXECUTING
08:50:49 INFO  State of operation 20930489 : EXECUTING
08:50:51 INFO  State of operation 20930489 : EXECUTING
08:50:54 INFO  State of operation 20930489 : EXECUTING
08:50:56 INFO  State of operation 20930489 : EXECUTING
08:50:59 INFO  State of operation 20930489 : EXECUTING
08:51:01 INFO  State of operation 20930489 : EXECUTING
08:51:03 INFO  State of operation 20930489 : EXECUTING
08:51:05 INFO  State of operation 20930489 : SUCCESSFUL
08:51:06 INFO  Assert that (False == value) with value=False ... passed
08:51:06 INFO  Assert that (False == value) with value=False ... passed
08:51:06 INFO  Assert that (False == value) with value=False ... passed
08:51:06 INFO  Assert that (False == value) with value=False ... passed
08:51:06 INFO  
08:51:06 INFO  cleanup:
08:51:10 INFO  Executed sudo&lt;tedge_disconnect_c8y&gt;, exit status 0
08:51:11 INFO  Executed systemctl&lt;serv_mapper5&gt;, exit status 3
08:51:11 INFO  
08:51:11 INFO  Test duration: 138.83 secs
08:51:11 INFO  Test final outcome:  FAILED
08:51:11 INFO  Test outcome reason: Assert that (False == value) with value=True (+2 other failures)
08:51:11 INFO  
</system-out>
	</testcase>
</testsuite>
