<?xml version="1.0" encoding="utf-8"?>
<testsuite failures="1" name="SoftwareManagement.sm_apt_install_download_path" skipped="0" tests="1" time="188.69" timestamp="2022-05-25T11:58:08">
	<testcase classname="AptInstallWithDownloadPath" name="SoftwareManagement.sm_apt_install_download_path">
		<failure message="BLOCKED: SystemError: Timeout while waiting for status FAILED or SUCCESSFUL" type="BLOCKED"/>
		<system-out>11:54:59 INFO  ==============================================================
11:54:59 INFO  Id:    SoftwareManagement.sm_apt_install_download_path
11:54:59 INFO  Dir:   software_management_end_to_end/
11:54:59 INFO  Title: Install package to directory specified in tedge config set tmp.path
11:54:59 INFO  ==============================================================
11:55:00 INFO  Using sw id database: {'asciijump': '5475369', 'robotfindskitten': '5474869', 'squirrel3': '5475279', 'rolldice': '5152439', 'moon-buggy': '5439204', 'apple': '5495053', 'banana': '5494888', 'cherry': '5495382', 'watermelon': '5494510', 'registry': '8018911', 'hello-world': '8021526', 'docker/getting-started': '8021973', 'alpine': '7991792'}
11:55:00 INFO  EnvironmentC8y Setup
11:55:01 INFO  Executed systemctl&lt;serv_mapper1&gt;, exit status 3
11:55:15 INFO  Executed sudo&lt;tedge_connect_c8y&gt;, exit status 0, duration 14 secs
11:55:16 INFO  Executed sudo&lt;tedge_connect_c8y_test&gt;, exit status 0
11:55:17 INFO  Executed systemctl&lt;serv_mosq2&gt;, exit status 0
11:55:17 INFO  Executed systemctl&lt;serv_mapper3&gt;, exit status 0
11:55:19 INFO  State of current operation: PENDING
11:55:22 INFO  State of current operation: PENDING
11:55:24 INFO  State of current operation: PENDING
11:55:26 INFO  State of current operation: PENDING
11:55:29 INFO  State of current operation: PENDING
11:55:31 INFO  State of current operation: PENDING
11:55:33 INFO  State of current operation: PENDING
11:55:35 INFO  State of current operation: PENDING
11:55:38 INFO  State of current operation: PENDING
11:55:40 INFO  State of current operation: PENDING
11:55:42 INFO  State of current operation: PENDING
11:55:44 INFO  State of current operation: PENDING
11:55:47 INFO  State of current operation: PENDING
11:55:49 INFO  State of current operation: PENDING
11:55:51 INFO  State of current operation: PENDING
11:55:53 INFO  State of current operation: PENDING
11:55:56 INFO  State of current operation: PENDING
11:55:58 INFO  State of current operation: PENDING
11:56:00 INFO  State of current operation: PENDING
11:56:02 INFO  State of current operation: PENDING
11:56:05 INFO  State of current operation: PENDING
11:56:07 INFO  State of current operation: PENDING
11:56:09 INFO  State of current operation: PENDING
11:56:11 INFO  State of current operation: PENDING
11:56:14 INFO  State of current operation: PENDING
11:56:16 INFO  State of current operation: PENDING
11:56:18 INFO  State of current operation: PENDING
11:56:20 INFO  State of current operation: PENDING
11:56:23 INFO  State of current operation: PENDING
11:56:25 INFO  State of current operation: PENDING
11:56:27 INFO  State of current operation: PENDING
11:56:30 INFO  State of current operation: PENDING
11:56:32 INFO  State of current operation: PENDING
11:56:34 INFO  State of current operation: PENDING
11:56:36 INFO  State of current operation: PENDING
11:56:39 INFO  State of current operation: PENDING
11:56:41 INFO  State of current operation: PENDING
11:56:43 INFO  State of current operation: PENDING
11:56:45 INFO  State of current operation: PENDING
11:56:47 INFO  State of current operation: PENDING
11:56:50 INFO  State of current operation: PENDING
11:56:52 INFO  State of current operation: PENDING
11:56:54 INFO  State of current operation: PENDING
11:56:56 INFO  State of current operation: PENDING
11:56:59 INFO  State of current operation: PENDING
11:57:01 INFO  State of current operation: PENDING
11:57:03 INFO  State of current operation: PENDING
11:57:05 INFO  State of current operation: PENDING
11:57:08 INFO  State of current operation: PENDING
11:57:10 INFO  State of current operation: PENDING
11:57:12 INFO  State of current operation: PENDING
11:57:14 INFO  State of current operation: PENDING
11:57:16 INFO  State of current operation: PENDING
11:57:19 INFO  State of current operation: PENDING
11:57:21 INFO  State of current operation: PENDING
11:57:23 INFO  State of current operation: PENDING
11:57:25 INFO  State of current operation: PENDING
11:57:28 INFO  State of current operation: PENDING
11:57:30 INFO  State of current operation: PENDING
11:57:32 INFO  State of current operation: PENDING
11:57:34 INFO  State of current operation: PENDING
11:57:36 WARN  SystemError occurred while running test - Timeout while waiting for status FAILED or SUCCESSFUL
Traceback (most recent call last):
  File &quot;/home/pi/env-pysys/lib/python3.7/site-packages/pysys/baserunner.py&quot;, line 1292, in __call__
    self.testObj.setup()
  File &quot;/home/pi/actions-runner/_work/thin-edge.io/thin-edge.io/tests/PySys/software_management_end_to_end/sm_apt_install_download_path/run.py&quot;, line 48, in setup
    super().setup()
  File &quot;/home/pi/actions-runner/_work/thin-edge.io/thin-edge.io/tests/PySys/software_management_end_to_end/environment_sm_management.py&quot;, line 151, in setup
    self.wait_until_end()
  File &quot;/home/pi/actions-runner/_work/thin-edge.io/thin-edge.io/tests/PySys/software_management_end_to_end/environment_sm_management.py&quot;, line 332, in wait_until_end
    self.wait_until_status(&quot;FAILED&quot;, &quot;SUCCESSFUL&quot;)
  File &quot;/home/pi/actions-runner/_work/thin-edge.io/thin-edge.io/tests/PySys/software_management_end_to_end/environment_sm_management.py&quot;, line 381, in wait_until_status
    &quot;Timeout while waiting for status %s or %s&quot; % (status, status2)
SystemError: Timeout while waiting for status FAILED or SUCCESSFUL
11:57:36 WARN  SystemError: Timeout while waiting for status FAILED or SUCCESSFUL ... blocked 
11:57:36 INFO  
11:57:36 INFO  cleanup:
11:57:37 INFO  Executed sudo, exit status 0
11:57:37 INFO  Executed sudo, exit status 0
11:57:42 INFO  Executed sudo&lt;tedge_disconnect_c8y&gt;, exit status 0
11:57:42 INFO  Restarting mosquitto too frequently in the last 10 seconds. It was only up for 4 seconds
11:57:42 INFO  Delaying execution by 7 seconds
11:58:03 INFO  Executed sudo&lt;tedge_connect_c8y&gt;, exit status 0, duration 14 secs
11:58:07 INFO  Executed sudo&lt;tedge_disconnect_c8y&gt;, exit status 0
11:58:08 INFO  Executed systemctl&lt;serv_mapper5&gt;, exit status 3
11:58:08 INFO  
11:58:08 INFO  Test duration: 188.69 secs
11:58:08 INFO  Test final outcome:  BLOCKED
11:58:08 INFO  Test outcome reason: SystemError: Timeout while waiting for status FAILED or SUCCESSFUL
11:58:08 INFO  
</system-out>
	</testcase>
</testsuite>
