<?xml version="1.0" encoding="utf-8"?>
<testsuite failures="1" name="SoftwareManagement.sm_apt_install_remove_multiple" skipped="0" tests="1" time="142.07" timestamp="2022-07-21T14:31:47">
	<testcase classname="PySysTest" name="SoftwareManagement.sm_apt_install_remove_multiple">
		<failure message="FAILED: Assert that (False == value) with value=True (+2 other failures)" type="FAILED"/>
		<system-out>14:29:25 INFO  ==============================================================
14:29:25 INFO  Id:    SoftwareManagement.sm_apt_install_remove_multiple
14:29:25 INFO  Dir:   software_management_end_to_end/
14:29:25 INFO  Title: Validate end to end behaviour for the apt plugin for multiple packages
14:29:25 INFO  ==============================================================
14:29:25 INFO  Using sw id database: {'asciijump': '5475369', 'robotfindskitten': '5474869', 'squirrel3': '5475279', 'rolldice': '5152439', 'moon-buggy': '5439204', 'apple': '5495053', 'banana': '5494888', 'cherry': '5495382', 'watermelon': '5494510', 'registry': '8018911', 'hello-world': '8021526', 'docker/getting-started': '8021973', 'alpine': '7991792'}
14:29:25 INFO  EnvironmentC8y Setup
14:29:26 INFO  Executed systemctl&lt;serv_mapper1&gt;, exit status 3
14:29:26 INFO  Restarting mosquitto too frequently in the last 10 seconds. It was only up for 4 seconds
14:29:26 INFO  Delaying execution by 7 seconds
14:29:47 INFO  Executed sudo&lt;tedge_connect_c8y&gt;, exit status 0, duration 14 secs
14:29:48 INFO  Executed sudo&lt;tedge_connect_c8y_test&gt;, exit status 0
14:29:48 INFO  Executed systemctl&lt;serv_mosq2&gt;, exit status 0
14:29:49 INFO  Executed systemctl&lt;serv_mapper3&gt;, exit status 0
14:29:51 INFO  State of current operation: SUCCESSFUL
14:29:51 INFO  Assert that (False == value) with value=False ... passed
14:29:51 INFO  Package asciijump is installed
14:29:52 WARN  Assert that (False == value) with value=True ... failed 
14:29:52 INFO  Package squirrel3 is installed
14:29:52 WARN  Assert that (False == value) with value=True ... failed 
14:29:52 INFO  Package robotfindskitten is installed
14:29:52 WARN  Assert that (False == value) with value=True ... failed 
14:29:52 INFO  Response status: 201
14:29:52 INFO  Response to action: {
    &quot;creationTime&quot;: &quot;2022-07-21T14:29:52.847Z&quot;,
    &quot;deviceId&quot;: &quot;21119832&quot;,
    &quot;deviceName&quot;: &quot;m32sd10a&quot;,
    &quot;self&quot;: &quot;https://t493319102.eu-latest.cumulocity.com/devicecontrol/operations/21140006&quot;,
    &quot;id&quot;: &quot;21140006&quot;,
    &quot;status&quot;: &quot;PENDING&quot;,
    &quot;description&quot;: &quot;Apply software changes, triggered from PySys: [{'action': 'install', 'id': '5475369', 'name': 'asciijump', 'url': ' ', 'version': '::apt'}, {'action': 'install', 'id': '5474869', 'name': 'robotfindskitten', 'url': ' ', 'version': '::apt'}, {'action': 'install', 'id': '5475279', 'name': 'squirrel3', 'url': ' ', 'version': '::apt'}]&quot;,
    &quot;c8y_SoftwareUpdate&quot;: [
        {
            &quot;name&quot;: &quot;asciijump&quot;,
            &quot;action&quot;: &quot;install&quot;,
            &quot;id&quot;: &quot;5475369&quot;,
            &quot;version&quot;: &quot;::apt&quot;,
            &quot;url&quot;: &quot; &quot;
        },
        {
            &quot;name&quot;: &quot;robotfindskitten&quot;,
            &quot;action&quot;: &quot;install&quot;,
            &quot;id&quot;: &quot;5474869&quot;,
            &quot;version&quot;: &quot;::apt&quot;,
            &quot;url&quot;: &quot; &quot;
        },
        {
            &quot;name&quot;: &quot;squirrel3&quot;,
            &quot;action&quot;: &quot;install&quot;,
            &quot;id&quot;: &quot;5475279&quot;,
            &quot;version&quot;: &quot;::apt&quot;,
            &quot;url&quot;: &quot; &quot;
        }
    ]
}
14:29:52 INFO  Started operation: {'creationTime': '2022-07-21T14:29:52.847Z', 'deviceId': '21119832', 'deviceName': 'm32sd10a', 'self': 'https://t493319102.eu-latest.cumulocity.com/devicecontrol/operations/21140006', 'id': '21140006', 'status': 'PENDING', 'description': &quot;Apply software changes, triggered from PySys: [{'action': 'install', 'id': '5475369', 'name': 'asciijump', 'url': ' ', 'version': '::apt'}, {'action': 'install', 'id': '5474869', 'name': 'robotfindskitten', 'url': ' ', 'version': '::apt'}, {'action': 'install', 'id': '5475279', 'name': 'squirrel3', 'url': ' ', 'version': '::apt'}]&quot;, 'c8y_SoftwareUpdate': [{'name': 'asciijump', 'action': 'install', 'id': '5475369', 'version': '::apt', 'url': ' '}, {'name': 'robotfindskitten', 'action': 'install', 'id': '5474869', 'version': '::apt', 'url': ' '}, {'name': 'squirrel3', 'action': 'install', 'id': '5475279', 'version': '::apt', 'url': ' '}]}
14:29:55 INFO  State of operation 21140006 : PENDING
14:29:57 INFO  State of operation 21140006 : EXECUTING
14:29:59 INFO  State of operation 21140006 : EXECUTING
14:30:01 INFO  State of operation 21140006 : EXECUTING
14:30:04 INFO  State of operation 21140006 : EXECUTING
14:30:06 INFO  State of operation 21140006 : EXECUTING
14:30:08 INFO  State of operation 21140006 : EXECUTING
14:30:11 INFO  State of operation 21140006 : EXECUTING
14:30:14 INFO  State of operation 21140006 : EXECUTING
14:30:16 INFO  State of operation 21140006 : EXECUTING
14:30:18 INFO  State of operation 21140006 : EXECUTING
14:30:21 INFO  State of operation 21140006 : EXECUTING
14:30:23 INFO  State of operation 21140006 : EXECUTING
14:30:25 INFO  State of operation 21140006 : EXECUTING
14:30:27 INFO  State of operation 21140006 : EXECUTING
14:30:29 INFO  State of operation 21140006 : SUCCESSFUL
14:30:30 INFO  Assert that (False == value) with value=False ... passed
14:30:30 INFO  Package asciijump is installed
14:30:30 INFO  Assert that (True == value) with value=True ... passed
14:30:30 INFO  Package squirrel3 is installed
14:30:30 INFO  Assert that (True == value) with value=True ... passed
14:30:30 INFO  Package robotfindskitten is installed
14:30:30 INFO  Assert that (True == value) with value=True ... passed
14:30:31 INFO  Response status: 201
14:30:31 INFO  Response to action: {
    &quot;creationTime&quot;: &quot;2022-07-21T14:30:31.046Z&quot;,
    &quot;deviceId&quot;: &quot;21119832&quot;,
    &quot;deviceName&quot;: &quot;m32sd10a&quot;,
    &quot;self&quot;: &quot;https://t493319102.eu-latest.cumulocity.com/devicecontrol/operations/21140015&quot;,
    &quot;id&quot;: &quot;21140015&quot;,
    &quot;status&quot;: &quot;PENDING&quot;,
    &quot;description&quot;: &quot;Apply software changes, triggered from PySys: [{'action': 'delete', 'id': '5475369', 'name': 'asciijump', 'url': ' ', 'version': '::apt'}, {'action': 'delete', 'id': '5474869', 'name': 'robotfindskitten', 'url': ' ', 'version': '::apt'}, {'action': 'delete', 'id': '5475279', 'name': 'squirrel3', 'url': ' ', 'version': '::apt'}]&quot;,
    &quot;c8y_SoftwareUpdate&quot;: [
        {
            &quot;name&quot;: &quot;asciijump&quot;,
            &quot;action&quot;: &quot;delete&quot;,
            &quot;id&quot;: &quot;5475369&quot;,
            &quot;version&quot;: &quot;::apt&quot;,
            &quot;url&quot;: &quot; &quot;
        },
        {
            &quot;name&quot;: &quot;robotfindskitten&quot;,
            &quot;action&quot;: &quot;delete&quot;,
            &quot;id&quot;: &quot;5474869&quot;,
            &quot;version&quot;: &quot;::apt&quot;,
            &quot;url&quot;: &quot; &quot;
        },
        {
            &quot;name&quot;: &quot;squirrel3&quot;,
            &quot;action&quot;: &quot;delete&quot;,
            &quot;id&quot;: &quot;5475279&quot;,
            &quot;version&quot;: &quot;::apt&quot;,
            &quot;url&quot;: &quot; &quot;
        }
    ]
}
14:30:31 INFO  Started operation: {'creationTime': '2022-07-21T14:30:31.046Z', 'deviceId': '21119832', 'deviceName': 'm32sd10a', 'self': 'https://t493319102.eu-latest.cumulocity.com/devicecontrol/operations/21140015', 'id': '21140015', 'status': 'PENDING', 'description': &quot;Apply software changes, triggered from PySys: [{'action': 'delete', 'id': '5475369', 'name': 'asciijump', 'url': ' ', 'version': '::apt'}, {'action': 'delete', 'id': '5474869', 'name': 'robotfindskitten', 'url': ' ', 'version': '::apt'}, {'action': 'delete', 'id': '5475279', 'name': 'squirrel3', 'url': ' ', 'version': '::apt'}]&quot;, 'c8y_SoftwareUpdate': [{'name': 'asciijump', 'action': 'delete', 'id': '5475369', 'version': '::apt', 'url': ' '}, {'name': 'robotfindskitten', 'action': 'delete', 'id': '5474869', 'version': '::apt', 'url': ' '}, {'name': 'squirrel3', 'action': 'delete', 'id': '5475279', 'version': '::apt', 'url': ' '}]}
14:30:33 INFO  State of operation 21140015 : PENDING
14:30:35 INFO  State of operation 21140015 : EXECUTING
14:30:37 INFO  State of operation 21140015 : EXECUTING
14:30:40 INFO  State of operation 21140015 : EXECUTING
14:30:42 INFO  State of operation 21140015 : EXECUTING
14:30:44 INFO  State of operation 21140015 : EXECUTING
14:30:46 INFO  State of operation 21140015 : EXECUTING
14:30:49 INFO  State of operation 21140015 : EXECUTING
14:30:52 INFO  State of operation 21140015 : EXECUTING
14:30:54 INFO  State of operation 21140015 : EXECUTING
14:30:57 INFO  State of operation 21140015 : EXECUTING
14:30:59 INFO  State of operation 21140015 : EXECUTING
14:31:01 INFO  State of operation 21140015 : EXECUTING
14:31:03 INFO  State of operation 21140015 : EXECUTING
14:31:06 INFO  State of operation 21140015 : EXECUTING
14:31:08 INFO  State of operation 21140015 : EXECUTING
14:31:10 INFO  State of operation 21140015 : EXECUTING
14:31:13 INFO  State of operation 21140015 : EXECUTING
14:31:16 INFO  State of operation 21140015 : EXECUTING
14:31:18 INFO  State of operation 21140015 : EXECUTING
14:31:21 INFO  State of operation 21140015 : EXECUTING
14:31:23 INFO  State of operation 21140015 : EXECUTING
14:31:25 INFO  State of operation 21140015 : EXECUTING
14:31:27 INFO  State of operation 21140015 : EXECUTING
14:31:30 INFO  State of operation 21140015 : EXECUTING
14:31:32 INFO  State of operation 21140015 : EXECUTING
14:31:35 INFO  State of operation 21140015 : EXECUTING
14:31:37 INFO  State of operation 21140015 : EXECUTING
14:31:39 INFO  State of operation 21140015 : EXECUTING
14:31:42 INFO  State of operation 21140015 : SUCCESSFUL
14:31:42 INFO  Assert that (False == value) with value=False ... passed
14:31:42 INFO  Assert that (False == value) with value=False ... passed
14:31:42 INFO  Assert that (False == value) with value=False ... passed
14:31:43 INFO  Assert that (False == value) with value=False ... passed
14:31:43 INFO  
14:31:43 INFO  cleanup:
14:31:47 INFO  Executed sudo&lt;tedge_disconnect_c8y&gt;, exit status 0
14:31:47 INFO  Executed systemctl&lt;serv_mapper5&gt;, exit status 3
14:31:47 INFO  
14:31:47 INFO  Test duration: 142.07 secs
14:31:47 INFO  Test final outcome:  FAILED
14:31:47 INFO  Test outcome reason: Assert that (False == value) with value=True (+2 other failures)
14:31:47 INFO  
</system-out>
	</testcase>
</testsuite>
