<?xml version="1.0" encoding="utf-8"?>
<testsuite failures="1" name="SoftwareManagement.sm_apt_install_remove_multiple_mixed" skipped="0" tests="1" time="178.16" timestamp="2022-07-21T19:40:52">
	<testcase classname="PySysTest" name="SoftwareManagement.sm_apt_install_remove_multiple_mixed">
		<failure message="BLOCKED: SystemError: Timeout while waiting for status SUCCESSFUL or False (+1 other failures)" type="BLOCKED"/>
		<system-out>19:37:54 INFO  ==============================================================
19:37:54 INFO  Id:    SoftwareManagement.sm_apt_install_remove_multiple_mixed
19:37:54 INFO  Dir:   software_management_end_to_end/
19:37:54 INFO  Title: Validate end to end behaviour for the apt plugin for multiple packages with mixed versions
19:37:54 INFO  ==============================================================
19:37:54 INFO  Using sw id database: {'asciijump': '5475369', 'robotfindskitten': '5474869', 'squirrel3': '5475279', 'rolldice': '5152439', 'moon-buggy': '5439204', 'apple': '5495053', 'banana': '5494888', 'cherry': '5495382', 'watermelon': '5494510', 'registry': '8018911', 'hello-world': '8021526', 'docker/getting-started': '8021973', 'alpine': '7991792'}
19:37:54 INFO  EnvironmentC8y Setup
19:37:54 INFO  Executed systemctl&lt;serv_mapper1&gt;, exit status 3
19:37:55 INFO  Restarting mosquitto too frequently in the last 10 seconds. It was only up for 5 seconds
19:37:55 INFO  Delaying execution by 6 seconds
19:38:15 INFO  Executed sudo&lt;tedge_connect_c8y&gt;, exit status 0, duration 14 secs
19:38:15 INFO  Executed sudo&lt;tedge_connect_c8y_test&gt;, exit status 0
19:38:16 INFO  Executed systemctl&lt;serv_mosq2&gt;, exit status 0
19:38:16 INFO  Executed systemctl&lt;serv_mapper3&gt;, exit status 0
19:38:19 INFO  State of current operation: SUCCESSFUL
19:38:19 INFO  Assert that (False == value) with value=False ... passed
19:38:19 INFO  Assert that (False == value) with value=False ... passed
19:38:19 INFO  Assert that (False == value) with value=False ... passed
19:38:20 INFO  Assert that (False == value) with value=False ... passed
19:38:20 INFO  Package moon-buggy is installed
19:38:20 WARN  Assert that (False == value) with value=True ... failed 
19:38:21 INFO  Response status: 201
19:38:21 INFO  Response to action: {
    &quot;creationTime&quot;: &quot;2022-07-21T19:38:21.595Z&quot;,
    &quot;deviceId&quot;: &quot;21164556&quot;,
    &quot;deviceName&quot;: &quot;m32sd10a&quot;,
    &quot;self&quot;: &quot;https://t493319102.eu-latest.cumulocity.com/devicecontrol/operations/21172748&quot;,
    &quot;id&quot;: &quot;21172748&quot;,
    &quot;status&quot;: &quot;PENDING&quot;,
    &quot;description&quot;: &quot;Apply software changes, triggered from PySys: [{'action': 'install', 'id': '5475369', 'name': 'asciijump', 'url': ' ', 'version': '::apt'}, {'action': 'install', 'id': '5474869', 'name': 'robotfindskitten', 'url': ' ', 'version': ' '}, {'action': 'install', 'id': '5475279', 'name': 'squirrel3', 'url': ' ', 'version': '3.1-7::apt'}, {'action': 'install', 'id': '5152439', 'name': 'rolldice', 'url': ' ', 'version': '1.16-1+b1'}, {'action': 'install', 'id': '5439204', 'name': 'moon-buggy', 'url': ' ', 'version': '1:1.0.51-12'}, {'action': 'install', 'id': '5475369', 'name': 'asciijump', 'url': ' ', 'version': '::apt'}]&quot;,
    &quot;c8y_SoftwareUpdate&quot;: [
        {
            &quot;name&quot;: &quot;asciijump&quot;,
            &quot;action&quot;: &quot;install&quot;,
            &quot;id&quot;: &quot;5475369&quot;,
            &quot;version&quot;: &quot;::apt&quot;,
            &quot;url&quot;: &quot; &quot;
        },
        {
            &quot;name&quot;: &quot;robotfindskitten&quot;,
            &quot;action&quot;: &quot;install&quot;,
            &quot;id&quot;: &quot;5474869&quot;,
            &quot;version&quot;: &quot; &quot;,
            &quot;url&quot;: &quot; &quot;
        },
        {
            &quot;name&quot;: &quot;squirrel3&quot;,
            &quot;action&quot;: &quot;install&quot;,
            &quot;id&quot;: &quot;5475279&quot;,
            &quot;version&quot;: &quot;3.1-7::apt&quot;,
            &quot;url&quot;: &quot; &quot;
        },
        {
            &quot;name&quot;: &quot;rolldice&quot;,
            &quot;action&quot;: &quot;install&quot;,
            &quot;id&quot;: &quot;5152439&quot;,
            &quot;version&quot;: &quot;1.16-1+b1&quot;,
            &quot;url&quot;: &quot; &quot;
        },
        {
            &quot;name&quot;: &quot;moon-buggy&quot;,
            &quot;action&quot;: &quot;install&quot;,
            &quot;id&quot;: &quot;5439204&quot;,
            &quot;version&quot;: &quot;1:1.0.51-12&quot;,
            &quot;url&quot;: &quot; &quot;
        },
        {
            &quot;name&quot;: &quot;asciijump&quot;,
            &quot;action&quot;: &quot;install&quot;,
            &quot;id&quot;: &quot;5475369&quot;,
            &quot;version&quot;: &quot;::apt&quot;,
            &quot;url&quot;: &quot; &quot;
        }
    ]
}
19:38:21 INFO  Started operation: {'creationTime': '2022-07-21T19:38:21.595Z', 'deviceId': '21164556', 'deviceName': 'm32sd10a', 'self': 'https://t493319102.eu-latest.cumulocity.com/devicecontrol/operations/21172748', 'id': '21172748', 'status': 'PENDING', 'description': &quot;Apply software changes, triggered from PySys: [{'action': 'install', 'id': '5475369', 'name': 'asciijump', 'url': ' ', 'version': '::apt'}, {'action': 'install', 'id': '5474869', 'name': 'robotfindskitten', 'url': ' ', 'version': ' '}, {'action': 'install', 'id': '5475279', 'name': 'squirrel3', 'url': ' ', 'version': '3.1-7::apt'}, {'action': 'install', 'id': '5152439', 'name': 'rolldice', 'url': ' ', 'version': '1.16-1+b1'}, {'action': 'install', 'id': '5439204', 'name': 'moon-buggy', 'url': ' ', 'version': '1:1.0.51-12'}, {'action': 'install', 'id': '5475369', 'name': 'asciijump', 'url': ' ', 'version': '::apt'}]&quot;, 'c8y_SoftwareUpdate': [{'name': 'asciijump', 'action': 'install', 'id': '5475369', 'version': '::apt', 'url': ' '}, {'name': 'robotfindskitten', 'action': 'install', 'id': '5474869', 'version': ' ', 'url': ' '}, {'name': 'squirrel3', 'action': 'install', 'id': '5475279', 'version': '3.1-7::apt', 'url': ' '}, {'name': 'rolldice', 'action': 'install', 'id': '5152439', 'version': '1.16-1+b1', 'url': ' '}, {'name': 'moon-buggy', 'action': 'install', 'id': '5439204', 'version': '1:1.0.51-12', 'url': ' '}, {'name': 'asciijump', 'action': 'install', 'id': '5475369', 'version': '::apt', 'url': ' '}]}
19:38:23 INFO  State of operation 21172748 : PENDING
19:38:26 INFO  State of operation 21172748 : EXECUTING
19:38:28 INFO  State of operation 21172748 : EXECUTING
19:38:30 INFO  State of operation 21172748 : EXECUTING
19:38:32 INFO  State of operation 21172748 : EXECUTING
19:38:34 INFO  State of operation 21172748 : EXECUTING
19:38:37 INFO  State of operation 21172748 : EXECUTING
19:38:40 INFO  State of operation 21172748 : EXECUTING
19:38:42 INFO  State of operation 21172748 : EXECUTING
19:38:45 INFO  State of operation 21172748 : EXECUTING
19:38:47 INFO  State of operation 21172748 : EXECUTING
19:38:49 INFO  State of operation 21172748 : EXECUTING
19:38:52 INFO  State of operation 21172748 : EXECUTING
19:38:54 INFO  State of operation 21172748 : EXECUTING
19:38:56 INFO  State of operation 21172748 : EXECUTING
19:38:58 INFO  State of operation 21172748 : EXECUTING
19:39:01 INFO  State of operation 21172748 : EXECUTING
19:39:03 INFO  State of operation 21172748 : EXECUTING
19:39:06 INFO  State of operation 21172748 : EXECUTING
19:39:08 INFO  State of operation 21172748 : EXECUTING
19:39:10 INFO  State of operation 21172748 : EXECUTING
19:39:13 INFO  State of operation 21172748 : EXECUTING
19:39:15 INFO  State of operation 21172748 : EXECUTING
19:39:17 INFO  State of operation 21172748 : EXECUTING
19:39:20 INFO  State of operation 21172748 : EXECUTING
19:39:22 INFO  State of operation 21172748 : EXECUTING
19:39:25 INFO  State of operation 21172748 : EXECUTING
19:39:27 INFO  State of operation 21172748 : EXECUTING
19:39:30 INFO  State of operation 21172748 : EXECUTING
19:39:32 INFO  State of operation 21172748 : EXECUTING
19:39:34 INFO  State of operation 21172748 : EXECUTING
19:39:37 INFO  State of operation 21172748 : EXECUTING
19:39:39 INFO  State of operation 21172748 : EXECUTING
19:39:41 INFO  State of operation 21172748 : EXECUTING
19:39:43 INFO  State of operation 21172748 : EXECUTING
19:39:46 INFO  State of operation 21172748 : EXECUTING
19:39:48 INFO  State of operation 21172748 : EXECUTING
19:39:50 INFO  State of operation 21172748 : EXECUTING
19:39:53 INFO  State of operation 21172748 : EXECUTING
19:39:55 INFO  State of operation 21172748 : EXECUTING
19:39:58 INFO  State of operation 21172748 : EXECUTING
19:40:00 INFO  State of operation 21172748 : EXECUTING
19:40:03 INFO  State of operation 21172748 : EXECUTING
19:40:05 INFO  State of operation 21172748 : EXECUTING
19:40:07 INFO  State of operation 21172748 : EXECUTING
19:40:09 INFO  State of operation 21172748 : EXECUTING
19:40:12 INFO  State of operation 21172748 : EXECUTING
19:40:14 INFO  State of operation 21172748 : EXECUTING
19:40:17 INFO  State of operation 21172748 : EXECUTING
19:40:19 INFO  State of operation 21172748 : EXECUTING
19:40:21 INFO  State of operation 21172748 : EXECUTING
19:40:23 INFO  State of operation 21172748 : EXECUTING
19:40:26 INFO  State of operation 21172748 : EXECUTING
19:40:28 INFO  State of operation 21172748 : EXECUTING
19:40:31 INFO  State of operation 21172748 : EXECUTING
19:40:33 INFO  State of operation 21172748 : EXECUTING
19:40:35 INFO  State of operation 21172748 : EXECUTING
19:40:38 INFO  State of operation 21172748 : EXECUTING
19:40:40 INFO  State of operation 21172748 : EXECUTING
19:40:42 INFO  State of operation 21172748 : EXECUTING
19:40:44 INFO  State of operation 21172748 : EXECUTING
19:40:46 WARN  SystemError occurred while running test - Timeout while waiting for status SUCCESSFUL or False
Traceback (most recent call last):
  File &quot;/home/pi/env-pysys/lib/python3.7/site-packages/pysys/baserunner.py&quot;, line 1294, in __call__
    self.testObj.execute()
  File &quot;/home/pi/actions-runner/_work/thin-edge.io/thin-edge.io/tests/PySys/software_management_end_to_end/sm_apt_install_remove_multiple_mixed/run.py&quot;, line 89, in execute
    self.wait_until_succcess()
  File &quot;/home/pi/actions-runner/_work/thin-edge.io/thin-edge.io/tests/PySys/software_management_end_to_end/environment_sm_management.py&quot;, line 324, in wait_until_succcess
    self.wait_until_status(&quot;SUCCESSFUL&quot;)
  File &quot;/home/pi/actions-runner/_work/thin-edge.io/thin-edge.io/tests/PySys/software_management_end_to_end/environment_sm_management.py&quot;, line 381, in wait_until_status
    &quot;Timeout while waiting for status %s or %s&quot; % (status, status2)
SystemError: Timeout while waiting for status SUCCESSFUL or False
19:40:47 WARN  SystemError: Timeout while waiting for status SUCCESSFUL or False ... blocked 
19:40:47 INFO  
19:40:47 INFO  cleanup:
19:40:51 INFO  Executed sudo&lt;tedge_disconnect_c8y&gt;, exit status 0
19:40:52 INFO  Executed systemctl&lt;serv_mapper5&gt;, exit status 3
19:40:52 INFO  
19:40:52 INFO  Test duration: 178.16 secs
19:40:52 INFO  Test final outcome:  BLOCKED
19:40:52 INFO  Test outcome reason: SystemError: Timeout while waiting for status SUCCESSFUL or False (+1 other failures)
19:40:52 INFO  
</system-out>
	</testcase>
</testsuite>
