<?xml version="1.0" encoding="utf-8"?>
<testsuite failures="1" name="SoftwareManagement.sm_apt_install_fail" skipped="0" tests="1" time="165.49" timestamp="2022-06-02T09:42:38">
	<testcase classname="PySysTest" name="SoftwareManagement.sm_apt_install_fail">
		<failure message="BLOCKED: SystemError: Timeout while waiting for status FAILED or SUCCESSFUL" type="BLOCKED"/>
		<system-out>09:39:53 INFO  ==============================================================
09:39:53 INFO  Id:    SoftwareManagement.sm_apt_install_fail
09:39:53 INFO  Dir:   software_management_end_to_end/
09:39:53 INFO  Title: Validate end to end behaviour for a failing installation
09:39:53 INFO  ==============================================================
09:39:53 INFO  Using sw id database: {'asciijump': '5475369', 'robotfindskitten': '5474869', 'squirrel3': '5475279', 'rolldice': '5152439', 'moon-buggy': '5439204', 'apple': '5495053', 'banana': '5494888', 'cherry': '5495382', 'watermelon': '5494510', 'registry': '8018911', 'hello-world': '8021526', 'docker/getting-started': '8021973', 'alpine': '7991792'}
09:39:53 INFO  EnvironmentC8y Setup
09:39:54 INFO  Executed systemctl&lt;serv_mapper1&gt;, exit status 3
09:39:54 INFO  Restarting mosquitto too frequently in the last 10 seconds. It was only up for 5 seconds
09:39:54 INFO  Delaying execution by 6 seconds
09:40:14 INFO  Executed sudo&lt;tedge_connect_c8y&gt;, exit status 0, duration 13 secs
09:40:14 INFO  Executed sudo&lt;tedge_connect_c8y_test&gt;, exit status 0
09:40:15 INFO  Executed systemctl&lt;serv_mosq2&gt;, exit status 0
09:40:15 INFO  Executed systemctl&lt;serv_mapper3&gt;, exit status 0
09:40:18 INFO  State of current operation: PENDING
09:40:20 INFO  State of current operation: PENDING
09:40:22 INFO  State of current operation: PENDING
09:40:24 INFO  State of current operation: PENDING
09:40:27 INFO  State of current operation: PENDING
09:40:29 INFO  State of current operation: PENDING
09:40:31 INFO  State of current operation: PENDING
09:40:33 INFO  State of current operation: PENDING
09:40:36 INFO  State of current operation: PENDING
09:40:38 INFO  State of current operation: PENDING
09:40:40 INFO  State of current operation: PENDING
09:40:42 INFO  State of current operation: PENDING
09:40:45 INFO  State of current operation: PENDING
09:40:47 INFO  State of current operation: PENDING
09:40:49 INFO  State of current operation: PENDING
09:40:51 INFO  State of current operation: PENDING
09:40:53 INFO  State of current operation: PENDING
09:40:56 INFO  State of current operation: PENDING
09:40:58 INFO  State of current operation: PENDING
09:41:00 INFO  State of current operation: PENDING
09:41:02 INFO  State of current operation: PENDING
09:41:05 INFO  State of current operation: PENDING
09:41:07 INFO  State of current operation: PENDING
09:41:09 INFO  State of current operation: PENDING
09:41:11 INFO  State of current operation: PENDING
09:41:14 INFO  State of current operation: PENDING
09:41:16 INFO  State of current operation: PENDING
09:41:18 INFO  State of current operation: PENDING
09:41:20 INFO  State of current operation: PENDING
09:41:22 INFO  State of current operation: PENDING
09:41:25 INFO  State of current operation: PENDING
09:41:27 INFO  State of current operation: PENDING
09:41:29 INFO  State of current operation: PENDING
09:41:31 INFO  State of current operation: PENDING
09:41:34 INFO  State of current operation: PENDING
09:41:36 INFO  State of current operation: PENDING
09:41:38 INFO  State of current operation: PENDING
09:41:40 INFO  State of current operation: PENDING
09:41:43 INFO  State of current operation: PENDING
09:41:45 INFO  State of current operation: PENDING
09:41:47 INFO  State of current operation: PENDING
09:41:49 INFO  State of current operation: PENDING
09:41:52 INFO  State of current operation: PENDING
09:41:54 INFO  State of current operation: PENDING
09:41:56 INFO  State of current operation: PENDING
09:41:58 INFO  State of current operation: PENDING
09:42:01 INFO  State of current operation: PENDING
09:42:03 INFO  State of current operation: PENDING
09:42:05 INFO  State of current operation: PENDING
09:42:07 INFO  State of current operation: PENDING
09:42:09 INFO  State of current operation: PENDING
09:42:12 INFO  State of current operation: PENDING
09:42:14 INFO  State of current operation: PENDING
09:42:16 INFO  State of current operation: PENDING
09:42:18 INFO  State of current operation: PENDING
09:42:21 INFO  State of current operation: PENDING
09:42:23 INFO  State of current operation: PENDING
09:42:25 INFO  State of current operation: PENDING
09:42:27 INFO  State of current operation: PENDING
09:42:30 INFO  State of current operation: PENDING
09:42:32 INFO  State of current operation: PENDING
09:42:34 WARN  SystemError occurred while running test - Timeout while waiting for status FAILED or SUCCESSFUL
Traceback (most recent call last):
  File &quot;/home/pi/env-pysys/lib/python3.7/site-packages/pysys/baserunner.py&quot;, line 1292, in __call__
    self.testObj.setup()
  File &quot;/home/pi/actions-runner/_work/thin-edge.io/thin-edge.io/tests/PySys/software_management_end_to_end/sm_apt_install_fail/run.py&quot;, line 20, in setup
    super().setup()
  File &quot;/home/pi/actions-runner/_work/thin-edge.io/thin-edge.io/tests/PySys/software_management_end_to_end/environment_sm_management.py&quot;, line 151, in setup
    self.wait_until_end()
  File &quot;/home/pi/actions-runner/_work/thin-edge.io/thin-edge.io/tests/PySys/software_management_end_to_end/environment_sm_management.py&quot;, line 332, in wait_until_end
    self.wait_until_status(&quot;FAILED&quot;, &quot;SUCCESSFUL&quot;)
  File &quot;/home/pi/actions-runner/_work/thin-edge.io/thin-edge.io/tests/PySys/software_management_end_to_end/environment_sm_management.py&quot;, line 381, in wait_until_status
    &quot;Timeout while waiting for status %s or %s&quot; % (status, status2)
SystemError: Timeout while waiting for status FAILED or SUCCESSFUL
09:42:34 WARN  SystemError: Timeout while waiting for status FAILED or SUCCESSFUL ... blocked 
09:42:34 INFO  
09:42:34 INFO  cleanup:
09:42:38 INFO  Executed sudo&lt;tedge_disconnect_c8y&gt;, exit status 0
09:42:38 INFO  Executed systemctl&lt;serv_mapper5&gt;, exit status 3
09:42:38 INFO  
09:42:38 INFO  Test duration: 165.49 secs
09:42:38 INFO  Test final outcome:  BLOCKED
09:42:38 INFO  Test outcome reason: SystemError: Timeout while waiting for status FAILED or SUCCESSFUL
09:42:38 INFO  
</system-out>
	</testcase>
</testsuite>
