<?xml version="1.0" encoding="utf-8"?>
<testsuite failures="1" name="SoftwareManagement.sm_apt_install_remove_multiple_mixed" skipped="0" tests="1" time="177.79" timestamp="2022-06-07T12:40:02">
	<testcase classname="PySysTest" name="SoftwareManagement.sm_apt_install_remove_multiple_mixed">
		<failure message="BLOCKED: SystemError: Timeout while waiting for status SUCCESSFUL or False (+1 other failures)" type="BLOCKED"/>
		<system-out>12:37:04 INFO  ==============================================================
12:37:04 INFO  Id:    SoftwareManagement.sm_apt_install_remove_multiple_mixed
12:37:04 INFO  Dir:   software_management_end_to_end/
12:37:04 INFO  Title: Validate end to end behaviour for the apt plugin for multiple packages with mixed versions
12:37:04 INFO  ==============================================================
12:37:04 INFO  Using sw id database: {'asciijump': '5475369', 'robotfindskitten': '5474869', 'squirrel3': '5475279', 'rolldice': '5152439', 'moon-buggy': '5439204', 'apple': '5495053', 'banana': '5494888', 'cherry': '5495382', 'watermelon': '5494510', 'registry': '8018911', 'hello-world': '8021526', 'docker/getting-started': '8021973', 'alpine': '7991792'}
12:37:04 INFO  EnvironmentC8y Setup
12:37:05 INFO  Executed systemctl&lt;serv_mapper1&gt;, exit status 3
12:37:05 INFO  Restarting mosquitto too frequently in the last 10 seconds. It was only up for 4 seconds
12:37:05 INFO  Delaying execution by 7 seconds
12:37:26 INFO  Executed sudo&lt;tedge_connect_c8y&gt;, exit status 0, duration 14 secs
12:37:27 INFO  Executed sudo&lt;tedge_connect_c8y_test&gt;, exit status 0
12:37:27 INFO  Executed systemctl&lt;serv_mosq2&gt;, exit status 0
12:37:28 INFO  Executed systemctl&lt;serv_mapper3&gt;, exit status 0
12:37:30 INFO  State of current operation: SUCCESSFUL
12:37:30 INFO  Assert that (False == value) with value=False ... passed
12:37:30 INFO  Assert that (False == value) with value=False ... passed
12:37:31 INFO  Assert that (False == value) with value=False ... passed
12:37:31 INFO  Assert that (False == value) with value=False ... passed
12:37:31 INFO  Package moon-buggy is installed
12:37:31 WARN  Assert that (False == value) with value=True ... failed 
12:37:33 INFO  Response status: 201
12:37:33 INFO  Response to action: {
    &quot;creationTime&quot;: &quot;2022-06-07T12:37:32.963Z&quot;,
    &quot;deviceId&quot;: &quot;19918345&quot;,
    &quot;deviceName&quot;: &quot;m32sd10a&quot;,
    &quot;self&quot;: &quot;https://t493319102.eu-latest.cumulocity.com/devicecontrol/operations/20014450&quot;,
    &quot;id&quot;: &quot;20014450&quot;,
    &quot;status&quot;: &quot;PENDING&quot;,
    &quot;description&quot;: &quot;Apply software changes, triggered from PySys: [{'action': 'install', 'id': '5475369', 'name': 'asciijump', 'url': ' ', 'version': '::apt'}, {'action': 'install', 'id': '5474869', 'name': 'robotfindskitten', 'url': ' ', 'version': ' '}, {'action': 'install', 'id': '5475279', 'name': 'squirrel3', 'url': ' ', 'version': '3.1-7::apt'}, {'action': 'install', 'id': '5152439', 'name': 'rolldice', 'url': ' ', 'version': '1.16-1+b1'}, {'action': 'install', 'id': '5439204', 'name': 'moon-buggy', 'url': ' ', 'version': '1:1.0.51-12'}, {'action': 'install', 'id': '5475369', 'name': 'asciijump', 'url': ' ', 'version': '::apt'}]&quot;,
    &quot;c8y_SoftwareUpdate&quot;: [
        {
            &quot;name&quot;: &quot;asciijump&quot;,
            &quot;action&quot;: &quot;install&quot;,
            &quot;id&quot;: &quot;5475369&quot;,
            &quot;version&quot;: &quot;::apt&quot;,
            &quot;url&quot;: &quot; &quot;
        },
        {
            &quot;name&quot;: &quot;robotfindskitten&quot;,
            &quot;action&quot;: &quot;install&quot;,
            &quot;id&quot;: &quot;5474869&quot;,
            &quot;version&quot;: &quot; &quot;,
            &quot;url&quot;: &quot; &quot;
        },
        {
            &quot;name&quot;: &quot;squirrel3&quot;,
            &quot;action&quot;: &quot;install&quot;,
            &quot;id&quot;: &quot;5475279&quot;,
            &quot;version&quot;: &quot;3.1-7::apt&quot;,
            &quot;url&quot;: &quot; &quot;
        },
        {
            &quot;name&quot;: &quot;rolldice&quot;,
            &quot;action&quot;: &quot;install&quot;,
            &quot;id&quot;: &quot;5152439&quot;,
            &quot;version&quot;: &quot;1.16-1+b1&quot;,
            &quot;url&quot;: &quot; &quot;
        },
        {
            &quot;name&quot;: &quot;moon-buggy&quot;,
            &quot;action&quot;: &quot;install&quot;,
            &quot;id&quot;: &quot;5439204&quot;,
            &quot;version&quot;: &quot;1:1.0.51-12&quot;,
            &quot;url&quot;: &quot; &quot;
        },
        {
            &quot;name&quot;: &quot;asciijump&quot;,
            &quot;action&quot;: &quot;install&quot;,
            &quot;id&quot;: &quot;5475369&quot;,
            &quot;version&quot;: &quot;::apt&quot;,
            &quot;url&quot;: &quot; &quot;
        }
    ]
}
12:37:33 INFO  Started operation: {'creationTime': '2022-06-07T12:37:32.963Z', 'deviceId': '19918345', 'deviceName': 'm32sd10a', 'self': 'https://t493319102.eu-latest.cumulocity.com/devicecontrol/operations/20014450', 'id': '20014450', 'status': 'PENDING', 'description': &quot;Apply software changes, triggered from PySys: [{'action': 'install', 'id': '5475369', 'name': 'asciijump', 'url': ' ', 'version': '::apt'}, {'action': 'install', 'id': '5474869', 'name': 'robotfindskitten', 'url': ' ', 'version': ' '}, {'action': 'install', 'id': '5475279', 'name': 'squirrel3', 'url': ' ', 'version': '3.1-7::apt'}, {'action': 'install', 'id': '5152439', 'name': 'rolldice', 'url': ' ', 'version': '1.16-1+b1'}, {'action': 'install', 'id': '5439204', 'name': 'moon-buggy', 'url': ' ', 'version': '1:1.0.51-12'}, {'action': 'install', 'id': '5475369', 'name': 'asciijump', 'url': ' ', 'version': '::apt'}]&quot;, 'c8y_SoftwareUpdate': [{'name': 'asciijump', 'action': 'install', 'id': '5475369', 'version': '::apt', 'url': ' '}, {'name': 'robotfindskitten', 'action': 'install', 'id': '5474869', 'version': ' ', 'url': ' '}, {'name': 'squirrel3', 'action': 'install', 'id': '5475279', 'version': '3.1-7::apt', 'url': ' '}, {'name': 'rolldice', 'action': 'install', 'id': '5152439', 'version': '1.16-1+b1', 'url': ' '}, {'name': 'moon-buggy', 'action': 'install', 'id': '5439204', 'version': '1:1.0.51-12', 'url': ' '}, {'name': 'asciijump', 'action': 'install', 'id': '5475369', 'version': '::apt', 'url': ' '}]}
12:37:35 INFO  State of operation 20014450 : PENDING
12:37:37 INFO  State of operation 20014450 : EXECUTING
12:37:39 INFO  State of operation 20014450 : EXECUTING
12:37:41 INFO  State of operation 20014450 : EXECUTING
12:37:44 INFO  State of operation 20014450 : EXECUTING
12:37:46 INFO  State of operation 20014450 : EXECUTING
12:37:48 INFO  State of operation 20014450 : EXECUTING
12:37:51 INFO  State of operation 20014450 : EXECUTING
12:37:53 INFO  State of operation 20014450 : EXECUTING
12:37:56 INFO  State of operation 20014450 : EXECUTING
12:37:58 INFO  State of operation 20014450 : EXECUTING
12:38:00 INFO  State of operation 20014450 : EXECUTING
12:38:03 INFO  State of operation 20014450 : EXECUTING
12:38:05 INFO  State of operation 20014450 : EXECUTING
12:38:07 INFO  State of operation 20014450 : EXECUTING
12:38:09 INFO  State of operation 20014450 : EXECUTING
12:38:12 INFO  State of operation 20014450 : EXECUTING
12:38:14 INFO  State of operation 20014450 : EXECUTING
12:38:17 INFO  State of operation 20014450 : EXECUTING
12:38:19 INFO  State of operation 20014450 : EXECUTING
12:38:21 INFO  State of operation 20014450 : EXECUTING
12:38:24 INFO  State of operation 20014450 : EXECUTING
12:38:26 INFO  State of operation 20014450 : EXECUTING
12:38:28 INFO  State of operation 20014450 : EXECUTING
12:38:31 INFO  State of operation 20014450 : EXECUTING
12:38:33 INFO  State of operation 20014450 : EXECUTING
12:38:35 INFO  State of operation 20014450 : EXECUTING
12:38:38 INFO  State of operation 20014450 : EXECUTING
12:38:40 INFO  State of operation 20014450 : EXECUTING
12:38:42 INFO  State of operation 20014450 : EXECUTING
12:38:45 INFO  State of operation 20014450 : EXECUTING
12:38:47 INFO  State of operation 20014450 : EXECUTING
12:38:49 INFO  State of operation 20014450 : EXECUTING
12:38:52 INFO  State of operation 20014450 : EXECUTING
12:38:54 INFO  State of operation 20014450 : EXECUTING
12:38:56 INFO  State of operation 20014450 : EXECUTING
12:38:58 INFO  State of operation 20014450 : EXECUTING
12:39:00 INFO  State of operation 20014450 : EXECUTING
12:39:03 INFO  State of operation 20014450 : EXECUTING
12:39:06 INFO  State of operation 20014450 : EXECUTING
12:39:08 INFO  State of operation 20014450 : EXECUTING
12:39:11 INFO  State of operation 20014450 : EXECUTING
12:39:13 INFO  State of operation 20014450 : EXECUTING
12:39:15 INFO  State of operation 20014450 : EXECUTING
12:39:17 INFO  State of operation 20014450 : EXECUTING
12:39:20 INFO  State of operation 20014450 : EXECUTING
12:39:22 INFO  State of operation 20014450 : EXECUTING
12:39:24 INFO  State of operation 20014450 : EXECUTING
12:39:27 INFO  State of operation 20014450 : EXECUTING
12:39:29 INFO  State of operation 20014450 : EXECUTING
12:39:31 INFO  State of operation 20014450 : EXECUTING
12:39:34 INFO  State of operation 20014450 : EXECUTING
12:39:36 INFO  State of operation 20014450 : EXECUTING
12:39:38 INFO  State of operation 20014450 : EXECUTING
12:39:41 INFO  State of operation 20014450 : EXECUTING
12:39:43 INFO  State of operation 20014450 : EXECUTING
12:39:46 INFO  State of operation 20014450 : EXECUTING
12:39:48 INFO  State of operation 20014450 : EXECUTING
12:39:50 INFO  State of operation 20014450 : EXECUTING
12:39:52 INFO  State of operation 20014450 : EXECUTING
12:39:55 INFO  State of operation 20014450 : EXECUTING
12:39:57 WARN  SystemError occurred while running test - Timeout while waiting for status SUCCESSFUL or False
Traceback (most recent call last):
  File &quot;/home/pi/env-pysys/lib/python3.7/site-packages/pysys/baserunner.py&quot;, line 1294, in __call__
    self.testObj.execute()
  File &quot;/home/pi/actions-runner/_work/thin-edge.io/thin-edge.io/tests/PySys/software_management_end_to_end/sm_apt_install_remove_multiple_mixed/run.py&quot;, line 89, in execute
    self.wait_until_succcess()
  File &quot;/home/pi/actions-runner/_work/thin-edge.io/thin-edge.io/tests/PySys/software_management_end_to_end/environment_sm_management.py&quot;, line 324, in wait_until_succcess
    self.wait_until_status(&quot;SUCCESSFUL&quot;)
  File &quot;/home/pi/actions-runner/_work/thin-edge.io/thin-edge.io/tests/PySys/software_management_end_to_end/environment_sm_management.py&quot;, line 381, in wait_until_status
    &quot;Timeout while waiting for status %s or %s&quot; % (status, status2)
SystemError: Timeout while waiting for status SUCCESSFUL or False
12:39:57 WARN  SystemError: Timeout while waiting for status SUCCESSFUL or False ... blocked 
12:39:57 INFO  
12:39:57 INFO  cleanup:
12:40:01 INFO  Executed sudo&lt;tedge_disconnect_c8y&gt;, exit status 0
12:40:02 INFO  Executed systemctl&lt;serv_mapper5&gt;, exit status 3
12:40:02 INFO  
12:40:02 INFO  Test duration: 177.79 secs
12:40:02 INFO  Test final outcome:  BLOCKED
12:40:02 INFO  Test outcome reason: SystemError: Timeout while waiting for status SUCCESSFUL or False (+1 other failures)
12:40:02 INFO  
</system-out>
	</testcase>
</testsuite>
