<?xml version="1.0" encoding="utf-8"?>
<testsuite failures="1" name="SoftwareManagement.sm_mixed_install_remove_multiple" skipped="0" tests="1" time="164.72" timestamp="2022-07-22T15:41:31">
	<testcase classname="PySysTest" name="SoftwareManagement.sm_mixed_install_remove_multiple">
		<failure message="FAILED: Assert that (False == value) with value=True" type="FAILED"/>
		<system-out>15:38:46 INFO  ==============================================================
15:38:46 INFO  Id:    SoftwareManagement.sm_mixed_install_remove_multiple
15:38:46 INFO  Dir:   software_management_end_to_end/
15:38:46 INFO  Title: Validate end to end behaviour for the dummy-plugin for multiple packages with mixed versions
15:38:46 INFO  ==============================================================
15:38:46 INFO  Using sw id database: {'asciijump': '5475369', 'robotfindskitten': '5474869', 'squirrel3': '5475279', 'rolldice': '5152439', 'moon-buggy': '5439204', 'apple': '5495053', 'banana': '5494888', 'cherry': '5495382', 'watermelon': '5494510', 'registry': '8018911', 'hello-world': '8021526', 'docker/getting-started': '8021973', 'alpine': '7991792'}
15:38:46 INFO  EnvironmentC8y Setup
15:38:46 INFO  Executed systemctl&lt;serv_mapper1&gt;, exit status 3
15:38:47 INFO  Restarting mosquitto too frequently in the last 10 seconds. It was only up for 5 seconds
15:38:47 INFO  Delaying execution by 6 seconds
15:39:07 INFO  Executed sudo&lt;tedge_connect_c8y&gt;, exit status 0, duration 14 secs
15:39:07 INFO  Executed sudo&lt;tedge_connect_c8y_test&gt;, exit status 0
15:39:08 INFO  Executed systemctl&lt;serv_mosq2&gt;, exit status 0
15:39:08 INFO  Executed systemctl&lt;serv_mapper3&gt;, exit status 0
15:39:11 INFO  State of current operation: SUCCESSFUL
15:39:11 INFO  Package apple is installed
15:39:11 INFO  Assert that (True == value) with value=True ... passed
15:39:11 INFO  Package banana is installed
15:39:11 INFO  Assert that (True == value) with value=True ... passed
15:39:11 INFO  Package cherry is installed
15:39:11 INFO  Assert that (True == value) with value=True ... passed
15:39:11 INFO  Package asciijump is installed
15:39:12 WARN  Assert that (False == value) with value=True ... failed 
15:39:12 INFO  Assert that (False == value) with value=False ... passed
15:39:12 INFO  Response status: 201
15:39:12 INFO  Response to action: {
    &quot;delivery&quot;: {
        &quot;log&quot;: [],
        &quot;time&quot;: &quot;2022-07-22T15:39:12.455Z&quot;,
        &quot;status&quot;: &quot;PENDING&quot;
    },
    &quot;creationTime&quot;: &quot;2022-07-22T15:39:12.413Z&quot;,
    &quot;deviceId&quot;: &quot;21282123&quot;,
    &quot;deviceName&quot;: &quot;m32sd10a&quot;,
    &quot;self&quot;: &quot;https://t493319102.eu-latest.cumulocity.com/devicecontrol/operations/21290666&quot;,
    &quot;id&quot;: &quot;21290666&quot;,
    &quot;status&quot;: &quot;PENDING&quot;,
    &quot;description&quot;: &quot;Apply software changes, triggered from PySys: [{'action': 'install', 'id': '5495053', 'name': 'apple', 'url': ' ', 'version': '::fruits'}, {'action': 'install', 'id': '5494888', 'name': 'banana', 'url': ' ', 'version': '::fruits'}, {'action': 'install', 'id': '5475369', 'name': 'asciijump', 'url': ' ', 'version': '::apt'}, {'action': 'install', 'id': '5495382', 'name': 'cherry', 'url': ' ', 'version': '::fruits'}, {'action': 'install', 'id': '8018911', 'name': 'registry', 'url': ' ', 'version': '::docker'}]&quot;,
    &quot;c8y_SoftwareUpdate&quot;: [
        {
            &quot;name&quot;: &quot;apple&quot;,
            &quot;action&quot;: &quot;install&quot;,
            &quot;id&quot;: &quot;5495053&quot;,
            &quot;version&quot;: &quot;::fruits&quot;,
            &quot;url&quot;: &quot; &quot;
        },
        {
            &quot;name&quot;: &quot;banana&quot;,
            &quot;action&quot;: &quot;install&quot;,
            &quot;id&quot;: &quot;5494888&quot;,
            &quot;version&quot;: &quot;::fruits&quot;,
            &quot;url&quot;: &quot; &quot;
        },
        {
            &quot;name&quot;: &quot;asciijump&quot;,
            &quot;action&quot;: &quot;install&quot;,
            &quot;id&quot;: &quot;5475369&quot;,
            &quot;version&quot;: &quot;::apt&quot;,
            &quot;url&quot;: &quot; &quot;
        },
        {
            &quot;name&quot;: &quot;cherry&quot;,
            &quot;action&quot;: &quot;install&quot;,
            &quot;id&quot;: &quot;5495382&quot;,
            &quot;version&quot;: &quot;::fruits&quot;,
            &quot;url&quot;: &quot; &quot;
        },
        {
            &quot;name&quot;: &quot;registry&quot;,
            &quot;action&quot;: &quot;install&quot;,
            &quot;id&quot;: &quot;8018911&quot;,
            &quot;version&quot;: &quot;::docker&quot;,
            &quot;url&quot;: &quot; &quot;
        }
    ]
}
15:39:12 INFO  Started operation: {'delivery': {'log': [], 'time': '2022-07-22T15:39:12.455Z', 'status': 'PENDING'}, 'creationTime': '2022-07-22T15:39:12.413Z', 'deviceId': '21282123', 'deviceName': 'm32sd10a', 'self': 'https://t493319102.eu-latest.cumulocity.com/devicecontrol/operations/21290666', 'id': '21290666', 'status': 'PENDING', 'description': &quot;Apply software changes, triggered from PySys: [{'action': 'install', 'id': '5495053', 'name': 'apple', 'url': ' ', 'version': '::fruits'}, {'action': 'install', 'id': '5494888', 'name': 'banana', 'url': ' ', 'version': '::fruits'}, {'action': 'install', 'id': '5475369', 'name': 'asciijump', 'url': ' ', 'version': '::apt'}, {'action': 'install', 'id': '5495382', 'name': 'cherry', 'url': ' ', 'version': '::fruits'}, {'action': 'install', 'id': '8018911', 'name': 'registry', 'url': ' ', 'version': '::docker'}]&quot;, 'c8y_SoftwareUpdate': [{'name': 'apple', 'action': 'install', 'id': '5495053', 'version': '::fruits', 'url': ' '}, {'name': 'banana', 'action': 'install', 'id': '5494888', 'version': '::fruits', 'url': ' '}, {'name': 'asciijump', 'action': 'install', 'id': '5475369', 'version': '::apt', 'url': ' '}, {'name': 'cherry', 'action': 'install', 'id': '5495382', 'version': '::fruits', 'url': ' '}, {'name': 'registry', 'action': 'install', 'id': '8018911', 'version': '::docker', 'url': ' '}]}
15:39:14 INFO  State of operation 21290666 : PENDING
15:39:16 INFO  State of operation 21290666 : EXECUTING
15:39:19 INFO  State of operation 21290666 : EXECUTING
15:39:21 INFO  State of operation 21290666 : EXECUTING
15:39:23 INFO  State of operation 21290666 : EXECUTING
15:39:25 INFO  State of operation 21290666 : EXECUTING
15:39:28 INFO  State of operation 21290666 : EXECUTING
15:39:31 INFO  State of operation 21290666 : EXECUTING
15:39:33 INFO  State of operation 21290666 : EXECUTING
15:39:36 INFO  State of operation 21290666 : EXECUTING
15:39:38 INFO  State of operation 21290666 : EXECUTING
15:39:40 INFO  State of operation 21290666 : EXECUTING
15:39:42 INFO  State of operation 21290666 : EXECUTING
15:39:45 INFO  State of operation 21290666 : EXECUTING
15:39:47 INFO  State of operation 21290666 : EXECUTING
15:39:49 INFO  State of operation 21290666 : EXECUTING
15:39:51 INFO  State of operation 21290666 : EXECUTING
15:39:54 INFO  State of operation 21290666 : EXECUTING
15:39:56 INFO  State of operation 21290666 : EXECUTING
15:39:58 INFO  State of operation 21290666 : EXECUTING
15:40:00 INFO  State of operation 21290666 : EXECUTING
15:40:03 INFO  State of operation 21290666 : EXECUTING
15:40:05 INFO  State of operation 21290666 : EXECUTING
15:40:07 INFO  State of operation 21290666 : EXECUTING
15:40:09 INFO  State of operation 21290666 : EXECUTING
15:40:12 INFO  State of operation 21290666 : SUCCESSFUL
15:40:12 INFO  Package apple is installed
15:40:12 INFO  Assert that (True == value) with value=True ... passed
15:40:12 INFO  Package banana is installed
15:40:12 INFO  Assert that (True == value) with value=True ... passed
15:40:12 INFO  Package cherry is installed
15:40:12 INFO  Assert that (True == value) with value=True ... passed
15:40:13 INFO  Package asciijump is installed
15:40:13 INFO  Assert that (True == value) with value=True ... passed
15:40:13 INFO  Package registry is installed
15:40:13 INFO  Assert that (True == value) with value=True ... passed
15:40:13 INFO  Response status: 201
15:40:13 INFO  Response to action: {
    &quot;delivery&quot;: {
        &quot;log&quot;: [],
        &quot;time&quot;: &quot;2022-07-22T15:40:13.529Z&quot;,
        &quot;status&quot;: &quot;PENDING&quot;
    },
    &quot;creationTime&quot;: &quot;2022-07-22T15:40:13.512Z&quot;,
    &quot;deviceId&quot;: &quot;21282123&quot;,
    &quot;deviceName&quot;: &quot;m32sd10a&quot;,
    &quot;self&quot;: &quot;https://t493319102.eu-latest.cumulocity.com/devicecontrol/operations/21290681&quot;,
    &quot;id&quot;: &quot;21290681&quot;,
    &quot;status&quot;: &quot;PENDING&quot;,
    &quot;description&quot;: &quot;Apply software changes, triggered from PySys: [{'action': 'delete', 'id': '5495053', 'name': 'apple', 'url': ' ', 'version': '::fruits'}, {'action': 'delete', 'id': '5494888', 'name': 'banana', 'url': ' ', 'version': '::fruits'}, {'action': 'delete', 'id': '5475369', 'name': 'asciijump', 'url': ' ', 'version': '::apt'}, {'action': 'delete', 'id': '5495382', 'name': 'cherry', 'url': ' ', 'version': '::fruits'}, {'action': 'delete', 'id': '8018911', 'name': 'registry', 'url': ' ', 'version': '::docker'}]&quot;,
    &quot;c8y_SoftwareUpdate&quot;: [
        {
            &quot;name&quot;: &quot;apple&quot;,
            &quot;action&quot;: &quot;delete&quot;,
            &quot;id&quot;: &quot;5495053&quot;,
            &quot;version&quot;: &quot;::fruits&quot;,
            &quot;url&quot;: &quot; &quot;
        },
        {
            &quot;name&quot;: &quot;banana&quot;,
            &quot;action&quot;: &quot;delete&quot;,
            &quot;id&quot;: &quot;5494888&quot;,
            &quot;version&quot;: &quot;::fruits&quot;,
            &quot;url&quot;: &quot; &quot;
        },
        {
            &quot;name&quot;: &quot;asciijump&quot;,
            &quot;action&quot;: &quot;delete&quot;,
            &quot;id&quot;: &quot;5475369&quot;,
            &quot;version&quot;: &quot;::apt&quot;,
            &quot;url&quot;: &quot; &quot;
        },
        {
            &quot;name&quot;: &quot;cherry&quot;,
            &quot;action&quot;: &quot;delete&quot;,
            &quot;id&quot;: &quot;5495382&quot;,
            &quot;version&quot;: &quot;::fruits&quot;,
            &quot;url&quot;: &quot; &quot;
        },
        {
            &quot;name&quot;: &quot;registry&quot;,
            &quot;action&quot;: &quot;delete&quot;,
            &quot;id&quot;: &quot;8018911&quot;,
            &quot;version&quot;: &quot;::docker&quot;,
            &quot;url&quot;: &quot; &quot;
        }
    ]
}
15:40:13 INFO  Started operation: {'delivery': {'log': [], 'time': '2022-07-22T15:40:13.529Z', 'status': 'PENDING'}, 'creationTime': '2022-07-22T15:40:13.512Z', 'deviceId': '21282123', 'deviceName': 'm32sd10a', 'self': 'https://t493319102.eu-latest.cumulocity.com/devicecontrol/operations/21290681', 'id': '21290681', 'status': 'PENDING', 'description': &quot;Apply software changes, triggered from PySys: [{'action': 'delete', 'id': '5495053', 'name': 'apple', 'url': ' ', 'version': '::fruits'}, {'action': 'delete', 'id': '5494888', 'name': 'banana', 'url': ' ', 'version': '::fruits'}, {'action': 'delete', 'id': '5475369', 'name': 'asciijump', 'url': ' ', 'version': '::apt'}, {'action': 'delete', 'id': '5495382', 'name': 'cherry', 'url': ' ', 'version': '::fruits'}, {'action': 'delete', 'id': '8018911', 'name': 'registry', 'url': ' ', 'version': '::docker'}]&quot;, 'c8y_SoftwareUpdate': [{'name': 'apple', 'action': 'delete', 'id': '5495053', 'version': '::fruits', 'url': ' '}, {'name': 'banana', 'action': 'delete', 'id': '5494888', 'version': '::fruits', 'url': ' '}, {'name': 'asciijump', 'action': 'delete', 'id': '5475369', 'version': '::apt', 'url': ' '}, {'name': 'cherry', 'action': 'delete', 'id': '5495382', 'version': '::fruits', 'url': ' '}, {'name': 'registry', 'action': 'delete', 'id': '8018911', 'version': '::docker', 'url': ' '}]}
15:40:15 INFO  State of operation 21290681 : PENDING
15:40:18 INFO  State of operation 21290681 : EXECUTING
15:40:20 INFO  State of operation 21290681 : EXECUTING
15:40:22 INFO  State of operation 21290681 : EXECUTING
15:40:24 INFO  State of operation 21290681 : EXECUTING
15:40:26 INFO  State of operation 21290681 : EXECUTING
15:40:29 INFO  State of operation 21290681 : EXECUTING
15:40:32 INFO  State of operation 21290681 : EXECUTING
15:40:34 INFO  State of operation 21290681 : EXECUTING
15:40:37 INFO  State of operation 21290681 : EXECUTING
15:40:39 INFO  State of operation 21290681 : EXECUTING
15:40:41 INFO  State of operation 21290681 : EXECUTING
15:40:43 INFO  State of operation 21290681 : EXECUTING
15:40:46 INFO  State of operation 21290681 : EXECUTING
15:40:48 INFO  State of operation 21290681 : EXECUTING
15:40:50 INFO  State of operation 21290681 : EXECUTING
15:40:55 INFO  State of operation 21290681 : EXECUTING
15:40:57 INFO  State of operation 21290681 : EXECUTING
15:40:59 INFO  State of operation 21290681 : EXECUTING
15:41:01 INFO  State of operation 21290681 : EXECUTING
15:41:04 INFO  State of operation 21290681 : EXECUTING
15:41:06 INFO  State of operation 21290681 : EXECUTING
15:41:09 INFO  State of operation 21290681 : EXECUTING
15:41:11 INFO  State of operation 21290681 : EXECUTING
15:41:13 INFO  State of operation 21290681 : EXECUTING
15:41:15 INFO  State of operation 21290681 : EXECUTING
15:41:18 INFO  State of operation 21290681 : EXECUTING
15:41:20 INFO  State of operation 21290681 : EXECUTING
15:41:22 INFO  State of operation 21290681 : EXECUTING
15:41:25 INFO  State of operation 21290681 : SUCCESSFUL
15:41:25 INFO  Package apple is installed
15:41:25 INFO  Assert that (True == value) with value=True ... passed
15:41:25 INFO  Package banana is installed
15:41:25 INFO  Assert that (True == value) with value=True ... passed
15:41:25 INFO  Package cherry is installed
15:41:25 INFO  Assert that (True == value) with value=True ... passed
15:41:26 INFO  Assert that (False == value) with value=False ... passed
15:41:26 INFO  Assert that (False == value) with value=False ... passed
15:41:26 INFO  
15:41:26 INFO  cleanup:
15:41:30 INFO  Executed sudo&lt;tedge_disconnect_c8y&gt;, exit status 0
15:41:31 INFO  Executed systemctl&lt;serv_mapper5&gt;, exit status 3
15:41:31 INFO  
15:41:31 INFO  Test duration: 164.72 secs
15:41:31 INFO  Test final outcome:  FAILED
15:41:31 INFO  Test outcome reason: Assert that (False == value) with value=True
15:41:31 INFO  
</system-out>
	</testcase>
</testsuite>
