<?xml version="1.0" encoding="utf-8"?>
<testsuite failures="1" name="SoftwareManagement.sm_apt_install_remove_multiple_mixed" skipped="0" tests="1" time="178.93" timestamp="2022-07-22T05:05:11">
	<testcase classname="PySysTest" name="SoftwareManagement.sm_apt_install_remove_multiple_mixed">
		<failure message="BLOCKED: SystemError: Timeout while waiting for status SUCCESSFUL or False (+1 other failures)" type="BLOCKED"/>
		<system-out>05:02:12 INFO  ==============================================================
05:02:12 INFO  Id:    SoftwareManagement.sm_apt_install_remove_multiple_mixed
05:02:12 INFO  Dir:   software_management_end_to_end/
05:02:12 INFO  Title: Validate end to end behaviour for the apt plugin for multiple packages with mixed versions
05:02:12 INFO  ==============================================================
05:02:12 INFO  Using sw id database: {'asciijump': '5475369', 'robotfindskitten': '5474869', 'squirrel3': '5475279', 'rolldice': '5152439', 'moon-buggy': '5439204', 'apple': '5495053', 'banana': '5494888', 'cherry': '5495382', 'watermelon': '5494510', 'registry': '8018911', 'hello-world': '8021526', 'docker/getting-started': '8021973', 'alpine': '7991792'}
05:02:12 INFO  EnvironmentC8y Setup
05:02:13 INFO  Executed systemctl&lt;serv_mapper1&gt;, exit status 3
05:02:13 INFO  Restarting mosquitto too frequently in the last 10 seconds. It was only up for 4 seconds
05:02:13 INFO  Delaying execution by 7 seconds
05:02:34 INFO  Executed sudo&lt;tedge_connect_c8y&gt;, exit status 0, duration 14 secs
05:02:35 INFO  Executed sudo&lt;tedge_connect_c8y_test&gt;, exit status 0
05:02:35 INFO  Executed systemctl&lt;serv_mosq2&gt;, exit status 0
05:02:36 INFO  Executed systemctl&lt;serv_mapper3&gt;, exit status 0
05:02:38 INFO  State of current operation: SUCCESSFUL
05:02:38 INFO  Assert that (False == value) with value=False ... passed
05:02:38 INFO  Assert that (False == value) with value=False ... passed
05:02:39 INFO  Assert that (False == value) with value=False ... passed
05:02:39 INFO  Assert that (False == value) with value=False ... passed
05:02:39 INFO  Package moon-buggy is installed
05:02:39 WARN  Assert that (False == value) with value=True ... failed 
05:02:40 INFO  Response status: 201
05:02:40 INFO  Response to action: {
    &quot;creationTime&quot;: &quot;2022-07-22T05:02:40.873Z&quot;,
    &quot;deviceId&quot;: &quot;21231606&quot;,
    &quot;deviceName&quot;: &quot;m32sd10a&quot;,
    &quot;self&quot;: &quot;https://t493319102.eu-latest.cumulocity.com/devicecontrol/operations/21244267&quot;,
    &quot;id&quot;: &quot;21244267&quot;,
    &quot;status&quot;: &quot;PENDING&quot;,
    &quot;description&quot;: &quot;Apply software changes, triggered from PySys: [{'action': 'install', 'id': '5475369', 'name': 'asciijump', 'url': ' ', 'version': '::apt'}, {'action': 'install', 'id': '5474869', 'name': 'robotfindskitten', 'url': ' ', 'version': ' '}, {'action': 'install', 'id': '5475279', 'name': 'squirrel3', 'url': ' ', 'version': '3.1-7::apt'}, {'action': 'install', 'id': '5152439', 'name': 'rolldice', 'url': ' ', 'version': '1.16-1+b1'}, {'action': 'install', 'id': '5439204', 'name': 'moon-buggy', 'url': ' ', 'version': '1:1.0.51-12'}, {'action': 'install', 'id': '5475369', 'name': 'asciijump', 'url': ' ', 'version': '::apt'}]&quot;,
    &quot;c8y_SoftwareUpdate&quot;: [
        {
            &quot;name&quot;: &quot;asciijump&quot;,
            &quot;action&quot;: &quot;install&quot;,
            &quot;id&quot;: &quot;5475369&quot;,
            &quot;version&quot;: &quot;::apt&quot;,
            &quot;url&quot;: &quot; &quot;
        },
        {
            &quot;name&quot;: &quot;robotfindskitten&quot;,
            &quot;action&quot;: &quot;install&quot;,
            &quot;id&quot;: &quot;5474869&quot;,
            &quot;version&quot;: &quot; &quot;,
            &quot;url&quot;: &quot; &quot;
        },
        {
            &quot;name&quot;: &quot;squirrel3&quot;,
            &quot;action&quot;: &quot;install&quot;,
            &quot;id&quot;: &quot;5475279&quot;,
            &quot;version&quot;: &quot;3.1-7::apt&quot;,
            &quot;url&quot;: &quot; &quot;
        },
        {
            &quot;name&quot;: &quot;rolldice&quot;,
            &quot;action&quot;: &quot;install&quot;,
            &quot;id&quot;: &quot;5152439&quot;,
            &quot;version&quot;: &quot;1.16-1+b1&quot;,
            &quot;url&quot;: &quot; &quot;
        },
        {
            &quot;name&quot;: &quot;moon-buggy&quot;,
            &quot;action&quot;: &quot;install&quot;,
            &quot;id&quot;: &quot;5439204&quot;,
            &quot;version&quot;: &quot;1:1.0.51-12&quot;,
            &quot;url&quot;: &quot; &quot;
        },
        {
            &quot;name&quot;: &quot;asciijump&quot;,
            &quot;action&quot;: &quot;install&quot;,
            &quot;id&quot;: &quot;5475369&quot;,
            &quot;version&quot;: &quot;::apt&quot;,
            &quot;url&quot;: &quot; &quot;
        }
    ]
}
05:02:40 INFO  Started operation: {'creationTime': '2022-07-22T05:02:40.873Z', 'deviceId': '21231606', 'deviceName': 'm32sd10a', 'self': 'https://t493319102.eu-latest.cumulocity.com/devicecontrol/operations/21244267', 'id': '21244267', 'status': 'PENDING', 'description': &quot;Apply software changes, triggered from PySys: [{'action': 'install', 'id': '5475369', 'name': 'asciijump', 'url': ' ', 'version': '::apt'}, {'action': 'install', 'id': '5474869', 'name': 'robotfindskitten', 'url': ' ', 'version': ' '}, {'action': 'install', 'id': '5475279', 'name': 'squirrel3', 'url': ' ', 'version': '3.1-7::apt'}, {'action': 'install', 'id': '5152439', 'name': 'rolldice', 'url': ' ', 'version': '1.16-1+b1'}, {'action': 'install', 'id': '5439204', 'name': 'moon-buggy', 'url': ' ', 'version': '1:1.0.51-12'}, {'action': 'install', 'id': '5475369', 'name': 'asciijump', 'url': ' ', 'version': '::apt'}]&quot;, 'c8y_SoftwareUpdate': [{'name': 'asciijump', 'action': 'install', 'id': '5475369', 'version': '::apt', 'url': ' '}, {'name': 'robotfindskitten', 'action': 'install', 'id': '5474869', 'version': ' ', 'url': ' '}, {'name': 'squirrel3', 'action': 'install', 'id': '5475279', 'version': '3.1-7::apt', 'url': ' '}, {'name': 'rolldice', 'action': 'install', 'id': '5152439', 'version': '1.16-1+b1', 'url': ' '}, {'name': 'moon-buggy', 'action': 'install', 'id': '5439204', 'version': '1:1.0.51-12', 'url': ' '}, {'name': 'asciijump', 'action': 'install', 'id': '5475369', 'version': '::apt', 'url': ' '}]}
05:02:43 INFO  State of operation 21244267 : PENDING
05:02:45 INFO  State of operation 21244267 : EXECUTING
05:02:47 INFO  State of operation 21244267 : EXECUTING
05:02:49 INFO  State of operation 21244267 : EXECUTING
05:02:52 INFO  State of operation 21244267 : EXECUTING
05:02:54 INFO  State of operation 21244267 : EXECUTING
05:02:57 INFO  State of operation 21244267 : EXECUTING
05:02:59 INFO  State of operation 21244267 : EXECUTING
05:03:02 INFO  State of operation 21244267 : EXECUTING
05:03:04 INFO  State of operation 21244267 : EXECUTING
05:03:06 INFO  State of operation 21244267 : EXECUTING
05:03:09 INFO  State of operation 21244267 : EXECUTING
05:03:11 INFO  State of operation 21244267 : EXECUTING
05:03:13 INFO  State of operation 21244267 : EXECUTING
05:03:15 INFO  State of operation 21244267 : EXECUTING
05:03:18 INFO  State of operation 21244267 : EXECUTING
05:03:20 INFO  State of operation 21244267 : EXECUTING
05:03:22 INFO  State of operation 21244267 : EXECUTING
05:03:25 INFO  State of operation 21244267 : EXECUTING
05:03:28 INFO  State of operation 21244267 : EXECUTING
05:03:30 INFO  State of operation 21244267 : EXECUTING
05:03:33 INFO  State of operation 21244267 : EXECUTING
05:03:35 INFO  State of operation 21244267 : EXECUTING
05:03:38 INFO  State of operation 21244267 : EXECUTING
05:03:40 INFO  State of operation 21244267 : EXECUTING
05:03:42 INFO  State of operation 21244267 : EXECUTING
05:03:44 INFO  State of operation 21244267 : EXECUTING
05:03:47 INFO  State of operation 21244267 : EXECUTING
05:03:49 INFO  State of operation 21244267 : EXECUTING
05:03:51 INFO  State of operation 21244267 : EXECUTING
05:03:53 INFO  State of operation 21244267 : EXECUTING
05:03:56 INFO  State of operation 21244267 : EXECUTING
05:03:58 INFO  State of operation 21244267 : EXECUTING
05:04:00 INFO  State of operation 21244267 : EXECUTING
05:04:02 INFO  State of operation 21244267 : EXECUTING
05:04:04 INFO  State of operation 21244267 : EXECUTING
05:04:07 INFO  State of operation 21244267 : EXECUTING
05:04:09 INFO  State of operation 21244267 : EXECUTING
05:04:12 INFO  State of operation 21244267 : EXECUTING
05:04:14 INFO  State of operation 21244267 : EXECUTING
05:04:17 INFO  State of operation 21244267 : EXECUTING
05:04:19 INFO  State of operation 21244267 : EXECUTING
05:04:21 INFO  State of operation 21244267 : EXECUTING
05:04:24 INFO  State of operation 21244267 : EXECUTING
05:04:26 INFO  State of operation 21244267 : EXECUTING
05:04:28 INFO  State of operation 21244267 : EXECUTING
05:04:30 INFO  State of operation 21244267 : EXECUTING
05:04:33 INFO  State of operation 21244267 : EXECUTING
05:04:35 INFO  State of operation 21244267 : EXECUTING
05:04:38 INFO  State of operation 21244267 : EXECUTING
05:04:40 INFO  State of operation 21244267 : EXECUTING
05:04:42 INFO  State of operation 21244267 : EXECUTING
05:04:45 INFO  State of operation 21244267 : EXECUTING
05:04:47 INFO  State of operation 21244267 : EXECUTING
05:04:49 INFO  State of operation 21244267 : EXECUTING
05:04:52 INFO  State of operation 21244267 : EXECUTING
05:04:54 INFO  State of operation 21244267 : EXECUTING
05:04:56 INFO  State of operation 21244267 : EXECUTING
05:04:59 INFO  State of operation 21244267 : EXECUTING
05:05:01 INFO  State of operation 21244267 : EXECUTING
05:05:03 INFO  State of operation 21244267 : EXECUTING
05:05:05 WARN  SystemError occurred while running test - Timeout while waiting for status SUCCESSFUL or False
Traceback (most recent call last):
  File &quot;/home/pi/env-pysys/lib/python3.7/site-packages/pysys/baserunner.py&quot;, line 1294, in __call__
    self.testObj.execute()
  File &quot;/home/pi/actions-runner/_work/thin-edge.io/thin-edge.io/tests/PySys/software_management_end_to_end/sm_apt_install_remove_multiple_mixed/run.py&quot;, line 89, in execute
    self.wait_until_succcess()
  File &quot;/home/pi/actions-runner/_work/thin-edge.io/thin-edge.io/tests/PySys/software_management_end_to_end/environment_sm_management.py&quot;, line 324, in wait_until_succcess
    self.wait_until_status(&quot;SUCCESSFUL&quot;)
  File &quot;/home/pi/actions-runner/_work/thin-edge.io/thin-edge.io/tests/PySys/software_management_end_to_end/environment_sm_management.py&quot;, line 381, in wait_until_status
    &quot;Timeout while waiting for status %s or %s&quot; % (status, status2)
SystemError: Timeout while waiting for status SUCCESSFUL or False
05:05:06 WARN  SystemError: Timeout while waiting for status SUCCESSFUL or False ... blocked 
05:05:06 INFO  
05:05:06 INFO  cleanup:
05:05:10 INFO  Executed sudo&lt;tedge_disconnect_c8y&gt;, exit status 0
05:05:11 INFO  Executed systemctl&lt;serv_mapper5&gt;, exit status 3
05:05:11 INFO  
05:05:11 INFO  Test duration: 178.93 secs
05:05:11 INFO  Test final outcome:  BLOCKED
05:05:11 INFO  Test outcome reason: SystemError: Timeout while waiting for status SUCCESSFUL or False (+1 other failures)
05:05:11 INFO  
</system-out>
	</testcase>
</testsuite>
