<?xml version="1.0" encoding="utf-8"?>
<testsuite failures="1" name="SoftwareManagement.sm_apt_install_remove_multiple" skipped="0" tests="1" time="136.11" timestamp="2022-07-21T21:08:25">
	<testcase classname="PySysTest" name="SoftwareManagement.sm_apt_install_remove_multiple">
		<failure message="FAILED: Assert that (False == value) with value=True (+2 other failures)" type="FAILED"/>
		<system-out>21:06:09 INFO  ==============================================================
21:06:09 INFO  Id:    SoftwareManagement.sm_apt_install_remove_multiple
21:06:09 INFO  Dir:   software_management_end_to_end/
21:06:09 INFO  Title: Validate end to end behaviour for the apt plugin for multiple packages
21:06:09 INFO  ==============================================================
21:06:09 INFO  Using sw id database: {'asciijump': '5475369', 'robotfindskitten': '5474869', 'squirrel3': '5475279', 'rolldice': '5152439', 'moon-buggy': '5439204', 'apple': '5495053', 'banana': '5494888', 'cherry': '5495382', 'watermelon': '5494510', 'registry': '8018911', 'hello-world': '8021526', 'docker/getting-started': '8021973', 'alpine': '7991792'}
21:06:09 INFO  EnvironmentC8y Setup
21:06:09 INFO  Executed systemctl&lt;serv_mapper1&gt;, exit status 3
21:06:09 INFO  Restarting mosquitto too frequently in the last 10 seconds. It was only up for 5 seconds
21:06:09 INFO  Delaying execution by 6 seconds
21:06:29 INFO  Executed sudo&lt;tedge_connect_c8y&gt;, exit status 0, duration 13 secs
21:06:30 INFO  Executed sudo&lt;tedge_connect_c8y_test&gt;, exit status 0
21:06:31 INFO  Executed systemctl&lt;serv_mosq2&gt;, exit status 0
21:06:31 INFO  Executed systemctl&lt;serv_mapper3&gt;, exit status 0
21:06:33 INFO  State of current operation: SUCCESSFUL
21:06:34 INFO  Assert that (False == value) with value=False ... passed
21:06:34 INFO  Package asciijump is installed
21:06:34 WARN  Assert that (False == value) with value=True ... failed 
21:06:34 INFO  Package squirrel3 is installed
21:06:34 WARN  Assert that (False == value) with value=True ... failed 
21:06:35 INFO  Package robotfindskitten is installed
21:06:35 WARN  Assert that (False == value) with value=True ... failed 
21:06:35 INFO  Response status: 201
21:06:35 INFO  Response to action: {
    &quot;creationTime&quot;: &quot;2022-07-21T21:06:35.346Z&quot;,
    &quot;deviceId&quot;: &quot;21164556&quot;,
    &quot;deviceName&quot;: &quot;m32sd10a&quot;,
    &quot;self&quot;: &quot;https://t493319102.eu-latest.cumulocity.com/devicecontrol/operations/21187975&quot;,
    &quot;id&quot;: &quot;21187975&quot;,
    &quot;status&quot;: &quot;PENDING&quot;,
    &quot;description&quot;: &quot;Apply software changes, triggered from PySys: [{'action': 'install', 'id': '5475369', 'name': 'asciijump', 'url': ' ', 'version': '::apt'}, {'action': 'install', 'id': '5474869', 'name': 'robotfindskitten', 'url': ' ', 'version': '::apt'}, {'action': 'install', 'id': '5475279', 'name': 'squirrel3', 'url': ' ', 'version': '::apt'}]&quot;,
    &quot;c8y_SoftwareUpdate&quot;: [
        {
            &quot;name&quot;: &quot;asciijump&quot;,
            &quot;action&quot;: &quot;install&quot;,
            &quot;id&quot;: &quot;5475369&quot;,
            &quot;version&quot;: &quot;::apt&quot;,
            &quot;url&quot;: &quot; &quot;
        },
        {
            &quot;name&quot;: &quot;robotfindskitten&quot;,
            &quot;action&quot;: &quot;install&quot;,
            &quot;id&quot;: &quot;5474869&quot;,
            &quot;version&quot;: &quot;::apt&quot;,
            &quot;url&quot;: &quot; &quot;
        },
        {
            &quot;name&quot;: &quot;squirrel3&quot;,
            &quot;action&quot;: &quot;install&quot;,
            &quot;id&quot;: &quot;5475279&quot;,
            &quot;version&quot;: &quot;::apt&quot;,
            &quot;url&quot;: &quot; &quot;
        }
    ]
}
21:06:35 INFO  Started operation: {'creationTime': '2022-07-21T21:06:35.346Z', 'deviceId': '21164556', 'deviceName': 'm32sd10a', 'self': 'https://t493319102.eu-latest.cumulocity.com/devicecontrol/operations/21187975', 'id': '21187975', 'status': 'PENDING', 'description': &quot;Apply software changes, triggered from PySys: [{'action': 'install', 'id': '5475369', 'name': 'asciijump', 'url': ' ', 'version': '::apt'}, {'action': 'install', 'id': '5474869', 'name': 'robotfindskitten', 'url': ' ', 'version': '::apt'}, {'action': 'install', 'id': '5475279', 'name': 'squirrel3', 'url': ' ', 'version': '::apt'}]&quot;, 'c8y_SoftwareUpdate': [{'name': 'asciijump', 'action': 'install', 'id': '5475369', 'version': '::apt', 'url': ' '}, {'name': 'robotfindskitten', 'action': 'install', 'id': '5474869', 'version': '::apt', 'url': ' '}, {'name': 'squirrel3', 'action': 'install', 'id': '5475279', 'version': '::apt', 'url': ' '}]}
21:06:37 INFO  State of operation 21187975 : PENDING
21:06:39 INFO  State of operation 21187975 : EXECUTING
21:06:42 INFO  State of operation 21187975 : EXECUTING
21:06:44 INFO  State of operation 21187975 : EXECUTING
21:06:46 INFO  State of operation 21187975 : EXECUTING
21:06:48 INFO  State of operation 21187975 : EXECUTING
21:06:51 INFO  State of operation 21187975 : EXECUTING
21:06:54 INFO  State of operation 21187975 : EXECUTING
21:06:57 INFO  State of operation 21187975 : EXECUTING
21:07:00 INFO  State of operation 21187975 : EXECUTING
21:07:02 INFO  State of operation 21187975 : EXECUTING
21:07:04 INFO  State of operation 21187975 : EXECUTING
21:07:06 INFO  State of operation 21187975 : EXECUTING
21:07:09 INFO  State of operation 21187975 : EXECUTING
21:07:11 INFO  State of operation 21187975 : SUCCESSFUL
21:07:11 INFO  Assert that (False == value) with value=False ... passed
21:07:11 INFO  Package asciijump is installed
21:07:11 INFO  Assert that (True == value) with value=True ... passed
21:07:11 INFO  Package squirrel3 is installed
21:07:11 INFO  Assert that (True == value) with value=True ... passed
21:07:12 INFO  Package robotfindskitten is installed
21:07:12 INFO  Assert that (True == value) with value=True ... passed
21:07:12 INFO  Response status: 201
21:07:12 INFO  Response to action: {
    &quot;creationTime&quot;: &quot;2022-07-21T21:07:12.377Z&quot;,
    &quot;deviceId&quot;: &quot;21164556&quot;,
    &quot;deviceName&quot;: &quot;m32sd10a&quot;,
    &quot;self&quot;: &quot;https://t493319102.eu-latest.cumulocity.com/devicecontrol/operations/21187977&quot;,
    &quot;id&quot;: &quot;21187977&quot;,
    &quot;status&quot;: &quot;PENDING&quot;,
    &quot;description&quot;: &quot;Apply software changes, triggered from PySys: [{'action': 'delete', 'id': '5475369', 'name': 'asciijump', 'url': ' ', 'version': '::apt'}, {'action': 'delete', 'id': '5474869', 'name': 'robotfindskitten', 'url': ' ', 'version': '::apt'}, {'action': 'delete', 'id': '5475279', 'name': 'squirrel3', 'url': ' ', 'version': '::apt'}]&quot;,
    &quot;c8y_SoftwareUpdate&quot;: [
        {
            &quot;name&quot;: &quot;asciijump&quot;,
            &quot;action&quot;: &quot;delete&quot;,
            &quot;id&quot;: &quot;5475369&quot;,
            &quot;version&quot;: &quot;::apt&quot;,
            &quot;url&quot;: &quot; &quot;
        },
        {
            &quot;name&quot;: &quot;robotfindskitten&quot;,
            &quot;action&quot;: &quot;delete&quot;,
            &quot;id&quot;: &quot;5474869&quot;,
            &quot;version&quot;: &quot;::apt&quot;,
            &quot;url&quot;: &quot; &quot;
        },
        {
            &quot;name&quot;: &quot;squirrel3&quot;,
            &quot;action&quot;: &quot;delete&quot;,
            &quot;id&quot;: &quot;5475279&quot;,
            &quot;version&quot;: &quot;::apt&quot;,
            &quot;url&quot;: &quot; &quot;
        }
    ]
}
21:07:12 INFO  Started operation: {'creationTime': '2022-07-21T21:07:12.377Z', 'deviceId': '21164556', 'deviceName': 'm32sd10a', 'self': 'https://t493319102.eu-latest.cumulocity.com/devicecontrol/operations/21187977', 'id': '21187977', 'status': 'PENDING', 'description': &quot;Apply software changes, triggered from PySys: [{'action': 'delete', 'id': '5475369', 'name': 'asciijump', 'url': ' ', 'version': '::apt'}, {'action': 'delete', 'id': '5474869', 'name': 'robotfindskitten', 'url': ' ', 'version': '::apt'}, {'action': 'delete', 'id': '5475279', 'name': 'squirrel3', 'url': ' ', 'version': '::apt'}]&quot;, 'c8y_SoftwareUpdate': [{'name': 'asciijump', 'action': 'delete', 'id': '5475369', 'version': '::apt', 'url': ' '}, {'name': 'robotfindskitten', 'action': 'delete', 'id': '5474869', 'version': '::apt', 'url': ' '}, {'name': 'squirrel3', 'action': 'delete', 'id': '5475279', 'version': '::apt', 'url': ' '}]}
21:07:14 INFO  State of operation 21187977 : PENDING
21:07:16 INFO  State of operation 21187977 : EXECUTING
21:07:19 INFO  State of operation 21187977 : EXECUTING
21:07:21 INFO  State of operation 21187977 : EXECUTING
21:07:23 INFO  State of operation 21187977 : EXECUTING
21:07:25 INFO  State of operation 21187977 : EXECUTING
21:07:28 INFO  State of operation 21187977 : EXECUTING
21:07:31 INFO  State of operation 21187977 : EXECUTING
21:07:33 INFO  State of operation 21187977 : EXECUTING
21:07:35 INFO  State of operation 21187977 : EXECUTING
21:07:38 INFO  State of operation 21187977 : EXECUTING
21:07:40 INFO  State of operation 21187977 : EXECUTING
21:07:42 INFO  State of operation 21187977 : EXECUTING
21:07:44 INFO  State of operation 21187977 : EXECUTING
21:07:47 INFO  State of operation 21187977 : EXECUTING
21:07:49 INFO  State of operation 21187977 : EXECUTING
21:07:51 INFO  State of operation 21187977 : EXECUTING
21:07:53 INFO  State of operation 21187977 : EXECUTING
21:07:56 INFO  State of operation 21187977 : EXECUTING
21:07:59 INFO  State of operation 21187977 : EXECUTING
21:08:01 INFO  State of operation 21187977 : EXECUTING
21:08:03 INFO  State of operation 21187977 : EXECUTING
21:08:05 INFO  State of operation 21187977 : EXECUTING
21:08:08 INFO  State of operation 21187977 : EXECUTING
21:08:10 INFO  State of operation 21187977 : EXECUTING
21:08:13 INFO  State of operation 21187977 : EXECUTING
21:08:15 INFO  State of operation 21187977 : EXECUTING
21:08:17 INFO  State of operation 21187977 : EXECUTING
21:08:19 INFO  State of operation 21187977 : SUCCESSFUL
21:08:20 INFO  Assert that (False == value) with value=False ... passed
21:08:20 INFO  Assert that (False == value) with value=False ... passed
21:08:20 INFO  Assert that (False == value) with value=False ... passed
21:08:20 INFO  Assert that (False == value) with value=False ... passed
21:08:20 INFO  
21:08:20 INFO  cleanup:
21:08:24 INFO  Executed sudo&lt;tedge_disconnect_c8y&gt;, exit status 0
21:08:25 INFO  Executed systemctl&lt;serv_mapper5&gt;, exit status 3
21:08:25 INFO  
21:08:25 INFO  Test duration: 136.11 secs
21:08:25 INFO  Test final outcome:  FAILED
21:08:25 INFO  Test outcome reason: Assert that (False == value) with value=True (+2 other failures)
21:08:25 INFO  
</system-out>
	</testcase>
</testsuite>
