<?xml version="1.0" encoding="utf-8"?>
<testsuite failures="1" name="SoftwareManagement.sm_apt_install_remove_multiple" skipped="0" tests="1" time="138.01" timestamp="2022-06-22T10:54:27">
	<testcase classname="PySysTest" name="SoftwareManagement.sm_apt_install_remove_multiple">
		<failure message="FAILED: Assert that (False == value) with value=True (+2 other failures)" type="FAILED"/>
		<system-out>10:52:09 INFO  ==============================================================
10:52:09 INFO  Id:    SoftwareManagement.sm_apt_install_remove_multiple
10:52:09 INFO  Dir:   software_management_end_to_end/
10:52:09 INFO  Title: Validate end to end behaviour for the apt plugin for multiple packages
10:52:09 INFO  ==============================================================
10:52:09 INFO  Using sw id database: {'asciijump': '5475369', 'robotfindskitten': '5474869', 'squirrel3': '5475279', 'rolldice': '5152439', 'moon-buggy': '5439204', 'apple': '5495053', 'banana': '5494888', 'cherry': '5495382', 'watermelon': '5494510', 'registry': '8018911', 'hello-world': '8021526', 'docker/getting-started': '8021973', 'alpine': '7991792'}
10:52:09 INFO  EnvironmentC8y Setup
10:52:09 INFO  Executed systemctl&lt;serv_mapper1&gt;, exit status 3
10:52:09 INFO  Restarting mosquitto too frequently in the last 10 seconds. It was only up for 5 seconds
10:52:09 INFO  Delaying execution by 6 seconds
10:52:30 INFO  Executed sudo&lt;tedge_connect_c8y&gt;, exit status 0, duration 14 secs
10:52:30 INFO  Executed sudo&lt;tedge_connect_c8y_test&gt;, exit status 0
10:52:31 INFO  Executed systemctl&lt;serv_mosq2&gt;, exit status 0
10:52:31 INFO  Executed systemctl&lt;serv_mapper3&gt;, exit status 0
10:52:33 INFO  State of current operation: SUCCESSFUL
10:52:34 INFO  Assert that (False == value) with value=False ... passed
10:52:34 INFO  Package asciijump is installed
10:52:34 WARN  Assert that (False == value) with value=True ... failed 
10:52:34 INFO  Package squirrel3 is installed
10:52:34 WARN  Assert that (False == value) with value=True ... failed 
10:52:35 INFO  Package robotfindskitten is installed
10:52:35 WARN  Assert that (False == value) with value=True ... failed 
10:52:35 INFO  Response status: 201
10:52:35 INFO  Response to action: {
    &quot;delivery&quot;: {
        &quot;log&quot;: [],
        &quot;time&quot;: &quot;2022-06-22T10:52:35.429Z&quot;,
        &quot;status&quot;: &quot;PENDING&quot;
    },
    &quot;creationTime&quot;: &quot;2022-06-22T10:52:35.412Z&quot;,
    &quot;deviceName&quot;: &quot;m32sd10a&quot;,
    &quot;deviceId&quot;: &quot;20353977&quot;,
    &quot;self&quot;: &quot;https://t493319102.eu-latest.cumulocity.com/devicecontrol/operations/20403596&quot;,
    &quot;id&quot;: &quot;20403596&quot;,
    &quot;status&quot;: &quot;PENDING&quot;,
    &quot;description&quot;: &quot;Apply software changes, triggered from PySys: [{'action': 'install', 'id': '5475369', 'name': 'asciijump', 'url': ' ', 'version': '::apt'}, {'action': 'install', 'id': '5474869', 'name': 'robotfindskitten', 'url': ' ', 'version': '::apt'}, {'action': 'install', 'id': '5475279', 'name': 'squirrel3', 'url': ' ', 'version': '::apt'}]&quot;,
    &quot;c8y_SoftwareUpdate&quot;: [
        {
            &quot;name&quot;: &quot;asciijump&quot;,
            &quot;action&quot;: &quot;install&quot;,
            &quot;id&quot;: &quot;5475369&quot;,
            &quot;version&quot;: &quot;::apt&quot;,
            &quot;url&quot;: &quot; &quot;
        },
        {
            &quot;name&quot;: &quot;robotfindskitten&quot;,
            &quot;action&quot;: &quot;install&quot;,
            &quot;id&quot;: &quot;5474869&quot;,
            &quot;version&quot;: &quot;::apt&quot;,
            &quot;url&quot;: &quot; &quot;
        },
        {
            &quot;name&quot;: &quot;squirrel3&quot;,
            &quot;action&quot;: &quot;install&quot;,
            &quot;id&quot;: &quot;5475279&quot;,
            &quot;version&quot;: &quot;::apt&quot;,
            &quot;url&quot;: &quot; &quot;
        }
    ]
}
10:52:35 INFO  Started operation: {'delivery': {'log': [], 'time': '2022-06-22T10:52:35.429Z', 'status': 'PENDING'}, 'creationTime': '2022-06-22T10:52:35.412Z', 'deviceName': 'm32sd10a', 'deviceId': '20353977', 'self': 'https://t493319102.eu-latest.cumulocity.com/devicecontrol/operations/20403596', 'id': '20403596', 'status': 'PENDING', 'description': &quot;Apply software changes, triggered from PySys: [{'action': 'install', 'id': '5475369', 'name': 'asciijump', 'url': ' ', 'version': '::apt'}, {'action': 'install', 'id': '5474869', 'name': 'robotfindskitten', 'url': ' ', 'version': '::apt'}, {'action': 'install', 'id': '5475279', 'name': 'squirrel3', 'url': ' ', 'version': '::apt'}]&quot;, 'c8y_SoftwareUpdate': [{'name': 'asciijump', 'action': 'install', 'id': '5475369', 'version': '::apt', 'url': ' '}, {'name': 'robotfindskitten', 'action': 'install', 'id': '5474869', 'version': '::apt', 'url': ' '}, {'name': 'squirrel3', 'action': 'install', 'id': '5475279', 'version': '::apt', 'url': ' '}]}
10:52:37 INFO  State of operation 20403596 : PENDING
10:52:39 INFO  State of operation 20403596 : EXECUTING
10:52:42 INFO  State of operation 20403596 : EXECUTING
10:52:44 INFO  State of operation 20403596 : EXECUTING
10:52:46 INFO  State of operation 20403596 : EXECUTING
10:52:48 INFO  State of operation 20403596 : EXECUTING
10:52:51 INFO  State of operation 20403596 : EXECUTING
10:52:54 INFO  State of operation 20403596 : EXECUTING
10:52:57 INFO  State of operation 20403596 : EXECUTING
10:52:59 INFO  State of operation 20403596 : EXECUTING
10:53:01 INFO  State of operation 20403596 : EXECUTING
10:53:03 INFO  State of operation 20403596 : EXECUTING
10:53:06 INFO  State of operation 20403596 : EXECUTING
10:53:08 INFO  State of operation 20403596 : EXECUTING
10:53:10 INFO  State of operation 20403596 : EXECUTING
10:53:12 INFO  State of operation 20403596 : SUCCESSFUL
10:53:12 INFO  Assert that (False == value) with value=False ... passed
10:53:13 INFO  Package asciijump is installed
10:53:13 INFO  Assert that (True == value) with value=True ... passed
10:53:13 INFO  Package squirrel3 is installed
10:53:13 INFO  Assert that (True == value) with value=True ... passed
10:53:13 INFO  Package robotfindskitten is installed
10:53:13 INFO  Assert that (True == value) with value=True ... passed
10:53:13 INFO  Response status: 201
10:53:13 INFO  Response to action: {
    &quot;delivery&quot;: {
        &quot;log&quot;: [],
        &quot;time&quot;: &quot;2022-06-22T10:53:13.852Z&quot;,
        &quot;status&quot;: &quot;PENDING&quot;
    },
    &quot;creationTime&quot;: &quot;2022-06-22T10:53:13.837Z&quot;,
    &quot;deviceName&quot;: &quot;m32sd10a&quot;,
    &quot;deviceId&quot;: &quot;20353977&quot;,
    &quot;self&quot;: &quot;https://t493319102.eu-latest.cumulocity.com/devicecontrol/operations/20403608&quot;,
    &quot;id&quot;: &quot;20403608&quot;,
    &quot;status&quot;: &quot;PENDING&quot;,
    &quot;description&quot;: &quot;Apply software changes, triggered from PySys: [{'action': 'delete', 'id': '5475369', 'name': 'asciijump', 'url': ' ', 'version': '::apt'}, {'action': 'delete', 'id': '5474869', 'name': 'robotfindskitten', 'url': ' ', 'version': '::apt'}, {'action': 'delete', 'id': '5475279', 'name': 'squirrel3', 'url': ' ', 'version': '::apt'}]&quot;,
    &quot;c8y_SoftwareUpdate&quot;: [
        {
            &quot;name&quot;: &quot;asciijump&quot;,
            &quot;action&quot;: &quot;delete&quot;,
            &quot;id&quot;: &quot;5475369&quot;,
            &quot;version&quot;: &quot;::apt&quot;,
            &quot;url&quot;: &quot; &quot;
        },
        {
            &quot;name&quot;: &quot;robotfindskitten&quot;,
            &quot;action&quot;: &quot;delete&quot;,
            &quot;id&quot;: &quot;5474869&quot;,
            &quot;version&quot;: &quot;::apt&quot;,
            &quot;url&quot;: &quot; &quot;
        },
        {
            &quot;name&quot;: &quot;squirrel3&quot;,
            &quot;action&quot;: &quot;delete&quot;,
            &quot;id&quot;: &quot;5475279&quot;,
            &quot;version&quot;: &quot;::apt&quot;,
            &quot;url&quot;: &quot; &quot;
        }
    ]
}
10:53:13 INFO  Started operation: {'delivery': {'log': [], 'time': '2022-06-22T10:53:13.852Z', 'status': 'PENDING'}, 'creationTime': '2022-06-22T10:53:13.837Z', 'deviceName': 'm32sd10a', 'deviceId': '20353977', 'self': 'https://t493319102.eu-latest.cumulocity.com/devicecontrol/operations/20403608', 'id': '20403608', 'status': 'PENDING', 'description': &quot;Apply software changes, triggered from PySys: [{'action': 'delete', 'id': '5475369', 'name': 'asciijump', 'url': ' ', 'version': '::apt'}, {'action': 'delete', 'id': '5474869', 'name': 'robotfindskitten', 'url': ' ', 'version': '::apt'}, {'action': 'delete', 'id': '5475279', 'name': 'squirrel3', 'url': ' ', 'version': '::apt'}]&quot;, 'c8y_SoftwareUpdate': [{'name': 'asciijump', 'action': 'delete', 'id': '5475369', 'version': '::apt', 'url': ' '}, {'name': 'robotfindskitten', 'action': 'delete', 'id': '5474869', 'version': '::apt', 'url': ' '}, {'name': 'squirrel3', 'action': 'delete', 'id': '5475279', 'version': '::apt', 'url': ' '}]}
10:53:16 INFO  State of operation 20403608 : PENDING
10:53:18 INFO  State of operation 20403608 : EXECUTING
10:53:20 INFO  State of operation 20403608 : EXECUTING
10:53:22 INFO  State of operation 20403608 : EXECUTING
10:53:24 INFO  State of operation 20403608 : EXECUTING
10:53:27 INFO  State of operation 20403608 : EXECUTING
10:53:29 INFO  State of operation 20403608 : EXECUTING
10:53:32 INFO  State of operation 20403608 : EXECUTING
10:53:35 INFO  State of operation 20403608 : EXECUTING
10:53:37 INFO  State of operation 20403608 : EXECUTING
10:53:39 INFO  State of operation 20403608 : EXECUTING
10:53:41 INFO  State of operation 20403608 : EXECUTING
10:53:44 INFO  State of operation 20403608 : EXECUTING
10:53:46 INFO  State of operation 20403608 : EXECUTING
10:53:48 INFO  State of operation 20403608 : EXECUTING
10:53:51 INFO  State of operation 20403608 : EXECUTING
10:53:53 INFO  State of operation 20403608 : EXECUTING
10:53:55 INFO  State of operation 20403608 : EXECUTING
10:53:58 INFO  State of operation 20403608 : EXECUTING
10:54:00 INFO  State of operation 20403608 : EXECUTING
10:54:03 INFO  State of operation 20403608 : EXECUTING
10:54:05 INFO  State of operation 20403608 : EXECUTING
10:54:07 INFO  State of operation 20403608 : EXECUTING
10:54:09 INFO  State of operation 20403608 : EXECUTING
10:54:11 INFO  State of operation 20403608 : EXECUTING
10:54:14 INFO  State of operation 20403608 : EXECUTING
10:54:17 INFO  State of operation 20403608 : EXECUTING
10:54:19 INFO  State of operation 20403608 : EXECUTING
10:54:21 INFO  State of operation 20403608 : SUCCESSFUL
10:54:21 INFO  Assert that (False == value) with value=False ... passed
10:54:22 INFO  Assert that (False == value) with value=False ... passed
10:54:22 INFO  Assert that (False == value) with value=False ... passed
10:54:22 INFO  Assert that (False == value) with value=False ... passed
10:54:22 INFO  
10:54:22 INFO  cleanup:
10:54:26 INFO  Executed sudo&lt;tedge_disconnect_c8y&gt;, exit status 0
10:54:27 INFO  Executed systemctl&lt;serv_mapper5&gt;, exit status 3
10:54:27 INFO  
10:54:27 INFO  Test duration: 138.01 secs
10:54:27 INFO  Test final outcome:  FAILED
10:54:27 INFO  Test outcome reason: Assert that (False == value) with value=True (+2 other failures)
10:54:27 INFO  
</system-out>
	</testcase>
</testsuite>
