<?xml version="1.0" encoding="utf-8"?>
<testsuite failures="1" name="SoftwareManagement.sm_mixed_install_remove_multiple" skipped="0" tests="1" time="167.88" timestamp="2022-05-25T14:17:56">
	<testcase classname="PySysTest" name="SoftwareManagement.sm_mixed_install_remove_multiple">
		<failure message="BLOCKED: SystemError: Timeout while waiting for status FAILED or SUCCESSFUL" type="BLOCKED"/>
		<system-out>14:15:08 INFO  ==============================================================
14:15:08 INFO  Id:    SoftwareManagement.sm_mixed_install_remove_multiple
14:15:08 INFO  Dir:   software_management_end_to_end/
14:15:08 INFO  Title: Validate end to end behaviour for the dummy-plugin for multiple packages with mixed versions
14:15:08 INFO  ==============================================================
14:15:08 INFO  Using sw id database: {'asciijump': '5475369', 'robotfindskitten': '5474869', 'squirrel3': '5475279', 'rolldice': '5152439', 'moon-buggy': '5439204', 'apple': '5495053', 'banana': '5494888', 'cherry': '5495382', 'watermelon': '5494510', 'registry': '8018911', 'hello-world': '8021526', 'docker/getting-started': '8021973', 'alpine': '7991792'}
14:15:08 INFO  EnvironmentC8y Setup
14:15:08 INFO  Executed systemctl&lt;serv_mapper1&gt;, exit status 3
14:15:08 INFO  Restarting mosquitto too frequently in the last 10 seconds. It was only up for 4 seconds
14:15:08 INFO  Delaying execution by 7 seconds
14:15:30 INFO  Executed sudo&lt;tedge_connect_c8y&gt;, exit status 0, duration 14 secs
14:15:30 INFO  Executed sudo&lt;tedge_connect_c8y_test&gt;, exit status 0
14:15:31 INFO  Executed systemctl&lt;serv_mosq2&gt;, exit status 0
14:15:31 INFO  Executed systemctl&lt;serv_mapper3&gt;, exit status 0
14:15:33 INFO  State of current operation: PENDING
14:15:36 INFO  State of current operation: PENDING
14:15:38 INFO  State of current operation: PENDING
14:15:41 INFO  State of current operation: PENDING
14:15:43 INFO  State of current operation: PENDING
14:15:45 INFO  State of current operation: PENDING
14:15:48 INFO  State of current operation: PENDING
14:15:50 INFO  State of current operation: PENDING
14:15:52 INFO  State of current operation: PENDING
14:15:54 INFO  State of current operation: PENDING
14:15:56 INFO  State of current operation: PENDING
14:15:59 INFO  State of current operation: PENDING
14:16:01 INFO  State of current operation: PENDING
14:16:03 INFO  State of current operation: PENDING
14:16:05 INFO  State of current operation: PENDING
14:16:08 INFO  State of current operation: PENDING
14:16:10 INFO  State of current operation: PENDING
14:16:12 INFO  State of current operation: PENDING
14:16:14 INFO  State of current operation: PENDING
14:16:17 INFO  State of current operation: PENDING
14:16:19 INFO  State of current operation: PENDING
14:16:21 INFO  State of current operation: PENDING
14:16:23 INFO  State of current operation: PENDING
14:16:26 INFO  State of current operation: PENDING
14:16:28 INFO  State of current operation: PENDING
14:16:30 INFO  State of current operation: PENDING
14:16:32 INFO  State of current operation: PENDING
14:16:35 INFO  State of current operation: PENDING
14:16:37 INFO  State of current operation: PENDING
14:16:39 INFO  State of current operation: PENDING
14:16:42 INFO  State of current operation: PENDING
14:16:44 INFO  State of current operation: PENDING
14:16:46 INFO  State of current operation: PENDING
14:16:48 INFO  State of current operation: PENDING
14:16:51 INFO  State of current operation: PENDING
14:16:53 INFO  State of current operation: PENDING
14:16:55 INFO  State of current operation: PENDING
14:16:57 INFO  State of current operation: PENDING
14:16:59 INFO  State of current operation: PENDING
14:17:02 INFO  State of current operation: PENDING
14:17:04 INFO  State of current operation: PENDING
14:17:06 INFO  State of current operation: PENDING
14:17:08 INFO  State of current operation: PENDING
14:17:11 INFO  State of current operation: PENDING
14:17:13 INFO  State of current operation: PENDING
14:17:15 INFO  State of current operation: PENDING
14:17:17 INFO  State of current operation: PENDING
14:17:20 INFO  State of current operation: PENDING
14:17:22 INFO  State of current operation: PENDING
14:17:24 INFO  State of current operation: PENDING
14:17:26 INFO  State of current operation: PENDING
14:17:29 INFO  State of current operation: PENDING
14:17:31 INFO  State of current operation: PENDING
14:17:33 INFO  State of current operation: PENDING
14:17:35 INFO  State of current operation: PENDING
14:17:38 INFO  State of current operation: PENDING
14:17:40 INFO  State of current operation: PENDING
14:17:42 INFO  State of current operation: PENDING
14:17:44 INFO  State of current operation: PENDING
14:17:46 INFO  State of current operation: PENDING
14:17:49 INFO  State of current operation: PENDING
14:17:51 WARN  SystemError occurred while running test - Timeout while waiting for status FAILED or SUCCESSFUL
Traceback (most recent call last):
  File &quot;/home/pi/env-pysys/lib/python3.7/site-packages/pysys/baserunner.py&quot;, line 1292, in __call__
    self.testObj.setup()
  File &quot;/home/pi/actions-runner/_work/thin-edge.io/thin-edge.io/tests/PySys/software_management_end_to_end/sm_mixed_install_remove_multiple/run.py&quot;, line 83, in setup
    super().setup()
  File &quot;/home/pi/actions-runner/_work/thin-edge.io/thin-edge.io/tests/PySys/software_management_end_to_end/environment_sm_management.py&quot;, line 151, in setup
    self.wait_until_end()
  File &quot;/home/pi/actions-runner/_work/thin-edge.io/thin-edge.io/tests/PySys/software_management_end_to_end/environment_sm_management.py&quot;, line 332, in wait_until_end
    self.wait_until_status(&quot;FAILED&quot;, &quot;SUCCESSFUL&quot;)
  File &quot;/home/pi/actions-runner/_work/thin-edge.io/thin-edge.io/tests/PySys/software_management_end_to_end/environment_sm_management.py&quot;, line 381, in wait_until_status
    &quot;Timeout while waiting for status %s or %s&quot; % (status, status2)
SystemError: Timeout while waiting for status FAILED or SUCCESSFUL
14:17:51 WARN  SystemError: Timeout while waiting for status FAILED or SUCCESSFUL ... blocked 
14:17:51 INFO  
14:17:51 INFO  cleanup:
14:17:55 INFO  Executed sudo&lt;tedge_disconnect_c8y&gt;, exit status 0
14:17:56 INFO  Executed systemctl&lt;serv_mapper5&gt;, exit status 3
14:17:56 INFO  
14:17:56 INFO  Test duration: 167.88 secs
14:17:56 INFO  Test final outcome:  BLOCKED
14:17:56 INFO  Test outcome reason: SystemError: Timeout while waiting for status FAILED or SUCCESSFUL
14:17:56 INFO  
</system-out>
	</testcase>
</testsuite>
