<?xml version="1.0" encoding="utf-8"?>
<testsuite failures="1" name="SoftwareManagement.sm_apt_install_remove_multiple" skipped="0" tests="1" time="138.05" timestamp="2022-07-21T19:37:54">
	<testcase classname="PySysTest" name="SoftwareManagement.sm_apt_install_remove_multiple">
		<failure message="FAILED: Assert that (False == value) with value=True (+2 other failures)" type="FAILED"/>
		<system-out>19:35:36 INFO  ==============================================================
19:35:36 INFO  Id:    SoftwareManagement.sm_apt_install_remove_multiple
19:35:36 INFO  Dir:   software_management_end_to_end/
19:35:36 INFO  Title: Validate end to end behaviour for the apt plugin for multiple packages
19:35:36 INFO  ==============================================================
19:35:36 INFO  Using sw id database: {'asciijump': '5475369', 'robotfindskitten': '5474869', 'squirrel3': '5475279', 'rolldice': '5152439', 'moon-buggy': '5439204', 'apple': '5495053', 'banana': '5494888', 'cherry': '5495382', 'watermelon': '5494510', 'registry': '8018911', 'hello-world': '8021526', 'docker/getting-started': '8021973', 'alpine': '7991792'}
19:35:36 INFO  EnvironmentC8y Setup
19:35:36 INFO  Executed systemctl&lt;serv_mapper1&gt;, exit status 3
19:35:36 INFO  Restarting mosquitto too frequently in the last 10 seconds. It was only up for 5 seconds
19:35:36 INFO  Delaying execution by 6 seconds
19:35:57 INFO  Executed sudo&lt;tedge_connect_c8y&gt;, exit status 0, duration 14 secs
19:35:57 INFO  Executed sudo&lt;tedge_connect_c8y_test&gt;, exit status 0
19:35:58 INFO  Executed systemctl&lt;serv_mosq2&gt;, exit status 0
19:35:58 INFO  Executed systemctl&lt;serv_mapper3&gt;, exit status 0
19:36:00 INFO  State of current operation: SUCCESSFUL
19:36:01 INFO  Assert that (False == value) with value=False ... passed
19:36:01 INFO  Package asciijump is installed
19:36:01 WARN  Assert that (False == value) with value=True ... failed 
19:36:01 INFO  Package squirrel3 is installed
19:36:01 WARN  Assert that (False == value) with value=True ... failed 
19:36:02 INFO  Package robotfindskitten is installed
19:36:02 WARN  Assert that (False == value) with value=True ... failed 
19:36:02 INFO  Response status: 201
19:36:02 INFO  Response to action: {
    &quot;creationTime&quot;: &quot;2022-07-21T19:36:02.377Z&quot;,
    &quot;deviceId&quot;: &quot;21164556&quot;,
    &quot;deviceName&quot;: &quot;m32sd10a&quot;,
    &quot;self&quot;: &quot;https://t493319102.eu-latest.cumulocity.com/devicecontrol/operations/21172734&quot;,
    &quot;id&quot;: &quot;21172734&quot;,
    &quot;status&quot;: &quot;PENDING&quot;,
    &quot;description&quot;: &quot;Apply software changes, triggered from PySys: [{'action': 'install', 'id': '5475369', 'name': 'asciijump', 'url': ' ', 'version': '::apt'}, {'action': 'install', 'id': '5474869', 'name': 'robotfindskitten', 'url': ' ', 'version': '::apt'}, {'action': 'install', 'id': '5475279', 'name': 'squirrel3', 'url': ' ', 'version': '::apt'}]&quot;,
    &quot;c8y_SoftwareUpdate&quot;: [
        {
            &quot;name&quot;: &quot;asciijump&quot;,
            &quot;action&quot;: &quot;install&quot;,
            &quot;id&quot;: &quot;5475369&quot;,
            &quot;version&quot;: &quot;::apt&quot;,
            &quot;url&quot;: &quot; &quot;
        },
        {
            &quot;name&quot;: &quot;robotfindskitten&quot;,
            &quot;action&quot;: &quot;install&quot;,
            &quot;id&quot;: &quot;5474869&quot;,
            &quot;version&quot;: &quot;::apt&quot;,
            &quot;url&quot;: &quot; &quot;
        },
        {
            &quot;name&quot;: &quot;squirrel3&quot;,
            &quot;action&quot;: &quot;install&quot;,
            &quot;id&quot;: &quot;5475279&quot;,
            &quot;version&quot;: &quot;::apt&quot;,
            &quot;url&quot;: &quot; &quot;
        }
    ]
}
19:36:02 INFO  Started operation: {'creationTime': '2022-07-21T19:36:02.377Z', 'deviceId': '21164556', 'deviceName': 'm32sd10a', 'self': 'https://t493319102.eu-latest.cumulocity.com/devicecontrol/operations/21172734', 'id': '21172734', 'status': 'PENDING', 'description': &quot;Apply software changes, triggered from PySys: [{'action': 'install', 'id': '5475369', 'name': 'asciijump', 'url': ' ', 'version': '::apt'}, {'action': 'install', 'id': '5474869', 'name': 'robotfindskitten', 'url': ' ', 'version': '::apt'}, {'action': 'install', 'id': '5475279', 'name': 'squirrel3', 'url': ' ', 'version': '::apt'}]&quot;, 'c8y_SoftwareUpdate': [{'name': 'asciijump', 'action': 'install', 'id': '5475369', 'version': '::apt', 'url': ' '}, {'name': 'robotfindskitten', 'action': 'install', 'id': '5474869', 'version': '::apt', 'url': ' '}, {'name': 'squirrel3', 'action': 'install', 'id': '5475279', 'version': '::apt', 'url': ' '}]}
19:36:04 INFO  State of operation 21172734 : PENDING
19:36:06 INFO  State of operation 21172734 : EXECUTING
19:36:09 INFO  State of operation 21172734 : EXECUTING
19:36:11 INFO  State of operation 21172734 : EXECUTING
19:36:13 INFO  State of operation 21172734 : EXECUTING
19:36:15 INFO  State of operation 21172734 : EXECUTING
19:36:18 INFO  State of operation 21172734 : EXECUTING
19:36:21 INFO  State of operation 21172734 : EXECUTING
19:36:23 INFO  State of operation 21172734 : EXECUTING
19:36:26 INFO  State of operation 21172734 : EXECUTING
19:36:28 INFO  State of operation 21172734 : EXECUTING
19:36:30 INFO  State of operation 21172734 : EXECUTING
19:36:32 INFO  State of operation 21172734 : EXECUTING
19:36:35 INFO  State of operation 21172734 : EXECUTING
19:36:37 INFO  State of operation 21172734 : EXECUTING
19:36:39 INFO  State of operation 21172734 : SUCCESSFUL
19:36:39 INFO  Assert that (False == value) with value=False ... passed
19:36:40 INFO  Package asciijump is installed
19:36:40 INFO  Assert that (True == value) with value=True ... passed
19:36:40 INFO  Package squirrel3 is installed
19:36:40 INFO  Assert that (True == value) with value=True ... passed
19:36:40 INFO  Package robotfindskitten is installed
19:36:40 INFO  Assert that (True == value) with value=True ... passed
19:36:40 INFO  Response status: 201
19:36:40 INFO  Response to action: {
    &quot;creationTime&quot;: &quot;2022-07-21T19:36:40.750Z&quot;,
    &quot;deviceId&quot;: &quot;21164556&quot;,
    &quot;deviceName&quot;: &quot;m32sd10a&quot;,
    &quot;self&quot;: &quot;https://t493319102.eu-latest.cumulocity.com/devicecontrol/operations/21172742&quot;,
    &quot;id&quot;: &quot;21172742&quot;,
    &quot;status&quot;: &quot;PENDING&quot;,
    &quot;description&quot;: &quot;Apply software changes, triggered from PySys: [{'action': 'delete', 'id': '5475369', 'name': 'asciijump', 'url': ' ', 'version': '::apt'}, {'action': 'delete', 'id': '5474869', 'name': 'robotfindskitten', 'url': ' ', 'version': '::apt'}, {'action': 'delete', 'id': '5475279', 'name': 'squirrel3', 'url': ' ', 'version': '::apt'}]&quot;,
    &quot;c8y_SoftwareUpdate&quot;: [
        {
            &quot;name&quot;: &quot;asciijump&quot;,
            &quot;action&quot;: &quot;delete&quot;,
            &quot;id&quot;: &quot;5475369&quot;,
            &quot;version&quot;: &quot;::apt&quot;,
            &quot;url&quot;: &quot; &quot;
        },
        {
            &quot;name&quot;: &quot;robotfindskitten&quot;,
            &quot;action&quot;: &quot;delete&quot;,
            &quot;id&quot;: &quot;5474869&quot;,
            &quot;version&quot;: &quot;::apt&quot;,
            &quot;url&quot;: &quot; &quot;
        },
        {
            &quot;name&quot;: &quot;squirrel3&quot;,
            &quot;action&quot;: &quot;delete&quot;,
            &quot;id&quot;: &quot;5475279&quot;,
            &quot;version&quot;: &quot;::apt&quot;,
            &quot;url&quot;: &quot; &quot;
        }
    ]
}
19:36:40 INFO  Started operation: {'creationTime': '2022-07-21T19:36:40.750Z', 'deviceId': '21164556', 'deviceName': 'm32sd10a', 'self': 'https://t493319102.eu-latest.cumulocity.com/devicecontrol/operations/21172742', 'id': '21172742', 'status': 'PENDING', 'description': &quot;Apply software changes, triggered from PySys: [{'action': 'delete', 'id': '5475369', 'name': 'asciijump', 'url': ' ', 'version': '::apt'}, {'action': 'delete', 'id': '5474869', 'name': 'robotfindskitten', 'url': ' ', 'version': '::apt'}, {'action': 'delete', 'id': '5475279', 'name': 'squirrel3', 'url': ' ', 'version': '::apt'}]&quot;, 'c8y_SoftwareUpdate': [{'name': 'asciijump', 'action': 'delete', 'id': '5475369', 'version': '::apt', 'url': ' '}, {'name': 'robotfindskitten', 'action': 'delete', 'id': '5474869', 'version': '::apt', 'url': ' '}, {'name': 'squirrel3', 'action': 'delete', 'id': '5475279', 'version': '::apt', 'url': ' '}]}
19:36:43 INFO  State of operation 21172742 : PENDING
19:36:45 INFO  State of operation 21172742 : EXECUTING
19:36:47 INFO  State of operation 21172742 : EXECUTING
19:36:49 INFO  State of operation 21172742 : EXECUTING
19:36:51 INFO  State of operation 21172742 : EXECUTING
19:36:54 INFO  State of operation 21172742 : EXECUTING
19:36:56 INFO  State of operation 21172742 : EXECUTING
19:36:59 INFO  State of operation 21172742 : EXECUTING
19:37:01 INFO  State of operation 21172742 : EXECUTING
19:37:04 INFO  State of operation 21172742 : EXECUTING
19:37:06 INFO  State of operation 21172742 : EXECUTING
19:37:08 INFO  State of operation 21172742 : EXECUTING
19:37:11 INFO  State of operation 21172742 : EXECUTING
19:37:13 INFO  State of operation 21172742 : EXECUTING
19:37:15 INFO  State of operation 21172742 : EXECUTING
19:37:17 INFO  State of operation 21172742 : EXECUTING
19:37:20 INFO  State of operation 21172742 : EXECUTING
19:37:22 INFO  State of operation 21172742 : EXECUTING
19:37:25 INFO  State of operation 21172742 : EXECUTING
19:37:27 INFO  State of operation 21172742 : EXECUTING
19:37:30 INFO  State of operation 21172742 : EXECUTING
19:37:32 INFO  State of operation 21172742 : EXECUTING
19:37:34 INFO  State of operation 21172742 : EXECUTING
19:37:36 INFO  State of operation 21172742 : EXECUTING
19:37:38 INFO  State of operation 21172742 : EXECUTING
19:37:41 INFO  State of operation 21172742 : EXECUTING
19:37:44 INFO  State of operation 21172742 : EXECUTING
19:37:46 INFO  State of operation 21172742 : EXECUTING
19:37:48 INFO  State of operation 21172742 : SUCCESSFUL
19:37:48 INFO  Assert that (False == value) with value=False ... passed
19:37:49 INFO  Assert that (False == value) with value=False ... passed
19:37:49 INFO  Assert that (False == value) with value=False ... passed
19:37:49 INFO  Assert that (False == value) with value=False ... passed
19:37:49 INFO  
19:37:49 INFO  cleanup:
19:37:53 INFO  Executed sudo&lt;tedge_disconnect_c8y&gt;, exit status 0
19:37:54 INFO  Executed systemctl&lt;serv_mapper5&gt;, exit status 3
19:37:54 INFO  
19:37:54 INFO  Test duration: 138.05 secs
19:37:54 INFO  Test final outcome:  FAILED
19:37:54 INFO  Test outcome reason: Assert that (False == value) with value=True (+2 other failures)
19:37:54 INFO  
</system-out>
	</testcase>
</testsuite>
