<?xml version="1.0" encoding="utf-8"?>
<testsuite failures="1" name="SoftwareManagement.sm_apt_install_download_path" skipped="0" tests="1" time="190.28" timestamp="2022-05-23T14:22:37">
	<testcase classname="AptInstallWithDownloadPath" name="SoftwareManagement.sm_apt_install_download_path">
		<failure message="BLOCKED: SystemError: Timeout while waiting for status FAILED or SUCCESSFUL" type="BLOCKED"/>
		<system-out>14:19:27 INFO  ==============================================================
14:19:27 INFO  Id:    SoftwareManagement.sm_apt_install_download_path
14:19:27 INFO  Dir:   software_management_end_to_end/
14:19:27 INFO  Title: Install package to directory specified in tedge config set tmp.path
14:19:27 INFO  ==============================================================
14:19:28 INFO  Using sw id database: {'asciijump': '5475369', 'robotfindskitten': '5474869', 'squirrel3': '5475279', 'rolldice': '5152439', 'moon-buggy': '5439204', 'apple': '5495053', 'banana': '5494888', 'cherry': '5495382', 'watermelon': '5494510', 'registry': '8018911', 'hello-world': '8021526', 'docker/getting-started': '8021973', 'alpine': '7991792'}
14:19:28 INFO  EnvironmentC8y Setup
14:19:29 INFO  Executed systemctl&lt;serv_mapper1&gt;, exit status 3
14:19:43 INFO  Executed sudo&lt;tedge_connect_c8y&gt;, exit status 0, duration 14 secs
14:19:44 INFO  Executed sudo&lt;tedge_connect_c8y_test&gt;, exit status 0
14:19:44 INFO  Executed systemctl&lt;serv_mosq2&gt;, exit status 0
14:19:45 INFO  Executed systemctl&lt;serv_mapper3&gt;, exit status 0
14:19:47 INFO  State of current operation: PENDING
14:19:49 INFO  State of current operation: PENDING
14:19:51 INFO  State of current operation: PENDING
14:19:54 INFO  State of current operation: PENDING
14:19:56 INFO  State of current operation: PENDING
14:19:58 INFO  State of current operation: PENDING
14:20:00 INFO  State of current operation: PENDING
14:20:03 INFO  State of current operation: PENDING
14:20:05 INFO  State of current operation: PENDING
14:20:07 INFO  State of current operation: PENDING
14:20:09 INFO  State of current operation: PENDING
14:20:12 INFO  State of current operation: PENDING
14:20:14 INFO  State of current operation: PENDING
14:20:16 INFO  State of current operation: PENDING
14:20:19 INFO  State of current operation: PENDING
14:20:21 INFO  State of current operation: PENDING
14:20:23 INFO  State of current operation: PENDING
14:20:25 INFO  State of current operation: PENDING
14:20:27 INFO  State of current operation: PENDING
14:20:30 INFO  State of current operation: PENDING
14:20:32 INFO  State of current operation: PENDING
14:20:34 INFO  State of current operation: PENDING
14:20:36 INFO  State of current operation: PENDING
14:20:39 INFO  State of current operation: PENDING
14:20:41 INFO  State of current operation: PENDING
14:20:43 INFO  State of current operation: PENDING
14:20:46 INFO  State of current operation: PENDING
14:20:48 INFO  State of current operation: PENDING
14:20:50 INFO  State of current operation: PENDING
14:20:52 INFO  State of current operation: PENDING
14:20:55 INFO  State of current operation: PENDING
14:20:57 INFO  State of current operation: PENDING
14:20:59 INFO  State of current operation: PENDING
14:21:01 INFO  State of current operation: PENDING
14:21:04 INFO  State of current operation: PENDING
14:21:06 INFO  State of current operation: PENDING
14:21:08 INFO  State of current operation: PENDING
14:21:10 INFO  State of current operation: PENDING
14:21:13 INFO  State of current operation: PENDING
14:21:15 INFO  State of current operation: PENDING
14:21:17 INFO  State of current operation: PENDING
14:21:19 INFO  State of current operation: PENDING
14:21:22 INFO  State of current operation: PENDING
14:21:24 INFO  State of current operation: PENDING
14:21:27 INFO  State of current operation: PENDING
14:21:29 INFO  State of current operation: PENDING
14:21:31 INFO  State of current operation: PENDING
14:21:33 INFO  State of current operation: PENDING
14:21:36 INFO  State of current operation: PENDING
14:21:38 INFO  State of current operation: PENDING
14:21:40 INFO  State of current operation: PENDING
14:21:42 INFO  State of current operation: PENDING
14:21:45 INFO  State of current operation: PENDING
14:21:47 INFO  State of current operation: PENDING
14:21:49 INFO  State of current operation: PENDING
14:21:51 INFO  State of current operation: PENDING
14:21:54 INFO  State of current operation: PENDING
14:21:56 INFO  State of current operation: PENDING
14:21:58 INFO  State of current operation: PENDING
14:22:00 INFO  State of current operation: PENDING
14:22:02 INFO  State of current operation: PENDING
14:22:04 WARN  SystemError occurred while running test - Timeout while waiting for status FAILED or SUCCESSFUL
Traceback (most recent call last):
  File &quot;/home/pi/env-pysys/lib/python3.7/site-packages/pysys/baserunner.py&quot;, line 1292, in __call__
    self.testObj.setup()
  File &quot;/home/pi/actions-runner/_work/thin-edge.io/thin-edge.io/tests/PySys/software_management_end_to_end/sm_apt_install_download_path/run.py&quot;, line 48, in setup
    super().setup()
  File &quot;/home/pi/actions-runner/_work/thin-edge.io/thin-edge.io/tests/PySys/software_management_end_to_end/environment_sm_management.py&quot;, line 151, in setup
    self.wait_until_end()
  File &quot;/home/pi/actions-runner/_work/thin-edge.io/thin-edge.io/tests/PySys/software_management_end_to_end/environment_sm_management.py&quot;, line 332, in wait_until_end
    self.wait_until_status(&quot;FAILED&quot;, &quot;SUCCESSFUL&quot;)
  File &quot;/home/pi/actions-runner/_work/thin-edge.io/thin-edge.io/tests/PySys/software_management_end_to_end/environment_sm_management.py&quot;, line 381, in wait_until_status
    &quot;Timeout while waiting for status %s or %s&quot; % (status, status2)
SystemError: Timeout while waiting for status FAILED or SUCCESSFUL
14:22:05 WARN  SystemError: Timeout while waiting for status FAILED or SUCCESSFUL ... blocked 
14:22:05 INFO  
14:22:05 INFO  cleanup:
14:22:05 INFO  Executed sudo, exit status 0
14:22:06 INFO  Executed sudo, exit status 0
14:22:10 INFO  Executed sudo&lt;tedge_disconnect_c8y&gt;, exit status 0
14:22:10 INFO  Restarting mosquitto too frequently in the last 10 seconds. It was only up for 3 seconds
14:22:10 INFO  Delaying execution by 8 seconds
14:22:32 INFO  Executed sudo&lt;tedge_connect_c8y&gt;, exit status 0, duration 14 secs
14:22:37 INFO  Executed sudo&lt;tedge_disconnect_c8y&gt;, exit status 0
14:22:37 INFO  Executed systemctl&lt;serv_mapper5&gt;, exit status 3
14:22:37 INFO  
14:22:37 INFO  Test duration: 190.28 secs
14:22:37 INFO  Test final outcome:  BLOCKED
14:22:37 INFO  Test outcome reason: SystemError: Timeout while waiting for status FAILED or SUCCESSFUL
14:22:37 INFO  
</system-out>
	</testcase>
</testsuite>
