<?xml version="1.0" encoding="utf-8"?>
<testsuite failures="1" name="SoftwareManagement.sm_fake_install_remove" skipped="0" tests="1" time="166.26" timestamp="2022-05-23T20:36:00">
	<testcase classname="PySysTest" name="SoftwareManagement.sm_fake_install_remove">
		<failure message="BLOCKED: SystemError: Timeout while waiting for status FAILED or SUCCESSFUL" type="BLOCKED"/>
		<system-out>20:33:14 INFO  ==============================================================
20:33:14 INFO  Id:    SoftwareManagement.sm_fake_install_remove
20:33:14 INFO  Dir:   software_management_end_to_end/
20:33:14 INFO  Title: Validate end to end behaviour for the dummy plugin for installation and removal of packages
20:33:14 INFO  ==============================================================
20:33:14 INFO  Using sw id database: {'asciijump': '5475369', 'robotfindskitten': '5474869', 'squirrel3': '5475279', 'rolldice': '5152439', 'moon-buggy': '5439204', 'apple': '5495053', 'banana': '5494888', 'cherry': '5495382', 'watermelon': '5494510', 'registry': '8018911', 'hello-world': '8021526', 'docker/getting-started': '8021973', 'alpine': '7991792'}
20:33:14 INFO  EnvironmentC8y Setup
20:33:15 INFO  Executed systemctl&lt;serv_mapper1&gt;, exit status 3
20:33:15 INFO  Restarting mosquitto too frequently in the last 10 seconds. It was only up for 5 seconds
20:33:15 INFO  Delaying execution by 6 seconds
20:33:35 INFO  Executed sudo&lt;tedge_connect_c8y&gt;, exit status 0, duration 14 secs
20:33:36 INFO  Executed sudo&lt;tedge_connect_c8y_test&gt;, exit status 0
20:33:36 INFO  Executed systemctl&lt;serv_mosq2&gt;, exit status 0
20:33:37 INFO  Executed systemctl&lt;serv_mapper3&gt;, exit status 0
20:33:39 INFO  State of current operation: PENDING
20:33:41 INFO  State of current operation: PENDING
20:33:43 INFO  State of current operation: PENDING
20:33:46 INFO  State of current operation: PENDING
20:33:48 INFO  State of current operation: PENDING
20:33:50 INFO  State of current operation: PENDING
20:33:52 INFO  State of current operation: PENDING
20:33:55 INFO  State of current operation: PENDING
20:33:57 INFO  State of current operation: PENDING
20:33:59 INFO  State of current operation: PENDING
20:34:01 INFO  State of current operation: PENDING
20:34:04 INFO  State of current operation: PENDING
20:34:06 INFO  State of current operation: PENDING
20:34:08 INFO  State of current operation: PENDING
20:34:10 INFO  State of current operation: PENDING
20:34:12 INFO  State of current operation: PENDING
20:34:15 INFO  State of current operation: PENDING
20:34:17 INFO  State of current operation: PENDING
20:34:19 INFO  State of current operation: PENDING
20:34:21 INFO  State of current operation: PENDING
20:34:24 INFO  State of current operation: PENDING
20:34:26 INFO  State of current operation: PENDING
20:34:28 INFO  State of current operation: PENDING
20:34:30 INFO  State of current operation: PENDING
20:34:33 INFO  State of current operation: PENDING
20:34:35 INFO  State of current operation: PENDING
20:34:37 INFO  State of current operation: PENDING
20:34:39 INFO  State of current operation: PENDING
20:34:42 INFO  State of current operation: PENDING
20:34:44 INFO  State of current operation: PENDING
20:34:46 INFO  State of current operation: PENDING
20:34:48 INFO  State of current operation: PENDING
20:34:51 INFO  State of current operation: PENDING
20:34:53 INFO  State of current operation: PENDING
20:34:55 INFO  State of current operation: PENDING
20:34:57 INFO  State of current operation: PENDING
20:34:59 INFO  State of current operation: PENDING
20:35:02 INFO  State of current operation: PENDING
20:35:04 INFO  State of current operation: PENDING
20:35:06 INFO  State of current operation: PENDING
20:35:08 INFO  State of current operation: PENDING
20:35:11 INFO  State of current operation: PENDING
20:35:13 INFO  State of current operation: PENDING
20:35:15 INFO  State of current operation: PENDING
20:35:17 INFO  State of current operation: PENDING
20:35:20 INFO  State of current operation: PENDING
20:35:22 INFO  State of current operation: PENDING
20:35:24 INFO  State of current operation: PENDING
20:35:27 INFO  State of current operation: PENDING
20:35:29 INFO  State of current operation: PENDING
20:35:31 INFO  State of current operation: PENDING
20:35:33 INFO  State of current operation: PENDING
20:35:36 INFO  State of current operation: PENDING
20:35:38 INFO  State of current operation: PENDING
20:35:40 INFO  State of current operation: PENDING
20:35:42 INFO  State of current operation: PENDING
20:35:45 INFO  State of current operation: PENDING
20:35:47 INFO  State of current operation: PENDING
20:35:49 INFO  State of current operation: PENDING
20:35:51 INFO  State of current operation: PENDING
20:35:54 INFO  State of current operation: PENDING
20:35:56 WARN  SystemError occurred while running test - Timeout while waiting for status FAILED or SUCCESSFUL
Traceback (most recent call last):
  File &quot;/home/pi/env-pysys/lib/python3.7/site-packages/pysys/baserunner.py&quot;, line 1292, in __call__
    self.testObj.setup()
  File &quot;/home/pi/actions-runner/_work/thin-edge.io/thin-edge.io/tests/PySys/software_management_end_to_end/sm_fake_install_remove/run.py&quot;, line 38, in setup
    super().setup()
  File &quot;/home/pi/actions-runner/_work/thin-edge.io/thin-edge.io/tests/PySys/software_management_end_to_end/environment_sm_management.py&quot;, line 151, in setup
    self.wait_until_end()
  File &quot;/home/pi/actions-runner/_work/thin-edge.io/thin-edge.io/tests/PySys/software_management_end_to_end/environment_sm_management.py&quot;, line 332, in wait_until_end
    self.wait_until_status(&quot;FAILED&quot;, &quot;SUCCESSFUL&quot;)
  File &quot;/home/pi/actions-runner/_work/thin-edge.io/thin-edge.io/tests/PySys/software_management_end_to_end/environment_sm_management.py&quot;, line 381, in wait_until_status
    &quot;Timeout while waiting for status %s or %s&quot; % (status, status2)
SystemError: Timeout while waiting for status FAILED or SUCCESSFUL
20:35:56 WARN  SystemError: Timeout while waiting for status FAILED or SUCCESSFUL ... blocked 
20:35:56 INFO  
20:35:56 INFO  cleanup:
20:36:00 INFO  Executed sudo&lt;tedge_disconnect_c8y&gt;, exit status 0
20:36:00 INFO  Executed systemctl&lt;serv_mapper5&gt;, exit status 3
20:36:00 INFO  
20:36:00 INFO  Test duration: 166.26 secs
20:36:00 INFO  Test final outcome:  BLOCKED
20:36:00 INFO  Test outcome reason: SystemError: Timeout while waiting for status FAILED or SUCCESSFUL
20:36:00 INFO  
</system-out>
	</testcase>
</testsuite>
