<?xml version="1.0" encoding="utf-8"?>
<testsuite failures="1" name="SoftwareManagement.sm_apt_install_remove" skipped="0" tests="1" time="165.82" timestamp="2022-05-24T11:55:29">
	<testcase classname="PySysTest" name="SoftwareManagement.sm_apt_install_remove">
		<failure message="BLOCKED: SystemError: Timeout while waiting for status FAILED or SUCCESSFUL" type="BLOCKED"/>
		<system-out>11:52:43 INFO  ==============================================================
11:52:43 INFO  Id:    SoftwareManagement.sm_apt_install_remove
11:52:43 INFO  Dir:   software_management_end_to_end/
11:52:43 INFO  Title: Validate end to end behaviour for the apt plugin for installation and removal of packages
11:52:43 INFO  ==============================================================
11:52:43 INFO  Using sw id database: {'asciijump': '5475369', 'robotfindskitten': '5474869', 'squirrel3': '5475279', 'rolldice': '5152439', 'moon-buggy': '5439204', 'apple': '5495053', 'banana': '5494888', 'cherry': '5495382', 'watermelon': '5494510', 'registry': '8018911', 'hello-world': '8021526', 'docker/getting-started': '8021973', 'alpine': '7991792'}
11:52:43 INFO  EnvironmentC8y Setup
11:52:44 INFO  Executed systemctl&lt;serv_mapper1&gt;, exit status 3
11:52:44 INFO  Restarting mosquitto too frequently in the last 10 seconds. It was only up for 5 seconds
11:52:44 INFO  Delaying execution by 6 seconds
11:53:04 INFO  Executed sudo&lt;tedge_connect_c8y&gt;, exit status 0, duration 14 secs
11:53:05 INFO  Executed sudo&lt;tedge_connect_c8y_test&gt;, exit status 0
11:53:05 INFO  Executed systemctl&lt;serv_mosq2&gt;, exit status 0
11:53:06 INFO  Executed systemctl&lt;serv_mapper3&gt;, exit status 0
11:53:08 INFO  State of current operation: PENDING
11:53:10 INFO  State of current operation: PENDING
11:53:12 INFO  State of current operation: PENDING
11:53:15 INFO  State of current operation: PENDING
11:53:17 INFO  State of current operation: PENDING
11:53:19 INFO  State of current operation: PENDING
11:53:21 INFO  State of current operation: PENDING
11:53:23 INFO  State of current operation: PENDING
11:53:26 INFO  State of current operation: PENDING
11:53:28 INFO  State of current operation: PENDING
11:53:30 INFO  State of current operation: PENDING
11:53:32 INFO  State of current operation: PENDING
11:53:35 INFO  State of current operation: PENDING
11:53:37 INFO  State of current operation: PENDING
11:53:39 INFO  State of current operation: PENDING
11:53:41 INFO  State of current operation: PENDING
11:53:44 INFO  State of current operation: PENDING
11:53:46 INFO  State of current operation: PENDING
11:53:48 INFO  State of current operation: PENDING
11:53:50 INFO  State of current operation: PENDING
11:53:53 INFO  State of current operation: PENDING
11:53:55 INFO  State of current operation: PENDING
11:53:57 INFO  State of current operation: PENDING
11:53:59 INFO  State of current operation: PENDING
11:54:01 INFO  State of current operation: PENDING
11:54:04 INFO  State of current operation: PENDING
11:54:06 INFO  State of current operation: PENDING
11:54:08 INFO  State of current operation: PENDING
11:54:10 INFO  State of current operation: PENDING
11:54:13 INFO  State of current operation: PENDING
11:54:15 INFO  State of current operation: PENDING
11:54:17 INFO  State of current operation: PENDING
11:54:19 INFO  State of current operation: PENDING
11:54:22 INFO  State of current operation: PENDING
11:54:24 INFO  State of current operation: PENDING
11:54:26 INFO  State of current operation: PENDING
11:54:28 INFO  State of current operation: PENDING
11:54:31 INFO  State of current operation: PENDING
11:54:33 INFO  State of current operation: PENDING
11:54:35 INFO  State of current operation: PENDING
11:54:37 INFO  State of current operation: PENDING
11:54:40 INFO  State of current operation: PENDING
11:54:42 INFO  State of current operation: PENDING
11:54:44 INFO  State of current operation: PENDING
11:54:46 INFO  State of current operation: PENDING
11:54:48 INFO  State of current operation: PENDING
11:54:51 INFO  State of current operation: PENDING
11:54:53 INFO  State of current operation: PENDING
11:54:55 INFO  State of current operation: PENDING
11:54:57 INFO  State of current operation: PENDING
11:55:00 INFO  State of current operation: PENDING
11:55:02 INFO  State of current operation: PENDING
11:55:04 INFO  State of current operation: PENDING
11:55:06 INFO  State of current operation: PENDING
11:55:09 INFO  State of current operation: PENDING
11:55:11 INFO  State of current operation: PENDING
11:55:13 INFO  State of current operation: PENDING
11:55:15 INFO  State of current operation: PENDING
11:55:18 INFO  State of current operation: PENDING
11:55:20 INFO  State of current operation: PENDING
11:55:22 INFO  State of current operation: PENDING
11:55:24 WARN  SystemError occurred while running test - Timeout while waiting for status FAILED or SUCCESSFUL
Traceback (most recent call last):
  File &quot;/home/pi/env-pysys/lib/python3.7/site-packages/pysys/baserunner.py&quot;, line 1292, in __call__
    self.testObj.setup()
  File &quot;/home/pi/actions-runner/_work/thin-edge.io/thin-edge.io/tests/PySys/software_management_end_to_end/sm_apt_install_remove/run.py&quot;, line 27, in setup
    super().setup()
  File &quot;/home/pi/actions-runner/_work/thin-edge.io/thin-edge.io/tests/PySys/software_management_end_to_end/environment_sm_management.py&quot;, line 151, in setup
    self.wait_until_end()
  File &quot;/home/pi/actions-runner/_work/thin-edge.io/thin-edge.io/tests/PySys/software_management_end_to_end/environment_sm_management.py&quot;, line 332, in wait_until_end
    self.wait_until_status(&quot;FAILED&quot;, &quot;SUCCESSFUL&quot;)
  File &quot;/home/pi/actions-runner/_work/thin-edge.io/thin-edge.io/tests/PySys/software_management_end_to_end/environment_sm_management.py&quot;, line 381, in wait_until_status
    &quot;Timeout while waiting for status %s or %s&quot; % (status, status2)
SystemError: Timeout while waiting for status FAILED or SUCCESSFUL
11:55:24 WARN  SystemError: Timeout while waiting for status FAILED or SUCCESSFUL ... blocked 
11:55:24 INFO  
11:55:24 INFO  cleanup:
11:55:28 INFO  Executed sudo&lt;tedge_disconnect_c8y&gt;, exit status 0
11:55:29 INFO  Executed systemctl&lt;serv_mapper5&gt;, exit status 3
11:55:29 INFO  
11:55:29 INFO  Test duration: 165.82 secs
11:55:29 INFO  Test final outcome:  BLOCKED
11:55:29 INFO  Test outcome reason: SystemError: Timeout while waiting for status FAILED or SUCCESSFUL
11:55:29 INFO  
</system-out>
	</testcase>
</testsuite>
