<?xml version="1.0" encoding="utf-8"?>
<testsuite failures="1" name="SoftwareManagement.sm_mixed_install_remove_multiple" skipped="0" tests="1" time="167.57" timestamp="2022-07-21T14:44:23">
	<testcase classname="PySysTest" name="SoftwareManagement.sm_mixed_install_remove_multiple">
		<failure message="FAILED: Assert that (False == value) with value=True" type="FAILED"/>
		<system-out>14:41:36 INFO  ==============================================================
14:41:36 INFO  Id:    SoftwareManagement.sm_mixed_install_remove_multiple
14:41:36 INFO  Dir:   software_management_end_to_end/
14:41:36 INFO  Title: Validate end to end behaviour for the dummy-plugin for multiple packages with mixed versions
14:41:36 INFO  ==============================================================
14:41:36 INFO  Using sw id database: {'asciijump': '5475369', 'robotfindskitten': '5474869', 'squirrel3': '5475279', 'rolldice': '5152439', 'moon-buggy': '5439204', 'apple': '5495053', 'banana': '5494888', 'cherry': '5495382', 'watermelon': '5494510', 'registry': '8018911', 'hello-world': '8021526', 'docker/getting-started': '8021973', 'alpine': '7991792'}
14:41:36 INFO  EnvironmentC8y Setup
14:41:36 INFO  Executed systemctl&lt;serv_mapper1&gt;, exit status 3
14:41:36 INFO  Restarting mosquitto too frequently in the last 10 seconds. It was only up for 5 seconds
14:41:36 INFO  Delaying execution by 6 seconds
14:41:57 INFO  Executed sudo&lt;tedge_connect_c8y&gt;, exit status 0, duration 14 secs
14:41:58 INFO  Executed sudo&lt;tedge_connect_c8y_test&gt;, exit status 0
14:41:58 INFO  Executed systemctl&lt;serv_mosq2&gt;, exit status 0
14:41:59 INFO  Executed systemctl&lt;serv_mapper3&gt;, exit status 0
14:42:01 INFO  State of current operation: SUCCESSFUL
14:42:01 INFO  Package apple is installed
14:42:01 INFO  Assert that (True == value) with value=True ... passed
14:42:01 INFO  Package banana is installed
14:42:01 INFO  Assert that (True == value) with value=True ... passed
14:42:02 INFO  Package cherry is installed
14:42:02 INFO  Assert that (True == value) with value=True ... passed
14:42:02 INFO  Package asciijump is installed
14:42:02 WARN  Assert that (False == value) with value=True ... failed 
14:42:02 INFO  Assert that (False == value) with value=False ... passed
14:42:02 INFO  Response status: 201
14:42:02 INFO  Response to action: {
    &quot;creationTime&quot;: &quot;2022-07-21T14:42:02.848Z&quot;,
    &quot;deviceId&quot;: &quot;21119832&quot;,
    &quot;deviceName&quot;: &quot;m32sd10a&quot;,
    &quot;self&quot;: &quot;https://t493319102.eu-latest.cumulocity.com/devicecontrol/operations/21144156&quot;,
    &quot;id&quot;: &quot;21144156&quot;,
    &quot;status&quot;: &quot;PENDING&quot;,
    &quot;description&quot;: &quot;Apply software changes, triggered from PySys: [{'action': 'install', 'id': '5495053', 'name': 'apple', 'url': ' ', 'version': '::fruits'}, {'action': 'install', 'id': '5494888', 'name': 'banana', 'url': ' ', 'version': '::fruits'}, {'action': 'install', 'id': '5475369', 'name': 'asciijump', 'url': ' ', 'version': '::apt'}, {'action': 'install', 'id': '5495382', 'name': 'cherry', 'url': ' ', 'version': '::fruits'}, {'action': 'install', 'id': '8018911', 'name': 'registry', 'url': ' ', 'version': '::docker'}]&quot;,
    &quot;c8y_SoftwareUpdate&quot;: [
        {
            &quot;name&quot;: &quot;apple&quot;,
            &quot;action&quot;: &quot;install&quot;,
            &quot;id&quot;: &quot;5495053&quot;,
            &quot;version&quot;: &quot;::fruits&quot;,
            &quot;url&quot;: &quot; &quot;
        },
        {
            &quot;name&quot;: &quot;banana&quot;,
            &quot;action&quot;: &quot;install&quot;,
            &quot;id&quot;: &quot;5494888&quot;,
            &quot;version&quot;: &quot;::fruits&quot;,
            &quot;url&quot;: &quot; &quot;
        },
        {
            &quot;name&quot;: &quot;asciijump&quot;,
            &quot;action&quot;: &quot;install&quot;,
            &quot;id&quot;: &quot;5475369&quot;,
            &quot;version&quot;: &quot;::apt&quot;,
            &quot;url&quot;: &quot; &quot;
        },
        {
            &quot;name&quot;: &quot;cherry&quot;,
            &quot;action&quot;: &quot;install&quot;,
            &quot;id&quot;: &quot;5495382&quot;,
            &quot;version&quot;: &quot;::fruits&quot;,
            &quot;url&quot;: &quot; &quot;
        },
        {
            &quot;name&quot;: &quot;registry&quot;,
            &quot;action&quot;: &quot;install&quot;,
            &quot;id&quot;: &quot;8018911&quot;,
            &quot;version&quot;: &quot;::docker&quot;,
            &quot;url&quot;: &quot; &quot;
        }
    ]
}
14:42:02 INFO  Started operation: {'creationTime': '2022-07-21T14:42:02.848Z', 'deviceId': '21119832', 'deviceName': 'm32sd10a', 'self': 'https://t493319102.eu-latest.cumulocity.com/devicecontrol/operations/21144156', 'id': '21144156', 'status': 'PENDING', 'description': &quot;Apply software changes, triggered from PySys: [{'action': 'install', 'id': '5495053', 'name': 'apple', 'url': ' ', 'version': '::fruits'}, {'action': 'install', 'id': '5494888', 'name': 'banana', 'url': ' ', 'version': '::fruits'}, {'action': 'install', 'id': '5475369', 'name': 'asciijump', 'url': ' ', 'version': '::apt'}, {'action': 'install', 'id': '5495382', 'name': 'cherry', 'url': ' ', 'version': '::fruits'}, {'action': 'install', 'id': '8018911', 'name': 'registry', 'url': ' ', 'version': '::docker'}]&quot;, 'c8y_SoftwareUpdate': [{'name': 'apple', 'action': 'install', 'id': '5495053', 'version': '::fruits', 'url': ' '}, {'name': 'banana', 'action': 'install', 'id': '5494888', 'version': '::fruits', 'url': ' '}, {'name': 'asciijump', 'action': 'install', 'id': '5475369', 'version': '::apt', 'url': ' '}, {'name': 'cherry', 'action': 'install', 'id': '5495382', 'version': '::fruits', 'url': ' '}, {'name': 'registry', 'action': 'install', 'id': '8018911', 'version': '::docker', 'url': ' '}]}
14:42:05 INFO  State of operation 21144156 : PENDING
14:42:07 INFO  State of operation 21144156 : EXECUTING
14:42:09 INFO  State of operation 21144156 : EXECUTING
14:42:11 INFO  State of operation 21144156 : EXECUTING
14:42:14 INFO  State of operation 21144156 : EXECUTING
14:42:16 INFO  State of operation 21144156 : EXECUTING
14:42:19 INFO  State of operation 21144156 : EXECUTING
14:42:21 INFO  State of operation 21144156 : EXECUTING
14:42:24 INFO  State of operation 21144156 : EXECUTING
14:42:26 INFO  State of operation 21144156 : EXECUTING
14:42:28 INFO  State of operation 21144156 : EXECUTING
14:42:30 INFO  State of operation 21144156 : EXECUTING
14:42:33 INFO  State of operation 21144156 : EXECUTING
14:42:35 INFO  State of operation 21144156 : EXECUTING
14:42:37 INFO  State of operation 21144156 : EXECUTING
14:42:39 INFO  State of operation 21144156 : EXECUTING
14:42:42 INFO  State of operation 21144156 : EXECUTING
14:42:44 INFO  State of operation 21144156 : EXECUTING
14:42:46 INFO  State of operation 21144156 : EXECUTING
14:42:48 INFO  State of operation 21144156 : EXECUTING
14:42:51 INFO  State of operation 21144156 : EXECUTING
14:42:53 INFO  State of operation 21144156 : EXECUTING
14:42:56 INFO  State of operation 21144156 : EXECUTING
14:42:58 INFO  State of operation 21144156 : EXECUTING
14:43:00 INFO  State of operation 21144156 : EXECUTING
14:43:02 INFO  State of operation 21144156 : EXECUTING
14:43:04 INFO  State of operation 21144156 : SUCCESSFUL
14:43:05 INFO  Package apple is installed
14:43:05 INFO  Assert that (True == value) with value=True ... passed
14:43:05 INFO  Package banana is installed
14:43:05 INFO  Assert that (True == value) with value=True ... passed
14:43:05 INFO  Package cherry is installed
14:43:05 INFO  Assert that (True == value) with value=True ... passed
14:43:05 INFO  Package asciijump is installed
14:43:05 INFO  Assert that (True == value) with value=True ... passed
14:43:06 INFO  Package registry is installed
14:43:06 INFO  Assert that (True == value) with value=True ... passed
14:43:06 INFO  Response status: 201
14:43:06 INFO  Response to action: {
    &quot;creationTime&quot;: &quot;2022-07-21T14:43:06.438Z&quot;,
    &quot;deviceId&quot;: &quot;21119832&quot;,
    &quot;deviceName&quot;: &quot;m32sd10a&quot;,
    &quot;self&quot;: &quot;https://t493319102.eu-latest.cumulocity.com/devicecontrol/operations/21144159&quot;,
    &quot;id&quot;: &quot;21144159&quot;,
    &quot;status&quot;: &quot;PENDING&quot;,
    &quot;description&quot;: &quot;Apply software changes, triggered from PySys: [{'action': 'delete', 'id': '5495053', 'name': 'apple', 'url': ' ', 'version': '::fruits'}, {'action': 'delete', 'id': '5494888', 'name': 'banana', 'url': ' ', 'version': '::fruits'}, {'action': 'delete', 'id': '5475369', 'name': 'asciijump', 'url': ' ', 'version': '::apt'}, {'action': 'delete', 'id': '5495382', 'name': 'cherry', 'url': ' ', 'version': '::fruits'}, {'action': 'delete', 'id': '8018911', 'name': 'registry', 'url': ' ', 'version': '::docker'}]&quot;,
    &quot;c8y_SoftwareUpdate&quot;: [
        {
            &quot;name&quot;: &quot;apple&quot;,
            &quot;action&quot;: &quot;delete&quot;,
            &quot;id&quot;: &quot;5495053&quot;,
            &quot;version&quot;: &quot;::fruits&quot;,
            &quot;url&quot;: &quot; &quot;
        },
        {
            &quot;name&quot;: &quot;banana&quot;,
            &quot;action&quot;: &quot;delete&quot;,
            &quot;id&quot;: &quot;5494888&quot;,
            &quot;version&quot;: &quot;::fruits&quot;,
            &quot;url&quot;: &quot; &quot;
        },
        {
            &quot;name&quot;: &quot;asciijump&quot;,
            &quot;action&quot;: &quot;delete&quot;,
            &quot;id&quot;: &quot;5475369&quot;,
            &quot;version&quot;: &quot;::apt&quot;,
            &quot;url&quot;: &quot; &quot;
        },
        {
            &quot;name&quot;: &quot;cherry&quot;,
            &quot;action&quot;: &quot;delete&quot;,
            &quot;id&quot;: &quot;5495382&quot;,
            &quot;version&quot;: &quot;::fruits&quot;,
            &quot;url&quot;: &quot; &quot;
        },
        {
            &quot;name&quot;: &quot;registry&quot;,
            &quot;action&quot;: &quot;delete&quot;,
            &quot;id&quot;: &quot;8018911&quot;,
            &quot;version&quot;: &quot;::docker&quot;,
            &quot;url&quot;: &quot; &quot;
        }
    ]
}
14:43:06 INFO  Started operation: {'creationTime': '2022-07-21T14:43:06.438Z', 'deviceId': '21119832', 'deviceName': 'm32sd10a', 'self': 'https://t493319102.eu-latest.cumulocity.com/devicecontrol/operations/21144159', 'id': '21144159', 'status': 'PENDING', 'description': &quot;Apply software changes, triggered from PySys: [{'action': 'delete', 'id': '5495053', 'name': 'apple', 'url': ' ', 'version': '::fruits'}, {'action': 'delete', 'id': '5494888', 'name': 'banana', 'url': ' ', 'version': '::fruits'}, {'action': 'delete', 'id': '5475369', 'name': 'asciijump', 'url': ' ', 'version': '::apt'}, {'action': 'delete', 'id': '5495382', 'name': 'cherry', 'url': ' ', 'version': '::fruits'}, {'action': 'delete', 'id': '8018911', 'name': 'registry', 'url': ' ', 'version': '::docker'}]&quot;, 'c8y_SoftwareUpdate': [{'name': 'apple', 'action': 'delete', 'id': '5495053', 'version': '::fruits', 'url': ' '}, {'name': 'banana', 'action': 'delete', 'id': '5494888', 'version': '::fruits', 'url': ' '}, {'name': 'asciijump', 'action': 'delete', 'id': '5475369', 'version': '::apt', 'url': ' '}, {'name': 'cherry', 'action': 'delete', 'id': '5495382', 'version': '::fruits', 'url': ' '}, {'name': 'registry', 'action': 'delete', 'id': '8018911', 'version': '::docker', 'url': ' '}]}
14:43:08 INFO  State of operation 21144159 : PENDING
14:43:10 INFO  State of operation 21144159 : EXECUTING
14:43:13 INFO  State of operation 21144159 : EXECUTING
14:43:15 INFO  State of operation 21144159 : EXECUTING
14:43:17 INFO  State of operation 21144159 : EXECUTING
14:43:19 INFO  State of operation 21144159 : EXECUTING
14:43:22 INFO  State of operation 21144159 : EXECUTING
14:43:25 INFO  State of operation 21144159 : EXECUTING
14:43:27 INFO  State of operation 21144159 : EXECUTING
14:43:30 INFO  State of operation 21144159 : EXECUTING
14:43:32 INFO  State of operation 21144159 : EXECUTING
14:43:34 INFO  State of operation 21144159 : EXECUTING
14:43:36 INFO  State of operation 21144159 : EXECUTING
14:43:39 INFO  State of operation 21144159 : EXECUTING
14:43:41 INFO  State of operation 21144159 : EXECUTING
14:43:43 INFO  State of operation 21144159 : EXECUTING
14:43:47 INFO  State of operation 21144159 : EXECUTING
14:43:50 INFO  State of operation 21144159 : EXECUTING
14:43:52 INFO  State of operation 21144159 : EXECUTING
14:43:54 INFO  State of operation 21144159 : EXECUTING
14:43:56 INFO  State of operation 21144159 : EXECUTING
14:43:58 INFO  State of operation 21144159 : EXECUTING
14:44:01 INFO  State of operation 21144159 : EXECUTING
14:44:03 INFO  State of operation 21144159 : EXECUTING
14:44:06 INFO  State of operation 21144159 : EXECUTING
14:44:08 INFO  State of operation 21144159 : EXECUTING
14:44:10 INFO  State of operation 21144159 : EXECUTING
14:44:13 INFO  State of operation 21144159 : EXECUTING
14:44:15 INFO  State of operation 21144159 : EXECUTING
14:44:17 INFO  State of operation 21144159 : SUCCESSFUL
14:44:17 INFO  Package apple is installed
14:44:17 INFO  Assert that (True == value) with value=True ... passed
14:44:18 INFO  Package banana is installed
14:44:18 INFO  Assert that (True == value) with value=True ... passed
14:44:18 INFO  Package cherry is installed
14:44:18 INFO  Assert that (True == value) with value=True ... passed
14:44:18 INFO  Assert that (False == value) with value=False ... passed
14:44:18 INFO  Assert that (False == value) with value=False ... passed
14:44:18 INFO  
14:44:18 INFO  cleanup:
14:44:22 INFO  Executed sudo&lt;tedge_disconnect_c8y&gt;, exit status 0
14:44:23 INFO  Executed systemctl&lt;serv_mapper5&gt;, exit status 3
14:44:23 INFO  
14:44:23 INFO  Test duration: 167.57 secs
14:44:23 INFO  Test final outcome:  FAILED
14:44:23 INFO  Test outcome reason: Assert that (False == value) with value=True
14:44:23 INFO  
</system-out>
	</testcase>
</testsuite>
