<?xml version="1.0" encoding="utf-8"?>
<testsuite failures="1" name="SoftwareManagement.sm_apt_install_remove_multiple" skipped="0" tests="1" time="138.43" timestamp="2022-07-22T10:32:49">
	<testcase classname="PySysTest" name="SoftwareManagement.sm_apt_install_remove_multiple">
		<failure message="FAILED: Assert that (False == value) with value=True (+2 other failures)" type="FAILED"/>
		<system-out>10:30:31 INFO  ==============================================================
10:30:31 INFO  Id:    SoftwareManagement.sm_apt_install_remove_multiple
10:30:31 INFO  Dir:   software_management_end_to_end/
10:30:31 INFO  Title: Validate end to end behaviour for the apt plugin for multiple packages
10:30:31 INFO  ==============================================================
10:30:31 INFO  Using sw id database: {'asciijump': '5475369', 'robotfindskitten': '5474869', 'squirrel3': '5475279', 'rolldice': '5152439', 'moon-buggy': '5439204', 'apple': '5495053', 'banana': '5494888', 'cherry': '5495382', 'watermelon': '5494510', 'registry': '8018911', 'hello-world': '8021526', 'docker/getting-started': '8021973', 'alpine': '7991792'}
10:30:31 INFO  EnvironmentC8y Setup
10:30:32 INFO  Executed systemctl&lt;serv_mapper1&gt;, exit status 3
10:30:32 INFO  Restarting mosquitto too frequently in the last 10 seconds. It was only up for 4 seconds
10:30:32 INFO  Delaying execution by 7 seconds
10:30:53 INFO  Executed sudo&lt;tedge_connect_c8y&gt;, exit status 0, duration 13 secs
10:30:53 INFO  Executed sudo&lt;tedge_connect_c8y_test&gt;, exit status 0
10:30:54 INFO  Executed systemctl&lt;serv_mosq2&gt;, exit status 0
10:30:54 INFO  Executed systemctl&lt;serv_mapper3&gt;, exit status 0
10:30:56 INFO  State of current operation: SUCCESSFUL
10:30:57 INFO  Assert that (False == value) with value=False ... passed
10:30:57 INFO  Package asciijump is installed
10:30:57 WARN  Assert that (False == value) with value=True ... failed 
10:30:58 INFO  Package squirrel3 is installed
10:30:58 WARN  Assert that (False == value) with value=True ... failed 
10:30:58 INFO  Package robotfindskitten is installed
10:30:58 WARN  Assert that (False == value) with value=True ... failed 
10:30:58 INFO  Response status: 201
10:30:58 INFO  Response to action: {
    &quot;creationTime&quot;: &quot;2022-07-22T10:30:58.525Z&quot;,
    &quot;deviceId&quot;: &quot;21263449&quot;,
    &quot;deviceName&quot;: &quot;m32sd10a&quot;,
    &quot;self&quot;: &quot;https://t493319102.eu-latest.cumulocity.com/devicecontrol/operations/21275004&quot;,
    &quot;id&quot;: &quot;21275004&quot;,
    &quot;status&quot;: &quot;PENDING&quot;,
    &quot;description&quot;: &quot;Apply software changes, triggered from PySys: [{'action': 'install', 'id': '5475369', 'name': 'asciijump', 'url': ' ', 'version': '::apt'}, {'action': 'install', 'id': '5474869', 'name': 'robotfindskitten', 'url': ' ', 'version': '::apt'}, {'action': 'install', 'id': '5475279', 'name': 'squirrel3', 'url': ' ', 'version': '::apt'}]&quot;,
    &quot;c8y_SoftwareUpdate&quot;: [
        {
            &quot;name&quot;: &quot;asciijump&quot;,
            &quot;action&quot;: &quot;install&quot;,
            &quot;id&quot;: &quot;5475369&quot;,
            &quot;version&quot;: &quot;::apt&quot;,
            &quot;url&quot;: &quot; &quot;
        },
        {
            &quot;name&quot;: &quot;robotfindskitten&quot;,
            &quot;action&quot;: &quot;install&quot;,
            &quot;id&quot;: &quot;5474869&quot;,
            &quot;version&quot;: &quot;::apt&quot;,
            &quot;url&quot;: &quot; &quot;
        },
        {
            &quot;name&quot;: &quot;squirrel3&quot;,
            &quot;action&quot;: &quot;install&quot;,
            &quot;id&quot;: &quot;5475279&quot;,
            &quot;version&quot;: &quot;::apt&quot;,
            &quot;url&quot;: &quot; &quot;
        }
    ]
}
10:30:58 INFO  Started operation: {'creationTime': '2022-07-22T10:30:58.525Z', 'deviceId': '21263449', 'deviceName': 'm32sd10a', 'self': 'https://t493319102.eu-latest.cumulocity.com/devicecontrol/operations/21275004', 'id': '21275004', 'status': 'PENDING', 'description': &quot;Apply software changes, triggered from PySys: [{'action': 'install', 'id': '5475369', 'name': 'asciijump', 'url': ' ', 'version': '::apt'}, {'action': 'install', 'id': '5474869', 'name': 'robotfindskitten', 'url': ' ', 'version': '::apt'}, {'action': 'install', 'id': '5475279', 'name': 'squirrel3', 'url': ' ', 'version': '::apt'}]&quot;, 'c8y_SoftwareUpdate': [{'name': 'asciijump', 'action': 'install', 'id': '5475369', 'version': '::apt', 'url': ' '}, {'name': 'robotfindskitten', 'action': 'install', 'id': '5474869', 'version': '::apt', 'url': ' '}, {'name': 'squirrel3', 'action': 'install', 'id': '5475279', 'version': '::apt', 'url': ' '}]}
10:31:00 INFO  State of operation 21275004 : PENDING
10:31:03 INFO  State of operation 21275004 : EXECUTING
10:31:05 INFO  State of operation 21275004 : EXECUTING
10:31:07 INFO  State of operation 21275004 : EXECUTING
10:31:09 INFO  State of operation 21275004 : EXECUTING
10:31:11 INFO  State of operation 21275004 : EXECUTING
10:31:14 INFO  State of operation 21275004 : EXECUTING
10:31:17 INFO  State of operation 21275004 : EXECUTING
10:31:19 INFO  State of operation 21275004 : EXECUTING
10:31:22 INFO  State of operation 21275004 : EXECUTING
10:31:24 INFO  State of operation 21275004 : EXECUTING
10:31:26 INFO  State of operation 21275004 : EXECUTING
10:31:28 INFO  State of operation 21275004 : EXECUTING
10:31:31 INFO  State of operation 21275004 : EXECUTING
10:31:33 INFO  State of operation 21275004 : EXECUTING
10:31:35 INFO  State of operation 21275004 : SUCCESSFUL
10:31:35 INFO  Assert that (False == value) with value=False ... passed
10:31:36 INFO  Package asciijump is installed
10:31:36 INFO  Assert that (True == value) with value=True ... passed
10:31:36 INFO  Package squirrel3 is installed
10:31:36 INFO  Assert that (True == value) with value=True ... passed
10:31:36 INFO  Package robotfindskitten is installed
10:31:36 INFO  Assert that (True == value) with value=True ... passed
10:31:36 INFO  Response status: 201
10:31:36 INFO  Response to action: {
    &quot;creationTime&quot;: &quot;2022-07-22T10:31:36.640Z&quot;,
    &quot;deviceId&quot;: &quot;21263449&quot;,
    &quot;deviceName&quot;: &quot;m32sd10a&quot;,
    &quot;self&quot;: &quot;https://t493319102.eu-latest.cumulocity.com/devicecontrol/operations/21275021&quot;,
    &quot;id&quot;: &quot;21275021&quot;,
    &quot;status&quot;: &quot;PENDING&quot;,
    &quot;description&quot;: &quot;Apply software changes, triggered from PySys: [{'action': 'delete', 'id': '5475369', 'name': 'asciijump', 'url': ' ', 'version': '::apt'}, {'action': 'delete', 'id': '5474869', 'name': 'robotfindskitten', 'url': ' ', 'version': '::apt'}, {'action': 'delete', 'id': '5475279', 'name': 'squirrel3', 'url': ' ', 'version': '::apt'}]&quot;,
    &quot;c8y_SoftwareUpdate&quot;: [
        {
            &quot;name&quot;: &quot;asciijump&quot;,
            &quot;action&quot;: &quot;delete&quot;,
            &quot;id&quot;: &quot;5475369&quot;,
            &quot;version&quot;: &quot;::apt&quot;,
            &quot;url&quot;: &quot; &quot;
        },
        {
            &quot;name&quot;: &quot;robotfindskitten&quot;,
            &quot;action&quot;: &quot;delete&quot;,
            &quot;id&quot;: &quot;5474869&quot;,
            &quot;version&quot;: &quot;::apt&quot;,
            &quot;url&quot;: &quot; &quot;
        },
        {
            &quot;name&quot;: &quot;squirrel3&quot;,
            &quot;action&quot;: &quot;delete&quot;,
            &quot;id&quot;: &quot;5475279&quot;,
            &quot;version&quot;: &quot;::apt&quot;,
            &quot;url&quot;: &quot; &quot;
        }
    ]
}
10:31:36 INFO  Started operation: {'creationTime': '2022-07-22T10:31:36.640Z', 'deviceId': '21263449', 'deviceName': 'm32sd10a', 'self': 'https://t493319102.eu-latest.cumulocity.com/devicecontrol/operations/21275021', 'id': '21275021', 'status': 'PENDING', 'description': &quot;Apply software changes, triggered from PySys: [{'action': 'delete', 'id': '5475369', 'name': 'asciijump', 'url': ' ', 'version': '::apt'}, {'action': 'delete', 'id': '5474869', 'name': 'robotfindskitten', 'url': ' ', 'version': '::apt'}, {'action': 'delete', 'id': '5475279', 'name': 'squirrel3', 'url': ' ', 'version': '::apt'}]&quot;, 'c8y_SoftwareUpdate': [{'name': 'asciijump', 'action': 'delete', 'id': '5475369', 'version': '::apt', 'url': ' '}, {'name': 'robotfindskitten', 'action': 'delete', 'id': '5474869', 'version': '::apt', 'url': ' '}, {'name': 'squirrel3', 'action': 'delete', 'id': '5475279', 'version': '::apt', 'url': ' '}]}
10:31:38 INFO  State of operation 21275021 : PENDING
10:31:41 INFO  State of operation 21275021 : EXECUTING
10:31:43 INFO  State of operation 21275021 : EXECUTING
10:31:45 INFO  State of operation 21275021 : EXECUTING
10:31:47 INFO  State of operation 21275021 : EXECUTING
10:31:50 INFO  State of operation 21275021 : EXECUTING
10:31:52 INFO  State of operation 21275021 : EXECUTING
10:31:55 INFO  State of operation 21275021 : EXECUTING
10:31:57 INFO  State of operation 21275021 : EXECUTING
10:32:00 INFO  State of operation 21275021 : EXECUTING
10:32:02 INFO  State of operation 21275021 : EXECUTING
10:32:04 INFO  State of operation 21275021 : EXECUTING
10:32:06 INFO  State of operation 21275021 : EXECUTING
10:32:09 INFO  State of operation 21275021 : EXECUTING
10:32:11 INFO  State of operation 21275021 : EXECUTING
10:32:13 INFO  State of operation 21275021 : EXECUTING
10:32:16 INFO  State of operation 21275021 : EXECUTING
10:32:18 INFO  State of operation 21275021 : EXECUTING
10:32:21 INFO  State of operation 21275021 : EXECUTING
10:32:23 INFO  State of operation 21275021 : EXECUTING
10:32:25 INFO  State of operation 21275021 : EXECUTING
10:32:28 INFO  State of operation 21275021 : EXECUTING
10:32:30 INFO  State of operation 21275021 : EXECUTING
10:32:32 INFO  State of operation 21275021 : EXECUTING
10:32:34 INFO  State of operation 21275021 : EXECUTING
10:32:37 INFO  State of operation 21275021 : EXECUTING
10:32:39 INFO  State of operation 21275021 : EXECUTING
10:32:42 INFO  State of operation 21275021 : EXECUTING
10:32:44 INFO  State of operation 21275021 : SUCCESSFUL
10:32:44 INFO  Assert that (False == value) with value=False ... passed
10:32:44 INFO  Assert that (False == value) with value=False ... passed
10:32:45 INFO  Assert that (False == value) with value=False ... passed
10:32:45 INFO  Assert that (False == value) with value=False ... passed
10:32:45 INFO  
10:32:45 INFO  cleanup:
10:32:49 INFO  Executed sudo&lt;tedge_disconnect_c8y&gt;, exit status 0
10:32:49 INFO  Executed systemctl&lt;serv_mapper5&gt;, exit status 3
10:32:49 INFO  
10:32:49 INFO  Test duration: 138.43 secs
10:32:49 INFO  Test final outcome:  FAILED
10:32:49 INFO  Test outcome reason: Assert that (False == value) with value=True (+2 other failures)
10:32:49 INFO  
</system-out>
	</testcase>
</testsuite>
