<?xml version="1.0" encoding="utf-8"?>
<testsuite failures="1" name="SoftwareManagement.sm_apt_install_remove_multiple_mixed" skipped="0" tests="1" time="166.64" timestamp="2022-05-25T12:12:03">
	<testcase classname="PySysTest" name="SoftwareManagement.sm_apt_install_remove_multiple_mixed">
		<failure message="BLOCKED: SystemError: Timeout while waiting for status FAILED or SUCCESSFUL" type="BLOCKED"/>
		<system-out>12:09:17 INFO  ==============================================================
12:09:17 INFO  Id:    SoftwareManagement.sm_apt_install_remove_multiple_mixed
12:09:17 INFO  Dir:   software_management_end_to_end/
12:09:17 INFO  Title: Validate end to end behaviour for the apt plugin for multiple packages with mixed versions
12:09:17 INFO  ==============================================================
12:09:17 INFO  Using sw id database: {'asciijump': '5475369', 'robotfindskitten': '5474869', 'squirrel3': '5475279', 'rolldice': '5152439', 'moon-buggy': '5439204', 'apple': '5495053', 'banana': '5494888', 'cherry': '5495382', 'watermelon': '5494510', 'registry': '8018911', 'hello-world': '8021526', 'docker/getting-started': '8021973', 'alpine': '7991792'}
12:09:17 INFO  EnvironmentC8y Setup
12:09:17 INFO  Executed systemctl&lt;serv_mapper1&gt;, exit status 3
12:09:17 INFO  Restarting mosquitto too frequently in the last 10 seconds. It was only up for 4 seconds
12:09:17 INFO  Delaying execution by 7 seconds
12:09:38 INFO  Executed sudo&lt;tedge_connect_c8y&gt;, exit status 0, duration 13 secs
12:09:39 INFO  Executed sudo&lt;tedge_connect_c8y_test&gt;, exit status 0
12:09:39 INFO  Executed systemctl&lt;serv_mosq2&gt;, exit status 0
12:09:40 INFO  Executed systemctl&lt;serv_mapper3&gt;, exit status 0
12:09:42 INFO  State of current operation: PENDING
12:09:44 INFO  State of current operation: PENDING
12:09:47 INFO  State of current operation: PENDING
12:09:49 INFO  State of current operation: PENDING
12:09:51 INFO  State of current operation: PENDING
12:09:53 INFO  State of current operation: PENDING
12:09:55 INFO  State of current operation: PENDING
12:09:58 INFO  State of current operation: PENDING
12:10:00 INFO  State of current operation: PENDING
12:10:02 INFO  State of current operation: PENDING
12:10:04 INFO  State of current operation: PENDING
12:10:07 INFO  State of current operation: PENDING
12:10:09 INFO  State of current operation: PENDING
12:10:12 INFO  State of current operation: PENDING
12:10:14 INFO  State of current operation: PENDING
12:10:16 INFO  State of current operation: PENDING
12:10:18 INFO  State of current operation: PENDING
12:10:21 INFO  State of current operation: PENDING
12:10:23 INFO  State of current operation: PENDING
12:10:25 INFO  State of current operation: PENDING
12:10:27 INFO  State of current operation: PENDING
12:10:29 INFO  State of current operation: PENDING
12:10:32 INFO  State of current operation: PENDING
12:10:34 INFO  State of current operation: PENDING
12:10:36 INFO  State of current operation: PENDING
12:10:38 INFO  State of current operation: PENDING
12:10:41 INFO  State of current operation: PENDING
12:10:43 INFO  State of current operation: PENDING
12:10:45 INFO  State of current operation: PENDING
12:10:47 INFO  State of current operation: PENDING
12:10:50 INFO  State of current operation: PENDING
12:10:52 INFO  State of current operation: PENDING
12:10:54 INFO  State of current operation: PENDING
12:10:56 INFO  State of current operation: PENDING
12:10:59 INFO  State of current operation: PENDING
12:11:01 INFO  State of current operation: PENDING
12:11:03 INFO  State of current operation: PENDING
12:11:05 INFO  State of current operation: PENDING
12:11:07 INFO  State of current operation: PENDING
12:11:10 INFO  State of current operation: PENDING
12:11:12 INFO  State of current operation: PENDING
12:11:14 INFO  State of current operation: PENDING
12:11:16 INFO  State of current operation: PENDING
12:11:19 INFO  State of current operation: PENDING
12:11:21 INFO  State of current operation: PENDING
12:11:23 INFO  State of current operation: PENDING
12:11:25 INFO  State of current operation: PENDING
12:11:28 INFO  State of current operation: PENDING
12:11:30 INFO  State of current operation: PENDING
12:11:32 INFO  State of current operation: PENDING
12:11:34 INFO  State of current operation: PENDING
12:11:36 INFO  State of current operation: PENDING
12:11:39 INFO  State of current operation: PENDING
12:11:41 INFO  State of current operation: PENDING
12:11:43 INFO  State of current operation: PENDING
12:11:45 INFO  State of current operation: PENDING
12:11:48 INFO  State of current operation: PENDING
12:11:50 INFO  State of current operation: PENDING
12:11:52 INFO  State of current operation: PENDING
12:11:54 INFO  State of current operation: PENDING
12:11:57 INFO  State of current operation: PENDING
12:11:59 WARN  SystemError occurred while running test - Timeout while waiting for status FAILED or SUCCESSFUL
Traceback (most recent call last):
  File &quot;/home/pi/env-pysys/lib/python3.7/site-packages/pysys/baserunner.py&quot;, line 1292, in __call__
    self.testObj.setup()
  File &quot;/home/pi/actions-runner/_work/thin-edge.io/thin-edge.io/tests/PySys/software_management_end_to_end/sm_apt_install_remove_multiple_mixed/run.py&quot;, line 73, in setup
    super().setup()
  File &quot;/home/pi/actions-runner/_work/thin-edge.io/thin-edge.io/tests/PySys/software_management_end_to_end/environment_sm_management.py&quot;, line 151, in setup
    self.wait_until_end()
  File &quot;/home/pi/actions-runner/_work/thin-edge.io/thin-edge.io/tests/PySys/software_management_end_to_end/environment_sm_management.py&quot;, line 332, in wait_until_end
    self.wait_until_status(&quot;FAILED&quot;, &quot;SUCCESSFUL&quot;)
  File &quot;/home/pi/actions-runner/_work/thin-edge.io/thin-edge.io/tests/PySys/software_management_end_to_end/environment_sm_management.py&quot;, line 381, in wait_until_status
    &quot;Timeout while waiting for status %s or %s&quot; % (status, status2)
SystemError: Timeout while waiting for status FAILED or SUCCESSFUL
12:11:59 WARN  SystemError: Timeout while waiting for status FAILED or SUCCESSFUL ... blocked 
12:11:59 INFO  
12:11:59 INFO  cleanup:
12:12:03 INFO  Executed sudo&lt;tedge_disconnect_c8y&gt;, exit status 0
12:12:03 INFO  Executed systemctl&lt;serv_mapper5&gt;, exit status 3
12:12:03 INFO  
12:12:03 INFO  Test duration: 166.64 secs
12:12:03 INFO  Test final outcome:  BLOCKED
12:12:03 INFO  Test outcome reason: SystemError: Timeout while waiting for status FAILED or SUCCESSFUL
12:12:03 INFO  
</system-out>
	</testcase>
</testsuite>
