<?xml version="1.0" encoding="utf-8"?>
<testsuite failures="1" name="SoftwareManagement.sm_mixed_install_remove_multiple" skipped="0" tests="1" time="163.32" timestamp="2022-07-25T11:43:29">
	<testcase classname="PySysTest" name="SoftwareManagement.sm_mixed_install_remove_multiple">
		<failure message="FAILED: Assert that (False == value) with value=True" type="FAILED"/>
		<system-out>11:40:46 INFO  ==============================================================
11:40:46 INFO  Id:    SoftwareManagement.sm_mixed_install_remove_multiple
11:40:46 INFO  Dir:   software_management_end_to_end/
11:40:46 INFO  Title: Validate end to end behaviour for the dummy-plugin for multiple packages with mixed versions
11:40:46 INFO  ==============================================================
11:40:46 INFO  Using sw id database: {'asciijump': '5475369', 'robotfindskitten': '5474869', 'squirrel3': '5475279', 'rolldice': '5152439', 'moon-buggy': '5439204', 'apple': '5495053', 'banana': '5494888', 'cherry': '5495382', 'watermelon': '5494510', 'registry': '8018911', 'hello-world': '8021526', 'docker/getting-started': '8021973', 'alpine': '7991792'}
11:40:46 INFO  EnvironmentC8y Setup
11:40:46 INFO  Executed systemctl&lt;serv_mapper1&gt;, exit status 3
11:40:46 INFO  Restarting mosquitto too frequently in the last 10 seconds. It was only up for 5 seconds
11:40:46 INFO  Delaying execution by 6 seconds
11:41:07 INFO  Executed sudo&lt;tedge_connect_c8y&gt;, exit status 0, duration 14 secs
11:41:07 INFO  Executed sudo&lt;tedge_connect_c8y_test&gt;, exit status 0
11:41:08 INFO  Executed systemctl&lt;serv_mosq2&gt;, exit status 0
11:41:08 INFO  Executed systemctl&lt;serv_mapper3&gt;, exit status 0
11:41:10 INFO  State of current operation: SUCCESSFUL
11:41:11 INFO  Package apple is installed
11:41:11 INFO  Assert that (True == value) with value=True ... passed
11:41:11 INFO  Package banana is installed
11:41:11 INFO  Assert that (True == value) with value=True ... passed
11:41:11 INFO  Package cherry is installed
11:41:11 INFO  Assert that (True == value) with value=True ... passed
11:41:11 INFO  Package asciijump is installed
11:41:11 WARN  Assert that (False == value) with value=True ... failed 
11:41:12 INFO  Assert that (False == value) with value=False ... passed
11:41:12 INFO  Response status: 201
11:41:12 INFO  Response to action: {
    &quot;creationTime&quot;: &quot;2022-07-25T11:41:12.351Z&quot;,
    &quot;deviceId&quot;: &quot;21360435&quot;,
    &quot;deviceName&quot;: &quot;m32sd10a&quot;,
    &quot;self&quot;: &quot;https://t493319102.eu-latest.cumulocity.com/devicecontrol/operations/21377845&quot;,
    &quot;id&quot;: &quot;21377845&quot;,
    &quot;status&quot;: &quot;PENDING&quot;,
    &quot;description&quot;: &quot;Apply software changes, triggered from PySys: [{'action': 'install', 'id': '5495053', 'name': 'apple', 'url': ' ', 'version': '::fruits'}, {'action': 'install', 'id': '5494888', 'name': 'banana', 'url': ' ', 'version': '::fruits'}, {'action': 'install', 'id': '5475369', 'name': 'asciijump', 'url': ' ', 'version': '::apt'}, {'action': 'install', 'id': '5495382', 'name': 'cherry', 'url': ' ', 'version': '::fruits'}, {'action': 'install', 'id': '8018911', 'name': 'registry', 'url': ' ', 'version': '::docker'}]&quot;,
    &quot;c8y_SoftwareUpdate&quot;: [
        {
            &quot;name&quot;: &quot;apple&quot;,
            &quot;action&quot;: &quot;install&quot;,
            &quot;id&quot;: &quot;5495053&quot;,
            &quot;version&quot;: &quot;::fruits&quot;,
            &quot;url&quot;: &quot; &quot;
        },
        {
            &quot;name&quot;: &quot;banana&quot;,
            &quot;action&quot;: &quot;install&quot;,
            &quot;id&quot;: &quot;5494888&quot;,
            &quot;version&quot;: &quot;::fruits&quot;,
            &quot;url&quot;: &quot; &quot;
        },
        {
            &quot;name&quot;: &quot;asciijump&quot;,
            &quot;action&quot;: &quot;install&quot;,
            &quot;id&quot;: &quot;5475369&quot;,
            &quot;version&quot;: &quot;::apt&quot;,
            &quot;url&quot;: &quot; &quot;
        },
        {
            &quot;name&quot;: &quot;cherry&quot;,
            &quot;action&quot;: &quot;install&quot;,
            &quot;id&quot;: &quot;5495382&quot;,
            &quot;version&quot;: &quot;::fruits&quot;,
            &quot;url&quot;: &quot; &quot;
        },
        {
            &quot;name&quot;: &quot;registry&quot;,
            &quot;action&quot;: &quot;install&quot;,
            &quot;id&quot;: &quot;8018911&quot;,
            &quot;version&quot;: &quot;::docker&quot;,
            &quot;url&quot;: &quot; &quot;
        }
    ]
}
11:41:12 INFO  Started operation: {'creationTime': '2022-07-25T11:41:12.351Z', 'deviceId': '21360435', 'deviceName': 'm32sd10a', 'self': 'https://t493319102.eu-latest.cumulocity.com/devicecontrol/operations/21377845', 'id': '21377845', 'status': 'PENDING', 'description': &quot;Apply software changes, triggered from PySys: [{'action': 'install', 'id': '5495053', 'name': 'apple', 'url': ' ', 'version': '::fruits'}, {'action': 'install', 'id': '5494888', 'name': 'banana', 'url': ' ', 'version': '::fruits'}, {'action': 'install', 'id': '5475369', 'name': 'asciijump', 'url': ' ', 'version': '::apt'}, {'action': 'install', 'id': '5495382', 'name': 'cherry', 'url': ' ', 'version': '::fruits'}, {'action': 'install', 'id': '8018911', 'name': 'registry', 'url': ' ', 'version': '::docker'}]&quot;, 'c8y_SoftwareUpdate': [{'name': 'apple', 'action': 'install', 'id': '5495053', 'version': '::fruits', 'url': ' '}, {'name': 'banana', 'action': 'install', 'id': '5494888', 'version': '::fruits', 'url': ' '}, {'name': 'asciijump', 'action': 'install', 'id': '5475369', 'version': '::apt', 'url': ' '}, {'name': 'cherry', 'action': 'install', 'id': '5495382', 'version': '::fruits', 'url': ' '}, {'name': 'registry', 'action': 'install', 'id': '8018911', 'version': '::docker', 'url': ' '}]}
11:41:14 INFO  State of operation 21377845 : PENDING
11:41:16 INFO  State of operation 21377845 : EXECUTING
11:41:19 INFO  State of operation 21377845 : EXECUTING
11:41:21 INFO  State of operation 21377845 : EXECUTING
11:41:23 INFO  State of operation 21377845 : EXECUTING
11:41:25 INFO  State of operation 21377845 : EXECUTING
11:41:28 INFO  State of operation 21377845 : EXECUTING
11:41:31 INFO  State of operation 21377845 : EXECUTING
11:41:33 INFO  State of operation 21377845 : EXECUTING
11:41:35 INFO  State of operation 21377845 : EXECUTING
11:41:38 INFO  State of operation 21377845 : EXECUTING
11:41:40 INFO  State of operation 21377845 : EXECUTING
11:41:42 INFO  State of operation 21377845 : EXECUTING
11:41:44 INFO  State of operation 21377845 : EXECUTING
11:41:46 INFO  State of operation 21377845 : EXECUTING
11:41:49 INFO  State of operation 21377845 : EXECUTING
11:41:51 INFO  State of operation 21377845 : EXECUTING
11:41:53 INFO  State of operation 21377845 : EXECUTING
11:41:55 INFO  State of operation 21377845 : EXECUTING
11:41:58 INFO  State of operation 21377845 : EXECUTING
11:42:00 INFO  State of operation 21377845 : EXECUTING
11:42:02 INFO  State of operation 21377845 : EXECUTING
11:42:04 INFO  State of operation 21377845 : EXECUTING
11:42:07 INFO  State of operation 21377845 : EXECUTING
11:42:09 INFO  State of operation 21377845 : EXECUTING
11:42:11 INFO  State of operation 21377845 : SUCCESSFUL
11:42:11 INFO  Package apple is installed
11:42:11 INFO  Assert that (True == value) with value=True ... passed
11:42:12 INFO  Package banana is installed
11:42:12 INFO  Assert that (True == value) with value=True ... passed
11:42:12 INFO  Package cherry is installed
11:42:12 INFO  Assert that (True == value) with value=True ... passed
11:42:12 INFO  Package asciijump is installed
11:42:12 INFO  Assert that (True == value) with value=True ... passed
11:42:13 INFO  Package registry is installed
11:42:13 INFO  Assert that (True == value) with value=True ... passed
11:42:13 INFO  Response status: 201
11:42:13 INFO  Response to action: {
    &quot;creationTime&quot;: &quot;2022-07-25T11:42:13.213Z&quot;,
    &quot;deviceId&quot;: &quot;21360435&quot;,
    &quot;deviceName&quot;: &quot;m32sd10a&quot;,
    &quot;self&quot;: &quot;https://t493319102.eu-latest.cumulocity.com/devicecontrol/operations/21377847&quot;,
    &quot;id&quot;: &quot;21377847&quot;,
    &quot;status&quot;: &quot;PENDING&quot;,
    &quot;description&quot;: &quot;Apply software changes, triggered from PySys: [{'action': 'delete', 'id': '5495053', 'name': 'apple', 'url': ' ', 'version': '::fruits'}, {'action': 'delete', 'id': '5494888', 'name': 'banana', 'url': ' ', 'version': '::fruits'}, {'action': 'delete', 'id': '5475369', 'name': 'asciijump', 'url': ' ', 'version': '::apt'}, {'action': 'delete', 'id': '5495382', 'name': 'cherry', 'url': ' ', 'version': '::fruits'}, {'action': 'delete', 'id': '8018911', 'name': 'registry', 'url': ' ', 'version': '::docker'}]&quot;,
    &quot;c8y_SoftwareUpdate&quot;: [
        {
            &quot;name&quot;: &quot;apple&quot;,
            &quot;action&quot;: &quot;delete&quot;,
            &quot;id&quot;: &quot;5495053&quot;,
            &quot;version&quot;: &quot;::fruits&quot;,
            &quot;url&quot;: &quot; &quot;
        },
        {
            &quot;name&quot;: &quot;banana&quot;,
            &quot;action&quot;: &quot;delete&quot;,
            &quot;id&quot;: &quot;5494888&quot;,
            &quot;version&quot;: &quot;::fruits&quot;,
            &quot;url&quot;: &quot; &quot;
        },
        {
            &quot;name&quot;: &quot;asciijump&quot;,
            &quot;action&quot;: &quot;delete&quot;,
            &quot;id&quot;: &quot;5475369&quot;,
            &quot;version&quot;: &quot;::apt&quot;,
            &quot;url&quot;: &quot; &quot;
        },
        {
            &quot;name&quot;: &quot;cherry&quot;,
            &quot;action&quot;: &quot;delete&quot;,
            &quot;id&quot;: &quot;5495382&quot;,
            &quot;version&quot;: &quot;::fruits&quot;,
            &quot;url&quot;: &quot; &quot;
        },
        {
            &quot;name&quot;: &quot;registry&quot;,
            &quot;action&quot;: &quot;delete&quot;,
            &quot;id&quot;: &quot;8018911&quot;,
            &quot;version&quot;: &quot;::docker&quot;,
            &quot;url&quot;: &quot; &quot;
        }
    ]
}
11:42:13 INFO  Started operation: {'creationTime': '2022-07-25T11:42:13.213Z', 'deviceId': '21360435', 'deviceName': 'm32sd10a', 'self': 'https://t493319102.eu-latest.cumulocity.com/devicecontrol/operations/21377847', 'id': '21377847', 'status': 'PENDING', 'description': &quot;Apply software changes, triggered from PySys: [{'action': 'delete', 'id': '5495053', 'name': 'apple', 'url': ' ', 'version': '::fruits'}, {'action': 'delete', 'id': '5494888', 'name': 'banana', 'url': ' ', 'version': '::fruits'}, {'action': 'delete', 'id': '5475369', 'name': 'asciijump', 'url': ' ', 'version': '::apt'}, {'action': 'delete', 'id': '5495382', 'name': 'cherry', 'url': ' ', 'version': '::fruits'}, {'action': 'delete', 'id': '8018911', 'name': 'registry', 'url': ' ', 'version': '::docker'}]&quot;, 'c8y_SoftwareUpdate': [{'name': 'apple', 'action': 'delete', 'id': '5495053', 'version': '::fruits', 'url': ' '}, {'name': 'banana', 'action': 'delete', 'id': '5494888', 'version': '::fruits', 'url': ' '}, {'name': 'asciijump', 'action': 'delete', 'id': '5475369', 'version': '::apt', 'url': ' '}, {'name': 'cherry', 'action': 'delete', 'id': '5495382', 'version': '::fruits', 'url': ' '}, {'name': 'registry', 'action': 'delete', 'id': '8018911', 'version': '::docker', 'url': ' '}]}
11:42:15 INFO  State of operation 21377847 : PENDING
11:42:17 INFO  State of operation 21377847 : EXECUTING
11:42:19 INFO  State of operation 21377847 : EXECUTING
11:42:22 INFO  State of operation 21377847 : EXECUTING
11:42:24 INFO  State of operation 21377847 : EXECUTING
11:42:26 INFO  State of operation 21377847 : EXECUTING
11:42:29 INFO  State of operation 21377847 : EXECUTING
11:42:31 INFO  State of operation 21377847 : EXECUTING
11:42:34 INFO  State of operation 21377847 : EXECUTING
11:42:36 INFO  State of operation 21377847 : EXECUTING
11:42:38 INFO  State of operation 21377847 : EXECUTING
11:42:40 INFO  State of operation 21377847 : EXECUTING
11:42:43 INFO  State of operation 21377847 : EXECUTING
11:42:45 INFO  State of operation 21377847 : EXECUTING
11:42:47 INFO  State of operation 21377847 : EXECUTING
11:42:49 INFO  State of operation 21377847 : EXECUTING
11:42:53 INFO  State of operation 21377847 : EXECUTING
11:42:56 INFO  State of operation 21377847 : EXECUTING
11:42:58 INFO  State of operation 21377847 : EXECUTING
11:43:00 INFO  State of operation 21377847 : EXECUTING
11:43:02 INFO  State of operation 21377847 : EXECUTING
11:43:05 INFO  State of operation 21377847 : EXECUTING
11:43:07 INFO  State of operation 21377847 : EXECUTING
11:43:10 INFO  State of operation 21377847 : EXECUTING
11:43:12 INFO  State of operation 21377847 : EXECUTING
11:43:14 INFO  State of operation 21377847 : EXECUTING
11:43:16 INFO  State of operation 21377847 : EXECUTING
11:43:19 INFO  State of operation 21377847 : EXECUTING
11:43:21 INFO  State of operation 21377847 : EXECUTING
11:43:23 INFO  State of operation 21377847 : SUCCESSFUL
11:43:23 INFO  Package apple is installed
11:43:23 INFO  Assert that (True == value) with value=True ... passed
11:43:24 INFO  Package banana is installed
11:43:24 INFO  Assert that (True == value) with value=True ... passed
11:43:24 INFO  Package cherry is installed
11:43:24 INFO  Assert that (True == value) with value=True ... passed
11:43:24 INFO  Assert that (False == value) with value=False ... passed
11:43:24 INFO  Assert that (False == value) with value=False ... passed
11:43:24 INFO  
11:43:24 INFO  cleanup:
11:43:28 INFO  Executed sudo&lt;tedge_disconnect_c8y&gt;, exit status 0
11:43:29 INFO  Executed systemctl&lt;serv_mapper5&gt;, exit status 3
11:43:29 INFO  
11:43:29 INFO  Test duration: 163.32 secs
11:43:29 INFO  Test final outcome:  FAILED
11:43:29 INFO  Test outcome reason: Assert that (False == value) with value=True
11:43:29 INFO  
</system-out>
	</testcase>
</testsuite>
