<?xml version="1.0" encoding="utf-8"?>
<testsuite failures="1" name="SoftwareManagement.sm_apt_install_remove_multiple_mixed" skipped="0" tests="1" time="178.76" timestamp="2022-07-22T03:14:33">
	<testcase classname="PySysTest" name="SoftwareManagement.sm_apt_install_remove_multiple_mixed">
		<failure message="BLOCKED: SystemError: Timeout while waiting for status SUCCESSFUL or False" type="BLOCKED"/>
		<system-out>03:11:35 INFO  ==============================================================
03:11:35 INFO  Id:    SoftwareManagement.sm_apt_install_remove_multiple_mixed
03:11:35 INFO  Dir:   software_management_end_to_end/
03:11:35 INFO  Title: Validate end to end behaviour for the apt plugin for multiple packages with mixed versions
03:11:35 INFO  ==============================================================
03:11:35 INFO  Using sw id database: {'asciijump': '5475369', 'robotfindskitten': '5474869', 'squirrel3': '5475279', 'rolldice': '5152439', 'moon-buggy': '5439204', 'apple': '5495053', 'banana': '5494888', 'cherry': '5495382', 'watermelon': '5494510', 'registry': '8018911', 'hello-world': '8021526', 'docker/getting-started': '8021973', 'alpine': '7991792'}
03:11:35 INFO  EnvironmentC8y Setup
03:11:35 INFO  Executed systemctl&lt;serv_mapper1&gt;, exit status 3
03:11:35 INFO  Restarting mosquitto too frequently in the last 10 seconds. It was only up for 5 seconds
03:11:35 INFO  Delaying execution by 6 seconds
03:11:55 INFO  Executed sudo&lt;tedge_connect_c8y&gt;, exit status 0, duration 14 secs
03:11:56 INFO  Executed sudo&lt;tedge_connect_c8y_test&gt;, exit status 0
03:11:57 INFO  Executed systemctl&lt;serv_mosq2&gt;, exit status 0
03:11:57 INFO  Executed systemctl&lt;serv_mapper3&gt;, exit status 0
03:11:59 INFO  State of current operation: SUCCESSFUL
03:12:00 INFO  Assert that (False == value) with value=False ... passed
03:12:00 INFO  Assert that (False == value) with value=False ... passed
03:12:00 INFO  Assert that (False == value) with value=False ... passed
03:12:00 INFO  Assert that (False == value) with value=False ... passed
03:12:01 INFO  Assert that (False == value) with value=False ... passed
03:12:02 INFO  Response status: 201
03:12:02 INFO  Response to action: {
    &quot;creationTime&quot;: &quot;2022-07-22T03:12:02.224Z&quot;,
    &quot;deviceId&quot;: &quot;21164556&quot;,
    &quot;deviceName&quot;: &quot;m32sd10a&quot;,
    &quot;self&quot;: &quot;https://t493319102.eu-latest.cumulocity.com/devicecontrol/operations/21230979&quot;,
    &quot;id&quot;: &quot;21230979&quot;,
    &quot;status&quot;: &quot;PENDING&quot;,
    &quot;description&quot;: &quot;Apply software changes, triggered from PySys: [{'action': 'install', 'id': '5475369', 'name': 'asciijump', 'url': ' ', 'version': '::apt'}, {'action': 'install', 'id': '5474869', 'name': 'robotfindskitten', 'url': ' ', 'version': ' '}, {'action': 'install', 'id': '5475279', 'name': 'squirrel3', 'url': ' ', 'version': '3.1-7::apt'}, {'action': 'install', 'id': '5152439', 'name': 'rolldice', 'url': ' ', 'version': '1.16-1+b1'}, {'action': 'install', 'id': '5439204', 'name': 'moon-buggy', 'url': ' ', 'version': '1:1.0.51-12'}, {'action': 'install', 'id': '5475369', 'name': 'asciijump', 'url': ' ', 'version': '::apt'}]&quot;,
    &quot;c8y_SoftwareUpdate&quot;: [
        {
            &quot;name&quot;: &quot;asciijump&quot;,
            &quot;action&quot;: &quot;install&quot;,
            &quot;id&quot;: &quot;5475369&quot;,
            &quot;version&quot;: &quot;::apt&quot;,
            &quot;url&quot;: &quot; &quot;
        },
        {
            &quot;name&quot;: &quot;robotfindskitten&quot;,
            &quot;action&quot;: &quot;install&quot;,
            &quot;id&quot;: &quot;5474869&quot;,
            &quot;version&quot;: &quot; &quot;,
            &quot;url&quot;: &quot; &quot;
        },
        {
            &quot;name&quot;: &quot;squirrel3&quot;,
            &quot;action&quot;: &quot;install&quot;,
            &quot;id&quot;: &quot;5475279&quot;,
            &quot;version&quot;: &quot;3.1-7::apt&quot;,
            &quot;url&quot;: &quot; &quot;
        },
        {
            &quot;name&quot;: &quot;rolldice&quot;,
            &quot;action&quot;: &quot;install&quot;,
            &quot;id&quot;: &quot;5152439&quot;,
            &quot;version&quot;: &quot;1.16-1+b1&quot;,
            &quot;url&quot;: &quot; &quot;
        },
        {
            &quot;name&quot;: &quot;moon-buggy&quot;,
            &quot;action&quot;: &quot;install&quot;,
            &quot;id&quot;: &quot;5439204&quot;,
            &quot;version&quot;: &quot;1:1.0.51-12&quot;,
            &quot;url&quot;: &quot; &quot;
        },
        {
            &quot;name&quot;: &quot;asciijump&quot;,
            &quot;action&quot;: &quot;install&quot;,
            &quot;id&quot;: &quot;5475369&quot;,
            &quot;version&quot;: &quot;::apt&quot;,
            &quot;url&quot;: &quot; &quot;
        }
    ]
}
03:12:02 INFO  Started operation: {'creationTime': '2022-07-22T03:12:02.224Z', 'deviceId': '21164556', 'deviceName': 'm32sd10a', 'self': 'https://t493319102.eu-latest.cumulocity.com/devicecontrol/operations/21230979', 'id': '21230979', 'status': 'PENDING', 'description': &quot;Apply software changes, triggered from PySys: [{'action': 'install', 'id': '5475369', 'name': 'asciijump', 'url': ' ', 'version': '::apt'}, {'action': 'install', 'id': '5474869', 'name': 'robotfindskitten', 'url': ' ', 'version': ' '}, {'action': 'install', 'id': '5475279', 'name': 'squirrel3', 'url': ' ', 'version': '3.1-7::apt'}, {'action': 'install', 'id': '5152439', 'name': 'rolldice', 'url': ' ', 'version': '1.16-1+b1'}, {'action': 'install', 'id': '5439204', 'name': 'moon-buggy', 'url': ' ', 'version': '1:1.0.51-12'}, {'action': 'install', 'id': '5475369', 'name': 'asciijump', 'url': ' ', 'version': '::apt'}]&quot;, 'c8y_SoftwareUpdate': [{'name': 'asciijump', 'action': 'install', 'id': '5475369', 'version': '::apt', 'url': ' '}, {'name': 'robotfindskitten', 'action': 'install', 'id': '5474869', 'version': ' ', 'url': ' '}, {'name': 'squirrel3', 'action': 'install', 'id': '5475279', 'version': '3.1-7::apt', 'url': ' '}, {'name': 'rolldice', 'action': 'install', 'id': '5152439', 'version': '1.16-1+b1', 'url': ' '}, {'name': 'moon-buggy', 'action': 'install', 'id': '5439204', 'version': '1:1.0.51-12', 'url': ' '}, {'name': 'asciijump', 'action': 'install', 'id': '5475369', 'version': '::apt', 'url': ' '}]}
03:12:04 INFO  State of operation 21230979 : PENDING
03:12:06 INFO  State of operation 21230979 : EXECUTING
03:12:08 INFO  State of operation 21230979 : EXECUTING
03:12:11 INFO  State of operation 21230979 : EXECUTING
03:12:13 INFO  State of operation 21230979 : EXECUTING
03:12:15 INFO  State of operation 21230979 : EXECUTING
03:12:18 INFO  State of operation 21230979 : EXECUTING
03:12:21 INFO  State of operation 21230979 : EXECUTING
03:12:23 INFO  State of operation 21230979 : EXECUTING
03:12:25 INFO  State of operation 21230979 : EXECUTING
03:12:27 INFO  State of operation 21230979 : EXECUTING
03:12:30 INFO  State of operation 21230979 : EXECUTING
03:12:32 INFO  State of operation 21230979 : EXECUTING
03:12:34 INFO  State of operation 21230979 : EXECUTING
03:12:36 INFO  State of operation 21230979 : EXECUTING
03:12:39 INFO  State of operation 21230979 : EXECUTING
03:12:41 INFO  State of operation 21230979 : EXECUTING
03:12:43 INFO  State of operation 21230979 : EXECUTING
03:12:46 INFO  State of operation 21230979 : EXECUTING
03:12:48 INFO  State of operation 21230979 : EXECUTING
03:12:51 INFO  State of operation 21230979 : EXECUTING
03:12:53 INFO  State of operation 21230979 : EXECUTING
03:12:56 INFO  State of operation 21230979 : EXECUTING
03:12:58 INFO  State of operation 21230979 : EXECUTING
03:13:00 INFO  State of operation 21230979 : EXECUTING
03:13:02 INFO  State of operation 21230979 : EXECUTING
03:13:05 INFO  State of operation 21230979 : EXECUTING
03:13:07 INFO  State of operation 21230979 : EXECUTING
03:13:10 INFO  State of operation 21230979 : EXECUTING
03:13:12 INFO  State of operation 21230979 : EXECUTING
03:13:14 INFO  State of operation 21230979 : EXECUTING
03:13:17 INFO  State of operation 21230979 : EXECUTING
03:13:19 INFO  State of operation 21230979 : EXECUTING
03:13:21 INFO  State of operation 21230979 : EXECUTING
03:13:23 INFO  State of operation 21230979 : EXECUTING
03:13:26 INFO  State of operation 21230979 : EXECUTING
03:13:28 INFO  State of operation 21230979 : EXECUTING
03:13:30 INFO  State of operation 21230979 : EXECUTING
03:13:33 INFO  State of operation 21230979 : EXECUTING
03:13:35 INFO  State of operation 21230979 : EXECUTING
03:13:38 INFO  State of operation 21230979 : EXECUTING
03:13:40 INFO  State of operation 21230979 : EXECUTING
03:13:42 INFO  State of operation 21230979 : EXECUTING
03:13:45 INFO  State of operation 21230979 : EXECUTING
03:13:47 INFO  State of operation 21230979 : EXECUTING
03:13:49 INFO  State of operation 21230979 : EXECUTING
03:13:51 INFO  State of operation 21230979 : EXECUTING
03:13:54 INFO  State of operation 21230979 : EXECUTING
03:13:56 INFO  State of operation 21230979 : EXECUTING
03:13:58 INFO  State of operation 21230979 : EXECUTING
03:14:01 INFO  State of operation 21230979 : EXECUTING
03:14:03 INFO  State of operation 21230979 : EXECUTING
03:14:05 INFO  State of operation 21230979 : EXECUTING
03:14:08 INFO  State of operation 21230979 : EXECUTING
03:14:10 INFO  State of operation 21230979 : EXECUTING
03:14:13 INFO  State of operation 21230979 : EXECUTING
03:14:15 INFO  State of operation 21230979 : EXECUTING
03:14:17 INFO  State of operation 21230979 : EXECUTING
03:14:20 INFO  State of operation 21230979 : EXECUTING
03:14:22 INFO  State of operation 21230979 : EXECUTING
03:14:24 INFO  State of operation 21230979 : EXECUTING
03:14:26 WARN  SystemError occurred while running test - Timeout while waiting for status SUCCESSFUL or False
Traceback (most recent call last):
  File &quot;/home/pi/env-pysys/lib/python3.7/site-packages/pysys/baserunner.py&quot;, line 1294, in __call__
    self.testObj.execute()
  File &quot;/home/pi/actions-runner/_work/thin-edge.io/thin-edge.io/tests/PySys/software_management_end_to_end/sm_apt_install_remove_multiple_mixed/run.py&quot;, line 89, in execute
    self.wait_until_succcess()
  File &quot;/home/pi/actions-runner/_work/thin-edge.io/thin-edge.io/tests/PySys/software_management_end_to_end/environment_sm_management.py&quot;, line 324, in wait_until_succcess
    self.wait_until_status(&quot;SUCCESSFUL&quot;)
  File &quot;/home/pi/actions-runner/_work/thin-edge.io/thin-edge.io/tests/PySys/software_management_end_to_end/environment_sm_management.py&quot;, line 381, in wait_until_status
    &quot;Timeout while waiting for status %s or %s&quot; % (status, status2)
SystemError: Timeout while waiting for status SUCCESSFUL or False
03:14:26 WARN  SystemError: Timeout while waiting for status SUCCESSFUL or False ... blocked 
03:14:26 INFO  
03:14:26 INFO  cleanup:
03:14:33 INFO  Executed sudo&lt;tedge_disconnect_c8y&gt;, exit status 0
03:14:33 INFO  Executed systemctl&lt;serv_mapper5&gt;, exit status 3
03:14:33 INFO  
03:14:33 INFO  Test duration: 178.76 secs
03:14:33 INFO  Test final outcome:  BLOCKED
03:14:33 INFO  Test outcome reason: SystemError: Timeout while waiting for status SUCCESSFUL or False
03:14:33 INFO  
</system-out>
	</testcase>
</testsuite>
