<?xml version="1.0" encoding="utf-8"?>
<testsuite failures="1" name="SoftwareManagement.sm_apt_install_remove_multiple_mixed" skipped="0" tests="1" time="176.54" timestamp="2022-06-22T15:07:47">
	<testcase classname="PySysTest" name="SoftwareManagement.sm_apt_install_remove_multiple_mixed">
		<failure message="BLOCKED: SystemError: Timeout while waiting for status SUCCESSFUL or False (+1 other failures)" type="BLOCKED"/>
		<system-out>15:04:51 INFO  ==============================================================
15:04:51 INFO  Id:    SoftwareManagement.sm_apt_install_remove_multiple_mixed
15:04:51 INFO  Dir:   software_management_end_to_end/
15:04:51 INFO  Title: Validate end to end behaviour for the apt plugin for multiple packages with mixed versions
15:04:51 INFO  ==============================================================
15:04:51 INFO  Using sw id database: {'asciijump': '5475369', 'robotfindskitten': '5474869', 'squirrel3': '5475279', 'rolldice': '5152439', 'moon-buggy': '5439204', 'apple': '5495053', 'banana': '5494888', 'cherry': '5495382', 'watermelon': '5494510', 'registry': '8018911', 'hello-world': '8021526', 'docker/getting-started': '8021973', 'alpine': '7991792'}
15:04:51 INFO  EnvironmentC8y Setup
15:04:51 INFO  Executed systemctl&lt;serv_mapper1&gt;, exit status 3
15:04:52 INFO  Restarting mosquitto too frequently in the last 10 seconds. It was only up for 5 seconds
15:04:52 INFO  Delaying execution by 6 seconds
15:05:11 INFO  Executed sudo&lt;tedge_connect_c8y&gt;, exit status 0, duration 13 secs
15:05:12 INFO  Executed sudo&lt;tedge_connect_c8y_test&gt;, exit status 0
15:05:12 INFO  Executed systemctl&lt;serv_mosq2&gt;, exit status 0
15:05:13 INFO  Executed systemctl&lt;serv_mapper3&gt;, exit status 0
15:05:15 INFO  State of current operation: SUCCESSFUL
15:05:15 INFO  Assert that (False == value) with value=False ... passed
15:05:16 INFO  Assert that (False == value) with value=False ... passed
15:05:16 INFO  Assert that (False == value) with value=False ... passed
15:05:16 INFO  Assert that (False == value) with value=False ... passed
15:05:16 INFO  Package moon-buggy is installed
15:05:16 WARN  Assert that (False == value) with value=True ... failed 
15:05:18 INFO  Response status: 201
15:05:18 INFO  Response to action: {
    &quot;delivery&quot;: {
        &quot;log&quot;: [],
        &quot;time&quot;: &quot;2022-06-22T15:05:18.090Z&quot;,
        &quot;status&quot;: &quot;PENDING&quot;
    },
    &quot;creationTime&quot;: &quot;2022-06-22T15:05:18.076Z&quot;,
    &quot;deviceName&quot;: &quot;m32sd10a&quot;,
    &quot;deviceId&quot;: &quot;20403780&quot;,
    &quot;self&quot;: &quot;https://t493319102.eu-latest.cumulocity.com/devicecontrol/operations/20413822&quot;,
    &quot;id&quot;: &quot;20413822&quot;,
    &quot;status&quot;: &quot;PENDING&quot;,
    &quot;description&quot;: &quot;Apply software changes, triggered from PySys: [{'action': 'install', 'id': '5475369', 'name': 'asciijump', 'url': ' ', 'version': '::apt'}, {'action': 'install', 'id': '5474869', 'name': 'robotfindskitten', 'url': ' ', 'version': ' '}, {'action': 'install', 'id': '5475279', 'name': 'squirrel3', 'url': ' ', 'version': '3.1-7::apt'}, {'action': 'install', 'id': '5152439', 'name': 'rolldice', 'url': ' ', 'version': '1.16-1+b1'}, {'action': 'install', 'id': '5439204', 'name': 'moon-buggy', 'url': ' ', 'version': '1:1.0.51-12'}, {'action': 'install', 'id': '5475369', 'name': 'asciijump', 'url': ' ', 'version': '::apt'}]&quot;,
    &quot;c8y_SoftwareUpdate&quot;: [
        {
            &quot;name&quot;: &quot;asciijump&quot;,
            &quot;action&quot;: &quot;install&quot;,
            &quot;id&quot;: &quot;5475369&quot;,
            &quot;version&quot;: &quot;::apt&quot;,
            &quot;url&quot;: &quot; &quot;
        },
        {
            &quot;name&quot;: &quot;robotfindskitten&quot;,
            &quot;action&quot;: &quot;install&quot;,
            &quot;id&quot;: &quot;5474869&quot;,
            &quot;version&quot;: &quot; &quot;,
            &quot;url&quot;: &quot; &quot;
        },
        {
            &quot;name&quot;: &quot;squirrel3&quot;,
            &quot;action&quot;: &quot;install&quot;,
            &quot;id&quot;: &quot;5475279&quot;,
            &quot;version&quot;: &quot;3.1-7::apt&quot;,
            &quot;url&quot;: &quot; &quot;
        },
        {
            &quot;name&quot;: &quot;rolldice&quot;,
            &quot;action&quot;: &quot;install&quot;,
            &quot;id&quot;: &quot;5152439&quot;,
            &quot;version&quot;: &quot;1.16-1+b1&quot;,
            &quot;url&quot;: &quot; &quot;
        },
        {
            &quot;name&quot;: &quot;moon-buggy&quot;,
            &quot;action&quot;: &quot;install&quot;,
            &quot;id&quot;: &quot;5439204&quot;,
            &quot;version&quot;: &quot;1:1.0.51-12&quot;,
            &quot;url&quot;: &quot; &quot;
        },
        {
            &quot;name&quot;: &quot;asciijump&quot;,
            &quot;action&quot;: &quot;install&quot;,
            &quot;id&quot;: &quot;5475369&quot;,
            &quot;version&quot;: &quot;::apt&quot;,
            &quot;url&quot;: &quot; &quot;
        }
    ]
}
15:05:18 INFO  Started operation: {'delivery': {'log': [], 'time': '2022-06-22T15:05:18.090Z', 'status': 'PENDING'}, 'creationTime': '2022-06-22T15:05:18.076Z', 'deviceName': 'm32sd10a', 'deviceId': '20403780', 'self': 'https://t493319102.eu-latest.cumulocity.com/devicecontrol/operations/20413822', 'id': '20413822', 'status': 'PENDING', 'description': &quot;Apply software changes, triggered from PySys: [{'action': 'install', 'id': '5475369', 'name': 'asciijump', 'url': ' ', 'version': '::apt'}, {'action': 'install', 'id': '5474869', 'name': 'robotfindskitten', 'url': ' ', 'version': ' '}, {'action': 'install', 'id': '5475279', 'name': 'squirrel3', 'url': ' ', 'version': '3.1-7::apt'}, {'action': 'install', 'id': '5152439', 'name': 'rolldice', 'url': ' ', 'version': '1.16-1+b1'}, {'action': 'install', 'id': '5439204', 'name': 'moon-buggy', 'url': ' ', 'version': '1:1.0.51-12'}, {'action': 'install', 'id': '5475369', 'name': 'asciijump', 'url': ' ', 'version': '::apt'}]&quot;, 'c8y_SoftwareUpdate': [{'name': 'asciijump', 'action': 'install', 'id': '5475369', 'version': '::apt', 'url': ' '}, {'name': 'robotfindskitten', 'action': 'install', 'id': '5474869', 'version': ' ', 'url': ' '}, {'name': 'squirrel3', 'action': 'install', 'id': '5475279', 'version': '3.1-7::apt', 'url': ' '}, {'name': 'rolldice', 'action': 'install', 'id': '5152439', 'version': '1.16-1+b1', 'url': ' '}, {'name': 'moon-buggy', 'action': 'install', 'id': '5439204', 'version': '1:1.0.51-12', 'url': ' '}, {'name': 'asciijump', 'action': 'install', 'id': '5475369', 'version': '::apt', 'url': ' '}]}
15:05:20 INFO  State of operation 20413822 : PENDING
15:05:22 INFO  State of operation 20413822 : EXECUTING
15:05:24 INFO  State of operation 20413822 : EXECUTING
15:05:27 INFO  State of operation 20413822 : EXECUTING
15:05:29 INFO  State of operation 20413822 : EXECUTING
15:05:31 INFO  State of operation 20413822 : EXECUTING
15:05:34 INFO  State of operation 20413822 : EXECUTING
15:05:36 INFO  State of operation 20413822 : EXECUTING
15:05:39 INFO  State of operation 20413822 : EXECUTING
15:05:41 INFO  State of operation 20413822 : EXECUTING
15:05:44 INFO  State of operation 20413822 : EXECUTING
15:05:46 INFO  State of operation 20413822 : EXECUTING
15:05:48 INFO  State of operation 20413822 : EXECUTING
15:05:50 INFO  State of operation 20413822 : EXECUTING
15:05:53 INFO  State of operation 20413822 : EXECUTING
15:05:55 INFO  State of operation 20413822 : EXECUTING
15:05:57 INFO  State of operation 20413822 : EXECUTING
15:06:00 INFO  State of operation 20413822 : EXECUTING
15:06:02 INFO  State of operation 20413822 : EXECUTING
15:06:05 INFO  State of operation 20413822 : EXECUTING
15:06:07 INFO  State of operation 20413822 : EXECUTING
15:06:10 INFO  State of operation 20413822 : EXECUTING
15:06:12 INFO  State of operation 20413822 : EXECUTING
15:06:15 INFO  State of operation 20413822 : EXECUTING
15:06:17 INFO  State of operation 20413822 : EXECUTING
15:06:19 INFO  State of operation 20413822 : EXECUTING
15:06:22 INFO  State of operation 20413822 : EXECUTING
15:06:24 INFO  State of operation 20413822 : EXECUTING
15:06:26 INFO  State of operation 20413822 : EXECUTING
15:06:28 INFO  State of operation 20413822 : EXECUTING
15:06:31 INFO  State of operation 20413822 : EXECUTING
15:06:33 INFO  State of operation 20413822 : EXECUTING
15:06:35 INFO  State of operation 20413822 : EXECUTING
15:06:37 INFO  State of operation 20413822 : EXECUTING
15:06:40 INFO  State of operation 20413822 : EXECUTING
15:06:42 INFO  State of operation 20413822 : EXECUTING
15:06:44 INFO  State of operation 20413822 : EXECUTING
15:06:47 INFO  State of operation 20413822 : EXECUTING
15:06:49 INFO  State of operation 20413822 : EXECUTING
15:06:52 INFO  State of operation 20413822 : EXECUTING
15:06:54 INFO  State of operation 20413822 : EXECUTING
15:06:56 INFO  State of operation 20413822 : EXECUTING
15:06:58 INFO  State of operation 20413822 : EXECUTING
15:07:01 INFO  State of operation 20413822 : EXECUTING
15:07:03 INFO  State of operation 20413822 : EXECUTING
15:07:05 INFO  State of operation 20413822 : EXECUTING
15:07:07 INFO  State of operation 20413822 : EXECUTING
15:07:10 INFO  State of operation 20413822 : EXECUTING
15:07:12 INFO  State of operation 20413822 : EXECUTING
15:07:15 INFO  State of operation 20413822 : EXECUTING
15:07:17 INFO  State of operation 20413822 : EXECUTING
15:07:19 INFO  State of operation 20413822 : EXECUTING
15:07:22 INFO  State of operation 20413822 : EXECUTING
15:07:24 INFO  State of operation 20413822 : EXECUTING
15:07:27 INFO  State of operation 20413822 : EXECUTING
15:07:29 INFO  State of operation 20413822 : EXECUTING
15:07:31 INFO  State of operation 20413822 : EXECUTING
15:07:33 INFO  State of operation 20413822 : EXECUTING
15:07:36 INFO  State of operation 20413822 : EXECUTING
15:07:38 INFO  State of operation 20413822 : EXECUTING
15:07:40 INFO  State of operation 20413822 : EXECUTING
15:07:42 WARN  SystemError occurred while running test - Timeout while waiting for status SUCCESSFUL or False
Traceback (most recent call last):
  File &quot;/home/pi/env-pysys/lib/python3.7/site-packages/pysys/baserunner.py&quot;, line 1294, in __call__
    self.testObj.execute()
  File &quot;/home/pi/actions-runner/_work/thin-edge.io/thin-edge.io/tests/PySys/software_management_end_to_end/sm_apt_install_remove_multiple_mixed/run.py&quot;, line 89, in execute
    self.wait_until_succcess()
  File &quot;/home/pi/actions-runner/_work/thin-edge.io/thin-edge.io/tests/PySys/software_management_end_to_end/environment_sm_management.py&quot;, line 324, in wait_until_succcess
    self.wait_until_status(&quot;SUCCESSFUL&quot;)
  File &quot;/home/pi/actions-runner/_work/thin-edge.io/thin-edge.io/tests/PySys/software_management_end_to_end/environment_sm_management.py&quot;, line 381, in wait_until_status
    &quot;Timeout while waiting for status %s or %s&quot; % (status, status2)
SystemError: Timeout while waiting for status SUCCESSFUL or False
15:07:42 WARN  SystemError: Timeout while waiting for status SUCCESSFUL or False ... blocked 
15:07:42 INFO  
15:07:42 INFO  cleanup:
15:07:47 INFO  Executed sudo&lt;tedge_disconnect_c8y&gt;, exit status 0
15:07:47 INFO  Executed systemctl&lt;serv_mapper5&gt;, exit status 3
15:07:47 INFO  
15:07:47 INFO  Test duration: 176.54 secs
15:07:47 INFO  Test final outcome:  BLOCKED
15:07:47 INFO  Test outcome reason: SystemError: Timeout while waiting for status SUCCESSFUL or False (+1 other failures)
15:07:47 INFO  
</system-out>
	</testcase>
</testsuite>
