<?xml version="1.0" encoding="utf-8"?>
<testsuite failures="1" name="SoftwareManagement.sm_apt_install_remove_with_version" skipped="0" tests="1" time="165.64" timestamp="2022-05-23T12:29:19">
	<testcase classname="PySysTest" name="SoftwareManagement.sm_apt_install_remove_with_version">
		<failure message="BLOCKED: SystemError: Timeout while waiting for status FAILED or SUCCESSFUL" type="BLOCKED"/>
		<system-out>12:26:33 INFO  ==============================================================
12:26:33 INFO  Id:    SoftwareManagement.sm_apt_install_remove_with_version
12:26:33 INFO  Dir:   software_management_end_to_end/
12:26:33 INFO  Title: Validate end to end behaviour for the apt plugin for packages with version
12:26:33 INFO  ==============================================================
12:26:33 INFO  Using sw id database: {'asciijump': '5475369', 'robotfindskitten': '5474869', 'squirrel3': '5475279', 'rolldice': '5152439', 'moon-buggy': '5439204', 'apple': '5495053', 'banana': '5494888', 'cherry': '5495382', 'watermelon': '5494510', 'registry': '8018911', 'hello-world': '8021526', 'docker/getting-started': '8021973', 'alpine': '7991792'}
12:26:33 INFO  EnvironmentC8y Setup
12:26:34 INFO  Executed systemctl&lt;serv_mapper1&gt;, exit status 3
12:26:34 INFO  Restarting mosquitto too frequently in the last 10 seconds. It was only up for 5 seconds
12:26:34 INFO  Delaying execution by 6 seconds
12:26:54 INFO  Executed sudo&lt;tedge_connect_c8y&gt;, exit status 0, duration 14 secs
12:26:55 INFO  Executed sudo&lt;tedge_connect_c8y_test&gt;, exit status 0
12:26:55 INFO  Executed systemctl&lt;serv_mosq2&gt;, exit status 0
12:26:56 INFO  Executed systemctl&lt;serv_mapper3&gt;, exit status 0
12:26:58 INFO  State of current operation: PENDING
12:27:00 INFO  State of current operation: PENDING
12:27:02 INFO  State of current operation: PENDING
12:27:05 INFO  State of current operation: PENDING
12:27:07 INFO  State of current operation: PENDING
12:27:09 INFO  State of current operation: PENDING
12:27:11 INFO  State of current operation: PENDING
12:27:14 INFO  State of current operation: PENDING
12:27:16 INFO  State of current operation: PENDING
12:27:18 INFO  State of current operation: PENDING
12:27:20 INFO  State of current operation: PENDING
12:27:22 INFO  State of current operation: PENDING
12:27:25 INFO  State of current operation: PENDING
12:27:27 INFO  State of current operation: PENDING
12:27:29 INFO  State of current operation: PENDING
12:27:31 INFO  State of current operation: PENDING
12:27:34 INFO  State of current operation: PENDING
12:27:36 INFO  State of current operation: PENDING
12:27:38 INFO  State of current operation: PENDING
12:27:40 INFO  State of current operation: PENDING
12:27:42 INFO  State of current operation: PENDING
12:27:45 INFO  State of current operation: PENDING
12:27:47 INFO  State of current operation: PENDING
12:27:49 INFO  State of current operation: PENDING
12:27:51 INFO  State of current operation: PENDING
12:27:54 INFO  State of current operation: PENDING
12:27:56 INFO  State of current operation: PENDING
12:27:58 INFO  State of current operation: PENDING
12:28:00 INFO  State of current operation: PENDING
12:28:03 INFO  State of current operation: PENDING
12:28:05 INFO  State of current operation: PENDING
12:28:07 INFO  State of current operation: PENDING
12:28:09 INFO  State of current operation: PENDING
12:28:12 INFO  State of current operation: PENDING
12:28:14 INFO  State of current operation: PENDING
12:28:16 INFO  State of current operation: PENDING
12:28:18 INFO  State of current operation: PENDING
12:28:21 INFO  State of current operation: PENDING
12:28:23 INFO  State of current operation: PENDING
12:28:25 INFO  State of current operation: PENDING
12:28:27 INFO  State of current operation: PENDING
12:28:29 INFO  State of current operation: PENDING
12:28:32 INFO  State of current operation: PENDING
12:28:34 INFO  State of current operation: PENDING
12:28:36 INFO  State of current operation: PENDING
12:28:38 INFO  State of current operation: PENDING
12:28:41 INFO  State of current operation: PENDING
12:28:43 INFO  State of current operation: PENDING
12:28:45 INFO  State of current operation: PENDING
12:28:47 INFO  State of current operation: PENDING
12:28:50 INFO  State of current operation: PENDING
12:28:52 INFO  State of current operation: PENDING
12:28:54 INFO  State of current operation: PENDING
12:28:56 INFO  State of current operation: PENDING
12:28:59 INFO  State of current operation: PENDING
12:29:01 INFO  State of current operation: PENDING
12:29:03 INFO  State of current operation: PENDING
12:29:05 INFO  State of current operation: PENDING
12:29:08 INFO  State of current operation: PENDING
12:29:10 INFO  State of current operation: PENDING
12:29:12 INFO  State of current operation: PENDING
12:29:14 WARN  SystemError occurred while running test - Timeout while waiting for status FAILED or SUCCESSFUL
Traceback (most recent call last):
  File &quot;/home/pi/env-pysys/lib/python3.7/site-packages/pysys/baserunner.py&quot;, line 1292, in __call__
    self.testObj.setup()
  File &quot;/home/pi/actions-runner/_work/thin-edge.io/thin-edge.io/tests/PySys/software_management_end_to_end/sm_apt_install_remove_with_version/run.py&quot;, line 27, in setup
    super().setup()
  File &quot;/home/pi/actions-runner/_work/thin-edge.io/thin-edge.io/tests/PySys/software_management_end_to_end/environment_sm_management.py&quot;, line 151, in setup
    self.wait_until_end()
  File &quot;/home/pi/actions-runner/_work/thin-edge.io/thin-edge.io/tests/PySys/software_management_end_to_end/environment_sm_management.py&quot;, line 332, in wait_until_end
    self.wait_until_status(&quot;FAILED&quot;, &quot;SUCCESSFUL&quot;)
  File &quot;/home/pi/actions-runner/_work/thin-edge.io/thin-edge.io/tests/PySys/software_management_end_to_end/environment_sm_management.py&quot;, line 381, in wait_until_status
    &quot;Timeout while waiting for status %s or %s&quot; % (status, status2)
SystemError: Timeout while waiting for status FAILED or SUCCESSFUL
12:29:14 WARN  SystemError: Timeout while waiting for status FAILED or SUCCESSFUL ... blocked 
12:29:14 INFO  
12:29:14 INFO  cleanup:
12:29:18 INFO  Executed sudo&lt;tedge_disconnect_c8y&gt;, exit status 0
12:29:19 INFO  Executed systemctl&lt;serv_mapper5&gt;, exit status 3
12:29:19 INFO  
12:29:19 INFO  Test duration: 165.64 secs
12:29:19 INFO  Test final outcome:  BLOCKED
12:29:19 INFO  Test outcome reason: SystemError: Timeout while waiting for status FAILED or SUCCESSFUL
12:29:19 INFO  
</system-out>
	</testcase>
</testsuite>
