<?xml version="1.0" encoding="utf-8"?>
<testsuite failures="1" name="SoftwareManagement.sm_mixed_install_remove_multiple" skipped="0" tests="1" time="165.53" timestamp="2022-07-25T09:54:28">
	<testcase classname="PySysTest" name="SoftwareManagement.sm_mixed_install_remove_multiple">
		<failure message="FAILED: Assert that (False == value) with value=True" type="FAILED"/>
		<system-out>09:51:43 INFO  ==============================================================
09:51:43 INFO  Id:    SoftwareManagement.sm_mixed_install_remove_multiple
09:51:43 INFO  Dir:   software_management_end_to_end/
09:51:43 INFO  Title: Validate end to end behaviour for the dummy-plugin for multiple packages with mixed versions
09:51:43 INFO  ==============================================================
09:51:43 INFO  Using sw id database: {'asciijump': '5475369', 'robotfindskitten': '5474869', 'squirrel3': '5475279', 'rolldice': '5152439', 'moon-buggy': '5439204', 'apple': '5495053', 'banana': '5494888', 'cherry': '5495382', 'watermelon': '5494510', 'registry': '8018911', 'hello-world': '8021526', 'docker/getting-started': '8021973', 'alpine': '7991792'}
09:51:43 INFO  EnvironmentC8y Setup
09:51:44 INFO  Executed systemctl&lt;serv_mapper1&gt;, exit status 3
09:51:44 INFO  Restarting mosquitto too frequently in the last 10 seconds. It was only up for 4 seconds
09:51:44 INFO  Delaying execution by 7 seconds
09:52:05 INFO  Executed sudo&lt;tedge_connect_c8y&gt;, exit status 0, duration 13 secs
09:52:05 INFO  Executed sudo&lt;tedge_connect_c8y_test&gt;, exit status 0
09:52:06 INFO  Executed systemctl&lt;serv_mosq2&gt;, exit status 0
09:52:06 INFO  Executed systemctl&lt;serv_mapper3&gt;, exit status 0
09:52:08 INFO  State of current operation: SUCCESSFUL
09:52:09 INFO  Package apple is installed
09:52:09 INFO  Assert that (True == value) with value=True ... passed
09:52:09 INFO  Package banana is installed
09:52:09 INFO  Assert that (True == value) with value=True ... passed
09:52:09 INFO  Package cherry is installed
09:52:09 INFO  Assert that (True == value) with value=True ... passed
09:52:09 INFO  Package asciijump is installed
09:52:09 WARN  Assert that (False == value) with value=True ... failed 
09:52:10 INFO  Assert that (False == value) with value=False ... passed
09:52:10 INFO  Response status: 201
09:52:10 INFO  Response to action: {
    &quot;delivery&quot;: {
        &quot;log&quot;: [],
        &quot;time&quot;: &quot;2022-07-25T09:52:10.362Z&quot;,
        &quot;status&quot;: &quot;PENDING&quot;
    },
    &quot;creationTime&quot;: &quot;2022-07-25T09:52:10.305Z&quot;,
    &quot;deviceId&quot;: &quot;21358819&quot;,
    &quot;deviceName&quot;: &quot;m32sd10a&quot;,
    &quot;self&quot;: &quot;https://t493319102.eu-latest.cumulocity.com/devicecontrol/operations/21368714&quot;,
    &quot;id&quot;: &quot;21368714&quot;,
    &quot;status&quot;: &quot;PENDING&quot;,
    &quot;description&quot;: &quot;Apply software changes, triggered from PySys: [{'action': 'install', 'id': '5495053', 'name': 'apple', 'url': ' ', 'version': '::fruits'}, {'action': 'install', 'id': '5494888', 'name': 'banana', 'url': ' ', 'version': '::fruits'}, {'action': 'install', 'id': '5475369', 'name': 'asciijump', 'url': ' ', 'version': '::apt'}, {'action': 'install', 'id': '5495382', 'name': 'cherry', 'url': ' ', 'version': '::fruits'}, {'action': 'install', 'id': '8018911', 'name': 'registry', 'url': ' ', 'version': '::docker'}]&quot;,
    &quot;c8y_SoftwareUpdate&quot;: [
        {
            &quot;name&quot;: &quot;apple&quot;,
            &quot;action&quot;: &quot;install&quot;,
            &quot;id&quot;: &quot;5495053&quot;,
            &quot;version&quot;: &quot;::fruits&quot;,
            &quot;url&quot;: &quot; &quot;
        },
        {
            &quot;name&quot;: &quot;banana&quot;,
            &quot;action&quot;: &quot;install&quot;,
            &quot;id&quot;: &quot;5494888&quot;,
            &quot;version&quot;: &quot;::fruits&quot;,
            &quot;url&quot;: &quot; &quot;
        },
        {
            &quot;name&quot;: &quot;asciijump&quot;,
            &quot;action&quot;: &quot;install&quot;,
            &quot;id&quot;: &quot;5475369&quot;,
            &quot;version&quot;: &quot;::apt&quot;,
            &quot;url&quot;: &quot; &quot;
        },
        {
            &quot;name&quot;: &quot;cherry&quot;,
            &quot;action&quot;: &quot;install&quot;,
            &quot;id&quot;: &quot;5495382&quot;,
            &quot;version&quot;: &quot;::fruits&quot;,
            &quot;url&quot;: &quot; &quot;
        },
        {
            &quot;name&quot;: &quot;registry&quot;,
            &quot;action&quot;: &quot;install&quot;,
            &quot;id&quot;: &quot;8018911&quot;,
            &quot;version&quot;: &quot;::docker&quot;,
            &quot;url&quot;: &quot; &quot;
        }
    ]
}
09:52:10 INFO  Started operation: {'delivery': {'log': [], 'time': '2022-07-25T09:52:10.362Z', 'status': 'PENDING'}, 'creationTime': '2022-07-25T09:52:10.305Z', 'deviceId': '21358819', 'deviceName': 'm32sd10a', 'self': 'https://t493319102.eu-latest.cumulocity.com/devicecontrol/operations/21368714', 'id': '21368714', 'status': 'PENDING', 'description': &quot;Apply software changes, triggered from PySys: [{'action': 'install', 'id': '5495053', 'name': 'apple', 'url': ' ', 'version': '::fruits'}, {'action': 'install', 'id': '5494888', 'name': 'banana', 'url': ' ', 'version': '::fruits'}, {'action': 'install', 'id': '5475369', 'name': 'asciijump', 'url': ' ', 'version': '::apt'}, {'action': 'install', 'id': '5495382', 'name': 'cherry', 'url': ' ', 'version': '::fruits'}, {'action': 'install', 'id': '8018911', 'name': 'registry', 'url': ' ', 'version': '::docker'}]&quot;, 'c8y_SoftwareUpdate': [{'name': 'apple', 'action': 'install', 'id': '5495053', 'version': '::fruits', 'url': ' '}, {'name': 'banana', 'action': 'install', 'id': '5494888', 'version': '::fruits', 'url': ' '}, {'name': 'asciijump', 'action': 'install', 'id': '5475369', 'version': '::apt', 'url': ' '}, {'name': 'cherry', 'action': 'install', 'id': '5495382', 'version': '::fruits', 'url': ' '}, {'name': 'registry', 'action': 'install', 'id': '8018911', 'version': '::docker', 'url': ' '}]}
09:52:12 INFO  State of operation 21368714 : PENDING
09:52:14 INFO  State of operation 21368714 : EXECUTING
09:52:17 INFO  State of operation 21368714 : EXECUTING
09:52:19 INFO  State of operation 21368714 : EXECUTING
09:52:21 INFO  State of operation 21368714 : EXECUTING
09:52:23 INFO  State of operation 21368714 : EXECUTING
09:52:26 INFO  State of operation 21368714 : EXECUTING
09:52:28 INFO  State of operation 21368714 : EXECUTING
09:52:31 INFO  State of operation 21368714 : EXECUTING
09:52:34 INFO  State of operation 21368714 : EXECUTING
09:52:36 INFO  State of operation 21368714 : EXECUTING
09:52:38 INFO  State of operation 21368714 : EXECUTING
09:52:40 INFO  State of operation 21368714 : EXECUTING
09:52:42 INFO  State of operation 21368714 : EXECUTING
09:52:45 INFO  State of operation 21368714 : EXECUTING
09:52:47 INFO  State of operation 21368714 : EXECUTING
09:52:49 INFO  State of operation 21368714 : EXECUTING
09:52:52 INFO  State of operation 21368714 : EXECUTING
09:52:54 INFO  State of operation 21368714 : EXECUTING
09:52:56 INFO  State of operation 21368714 : EXECUTING
09:52:58 INFO  State of operation 21368714 : EXECUTING
09:53:01 INFO  State of operation 21368714 : EXECUTING
09:53:03 INFO  State of operation 21368714 : EXECUTING
09:53:05 INFO  State of operation 21368714 : EXECUTING
09:53:08 INFO  State of operation 21368714 : EXECUTING
09:53:10 INFO  State of operation 21368714 : SUCCESSFUL
09:53:10 INFO  Package apple is installed
09:53:10 INFO  Assert that (True == value) with value=True ... passed
09:53:10 INFO  Package banana is installed
09:53:10 INFO  Assert that (True == value) with value=True ... passed
09:53:11 INFO  Package cherry is installed
09:53:11 INFO  Assert that (True == value) with value=True ... passed
09:53:11 INFO  Package asciijump is installed
09:53:11 INFO  Assert that (True == value) with value=True ... passed
09:53:11 INFO  Package registry is installed
09:53:11 INFO  Assert that (True == value) with value=True ... passed
09:53:11 INFO  Response status: 201
09:53:11 INFO  Response to action: {
    &quot;delivery&quot;: {
        &quot;log&quot;: [],
        &quot;time&quot;: &quot;2022-07-25T09:53:11.712Z&quot;,
        &quot;status&quot;: &quot;PENDING&quot;
    },
    &quot;creationTime&quot;: &quot;2022-07-25T09:53:11.694Z&quot;,
    &quot;deviceId&quot;: &quot;21358819&quot;,
    &quot;deviceName&quot;: &quot;m32sd10a&quot;,
    &quot;self&quot;: &quot;https://t493319102.eu-latest.cumulocity.com/devicecontrol/operations/21368721&quot;,
    &quot;id&quot;: &quot;21368721&quot;,
    &quot;status&quot;: &quot;PENDING&quot;,
    &quot;description&quot;: &quot;Apply software changes, triggered from PySys: [{'action': 'delete', 'id': '5495053', 'name': 'apple', 'url': ' ', 'version': '::fruits'}, {'action': 'delete', 'id': '5494888', 'name': 'banana', 'url': ' ', 'version': '::fruits'}, {'action': 'delete', 'id': '5475369', 'name': 'asciijump', 'url': ' ', 'version': '::apt'}, {'action': 'delete', 'id': '5495382', 'name': 'cherry', 'url': ' ', 'version': '::fruits'}, {'action': 'delete', 'id': '8018911', 'name': 'registry', 'url': ' ', 'version': '::docker'}]&quot;,
    &quot;c8y_SoftwareUpdate&quot;: [
        {
            &quot;name&quot;: &quot;apple&quot;,
            &quot;action&quot;: &quot;delete&quot;,
            &quot;id&quot;: &quot;5495053&quot;,
            &quot;version&quot;: &quot;::fruits&quot;,
            &quot;url&quot;: &quot; &quot;
        },
        {
            &quot;name&quot;: &quot;banana&quot;,
            &quot;action&quot;: &quot;delete&quot;,
            &quot;id&quot;: &quot;5494888&quot;,
            &quot;version&quot;: &quot;::fruits&quot;,
            &quot;url&quot;: &quot; &quot;
        },
        {
            &quot;name&quot;: &quot;asciijump&quot;,
            &quot;action&quot;: &quot;delete&quot;,
            &quot;id&quot;: &quot;5475369&quot;,
            &quot;version&quot;: &quot;::apt&quot;,
            &quot;url&quot;: &quot; &quot;
        },
        {
            &quot;name&quot;: &quot;cherry&quot;,
            &quot;action&quot;: &quot;delete&quot;,
            &quot;id&quot;: &quot;5495382&quot;,
            &quot;version&quot;: &quot;::fruits&quot;,
            &quot;url&quot;: &quot; &quot;
        },
        {
            &quot;name&quot;: &quot;registry&quot;,
            &quot;action&quot;: &quot;delete&quot;,
            &quot;id&quot;: &quot;8018911&quot;,
            &quot;version&quot;: &quot;::docker&quot;,
            &quot;url&quot;: &quot; &quot;
        }
    ]
}
09:53:11 INFO  Started operation: {'delivery': {'log': [], 'time': '2022-07-25T09:53:11.712Z', 'status': 'PENDING'}, 'creationTime': '2022-07-25T09:53:11.694Z', 'deviceId': '21358819', 'deviceName': 'm32sd10a', 'self': 'https://t493319102.eu-latest.cumulocity.com/devicecontrol/operations/21368721', 'id': '21368721', 'status': 'PENDING', 'description': &quot;Apply software changes, triggered from PySys: [{'action': 'delete', 'id': '5495053', 'name': 'apple', 'url': ' ', 'version': '::fruits'}, {'action': 'delete', 'id': '5494888', 'name': 'banana', 'url': ' ', 'version': '::fruits'}, {'action': 'delete', 'id': '5475369', 'name': 'asciijump', 'url': ' ', 'version': '::apt'}, {'action': 'delete', 'id': '5495382', 'name': 'cherry', 'url': ' ', 'version': '::fruits'}, {'action': 'delete', 'id': '8018911', 'name': 'registry', 'url': ' ', 'version': '::docker'}]&quot;, 'c8y_SoftwareUpdate': [{'name': 'apple', 'action': 'delete', 'id': '5495053', 'version': '::fruits', 'url': ' '}, {'name': 'banana', 'action': 'delete', 'id': '5494888', 'version': '::fruits', 'url': ' '}, {'name': 'asciijump', 'action': 'delete', 'id': '5475369', 'version': '::apt', 'url': ' '}, {'name': 'cherry', 'action': 'delete', 'id': '5495382', 'version': '::fruits', 'url': ' '}, {'name': 'registry', 'action': 'delete', 'id': '8018911', 'version': '::docker', 'url': ' '}]}
09:53:13 INFO  State of operation 21368721 : PENDING
09:53:16 INFO  State of operation 21368721 : EXECUTING
09:53:18 INFO  State of operation 21368721 : EXECUTING
09:53:20 INFO  State of operation 21368721 : EXECUTING
09:53:23 INFO  State of operation 21368721 : EXECUTING
09:53:25 INFO  State of operation 21368721 : EXECUTING
09:53:27 INFO  State of operation 21368721 : EXECUTING
09:53:30 INFO  State of operation 21368721 : EXECUTING
09:53:33 INFO  State of operation 21368721 : EXECUTING
09:53:35 INFO  State of operation 21368721 : EXECUTING
09:53:37 INFO  State of operation 21368721 : EXECUTING
09:53:39 INFO  State of operation 21368721 : EXECUTING
09:53:42 INFO  State of operation 21368721 : EXECUTING
09:53:44 INFO  State of operation 21368721 : EXECUTING
09:53:46 INFO  State of operation 21368721 : EXECUTING
09:53:48 INFO  State of operation 21368721 : EXECUTING
09:53:52 INFO  State of operation 21368721 : EXECUTING
09:53:54 INFO  State of operation 21368721 : EXECUTING
09:53:56 INFO  State of operation 21368721 : EXECUTING
09:53:59 INFO  State of operation 21368721 : EXECUTING
09:54:01 INFO  State of operation 21368721 : EXECUTING
09:54:03 INFO  State of operation 21368721 : EXECUTING
09:54:06 INFO  State of operation 21368721 : EXECUTING
09:54:09 INFO  State of operation 21368721 : EXECUTING
09:54:11 INFO  State of operation 21368721 : EXECUTING
09:54:13 INFO  State of operation 21368721 : EXECUTING
09:54:16 INFO  State of operation 21368721 : EXECUTING
09:54:18 INFO  State of operation 21368721 : EXECUTING
09:54:20 INFO  State of operation 21368721 : EXECUTING
09:54:23 INFO  State of operation 21368721 : SUCCESSFUL
09:54:23 INFO  Package apple is installed
09:54:23 INFO  Assert that (True == value) with value=True ... passed
09:54:23 INFO  Package banana is installed
09:54:23 INFO  Assert that (True == value) with value=True ... passed
09:54:23 INFO  Package cherry is installed
09:54:23 INFO  Assert that (True == value) with value=True ... passed
09:54:24 INFO  Assert that (False == value) with value=False ... passed
09:54:24 INFO  Assert that (False == value) with value=False ... passed
09:54:24 INFO  
09:54:24 INFO  cleanup:
09:54:28 INFO  Executed sudo&lt;tedge_disconnect_c8y&gt;, exit status 0
09:54:28 INFO  Executed systemctl&lt;serv_mapper5&gt;, exit status 3
09:54:28 INFO  
09:54:28 INFO  Test duration: 165.53 secs
09:54:28 INFO  Test final outcome:  FAILED
09:54:28 INFO  Test outcome reason: Assert that (False == value) with value=True
09:54:28 INFO  
</system-out>
	</testcase>
</testsuite>
