<?xml version="1.0" encoding="utf-8"?>
<testsuite failures="1" name="SoftwareManagement.sm_apt_install_remove_multiple" skipped="0" tests="1" time="138.28" timestamp="2022-07-13T12:47:11">
	<testcase classname="PySysTest" name="SoftwareManagement.sm_apt_install_remove_multiple">
		<failure message="FAILED: Assert that (False == value) with value=True (+2 other failures)" type="FAILED"/>
		<system-out>12:44:52 INFO  ==============================================================
12:44:52 INFO  Id:    SoftwareManagement.sm_apt_install_remove_multiple
12:44:52 INFO  Dir:   software_management_end_to_end/
12:44:52 INFO  Title: Validate end to end behaviour for the apt plugin for multiple packages
12:44:52 INFO  ==============================================================
12:44:52 INFO  Using sw id database: {'asciijump': '5475369', 'robotfindskitten': '5474869', 'squirrel3': '5475279', 'rolldice': '5152439', 'moon-buggy': '5439204', 'apple': '5495053', 'banana': '5494888', 'cherry': '5495382', 'watermelon': '5494510', 'registry': '8018911', 'hello-world': '8021526', 'docker/getting-started': '8021973', 'alpine': '7991792'}
12:44:52 INFO  EnvironmentC8y Setup
12:44:53 INFO  Executed systemctl&lt;serv_mapper1&gt;, exit status 3
12:44:53 INFO  Restarting mosquitto too frequently in the last 10 seconds. It was only up for 5 seconds
12:44:53 INFO  Delaying execution by 6 seconds
12:45:13 INFO  Executed sudo&lt;tedge_connect_c8y&gt;, exit status 0, duration 14 secs
12:45:14 INFO  Executed sudo&lt;tedge_connect_c8y_test&gt;, exit status 0
12:45:14 INFO  Executed systemctl&lt;serv_mosq2&gt;, exit status 0
12:45:15 INFO  Executed systemctl&lt;serv_mapper3&gt;, exit status 0
12:45:17 INFO  State of current operation: SUCCESSFUL
12:45:17 INFO  Assert that (False == value) with value=False ... passed
12:45:18 INFO  Package asciijump is installed
12:45:18 WARN  Assert that (False == value) with value=True ... failed 
12:45:18 INFO  Package squirrel3 is installed
12:45:18 WARN  Assert that (False == value) with value=True ... failed 
12:45:19 INFO  Package robotfindskitten is installed
12:45:19 WARN  Assert that (False == value) with value=True ... failed 
12:45:19 INFO  Response status: 201
12:45:19 INFO  Response to action: {
    &quot;creationTime&quot;: &quot;2022-07-13T12:45:19.211Z&quot;,
    &quot;deviceName&quot;: &quot;m32sd10a&quot;,
    &quot;deviceId&quot;: &quot;20880101&quot;,
    &quot;self&quot;: &quot;https://t493319102.eu-latest.cumulocity.com/devicecontrol/operations/20885581&quot;,
    &quot;id&quot;: &quot;20885581&quot;,
    &quot;status&quot;: &quot;PENDING&quot;,
    &quot;description&quot;: &quot;Apply software changes, triggered from PySys: [{'action': 'install', 'id': '5475369', 'name': 'asciijump', 'url': ' ', 'version': '::apt'}, {'action': 'install', 'id': '5474869', 'name': 'robotfindskitten', 'url': ' ', 'version': '::apt'}, {'action': 'install', 'id': '5475279', 'name': 'squirrel3', 'url': ' ', 'version': '::apt'}]&quot;,
    &quot;c8y_SoftwareUpdate&quot;: [
        {
            &quot;name&quot;: &quot;asciijump&quot;,
            &quot;action&quot;: &quot;install&quot;,
            &quot;id&quot;: &quot;5475369&quot;,
            &quot;version&quot;: &quot;::apt&quot;,
            &quot;url&quot;: &quot; &quot;
        },
        {
            &quot;name&quot;: &quot;robotfindskitten&quot;,
            &quot;action&quot;: &quot;install&quot;,
            &quot;id&quot;: &quot;5474869&quot;,
            &quot;version&quot;: &quot;::apt&quot;,
            &quot;url&quot;: &quot; &quot;
        },
        {
            &quot;name&quot;: &quot;squirrel3&quot;,
            &quot;action&quot;: &quot;install&quot;,
            &quot;id&quot;: &quot;5475279&quot;,
            &quot;version&quot;: &quot;::apt&quot;,
            &quot;url&quot;: &quot; &quot;
        }
    ]
}
12:45:19 INFO  Started operation: {'creationTime': '2022-07-13T12:45:19.211Z', 'deviceName': 'm32sd10a', 'deviceId': '20880101', 'self': 'https://t493319102.eu-latest.cumulocity.com/devicecontrol/operations/20885581', 'id': '20885581', 'status': 'PENDING', 'description': &quot;Apply software changes, triggered from PySys: [{'action': 'install', 'id': '5475369', 'name': 'asciijump', 'url': ' ', 'version': '::apt'}, {'action': 'install', 'id': '5474869', 'name': 'robotfindskitten', 'url': ' ', 'version': '::apt'}, {'action': 'install', 'id': '5475279', 'name': 'squirrel3', 'url': ' ', 'version': '::apt'}]&quot;, 'c8y_SoftwareUpdate': [{'name': 'asciijump', 'action': 'install', 'id': '5475369', 'version': '::apt', 'url': ' '}, {'name': 'robotfindskitten', 'action': 'install', 'id': '5474869', 'version': '::apt', 'url': ' '}, {'name': 'squirrel3', 'action': 'install', 'id': '5475279', 'version': '::apt', 'url': ' '}]}
12:45:21 INFO  State of operation 20885581 : PENDING
12:45:23 INFO  State of operation 20885581 : EXECUTING
12:45:26 INFO  State of operation 20885581 : EXECUTING
12:45:28 INFO  State of operation 20885581 : EXECUTING
12:45:30 INFO  State of operation 20885581 : EXECUTING
12:45:32 INFO  State of operation 20885581 : EXECUTING
12:45:35 INFO  State of operation 20885581 : EXECUTING
12:45:38 INFO  State of operation 20885581 : EXECUTING
12:45:40 INFO  State of operation 20885581 : EXECUTING
12:45:42 INFO  State of operation 20885581 : EXECUTING
12:45:45 INFO  State of operation 20885581 : EXECUTING
12:45:47 INFO  State of operation 20885581 : EXECUTING
12:45:49 INFO  State of operation 20885581 : EXECUTING
12:45:51 INFO  State of operation 20885581 : EXECUTING
12:45:54 INFO  State of operation 20885581 : EXECUTING
12:45:56 INFO  State of operation 20885581 : SUCCESSFUL
12:45:56 INFO  Assert that (False == value) with value=False ... passed
12:45:56 INFO  Package asciijump is installed
12:45:56 INFO  Assert that (True == value) with value=True ... passed
12:45:57 INFO  Package squirrel3 is installed
12:45:57 INFO  Assert that (True == value) with value=True ... passed
12:45:57 INFO  Package robotfindskitten is installed
12:45:57 INFO  Assert that (True == value) with value=True ... passed
12:45:57 INFO  Response status: 201
12:45:57 INFO  Response to action: {
    &quot;creationTime&quot;: &quot;2022-07-13T12:45:57.514Z&quot;,
    &quot;deviceName&quot;: &quot;m32sd10a&quot;,
    &quot;deviceId&quot;: &quot;20880101&quot;,
    &quot;self&quot;: &quot;https://t493319102.eu-latest.cumulocity.com/devicecontrol/operations/20885592&quot;,
    &quot;id&quot;: &quot;20885592&quot;,
    &quot;status&quot;: &quot;PENDING&quot;,
    &quot;description&quot;: &quot;Apply software changes, triggered from PySys: [{'action': 'delete', 'id': '5475369', 'name': 'asciijump', 'url': ' ', 'version': '::apt'}, {'action': 'delete', 'id': '5474869', 'name': 'robotfindskitten', 'url': ' ', 'version': '::apt'}, {'action': 'delete', 'id': '5475279', 'name': 'squirrel3', 'url': ' ', 'version': '::apt'}]&quot;,
    &quot;c8y_SoftwareUpdate&quot;: [
        {
            &quot;name&quot;: &quot;asciijump&quot;,
            &quot;action&quot;: &quot;delete&quot;,
            &quot;id&quot;: &quot;5475369&quot;,
            &quot;version&quot;: &quot;::apt&quot;,
            &quot;url&quot;: &quot; &quot;
        },
        {
            &quot;name&quot;: &quot;robotfindskitten&quot;,
            &quot;action&quot;: &quot;delete&quot;,
            &quot;id&quot;: &quot;5474869&quot;,
            &quot;version&quot;: &quot;::apt&quot;,
            &quot;url&quot;: &quot; &quot;
        },
        {
            &quot;name&quot;: &quot;squirrel3&quot;,
            &quot;action&quot;: &quot;delete&quot;,
            &quot;id&quot;: &quot;5475279&quot;,
            &quot;version&quot;: &quot;::apt&quot;,
            &quot;url&quot;: &quot; &quot;
        }
    ]
}
12:45:57 INFO  Started operation: {'creationTime': '2022-07-13T12:45:57.514Z', 'deviceName': 'm32sd10a', 'deviceId': '20880101', 'self': 'https://t493319102.eu-latest.cumulocity.com/devicecontrol/operations/20885592', 'id': '20885592', 'status': 'PENDING', 'description': &quot;Apply software changes, triggered from PySys: [{'action': 'delete', 'id': '5475369', 'name': 'asciijump', 'url': ' ', 'version': '::apt'}, {'action': 'delete', 'id': '5474869', 'name': 'robotfindskitten', 'url': ' ', 'version': '::apt'}, {'action': 'delete', 'id': '5475279', 'name': 'squirrel3', 'url': ' ', 'version': '::apt'}]&quot;, 'c8y_SoftwareUpdate': [{'name': 'asciijump', 'action': 'delete', 'id': '5475369', 'version': '::apt', 'url': ' '}, {'name': 'robotfindskitten', 'action': 'delete', 'id': '5474869', 'version': '::apt', 'url': ' '}, {'name': 'squirrel3', 'action': 'delete', 'id': '5475279', 'version': '::apt', 'url': ' '}]}
12:45:59 INFO  State of operation 20885592 : PENDING
12:46:02 INFO  State of operation 20885592 : EXECUTING
12:46:04 INFO  State of operation 20885592 : EXECUTING
12:46:06 INFO  State of operation 20885592 : EXECUTING
12:46:08 INFO  State of operation 20885592 : EXECUTING
12:46:10 INFO  State of operation 20885592 : EXECUTING
12:46:13 INFO  State of operation 20885592 : EXECUTING
12:46:16 INFO  State of operation 20885592 : EXECUTING
12:46:18 INFO  State of operation 20885592 : EXECUTING
12:46:21 INFO  State of operation 20885592 : EXECUTING
12:46:23 INFO  State of operation 20885592 : EXECUTING
12:46:25 INFO  State of operation 20885592 : EXECUTING
12:46:27 INFO  State of operation 20885592 : EXECUTING
12:46:29 INFO  State of operation 20885592 : EXECUTING
12:46:32 INFO  State of operation 20885592 : EXECUTING
12:46:34 INFO  State of operation 20885592 : EXECUTING
12:46:36 INFO  State of operation 20885592 : EXECUTING
12:46:39 INFO  State of operation 20885592 : EXECUTING
12:46:41 INFO  State of operation 20885592 : EXECUTING
12:46:44 INFO  State of operation 20885592 : EXECUTING
12:46:46 INFO  State of operation 20885592 : EXECUTING
12:46:48 INFO  State of operation 20885592 : EXECUTING
12:46:51 INFO  State of operation 20885592 : EXECUTING
12:46:53 INFO  State of operation 20885592 : EXECUTING
12:46:55 INFO  State of operation 20885592 : EXECUTING
12:46:58 INFO  State of operation 20885592 : EXECUTING
12:47:00 INFO  State of operation 20885592 : EXECUTING
12:47:02 INFO  State of operation 20885592 : EXECUTING
12:47:05 INFO  State of operation 20885592 : SUCCESSFUL
12:47:05 INFO  Assert that (False == value) with value=False ... passed
12:47:05 INFO  Assert that (False == value) with value=False ... passed
12:47:06 INFO  Assert that (False == value) with value=False ... passed
12:47:06 INFO  Assert that (False == value) with value=False ... passed
12:47:06 INFO  
12:47:06 INFO  cleanup:
12:47:10 INFO  Executed sudo&lt;tedge_disconnect_c8y&gt;, exit status 0
12:47:11 INFO  Executed systemctl&lt;serv_mapper5&gt;, exit status 3
12:47:11 INFO  
12:47:11 INFO  Test duration: 138.28 secs
12:47:11 INFO  Test final outcome:  FAILED
12:47:11 INFO  Test outcome reason: Assert that (False == value) with value=True (+2 other failures)
12:47:11 INFO  
</system-out>
	</testcase>
</testsuite>
