<?xml version="1.0" encoding="utf-8"?>
<testsuite failures="0" name="SoftwareManagement.sm_mapper_fail_and_reconnect" skipped="1" tests="1" time="0.05" timestamp="2022-07-26T17:36:44">
	<testcase classname="MapperC8yReceiveLastMessageOnRestart" name="SoftwareManagement.sm_mapper_fail_and_reconnect">
		<skipped message="SKIPPED: instable https://github.com/thin-edge/thin-edge.io/issues/752"/>
		<system-out>17:36:44 INFO  ==============================================================
17:36:44 INFO  Id:    SoftwareManagement.sm_mapper_fail_and_reconnect
17:36:44 INFO  Dir:   software_management_end_to_end/
17:36:44 INFO  Title: Validate the tedge-mapper-sm-c8y for receiving the last message on restart
17:36:44 INFO  ==============================================================
17:36:44 INFO  instable https://github.com/thin-edge/thin-edge.io/issues/752 ... skipped
17:36:44 INFO  
17:36:44 INFO  Test duration: 0.05 secs
17:36:44 INFO  Test final outcome:  SKIPPED
17:36:44 INFO  Test outcome reason: instable https://github.com/thin-edge/thin-edge.io/issues/752
17:36:44 INFO  
</system-out>
	</testcase>
</testsuite>
