<?xml version="1.0" encoding="utf-8"?>
<testsuite failures="1" name="SoftwareManagement.sm_apt_install_remove_multiple" skipped="0" tests="1" time="139.32" timestamp="2022-06-22T18:30:36">
	<testcase classname="PySysTest" name="SoftwareManagement.sm_apt_install_remove_multiple">
		<failure message="FAILED: Assert that (False == value) with value=True (+2 other failures)" type="FAILED"/>
		<system-out>18:28:17 INFO  ==============================================================
18:28:17 INFO  Id:    SoftwareManagement.sm_apt_install_remove_multiple
18:28:17 INFO  Dir:   software_management_end_to_end/
18:28:17 INFO  Title: Validate end to end behaviour for the apt plugin for multiple packages
18:28:17 INFO  ==============================================================
18:28:17 INFO  Using sw id database: {'asciijump': '5475369', 'robotfindskitten': '5474869', 'squirrel3': '5475279', 'rolldice': '5152439', 'moon-buggy': '5439204', 'apple': '5495053', 'banana': '5494888', 'cherry': '5495382', 'watermelon': '5494510', 'registry': '8018911', 'hello-world': '8021526', 'docker/getting-started': '8021973', 'alpine': '7991792'}
18:28:17 INFO  EnvironmentC8y Setup
18:28:17 INFO  Executed systemctl&lt;serv_mapper1&gt;, exit status 3
18:28:17 INFO  Restarting mosquitto too frequently in the last 10 seconds. It was only up for 5 seconds
18:28:17 INFO  Delaying execution by 6 seconds
18:28:37 INFO  Executed sudo&lt;tedge_connect_c8y&gt;, exit status 0, duration 14 secs
18:28:38 INFO  Executed sudo&lt;tedge_connect_c8y_test&gt;, exit status 0
18:28:39 INFO  Executed systemctl&lt;serv_mosq2&gt;, exit status 0
18:28:39 INFO  Executed systemctl&lt;serv_mapper3&gt;, exit status 0
18:28:41 INFO  State of current operation: SUCCESSFUL
18:28:41 INFO  Assert that (False == value) with value=False ... passed
18:28:42 INFO  Package asciijump is installed
18:28:42 WARN  Assert that (False == value) with value=True ... failed 
18:28:42 INFO  Package squirrel3 is installed
18:28:42 WARN  Assert that (False == value) with value=True ... failed 
18:28:42 INFO  Package robotfindskitten is installed
18:28:43 WARN  Assert that (False == value) with value=True ... failed 
18:28:43 INFO  Response status: 201
18:28:43 INFO  Response to action: {
    &quot;delivery&quot;: {
        &quot;log&quot;: [],
        &quot;time&quot;: &quot;2022-06-22T18:28:43.209Z&quot;,
        &quot;status&quot;: &quot;PENDING&quot;
    },
    &quot;creationTime&quot;: &quot;2022-06-22T18:28:43.191Z&quot;,
    &quot;deviceName&quot;: &quot;m32sd10a&quot;,
    &quot;deviceId&quot;: &quot;20418368&quot;,
    &quot;self&quot;: &quot;https://t493319102.eu-latest.cumulocity.com/devicecontrol/operations/20433890&quot;,
    &quot;id&quot;: &quot;20433890&quot;,
    &quot;status&quot;: &quot;PENDING&quot;,
    &quot;description&quot;: &quot;Apply software changes, triggered from PySys: [{'action': 'install', 'id': '5475369', 'name': 'asciijump', 'url': ' ', 'version': '::apt'}, {'action': 'install', 'id': '5474869', 'name': 'robotfindskitten', 'url': ' ', 'version': '::apt'}, {'action': 'install', 'id': '5475279', 'name': 'squirrel3', 'url': ' ', 'version': '::apt'}]&quot;,
    &quot;c8y_SoftwareUpdate&quot;: [
        {
            &quot;name&quot;: &quot;asciijump&quot;,
            &quot;action&quot;: &quot;install&quot;,
            &quot;id&quot;: &quot;5475369&quot;,
            &quot;version&quot;: &quot;::apt&quot;,
            &quot;url&quot;: &quot; &quot;
        },
        {
            &quot;name&quot;: &quot;robotfindskitten&quot;,
            &quot;action&quot;: &quot;install&quot;,
            &quot;id&quot;: &quot;5474869&quot;,
            &quot;version&quot;: &quot;::apt&quot;,
            &quot;url&quot;: &quot; &quot;
        },
        {
            &quot;name&quot;: &quot;squirrel3&quot;,
            &quot;action&quot;: &quot;install&quot;,
            &quot;id&quot;: &quot;5475279&quot;,
            &quot;version&quot;: &quot;::apt&quot;,
            &quot;url&quot;: &quot; &quot;
        }
    ]
}
18:28:43 INFO  Started operation: {'delivery': {'log': [], 'time': '2022-06-22T18:28:43.209Z', 'status': 'PENDING'}, 'creationTime': '2022-06-22T18:28:43.191Z', 'deviceName': 'm32sd10a', 'deviceId': '20418368', 'self': 'https://t493319102.eu-latest.cumulocity.com/devicecontrol/operations/20433890', 'id': '20433890', 'status': 'PENDING', 'description': &quot;Apply software changes, triggered from PySys: [{'action': 'install', 'id': '5475369', 'name': 'asciijump', 'url': ' ', 'version': '::apt'}, {'action': 'install', 'id': '5474869', 'name': 'robotfindskitten', 'url': ' ', 'version': '::apt'}, {'action': 'install', 'id': '5475279', 'name': 'squirrel3', 'url': ' ', 'version': '::apt'}]&quot;, 'c8y_SoftwareUpdate': [{'name': 'asciijump', 'action': 'install', 'id': '5475369', 'version': '::apt', 'url': ' '}, {'name': 'robotfindskitten', 'action': 'install', 'id': '5474869', 'version': '::apt', 'url': ' '}, {'name': 'squirrel3', 'action': 'install', 'id': '5475279', 'version': '::apt', 'url': ' '}]}
18:28:45 INFO  State of operation 20433890 : PENDING
18:28:47 INFO  State of operation 20433890 : EXECUTING
18:28:49 INFO  State of operation 20433890 : EXECUTING
18:28:52 INFO  State of operation 20433890 : EXECUTING
18:28:54 INFO  State of operation 20433890 : EXECUTING
18:28:56 INFO  State of operation 20433890 : EXECUTING
18:28:59 INFO  State of operation 20433890 : EXECUTING
18:29:02 INFO  State of operation 20433890 : EXECUTING
18:29:04 INFO  State of operation 20433890 : EXECUTING
18:29:06 INFO  State of operation 20433890 : EXECUTING
18:29:08 INFO  State of operation 20433890 : EXECUTING
18:29:11 INFO  State of operation 20433890 : EXECUTING
18:29:13 INFO  State of operation 20433890 : EXECUTING
18:29:15 INFO  State of operation 20433890 : EXECUTING
18:29:18 INFO  State of operation 20433890 : EXECUTING
18:29:20 INFO  State of operation 20433890 : SUCCESSFUL
18:29:20 INFO  Assert that (False == value) with value=False ... passed
18:29:20 INFO  Package asciijump is installed
18:29:20 INFO  Assert that (True == value) with value=True ... passed
18:29:20 INFO  Package squirrel3 is installed
18:29:20 INFO  Assert that (True == value) with value=True ... passed
18:29:21 INFO  Package robotfindskitten is installed
18:29:21 INFO  Assert that (True == value) with value=True ... passed
18:29:21 INFO  Response status: 201
18:29:21 INFO  Response to action: {
    &quot;delivery&quot;: {
        &quot;log&quot;: [],
        &quot;time&quot;: &quot;2022-06-22T18:29:21.397Z&quot;,
        &quot;status&quot;: &quot;PENDING&quot;
    },
    &quot;creationTime&quot;: &quot;2022-06-22T18:29:21.382Z&quot;,
    &quot;deviceName&quot;: &quot;m32sd10a&quot;,
    &quot;deviceId&quot;: &quot;20418368&quot;,
    &quot;self&quot;: &quot;https://t493319102.eu-latest.cumulocity.com/devicecontrol/operations/20433902&quot;,
    &quot;id&quot;: &quot;20433902&quot;,
    &quot;status&quot;: &quot;PENDING&quot;,
    &quot;description&quot;: &quot;Apply software changes, triggered from PySys: [{'action': 'delete', 'id': '5475369', 'name': 'asciijump', 'url': ' ', 'version': '::apt'}, {'action': 'delete', 'id': '5474869', 'name': 'robotfindskitten', 'url': ' ', 'version': '::apt'}, {'action': 'delete', 'id': '5475279', 'name': 'squirrel3', 'url': ' ', 'version': '::apt'}]&quot;,
    &quot;c8y_SoftwareUpdate&quot;: [
        {
            &quot;name&quot;: &quot;asciijump&quot;,
            &quot;action&quot;: &quot;delete&quot;,
            &quot;id&quot;: &quot;5475369&quot;,
            &quot;version&quot;: &quot;::apt&quot;,
            &quot;url&quot;: &quot; &quot;
        },
        {
            &quot;name&quot;: &quot;robotfindskitten&quot;,
            &quot;action&quot;: &quot;delete&quot;,
            &quot;id&quot;: &quot;5474869&quot;,
            &quot;version&quot;: &quot;::apt&quot;,
            &quot;url&quot;: &quot; &quot;
        },
        {
            &quot;name&quot;: &quot;squirrel3&quot;,
            &quot;action&quot;: &quot;delete&quot;,
            &quot;id&quot;: &quot;5475279&quot;,
            &quot;version&quot;: &quot;::apt&quot;,
            &quot;url&quot;: &quot; &quot;
        }
    ]
}
18:29:21 INFO  Started operation: {'delivery': {'log': [], 'time': '2022-06-22T18:29:21.397Z', 'status': 'PENDING'}, 'creationTime': '2022-06-22T18:29:21.382Z', 'deviceName': 'm32sd10a', 'deviceId': '20418368', 'self': 'https://t493319102.eu-latest.cumulocity.com/devicecontrol/operations/20433902', 'id': '20433902', 'status': 'PENDING', 'description': &quot;Apply software changes, triggered from PySys: [{'action': 'delete', 'id': '5475369', 'name': 'asciijump', 'url': ' ', 'version': '::apt'}, {'action': 'delete', 'id': '5474869', 'name': 'robotfindskitten', 'url': ' ', 'version': '::apt'}, {'action': 'delete', 'id': '5475279', 'name': 'squirrel3', 'url': ' ', 'version': '::apt'}]&quot;, 'c8y_SoftwareUpdate': [{'name': 'asciijump', 'action': 'delete', 'id': '5475369', 'version': '::apt', 'url': ' '}, {'name': 'robotfindskitten', 'action': 'delete', 'id': '5474869', 'version': '::apt', 'url': ' '}, {'name': 'squirrel3', 'action': 'delete', 'id': '5475279', 'version': '::apt', 'url': ' '}]}
18:29:23 INFO  State of operation 20433902 : PENDING
18:29:25 INFO  State of operation 20433902 : EXECUTING
18:29:28 INFO  State of operation 20433902 : EXECUTING
18:29:30 INFO  State of operation 20433902 : EXECUTING
18:29:32 INFO  State of operation 20433902 : EXECUTING
18:29:34 INFO  State of operation 20433902 : EXECUTING
18:29:37 INFO  State of operation 20433902 : EXECUTING
18:29:39 INFO  State of operation 20433902 : EXECUTING
18:29:42 INFO  State of operation 20433902 : EXECUTING
18:29:44 INFO  State of operation 20433902 : EXECUTING
18:29:46 INFO  State of operation 20433902 : EXECUTING
18:29:49 INFO  State of operation 20433902 : EXECUTING
18:29:51 INFO  State of operation 20433902 : EXECUTING
18:29:53 INFO  State of operation 20433902 : EXECUTING
18:29:55 INFO  State of operation 20433902 : EXECUTING
18:29:58 INFO  State of operation 20433902 : EXECUTING
18:30:00 INFO  State of operation 20433902 : EXECUTING
18:30:02 INFO  State of operation 20433902 : EXECUTING
18:30:05 INFO  State of operation 20433902 : EXECUTING
18:30:07 INFO  State of operation 20433902 : EXECUTING
18:30:10 INFO  State of operation 20433902 : EXECUTING
18:30:12 INFO  State of operation 20433902 : EXECUTING
18:30:14 INFO  State of operation 20433902 : EXECUTING
18:30:16 INFO  State of operation 20433902 : EXECUTING
18:30:19 INFO  State of operation 20433902 : EXECUTING
18:30:21 INFO  State of operation 20433902 : EXECUTING
18:30:24 INFO  State of operation 20433902 : EXECUTING
18:30:26 INFO  State of operation 20433902 : EXECUTING
18:30:28 INFO  State of operation 20433902 : EXECUTING
18:30:30 INFO  State of operation 20433902 : SUCCESSFUL
18:30:31 INFO  Assert that (False == value) with value=False ... passed
18:30:31 INFO  Assert that (False == value) with value=False ... passed
18:30:31 INFO  Assert that (False == value) with value=False ... passed
18:30:31 INFO  Assert that (False == value) with value=False ... passed
18:30:31 INFO  
18:30:31 INFO  cleanup:
18:30:35 INFO  Executed sudo&lt;tedge_disconnect_c8y&gt;, exit status 0
18:30:36 INFO  Executed systemctl&lt;serv_mapper5&gt;, exit status 3
18:30:36 INFO  
18:30:36 INFO  Test duration: 139.32 secs
18:30:36 INFO  Test final outcome:  FAILED
18:30:36 INFO  Test outcome reason: Assert that (False == value) with value=True (+2 other failures)
18:30:36 INFO  
</system-out>
	</testcase>
</testsuite>
