<?xml version="1.0" encoding="utf-8"?>
<testsuite failures="1" name="SoftwareManagement.sm_fake_install_remove_multiple" skipped="0" tests="1" time="165.35" timestamp="2022-05-23T16:28:00">
	<testcase classname="PySysTest" name="SoftwareManagement.sm_fake_install_remove_multiple">
		<failure message="BLOCKED: SystemError: Timeout while waiting for status FAILED or SUCCESSFUL" type="BLOCKED"/>
		<system-out>16:25:15 INFO  ==============================================================
16:25:15 INFO  Id:    SoftwareManagement.sm_fake_install_remove_multiple
16:25:15 INFO  Dir:   software_management_end_to_end/
16:25:15 INFO  Title: Validate end to end behaviour for the dummy-plugin for multiple packages
16:25:15 INFO  ==============================================================
16:25:15 INFO  Using sw id database: {'asciijump': '5475369', 'robotfindskitten': '5474869', 'squirrel3': '5475279', 'rolldice': '5152439', 'moon-buggy': '5439204', 'apple': '5495053', 'banana': '5494888', 'cherry': '5495382', 'watermelon': '5494510', 'registry': '8018911', 'hello-world': '8021526', 'docker/getting-started': '8021973', 'alpine': '7991792'}
16:25:15 INFO  EnvironmentC8y Setup
16:25:16 INFO  Executed systemctl&lt;serv_mapper1&gt;, exit status 3
16:25:16 INFO  Restarting mosquitto too frequently in the last 10 seconds. It was only up for 5 seconds
16:25:16 INFO  Delaying execution by 6 seconds
16:25:36 INFO  Executed sudo&lt;tedge_connect_c8y&gt;, exit status 0, duration 13 secs
16:25:36 INFO  Executed sudo&lt;tedge_connect_c8y_test&gt;, exit status 0
16:25:37 INFO  Executed systemctl&lt;serv_mosq2&gt;, exit status 0
16:25:37 INFO  Executed systemctl&lt;serv_mapper3&gt;, exit status 0
16:25:40 INFO  State of current operation: PENDING
16:25:42 INFO  State of current operation: PENDING
16:25:44 INFO  State of current operation: PENDING
16:25:46 INFO  State of current operation: PENDING
16:25:49 INFO  State of current operation: PENDING
16:25:51 INFO  State of current operation: PENDING
16:25:53 INFO  State of current operation: PENDING
16:25:55 INFO  State of current operation: PENDING
16:25:57 INFO  State of current operation: PENDING
16:26:00 INFO  State of current operation: PENDING
16:26:02 INFO  State of current operation: PENDING
16:26:04 INFO  State of current operation: PENDING
16:26:06 INFO  State of current operation: PENDING
16:26:09 INFO  State of current operation: PENDING
16:26:11 INFO  State of current operation: PENDING
16:26:13 INFO  State of current operation: PENDING
16:26:15 INFO  State of current operation: PENDING
16:26:18 INFO  State of current operation: PENDING
16:26:20 INFO  State of current operation: PENDING
16:26:22 INFO  State of current operation: PENDING
16:26:24 INFO  State of current operation: PENDING
16:26:27 INFO  State of current operation: PENDING
16:26:29 INFO  State of current operation: PENDING
16:26:31 INFO  State of current operation: PENDING
16:26:33 INFO  State of current operation: PENDING
16:26:35 INFO  State of current operation: PENDING
16:26:38 INFO  State of current operation: PENDING
16:26:40 INFO  State of current operation: PENDING
16:26:42 INFO  State of current operation: PENDING
16:26:44 INFO  State of current operation: PENDING
16:26:47 INFO  State of current operation: PENDING
16:26:49 INFO  State of current operation: PENDING
16:26:51 INFO  State of current operation: PENDING
16:26:53 INFO  State of current operation: PENDING
16:26:55 INFO  State of current operation: PENDING
16:26:58 INFO  State of current operation: PENDING
16:27:00 INFO  State of current operation: PENDING
16:27:02 INFO  State of current operation: PENDING
16:27:04 INFO  State of current operation: PENDING
16:27:07 INFO  State of current operation: PENDING
16:27:09 INFO  State of current operation: PENDING
16:27:11 INFO  State of current operation: PENDING
16:27:13 INFO  State of current operation: PENDING
16:27:16 INFO  State of current operation: PENDING
16:27:18 INFO  State of current operation: PENDING
16:27:20 INFO  State of current operation: PENDING
16:27:22 INFO  State of current operation: PENDING
16:27:25 INFO  State of current operation: PENDING
16:27:27 INFO  State of current operation: PENDING
16:27:29 INFO  State of current operation: PENDING
16:27:31 INFO  State of current operation: PENDING
16:27:34 INFO  State of current operation: PENDING
16:27:36 INFO  State of current operation: PENDING
16:27:38 INFO  State of current operation: PENDING
16:27:40 INFO  State of current operation: PENDING
16:27:42 INFO  State of current operation: PENDING
16:27:45 INFO  State of current operation: PENDING
16:27:47 INFO  State of current operation: PENDING
16:27:49 INFO  State of current operation: PENDING
16:27:51 INFO  State of current operation: PENDING
16:27:54 INFO  State of current operation: PENDING
16:27:56 WARN  SystemError occurred while running test - Timeout while waiting for status FAILED or SUCCESSFUL
Traceback (most recent call last):
  File &quot;/home/pi/env-pysys/lib/python3.7/site-packages/pysys/baserunner.py&quot;, line 1292, in __call__
    self.testObj.setup()
  File &quot;/home/pi/actions-runner/_work/thin-edge.io/thin-edge.io/tests/PySys/software_management_end_to_end/sm_fake_install_remove_multiple/run.py&quot;, line 68, in setup
    super().setup()
  File &quot;/home/pi/actions-runner/_work/thin-edge.io/thin-edge.io/tests/PySys/software_management_end_to_end/environment_sm_management.py&quot;, line 151, in setup
    self.wait_until_end()
  File &quot;/home/pi/actions-runner/_work/thin-edge.io/thin-edge.io/tests/PySys/software_management_end_to_end/environment_sm_management.py&quot;, line 332, in wait_until_end
    self.wait_until_status(&quot;FAILED&quot;, &quot;SUCCESSFUL&quot;)
  File &quot;/home/pi/actions-runner/_work/thin-edge.io/thin-edge.io/tests/PySys/software_management_end_to_end/environment_sm_management.py&quot;, line 381, in wait_until_status
    &quot;Timeout while waiting for status %s or %s&quot; % (status, status2)
SystemError: Timeout while waiting for status FAILED or SUCCESSFUL
16:27:56 WARN  SystemError: Timeout while waiting for status FAILED or SUCCESSFUL ... blocked 
16:27:56 INFO  
16:27:56 INFO  cleanup:
16:28:00 INFO  Executed sudo&lt;tedge_disconnect_c8y&gt;, exit status 0
16:28:00 INFO  Executed systemctl&lt;serv_mapper5&gt;, exit status 3
16:28:00 INFO  
16:28:00 INFO  Test duration: 165.35 secs
16:28:00 INFO  Test final outcome:  BLOCKED
16:28:00 INFO  Test outcome reason: SystemError: Timeout while waiting for status FAILED or SUCCESSFUL
16:28:00 INFO  
</system-out>
	</testcase>
</testsuite>
