<?xml version="1.0" encoding="utf-8"?>
<testsuite failures="1" name="SoftwareManagement.sm_fake_install_remove_multiple" skipped="0" tests="1" time="165.66" timestamp="2022-05-23T20:38:46">
	<testcase classname="PySysTest" name="SoftwareManagement.sm_fake_install_remove_multiple">
		<failure message="BLOCKED: SystemError: Timeout while waiting for status FAILED or SUCCESSFUL" type="BLOCKED"/>
		<system-out>20:36:00 INFO  ==============================================================
20:36:00 INFO  Id:    SoftwareManagement.sm_fake_install_remove_multiple
20:36:01 INFO  Dir:   software_management_end_to_end/
20:36:01 INFO  Title: Validate end to end behaviour for the dummy-plugin for multiple packages
20:36:01 INFO  ==============================================================
20:36:01 INFO  Using sw id database: {'asciijump': '5475369', 'robotfindskitten': '5474869', 'squirrel3': '5475279', 'rolldice': '5152439', 'moon-buggy': '5439204', 'apple': '5495053', 'banana': '5494888', 'cherry': '5495382', 'watermelon': '5494510', 'registry': '8018911', 'hello-world': '8021526', 'docker/getting-started': '8021973', 'alpine': '7991792'}
20:36:01 INFO  EnvironmentC8y Setup
20:36:01 INFO  Executed systemctl&lt;serv_mapper1&gt;, exit status 3
20:36:01 INFO  Restarting mosquitto too frequently in the last 10 seconds. It was only up for 5 seconds
20:36:01 INFO  Delaying execution by 6 seconds
20:36:22 INFO  Executed sudo&lt;tedge_connect_c8y&gt;, exit status 0, duration 14 secs
20:36:22 INFO  Executed sudo&lt;tedge_connect_c8y_test&gt;, exit status 0
20:36:23 INFO  Executed systemctl&lt;serv_mosq2&gt;, exit status 0
20:36:23 INFO  Executed systemctl&lt;serv_mapper3&gt;, exit status 0
20:36:25 INFO  State of current operation: PENDING
20:36:28 INFO  State of current operation: PENDING
20:36:30 INFO  State of current operation: PENDING
20:36:32 INFO  State of current operation: PENDING
20:36:34 INFO  State of current operation: PENDING
20:36:36 INFO  State of current operation: PENDING
20:36:39 INFO  State of current operation: PENDING
20:36:41 INFO  State of current operation: PENDING
20:36:43 INFO  State of current operation: PENDING
20:36:45 INFO  State of current operation: PENDING
20:36:48 INFO  State of current operation: PENDING
20:36:50 INFO  State of current operation: PENDING
20:36:52 INFO  State of current operation: PENDING
20:36:54 INFO  State of current operation: PENDING
20:36:57 INFO  State of current operation: PENDING
20:36:59 INFO  State of current operation: PENDING
20:37:01 INFO  State of current operation: PENDING
20:37:03 INFO  State of current operation: PENDING
20:37:06 INFO  State of current operation: PENDING
20:37:08 INFO  State of current operation: PENDING
20:37:10 INFO  State of current operation: PENDING
20:37:12 INFO  State of current operation: PENDING
20:37:14 INFO  State of current operation: PENDING
20:37:17 INFO  State of current operation: PENDING
20:37:19 INFO  State of current operation: PENDING
20:37:21 INFO  State of current operation: PENDING
20:37:23 INFO  State of current operation: PENDING
20:37:26 INFO  State of current operation: PENDING
20:37:28 INFO  State of current operation: PENDING
20:37:30 INFO  State of current operation: PENDING
20:37:32 INFO  State of current operation: PENDING
20:37:35 INFO  State of current operation: PENDING
20:37:37 INFO  State of current operation: PENDING
20:37:39 INFO  State of current operation: PENDING
20:37:41 INFO  State of current operation: PENDING
20:37:43 INFO  State of current operation: PENDING
20:37:46 INFO  State of current operation: PENDING
20:37:48 INFO  State of current operation: PENDING
20:37:50 INFO  State of current operation: PENDING
20:37:52 INFO  State of current operation: PENDING
20:37:55 INFO  State of current operation: PENDING
20:37:57 INFO  State of current operation: PENDING
20:37:59 INFO  State of current operation: PENDING
20:38:01 INFO  State of current operation: PENDING
20:38:04 INFO  State of current operation: PENDING
20:38:06 INFO  State of current operation: PENDING
20:38:08 INFO  State of current operation: PENDING
20:38:10 INFO  State of current operation: PENDING
20:38:13 INFO  State of current operation: PENDING
20:38:15 INFO  State of current operation: PENDING
20:38:17 INFO  State of current operation: PENDING
20:38:19 INFO  State of current operation: PENDING
20:38:21 INFO  State of current operation: PENDING
20:38:24 INFO  State of current operation: PENDING
20:38:26 INFO  State of current operation: PENDING
20:38:28 INFO  State of current operation: PENDING
20:38:30 INFO  State of current operation: PENDING
20:38:33 INFO  State of current operation: PENDING
20:38:35 INFO  State of current operation: PENDING
20:38:37 INFO  State of current operation: PENDING
20:38:39 INFO  State of current operation: PENDING
20:38:41 WARN  SystemError occurred while running test - Timeout while waiting for status FAILED or SUCCESSFUL
Traceback (most recent call last):
  File &quot;/home/pi/env-pysys/lib/python3.7/site-packages/pysys/baserunner.py&quot;, line 1292, in __call__
    self.testObj.setup()
  File &quot;/home/pi/actions-runner/_work/thin-edge.io/thin-edge.io/tests/PySys/software_management_end_to_end/sm_fake_install_remove_multiple/run.py&quot;, line 68, in setup
    super().setup()
  File &quot;/home/pi/actions-runner/_work/thin-edge.io/thin-edge.io/tests/PySys/software_management_end_to_end/environment_sm_management.py&quot;, line 151, in setup
    self.wait_until_end()
  File &quot;/home/pi/actions-runner/_work/thin-edge.io/thin-edge.io/tests/PySys/software_management_end_to_end/environment_sm_management.py&quot;, line 332, in wait_until_end
    self.wait_until_status(&quot;FAILED&quot;, &quot;SUCCESSFUL&quot;)
  File &quot;/home/pi/actions-runner/_work/thin-edge.io/thin-edge.io/tests/PySys/software_management_end_to_end/environment_sm_management.py&quot;, line 381, in wait_until_status
    &quot;Timeout while waiting for status %s or %s&quot; % (status, status2)
SystemError: Timeout while waiting for status FAILED or SUCCESSFUL
20:38:41 WARN  SystemError: Timeout while waiting for status FAILED or SUCCESSFUL ... blocked 
20:38:41 INFO  
20:38:41 INFO  cleanup:
20:38:46 INFO  Executed sudo&lt;tedge_disconnect_c8y&gt;, exit status 0
20:38:46 INFO  Executed systemctl&lt;serv_mapper5&gt;, exit status 3
20:38:46 INFO  
20:38:46 INFO  Test duration: 165.66 secs
20:38:46 INFO  Test final outcome:  BLOCKED
20:38:46 INFO  Test outcome reason: SystemError: Timeout while waiting for status FAILED or SUCCESSFUL
20:38:46 INFO  
</system-out>
	</testcase>
</testsuite>
