<?xml version="1.0" encoding="utf-8"?>
<testsuite failures="1" name="SoftwareManagement.sm_mixed_install_remove_multiple" skipped="0" tests="1" time="162.89" timestamp="2022-06-07T12:49:37">
	<testcase classname="PySysTest" name="SoftwareManagement.sm_mixed_install_remove_multiple">
		<failure message="FAILED: Assert that (False == value) with value=True" type="FAILED"/>
		<system-out>12:46:54 INFO  ==============================================================
12:46:54 INFO  Id:    SoftwareManagement.sm_mixed_install_remove_multiple
12:46:54 INFO  Dir:   software_management_end_to_end/
12:46:54 INFO  Title: Validate end to end behaviour for the dummy-plugin for multiple packages with mixed versions
12:46:54 INFO  ==============================================================
12:46:54 INFO  Using sw id database: {'asciijump': '5475369', 'robotfindskitten': '5474869', 'squirrel3': '5475279', 'rolldice': '5152439', 'moon-buggy': '5439204', 'apple': '5495053', 'banana': '5494888', 'cherry': '5495382', 'watermelon': '5494510', 'registry': '8018911', 'hello-world': '8021526', 'docker/getting-started': '8021973', 'alpine': '7991792'}
12:46:54 INFO  EnvironmentC8y Setup
12:46:54 INFO  Executed systemctl&lt;serv_mapper1&gt;, exit status 3
12:46:54 INFO  Restarting mosquitto too frequently in the last 10 seconds. It was only up for 5 seconds
12:46:54 INFO  Delaying execution by 6 seconds
12:47:15 INFO  Executed sudo&lt;tedge_connect_c8y&gt;, exit status 0, duration 14 secs
12:47:15 INFO  Executed sudo&lt;tedge_connect_c8y_test&gt;, exit status 0
12:47:16 INFO  Executed systemctl&lt;serv_mosq2&gt;, exit status 0
12:47:16 INFO  Executed systemctl&lt;serv_mapper3&gt;, exit status 0
12:47:18 INFO  State of current operation: SUCCESSFUL
12:47:19 INFO  Package apple is installed
12:47:19 INFO  Assert that (True == value) with value=True ... passed
12:47:19 INFO  Package banana is installed
12:47:19 INFO  Assert that (True == value) with value=True ... passed
12:47:19 INFO  Package cherry is installed
12:47:19 INFO  Assert that (True == value) with value=True ... passed
12:47:19 INFO  Package asciijump is installed
12:47:19 WARN  Assert that (False == value) with value=True ... failed 
12:47:20 INFO  Assert that (False == value) with value=False ... passed
12:47:20 INFO  Response status: 201
12:47:20 INFO  Response to action: {
    &quot;creationTime&quot;: &quot;2022-06-07T12:47:20.414Z&quot;,
    &quot;deviceId&quot;: &quot;19918345&quot;,
    &quot;deviceName&quot;: &quot;m32sd10a&quot;,
    &quot;self&quot;: &quot;https://t493319102.eu-latest.cumulocity.com/devicecontrol/operations/20014567&quot;,
    &quot;id&quot;: &quot;20014567&quot;,
    &quot;status&quot;: &quot;PENDING&quot;,
    &quot;description&quot;: &quot;Apply software changes, triggered from PySys: [{'action': 'install', 'id': '5495053', 'name': 'apple', 'url': ' ', 'version': '::fruits'}, {'action': 'install', 'id': '5494888', 'name': 'banana', 'url': ' ', 'version': '::fruits'}, {'action': 'install', 'id': '5475369', 'name': 'asciijump', 'url': ' ', 'version': '::apt'}, {'action': 'install', 'id': '5495382', 'name': 'cherry', 'url': ' ', 'version': '::fruits'}, {'action': 'install', 'id': '8018911', 'name': 'registry', 'url': ' ', 'version': '::docker'}]&quot;,
    &quot;c8y_SoftwareUpdate&quot;: [
        {
            &quot;name&quot;: &quot;apple&quot;,
            &quot;action&quot;: &quot;install&quot;,
            &quot;id&quot;: &quot;5495053&quot;,
            &quot;version&quot;: &quot;::fruits&quot;,
            &quot;url&quot;: &quot; &quot;
        },
        {
            &quot;name&quot;: &quot;banana&quot;,
            &quot;action&quot;: &quot;install&quot;,
            &quot;id&quot;: &quot;5494888&quot;,
            &quot;version&quot;: &quot;::fruits&quot;,
            &quot;url&quot;: &quot; &quot;
        },
        {
            &quot;name&quot;: &quot;asciijump&quot;,
            &quot;action&quot;: &quot;install&quot;,
            &quot;id&quot;: &quot;5475369&quot;,
            &quot;version&quot;: &quot;::apt&quot;,
            &quot;url&quot;: &quot; &quot;
        },
        {
            &quot;name&quot;: &quot;cherry&quot;,
            &quot;action&quot;: &quot;install&quot;,
            &quot;id&quot;: &quot;5495382&quot;,
            &quot;version&quot;: &quot;::fruits&quot;,
            &quot;url&quot;: &quot; &quot;
        },
        {
            &quot;name&quot;: &quot;registry&quot;,
            &quot;action&quot;: &quot;install&quot;,
            &quot;id&quot;: &quot;8018911&quot;,
            &quot;version&quot;: &quot;::docker&quot;,
            &quot;url&quot;: &quot; &quot;
        }
    ]
}
12:47:20 INFO  Started operation: {'creationTime': '2022-06-07T12:47:20.414Z', 'deviceId': '19918345', 'deviceName': 'm32sd10a', 'self': 'https://t493319102.eu-latest.cumulocity.com/devicecontrol/operations/20014567', 'id': '20014567', 'status': 'PENDING', 'description': &quot;Apply software changes, triggered from PySys: [{'action': 'install', 'id': '5495053', 'name': 'apple', 'url': ' ', 'version': '::fruits'}, {'action': 'install', 'id': '5494888', 'name': 'banana', 'url': ' ', 'version': '::fruits'}, {'action': 'install', 'id': '5475369', 'name': 'asciijump', 'url': ' ', 'version': '::apt'}, {'action': 'install', 'id': '5495382', 'name': 'cherry', 'url': ' ', 'version': '::fruits'}, {'action': 'install', 'id': '8018911', 'name': 'registry', 'url': ' ', 'version': '::docker'}]&quot;, 'c8y_SoftwareUpdate': [{'name': 'apple', 'action': 'install', 'id': '5495053', 'version': '::fruits', 'url': ' '}, {'name': 'banana', 'action': 'install', 'id': '5494888', 'version': '::fruits', 'url': ' '}, {'name': 'asciijump', 'action': 'install', 'id': '5475369', 'version': '::apt', 'url': ' '}, {'name': 'cherry', 'action': 'install', 'id': '5495382', 'version': '::fruits', 'url': ' '}, {'name': 'registry', 'action': 'install', 'id': '8018911', 'version': '::docker', 'url': ' '}]}
12:47:22 INFO  State of operation 20014567 : PENDING
12:47:24 INFO  State of operation 20014567 : EXECUTING
12:47:27 INFO  State of operation 20014567 : EXECUTING
12:47:29 INFO  State of operation 20014567 : EXECUTING
12:47:31 INFO  State of operation 20014567 : EXECUTING
12:47:33 INFO  State of operation 20014567 : EXECUTING
12:47:36 INFO  State of operation 20014567 : EXECUTING
12:47:39 INFO  State of operation 20014567 : EXECUTING
12:47:41 INFO  State of operation 20014567 : EXECUTING
12:47:43 INFO  State of operation 20014567 : EXECUTING
12:47:45 INFO  State of operation 20014567 : EXECUTING
12:47:48 INFO  State of operation 20014567 : EXECUTING
12:47:50 INFO  State of operation 20014567 : EXECUTING
12:47:52 INFO  State of operation 20014567 : EXECUTING
12:47:54 INFO  State of operation 20014567 : EXECUTING
12:47:57 INFO  State of operation 20014567 : EXECUTING
12:47:59 INFO  State of operation 20014567 : EXECUTING
12:48:01 INFO  State of operation 20014567 : EXECUTING
12:48:03 INFO  State of operation 20014567 : EXECUTING
12:48:06 INFO  State of operation 20014567 : EXECUTING
12:48:08 INFO  State of operation 20014567 : EXECUTING
12:48:10 INFO  State of operation 20014567 : EXECUTING
12:48:13 INFO  State of operation 20014567 : EXECUTING
12:48:15 INFO  State of operation 20014567 : EXECUTING
12:48:17 INFO  State of operation 20014567 : EXECUTING
12:48:19 INFO  State of operation 20014567 : SUCCESSFUL
12:48:20 INFO  Package apple is installed
12:48:20 INFO  Assert that (True == value) with value=True ... passed
12:48:20 INFO  Package banana is installed
12:48:20 INFO  Assert that (True == value) with value=True ... passed
12:48:20 INFO  Package cherry is installed
12:48:20 INFO  Assert that (True == value) with value=True ... passed
12:48:20 INFO  Package asciijump is installed
12:48:20 INFO  Assert that (True == value) with value=True ... passed
12:48:21 INFO  Package registry is installed
12:48:21 INFO  Assert that (True == value) with value=True ... passed
12:48:21 INFO  Response status: 201
12:48:21 INFO  Response to action: {
    &quot;creationTime&quot;: &quot;2022-06-07T12:48:21.361Z&quot;,
    &quot;deviceId&quot;: &quot;19918345&quot;,
    &quot;deviceName&quot;: &quot;m32sd10a&quot;,
    &quot;self&quot;: &quot;https://t493319102.eu-latest.cumulocity.com/devicecontrol/operations/20014577&quot;,
    &quot;id&quot;: &quot;20014577&quot;,
    &quot;status&quot;: &quot;PENDING&quot;,
    &quot;description&quot;: &quot;Apply software changes, triggered from PySys: [{'action': 'delete', 'id': '5495053', 'name': 'apple', 'url': ' ', 'version': '::fruits'}, {'action': 'delete', 'id': '5494888', 'name': 'banana', 'url': ' ', 'version': '::fruits'}, {'action': 'delete', 'id': '5475369', 'name': 'asciijump', 'url': ' ', 'version': '::apt'}, {'action': 'delete', 'id': '5495382', 'name': 'cherry', 'url': ' ', 'version': '::fruits'}, {'action': 'delete', 'id': '8018911', 'name': 'registry', 'url': ' ', 'version': '::docker'}]&quot;,
    &quot;c8y_SoftwareUpdate&quot;: [
        {
            &quot;name&quot;: &quot;apple&quot;,
            &quot;action&quot;: &quot;delete&quot;,
            &quot;id&quot;: &quot;5495053&quot;,
            &quot;version&quot;: &quot;::fruits&quot;,
            &quot;url&quot;: &quot; &quot;
        },
        {
            &quot;name&quot;: &quot;banana&quot;,
            &quot;action&quot;: &quot;delete&quot;,
            &quot;id&quot;: &quot;5494888&quot;,
            &quot;version&quot;: &quot;::fruits&quot;,
            &quot;url&quot;: &quot; &quot;
        },
        {
            &quot;name&quot;: &quot;asciijump&quot;,
            &quot;action&quot;: &quot;delete&quot;,
            &quot;id&quot;: &quot;5475369&quot;,
            &quot;version&quot;: &quot;::apt&quot;,
            &quot;url&quot;: &quot; &quot;
        },
        {
            &quot;name&quot;: &quot;cherry&quot;,
            &quot;action&quot;: &quot;delete&quot;,
            &quot;id&quot;: &quot;5495382&quot;,
            &quot;version&quot;: &quot;::fruits&quot;,
            &quot;url&quot;: &quot; &quot;
        },
        {
            &quot;name&quot;: &quot;registry&quot;,
            &quot;action&quot;: &quot;delete&quot;,
            &quot;id&quot;: &quot;8018911&quot;,
            &quot;version&quot;: &quot;::docker&quot;,
            &quot;url&quot;: &quot; &quot;
        }
    ]
}
12:48:21 INFO  Started operation: {'creationTime': '2022-06-07T12:48:21.361Z', 'deviceId': '19918345', 'deviceName': 'm32sd10a', 'self': 'https://t493319102.eu-latest.cumulocity.com/devicecontrol/operations/20014577', 'id': '20014577', 'status': 'PENDING', 'description': &quot;Apply software changes, triggered from PySys: [{'action': 'delete', 'id': '5495053', 'name': 'apple', 'url': ' ', 'version': '::fruits'}, {'action': 'delete', 'id': '5494888', 'name': 'banana', 'url': ' ', 'version': '::fruits'}, {'action': 'delete', 'id': '5475369', 'name': 'asciijump', 'url': ' ', 'version': '::apt'}, {'action': 'delete', 'id': '5495382', 'name': 'cherry', 'url': ' ', 'version': '::fruits'}, {'action': 'delete', 'id': '8018911', 'name': 'registry', 'url': ' ', 'version': '::docker'}]&quot;, 'c8y_SoftwareUpdate': [{'name': 'apple', 'action': 'delete', 'id': '5495053', 'version': '::fruits', 'url': ' '}, {'name': 'banana', 'action': 'delete', 'id': '5494888', 'version': '::fruits', 'url': ' '}, {'name': 'asciijump', 'action': 'delete', 'id': '5475369', 'version': '::apt', 'url': ' '}, {'name': 'cherry', 'action': 'delete', 'id': '5495382', 'version': '::fruits', 'url': ' '}, {'name': 'registry', 'action': 'delete', 'id': '8018911', 'version': '::docker', 'url': ' '}]}
12:48:23 INFO  State of operation 20014577 : PENDING
12:48:25 INFO  State of operation 20014577 : EXECUTING
12:48:28 INFO  State of operation 20014577 : EXECUTING
12:48:30 INFO  State of operation 20014577 : EXECUTING
12:48:32 INFO  State of operation 20014577 : EXECUTING
12:48:34 INFO  State of operation 20014577 : EXECUTING
12:48:37 INFO  State of operation 20014577 : EXECUTING
12:48:39 INFO  State of operation 20014577 : EXECUTING
12:48:42 INFO  State of operation 20014577 : EXECUTING
12:48:44 INFO  State of operation 20014577 : EXECUTING
12:48:46 INFO  State of operation 20014577 : EXECUTING
12:48:49 INFO  State of operation 20014577 : EXECUTING
12:48:51 INFO  State of operation 20014577 : EXECUTING
12:48:53 INFO  State of operation 20014577 : EXECUTING
12:48:55 INFO  State of operation 20014577 : EXECUTING
12:48:58 INFO  State of operation 20014577 : EXECUTING
12:49:00 INFO  State of operation 20014577 : EXECUTING
12:49:02 INFO  State of operation 20014577 : EXECUTING
12:49:05 INFO  State of operation 20014577 : EXECUTING
12:49:07 INFO  State of operation 20014577 : EXECUTING
12:49:09 INFO  State of operation 20014577 : EXECUTING
12:49:11 INFO  State of operation 20014577 : EXECUTING
12:49:14 INFO  State of operation 20014577 : EXECUTING
12:49:17 INFO  State of operation 20014577 : EXECUTING
12:49:19 INFO  State of operation 20014577 : EXECUTING
12:49:21 INFO  State of operation 20014577 : EXECUTING
12:49:23 INFO  State of operation 20014577 : EXECUTING
12:49:26 INFO  State of operation 20014577 : EXECUTING
12:49:28 INFO  State of operation 20014577 : EXECUTING
12:49:30 INFO  State of operation 20014577 : SUCCESSFUL
12:49:31 INFO  Package apple is installed
12:49:31 INFO  Assert that (True == value) with value=True ... passed
12:49:31 INFO  Package banana is installed
12:49:31 INFO  Assert that (True == value) with value=True ... passed
12:49:31 INFO  Package cherry is installed
12:49:31 INFO  Assert that (True == value) with value=True ... passed
12:49:31 INFO  Assert that (False == value) with value=False ... passed
12:49:32 INFO  Assert that (False == value) with value=False ... passed
12:49:32 INFO  
12:49:32 INFO  cleanup:
12:49:36 INFO  Executed sudo&lt;tedge_disconnect_c8y&gt;, exit status 0
12:49:37 INFO  Executed systemctl&lt;serv_mapper5&gt;, exit status 3
12:49:37 INFO  
12:49:37 INFO  Test duration: 162.89 secs
12:49:37 INFO  Test final outcome:  FAILED
12:49:37 INFO  Test outcome reason: Assert that (False == value) with value=True
12:49:37 INFO  
</system-out>
	</testcase>
</testsuite>
