<?xml version="1.0" encoding="utf-8"?>
<testsuite failures="1" name="SoftwareManagement.sm_mixed_install_remove_multiple" skipped="0" tests="1" time="165.69" timestamp="2022-06-09T17:56:20">
	<testcase classname="PySysTest" name="SoftwareManagement.sm_mixed_install_remove_multiple">
		<failure message="FAILED: Assert that (False == value) with value=True" type="FAILED"/>
		<system-out>17:53:34 INFO  ==============================================================
17:53:34 INFO  Id:    SoftwareManagement.sm_mixed_install_remove_multiple
17:53:34 INFO  Dir:   software_management_end_to_end/
17:53:34 INFO  Title: Validate end to end behaviour for the dummy-plugin for multiple packages with mixed versions
17:53:34 INFO  ==============================================================
17:53:34 INFO  Using sw id database: {'asciijump': '5475369', 'robotfindskitten': '5474869', 'squirrel3': '5475279', 'rolldice': '5152439', 'moon-buggy': '5439204', 'apple': '5495053', 'banana': '5494888', 'cherry': '5495382', 'watermelon': '5494510', 'registry': '8018911', 'hello-world': '8021526', 'docker/getting-started': '8021973', 'alpine': '7991792'}
17:53:34 INFO  EnvironmentC8y Setup
17:53:34 INFO  Executed systemctl&lt;serv_mapper1&gt;, exit status 3
17:53:35 INFO  Restarting mosquitto too frequently in the last 10 seconds. It was only up for 4 seconds
17:53:35 INFO  Delaying execution by 7 seconds
17:53:56 INFO  Executed sudo&lt;tedge_connect_c8y&gt;, exit status 0, duration 14 secs
17:53:56 INFO  Executed sudo&lt;tedge_connect_c8y_test&gt;, exit status 0
17:53:57 INFO  Executed systemctl&lt;serv_mosq2&gt;, exit status 0
17:53:57 INFO  Executed systemctl&lt;serv_mapper3&gt;, exit status 0
17:54:00 INFO  State of current operation: SUCCESSFUL
17:54:00 INFO  Package apple is installed
17:54:00 INFO  Assert that (True == value) with value=True ... passed
17:54:00 INFO  Package banana is installed
17:54:00 INFO  Assert that (True == value) with value=True ... passed
17:54:00 INFO  Package cherry is installed
17:54:00 INFO  Assert that (True == value) with value=True ... passed
17:54:00 INFO  Package asciijump is installed
17:54:00 WARN  Assert that (False == value) with value=True ... failed 
17:54:01 INFO  Assert that (False == value) with value=False ... passed
17:54:01 INFO  Response status: 201
17:54:01 INFO  Response to action: {
    &quot;delivery&quot;: {
        &quot;log&quot;: [],
        &quot;time&quot;: &quot;2022-06-09T17:54:01.398Z&quot;,
        &quot;status&quot;: &quot;PENDING&quot;
    },
    &quot;creationTime&quot;: &quot;2022-06-09T17:54:01.378Z&quot;,
    &quot;deviceId&quot;: &quot;20080061&quot;,
    &quot;deviceName&quot;: &quot;m32sd10a&quot;,
    &quot;self&quot;: &quot;https://t493319102.eu-latest.cumulocity.com/devicecontrol/operations/20102593&quot;,
    &quot;id&quot;: &quot;20102593&quot;,
    &quot;status&quot;: &quot;PENDING&quot;,
    &quot;description&quot;: &quot;Apply software changes, triggered from PySys: [{'action': 'install', 'id': '5495053', 'name': 'apple', 'url': ' ', 'version': '::fruits'}, {'action': 'install', 'id': '5494888', 'name': 'banana', 'url': ' ', 'version': '::fruits'}, {'action': 'install', 'id': '5475369', 'name': 'asciijump', 'url': ' ', 'version': '::apt'}, {'action': 'install', 'id': '5495382', 'name': 'cherry', 'url': ' ', 'version': '::fruits'}, {'action': 'install', 'id': '8018911', 'name': 'registry', 'url': ' ', 'version': '::docker'}]&quot;,
    &quot;c8y_SoftwareUpdate&quot;: [
        {
            &quot;name&quot;: &quot;apple&quot;,
            &quot;action&quot;: &quot;install&quot;,
            &quot;id&quot;: &quot;5495053&quot;,
            &quot;version&quot;: &quot;::fruits&quot;,
            &quot;url&quot;: &quot; &quot;
        },
        {
            &quot;name&quot;: &quot;banana&quot;,
            &quot;action&quot;: &quot;install&quot;,
            &quot;id&quot;: &quot;5494888&quot;,
            &quot;version&quot;: &quot;::fruits&quot;,
            &quot;url&quot;: &quot; &quot;
        },
        {
            &quot;name&quot;: &quot;asciijump&quot;,
            &quot;action&quot;: &quot;install&quot;,
            &quot;id&quot;: &quot;5475369&quot;,
            &quot;version&quot;: &quot;::apt&quot;,
            &quot;url&quot;: &quot; &quot;
        },
        {
            &quot;name&quot;: &quot;cherry&quot;,
            &quot;action&quot;: &quot;install&quot;,
            &quot;id&quot;: &quot;5495382&quot;,
            &quot;version&quot;: &quot;::fruits&quot;,
            &quot;url&quot;: &quot; &quot;
        },
        {
            &quot;name&quot;: &quot;registry&quot;,
            &quot;action&quot;: &quot;install&quot;,
            &quot;id&quot;: &quot;8018911&quot;,
            &quot;version&quot;: &quot;::docker&quot;,
            &quot;url&quot;: &quot; &quot;
        }
    ]
}
17:54:01 INFO  Started operation: {'delivery': {'log': [], 'time': '2022-06-09T17:54:01.398Z', 'status': 'PENDING'}, 'creationTime': '2022-06-09T17:54:01.378Z', 'deviceId': '20080061', 'deviceName': 'm32sd10a', 'self': 'https://t493319102.eu-latest.cumulocity.com/devicecontrol/operations/20102593', 'id': '20102593', 'status': 'PENDING', 'description': &quot;Apply software changes, triggered from PySys: [{'action': 'install', 'id': '5495053', 'name': 'apple', 'url': ' ', 'version': '::fruits'}, {'action': 'install', 'id': '5494888', 'name': 'banana', 'url': ' ', 'version': '::fruits'}, {'action': 'install', 'id': '5475369', 'name': 'asciijump', 'url': ' ', 'version': '::apt'}, {'action': 'install', 'id': '5495382', 'name': 'cherry', 'url': ' ', 'version': '::fruits'}, {'action': 'install', 'id': '8018911', 'name': 'registry', 'url': ' ', 'version': '::docker'}]&quot;, 'c8y_SoftwareUpdate': [{'name': 'apple', 'action': 'install', 'id': '5495053', 'version': '::fruits', 'url': ' '}, {'name': 'banana', 'action': 'install', 'id': '5494888', 'version': '::fruits', 'url': ' '}, {'name': 'asciijump', 'action': 'install', 'id': '5475369', 'version': '::apt', 'url': ' '}, {'name': 'cherry', 'action': 'install', 'id': '5495382', 'version': '::fruits', 'url': ' '}, {'name': 'registry', 'action': 'install', 'id': '8018911', 'version': '::docker', 'url': ' '}]}
17:54:03 INFO  State of operation 20102593 : PENDING
17:54:05 INFO  State of operation 20102593 : EXECUTING
17:54:08 INFO  State of operation 20102593 : EXECUTING
17:54:10 INFO  State of operation 20102593 : EXECUTING
17:54:12 INFO  State of operation 20102593 : EXECUTING
17:54:14 INFO  State of operation 20102593 : EXECUTING
17:54:17 INFO  State of operation 20102593 : EXECUTING
17:54:19 INFO  State of operation 20102593 : EXECUTING
17:54:22 INFO  State of operation 20102593 : EXECUTING
17:54:24 INFO  State of operation 20102593 : EXECUTING
17:54:27 INFO  State of operation 20102593 : EXECUTING
17:54:29 INFO  State of operation 20102593 : EXECUTING
17:54:31 INFO  State of operation 20102593 : EXECUTING
17:54:33 INFO  State of operation 20102593 : EXECUTING
17:54:36 INFO  State of operation 20102593 : EXECUTING
17:54:38 INFO  State of operation 20102593 : EXECUTING
17:54:40 INFO  State of operation 20102593 : EXECUTING
17:54:42 INFO  State of operation 20102593 : EXECUTING
17:54:44 INFO  State of operation 20102593 : EXECUTING
17:54:47 INFO  State of operation 20102593 : EXECUTING
17:54:49 INFO  State of operation 20102593 : EXECUTING
17:54:51 INFO  State of operation 20102593 : EXECUTING
17:54:53 INFO  State of operation 20102593 : EXECUTING
17:54:56 INFO  State of operation 20102593 : EXECUTING
17:54:58 INFO  State of operation 20102593 : EXECUTING
17:55:00 INFO  State of operation 20102593 : SUCCESSFUL
17:55:00 INFO  Package apple is installed
17:55:00 INFO  Assert that (True == value) with value=True ... passed
17:55:01 INFO  Package banana is installed
17:55:01 INFO  Assert that (True == value) with value=True ... passed
17:55:01 INFO  Package cherry is installed
17:55:01 INFO  Assert that (True == value) with value=True ... passed
17:55:01 INFO  Package asciijump is installed
17:55:01 INFO  Assert that (True == value) with value=True ... passed
17:55:01 INFO  Package registry is installed
17:55:01 INFO  Assert that (True == value) with value=True ... passed
17:55:02 INFO  Response status: 201
17:55:02 INFO  Response to action: {
    &quot;delivery&quot;: {
        &quot;log&quot;: [],
        &quot;time&quot;: &quot;2022-06-09T17:55:02.112Z&quot;,
        &quot;status&quot;: &quot;PENDING&quot;
    },
    &quot;creationTime&quot;: &quot;2022-06-09T17:55:02.093Z&quot;,
    &quot;deviceId&quot;: &quot;20080061&quot;,
    &quot;deviceName&quot;: &quot;m32sd10a&quot;,
    &quot;self&quot;: &quot;https://t493319102.eu-latest.cumulocity.com/devicecontrol/operations/20102617&quot;,
    &quot;id&quot;: &quot;20102617&quot;,
    &quot;status&quot;: &quot;PENDING&quot;,
    &quot;description&quot;: &quot;Apply software changes, triggered from PySys: [{'action': 'delete', 'id': '5495053', 'name': 'apple', 'url': ' ', 'version': '::fruits'}, {'action': 'delete', 'id': '5494888', 'name': 'banana', 'url': ' ', 'version': '::fruits'}, {'action': 'delete', 'id': '5475369', 'name': 'asciijump', 'url': ' ', 'version': '::apt'}, {'action': 'delete', 'id': '5495382', 'name': 'cherry', 'url': ' ', 'version': '::fruits'}, {'action': 'delete', 'id': '8018911', 'name': 'registry', 'url': ' ', 'version': '::docker'}]&quot;,
    &quot;c8y_SoftwareUpdate&quot;: [
        {
            &quot;name&quot;: &quot;apple&quot;,
            &quot;action&quot;: &quot;delete&quot;,
            &quot;id&quot;: &quot;5495053&quot;,
            &quot;version&quot;: &quot;::fruits&quot;,
            &quot;url&quot;: &quot; &quot;
        },
        {
            &quot;name&quot;: &quot;banana&quot;,
            &quot;action&quot;: &quot;delete&quot;,
            &quot;id&quot;: &quot;5494888&quot;,
            &quot;version&quot;: &quot;::fruits&quot;,
            &quot;url&quot;: &quot; &quot;
        },
        {
            &quot;name&quot;: &quot;asciijump&quot;,
            &quot;action&quot;: &quot;delete&quot;,
            &quot;id&quot;: &quot;5475369&quot;,
            &quot;version&quot;: &quot;::apt&quot;,
            &quot;url&quot;: &quot; &quot;
        },
        {
            &quot;name&quot;: &quot;cherry&quot;,
            &quot;action&quot;: &quot;delete&quot;,
            &quot;id&quot;: &quot;5495382&quot;,
            &quot;version&quot;: &quot;::fruits&quot;,
            &quot;url&quot;: &quot; &quot;
        },
        {
            &quot;name&quot;: &quot;registry&quot;,
            &quot;action&quot;: &quot;delete&quot;,
            &quot;id&quot;: &quot;8018911&quot;,
            &quot;version&quot;: &quot;::docker&quot;,
            &quot;url&quot;: &quot; &quot;
        }
    ]
}
17:55:02 INFO  Started operation: {'delivery': {'log': [], 'time': '2022-06-09T17:55:02.112Z', 'status': 'PENDING'}, 'creationTime': '2022-06-09T17:55:02.093Z', 'deviceId': '20080061', 'deviceName': 'm32sd10a', 'self': 'https://t493319102.eu-latest.cumulocity.com/devicecontrol/operations/20102617', 'id': '20102617', 'status': 'PENDING', 'description': &quot;Apply software changes, triggered from PySys: [{'action': 'delete', 'id': '5495053', 'name': 'apple', 'url': ' ', 'version': '::fruits'}, {'action': 'delete', 'id': '5494888', 'name': 'banana', 'url': ' ', 'version': '::fruits'}, {'action': 'delete', 'id': '5475369', 'name': 'asciijump', 'url': ' ', 'version': '::apt'}, {'action': 'delete', 'id': '5495382', 'name': 'cherry', 'url': ' ', 'version': '::fruits'}, {'action': 'delete', 'id': '8018911', 'name': 'registry', 'url': ' ', 'version': '::docker'}]&quot;, 'c8y_SoftwareUpdate': [{'name': 'apple', 'action': 'delete', 'id': '5495053', 'version': '::fruits', 'url': ' '}, {'name': 'banana', 'action': 'delete', 'id': '5494888', 'version': '::fruits', 'url': ' '}, {'name': 'asciijump', 'action': 'delete', 'id': '5475369', 'version': '::apt', 'url': ' '}, {'name': 'cherry', 'action': 'delete', 'id': '5495382', 'version': '::fruits', 'url': ' '}, {'name': 'registry', 'action': 'delete', 'id': '8018911', 'version': '::docker', 'url': ' '}]}
17:55:04 INFO  State of operation 20102617 : PENDING
17:55:06 INFO  State of operation 20102617 : EXECUTING
17:55:08 INFO  State of operation 20102617 : EXECUTING
17:55:11 INFO  State of operation 20102617 : EXECUTING
17:55:13 INFO  State of operation 20102617 : EXECUTING
17:55:15 INFO  State of operation 20102617 : EXECUTING
17:55:18 INFO  State of operation 20102617 : EXECUTING
17:55:20 INFO  State of operation 20102617 : EXECUTING
17:55:23 INFO  State of operation 20102617 : EXECUTING
17:55:25 INFO  State of operation 20102617 : EXECUTING
17:55:27 INFO  State of operation 20102617 : EXECUTING
17:55:30 INFO  State of operation 20102617 : EXECUTING
17:55:32 INFO  State of operation 20102617 : EXECUTING
17:55:34 INFO  State of operation 20102617 : EXECUTING
17:55:36 INFO  State of operation 20102617 : EXECUTING
17:55:39 INFO  State of operation 20102617 : EXECUTING
17:55:41 INFO  State of operation 20102617 : EXECUTING
17:55:44 INFO  State of operation 20102617 : EXECUTING
17:55:46 INFO  State of operation 20102617 : EXECUTING
17:55:48 INFO  State of operation 20102617 : EXECUTING
17:55:51 INFO  State of operation 20102617 : EXECUTING
17:55:53 INFO  State of operation 20102617 : EXECUTING
17:55:55 INFO  State of operation 20102617 : EXECUTING
17:55:58 INFO  State of operation 20102617 : EXECUTING
17:56:00 INFO  State of operation 20102617 : EXECUTING
17:56:02 INFO  State of operation 20102617 : EXECUTING
17:56:04 INFO  State of operation 20102617 : EXECUTING
17:56:07 INFO  State of operation 20102617 : EXECUTING
17:56:09 INFO  State of operation 20102617 : EXECUTING
17:56:11 INFO  State of operation 20102617 : EXECUTING
17:56:14 INFO  State of operation 20102617 : SUCCESSFUL
17:56:14 INFO  Package apple is installed
17:56:14 INFO  Assert that (True == value) with value=True ... passed
17:56:14 INFO  Package banana is installed
17:56:14 INFO  Assert that (True == value) with value=True ... passed
17:56:14 INFO  Package cherry is installed
17:56:14 INFO  Assert that (True == value) with value=True ... passed
17:56:14 INFO  Assert that (False == value) with value=False ... passed
17:56:15 INFO  Assert that (False == value) with value=False ... passed
17:56:15 INFO  
17:56:15 INFO  cleanup:
17:56:19 INFO  Executed sudo&lt;tedge_disconnect_c8y&gt;, exit status 0
17:56:20 INFO  Executed systemctl&lt;serv_mapper5&gt;, exit status 3
17:56:20 INFO  
17:56:20 INFO  Test duration: 165.69 secs
17:56:20 INFO  Test final outcome:  FAILED
17:56:20 INFO  Test outcome reason: Assert that (False == value) with value=True
17:56:20 INFO  
</system-out>
	</testcase>
</testsuite>
