<?xml version="1.0" encoding="utf-8"?>
<testsuite failures="1" name="SoftwareManagement.sm_mixed_install_remove_multiple" skipped="0" tests="1" time="163.86" timestamp="2022-07-16T18:39:34">
	<testcase classname="PySysTest" name="SoftwareManagement.sm_mixed_install_remove_multiple">
		<failure message="FAILED: Assert that (False == value) with value=True" type="FAILED"/>
		<system-out>18:36:50 INFO  ==============================================================
18:36:50 INFO  Id:    SoftwareManagement.sm_mixed_install_remove_multiple
18:36:50 INFO  Dir:   software_management_end_to_end/
18:36:50 INFO  Title: Validate end to end behaviour for the dummy-plugin for multiple packages with mixed versions
18:36:50 INFO  ==============================================================
18:36:50 INFO  Using sw id database: {'asciijump': '5475369', 'robotfindskitten': '5474869', 'squirrel3': '5475279', 'rolldice': '5152439', 'moon-buggy': '5439204', 'apple': '5495053', 'banana': '5494888', 'cherry': '5495382', 'watermelon': '5494510', 'registry': '8018911', 'hello-world': '8021526', 'docker/getting-started': '8021973', 'alpine': '7991792'}
18:36:50 INFO  EnvironmentC8y Setup
18:36:51 INFO  Executed systemctl&lt;serv_mapper1&gt;, exit status 3
18:36:51 INFO  Restarting mosquitto too frequently in the last 10 seconds. It was only up for 4 seconds
18:36:51 INFO  Delaying execution by 7 seconds
18:37:12 INFO  Executed sudo&lt;tedge_connect_c8y&gt;, exit status 0, duration 14 secs
18:37:13 INFO  Executed sudo&lt;tedge_connect_c8y_test&gt;, exit status 0
18:37:13 INFO  Executed systemctl&lt;serv_mosq2&gt;, exit status 0
18:37:14 INFO  Executed systemctl&lt;serv_mapper3&gt;, exit status 0
18:37:16 INFO  State of current operation: SUCCESSFUL
18:37:16 INFO  Package apple is installed
18:37:16 INFO  Assert that (True == value) with value=True ... passed
18:37:16 INFO  Package banana is installed
18:37:16 INFO  Assert that (True == value) with value=True ... passed
18:37:17 INFO  Package cherry is installed
18:37:17 INFO  Assert that (True == value) with value=True ... passed
18:37:17 INFO  Package asciijump is installed
18:37:17 WARN  Assert that (False == value) with value=True ... failed 
18:37:17 INFO  Assert that (False == value) with value=False ... passed
18:37:17 INFO  Response status: 201
18:37:17 INFO  Response to action: {
    &quot;creationTime&quot;: &quot;2022-07-16T18:37:17.829Z&quot;,
    &quot;deviceName&quot;: &quot;m32sd10a&quot;,
    &quot;deviceId&quot;: &quot;20961415&quot;,
    &quot;self&quot;: &quot;https://t493319102.eu-latest.cumulocity.com/devicecontrol/operations/20974486&quot;,
    &quot;id&quot;: &quot;20974486&quot;,
    &quot;status&quot;: &quot;PENDING&quot;,
    &quot;description&quot;: &quot;Apply software changes, triggered from PySys: [{'action': 'install', 'id': '5495053', 'name': 'apple', 'url': ' ', 'version': '::fruits'}, {'action': 'install', 'id': '5494888', 'name': 'banana', 'url': ' ', 'version': '::fruits'}, {'action': 'install', 'id': '5475369', 'name': 'asciijump', 'url': ' ', 'version': '::apt'}, {'action': 'install', 'id': '5495382', 'name': 'cherry', 'url': ' ', 'version': '::fruits'}, {'action': 'install', 'id': '8018911', 'name': 'registry', 'url': ' ', 'version': '::docker'}]&quot;,
    &quot;c8y_SoftwareUpdate&quot;: [
        {
            &quot;name&quot;: &quot;apple&quot;,
            &quot;action&quot;: &quot;install&quot;,
            &quot;id&quot;: &quot;5495053&quot;,
            &quot;version&quot;: &quot;::fruits&quot;,
            &quot;url&quot;: &quot; &quot;
        },
        {
            &quot;name&quot;: &quot;banana&quot;,
            &quot;action&quot;: &quot;install&quot;,
            &quot;id&quot;: &quot;5494888&quot;,
            &quot;version&quot;: &quot;::fruits&quot;,
            &quot;url&quot;: &quot; &quot;
        },
        {
            &quot;name&quot;: &quot;asciijump&quot;,
            &quot;action&quot;: &quot;install&quot;,
            &quot;id&quot;: &quot;5475369&quot;,
            &quot;version&quot;: &quot;::apt&quot;,
            &quot;url&quot;: &quot; &quot;
        },
        {
            &quot;name&quot;: &quot;cherry&quot;,
            &quot;action&quot;: &quot;install&quot;,
            &quot;id&quot;: &quot;5495382&quot;,
            &quot;version&quot;: &quot;::fruits&quot;,
            &quot;url&quot;: &quot; &quot;
        },
        {
            &quot;name&quot;: &quot;registry&quot;,
            &quot;action&quot;: &quot;install&quot;,
            &quot;id&quot;: &quot;8018911&quot;,
            &quot;version&quot;: &quot;::docker&quot;,
            &quot;url&quot;: &quot; &quot;
        }
    ]
}
18:37:17 INFO  Started operation: {'creationTime': '2022-07-16T18:37:17.829Z', 'deviceName': 'm32sd10a', 'deviceId': '20961415', 'self': 'https://t493319102.eu-latest.cumulocity.com/devicecontrol/operations/20974486', 'id': '20974486', 'status': 'PENDING', 'description': &quot;Apply software changes, triggered from PySys: [{'action': 'install', 'id': '5495053', 'name': 'apple', 'url': ' ', 'version': '::fruits'}, {'action': 'install', 'id': '5494888', 'name': 'banana', 'url': ' ', 'version': '::fruits'}, {'action': 'install', 'id': '5475369', 'name': 'asciijump', 'url': ' ', 'version': '::apt'}, {'action': 'install', 'id': '5495382', 'name': 'cherry', 'url': ' ', 'version': '::fruits'}, {'action': 'install', 'id': '8018911', 'name': 'registry', 'url': ' ', 'version': '::docker'}]&quot;, 'c8y_SoftwareUpdate': [{'name': 'apple', 'action': 'install', 'id': '5495053', 'version': '::fruits', 'url': ' '}, {'name': 'banana', 'action': 'install', 'id': '5494888', 'version': '::fruits', 'url': ' '}, {'name': 'asciijump', 'action': 'install', 'id': '5475369', 'version': '::apt', 'url': ' '}, {'name': 'cherry', 'action': 'install', 'id': '5495382', 'version': '::fruits', 'url': ' '}, {'name': 'registry', 'action': 'install', 'id': '8018911', 'version': '::docker', 'url': ' '}]}
18:37:20 INFO  State of operation 20974486 : PENDING
18:37:22 INFO  State of operation 20974486 : EXECUTING
18:37:24 INFO  State of operation 20974486 : EXECUTING
18:37:26 INFO  State of operation 20974486 : EXECUTING
18:37:29 INFO  State of operation 20974486 : EXECUTING
18:37:31 INFO  State of operation 20974486 : EXECUTING
18:37:33 INFO  State of operation 20974486 : EXECUTING
18:37:36 INFO  State of operation 20974486 : EXECUTING
18:37:39 INFO  State of operation 20974486 : EXECUTING
18:37:41 INFO  State of operation 20974486 : EXECUTING
18:37:43 INFO  State of operation 20974486 : EXECUTING
18:37:46 INFO  State of operation 20974486 : EXECUTING
18:37:48 INFO  State of operation 20974486 : EXECUTING
18:37:50 INFO  State of operation 20974486 : EXECUTING
18:37:52 INFO  State of operation 20974486 : EXECUTING
18:37:55 INFO  State of operation 20974486 : EXECUTING
18:37:57 INFO  State of operation 20974486 : EXECUTING
18:37:59 INFO  State of operation 20974486 : EXECUTING
18:38:01 INFO  State of operation 20974486 : EXECUTING
18:38:03 INFO  State of operation 20974486 : EXECUTING
18:38:06 INFO  State of operation 20974486 : EXECUTING
18:38:08 INFO  State of operation 20974486 : EXECUTING
18:38:10 INFO  State of operation 20974486 : EXECUTING
18:38:12 INFO  State of operation 20974486 : EXECUTING
18:38:15 INFO  State of operation 20974486 : EXECUTING
18:38:17 INFO  State of operation 20974486 : SUCCESSFUL
18:38:17 INFO  Package apple is installed
18:38:17 INFO  Assert that (True == value) with value=True ... passed
18:38:17 INFO  Package banana is installed
18:38:17 INFO  Assert that (True == value) with value=True ... passed
18:38:18 INFO  Package cherry is installed
18:38:18 INFO  Assert that (True == value) with value=True ... passed
18:38:18 INFO  Package asciijump is installed
18:38:18 INFO  Assert that (True == value) with value=True ... passed
18:38:18 INFO  Package registry is installed
18:38:18 INFO  Assert that (True == value) with value=True ... passed
18:38:18 INFO  Response status: 201
18:38:18 INFO  Response to action: {
    &quot;creationTime&quot;: &quot;2022-07-16T18:38:18.772Z&quot;,
    &quot;deviceName&quot;: &quot;m32sd10a&quot;,
    &quot;deviceId&quot;: &quot;20961415&quot;,
    &quot;self&quot;: &quot;https://t493319102.eu-latest.cumulocity.com/devicecontrol/operations/20974495&quot;,
    &quot;id&quot;: &quot;20974495&quot;,
    &quot;status&quot;: &quot;PENDING&quot;,
    &quot;description&quot;: &quot;Apply software changes, triggered from PySys: [{'action': 'delete', 'id': '5495053', 'name': 'apple', 'url': ' ', 'version': '::fruits'}, {'action': 'delete', 'id': '5494888', 'name': 'banana', 'url': ' ', 'version': '::fruits'}, {'action': 'delete', 'id': '5475369', 'name': 'asciijump', 'url': ' ', 'version': '::apt'}, {'action': 'delete', 'id': '5495382', 'name': 'cherry', 'url': ' ', 'version': '::fruits'}, {'action': 'delete', 'id': '8018911', 'name': 'registry', 'url': ' ', 'version': '::docker'}]&quot;,
    &quot;c8y_SoftwareUpdate&quot;: [
        {
            &quot;name&quot;: &quot;apple&quot;,
            &quot;action&quot;: &quot;delete&quot;,
            &quot;id&quot;: &quot;5495053&quot;,
            &quot;version&quot;: &quot;::fruits&quot;,
            &quot;url&quot;: &quot; &quot;
        },
        {
            &quot;name&quot;: &quot;banana&quot;,
            &quot;action&quot;: &quot;delete&quot;,
            &quot;id&quot;: &quot;5494888&quot;,
            &quot;version&quot;: &quot;::fruits&quot;,
            &quot;url&quot;: &quot; &quot;
        },
        {
            &quot;name&quot;: &quot;asciijump&quot;,
            &quot;action&quot;: &quot;delete&quot;,
            &quot;id&quot;: &quot;5475369&quot;,
            &quot;version&quot;: &quot;::apt&quot;,
            &quot;url&quot;: &quot; &quot;
        },
        {
            &quot;name&quot;: &quot;cherry&quot;,
            &quot;action&quot;: &quot;delete&quot;,
            &quot;id&quot;: &quot;5495382&quot;,
            &quot;version&quot;: &quot;::fruits&quot;,
            &quot;url&quot;: &quot; &quot;
        },
        {
            &quot;name&quot;: &quot;registry&quot;,
            &quot;action&quot;: &quot;delete&quot;,
            &quot;id&quot;: &quot;8018911&quot;,
            &quot;version&quot;: &quot;::docker&quot;,
            &quot;url&quot;: &quot; &quot;
        }
    ]
}
18:38:18 INFO  Started operation: {'creationTime': '2022-07-16T18:38:18.772Z', 'deviceName': 'm32sd10a', 'deviceId': '20961415', 'self': 'https://t493319102.eu-latest.cumulocity.com/devicecontrol/operations/20974495', 'id': '20974495', 'status': 'PENDING', 'description': &quot;Apply software changes, triggered from PySys: [{'action': 'delete', 'id': '5495053', 'name': 'apple', 'url': ' ', 'version': '::fruits'}, {'action': 'delete', 'id': '5494888', 'name': 'banana', 'url': ' ', 'version': '::fruits'}, {'action': 'delete', 'id': '5475369', 'name': 'asciijump', 'url': ' ', 'version': '::apt'}, {'action': 'delete', 'id': '5495382', 'name': 'cherry', 'url': ' ', 'version': '::fruits'}, {'action': 'delete', 'id': '8018911', 'name': 'registry', 'url': ' ', 'version': '::docker'}]&quot;, 'c8y_SoftwareUpdate': [{'name': 'apple', 'action': 'delete', 'id': '5495053', 'version': '::fruits', 'url': ' '}, {'name': 'banana', 'action': 'delete', 'id': '5494888', 'version': '::fruits', 'url': ' '}, {'name': 'asciijump', 'action': 'delete', 'id': '5475369', 'version': '::apt', 'url': ' '}, {'name': 'cherry', 'action': 'delete', 'id': '5495382', 'version': '::fruits', 'url': ' '}, {'name': 'registry', 'action': 'delete', 'id': '8018911', 'version': '::docker', 'url': ' '}]}
18:38:21 INFO  State of operation 20974495 : PENDING
18:38:23 INFO  State of operation 20974495 : EXECUTING
18:38:25 INFO  State of operation 20974495 : EXECUTING
18:38:27 INFO  State of operation 20974495 : EXECUTING
18:38:29 INFO  State of operation 20974495 : EXECUTING
18:38:32 INFO  State of operation 20974495 : EXECUTING
18:38:34 INFO  State of operation 20974495 : EXECUTING
18:38:37 INFO  State of operation 20974495 : EXECUTING
18:38:39 INFO  State of operation 20974495 : EXECUTING
18:38:42 INFO  State of operation 20974495 : EXECUTING
18:38:44 INFO  State of operation 20974495 : EXECUTING
18:38:46 INFO  State of operation 20974495 : EXECUTING
18:38:48 INFO  State of operation 20974495 : EXECUTING
18:38:51 INFO  State of operation 20974495 : EXECUTING
18:38:53 INFO  State of operation 20974495 : EXECUTING
18:38:55 INFO  State of operation 20974495 : EXECUTING
18:38:58 INFO  State of operation 20974495 : EXECUTING
18:39:00 INFO  State of operation 20974495 : EXECUTING
18:39:03 INFO  State of operation 20974495 : EXECUTING
18:39:05 INFO  State of operation 20974495 : EXECUTING
18:39:07 INFO  State of operation 20974495 : EXECUTING
18:39:10 INFO  State of operation 20974495 : EXECUTING
18:39:12 INFO  State of operation 20974495 : EXECUTING
18:39:15 INFO  State of operation 20974495 : EXECUTING
18:39:17 INFO  State of operation 20974495 : EXECUTING
18:39:19 INFO  State of operation 20974495 : EXECUTING
18:39:21 INFO  State of operation 20974495 : EXECUTING
18:39:24 INFO  State of operation 20974495 : EXECUTING
18:39:26 INFO  State of operation 20974495 : EXECUTING
18:39:28 INFO  State of operation 20974495 : SUCCESSFUL
18:39:28 INFO  Package apple is installed
18:39:28 INFO  Assert that (True == value) with value=True ... passed
18:39:29 INFO  Package banana is installed
18:39:29 INFO  Assert that (True == value) with value=True ... passed
18:39:29 INFO  Package cherry is installed
18:39:29 INFO  Assert that (True == value) with value=True ... passed
18:39:29 INFO  Assert that (False == value) with value=False ... passed
18:39:29 INFO  Assert that (False == value) with value=False ... passed
18:39:29 INFO  
18:39:29 INFO  cleanup:
18:39:33 INFO  Executed sudo&lt;tedge_disconnect_c8y&gt;, exit status 0
18:39:34 INFO  Executed systemctl&lt;serv_mapper5&gt;, exit status 3
18:39:34 INFO  
18:39:34 INFO  Test duration: 163.86 secs
18:39:34 INFO  Test final outcome:  FAILED
18:39:34 INFO  Test outcome reason: Assert that (False == value) with value=True
18:39:34 INFO  
</system-out>
	</testcase>
</testsuite>
