<?xml version="1.0" encoding="utf-8"?>
<testsuite failures="1" name="SoftwareManagement.sm_apt_install_remove_with_version" skipped="0" tests="1" time="166.91" timestamp="2022-05-24T12:06:34">
	<testcase classname="PySysTest" name="SoftwareManagement.sm_apt_install_remove_with_version">
		<failure message="BLOCKED: SystemError: Timeout while waiting for status FAILED or SUCCESSFUL" type="BLOCKED"/>
		<system-out>12:03:47 INFO  ==============================================================
12:03:47 INFO  Id:    SoftwareManagement.sm_apt_install_remove_with_version
12:03:47 INFO  Dir:   software_management_end_to_end/
12:03:47 INFO  Title: Validate end to end behaviour for the apt plugin for packages with version
12:03:47 INFO  ==============================================================
12:03:47 INFO  Using sw id database: {'asciijump': '5475369', 'robotfindskitten': '5474869', 'squirrel3': '5475279', 'rolldice': '5152439', 'moon-buggy': '5439204', 'apple': '5495053', 'banana': '5494888', 'cherry': '5495382', 'watermelon': '5494510', 'registry': '8018911', 'hello-world': '8021526', 'docker/getting-started': '8021973', 'alpine': '7991792'}
12:03:47 INFO  EnvironmentC8y Setup
12:03:47 INFO  Executed systemctl&lt;serv_mapper1&gt;, exit status 3
12:03:48 INFO  Restarting mosquitto too frequently in the last 10 seconds. It was only up for 5 seconds
12:03:48 INFO  Delaying execution by 6 seconds
12:04:08 INFO  Executed sudo&lt;tedge_connect_c8y&gt;, exit status 0, duration 14 secs
12:04:08 INFO  Executed sudo&lt;tedge_connect_c8y_test&gt;, exit status 0
12:04:09 INFO  Executed systemctl&lt;serv_mosq2&gt;, exit status 0
12:04:09 INFO  Executed systemctl&lt;serv_mapper3&gt;, exit status 0
12:04:12 INFO  State of current operation: PENDING
12:04:14 INFO  State of current operation: PENDING
12:04:16 INFO  State of current operation: PENDING
12:04:18 INFO  State of current operation: PENDING
12:04:20 INFO  State of current operation: PENDING
12:04:23 INFO  State of current operation: PENDING
12:04:25 INFO  State of current operation: PENDING
12:04:27 INFO  State of current operation: PENDING
12:04:29 INFO  State of current operation: PENDING
12:04:32 INFO  State of current operation: PENDING
12:04:34 INFO  State of current operation: PENDING
12:04:36 INFO  State of current operation: PENDING
12:04:39 INFO  State of current operation: PENDING
12:04:41 INFO  State of current operation: PENDING
12:04:43 INFO  State of current operation: PENDING
12:04:45 INFO  State of current operation: PENDING
12:04:47 INFO  State of current operation: PENDING
12:04:50 INFO  State of current operation: PENDING
12:04:52 INFO  State of current operation: PENDING
12:04:54 INFO  State of current operation: PENDING
12:04:57 INFO  State of current operation: PENDING
12:04:59 INFO  State of current operation: PENDING
12:05:01 INFO  State of current operation: PENDING
12:05:04 INFO  State of current operation: PENDING
12:05:06 INFO  State of current operation: PENDING
12:05:08 INFO  State of current operation: PENDING
12:05:10 INFO  State of current operation: PENDING
12:05:13 INFO  State of current operation: PENDING
12:05:15 INFO  State of current operation: PENDING
12:05:17 INFO  State of current operation: PENDING
12:05:19 INFO  State of current operation: PENDING
12:05:22 INFO  State of current operation: PENDING
12:05:24 INFO  State of current operation: PENDING
12:05:26 INFO  State of current operation: PENDING
12:05:28 INFO  State of current operation: PENDING
12:05:31 INFO  State of current operation: PENDING
12:05:33 INFO  State of current operation: PENDING
12:05:35 INFO  State of current operation: PENDING
12:05:37 INFO  State of current operation: PENDING
12:05:40 INFO  State of current operation: PENDING
12:05:42 INFO  State of current operation: PENDING
12:05:44 INFO  State of current operation: PENDING
12:05:46 INFO  State of current operation: PENDING
12:05:49 INFO  State of current operation: PENDING
12:05:51 INFO  State of current operation: PENDING
12:05:53 INFO  State of current operation: PENDING
12:05:55 INFO  State of current operation: PENDING
12:05:57 INFO  State of current operation: PENDING
12:06:00 INFO  State of current operation: PENDING
12:06:02 INFO  State of current operation: PENDING
12:06:04 INFO  State of current operation: PENDING
12:06:06 INFO  State of current operation: PENDING
12:06:09 INFO  State of current operation: PENDING
12:06:11 INFO  State of current operation: PENDING
12:06:13 INFO  State of current operation: PENDING
12:06:15 INFO  State of current operation: PENDING
12:06:18 INFO  State of current operation: PENDING
12:06:20 INFO  State of current operation: PENDING
12:06:22 INFO  State of current operation: PENDING
12:06:25 INFO  State of current operation: PENDING
12:06:27 INFO  State of current operation: PENDING
12:06:29 WARN  SystemError occurred while running test - Timeout while waiting for status FAILED or SUCCESSFUL
Traceback (most recent call last):
  File &quot;/home/pi/env-pysys/lib/python3.7/site-packages/pysys/baserunner.py&quot;, line 1292, in __call__
    self.testObj.setup()
  File &quot;/home/pi/actions-runner/_work/thin-edge.io/thin-edge.io/tests/PySys/software_management_end_to_end/sm_apt_install_remove_with_version/run.py&quot;, line 27, in setup
    super().setup()
  File &quot;/home/pi/actions-runner/_work/thin-edge.io/thin-edge.io/tests/PySys/software_management_end_to_end/environment_sm_management.py&quot;, line 151, in setup
    self.wait_until_end()
  File &quot;/home/pi/actions-runner/_work/thin-edge.io/thin-edge.io/tests/PySys/software_management_end_to_end/environment_sm_management.py&quot;, line 332, in wait_until_end
    self.wait_until_status(&quot;FAILED&quot;, &quot;SUCCESSFUL&quot;)
  File &quot;/home/pi/actions-runner/_work/thin-edge.io/thin-edge.io/tests/PySys/software_management_end_to_end/environment_sm_management.py&quot;, line 381, in wait_until_status
    &quot;Timeout while waiting for status %s or %s&quot; % (status, status2)
SystemError: Timeout while waiting for status FAILED or SUCCESSFUL
12:06:29 WARN  SystemError: Timeout while waiting for status FAILED or SUCCESSFUL ... blocked 
12:06:29 INFO  
12:06:29 INFO  cleanup:
12:06:33 INFO  Executed sudo&lt;tedge_disconnect_c8y&gt;, exit status 0
12:06:34 INFO  Executed systemctl&lt;serv_mapper5&gt;, exit status 3
12:06:34 INFO  
12:06:34 INFO  Test duration: 166.91 secs
12:06:34 INFO  Test final outcome:  BLOCKED
12:06:34 INFO  Test outcome reason: SystemError: Timeout while waiting for status FAILED or SUCCESSFUL
12:06:34 INFO  
</system-out>
	</testcase>
</testsuite>
