<?xml version="1.0" encoding="utf-8"?>
<testsuite failures="1" name="SoftwareManagement.sm_apt_install_remove_multiple" skipped="0" tests="1" time="137.4" timestamp="2022-07-21T11:08:32">
	<testcase classname="PySysTest" name="SoftwareManagement.sm_apt_install_remove_multiple">
		<failure message="FAILED: Assert that (False == value) with value=True (+2 other failures)" type="FAILED"/>
		<system-out>11:06:15 INFO  ==============================================================
11:06:15 INFO  Id:    SoftwareManagement.sm_apt_install_remove_multiple
11:06:15 INFO  Dir:   software_management_end_to_end/
11:06:15 INFO  Title: Validate end to end behaviour for the apt plugin for multiple packages
11:06:15 INFO  ==============================================================
11:06:15 INFO  Using sw id database: {'asciijump': '5475369', 'robotfindskitten': '5474869', 'squirrel3': '5475279', 'rolldice': '5152439', 'moon-buggy': '5439204', 'apple': '5495053', 'banana': '5494888', 'cherry': '5495382', 'watermelon': '5494510', 'registry': '8018911', 'hello-world': '8021526', 'docker/getting-started': '8021973', 'alpine': '7991792'}
11:06:15 INFO  EnvironmentC8y Setup
11:06:15 INFO  Executed systemctl&lt;serv_mapper1&gt;, exit status 3
11:06:15 INFO  Restarting mosquitto too frequently in the last 10 seconds. It was only up for 5 seconds
11:06:15 INFO  Delaying execution by 6 seconds
11:06:35 INFO  Executed sudo&lt;tedge_connect_c8y&gt;, exit status 0, duration 13 secs
11:06:36 INFO  Executed sudo&lt;tedge_connect_c8y_test&gt;, exit status 0
11:06:36 INFO  Executed systemctl&lt;serv_mosq2&gt;, exit status 0
11:06:37 INFO  Executed systemctl&lt;serv_mapper3&gt;, exit status 0
11:06:39 INFO  State of current operation: SUCCESSFUL
11:06:39 INFO  Assert that (False == value) with value=False ... passed
11:06:40 INFO  Package asciijump is installed
11:06:40 WARN  Assert that (False == value) with value=True ... failed 
11:06:40 INFO  Package squirrel3 is installed
11:06:40 WARN  Assert that (False == value) with value=True ... failed 
11:06:41 INFO  Package robotfindskitten is installed
11:06:41 WARN  Assert that (False == value) with value=True ... failed 
11:06:41 INFO  Response status: 201
11:06:41 INFO  Response to action: {
    &quot;creationTime&quot;: &quot;2022-07-21T11:06:41.215Z&quot;,
    &quot;deviceId&quot;: &quot;21110412&quot;,
    &quot;deviceName&quot;: &quot;m32sd10a&quot;,
    &quot;self&quot;: &quot;https://t493319102.eu-latest.cumulocity.com/devicecontrol/operations/21118381&quot;,
    &quot;id&quot;: &quot;21118381&quot;,
    &quot;status&quot;: &quot;PENDING&quot;,
    &quot;description&quot;: &quot;Apply software changes, triggered from PySys: [{'action': 'install', 'id': '5475369', 'name': 'asciijump', 'url': ' ', 'version': '::apt'}, {'action': 'install', 'id': '5474869', 'name': 'robotfindskitten', 'url': ' ', 'version': '::apt'}, {'action': 'install', 'id': '5475279', 'name': 'squirrel3', 'url': ' ', 'version': '::apt'}]&quot;,
    &quot;c8y_SoftwareUpdate&quot;: [
        {
            &quot;name&quot;: &quot;asciijump&quot;,
            &quot;action&quot;: &quot;install&quot;,
            &quot;id&quot;: &quot;5475369&quot;,
            &quot;version&quot;: &quot;::apt&quot;,
            &quot;url&quot;: &quot; &quot;
        },
        {
            &quot;name&quot;: &quot;robotfindskitten&quot;,
            &quot;action&quot;: &quot;install&quot;,
            &quot;id&quot;: &quot;5474869&quot;,
            &quot;version&quot;: &quot;::apt&quot;,
            &quot;url&quot;: &quot; &quot;
        },
        {
            &quot;name&quot;: &quot;squirrel3&quot;,
            &quot;action&quot;: &quot;install&quot;,
            &quot;id&quot;: &quot;5475279&quot;,
            &quot;version&quot;: &quot;::apt&quot;,
            &quot;url&quot;: &quot; &quot;
        }
    ]
}
11:06:41 INFO  Started operation: {'creationTime': '2022-07-21T11:06:41.215Z', 'deviceId': '21110412', 'deviceName': 'm32sd10a', 'self': 'https://t493319102.eu-latest.cumulocity.com/devicecontrol/operations/21118381', 'id': '21118381', 'status': 'PENDING', 'description': &quot;Apply software changes, triggered from PySys: [{'action': 'install', 'id': '5475369', 'name': 'asciijump', 'url': ' ', 'version': '::apt'}, {'action': 'install', 'id': '5474869', 'name': 'robotfindskitten', 'url': ' ', 'version': '::apt'}, {'action': 'install', 'id': '5475279', 'name': 'squirrel3', 'url': ' ', 'version': '::apt'}]&quot;, 'c8y_SoftwareUpdate': [{'name': 'asciijump', 'action': 'install', 'id': '5475369', 'version': '::apt', 'url': ' '}, {'name': 'robotfindskitten', 'action': 'install', 'id': '5474869', 'version': '::apt', 'url': ' '}, {'name': 'squirrel3', 'action': 'install', 'id': '5475279', 'version': '::apt', 'url': ' '}]}
11:06:43 INFO  State of operation 21118381 : PENDING
11:06:45 INFO  State of operation 21118381 : EXECUTING
11:06:47 INFO  State of operation 21118381 : EXECUTING
11:06:50 INFO  State of operation 21118381 : EXECUTING
11:06:52 INFO  State of operation 21118381 : EXECUTING
11:06:54 INFO  State of operation 21118381 : EXECUTING
11:06:57 INFO  State of operation 21118381 : EXECUTING
11:07:00 INFO  State of operation 21118381 : EXECUTING
11:07:02 INFO  State of operation 21118381 : EXECUTING
11:07:04 INFO  State of operation 21118381 : EXECUTING
11:07:06 INFO  State of operation 21118381 : EXECUTING
11:07:09 INFO  State of operation 21118381 : EXECUTING
11:07:11 INFO  State of operation 21118381 : EXECUTING
11:07:13 INFO  State of operation 21118381 : EXECUTING
11:07:15 INFO  State of operation 21118381 : EXECUTING
11:07:18 INFO  State of operation 21118381 : SUCCESSFUL
11:07:18 INFO  Assert that (False == value) with value=False ... passed
11:07:18 INFO  Package asciijump is installed
11:07:18 INFO  Assert that (True == value) with value=True ... passed
11:07:18 INFO  Package squirrel3 is installed
11:07:18 INFO  Assert that (True == value) with value=True ... passed
11:07:19 INFO  Package robotfindskitten is installed
11:07:19 INFO  Assert that (True == value) with value=True ... passed
11:07:19 INFO  Response status: 201
11:07:19 INFO  Response to action: {
    &quot;creationTime&quot;: &quot;2022-07-21T11:07:19.275Z&quot;,
    &quot;deviceId&quot;: &quot;21110412&quot;,
    &quot;deviceName&quot;: &quot;m32sd10a&quot;,
    &quot;self&quot;: &quot;https://t493319102.eu-latest.cumulocity.com/devicecontrol/operations/21118394&quot;,
    &quot;id&quot;: &quot;21118394&quot;,
    &quot;status&quot;: &quot;PENDING&quot;,
    &quot;description&quot;: &quot;Apply software changes, triggered from PySys: [{'action': 'delete', 'id': '5475369', 'name': 'asciijump', 'url': ' ', 'version': '::apt'}, {'action': 'delete', 'id': '5474869', 'name': 'robotfindskitten', 'url': ' ', 'version': '::apt'}, {'action': 'delete', 'id': '5475279', 'name': 'squirrel3', 'url': ' ', 'version': '::apt'}]&quot;,
    &quot;c8y_SoftwareUpdate&quot;: [
        {
            &quot;name&quot;: &quot;asciijump&quot;,
            &quot;action&quot;: &quot;delete&quot;,
            &quot;id&quot;: &quot;5475369&quot;,
            &quot;version&quot;: &quot;::apt&quot;,
            &quot;url&quot;: &quot; &quot;
        },
        {
            &quot;name&quot;: &quot;robotfindskitten&quot;,
            &quot;action&quot;: &quot;delete&quot;,
            &quot;id&quot;: &quot;5474869&quot;,
            &quot;version&quot;: &quot;::apt&quot;,
            &quot;url&quot;: &quot; &quot;
        },
        {
            &quot;name&quot;: &quot;squirrel3&quot;,
            &quot;action&quot;: &quot;delete&quot;,
            &quot;id&quot;: &quot;5475279&quot;,
            &quot;version&quot;: &quot;::apt&quot;,
            &quot;url&quot;: &quot; &quot;
        }
    ]
}
11:07:19 INFO  Started operation: {'creationTime': '2022-07-21T11:07:19.275Z', 'deviceId': '21110412', 'deviceName': 'm32sd10a', 'self': 'https://t493319102.eu-latest.cumulocity.com/devicecontrol/operations/21118394', 'id': '21118394', 'status': 'PENDING', 'description': &quot;Apply software changes, triggered from PySys: [{'action': 'delete', 'id': '5475369', 'name': 'asciijump', 'url': ' ', 'version': '::apt'}, {'action': 'delete', 'id': '5474869', 'name': 'robotfindskitten', 'url': ' ', 'version': '::apt'}, {'action': 'delete', 'id': '5475279', 'name': 'squirrel3', 'url': ' ', 'version': '::apt'}]&quot;, 'c8y_SoftwareUpdate': [{'name': 'asciijump', 'action': 'delete', 'id': '5475369', 'version': '::apt', 'url': ' '}, {'name': 'robotfindskitten', 'action': 'delete', 'id': '5474869', 'version': '::apt', 'url': ' '}, {'name': 'squirrel3', 'action': 'delete', 'id': '5475279', 'version': '::apt', 'url': ' '}]}
11:07:21 INFO  State of operation 21118394 : PENDING
11:07:23 INFO  State of operation 21118394 : EXECUTING
11:07:26 INFO  State of operation 21118394 : EXECUTING
11:07:28 INFO  State of operation 21118394 : EXECUTING
11:07:30 INFO  State of operation 21118394 : EXECUTING
11:07:32 INFO  State of operation 21118394 : EXECUTING
11:07:35 INFO  State of operation 21118394 : EXECUTING
11:07:38 INFO  State of operation 21118394 : EXECUTING
11:07:40 INFO  State of operation 21118394 : EXECUTING
11:07:43 INFO  State of operation 21118394 : EXECUTING
11:07:45 INFO  State of operation 21118394 : EXECUTING
11:07:47 INFO  State of operation 21118394 : EXECUTING
11:07:49 INFO  State of operation 21118394 : EXECUTING
11:07:52 INFO  State of operation 21118394 : EXECUTING
11:07:54 INFO  State of operation 21118394 : EXECUTING
11:07:56 INFO  State of operation 21118394 : EXECUTING
11:07:58 INFO  State of operation 21118394 : EXECUTING
11:08:01 INFO  State of operation 21118394 : EXECUTING
11:08:03 INFO  State of operation 21118394 : EXECUTING
11:08:06 INFO  State of operation 21118394 : EXECUTING
11:08:08 INFO  State of operation 21118394 : EXECUTING
11:08:10 INFO  State of operation 21118394 : EXECUTING
11:08:12 INFO  State of operation 21118394 : EXECUTING
11:08:15 INFO  State of operation 21118394 : EXECUTING
11:08:17 INFO  State of operation 21118394 : EXECUTING
11:08:20 INFO  State of operation 21118394 : EXECUTING
11:08:22 INFO  State of operation 21118394 : EXECUTING
11:08:24 INFO  State of operation 21118394 : EXECUTING
11:08:27 INFO  State of operation 21118394 : SUCCESSFUL
11:08:27 INFO  Assert that (False == value) with value=False ... passed
11:08:27 INFO  Assert that (False == value) with value=False ... passed
11:08:27 INFO  Assert that (False == value) with value=False ... passed
11:08:27 INFO  Assert that (False == value) with value=False ... passed
11:08:27 INFO  
11:08:27 INFO  cleanup:
11:08:31 INFO  Executed sudo&lt;tedge_disconnect_c8y&gt;, exit status 0
11:08:32 INFO  Executed systemctl&lt;serv_mapper5&gt;, exit status 3
11:08:32 INFO  
11:08:32 INFO  Test duration: 137.40 secs
11:08:32 INFO  Test final outcome:  FAILED
11:08:32 INFO  Test outcome reason: Assert that (False == value) with value=True (+2 other failures)
11:08:32 INFO  
</system-out>
	</testcase>
</testsuite>
