<?xml version="1.0" encoding="utf-8"?>
<testsuite failures="1" name="SoftwareManagement.sm_mixed_install_remove_multiple" skipped="0" tests="1" time="167.85" timestamp="2022-07-20T14:16:10">
	<testcase classname="PySysTest" name="SoftwareManagement.sm_mixed_install_remove_multiple">
		<failure message="FAILED: Assert that (False == value) with value=True" type="FAILED"/>
		<system-out>14:13:22 INFO  ==============================================================
14:13:22 INFO  Id:    SoftwareManagement.sm_mixed_install_remove_multiple
14:13:22 INFO  Dir:   software_management_end_to_end/
14:13:22 INFO  Title: Validate end to end behaviour for the dummy-plugin for multiple packages with mixed versions
14:13:22 INFO  ==============================================================
14:13:22 INFO  Using sw id database: {'asciijump': '5475369', 'robotfindskitten': '5474869', 'squirrel3': '5475279', 'rolldice': '5152439', 'moon-buggy': '5439204', 'apple': '5495053', 'banana': '5494888', 'cherry': '5495382', 'watermelon': '5494510', 'registry': '8018911', 'hello-world': '8021526', 'docker/getting-started': '8021973', 'alpine': '7991792'}
14:13:22 INFO  EnvironmentC8y Setup
14:13:23 INFO  Executed systemctl&lt;serv_mapper1&gt;, exit status 3
14:13:23 INFO  Restarting mosquitto too frequently in the last 10 seconds. It was only up for 4 seconds
14:13:23 INFO  Delaying execution by 7 seconds
14:13:44 INFO  Executed sudo&lt;tedge_connect_c8y&gt;, exit status 0, duration 13 secs
14:13:44 INFO  Executed sudo&lt;tedge_connect_c8y_test&gt;, exit status 0
14:13:45 INFO  Executed systemctl&lt;serv_mosq2&gt;, exit status 0
14:13:46 INFO  Executed systemctl&lt;serv_mapper3&gt;, exit status 0
14:13:48 INFO  State of current operation: SUCCESSFUL
14:13:48 INFO  Package apple is installed
14:13:48 INFO  Assert that (True == value) with value=True ... passed
14:13:48 INFO  Package banana is installed
14:13:48 INFO  Assert that (True == value) with value=True ... passed
14:13:48 INFO  Package cherry is installed
14:13:48 INFO  Assert that (True == value) with value=True ... passed
14:13:49 INFO  Package asciijump is installed
14:13:49 WARN  Assert that (False == value) with value=True ... failed 
14:13:49 INFO  Assert that (False == value) with value=False ... passed
14:13:49 INFO  Response status: 201
14:13:49 INFO  Response to action: {
    &quot;creationTime&quot;: &quot;2022-07-20T14:13:49.597Z&quot;,
    &quot;deviceId&quot;: &quot;21084235&quot;,
    &quot;deviceName&quot;: &quot;m32sd10a&quot;,
    &quot;self&quot;: &quot;https://t493319102.eu-latest.cumulocity.com/devicecontrol/operations/21093867&quot;,
    &quot;id&quot;: &quot;21093867&quot;,
    &quot;status&quot;: &quot;PENDING&quot;,
    &quot;description&quot;: &quot;Apply software changes, triggered from PySys: [{'action': 'install', 'id': '5495053', 'name': 'apple', 'url': ' ', 'version': '::fruits'}, {'action': 'install', 'id': '5494888', 'name': 'banana', 'url': ' ', 'version': '::fruits'}, {'action': 'install', 'id': '5475369', 'name': 'asciijump', 'url': ' ', 'version': '::apt'}, {'action': 'install', 'id': '5495382', 'name': 'cherry', 'url': ' ', 'version': '::fruits'}, {'action': 'install', 'id': '8018911', 'name': 'registry', 'url': ' ', 'version': '::docker'}]&quot;,
    &quot;c8y_SoftwareUpdate&quot;: [
        {
            &quot;name&quot;: &quot;apple&quot;,
            &quot;action&quot;: &quot;install&quot;,
            &quot;id&quot;: &quot;5495053&quot;,
            &quot;version&quot;: &quot;::fruits&quot;,
            &quot;url&quot;: &quot; &quot;
        },
        {
            &quot;name&quot;: &quot;banana&quot;,
            &quot;action&quot;: &quot;install&quot;,
            &quot;id&quot;: &quot;5494888&quot;,
            &quot;version&quot;: &quot;::fruits&quot;,
            &quot;url&quot;: &quot; &quot;
        },
        {
            &quot;name&quot;: &quot;asciijump&quot;,
            &quot;action&quot;: &quot;install&quot;,
            &quot;id&quot;: &quot;5475369&quot;,
            &quot;version&quot;: &quot;::apt&quot;,
            &quot;url&quot;: &quot; &quot;
        },
        {
            &quot;name&quot;: &quot;cherry&quot;,
            &quot;action&quot;: &quot;install&quot;,
            &quot;id&quot;: &quot;5495382&quot;,
            &quot;version&quot;: &quot;::fruits&quot;,
            &quot;url&quot;: &quot; &quot;
        },
        {
            &quot;name&quot;: &quot;registry&quot;,
            &quot;action&quot;: &quot;install&quot;,
            &quot;id&quot;: &quot;8018911&quot;,
            &quot;version&quot;: &quot;::docker&quot;,
            &quot;url&quot;: &quot; &quot;
        }
    ]
}
14:13:49 INFO  Started operation: {'creationTime': '2022-07-20T14:13:49.597Z', 'deviceId': '21084235', 'deviceName': 'm32sd10a', 'self': 'https://t493319102.eu-latest.cumulocity.com/devicecontrol/operations/21093867', 'id': '21093867', 'status': 'PENDING', 'description': &quot;Apply software changes, triggered from PySys: [{'action': 'install', 'id': '5495053', 'name': 'apple', 'url': ' ', 'version': '::fruits'}, {'action': 'install', 'id': '5494888', 'name': 'banana', 'url': ' ', 'version': '::fruits'}, {'action': 'install', 'id': '5475369', 'name': 'asciijump', 'url': ' ', 'version': '::apt'}, {'action': 'install', 'id': '5495382', 'name': 'cherry', 'url': ' ', 'version': '::fruits'}, {'action': 'install', 'id': '8018911', 'name': 'registry', 'url': ' ', 'version': '::docker'}]&quot;, 'c8y_SoftwareUpdate': [{'name': 'apple', 'action': 'install', 'id': '5495053', 'version': '::fruits', 'url': ' '}, {'name': 'banana', 'action': 'install', 'id': '5494888', 'version': '::fruits', 'url': ' '}, {'name': 'asciijump', 'action': 'install', 'id': '5475369', 'version': '::apt', 'url': ' '}, {'name': 'cherry', 'action': 'install', 'id': '5495382', 'version': '::fruits', 'url': ' '}, {'name': 'registry', 'action': 'install', 'id': '8018911', 'version': '::docker', 'url': ' '}]}
14:13:51 INFO  State of operation 21093867 : PENDING
14:13:54 INFO  State of operation 21093867 : EXECUTING
14:13:56 INFO  State of operation 21093867 : EXECUTING
14:13:58 INFO  State of operation 21093867 : EXECUTING
14:14:00 INFO  State of operation 21093867 : EXECUTING
14:14:02 INFO  State of operation 21093867 : EXECUTING
14:14:05 INFO  State of operation 21093867 : EXECUTING
14:14:08 INFO  State of operation 21093867 : EXECUTING
14:14:11 INFO  State of operation 21093867 : EXECUTING
14:14:13 INFO  State of operation 21093867 : EXECUTING
14:14:16 INFO  State of operation 21093867 : EXECUTING
14:14:18 INFO  State of operation 21093867 : EXECUTING
14:14:20 INFO  State of operation 21093867 : EXECUTING
14:14:22 INFO  State of operation 21093867 : EXECUTING
14:14:24 INFO  State of operation 21093867 : EXECUTING
14:14:27 INFO  State of operation 21093867 : EXECUTING
14:14:29 INFO  State of operation 21093867 : EXECUTING
14:14:31 INFO  State of operation 21093867 : EXECUTING
14:14:33 INFO  State of operation 21093867 : EXECUTING
14:14:36 INFO  State of operation 21093867 : EXECUTING
14:14:38 INFO  State of operation 21093867 : EXECUTING
14:14:40 INFO  State of operation 21093867 : EXECUTING
14:14:43 INFO  State of operation 21093867 : EXECUTING
14:14:45 INFO  State of operation 21093867 : EXECUTING
14:14:47 INFO  State of operation 21093867 : EXECUTING
14:14:49 INFO  State of operation 21093867 : EXECUTING
14:14:52 INFO  State of operation 21093867 : SUCCESSFUL
14:14:52 INFO  Package apple is installed
14:14:52 INFO  Assert that (True == value) with value=True ... passed
14:14:52 INFO  Package banana is installed
14:14:52 INFO  Assert that (True == value) with value=True ... passed
14:14:52 INFO  Package cherry is installed
14:14:52 INFO  Assert that (True == value) with value=True ... passed
14:14:52 INFO  Package asciijump is installed
14:14:52 INFO  Assert that (True == value) with value=True ... passed
14:14:53 INFO  Package registry is installed
14:14:53 INFO  Assert that (True == value) with value=True ... passed
14:14:53 INFO  Response status: 201
14:14:53 INFO  Response to action: {
    &quot;creationTime&quot;: &quot;2022-07-20T14:14:53.424Z&quot;,
    &quot;deviceId&quot;: &quot;21084235&quot;,
    &quot;deviceName&quot;: &quot;m32sd10a&quot;,
    &quot;self&quot;: &quot;https://t493319102.eu-latest.cumulocity.com/devicecontrol/operations/21093879&quot;,
    &quot;id&quot;: &quot;21093879&quot;,
    &quot;status&quot;: &quot;PENDING&quot;,
    &quot;description&quot;: &quot;Apply software changes, triggered from PySys: [{'action': 'delete', 'id': '5495053', 'name': 'apple', 'url': ' ', 'version': '::fruits'}, {'action': 'delete', 'id': '5494888', 'name': 'banana', 'url': ' ', 'version': '::fruits'}, {'action': 'delete', 'id': '5475369', 'name': 'asciijump', 'url': ' ', 'version': '::apt'}, {'action': 'delete', 'id': '5495382', 'name': 'cherry', 'url': ' ', 'version': '::fruits'}, {'action': 'delete', 'id': '8018911', 'name': 'registry', 'url': ' ', 'version': '::docker'}]&quot;,
    &quot;c8y_SoftwareUpdate&quot;: [
        {
            &quot;name&quot;: &quot;apple&quot;,
            &quot;action&quot;: &quot;delete&quot;,
            &quot;id&quot;: &quot;5495053&quot;,
            &quot;version&quot;: &quot;::fruits&quot;,
            &quot;url&quot;: &quot; &quot;
        },
        {
            &quot;name&quot;: &quot;banana&quot;,
            &quot;action&quot;: &quot;delete&quot;,
            &quot;id&quot;: &quot;5494888&quot;,
            &quot;version&quot;: &quot;::fruits&quot;,
            &quot;url&quot;: &quot; &quot;
        },
        {
            &quot;name&quot;: &quot;asciijump&quot;,
            &quot;action&quot;: &quot;delete&quot;,
            &quot;id&quot;: &quot;5475369&quot;,
            &quot;version&quot;: &quot;::apt&quot;,
            &quot;url&quot;: &quot; &quot;
        },
        {
            &quot;name&quot;: &quot;cherry&quot;,
            &quot;action&quot;: &quot;delete&quot;,
            &quot;id&quot;: &quot;5495382&quot;,
            &quot;version&quot;: &quot;::fruits&quot;,
            &quot;url&quot;: &quot; &quot;
        },
        {
            &quot;name&quot;: &quot;registry&quot;,
            &quot;action&quot;: &quot;delete&quot;,
            &quot;id&quot;: &quot;8018911&quot;,
            &quot;version&quot;: &quot;::docker&quot;,
            &quot;url&quot;: &quot; &quot;
        }
    ]
}
14:14:53 INFO  Started operation: {'creationTime': '2022-07-20T14:14:53.424Z', 'deviceId': '21084235', 'deviceName': 'm32sd10a', 'self': 'https://t493319102.eu-latest.cumulocity.com/devicecontrol/operations/21093879', 'id': '21093879', 'status': 'PENDING', 'description': &quot;Apply software changes, triggered from PySys: [{'action': 'delete', 'id': '5495053', 'name': 'apple', 'url': ' ', 'version': '::fruits'}, {'action': 'delete', 'id': '5494888', 'name': 'banana', 'url': ' ', 'version': '::fruits'}, {'action': 'delete', 'id': '5475369', 'name': 'asciijump', 'url': ' ', 'version': '::apt'}, {'action': 'delete', 'id': '5495382', 'name': 'cherry', 'url': ' ', 'version': '::fruits'}, {'action': 'delete', 'id': '8018911', 'name': 'registry', 'url': ' ', 'version': '::docker'}]&quot;, 'c8y_SoftwareUpdate': [{'name': 'apple', 'action': 'delete', 'id': '5495053', 'version': '::fruits', 'url': ' '}, {'name': 'banana', 'action': 'delete', 'id': '5494888', 'version': '::fruits', 'url': ' '}, {'name': 'asciijump', 'action': 'delete', 'id': '5475369', 'version': '::apt', 'url': ' '}, {'name': 'cherry', 'action': 'delete', 'id': '5495382', 'version': '::fruits', 'url': ' '}, {'name': 'registry', 'action': 'delete', 'id': '8018911', 'version': '::docker', 'url': ' '}]}
14:14:55 INFO  State of operation 21093879 : PENDING
14:14:57 INFO  State of operation 21093879 : EXECUTING
14:15:00 INFO  State of operation 21093879 : EXECUTING
14:15:02 INFO  State of operation 21093879 : EXECUTING
14:15:04 INFO  State of operation 21093879 : EXECUTING
14:15:06 INFO  State of operation 21093879 : EXECUTING
14:15:09 INFO  State of operation 21093879 : EXECUTING
14:15:12 INFO  State of operation 21093879 : EXECUTING
14:15:14 INFO  State of operation 21093879 : EXECUTING
14:15:17 INFO  State of operation 21093879 : EXECUTING
14:15:19 INFO  State of operation 21093879 : EXECUTING
14:15:21 INFO  State of operation 21093879 : EXECUTING
14:15:24 INFO  State of operation 21093879 : EXECUTING
14:15:26 INFO  State of operation 21093879 : EXECUTING
14:15:28 INFO  State of operation 21093879 : EXECUTING
14:15:31 INFO  State of operation 21093879 : EXECUTING
14:15:34 INFO  State of operation 21093879 : EXECUTING
14:15:36 INFO  State of operation 21093879 : EXECUTING
14:15:39 INFO  State of operation 21093879 : EXECUTING
14:15:41 INFO  State of operation 21093879 : EXECUTING
14:15:43 INFO  State of operation 21093879 : EXECUTING
14:15:45 INFO  State of operation 21093879 : EXECUTING
14:15:48 INFO  State of operation 21093879 : EXECUTING
14:15:51 INFO  State of operation 21093879 : EXECUTING
14:15:53 INFO  State of operation 21093879 : EXECUTING
14:15:55 INFO  State of operation 21093879 : EXECUTING
14:15:57 INFO  State of operation 21093879 : EXECUTING
14:16:00 INFO  State of operation 21093879 : EXECUTING
14:16:02 INFO  State of operation 21093879 : EXECUTING
14:16:04 INFO  State of operation 21093879 : SUCCESSFUL
14:16:04 INFO  Package apple is installed
14:16:04 INFO  Assert that (True == value) with value=True ... passed
14:16:05 INFO  Package banana is installed
14:16:05 INFO  Assert that (True == value) with value=True ... passed
14:16:05 INFO  Package cherry is installed
14:16:05 INFO  Assert that (True == value) with value=True ... passed
14:16:05 INFO  Assert that (False == value) with value=False ... passed
14:16:05 INFO  Assert that (False == value) with value=False ... passed
14:16:05 INFO  
14:16:05 INFO  cleanup:
14:16:09 INFO  Executed sudo&lt;tedge_disconnect_c8y&gt;, exit status 0
14:16:10 INFO  Executed systemctl&lt;serv_mapper5&gt;, exit status 3
14:16:10 INFO  
14:16:10 INFO  Test duration: 167.85 secs
14:16:10 INFO  Test final outcome:  FAILED
14:16:10 INFO  Test outcome reason: Assert that (False == value) with value=True
14:16:10 INFO  
</system-out>
	</testcase>
</testsuite>
