<?xml version="1.0" encoding="utf-8"?>
<testsuite failures="1" name="SoftwareManagement.sm_mixed_install_remove_multiple" skipped="0" tests="1" time="164.58" timestamp="2022-07-19T15:02:14">
	<testcase classname="PySysTest" name="SoftwareManagement.sm_mixed_install_remove_multiple">
		<failure message="FAILED: Assert that (False == value) with value=True" type="FAILED"/>
		<system-out>14:59:29 INFO  ==============================================================
14:59:29 INFO  Id:    SoftwareManagement.sm_mixed_install_remove_multiple
14:59:29 INFO  Dir:   software_management_end_to_end/
14:59:29 INFO  Title: Validate end to end behaviour for the dummy-plugin for multiple packages with mixed versions
14:59:29 INFO  ==============================================================
14:59:29 INFO  Using sw id database: {'asciijump': '5475369', 'robotfindskitten': '5474869', 'squirrel3': '5475279', 'rolldice': '5152439', 'moon-buggy': '5439204', 'apple': '5495053', 'banana': '5494888', 'cherry': '5495382', 'watermelon': '5494510', 'registry': '8018911', 'hello-world': '8021526', 'docker/getting-started': '8021973', 'alpine': '7991792'}
14:59:29 INFO  EnvironmentC8y Setup
14:59:30 INFO  Executed systemctl&lt;serv_mapper1&gt;, exit status 3
14:59:30 INFO  Restarting mosquitto too frequently in the last 10 seconds. It was only up for 4 seconds
14:59:30 INFO  Delaying execution by 7 seconds
14:59:51 INFO  Executed sudo&lt;tedge_connect_c8y&gt;, exit status 0, duration 13 secs
14:59:51 INFO  Executed sudo&lt;tedge_connect_c8y_test&gt;, exit status 0
14:59:52 INFO  Executed systemctl&lt;serv_mosq2&gt;, exit status 0
14:59:52 INFO  Executed systemctl&lt;serv_mapper3&gt;, exit status 0
14:59:55 INFO  State of current operation: SUCCESSFUL
14:59:55 INFO  Package apple is installed
14:59:55 INFO  Assert that (True == value) with value=True ... passed
14:59:55 INFO  Package banana is installed
14:59:55 INFO  Assert that (True == value) with value=True ... passed
14:59:55 INFO  Package cherry is installed
14:59:55 INFO  Assert that (True == value) with value=True ... passed
14:59:55 INFO  Package asciijump is installed
14:59:56 WARN  Assert that (False == value) with value=True ... failed 
14:59:56 INFO  Assert that (False == value) with value=False ... passed
14:59:56 INFO  Response status: 201
14:59:56 INFO  Response to action: {
    &quot;creationTime&quot;: &quot;2022-07-19T14:59:56.441Z&quot;,
    &quot;deviceId&quot;: &quot;21041101&quot;,
    &quot;deviceName&quot;: &quot;m32sd10a&quot;,
    &quot;self&quot;: &quot;https://t493319102.eu-latest.cumulocity.com/devicecontrol/operations/21058274&quot;,
    &quot;id&quot;: &quot;21058274&quot;,
    &quot;status&quot;: &quot;PENDING&quot;,
    &quot;description&quot;: &quot;Apply software changes, triggered from PySys: [{'action': 'install', 'id': '5495053', 'name': 'apple', 'url': ' ', 'version': '::fruits'}, {'action': 'install', 'id': '5494888', 'name': 'banana', 'url': ' ', 'version': '::fruits'}, {'action': 'install', 'id': '5475369', 'name': 'asciijump', 'url': ' ', 'version': '::apt'}, {'action': 'install', 'id': '5495382', 'name': 'cherry', 'url': ' ', 'version': '::fruits'}, {'action': 'install', 'id': '8018911', 'name': 'registry', 'url': ' ', 'version': '::docker'}]&quot;,
    &quot;c8y_SoftwareUpdate&quot;: [
        {
            &quot;name&quot;: &quot;apple&quot;,
            &quot;action&quot;: &quot;install&quot;,
            &quot;id&quot;: &quot;5495053&quot;,
            &quot;version&quot;: &quot;::fruits&quot;,
            &quot;url&quot;: &quot; &quot;
        },
        {
            &quot;name&quot;: &quot;banana&quot;,
            &quot;action&quot;: &quot;install&quot;,
            &quot;id&quot;: &quot;5494888&quot;,
            &quot;version&quot;: &quot;::fruits&quot;,
            &quot;url&quot;: &quot; &quot;
        },
        {
            &quot;name&quot;: &quot;asciijump&quot;,
            &quot;action&quot;: &quot;install&quot;,
            &quot;id&quot;: &quot;5475369&quot;,
            &quot;version&quot;: &quot;::apt&quot;,
            &quot;url&quot;: &quot; &quot;
        },
        {
            &quot;name&quot;: &quot;cherry&quot;,
            &quot;action&quot;: &quot;install&quot;,
            &quot;id&quot;: &quot;5495382&quot;,
            &quot;version&quot;: &quot;::fruits&quot;,
            &quot;url&quot;: &quot; &quot;
        },
        {
            &quot;name&quot;: &quot;registry&quot;,
            &quot;action&quot;: &quot;install&quot;,
            &quot;id&quot;: &quot;8018911&quot;,
            &quot;version&quot;: &quot;::docker&quot;,
            &quot;url&quot;: &quot; &quot;
        }
    ]
}
14:59:56 INFO  Started operation: {'creationTime': '2022-07-19T14:59:56.441Z', 'deviceId': '21041101', 'deviceName': 'm32sd10a', 'self': 'https://t493319102.eu-latest.cumulocity.com/devicecontrol/operations/21058274', 'id': '21058274', 'status': 'PENDING', 'description': &quot;Apply software changes, triggered from PySys: [{'action': 'install', 'id': '5495053', 'name': 'apple', 'url': ' ', 'version': '::fruits'}, {'action': 'install', 'id': '5494888', 'name': 'banana', 'url': ' ', 'version': '::fruits'}, {'action': 'install', 'id': '5475369', 'name': 'asciijump', 'url': ' ', 'version': '::apt'}, {'action': 'install', 'id': '5495382', 'name': 'cherry', 'url': ' ', 'version': '::fruits'}, {'action': 'install', 'id': '8018911', 'name': 'registry', 'url': ' ', 'version': '::docker'}]&quot;, 'c8y_SoftwareUpdate': [{'name': 'apple', 'action': 'install', 'id': '5495053', 'version': '::fruits', 'url': ' '}, {'name': 'banana', 'action': 'install', 'id': '5494888', 'version': '::fruits', 'url': ' '}, {'name': 'asciijump', 'action': 'install', 'id': '5475369', 'version': '::apt', 'url': ' '}, {'name': 'cherry', 'action': 'install', 'id': '5495382', 'version': '::fruits', 'url': ' '}, {'name': 'registry', 'action': 'install', 'id': '8018911', 'version': '::docker', 'url': ' '}]}
14:59:58 INFO  State of operation 21058274 : PENDING
15:00:00 INFO  State of operation 21058274 : EXECUTING
15:00:03 INFO  State of operation 21058274 : EXECUTING
15:00:05 INFO  State of operation 21058274 : EXECUTING
15:00:07 INFO  State of operation 21058274 : EXECUTING
15:00:09 INFO  State of operation 21058274 : EXECUTING
15:00:12 INFO  State of operation 21058274 : EXECUTING
15:00:15 INFO  State of operation 21058274 : EXECUTING
15:00:17 INFO  State of operation 21058274 : EXECUTING
15:00:20 INFO  State of operation 21058274 : EXECUTING
15:00:22 INFO  State of operation 21058274 : EXECUTING
15:00:24 INFO  State of operation 21058274 : EXECUTING
15:00:26 INFO  State of operation 21058274 : EXECUTING
15:00:29 INFO  State of operation 21058274 : EXECUTING
15:00:31 INFO  State of operation 21058274 : EXECUTING
15:00:33 INFO  State of operation 21058274 : EXECUTING
15:00:35 INFO  State of operation 21058274 : EXECUTING
15:00:38 INFO  State of operation 21058274 : EXECUTING
15:00:40 INFO  State of operation 21058274 : EXECUTING
15:00:42 INFO  State of operation 21058274 : EXECUTING
15:00:45 INFO  State of operation 21058274 : EXECUTING
15:00:47 INFO  State of operation 21058274 : EXECUTING
15:00:49 INFO  State of operation 21058274 : EXECUTING
15:00:51 INFO  State of operation 21058274 : EXECUTING
15:00:54 INFO  State of operation 21058274 : EXECUTING
15:00:56 INFO  State of operation 21058274 : SUCCESSFUL
15:00:56 INFO  Package apple is installed
15:00:56 INFO  Assert that (True == value) with value=True ... passed
15:00:56 INFO  Package banana is installed
15:00:56 INFO  Assert that (True == value) with value=True ... passed
15:00:56 INFO  Package cherry is installed
15:00:56 INFO  Assert that (True == value) with value=True ... passed
15:00:57 INFO  Package asciijump is installed
15:00:57 INFO  Assert that (True == value) with value=True ... passed
15:00:57 INFO  Package registry is installed
15:00:57 INFO  Assert that (True == value) with value=True ... passed
15:00:57 INFO  Response status: 201
15:00:57 INFO  Response to action: {
    &quot;creationTime&quot;: &quot;2022-07-19T15:00:57.542Z&quot;,
    &quot;deviceId&quot;: &quot;21041101&quot;,
    &quot;deviceName&quot;: &quot;m32sd10a&quot;,
    &quot;self&quot;: &quot;https://t493319102.eu-latest.cumulocity.com/devicecontrol/operations/21058286&quot;,
    &quot;id&quot;: &quot;21058286&quot;,
    &quot;status&quot;: &quot;PENDING&quot;,
    &quot;description&quot;: &quot;Apply software changes, triggered from PySys: [{'action': 'delete', 'id': '5495053', 'name': 'apple', 'url': ' ', 'version': '::fruits'}, {'action': 'delete', 'id': '5494888', 'name': 'banana', 'url': ' ', 'version': '::fruits'}, {'action': 'delete', 'id': '5475369', 'name': 'asciijump', 'url': ' ', 'version': '::apt'}, {'action': 'delete', 'id': '5495382', 'name': 'cherry', 'url': ' ', 'version': '::fruits'}, {'action': 'delete', 'id': '8018911', 'name': 'registry', 'url': ' ', 'version': '::docker'}]&quot;,
    &quot;c8y_SoftwareUpdate&quot;: [
        {
            &quot;name&quot;: &quot;apple&quot;,
            &quot;action&quot;: &quot;delete&quot;,
            &quot;id&quot;: &quot;5495053&quot;,
            &quot;version&quot;: &quot;::fruits&quot;,
            &quot;url&quot;: &quot; &quot;
        },
        {
            &quot;name&quot;: &quot;banana&quot;,
            &quot;action&quot;: &quot;delete&quot;,
            &quot;id&quot;: &quot;5494888&quot;,
            &quot;version&quot;: &quot;::fruits&quot;,
            &quot;url&quot;: &quot; &quot;
        },
        {
            &quot;name&quot;: &quot;asciijump&quot;,
            &quot;action&quot;: &quot;delete&quot;,
            &quot;id&quot;: &quot;5475369&quot;,
            &quot;version&quot;: &quot;::apt&quot;,
            &quot;url&quot;: &quot; &quot;
        },
        {
            &quot;name&quot;: &quot;cherry&quot;,
            &quot;action&quot;: &quot;delete&quot;,
            &quot;id&quot;: &quot;5495382&quot;,
            &quot;version&quot;: &quot;::fruits&quot;,
            &quot;url&quot;: &quot; &quot;
        },
        {
            &quot;name&quot;: &quot;registry&quot;,
            &quot;action&quot;: &quot;delete&quot;,
            &quot;id&quot;: &quot;8018911&quot;,
            &quot;version&quot;: &quot;::docker&quot;,
            &quot;url&quot;: &quot; &quot;
        }
    ]
}
15:00:57 INFO  Started operation: {'creationTime': '2022-07-19T15:00:57.542Z', 'deviceId': '21041101', 'deviceName': 'm32sd10a', 'self': 'https://t493319102.eu-latest.cumulocity.com/devicecontrol/operations/21058286', 'id': '21058286', 'status': 'PENDING', 'description': &quot;Apply software changes, triggered from PySys: [{'action': 'delete', 'id': '5495053', 'name': 'apple', 'url': ' ', 'version': '::fruits'}, {'action': 'delete', 'id': '5494888', 'name': 'banana', 'url': ' ', 'version': '::fruits'}, {'action': 'delete', 'id': '5475369', 'name': 'asciijump', 'url': ' ', 'version': '::apt'}, {'action': 'delete', 'id': '5495382', 'name': 'cherry', 'url': ' ', 'version': '::fruits'}, {'action': 'delete', 'id': '8018911', 'name': 'registry', 'url': ' ', 'version': '::docker'}]&quot;, 'c8y_SoftwareUpdate': [{'name': 'apple', 'action': 'delete', 'id': '5495053', 'version': '::fruits', 'url': ' '}, {'name': 'banana', 'action': 'delete', 'id': '5494888', 'version': '::fruits', 'url': ' '}, {'name': 'asciijump', 'action': 'delete', 'id': '5475369', 'version': '::apt', 'url': ' '}, {'name': 'cherry', 'action': 'delete', 'id': '5495382', 'version': '::fruits', 'url': ' '}, {'name': 'registry', 'action': 'delete', 'id': '8018911', 'version': '::docker', 'url': ' '}]}
15:00:59 INFO  State of operation 21058286 : PENDING
15:01:02 INFO  State of operation 21058286 : EXECUTING
15:01:04 INFO  State of operation 21058286 : EXECUTING
15:01:06 INFO  State of operation 21058286 : EXECUTING
15:01:08 INFO  State of operation 21058286 : EXECUTING
15:01:10 INFO  State of operation 21058286 : EXECUTING
15:01:13 INFO  State of operation 21058286 : EXECUTING
15:01:16 INFO  State of operation 21058286 : EXECUTING
15:01:18 INFO  State of operation 21058286 : EXECUTING
15:01:21 INFO  State of operation 21058286 : EXECUTING
15:01:23 INFO  State of operation 21058286 : EXECUTING
15:01:25 INFO  State of operation 21058286 : EXECUTING
15:01:27 INFO  State of operation 21058286 : EXECUTING
15:01:30 INFO  State of operation 21058286 : EXECUTING
15:01:32 INFO  State of operation 21058286 : EXECUTING
15:01:34 INFO  State of operation 21058286 : EXECUTING
15:01:38 INFO  State of operation 21058286 : EXECUTING
15:01:40 INFO  State of operation 21058286 : EXECUTING
15:01:43 INFO  State of operation 21058286 : EXECUTING
15:01:45 INFO  State of operation 21058286 : EXECUTING
15:01:47 INFO  State of operation 21058286 : EXECUTING
15:01:49 INFO  State of operation 21058286 : EXECUTING
15:01:52 INFO  State of operation 21058286 : EXECUTING
15:01:54 INFO  State of operation 21058286 : EXECUTING
15:01:56 INFO  State of operation 21058286 : EXECUTING
15:01:59 INFO  State of operation 21058286 : EXECUTING
15:02:01 INFO  State of operation 21058286 : EXECUTING
15:02:03 INFO  State of operation 21058286 : EXECUTING
15:02:06 INFO  State of operation 21058286 : EXECUTING
15:02:08 INFO  State of operation 21058286 : SUCCESSFUL
15:02:08 INFO  Package apple is installed
15:02:08 INFO  Assert that (True == value) with value=True ... passed
15:02:08 INFO  Package banana is installed
15:02:08 INFO  Assert that (True == value) with value=True ... passed
15:02:08 INFO  Package cherry is installed
15:02:08 INFO  Assert that (True == value) with value=True ... passed
15:02:09 INFO  Assert that (False == value) with value=False ... passed
15:02:09 INFO  Assert that (False == value) with value=False ... passed
15:02:09 INFO  
15:02:09 INFO  cleanup:
15:02:13 INFO  Executed sudo&lt;tedge_disconnect_c8y&gt;, exit status 0
15:02:14 INFO  Executed systemctl&lt;serv_mapper5&gt;, exit status 3
15:02:14 INFO  
15:02:14 INFO  Test duration: 164.58 secs
15:02:14 INFO  Test final outcome:  FAILED
15:02:14 INFO  Test outcome reason: Assert that (False == value) with value=True
15:02:14 INFO  
</system-out>
	</testcase>
</testsuite>
