<?xml version="1.0" encoding="utf-8"?>
<testsuite failures="1" name="SoftwareManagement.sm_mixed_install_remove_multiple" skipped="0" tests="1" time="165.11" timestamp="2022-06-16T15:30:37">
	<testcase classname="PySysTest" name="SoftwareManagement.sm_mixed_install_remove_multiple">
		<failure message="FAILED: Assert that (False == value) with value=True" type="FAILED"/>
		<system-out>15:27:51 INFO  ==============================================================
15:27:51 INFO  Id:    SoftwareManagement.sm_mixed_install_remove_multiple
15:27:51 INFO  Dir:   software_management_end_to_end/
15:27:51 INFO  Title: Validate end to end behaviour for the dummy-plugin for multiple packages with mixed versions
15:27:51 INFO  ==============================================================
15:27:51 INFO  Using sw id database: {'asciijump': '5475369', 'robotfindskitten': '5474869', 'squirrel3': '5475279', 'rolldice': '5152439', 'moon-buggy': '5439204', 'apple': '5495053', 'banana': '5494888', 'cherry': '5495382', 'watermelon': '5494510', 'registry': '8018911', 'hello-world': '8021526', 'docker/getting-started': '8021973', 'alpine': '7991792'}
15:27:51 INFO  EnvironmentC8y Setup
15:27:52 INFO  Executed systemctl&lt;serv_mapper1&gt;, exit status 3
15:27:52 INFO  Restarting mosquitto too frequently in the last 10 seconds. It was only up for 5 seconds
15:27:52 INFO  Delaying execution by 6 seconds
15:28:12 INFO  Executed sudo&lt;tedge_connect_c8y&gt;, exit status 0, duration 14 secs
15:28:13 INFO  Executed sudo&lt;tedge_connect_c8y_test&gt;, exit status 0
15:28:13 INFO  Executed systemctl&lt;serv_mosq2&gt;, exit status 0
15:28:14 INFO  Executed systemctl&lt;serv_mapper3&gt;, exit status 0
15:28:16 INFO  State of current operation: SUCCESSFUL
15:28:16 INFO  Package apple is installed
15:28:16 INFO  Assert that (True == value) with value=True ... passed
15:28:17 INFO  Package banana is installed
15:28:17 INFO  Assert that (True == value) with value=True ... passed
15:28:17 INFO  Package cherry is installed
15:28:17 INFO  Assert that (True == value) with value=True ... passed
15:28:17 INFO  Package asciijump is installed
15:28:17 WARN  Assert that (False == value) with value=True ... failed 
15:28:17 INFO  Assert that (False == value) with value=False ... passed
15:28:18 INFO  Response status: 201
15:28:18 INFO  Response to action: {
    &quot;creationTime&quot;: &quot;2022-06-16T15:28:17.977Z&quot;,
    &quot;deviceName&quot;: &quot;m32sd10a&quot;,
    &quot;deviceId&quot;: &quot;20253748&quot;,
    &quot;self&quot;: &quot;https://t493319102.eu-latest.cumulocity.com/devicecontrol/operations/20259738&quot;,
    &quot;id&quot;: &quot;20259738&quot;,
    &quot;status&quot;: &quot;PENDING&quot;,
    &quot;description&quot;: &quot;Apply software changes, triggered from PySys: [{'action': 'install', 'id': '5495053', 'name': 'apple', 'url': ' ', 'version': '::fruits'}, {'action': 'install', 'id': '5494888', 'name': 'banana', 'url': ' ', 'version': '::fruits'}, {'action': 'install', 'id': '5475369', 'name': 'asciijump', 'url': ' ', 'version': '::apt'}, {'action': 'install', 'id': '5495382', 'name': 'cherry', 'url': ' ', 'version': '::fruits'}, {'action': 'install', 'id': '8018911', 'name': 'registry', 'url': ' ', 'version': '::docker'}]&quot;,
    &quot;c8y_SoftwareUpdate&quot;: [
        {
            &quot;name&quot;: &quot;apple&quot;,
            &quot;action&quot;: &quot;install&quot;,
            &quot;id&quot;: &quot;5495053&quot;,
            &quot;version&quot;: &quot;::fruits&quot;,
            &quot;url&quot;: &quot; &quot;
        },
        {
            &quot;name&quot;: &quot;banana&quot;,
            &quot;action&quot;: &quot;install&quot;,
            &quot;id&quot;: &quot;5494888&quot;,
            &quot;version&quot;: &quot;::fruits&quot;,
            &quot;url&quot;: &quot; &quot;
        },
        {
            &quot;name&quot;: &quot;asciijump&quot;,
            &quot;action&quot;: &quot;install&quot;,
            &quot;id&quot;: &quot;5475369&quot;,
            &quot;version&quot;: &quot;::apt&quot;,
            &quot;url&quot;: &quot; &quot;
        },
        {
            &quot;name&quot;: &quot;cherry&quot;,
            &quot;action&quot;: &quot;install&quot;,
            &quot;id&quot;: &quot;5495382&quot;,
            &quot;version&quot;: &quot;::fruits&quot;,
            &quot;url&quot;: &quot; &quot;
        },
        {
            &quot;name&quot;: &quot;registry&quot;,
            &quot;action&quot;: &quot;install&quot;,
            &quot;id&quot;: &quot;8018911&quot;,
            &quot;version&quot;: &quot;::docker&quot;,
            &quot;url&quot;: &quot; &quot;
        }
    ]
}
15:28:18 INFO  Started operation: {'creationTime': '2022-06-16T15:28:17.977Z', 'deviceName': 'm32sd10a', 'deviceId': '20253748', 'self': 'https://t493319102.eu-latest.cumulocity.com/devicecontrol/operations/20259738', 'id': '20259738', 'status': 'PENDING', 'description': &quot;Apply software changes, triggered from PySys: [{'action': 'install', 'id': '5495053', 'name': 'apple', 'url': ' ', 'version': '::fruits'}, {'action': 'install', 'id': '5494888', 'name': 'banana', 'url': ' ', 'version': '::fruits'}, {'action': 'install', 'id': '5475369', 'name': 'asciijump', 'url': ' ', 'version': '::apt'}, {'action': 'install', 'id': '5495382', 'name': 'cherry', 'url': ' ', 'version': '::fruits'}, {'action': 'install', 'id': '8018911', 'name': 'registry', 'url': ' ', 'version': '::docker'}]&quot;, 'c8y_SoftwareUpdate': [{'name': 'apple', 'action': 'install', 'id': '5495053', 'version': '::fruits', 'url': ' '}, {'name': 'banana', 'action': 'install', 'id': '5494888', 'version': '::fruits', 'url': ' '}, {'name': 'asciijump', 'action': 'install', 'id': '5475369', 'version': '::apt', 'url': ' '}, {'name': 'cherry', 'action': 'install', 'id': '5495382', 'version': '::fruits', 'url': ' '}, {'name': 'registry', 'action': 'install', 'id': '8018911', 'version': '::docker', 'url': ' '}]}
15:28:20 INFO  State of operation 20259738 : PENDING
15:28:22 INFO  State of operation 20259738 : EXECUTING
15:28:24 INFO  State of operation 20259738 : EXECUTING
15:28:26 INFO  State of operation 20259738 : EXECUTING
15:28:29 INFO  State of operation 20259738 : EXECUTING
15:28:31 INFO  State of operation 20259738 : EXECUTING
15:28:33 INFO  State of operation 20259738 : EXECUTING
15:28:36 INFO  State of operation 20259738 : EXECUTING
15:28:39 INFO  State of operation 20259738 : EXECUTING
15:28:41 INFO  State of operation 20259738 : EXECUTING
15:28:43 INFO  State of operation 20259738 : EXECUTING
15:28:45 INFO  State of operation 20259738 : EXECUTING
15:28:48 INFO  State of operation 20259738 : EXECUTING
15:28:50 INFO  State of operation 20259738 : EXECUTING
15:28:52 INFO  State of operation 20259738 : EXECUTING
15:28:54 INFO  State of operation 20259738 : EXECUTING
15:28:56 INFO  State of operation 20259738 : EXECUTING
15:28:59 INFO  State of operation 20259738 : EXECUTING
15:29:01 INFO  State of operation 20259738 : EXECUTING
15:29:03 INFO  State of operation 20259738 : EXECUTING
15:29:05 INFO  State of operation 20259738 : EXECUTING
15:29:08 INFO  State of operation 20259738 : EXECUTING
15:29:10 INFO  State of operation 20259738 : EXECUTING
15:29:12 INFO  State of operation 20259738 : EXECUTING
15:29:14 INFO  State of operation 20259738 : EXECUTING
15:29:17 INFO  State of operation 20259738 : SUCCESSFUL
15:29:17 INFO  Package apple is installed
15:29:17 INFO  Assert that (True == value) with value=True ... passed
15:29:17 INFO  Package banana is installed
15:29:17 INFO  Assert that (True == value) with value=True ... passed
15:29:17 INFO  Package cherry is installed
15:29:17 INFO  Assert that (True == value) with value=True ... passed
15:29:18 INFO  Package asciijump is installed
15:29:18 INFO  Assert that (True == value) with value=True ... passed
15:29:18 INFO  Package registry is installed
15:29:18 INFO  Assert that (True == value) with value=True ... passed
15:29:18 INFO  Response status: 201
15:29:18 INFO  Response to action: {
    &quot;creationTime&quot;: &quot;2022-06-16T15:29:18.524Z&quot;,
    &quot;deviceName&quot;: &quot;m32sd10a&quot;,
    &quot;deviceId&quot;: &quot;20253748&quot;,
    &quot;self&quot;: &quot;https://t493319102.eu-latest.cumulocity.com/devicecontrol/operations/20259749&quot;,
    &quot;id&quot;: &quot;20259749&quot;,
    &quot;status&quot;: &quot;PENDING&quot;,
    &quot;description&quot;: &quot;Apply software changes, triggered from PySys: [{'action': 'delete', 'id': '5495053', 'name': 'apple', 'url': ' ', 'version': '::fruits'}, {'action': 'delete', 'id': '5494888', 'name': 'banana', 'url': ' ', 'version': '::fruits'}, {'action': 'delete', 'id': '5475369', 'name': 'asciijump', 'url': ' ', 'version': '::apt'}, {'action': 'delete', 'id': '5495382', 'name': 'cherry', 'url': ' ', 'version': '::fruits'}, {'action': 'delete', 'id': '8018911', 'name': 'registry', 'url': ' ', 'version': '::docker'}]&quot;,
    &quot;c8y_SoftwareUpdate&quot;: [
        {
            &quot;name&quot;: &quot;apple&quot;,
            &quot;action&quot;: &quot;delete&quot;,
            &quot;id&quot;: &quot;5495053&quot;,
            &quot;version&quot;: &quot;::fruits&quot;,
            &quot;url&quot;: &quot; &quot;
        },
        {
            &quot;name&quot;: &quot;banana&quot;,
            &quot;action&quot;: &quot;delete&quot;,
            &quot;id&quot;: &quot;5494888&quot;,
            &quot;version&quot;: &quot;::fruits&quot;,
            &quot;url&quot;: &quot; &quot;
        },
        {
            &quot;name&quot;: &quot;asciijump&quot;,
            &quot;action&quot;: &quot;delete&quot;,
            &quot;id&quot;: &quot;5475369&quot;,
            &quot;version&quot;: &quot;::apt&quot;,
            &quot;url&quot;: &quot; &quot;
        },
        {
            &quot;name&quot;: &quot;cherry&quot;,
            &quot;action&quot;: &quot;delete&quot;,
            &quot;id&quot;: &quot;5495382&quot;,
            &quot;version&quot;: &quot;::fruits&quot;,
            &quot;url&quot;: &quot; &quot;
        },
        {
            &quot;name&quot;: &quot;registry&quot;,
            &quot;action&quot;: &quot;delete&quot;,
            &quot;id&quot;: &quot;8018911&quot;,
            &quot;version&quot;: &quot;::docker&quot;,
            &quot;url&quot;: &quot; &quot;
        }
    ]
}
15:29:18 INFO  Started operation: {'creationTime': '2022-06-16T15:29:18.524Z', 'deviceName': 'm32sd10a', 'deviceId': '20253748', 'self': 'https://t493319102.eu-latest.cumulocity.com/devicecontrol/operations/20259749', 'id': '20259749', 'status': 'PENDING', 'description': &quot;Apply software changes, triggered from PySys: [{'action': 'delete', 'id': '5495053', 'name': 'apple', 'url': ' ', 'version': '::fruits'}, {'action': 'delete', 'id': '5494888', 'name': 'banana', 'url': ' ', 'version': '::fruits'}, {'action': 'delete', 'id': '5475369', 'name': 'asciijump', 'url': ' ', 'version': '::apt'}, {'action': 'delete', 'id': '5495382', 'name': 'cherry', 'url': ' ', 'version': '::fruits'}, {'action': 'delete', 'id': '8018911', 'name': 'registry', 'url': ' ', 'version': '::docker'}]&quot;, 'c8y_SoftwareUpdate': [{'name': 'apple', 'action': 'delete', 'id': '5495053', 'version': '::fruits', 'url': ' '}, {'name': 'banana', 'action': 'delete', 'id': '5494888', 'version': '::fruits', 'url': ' '}, {'name': 'asciijump', 'action': 'delete', 'id': '5475369', 'version': '::apt', 'url': ' '}, {'name': 'cherry', 'action': 'delete', 'id': '5495382', 'version': '::fruits', 'url': ' '}, {'name': 'registry', 'action': 'delete', 'id': '8018911', 'version': '::docker', 'url': ' '}]}
15:29:20 INFO  State of operation 20259749 : PENDING
15:29:23 INFO  State of operation 20259749 : EXECUTING
15:29:25 INFO  State of operation 20259749 : EXECUTING
15:29:27 INFO  State of operation 20259749 : EXECUTING
15:29:29 INFO  State of operation 20259749 : EXECUTING
15:29:31 INFO  State of operation 20259749 : EXECUTING
15:29:34 INFO  State of operation 20259749 : EXECUTING
15:29:37 INFO  State of operation 20259749 : EXECUTING
15:29:39 INFO  State of operation 20259749 : EXECUTING
15:29:41 INFO  State of operation 20259749 : EXECUTING
15:29:44 INFO  State of operation 20259749 : EXECUTING
15:29:46 INFO  State of operation 20259749 : EXECUTING
15:29:48 INFO  State of operation 20259749 : EXECUTING
15:29:50 INFO  State of operation 20259749 : EXECUTING
15:29:53 INFO  State of operation 20259749 : EXECUTING
15:29:55 INFO  State of operation 20259749 : EXECUTING
15:29:58 INFO  State of operation 20259749 : EXECUTING
15:30:01 INFO  State of operation 20259749 : EXECUTING
15:30:03 INFO  State of operation 20259749 : EXECUTING
15:30:05 INFO  State of operation 20259749 : EXECUTING
15:30:07 INFO  State of operation 20259749 : EXECUTING
15:30:10 INFO  State of operation 20259749 : EXECUTING
15:30:12 INFO  State of operation 20259749 : EXECUTING
15:30:15 INFO  State of operation 20259749 : EXECUTING
15:30:17 INFO  State of operation 20259749 : EXECUTING
15:30:19 INFO  State of operation 20259749 : EXECUTING
15:30:21 INFO  State of operation 20259749 : EXECUTING
15:30:24 INFO  State of operation 20259749 : EXECUTING
15:30:26 INFO  State of operation 20259749 : EXECUTING
15:30:28 INFO  State of operation 20259749 : EXECUTING
15:30:31 INFO  State of operation 20259749 : SUCCESSFUL
15:30:31 INFO  Package apple is installed
15:30:31 INFO  Assert that (True == value) with value=True ... passed
15:30:31 INFO  Package banana is installed
15:30:31 INFO  Assert that (True == value) with value=True ... passed
15:30:31 INFO  Package cherry is installed
15:30:31 INFO  Assert that (True == value) with value=True ... passed
15:30:31 INFO  Assert that (False == value) with value=False ... passed
15:30:32 INFO  Assert that (False == value) with value=False ... passed
15:30:32 INFO  
15:30:32 INFO  cleanup:
15:30:36 INFO  Executed sudo&lt;tedge_disconnect_c8y&gt;, exit status 0
15:30:37 INFO  Executed systemctl&lt;serv_mapper5&gt;, exit status 3
15:30:37 INFO  
15:30:37 INFO  Test duration: 165.11 secs
15:30:37 INFO  Test final outcome:  FAILED
15:30:37 INFO  Test outcome reason: Assert that (False == value) with value=True
15:30:37 INFO  
</system-out>
	</testcase>
</testsuite>
