<?xml version="1.0" encoding="utf-8"?>
<testsuite failures="1" name="SoftwareManagement.sm_apt_install_remove_multiple" skipped="0" tests="1" time="138.11" timestamp="2022-06-17T09:47:30">
	<testcase classname="PySysTest" name="SoftwareManagement.sm_apt_install_remove_multiple">
		<failure message="FAILED: Assert that (False == value) with value=True (+2 other failures)" type="FAILED"/>
		<system-out>09:45:12 INFO  ==============================================================
09:45:12 INFO  Id:    SoftwareManagement.sm_apt_install_remove_multiple
09:45:12 INFO  Dir:   software_management_end_to_end/
09:45:12 INFO  Title: Validate end to end behaviour for the apt plugin for multiple packages
09:45:12 INFO  ==============================================================
09:45:12 INFO  Using sw id database: {'asciijump': '5475369', 'robotfindskitten': '5474869', 'squirrel3': '5475279', 'rolldice': '5152439', 'moon-buggy': '5439204', 'apple': '5495053', 'banana': '5494888', 'cherry': '5495382', 'watermelon': '5494510', 'registry': '8018911', 'hello-world': '8021526', 'docker/getting-started': '8021973', 'alpine': '7991792'}
09:45:12 INFO  EnvironmentC8y Setup
09:45:13 INFO  Executed systemctl&lt;serv_mapper1&gt;, exit status 3
09:45:13 INFO  Restarting mosquitto too frequently in the last 10 seconds. It was only up for 4 seconds
09:45:13 INFO  Delaying execution by 7 seconds
09:45:34 INFO  Executed sudo&lt;tedge_connect_c8y&gt;, exit status 0, duration 14 secs
09:45:35 INFO  Executed sudo&lt;tedge_connect_c8y_test&gt;, exit status 0
09:45:35 INFO  Executed systemctl&lt;serv_mosq2&gt;, exit status 0
09:45:36 INFO  Executed systemctl&lt;serv_mapper3&gt;, exit status 0
09:45:38 INFO  State of current operation: SUCCESSFUL
09:45:38 INFO  Assert that (False == value) with value=False ... passed
09:45:38 INFO  Package asciijump is installed
09:45:39 WARN  Assert that (False == value) with value=True ... failed 
09:45:39 INFO  Package squirrel3 is installed
09:45:39 WARN  Assert that (False == value) with value=True ... failed 
09:45:39 INFO  Package robotfindskitten is installed
09:45:39 WARN  Assert that (False == value) with value=True ... failed 
09:45:39 INFO  Response status: 201
09:45:39 INFO  Response to action: {
    &quot;creationTime&quot;: &quot;2022-06-17T09:45:39.774Z&quot;,
    &quot;deviceName&quot;: &quot;m32sd10a&quot;,
    &quot;deviceId&quot;: &quot;20260755&quot;,
    &quot;self&quot;: &quot;https://t493319102.eu-latest.cumulocity.com/devicecontrol/operations/20282585&quot;,
    &quot;id&quot;: &quot;20282585&quot;,
    &quot;status&quot;: &quot;PENDING&quot;,
    &quot;description&quot;: &quot;Apply software changes, triggered from PySys: [{'action': 'install', 'id': '5475369', 'name': 'asciijump', 'url': ' ', 'version': '::apt'}, {'action': 'install', 'id': '5474869', 'name': 'robotfindskitten', 'url': ' ', 'version': '::apt'}, {'action': 'install', 'id': '5475279', 'name': 'squirrel3', 'url': ' ', 'version': '::apt'}]&quot;,
    &quot;c8y_SoftwareUpdate&quot;: [
        {
            &quot;name&quot;: &quot;asciijump&quot;,
            &quot;action&quot;: &quot;install&quot;,
            &quot;id&quot;: &quot;5475369&quot;,
            &quot;version&quot;: &quot;::apt&quot;,
            &quot;url&quot;: &quot; &quot;
        },
        {
            &quot;name&quot;: &quot;robotfindskitten&quot;,
            &quot;action&quot;: &quot;install&quot;,
            &quot;id&quot;: &quot;5474869&quot;,
            &quot;version&quot;: &quot;::apt&quot;,
            &quot;url&quot;: &quot; &quot;
        },
        {
            &quot;name&quot;: &quot;squirrel3&quot;,
            &quot;action&quot;: &quot;install&quot;,
            &quot;id&quot;: &quot;5475279&quot;,
            &quot;version&quot;: &quot;::apt&quot;,
            &quot;url&quot;: &quot; &quot;
        }
    ]
}
09:45:39 INFO  Started operation: {'creationTime': '2022-06-17T09:45:39.774Z', 'deviceName': 'm32sd10a', 'deviceId': '20260755', 'self': 'https://t493319102.eu-latest.cumulocity.com/devicecontrol/operations/20282585', 'id': '20282585', 'status': 'PENDING', 'description': &quot;Apply software changes, triggered from PySys: [{'action': 'install', 'id': '5475369', 'name': 'asciijump', 'url': ' ', 'version': '::apt'}, {'action': 'install', 'id': '5474869', 'name': 'robotfindskitten', 'url': ' ', 'version': '::apt'}, {'action': 'install', 'id': '5475279', 'name': 'squirrel3', 'url': ' ', 'version': '::apt'}]&quot;, 'c8y_SoftwareUpdate': [{'name': 'asciijump', 'action': 'install', 'id': '5475369', 'version': '::apt', 'url': ' '}, {'name': 'robotfindskitten', 'action': 'install', 'id': '5474869', 'version': '::apt', 'url': ' '}, {'name': 'squirrel3', 'action': 'install', 'id': '5475279', 'version': '::apt', 'url': ' '}]}
09:45:42 INFO  State of operation 20282585 : PENDING
09:45:44 INFO  State of operation 20282585 : EXECUTING
09:45:46 INFO  State of operation 20282585 : EXECUTING
09:45:48 INFO  State of operation 20282585 : EXECUTING
09:45:50 INFO  State of operation 20282585 : EXECUTING
09:45:53 INFO  State of operation 20282585 : EXECUTING
09:45:55 INFO  State of operation 20282585 : EXECUTING
09:45:58 INFO  State of operation 20282585 : EXECUTING
09:46:00 INFO  State of operation 20282585 : EXECUTING
09:46:03 INFO  State of operation 20282585 : EXECUTING
09:46:05 INFO  State of operation 20282585 : EXECUTING
09:46:07 INFO  State of operation 20282585 : EXECUTING
09:46:10 INFO  State of operation 20282585 : EXECUTING
09:46:12 INFO  State of operation 20282585 : EXECUTING
09:46:14 INFO  State of operation 20282585 : EXECUTING
09:46:16 INFO  State of operation 20282585 : SUCCESSFUL
09:46:17 INFO  Assert that (False == value) with value=False ... passed
09:46:17 INFO  Package asciijump is installed
09:46:17 INFO  Assert that (True == value) with value=True ... passed
09:46:17 INFO  Package squirrel3 is installed
09:46:17 INFO  Assert that (True == value) with value=True ... passed
09:46:17 INFO  Package robotfindskitten is installed
09:46:17 INFO  Assert that (True == value) with value=True ... passed
09:46:17 INFO  Response status: 201
09:46:17 INFO  Response to action: {
    &quot;creationTime&quot;: &quot;2022-06-17T09:46:17.854Z&quot;,
    &quot;deviceName&quot;: &quot;m32sd10a&quot;,
    &quot;deviceId&quot;: &quot;20260755&quot;,
    &quot;self&quot;: &quot;https://t493319102.eu-latest.cumulocity.com/devicecontrol/operations/20282597&quot;,
    &quot;id&quot;: &quot;20282597&quot;,
    &quot;status&quot;: &quot;PENDING&quot;,
    &quot;description&quot;: &quot;Apply software changes, triggered from PySys: [{'action': 'delete', 'id': '5475369', 'name': 'asciijump', 'url': ' ', 'version': '::apt'}, {'action': 'delete', 'id': '5474869', 'name': 'robotfindskitten', 'url': ' ', 'version': '::apt'}, {'action': 'delete', 'id': '5475279', 'name': 'squirrel3', 'url': ' ', 'version': '::apt'}]&quot;,
    &quot;c8y_SoftwareUpdate&quot;: [
        {
            &quot;name&quot;: &quot;asciijump&quot;,
            &quot;action&quot;: &quot;delete&quot;,
            &quot;id&quot;: &quot;5475369&quot;,
            &quot;version&quot;: &quot;::apt&quot;,
            &quot;url&quot;: &quot; &quot;
        },
        {
            &quot;name&quot;: &quot;robotfindskitten&quot;,
            &quot;action&quot;: &quot;delete&quot;,
            &quot;id&quot;: &quot;5474869&quot;,
            &quot;version&quot;: &quot;::apt&quot;,
            &quot;url&quot;: &quot; &quot;
        },
        {
            &quot;name&quot;: &quot;squirrel3&quot;,
            &quot;action&quot;: &quot;delete&quot;,
            &quot;id&quot;: &quot;5475279&quot;,
            &quot;version&quot;: &quot;::apt&quot;,
            &quot;url&quot;: &quot; &quot;
        }
    ]
}
09:46:17 INFO  Started operation: {'creationTime': '2022-06-17T09:46:17.854Z', 'deviceName': 'm32sd10a', 'deviceId': '20260755', 'self': 'https://t493319102.eu-latest.cumulocity.com/devicecontrol/operations/20282597', 'id': '20282597', 'status': 'PENDING', 'description': &quot;Apply software changes, triggered from PySys: [{'action': 'delete', 'id': '5475369', 'name': 'asciijump', 'url': ' ', 'version': '::apt'}, {'action': 'delete', 'id': '5474869', 'name': 'robotfindskitten', 'url': ' ', 'version': '::apt'}, {'action': 'delete', 'id': '5475279', 'name': 'squirrel3', 'url': ' ', 'version': '::apt'}]&quot;, 'c8y_SoftwareUpdate': [{'name': 'asciijump', 'action': 'delete', 'id': '5475369', 'version': '::apt', 'url': ' '}, {'name': 'robotfindskitten', 'action': 'delete', 'id': '5474869', 'version': '::apt', 'url': ' '}, {'name': 'squirrel3', 'action': 'delete', 'id': '5475279', 'version': '::apt', 'url': ' '}]}
09:46:20 INFO  State of operation 20282597 : PENDING
09:46:22 INFO  State of operation 20282597 : EXECUTING
09:46:24 INFO  State of operation 20282597 : EXECUTING
09:46:26 INFO  State of operation 20282597 : EXECUTING
09:46:28 INFO  State of operation 20282597 : EXECUTING
09:46:31 INFO  State of operation 20282597 : EXECUTING
09:46:33 INFO  State of operation 20282597 : EXECUTING
09:46:36 INFO  State of operation 20282597 : EXECUTING
09:46:38 INFO  State of operation 20282597 : EXECUTING
09:46:41 INFO  State of operation 20282597 : EXECUTING
09:46:43 INFO  State of operation 20282597 : EXECUTING
09:46:45 INFO  State of operation 20282597 : EXECUTING
09:46:47 INFO  State of operation 20282597 : EXECUTING
09:46:50 INFO  State of operation 20282597 : EXECUTING
09:46:52 INFO  State of operation 20282597 : EXECUTING
09:46:54 INFO  State of operation 20282597 : EXECUTING
09:46:57 INFO  State of operation 20282597 : EXECUTING
09:46:59 INFO  State of operation 20282597 : EXECUTING
09:47:02 INFO  State of operation 20282597 : EXECUTING
09:47:04 INFO  State of operation 20282597 : EXECUTING
09:47:06 INFO  State of operation 20282597 : EXECUTING
09:47:09 INFO  State of operation 20282597 : EXECUTING
09:47:11 INFO  State of operation 20282597 : EXECUTING
09:47:13 INFO  State of operation 20282597 : EXECUTING
09:47:15 INFO  State of operation 20282597 : EXECUTING
09:47:18 INFO  State of operation 20282597 : EXECUTING
09:47:20 INFO  State of operation 20282597 : EXECUTING
09:47:23 INFO  State of operation 20282597 : EXECUTING
09:47:25 INFO  State of operation 20282597 : SUCCESSFUL
09:47:25 INFO  Assert that (False == value) with value=False ... passed
09:47:25 INFO  Assert that (False == value) with value=False ... passed
09:47:25 INFO  Assert that (False == value) with value=False ... passed
09:47:26 INFO  Assert that (False == value) with value=False ... passed
09:47:26 INFO  
09:47:26 INFO  cleanup:
09:47:30 INFO  Executed sudo&lt;tedge_disconnect_c8y&gt;, exit status 0
09:47:30 INFO  Executed systemctl&lt;serv_mapper5&gt;, exit status 3
09:47:30 INFO  
09:47:30 INFO  Test duration: 138.11 secs
09:47:30 INFO  Test final outcome:  FAILED
09:47:30 INFO  Test outcome reason: Assert that (False == value) with value=True (+2 other failures)
09:47:30 INFO  
</system-out>
	</testcase>
</testsuite>
