<?xml version="1.0" encoding="utf-8"?>
<testsuite failures="1" name="SoftwareManagement.sm_apt_install_remove_multiple_mixed" skipped="0" tests="1" time="182.49" timestamp="2022-06-08T14:14:53">
	<testcase classname="PySysTest" name="SoftwareManagement.sm_apt_install_remove_multiple_mixed">
		<failure message="BLOCKED: SystemError: Timeout while waiting for status SUCCESSFUL or False (+1 other failures)" type="BLOCKED"/>
		<system-out>14:11:50 INFO  ==============================================================
14:11:50 INFO  Id:    SoftwareManagement.sm_apt_install_remove_multiple_mixed
14:11:50 INFO  Dir:   software_management_end_to_end/
14:11:50 INFO  Title: Validate end to end behaviour for the apt plugin for multiple packages with mixed versions
14:11:50 INFO  ==============================================================
14:11:50 INFO  Using sw id database: {'asciijump': '5475369', 'robotfindskitten': '5474869', 'squirrel3': '5475279', 'rolldice': '5152439', 'moon-buggy': '5439204', 'apple': '5495053', 'banana': '5494888', 'cherry': '5495382', 'watermelon': '5494510', 'registry': '8018911', 'hello-world': '8021526', 'docker/getting-started': '8021973', 'alpine': '7991792'}
14:11:50 INFO  EnvironmentC8y Setup
14:11:51 INFO  Executed systemctl&lt;serv_mapper1&gt;, exit status 3
14:11:51 INFO  Restarting mosquitto too frequently in the last 10 seconds. It was only up for 4 seconds
14:11:51 INFO  Delaying execution by 7 seconds
14:12:13 INFO  Executed sudo&lt;tedge_connect_c8y&gt;, exit status 0, duration 15 secs
14:12:14 INFO  Executed sudo&lt;tedge_connect_c8y_test&gt;, exit status 0
14:12:14 INFO  Executed systemctl&lt;serv_mosq2&gt;, exit status 0
14:12:15 INFO  Executed systemctl&lt;serv_mapper3&gt;, exit status 0
14:12:17 INFO  State of current operation: SUCCESSFUL
14:12:18 INFO  Assert that (False == value) with value=False ... passed
14:12:18 INFO  Assert that (False == value) with value=False ... passed
14:12:18 INFO  Assert that (False == value) with value=False ... passed
14:12:18 INFO  Assert that (False == value) with value=False ... passed
14:12:19 INFO  Package moon-buggy is installed
14:12:19 WARN  Assert that (False == value) with value=True ... failed 
14:12:20 INFO  Response status: 201
14:12:20 INFO  Response to action: {
    &quot;creationTime&quot;: &quot;2022-06-08T14:12:20.613Z&quot;,
    &quot;deviceId&quot;: &quot;20013420&quot;,
    &quot;deviceName&quot;: &quot;m32sd10a&quot;,
    &quot;self&quot;: &quot;https://t493319102.eu-latest.cumulocity.com/devicecontrol/operations/20054967&quot;,
    &quot;id&quot;: &quot;20054967&quot;,
    &quot;status&quot;: &quot;PENDING&quot;,
    &quot;description&quot;: &quot;Apply software changes, triggered from PySys: [{'action': 'install', 'id': '5475369', 'name': 'asciijump', 'url': ' ', 'version': '::apt'}, {'action': 'install', 'id': '5474869', 'name': 'robotfindskitten', 'url': ' ', 'version': ' '}, {'action': 'install', 'id': '5475279', 'name': 'squirrel3', 'url': ' ', 'version': '3.1-7::apt'}, {'action': 'install', 'id': '5152439', 'name': 'rolldice', 'url': ' ', 'version': '1.16-1+b1'}, {'action': 'install', 'id': '5439204', 'name': 'moon-buggy', 'url': ' ', 'version': '1:1.0.51-12'}, {'action': 'install', 'id': '5475369', 'name': 'asciijump', 'url': ' ', 'version': '::apt'}]&quot;,
    &quot;c8y_SoftwareUpdate&quot;: [
        {
            &quot;name&quot;: &quot;asciijump&quot;,
            &quot;action&quot;: &quot;install&quot;,
            &quot;id&quot;: &quot;5475369&quot;,
            &quot;version&quot;: &quot;::apt&quot;,
            &quot;url&quot;: &quot; &quot;
        },
        {
            &quot;name&quot;: &quot;robotfindskitten&quot;,
            &quot;action&quot;: &quot;install&quot;,
            &quot;id&quot;: &quot;5474869&quot;,
            &quot;version&quot;: &quot; &quot;,
            &quot;url&quot;: &quot; &quot;
        },
        {
            &quot;name&quot;: &quot;squirrel3&quot;,
            &quot;action&quot;: &quot;install&quot;,
            &quot;id&quot;: &quot;5475279&quot;,
            &quot;version&quot;: &quot;3.1-7::apt&quot;,
            &quot;url&quot;: &quot; &quot;
        },
        {
            &quot;name&quot;: &quot;rolldice&quot;,
            &quot;action&quot;: &quot;install&quot;,
            &quot;id&quot;: &quot;5152439&quot;,
            &quot;version&quot;: &quot;1.16-1+b1&quot;,
            &quot;url&quot;: &quot; &quot;
        },
        {
            &quot;name&quot;: &quot;moon-buggy&quot;,
            &quot;action&quot;: &quot;install&quot;,
            &quot;id&quot;: &quot;5439204&quot;,
            &quot;version&quot;: &quot;1:1.0.51-12&quot;,
            &quot;url&quot;: &quot; &quot;
        },
        {
            &quot;name&quot;: &quot;asciijump&quot;,
            &quot;action&quot;: &quot;install&quot;,
            &quot;id&quot;: &quot;5475369&quot;,
            &quot;version&quot;: &quot;::apt&quot;,
            &quot;url&quot;: &quot; &quot;
        }
    ]
}
14:12:20 INFO  Started operation: {'creationTime': '2022-06-08T14:12:20.613Z', 'deviceId': '20013420', 'deviceName': 'm32sd10a', 'self': 'https://t493319102.eu-latest.cumulocity.com/devicecontrol/operations/20054967', 'id': '20054967', 'status': 'PENDING', 'description': &quot;Apply software changes, triggered from PySys: [{'action': 'install', 'id': '5475369', 'name': 'asciijump', 'url': ' ', 'version': '::apt'}, {'action': 'install', 'id': '5474869', 'name': 'robotfindskitten', 'url': ' ', 'version': ' '}, {'action': 'install', 'id': '5475279', 'name': 'squirrel3', 'url': ' ', 'version': '3.1-7::apt'}, {'action': 'install', 'id': '5152439', 'name': 'rolldice', 'url': ' ', 'version': '1.16-1+b1'}, {'action': 'install', 'id': '5439204', 'name': 'moon-buggy', 'url': ' ', 'version': '1:1.0.51-12'}, {'action': 'install', 'id': '5475369', 'name': 'asciijump', 'url': ' ', 'version': '::apt'}]&quot;, 'c8y_SoftwareUpdate': [{'name': 'asciijump', 'action': 'install', 'id': '5475369', 'version': '::apt', 'url': ' '}, {'name': 'robotfindskitten', 'action': 'install', 'id': '5474869', 'version': ' ', 'url': ' '}, {'name': 'squirrel3', 'action': 'install', 'id': '5475279', 'version': '3.1-7::apt', 'url': ' '}, {'name': 'rolldice', 'action': 'install', 'id': '5152439', 'version': '1.16-1+b1', 'url': ' '}, {'name': 'moon-buggy', 'action': 'install', 'id': '5439204', 'version': '1:1.0.51-12', 'url': ' '}, {'name': 'asciijump', 'action': 'install', 'id': '5475369', 'version': '::apt', 'url': ' '}]}
14:12:22 INFO  State of operation 20054967 : PENDING
14:12:25 INFO  State of operation 20054967 : EXECUTING
14:12:27 INFO  State of operation 20054967 : EXECUTING
14:12:29 INFO  State of operation 20054967 : EXECUTING
14:12:31 INFO  State of operation 20054967 : EXECUTING
14:12:34 INFO  State of operation 20054967 : EXECUTING
14:12:36 INFO  State of operation 20054967 : EXECUTING
14:12:39 INFO  State of operation 20054967 : EXECUTING
14:12:41 INFO  State of operation 20054967 : EXECUTING
14:12:44 INFO  State of operation 20054967 : EXECUTING
14:12:46 INFO  State of operation 20054967 : EXECUTING
14:12:48 INFO  State of operation 20054967 : EXECUTING
14:12:50 INFO  State of operation 20054967 : EXECUTING
14:12:53 INFO  State of operation 20054967 : EXECUTING
14:12:55 INFO  State of operation 20054967 : EXECUTING
14:12:57 INFO  State of operation 20054967 : EXECUTING
14:12:59 INFO  State of operation 20054967 : EXECUTING
14:13:02 INFO  State of operation 20054967 : EXECUTING
14:13:04 INFO  State of operation 20054967 : EXECUTING
14:13:07 INFO  State of operation 20054967 : EXECUTING
14:13:09 INFO  State of operation 20054967 : EXECUTING
14:13:11 INFO  State of operation 20054967 : EXECUTING
14:13:14 INFO  State of operation 20054967 : EXECUTING
14:13:16 INFO  State of operation 20054967 : EXECUTING
14:13:20 INFO  State of operation 20054967 : EXECUTING
14:13:22 INFO  State of operation 20054967 : EXECUTING
14:13:25 INFO  State of operation 20054967 : EXECUTING
14:13:27 INFO  State of operation 20054967 : EXECUTING
14:13:30 INFO  State of operation 20054967 : EXECUTING
14:13:32 INFO  State of operation 20054967 : EXECUTING
14:13:34 INFO  State of operation 20054967 : EXECUTING
14:13:37 INFO  State of operation 20054967 : EXECUTING
14:13:39 INFO  State of operation 20054967 : EXECUTING
14:13:41 INFO  State of operation 20054967 : EXECUTING
14:13:43 INFO  State of operation 20054967 : EXECUTING
14:13:46 INFO  State of operation 20054967 : EXECUTING
14:13:48 INFO  State of operation 20054967 : EXECUTING
14:13:50 INFO  State of operation 20054967 : EXECUTING
14:13:53 INFO  State of operation 20054967 : EXECUTING
14:13:56 INFO  State of operation 20054967 : EXECUTING
14:13:58 INFO  State of operation 20054967 : EXECUTING
14:14:00 INFO  State of operation 20054967 : EXECUTING
14:14:03 INFO  State of operation 20054967 : EXECUTING
14:14:05 INFO  State of operation 20054967 : EXECUTING
14:14:07 INFO  State of operation 20054967 : EXECUTING
14:14:09 INFO  State of operation 20054967 : EXECUTING
14:14:12 INFO  State of operation 20054967 : EXECUTING
14:14:14 INFO  State of operation 20054967 : EXECUTING
14:14:16 INFO  State of operation 20054967 : EXECUTING
14:14:20 INFO  State of operation 20054967 : EXECUTING
14:14:22 INFO  State of operation 20054967 : EXECUTING
14:14:24 INFO  State of operation 20054967 : EXECUTING
14:14:27 INFO  State of operation 20054967 : EXECUTING
14:14:29 INFO  State of operation 20054967 : EXECUTING
14:14:31 INFO  State of operation 20054967 : EXECUTING
14:14:33 INFO  State of operation 20054967 : EXECUTING
14:14:36 INFO  State of operation 20054967 : EXECUTING
14:14:38 INFO  State of operation 20054967 : EXECUTING
14:14:40 INFO  State of operation 20054967 : EXECUTING
14:14:43 INFO  State of operation 20054967 : EXECUTING
14:14:45 INFO  State of operation 20054967 : EXECUTING
14:14:47 WARN  SystemError occurred while running test - Timeout while waiting for status SUCCESSFUL or False
Traceback (most recent call last):
  File &quot;/home/pi/env-pysys/lib/python3.7/site-packages/pysys/baserunner.py&quot;, line 1294, in __call__
    self.testObj.execute()
  File &quot;/home/pi/actions-runner/_work/thin-edge.io/thin-edge.io/tests/PySys/software_management_end_to_end/sm_apt_install_remove_multiple_mixed/run.py&quot;, line 89, in execute
    self.wait_until_succcess()
  File &quot;/home/pi/actions-runner/_work/thin-edge.io/thin-edge.io/tests/PySys/software_management_end_to_end/environment_sm_management.py&quot;, line 324, in wait_until_succcess
    self.wait_until_status(&quot;SUCCESSFUL&quot;)
  File &quot;/home/pi/actions-runner/_work/thin-edge.io/thin-edge.io/tests/PySys/software_management_end_to_end/environment_sm_management.py&quot;, line 381, in wait_until_status
    &quot;Timeout while waiting for status %s or %s&quot; % (status, status2)
SystemError: Timeout while waiting for status SUCCESSFUL or False
14:14:47 WARN  SystemError: Timeout while waiting for status SUCCESSFUL or False ... blocked 
14:14:47 INFO  
14:14:47 INFO  cleanup:
14:14:52 INFO  Executed sudo&lt;tedge_disconnect_c8y&gt;, exit status 0
14:14:53 INFO  Executed systemctl&lt;serv_mapper5&gt;, exit status 3
14:14:53 INFO  
14:14:53 INFO  Test duration: 182.49 secs
14:14:53 INFO  Test final outcome:  BLOCKED
14:14:53 INFO  Test outcome reason: SystemError: Timeout while waiting for status SUCCESSFUL or False (+1 other failures)
14:14:53 INFO  
</system-out>
	</testcase>
</testsuite>
