<?xml version="1.0" encoding="utf-8"?>
<testsuite failures="1" name="SoftwareManagement.sm_apt_install_remove_multiple" skipped="0" tests="1" time="141.08" timestamp="2022-07-22T05:02:12">
	<testcase classname="PySysTest" name="SoftwareManagement.sm_apt_install_remove_multiple">
		<failure message="FAILED: Assert that (False == value) with value=True (+2 other failures)" type="FAILED"/>
		<system-out>04:59:51 INFO  ==============================================================
04:59:51 INFO  Id:    SoftwareManagement.sm_apt_install_remove_multiple
04:59:51 INFO  Dir:   software_management_end_to_end/
04:59:51 INFO  Title: Validate end to end behaviour for the apt plugin for multiple packages
04:59:51 INFO  ==============================================================
04:59:51 INFO  Using sw id database: {'asciijump': '5475369', 'robotfindskitten': '5474869', 'squirrel3': '5475279', 'rolldice': '5152439', 'moon-buggy': '5439204', 'apple': '5495053', 'banana': '5494888', 'cherry': '5495382', 'watermelon': '5494510', 'registry': '8018911', 'hello-world': '8021526', 'docker/getting-started': '8021973', 'alpine': '7991792'}
04:59:51 INFO  EnvironmentC8y Setup
04:59:52 INFO  Executed systemctl&lt;serv_mapper1&gt;, exit status 3
04:59:52 INFO  Restarting mosquitto too frequently in the last 10 seconds. It was only up for 5 seconds
04:59:52 INFO  Delaying execution by 6 seconds
05:00:12 INFO  Executed sudo&lt;tedge_connect_c8y&gt;, exit status 0, duration 13 secs
05:00:12 INFO  Executed sudo&lt;tedge_connect_c8y_test&gt;, exit status 0
05:00:13 INFO  Executed systemctl&lt;serv_mosq2&gt;, exit status 0
05:00:14 INFO  Executed systemctl&lt;serv_mapper3&gt;, exit status 0
05:00:16 INFO  State of current operation: FAILED
05:00:16 INFO  Assert that (False == value) with value=False ... passed
05:00:16 INFO  Package asciijump is installed
05:00:17 WARN  Assert that (False == value) with value=True ... failed 
05:00:17 INFO  Package squirrel3 is installed
05:00:17 WARN  Assert that (False == value) with value=True ... failed 
05:00:17 INFO  Package robotfindskitten is installed
05:00:17 WARN  Assert that (False == value) with value=True ... failed 
05:00:17 INFO  Response status: 201
05:00:17 INFO  Response to action: {
    &quot;creationTime&quot;: &quot;2022-07-22T05:00:17.722Z&quot;,
    &quot;deviceId&quot;: &quot;21231606&quot;,
    &quot;deviceName&quot;: &quot;m32sd10a&quot;,
    &quot;self&quot;: &quot;https://t493319102.eu-latest.cumulocity.com/devicecontrol/operations/21244249&quot;,
    &quot;id&quot;: &quot;21244249&quot;,
    &quot;status&quot;: &quot;PENDING&quot;,
    &quot;description&quot;: &quot;Apply software changes, triggered from PySys: [{'action': 'install', 'id': '5475369', 'name': 'asciijump', 'url': ' ', 'version': '::apt'}, {'action': 'install', 'id': '5474869', 'name': 'robotfindskitten', 'url': ' ', 'version': '::apt'}, {'action': 'install', 'id': '5475279', 'name': 'squirrel3', 'url': ' ', 'version': '::apt'}]&quot;,
    &quot;c8y_SoftwareUpdate&quot;: [
        {
            &quot;name&quot;: &quot;asciijump&quot;,
            &quot;action&quot;: &quot;install&quot;,
            &quot;id&quot;: &quot;5475369&quot;,
            &quot;version&quot;: &quot;::apt&quot;,
            &quot;url&quot;: &quot; &quot;
        },
        {
            &quot;name&quot;: &quot;robotfindskitten&quot;,
            &quot;action&quot;: &quot;install&quot;,
            &quot;id&quot;: &quot;5474869&quot;,
            &quot;version&quot;: &quot;::apt&quot;,
            &quot;url&quot;: &quot; &quot;
        },
        {
            &quot;name&quot;: &quot;squirrel3&quot;,
            &quot;action&quot;: &quot;install&quot;,
            &quot;id&quot;: &quot;5475279&quot;,
            &quot;version&quot;: &quot;::apt&quot;,
            &quot;url&quot;: &quot; &quot;
        }
    ]
}
05:00:17 INFO  Started operation: {'creationTime': '2022-07-22T05:00:17.722Z', 'deviceId': '21231606', 'deviceName': 'm32sd10a', 'self': 'https://t493319102.eu-latest.cumulocity.com/devicecontrol/operations/21244249', 'id': '21244249', 'status': 'PENDING', 'description': &quot;Apply software changes, triggered from PySys: [{'action': 'install', 'id': '5475369', 'name': 'asciijump', 'url': ' ', 'version': '::apt'}, {'action': 'install', 'id': '5474869', 'name': 'robotfindskitten', 'url': ' ', 'version': '::apt'}, {'action': 'install', 'id': '5475279', 'name': 'squirrel3', 'url': ' ', 'version': '::apt'}]&quot;, 'c8y_SoftwareUpdate': [{'name': 'asciijump', 'action': 'install', 'id': '5475369', 'version': '::apt', 'url': ' '}, {'name': 'robotfindskitten', 'action': 'install', 'id': '5474869', 'version': '::apt', 'url': ' '}, {'name': 'squirrel3', 'action': 'install', 'id': '5475279', 'version': '::apt', 'url': ' '}]}
05:00:20 INFO  State of operation 21244249 : PENDING
05:00:22 INFO  State of operation 21244249 : EXECUTING
05:00:24 INFO  State of operation 21244249 : EXECUTING
05:00:26 INFO  State of operation 21244249 : EXECUTING
05:00:28 INFO  State of operation 21244249 : EXECUTING
05:00:31 INFO  State of operation 21244249 : EXECUTING
05:00:33 INFO  State of operation 21244249 : EXECUTING
05:00:37 INFO  State of operation 21244249 : EXECUTING
05:00:40 INFO  State of operation 21244249 : EXECUTING
05:00:42 INFO  State of operation 21244249 : EXECUTING
05:00:44 INFO  State of operation 21244249 : EXECUTING
05:00:46 INFO  State of operation 21244249 : EXECUTING
05:00:48 INFO  State of operation 21244249 : EXECUTING
05:00:51 INFO  State of operation 21244249 : EXECUTING
05:00:53 INFO  State of operation 21244249 : EXECUTING
05:00:55 INFO  State of operation 21244249 : SUCCESSFUL
05:00:55 INFO  Assert that (False == value) with value=False ... passed
05:00:56 INFO  Package asciijump is installed
05:00:56 INFO  Assert that (True == value) with value=True ... passed
05:00:56 INFO  Package squirrel3 is installed
05:00:56 INFO  Assert that (True == value) with value=True ... passed
05:00:56 INFO  Package robotfindskitten is installed
05:00:56 INFO  Assert that (True == value) with value=True ... passed
05:00:56 INFO  Response status: 201
05:00:56 INFO  Response to action: {
    &quot;creationTime&quot;: &quot;2022-07-22T05:00:56.783Z&quot;,
    &quot;deviceId&quot;: &quot;21231606&quot;,
    &quot;deviceName&quot;: &quot;m32sd10a&quot;,
    &quot;self&quot;: &quot;https://t493319102.eu-latest.cumulocity.com/devicecontrol/operations/21244255&quot;,
    &quot;id&quot;: &quot;21244255&quot;,
    &quot;status&quot;: &quot;PENDING&quot;,
    &quot;description&quot;: &quot;Apply software changes, triggered from PySys: [{'action': 'delete', 'id': '5475369', 'name': 'asciijump', 'url': ' ', 'version': '::apt'}, {'action': 'delete', 'id': '5474869', 'name': 'robotfindskitten', 'url': ' ', 'version': '::apt'}, {'action': 'delete', 'id': '5475279', 'name': 'squirrel3', 'url': ' ', 'version': '::apt'}]&quot;,
    &quot;c8y_SoftwareUpdate&quot;: [
        {
            &quot;name&quot;: &quot;asciijump&quot;,
            &quot;action&quot;: &quot;delete&quot;,
            &quot;id&quot;: &quot;5475369&quot;,
            &quot;version&quot;: &quot;::apt&quot;,
            &quot;url&quot;: &quot; &quot;
        },
        {
            &quot;name&quot;: &quot;robotfindskitten&quot;,
            &quot;action&quot;: &quot;delete&quot;,
            &quot;id&quot;: &quot;5474869&quot;,
            &quot;version&quot;: &quot;::apt&quot;,
            &quot;url&quot;: &quot; &quot;
        },
        {
            &quot;name&quot;: &quot;squirrel3&quot;,
            &quot;action&quot;: &quot;delete&quot;,
            &quot;id&quot;: &quot;5475279&quot;,
            &quot;version&quot;: &quot;::apt&quot;,
            &quot;url&quot;: &quot; &quot;
        }
    ]
}
05:00:56 INFO  Started operation: {'creationTime': '2022-07-22T05:00:56.783Z', 'deviceId': '21231606', 'deviceName': 'm32sd10a', 'self': 'https://t493319102.eu-latest.cumulocity.com/devicecontrol/operations/21244255', 'id': '21244255', 'status': 'PENDING', 'description': &quot;Apply software changes, triggered from PySys: [{'action': 'delete', 'id': '5475369', 'name': 'asciijump', 'url': ' ', 'version': '::apt'}, {'action': 'delete', 'id': '5474869', 'name': 'robotfindskitten', 'url': ' ', 'version': '::apt'}, {'action': 'delete', 'id': '5475279', 'name': 'squirrel3', 'url': ' ', 'version': '::apt'}]&quot;, 'c8y_SoftwareUpdate': [{'name': 'asciijump', 'action': 'delete', 'id': '5475369', 'version': '::apt', 'url': ' '}, {'name': 'robotfindskitten', 'action': 'delete', 'id': '5474869', 'version': '::apt', 'url': ' '}, {'name': 'squirrel3', 'action': 'delete', 'id': '5475279', 'version': '::apt', 'url': ' '}]}
05:00:59 INFO  State of operation 21244255 : PENDING
05:01:01 INFO  State of operation 21244255 : EXECUTING
05:01:03 INFO  State of operation 21244255 : EXECUTING
05:01:05 INFO  State of operation 21244255 : EXECUTING
05:01:07 INFO  State of operation 21244255 : EXECUTING
05:01:10 INFO  State of operation 21244255 : EXECUTING
05:01:12 INFO  State of operation 21244255 : EXECUTING
05:01:15 INFO  State of operation 21244255 : EXECUTING
05:01:17 INFO  State of operation 21244255 : EXECUTING
05:01:20 INFO  State of operation 21244255 : EXECUTING
05:01:22 INFO  State of operation 21244255 : EXECUTING
05:01:24 INFO  State of operation 21244255 : EXECUTING
05:01:26 INFO  State of operation 21244255 : EXECUTING
05:01:29 INFO  State of operation 21244255 : EXECUTING
05:01:31 INFO  State of operation 21244255 : EXECUTING
05:01:33 INFO  State of operation 21244255 : EXECUTING
05:01:36 INFO  State of operation 21244255 : EXECUTING
05:01:38 INFO  State of operation 21244255 : EXECUTING
05:01:41 INFO  State of operation 21244255 : EXECUTING
05:01:43 INFO  State of operation 21244255 : EXECUTING
05:01:45 INFO  State of operation 21244255 : EXECUTING
05:01:48 INFO  State of operation 21244255 : EXECUTING
05:01:50 INFO  State of operation 21244255 : EXECUTING
05:01:52 INFO  State of operation 21244255 : EXECUTING
05:01:54 INFO  State of operation 21244255 : EXECUTING
05:01:57 INFO  State of operation 21244255 : EXECUTING
05:01:59 INFO  State of operation 21244255 : EXECUTING
05:02:02 INFO  State of operation 21244255 : EXECUTING
05:02:04 INFO  State of operation 21244255 : EXECUTING
05:02:06 INFO  State of operation 21244255 : SUCCESSFUL
05:02:07 INFO  Assert that (False == value) with value=False ... passed
05:02:07 INFO  Assert that (False == value) with value=False ... passed
05:02:07 INFO  Assert that (False == value) with value=False ... passed
05:02:07 INFO  Assert that (False == value) with value=False ... passed
05:02:07 INFO  
05:02:07 INFO  cleanup:
05:02:11 INFO  Executed sudo&lt;tedge_disconnect_c8y&gt;, exit status 0
05:02:12 INFO  Executed systemctl&lt;serv_mapper5&gt;, exit status 3
05:02:12 INFO  
05:02:12 INFO  Test duration: 141.08 secs
05:02:12 INFO  Test final outcome:  FAILED
05:02:12 INFO  Test outcome reason: Assert that (False == value) with value=True (+2 other failures)
05:02:12 INFO  
</system-out>
	</testcase>
</testsuite>
