<?xml version="1.0" encoding="utf-8"?>
<testsuite failures="0" name="SoftwareManagement.sm_fake_install_remove_multiple" skipped="0" tests="1" time="48.44" timestamp="2022-06-07T12:46:54">
	<testcase classname="PySysTest" name="SoftwareManagement.sm_fake_install_remove_multiple"/>
</testsuite>
