<?xml version="1.0" encoding="utf-8"?>
<testsuite failures="1" name="SoftwareManagement.sm_mixed_install_remove_multiple" skipped="0" tests="1" time="162.27" timestamp="2022-07-21T21:20:46">
	<testcase classname="PySysTest" name="SoftwareManagement.sm_mixed_install_remove_multiple">
		<failure message="FAILED: Assert that (False == value) with value=True" type="FAILED"/>
		<system-out>21:18:03 INFO  ==============================================================
21:18:03 INFO  Id:    SoftwareManagement.sm_mixed_install_remove_multiple
21:18:03 INFO  Dir:   software_management_end_to_end/
21:18:03 INFO  Title: Validate end to end behaviour for the dummy-plugin for multiple packages with mixed versions
21:18:03 INFO  ==============================================================
21:18:03 INFO  Using sw id database: {'asciijump': '5475369', 'robotfindskitten': '5474869', 'squirrel3': '5475279', 'rolldice': '5152439', 'moon-buggy': '5439204', 'apple': '5495053', 'banana': '5494888', 'cherry': '5495382', 'watermelon': '5494510', 'registry': '8018911', 'hello-world': '8021526', 'docker/getting-started': '8021973', 'alpine': '7991792'}
21:18:03 INFO  EnvironmentC8y Setup
21:18:04 INFO  Executed systemctl&lt;serv_mapper1&gt;, exit status 3
21:18:04 INFO  Restarting mosquitto too frequently in the last 10 seconds. It was only up for 5 seconds
21:18:04 INFO  Delaying execution by 6 seconds
21:18:24 INFO  Executed sudo&lt;tedge_connect_c8y&gt;, exit status 0, duration 13 secs
21:18:25 INFO  Executed sudo&lt;tedge_connect_c8y_test&gt;, exit status 0
21:18:25 INFO  Executed systemctl&lt;serv_mosq2&gt;, exit status 0
21:18:26 INFO  Executed systemctl&lt;serv_mapper3&gt;, exit status 0
21:18:28 INFO  State of current operation: SUCCESSFUL
21:18:28 INFO  Package apple is installed
21:18:28 INFO  Assert that (True == value) with value=True ... passed
21:18:28 INFO  Package banana is installed
21:18:28 INFO  Assert that (True == value) with value=True ... passed
21:18:29 INFO  Package cherry is installed
21:18:29 INFO  Assert that (True == value) with value=True ... passed
21:18:29 INFO  Package asciijump is installed
21:18:29 WARN  Assert that (False == value) with value=True ... failed 
21:18:29 INFO  Assert that (False == value) with value=False ... passed
21:18:29 INFO  Response status: 201
21:18:29 INFO  Response to action: {
    &quot;creationTime&quot;: &quot;2022-07-21T21:18:29.744Z&quot;,
    &quot;deviceId&quot;: &quot;21164556&quot;,
    &quot;deviceName&quot;: &quot;m32sd10a&quot;,
    &quot;self&quot;: &quot;https://t493319102.eu-latest.cumulocity.com/devicecontrol/operations/21190201&quot;,
    &quot;id&quot;: &quot;21190201&quot;,
    &quot;status&quot;: &quot;PENDING&quot;,
    &quot;description&quot;: &quot;Apply software changes, triggered from PySys: [{'action': 'install', 'id': '5495053', 'name': 'apple', 'url': ' ', 'version': '::fruits'}, {'action': 'install', 'id': '5494888', 'name': 'banana', 'url': ' ', 'version': '::fruits'}, {'action': 'install', 'id': '5475369', 'name': 'asciijump', 'url': ' ', 'version': '::apt'}, {'action': 'install', 'id': '5495382', 'name': 'cherry', 'url': ' ', 'version': '::fruits'}, {'action': 'install', 'id': '8018911', 'name': 'registry', 'url': ' ', 'version': '::docker'}]&quot;,
    &quot;c8y_SoftwareUpdate&quot;: [
        {
            &quot;name&quot;: &quot;apple&quot;,
            &quot;action&quot;: &quot;install&quot;,
            &quot;id&quot;: &quot;5495053&quot;,
            &quot;version&quot;: &quot;::fruits&quot;,
            &quot;url&quot;: &quot; &quot;
        },
        {
            &quot;name&quot;: &quot;banana&quot;,
            &quot;action&quot;: &quot;install&quot;,
            &quot;id&quot;: &quot;5494888&quot;,
            &quot;version&quot;: &quot;::fruits&quot;,
            &quot;url&quot;: &quot; &quot;
        },
        {
            &quot;name&quot;: &quot;asciijump&quot;,
            &quot;action&quot;: &quot;install&quot;,
            &quot;id&quot;: &quot;5475369&quot;,
            &quot;version&quot;: &quot;::apt&quot;,
            &quot;url&quot;: &quot; &quot;
        },
        {
            &quot;name&quot;: &quot;cherry&quot;,
            &quot;action&quot;: &quot;install&quot;,
            &quot;id&quot;: &quot;5495382&quot;,
            &quot;version&quot;: &quot;::fruits&quot;,
            &quot;url&quot;: &quot; &quot;
        },
        {
            &quot;name&quot;: &quot;registry&quot;,
            &quot;action&quot;: &quot;install&quot;,
            &quot;id&quot;: &quot;8018911&quot;,
            &quot;version&quot;: &quot;::docker&quot;,
            &quot;url&quot;: &quot; &quot;
        }
    ]
}
21:18:29 INFO  Started operation: {'creationTime': '2022-07-21T21:18:29.744Z', 'deviceId': '21164556', 'deviceName': 'm32sd10a', 'self': 'https://t493319102.eu-latest.cumulocity.com/devicecontrol/operations/21190201', 'id': '21190201', 'status': 'PENDING', 'description': &quot;Apply software changes, triggered from PySys: [{'action': 'install', 'id': '5495053', 'name': 'apple', 'url': ' ', 'version': '::fruits'}, {'action': 'install', 'id': '5494888', 'name': 'banana', 'url': ' ', 'version': '::fruits'}, {'action': 'install', 'id': '5475369', 'name': 'asciijump', 'url': ' ', 'version': '::apt'}, {'action': 'install', 'id': '5495382', 'name': 'cherry', 'url': ' ', 'version': '::fruits'}, {'action': 'install', 'id': '8018911', 'name': 'registry', 'url': ' ', 'version': '::docker'}]&quot;, 'c8y_SoftwareUpdate': [{'name': 'apple', 'action': 'install', 'id': '5495053', 'version': '::fruits', 'url': ' '}, {'name': 'banana', 'action': 'install', 'id': '5494888', 'version': '::fruits', 'url': ' '}, {'name': 'asciijump', 'action': 'install', 'id': '5475369', 'version': '::apt', 'url': ' '}, {'name': 'cherry', 'action': 'install', 'id': '5495382', 'version': '::fruits', 'url': ' '}, {'name': 'registry', 'action': 'install', 'id': '8018911', 'version': '::docker', 'url': ' '}]}
21:18:32 INFO  State of operation 21190201 : PENDING
21:18:34 INFO  State of operation 21190201 : EXECUTING
21:18:36 INFO  State of operation 21190201 : EXECUTING
21:18:38 INFO  State of operation 21190201 : EXECUTING
21:18:40 INFO  State of operation 21190201 : EXECUTING
21:18:43 INFO  State of operation 21190201 : EXECUTING
21:18:45 INFO  State of operation 21190201 : EXECUTING
21:18:48 INFO  State of operation 21190201 : EXECUTING
21:18:50 INFO  State of operation 21190201 : EXECUTING
21:18:53 INFO  State of operation 21190201 : EXECUTING
21:18:55 INFO  State of operation 21190201 : EXECUTING
21:18:57 INFO  State of operation 21190201 : EXECUTING
21:18:59 INFO  State of operation 21190201 : EXECUTING
21:19:02 INFO  State of operation 21190201 : EXECUTING
21:19:04 INFO  State of operation 21190201 : EXECUTING
21:19:06 INFO  State of operation 21190201 : EXECUTING
21:19:08 INFO  State of operation 21190201 : EXECUTING
21:19:10 INFO  State of operation 21190201 : EXECUTING
21:19:13 INFO  State of operation 21190201 : EXECUTING
21:19:15 INFO  State of operation 21190201 : EXECUTING
21:19:17 INFO  State of operation 21190201 : EXECUTING
21:19:19 INFO  State of operation 21190201 : EXECUTING
21:19:22 INFO  State of operation 21190201 : EXECUTING
21:19:24 INFO  State of operation 21190201 : EXECUTING
21:19:26 INFO  State of operation 21190201 : EXECUTING
21:19:28 INFO  State of operation 21190201 : SUCCESSFUL
21:19:29 INFO  Package apple is installed
21:19:29 INFO  Assert that (True == value) with value=True ... passed
21:19:29 INFO  Package banana is installed
21:19:29 INFO  Assert that (True == value) with value=True ... passed
21:19:29 INFO  Package cherry is installed
21:19:29 INFO  Assert that (True == value) with value=True ... passed
21:19:29 INFO  Package asciijump is installed
21:19:29 INFO  Assert that (True == value) with value=True ... passed
21:19:30 INFO  Package registry is installed
21:19:30 INFO  Assert that (True == value) with value=True ... passed
21:19:30 INFO  Response status: 201
21:19:30 INFO  Response to action: {
    &quot;creationTime&quot;: &quot;2022-07-21T21:19:30.214Z&quot;,
    &quot;deviceId&quot;: &quot;21164556&quot;,
    &quot;deviceName&quot;: &quot;m32sd10a&quot;,
    &quot;self&quot;: &quot;https://t493319102.eu-latest.cumulocity.com/devicecontrol/operations/21190609&quot;,
    &quot;id&quot;: &quot;21190609&quot;,
    &quot;status&quot;: &quot;PENDING&quot;,
    &quot;description&quot;: &quot;Apply software changes, triggered from PySys: [{'action': 'delete', 'id': '5495053', 'name': 'apple', 'url': ' ', 'version': '::fruits'}, {'action': 'delete', 'id': '5494888', 'name': 'banana', 'url': ' ', 'version': '::fruits'}, {'action': 'delete', 'id': '5475369', 'name': 'asciijump', 'url': ' ', 'version': '::apt'}, {'action': 'delete', 'id': '5495382', 'name': 'cherry', 'url': ' ', 'version': '::fruits'}, {'action': 'delete', 'id': '8018911', 'name': 'registry', 'url': ' ', 'version': '::docker'}]&quot;,
    &quot;c8y_SoftwareUpdate&quot;: [
        {
            &quot;name&quot;: &quot;apple&quot;,
            &quot;action&quot;: &quot;delete&quot;,
            &quot;id&quot;: &quot;5495053&quot;,
            &quot;version&quot;: &quot;::fruits&quot;,
            &quot;url&quot;: &quot; &quot;
        },
        {
            &quot;name&quot;: &quot;banana&quot;,
            &quot;action&quot;: &quot;delete&quot;,
            &quot;id&quot;: &quot;5494888&quot;,
            &quot;version&quot;: &quot;::fruits&quot;,
            &quot;url&quot;: &quot; &quot;
        },
        {
            &quot;name&quot;: &quot;asciijump&quot;,
            &quot;action&quot;: &quot;delete&quot;,
            &quot;id&quot;: &quot;5475369&quot;,
            &quot;version&quot;: &quot;::apt&quot;,
            &quot;url&quot;: &quot; &quot;
        },
        {
            &quot;name&quot;: &quot;cherry&quot;,
            &quot;action&quot;: &quot;delete&quot;,
            &quot;id&quot;: &quot;5495382&quot;,
            &quot;version&quot;: &quot;::fruits&quot;,
            &quot;url&quot;: &quot; &quot;
        },
        {
            &quot;name&quot;: &quot;registry&quot;,
            &quot;action&quot;: &quot;delete&quot;,
            &quot;id&quot;: &quot;8018911&quot;,
            &quot;version&quot;: &quot;::docker&quot;,
            &quot;url&quot;: &quot; &quot;
        }
    ]
}
21:19:30 INFO  Started operation: {'creationTime': '2022-07-21T21:19:30.214Z', 'deviceId': '21164556', 'deviceName': 'm32sd10a', 'self': 'https://t493319102.eu-latest.cumulocity.com/devicecontrol/operations/21190609', 'id': '21190609', 'status': 'PENDING', 'description': &quot;Apply software changes, triggered from PySys: [{'action': 'delete', 'id': '5495053', 'name': 'apple', 'url': ' ', 'version': '::fruits'}, {'action': 'delete', 'id': '5494888', 'name': 'banana', 'url': ' ', 'version': '::fruits'}, {'action': 'delete', 'id': '5475369', 'name': 'asciijump', 'url': ' ', 'version': '::apt'}, {'action': 'delete', 'id': '5495382', 'name': 'cherry', 'url': ' ', 'version': '::fruits'}, {'action': 'delete', 'id': '8018911', 'name': 'registry', 'url': ' ', 'version': '::docker'}]&quot;, 'c8y_SoftwareUpdate': [{'name': 'apple', 'action': 'delete', 'id': '5495053', 'version': '::fruits', 'url': ' '}, {'name': 'banana', 'action': 'delete', 'id': '5494888', 'version': '::fruits', 'url': ' '}, {'name': 'asciijump', 'action': 'delete', 'id': '5475369', 'version': '::apt', 'url': ' '}, {'name': 'cherry', 'action': 'delete', 'id': '5495382', 'version': '::fruits', 'url': ' '}, {'name': 'registry', 'action': 'delete', 'id': '8018911', 'version': '::docker', 'url': ' '}]}
21:19:32 INFO  State of operation 21190609 : PENDING
21:19:34 INFO  State of operation 21190609 : EXECUTING
21:19:36 INFO  State of operation 21190609 : EXECUTING
21:19:39 INFO  State of operation 21190609 : EXECUTING
21:19:41 INFO  State of operation 21190609 : EXECUTING
21:19:43 INFO  State of operation 21190609 : EXECUTING
21:19:46 INFO  State of operation 21190609 : EXECUTING
21:19:48 INFO  State of operation 21190609 : EXECUTING
21:19:51 INFO  State of operation 21190609 : EXECUTING
21:19:53 INFO  State of operation 21190609 : EXECUTING
21:19:55 INFO  State of operation 21190609 : EXECUTING
21:19:58 INFO  State of operation 21190609 : EXECUTING
21:20:00 INFO  State of operation 21190609 : EXECUTING
21:20:02 INFO  State of operation 21190609 : EXECUTING
21:20:04 INFO  State of operation 21190609 : EXECUTING
21:20:07 INFO  State of operation 21190609 : EXECUTING
21:20:10 INFO  State of operation 21190609 : EXECUTING
21:20:12 INFO  State of operation 21190609 : EXECUTING
21:20:15 INFO  State of operation 21190609 : EXECUTING
21:20:17 INFO  State of operation 21190609 : EXECUTING
21:20:19 INFO  State of operation 21190609 : EXECUTING
21:20:21 INFO  State of operation 21190609 : EXECUTING
21:20:23 INFO  State of operation 21190609 : EXECUTING
21:20:26 INFO  State of operation 21190609 : EXECUTING
21:20:28 INFO  State of operation 21190609 : EXECUTING
21:20:31 INFO  State of operation 21190609 : EXECUTING
21:20:33 INFO  State of operation 21190609 : EXECUTING
21:20:35 INFO  State of operation 21190609 : EXECUTING
21:20:38 INFO  State of operation 21190609 : EXECUTING
21:20:40 INFO  State of operation 21190609 : SUCCESSFUL
21:20:40 INFO  Package apple is installed
21:20:40 INFO  Assert that (True == value) with value=True ... passed
21:20:40 INFO  Package banana is installed
21:20:40 INFO  Assert that (True == value) with value=True ... passed
21:20:41 INFO  Package cherry is installed
21:20:41 INFO  Assert that (True == value) with value=True ... passed
21:20:41 INFO  Assert that (False == value) with value=False ... passed
21:20:41 INFO  Assert that (False == value) with value=False ... passed
21:20:41 INFO  
21:20:41 INFO  cleanup:
21:20:45 INFO  Executed sudo&lt;tedge_disconnect_c8y&gt;, exit status 0
21:20:46 INFO  Executed systemctl&lt;serv_mapper5&gt;, exit status 3
21:20:46 INFO  
21:20:46 INFO  Test duration: 162.27 secs
21:20:46 INFO  Test final outcome:  FAILED
21:20:46 INFO  Test outcome reason: Assert that (False == value) with value=True
21:20:46 INFO  
</system-out>
	</testcase>
</testsuite>
