<?xml version="1.0" encoding="utf-8"?>
<testsuite failures="1" name="SoftwareManagement.sm_apt_install_remove_multiple" skipped="0" tests="1" time="137.46" timestamp="2022-07-16T18:27:08">
	<testcase classname="PySysTest" name="SoftwareManagement.sm_apt_install_remove_multiple">
		<failure message="FAILED: Assert that (False == value) with value=True (+2 other failures)" type="FAILED"/>
		<system-out>18:24:50 INFO  ==============================================================
18:24:50 INFO  Id:    SoftwareManagement.sm_apt_install_remove_multiple
18:24:50 INFO  Dir:   software_management_end_to_end/
18:24:50 INFO  Title: Validate end to end behaviour for the apt plugin for multiple packages
18:24:50 INFO  ==============================================================
18:24:51 INFO  Using sw id database: {'asciijump': '5475369', 'robotfindskitten': '5474869', 'squirrel3': '5475279', 'rolldice': '5152439', 'moon-buggy': '5439204', 'apple': '5495053', 'banana': '5494888', 'cherry': '5495382', 'watermelon': '5494510', 'registry': '8018911', 'hello-world': '8021526', 'docker/getting-started': '8021973', 'alpine': '7991792'}
18:24:51 INFO  EnvironmentC8y Setup
18:24:51 INFO  Executed systemctl&lt;serv_mapper1&gt;, exit status 3
18:24:51 INFO  Restarting mosquitto too frequently in the last 10 seconds. It was only up for 5 seconds
18:24:51 INFO  Delaying execution by 6 seconds
18:25:11 INFO  Executed sudo&lt;tedge_connect_c8y&gt;, exit status 0, duration 14 secs
18:25:12 INFO  Executed sudo&lt;tedge_connect_c8y_test&gt;, exit status 0
18:25:13 INFO  Executed systemctl&lt;serv_mosq2&gt;, exit status 0
18:25:13 INFO  Executed systemctl&lt;serv_mapper3&gt;, exit status 0
18:25:15 INFO  State of current operation: SUCCESSFUL
18:25:16 INFO  Assert that (False == value) with value=False ... passed
18:25:16 INFO  Package asciijump is installed
18:25:16 WARN  Assert that (False == value) with value=True ... failed 
18:25:16 INFO  Package squirrel3 is installed
18:25:16 WARN  Assert that (False == value) with value=True ... failed 
18:25:17 INFO  Package robotfindskitten is installed
18:25:17 WARN  Assert that (False == value) with value=True ... failed 
18:25:17 INFO  Response status: 201
18:25:17 INFO  Response to action: {
    &quot;creationTime&quot;: &quot;2022-07-16T18:25:17.427Z&quot;,
    &quot;deviceName&quot;: &quot;m32sd10a&quot;,
    &quot;deviceId&quot;: &quot;20961415&quot;,
    &quot;self&quot;: &quot;https://t493319102.eu-latest.cumulocity.com/devicecontrol/operations/20974351&quot;,
    &quot;id&quot;: &quot;20974351&quot;,
    &quot;status&quot;: &quot;PENDING&quot;,
    &quot;description&quot;: &quot;Apply software changes, triggered from PySys: [{'action': 'install', 'id': '5475369', 'name': 'asciijump', 'url': ' ', 'version': '::apt'}, {'action': 'install', 'id': '5474869', 'name': 'robotfindskitten', 'url': ' ', 'version': '::apt'}, {'action': 'install', 'id': '5475279', 'name': 'squirrel3', 'url': ' ', 'version': '::apt'}]&quot;,
    &quot;c8y_SoftwareUpdate&quot;: [
        {
            &quot;name&quot;: &quot;asciijump&quot;,
            &quot;action&quot;: &quot;install&quot;,
            &quot;id&quot;: &quot;5475369&quot;,
            &quot;version&quot;: &quot;::apt&quot;,
            &quot;url&quot;: &quot; &quot;
        },
        {
            &quot;name&quot;: &quot;robotfindskitten&quot;,
            &quot;action&quot;: &quot;install&quot;,
            &quot;id&quot;: &quot;5474869&quot;,
            &quot;version&quot;: &quot;::apt&quot;,
            &quot;url&quot;: &quot; &quot;
        },
        {
            &quot;name&quot;: &quot;squirrel3&quot;,
            &quot;action&quot;: &quot;install&quot;,
            &quot;id&quot;: &quot;5475279&quot;,
            &quot;version&quot;: &quot;::apt&quot;,
            &quot;url&quot;: &quot; &quot;
        }
    ]
}
18:25:17 INFO  Started operation: {'creationTime': '2022-07-16T18:25:17.427Z', 'deviceName': 'm32sd10a', 'deviceId': '20961415', 'self': 'https://t493319102.eu-latest.cumulocity.com/devicecontrol/operations/20974351', 'id': '20974351', 'status': 'PENDING', 'description': &quot;Apply software changes, triggered from PySys: [{'action': 'install', 'id': '5475369', 'name': 'asciijump', 'url': ' ', 'version': '::apt'}, {'action': 'install', 'id': '5474869', 'name': 'robotfindskitten', 'url': ' ', 'version': '::apt'}, {'action': 'install', 'id': '5475279', 'name': 'squirrel3', 'url': ' ', 'version': '::apt'}]&quot;, 'c8y_SoftwareUpdate': [{'name': 'asciijump', 'action': 'install', 'id': '5475369', 'version': '::apt', 'url': ' '}, {'name': 'robotfindskitten', 'action': 'install', 'id': '5474869', 'version': '::apt', 'url': ' '}, {'name': 'squirrel3', 'action': 'install', 'id': '5475279', 'version': '::apt', 'url': ' '}]}
18:25:19 INFO  State of operation 20974351 : PENDING
18:25:21 INFO  State of operation 20974351 : EXECUTING
18:25:24 INFO  State of operation 20974351 : EXECUTING
18:25:26 INFO  State of operation 20974351 : EXECUTING
18:25:28 INFO  State of operation 20974351 : EXECUTING
18:25:30 INFO  State of operation 20974351 : EXECUTING
18:25:33 INFO  State of operation 20974351 : EXECUTING
18:25:36 INFO  State of operation 20974351 : EXECUTING
18:25:38 INFO  State of operation 20974351 : EXECUTING
18:25:40 INFO  State of operation 20974351 : EXECUTING
18:25:42 INFO  State of operation 20974351 : EXECUTING
18:25:45 INFO  State of operation 20974351 : EXECUTING
18:25:47 INFO  State of operation 20974351 : EXECUTING
18:25:49 INFO  State of operation 20974351 : EXECUTING
18:25:51 INFO  State of operation 20974351 : EXECUTING
18:25:54 INFO  State of operation 20974351 : SUCCESSFUL
18:25:54 INFO  Assert that (False == value) with value=False ... passed
18:25:54 INFO  Package asciijump is installed
18:25:54 INFO  Assert that (True == value) with value=True ... passed
18:25:54 INFO  Package squirrel3 is installed
18:25:54 INFO  Assert that (True == value) with value=True ... passed
18:25:55 INFO  Package robotfindskitten is installed
18:25:55 INFO  Assert that (True == value) with value=True ... passed
18:25:55 INFO  Response status: 201
18:25:55 INFO  Response to action: {
    &quot;creationTime&quot;: &quot;2022-07-16T18:25:55.204Z&quot;,
    &quot;deviceName&quot;: &quot;m32sd10a&quot;,
    &quot;deviceId&quot;: &quot;20961415&quot;,
    &quot;self&quot;: &quot;https://t493319102.eu-latest.cumulocity.com/devicecontrol/operations/20974366&quot;,
    &quot;id&quot;: &quot;20974366&quot;,
    &quot;status&quot;: &quot;PENDING&quot;,
    &quot;description&quot;: &quot;Apply software changes, triggered from PySys: [{'action': 'delete', 'id': '5475369', 'name': 'asciijump', 'url': ' ', 'version': '::apt'}, {'action': 'delete', 'id': '5474869', 'name': 'robotfindskitten', 'url': ' ', 'version': '::apt'}, {'action': 'delete', 'id': '5475279', 'name': 'squirrel3', 'url': ' ', 'version': '::apt'}]&quot;,
    &quot;c8y_SoftwareUpdate&quot;: [
        {
            &quot;name&quot;: &quot;asciijump&quot;,
            &quot;action&quot;: &quot;delete&quot;,
            &quot;id&quot;: &quot;5475369&quot;,
            &quot;version&quot;: &quot;::apt&quot;,
            &quot;url&quot;: &quot; &quot;
        },
        {
            &quot;name&quot;: &quot;robotfindskitten&quot;,
            &quot;action&quot;: &quot;delete&quot;,
            &quot;id&quot;: &quot;5474869&quot;,
            &quot;version&quot;: &quot;::apt&quot;,
            &quot;url&quot;: &quot; &quot;
        },
        {
            &quot;name&quot;: &quot;squirrel3&quot;,
            &quot;action&quot;: &quot;delete&quot;,
            &quot;id&quot;: &quot;5475279&quot;,
            &quot;version&quot;: &quot;::apt&quot;,
            &quot;url&quot;: &quot; &quot;
        }
    ]
}
18:25:55 INFO  Started operation: {'creationTime': '2022-07-16T18:25:55.204Z', 'deviceName': 'm32sd10a', 'deviceId': '20961415', 'self': 'https://t493319102.eu-latest.cumulocity.com/devicecontrol/operations/20974366', 'id': '20974366', 'status': 'PENDING', 'description': &quot;Apply software changes, triggered from PySys: [{'action': 'delete', 'id': '5475369', 'name': 'asciijump', 'url': ' ', 'version': '::apt'}, {'action': 'delete', 'id': '5474869', 'name': 'robotfindskitten', 'url': ' ', 'version': '::apt'}, {'action': 'delete', 'id': '5475279', 'name': 'squirrel3', 'url': ' ', 'version': '::apt'}]&quot;, 'c8y_SoftwareUpdate': [{'name': 'asciijump', 'action': 'delete', 'id': '5475369', 'version': '::apt', 'url': ' '}, {'name': 'robotfindskitten', 'action': 'delete', 'id': '5474869', 'version': '::apt', 'url': ' '}, {'name': 'squirrel3', 'action': 'delete', 'id': '5475279', 'version': '::apt', 'url': ' '}]}
18:25:57 INFO  State of operation 20974366 : PENDING
18:25:59 INFO  State of operation 20974366 : EXECUTING
18:26:01 INFO  State of operation 20974366 : EXECUTING
18:26:04 INFO  State of operation 20974366 : EXECUTING
18:26:06 INFO  State of operation 20974366 : EXECUTING
18:26:08 INFO  State of operation 20974366 : EXECUTING
18:26:11 INFO  State of operation 20974366 : EXECUTING
18:26:14 INFO  State of operation 20974366 : EXECUTING
18:26:16 INFO  State of operation 20974366 : EXECUTING
18:26:18 INFO  State of operation 20974366 : EXECUTING
18:26:21 INFO  State of operation 20974366 : EXECUTING
18:26:23 INFO  State of operation 20974366 : EXECUTING
18:26:25 INFO  State of operation 20974366 : EXECUTING
18:26:27 INFO  State of operation 20974366 : EXECUTING
18:26:29 INFO  State of operation 20974366 : EXECUTING
18:26:32 INFO  State of operation 20974366 : EXECUTING
18:26:34 INFO  State of operation 20974366 : EXECUTING
18:26:36 INFO  State of operation 20974366 : EXECUTING
18:26:39 INFO  State of operation 20974366 : EXECUTING
18:26:41 INFO  State of operation 20974366 : EXECUTING
18:26:44 INFO  State of operation 20974366 : EXECUTING
18:26:46 INFO  State of operation 20974366 : EXECUTING
18:26:48 INFO  State of operation 20974366 : EXECUTING
18:26:50 INFO  State of operation 20974366 : EXECUTING
18:26:53 INFO  State of operation 20974366 : EXECUTING
18:26:55 INFO  State of operation 20974366 : EXECUTING
18:26:58 INFO  State of operation 20974366 : EXECUTING
18:27:00 INFO  State of operation 20974366 : EXECUTING
18:27:02 INFO  State of operation 20974366 : SUCCESSFUL
18:27:02 INFO  Assert that (False == value) with value=False ... passed
18:27:03 INFO  Assert that (False == value) with value=False ... passed
18:27:03 INFO  Assert that (False == value) with value=False ... passed
18:27:03 INFO  Assert that (False == value) with value=False ... passed
18:27:03 INFO  
18:27:03 INFO  cleanup:
18:27:07 INFO  Executed sudo&lt;tedge_disconnect_c8y&gt;, exit status 0
18:27:08 INFO  Executed systemctl&lt;serv_mapper5&gt;, exit status 3
18:27:08 INFO  
18:27:08 INFO  Test duration: 137.46 secs
18:27:08 INFO  Test final outcome:  FAILED
18:27:08 INFO  Test outcome reason: Assert that (False == value) with value=True (+2 other failures)
18:27:08 INFO  
</system-out>
	</testcase>
</testsuite>
