<?xml version="1.0" encoding="utf-8"?>
<testsuite failures="1" name="SoftwareManagement.sm_mixed_install_remove_multiple" skipped="0" tests="1" time="172.42" timestamp="2022-07-16T12:58:51">
	<testcase classname="PySysTest" name="SoftwareManagement.sm_mixed_install_remove_multiple">
		<failure message="FAILED: Assert that (False == value) with value=True" type="FAILED"/>
		<system-out>12:55:58 INFO  ==============================================================
12:55:58 INFO  Id:    SoftwareManagement.sm_mixed_install_remove_multiple
12:55:58 INFO  Dir:   software_management_end_to_end/
12:55:58 INFO  Title: Validate end to end behaviour for the dummy-plugin for multiple packages with mixed versions
12:55:58 INFO  ==============================================================
12:55:58 INFO  Using sw id database: {'asciijump': '5475369', 'robotfindskitten': '5474869', 'squirrel3': '5475279', 'rolldice': '5152439', 'moon-buggy': '5439204', 'apple': '5495053', 'banana': '5494888', 'cherry': '5495382', 'watermelon': '5494510', 'registry': '8018911', 'hello-world': '8021526', 'docker/getting-started': '8021973', 'alpine': '7991792'}
12:55:58 INFO  EnvironmentC8y Setup
12:55:59 INFO  Executed systemctl&lt;serv_mapper1&gt;, exit status 3
12:55:59 INFO  Restarting mosquitto too frequently in the last 10 seconds. It was only up for 5 seconds
12:55:59 INFO  Delaying execution by 6 seconds
12:56:21 INFO  Executed sudo&lt;tedge_connect_c8y&gt;, exit status 0, duration 15 secs
12:56:22 INFO  Executed sudo&lt;tedge_connect_c8y_test&gt;, exit status 0
12:56:22 INFO  Executed systemctl&lt;serv_mosq2&gt;, exit status 0
12:56:23 INFO  Executed systemctl&lt;serv_mapper3&gt;, exit status 0
12:56:25 INFO  State of current operation: SUCCESSFUL
12:56:25 INFO  Package apple is installed
12:56:25 INFO  Assert that (True == value) with value=True ... passed
12:56:25 INFO  Package banana is installed
12:56:25 INFO  Assert that (True == value) with value=True ... passed
12:56:26 INFO  Package cherry is installed
12:56:26 INFO  Assert that (True == value) with value=True ... passed
12:56:26 INFO  Package asciijump is installed
12:56:26 WARN  Assert that (False == value) with value=True ... failed 
12:56:26 INFO  Assert that (False == value) with value=False ... passed
12:56:27 INFO  Response status: 201
12:56:27 INFO  Response to action: {
    &quot;creationTime&quot;: &quot;2022-07-16T12:56:27.167Z&quot;,
    &quot;deviceName&quot;: &quot;m32sd10a&quot;,
    &quot;deviceId&quot;: &quot;20928064&quot;,
    &quot;self&quot;: &quot;https://t493319102.eu-latest.cumulocity.com/devicecontrol/operations/20961407&quot;,
    &quot;id&quot;: &quot;20961407&quot;,
    &quot;status&quot;: &quot;PENDING&quot;,
    &quot;description&quot;: &quot;Apply software changes, triggered from PySys: [{'action': 'install', 'id': '5495053', 'name': 'apple', 'url': ' ', 'version': '::fruits'}, {'action': 'install', 'id': '5494888', 'name': 'banana', 'url': ' ', 'version': '::fruits'}, {'action': 'install', 'id': '5475369', 'name': 'asciijump', 'url': ' ', 'version': '::apt'}, {'action': 'install', 'id': '5495382', 'name': 'cherry', 'url': ' ', 'version': '::fruits'}, {'action': 'install', 'id': '8018911', 'name': 'registry', 'url': ' ', 'version': '::docker'}]&quot;,
    &quot;c8y_SoftwareUpdate&quot;: [
        {
            &quot;name&quot;: &quot;apple&quot;,
            &quot;action&quot;: &quot;install&quot;,
            &quot;id&quot;: &quot;5495053&quot;,
            &quot;version&quot;: &quot;::fruits&quot;,
            &quot;url&quot;: &quot; &quot;
        },
        {
            &quot;name&quot;: &quot;banana&quot;,
            &quot;action&quot;: &quot;install&quot;,
            &quot;id&quot;: &quot;5494888&quot;,
            &quot;version&quot;: &quot;::fruits&quot;,
            &quot;url&quot;: &quot; &quot;
        },
        {
            &quot;name&quot;: &quot;asciijump&quot;,
            &quot;action&quot;: &quot;install&quot;,
            &quot;id&quot;: &quot;5475369&quot;,
            &quot;version&quot;: &quot;::apt&quot;,
            &quot;url&quot;: &quot; &quot;
        },
        {
            &quot;name&quot;: &quot;cherry&quot;,
            &quot;action&quot;: &quot;install&quot;,
            &quot;id&quot;: &quot;5495382&quot;,
            &quot;version&quot;: &quot;::fruits&quot;,
            &quot;url&quot;: &quot; &quot;
        },
        {
            &quot;name&quot;: &quot;registry&quot;,
            &quot;action&quot;: &quot;install&quot;,
            &quot;id&quot;: &quot;8018911&quot;,
            &quot;version&quot;: &quot;::docker&quot;,
            &quot;url&quot;: &quot; &quot;
        }
    ]
}
12:56:27 INFO  Started operation: {'creationTime': '2022-07-16T12:56:27.167Z', 'deviceName': 'm32sd10a', 'deviceId': '20928064', 'self': 'https://t493319102.eu-latest.cumulocity.com/devicecontrol/operations/20961407', 'id': '20961407', 'status': 'PENDING', 'description': &quot;Apply software changes, triggered from PySys: [{'action': 'install', 'id': '5495053', 'name': 'apple', 'url': ' ', 'version': '::fruits'}, {'action': 'install', 'id': '5494888', 'name': 'banana', 'url': ' ', 'version': '::fruits'}, {'action': 'install', 'id': '5475369', 'name': 'asciijump', 'url': ' ', 'version': '::apt'}, {'action': 'install', 'id': '5495382', 'name': 'cherry', 'url': ' ', 'version': '::fruits'}, {'action': 'install', 'id': '8018911', 'name': 'registry', 'url': ' ', 'version': '::docker'}]&quot;, 'c8y_SoftwareUpdate': [{'name': 'apple', 'action': 'install', 'id': '5495053', 'version': '::fruits', 'url': ' '}, {'name': 'banana', 'action': 'install', 'id': '5494888', 'version': '::fruits', 'url': ' '}, {'name': 'asciijump', 'action': 'install', 'id': '5475369', 'version': '::apt', 'url': ' '}, {'name': 'cherry', 'action': 'install', 'id': '5495382', 'version': '::fruits', 'url': ' '}, {'name': 'registry', 'action': 'install', 'id': '8018911', 'version': '::docker', 'url': ' '}]}
12:56:29 INFO  State of operation 20961407 : PENDING
12:56:31 INFO  State of operation 20961407 : EXECUTING
12:56:33 INFO  State of operation 20961407 : EXECUTING
12:56:36 INFO  State of operation 20961407 : EXECUTING
12:56:38 INFO  State of operation 20961407 : EXECUTING
12:56:40 INFO  State of operation 20961407 : EXECUTING
12:56:42 INFO  State of operation 20961407 : EXECUTING
12:56:45 INFO  State of operation 20961407 : EXECUTING
12:56:47 INFO  State of operation 20961407 : EXECUTING
12:56:50 INFO  State of operation 20961407 : EXECUTING
12:56:52 INFO  State of operation 20961407 : EXECUTING
12:56:54 INFO  State of operation 20961407 : EXECUTING
12:56:58 INFO  State of operation 20961407 : EXECUTING
12:57:00 INFO  State of operation 20961407 : EXECUTING
12:57:02 INFO  State of operation 20961407 : EXECUTING
12:57:05 INFO  State of operation 20961407 : EXECUTING
12:57:07 INFO  State of operation 20961407 : EXECUTING
12:57:09 INFO  State of operation 20961407 : EXECUTING
12:57:12 INFO  State of operation 20961407 : EXECUTING
12:57:14 INFO  State of operation 20961407 : EXECUTING
12:57:16 INFO  State of operation 20961407 : EXECUTING
12:57:19 INFO  State of operation 20961407 : EXECUTING
12:57:21 INFO  State of operation 20961407 : EXECUTING
12:57:24 INFO  State of operation 20961407 : EXECUTING
12:57:26 INFO  State of operation 20961407 : EXECUTING
12:57:28 INFO  State of operation 20961407 : EXECUTING
12:57:30 INFO  State of operation 20961407 : SUCCESSFUL
12:57:30 INFO  Package apple is installed
12:57:30 INFO  Assert that (True == value) with value=True ... passed
12:57:31 INFO  Package banana is installed
12:57:31 INFO  Assert that (True == value) with value=True ... passed
12:57:31 INFO  Package cherry is installed
12:57:31 INFO  Assert that (True == value) with value=True ... passed
12:57:31 INFO  Package asciijump is installed
12:57:31 INFO  Assert that (True == value) with value=True ... passed
12:57:31 INFO  Package registry is installed
12:57:31 INFO  Assert that (True == value) with value=True ... passed
12:57:32 INFO  Response status: 201
12:57:32 INFO  Response to action: {
    &quot;creationTime&quot;: &quot;2022-07-16T12:57:32.122Z&quot;,
    &quot;deviceName&quot;: &quot;m32sd10a&quot;,
    &quot;deviceId&quot;: &quot;20928064&quot;,
    &quot;self&quot;: &quot;https://t493319102.eu-latest.cumulocity.com/devicecontrol/operations/20961409&quot;,
    &quot;id&quot;: &quot;20961409&quot;,
    &quot;status&quot;: &quot;PENDING&quot;,
    &quot;description&quot;: &quot;Apply software changes, triggered from PySys: [{'action': 'delete', 'id': '5495053', 'name': 'apple', 'url': ' ', 'version': '::fruits'}, {'action': 'delete', 'id': '5494888', 'name': 'banana', 'url': ' ', 'version': '::fruits'}, {'action': 'delete', 'id': '5475369', 'name': 'asciijump', 'url': ' ', 'version': '::apt'}, {'action': 'delete', 'id': '5495382', 'name': 'cherry', 'url': ' ', 'version': '::fruits'}, {'action': 'delete', 'id': '8018911', 'name': 'registry', 'url': ' ', 'version': '::docker'}]&quot;,
    &quot;c8y_SoftwareUpdate&quot;: [
        {
            &quot;name&quot;: &quot;apple&quot;,
            &quot;action&quot;: &quot;delete&quot;,
            &quot;id&quot;: &quot;5495053&quot;,
            &quot;version&quot;: &quot;::fruits&quot;,
            &quot;url&quot;: &quot; &quot;
        },
        {
            &quot;name&quot;: &quot;banana&quot;,
            &quot;action&quot;: &quot;delete&quot;,
            &quot;id&quot;: &quot;5494888&quot;,
            &quot;version&quot;: &quot;::fruits&quot;,
            &quot;url&quot;: &quot; &quot;
        },
        {
            &quot;name&quot;: &quot;asciijump&quot;,
            &quot;action&quot;: &quot;delete&quot;,
            &quot;id&quot;: &quot;5475369&quot;,
            &quot;version&quot;: &quot;::apt&quot;,
            &quot;url&quot;: &quot; &quot;
        },
        {
            &quot;name&quot;: &quot;cherry&quot;,
            &quot;action&quot;: &quot;delete&quot;,
            &quot;id&quot;: &quot;5495382&quot;,
            &quot;version&quot;: &quot;::fruits&quot;,
            &quot;url&quot;: &quot; &quot;
        },
        {
            &quot;name&quot;: &quot;registry&quot;,
            &quot;action&quot;: &quot;delete&quot;,
            &quot;id&quot;: &quot;8018911&quot;,
            &quot;version&quot;: &quot;::docker&quot;,
            &quot;url&quot;: &quot; &quot;
        }
    ]
}
12:57:32 INFO  Started operation: {'creationTime': '2022-07-16T12:57:32.122Z', 'deviceName': 'm32sd10a', 'deviceId': '20928064', 'self': 'https://t493319102.eu-latest.cumulocity.com/devicecontrol/operations/20961409', 'id': '20961409', 'status': 'PENDING', 'description': &quot;Apply software changes, triggered from PySys: [{'action': 'delete', 'id': '5495053', 'name': 'apple', 'url': ' ', 'version': '::fruits'}, {'action': 'delete', 'id': '5494888', 'name': 'banana', 'url': ' ', 'version': '::fruits'}, {'action': 'delete', 'id': '5475369', 'name': 'asciijump', 'url': ' ', 'version': '::apt'}, {'action': 'delete', 'id': '5495382', 'name': 'cherry', 'url': ' ', 'version': '::fruits'}, {'action': 'delete', 'id': '8018911', 'name': 'registry', 'url': ' ', 'version': '::docker'}]&quot;, 'c8y_SoftwareUpdate': [{'name': 'apple', 'action': 'delete', 'id': '5495053', 'version': '::fruits', 'url': ' '}, {'name': 'banana', 'action': 'delete', 'id': '5494888', 'version': '::fruits', 'url': ' '}, {'name': 'asciijump', 'action': 'delete', 'id': '5475369', 'version': '::apt', 'url': ' '}, {'name': 'cherry', 'action': 'delete', 'id': '5495382', 'version': '::fruits', 'url': ' '}, {'name': 'registry', 'action': 'delete', 'id': '8018911', 'version': '::docker', 'url': ' '}]}
12:57:35 INFO  State of operation 20961409 : PENDING
12:57:37 INFO  State of operation 20961409 : EXECUTING
12:57:39 INFO  State of operation 20961409 : EXECUTING
12:57:42 INFO  State of operation 20961409 : EXECUTING
12:57:45 INFO  State of operation 20961409 : EXECUTING
12:57:47 INFO  State of operation 20961409 : EXECUTING
12:57:50 INFO  State of operation 20961409 : EXECUTING
12:57:53 INFO  State of operation 20961409 : EXECUTING
12:57:56 INFO  State of operation 20961409 : EXECUTING
12:57:58 INFO  State of operation 20961409 : EXECUTING
12:58:00 INFO  State of operation 20961409 : EXECUTING
12:58:02 INFO  State of operation 20961409 : EXECUTING
12:58:05 INFO  State of operation 20961409 : EXECUTING
12:58:07 INFO  State of operation 20961409 : EXECUTING
12:58:09 INFO  State of operation 20961409 : EXECUTING
12:58:12 INFO  State of operation 20961409 : EXECUTING
12:58:14 INFO  State of operation 20961409 : EXECUTING
12:58:17 INFO  State of operation 20961409 : EXECUTING
12:58:19 INFO  State of operation 20961409 : EXECUTING
12:58:21 INFO  State of operation 20961409 : EXECUTING
12:58:23 INFO  State of operation 20961409 : EXECUTING
12:58:26 INFO  State of operation 20961409 : EXECUTING
12:58:29 INFO  State of operation 20961409 : EXECUTING
12:58:31 INFO  State of operation 20961409 : EXECUTING
12:58:33 INFO  State of operation 20961409 : EXECUTING
12:58:36 INFO  State of operation 20961409 : EXECUTING
12:58:38 INFO  State of operation 20961409 : EXECUTING
12:58:40 INFO  State of operation 20961409 : EXECUTING
12:58:42 INFO  State of operation 20961409 : EXECUTING
12:58:45 INFO  State of operation 20961409 : SUCCESSFUL
12:58:45 INFO  Package apple is installed
12:58:45 INFO  Assert that (True == value) with value=True ... passed
12:58:45 INFO  Package banana is installed
12:58:45 INFO  Assert that (True == value) with value=True ... passed
12:58:46 INFO  Package cherry is installed
12:58:46 INFO  Assert that (True == value) with value=True ... passed
12:58:46 INFO  Assert that (False == value) with value=False ... passed
12:58:46 INFO  Assert that (False == value) with value=False ... passed
12:58:46 INFO  
12:58:46 INFO  cleanup:
12:58:50 INFO  Executed sudo&lt;tedge_disconnect_c8y&gt;, exit status 0
12:58:51 INFO  Executed systemctl&lt;serv_mapper5&gt;, exit status 3
12:58:51 INFO  
12:58:51 INFO  Test duration: 172.42 secs
12:58:51 INFO  Test final outcome:  FAILED
12:58:51 INFO  Test outcome reason: Assert that (False == value) with value=True
12:58:51 INFO  
</system-out>
	</testcase>
</testsuite>
