<?xml version="1.0" encoding="utf-8"?>
<testsuite failures="1" name="SoftwareManagement.sm_apt_install_remove_multiple" skipped="0" tests="1" time="137.54" timestamp="2022-07-25T09:41:42">
	<testcase classname="PySysTest" name="SoftwareManagement.sm_apt_install_remove_multiple">
		<failure message="FAILED: Assert that (False == value) with value=True (+2 other failures)" type="FAILED"/>
		<system-out>09:39:24 INFO  ==============================================================
09:39:24 INFO  Id:    SoftwareManagement.sm_apt_install_remove_multiple
09:39:24 INFO  Dir:   software_management_end_to_end/
09:39:24 INFO  Title: Validate end to end behaviour for the apt plugin for multiple packages
09:39:24 INFO  ==============================================================
09:39:24 INFO  Using sw id database: {'asciijump': '5475369', 'robotfindskitten': '5474869', 'squirrel3': '5475279', 'rolldice': '5152439', 'moon-buggy': '5439204', 'apple': '5495053', 'banana': '5494888', 'cherry': '5495382', 'watermelon': '5494510', 'registry': '8018911', 'hello-world': '8021526', 'docker/getting-started': '8021973', 'alpine': '7991792'}
09:39:24 INFO  EnvironmentC8y Setup
09:39:25 INFO  Executed systemctl&lt;serv_mapper1&gt;, exit status 3
09:39:25 INFO  Restarting mosquitto too frequently in the last 10 seconds. It was only up for 5 seconds
09:39:25 INFO  Delaying execution by 6 seconds
09:39:45 INFO  Executed sudo&lt;tedge_connect_c8y&gt;, exit status 0, duration 13 secs
09:39:46 INFO  Executed sudo&lt;tedge_connect_c8y_test&gt;, exit status 0
09:39:46 INFO  Executed systemctl&lt;serv_mosq2&gt;, exit status 0
09:39:47 INFO  Executed systemctl&lt;serv_mapper3&gt;, exit status 0
09:39:49 INFO  State of current operation: SUCCESSFUL
09:39:49 INFO  Assert that (False == value) with value=False ... passed
09:39:49 INFO  Package asciijump is installed
09:39:50 WARN  Assert that (False == value) with value=True ... failed 
09:39:50 INFO  Package squirrel3 is installed
09:39:50 WARN  Assert that (False == value) with value=True ... failed 
09:39:50 INFO  Package robotfindskitten is installed
09:39:50 WARN  Assert that (False == value) with value=True ... failed 
09:39:50 INFO  Response status: 201
09:39:50 INFO  Response to action: {
    &quot;creationTime&quot;: &quot;2022-07-25T09:39:50.823Z&quot;,
    &quot;deviceId&quot;: &quot;21358819&quot;,
    &quot;deviceName&quot;: &quot;m32sd10a&quot;,
    &quot;self&quot;: &quot;https://t493319102.eu-latest.cumulocity.com/devicecontrol/operations/21368606&quot;,
    &quot;id&quot;: &quot;21368606&quot;,
    &quot;status&quot;: &quot;PENDING&quot;,
    &quot;description&quot;: &quot;Apply software changes, triggered from PySys: [{'action': 'install', 'id': '5475369', 'name': 'asciijump', 'url': ' ', 'version': '::apt'}, {'action': 'install', 'id': '5474869', 'name': 'robotfindskitten', 'url': ' ', 'version': '::apt'}, {'action': 'install', 'id': '5475279', 'name': 'squirrel3', 'url': ' ', 'version': '::apt'}]&quot;,
    &quot;c8y_SoftwareUpdate&quot;: [
        {
            &quot;name&quot;: &quot;asciijump&quot;,
            &quot;action&quot;: &quot;install&quot;,
            &quot;id&quot;: &quot;5475369&quot;,
            &quot;version&quot;: &quot;::apt&quot;,
            &quot;url&quot;: &quot; &quot;
        },
        {
            &quot;name&quot;: &quot;robotfindskitten&quot;,
            &quot;action&quot;: &quot;install&quot;,
            &quot;id&quot;: &quot;5474869&quot;,
            &quot;version&quot;: &quot;::apt&quot;,
            &quot;url&quot;: &quot; &quot;
        },
        {
            &quot;name&quot;: &quot;squirrel3&quot;,
            &quot;action&quot;: &quot;install&quot;,
            &quot;id&quot;: &quot;5475279&quot;,
            &quot;version&quot;: &quot;::apt&quot;,
            &quot;url&quot;: &quot; &quot;
        }
    ]
}
09:39:50 INFO  Started operation: {'creationTime': '2022-07-25T09:39:50.823Z', 'deviceId': '21358819', 'deviceName': 'm32sd10a', 'self': 'https://t493319102.eu-latest.cumulocity.com/devicecontrol/operations/21368606', 'id': '21368606', 'status': 'PENDING', 'description': &quot;Apply software changes, triggered from PySys: [{'action': 'install', 'id': '5475369', 'name': 'asciijump', 'url': ' ', 'version': '::apt'}, {'action': 'install', 'id': '5474869', 'name': 'robotfindskitten', 'url': ' ', 'version': '::apt'}, {'action': 'install', 'id': '5475279', 'name': 'squirrel3', 'url': ' ', 'version': '::apt'}]&quot;, 'c8y_SoftwareUpdate': [{'name': 'asciijump', 'action': 'install', 'id': '5475369', 'version': '::apt', 'url': ' '}, {'name': 'robotfindskitten', 'action': 'install', 'id': '5474869', 'version': '::apt', 'url': ' '}, {'name': 'squirrel3', 'action': 'install', 'id': '5475279', 'version': '::apt', 'url': ' '}]}
09:39:53 INFO  State of operation 21368606 : PENDING
09:39:55 INFO  State of operation 21368606 : EXECUTING
09:39:57 INFO  State of operation 21368606 : EXECUTING
09:39:59 INFO  State of operation 21368606 : EXECUTING
09:40:01 INFO  State of operation 21368606 : EXECUTING
09:40:04 INFO  State of operation 21368606 : EXECUTING
09:40:06 INFO  State of operation 21368606 : EXECUTING
09:40:09 INFO  State of operation 21368606 : EXECUTING
09:40:11 INFO  State of operation 21368606 : EXECUTING
09:40:14 INFO  State of operation 21368606 : EXECUTING
09:40:16 INFO  State of operation 21368606 : EXECUTING
09:40:18 INFO  State of operation 21368606 : EXECUTING
09:40:21 INFO  State of operation 21368606 : EXECUTING
09:40:23 INFO  State of operation 21368606 : EXECUTING
09:40:25 INFO  State of operation 21368606 : EXECUTING
09:40:27 INFO  State of operation 21368606 : SUCCESSFUL
09:40:27 INFO  Assert that (False == value) with value=False ... passed
09:40:28 INFO  Package asciijump is installed
09:40:28 INFO  Assert that (True == value) with value=True ... passed
09:40:28 INFO  Package squirrel3 is installed
09:40:28 INFO  Assert that (True == value) with value=True ... passed
09:40:28 INFO  Package robotfindskitten is installed
09:40:28 INFO  Assert that (True == value) with value=True ... passed
09:40:28 INFO  Response status: 201
09:40:28 INFO  Response to action: {
    &quot;creationTime&quot;: &quot;2022-07-25T09:40:28.852Z&quot;,
    &quot;deviceId&quot;: &quot;21358819&quot;,
    &quot;deviceName&quot;: &quot;m32sd10a&quot;,
    &quot;self&quot;: &quot;https://t493319102.eu-latest.cumulocity.com/devicecontrol/operations/21368615&quot;,
    &quot;id&quot;: &quot;21368615&quot;,
    &quot;status&quot;: &quot;PENDING&quot;,
    &quot;description&quot;: &quot;Apply software changes, triggered from PySys: [{'action': 'delete', 'id': '5475369', 'name': 'asciijump', 'url': ' ', 'version': '::apt'}, {'action': 'delete', 'id': '5474869', 'name': 'robotfindskitten', 'url': ' ', 'version': '::apt'}, {'action': 'delete', 'id': '5475279', 'name': 'squirrel3', 'url': ' ', 'version': '::apt'}]&quot;,
    &quot;c8y_SoftwareUpdate&quot;: [
        {
            &quot;name&quot;: &quot;asciijump&quot;,
            &quot;action&quot;: &quot;delete&quot;,
            &quot;id&quot;: &quot;5475369&quot;,
            &quot;version&quot;: &quot;::apt&quot;,
            &quot;url&quot;: &quot; &quot;
        },
        {
            &quot;name&quot;: &quot;robotfindskitten&quot;,
            &quot;action&quot;: &quot;delete&quot;,
            &quot;id&quot;: &quot;5474869&quot;,
            &quot;version&quot;: &quot;::apt&quot;,
            &quot;url&quot;: &quot; &quot;
        },
        {
            &quot;name&quot;: &quot;squirrel3&quot;,
            &quot;action&quot;: &quot;delete&quot;,
            &quot;id&quot;: &quot;5475279&quot;,
            &quot;version&quot;: &quot;::apt&quot;,
            &quot;url&quot;: &quot; &quot;
        }
    ]
}
09:40:28 INFO  Started operation: {'creationTime': '2022-07-25T09:40:28.852Z', 'deviceId': '21358819', 'deviceName': 'm32sd10a', 'self': 'https://t493319102.eu-latest.cumulocity.com/devicecontrol/operations/21368615', 'id': '21368615', 'status': 'PENDING', 'description': &quot;Apply software changes, triggered from PySys: [{'action': 'delete', 'id': '5475369', 'name': 'asciijump', 'url': ' ', 'version': '::apt'}, {'action': 'delete', 'id': '5474869', 'name': 'robotfindskitten', 'url': ' ', 'version': '::apt'}, {'action': 'delete', 'id': '5475279', 'name': 'squirrel3', 'url': ' ', 'version': '::apt'}]&quot;, 'c8y_SoftwareUpdate': [{'name': 'asciijump', 'action': 'delete', 'id': '5475369', 'version': '::apt', 'url': ' '}, {'name': 'robotfindskitten', 'action': 'delete', 'id': '5474869', 'version': '::apt', 'url': ' '}, {'name': 'squirrel3', 'action': 'delete', 'id': '5475279', 'version': '::apt', 'url': ' '}]}
09:40:31 INFO  State of operation 21368615 : PENDING
09:40:33 INFO  State of operation 21368615 : EXECUTING
09:40:35 INFO  State of operation 21368615 : EXECUTING
09:40:37 INFO  State of operation 21368615 : EXECUTING
09:40:40 INFO  State of operation 21368615 : EXECUTING
09:40:42 INFO  State of operation 21368615 : EXECUTING
09:40:45 INFO  State of operation 21368615 : EXECUTING
09:40:47 INFO  State of operation 21368615 : EXECUTING
09:40:50 INFO  State of operation 21368615 : EXECUTING
09:40:52 INFO  State of operation 21368615 : EXECUTING
09:40:54 INFO  State of operation 21368615 : EXECUTING
09:40:57 INFO  State of operation 21368615 : EXECUTING
09:40:59 INFO  State of operation 21368615 : EXECUTING
09:41:01 INFO  State of operation 21368615 : EXECUTING
09:41:03 INFO  State of operation 21368615 : EXECUTING
09:41:06 INFO  State of operation 21368615 : EXECUTING
09:41:08 INFO  State of operation 21368615 : EXECUTING
09:41:10 INFO  State of operation 21368615 : EXECUTING
09:41:13 INFO  State of operation 21368615 : EXECUTING
09:41:16 INFO  State of operation 21368615 : EXECUTING
09:41:18 INFO  State of operation 21368615 : EXECUTING
09:41:20 INFO  State of operation 21368615 : EXECUTING
09:41:22 INFO  State of operation 21368615 : EXECUTING
09:41:24 INFO  State of operation 21368615 : EXECUTING
09:41:27 INFO  State of operation 21368615 : EXECUTING
09:41:29 INFO  State of operation 21368615 : EXECUTING
09:41:32 INFO  State of operation 21368615 : EXECUTING
09:41:34 INFO  State of operation 21368615 : EXECUTING
09:41:36 INFO  State of operation 21368615 : SUCCESSFUL
09:41:37 INFO  Assert that (False == value) with value=False ... passed
09:41:37 INFO  Assert that (False == value) with value=False ... passed
09:41:37 INFO  Assert that (False == value) with value=False ... passed
09:41:37 INFO  Assert that (False == value) with value=False ... passed
09:41:37 INFO  
09:41:37 INFO  cleanup:
09:41:41 INFO  Executed sudo&lt;tedge_disconnect_c8y&gt;, exit status 0
09:41:42 INFO  Executed systemctl&lt;serv_mapper5&gt;, exit status 3
09:41:42 INFO  
09:41:42 INFO  Test duration: 137.54 secs
09:41:42 INFO  Test final outcome:  FAILED
09:41:42 INFO  Test outcome reason: Assert that (False == value) with value=True (+2 other failures)
09:41:42 INFO  
</system-out>
	</testcase>
</testsuite>
