<?xml version="1.0" encoding="utf-8"?>
<testsuite failures="1" name="SoftwareManagement.sm_apt_install_remove_multiple" skipped="0" tests="1" time="140.09" timestamp="2022-06-16T15:18:13">
	<testcase classname="PySysTest" name="SoftwareManagement.sm_apt_install_remove_multiple">
		<failure message="FAILED: Assert that (False == value) with value=True (+2 other failures)" type="FAILED"/>
		<system-out>15:15:52 INFO  ==============================================================
15:15:52 INFO  Id:    SoftwareManagement.sm_apt_install_remove_multiple
15:15:52 INFO  Dir:   software_management_end_to_end/
15:15:52 INFO  Title: Validate end to end behaviour for the apt plugin for multiple packages
15:15:52 INFO  ==============================================================
15:15:53 INFO  Using sw id database: {'asciijump': '5475369', 'robotfindskitten': '5474869', 'squirrel3': '5475279', 'rolldice': '5152439', 'moon-buggy': '5439204', 'apple': '5495053', 'banana': '5494888', 'cherry': '5495382', 'watermelon': '5494510', 'registry': '8018911', 'hello-world': '8021526', 'docker/getting-started': '8021973', 'alpine': '7991792'}
15:15:53 INFO  EnvironmentC8y Setup
15:15:53 INFO  Executed systemctl&lt;serv_mapper1&gt;, exit status 3
15:15:53 INFO  Restarting mosquitto too frequently in the last 10 seconds. It was only up for 5 seconds
15:15:53 INFO  Delaying execution by 6 seconds
15:16:13 INFO  Executed sudo&lt;tedge_connect_c8y&gt;, exit status 0, duration 14 secs
15:16:14 INFO  Executed sudo&lt;tedge_connect_c8y_test&gt;, exit status 0
15:16:14 INFO  Executed systemctl&lt;serv_mosq2&gt;, exit status 0
15:16:15 INFO  Executed systemctl&lt;serv_mapper3&gt;, exit status 0
15:16:17 INFO  State of current operation: SUCCESSFUL
15:16:17 INFO  Assert that (False == value) with value=False ... passed
15:16:18 INFO  Package asciijump is installed
15:16:18 WARN  Assert that (False == value) with value=True ... failed 
15:16:18 INFO  Package squirrel3 is installed
15:16:18 WARN  Assert that (False == value) with value=True ... failed 
15:16:18 INFO  Package robotfindskitten is installed
15:16:18 WARN  Assert that (False == value) with value=True ... failed 
15:16:19 INFO  Response status: 201
15:16:19 INFO  Response to action: {
    &quot;creationTime&quot;: &quot;2022-06-16T15:16:19.073Z&quot;,
    &quot;deviceName&quot;: &quot;m32sd10a&quot;,
    &quot;deviceId&quot;: &quot;20253748&quot;,
    &quot;self&quot;: &quot;https://t493319102.eu-latest.cumulocity.com/devicecontrol/operations/20259585&quot;,
    &quot;id&quot;: &quot;20259585&quot;,
    &quot;status&quot;: &quot;PENDING&quot;,
    &quot;description&quot;: &quot;Apply software changes, triggered from PySys: [{'action': 'install', 'id': '5475369', 'name': 'asciijump', 'url': ' ', 'version': '::apt'}, {'action': 'install', 'id': '5474869', 'name': 'robotfindskitten', 'url': ' ', 'version': '::apt'}, {'action': 'install', 'id': '5475279', 'name': 'squirrel3', 'url': ' ', 'version': '::apt'}]&quot;,
    &quot;c8y_SoftwareUpdate&quot;: [
        {
            &quot;name&quot;: &quot;asciijump&quot;,
            &quot;action&quot;: &quot;install&quot;,
            &quot;id&quot;: &quot;5475369&quot;,
            &quot;version&quot;: &quot;::apt&quot;,
            &quot;url&quot;: &quot; &quot;
        },
        {
            &quot;name&quot;: &quot;robotfindskitten&quot;,
            &quot;action&quot;: &quot;install&quot;,
            &quot;id&quot;: &quot;5474869&quot;,
            &quot;version&quot;: &quot;::apt&quot;,
            &quot;url&quot;: &quot; &quot;
        },
        {
            &quot;name&quot;: &quot;squirrel3&quot;,
            &quot;action&quot;: &quot;install&quot;,
            &quot;id&quot;: &quot;5475279&quot;,
            &quot;version&quot;: &quot;::apt&quot;,
            &quot;url&quot;: &quot; &quot;
        }
    ]
}
15:16:19 INFO  Started operation: {'creationTime': '2022-06-16T15:16:19.073Z', 'deviceName': 'm32sd10a', 'deviceId': '20253748', 'self': 'https://t493319102.eu-latest.cumulocity.com/devicecontrol/operations/20259585', 'id': '20259585', 'status': 'PENDING', 'description': &quot;Apply software changes, triggered from PySys: [{'action': 'install', 'id': '5475369', 'name': 'asciijump', 'url': ' ', 'version': '::apt'}, {'action': 'install', 'id': '5474869', 'name': 'robotfindskitten', 'url': ' ', 'version': '::apt'}, {'action': 'install', 'id': '5475279', 'name': 'squirrel3', 'url': ' ', 'version': '::apt'}]&quot;, 'c8y_SoftwareUpdate': [{'name': 'asciijump', 'action': 'install', 'id': '5475369', 'version': '::apt', 'url': ' '}, {'name': 'robotfindskitten', 'action': 'install', 'id': '5474869', 'version': '::apt', 'url': ' '}, {'name': 'squirrel3', 'action': 'install', 'id': '5475279', 'version': '::apt', 'url': ' '}]}
15:16:21 INFO  State of operation 20259585 : PENDING
15:16:23 INFO  State of operation 20259585 : EXECUTING
15:16:26 INFO  State of operation 20259585 : EXECUTING
15:16:28 INFO  State of operation 20259585 : EXECUTING
15:16:30 INFO  State of operation 20259585 : EXECUTING
15:16:32 INFO  State of operation 20259585 : EXECUTING
15:16:35 INFO  State of operation 20259585 : EXECUTING
15:16:38 INFO  State of operation 20259585 : EXECUTING
15:16:40 INFO  State of operation 20259585 : EXECUTING
15:16:43 INFO  State of operation 20259585 : EXECUTING
15:16:45 INFO  State of operation 20259585 : EXECUTING
15:16:47 INFO  State of operation 20259585 : EXECUTING
15:16:49 INFO  State of operation 20259585 : EXECUTING
15:16:52 INFO  State of operation 20259585 : EXECUTING
15:16:54 INFO  State of operation 20259585 : EXECUTING
15:16:56 INFO  State of operation 20259585 : SUCCESSFUL
15:16:56 INFO  Assert that (False == value) with value=False ... passed
15:16:57 INFO  Package asciijump is installed
15:16:57 INFO  Assert that (True == value) with value=True ... passed
15:16:57 INFO  Package squirrel3 is installed
15:16:57 INFO  Assert that (True == value) with value=True ... passed
15:16:57 INFO  Package robotfindskitten is installed
15:16:57 INFO  Assert that (True == value) with value=True ... passed
15:16:57 INFO  Response status: 201
15:16:57 INFO  Response to action: {
    &quot;creationTime&quot;: &quot;2022-06-16T15:16:57.760Z&quot;,
    &quot;deviceName&quot;: &quot;m32sd10a&quot;,
    &quot;deviceId&quot;: &quot;20253748&quot;,
    &quot;self&quot;: &quot;https://t493319102.eu-latest.cumulocity.com/devicecontrol/operations/20259593&quot;,
    &quot;id&quot;: &quot;20259593&quot;,
    &quot;status&quot;: &quot;PENDING&quot;,
    &quot;description&quot;: &quot;Apply software changes, triggered from PySys: [{'action': 'delete', 'id': '5475369', 'name': 'asciijump', 'url': ' ', 'version': '::apt'}, {'action': 'delete', 'id': '5474869', 'name': 'robotfindskitten', 'url': ' ', 'version': '::apt'}, {'action': 'delete', 'id': '5475279', 'name': 'squirrel3', 'url': ' ', 'version': '::apt'}]&quot;,
    &quot;c8y_SoftwareUpdate&quot;: [
        {
            &quot;name&quot;: &quot;asciijump&quot;,
            &quot;action&quot;: &quot;delete&quot;,
            &quot;id&quot;: &quot;5475369&quot;,
            &quot;version&quot;: &quot;::apt&quot;,
            &quot;url&quot;: &quot; &quot;
        },
        {
            &quot;name&quot;: &quot;robotfindskitten&quot;,
            &quot;action&quot;: &quot;delete&quot;,
            &quot;id&quot;: &quot;5474869&quot;,
            &quot;version&quot;: &quot;::apt&quot;,
            &quot;url&quot;: &quot; &quot;
        },
        {
            &quot;name&quot;: &quot;squirrel3&quot;,
            &quot;action&quot;: &quot;delete&quot;,
            &quot;id&quot;: &quot;5475279&quot;,
            &quot;version&quot;: &quot;::apt&quot;,
            &quot;url&quot;: &quot; &quot;
        }
    ]
}
15:16:57 INFO  Started operation: {'creationTime': '2022-06-16T15:16:57.760Z', 'deviceName': 'm32sd10a', 'deviceId': '20253748', 'self': 'https://t493319102.eu-latest.cumulocity.com/devicecontrol/operations/20259593', 'id': '20259593', 'status': 'PENDING', 'description': &quot;Apply software changes, triggered from PySys: [{'action': 'delete', 'id': '5475369', 'name': 'asciijump', 'url': ' ', 'version': '::apt'}, {'action': 'delete', 'id': '5474869', 'name': 'robotfindskitten', 'url': ' ', 'version': '::apt'}, {'action': 'delete', 'id': '5475279', 'name': 'squirrel3', 'url': ' ', 'version': '::apt'}]&quot;, 'c8y_SoftwareUpdate': [{'name': 'asciijump', 'action': 'delete', 'id': '5475369', 'version': '::apt', 'url': ' '}, {'name': 'robotfindskitten', 'action': 'delete', 'id': '5474869', 'version': '::apt', 'url': ' '}, {'name': 'squirrel3', 'action': 'delete', 'id': '5475279', 'version': '::apt', 'url': ' '}]}
15:17:00 INFO  State of operation 20259593 : PENDING
15:17:02 INFO  State of operation 20259593 : EXECUTING
15:17:04 INFO  State of operation 20259593 : EXECUTING
15:17:06 INFO  State of operation 20259593 : EXECUTING
15:17:08 INFO  State of operation 20259593 : EXECUTING
15:17:11 INFO  State of operation 20259593 : EXECUTING
15:17:13 INFO  State of operation 20259593 : EXECUTING
15:17:16 INFO  State of operation 20259593 : EXECUTING
15:17:18 INFO  State of operation 20259593 : EXECUTING
15:17:21 INFO  State of operation 20259593 : EXECUTING
15:17:23 INFO  State of operation 20259593 : EXECUTING
15:17:25 INFO  State of operation 20259593 : EXECUTING
15:17:27 INFO  State of operation 20259593 : EXECUTING
15:17:30 INFO  State of operation 20259593 : EXECUTING
15:17:32 INFO  State of operation 20259593 : EXECUTING
15:17:34 INFO  State of operation 20259593 : EXECUTING
15:17:36 INFO  State of operation 20259593 : EXECUTING
15:17:39 INFO  State of operation 20259593 : EXECUTING
15:17:42 INFO  State of operation 20259593 : EXECUTING
15:17:44 INFO  State of operation 20259593 : EXECUTING
15:17:46 INFO  State of operation 20259593 : EXECUTING
15:17:48 INFO  State of operation 20259593 : EXECUTING
15:17:51 INFO  State of operation 20259593 : EXECUTING
15:17:53 INFO  State of operation 20259593 : EXECUTING
15:17:55 INFO  State of operation 20259593 : EXECUTING
15:17:58 INFO  State of operation 20259593 : EXECUTING
15:18:00 INFO  State of operation 20259593 : EXECUTING
15:18:02 INFO  State of operation 20259593 : EXECUTING
15:18:05 INFO  State of operation 20259593 : EXECUTING
15:18:07 INFO  State of operation 20259593 : SUCCESSFUL
15:18:07 INFO  Assert that (False == value) with value=False ... passed
15:18:07 INFO  Assert that (False == value) with value=False ... passed
15:18:08 INFO  Assert that (False == value) with value=False ... passed
15:18:08 INFO  Assert that (False == value) with value=False ... passed
15:18:08 INFO  
15:18:08 INFO  cleanup:
15:18:12 INFO  Executed sudo&lt;tedge_disconnect_c8y&gt;, exit status 0
15:18:13 INFO  Executed systemctl&lt;serv_mapper5&gt;, exit status 3
15:18:13 INFO  
15:18:13 INFO  Test duration: 140.09 secs
15:18:13 INFO  Test final outcome:  FAILED
15:18:13 INFO  Test outcome reason: Assert that (False == value) with value=True (+2 other failures)
15:18:13 INFO  
</system-out>
	</testcase>
</testsuite>
