<?xml version="1.0" encoding="utf-8"?>
<testsuite failures="1" name="SoftwareManagement.sm_apt_install_remove_multiple_mixed" skipped="0" tests="1" time="178.13" timestamp="2022-06-20T16:12:19">
	<testcase classname="PySysTest" name="SoftwareManagement.sm_apt_install_remove_multiple_mixed">
		<failure message="BLOCKED: SystemError: Timeout while waiting for status SUCCESSFUL or False (+1 other failures)" type="BLOCKED"/>
		<system-out>16:09:21 INFO  ==============================================================
16:09:21 INFO  Id:    SoftwareManagement.sm_apt_install_remove_multiple_mixed
16:09:21 INFO  Dir:   software_management_end_to_end/
16:09:21 INFO  Title: Validate end to end behaviour for the apt plugin for multiple packages with mixed versions
16:09:21 INFO  ==============================================================
16:09:21 INFO  Using sw id database: {'asciijump': '5475369', 'robotfindskitten': '5474869', 'squirrel3': '5475279', 'rolldice': '5152439', 'moon-buggy': '5439204', 'apple': '5495053', 'banana': '5494888', 'cherry': '5495382', 'watermelon': '5494510', 'registry': '8018911', 'hello-world': '8021526', 'docker/getting-started': '8021973', 'alpine': '7991792'}
16:09:21 INFO  EnvironmentC8y Setup
16:09:22 INFO  Executed systemctl&lt;serv_mapper1&gt;, exit status 3
16:09:22 INFO  Restarting mosquitto too frequently in the last 10 seconds. It was only up for 4 seconds
16:09:22 INFO  Delaying execution by 7 seconds
16:09:43 INFO  Executed sudo&lt;tedge_connect_c8y&gt;, exit status 0, duration 13 secs
16:09:43 INFO  Executed sudo&lt;tedge_connect_c8y_test&gt;, exit status 0
16:09:44 INFO  Executed systemctl&lt;serv_mosq2&gt;, exit status 0
16:09:44 INFO  Executed systemctl&lt;serv_mapper3&gt;, exit status 0
16:09:46 INFO  State of current operation: SUCCESSFUL
16:09:47 INFO  Assert that (False == value) with value=False ... passed
16:09:47 INFO  Assert that (False == value) with value=False ... passed
16:09:47 INFO  Assert that (False == value) with value=False ... passed
16:09:47 INFO  Assert that (False == value) with value=False ... passed
16:09:47 INFO  Package moon-buggy is installed
16:09:48 WARN  Assert that (False == value) with value=True ... failed 
16:09:49 INFO  Response status: 201
16:09:49 INFO  Response to action: {
    &quot;delivery&quot;: {
        &quot;log&quot;: [],
        &quot;time&quot;: &quot;2022-06-20T16:09:49.264Z&quot;,
        &quot;status&quot;: &quot;PENDING&quot;
    },
    &quot;creationTime&quot;: &quot;2022-06-20T16:09:49.245Z&quot;,
    &quot;deviceName&quot;: &quot;m32sd10a&quot;,
    &quot;deviceId&quot;: &quot;20281698&quot;,
    &quot;self&quot;: &quot;https://t493319102.eu-latest.cumulocity.com/devicecontrol/operations/20349876&quot;,
    &quot;id&quot;: &quot;20349876&quot;,
    &quot;status&quot;: &quot;PENDING&quot;,
    &quot;description&quot;: &quot;Apply software changes, triggered from PySys: [{'action': 'install', 'id': '5475369', 'name': 'asciijump', 'url': ' ', 'version': '::apt'}, {'action': 'install', 'id': '5474869', 'name': 'robotfindskitten', 'url': ' ', 'version': ' '}, {'action': 'install', 'id': '5475279', 'name': 'squirrel3', 'url': ' ', 'version': '3.1-7::apt'}, {'action': 'install', 'id': '5152439', 'name': 'rolldice', 'url': ' ', 'version': '1.16-1+b1'}, {'action': 'install', 'id': '5439204', 'name': 'moon-buggy', 'url': ' ', 'version': '1:1.0.51-12'}, {'action': 'install', 'id': '5475369', 'name': 'asciijump', 'url': ' ', 'version': '::apt'}]&quot;,
    &quot;c8y_SoftwareUpdate&quot;: [
        {
            &quot;name&quot;: &quot;asciijump&quot;,
            &quot;action&quot;: &quot;install&quot;,
            &quot;id&quot;: &quot;5475369&quot;,
            &quot;version&quot;: &quot;::apt&quot;,
            &quot;url&quot;: &quot; &quot;
        },
        {
            &quot;name&quot;: &quot;robotfindskitten&quot;,
            &quot;action&quot;: &quot;install&quot;,
            &quot;id&quot;: &quot;5474869&quot;,
            &quot;version&quot;: &quot; &quot;,
            &quot;url&quot;: &quot; &quot;
        },
        {
            &quot;name&quot;: &quot;squirrel3&quot;,
            &quot;action&quot;: &quot;install&quot;,
            &quot;id&quot;: &quot;5475279&quot;,
            &quot;version&quot;: &quot;3.1-7::apt&quot;,
            &quot;url&quot;: &quot; &quot;
        },
        {
            &quot;name&quot;: &quot;rolldice&quot;,
            &quot;action&quot;: &quot;install&quot;,
            &quot;id&quot;: &quot;5152439&quot;,
            &quot;version&quot;: &quot;1.16-1+b1&quot;,
            &quot;url&quot;: &quot; &quot;
        },
        {
            &quot;name&quot;: &quot;moon-buggy&quot;,
            &quot;action&quot;: &quot;install&quot;,
            &quot;id&quot;: &quot;5439204&quot;,
            &quot;version&quot;: &quot;1:1.0.51-12&quot;,
            &quot;url&quot;: &quot; &quot;
        },
        {
            &quot;name&quot;: &quot;asciijump&quot;,
            &quot;action&quot;: &quot;install&quot;,
            &quot;id&quot;: &quot;5475369&quot;,
            &quot;version&quot;: &quot;::apt&quot;,
            &quot;url&quot;: &quot; &quot;
        }
    ]
}
16:09:49 INFO  Started operation: {'delivery': {'log': [], 'time': '2022-06-20T16:09:49.264Z', 'status': 'PENDING'}, 'creationTime': '2022-06-20T16:09:49.245Z', 'deviceName': 'm32sd10a', 'deviceId': '20281698', 'self': 'https://t493319102.eu-latest.cumulocity.com/devicecontrol/operations/20349876', 'id': '20349876', 'status': 'PENDING', 'description': &quot;Apply software changes, triggered from PySys: [{'action': 'install', 'id': '5475369', 'name': 'asciijump', 'url': ' ', 'version': '::apt'}, {'action': 'install', 'id': '5474869', 'name': 'robotfindskitten', 'url': ' ', 'version': ' '}, {'action': 'install', 'id': '5475279', 'name': 'squirrel3', 'url': ' ', 'version': '3.1-7::apt'}, {'action': 'install', 'id': '5152439', 'name': 'rolldice', 'url': ' ', 'version': '1.16-1+b1'}, {'action': 'install', 'id': '5439204', 'name': 'moon-buggy', 'url': ' ', 'version': '1:1.0.51-12'}, {'action': 'install', 'id': '5475369', 'name': 'asciijump', 'url': ' ', 'version': '::apt'}]&quot;, 'c8y_SoftwareUpdate': [{'name': 'asciijump', 'action': 'install', 'id': '5475369', 'version': '::apt', 'url': ' '}, {'name': 'robotfindskitten', 'action': 'install', 'id': '5474869', 'version': ' ', 'url': ' '}, {'name': 'squirrel3', 'action': 'install', 'id': '5475279', 'version': '3.1-7::apt', 'url': ' '}, {'name': 'rolldice', 'action': 'install', 'id': '5152439', 'version': '1.16-1+b1', 'url': ' '}, {'name': 'moon-buggy', 'action': 'install', 'id': '5439204', 'version': '1:1.0.51-12', 'url': ' '}, {'name': 'asciijump', 'action': 'install', 'id': '5475369', 'version': '::apt', 'url': ' '}]}
16:09:51 INFO  State of operation 20349876 : PENDING
16:09:53 INFO  State of operation 20349876 : EXECUTING
16:09:55 INFO  State of operation 20349876 : EXECUTING
16:09:58 INFO  State of operation 20349876 : EXECUTING
16:10:00 INFO  State of operation 20349876 : EXECUTING
16:10:02 INFO  State of operation 20349876 : EXECUTING
16:10:05 INFO  State of operation 20349876 : EXECUTING
16:10:08 INFO  State of operation 20349876 : EXECUTING
16:10:10 INFO  State of operation 20349876 : EXECUTING
16:10:13 INFO  State of operation 20349876 : EXECUTING
16:10:15 INFO  State of operation 20349876 : EXECUTING
16:10:17 INFO  State of operation 20349876 : EXECUTING
16:10:19 INFO  State of operation 20349876 : EXECUTING
16:10:22 INFO  State of operation 20349876 : EXECUTING
16:10:24 INFO  State of operation 20349876 : EXECUTING
16:10:26 INFO  State of operation 20349876 : EXECUTING
16:10:28 INFO  State of operation 20349876 : EXECUTING
16:10:31 INFO  State of operation 20349876 : EXECUTING
16:10:33 INFO  State of operation 20349876 : EXECUTING
16:10:36 INFO  State of operation 20349876 : EXECUTING
16:10:38 INFO  State of operation 20349876 : EXECUTING
16:10:40 INFO  State of operation 20349876 : EXECUTING
16:10:43 INFO  State of operation 20349876 : EXECUTING
16:10:45 INFO  State of operation 20349876 : EXECUTING
16:10:47 INFO  State of operation 20349876 : EXECUTING
16:10:50 INFO  State of operation 20349876 : EXECUTING
16:10:52 INFO  State of operation 20349876 : EXECUTING
16:10:54 INFO  State of operation 20349876 : EXECUTING
16:10:57 INFO  State of operation 20349876 : EXECUTING
16:10:59 INFO  State of operation 20349876 : EXECUTING
16:11:01 INFO  State of operation 20349876 : EXECUTING
16:11:04 INFO  State of operation 20349876 : EXECUTING
16:11:06 INFO  State of operation 20349876 : EXECUTING
16:11:08 INFO  State of operation 20349876 : EXECUTING
16:11:10 INFO  State of operation 20349876 : EXECUTING
16:11:13 INFO  State of operation 20349876 : EXECUTING
16:11:15 INFO  State of operation 20349876 : EXECUTING
16:11:17 INFO  State of operation 20349876 : EXECUTING
16:11:20 INFO  State of operation 20349876 : EXECUTING
16:11:22 INFO  State of operation 20349876 : EXECUTING
16:11:25 INFO  State of operation 20349876 : EXECUTING
16:11:27 INFO  State of operation 20349876 : EXECUTING
16:11:29 INFO  State of operation 20349876 : EXECUTING
16:11:32 INFO  State of operation 20349876 : EXECUTING
16:11:34 INFO  State of operation 20349876 : EXECUTING
16:11:36 INFO  State of operation 20349876 : EXECUTING
16:11:38 INFO  State of operation 20349876 : EXECUTING
16:11:41 INFO  State of operation 20349876 : EXECUTING
16:11:44 INFO  State of operation 20349876 : EXECUTING
16:11:46 INFO  State of operation 20349876 : EXECUTING
16:11:48 INFO  State of operation 20349876 : EXECUTING
16:11:50 INFO  State of operation 20349876 : EXECUTING
16:11:53 INFO  State of operation 20349876 : EXECUTING
16:11:55 INFO  State of operation 20349876 : EXECUTING
16:11:57 INFO  State of operation 20349876 : EXECUTING
16:12:00 INFO  State of operation 20349876 : EXECUTING
16:12:02 INFO  State of operation 20349876 : EXECUTING
16:12:05 INFO  State of operation 20349876 : EXECUTING
16:12:07 INFO  State of operation 20349876 : EXECUTING
16:12:09 INFO  State of operation 20349876 : EXECUTING
16:12:12 INFO  State of operation 20349876 : EXECUTING
16:12:14 WARN  SystemError occurred while running test - Timeout while waiting for status SUCCESSFUL or False
Traceback (most recent call last):
  File &quot;/home/pi/env-pysys/lib/python3.7/site-packages/pysys/baserunner.py&quot;, line 1294, in __call__
    self.testObj.execute()
  File &quot;/home/pi/actions-runner/_work/thin-edge.io/thin-edge.io/tests/PySys/software_management_end_to_end/sm_apt_install_remove_multiple_mixed/run.py&quot;, line 89, in execute
    self.wait_until_succcess()
  File &quot;/home/pi/actions-runner/_work/thin-edge.io/thin-edge.io/tests/PySys/software_management_end_to_end/environment_sm_management.py&quot;, line 324, in wait_until_succcess
    self.wait_until_status(&quot;SUCCESSFUL&quot;)
  File &quot;/home/pi/actions-runner/_work/thin-edge.io/thin-edge.io/tests/PySys/software_management_end_to_end/environment_sm_management.py&quot;, line 381, in wait_until_status
    &quot;Timeout while waiting for status %s or %s&quot; % (status, status2)
SystemError: Timeout while waiting for status SUCCESSFUL or False
16:12:14 WARN  SystemError: Timeout while waiting for status SUCCESSFUL or False ... blocked 
16:12:14 INFO  
16:12:14 INFO  cleanup:
16:12:19 INFO  Executed sudo&lt;tedge_disconnect_c8y&gt;, exit status 0
16:12:19 INFO  Executed systemctl&lt;serv_mapper5&gt;, exit status 3
16:12:19 INFO  
16:12:19 INFO  Test duration: 178.13 secs
16:12:19 INFO  Test final outcome:  BLOCKED
16:12:19 INFO  Test outcome reason: SystemError: Timeout while waiting for status SUCCESSFUL or False (+1 other failures)
16:12:19 INFO  
</system-out>
	</testcase>
</testsuite>
