<?xml version="1.0" encoding="utf-8"?>
<testsuite failures="1" name="SoftwareManagement.sm_mixed_install_remove_multiple" skipped="0" tests="1" time="163.54" timestamp="2022-06-22T11:06:54">
	<testcase classname="PySysTest" name="SoftwareManagement.sm_mixed_install_remove_multiple">
		<failure message="FAILED: Assert that (False == value) with value=True" type="FAILED"/>
		<system-out>11:04:11 INFO  ==============================================================
11:04:11 INFO  Id:    SoftwareManagement.sm_mixed_install_remove_multiple
11:04:11 INFO  Dir:   software_management_end_to_end/
11:04:11 INFO  Title: Validate end to end behaviour for the dummy-plugin for multiple packages with mixed versions
11:04:11 INFO  ==============================================================
11:04:11 INFO  Using sw id database: {'asciijump': '5475369', 'robotfindskitten': '5474869', 'squirrel3': '5475279', 'rolldice': '5152439', 'moon-buggy': '5439204', 'apple': '5495053', 'banana': '5494888', 'cherry': '5495382', 'watermelon': '5494510', 'registry': '8018911', 'hello-world': '8021526', 'docker/getting-started': '8021973', 'alpine': '7991792'}
11:04:11 INFO  EnvironmentC8y Setup
11:04:11 INFO  Executed systemctl&lt;serv_mapper1&gt;, exit status 3
11:04:11 INFO  Restarting mosquitto too frequently in the last 10 seconds. It was only up for 5 seconds
11:04:11 INFO  Delaying execution by 6 seconds
11:04:31 INFO  Executed sudo&lt;tedge_connect_c8y&gt;, exit status 0, duration 14 secs
11:04:32 INFO  Executed sudo&lt;tedge_connect_c8y_test&gt;, exit status 0
11:04:33 INFO  Executed systemctl&lt;serv_mosq2&gt;, exit status 0
11:04:33 INFO  Executed systemctl&lt;serv_mapper3&gt;, exit status 0
11:04:35 INFO  State of current operation: SUCCESSFUL
11:04:35 INFO  Package apple is installed
11:04:35 INFO  Assert that (True == value) with value=True ... passed
11:04:36 INFO  Package banana is installed
11:04:36 INFO  Assert that (True == value) with value=True ... passed
11:04:36 INFO  Package cherry is installed
11:04:36 INFO  Assert that (True == value) with value=True ... passed
11:04:36 INFO  Package asciijump is installed
11:04:36 WARN  Assert that (False == value) with value=True ... failed 
11:04:36 INFO  Assert that (False == value) with value=False ... passed
11:04:37 INFO  Response status: 201
11:04:37 INFO  Response to action: {
    &quot;creationTime&quot;: &quot;2022-06-22T11:04:37.163Z&quot;,
    &quot;deviceName&quot;: &quot;m32sd10a&quot;,
    &quot;deviceId&quot;: &quot;20353977&quot;,
    &quot;self&quot;: &quot;https://t493319102.eu-latest.cumulocity.com/devicecontrol/operations/20403755&quot;,
    &quot;id&quot;: &quot;20403755&quot;,
    &quot;status&quot;: &quot;PENDING&quot;,
    &quot;description&quot;: &quot;Apply software changes, triggered from PySys: [{'action': 'install', 'id': '5495053', 'name': 'apple', 'url': ' ', 'version': '::fruits'}, {'action': 'install', 'id': '5494888', 'name': 'banana', 'url': ' ', 'version': '::fruits'}, {'action': 'install', 'id': '5475369', 'name': 'asciijump', 'url': ' ', 'version': '::apt'}, {'action': 'install', 'id': '5495382', 'name': 'cherry', 'url': ' ', 'version': '::fruits'}, {'action': 'install', 'id': '8018911', 'name': 'registry', 'url': ' ', 'version': '::docker'}]&quot;,
    &quot;c8y_SoftwareUpdate&quot;: [
        {
            &quot;name&quot;: &quot;apple&quot;,
            &quot;action&quot;: &quot;install&quot;,
            &quot;id&quot;: &quot;5495053&quot;,
            &quot;version&quot;: &quot;::fruits&quot;,
            &quot;url&quot;: &quot; &quot;
        },
        {
            &quot;name&quot;: &quot;banana&quot;,
            &quot;action&quot;: &quot;install&quot;,
            &quot;id&quot;: &quot;5494888&quot;,
            &quot;version&quot;: &quot;::fruits&quot;,
            &quot;url&quot;: &quot; &quot;
        },
        {
            &quot;name&quot;: &quot;asciijump&quot;,
            &quot;action&quot;: &quot;install&quot;,
            &quot;id&quot;: &quot;5475369&quot;,
            &quot;version&quot;: &quot;::apt&quot;,
            &quot;url&quot;: &quot; &quot;
        },
        {
            &quot;name&quot;: &quot;cherry&quot;,
            &quot;action&quot;: &quot;install&quot;,
            &quot;id&quot;: &quot;5495382&quot;,
            &quot;version&quot;: &quot;::fruits&quot;,
            &quot;url&quot;: &quot; &quot;
        },
        {
            &quot;name&quot;: &quot;registry&quot;,
            &quot;action&quot;: &quot;install&quot;,
            &quot;id&quot;: &quot;8018911&quot;,
            &quot;version&quot;: &quot;::docker&quot;,
            &quot;url&quot;: &quot; &quot;
        }
    ]
}
11:04:37 INFO  Started operation: {'creationTime': '2022-06-22T11:04:37.163Z', 'deviceName': 'm32sd10a', 'deviceId': '20353977', 'self': 'https://t493319102.eu-latest.cumulocity.com/devicecontrol/operations/20403755', 'id': '20403755', 'status': 'PENDING', 'description': &quot;Apply software changes, triggered from PySys: [{'action': 'install', 'id': '5495053', 'name': 'apple', 'url': ' ', 'version': '::fruits'}, {'action': 'install', 'id': '5494888', 'name': 'banana', 'url': ' ', 'version': '::fruits'}, {'action': 'install', 'id': '5475369', 'name': 'asciijump', 'url': ' ', 'version': '::apt'}, {'action': 'install', 'id': '5495382', 'name': 'cherry', 'url': ' ', 'version': '::fruits'}, {'action': 'install', 'id': '8018911', 'name': 'registry', 'url': ' ', 'version': '::docker'}]&quot;, 'c8y_SoftwareUpdate': [{'name': 'apple', 'action': 'install', 'id': '5495053', 'version': '::fruits', 'url': ' '}, {'name': 'banana', 'action': 'install', 'id': '5494888', 'version': '::fruits', 'url': ' '}, {'name': 'asciijump', 'action': 'install', 'id': '5475369', 'version': '::apt', 'url': ' '}, {'name': 'cherry', 'action': 'install', 'id': '5495382', 'version': '::fruits', 'url': ' '}, {'name': 'registry', 'action': 'install', 'id': '8018911', 'version': '::docker', 'url': ' '}]}
11:04:39 INFO  State of operation 20403755 : PENDING
11:04:41 INFO  State of operation 20403755 : EXECUTING
11:04:44 INFO  State of operation 20403755 : EXECUTING
11:04:46 INFO  State of operation 20403755 : EXECUTING
11:04:48 INFO  State of operation 20403755 : EXECUTING
11:04:50 INFO  State of operation 20403755 : EXECUTING
11:04:53 INFO  State of operation 20403755 : EXECUTING
11:04:56 INFO  State of operation 20403755 : EXECUTING
11:04:58 INFO  State of operation 20403755 : EXECUTING
11:05:01 INFO  State of operation 20403755 : EXECUTING
11:05:03 INFO  State of operation 20403755 : EXECUTING
11:05:05 INFO  State of operation 20403755 : EXECUTING
11:05:08 INFO  State of operation 20403755 : EXECUTING
11:05:10 INFO  State of operation 20403755 : EXECUTING
11:05:12 INFO  State of operation 20403755 : EXECUTING
11:05:14 INFO  State of operation 20403755 : EXECUTING
11:05:16 INFO  State of operation 20403755 : EXECUTING
11:05:19 INFO  State of operation 20403755 : EXECUTING
11:05:21 INFO  State of operation 20403755 : EXECUTING
11:05:23 INFO  State of operation 20403755 : EXECUTING
11:05:26 INFO  State of operation 20403755 : EXECUTING
11:05:28 INFO  State of operation 20403755 : EXECUTING
11:05:30 INFO  State of operation 20403755 : EXECUTING
11:05:32 INFO  State of operation 20403755 : EXECUTING
11:05:34 INFO  State of operation 20403755 : EXECUTING
11:05:37 INFO  State of operation 20403755 : SUCCESSFUL
11:05:37 INFO  Package apple is installed
11:05:37 INFO  Assert that (True == value) with value=True ... passed
11:05:37 INFO  Package banana is installed
11:05:37 INFO  Assert that (True == value) with value=True ... passed
11:05:38 INFO  Package cherry is installed
11:05:38 INFO  Assert that (True == value) with value=True ... passed
11:05:38 INFO  Package asciijump is installed
11:05:38 INFO  Assert that (True == value) with value=True ... passed
11:05:38 INFO  Package registry is installed
11:05:38 INFO  Assert that (True == value) with value=True ... passed
11:05:38 INFO  Response status: 201
11:05:38 INFO  Response to action: {
    &quot;creationTime&quot;: &quot;2022-06-22T11:05:38.679Z&quot;,
    &quot;deviceName&quot;: &quot;m32sd10a&quot;,
    &quot;deviceId&quot;: &quot;20353977&quot;,
    &quot;self&quot;: &quot;https://t493319102.eu-latest.cumulocity.com/devicecontrol/operations/20403766&quot;,
    &quot;id&quot;: &quot;20403766&quot;,
    &quot;status&quot;: &quot;PENDING&quot;,
    &quot;description&quot;: &quot;Apply software changes, triggered from PySys: [{'action': 'delete', 'id': '5495053', 'name': 'apple', 'url': ' ', 'version': '::fruits'}, {'action': 'delete', 'id': '5494888', 'name': 'banana', 'url': ' ', 'version': '::fruits'}, {'action': 'delete', 'id': '5475369', 'name': 'asciijump', 'url': ' ', 'version': '::apt'}, {'action': 'delete', 'id': '5495382', 'name': 'cherry', 'url': ' ', 'version': '::fruits'}, {'action': 'delete', 'id': '8018911', 'name': 'registry', 'url': ' ', 'version': '::docker'}]&quot;,
    &quot;c8y_SoftwareUpdate&quot;: [
        {
            &quot;name&quot;: &quot;apple&quot;,
            &quot;action&quot;: &quot;delete&quot;,
            &quot;id&quot;: &quot;5495053&quot;,
            &quot;version&quot;: &quot;::fruits&quot;,
            &quot;url&quot;: &quot; &quot;
        },
        {
            &quot;name&quot;: &quot;banana&quot;,
            &quot;action&quot;: &quot;delete&quot;,
            &quot;id&quot;: &quot;5494888&quot;,
            &quot;version&quot;: &quot;::fruits&quot;,
            &quot;url&quot;: &quot; &quot;
        },
        {
            &quot;name&quot;: &quot;asciijump&quot;,
            &quot;action&quot;: &quot;delete&quot;,
            &quot;id&quot;: &quot;5475369&quot;,
            &quot;version&quot;: &quot;::apt&quot;,
            &quot;url&quot;: &quot; &quot;
        },
        {
            &quot;name&quot;: &quot;cherry&quot;,
            &quot;action&quot;: &quot;delete&quot;,
            &quot;id&quot;: &quot;5495382&quot;,
            &quot;version&quot;: &quot;::fruits&quot;,
            &quot;url&quot;: &quot; &quot;
        },
        {
            &quot;name&quot;: &quot;registry&quot;,
            &quot;action&quot;: &quot;delete&quot;,
            &quot;id&quot;: &quot;8018911&quot;,
            &quot;version&quot;: &quot;::docker&quot;,
            &quot;url&quot;: &quot; &quot;
        }
    ]
}
11:05:38 INFO  Started operation: {'creationTime': '2022-06-22T11:05:38.679Z', 'deviceName': 'm32sd10a', 'deviceId': '20353977', 'self': 'https://t493319102.eu-latest.cumulocity.com/devicecontrol/operations/20403766', 'id': '20403766', 'status': 'PENDING', 'description': &quot;Apply software changes, triggered from PySys: [{'action': 'delete', 'id': '5495053', 'name': 'apple', 'url': ' ', 'version': '::fruits'}, {'action': 'delete', 'id': '5494888', 'name': 'banana', 'url': ' ', 'version': '::fruits'}, {'action': 'delete', 'id': '5475369', 'name': 'asciijump', 'url': ' ', 'version': '::apt'}, {'action': 'delete', 'id': '5495382', 'name': 'cherry', 'url': ' ', 'version': '::fruits'}, {'action': 'delete', 'id': '8018911', 'name': 'registry', 'url': ' ', 'version': '::docker'}]&quot;, 'c8y_SoftwareUpdate': [{'name': 'apple', 'action': 'delete', 'id': '5495053', 'version': '::fruits', 'url': ' '}, {'name': 'banana', 'action': 'delete', 'id': '5494888', 'version': '::fruits', 'url': ' '}, {'name': 'asciijump', 'action': 'delete', 'id': '5475369', 'version': '::apt', 'url': ' '}, {'name': 'cherry', 'action': 'delete', 'id': '5495382', 'version': '::fruits', 'url': ' '}, {'name': 'registry', 'action': 'delete', 'id': '8018911', 'version': '::docker', 'url': ' '}]}
11:05:40 INFO  State of operation 20403766 : PENDING
11:05:43 INFO  State of operation 20403766 : EXECUTING
11:05:45 INFO  State of operation 20403766 : EXECUTING
11:05:47 INFO  State of operation 20403766 : EXECUTING
11:05:49 INFO  State of operation 20403766 : EXECUTING
11:05:52 INFO  State of operation 20403766 : EXECUTING
11:05:54 INFO  State of operation 20403766 : EXECUTING
11:05:57 INFO  State of operation 20403766 : EXECUTING
11:05:59 INFO  State of operation 20403766 : EXECUTING
11:06:02 INFO  State of operation 20403766 : EXECUTING
11:06:04 INFO  State of operation 20403766 : EXECUTING
11:06:06 INFO  State of operation 20403766 : EXECUTING
11:06:08 INFO  State of operation 20403766 : EXECUTING
11:06:10 INFO  State of operation 20403766 : EXECUTING
11:06:13 INFO  State of operation 20403766 : EXECUTING
11:06:15 INFO  State of operation 20403766 : EXECUTING
11:06:18 INFO  State of operation 20403766 : EXECUTING
11:06:20 INFO  State of operation 20403766 : EXECUTING
11:06:23 INFO  State of operation 20403766 : EXECUTING
11:06:25 INFO  State of operation 20403766 : EXECUTING
11:06:27 INFO  State of operation 20403766 : EXECUTING
11:06:29 INFO  State of operation 20403766 : EXECUTING
11:06:32 INFO  State of operation 20403766 : EXECUTING
11:06:34 INFO  State of operation 20403766 : EXECUTING
11:06:37 INFO  State of operation 20403766 : EXECUTING
11:06:39 INFO  State of operation 20403766 : EXECUTING
11:06:41 INFO  State of operation 20403766 : EXECUTING
11:06:44 INFO  State of operation 20403766 : EXECUTING
11:06:46 INFO  State of operation 20403766 : EXECUTING
11:06:48 INFO  State of operation 20403766 : SUCCESSFUL
11:06:49 INFO  Package apple is installed
11:06:49 INFO  Assert that (True == value) with value=True ... passed
11:06:49 INFO  Package banana is installed
11:06:49 INFO  Assert that (True == value) with value=True ... passed
11:06:49 INFO  Package cherry is installed
11:06:49 INFO  Assert that (True == value) with value=True ... passed
11:06:49 INFO  Assert that (False == value) with value=False ... passed
11:06:49 INFO  Assert that (False == value) with value=False ... passed
11:06:49 INFO  
11:06:49 INFO  cleanup:
11:06:53 INFO  Executed sudo&lt;tedge_disconnect_c8y&gt;, exit status 0
11:06:54 INFO  Executed systemctl&lt;serv_mapper5&gt;, exit status 3
11:06:54 INFO  
11:06:54 INFO  Test duration: 163.54 secs
11:06:54 INFO  Test final outcome:  FAILED
11:06:54 INFO  Test outcome reason: Assert that (False == value) with value=True
11:06:54 INFO  
</system-out>
	</testcase>
</testsuite>
