<?xml version="1.0" encoding="utf-8"?>
<testsuite failures="1" name="SoftwareManagement.sm_mixed_install_remove_multiple" skipped="0" tests="1" time="165.72" timestamp="2022-07-21T19:50:27">
	<testcase classname="PySysTest" name="SoftwareManagement.sm_mixed_install_remove_multiple">
		<failure message="FAILED: Assert that (False == value) with value=True" type="FAILED"/>
		<system-out>19:47:41 INFO  ==============================================================
19:47:41 INFO  Id:    SoftwareManagement.sm_mixed_install_remove_multiple
19:47:41 INFO  Dir:   software_management_end_to_end/
19:47:41 INFO  Title: Validate end to end behaviour for the dummy-plugin for multiple packages with mixed versions
19:47:41 INFO  ==============================================================
19:47:41 INFO  Using sw id database: {'asciijump': '5475369', 'robotfindskitten': '5474869', 'squirrel3': '5475279', 'rolldice': '5152439', 'moon-buggy': '5439204', 'apple': '5495053', 'banana': '5494888', 'cherry': '5495382', 'watermelon': '5494510', 'registry': '8018911', 'hello-world': '8021526', 'docker/getting-started': '8021973', 'alpine': '7991792'}
19:47:41 INFO  EnvironmentC8y Setup
19:47:42 INFO  Executed systemctl&lt;serv_mapper1&gt;, exit status 3
19:47:42 INFO  Restarting mosquitto too frequently in the last 10 seconds. It was only up for 5 seconds
19:47:42 INFO  Delaying execution by 6 seconds
19:48:02 INFO  Executed sudo&lt;tedge_connect_c8y&gt;, exit status 0, duration 14 secs
19:48:03 INFO  Executed sudo&lt;tedge_connect_c8y_test&gt;, exit status 0
19:48:03 INFO  Executed systemctl&lt;serv_mosq2&gt;, exit status 0
19:48:04 INFO  Executed systemctl&lt;serv_mapper3&gt;, exit status 0
19:48:06 INFO  State of current operation: SUCCESSFUL
19:48:06 INFO  Package apple is installed
19:48:06 INFO  Assert that (True == value) with value=True ... passed
19:48:07 INFO  Package banana is installed
19:48:07 INFO  Assert that (True == value) with value=True ... passed
19:48:07 INFO  Package cherry is installed
19:48:07 INFO  Assert that (True == value) with value=True ... passed
19:48:07 INFO  Package asciijump is installed
19:48:07 WARN  Assert that (False == value) with value=True ... failed 
19:48:07 INFO  Assert that (False == value) with value=False ... passed
19:48:08 INFO  Response status: 201
19:48:08 INFO  Response to action: {
    &quot;creationTime&quot;: &quot;2022-07-21T19:48:08.178Z&quot;,
    &quot;deviceId&quot;: &quot;21164556&quot;,
    &quot;deviceName&quot;: &quot;m32sd10a&quot;,
    &quot;self&quot;: &quot;https://t493319102.eu-latest.cumulocity.com/devicecontrol/operations/21172846&quot;,
    &quot;id&quot;: &quot;21172846&quot;,
    &quot;status&quot;: &quot;PENDING&quot;,
    &quot;description&quot;: &quot;Apply software changes, triggered from PySys: [{'action': 'install', 'id': '5495053', 'name': 'apple', 'url': ' ', 'version': '::fruits'}, {'action': 'install', 'id': '5494888', 'name': 'banana', 'url': ' ', 'version': '::fruits'}, {'action': 'install', 'id': '5475369', 'name': 'asciijump', 'url': ' ', 'version': '::apt'}, {'action': 'install', 'id': '5495382', 'name': 'cherry', 'url': ' ', 'version': '::fruits'}, {'action': 'install', 'id': '8018911', 'name': 'registry', 'url': ' ', 'version': '::docker'}]&quot;,
    &quot;c8y_SoftwareUpdate&quot;: [
        {
            &quot;name&quot;: &quot;apple&quot;,
            &quot;action&quot;: &quot;install&quot;,
            &quot;id&quot;: &quot;5495053&quot;,
            &quot;version&quot;: &quot;::fruits&quot;,
            &quot;url&quot;: &quot; &quot;
        },
        {
            &quot;name&quot;: &quot;banana&quot;,
            &quot;action&quot;: &quot;install&quot;,
            &quot;id&quot;: &quot;5494888&quot;,
            &quot;version&quot;: &quot;::fruits&quot;,
            &quot;url&quot;: &quot; &quot;
        },
        {
            &quot;name&quot;: &quot;asciijump&quot;,
            &quot;action&quot;: &quot;install&quot;,
            &quot;id&quot;: &quot;5475369&quot;,
            &quot;version&quot;: &quot;::apt&quot;,
            &quot;url&quot;: &quot; &quot;
        },
        {
            &quot;name&quot;: &quot;cherry&quot;,
            &quot;action&quot;: &quot;install&quot;,
            &quot;id&quot;: &quot;5495382&quot;,
            &quot;version&quot;: &quot;::fruits&quot;,
            &quot;url&quot;: &quot; &quot;
        },
        {
            &quot;name&quot;: &quot;registry&quot;,
            &quot;action&quot;: &quot;install&quot;,
            &quot;id&quot;: &quot;8018911&quot;,
            &quot;version&quot;: &quot;::docker&quot;,
            &quot;url&quot;: &quot; &quot;
        }
    ]
}
19:48:08 INFO  Started operation: {'creationTime': '2022-07-21T19:48:08.178Z', 'deviceId': '21164556', 'deviceName': 'm32sd10a', 'self': 'https://t493319102.eu-latest.cumulocity.com/devicecontrol/operations/21172846', 'id': '21172846', 'status': 'PENDING', 'description': &quot;Apply software changes, triggered from PySys: [{'action': 'install', 'id': '5495053', 'name': 'apple', 'url': ' ', 'version': '::fruits'}, {'action': 'install', 'id': '5494888', 'name': 'banana', 'url': ' ', 'version': '::fruits'}, {'action': 'install', 'id': '5475369', 'name': 'asciijump', 'url': ' ', 'version': '::apt'}, {'action': 'install', 'id': '5495382', 'name': 'cherry', 'url': ' ', 'version': '::fruits'}, {'action': 'install', 'id': '8018911', 'name': 'registry', 'url': ' ', 'version': '::docker'}]&quot;, 'c8y_SoftwareUpdate': [{'name': 'apple', 'action': 'install', 'id': '5495053', 'version': '::fruits', 'url': ' '}, {'name': 'banana', 'action': 'install', 'id': '5494888', 'version': '::fruits', 'url': ' '}, {'name': 'asciijump', 'action': 'install', 'id': '5475369', 'version': '::apt', 'url': ' '}, {'name': 'cherry', 'action': 'install', 'id': '5495382', 'version': '::fruits', 'url': ' '}, {'name': 'registry', 'action': 'install', 'id': '8018911', 'version': '::docker', 'url': ' '}]}
19:48:10 INFO  State of operation 21172846 : PENDING
19:48:12 INFO  State of operation 21172846 : EXECUTING
19:48:15 INFO  State of operation 21172846 : EXECUTING
19:48:17 INFO  State of operation 21172846 : EXECUTING
19:48:19 INFO  State of operation 21172846 : EXECUTING
19:48:21 INFO  State of operation 21172846 : EXECUTING
19:48:24 INFO  State of operation 21172846 : EXECUTING
19:48:27 INFO  State of operation 21172846 : EXECUTING
19:48:29 INFO  State of operation 21172846 : EXECUTING
19:48:31 INFO  State of operation 21172846 : EXECUTING
19:48:34 INFO  State of operation 21172846 : EXECUTING
19:48:36 INFO  State of operation 21172846 : EXECUTING
19:48:38 INFO  State of operation 21172846 : EXECUTING
19:48:40 INFO  State of operation 21172846 : EXECUTING
19:48:43 INFO  State of operation 21172846 : EXECUTING
19:48:45 INFO  State of operation 21172846 : EXECUTING
19:48:47 INFO  State of operation 21172846 : EXECUTING
19:48:49 INFO  State of operation 21172846 : EXECUTING
19:48:52 INFO  State of operation 21172846 : EXECUTING
19:48:54 INFO  State of operation 21172846 : EXECUTING
19:48:56 INFO  State of operation 21172846 : EXECUTING
19:48:58 INFO  State of operation 21172846 : EXECUTING
19:49:00 INFO  State of operation 21172846 : EXECUTING
19:49:03 INFO  State of operation 21172846 : EXECUTING
19:49:05 INFO  State of operation 21172846 : EXECUTING
19:49:07 INFO  State of operation 21172846 : SUCCESSFUL
19:49:07 INFO  Package apple is installed
19:49:07 INFO  Assert that (True == value) with value=True ... passed
19:49:08 INFO  Package banana is installed
19:49:08 INFO  Assert that (True == value) with value=True ... passed
19:49:08 INFO  Package cherry is installed
19:49:08 INFO  Assert that (True == value) with value=True ... passed
19:49:08 INFO  Package asciijump is installed
19:49:08 INFO  Assert that (True == value) with value=True ... passed
19:49:08 INFO  Package registry is installed
19:49:08 INFO  Assert that (True == value) with value=True ... passed
19:49:09 INFO  Response status: 201
19:49:09 INFO  Response to action: {
    &quot;creationTime&quot;: &quot;2022-07-21T19:49:09.090Z&quot;,
    &quot;deviceId&quot;: &quot;21164556&quot;,
    &quot;deviceName&quot;: &quot;m32sd10a&quot;,
    &quot;self&quot;: &quot;https://t493319102.eu-latest.cumulocity.com/devicecontrol/operations/21172860&quot;,
    &quot;id&quot;: &quot;21172860&quot;,
    &quot;status&quot;: &quot;PENDING&quot;,
    &quot;description&quot;: &quot;Apply software changes, triggered from PySys: [{'action': 'delete', 'id': '5495053', 'name': 'apple', 'url': ' ', 'version': '::fruits'}, {'action': 'delete', 'id': '5494888', 'name': 'banana', 'url': ' ', 'version': '::fruits'}, {'action': 'delete', 'id': '5475369', 'name': 'asciijump', 'url': ' ', 'version': '::apt'}, {'action': 'delete', 'id': '5495382', 'name': 'cherry', 'url': ' ', 'version': '::fruits'}, {'action': 'delete', 'id': '8018911', 'name': 'registry', 'url': ' ', 'version': '::docker'}]&quot;,
    &quot;c8y_SoftwareUpdate&quot;: [
        {
            &quot;name&quot;: &quot;apple&quot;,
            &quot;action&quot;: &quot;delete&quot;,
            &quot;id&quot;: &quot;5495053&quot;,
            &quot;version&quot;: &quot;::fruits&quot;,
            &quot;url&quot;: &quot; &quot;
        },
        {
            &quot;name&quot;: &quot;banana&quot;,
            &quot;action&quot;: &quot;delete&quot;,
            &quot;id&quot;: &quot;5494888&quot;,
            &quot;version&quot;: &quot;::fruits&quot;,
            &quot;url&quot;: &quot; &quot;
        },
        {
            &quot;name&quot;: &quot;asciijump&quot;,
            &quot;action&quot;: &quot;delete&quot;,
            &quot;id&quot;: &quot;5475369&quot;,
            &quot;version&quot;: &quot;::apt&quot;,
            &quot;url&quot;: &quot; &quot;
        },
        {
            &quot;name&quot;: &quot;cherry&quot;,
            &quot;action&quot;: &quot;delete&quot;,
            &quot;id&quot;: &quot;5495382&quot;,
            &quot;version&quot;: &quot;::fruits&quot;,
            &quot;url&quot;: &quot; &quot;
        },
        {
            &quot;name&quot;: &quot;registry&quot;,
            &quot;action&quot;: &quot;delete&quot;,
            &quot;id&quot;: &quot;8018911&quot;,
            &quot;version&quot;: &quot;::docker&quot;,
            &quot;url&quot;: &quot; &quot;
        }
    ]
}
19:49:09 INFO  Started operation: {'creationTime': '2022-07-21T19:49:09.090Z', 'deviceId': '21164556', 'deviceName': 'm32sd10a', 'self': 'https://t493319102.eu-latest.cumulocity.com/devicecontrol/operations/21172860', 'id': '21172860', 'status': 'PENDING', 'description': &quot;Apply software changes, triggered from PySys: [{'action': 'delete', 'id': '5495053', 'name': 'apple', 'url': ' ', 'version': '::fruits'}, {'action': 'delete', 'id': '5494888', 'name': 'banana', 'url': ' ', 'version': '::fruits'}, {'action': 'delete', 'id': '5475369', 'name': 'asciijump', 'url': ' ', 'version': '::apt'}, {'action': 'delete', 'id': '5495382', 'name': 'cherry', 'url': ' ', 'version': '::fruits'}, {'action': 'delete', 'id': '8018911', 'name': 'registry', 'url': ' ', 'version': '::docker'}]&quot;, 'c8y_SoftwareUpdate': [{'name': 'apple', 'action': 'delete', 'id': '5495053', 'version': '::fruits', 'url': ' '}, {'name': 'banana', 'action': 'delete', 'id': '5494888', 'version': '::fruits', 'url': ' '}, {'name': 'asciijump', 'action': 'delete', 'id': '5475369', 'version': '::apt', 'url': ' '}, {'name': 'cherry', 'action': 'delete', 'id': '5495382', 'version': '::fruits', 'url': ' '}, {'name': 'registry', 'action': 'delete', 'id': '8018911', 'version': '::docker', 'url': ' '}]}
19:49:11 INFO  State of operation 21172860 : PENDING
19:49:13 INFO  State of operation 21172860 : EXECUTING
19:49:15 INFO  State of operation 21172860 : EXECUTING
19:49:18 INFO  State of operation 21172860 : EXECUTING
19:49:20 INFO  State of operation 21172860 : EXECUTING
19:49:22 INFO  State of operation 21172860 : EXECUTING
19:49:25 INFO  State of operation 21172860 : EXECUTING
19:49:27 INFO  State of operation 21172860 : EXECUTING
19:49:30 INFO  State of operation 21172860 : EXECUTING
19:49:32 INFO  State of operation 21172860 : EXECUTING
19:49:34 INFO  State of operation 21172860 : EXECUTING
19:49:37 INFO  State of operation 21172860 : EXECUTING
19:49:39 INFO  State of operation 21172860 : EXECUTING
19:49:41 INFO  State of operation 21172860 : EXECUTING
19:49:43 INFO  State of operation 21172860 : EXECUTING
19:49:46 INFO  State of operation 21172860 : EXECUTING
19:49:48 INFO  State of operation 21172860 : EXECUTING
19:49:51 INFO  State of operation 21172860 : EXECUTING
19:49:53 INFO  State of operation 21172860 : EXECUTING
19:49:55 INFO  State of operation 21172860 : EXECUTING
19:49:58 INFO  State of operation 21172860 : EXECUTING
19:50:00 INFO  State of operation 21172860 : EXECUTING
19:50:02 INFO  State of operation 21172860 : EXECUTING
19:50:05 INFO  State of operation 21172860 : EXECUTING
19:50:07 INFO  State of operation 21172860 : EXECUTING
19:50:10 INFO  State of operation 21172860 : EXECUTING
19:50:12 INFO  State of operation 21172860 : EXECUTING
19:50:14 INFO  State of operation 21172860 : EXECUTING
19:50:17 INFO  State of operation 21172860 : EXECUTING
19:50:19 INFO  State of operation 21172860 : EXECUTING
19:50:21 INFO  State of operation 21172860 : SUCCESSFUL
19:50:21 INFO  Package apple is installed
19:50:21 INFO  Assert that (True == value) with value=True ... passed
19:50:22 INFO  Package banana is installed
19:50:22 INFO  Assert that (True == value) with value=True ... passed
19:50:22 INFO  Package cherry is installed
19:50:22 INFO  Assert that (True == value) with value=True ... passed
19:50:22 INFO  Assert that (False == value) with value=False ... passed
19:50:22 INFO  Assert that (False == value) with value=False ... passed
19:50:22 INFO  
19:50:22 INFO  cleanup:
19:50:27 INFO  Executed sudo&lt;tedge_disconnect_c8y&gt;, exit status 0
19:50:27 INFO  Executed systemctl&lt;serv_mapper5&gt;, exit status 3
19:50:27 INFO  
19:50:27 INFO  Test duration: 165.72 secs
19:50:27 INFO  Test final outcome:  FAILED
19:50:27 INFO  Test outcome reason: Assert that (False == value) with value=True
19:50:27 INFO  
</system-out>
	</testcase>
</testsuite>
