<?xml version="1.0" encoding="utf-8"?>
<testsuite failures="1" name="SoftwareManagement.sm_apt_install_remove_multiple_mixed" skipped="0" tests="1" time="315.23" timestamp="2022-07-15T08:56:26">
	<testcase classname="PySysTest" name="SoftwareManagement.sm_apt_install_remove_multiple_mixed">
		<failure message="FAILED: Assert that (False == value) with value=True" type="FAILED"/>
		<system-out>08:51:11 INFO  ==============================================================
08:51:11 INFO  Id:    SoftwareManagement.sm_apt_install_remove_multiple_mixed
08:51:11 INFO  Dir:   software_management_end_to_end/
08:51:11 INFO  Title: Validate end to end behaviour for the apt plugin for multiple packages with mixed versions
08:51:11 INFO  ==============================================================
08:51:11 INFO  Using sw id database: {'asciijump': '5475369', 'robotfindskitten': '5474869', 'squirrel3': '5475279', 'rolldice': '5152439', 'moon-buggy': '5439204', 'apple': '5495053', 'banana': '5494888', 'cherry': '5495382', 'watermelon': '5494510', 'registry': '8018911', 'hello-world': '8021526', 'docker/getting-started': '8021973', 'alpine': '7991792'}
08:51:11 INFO  EnvironmentC8y Setup
08:51:12 INFO  Executed systemctl&lt;serv_mapper1&gt;, exit status 3
08:51:12 INFO  Restarting mosquitto too frequently in the last 10 seconds. It was only up for 4 seconds
08:51:12 INFO  Delaying execution by 7 seconds
08:51:33 INFO  Executed sudo&lt;tedge_connect_c8y&gt;, exit status 0, duration 14 secs
08:51:34 INFO  Executed sudo&lt;tedge_connect_c8y_test&gt;, exit status 0
08:51:34 INFO  Executed systemctl&lt;serv_mosq2&gt;, exit status 0
08:51:35 INFO  Executed systemctl&lt;serv_mapper3&gt;, exit status 0
08:51:37 INFO  State of current operation: SUCCESSFUL
08:51:37 INFO  Assert that (False == value) with value=False ... passed
08:51:38 INFO  Assert that (False == value) with value=False ... passed
08:51:38 INFO  Assert that (False == value) with value=False ... passed
08:51:38 INFO  Assert that (False == value) with value=False ... passed
08:51:38 INFO  Package moon-buggy is installed
08:51:38 WARN  Assert that (False == value) with value=True ... failed 
08:51:40 INFO  Response status: 201
08:51:40 INFO  Response to action: {
    &quot;creationTime&quot;: &quot;2022-07-15T08:51:40.044Z&quot;,
    &quot;deviceName&quot;: &quot;m32sd10a&quot;,
    &quot;deviceId&quot;: &quot;20885745&quot;,
    &quot;self&quot;: &quot;https://t493319102.eu-latest.cumulocity.com/devicecontrol/operations/20930499&quot;,
    &quot;id&quot;: &quot;20930499&quot;,
    &quot;status&quot;: &quot;PENDING&quot;,
    &quot;description&quot;: &quot;Apply software changes, triggered from PySys: [{'action': 'install', 'id': '5475369', 'name': 'asciijump', 'url': ' ', 'version': '::apt'}, {'action': 'install', 'id': '5474869', 'name': 'robotfindskitten', 'url': ' ', 'version': ' '}, {'action': 'install', 'id': '5475279', 'name': 'squirrel3', 'url': ' ', 'version': '3.1-7::apt'}, {'action': 'install', 'id': '5152439', 'name': 'rolldice', 'url': ' ', 'version': '1.16-1+b1'}, {'action': 'install', 'id': '5439204', 'name': 'moon-buggy', 'url': ' ', 'version': '1:1.0.51-12'}, {'action': 'install', 'id': '5475369', 'name': 'asciijump', 'url': ' ', 'version': '::apt'}]&quot;,
    &quot;c8y_SoftwareUpdate&quot;: [
        {
            &quot;name&quot;: &quot;asciijump&quot;,
            &quot;action&quot;: &quot;install&quot;,
            &quot;id&quot;: &quot;5475369&quot;,
            &quot;version&quot;: &quot;::apt&quot;,
            &quot;url&quot;: &quot; &quot;
        },
        {
            &quot;name&quot;: &quot;robotfindskitten&quot;,
            &quot;action&quot;: &quot;install&quot;,
            &quot;id&quot;: &quot;5474869&quot;,
            &quot;version&quot;: &quot; &quot;,
            &quot;url&quot;: &quot; &quot;
        },
        {
            &quot;name&quot;: &quot;squirrel3&quot;,
            &quot;action&quot;: &quot;install&quot;,
            &quot;id&quot;: &quot;5475279&quot;,
            &quot;version&quot;: &quot;3.1-7::apt&quot;,
            &quot;url&quot;: &quot; &quot;
        },
        {
            &quot;name&quot;: &quot;rolldice&quot;,
            &quot;action&quot;: &quot;install&quot;,
            &quot;id&quot;: &quot;5152439&quot;,
            &quot;version&quot;: &quot;1.16-1+b1&quot;,
            &quot;url&quot;: &quot; &quot;
        },
        {
            &quot;name&quot;: &quot;moon-buggy&quot;,
            &quot;action&quot;: &quot;install&quot;,
            &quot;id&quot;: &quot;5439204&quot;,
            &quot;version&quot;: &quot;1:1.0.51-12&quot;,
            &quot;url&quot;: &quot; &quot;
        },
        {
            &quot;name&quot;: &quot;asciijump&quot;,
            &quot;action&quot;: &quot;install&quot;,
            &quot;id&quot;: &quot;5475369&quot;,
            &quot;version&quot;: &quot;::apt&quot;,
            &quot;url&quot;: &quot; &quot;
        }
    ]
}
08:51:40 INFO  Started operation: {'creationTime': '2022-07-15T08:51:40.044Z', 'deviceName': 'm32sd10a', 'deviceId': '20885745', 'self': 'https://t493319102.eu-latest.cumulocity.com/devicecontrol/operations/20930499', 'id': '20930499', 'status': 'PENDING', 'description': &quot;Apply software changes, triggered from PySys: [{'action': 'install', 'id': '5475369', 'name': 'asciijump', 'url': ' ', 'version': '::apt'}, {'action': 'install', 'id': '5474869', 'name': 'robotfindskitten', 'url': ' ', 'version': ' '}, {'action': 'install', 'id': '5475279', 'name': 'squirrel3', 'url': ' ', 'version': '3.1-7::apt'}, {'action': 'install', 'id': '5152439', 'name': 'rolldice', 'url': ' ', 'version': '1.16-1+b1'}, {'action': 'install', 'id': '5439204', 'name': 'moon-buggy', 'url': ' ', 'version': '1:1.0.51-12'}, {'action': 'install', 'id': '5475369', 'name': 'asciijump', 'url': ' ', 'version': '::apt'}]&quot;, 'c8y_SoftwareUpdate': [{'name': 'asciijump', 'action': 'install', 'id': '5475369', 'version': '::apt', 'url': ' '}, {'name': 'robotfindskitten', 'action': 'install', 'id': '5474869', 'version': ' ', 'url': ' '}, {'name': 'squirrel3', 'action': 'install', 'id': '5475279', 'version': '3.1-7::apt', 'url': ' '}, {'name': 'rolldice', 'action': 'install', 'id': '5152439', 'version': '1.16-1+b1', 'url': ' '}, {'name': 'moon-buggy', 'action': 'install', 'id': '5439204', 'version': '1:1.0.51-12', 'url': ' '}, {'name': 'asciijump', 'action': 'install', 'id': '5475369', 'version': '::apt', 'url': ' '}]}
08:51:42 INFO  State of operation 20930499 : PENDING
08:51:44 INFO  State of operation 20930499 : EXECUTING
08:51:46 INFO  State of operation 20930499 : EXECUTING
08:51:49 INFO  State of operation 20930499 : EXECUTING
08:51:51 INFO  State of operation 20930499 : EXECUTING
08:51:53 INFO  State of operation 20930499 : EXECUTING
08:51:56 INFO  State of operation 20930499 : EXECUTING
08:51:59 INFO  State of operation 20930499 : EXECUTING
08:52:01 INFO  State of operation 20930499 : EXECUTING
08:52:03 INFO  State of operation 20930499 : EXECUTING
08:52:06 INFO  State of operation 20930499 : EXECUTING
08:52:08 INFO  State of operation 20930499 : EXECUTING
08:52:10 INFO  State of operation 20930499 : EXECUTING
08:52:12 INFO  State of operation 20930499 : EXECUTING
08:52:15 INFO  State of operation 20930499 : EXECUTING
08:52:17 INFO  State of operation 20930499 : EXECUTING
08:52:19 INFO  State of operation 20930499 : EXECUTING
08:52:22 INFO  State of operation 20930499 : EXECUTING
08:52:24 INFO  State of operation 20930499 : EXECUTING
08:52:27 INFO  State of operation 20930499 : EXECUTING
08:52:29 INFO  State of operation 20930499 : EXECUTING
08:52:31 INFO  State of operation 20930499 : EXECUTING
08:52:34 INFO  State of operation 20930499 : EXECUTING
08:52:36 INFO  State of operation 20930499 : EXECUTING
08:52:38 INFO  State of operation 20930499 : EXECUTING
08:52:40 INFO  State of operation 20930499 : EXECUTING
08:52:43 INFO  State of operation 20930499 : EXECUTING
08:52:45 INFO  State of operation 20930499 : EXECUTING
08:52:48 INFO  State of operation 20930499 : EXECUTING
08:52:50 INFO  State of operation 20930499 : EXECUTING
08:52:52 INFO  State of operation 20930499 : EXECUTING
08:52:54 INFO  State of operation 20930499 : EXECUTING
08:52:57 INFO  State of operation 20930499 : EXECUTING
08:52:59 INFO  State of operation 20930499 : EXECUTING
08:53:01 INFO  State of operation 20930499 : EXECUTING
08:53:03 INFO  State of operation 20930499 : EXECUTING
08:53:06 INFO  State of operation 20930499 : EXECUTING
08:53:08 INFO  State of operation 20930499 : EXECUTING
08:53:11 INFO  State of operation 20930499 : EXECUTING
08:53:13 INFO  State of operation 20930499 : EXECUTING
08:53:16 INFO  State of operation 20930499 : EXECUTING
08:53:31 INFO  State of operation 20930499 : EXECUTING
08:53:33 INFO  State of operation 20930499 : EXECUTING
08:53:36 INFO  State of operation 20930499 : EXECUTING
08:53:38 INFO  State of operation 20930499 : EXECUTING
08:53:41 INFO  State of operation 20930499 : EXECUTING
08:53:43 INFO  State of operation 20930499 : EXECUTING
08:53:46 INFO  State of operation 20930499 : EXECUTING
08:53:48 INFO  State of operation 20930499 : EXECUTING
08:53:50 INFO  State of operation 20930499 : EXECUTING
08:53:52 INFO  State of operation 20930499 : EXECUTING
08:53:55 INFO  State of operation 20930499 : EXECUTING
08:53:58 INFO  State of operation 20930499 : EXECUTING
08:54:00 INFO  State of operation 20930499 : EXECUTING
08:54:02 INFO  State of operation 20930499 : EXECUTING
08:54:05 INFO  State of operation 20930499 : EXECUTING
08:54:07 INFO  State of operation 20930499 : EXECUTING
08:54:09 INFO  State of operation 20930499 : EXECUTING
08:54:11 INFO  State of operation 20930499 : EXECUTING
08:54:14 INFO  State of operation 20930499 : SUCCESSFUL
08:54:14 INFO  Package asciijump is installed
08:54:14 INFO  Assert that (True == value) with value=True ... passed
08:54:14 INFO  Package robotfindskitten is installed
08:54:14 INFO  Assert that (True == value) with value=True ... passed
08:54:14 INFO  Package rolldice is installed
08:54:14 INFO  Assert that (True == value) with value=True ... passed
08:54:14 INFO  Package squirrel3 is installed
08:54:14 INFO  Assert that (True == value) with value=True ... passed
08:54:15 INFO  Package moon-buggy is installed
08:54:15 INFO  Assert that (True == value) with value=True ... passed
08:54:16 INFO  Response status: 201
08:54:16 INFO  Response to action: {
    &quot;creationTime&quot;: &quot;2022-07-15T08:54:16.476Z&quot;,
    &quot;deviceName&quot;: &quot;m32sd10a&quot;,
    &quot;deviceId&quot;: &quot;20885745&quot;,
    &quot;self&quot;: &quot;https://t493319102.eu-latest.cumulocity.com/devicecontrol/operations/20930505&quot;,
    &quot;id&quot;: &quot;20930505&quot;,
    &quot;status&quot;: &quot;PENDING&quot;,
    &quot;description&quot;: &quot;Apply software changes, triggered from PySys: [{'action': 'delete', 'id': '5475369', 'name': 'asciijump', 'url': ' ', 'version': '::apt'}, {'action': 'delete', 'id': '5474869', 'name': 'robotfindskitten', 'url': ' ', 'version': ' '}, {'action': 'delete', 'id': '5475279', 'name': 'squirrel3', 'url': ' ', 'version': '3.1-7::apt'}, {'action': 'delete', 'id': '5152439', 'name': 'rolldice', 'url': ' ', 'version': '1.16-1+b1'}, {'action': 'delete', 'id': '5439204', 'name': 'moon-buggy', 'url': ' ', 'version': '1:1.0.51-12'}, {'action': 'delete', 'id': '5475369', 'name': 'asciijump', 'url': ' ', 'version': '::apt'}]&quot;,
    &quot;c8y_SoftwareUpdate&quot;: [
        {
            &quot;name&quot;: &quot;asciijump&quot;,
            &quot;action&quot;: &quot;delete&quot;,
            &quot;id&quot;: &quot;5475369&quot;,
            &quot;version&quot;: &quot;::apt&quot;,
            &quot;url&quot;: &quot; &quot;
        },
        {
            &quot;name&quot;: &quot;robotfindskitten&quot;,
            &quot;action&quot;: &quot;delete&quot;,
            &quot;id&quot;: &quot;5474869&quot;,
            &quot;version&quot;: &quot; &quot;,
            &quot;url&quot;: &quot; &quot;
        },
        {
            &quot;name&quot;: &quot;squirrel3&quot;,
            &quot;action&quot;: &quot;delete&quot;,
            &quot;id&quot;: &quot;5475279&quot;,
            &quot;version&quot;: &quot;3.1-7::apt&quot;,
            &quot;url&quot;: &quot; &quot;
        },
        {
            &quot;name&quot;: &quot;rolldice&quot;,
            &quot;action&quot;: &quot;delete&quot;,
            &quot;id&quot;: &quot;5152439&quot;,
            &quot;version&quot;: &quot;1.16-1+b1&quot;,
            &quot;url&quot;: &quot; &quot;
        },
        {
            &quot;name&quot;: &quot;moon-buggy&quot;,
            &quot;action&quot;: &quot;delete&quot;,
            &quot;id&quot;: &quot;5439204&quot;,
            &quot;version&quot;: &quot;1:1.0.51-12&quot;,
            &quot;url&quot;: &quot; &quot;
        },
        {
            &quot;name&quot;: &quot;asciijump&quot;,
            &quot;action&quot;: &quot;delete&quot;,
            &quot;id&quot;: &quot;5475369&quot;,
            &quot;version&quot;: &quot;::apt&quot;,
            &quot;url&quot;: &quot; &quot;
        }
    ]
}
08:54:16 INFO  Started operation: {'creationTime': '2022-07-15T08:54:16.476Z', 'deviceName': 'm32sd10a', 'deviceId': '20885745', 'self': 'https://t493319102.eu-latest.cumulocity.com/devicecontrol/operations/20930505', 'id': '20930505', 'status': 'PENDING', 'description': &quot;Apply software changes, triggered from PySys: [{'action': 'delete', 'id': '5475369', 'name': 'asciijump', 'url': ' ', 'version': '::apt'}, {'action': 'delete', 'id': '5474869', 'name': 'robotfindskitten', 'url': ' ', 'version': ' '}, {'action': 'delete', 'id': '5475279', 'name': 'squirrel3', 'url': ' ', 'version': '3.1-7::apt'}, {'action': 'delete', 'id': '5152439', 'name': 'rolldice', 'url': ' ', 'version': '1.16-1+b1'}, {'action': 'delete', 'id': '5439204', 'name': 'moon-buggy', 'url': ' ', 'version': '1:1.0.51-12'}, {'action': 'delete', 'id': '5475369', 'name': 'asciijump', 'url': ' ', 'version': '::apt'}]&quot;, 'c8y_SoftwareUpdate': [{'name': 'asciijump', 'action': 'delete', 'id': '5475369', 'version': '::apt', 'url': ' '}, {'name': 'robotfindskitten', 'action': 'delete', 'id': '5474869', 'version': ' ', 'url': ' '}, {'name': 'squirrel3', 'action': 'delete', 'id': '5475279', 'version': '3.1-7::apt', 'url': ' '}, {'name': 'rolldice', 'action': 'delete', 'id': '5152439', 'version': '1.16-1+b1', 'url': ' '}, {'name': 'moon-buggy', 'action': 'delete', 'id': '5439204', 'version': '1:1.0.51-12', 'url': ' '}, {'name': 'asciijump', 'action': 'delete', 'id': '5475369', 'version': '::apt', 'url': ' '}]}
08:54:18 INFO  State of operation 20930505 : PENDING
08:54:20 INFO  State of operation 20930505 : EXECUTING
08:54:23 INFO  State of operation 20930505 : EXECUTING
08:54:25 INFO  State of operation 20930505 : EXECUTING
08:54:27 INFO  State of operation 20930505 : EXECUTING
08:54:29 INFO  State of operation 20930505 : EXECUTING
08:54:32 INFO  State of operation 20930505 : EXECUTING
08:54:35 INFO  State of operation 20930505 : EXECUTING
08:54:37 INFO  State of operation 20930505 : EXECUTING
08:54:40 INFO  State of operation 20930505 : EXECUTING
08:54:42 INFO  State of operation 20930505 : EXECUTING
08:54:44 INFO  State of operation 20930505 : EXECUTING
08:54:46 INFO  State of operation 20930505 : EXECUTING
08:54:48 INFO  State of operation 20930505 : EXECUTING
08:54:51 INFO  State of operation 20930505 : EXECUTING
08:54:53 INFO  State of operation 20930505 : EXECUTING
08:54:55 INFO  State of operation 20930505 : EXECUTING
08:54:58 INFO  State of operation 20930505 : EXECUTING
08:55:00 INFO  State of operation 20930505 : EXECUTING
08:55:03 INFO  State of operation 20930505 : EXECUTING
08:55:05 INFO  State of operation 20930505 : EXECUTING
08:55:07 INFO  State of operation 20930505 : EXECUTING
08:55:10 INFO  State of operation 20930505 : EXECUTING
08:55:12 INFO  State of operation 20930505 : EXECUTING
08:55:15 INFO  State of operation 20930505 : EXECUTING
08:55:17 INFO  State of operation 20930505 : EXECUTING
08:55:20 INFO  State of operation 20930505 : EXECUTING
08:55:22 INFO  State of operation 20930505 : EXECUTING
08:55:24 INFO  State of operation 20930505 : EXECUTING
08:55:26 INFO  State of operation 20930505 : EXECUTING
08:55:29 INFO  State of operation 20930505 : EXECUTING
08:55:32 INFO  State of operation 20930505 : EXECUTING
08:55:34 INFO  State of operation 20930505 : EXECUTING
08:55:36 INFO  State of operation 20930505 : EXECUTING
08:55:39 INFO  State of operation 20930505 : EXECUTING
08:55:41 INFO  State of operation 20930505 : EXECUTING
08:55:43 INFO  State of operation 20930505 : EXECUTING
08:55:45 INFO  State of operation 20930505 : EXECUTING
08:55:48 INFO  State of operation 20930505 : EXECUTING
08:55:50 INFO  State of operation 20930505 : EXECUTING
08:55:52 INFO  State of operation 20930505 : EXECUTING
08:55:54 INFO  State of operation 20930505 : EXECUTING
08:55:57 INFO  State of operation 20930505 : EXECUTING
08:55:59 INFO  State of operation 20930505 : EXECUTING
08:56:02 INFO  State of operation 20930505 : EXECUTING
08:56:04 INFO  State of operation 20930505 : EXECUTING
08:56:06 INFO  State of operation 20930505 : EXECUTING
08:56:09 INFO  State of operation 20930505 : EXECUTING
08:56:11 INFO  State of operation 20930505 : EXECUTING
08:56:13 INFO  State of operation 20930505 : EXECUTING
08:56:16 INFO  State of operation 20930505 : EXECUTING
08:56:18 INFO  State of operation 20930505 : EXECUTING
08:56:21 INFO  State of operation 20930505 : SUCCESSFUL
08:56:21 INFO  Assert that (False == value) with value=False ... passed
08:56:21 INFO  Assert that (False == value) with value=False ... passed
08:56:21 INFO  Assert that (False == value) with value=False ... passed
08:56:22 INFO  Assert that (False == value) with value=False ... passed
08:56:22 INFO  Assert that (False == value) with value=False ... passed
08:56:22 INFO  
08:56:22 INFO  cleanup:
08:56:26 INFO  Executed sudo&lt;tedge_disconnect_c8y&gt;, exit status 0
08:56:26 INFO  Executed systemctl&lt;serv_mapper5&gt;, exit status 3
08:56:26 INFO  
08:56:26 INFO  Test duration: 315.23 secs
08:56:26 INFO  Test final outcome:  FAILED
08:56:26 INFO  Test outcome reason: Assert that (False == value) with value=True
08:56:26 INFO  
</system-out>
	</testcase>
</testsuite>
