<?xml version="1.0" encoding="utf-8"?>
<testsuite failures="1" name="SoftwareManagement.sm_apt_install_remove_multiple" skipped="0" tests="1" time="166.75" timestamp="2022-05-23T16:14:10">
	<testcase classname="PySysTest" name="SoftwareManagement.sm_apt_install_remove_multiple">
		<failure message="BLOCKED: SystemError: Timeout while waiting for status FAILED or SUCCESSFUL" type="BLOCKED"/>
		<system-out>16:11:23 INFO  ==============================================================
16:11:23 INFO  Id:    SoftwareManagement.sm_apt_install_remove_multiple
16:11:23 INFO  Dir:   software_management_end_to_end/
16:11:23 INFO  Title: Validate end to end behaviour for the apt plugin for multiple packages
16:11:23 INFO  ==============================================================
16:11:23 INFO  Using sw id database: {'asciijump': '5475369', 'robotfindskitten': '5474869', 'squirrel3': '5475279', 'rolldice': '5152439', 'moon-buggy': '5439204', 'apple': '5495053', 'banana': '5494888', 'cherry': '5495382', 'watermelon': '5494510', 'registry': '8018911', 'hello-world': '8021526', 'docker/getting-started': '8021973', 'alpine': '7991792'}
16:11:23 INFO  EnvironmentC8y Setup
16:11:24 INFO  Executed systemctl&lt;serv_mapper1&gt;, exit status 3
16:11:24 INFO  Restarting mosquitto too frequently in the last 10 seconds. It was only up for 4 seconds
16:11:24 INFO  Delaying execution by 7 seconds
16:11:45 INFO  Executed sudo&lt;tedge_connect_c8y&gt;, exit status 0, duration 14 secs
16:11:46 INFO  Executed sudo&lt;tedge_connect_c8y_test&gt;, exit status 0
16:11:46 INFO  Executed systemctl&lt;serv_mosq2&gt;, exit status 0
16:11:47 INFO  Executed systemctl&lt;serv_mapper3&gt;, exit status 0
16:11:49 INFO  State of current operation: PENDING
16:11:51 INFO  State of current operation: PENDING
16:11:54 INFO  State of current operation: PENDING
16:11:56 INFO  State of current operation: PENDING
16:11:58 INFO  State of current operation: PENDING
16:12:00 INFO  State of current operation: PENDING
16:12:03 INFO  State of current operation: PENDING
16:12:05 INFO  State of current operation: PENDING
16:12:07 INFO  State of current operation: PENDING
16:12:09 INFO  State of current operation: PENDING
16:12:11 INFO  State of current operation: PENDING
16:12:14 INFO  State of current operation: PENDING
16:12:16 INFO  State of current operation: PENDING
16:12:18 INFO  State of current operation: PENDING
16:12:20 INFO  State of current operation: PENDING
16:12:23 INFO  State of current operation: PENDING
16:12:25 INFO  State of current operation: PENDING
16:12:27 INFO  State of current operation: PENDING
16:12:29 INFO  State of current operation: PENDING
16:12:32 INFO  State of current operation: PENDING
16:12:34 INFO  State of current operation: PENDING
16:12:36 INFO  State of current operation: PENDING
16:12:38 INFO  State of current operation: PENDING
16:12:41 INFO  State of current operation: PENDING
16:12:43 INFO  State of current operation: PENDING
16:12:45 INFO  State of current operation: PENDING
16:12:47 INFO  State of current operation: PENDING
16:12:50 INFO  State of current operation: PENDING
16:12:52 INFO  State of current operation: PENDING
16:12:54 INFO  State of current operation: PENDING
16:12:56 INFO  State of current operation: PENDING
16:12:58 INFO  State of current operation: PENDING
16:13:01 INFO  State of current operation: PENDING
16:13:03 INFO  State of current operation: PENDING
16:13:05 INFO  State of current operation: PENDING
16:13:07 INFO  State of current operation: PENDING
16:13:10 INFO  State of current operation: PENDING
16:13:12 INFO  State of current operation: PENDING
16:13:14 INFO  State of current operation: PENDING
16:13:16 INFO  State of current operation: PENDING
16:13:19 INFO  State of current operation: PENDING
16:13:21 INFO  State of current operation: PENDING
16:13:23 INFO  State of current operation: PENDING
16:13:25 INFO  State of current operation: PENDING
16:13:28 INFO  State of current operation: PENDING
16:13:30 INFO  State of current operation: PENDING
16:13:32 INFO  State of current operation: PENDING
16:13:34 INFO  State of current operation: PENDING
16:13:36 INFO  State of current operation: PENDING
16:13:39 INFO  State of current operation: PENDING
16:13:41 INFO  State of current operation: PENDING
16:13:43 INFO  State of current operation: PENDING
16:13:45 INFO  State of current operation: PENDING
16:13:48 INFO  State of current operation: PENDING
16:13:50 INFO  State of current operation: PENDING
16:13:52 INFO  State of current operation: PENDING
16:13:54 INFO  State of current operation: PENDING
16:13:57 INFO  State of current operation: PENDING
16:13:59 INFO  State of current operation: PENDING
16:14:01 INFO  State of current operation: PENDING
16:14:03 INFO  State of current operation: PENDING
16:14:05 WARN  SystemError occurred while running test - Timeout while waiting for status FAILED or SUCCESSFUL
Traceback (most recent call last):
  File &quot;/home/pi/env-pysys/lib/python3.7/site-packages/pysys/baserunner.py&quot;, line 1292, in __call__
    self.testObj.setup()
  File &quot;/home/pi/actions-runner/_work/thin-edge.io/thin-edge.io/tests/PySys/software_management_end_to_end/sm_apt_install_remove_multiple/run.py&quot;, line 52, in setup
    super().setup()
  File &quot;/home/pi/actions-runner/_work/thin-edge.io/thin-edge.io/tests/PySys/software_management_end_to_end/environment_sm_management.py&quot;, line 151, in setup
    self.wait_until_end()
  File &quot;/home/pi/actions-runner/_work/thin-edge.io/thin-edge.io/tests/PySys/software_management_end_to_end/environment_sm_management.py&quot;, line 332, in wait_until_end
    self.wait_until_status(&quot;FAILED&quot;, &quot;SUCCESSFUL&quot;)
  File &quot;/home/pi/actions-runner/_work/thin-edge.io/thin-edge.io/tests/PySys/software_management_end_to_end/environment_sm_management.py&quot;, line 381, in wait_until_status
    &quot;Timeout while waiting for status %s or %s&quot; % (status, status2)
SystemError: Timeout while waiting for status FAILED or SUCCESSFUL
16:14:05 WARN  SystemError: Timeout while waiting for status FAILED or SUCCESSFUL ... blocked 
16:14:05 INFO  
16:14:05 INFO  cleanup:
16:14:09 INFO  Executed sudo&lt;tedge_disconnect_c8y&gt;, exit status 0
16:14:10 INFO  Executed systemctl&lt;serv_mapper5&gt;, exit status 3
16:14:10 INFO  
16:14:10 INFO  Test duration: 166.75 secs
16:14:10 INFO  Test final outcome:  BLOCKED
16:14:10 INFO  Test outcome reason: SystemError: Timeout while waiting for status FAILED or SUCCESSFUL
16:14:10 INFO  
</system-out>
	</testcase>
</testsuite>
