<?xml version="1.0" encoding="utf-8"?>
<testsuite failures="1" name="SoftwareManagement.sm_apt_install_remove_multiple" skipped="0" tests="1" time="165.76" timestamp="2022-05-23T09:45:28">
	<testcase classname="PySysTest" name="SoftwareManagement.sm_apt_install_remove_multiple">
		<failure message="BLOCKED: SystemError: Timeout while waiting for status FAILED or SUCCESSFUL" type="BLOCKED"/>
		<system-out>09:42:42 INFO  ==============================================================
09:42:42 INFO  Id:    SoftwareManagement.sm_apt_install_remove_multiple
09:42:42 INFO  Dir:   software_management_end_to_end/
09:42:42 INFO  Title: Validate end to end behaviour for the apt plugin for multiple packages
09:42:42 INFO  ==============================================================
09:42:42 INFO  Using sw id database: {'asciijump': '5475369', 'robotfindskitten': '5474869', 'squirrel3': '5475279', 'rolldice': '5152439', 'moon-buggy': '5439204', 'apple': '5495053', 'banana': '5494888', 'cherry': '5495382', 'watermelon': '5494510', 'registry': '8018911', 'hello-world': '8021526', 'docker/getting-started': '8021973', 'alpine': '7991792'}
09:42:42 INFO  EnvironmentC8y Setup
09:42:42 INFO  Executed systemctl&lt;serv_mapper1&gt;, exit status 3
09:42:42 INFO  Restarting mosquitto too frequently in the last 10 seconds. It was only up for 5 seconds
09:42:43 INFO  Delaying execution by 6 seconds
09:43:03 INFO  Executed sudo&lt;tedge_connect_c8y&gt;, exit status 0, duration 14 secs
09:43:03 INFO  Executed sudo&lt;tedge_connect_c8y_test&gt;, exit status 0
09:43:04 INFO  Executed systemctl&lt;serv_mosq2&gt;, exit status 0
09:43:04 INFO  Executed systemctl&lt;serv_mapper3&gt;, exit status 0
09:43:06 INFO  State of current operation: PENDING
09:43:09 INFO  State of current operation: PENDING
09:43:11 INFO  State of current operation: PENDING
09:43:13 INFO  State of current operation: PENDING
09:43:15 INFO  State of current operation: PENDING
09:43:18 INFO  State of current operation: PENDING
09:43:20 INFO  State of current operation: PENDING
09:43:22 INFO  State of current operation: PENDING
09:43:24 INFO  State of current operation: PENDING
09:43:27 INFO  State of current operation: PENDING
09:43:29 INFO  State of current operation: PENDING
09:43:31 INFO  State of current operation: PENDING
09:43:33 INFO  State of current operation: PENDING
09:43:35 INFO  State of current operation: PENDING
09:43:38 INFO  State of current operation: PENDING
09:43:40 INFO  State of current operation: PENDING
09:43:42 INFO  State of current operation: PENDING
09:43:44 INFO  State of current operation: PENDING
09:43:47 INFO  State of current operation: PENDING
09:43:49 INFO  State of current operation: PENDING
09:43:51 INFO  State of current operation: PENDING
09:43:53 INFO  State of current operation: PENDING
09:43:56 INFO  State of current operation: PENDING
09:43:58 INFO  State of current operation: PENDING
09:44:00 INFO  State of current operation: PENDING
09:44:02 INFO  State of current operation: PENDING
09:44:05 INFO  State of current operation: PENDING
09:44:07 INFO  State of current operation: PENDING
09:44:09 INFO  State of current operation: PENDING
09:44:11 INFO  State of current operation: PENDING
09:44:13 INFO  State of current operation: PENDING
09:44:16 INFO  State of current operation: PENDING
09:44:18 INFO  State of current operation: PENDING
09:44:20 INFO  State of current operation: PENDING
09:44:22 INFO  State of current operation: PENDING
09:44:25 INFO  State of current operation: PENDING
09:44:27 INFO  State of current operation: PENDING
09:44:29 INFO  State of current operation: PENDING
09:44:31 INFO  State of current operation: PENDING
09:44:34 INFO  State of current operation: PENDING
09:44:36 INFO  State of current operation: PENDING
09:44:38 INFO  State of current operation: PENDING
09:44:40 INFO  State of current operation: PENDING
09:44:43 INFO  State of current operation: PENDING
09:44:45 INFO  State of current operation: PENDING
09:44:47 INFO  State of current operation: PENDING
09:44:49 INFO  State of current operation: PENDING
09:44:52 INFO  State of current operation: PENDING
09:44:54 INFO  State of current operation: PENDING
09:44:56 INFO  State of current operation: PENDING
09:44:58 INFO  State of current operation: PENDING
09:45:01 INFO  State of current operation: PENDING
09:45:03 INFO  State of current operation: PENDING
09:45:05 INFO  State of current operation: PENDING
09:45:07 INFO  State of current operation: PENDING
09:45:10 INFO  State of current operation: PENDING
09:45:12 INFO  State of current operation: PENDING
09:45:14 INFO  State of current operation: PENDING
09:45:16 INFO  State of current operation: PENDING
09:45:19 INFO  State of current operation: PENDING
09:45:21 INFO  State of current operation: PENDING
09:45:23 WARN  SystemError occurred while running test - Timeout while waiting for status FAILED or SUCCESSFUL
Traceback (most recent call last):
  File &quot;/home/pi/env-pysys/lib/python3.7/site-packages/pysys/baserunner.py&quot;, line 1292, in __call__
    self.testObj.setup()
  File &quot;/home/pi/actions-runner/_work/thin-edge.io/thin-edge.io/tests/PySys/software_management_end_to_end/sm_apt_install_remove_multiple/run.py&quot;, line 52, in setup
    super().setup()
  File &quot;/home/pi/actions-runner/_work/thin-edge.io/thin-edge.io/tests/PySys/software_management_end_to_end/environment_sm_management.py&quot;, line 151, in setup
    self.wait_until_end()
  File &quot;/home/pi/actions-runner/_work/thin-edge.io/thin-edge.io/tests/PySys/software_management_end_to_end/environment_sm_management.py&quot;, line 332, in wait_until_end
    self.wait_until_status(&quot;FAILED&quot;, &quot;SUCCESSFUL&quot;)
  File &quot;/home/pi/actions-runner/_work/thin-edge.io/thin-edge.io/tests/PySys/software_management_end_to_end/environment_sm_management.py&quot;, line 381, in wait_until_status
    &quot;Timeout while waiting for status %s or %s&quot; % (status, status2)
SystemError: Timeout while waiting for status FAILED or SUCCESSFUL
09:45:23 WARN  SystemError: Timeout while waiting for status FAILED or SUCCESSFUL ... blocked 
09:45:23 INFO  
09:45:23 INFO  cleanup:
09:45:27 INFO  Executed sudo&lt;tedge_disconnect_c8y&gt;, exit status 0
09:45:28 INFO  Executed systemctl&lt;serv_mapper5&gt;, exit status 3
09:45:28 INFO  
09:45:28 INFO  Test duration: 165.76 secs
09:45:28 INFO  Test final outcome:  BLOCKED
09:45:28 INFO  Test outcome reason: SystemError: Timeout while waiting for status FAILED or SUCCESSFUL
09:45:28 INFO  
</system-out>
	</testcase>
</testsuite>
