<?xml version="1.0" encoding="utf-8"?>
<testsuite failures="1" name="SoftwareManagement.sm_apt_install_remove_multiple" skipped="0" tests="1" time="137.32" timestamp="2022-05-20T12:21:11">
	<testcase classname="PySysTest" name="SoftwareManagement.sm_apt_install_remove_multiple">
		<failure message="FAILED: Assert that (False == value) with value=True (+2 other failures)" type="FAILED"/>
		<system-out>12:18:53 INFO  ==============================================================
12:18:53 INFO  Id:    SoftwareManagement.sm_apt_install_remove_multiple
12:18:53 INFO  Dir:   software_management_end_to_end/
12:18:53 INFO  Title: Validate end to end behaviour for the apt plugin for multiple packages
12:18:53 INFO  ==============================================================
12:18:53 INFO  Using sw id database: {'asciijump': '5475369', 'robotfindskitten': '5474869', 'squirrel3': '5475279', 'rolldice': '5152439', 'moon-buggy': '5439204', 'apple': '5495053', 'banana': '5494888', 'cherry': '5495382', 'watermelon': '5494510', 'registry': '8018911', 'hello-world': '8021526', 'docker/getting-started': '8021973', 'alpine': '7991792'}
12:18:53 INFO  EnvironmentC8y Setup
12:18:54 INFO  Executed systemctl&lt;serv_mapper1&gt;, exit status 3
12:18:54 INFO  Restarting mosquitto too frequently in the last 10 seconds. It was only up for 5 seconds
12:18:54 INFO  Delaying execution by 6 seconds
12:19:14 INFO  Executed sudo&lt;tedge_connect_c8y&gt;, exit status 0, duration 14 secs
12:19:15 INFO  Executed sudo&lt;tedge_connect_c8y_test&gt;, exit status 0
12:19:15 INFO  Executed systemctl&lt;serv_mosq2&gt;, exit status 0
12:19:16 INFO  Executed systemctl&lt;serv_mapper3&gt;, exit status 0
12:19:18 INFO  State of current operation: SUCCESSFUL
12:19:18 INFO  Assert that (False == value) with value=False ... passed
12:19:19 INFO  Package asciijump is installed
12:19:19 WARN  Assert that (False == value) with value=True ... failed 
12:19:19 INFO  Package squirrel3 is installed
12:19:19 WARN  Assert that (False == value) with value=True ... failed 
12:19:19 INFO  Package robotfindskitten is installed
12:19:19 WARN  Assert that (False == value) with value=True ... failed 
12:19:20 INFO  Response status: 201
12:19:20 INFO  Response to action: {
    &quot;creationTime&quot;: &quot;2022-05-20T12:19:20.040Z&quot;,
    &quot;deviceId&quot;: &quot;19392643&quot;,
    &quot;deviceName&quot;: &quot;m32sd10a&quot;,
    &quot;self&quot;: &quot;https://t493319102.eu-latest.cumulocity.com/devicecontrol/operations/19409482&quot;,
    &quot;id&quot;: &quot;19409482&quot;,
    &quot;status&quot;: &quot;PENDING&quot;,
    &quot;description&quot;: &quot;Apply software changes, triggered from PySys: [{'action': 'install', 'id': '5475369', 'name': 'asciijump', 'url': ' ', 'version': '::apt'}, {'action': 'install', 'id': '5474869', 'name': 'robotfindskitten', 'url': ' ', 'version': '::apt'}, {'action': 'install', 'id': '5475279', 'name': 'squirrel3', 'url': ' ', 'version': '::apt'}]&quot;,
    &quot;c8y_SoftwareUpdate&quot;: [
        {
            &quot;name&quot;: &quot;asciijump&quot;,
            &quot;action&quot;: &quot;install&quot;,
            &quot;id&quot;: &quot;5475369&quot;,
            &quot;version&quot;: &quot;::apt&quot;,
            &quot;url&quot;: &quot; &quot;
        },
        {
            &quot;name&quot;: &quot;robotfindskitten&quot;,
            &quot;action&quot;: &quot;install&quot;,
            &quot;id&quot;: &quot;5474869&quot;,
            &quot;version&quot;: &quot;::apt&quot;,
            &quot;url&quot;: &quot; &quot;
        },
        {
            &quot;name&quot;: &quot;squirrel3&quot;,
            &quot;action&quot;: &quot;install&quot;,
            &quot;id&quot;: &quot;5475279&quot;,
            &quot;version&quot;: &quot;::apt&quot;,
            &quot;url&quot;: &quot; &quot;
        }
    ]
}
12:19:20 INFO  Started operation: {'creationTime': '2022-05-20T12:19:20.040Z', 'deviceId': '19392643', 'deviceName': 'm32sd10a', 'self': 'https://t493319102.eu-latest.cumulocity.com/devicecontrol/operations/19409482', 'id': '19409482', 'status': 'PENDING', 'description': &quot;Apply software changes, triggered from PySys: [{'action': 'install', 'id': '5475369', 'name': 'asciijump', 'url': ' ', 'version': '::apt'}, {'action': 'install', 'id': '5474869', 'name': 'robotfindskitten', 'url': ' ', 'version': '::apt'}, {'action': 'install', 'id': '5475279', 'name': 'squirrel3', 'url': ' ', 'version': '::apt'}]&quot;, 'c8y_SoftwareUpdate': [{'name': 'asciijump', 'action': 'install', 'id': '5475369', 'version': '::apt', 'url': ' '}, {'name': 'robotfindskitten', 'action': 'install', 'id': '5474869', 'version': '::apt', 'url': ' '}, {'name': 'squirrel3', 'action': 'install', 'id': '5475279', 'version': '::apt', 'url': ' '}]}
12:19:22 INFO  State of operation 19409482 : PENDING
12:19:24 INFO  State of operation 19409482 : EXECUTING
12:19:26 INFO  State of operation 19409482 : EXECUTING
12:19:28 INFO  State of operation 19409482 : EXECUTING
12:19:31 INFO  State of operation 19409482 : EXECUTING
12:19:33 INFO  State of operation 19409482 : EXECUTING
12:19:36 INFO  State of operation 19409482 : EXECUTING
12:19:38 INFO  State of operation 19409482 : EXECUTING
12:19:41 INFO  State of operation 19409482 : EXECUTING
12:19:43 INFO  State of operation 19409482 : EXECUTING
12:19:45 INFO  State of operation 19409482 : EXECUTING
12:19:48 INFO  State of operation 19409482 : EXECUTING
12:19:50 INFO  State of operation 19409482 : EXECUTING
12:19:52 INFO  State of operation 19409482 : EXECUTING
12:19:54 INFO  State of operation 19409482 : EXECUTING
12:19:57 INFO  State of operation 19409482 : SUCCESSFUL
12:19:57 INFO  Assert that (False == value) with value=False ... passed
12:19:57 INFO  Package asciijump is installed
12:19:57 INFO  Assert that (True == value) with value=True ... passed
12:19:57 INFO  Package squirrel3 is installed
12:19:57 INFO  Assert that (True == value) with value=True ... passed
12:19:57 INFO  Package robotfindskitten is installed
12:19:57 INFO  Assert that (True == value) with value=True ... passed
12:19:58 INFO  Response status: 201
12:19:58 INFO  Response to action: {
    &quot;creationTime&quot;: &quot;2022-05-20T12:19:58.126Z&quot;,
    &quot;deviceId&quot;: &quot;19392643&quot;,
    &quot;deviceName&quot;: &quot;m32sd10a&quot;,
    &quot;self&quot;: &quot;https://t493319102.eu-latest.cumulocity.com/devicecontrol/operations/19409490&quot;,
    &quot;id&quot;: &quot;19409490&quot;,
    &quot;status&quot;: &quot;PENDING&quot;,
    &quot;description&quot;: &quot;Apply software changes, triggered from PySys: [{'action': 'delete', 'id': '5475369', 'name': 'asciijump', 'url': ' ', 'version': '::apt'}, {'action': 'delete', 'id': '5474869', 'name': 'robotfindskitten', 'url': ' ', 'version': '::apt'}, {'action': 'delete', 'id': '5475279', 'name': 'squirrel3', 'url': ' ', 'version': '::apt'}]&quot;,
    &quot;c8y_SoftwareUpdate&quot;: [
        {
            &quot;name&quot;: &quot;asciijump&quot;,
            &quot;action&quot;: &quot;delete&quot;,
            &quot;id&quot;: &quot;5475369&quot;,
            &quot;version&quot;: &quot;::apt&quot;,
            &quot;url&quot;: &quot; &quot;
        },
        {
            &quot;name&quot;: &quot;robotfindskitten&quot;,
            &quot;action&quot;: &quot;delete&quot;,
            &quot;id&quot;: &quot;5474869&quot;,
            &quot;version&quot;: &quot;::apt&quot;,
            &quot;url&quot;: &quot; &quot;
        },
        {
            &quot;name&quot;: &quot;squirrel3&quot;,
            &quot;action&quot;: &quot;delete&quot;,
            &quot;id&quot;: &quot;5475279&quot;,
            &quot;version&quot;: &quot;::apt&quot;,
            &quot;url&quot;: &quot; &quot;
        }
    ]
}
12:19:58 INFO  Started operation: {'creationTime': '2022-05-20T12:19:58.126Z', 'deviceId': '19392643', 'deviceName': 'm32sd10a', 'self': 'https://t493319102.eu-latest.cumulocity.com/devicecontrol/operations/19409490', 'id': '19409490', 'status': 'PENDING', 'description': &quot;Apply software changes, triggered from PySys: [{'action': 'delete', 'id': '5475369', 'name': 'asciijump', 'url': ' ', 'version': '::apt'}, {'action': 'delete', 'id': '5474869', 'name': 'robotfindskitten', 'url': ' ', 'version': '::apt'}, {'action': 'delete', 'id': '5475279', 'name': 'squirrel3', 'url': ' ', 'version': '::apt'}]&quot;, 'c8y_SoftwareUpdate': [{'name': 'asciijump', 'action': 'delete', 'id': '5475369', 'version': '::apt', 'url': ' '}, {'name': 'robotfindskitten', 'action': 'delete', 'id': '5474869', 'version': '::apt', 'url': ' '}, {'name': 'squirrel3', 'action': 'delete', 'id': '5475279', 'version': '::apt', 'url': ' '}]}
12:20:00 INFO  State of operation 19409490 : PENDING
12:20:02 INFO  State of operation 19409490 : EXECUTING
12:20:04 INFO  State of operation 19409490 : EXECUTING
12:20:07 INFO  State of operation 19409490 : EXECUTING
12:20:09 INFO  State of operation 19409490 : EXECUTING
12:20:11 INFO  State of operation 19409490 : EXECUTING
12:20:14 INFO  State of operation 19409490 : EXECUTING
12:20:16 INFO  State of operation 19409490 : EXECUTING
12:20:19 INFO  State of operation 19409490 : EXECUTING
12:20:21 INFO  State of operation 19409490 : EXECUTING
12:20:23 INFO  State of operation 19409490 : EXECUTING
12:20:25 INFO  State of operation 19409490 : EXECUTING
12:20:28 INFO  State of operation 19409490 : EXECUTING
12:20:30 INFO  State of operation 19409490 : EXECUTING
12:20:32 INFO  State of operation 19409490 : EXECUTING
12:20:34 INFO  State of operation 19409490 : EXECUTING
12:20:37 INFO  State of operation 19409490 : EXECUTING
12:20:39 INFO  State of operation 19409490 : EXECUTING
12:20:42 INFO  State of operation 19409490 : EXECUTING
12:20:44 INFO  State of operation 19409490 : EXECUTING
12:20:46 INFO  State of operation 19409490 : EXECUTING
12:20:49 INFO  State of operation 19409490 : EXECUTING
12:20:51 INFO  State of operation 19409490 : EXECUTING
12:20:53 INFO  State of operation 19409490 : EXECUTING
12:20:56 INFO  State of operation 19409490 : EXECUTING
12:20:58 INFO  State of operation 19409490 : EXECUTING
12:21:01 INFO  State of operation 19409490 : EXECUTING
12:21:03 INFO  State of operation 19409490 : EXECUTING
12:21:05 INFO  State of operation 19409490 : SUCCESSFUL
12:21:05 INFO  Assert that (False == value) with value=False ... passed
12:21:05 INFO  Assert that (False == value) with value=False ... passed
12:21:06 INFO  Assert that (False == value) with value=False ... passed
12:21:06 INFO  Assert that (False == value) with value=False ... passed
12:21:06 INFO  
12:21:06 INFO  cleanup:
12:21:10 INFO  Executed sudo&lt;tedge_disconnect_c8y&gt;, exit status 0
12:21:11 INFO  Executed systemctl&lt;serv_mapper5&gt;, exit status 3
12:21:11 INFO  
12:21:11 INFO  Test duration: 137.32 secs
12:21:11 INFO  Test final outcome:  FAILED
12:21:11 INFO  Test outcome reason: Assert that (False == value) with value=True (+2 other failures)
12:21:11 INFO  
</system-out>
	</testcase>
</testsuite>
