<?xml version="1.0" encoding="utf-8"?>
<testsuite failures="1" name="SoftwareManagement.sm_apt_install_remove_multiple_mixed" skipped="0" tests="1" time="177.35" timestamp="2022-07-22T08:39:05">
	<testcase classname="PySysTest" name="SoftwareManagement.sm_apt_install_remove_multiple_mixed">
		<failure message="BLOCKED: SystemError: Timeout while waiting for status SUCCESSFUL or False (+1 other failures)" type="BLOCKED"/>
		<system-out>08:36:08 INFO  ==============================================================
08:36:08 INFO  Id:    SoftwareManagement.sm_apt_install_remove_multiple_mixed
08:36:08 INFO  Dir:   software_management_end_to_end/
08:36:08 INFO  Title: Validate end to end behaviour for the apt plugin for multiple packages with mixed versions
08:36:08 INFO  ==============================================================
08:36:08 INFO  Using sw id database: {'asciijump': '5475369', 'robotfindskitten': '5474869', 'squirrel3': '5475279', 'rolldice': '5152439', 'moon-buggy': '5439204', 'apple': '5495053', 'banana': '5494888', 'cherry': '5495382', 'watermelon': '5494510', 'registry': '8018911', 'hello-world': '8021526', 'docker/getting-started': '8021973', 'alpine': '7991792'}
08:36:08 INFO  EnvironmentC8y Setup
08:36:08 INFO  Executed systemctl&lt;serv_mapper1&gt;, exit status 3
08:36:08 INFO  Restarting mosquitto too frequently in the last 10 seconds. It was only up for 5 seconds
08:36:08 INFO  Delaying execution by 6 seconds
08:36:28 INFO  Executed sudo&lt;tedge_connect_c8y&gt;, exit status 0, duration 13 secs
08:36:29 INFO  Executed sudo&lt;tedge_connect_c8y_test&gt;, exit status 0
08:36:29 INFO  Executed systemctl&lt;serv_mosq2&gt;, exit status 0
08:36:30 INFO  Executed systemctl&lt;serv_mapper3&gt;, exit status 0
08:36:32 INFO  State of current operation: SUCCESSFUL
08:36:32 INFO  Assert that (False == value) with value=False ... passed
08:36:33 INFO  Assert that (False == value) with value=False ... passed
08:36:33 INFO  Assert that (False == value) with value=False ... passed
08:36:33 INFO  Assert that (False == value) with value=False ... passed
08:36:33 INFO  Package moon-buggy is installed
08:36:33 WARN  Assert that (False == value) with value=True ... failed 
08:36:35 INFO  Response status: 201
08:36:35 INFO  Response to action: {
    &quot;creationTime&quot;: &quot;2022-07-22T08:36:34.935Z&quot;,
    &quot;deviceId&quot;: &quot;21231606&quot;,
    &quot;deviceName&quot;: &quot;m32sd10a&quot;,
    &quot;self&quot;: &quot;https://t493319102.eu-latest.cumulocity.com/devicecontrol/operations/21266252&quot;,
    &quot;id&quot;: &quot;21266252&quot;,
    &quot;status&quot;: &quot;PENDING&quot;,
    &quot;description&quot;: &quot;Apply software changes, triggered from PySys: [{'action': 'install', 'id': '5475369', 'name': 'asciijump', 'url': ' ', 'version': '::apt'}, {'action': 'install', 'id': '5474869', 'name': 'robotfindskitten', 'url': ' ', 'version': ' '}, {'action': 'install', 'id': '5475279', 'name': 'squirrel3', 'url': ' ', 'version': '3.1-7::apt'}, {'action': 'install', 'id': '5152439', 'name': 'rolldice', 'url': ' ', 'version': '1.16-1+b1'}, {'action': 'install', 'id': '5439204', 'name': 'moon-buggy', 'url': ' ', 'version': '1:1.0.51-12'}, {'action': 'install', 'id': '5475369', 'name': 'asciijump', 'url': ' ', 'version': '::apt'}]&quot;,
    &quot;c8y_SoftwareUpdate&quot;: [
        {
            &quot;name&quot;: &quot;asciijump&quot;,
            &quot;action&quot;: &quot;install&quot;,
            &quot;id&quot;: &quot;5475369&quot;,
            &quot;version&quot;: &quot;::apt&quot;,
            &quot;url&quot;: &quot; &quot;
        },
        {
            &quot;name&quot;: &quot;robotfindskitten&quot;,
            &quot;action&quot;: &quot;install&quot;,
            &quot;id&quot;: &quot;5474869&quot;,
            &quot;version&quot;: &quot; &quot;,
            &quot;url&quot;: &quot; &quot;
        },
        {
            &quot;name&quot;: &quot;squirrel3&quot;,
            &quot;action&quot;: &quot;install&quot;,
            &quot;id&quot;: &quot;5475279&quot;,
            &quot;version&quot;: &quot;3.1-7::apt&quot;,
            &quot;url&quot;: &quot; &quot;
        },
        {
            &quot;name&quot;: &quot;rolldice&quot;,
            &quot;action&quot;: &quot;install&quot;,
            &quot;id&quot;: &quot;5152439&quot;,
            &quot;version&quot;: &quot;1.16-1+b1&quot;,
            &quot;url&quot;: &quot; &quot;
        },
        {
            &quot;name&quot;: &quot;moon-buggy&quot;,
            &quot;action&quot;: &quot;install&quot;,
            &quot;id&quot;: &quot;5439204&quot;,
            &quot;version&quot;: &quot;1:1.0.51-12&quot;,
            &quot;url&quot;: &quot; &quot;
        },
        {
            &quot;name&quot;: &quot;asciijump&quot;,
            &quot;action&quot;: &quot;install&quot;,
            &quot;id&quot;: &quot;5475369&quot;,
            &quot;version&quot;: &quot;::apt&quot;,
            &quot;url&quot;: &quot; &quot;
        }
    ]
}
08:36:35 INFO  Started operation: {'creationTime': '2022-07-22T08:36:34.935Z', 'deviceId': '21231606', 'deviceName': 'm32sd10a', 'self': 'https://t493319102.eu-latest.cumulocity.com/devicecontrol/operations/21266252', 'id': '21266252', 'status': 'PENDING', 'description': &quot;Apply software changes, triggered from PySys: [{'action': 'install', 'id': '5475369', 'name': 'asciijump', 'url': ' ', 'version': '::apt'}, {'action': 'install', 'id': '5474869', 'name': 'robotfindskitten', 'url': ' ', 'version': ' '}, {'action': 'install', 'id': '5475279', 'name': 'squirrel3', 'url': ' ', 'version': '3.1-7::apt'}, {'action': 'install', 'id': '5152439', 'name': 'rolldice', 'url': ' ', 'version': '1.16-1+b1'}, {'action': 'install', 'id': '5439204', 'name': 'moon-buggy', 'url': ' ', 'version': '1:1.0.51-12'}, {'action': 'install', 'id': '5475369', 'name': 'asciijump', 'url': ' ', 'version': '::apt'}]&quot;, 'c8y_SoftwareUpdate': [{'name': 'asciijump', 'action': 'install', 'id': '5475369', 'version': '::apt', 'url': ' '}, {'name': 'robotfindskitten', 'action': 'install', 'id': '5474869', 'version': ' ', 'url': ' '}, {'name': 'squirrel3', 'action': 'install', 'id': '5475279', 'version': '3.1-7::apt', 'url': ' '}, {'name': 'rolldice', 'action': 'install', 'id': '5152439', 'version': '1.16-1+b1', 'url': ' '}, {'name': 'moon-buggy', 'action': 'install', 'id': '5439204', 'version': '1:1.0.51-12', 'url': ' '}, {'name': 'asciijump', 'action': 'install', 'id': '5475369', 'version': '::apt', 'url': ' '}]}
08:36:37 INFO  State of operation 21266252 : PENDING
08:36:39 INFO  State of operation 21266252 : EXECUTING
08:36:41 INFO  State of operation 21266252 : EXECUTING
08:36:43 INFO  State of operation 21266252 : EXECUTING
08:36:46 INFO  State of operation 21266252 : EXECUTING
08:36:48 INFO  State of operation 21266252 : EXECUTING
08:36:51 INFO  State of operation 21266252 : EXECUTING
08:36:53 INFO  State of operation 21266252 : EXECUTING
08:36:56 INFO  State of operation 21266252 : EXECUTING
08:36:58 INFO  State of operation 21266252 : EXECUTING
08:37:00 INFO  State of operation 21266252 : EXECUTING
08:37:03 INFO  State of operation 21266252 : EXECUTING
08:37:05 INFO  State of operation 21266252 : EXECUTING
08:37:07 INFO  State of operation 21266252 : EXECUTING
08:37:09 INFO  State of operation 21266252 : EXECUTING
08:37:11 INFO  State of operation 21266252 : EXECUTING
08:37:14 INFO  State of operation 21266252 : EXECUTING
08:37:16 INFO  State of operation 21266252 : EXECUTING
08:37:19 INFO  State of operation 21266252 : EXECUTING
08:37:21 INFO  State of operation 21266252 : EXECUTING
08:37:23 INFO  State of operation 21266252 : EXECUTING
08:37:26 INFO  State of operation 21266252 : EXECUTING
08:37:28 INFO  State of operation 21266252 : EXECUTING
08:37:30 INFO  State of operation 21266252 : EXECUTING
08:37:33 INFO  State of operation 21266252 : EXECUTING
08:37:35 INFO  State of operation 21266252 : EXECUTING
08:37:38 INFO  State of operation 21266252 : EXECUTING
08:37:40 INFO  State of operation 21266252 : EXECUTING
08:37:43 INFO  State of operation 21266252 : EXECUTING
08:37:45 INFO  State of operation 21266252 : EXECUTING
08:37:48 INFO  State of operation 21266252 : EXECUTING
08:37:50 INFO  State of operation 21266252 : EXECUTING
08:37:52 INFO  State of operation 21266252 : EXECUTING
08:37:54 INFO  State of operation 21266252 : EXECUTING
08:37:57 INFO  State of operation 21266252 : EXECUTING
08:37:59 INFO  State of operation 21266252 : EXECUTING
08:38:01 INFO  State of operation 21266252 : EXECUTING
08:38:03 INFO  State of operation 21266252 : EXECUTING
08:38:06 INFO  State of operation 21266252 : EXECUTING
08:38:09 INFO  State of operation 21266252 : EXECUTING
08:38:11 INFO  State of operation 21266252 : EXECUTING
08:38:13 INFO  State of operation 21266252 : EXECUTING
08:38:16 INFO  State of operation 21266252 : EXECUTING
08:38:18 INFO  State of operation 21266252 : EXECUTING
08:38:20 INFO  State of operation 21266252 : EXECUTING
08:38:22 INFO  State of operation 21266252 : EXECUTING
08:38:25 INFO  State of operation 21266252 : EXECUTING
08:38:27 INFO  State of operation 21266252 : EXECUTING
08:38:29 INFO  State of operation 21266252 : EXECUTING
08:38:32 INFO  State of operation 21266252 : EXECUTING
08:38:34 INFO  State of operation 21266252 : EXECUTING
08:38:36 INFO  State of operation 21266252 : EXECUTING
08:38:39 INFO  State of operation 21266252 : EXECUTING
08:38:41 INFO  State of operation 21266252 : EXECUTING
08:38:43 INFO  State of operation 21266252 : EXECUTING
08:38:46 INFO  State of operation 21266252 : EXECUTING
08:38:48 INFO  State of operation 21266252 : EXECUTING
08:38:51 INFO  State of operation 21266252 : EXECUTING
08:38:53 INFO  State of operation 21266252 : EXECUTING
08:38:55 INFO  State of operation 21266252 : EXECUTING
08:38:57 INFO  State of operation 21266252 : EXECUTING
08:38:59 WARN  SystemError occurred while running test - Timeout while waiting for status SUCCESSFUL or False
Traceback (most recent call last):
  File &quot;/home/pi/env-pysys/lib/python3.7/site-packages/pysys/baserunner.py&quot;, line 1294, in __call__
    self.testObj.execute()
  File &quot;/home/pi/actions-runner/_work/thin-edge.io/thin-edge.io/tests/PySys/software_management_end_to_end/sm_apt_install_remove_multiple_mixed/run.py&quot;, line 89, in execute
    self.wait_until_succcess()
  File &quot;/home/pi/actions-runner/_work/thin-edge.io/thin-edge.io/tests/PySys/software_management_end_to_end/environment_sm_management.py&quot;, line 324, in wait_until_succcess
    self.wait_until_status(&quot;SUCCESSFUL&quot;)
  File &quot;/home/pi/actions-runner/_work/thin-edge.io/thin-edge.io/tests/PySys/software_management_end_to_end/environment_sm_management.py&quot;, line 381, in wait_until_status
    &quot;Timeout while waiting for status %s or %s&quot; % (status, status2)
SystemError: Timeout while waiting for status SUCCESSFUL or False
08:39:00 WARN  SystemError: Timeout while waiting for status SUCCESSFUL or False ... blocked 
08:39:00 INFO  
08:39:00 INFO  cleanup:
08:39:04 INFO  Executed sudo&lt;tedge_disconnect_c8y&gt;, exit status 0
08:39:05 INFO  Executed systemctl&lt;serv_mapper5&gt;, exit status 3
08:39:05 INFO  
08:39:05 INFO  Test duration: 177.35 secs
08:39:05 INFO  Test final outcome:  BLOCKED
08:39:05 INFO  Test outcome reason: SystemError: Timeout while waiting for status SUCCESSFUL or False (+1 other failures)
08:39:05 INFO  
</system-out>
	</testcase>
</testsuite>
