<?xml version="1.0" encoding="utf-8"?>
<testsuite failures="1" name="SoftwareManagement.sm_fake_install_remove" skipped="0" tests="1" time="167.34" timestamp="2022-05-24T17:06:08">
	<testcase classname="PySysTest" name="SoftwareManagement.sm_fake_install_remove">
		<failure message="BLOCKED: SystemError: Timeout while waiting for status FAILED or SUCCESSFUL" type="BLOCKED"/>
		<system-out>17:03:21 INFO  ==============================================================
17:03:21 INFO  Id:    SoftwareManagement.sm_fake_install_remove
17:03:21 INFO  Dir:   software_management_end_to_end/
17:03:21 INFO  Title: Validate end to end behaviour for the dummy plugin for installation and removal of packages
17:03:21 INFO  ==============================================================
17:03:21 INFO  Using sw id database: {'asciijump': '5475369', 'robotfindskitten': '5474869', 'squirrel3': '5475279', 'rolldice': '5152439', 'moon-buggy': '5439204', 'apple': '5495053', 'banana': '5494888', 'cherry': '5495382', 'watermelon': '5494510', 'registry': '8018911', 'hello-world': '8021526', 'docker/getting-started': '8021973', 'alpine': '7991792'}
17:03:21 INFO  EnvironmentC8y Setup
17:03:21 INFO  Executed systemctl&lt;serv_mapper1&gt;, exit status 3
17:03:21 INFO  Restarting mosquitto too frequently in the last 10 seconds. It was only up for 4 seconds
17:03:21 INFO  Delaying execution by 7 seconds
17:03:43 INFO  Executed sudo&lt;tedge_connect_c8y&gt;, exit status 0, duration 14 secs
17:03:43 INFO  Executed sudo&lt;tedge_connect_c8y_test&gt;, exit status 0
17:03:44 INFO  Executed systemctl&lt;serv_mosq2&gt;, exit status 0
17:03:44 INFO  Executed systemctl&lt;serv_mapper3&gt;, exit status 0
17:03:47 INFO  State of current operation: PENDING
17:03:49 INFO  State of current operation: PENDING
17:03:51 INFO  State of current operation: PENDING
17:03:53 INFO  State of current operation: PENDING
17:03:56 INFO  State of current operation: PENDING
17:03:58 INFO  State of current operation: PENDING
17:04:00 INFO  State of current operation: PENDING
17:04:02 INFO  State of current operation: PENDING
17:04:04 INFO  State of current operation: PENDING
17:04:07 INFO  State of current operation: PENDING
17:04:09 INFO  State of current operation: PENDING
17:04:11 INFO  State of current operation: PENDING
17:04:14 INFO  State of current operation: PENDING
17:04:16 INFO  State of current operation: PENDING
17:04:18 INFO  State of current operation: PENDING
17:04:20 INFO  State of current operation: PENDING
17:04:23 INFO  State of current operation: PENDING
17:04:25 INFO  State of current operation: PENDING
17:04:27 INFO  State of current operation: PENDING
17:04:29 INFO  State of current operation: PENDING
17:04:32 INFO  State of current operation: PENDING
17:04:34 INFO  State of current operation: PENDING
17:04:36 INFO  State of current operation: PENDING
17:04:38 INFO  State of current operation: PENDING
17:04:40 INFO  State of current operation: PENDING
17:04:43 INFO  State of current operation: PENDING
17:04:45 INFO  State of current operation: PENDING
17:04:48 INFO  State of current operation: PENDING
17:04:50 INFO  State of current operation: PENDING
17:04:52 INFO  State of current operation: PENDING
17:04:54 INFO  State of current operation: PENDING
17:04:56 INFO  State of current operation: PENDING
17:04:59 INFO  State of current operation: PENDING
17:05:01 INFO  State of current operation: PENDING
17:05:03 INFO  State of current operation: PENDING
17:05:05 INFO  State of current operation: PENDING
17:05:08 INFO  State of current operation: PENDING
17:05:10 INFO  State of current operation: PENDING
17:05:12 INFO  State of current operation: PENDING
17:05:14 INFO  State of current operation: PENDING
17:05:17 INFO  State of current operation: PENDING
17:05:19 INFO  State of current operation: PENDING
17:05:21 INFO  State of current operation: PENDING
17:05:23 INFO  State of current operation: PENDING
17:05:26 INFO  State of current operation: PENDING
17:05:28 INFO  State of current operation: PENDING
17:05:30 INFO  State of current operation: PENDING
17:05:32 INFO  State of current operation: PENDING
17:05:35 INFO  State of current operation: PENDING
17:05:37 INFO  State of current operation: PENDING
17:05:39 INFO  State of current operation: PENDING
17:05:41 INFO  State of current operation: PENDING
17:05:43 INFO  State of current operation: PENDING
17:05:46 INFO  State of current operation: PENDING
17:05:48 INFO  State of current operation: PENDING
17:05:50 INFO  State of current operation: PENDING
17:05:52 INFO  State of current operation: PENDING
17:05:55 INFO  State of current operation: PENDING
17:05:57 INFO  State of current operation: PENDING
17:05:59 INFO  State of current operation: PENDING
17:06:01 INFO  State of current operation: PENDING
17:06:03 WARN  SystemError occurred while running test - Timeout while waiting for status FAILED or SUCCESSFUL
Traceback (most recent call last):
  File &quot;/home/pi/env-pysys/lib/python3.7/site-packages/pysys/baserunner.py&quot;, line 1292, in __call__
    self.testObj.setup()
  File &quot;/home/pi/actions-runner/_work/thin-edge.io/thin-edge.io/tests/PySys/software_management_end_to_end/sm_fake_install_remove/run.py&quot;, line 38, in setup
    super().setup()
  File &quot;/home/pi/actions-runner/_work/thin-edge.io/thin-edge.io/tests/PySys/software_management_end_to_end/environment_sm_management.py&quot;, line 151, in setup
    self.wait_until_end()
  File &quot;/home/pi/actions-runner/_work/thin-edge.io/thin-edge.io/tests/PySys/software_management_end_to_end/environment_sm_management.py&quot;, line 332, in wait_until_end
    self.wait_until_status(&quot;FAILED&quot;, &quot;SUCCESSFUL&quot;)
  File &quot;/home/pi/actions-runner/_work/thin-edge.io/thin-edge.io/tests/PySys/software_management_end_to_end/environment_sm_management.py&quot;, line 381, in wait_until_status
    &quot;Timeout while waiting for status %s or %s&quot; % (status, status2)
SystemError: Timeout while waiting for status FAILED or SUCCESSFUL
17:06:03 WARN  SystemError: Timeout while waiting for status FAILED or SUCCESSFUL ... blocked 
17:06:03 INFO  
17:06:03 INFO  cleanup:
17:06:07 INFO  Executed sudo&lt;tedge_disconnect_c8y&gt;, exit status 0
17:06:08 INFO  Executed systemctl&lt;serv_mapper5&gt;, exit status 3
17:06:08 INFO  
17:06:08 INFO  Test duration: 167.34 secs
17:06:08 INFO  Test final outcome:  BLOCKED
17:06:08 INFO  Test outcome reason: SystemError: Timeout while waiting for status FAILED or SUCCESSFUL
17:06:08 INFO  
</system-out>
	</testcase>
</testsuite>
