<?xml version="1.0" encoding="utf-8"?>
<testsuite failures="1" name="SoftwareManagement.sm_mixed_install_remove_multiple" skipped="0" tests="1" time="163.81" timestamp="2022-07-13T12:59:40">
	<testcase classname="PySysTest" name="SoftwareManagement.sm_mixed_install_remove_multiple">
		<failure message="FAILED: Assert that (False == value) with value=True" type="FAILED"/>
		<system-out>12:56:56 INFO  ==============================================================
12:56:56 INFO  Id:    SoftwareManagement.sm_mixed_install_remove_multiple
12:56:56 INFO  Dir:   software_management_end_to_end/
12:56:56 INFO  Title: Validate end to end behaviour for the dummy-plugin for multiple packages with mixed versions
12:56:56 INFO  ==============================================================
12:56:56 INFO  Using sw id database: {'asciijump': '5475369', 'robotfindskitten': '5474869', 'squirrel3': '5475279', 'rolldice': '5152439', 'moon-buggy': '5439204', 'apple': '5495053', 'banana': '5494888', 'cherry': '5495382', 'watermelon': '5494510', 'registry': '8018911', 'hello-world': '8021526', 'docker/getting-started': '8021973', 'alpine': '7991792'}
12:56:56 INFO  EnvironmentC8y Setup
12:56:57 INFO  Executed systemctl&lt;serv_mapper1&gt;, exit status 3
12:56:57 INFO  Restarting mosquitto too frequently in the last 10 seconds. It was only up for 5 seconds
12:56:57 INFO  Delaying execution by 6 seconds
12:57:17 INFO  Executed sudo&lt;tedge_connect_c8y&gt;, exit status 0, duration 13 secs
12:57:18 INFO  Executed sudo&lt;tedge_connect_c8y_test&gt;, exit status 0
12:57:18 INFO  Executed systemctl&lt;serv_mosq2&gt;, exit status 0
12:57:19 INFO  Executed systemctl&lt;serv_mapper3&gt;, exit status 0
12:57:21 INFO  State of current operation: SUCCESSFUL
12:57:21 INFO  Package apple is installed
12:57:21 INFO  Assert that (True == value) with value=True ... passed
12:57:21 INFO  Package banana is installed
12:57:21 INFO  Assert that (True == value) with value=True ... passed
12:57:22 INFO  Package cherry is installed
12:57:22 INFO  Assert that (True == value) with value=True ... passed
12:57:22 INFO  Package asciijump is installed
12:57:22 WARN  Assert that (False == value) with value=True ... failed 
12:57:22 INFO  Assert that (False == value) with value=False ... passed
12:57:22 INFO  Response status: 201
12:57:22 INFO  Response to action: {
    &quot;creationTime&quot;: &quot;2022-07-13T12:57:22.898Z&quot;,
    &quot;deviceName&quot;: &quot;m32sd10a&quot;,
    &quot;deviceId&quot;: &quot;20880101&quot;,
    &quot;self&quot;: &quot;https://t493319102.eu-latest.cumulocity.com/devicecontrol/operations/20885713&quot;,
    &quot;id&quot;: &quot;20885713&quot;,
    &quot;status&quot;: &quot;PENDING&quot;,
    &quot;description&quot;: &quot;Apply software changes, triggered from PySys: [{'action': 'install', 'id': '5495053', 'name': 'apple', 'url': ' ', 'version': '::fruits'}, {'action': 'install', 'id': '5494888', 'name': 'banana', 'url': ' ', 'version': '::fruits'}, {'action': 'install', 'id': '5475369', 'name': 'asciijump', 'url': ' ', 'version': '::apt'}, {'action': 'install', 'id': '5495382', 'name': 'cherry', 'url': ' ', 'version': '::fruits'}, {'action': 'install', 'id': '8018911', 'name': 'registry', 'url': ' ', 'version': '::docker'}]&quot;,
    &quot;c8y_SoftwareUpdate&quot;: [
        {
            &quot;name&quot;: &quot;apple&quot;,
            &quot;action&quot;: &quot;install&quot;,
            &quot;id&quot;: &quot;5495053&quot;,
            &quot;version&quot;: &quot;::fruits&quot;,
            &quot;url&quot;: &quot; &quot;
        },
        {
            &quot;name&quot;: &quot;banana&quot;,
            &quot;action&quot;: &quot;install&quot;,
            &quot;id&quot;: &quot;5494888&quot;,
            &quot;version&quot;: &quot;::fruits&quot;,
            &quot;url&quot;: &quot; &quot;
        },
        {
            &quot;name&quot;: &quot;asciijump&quot;,
            &quot;action&quot;: &quot;install&quot;,
            &quot;id&quot;: &quot;5475369&quot;,
            &quot;version&quot;: &quot;::apt&quot;,
            &quot;url&quot;: &quot; &quot;
        },
        {
            &quot;name&quot;: &quot;cherry&quot;,
            &quot;action&quot;: &quot;install&quot;,
            &quot;id&quot;: &quot;5495382&quot;,
            &quot;version&quot;: &quot;::fruits&quot;,
            &quot;url&quot;: &quot; &quot;
        },
        {
            &quot;name&quot;: &quot;registry&quot;,
            &quot;action&quot;: &quot;install&quot;,
            &quot;id&quot;: &quot;8018911&quot;,
            &quot;version&quot;: &quot;::docker&quot;,
            &quot;url&quot;: &quot; &quot;
        }
    ]
}
12:57:22 INFO  Started operation: {'creationTime': '2022-07-13T12:57:22.898Z', 'deviceName': 'm32sd10a', 'deviceId': '20880101', 'self': 'https://t493319102.eu-latest.cumulocity.com/devicecontrol/operations/20885713', 'id': '20885713', 'status': 'PENDING', 'description': &quot;Apply software changes, triggered from PySys: [{'action': 'install', 'id': '5495053', 'name': 'apple', 'url': ' ', 'version': '::fruits'}, {'action': 'install', 'id': '5494888', 'name': 'banana', 'url': ' ', 'version': '::fruits'}, {'action': 'install', 'id': '5475369', 'name': 'asciijump', 'url': ' ', 'version': '::apt'}, {'action': 'install', 'id': '5495382', 'name': 'cherry', 'url': ' ', 'version': '::fruits'}, {'action': 'install', 'id': '8018911', 'name': 'registry', 'url': ' ', 'version': '::docker'}]&quot;, 'c8y_SoftwareUpdate': [{'name': 'apple', 'action': 'install', 'id': '5495053', 'version': '::fruits', 'url': ' '}, {'name': 'banana', 'action': 'install', 'id': '5494888', 'version': '::fruits', 'url': ' '}, {'name': 'asciijump', 'action': 'install', 'id': '5475369', 'version': '::apt', 'url': ' '}, {'name': 'cherry', 'action': 'install', 'id': '5495382', 'version': '::fruits', 'url': ' '}, {'name': 'registry', 'action': 'install', 'id': '8018911', 'version': '::docker', 'url': ' '}]}
12:57:25 INFO  State of operation 20885713 : PENDING
12:57:27 INFO  State of operation 20885713 : EXECUTING
12:57:29 INFO  State of operation 20885713 : EXECUTING
12:57:31 INFO  State of operation 20885713 : EXECUTING
12:57:34 INFO  State of operation 20885713 : EXECUTING
12:57:36 INFO  State of operation 20885713 : EXECUTING
12:57:39 INFO  State of operation 20885713 : EXECUTING
12:57:41 INFO  State of operation 20885713 : EXECUTING
12:57:44 INFO  State of operation 20885713 : EXECUTING
12:57:46 INFO  State of operation 20885713 : EXECUTING
12:57:48 INFO  State of operation 20885713 : EXECUTING
12:57:50 INFO  State of operation 20885713 : EXECUTING
12:57:53 INFO  State of operation 20885713 : EXECUTING
12:57:55 INFO  State of operation 20885713 : EXECUTING
12:57:57 INFO  State of operation 20885713 : EXECUTING
12:57:59 INFO  State of operation 20885713 : EXECUTING
12:58:02 INFO  State of operation 20885713 : EXECUTING
12:58:04 INFO  State of operation 20885713 : EXECUTING
12:58:06 INFO  State of operation 20885713 : EXECUTING
12:58:09 INFO  State of operation 20885713 : EXECUTING
12:58:11 INFO  State of operation 20885713 : EXECUTING
12:58:13 INFO  State of operation 20885713 : EXECUTING
12:58:16 INFO  State of operation 20885713 : EXECUTING
12:58:18 INFO  State of operation 20885713 : EXECUTING
12:58:20 INFO  State of operation 20885713 : EXECUTING
12:58:22 INFO  State of operation 20885713 : SUCCESSFUL
12:58:23 INFO  Package apple is installed
12:58:23 INFO  Assert that (True == value) with value=True ... passed
12:58:23 INFO  Package banana is installed
12:58:23 INFO  Assert that (True == value) with value=True ... passed
12:58:23 INFO  Package cherry is installed
12:58:23 INFO  Assert that (True == value) with value=True ... passed
12:58:23 INFO  Package asciijump is installed
12:58:23 INFO  Assert that (True == value) with value=True ... passed
12:58:24 INFO  Package registry is installed
12:58:24 INFO  Assert that (True == value) with value=True ... passed
12:58:24 INFO  Response status: 201
12:58:24 INFO  Response to action: {
    &quot;creationTime&quot;: &quot;2022-07-13T12:58:24.447Z&quot;,
    &quot;deviceName&quot;: &quot;m32sd10a&quot;,
    &quot;deviceId&quot;: &quot;20880101&quot;,
    &quot;self&quot;: &quot;https://t493319102.eu-latest.cumulocity.com/devicecontrol/operations/20885721&quot;,
    &quot;id&quot;: &quot;20885721&quot;,
    &quot;status&quot;: &quot;PENDING&quot;,
    &quot;description&quot;: &quot;Apply software changes, triggered from PySys: [{'action': 'delete', 'id': '5495053', 'name': 'apple', 'url': ' ', 'version': '::fruits'}, {'action': 'delete', 'id': '5494888', 'name': 'banana', 'url': ' ', 'version': '::fruits'}, {'action': 'delete', 'id': '5475369', 'name': 'asciijump', 'url': ' ', 'version': '::apt'}, {'action': 'delete', 'id': '5495382', 'name': 'cherry', 'url': ' ', 'version': '::fruits'}, {'action': 'delete', 'id': '8018911', 'name': 'registry', 'url': ' ', 'version': '::docker'}]&quot;,
    &quot;c8y_SoftwareUpdate&quot;: [
        {
            &quot;name&quot;: &quot;apple&quot;,
            &quot;action&quot;: &quot;delete&quot;,
            &quot;id&quot;: &quot;5495053&quot;,
            &quot;version&quot;: &quot;::fruits&quot;,
            &quot;url&quot;: &quot; &quot;
        },
        {
            &quot;name&quot;: &quot;banana&quot;,
            &quot;action&quot;: &quot;delete&quot;,
            &quot;id&quot;: &quot;5494888&quot;,
            &quot;version&quot;: &quot;::fruits&quot;,
            &quot;url&quot;: &quot; &quot;
        },
        {
            &quot;name&quot;: &quot;asciijump&quot;,
            &quot;action&quot;: &quot;delete&quot;,
            &quot;id&quot;: &quot;5475369&quot;,
            &quot;version&quot;: &quot;::apt&quot;,
            &quot;url&quot;: &quot; &quot;
        },
        {
            &quot;name&quot;: &quot;cherry&quot;,
            &quot;action&quot;: &quot;delete&quot;,
            &quot;id&quot;: &quot;5495382&quot;,
            &quot;version&quot;: &quot;::fruits&quot;,
            &quot;url&quot;: &quot; &quot;
        },
        {
            &quot;name&quot;: &quot;registry&quot;,
            &quot;action&quot;: &quot;delete&quot;,
            &quot;id&quot;: &quot;8018911&quot;,
            &quot;version&quot;: &quot;::docker&quot;,
            &quot;url&quot;: &quot; &quot;
        }
    ]
}
12:58:24 INFO  Started operation: {'creationTime': '2022-07-13T12:58:24.447Z', 'deviceName': 'm32sd10a', 'deviceId': '20880101', 'self': 'https://t493319102.eu-latest.cumulocity.com/devicecontrol/operations/20885721', 'id': '20885721', 'status': 'PENDING', 'description': &quot;Apply software changes, triggered from PySys: [{'action': 'delete', 'id': '5495053', 'name': 'apple', 'url': ' ', 'version': '::fruits'}, {'action': 'delete', 'id': '5494888', 'name': 'banana', 'url': ' ', 'version': '::fruits'}, {'action': 'delete', 'id': '5475369', 'name': 'asciijump', 'url': ' ', 'version': '::apt'}, {'action': 'delete', 'id': '5495382', 'name': 'cherry', 'url': ' ', 'version': '::fruits'}, {'action': 'delete', 'id': '8018911', 'name': 'registry', 'url': ' ', 'version': '::docker'}]&quot;, 'c8y_SoftwareUpdate': [{'name': 'apple', 'action': 'delete', 'id': '5495053', 'version': '::fruits', 'url': ' '}, {'name': 'banana', 'action': 'delete', 'id': '5494888', 'version': '::fruits', 'url': ' '}, {'name': 'asciijump', 'action': 'delete', 'id': '5475369', 'version': '::apt', 'url': ' '}, {'name': 'cherry', 'action': 'delete', 'id': '5495382', 'version': '::fruits', 'url': ' '}, {'name': 'registry', 'action': 'delete', 'id': '8018911', 'version': '::docker', 'url': ' '}]}
12:58:26 INFO  State of operation 20885721 : PENDING
12:58:28 INFO  State of operation 20885721 : EXECUTING
12:58:31 INFO  State of operation 20885721 : EXECUTING
12:58:33 INFO  State of operation 20885721 : EXECUTING
12:58:35 INFO  State of operation 20885721 : EXECUTING
12:58:38 INFO  State of operation 20885721 : EXECUTING
12:58:40 INFO  State of operation 20885721 : EXECUTING
12:58:43 INFO  State of operation 20885721 : EXECUTING
12:58:45 INFO  State of operation 20885721 : EXECUTING
12:58:47 INFO  State of operation 20885721 : EXECUTING
12:58:50 INFO  State of operation 20885721 : EXECUTING
12:58:52 INFO  State of operation 20885721 : EXECUTING
12:58:54 INFO  State of operation 20885721 : EXECUTING
12:58:57 INFO  State of operation 20885721 : EXECUTING
12:58:59 INFO  State of operation 20885721 : EXECUTING
12:59:01 INFO  State of operation 20885721 : EXECUTING
12:59:04 INFO  State of operation 20885721 : EXECUTING
12:59:07 INFO  State of operation 20885721 : EXECUTING
12:59:09 INFO  State of operation 20885721 : EXECUTING
12:59:11 INFO  State of operation 20885721 : EXECUTING
12:59:13 INFO  State of operation 20885721 : EXECUTING
12:59:16 INFO  State of operation 20885721 : EXECUTING
12:59:18 INFO  State of operation 20885721 : EXECUTING
12:59:21 INFO  State of operation 20885721 : EXECUTING
12:59:23 INFO  State of operation 20885721 : EXECUTING
12:59:25 INFO  State of operation 20885721 : EXECUTING
12:59:28 INFO  State of operation 20885721 : EXECUTING
12:59:30 INFO  State of operation 20885721 : EXECUTING
12:59:32 INFO  State of operation 20885721 : EXECUTING
12:59:34 INFO  State of operation 20885721 : SUCCESSFUL
12:59:35 INFO  Package apple is installed
12:59:35 INFO  Assert that (True == value) with value=True ... passed
12:59:35 INFO  Package banana is installed
12:59:35 INFO  Assert that (True == value) with value=True ... passed
12:59:35 INFO  Package cherry is installed
12:59:35 INFO  Assert that (True == value) with value=True ... passed
12:59:35 INFO  Assert that (False == value) with value=False ... passed
12:59:36 INFO  Assert that (False == value) with value=False ... passed
12:59:36 INFO  
12:59:36 INFO  cleanup:
12:59:40 INFO  Executed sudo&lt;tedge_disconnect_c8y&gt;, exit status 0
12:59:40 INFO  Executed systemctl&lt;serv_mapper5&gt;, exit status 3
12:59:40 INFO  
12:59:40 INFO  Test duration: 163.81 secs
12:59:40 INFO  Test final outcome:  FAILED
12:59:40 INFO  Test outcome reason: Assert that (False == value) with value=True
12:59:40 INFO  
</system-out>
	</testcase>
</testsuite>
