<?xml version="1.0" encoding="utf-8"?>
<testsuite failures="1" name="SoftwareManagement.sm_apt_install_remove_multiple_mixed" skipped="0" tests="1" time="179.74" timestamp="2022-07-22T00:13:12">
	<testcase classname="PySysTest" name="SoftwareManagement.sm_apt_install_remove_multiple_mixed">
		<failure message="BLOCKED: SystemError: Timeout while waiting for status SUCCESSFUL or False (+1 other failures)" type="BLOCKED"/>
		<system-out>00:10:13 INFO  ==============================================================
00:10:13 INFO  Id:    SoftwareManagement.sm_apt_install_remove_multiple_mixed
00:10:13 INFO  Dir:   software_management_end_to_end/
00:10:13 INFO  Title: Validate end to end behaviour for the apt plugin for multiple packages with mixed versions
00:10:13 INFO  ==============================================================
00:10:13 INFO  Using sw id database: {'asciijump': '5475369', 'robotfindskitten': '5474869', 'squirrel3': '5475279', 'rolldice': '5152439', 'moon-buggy': '5439204', 'apple': '5495053', 'banana': '5494888', 'cherry': '5495382', 'watermelon': '5494510', 'registry': '8018911', 'hello-world': '8021526', 'docker/getting-started': '8021973', 'alpine': '7991792'}
00:10:13 INFO  EnvironmentC8y Setup
00:10:13 INFO  Executed systemctl&lt;serv_mapper1&gt;, exit status 3
00:10:13 INFO  Restarting mosquitto too frequently in the last 10 seconds. It was only up for 5 seconds
00:10:13 INFO  Delaying execution by 6 seconds
00:10:33 INFO  Executed sudo&lt;tedge_connect_c8y&gt;, exit status 0, duration 14 secs
00:10:34 INFO  Executed sudo&lt;tedge_connect_c8y_test&gt;, exit status 0
00:10:35 INFO  Executed systemctl&lt;serv_mosq2&gt;, exit status 0
00:10:35 INFO  Executed systemctl&lt;serv_mapper3&gt;, exit status 0
00:10:37 INFO  State of current operation: SUCCESSFUL
00:10:38 INFO  Assert that (False == value) with value=False ... passed
00:10:38 INFO  Assert that (False == value) with value=False ... passed
00:10:38 INFO  Assert that (False == value) with value=False ... passed
00:10:38 INFO  Assert that (False == value) with value=False ... passed
00:10:39 INFO  Package moon-buggy is installed
00:10:39 WARN  Assert that (False == value) with value=True ... failed 
00:10:40 INFO  Response status: 201
00:10:40 INFO  Response to action: {
    &quot;creationTime&quot;: &quot;2022-07-22T00:10:40.414Z&quot;,
    &quot;deviceId&quot;: &quot;21164556&quot;,
    &quot;deviceName&quot;: &quot;m32sd10a&quot;,
    &quot;self&quot;: &quot;https://t493319102.eu-latest.cumulocity.com/devicecontrol/operations/21210867&quot;,
    &quot;id&quot;: &quot;21210867&quot;,
    &quot;status&quot;: &quot;PENDING&quot;,
    &quot;description&quot;: &quot;Apply software changes, triggered from PySys: [{'action': 'install', 'id': '5475369', 'name': 'asciijump', 'url': ' ', 'version': '::apt'}, {'action': 'install', 'id': '5474869', 'name': 'robotfindskitten', 'url': ' ', 'version': ' '}, {'action': 'install', 'id': '5475279', 'name': 'squirrel3', 'url': ' ', 'version': '3.1-7::apt'}, {'action': 'install', 'id': '5152439', 'name': 'rolldice', 'url': ' ', 'version': '1.16-1+b1'}, {'action': 'install', 'id': '5439204', 'name': 'moon-buggy', 'url': ' ', 'version': '1:1.0.51-12'}, {'action': 'install', 'id': '5475369', 'name': 'asciijump', 'url': ' ', 'version': '::apt'}]&quot;,
    &quot;c8y_SoftwareUpdate&quot;: [
        {
            &quot;name&quot;: &quot;asciijump&quot;,
            &quot;action&quot;: &quot;install&quot;,
            &quot;id&quot;: &quot;5475369&quot;,
            &quot;version&quot;: &quot;::apt&quot;,
            &quot;url&quot;: &quot; &quot;
        },
        {
            &quot;name&quot;: &quot;robotfindskitten&quot;,
            &quot;action&quot;: &quot;install&quot;,
            &quot;id&quot;: &quot;5474869&quot;,
            &quot;version&quot;: &quot; &quot;,
            &quot;url&quot;: &quot; &quot;
        },
        {
            &quot;name&quot;: &quot;squirrel3&quot;,
            &quot;action&quot;: &quot;install&quot;,
            &quot;id&quot;: &quot;5475279&quot;,
            &quot;version&quot;: &quot;3.1-7::apt&quot;,
            &quot;url&quot;: &quot; &quot;
        },
        {
            &quot;name&quot;: &quot;rolldice&quot;,
            &quot;action&quot;: &quot;install&quot;,
            &quot;id&quot;: &quot;5152439&quot;,
            &quot;version&quot;: &quot;1.16-1+b1&quot;,
            &quot;url&quot;: &quot; &quot;
        },
        {
            &quot;name&quot;: &quot;moon-buggy&quot;,
            &quot;action&quot;: &quot;install&quot;,
            &quot;id&quot;: &quot;5439204&quot;,
            &quot;version&quot;: &quot;1:1.0.51-12&quot;,
            &quot;url&quot;: &quot; &quot;
        },
        {
            &quot;name&quot;: &quot;asciijump&quot;,
            &quot;action&quot;: &quot;install&quot;,
            &quot;id&quot;: &quot;5475369&quot;,
            &quot;version&quot;: &quot;::apt&quot;,
            &quot;url&quot;: &quot; &quot;
        }
    ]
}
00:10:40 INFO  Started operation: {'creationTime': '2022-07-22T00:10:40.414Z', 'deviceId': '21164556', 'deviceName': 'm32sd10a', 'self': 'https://t493319102.eu-latest.cumulocity.com/devicecontrol/operations/21210867', 'id': '21210867', 'status': 'PENDING', 'description': &quot;Apply software changes, triggered from PySys: [{'action': 'install', 'id': '5475369', 'name': 'asciijump', 'url': ' ', 'version': '::apt'}, {'action': 'install', 'id': '5474869', 'name': 'robotfindskitten', 'url': ' ', 'version': ' '}, {'action': 'install', 'id': '5475279', 'name': 'squirrel3', 'url': ' ', 'version': '3.1-7::apt'}, {'action': 'install', 'id': '5152439', 'name': 'rolldice', 'url': ' ', 'version': '1.16-1+b1'}, {'action': 'install', 'id': '5439204', 'name': 'moon-buggy', 'url': ' ', 'version': '1:1.0.51-12'}, {'action': 'install', 'id': '5475369', 'name': 'asciijump', 'url': ' ', 'version': '::apt'}]&quot;, 'c8y_SoftwareUpdate': [{'name': 'asciijump', 'action': 'install', 'id': '5475369', 'version': '::apt', 'url': ' '}, {'name': 'robotfindskitten', 'action': 'install', 'id': '5474869', 'version': ' ', 'url': ' '}, {'name': 'squirrel3', 'action': 'install', 'id': '5475279', 'version': '3.1-7::apt', 'url': ' '}, {'name': 'rolldice', 'action': 'install', 'id': '5152439', 'version': '1.16-1+b1', 'url': ' '}, {'name': 'moon-buggy', 'action': 'install', 'id': '5439204', 'version': '1:1.0.51-12', 'url': ' '}, {'name': 'asciijump', 'action': 'install', 'id': '5475369', 'version': '::apt', 'url': ' '}]}
00:10:42 INFO  State of operation 21210867 : PENDING
00:10:44 INFO  State of operation 21210867 : EXECUTING
00:10:47 INFO  State of operation 21210867 : EXECUTING
00:10:49 INFO  State of operation 21210867 : EXECUTING
00:10:51 INFO  State of operation 21210867 : EXECUTING
00:10:53 INFO  State of operation 21210867 : EXECUTING
00:10:56 INFO  State of operation 21210867 : EXECUTING
00:10:59 INFO  State of operation 21210867 : EXECUTING
00:11:01 INFO  State of operation 21210867 : EXECUTING
00:11:04 INFO  State of operation 21210867 : EXECUTING
00:11:06 INFO  State of operation 21210867 : EXECUTING
00:11:08 INFO  State of operation 21210867 : EXECUTING
00:11:11 INFO  State of operation 21210867 : EXECUTING
00:11:13 INFO  State of operation 21210867 : EXECUTING
00:11:15 INFO  State of operation 21210867 : EXECUTING
00:11:17 INFO  State of operation 21210867 : EXECUTING
00:11:19 INFO  State of operation 21210867 : EXECUTING
00:11:22 INFO  State of operation 21210867 : EXECUTING
00:11:24 INFO  State of operation 21210867 : EXECUTING
00:11:27 INFO  State of operation 21210867 : EXECUTING
00:11:29 INFO  State of operation 21210867 : EXECUTING
00:11:31 INFO  State of operation 21210867 : EXECUTING
00:11:34 INFO  State of operation 21210867 : EXECUTING
00:11:36 INFO  State of operation 21210867 : EXECUTING
00:11:39 INFO  State of operation 21210867 : EXECUTING
00:11:41 INFO  State of operation 21210867 : EXECUTING
00:11:44 INFO  State of operation 21210867 : EXECUTING
00:11:46 INFO  State of operation 21210867 : EXECUTING
00:11:49 INFO  State of operation 21210867 : EXECUTING
00:11:51 INFO  State of operation 21210867 : EXECUTING
00:11:54 INFO  State of operation 21210867 : EXECUTING
00:11:56 INFO  State of operation 21210867 : EXECUTING
00:11:58 INFO  State of operation 21210867 : EXECUTING
00:12:00 INFO  State of operation 21210867 : EXECUTING
00:12:03 INFO  State of operation 21210867 : EXECUTING
00:12:05 INFO  State of operation 21210867 : EXECUTING
00:12:07 INFO  State of operation 21210867 : EXECUTING
00:12:09 INFO  State of operation 21210867 : EXECUTING
00:12:12 INFO  State of operation 21210867 : EXECUTING
00:12:14 INFO  State of operation 21210867 : EXECUTING
00:12:16 INFO  State of operation 21210867 : EXECUTING
00:12:19 INFO  State of operation 21210867 : EXECUTING
00:12:22 INFO  State of operation 21210867 : EXECUTING
00:12:24 INFO  State of operation 21210867 : EXECUTING
00:12:26 INFO  State of operation 21210867 : EXECUTING
00:12:29 INFO  State of operation 21210867 : EXECUTING
00:12:31 INFO  State of operation 21210867 : EXECUTING
00:12:33 INFO  State of operation 21210867 : EXECUTING
00:12:35 INFO  State of operation 21210867 : EXECUTING
00:12:37 INFO  State of operation 21210867 : EXECUTING
00:12:40 INFO  State of operation 21210867 : EXECUTING
00:12:43 INFO  State of operation 21210867 : EXECUTING
00:12:45 INFO  State of operation 21210867 : EXECUTING
00:12:47 INFO  State of operation 21210867 : EXECUTING
00:12:49 INFO  State of operation 21210867 : EXECUTING
00:12:52 INFO  State of operation 21210867 : EXECUTING
00:12:54 INFO  State of operation 21210867 : EXECUTING
00:12:57 INFO  State of operation 21210867 : EXECUTING
00:12:59 INFO  State of operation 21210867 : EXECUTING
00:13:02 INFO  State of operation 21210867 : EXECUTING
00:13:04 INFO  State of operation 21210867 : EXECUTING
00:13:06 WARN  SystemError occurred while running test - Timeout while waiting for status SUCCESSFUL or False
Traceback (most recent call last):
  File &quot;/home/pi/env-pysys/lib/python3.7/site-packages/pysys/baserunner.py&quot;, line 1294, in __call__
    self.testObj.execute()
  File &quot;/home/pi/actions-runner/_work/thin-edge.io/thin-edge.io/tests/PySys/software_management_end_to_end/sm_apt_install_remove_multiple_mixed/run.py&quot;, line 89, in execute
    self.wait_until_succcess()
  File &quot;/home/pi/actions-runner/_work/thin-edge.io/thin-edge.io/tests/PySys/software_management_end_to_end/environment_sm_management.py&quot;, line 324, in wait_until_succcess
    self.wait_until_status(&quot;SUCCESSFUL&quot;)
  File &quot;/home/pi/actions-runner/_work/thin-edge.io/thin-edge.io/tests/PySys/software_management_end_to_end/environment_sm_management.py&quot;, line 381, in wait_until_status
    &quot;Timeout while waiting for status %s or %s&quot; % (status, status2)
SystemError: Timeout while waiting for status SUCCESSFUL or False
00:13:06 WARN  SystemError: Timeout while waiting for status SUCCESSFUL or False ... blocked 
00:13:06 INFO  
00:13:06 INFO  cleanup:
00:13:12 INFO  Executed sudo&lt;tedge_disconnect_c8y&gt;, exit status 0
00:13:12 INFO  Executed systemctl&lt;serv_mapper5&gt;, exit status 3
00:13:12 INFO  
00:13:12 INFO  Test duration: 179.74 secs
00:13:12 INFO  Test final outcome:  BLOCKED
00:13:12 INFO  Test outcome reason: SystemError: Timeout while waiting for status SUCCESSFUL or False (+1 other failures)
00:13:12 INFO  
</system-out>
	</testcase>
</testsuite>
