<?xml version="1.0" encoding="utf-8"?>
<testsuite failures="1" name="SoftwareManagement.sm_apt_install_fail" skipped="0" tests="1" time="166.61" timestamp="2022-05-23T17:56:48">
	<testcase classname="PySysTest" name="SoftwareManagement.sm_apt_install_fail">
		<failure message="BLOCKED: SystemError: Timeout while waiting for status FAILED or SUCCESSFUL" type="BLOCKED"/>
		<system-out>17:54:02 INFO  ==============================================================
17:54:02 INFO  Id:    SoftwareManagement.sm_apt_install_fail
17:54:02 INFO  Dir:   software_management_end_to_end/
17:54:02 INFO  Title: Validate end to end behaviour for a failing installation
17:54:02 INFO  ==============================================================
17:54:02 INFO  Using sw id database: {'asciijump': '5475369', 'robotfindskitten': '5474869', 'squirrel3': '5475279', 'rolldice': '5152439', 'moon-buggy': '5439204', 'apple': '5495053', 'banana': '5494888', 'cherry': '5495382', 'watermelon': '5494510', 'registry': '8018911', 'hello-world': '8021526', 'docker/getting-started': '8021973', 'alpine': '7991792'}
17:54:02 INFO  EnvironmentC8y Setup
17:54:02 INFO  Executed systemctl&lt;serv_mapper1&gt;, exit status 3
17:54:02 INFO  Restarting mosquitto too frequently in the last 10 seconds. It was only up for 4 seconds
17:54:02 INFO  Delaying execution by 7 seconds
17:54:23 INFO  Executed sudo&lt;tedge_connect_c8y&gt;, exit status 0, duration 14 secs
17:54:24 INFO  Executed sudo&lt;tedge_connect_c8y_test&gt;, exit status 0
17:54:25 INFO  Executed systemctl&lt;serv_mosq2&gt;, exit status 0
17:54:25 INFO  Executed systemctl&lt;serv_mapper3&gt;, exit status 0
17:54:27 INFO  State of current operation: PENDING
17:54:29 INFO  State of current operation: PENDING
17:54:32 INFO  State of current operation: PENDING
17:54:34 INFO  State of current operation: PENDING
17:54:36 INFO  State of current operation: PENDING
17:54:38 INFO  State of current operation: PENDING
17:54:41 INFO  State of current operation: PENDING
17:54:43 INFO  State of current operation: PENDING
17:54:45 INFO  State of current operation: PENDING
17:54:47 INFO  State of current operation: PENDING
17:54:50 INFO  State of current operation: PENDING
17:54:52 INFO  State of current operation: PENDING
17:54:54 INFO  State of current operation: PENDING
17:54:56 INFO  State of current operation: PENDING
17:54:59 INFO  State of current operation: PENDING
17:55:01 INFO  State of current operation: PENDING
17:55:03 INFO  State of current operation: PENDING
17:55:05 INFO  State of current operation: PENDING
17:55:07 INFO  State of current operation: PENDING
17:55:10 INFO  State of current operation: PENDING
17:55:12 INFO  State of current operation: PENDING
17:55:14 INFO  State of current operation: PENDING
17:55:16 INFO  State of current operation: PENDING
17:55:19 INFO  State of current operation: PENDING
17:55:21 INFO  State of current operation: PENDING
17:55:23 INFO  State of current operation: PENDING
17:55:25 INFO  State of current operation: PENDING
17:55:28 INFO  State of current operation: PENDING
17:55:30 INFO  State of current operation: PENDING
17:55:32 INFO  State of current operation: PENDING
17:55:34 INFO  State of current operation: PENDING
17:55:37 INFO  State of current operation: PENDING
17:55:39 INFO  State of current operation: PENDING
17:55:41 INFO  State of current operation: PENDING
17:55:43 INFO  State of current operation: PENDING
17:55:45 INFO  State of current operation: PENDING
17:55:48 INFO  State of current operation: PENDING
17:55:50 INFO  State of current operation: PENDING
17:55:52 INFO  State of current operation: PENDING
17:55:54 INFO  State of current operation: PENDING
17:55:57 INFO  State of current operation: PENDING
17:55:59 INFO  State of current operation: PENDING
17:56:01 INFO  State of current operation: PENDING
17:56:03 INFO  State of current operation: PENDING
17:56:06 INFO  State of current operation: PENDING
17:56:08 INFO  State of current operation: PENDING
17:56:10 INFO  State of current operation: PENDING
17:56:12 INFO  State of current operation: PENDING
17:56:15 INFO  State of current operation: PENDING
17:56:17 INFO  State of current operation: PENDING
17:56:19 INFO  State of current operation: PENDING
17:56:21 INFO  State of current operation: PENDING
17:56:23 INFO  State of current operation: PENDING
17:56:26 INFO  State of current operation: PENDING
17:56:28 INFO  State of current operation: PENDING
17:56:30 INFO  State of current operation: PENDING
17:56:32 INFO  State of current operation: PENDING
17:56:35 INFO  State of current operation: PENDING
17:56:37 INFO  State of current operation: PENDING
17:56:39 INFO  State of current operation: PENDING
17:56:41 INFO  State of current operation: PENDING
17:56:43 WARN  SystemError occurred while running test - Timeout while waiting for status FAILED or SUCCESSFUL
Traceback (most recent call last):
  File &quot;/home/pi/env-pysys/lib/python3.7/site-packages/pysys/baserunner.py&quot;, line 1292, in __call__
    self.testObj.setup()
  File &quot;/home/pi/actions-runner/_work/thin-edge.io/thin-edge.io/tests/PySys/software_management_end_to_end/sm_apt_install_fail/run.py&quot;, line 20, in setup
    super().setup()
  File &quot;/home/pi/actions-runner/_work/thin-edge.io/thin-edge.io/tests/PySys/software_management_end_to_end/environment_sm_management.py&quot;, line 151, in setup
    self.wait_until_end()
  File &quot;/home/pi/actions-runner/_work/thin-edge.io/thin-edge.io/tests/PySys/software_management_end_to_end/environment_sm_management.py&quot;, line 332, in wait_until_end
    self.wait_until_status(&quot;FAILED&quot;, &quot;SUCCESSFUL&quot;)
  File &quot;/home/pi/actions-runner/_work/thin-edge.io/thin-edge.io/tests/PySys/software_management_end_to_end/environment_sm_management.py&quot;, line 381, in wait_until_status
    &quot;Timeout while waiting for status %s or %s&quot; % (status, status2)
SystemError: Timeout while waiting for status FAILED or SUCCESSFUL
17:56:43 WARN  SystemError: Timeout while waiting for status FAILED or SUCCESSFUL ... blocked 
17:56:43 INFO  
17:56:43 INFO  cleanup:
17:56:48 INFO  Executed sudo&lt;tedge_disconnect_c8y&gt;, exit status 0
17:56:48 INFO  Executed systemctl&lt;serv_mapper5&gt;, exit status 3
17:56:48 INFO  
17:56:48 INFO  Test duration: 166.61 secs
17:56:48 INFO  Test final outcome:  BLOCKED
17:56:48 INFO  Test outcome reason: SystemError: Timeout while waiting for status FAILED or SUCCESSFUL
17:56:48 INFO  
</system-out>
	</testcase>
</testsuite>
