<?xml version="1.0" encoding="utf-8"?>
<testsuite failures="1" name="SoftwareManagement.sm_apt_install_fail" skipped="0" tests="1" time="165.65" timestamp="2022-05-23T12:15:28">
	<testcase classname="PySysTest" name="SoftwareManagement.sm_apt_install_fail">
		<failure message="BLOCKED: SystemError: Timeout while waiting for status FAILED or SUCCESSFUL" type="BLOCKED"/>
		<system-out>12:12:42 INFO  ==============================================================
12:12:42 INFO  Id:    SoftwareManagement.sm_apt_install_fail
12:12:42 INFO  Dir:   software_management_end_to_end/
12:12:42 INFO  Title: Validate end to end behaviour for a failing installation
12:12:42 INFO  ==============================================================
12:12:42 INFO  Using sw id database: {'asciijump': '5475369', 'robotfindskitten': '5474869', 'squirrel3': '5475279', 'rolldice': '5152439', 'moon-buggy': '5439204', 'apple': '5495053', 'banana': '5494888', 'cherry': '5495382', 'watermelon': '5494510', 'registry': '8018911', 'hello-world': '8021526', 'docker/getting-started': '8021973', 'alpine': '7991792'}
12:12:42 INFO  EnvironmentC8y Setup
12:12:43 INFO  Executed systemctl&lt;serv_mapper1&gt;, exit status 3
12:12:43 INFO  Restarting mosquitto too frequently in the last 10 seconds. It was only up for 5 seconds
12:12:43 INFO  Delaying execution by 6 seconds
12:13:03 INFO  Executed sudo&lt;tedge_connect_c8y&gt;, exit status 0, duration 14 secs
12:13:04 INFO  Executed sudo&lt;tedge_connect_c8y_test&gt;, exit status 0
12:13:04 INFO  Executed systemctl&lt;serv_mosq2&gt;, exit status 0
12:13:05 INFO  Executed systemctl&lt;serv_mapper3&gt;, exit status 0
12:13:07 INFO  State of current operation: PENDING
12:13:09 INFO  State of current operation: PENDING
12:13:11 INFO  State of current operation: PENDING
12:13:13 INFO  State of current operation: PENDING
12:13:16 INFO  State of current operation: PENDING
12:13:18 INFO  State of current operation: PENDING
12:13:20 INFO  State of current operation: PENDING
12:13:22 INFO  State of current operation: PENDING
12:13:25 INFO  State of current operation: PENDING
12:13:27 INFO  State of current operation: PENDING
12:13:29 INFO  State of current operation: PENDING
12:13:31 INFO  State of current operation: PENDING
12:13:33 INFO  State of current operation: PENDING
12:13:36 INFO  State of current operation: PENDING
12:13:38 INFO  State of current operation: PENDING
12:13:41 INFO  State of current operation: PENDING
12:13:43 INFO  State of current operation: PENDING
12:13:45 INFO  State of current operation: PENDING
12:13:47 INFO  State of current operation: PENDING
12:13:49 INFO  State of current operation: PENDING
12:13:52 INFO  State of current operation: PENDING
12:13:54 INFO  State of current operation: PENDING
12:13:56 INFO  State of current operation: PENDING
12:13:58 INFO  State of current operation: PENDING
12:14:01 INFO  State of current operation: PENDING
12:14:03 INFO  State of current operation: PENDING
12:14:05 INFO  State of current operation: PENDING
12:14:07 INFO  State of current operation: PENDING
12:14:10 INFO  State of current operation: PENDING
12:14:12 INFO  State of current operation: PENDING
12:14:14 INFO  State of current operation: PENDING
12:14:16 INFO  State of current operation: PENDING
12:14:18 INFO  State of current operation: PENDING
12:14:21 INFO  State of current operation: PENDING
12:14:23 INFO  State of current operation: PENDING
12:14:25 INFO  State of current operation: PENDING
12:14:27 INFO  State of current operation: PENDING
12:14:30 INFO  State of current operation: PENDING
12:14:32 INFO  State of current operation: PENDING
12:14:34 INFO  State of current operation: PENDING
12:14:36 INFO  State of current operation: PENDING
12:14:39 INFO  State of current operation: PENDING
12:14:41 INFO  State of current operation: PENDING
12:14:43 INFO  State of current operation: PENDING
12:14:45 INFO  State of current operation: PENDING
12:14:47 INFO  State of current operation: PENDING
12:14:50 INFO  State of current operation: PENDING
12:14:52 INFO  State of current operation: PENDING
12:14:54 INFO  State of current operation: PENDING
12:14:56 INFO  State of current operation: PENDING
12:14:59 INFO  State of current operation: PENDING
12:15:01 INFO  State of current operation: PENDING
12:15:03 INFO  State of current operation: PENDING
12:15:05 INFO  State of current operation: PENDING
12:15:08 INFO  State of current operation: PENDING
12:15:10 INFO  State of current operation: PENDING
12:15:12 INFO  State of current operation: PENDING
12:15:14 INFO  State of current operation: PENDING
12:15:17 INFO  State of current operation: PENDING
12:15:19 INFO  State of current operation: PENDING
12:15:21 INFO  State of current operation: PENDING
12:15:23 WARN  SystemError occurred while running test - Timeout while waiting for status FAILED or SUCCESSFUL
Traceback (most recent call last):
  File &quot;/home/pi/env-pysys/lib/python3.7/site-packages/pysys/baserunner.py&quot;, line 1292, in __call__
    self.testObj.setup()
  File &quot;/home/pi/actions-runner/_work/thin-edge.io/thin-edge.io/tests/PySys/software_management_end_to_end/sm_apt_install_fail/run.py&quot;, line 20, in setup
    super().setup()
  File &quot;/home/pi/actions-runner/_work/thin-edge.io/thin-edge.io/tests/PySys/software_management_end_to_end/environment_sm_management.py&quot;, line 151, in setup
    self.wait_until_end()
  File &quot;/home/pi/actions-runner/_work/thin-edge.io/thin-edge.io/tests/PySys/software_management_end_to_end/environment_sm_management.py&quot;, line 332, in wait_until_end
    self.wait_until_status(&quot;FAILED&quot;, &quot;SUCCESSFUL&quot;)
  File &quot;/home/pi/actions-runner/_work/thin-edge.io/thin-edge.io/tests/PySys/software_management_end_to_end/environment_sm_management.py&quot;, line 381, in wait_until_status
    &quot;Timeout while waiting for status %s or %s&quot; % (status, status2)
SystemError: Timeout while waiting for status FAILED or SUCCESSFUL
12:15:23 WARN  SystemError: Timeout while waiting for status FAILED or SUCCESSFUL ... blocked 
12:15:23 INFO  
12:15:23 INFO  cleanup:
12:15:27 INFO  Executed sudo&lt;tedge_disconnect_c8y&gt;, exit status 0
12:15:28 INFO  Executed systemctl&lt;serv_mapper5&gt;, exit status 3
12:15:28 INFO  
12:15:28 INFO  Test duration: 165.65 secs
12:15:28 INFO  Test final outcome:  BLOCKED
12:15:28 INFO  Test outcome reason: SystemError: Timeout while waiting for status FAILED or SUCCESSFUL
12:15:28 INFO  
</system-out>
	</testcase>
</testsuite>
