<?xml version="1.0" encoding="utf-8"?>
<testsuite failures="1" name="SoftwareManagement.sm_apt_install_remove_multiple" skipped="0" tests="1" time="137.9" timestamp="2022-06-22T15:04:51">
	<testcase classname="PySysTest" name="SoftwareManagement.sm_apt_install_remove_multiple">
		<failure message="FAILED: Assert that (False == value) with value=True (+2 other failures)" type="FAILED"/>
		<system-out>15:02:33 INFO  ==============================================================
15:02:33 INFO  Id:    SoftwareManagement.sm_apt_install_remove_multiple
15:02:33 INFO  Dir:   software_management_end_to_end/
15:02:33 INFO  Title: Validate end to end behaviour for the apt plugin for multiple packages
15:02:33 INFO  ==============================================================
15:02:33 INFO  Using sw id database: {'asciijump': '5475369', 'robotfindskitten': '5474869', 'squirrel3': '5475279', 'rolldice': '5152439', 'moon-buggy': '5439204', 'apple': '5495053', 'banana': '5494888', 'cherry': '5495382', 'watermelon': '5494510', 'registry': '8018911', 'hello-world': '8021526', 'docker/getting-started': '8021973', 'alpine': '7991792'}
15:02:33 INFO  EnvironmentC8y Setup
15:02:33 INFO  Executed systemctl&lt;serv_mapper1&gt;, exit status 3
15:02:33 INFO  Restarting mosquitto too frequently in the last 10 seconds. It was only up for 5 seconds
15:02:33 INFO  Delaying execution by 6 seconds
15:02:54 INFO  Executed sudo&lt;tedge_connect_c8y&gt;, exit status 0, duration 14 secs
15:02:54 INFO  Executed sudo&lt;tedge_connect_c8y_test&gt;, exit status 0
15:02:55 INFO  Executed systemctl&lt;serv_mosq2&gt;, exit status 0
15:02:55 INFO  Executed systemctl&lt;serv_mapper3&gt;, exit status 0
15:02:57 INFO  State of current operation: SUCCESSFUL
15:02:58 INFO  Assert that (False == value) with value=False ... passed
15:02:58 INFO  Package asciijump is installed
15:02:58 WARN  Assert that (False == value) with value=True ... failed 
15:02:58 INFO  Package squirrel3 is installed
15:02:58 WARN  Assert that (False == value) with value=True ... failed 
15:02:59 INFO  Package robotfindskitten is installed
15:02:59 WARN  Assert that (False == value) with value=True ... failed 
15:02:59 INFO  Response status: 201
15:02:59 INFO  Response to action: {
    &quot;creationTime&quot;: &quot;2022-06-22T15:02:59.331Z&quot;,
    &quot;deviceName&quot;: &quot;m32sd10a&quot;,
    &quot;deviceId&quot;: &quot;20403780&quot;,
    &quot;self&quot;: &quot;https://t493319102.eu-latest.cumulocity.com/devicecontrol/operations/20413806&quot;,
    &quot;id&quot;: &quot;20413806&quot;,
    &quot;status&quot;: &quot;PENDING&quot;,
    &quot;description&quot;: &quot;Apply software changes, triggered from PySys: [{'action': 'install', 'id': '5475369', 'name': 'asciijump', 'url': ' ', 'version': '::apt'}, {'action': 'install', 'id': '5474869', 'name': 'robotfindskitten', 'url': ' ', 'version': '::apt'}, {'action': 'install', 'id': '5475279', 'name': 'squirrel3', 'url': ' ', 'version': '::apt'}]&quot;,
    &quot;c8y_SoftwareUpdate&quot;: [
        {
            &quot;name&quot;: &quot;asciijump&quot;,
            &quot;action&quot;: &quot;install&quot;,
            &quot;id&quot;: &quot;5475369&quot;,
            &quot;version&quot;: &quot;::apt&quot;,
            &quot;url&quot;: &quot; &quot;
        },
        {
            &quot;name&quot;: &quot;robotfindskitten&quot;,
            &quot;action&quot;: &quot;install&quot;,
            &quot;id&quot;: &quot;5474869&quot;,
            &quot;version&quot;: &quot;::apt&quot;,
            &quot;url&quot;: &quot; &quot;
        },
        {
            &quot;name&quot;: &quot;squirrel3&quot;,
            &quot;action&quot;: &quot;install&quot;,
            &quot;id&quot;: &quot;5475279&quot;,
            &quot;version&quot;: &quot;::apt&quot;,
            &quot;url&quot;: &quot; &quot;
        }
    ]
}
15:02:59 INFO  Started operation: {'creationTime': '2022-06-22T15:02:59.331Z', 'deviceName': 'm32sd10a', 'deviceId': '20403780', 'self': 'https://t493319102.eu-latest.cumulocity.com/devicecontrol/operations/20413806', 'id': '20413806', 'status': 'PENDING', 'description': &quot;Apply software changes, triggered from PySys: [{'action': 'install', 'id': '5475369', 'name': 'asciijump', 'url': ' ', 'version': '::apt'}, {'action': 'install', 'id': '5474869', 'name': 'robotfindskitten', 'url': ' ', 'version': '::apt'}, {'action': 'install', 'id': '5475279', 'name': 'squirrel3', 'url': ' ', 'version': '::apt'}]&quot;, 'c8y_SoftwareUpdate': [{'name': 'asciijump', 'action': 'install', 'id': '5475369', 'version': '::apt', 'url': ' '}, {'name': 'robotfindskitten', 'action': 'install', 'id': '5474869', 'version': '::apt', 'url': ' '}, {'name': 'squirrel3', 'action': 'install', 'id': '5475279', 'version': '::apt', 'url': ' '}]}
15:03:01 INFO  State of operation 20413806 : PENDING
15:03:04 INFO  State of operation 20413806 : EXECUTING
15:03:06 INFO  State of operation 20413806 : EXECUTING
15:03:08 INFO  State of operation 20413806 : EXECUTING
15:03:10 INFO  State of operation 20413806 : EXECUTING
15:03:13 INFO  State of operation 20413806 : EXECUTING
15:03:15 INFO  State of operation 20413806 : EXECUTING
15:03:18 INFO  State of operation 20413806 : EXECUTING
15:03:20 INFO  State of operation 20413806 : EXECUTING
15:03:23 INFO  State of operation 20413806 : EXECUTING
15:03:25 INFO  State of operation 20413806 : EXECUTING
15:03:27 INFO  State of operation 20413806 : EXECUTING
15:03:29 INFO  State of operation 20413806 : EXECUTING
15:03:32 INFO  State of operation 20413806 : EXECUTING
15:03:34 INFO  State of operation 20413806 : EXECUTING
15:03:36 INFO  State of operation 20413806 : SUCCESSFUL
15:03:36 INFO  Assert that (False == value) with value=False ... passed
15:03:36 INFO  Package asciijump is installed
15:03:36 INFO  Assert that (True == value) with value=True ... passed
15:03:37 INFO  Package squirrel3 is installed
15:03:37 INFO  Assert that (True == value) with value=True ... passed
15:03:37 INFO  Package robotfindskitten is installed
15:03:37 INFO  Assert that (True == value) with value=True ... passed
15:03:37 INFO  Response status: 201
15:03:37 INFO  Response to action: {
    &quot;creationTime&quot;: &quot;2022-06-22T15:03:37.657Z&quot;,
    &quot;deviceName&quot;: &quot;m32sd10a&quot;,
    &quot;deviceId&quot;: &quot;20403780&quot;,
    &quot;self&quot;: &quot;https://t493319102.eu-latest.cumulocity.com/devicecontrol/operations/20413814&quot;,
    &quot;id&quot;: &quot;20413814&quot;,
    &quot;status&quot;: &quot;PENDING&quot;,
    &quot;description&quot;: &quot;Apply software changes, triggered from PySys: [{'action': 'delete', 'id': '5475369', 'name': 'asciijump', 'url': ' ', 'version': '::apt'}, {'action': 'delete', 'id': '5474869', 'name': 'robotfindskitten', 'url': ' ', 'version': '::apt'}, {'action': 'delete', 'id': '5475279', 'name': 'squirrel3', 'url': ' ', 'version': '::apt'}]&quot;,
    &quot;c8y_SoftwareUpdate&quot;: [
        {
            &quot;name&quot;: &quot;asciijump&quot;,
            &quot;action&quot;: &quot;delete&quot;,
            &quot;id&quot;: &quot;5475369&quot;,
            &quot;version&quot;: &quot;::apt&quot;,
            &quot;url&quot;: &quot; &quot;
        },
        {
            &quot;name&quot;: &quot;robotfindskitten&quot;,
            &quot;action&quot;: &quot;delete&quot;,
            &quot;id&quot;: &quot;5474869&quot;,
            &quot;version&quot;: &quot;::apt&quot;,
            &quot;url&quot;: &quot; &quot;
        },
        {
            &quot;name&quot;: &quot;squirrel3&quot;,
            &quot;action&quot;: &quot;delete&quot;,
            &quot;id&quot;: &quot;5475279&quot;,
            &quot;version&quot;: &quot;::apt&quot;,
            &quot;url&quot;: &quot; &quot;
        }
    ]
}
15:03:37 INFO  Started operation: {'creationTime': '2022-06-22T15:03:37.657Z', 'deviceName': 'm32sd10a', 'deviceId': '20403780', 'self': 'https://t493319102.eu-latest.cumulocity.com/devicecontrol/operations/20413814', 'id': '20413814', 'status': 'PENDING', 'description': &quot;Apply software changes, triggered from PySys: [{'action': 'delete', 'id': '5475369', 'name': 'asciijump', 'url': ' ', 'version': '::apt'}, {'action': 'delete', 'id': '5474869', 'name': 'robotfindskitten', 'url': ' ', 'version': '::apt'}, {'action': 'delete', 'id': '5475279', 'name': 'squirrel3', 'url': ' ', 'version': '::apt'}]&quot;, 'c8y_SoftwareUpdate': [{'name': 'asciijump', 'action': 'delete', 'id': '5475369', 'version': '::apt', 'url': ' '}, {'name': 'robotfindskitten', 'action': 'delete', 'id': '5474869', 'version': '::apt', 'url': ' '}, {'name': 'squirrel3', 'action': 'delete', 'id': '5475279', 'version': '::apt', 'url': ' '}]}
15:03:39 INFO  State of operation 20413814 : PENDING
15:03:42 INFO  State of operation 20413814 : EXECUTING
15:03:44 INFO  State of operation 20413814 : EXECUTING
15:03:46 INFO  State of operation 20413814 : EXECUTING
15:03:48 INFO  State of operation 20413814 : EXECUTING
15:03:51 INFO  State of operation 20413814 : EXECUTING
15:03:53 INFO  State of operation 20413814 : EXECUTING
15:03:56 INFO  State of operation 20413814 : EXECUTING
15:03:58 INFO  State of operation 20413814 : EXECUTING
15:04:01 INFO  State of operation 20413814 : EXECUTING
15:04:03 INFO  State of operation 20413814 : EXECUTING
15:04:05 INFO  State of operation 20413814 : EXECUTING
15:04:08 INFO  State of operation 20413814 : EXECUTING
15:04:10 INFO  State of operation 20413814 : EXECUTING
15:04:12 INFO  State of operation 20413814 : EXECUTING
15:04:14 INFO  State of operation 20413814 : EXECUTING
15:04:17 INFO  State of operation 20413814 : EXECUTING
15:04:19 INFO  State of operation 20413814 : EXECUTING
15:04:22 INFO  State of operation 20413814 : EXECUTING
15:04:24 INFO  State of operation 20413814 : EXECUTING
15:04:26 INFO  State of operation 20413814 : EXECUTING
15:04:29 INFO  State of operation 20413814 : EXECUTING
15:04:31 INFO  State of operation 20413814 : EXECUTING
15:04:33 INFO  State of operation 20413814 : EXECUTING
15:04:35 INFO  State of operation 20413814 : EXECUTING
15:04:38 INFO  State of operation 20413814 : EXECUTING
15:04:40 INFO  State of operation 20413814 : EXECUTING
15:04:43 INFO  State of operation 20413814 : EXECUTING
15:04:45 INFO  State of operation 20413814 : SUCCESSFUL
15:04:45 INFO  Assert that (False == value) with value=False ... passed
15:04:45 INFO  Assert that (False == value) with value=False ... passed
15:04:46 INFO  Assert that (False == value) with value=False ... passed
15:04:46 INFO  Assert that (False == value) with value=False ... passed
15:04:46 INFO  
15:04:46 INFO  cleanup:
15:04:50 INFO  Executed sudo&lt;tedge_disconnect_c8y&gt;, exit status 0
15:04:51 INFO  Executed systemctl&lt;serv_mapper5&gt;, exit status 3
15:04:51 INFO  
15:04:51 INFO  Test duration: 137.90 secs
15:04:51 INFO  Test final outcome:  FAILED
15:04:51 INFO  Test outcome reason: Assert that (False == value) with value=True (+2 other failures)
15:04:51 INFO  
</system-out>
	</testcase>
</testsuite>
