<?xml version="1.0" encoding="utf-8"?>
<testsuite failures="1" name="SoftwareManagement.sm_apt_install_remove_multiple" skipped="0" tests="1" time="140.36" timestamp="2022-07-20T11:56:01">
	<testcase classname="PySysTest" name="SoftwareManagement.sm_apt_install_remove_multiple">
		<failure message="FAILED: Assert that (False == value) with value=True (+2 other failures)" type="FAILED"/>
		<system-out>11:53:41 INFO  ==============================================================
11:53:41 INFO  Id:    SoftwareManagement.sm_apt_install_remove_multiple
11:53:41 INFO  Dir:   software_management_end_to_end/
11:53:41 INFO  Title: Validate end to end behaviour for the apt plugin for multiple packages
11:53:41 INFO  ==============================================================
11:53:41 INFO  Using sw id database: {'asciijump': '5475369', 'robotfindskitten': '5474869', 'squirrel3': '5475279', 'rolldice': '5152439', 'moon-buggy': '5439204', 'apple': '5495053', 'banana': '5494888', 'cherry': '5495382', 'watermelon': '5494510', 'registry': '8018911', 'hello-world': '8021526', 'docker/getting-started': '8021973', 'alpine': '7991792'}
11:53:41 INFO  EnvironmentC8y Setup
11:53:42 INFO  Executed systemctl&lt;serv_mapper1&gt;, exit status 3
11:53:42 INFO  Restarting mosquitto too frequently in the last 10 seconds. It was only up for 4 seconds
11:53:42 INFO  Delaying execution by 7 seconds
11:54:03 INFO  Executed sudo&lt;tedge_connect_c8y&gt;, exit status 0, duration 13 secs
11:54:03 INFO  Executed sudo&lt;tedge_connect_c8y_test&gt;, exit status 0
11:54:04 INFO  Executed systemctl&lt;serv_mosq2&gt;, exit status 0
11:54:04 INFO  Executed systemctl&lt;serv_mapper3&gt;, exit status 0
11:54:07 INFO  State of current operation: SUCCESSFUL
11:54:07 INFO  Assert that (False == value) with value=False ... passed
11:54:07 INFO  Package asciijump is installed
11:54:07 WARN  Assert that (False == value) with value=True ... failed 
11:54:08 INFO  Package squirrel3 is installed
11:54:08 WARN  Assert that (False == value) with value=True ... failed 
11:54:08 INFO  Package robotfindskitten is installed
11:54:08 WARN  Assert that (False == value) with value=True ... failed 
11:54:08 INFO  Response status: 201
11:54:08 INFO  Response to action: {
    &quot;creationTime&quot;: &quot;2022-07-20T11:54:08.566Z&quot;,
    &quot;deviceId&quot;: &quot;21052799&quot;,
    &quot;deviceName&quot;: &quot;m32sd10a&quot;,
    &quot;self&quot;: &quot;https://t493319102.eu-latest.cumulocity.com/devicecontrol/operations/21082512&quot;,
    &quot;id&quot;: &quot;21082512&quot;,
    &quot;status&quot;: &quot;PENDING&quot;,
    &quot;description&quot;: &quot;Apply software changes, triggered from PySys: [{'action': 'install', 'id': '5475369', 'name': 'asciijump', 'url': ' ', 'version': '::apt'}, {'action': 'install', 'id': '5474869', 'name': 'robotfindskitten', 'url': ' ', 'version': '::apt'}, {'action': 'install', 'id': '5475279', 'name': 'squirrel3', 'url': ' ', 'version': '::apt'}]&quot;,
    &quot;c8y_SoftwareUpdate&quot;: [
        {
            &quot;name&quot;: &quot;asciijump&quot;,
            &quot;action&quot;: &quot;install&quot;,
            &quot;id&quot;: &quot;5475369&quot;,
            &quot;version&quot;: &quot;::apt&quot;,
            &quot;url&quot;: &quot; &quot;
        },
        {
            &quot;name&quot;: &quot;robotfindskitten&quot;,
            &quot;action&quot;: &quot;install&quot;,
            &quot;id&quot;: &quot;5474869&quot;,
            &quot;version&quot;: &quot;::apt&quot;,
            &quot;url&quot;: &quot; &quot;
        },
        {
            &quot;name&quot;: &quot;squirrel3&quot;,
            &quot;action&quot;: &quot;install&quot;,
            &quot;id&quot;: &quot;5475279&quot;,
            &quot;version&quot;: &quot;::apt&quot;,
            &quot;url&quot;: &quot; &quot;
        }
    ]
}
11:54:08 INFO  Started operation: {'creationTime': '2022-07-20T11:54:08.566Z', 'deviceId': '21052799', 'deviceName': 'm32sd10a', 'self': 'https://t493319102.eu-latest.cumulocity.com/devicecontrol/operations/21082512', 'id': '21082512', 'status': 'PENDING', 'description': &quot;Apply software changes, triggered from PySys: [{'action': 'install', 'id': '5475369', 'name': 'asciijump', 'url': ' ', 'version': '::apt'}, {'action': 'install', 'id': '5474869', 'name': 'robotfindskitten', 'url': ' ', 'version': '::apt'}, {'action': 'install', 'id': '5475279', 'name': 'squirrel3', 'url': ' ', 'version': '::apt'}]&quot;, 'c8y_SoftwareUpdate': [{'name': 'asciijump', 'action': 'install', 'id': '5475369', 'version': '::apt', 'url': ' '}, {'name': 'robotfindskitten', 'action': 'install', 'id': '5474869', 'version': '::apt', 'url': ' '}, {'name': 'squirrel3', 'action': 'install', 'id': '5475279', 'version': '::apt', 'url': ' '}]}
11:54:10 INFO  State of operation 21082512 : PENDING
11:54:13 INFO  State of operation 21082512 : EXECUTING
11:54:15 INFO  State of operation 21082512 : EXECUTING
11:54:17 INFO  State of operation 21082512 : EXECUTING
11:54:19 INFO  State of operation 21082512 : EXECUTING
11:54:21 INFO  State of operation 21082512 : EXECUTING
11:54:24 INFO  State of operation 21082512 : EXECUTING
11:54:27 INFO  State of operation 21082512 : EXECUTING
11:54:29 INFO  State of operation 21082512 : EXECUTING
11:54:32 INFO  State of operation 21082512 : EXECUTING
11:54:34 INFO  State of operation 21082512 : EXECUTING
11:54:36 INFO  State of operation 21082512 : EXECUTING
11:54:38 INFO  State of operation 21082512 : EXECUTING
11:54:41 INFO  State of operation 21082512 : EXECUTING
11:54:43 INFO  State of operation 21082512 : EXECUTING
11:54:45 INFO  State of operation 21082512 : SUCCESSFUL
11:54:45 INFO  Assert that (False == value) with value=False ... passed
11:54:46 INFO  Package asciijump is installed
11:54:46 INFO  Assert that (True == value) with value=True ... passed
11:54:46 INFO  Package squirrel3 is installed
11:54:46 INFO  Assert that (True == value) with value=True ... passed
11:54:46 INFO  Package robotfindskitten is installed
11:54:46 INFO  Assert that (True == value) with value=True ... passed
11:54:46 INFO  Response status: 201
11:54:46 INFO  Response to action: {
    &quot;creationTime&quot;: &quot;2022-07-20T11:54:46.662Z&quot;,
    &quot;deviceId&quot;: &quot;21052799&quot;,
    &quot;deviceName&quot;: &quot;m32sd10a&quot;,
    &quot;self&quot;: &quot;https://t493319102.eu-latest.cumulocity.com/devicecontrol/operations/21082520&quot;,
    &quot;id&quot;: &quot;21082520&quot;,
    &quot;status&quot;: &quot;PENDING&quot;,
    &quot;description&quot;: &quot;Apply software changes, triggered from PySys: [{'action': 'delete', 'id': '5475369', 'name': 'asciijump', 'url': ' ', 'version': '::apt'}, {'action': 'delete', 'id': '5474869', 'name': 'robotfindskitten', 'url': ' ', 'version': '::apt'}, {'action': 'delete', 'id': '5475279', 'name': 'squirrel3', 'url': ' ', 'version': '::apt'}]&quot;,
    &quot;c8y_SoftwareUpdate&quot;: [
        {
            &quot;name&quot;: &quot;asciijump&quot;,
            &quot;action&quot;: &quot;delete&quot;,
            &quot;id&quot;: &quot;5475369&quot;,
            &quot;version&quot;: &quot;::apt&quot;,
            &quot;url&quot;: &quot; &quot;
        },
        {
            &quot;name&quot;: &quot;robotfindskitten&quot;,
            &quot;action&quot;: &quot;delete&quot;,
            &quot;id&quot;: &quot;5474869&quot;,
            &quot;version&quot;: &quot;::apt&quot;,
            &quot;url&quot;: &quot; &quot;
        },
        {
            &quot;name&quot;: &quot;squirrel3&quot;,
            &quot;action&quot;: &quot;delete&quot;,
            &quot;id&quot;: &quot;5475279&quot;,
            &quot;version&quot;: &quot;::apt&quot;,
            &quot;url&quot;: &quot; &quot;
        }
    ]
}
11:54:46 INFO  Started operation: {'creationTime': '2022-07-20T11:54:46.662Z', 'deviceId': '21052799', 'deviceName': 'm32sd10a', 'self': 'https://t493319102.eu-latest.cumulocity.com/devicecontrol/operations/21082520', 'id': '21082520', 'status': 'PENDING', 'description': &quot;Apply software changes, triggered from PySys: [{'action': 'delete', 'id': '5475369', 'name': 'asciijump', 'url': ' ', 'version': '::apt'}, {'action': 'delete', 'id': '5474869', 'name': 'robotfindskitten', 'url': ' ', 'version': '::apt'}, {'action': 'delete', 'id': '5475279', 'name': 'squirrel3', 'url': ' ', 'version': '::apt'}]&quot;, 'c8y_SoftwareUpdate': [{'name': 'asciijump', 'action': 'delete', 'id': '5475369', 'version': '::apt', 'url': ' '}, {'name': 'robotfindskitten', 'action': 'delete', 'id': '5474869', 'version': '::apt', 'url': ' '}, {'name': 'squirrel3', 'action': 'delete', 'id': '5475279', 'version': '::apt', 'url': ' '}]}
11:54:48 INFO  State of operation 21082520 : PENDING
11:54:51 INFO  State of operation 21082520 : EXECUTING
11:54:53 INFO  State of operation 21082520 : EXECUTING
11:54:55 INFO  State of operation 21082520 : EXECUTING
11:54:57 INFO  State of operation 21082520 : EXECUTING
11:55:00 INFO  State of operation 21082520 : EXECUTING
11:55:02 INFO  State of operation 21082520 : EXECUTING
11:55:05 INFO  State of operation 21082520 : EXECUTING
11:55:07 INFO  State of operation 21082520 : EXECUTING
11:55:10 INFO  State of operation 21082520 : EXECUTING
11:55:12 INFO  State of operation 21082520 : EXECUTING
11:55:14 INFO  State of operation 21082520 : EXECUTING
11:55:16 INFO  State of operation 21082520 : EXECUTING
11:55:19 INFO  State of operation 21082520 : EXECUTING
11:55:21 INFO  State of operation 21082520 : EXECUTING
11:55:23 INFO  State of operation 21082520 : EXECUTING
11:55:26 INFO  State of operation 21082520 : EXECUTING
11:55:28 INFO  State of operation 21082520 : EXECUTING
11:55:30 INFO  State of operation 21082520 : EXECUTING
11:55:33 INFO  State of operation 21082520 : EXECUTING
11:55:35 INFO  State of operation 21082520 : EXECUTING
11:55:37 INFO  State of operation 21082520 : EXECUTING
11:55:39 INFO  State of operation 21082520 : EXECUTING
11:55:42 INFO  State of operation 21082520 : EXECUTING
11:55:44 INFO  State of operation 21082520 : EXECUTING
11:55:47 INFO  State of operation 21082520 : EXECUTING
11:55:49 INFO  State of operation 21082520 : EXECUTING
11:55:51 INFO  State of operation 21082520 : EXECUTING
11:55:54 INFO  State of operation 21082520 : EXECUTING
11:55:56 INFO  State of operation 21082520 : SUCCESSFUL
11:55:56 INFO  Assert that (False == value) with value=False ... passed
11:55:56 INFO  Assert that (False == value) with value=False ... passed
11:55:57 INFO  Assert that (False == value) with value=False ... passed
11:55:57 INFO  Assert that (False == value) with value=False ... passed
11:55:57 INFO  
11:55:57 INFO  cleanup:
11:56:01 INFO  Executed sudo&lt;tedge_disconnect_c8y&gt;, exit status 0
11:56:01 INFO  Executed systemctl&lt;serv_mapper5&gt;, exit status 3
11:56:01 INFO  
11:56:01 INFO  Test duration: 140.36 secs
11:56:01 INFO  Test final outcome:  FAILED
11:56:01 INFO  Test outcome reason: Assert that (False == value) with value=True (+2 other failures)
11:56:01 INFO  
</system-out>
	</testcase>
</testsuite>
