<?xml version="1.0" encoding="utf-8"?>
<testsuite failures="1" name="SoftwareManagement.sm_apt_install_remove_default" skipped="0" tests="1" time="165.36" timestamp="2022-05-24T16:52:15">
	<testcase classname="PySysTest" name="SoftwareManagement.sm_apt_install_remove_default">
		<failure message="BLOCKED: SystemError: Timeout while waiting for status FAILED or SUCCESSFUL" type="BLOCKED"/>
		<system-out>16:49:30 INFO  ==============================================================
16:49:30 INFO  Id:    SoftwareManagement.sm_apt_install_remove_default
16:49:30 INFO  Dir:   software_management_end_to_end/
16:49:30 INFO  Title: Validate end to end behaviour for the default plugin for installation and removal of packages
16:49:30 INFO  ==============================================================
16:49:30 INFO  Using sw id database: {'asciijump': '5475369', 'robotfindskitten': '5474869', 'squirrel3': '5475279', 'rolldice': '5152439', 'moon-buggy': '5439204', 'apple': '5495053', 'banana': '5494888', 'cherry': '5495382', 'watermelon': '5494510', 'registry': '8018911', 'hello-world': '8021526', 'docker/getting-started': '8021973', 'alpine': '7991792'}
16:49:30 INFO  EnvironmentC8y Setup
16:49:31 INFO  Executed systemctl&lt;serv_mapper1&gt;, exit status 3
16:49:31 INFO  Restarting mosquitto too frequently in the last 10 seconds. It was only up for 5 seconds
16:49:31 INFO  Delaying execution by 6 seconds
16:49:50 INFO  Executed sudo&lt;tedge_connect_c8y&gt;, exit status 0, duration 13 secs
16:49:51 INFO  Executed sudo&lt;tedge_connect_c8y_test&gt;, exit status 0
16:49:52 INFO  Executed systemctl&lt;serv_mosq2&gt;, exit status 0
16:49:52 INFO  Executed systemctl&lt;serv_mapper3&gt;, exit status 0
16:49:54 INFO  State of current operation: PENDING
16:49:57 INFO  State of current operation: PENDING
16:49:59 INFO  State of current operation: PENDING
16:50:01 INFO  State of current operation: PENDING
16:50:03 INFO  State of current operation: PENDING
16:50:06 INFO  State of current operation: PENDING
16:50:08 INFO  State of current operation: PENDING
16:50:10 INFO  State of current operation: PENDING
16:50:12 INFO  State of current operation: PENDING
16:50:15 INFO  State of current operation: PENDING
16:50:17 INFO  State of current operation: PENDING
16:50:19 INFO  State of current operation: PENDING
16:50:21 INFO  State of current operation: PENDING
16:50:23 INFO  State of current operation: PENDING
16:50:26 INFO  State of current operation: PENDING
16:50:28 INFO  State of current operation: PENDING
16:50:30 INFO  State of current operation: PENDING
16:50:32 INFO  State of current operation: PENDING
16:50:35 INFO  State of current operation: PENDING
16:50:37 INFO  State of current operation: PENDING
16:50:39 INFO  State of current operation: PENDING
16:50:41 INFO  State of current operation: PENDING
16:50:44 INFO  State of current operation: PENDING
16:50:46 INFO  State of current operation: PENDING
16:50:48 INFO  State of current operation: PENDING
16:50:50 INFO  State of current operation: PENDING
16:50:53 INFO  State of current operation: PENDING
16:50:55 INFO  State of current operation: PENDING
16:50:57 INFO  State of current operation: PENDING
16:50:59 INFO  State of current operation: PENDING
16:51:02 INFO  State of current operation: PENDING
16:51:04 INFO  State of current operation: PENDING
16:51:06 INFO  State of current operation: PENDING
16:51:08 INFO  State of current operation: PENDING
16:51:10 INFO  State of current operation: PENDING
16:51:13 INFO  State of current operation: PENDING
16:51:15 INFO  State of current operation: PENDING
16:51:17 INFO  State of current operation: PENDING
16:51:19 INFO  State of current operation: PENDING
16:51:22 INFO  State of current operation: PENDING
16:51:24 INFO  State of current operation: PENDING
16:51:26 INFO  State of current operation: PENDING
16:51:28 INFO  State of current operation: PENDING
16:51:31 INFO  State of current operation: PENDING
16:51:33 INFO  State of current operation: PENDING
16:51:35 INFO  State of current operation: PENDING
16:51:37 INFO  State of current operation: PENDING
16:51:39 INFO  State of current operation: PENDING
16:51:42 INFO  State of current operation: PENDING
16:51:44 INFO  State of current operation: PENDING
16:51:46 INFO  State of current operation: PENDING
16:51:48 INFO  State of current operation: PENDING
16:51:51 INFO  State of current operation: PENDING
16:51:53 INFO  State of current operation: PENDING
16:51:55 INFO  State of current operation: PENDING
16:51:57 INFO  State of current operation: PENDING
16:52:00 INFO  State of current operation: PENDING
16:52:02 INFO  State of current operation: PENDING
16:52:04 INFO  State of current operation: PENDING
16:52:06 INFO  State of current operation: PENDING
16:52:08 INFO  State of current operation: PENDING
16:52:10 WARN  SystemError occurred while running test - Timeout while waiting for status FAILED or SUCCESSFUL
Traceback (most recent call last):
  File &quot;/home/pi/env-pysys/lib/python3.7/site-packages/pysys/baserunner.py&quot;, line 1292, in __call__
    self.testObj.setup()
  File &quot;/home/pi/actions-runner/_work/thin-edge.io/thin-edge.io/tests/PySys/software_management_end_to_end/sm_apt_install_remove_default/run.py&quot;, line 26, in setup
    super().setup()
  File &quot;/home/pi/actions-runner/_work/thin-edge.io/thin-edge.io/tests/PySys/software_management_end_to_end/environment_sm_management.py&quot;, line 151, in setup
    self.wait_until_end()
  File &quot;/home/pi/actions-runner/_work/thin-edge.io/thin-edge.io/tests/PySys/software_management_end_to_end/environment_sm_management.py&quot;, line 332, in wait_until_end
    self.wait_until_status(&quot;FAILED&quot;, &quot;SUCCESSFUL&quot;)
  File &quot;/home/pi/actions-runner/_work/thin-edge.io/thin-edge.io/tests/PySys/software_management_end_to_end/environment_sm_management.py&quot;, line 381, in wait_until_status
    &quot;Timeout while waiting for status %s or %s&quot; % (status, status2)
SystemError: Timeout while waiting for status FAILED or SUCCESSFUL
16:52:11 WARN  SystemError: Timeout while waiting for status FAILED or SUCCESSFUL ... blocked 
16:52:11 INFO  
16:52:11 INFO  cleanup:
16:52:15 INFO  Executed sudo&lt;tedge_disconnect_c8y&gt;, exit status 0
16:52:15 INFO  Executed systemctl&lt;serv_mapper5&gt;, exit status 3
16:52:15 INFO  
16:52:15 INFO  Test duration: 165.36 secs
16:52:15 INFO  Test final outcome:  BLOCKED
16:52:15 INFO  Test outcome reason: SystemError: Timeout while waiting for status FAILED or SUCCESSFUL
16:52:15 INFO  
</system-out>
	</testcase>
</testsuite>
