<?xml version="1.0" encoding="utf-8"?>
<testsuite failures="1" name="SoftwareManagement.sm_apt_install_remove_with_version" skipped="0" tests="1" time="165.64" timestamp="2022-05-23T16:19:41">
	<testcase classname="PySysTest" name="SoftwareManagement.sm_apt_install_remove_with_version">
		<failure message="BLOCKED: SystemError: Timeout while waiting for status FAILED or SUCCESSFUL" type="BLOCKED"/>
		<system-out>16:16:56 INFO  ==============================================================
16:16:56 INFO  Id:    SoftwareManagement.sm_apt_install_remove_with_version
16:16:56 INFO  Dir:   software_management_end_to_end/
16:16:56 INFO  Title: Validate end to end behaviour for the apt plugin for packages with version
16:16:56 INFO  ==============================================================
16:16:56 INFO  Using sw id database: {'asciijump': '5475369', 'robotfindskitten': '5474869', 'squirrel3': '5475279', 'rolldice': '5152439', 'moon-buggy': '5439204', 'apple': '5495053', 'banana': '5494888', 'cherry': '5495382', 'watermelon': '5494510', 'registry': '8018911', 'hello-world': '8021526', 'docker/getting-started': '8021973', 'alpine': '7991792'}
16:16:56 INFO  EnvironmentC8y Setup
16:16:56 INFO  Executed systemctl&lt;serv_mapper1&gt;, exit status 3
16:16:57 INFO  Restarting mosquitto too frequently in the last 10 seconds. It was only up for 5 seconds
16:16:57 INFO  Delaying execution by 6 seconds
16:17:17 INFO  Executed sudo&lt;tedge_connect_c8y&gt;, exit status 0, duration 14 secs
16:17:17 INFO  Executed sudo&lt;tedge_connect_c8y_test&gt;, exit status 0
16:17:18 INFO  Executed systemctl&lt;serv_mosq2&gt;, exit status 0
16:17:18 INFO  Executed systemctl&lt;serv_mapper3&gt;, exit status 0
16:17:21 INFO  State of current operation: PENDING
16:17:23 INFO  State of current operation: PENDING
16:17:25 INFO  State of current operation: PENDING
16:17:27 INFO  State of current operation: PENDING
16:17:29 INFO  State of current operation: PENDING
16:17:32 INFO  State of current operation: PENDING
16:17:34 INFO  State of current operation: PENDING
16:17:36 INFO  State of current operation: PENDING
16:17:38 INFO  State of current operation: PENDING
16:17:41 INFO  State of current operation: PENDING
16:17:43 INFO  State of current operation: PENDING
16:17:45 INFO  State of current operation: PENDING
16:17:47 INFO  State of current operation: PENDING
16:17:50 INFO  State of current operation: PENDING
16:17:52 INFO  State of current operation: PENDING
16:17:54 INFO  State of current operation: PENDING
16:17:56 INFO  State of current operation: PENDING
16:17:59 INFO  State of current operation: PENDING
16:18:01 INFO  State of current operation: PENDING
16:18:03 INFO  State of current operation: PENDING
16:18:05 INFO  State of current operation: PENDING
16:18:07 INFO  State of current operation: PENDING
16:18:10 INFO  State of current operation: PENDING
16:18:12 INFO  State of current operation: PENDING
16:18:14 INFO  State of current operation: PENDING
16:18:16 INFO  State of current operation: PENDING
16:18:19 INFO  State of current operation: PENDING
16:18:21 INFO  State of current operation: PENDING
16:18:23 INFO  State of current operation: PENDING
16:18:25 INFO  State of current operation: PENDING
16:18:27 INFO  State of current operation: PENDING
16:18:30 INFO  State of current operation: PENDING
16:18:32 INFO  State of current operation: PENDING
16:18:34 INFO  State of current operation: PENDING
16:18:37 INFO  State of current operation: PENDING
16:18:39 INFO  State of current operation: PENDING
16:18:41 INFO  State of current operation: PENDING
16:18:43 INFO  State of current operation: PENDING
16:18:46 INFO  State of current operation: PENDING
16:18:48 INFO  State of current operation: PENDING
16:18:50 INFO  State of current operation: PENDING
16:18:52 INFO  State of current operation: PENDING
16:18:55 INFO  State of current operation: PENDING
16:18:57 INFO  State of current operation: PENDING
16:18:59 INFO  State of current operation: PENDING
16:19:01 INFO  State of current operation: PENDING
16:19:04 INFO  State of current operation: PENDING
16:19:06 INFO  State of current operation: PENDING
16:19:08 INFO  State of current operation: PENDING
16:19:10 INFO  State of current operation: PENDING
16:19:12 INFO  State of current operation: PENDING
16:19:15 INFO  State of current operation: PENDING
16:19:17 INFO  State of current operation: PENDING
16:19:19 INFO  State of current operation: PENDING
16:19:21 INFO  State of current operation: PENDING
16:19:24 INFO  State of current operation: PENDING
16:19:26 INFO  State of current operation: PENDING
16:19:28 INFO  State of current operation: PENDING
16:19:30 INFO  State of current operation: PENDING
16:19:33 INFO  State of current operation: PENDING
16:19:35 INFO  State of current operation: PENDING
16:19:37 WARN  SystemError occurred while running test - Timeout while waiting for status FAILED or SUCCESSFUL
Traceback (most recent call last):
  File &quot;/home/pi/env-pysys/lib/python3.7/site-packages/pysys/baserunner.py&quot;, line 1292, in __call__
    self.testObj.setup()
  File &quot;/home/pi/actions-runner/_work/thin-edge.io/thin-edge.io/tests/PySys/software_management_end_to_end/sm_apt_install_remove_with_version/run.py&quot;, line 27, in setup
    super().setup()
  File &quot;/home/pi/actions-runner/_work/thin-edge.io/thin-edge.io/tests/PySys/software_management_end_to_end/environment_sm_management.py&quot;, line 151, in setup
    self.wait_until_end()
  File &quot;/home/pi/actions-runner/_work/thin-edge.io/thin-edge.io/tests/PySys/software_management_end_to_end/environment_sm_management.py&quot;, line 332, in wait_until_end
    self.wait_until_status(&quot;FAILED&quot;, &quot;SUCCESSFUL&quot;)
  File &quot;/home/pi/actions-runner/_work/thin-edge.io/thin-edge.io/tests/PySys/software_management_end_to_end/environment_sm_management.py&quot;, line 381, in wait_until_status
    &quot;Timeout while waiting for status %s or %s&quot; % (status, status2)
SystemError: Timeout while waiting for status FAILED or SUCCESSFUL
16:19:37 WARN  SystemError: Timeout while waiting for status FAILED or SUCCESSFUL ... blocked 
16:19:37 INFO  
16:19:37 INFO  cleanup:
16:19:41 INFO  Executed sudo&lt;tedge_disconnect_c8y&gt;, exit status 0
16:19:41 INFO  Executed systemctl&lt;serv_mapper5&gt;, exit status 3
16:19:41 INFO  
16:19:41 INFO  Test duration: 165.64 secs
16:19:41 INFO  Test final outcome:  BLOCKED
16:19:41 INFO  Test outcome reason: SystemError: Timeout while waiting for status FAILED or SUCCESSFUL
16:19:41 INFO  
</system-out>
	</testcase>
</testsuite>
