<?xml version="1.0" encoding="utf-8"?>
<testsuite failures="1" name="SoftwareManagement.sm_apt_install_download_path" skipped="0" tests="1" time="188.2" timestamp="2022-05-23T16:03:04">
	<testcase classname="AptInstallWithDownloadPath" name="SoftwareManagement.sm_apt_install_download_path">
		<failure message="BLOCKED: SystemError: Timeout while waiting for status FAILED or SUCCESSFUL" type="BLOCKED"/>
		<system-out>15:59:56 INFO  ==============================================================
15:59:56 INFO  Id:    SoftwareManagement.sm_apt_install_download_path
15:59:56 INFO  Dir:   software_management_end_to_end/
15:59:56 INFO  Title: Install package to directory specified in tedge config set tmp.path
15:59:56 INFO  ==============================================================
15:59:57 INFO  Using sw id database: {'asciijump': '5475369', 'robotfindskitten': '5474869', 'squirrel3': '5475279', 'rolldice': '5152439', 'moon-buggy': '5439204', 'apple': '5495053', 'banana': '5494888', 'cherry': '5495382', 'watermelon': '5494510', 'registry': '8018911', 'hello-world': '8021526', 'docker/getting-started': '8021973', 'alpine': '7991792'}
15:59:57 INFO  EnvironmentC8y Setup
15:59:58 INFO  Executed systemctl&lt;serv_mapper1&gt;, exit status 3
16:00:12 INFO  Executed sudo&lt;tedge_connect_c8y&gt;, exit status 0, duration 14 secs
16:00:13 INFO  Executed sudo&lt;tedge_connect_c8y_test&gt;, exit status 0
16:00:13 INFO  Executed systemctl&lt;serv_mosq2&gt;, exit status 0
16:00:14 INFO  Executed systemctl&lt;serv_mapper3&gt;, exit status 0
16:00:16 INFO  State of current operation: PENDING
16:00:18 INFO  State of current operation: PENDING
16:00:20 INFO  State of current operation: PENDING
16:00:23 INFO  State of current operation: PENDING
16:00:25 INFO  State of current operation: PENDING
16:00:27 INFO  State of current operation: PENDING
16:00:29 INFO  State of current operation: PENDING
16:00:32 INFO  State of current operation: PENDING
16:00:34 INFO  State of current operation: PENDING
16:00:36 INFO  State of current operation: PENDING
16:00:38 INFO  State of current operation: PENDING
16:00:41 INFO  State of current operation: PENDING
16:00:43 INFO  State of current operation: PENDING
16:00:45 INFO  State of current operation: PENDING
16:00:47 INFO  State of current operation: PENDING
16:00:50 INFO  State of current operation: PENDING
16:00:52 INFO  State of current operation: PENDING
16:00:54 INFO  State of current operation: PENDING
16:00:56 INFO  State of current operation: PENDING
16:00:58 INFO  State of current operation: PENDING
16:01:01 INFO  State of current operation: PENDING
16:01:03 INFO  State of current operation: PENDING
16:01:05 INFO  State of current operation: PENDING
16:01:07 INFO  State of current operation: PENDING
16:01:10 INFO  State of current operation: PENDING
16:01:12 INFO  State of current operation: PENDING
16:01:14 INFO  State of current operation: PENDING
16:01:16 INFO  State of current operation: PENDING
16:01:18 INFO  State of current operation: PENDING
16:01:21 INFO  State of current operation: PENDING
16:01:23 INFO  State of current operation: PENDING
16:01:25 INFO  State of current operation: PENDING
16:01:27 INFO  State of current operation: PENDING
16:01:30 INFO  State of current operation: PENDING
16:01:32 INFO  State of current operation: PENDING
16:01:34 INFO  State of current operation: PENDING
16:01:36 INFO  State of current operation: PENDING
16:01:39 INFO  State of current operation: PENDING
16:01:41 INFO  State of current operation: PENDING
16:01:43 INFO  State of current operation: PENDING
16:01:45 INFO  State of current operation: PENDING
16:01:47 INFO  State of current operation: PENDING
16:01:50 INFO  State of current operation: PENDING
16:01:52 INFO  State of current operation: PENDING
16:01:54 INFO  State of current operation: PENDING
16:01:56 INFO  State of current operation: PENDING
16:01:59 INFO  State of current operation: PENDING
16:02:01 INFO  State of current operation: PENDING
16:02:03 INFO  State of current operation: PENDING
16:02:05 INFO  State of current operation: PENDING
16:02:08 INFO  State of current operation: PENDING
16:02:10 INFO  State of current operation: PENDING
16:02:12 INFO  State of current operation: PENDING
16:02:14 INFO  State of current operation: PENDING
16:02:16 INFO  State of current operation: PENDING
16:02:19 INFO  State of current operation: PENDING
16:02:21 INFO  State of current operation: PENDING
16:02:23 INFO  State of current operation: PENDING
16:02:25 INFO  State of current operation: PENDING
16:02:28 INFO  State of current operation: PENDING
16:02:30 INFO  State of current operation: PENDING
16:02:32 WARN  SystemError occurred while running test - Timeout while waiting for status FAILED or SUCCESSFUL
Traceback (most recent call last):
  File &quot;/home/pi/env-pysys/lib/python3.7/site-packages/pysys/baserunner.py&quot;, line 1292, in __call__
    self.testObj.setup()
  File &quot;/home/pi/actions-runner/_work/thin-edge.io/thin-edge.io/tests/PySys/software_management_end_to_end/sm_apt_install_download_path/run.py&quot;, line 48, in setup
    super().setup()
  File &quot;/home/pi/actions-runner/_work/thin-edge.io/thin-edge.io/tests/PySys/software_management_end_to_end/environment_sm_management.py&quot;, line 151, in setup
    self.wait_until_end()
  File &quot;/home/pi/actions-runner/_work/thin-edge.io/thin-edge.io/tests/PySys/software_management_end_to_end/environment_sm_management.py&quot;, line 332, in wait_until_end
    self.wait_until_status(&quot;FAILED&quot;, &quot;SUCCESSFUL&quot;)
  File &quot;/home/pi/actions-runner/_work/thin-edge.io/thin-edge.io/tests/PySys/software_management_end_to_end/environment_sm_management.py&quot;, line 381, in wait_until_status
    &quot;Timeout while waiting for status %s or %s&quot; % (status, status2)
SystemError: Timeout while waiting for status FAILED or SUCCESSFUL
16:02:32 WARN  SystemError: Timeout while waiting for status FAILED or SUCCESSFUL ... blocked 
16:02:32 INFO  
16:02:32 INFO  cleanup:
16:02:32 INFO  Executed sudo, exit status 0
16:02:33 INFO  Executed sudo, exit status 0
16:02:37 INFO  Executed sudo&lt;tedge_disconnect_c8y&gt;, exit status 0
16:02:37 INFO  Restarting mosquitto too frequently in the last 10 seconds. It was only up for 3 seconds
16:02:37 INFO  Delaying execution by 8 seconds
16:02:59 INFO  Executed sudo&lt;tedge_connect_c8y&gt;, exit status 0, duration 13 secs
16:03:03 INFO  Executed sudo&lt;tedge_disconnect_c8y&gt;, exit status 0
16:03:04 INFO  Executed systemctl&lt;serv_mapper5&gt;, exit status 3
16:03:04 INFO  
16:03:04 INFO  Test duration: 188.20 secs
16:03:04 INFO  Test final outcome:  BLOCKED
16:03:04 INFO  Test outcome reason: SystemError: Timeout while waiting for status FAILED or SUCCESSFUL
16:03:04 INFO  
</system-out>
	</testcase>
</testsuite>
