<?xml version="1.0" encoding="utf-8"?>
<testsuite failures="1" name="SoftwareManagement.sm_mixed_install_remove_multiple" skipped="0" tests="1" time="166.35" timestamp="2022-06-22T17:12:56">
	<testcase classname="PySysTest" name="SoftwareManagement.sm_mixed_install_remove_multiple">
		<failure message="FAILED: Assert that (False == value) with value=True" type="FAILED"/>
		<system-out>17:10:09 INFO  ==============================================================
17:10:09 INFO  Id:    SoftwareManagement.sm_mixed_install_remove_multiple
17:10:09 INFO  Dir:   software_management_end_to_end/
17:10:09 INFO  Title: Validate end to end behaviour for the dummy-plugin for multiple packages with mixed versions
17:10:09 INFO  ==============================================================
17:10:09 INFO  Using sw id database: {'asciijump': '5475369', 'robotfindskitten': '5474869', 'squirrel3': '5475279', 'rolldice': '5152439', 'moon-buggy': '5439204', 'apple': '5495053', 'banana': '5494888', 'cherry': '5495382', 'watermelon': '5494510', 'registry': '8018911', 'hello-world': '8021526', 'docker/getting-started': '8021973', 'alpine': '7991792'}
17:10:09 INFO  EnvironmentC8y Setup
17:10:10 INFO  Executed systemctl&lt;serv_mapper1&gt;, exit status 3
17:10:10 INFO  Restarting mosquitto too frequently in the last 10 seconds. It was only up for 4 seconds
17:10:10 INFO  Delaying execution by 7 seconds
17:10:31 INFO  Executed sudo&lt;tedge_connect_c8y&gt;, exit status 0, duration 14 secs
17:10:32 INFO  Executed sudo&lt;tedge_connect_c8y_test&gt;, exit status 0
17:10:32 INFO  Executed systemctl&lt;serv_mosq2&gt;, exit status 0
17:10:33 INFO  Executed systemctl&lt;serv_mapper3&gt;, exit status 0
17:10:35 INFO  State of current operation: SUCCESSFUL
17:10:35 INFO  Package apple is installed
17:10:35 INFO  Assert that (True == value) with value=True ... passed
17:10:35 INFO  Package banana is installed
17:10:35 INFO  Assert that (True == value) with value=True ... passed
17:10:36 INFO  Package cherry is installed
17:10:36 INFO  Assert that (True == value) with value=True ... passed
17:10:36 INFO  Package asciijump is installed
17:10:36 WARN  Assert that (False == value) with value=True ... failed 
17:10:36 INFO  Assert that (False == value) with value=False ... passed
17:10:36 INFO  Response status: 201
17:10:36 INFO  Response to action: {
    &quot;creationTime&quot;: &quot;2022-06-22T17:10:36.823Z&quot;,
    &quot;deviceName&quot;: &quot;m32sd10a&quot;,
    &quot;deviceId&quot;: &quot;20418368&quot;,
    &quot;self&quot;: &quot;https://t493319102.eu-latest.cumulocity.com/devicecontrol/operations/20427717&quot;,
    &quot;id&quot;: &quot;20427717&quot;,
    &quot;status&quot;: &quot;PENDING&quot;,
    &quot;description&quot;: &quot;Apply software changes, triggered from PySys: [{'action': 'install', 'id': '5495053', 'name': 'apple', 'url': ' ', 'version': '::fruits'}, {'action': 'install', 'id': '5494888', 'name': 'banana', 'url': ' ', 'version': '::fruits'}, {'action': 'install', 'id': '5475369', 'name': 'asciijump', 'url': ' ', 'version': '::apt'}, {'action': 'install', 'id': '5495382', 'name': 'cherry', 'url': ' ', 'version': '::fruits'}, {'action': 'install', 'id': '8018911', 'name': 'registry', 'url': ' ', 'version': '::docker'}]&quot;,
    &quot;c8y_SoftwareUpdate&quot;: [
        {
            &quot;name&quot;: &quot;apple&quot;,
            &quot;action&quot;: &quot;install&quot;,
            &quot;id&quot;: &quot;5495053&quot;,
            &quot;version&quot;: &quot;::fruits&quot;,
            &quot;url&quot;: &quot; &quot;
        },
        {
            &quot;name&quot;: &quot;banana&quot;,
            &quot;action&quot;: &quot;install&quot;,
            &quot;id&quot;: &quot;5494888&quot;,
            &quot;version&quot;: &quot;::fruits&quot;,
            &quot;url&quot;: &quot; &quot;
        },
        {
            &quot;name&quot;: &quot;asciijump&quot;,
            &quot;action&quot;: &quot;install&quot;,
            &quot;id&quot;: &quot;5475369&quot;,
            &quot;version&quot;: &quot;::apt&quot;,
            &quot;url&quot;: &quot; &quot;
        },
        {
            &quot;name&quot;: &quot;cherry&quot;,
            &quot;action&quot;: &quot;install&quot;,
            &quot;id&quot;: &quot;5495382&quot;,
            &quot;version&quot;: &quot;::fruits&quot;,
            &quot;url&quot;: &quot; &quot;
        },
        {
            &quot;name&quot;: &quot;registry&quot;,
            &quot;action&quot;: &quot;install&quot;,
            &quot;id&quot;: &quot;8018911&quot;,
            &quot;version&quot;: &quot;::docker&quot;,
            &quot;url&quot;: &quot; &quot;
        }
    ]
}
17:10:36 INFO  Started operation: {'creationTime': '2022-06-22T17:10:36.823Z', 'deviceName': 'm32sd10a', 'deviceId': '20418368', 'self': 'https://t493319102.eu-latest.cumulocity.com/devicecontrol/operations/20427717', 'id': '20427717', 'status': 'PENDING', 'description': &quot;Apply software changes, triggered from PySys: [{'action': 'install', 'id': '5495053', 'name': 'apple', 'url': ' ', 'version': '::fruits'}, {'action': 'install', 'id': '5494888', 'name': 'banana', 'url': ' ', 'version': '::fruits'}, {'action': 'install', 'id': '5475369', 'name': 'asciijump', 'url': ' ', 'version': '::apt'}, {'action': 'install', 'id': '5495382', 'name': 'cherry', 'url': ' ', 'version': '::fruits'}, {'action': 'install', 'id': '8018911', 'name': 'registry', 'url': ' ', 'version': '::docker'}]&quot;, 'c8y_SoftwareUpdate': [{'name': 'apple', 'action': 'install', 'id': '5495053', 'version': '::fruits', 'url': ' '}, {'name': 'banana', 'action': 'install', 'id': '5494888', 'version': '::fruits', 'url': ' '}, {'name': 'asciijump', 'action': 'install', 'id': '5475369', 'version': '::apt', 'url': ' '}, {'name': 'cherry', 'action': 'install', 'id': '5495382', 'version': '::fruits', 'url': ' '}, {'name': 'registry', 'action': 'install', 'id': '8018911', 'version': '::docker', 'url': ' '}]}
17:10:39 INFO  State of operation 20427717 : PENDING
17:10:41 INFO  State of operation 20427717 : EXECUTING
17:10:43 INFO  State of operation 20427717 : EXECUTING
17:10:45 INFO  State of operation 20427717 : EXECUTING
17:10:48 INFO  State of operation 20427717 : EXECUTING
17:10:50 INFO  State of operation 20427717 : EXECUTING
17:10:53 INFO  State of operation 20427717 : EXECUTING
17:10:55 INFO  State of operation 20427717 : EXECUTING
17:10:58 INFO  State of operation 20427717 : EXECUTING
17:11:00 INFO  State of operation 20427717 : EXECUTING
17:11:02 INFO  State of operation 20427717 : EXECUTING
17:11:05 INFO  State of operation 20427717 : EXECUTING
17:11:07 INFO  State of operation 20427717 : EXECUTING
17:11:09 INFO  State of operation 20427717 : EXECUTING
17:11:11 INFO  State of operation 20427717 : EXECUTING
17:11:13 INFO  State of operation 20427717 : EXECUTING
17:11:16 INFO  State of operation 20427717 : EXECUTING
17:11:18 INFO  State of operation 20427717 : EXECUTING
17:11:20 INFO  State of operation 20427717 : EXECUTING
17:11:22 INFO  State of operation 20427717 : EXECUTING
17:11:25 INFO  State of operation 20427717 : EXECUTING
17:11:27 INFO  State of operation 20427717 : EXECUTING
17:11:29 INFO  State of operation 20427717 : EXECUTING
17:11:31 INFO  State of operation 20427717 : EXECUTING
17:11:34 INFO  State of operation 20427717 : EXECUTING
17:11:36 INFO  State of operation 20427717 : EXECUTING
17:11:38 INFO  State of operation 20427717 : SUCCESSFUL
17:11:38 INFO  Package apple is installed
17:11:38 INFO  Assert that (True == value) with value=True ... passed
17:11:39 INFO  Package banana is installed
17:11:39 INFO  Assert that (True == value) with value=True ... passed
17:11:39 INFO  Package cherry is installed
17:11:39 INFO  Assert that (True == value) with value=True ... passed
17:11:39 INFO  Package asciijump is installed
17:11:39 INFO  Assert that (True == value) with value=True ... passed
17:11:39 INFO  Package registry is installed
17:11:39 INFO  Assert that (True == value) with value=True ... passed
17:11:39 INFO  Response status: 201
17:11:39 INFO  Response to action: {
    &quot;creationTime&quot;: &quot;2022-06-22T17:11:39.907Z&quot;,
    &quot;deviceName&quot;: &quot;m32sd10a&quot;,
    &quot;deviceId&quot;: &quot;20418368&quot;,
    &quot;self&quot;: &quot;https://t493319102.eu-latest.cumulocity.com/devicecontrol/operations/20427729&quot;,
    &quot;id&quot;: &quot;20427729&quot;,
    &quot;status&quot;: &quot;PENDING&quot;,
    &quot;description&quot;: &quot;Apply software changes, triggered from PySys: [{'action': 'delete', 'id': '5495053', 'name': 'apple', 'url': ' ', 'version': '::fruits'}, {'action': 'delete', 'id': '5494888', 'name': 'banana', 'url': ' ', 'version': '::fruits'}, {'action': 'delete', 'id': '5475369', 'name': 'asciijump', 'url': ' ', 'version': '::apt'}, {'action': 'delete', 'id': '5495382', 'name': 'cherry', 'url': ' ', 'version': '::fruits'}, {'action': 'delete', 'id': '8018911', 'name': 'registry', 'url': ' ', 'version': '::docker'}]&quot;,
    &quot;c8y_SoftwareUpdate&quot;: [
        {
            &quot;name&quot;: &quot;apple&quot;,
            &quot;action&quot;: &quot;delete&quot;,
            &quot;id&quot;: &quot;5495053&quot;,
            &quot;version&quot;: &quot;::fruits&quot;,
            &quot;url&quot;: &quot; &quot;
        },
        {
            &quot;name&quot;: &quot;banana&quot;,
            &quot;action&quot;: &quot;delete&quot;,
            &quot;id&quot;: &quot;5494888&quot;,
            &quot;version&quot;: &quot;::fruits&quot;,
            &quot;url&quot;: &quot; &quot;
        },
        {
            &quot;name&quot;: &quot;asciijump&quot;,
            &quot;action&quot;: &quot;delete&quot;,
            &quot;id&quot;: &quot;5475369&quot;,
            &quot;version&quot;: &quot;::apt&quot;,
            &quot;url&quot;: &quot; &quot;
        },
        {
            &quot;name&quot;: &quot;cherry&quot;,
            &quot;action&quot;: &quot;delete&quot;,
            &quot;id&quot;: &quot;5495382&quot;,
            &quot;version&quot;: &quot;::fruits&quot;,
            &quot;url&quot;: &quot; &quot;
        },
        {
            &quot;name&quot;: &quot;registry&quot;,
            &quot;action&quot;: &quot;delete&quot;,
            &quot;id&quot;: &quot;8018911&quot;,
            &quot;version&quot;: &quot;::docker&quot;,
            &quot;url&quot;: &quot; &quot;
        }
    ]
}
17:11:39 INFO  Started operation: {'creationTime': '2022-06-22T17:11:39.907Z', 'deviceName': 'm32sd10a', 'deviceId': '20418368', 'self': 'https://t493319102.eu-latest.cumulocity.com/devicecontrol/operations/20427729', 'id': '20427729', 'status': 'PENDING', 'description': &quot;Apply software changes, triggered from PySys: [{'action': 'delete', 'id': '5495053', 'name': 'apple', 'url': ' ', 'version': '::fruits'}, {'action': 'delete', 'id': '5494888', 'name': 'banana', 'url': ' ', 'version': '::fruits'}, {'action': 'delete', 'id': '5475369', 'name': 'asciijump', 'url': ' ', 'version': '::apt'}, {'action': 'delete', 'id': '5495382', 'name': 'cherry', 'url': ' ', 'version': '::fruits'}, {'action': 'delete', 'id': '8018911', 'name': 'registry', 'url': ' ', 'version': '::docker'}]&quot;, 'c8y_SoftwareUpdate': [{'name': 'apple', 'action': 'delete', 'id': '5495053', 'version': '::fruits', 'url': ' '}, {'name': 'banana', 'action': 'delete', 'id': '5494888', 'version': '::fruits', 'url': ' '}, {'name': 'asciijump', 'action': 'delete', 'id': '5475369', 'version': '::apt', 'url': ' '}, {'name': 'cherry', 'action': 'delete', 'id': '5495382', 'version': '::fruits', 'url': ' '}, {'name': 'registry', 'action': 'delete', 'id': '8018911', 'version': '::docker', 'url': ' '}]}
17:11:42 INFO  State of operation 20427729 : PENDING
17:11:44 INFO  State of operation 20427729 : EXECUTING
17:11:46 INFO  State of operation 20427729 : EXECUTING
17:11:48 INFO  State of operation 20427729 : EXECUTING
17:11:51 INFO  State of operation 20427729 : EXECUTING
17:11:53 INFO  State of operation 20427729 : EXECUTING
17:11:55 INFO  State of operation 20427729 : EXECUTING
17:11:58 INFO  State of operation 20427729 : EXECUTING
17:12:01 INFO  State of operation 20427729 : EXECUTING
17:12:03 INFO  State of operation 20427729 : EXECUTING
17:12:05 INFO  State of operation 20427729 : EXECUTING
17:12:07 INFO  State of operation 20427729 : EXECUTING
17:12:10 INFO  State of operation 20427729 : EXECUTING
17:12:12 INFO  State of operation 20427729 : EXECUTING
17:12:15 INFO  State of operation 20427729 : EXECUTING
17:12:17 INFO  State of operation 20427729 : EXECUTING
17:12:20 INFO  State of operation 20427729 : EXECUTING
17:12:22 INFO  State of operation 20427729 : EXECUTING
17:12:25 INFO  State of operation 20427729 : EXECUTING
17:12:27 INFO  State of operation 20427729 : EXECUTING
17:12:29 INFO  State of operation 20427729 : EXECUTING
17:12:31 INFO  State of operation 20427729 : EXECUTING
17:12:34 INFO  State of operation 20427729 : EXECUTING
17:12:36 INFO  State of operation 20427729 : EXECUTING
17:12:39 INFO  State of operation 20427729 : EXECUTING
17:12:41 INFO  State of operation 20427729 : EXECUTING
17:12:43 INFO  State of operation 20427729 : EXECUTING
17:12:45 INFO  State of operation 20427729 : EXECUTING
17:12:48 INFO  State of operation 20427729 : EXECUTING
17:12:50 INFO  State of operation 20427729 : SUCCESSFUL
17:12:50 INFO  Package apple is installed
17:12:50 INFO  Assert that (True == value) with value=True ... passed
17:12:50 INFO  Package banana is installed
17:12:50 INFO  Assert that (True == value) with value=True ... passed
17:12:51 INFO  Package cherry is installed
17:12:51 INFO  Assert that (True == value) with value=True ... passed
17:12:51 INFO  Assert that (False == value) with value=False ... passed
17:12:51 INFO  Assert that (False == value) with value=False ... passed
17:12:51 INFO  
17:12:51 INFO  cleanup:
17:12:55 INFO  Executed sudo&lt;tedge_disconnect_c8y&gt;, exit status 0
17:12:56 INFO  Executed systemctl&lt;serv_mapper5&gt;, exit status 3
17:12:56 INFO  
17:12:56 INFO  Test duration: 166.35 secs
17:12:56 INFO  Test final outcome:  FAILED
17:12:56 INFO  Test outcome reason: Assert that (False == value) with value=True
17:12:56 INFO  
</system-out>
	</testcase>
</testsuite>
