<?xml version="1.0" encoding="utf-8"?>
<testsuite failures="0" name="SoftwareManagement.sm_mapper_fail_and_reconnect" skipped="1" tests="1" time="0.04" timestamp="2022-05-23T18:18:57">
	<testcase classname="MapperC8yReceiveLastMessageOnRestart" name="SoftwareManagement.sm_mapper_fail_and_reconnect">
		<skipped message="SKIPPED: instable https://github.com/thin-edge/thin-edge.io/issues/752"/>
		<system-out>18:18:57 INFO  ==============================================================
18:18:57 INFO  Id:    SoftwareManagement.sm_mapper_fail_and_reconnect
18:18:57 INFO  Dir:   software_management_end_to_end/
18:18:57 INFO  Title: Validate the tedge-mapper-sm-c8y for receiving the last message on restart
18:18:57 INFO  ==============================================================
18:18:57 INFO  instable https://github.com/thin-edge/thin-edge.io/issues/752 ... skipped
18:18:57 INFO  
18:18:57 INFO  Test duration: 0.04 secs
18:18:57 INFO  Test final outcome:  SKIPPED
18:18:57 INFO  Test outcome reason: instable https://github.com/thin-edge/thin-edge.io/issues/752
18:18:57 INFO  
</system-out>
	</testcase>
</testsuite>
