<?xml version="1.0" encoding="utf-8"?>
<testsuite failures="1" name="SoftwareManagement.sm_mixed_install_remove_multiple" skipped="0" tests="1" time="163.78" timestamp="2022-07-21T22:50:51">
	<testcase classname="PySysTest" name="SoftwareManagement.sm_mixed_install_remove_multiple">
		<failure message="FAILED: Assert that (False == value) with value=True" type="FAILED"/>
		<system-out>22:48:07 INFO  ==============================================================
22:48:07 INFO  Id:    SoftwareManagement.sm_mixed_install_remove_multiple
22:48:07 INFO  Dir:   software_management_end_to_end/
22:48:07 INFO  Title: Validate end to end behaviour for the dummy-plugin for multiple packages with mixed versions
22:48:07 INFO  ==============================================================
22:48:07 INFO  Using sw id database: {'asciijump': '5475369', 'robotfindskitten': '5474869', 'squirrel3': '5475279', 'rolldice': '5152439', 'moon-buggy': '5439204', 'apple': '5495053', 'banana': '5494888', 'cherry': '5495382', 'watermelon': '5494510', 'registry': '8018911', 'hello-world': '8021526', 'docker/getting-started': '8021973', 'alpine': '7991792'}
22:48:07 INFO  EnvironmentC8y Setup
22:48:07 INFO  Executed systemctl&lt;serv_mapper1&gt;, exit status 3
22:48:08 INFO  Restarting mosquitto too frequently in the last 10 seconds. It was only up for 5 seconds
22:48:08 INFO  Delaying execution by 6 seconds
22:48:27 INFO  Executed sudo&lt;tedge_connect_c8y&gt;, exit status 0, duration 13 secs
22:48:28 INFO  Executed sudo&lt;tedge_connect_c8y_test&gt;, exit status 0
22:48:28 INFO  Executed systemctl&lt;serv_mosq2&gt;, exit status 0
22:48:29 INFO  Executed systemctl&lt;serv_mapper3&gt;, exit status 0
22:48:31 INFO  State of current operation: SUCCESSFUL
22:48:31 INFO  Package apple is installed
22:48:31 INFO  Assert that (True == value) with value=True ... passed
22:48:32 INFO  Package banana is installed
22:48:32 INFO  Assert that (True == value) with value=True ... passed
22:48:32 INFO  Package cherry is installed
22:48:32 INFO  Assert that (True == value) with value=True ... passed
22:48:32 INFO  Package asciijump is installed
22:48:32 WARN  Assert that (False == value) with value=True ... failed 
22:48:32 INFO  Assert that (False == value) with value=False ... passed
22:48:33 INFO  Response status: 201
22:48:33 INFO  Response to action: {
    &quot;creationTime&quot;: &quot;2022-07-21T22:48:33.079Z&quot;,
    &quot;deviceId&quot;: &quot;21164556&quot;,
    &quot;deviceName&quot;: &quot;m32sd10a&quot;,
    &quot;self&quot;: &quot;https://t493319102.eu-latest.cumulocity.com/devicecontrol/operations/21201220&quot;,
    &quot;id&quot;: &quot;21201220&quot;,
    &quot;status&quot;: &quot;PENDING&quot;,
    &quot;description&quot;: &quot;Apply software changes, triggered from PySys: [{'action': 'install', 'id': '5495053', 'name': 'apple', 'url': ' ', 'version': '::fruits'}, {'action': 'install', 'id': '5494888', 'name': 'banana', 'url': ' ', 'version': '::fruits'}, {'action': 'install', 'id': '5475369', 'name': 'asciijump', 'url': ' ', 'version': '::apt'}, {'action': 'install', 'id': '5495382', 'name': 'cherry', 'url': ' ', 'version': '::fruits'}, {'action': 'install', 'id': '8018911', 'name': 'registry', 'url': ' ', 'version': '::docker'}]&quot;,
    &quot;c8y_SoftwareUpdate&quot;: [
        {
            &quot;name&quot;: &quot;apple&quot;,
            &quot;action&quot;: &quot;install&quot;,
            &quot;id&quot;: &quot;5495053&quot;,
            &quot;version&quot;: &quot;::fruits&quot;,
            &quot;url&quot;: &quot; &quot;
        },
        {
            &quot;name&quot;: &quot;banana&quot;,
            &quot;action&quot;: &quot;install&quot;,
            &quot;id&quot;: &quot;5494888&quot;,
            &quot;version&quot;: &quot;::fruits&quot;,
            &quot;url&quot;: &quot; &quot;
        },
        {
            &quot;name&quot;: &quot;asciijump&quot;,
            &quot;action&quot;: &quot;install&quot;,
            &quot;id&quot;: &quot;5475369&quot;,
            &quot;version&quot;: &quot;::apt&quot;,
            &quot;url&quot;: &quot; &quot;
        },
        {
            &quot;name&quot;: &quot;cherry&quot;,
            &quot;action&quot;: &quot;install&quot;,
            &quot;id&quot;: &quot;5495382&quot;,
            &quot;version&quot;: &quot;::fruits&quot;,
            &quot;url&quot;: &quot; &quot;
        },
        {
            &quot;name&quot;: &quot;registry&quot;,
            &quot;action&quot;: &quot;install&quot;,
            &quot;id&quot;: &quot;8018911&quot;,
            &quot;version&quot;: &quot;::docker&quot;,
            &quot;url&quot;: &quot; &quot;
        }
    ]
}
22:48:33 INFO  Started operation: {'creationTime': '2022-07-21T22:48:33.079Z', 'deviceId': '21164556', 'deviceName': 'm32sd10a', 'self': 'https://t493319102.eu-latest.cumulocity.com/devicecontrol/operations/21201220', 'id': '21201220', 'status': 'PENDING', 'description': &quot;Apply software changes, triggered from PySys: [{'action': 'install', 'id': '5495053', 'name': 'apple', 'url': ' ', 'version': '::fruits'}, {'action': 'install', 'id': '5494888', 'name': 'banana', 'url': ' ', 'version': '::fruits'}, {'action': 'install', 'id': '5475369', 'name': 'asciijump', 'url': ' ', 'version': '::apt'}, {'action': 'install', 'id': '5495382', 'name': 'cherry', 'url': ' ', 'version': '::fruits'}, {'action': 'install', 'id': '8018911', 'name': 'registry', 'url': ' ', 'version': '::docker'}]&quot;, 'c8y_SoftwareUpdate': [{'name': 'apple', 'action': 'install', 'id': '5495053', 'version': '::fruits', 'url': ' '}, {'name': 'banana', 'action': 'install', 'id': '5494888', 'version': '::fruits', 'url': ' '}, {'name': 'asciijump', 'action': 'install', 'id': '5475369', 'version': '::apt', 'url': ' '}, {'name': 'cherry', 'action': 'install', 'id': '5495382', 'version': '::fruits', 'url': ' '}, {'name': 'registry', 'action': 'install', 'id': '8018911', 'version': '::docker', 'url': ' '}]}
22:48:35 INFO  State of operation 21201220 : PENDING
22:48:37 INFO  State of operation 21201220 : EXECUTING
22:48:39 INFO  State of operation 21201220 : EXECUTING
22:48:42 INFO  State of operation 21201220 : EXECUTING
22:48:44 INFO  State of operation 21201220 : EXECUTING
22:48:46 INFO  State of operation 21201220 : EXECUTING
22:48:49 INFO  State of operation 21201220 : EXECUTING
22:48:52 INFO  State of operation 21201220 : EXECUTING
22:48:54 INFO  State of operation 21201220 : EXECUTING
22:48:56 INFO  State of operation 21201220 : EXECUTING
22:48:59 INFO  State of operation 21201220 : EXECUTING
22:49:01 INFO  State of operation 21201220 : EXECUTING
22:49:03 INFO  State of operation 21201220 : EXECUTING
22:49:05 INFO  State of operation 21201220 : EXECUTING
22:49:08 INFO  State of operation 21201220 : EXECUTING
22:49:10 INFO  State of operation 21201220 : EXECUTING
22:49:12 INFO  State of operation 21201220 : EXECUTING
22:49:14 INFO  State of operation 21201220 : EXECUTING
22:49:17 INFO  State of operation 21201220 : EXECUTING
22:49:19 INFO  State of operation 21201220 : EXECUTING
22:49:21 INFO  State of operation 21201220 : EXECUTING
22:49:23 INFO  State of operation 21201220 : EXECUTING
22:49:26 INFO  State of operation 21201220 : EXECUTING
22:49:28 INFO  State of operation 21201220 : EXECUTING
22:49:30 INFO  State of operation 21201220 : EXECUTING
22:49:32 INFO  State of operation 21201220 : SUCCESSFUL
22:49:32 INFO  Package apple is installed
22:49:32 INFO  Assert that (True == value) with value=True ... passed
22:49:33 INFO  Package banana is installed
22:49:33 INFO  Assert that (True == value) with value=True ... passed
22:49:33 INFO  Package cherry is installed
22:49:33 INFO  Assert that (True == value) with value=True ... passed
22:49:33 INFO  Package asciijump is installed
22:49:33 INFO  Assert that (True == value) with value=True ... passed
22:49:33 INFO  Package registry is installed
22:49:33 INFO  Assert that (True == value) with value=True ... passed
22:49:34 INFO  Response status: 201
22:49:34 INFO  Response to action: {
    &quot;creationTime&quot;: &quot;2022-07-21T22:49:34.082Z&quot;,
    &quot;deviceId&quot;: &quot;21164556&quot;,
    &quot;deviceName&quot;: &quot;m32sd10a&quot;,
    &quot;self&quot;: &quot;https://t493319102.eu-latest.cumulocity.com/devicecontrol/operations/21201230&quot;,
    &quot;id&quot;: &quot;21201230&quot;,
    &quot;status&quot;: &quot;PENDING&quot;,
    &quot;description&quot;: &quot;Apply software changes, triggered from PySys: [{'action': 'delete', 'id': '5495053', 'name': 'apple', 'url': ' ', 'version': '::fruits'}, {'action': 'delete', 'id': '5494888', 'name': 'banana', 'url': ' ', 'version': '::fruits'}, {'action': 'delete', 'id': '5475369', 'name': 'asciijump', 'url': ' ', 'version': '::apt'}, {'action': 'delete', 'id': '5495382', 'name': 'cherry', 'url': ' ', 'version': '::fruits'}, {'action': 'delete', 'id': '8018911', 'name': 'registry', 'url': ' ', 'version': '::docker'}]&quot;,
    &quot;c8y_SoftwareUpdate&quot;: [
        {
            &quot;name&quot;: &quot;apple&quot;,
            &quot;action&quot;: &quot;delete&quot;,
            &quot;id&quot;: &quot;5495053&quot;,
            &quot;version&quot;: &quot;::fruits&quot;,
            &quot;url&quot;: &quot; &quot;
        },
        {
            &quot;name&quot;: &quot;banana&quot;,
            &quot;action&quot;: &quot;delete&quot;,
            &quot;id&quot;: &quot;5494888&quot;,
            &quot;version&quot;: &quot;::fruits&quot;,
            &quot;url&quot;: &quot; &quot;
        },
        {
            &quot;name&quot;: &quot;asciijump&quot;,
            &quot;action&quot;: &quot;delete&quot;,
            &quot;id&quot;: &quot;5475369&quot;,
            &quot;version&quot;: &quot;::apt&quot;,
            &quot;url&quot;: &quot; &quot;
        },
        {
            &quot;name&quot;: &quot;cherry&quot;,
            &quot;action&quot;: &quot;delete&quot;,
            &quot;id&quot;: &quot;5495382&quot;,
            &quot;version&quot;: &quot;::fruits&quot;,
            &quot;url&quot;: &quot; &quot;
        },
        {
            &quot;name&quot;: &quot;registry&quot;,
            &quot;action&quot;: &quot;delete&quot;,
            &quot;id&quot;: &quot;8018911&quot;,
            &quot;version&quot;: &quot;::docker&quot;,
            &quot;url&quot;: &quot; &quot;
        }
    ]
}
22:49:34 INFO  Started operation: {'creationTime': '2022-07-21T22:49:34.082Z', 'deviceId': '21164556', 'deviceName': 'm32sd10a', 'self': 'https://t493319102.eu-latest.cumulocity.com/devicecontrol/operations/21201230', 'id': '21201230', 'status': 'PENDING', 'description': &quot;Apply software changes, triggered from PySys: [{'action': 'delete', 'id': '5495053', 'name': 'apple', 'url': ' ', 'version': '::fruits'}, {'action': 'delete', 'id': '5494888', 'name': 'banana', 'url': ' ', 'version': '::fruits'}, {'action': 'delete', 'id': '5475369', 'name': 'asciijump', 'url': ' ', 'version': '::apt'}, {'action': 'delete', 'id': '5495382', 'name': 'cherry', 'url': ' ', 'version': '::fruits'}, {'action': 'delete', 'id': '8018911', 'name': 'registry', 'url': ' ', 'version': '::docker'}]&quot;, 'c8y_SoftwareUpdate': [{'name': 'apple', 'action': 'delete', 'id': '5495053', 'version': '::fruits', 'url': ' '}, {'name': 'banana', 'action': 'delete', 'id': '5494888', 'version': '::fruits', 'url': ' '}, {'name': 'asciijump', 'action': 'delete', 'id': '5475369', 'version': '::apt', 'url': ' '}, {'name': 'cherry', 'action': 'delete', 'id': '5495382', 'version': '::fruits', 'url': ' '}, {'name': 'registry', 'action': 'delete', 'id': '8018911', 'version': '::docker', 'url': ' '}]}
22:49:36 INFO  State of operation 21201230 : PENDING
22:49:38 INFO  State of operation 21201230 : EXECUTING
22:49:40 INFO  State of operation 21201230 : EXECUTING
22:49:43 INFO  State of operation 21201230 : EXECUTING
22:49:45 INFO  State of operation 21201230 : EXECUTING
22:49:47 INFO  State of operation 21201230 : EXECUTING
22:49:50 INFO  State of operation 21201230 : EXECUTING
22:49:53 INFO  State of operation 21201230 : EXECUTING
22:49:55 INFO  State of operation 21201230 : EXECUTING
22:49:57 INFO  State of operation 21201230 : EXECUTING
22:49:59 INFO  State of operation 21201230 : EXECUTING
22:50:02 INFO  State of operation 21201230 : EXECUTING
22:50:04 INFO  State of operation 21201230 : EXECUTING
22:50:06 INFO  State of operation 21201230 : EXECUTING
22:50:08 INFO  State of operation 21201230 : EXECUTING
22:50:11 INFO  State of operation 21201230 : EXECUTING
22:50:15 INFO  State of operation 21201230 : EXECUTING
22:50:17 INFO  State of operation 21201230 : EXECUTING
22:50:19 INFO  State of operation 21201230 : EXECUTING
22:50:22 INFO  State of operation 21201230 : EXECUTING
22:50:24 INFO  State of operation 21201230 : EXECUTING
22:50:26 INFO  State of operation 21201230 : EXECUTING
22:50:29 INFO  State of operation 21201230 : EXECUTING
22:50:31 INFO  State of operation 21201230 : EXECUTING
22:50:33 INFO  State of operation 21201230 : EXECUTING
22:50:36 INFO  State of operation 21201230 : EXECUTING
22:50:38 INFO  State of operation 21201230 : EXECUTING
22:50:40 INFO  State of operation 21201230 : EXECUTING
22:50:43 INFO  State of operation 21201230 : EXECUTING
22:50:45 INFO  State of operation 21201230 : SUCCESSFUL
22:50:45 INFO  Package apple is installed
22:50:45 INFO  Assert that (True == value) with value=True ... passed
22:50:45 INFO  Package banana is installed
22:50:45 INFO  Assert that (True == value) with value=True ... passed
22:50:45 INFO  Package cherry is installed
22:50:45 INFO  Assert that (True == value) with value=True ... passed
22:50:46 INFO  Assert that (False == value) with value=False ... passed
22:50:46 INFO  Assert that (False == value) with value=False ... passed
22:50:46 INFO  
22:50:46 INFO  cleanup:
22:50:50 INFO  Executed sudo&lt;tedge_disconnect_c8y&gt;, exit status 0
22:50:51 INFO  Executed systemctl&lt;serv_mapper5&gt;, exit status 3
22:50:51 INFO  
22:50:51 INFO  Test duration: 163.78 secs
22:50:51 INFO  Test final outcome:  FAILED
22:50:51 INFO  Test outcome reason: Assert that (False == value) with value=True
22:50:51 INFO  
</system-out>
	</testcase>
</testsuite>
