<?xml version="1.0" encoding="utf-8"?>
<testsuite failures="1" name="SoftwareManagement.sm_apt_install_remove_multiple_mixed" skipped="0" tests="1" time="166.65" timestamp="2022-05-23T12:26:33">
	<testcase classname="PySysTest" name="SoftwareManagement.sm_apt_install_remove_multiple_mixed">
		<failure message="BLOCKED: SystemError: Timeout while waiting for status FAILED or SUCCESSFUL" type="BLOCKED"/>
		<system-out>12:23:47 INFO  ==============================================================
12:23:47 INFO  Id:    SoftwareManagement.sm_apt_install_remove_multiple_mixed
12:23:47 INFO  Dir:   software_management_end_to_end/
12:23:47 INFO  Title: Validate end to end behaviour for the apt plugin for multiple packages with mixed versions
12:23:47 INFO  ==============================================================
12:23:47 INFO  Using sw id database: {'asciijump': '5475369', 'robotfindskitten': '5474869', 'squirrel3': '5475279', 'rolldice': '5152439', 'moon-buggy': '5439204', 'apple': '5495053', 'banana': '5494888', 'cherry': '5495382', 'watermelon': '5494510', 'registry': '8018911', 'hello-world': '8021526', 'docker/getting-started': '8021973', 'alpine': '7991792'}
12:23:47 INFO  EnvironmentC8y Setup
12:23:47 INFO  Executed systemctl&lt;serv_mapper1&gt;, exit status 3
12:23:47 INFO  Restarting mosquitto too frequently in the last 10 seconds. It was only up for 4 seconds
12:23:47 INFO  Delaying execution by 7 seconds
12:24:08 INFO  Executed sudo&lt;tedge_connect_c8y&gt;, exit status 0, duration 13 secs
12:24:09 INFO  Executed sudo&lt;tedge_connect_c8y_test&gt;, exit status 0
12:24:09 INFO  Executed systemctl&lt;serv_mosq2&gt;, exit status 0
12:24:10 INFO  Executed systemctl&lt;serv_mapper3&gt;, exit status 0
12:24:12 INFO  State of current operation: PENDING
12:24:14 INFO  State of current operation: PENDING
12:24:16 INFO  State of current operation: PENDING
12:24:19 INFO  State of current operation: PENDING
12:24:21 INFO  State of current operation: PENDING
12:24:23 INFO  State of current operation: PENDING
12:24:25 INFO  State of current operation: PENDING
12:24:28 INFO  State of current operation: PENDING
12:24:30 INFO  State of current operation: PENDING
12:24:32 INFO  State of current operation: PENDING
12:24:34 INFO  State of current operation: PENDING
12:24:37 INFO  State of current operation: PENDING
12:24:39 INFO  State of current operation: PENDING
12:24:41 INFO  State of current operation: PENDING
12:24:43 INFO  State of current operation: PENDING
12:24:45 INFO  State of current operation: PENDING
12:24:48 INFO  State of current operation: PENDING
12:24:50 INFO  State of current operation: PENDING
12:24:52 INFO  State of current operation: PENDING
12:24:54 INFO  State of current operation: PENDING
12:24:57 INFO  State of current operation: PENDING
12:24:59 INFO  State of current operation: PENDING
12:25:01 INFO  State of current operation: PENDING
12:25:04 INFO  State of current operation: PENDING
12:25:06 INFO  State of current operation: PENDING
12:25:08 INFO  State of current operation: PENDING
12:25:10 INFO  State of current operation: PENDING
12:25:13 INFO  State of current operation: PENDING
12:25:15 INFO  State of current operation: PENDING
12:25:17 INFO  State of current operation: PENDING
12:25:19 INFO  State of current operation: PENDING
12:25:22 INFO  State of current operation: PENDING
12:25:24 INFO  State of current operation: PENDING
12:25:26 INFO  State of current operation: PENDING
12:25:28 INFO  State of current operation: PENDING
12:25:31 INFO  State of current operation: PENDING
12:25:33 INFO  State of current operation: PENDING
12:25:35 INFO  State of current operation: PENDING
12:25:37 INFO  State of current operation: PENDING
12:25:40 INFO  State of current operation: PENDING
12:25:42 INFO  State of current operation: PENDING
12:25:44 INFO  State of current operation: PENDING
12:25:46 INFO  State of current operation: PENDING
12:25:48 INFO  State of current operation: PENDING
12:25:51 INFO  State of current operation: PENDING
12:25:53 INFO  State of current operation: PENDING
12:25:55 INFO  State of current operation: PENDING
12:25:57 INFO  State of current operation: PENDING
12:26:00 INFO  State of current operation: PENDING
12:26:02 INFO  State of current operation: PENDING
12:26:04 INFO  State of current operation: PENDING
12:26:06 INFO  State of current operation: PENDING
12:26:09 INFO  State of current operation: PENDING
12:26:11 INFO  State of current operation: PENDING
12:26:13 INFO  State of current operation: PENDING
12:26:15 INFO  State of current operation: PENDING
12:26:18 INFO  State of current operation: PENDING
12:26:20 INFO  State of current operation: PENDING
12:26:22 INFO  State of current operation: PENDING
12:26:24 INFO  State of current operation: PENDING
12:26:26 INFO  State of current operation: PENDING
12:26:28 WARN  SystemError occurred while running test - Timeout while waiting for status FAILED or SUCCESSFUL
Traceback (most recent call last):
  File &quot;/home/pi/env-pysys/lib/python3.7/site-packages/pysys/baserunner.py&quot;, line 1292, in __call__
    self.testObj.setup()
  File &quot;/home/pi/actions-runner/_work/thin-edge.io/thin-edge.io/tests/PySys/software_management_end_to_end/sm_apt_install_remove_multiple_mixed/run.py&quot;, line 73, in setup
    super().setup()
  File &quot;/home/pi/actions-runner/_work/thin-edge.io/thin-edge.io/tests/PySys/software_management_end_to_end/environment_sm_management.py&quot;, line 151, in setup
    self.wait_until_end()
  File &quot;/home/pi/actions-runner/_work/thin-edge.io/thin-edge.io/tests/PySys/software_management_end_to_end/environment_sm_management.py&quot;, line 332, in wait_until_end
    self.wait_until_status(&quot;FAILED&quot;, &quot;SUCCESSFUL&quot;)
  File &quot;/home/pi/actions-runner/_work/thin-edge.io/thin-edge.io/tests/PySys/software_management_end_to_end/environment_sm_management.py&quot;, line 381, in wait_until_status
    &quot;Timeout while waiting for status %s or %s&quot; % (status, status2)
SystemError: Timeout while waiting for status FAILED or SUCCESSFUL
12:26:28 WARN  SystemError: Timeout while waiting for status FAILED or SUCCESSFUL ... blocked 
12:26:28 INFO  
12:26:28 INFO  cleanup:
12:26:33 INFO  Executed sudo&lt;tedge_disconnect_c8y&gt;, exit status 0
12:26:33 INFO  Executed systemctl&lt;serv_mapper5&gt;, exit status 3
12:26:33 INFO  
12:26:33 INFO  Test duration: 166.65 secs
12:26:33 INFO  Test final outcome:  BLOCKED
12:26:33 INFO  Test outcome reason: SystemError: Timeout while waiting for status FAILED or SUCCESSFUL
12:26:33 INFO  
</system-out>
	</testcase>
</testsuite>
