<?xml version="1.0" encoding="utf-8"?>
<testsuite failures="1" name="SoftwareManagement.sm_apt_install_download_path" skipped="0" tests="1" time="127.43" timestamp="2022-07-22T00:01:03">
	<testcase classname="AptInstallWithDownloadPath" name="SoftwareManagement.sm_apt_install_download_path">
		<failure message="BLOCKED: AssertionError:" type="BLOCKED"/>
		<system-out>23:58:56 INFO  ==============================================================
23:58:56 INFO  Id:    SoftwareManagement.sm_apt_install_download_path
23:58:56 INFO  Dir:   software_management_end_to_end/
23:58:56 INFO  Title: Install package to directory specified in tedge config set tmp.path
23:58:56 INFO  ==============================================================
23:58:57 INFO  Using sw id database: {'asciijump': '5475369', 'robotfindskitten': '5474869', 'squirrel3': '5475279', 'rolldice': '5152439', 'moon-buggy': '5439204', 'apple': '5495053', 'banana': '5494888', 'cherry': '5495382', 'watermelon': '5494510', 'registry': '8018911', 'hello-world': '8021526', 'docker/getting-started': '8021973', 'alpine': '7991792'}
23:58:57 INFO  EnvironmentC8y Setup
23:58:58 INFO  Executed systemctl&lt;serv_mapper1&gt;, exit status 3
23:59:12 INFO  Executed sudo&lt;tedge_connect_c8y&gt;, exit status 0, duration 14 secs
23:59:13 INFO  Executed sudo&lt;tedge_connect_c8y_test&gt;, exit status 0
23:59:13 INFO  Executed systemctl&lt;serv_mosq2&gt;, exit status 0
23:59:14 INFO  Executed systemctl&lt;serv_mapper3&gt;, exit status 0
23:59:16 INFO  State of current operation: SUCCESSFUL
23:59:16 INFO  Assert that (False == value) with value=False ... passed
23:59:17 INFO  Executed sudo, exit status 0
23:59:17 INFO  Executed sudo, exit status 0
23:59:18 INFO  Executed sudo, exit status 0
23:59:22 INFO  Executed sudo&lt;tedge_disconnect_c8y&gt;, exit status 0
23:59:22 INFO  Restarting mosquitto too frequently in the last 10 seconds. It was only up for 4 seconds
23:59:22 INFO  Delaying execution by 7 seconds
23:59:43 INFO  Executed sudo&lt;tedge_connect_c8y&gt;, exit status 0, duration 13 secs
23:59:43 INFO  Response status: 201
23:59:43 INFO  Response to action: {
    &quot;creationTime&quot;: &quot;2022-07-21T23:59:43.620Z&quot;,
    &quot;deviceId&quot;: &quot;21164556&quot;,
    &quot;deviceName&quot;: &quot;m32sd10a&quot;,
    &quot;self&quot;: &quot;https://t493319102.eu-latest.cumulocity.com/devicecontrol/operations/21210775&quot;,
    &quot;id&quot;: &quot;21210775&quot;,
    &quot;status&quot;: &quot;PENDING&quot;,
    &quot;description&quot;: &quot;Apply software changes, triggered from PySys: [{'name': 'rolldice', 'id': '5152439', 'version': '::apt', 'url': 'https://thin-edge-io.eu-latest.cumulocity.com/inventory/binaries/12435463', 'action': 'install'}]&quot;,
    &quot;c8y_SoftwareUpdate&quot;: [
        {
            &quot;name&quot;: &quot;rolldice&quot;,
            &quot;action&quot;: &quot;install&quot;,
            &quot;id&quot;: &quot;5152439&quot;,
            &quot;version&quot;: &quot;::apt&quot;,
            &quot;url&quot;: &quot;https://thin-edge-io.eu-latest.cumulocity.com/inventory/binaries/12435463&quot;
        }
    ]
}
23:59:43 INFO  Started operation: {'creationTime': '2022-07-21T23:59:43.620Z', 'deviceId': '21164556', 'deviceName': 'm32sd10a', 'self': 'https://t493319102.eu-latest.cumulocity.com/devicecontrol/operations/21210775', 'id': '21210775', 'status': 'PENDING', 'description': &quot;Apply software changes, triggered from PySys: [{'name': 'rolldice', 'id': '5152439', 'version': '::apt', 'url': 'https://thin-edge-io.eu-latest.cumulocity.com/inventory/binaries/12435463', 'action': 'install'}]&quot;, 'c8y_SoftwareUpdate': [{'name': 'rolldice', 'action': 'install', 'id': '5152439', 'version': '::apt', 'url': 'https://thin-edge-io.eu-latest.cumulocity.com/inventory/binaries/12435463'}]}
23:59:43 WARN  , retrying in 0.5 seconds...
23:59:44 WARN  , retrying in 0.5 seconds...
23:59:44 WARN  , retrying in 0.5 seconds...
23:59:45 WARN  , retrying in 0.5 seconds...
23:59:45 WARN  , retrying in 0.5 seconds...
23:59:46 WARN  , retrying in 0.5 seconds...
23:59:46 WARN  , retrying in 0.5 seconds...
23:59:47 WARN  , retrying in 0.5 seconds...
23:59:47 WARN  , retrying in 0.5 seconds...
23:59:48 WARN  AssertionError occurred while running test - 
Traceback (most recent call last):
  File &quot;/home/pi/env-pysys/lib/python3.7/site-packages/pysys/baserunner.py&quot;, line 1294, in __call__
    self.testObj.execute()
  File &quot;/home/pi/actions-runner/_work/thin-edge.io/thin-edge.io/tests/PySys/software_management_end_to_end/sm_apt_install_download_path/run.py&quot;, line 83, in execute
    assert_install_in_download_path(install_directory=self.DOWNLOAD_DIR)
  File &quot;/home/pi/env-pysys/lib/python3.7/site-packages/decorator.py&quot;, line 232, in fun
    return caller(func, *(extras + args), **kw)
  File &quot;/home/pi/env-pysys/lib/python3.7/site-packages/retry/api.py&quot;, line 74, in retry_decorator
    logger)
  File &quot;/home/pi/env-pysys/lib/python3.7/site-packages/retry/api.py&quot;, line 33, in __retry_internal
    return f()
  File &quot;/home/pi/actions-runner/_work/thin-edge.io/thin-edge.io/tests/PySys/software_management_end_to_end/sm_apt_install_download_path/run.py&quot;, line 28, in assert_install_in_download_path
    assert &quot;rolldice&quot; in os.listdir(f&quot;{install_directory}&quot;)
AssertionError
23:59:48 WARN  AssertionError: ... blocked 
23:59:48 INFO  
23:59:48 INFO  cleanup:
23:59:48 INFO  Executed sudo, exit status 0
23:59:49 INFO  Executed sudo, exit status 0
23:59:53 INFO  Executed sudo&lt;tedge_disconnect_c8y&gt;, exit status 0
23:59:53 INFO  Restarting mosquitto too frequently in the last 10 seconds. It was only up for 4 seconds
23:59:53 INFO  Delaying execution by 7 seconds
00:00:49 INFO  Executed sudo&lt;tedge_connect_c8y&gt;, exit status 0, duration 48 secs
00:01:01 INFO  Executed sudo&lt;tedge_disconnect_c8y&gt;, exit status 0, duration 11 secs
00:01:03 INFO  Executed systemctl&lt;serv_mapper5&gt;, exit status 3
00:01:03 INFO  
00:01:03 INFO  Test duration: 127.43 secs
00:01:03 INFO  Test final outcome:  BLOCKED
00:01:03 INFO  Test outcome reason: AssertionError:
00:01:03 INFO  
</system-out>
	</testcase>
</testsuite>
