<?xml version="1.0" encoding="utf-8"?>
<testsuite failures="1" name="SoftwareManagement.sm_apt_install_remove_multiple" skipped="0" tests="1" time="137.32" timestamp="2022-06-15T12:05:50">
	<testcase classname="PySysTest" name="SoftwareManagement.sm_apt_install_remove_multiple">
		<failure message="FAILED: Assert that (False == value) with value=True (+2 other failures)" type="FAILED"/>
		<system-out>12:03:33 INFO  ==============================================================
12:03:33 INFO  Id:    SoftwareManagement.sm_apt_install_remove_multiple
12:03:33 INFO  Dir:   software_management_end_to_end/
12:03:33 INFO  Title: Validate end to end behaviour for the apt plugin for multiple packages
12:03:33 INFO  ==============================================================
12:03:33 INFO  Using sw id database: {'asciijump': '5475369', 'robotfindskitten': '5474869', 'squirrel3': '5475279', 'rolldice': '5152439', 'moon-buggy': '5439204', 'apple': '5495053', 'banana': '5494888', 'cherry': '5495382', 'watermelon': '5494510', 'registry': '8018911', 'hello-world': '8021526', 'docker/getting-started': '8021973', 'alpine': '7991792'}
12:03:33 INFO  EnvironmentC8y Setup
12:03:33 INFO  Executed systemctl&lt;serv_mapper1&gt;, exit status 3
12:03:33 INFO  Restarting mosquitto too frequently in the last 10 seconds. It was only up for 5 seconds
12:03:34 INFO  Delaying execution by 6 seconds
12:03:53 INFO  Executed sudo&lt;tedge_connect_c8y&gt;, exit status 0, duration 13 secs
12:03:54 INFO  Executed sudo&lt;tedge_connect_c8y_test&gt;, exit status 0
12:03:55 INFO  Executed systemctl&lt;serv_mosq2&gt;, exit status 0
12:03:55 INFO  Executed systemctl&lt;serv_mapper3&gt;, exit status 0
12:03:57 INFO  State of current operation: SUCCESSFUL
12:03:58 INFO  Assert that (False == value) with value=False ... passed
12:03:58 INFO  Package asciijump is installed
12:03:58 WARN  Assert that (False == value) with value=True ... failed 
12:03:58 INFO  Package squirrel3 is installed
12:03:58 WARN  Assert that (False == value) with value=True ... failed 
12:03:59 INFO  Package robotfindskitten is installed
12:03:59 WARN  Assert that (False == value) with value=True ... failed 
12:03:59 INFO  Response status: 201
12:03:59 INFO  Response to action: {
    &quot;creationTime&quot;: &quot;2022-06-15T12:03:59.330Z&quot;,
    &quot;deviceName&quot;: &quot;m32sd10a&quot;,
    &quot;deviceId&quot;: &quot;20220944&quot;,
    &quot;self&quot;: &quot;https://t493319102.eu-latest.cumulocity.com/devicecontrol/operations/20232323&quot;,
    &quot;id&quot;: &quot;20232323&quot;,
    &quot;status&quot;: &quot;PENDING&quot;,
    &quot;description&quot;: &quot;Apply software changes, triggered from PySys: [{'action': 'install', 'id': '5475369', 'name': 'asciijump', 'url': ' ', 'version': '::apt'}, {'action': 'install', 'id': '5474869', 'name': 'robotfindskitten', 'url': ' ', 'version': '::apt'}, {'action': 'install', 'id': '5475279', 'name': 'squirrel3', 'url': ' ', 'version': '::apt'}]&quot;,
    &quot;c8y_SoftwareUpdate&quot;: [
        {
            &quot;name&quot;: &quot;asciijump&quot;,
            &quot;action&quot;: &quot;install&quot;,
            &quot;id&quot;: &quot;5475369&quot;,
            &quot;version&quot;: &quot;::apt&quot;,
            &quot;url&quot;: &quot; &quot;
        },
        {
            &quot;name&quot;: &quot;robotfindskitten&quot;,
            &quot;action&quot;: &quot;install&quot;,
            &quot;id&quot;: &quot;5474869&quot;,
            &quot;version&quot;: &quot;::apt&quot;,
            &quot;url&quot;: &quot; &quot;
        },
        {
            &quot;name&quot;: &quot;squirrel3&quot;,
            &quot;action&quot;: &quot;install&quot;,
            &quot;id&quot;: &quot;5475279&quot;,
            &quot;version&quot;: &quot;::apt&quot;,
            &quot;url&quot;: &quot; &quot;
        }
    ]
}
12:03:59 INFO  Started operation: {'creationTime': '2022-06-15T12:03:59.330Z', 'deviceName': 'm32sd10a', 'deviceId': '20220944', 'self': 'https://t493319102.eu-latest.cumulocity.com/devicecontrol/operations/20232323', 'id': '20232323', 'status': 'PENDING', 'description': &quot;Apply software changes, triggered from PySys: [{'action': 'install', 'id': '5475369', 'name': 'asciijump', 'url': ' ', 'version': '::apt'}, {'action': 'install', 'id': '5474869', 'name': 'robotfindskitten', 'url': ' ', 'version': '::apt'}, {'action': 'install', 'id': '5475279', 'name': 'squirrel3', 'url': ' ', 'version': '::apt'}]&quot;, 'c8y_SoftwareUpdate': [{'name': 'asciijump', 'action': 'install', 'id': '5475369', 'version': '::apt', 'url': ' '}, {'name': 'robotfindskitten', 'action': 'install', 'id': '5474869', 'version': '::apt', 'url': ' '}, {'name': 'squirrel3', 'action': 'install', 'id': '5475279', 'version': '::apt', 'url': ' '}]}
12:04:01 INFO  State of operation 20232323 : PENDING
12:04:03 INFO  State of operation 20232323 : EXECUTING
12:04:06 INFO  State of operation 20232323 : EXECUTING
12:04:08 INFO  State of operation 20232323 : EXECUTING
12:04:10 INFO  State of operation 20232323 : EXECUTING
12:04:12 INFO  State of operation 20232323 : EXECUTING
12:04:15 INFO  State of operation 20232323 : EXECUTING
12:04:18 INFO  State of operation 20232323 : EXECUTING
12:04:20 INFO  State of operation 20232323 : EXECUTING
12:04:23 INFO  State of operation 20232323 : EXECUTING
12:04:25 INFO  State of operation 20232323 : EXECUTING
12:04:27 INFO  State of operation 20232323 : EXECUTING
12:04:29 INFO  State of operation 20232323 : EXECUTING
12:04:32 INFO  State of operation 20232323 : EXECUTING
12:04:34 INFO  State of operation 20232323 : EXECUTING
12:04:36 INFO  State of operation 20232323 : SUCCESSFUL
12:04:36 INFO  Assert that (False == value) with value=False ... passed
12:04:36 INFO  Package asciijump is installed
12:04:36 INFO  Assert that (True == value) with value=True ... passed
12:04:37 INFO  Package squirrel3 is installed
12:04:37 INFO  Assert that (True == value) with value=True ... passed
12:04:37 INFO  Package robotfindskitten is installed
12:04:37 INFO  Assert that (True == value) with value=True ... passed
12:04:37 INFO  Response status: 201
12:04:37 INFO  Response to action: {
    &quot;creationTime&quot;: &quot;2022-06-15T12:04:37.614Z&quot;,
    &quot;deviceName&quot;: &quot;m32sd10a&quot;,
    &quot;deviceId&quot;: &quot;20220944&quot;,
    &quot;self&quot;: &quot;https://t493319102.eu-latest.cumulocity.com/devicecontrol/operations/20232331&quot;,
    &quot;id&quot;: &quot;20232331&quot;,
    &quot;status&quot;: &quot;PENDING&quot;,
    &quot;description&quot;: &quot;Apply software changes, triggered from PySys: [{'action': 'delete', 'id': '5475369', 'name': 'asciijump', 'url': ' ', 'version': '::apt'}, {'action': 'delete', 'id': '5474869', 'name': 'robotfindskitten', 'url': ' ', 'version': '::apt'}, {'action': 'delete', 'id': '5475279', 'name': 'squirrel3', 'url': ' ', 'version': '::apt'}]&quot;,
    &quot;c8y_SoftwareUpdate&quot;: [
        {
            &quot;name&quot;: &quot;asciijump&quot;,
            &quot;action&quot;: &quot;delete&quot;,
            &quot;id&quot;: &quot;5475369&quot;,
            &quot;version&quot;: &quot;::apt&quot;,
            &quot;url&quot;: &quot; &quot;
        },
        {
            &quot;name&quot;: &quot;robotfindskitten&quot;,
            &quot;action&quot;: &quot;delete&quot;,
            &quot;id&quot;: &quot;5474869&quot;,
            &quot;version&quot;: &quot;::apt&quot;,
            &quot;url&quot;: &quot; &quot;
        },
        {
            &quot;name&quot;: &quot;squirrel3&quot;,
            &quot;action&quot;: &quot;delete&quot;,
            &quot;id&quot;: &quot;5475279&quot;,
            &quot;version&quot;: &quot;::apt&quot;,
            &quot;url&quot;: &quot; &quot;
        }
    ]
}
12:04:37 INFO  Started operation: {'creationTime': '2022-06-15T12:04:37.614Z', 'deviceName': 'm32sd10a', 'deviceId': '20220944', 'self': 'https://t493319102.eu-latest.cumulocity.com/devicecontrol/operations/20232331', 'id': '20232331', 'status': 'PENDING', 'description': &quot;Apply software changes, triggered from PySys: [{'action': 'delete', 'id': '5475369', 'name': 'asciijump', 'url': ' ', 'version': '::apt'}, {'action': 'delete', 'id': '5474869', 'name': 'robotfindskitten', 'url': ' ', 'version': '::apt'}, {'action': 'delete', 'id': '5475279', 'name': 'squirrel3', 'url': ' ', 'version': '::apt'}]&quot;, 'c8y_SoftwareUpdate': [{'name': 'asciijump', 'action': 'delete', 'id': '5475369', 'version': '::apt', 'url': ' '}, {'name': 'robotfindskitten', 'action': 'delete', 'id': '5474869', 'version': '::apt', 'url': ' '}, {'name': 'squirrel3', 'action': 'delete', 'id': '5475279', 'version': '::apt', 'url': ' '}]}
12:04:39 INFO  State of operation 20232331 : PENDING
12:04:42 INFO  State of operation 20232331 : EXECUTING
12:04:44 INFO  State of operation 20232331 : EXECUTING
12:04:46 INFO  State of operation 20232331 : EXECUTING
12:04:48 INFO  State of operation 20232331 : EXECUTING
12:04:51 INFO  State of operation 20232331 : EXECUTING
12:04:53 INFO  State of operation 20232331 : EXECUTING
12:04:56 INFO  State of operation 20232331 : EXECUTING
12:04:58 INFO  State of operation 20232331 : EXECUTING
12:05:00 INFO  State of operation 20232331 : EXECUTING
12:05:03 INFO  State of operation 20232331 : EXECUTING
12:05:05 INFO  State of operation 20232331 : EXECUTING
12:05:07 INFO  State of operation 20232331 : EXECUTING
12:05:09 INFO  State of operation 20232331 : EXECUTING
12:05:12 INFO  State of operation 20232331 : EXECUTING
12:05:14 INFO  State of operation 20232331 : EXECUTING
12:05:16 INFO  State of operation 20232331 : EXECUTING
12:05:19 INFO  State of operation 20232331 : EXECUTING
12:05:21 INFO  State of operation 20232331 : EXECUTING
12:05:24 INFO  State of operation 20232331 : EXECUTING
12:05:26 INFO  State of operation 20232331 : EXECUTING
12:05:28 INFO  State of operation 20232331 : EXECUTING
12:05:31 INFO  State of operation 20232331 : EXECUTING
12:05:33 INFO  State of operation 20232331 : EXECUTING
12:05:35 INFO  State of operation 20232331 : EXECUTING
12:05:38 INFO  State of operation 20232331 : EXECUTING
12:05:40 INFO  State of operation 20232331 : EXECUTING
12:05:42 INFO  State of operation 20232331 : EXECUTING
12:05:45 INFO  State of operation 20232331 : SUCCESSFUL
12:05:45 INFO  Assert that (False == value) with value=False ... passed
12:05:45 INFO  Assert that (False == value) with value=False ... passed
12:05:45 INFO  Assert that (False == value) with value=False ... passed
12:05:46 INFO  Assert that (False == value) with value=False ... passed
12:05:46 INFO  
12:05:46 INFO  cleanup:
12:05:50 INFO  Executed sudo&lt;tedge_disconnect_c8y&gt;, exit status 0
12:05:50 INFO  Executed systemctl&lt;serv_mapper5&gt;, exit status 3
12:05:50 INFO  
12:05:50 INFO  Test duration: 137.32 secs
12:05:50 INFO  Test final outcome:  FAILED
12:05:50 INFO  Test outcome reason: Assert that (False == value) with value=True (+2 other failures)
12:05:50 INFO  
</system-out>
	</testcase>
</testsuite>
