<?xml version="1.0" encoding="utf-8"?>
<testsuite failures="1" name="SoftwareManagement.sm_apt_install_remove_multiple" skipped="0" tests="1" time="166.36" timestamp="2022-05-23T18:05:07">
	<testcase classname="PySysTest" name="SoftwareManagement.sm_apt_install_remove_multiple">
		<failure message="BLOCKED: SystemError: Timeout while waiting for status FAILED or SUCCESSFUL" type="BLOCKED"/>
		<system-out>18:02:21 INFO  ==============================================================
18:02:21 INFO  Id:    SoftwareManagement.sm_apt_install_remove_multiple
18:02:21 INFO  Dir:   software_management_end_to_end/
18:02:21 INFO  Title: Validate end to end behaviour for the apt plugin for multiple packages
18:02:21 INFO  ==============================================================
18:02:21 INFO  Using sw id database: {'asciijump': '5475369', 'robotfindskitten': '5474869', 'squirrel3': '5475279', 'rolldice': '5152439', 'moon-buggy': '5439204', 'apple': '5495053', 'banana': '5494888', 'cherry': '5495382', 'watermelon': '5494510', 'registry': '8018911', 'hello-world': '8021526', 'docker/getting-started': '8021973', 'alpine': '7991792'}
18:02:21 INFO  EnvironmentC8y Setup
18:02:21 INFO  Executed systemctl&lt;serv_mapper1&gt;, exit status 3
18:02:22 INFO  Restarting mosquitto too frequently in the last 10 seconds. It was only up for 5 seconds
18:02:22 INFO  Delaying execution by 6 seconds
18:02:42 INFO  Executed sudo&lt;tedge_connect_c8y&gt;, exit status 0, duration 14 secs
18:02:42 INFO  Executed sudo&lt;tedge_connect_c8y_test&gt;, exit status 0
18:02:43 INFO  Executed systemctl&lt;serv_mosq2&gt;, exit status 0
18:02:43 INFO  Executed systemctl&lt;serv_mapper3&gt;, exit status 0
18:02:46 INFO  State of current operation: PENDING
18:02:48 INFO  State of current operation: PENDING
18:02:50 INFO  State of current operation: PENDING
18:02:52 INFO  State of current operation: PENDING
18:02:55 INFO  State of current operation: PENDING
18:02:57 INFO  State of current operation: PENDING
18:02:59 INFO  State of current operation: PENDING
18:03:01 INFO  State of current operation: PENDING
18:03:04 INFO  State of current operation: PENDING
18:03:06 INFO  State of current operation: PENDING
18:03:08 INFO  State of current operation: PENDING
18:03:10 INFO  State of current operation: PENDING
18:03:12 INFO  State of current operation: PENDING
18:03:15 INFO  State of current operation: PENDING
18:03:17 INFO  State of current operation: PENDING
18:03:19 INFO  State of current operation: PENDING
18:03:21 INFO  State of current operation: PENDING
18:03:24 INFO  State of current operation: PENDING
18:03:26 INFO  State of current operation: PENDING
18:03:28 INFO  State of current operation: PENDING
18:03:30 INFO  State of current operation: PENDING
18:03:33 INFO  State of current operation: PENDING
18:03:35 INFO  State of current operation: PENDING
18:03:37 INFO  State of current operation: PENDING
18:03:39 INFO  State of current operation: PENDING
18:03:41 INFO  State of current operation: PENDING
18:03:44 INFO  State of current operation: PENDING
18:03:46 INFO  State of current operation: PENDING
18:03:48 INFO  State of current operation: PENDING
18:03:50 INFO  State of current operation: PENDING
18:03:53 INFO  State of current operation: PENDING
18:03:55 INFO  State of current operation: PENDING
18:03:57 INFO  State of current operation: PENDING
18:03:59 INFO  State of current operation: PENDING
18:04:02 INFO  State of current operation: PENDING
18:04:04 INFO  State of current operation: PENDING
18:04:06 INFO  State of current operation: PENDING
18:04:08 INFO  State of current operation: PENDING
18:04:10 INFO  State of current operation: PENDING
18:04:13 INFO  State of current operation: PENDING
18:04:15 INFO  State of current operation: PENDING
18:04:17 INFO  State of current operation: PENDING
18:04:20 INFO  State of current operation: PENDING
18:04:22 INFO  State of current operation: PENDING
18:04:24 INFO  State of current operation: PENDING
18:04:27 INFO  State of current operation: PENDING
18:04:29 INFO  State of current operation: PENDING
18:04:31 INFO  State of current operation: PENDING
18:04:33 INFO  State of current operation: PENDING
18:04:35 INFO  State of current operation: PENDING
18:04:38 INFO  State of current operation: PENDING
18:04:40 INFO  State of current operation: PENDING
18:04:42 INFO  State of current operation: PENDING
18:04:45 INFO  State of current operation: PENDING
18:04:47 INFO  State of current operation: PENDING
18:04:49 INFO  State of current operation: PENDING
18:04:51 INFO  State of current operation: PENDING
18:04:54 INFO  State of current operation: PENDING
18:04:56 INFO  State of current operation: PENDING
18:04:58 INFO  State of current operation: PENDING
18:05:00 INFO  State of current operation: PENDING
18:05:03 WARN  SystemError occurred while running test - Timeout while waiting for status FAILED or SUCCESSFUL
Traceback (most recent call last):
  File &quot;/home/pi/env-pysys/lib/python3.7/site-packages/pysys/baserunner.py&quot;, line 1292, in __call__
    self.testObj.setup()
  File &quot;/home/pi/actions-runner/_work/thin-edge.io/thin-edge.io/tests/PySys/software_management_end_to_end/sm_apt_install_remove_multiple/run.py&quot;, line 52, in setup
    super().setup()
  File &quot;/home/pi/actions-runner/_work/thin-edge.io/thin-edge.io/tests/PySys/software_management_end_to_end/environment_sm_management.py&quot;, line 151, in setup
    self.wait_until_end()
  File &quot;/home/pi/actions-runner/_work/thin-edge.io/thin-edge.io/tests/PySys/software_management_end_to_end/environment_sm_management.py&quot;, line 332, in wait_until_end
    self.wait_until_status(&quot;FAILED&quot;, &quot;SUCCESSFUL&quot;)
  File &quot;/home/pi/actions-runner/_work/thin-edge.io/thin-edge.io/tests/PySys/software_management_end_to_end/environment_sm_management.py&quot;, line 381, in wait_until_status
    &quot;Timeout while waiting for status %s or %s&quot; % (status, status2)
SystemError: Timeout while waiting for status FAILED or SUCCESSFUL
18:05:03 WARN  SystemError: Timeout while waiting for status FAILED or SUCCESSFUL ... blocked 
18:05:03 INFO  
18:05:03 INFO  cleanup:
18:05:07 INFO  Executed sudo&lt;tedge_disconnect_c8y&gt;, exit status 0
18:05:07 INFO  Executed systemctl&lt;serv_mapper5&gt;, exit status 3
18:05:07 INFO  
18:05:07 INFO  Test duration: 166.36 secs
18:05:07 INFO  Test final outcome:  BLOCKED
18:05:07 INFO  Test outcome reason: SystemError: Timeout while waiting for status FAILED or SUCCESSFUL
18:05:07 INFO  
</system-out>
	</testcase>
</testsuite>
