<?xml version="1.0" encoding="utf-8"?>
<testsuite failures="1" name="SoftwareManagement.sm_apt_install_remove_multiple" skipped="0" tests="1" time="137.16" timestamp="2022-06-09T17:43:58">
	<testcase classname="PySysTest" name="SoftwareManagement.sm_apt_install_remove_multiple">
		<failure message="FAILED: Assert that (False == value) with value=True (+2 other failures)" type="FAILED"/>
		<system-out>17:41:41 INFO  ==============================================================
17:41:41 INFO  Id:    SoftwareManagement.sm_apt_install_remove_multiple
17:41:41 INFO  Dir:   software_management_end_to_end/
17:41:41 INFO  Title: Validate end to end behaviour for the apt plugin for multiple packages
17:41:41 INFO  ==============================================================
17:41:41 INFO  Using sw id database: {'asciijump': '5475369', 'robotfindskitten': '5474869', 'squirrel3': '5475279', 'rolldice': '5152439', 'moon-buggy': '5439204', 'apple': '5495053', 'banana': '5494888', 'cherry': '5495382', 'watermelon': '5494510', 'registry': '8018911', 'hello-world': '8021526', 'docker/getting-started': '8021973', 'alpine': '7991792'}
17:41:41 INFO  EnvironmentC8y Setup
17:41:41 INFO  Executed systemctl&lt;serv_mapper1&gt;, exit status 3
17:41:41 INFO  Restarting mosquitto too frequently in the last 10 seconds. It was only up for 5 seconds
17:41:41 INFO  Delaying execution by 6 seconds
17:42:01 INFO  Executed sudo&lt;tedge_connect_c8y&gt;, exit status 0, duration 14 secs
17:42:02 INFO  Executed sudo&lt;tedge_connect_c8y_test&gt;, exit status 0
17:42:02 INFO  Executed systemctl&lt;serv_mosq2&gt;, exit status 0
17:42:03 INFO  Executed systemctl&lt;serv_mapper3&gt;, exit status 0
17:42:05 INFO  State of current operation: SUCCESSFUL
17:42:05 INFO  Assert that (False == value) with value=False ... passed
17:42:06 INFO  Package asciijump is installed
17:42:06 WARN  Assert that (False == value) with value=True ... failed 
17:42:06 INFO  Package squirrel3 is installed
17:42:06 WARN  Assert that (False == value) with value=True ... failed 
17:42:06 INFO  Package robotfindskitten is installed
17:42:06 WARN  Assert that (False == value) with value=True ... failed 
17:42:07 INFO  Response status: 201
17:42:07 INFO  Response to action: {
    &quot;creationTime&quot;: &quot;2022-06-09T17:42:07.105Z&quot;,
    &quot;deviceId&quot;: &quot;20080061&quot;,
    &quot;deviceName&quot;: &quot;m32sd10a&quot;,
    &quot;self&quot;: &quot;https://t493319102.eu-latest.cumulocity.com/devicecontrol/operations/20102303&quot;,
    &quot;id&quot;: &quot;20102303&quot;,
    &quot;status&quot;: &quot;PENDING&quot;,
    &quot;description&quot;: &quot;Apply software changes, triggered from PySys: [{'action': 'install', 'id': '5475369', 'name': 'asciijump', 'url': ' ', 'version': '::apt'}, {'action': 'install', 'id': '5474869', 'name': 'robotfindskitten', 'url': ' ', 'version': '::apt'}, {'action': 'install', 'id': '5475279', 'name': 'squirrel3', 'url': ' ', 'version': '::apt'}]&quot;,
    &quot;c8y_SoftwareUpdate&quot;: [
        {
            &quot;name&quot;: &quot;asciijump&quot;,
            &quot;action&quot;: &quot;install&quot;,
            &quot;id&quot;: &quot;5475369&quot;,
            &quot;version&quot;: &quot;::apt&quot;,
            &quot;url&quot;: &quot; &quot;
        },
        {
            &quot;name&quot;: &quot;robotfindskitten&quot;,
            &quot;action&quot;: &quot;install&quot;,
            &quot;id&quot;: &quot;5474869&quot;,
            &quot;version&quot;: &quot;::apt&quot;,
            &quot;url&quot;: &quot; &quot;
        },
        {
            &quot;name&quot;: &quot;squirrel3&quot;,
            &quot;action&quot;: &quot;install&quot;,
            &quot;id&quot;: &quot;5475279&quot;,
            &quot;version&quot;: &quot;::apt&quot;,
            &quot;url&quot;: &quot; &quot;
        }
    ]
}
17:42:07 INFO  Started operation: {'creationTime': '2022-06-09T17:42:07.105Z', 'deviceId': '20080061', 'deviceName': 'm32sd10a', 'self': 'https://t493319102.eu-latest.cumulocity.com/devicecontrol/operations/20102303', 'id': '20102303', 'status': 'PENDING', 'description': &quot;Apply software changes, triggered from PySys: [{'action': 'install', 'id': '5475369', 'name': 'asciijump', 'url': ' ', 'version': '::apt'}, {'action': 'install', 'id': '5474869', 'name': 'robotfindskitten', 'url': ' ', 'version': '::apt'}, {'action': 'install', 'id': '5475279', 'name': 'squirrel3', 'url': ' ', 'version': '::apt'}]&quot;, 'c8y_SoftwareUpdate': [{'name': 'asciijump', 'action': 'install', 'id': '5475369', 'version': '::apt', 'url': ' '}, {'name': 'robotfindskitten', 'action': 'install', 'id': '5474869', 'version': '::apt', 'url': ' '}, {'name': 'squirrel3', 'action': 'install', 'id': '5475279', 'version': '::apt', 'url': ' '}]}
17:42:09 INFO  State of operation 20102303 : PENDING
17:42:11 INFO  State of operation 20102303 : EXECUTING
17:42:13 INFO  State of operation 20102303 : EXECUTING
17:42:16 INFO  State of operation 20102303 : EXECUTING
17:42:18 INFO  State of operation 20102303 : EXECUTING
17:42:20 INFO  State of operation 20102303 : EXECUTING
17:42:23 INFO  State of operation 20102303 : EXECUTING
17:42:25 INFO  State of operation 20102303 : EXECUTING
17:42:28 INFO  State of operation 20102303 : EXECUTING
17:42:30 INFO  State of operation 20102303 : EXECUTING
17:42:32 INFO  State of operation 20102303 : EXECUTING
17:42:34 INFO  State of operation 20102303 : EXECUTING
17:42:37 INFO  State of operation 20102303 : EXECUTING
17:42:39 INFO  State of operation 20102303 : EXECUTING
17:42:41 INFO  State of operation 20102303 : EXECUTING
17:42:43 INFO  State of operation 20102303 : SUCCESSFUL
17:42:44 INFO  Assert that (False == value) with value=False ... passed
17:42:44 INFO  Package asciijump is installed
17:42:44 INFO  Assert that (True == value) with value=True ... passed
17:42:44 INFO  Package squirrel3 is installed
17:42:44 INFO  Assert that (True == value) with value=True ... passed
17:42:44 INFO  Package robotfindskitten is installed
17:42:44 INFO  Assert that (True == value) with value=True ... passed
17:42:45 INFO  Response status: 201
17:42:45 INFO  Response to action: {
    &quot;creationTime&quot;: &quot;2022-06-09T17:42:44.990Z&quot;,
    &quot;deviceId&quot;: &quot;20080061&quot;,
    &quot;deviceName&quot;: &quot;m32sd10a&quot;,
    &quot;self&quot;: &quot;https://t493319102.eu-latest.cumulocity.com/devicecontrol/operations/20102323&quot;,
    &quot;id&quot;: &quot;20102323&quot;,
    &quot;status&quot;: &quot;PENDING&quot;,
    &quot;description&quot;: &quot;Apply software changes, triggered from PySys: [{'action': 'delete', 'id': '5475369', 'name': 'asciijump', 'url': ' ', 'version': '::apt'}, {'action': 'delete', 'id': '5474869', 'name': 'robotfindskitten', 'url': ' ', 'version': '::apt'}, {'action': 'delete', 'id': '5475279', 'name': 'squirrel3', 'url': ' ', 'version': '::apt'}]&quot;,
    &quot;c8y_SoftwareUpdate&quot;: [
        {
            &quot;name&quot;: &quot;asciijump&quot;,
            &quot;action&quot;: &quot;delete&quot;,
            &quot;id&quot;: &quot;5475369&quot;,
            &quot;version&quot;: &quot;::apt&quot;,
            &quot;url&quot;: &quot; &quot;
        },
        {
            &quot;name&quot;: &quot;robotfindskitten&quot;,
            &quot;action&quot;: &quot;delete&quot;,
            &quot;id&quot;: &quot;5474869&quot;,
            &quot;version&quot;: &quot;::apt&quot;,
            &quot;url&quot;: &quot; &quot;
        },
        {
            &quot;name&quot;: &quot;squirrel3&quot;,
            &quot;action&quot;: &quot;delete&quot;,
            &quot;id&quot;: &quot;5475279&quot;,
            &quot;version&quot;: &quot;::apt&quot;,
            &quot;url&quot;: &quot; &quot;
        }
    ]
}
17:42:45 INFO  Started operation: {'creationTime': '2022-06-09T17:42:44.990Z', 'deviceId': '20080061', 'deviceName': 'm32sd10a', 'self': 'https://t493319102.eu-latest.cumulocity.com/devicecontrol/operations/20102323', 'id': '20102323', 'status': 'PENDING', 'description': &quot;Apply software changes, triggered from PySys: [{'action': 'delete', 'id': '5475369', 'name': 'asciijump', 'url': ' ', 'version': '::apt'}, {'action': 'delete', 'id': '5474869', 'name': 'robotfindskitten', 'url': ' ', 'version': '::apt'}, {'action': 'delete', 'id': '5475279', 'name': 'squirrel3', 'url': ' ', 'version': '::apt'}]&quot;, 'c8y_SoftwareUpdate': [{'name': 'asciijump', 'action': 'delete', 'id': '5475369', 'version': '::apt', 'url': ' '}, {'name': 'robotfindskitten', 'action': 'delete', 'id': '5474869', 'version': '::apt', 'url': ' '}, {'name': 'squirrel3', 'action': 'delete', 'id': '5475279', 'version': '::apt', 'url': ' '}]}
17:42:47 INFO  State of operation 20102323 : PENDING
17:42:49 INFO  State of operation 20102323 : EXECUTING
17:42:51 INFO  State of operation 20102323 : EXECUTING
17:42:53 INFO  State of operation 20102323 : EXECUTING
17:42:56 INFO  State of operation 20102323 : EXECUTING
17:42:58 INFO  State of operation 20102323 : EXECUTING
17:43:01 INFO  State of operation 20102323 : EXECUTING
17:43:03 INFO  State of operation 20102323 : EXECUTING
17:43:05 INFO  State of operation 20102323 : EXECUTING
17:43:08 INFO  State of operation 20102323 : EXECUTING
17:43:10 INFO  State of operation 20102323 : EXECUTING
17:43:13 INFO  State of operation 20102323 : EXECUTING
17:43:15 INFO  State of operation 20102323 : EXECUTING
17:43:17 INFO  State of operation 20102323 : EXECUTING
17:43:19 INFO  State of operation 20102323 : EXECUTING
17:43:21 INFO  State of operation 20102323 : EXECUTING
17:43:24 INFO  State of operation 20102323 : EXECUTING
17:43:26 INFO  State of operation 20102323 : EXECUTING
17:43:29 INFO  State of operation 20102323 : EXECUTING
17:43:31 INFO  State of operation 20102323 : EXECUTING
17:43:33 INFO  State of operation 20102323 : EXECUTING
17:43:36 INFO  State of operation 20102323 : EXECUTING
17:43:38 INFO  State of operation 20102323 : EXECUTING
17:43:40 INFO  State of operation 20102323 : EXECUTING
17:43:42 INFO  State of operation 20102323 : EXECUTING
17:43:45 INFO  State of operation 20102323 : EXECUTING
17:43:48 INFO  State of operation 20102323 : EXECUTING
17:43:50 INFO  State of operation 20102323 : EXECUTING
17:43:52 INFO  State of operation 20102323 : SUCCESSFUL
17:43:52 INFO  Assert that (False == value) with value=False ... passed
17:43:53 INFO  Assert that (False == value) with value=False ... passed
17:43:53 INFO  Assert that (False == value) with value=False ... passed
17:43:53 INFO  Assert that (False == value) with value=False ... passed
17:43:53 INFO  
17:43:53 INFO  cleanup:
17:43:57 INFO  Executed sudo&lt;tedge_disconnect_c8y&gt;, exit status 0
17:43:58 INFO  Executed systemctl&lt;serv_mapper5&gt;, exit status 3
17:43:58 INFO  
17:43:58 INFO  Test duration: 137.16 secs
17:43:58 INFO  Test final outcome:  FAILED
17:43:58 INFO  Test outcome reason: Assert that (False == value) with value=True (+2 other failures)
17:43:58 INFO  
</system-out>
	</testcase>
</testsuite>
