<?xml version="1.0" encoding="utf-8"?>
<testsuite failures="1" name="SoftwareManagement.sm_apt_install_remove_multiple" skipped="0" tests="1" time="144.52" timestamp="2022-06-08T14:11:50">
	<testcase classname="PySysTest" name="SoftwareManagement.sm_apt_install_remove_multiple">
		<failure message="FAILED: Assert that (False == value) with value=True (+2 other failures)" type="FAILED"/>
		<system-out>14:09:26 INFO  ==============================================================
14:09:26 INFO  Id:    SoftwareManagement.sm_apt_install_remove_multiple
14:09:26 INFO  Dir:   software_management_end_to_end/
14:09:26 INFO  Title: Validate end to end behaviour for the apt plugin for multiple packages
14:09:26 INFO  ==============================================================
14:09:26 INFO  Using sw id database: {'asciijump': '5475369', 'robotfindskitten': '5474869', 'squirrel3': '5475279', 'rolldice': '5152439', 'moon-buggy': '5439204', 'apple': '5495053', 'banana': '5494888', 'cherry': '5495382', 'watermelon': '5494510', 'registry': '8018911', 'hello-world': '8021526', 'docker/getting-started': '8021973', 'alpine': '7991792'}
14:09:26 INFO  EnvironmentC8y Setup
14:09:26 INFO  Executed systemctl&lt;serv_mapper1&gt;, exit status 3
14:09:26 INFO  Restarting mosquitto too frequently in the last 10 seconds. It was only up for 5 seconds
14:09:26 INFO  Delaying execution by 6 seconds
14:09:47 INFO  Executed sudo&lt;tedge_connect_c8y&gt;, exit status 0, duration 14 secs
14:09:47 INFO  Executed sudo&lt;tedge_connect_c8y_test&gt;, exit status 0
14:09:48 INFO  Executed systemctl&lt;serv_mosq2&gt;, exit status 0
14:09:48 INFO  Executed systemctl&lt;serv_mapper3&gt;, exit status 0
14:09:51 INFO  State of current operation: SUCCESSFUL
14:09:51 INFO  Assert that (False == value) with value=False ... passed
14:09:51 INFO  Package asciijump is installed
14:09:51 WARN  Assert that (False == value) with value=True ... failed 
14:09:52 INFO  Package squirrel3 is installed
14:09:52 WARN  Assert that (False == value) with value=True ... failed 
14:09:52 INFO  Package robotfindskitten is installed
14:09:52 WARN  Assert that (False == value) with value=True ... failed 
14:09:53 INFO  Response status: 201
14:09:53 INFO  Response to action: {
    &quot;creationTime&quot;: &quot;2022-06-08T14:09:52.977Z&quot;,
    &quot;deviceId&quot;: &quot;20013420&quot;,
    &quot;deviceName&quot;: &quot;m32sd10a&quot;,
    &quot;self&quot;: &quot;https://t493319102.eu-latest.cumulocity.com/devicecontrol/operations/20054946&quot;,
    &quot;id&quot;: &quot;20054946&quot;,
    &quot;status&quot;: &quot;PENDING&quot;,
    &quot;description&quot;: &quot;Apply software changes, triggered from PySys: [{'action': 'install', 'id': '5475369', 'name': 'asciijump', 'url': ' ', 'version': '::apt'}, {'action': 'install', 'id': '5474869', 'name': 'robotfindskitten', 'url': ' ', 'version': '::apt'}, {'action': 'install', 'id': '5475279', 'name': 'squirrel3', 'url': ' ', 'version': '::apt'}]&quot;,
    &quot;c8y_SoftwareUpdate&quot;: [
        {
            &quot;name&quot;: &quot;asciijump&quot;,
            &quot;action&quot;: &quot;install&quot;,
            &quot;id&quot;: &quot;5475369&quot;,
            &quot;version&quot;: &quot;::apt&quot;,
            &quot;url&quot;: &quot; &quot;
        },
        {
            &quot;name&quot;: &quot;robotfindskitten&quot;,
            &quot;action&quot;: &quot;install&quot;,
            &quot;id&quot;: &quot;5474869&quot;,
            &quot;version&quot;: &quot;::apt&quot;,
            &quot;url&quot;: &quot; &quot;
        },
        {
            &quot;name&quot;: &quot;squirrel3&quot;,
            &quot;action&quot;: &quot;install&quot;,
            &quot;id&quot;: &quot;5475279&quot;,
            &quot;version&quot;: &quot;::apt&quot;,
            &quot;url&quot;: &quot; &quot;
        }
    ]
}
14:09:53 INFO  Started operation: {'creationTime': '2022-06-08T14:09:52.977Z', 'deviceId': '20013420', 'deviceName': 'm32sd10a', 'self': 'https://t493319102.eu-latest.cumulocity.com/devicecontrol/operations/20054946', 'id': '20054946', 'status': 'PENDING', 'description': &quot;Apply software changes, triggered from PySys: [{'action': 'install', 'id': '5475369', 'name': 'asciijump', 'url': ' ', 'version': '::apt'}, {'action': 'install', 'id': '5474869', 'name': 'robotfindskitten', 'url': ' ', 'version': '::apt'}, {'action': 'install', 'id': '5475279', 'name': 'squirrel3', 'url': ' ', 'version': '::apt'}]&quot;, 'c8y_SoftwareUpdate': [{'name': 'asciijump', 'action': 'install', 'id': '5475369', 'version': '::apt', 'url': ' '}, {'name': 'robotfindskitten', 'action': 'install', 'id': '5474869', 'version': '::apt', 'url': ' '}, {'name': 'squirrel3', 'action': 'install', 'id': '5475279', 'version': '::apt', 'url': ' '}]}
14:09:55 INFO  State of operation 20054946 : PENDING
14:09:57 INFO  State of operation 20054946 : EXECUTING
14:09:59 INFO  State of operation 20054946 : EXECUTING
14:10:01 INFO  State of operation 20054946 : EXECUTING
14:10:04 INFO  State of operation 20054946 : EXECUTING
14:10:06 INFO  State of operation 20054946 : EXECUTING
14:10:09 INFO  State of operation 20054946 : EXECUTING
14:10:12 INFO  State of operation 20054946 : EXECUTING
14:10:14 INFO  State of operation 20054946 : EXECUTING
14:10:16 INFO  State of operation 20054946 : EXECUTING
14:10:19 INFO  State of operation 20054946 : EXECUTING
14:10:21 INFO  State of operation 20054946 : EXECUTING
14:10:23 INFO  State of operation 20054946 : EXECUTING
14:10:25 INFO  State of operation 20054946 : EXECUTING
14:10:28 INFO  State of operation 20054946 : EXECUTING
14:10:30 INFO  State of operation 20054946 : SUCCESSFUL
14:10:30 INFO  Assert that (False == value) with value=False ... passed
14:10:30 INFO  Package asciijump is installed
14:10:30 INFO  Assert that (True == value) with value=True ... passed
14:10:33 INFO  Package squirrel3 is installed
14:10:33 INFO  Assert that (True == value) with value=True ... passed
14:10:34 INFO  Package robotfindskitten is installed
14:10:34 INFO  Assert that (True == value) with value=True ... passed
14:10:34 INFO  Response status: 201
14:10:34 INFO  Response to action: {
    &quot;creationTime&quot;: &quot;2022-06-08T14:10:34.371Z&quot;,
    &quot;deviceId&quot;: &quot;20013420&quot;,
    &quot;deviceName&quot;: &quot;m32sd10a&quot;,
    &quot;self&quot;: &quot;https://t493319102.eu-latest.cumulocity.com/devicecontrol/operations/20054954&quot;,
    &quot;id&quot;: &quot;20054954&quot;,
    &quot;status&quot;: &quot;PENDING&quot;,
    &quot;description&quot;: &quot;Apply software changes, triggered from PySys: [{'action': 'delete', 'id': '5475369', 'name': 'asciijump', 'url': ' ', 'version': '::apt'}, {'action': 'delete', 'id': '5474869', 'name': 'robotfindskitten', 'url': ' ', 'version': '::apt'}, {'action': 'delete', 'id': '5475279', 'name': 'squirrel3', 'url': ' ', 'version': '::apt'}]&quot;,
    &quot;c8y_SoftwareUpdate&quot;: [
        {
            &quot;name&quot;: &quot;asciijump&quot;,
            &quot;action&quot;: &quot;delete&quot;,
            &quot;id&quot;: &quot;5475369&quot;,
            &quot;version&quot;: &quot;::apt&quot;,
            &quot;url&quot;: &quot; &quot;
        },
        {
            &quot;name&quot;: &quot;robotfindskitten&quot;,
            &quot;action&quot;: &quot;delete&quot;,
            &quot;id&quot;: &quot;5474869&quot;,
            &quot;version&quot;: &quot;::apt&quot;,
            &quot;url&quot;: &quot; &quot;
        },
        {
            &quot;name&quot;: &quot;squirrel3&quot;,
            &quot;action&quot;: &quot;delete&quot;,
            &quot;id&quot;: &quot;5475279&quot;,
            &quot;version&quot;: &quot;::apt&quot;,
            &quot;url&quot;: &quot; &quot;
        }
    ]
}
14:10:34 INFO  Started operation: {'creationTime': '2022-06-08T14:10:34.371Z', 'deviceId': '20013420', 'deviceName': 'm32sd10a', 'self': 'https://t493319102.eu-latest.cumulocity.com/devicecontrol/operations/20054954', 'id': '20054954', 'status': 'PENDING', 'description': &quot;Apply software changes, triggered from PySys: [{'action': 'delete', 'id': '5475369', 'name': 'asciijump', 'url': ' ', 'version': '::apt'}, {'action': 'delete', 'id': '5474869', 'name': 'robotfindskitten', 'url': ' ', 'version': '::apt'}, {'action': 'delete', 'id': '5475279', 'name': 'squirrel3', 'url': ' ', 'version': '::apt'}]&quot;, 'c8y_SoftwareUpdate': [{'name': 'asciijump', 'action': 'delete', 'id': '5475369', 'version': '::apt', 'url': ' '}, {'name': 'robotfindskitten', 'action': 'delete', 'id': '5474869', 'version': '::apt', 'url': ' '}, {'name': 'squirrel3', 'action': 'delete', 'id': '5475279', 'version': '::apt', 'url': ' '}]}
14:10:36 INFO  State of operation 20054954 : PENDING
14:10:38 INFO  State of operation 20054954 : EXECUTING
14:10:41 INFO  State of operation 20054954 : EXECUTING
14:10:43 INFO  State of operation 20054954 : EXECUTING
14:10:45 INFO  State of operation 20054954 : EXECUTING
14:10:47 INFO  State of operation 20054954 : EXECUTING
14:10:50 INFO  State of operation 20054954 : EXECUTING
14:10:53 INFO  State of operation 20054954 : EXECUTING
14:10:55 INFO  State of operation 20054954 : EXECUTING
14:10:58 INFO  State of operation 20054954 : EXECUTING
14:11:00 INFO  State of operation 20054954 : EXECUTING
14:11:02 INFO  State of operation 20054954 : EXECUTING
14:11:04 INFO  State of operation 20054954 : EXECUTING
14:11:07 INFO  State of operation 20054954 : EXECUTING
14:11:09 INFO  State of operation 20054954 : EXECUTING
14:11:11 INFO  State of operation 20054954 : EXECUTING
14:11:13 INFO  State of operation 20054954 : EXECUTING
14:11:16 INFO  State of operation 20054954 : EXECUTING
14:11:19 INFO  State of operation 20054954 : EXECUTING
14:11:21 INFO  State of operation 20054954 : EXECUTING
14:11:23 INFO  State of operation 20054954 : EXECUTING
14:11:26 INFO  State of operation 20054954 : EXECUTING
14:11:28 INFO  State of operation 20054954 : EXECUTING
14:11:30 INFO  State of operation 20054954 : EXECUTING
14:11:32 INFO  State of operation 20054954 : EXECUTING
14:11:35 INFO  State of operation 20054954 : EXECUTING
14:11:38 INFO  State of operation 20054954 : EXECUTING
14:11:40 INFO  State of operation 20054954 : EXECUTING
14:11:42 INFO  State of operation 20054954 : EXECUTING
14:11:44 INFO  State of operation 20054954 : SUCCESSFUL
14:11:44 INFO  Assert that (False == value) with value=False ... passed
14:11:45 INFO  Assert that (False == value) with value=False ... passed
14:11:45 INFO  Assert that (False == value) with value=False ... passed
14:11:45 INFO  Assert that (False == value) with value=False ... passed
14:11:45 INFO  
14:11:45 INFO  cleanup:
14:11:49 INFO  Executed sudo&lt;tedge_disconnect_c8y&gt;, exit status 0
14:11:50 INFO  Executed systemctl&lt;serv_mapper5&gt;, exit status 3
14:11:50 INFO  
14:11:50 INFO  Test duration: 144.52 secs
14:11:50 INFO  Test final outcome:  FAILED
14:11:50 INFO  Test outcome reason: Assert that (False == value) with value=True (+2 other failures)
14:11:50 INFO  
</system-out>
	</testcase>
</testsuite>
