<?xml version="1.0" encoding="utf-8"?>
<testsuite failures="1" name="SoftwareManagement.sm_apt_install_remove_multiple_mixed" skipped="0" tests="1" time="177.45" timestamp="2022-05-20T14:28:59">
	<testcase classname="PySysTest" name="SoftwareManagement.sm_apt_install_remove_multiple_mixed">
		<failure message="BLOCKED: SystemError: Timeout while waiting for status SUCCESSFUL or False (+1 other failures)" type="BLOCKED"/>
		<system-out>14:26:02 INFO  ==============================================================
14:26:02 INFO  Id:    SoftwareManagement.sm_apt_install_remove_multiple_mixed
14:26:02 INFO  Dir:   software_management_end_to_end/
14:26:02 INFO  Title: Validate end to end behaviour for the apt plugin for multiple packages with mixed versions
14:26:02 INFO  ==============================================================
14:26:02 INFO  Using sw id database: {'asciijump': '5475369', 'robotfindskitten': '5474869', 'squirrel3': '5475279', 'rolldice': '5152439', 'moon-buggy': '5439204', 'apple': '5495053', 'banana': '5494888', 'cherry': '5495382', 'watermelon': '5494510', 'registry': '8018911', 'hello-world': '8021526', 'docker/getting-started': '8021973', 'alpine': '7991792'}
14:26:02 INFO  EnvironmentC8y Setup
14:26:02 INFO  Executed systemctl&lt;serv_mapper1&gt;, exit status 3
14:26:02 INFO  Restarting mosquitto too frequently in the last 10 seconds. It was only up for 5 seconds
14:26:02 INFO  Delaying execution by 6 seconds
14:26:22 INFO  Executed sudo&lt;tedge_connect_c8y&gt;, exit status 0, duration 13 secs
14:26:23 INFO  Executed sudo&lt;tedge_connect_c8y_test&gt;, exit status 0
14:26:24 INFO  Executed systemctl&lt;serv_mosq2&gt;, exit status 0
14:26:24 INFO  Executed systemctl&lt;serv_mapper3&gt;, exit status 0
14:26:26 INFO  State of current operation: SUCCESSFUL
14:26:26 INFO  Assert that (False == value) with value=False ... passed
14:26:27 INFO  Assert that (False == value) with value=False ... passed
14:26:27 INFO  Assert that (False == value) with value=False ... passed
14:26:27 INFO  Assert that (False == value) with value=False ... passed
14:26:27 INFO  Package moon-buggy is installed
14:26:27 WARN  Assert that (False == value) with value=True ... failed 
14:26:29 INFO  Response status: 201
14:26:29 INFO  Response to action: {
    &quot;creationTime&quot;: &quot;2022-05-20T14:26:29.092Z&quot;,
    &quot;deviceId&quot;: &quot;19408349&quot;,
    &quot;deviceName&quot;: &quot;m32sd10a&quot;,
    &quot;self&quot;: &quot;https://t493319102.eu-latest.cumulocity.com/devicecontrol/operations/19426320&quot;,
    &quot;id&quot;: &quot;19426320&quot;,
    &quot;status&quot;: &quot;PENDING&quot;,
    &quot;description&quot;: &quot;Apply software changes, triggered from PySys: [{'action': 'install', 'id': '5475369', 'name': 'asciijump', 'url': ' ', 'version': '::apt'}, {'action': 'install', 'id': '5474869', 'name': 'robotfindskitten', 'url': ' ', 'version': ' '}, {'action': 'install', 'id': '5475279', 'name': 'squirrel3', 'url': ' ', 'version': '3.1-7::apt'}, {'action': 'install', 'id': '5152439', 'name': 'rolldice', 'url': ' ', 'version': '1.16-1+b1'}, {'action': 'install', 'id': '5439204', 'name': 'moon-buggy', 'url': ' ', 'version': '1:1.0.51-12'}, {'action': 'install', 'id': '5475369', 'name': 'asciijump', 'url': ' ', 'version': '::apt'}]&quot;,
    &quot;c8y_SoftwareUpdate&quot;: [
        {
            &quot;name&quot;: &quot;asciijump&quot;,
            &quot;action&quot;: &quot;install&quot;,
            &quot;id&quot;: &quot;5475369&quot;,
            &quot;version&quot;: &quot;::apt&quot;,
            &quot;url&quot;: &quot; &quot;
        },
        {
            &quot;name&quot;: &quot;robotfindskitten&quot;,
            &quot;action&quot;: &quot;install&quot;,
            &quot;id&quot;: &quot;5474869&quot;,
            &quot;version&quot;: &quot; &quot;,
            &quot;url&quot;: &quot; &quot;
        },
        {
            &quot;name&quot;: &quot;squirrel3&quot;,
            &quot;action&quot;: &quot;install&quot;,
            &quot;id&quot;: &quot;5475279&quot;,
            &quot;version&quot;: &quot;3.1-7::apt&quot;,
            &quot;url&quot;: &quot; &quot;
        },
        {
            &quot;name&quot;: &quot;rolldice&quot;,
            &quot;action&quot;: &quot;install&quot;,
            &quot;id&quot;: &quot;5152439&quot;,
            &quot;version&quot;: &quot;1.16-1+b1&quot;,
            &quot;url&quot;: &quot; &quot;
        },
        {
            &quot;name&quot;: &quot;moon-buggy&quot;,
            &quot;action&quot;: &quot;install&quot;,
            &quot;id&quot;: &quot;5439204&quot;,
            &quot;version&quot;: &quot;1:1.0.51-12&quot;,
            &quot;url&quot;: &quot; &quot;
        },
        {
            &quot;name&quot;: &quot;asciijump&quot;,
            &quot;action&quot;: &quot;install&quot;,
            &quot;id&quot;: &quot;5475369&quot;,
            &quot;version&quot;: &quot;::apt&quot;,
            &quot;url&quot;: &quot; &quot;
        }
    ]
}
14:26:29 INFO  Started operation: {'creationTime': '2022-05-20T14:26:29.092Z', 'deviceId': '19408349', 'deviceName': 'm32sd10a', 'self': 'https://t493319102.eu-latest.cumulocity.com/devicecontrol/operations/19426320', 'id': '19426320', 'status': 'PENDING', 'description': &quot;Apply software changes, triggered from PySys: [{'action': 'install', 'id': '5475369', 'name': 'asciijump', 'url': ' ', 'version': '::apt'}, {'action': 'install', 'id': '5474869', 'name': 'robotfindskitten', 'url': ' ', 'version': ' '}, {'action': 'install', 'id': '5475279', 'name': 'squirrel3', 'url': ' ', 'version': '3.1-7::apt'}, {'action': 'install', 'id': '5152439', 'name': 'rolldice', 'url': ' ', 'version': '1.16-1+b1'}, {'action': 'install', 'id': '5439204', 'name': 'moon-buggy', 'url': ' ', 'version': '1:1.0.51-12'}, {'action': 'install', 'id': '5475369', 'name': 'asciijump', 'url': ' ', 'version': '::apt'}]&quot;, 'c8y_SoftwareUpdate': [{'name': 'asciijump', 'action': 'install', 'id': '5475369', 'version': '::apt', 'url': ' '}, {'name': 'robotfindskitten', 'action': 'install', 'id': '5474869', 'version': ' ', 'url': ' '}, {'name': 'squirrel3', 'action': 'install', 'id': '5475279', 'version': '3.1-7::apt', 'url': ' '}, {'name': 'rolldice', 'action': 'install', 'id': '5152439', 'version': '1.16-1+b1', 'url': ' '}, {'name': 'moon-buggy', 'action': 'install', 'id': '5439204', 'version': '1:1.0.51-12', 'url': ' '}, {'name': 'asciijump', 'action': 'install', 'id': '5475369', 'version': '::apt', 'url': ' '}]}
14:26:31 INFO  State of operation 19426320 : PENDING
14:26:33 INFO  State of operation 19426320 : EXECUTING
14:26:35 INFO  State of operation 19426320 : EXECUTING
14:26:38 INFO  State of operation 19426320 : EXECUTING
14:26:40 INFO  State of operation 19426320 : EXECUTING
14:26:42 INFO  State of operation 19426320 : EXECUTING
14:26:45 INFO  State of operation 19426320 : EXECUTING
14:26:47 INFO  State of operation 19426320 : EXECUTING
14:26:50 INFO  State of operation 19426320 : EXECUTING
14:26:52 INFO  State of operation 19426320 : EXECUTING
14:26:54 INFO  State of operation 19426320 : EXECUTING
14:26:57 INFO  State of operation 19426320 : EXECUTING
14:26:59 INFO  State of operation 19426320 : EXECUTING
14:27:01 INFO  State of operation 19426320 : EXECUTING
14:27:03 INFO  State of operation 19426320 : EXECUTING
14:27:06 INFO  State of operation 19426320 : EXECUTING
14:27:08 INFO  State of operation 19426320 : EXECUTING
14:27:10 INFO  State of operation 19426320 : EXECUTING
14:27:13 INFO  State of operation 19426320 : EXECUTING
14:27:15 INFO  State of operation 19426320 : EXECUTING
14:27:17 INFO  State of operation 19426320 : EXECUTING
14:27:20 INFO  State of operation 19426320 : EXECUTING
14:27:22 INFO  State of operation 19426320 : EXECUTING
14:27:24 INFO  State of operation 19426320 : EXECUTING
14:27:27 INFO  State of operation 19426320 : EXECUTING
14:27:29 INFO  State of operation 19426320 : EXECUTING
14:27:32 INFO  State of operation 19426320 : EXECUTING
14:27:34 INFO  State of operation 19426320 : EXECUTING
14:27:37 INFO  State of operation 19426320 : EXECUTING
14:27:39 INFO  State of operation 19426320 : EXECUTING
14:27:41 INFO  State of operation 19426320 : EXECUTING
14:27:43 INFO  State of operation 19426320 : EXECUTING
14:27:46 INFO  State of operation 19426320 : EXECUTING
14:27:48 INFO  State of operation 19426320 : EXECUTING
14:27:50 INFO  State of operation 19426320 : EXECUTING
14:27:52 INFO  State of operation 19426320 : EXECUTING
14:27:55 INFO  State of operation 19426320 : EXECUTING
14:27:57 INFO  State of operation 19426320 : EXECUTING
14:27:59 INFO  State of operation 19426320 : EXECUTING
14:28:02 INFO  State of operation 19426320 : EXECUTING
14:28:05 INFO  State of operation 19426320 : EXECUTING
14:28:07 INFO  State of operation 19426320 : EXECUTING
14:28:09 INFO  State of operation 19426320 : EXECUTING
14:28:12 INFO  State of operation 19426320 : EXECUTING
14:28:14 INFO  State of operation 19426320 : EXECUTING
14:28:16 INFO  State of operation 19426320 : EXECUTING
14:28:18 INFO  State of operation 19426320 : EXECUTING
14:28:21 INFO  State of operation 19426320 : EXECUTING
14:28:23 INFO  State of operation 19426320 : EXECUTING
14:28:26 INFO  State of operation 19426320 : EXECUTING
14:28:28 INFO  State of operation 19426320 : EXECUTING
14:28:30 INFO  State of operation 19426320 : EXECUTING
14:28:32 INFO  State of operation 19426320 : EXECUTING
14:28:35 INFO  State of operation 19426320 : EXECUTING
14:28:37 INFO  State of operation 19426320 : EXECUTING
14:28:39 INFO  State of operation 19426320 : EXECUTING
14:28:42 INFO  State of operation 19426320 : EXECUTING
14:28:45 INFO  State of operation 19426320 : EXECUTING
14:28:47 INFO  State of operation 19426320 : EXECUTING
14:28:49 INFO  State of operation 19426320 : EXECUTING
14:28:51 INFO  State of operation 19426320 : EXECUTING
14:28:53 WARN  SystemError occurred while running test - Timeout while waiting for status SUCCESSFUL or False
Traceback (most recent call last):
  File &quot;/home/pi/env-pysys/lib/python3.7/site-packages/pysys/baserunner.py&quot;, line 1294, in __call__
    self.testObj.execute()
  File &quot;/home/pi/actions-runner/_work/thin-edge.io/thin-edge.io/tests/PySys/software_management_end_to_end/sm_apt_install_remove_multiple_mixed/run.py&quot;, line 89, in execute
    self.wait_until_succcess()
  File &quot;/home/pi/actions-runner/_work/thin-edge.io/thin-edge.io/tests/PySys/software_management_end_to_end/environment_sm_management.py&quot;, line 324, in wait_until_succcess
    self.wait_until_status(&quot;SUCCESSFUL&quot;)
  File &quot;/home/pi/actions-runner/_work/thin-edge.io/thin-edge.io/tests/PySys/software_management_end_to_end/environment_sm_management.py&quot;, line 381, in wait_until_status
    &quot;Timeout while waiting for status %s or %s&quot; % (status, status2)
SystemError: Timeout while waiting for status SUCCESSFUL or False
14:28:54 WARN  SystemError: Timeout while waiting for status SUCCESSFUL or False ... blocked 
14:28:54 INFO  
14:28:54 INFO  cleanup:
14:28:59 INFO  Executed sudo&lt;tedge_disconnect_c8y&gt;, exit status 0
14:28:59 INFO  Executed systemctl&lt;serv_mapper5&gt;, exit status 3
14:28:59 INFO  
14:28:59 INFO  Test duration: 177.45 secs
14:28:59 INFO  Test final outcome:  BLOCKED
14:28:59 INFO  Test outcome reason: SystemError: Timeout while waiting for status SUCCESSFUL or False (+1 other failures)
14:28:59 INFO  
</system-out>
	</testcase>
</testsuite>
