<?xml version="1.0" encoding="utf-8"?>
<testsuite failures="1" name="SoftwareManagement.sm_apt_install_remove_multiple" skipped="0" tests="1" time="143.39" timestamp="2022-07-22T00:10:12">
	<testcase classname="PySysTest" name="SoftwareManagement.sm_apt_install_remove_multiple">
		<failure message="FAILED: Assert that (False == value) with value=True (+2 other failures)" type="FAILED"/>
		<system-out>00:07:49 INFO  ==============================================================
00:07:49 INFO  Id:    SoftwareManagement.sm_apt_install_remove_multiple
00:07:49 INFO  Dir:   software_management_end_to_end/
00:07:49 INFO  Title: Validate end to end behaviour for the apt plugin for multiple packages
00:07:49 INFO  ==============================================================
00:07:49 INFO  Using sw id database: {'asciijump': '5475369', 'robotfindskitten': '5474869', 'squirrel3': '5475279', 'rolldice': '5152439', 'moon-buggy': '5439204', 'apple': '5495053', 'banana': '5494888', 'cherry': '5495382', 'watermelon': '5494510', 'registry': '8018911', 'hello-world': '8021526', 'docker/getting-started': '8021973', 'alpine': '7991792'}
00:07:49 INFO  EnvironmentC8y Setup
00:07:50 INFO  Executed systemctl&lt;serv_mapper1&gt;, exit status 3
00:07:50 INFO  Restarting mosquitto too frequently in the last 10 seconds. It was only up for 5 seconds
00:07:50 INFO  Delaying execution by 6 seconds
00:08:10 INFO  Executed sudo&lt;tedge_connect_c8y&gt;, exit status 0, duration 14 secs
00:08:11 INFO  Executed sudo&lt;tedge_connect_c8y_test&gt;, exit status 0
00:08:12 INFO  Executed systemctl&lt;serv_mosq2&gt;, exit status 0
00:08:12 INFO  Executed systemctl&lt;serv_mapper3&gt;, exit status 0
00:08:14 INFO  State of current operation: SUCCESSFUL
00:08:15 INFO  Assert that (False == value) with value=False ... passed
00:08:15 INFO  Package asciijump is installed
00:08:15 WARN  Assert that (False == value) with value=True ... failed 
00:08:15 INFO  Package squirrel3 is installed
00:08:15 WARN  Assert that (False == value) with value=True ... failed 
00:08:16 INFO  Package robotfindskitten is installed
00:08:16 WARN  Assert that (False == value) with value=True ... failed 
00:08:16 INFO  Response status: 201
00:08:16 INFO  Response to action: {
    &quot;creationTime&quot;: &quot;2022-07-22T00:08:16.279Z&quot;,
    &quot;deviceId&quot;: &quot;21164556&quot;,
    &quot;deviceName&quot;: &quot;m32sd10a&quot;,
    &quot;self&quot;: &quot;https://t493319102.eu-latest.cumulocity.com/devicecontrol/operations/21210852&quot;,
    &quot;id&quot;: &quot;21210852&quot;,
    &quot;status&quot;: &quot;PENDING&quot;,
    &quot;description&quot;: &quot;Apply software changes, triggered from PySys: [{'action': 'install', 'id': '5475369', 'name': 'asciijump', 'url': ' ', 'version': '::apt'}, {'action': 'install', 'id': '5474869', 'name': 'robotfindskitten', 'url': ' ', 'version': '::apt'}, {'action': 'install', 'id': '5475279', 'name': 'squirrel3', 'url': ' ', 'version': '::apt'}]&quot;,
    &quot;c8y_SoftwareUpdate&quot;: [
        {
            &quot;name&quot;: &quot;asciijump&quot;,
            &quot;action&quot;: &quot;install&quot;,
            &quot;id&quot;: &quot;5475369&quot;,
            &quot;version&quot;: &quot;::apt&quot;,
            &quot;url&quot;: &quot; &quot;
        },
        {
            &quot;name&quot;: &quot;robotfindskitten&quot;,
            &quot;action&quot;: &quot;install&quot;,
            &quot;id&quot;: &quot;5474869&quot;,
            &quot;version&quot;: &quot;::apt&quot;,
            &quot;url&quot;: &quot; &quot;
        },
        {
            &quot;name&quot;: &quot;squirrel3&quot;,
            &quot;action&quot;: &quot;install&quot;,
            &quot;id&quot;: &quot;5475279&quot;,
            &quot;version&quot;: &quot;::apt&quot;,
            &quot;url&quot;: &quot; &quot;
        }
    ]
}
00:08:16 INFO  Started operation: {'creationTime': '2022-07-22T00:08:16.279Z', 'deviceId': '21164556', 'deviceName': 'm32sd10a', 'self': 'https://t493319102.eu-latest.cumulocity.com/devicecontrol/operations/21210852', 'id': '21210852', 'status': 'PENDING', 'description': &quot;Apply software changes, triggered from PySys: [{'action': 'install', 'id': '5475369', 'name': 'asciijump', 'url': ' ', 'version': '::apt'}, {'action': 'install', 'id': '5474869', 'name': 'robotfindskitten', 'url': ' ', 'version': '::apt'}, {'action': 'install', 'id': '5475279', 'name': 'squirrel3', 'url': ' ', 'version': '::apt'}]&quot;, 'c8y_SoftwareUpdate': [{'name': 'asciijump', 'action': 'install', 'id': '5475369', 'version': '::apt', 'url': ' '}, {'name': 'robotfindskitten', 'action': 'install', 'id': '5474869', 'version': '::apt', 'url': ' '}, {'name': 'squirrel3', 'action': 'install', 'id': '5475279', 'version': '::apt', 'url': ' '}]}
00:08:18 INFO  State of operation 21210852 : PENDING
00:08:20 INFO  State of operation 21210852 : EXECUTING
00:08:23 INFO  State of operation 21210852 : EXECUTING
00:08:25 INFO  State of operation 21210852 : EXECUTING
00:08:27 INFO  State of operation 21210852 : EXECUTING
00:08:29 INFO  State of operation 21210852 : EXECUTING
00:08:32 INFO  State of operation 21210852 : EXECUTING
00:08:35 INFO  State of operation 21210852 : EXECUTING
00:08:37 INFO  State of operation 21210852 : EXECUTING
00:08:40 INFO  State of operation 21210852 : EXECUTING
00:08:42 INFO  State of operation 21210852 : EXECUTING
00:08:44 INFO  State of operation 21210852 : EXECUTING
00:08:46 INFO  State of operation 21210852 : EXECUTING
00:08:48 INFO  State of operation 21210852 : EXECUTING
00:08:51 INFO  State of operation 21210852 : EXECUTING
00:08:53 INFO  State of operation 21210852 : SUCCESSFUL
00:08:53 INFO  Assert that (False == value) with value=False ... passed
00:08:53 INFO  Package asciijump is installed
00:08:53 INFO  Assert that (True == value) with value=True ... passed
00:08:54 INFO  Package squirrel3 is installed
00:08:54 INFO  Assert that (True == value) with value=True ... passed
00:08:54 INFO  Package robotfindskitten is installed
00:08:54 INFO  Assert that (True == value) with value=True ... passed
00:08:54 INFO  Response status: 201
00:08:54 INFO  Response to action: {
    &quot;creationTime&quot;: &quot;2022-07-22T00:08:54.605Z&quot;,
    &quot;deviceId&quot;: &quot;21164556&quot;,
    &quot;deviceName&quot;: &quot;m32sd10a&quot;,
    &quot;self&quot;: &quot;https://t493319102.eu-latest.cumulocity.com/devicecontrol/operations/21210861&quot;,
    &quot;id&quot;: &quot;21210861&quot;,
    &quot;status&quot;: &quot;PENDING&quot;,
    &quot;description&quot;: &quot;Apply software changes, triggered from PySys: [{'action': 'delete', 'id': '5475369', 'name': 'asciijump', 'url': ' ', 'version': '::apt'}, {'action': 'delete', 'id': '5474869', 'name': 'robotfindskitten', 'url': ' ', 'version': '::apt'}, {'action': 'delete', 'id': '5475279', 'name': 'squirrel3', 'url': ' ', 'version': '::apt'}]&quot;,
    &quot;c8y_SoftwareUpdate&quot;: [
        {
            &quot;name&quot;: &quot;asciijump&quot;,
            &quot;action&quot;: &quot;delete&quot;,
            &quot;id&quot;: &quot;5475369&quot;,
            &quot;version&quot;: &quot;::apt&quot;,
            &quot;url&quot;: &quot; &quot;
        },
        {
            &quot;name&quot;: &quot;robotfindskitten&quot;,
            &quot;action&quot;: &quot;delete&quot;,
            &quot;id&quot;: &quot;5474869&quot;,
            &quot;version&quot;: &quot;::apt&quot;,
            &quot;url&quot;: &quot; &quot;
        },
        {
            &quot;name&quot;: &quot;squirrel3&quot;,
            &quot;action&quot;: &quot;delete&quot;,
            &quot;id&quot;: &quot;5475279&quot;,
            &quot;version&quot;: &quot;::apt&quot;,
            &quot;url&quot;: &quot; &quot;
        }
    ]
}
00:08:54 INFO  Started operation: {'creationTime': '2022-07-22T00:08:54.605Z', 'deviceId': '21164556', 'deviceName': 'm32sd10a', 'self': 'https://t493319102.eu-latest.cumulocity.com/devicecontrol/operations/21210861', 'id': '21210861', 'status': 'PENDING', 'description': &quot;Apply software changes, triggered from PySys: [{'action': 'delete', 'id': '5475369', 'name': 'asciijump', 'url': ' ', 'version': '::apt'}, {'action': 'delete', 'id': '5474869', 'name': 'robotfindskitten', 'url': ' ', 'version': '::apt'}, {'action': 'delete', 'id': '5475279', 'name': 'squirrel3', 'url': ' ', 'version': '::apt'}]&quot;, 'c8y_SoftwareUpdate': [{'name': 'asciijump', 'action': 'delete', 'id': '5475369', 'version': '::apt', 'url': ' '}, {'name': 'robotfindskitten', 'action': 'delete', 'id': '5474869', 'version': '::apt', 'url': ' '}, {'name': 'squirrel3', 'action': 'delete', 'id': '5475279', 'version': '::apt', 'url': ' '}]}
00:08:56 INFO  State of operation 21210861 : PENDING
00:08:59 INFO  State of operation 21210861 : EXECUTING
00:09:01 INFO  State of operation 21210861 : EXECUTING
00:09:03 INFO  State of operation 21210861 : EXECUTING
00:09:05 INFO  State of operation 21210861 : EXECUTING
00:09:08 INFO  State of operation 21210861 : EXECUTING
00:09:10 INFO  State of operation 21210861 : EXECUTING
00:09:13 INFO  State of operation 21210861 : EXECUTING
00:09:15 INFO  State of operation 21210861 : EXECUTING
00:09:18 INFO  State of operation 21210861 : EXECUTING
00:09:20 INFO  State of operation 21210861 : EXECUTING
00:09:22 INFO  State of operation 21210861 : EXECUTING
00:09:25 INFO  State of operation 21210861 : EXECUTING
00:09:27 INFO  State of operation 21210861 : EXECUTING
00:09:29 INFO  State of operation 21210861 : EXECUTING
00:09:31 INFO  State of operation 21210861 : EXECUTING
00:09:34 INFO  State of operation 21210861 : EXECUTING
00:09:36 INFO  State of operation 21210861 : EXECUTING
00:09:38 INFO  State of operation 21210861 : EXECUTING
00:09:41 INFO  State of operation 21210861 : EXECUTING
00:09:43 INFO  State of operation 21210861 : EXECUTING
00:09:45 INFO  State of operation 21210861 : EXECUTING
00:09:48 INFO  State of operation 21210861 : EXECUTING
00:09:50 INFO  State of operation 21210861 : EXECUTING
00:09:52 INFO  State of operation 21210861 : EXECUTING
00:09:55 INFO  State of operation 21210861 : EXECUTING
00:09:57 INFO  State of operation 21210861 : EXECUTING
00:10:00 INFO  State of operation 21210861 : EXECUTING
00:10:02 INFO  State of operation 21210861 : EXECUTING
00:10:04 INFO  State of operation 21210861 : EXECUTING
00:10:06 INFO  State of operation 21210861 : SUCCESSFUL
00:10:07 INFO  Assert that (False == value) with value=False ... passed
00:10:07 INFO  Assert that (False == value) with value=False ... passed
00:10:07 INFO  Assert that (False == value) with value=False ... passed
00:10:07 INFO  Assert that (False == value) with value=False ... passed
00:10:07 INFO  
00:10:07 INFO  cleanup:
00:10:12 INFO  Executed sudo&lt;tedge_disconnect_c8y&gt;, exit status 0
00:10:12 INFO  Executed systemctl&lt;serv_mapper5&gt;, exit status 3
00:10:12 INFO  
00:10:12 INFO  Test duration: 143.39 secs
00:10:12 INFO  Test final outcome:  FAILED
00:10:12 INFO  Test outcome reason: Assert that (False == value) with value=True (+2 other failures)
00:10:12 INFO  
</system-out>
	</testcase>
</testsuite>
