<?xml version="1.0" encoding="utf-8"?>
<testsuite failures="1" name="SoftwareManagement.sm_apt_install_fail" skipped="0" tests="1" time="166.62" timestamp="2022-05-24T16:46:42">
	<testcase classname="PySysTest" name="SoftwareManagement.sm_apt_install_fail">
		<failure message="BLOCKED: SystemError: Timeout while waiting for status FAILED or SUCCESSFUL" type="BLOCKED"/>
		<system-out>16:43:56 INFO  ==============================================================
16:43:56 INFO  Id:    SoftwareManagement.sm_apt_install_fail
16:43:56 INFO  Dir:   software_management_end_to_end/
16:43:56 INFO  Title: Validate end to end behaviour for a failing installation
16:43:56 INFO  ==============================================================
16:43:56 INFO  Using sw id database: {'asciijump': '5475369', 'robotfindskitten': '5474869', 'squirrel3': '5475279', 'rolldice': '5152439', 'moon-buggy': '5439204', 'apple': '5495053', 'banana': '5494888', 'cherry': '5495382', 'watermelon': '5494510', 'registry': '8018911', 'hello-world': '8021526', 'docker/getting-started': '8021973', 'alpine': '7991792'}
16:43:56 INFO  EnvironmentC8y Setup
16:43:56 INFO  Executed systemctl&lt;serv_mapper1&gt;, exit status 3
16:43:56 INFO  Restarting mosquitto too frequently in the last 10 seconds. It was only up for 4 seconds
16:43:56 INFO  Delaying execution by 7 seconds
16:44:18 INFO  Executed sudo&lt;tedge_connect_c8y&gt;, exit status 0, duration 14 secs
16:44:18 INFO  Executed sudo&lt;tedge_connect_c8y_test&gt;, exit status 0
16:44:19 INFO  Executed systemctl&lt;serv_mosq2&gt;, exit status 0
16:44:19 INFO  Executed systemctl&lt;serv_mapper3&gt;, exit status 0
16:44:22 INFO  State of current operation: PENDING
16:44:24 INFO  State of current operation: PENDING
16:44:26 INFO  State of current operation: PENDING
16:44:28 INFO  State of current operation: PENDING
16:44:31 INFO  State of current operation: PENDING
16:44:33 INFO  State of current operation: PENDING
16:44:35 INFO  State of current operation: PENDING
16:44:37 INFO  State of current operation: PENDING
16:44:39 INFO  State of current operation: PENDING
16:44:42 INFO  State of current operation: PENDING
16:44:44 INFO  State of current operation: PENDING
16:44:46 INFO  State of current operation: PENDING
16:44:48 INFO  State of current operation: PENDING
16:44:51 INFO  State of current operation: PENDING
16:44:53 INFO  State of current operation: PENDING
16:44:55 INFO  State of current operation: PENDING
16:44:57 INFO  State of current operation: PENDING
16:45:00 INFO  State of current operation: PENDING
16:45:02 INFO  State of current operation: PENDING
16:45:04 INFO  State of current operation: PENDING
16:45:06 INFO  State of current operation: PENDING
16:45:08 INFO  State of current operation: PENDING
16:45:11 INFO  State of current operation: PENDING
16:45:13 INFO  State of current operation: PENDING
16:45:15 INFO  State of current operation: PENDING
16:45:17 INFO  State of current operation: PENDING
16:45:20 INFO  State of current operation: PENDING
16:45:22 INFO  State of current operation: PENDING
16:45:24 INFO  State of current operation: PENDING
16:45:26 INFO  State of current operation: PENDING
16:45:29 INFO  State of current operation: PENDING
16:45:31 INFO  State of current operation: PENDING
16:45:33 INFO  State of current operation: PENDING
16:45:35 INFO  State of current operation: PENDING
16:45:38 INFO  State of current operation: PENDING
16:45:40 INFO  State of current operation: PENDING
16:45:42 INFO  State of current operation: PENDING
16:45:44 INFO  State of current operation: PENDING
16:45:47 INFO  State of current operation: PENDING
16:45:49 INFO  State of current operation: PENDING
16:45:51 INFO  State of current operation: PENDING
16:45:53 INFO  State of current operation: PENDING
16:45:55 INFO  State of current operation: PENDING
16:45:58 INFO  State of current operation: PENDING
16:46:00 INFO  State of current operation: PENDING
16:46:02 INFO  State of current operation: PENDING
16:46:04 INFO  State of current operation: PENDING
16:46:07 INFO  State of current operation: PENDING
16:46:09 INFO  State of current operation: PENDING
16:46:11 INFO  State of current operation: PENDING
16:46:13 INFO  State of current operation: PENDING
16:46:15 INFO  State of current operation: PENDING
16:46:18 INFO  State of current operation: PENDING
16:46:20 INFO  State of current operation: PENDING
16:46:22 INFO  State of current operation: PENDING
16:46:24 INFO  State of current operation: PENDING
16:46:27 INFO  State of current operation: PENDING
16:46:29 INFO  State of current operation: PENDING
16:46:31 INFO  State of current operation: PENDING
16:46:33 INFO  State of current operation: PENDING
16:46:36 INFO  State of current operation: PENDING
16:46:38 WARN  SystemError occurred while running test - Timeout while waiting for status FAILED or SUCCESSFUL
Traceback (most recent call last):
  File &quot;/home/pi/env-pysys/lib/python3.7/site-packages/pysys/baserunner.py&quot;, line 1292, in __call__
    self.testObj.setup()
  File &quot;/home/pi/actions-runner/_work/thin-edge.io/thin-edge.io/tests/PySys/software_management_end_to_end/sm_apt_install_fail/run.py&quot;, line 20, in setup
    super().setup()
  File &quot;/home/pi/actions-runner/_work/thin-edge.io/thin-edge.io/tests/PySys/software_management_end_to_end/environment_sm_management.py&quot;, line 151, in setup
    self.wait_until_end()
  File &quot;/home/pi/actions-runner/_work/thin-edge.io/thin-edge.io/tests/PySys/software_management_end_to_end/environment_sm_management.py&quot;, line 332, in wait_until_end
    self.wait_until_status(&quot;FAILED&quot;, &quot;SUCCESSFUL&quot;)
  File &quot;/home/pi/actions-runner/_work/thin-edge.io/thin-edge.io/tests/PySys/software_management_end_to_end/environment_sm_management.py&quot;, line 381, in wait_until_status
    &quot;Timeout while waiting for status %s or %s&quot; % (status, status2)
SystemError: Timeout while waiting for status FAILED or SUCCESSFUL
16:46:38 WARN  SystemError: Timeout while waiting for status FAILED or SUCCESSFUL ... blocked 
16:46:38 INFO  
16:46:38 INFO  cleanup:
16:46:42 INFO  Executed sudo&lt;tedge_disconnect_c8y&gt;, exit status 0
16:46:42 INFO  Executed systemctl&lt;serv_mapper5&gt;, exit status 3
16:46:42 INFO  
16:46:42 INFO  Test duration: 166.62 secs
16:46:42 INFO  Test final outcome:  BLOCKED
16:46:42 INFO  Test outcome reason: SystemError: Timeout while waiting for status FAILED or SUCCESSFUL
16:46:42 INFO  
</system-out>
	</testcase>
</testsuite>
