<?xml version="1.0" encoding="utf-8"?>
<testsuite failures="1" name="SoftwareManagement.sm_docker_install_remove_multiple" skipped="0" tests="1" time="167.89" timestamp="2022-05-25T14:09:33">
	<testcase classname="SMDockerInstallRemove" name="SoftwareManagement.sm_docker_install_remove_multiple">
		<failure message="BLOCKED: SystemError: Timeout while waiting for status FAILED or SUCCESSFUL" type="BLOCKED"/>
		<system-out>14:06:45 INFO  ==============================================================
14:06:45 INFO  Id:    SoftwareManagement.sm_docker_install_remove_multiple
14:06:45 INFO  Dir:   software_management_end_to_end/
14:06:45 INFO  Title: Validate end to end behaviour for the docker plugin for multiple docker images with mixed versions
14:06:45 INFO  ==============================================================
14:06:45 INFO  Using sw id database: {'asciijump': '5475369', 'robotfindskitten': '5474869', 'squirrel3': '5475279', 'rolldice': '5152439', 'moon-buggy': '5439204', 'apple': '5495053', 'banana': '5494888', 'cherry': '5495382', 'watermelon': '5494510', 'registry': '8018911', 'hello-world': '8021526', 'docker/getting-started': '8021973', 'alpine': '7991792'}
14:06:45 INFO  EnvironmentC8y Setup
14:06:45 INFO  Executed systemctl&lt;serv_mapper1&gt;, exit status 3
14:06:45 INFO  Restarting mosquitto too frequently in the last 10 seconds. It was only up for 5 seconds
14:06:45 INFO  Delaying execution by 6 seconds
14:07:06 INFO  Executed sudo&lt;tedge_connect_c8y&gt;, exit status 0, duration 14 secs
14:07:07 INFO  Executed sudo&lt;tedge_connect_c8y_test&gt;, exit status 0
14:07:07 INFO  Executed systemctl&lt;serv_mosq2&gt;, exit status 0
14:07:08 INFO  Executed systemctl&lt;serv_mapper3&gt;, exit status 0
14:07:10 INFO  State of current operation: PENDING
14:07:12 INFO  State of current operation: PENDING
14:07:15 INFO  State of current operation: PENDING
14:07:17 INFO  State of current operation: PENDING
14:07:19 INFO  State of current operation: PENDING
14:07:21 INFO  State of current operation: PENDING
14:07:23 INFO  State of current operation: PENDING
14:07:26 INFO  State of current operation: PENDING
14:07:28 INFO  State of current operation: PENDING
14:07:30 INFO  State of current operation: PENDING
14:07:32 INFO  State of current operation: PENDING
14:07:35 INFO  State of current operation: PENDING
14:07:37 INFO  State of current operation: PENDING
14:07:39 INFO  State of current operation: PENDING
14:07:41 INFO  State of current operation: PENDING
14:07:44 INFO  State of current operation: PENDING
14:07:46 INFO  State of current operation: PENDING
14:07:48 INFO  State of current operation: PENDING
14:07:50 INFO  State of current operation: PENDING
14:07:53 INFO  State of current operation: PENDING
14:07:55 INFO  State of current operation: PENDING
14:07:57 INFO  State of current operation: PENDING
14:07:59 INFO  State of current operation: PENDING
14:08:03 INFO  State of current operation: PENDING
14:08:05 INFO  State of current operation: PENDING
14:08:07 INFO  State of current operation: PENDING
14:08:10 INFO  State of current operation: PENDING
14:08:12 INFO  State of current operation: PENDING
14:08:14 INFO  State of current operation: PENDING
14:08:16 INFO  State of current operation: PENDING
14:08:18 INFO  State of current operation: PENDING
14:08:21 INFO  State of current operation: PENDING
14:08:23 INFO  State of current operation: PENDING
14:08:25 INFO  State of current operation: PENDING
14:08:28 INFO  State of current operation: PENDING
14:08:30 INFO  State of current operation: PENDING
14:08:32 INFO  State of current operation: PENDING
14:08:34 INFO  State of current operation: PENDING
14:08:36 INFO  State of current operation: PENDING
14:08:39 INFO  State of current operation: PENDING
14:08:41 INFO  State of current operation: PENDING
14:08:43 INFO  State of current operation: PENDING
14:08:45 INFO  State of current operation: PENDING
14:08:48 INFO  State of current operation: PENDING
14:08:50 INFO  State of current operation: PENDING
14:08:52 INFO  State of current operation: PENDING
14:08:54 INFO  State of current operation: PENDING
14:08:57 INFO  State of current operation: PENDING
14:08:59 INFO  State of current operation: PENDING
14:09:01 INFO  State of current operation: PENDING
14:09:03 INFO  State of current operation: PENDING
14:09:06 INFO  State of current operation: PENDING
14:09:08 INFO  State of current operation: PENDING
14:09:10 INFO  State of current operation: PENDING
14:09:12 INFO  State of current operation: PENDING
14:09:15 INFO  State of current operation: PENDING
14:09:17 INFO  State of current operation: PENDING
14:09:19 INFO  State of current operation: PENDING
14:09:21 INFO  State of current operation: PENDING
14:09:24 INFO  State of current operation: PENDING
14:09:26 INFO  State of current operation: PENDING
14:09:28 WARN  SystemError occurred while running test - Timeout while waiting for status FAILED or SUCCESSFUL
Traceback (most recent call last):
  File &quot;/home/pi/env-pysys/lib/python3.7/site-packages/pysys/baserunner.py&quot;, line 1292, in __call__
    self.testObj.setup()
  File &quot;/home/pi/actions-runner/_work/thin-edge.io/thin-edge.io/tests/PySys/software_management_end_to_end/sm_docker_install_remove_multiple/run.py&quot;, line 29, in setup
    super().setup()
  File &quot;/home/pi/actions-runner/_work/thin-edge.io/thin-edge.io/tests/PySys/software_management_end_to_end/environment_sm_management.py&quot;, line 151, in setup
    self.wait_until_end()
  File &quot;/home/pi/actions-runner/_work/thin-edge.io/thin-edge.io/tests/PySys/software_management_end_to_end/environment_sm_management.py&quot;, line 332, in wait_until_end
    self.wait_until_status(&quot;FAILED&quot;, &quot;SUCCESSFUL&quot;)
  File &quot;/home/pi/actions-runner/_work/thin-edge.io/thin-edge.io/tests/PySys/software_management_end_to_end/environment_sm_management.py&quot;, line 381, in wait_until_status
    &quot;Timeout while waiting for status %s or %s&quot; % (status, status2)
SystemError: Timeout while waiting for status FAILED or SUCCESSFUL
14:09:28 WARN  SystemError: Timeout while waiting for status FAILED or SUCCESSFUL ... blocked 
14:09:28 INFO  
14:09:28 INFO  cleanup:
14:09:32 INFO  Executed sudo&lt;tedge_disconnect_c8y&gt;, exit status 0
14:09:33 INFO  Executed systemctl&lt;serv_mapper5&gt;, exit status 3
14:09:33 INFO  
14:09:33 INFO  Test duration: 167.89 secs
14:09:33 INFO  Test final outcome:  BLOCKED
14:09:33 INFO  Test outcome reason: SystemError: Timeout while waiting for status FAILED or SUCCESSFUL
14:09:33 INFO  
</system-out>
	</testcase>
</testsuite>
