<?xml version="1.0" encoding="utf-8"?>
<testsuite failures="1" name="SoftwareManagement.sm_apt_install_remove_multiple" skipped="0" tests="1" time="137.42" timestamp="2022-06-22T19:51:36">
	<testcase classname="PySysTest" name="SoftwareManagement.sm_apt_install_remove_multiple">
		<failure message="FAILED: Assert that (False == value) with value=True (+2 other failures)" type="FAILED"/>
		<system-out>19:49:18 INFO  ==============================================================
19:49:18 INFO  Id:    SoftwareManagement.sm_apt_install_remove_multiple
19:49:18 INFO  Dir:   software_management_end_to_end/
19:49:18 INFO  Title: Validate end to end behaviour for the apt plugin for multiple packages
19:49:18 INFO  ==============================================================
19:49:18 INFO  Using sw id database: {'asciijump': '5475369', 'robotfindskitten': '5474869', 'squirrel3': '5475279', 'rolldice': '5152439', 'moon-buggy': '5439204', 'apple': '5495053', 'banana': '5494888', 'cherry': '5495382', 'watermelon': '5494510', 'registry': '8018911', 'hello-world': '8021526', 'docker/getting-started': '8021973', 'alpine': '7991792'}
19:49:18 INFO  EnvironmentC8y Setup
19:49:19 INFO  Executed systemctl&lt;serv_mapper1&gt;, exit status 3
19:49:19 INFO  Restarting mosquitto too frequently in the last 10 seconds. It was only up for 5 seconds
19:49:19 INFO  Delaying execution by 6 seconds
19:49:40 INFO  Executed sudo&lt;tedge_connect_c8y&gt;, exit status 0, duration 14 secs
19:49:40 INFO  Executed sudo&lt;tedge_connect_c8y_test&gt;, exit status 0
19:49:41 INFO  Executed systemctl&lt;serv_mosq2&gt;, exit status 0
19:49:41 INFO  Executed systemctl&lt;serv_mapper3&gt;, exit status 0
19:49:43 INFO  State of current operation: SUCCESSFUL
19:49:44 INFO  Assert that (False == value) with value=False ... passed
19:49:44 INFO  Package asciijump is installed
19:49:44 WARN  Assert that (False == value) with value=True ... failed 
19:49:45 INFO  Package squirrel3 is installed
19:49:45 WARN  Assert that (False == value) with value=True ... failed 
19:49:45 INFO  Package robotfindskitten is installed
19:49:45 WARN  Assert that (False == value) with value=True ... failed 
19:49:45 INFO  Response status: 201
19:49:45 INFO  Response to action: {
    &quot;creationTime&quot;: &quot;2022-06-22T19:49:45.596Z&quot;,
    &quot;deviceName&quot;: &quot;m32sd10a&quot;,
    &quot;deviceId&quot;: &quot;20418368&quot;,
    &quot;self&quot;: &quot;https://t493319102.eu-latest.cumulocity.com/devicecontrol/operations/20449516&quot;,
    &quot;id&quot;: &quot;20449516&quot;,
    &quot;status&quot;: &quot;PENDING&quot;,
    &quot;description&quot;: &quot;Apply software changes, triggered from PySys: [{'action': 'install', 'id': '5475369', 'name': 'asciijump', 'url': ' ', 'version': '::apt'}, {'action': 'install', 'id': '5474869', 'name': 'robotfindskitten', 'url': ' ', 'version': '::apt'}, {'action': 'install', 'id': '5475279', 'name': 'squirrel3', 'url': ' ', 'version': '::apt'}]&quot;,
    &quot;c8y_SoftwareUpdate&quot;: [
        {
            &quot;name&quot;: &quot;asciijump&quot;,
            &quot;action&quot;: &quot;install&quot;,
            &quot;id&quot;: &quot;5475369&quot;,
            &quot;version&quot;: &quot;::apt&quot;,
            &quot;url&quot;: &quot; &quot;
        },
        {
            &quot;name&quot;: &quot;robotfindskitten&quot;,
            &quot;action&quot;: &quot;install&quot;,
            &quot;id&quot;: &quot;5474869&quot;,
            &quot;version&quot;: &quot;::apt&quot;,
            &quot;url&quot;: &quot; &quot;
        },
        {
            &quot;name&quot;: &quot;squirrel3&quot;,
            &quot;action&quot;: &quot;install&quot;,
            &quot;id&quot;: &quot;5475279&quot;,
            &quot;version&quot;: &quot;::apt&quot;,
            &quot;url&quot;: &quot; &quot;
        }
    ]
}
19:49:45 INFO  Started operation: {'creationTime': '2022-06-22T19:49:45.596Z', 'deviceName': 'm32sd10a', 'deviceId': '20418368', 'self': 'https://t493319102.eu-latest.cumulocity.com/devicecontrol/operations/20449516', 'id': '20449516', 'status': 'PENDING', 'description': &quot;Apply software changes, triggered from PySys: [{'action': 'install', 'id': '5475369', 'name': 'asciijump', 'url': ' ', 'version': '::apt'}, {'action': 'install', 'id': '5474869', 'name': 'robotfindskitten', 'url': ' ', 'version': '::apt'}, {'action': 'install', 'id': '5475279', 'name': 'squirrel3', 'url': ' ', 'version': '::apt'}]&quot;, 'c8y_SoftwareUpdate': [{'name': 'asciijump', 'action': 'install', 'id': '5475369', 'version': '::apt', 'url': ' '}, {'name': 'robotfindskitten', 'action': 'install', 'id': '5474869', 'version': '::apt', 'url': ' '}, {'name': 'squirrel3', 'action': 'install', 'id': '5475279', 'version': '::apt', 'url': ' '}]}
19:49:47 INFO  State of operation 20449516 : PENDING
19:49:50 INFO  State of operation 20449516 : EXECUTING
19:49:52 INFO  State of operation 20449516 : EXECUTING
19:49:54 INFO  State of operation 20449516 : EXECUTING
19:49:56 INFO  State of operation 20449516 : EXECUTING
19:49:58 INFO  State of operation 20449516 : EXECUTING
19:50:01 INFO  State of operation 20449516 : EXECUTING
19:50:04 INFO  State of operation 20449516 : EXECUTING
19:50:06 INFO  State of operation 20449516 : EXECUTING
19:50:08 INFO  State of operation 20449516 : EXECUTING
19:50:11 INFO  State of operation 20449516 : EXECUTING
19:50:13 INFO  State of operation 20449516 : EXECUTING
19:50:15 INFO  State of operation 20449516 : EXECUTING
19:50:17 INFO  State of operation 20449516 : EXECUTING
19:50:20 INFO  State of operation 20449516 : EXECUTING
19:50:22 INFO  State of operation 20449516 : SUCCESSFUL
19:50:22 INFO  Assert that (False == value) with value=False ... passed
19:50:22 INFO  Package asciijump is installed
19:50:22 INFO  Assert that (True == value) with value=True ... passed
19:50:22 INFO  Package squirrel3 is installed
19:50:22 INFO  Assert that (True == value) with value=True ... passed
19:50:23 INFO  Package robotfindskitten is installed
19:50:23 INFO  Assert that (True == value) with value=True ... passed
19:50:23 INFO  Response status: 201
19:50:23 INFO  Response to action: {
    &quot;creationTime&quot;: &quot;2022-06-22T19:50:23.323Z&quot;,
    &quot;deviceName&quot;: &quot;m32sd10a&quot;,
    &quot;deviceId&quot;: &quot;20418368&quot;,
    &quot;self&quot;: &quot;https://t493319102.eu-latest.cumulocity.com/devicecontrol/operations/20449527&quot;,
    &quot;id&quot;: &quot;20449527&quot;,
    &quot;status&quot;: &quot;PENDING&quot;,
    &quot;description&quot;: &quot;Apply software changes, triggered from PySys: [{'action': 'delete', 'id': '5475369', 'name': 'asciijump', 'url': ' ', 'version': '::apt'}, {'action': 'delete', 'id': '5474869', 'name': 'robotfindskitten', 'url': ' ', 'version': '::apt'}, {'action': 'delete', 'id': '5475279', 'name': 'squirrel3', 'url': ' ', 'version': '::apt'}]&quot;,
    &quot;c8y_SoftwareUpdate&quot;: [
        {
            &quot;name&quot;: &quot;asciijump&quot;,
            &quot;action&quot;: &quot;delete&quot;,
            &quot;id&quot;: &quot;5475369&quot;,
            &quot;version&quot;: &quot;::apt&quot;,
            &quot;url&quot;: &quot; &quot;
        },
        {
            &quot;name&quot;: &quot;robotfindskitten&quot;,
            &quot;action&quot;: &quot;delete&quot;,
            &quot;id&quot;: &quot;5474869&quot;,
            &quot;version&quot;: &quot;::apt&quot;,
            &quot;url&quot;: &quot; &quot;
        },
        {
            &quot;name&quot;: &quot;squirrel3&quot;,
            &quot;action&quot;: &quot;delete&quot;,
            &quot;id&quot;: &quot;5475279&quot;,
            &quot;version&quot;: &quot;::apt&quot;,
            &quot;url&quot;: &quot; &quot;
        }
    ]
}
19:50:23 INFO  Started operation: {'creationTime': '2022-06-22T19:50:23.323Z', 'deviceName': 'm32sd10a', 'deviceId': '20418368', 'self': 'https://t493319102.eu-latest.cumulocity.com/devicecontrol/operations/20449527', 'id': '20449527', 'status': 'PENDING', 'description': &quot;Apply software changes, triggered from PySys: [{'action': 'delete', 'id': '5475369', 'name': 'asciijump', 'url': ' ', 'version': '::apt'}, {'action': 'delete', 'id': '5474869', 'name': 'robotfindskitten', 'url': ' ', 'version': '::apt'}, {'action': 'delete', 'id': '5475279', 'name': 'squirrel3', 'url': ' ', 'version': '::apt'}]&quot;, 'c8y_SoftwareUpdate': [{'name': 'asciijump', 'action': 'delete', 'id': '5475369', 'version': '::apt', 'url': ' '}, {'name': 'robotfindskitten', 'action': 'delete', 'id': '5474869', 'version': '::apt', 'url': ' '}, {'name': 'squirrel3', 'action': 'delete', 'id': '5475279', 'version': '::apt', 'url': ' '}]}
19:50:25 INFO  State of operation 20449527 : PENDING
19:50:27 INFO  State of operation 20449527 : EXECUTING
19:50:30 INFO  State of operation 20449527 : EXECUTING
19:50:32 INFO  State of operation 20449527 : EXECUTING
19:50:34 INFO  State of operation 20449527 : EXECUTING
19:50:36 INFO  State of operation 20449527 : EXECUTING
19:50:39 INFO  State of operation 20449527 : EXECUTING
19:50:41 INFO  State of operation 20449527 : EXECUTING
19:50:44 INFO  State of operation 20449527 : EXECUTING
19:50:46 INFO  State of operation 20449527 : EXECUTING
19:50:48 INFO  State of operation 20449527 : EXECUTING
19:50:51 INFO  State of operation 20449527 : EXECUTING
19:50:53 INFO  State of operation 20449527 : EXECUTING
19:50:55 INFO  State of operation 20449527 : EXECUTING
19:50:57 INFO  State of operation 20449527 : EXECUTING
19:51:00 INFO  State of operation 20449527 : EXECUTING
19:51:02 INFO  State of operation 20449527 : EXECUTING
19:51:05 INFO  State of operation 20449527 : EXECUTING
19:51:07 INFO  State of operation 20449527 : EXECUTING
19:51:09 INFO  State of operation 20449527 : EXECUTING
19:51:12 INFO  State of operation 20449527 : EXECUTING
19:51:14 INFO  State of operation 20449527 : EXECUTING
19:51:16 INFO  State of operation 20449527 : EXECUTING
19:51:18 INFO  State of operation 20449527 : EXECUTING
19:51:21 INFO  State of operation 20449527 : EXECUTING
19:51:23 INFO  State of operation 20449527 : EXECUTING
19:51:26 INFO  State of operation 20449527 : EXECUTING
19:51:28 INFO  State of operation 20449527 : EXECUTING
19:51:30 INFO  State of operation 20449527 : SUCCESSFUL
19:51:31 INFO  Assert that (False == value) with value=False ... passed
19:51:31 INFO  Assert that (False == value) with value=False ... passed
19:51:31 INFO  Assert that (False == value) with value=False ... passed
19:51:31 INFO  Assert that (False == value) with value=False ... passed
19:51:31 INFO  
19:51:31 INFO  cleanup:
19:51:35 INFO  Executed sudo&lt;tedge_disconnect_c8y&gt;, exit status 0
19:51:36 INFO  Executed systemctl&lt;serv_mapper5&gt;, exit status 3
19:51:36 INFO  
19:51:36 INFO  Test duration: 137.42 secs
19:51:36 INFO  Test final outcome:  FAILED
19:51:36 INFO  Test outcome reason: Assert that (False == value) with value=True (+2 other failures)
19:51:36 INFO  
</system-out>
	</testcase>
</testsuite>
