<?xml version="1.0" encoding="utf-8"?>
<testsuite failures="1" name="SoftwareManagement.sm_apt_install_remove_with_version" skipped="0" tests="1" time="167.3" timestamp="2022-05-23T09:51:02">
	<testcase classname="PySysTest" name="SoftwareManagement.sm_apt_install_remove_with_version">
		<failure message="BLOCKED: SystemError: Timeout while waiting for status FAILED or SUCCESSFUL" type="BLOCKED"/>
		<system-out>09:48:14 INFO  ==============================================================
09:48:14 INFO  Id:    SoftwareManagement.sm_apt_install_remove_with_version
09:48:14 INFO  Dir:   software_management_end_to_end/
09:48:14 INFO  Title: Validate end to end behaviour for the apt plugin for packages with version
09:48:14 INFO  ==============================================================
09:48:14 INFO  Using sw id database: {'asciijump': '5475369', 'robotfindskitten': '5474869', 'squirrel3': '5475279', 'rolldice': '5152439', 'moon-buggy': '5439204', 'apple': '5495053', 'banana': '5494888', 'cherry': '5495382', 'watermelon': '5494510', 'registry': '8018911', 'hello-world': '8021526', 'docker/getting-started': '8021973', 'alpine': '7991792'}
09:48:14 INFO  EnvironmentC8y Setup
09:48:15 INFO  Executed systemctl&lt;serv_mapper1&gt;, exit status 3
09:48:15 INFO  Restarting mosquitto too frequently in the last 10 seconds. It was only up for 4 seconds
09:48:15 INFO  Delaying execution by 7 seconds
09:48:36 INFO  Executed sudo&lt;tedge_connect_c8y&gt;, exit status 0, duration 14 secs
09:48:37 INFO  Executed sudo&lt;tedge_connect_c8y_test&gt;, exit status 0
09:48:37 INFO  Executed systemctl&lt;serv_mosq2&gt;, exit status 0
09:48:38 INFO  Executed systemctl&lt;serv_mapper3&gt;, exit status 0
09:48:40 INFO  State of current operation: PENDING
09:48:42 INFO  State of current operation: PENDING
09:48:45 INFO  State of current operation: PENDING
09:48:47 INFO  State of current operation: PENDING
09:48:49 INFO  State of current operation: PENDING
09:48:51 INFO  State of current operation: PENDING
09:48:54 INFO  State of current operation: PENDING
09:48:56 INFO  State of current operation: PENDING
09:48:58 INFO  State of current operation: PENDING
09:49:00 INFO  State of current operation: PENDING
09:49:03 INFO  State of current operation: PENDING
09:49:05 INFO  State of current operation: PENDING
09:49:07 INFO  State of current operation: PENDING
09:49:09 INFO  State of current operation: PENDING
09:49:11 INFO  State of current operation: PENDING
09:49:14 INFO  State of current operation: PENDING
09:49:16 INFO  State of current operation: PENDING
09:49:18 INFO  State of current operation: PENDING
09:49:21 INFO  State of current operation: PENDING
09:49:23 INFO  State of current operation: PENDING
09:49:25 INFO  State of current operation: PENDING
09:49:27 INFO  State of current operation: PENDING
09:49:29 INFO  State of current operation: PENDING
09:49:32 INFO  State of current operation: PENDING
09:49:34 INFO  State of current operation: PENDING
09:49:36 INFO  State of current operation: PENDING
09:49:38 INFO  State of current operation: PENDING
09:49:41 INFO  State of current operation: PENDING
09:49:43 INFO  State of current operation: PENDING
09:49:45 INFO  State of current operation: PENDING
09:49:48 INFO  State of current operation: PENDING
09:49:50 INFO  State of current operation: PENDING
09:49:52 INFO  State of current operation: PENDING
09:49:54 INFO  State of current operation: PENDING
09:49:57 INFO  State of current operation: PENDING
09:49:59 INFO  State of current operation: PENDING
09:50:01 INFO  State of current operation: PENDING
09:50:03 INFO  State of current operation: PENDING
09:50:05 INFO  State of current operation: PENDING
09:50:08 INFO  State of current operation: PENDING
09:50:10 INFO  State of current operation: PENDING
09:50:12 INFO  State of current operation: PENDING
09:50:14 INFO  State of current operation: PENDING
09:50:17 INFO  State of current operation: PENDING
09:50:19 INFO  State of current operation: PENDING
09:50:21 INFO  State of current operation: PENDING
09:50:23 INFO  State of current operation: PENDING
09:50:26 INFO  State of current operation: PENDING
09:50:28 INFO  State of current operation: PENDING
09:50:30 INFO  State of current operation: PENDING
09:50:32 INFO  State of current operation: PENDING
09:50:35 INFO  State of current operation: PENDING
09:50:37 INFO  State of current operation: PENDING
09:50:39 INFO  State of current operation: PENDING
09:50:41 INFO  State of current operation: PENDING
09:50:43 INFO  State of current operation: PENDING
09:50:46 INFO  State of current operation: PENDING
09:50:48 INFO  State of current operation: PENDING
09:50:50 INFO  State of current operation: PENDING
09:50:52 INFO  State of current operation: PENDING
09:50:55 INFO  State of current operation: PENDING
09:50:57 WARN  SystemError occurred while running test - Timeout while waiting for status FAILED or SUCCESSFUL
Traceback (most recent call last):
  File &quot;/home/pi/env-pysys/lib/python3.7/site-packages/pysys/baserunner.py&quot;, line 1292, in __call__
    self.testObj.setup()
  File &quot;/home/pi/actions-runner/_work/thin-edge.io/thin-edge.io/tests/PySys/software_management_end_to_end/sm_apt_install_remove_with_version/run.py&quot;, line 27, in setup
    super().setup()
  File &quot;/home/pi/actions-runner/_work/thin-edge.io/thin-edge.io/tests/PySys/software_management_end_to_end/environment_sm_management.py&quot;, line 151, in setup
    self.wait_until_end()
  File &quot;/home/pi/actions-runner/_work/thin-edge.io/thin-edge.io/tests/PySys/software_management_end_to_end/environment_sm_management.py&quot;, line 332, in wait_until_end
    self.wait_until_status(&quot;FAILED&quot;, &quot;SUCCESSFUL&quot;)
  File &quot;/home/pi/actions-runner/_work/thin-edge.io/thin-edge.io/tests/PySys/software_management_end_to_end/environment_sm_management.py&quot;, line 381, in wait_until_status
    &quot;Timeout while waiting for status %s or %s&quot; % (status, status2)
SystemError: Timeout while waiting for status FAILED or SUCCESSFUL
09:50:57 WARN  SystemError: Timeout while waiting for status FAILED or SUCCESSFUL ... blocked 
09:50:57 INFO  
09:50:57 INFO  cleanup:
09:51:01 INFO  Executed sudo&lt;tedge_disconnect_c8y&gt;, exit status 0
09:51:02 INFO  Executed systemctl&lt;serv_mapper5&gt;, exit status 3
09:51:02 INFO  
09:51:02 INFO  Test duration: 167.30 secs
09:51:02 INFO  Test final outcome:  BLOCKED
09:51:02 INFO  Test outcome reason: SystemError: Timeout while waiting for status FAILED or SUCCESSFUL
09:51:02 INFO  
</system-out>
	</testcase>
</testsuite>
