<?xml version="1.0" encoding="utf-8"?>
<testsuite failures="1" name="SoftwareManagement.sm_apt_install_remove_multiple" skipped="0" tests="1" time="135.34" timestamp="2022-05-20T14:26:02">
	<testcase classname="PySysTest" name="SoftwareManagement.sm_apt_install_remove_multiple">
		<failure message="FAILED: Assert that (False == value) with value=True (+2 other failures)" type="FAILED"/>
		<system-out>14:23:46 INFO  ==============================================================
14:23:46 INFO  Id:    SoftwareManagement.sm_apt_install_remove_multiple
14:23:46 INFO  Dir:   software_management_end_to_end/
14:23:46 INFO  Title: Validate end to end behaviour for the apt plugin for multiple packages
14:23:46 INFO  ==============================================================
14:23:46 INFO  Using sw id database: {'asciijump': '5475369', 'robotfindskitten': '5474869', 'squirrel3': '5475279', 'rolldice': '5152439', 'moon-buggy': '5439204', 'apple': '5495053', 'banana': '5494888', 'cherry': '5495382', 'watermelon': '5494510', 'registry': '8018911', 'hello-world': '8021526', 'docker/getting-started': '8021973', 'alpine': '7991792'}
14:23:46 INFO  EnvironmentC8y Setup
14:23:47 INFO  Executed systemctl&lt;serv_mapper1&gt;, exit status 3
14:23:47 INFO  Restarting mosquitto too frequently in the last 10 seconds. It was only up for 5 seconds
14:23:47 INFO  Delaying execution by 6 seconds
14:24:07 INFO  Executed sudo&lt;tedge_connect_c8y&gt;, exit status 0, duration 13 secs
14:24:08 INFO  Executed sudo&lt;tedge_connect_c8y_test&gt;, exit status 0
14:24:08 INFO  Executed systemctl&lt;serv_mosq2&gt;, exit status 0
14:24:09 INFO  Executed systemctl&lt;serv_mapper3&gt;, exit status 0
14:24:11 INFO  State of current operation: SUCCESSFUL
14:24:11 INFO  Assert that (False == value) with value=False ... passed
14:24:11 INFO  Package asciijump is installed
14:24:12 WARN  Assert that (False == value) with value=True ... failed 
14:24:12 INFO  Package squirrel3 is installed
14:24:12 WARN  Assert that (False == value) with value=True ... failed 
14:24:12 INFO  Package robotfindskitten is installed
14:24:12 WARN  Assert that (False == value) with value=True ... failed 
14:24:12 INFO  Response status: 201
14:24:12 INFO  Response to action: {
    &quot;creationTime&quot;: &quot;2022-05-20T14:24:12.756Z&quot;,
    &quot;deviceId&quot;: &quot;19408349&quot;,
    &quot;deviceName&quot;: &quot;m32sd10a&quot;,
    &quot;self&quot;: &quot;https://t493319102.eu-latest.cumulocity.com/devicecontrol/operations/19426291&quot;,
    &quot;id&quot;: &quot;19426291&quot;,
    &quot;status&quot;: &quot;PENDING&quot;,
    &quot;description&quot;: &quot;Apply software changes, triggered from PySys: [{'action': 'install', 'id': '5475369', 'name': 'asciijump', 'url': ' ', 'version': '::apt'}, {'action': 'install', 'id': '5474869', 'name': 'robotfindskitten', 'url': ' ', 'version': '::apt'}, {'action': 'install', 'id': '5475279', 'name': 'squirrel3', 'url': ' ', 'version': '::apt'}]&quot;,
    &quot;c8y_SoftwareUpdate&quot;: [
        {
            &quot;name&quot;: &quot;asciijump&quot;,
            &quot;action&quot;: &quot;install&quot;,
            &quot;id&quot;: &quot;5475369&quot;,
            &quot;version&quot;: &quot;::apt&quot;,
            &quot;url&quot;: &quot; &quot;
        },
        {
            &quot;name&quot;: &quot;robotfindskitten&quot;,
            &quot;action&quot;: &quot;install&quot;,
            &quot;id&quot;: &quot;5474869&quot;,
            &quot;version&quot;: &quot;::apt&quot;,
            &quot;url&quot;: &quot; &quot;
        },
        {
            &quot;name&quot;: &quot;squirrel3&quot;,
            &quot;action&quot;: &quot;install&quot;,
            &quot;id&quot;: &quot;5475279&quot;,
            &quot;version&quot;: &quot;::apt&quot;,
            &quot;url&quot;: &quot; &quot;
        }
    ]
}
14:24:12 INFO  Started operation: {'creationTime': '2022-05-20T14:24:12.756Z', 'deviceId': '19408349', 'deviceName': 'm32sd10a', 'self': 'https://t493319102.eu-latest.cumulocity.com/devicecontrol/operations/19426291', 'id': '19426291', 'status': 'PENDING', 'description': &quot;Apply software changes, triggered from PySys: [{'action': 'install', 'id': '5475369', 'name': 'asciijump', 'url': ' ', 'version': '::apt'}, {'action': 'install', 'id': '5474869', 'name': 'robotfindskitten', 'url': ' ', 'version': '::apt'}, {'action': 'install', 'id': '5475279', 'name': 'squirrel3', 'url': ' ', 'version': '::apt'}]&quot;, 'c8y_SoftwareUpdate': [{'name': 'asciijump', 'action': 'install', 'id': '5475369', 'version': '::apt', 'url': ' '}, {'name': 'robotfindskitten', 'action': 'install', 'id': '5474869', 'version': '::apt', 'url': ' '}, {'name': 'squirrel3', 'action': 'install', 'id': '5475279', 'version': '::apt', 'url': ' '}]}
14:24:15 INFO  State of operation 19426291 : PENDING
14:24:17 INFO  State of operation 19426291 : EXECUTING
14:24:19 INFO  State of operation 19426291 : EXECUTING
14:24:21 INFO  State of operation 19426291 : EXECUTING
14:24:23 INFO  State of operation 19426291 : EXECUTING
14:24:26 INFO  State of operation 19426291 : EXECUTING
14:24:28 INFO  State of operation 19426291 : EXECUTING
14:24:31 INFO  State of operation 19426291 : EXECUTING
14:24:33 INFO  State of operation 19426291 : EXECUTING
14:24:36 INFO  State of operation 19426291 : EXECUTING
14:24:38 INFO  State of operation 19426291 : EXECUTING
14:24:40 INFO  State of operation 19426291 : EXECUTING
14:24:42 INFO  State of operation 19426291 : EXECUTING
14:24:44 INFO  State of operation 19426291 : EXECUTING
14:24:47 INFO  State of operation 19426291 : EXECUTING
14:24:49 INFO  State of operation 19426291 : SUCCESSFUL
14:24:49 INFO  Assert that (False == value) with value=False ... passed
14:24:49 INFO  Package asciijump is installed
14:24:49 INFO  Assert that (True == value) with value=True ... passed
14:24:50 INFO  Package squirrel3 is installed
14:24:50 INFO  Assert that (True == value) with value=True ... passed
14:24:50 INFO  Package robotfindskitten is installed
14:24:50 INFO  Assert that (True == value) with value=True ... passed
14:24:50 INFO  Response status: 201
14:24:50 INFO  Response to action: {
    &quot;creationTime&quot;: &quot;2022-05-20T14:24:50.411Z&quot;,
    &quot;deviceId&quot;: &quot;19408349&quot;,
    &quot;deviceName&quot;: &quot;m32sd10a&quot;,
    &quot;self&quot;: &quot;https://t493319102.eu-latest.cumulocity.com/devicecontrol/operations/19426307&quot;,
    &quot;id&quot;: &quot;19426307&quot;,
    &quot;status&quot;: &quot;PENDING&quot;,
    &quot;description&quot;: &quot;Apply software changes, triggered from PySys: [{'action': 'delete', 'id': '5475369', 'name': 'asciijump', 'url': ' ', 'version': '::apt'}, {'action': 'delete', 'id': '5474869', 'name': 'robotfindskitten', 'url': ' ', 'version': '::apt'}, {'action': 'delete', 'id': '5475279', 'name': 'squirrel3', 'url': ' ', 'version': '::apt'}]&quot;,
    &quot;c8y_SoftwareUpdate&quot;: [
        {
            &quot;name&quot;: &quot;asciijump&quot;,
            &quot;action&quot;: &quot;delete&quot;,
            &quot;id&quot;: &quot;5475369&quot;,
            &quot;version&quot;: &quot;::apt&quot;,
            &quot;url&quot;: &quot; &quot;
        },
        {
            &quot;name&quot;: &quot;robotfindskitten&quot;,
            &quot;action&quot;: &quot;delete&quot;,
            &quot;id&quot;: &quot;5474869&quot;,
            &quot;version&quot;: &quot;::apt&quot;,
            &quot;url&quot;: &quot; &quot;
        },
        {
            &quot;name&quot;: &quot;squirrel3&quot;,
            &quot;action&quot;: &quot;delete&quot;,
            &quot;id&quot;: &quot;5475279&quot;,
            &quot;version&quot;: &quot;::apt&quot;,
            &quot;url&quot;: &quot; &quot;
        }
    ]
}
14:24:50 INFO  Started operation: {'creationTime': '2022-05-20T14:24:50.411Z', 'deviceId': '19408349', 'deviceName': 'm32sd10a', 'self': 'https://t493319102.eu-latest.cumulocity.com/devicecontrol/operations/19426307', 'id': '19426307', 'status': 'PENDING', 'description': &quot;Apply software changes, triggered from PySys: [{'action': 'delete', 'id': '5475369', 'name': 'asciijump', 'url': ' ', 'version': '::apt'}, {'action': 'delete', 'id': '5474869', 'name': 'robotfindskitten', 'url': ' ', 'version': '::apt'}, {'action': 'delete', 'id': '5475279', 'name': 'squirrel3', 'url': ' ', 'version': '::apt'}]&quot;, 'c8y_SoftwareUpdate': [{'name': 'asciijump', 'action': 'delete', 'id': '5475369', 'version': '::apt', 'url': ' '}, {'name': 'robotfindskitten', 'action': 'delete', 'id': '5474869', 'version': '::apt', 'url': ' '}, {'name': 'squirrel3', 'action': 'delete', 'id': '5475279', 'version': '::apt', 'url': ' '}]}
14:24:52 INFO  State of operation 19426307 : PENDING
14:24:54 INFO  State of operation 19426307 : EXECUTING
14:24:57 INFO  State of operation 19426307 : EXECUTING
14:24:59 INFO  State of operation 19426307 : EXECUTING
14:25:01 INFO  State of operation 19426307 : EXECUTING
14:25:03 INFO  State of operation 19426307 : EXECUTING
14:25:06 INFO  State of operation 19426307 : EXECUTING
14:25:09 INFO  State of operation 19426307 : EXECUTING
14:25:11 INFO  State of operation 19426307 : EXECUTING
14:25:14 INFO  State of operation 19426307 : EXECUTING
14:25:16 INFO  State of operation 19426307 : EXECUTING
14:25:18 INFO  State of operation 19426307 : EXECUTING
14:25:20 INFO  State of operation 19426307 : EXECUTING
14:25:23 INFO  State of operation 19426307 : EXECUTING
14:25:25 INFO  State of operation 19426307 : EXECUTING
14:25:27 INFO  State of operation 19426307 : EXECUTING
14:25:30 INFO  State of operation 19426307 : EXECUTING
14:25:32 INFO  State of operation 19426307 : EXECUTING
14:25:35 INFO  State of operation 19426307 : EXECUTING
14:25:37 INFO  State of operation 19426307 : EXECUTING
14:25:39 INFO  State of operation 19426307 : EXECUTING
14:25:41 INFO  State of operation 19426307 : EXECUTING
14:25:44 INFO  State of operation 19426307 : EXECUTING
14:25:46 INFO  State of operation 19426307 : EXECUTING
14:25:49 INFO  State of operation 19426307 : EXECUTING
14:25:51 INFO  State of operation 19426307 : EXECUTING
14:25:53 INFO  State of operation 19426307 : EXECUTING
14:25:56 INFO  State of operation 19426307 : SUCCESSFUL
14:25:56 INFO  Assert that (False == value) with value=False ... passed
14:25:56 INFO  Assert that (False == value) with value=False ... passed
14:25:56 INFO  Assert that (False == value) with value=False ... passed
14:25:57 INFO  Assert that (False == value) with value=False ... passed
14:25:57 INFO  
14:25:57 INFO  cleanup:
14:26:01 INFO  Executed sudo&lt;tedge_disconnect_c8y&gt;, exit status 0
14:26:02 INFO  Executed systemctl&lt;serv_mapper5&gt;, exit status 3
14:26:02 INFO  
14:26:02 INFO  Test duration: 135.34 secs
14:26:02 INFO  Test final outcome:  FAILED
14:26:02 INFO  Test outcome reason: Assert that (False == value) with value=True (+2 other failures)
14:26:02 INFO  
</system-out>
	</testcase>
</testsuite>
