<?xml version="1.0" encoding="utf-8"?>
<testsuite failures="1" name="SoftwareManagement.sm_apt_install_remove_multiple" skipped="0" tests="1" time="142.67" timestamp="2022-05-20T10:46:00">
	<testcase classname="PySysTest" name="SoftwareManagement.sm_apt_install_remove_multiple">
		<failure message="FAILED: Assert that (False == value) with value=True (+2 other failures)" type="FAILED"/>
		<system-out>10:43:37 INFO  ==============================================================
10:43:37 INFO  Id:    SoftwareManagement.sm_apt_install_remove_multiple
10:43:37 INFO  Dir:   software_management_end_to_end/
10:43:37 INFO  Title: Validate end to end behaviour for the apt plugin for multiple packages
10:43:37 INFO  ==============================================================
10:43:37 INFO  Using sw id database: {'asciijump': '5475369', 'robotfindskitten': '5474869', 'squirrel3': '5475279', 'rolldice': '5152439', 'moon-buggy': '5439204', 'apple': '5495053', 'banana': '5494888', 'cherry': '5495382', 'watermelon': '5494510', 'registry': '8018911', 'hello-world': '8021526', 'docker/getting-started': '8021973', 'alpine': '7991792'}
10:43:37 INFO  EnvironmentC8y Setup
10:43:38 INFO  Executed systemctl&lt;serv_mapper1&gt;, exit status 3
10:43:38 INFO  Restarting mosquitto too frequently in the last 10 seconds. It was only up for 5 seconds
10:43:38 INFO  Delaying execution by 6 seconds
10:43:58 INFO  Executed sudo&lt;tedge_connect_c8y&gt;, exit status 0, duration 13 secs
10:43:59 INFO  Executed sudo&lt;tedge_connect_c8y_test&gt;, exit status 0
10:43:59 INFO  Executed systemctl&lt;serv_mosq2&gt;, exit status 0
10:44:00 INFO  Executed systemctl&lt;serv_mapper3&gt;, exit status 0
10:44:02 INFO  State of current operation: SUCCESSFUL
10:44:02 INFO  Assert that (False == value) with value=False ... passed
10:44:02 INFO  Package asciijump is installed
10:44:03 WARN  Assert that (False == value) with value=True ... failed 
10:44:03 INFO  Package squirrel3 is installed
10:44:03 WARN  Assert that (False == value) with value=True ... failed 
10:44:03 INFO  Package robotfindskitten is installed
10:44:03 WARN  Assert that (False == value) with value=True ... failed 
10:44:04 INFO  Response status: 201
10:44:04 INFO  Response to action: {
    &quot;creationTime&quot;: &quot;2022-05-20T10:44:04.062Z&quot;,
    &quot;deviceId&quot;: &quot;19297808&quot;,
    &quot;deviceName&quot;: &quot;m32sd10a&quot;,
    &quot;self&quot;: &quot;https://t493319102.eu-latest.cumulocity.com/devicecontrol/operations/19394656&quot;,
    &quot;id&quot;: &quot;19394656&quot;,
    &quot;status&quot;: &quot;PENDING&quot;,
    &quot;description&quot;: &quot;Apply software changes, triggered from PySys: [{'action': 'install', 'id': '5475369', 'name': 'asciijump', 'url': ' ', 'version': '::apt'}, {'action': 'install', 'id': '5474869', 'name': 'robotfindskitten', 'url': ' ', 'version': '::apt'}, {'action': 'install', 'id': '5475279', 'name': 'squirrel3', 'url': ' ', 'version': '::apt'}]&quot;,
    &quot;c8y_SoftwareUpdate&quot;: [
        {
            &quot;name&quot;: &quot;asciijump&quot;,
            &quot;action&quot;: &quot;install&quot;,
            &quot;id&quot;: &quot;5475369&quot;,
            &quot;version&quot;: &quot;::apt&quot;,
            &quot;url&quot;: &quot; &quot;
        },
        {
            &quot;name&quot;: &quot;robotfindskitten&quot;,
            &quot;action&quot;: &quot;install&quot;,
            &quot;id&quot;: &quot;5474869&quot;,
            &quot;version&quot;: &quot;::apt&quot;,
            &quot;url&quot;: &quot; &quot;
        },
        {
            &quot;name&quot;: &quot;squirrel3&quot;,
            &quot;action&quot;: &quot;install&quot;,
            &quot;id&quot;: &quot;5475279&quot;,
            &quot;version&quot;: &quot;::apt&quot;,
            &quot;url&quot;: &quot; &quot;
        }
    ]
}
10:44:04 INFO  Started operation: {'creationTime': '2022-05-20T10:44:04.062Z', 'deviceId': '19297808', 'deviceName': 'm32sd10a', 'self': 'https://t493319102.eu-latest.cumulocity.com/devicecontrol/operations/19394656', 'id': '19394656', 'status': 'PENDING', 'description': &quot;Apply software changes, triggered from PySys: [{'action': 'install', 'id': '5475369', 'name': 'asciijump', 'url': ' ', 'version': '::apt'}, {'action': 'install', 'id': '5474869', 'name': 'robotfindskitten', 'url': ' ', 'version': '::apt'}, {'action': 'install', 'id': '5475279', 'name': 'squirrel3', 'url': ' ', 'version': '::apt'}]&quot;, 'c8y_SoftwareUpdate': [{'name': 'asciijump', 'action': 'install', 'id': '5475369', 'version': '::apt', 'url': ' '}, {'name': 'robotfindskitten', 'action': 'install', 'id': '5474869', 'version': '::apt', 'url': ' '}, {'name': 'squirrel3', 'action': 'install', 'id': '5475279', 'version': '::apt', 'url': ' '}]}
10:44:06 INFO  State of operation 19394656 : PENDING
10:44:08 INFO  State of operation 19394656 : EXECUTING
10:44:10 INFO  State of operation 19394656 : EXECUTING
10:44:13 INFO  State of operation 19394656 : EXECUTING
10:44:15 INFO  State of operation 19394656 : EXECUTING
10:44:17 INFO  State of operation 19394656 : EXECUTING
10:44:20 INFO  State of operation 19394656 : EXECUTING
10:44:22 INFO  State of operation 19394656 : EXECUTING
10:44:25 INFO  State of operation 19394656 : EXECUTING
10:44:27 INFO  State of operation 19394656 : EXECUTING
10:44:29 INFO  State of operation 19394656 : EXECUTING
10:44:32 INFO  State of operation 19394656 : EXECUTING
10:44:34 INFO  State of operation 19394656 : EXECUTING
10:44:36 INFO  State of operation 19394656 : EXECUTING
10:44:38 INFO  State of operation 19394656 : EXECUTING
10:44:41 INFO  State of operation 19394656 : SUCCESSFUL
10:44:41 INFO  Assert that (False == value) with value=False ... passed
10:44:41 INFO  Package asciijump is installed
10:44:41 INFO  Assert that (True == value) with value=True ... passed
10:44:41 INFO  Package squirrel3 is installed
10:44:41 INFO  Assert that (True == value) with value=True ... passed
10:44:42 INFO  Package robotfindskitten is installed
10:44:42 INFO  Assert that (True == value) with value=True ... passed
10:44:42 INFO  Response status: 201
10:44:42 INFO  Response to action: {
    &quot;creationTime&quot;: &quot;2022-05-20T10:44:42.190Z&quot;,
    &quot;deviceId&quot;: &quot;19297808&quot;,
    &quot;deviceName&quot;: &quot;m32sd10a&quot;,
    &quot;self&quot;: &quot;https://t493319102.eu-latest.cumulocity.com/devicecontrol/operations/19394666&quot;,
    &quot;id&quot;: &quot;19394666&quot;,
    &quot;status&quot;: &quot;PENDING&quot;,
    &quot;description&quot;: &quot;Apply software changes, triggered from PySys: [{'action': 'delete', 'id': '5475369', 'name': 'asciijump', 'url': ' ', 'version': '::apt'}, {'action': 'delete', 'id': '5474869', 'name': 'robotfindskitten', 'url': ' ', 'version': '::apt'}, {'action': 'delete', 'id': '5475279', 'name': 'squirrel3', 'url': ' ', 'version': '::apt'}]&quot;,
    &quot;c8y_SoftwareUpdate&quot;: [
        {
            &quot;name&quot;: &quot;asciijump&quot;,
            &quot;action&quot;: &quot;delete&quot;,
            &quot;id&quot;: &quot;5475369&quot;,
            &quot;version&quot;: &quot;::apt&quot;,
            &quot;url&quot;: &quot; &quot;
        },
        {
            &quot;name&quot;: &quot;robotfindskitten&quot;,
            &quot;action&quot;: &quot;delete&quot;,
            &quot;id&quot;: &quot;5474869&quot;,
            &quot;version&quot;: &quot;::apt&quot;,
            &quot;url&quot;: &quot; &quot;
        },
        {
            &quot;name&quot;: &quot;squirrel3&quot;,
            &quot;action&quot;: &quot;delete&quot;,
            &quot;id&quot;: &quot;5475279&quot;,
            &quot;version&quot;: &quot;::apt&quot;,
            &quot;url&quot;: &quot; &quot;
        }
    ]
}
10:44:42 INFO  Started operation: {'creationTime': '2022-05-20T10:44:42.190Z', 'deviceId': '19297808', 'deviceName': 'm32sd10a', 'self': 'https://t493319102.eu-latest.cumulocity.com/devicecontrol/operations/19394666', 'id': '19394666', 'status': 'PENDING', 'description': &quot;Apply software changes, triggered from PySys: [{'action': 'delete', 'id': '5475369', 'name': 'asciijump', 'url': ' ', 'version': '::apt'}, {'action': 'delete', 'id': '5474869', 'name': 'robotfindskitten', 'url': ' ', 'version': '::apt'}, {'action': 'delete', 'id': '5475279', 'name': 'squirrel3', 'url': ' ', 'version': '::apt'}]&quot;, 'c8y_SoftwareUpdate': [{'name': 'asciijump', 'action': 'delete', 'id': '5475369', 'version': '::apt', 'url': ' '}, {'name': 'robotfindskitten', 'action': 'delete', 'id': '5474869', 'version': '::apt', 'url': ' '}, {'name': 'squirrel3', 'action': 'delete', 'id': '5475279', 'version': '::apt', 'url': ' '}]}
10:44:44 INFO  State of operation 19394666 : PENDING
10:44:46 INFO  State of operation 19394666 : EXECUTING
10:44:48 INFO  State of operation 19394666 : EXECUTING
10:44:51 INFO  State of operation 19394666 : EXECUTING
10:44:53 INFO  State of operation 19394666 : EXECUTING
10:44:55 INFO  State of operation 19394666 : EXECUTING
10:44:58 INFO  State of operation 19394666 : EXECUTING
10:45:01 INFO  State of operation 19394666 : EXECUTING
10:45:03 INFO  State of operation 19394666 : EXECUTING
10:45:05 INFO  State of operation 19394666 : EXECUTING
10:45:07 INFO  State of operation 19394666 : EXECUTING
10:45:10 INFO  State of operation 19394666 : EXECUTING
10:45:12 INFO  State of operation 19394666 : EXECUTING
10:45:14 INFO  State of operation 19394666 : EXECUTING
10:45:16 INFO  State of operation 19394666 : EXECUTING
10:45:19 INFO  State of operation 19394666 : EXECUTING
10:45:21 INFO  State of operation 19394666 : EXECUTING
10:45:23 INFO  State of operation 19394666 : EXECUTING
10:45:26 INFO  State of operation 19394666 : EXECUTING
10:45:28 INFO  State of operation 19394666 : EXECUTING
10:45:31 INFO  State of operation 19394666 : EXECUTING
10:45:33 INFO  State of operation 19394666 : EXECUTING
10:45:35 INFO  State of operation 19394666 : EXECUTING
10:45:38 INFO  State of operation 19394666 : EXECUTING
10:45:40 INFO  State of operation 19394666 : EXECUTING
10:45:42 INFO  State of operation 19394666 : EXECUTING
10:45:45 INFO  State of operation 19394666 : EXECUTING
10:45:47 INFO  State of operation 19394666 : EXECUTING
10:45:50 INFO  State of operation 19394666 : EXECUTING
10:45:52 INFO  State of operation 19394666 : EXECUTING
10:45:54 INFO  State of operation 19394666 : SUCCESSFUL
10:45:54 INFO  Assert that (False == value) with value=False ... passed
10:45:55 INFO  Assert that (False == value) with value=False ... passed
10:45:55 INFO  Assert that (False == value) with value=False ... passed
10:45:55 INFO  Assert that (False == value) with value=False ... passed
10:45:55 INFO  
10:45:55 INFO  cleanup:
10:45:59 INFO  Executed sudo&lt;tedge_disconnect_c8y&gt;, exit status 0
10:46:00 INFO  Executed systemctl&lt;serv_mapper5&gt;, exit status 3
10:46:00 INFO  
10:46:00 INFO  Test duration: 142.67 secs
10:46:00 INFO  Test final outcome:  FAILED
10:46:00 INFO  Test outcome reason: Assert that (False == value) with value=True (+2 other failures)
10:46:00 INFO  
</system-out>
	</testcase>
</testsuite>
