<?xml version="1.0" encoding="utf-8"?>
<testsuite failures="1" name="SoftwareManagement.sm_apt_install_remove" skipped="0" tests="1" time="166.31" timestamp="2022-05-23T14:28:09">
	<testcase classname="PySysTest" name="SoftwareManagement.sm_apt_install_remove">
		<failure message="BLOCKED: SystemError: Timeout while waiting for status FAILED or SUCCESSFUL" type="BLOCKED"/>
		<system-out>14:25:23 INFO  ==============================================================
14:25:23 INFO  Id:    SoftwareManagement.sm_apt_install_remove
14:25:23 INFO  Dir:   software_management_end_to_end/
14:25:23 INFO  Title: Validate end to end behaviour for the apt plugin for installation and removal of packages
14:25:23 INFO  ==============================================================
14:25:23 INFO  Using sw id database: {'asciijump': '5475369', 'robotfindskitten': '5474869', 'squirrel3': '5475279', 'rolldice': '5152439', 'moon-buggy': '5439204', 'apple': '5495053', 'banana': '5494888', 'cherry': '5495382', 'watermelon': '5494510', 'registry': '8018911', 'hello-world': '8021526', 'docker/getting-started': '8021973', 'alpine': '7991792'}
14:25:23 INFO  EnvironmentC8y Setup
14:25:23 INFO  Executed systemctl&lt;serv_mapper1&gt;, exit status 3
14:25:24 INFO  Restarting mosquitto too frequently in the last 10 seconds. It was only up for 5 seconds
14:25:24 INFO  Delaying execution by 6 seconds
14:25:44 INFO  Executed sudo&lt;tedge_connect_c8y&gt;, exit status 0, duration 14 secs
14:25:45 INFO  Executed sudo&lt;tedge_connect_c8y_test&gt;, exit status 0
14:25:45 INFO  Executed systemctl&lt;serv_mosq2&gt;, exit status 0
14:25:45 INFO  Executed systemctl&lt;serv_mapper3&gt;, exit status 0
14:25:48 INFO  State of current operation: PENDING
14:25:50 INFO  State of current operation: PENDING
14:25:53 INFO  State of current operation: PENDING
14:25:55 INFO  State of current operation: PENDING
14:25:57 INFO  State of current operation: PENDING
14:25:59 INFO  State of current operation: PENDING
14:26:01 INFO  State of current operation: PENDING
14:26:04 INFO  State of current operation: PENDING
14:26:06 INFO  State of current operation: PENDING
14:26:08 INFO  State of current operation: PENDING
14:26:10 INFO  State of current operation: PENDING
14:26:13 INFO  State of current operation: PENDING
14:26:15 INFO  State of current operation: PENDING
14:26:17 INFO  State of current operation: PENDING
14:26:19 INFO  State of current operation: PENDING
14:26:22 INFO  State of current operation: PENDING
14:26:24 INFO  State of current operation: PENDING
14:26:26 INFO  State of current operation: PENDING
14:26:28 INFO  State of current operation: PENDING
14:26:30 INFO  State of current operation: PENDING
14:26:33 INFO  State of current operation: PENDING
14:26:35 INFO  State of current operation: PENDING
14:26:37 INFO  State of current operation: PENDING
14:26:39 INFO  State of current operation: PENDING
14:26:42 INFO  State of current operation: PENDING
14:26:44 INFO  State of current operation: PENDING
14:26:46 INFO  State of current operation: PENDING
14:26:48 INFO  State of current operation: PENDING
14:26:51 INFO  State of current operation: PENDING
14:26:53 INFO  State of current operation: PENDING
14:26:55 INFO  State of current operation: PENDING
14:26:57 INFO  State of current operation: PENDING
14:27:00 INFO  State of current operation: PENDING
14:27:02 INFO  State of current operation: PENDING
14:27:04 INFO  State of current operation: PENDING
14:27:06 INFO  State of current operation: PENDING
14:27:08 INFO  State of current operation: PENDING
14:27:11 INFO  State of current operation: PENDING
14:27:13 INFO  State of current operation: PENDING
14:27:15 INFO  State of current operation: PENDING
14:27:17 INFO  State of current operation: PENDING
14:27:20 INFO  State of current operation: PENDING
14:27:22 INFO  State of current operation: PENDING
14:27:24 INFO  State of current operation: PENDING
14:27:26 INFO  State of current operation: PENDING
14:27:29 INFO  State of current operation: PENDING
14:27:31 INFO  State of current operation: PENDING
14:27:33 INFO  State of current operation: PENDING
14:27:36 INFO  State of current operation: PENDING
14:27:38 INFO  State of current operation: PENDING
14:27:40 INFO  State of current operation: PENDING
14:27:42 INFO  State of current operation: PENDING
14:27:45 INFO  State of current operation: PENDING
14:27:47 INFO  State of current operation: PENDING
14:27:49 INFO  State of current operation: PENDING
14:27:51 INFO  State of current operation: PENDING
14:27:53 INFO  State of current operation: PENDING
14:27:56 INFO  State of current operation: PENDING
14:27:58 INFO  State of current operation: PENDING
14:28:00 INFO  State of current operation: PENDING
14:28:02 INFO  State of current operation: PENDING
14:28:04 WARN  SystemError occurred while running test - Timeout while waiting for status FAILED or SUCCESSFUL
Traceback (most recent call last):
  File &quot;/home/pi/env-pysys/lib/python3.7/site-packages/pysys/baserunner.py&quot;, line 1292, in __call__
    self.testObj.setup()
  File &quot;/home/pi/actions-runner/_work/thin-edge.io/thin-edge.io/tests/PySys/software_management_end_to_end/sm_apt_install_remove/run.py&quot;, line 27, in setup
    super().setup()
  File &quot;/home/pi/actions-runner/_work/thin-edge.io/thin-edge.io/tests/PySys/software_management_end_to_end/environment_sm_management.py&quot;, line 151, in setup
    self.wait_until_end()
  File &quot;/home/pi/actions-runner/_work/thin-edge.io/thin-edge.io/tests/PySys/software_management_end_to_end/environment_sm_management.py&quot;, line 332, in wait_until_end
    self.wait_until_status(&quot;FAILED&quot;, &quot;SUCCESSFUL&quot;)
  File &quot;/home/pi/actions-runner/_work/thin-edge.io/thin-edge.io/tests/PySys/software_management_end_to_end/environment_sm_management.py&quot;, line 381, in wait_until_status
    &quot;Timeout while waiting for status %s or %s&quot; % (status, status2)
SystemError: Timeout while waiting for status FAILED or SUCCESSFUL
14:28:04 WARN  SystemError: Timeout while waiting for status FAILED or SUCCESSFUL ... blocked 
14:28:04 INFO  
14:28:04 INFO  cleanup:
14:28:09 INFO  Executed sudo&lt;tedge_disconnect_c8y&gt;, exit status 0
14:28:09 INFO  Executed systemctl&lt;serv_mapper5&gt;, exit status 3
14:28:09 INFO  
14:28:09 INFO  Test duration: 166.31 secs
14:28:09 INFO  Test final outcome:  BLOCKED
14:28:09 INFO  Test outcome reason: SystemError: Timeout while waiting for status FAILED or SUCCESSFUL
14:28:09 INFO  
</system-out>
	</testcase>
</testsuite>
