<?xml version="1.0" encoding="utf-8"?>
<testsuite failures="1" name="SoftwareManagement.sm_apt_install_remove_default" skipped="0" tests="1" time="165.75" timestamp="2022-05-23T09:42:42">
	<testcase classname="PySysTest" name="SoftwareManagement.sm_apt_install_remove_default">
		<failure message="BLOCKED: SystemError: Timeout while waiting for status FAILED or SUCCESSFUL" type="BLOCKED"/>
		<system-out>09:39:56 INFO  ==============================================================
09:39:56 INFO  Id:    SoftwareManagement.sm_apt_install_remove_default
09:39:56 INFO  Dir:   software_management_end_to_end/
09:39:56 INFO  Title: Validate end to end behaviour for the default plugin for installation and removal of packages
09:39:56 INFO  ==============================================================
09:39:56 INFO  Using sw id database: {'asciijump': '5475369', 'robotfindskitten': '5474869', 'squirrel3': '5475279', 'rolldice': '5152439', 'moon-buggy': '5439204', 'apple': '5495053', 'banana': '5494888', 'cherry': '5495382', 'watermelon': '5494510', 'registry': '8018911', 'hello-world': '8021526', 'docker/getting-started': '8021973', 'alpine': '7991792'}
09:39:56 INFO  EnvironmentC8y Setup
09:39:57 INFO  Executed systemctl&lt;serv_mapper1&gt;, exit status 3
09:39:57 INFO  Restarting mosquitto too frequently in the last 10 seconds. It was only up for 5 seconds
09:39:57 INFO  Delaying execution by 6 seconds
09:40:17 INFO  Executed sudo&lt;tedge_connect_c8y&gt;, exit status 0, duration 14 secs
09:40:18 INFO  Executed sudo&lt;tedge_connect_c8y_test&gt;, exit status 0
09:40:18 INFO  Executed systemctl&lt;serv_mosq2&gt;, exit status 0
09:40:19 INFO  Executed systemctl&lt;serv_mapper3&gt;, exit status 0
09:40:21 INFO  State of current operation: PENDING
09:40:23 INFO  State of current operation: PENDING
09:40:25 INFO  State of current operation: PENDING
09:40:28 INFO  State of current operation: PENDING
09:40:30 INFO  State of current operation: PENDING
09:40:32 INFO  State of current operation: PENDING
09:40:34 INFO  State of current operation: PENDING
09:40:36 INFO  State of current operation: PENDING
09:40:39 INFO  State of current operation: PENDING
09:40:41 INFO  State of current operation: PENDING
09:40:43 INFO  State of current operation: PENDING
09:40:45 INFO  State of current operation: PENDING
09:40:48 INFO  State of current operation: PENDING
09:40:50 INFO  State of current operation: PENDING
09:40:52 INFO  State of current operation: PENDING
09:40:54 INFO  State of current operation: PENDING
09:40:57 INFO  State of current operation: PENDING
09:40:59 INFO  State of current operation: PENDING
09:41:01 INFO  State of current operation: PENDING
09:41:03 INFO  State of current operation: PENDING
09:41:06 INFO  State of current operation: PENDING
09:41:08 INFO  State of current operation: PENDING
09:41:10 INFO  State of current operation: PENDING
09:41:12 INFO  State of current operation: PENDING
09:41:15 INFO  State of current operation: PENDING
09:41:17 INFO  State of current operation: PENDING
09:41:19 INFO  State of current operation: PENDING
09:41:21 INFO  State of current operation: PENDING
09:41:24 INFO  State of current operation: PENDING
09:41:26 INFO  State of current operation: PENDING
09:41:28 INFO  State of current operation: PENDING
09:41:30 INFO  State of current operation: PENDING
09:41:32 INFO  State of current operation: PENDING
09:41:35 INFO  State of current operation: PENDING
09:41:37 INFO  State of current operation: PENDING
09:41:39 INFO  State of current operation: PENDING
09:41:41 INFO  State of current operation: PENDING
09:41:44 INFO  State of current operation: PENDING
09:41:46 INFO  State of current operation: PENDING
09:41:48 INFO  State of current operation: PENDING
09:41:50 INFO  State of current operation: PENDING
09:41:53 INFO  State of current operation: PENDING
09:41:55 INFO  State of current operation: PENDING
09:41:57 INFO  State of current operation: PENDING
09:41:59 INFO  State of current operation: PENDING
09:42:02 INFO  State of current operation: PENDING
09:42:04 INFO  State of current operation: PENDING
09:42:06 INFO  State of current operation: PENDING
09:42:08 INFO  State of current operation: PENDING
09:42:10 INFO  State of current operation: PENDING
09:42:13 INFO  State of current operation: PENDING
09:42:15 INFO  State of current operation: PENDING
09:42:17 INFO  State of current operation: PENDING
09:42:19 INFO  State of current operation: PENDING
09:42:22 INFO  State of current operation: PENDING
09:42:24 INFO  State of current operation: PENDING
09:42:26 INFO  State of current operation: PENDING
09:42:28 INFO  State of current operation: PENDING
09:42:31 INFO  State of current operation: PENDING
09:42:33 INFO  State of current operation: PENDING
09:42:35 INFO  State of current operation: PENDING
09:42:37 WARN  SystemError occurred while running test - Timeout while waiting for status FAILED or SUCCESSFUL
Traceback (most recent call last):
  File &quot;/home/pi/env-pysys/lib/python3.7/site-packages/pysys/baserunner.py&quot;, line 1292, in __call__
    self.testObj.setup()
  File &quot;/home/pi/actions-runner/_work/thin-edge.io/thin-edge.io/tests/PySys/software_management_end_to_end/sm_apt_install_remove_default/run.py&quot;, line 26, in setup
    super().setup()
  File &quot;/home/pi/actions-runner/_work/thin-edge.io/thin-edge.io/tests/PySys/software_management_end_to_end/environment_sm_management.py&quot;, line 151, in setup
    self.wait_until_end()
  File &quot;/home/pi/actions-runner/_work/thin-edge.io/thin-edge.io/tests/PySys/software_management_end_to_end/environment_sm_management.py&quot;, line 332, in wait_until_end
    self.wait_until_status(&quot;FAILED&quot;, &quot;SUCCESSFUL&quot;)
  File &quot;/home/pi/actions-runner/_work/thin-edge.io/thin-edge.io/tests/PySys/software_management_end_to_end/environment_sm_management.py&quot;, line 381, in wait_until_status
    &quot;Timeout while waiting for status %s or %s&quot; % (status, status2)
SystemError: Timeout while waiting for status FAILED or SUCCESSFUL
09:42:37 WARN  SystemError: Timeout while waiting for status FAILED or SUCCESSFUL ... blocked 
09:42:37 INFO  
09:42:37 INFO  cleanup:
09:42:41 INFO  Executed sudo&lt;tedge_disconnect_c8y&gt;, exit status 0
09:42:42 INFO  Executed systemctl&lt;serv_mapper5&gt;, exit status 3
09:42:42 INFO  
09:42:42 INFO  Test duration: 165.75 secs
09:42:42 INFO  Test final outcome:  BLOCKED
09:42:42 INFO  Test outcome reason: SystemError: Timeout while waiting for status FAILED or SUCCESSFUL
09:42:42 INFO  
</system-out>
	</testcase>
</testsuite>
