<?xml version="1.0" encoding="utf-8"?>
<testsuite failures="1" name="SoftwareManagement.sm_apt_install_remove_multiple" skipped="0" tests="1" time="139.23" timestamp="2022-07-18T15:10:15">
	<testcase classname="PySysTest" name="SoftwareManagement.sm_apt_install_remove_multiple">
		<failure message="FAILED: Assert that (False == value) with value=True (+2 other failures)" type="FAILED"/>
		<system-out>15:07:56 INFO  ==============================================================
15:07:56 INFO  Id:    SoftwareManagement.sm_apt_install_remove_multiple
15:07:56 INFO  Dir:   software_management_end_to_end/
15:07:56 INFO  Title: Validate end to end behaviour for the apt plugin for multiple packages
15:07:56 INFO  ==============================================================
15:07:56 INFO  Using sw id database: {'asciijump': '5475369', 'robotfindskitten': '5474869', 'squirrel3': '5475279', 'rolldice': '5152439', 'moon-buggy': '5439204', 'apple': '5495053', 'banana': '5494888', 'cherry': '5495382', 'watermelon': '5494510', 'registry': '8018911', 'hello-world': '8021526', 'docker/getting-started': '8021973', 'alpine': '7991792'}
15:07:56 INFO  EnvironmentC8y Setup
15:07:56 INFO  Executed systemctl&lt;serv_mapper1&gt;, exit status 3
15:07:56 INFO  Restarting mosquitto too frequently in the last 10 seconds. It was only up for 5 seconds
15:07:56 INFO  Delaying execution by 6 seconds
15:08:17 INFO  Executed sudo&lt;tedge_connect_c8y&gt;, exit status 0, duration 14 secs
15:08:17 INFO  Executed sudo&lt;tedge_connect_c8y_test&gt;, exit status 0
15:08:18 INFO  Executed systemctl&lt;serv_mosq2&gt;, exit status 0
15:08:19 INFO  Executed systemctl&lt;serv_mapper3&gt;, exit status 0
15:08:21 INFO  State of current operation: SUCCESSFUL
15:08:21 INFO  Assert that (False == value) with value=False ... passed
15:08:21 INFO  Package asciijump is installed
15:08:22 WARN  Assert that (False == value) with value=True ... failed 
15:08:22 INFO  Package squirrel3 is installed
15:08:22 WARN  Assert that (False == value) with value=True ... failed 
15:08:22 INFO  Package robotfindskitten is installed
15:08:22 WARN  Assert that (False == value) with value=True ... failed 
15:08:23 INFO  Response status: 201
15:08:23 INFO  Response to action: {
    &quot;creationTime&quot;: &quot;2022-07-18T15:08:22.749Z&quot;,
    &quot;deviceName&quot;: &quot;m32sd10a&quot;,
    &quot;deviceId&quot;: &quot;20973777&quot;,
    &quot;self&quot;: &quot;https://t493319102.eu-latest.cumulocity.com/devicecontrol/operations/21015970&quot;,
    &quot;id&quot;: &quot;21015970&quot;,
    &quot;status&quot;: &quot;PENDING&quot;,
    &quot;description&quot;: &quot;Apply software changes, triggered from PySys: [{'action': 'install', 'id': '5475369', 'name': 'asciijump', 'url': ' ', 'version': '::apt'}, {'action': 'install', 'id': '5474869', 'name': 'robotfindskitten', 'url': ' ', 'version': '::apt'}, {'action': 'install', 'id': '5475279', 'name': 'squirrel3', 'url': ' ', 'version': '::apt'}]&quot;,
    &quot;c8y_SoftwareUpdate&quot;: [
        {
            &quot;name&quot;: &quot;asciijump&quot;,
            &quot;action&quot;: &quot;install&quot;,
            &quot;id&quot;: &quot;5475369&quot;,
            &quot;version&quot;: &quot;::apt&quot;,
            &quot;url&quot;: &quot; &quot;
        },
        {
            &quot;name&quot;: &quot;robotfindskitten&quot;,
            &quot;action&quot;: &quot;install&quot;,
            &quot;id&quot;: &quot;5474869&quot;,
            &quot;version&quot;: &quot;::apt&quot;,
            &quot;url&quot;: &quot; &quot;
        },
        {
            &quot;name&quot;: &quot;squirrel3&quot;,
            &quot;action&quot;: &quot;install&quot;,
            &quot;id&quot;: &quot;5475279&quot;,
            &quot;version&quot;: &quot;::apt&quot;,
            &quot;url&quot;: &quot; &quot;
        }
    ]
}
15:08:23 INFO  Started operation: {'creationTime': '2022-07-18T15:08:22.749Z', 'deviceName': 'm32sd10a', 'deviceId': '20973777', 'self': 'https://t493319102.eu-latest.cumulocity.com/devicecontrol/operations/21015970', 'id': '21015970', 'status': 'PENDING', 'description': &quot;Apply software changes, triggered from PySys: [{'action': 'install', 'id': '5475369', 'name': 'asciijump', 'url': ' ', 'version': '::apt'}, {'action': 'install', 'id': '5474869', 'name': 'robotfindskitten', 'url': ' ', 'version': '::apt'}, {'action': 'install', 'id': '5475279', 'name': 'squirrel3', 'url': ' ', 'version': '::apt'}]&quot;, 'c8y_SoftwareUpdate': [{'name': 'asciijump', 'action': 'install', 'id': '5475369', 'version': '::apt', 'url': ' '}, {'name': 'robotfindskitten', 'action': 'install', 'id': '5474869', 'version': '::apt', 'url': ' '}, {'name': 'squirrel3', 'action': 'install', 'id': '5475279', 'version': '::apt', 'url': ' '}]}
15:08:25 INFO  State of operation 21015970 : PENDING
15:08:27 INFO  State of operation 21015970 : EXECUTING
15:08:29 INFO  State of operation 21015970 : EXECUTING
15:08:31 INFO  State of operation 21015970 : EXECUTING
15:08:34 INFO  State of operation 21015970 : EXECUTING
15:08:36 INFO  State of operation 21015970 : EXECUTING
15:08:39 INFO  State of operation 21015970 : EXECUTING
15:08:42 INFO  State of operation 21015970 : EXECUTING
15:08:44 INFO  State of operation 21015970 : EXECUTING
15:08:46 INFO  State of operation 21015970 : EXECUTING
15:08:49 INFO  State of operation 21015970 : EXECUTING
15:08:51 INFO  State of operation 21015970 : EXECUTING
15:08:53 INFO  State of operation 21015970 : EXECUTING
15:08:55 INFO  State of operation 21015970 : EXECUTING
15:08:58 INFO  State of operation 21015970 : EXECUTING
15:09:00 INFO  State of operation 21015970 : SUCCESSFUL
15:09:00 INFO  Assert that (False == value) with value=False ... passed
15:09:00 INFO  Package asciijump is installed
15:09:00 INFO  Assert that (True == value) with value=True ... passed
15:09:00 INFO  Package squirrel3 is installed
15:09:00 INFO  Assert that (True == value) with value=True ... passed
15:09:01 INFO  Package robotfindskitten is installed
15:09:01 INFO  Assert that (True == value) with value=True ... passed
15:09:01 INFO  Response status: 201
15:09:01 INFO  Response to action: {
    &quot;creationTime&quot;: &quot;2022-07-18T15:09:01.398Z&quot;,
    &quot;deviceName&quot;: &quot;m32sd10a&quot;,
    &quot;deviceId&quot;: &quot;20973777&quot;,
    &quot;self&quot;: &quot;https://t493319102.eu-latest.cumulocity.com/devicecontrol/operations/21015984&quot;,
    &quot;id&quot;: &quot;21015984&quot;,
    &quot;status&quot;: &quot;PENDING&quot;,
    &quot;description&quot;: &quot;Apply software changes, triggered from PySys: [{'action': 'delete', 'id': '5475369', 'name': 'asciijump', 'url': ' ', 'version': '::apt'}, {'action': 'delete', 'id': '5474869', 'name': 'robotfindskitten', 'url': ' ', 'version': '::apt'}, {'action': 'delete', 'id': '5475279', 'name': 'squirrel3', 'url': ' ', 'version': '::apt'}]&quot;,
    &quot;c8y_SoftwareUpdate&quot;: [
        {
            &quot;name&quot;: &quot;asciijump&quot;,
            &quot;action&quot;: &quot;delete&quot;,
            &quot;id&quot;: &quot;5475369&quot;,
            &quot;version&quot;: &quot;::apt&quot;,
            &quot;url&quot;: &quot; &quot;
        },
        {
            &quot;name&quot;: &quot;robotfindskitten&quot;,
            &quot;action&quot;: &quot;delete&quot;,
            &quot;id&quot;: &quot;5474869&quot;,
            &quot;version&quot;: &quot;::apt&quot;,
            &quot;url&quot;: &quot; &quot;
        },
        {
            &quot;name&quot;: &quot;squirrel3&quot;,
            &quot;action&quot;: &quot;delete&quot;,
            &quot;id&quot;: &quot;5475279&quot;,
            &quot;version&quot;: &quot;::apt&quot;,
            &quot;url&quot;: &quot; &quot;
        }
    ]
}
15:09:01 INFO  Started operation: {'creationTime': '2022-07-18T15:09:01.398Z', 'deviceName': 'm32sd10a', 'deviceId': '20973777', 'self': 'https://t493319102.eu-latest.cumulocity.com/devicecontrol/operations/21015984', 'id': '21015984', 'status': 'PENDING', 'description': &quot;Apply software changes, triggered from PySys: [{'action': 'delete', 'id': '5475369', 'name': 'asciijump', 'url': ' ', 'version': '::apt'}, {'action': 'delete', 'id': '5474869', 'name': 'robotfindskitten', 'url': ' ', 'version': '::apt'}, {'action': 'delete', 'id': '5475279', 'name': 'squirrel3', 'url': ' ', 'version': '::apt'}]&quot;, 'c8y_SoftwareUpdate': [{'name': 'asciijump', 'action': 'delete', 'id': '5475369', 'version': '::apt', 'url': ' '}, {'name': 'robotfindskitten', 'action': 'delete', 'id': '5474869', 'version': '::apt', 'url': ' '}, {'name': 'squirrel3', 'action': 'delete', 'id': '5475279', 'version': '::apt', 'url': ' '}]}
15:09:03 INFO  State of operation 21015984 : PENDING
15:09:05 INFO  State of operation 21015984 : EXECUTING
15:09:08 INFO  State of operation 21015984 : EXECUTING
15:09:10 INFO  State of operation 21015984 : EXECUTING
15:09:12 INFO  State of operation 21015984 : EXECUTING
15:09:14 INFO  State of operation 21015984 : EXECUTING
15:09:17 INFO  State of operation 21015984 : EXECUTING
15:09:20 INFO  State of operation 21015984 : EXECUTING
15:09:22 INFO  State of operation 21015984 : EXECUTING
15:09:25 INFO  State of operation 21015984 : EXECUTING
15:09:27 INFO  State of operation 21015984 : EXECUTING
15:09:29 INFO  State of operation 21015984 : EXECUTING
15:09:31 INFO  State of operation 21015984 : EXECUTING
15:09:34 INFO  State of operation 21015984 : EXECUTING
15:09:36 INFO  State of operation 21015984 : EXECUTING
15:09:39 INFO  State of operation 21015984 : EXECUTING
15:09:41 INFO  State of operation 21015984 : EXECUTING
15:09:44 INFO  State of operation 21015984 : EXECUTING
15:09:46 INFO  State of operation 21015984 : EXECUTING
15:09:48 INFO  State of operation 21015984 : EXECUTING
15:09:51 INFO  State of operation 21015984 : EXECUTING
15:09:53 INFO  State of operation 21015984 : EXECUTING
15:09:55 INFO  State of operation 21015984 : EXECUTING
15:09:58 INFO  State of operation 21015984 : EXECUTING
15:10:00 INFO  State of operation 21015984 : EXECUTING
15:10:02 INFO  State of operation 21015984 : EXECUTING
15:10:05 INFO  State of operation 21015984 : EXECUTING
15:10:07 INFO  State of operation 21015984 : EXECUTING
15:10:09 INFO  State of operation 21015984 : SUCCESSFUL
15:10:09 INFO  Assert that (False == value) with value=False ... passed
15:10:10 INFO  Assert that (False == value) with value=False ... passed
15:10:10 INFO  Assert that (False == value) with value=False ... passed
15:10:10 INFO  Assert that (False == value) with value=False ... passed
15:10:10 INFO  
15:10:10 INFO  cleanup:
15:10:14 INFO  Executed sudo&lt;tedge_disconnect_c8y&gt;, exit status 0
15:10:15 INFO  Executed systemctl&lt;serv_mapper5&gt;, exit status 3
15:10:15 INFO  
15:10:15 INFO  Test duration: 139.23 secs
15:10:15 INFO  Test final outcome:  FAILED
15:10:15 INFO  Test outcome reason: Assert that (False == value) with value=True (+2 other failures)
15:10:15 INFO  
</system-out>
	</testcase>
</testsuite>
