<?xml version="1.0" encoding="utf-8"?>
<testsuite failures="1" name="SoftwareManagement.sm_docker_install_remove_multiple" skipped="0" tests="1" time="165.97" timestamp="2022-05-23T12:32:05">
	<testcase classname="SMDockerInstallRemove" name="SoftwareManagement.sm_docker_install_remove_multiple">
		<failure message="BLOCKED: SystemError: Timeout while waiting for status FAILED or SUCCESSFUL" type="BLOCKED"/>
		<system-out>12:29:19 INFO  ==============================================================
12:29:19 INFO  Id:    SoftwareManagement.sm_docker_install_remove_multiple
12:29:19 INFO  Dir:   software_management_end_to_end/
12:29:19 INFO  Title: Validate end to end behaviour for the docker plugin for multiple docker images with mixed versions
12:29:19 INFO  ==============================================================
12:29:19 INFO  Using sw id database: {'asciijump': '5475369', 'robotfindskitten': '5474869', 'squirrel3': '5475279', 'rolldice': '5152439', 'moon-buggy': '5439204', 'apple': '5495053', 'banana': '5494888', 'cherry': '5495382', 'watermelon': '5494510', 'registry': '8018911', 'hello-world': '8021526', 'docker/getting-started': '8021973', 'alpine': '7991792'}
12:29:19 INFO  EnvironmentC8y Setup
12:29:20 INFO  Executed systemctl&lt;serv_mapper1&gt;, exit status 3
12:29:20 INFO  Restarting mosquitto too frequently in the last 10 seconds. It was only up for 5 seconds
12:29:20 INFO  Delaying execution by 6 seconds
12:29:40 INFO  Executed sudo&lt;tedge_connect_c8y&gt;, exit status 0, duration 14 secs
12:29:40 INFO  Executed sudo&lt;tedge_connect_c8y_test&gt;, exit status 0
12:29:41 INFO  Executed systemctl&lt;serv_mosq2&gt;, exit status 0
12:29:41 INFO  Executed systemctl&lt;serv_mapper3&gt;, exit status 0
12:29:44 INFO  State of current operation: PENDING
12:29:46 INFO  State of current operation: PENDING
12:29:48 INFO  State of current operation: PENDING
12:29:50 INFO  State of current operation: PENDING
12:29:53 INFO  State of current operation: PENDING
12:29:55 INFO  State of current operation: PENDING
12:29:57 INFO  State of current operation: PENDING
12:29:59 INFO  State of current operation: PENDING
12:30:02 INFO  State of current operation: PENDING
12:30:04 INFO  State of current operation: PENDING
12:30:06 INFO  State of current operation: PENDING
12:30:08 INFO  State of current operation: PENDING
12:30:11 INFO  State of current operation: PENDING
12:30:13 INFO  State of current operation: PENDING
12:30:15 INFO  State of current operation: PENDING
12:30:17 INFO  State of current operation: PENDING
12:30:20 INFO  State of current operation: PENDING
12:30:22 INFO  State of current operation: PENDING
12:30:24 INFO  State of current operation: PENDING
12:30:26 INFO  State of current operation: PENDING
12:30:29 INFO  State of current operation: PENDING
12:30:31 INFO  State of current operation: PENDING
12:30:33 INFO  State of current operation: PENDING
12:30:35 INFO  State of current operation: PENDING
12:30:37 INFO  State of current operation: PENDING
12:30:40 INFO  State of current operation: PENDING
12:30:42 INFO  State of current operation: PENDING
12:30:44 INFO  State of current operation: PENDING
12:30:46 INFO  State of current operation: PENDING
12:30:49 INFO  State of current operation: PENDING
12:30:51 INFO  State of current operation: PENDING
12:30:53 INFO  State of current operation: PENDING
12:30:55 INFO  State of current operation: PENDING
12:30:58 INFO  State of current operation: PENDING
12:31:00 INFO  State of current operation: PENDING
12:31:02 INFO  State of current operation: PENDING
12:31:04 INFO  State of current operation: PENDING
12:31:07 INFO  State of current operation: PENDING
12:31:09 INFO  State of current operation: PENDING
12:31:11 INFO  State of current operation: PENDING
12:31:13 INFO  State of current operation: PENDING
12:31:15 INFO  State of current operation: PENDING
12:31:18 INFO  State of current operation: PENDING
12:31:20 INFO  State of current operation: PENDING
12:31:22 INFO  State of current operation: PENDING
12:31:25 INFO  State of current operation: PENDING
12:31:27 INFO  State of current operation: PENDING
12:31:29 INFO  State of current operation: PENDING
12:31:31 INFO  State of current operation: PENDING
12:31:34 INFO  State of current operation: PENDING
12:31:36 INFO  State of current operation: PENDING
12:31:38 INFO  State of current operation: PENDING
12:31:40 INFO  State of current operation: PENDING
12:31:42 INFO  State of current operation: PENDING
12:31:45 INFO  State of current operation: PENDING
12:31:47 INFO  State of current operation: PENDING
12:31:49 INFO  State of current operation: PENDING
12:31:51 INFO  State of current operation: PENDING
12:31:54 INFO  State of current operation: PENDING
12:31:56 INFO  State of current operation: PENDING
12:31:58 INFO  State of current operation: PENDING
12:32:00 WARN  SystemError occurred while running test - Timeout while waiting for status FAILED or SUCCESSFUL
Traceback (most recent call last):
  File &quot;/home/pi/env-pysys/lib/python3.7/site-packages/pysys/baserunner.py&quot;, line 1292, in __call__
    self.testObj.setup()
  File &quot;/home/pi/actions-runner/_work/thin-edge.io/thin-edge.io/tests/PySys/software_management_end_to_end/sm_docker_install_remove_multiple/run.py&quot;, line 29, in setup
    super().setup()
  File &quot;/home/pi/actions-runner/_work/thin-edge.io/thin-edge.io/tests/PySys/software_management_end_to_end/environment_sm_management.py&quot;, line 151, in setup
    self.wait_until_end()
  File &quot;/home/pi/actions-runner/_work/thin-edge.io/thin-edge.io/tests/PySys/software_management_end_to_end/environment_sm_management.py&quot;, line 332, in wait_until_end
    self.wait_until_status(&quot;FAILED&quot;, &quot;SUCCESSFUL&quot;)
  File &quot;/home/pi/actions-runner/_work/thin-edge.io/thin-edge.io/tests/PySys/software_management_end_to_end/environment_sm_management.py&quot;, line 381, in wait_until_status
    &quot;Timeout while waiting for status %s or %s&quot; % (status, status2)
SystemError: Timeout while waiting for status FAILED or SUCCESSFUL
12:32:00 WARN  SystemError: Timeout while waiting for status FAILED or SUCCESSFUL ... blocked 
12:32:00 INFO  
12:32:00 INFO  cleanup:
12:32:04 INFO  Executed sudo&lt;tedge_disconnect_c8y&gt;, exit status 0
12:32:05 INFO  Executed systemctl&lt;serv_mapper5&gt;, exit status 3
12:32:05 INFO  
12:32:05 INFO  Test duration: 165.97 secs
12:32:05 INFO  Test final outcome:  BLOCKED
12:32:05 INFO  Test outcome reason: SystemError: Timeout while waiting for status FAILED or SUCCESSFUL
12:32:05 INFO  
</system-out>
	</testcase>
</testsuite>
