<?xml version="1.0" encoding="utf-8"?>
<testsuite failures="1" name="SoftwareManagement.sm_docker_install_remove_multiple" skipped="0" tests="1" time="166.98" timestamp="2022-05-23T20:33:14">
	<testcase classname="SMDockerInstallRemove" name="SoftwareManagement.sm_docker_install_remove_multiple">
		<failure message="BLOCKED: SystemError: Timeout while waiting for status FAILED or SUCCESSFUL" type="BLOCKED"/>
		<system-out>20:30:27 INFO  ==============================================================
20:30:27 INFO  Id:    SoftwareManagement.sm_docker_install_remove_multiple
20:30:27 INFO  Dir:   software_management_end_to_end/
20:30:27 INFO  Title: Validate end to end behaviour for the docker plugin for multiple docker images with mixed versions
20:30:27 INFO  ==============================================================
20:30:27 INFO  Using sw id database: {'asciijump': '5475369', 'robotfindskitten': '5474869', 'squirrel3': '5475279', 'rolldice': '5152439', 'moon-buggy': '5439204', 'apple': '5495053', 'banana': '5494888', 'cherry': '5495382', 'watermelon': '5494510', 'registry': '8018911', 'hello-world': '8021526', 'docker/getting-started': '8021973', 'alpine': '7991792'}
20:30:27 INFO  EnvironmentC8y Setup
20:30:28 INFO  Executed systemctl&lt;serv_mapper1&gt;, exit status 3
20:30:28 INFO  Restarting mosquitto too frequently in the last 10 seconds. It was only up for 5 seconds
20:30:28 INFO  Delaying execution by 6 seconds
20:30:49 INFO  Executed sudo&lt;tedge_connect_c8y&gt;, exit status 0, duration 14 secs
20:30:49 INFO  Executed sudo&lt;tedge_connect_c8y_test&gt;, exit status 0
20:30:50 INFO  Executed systemctl&lt;serv_mosq2&gt;, exit status 0
20:30:50 INFO  Executed systemctl&lt;serv_mapper3&gt;, exit status 0
20:30:53 INFO  State of current operation: PENDING
20:30:55 INFO  State of current operation: PENDING
20:30:57 INFO  State of current operation: PENDING
20:30:59 INFO  State of current operation: PENDING
20:31:02 INFO  State of current operation: PENDING
20:31:04 INFO  State of current operation: PENDING
20:31:06 INFO  State of current operation: PENDING
20:31:08 INFO  State of current operation: PENDING
20:31:10 INFO  State of current operation: PENDING
20:31:13 INFO  State of current operation: PENDING
20:31:15 INFO  State of current operation: PENDING
20:31:17 INFO  State of current operation: PENDING
20:31:20 INFO  State of current operation: PENDING
20:31:22 INFO  State of current operation: PENDING
20:31:24 INFO  State of current operation: PENDING
20:31:26 INFO  State of current operation: PENDING
20:31:29 INFO  State of current operation: PENDING
20:31:31 INFO  State of current operation: PENDING
20:31:33 INFO  State of current operation: PENDING
20:31:35 INFO  State of current operation: PENDING
20:31:37 INFO  State of current operation: PENDING
20:31:40 INFO  State of current operation: PENDING
20:31:42 INFO  State of current operation: PENDING
20:31:44 INFO  State of current operation: PENDING
20:31:46 INFO  State of current operation: PENDING
20:31:49 INFO  State of current operation: PENDING
20:31:51 INFO  State of current operation: PENDING
20:31:53 INFO  State of current operation: PENDING
20:31:55 INFO  State of current operation: PENDING
20:31:58 INFO  State of current operation: PENDING
20:32:00 INFO  State of current operation: PENDING
20:32:02 INFO  State of current operation: PENDING
20:32:05 INFO  State of current operation: PENDING
20:32:07 INFO  State of current operation: PENDING
20:32:09 INFO  State of current operation: PENDING
20:32:11 INFO  State of current operation: PENDING
20:32:14 INFO  State of current operation: PENDING
20:32:16 INFO  State of current operation: PENDING
20:32:18 INFO  State of current operation: PENDING
20:32:20 INFO  State of current operation: PENDING
20:32:23 INFO  State of current operation: PENDING
20:32:25 INFO  State of current operation: PENDING
20:32:27 INFO  State of current operation: PENDING
20:32:29 INFO  State of current operation: PENDING
20:32:32 INFO  State of current operation: PENDING
20:32:34 INFO  State of current operation: PENDING
20:32:36 INFO  State of current operation: PENDING
20:32:38 INFO  State of current operation: PENDING
20:32:40 INFO  State of current operation: PENDING
20:32:43 INFO  State of current operation: PENDING
20:32:45 INFO  State of current operation: PENDING
20:32:47 INFO  State of current operation: PENDING
20:32:49 INFO  State of current operation: PENDING
20:32:52 INFO  State of current operation: PENDING
20:32:54 INFO  State of current operation: PENDING
20:32:56 INFO  State of current operation: PENDING
20:32:58 INFO  State of current operation: PENDING
20:33:01 INFO  State of current operation: PENDING
20:33:03 INFO  State of current operation: PENDING
20:33:05 INFO  State of current operation: PENDING
20:33:07 INFO  State of current operation: PENDING
20:33:09 WARN  SystemError occurred while running test - Timeout while waiting for status FAILED or SUCCESSFUL
Traceback (most recent call last):
  File &quot;/home/pi/env-pysys/lib/python3.7/site-packages/pysys/baserunner.py&quot;, line 1292, in __call__
    self.testObj.setup()
  File &quot;/home/pi/actions-runner/_work/thin-edge.io/thin-edge.io/tests/PySys/software_management_end_to_end/sm_docker_install_remove_multiple/run.py&quot;, line 29, in setup
    super().setup()
  File &quot;/home/pi/actions-runner/_work/thin-edge.io/thin-edge.io/tests/PySys/software_management_end_to_end/environment_sm_management.py&quot;, line 151, in setup
    self.wait_until_end()
  File &quot;/home/pi/actions-runner/_work/thin-edge.io/thin-edge.io/tests/PySys/software_management_end_to_end/environment_sm_management.py&quot;, line 332, in wait_until_end
    self.wait_until_status(&quot;FAILED&quot;, &quot;SUCCESSFUL&quot;)
  File &quot;/home/pi/actions-runner/_work/thin-edge.io/thin-edge.io/tests/PySys/software_management_end_to_end/environment_sm_management.py&quot;, line 381, in wait_until_status
    &quot;Timeout while waiting for status %s or %s&quot; % (status, status2)
SystemError: Timeout while waiting for status FAILED or SUCCESSFUL
20:33:09 WARN  SystemError: Timeout while waiting for status FAILED or SUCCESSFUL ... blocked 
20:33:09 INFO  
20:33:09 INFO  cleanup:
20:33:14 INFO  Executed sudo&lt;tedge_disconnect_c8y&gt;, exit status 0
20:33:14 INFO  Executed systemctl&lt;serv_mapper5&gt;, exit status 3
20:33:14 INFO  
20:33:14 INFO  Test duration: 166.98 secs
20:33:14 INFO  Test final outcome:  BLOCKED
20:33:14 INFO  Test outcome reason: SystemError: Timeout while waiting for status FAILED or SUCCESSFUL
20:33:14 INFO  
</system-out>
	</testcase>
</testsuite>
