<?xml version="1.0" encoding="utf-8"?>
<testsuite failures="0" name="SoftwareManagement.Plugin.apama_plugin_remove" skipped="0" tests="1" time="19.91" timestamp="2022-07-13T12:36:24">
	<testcase classname="ApamaPluginRemoveTest" name="SoftwareManagement.Plugin.apama_plugin_remove"/>
</testsuite>
