<?xml version="1.0" encoding="utf-8"?>
<testsuite failures="1" name="SoftwareManagement.sm_fake_install_remove" skipped="0" tests="1" time="167.3" timestamp="2022-05-23T18:16:12">
	<testcase classname="PySysTest" name="SoftwareManagement.sm_fake_install_remove">
		<failure message="BLOCKED: SystemError: Timeout while waiting for status FAILED or SUCCESSFUL" type="BLOCKED"/>
		<system-out>18:13:24 INFO  ==============================================================
18:13:24 INFO  Id:    SoftwareManagement.sm_fake_install_remove
18:13:24 INFO  Dir:   software_management_end_to_end/
18:13:24 INFO  Title: Validate end to end behaviour for the dummy plugin for installation and removal of packages
18:13:24 INFO  ==============================================================
18:13:24 INFO  Using sw id database: {'asciijump': '5475369', 'robotfindskitten': '5474869', 'squirrel3': '5475279', 'rolldice': '5152439', 'moon-buggy': '5439204', 'apple': '5495053', 'banana': '5494888', 'cherry': '5495382', 'watermelon': '5494510', 'registry': '8018911', 'hello-world': '8021526', 'docker/getting-started': '8021973', 'alpine': '7991792'}
18:13:24 INFO  EnvironmentC8y Setup
18:13:25 INFO  Executed systemctl&lt;serv_mapper1&gt;, exit status 3
18:13:25 INFO  Restarting mosquitto too frequently in the last 10 seconds. It was only up for 4 seconds
18:13:25 INFO  Delaying execution by 7 seconds
18:13:46 INFO  Executed sudo&lt;tedge_connect_c8y&gt;, exit status 0, duration 14 secs
18:13:47 INFO  Executed sudo&lt;tedge_connect_c8y_test&gt;, exit status 0
18:13:47 INFO  Executed systemctl&lt;serv_mosq2&gt;, exit status 0
18:13:48 INFO  Executed systemctl&lt;serv_mapper3&gt;, exit status 0
18:13:50 INFO  State of current operation: PENDING
18:13:52 INFO  State of current operation: PENDING
18:13:55 INFO  State of current operation: PENDING
18:13:57 INFO  State of current operation: PENDING
18:13:59 INFO  State of current operation: PENDING
18:14:01 INFO  State of current operation: PENDING
18:14:04 INFO  State of current operation: PENDING
18:14:06 INFO  State of current operation: PENDING
18:14:08 INFO  State of current operation: PENDING
18:14:10 INFO  State of current operation: PENDING
18:14:13 INFO  State of current operation: PENDING
18:14:15 INFO  State of current operation: PENDING
18:14:17 INFO  State of current operation: PENDING
18:14:19 INFO  State of current operation: PENDING
18:14:21 INFO  State of current operation: PENDING
18:14:24 INFO  State of current operation: PENDING
18:14:26 INFO  State of current operation: PENDING
18:14:28 INFO  State of current operation: PENDING
18:14:30 INFO  State of current operation: PENDING
18:14:33 INFO  State of current operation: PENDING
18:14:35 INFO  State of current operation: PENDING
18:14:37 INFO  State of current operation: PENDING
18:14:39 INFO  State of current operation: PENDING
18:14:42 INFO  State of current operation: PENDING
18:14:44 INFO  State of current operation: PENDING
18:14:46 INFO  State of current operation: PENDING
18:14:49 INFO  State of current operation: PENDING
18:14:51 INFO  State of current operation: PENDING
18:14:53 INFO  State of current operation: PENDING
18:14:55 INFO  State of current operation: PENDING
18:14:58 INFO  State of current operation: PENDING
18:15:00 INFO  State of current operation: PENDING
18:15:02 INFO  State of current operation: PENDING
18:15:04 INFO  State of current operation: PENDING
18:15:07 INFO  State of current operation: PENDING
18:15:09 INFO  State of current operation: PENDING
18:15:11 INFO  State of current operation: PENDING
18:15:13 INFO  State of current operation: PENDING
18:15:16 INFO  State of current operation: PENDING
18:15:18 INFO  State of current operation: PENDING
18:15:20 INFO  State of current operation: PENDING
18:15:22 INFO  State of current operation: PENDING
18:15:25 INFO  State of current operation: PENDING
18:15:27 INFO  State of current operation: PENDING
18:15:29 INFO  State of current operation: PENDING
18:15:32 INFO  State of current operation: PENDING
18:15:34 INFO  State of current operation: PENDING
18:15:36 INFO  State of current operation: PENDING
18:15:38 INFO  State of current operation: PENDING
18:15:40 INFO  State of current operation: PENDING
18:15:43 INFO  State of current operation: PENDING
18:15:45 INFO  State of current operation: PENDING
18:15:47 INFO  State of current operation: PENDING
18:15:49 INFO  State of current operation: PENDING
18:15:52 INFO  State of current operation: PENDING
18:15:54 INFO  State of current operation: PENDING
18:15:56 INFO  State of current operation: PENDING
18:15:58 INFO  State of current operation: PENDING
18:16:01 INFO  State of current operation: PENDING
18:16:03 INFO  State of current operation: PENDING
18:16:05 INFO  State of current operation: PENDING
18:16:07 WARN  SystemError occurred while running test - Timeout while waiting for status FAILED or SUCCESSFUL
Traceback (most recent call last):
  File &quot;/home/pi/env-pysys/lib/python3.7/site-packages/pysys/baserunner.py&quot;, line 1292, in __call__
    self.testObj.setup()
  File &quot;/home/pi/actions-runner/_work/thin-edge.io/thin-edge.io/tests/PySys/software_management_end_to_end/sm_fake_install_remove/run.py&quot;, line 38, in setup
    super().setup()
  File &quot;/home/pi/actions-runner/_work/thin-edge.io/thin-edge.io/tests/PySys/software_management_end_to_end/environment_sm_management.py&quot;, line 151, in setup
    self.wait_until_end()
  File &quot;/home/pi/actions-runner/_work/thin-edge.io/thin-edge.io/tests/PySys/software_management_end_to_end/environment_sm_management.py&quot;, line 332, in wait_until_end
    self.wait_until_status(&quot;FAILED&quot;, &quot;SUCCESSFUL&quot;)
  File &quot;/home/pi/actions-runner/_work/thin-edge.io/thin-edge.io/tests/PySys/software_management_end_to_end/environment_sm_management.py&quot;, line 381, in wait_until_status
    &quot;Timeout while waiting for status %s or %s&quot; % (status, status2)
SystemError: Timeout while waiting for status FAILED or SUCCESSFUL
18:16:07 WARN  SystemError: Timeout while waiting for status FAILED or SUCCESSFUL ... blocked 
18:16:07 INFO  
18:16:07 INFO  cleanup:
18:16:11 INFO  Executed sudo&lt;tedge_disconnect_c8y&gt;, exit status 0
18:16:12 INFO  Executed systemctl&lt;serv_mapper5&gt;, exit status 3
18:16:12 INFO  
18:16:12 INFO  Test duration: 167.30 secs
18:16:12 INFO  Test final outcome:  BLOCKED
18:16:12 INFO  Test outcome reason: SystemError: Timeout while waiting for status FAILED or SUCCESSFUL
18:16:12 INFO  
</system-out>
	</testcase>
</testsuite>
