<?xml version="1.0" encoding="utf-8"?>
<testsuite failures="1" name="SoftwareManagement.sm_apt_install_remove_default" skipped="0" tests="1" time="166.2" timestamp="2022-05-23T12:21:00">
	<testcase classname="PySysTest" name="SoftwareManagement.sm_apt_install_remove_default">
		<failure message="BLOCKED: SystemError: Timeout while waiting for status FAILED or SUCCESSFUL" type="BLOCKED"/>
		<system-out>12:18:14 INFO  ==============================================================
12:18:14 INFO  Id:    SoftwareManagement.sm_apt_install_remove_default
12:18:14 INFO  Dir:   software_management_end_to_end/
12:18:14 INFO  Title: Validate end to end behaviour for the default plugin for installation and removal of packages
12:18:14 INFO  ==============================================================
12:18:14 INFO  Using sw id database: {'asciijump': '5475369', 'robotfindskitten': '5474869', 'squirrel3': '5475279', 'rolldice': '5152439', 'moon-buggy': '5439204', 'apple': '5495053', 'banana': '5494888', 'cherry': '5495382', 'watermelon': '5494510', 'registry': '8018911', 'hello-world': '8021526', 'docker/getting-started': '8021973', 'alpine': '7991792'}
12:18:14 INFO  EnvironmentC8y Setup
12:18:14 INFO  Executed systemctl&lt;serv_mapper1&gt;, exit status 3
12:18:15 INFO  Restarting mosquitto too frequently in the last 10 seconds. It was only up for 5 seconds
12:18:15 INFO  Delaying execution by 6 seconds
12:18:35 INFO  Executed sudo&lt;tedge_connect_c8y&gt;, exit status 0, duration 14 secs
12:18:35 INFO  Executed sudo&lt;tedge_connect_c8y_test&gt;, exit status 0
12:18:36 INFO  Executed systemctl&lt;serv_mosq2&gt;, exit status 0
12:18:36 INFO  Executed systemctl&lt;serv_mapper3&gt;, exit status 0
12:18:39 INFO  State of current operation: PENDING
12:18:41 INFO  State of current operation: PENDING
12:18:43 INFO  State of current operation: PENDING
12:18:45 INFO  State of current operation: PENDING
12:18:47 INFO  State of current operation: PENDING
12:18:50 INFO  State of current operation: PENDING
12:18:52 INFO  State of current operation: PENDING
12:18:54 INFO  State of current operation: PENDING
12:18:56 INFO  State of current operation: PENDING
12:18:59 INFO  State of current operation: PENDING
12:19:01 INFO  State of current operation: PENDING
12:19:03 INFO  State of current operation: PENDING
12:19:05 INFO  State of current operation: PENDING
12:19:08 INFO  State of current operation: PENDING
12:19:10 INFO  State of current operation: PENDING
12:19:12 INFO  State of current operation: PENDING
12:19:14 INFO  State of current operation: PENDING
12:19:16 INFO  State of current operation: PENDING
12:19:19 INFO  State of current operation: PENDING
12:19:21 INFO  State of current operation: PENDING
12:19:23 INFO  State of current operation: PENDING
12:19:25 INFO  State of current operation: PENDING
12:19:28 INFO  State of current operation: PENDING
12:19:30 INFO  State of current operation: PENDING
12:19:32 INFO  State of current operation: PENDING
12:19:34 INFO  State of current operation: PENDING
12:19:37 INFO  State of current operation: PENDING
12:19:39 INFO  State of current operation: PENDING
12:19:41 INFO  State of current operation: PENDING
12:19:43 INFO  State of current operation: PENDING
12:19:46 INFO  State of current operation: PENDING
12:19:48 INFO  State of current operation: PENDING
12:19:50 INFO  State of current operation: PENDING
12:19:52 INFO  State of current operation: PENDING
12:19:54 INFO  State of current operation: PENDING
12:19:57 INFO  State of current operation: PENDING
12:19:59 INFO  State of current operation: PENDING
12:20:01 INFO  State of current operation: PENDING
12:20:04 INFO  State of current operation: PENDING
12:20:06 INFO  State of current operation: PENDING
12:20:08 INFO  State of current operation: PENDING
12:20:10 INFO  State of current operation: PENDING
12:20:12 INFO  State of current operation: PENDING
12:20:15 INFO  State of current operation: PENDING
12:20:17 INFO  State of current operation: PENDING
12:20:19 INFO  State of current operation: PENDING
12:20:22 INFO  State of current operation: PENDING
12:20:24 INFO  State of current operation: PENDING
12:20:26 INFO  State of current operation: PENDING
12:20:29 INFO  State of current operation: PENDING
12:20:31 INFO  State of current operation: PENDING
12:20:33 INFO  State of current operation: PENDING
12:20:35 INFO  State of current operation: PENDING
12:20:37 INFO  State of current operation: PENDING
12:20:40 INFO  State of current operation: PENDING
12:20:42 INFO  State of current operation: PENDING
12:20:44 INFO  State of current operation: PENDING
12:20:46 INFO  State of current operation: PENDING
12:20:49 INFO  State of current operation: PENDING
12:20:51 INFO  State of current operation: PENDING
12:20:53 INFO  State of current operation: PENDING
12:20:55 WARN  SystemError occurred while running test - Timeout while waiting for status FAILED or SUCCESSFUL
Traceback (most recent call last):
  File &quot;/home/pi/env-pysys/lib/python3.7/site-packages/pysys/baserunner.py&quot;, line 1292, in __call__
    self.testObj.setup()
  File &quot;/home/pi/actions-runner/_work/thin-edge.io/thin-edge.io/tests/PySys/software_management_end_to_end/sm_apt_install_remove_default/run.py&quot;, line 26, in setup
    super().setup()
  File &quot;/home/pi/actions-runner/_work/thin-edge.io/thin-edge.io/tests/PySys/software_management_end_to_end/environment_sm_management.py&quot;, line 151, in setup
    self.wait_until_end()
  File &quot;/home/pi/actions-runner/_work/thin-edge.io/thin-edge.io/tests/PySys/software_management_end_to_end/environment_sm_management.py&quot;, line 332, in wait_until_end
    self.wait_until_status(&quot;FAILED&quot;, &quot;SUCCESSFUL&quot;)
  File &quot;/home/pi/actions-runner/_work/thin-edge.io/thin-edge.io/tests/PySys/software_management_end_to_end/environment_sm_management.py&quot;, line 381, in wait_until_status
    &quot;Timeout while waiting for status %s or %s&quot; % (status, status2)
SystemError: Timeout while waiting for status FAILED or SUCCESSFUL
12:20:55 WARN  SystemError: Timeout while waiting for status FAILED or SUCCESSFUL ... blocked 
12:20:55 INFO  
12:20:55 INFO  cleanup:
12:20:59 INFO  Executed sudo&lt;tedge_disconnect_c8y&gt;, exit status 0
12:21:00 INFO  Executed systemctl&lt;serv_mapper5&gt;, exit status 3
12:21:00 INFO  
12:21:00 INFO  Test duration: 166.20 secs
12:21:00 INFO  Test final outcome:  BLOCKED
12:21:00 INFO  Test outcome reason: SystemError: Timeout while waiting for status FAILED or SUCCESSFUL
12:21:00 INFO  
</system-out>
	</testcase>
</testsuite>
