<?xml version="1.0" encoding="utf-8"?>
<testsuite failures="1" name="SoftwareManagement.sm_apt_install_remove_multiple_mixed" skipped="0" tests="1" time="165.96" timestamp="2022-05-23T18:07:53">
	<testcase classname="PySysTest" name="SoftwareManagement.sm_apt_install_remove_multiple_mixed">
		<failure message="BLOCKED: SystemError: Timeout while waiting for status FAILED or SUCCESSFUL" type="BLOCKED"/>
		<system-out>18:05:07 INFO  ==============================================================
18:05:07 INFO  Id:    SoftwareManagement.sm_apt_install_remove_multiple_mixed
18:05:07 INFO  Dir:   software_management_end_to_end/
18:05:07 INFO  Title: Validate end to end behaviour for the apt plugin for multiple packages with mixed versions
18:05:07 INFO  ==============================================================
18:05:07 INFO  Using sw id database: {'asciijump': '5475369', 'robotfindskitten': '5474869', 'squirrel3': '5475279', 'rolldice': '5152439', 'moon-buggy': '5439204', 'apple': '5495053', 'banana': '5494888', 'cherry': '5495382', 'watermelon': '5494510', 'registry': '8018911', 'hello-world': '8021526', 'docker/getting-started': '8021973', 'alpine': '7991792'}
18:05:07 INFO  EnvironmentC8y Setup
18:05:08 INFO  Executed systemctl&lt;serv_mapper1&gt;, exit status 3
18:05:08 INFO  Restarting mosquitto too frequently in the last 10 seconds. It was only up for 5 seconds
18:05:08 INFO  Delaying execution by 6 seconds
18:05:28 INFO  Executed sudo&lt;tedge_connect_c8y&gt;, exit status 0, duration 13 secs
18:05:29 INFO  Executed sudo&lt;tedge_connect_c8y_test&gt;, exit status 0
18:05:29 INFO  Executed systemctl&lt;serv_mosq2&gt;, exit status 0
18:05:29 INFO  Executed systemctl&lt;serv_mapper3&gt;, exit status 0
18:05:32 INFO  State of current operation: PENDING
18:05:34 INFO  State of current operation: PENDING
18:05:36 INFO  State of current operation: PENDING
18:05:38 INFO  State of current operation: PENDING
18:05:41 INFO  State of current operation: PENDING
18:05:43 INFO  State of current operation: PENDING
18:05:45 INFO  State of current operation: PENDING
18:05:48 INFO  State of current operation: PENDING
18:05:50 INFO  State of current operation: PENDING
18:05:52 INFO  State of current operation: PENDING
18:05:54 INFO  State of current operation: PENDING
18:05:56 INFO  State of current operation: PENDING
18:05:59 INFO  State of current operation: PENDING
18:06:01 INFO  State of current operation: PENDING
18:06:03 INFO  State of current operation: PENDING
18:06:05 INFO  State of current operation: PENDING
18:06:08 INFO  State of current operation: PENDING
18:06:10 INFO  State of current operation: PENDING
18:06:12 INFO  State of current operation: PENDING
18:06:14 INFO  State of current operation: PENDING
18:06:17 INFO  State of current operation: PENDING
18:06:19 INFO  State of current operation: PENDING
18:06:21 INFO  State of current operation: PENDING
18:06:23 INFO  State of current operation: PENDING
18:06:25 INFO  State of current operation: PENDING
18:06:28 INFO  State of current operation: PENDING
18:06:30 INFO  State of current operation: PENDING
18:06:32 INFO  State of current operation: PENDING
18:06:35 INFO  State of current operation: PENDING
18:06:37 INFO  State of current operation: PENDING
18:06:39 INFO  State of current operation: PENDING
18:06:41 INFO  State of current operation: PENDING
18:06:44 INFO  State of current operation: PENDING
18:06:46 INFO  State of current operation: PENDING
18:06:48 INFO  State of current operation: PENDING
18:06:50 INFO  State of current operation: PENDING
18:06:53 INFO  State of current operation: PENDING
18:06:55 INFO  State of current operation: PENDING
18:06:57 INFO  State of current operation: PENDING
18:06:59 INFO  State of current operation: PENDING
18:07:02 INFO  State of current operation: PENDING
18:07:04 INFO  State of current operation: PENDING
18:07:06 INFO  State of current operation: PENDING
18:07:08 INFO  State of current operation: PENDING
18:07:11 INFO  State of current operation: PENDING
18:07:13 INFO  State of current operation: PENDING
18:07:15 INFO  State of current operation: PENDING
18:07:17 INFO  State of current operation: PENDING
18:07:20 INFO  State of current operation: PENDING
18:07:22 INFO  State of current operation: PENDING
18:07:24 INFO  State of current operation: PENDING
18:07:26 INFO  State of current operation: PENDING
18:07:28 INFO  State of current operation: PENDING
18:07:31 INFO  State of current operation: PENDING
18:07:33 INFO  State of current operation: PENDING
18:07:35 INFO  State of current operation: PENDING
18:07:37 INFO  State of current operation: PENDING
18:07:40 INFO  State of current operation: PENDING
18:07:42 INFO  State of current operation: PENDING
18:07:44 INFO  State of current operation: PENDING
18:07:46 INFO  State of current operation: PENDING
18:07:48 WARN  SystemError occurred while running test - Timeout while waiting for status FAILED or SUCCESSFUL
Traceback (most recent call last):
  File &quot;/home/pi/env-pysys/lib/python3.7/site-packages/pysys/baserunner.py&quot;, line 1292, in __call__
    self.testObj.setup()
  File &quot;/home/pi/actions-runner/_work/thin-edge.io/thin-edge.io/tests/PySys/software_management_end_to_end/sm_apt_install_remove_multiple_mixed/run.py&quot;, line 73, in setup
    super().setup()
  File &quot;/home/pi/actions-runner/_work/thin-edge.io/thin-edge.io/tests/PySys/software_management_end_to_end/environment_sm_management.py&quot;, line 151, in setup
    self.wait_until_end()
  File &quot;/home/pi/actions-runner/_work/thin-edge.io/thin-edge.io/tests/PySys/software_management_end_to_end/environment_sm_management.py&quot;, line 332, in wait_until_end
    self.wait_until_status(&quot;FAILED&quot;, &quot;SUCCESSFUL&quot;)
  File &quot;/home/pi/actions-runner/_work/thin-edge.io/thin-edge.io/tests/PySys/software_management_end_to_end/environment_sm_management.py&quot;, line 381, in wait_until_status
    &quot;Timeout while waiting for status %s or %s&quot; % (status, status2)
SystemError: Timeout while waiting for status FAILED or SUCCESSFUL
18:07:48 WARN  SystemError: Timeout while waiting for status FAILED or SUCCESSFUL ... blocked 
18:07:48 INFO  
18:07:48 INFO  cleanup:
18:07:53 INFO  Executed sudo&lt;tedge_disconnect_c8y&gt;, exit status 0
18:07:53 INFO  Executed systemctl&lt;serv_mapper5&gt;, exit status 3
18:07:53 INFO  
18:07:53 INFO  Test duration: 165.96 secs
18:07:53 INFO  Test final outcome:  BLOCKED
18:07:53 INFO  Test outcome reason: SystemError: Timeout while waiting for status FAILED or SUCCESSFUL
18:07:53 INFO  
</system-out>
	</testcase>
</testsuite>
