<?xml version="1.0" encoding="utf-8"?>
<testsuite failures="0" name="apt_fail_noarg" skipped="1" tests="1" time="0.06" timestamp="2022-06-29T16:56:15">
	<testcase classname="AptPluginFailNoArg" name="apt_fail_noarg">
		<skipped message="SKIPPED: Testing the apt plugin is not supported on this platform.To run the tests call PySys with -XmyPlatform='container'"/>
		<system-out>16:56:15 INFO  ==============================================================
16:56:15 INFO  Id:    apt_fail_noarg
16:56:15 INFO  Dir:   plugin_apt/
16:56:15 INFO  Title: Validate apt plugin fetures(prepare, list, install, remove finalize) without arguments
16:56:15 INFO  ==============================================================
16:56:15 INFO  Testing the apt plugin is not supported on this platform.To run the tests call PySys with -XmyPlatform='container' ... skipped
16:56:15 WARN  Aborted test due to SKIPPED outcome
16:56:15 INFO  
16:56:15 INFO  Test duration: 0.06 secs
16:56:15 INFO  Test final outcome:  SKIPPED
16:56:15 INFO  Test outcome reason: Testing the apt plugin is not supported on this platform.To run the tests call PySys with -XmyPlatform='container'
16:56:15 INFO  
</system-out>
	</testcase>
</testsuite>
