<?xml version="1.0" encoding="utf-8"?>
<testsuite failures="0" name="docker_plugin_update" skipped="1" tests="1" time="0.02" timestamp="2022-07-22T14:18:24">
	<testcase classname="DockerPluginUpdateTest" name="docker_plugin_update">
		<skipped message="SKIPPED: Testing the docker plugin is not supported on this platform.To run it, all the test with -XmyPlatform='container'"/>
		<system-out>14:18:24 INFO  ==============================================================
14:18:24 INFO  Id:    docker_plugin_update
14:18:24 INFO  Dir:   plugin_docker/
14:18:24 INFO  Title: Validate docker plugin install updates existing containers
14:18:24 INFO  ==============================================================
14:18:24 INFO  Testing the docker plugin is not supported on this platform.To run it, all the test with -XmyPlatform='container' ... skipped
14:18:24 WARN  Aborted test due to SKIPPED outcome
14:18:24 INFO  
14:18:24 INFO  Test duration: 0.02 secs
14:18:24 INFO  Test final outcome:  SKIPPED
14:18:24 INFO  Test outcome reason: Testing the docker plugin is not supported on this platform.To run it, all the test with -XmyPlatform='container'
14:18:24 INFO  
</system-out>
	</testcase>
</testsuite>
