<?xml version="1.0" encoding="utf-8"?>
<testsuite failures="0" name="apt_install_local_file" skipped="1" tests="1" time="0.02" timestamp="2022-06-08T11:27:23">
	<testcase classname="AptPluginInstallFromLocalFile" name="apt_install_local_file">
		<skipped message="SKIPPED: Testing the apt plugin is not supported on this platform.To run the tests call PySys with -XmyPlatform='container'"/>
		<system-out>11:27:23 INFO  ==============================================================
11:27:23 INFO  Id:    apt_install_local_file
11:27:23 INFO  Dir:   plugin_apt/
11:27:23 INFO  Title: Validate apt plugin install from local file - SUCCESS case
11:27:23 INFO  ==============================================================
11:27:23 INFO  Testing the apt plugin is not supported on this platform.To run the tests call PySys with -XmyPlatform='container' ... skipped
11:27:23 WARN  Aborted test due to SKIPPED outcome
11:27:23 INFO  
11:27:23 INFO  Test duration: 0.02 secs
11:27:23 INFO  Test final outcome:  SKIPPED
11:27:23 INFO  Test outcome reason: Testing the apt plugin is not supported on this platform.To run the tests call PySys with -XmyPlatform='container'
11:27:23 INFO  
</system-out>
	</testcase>
</testsuite>
