<?xml version="1.0" encoding="utf-8"?>
<testsuite failures="1" name="mapper_awaits_before_reconnect" skipped="0" tests="1" time="8.3" timestamp="2022-06-22T19:00:03">
	<testcase classname="MapperReconnectAwait" name="mapper_awaits_before_reconnect">
		<failure message="FAILED: Line count on tedge_mapper_journal.out for &quot;tedge_mapper::core::mapper: MQTT connection error:&quot; expected &gt;=2 but got 0" type="FAILED"/>
		<system-out>18:59:55 INFO  ==============================================================
18:59:55 INFO  Id:    mapper_awaits_before_reconnect
18:59:55 INFO  Dir:   tedge_mapper_c8y/
18:59:55 INFO  Title: Validate mapper doesn't reconnect too often
18:59:55 INFO  ==============================================================
18:59:55 INFO  Started mosquitto_sub with process id 2063
18:59:55 INFO  Waiting for 0.1 seconds
18:59:55 INFO  Executed sudo&lt;tedge_mapper&gt;, exit status 0
18:59:55 INFO  Waiting for 5.0 seconds
19:00:01 INFO  Executed sudo&lt;tedge_mapper&gt;, exit status 0
19:00:03 INFO  Executed sudo&lt;tedge_mapper_journal&gt;, exit status 0
19:00:03 WARN  Grep on tedge_mapper_journal.out contains &quot;ERROR&quot; ... failed [run.py:67]
19:00:03 INFO  Line count on file tedge_mapper_journal.out ... passed
19:00:03 WARN  Line count on tedge_mapper_journal.out for &quot;tedge_mapper::core::mapper: MQTT connection error:&quot; expected &gt;=2 but got 0 ... failed [run.py:78]
19:00:03 WARN  Aborted test due to FAILED outcome
19:00:03 INFO  
19:00:03 INFO  Test duration: 8.30 secs
19:00:03 INFO  Test final outcome:  FAILED
19:00:03 INFO  Test outcome reason: Line count on tedge_mapper_journal.out for &quot;tedge_mapper::core::mapper: MQTT connection error:&quot; expected &gt;=2 but got 0
19:00:03 INFO  
</system-out>
	</testcase>
</testsuite>
