<?xml version="1.0" encoding="utf-8"?>
<testsuite failures="0" name="publish_flux" skipped="0" tests="1" time="72.8" timestamp="2022-06-07T11:29:20">
	<testcase classname="PublishFlux" name="publish_flux"/>
</testsuite>
