<?xml version="1.0" encoding="utf-8"?>
<testsuite failures="0" name="publish_sawmill" skipped="0" tests="1" time="78.54" timestamp="2022-07-21T21:28:44">
	<testcase classname="PublishSawmill" name="publish_sawmill"/>
</testsuite>
