<?xml version="1.0" encoding="utf-8"?>
<testsuite failures="0" name="docker_plugin_install_with_version" skipped="1" tests="1" time="0.02" timestamp="2022-06-02T08:34:50">
	<testcase classname="DockerPluginInstallWithVersionTest" name="docker_plugin_install_with_version">
		<skipped message="SKIPPED: Testing the docker plugin is not supported on this platform.To run it, all the test with -XmyPlatform='container'"/>
		<system-out>08:34:50 INFO  ==============================================================
08:34:50 INFO  Id:    docker_plugin_install_with_version
08:34:50 INFO  Dir:   plugin_docker/
08:34:50 INFO  Title: Validate docker plugin install
08:34:50 INFO  ==============================================================
08:34:50 INFO  Testing the docker plugin is not supported on this platform.To run it, all the test with -XmyPlatform='container' ... skipped
08:34:50 WARN  Aborted test due to SKIPPED outcome
08:34:50 INFO  
08:34:50 INFO  Test duration: 0.02 secs
08:34:50 INFO  Test final outcome:  SKIPPED
08:34:50 INFO  Test outcome reason: Testing the docker plugin is not supported on this platform.To run it, all the test with -XmyPlatform='container'
08:34:50 INFO  
</system-out>
	</testcase>
</testsuite>
