<?xml version="1.0" encoding="utf-8"?>
<testsuite failures="0" name="publish_flux" skipped="0" tests="1" time="73.44" timestamp="2022-05-23T15:00:00">
	<testcase classname="PublishFlux" name="publish_flux"/>
</testsuite>
