<?xml version="1.0" encoding="utf-8"?>
<testsuite failures="0" name="apt_sequence_remove" skipped="1" tests="1" time="0.02" timestamp="2022-07-22T01:58:20">
	<testcase classname="AptPluginInstallPrepareRemoveFinalize" name="apt_sequence_remove">
		<skipped message="SKIPPED: Testing the apt plugin is not supported on this platform.To run the tests call PySys with -XmyPlatform='container'"/>
		<system-out>01:58:20 INFO  ==============================================================
01:58:20 INFO  Id:    apt_sequence_remove
01:58:20 INFO  Dir:   plugin_apt/
01:58:20 INFO  Title: Validate apt plugin prepare install remove finalize use case
01:58:20 INFO  ==============================================================
01:58:20 INFO  Testing the apt plugin is not supported on this platform.To run the tests call PySys with -XmyPlatform='container' ... skipped
01:58:20 WARN  Aborted test due to SKIPPED outcome
01:58:20 INFO  
01:58:20 INFO  Test duration: 0.02 secs
01:58:20 INFO  Test final outcome:  SKIPPED
01:58:20 INFO  Test outcome reason: Testing the apt plugin is not supported on this platform.To run the tests call PySys with -XmyPlatform='container'
01:58:20 INFO  
</system-out>
	</testcase>
</testsuite>
