<?xml version="1.0" encoding="utf-8"?>
<testsuite failures="1" name="monitoring_smaller_interval" skipped="0" tests="1" time="15.09" timestamp="2022-05-23T16:47:43">
	<testcase classname="MonitoringSmallInterval" name="monitoring_smaller_interval">
		<failure message="BLOCKED: TypeError: 'int' object is not subscriptable" type="BLOCKED"/>
		<system-out>16:47:28 INFO  ==============================================================
16:47:28 INFO  Id:    monitoring_smaller_interval
16:47:28 INFO  Dir:   monitoring/
16:47:28 INFO  Title: Validate the tedge dm agent messages that are produced with smaller sampling interval than the batching window. Here the simulated collectd messages are used
16:47:28 INFO  ==============================================================
16:47:29 INFO  Executed sudo&lt;collectd&gt;, exit status 0
16:47:29 INFO  Executed sudo&lt;collectd_mapper&gt;, exit status 0
16:47:29 INFO  Started sudo&lt;tedge_sub&gt; with process id 6201
16:47:30 INFO  Executed sudo&lt;tedge_temp&gt;, exit status 0
16:47:30 INFO  Executed sudo&lt;tedge_pres&gt;, exit status 0
16:47:31 INFO  Executed sudo&lt;tedge_temp&gt;, exit status 0
16:47:31 INFO  Executed sudo&lt;tedge_pres&gt;, exit status 0
16:47:32 INFO  Executed sudo&lt;tedge_temp&gt;, exit status 0
16:47:33 INFO  Executed sudo&lt;tedge_pres&gt;, exit status 0
16:47:33 INFO  Executed sudo&lt;tedge_temp&gt;, exit status 0
16:47:34 INFO  Executed sudo&lt;tedge_pres&gt;, exit status 0
16:47:34 INFO  Executed sudo&lt;tedge_temp&gt;, exit status 0
16:47:35 INFO  Executed sudo&lt;tedge_pres&gt;, exit status 0
16:47:35 INFO  Executed sudo&lt;tedge_temp&gt;, exit status 0
16:47:36 INFO  Executed sudo&lt;tedge_pres&gt;, exit status 0
16:47:37 INFO  Executed sudo&lt;tedge_temp&gt;, exit status 0
16:47:37 INFO  Executed sudo&lt;tedge_pres&gt;, exit status 0
16:47:38 INFO  Executed sudo&lt;tedge_temp&gt;, exit status 0
16:47:38 INFO  Executed sudo&lt;tedge_pres&gt;, exit status 0
16:47:39 INFO  Executed sudo&lt;tedge_temp&gt;, exit status 0
16:47:39 INFO  Executed sudo&lt;tedge_pres&gt;, exit status 0
16:47:40 INFO  Executed sudo&lt;tedge_temp&gt;, exit status 0
16:47:40 INFO  Executed sudo&lt;tedge_pres&gt;, exit status 0
16:47:42 INFO  Executed sudo&lt;kill_out&gt;, exit status 0
16:47:42 INFO  0

16:47:42 WARN  TypeError occurred while running test - 'int' object is not subscriptable
Traceback (most recent call last):
  File &quot;/home/pi/env-pysys/lib/python3.7/site-packages/pysys/baserunner.py&quot;, line 1296, in __call__
    self.testObj.validate()
  File &quot;/home/pi/actions-runner/_work/thin-edge.io/thin-edge.io/tests/PySys/monitoring/monitoring_smaller_interval/run.py&quot;, line 104, in validate
    collectd_msg_validation_result=self.validate_json(),
  File &quot;/home/pi/actions-runner/_work/thin-edge.io/thin-edge.io/tests/PySys/monitoring/monitoring_smaller_interval/run.py&quot;, line 114, in validate_json
    if not self.validate_time():
  File &quot;/home/pi/actions-runner/_work/thin-edge.io/thin-edge.io/tests/PySys/monitoring/monitoring_smaller_interval/run.py&quot;, line 134, in validate_time
    if self.js_msg[&quot;time&quot;]:
TypeError: 'int' object is not subscriptable
16:47:42 WARN  TypeError: 'int' object is not subscriptable ... blocked 
16:47:42 INFO  
16:47:42 INFO  cleanup:
16:47:42 INFO  monitoring_cleanup
16:47:43 INFO  Executed sudo&lt;collectd_mapper&gt;, exit status 0
16:47:43 INFO  
16:47:43 INFO  Test duration: 15.09 secs
16:47:43 INFO  Test final outcome:  BLOCKED
16:47:43 INFO  Test outcome reason: TypeError: 'int' object is not subscriptable
16:47:43 INFO  
</system-out>
	</testcase>
</testsuite>
