<?xml version="1.0" encoding="utf-8"?>
<testsuite failures="1" name="agent_init_session" skipped="0" tests="1" time="5.95" timestamp="2022-07-22T02:08:51">
	<testcase classname="AgentInitSession" name="agent_init_session">
		<failure message="FAILED: Grep on sub_resp.out contains &quot;Ld3KgqpcLDlrYH6sfpG7w&quot;" type="FAILED"/>
		<system-out>02:08:45 INFO  ==============================================================
02:08:45 INFO  Id:    agent_init_session
02:08:45 INFO  Dir:   tedge_agent/
02:08:45 INFO  Title: Validate tedge agent init session feature
02:08:45 INFO  ==============================================================
02:08:46 INFO  Executed sudo&lt;remove_lock&gt;, exit status 0
02:08:46 INFO  Executed sudo&lt;agent_clear&gt;, exit status 0
02:08:47 INFO  Executed sudo&lt;agent_init&gt;, exit status 0
02:08:47 INFO  Executed sudo&lt;pub_req&gt;, exit status 0
02:08:47 INFO  Started sudo&lt;sub_resp&gt; with process id 31737
02:08:48 INFO  Executed sudo&lt;agent_start&gt;, exit status 0
02:08:48 INFO  Waiting for 2.0 seconds
02:08:51 INFO  Executed sudo&lt;agent_stop&gt;, exit status 0
02:08:51 INFO  Executed sudo&lt;sub_stop&gt;, exit status 0
02:08:51 WARN  Grep on sub_resp.out contains &quot;Ld3KgqpcLDlrYH6sfpG7w&quot; ... failed [run.py:87]
02:08:51 INFO  
02:08:51 INFO  Test duration: 5.95 secs
02:08:51 INFO  Test final outcome:  FAILED
02:08:51 INFO  Test outcome reason: Grep on sub_resp.out contains &quot;Ld3KgqpcLDlrYH6sfpG7w&quot;
02:08:51 INFO  
</system-out>
	</testcase>
</testsuite>
