<?xml version="1.0" encoding="utf-8"?>
<testsuite failures="0" name="apt_sequence_install_with_version_fail" skipped="1" tests="1" time="0.03" timestamp="2022-07-25T11:48:46">
	<testcase classname="AptPluginInstallWithVersionFails" name="apt_sequence_install_with_version_fail">
		<skipped message="SKIPPED: Testing the apt plugin is not supported on this platform.To run the tests call PySys with -XmyPlatform='container'"/>
		<system-out>11:48:46 INFO  ==============================================================
11:48:46 INFO  Id:    apt_sequence_install_with_version_fail
11:48:46 INFO  Dir:   plugin_apt/
11:48:46 INFO  Title: Validate apt plugin install with version fails use case
11:48:46 INFO  ==============================================================
11:48:46 INFO  Testing the apt plugin is not supported on this platform.To run the tests call PySys with -XmyPlatform='container' ... skipped
11:48:46 WARN  Aborted test due to SKIPPED outcome
11:48:46 INFO  
11:48:46 INFO  Test duration: 0.03 secs
11:48:46 INFO  Test final outcome:  SKIPPED
11:48:46 INFO  Test outcome reason: Testing the apt plugin is not supported on this platform.To run the tests call PySys with -XmyPlatform='container'
11:48:46 INFO  
</system-out>
	</testcase>
</testsuite>
