<?xml version="1.0" encoding="utf-8"?>
<testsuite failures="1" name="mapper_awaits_before_reconnect" skipped="0" tests="1" time="8.84" timestamp="2022-06-29T12:07:14">
	<testcase classname="MapperReconnectAwait" name="mapper_awaits_before_reconnect">
		<failure message="FAILED: Line count on tedge_mapper_journal.out for &quot;tedge_mapper::core::mapper: MQTT connection error:&quot; expected &gt;=2 but got 0" type="FAILED"/>
		<system-out>12:07:05 INFO  ==============================================================
12:07:05 INFO  Id:    mapper_awaits_before_reconnect
12:07:05 INFO  Dir:   tedge_mapper_c8y/
12:07:05 INFO  Title: Validate mapper doesn't reconnect too often
12:07:05 INFO  ==============================================================
12:07:05 INFO  Started mosquitto_sub with process id 27163
12:07:05 INFO  Waiting for 0.1 seconds
12:07:06 INFO  Executed sudo&lt;tedge_mapper&gt;, exit status 0
12:07:06 INFO  Waiting for 5.0 seconds
12:07:12 INFO  Executed sudo&lt;tedge_mapper&gt;, exit status 0
12:07:14 INFO  Executed sudo&lt;tedge_mapper_journal&gt;, exit status 0
12:07:14 WARN  Grep on tedge_mapper_journal.out contains &quot;ERROR&quot; ... failed [run.py:67]
12:07:14 INFO  Line count on file tedge_mapper_journal.out ... passed
12:07:14 WARN  Line count on tedge_mapper_journal.out for &quot;tedge_mapper::core::mapper: MQTT connection error:&quot; expected &gt;=2 but got 0 ... failed [run.py:78]
12:07:14 WARN  Aborted test due to FAILED outcome
12:07:14 INFO  
12:07:14 INFO  Test duration: 8.84 secs
12:07:14 INFO  Test final outcome:  FAILED
12:07:14 INFO  Test outcome reason: Line count on tedge_mapper_journal.out for &quot;tedge_mapper::core::mapper: MQTT connection error:&quot; expected &gt;=2 but got 0
12:07:14 INFO  
</system-out>
	</testcase>
</testsuite>
