<?xml version="1.0" encoding="utf-8"?>
<testsuite failures="0" name="valid_device_id" skipped="0" tests="1" time="27.6" timestamp="2022-06-08T12:59:32">
	<testcase classname="ValidateValidDeviceId" name="valid_device_id"/>
</testsuite>
