<?xml version="1.0" encoding="utf-8"?>
<testsuite failures="0" name="SoftwareManagement.Plugin.apama_plugin_remove" skipped="1" tests="1" time="0.05" timestamp="2022-06-16T14:07:53">
	<testcase classname="ApamaPluginRemoveTest" name="SoftwareManagement.Plugin.apama_plugin_remove">
		<skipped message="SKIPPED: Apama plugin tests are disabled by default. Execute `pysys run` with `-XmyPlatform=container` to run these tests"/>
		<system-out>14:07:53 INFO  ==============================================================
14:07:53 INFO  Id:    SoftwareManagement.Plugin.apama_plugin_remove
14:07:53 INFO  Dir:   plugin_apama/
14:07:53 INFO  Title: Validate apama plugin remove
14:07:53 INFO  ==============================================================
14:07:53 INFO  Apama plugin tests are disabled by default. Execute `pysys run` with `-XmyPlatform=container` to run these tests ... skipped
14:07:53 WARN  Aborted test due to SKIPPED outcome
14:07:53 INFO  
14:07:53 INFO  Test duration: 0.05 secs
14:07:53 INFO  Test final outcome:  SKIPPED
14:07:53 INFO  Test outcome reason: Apama plugin tests are disabled by default. Execute `pysys run` with `-XmyPlatform=container` to run these tests
14:07:53 INFO  
</system-out>
	</testcase>
</testsuite>
