<?xml version="1.0" encoding="utf-8"?>
<testsuite failures="0" name="SoftwareManagement.sm_apt_install_fail" skipped="1" tests="1" time="0.03" timestamp="2022-06-02T08:44:24">
	<testcase classname="PySysTest" name="SoftwareManagement.sm_apt_install_fail">
		<skipped message="SKIPPED: Testing the apt plugin is not supported on this platform.Use parameter -XmyPlatform='container' to enable it"/>
		<system-out>08:44:24 INFO  ==============================================================
08:44:24 INFO  Id:    SoftwareManagement.sm_apt_install_fail
08:44:24 INFO  Dir:   software_management_end_to_end/
08:44:24 INFO  Title: Validate end to end behaviour for a failing installation
08:44:24 INFO  ==============================================================
08:44:24 INFO  Testing the apt plugin is not supported on this platform.Use parameter -XmyPlatform='container' to enable it ... skipped
08:44:24 WARN  Aborted test due to SKIPPED outcome
08:44:24 INFO  
08:44:24 INFO  Test duration: 0.03 secs
08:44:24 INFO  Test final outcome:  SKIPPED
08:44:24 INFO  Test outcome reason: Testing the apt plugin is not supported on this platform.Use parameter -XmyPlatform='container' to enable it
08:44:24 INFO  
</system-out>
	</testcase>
</testsuite>
