<?xml version="1.0" encoding="utf-8"?>
<testsuite failures="0" name="SoftwareManagement.Plugin.apama_plugin_remove" skipped="1" tests="1" time="0.02" timestamp="2022-07-21T22:56:15">
	<testcase classname="ApamaPluginRemoveTest" name="SoftwareManagement.Plugin.apama_plugin_remove">
		<skipped message="SKIPPED: Apama plugin tests are disabled by default. Execute `pysys run` with `-XmyPlatform=container` to run these tests"/>
		<system-out>22:56:15 INFO  ==============================================================
22:56:15 INFO  Id:    SoftwareManagement.Plugin.apama_plugin_remove
22:56:15 INFO  Dir:   plugin_apama/
22:56:15 INFO  Title: Validate apama plugin remove
22:56:15 INFO  ==============================================================
22:56:15 INFO  Apama plugin tests are disabled by default. Execute `pysys run` with `-XmyPlatform=container` to run these tests ... skipped
22:56:15 WARN  Aborted test due to SKIPPED outcome
22:56:15 INFO  
22:56:15 INFO  Test duration: 0.02 secs
22:56:15 INFO  Test final outcome:  SKIPPED
22:56:15 INFO  Test outcome reason: Apama plugin tests are disabled by default. Execute `pysys run` with `-XmyPlatform=container` to run these tests
22:56:15 INFO  
</system-out>
	</testcase>
</testsuite>
