<?xml version="1.0" encoding="utf-8"?>
<testsuite failures="0" name="tedge_agent_user_sudo_access" skipped="1" tests="1" time="0.06" timestamp="2022-05-24T15:48:07">
	<testcase classname="TedgeAgentUserSudoAccess" name="tedge_agent_user_sudo_access">
		<skipped message="SKIPPED: #955 Observation: Exit code of the apt plugin when called with no arguments"/>
		<system-out>15:48:07 INFO  ==============================================================
15:48:07 INFO  Id:    tedge_agent_user_sudo_access
15:48:07 INFO  Dir:   tedge/
15:48:07 INFO  Title: Validate tedge-agent user has a limited sudo right
15:48:07 INFO  ==============================================================
15:48:07 INFO  #955 Observation: Exit code of the apt plugin when called with no arguments ... skipped
15:48:07 INFO  
15:48:07 INFO  Test duration: 0.06 secs
15:48:07 INFO  Test final outcome:  SKIPPED
15:48:07 INFO  Test outcome reason: #955 Observation: Exit code of the apt plugin when called with no arguments
15:48:07 INFO  
</system-out>
	</testcase>
</testsuite>
