<?xml version="1.0" encoding="utf-8"?>
<testsuite failures="0" name="agent_init_session" skipped="0" tests="1" time="5.97" timestamp="2022-06-29T17:06:52">
	<testcase classname="AgentInitSession" name="agent_init_session"/>
</testsuite>
