<?xml version="1.0" encoding="utf-8"?>
<testsuite failures="1" name="monitoring_smaller_interval" skipped="0" tests="1" time="14.76" timestamp="2022-05-23T14:58:37">
	<testcase classname="MonitoringSmallInterval" name="monitoring_smaller_interval">
		<failure message="BLOCKED: TypeError: 'int' object is not subscriptable" type="BLOCKED"/>
		<system-out>14:58:22 INFO  ==============================================================
14:58:22 INFO  Id:    monitoring_smaller_interval
14:58:22 INFO  Dir:   monitoring/
14:58:22 INFO  Title: Validate the tedge dm agent messages that are produced with smaller sampling interval than the batching window. Here the simulated collectd messages are used
14:58:22 INFO  ==============================================================
14:58:23 INFO  Executed sudo&lt;collectd&gt;, exit status 0
14:58:23 INFO  Executed sudo&lt;collectd_mapper&gt;, exit status 0
14:58:23 INFO  Started sudo&lt;tedge_sub&gt; with process id 20460
14:58:24 INFO  Executed sudo&lt;tedge_temp&gt;, exit status 0
14:58:24 INFO  Executed sudo&lt;tedge_pres&gt;, exit status 0
14:58:25 INFO  Executed sudo&lt;tedge_temp&gt;, exit status 0
14:58:25 INFO  Executed sudo&lt;tedge_pres&gt;, exit status 0
14:58:26 INFO  Executed sudo&lt;tedge_temp&gt;, exit status 0
14:58:27 INFO  Executed sudo&lt;tedge_pres&gt;, exit status 0
14:58:27 INFO  Executed sudo&lt;tedge_temp&gt;, exit status 0
14:58:28 INFO  Executed sudo&lt;tedge_pres&gt;, exit status 0
14:58:28 INFO  Executed sudo&lt;tedge_temp&gt;, exit status 0
14:58:29 INFO  Executed sudo&lt;tedge_pres&gt;, exit status 0
14:58:29 INFO  Executed sudo&lt;tedge_temp&gt;, exit status 0
14:58:30 INFO  Executed sudo&lt;tedge_pres&gt;, exit status 0
14:58:31 INFO  Executed sudo&lt;tedge_temp&gt;, exit status 0
14:58:31 INFO  Executed sudo&lt;tedge_pres&gt;, exit status 0
14:58:32 INFO  Executed sudo&lt;tedge_temp&gt;, exit status 0
14:58:32 INFO  Executed sudo&lt;tedge_pres&gt;, exit status 0
14:58:33 INFO  Executed sudo&lt;tedge_temp&gt;, exit status 0
14:58:33 INFO  Executed sudo&lt;tedge_pres&gt;, exit status 0
14:58:34 INFO  Executed sudo&lt;tedge_temp&gt;, exit status 0
14:58:34 INFO  Executed sudo&lt;tedge_pres&gt;, exit status 0
14:58:36 INFO  Executed sudo&lt;kill_out&gt;, exit status 0
14:58:36 INFO  0

14:58:36 WARN  TypeError occurred while running test - 'int' object is not subscriptable
Traceback (most recent call last):
  File &quot;/home/pi/env-pysys/lib/python3.7/site-packages/pysys/baserunner.py&quot;, line 1296, in __call__
    self.testObj.validate()
  File &quot;/home/pi/actions-runner/_work/thin-edge.io/thin-edge.io/tests/PySys/monitoring/monitoring_smaller_interval/run.py&quot;, line 104, in validate
    collectd_msg_validation_result=self.validate_json(),
  File &quot;/home/pi/actions-runner/_work/thin-edge.io/thin-edge.io/tests/PySys/monitoring/monitoring_smaller_interval/run.py&quot;, line 114, in validate_json
    if not self.validate_time():
  File &quot;/home/pi/actions-runner/_work/thin-edge.io/thin-edge.io/tests/PySys/monitoring/monitoring_smaller_interval/run.py&quot;, line 134, in validate_time
    if self.js_msg[&quot;time&quot;]:
TypeError: 'int' object is not subscriptable
14:58:36 WARN  TypeError: 'int' object is not subscriptable ... blocked 
14:58:36 INFO  
14:58:36 INFO  cleanup:
14:58:36 INFO  monitoring_cleanup
14:58:37 INFO  Executed sudo&lt;collectd_mapper&gt;, exit status 0
14:58:37 INFO  
14:58:37 INFO  Test duration: 14.76 secs
14:58:37 INFO  Test final outcome:  BLOCKED
14:58:37 INFO  Test outcome reason: TypeError: 'int' object is not subscriptable
14:58:37 INFO  
</system-out>
	</testcase>
</testsuite>
