<?xml version="1.0" encoding="utf-8"?>
<testsuite failures="0" name="monitoring_with_collectd" skipped="1" tests="1" time="0.03" timestamp="2022-07-20T12:52:55">
	<testcase classname="MonitoringWithCollectd" name="monitoring_with_collectd">
		<skipped message="SKIPPED: Test execution disabled due to #792 (instable)"/>
		<system-out>12:52:55 INFO  ==============================================================
12:52:55 INFO  Id:    monitoring_with_collectd
12:52:55 INFO  Dir:   monitoring/
12:52:55 INFO  Title: Validate tedge dm agent messages that are produced by batching the collectd messages
12:52:55 INFO  ==============================================================
12:52:55 INFO  Test execution disabled due to #792 (instable) ... skipped
12:52:55 INFO  
12:52:55 INFO  Test duration: 0.03 secs
12:52:55 INFO  Test final outcome:  SKIPPED
12:52:55 INFO  Test outcome reason: Test execution disabled due to #792 (instable)
12:52:55 INFO  
</system-out>
	</testcase>
</testsuite>
