<?xml version="1.0" encoding="utf-8"?>
<testsuite failures="0" name="monitoring_with_collectd" skipped="1" tests="1" time="0.02" timestamp="2022-07-13T11:35:35">
	<testcase classname="MonitoringWithCollectd" name="monitoring_with_collectd">
		<skipped message="SKIPPED: Test execution disabled due to #792 (instable)"/>
		<system-out>11:35:35 INFO  ==============================================================
11:35:35 INFO  Id:    monitoring_with_collectd
11:35:35 INFO  Dir:   monitoring/
11:35:35 INFO  Title: Validate tedge dm agent messages that are produced by batching the collectd messages
11:35:35 INFO  ==============================================================
11:35:35 INFO  Test execution disabled due to #792 (instable) ... skipped
11:35:35 INFO  
11:35:35 INFO  Test duration: 0.02 secs
11:35:35 INFO  Test final outcome:  SKIPPED
11:35:35 INFO  Test outcome reason: Test execution disabled due to #792 (instable)
11:35:35 INFO  
</system-out>
	</testcase>
</testsuite>
