<?xml version="1.0" encoding="utf-8"?>
<testsuite failures="0" name="call_tedge_-V" skipped="0" tests="1" time="0.64" timestamp="2022-05-24T15:47:42">
	<testcase classname="PySysTest" name="call_tedge_-V"/>
</testsuite>
