<?xml version="1.0" encoding="utf-8"?>
<testsuite failures="0" name="apt_list_format" skipped="0" tests="1" time="3.01" timestamp="2022-06-22T13:53:53">
	<testcase classname="AptPluginListFormat" name="apt_list_format"/>
</testsuite>
