<?xml version="1.0" encoding="utf-8"?>
<testsuite failures="0" name="smoketest_json" skipped="0" tests="1" time="46.0" timestamp="2022-07-20T12:56:21">
	<testcase classname="SmokeTestJson" name="smoketest_json"/>
</testsuite>
