<?xml version="1.0" encoding="utf-8"?>
<testsuite failures="0" name="call_tedge_config_list" skipped="0" tests="1" time="23.51" timestamp="2022-05-23T19:17:51">
	<testcase classname="PySysTest" name="call_tedge_config_list"/>
</testsuite>
