<?xml version="1.0" encoding="utf-8"?>
<testsuite failures="0" name="c8y_jwt_token_retrieval" skipped="0" tests="1" time="23.33" timestamp="2022-05-23T13:16:03">
	<testcase classname="ValidateJWTTokenRetrieval" name="c8y_jwt_token_retrieval"/>
</testsuite>
