<?xml version="1.0" encoding="utf-8"?>
<testsuite failures="0" name="apt_prepare_install_finalize" skipped="1" tests="1" time="0.02" timestamp="2022-06-22T17:19:46">
	<testcase classname="AptPluginPrepareInstallFinalize" name="apt_prepare_install_finalize">
		<skipped message="SKIPPED: Testing the apt plugin is not supported on this platform.To run the tests call PySys with -XmyPlatform='container'"/>
		<system-out>17:19:46 INFO  ==============================================================
17:19:46 INFO  Id:    apt_prepare_install_finalize
17:19:46 INFO  Dir:   plugin_apt/
17:19:46 INFO  Title: Validate apt plugin install use case
17:19:46 INFO  ==============================================================
17:19:46 INFO  Testing the apt plugin is not supported on this platform.To run the tests call PySys with -XmyPlatform='container' ... skipped
17:19:46 WARN  Aborted test due to SKIPPED outcome
17:19:46 INFO  
17:19:46 INFO  Test duration: 0.02 secs
17:19:46 INFO  Test final outcome:  SKIPPED
17:19:46 INFO  Test outcome reason: Testing the apt plugin is not supported on this platform.To run the tests call PySys with -XmyPlatform='container'
17:19:46 INFO  
</system-out>
	</testcase>
</testsuite>
