<?xml version="1.0" encoding="utf-8"?>
<testsuite failures="0" name="c8y_jwt_token_retrieval" skipped="0" tests="1" time="23.25" timestamp="2022-06-16T14:04:54">
	<testcase classname="ValidateJWTTokenRetrieval" name="c8y_jwt_token_retrieval"/>
</testsuite>
