<?xml version="1.0" encoding="utf-8"?>
<testsuite failures="0" name="SoftwareManagement.sm_apt_install_remove_multiple_mixed" skipped="1" tests="1" time="0.03" timestamp="2022-07-25T13:42:17">
	<testcase classname="PySysTest" name="SoftwareManagement.sm_apt_install_remove_multiple_mixed">
		<skipped message="SKIPPED: Testing the apt plugin is not supported on this platform.Use parameter -XmyPlatform='container' to enable it"/>
		<system-out>13:42:17 INFO  ==============================================================
13:42:17 INFO  Id:    SoftwareManagement.sm_apt_install_remove_multiple_mixed
13:42:17 INFO  Dir:   software_management_end_to_end/
13:42:17 INFO  Title: Validate end to end behaviour for the apt plugin for multiple packages with mixed versions
13:42:17 INFO  ==============================================================
13:42:17 INFO  Testing the apt plugin is not supported on this platform.Use parameter -XmyPlatform='container' to enable it ... skipped
13:42:17 WARN  Aborted test due to SKIPPED outcome
13:42:17 INFO  
13:42:17 INFO  Test duration: 0.03 secs
13:42:17 INFO  Test final outcome:  SKIPPED
13:42:17 INFO  Test outcome reason: Testing the apt plugin is not supported on this platform.Use parameter -XmyPlatform='container' to enable it
13:42:17 INFO  
</system-out>
	</testcase>
</testsuite>
