<?xml version="1.0" encoding="utf-8"?>
<testsuite failures="0" name="SoftwareManagement.Plugin.apama_plugin_install" skipped="1" tests="1" time="0.06" timestamp="2022-07-21T19:55:31">
	<testcase classname="ApamaPluginInstallTest" name="SoftwareManagement.Plugin.apama_plugin_install">
		<skipped message="SKIPPED: Apama plugin tests are disabled by default. Execute `pysys run` with `-XmyPlatform=container` to run these tests"/>
		<system-out>19:55:31 INFO  ==============================================================
19:55:31 INFO  Id:    SoftwareManagement.Plugin.apama_plugin_install
19:55:31 INFO  Dir:   plugin_apama/
19:55:31 INFO  Title: Validate apama plugin install
19:55:31 INFO  ==============================================================
19:55:31 INFO  Apama plugin tests are disabled by default. Execute `pysys run` with `-XmyPlatform=container` to run these tests ... skipped
19:55:31 WARN  Aborted test due to SKIPPED outcome
19:55:31 INFO  
19:55:31 INFO  Test duration: 0.06 secs
19:55:31 INFO  Test final outcome:  SKIPPED
19:55:31 INFO  Test outcome reason: Apama plugin tests are disabled by default. Execute `pysys run` with `-XmyPlatform=container` to run these tests
19:55:31 INFO  
</system-out>
	</testcase>
</testsuite>
