<?xml version="1.0" encoding="utf-8"?>
<testsuite failures="0" name="SoftwareManagement.sm_apt_install_fail" skipped="1" tests="1" time="0.02" timestamp="2022-07-21T23:05:49">
	<testcase classname="PySysTest" name="SoftwareManagement.sm_apt_install_fail">
		<skipped message="SKIPPED: Testing the apt plugin is not supported on this platform.Use parameter -XmyPlatform='container' to enable it"/>
		<system-out>23:05:49 INFO  ==============================================================
23:05:49 INFO  Id:    SoftwareManagement.sm_apt_install_fail
23:05:49 INFO  Dir:   software_management_end_to_end/
23:05:49 INFO  Title: Validate end to end behaviour for a failing installation
23:05:49 INFO  ==============================================================
23:05:49 INFO  Testing the apt plugin is not supported on this platform.Use parameter -XmyPlatform='container' to enable it ... skipped
23:05:49 WARN  Aborted test due to SKIPPED outcome
23:05:49 INFO  
23:05:49 INFO  Test duration: 0.02 secs
23:05:49 INFO  Test final outcome:  SKIPPED
23:05:49 INFO  Test outcome reason: Testing the apt plugin is not supported on this platform.Use parameter -XmyPlatform='container' to enable it
23:05:49 INFO  
</system-out>
	</testcase>
</testsuite>
