<?xml version="1.0" encoding="utf-8"?>
<testsuite failures="0" name="invalid_device_id" skipped="0" tests="1" time="4.41" timestamp="2022-07-21T18:23:26">
	<testcase classname="InvalidDeviceId" name="invalid_device_id"/>
</testsuite>
