<?xml version="1.0" encoding="utf-8"?>
<testsuite failures="0" name="call_tedge_config_help" skipped="0" tests="1" time="0.46" timestamp="2022-05-24T15:47:43">
	<testcase classname="PySysTest" name="call_tedge_config_help"/>
</testsuite>
