<?xml version="1.0" encoding="utf-8"?>
<testsuite failures="0" name="custom_init_system" skipped="0" tests="1" time="29.06" timestamp="2022-07-26T16:15:07">
	<testcase classname="CustomInitSystem" name="custom_init_system"/>
</testsuite>
