<?xml version="1.0" encoding="utf-8"?>
<testsuite failures="1" name="c8y_jwt_token_retrieval" skipped="0" tests="1" time="23.02" timestamp="2022-06-10T12:58:58">
	<testcase classname="ValidateJWTTokenRetrieval" name="c8y_jwt_token_retrieval">
		<failure message="FAILED: Grep on resp_jwt.out contains &quot;\[c8y/s/dat\] 71,&quot;" type="FAILED"/>
		<system-out>12:58:35 INFO  ==============================================================
12:58:35 INFO  Id:    c8y_jwt_token_retrieval
12:58:35 INFO  Dir:   cloud_c8y/
12:58:35 INFO  Title: Validate the Cumulocity JWT Token Retrieval feature
12:58:35 INFO  ==============================================================
12:58:35 INFO  Executed sudo&lt;tedge_disconnect_c8y&gt;, exit status 0
12:58:50 INFO  Executed sudo&lt;tedge_connect_c8y&gt;, exit status 0, duration 14 secs
12:58:50 INFO  Started sudo&lt;resp_jwt&gt; with process id 11144
12:58:51 INFO  Executed sudo&lt;req_jwt&gt;, exit status 0
12:58:53 INFO  Executed sudo&lt;kill_out&gt;, exit status 0
12:58:53 WARN  Grep on resp_jwt.out contains &quot;\[c8y/s/dat\] 71,&quot; ... failed [run.py:60]
12:58:53 INFO  
12:58:53 INFO  cleanup:
12:58:58 INFO  Executed sudo&lt;tedge_disconnect_c8y&gt;, exit status 0
12:58:58 INFO  
12:58:58 INFO  Test duration: 23.02 secs
12:58:58 INFO  Test final outcome:  FAILED
12:58:58 INFO  Test outcome reason: Grep on resp_jwt.out contains &quot;\[c8y/s/dat\] 71,&quot;
12:58:58 INFO  
</system-out>
	</testcase>
</testsuite>
