<?xml version="1.0" encoding="utf-8"?>
<testsuite failures="1" name="monitoring_smaller_interval" skipped="0" tests="1" time="14.9" timestamp="2022-07-22T00:28:15">
	<testcase classname="MonitoringSmallInterval" name="monitoring_smaller_interval">
		<failure message="BLOCKED: TypeError: 'int' object is not subscriptable" type="BLOCKED"/>
		<system-out>00:28:00 INFO  ==============================================================
00:28:00 INFO  Id:    monitoring_smaller_interval
00:28:00 INFO  Dir:   monitoring/
00:28:00 INFO  Title: Validate the tedge dm agent messages that are produced with smaller sampling interval than the batching window. Here the simulated collectd messages are used
00:28:00 INFO  ==============================================================
00:28:01 INFO  Executed sudo&lt;collectd&gt;, exit status 0
00:28:02 INFO  Executed sudo&lt;collectd_mapper&gt;, exit status 0
00:28:02 INFO  Started sudo&lt;tedge_sub&gt; with process id 2731
00:28:02 INFO  Executed sudo&lt;tedge_temp&gt;, exit status 0
00:28:03 INFO  Executed sudo&lt;tedge_pres&gt;, exit status 0
00:28:03 INFO  Executed sudo&lt;tedge_temp&gt;, exit status 0
00:28:04 INFO  Executed sudo&lt;tedge_pres&gt;, exit status 0
00:28:05 INFO  Executed sudo&lt;tedge_temp&gt;, exit status 0
00:28:05 INFO  Executed sudo&lt;tedge_pres&gt;, exit status 0
00:28:06 INFO  Executed sudo&lt;tedge_temp&gt;, exit status 0
00:28:06 INFO  Executed sudo&lt;tedge_pres&gt;, exit status 0
00:28:07 INFO  Executed sudo&lt;tedge_temp&gt;, exit status 0
00:28:07 INFO  Executed sudo&lt;tedge_pres&gt;, exit status 0
00:28:08 INFO  Executed sudo&lt;tedge_temp&gt;, exit status 0
00:28:09 INFO  Executed sudo&lt;tedge_pres&gt;, exit status 0
00:28:09 INFO  Executed sudo&lt;tedge_temp&gt;, exit status 0
00:28:10 INFO  Executed sudo&lt;tedge_pres&gt;, exit status 0
00:28:10 INFO  Executed sudo&lt;tedge_temp&gt;, exit status 0
00:28:11 INFO  Executed sudo&lt;tedge_pres&gt;, exit status 0
00:28:11 INFO  Executed sudo&lt;tedge_temp&gt;, exit status 0
00:28:12 INFO  Executed sudo&lt;tedge_pres&gt;, exit status 0
00:28:13 INFO  Executed sudo&lt;tedge_temp&gt;, exit status 0
00:28:13 INFO  Executed sudo&lt;tedge_pres&gt;, exit status 0
00:28:15 INFO  Executed sudo&lt;kill_out&gt;, exit status 0
00:28:15 INFO  0

00:28:15 WARN  TypeError occurred while running test - 'int' object is not subscriptable
Traceback (most recent call last):
  File &quot;/home/pi/env-pysys/lib/python3.7/site-packages/pysys/baserunner.py&quot;, line 1296, in __call__
    self.testObj.validate()
  File &quot;/home/pi/actions-runner/_work/thin-edge.io/thin-edge.io/tests/PySys/monitoring/monitoring_smaller_interval/run.py&quot;, line 104, in validate
    collectd_msg_validation_result=self.validate_json(),
  File &quot;/home/pi/actions-runner/_work/thin-edge.io/thin-edge.io/tests/PySys/monitoring/monitoring_smaller_interval/run.py&quot;, line 114, in validate_json
    if not self.validate_time():
  File &quot;/home/pi/actions-runner/_work/thin-edge.io/thin-edge.io/tests/PySys/monitoring/monitoring_smaller_interval/run.py&quot;, line 134, in validate_time
    if self.js_msg[&quot;time&quot;]:
TypeError: 'int' object is not subscriptable
00:28:15 WARN  TypeError: 'int' object is not subscriptable ... blocked 
00:28:15 INFO  
00:28:15 INFO  cleanup:
00:28:15 INFO  monitoring_cleanup
00:28:15 INFO  Executed sudo&lt;collectd_mapper&gt;, exit status 0
00:28:15 INFO  
00:28:15 INFO  Test duration: 14.90 secs
00:28:15 INFO  Test final outcome:  BLOCKED
00:28:15 INFO  Test outcome reason: TypeError: 'int' object is not subscriptable
00:28:15 INFO  
</system-out>
	</testcase>
</testsuite>
