<?xml version="1.0" encoding="utf-8"?>
<testsuite failures="0" name="apt_sequence_remove" skipped="1" tests="1" time="0.02" timestamp="2022-06-07T11:28:06">
	<testcase classname="AptPluginInstallPrepareRemoveFinalize" name="apt_sequence_remove">
		<skipped message="SKIPPED: Testing the apt plugin is not supported on this platform.To run the tests call PySys with -XmyPlatform='container'"/>
		<system-out>11:28:06 INFO  ==============================================================
11:28:06 INFO  Id:    apt_sequence_remove
11:28:06 INFO  Dir:   plugin_apt/
11:28:06 INFO  Title: Validate apt plugin prepare install remove finalize use case
11:28:06 INFO  ==============================================================
11:28:06 INFO  Testing the apt plugin is not supported on this platform.To run the tests call PySys with -XmyPlatform='container' ... skipped
11:28:06 WARN  Aborted test due to SKIPPED outcome
11:28:06 INFO  
11:28:06 INFO  Test duration: 0.02 secs
11:28:06 INFO  Test final outcome:  SKIPPED
11:28:06 INFO  Test outcome reason: Testing the apt plugin is not supported on this platform.To run the tests call PySys with -XmyPlatform='container'
11:28:06 INFO  
</system-out>
	</testcase>
</testsuite>
