<?xml version="1.0" encoding="utf-8"?>
<testsuite failures="0" name="apt_update_list" skipped="1" tests="1" time="0.02" timestamp="2022-06-02T08:34:50">
	<testcase classname="AptPluginUpdateList" name="apt_update_list">
		<skipped message="SKIPPED: Testing the apt plugin is not supported on this platform.To run the tests call PySys with -XmyPlatform='container'"/>
		<system-out>08:34:50 INFO  ==============================================================
08:34:50 INFO  Id:    apt_update_list
08:34:50 INFO  Dir:   plugin_apt/
08:34:50 INFO  Title: Validate apt plugin update-list command use case
08:34:50 INFO  ==============================================================
08:34:50 INFO  Testing the apt plugin is not supported on this platform.To run the tests call PySys with -XmyPlatform='container' ... skipped
08:34:50 WARN  Aborted test due to SKIPPED outcome
08:34:50 INFO  
08:34:50 INFO  Test duration: 0.02 secs
08:34:50 INFO  Test final outcome:  SKIPPED
08:34:50 INFO  Test outcome reason: Testing the apt plugin is not supported on this platform.To run the tests call PySys with -XmyPlatform='container'
08:34:50 INFO  
</system-out>
	</testcase>
</testsuite>
