<?xml version="1.0" encoding="utf-8"?>
<testsuite failures="0" name="smoketest_smartrest" skipped="0" tests="1" time="48.91" timestamp="2022-06-02T08:40:52">
	<testcase classname="SmoketestSmartRest" name="smoketest_smartrest"/>
</testsuite>
