<?xml version="1.0" encoding="utf-8"?>
<testsuite failures="1" name="monitoring_smaller_interval" skipped="0" tests="1" time="14.93" timestamp="2022-07-22T09:21:44">
	<testcase classname="MonitoringSmallInterval" name="monitoring_smaller_interval">
		<failure message="BLOCKED: TypeError: 'int' object is not subscriptable" type="BLOCKED"/>
		<system-out>09:21:29 INFO  ==============================================================
09:21:29 INFO  Id:    monitoring_smaller_interval
09:21:29 INFO  Dir:   monitoring/
09:21:29 INFO  Title: Validate the tedge dm agent messages that are produced with smaller sampling interval than the batching window. Here the simulated collectd messages are used
09:21:29 INFO  ==============================================================
09:21:30 INFO  Executed sudo&lt;collectd&gt;, exit status 0
09:21:30 INFO  Executed sudo&lt;collectd_mapper&gt;, exit status 0
09:21:30 INFO  Started sudo&lt;tedge_sub&gt; with process id 31202
09:21:31 INFO  Executed sudo&lt;tedge_temp&gt;, exit status 0
09:21:32 INFO  Executed sudo&lt;tedge_pres&gt;, exit status 0
09:21:32 INFO  Executed sudo&lt;tedge_temp&gt;, exit status 0
09:21:33 INFO  Executed sudo&lt;tedge_pres&gt;, exit status 0
09:21:33 INFO  Executed sudo&lt;tedge_temp&gt;, exit status 0
09:21:34 INFO  Executed sudo&lt;tedge_pres&gt;, exit status 0
09:21:34 INFO  Executed sudo&lt;tedge_temp&gt;, exit status 0
09:21:35 INFO  Executed sudo&lt;tedge_pres&gt;, exit status 0
09:21:36 INFO  Executed sudo&lt;tedge_temp&gt;, exit status 0
09:21:36 INFO  Executed sudo&lt;tedge_pres&gt;, exit status 0
09:21:37 INFO  Executed sudo&lt;tedge_temp&gt;, exit status 0
09:21:37 INFO  Executed sudo&lt;tedge_pres&gt;, exit status 0
09:21:38 INFO  Executed sudo&lt;tedge_temp&gt;, exit status 0
09:21:38 INFO  Executed sudo&lt;tedge_pres&gt;, exit status 0
09:21:39 INFO  Executed sudo&lt;tedge_temp&gt;, exit status 0
09:21:40 INFO  Executed sudo&lt;tedge_pres&gt;, exit status 0
09:21:40 INFO  Executed sudo&lt;tedge_temp&gt;, exit status 0
09:21:41 INFO  Executed sudo&lt;tedge_pres&gt;, exit status 0
09:21:41 INFO  Executed sudo&lt;tedge_temp&gt;, exit status 0
09:21:42 INFO  Executed sudo&lt;tedge_pres&gt;, exit status 0
09:21:43 INFO  Executed sudo&lt;kill_out&gt;, exit status 0
09:21:43 INFO  0

09:21:43 WARN  TypeError occurred while running test - 'int' object is not subscriptable
Traceback (most recent call last):
  File &quot;/home/pi/env-pysys/lib/python3.7/site-packages/pysys/baserunner.py&quot;, line 1296, in __call__
    self.testObj.validate()
  File &quot;/home/pi/actions-runner/_work/thin-edge.io/thin-edge.io/tests/PySys/monitoring/monitoring_smaller_interval/run.py&quot;, line 104, in validate
    collectd_msg_validation_result=self.validate_json(),
  File &quot;/home/pi/actions-runner/_work/thin-edge.io/thin-edge.io/tests/PySys/monitoring/monitoring_smaller_interval/run.py&quot;, line 114, in validate_json
    if not self.validate_time():
  File &quot;/home/pi/actions-runner/_work/thin-edge.io/thin-edge.io/tests/PySys/monitoring/monitoring_smaller_interval/run.py&quot;, line 134, in validate_time
    if self.js_msg[&quot;time&quot;]:
TypeError: 'int' object is not subscriptable
09:21:43 WARN  TypeError: 'int' object is not subscriptable ... blocked 
09:21:43 INFO  
09:21:43 INFO  cleanup:
09:21:43 INFO  monitoring_cleanup
09:21:44 INFO  Executed sudo&lt;collectd_mapper&gt;, exit status 0
09:21:44 INFO  
09:21:44 INFO  Test duration: 14.93 secs
09:21:44 INFO  Test final outcome:  BLOCKED
09:21:44 INFO  Test outcome reason: TypeError: 'int' object is not subscriptable
09:21:44 INFO  
</system-out>
	</testcase>
</testsuite>
