<?xml version="1.0" encoding="utf-8"?>
<testsuite failures="0" name="SoftwareManagement.Plugin.apama_plugin_mon_support" skipped="1" tests="1" time="0.02" timestamp="2022-07-22T01:58:16">
	<testcase classname="ApamaPluginMonSupportTest" name="SoftwareManagement.Plugin.apama_plugin_mon_support">
		<skipped message="SKIPPED: Apama plugin tests are disabled by default. Execute `pysys run` with `-XmyPlatform=container` to run these tests"/>
		<system-out>01:58:16 INFO  ==============================================================
01:58:16 INFO  Id:    SoftwareManagement.Plugin.apama_plugin_mon_support
01:58:16 INFO  Dir:   plugin_apama/
01:58:16 INFO  Title: Validate mon file support of apama plugin
01:58:16 INFO  ==============================================================
01:58:16 INFO  Apama plugin tests are disabled by default. Execute `pysys run` with `-XmyPlatform=container` to run these tests ... skipped
01:58:16 WARN  Aborted test due to SKIPPED outcome
01:58:16 INFO  
01:58:16 INFO  Test duration: 0.02 secs
01:58:16 INFO  Test final outcome:  SKIPPED
01:58:16 INFO  Test outcome reason: Apama plugin tests are disabled by default. Execute `pysys run` with `-XmyPlatform=container` to run these tests
01:58:16 INFO  
</system-out>
	</testcase>
</testsuite>
