<?xml version="1.0" encoding="utf-8"?>
<testsuite failures="0" name="apt_install_local_file_with_version" skipped="1" tests="1" time="0.02" timestamp="2022-07-22T03:51:22">
	<testcase classname="AptPluginInstallFromLocalFileWithVersion" name="apt_install_local_file_with_version">
		<skipped message="SKIPPED: Testing the apt plugin is not supported on this platform.To run the tests call PySys with -XmyPlatform='container'"/>
		<system-out>03:51:22 INFO  ==============================================================
03:51:22 INFO  Id:    apt_install_local_file_with_version
03:51:22 INFO  Dir:   plugin_apt/
03:51:22 INFO  Title: Validate apt plugin install from local file AND with a version - SUCCESS case
03:51:22 INFO  ==============================================================
03:51:22 INFO  Testing the apt plugin is not supported on this platform.To run the tests call PySys with -XmyPlatform='container' ... skipped
03:51:22 WARN  Aborted test due to SKIPPED outcome
03:51:22 INFO  
03:51:22 INFO  Test duration: 0.02 secs
03:51:22 INFO  Test final outcome:  SKIPPED
03:51:22 INFO  Test outcome reason: Testing the apt plugin is not supported on this platform.To run the tests call PySys with -XmyPlatform='container'
03:51:22 INFO  
</system-out>
	</testcase>
</testsuite>
