<?xml version="1.0" encoding="utf-8"?>
<testsuite failures="1" name="local_mqtt_pub_sub_retain" skipped="0" tests="1" time="6.02" timestamp="2022-07-22T01:55:56">
	<testcase classname="MqttPublishWithRetain" name="local_mqtt_pub_sub_retain">
		<failure message="FAILED: Grep on temp_sensor_sub.out contains &quot;\[test/alarms/temp_sensor\] alarm msg 2&quot; (+1 other failures)" type="FAILED"/>
		<system-out>01:55:50 INFO  ==============================================================
01:55:50 INFO  Id:    local_mqtt_pub_sub_retain
01:55:50 INFO  Dir:   local_mqtt/
01:55:50 INFO  Title: Validate local publishing with retain flag
01:55:50 INFO  ==============================================================
01:55:51 INFO  Executed tedge&lt;pub_to_set_alarm&gt;, exit status 0
01:55:51 INFO  Executed tedge&lt;pub_to_set_alarm&gt;, exit status 0
01:55:52 INFO  Started tedge&lt;temp_sensor_sub&gt; with process id 28019
01:55:53 INFO  Executed tedge&lt;pub_to_clear_alarm&gt;, exit status 0
01:55:54 INFO  Executed sudo&lt;kill_out&gt;, exit status 0
01:55:54 INFO  Executed tedge&lt;pub_to_clear_alarm&gt;, exit status 0
01:55:54 INFO  Started tedge&lt;temp_sensor_empty_message&gt; with process id 28025
01:55:56 INFO  Executed sudo&lt;kill_out&gt;, exit status 0
01:55:56 WARN  Grep on temp_sensor_sub.out contains &quot;\[test/alarms/temp_sensor\] alarm msg 2&quot; ... failed [run.py:139]
01:55:56 WARN  Grep on temp_sensor_sub.out contains &quot;\[test/alarms/temp_sensor\] &quot; ... failed [run.py:142]
01:55:56 INFO  Grep on file temp_sensor_empty_message.out ... passed
01:55:56 INFO  
01:55:56 INFO  Test duration: 6.02 secs
01:55:56 INFO  Test final outcome:  FAILED
01:55:56 INFO  Test outcome reason: Grep on temp_sensor_sub.out contains &quot;\[test/alarms/temp_sensor\] alarm msg 2&quot; (+1 other failures)
01:55:56 INFO  
</system-out>
	</testcase>
</testsuite>
