<?xml version="1.0" encoding="utf-8"?>
<testsuite failures="0" name="apt_list_format" skipped="0" tests="1" time="3.11" timestamp="2022-07-26T16:15:52">
	<testcase classname="AptPluginListFormat" name="apt_list_format"/>
</testsuite>
