<?xml version="1.0" encoding="utf-8"?>
<testsuite failures="1" name="local_mqtt_pub_sub_retain" skipped="0" tests="1" time="6.11" timestamp="2022-06-08T11:24:58">
	<testcase classname="MqttPublishWithRetain" name="local_mqtt_pub_sub_retain">
		<failure message="FAILED: Grep on temp_sensor_sub.out contains &quot;\[test/alarms/temp_sensor\] alarm msg 2&quot; (+1 other failures)" type="FAILED"/>
		<system-out>11:24:52 INFO  ==============================================================
11:24:52 INFO  Id:    local_mqtt_pub_sub_retain
11:24:52 INFO  Dir:   local_mqtt/
11:24:52 INFO  Title: Validate local publishing with retain flag
11:24:52 INFO  ==============================================================
11:24:53 INFO  Executed tedge&lt;pub_to_set_alarm&gt;, exit status 0
11:24:53 INFO  Executed tedge&lt;pub_to_set_alarm&gt;, exit status 0
11:24:54 INFO  Started tedge&lt;temp_sensor_sub&gt; with process id 24430
11:24:54 INFO  Executed tedge&lt;pub_to_clear_alarm&gt;, exit status 0
11:24:56 INFO  Executed sudo&lt;kill_out&gt;, exit status 0
11:24:56 INFO  Executed tedge&lt;pub_to_clear_alarm&gt;, exit status 0
11:24:56 INFO  Started tedge&lt;temp_sensor_empty_message&gt; with process id 24435
11:24:58 INFO  Executed sudo&lt;kill_out&gt;, exit status 0
11:24:58 WARN  Grep on temp_sensor_sub.out contains &quot;\[test/alarms/temp_sensor\] alarm msg 2&quot; ... failed [run.py:139]
11:24:58 WARN  Grep on temp_sensor_sub.out contains &quot;\[test/alarms/temp_sensor\] &quot; ... failed [run.py:142]
11:24:58 INFO  Grep on file temp_sensor_empty_message.out ... passed
11:24:58 INFO  
11:24:58 INFO  Test duration: 6.11 secs
11:24:58 INFO  Test final outcome:  FAILED
11:24:58 INFO  Test outcome reason: Grep on temp_sensor_sub.out contains &quot;\[test/alarms/temp_sensor\] alarm msg 2&quot; (+1 other failures)
11:24:58 INFO  
</system-out>
	</testcase>
</testsuite>
