<?xml version="1.0" encoding="utf-8"?>
<testsuite failures="0" name="apt_update_list" skipped="1" tests="1" time="0.02" timestamp="2022-07-21T22:56:19">
	<testcase classname="AptPluginUpdateList" name="apt_update_list">
		<skipped message="SKIPPED: Testing the apt plugin is not supported on this platform.To run the tests call PySys with -XmyPlatform='container'"/>
		<system-out>22:56:19 INFO  ==============================================================
22:56:19 INFO  Id:    apt_update_list
22:56:19 INFO  Dir:   plugin_apt/
22:56:19 INFO  Title: Validate apt plugin update-list command use case
22:56:19 INFO  ==============================================================
22:56:19 INFO  Testing the apt plugin is not supported on this platform.To run the tests call PySys with -XmyPlatform='container' ... skipped
22:56:19 WARN  Aborted test due to SKIPPED outcome
22:56:19 INFO  
22:56:19 INFO  Test duration: 0.02 secs
22:56:19 INFO  Test final outcome:  SKIPPED
22:56:19 INFO  Test outcome reason: Testing the apt plugin is not supported on this platform.To run the tests call PySys with -XmyPlatform='container'
22:56:19 INFO  
</system-out>
	</testcase>
</testsuite>
