<?xml version="1.0" encoding="utf-8"?>
<testsuite failures="0" name="SoftwareManagement.Plugin.apama_plugin_update" skipped="1" tests="1" time="0.04" timestamp="2022-07-16T17:16:01">
	<testcase classname="ApamaPluginUpdateTest" name="SoftwareManagement.Plugin.apama_plugin_update">
		<skipped message="SKIPPED: Apama plugin tests are disabled by default. Execute `pysys run` with `-XmyPlatform=container` to run these tests"/>
		<system-out>17:16:01 INFO  ==============================================================
17:16:01 INFO  Id:    SoftwareManagement.Plugin.apama_plugin_update
17:16:01 INFO  Dir:   plugin_apama/
17:16:01 INFO  Title: Validate apama plugin updating one project with another
17:16:01 INFO  ==============================================================
17:16:01 INFO  Apama plugin tests are disabled by default. Execute `pysys run` with `-XmyPlatform=container` to run these tests ... skipped
17:16:01 WARN  Aborted test due to SKIPPED outcome
17:16:01 INFO  
17:16:01 INFO  Test duration: 0.04 secs
17:16:01 INFO  Test final outcome:  SKIPPED
17:16:01 INFO  Test outcome reason: Apama plugin tests are disabled by default. Execute `pysys run` with `-XmyPlatform=container` to run these tests
17:16:01 INFO  
</system-out>
	</testcase>
</testsuite>
