<?xml version="1.0" encoding="utf-8"?>
<testsuite failures="1" name="agent_init_session" skipped="0" tests="1" time="5.82" timestamp="2022-07-20T13:03:33">
	<testcase classname="AgentInitSession" name="agent_init_session">
		<failure message="FAILED: Grep on sub_resp.out contains &quot;Ld3KgqpcLDlrYH6sfpG7w&quot;" type="FAILED"/>
		<system-out>13:03:27 INFO  ==============================================================
13:03:27 INFO  Id:    agent_init_session
13:03:27 INFO  Dir:   tedge_agent/
13:03:27 INFO  Title: Validate tedge agent init session feature
13:03:27 INFO  ==============================================================
13:03:27 INFO  Executed sudo&lt;remove_lock&gt;, exit status 0
13:03:28 INFO  Executed sudo&lt;agent_clear&gt;, exit status 0
13:03:28 INFO  Executed sudo&lt;agent_init&gt;, exit status 0
13:03:29 INFO  Executed sudo&lt;pub_req&gt;, exit status 0
13:03:29 INFO  Started sudo&lt;sub_resp&gt; with process id 20668
13:03:30 INFO  Executed sudo&lt;agent_start&gt;, exit status 0
13:03:30 INFO  Waiting for 2.0 seconds
13:03:32 INFO  Executed sudo&lt;agent_stop&gt;, exit status 0
13:03:33 INFO  Executed sudo&lt;sub_stop&gt;, exit status 0
13:03:33 WARN  Grep on sub_resp.out contains &quot;Ld3KgqpcLDlrYH6sfpG7w&quot; ... failed [run.py:87]
13:03:33 INFO  
13:03:33 INFO  Test duration: 5.82 secs
13:03:33 INFO  Test final outcome:  FAILED
13:03:33 INFO  Test outcome reason: Grep on sub_resp.out contains &quot;Ld3KgqpcLDlrYH6sfpG7w&quot;
13:03:33 INFO  
</system-out>
	</testcase>
</testsuite>
