<?xml version="1.0" encoding="utf-8"?>
<testsuite failures="1" name="c8y_jwt_token_retrieval" skipped="0" tests="1" time="21.31" timestamp="2022-07-25T11:45:47">
	<testcase classname="ValidateJWTTokenRetrieval" name="c8y_jwt_token_retrieval">
		<failure message="FAILED: Grep on resp_jwt.out contains &quot;\[c8y/s/dat\] 71,&quot;" type="FAILED"/>
		<system-out>11:45:26 INFO  ==============================================================
11:45:26 INFO  Id:    c8y_jwt_token_retrieval
11:45:26 INFO  Dir:   cloud_c8y/
11:45:26 INFO  Title: Validate the Cumulocity JWT Token Retrieval feature
11:45:26 INFO  ==============================================================
11:45:27 INFO  Executed sudo&lt;tedge_disconnect_c8y&gt;, exit status 0
11:45:41 INFO  Executed sudo&lt;tedge_connect_c8y&gt;, exit status 0, duration 14 secs
11:45:41 INFO  Started sudo&lt;resp_jwt&gt; with process id 17533
11:45:42 INFO  Executed sudo&lt;req_jwt&gt;, exit status 0
11:45:43 INFO  Executed sudo&lt;kill_out&gt;, exit status 0
11:45:43 WARN  Grep on resp_jwt.out contains &quot;\[c8y/s/dat\] 71,&quot; ... failed [run.py:60]
11:45:43 INFO  
11:45:43 INFO  cleanup:
11:45:47 INFO  Executed sudo&lt;tedge_disconnect_c8y&gt;, exit status 0
11:45:47 INFO  
11:45:47 INFO  Test duration: 21.31 secs
11:45:47 INFO  Test final outcome:  FAILED
11:45:47 INFO  Test outcome reason: Grep on resp_jwt.out contains &quot;\[c8y/s/dat\] 71,&quot;
11:45:47 INFO  
</system-out>
	</testcase>
</testsuite>
