<?xml version="1.0" encoding="utf-8"?>
<testsuite failures="0" name="tedge_software_update" skipped="0" tests="1" time="28.18" timestamp="2022-07-16T17:26:42">
	<testcase classname="PySysTest" name="tedge_software_update"/>
</testsuite>
