<?xml version="1.0" encoding="utf-8"?>
<testsuite failures="0" name="publish_sawmill" skipped="0" tests="1" time="79.72" timestamp="2022-06-15T10:57:33">
	<testcase classname="PublishSawmill" name="publish_sawmill"/>
</testsuite>
