<?xml version="1.0" encoding="utf-8"?>
<testsuite failures="0" name="monitoring_with_collectd" skipped="1" tests="1" time="0.02" timestamp="2022-07-21T22:56:10">
	<testcase classname="MonitoringWithCollectd" name="monitoring_with_collectd">
		<skipped message="SKIPPED: Test execution disabled due to #792 (instable)"/>
		<system-out>22:56:10 INFO  ==============================================================
22:56:10 INFO  Id:    monitoring_with_collectd
22:56:10 INFO  Dir:   monitoring/
22:56:10 INFO  Title: Validate tedge dm agent messages that are produced by batching the collectd messages
22:56:10 INFO  ==============================================================
22:56:10 INFO  Test execution disabled due to #792 (instable) ... skipped
22:56:10 INFO  
22:56:10 INFO  Test duration: 0.02 secs
22:56:10 INFO  Test final outcome:  SKIPPED
22:56:10 INFO  Test outcome reason: Test execution disabled due to #792 (instable)
22:56:10 INFO  
</system-out>
	</testcase>
</testsuite>
