<?xml version="1.0" encoding="utf-8"?>
<testsuite failures="0" name="docker_plugin_remove_with_version" skipped="1" tests="1" time="0.02" timestamp="2022-06-08T11:27:28">
	<testcase classname="DockerPluginRemoveWithVersionTest" name="docker_plugin_remove_with_version">
		<skipped message="SKIPPED: Testing the docker plugin is not supported on this platform.To run it, all the test with -XmyPlatform='container'"/>
		<system-out>11:27:28 INFO  ==============================================================
11:27:28 INFO  Id:    docker_plugin_remove_with_version
11:27:28 INFO  Dir:   plugin_docker/
11:27:28 INFO  Title: Validate docker plugin remove with version
11:27:28 INFO  ==============================================================
11:27:28 INFO  Testing the docker plugin is not supported on this platform.To run it, all the test with -XmyPlatform='container' ... skipped
11:27:28 WARN  Aborted test due to SKIPPED outcome
11:27:28 INFO  
11:27:28 INFO  Test duration: 0.02 secs
11:27:28 INFO  Test final outcome:  SKIPPED
11:27:28 INFO  Test outcome reason: Testing the docker plugin is not supported on this platform.To run it, all the test with -XmyPlatform='container'
11:27:28 INFO  
</system-out>
	</testcase>
</testsuite>
