<?xml version="1.0" encoding="utf-8"?>
<testsuite failures="0" name="apt_install" skipped="1" tests="1" time="0.02" timestamp="2022-07-21T22:56:15">
	<testcase classname="AptPluginInstallDense" name="apt_install">
		<skipped message="SKIPPED: Testing the apt plugin is not supported on this platform.To run the tests call PySys with -XmyPlatform='container'"/>
		<system-out>22:56:15 INFO  ==============================================================
22:56:15 INFO  Id:    apt_install
22:56:15 INFO  Dir:   plugin_apt/
22:56:15 INFO  Title: Validate apt plugin prepare - dense version
22:56:15 INFO  ==============================================================
22:56:15 INFO  Testing the apt plugin is not supported on this platform.To run the tests call PySys with -XmyPlatform='container' ... skipped
22:56:15 WARN  Aborted test due to SKIPPED outcome
22:56:15 INFO  
22:56:15 INFO  Test duration: 0.02 secs
22:56:15 INFO  Test final outcome:  SKIPPED
22:56:15 INFO  Test outcome reason: Testing the apt plugin is not supported on this platform.To run the tests call PySys with -XmyPlatform='container'
22:56:15 INFO  
</system-out>
	</testcase>
</testsuite>
