<?xml version="1.0" encoding="utf-8"?>
<testsuite failures="0" name="apt_finalize" skipped="1" tests="1" time="0.02" timestamp="2022-07-21T18:24:14">
	<testcase classname="AptPluginFinalize" name="apt_finalize">
		<skipped message="SKIPPED: Testing the apt plugin is not supported on this platform.To run the tests call PySys with -XmyPlatform='container'"/>
		<system-out>18:24:14 INFO  ==============================================================
18:24:14 INFO  Id:    apt_finalize
18:24:14 INFO  Dir:   plugin_apt/
18:24:14 INFO  Title: Validate apt plugin finalize - dense version
18:24:14 INFO  ==============================================================
18:24:14 INFO  Testing the apt plugin is not supported on this platform.To run the tests call PySys with -XmyPlatform='container' ... skipped
18:24:14 WARN  Aborted test due to SKIPPED outcome
18:24:14 INFO  
18:24:14 INFO  Test duration: 0.02 secs
18:24:14 INFO  Test final outcome:  SKIPPED
18:24:14 INFO  Test outcome reason: Testing the apt plugin is not supported on this platform.To run the tests call PySys with -XmyPlatform='container'
18:24:14 INFO  
</system-out>
	</testcase>
</testsuite>
