<?xml version="1.0" encoding="utf-8"?>
<testsuite failures="0" name="publish_sawmill" skipped="0" tests="1" time="79.13" timestamp="2022-07-19T13:41:42">
	<testcase classname="PublishSawmill" name="publish_sawmill"/>
</testsuite>
