<?xml version="1.0" encoding="utf-8"?>
<testsuite failures="0" name="smoketest_smartrest" skipped="0" tests="1" time="48.55" timestamp="2022-06-29T12:00:31">
	<testcase classname="SmoketestSmartRest" name="smoketest_smartrest"/>
</testsuite>
