<?xml version="1.0" encoding="utf-8"?>
<testsuite failures="0" name="apt_remove_fail" skipped="1" tests="1" time="0.02" timestamp="2022-07-18T15:50:54">
	<testcase classname="AptPluginRemoveFails" name="apt_remove_fail">
		<skipped message="SKIPPED: Testing the apt plugin is not supported on this platform.To run the tests call PySys with -XmyPlatform='container'"/>
		<system-out>15:50:54 INFO  ==============================================================
15:50:54 INFO  Id:    apt_remove_fail
15:50:54 INFO  Dir:   plugin_apt/
15:50:54 INFO  Title: Validate apt plugin prepare - failing
15:50:54 INFO  ==============================================================
15:50:54 INFO  Testing the apt plugin is not supported on this platform.To run the tests call PySys with -XmyPlatform='container' ... skipped
15:50:54 WARN  Aborted test due to SKIPPED outcome
15:50:54 INFO  
15:50:54 INFO  Test duration: 0.02 secs
15:50:54 INFO  Test final outcome:  SKIPPED
15:50:54 INFO  Test outcome reason: Testing the apt plugin is not supported on this platform.To run the tests call PySys with -XmyPlatform='container'
15:50:54 INFO  
</system-out>
	</testcase>
</testsuite>
