<?xml version="1.0" encoding="utf-8"?>
<testsuite failures="0" name="SoftwareManagement.sm_mixed_install_remove_multiple" skipped="1" tests="1" time="0.05" timestamp="2022-05-20T13:31:09">
	<testcase classname="PySysTest" name="SoftwareManagement.sm_mixed_install_remove_multiple">
		<skipped message="SKIPPED: Testing the fake plugin is not enabled.Use parameter -Xfakeplugin=fakeplugin to enable it"/>
		<system-out>13:31:09 INFO  ==============================================================
13:31:09 INFO  Id:    SoftwareManagement.sm_mixed_install_remove_multiple
13:31:09 INFO  Dir:   software_management_end_to_end/
13:31:09 INFO  Title: Validate end to end behaviour for the dummy-plugin for multiple packages with mixed versions
13:31:09 INFO  ==============================================================
13:31:09 INFO  Testing the fake plugin is not enabled.Use parameter -Xfakeplugin=fakeplugin to enable it ... skipped
13:31:09 WARN  Aborted test due to SKIPPED outcome
13:31:09 INFO  
13:31:09 INFO  Test duration: 0.05 secs
13:31:09 INFO  Test final outcome:  SKIPPED
13:31:09 INFO  Test outcome reason: Testing the fake plugin is not enabled.Use parameter -Xfakeplugin=fakeplugin to enable it
13:31:09 INFO  
</system-out>
	</testcase>
</testsuite>
