<?xml version="1.0" encoding="utf-8"?>
<testsuite failures="1" name="valid_device_id" skipped="0" tests="1" time="42.98" timestamp="2022-05-23T08:26:54">
	<testcase classname="ValidateValidDeviceId" name="valid_device_id">
		<failure message="FAILED: Grep on tedge_connect_c8y_test.out contains &quot;successful&quot;" type="FAILED"/>
		<system-out>08:26:11 INFO  ==============================================================
08:26:11 INFO  Id:    valid_device_id
08:26:11 INFO  Dir:   misc_features/
08:26:11 INFO  Title: Valid device ID
08:26:11 INFO  ==============================================================
08:26:11 INFO  Restarting mosquitto too frequently in the last 10 seconds. It was only up for 5 seconds
08:26:11 INFO  Delaying execution by 6 seconds
08:26:18 INFO  Executed sudo&lt;tedge_disconnect_c8y&gt;, exit status 0
08:26:18 INFO  Executed sudo&lt;create_cert_dir&gt;, exit status 0
08:26:19 INFO  Executed sudo&lt;change_owner_of_dir&gt;, exit status 0
08:26:19 INFO  Executed sudo&lt;set_cert_path&gt;, exit status 0
08:26:20 INFO  Executed sudo&lt;set_key_path&gt;, exit status 0
08:26:20 INFO  Executed sudo&lt;cert_create&gt;, exit status 0
08:26:22 INFO  Executed sudo&lt;cert_upload&gt;, exit status 0
08:26:37 INFO  Executed sudo&lt;tedge_connect_c8y&gt;, exit status 0, duration 14 secs
08:26:48 INFO  Executed sudo&lt;tedge_connect_c8y_test&gt;, exit status 0
08:26:48 INFO  Grep on file tedge_connect_c8y.out ... passed
08:26:48 WARN  Grep on tedge_connect_c8y_test.out contains &quot;successful&quot; ... failed [run.py:108]
08:26:48 INFO  
08:26:48 INFO  cleanup:
08:26:52 INFO  Executed sudo&lt;tedge_disconnect_c8y&gt;, exit status 0
08:26:53 INFO  Executed sudo&lt;unset_cert_path&gt;, exit status 0
08:26:54 INFO  Executed sudo&lt;unset_key_path&gt;, exit status 0
08:26:54 INFO  Executed sudo&lt;remove_cert_dir&gt;, exit status 0
08:26:54 INFO  
08:26:54 INFO  Test duration: 42.98 secs
08:26:54 INFO  Test final outcome:  FAILED
08:26:54 INFO  Test outcome reason: Grep on tedge_connect_c8y_test.out contains &quot;successful&quot;
08:26:54 INFO  
</system-out>
	</testcase>
</testsuite>
