<?xml version="1.0" encoding="utf-8"?>
<testsuite failures="0" name="SoftwareManagement.sm_mapper_fail_and_reconnect" skipped="1" tests="1" time="0.02" timestamp="2022-07-22T00:38:01">
	<testcase classname="MapperC8yReceiveLastMessageOnRestart" name="SoftwareManagement.sm_mapper_fail_and_reconnect">
		<skipped message="SKIPPED: instable https://github.com/thin-edge/thin-edge.io/issues/752"/>
		<system-out>00:38:01 INFO  ==============================================================
00:38:01 INFO  Id:    SoftwareManagement.sm_mapper_fail_and_reconnect
00:38:01 INFO  Dir:   software_management_end_to_end/
00:38:01 INFO  Title: Validate the tedge-mapper-sm-c8y for receiving the last message on restart
00:38:01 INFO  ==============================================================
00:38:01 INFO  instable https://github.com/thin-edge/thin-edge.io/issues/752 ... skipped
00:38:01 INFO  
00:38:01 INFO  Test duration: 0.02 secs
00:38:01 INFO  Test final outcome:  SKIPPED
00:38:01 INFO  Test outcome reason: instable https://github.com/thin-edge/thin-edge.io/issues/752
00:38:01 INFO  
</system-out>
	</testcase>
</testsuite>
