<?xml version="1.0" encoding="utf-8"?>
<testsuite failures="0" name="smoketest_smartrest" skipped="0" tests="1" time="48.78" timestamp="2022-05-20T09:41:32">
	<testcase classname="SmoketestSmartRest" name="smoketest_smartrest"/>
</testsuite>
