<?xml version="1.0" encoding="utf-8"?>
<testsuite failures="1" name="mapper_awaits_before_reconnect" skipped="0" tests="1" time="9.58" timestamp="2022-07-25T08:43:23">
	<testcase classname="MapperReconnectAwait" name="mapper_awaits_before_reconnect">
		<failure message="FAILED: Line count on tedge_mapper_journal.out for &quot;tedge_mapper::core::mapper: MQTT connection error:&quot; expected &gt;=2 but got 0" type="FAILED"/>
		<system-out>08:43:14 INFO  ==============================================================
08:43:14 INFO  Id:    mapper_awaits_before_reconnect
08:43:14 INFO  Dir:   tedge_mapper_c8y/
08:43:14 INFO  Title: Validate mapper doesn't reconnect too often
08:43:14 INFO  ==============================================================
08:43:14 INFO  Started mosquitto_sub with process id 682
08:43:14 INFO  Waiting for 0.1 seconds
08:43:15 INFO  Executed sudo&lt;tedge_mapper&gt;, exit status 0
08:43:15 INFO  Waiting for 5.0 seconds
08:43:20 INFO  Executed sudo&lt;tedge_mapper&gt;, exit status 0
08:43:23 INFO  Executed sudo&lt;tedge_mapper_journal&gt;, exit status 0
08:43:23 WARN  Grep on tedge_mapper_journal.out contains &quot;ERROR&quot; ... failed [run.py:67]
08:43:23 INFO  Line count on file tedge_mapper_journal.out ... passed
08:43:23 WARN  Line count on tedge_mapper_journal.out for &quot;tedge_mapper::core::mapper: MQTT connection error:&quot; expected &gt;=2 but got 0 ... failed [run.py:78]
08:43:23 WARN  Aborted test due to FAILED outcome
08:43:23 INFO  
08:43:23 INFO  Test duration: 9.58 secs
08:43:23 INFO  Test final outcome:  FAILED
08:43:23 INFO  Test outcome reason: Line count on tedge_mapper_journal.out for &quot;tedge_mapper::core::mapper: MQTT connection error:&quot; expected &gt;=2 but got 0
08:43:23 INFO  
</system-out>
	</testcase>
</testsuite>
