<?xml version="1.0" encoding="utf-8"?>
<testsuite failures="1" name="log_request_error_messages" skipped="0" tests="1" time="58.56" timestamp="2022-05-24T15:35:17">
	<testcase classname="LogRequestVerifySearchTextError" name="log_request_error_messages">
		<failure message="BLOCKED: Exception: retry" type="BLOCKED"/>
		<system-out>15:34:19 INFO  ==============================================================
15:34:19 INFO  Id:    log_request_error_messages
15:34:19 INFO  Dir:   log_request_end_to_end/
15:34:19 INFO  Title: Validate end to end behaviour for the log request operation check for error messages
15:34:19 INFO  ==============================================================
15:34:20 INFO  EnvironmentC8y Setup
15:34:21 INFO  Executed systemctl&lt;serv_mapper1&gt;, exit status 3
15:34:21 INFO  Restarting mosquitto too frequently in the last 10 seconds. It was only up for 2 seconds
15:34:21 INFO  Delaying execution by 9 seconds
15:34:44 INFO  Executed sudo&lt;tedge_connect_c8y&gt;, exit status 0, duration 14 secs
15:34:44 INFO  Executed sudo&lt;tedge_connect_c8y_test&gt;, exit status 0
15:34:45 INFO  Executed systemctl&lt;serv_mosq2&gt;, exit status 0
15:34:45 INFO  Executed systemctl&lt;serv_mapper3&gt;, exit status 0
15:34:46 INFO  Executed sudo&lt;rm_logs&gt;, exit status 0
15:34:47 INFO  Executed sudo&lt;move_logs&gt;, exit status 0
15:34:48 INFO  log response None
15:34:48 WARN  retry, retrying in 1 seconds...
15:34:49 INFO  log response None
15:34:49 WARN  retry, retrying in 1 seconds...
15:34:50 INFO  log response None
15:34:50 WARN  retry, retrying in 1 seconds...
15:34:51 INFO  log response None
15:34:51 WARN  retry, retrying in 1 seconds...
15:34:52 INFO  log response None
15:34:52 WARN  retry, retrying in 1 seconds...
15:34:54 INFO  log response None
15:34:54 WARN  retry, retrying in 1 seconds...
15:34:55 INFO  log response None
15:34:55 WARN  retry, retrying in 1 seconds...
15:34:56 INFO  log response None
15:34:56 WARN  retry, retrying in 1 seconds...
15:34:58 INFO  log response None
15:34:58 WARN  retry, retrying in 1 seconds...
15:34:59 INFO  log response None
15:34:59 WARN  retry, retrying in 1 seconds...
15:35:00 INFO  log response None
15:35:00 WARN  retry, retrying in 1 seconds...
15:35:01 INFO  log response None
15:35:01 WARN  retry, retrying in 1 seconds...
15:35:02 INFO  log response None
15:35:02 WARN  retry, retrying in 1 seconds...
15:35:04 INFO  log response None
15:35:04 WARN  retry, retrying in 1 seconds...
15:35:05 INFO  log response None
15:35:05 WARN  retry, retrying in 1 seconds...
15:35:06 INFO  log response None
15:35:06 WARN  retry, retrying in 1 seconds...
15:35:07 INFO  log response None
15:35:07 WARN  retry, retrying in 1 seconds...
15:35:08 INFO  log response None
15:35:08 WARN  retry, retrying in 1 seconds...
15:35:10 INFO  log response None
15:35:10 WARN  retry, retrying in 1 seconds...
15:35:11 INFO  log response None
15:35:11 WARN  Exception occurred while running test - retry
Traceback (most recent call last):
  File &quot;/home/pi/env-pysys/lib/python3.7/site-packages/pysys/baserunner.py&quot;, line 1296, in __call__
    self.testObj.validate()
  File &quot;/home/pi/actions-runner/_work/thin-edge.io/thin-edge.io/tests/PySys/log_request_end_to_end/log_request_error_messages/run.py&quot;, line 43, in validate
    self.assertThat(&quot;True == value&quot;, value=self.wait_until_logs_retrieved())
  File &quot;/home/pi/env-pysys/lib/python3.7/site-packages/decorator.py&quot;, line 232, in fun
    return caller(func, *(extras + args), **kw)
  File &quot;/home/pi/env-pysys/lib/python3.7/site-packages/retry/api.py&quot;, line 74, in retry_decorator
    logger)
  File &quot;/home/pi/env-pysys/lib/python3.7/site-packages/retry/api.py&quot;, line 33, in __retry_internal
    return f()
  File &quot;/home/pi/actions-runner/_work/thin-edge.io/thin-edge.io/tests/PySys/log_request_end_to_end/log_request_error_messages/run.py&quot;, line 52, in wait_until_logs_retrieved
    raise Exception(&quot;retry&quot;)
Exception: retry
15:35:11 WARN  Exception: retry ... blocked 
15:35:11 INFO  
15:35:11 INFO  cleanup:
15:35:12 INFO  Executed sudo&lt;rm_logs&gt;, exit status 0
15:35:12 INFO  Executed sudo&lt;rm_tmp_logs&gt;, exit status 0
15:35:13 INFO  Executed sudo&lt;send_failed&gt;, exit status 0
15:35:17 INFO  Executed sudo&lt;tedge_disconnect_c8y&gt;, exit status 0
15:35:17 INFO  Executed systemctl&lt;serv_mapper5&gt;, exit status 3
15:35:17 INFO  
15:35:17 INFO  Test duration: 58.56 secs
15:35:17 INFO  Test final outcome:  BLOCKED
15:35:17 INFO  Test outcome reason: Exception: retry
15:35:17 INFO  
</system-out>
	</testcase>
</testsuite>
