<?xml version="1.0" encoding="utf-8"?>
<testsuite failures="0" name="SoftwareManagement.Plugin.apama_plugin_remove" skipped="1" tests="1" time="0.04" timestamp="2022-07-01T06:52:12">
	<testcase classname="ApamaPluginRemoveTest" name="SoftwareManagement.Plugin.apama_plugin_remove">
		<skipped message="SKIPPED: Apama plugin tests are disabled by default. Execute `pysys run` with `-XmyPlatform=container` to run these tests"/>
		<system-out>06:52:12 INFO  ==============================================================
06:52:12 INFO  Id:    SoftwareManagement.Plugin.apama_plugin_remove
06:52:12 INFO  Dir:   plugin_apama/
06:52:12 INFO  Title: Validate apama plugin remove
06:52:12 INFO  ==============================================================
06:52:12 INFO  Apama plugin tests are disabled by default. Execute `pysys run` with `-XmyPlatform=container` to run these tests ... skipped
06:52:12 WARN  Aborted test due to SKIPPED outcome
06:52:12 INFO  
06:52:12 INFO  Test duration: 0.04 secs
06:52:12 INFO  Test final outcome:  SKIPPED
06:52:12 INFO  Test outcome reason: Apama plugin tests are disabled by default. Execute `pysys run` with `-XmyPlatform=container` to run these tests
06:52:12 INFO  
</system-out>
	</testcase>
</testsuite>
