<?xml version="1.0" encoding="utf-8"?>
<testsuite failures="0" name="docker_plugin_install" skipped="1" tests="1" time="0.02" timestamp="2022-05-23T16:47:52">
	<testcase classname="DockerPluginInstallTest" name="docker_plugin_install">
		<skipped message="SKIPPED: Testing the docker plugin is not supported on this platform.To run it, all the test with -XmyPlatform='container'"/>
		<system-out>16:47:52 INFO  ==============================================================
16:47:52 INFO  Id:    docker_plugin_install
16:47:52 INFO  Dir:   plugin_docker/
16:47:52 INFO  Title: Validate docker plugin install
16:47:52 INFO  ==============================================================
16:47:52 INFO  Testing the docker plugin is not supported on this platform.To run it, all the test with -XmyPlatform='container' ... skipped
16:47:52 WARN  Aborted test due to SKIPPED outcome
16:47:52 INFO  
16:47:52 INFO  Test duration: 0.02 secs
16:47:52 INFO  Test final outcome:  SKIPPED
16:47:52 INFO  Test outcome reason: Testing the docker plugin is not supported on this platform.To run it, all the test with -XmyPlatform='container'
16:47:52 INFO  
</system-out>
	</testcase>
</testsuite>
