<?xml version="1.0" encoding="utf-8"?>
<testsuite failures="0" name="publish_flux" skipped="0" tests="1" time="73.06" timestamp="2022-07-18T15:52:08">
	<testcase classname="PublishFlux" name="publish_flux"/>
</testsuite>
