<?xml version="1.0" encoding="utf-8"?>
<testsuite failures="1" name="local_mqtt_pub_sub_with_sudo" skipped="0" tests="1" time="2.8" timestamp="2022-05-20T13:18:28">
	<testcase classname="PySysTest" name="local_mqtt_pub_sub_with_sudo">
		<failure message="FAILED: Grep on tedge_sub.out contains &quot;amessage&quot;" type="FAILED"/>
		<system-out>13:18:26 INFO  ==============================================================
13:18:26 INFO  Id:    local_mqtt_pub_sub_with_sudo
13:18:26 INFO  Dir:   local_mqtt/
13:18:26 INFO  Title: Validate local publishing and subscribing
13:18:26 INFO  ==============================================================
13:18:26 INFO  Started sudo&lt;tedge_sub&gt; with process id 24078
13:18:26 INFO  Executed sudo&lt;tedge_pub2&gt;, exit status 0
13:18:27 INFO  Executed sudo&lt;tedge_pub3&gt;, exit status 0
13:18:28 INFO  Executed sudo&lt;kill_out&gt;, exit status 0
13:18:28 WARN  Grep on tedge_sub.out contains &quot;amessage&quot; ... failed [run.py:61]
13:18:28 INFO  Grep on file tedge_sub.out ... passed
13:18:28 INFO  
13:18:28 INFO  Test duration: 2.80 secs
13:18:28 INFO  Test final outcome:  FAILED
13:18:28 INFO  Test outcome reason: Grep on tedge_sub.out contains &quot;amessage&quot;
13:18:28 INFO  
</system-out>
	</testcase>
</testsuite>
