<?xml version="1.0" encoding="utf-8"?>
<testsuite failures="0" name="agent_init_session" skipped="0" tests="1" time="5.95" timestamp="2022-07-25T13:43:16">
	<testcase classname="AgentInitSession" name="agent_init_session"/>
</testsuite>
