<?xml version="1.0" encoding="utf-8"?>
<testsuite failures="0" name="apt_prepare" skipped="1" tests="1" time="0.02" timestamp="2022-07-27T09:15:51">
	<testcase classname="AptPluginPrepare" name="apt_prepare">
		<skipped message="SKIPPED: Testing the apt plugin is not supported on this platform.To run the tests call PySys with -XmyPlatform='container'"/>
		<system-out>09:15:50 INFO  ==============================================================
09:15:50 INFO  Id:    apt_prepare
09:15:50 INFO  Dir:   plugin_apt/
09:15:50 INFO  Title: Validate apt plugin install - dense version
09:15:50 INFO  ==============================================================
09:15:50 INFO  Testing the apt plugin is not supported on this platform.To run the tests call PySys with -XmyPlatform='container' ... skipped
09:15:50 WARN  Aborted test due to SKIPPED outcome
09:15:50 INFO  
09:15:50 INFO  Test duration: 0.02 secs
09:15:50 INFO  Test final outcome:  SKIPPED
09:15:50 INFO  Test outcome reason: Testing the apt plugin is not supported on this platform.To run the tests call PySys with -XmyPlatform='container'
09:15:51 INFO  
</system-out>
	</testcase>
</testsuite>
