<?xml version="1.0" encoding="utf-8"?>
<testsuite failures="0" name="docker_plugin_install_with_version" skipped="1" tests="1" time="0.03" timestamp="2022-05-23T08:27:19">
	<testcase classname="DockerPluginInstallWithVersionTest" name="docker_plugin_install_with_version">
		<skipped message="SKIPPED: Testing the docker plugin is not supported on this platform.To run it, all the test with -XmyPlatform='container'"/>
		<system-out>08:27:18 INFO  ==============================================================
08:27:18 INFO  Id:    docker_plugin_install_with_version
08:27:18 INFO  Dir:   plugin_docker/
08:27:18 INFO  Title: Validate docker plugin install
08:27:18 INFO  ==============================================================
08:27:18 INFO  Testing the docker plugin is not supported on this platform.To run it, all the test with -XmyPlatform='container' ... skipped
08:27:18 WARN  Aborted test due to SKIPPED outcome
08:27:18 INFO  
08:27:18 INFO  Test duration: 0.03 secs
08:27:18 INFO  Test final outcome:  SKIPPED
08:27:18 INFO  Test outcome reason: Testing the docker plugin is not supported on this platform.To run it, all the test with -XmyPlatform='container'
08:27:18 INFO  
</system-out>
	</testcase>
</testsuite>
