<?xml version="1.0" encoding="utf-8"?>
<testsuite failures="0" name="publish_sawmill" skipped="0" tests="1" time="79.11" timestamp="2022-06-07T11:30:39">
	<testcase classname="PublishSawmill" name="publish_sawmill"/>
</testsuite>
