<?xml version="1.0" encoding="utf-8"?>
<testsuite failures="1" name="monitoring_smaller_interval" skipped="0" tests="1" time="15.35" timestamp="2022-05-24T15:37:56">
	<testcase classname="MonitoringSmallInterval" name="monitoring_smaller_interval">
		<failure message="BLOCKED: TypeError: 'int' object is not subscriptable" type="BLOCKED"/>
		<system-out>15:37:41 INFO  ==============================================================
15:37:41 INFO  Id:    monitoring_smaller_interval
15:37:41 INFO  Dir:   monitoring/
15:37:41 INFO  Title: Validate the tedge dm agent messages that are produced with smaller sampling interval than the batching window. Here the simulated collectd messages are used
15:37:41 INFO  ==============================================================
15:37:42 INFO  Executed sudo&lt;collectd&gt;, exit status 0
15:37:42 INFO  Executed sudo&lt;collectd_mapper&gt;, exit status 0
15:37:42 INFO  Started sudo&lt;tedge_sub&gt; with process id 2436
15:37:43 INFO  Executed sudo&lt;tedge_temp&gt;, exit status 0
15:37:44 INFO  Executed sudo&lt;tedge_pres&gt;, exit status 0
15:37:44 INFO  Executed sudo&lt;tedge_temp&gt;, exit status 0
15:37:45 INFO  Executed sudo&lt;tedge_pres&gt;, exit status 0
15:37:45 INFO  Executed sudo&lt;tedge_temp&gt;, exit status 0
15:37:46 INFO  Executed sudo&lt;tedge_pres&gt;, exit status 0
15:37:47 INFO  Executed sudo&lt;tedge_temp&gt;, exit status 0
15:37:47 INFO  Executed sudo&lt;tedge_pres&gt;, exit status 0
15:37:48 INFO  Executed sudo&lt;tedge_temp&gt;, exit status 0
15:37:48 INFO  Executed sudo&lt;tedge_pres&gt;, exit status 0
15:37:49 INFO  Executed sudo&lt;tedge_temp&gt;, exit status 0
15:37:50 INFO  Executed sudo&lt;tedge_pres&gt;, exit status 0
15:37:50 INFO  Executed sudo&lt;tedge_temp&gt;, exit status 0
15:37:51 INFO  Executed sudo&lt;tedge_pres&gt;, exit status 0
15:37:51 INFO  Executed sudo&lt;tedge_temp&gt;, exit status 0
15:37:52 INFO  Executed sudo&lt;tedge_pres&gt;, exit status 0
15:37:52 INFO  Executed sudo&lt;tedge_temp&gt;, exit status 0
15:37:53 INFO  Executed sudo&lt;tedge_pres&gt;, exit status 0
15:37:54 INFO  Executed sudo&lt;tedge_temp&gt;, exit status 0
15:37:54 INFO  Executed sudo&lt;tedge_pres&gt;, exit status 0
15:37:56 INFO  Executed sudo&lt;kill_out&gt;, exit status 0
15:37:56 INFO  0

15:37:56 WARN  TypeError occurred while running test - 'int' object is not subscriptable
Traceback (most recent call last):
  File &quot;/home/pi/env-pysys/lib/python3.7/site-packages/pysys/baserunner.py&quot;, line 1296, in __call__
    self.testObj.validate()
  File &quot;/home/pi/actions-runner/_work/thin-edge.io/thin-edge.io/tests/PySys/monitoring/monitoring_smaller_interval/run.py&quot;, line 104, in validate
    collectd_msg_validation_result=self.validate_json(),
  File &quot;/home/pi/actions-runner/_work/thin-edge.io/thin-edge.io/tests/PySys/monitoring/monitoring_smaller_interval/run.py&quot;, line 114, in validate_json
    if not self.validate_time():
  File &quot;/home/pi/actions-runner/_work/thin-edge.io/thin-edge.io/tests/PySys/monitoring/monitoring_smaller_interval/run.py&quot;, line 134, in validate_time
    if self.js_msg[&quot;time&quot;]:
TypeError: 'int' object is not subscriptable
15:37:56 WARN  TypeError: 'int' object is not subscriptable ... blocked 
15:37:56 INFO  
15:37:56 INFO  cleanup:
15:37:56 INFO  monitoring_cleanup
15:37:56 INFO  Executed sudo&lt;collectd_mapper&gt;, exit status 0
15:37:56 INFO  
15:37:56 INFO  Test duration: 15.35 secs
15:37:56 INFO  Test final outcome:  BLOCKED
15:37:56 INFO  Test outcome reason: TypeError: 'int' object is not subscriptable
15:37:56 INFO  
</system-out>
	</testcase>
</testsuite>
