<?xml version="1.0" encoding="utf-8"?>
<testsuite failures="0" name="SoftwareManagement.Plugin.apama_plugin_remove" skipped="1" tests="1" time="0.02" timestamp="2022-07-21T14:40:08">
	<testcase classname="ApamaPluginRemoveTest" name="SoftwareManagement.Plugin.apama_plugin_remove">
		<skipped message="SKIPPED: Apama plugin tests are disabled by default. Execute `pysys run` with `-XmyPlatform=container` to run these tests"/>
		<system-out>14:40:08 INFO  ==============================================================
14:40:08 INFO  Id:    SoftwareManagement.Plugin.apama_plugin_remove
14:40:08 INFO  Dir:   plugin_apama/
14:40:08 INFO  Title: Validate apama plugin remove
14:40:08 INFO  ==============================================================
14:40:08 INFO  Apama plugin tests are disabled by default. Execute `pysys run` with `-XmyPlatform=container` to run these tests ... skipped
14:40:08 WARN  Aborted test due to SKIPPED outcome
14:40:08 INFO  
14:40:08 INFO  Test duration: 0.02 secs
14:40:08 INFO  Test final outcome:  SKIPPED
14:40:08 INFO  Test outcome reason: Apama plugin tests are disabled by default. Execute `pysys run` with `-XmyPlatform=container` to run these tests
14:40:08 INFO  
</system-out>
	</testcase>
</testsuite>
