<?xml version="1.0" encoding="utf-8"?>
<testsuite failures="0" name="smoketest_json" skipped="0" tests="1" time="47.0" timestamp="2022-07-22T02:01:39">
	<testcase classname="SmokeTestJson" name="smoketest_json"/>
</testsuite>
