<?xml version="1.0" encoding="utf-8"?>
<testsuite failures="0" name="custom_init_system" skipped="0" tests="1" time="29.18" timestamp="2022-05-25T12:42:07">
	<testcase classname="CustomInitSystem" name="custom_init_system"/>
</testsuite>
