<?xml version="1.0" encoding="utf-8"?>
<testsuite failures="0" name="SoftwareManagement.sm_apt_install_download_path" skipped="1" tests="1" time="0.09" timestamp="2022-06-10T09:22:12">
	<testcase classname="AptInstallWithDownloadPath" name="SoftwareManagement.sm_apt_install_download_path">
		<skipped message="SKIPPED: Testing the apt plugin is not supported on this platform.Use parameter -XmyPlatform='container' to enable it"/>
		<system-out>09:22:12 INFO  ==============================================================
09:22:12 INFO  Id:    SoftwareManagement.sm_apt_install_download_path
09:22:12 INFO  Dir:   software_management_end_to_end/
09:22:12 INFO  Title: Install package to directory specified in tedge config set tmp.path
09:22:12 INFO  ==============================================================
09:22:12 INFO  Testing the apt plugin is not supported on this platform.Use parameter -XmyPlatform='container' to enable it ... skipped
09:22:12 WARN  Aborted test due to SKIPPED outcome
09:22:12 INFO  
09:22:12 INFO  Test duration: 0.09 secs
09:22:12 INFO  Test final outcome:  SKIPPED
09:22:12 INFO  Test outcome reason: Testing the apt plugin is not supported on this platform.Use parameter -XmyPlatform='container' to enable it
09:22:12 INFO  
</system-out>
	</testcase>
</testsuite>
