<?xml version="1.0" encoding="utf-8"?>
<testsuite failures="1" name="mapper_awaits_before_reconnect" skipped="0" tests="1" time="8.92" timestamp="2022-06-08T13:12:56">
	<testcase classname="MapperReconnectAwait" name="mapper_awaits_before_reconnect">
		<failure message="FAILED: Line count on tedge_mapper_journal.out for &quot;tedge_mapper::core::mapper: MQTT connection error:&quot; expected &gt;=2 but got 0" type="FAILED"/>
		<system-out>13:12:47 INFO  ==============================================================
13:12:47 INFO  Id:    mapper_awaits_before_reconnect
13:12:47 INFO  Dir:   tedge_mapper_c8y/
13:12:47 INFO  Title: Validate mapper doesn't reconnect too often
13:12:47 INFO  ==============================================================
13:12:47 INFO  Started mosquitto_sub with process id 22531
13:12:47 INFO  Waiting for 0.1 seconds
13:12:48 INFO  Executed sudo&lt;tedge_mapper&gt;, exit status 0
13:12:48 INFO  Waiting for 5.0 seconds
13:12:53 INFO  Executed sudo&lt;tedge_mapper&gt;, exit status 0
13:12:56 INFO  Executed sudo&lt;tedge_mapper_journal&gt;, exit status 0
13:12:56 WARN  Grep on tedge_mapper_journal.out contains &quot;ERROR&quot; ... failed [run.py:67]
13:12:56 INFO  Line count on file tedge_mapper_journal.out ... passed
13:12:56 WARN  Line count on tedge_mapper_journal.out for &quot;tedge_mapper::core::mapper: MQTT connection error:&quot; expected &gt;=2 but got 0 ... failed [run.py:78]
13:12:56 WARN  Aborted test due to FAILED outcome
13:12:56 INFO  
13:12:56 INFO  Test duration: 8.92 secs
13:12:56 INFO  Test final outcome:  FAILED
13:12:56 INFO  Test outcome reason: Line count on tedge_mapper_journal.out for &quot;tedge_mapper::core::mapper: MQTT connection error:&quot; expected &gt;=2 but got 0
13:12:56 INFO  
</system-out>
	</testcase>
</testsuite>
