<?xml version="1.0" encoding="utf-8"?>
<testsuite failures="0" name="SoftwareManagement.sm_apt_install_remove_multiple" skipped="1" tests="1" time="0.02" timestamp="2022-07-25T08:40:11">
	<testcase classname="PySysTest" name="SoftwareManagement.sm_apt_install_remove_multiple">
		<skipped message="SKIPPED: Testing the apt plugin is not supported on this platform.Use parameter -XmyPlatform='container' to enable it"/>
		<system-out>08:40:11 INFO  ==============================================================
08:40:11 INFO  Id:    SoftwareManagement.sm_apt_install_remove_multiple
08:40:11 INFO  Dir:   software_management_end_to_end/
08:40:11 INFO  Title: Validate end to end behaviour for the apt plugin for multiple packages
08:40:11 INFO  ==============================================================
08:40:11 INFO  Testing the apt plugin is not supported on this platform.Use parameter -XmyPlatform='container' to enable it ... skipped
08:40:11 WARN  Aborted test due to SKIPPED outcome
08:40:11 INFO  
08:40:11 INFO  Test duration: 0.02 secs
08:40:11 INFO  Test final outcome:  SKIPPED
08:40:11 INFO  Test outcome reason: Testing the apt plugin is not supported on this platform.Use parameter -XmyPlatform='container' to enable it
08:40:11 INFO  
</system-out>
	</testcase>
</testsuite>
