<?xml version="1.0" encoding="utf-8"?>
<testsuite failures="0" name="SoftwareManagement.sm_apt_install_download_path" skipped="1" tests="1" time="0.06" timestamp="2022-07-22T00:38:00">
	<testcase classname="AptInstallWithDownloadPath" name="SoftwareManagement.sm_apt_install_download_path">
		<skipped message="SKIPPED: Testing the apt plugin is not supported on this platform.Use parameter -XmyPlatform='container' to enable it"/>
		<system-out>00:38:00 INFO  ==============================================================
00:38:00 INFO  Id:    SoftwareManagement.sm_apt_install_download_path
00:38:00 INFO  Dir:   software_management_end_to_end/
00:38:00 INFO  Title: Install package to directory specified in tedge config set tmp.path
00:38:00 INFO  ==============================================================
00:38:00 INFO  Testing the apt plugin is not supported on this platform.Use parameter -XmyPlatform='container' to enable it ... skipped
00:38:00 WARN  Aborted test due to SKIPPED outcome
00:38:00 INFO  
00:38:00 INFO  Test duration: 0.06 secs
00:38:00 INFO  Test final outcome:  SKIPPED
00:38:00 INFO  Test outcome reason: Testing the apt plugin is not supported on this platform.Use parameter -XmyPlatform='container' to enable it
00:38:00 INFO  
</system-out>
	</testcase>
</testsuite>
