<?xml version="1.0" encoding="utf-8"?>
<testsuite failures="1" name="call_tedge_-h_-V" skipped="0" tests="1" time="0.73" timestamp="2022-05-25T12:53:10">
	<testcase classname="PySysTest" name="call_tedge_-h_-V">
		<failure message="FAILED: Grep on tedge.out contains &quot;tedge 0.6&quot;" type="FAILED"/>
		<system-out>12:53:09 INFO  ==============================================================
12:53:09 INFO  Id:    call_tedge_-h_-V
12:53:09 INFO  Dir:   tedge/
12:53:09 INFO  Title: Validate command line option -h -V
12:53:09 INFO  ==============================================================
12:53:10 INFO  Executed tedge, exit status 0
12:53:10 WARN  Grep on tedge.out contains &quot;tedge 0.6&quot; ... failed [run.py:32]
12:53:10 INFO  Grep on file tedge.out ... passed
12:53:10 INFO  
12:53:10 INFO  Test duration: 0.73 secs
12:53:10 INFO  Test final outcome:  FAILED
12:53:10 INFO  Test outcome reason: Grep on tedge.out contains &quot;tedge 0.6&quot;
12:53:10 INFO  
</system-out>
	</testcase>
</testsuite>
