<?xml version="1.0" encoding="utf-8"?>
<testsuite failures="0" name="SoftwareManagement.sm_apt_install_remove_multiple_mixed" skipped="1" tests="1" time="0.02" timestamp="2022-07-18T16:00:27">
	<testcase classname="PySysTest" name="SoftwareManagement.sm_apt_install_remove_multiple_mixed">
		<skipped message="SKIPPED: Testing the apt plugin is not supported on this platform.Use parameter -XmyPlatform='container' to enable it"/>
		<system-out>16:00:27 INFO  ==============================================================
16:00:27 INFO  Id:    SoftwareManagement.sm_apt_install_remove_multiple_mixed
16:00:27 INFO  Dir:   software_management_end_to_end/
16:00:27 INFO  Title: Validate end to end behaviour for the apt plugin for multiple packages with mixed versions
16:00:27 INFO  ==============================================================
16:00:27 INFO  Testing the apt plugin is not supported on this platform.Use parameter -XmyPlatform='container' to enable it ... skipped
16:00:27 WARN  Aborted test due to SKIPPED outcome
16:00:27 INFO  
16:00:27 INFO  Test duration: 0.02 secs
16:00:27 INFO  Test final outcome:  SKIPPED
16:00:27 INFO  Test outcome reason: Testing the apt plugin is not supported on this platform.Use parameter -XmyPlatform='container' to enable it
16:00:27 INFO  
</system-out>
	</testcase>
</testsuite>
