<?xml version="1.0" encoding="utf-8"?>
<testsuite failures="0" name="SoftwareManagement.Plugin.apama_plugin_update" skipped="1" tests="1" time="0.02" timestamp="2022-06-07T11:28:02">
	<testcase classname="ApamaPluginUpdateTest" name="SoftwareManagement.Plugin.apama_plugin_update">
		<skipped message="SKIPPED: Apama plugin tests are disabled by default. Execute `pysys run` with `-XmyPlatform=container` to run these tests"/>
		<system-out>11:28:02 INFO  ==============================================================
11:28:02 INFO  Id:    SoftwareManagement.Plugin.apama_plugin_update
11:28:02 INFO  Dir:   plugin_apama/
11:28:02 INFO  Title: Validate apama plugin updating one project with another
11:28:02 INFO  ==============================================================
11:28:02 INFO  Apama plugin tests are disabled by default. Execute `pysys run` with `-XmyPlatform=container` to run these tests ... skipped
11:28:02 WARN  Aborted test due to SKIPPED outcome
11:28:02 INFO  
11:28:02 INFO  Test duration: 0.02 secs
11:28:02 INFO  Test final outcome:  SKIPPED
11:28:02 INFO  Test outcome reason: Apama plugin tests are disabled by default. Execute `pysys run` with `-XmyPlatform=container` to run these tests
11:28:02 INFO  
</system-out>
	</testcase>
</testsuite>
