<?xml version="1.0" encoding="utf-8"?>
<testsuite failures="0" name="apt_fail_noarg" skipped="1" tests="1" time="0.05" timestamp="2022-07-18T15:50:50">
	<testcase classname="AptPluginFailNoArg" name="apt_fail_noarg">
		<skipped message="SKIPPED: Testing the apt plugin is not supported on this platform.To run the tests call PySys with -XmyPlatform='container'"/>
		<system-out>15:50:50 INFO  ==============================================================
15:50:50 INFO  Id:    apt_fail_noarg
15:50:50 INFO  Dir:   plugin_apt/
15:50:50 INFO  Title: Validate apt plugin fetures(prepare, list, install, remove finalize) without arguments
15:50:50 INFO  ==============================================================
15:50:50 INFO  Testing the apt plugin is not supported on this platform.To run the tests call PySys with -XmyPlatform='container' ... skipped
15:50:50 WARN  Aborted test due to SKIPPED outcome
15:50:50 INFO  
15:50:50 INFO  Test duration: 0.05 secs
15:50:50 INFO  Test final outcome:  SKIPPED
15:50:50 INFO  Test outcome reason: Testing the apt plugin is not supported on this platform.To run the tests call PySys with -XmyPlatform='container'
15:50:50 INFO  
</system-out>
	</testcase>
</testsuite>
