<?xml version="1.0" encoding="utf-8"?>
<testsuite failures="0" name="monitoring_with_collectd" skipped="1" tests="1" time="0.08" timestamp="2022-05-24T15:37:56">
	<testcase classname="MonitoringWithCollectd" name="monitoring_with_collectd">
		<skipped message="SKIPPED: Test execution disabled due to #792 (instable)"/>
		<system-out>15:37:56 INFO  ==============================================================
15:37:56 INFO  Id:    monitoring_with_collectd
15:37:56 INFO  Dir:   monitoring/
15:37:56 INFO  Title: Validate tedge dm agent messages that are produced by batching the collectd messages
15:37:56 INFO  ==============================================================
15:37:56 INFO  Test execution disabled due to #792 (instable) ... skipped
15:37:56 INFO  
15:37:56 INFO  Test duration: 0.08 secs
15:37:56 INFO  Test final outcome:  SKIPPED
15:37:56 INFO  Test outcome reason: Test execution disabled due to #792 (instable)
15:37:56 INFO  
</system-out>
	</testcase>
</testsuite>
