<?xml version="1.0" encoding="utf-8"?>
<testsuite failures="0" name="publish_flux" skipped="0" tests="1" time="72.27" timestamp="2022-07-22T01:59:33">
	<testcase classname="PublishFlux" name="publish_flux"/>
</testsuite>
