<?xml version="1.0" encoding="utf-8"?>
<testsuite failures="0" name="apt_install_local_file" skipped="1" tests="1" time="0.03" timestamp="2022-07-22T15:48:45">
	<testcase classname="AptPluginInstallFromLocalFile" name="apt_install_local_file">
		<skipped message="SKIPPED: Testing the apt plugin is not supported on this platform.To run the tests call PySys with -XmyPlatform='container'"/>
		<system-out>15:48:44 INFO  ==============================================================
15:48:44 INFO  Id:    apt_install_local_file
15:48:44 INFO  Dir:   plugin_apt/
15:48:44 INFO  Title: Validate apt plugin install from local file - SUCCESS case
15:48:44 INFO  ==============================================================
15:48:44 INFO  Testing the apt plugin is not supported on this platform.To run the tests call PySys with -XmyPlatform='container' ... skipped
15:48:44 WARN  Aborted test due to SKIPPED outcome
15:48:45 INFO  
15:48:45 INFO  Test duration: 0.03 secs
15:48:45 INFO  Test final outcome:  SKIPPED
15:48:45 INFO  Test outcome reason: Testing the apt plugin is not supported on this platform.To run the tests call PySys with -XmyPlatform='container'
15:48:45 INFO  
</system-out>
	</testcase>
</testsuite>
