<?xml version="1.0" encoding="utf-8"?>
<testsuite failures="0" name="docker_plugin_finalize" skipped="1" tests="1" time="0.05" timestamp="2022-06-10T13:01:32">
	<testcase classname="DockerPluginFinalizeTest" name="docker_plugin_finalize">
		<skipped message="SKIPPED: Testing the docker plugin is not supported on this platform.To run it, all the test with -XmyPlatform='container'"/>
		<system-out>13:01:32 INFO  ==============================================================
13:01:32 INFO  Id:    docker_plugin_finalize
13:01:32 INFO  Dir:   plugin_docker/
13:01:32 INFO  Title: Validate docker plugin finalize command
13:01:32 INFO  ==============================================================
13:01:32 INFO  Testing the docker plugin is not supported on this platform.To run it, all the test with -XmyPlatform='container' ... skipped
13:01:32 WARN  Aborted test due to SKIPPED outcome
13:01:32 INFO  
13:01:32 INFO  Test duration: 0.05 secs
13:01:32 INFO  Test final outcome:  SKIPPED
13:01:32 INFO  Test outcome reason: Testing the docker plugin is not supported on this platform.To run it, all the test with -XmyPlatform='container'
13:01:32 INFO  
</system-out>
	</testcase>
</testsuite>
