<?xml version="1.0" encoding="utf-8"?>
<testsuite failures="0" name="tedge_agent_user_sudo_access" skipped="1" tests="1" time="0.02" timestamp="2022-06-22T17:29:47">
	<testcase classname="TedgeAgentUserSudoAccess" name="tedge_agent_user_sudo_access">
		<skipped message="SKIPPED: #955 Observation: Exit code of the apt plugin when called with no arguments"/>
		<system-out>17:29:47 INFO  ==============================================================
17:29:47 INFO  Id:    tedge_agent_user_sudo_access
17:29:47 INFO  Dir:   tedge/
17:29:47 INFO  Title: Validate tedge-agent user has a limited sudo right
17:29:47 INFO  ==============================================================
17:29:47 INFO  #955 Observation: Exit code of the apt plugin when called with no arguments ... skipped
17:29:47 INFO  
17:29:47 INFO  Test duration: 0.02 secs
17:29:47 INFO  Test final outcome:  SKIPPED
17:29:47 INFO  Test outcome reason: #955 Observation: Exit code of the apt plugin when called with no arguments
17:29:47 INFO  
</system-out>
	</testcase>
</testsuite>
