<?xml version="1.0" encoding="utf-8"?>
<testsuite failures="1" name="log_request_error_messages" skipped="0" tests="1" time="59.93" timestamp="2022-05-23T16:45:02">
	<testcase classname="LogRequestVerifySearchTextError" name="log_request_error_messages">
		<failure message="BLOCKED: Exception: retry" type="BLOCKED"/>
		<system-out>16:44:02 INFO  ==============================================================
16:44:02 INFO  Id:    log_request_error_messages
16:44:02 INFO  Dir:   log_request_end_to_end/
16:44:02 INFO  Title: Validate end to end behaviour for the log request operation check for error messages
16:44:02 INFO  ==============================================================
16:44:03 INFO  EnvironmentC8y Setup
16:44:04 INFO  Executed systemctl&lt;serv_mapper1&gt;, exit status 3
16:44:04 INFO  Restarting mosquitto too frequently in the last 10 seconds. It was only up for 2 seconds
16:44:04 INFO  Delaying execution by 9 seconds
16:44:27 INFO  Executed sudo&lt;tedge_connect_c8y&gt;, exit status 0, duration 13 secs
16:44:28 INFO  Executed sudo&lt;tedge_connect_c8y_test&gt;, exit status 0
16:44:29 INFO  Executed systemctl&lt;serv_mosq2&gt;, exit status 0
16:44:29 INFO  Executed systemctl&lt;serv_mapper3&gt;, exit status 0
16:44:30 INFO  Executed sudo&lt;rm_logs&gt;, exit status 0
16:44:30 INFO  Executed sudo&lt;move_logs&gt;, exit status 0
16:44:31 INFO  log response None
16:44:31 WARN  retry, retrying in 1 seconds...
16:44:32 INFO  log response None
16:44:32 WARN  retry, retrying in 1 seconds...
16:44:33 INFO  log response None
16:44:33 WARN  retry, retrying in 1 seconds...
16:44:35 INFO  log response None
16:44:35 WARN  retry, retrying in 1 seconds...
16:44:37 INFO  log response None
16:44:37 WARN  retry, retrying in 1 seconds...
16:44:38 INFO  log response None
16:44:38 WARN  retry, retrying in 1 seconds...
16:44:39 INFO  log response None
16:44:39 WARN  retry, retrying in 1 seconds...
16:44:41 INFO  log response None
16:44:41 WARN  retry, retrying in 1 seconds...
16:44:42 INFO  log response None
16:44:42 WARN  retry, retrying in 1 seconds...
16:44:43 INFO  log response None
16:44:43 WARN  retry, retrying in 1 seconds...
16:44:44 INFO  log response None
16:44:44 WARN  retry, retrying in 1 seconds...
16:44:45 INFO  log response None
16:44:45 WARN  retry, retrying in 1 seconds...
16:44:47 INFO  log response None
16:44:47 WARN  retry, retrying in 1 seconds...
16:44:48 INFO  log response None
16:44:48 WARN  retry, retrying in 1 seconds...
16:44:49 INFO  log response None
16:44:49 WARN  retry, retrying in 1 seconds...
16:44:50 INFO  log response None
16:44:50 WARN  retry, retrying in 1 seconds...
16:44:51 INFO  log response None
16:44:51 WARN  retry, retrying in 1 seconds...
16:44:53 INFO  log response None
16:44:53 WARN  retry, retrying in 1 seconds...
16:44:54 INFO  log response None
16:44:54 WARN  retry, retrying in 1 seconds...
16:44:55 INFO  log response None
16:44:55 WARN  Exception occurred while running test - retry
Traceback (most recent call last):
  File &quot;/home/pi/env-pysys/lib/python3.7/site-packages/pysys/baserunner.py&quot;, line 1296, in __call__
    self.testObj.validate()
  File &quot;/home/pi/actions-runner/_work/thin-edge.io/thin-edge.io/tests/PySys/log_request_end_to_end/log_request_error_messages/run.py&quot;, line 43, in validate
    self.assertThat(&quot;True == value&quot;, value=self.wait_until_logs_retrieved())
  File &quot;/home/pi/env-pysys/lib/python3.7/site-packages/decorator.py&quot;, line 232, in fun
    return caller(func, *(extras + args), **kw)
  File &quot;/home/pi/env-pysys/lib/python3.7/site-packages/retry/api.py&quot;, line 74, in retry_decorator
    logger)
  File &quot;/home/pi/env-pysys/lib/python3.7/site-packages/retry/api.py&quot;, line 33, in __retry_internal
    return f()
  File &quot;/home/pi/actions-runner/_work/thin-edge.io/thin-edge.io/tests/PySys/log_request_end_to_end/log_request_error_messages/run.py&quot;, line 52, in wait_until_logs_retrieved
    raise Exception(&quot;retry&quot;)
Exception: retry
16:44:56 WARN  Exception: retry ... blocked 
16:44:56 INFO  
16:44:56 INFO  cleanup:
16:44:56 INFO  Executed sudo&lt;rm_logs&gt;, exit status 0
16:44:57 INFO  Executed sudo&lt;rm_tmp_logs&gt;, exit status 0
16:44:57 INFO  Executed sudo&lt;send_failed&gt;, exit status 0
16:45:01 INFO  Executed sudo&lt;tedge_disconnect_c8y&gt;, exit status 0
16:45:02 INFO  Executed systemctl&lt;serv_mapper5&gt;, exit status 3
16:45:02 INFO  
16:45:02 INFO  Test duration: 59.93 secs
16:45:02 INFO  Test final outcome:  BLOCKED
16:45:02 INFO  Test outcome reason: Exception: retry
16:45:02 INFO  
</system-out>
	</testcase>
</testsuite>
