<?xml version="1.0" encoding="utf-8"?>
<testsuite failures="1" name="agent_init_session" skipped="0" tests="1" time="5.89" timestamp="2022-06-22T14:04:27">
	<testcase classname="AgentInitSession" name="agent_init_session">
		<failure message="FAILED: Grep on sub_resp.out contains &quot;Ld3KgqpcLDlrYH6sfpG7w&quot;" type="FAILED"/>
		<system-out>14:04:21 INFO  ==============================================================
14:04:21 INFO  Id:    agent_init_session
14:04:21 INFO  Dir:   tedge_agent/
14:04:21 INFO  Title: Validate tedge agent init session feature
14:04:21 INFO  ==============================================================
14:04:21 INFO  Executed sudo&lt;remove_lock&gt;, exit status 0
14:04:22 INFO  Executed sudo&lt;agent_clear&gt;, exit status 0
14:04:22 INFO  Executed sudo&lt;agent_init&gt;, exit status 0
14:04:23 INFO  Executed sudo&lt;pub_req&gt;, exit status 0
14:04:23 INFO  Started sudo&lt;sub_resp&gt; with process id 13361
14:04:23 INFO  Executed sudo&lt;agent_start&gt;, exit status 0
14:04:23 INFO  Waiting for 2.0 seconds
14:04:26 INFO  Executed sudo&lt;agent_stop&gt;, exit status 0
14:04:27 INFO  Executed sudo&lt;sub_stop&gt;, exit status 0
14:04:27 WARN  Grep on sub_resp.out contains &quot;Ld3KgqpcLDlrYH6sfpG7w&quot; ... failed [run.py:87]
14:04:27 INFO  
14:04:27 INFO  Test duration: 5.89 secs
14:04:27 INFO  Test final outcome:  FAILED
14:04:27 INFO  Test outcome reason: Grep on sub_resp.out contains &quot;Ld3KgqpcLDlrYH6sfpG7w&quot;
14:04:27 INFO  
</system-out>
	</testcase>
</testsuite>
