<?xml version="1.0" encoding="utf-8"?>
<testsuite failures="1" name="monitoring_smaller_interval" skipped="0" tests="1" time="14.94" timestamp="2022-07-22T01:58:12">
	<testcase classname="MonitoringSmallInterval" name="monitoring_smaller_interval">
		<failure message="BLOCKED: TypeError: 'int' object is not subscriptable" type="BLOCKED"/>
		<system-out>01:57:57 INFO  ==============================================================
01:57:57 INFO  Id:    monitoring_smaller_interval
01:57:57 INFO  Dir:   monitoring/
01:57:57 INFO  Title: Validate the tedge dm agent messages that are produced with smaller sampling interval than the batching window. Here the simulated collectd messages are used
01:57:57 INFO  ==============================================================
01:57:57 INFO  Executed sudo&lt;collectd&gt;, exit status 0
01:57:58 INFO  Executed sudo&lt;collectd_mapper&gt;, exit status 0
01:57:58 INFO  Started sudo&lt;tedge_sub&gt; with process id 28656
01:57:59 INFO  Executed sudo&lt;tedge_temp&gt;, exit status 0
01:57:59 INFO  Executed sudo&lt;tedge_pres&gt;, exit status 0
01:58:00 INFO  Executed sudo&lt;tedge_temp&gt;, exit status 0
01:58:00 INFO  Executed sudo&lt;tedge_pres&gt;, exit status 0
01:58:01 INFO  Executed sudo&lt;tedge_temp&gt;, exit status 0
01:58:01 INFO  Executed sudo&lt;tedge_pres&gt;, exit status 0
01:58:02 INFO  Executed sudo&lt;tedge_temp&gt;, exit status 0
01:58:03 INFO  Executed sudo&lt;tedge_pres&gt;, exit status 0
01:58:03 INFO  Executed sudo&lt;tedge_temp&gt;, exit status 0
01:58:04 INFO  Executed sudo&lt;tedge_pres&gt;, exit status 0
01:58:04 INFO  Executed sudo&lt;tedge_temp&gt;, exit status 0
01:58:05 INFO  Executed sudo&lt;tedge_pres&gt;, exit status 0
01:58:05 INFO  Executed sudo&lt;tedge_temp&gt;, exit status 0
01:58:06 INFO  Executed sudo&lt;tedge_pres&gt;, exit status 0
01:58:07 INFO  Executed sudo&lt;tedge_temp&gt;, exit status 0
01:58:07 INFO  Executed sudo&lt;tedge_pres&gt;, exit status 0
01:58:08 INFO  Executed sudo&lt;tedge_temp&gt;, exit status 0
01:58:08 INFO  Executed sudo&lt;tedge_pres&gt;, exit status 0
01:58:09 INFO  Executed sudo&lt;tedge_temp&gt;, exit status 0
01:58:09 INFO  Executed sudo&lt;tedge_pres&gt;, exit status 0
01:58:11 INFO  Executed sudo&lt;kill_out&gt;, exit status 0
01:58:11 INFO  0

01:58:11 WARN  TypeError occurred while running test - 'int' object is not subscriptable
Traceback (most recent call last):
  File &quot;/home/pi/env-pysys/lib/python3.7/site-packages/pysys/baserunner.py&quot;, line 1296, in __call__
    self.testObj.validate()
  File &quot;/home/pi/actions-runner/_work/thin-edge.io/thin-edge.io/tests/PySys/monitoring/monitoring_smaller_interval/run.py&quot;, line 104, in validate
    collectd_msg_validation_result=self.validate_json(),
  File &quot;/home/pi/actions-runner/_work/thin-edge.io/thin-edge.io/tests/PySys/monitoring/monitoring_smaller_interval/run.py&quot;, line 114, in validate_json
    if not self.validate_time():
  File &quot;/home/pi/actions-runner/_work/thin-edge.io/thin-edge.io/tests/PySys/monitoring/monitoring_smaller_interval/run.py&quot;, line 134, in validate_time
    if self.js_msg[&quot;time&quot;]:
TypeError: 'int' object is not subscriptable
01:58:11 WARN  TypeError: 'int' object is not subscriptable ... blocked 
01:58:11 INFO  
01:58:11 INFO  cleanup:
01:58:11 INFO  monitoring_cleanup
01:58:12 INFO  Executed sudo&lt;collectd_mapper&gt;, exit status 0
01:58:12 INFO  
01:58:12 INFO  Test duration: 14.94 secs
01:58:12 INFO  Test final outcome:  BLOCKED
01:58:12 INFO  Test outcome reason: TypeError: 'int' object is not subscriptable
01:58:12 INFO  
</system-out>
	</testcase>
</testsuite>
