<?xml version="1.0" encoding="utf-8"?>
<testsuite failures="1" name="mapper_awaits_before_reconnect" skipped="0" tests="1" time="8.8" timestamp="2022-07-22T00:41:15">
	<testcase classname="MapperReconnectAwait" name="mapper_awaits_before_reconnect">
		<failure message="FAILED: Line count on tedge_mapper_journal.out for &quot;tedge_mapper::core::mapper: MQTT connection error:&quot; expected &gt;=2 but got 0" type="FAILED"/>
		<system-out>00:41:06 INFO  ==============================================================
00:41:06 INFO  Id:    mapper_awaits_before_reconnect
00:41:06 INFO  Dir:   tedge_mapper_c8y/
00:41:06 INFO  Title: Validate mapper doesn't reconnect too often
00:41:06 INFO  ==============================================================
00:41:06 INFO  Started mosquitto_sub with process id 6607
00:41:06 INFO  Waiting for 0.1 seconds
00:41:07 INFO  Executed sudo&lt;tedge_mapper&gt;, exit status 0
00:41:07 INFO  Waiting for 5.0 seconds
00:41:12 INFO  Executed sudo&lt;tedge_mapper&gt;, exit status 0
00:41:15 INFO  Executed sudo&lt;tedge_mapper_journal&gt;, exit status 0
00:41:15 WARN  Grep on tedge_mapper_journal.out contains &quot;ERROR&quot; ... failed [run.py:67]
00:41:15 INFO  Line count on file tedge_mapper_journal.out ... passed
00:41:15 WARN  Line count on tedge_mapper_journal.out for &quot;tedge_mapper::core::mapper: MQTT connection error:&quot; expected &gt;=2 but got 0 ... failed [run.py:78]
00:41:15 WARN  Aborted test due to FAILED outcome
00:41:15 INFO  
00:41:15 INFO  Test duration: 8.80 secs
00:41:15 INFO  Test final outcome:  FAILED
00:41:15 INFO  Test outcome reason: Line count on tedge_mapper_journal.out for &quot;tedge_mapper::core::mapper: MQTT connection error:&quot; expected &gt;=2 but got 0
00:41:15 INFO  
</system-out>
	</testcase>
</testsuite>
