<?xml version="1.0" encoding="utf-8"?>
<testsuite failures="1" name="monitoring_smaller_interval" skipped="0" tests="1" time="15.2" timestamp="2022-06-10T13:01:23">
	<testcase classname="MonitoringSmallInterval" name="monitoring_smaller_interval">
		<failure message="BLOCKED: TypeError: 'int' object is not subscriptable" type="BLOCKED"/>
		<system-out>13:01:08 INFO  ==============================================================
13:01:08 INFO  Id:    monitoring_smaller_interval
13:01:08 INFO  Dir:   monitoring/
13:01:08 INFO  Title: Validate the tedge dm agent messages that are produced with smaller sampling interval than the batching window. Here the simulated collectd messages are used
13:01:08 INFO  ==============================================================
13:01:08 INFO  Executed sudo&lt;collectd&gt;, exit status 0
13:01:09 INFO  Executed sudo&lt;collectd_mapper&gt;, exit status 0
13:01:09 INFO  Started sudo&lt;tedge_sub&gt; with process id 11854
13:01:10 INFO  Executed sudo&lt;tedge_temp&gt;, exit status 0
13:01:10 INFO  Executed sudo&lt;tedge_pres&gt;, exit status 0
13:01:11 INFO  Executed sudo&lt;tedge_temp&gt;, exit status 0
13:01:11 INFO  Executed sudo&lt;tedge_pres&gt;, exit status 0
13:01:12 INFO  Executed sudo&lt;tedge_temp&gt;, exit status 0
13:01:13 INFO  Executed sudo&lt;tedge_pres&gt;, exit status 0
13:01:13 INFO  Executed sudo&lt;tedge_temp&gt;, exit status 0
13:01:14 INFO  Executed sudo&lt;tedge_pres&gt;, exit status 0
13:01:14 INFO  Executed sudo&lt;tedge_temp&gt;, exit status 0
13:01:15 INFO  Executed sudo&lt;tedge_pres&gt;, exit status 0
13:01:15 INFO  Executed sudo&lt;tedge_temp&gt;, exit status 0
13:01:16 INFO  Executed sudo&lt;tedge_pres&gt;, exit status 0
13:01:17 INFO  Executed sudo&lt;tedge_temp&gt;, exit status 0
13:01:17 INFO  Executed sudo&lt;tedge_pres&gt;, exit status 0
13:01:18 INFO  Executed sudo&lt;tedge_temp&gt;, exit status 0
13:01:18 INFO  Executed sudo&lt;tedge_pres&gt;, exit status 0
13:01:19 INFO  Executed sudo&lt;tedge_temp&gt;, exit status 0
13:01:20 INFO  Executed sudo&lt;tedge_pres&gt;, exit status 0
13:01:20 INFO  Executed sudo&lt;tedge_temp&gt;, exit status 0
13:01:21 INFO  Executed sudo&lt;tedge_pres&gt;, exit status 0
13:01:22 INFO  Executed sudo&lt;kill_out&gt;, exit status 0
13:01:22 INFO  0

13:01:22 WARN  TypeError occurred while running test - 'int' object is not subscriptable
Traceback (most recent call last):
  File &quot;/home/pi/env-pysys/lib/python3.7/site-packages/pysys/baserunner.py&quot;, line 1296, in __call__
    self.testObj.validate()
  File &quot;/home/pi/actions-runner/_work/thin-edge.io/thin-edge.io/tests/PySys/monitoring/monitoring_smaller_interval/run.py&quot;, line 104, in validate
    collectd_msg_validation_result=self.validate_json(),
  File &quot;/home/pi/actions-runner/_work/thin-edge.io/thin-edge.io/tests/PySys/monitoring/monitoring_smaller_interval/run.py&quot;, line 114, in validate_json
    if not self.validate_time():
  File &quot;/home/pi/actions-runner/_work/thin-edge.io/thin-edge.io/tests/PySys/monitoring/monitoring_smaller_interval/run.py&quot;, line 134, in validate_time
    if self.js_msg[&quot;time&quot;]:
TypeError: 'int' object is not subscriptable
13:01:22 WARN  TypeError: 'int' object is not subscriptable ... blocked 
13:01:22 INFO  
13:01:22 INFO  cleanup:
13:01:22 INFO  monitoring_cleanup
13:01:23 INFO  Executed sudo&lt;collectd_mapper&gt;, exit status 0
13:01:23 INFO  
13:01:23 INFO  Test duration: 15.20 secs
13:01:23 INFO  Test final outcome:  BLOCKED
13:01:23 INFO  Test outcome reason: TypeError: 'int' object is not subscriptable
13:01:23 INFO  
</system-out>
	</testcase>
</testsuite>
