<?xml version="1.0" encoding="utf-8"?>
<testsuite failures="0" name="local_mqtt_pub_sub" skipped="0" tests="1" time="2.02" timestamp="2022-05-23T14:54:49">
	<testcase classname="PySysTest" name="local_mqtt_pub_sub"/>
</testsuite>
