<?xml version="1.0" encoding="utf-8"?>
<testsuite failures="0" name="smoketest_json" skipped="0" tests="1" time="64.6" timestamp="2022-06-22T15:53:01">
	<testcase classname="SmokeTestJson" name="smoketest_json"/>
</testsuite>
