<?xml version="1.0" encoding="utf-8"?>
<testsuite failures="0" name="smoketest_json_400_samples_10ms" skipped="0" tests="1" time="57.95" timestamp="2022-06-17T08:40:52">
	<testcase classname="SmoketestJson400Samples10ms" name="smoketest_json_400_samples_10ms"/>
</testsuite>
