<?xml version="1.0" encoding="utf-8"?>
<testsuite failures="0" name="docker_plugin_remove" skipped="1" tests="1" time="0.02" timestamp="2022-07-16T17:16:06">
	<testcase classname="DockerPluginRemoveTest" name="docker_plugin_remove">
		<skipped message="SKIPPED: Testing the docker plugin is not supported on this platform.To run it, all the test with -XmyPlatform='container'"/>
		<system-out>17:16:06 INFO  ==============================================================
17:16:06 INFO  Id:    docker_plugin_remove
17:16:06 INFO  Dir:   plugin_docker/
17:16:06 INFO  Title: Validate docker plugin remove
17:16:06 INFO  ==============================================================
17:16:06 INFO  Testing the docker plugin is not supported on this platform.To run it, all the test with -XmyPlatform='container' ... skipped
17:16:06 WARN  Aborted test due to SKIPPED outcome
17:16:06 INFO  
17:16:06 INFO  Test duration: 0.02 secs
17:16:06 INFO  Test final outcome:  SKIPPED
17:16:06 INFO  Test outcome reason: Testing the docker plugin is not supported on this platform.To run it, all the test with -XmyPlatform='container'
17:16:06 INFO  
</system-out>
	</testcase>
</testsuite>
