<?xml version="1.0" encoding="utf-8"?>
<testsuite failures="1" name="call_tedge_-h_-V" skipped="0" tests="1" time="0.9" timestamp="2022-07-21T20:05:17">
	<testcase classname="PySysTest" name="call_tedge_-h_-V">
		<failure message="FAILED: Grep on tedge.out contains &quot;tedge 0.6&quot;" type="FAILED"/>
		<system-out>20:05:16 INFO  ==============================================================
20:05:16 INFO  Id:    call_tedge_-h_-V
20:05:16 INFO  Dir:   tedge/
20:05:16 INFO  Title: Validate command line option -h -V
20:05:16 INFO  ==============================================================
20:05:17 INFO  Executed tedge, exit status 0
20:05:17 WARN  Grep on tedge.out contains &quot;tedge 0.6&quot; ... failed [run.py:32]
20:05:17 INFO  Grep on file tedge.out ... passed
20:05:17 INFO  
20:05:17 INFO  Test duration: 0.90 secs
20:05:17 INFO  Test final outcome:  FAILED
20:05:17 INFO  Test outcome reason: Grep on tedge.out contains &quot;tedge 0.6&quot;
20:05:17 INFO  
</system-out>
	</testcase>
</testsuite>
