<?xml version="1.0" encoding="utf-8"?>
<testsuite failures="0" name="tedge_mapper_az_negative" skipped="0" tests="1" time="2.4" timestamp="2022-07-19T13:51:36">
	<testcase classname="TedgeMapperAzError" name="tedge_mapper_az_negative"/>
</testsuite>
