<?xml version="1.0" encoding="utf-8"?>
<testsuite failures="1" name="c8y_jwt_token_retrieval" skipped="0" tests="1" time="22.32" timestamp="2022-07-21T21:23:40">
	<testcase classname="ValidateJWTTokenRetrieval" name="c8y_jwt_token_retrieval">
		<failure message="FAILED: Grep on resp_jwt.out contains &quot;\[c8y/s/dat\] 71,&quot;" type="FAILED"/>
		<system-out>21:23:18 INFO  ==============================================================
21:23:18 INFO  Id:    c8y_jwt_token_retrieval
21:23:18 INFO  Dir:   cloud_c8y/
21:23:18 INFO  Title: Validate the Cumulocity JWT Token Retrieval feature
21:23:18 INFO  ==============================================================
21:23:18 INFO  Executed sudo&lt;tedge_disconnect_c8y&gt;, exit status 0
21:23:33 INFO  Executed sudo&lt;tedge_connect_c8y&gt;, exit status 0, duration 14 secs
21:23:33 INFO  Started sudo&lt;resp_jwt&gt; with process id 14923
21:23:34 INFO  Executed sudo&lt;req_jwt&gt;, exit status 0
21:23:35 INFO  Executed sudo&lt;kill_out&gt;, exit status 0
21:23:35 WARN  Grep on resp_jwt.out contains &quot;\[c8y/s/dat\] 71,&quot; ... failed [run.py:60]
21:23:35 INFO  
21:23:35 INFO  cleanup:
21:23:40 INFO  Executed sudo&lt;tedge_disconnect_c8y&gt;, exit status 0
21:23:40 INFO  
21:23:40 INFO  Test duration: 22.32 secs
21:23:40 INFO  Test final outcome:  FAILED
21:23:40 INFO  Test outcome reason: Grep on resp_jwt.out contains &quot;\[c8y/s/dat\] 71,&quot;
21:23:40 INFO  
</system-out>
	</testcase>
</testsuite>
