<?xml version="1.0" encoding="utf-8"?>
<testsuite failures="0" name="apt_prepare" skipped="1" tests="1" time="0.02" timestamp="2022-06-29T11:54:30">
	<testcase classname="AptPluginPrepare" name="apt_prepare">
		<skipped message="SKIPPED: Testing the apt plugin is not supported on this platform.To run the tests call PySys with -XmyPlatform='container'"/>
		<system-out>11:54:30 INFO  ==============================================================
11:54:30 INFO  Id:    apt_prepare
11:54:30 INFO  Dir:   plugin_apt/
11:54:30 INFO  Title: Validate apt plugin install - dense version
11:54:30 INFO  ==============================================================
11:54:30 INFO  Testing the apt plugin is not supported on this platform.To run the tests call PySys with -XmyPlatform='container' ... skipped
11:54:30 WARN  Aborted test due to SKIPPED outcome
11:54:30 INFO  
11:54:30 INFO  Test duration: 0.02 secs
11:54:30 INFO  Test final outcome:  SKIPPED
11:54:30 INFO  Test outcome reason: Testing the apt plugin is not supported on this platform.To run the tests call PySys with -XmyPlatform='container'
11:54:30 INFO  
</system-out>
	</testcase>
</testsuite>
