<?xml version="1.0" encoding="utf-8"?>
<testsuite failures="1" name="agent_init_session" skipped="0" tests="1" time="5.92" timestamp="2022-06-20T16:47:59">
	<testcase classname="AgentInitSession" name="agent_init_session">
		<failure message="FAILED: Grep on sub_resp.out contains &quot;Ld3KgqpcLDlrYH6sfpG7w&quot;" type="FAILED"/>
		<system-out>16:47:53 INFO  ==============================================================
16:47:53 INFO  Id:    agent_init_session
16:47:53 INFO  Dir:   tedge_agent/
16:47:53 INFO  Title: Validate tedge agent init session feature
16:47:53 INFO  ==============================================================
16:47:53 INFO  Executed sudo&lt;remove_lock&gt;, exit status 0
16:47:54 INFO  Executed sudo&lt;agent_clear&gt;, exit status 0
16:47:54 INFO  Executed sudo&lt;agent_init&gt;, exit status 0
16:47:55 INFO  Executed sudo&lt;pub_req&gt;, exit status 0
16:47:55 INFO  Started sudo&lt;sub_resp&gt; with process id 12232
16:47:55 INFO  Executed sudo&lt;agent_start&gt;, exit status 0
16:47:55 INFO  Waiting for 2.0 seconds
16:47:58 INFO  Executed sudo&lt;agent_stop&gt;, exit status 0
16:47:59 INFO  Executed sudo&lt;sub_stop&gt;, exit status 0
16:47:59 WARN  Grep on sub_resp.out contains &quot;Ld3KgqpcLDlrYH6sfpG7w&quot; ... failed [run.py:87]
16:47:59 INFO  
16:47:59 INFO  Test duration: 5.92 secs
16:47:59 INFO  Test final outcome:  FAILED
16:47:59 INFO  Test outcome reason: Grep on sub_resp.out contains &quot;Ld3KgqpcLDlrYH6sfpG7w&quot;
16:47:59 INFO  
</system-out>
	</testcase>
</testsuite>
