<?xml version="1.0" encoding="utf-8"?>
<testsuite failures="1" name="agent_init_session" skipped="0" tests="1" time="5.87" timestamp="2022-07-22T14:28:53">
	<testcase classname="AgentInitSession" name="agent_init_session">
		<failure message="FAILED: Grep on sub_resp.out contains &quot;Ld3KgqpcLDlrYH6sfpG7w&quot;" type="FAILED"/>
		<system-out>14:28:48 INFO  ==============================================================
14:28:48 INFO  Id:    agent_init_session
14:28:48 INFO  Dir:   tedge_agent/
14:28:48 INFO  Title: Validate tedge agent init session feature
14:28:48 INFO  ==============================================================
14:28:48 INFO  Executed sudo&lt;remove_lock&gt;, exit status 0
14:28:49 INFO  Executed sudo&lt;agent_clear&gt;, exit status 0
14:28:49 INFO  Executed sudo&lt;agent_init&gt;, exit status 0
14:28:50 INFO  Executed sudo&lt;pub_req&gt;, exit status 0
14:28:50 INFO  Started sudo&lt;sub_resp&gt; with process id 2092
14:28:50 INFO  Executed sudo&lt;agent_start&gt;, exit status 0
14:28:50 INFO  Waiting for 2.0 seconds
14:28:53 INFO  Executed sudo&lt;agent_stop&gt;, exit status 0
14:28:53 INFO  Executed sudo&lt;sub_stop&gt;, exit status 0
14:28:53 WARN  Grep on sub_resp.out contains &quot;Ld3KgqpcLDlrYH6sfpG7w&quot; ... failed [run.py:87]
14:28:53 INFO  
14:28:53 INFO  Test duration: 5.87 secs
14:28:53 INFO  Test final outcome:  FAILED
14:28:53 INFO  Test outcome reason: Grep on sub_resp.out contains &quot;Ld3KgqpcLDlrYH6sfpG7w&quot;
14:28:53 INFO  
</system-out>
	</testcase>
</testsuite>
