<?xml version="1.0" encoding="utf-8"?>
<testsuite failures="0" name="apt_install_local_file" skipped="1" tests="1" time="0.02" timestamp="2022-06-22T09:43:31">
	<testcase classname="AptPluginInstallFromLocalFile" name="apt_install_local_file">
		<skipped message="SKIPPED: Testing the apt plugin is not supported on this platform.To run the tests call PySys with -XmyPlatform='container'"/>
		<system-out>09:43:31 INFO  ==============================================================
09:43:31 INFO  Id:    apt_install_local_file
09:43:31 INFO  Dir:   plugin_apt/
09:43:31 INFO  Title: Validate apt plugin install from local file - SUCCESS case
09:43:31 INFO  ==============================================================
09:43:31 INFO  Testing the apt plugin is not supported on this platform.To run the tests call PySys with -XmyPlatform='container' ... skipped
09:43:31 WARN  Aborted test due to SKIPPED outcome
09:43:31 INFO  
09:43:31 INFO  Test duration: 0.02 secs
09:43:31 INFO  Test final outcome:  SKIPPED
09:43:31 INFO  Test outcome reason: Testing the apt plugin is not supported on this platform.To run the tests call PySys with -XmyPlatform='container'
09:43:31 INFO  
</system-out>
	</testcase>
</testsuite>
