<?xml version="1.0" encoding="utf-8"?>
<testsuite failures="1" name="c8y_jwt_token_retrieval" skipped="0" tests="1" time="21.32" timestamp="2022-07-21T19:53:02">
	<testcase classname="ValidateJWTTokenRetrieval" name="c8y_jwt_token_retrieval">
		<failure message="FAILED: Grep on resp_jwt.out contains &quot;\[c8y/s/dat\] 71,&quot;" type="FAILED"/>
		<system-out>19:52:40 INFO  ==============================================================
19:52:40 INFO  Id:    c8y_jwt_token_retrieval
19:52:40 INFO  Dir:   cloud_c8y/
19:52:40 INFO  Title: Validate the Cumulocity JWT Token Retrieval feature
19:52:40 INFO  ==============================================================
19:52:41 INFO  Executed sudo&lt;tedge_disconnect_c8y&gt;, exit status 0
19:52:55 INFO  Executed sudo&lt;tedge_connect_c8y&gt;, exit status 0, duration 14 secs
19:52:55 INFO  Started sudo&lt;resp_jwt&gt; with process id 21419
19:52:56 INFO  Executed sudo&lt;req_jwt&gt;, exit status 0
19:52:57 INFO  Executed sudo&lt;kill_out&gt;, exit status 0
19:52:58 WARN  Grep on resp_jwt.out contains &quot;\[c8y/s/dat\] 71,&quot; ... failed [run.py:60]
19:52:58 INFO  
19:52:58 INFO  cleanup:
19:53:02 INFO  Executed sudo&lt;tedge_disconnect_c8y&gt;, exit status 0
19:53:02 INFO  
19:53:02 INFO  Test duration: 21.32 secs
19:53:02 INFO  Test final outcome:  FAILED
19:53:02 INFO  Test outcome reason: Grep on resp_jwt.out contains &quot;\[c8y/s/dat\] 71,&quot;
19:53:02 INFO  
</system-out>
	</testcase>
</testsuite>
