<?xml version="1.0" encoding="utf-8"?>
<testsuite failures="1" name="mapper_awaits_before_reconnect" skipped="0" tests="1" time="9.5" timestamp="2022-07-21T14:52:56">
	<testcase classname="MapperReconnectAwait" name="mapper_awaits_before_reconnect">
		<failure message="FAILED: Line count on tedge_mapper_journal.out for &quot;tedge_mapper::core::mapper: MQTT connection error:&quot; expected &gt;=2 but got 0" type="FAILED"/>
		<system-out>14:52:46 INFO  ==============================================================
14:52:46 INFO  Id:    mapper_awaits_before_reconnect
14:52:46 INFO  Dir:   tedge_mapper_c8y/
14:52:46 INFO  Title: Validate mapper doesn't reconnect too often
14:52:46 INFO  ==============================================================
14:52:46 INFO  Started mosquitto_sub with process id 5026
14:52:46 INFO  Waiting for 0.1 seconds
14:52:47 INFO  Executed sudo&lt;tedge_mapper&gt;, exit status 0
14:52:47 INFO  Waiting for 5.0 seconds
14:52:53 INFO  Executed sudo&lt;tedge_mapper&gt;, exit status 0
14:52:56 INFO  Executed sudo&lt;tedge_mapper_journal&gt;, exit status 0
14:52:56 WARN  Grep on tedge_mapper_journal.out contains &quot;ERROR&quot; ... failed [run.py:67]
14:52:56 INFO  Line count on file tedge_mapper_journal.out ... passed
14:52:56 WARN  Line count on tedge_mapper_journal.out for &quot;tedge_mapper::core::mapper: MQTT connection error:&quot; expected &gt;=2 but got 0 ... failed [run.py:78]
14:52:56 WARN  Aborted test due to FAILED outcome
14:52:56 INFO  
14:52:56 INFO  Test duration: 9.50 secs
14:52:56 INFO  Test final outcome:  FAILED
14:52:56 INFO  Test outcome reason: Line count on tedge_mapper_journal.out for &quot;tedge_mapper::core::mapper: MQTT connection error:&quot; expected &gt;=2 but got 0
14:52:56 INFO  
</system-out>
	</testcase>
</testsuite>
