<?xml version="1.0" encoding="utf-8"?>
<testsuite failures="1" name="log_request_num_lines" skipped="0" tests="1" time="55.35" timestamp="2022-05-24T10:41:52">
	<testcase classname="LogRequestVerifyNumberOfLines" name="log_request_num_lines">
		<failure message="BLOCKED: Exception: retry" type="BLOCKED"/>
		<system-out>10:40:56 INFO  ==============================================================
10:40:56 INFO  Id:    log_request_num_lines
10:40:56 INFO  Dir:   log_request_end_to_end/
10:40:56 INFO  Title: Validate end to end behaviour for the log request operation check for number of lines
10:40:56 INFO  ==============================================================
10:40:56 INFO  EnvironmentC8y Setup
10:40:57 INFO  Executed systemctl&lt;serv_mapper1&gt;, exit status 3
10:40:57 INFO  Restarting mosquitto too frequently in the last 10 seconds. It was only up for 4 seconds
10:40:57 INFO  Delaying execution by 7 seconds
10:41:19 INFO  Executed sudo&lt;tedge_connect_c8y&gt;, exit status 0, duration 15 secs
10:41:20 INFO  Executed sudo&lt;tedge_connect_c8y_test&gt;, exit status 0
10:41:20 INFO  Executed systemctl&lt;serv_mosq2&gt;, exit status 0
10:41:21 INFO  Executed systemctl&lt;serv_mapper3&gt;, exit status 0
10:41:21 INFO  Executed sudo&lt;rm_logs&gt;, exit status 0
10:41:22 INFO  Executed sudo&lt;move_logs&gt;, exit status 0
10:41:22 INFO  log response None
10:41:22 WARN  retry, retrying in 1 seconds...
10:41:23 INFO  log response None
10:41:23 WARN  retry, retrying in 1 seconds...
10:41:25 INFO  log response None
10:41:25 WARN  retry, retrying in 1 seconds...
10:41:26 INFO  log response None
10:41:26 WARN  retry, retrying in 1 seconds...
10:41:27 INFO  log response None
10:41:27 WARN  retry, retrying in 1 seconds...
10:41:28 INFO  log response None
10:41:28 WARN  retry, retrying in 1 seconds...
10:41:29 INFO  log response None
10:41:29 WARN  retry, retrying in 1 seconds...
10:41:31 INFO  log response None
10:41:31 WARN  retry, retrying in 1 seconds...
10:41:32 INFO  log response None
10:41:32 WARN  retry, retrying in 1 seconds...
10:41:33 INFO  log response None
10:41:33 WARN  retry, retrying in 1 seconds...
10:41:34 INFO  log response None
10:41:34 WARN  retry, retrying in 1 seconds...
10:41:35 INFO  log response None
10:41:35 WARN  retry, retrying in 1 seconds...
10:41:37 INFO  log response None
10:41:37 WARN  retry, retrying in 1 seconds...
10:41:38 INFO  log response None
10:41:38 WARN  retry, retrying in 1 seconds...
10:41:39 INFO  log response None
10:41:39 WARN  retry, retrying in 1 seconds...
10:41:40 INFO  log response None
10:41:40 WARN  retry, retrying in 1 seconds...
10:41:42 INFO  log response None
10:41:42 WARN  retry, retrying in 1 seconds...
10:41:43 INFO  log response None
10:41:43 WARN  retry, retrying in 1 seconds...
10:41:44 INFO  log response None
10:41:44 WARN  retry, retrying in 1 seconds...
10:41:45 INFO  log response None
10:41:45 WARN  Exception occurred while running test - retry
Traceback (most recent call last):
  File &quot;/home/pi/env-pysys/lib/python3.7/site-packages/pysys/baserunner.py&quot;, line 1296, in __call__
    self.testObj.validate()
  File &quot;/home/pi/actions-runner/_work/thin-edge.io/thin-edge.io/tests/PySys/log_request_end_to_end/log_request_num_lines/run.py&quot;, line 44, in validate
    self.assertThat(&quot;True == value&quot;, value=self.wait_until_logs_retrieved())
  File &quot;/home/pi/env-pysys/lib/python3.7/site-packages/decorator.py&quot;, line 232, in fun
    return caller(func, *(extras + args), **kw)
  File &quot;/home/pi/env-pysys/lib/python3.7/site-packages/retry/api.py&quot;, line 74, in retry_decorator
    logger)
  File &quot;/home/pi/env-pysys/lib/python3.7/site-packages/retry/api.py&quot;, line 33, in __retry_internal
    return f()
  File &quot;/home/pi/actions-runner/_work/thin-edge.io/thin-edge.io/tests/PySys/log_request_end_to_end/log_request_num_lines/run.py&quot;, line 52, in wait_until_logs_retrieved
    raise Exception(&quot;retry&quot;)
Exception: retry
10:41:45 WARN  Exception: retry ... blocked 
10:41:45 INFO  
10:41:45 INFO  cleanup:
10:41:46 INFO  Executed sudo&lt;rm_logs&gt;, exit status 0
10:41:46 INFO  Executed sudo&lt;rm_tmp_logs&gt;, exit status 0
10:41:47 INFO  Executed sudo&lt;send_failed&gt;, exit status 0
10:41:51 INFO  Executed sudo&lt;tedge_disconnect_c8y&gt;, exit status 0
10:41:52 INFO  Executed systemctl&lt;serv_mapper5&gt;, exit status 3
10:41:52 INFO  
10:41:52 INFO  Test duration: 55.35 secs
10:41:52 INFO  Test final outcome:  BLOCKED
10:41:52 INFO  Test outcome reason: Exception: retry
10:41:52 INFO  
</system-out>
	</testcase>
</testsuite>
