<?xml version="1.0" encoding="utf-8"?>
<testsuite failures="1" name="c8y_jwt_token_retrieval" skipped="0" tests="1" time="22.33" timestamp="2022-07-01T06:49:18">
	<testcase classname="ValidateJWTTokenRetrieval" name="c8y_jwt_token_retrieval">
		<failure message="FAILED: Grep on resp_jwt.out contains &quot;\[c8y/s/dat\] 71,&quot;" type="FAILED"/>
		<system-out>06:48:55 INFO  ==============================================================
06:48:55 INFO  Id:    c8y_jwt_token_retrieval
06:48:55 INFO  Dir:   cloud_c8y/
06:48:55 INFO  Title: Validate the Cumulocity JWT Token Retrieval feature
06:48:55 INFO  ==============================================================
06:48:56 INFO  Executed sudo&lt;tedge_disconnect_c8y&gt;, exit status 0
06:49:11 INFO  Executed sudo&lt;tedge_connect_c8y&gt;, exit status 0, duration 14 secs
06:49:11 INFO  Started sudo&lt;resp_jwt&gt; with process id 23086
06:49:12 INFO  Executed sudo&lt;req_jwt&gt;, exit status 0
06:49:13 INFO  Executed sudo&lt;kill_out&gt;, exit status 0
06:49:14 WARN  Grep on resp_jwt.out contains &quot;\[c8y/s/dat\] 71,&quot; ... failed [run.py:60]
06:49:14 INFO  
06:49:14 INFO  cleanup:
06:49:18 INFO  Executed sudo&lt;tedge_disconnect_c8y&gt;, exit status 0
06:49:18 INFO  
06:49:18 INFO  Test duration: 22.33 secs
06:49:18 INFO  Test final outcome:  FAILED
06:49:18 INFO  Test outcome reason: Grep on resp_jwt.out contains &quot;\[c8y/s/dat\] 71,&quot;
06:49:18 INFO  
</system-out>
	</testcase>
</testsuite>
