<?xml version="1.0" encoding="utf-8"?>
<testsuite failures="0" name="apt_install_local_file_with_version" skipped="1" tests="1" time="0.03" timestamp="2022-07-21T22:56:16">
	<testcase classname="AptPluginInstallFromLocalFileWithVersion" name="apt_install_local_file_with_version">
		<skipped message="SKIPPED: Testing the apt plugin is not supported on this platform.To run the tests call PySys with -XmyPlatform='container'"/>
		<system-out>22:56:16 INFO  ==============================================================
22:56:16 INFO  Id:    apt_install_local_file_with_version
22:56:16 INFO  Dir:   plugin_apt/
22:56:16 INFO  Title: Validate apt plugin install from local file AND with a version - SUCCESS case
22:56:16 INFO  ==============================================================
22:56:16 INFO  Testing the apt plugin is not supported on this platform.To run the tests call PySys with -XmyPlatform='container' ... skipped
22:56:16 WARN  Aborted test due to SKIPPED outcome
22:56:16 INFO  
22:56:16 INFO  Test duration: 0.03 secs
22:56:16 INFO  Test final outcome:  SKIPPED
22:56:16 INFO  Test outcome reason: Testing the apt plugin is not supported on this platform.To run the tests call PySys with -XmyPlatform='container'
22:56:16 INFO  
</system-out>
	</testcase>
</testsuite>
