<?xml version="1.0" encoding="utf-8"?>
<testsuite failures="1" name="mapper_awaits_before_reconnect" skipped="0" tests="1" time="8.72" timestamp="2022-05-24T10:56:36">
	<testcase classname="MapperReconnectAwait" name="mapper_awaits_before_reconnect">
		<failure message="FAILED: Line count on tedge_mapper_journal.out for &quot;tedge_mapper::core::mapper: MQTT connection error:&quot; expected &gt;=2 but got 0" type="FAILED"/>
		<system-out>10:56:27 INFO  ==============================================================
10:56:27 INFO  Id:    mapper_awaits_before_reconnect
10:56:27 INFO  Dir:   tedge_mapper_c8y/
10:56:27 INFO  Title: Validate mapper doesn't reconnect too often
10:56:27 INFO  ==============================================================
10:56:27 INFO  Started mosquitto_sub with process id 19005
10:56:27 INFO  Waiting for 0.1 seconds
10:56:28 INFO  Executed sudo&lt;tedge_mapper&gt;, exit status 0
10:56:28 INFO  Waiting for 5.0 seconds
10:56:33 INFO  Executed sudo&lt;tedge_mapper&gt;, exit status 0
10:56:35 INFO  Executed sudo&lt;tedge_mapper_journal&gt;, exit status 0
10:56:36 WARN  Grep on tedge_mapper_journal.out contains &quot;ERROR&quot; ... failed [run.py:67]
10:56:36 INFO  Line count on file tedge_mapper_journal.out ... passed
10:56:36 WARN  Line count on tedge_mapper_journal.out for &quot;tedge_mapper::core::mapper: MQTT connection error:&quot; expected &gt;=2 but got 0 ... failed [run.py:78]
10:56:36 WARN  Aborted test due to FAILED outcome
10:56:36 INFO  
10:56:36 INFO  Test duration: 8.72 secs
10:56:36 INFO  Test final outcome:  FAILED
10:56:36 INFO  Test outcome reason: Line count on tedge_mapper_journal.out for &quot;tedge_mapper::core::mapper: MQTT connection error:&quot; expected &gt;=2 but got 0
10:56:36 INFO  
</system-out>
	</testcase>
</testsuite>
