<?xml version="1.0" encoding="utf-8"?>
<testsuite failures="0" name="smoketest_json" skipped="0" tests="1" time="45.24" timestamp="2022-05-23T19:11:09">
	<testcase classname="SmokeTestJson" name="smoketest_json"/>
</testsuite>
