<?xml version="1.0" encoding="utf-8"?>
<testsuite failures="1" name="monitoring_smaller_interval" skipped="0" tests="1" time="14.94" timestamp="2022-05-25T12:43:23">
	<testcase classname="MonitoringSmallInterval" name="monitoring_smaller_interval">
		<failure message="BLOCKED: TypeError: 'int' object is not subscriptable" type="BLOCKED"/>
		<system-out>12:43:08 INFO  ==============================================================
12:43:08 INFO  Id:    monitoring_smaller_interval
12:43:08 INFO  Dir:   monitoring/
12:43:08 INFO  Title: Validate the tedge dm agent messages that are produced with smaller sampling interval than the batching window. Here the simulated collectd messages are used
12:43:08 INFO  ==============================================================
12:43:09 INFO  Executed sudo&lt;collectd&gt;, exit status 0
12:43:10 INFO  Executed sudo&lt;collectd_mapper&gt;, exit status 0
12:43:10 INFO  Started sudo&lt;tedge_sub&gt; with process id 11764
12:43:10 INFO  Executed sudo&lt;tedge_temp&gt;, exit status 0
12:43:11 INFO  Executed sudo&lt;tedge_pres&gt;, exit status 0
12:43:11 INFO  Executed sudo&lt;tedge_temp&gt;, exit status 0
12:43:12 INFO  Executed sudo&lt;tedge_pres&gt;, exit status 0
12:43:12 INFO  Executed sudo&lt;tedge_temp&gt;, exit status 0
12:43:13 INFO  Executed sudo&lt;tedge_pres&gt;, exit status 0
12:43:14 INFO  Executed sudo&lt;tedge_temp&gt;, exit status 0
12:43:14 INFO  Executed sudo&lt;tedge_pres&gt;, exit status 0
12:43:15 INFO  Executed sudo&lt;tedge_temp&gt;, exit status 0
12:43:15 INFO  Executed sudo&lt;tedge_pres&gt;, exit status 0
12:43:16 INFO  Executed sudo&lt;tedge_temp&gt;, exit status 0
12:43:16 INFO  Executed sudo&lt;tedge_pres&gt;, exit status 0
12:43:17 INFO  Executed sudo&lt;tedge_temp&gt;, exit status 0
12:43:18 INFO  Executed sudo&lt;tedge_pres&gt;, exit status 0
12:43:18 INFO  Executed sudo&lt;tedge_temp&gt;, exit status 0
12:43:19 INFO  Executed sudo&lt;tedge_pres&gt;, exit status 0
12:43:19 INFO  Executed sudo&lt;tedge_temp&gt;, exit status 0
12:43:20 INFO  Executed sudo&lt;tedge_pres&gt;, exit status 0
12:43:20 INFO  Executed sudo&lt;tedge_temp&gt;, exit status 0
12:43:21 INFO  Executed sudo&lt;tedge_pres&gt;, exit status 0
12:43:23 INFO  Executed sudo&lt;kill_out&gt;, exit status 0
12:43:23 INFO  0

12:43:23 WARN  TypeError occurred while running test - 'int' object is not subscriptable
Traceback (most recent call last):
  File &quot;/home/pi/env-pysys/lib/python3.7/site-packages/pysys/baserunner.py&quot;, line 1296, in __call__
    self.testObj.validate()
  File &quot;/home/pi/actions-runner/_work/thin-edge.io/thin-edge.io/tests/PySys/monitoring/monitoring_smaller_interval/run.py&quot;, line 104, in validate
    collectd_msg_validation_result=self.validate_json(),
  File &quot;/home/pi/actions-runner/_work/thin-edge.io/thin-edge.io/tests/PySys/monitoring/monitoring_smaller_interval/run.py&quot;, line 114, in validate_json
    if not self.validate_time():
  File &quot;/home/pi/actions-runner/_work/thin-edge.io/thin-edge.io/tests/PySys/monitoring/monitoring_smaller_interval/run.py&quot;, line 134, in validate_time
    if self.js_msg[&quot;time&quot;]:
TypeError: 'int' object is not subscriptable
12:43:23 WARN  TypeError: 'int' object is not subscriptable ... blocked 
12:43:23 INFO  
12:43:23 INFO  cleanup:
12:43:23 INFO  monitoring_cleanup
12:43:23 INFO  Executed sudo&lt;collectd_mapper&gt;, exit status 0
12:43:23 INFO  
12:43:23 INFO  Test duration: 14.94 secs
12:43:23 INFO  Test final outcome:  BLOCKED
12:43:23 INFO  Test outcome reason: TypeError: 'int' object is not subscriptable
12:43:23 INFO  
</system-out>
	</testcase>
</testsuite>
