<?xml version="1.0" encoding="utf-8"?>
<testsuite failures="0" name="c8y_restart_bridge" skipped="0" tests="1" time="22.85" timestamp="2022-05-23T15:09:45">
	<testcase classname="RestartBridge" name="c8y_restart_bridge"/>
</testsuite>
