<?xml version="1.0" encoding="utf-8"?>
<testsuite failures="0" name="SoftwareManagement.sm_apt_install_remove_with_version" skipped="1" tests="1" time="0.02" timestamp="2022-07-21T14:49:44">
	<testcase classname="PySysTest" name="SoftwareManagement.sm_apt_install_remove_with_version">
		<skipped message="SKIPPED: Testing the apt plugin is not supported on this platform.Use parameter -XmyPlatform='container' to enable it"/>
		<system-out>14:49:43 INFO  ==============================================================
14:49:43 INFO  Id:    SoftwareManagement.sm_apt_install_remove_with_version
14:49:43 INFO  Dir:   software_management_end_to_end/
14:49:43 INFO  Title: Validate end to end behaviour for the apt plugin for packages with version
14:49:43 INFO  ==============================================================
14:49:44 INFO  Testing the apt plugin is not supported on this platform.Use parameter -XmyPlatform='container' to enable it ... skipped
14:49:44 WARN  Aborted test due to SKIPPED outcome
14:49:44 INFO  
14:49:44 INFO  Test duration: 0.02 secs
14:49:44 INFO  Test final outcome:  SKIPPED
14:49:44 INFO  Test outcome reason: Testing the apt plugin is not supported on this platform.Use parameter -XmyPlatform='container' to enable it
14:49:44 INFO  
</system-out>
	</testcase>
</testsuite>
