<?xml version="1.0" encoding="utf-8"?>
<testsuite failures="0" name="docker_plugin_remove" skipped="1" tests="1" time="0.02" timestamp="2022-06-09T16:33:09">
	<testcase classname="DockerPluginRemoveTest" name="docker_plugin_remove">
		<skipped message="SKIPPED: Testing the docker plugin is not supported on this platform.To run it, all the test with -XmyPlatform='container'"/>
		<system-out>16:33:09 INFO  ==============================================================
16:33:09 INFO  Id:    docker_plugin_remove
16:33:09 INFO  Dir:   plugin_docker/
16:33:09 INFO  Title: Validate docker plugin remove
16:33:09 INFO  ==============================================================
16:33:09 INFO  Testing the docker plugin is not supported on this platform.To run it, all the test with -XmyPlatform='container' ... skipped
16:33:09 WARN  Aborted test due to SKIPPED outcome
16:33:09 INFO  
16:33:09 INFO  Test duration: 0.02 secs
16:33:09 INFO  Test final outcome:  SKIPPED
16:33:09 INFO  Test outcome reason: Testing the docker plugin is not supported on this platform.To run it, all the test with -XmyPlatform='container'
16:33:09 INFO  
</system-out>
	</testcase>
</testsuite>
