<?xml version="1.0" encoding="utf-8"?>
<testsuite failures="0" name="tedge_agent_user_sudo_access" skipped="1" tests="1" time="0.02" timestamp="2022-06-22T18:57:18">
	<testcase classname="TedgeAgentUserSudoAccess" name="tedge_agent_user_sudo_access">
		<skipped message="SKIPPED: #955 Observation: Exit code of the apt plugin when called with no arguments"/>
		<system-out>18:57:18 INFO  ==============================================================
18:57:18 INFO  Id:    tedge_agent_user_sudo_access
18:57:18 INFO  Dir:   tedge/
18:57:18 INFO  Title: Validate tedge-agent user has a limited sudo right
18:57:18 INFO  ==============================================================
18:57:18 INFO  #955 Observation: Exit code of the apt plugin when called with no arguments ... skipped
18:57:18 INFO  
18:57:18 INFO  Test duration: 0.02 secs
18:57:18 INFO  Test final outcome:  SKIPPED
18:57:18 INFO  Test outcome reason: #955 Observation: Exit code of the apt plugin when called with no arguments
18:57:18 INFO  
</system-out>
	</testcase>
</testsuite>
