<?xml version="1.0" encoding="utf-8"?>
<testsuite failures="1" name="mapper_awaits_before_reconnect" skipped="0" tests="1" time="9.47" timestamp="2022-07-20T10:58:07">
	<testcase classname="MapperReconnectAwait" name="mapper_awaits_before_reconnect">
		<failure message="FAILED: Line count on tedge_mapper_journal.out for &quot;tedge_mapper::core::mapper: MQTT connection error:&quot; expected &gt;=2 but got 0" type="FAILED"/>
		<system-out>10:57:57 INFO  ==============================================================
10:57:57 INFO  Id:    mapper_awaits_before_reconnect
10:57:57 INFO  Dir:   tedge_mapper_c8y/
10:57:57 INFO  Title: Validate mapper doesn't reconnect too often
10:57:57 INFO  ==============================================================
10:57:57 INFO  Started mosquitto_sub with process id 22959
10:57:57 INFO  Waiting for 0.1 seconds
10:57:58 INFO  Executed sudo&lt;tedge_mapper&gt;, exit status 0
10:57:58 INFO  Waiting for 5.0 seconds
10:58:03 INFO  Executed sudo&lt;tedge_mapper&gt;, exit status 0
10:58:07 INFO  Executed sudo&lt;tedge_mapper_journal&gt;, exit status 0
10:58:07 WARN  Grep on tedge_mapper_journal.out contains &quot;ERROR&quot; ... failed [run.py:67]
10:58:07 INFO  Line count on file tedge_mapper_journal.out ... passed
10:58:07 WARN  Line count on tedge_mapper_journal.out for &quot;tedge_mapper::core::mapper: MQTT connection error:&quot; expected &gt;=2 but got 0 ... failed [run.py:78]
10:58:07 WARN  Aborted test due to FAILED outcome
10:58:07 INFO  
10:58:07 INFO  Test duration: 9.47 secs
10:58:07 INFO  Test final outcome:  FAILED
10:58:07 INFO  Test outcome reason: Line count on tedge_mapper_journal.out for &quot;tedge_mapper::core::mapper: MQTT connection error:&quot; expected &gt;=2 but got 0
10:58:07 INFO  
</system-out>
	</testcase>
</testsuite>
