<?xml version="1.0" encoding="utf-8"?>
<testsuite failures="0" name="SoftwareManagement.sm_apt_install_download_path" skipped="1" tests="1" time="0.08" timestamp="2022-07-16T11:40:21">
	<testcase classname="AptInstallWithDownloadPath" name="SoftwareManagement.sm_apt_install_download_path">
		<skipped message="SKIPPED: Testing the apt plugin is not supported on this platform.Use parameter -XmyPlatform='container' to enable it"/>
		<system-out>11:40:21 INFO  ==============================================================
11:40:21 INFO  Id:    SoftwareManagement.sm_apt_install_download_path
11:40:21 INFO  Dir:   software_management_end_to_end/
11:40:21 INFO  Title: Install package to directory specified in tedge config set tmp.path
11:40:21 INFO  ==============================================================
11:40:21 INFO  Testing the apt plugin is not supported on this platform.Use parameter -XmyPlatform='container' to enable it ... skipped
11:40:21 WARN  Aborted test due to SKIPPED outcome
11:40:21 INFO  
11:40:21 INFO  Test duration: 0.08 secs
11:40:21 INFO  Test final outcome:  SKIPPED
11:40:21 INFO  Test outcome reason: Testing the apt plugin is not supported on this platform.Use parameter -XmyPlatform='container' to enable it
11:40:21 INFO  
</system-out>
	</testcase>
</testsuite>
