<?xml version="1.0" encoding="utf-8"?>
<testsuite failures="0" name="publish_flux" skipped="0" tests="1" time="74.57" timestamp="2022-06-08T13:01:12">
	<testcase classname="PublishFlux" name="publish_flux"/>
</testsuite>
