<?xml version="1.0" encoding="utf-8"?>
<testsuite failures="1" name="mapper_awaits_before_reconnect" skipped="0" tests="1" time="9.13" timestamp="2022-07-26T16:28:39">
	<testcase classname="MapperReconnectAwait" name="mapper_awaits_before_reconnect">
		<failure message="FAILED: Line count on tedge_mapper_journal.out for &quot;tedge_mapper::core::mapper: MQTT connection error:&quot; expected &gt;=2 but got 0" type="FAILED"/>
		<system-out>16:28:30 INFO  ==============================================================
16:28:30 INFO  Id:    mapper_awaits_before_reconnect
16:28:30 INFO  Dir:   tedge_mapper_c8y/
16:28:30 INFO  Title: Validate mapper doesn't reconnect too often
16:28:30 INFO  ==============================================================
16:28:30 INFO  Started mosquitto_sub with process id 8783
16:28:30 INFO  Waiting for 0.1 seconds
16:28:30 INFO  Executed sudo&lt;tedge_mapper&gt;, exit status 0
16:28:30 INFO  Waiting for 5.0 seconds
16:28:36 INFO  Executed sudo&lt;tedge_mapper&gt;, exit status 0
16:28:39 INFO  Executed sudo&lt;tedge_mapper_journal&gt;, exit status 0
16:28:39 WARN  Grep on tedge_mapper_journal.out contains &quot;ERROR&quot; ... failed [run.py:67]
16:28:39 INFO  Line count on file tedge_mapper_journal.out ... passed
16:28:39 WARN  Line count on tedge_mapper_journal.out for &quot;tedge_mapper::core::mapper: MQTT connection error:&quot; expected &gt;=2 but got 0 ... failed [run.py:78]
16:28:39 WARN  Aborted test due to FAILED outcome
16:28:39 INFO  
16:28:39 INFO  Test duration: 9.13 secs
16:28:39 INFO  Test final outcome:  FAILED
16:28:39 INFO  Test outcome reason: Line count on tedge_mapper_journal.out for &quot;tedge_mapper::core::mapper: MQTT connection error:&quot; expected &gt;=2 but got 0
16:28:39 INFO  
</system-out>
	</testcase>
</testsuite>
