<?xml version="1.0" encoding="utf-8"?>
<testsuite failures="0" name="SoftwareManagement.sm_apt_install_fail" skipped="1" tests="1" time="0.03" timestamp="2022-07-25T11:58:17">
	<testcase classname="PySysTest" name="SoftwareManagement.sm_apt_install_fail">
		<skipped message="SKIPPED: Testing the apt plugin is not supported on this platform.Use parameter -XmyPlatform='container' to enable it"/>
		<system-out>11:58:17 INFO  ==============================================================
11:58:17 INFO  Id:    SoftwareManagement.sm_apt_install_fail
11:58:17 INFO  Dir:   software_management_end_to_end/
11:58:17 INFO  Title: Validate end to end behaviour for a failing installation
11:58:17 INFO  ==============================================================
11:58:17 INFO  Testing the apt plugin is not supported on this platform.Use parameter -XmyPlatform='container' to enable it ... skipped
11:58:17 WARN  Aborted test due to SKIPPED outcome
11:58:17 INFO  
11:58:17 INFO  Test duration: 0.03 secs
11:58:17 INFO  Test final outcome:  SKIPPED
11:58:17 INFO  Test outcome reason: Testing the apt plugin is not supported on this platform.Use parameter -XmyPlatform='container' to enable it
11:58:17 INFO  
</system-out>
	</testcase>
</testsuite>
