<?xml version="1.0" encoding="utf-8"?>
<testsuite failures="0" name="SoftwareManagement.sm_apt_install_remove" skipped="1" tests="1" time="0.02" timestamp="2022-07-21T18:33:51">
	<testcase classname="PySysTest" name="SoftwareManagement.sm_apt_install_remove">
		<skipped message="SKIPPED: Testing the apt plugin is not supported on this platform.Use parameter -XmyPlatform='container' to enable it"/>
		<system-out>18:33:51 INFO  ==============================================================
18:33:51 INFO  Id:    SoftwareManagement.sm_apt_install_remove
18:33:51 INFO  Dir:   software_management_end_to_end/
18:33:51 INFO  Title: Validate end to end behaviour for the apt plugin for installation and removal of packages
18:33:51 INFO  ==============================================================
18:33:51 INFO  Testing the apt plugin is not supported on this platform.Use parameter -XmyPlatform='container' to enable it ... skipped
18:33:51 WARN  Aborted test due to SKIPPED outcome
18:33:51 INFO  
18:33:51 INFO  Test duration: 0.02 secs
18:33:51 INFO  Test final outcome:  SKIPPED
18:33:51 INFO  Test outcome reason: Testing the apt plugin is not supported on this platform.Use parameter -XmyPlatform='container' to enable it
18:33:51 INFO  
</system-out>
	</testcase>
</testsuite>
