<?xml version="1.0" encoding="utf-8"?>
<testsuite failures="0" name="smoketest_smartrest" skipped="0" tests="1" time="48.54" timestamp="2022-05-23T16:53:54">
	<testcase classname="SmoketestSmartRest" name="smoketest_smartrest"/>
</testsuite>
