<?xml version="1.0" encoding="utf-8"?>
<testsuite failures="1" name="monitoring_smaller_interval" skipped="0" tests="1" time="15.23" timestamp="2022-06-16T14:07:48">
	<testcase classname="MonitoringSmallInterval" name="monitoring_smaller_interval">
		<failure message="BLOCKED: TypeError: 'int' object is not subscriptable" type="BLOCKED"/>
		<system-out>14:07:33 INFO  ==============================================================
14:07:33 INFO  Id:    monitoring_smaller_interval
14:07:33 INFO  Dir:   monitoring/
14:07:33 INFO  Title: Validate the tedge dm agent messages that are produced with smaller sampling interval than the batching window. Here the simulated collectd messages are used
14:07:33 INFO  ==============================================================
14:07:34 INFO  Executed sudo&lt;collectd&gt;, exit status 0
14:07:35 INFO  Executed sudo&lt;collectd_mapper&gt;, exit status 0
14:07:35 INFO  Started sudo&lt;tedge_sub&gt; with process id 1288
14:07:35 INFO  Executed sudo&lt;tedge_temp&gt;, exit status 0
14:07:36 INFO  Executed sudo&lt;tedge_pres&gt;, exit status 0
14:07:37 INFO  Executed sudo&lt;tedge_temp&gt;, exit status 0
14:07:37 INFO  Executed sudo&lt;tedge_pres&gt;, exit status 0
14:07:38 INFO  Executed sudo&lt;tedge_temp&gt;, exit status 0
14:07:38 INFO  Executed sudo&lt;tedge_pres&gt;, exit status 0
14:07:39 INFO  Executed sudo&lt;tedge_temp&gt;, exit status 0
14:07:39 INFO  Executed sudo&lt;tedge_pres&gt;, exit status 0
14:07:40 INFO  Executed sudo&lt;tedge_temp&gt;, exit status 0
14:07:41 INFO  Executed sudo&lt;tedge_pres&gt;, exit status 0
14:07:41 INFO  Executed sudo&lt;tedge_temp&gt;, exit status 0
14:07:42 INFO  Executed sudo&lt;tedge_pres&gt;, exit status 0
14:07:42 INFO  Executed sudo&lt;tedge_temp&gt;, exit status 0
14:07:43 INFO  Executed sudo&lt;tedge_pres&gt;, exit status 0
14:07:43 INFO  Executed sudo&lt;tedge_temp&gt;, exit status 0
14:07:44 INFO  Executed sudo&lt;tedge_pres&gt;, exit status 0
14:07:45 INFO  Executed sudo&lt;tedge_temp&gt;, exit status 0
14:07:45 INFO  Executed sudo&lt;tedge_pres&gt;, exit status 0
14:07:46 INFO  Executed sudo&lt;tedge_temp&gt;, exit status 0
14:07:46 INFO  Executed sudo&lt;tedge_pres&gt;, exit status 0
14:07:48 INFO  Executed sudo&lt;kill_out&gt;, exit status 0
14:07:48 INFO  0

14:07:48 WARN  TypeError occurred while running test - 'int' object is not subscriptable
Traceback (most recent call last):
  File &quot;/home/pi/env-pysys/lib/python3.7/site-packages/pysys/baserunner.py&quot;, line 1296, in __call__
    self.testObj.validate()
  File &quot;/home/pi/actions-runner/_work/thin-edge.io/thin-edge.io/tests/PySys/monitoring/monitoring_smaller_interval/run.py&quot;, line 104, in validate
    collectd_msg_validation_result=self.validate_json(),
  File &quot;/home/pi/actions-runner/_work/thin-edge.io/thin-edge.io/tests/PySys/monitoring/monitoring_smaller_interval/run.py&quot;, line 114, in validate_json
    if not self.validate_time():
  File &quot;/home/pi/actions-runner/_work/thin-edge.io/thin-edge.io/tests/PySys/monitoring/monitoring_smaller_interval/run.py&quot;, line 134, in validate_time
    if self.js_msg[&quot;time&quot;]:
TypeError: 'int' object is not subscriptable
14:07:48 WARN  TypeError: 'int' object is not subscriptable ... blocked 
14:07:48 INFO  
14:07:48 INFO  cleanup:
14:07:48 INFO  monitoring_cleanup
14:07:48 INFO  Executed sudo&lt;collectd_mapper&gt;, exit status 0
14:07:48 INFO  
14:07:48 INFO  Test duration: 15.23 secs
14:07:48 INFO  Test final outcome:  BLOCKED
14:07:48 INFO  Test outcome reason: TypeError: 'int' object is not subscriptable
14:07:48 INFO  
</system-out>
	</testcase>
</testsuite>
