<?xml version="1.0" encoding="utf-8"?>
<testsuite failures="1" name="call_tedge_-h_-V" skipped="0" tests="1" time="0.5" timestamp="2022-06-15T11:04:42">
	<testcase classname="PySysTest" name="call_tedge_-h_-V">
		<failure message="FAILED: Grep on tedge.out contains &quot;tedge 0.6&quot;" type="FAILED"/>
		<system-out>11:04:42 INFO  ==============================================================
11:04:42 INFO  Id:    call_tedge_-h_-V
11:04:42 INFO  Dir:   tedge/
11:04:42 INFO  Title: Validate command line option -h -V
11:04:42 INFO  ==============================================================
11:04:42 INFO  Executed tedge, exit status 0
11:04:42 WARN  Grep on tedge.out contains &quot;tedge 0.6&quot; ... failed [run.py:32]
11:04:42 INFO  Grep on file tedge.out ... passed
11:04:42 INFO  
11:04:42 INFO  Test duration: 0.50 secs
11:04:42 INFO  Test final outcome:  FAILED
11:04:42 INFO  Test outcome reason: Grep on tedge.out contains &quot;tedge 0.6&quot;
11:04:42 INFO  
</system-out>
	</testcase>
</testsuite>
