<?xml version="1.0" encoding="utf-8"?>
<testsuite failures="0" name="publish_sawmill" skipped="0" tests="1" time="79.63" timestamp="2022-07-21T18:26:51">
	<testcase classname="PublishSawmill" name="publish_sawmill"/>
</testsuite>
