<?xml version="1.0" encoding="utf-8"?>
<testsuite failures="0" name="valid_device_id" skipped="0" tests="1" time="27.21" timestamp="2022-07-19T13:38:45">
	<testcase classname="ValidateValidDeviceId" name="valid_device_id"/>
</testsuite>
