<?xml version="1.0" encoding="utf-8"?>
<testsuite failures="0" name="c8y_restart_bridge" skipped="0" tests="1" time="22.88" timestamp="2022-06-22T09:54:33">
	<testcase classname="RestartBridge" name="c8y_restart_bridge"/>
</testsuite>
