<?xml version="1.0" encoding="utf-8"?>
<testsuite failures="0" name="smoketest_smartrest" skipped="0" tests="1" time="50.26" timestamp="2022-06-08T13:06:07">
	<testcase classname="SmoketestSmartRest" name="smoketest_smartrest"/>
</testsuite>
