<?xml version="1.0" encoding="utf-8"?>
<testsuite failures="0" name="apt_prepare_install_finalize" skipped="1" tests="1" time="0.02" timestamp="2022-06-22T13:53:53">
	<testcase classname="AptPluginPrepareInstallFinalize" name="apt_prepare_install_finalize">
		<skipped message="SKIPPED: Testing the apt plugin is not supported on this platform.To run the tests call PySys with -XmyPlatform='container'"/>
		<system-out>13:53:53 INFO  ==============================================================
13:53:53 INFO  Id:    apt_prepare_install_finalize
13:53:53 INFO  Dir:   plugin_apt/
13:53:53 INFO  Title: Validate apt plugin install use case
13:53:53 INFO  ==============================================================
13:53:53 INFO  Testing the apt plugin is not supported on this platform.To run the tests call PySys with -XmyPlatform='container' ... skipped
13:53:53 WARN  Aborted test due to SKIPPED outcome
13:53:53 INFO  
13:53:53 INFO  Test duration: 0.02 secs
13:53:53 INFO  Test final outcome:  SKIPPED
13:53:53 INFO  Test outcome reason: Testing the apt plugin is not supported on this platform.To run the tests call PySys with -XmyPlatform='container'
13:53:53 INFO  
</system-out>
	</testcase>
</testsuite>
