<?xml version="1.0" encoding="utf-8"?>
<testsuite failures="0" name="apt_install" skipped="1" tests="1" time="0.02" timestamp="2022-07-21T14:40:08">
	<testcase classname="AptPluginInstallDense" name="apt_install">
		<skipped message="SKIPPED: Testing the apt plugin is not supported on this platform.To run the tests call PySys with -XmyPlatform='container'"/>
		<system-out>14:40:08 INFO  ==============================================================
14:40:08 INFO  Id:    apt_install
14:40:08 INFO  Dir:   plugin_apt/
14:40:08 INFO  Title: Validate apt plugin prepare - dense version
14:40:08 INFO  ==============================================================
14:40:08 INFO  Testing the apt plugin is not supported on this platform.To run the tests call PySys with -XmyPlatform='container' ... skipped
14:40:08 WARN  Aborted test due to SKIPPED outcome
14:40:08 INFO  
14:40:08 INFO  Test duration: 0.02 secs
14:40:08 INFO  Test final outcome:  SKIPPED
14:40:08 INFO  Test outcome reason: Testing the apt plugin is not supported on this platform.To run the tests call PySys with -XmyPlatform='container'
14:40:08 INFO  
</system-out>
	</testcase>
</testsuite>
