<?xml version="1.0" encoding="utf-8"?>
<testsuite failures="0" name="tedge_agent_user_sudo_access" skipped="1" tests="1" time="0.02" timestamp="2022-05-23T16:57:54">
	<testcase classname="TedgeAgentUserSudoAccess" name="tedge_agent_user_sudo_access">
		<skipped message="SKIPPED: #955 Observation: Exit code of the apt plugin when called with no arguments"/>
		<system-out>16:57:54 INFO  ==============================================================
16:57:54 INFO  Id:    tedge_agent_user_sudo_access
16:57:54 INFO  Dir:   tedge/
16:57:54 INFO  Title: Validate tedge-agent user has a limited sudo right
16:57:54 INFO  ==============================================================
16:57:54 INFO  #955 Observation: Exit code of the apt plugin when called with no arguments ... skipped
16:57:54 INFO  
16:57:54 INFO  Test duration: 0.02 secs
16:57:54 INFO  Test final outcome:  SKIPPED
16:57:54 INFO  Test outcome reason: #955 Observation: Exit code of the apt plugin when called with no arguments
16:57:54 INFO  
</system-out>
	</testcase>
</testsuite>
