<?xml version="1.0" encoding="utf-8"?>
<testsuite failures="0" name="mqtt_port_change_connection_works" skipped="1" tests="1" time="0.02" timestamp="2022-06-08T12:59:05">
	<testcase classname="MqttPortChangeConnectionWorks" name="mqtt_port_change_connection_works">
		<skipped message="SKIPPED: failing intermitently"/>
		<system-out>12:59:05 INFO  ==============================================================
12:59:05 INFO  Id:    mqtt_port_change_connection_works
12:59:05 INFO  Dir:   misc_features/
12:59:05 INFO  Title: mqtt port change connection works for all the thin-edge services that use the mosquitto broker
12:59:05 INFO  ==============================================================
12:59:05 INFO  failing intermitently ... skipped
12:59:05 INFO  
12:59:05 INFO  Test duration: 0.02 secs
12:59:05 INFO  Test final outcome:  SKIPPED
12:59:05 INFO  Test outcome reason: failing intermitently
12:59:05 INFO  
</system-out>
	</testcase>
</testsuite>
