<?xml version="1.0" encoding="utf-8"?>
<testsuite failures="0" name="SoftwareManagement.Plugin.apama_plugin_mon_support" skipped="1" tests="1" time="0.05" timestamp="2022-07-21T19:55:31">
	<testcase classname="ApamaPluginMonSupportTest" name="SoftwareManagement.Plugin.apama_plugin_mon_support">
		<skipped message="SKIPPED: Apama plugin tests are disabled by default. Execute `pysys run` with `-XmyPlatform=container` to run these tests"/>
		<system-out>19:55:31 INFO  ==============================================================
19:55:31 INFO  Id:    SoftwareManagement.Plugin.apama_plugin_mon_support
19:55:31 INFO  Dir:   plugin_apama/
19:55:31 INFO  Title: Validate mon file support of apama plugin
19:55:31 INFO  ==============================================================
19:55:31 INFO  Apama plugin tests are disabled by default. Execute `pysys run` with `-XmyPlatform=container` to run these tests ... skipped
19:55:31 WARN  Aborted test due to SKIPPED outcome
19:55:31 INFO  
19:55:31 INFO  Test duration: 0.05 secs
19:55:31 INFO  Test final outcome:  SKIPPED
19:55:31 INFO  Test outcome reason: Apama plugin tests are disabled by default. Execute `pysys run` with `-XmyPlatform=container` to run these tests
19:55:31 INFO  
</system-out>
	</testcase>
</testsuite>
