<?xml version="1.0" encoding="utf-8"?>
<testsuite failures="0" name="apt_update_list" skipped="1" tests="1" time="0.04" timestamp="2022-07-26T07:17:36">
	<testcase classname="AptPluginUpdateList" name="apt_update_list">
		<skipped message="SKIPPED: Testing the apt plugin is not supported on this platform.To run the tests call PySys with -XmyPlatform='container'"/>
		<system-out>07:17:36 INFO  ==============================================================
07:17:36 INFO  Id:    apt_update_list
07:17:36 INFO  Dir:   plugin_apt/
07:17:36 INFO  Title: Validate apt plugin update-list command use case
07:17:36 INFO  ==============================================================
07:17:36 INFO  Testing the apt plugin is not supported on this platform.To run the tests call PySys with -XmyPlatform='container' ... skipped
07:17:36 WARN  Aborted test due to SKIPPED outcome
07:17:36 INFO  
07:17:36 INFO  Test duration: 0.04 secs
07:17:36 INFO  Test final outcome:  SKIPPED
07:17:36 INFO  Test outcome reason: Testing the apt plugin is not supported on this platform.To run the tests call PySys with -XmyPlatform='container'
07:17:36 INFO  
</system-out>
	</testcase>
</testsuite>
