<?xml version="1.0" encoding="utf-8"?>
<testsuite failures="1" name="valid_device_id" skipped="0" tests="1" time="36.37" timestamp="2022-06-22T15:48:58">
	<testcase classname="ValidateValidDeviceId" name="valid_device_id">
		<failure message="FAILED: Grep on tedge_connect_c8y_test.out contains &quot;successful&quot;" type="FAILED"/>
		<system-out>15:48:22 INFO  ==============================================================
15:48:22 INFO  Id:    valid_device_id
15:48:22 INFO  Dir:   misc_features/
15:48:22 INFO  Title: Valid device ID
15:48:22 INFO  ==============================================================
15:48:23 INFO  Executed sudo&lt;tedge_disconnect_c8y&gt;, exit status 0
15:48:23 INFO  Executed sudo&lt;create_cert_dir&gt;, exit status 0
15:48:24 INFO  Executed sudo&lt;change_owner_of_dir&gt;, exit status 0
15:48:24 INFO  Executed sudo&lt;set_cert_path&gt;, exit status 0
15:48:25 INFO  Executed sudo&lt;set_key_path&gt;, exit status 0
15:48:25 INFO  Executed sudo&lt;cert_create&gt;, exit status 0
15:48:27 INFO  Executed sudo&lt;cert_upload&gt;, exit status 0
15:48:42 INFO  Executed sudo&lt;tedge_connect_c8y&gt;, exit status 0, duration 14 secs
15:48:53 INFO  Executed sudo&lt;tedge_connect_c8y_test&gt;, exit status 0
15:48:53 INFO  Grep on file tedge_connect_c8y.out ... passed
15:48:53 WARN  Grep on tedge_connect_c8y_test.out contains &quot;successful&quot; ... failed [run.py:108]
15:48:53 INFO  
15:48:53 INFO  cleanup:
15:48:57 INFO  Executed sudo&lt;tedge_disconnect_c8y&gt;, exit status 0
15:48:57 INFO  Executed sudo&lt;unset_cert_path&gt;, exit status 0
15:48:58 INFO  Executed sudo&lt;unset_key_path&gt;, exit status 0
15:48:58 INFO  Executed sudo&lt;remove_cert_dir&gt;, exit status 0
15:48:58 INFO  
15:48:58 INFO  Test duration: 36.37 secs
15:48:58 INFO  Test final outcome:  FAILED
15:48:58 INFO  Test outcome reason: Grep on tedge_connect_c8y_test.out contains &quot;successful&quot;
15:48:58 INFO  
</system-out>
	</testcase>
</testsuite>
