<?xml version="1.0" encoding="utf-8"?>
<testsuite failures="0" name="apt_install_local_file_with_version" skipped="1" tests="1" time="0.02" timestamp="2022-07-27T09:15:47">
	<testcase classname="AptPluginInstallFromLocalFileWithVersion" name="apt_install_local_file_with_version">
		<skipped message="SKIPPED: Testing the apt plugin is not supported on this platform.To run the tests call PySys with -XmyPlatform='container'"/>
		<system-out>09:15:47 INFO  ==============================================================
09:15:47 INFO  Id:    apt_install_local_file_with_version
09:15:47 INFO  Dir:   plugin_apt/
09:15:47 INFO  Title: Validate apt plugin install from local file AND with a version - SUCCESS case
09:15:47 INFO  ==============================================================
09:15:47 INFO  Testing the apt plugin is not supported on this platform.To run the tests call PySys with -XmyPlatform='container' ... skipped
09:15:47 WARN  Aborted test due to SKIPPED outcome
09:15:47 INFO  
09:15:47 INFO  Test duration: 0.02 secs
09:15:47 INFO  Test final outcome:  SKIPPED
09:15:47 INFO  Test outcome reason: Testing the apt plugin is not supported on this platform.To run the tests call PySys with -XmyPlatform='container'
09:15:47 INFO  
</system-out>
	</testcase>
</testsuite>
