<?xml version="1.0" encoding="utf-8"?>
<testsuite failures="0" name="publish_sawmill" skipped="0" tests="1" time="79.79" timestamp="2022-06-22T13:56:27">
	<testcase classname="PublishSawmill" name="publish_sawmill"/>
</testsuite>
