<?xml version="1.0" encoding="utf-8"?>
<testsuite failures="0" name="apt_remove" skipped="1" tests="1" time="0.04" timestamp="2022-07-26T16:15:53">
	<testcase classname="AptPluginRemoveDense" name="apt_remove">
		<skipped message="SKIPPED: Testing the apt plugin is not supported on this platform.To run the tests call PySys with -XmyPlatform='container'"/>
		<system-out>16:15:53 INFO  ==============================================================
16:15:53 INFO  Id:    apt_remove
16:15:53 INFO  Dir:   plugin_apt/
16:15:53 INFO  Title: Validate apt plugin prepare - dense version
16:15:53 INFO  ==============================================================
16:15:53 INFO  Testing the apt plugin is not supported on this platform.To run the tests call PySys with -XmyPlatform='container' ... skipped
16:15:53 WARN  Aborted test due to SKIPPED outcome
16:15:53 INFO  
16:15:53 INFO  Test duration: 0.04 secs
16:15:53 INFO  Test final outcome:  SKIPPED
16:15:53 INFO  Test outcome reason: Testing the apt plugin is not supported on this platform.To run the tests call PySys with -XmyPlatform='container'
16:15:53 INFO  
</system-out>
	</testcase>
</testsuite>
