<?xml version="1.0" encoding="utf-8"?>
<testsuite failures="0" name="apt_update_list" skipped="1" tests="1" time="0.02" timestamp="2022-07-20T12:53:04">
	<testcase classname="AptPluginUpdateList" name="apt_update_list">
		<skipped message="SKIPPED: Testing the apt plugin is not supported on this platform.To run the tests call PySys with -XmyPlatform='container'"/>
		<system-out>12:53:04 INFO  ==============================================================
12:53:04 INFO  Id:    apt_update_list
12:53:04 INFO  Dir:   plugin_apt/
12:53:04 INFO  Title: Validate apt plugin update-list command use case
12:53:04 INFO  ==============================================================
12:53:04 INFO  Testing the apt plugin is not supported on this platform.To run the tests call PySys with -XmyPlatform='container' ... skipped
12:53:04 WARN  Aborted test due to SKIPPED outcome
12:53:04 INFO  
12:53:04 INFO  Test duration: 0.02 secs
12:53:04 INFO  Test final outcome:  SKIPPED
12:53:04 INFO  Test outcome reason: Testing the apt plugin is not supported on this platform.To run the tests call PySys with -XmyPlatform='container'
12:53:04 INFO  
</system-out>
	</testcase>
</testsuite>
