<?xml version="1.0" encoding="utf-8"?>
<testsuite failures="0" name="publish_sawmill" skipped="0" tests="1" time="80.14" timestamp="2022-07-27T09:18:24">
	<testcase classname="PublishSawmill" name="publish_sawmill"/>
</testsuite>
