<?xml version="1.0" encoding="utf-8"?>
<testsuite failures="0" name="monitoring_with_collectd" skipped="1" tests="1" time="0.14" timestamp="2022-06-07T11:27:57">
	<testcase classname="MonitoringWithCollectd" name="monitoring_with_collectd">
		<skipped message="SKIPPED: Test execution disabled due to #792 (instable)"/>
		<system-out>11:27:57 INFO  ==============================================================
11:27:57 INFO  Id:    monitoring_with_collectd
11:27:57 INFO  Dir:   monitoring/
11:27:57 INFO  Title: Validate tedge dm agent messages that are produced by batching the collectd messages
11:27:57 INFO  ==============================================================
11:27:57 INFO  Test execution disabled due to #792 (instable) ... skipped
11:27:57 INFO  
11:27:57 INFO  Test duration: 0.14 secs
11:27:57 INFO  Test final outcome:  SKIPPED
11:27:57 INFO  Test outcome reason: Test execution disabled due to #792 (instable)
11:27:57 INFO  
</system-out>
	</testcase>
</testsuite>
