<?xml version="1.0" encoding="utf-8"?>
<testsuite failures="0" name="docker_plugin_remove_with_version" skipped="1" tests="1" time="0.02" timestamp="2022-07-21T16:09:04">
	<testcase classname="DockerPluginRemoveWithVersionTest" name="docker_plugin_remove_with_version">
		<skipped message="SKIPPED: Testing the docker plugin is not supported on this platform.To run it, all the test with -XmyPlatform='container'"/>
		<system-out>16:09:04 INFO  ==============================================================
16:09:04 INFO  Id:    docker_plugin_remove_with_version
16:09:04 INFO  Dir:   plugin_docker/
16:09:04 INFO  Title: Validate docker plugin remove with version
16:09:04 INFO  ==============================================================
16:09:04 INFO  Testing the docker plugin is not supported on this platform.To run it, all the test with -XmyPlatform='container' ... skipped
16:09:04 WARN  Aborted test due to SKIPPED outcome
16:09:04 INFO  
16:09:04 INFO  Test duration: 0.02 secs
16:09:04 INFO  Test final outcome:  SKIPPED
16:09:04 INFO  Test outcome reason: Testing the docker plugin is not supported on this platform.To run it, all the test with -XmyPlatform='container'
16:09:04 INFO  
</system-out>
	</testcase>
</testsuite>
