<?xml version="1.0" encoding="utf-8"?>
<testsuite failures="0" name="apt_sequence_remove" skipped="1" tests="1" time="0.02" timestamp="2022-07-22T00:28:24">
	<testcase classname="AptPluginInstallPrepareRemoveFinalize" name="apt_sequence_remove">
		<skipped message="SKIPPED: Testing the apt plugin is not supported on this platform.To run the tests call PySys with -XmyPlatform='container'"/>
		<system-out>00:28:24 INFO  ==============================================================
00:28:24 INFO  Id:    apt_sequence_remove
00:28:24 INFO  Dir:   plugin_apt/
00:28:24 INFO  Title: Validate apt plugin prepare install remove finalize use case
00:28:24 INFO  ==============================================================
00:28:24 INFO  Testing the apt plugin is not supported on this platform.To run the tests call PySys with -XmyPlatform='container' ... skipped
00:28:24 WARN  Aborted test due to SKIPPED outcome
00:28:24 INFO  
00:28:24 INFO  Test duration: 0.02 secs
00:28:24 INFO  Test final outcome:  SKIPPED
00:28:24 INFO  Test outcome reason: Testing the apt plugin is not supported on this platform.To run the tests call PySys with -XmyPlatform='container'
00:28:24 INFO  
</system-out>
	</testcase>
</testsuite>
