<?xml version="1.0" encoding="utf-8"?>
<testsuite failures="1" name="monitoring_smaller_interval" skipped="0" tests="1" time="14.88" timestamp="2022-07-22T15:48:39">
	<testcase classname="MonitoringSmallInterval" name="monitoring_smaller_interval">
		<failure message="BLOCKED: TypeError: 'int' object is not subscriptable" type="BLOCKED"/>
		<system-out>15:48:24 INFO  ==============================================================
15:48:24 INFO  Id:    monitoring_smaller_interval
15:48:24 INFO  Dir:   monitoring/
15:48:24 INFO  Title: Validate the tedge dm agent messages that are produced with smaller sampling interval than the batching window. Here the simulated collectd messages are used
15:48:24 INFO  ==============================================================
15:48:25 INFO  Executed sudo&lt;collectd&gt;, exit status 0
15:48:26 INFO  Executed sudo&lt;collectd_mapper&gt;, exit status 0
15:48:26 INFO  Started sudo&lt;tedge_sub&gt; with process id 24991
15:48:26 INFO  Executed sudo&lt;tedge_temp&gt;, exit status 0
15:48:27 INFO  Executed sudo&lt;tedge_pres&gt;, exit status 0
15:48:27 INFO  Executed sudo&lt;tedge_temp&gt;, exit status 0
15:48:28 INFO  Executed sudo&lt;tedge_pres&gt;, exit status 0
15:48:28 INFO  Executed sudo&lt;tedge_temp&gt;, exit status 0
15:48:29 INFO  Executed sudo&lt;tedge_pres&gt;, exit status 0
15:48:30 INFO  Executed sudo&lt;tedge_temp&gt;, exit status 0
15:48:30 INFO  Executed sudo&lt;tedge_pres&gt;, exit status 0
15:48:31 INFO  Executed sudo&lt;tedge_temp&gt;, exit status 0
15:48:31 INFO  Executed sudo&lt;tedge_pres&gt;, exit status 0
15:48:32 INFO  Executed sudo&lt;tedge_temp&gt;, exit status 0
15:48:32 INFO  Executed sudo&lt;tedge_pres&gt;, exit status 0
15:48:33 INFO  Executed sudo&lt;tedge_temp&gt;, exit status 0
15:48:33 INFO  Executed sudo&lt;tedge_pres&gt;, exit status 0
15:48:34 INFO  Executed sudo&lt;tedge_temp&gt;, exit status 0
15:48:35 INFO  Executed sudo&lt;tedge_pres&gt;, exit status 0
15:48:35 INFO  Executed sudo&lt;tedge_temp&gt;, exit status 0
15:48:36 INFO  Executed sudo&lt;tedge_pres&gt;, exit status 0
15:48:36 INFO  Executed sudo&lt;tedge_temp&gt;, exit status 0
15:48:37 INFO  Executed sudo&lt;tedge_pres&gt;, exit status 0
15:48:39 INFO  Executed sudo&lt;kill_out&gt;, exit status 0
15:48:39 INFO  0

15:48:39 WARN  TypeError occurred while running test - 'int' object is not subscriptable
Traceback (most recent call last):
  File &quot;/home/pi/env-pysys/lib/python3.7/site-packages/pysys/baserunner.py&quot;, line 1296, in __call__
    self.testObj.validate()
  File &quot;/home/pi/actions-runner/_work/thin-edge.io/thin-edge.io/tests/PySys/monitoring/monitoring_smaller_interval/run.py&quot;, line 104, in validate
    collectd_msg_validation_result=self.validate_json(),
  File &quot;/home/pi/actions-runner/_work/thin-edge.io/thin-edge.io/tests/PySys/monitoring/monitoring_smaller_interval/run.py&quot;, line 114, in validate_json
    if not self.validate_time():
  File &quot;/home/pi/actions-runner/_work/thin-edge.io/thin-edge.io/tests/PySys/monitoring/monitoring_smaller_interval/run.py&quot;, line 134, in validate_time
    if self.js_msg[&quot;time&quot;]:
TypeError: 'int' object is not subscriptable
15:48:39 WARN  TypeError: 'int' object is not subscriptable ... blocked 
15:48:39 INFO  
15:48:39 INFO  cleanup:
15:48:39 INFO  monitoring_cleanup
15:48:39 INFO  Executed sudo&lt;collectd_mapper&gt;, exit status 0
15:48:39 INFO  
15:48:39 INFO  Test duration: 14.88 secs
15:48:39 INFO  Test final outcome:  BLOCKED
15:48:39 INFO  Test outcome reason: TypeError: 'int' object is not subscriptable
15:48:39 INFO  
</system-out>
	</testcase>
</testsuite>
