<?xml version="1.0" encoding="utf-8"?>
<testsuite failures="0" name="smoketest_json" skipped="0" tests="1" time="45.02" timestamp="2022-06-29T11:57:48">
	<testcase classname="SmokeTestJson" name="smoketest_json"/>
</testsuite>
