<?xml version="1.0" encoding="utf-8"?>
<testsuite failures="0" name="SoftwareManagement.sm_apt_install_fail" skipped="1" tests="1" time="0.02" timestamp="2022-06-22T17:29:21">
	<testcase classname="PySysTest" name="SoftwareManagement.sm_apt_install_fail">
		<skipped message="SKIPPED: Testing the apt plugin is not supported on this platform.Use parameter -XmyPlatform='container' to enable it"/>
		<system-out>17:29:20 INFO  ==============================================================
17:29:20 INFO  Id:    SoftwareManagement.sm_apt_install_fail
17:29:20 INFO  Dir:   software_management_end_to_end/
17:29:20 INFO  Title: Validate end to end behaviour for a failing installation
17:29:20 INFO  ==============================================================
17:29:20 INFO  Testing the apt plugin is not supported on this platform.Use parameter -XmyPlatform='container' to enable it ... skipped
17:29:20 WARN  Aborted test due to SKIPPED outcome
17:29:20 INFO  
17:29:20 INFO  Test duration: 0.02 secs
17:29:20 INFO  Test final outcome:  SKIPPED
17:29:20 INFO  Test outcome reason: Testing the apt plugin is not supported on this platform.Use parameter -XmyPlatform='container' to enable it
17:29:20 INFO  
</system-out>
	</testcase>
</testsuite>
