<?xml version="1.0" encoding="utf-8"?>
<testsuite failures="1" name="tedge_mapper_c8y_packet_threshold_size" skipped="0" tests="1" time="3.04" timestamp="2022-07-21T18:38:49">
	<testcase classname="TedgeMapperC8yThresholdPacketSize" name="tedge_mapper_c8y_packet_threshold_size">
		<failure message="FAILED: Grep on tedge_sub.out contains &quot;The size of the message received on tedge/measurements is 20489 which is greater than the threshold size of 16184.&quot;" type="FAILED"/>
		<system-out>18:38:46 INFO  ==============================================================
18:38:46 INFO  Id:    tedge_mapper_c8y_packet_threshold_size
18:38:46 INFO  Dir:   tedge_mapper_c8y/
18:38:46 INFO  Title: Validate the Cumulocity Mapper accepted threshold packet size when it receives a message on tedge/measurements
18:38:46 INFO  ==============================================================
18:38:47 INFO  Executed sudo&lt;tedge_mapper_c8y&gt;, exit status 0
18:38:47 INFO  Started sudo&lt;tedge_sub&gt; with process id 544
18:38:48 INFO  Executed sudo&lt;tedge_msg&gt;, exit status 0
18:38:48 INFO  Executed sudo&lt;tedge_pub&gt;, exit status 0
18:38:49 INFO  Executed sudo&lt;kill_out&gt;, exit status 0
18:38:49 WARN  Grep on tedge_sub.out contains &quot;The size of the message received on tedge/measurements is 20489 which is greater than the threshold size of 16184.&quot; ... failed [run.py:88]
18:38:49 INFO  
18:38:49 INFO  cleanup:
18:38:49 INFO  mapper_cleanup
18:38:49 INFO  Executed sudo&lt;tedge_mapper_c8y&gt;, exit status 0
18:38:49 INFO  
18:38:49 INFO  Test duration: 3.04 secs
18:38:49 INFO  Test final outcome:  FAILED
18:38:49 INFO  Test outcome reason: Grep on tedge_sub.out contains &quot;The size of the message received on tedge/measurements is 20489 which is greater than the threshold size of 16184.&quot;
18:38:49 INFO  
</system-out>
	</testcase>
</testsuite>
