<?xml version="1.0" encoding="utf-8"?>
<testsuite failures="1" name="valid_device_id" skipped="0" tests="1" time="15.39" timestamp="2022-07-26T16:15:29">
	<testcase classname="ValidateValidDeviceId" name="valid_device_id">
		<failure message="BLOCKED: sudo&lt;tedge_connect_c8y&gt; returned non-zero exit code 1" type="BLOCKED"/>
		<system-out>16:15:13 INFO  ==============================================================
16:15:13 INFO  Id:    valid_device_id
16:15:13 INFO  Dir:   misc_features/
16:15:13 INFO  Title: Valid device ID
16:15:13 INFO  ==============================================================
16:15:14 INFO  Executed sudo&lt;tedge_disconnect_c8y&gt;, exit status 0
16:15:14 INFO  Executed sudo&lt;create_cert_dir&gt;, exit status 0
16:15:15 INFO  Executed sudo&lt;change_owner_of_dir&gt;, exit status 0
16:15:16 INFO  Executed sudo&lt;set_cert_path&gt;, exit status 0
16:15:16 INFO  Executed sudo&lt;set_key_path&gt;, exit status 0
16:15:17 INFO  Executed sudo&lt;cert_create&gt;, exit status 0
16:15:19 INFO  Executed sudo&lt;cert_upload&gt;, exit status 0
16:15:27 WARN  Executed sudo&lt;tedge_connect_c8y&gt;, exit status 1
16:15:27 INFO  Contents of tedge_connect_c8y.err: 
  ERROR: Timeout(Elapsed(()))
  Error: failed to connect Cumulocity cloud.
  Caused by:
      Connection check failed
  -----

16:15:27 WARN  sudo&lt;tedge_connect_c8y&gt; returned non-zero exit code 1 ... blocked [environment_tedge.py:58,run.py:100]
16:15:27 WARN  Aborted test due to BLOCKED outcome
16:15:27 INFO  
16:15:27 INFO  cleanup:
16:15:27 INFO  Executed sudo&lt;tedge_disconnect_c8y&gt;, exit status 0
16:15:28 INFO  Executed sudo&lt;unset_cert_path&gt;, exit status 0
16:15:28 INFO  Executed sudo&lt;unset_key_path&gt;, exit status 0
16:15:29 INFO  Executed sudo&lt;remove_cert_dir&gt;, exit status 0
16:15:29 INFO  
16:15:29 INFO  Test duration: 15.39 secs
16:15:29 INFO  Test final outcome:  BLOCKED
16:15:29 INFO  Test outcome reason: sudo&lt;tedge_connect_c8y&gt; returned non-zero exit code 1
16:15:29 INFO  
</system-out>
	</testcase>
</testsuite>
