<?xml version="1.0" encoding="utf-8"?>
<testsuite failures="1" name="tedge_mapper_c8y_packet_threshold_size" skipped="0" tests="1" time="3.08" timestamp="2022-05-25T12:58:02">
	<testcase classname="TedgeMapperC8yThresholdPacketSize" name="tedge_mapper_c8y_packet_threshold_size">
		<failure message="FAILED: Grep on tedge_sub.out contains &quot;The size of the message received on tedge/measurements is 20489 which is greater than the threshold size of 16184.&quot;" type="FAILED"/>
		<system-out>12:57:59 INFO  ==============================================================
12:57:59 INFO  Id:    tedge_mapper_c8y_packet_threshold_size
12:57:59 INFO  Dir:   tedge_mapper_c8y/
12:57:59 INFO  Title: Validate the Cumulocity Mapper accepted threshold packet size when it receives a message on tedge/measurements
12:57:59 INFO  ==============================================================
12:57:59 INFO  Executed sudo&lt;tedge_mapper_c8y&gt;, exit status 0
12:57:59 INFO  Started sudo&lt;tedge_sub&gt; with process id 16211
12:58:00 INFO  Executed sudo&lt;tedge_msg&gt;, exit status 0
12:58:01 INFO  Executed sudo&lt;tedge_pub&gt;, exit status 0
12:58:01 INFO  Executed sudo&lt;kill_out&gt;, exit status 0
12:58:01 WARN  Grep on tedge_sub.out contains &quot;The size of the message received on tedge/measurements is 20489 which is greater than the threshold size of 16184.&quot; ... failed [run.py:88]
12:58:01 INFO  
12:58:01 INFO  cleanup:
12:58:01 INFO  mapper_cleanup
12:58:02 INFO  Executed sudo&lt;tedge_mapper_c8y&gt;, exit status 0
12:58:02 INFO  
12:58:02 INFO  Test duration: 3.08 secs
12:58:02 INFO  Test final outcome:  FAILED
12:58:02 INFO  Test outcome reason: Grep on tedge_sub.out contains &quot;The size of the message received on tedge/measurements is 20489 which is greater than the threshold size of 16184.&quot;
12:58:02 INFO  
</system-out>
	</testcase>
</testsuite>
