<?xml version="1.0" encoding="utf-8"?>
<testsuite failures="0" name="c8y_restart_bridge" skipped="0" tests="1" time="22.89" timestamp="2022-05-24T15:49:02">
	<testcase classname="RestartBridge" name="c8y_restart_bridge"/>
</testsuite>
