<?xml version="1.0" encoding="utf-8"?>
<testsuite failures="0" name="SoftwareManagement.Plugin.apama_plugin_update" skipped="1" tests="1" time="0.02" timestamp="2022-06-10T09:12:36">
	<testcase classname="ApamaPluginUpdateTest" name="SoftwareManagement.Plugin.apama_plugin_update">
		<skipped message="SKIPPED: Apama plugin tests are disabled by default. Execute `pysys run` with `-XmyPlatform=container` to run these tests"/>
		<system-out>09:12:36 INFO  ==============================================================
09:12:36 INFO  Id:    SoftwareManagement.Plugin.apama_plugin_update
09:12:36 INFO  Dir:   plugin_apama/
09:12:36 INFO  Title: Validate apama plugin updating one project with another
09:12:36 INFO  ==============================================================
09:12:36 INFO  Apama plugin tests are disabled by default. Execute `pysys run` with `-XmyPlatform=container` to run these tests ... skipped
09:12:36 WARN  Aborted test due to SKIPPED outcome
09:12:36 INFO  
09:12:36 INFO  Test duration: 0.02 secs
09:12:36 INFO  Test final outcome:  SKIPPED
09:12:36 INFO  Test outcome reason: Apama plugin tests are disabled by default. Execute `pysys run` with `-XmyPlatform=container` to run these tests
09:12:36 INFO  
</system-out>
	</testcase>
</testsuite>
