<?xml version="1.0" encoding="utf-8"?>
<testsuite failures="0" name="apt_install_fail" skipped="1" tests="1" time="0.02" timestamp="2022-06-02T08:34:46">
	<testcase classname="AptPluginInstallFail" name="apt_install_fail">
		<skipped message="SKIPPED: Testing the apt plugin is not supported on this platform.To run the tests call PySys with -XmyPlatform='container'"/>
		<system-out>08:34:46 INFO  ==============================================================
08:34:46 INFO  Id:    apt_install_fail
08:34:46 INFO  Dir:   plugin_apt/
08:34:46 INFO  Title: Validate apt plugin prepare - failing
08:34:46 INFO  ==============================================================
08:34:46 INFO  Testing the apt plugin is not supported on this platform.To run the tests call PySys with -XmyPlatform='container' ... skipped
08:34:46 WARN  Aborted test due to SKIPPED outcome
08:34:46 INFO  
08:34:46 INFO  Test duration: 0.02 secs
08:34:46 INFO  Test final outcome:  SKIPPED
08:34:46 INFO  Test outcome reason: Testing the apt plugin is not supported on this platform.To run the tests call PySys with -XmyPlatform='container'
08:34:46 INFO  
</system-out>
	</testcase>
</testsuite>
