<?xml version="1.0" encoding="utf-8"?>
<testsuite failures="0" name="apt_remove_fail" skipped="1" tests="1" time="0.02" timestamp="2022-07-22T17:26:38">
	<testcase classname="AptPluginRemoveFails" name="apt_remove_fail">
		<skipped message="SKIPPED: Testing the apt plugin is not supported on this platform.To run the tests call PySys with -XmyPlatform='container'"/>
		<system-out>17:26:38 INFO  ==============================================================
17:26:38 INFO  Id:    apt_remove_fail
17:26:38 INFO  Dir:   plugin_apt/
17:26:38 INFO  Title: Validate apt plugin prepare - failing
17:26:38 INFO  ==============================================================
17:26:38 INFO  Testing the apt plugin is not supported on this platform.To run the tests call PySys with -XmyPlatform='container' ... skipped
17:26:38 WARN  Aborted test due to SKIPPED outcome
17:26:38 INFO  
17:26:38 INFO  Test duration: 0.02 secs
17:26:38 INFO  Test final outcome:  SKIPPED
17:26:38 INFO  Test outcome reason: Testing the apt plugin is not supported on this platform.To run the tests call PySys with -XmyPlatform='container'
17:26:38 INFO  
</system-out>
	</testcase>
</testsuite>
