<?xml version="1.0" encoding="utf-8"?>
<testsuite failures="0" name="apt_sequence_remove_with_version" skipped="1" tests="1" time="0.02" timestamp="2022-06-09T06:57:44">
	<testcase classname="AptPluginRemoveWithVersion" name="apt_sequence_remove_with_version">
		<skipped message="SKIPPED: Testing the apt plugin is not supported on this platform.To run the tests call PySys with -XmyPlatform='container'"/>
		<system-out>06:57:44 INFO  ==============================================================
06:57:44 INFO  Id:    apt_sequence_remove_with_version
06:57:44 INFO  Dir:   plugin_apt/
06:57:44 INFO  Title: Validate apt plugin remove with version use case
06:57:44 INFO  ==============================================================
06:57:44 INFO  Testing the apt plugin is not supported on this platform.To run the tests call PySys with -XmyPlatform='container' ... skipped
06:57:44 WARN  Aborted test due to SKIPPED outcome
06:57:44 INFO  
06:57:44 INFO  Test duration: 0.02 secs
06:57:44 INFO  Test final outcome:  SKIPPED
06:57:44 INFO  Test outcome reason: Testing the apt plugin is not supported on this platform.To run the tests call PySys with -XmyPlatform='container'
06:57:44 INFO  
</system-out>
	</testcase>
</testsuite>
