<?xml version="1.0" encoding="utf-8"?>
<testsuite failures="0" name="tedge_software_update" skipped="0" tests="1" time="27.34" timestamp="2022-06-08T11:38:02">
	<testcase classname="PySysTest" name="tedge_software_update"/>
</testsuite>
