<?xml version="1.0" encoding="utf-8"?>
<testsuite failures="0" name="monitoring_with_collectd" skipped="1" tests="1" time="0.02" timestamp="2022-07-21T09:57:43">
	<testcase classname="MonitoringWithCollectd" name="monitoring_with_collectd">
		<skipped message="SKIPPED: Test execution disabled due to #792 (instable)"/>
		<system-out>09:57:43 INFO  ==============================================================
09:57:43 INFO  Id:    monitoring_with_collectd
09:57:43 INFO  Dir:   monitoring/
09:57:43 INFO  Title: Validate tedge dm agent messages that are produced by batching the collectd messages
09:57:43 INFO  ==============================================================
09:57:43 INFO  Test execution disabled due to #792 (instable) ... skipped
09:57:43 INFO  
09:57:43 INFO  Test duration: 0.02 secs
09:57:43 INFO  Test final outcome:  SKIPPED
09:57:43 INFO  Test outcome reason: Test execution disabled due to #792 (instable)
09:57:43 INFO  
</system-out>
	</testcase>
</testsuite>
