<?xml version="1.0" encoding="utf-8"?>
<testsuite failures="0" name="SoftwareManagement.Plugin.apama_plugin_mon_support" skipped="1" tests="1" time="0.05" timestamp="2022-06-29T16:56:15">
	<testcase classname="ApamaPluginMonSupportTest" name="SoftwareManagement.Plugin.apama_plugin_mon_support">
		<skipped message="SKIPPED: Apama plugin tests are disabled by default. Execute `pysys run` with `-XmyPlatform=container` to run these tests"/>
		<system-out>16:56:15 INFO  ==============================================================
16:56:15 INFO  Id:    SoftwareManagement.Plugin.apama_plugin_mon_support
16:56:15 INFO  Dir:   plugin_apama/
16:56:15 INFO  Title: Validate mon file support of apama plugin
16:56:15 INFO  ==============================================================
16:56:15 INFO  Apama plugin tests are disabled by default. Execute `pysys run` with `-XmyPlatform=container` to run these tests ... skipped
16:56:15 WARN  Aborted test due to SKIPPED outcome
16:56:15 INFO  
16:56:15 INFO  Test duration: 0.05 secs
16:56:15 INFO  Test final outcome:  SKIPPED
16:56:15 INFO  Test outcome reason: Apama plugin tests are disabled by default. Execute `pysys run` with `-XmyPlatform=container` to run these tests
16:56:15 INFO  
</system-out>
	</testcase>
</testsuite>
