<?xml version="1.0" encoding="utf-8"?>
<testsuite failures="0" name="SoftwareManagement.Plugin.apama_plugin_install" skipped="1" tests="1" time="0.05" timestamp="2022-06-20T14:58:38">
	<testcase classname="ApamaPluginInstallTest" name="SoftwareManagement.Plugin.apama_plugin_install">
		<skipped message="SKIPPED: Apama plugin tests are disabled by default. Execute `pysys run` with `-XmyPlatform=container` to run these tests"/>
		<system-out>14:58:38 INFO  ==============================================================
14:58:38 INFO  Id:    SoftwareManagement.Plugin.apama_plugin_install
14:58:38 INFO  Dir:   plugin_apama/
14:58:38 INFO  Title: Validate apama plugin install
14:58:38 INFO  ==============================================================
14:58:38 INFO  Apama plugin tests are disabled by default. Execute `pysys run` with `-XmyPlatform=container` to run these tests ... skipped
14:58:38 WARN  Aborted test due to SKIPPED outcome
14:58:38 INFO  
14:58:38 INFO  Test duration: 0.05 secs
14:58:38 INFO  Test final outcome:  SKIPPED
14:58:38 INFO  Test outcome reason: Apama plugin tests are disabled by default. Execute `pysys run` with `-XmyPlatform=container` to run these tests
14:58:38 INFO  
</system-out>
	</testcase>
</testsuite>
