<?xml version="1.0" encoding="utf-8"?>
<testsuite failures="0" name="tedge_agent_user_sudo_access" skipped="1" tests="1" time="0.02" timestamp="2022-07-20T13:03:00">
	<testcase classname="TedgeAgentUserSudoAccess" name="tedge_agent_user_sudo_access">
		<skipped message="SKIPPED: #955 Observation: Exit code of the apt plugin when called with no arguments"/>
		<system-out>13:03:00 INFO  ==============================================================
13:03:00 INFO  Id:    tedge_agent_user_sudo_access
13:03:00 INFO  Dir:   tedge/
13:03:00 INFO  Title: Validate tedge-agent user has a limited sudo right
13:03:00 INFO  ==============================================================
13:03:00 INFO  #955 Observation: Exit code of the apt plugin when called with no arguments ... skipped
13:03:00 INFO  
13:03:00 INFO  Test duration: 0.02 secs
13:03:00 INFO  Test final outcome:  SKIPPED
13:03:00 INFO  Test outcome reason: #955 Observation: Exit code of the apt plugin when called with no arguments
13:03:00 INFO  
</system-out>
	</testcase>
</testsuite>
