<?xml version="1.0" encoding="utf-8"?>
<testsuite failures="0" name="apt_sequence_install_with_version" skipped="1" tests="1" time="0.02" timestamp="2022-06-20T16:37:27">
	<testcase classname="AptPluginPrepInstallWithVersionFinalize" name="apt_sequence_install_with_version">
		<skipped message="SKIPPED: Testing the apt plugin is not supported on this platform.To run the tests call PySys with -XmyPlatform='container'"/>
		<system-out>16:37:27 INFO  ==============================================================
16:37:27 INFO  Id:    apt_sequence_install_with_version
16:37:27 INFO  Dir:   plugin_apt/
16:37:27 INFO  Title: Validate apt plugin install with version use case
16:37:27 INFO  ==============================================================
16:37:27 INFO  Testing the apt plugin is not supported on this platform.To run the tests call PySys with -XmyPlatform='container' ... skipped
16:37:27 WARN  Aborted test due to SKIPPED outcome
16:37:27 INFO  
16:37:27 INFO  Test duration: 0.02 secs
16:37:27 INFO  Test final outcome:  SKIPPED
16:37:27 INFO  Test outcome reason: Testing the apt plugin is not supported on this platform.To run the tests call PySys with -XmyPlatform='container'
16:37:27 INFO  
</system-out>
	</testcase>
</testsuite>
