<?xml version="1.0" encoding="utf-8"?>
<testsuite failures="0" name="SoftwareManagement.sm_apt_install_fail" skipped="1" tests="1" time="0.02" timestamp="2022-06-29T17:05:53">
	<testcase classname="PySysTest" name="SoftwareManagement.sm_apt_install_fail">
		<skipped message="SKIPPED: Testing the apt plugin is not supported on this platform.Use parameter -XmyPlatform='container' to enable it"/>
		<system-out>17:05:53 INFO  ==============================================================
17:05:53 INFO  Id:    SoftwareManagement.sm_apt_install_fail
17:05:53 INFO  Dir:   software_management_end_to_end/
17:05:53 INFO  Title: Validate end to end behaviour for a failing installation
17:05:53 INFO  ==============================================================
17:05:53 INFO  Testing the apt plugin is not supported on this platform.Use parameter -XmyPlatform='container' to enable it ... skipped
17:05:53 WARN  Aborted test due to SKIPPED outcome
17:05:53 INFO  
17:05:53 INFO  Test duration: 0.02 secs
17:05:53 INFO  Test final outcome:  SKIPPED
17:05:53 INFO  Test outcome reason: Testing the apt plugin is not supported on this platform.Use parameter -XmyPlatform='container' to enable it
17:05:53 INFO  
</system-out>
	</testcase>
</testsuite>
