<?xml version="1.0" encoding="utf-8"?>
<testsuite failures="0" name="apt_finalize" skipped="1" tests="1" time="0.03" timestamp="2022-07-16T17:16:02">
	<testcase classname="AptPluginFinalize" name="apt_finalize">
		<skipped message="SKIPPED: Testing the apt plugin is not supported on this platform.To run the tests call PySys with -XmyPlatform='container'"/>
		<system-out>17:16:02 INFO  ==============================================================
17:16:02 INFO  Id:    apt_finalize
17:16:02 INFO  Dir:   plugin_apt/
17:16:02 INFO  Title: Validate apt plugin finalize - dense version
17:16:02 INFO  ==============================================================
17:16:02 INFO  Testing the apt plugin is not supported on this platform.To run the tests call PySys with -XmyPlatform='container' ... skipped
17:16:02 WARN  Aborted test due to SKIPPED outcome
17:16:02 INFO  
17:16:02 INFO  Test duration: 0.03 secs
17:16:02 INFO  Test final outcome:  SKIPPED
17:16:02 INFO  Test outcome reason: Testing the apt plugin is not supported on this platform.To run the tests call PySys with -XmyPlatform='container'
17:16:02 INFO  
</system-out>
	</testcase>
</testsuite>
