<?xml version="1.0" encoding="utf-8"?>
<testsuite failures="1" name="call_tedge_-h_-V" skipped="0" tests="1" time="0.89" timestamp="2022-07-22T04:01:05">
	<testcase classname="PySysTest" name="call_tedge_-h_-V">
		<failure message="FAILED: Grep on tedge.out contains &quot;tedge 0.6&quot;" type="FAILED"/>
		<system-out>04:01:04 INFO  ==============================================================
04:01:04 INFO  Id:    call_tedge_-h_-V
04:01:04 INFO  Dir:   tedge/
04:01:04 INFO  Title: Validate command line option -h -V
04:01:04 INFO  ==============================================================
04:01:04 INFO  Executed tedge, exit status 0
04:01:05 WARN  Grep on tedge.out contains &quot;tedge 0.6&quot; ... failed [run.py:32]
04:01:05 INFO  Grep on file tedge.out ... passed
04:01:05 INFO  
04:01:05 INFO  Test duration: 0.89 secs
04:01:05 INFO  Test final outcome:  FAILED
04:01:05 INFO  Test outcome reason: Grep on tedge.out contains &quot;tedge 0.6&quot;
04:01:05 INFO  
</system-out>
	</testcase>
</testsuite>
