<?xml version="1.0" encoding="utf-8"?>
<testsuite failures="0" name="docker_plugin_remove_with_version" skipped="1" tests="1" time="0.03" timestamp="2022-06-09T06:57:44">
	<testcase classname="DockerPluginRemoveWithVersionTest" name="docker_plugin_remove_with_version">
		<skipped message="SKIPPED: Testing the docker plugin is not supported on this platform.To run it, all the test with -XmyPlatform='container'"/>
		<system-out>06:57:44 INFO  ==============================================================
06:57:44 INFO  Id:    docker_plugin_remove_with_version
06:57:44 INFO  Dir:   plugin_docker/
06:57:44 INFO  Title: Validate docker plugin remove with version
06:57:44 INFO  ==============================================================
06:57:44 INFO  Testing the docker plugin is not supported on this platform.To run it, all the test with -XmyPlatform='container' ... skipped
06:57:44 WARN  Aborted test due to SKIPPED outcome
06:57:44 INFO  
06:57:44 INFO  Test duration: 0.03 secs
06:57:44 INFO  Test final outcome:  SKIPPED
06:57:44 INFO  Test outcome reason: Testing the docker plugin is not supported on this platform.To run it, all the test with -XmyPlatform='container'
06:57:44 INFO  
</system-out>
	</testcase>
</testsuite>
