<?xml version="1.0" encoding="utf-8"?>
<testsuite failures="0" name="apt_remove_fail" skipped="1" tests="1" time="0.02" timestamp="2022-06-09T16:33:09">
	<testcase classname="AptPluginRemoveFails" name="apt_remove_fail">
		<skipped message="SKIPPED: Testing the apt plugin is not supported on this platform.To run the tests call PySys with -XmyPlatform='container'"/>
		<system-out>16:33:09 INFO  ==============================================================
16:33:09 INFO  Id:    apt_remove_fail
16:33:09 INFO  Dir:   plugin_apt/
16:33:09 INFO  Title: Validate apt plugin prepare - failing
16:33:09 INFO  ==============================================================
16:33:09 INFO  Testing the apt plugin is not supported on this platform.To run the tests call PySys with -XmyPlatform='container' ... skipped
16:33:09 WARN  Aborted test due to SKIPPED outcome
16:33:09 INFO  
16:33:09 INFO  Test duration: 0.02 secs
16:33:09 INFO  Test final outcome:  SKIPPED
16:33:09 INFO  Test outcome reason: Testing the apt plugin is not supported on this platform.To run the tests call PySys with -XmyPlatform='container'
16:33:09 INFO  
</system-out>
	</testcase>
</testsuite>
