<?xml version="1.0" encoding="utf-8"?>
<testsuite failures="0" name="publish_flux" skipped="0" tests="1" time="72.68" timestamp="2022-05-20T11:15:56">
	<testcase classname="PublishFlux" name="publish_flux"/>
</testsuite>
