<?xml version="1.0" encoding="utf-8"?>
<testsuite failures="0" name="apt_prepare_install_finalize" skipped="1" tests="1" time="0.02" timestamp="2022-05-25T12:43:32">
	<testcase classname="AptPluginPrepareInstallFinalize" name="apt_prepare_install_finalize">
		<skipped message="SKIPPED: Testing the apt plugin is not supported on this platform.To run the tests call PySys with -XmyPlatform='container'"/>
		<system-out>12:43:32 INFO  ==============================================================
12:43:32 INFO  Id:    apt_prepare_install_finalize
12:43:32 INFO  Dir:   plugin_apt/
12:43:32 INFO  Title: Validate apt plugin install use case
12:43:32 INFO  ==============================================================
12:43:32 INFO  Testing the apt plugin is not supported on this platform.To run the tests call PySys with -XmyPlatform='container' ... skipped
12:43:32 WARN  Aborted test due to SKIPPED outcome
12:43:32 INFO  
12:43:32 INFO  Test duration: 0.02 secs
12:43:32 INFO  Test final outcome:  SKIPPED
12:43:32 INFO  Test outcome reason: Testing the apt plugin is not supported on this platform.To run the tests call PySys with -XmyPlatform='container'
12:43:32 INFO  
</system-out>
	</testcase>
</testsuite>
