<?xml version="1.0" encoding="utf-8"?>
<testsuite failures="0" name="tedge_mapper_az_negative" skipped="0" tests="1" time="2.31" timestamp="2022-07-21T16:21:32">
	<testcase classname="TedgeMapperAzError" name="tedge_mapper_az_negative"/>
</testsuite>
