<?xml version="1.0" encoding="utf-8"?>
<testsuite failures="0" name="monitoring_with_collectd" skipped="1" tests="1" time="0.07" timestamp="2022-07-20T10:45:14">
	<testcase classname="MonitoringWithCollectd" name="monitoring_with_collectd">
		<skipped message="SKIPPED: Test execution disabled due to #792 (instable)"/>
		<system-out>10:45:14 INFO  ==============================================================
10:45:14 INFO  Id:    monitoring_with_collectd
10:45:14 INFO  Dir:   monitoring/
10:45:14 INFO  Title: Validate tedge dm agent messages that are produced by batching the collectd messages
10:45:14 INFO  ==============================================================
10:45:14 INFO  Test execution disabled due to #792 (instable) ... skipped
10:45:14 INFO  
10:45:14 INFO  Test duration: 0.07 secs
10:45:14 INFO  Test final outcome:  SKIPPED
10:45:14 INFO  Test outcome reason: Test execution disabled due to #792 (instable)
10:45:14 INFO  
</system-out>
	</testcase>
</testsuite>
