<?xml version="1.0" encoding="utf-8"?>
<testsuite failures="0" name="SoftwareManagement.sm_mixed_install_remove_multiple" skipped="1" tests="1" time="0.02" timestamp="2022-07-21T16:18:35">
	<testcase classname="PySysTest" name="SoftwareManagement.sm_mixed_install_remove_multiple">
		<skipped message="SKIPPED: Testing the fake plugin is not enabled.Use parameter -Xfakeplugin=fakeplugin to enable it"/>
		<system-out>16:18:35 INFO  ==============================================================
16:18:35 INFO  Id:    SoftwareManagement.sm_mixed_install_remove_multiple
16:18:35 INFO  Dir:   software_management_end_to_end/
16:18:35 INFO  Title: Validate end to end behaviour for the dummy-plugin for multiple packages with mixed versions
16:18:35 INFO  ==============================================================
16:18:35 INFO  Testing the fake plugin is not enabled.Use parameter -Xfakeplugin=fakeplugin to enable it ... skipped
16:18:35 WARN  Aborted test due to SKIPPED outcome
16:18:35 INFO  
16:18:35 INFO  Test duration: 0.02 secs
16:18:35 INFO  Test final outcome:  SKIPPED
16:18:35 INFO  Test outcome reason: Testing the fake plugin is not enabled.Use parameter -Xfakeplugin=fakeplugin to enable it
16:18:35 INFO  
</system-out>
	</testcase>
</testsuite>
