<?xml version="1.0" encoding="utf-8"?>
<testsuite failures="1" name="tedge_mapper_c8y_alarms" skipped="0" tests="1" time="25.97" timestamp="2022-06-29T12:08:18">
	<testcase classname="TedgeMapperC8yAlarm" name="tedge_mapper_c8y_alarms">
		<failure message="FAILED: Assert that (actual == expected) with actual=&quot;temperature_low&quot;, expected=&quot;temperature_dangerous&quot; (+9 other failures)" type="FAILED"/>
		<system-out>12:07:52 INFO  ==============================================================
12:07:52 INFO  Id:    tedge_mapper_c8y_alarms
12:07:52 INFO  Dir:   tedge_mapper_c8y/
12:07:52 INFO  Title: Validate that alarms sent to tedge/alarms topic \ gets mapped as alarms in Cumulocity
12:07:52 INFO  ==============================================================
12:07:52 INFO  EnvironmentC8y Setup
12:07:53 INFO  Executed systemctl&lt;serv_mapper1&gt;, exit status 3
12:08:07 INFO  Executed sudo&lt;tedge_connect_c8y&gt;, exit status 0, duration 13 secs
12:08:07 INFO  Executed sudo&lt;tedge_connect_c8y_test&gt;, exit status 0
12:08:08 INFO  Executed systemctl&lt;serv_mosq2&gt;, exit status 0
12:08:08 INFO  Executed systemctl&lt;serv_mapper3&gt;, exit status 0
12:08:09 INFO  Executed tedge, exit status 0
12:08:09 INFO  Executed tedge, exit status 0
12:08:10 INFO  Executed tedge, exit status 0
12:08:10 INFO  Executed tedge, exit status 0
12:08:10 INFO  Executed tedge, exit status 0
12:08:12 INFO  {
    &quot;severity&quot;: &quot;MINOR&quot;,
    &quot;creationTime&quot;: &quot;2022-06-29T12:08:10.543Z&quot;,
    &quot;count&quot;: 1,
    &quot;history&quot;: {
        &quot;auditRecords&quot;: [],
        &quot;self&quot;: &quot;https://t493319102.eu-latest.cumulocity.com/audit/auditRecords&quot;
    },
    &quot;source&quot;: {
        &quot;name&quot;: &quot;m32sd10b&quot;,
        &quot;self&quot;: &quot;https://t493319102.eu-latest.cumulocity.com/inventory/managedObjects/20555040&quot;,
        &quot;id&quot;: &quot;20555040&quot;
    },
    &quot;type&quot;: &quot;temperature_low&quot;,
    &quot;lastUpdated&quot;: &quot;2022-06-29T12:08:10.543Z&quot;,
    &quot;self&quot;: &quot;https://t493319102.eu-latest.cumulocity.com/alarm/alarms/20613331&quot;,
    &quot;time&quot;: &quot;2022-06-29T12:08:10.527Z&quot;,
    &quot;id&quot;: &quot;20613331&quot;,
    &quot;text&quot;: &quot;temperature low&quot;,
    &quot;status&quot;: &quot;ACTIVE&quot;
}
12:08:12 WARN  Assert that (actual == expected) with actual=&quot;temperature_low&quot;, expected=&quot;temperature_dangerous&quot; ... failed [run.py:124,run.py:99]
12:08:12 INFO       actual: &quot;temperature_low&quot;
12:08:12 INFO     expected: &quot;temperature_dangerous&quot;
12:08:12 INFO                            ^
12:08:12 WARN  Assert that (actual == expected) with actual=&quot;MINOR&quot;, expected=&quot;CRITICAL&quot; ... failed [run.py:129,run.py:99]
12:08:12 INFO       actual: &quot;MINOR&quot;
12:08:12 INFO     expected: &quot;CRITICAL&quot;
12:08:12 INFO                ^
12:08:12 WARN  Assert that (actual == expected) with actual=&quot;temperature low&quot;, expected=&quot;temperature is dangerously high&quot; ... failed [run.py:134,run.py:99]
12:08:12 INFO       actual: &quot;temperature low&quot;
12:08:12 INFO     expected: &quot;temperature is dangerously high&quot;
12:08:12 INFO                            ^
12:08:12 INFO  {
    &quot;severity&quot;: &quot;CRITICAL&quot;,
    &quot;creationTime&quot;: &quot;2022-06-29T12:08:10.135Z&quot;,
    &quot;count&quot;: 1,
    &quot;history&quot;: {
        &quot;auditRecords&quot;: [],
        &quot;self&quot;: &quot;https://t493319102.eu-latest.cumulocity.com/audit/auditRecords&quot;
    },
    &quot;source&quot;: {
        &quot;name&quot;: &quot;m32sd10b&quot;,
        &quot;self&quot;: &quot;https://t493319102.eu-latest.cumulocity.com/inventory/managedObjects/20555040&quot;,
        &quot;id&quot;: &quot;20555040&quot;
    },
    &quot;type&quot;: &quot;temperature_dangerous&quot;,
    &quot;lastUpdated&quot;: &quot;2022-06-29T12:08:10.135Z&quot;,
    &quot;self&quot;: &quot;https://t493319102.eu-latest.cumulocity.com/alarm/alarms/20613329&quot;,
    &quot;time&quot;: &quot;2022-06-29T12:08:10.120Z&quot;,
    &quot;id&quot;: &quot;20613329&quot;,
    &quot;text&quot;: &quot;temperature is dangerously high&quot;,
    &quot;status&quot;: &quot;ACTIVE&quot;
}
12:08:12 WARN  Assert that (actual == expected) with actual=&quot;temperature_dangerous&quot;, expected=&quot;temperature_very_high&quot; ... failed [run.py:124,run.py:102]
12:08:12 INFO       actual: &quot;temperature_dangerous&quot;
12:08:12 INFO     expected: &quot;temperature_very_high&quot;
12:08:12 INFO                            ^
12:08:12 WARN  Assert that (actual == expected) with actual=&quot;CRITICAL&quot;, expected=&quot;MAJOR&quot; ... failed [run.py:129,run.py:102]
12:08:12 INFO       actual: &quot;CRITICAL&quot;
12:08:12 INFO     expected: &quot;MAJOR&quot;
12:08:12 INFO                ^
12:08:12 WARN  Assert that (actual == expected) with actual=&quot;temperature is dangerously high&quot;, expected=&quot;temperature is very high&quot; ... failed [run.py:134,run.py:102]
12:08:12 INFO       actual: &quot;temperature is dangerously high&quot;
12:08:12 INFO     expected: &quot;temperature is very high&quot;
12:08:12 INFO                               ^
12:08:12 INFO  {
    &quot;severity&quot;: &quot;MAJOR&quot;,
    &quot;creationTime&quot;: &quot;2022-06-29T12:08:09.685Z&quot;,
    &quot;count&quot;: 1,
    &quot;history&quot;: {
        &quot;auditRecords&quot;: [],
        &quot;self&quot;: &quot;https://t493319102.eu-latest.cumulocity.com/audit/auditRecords&quot;
    },
    &quot;source&quot;: {
        &quot;name&quot;: &quot;m32sd10b&quot;,
        &quot;self&quot;: &quot;https://t493319102.eu-latest.cumulocity.com/inventory/managedObjects/20555040&quot;,
        &quot;id&quot;: &quot;20555040&quot;
    },
    &quot;type&quot;: &quot;temperature_very_high&quot;,
    &quot;lastUpdated&quot;: &quot;2022-06-29T12:08:09.685Z&quot;,
    &quot;self&quot;: &quot;https://t493319102.eu-latest.cumulocity.com/alarm/alarms/20613327&quot;,
    &quot;time&quot;: &quot;2022-06-29T12:08:09.670Z&quot;,
    &quot;id&quot;: &quot;20613327&quot;,
    &quot;text&quot;: &quot;temperature is very high&quot;,
    &quot;status&quot;: &quot;ACTIVE&quot;
}
12:08:12 WARN  Assert that (actual == expected) with actual=&quot;temperature_very_high&quot;, expected=&quot;temperature_high&quot; ... failed [run.py:124,run.py:109]
12:08:12 INFO       actual: &quot;temperature_very_high&quot;
12:08:12 INFO     expected: &quot;temperature_high&quot;
12:08:12 INFO                            ^
12:08:12 WARN  Assert that (actual == expected) with actual=&quot;MAJOR&quot;, expected=&quot;WARNING&quot; ... failed [run.py:129,run.py:109]
12:08:12 INFO       actual: &quot;MAJOR&quot;
12:08:12 INFO     expected: &quot;WARNING&quot;
12:08:12 INFO                ^
12:08:12 WARN  Assert that (actual == expected) with actual=&quot;temperature is very high&quot;, expected=&quot;temperature is high&quot; ... failed [run.py:134,run.py:109]
12:08:12 INFO       actual: &quot;temperature is very high&quot;
12:08:12 INFO     expected: &quot;temperature is high&quot;
12:08:12 INFO                               ^
12:08:12 WARN  Assert that (actual == expected) with actual=&quot;temperature_very_high&quot;, expected=&quot;temperature_high&quot; ... failed [run.py:140,run.py:109]
12:08:12 INFO       actual: &quot;temperature_very_high&quot;
12:08:12 INFO     expected: &quot;temperature_high&quot;
12:08:12 INFO                            ^
12:08:12 INFO  
12:08:12 INFO  cleanup:
12:08:12 INFO  Executed tedge, exit status 0
12:08:13 INFO  Executed tedge, exit status 0
12:08:13 INFO  Executed tedge, exit status 0
12:08:18 INFO  Executed sudo&lt;tedge_disconnect_c8y&gt;, exit status 0
12:08:18 INFO  Executed systemctl&lt;serv_mapper5&gt;, exit status 3
12:08:18 INFO  
12:08:18 INFO  Test duration: 25.97 secs
12:08:18 INFO  Test final outcome:  FAILED
12:08:18 INFO  Test outcome reason: Assert that (actual == expected) with actual=&quot;temperature_low&quot;, expected=&quot;temperature_dangerous&quot; (+9 other failures)
12:08:18 INFO  
</system-out>
	</testcase>
</testsuite>
