<?xml version="1.0" encoding="utf-8"?>
<testsuite failures="1" name="c8y_jwt_token_retrieval" skipped="0" tests="1" time="22.26" timestamp="2022-07-21T18:21:44">
	<testcase classname="ValidateJWTTokenRetrieval" name="c8y_jwt_token_retrieval">
		<failure message="FAILED: Grep on resp_jwt.out contains &quot;\[c8y/s/dat\] 71,&quot;" type="FAILED"/>
		<system-out>18:21:22 INFO  ==============================================================
18:21:22 INFO  Id:    c8y_jwt_token_retrieval
18:21:22 INFO  Dir:   cloud_c8y/
18:21:22 INFO  Title: Validate the Cumulocity JWT Token Retrieval feature
18:21:22 INFO  ==============================================================
18:21:23 INFO  Executed sudo&lt;tedge_disconnect_c8y&gt;, exit status 0
18:21:38 INFO  Executed sudo&lt;tedge_connect_c8y&gt;, exit status 0, duration 14 secs
18:21:38 INFO  Started sudo&lt;resp_jwt&gt; with process id 27800
18:21:38 INFO  Executed sudo&lt;req_jwt&gt;, exit status 0
18:21:40 INFO  Executed sudo&lt;kill_out&gt;, exit status 0
18:21:40 WARN  Grep on resp_jwt.out contains &quot;\[c8y/s/dat\] 71,&quot; ... failed [run.py:60]
18:21:40 INFO  
18:21:40 INFO  cleanup:
18:21:44 INFO  Executed sudo&lt;tedge_disconnect_c8y&gt;, exit status 0
18:21:44 INFO  
18:21:44 INFO  Test duration: 22.26 secs
18:21:44 INFO  Test final outcome:  FAILED
18:21:44 INFO  Test outcome reason: Grep on resp_jwt.out contains &quot;\[c8y/s/dat\] 71,&quot;
18:21:44 INFO  
</system-out>
	</testcase>
</testsuite>
