<?xml version="1.0" encoding="utf-8"?>
<testsuite failures="0" name="SoftwareManagement.Plugin.apama_plugin_install" skipped="1" tests="1" time="0.09" timestamp="2022-05-24T15:38:01">
	<testcase classname="ApamaPluginInstallTest" name="SoftwareManagement.Plugin.apama_plugin_install">
		<skipped message="SKIPPED: Apama plugin tests are disabled by default. Execute `pysys run` with `-XmyPlatform=container` to run these tests"/>
		<system-out>15:38:01 INFO  ==============================================================
15:38:01 INFO  Id:    SoftwareManagement.Plugin.apama_plugin_install
15:38:01 INFO  Dir:   plugin_apama/
15:38:01 INFO  Title: Validate apama plugin install
15:38:01 INFO  ==============================================================
15:38:01 INFO  Apama plugin tests are disabled by default. Execute `pysys run` with `-XmyPlatform=container` to run these tests ... skipped
15:38:01 WARN  Aborted test due to SKIPPED outcome
15:38:01 INFO  
15:38:01 INFO  Test duration: 0.09 secs
15:38:01 INFO  Test final outcome:  SKIPPED
15:38:01 INFO  Test outcome reason: Apama plugin tests are disabled by default. Execute `pysys run` with `-XmyPlatform=container` to run these tests
15:38:01 INFO  
</system-out>
	</testcase>
</testsuite>
