<?xml version="1.0" encoding="utf-8"?>
<testsuite failures="1" name="call_tedge_-h_-V" skipped="0" tests="1" time="0.48" timestamp="2022-05-23T15:08:25">
	<testcase classname="PySysTest" name="call_tedge_-h_-V">
		<failure message="FAILED: Grep on tedge.out contains &quot;tedge 0.6&quot;" type="FAILED"/>
		<system-out>15:08:25 INFO  ==============================================================
15:08:25 INFO  Id:    call_tedge_-h_-V
15:08:25 INFO  Dir:   tedge/
15:08:25 INFO  Title: Validate command line option -h -V
15:08:25 INFO  ==============================================================
15:08:25 INFO  Executed tedge, exit status 0
15:08:25 WARN  Grep on tedge.out contains &quot;tedge 0.6&quot; ... failed [run.py:32]
15:08:25 INFO  Grep on file tedge.out ... passed
15:08:25 INFO  
15:08:25 INFO  Test duration: 0.48 secs
15:08:25 INFO  Test final outcome:  FAILED
15:08:25 INFO  Test outcome reason: Grep on tedge.out contains &quot;tedge 0.6&quot;
15:08:25 INFO  
</system-out>
	</testcase>
</testsuite>
