<?xml version="1.0" encoding="utf-8"?>
<testsuite failures="0" name="mqtt_port_change_connection_works" skipped="1" tests="1" time="0.03" timestamp="2022-06-09T16:32:18">
	<testcase classname="MqttPortChangeConnectionWorks" name="mqtt_port_change_connection_works">
		<skipped message="SKIPPED: failing intermitently"/>
		<system-out>16:32:18 INFO  ==============================================================
16:32:18 INFO  Id:    mqtt_port_change_connection_works
16:32:18 INFO  Dir:   misc_features/
16:32:18 INFO  Title: mqtt port change connection works for all the thin-edge services that use the mosquitto broker
16:32:18 INFO  ==============================================================
16:32:18 INFO  failing intermitently ... skipped
16:32:18 INFO  
16:32:18 INFO  Test duration: 0.03 secs
16:32:18 INFO  Test final outcome:  SKIPPED
16:32:18 INFO  Test outcome reason: failing intermitently
16:32:18 INFO  
</system-out>
	</testcase>
</testsuite>
