<?xml version="1.0" encoding="utf-8"?>
<testsuite failures="1" name="agent_init_session" skipped="0" tests="1" time="5.98" timestamp="2022-07-20T10:55:53">
	<testcase classname="AgentInitSession" name="agent_init_session">
		<failure message="FAILED: Grep on sub_resp.out contains &quot;Ld3KgqpcLDlrYH6sfpG7w&quot;" type="FAILED"/>
		<system-out>10:55:47 INFO  ==============================================================
10:55:47 INFO  Id:    agent_init_session
10:55:47 INFO  Dir:   tedge_agent/
10:55:47 INFO  Title: Validate tedge agent init session feature
10:55:47 INFO  ==============================================================
10:55:47 INFO  Executed sudo&lt;remove_lock&gt;, exit status 0
10:55:48 INFO  Executed sudo&lt;agent_clear&gt;, exit status 0
10:55:48 INFO  Executed sudo&lt;agent_init&gt;, exit status 0
10:55:49 INFO  Executed sudo&lt;pub_req&gt;, exit status 0
10:55:49 INFO  Started sudo&lt;sub_resp&gt; with process id 22201
10:55:49 INFO  Executed sudo&lt;agent_start&gt;, exit status 0
10:55:49 INFO  Waiting for 2.0 seconds
10:55:52 INFO  Executed sudo&lt;agent_stop&gt;, exit status 0
10:55:53 INFO  Executed sudo&lt;sub_stop&gt;, exit status 0
10:55:53 WARN  Grep on sub_resp.out contains &quot;Ld3KgqpcLDlrYH6sfpG7w&quot; ... failed [run.py:87]
10:55:53 INFO  
10:55:53 INFO  Test duration: 5.98 secs
10:55:53 INFO  Test final outcome:  FAILED
10:55:53 INFO  Test outcome reason: Grep on sub_resp.out contains &quot;Ld3KgqpcLDlrYH6sfpG7w&quot;
10:55:53 INFO  
</system-out>
	</testcase>
</testsuite>
