<?xml version="1.0" encoding="utf-8"?>
<testsuite failures="0" name="apt_prepare_install_finalize" skipped="1" tests="1" time="0.05" timestamp="2022-06-08T12:59:57">
	<testcase classname="AptPluginPrepareInstallFinalize" name="apt_prepare_install_finalize">
		<skipped message="SKIPPED: Testing the apt plugin is not supported on this platform.To run the tests call PySys with -XmyPlatform='container'"/>
		<system-out>12:59:57 INFO  ==============================================================
12:59:57 INFO  Id:    apt_prepare_install_finalize
12:59:57 INFO  Dir:   plugin_apt/
12:59:57 INFO  Title: Validate apt plugin install use case
12:59:57 INFO  ==============================================================
12:59:57 INFO  Testing the apt plugin is not supported on this platform.To run the tests call PySys with -XmyPlatform='container' ... skipped
12:59:57 WARN  Aborted test due to SKIPPED outcome
12:59:57 INFO  
12:59:57 INFO  Test duration: 0.05 secs
12:59:57 INFO  Test final outcome:  SKIPPED
12:59:57 INFO  Test outcome reason: Testing the apt plugin is not supported on this platform.To run the tests call PySys with -XmyPlatform='container'
12:59:57 INFO  
</system-out>
	</testcase>
</testsuite>
