<?xml version="1.0" encoding="utf-8"?>
<testsuite failures="1" name="monitoring_smaller_interval" skipped="0" tests="1" time="14.9" timestamp="2022-07-26T16:15:44">
	<testcase classname="MonitoringSmallInterval" name="monitoring_smaller_interval">
		<failure message="BLOCKED: TypeError: 'int' object is not subscriptable" type="BLOCKED"/>
		<system-out>16:15:29 INFO  ==============================================================
16:15:29 INFO  Id:    monitoring_smaller_interval
16:15:29 INFO  Dir:   monitoring/
16:15:29 INFO  Title: Validate the tedge dm agent messages that are produced with smaller sampling interval than the batching window. Here the simulated collectd messages are used
16:15:29 INFO  ==============================================================
16:15:29 INFO  Executed sudo&lt;collectd&gt;, exit status 0
16:15:30 INFO  Executed sudo&lt;collectd_mapper&gt;, exit status 0
16:15:30 INFO  Started sudo&lt;tedge_sub&gt; with process id 4889
16:15:31 INFO  Executed sudo&lt;tedge_temp&gt;, exit status 0
16:15:31 INFO  Executed sudo&lt;tedge_pres&gt;, exit status 0
16:15:32 INFO  Executed sudo&lt;tedge_temp&gt;, exit status 0
16:15:32 INFO  Executed sudo&lt;tedge_pres&gt;, exit status 0
16:15:33 INFO  Executed sudo&lt;tedge_temp&gt;, exit status 0
16:15:33 INFO  Executed sudo&lt;tedge_pres&gt;, exit status 0
16:15:34 INFO  Executed sudo&lt;tedge_temp&gt;, exit status 0
16:15:35 INFO  Executed sudo&lt;tedge_pres&gt;, exit status 0
16:15:35 INFO  Executed sudo&lt;tedge_temp&gt;, exit status 0
16:15:36 INFO  Executed sudo&lt;tedge_pres&gt;, exit status 0
16:15:36 INFO  Executed sudo&lt;tedge_temp&gt;, exit status 0
16:15:37 INFO  Executed sudo&lt;tedge_pres&gt;, exit status 0
16:15:37 INFO  Executed sudo&lt;tedge_temp&gt;, exit status 0
16:15:38 INFO  Executed sudo&lt;tedge_pres&gt;, exit status 0
16:15:39 INFO  Executed sudo&lt;tedge_temp&gt;, exit status 0
16:15:39 INFO  Executed sudo&lt;tedge_pres&gt;, exit status 0
16:15:40 INFO  Executed sudo&lt;tedge_temp&gt;, exit status 0
16:15:40 INFO  Executed sudo&lt;tedge_pres&gt;, exit status 0
16:15:41 INFO  Executed sudo&lt;tedge_temp&gt;, exit status 0
16:15:41 INFO  Executed sudo&lt;tedge_pres&gt;, exit status 0
16:15:43 INFO  Executed sudo&lt;kill_out&gt;, exit status 0
16:15:43 INFO  0

16:15:43 WARN  TypeError occurred while running test - 'int' object is not subscriptable
Traceback (most recent call last):
  File &quot;/home/pi/env-pysys/lib/python3.7/site-packages/pysys/baserunner.py&quot;, line 1296, in __call__
    self.testObj.validate()
  File &quot;/home/pi/actions-runner/_work/thin-edge.io/thin-edge.io/tests/PySys/monitoring/monitoring_smaller_interval/run.py&quot;, line 104, in validate
    collectd_msg_validation_result=self.validate_json(),
  File &quot;/home/pi/actions-runner/_work/thin-edge.io/thin-edge.io/tests/PySys/monitoring/monitoring_smaller_interval/run.py&quot;, line 114, in validate_json
    if not self.validate_time():
  File &quot;/home/pi/actions-runner/_work/thin-edge.io/thin-edge.io/tests/PySys/monitoring/monitoring_smaller_interval/run.py&quot;, line 134, in validate_time
    if self.js_msg[&quot;time&quot;]:
TypeError: 'int' object is not subscriptable
16:15:43 WARN  TypeError: 'int' object is not subscriptable ... blocked 
16:15:43 INFO  
16:15:43 INFO  cleanup:
16:15:43 INFO  monitoring_cleanup
16:15:44 INFO  Executed sudo&lt;collectd_mapper&gt;, exit status 0
16:15:44 INFO  
16:15:44 INFO  Test duration: 14.90 secs
16:15:44 INFO  Test final outcome:  BLOCKED
16:15:44 INFO  Test outcome reason: TypeError: 'int' object is not subscriptable
16:15:44 INFO  
</system-out>
	</testcase>
</testsuite>
