<?xml version="1.0" encoding="utf-8"?>
<testsuite failures="0" name="apt_fail_noarg" skipped="1" tests="1" time="0.04" timestamp="2022-05-24T10:43:41">
	<testcase classname="AptPluginFailNoArg" name="apt_fail_noarg">
		<skipped message="SKIPPED: Testing the apt plugin is not supported on this platform.To run the tests call PySys with -XmyPlatform='container'"/>
		<system-out>10:43:41 INFO  ==============================================================
10:43:41 INFO  Id:    apt_fail_noarg
10:43:41 INFO  Dir:   plugin_apt/
10:43:41 INFO  Title: Validate apt plugin fetures(prepare, list, install, remove finalize) without arguments
10:43:41 INFO  ==============================================================
10:43:41 INFO  Testing the apt plugin is not supported on this platform.To run the tests call PySys with -XmyPlatform='container' ... skipped
10:43:41 WARN  Aborted test due to SKIPPED outcome
10:43:41 INFO  
10:43:41 INFO  Test duration: 0.04 secs
10:43:41 INFO  Test final outcome:  SKIPPED
10:43:41 INFO  Test outcome reason: Testing the apt plugin is not supported on this platform.To run the tests call PySys with -XmyPlatform='container'
10:43:41 INFO  
</system-out>
	</testcase>
</testsuite>
