<?xml version="1.0" encoding="utf-8"?>
<testsuite failures="0" name="agent_init_session" skipped="0" tests="1" time="6.01" timestamp="2022-06-15T11:05:39">
	<testcase classname="AgentInitSession" name="agent_init_session"/>
</testsuite>
