<?xml version="1.0" encoding="utf-8"?>
<testsuite failures="0" name="apt_install_fail" skipped="1" tests="1" time="0.02" timestamp="2022-05-20T11:14:38">
	<testcase classname="AptPluginInstallFail" name="apt_install_fail">
		<skipped message="SKIPPED: Testing the apt plugin is not supported on this platform.To run the tests call PySys with -XmyPlatform='container'"/>
		<system-out>11:14:38 INFO  ==============================================================
11:14:38 INFO  Id:    apt_install_fail
11:14:38 INFO  Dir:   plugin_apt/
11:14:38 INFO  Title: Validate apt plugin prepare - failing
11:14:38 INFO  ==============================================================
11:14:38 INFO  Testing the apt plugin is not supported on this platform.To run the tests call PySys with -XmyPlatform='container' ... skipped
11:14:38 WARN  Aborted test due to SKIPPED outcome
11:14:38 INFO  
11:14:38 INFO  Test duration: 0.02 secs
11:14:38 INFO  Test final outcome:  SKIPPED
11:14:38 INFO  Test outcome reason: Testing the apt plugin is not supported on this platform.To run the tests call PySys with -XmyPlatform='container'
11:14:38 INFO  
</system-out>
	</testcase>
</testsuite>
