<?xml version="1.0" encoding="utf-8"?>
<testsuite failures="0" name="apt_sequence_install_with_version" skipped="1" tests="1" time="0.02" timestamp="2022-07-20T12:53:03">
	<testcase classname="AptPluginPrepInstallWithVersionFinalize" name="apt_sequence_install_with_version">
		<skipped message="SKIPPED: Testing the apt plugin is not supported on this platform.To run the tests call PySys with -XmyPlatform='container'"/>
		<system-out>12:53:03 INFO  ==============================================================
12:53:03 INFO  Id:    apt_sequence_install_with_version
12:53:03 INFO  Dir:   plugin_apt/
12:53:03 INFO  Title: Validate apt plugin install with version use case
12:53:03 INFO  ==============================================================
12:53:03 INFO  Testing the apt plugin is not supported on this platform.To run the tests call PySys with -XmyPlatform='container' ... skipped
12:53:03 WARN  Aborted test due to SKIPPED outcome
12:53:03 INFO  
12:53:03 INFO  Test duration: 0.02 secs
12:53:03 INFO  Test final outcome:  SKIPPED
12:53:03 INFO  Test outcome reason: Testing the apt plugin is not supported on this platform.To run the tests call PySys with -XmyPlatform='container'
12:53:03 INFO  
</system-out>
	</testcase>
</testsuite>
