<?xml version="1.0" encoding="utf-8"?>
<testsuite failures="0" name="docker_plugin_install" skipped="1" tests="1" time="0.04" timestamp="2022-07-13T11:35:44">
	<testcase classname="DockerPluginInstallTest" name="docker_plugin_install">
		<skipped message="SKIPPED: Testing the docker plugin is not supported on this platform.To run it, all the test with -XmyPlatform='container'"/>
		<system-out>11:35:44 INFO  ==============================================================
11:35:44 INFO  Id:    docker_plugin_install
11:35:44 INFO  Dir:   plugin_docker/
11:35:44 INFO  Title: Validate docker plugin install
11:35:44 INFO  ==============================================================
11:35:44 INFO  Testing the docker plugin is not supported on this platform.To run it, all the test with -XmyPlatform='container' ... skipped
11:35:44 WARN  Aborted test due to SKIPPED outcome
11:35:44 INFO  
11:35:44 INFO  Test duration: 0.04 secs
11:35:44 INFO  Test final outcome:  SKIPPED
11:35:44 INFO  Test outcome reason: Testing the docker plugin is not supported on this platform.To run it, all the test with -XmyPlatform='container'
11:35:44 INFO  
</system-out>
	</testcase>
</testsuite>
