<?xml version="1.0" encoding="utf-8"?>
<testsuite failures="0" name="apt_install" skipped="1" tests="1" time="0.03" timestamp="2022-07-22T07:25:57">
	<testcase classname="AptPluginInstallDense" name="apt_install">
		<skipped message="SKIPPED: Testing the apt plugin is not supported on this platform.To run the tests call PySys with -XmyPlatform='container'"/>
		<system-out>07:25:57 INFO  ==============================================================
07:25:57 INFO  Id:    apt_install
07:25:57 INFO  Dir:   plugin_apt/
07:25:57 INFO  Title: Validate apt plugin prepare - dense version
07:25:57 INFO  ==============================================================
07:25:57 INFO  Testing the apt plugin is not supported on this platform.To run the tests call PySys with -XmyPlatform='container' ... skipped
07:25:57 WARN  Aborted test due to SKIPPED outcome
07:25:57 INFO  
07:25:57 INFO  Test duration: 0.03 secs
07:25:57 INFO  Test final outcome:  SKIPPED
07:25:57 INFO  Test outcome reason: Testing the apt plugin is not supported on this platform.To run the tests call PySys with -XmyPlatform='container'
07:25:57 INFO  
</system-out>
	</testcase>
</testsuite>
