<?xml version="1.0" encoding="utf-8"?>
<testsuite failures="0" name="docker_plugin_remove" skipped="1" tests="1" time="0.02" timestamp="2022-07-22T00:28:25">
	<testcase classname="DockerPluginRemoveTest" name="docker_plugin_remove">
		<skipped message="SKIPPED: Testing the docker plugin is not supported on this platform.To run it, all the test with -XmyPlatform='container'"/>
		<system-out>00:28:25 INFO  ==============================================================
00:28:25 INFO  Id:    docker_plugin_remove
00:28:25 INFO  Dir:   plugin_docker/
00:28:25 INFO  Title: Validate docker plugin remove
00:28:25 INFO  ==============================================================
00:28:25 INFO  Testing the docker plugin is not supported on this platform.To run it, all the test with -XmyPlatform='container' ... skipped
00:28:25 WARN  Aborted test due to SKIPPED outcome
00:28:25 INFO  
00:28:25 INFO  Test duration: 0.02 secs
00:28:25 INFO  Test final outcome:  SKIPPED
00:28:25 INFO  Test outcome reason: Testing the docker plugin is not supported on this platform.To run it, all the test with -XmyPlatform='container'
00:28:25 INFO  
</system-out>
	</testcase>
</testsuite>
