<?xml version="1.0" encoding="utf-8"?>
<testsuite failures="0" name="SoftwareManagement.sm_apt_install_remove" skipped="1" tests="1" time="0.05" timestamp="2022-06-29T12:04:03">
	<testcase classname="PySysTest" name="SoftwareManagement.sm_apt_install_remove">
		<skipped message="SKIPPED: Testing the apt plugin is not supported on this platform.Use parameter -XmyPlatform='container' to enable it"/>
		<system-out>12:04:03 INFO  ==============================================================
12:04:03 INFO  Id:    SoftwareManagement.sm_apt_install_remove
12:04:03 INFO  Dir:   software_management_end_to_end/
12:04:03 INFO  Title: Validate end to end behaviour for the apt plugin for installation and removal of packages
12:04:03 INFO  ==============================================================
12:04:03 INFO  Testing the apt plugin is not supported on this platform.Use parameter -XmyPlatform='container' to enable it ... skipped
12:04:03 WARN  Aborted test due to SKIPPED outcome
12:04:03 INFO  
12:04:03 INFO  Test duration: 0.05 secs
12:04:03 INFO  Test final outcome:  SKIPPED
12:04:03 INFO  Test outcome reason: Testing the apt plugin is not supported on this platform.Use parameter -XmyPlatform='container' to enable it
12:04:03 INFO  
</system-out>
	</testcase>
</testsuite>
