<?xml version="1.0" encoding="utf-8"?>
<testsuite failures="0" name="docker_plugin_finalize" skipped="1" tests="1" time="0.05" timestamp="2022-07-25T10:18:00">
	<testcase classname="DockerPluginFinalizeTest" name="docker_plugin_finalize">
		<skipped message="SKIPPED: Testing the docker plugin is not supported on this platform.To run it, all the test with -XmyPlatform='container'"/>
		<system-out>10:18:00 INFO  ==============================================================
10:18:00 INFO  Id:    docker_plugin_finalize
10:18:00 INFO  Dir:   plugin_docker/
10:18:00 INFO  Title: Validate docker plugin finalize command
10:18:00 INFO  ==============================================================
10:18:00 INFO  Testing the docker plugin is not supported on this platform.To run it, all the test with -XmyPlatform='container' ... skipped
10:18:00 WARN  Aborted test due to SKIPPED outcome
10:18:00 INFO  
10:18:00 INFO  Test duration: 0.05 secs
10:18:00 INFO  Test final outcome:  SKIPPED
10:18:00 INFO  Test outcome reason: Testing the docker plugin is not supported on this platform.To run it, all the test with -XmyPlatform='container'
10:18:00 INFO  
</system-out>
	</testcase>
</testsuite>
