<?xml version="1.0" encoding="utf-8"?>
<testsuite failures="0" name="docker_plugin_finalize" skipped="1" tests="1" time="0.05" timestamp="2022-06-10T09:12:40">
	<testcase classname="DockerPluginFinalizeTest" name="docker_plugin_finalize">
		<skipped message="SKIPPED: Testing the docker plugin is not supported on this platform.To run it, all the test with -XmyPlatform='container'"/>
		<system-out>09:12:40 INFO  ==============================================================
09:12:40 INFO  Id:    docker_plugin_finalize
09:12:40 INFO  Dir:   plugin_docker/
09:12:40 INFO  Title: Validate docker plugin finalize command
09:12:40 INFO  ==============================================================
09:12:40 INFO  Testing the docker plugin is not supported on this platform.To run it, all the test with -XmyPlatform='container' ... skipped
09:12:40 WARN  Aborted test due to SKIPPED outcome
09:12:40 INFO  
09:12:40 INFO  Test duration: 0.05 secs
09:12:40 INFO  Test final outcome:  SKIPPED
09:12:40 INFO  Test outcome reason: Testing the docker plugin is not supported on this platform.To run it, all the test with -XmyPlatform='container'
09:12:40 INFO  
</system-out>
	</testcase>
</testsuite>
