<?xml version="1.0" encoding="utf-8"?>
<testsuite failures="0" name="apt_fail_noarg" skipped="1" tests="1" time="0.07" timestamp="2022-07-25T10:17:56">
	<testcase classname="AptPluginFailNoArg" name="apt_fail_noarg">
		<skipped message="SKIPPED: Testing the apt plugin is not supported on this platform.To run the tests call PySys with -XmyPlatform='container'"/>
		<system-out>10:17:56 INFO  ==============================================================
10:17:56 INFO  Id:    apt_fail_noarg
10:17:56 INFO  Dir:   plugin_apt/
10:17:56 INFO  Title: Validate apt plugin fetures(prepare, list, install, remove finalize) without arguments
10:17:56 INFO  ==============================================================
10:17:56 INFO  Testing the apt plugin is not supported on this platform.To run the tests call PySys with -XmyPlatform='container' ... skipped
10:17:56 WARN  Aborted test due to SKIPPED outcome
10:17:56 INFO  
10:17:56 INFO  Test duration: 0.07 secs
10:17:56 INFO  Test final outcome:  SKIPPED
10:17:56 INFO  Test outcome reason: Testing the apt plugin is not supported on this platform.To run the tests call PySys with -XmyPlatform='container'
10:17:56 INFO  
</system-out>
	</testcase>
</testsuite>
