<?xml version="1.0" encoding="utf-8"?>
<testsuite failures="0" name="docker_plugin_install_with_version" skipped="1" tests="1" time="0.02" timestamp="2022-07-15T07:40:39">
	<testcase classname="DockerPluginInstallWithVersionTest" name="docker_plugin_install_with_version">
		<skipped message="SKIPPED: Testing the docker plugin is not supported on this platform.To run it, all the test with -XmyPlatform='container'"/>
		<system-out>07:40:39 INFO  ==============================================================
07:40:39 INFO  Id:    docker_plugin_install_with_version
07:40:39 INFO  Dir:   plugin_docker/
07:40:39 INFO  Title: Validate docker plugin install
07:40:39 INFO  ==============================================================
07:40:39 INFO  Testing the docker plugin is not supported on this platform.To run it, all the test with -XmyPlatform='container' ... skipped
07:40:39 WARN  Aborted test due to SKIPPED outcome
07:40:39 INFO  
07:40:39 INFO  Test duration: 0.02 secs
07:40:39 INFO  Test final outcome:  SKIPPED
07:40:39 INFO  Test outcome reason: Testing the docker plugin is not supported on this platform.To run it, all the test with -XmyPlatform='container'
07:40:39 INFO  
</system-out>
	</testcase>
</testsuite>
