<?xml version="1.0" encoding="utf-8"?>
<testsuite failures="0" name="docker_plugin_remove" skipped="1" tests="1" time="0.02" timestamp="2022-06-22T18:47:18">
	<testcase classname="DockerPluginRemoveTest" name="docker_plugin_remove">
		<skipped message="SKIPPED: Testing the docker plugin is not supported on this platform.To run it, all the test with -XmyPlatform='container'"/>
		<system-out>18:47:18 INFO  ==============================================================
18:47:18 INFO  Id:    docker_plugin_remove
18:47:18 INFO  Dir:   plugin_docker/
18:47:18 INFO  Title: Validate docker plugin remove
18:47:18 INFO  ==============================================================
18:47:18 INFO  Testing the docker plugin is not supported on this platform.To run it, all the test with -XmyPlatform='container' ... skipped
18:47:18 WARN  Aborted test due to SKIPPED outcome
18:47:18 INFO  
18:47:18 INFO  Test duration: 0.02 secs
18:47:18 INFO  Test final outcome:  SKIPPED
18:47:18 INFO  Test outcome reason: Testing the docker plugin is not supported on this platform.To run it, all the test with -XmyPlatform='container'
18:47:18 INFO  
</system-out>
	</testcase>
</testsuite>
