<?xml version="1.0" encoding="utf-8"?>
<testsuite failures="0" name="SoftwareManagement.Plugin.apama_plugin_mon_support" skipped="1" tests="1" time="0.04" timestamp="2022-07-22T15:48:44">
	<testcase classname="ApamaPluginMonSupportTest" name="SoftwareManagement.Plugin.apama_plugin_mon_support">
		<skipped message="SKIPPED: Apama plugin tests are disabled by default. Execute `pysys run` with `-XmyPlatform=container` to run these tests"/>
		<system-out>15:48:44 INFO  ==============================================================
15:48:44 INFO  Id:    SoftwareManagement.Plugin.apama_plugin_mon_support
15:48:44 INFO  Dir:   plugin_apama/
15:48:44 INFO  Title: Validate mon file support of apama plugin
15:48:44 INFO  ==============================================================
15:48:44 INFO  Apama plugin tests are disabled by default. Execute `pysys run` with `-XmyPlatform=container` to run these tests ... skipped
15:48:44 WARN  Aborted test due to SKIPPED outcome
15:48:44 INFO  
15:48:44 INFO  Test duration: 0.04 secs
15:48:44 INFO  Test final outcome:  SKIPPED
15:48:44 INFO  Test outcome reason: Apama plugin tests are disabled by default. Execute `pysys run` with `-XmyPlatform=container` to run these tests
15:48:44 INFO  
</system-out>
	</testcase>
</testsuite>
