<?xml version="1.0" encoding="utf-8"?>
<testsuite failures="0" name="smoketest_smartrest" skipped="0" tests="1" time="47.75" timestamp="2022-06-20T16:43:30">
	<testcase classname="SmoketestSmartRest" name="smoketest_smartrest"/>
</testsuite>
