<?xml version="1.0" encoding="utf-8"?>
<testsuite failures="0" name="publish_flux" skipped="0" tests="1" time="73.62" timestamp="2022-07-21T19:56:50">
	<testcase classname="PublishFlux" name="publish_flux"/>
</testsuite>
