<?xml version="1.0" encoding="utf-8"?>
<testsuite failures="0" name="tedge_agent_user_sudo_access" skipped="1" tests="1" time="0.02" timestamp="2022-07-27T09:25:50">
	<testcase classname="TedgeAgentUserSudoAccess" name="tedge_agent_user_sudo_access">
		<skipped message="SKIPPED: #955 Observation: Exit code of the apt plugin when called with no arguments"/>
		<system-out>09:25:50 INFO  ==============================================================
09:25:50 INFO  Id:    tedge_agent_user_sudo_access
09:25:50 INFO  Dir:   tedge/
09:25:50 INFO  Title: Validate tedge-agent user has a limited sudo right
09:25:50 INFO  ==============================================================
09:25:50 INFO  #955 Observation: Exit code of the apt plugin when called with no arguments ... skipped
09:25:50 INFO  
09:25:50 INFO  Test duration: 0.02 secs
09:25:50 INFO  Test final outcome:  SKIPPED
09:25:50 INFO  Test outcome reason: #955 Observation: Exit code of the apt plugin when called with no arguments
09:25:50 INFO  
</system-out>
	</testcase>
</testsuite>
