<?xml version="1.0" encoding="utf-8"?>
<testsuite failures="0" name="smoketest_json" skipped="0" tests="1" time="46.19" timestamp="2022-06-16T14:11:15">
	<testcase classname="SmokeTestJson" name="smoketest_json"/>
</testsuite>
