<?xml version="1.0" encoding="utf-8"?>
<testsuite failures="1" name="mapper_awaits_before_reconnect" skipped="0" tests="1" time="8.13" timestamp="2022-05-25T11:05:00">
	<testcase classname="MapperReconnectAwait" name="mapper_awaits_before_reconnect">
		<failure message="FAILED: Line count on tedge_mapper_journal.out for &quot;tedge_mapper::core::mapper: MQTT connection error:&quot; expected &gt;=2 but got 0" type="FAILED"/>
		<system-out>11:04:52 INFO  ==============================================================
11:04:52 INFO  Id:    mapper_awaits_before_reconnect
11:04:52 INFO  Dir:   tedge_mapper_c8y/
11:04:52 INFO  Title: Validate mapper doesn't reconnect too often
11:04:52 INFO  ==============================================================
11:04:52 INFO  Started mosquitto_sub with process id 28887
11:04:52 INFO  Waiting for 0.1 seconds
11:04:53 INFO  Executed sudo&lt;tedge_mapper&gt;, exit status 0
11:04:53 INFO  Waiting for 5.0 seconds
11:04:58 INFO  Executed sudo&lt;tedge_mapper&gt;, exit status 0
11:05:00 INFO  Executed sudo&lt;tedge_mapper_journal&gt;, exit status 0
11:05:00 WARN  Grep on tedge_mapper_journal.out contains &quot;ERROR&quot; ... failed [run.py:67]
11:05:00 INFO  Line count on file tedge_mapper_journal.out ... passed
11:05:00 WARN  Line count on tedge_mapper_journal.out for &quot;tedge_mapper::core::mapper: MQTT connection error:&quot; expected &gt;=2 but got 0 ... failed [run.py:78]
11:05:00 WARN  Aborted test due to FAILED outcome
11:05:00 INFO  
11:05:00 INFO  Test duration: 8.13 secs
11:05:00 INFO  Test final outcome:  FAILED
11:05:00 INFO  Test outcome reason: Line count on tedge_mapper_journal.out for &quot;tedge_mapper::core::mapper: MQTT connection error:&quot; expected &gt;=2 but got 0
11:05:00 INFO  
</system-out>
	</testcase>
</testsuite>
