<?xml version="1.0" encoding="utf-8"?>
<testsuite failures="0" name="SoftwareManagement.Plugin.apama_plugin_install" skipped="1" tests="1" time="0.05" timestamp="2022-07-22T14:18:19">
	<testcase classname="ApamaPluginInstallTest" name="SoftwareManagement.Plugin.apama_plugin_install">
		<skipped message="SKIPPED: Apama plugin tests are disabled by default. Execute `pysys run` with `-XmyPlatform=container` to run these tests"/>
		<system-out>14:18:19 INFO  ==============================================================
14:18:19 INFO  Id:    SoftwareManagement.Plugin.apama_plugin_install
14:18:19 INFO  Dir:   plugin_apama/
14:18:19 INFO  Title: Validate apama plugin install
14:18:19 INFO  ==============================================================
14:18:19 INFO  Apama plugin tests are disabled by default. Execute `pysys run` with `-XmyPlatform=container` to run these tests ... skipped
14:18:19 WARN  Aborted test due to SKIPPED outcome
14:18:19 INFO  
14:18:19 INFO  Test duration: 0.05 secs
14:18:19 INFO  Test final outcome:  SKIPPED
14:18:19 INFO  Test outcome reason: Apama plugin tests are disabled by default. Execute `pysys run` with `-XmyPlatform=container` to run these tests
14:18:19 INFO  
</system-out>
	</testcase>
</testsuite>
