<?xml version="1.0" encoding="utf-8"?>
<testsuite failures="0" name="publish_flux" skipped="0" tests="1" time="73.13" timestamp="2022-07-25T15:03:52">
	<testcase classname="PublishFlux" name="publish_flux"/>
</testsuite>
