<?xml version="1.0" encoding="utf-8"?>
<testsuite failures="0" name="apt_install_fail" skipped="1" tests="1" time="0.02" timestamp="2022-05-23T19:07:47">
	<testcase classname="AptPluginInstallFail" name="apt_install_fail">
		<skipped message="SKIPPED: Testing the apt plugin is not supported on this platform.To run the tests call PySys with -XmyPlatform='container'"/>
		<system-out>19:07:47 INFO  ==============================================================
19:07:47 INFO  Id:    apt_install_fail
19:07:47 INFO  Dir:   plugin_apt/
19:07:47 INFO  Title: Validate apt plugin prepare - failing
19:07:47 INFO  ==============================================================
19:07:47 INFO  Testing the apt plugin is not supported on this platform.To run the tests call PySys with -XmyPlatform='container' ... skipped
19:07:47 WARN  Aborted test due to SKIPPED outcome
19:07:47 INFO  
19:07:47 INFO  Test duration: 0.02 secs
19:07:47 INFO  Test final outcome:  SKIPPED
19:07:47 INFO  Test outcome reason: Testing the apt plugin is not supported on this platform.To run the tests call PySys with -XmyPlatform='container'
19:07:47 INFO  
</system-out>
	</testcase>
</testsuite>
