<?xml version="1.0" encoding="utf-8"?>
<testsuite failures="0" name="apt_wrong_option" skipped="1" tests="1" time="0.02" timestamp="2022-07-21T09:57:52">
	<testcase classname="AptPluginWrongOption" name="apt_wrong_option">
		<skipped message="SKIPPED: Testing the apt plugin is not supported on this platform.To run the tests call PySys with -XmyPlatform='container'"/>
		<system-out>09:57:52 INFO  ==============================================================
09:57:52 INFO  Id:    apt_wrong_option
09:57:52 INFO  Dir:   plugin_apt/
09:57:52 INFO  Title: Validate apt plugin install
09:57:52 INFO  ==============================================================
09:57:52 INFO  Testing the apt plugin is not supported on this platform.To run the tests call PySys with -XmyPlatform='container' ... skipped
09:57:52 WARN  Aborted test due to SKIPPED outcome
09:57:52 INFO  
09:57:52 INFO  Test duration: 0.02 secs
09:57:52 INFO  Test final outcome:  SKIPPED
09:57:52 INFO  Test outcome reason: Testing the apt plugin is not supported on this platform.To run the tests call PySys with -XmyPlatform='container'
09:57:52 INFO  
</system-out>
	</testcase>
</testsuite>
