<?xml version="1.0" encoding="utf-8"?>
<testsuite failures="0" name="tedge_software_update" skipped="0" tests="1" time="26.01" timestamp="2022-05-20T11:25:08">
	<testcase classname="PySysTest" name="tedge_software_update"/>
</testsuite>
