<?xml version="1.0" encoding="utf-8"?>
<testsuite failures="0" name="SoftwareManagement.sm_apt_install_remove_with_version" skipped="1" tests="1" time="0.02" timestamp="2022-07-21T12:00:36">
	<testcase classname="PySysTest" name="SoftwareManagement.sm_apt_install_remove_with_version">
		<skipped message="SKIPPED: Testing the apt plugin is not supported on this platform.Use parameter -XmyPlatform='container' to enable it"/>
		<system-out>12:00:36 INFO  ==============================================================
12:00:36 INFO  Id:    SoftwareManagement.sm_apt_install_remove_with_version
12:00:36 INFO  Dir:   software_management_end_to_end/
12:00:36 INFO  Title: Validate end to end behaviour for the apt plugin for packages with version
12:00:36 INFO  ==============================================================
12:00:36 INFO  Testing the apt plugin is not supported on this platform.Use parameter -XmyPlatform='container' to enable it ... skipped
12:00:36 WARN  Aborted test due to SKIPPED outcome
12:00:36 INFO  
12:00:36 INFO  Test duration: 0.02 secs
12:00:36 INFO  Test final outcome:  SKIPPED
12:00:36 INFO  Test outcome reason: Testing the apt plugin is not supported on this platform.Use parameter -XmyPlatform='container' to enable it
12:00:36 INFO  
</system-out>
	</testcase>
</testsuite>
