<?xml version="1.0" encoding="utf-8"?>
<testsuite failures="0" name="SoftwareManagement.sm_fake_install_remove_multiple" skipped="1" tests="1" time="0.03" timestamp="2022-05-23T16:57:28">
	<testcase classname="PySysTest" name="SoftwareManagement.sm_fake_install_remove_multiple">
		<skipped message="SKIPPED: Testing the fake plugin is not enabled.Use parameter -Xfakeplugin=fakeplugin to enable it"/>
		<system-out>16:57:28 INFO  ==============================================================
16:57:28 INFO  Id:    SoftwareManagement.sm_fake_install_remove_multiple
16:57:28 INFO  Dir:   software_management_end_to_end/
16:57:28 INFO  Title: Validate end to end behaviour for the dummy-plugin for multiple packages
16:57:28 INFO  ==============================================================
16:57:28 INFO  Testing the fake plugin is not enabled.Use parameter -Xfakeplugin=fakeplugin to enable it ... skipped
16:57:28 WARN  Aborted test due to SKIPPED outcome
16:57:28 INFO  
16:57:28 INFO  Test duration: 0.03 secs
16:57:28 INFO  Test final outcome:  SKIPPED
16:57:28 INFO  Test outcome reason: Testing the fake plugin is not enabled.Use parameter -Xfakeplugin=fakeplugin to enable it
16:57:28 INFO  
</system-out>
	</testcase>
</testsuite>
