<?xml version="1.0" encoding="utf-8"?>
<testsuite failures="0" name="SoftwareManagement.sm_apt_install_download_path" skipped="1" tests="1" time="0.09" timestamp="2022-07-16T17:25:44">
	<testcase classname="AptInstallWithDownloadPath" name="SoftwareManagement.sm_apt_install_download_path">
		<skipped message="SKIPPED: Testing the apt plugin is not supported on this platform.Use parameter -XmyPlatform='container' to enable it"/>
		<system-out>17:25:44 INFO  ==============================================================
17:25:44 INFO  Id:    SoftwareManagement.sm_apt_install_download_path
17:25:44 INFO  Dir:   software_management_end_to_end/
17:25:44 INFO  Title: Install package to directory specified in tedge config set tmp.path
17:25:44 INFO  ==============================================================
17:25:44 INFO  Testing the apt plugin is not supported on this platform.Use parameter -XmyPlatform='container' to enable it ... skipped
17:25:44 WARN  Aborted test due to SKIPPED outcome
17:25:44 INFO  
17:25:44 INFO  Test duration: 0.09 secs
17:25:44 INFO  Test final outcome:  SKIPPED
17:25:44 INFO  Test outcome reason: Testing the apt plugin is not supported on this platform.Use parameter -XmyPlatform='container' to enable it
17:25:44 INFO  
</system-out>
	</testcase>
</testsuite>
