<?xml version="1.0" encoding="utf-8"?>
<testsuite failures="1" name="call_tedge_-h_-V" skipped="0" tests="1" time="0.54" timestamp="2022-07-15T07:50:15">
	<testcase classname="PySysTest" name="call_tedge_-h_-V">
		<failure message="FAILED: Grep on tedge.out contains &quot;tedge 0.6&quot;" type="FAILED"/>
		<system-out>07:50:14 INFO  ==============================================================
07:50:14 INFO  Id:    call_tedge_-h_-V
07:50:14 INFO  Dir:   tedge/
07:50:14 INFO  Title: Validate command line option -h -V
07:50:14 INFO  ==============================================================
07:50:15 INFO  Executed tedge, exit status 0
07:50:15 WARN  Grep on tedge.out contains &quot;tedge 0.6&quot; ... failed [run.py:32]
07:50:15 INFO  Grep on file tedge.out ... passed
07:50:15 INFO  
07:50:15 INFO  Test duration: 0.54 secs
07:50:15 INFO  Test final outcome:  FAILED
07:50:15 INFO  Test outcome reason: Grep on tedge.out contains &quot;tedge 0.6&quot;
07:50:15 INFO  
</system-out>
	</testcase>
</testsuite>
