<?xml version="1.0" encoding="utf-8"?>
<testsuite failures="0" name="c8y_restart_bridge" skipped="0" tests="1" time="21.55" timestamp="2022-07-16T17:27:10">
	<testcase classname="RestartBridge" name="c8y_restart_bridge"/>
</testsuite>
