<?xml version="1.0" encoding="utf-8"?>
<testsuite failures="0" name="smoketest_smartrest" skipped="0" tests="1" time="49.1" timestamp="2022-05-23T11:16:05">
	<testcase classname="SmoketestSmartRest" name="smoketest_smartrest"/>
</testsuite>
