<?xml version="1.0" encoding="utf-8"?>
<testsuite failures="0" name="apt_sequence_remove_with_version" skipped="1" tests="1" time="0.02" timestamp="2022-07-01T06:52:16">
	<testcase classname="AptPluginRemoveWithVersion" name="apt_sequence_remove_with_version">
		<skipped message="SKIPPED: Testing the apt plugin is not supported on this platform.To run the tests call PySys with -XmyPlatform='container'"/>
		<system-out>06:52:16 INFO  ==============================================================
06:52:16 INFO  Id:    apt_sequence_remove_with_version
06:52:16 INFO  Dir:   plugin_apt/
06:52:16 INFO  Title: Validate apt plugin remove with version use case
06:52:16 INFO  ==============================================================
06:52:16 INFO  Testing the apt plugin is not supported on this platform.To run the tests call PySys with -XmyPlatform='container' ... skipped
06:52:16 WARN  Aborted test due to SKIPPED outcome
06:52:16 INFO  
06:52:16 INFO  Test duration: 0.02 secs
06:52:16 INFO  Test final outcome:  SKIPPED
06:52:16 INFO  Test outcome reason: Testing the apt plugin is not supported on this platform.To run the tests call PySys with -XmyPlatform='container'
06:52:16 INFO  
</system-out>
	</testcase>
</testsuite>
