<?xml version="1.0" encoding="utf-8"?>
<testsuite failures="1" name="local_mqtt_pub_sub_retain" skipped="0" tests="1" time="6.15" timestamp="2022-07-20T10:42:58">
	<testcase classname="MqttPublishWithRetain" name="local_mqtt_pub_sub_retain">
		<failure message="FAILED: Grep on temp_sensor_sub.out contains &quot;\[test/alarms/temp_sensor\] alarm msg 2&quot; (+1 other failures)" type="FAILED"/>
		<system-out>10:42:52 INFO  ==============================================================
10:42:52 INFO  Id:    local_mqtt_pub_sub_retain
10:42:52 INFO  Dir:   local_mqtt/
10:42:52 INFO  Title: Validate local publishing with retain flag
10:42:52 INFO  ==============================================================
10:42:52 INFO  Executed tedge&lt;pub_to_set_alarm&gt;, exit status 0
10:42:53 INFO  Executed tedge&lt;pub_to_set_alarm&gt;, exit status 0
10:42:54 INFO  Started tedge&lt;temp_sensor_sub&gt; with process id 18457
10:42:54 INFO  Executed tedge&lt;pub_to_clear_alarm&gt;, exit status 0
10:42:55 INFO  Executed sudo&lt;kill_out&gt;, exit status 0
10:42:56 INFO  Executed tedge&lt;pub_to_clear_alarm&gt;, exit status 0
10:42:56 INFO  Started tedge&lt;temp_sensor_empty_message&gt; with process id 18462
10:42:57 INFO  Executed sudo&lt;kill_out&gt;, exit status 0
10:42:58 WARN  Grep on temp_sensor_sub.out contains &quot;\[test/alarms/temp_sensor\] alarm msg 2&quot; ... failed [run.py:139]
10:42:58 WARN  Grep on temp_sensor_sub.out contains &quot;\[test/alarms/temp_sensor\] &quot; ... failed [run.py:142]
10:42:58 INFO  Grep on file temp_sensor_empty_message.out ... passed
10:42:58 INFO  
10:42:58 INFO  Test duration: 6.15 secs
10:42:58 INFO  Test final outcome:  FAILED
10:42:58 INFO  Test outcome reason: Grep on temp_sensor_sub.out contains &quot;\[test/alarms/temp_sensor\] alarm msg 2&quot; (+1 other failures)
10:42:58 INFO  
</system-out>
	</testcase>
</testsuite>
