<?xml version="1.0" encoding="utf-8"?>
<testsuite failures="1" name="monitoring_smaller_interval" skipped="0" tests="1" time="14.78" timestamp="2022-07-15T07:40:30">
	<testcase classname="MonitoringSmallInterval" name="monitoring_smaller_interval">
		<failure message="BLOCKED: TypeError: 'int' object is not subscriptable" type="BLOCKED"/>
		<system-out>07:40:15 INFO  ==============================================================
07:40:15 INFO  Id:    monitoring_smaller_interval
07:40:15 INFO  Dir:   monitoring/
07:40:15 INFO  Title: Validate the tedge dm agent messages that are produced with smaller sampling interval than the batching window. Here the simulated collectd messages are used
07:40:15 INFO  ==============================================================
07:40:16 INFO  Executed sudo&lt;collectd&gt;, exit status 0
07:40:16 INFO  Executed sudo&lt;collectd_mapper&gt;, exit status 0
07:40:16 INFO  Started sudo&lt;tedge_sub&gt; with process id 19508
07:40:17 INFO  Executed sudo&lt;tedge_temp&gt;, exit status 0
07:40:17 INFO  Executed sudo&lt;tedge_pres&gt;, exit status 0
07:40:18 INFO  Executed sudo&lt;tedge_temp&gt;, exit status 0
07:40:18 INFO  Executed sudo&lt;tedge_pres&gt;, exit status 0
07:40:19 INFO  Executed sudo&lt;tedge_temp&gt;, exit status 0
07:40:20 INFO  Executed sudo&lt;tedge_pres&gt;, exit status 0
07:40:20 INFO  Executed sudo&lt;tedge_temp&gt;, exit status 0
07:40:21 INFO  Executed sudo&lt;tedge_pres&gt;, exit status 0
07:40:21 INFO  Executed sudo&lt;tedge_temp&gt;, exit status 0
07:40:22 INFO  Executed sudo&lt;tedge_pres&gt;, exit status 0
07:40:22 INFO  Executed sudo&lt;tedge_temp&gt;, exit status 0
07:40:23 INFO  Executed sudo&lt;tedge_pres&gt;, exit status 0
07:40:24 INFO  Executed sudo&lt;tedge_temp&gt;, exit status 0
07:40:24 INFO  Executed sudo&lt;tedge_pres&gt;, exit status 0
07:40:25 INFO  Executed sudo&lt;tedge_temp&gt;, exit status 0
07:40:25 INFO  Executed sudo&lt;tedge_pres&gt;, exit status 0
07:40:26 INFO  Executed sudo&lt;tedge_temp&gt;, exit status 0
07:40:26 INFO  Executed sudo&lt;tedge_pres&gt;, exit status 0
07:40:27 INFO  Executed sudo&lt;tedge_temp&gt;, exit status 0
07:40:27 INFO  Executed sudo&lt;tedge_pres&gt;, exit status 0
07:40:29 INFO  Executed sudo&lt;kill_out&gt;, exit status 0
07:40:29 INFO  0

07:40:29 WARN  TypeError occurred while running test - 'int' object is not subscriptable
Traceback (most recent call last):
  File &quot;/home/pi/env-pysys/lib/python3.7/site-packages/pysys/baserunner.py&quot;, line 1296, in __call__
    self.testObj.validate()
  File &quot;/home/pi/actions-runner/_work/thin-edge.io/thin-edge.io/tests/PySys/monitoring/monitoring_smaller_interval/run.py&quot;, line 104, in validate
    collectd_msg_validation_result=self.validate_json(),
  File &quot;/home/pi/actions-runner/_work/thin-edge.io/thin-edge.io/tests/PySys/monitoring/monitoring_smaller_interval/run.py&quot;, line 114, in validate_json
    if not self.validate_time():
  File &quot;/home/pi/actions-runner/_work/thin-edge.io/thin-edge.io/tests/PySys/monitoring/monitoring_smaller_interval/run.py&quot;, line 134, in validate_time
    if self.js_msg[&quot;time&quot;]:
TypeError: 'int' object is not subscriptable
07:40:29 WARN  TypeError: 'int' object is not subscriptable ... blocked 
07:40:29 INFO  
07:40:29 INFO  cleanup:
07:40:29 INFO  monitoring_cleanup
07:40:30 INFO  Executed sudo&lt;collectd_mapper&gt;, exit status 0
07:40:30 INFO  
07:40:30 INFO  Test duration: 14.78 secs
07:40:30 INFO  Test final outcome:  BLOCKED
07:40:30 INFO  Test outcome reason: TypeError: 'int' object is not subscriptable
07:40:30 INFO  
</system-out>
	</testcase>
</testsuite>
