<?xml version="1.0" encoding="utf-8"?>
<testsuite failures="0" name="apt_remove_fail" skipped="1" tests="1" time="0.02" timestamp="2022-07-21T14:40:12">
	<testcase classname="AptPluginRemoveFails" name="apt_remove_fail">
		<skipped message="SKIPPED: Testing the apt plugin is not supported on this platform.To run the tests call PySys with -XmyPlatform='container'"/>
		<system-out>14:40:12 INFO  ==============================================================
14:40:12 INFO  Id:    apt_remove_fail
14:40:12 INFO  Dir:   plugin_apt/
14:40:12 INFO  Title: Validate apt plugin prepare - failing
14:40:12 INFO  ==============================================================
14:40:12 INFO  Testing the apt plugin is not supported on this platform.To run the tests call PySys with -XmyPlatform='container' ... skipped
14:40:12 WARN  Aborted test due to SKIPPED outcome
14:40:12 INFO  
14:40:12 INFO  Test duration: 0.02 secs
14:40:12 INFO  Test final outcome:  SKIPPED
14:40:12 INFO  Test outcome reason: Testing the apt plugin is not supported on this platform.To run the tests call PySys with -XmyPlatform='container'
14:40:12 INFO  
</system-out>
	</testcase>
</testsuite>
