<?xml version="1.0" encoding="utf-8"?>
<testsuite failures="1" name="call_tedge_-h_-V" skipped="0" tests="1" time="0.74" timestamp="2022-06-09T16:42:47">
	<testcase classname="PySysTest" name="call_tedge_-h_-V">
		<failure message="FAILED: Grep on tedge.out contains &quot;tedge 0.6&quot;" type="FAILED"/>
		<system-out>16:42:46 INFO  ==============================================================
16:42:46 INFO  Id:    call_tedge_-h_-V
16:42:46 INFO  Dir:   tedge/
16:42:46 INFO  Title: Validate command line option -h -V
16:42:46 INFO  ==============================================================
16:42:47 INFO  Executed tedge, exit status 0
16:42:47 WARN  Grep on tedge.out contains &quot;tedge 0.6&quot; ... failed [run.py:32]
16:42:47 INFO  Grep on file tedge.out ... passed
16:42:47 INFO  
16:42:47 INFO  Test duration: 0.74 secs
16:42:47 INFO  Test final outcome:  FAILED
16:42:47 INFO  Test outcome reason: Grep on tedge.out contains &quot;tedge 0.6&quot;
16:42:47 INFO  
</system-out>
	</testcase>
</testsuite>
