<?xml version="1.0" encoding="utf-8"?>
<testsuite failures="0" name="apt_install_fail" skipped="1" tests="1" time="0.31" timestamp="2022-06-07T11:28:02">
	<testcase classname="AptPluginInstallFail" name="apt_install_fail">
		<skipped message="SKIPPED: Testing the apt plugin is not supported on this platform.To run the tests call PySys with -XmyPlatform='container'"/>
		<system-out>11:28:02 INFO  ==============================================================
11:28:02 INFO  Id:    apt_install_fail
11:28:02 INFO  Dir:   plugin_apt/
11:28:02 INFO  Title: Validate apt plugin prepare - failing
11:28:02 INFO  ==============================================================
11:28:02 INFO  Testing the apt plugin is not supported on this platform.To run the tests call PySys with -XmyPlatform='container' ... skipped
11:28:02 WARN  Aborted test due to SKIPPED outcome
11:28:02 INFO  
11:28:02 INFO  Test duration: 0.31 secs
11:28:02 INFO  Test final outcome:  SKIPPED
11:28:02 INFO  Test outcome reason: Testing the apt plugin is not supported on this platform.To run the tests call PySys with -XmyPlatform='container'
11:28:02 INFO  
</system-out>
	</testcase>
</testsuite>
