<?xml version="1.0" encoding="utf-8"?>
<testsuite failures="0" name="SoftwareManagement.Plugin.apama_plugin_mon_support" skipped="1" tests="1" time="0.02" timestamp="2022-06-10T13:01:28">
	<testcase classname="ApamaPluginMonSupportTest" name="SoftwareManagement.Plugin.apama_plugin_mon_support">
		<skipped message="SKIPPED: Apama plugin tests are disabled by default. Execute `pysys run` with `-XmyPlatform=container` to run these tests"/>
		<system-out>13:01:28 INFO  ==============================================================
13:01:28 INFO  Id:    SoftwareManagement.Plugin.apama_plugin_mon_support
13:01:28 INFO  Dir:   plugin_apama/
13:01:28 INFO  Title: Validate mon file support of apama plugin
13:01:28 INFO  ==============================================================
13:01:28 INFO  Apama plugin tests are disabled by default. Execute `pysys run` with `-XmyPlatform=container` to run these tests ... skipped
13:01:28 WARN  Aborted test due to SKIPPED outcome
13:01:28 INFO  
13:01:28 INFO  Test duration: 0.02 secs
13:01:28 INFO  Test final outcome:  SKIPPED
13:01:28 INFO  Test outcome reason: Apama plugin tests are disabled by default. Execute `pysys run` with `-XmyPlatform=container` to run these tests
13:01:28 INFO  
</system-out>
	</testcase>
</testsuite>
