<?xml version="1.0" encoding="utf-8"?>
<testsuite failures="1" name="c8y_jwt_token_retrieval" skipped="0" tests="1" time="23.75" timestamp="2022-07-18T13:56:30">
	<testcase classname="ValidateJWTTokenRetrieval" name="c8y_jwt_token_retrieval">
		<failure message="FAILED: Grep on resp_jwt.out contains &quot;\[c8y/s/dat\] 71,&quot;" type="FAILED"/>
		<system-out>13:56:06 INFO  ==============================================================
13:56:06 INFO  Id:    c8y_jwt_token_retrieval
13:56:06 INFO  Dir:   cloud_c8y/
13:56:06 INFO  Title: Validate the Cumulocity JWT Token Retrieval feature
13:56:06 INFO  ==============================================================
13:56:06 INFO  Executed sudo&lt;tedge_disconnect_c8y&gt;, exit status 0
13:56:21 INFO  Executed sudo&lt;tedge_connect_c8y&gt;, exit status 0, duration 14 secs
13:56:21 INFO  Started sudo&lt;resp_jwt&gt; with process id 21580
13:56:23 INFO  Executed sudo&lt;req_jwt&gt;, exit status 0
13:56:25 INFO  Executed sudo&lt;kill_out&gt;, exit status 0
13:56:25 WARN  Grep on resp_jwt.out contains &quot;\[c8y/s/dat\] 71,&quot; ... failed [run.py:60]
13:56:25 INFO  
13:56:25 INFO  cleanup:
13:56:30 INFO  Executed sudo&lt;tedge_disconnect_c8y&gt;, exit status 0
13:56:30 INFO  
13:56:30 INFO  Test duration: 23.75 secs
13:56:30 INFO  Test final outcome:  FAILED
13:56:30 INFO  Test outcome reason: Grep on resp_jwt.out contains &quot;\[c8y/s/dat\] 71,&quot;
13:56:30 INFO  
</system-out>
	</testcase>
</testsuite>
