<?xml version="1.0" encoding="utf-8"?>
<testsuite failures="0" name="tedge_software_update" skipped="0" tests="1" time="25.49" timestamp="2022-07-27T09:26:15">
	<testcase classname="PySysTest" name="tedge_software_update"/>
</testsuite>
