<?xml version="1.0" encoding="utf-8"?>
<testsuite failures="1" name="tedge_mapper_c8y_packet_threshold_size" skipped="0" tests="1" time="3.05" timestamp="2022-06-10T13:15:59">
	<testcase classname="TedgeMapperC8yThresholdPacketSize" name="tedge_mapper_c8y_packet_threshold_size">
		<failure message="FAILED: Grep on tedge_sub.out contains &quot;The size of the message received on tedge/measurements is 20489 which is greater than the threshold size of 16184.&quot;" type="FAILED"/>
		<system-out>13:15:56 INFO  ==============================================================
13:15:56 INFO  Id:    tedge_mapper_c8y_packet_threshold_size
13:15:56 INFO  Dir:   tedge_mapper_c8y/
13:15:56 INFO  Title: Validate the Cumulocity Mapper accepted threshold packet size when it receives a message on tedge/measurements
13:15:56 INFO  ==============================================================
13:15:57 INFO  Executed sudo&lt;tedge_mapper_c8y&gt;, exit status 0
13:15:57 INFO  Started sudo&lt;tedge_sub&gt; with process id 16324
13:15:57 INFO  Executed sudo&lt;tedge_msg&gt;, exit status 0
13:15:58 INFO  Executed sudo&lt;tedge_pub&gt;, exit status 0
13:15:58 INFO  Executed sudo&lt;kill_out&gt;, exit status 0
13:15:58 WARN  Grep on tedge_sub.out contains &quot;The size of the message received on tedge/measurements is 20489 which is greater than the threshold size of 16184.&quot; ... failed [run.py:88]
13:15:58 INFO  
13:15:58 INFO  cleanup:
13:15:58 INFO  mapper_cleanup
13:15:59 INFO  Executed sudo&lt;tedge_mapper_c8y&gt;, exit status 0
13:15:59 INFO  
13:15:59 INFO  Test duration: 3.05 secs
13:15:59 INFO  Test final outcome:  FAILED
13:15:59 INFO  Test outcome reason: Grep on tedge_sub.out contains &quot;The size of the message received on tedge/measurements is 20489 which is greater than the threshold size of 16184.&quot;
13:15:59 INFO  
</system-out>
	</testcase>
</testsuite>
