<?xml version="1.0" encoding="utf-8"?>
<testsuite failures="0" name="c8y_restart_bridge" skipped="0" tests="1" time="22.76" timestamp="2022-07-22T07:36:52">
	<testcase classname="RestartBridge" name="c8y_restart_bridge"/>
</testsuite>
