<?xml version="1.0" encoding="utf-8"?>
<testsuite failures="1" name="call_tedge_-h_-V" skipped="0" tests="1" time="0.77" timestamp="2022-07-21T18:33:54">
	<testcase classname="PySysTest" name="call_tedge_-h_-V">
		<failure message="FAILED: Grep on tedge.out contains &quot;tedge 0.6&quot;" type="FAILED"/>
		<system-out>18:33:53 INFO  ==============================================================
18:33:53 INFO  Id:    call_tedge_-h_-V
18:33:53 INFO  Dir:   tedge/
18:33:53 INFO  Title: Validate command line option -h -V
18:33:53 INFO  ==============================================================
18:33:53 INFO  Executed tedge, exit status 0
18:33:54 WARN  Grep on tedge.out contains &quot;tedge 0.6&quot; ... failed [run.py:32]
18:33:54 INFO  Grep on file tedge.out ... passed
18:33:54 INFO  
18:33:54 INFO  Test duration: 0.77 secs
18:33:54 INFO  Test final outcome:  FAILED
18:33:54 INFO  Test outcome reason: Grep on tedge.out contains &quot;tedge 0.6&quot;
18:33:54 INFO  
</system-out>
	</testcase>
</testsuite>
