<?xml version="1.0" encoding="utf-8"?>
<testsuite failures="1" name="log_request_num_lines" skipped="0" tests="1" time="54.26" timestamp="2022-05-23T11:07:46">
	<testcase classname="LogRequestVerifyNumberOfLines" name="log_request_num_lines">
		<failure message="BLOCKED: Exception: retry" type="BLOCKED"/>
		<system-out>11:06:52 INFO  ==============================================================
11:06:52 INFO  Id:    log_request_num_lines
11:06:52 INFO  Dir:   log_request_end_to_end/
11:06:52 INFO  Title: Validate end to end behaviour for the log request operation check for number of lines
11:06:52 INFO  ==============================================================
11:06:52 INFO  EnvironmentC8y Setup
11:06:52 INFO  Executed systemctl&lt;serv_mapper1&gt;, exit status 3
11:06:52 INFO  Restarting mosquitto too frequently in the last 10 seconds. It was only up for 5 seconds
11:06:52 INFO  Delaying execution by 6 seconds
11:07:13 INFO  Executed sudo&lt;tedge_connect_c8y&gt;, exit status 0, duration 14 secs
11:07:13 INFO  Executed sudo&lt;tedge_connect_c8y_test&gt;, exit status 0
11:07:14 INFO  Executed systemctl&lt;serv_mosq2&gt;, exit status 0
11:07:14 INFO  Executed systemctl&lt;serv_mapper3&gt;, exit status 0
11:07:15 INFO  Executed sudo&lt;rm_logs&gt;, exit status 0
11:07:15 INFO  Executed sudo&lt;move_logs&gt;, exit status 0
11:07:16 INFO  log response None
11:07:16 WARN  retry, retrying in 1 seconds...
11:07:17 INFO  log response None
11:07:17 WARN  retry, retrying in 1 seconds...
11:07:18 INFO  log response None
11:07:18 WARN  retry, retrying in 1 seconds...
11:07:20 INFO  log response None
11:07:20 WARN  retry, retrying in 1 seconds...
11:07:21 INFO  log response None
11:07:21 WARN  retry, retrying in 1 seconds...
11:07:22 INFO  log response None
11:07:22 WARN  retry, retrying in 1 seconds...
11:07:23 INFO  log response None
11:07:23 WARN  retry, retrying in 1 seconds...
11:07:25 INFO  log response None
11:07:25 WARN  retry, retrying in 1 seconds...
11:07:26 INFO  log response None
11:07:26 WARN  retry, retrying in 1 seconds...
11:07:27 INFO  log response None
11:07:27 WARN  retry, retrying in 1 seconds...
11:07:28 INFO  log response None
11:07:28 WARN  retry, retrying in 1 seconds...
11:07:30 INFO  log response None
11:07:30 WARN  retry, retrying in 1 seconds...
11:07:31 INFO  log response None
11:07:31 WARN  retry, retrying in 1 seconds...
11:07:32 INFO  log response None
11:07:32 WARN  retry, retrying in 1 seconds...
11:07:33 INFO  log response None
11:07:33 WARN  retry, retrying in 1 seconds...
11:07:34 INFO  log response None
11:07:34 WARN  retry, retrying in 1 seconds...
11:07:36 INFO  log response None
11:07:36 WARN  retry, retrying in 1 seconds...
11:07:37 INFO  log response None
11:07:37 WARN  retry, retrying in 1 seconds...
11:07:38 INFO  log response None
11:07:38 WARN  retry, retrying in 1 seconds...
11:07:39 INFO  log response None
11:07:39 WARN  Exception occurred while running test - retry
Traceback (most recent call last):
  File &quot;/home/pi/env-pysys/lib/python3.7/site-packages/pysys/baserunner.py&quot;, line 1296, in __call__
    self.testObj.validate()
  File &quot;/home/pi/actions-runner/_work/thin-edge.io/thin-edge.io/tests/PySys/log_request_end_to_end/log_request_num_lines/run.py&quot;, line 44, in validate
    self.assertThat(&quot;True == value&quot;, value=self.wait_until_logs_retrieved())
  File &quot;/home/pi/env-pysys/lib/python3.7/site-packages/decorator.py&quot;, line 232, in fun
    return caller(func, *(extras + args), **kw)
  File &quot;/home/pi/env-pysys/lib/python3.7/site-packages/retry/api.py&quot;, line 74, in retry_decorator
    logger)
  File &quot;/home/pi/env-pysys/lib/python3.7/site-packages/retry/api.py&quot;, line 33, in __retry_internal
    return f()
  File &quot;/home/pi/actions-runner/_work/thin-edge.io/thin-edge.io/tests/PySys/log_request_end_to_end/log_request_num_lines/run.py&quot;, line 52, in wait_until_logs_retrieved
    raise Exception(&quot;retry&quot;)
Exception: retry
11:07:39 WARN  Exception: retry ... blocked 
11:07:39 INFO  
11:07:39 INFO  cleanup:
11:07:40 INFO  Executed sudo&lt;rm_logs&gt;, exit status 0
11:07:41 INFO  Executed sudo&lt;rm_tmp_logs&gt;, exit status 0
11:07:41 INFO  Executed sudo&lt;send_failed&gt;, exit status 0
11:07:45 INFO  Executed sudo&lt;tedge_disconnect_c8y&gt;, exit status 0
11:07:46 INFO  Executed systemctl&lt;serv_mapper5&gt;, exit status 3
11:07:46 INFO  
11:07:46 INFO  Test duration: 54.26 secs
11:07:46 INFO  Test final outcome:  BLOCKED
11:07:46 INFO  Test outcome reason: Exception: retry
11:07:46 INFO  
</system-out>
	</testcase>
</testsuite>
