<?xml version="1.0" encoding="utf-8"?>
<testsuite failures="0" name="docker_plugin_remove" skipped="1" tests="1" time="0.02" timestamp="2022-05-20T11:14:43">
	<testcase classname="DockerPluginRemoveTest" name="docker_plugin_remove">
		<skipped message="SKIPPED: Testing the docker plugin is not supported on this platform.To run it, all the test with -XmyPlatform='container'"/>
		<system-out>11:14:43 INFO  ==============================================================
11:14:43 INFO  Id:    docker_plugin_remove
11:14:43 INFO  Dir:   plugin_docker/
11:14:43 INFO  Title: Validate docker plugin remove
11:14:43 INFO  ==============================================================
11:14:43 INFO  Testing the docker plugin is not supported on this platform.To run it, all the test with -XmyPlatform='container' ... skipped
11:14:43 WARN  Aborted test due to SKIPPED outcome
11:14:43 INFO  
11:14:43 INFO  Test duration: 0.02 secs
11:14:43 INFO  Test final outcome:  SKIPPED
11:14:43 INFO  Test outcome reason: Testing the docker plugin is not supported on this platform.To run it, all the test with -XmyPlatform='container'
11:14:43 INFO  
</system-out>
	</testcase>
</testsuite>
