<?xml version="1.0" encoding="utf-8"?>
<testsuite failures="0" name="SoftwareManagement.Plugin.apama_plugin_install" skipped="1" tests="1" time="0.1" timestamp="2022-07-25T15:02:34">
	<testcase classname="ApamaPluginInstallTest" name="SoftwareManagement.Plugin.apama_plugin_install">
		<skipped message="SKIPPED: Apama plugin tests are disabled by default. Execute `pysys run` with `-XmyPlatform=container` to run these tests"/>
		<system-out>15:02:33 INFO  ==============================================================
15:02:33 INFO  Id:    SoftwareManagement.Plugin.apama_plugin_install
15:02:33 INFO  Dir:   plugin_apama/
15:02:34 INFO  Title: Validate apama plugin install
15:02:34 INFO  ==============================================================
15:02:34 INFO  Apama plugin tests are disabled by default. Execute `pysys run` with `-XmyPlatform=container` to run these tests ... skipped
15:02:34 WARN  Aborted test due to SKIPPED outcome
15:02:34 INFO  
15:02:34 INFO  Test duration: 0.10 secs
15:02:34 INFO  Test final outcome:  SKIPPED
15:02:34 INFO  Test outcome reason: Apama plugin tests are disabled by default. Execute `pysys run` with `-XmyPlatform=container` to run these tests
15:02:34 INFO  
</system-out>
	</testcase>
</testsuite>
