<?xml version="1.0" encoding="utf-8"?>
<testsuite failures="0" name="docker_plugin_install_with_version" skipped="1" tests="1" time="0.02" timestamp="2022-07-26T16:15:53">
	<testcase classname="DockerPluginInstallWithVersionTest" name="docker_plugin_install_with_version">
		<skipped message="SKIPPED: Testing the docker plugin is not supported on this platform.To run it, all the test with -XmyPlatform='container'"/>
		<system-out>16:15:53 INFO  ==============================================================
16:15:53 INFO  Id:    docker_plugin_install_with_version
16:15:53 INFO  Dir:   plugin_docker/
16:15:53 INFO  Title: Validate docker plugin install
16:15:53 INFO  ==============================================================
16:15:53 INFO  Testing the docker plugin is not supported on this platform.To run it, all the test with -XmyPlatform='container' ... skipped
16:15:53 WARN  Aborted test due to SKIPPED outcome
16:15:53 INFO  
16:15:53 INFO  Test duration: 0.02 secs
16:15:53 INFO  Test final outcome:  SKIPPED
16:15:53 INFO  Test outcome reason: Testing the docker plugin is not supported on this platform.To run it, all the test with -XmyPlatform='container'
16:15:53 INFO  
</system-out>
	</testcase>
</testsuite>
