<?xml version="1.0" encoding="utf-8"?>
<testsuite failures="1" name="local_mqtt_pub_sub" skipped="0" tests="1" time="2.08" timestamp="2022-07-01T06:49:20">
	<testcase classname="PySysTest" name="local_mqtt_pub_sub">
		<failure message="FAILED: Grep on tedge_sub.out contains &quot;\[atopic\] amessage&quot;" type="FAILED"/>
		<system-out>06:49:18 INFO  ==============================================================
06:49:18 INFO  Id:    local_mqtt_pub_sub
06:49:18 INFO  Dir:   local_mqtt/
06:49:18 INFO  Title: Validate local publishing and subscribing
06:49:18 INFO  ==============================================================
06:49:18 INFO  Started tedge_sub with process id 23145
06:49:18 INFO  Started tedge_sub_no_topic with process id 23146
06:49:18 INFO  Executed tedge_pub2, exit status 0
06:49:19 INFO  Executed tedge_pub3, exit status 0
06:49:19 INFO  Executed sudo&lt;kill_out&gt;, exit status 0
06:49:20 INFO  Executed sudo&lt;kill_out&gt;, exit status 0
06:49:20 WARN  Grep on tedge_sub.out contains &quot;\[atopic\] amessage&quot; ... failed [run.py:75]
06:49:20 INFO  Grep on file tedge_sub.out ... passed
06:49:20 INFO  Grep on file tedge_sub_no_topic.out ... passed
06:49:20 INFO  
06:49:20 INFO  Test duration: 2.08 secs
06:49:20 INFO  Test final outcome:  FAILED
06:49:20 INFO  Test outcome reason: Grep on tedge_sub.out contains &quot;\[atopic\] amessage&quot;
06:49:20 INFO  
</system-out>
	</testcase>
</testsuite>
