<?xml version="1.0" encoding="utf-8"?>
<testsuite failures="0" name="SoftwareManagement.Plugin.apama_plugin_mon_support" skipped="1" tests="1" time="0.02" timestamp="2022-05-23T08:27:14">
	<testcase classname="ApamaPluginMonSupportTest" name="SoftwareManagement.Plugin.apama_plugin_mon_support">
		<skipped message="SKIPPED: Apama plugin tests are disabled by default. Execute `pysys run` with `-XmyPlatform=container` to run these tests"/>
		<system-out>08:27:14 INFO  ==============================================================
08:27:14 INFO  Id:    SoftwareManagement.Plugin.apama_plugin_mon_support
08:27:14 INFO  Dir:   plugin_apama/
08:27:14 INFO  Title: Validate mon file support of apama plugin
08:27:14 INFO  ==============================================================
08:27:14 INFO  Apama plugin tests are disabled by default. Execute `pysys run` with `-XmyPlatform=container` to run these tests ... skipped
08:27:14 WARN  Aborted test due to SKIPPED outcome
08:27:14 INFO  
08:27:14 INFO  Test duration: 0.02 secs
08:27:14 INFO  Test final outcome:  SKIPPED
08:27:14 INFO  Test outcome reason: Apama plugin tests are disabled by default. Execute `pysys run` with `-XmyPlatform=container` to run these tests
08:27:14 INFO  
</system-out>
	</testcase>
</testsuite>
