<?xml version="1.0" encoding="utf-8"?>
<testsuite failures="0" name="apt_sequence_install_with_version_fail" skipped="1" tests="1" time="0.02" timestamp="2022-07-22T14:18:23">
	<testcase classname="AptPluginInstallWithVersionFails" name="apt_sequence_install_with_version_fail">
		<skipped message="SKIPPED: Testing the apt plugin is not supported on this platform.To run the tests call PySys with -XmyPlatform='container'"/>
		<system-out>14:18:23 INFO  ==============================================================
14:18:23 INFO  Id:    apt_sequence_install_with_version_fail
14:18:23 INFO  Dir:   plugin_apt/
14:18:23 INFO  Title: Validate apt plugin install with version fails use case
14:18:23 INFO  ==============================================================
14:18:23 INFO  Testing the apt plugin is not supported on this platform.To run the tests call PySys with -XmyPlatform='container' ... skipped
14:18:23 WARN  Aborted test due to SKIPPED outcome
14:18:23 INFO  
14:18:23 INFO  Test duration: 0.02 secs
14:18:23 INFO  Test final outcome:  SKIPPED
14:18:23 INFO  Test outcome reason: Testing the apt plugin is not supported on this platform.To run the tests call PySys with -XmyPlatform='container'
14:18:23 INFO  
</system-out>
	</testcase>
</testsuite>
