<?xml version="1.0" encoding="utf-8"?>
<testsuite failures="0" name="docker_plugin_finalize" skipped="1" tests="1" time="0.05" timestamp="2022-07-20T12:53:04">
	<testcase classname="DockerPluginFinalizeTest" name="docker_plugin_finalize">
		<skipped message="SKIPPED: Testing the docker plugin is not supported on this platform.To run it, all the test with -XmyPlatform='container'"/>
		<system-out>12:53:04 INFO  ==============================================================
12:53:04 INFO  Id:    docker_plugin_finalize
12:53:04 INFO  Dir:   plugin_docker/
12:53:04 INFO  Title: Validate docker plugin finalize command
12:53:04 INFO  ==============================================================
12:53:04 INFO  Testing the docker plugin is not supported on this platform.To run it, all the test with -XmyPlatform='container' ... skipped
12:53:04 WARN  Aborted test due to SKIPPED outcome
12:53:04 INFO  
12:53:04 INFO  Test duration: 0.05 secs
12:53:04 INFO  Test final outcome:  SKIPPED
12:53:04 INFO  Test outcome reason: Testing the docker plugin is not supported on this platform.To run it, all the test with -XmyPlatform='container'
12:53:04 INFO  
</system-out>
	</testcase>
</testsuite>
