<?xml version="1.0" encoding="utf-8"?>
<testsuite failures="0" name="smoketest_json" skipped="0" tests="1" time="45.21" timestamp="2022-07-15T07:43:57">
	<testcase classname="SmokeTestJson" name="smoketest_json"/>
</testsuite>
