<?xml version="1.0" encoding="utf-8"?>
<testsuite failures="1" name="local_mqtt_pub_sub_retain" skipped="0" tests="1" time="6.09" timestamp="2022-05-20T13:18:26">
	<testcase classname="MqttPublishWithRetain" name="local_mqtt_pub_sub_retain">
		<failure message="FAILED: Grep on temp_sensor_sub.out contains &quot;\[test/alarms/temp_sensor\] alarm msg 2&quot; (+1 other failures)" type="FAILED"/>
		<system-out>13:18:19 INFO  ==============================================================
13:18:19 INFO  Id:    local_mqtt_pub_sub_retain
13:18:19 INFO  Dir:   local_mqtt/
13:18:19 INFO  Title: Validate local publishing with retain flag
13:18:19 INFO  ==============================================================
13:18:20 INFO  Executed tedge&lt;pub_to_set_alarm&gt;, exit status 0
13:18:20 INFO  Executed tedge&lt;pub_to_set_alarm&gt;, exit status 0
13:18:21 INFO  Started tedge&lt;temp_sensor_sub&gt; with process id 24070
13:18:22 INFO  Executed tedge&lt;pub_to_clear_alarm&gt;, exit status 0
13:18:23 INFO  Executed sudo&lt;kill_out&gt;, exit status 0
13:18:24 INFO  Executed tedge&lt;pub_to_clear_alarm&gt;, exit status 0
13:18:24 INFO  Started tedge&lt;temp_sensor_empty_message&gt; with process id 24075
13:18:25 INFO  Executed sudo&lt;kill_out&gt;, exit status 0
13:18:25 WARN  Grep on temp_sensor_sub.out contains &quot;\[test/alarms/temp_sensor\] alarm msg 2&quot; ... failed [run.py:139]
13:18:26 WARN  Grep on temp_sensor_sub.out contains &quot;\[test/alarms/temp_sensor\] &quot; ... failed [run.py:142]
13:18:26 INFO  Grep on file temp_sensor_empty_message.out ... passed
13:18:26 INFO  
13:18:26 INFO  Test duration: 6.09 secs
13:18:26 INFO  Test final outcome:  FAILED
13:18:26 INFO  Test outcome reason: Grep on temp_sensor_sub.out contains &quot;\[test/alarms/temp_sensor\] alarm msg 2&quot; (+1 other failures)
13:18:26 INFO  
</system-out>
	</testcase>
</testsuite>
