<?xml version="1.0" encoding="utf-8"?>
<testsuite failures="0" name="apt_finalize" skipped="1" tests="1" time="0.05" timestamp="2022-07-22T00:28:20">
	<testcase classname="AptPluginFinalize" name="apt_finalize">
		<skipped message="SKIPPED: Testing the apt plugin is not supported on this platform.To run the tests call PySys with -XmyPlatform='container'"/>
		<system-out>00:28:20 INFO  ==============================================================
00:28:20 INFO  Id:    apt_finalize
00:28:20 INFO  Dir:   plugin_apt/
00:28:20 INFO  Title: Validate apt plugin finalize - dense version
00:28:20 INFO  ==============================================================
00:28:20 INFO  Testing the apt plugin is not supported on this platform.To run the tests call PySys with -XmyPlatform='container' ... skipped
00:28:20 WARN  Aborted test due to SKIPPED outcome
00:28:20 INFO  
00:28:20 INFO  Test duration: 0.05 secs
00:28:20 INFO  Test final outcome:  SKIPPED
00:28:20 INFO  Test outcome reason: Testing the apt plugin is not supported on this platform.To run the tests call PySys with -XmyPlatform='container'
00:28:20 INFO  
</system-out>
	</testcase>
</testsuite>
