<?xml version="1.0" encoding="utf-8"?>
<testsuite failures="0" name="apt_remove" skipped="1" tests="1" time="0.02" timestamp="2022-06-22T09:43:35">
	<testcase classname="AptPluginRemoveDense" name="apt_remove">
		<skipped message="SKIPPED: Testing the apt plugin is not supported on this platform.To run the tests call PySys with -XmyPlatform='container'"/>
		<system-out>09:43:35 INFO  ==============================================================
09:43:35 INFO  Id:    apt_remove
09:43:35 INFO  Dir:   plugin_apt/
09:43:35 INFO  Title: Validate apt plugin prepare - dense version
09:43:35 INFO  ==============================================================
09:43:35 INFO  Testing the apt plugin is not supported on this platform.To run the tests call PySys with -XmyPlatform='container' ... skipped
09:43:35 WARN  Aborted test due to SKIPPED outcome
09:43:35 INFO  
09:43:35 INFO  Test duration: 0.02 secs
09:43:35 INFO  Test final outcome:  SKIPPED
09:43:35 INFO  Test outcome reason: Testing the apt plugin is not supported on this platform.To run the tests call PySys with -XmyPlatform='container'
09:43:35 INFO  
</system-out>
	</testcase>
</testsuite>
