<?xml version="1.0" encoding="utf-8"?>
<testsuite failures="0" name="SoftwareManagement.sm_apt_install_download_path" skipped="1" tests="1" time="0.09" timestamp="2022-06-29T12:04:03">
	<testcase classname="AptInstallWithDownloadPath" name="SoftwareManagement.sm_apt_install_download_path">
		<skipped message="SKIPPED: Testing the apt plugin is not supported on this platform.Use parameter -XmyPlatform='container' to enable it"/>
		<system-out>12:04:02 INFO  ==============================================================
12:04:02 INFO  Id:    SoftwareManagement.sm_apt_install_download_path
12:04:02 INFO  Dir:   software_management_end_to_end/
12:04:02 INFO  Title: Install package to directory specified in tedge config set tmp.path
12:04:02 INFO  ==============================================================
12:04:03 INFO  Testing the apt plugin is not supported on this platform.Use parameter -XmyPlatform='container' to enable it ... skipped
12:04:03 WARN  Aborted test due to SKIPPED outcome
12:04:03 INFO  
12:04:03 INFO  Test duration: 0.09 secs
12:04:03 INFO  Test final outcome:  SKIPPED
12:04:03 INFO  Test outcome reason: Testing the apt plugin is not supported on this platform.Use parameter -XmyPlatform='container' to enable it
12:04:03 INFO  
</system-out>
	</testcase>
</testsuite>
