<?xml version="1.0" encoding="utf-8"?>
<testsuite failures="0" name="publish_sawmill" skipped="0" tests="1" time="81.09" timestamp="2022-06-08T13:02:33">
	<testcase classname="PublishSawmill" name="publish_sawmill"/>
</testsuite>
