<?xml version="1.0" encoding="utf-8"?>
<testsuite failures="1" name="agent_init_session" skipped="0" tests="1" time="5.89" timestamp="2022-05-25T12:54:07">
	<testcase classname="AgentInitSession" name="agent_init_session">
		<failure message="FAILED: Grep on sub_resp.out contains &quot;Ld3KgqpcLDlrYH6sfpG7w&quot;" type="FAILED"/>
		<system-out>12:54:01 INFO  ==============================================================
12:54:01 INFO  Id:    agent_init_session
12:54:01 INFO  Dir:   tedge_agent/
12:54:01 INFO  Title: Validate tedge agent init session feature
12:54:01 INFO  ==============================================================
12:54:02 INFO  Executed sudo&lt;remove_lock&gt;, exit status 0
12:54:02 INFO  Executed sudo&lt;agent_clear&gt;, exit status 0
12:54:03 INFO  Executed sudo&lt;agent_init&gt;, exit status 0
12:54:03 INFO  Executed sudo&lt;pub_req&gt;, exit status 0
12:54:03 INFO  Started sudo&lt;sub_resp&gt; with process id 14840
12:54:04 INFO  Executed sudo&lt;agent_start&gt;, exit status 0
12:54:04 INFO  Waiting for 2.0 seconds
12:54:06 INFO  Executed sudo&lt;agent_stop&gt;, exit status 0
12:54:07 INFO  Executed sudo&lt;sub_stop&gt;, exit status 0
12:54:07 WARN  Grep on sub_resp.out contains &quot;Ld3KgqpcLDlrYH6sfpG7w&quot; ... failed [run.py:87]
12:54:07 INFO  
12:54:07 INFO  Test duration: 5.89 secs
12:54:07 INFO  Test final outcome:  FAILED
12:54:07 INFO  Test outcome reason: Grep on sub_resp.out contains &quot;Ld3KgqpcLDlrYH6sfpG7w&quot;
12:54:07 INFO  
</system-out>
	</testcase>
</testsuite>
