<?xml version="1.0" encoding="utf-8"?>
<testsuite failures="0" name="apt_install" skipped="1" tests="1" time="0.02" timestamp="2022-07-22T01:58:17">
	<testcase classname="AptPluginInstallDense" name="apt_install">
		<skipped message="SKIPPED: Testing the apt plugin is not supported on this platform.To run the tests call PySys with -XmyPlatform='container'"/>
		<system-out>01:58:17 INFO  ==============================================================
01:58:17 INFO  Id:    apt_install
01:58:17 INFO  Dir:   plugin_apt/
01:58:17 INFO  Title: Validate apt plugin prepare - dense version
01:58:17 INFO  ==============================================================
01:58:17 INFO  Testing the apt plugin is not supported on this platform.To run the tests call PySys with -XmyPlatform='container' ... skipped
01:58:17 WARN  Aborted test due to SKIPPED outcome
01:58:17 INFO  
01:58:17 INFO  Test duration: 0.02 secs
01:58:17 INFO  Test final outcome:  SKIPPED
01:58:17 INFO  Test outcome reason: Testing the apt plugin is not supported on this platform.To run the tests call PySys with -XmyPlatform='container'
01:58:17 INFO  
</system-out>
	</testcase>
</testsuite>
