<?xml version="1.0" encoding="utf-8"?>
<testsuite failures="1" name="log_request_num_lines" skipped="0" tests="1" time="55.91" timestamp="2022-05-23T16:45:58">
	<testcase classname="LogRequestVerifyNumberOfLines" name="log_request_num_lines">
		<failure message="BLOCKED: Exception: retry" type="BLOCKED"/>
		<system-out>16:45:02 INFO  ==============================================================
16:45:02 INFO  Id:    log_request_num_lines
16:45:02 INFO  Dir:   log_request_end_to_end/
16:45:02 INFO  Title: Validate end to end behaviour for the log request operation check for number of lines
16:45:02 INFO  ==============================================================
16:45:02 INFO  EnvironmentC8y Setup
16:45:03 INFO  Executed systemctl&lt;serv_mapper1&gt;, exit status 3
16:45:03 INFO  Restarting mosquitto too frequently in the last 10 seconds. It was only up for 4 seconds
16:45:03 INFO  Delaying execution by 7 seconds
16:45:25 INFO  Executed sudo&lt;tedge_connect_c8y&gt;, exit status 0, duration 15 secs
16:45:26 INFO  Executed sudo&lt;tedge_connect_c8y_test&gt;, exit status 0
16:45:26 INFO  Executed systemctl&lt;serv_mosq2&gt;, exit status 0
16:45:27 INFO  Executed systemctl&lt;serv_mapper3&gt;, exit status 0
16:45:27 INFO  Executed sudo&lt;rm_logs&gt;, exit status 0
16:45:28 INFO  Executed sudo&lt;move_logs&gt;, exit status 0
16:45:28 INFO  log response None
16:45:28 WARN  retry, retrying in 1 seconds...
16:45:30 INFO  log response None
16:45:30 WARN  retry, retrying in 1 seconds...
16:45:31 INFO  log response None
16:45:31 WARN  retry, retrying in 1 seconds...
16:45:32 INFO  log response None
16:45:32 WARN  retry, retrying in 1 seconds...
16:45:33 INFO  log response None
16:45:33 WARN  retry, retrying in 1 seconds...
16:45:35 INFO  log response None
16:45:35 WARN  retry, retrying in 1 seconds...
16:45:36 INFO  log response None
16:45:36 WARN  retry, retrying in 1 seconds...
16:45:37 INFO  log response None
16:45:37 WARN  retry, retrying in 1 seconds...
16:45:38 INFO  log response None
16:45:38 WARN  retry, retrying in 1 seconds...
16:45:39 INFO  log response None
16:45:39 WARN  retry, retrying in 1 seconds...
16:45:41 INFO  log response None
16:45:41 WARN  retry, retrying in 1 seconds...
16:45:42 INFO  log response None
16:45:42 WARN  retry, retrying in 1 seconds...
16:45:43 INFO  log response None
16:45:43 WARN  retry, retrying in 1 seconds...
16:45:44 INFO  log response None
16:45:44 WARN  retry, retrying in 1 seconds...
16:45:45 INFO  log response None
16:45:46 WARN  retry, retrying in 1 seconds...
16:45:47 INFO  log response None
16:45:47 WARN  retry, retrying in 1 seconds...
16:45:48 INFO  log response None
16:45:48 WARN  retry, retrying in 1 seconds...
16:45:49 INFO  log response None
16:45:49 WARN  retry, retrying in 1 seconds...
16:45:50 INFO  log response None
16:45:50 WARN  retry, retrying in 1 seconds...
16:45:52 INFO  log response None
16:45:52 WARN  Exception occurred while running test - retry
Traceback (most recent call last):
  File &quot;/home/pi/env-pysys/lib/python3.7/site-packages/pysys/baserunner.py&quot;, line 1296, in __call__
    self.testObj.validate()
  File &quot;/home/pi/actions-runner/_work/thin-edge.io/thin-edge.io/tests/PySys/log_request_end_to_end/log_request_num_lines/run.py&quot;, line 44, in validate
    self.assertThat(&quot;True == value&quot;, value=self.wait_until_logs_retrieved())
  File &quot;/home/pi/env-pysys/lib/python3.7/site-packages/decorator.py&quot;, line 232, in fun
    return caller(func, *(extras + args), **kw)
  File &quot;/home/pi/env-pysys/lib/python3.7/site-packages/retry/api.py&quot;, line 74, in retry_decorator
    logger)
  File &quot;/home/pi/env-pysys/lib/python3.7/site-packages/retry/api.py&quot;, line 33, in __retry_internal
    return f()
  File &quot;/home/pi/actions-runner/_work/thin-edge.io/thin-edge.io/tests/PySys/log_request_end_to_end/log_request_num_lines/run.py&quot;, line 52, in wait_until_logs_retrieved
    raise Exception(&quot;retry&quot;)
Exception: retry
16:45:52 WARN  Exception: retry ... blocked 
16:45:52 INFO  
16:45:52 INFO  cleanup:
16:45:52 INFO  Executed sudo&lt;rm_logs&gt;, exit status 0
16:45:53 INFO  Executed sudo&lt;rm_tmp_logs&gt;, exit status 0
16:45:53 INFO  Executed sudo&lt;send_failed&gt;, exit status 0
16:45:57 INFO  Executed sudo&lt;tedge_disconnect_c8y&gt;, exit status 0
16:45:58 INFO  Executed systemctl&lt;serv_mapper5&gt;, exit status 3
16:45:58 INFO  
16:45:58 INFO  Test duration: 55.91 secs
16:45:58 INFO  Test final outcome:  BLOCKED
16:45:58 INFO  Test outcome reason: Exception: retry
16:45:58 INFO  
</system-out>
	</testcase>
</testsuite>
