<?xml version="1.0" encoding="utf-8"?>
<testsuite failures="0" name="apt_fail_noarg" skipped="1" tests="1" time="0.08" timestamp="2022-07-26T07:17:32">
	<testcase classname="AptPluginFailNoArg" name="apt_fail_noarg">
		<skipped message="SKIPPED: Testing the apt plugin is not supported on this platform.To run the tests call PySys with -XmyPlatform='container'"/>
		<system-out>07:17:32 INFO  ==============================================================
07:17:32 INFO  Id:    apt_fail_noarg
07:17:32 INFO  Dir:   plugin_apt/
07:17:32 INFO  Title: Validate apt plugin fetures(prepare, list, install, remove finalize) without arguments
07:17:32 INFO  ==============================================================
07:17:32 INFO  Testing the apt plugin is not supported on this platform.To run the tests call PySys with -XmyPlatform='container' ... skipped
07:17:32 WARN  Aborted test due to SKIPPED outcome
07:17:32 INFO  
07:17:32 INFO  Test duration: 0.08 secs
07:17:32 INFO  Test final outcome:  SKIPPED
07:17:32 INFO  Test outcome reason: Testing the apt plugin is not supported on this platform.To run the tests call PySys with -XmyPlatform='container'
07:17:32 INFO  
</system-out>
	</testcase>
</testsuite>
