<?xml version="1.0" encoding="utf-8"?>
<testsuite failures="0" name="apt_prepare_install_finalize" skipped="1" tests="1" time="0.02" timestamp="2022-05-24T10:43:44">
	<testcase classname="AptPluginPrepareInstallFinalize" name="apt_prepare_install_finalize">
		<skipped message="SKIPPED: Testing the apt plugin is not supported on this platform.To run the tests call PySys with -XmyPlatform='container'"/>
		<system-out>10:43:44 INFO  ==============================================================
10:43:44 INFO  Id:    apt_prepare_install_finalize
10:43:44 INFO  Dir:   plugin_apt/
10:43:44 INFO  Title: Validate apt plugin install use case
10:43:44 INFO  ==============================================================
10:43:44 INFO  Testing the apt plugin is not supported on this platform.To run the tests call PySys with -XmyPlatform='container' ... skipped
10:43:44 WARN  Aborted test due to SKIPPED outcome
10:43:44 INFO  
10:43:44 INFO  Test duration: 0.02 secs
10:43:44 INFO  Test final outcome:  SKIPPED
10:43:44 INFO  Test outcome reason: Testing the apt plugin is not supported on this platform.To run the tests call PySys with -XmyPlatform='container'
10:43:44 INFO  
</system-out>
	</testcase>
</testsuite>
