<?xml version="1.0" encoding="utf-8"?>
<testsuite failures="0" name="monitoring_with_collectd" skipped="1" tests="1" time="0.03" timestamp="2022-07-01T06:52:07">
	<testcase classname="MonitoringWithCollectd" name="monitoring_with_collectd">
		<skipped message="SKIPPED: Test execution disabled due to #792 (instable)"/>
		<system-out>06:52:07 INFO  ==============================================================
06:52:07 INFO  Id:    monitoring_with_collectd
06:52:07 INFO  Dir:   monitoring/
06:52:07 INFO  Title: Validate tedge dm agent messages that are produced by batching the collectd messages
06:52:07 INFO  ==============================================================
06:52:07 INFO  Test execution disabled due to #792 (instable) ... skipped
06:52:07 INFO  
06:52:07 INFO  Test duration: 0.03 secs
06:52:07 INFO  Test final outcome:  SKIPPED
06:52:07 INFO  Test outcome reason: Test execution disabled due to #792 (instable)
06:52:07 INFO  
</system-out>
	</testcase>
</testsuite>
