<?xml version="1.0" encoding="utf-8"?>
<testsuite failures="0" name="SoftwareManagement.sm_apt_install_remove" skipped="1" tests="1" time="0.02" timestamp="2022-07-16T17:25:44">
	<testcase classname="PySysTest" name="SoftwareManagement.sm_apt_install_remove">
		<skipped message="SKIPPED: Testing the apt plugin is not supported on this platform.Use parameter -XmyPlatform='container' to enable it"/>
		<system-out>17:25:44 INFO  ==============================================================
17:25:44 INFO  Id:    SoftwareManagement.sm_apt_install_remove
17:25:44 INFO  Dir:   software_management_end_to_end/
17:25:44 INFO  Title: Validate end to end behaviour for the apt plugin for installation and removal of packages
17:25:44 INFO  ==============================================================
17:25:44 INFO  Testing the apt plugin is not supported on this platform.Use parameter -XmyPlatform='container' to enable it ... skipped
17:25:44 WARN  Aborted test due to SKIPPED outcome
17:25:44 INFO  
17:25:44 INFO  Test duration: 0.02 secs
17:25:44 INFO  Test final outcome:  SKIPPED
17:25:44 INFO  Test outcome reason: Testing the apt plugin is not supported on this platform.Use parameter -XmyPlatform='container' to enable it
17:25:44 INFO  
</system-out>
	</testcase>
</testsuite>
