<?xml version="1.0" encoding="utf-8"?>
<testsuite failures="0" name="docker_plugin_finalize" skipped="1" tests="1" time="0.05" timestamp="2022-07-25T15:02:38">
	<testcase classname="DockerPluginFinalizeTest" name="docker_plugin_finalize">
		<skipped message="SKIPPED: Testing the docker plugin is not supported on this platform.To run it, all the test with -XmyPlatform='container'"/>
		<system-out>15:02:38 INFO  ==============================================================
15:02:38 INFO  Id:    docker_plugin_finalize
15:02:38 INFO  Dir:   plugin_docker/
15:02:38 INFO  Title: Validate docker plugin finalize command
15:02:38 INFO  ==============================================================
15:02:38 INFO  Testing the docker plugin is not supported on this platform.To run it, all the test with -XmyPlatform='container' ... skipped
15:02:38 WARN  Aborted test due to SKIPPED outcome
15:02:38 INFO  
15:02:38 INFO  Test duration: 0.05 secs
15:02:38 INFO  Test final outcome:  SKIPPED
15:02:38 INFO  Test outcome reason: Testing the docker plugin is not supported on this platform.To run it, all the test with -XmyPlatform='container'
15:02:38 INFO  
</system-out>
	</testcase>
</testsuite>
