<?xml version="1.0" encoding="utf-8"?>
<testsuite failures="1" name="mapper_awaits_before_reconnect" skipped="0" tests="1" time="8.07" timestamp="2022-05-25T12:56:22">
	<testcase classname="MapperReconnectAwait" name="mapper_awaits_before_reconnect">
		<failure message="FAILED: Line count on tedge_mapper_journal.out for &quot;tedge_mapper::core::mapper: MQTT connection error:&quot; expected &gt;=2 but got 0" type="FAILED"/>
		<system-out>12:56:13 INFO  ==============================================================
12:56:13 INFO  Id:    mapper_awaits_before_reconnect
12:56:13 INFO  Dir:   tedge_mapper_c8y/
12:56:13 INFO  Title: Validate mapper doesn't reconnect too often
12:56:13 INFO  ==============================================================
12:56:13 INFO  Started mosquitto_sub with process id 15604
12:56:13 INFO  Waiting for 0.1 seconds
12:56:14 INFO  Executed sudo&lt;tedge_mapper&gt;, exit status 0
12:56:14 INFO  Waiting for 5.0 seconds
12:56:20 INFO  Executed sudo&lt;tedge_mapper&gt;, exit status 0
12:56:21 INFO  Executed sudo&lt;tedge_mapper_journal&gt;, exit status 0
12:56:21 WARN  Grep on tedge_mapper_journal.out contains &quot;ERROR&quot; ... failed [run.py:67]
12:56:21 INFO  Line count on file tedge_mapper_journal.out ... passed
12:56:21 WARN  Line count on tedge_mapper_journal.out for &quot;tedge_mapper::core::mapper: MQTT connection error:&quot; expected &gt;=2 but got 0 ... failed [run.py:78]
12:56:21 WARN  Aborted test due to FAILED outcome
12:56:22 INFO  
12:56:22 INFO  Test duration: 8.07 secs
12:56:22 INFO  Test final outcome:  FAILED
12:56:22 INFO  Test outcome reason: Line count on tedge_mapper_journal.out for &quot;tedge_mapper::core::mapper: MQTT connection error:&quot; expected &gt;=2 but got 0
12:56:22 INFO  
</system-out>
	</testcase>
</testsuite>
