<?xml version="1.0" encoding="utf-8"?>
<testsuite failures="0" name="apt_install" skipped="1" tests="1" time="0.02" timestamp="2022-07-26T16:15:49">
	<testcase classname="AptPluginInstallDense" name="apt_install">
		<skipped message="SKIPPED: Testing the apt plugin is not supported on this platform.To run the tests call PySys with -XmyPlatform='container'"/>
		<system-out>16:15:49 INFO  ==============================================================
16:15:49 INFO  Id:    apt_install
16:15:49 INFO  Dir:   plugin_apt/
16:15:49 INFO  Title: Validate apt plugin prepare - dense version
16:15:49 INFO  ==============================================================
16:15:49 INFO  Testing the apt plugin is not supported on this platform.To run the tests call PySys with -XmyPlatform='container' ... skipped
16:15:49 WARN  Aborted test due to SKIPPED outcome
16:15:49 INFO  
16:15:49 INFO  Test duration: 0.02 secs
16:15:49 INFO  Test final outcome:  SKIPPED
16:15:49 INFO  Test outcome reason: Testing the apt plugin is not supported on this platform.To run the tests call PySys with -XmyPlatform='container'
16:15:49 INFO  
</system-out>
	</testcase>
</testsuite>
