<?xml version="1.0" encoding="utf-8"?>
<testsuite failures="1" name="tedge_mapper_c8y_packet_threshold_size" skipped="0" tests="1" time="3.03" timestamp="2022-07-16T11:45:23">
	<testcase classname="TedgeMapperC8yThresholdPacketSize" name="tedge_mapper_c8y_packet_threshold_size">
		<failure message="FAILED: Grep on tedge_sub.out contains &quot;The size of the message received on tedge/measurements is 20489 which is greater than the threshold size of 16184.&quot;" type="FAILED"/>
		<system-out>11:45:19 INFO  ==============================================================
11:45:19 INFO  Id:    tedge_mapper_c8y_packet_threshold_size
11:45:19 INFO  Dir:   tedge_mapper_c8y/
11:45:19 INFO  Title: Validate the Cumulocity Mapper accepted threshold packet size when it receives a message on tedge/measurements
11:45:19 INFO  ==============================================================
11:45:20 INFO  Executed sudo&lt;tedge_mapper_c8y&gt;, exit status 0
11:45:20 INFO  Started sudo&lt;tedge_sub&gt; with process id 25216
11:45:21 INFO  Executed sudo&lt;tedge_msg&gt;, exit status 0
11:45:21 INFO  Executed sudo&lt;tedge_pub&gt;, exit status 0
11:45:22 INFO  Executed sudo&lt;kill_out&gt;, exit status 0
11:45:22 WARN  Grep on tedge_sub.out contains &quot;The size of the message received on tedge/measurements is 20489 which is greater than the threshold size of 16184.&quot; ... failed [run.py:88]
11:45:22 INFO  
11:45:22 INFO  cleanup:
11:45:22 INFO  mapper_cleanup
11:45:23 INFO  Executed sudo&lt;tedge_mapper_c8y&gt;, exit status 0
11:45:23 INFO  
11:45:23 INFO  Test duration: 3.03 secs
11:45:23 INFO  Test final outcome:  FAILED
11:45:23 INFO  Test outcome reason: Grep on tedge_sub.out contains &quot;The size of the message received on tedge/measurements is 20489 which is greater than the threshold size of 16184.&quot;
11:45:23 INFO  
</system-out>
	</testcase>
</testsuite>
