<?xml version="1.0" encoding="utf-8"?>
<testsuite failures="0" name="docker_plugin_install_with_version" skipped="1" tests="1" time="0.02" timestamp="2022-05-23T19:07:52">
	<testcase classname="DockerPluginInstallWithVersionTest" name="docker_plugin_install_with_version">
		<skipped message="SKIPPED: Testing the docker plugin is not supported on this platform.To run it, all the test with -XmyPlatform='container'"/>
		<system-out>19:07:52 INFO  ==============================================================
19:07:52 INFO  Id:    docker_plugin_install_with_version
19:07:52 INFO  Dir:   plugin_docker/
19:07:52 INFO  Title: Validate docker plugin install
19:07:52 INFO  ==============================================================
19:07:52 INFO  Testing the docker plugin is not supported on this platform.To run it, all the test with -XmyPlatform='container' ... skipped
19:07:52 WARN  Aborted test due to SKIPPED outcome
19:07:52 INFO  
19:07:52 INFO  Test duration: 0.02 secs
19:07:52 INFO  Test final outcome:  SKIPPED
19:07:52 INFO  Test outcome reason: Testing the docker plugin is not supported on this platform.To run it, all the test with -XmyPlatform='container'
19:07:52 INFO  
</system-out>
	</testcase>
</testsuite>
