<?xml version="1.0" encoding="utf-8"?>
<testsuite failures="0" name="apt_install_local_file_with_version" skipped="1" tests="1" time="0.02" timestamp="2022-07-01T06:52:13">
	<testcase classname="AptPluginInstallFromLocalFileWithVersion" name="apt_install_local_file_with_version">
		<skipped message="SKIPPED: Testing the apt plugin is not supported on this platform.To run the tests call PySys with -XmyPlatform='container'"/>
		<system-out>06:52:13 INFO  ==============================================================
06:52:13 INFO  Id:    apt_install_local_file_with_version
06:52:13 INFO  Dir:   plugin_apt/
06:52:13 INFO  Title: Validate apt plugin install from local file AND with a version - SUCCESS case
06:52:13 INFO  ==============================================================
06:52:13 INFO  Testing the apt plugin is not supported on this platform.To run the tests call PySys with -XmyPlatform='container' ... skipped
06:52:13 WARN  Aborted test due to SKIPPED outcome
06:52:13 INFO  
06:52:13 INFO  Test duration: 0.02 secs
06:52:13 INFO  Test final outcome:  SKIPPED
06:52:13 INFO  Test outcome reason: Testing the apt plugin is not supported on this platform.To run the tests call PySys with -XmyPlatform='container'
06:52:13 INFO  
</system-out>
	</testcase>
</testsuite>
