<?xml version="1.0" encoding="utf-8"?>
<testsuite failures="0" name="docker_plugin_remove" skipped="1" tests="1" time="0.02" timestamp="2022-07-22T17:26:39">
	<testcase classname="DockerPluginRemoveTest" name="docker_plugin_remove">
		<skipped message="SKIPPED: Testing the docker plugin is not supported on this platform.To run it, all the test with -XmyPlatform='container'"/>
		<system-out>17:26:39 INFO  ==============================================================
17:26:39 INFO  Id:    docker_plugin_remove
17:26:39 INFO  Dir:   plugin_docker/
17:26:39 INFO  Title: Validate docker plugin remove
17:26:39 INFO  ==============================================================
17:26:39 INFO  Testing the docker plugin is not supported on this platform.To run it, all the test with -XmyPlatform='container' ... skipped
17:26:39 WARN  Aborted test due to SKIPPED outcome
17:26:39 INFO  
17:26:39 INFO  Test duration: 0.02 secs
17:26:39 INFO  Test final outcome:  SKIPPED
17:26:39 INFO  Test outcome reason: Testing the docker plugin is not supported on this platform.To run it, all the test with -XmyPlatform='container'
17:26:39 INFO  
</system-out>
	</testcase>
</testsuite>
