<?xml version="1.0" encoding="utf-8"?>
<testsuite failures="0" name="mqtt_port_change_connection_works" skipped="1" tests="1" time="0.03" timestamp="2022-07-25T13:31:53">
	<testcase classname="MqttPortChangeConnectionWorks" name="mqtt_port_change_connection_works">
		<skipped message="SKIPPED: failing intermitently"/>
		<system-out>13:31:53 INFO  ==============================================================
13:31:53 INFO  Id:    mqtt_port_change_connection_works
13:31:53 INFO  Dir:   misc_features/
13:31:53 INFO  Title: mqtt port change connection works for all the thin-edge services that use the mosquitto broker
13:31:53 INFO  ==============================================================
13:31:53 INFO  failing intermitently ... skipped
13:31:53 INFO  
13:31:53 INFO  Test duration: 0.03 secs
13:31:53 INFO  Test final outcome:  SKIPPED
13:31:53 INFO  Test outcome reason: failing intermitently
13:31:53 INFO  
</system-out>
	</testcase>
</testsuite>
