<?xml version="1.0" encoding="utf-8"?>
<testsuite failures="0" name="apt_sequence_remove" skipped="1" tests="1" time="0.02" timestamp="2022-07-22T15:48:48">
	<testcase classname="AptPluginInstallPrepareRemoveFinalize" name="apt_sequence_remove">
		<skipped message="SKIPPED: Testing the apt plugin is not supported on this platform.To run the tests call PySys with -XmyPlatform='container'"/>
		<system-out>15:48:48 INFO  ==============================================================
15:48:48 INFO  Id:    apt_sequence_remove
15:48:48 INFO  Dir:   plugin_apt/
15:48:48 INFO  Title: Validate apt plugin prepare install remove finalize use case
15:48:48 INFO  ==============================================================
15:48:48 INFO  Testing the apt plugin is not supported on this platform.To run the tests call PySys with -XmyPlatform='container' ... skipped
15:48:48 WARN  Aborted test due to SKIPPED outcome
15:48:48 INFO  
15:48:48 INFO  Test duration: 0.02 secs
15:48:48 INFO  Test final outcome:  SKIPPED
15:48:48 INFO  Test outcome reason: Testing the apt plugin is not supported on this platform.To run the tests call PySys with -XmyPlatform='container'
15:48:48 INFO  
</system-out>
	</testcase>
</testsuite>
