<?xml version="1.0" encoding="utf-8"?>
<testsuite failures="0" name="apt_prepare_install_finalize" skipped="1" tests="1" time="0.03" timestamp="2022-05-20T09:35:28">
	<testcase classname="AptPluginPrepareInstallFinalize" name="apt_prepare_install_finalize">
		<skipped message="SKIPPED: Testing the apt plugin is not supported on this platform.To run the tests call PySys with -XmyPlatform='container'"/>
		<system-out>09:35:28 INFO  ==============================================================
09:35:28 INFO  Id:    apt_prepare_install_finalize
09:35:28 INFO  Dir:   plugin_apt/
09:35:28 INFO  Title: Validate apt plugin install use case
09:35:28 INFO  ==============================================================
09:35:28 INFO  Testing the apt plugin is not supported on this platform.To run the tests call PySys with -XmyPlatform='container' ... skipped
09:35:28 WARN  Aborted test due to SKIPPED outcome
09:35:28 INFO  
09:35:28 INFO  Test duration: 0.03 secs
09:35:28 INFO  Test final outcome:  SKIPPED
09:35:28 INFO  Test outcome reason: Testing the apt plugin is not supported on this platform.To run the tests call PySys with -XmyPlatform='container'
09:35:28 INFO  
</system-out>
	</testcase>
</testsuite>
