<?xml version="1.0" encoding="utf-8"?>
<testsuite failures="1" name="c8y_jwt_token_retrieval" skipped="0" tests="1" time="21.69" timestamp="2022-07-22T00:25:52">
	<testcase classname="ValidateJWTTokenRetrieval" name="c8y_jwt_token_retrieval">
		<failure message="FAILED: Grep on resp_jwt.out contains &quot;\[c8y/s/dat\] 71,&quot;" type="FAILED"/>
		<system-out>00:25:30 INFO  ==============================================================
00:25:30 INFO  Id:    c8y_jwt_token_retrieval
00:25:30 INFO  Dir:   cloud_c8y/
00:25:30 INFO  Title: Validate the Cumulocity JWT Token Retrieval feature
00:25:30 INFO  ==============================================================
00:25:31 INFO  Executed sudo&lt;tedge_disconnect_c8y&gt;, exit status 0
00:25:45 INFO  Executed sudo&lt;tedge_connect_c8y&gt;, exit status 0, duration 14 secs
00:25:45 INFO  Started sudo&lt;resp_jwt&gt; with process id 2022
00:25:46 INFO  Executed sudo&lt;req_jwt&gt;, exit status 0
00:25:47 INFO  Executed sudo&lt;kill_out&gt;, exit status 0
00:25:48 WARN  Grep on resp_jwt.out contains &quot;\[c8y/s/dat\] 71,&quot; ... failed [run.py:60]
00:25:48 INFO  
00:25:48 INFO  cleanup:
00:25:52 INFO  Executed sudo&lt;tedge_disconnect_c8y&gt;, exit status 0
00:25:52 INFO  
00:25:52 INFO  Test duration: 21.69 secs
00:25:52 INFO  Test final outcome:  FAILED
00:25:52 INFO  Test outcome reason: Grep on resp_jwt.out contains &quot;\[c8y/s/dat\] 71,&quot;
00:25:52 INFO  
</system-out>
	</testcase>
</testsuite>
