<?xml version="1.0" encoding="utf-8"?>
<testsuite failures="0" name="apt_sequence_remove" skipped="1" tests="1" time="0.02" timestamp="2022-07-21T19:55:36">
	<testcase classname="AptPluginInstallPrepareRemoveFinalize" name="apt_sequence_remove">
		<skipped message="SKIPPED: Testing the apt plugin is not supported on this platform.To run the tests call PySys with -XmyPlatform='container'"/>
		<system-out>19:55:36 INFO  ==============================================================
19:55:36 INFO  Id:    apt_sequence_remove
19:55:36 INFO  Dir:   plugin_apt/
19:55:36 INFO  Title: Validate apt plugin prepare install remove finalize use case
19:55:36 INFO  ==============================================================
19:55:36 INFO  Testing the apt plugin is not supported on this platform.To run the tests call PySys with -XmyPlatform='container' ... skipped
19:55:36 WARN  Aborted test due to SKIPPED outcome
19:55:36 INFO  
19:55:36 INFO  Test duration: 0.02 secs
19:55:36 INFO  Test final outcome:  SKIPPED
19:55:36 INFO  Test outcome reason: Testing the apt plugin is not supported on this platform.To run the tests call PySys with -XmyPlatform='container'
19:55:36 INFO  
</system-out>
	</testcase>
</testsuite>
