<?xml version="1.0" encoding="utf-8"?>
<testsuite failures="1" name="monitoring_smaller_interval" skipped="0" tests="1" time="15.14" timestamp="2022-07-16T11:30:33">
	<testcase classname="MonitoringSmallInterval" name="monitoring_smaller_interval">
		<failure message="BLOCKED: TypeError: 'int' object is not subscriptable" type="BLOCKED"/>
		<system-out>11:30:17 INFO  ==============================================================
11:30:17 INFO  Id:    monitoring_smaller_interval
11:30:17 INFO  Dir:   monitoring/
11:30:17 INFO  Title: Validate the tedge dm agent messages that are produced with smaller sampling interval than the batching window. Here the simulated collectd messages are used
11:30:17 INFO  ==============================================================
11:30:18 INFO  Executed sudo&lt;collectd&gt;, exit status 0
11:30:19 INFO  Executed sudo&lt;collectd_mapper&gt;, exit status 0
11:30:19 INFO  Started sudo&lt;tedge_sub&gt; with process id 20739
11:30:19 INFO  Executed sudo&lt;tedge_temp&gt;, exit status 0
11:30:20 INFO  Executed sudo&lt;tedge_pres&gt;, exit status 0
11:30:21 INFO  Executed sudo&lt;tedge_temp&gt;, exit status 0
11:30:21 INFO  Executed sudo&lt;tedge_pres&gt;, exit status 0
11:30:22 INFO  Executed sudo&lt;tedge_temp&gt;, exit status 0
11:30:22 INFO  Executed sudo&lt;tedge_pres&gt;, exit status 0
11:30:23 INFO  Executed sudo&lt;tedge_temp&gt;, exit status 0
11:30:23 INFO  Executed sudo&lt;tedge_pres&gt;, exit status 0
11:30:24 INFO  Executed sudo&lt;tedge_temp&gt;, exit status 0
11:30:25 INFO  Executed sudo&lt;tedge_pres&gt;, exit status 0
11:30:25 INFO  Executed sudo&lt;tedge_temp&gt;, exit status 0
11:30:26 INFO  Executed sudo&lt;tedge_pres&gt;, exit status 0
11:30:26 INFO  Executed sudo&lt;tedge_temp&gt;, exit status 0
11:30:27 INFO  Executed sudo&lt;tedge_pres&gt;, exit status 0
11:30:27 INFO  Executed sudo&lt;tedge_temp&gt;, exit status 0
11:30:28 INFO  Executed sudo&lt;tedge_pres&gt;, exit status 0
11:30:29 INFO  Executed sudo&lt;tedge_temp&gt;, exit status 0
11:30:29 INFO  Executed sudo&lt;tedge_pres&gt;, exit status 0
11:30:30 INFO  Executed sudo&lt;tedge_temp&gt;, exit status 0
11:30:30 INFO  Executed sudo&lt;tedge_pres&gt;, exit status 0
11:30:32 INFO  Executed sudo&lt;kill_out&gt;, exit status 0
11:30:32 INFO  0

11:30:32 WARN  TypeError occurred while running test - 'int' object is not subscriptable
Traceback (most recent call last):
  File &quot;/home/pi/env-pysys/lib/python3.7/site-packages/pysys/baserunner.py&quot;, line 1296, in __call__
    self.testObj.validate()
  File &quot;/home/pi/actions-runner/_work/thin-edge.io/thin-edge.io/tests/PySys/monitoring/monitoring_smaller_interval/run.py&quot;, line 104, in validate
    collectd_msg_validation_result=self.validate_json(),
  File &quot;/home/pi/actions-runner/_work/thin-edge.io/thin-edge.io/tests/PySys/monitoring/monitoring_smaller_interval/run.py&quot;, line 114, in validate_json
    if not self.validate_time():
  File &quot;/home/pi/actions-runner/_work/thin-edge.io/thin-edge.io/tests/PySys/monitoring/monitoring_smaller_interval/run.py&quot;, line 134, in validate_time
    if self.js_msg[&quot;time&quot;]:
TypeError: 'int' object is not subscriptable
11:30:32 WARN  TypeError: 'int' object is not subscriptable ... blocked 
11:30:32 INFO  
11:30:32 INFO  cleanup:
11:30:32 INFO  monitoring_cleanup
11:30:33 INFO  Executed sudo&lt;collectd_mapper&gt;, exit status 0
11:30:33 INFO  
11:30:33 INFO  Test duration: 15.14 secs
11:30:33 INFO  Test final outcome:  BLOCKED
11:30:33 INFO  Test outcome reason: TypeError: 'int' object is not subscriptable
11:30:33 INFO  
</system-out>
	</testcase>
</testsuite>
