<?xml version="1.0" encoding="utf-8"?>
<testsuite failures="0" name="invalid_device_id" skipped="0" tests="1" time="4.21" timestamp="2022-07-20T12:51:51">
	<testcase classname="InvalidDeviceId" name="invalid_device_id"/>
</testsuite>
