<?xml version="1.0" encoding="utf-8"?>
<testsuite failures="0" name="tedge_software_update" skipped="0" tests="1" time="25.87" timestamp="2022-05-23T16:58:20">
	<testcase classname="PySysTest" name="tedge_software_update"/>
</testsuite>
