<?xml version="1.0" encoding="utf-8"?>
<testsuite failures="0" name="docker_plugin_finalize" skipped="1" tests="1" time="0.05" timestamp="2022-06-22T13:53:54">
	<testcase classname="DockerPluginFinalizeTest" name="docker_plugin_finalize">
		<skipped message="SKIPPED: Testing the docker plugin is not supported on this platform.To run it, all the test with -XmyPlatform='container'"/>
		<system-out>13:53:54 INFO  ==============================================================
13:53:54 INFO  Id:    docker_plugin_finalize
13:53:54 INFO  Dir:   plugin_docker/
13:53:54 INFO  Title: Validate docker plugin finalize command
13:53:54 INFO  ==============================================================
13:53:54 INFO  Testing the docker plugin is not supported on this platform.To run it, all the test with -XmyPlatform='container' ... skipped
13:53:54 WARN  Aborted test due to SKIPPED outcome
13:53:54 INFO  
13:53:54 INFO  Test duration: 0.05 secs
13:53:54 INFO  Test final outcome:  SKIPPED
13:53:54 INFO  Test outcome reason: Testing the docker plugin is not supported on this platform.To run it, all the test with -XmyPlatform='container'
13:53:54 INFO  
</system-out>
	</testcase>
</testsuite>
