<?xml version="1.0" encoding="utf-8"?>
<testsuite failures="0" name="SoftwareManagement.Plugin.apama_plugin_update" skipped="1" tests="1" time="0.02" timestamp="2022-06-09T16:33:05">
	<testcase classname="ApamaPluginUpdateTest" name="SoftwareManagement.Plugin.apama_plugin_update">
		<skipped message="SKIPPED: Apama plugin tests are disabled by default. Execute `pysys run` with `-XmyPlatform=container` to run these tests"/>
		<system-out>16:33:05 INFO  ==============================================================
16:33:05 INFO  Id:    SoftwareManagement.Plugin.apama_plugin_update
16:33:05 INFO  Dir:   plugin_apama/
16:33:05 INFO  Title: Validate apama plugin updating one project with another
16:33:05 INFO  ==============================================================
16:33:05 INFO  Apama plugin tests are disabled by default. Execute `pysys run` with `-XmyPlatform=container` to run these tests ... skipped
16:33:05 WARN  Aborted test due to SKIPPED outcome
16:33:05 INFO  
16:33:05 INFO  Test duration: 0.02 secs
16:33:05 INFO  Test final outcome:  SKIPPED
16:33:05 INFO  Test outcome reason: Apama plugin tests are disabled by default. Execute `pysys run` with `-XmyPlatform=container` to run these tests
16:33:05 INFO  
</system-out>
	</testcase>
</testsuite>
