<?xml version="1.0" encoding="utf-8"?>
<testsuite failures="0" name="valid_device_id" skipped="0" tests="1" time="31.69" timestamp="2022-05-24T10:43:21">
	<testcase classname="ValidateValidDeviceId" name="valid_device_id"/>
</testsuite>
