<?xml version="1.0" encoding="utf-8"?>
<testsuite failures="0" name="docker_plugin_remove" skipped="1" tests="1" time="0.02" timestamp="2022-06-20T16:37:28">
	<testcase classname="DockerPluginRemoveTest" name="docker_plugin_remove">
		<skipped message="SKIPPED: Testing the docker plugin is not supported on this platform.To run it, all the test with -XmyPlatform='container'"/>
		<system-out>16:37:28 INFO  ==============================================================
16:37:28 INFO  Id:    docker_plugin_remove
16:37:28 INFO  Dir:   plugin_docker/
16:37:28 INFO  Title: Validate docker plugin remove
16:37:28 INFO  ==============================================================
16:37:28 INFO  Testing the docker plugin is not supported on this platform.To run it, all the test with -XmyPlatform='container' ... skipped
16:37:28 WARN  Aborted test due to SKIPPED outcome
16:37:28 INFO  
16:37:28 INFO  Test duration: 0.02 secs
16:37:28 INFO  Test final outcome:  SKIPPED
16:37:28 INFO  Test outcome reason: Testing the docker plugin is not supported on this platform.To run it, all the test with -XmyPlatform='container'
16:37:28 INFO  
</system-out>
	</testcase>
</testsuite>
