<?xml version="1.0" encoding="utf-8"?>
<testsuite failures="0" name="smoketest_json" skipped="0" tests="1" time="45.0" timestamp="2022-06-20T16:40:45">
	<testcase classname="SmokeTestJson" name="smoketest_json"/>
</testsuite>
