<?xml version="1.0" encoding="utf-8"?>
<testsuite failures="0" name="apt_fail_noarg" skipped="1" tests="1" time="0.05" timestamp="2022-07-22T03:51:22">
	<testcase classname="AptPluginFailNoArg" name="apt_fail_noarg">
		<skipped message="SKIPPED: Testing the apt plugin is not supported on this platform.To run the tests call PySys with -XmyPlatform='container'"/>
		<system-out>03:51:22 INFO  ==============================================================
03:51:22 INFO  Id:    apt_fail_noarg
03:51:22 INFO  Dir:   plugin_apt/
03:51:22 INFO  Title: Validate apt plugin fetures(prepare, list, install, remove finalize) without arguments
03:51:22 INFO  ==============================================================
03:51:22 INFO  Testing the apt plugin is not supported on this platform.To run the tests call PySys with -XmyPlatform='container' ... skipped
03:51:22 WARN  Aborted test due to SKIPPED outcome
03:51:22 INFO  
03:51:22 INFO  Test duration: 0.05 secs
03:51:22 INFO  Test final outcome:  SKIPPED
03:51:22 INFO  Test outcome reason: Testing the apt plugin is not supported on this platform.To run the tests call PySys with -XmyPlatform='container'
03:51:22 INFO  
</system-out>
	</testcase>
</testsuite>
