<?xml version="1.0" encoding="utf-8"?>
<testsuite failures="0" name="SoftwareManagement.Plugin.apama_plugin_update" skipped="1" tests="1" time="0.03" timestamp="2022-07-18T15:50:50">
	<testcase classname="ApamaPluginUpdateTest" name="SoftwareManagement.Plugin.apama_plugin_update">
		<skipped message="SKIPPED: Apama plugin tests are disabled by default. Execute `pysys run` with `-XmyPlatform=container` to run these tests"/>
		<system-out>15:50:50 INFO  ==============================================================
15:50:50 INFO  Id:    SoftwareManagement.Plugin.apama_plugin_update
15:50:50 INFO  Dir:   plugin_apama/
15:50:50 INFO  Title: Validate apama plugin updating one project with another
15:50:50 INFO  ==============================================================
15:50:50 INFO  Apama plugin tests are disabled by default. Execute `pysys run` with `-XmyPlatform=container` to run these tests ... skipped
15:50:50 WARN  Aborted test due to SKIPPED outcome
15:50:50 INFO  
15:50:50 INFO  Test duration: 0.03 secs
15:50:50 INFO  Test final outcome:  SKIPPED
15:50:50 INFO  Test outcome reason: Apama plugin tests are disabled by default. Execute `pysys run` with `-XmyPlatform=container` to run these tests
15:50:50 INFO  
</system-out>
	</testcase>
</testsuite>
