<?xml version="1.0" encoding="utf-8"?>
<testsuite failures="0" name="SoftwareManagement.Plugin.apama_plugin_remove" skipped="1" tests="1" time="0.05" timestamp="2022-07-21T11:50:59">
	<testcase classname="ApamaPluginRemoveTest" name="SoftwareManagement.Plugin.apama_plugin_remove">
		<skipped message="SKIPPED: Apama plugin tests are disabled by default. Execute `pysys run` with `-XmyPlatform=container` to run these tests"/>
		<system-out>11:50:59 INFO  ==============================================================
11:50:59 INFO  Id:    SoftwareManagement.Plugin.apama_plugin_remove
11:50:59 INFO  Dir:   plugin_apama/
11:50:59 INFO  Title: Validate apama plugin remove
11:50:59 INFO  ==============================================================
11:50:59 INFO  Apama plugin tests are disabled by default. Execute `pysys run` with `-XmyPlatform=container` to run these tests ... skipped
11:50:59 WARN  Aborted test due to SKIPPED outcome
11:50:59 INFO  
11:50:59 INFO  Test duration: 0.05 secs
11:50:59 INFO  Test final outcome:  SKIPPED
11:50:59 INFO  Test outcome reason: Apama plugin tests are disabled by default. Execute `pysys run` with `-XmyPlatform=container` to run these tests
11:50:59 INFO  
</system-out>
	</testcase>
</testsuite>
