<?xml version="1.0" encoding="utf-8"?>
<testsuite failures="0" name="SoftwareManagement.sm_apt_install_fail" skipped="1" tests="1" time="0.02" timestamp="2022-07-21T20:05:14">
	<testcase classname="PySysTest" name="SoftwareManagement.sm_apt_install_fail">
		<skipped message="SKIPPED: Testing the apt plugin is not supported on this platform.Use parameter -XmyPlatform='container' to enable it"/>
		<system-out>20:05:14 INFO  ==============================================================
20:05:14 INFO  Id:    SoftwareManagement.sm_apt_install_fail
20:05:14 INFO  Dir:   software_management_end_to_end/
20:05:14 INFO  Title: Validate end to end behaviour for a failing installation
20:05:14 INFO  ==============================================================
20:05:14 INFO  Testing the apt plugin is not supported on this platform.Use parameter -XmyPlatform='container' to enable it ... skipped
20:05:14 WARN  Aborted test due to SKIPPED outcome
20:05:14 INFO  
20:05:14 INFO  Test duration: 0.02 secs
20:05:14 INFO  Test final outcome:  SKIPPED
20:05:14 INFO  Test outcome reason: Testing the apt plugin is not supported on this platform.Use parameter -XmyPlatform='container' to enable it
20:05:14 INFO  
</system-out>
	</testcase>
</testsuite>
