<?xml version="1.0" encoding="utf-8"?>
<testsuite failures="0" name="SoftwareManagement.sm_fake_install_remove_multiple" skipped="1" tests="1" time="0.04" timestamp="2022-05-23T19:17:25">
	<testcase classname="PySysTest" name="SoftwareManagement.sm_fake_install_remove_multiple">
		<skipped message="SKIPPED: Testing the fake plugin is not enabled.Use parameter -Xfakeplugin=fakeplugin to enable it"/>
		<system-out>19:17:25 INFO  ==============================================================
19:17:25 INFO  Id:    SoftwareManagement.sm_fake_install_remove_multiple
19:17:25 INFO  Dir:   software_management_end_to_end/
19:17:25 INFO  Title: Validate end to end behaviour for the dummy-plugin for multiple packages
19:17:25 INFO  ==============================================================
19:17:25 INFO  Testing the fake plugin is not enabled.Use parameter -Xfakeplugin=fakeplugin to enable it ... skipped
19:17:25 WARN  Aborted test due to SKIPPED outcome
19:17:25 INFO  
19:17:25 INFO  Test duration: 0.04 secs
19:17:25 INFO  Test final outcome:  SKIPPED
19:17:25 INFO  Test outcome reason: Testing the fake plugin is not enabled.Use parameter -Xfakeplugin=fakeplugin to enable it
19:17:25 INFO  
</system-out>
	</testcase>
</testsuite>
