<?xml version="1.0" encoding="utf-8"?>
<testsuite failures="0" name="apt_install" skipped="1" tests="1" time="0.04" timestamp="2022-07-25T08:30:37">
	<testcase classname="AptPluginInstallDense" name="apt_install">
		<skipped message="SKIPPED: Testing the apt plugin is not supported on this platform.To run the tests call PySys with -XmyPlatform='container'"/>
		<system-out>08:30:37 INFO  ==============================================================
08:30:37 INFO  Id:    apt_install
08:30:37 INFO  Dir:   plugin_apt/
08:30:37 INFO  Title: Validate apt plugin prepare - dense version
08:30:37 INFO  ==============================================================
08:30:37 INFO  Testing the apt plugin is not supported on this platform.To run the tests call PySys with -XmyPlatform='container' ... skipped
08:30:37 WARN  Aborted test due to SKIPPED outcome
08:30:37 INFO  
08:30:37 INFO  Test duration: 0.04 secs
08:30:37 INFO  Test final outcome:  SKIPPED
08:30:37 INFO  Test outcome reason: Testing the apt plugin is not supported on this platform.To run the tests call PySys with -XmyPlatform='container'
08:30:37 INFO  
</system-out>
	</testcase>
</testsuite>
