<?xml version="1.0" encoding="utf-8"?>
<testsuite failures="1" name="valid_device_id" skipped="0" tests="1" time="56.5" timestamp="2022-06-16T14:07:33">
	<testcase classname="ValidateValidDeviceId" name="valid_device_id">
		<failure message="FAILED: Grep on tedge_connect_c8y_test.out contains &quot;successful&quot;" type="FAILED"/>
		<system-out>14:06:37 INFO  ==============================================================
14:06:37 INFO  Id:    valid_device_id
14:06:37 INFO  Dir:   misc_features/
14:06:37 INFO  Title: Valid device ID
14:06:37 INFO  ==============================================================
14:06:37 INFO  Executed sudo&lt;tedge_disconnect_c8y&gt;, exit status 0
14:06:38 INFO  Executed sudo&lt;create_cert_dir&gt;, exit status 0
14:06:38 INFO  Executed sudo&lt;change_owner_of_dir&gt;, exit status 0
14:06:39 INFO  Executed sudo&lt;set_cert_path&gt;, exit status 0
14:06:39 INFO  Executed sudo&lt;set_key_path&gt;, exit status 0
14:06:40 INFO  Executed sudo&lt;cert_create&gt;, exit status 0
14:06:41 INFO  Executed sudo&lt;cert_upload&gt;, exit status 0
14:07:17 INFO  Executed sudo&lt;tedge_connect_c8y&gt;, exit status 0, duration 34 secs
14:07:27 INFO  Executed sudo&lt;tedge_connect_c8y_test&gt;, exit status 0
14:07:27 INFO  Grep on file tedge_connect_c8y.out ... passed
14:07:27 WARN  Grep on tedge_connect_c8y_test.out contains &quot;successful&quot; ... failed [run.py:108]
14:07:27 INFO  
14:07:27 INFO  cleanup:
14:07:31 INFO  Executed sudo&lt;tedge_disconnect_c8y&gt;, exit status 0
14:07:32 INFO  Executed sudo&lt;unset_cert_path&gt;, exit status 0
14:07:32 INFO  Executed sudo&lt;unset_key_path&gt;, exit status 0
14:07:33 INFO  Executed sudo&lt;remove_cert_dir&gt;, exit status 0
14:07:33 INFO  
14:07:33 INFO  Test duration: 56.50 secs
14:07:33 INFO  Test final outcome:  FAILED
14:07:33 INFO  Test outcome reason: Grep on tedge_connect_c8y_test.out contains &quot;successful&quot;
14:07:33 INFO  
</system-out>
	</testcase>
</testsuite>
