<?xml version="1.0" encoding="utf-8"?>
<testsuite failures="0" name="docker_plugin_remove" skipped="1" tests="1" time="0.02" timestamp="2022-07-25T08:30:42">
	<testcase classname="DockerPluginRemoveTest" name="docker_plugin_remove">
		<skipped message="SKIPPED: Testing the docker plugin is not supported on this platform.To run it, all the test with -XmyPlatform='container'"/>
		<system-out>08:30:41 INFO  ==============================================================
08:30:41 INFO  Id:    docker_plugin_remove
08:30:41 INFO  Dir:   plugin_docker/
08:30:41 INFO  Title: Validate docker plugin remove
08:30:41 INFO  ==============================================================
08:30:41 INFO  Testing the docker plugin is not supported on this platform.To run it, all the test with -XmyPlatform='container' ... skipped
08:30:41 WARN  Aborted test due to SKIPPED outcome
08:30:42 INFO  
08:30:42 INFO  Test duration: 0.02 secs
08:30:42 INFO  Test final outcome:  SKIPPED
08:30:42 INFO  Test outcome reason: Testing the docker plugin is not supported on this platform.To run it, all the test with -XmyPlatform='container'
08:30:42 INFO  
</system-out>
	</testcase>
</testsuite>
