<?xml version="1.0" encoding="utf-8"?>
<testsuite failures="1" name="tedge_mapper_c8y_packet_threshold_size" skipped="0" tests="1" time="3.03" timestamp="2022-07-22T04:06:00">
	<testcase classname="TedgeMapperC8yThresholdPacketSize" name="tedge_mapper_c8y_packet_threshold_size">
		<failure message="FAILED: Grep on tedge_sub.out contains &quot;The size of the message received on tedge/measurements is 20489 which is greater than the threshold size of 16184.&quot;" type="FAILED"/>
		<system-out>04:05:57 INFO  ==============================================================
04:05:57 INFO  Id:    tedge_mapper_c8y_packet_threshold_size
04:05:57 INFO  Dir:   tedge_mapper_c8y/
04:05:57 INFO  Title: Validate the Cumulocity Mapper accepted threshold packet size when it receives a message on tedge/measurements
04:05:57 INFO  ==============================================================
04:05:58 INFO  Executed sudo&lt;tedge_mapper_c8y&gt;, exit status 0
04:05:58 INFO  Started sudo&lt;tedge_sub&gt; with process id 22547
04:05:59 INFO  Executed sudo&lt;tedge_msg&gt;, exit status 0
04:05:59 INFO  Executed sudo&lt;tedge_pub&gt;, exit status 0
04:06:00 INFO  Executed sudo&lt;kill_out&gt;, exit status 0
04:06:00 WARN  Grep on tedge_sub.out contains &quot;The size of the message received on tedge/measurements is 20489 which is greater than the threshold size of 16184.&quot; ... failed [run.py:88]
04:06:00 INFO  
04:06:00 INFO  cleanup:
04:06:00 INFO  mapper_cleanup
04:06:00 INFO  Executed sudo&lt;tedge_mapper_c8y&gt;, exit status 0
04:06:00 INFO  
04:06:00 INFO  Test duration: 3.03 secs
04:06:00 INFO  Test final outcome:  FAILED
04:06:00 INFO  Test outcome reason: Grep on tedge_sub.out contains &quot;The size of the message received on tedge/measurements is 20489 which is greater than the threshold size of 16184.&quot;
04:06:00 INFO  
</system-out>
	</testcase>
</testsuite>
