<?xml version="1.0" encoding="utf-8"?>
<testsuite failures="0" name="docker_plugin_install_with_version" skipped="1" tests="1" time="0.02" timestamp="2022-06-22T15:49:24">
	<testcase classname="DockerPluginInstallWithVersionTest" name="docker_plugin_install_with_version">
		<skipped message="SKIPPED: Testing the docker plugin is not supported on this platform.To run it, all the test with -XmyPlatform='container'"/>
		<system-out>15:49:23 INFO  ==============================================================
15:49:23 INFO  Id:    docker_plugin_install_with_version
15:49:23 INFO  Dir:   plugin_docker/
15:49:23 INFO  Title: Validate docker plugin install
15:49:23 INFO  ==============================================================
15:49:23 INFO  Testing the docker plugin is not supported on this platform.To run it, all the test with -XmyPlatform='container' ... skipped
15:49:23 WARN  Aborted test due to SKIPPED outcome
15:49:23 INFO  
15:49:23 INFO  Test duration: 0.02 secs
15:49:23 INFO  Test final outcome:  SKIPPED
15:49:23 INFO  Test outcome reason: Testing the docker plugin is not supported on this platform.To run it, all the test with -XmyPlatform='container'
15:49:24 INFO  
</system-out>
	</testcase>
</testsuite>
