<?xml version="1.0" encoding="utf-8"?>
<testsuite failures="0" name="docker_plugin_remove" skipped="1" tests="1" time="0.02" timestamp="2022-05-23T14:58:46">
	<testcase classname="DockerPluginRemoveTest" name="docker_plugin_remove">
		<skipped message="SKIPPED: Testing the docker plugin is not supported on this platform.To run it, all the test with -XmyPlatform='container'"/>
		<system-out>14:58:46 INFO  ==============================================================
14:58:46 INFO  Id:    docker_plugin_remove
14:58:46 INFO  Dir:   plugin_docker/
14:58:46 INFO  Title: Validate docker plugin remove
14:58:46 INFO  ==============================================================
14:58:46 INFO  Testing the docker plugin is not supported on this platform.To run it, all the test with -XmyPlatform='container' ... skipped
14:58:46 WARN  Aborted test due to SKIPPED outcome
14:58:46 INFO  
14:58:46 INFO  Test duration: 0.02 secs
14:58:46 INFO  Test final outcome:  SKIPPED
14:58:46 INFO  Test outcome reason: Testing the docker plugin is not supported on this platform.To run it, all the test with -XmyPlatform='container'
14:58:46 INFO  
</system-out>
	</testcase>
</testsuite>
