<?xml version="1.0" encoding="utf-8"?>
<testsuite failures="0" name="smoketest_json" skipped="0" tests="1" time="49.06" timestamp="2022-07-22T00:31:45">
	<testcase classname="SmokeTestJson" name="smoketest_json"/>
</testsuite>
