<?xml version="1.0" encoding="utf-8"?>
<testsuite failures="1" name="log_request_error_messages" skipped="0" tests="1" time="26.8" timestamp="2022-07-21T14:38:16">
	<testcase classname="LogRequestVerifySearchTextError" name="log_request_error_messages">
		<failure message="BLOCKED: TypeError: 'NoneType' object is not subscriptable" type="BLOCKED"/>
		<system-out>14:37:49 INFO  ==============================================================
14:37:49 INFO  Id:    log_request_error_messages
14:37:49 INFO  Dir:   log_request_end_to_end/
14:37:49 INFO  Title: Validate end to end behaviour for the log request operation check for error messages
14:37:49 INFO  ==============================================================
14:37:50 INFO  EnvironmentC8y Setup
14:37:51 INFO  Executed systemctl&lt;serv_mapper1&gt;, exit status 3
14:38:05 INFO  Executed sudo&lt;tedge_connect_c8y&gt;, exit status 0, duration 13 secs
14:38:05 INFO  Executed sudo&lt;tedge_connect_c8y_test&gt;, exit status 0
14:38:06 INFO  Executed systemctl&lt;serv_mosq2&gt;, exit status 0
14:38:06 INFO  Executed systemctl&lt;serv_mapper3&gt;, exit status 0
14:38:07 INFO  Executed sudo&lt;rm_logs&gt;, exit status 0
14:38:07 INFO  Executed sudo&lt;move_logs&gt;, exit status 0
14:38:08 INFO  Executed sudo&lt;log_file_daemon&gt;, exit status 0
14:38:09 WARN  TypeError occurred while running test - 'NoneType' object is not subscriptable
Traceback (most recent call last):
  File &quot;/home/pi/env-pysys/lib/python3.7/site-packages/pysys/baserunner.py&quot;, line 1294, in __call__
    self.testObj.execute()
  File &quot;/home/pi/actions-runner/_work/thin-edge.io/thin-edge.io/tests/PySys/log_request_end_to_end/log_request_error_messages/run.py&quot;, line 47, in execute
    log_file_request_payload, self.project.deviceid
  File &quot;/home/pi/actions-runner/_work/thin-edge.io/thin-edge.io/tests/PySys/environments/cumulocity.py&quot;, line 101, in trigger_log_request
    &quot;deviceId&quot;: self.device_fragment[&quot;id&quot;],
TypeError: 'NoneType' object is not subscriptable
14:38:09 WARN  TypeError: 'NoneType' object is not subscriptable ... blocked 
14:38:09 INFO  
14:38:09 INFO  cleanup:
14:38:10 INFO  Executed sudo&lt;rm_logs&gt;, exit status 0
14:38:10 INFO  Executed sudo&lt;rm_tmp_logs&gt;, exit status 0
14:38:11 INFO  Executed sudo&lt;send_failed&gt;, exit status 0
14:38:11 INFO  Executed sudo&lt;log_file_daemon&gt;, exit status 0
14:38:15 INFO  Executed sudo&lt;tedge_disconnect_c8y&gt;, exit status 0
14:38:16 INFO  Executed systemctl&lt;serv_mapper5&gt;, exit status 3
14:38:16 INFO  
14:38:16 INFO  Test duration: 26.80 secs
14:38:16 INFO  Test final outcome:  BLOCKED
14:38:16 INFO  Test outcome reason: TypeError: 'NoneType' object is not subscriptable
14:38:16 INFO  
</system-out>
	</testcase>
</testsuite>
