<?xml version="1.0" encoding="utf-8"?>
<testsuite failures="0" name="apt_install" skipped="1" tests="1" time="0.03" timestamp="2022-07-16T11:30:38">
	<testcase classname="AptPluginInstallDense" name="apt_install">
		<skipped message="SKIPPED: Testing the apt plugin is not supported on this platform.To run the tests call PySys with -XmyPlatform='container'"/>
		<system-out>11:30:38 INFO  ==============================================================
11:30:38 INFO  Id:    apt_install
11:30:38 INFO  Dir:   plugin_apt/
11:30:38 INFO  Title: Validate apt plugin prepare - dense version
11:30:38 INFO  ==============================================================
11:30:38 INFO  Testing the apt plugin is not supported on this platform.To run the tests call PySys with -XmyPlatform='container' ... skipped
11:30:38 WARN  Aborted test due to SKIPPED outcome
11:30:38 INFO  
11:30:38 INFO  Test duration: 0.03 secs
11:30:38 INFO  Test final outcome:  SKIPPED
11:30:38 INFO  Test outcome reason: Testing the apt plugin is not supported on this platform.To run the tests call PySys with -XmyPlatform='container'
11:30:38 INFO  
</system-out>
	</testcase>
</testsuite>
