<?xml version="1.0" encoding="utf-8"?>
<testsuite failures="0" name="local_mqtt_sub_fail" skipped="0" tests="1" time="1.76" timestamp="2022-05-20T13:18:30">
	<testcase classname="PySysTest" name="local_mqtt_sub_fail"/>
</testsuite>
