<?xml version="1.0" encoding="utf-8"?>
<testsuite failures="0" name="local_mqtt_pub_sub" skipped="0" tests="1" time="2.08" timestamp="2022-05-20T11:11:29">
	<testcase classname="PySysTest" name="local_mqtt_pub_sub"/>
</testsuite>
