<?xml version="1.0" encoding="utf-8"?>
<testsuite failures="1" name="log_request_error_messages" skipped="0" tests="1" time="58.01" timestamp="2022-05-23T08:24:19">
	<testcase classname="LogRequestVerifySearchTextError" name="log_request_error_messages">
		<failure message="BLOCKED: Exception: retry" type="BLOCKED"/>
		<system-out>08:23:21 INFO  ==============================================================
08:23:21 INFO  Id:    log_request_error_messages
08:23:21 INFO  Dir:   log_request_end_to_end/
08:23:21 INFO  Title: Validate end to end behaviour for the log request operation check for error messages
08:23:21 INFO  ==============================================================
08:23:23 INFO  EnvironmentC8y Setup
08:23:23 INFO  Executed systemctl&lt;serv_mapper1&gt;, exit status 3
08:23:24 INFO  Restarting mosquitto too frequently in the last 10 seconds. It was only up for 3 seconds
08:23:24 INFO  Delaying execution by 8 seconds
08:23:46 INFO  Executed sudo&lt;tedge_connect_c8y&gt;, exit status 0, duration 14 secs
08:23:47 INFO  Executed sudo&lt;tedge_connect_c8y_test&gt;, exit status 0
08:23:48 INFO  Executed systemctl&lt;serv_mosq2&gt;, exit status 0
08:23:48 INFO  Executed systemctl&lt;serv_mapper3&gt;, exit status 0
08:23:49 INFO  Executed sudo&lt;rm_logs&gt;, exit status 0
08:23:49 INFO  Executed sudo&lt;move_logs&gt;, exit status 0
08:23:50 INFO  log response None
08:23:50 WARN  retry, retrying in 1 seconds...
08:23:51 INFO  log response None
08:23:51 WARN  retry, retrying in 1 seconds...
08:23:52 INFO  log response None
08:23:52 WARN  retry, retrying in 1 seconds...
08:23:53 INFO  log response None
08:23:53 WARN  retry, retrying in 1 seconds...
08:23:55 INFO  log response None
08:23:55 WARN  retry, retrying in 1 seconds...
08:23:56 INFO  log response None
08:23:56 WARN  retry, retrying in 1 seconds...
08:23:57 INFO  log response None
08:23:57 WARN  retry, retrying in 1 seconds...
08:23:58 INFO  log response None
08:23:58 WARN  retry, retrying in 1 seconds...
08:23:59 INFO  log response None
08:23:59 WARN  retry, retrying in 1 seconds...
08:24:01 INFO  log response None
08:24:01 WARN  retry, retrying in 1 seconds...
08:24:02 INFO  log response None
08:24:02 WARN  retry, retrying in 1 seconds...
08:24:03 INFO  log response None
08:24:03 WARN  retry, retrying in 1 seconds...
08:24:04 INFO  log response None
08:24:04 WARN  retry, retrying in 1 seconds...
08:24:06 INFO  log response None
08:24:06 WARN  retry, retrying in 1 seconds...
08:24:07 INFO  log response None
08:24:07 WARN  retry, retrying in 1 seconds...
08:24:08 INFO  log response None
08:24:08 WARN  retry, retrying in 1 seconds...
08:24:09 INFO  log response None
08:24:09 WARN  retry, retrying in 1 seconds...
08:24:10 INFO  log response None
08:24:10 WARN  retry, retrying in 1 seconds...
08:24:12 INFO  log response None
08:24:12 WARN  retry, retrying in 1 seconds...
08:24:13 INFO  log response None
08:24:13 WARN  Exception occurred while running test - retry
Traceback (most recent call last):
  File &quot;/home/pi/env-pysys/lib/python3.7/site-packages/pysys/baserunner.py&quot;, line 1296, in __call__
    self.testObj.validate()
  File &quot;/home/pi/actions-runner/_work/thin-edge.io/thin-edge.io/tests/PySys/log_request_end_to_end/log_request_error_messages/run.py&quot;, line 43, in validate
    self.assertThat(&quot;True == value&quot;, value=self.wait_until_logs_retrieved())
  File &quot;/home/pi/env-pysys/lib/python3.7/site-packages/decorator.py&quot;, line 232, in fun
    return caller(func, *(extras + args), **kw)
  File &quot;/home/pi/env-pysys/lib/python3.7/site-packages/retry/api.py&quot;, line 74, in retry_decorator
    logger)
  File &quot;/home/pi/env-pysys/lib/python3.7/site-packages/retry/api.py&quot;, line 33, in __retry_internal
    return f()
  File &quot;/home/pi/actions-runner/_work/thin-edge.io/thin-edge.io/tests/PySys/log_request_end_to_end/log_request_error_messages/run.py&quot;, line 52, in wait_until_logs_retrieved
    raise Exception(&quot;retry&quot;)
Exception: retry
08:24:13 WARN  Exception: retry ... blocked 
08:24:13 INFO  
08:24:13 INFO  cleanup:
08:24:13 INFO  Executed sudo&lt;rm_logs&gt;, exit status 0
08:24:14 INFO  Executed sudo&lt;rm_tmp_logs&gt;, exit status 0
08:24:14 INFO  Executed sudo&lt;send_failed&gt;, exit status 0
08:24:19 INFO  Executed sudo&lt;tedge_disconnect_c8y&gt;, exit status 0
08:24:19 INFO  Executed systemctl&lt;serv_mapper5&gt;, exit status 3
08:24:19 INFO  
08:24:19 INFO  Test duration: 58.01 secs
08:24:19 INFO  Test final outcome:  BLOCKED
08:24:19 INFO  Test outcome reason: Exception: retry
08:24:19 INFO  
</system-out>
	</testcase>
</testsuite>
