<?xml version="1.0" encoding="utf-8"?>
<testsuite failures="0" name="call_tedge_config_list" skipped="0" tests="1" time="23.2" timestamp="2022-07-21T16:19:00">
	<testcase classname="PySysTest" name="call_tedge_config_list"/>
</testsuite>
