<?xml version="1.0" encoding="utf-8"?>
<testsuite failures="0" name="apt_install_local_file" skipped="1" tests="1" time="0.02" timestamp="2022-05-23T14:58:42">
	<testcase classname="AptPluginInstallFromLocalFile" name="apt_install_local_file">
		<skipped message="SKIPPED: Testing the apt plugin is not supported on this platform.To run the tests call PySys with -XmyPlatform='container'"/>
		<system-out>14:58:42 INFO  ==============================================================
14:58:42 INFO  Id:    apt_install_local_file
14:58:42 INFO  Dir:   plugin_apt/
14:58:42 INFO  Title: Validate apt plugin install from local file - SUCCESS case
14:58:42 INFO  ==============================================================
14:58:42 INFO  Testing the apt plugin is not supported on this platform.To run the tests call PySys with -XmyPlatform='container' ... skipped
14:58:42 WARN  Aborted test due to SKIPPED outcome
14:58:42 INFO  
14:58:42 INFO  Test duration: 0.02 secs
14:58:42 INFO  Test final outcome:  SKIPPED
14:58:42 INFO  Test outcome reason: Testing the apt plugin is not supported on this platform.To run the tests call PySys with -XmyPlatform='container'
14:58:42 INFO  
</system-out>
	</testcase>
</testsuite>
