<?xml version="1.0" encoding="utf-8"?>
<testsuite failures="0" name="SoftwareManagement.Plugin.apama_plugin_mon_support" skipped="1" tests="1" time="0.02" timestamp="2022-07-19T13:39:05">
	<testcase classname="ApamaPluginMonSupportTest" name="SoftwareManagement.Plugin.apama_plugin_mon_support">
		<skipped message="SKIPPED: Apama plugin tests are disabled by default. Execute `pysys run` with `-XmyPlatform=container` to run these tests"/>
		<system-out>13:39:05 INFO  ==============================================================
13:39:05 INFO  Id:    SoftwareManagement.Plugin.apama_plugin_mon_support
13:39:05 INFO  Dir:   plugin_apama/
13:39:05 INFO  Title: Validate mon file support of apama plugin
13:39:05 INFO  ==============================================================
13:39:05 INFO  Apama plugin tests are disabled by default. Execute `pysys run` with `-XmyPlatform=container` to run these tests ... skipped
13:39:05 WARN  Aborted test due to SKIPPED outcome
13:39:05 INFO  
13:39:05 INFO  Test duration: 0.02 secs
13:39:05 INFO  Test final outcome:  SKIPPED
13:39:05 INFO  Test outcome reason: Apama plugin tests are disabled by default. Execute `pysys run` with `-XmyPlatform=container` to run these tests
13:39:05 INFO  
</system-out>
	</testcase>
</testsuite>
