<?xml version="1.0" encoding="utf-8"?>
<testsuite failures="0" name="SoftwareManagement.sm_apt_install_fail" skipped="1" tests="1" time="0.02" timestamp="2022-07-19T13:48:38">
	<testcase classname="PySysTest" name="SoftwareManagement.sm_apt_install_fail">
		<skipped message="SKIPPED: Testing the apt plugin is not supported on this platform.Use parameter -XmyPlatform='container' to enable it"/>
		<system-out>13:48:38 INFO  ==============================================================
13:48:38 INFO  Id:    SoftwareManagement.sm_apt_install_fail
13:48:38 INFO  Dir:   software_management_end_to_end/
13:48:38 INFO  Title: Validate end to end behaviour for a failing installation
13:48:38 INFO  ==============================================================
13:48:38 INFO  Testing the apt plugin is not supported on this platform.Use parameter -XmyPlatform='container' to enable it ... skipped
13:48:38 WARN  Aborted test due to SKIPPED outcome
13:48:38 INFO  
13:48:38 INFO  Test duration: 0.02 secs
13:48:38 INFO  Test final outcome:  SKIPPED
13:48:38 INFO  Test outcome reason: Testing the apt plugin is not supported on this platform.Use parameter -XmyPlatform='container' to enable it
13:48:38 INFO  
</system-out>
	</testcase>
</testsuite>
