<?xml version="1.0" encoding="utf-8"?>
<testsuite failures="0" name="apt_remove" skipped="1" tests="1" time="0.02" timestamp="2022-07-22T03:51:26">
	<testcase classname="AptPluginRemoveDense" name="apt_remove">
		<skipped message="SKIPPED: Testing the apt plugin is not supported on this platform.To run the tests call PySys with -XmyPlatform='container'"/>
		<system-out>03:51:25 INFO  ==============================================================
03:51:25 INFO  Id:    apt_remove
03:51:25 INFO  Dir:   plugin_apt/
03:51:25 INFO  Title: Validate apt plugin prepare - dense version
03:51:25 INFO  ==============================================================
03:51:25 INFO  Testing the apt plugin is not supported on this platform.To run the tests call PySys with -XmyPlatform='container' ... skipped
03:51:26 WARN  Aborted test due to SKIPPED outcome
03:51:26 INFO  
03:51:26 INFO  Test duration: 0.02 secs
03:51:26 INFO  Test final outcome:  SKIPPED
03:51:26 INFO  Test outcome reason: Testing the apt plugin is not supported on this platform.To run the tests call PySys with -XmyPlatform='container'
03:51:26 INFO  
</system-out>
	</testcase>
</testsuite>
