<?xml version="1.0" encoding="utf-8"?>
<testsuite failures="1" name="log_request_error_messages" skipped="0" tests="1" time="58.96" timestamp="2022-05-23T13:17:21">
	<testcase classname="LogRequestVerifySearchTextError" name="log_request_error_messages">
		<failure message="BLOCKED: Exception: retry" type="BLOCKED"/>
		<system-out>13:16:22 INFO  ==============================================================
13:16:22 INFO  Id:    log_request_error_messages
13:16:22 INFO  Dir:   log_request_end_to_end/
13:16:22 INFO  Title: Validate end to end behaviour for the log request operation check for error messages
13:16:22 INFO  ==============================================================
13:16:24 INFO  EnvironmentC8y Setup
13:16:24 INFO  Executed systemctl&lt;serv_mapper1&gt;, exit status 3
13:16:24 INFO  Restarting mosquitto too frequently in the last 10 seconds. It was only up for 2 seconds
13:16:24 INFO  Delaying execution by 9 seconds
13:16:48 INFO  Executed sudo&lt;tedge_connect_c8y&gt;, exit status 0, duration 14 secs
13:16:49 INFO  Executed sudo&lt;tedge_connect_c8y_test&gt;, exit status 0
13:16:49 INFO  Executed systemctl&lt;serv_mosq2&gt;, exit status 0
13:16:50 INFO  Executed systemctl&lt;serv_mapper3&gt;, exit status 0
13:16:50 INFO  Executed sudo&lt;rm_logs&gt;, exit status 0
13:16:51 INFO  Executed sudo&lt;move_logs&gt;, exit status 0
13:16:51 INFO  log response None
13:16:51 WARN  retry, retrying in 1 seconds...
13:16:53 INFO  log response None
13:16:53 WARN  retry, retrying in 1 seconds...
13:16:54 INFO  log response None
13:16:54 WARN  retry, retrying in 1 seconds...
13:16:55 INFO  log response None
13:16:55 WARN  retry, retrying in 1 seconds...
13:16:56 INFO  log response None
13:16:56 WARN  retry, retrying in 1 seconds...
13:16:57 INFO  log response None
13:16:57 WARN  retry, retrying in 1 seconds...
13:16:59 INFO  log response None
13:16:59 WARN  retry, retrying in 1 seconds...
13:17:00 INFO  log response None
13:17:00 WARN  retry, retrying in 1 seconds...
13:17:01 INFO  log response None
13:17:01 WARN  retry, retrying in 1 seconds...
13:17:02 INFO  log response None
13:17:02 WARN  retry, retrying in 1 seconds...
13:17:04 INFO  log response None
13:17:04 WARN  retry, retrying in 1 seconds...
13:17:05 INFO  log response None
13:17:05 WARN  retry, retrying in 1 seconds...
13:17:06 INFO  log response None
13:17:06 WARN  retry, retrying in 1 seconds...
13:17:07 INFO  log response None
13:17:07 WARN  retry, retrying in 1 seconds...
13:17:08 INFO  log response None
13:17:08 WARN  retry, retrying in 1 seconds...
13:17:10 INFO  log response None
13:17:10 WARN  retry, retrying in 1 seconds...
13:17:11 INFO  log response None
13:17:11 WARN  retry, retrying in 1 seconds...
13:17:12 INFO  log response None
13:17:12 WARN  retry, retrying in 1 seconds...
13:17:13 INFO  log response None
13:17:13 WARN  retry, retrying in 1 seconds...
13:17:14 INFO  log response None
13:17:14 WARN  Exception occurred while running test - retry
Traceback (most recent call last):
  File &quot;/home/pi/env-pysys/lib/python3.7/site-packages/pysys/baserunner.py&quot;, line 1296, in __call__
    self.testObj.validate()
  File &quot;/home/pi/actions-runner/_work/thin-edge.io/thin-edge.io/tests/PySys/log_request_end_to_end/log_request_error_messages/run.py&quot;, line 43, in validate
    self.assertThat(&quot;True == value&quot;, value=self.wait_until_logs_retrieved())
  File &quot;/home/pi/env-pysys/lib/python3.7/site-packages/decorator.py&quot;, line 232, in fun
    return caller(func, *(extras + args), **kw)
  File &quot;/home/pi/env-pysys/lib/python3.7/site-packages/retry/api.py&quot;, line 74, in retry_decorator
    logger)
  File &quot;/home/pi/env-pysys/lib/python3.7/site-packages/retry/api.py&quot;, line 33, in __retry_internal
    return f()
  File &quot;/home/pi/actions-runner/_work/thin-edge.io/thin-edge.io/tests/PySys/log_request_end_to_end/log_request_error_messages/run.py&quot;, line 52, in wait_until_logs_retrieved
    raise Exception(&quot;retry&quot;)
Exception: retry
13:17:15 WARN  Exception: retry ... blocked 
13:17:15 INFO  
13:17:15 INFO  cleanup:
13:17:16 INFO  Executed sudo&lt;rm_logs&gt;, exit status 0
13:17:16 INFO  Executed sudo&lt;rm_tmp_logs&gt;, exit status 0
13:17:17 INFO  Executed sudo&lt;send_failed&gt;, exit status 0
13:17:21 INFO  Executed sudo&lt;tedge_disconnect_c8y&gt;, exit status 0
13:17:21 INFO  Executed systemctl&lt;serv_mapper5&gt;, exit status 3
13:17:21 INFO  
13:17:21 INFO  Test duration: 58.96 secs
13:17:21 INFO  Test final outcome:  BLOCKED
13:17:21 INFO  Test outcome reason: Exception: retry
13:17:21 INFO  
</system-out>
	</testcase>
</testsuite>
