<?xml version="1.0" encoding="utf-8"?>
<testsuite failures="0" name="SoftwareManagement.sm_mixed_install_remove_multiple" skipped="1" tests="1" time="0.02" timestamp="2022-07-15T07:50:14">
	<testcase classname="PySysTest" name="SoftwareManagement.sm_mixed_install_remove_multiple">
		<skipped message="SKIPPED: Testing the fake plugin is not enabled.Use parameter -Xfakeplugin=fakeplugin to enable it"/>
		<system-out>07:50:14 INFO  ==============================================================
07:50:14 INFO  Id:    SoftwareManagement.sm_mixed_install_remove_multiple
07:50:14 INFO  Dir:   software_management_end_to_end/
07:50:14 INFO  Title: Validate end to end behaviour for the dummy-plugin for multiple packages with mixed versions
07:50:14 INFO  ==============================================================
07:50:14 INFO  Testing the fake plugin is not enabled.Use parameter -Xfakeplugin=fakeplugin to enable it ... skipped
07:50:14 WARN  Aborted test due to SKIPPED outcome
07:50:14 INFO  
07:50:14 INFO  Test duration: 0.02 secs
07:50:14 INFO  Test final outcome:  SKIPPED
07:50:14 INFO  Test outcome reason: Testing the fake plugin is not enabled.Use parameter -Xfakeplugin=fakeplugin to enable it
07:50:14 INFO  
</system-out>
	</testcase>
</testsuite>
