<?xml version="1.0" encoding="utf-8"?>
<testsuite failures="0" name="SoftwareManagement.Plugin.apama_plugin_remove" skipped="1" tests="1" time="0.05" timestamp="2022-05-25T10:52:04">
	<testcase classname="ApamaPluginRemoveTest" name="SoftwareManagement.Plugin.apama_plugin_remove">
		<skipped message="SKIPPED: Apama plugin tests are disabled by default. Execute `pysys run` with `-XmyPlatform=container` to run these tests"/>
		<system-out>10:52:04 INFO  ==============================================================
10:52:04 INFO  Id:    SoftwareManagement.Plugin.apama_plugin_remove
10:52:04 INFO  Dir:   plugin_apama/
10:52:04 INFO  Title: Validate apama plugin remove
10:52:04 INFO  ==============================================================
10:52:04 INFO  Apama plugin tests are disabled by default. Execute `pysys run` with `-XmyPlatform=container` to run these tests ... skipped
10:52:04 WARN  Aborted test due to SKIPPED outcome
10:52:04 INFO  
10:52:04 INFO  Test duration: 0.05 secs
10:52:04 INFO  Test final outcome:  SKIPPED
10:52:04 INFO  Test outcome reason: Apama plugin tests are disabled by default. Execute `pysys run` with `-XmyPlatform=container` to run these tests
10:52:04 INFO  
</system-out>
	</testcase>
</testsuite>
