<?xml version="1.0" encoding="utf-8"?>
<testsuite failures="0" name="SoftwareManagement.Plugin.apama_plugin_mon_support" skipped="1" tests="1" time="0.02" timestamp="2022-07-20T12:52:59">
	<testcase classname="ApamaPluginMonSupportTest" name="SoftwareManagement.Plugin.apama_plugin_mon_support">
		<skipped message="SKIPPED: Apama plugin tests are disabled by default. Execute `pysys run` with `-XmyPlatform=container` to run these tests"/>
		<system-out>12:52:59 INFO  ==============================================================
12:52:59 INFO  Id:    SoftwareManagement.Plugin.apama_plugin_mon_support
12:52:59 INFO  Dir:   plugin_apama/
12:52:59 INFO  Title: Validate mon file support of apama plugin
12:52:59 INFO  ==============================================================
12:52:59 INFO  Apama plugin tests are disabled by default. Execute `pysys run` with `-XmyPlatform=container` to run these tests ... skipped
12:52:59 WARN  Aborted test due to SKIPPED outcome
12:52:59 INFO  
12:52:59 INFO  Test duration: 0.02 secs
12:52:59 INFO  Test final outcome:  SKIPPED
12:52:59 INFO  Test outcome reason: Apama plugin tests are disabled by default. Execute `pysys run` with `-XmyPlatform=container` to run these tests
12:52:59 INFO  
</system-out>
	</testcase>
</testsuite>
