<?xml version="1.0" encoding="utf-8"?>
<testsuite failures="0" name="SoftwareManagement.sm_mapper_fail_and_reconnect" skipped="1" tests="1" time="0.02" timestamp="2022-05-23T11:19:40">
	<testcase classname="MapperC8yReceiveLastMessageOnRestart" name="SoftwareManagement.sm_mapper_fail_and_reconnect">
		<skipped message="SKIPPED: instable https://github.com/thin-edge/thin-edge.io/issues/752"/>
		<system-out>11:19:40 INFO  ==============================================================
11:19:40 INFO  Id:    SoftwareManagement.sm_mapper_fail_and_reconnect
11:19:40 INFO  Dir:   software_management_end_to_end/
11:19:40 INFO  Title: Validate the tedge-mapper-sm-c8y for receiving the last message on restart
11:19:40 INFO  ==============================================================
11:19:40 INFO  instable https://github.com/thin-edge/thin-edge.io/issues/752 ... skipped
11:19:40 INFO  
11:19:40 INFO  Test duration: 0.02 secs
11:19:40 INFO  Test final outcome:  SKIPPED
11:19:40 INFO  Test outcome reason: instable https://github.com/thin-edge/thin-edge.io/issues/752
11:19:40 INFO  
</system-out>
	</testcase>
</testsuite>
