<?xml version="1.0" encoding="utf-8"?>
<testsuite failures="0" name="apt_install_local_file_with_version" skipped="1" tests="1" time="0.03" timestamp="2022-07-15T07:40:35">
	<testcase classname="AptPluginInstallFromLocalFileWithVersion" name="apt_install_local_file_with_version">
		<skipped message="SKIPPED: Testing the apt plugin is not supported on this platform.To run the tests call PySys with -XmyPlatform='container'"/>
		<system-out>07:40:35 INFO  ==============================================================
07:40:35 INFO  Id:    apt_install_local_file_with_version
07:40:35 INFO  Dir:   plugin_apt/
07:40:35 INFO  Title: Validate apt plugin install from local file AND with a version - SUCCESS case
07:40:35 INFO  ==============================================================
07:40:35 INFO  Testing the apt plugin is not supported on this platform.To run the tests call PySys with -XmyPlatform='container' ... skipped
07:40:35 WARN  Aborted test due to SKIPPED outcome
07:40:35 INFO  
07:40:35 INFO  Test duration: 0.03 secs
07:40:35 INFO  Test final outcome:  SKIPPED
07:40:35 INFO  Test outcome reason: Testing the apt plugin is not supported on this platform.To run the tests call PySys with -XmyPlatform='container'
07:40:35 INFO  
</system-out>
	</testcase>
</testsuite>
