<?xml version="1.0" encoding="utf-8"?>
<testsuite failures="1" name="local_mqtt_pub_sub_retain" skipped="0" tests="1" time="6.12" timestamp="2022-06-17T08:34:11">
	<testcase classname="MqttPublishWithRetain" name="local_mqtt_pub_sub_retain">
		<failure message="FAILED: Grep on temp_sensor_sub.out contains &quot;\[test/alarms/temp_sensor\] alarm msg 2&quot; (+1 other failures)" type="FAILED"/>
		<system-out>08:34:05 INFO  ==============================================================
08:34:05 INFO  Id:    local_mqtt_pub_sub_retain
08:34:05 INFO  Dir:   local_mqtt/
08:34:05 INFO  Title: Validate local publishing with retain flag
08:34:05 INFO  ==============================================================
08:34:05 INFO  Executed tedge&lt;pub_to_set_alarm&gt;, exit status 0
08:34:06 INFO  Executed tedge&lt;pub_to_set_alarm&gt;, exit status 0
08:34:07 INFO  Started tedge&lt;temp_sensor_sub&gt; with process id 32647
08:34:07 INFO  Executed tedge&lt;pub_to_clear_alarm&gt;, exit status 0
08:34:09 INFO  Executed sudo&lt;kill_out&gt;, exit status 0
08:34:09 INFO  Executed tedge&lt;pub_to_clear_alarm&gt;, exit status 0
08:34:09 INFO  Started tedge&lt;temp_sensor_empty_message&gt; with process id 32652
08:34:11 INFO  Executed sudo&lt;kill_out&gt;, exit status 0
08:34:11 WARN  Grep on temp_sensor_sub.out contains &quot;\[test/alarms/temp_sensor\] alarm msg 2&quot; ... failed [run.py:139]
08:34:11 WARN  Grep on temp_sensor_sub.out contains &quot;\[test/alarms/temp_sensor\] &quot; ... failed [run.py:142]
08:34:11 INFO  Grep on file temp_sensor_empty_message.out ... passed
08:34:11 INFO  
08:34:11 INFO  Test duration: 6.12 secs
08:34:11 INFO  Test final outcome:  FAILED
08:34:11 INFO  Test outcome reason: Grep on temp_sensor_sub.out contains &quot;\[test/alarms/temp_sensor\] alarm msg 2&quot; (+1 other failures)
08:34:11 INFO  
</system-out>
	</testcase>
</testsuite>
