<?xml version="1.0" encoding="utf-8"?>
<testsuite failures="1" name="SoftwareManagement.sm_apt_install_remove_multiple" skipped="0" tests="1" time="137.76" timestamp="2022-05-20T12:20:35">
	<testcase classname="PySysTest" name="SoftwareManagement.sm_apt_install_remove_multiple">
		<failure message="FAILED: Assert that (False == value) with value=True (+2 other failures)" type="FAILED"/>
		<system-out>12:18:18 INFO  ==============================================================
12:18:18 INFO  Id:    SoftwareManagement.sm_apt_install_remove_multiple
12:18:18 INFO  Dir:   software_management_end_to_end/
12:18:18 INFO  Title: Validate end to end behaviour for the apt plugin for multiple packages
12:18:18 INFO  ==============================================================
12:18:18 INFO  Using sw id database: {'asciijump': '5475369', 'robotfindskitten': '5474869', 'squirrel3': '5475279', 'rolldice': '5152439', 'moon-buggy': '5439204', 'apple': '5495053', 'banana': '5494888', 'cherry': '5495382', 'watermelon': '5494510', 'registry': '8018911', 'hello-world': '8021526', 'docker/getting-started': '8021973', 'alpine': '7991792'}
12:18:18 INFO  EnvironmentC8y Setup
12:18:18 INFO  Executed systemctl&lt;serv_mapper1&gt;, exit status 3
12:18:18 INFO  Restarting mosquitto too frequently in the last 10 seconds. It was only up for 5 seconds
12:18:18 INFO  Delaying execution by 6 seconds
12:18:38 INFO  Executed sudo&lt;tedge_connect_c8y&gt;, exit status 0, duration 14 secs
12:18:39 INFO  Executed sudo&lt;tedge_connect_c8y_test&gt;, exit status 0
12:18:39 INFO  Executed systemctl&lt;serv_mosq2&gt;, exit status 0
12:18:40 INFO  Executed systemctl&lt;serv_mapper3&gt;, exit status 0
12:18:42 INFO  State of current operation: SUCCESSFUL
12:18:42 INFO  Assert that (False == value) with value=False ... passed
12:18:43 INFO  Package asciijump is installed
12:18:43 WARN  Assert that (False == value) with value=True ... failed 
12:18:43 INFO  Package squirrel3 is installed
12:18:43 WARN  Assert that (False == value) with value=True ... failed 
12:18:43 INFO  Package robotfindskitten is installed
12:18:43 WARN  Assert that (False == value) with value=True ... failed 
12:18:44 INFO  Response status: 201
12:18:44 INFO  Response to action: {
    &quot;creationTime&quot;: &quot;2022-05-20T12:18:44.080Z&quot;,
    &quot;deviceId&quot;: &quot;19396607&quot;,
    &quot;deviceName&quot;: &quot;m32sd10b&quot;,
    &quot;self&quot;: &quot;https://t493319102.eu-latest.cumulocity.com/devicecontrol/operations/19409477&quot;,
    &quot;id&quot;: &quot;19409477&quot;,
    &quot;status&quot;: &quot;PENDING&quot;,
    &quot;description&quot;: &quot;Apply software changes, triggered from PySys: [{'action': 'install', 'id': '5475369', 'name': 'asciijump', 'url': ' ', 'version': '::apt'}, {'action': 'install', 'id': '5474869', 'name': 'robotfindskitten', 'url': ' ', 'version': '::apt'}, {'action': 'install', 'id': '5475279', 'name': 'squirrel3', 'url': ' ', 'version': '::apt'}]&quot;,
    &quot;c8y_SoftwareUpdate&quot;: [
        {
            &quot;name&quot;: &quot;asciijump&quot;,
            &quot;action&quot;: &quot;install&quot;,
            &quot;id&quot;: &quot;5475369&quot;,
            &quot;version&quot;: &quot;::apt&quot;,
            &quot;url&quot;: &quot; &quot;
        },
        {
            &quot;name&quot;: &quot;robotfindskitten&quot;,
            &quot;action&quot;: &quot;install&quot;,
            &quot;id&quot;: &quot;5474869&quot;,
            &quot;version&quot;: &quot;::apt&quot;,
            &quot;url&quot;: &quot; &quot;
        },
        {
            &quot;name&quot;: &quot;squirrel3&quot;,
            &quot;action&quot;: &quot;install&quot;,
            &quot;id&quot;: &quot;5475279&quot;,
            &quot;version&quot;: &quot;::apt&quot;,
            &quot;url&quot;: &quot; &quot;
        }
    ]
}
12:18:44 INFO  Started operation: {'creationTime': '2022-05-20T12:18:44.080Z', 'deviceId': '19396607', 'deviceName': 'm32sd10b', 'self': 'https://t493319102.eu-latest.cumulocity.com/devicecontrol/operations/19409477', 'id': '19409477', 'status': 'PENDING', 'description': &quot;Apply software changes, triggered from PySys: [{'action': 'install', 'id': '5475369', 'name': 'asciijump', 'url': ' ', 'version': '::apt'}, {'action': 'install', 'id': '5474869', 'name': 'robotfindskitten', 'url': ' ', 'version': '::apt'}, {'action': 'install', 'id': '5475279', 'name': 'squirrel3', 'url': ' ', 'version': '::apt'}]&quot;, 'c8y_SoftwareUpdate': [{'name': 'asciijump', 'action': 'install', 'id': '5475369', 'version': '::apt', 'url': ' '}, {'name': 'robotfindskitten', 'action': 'install', 'id': '5474869', 'version': '::apt', 'url': ' '}, {'name': 'squirrel3', 'action': 'install', 'id': '5475279', 'version': '::apt', 'url': ' '}]}
12:18:46 INFO  State of operation 19409477 : PENDING
12:18:48 INFO  State of operation 19409477 : EXECUTING
12:18:50 INFO  State of operation 19409477 : EXECUTING
12:18:53 INFO  State of operation 19409477 : EXECUTING
12:18:55 INFO  State of operation 19409477 : EXECUTING
12:18:57 INFO  State of operation 19409477 : EXECUTING
12:19:00 INFO  State of operation 19409477 : EXECUTING
12:19:03 INFO  State of operation 19409477 : EXECUTING
12:19:05 INFO  State of operation 19409477 : EXECUTING
12:19:08 INFO  State of operation 19409477 : EXECUTING
12:19:10 INFO  State of operation 19409477 : EXECUTING
12:19:12 INFO  State of operation 19409477 : EXECUTING
12:19:14 INFO  State of operation 19409477 : EXECUTING
12:19:17 INFO  State of operation 19409477 : EXECUTING
12:19:19 INFO  State of operation 19409477 : EXECUTING
12:19:21 INFO  State of operation 19409477 : SUCCESSFUL
12:19:21 INFO  Assert that (False == value) with value=False ... passed
12:19:22 INFO  Package asciijump is installed
12:19:22 INFO  Assert that (True == value) with value=True ... passed
12:19:22 INFO  Package squirrel3 is installed
12:19:22 INFO  Assert that (True == value) with value=True ... passed
12:19:22 INFO  Package robotfindskitten is installed
12:19:22 INFO  Assert that (True == value) with value=True ... passed
12:19:22 INFO  Response status: 201
12:19:22 INFO  Response to action: {
    &quot;creationTime&quot;: &quot;2022-05-20T12:19:22.692Z&quot;,
    &quot;deviceId&quot;: &quot;19396607&quot;,
    &quot;deviceName&quot;: &quot;m32sd10b&quot;,
    &quot;self&quot;: &quot;https://t493319102.eu-latest.cumulocity.com/devicecontrol/operations/19409486&quot;,
    &quot;id&quot;: &quot;19409486&quot;,
    &quot;status&quot;: &quot;PENDING&quot;,
    &quot;description&quot;: &quot;Apply software changes, triggered from PySys: [{'action': 'delete', 'id': '5475369', 'name': 'asciijump', 'url': ' ', 'version': '::apt'}, {'action': 'delete', 'id': '5474869', 'name': 'robotfindskitten', 'url': ' ', 'version': '::apt'}, {'action': 'delete', 'id': '5475279', 'name': 'squirrel3', 'url': ' ', 'version': '::apt'}]&quot;,
    &quot;c8y_SoftwareUpdate&quot;: [
        {
            &quot;name&quot;: &quot;asciijump&quot;,
            &quot;action&quot;: &quot;delete&quot;,
            &quot;id&quot;: &quot;5475369&quot;,
            &quot;version&quot;: &quot;::apt&quot;,
            &quot;url&quot;: &quot; &quot;
        },
        {
            &quot;name&quot;: &quot;robotfindskitten&quot;,
            &quot;action&quot;: &quot;delete&quot;,
            &quot;id&quot;: &quot;5474869&quot;,
            &quot;version&quot;: &quot;::apt&quot;,
            &quot;url&quot;: &quot; &quot;
        },
        {
            &quot;name&quot;: &quot;squirrel3&quot;,
            &quot;action&quot;: &quot;delete&quot;,
            &quot;id&quot;: &quot;5475279&quot;,
            &quot;version&quot;: &quot;::apt&quot;,
            &quot;url&quot;: &quot; &quot;
        }
    ]
}
12:19:22 INFO  Started operation: {'creationTime': '2022-05-20T12:19:22.692Z', 'deviceId': '19396607', 'deviceName': 'm32sd10b', 'self': 'https://t493319102.eu-latest.cumulocity.com/devicecontrol/operations/19409486', 'id': '19409486', 'status': 'PENDING', 'description': &quot;Apply software changes, triggered from PySys: [{'action': 'delete', 'id': '5475369', 'name': 'asciijump', 'url': ' ', 'version': '::apt'}, {'action': 'delete', 'id': '5474869', 'name': 'robotfindskitten', 'url': ' ', 'version': '::apt'}, {'action': 'delete', 'id': '5475279', 'name': 'squirrel3', 'url': ' ', 'version': '::apt'}]&quot;, 'c8y_SoftwareUpdate': [{'name': 'asciijump', 'action': 'delete', 'id': '5475369', 'version': '::apt', 'url': ' '}, {'name': 'robotfindskitten', 'action': 'delete', 'id': '5474869', 'version': '::apt', 'url': ' '}, {'name': 'squirrel3', 'action': 'delete', 'id': '5475279', 'version': '::apt', 'url': ' '}]}
12:19:24 INFO  State of operation 19409486 : PENDING
12:19:27 INFO  State of operation 19409486 : EXECUTING
12:19:29 INFO  State of operation 19409486 : EXECUTING
12:19:31 INFO  State of operation 19409486 : EXECUTING
12:19:33 INFO  State of operation 19409486 : EXECUTING
12:19:36 INFO  State of operation 19409486 : EXECUTING
12:19:38 INFO  State of operation 19409486 : EXECUTING
12:19:41 INFO  State of operation 19409486 : EXECUTING
12:19:43 INFO  State of operation 19409486 : EXECUTING
12:19:46 INFO  State of operation 19409486 : EXECUTING
12:19:48 INFO  State of operation 19409486 : EXECUTING
12:19:50 INFO  State of operation 19409486 : EXECUTING
12:19:52 INFO  State of operation 19409486 : EXECUTING
12:19:55 INFO  State of operation 19409486 : EXECUTING
12:19:57 INFO  State of operation 19409486 : EXECUTING
12:19:59 INFO  State of operation 19409486 : EXECUTING
12:20:01 INFO  State of operation 19409486 : EXECUTING
12:20:04 INFO  State of operation 19409486 : EXECUTING
12:20:07 INFO  State of operation 19409486 : EXECUTING
12:20:09 INFO  State of operation 19409486 : EXECUTING
12:20:11 INFO  State of operation 19409486 : EXECUTING
12:20:13 INFO  State of operation 19409486 : EXECUTING
12:20:15 INFO  State of operation 19409486 : EXECUTING
12:20:18 INFO  State of operation 19409486 : EXECUTING
12:20:20 INFO  State of operation 19409486 : EXECUTING
12:20:23 INFO  State of operation 19409486 : EXECUTING
12:20:25 INFO  State of operation 19409486 : EXECUTING
12:20:27 INFO  State of operation 19409486 : EXECUTING
12:20:29 INFO  State of operation 19409486 : SUCCESSFUL
12:20:30 INFO  Assert that (False == value) with value=False ... passed
12:20:30 INFO  Assert that (False == value) with value=False ... passed
12:20:30 INFO  Assert that (False == value) with value=False ... passed
12:20:30 INFO  Assert that (False == value) with value=False ... passed
12:20:30 INFO  
12:20:30 INFO  cleanup:
12:20:35 INFO  Executed sudo&lt;tedge_disconnect_c8y&gt;, exit status 0
12:20:35 INFO  Executed systemctl&lt;serv_mapper5&gt;, exit status 3
12:20:35 INFO  
12:20:35 INFO  Test duration: 137.76 secs
12:20:35 INFO  Test final outcome:  FAILED
12:20:35 INFO  Test outcome reason: Assert that (False == value) with value=True (+2 other failures)
12:20:35 INFO  
</system-out>
	</testcase>
</testsuite>
