<?xml version="1.0" encoding="utf-8"?>
<testsuite failures="1" name="SoftwareManagement.sm_apt_install_remove_multiple_mixed" skipped="0" tests="1" time="176.94" timestamp="2022-07-01T08:05:38">
	<testcase classname="PySysTest" name="SoftwareManagement.sm_apt_install_remove_multiple_mixed">
		<failure message="BLOCKED: SystemError: Timeout while waiting for status SUCCESSFUL or False (+1 other failures)" type="BLOCKED"/>
		<system-out>08:02:41 INFO  ==============================================================
08:02:41 INFO  Id:    SoftwareManagement.sm_apt_install_remove_multiple_mixed
08:02:41 INFO  Dir:   software_management_end_to_end/
08:02:41 INFO  Title: Validate end to end behaviour for the apt plugin for multiple packages with mixed versions
08:02:41 INFO  ==============================================================
08:02:41 INFO  Using sw id database: {'asciijump': '5475369', 'robotfindskitten': '5474869', 'squirrel3': '5475279', 'rolldice': '5152439', 'moon-buggy': '5439204', 'apple': '5495053', 'banana': '5494888', 'cherry': '5495382', 'watermelon': '5494510', 'registry': '8018911', 'hello-world': '8021526', 'docker/getting-started': '8021973', 'alpine': '7991792'}
08:02:41 INFO  EnvironmentC8y Setup
08:02:42 INFO  Executed systemctl&lt;serv_mapper1&gt;, exit status 3
08:02:42 INFO  Restarting mosquitto too frequently in the last 10 seconds. It was only up for 5 seconds
08:02:42 INFO  Delaying execution by 6 seconds
08:03:02 INFO  Executed sudo&lt;tedge_connect_c8y&gt;, exit status 0, duration 13 secs
08:03:02 INFO  Executed sudo&lt;tedge_connect_c8y_test&gt;, exit status 0
08:03:03 INFO  Executed systemctl&lt;serv_mosq2&gt;, exit status 0
08:03:03 INFO  Executed systemctl&lt;serv_mapper3&gt;, exit status 0
08:03:05 INFO  State of current operation: SUCCESSFUL
08:03:06 INFO  Assert that (False == value) with value=False ... passed
08:03:06 INFO  Assert that (False == value) with value=False ... passed
08:03:06 INFO  Assert that (False == value) with value=False ... passed
08:03:06 INFO  Assert that (False == value) with value=False ... passed
08:03:06 INFO  Package moon-buggy is installed
08:03:06 WARN  Assert that (False == value) with value=True ... failed 
08:03:08 INFO  Response status: 201
08:03:08 INFO  Response to action: {
    &quot;creationTime&quot;: &quot;2022-07-01T08:03:08.223Z&quot;,
    &quot;deviceId&quot;: &quot;20627469&quot;,
    &quot;deviceName&quot;: &quot;m32sd10b&quot;,
    &quot;self&quot;: &quot;https://t493319102.eu-latest.cumulocity.com/devicecontrol/operations/20666154&quot;,
    &quot;id&quot;: &quot;20666154&quot;,
    &quot;status&quot;: &quot;PENDING&quot;,
    &quot;description&quot;: &quot;Apply software changes, triggered from PySys: [{'action': 'install', 'id': '5475369', 'name': 'asciijump', 'url': ' ', 'version': '::apt'}, {'action': 'install', 'id': '5474869', 'name': 'robotfindskitten', 'url': ' ', 'version': ' '}, {'action': 'install', 'id': '5475279', 'name': 'squirrel3', 'url': ' ', 'version': '3.1-7::apt'}, {'action': 'install', 'id': '5152439', 'name': 'rolldice', 'url': ' ', 'version': '1.16-1+b1'}, {'action': 'install', 'id': '5439204', 'name': 'moon-buggy', 'url': ' ', 'version': '1:1.0.51-12'}, {'action': 'install', 'id': '5475369', 'name': 'asciijump', 'url': ' ', 'version': '::apt'}]&quot;,
    &quot;c8y_SoftwareUpdate&quot;: [
        {
            &quot;name&quot;: &quot;asciijump&quot;,
            &quot;action&quot;: &quot;install&quot;,
            &quot;id&quot;: &quot;5475369&quot;,
            &quot;version&quot;: &quot;::apt&quot;,
            &quot;url&quot;: &quot; &quot;
        },
        {
            &quot;name&quot;: &quot;robotfindskitten&quot;,
            &quot;action&quot;: &quot;install&quot;,
            &quot;id&quot;: &quot;5474869&quot;,
            &quot;version&quot;: &quot; &quot;,
            &quot;url&quot;: &quot; &quot;
        },
        {
            &quot;name&quot;: &quot;squirrel3&quot;,
            &quot;action&quot;: &quot;install&quot;,
            &quot;id&quot;: &quot;5475279&quot;,
            &quot;version&quot;: &quot;3.1-7::apt&quot;,
            &quot;url&quot;: &quot; &quot;
        },
        {
            &quot;name&quot;: &quot;rolldice&quot;,
            &quot;action&quot;: &quot;install&quot;,
            &quot;id&quot;: &quot;5152439&quot;,
            &quot;version&quot;: &quot;1.16-1+b1&quot;,
            &quot;url&quot;: &quot; &quot;
        },
        {
            &quot;name&quot;: &quot;moon-buggy&quot;,
            &quot;action&quot;: &quot;install&quot;,
            &quot;id&quot;: &quot;5439204&quot;,
            &quot;version&quot;: &quot;1:1.0.51-12&quot;,
            &quot;url&quot;: &quot; &quot;
        },
        {
            &quot;name&quot;: &quot;asciijump&quot;,
            &quot;action&quot;: &quot;install&quot;,
            &quot;id&quot;: &quot;5475369&quot;,
            &quot;version&quot;: &quot;::apt&quot;,
            &quot;url&quot;: &quot; &quot;
        }
    ]
}
08:03:08 INFO  Started operation: {'creationTime': '2022-07-01T08:03:08.223Z', 'deviceId': '20627469', 'deviceName': 'm32sd10b', 'self': 'https://t493319102.eu-latest.cumulocity.com/devicecontrol/operations/20666154', 'id': '20666154', 'status': 'PENDING', 'description': &quot;Apply software changes, triggered from PySys: [{'action': 'install', 'id': '5475369', 'name': 'asciijump', 'url': ' ', 'version': '::apt'}, {'action': 'install', 'id': '5474869', 'name': 'robotfindskitten', 'url': ' ', 'version': ' '}, {'action': 'install', 'id': '5475279', 'name': 'squirrel3', 'url': ' ', 'version': '3.1-7::apt'}, {'action': 'install', 'id': '5152439', 'name': 'rolldice', 'url': ' ', 'version': '1.16-1+b1'}, {'action': 'install', 'id': '5439204', 'name': 'moon-buggy', 'url': ' ', 'version': '1:1.0.51-12'}, {'action': 'install', 'id': '5475369', 'name': 'asciijump', 'url': ' ', 'version': '::apt'}]&quot;, 'c8y_SoftwareUpdate': [{'name': 'asciijump', 'action': 'install', 'id': '5475369', 'version': '::apt', 'url': ' '}, {'name': 'robotfindskitten', 'action': 'install', 'id': '5474869', 'version': ' ', 'url': ' '}, {'name': 'squirrel3', 'action': 'install', 'id': '5475279', 'version': '3.1-7::apt', 'url': ' '}, {'name': 'rolldice', 'action': 'install', 'id': '5152439', 'version': '1.16-1+b1', 'url': ' '}, {'name': 'moon-buggy', 'action': 'install', 'id': '5439204', 'version': '1:1.0.51-12', 'url': ' '}, {'name': 'asciijump', 'action': 'install', 'id': '5475369', 'version': '::apt', 'url': ' '}]}
08:03:10 INFO  State of operation 20666154 : PENDING
08:03:12 INFO  State of operation 20666154 : EXECUTING
08:03:14 INFO  State of operation 20666154 : EXECUTING
08:03:17 INFO  State of operation 20666154 : EXECUTING
08:03:19 INFO  State of operation 20666154 : EXECUTING
08:03:21 INFO  State of operation 20666154 : EXECUTING
08:03:24 INFO  State of operation 20666154 : EXECUTING
08:03:27 INFO  State of operation 20666154 : EXECUTING
08:03:29 INFO  State of operation 20666154 : EXECUTING
08:03:32 INFO  State of operation 20666154 : EXECUTING
08:03:34 INFO  State of operation 20666154 : EXECUTING
08:03:36 INFO  State of operation 20666154 : EXECUTING
08:03:38 INFO  State of operation 20666154 : EXECUTING
08:03:40 INFO  State of operation 20666154 : EXECUTING
08:03:43 INFO  State of operation 20666154 : EXECUTING
08:03:45 INFO  State of operation 20666154 : EXECUTING
08:03:47 INFO  State of operation 20666154 : EXECUTING
08:03:50 INFO  State of operation 20666154 : EXECUTING
08:03:52 INFO  State of operation 20666154 : EXECUTING
08:03:55 INFO  State of operation 20666154 : EXECUTING
08:03:57 INFO  State of operation 20666154 : EXECUTING
08:04:00 INFO  State of operation 20666154 : EXECUTING
08:04:02 INFO  State of operation 20666154 : EXECUTING
08:04:04 INFO  State of operation 20666154 : EXECUTING
08:04:06 INFO  State of operation 20666154 : EXECUTING
08:04:08 INFO  State of operation 20666154 : EXECUTING
08:04:11 INFO  State of operation 20666154 : EXECUTING
08:04:13 INFO  State of operation 20666154 : EXECUTING
08:04:16 INFO  State of operation 20666154 : EXECUTING
08:04:18 INFO  State of operation 20666154 : EXECUTING
08:04:21 INFO  State of operation 20666154 : EXECUTING
08:04:23 INFO  State of operation 20666154 : EXECUTING
08:04:25 INFO  State of operation 20666154 : EXECUTING
08:04:28 INFO  State of operation 20666154 : EXECUTING
08:04:30 INFO  State of operation 20666154 : EXECUTING
08:04:32 INFO  State of operation 20666154 : EXECUTING
08:04:34 INFO  State of operation 20666154 : EXECUTING
08:04:36 INFO  State of operation 20666154 : EXECUTING
08:04:39 INFO  State of operation 20666154 : EXECUTING
08:04:42 INFO  State of operation 20666154 : EXECUTING
08:04:44 INFO  State of operation 20666154 : EXECUTING
08:04:47 INFO  State of operation 20666154 : EXECUTING
08:04:49 INFO  State of operation 20666154 : EXECUTING
08:04:51 INFO  State of operation 20666154 : EXECUTING
08:04:53 INFO  State of operation 20666154 : EXECUTING
08:04:55 INFO  State of operation 20666154 : EXECUTING
08:04:58 INFO  State of operation 20666154 : EXECUTING
08:05:00 INFO  State of operation 20666154 : EXECUTING
08:05:03 INFO  State of operation 20666154 : EXECUTING
08:05:05 INFO  State of operation 20666154 : EXECUTING
08:05:07 INFO  State of operation 20666154 : EXECUTING
08:05:09 INFO  State of operation 20666154 : EXECUTING
08:05:12 INFO  State of operation 20666154 : EXECUTING
08:05:14 INFO  State of operation 20666154 : EXECUTING
08:05:17 INFO  State of operation 20666154 : EXECUTING
08:05:19 INFO  State of operation 20666154 : EXECUTING
08:05:21 INFO  State of operation 20666154 : EXECUTING
08:05:24 INFO  State of operation 20666154 : EXECUTING
08:05:26 INFO  State of operation 20666154 : EXECUTING
08:05:28 INFO  State of operation 20666154 : EXECUTING
08:05:30 INFO  State of operation 20666154 : EXECUTING
08:05:32 WARN  SystemError occurred while running test - Timeout while waiting for status SUCCESSFUL or False
Traceback (most recent call last):
  File &quot;/home/pi/env-pysys/lib/python3.7/site-packages/pysys/baserunner.py&quot;, line 1294, in __call__
    self.testObj.execute()
  File &quot;/home/pi/actions-runner/_work/thin-edge.io/thin-edge.io/tests/PySys/software_management_end_to_end/sm_apt_install_remove_multiple_mixed/run.py&quot;, line 89, in execute
    self.wait_until_succcess()
  File &quot;/home/pi/actions-runner/_work/thin-edge.io/thin-edge.io/tests/PySys/software_management_end_to_end/environment_sm_management.py&quot;, line 324, in wait_until_succcess
    self.wait_until_status(&quot;SUCCESSFUL&quot;)
  File &quot;/home/pi/actions-runner/_work/thin-edge.io/thin-edge.io/tests/PySys/software_management_end_to_end/environment_sm_management.py&quot;, line 381, in wait_until_status
    &quot;Timeout while waiting for status %s or %s&quot; % (status, status2)
SystemError: Timeout while waiting for status SUCCESSFUL or False
08:05:33 WARN  SystemError: Timeout while waiting for status SUCCESSFUL or False ... blocked 
08:05:33 INFO  
08:05:33 INFO  cleanup:
08:05:37 INFO  Executed sudo&lt;tedge_disconnect_c8y&gt;, exit status 0
08:05:38 INFO  Executed systemctl&lt;serv_mapper5&gt;, exit status 3
08:05:38 INFO  
08:05:38 INFO  Test duration: 176.94 secs
08:05:38 INFO  Test final outcome:  BLOCKED
08:05:38 INFO  Test outcome reason: SystemError: Timeout while waiting for status SUCCESSFUL or False (+1 other failures)
08:05:38 INFO  
</system-out>
	</testcase>
</testsuite>
