<?xml version="1.0" encoding="utf-8"?>
<testsuite failures="1" name="SoftwareManagement.sm_apt_install_remove_with_version" skipped="0" tests="1" time="165.51" timestamp="2022-07-22T03:18:15">
	<testcase classname="PySysTest" name="SoftwareManagement.sm_apt_install_remove_with_version">
		<failure message="BLOCKED: SystemError: Timeout while waiting for status FAILED or SUCCESSFUL" type="BLOCKED"/>
		<system-out>03:15:29 INFO  ==============================================================
03:15:29 INFO  Id:    SoftwareManagement.sm_apt_install_remove_with_version
03:15:29 INFO  Dir:   software_management_end_to_end/
03:15:29 INFO  Title: Validate end to end behaviour for the apt plugin for packages with version
03:15:29 INFO  ==============================================================
03:15:29 INFO  Using sw id database: {'asciijump': '5475369', 'robotfindskitten': '5474869', 'squirrel3': '5475279', 'rolldice': '5152439', 'moon-buggy': '5439204', 'apple': '5495053', 'banana': '5494888', 'cherry': '5495382', 'watermelon': '5494510', 'registry': '8018911', 'hello-world': '8021526', 'docker/getting-started': '8021973', 'alpine': '7991792'}
03:15:29 INFO  EnvironmentC8y Setup
03:15:30 INFO  Executed systemctl&lt;serv_mapper1&gt;, exit status 3
03:15:30 INFO  Restarting mosquitto too frequently in the last 10 seconds. It was only up for 4 seconds
03:15:30 INFO  Delaying execution by 7 seconds
03:15:51 INFO  Executed sudo&lt;tedge_connect_c8y&gt;, exit status 0, duration 14 secs
03:15:52 INFO  Executed sudo&lt;tedge_connect_c8y_test&gt;, exit status 0
03:15:52 INFO  Executed systemctl&lt;serv_mosq2&gt;, exit status 0
03:15:53 INFO  Executed systemctl&lt;serv_mapper3&gt;, exit status 0
03:15:55 INFO  State of current operation: EXECUTING
03:15:57 INFO  State of current operation: EXECUTING
03:15:59 INFO  State of current operation: EXECUTING
03:16:01 INFO  State of current operation: EXECUTING
03:16:04 INFO  State of current operation: EXECUTING
03:16:06 INFO  State of current operation: EXECUTING
03:16:08 INFO  State of current operation: EXECUTING
03:16:10 INFO  State of current operation: EXECUTING
03:16:13 INFO  State of current operation: EXECUTING
03:16:15 INFO  State of current operation: EXECUTING
03:16:17 INFO  State of current operation: EXECUTING
03:16:19 INFO  State of current operation: EXECUTING
03:16:21 INFO  State of current operation: EXECUTING
03:16:24 INFO  State of current operation: EXECUTING
03:16:26 INFO  State of current operation: EXECUTING
03:16:28 INFO  State of current operation: EXECUTING
03:16:30 INFO  State of current operation: EXECUTING
03:16:33 INFO  State of current operation: EXECUTING
03:16:35 INFO  State of current operation: EXECUTING
03:16:37 INFO  State of current operation: EXECUTING
03:16:39 INFO  State of current operation: EXECUTING
03:16:41 INFO  State of current operation: EXECUTING
03:16:44 INFO  State of current operation: EXECUTING
03:16:46 INFO  State of current operation: EXECUTING
03:16:48 INFO  State of current operation: EXECUTING
03:16:50 INFO  State of current operation: EXECUTING
03:16:53 INFO  State of current operation: EXECUTING
03:16:55 INFO  State of current operation: EXECUTING
03:16:57 INFO  State of current operation: EXECUTING
03:16:59 INFO  State of current operation: EXECUTING
03:17:01 INFO  State of current operation: EXECUTING
03:17:04 INFO  State of current operation: EXECUTING
03:17:06 INFO  State of current operation: EXECUTING
03:17:08 INFO  State of current operation: EXECUTING
03:17:10 INFO  State of current operation: EXECUTING
03:17:13 INFO  State of current operation: EXECUTING
03:17:15 INFO  State of current operation: EXECUTING
03:17:17 INFO  State of current operation: EXECUTING
03:17:19 INFO  State of current operation: EXECUTING
03:17:21 INFO  State of current operation: EXECUTING
03:17:24 INFO  State of current operation: EXECUTING
03:17:26 INFO  State of current operation: EXECUTING
03:17:28 INFO  State of current operation: EXECUTING
03:17:30 INFO  State of current operation: EXECUTING
03:17:32 INFO  State of current operation: EXECUTING
03:17:35 INFO  State of current operation: EXECUTING
03:17:37 INFO  State of current operation: EXECUTING
03:17:39 INFO  State of current operation: EXECUTING
03:17:41 INFO  State of current operation: EXECUTING
03:17:44 INFO  State of current operation: EXECUTING
03:17:46 INFO  State of current operation: EXECUTING
03:17:48 INFO  State of current operation: EXECUTING
03:17:50 INFO  State of current operation: EXECUTING
03:17:52 INFO  State of current operation: EXECUTING
03:17:55 INFO  State of current operation: EXECUTING
03:17:57 INFO  State of current operation: EXECUTING
03:17:59 INFO  State of current operation: EXECUTING
03:18:01 INFO  State of current operation: EXECUTING
03:18:04 INFO  State of current operation: EXECUTING
03:18:06 INFO  State of current operation: EXECUTING
03:18:08 INFO  State of current operation: EXECUTING
03:18:10 WARN  SystemError occurred while running test - Timeout while waiting for status FAILED or SUCCESSFUL
Traceback (most recent call last):
  File &quot;/home/pi/env-pysys/lib/python3.7/site-packages/pysys/baserunner.py&quot;, line 1292, in __call__
    self.testObj.setup()
  File &quot;/home/pi/actions-runner/_work/thin-edge.io/thin-edge.io/tests/PySys/software_management_end_to_end/sm_apt_install_remove_with_version/run.py&quot;, line 27, in setup
    super().setup()
  File &quot;/home/pi/actions-runner/_work/thin-edge.io/thin-edge.io/tests/PySys/software_management_end_to_end/environment_sm_management.py&quot;, line 151, in setup
    self.wait_until_end()
  File &quot;/home/pi/actions-runner/_work/thin-edge.io/thin-edge.io/tests/PySys/software_management_end_to_end/environment_sm_management.py&quot;, line 332, in wait_until_end
    self.wait_until_status(&quot;FAILED&quot;, &quot;SUCCESSFUL&quot;)
  File &quot;/home/pi/actions-runner/_work/thin-edge.io/thin-edge.io/tests/PySys/software_management_end_to_end/environment_sm_management.py&quot;, line 381, in wait_until_status
    &quot;Timeout while waiting for status %s or %s&quot; % (status, status2)
SystemError: Timeout while waiting for status FAILED or SUCCESSFUL
03:18:10 WARN  SystemError: Timeout while waiting for status FAILED or SUCCESSFUL ... blocked 
03:18:10 INFO  
03:18:10 INFO  cleanup:
03:18:14 INFO  Executed sudo&lt;tedge_disconnect_c8y&gt;, exit status 0
03:18:15 INFO  Executed systemctl&lt;serv_mapper5&gt;, exit status 3
03:18:15 INFO  
03:18:15 INFO  Test duration: 165.51 secs
03:18:15 INFO  Test final outcome:  BLOCKED
03:18:15 INFO  Test outcome reason: SystemError: Timeout while waiting for status FAILED or SUCCESSFUL
03:18:15 INFO  
</system-out>
	</testcase>
</testsuite>
