<?xml version="1.0" encoding="utf-8"?>
<testsuite failures="1" name="SoftwareManagement.sm_apt_install_remove_multiple" skipped="0" tests="1" time="144.1" timestamp="2022-06-08T12:39:55">
	<testcase classname="PySysTest" name="SoftwareManagement.sm_apt_install_remove_multiple">
		<failure message="FAILED: Assert that (False == value) with value=True (+2 other failures)" type="FAILED"/>
		<system-out>12:37:31 INFO  ==============================================================
12:37:31 INFO  Id:    SoftwareManagement.sm_apt_install_remove_multiple
12:37:31 INFO  Dir:   software_management_end_to_end/
12:37:31 INFO  Title: Validate end to end behaviour for the apt plugin for multiple packages
12:37:31 INFO  ==============================================================
12:37:31 INFO  Using sw id database: {'asciijump': '5475369', 'robotfindskitten': '5474869', 'squirrel3': '5475279', 'rolldice': '5152439', 'moon-buggy': '5439204', 'apple': '5495053', 'banana': '5494888', 'cherry': '5495382', 'watermelon': '5494510', 'registry': '8018911', 'hello-world': '8021526', 'docker/getting-started': '8021973', 'alpine': '7991792'}
12:37:31 INFO  EnvironmentC8y Setup
12:37:32 INFO  Executed systemctl&lt;serv_mapper1&gt;, exit status 3
12:37:32 INFO  Restarting mosquitto too frequently in the last 10 seconds. It was only up for 5 seconds
12:37:32 INFO  Delaying execution by 6 seconds
12:37:53 INFO  Executed sudo&lt;tedge_connect_c8y&gt;, exit status 0, duration 14 secs
12:37:53 INFO  Executed sudo&lt;tedge_connect_c8y_test&gt;, exit status 0
12:37:54 INFO  Executed systemctl&lt;serv_mosq2&gt;, exit status 0
12:37:54 INFO  Executed systemctl&lt;serv_mapper3&gt;, exit status 0
12:37:57 INFO  State of current operation: SUCCESSFUL
12:37:57 INFO  Assert that (False == value) with value=False ... passed
12:37:57 INFO  Package asciijump is installed
12:37:58 WARN  Assert that (False == value) with value=True ... failed 
12:37:58 INFO  Package squirrel3 is installed
12:37:58 WARN  Assert that (False == value) with value=True ... failed 
12:37:58 INFO  Package robotfindskitten is installed
12:37:58 WARN  Assert that (False == value) with value=True ... failed 
12:37:59 INFO  Response status: 201
12:37:59 INFO  Response to action: {
    &quot;creationTime&quot;: &quot;2022-06-08T12:37:59.053Z&quot;,
    &quot;deviceId&quot;: &quot;20013421&quot;,
    &quot;deviceName&quot;: &quot;m32sd10b&quot;,
    &quot;self&quot;: &quot;https://t493319102.eu-latest.cumulocity.com/devicecontrol/operations/20046256&quot;,
    &quot;id&quot;: &quot;20046256&quot;,
    &quot;status&quot;: &quot;PENDING&quot;,
    &quot;description&quot;: &quot;Apply software changes, triggered from PySys: [{'action': 'install', 'id': '5475369', 'name': 'asciijump', 'url': ' ', 'version': '::apt'}, {'action': 'install', 'id': '5474869', 'name': 'robotfindskitten', 'url': ' ', 'version': '::apt'}, {'action': 'install', 'id': '5475279', 'name': 'squirrel3', 'url': ' ', 'version': '::apt'}]&quot;,
    &quot;c8y_SoftwareUpdate&quot;: [
        {
            &quot;name&quot;: &quot;asciijump&quot;,
            &quot;action&quot;: &quot;install&quot;,
            &quot;id&quot;: &quot;5475369&quot;,
            &quot;version&quot;: &quot;::apt&quot;,
            &quot;url&quot;: &quot; &quot;
        },
        {
            &quot;name&quot;: &quot;robotfindskitten&quot;,
            &quot;action&quot;: &quot;install&quot;,
            &quot;id&quot;: &quot;5474869&quot;,
            &quot;version&quot;: &quot;::apt&quot;,
            &quot;url&quot;: &quot; &quot;
        },
        {
            &quot;name&quot;: &quot;squirrel3&quot;,
            &quot;action&quot;: &quot;install&quot;,
            &quot;id&quot;: &quot;5475279&quot;,
            &quot;version&quot;: &quot;::apt&quot;,
            &quot;url&quot;: &quot; &quot;
        }
    ]
}
12:37:59 INFO  Started operation: {'creationTime': '2022-06-08T12:37:59.053Z', 'deviceId': '20013421', 'deviceName': 'm32sd10b', 'self': 'https://t493319102.eu-latest.cumulocity.com/devicecontrol/operations/20046256', 'id': '20046256', 'status': 'PENDING', 'description': &quot;Apply software changes, triggered from PySys: [{'action': 'install', 'id': '5475369', 'name': 'asciijump', 'url': ' ', 'version': '::apt'}, {'action': 'install', 'id': '5474869', 'name': 'robotfindskitten', 'url': ' ', 'version': '::apt'}, {'action': 'install', 'id': '5475279', 'name': 'squirrel3', 'url': ' ', 'version': '::apt'}]&quot;, 'c8y_SoftwareUpdate': [{'name': 'asciijump', 'action': 'install', 'id': '5475369', 'version': '::apt', 'url': ' '}, {'name': 'robotfindskitten', 'action': 'install', 'id': '5474869', 'version': '::apt', 'url': ' '}, {'name': 'squirrel3', 'action': 'install', 'id': '5475279', 'version': '::apt', 'url': ' '}]}
12:38:01 INFO  State of operation 20046256 : PENDING
12:38:03 INFO  State of operation 20046256 : EXECUTING
12:38:05 INFO  State of operation 20046256 : EXECUTING
12:38:08 INFO  State of operation 20046256 : EXECUTING
12:38:10 INFO  State of operation 20046256 : EXECUTING
12:38:12 INFO  State of operation 20046256 : EXECUTING
12:38:15 INFO  State of operation 20046256 : EXECUTING
12:38:18 INFO  State of operation 20046256 : EXECUTING
12:38:21 INFO  State of operation 20046256 : EXECUTING
12:38:23 INFO  State of operation 20046256 : EXECUTING
12:38:26 INFO  State of operation 20046256 : EXECUTING
12:38:28 INFO  State of operation 20046256 : EXECUTING
12:38:30 INFO  State of operation 20046256 : EXECUTING
12:38:32 INFO  State of operation 20046256 : EXECUTING
12:38:35 INFO  State of operation 20046256 : EXECUTING
12:38:37 INFO  State of operation 20046256 : SUCCESSFUL
12:38:37 INFO  Assert that (False == value) with value=False ... passed
12:38:37 INFO  Package asciijump is installed
12:38:37 INFO  Assert that (True == value) with value=True ... passed
12:38:38 INFO  Package squirrel3 is installed
12:38:38 INFO  Assert that (True == value) with value=True ... passed
12:38:38 INFO  Package robotfindskitten is installed
12:38:38 INFO  Assert that (True == value) with value=True ... passed
12:38:38 INFO  Response status: 201
12:38:38 INFO  Response to action: {
    &quot;creationTime&quot;: &quot;2022-06-08T12:38:38.550Z&quot;,
    &quot;deviceId&quot;: &quot;20013421&quot;,
    &quot;deviceName&quot;: &quot;m32sd10b&quot;,
    &quot;self&quot;: &quot;https://t493319102.eu-latest.cumulocity.com/devicecontrol/operations/20046262&quot;,
    &quot;id&quot;: &quot;20046262&quot;,
    &quot;status&quot;: &quot;PENDING&quot;,
    &quot;description&quot;: &quot;Apply software changes, triggered from PySys: [{'action': 'delete', 'id': '5475369', 'name': 'asciijump', 'url': ' ', 'version': '::apt'}, {'action': 'delete', 'id': '5474869', 'name': 'robotfindskitten', 'url': ' ', 'version': '::apt'}, {'action': 'delete', 'id': '5475279', 'name': 'squirrel3', 'url': ' ', 'version': '::apt'}]&quot;,
    &quot;c8y_SoftwareUpdate&quot;: [
        {
            &quot;name&quot;: &quot;asciijump&quot;,
            &quot;action&quot;: &quot;delete&quot;,
            &quot;id&quot;: &quot;5475369&quot;,
            &quot;version&quot;: &quot;::apt&quot;,
            &quot;url&quot;: &quot; &quot;
        },
        {
            &quot;name&quot;: &quot;robotfindskitten&quot;,
            &quot;action&quot;: &quot;delete&quot;,
            &quot;id&quot;: &quot;5474869&quot;,
            &quot;version&quot;: &quot;::apt&quot;,
            &quot;url&quot;: &quot; &quot;
        },
        {
            &quot;name&quot;: &quot;squirrel3&quot;,
            &quot;action&quot;: &quot;delete&quot;,
            &quot;id&quot;: &quot;5475279&quot;,
            &quot;version&quot;: &quot;::apt&quot;,
            &quot;url&quot;: &quot; &quot;
        }
    ]
}
12:38:38 INFO  Started operation: {'creationTime': '2022-06-08T12:38:38.550Z', 'deviceId': '20013421', 'deviceName': 'm32sd10b', 'self': 'https://t493319102.eu-latest.cumulocity.com/devicecontrol/operations/20046262', 'id': '20046262', 'status': 'PENDING', 'description': &quot;Apply software changes, triggered from PySys: [{'action': 'delete', 'id': '5475369', 'name': 'asciijump', 'url': ' ', 'version': '::apt'}, {'action': 'delete', 'id': '5474869', 'name': 'robotfindskitten', 'url': ' ', 'version': '::apt'}, {'action': 'delete', 'id': '5475279', 'name': 'squirrel3', 'url': ' ', 'version': '::apt'}]&quot;, 'c8y_SoftwareUpdate': [{'name': 'asciijump', 'action': 'delete', 'id': '5475369', 'version': '::apt', 'url': ' '}, {'name': 'robotfindskitten', 'action': 'delete', 'id': '5474869', 'version': '::apt', 'url': ' '}, {'name': 'squirrel3', 'action': 'delete', 'id': '5475279', 'version': '::apt', 'url': ' '}]}
12:38:40 INFO  State of operation 20046262 : PENDING
12:38:43 INFO  State of operation 20046262 : EXECUTING
12:38:45 INFO  State of operation 20046262 : EXECUTING
12:38:47 INFO  State of operation 20046262 : EXECUTING
12:38:49 INFO  State of operation 20046262 : EXECUTING
12:38:52 INFO  State of operation 20046262 : EXECUTING
12:38:54 INFO  State of operation 20046262 : EXECUTING
12:38:57 INFO  State of operation 20046262 : EXECUTING
12:38:59 INFO  State of operation 20046262 : EXECUTING
12:39:01 INFO  State of operation 20046262 : EXECUTING
12:39:04 INFO  State of operation 20046262 : EXECUTING
12:39:06 INFO  State of operation 20046262 : EXECUTING
12:39:08 INFO  State of operation 20046262 : EXECUTING
12:39:10 INFO  State of operation 20046262 : EXECUTING
12:39:12 INFO  State of operation 20046262 : EXECUTING
12:39:15 INFO  State of operation 20046262 : EXECUTING
12:39:17 INFO  State of operation 20046262 : EXECUTING
12:39:19 INFO  State of operation 20046262 : EXECUTING
12:39:22 INFO  State of operation 20046262 : EXECUTING
12:39:24 INFO  State of operation 20046262 : EXECUTING
12:39:27 INFO  State of operation 20046262 : EXECUTING
12:39:29 INFO  State of operation 20046262 : EXECUTING
12:39:31 INFO  State of operation 20046262 : EXECUTING
12:39:33 INFO  State of operation 20046262 : EXECUTING
12:39:36 INFO  State of operation 20046262 : EXECUTING
12:39:38 INFO  State of operation 20046262 : EXECUTING
12:39:40 INFO  State of operation 20046262 : EXECUTING
12:39:43 INFO  State of operation 20046262 : EXECUTING
12:39:45 INFO  State of operation 20046262 : EXECUTING
12:39:47 INFO  State of operation 20046262 : EXECUTING
12:39:49 INFO  State of operation 20046262 : SUCCESSFUL
12:39:50 INFO  Assert that (False == value) with value=False ... passed
12:39:50 INFO  Assert that (False == value) with value=False ... passed
12:39:50 INFO  Assert that (False == value) with value=False ... passed
12:39:50 INFO  Assert that (False == value) with value=False ... passed
12:39:50 INFO  
12:39:50 INFO  cleanup:
12:39:55 INFO  Executed sudo&lt;tedge_disconnect_c8y&gt;, exit status 0
12:39:55 INFO  Executed systemctl&lt;serv_mapper5&gt;, exit status 3
12:39:55 INFO  
12:39:55 INFO  Test duration: 144.10 secs
12:39:55 INFO  Test final outcome:  FAILED
12:39:55 INFO  Test outcome reason: Assert that (False == value) with value=True (+2 other failures)
12:39:55 INFO  
</system-out>
	</testcase>
</testsuite>
