<?xml version="1.0" encoding="utf-8"?>
<testsuite failures="1" name="SoftwareManagement.sm_apt_install_remove_multiple" skipped="0" tests="1" time="140.6" timestamp="2022-07-21T17:18:41">
	<testcase classname="PySysTest" name="SoftwareManagement.sm_apt_install_remove_multiple">
		<failure message="FAILED: Assert that (False == value) with value=True (+2 other failures)" type="FAILED"/>
		<system-out>17:16:20 INFO  ==============================================================
17:16:20 INFO  Id:    SoftwareManagement.sm_apt_install_remove_multiple
17:16:20 INFO  Dir:   software_management_end_to_end/
17:16:20 INFO  Title: Validate end to end behaviour for the apt plugin for multiple packages
17:16:20 INFO  ==============================================================
17:16:20 INFO  Using sw id database: {'asciijump': '5475369', 'robotfindskitten': '5474869', 'squirrel3': '5475279', 'rolldice': '5152439', 'moon-buggy': '5439204', 'apple': '5495053', 'banana': '5494888', 'cherry': '5495382', 'watermelon': '5494510', 'registry': '8018911', 'hello-world': '8021526', 'docker/getting-started': '8021973', 'alpine': '7991792'}
17:16:20 INFO  EnvironmentC8y Setup
17:16:21 INFO  Executed systemctl&lt;serv_mapper1&gt;, exit status 3
17:16:21 INFO  Restarting mosquitto too frequently in the last 10 seconds. It was only up for 4 seconds
17:16:21 INFO  Delaying execution by 7 seconds
17:16:42 INFO  Executed sudo&lt;tedge_connect_c8y&gt;, exit status 0, duration 13 secs
17:16:42 INFO  Executed sudo&lt;tedge_connect_c8y_test&gt;, exit status 0
17:16:43 INFO  Executed systemctl&lt;serv_mosq2&gt;, exit status 0
17:16:43 INFO  Executed systemctl&lt;serv_mapper3&gt;, exit status 0
17:16:46 INFO  State of current operation: SUCCESSFUL
17:16:46 INFO  Assert that (False == value) with value=False ... passed
17:16:46 INFO  Package asciijump is installed
17:16:46 WARN  Assert that (False == value) with value=True ... failed 
17:16:47 INFO  Package squirrel3 is installed
17:16:47 WARN  Assert that (False == value) with value=True ... failed 
17:16:47 INFO  Package robotfindskitten is installed
17:16:47 WARN  Assert that (False == value) with value=True ... failed 
17:16:47 INFO  Response status: 201
17:16:47 INFO  Response to action: {
    &quot;delivery&quot;: {
        &quot;log&quot;: [],
        &quot;time&quot;: &quot;2022-07-21T17:16:47.613Z&quot;,
        &quot;status&quot;: &quot;PENDING&quot;
    },
    &quot;creationTime&quot;: &quot;2022-07-21T17:16:47.594Z&quot;,
    &quot;deviceId&quot;: &quot;21116856&quot;,
    &quot;deviceName&quot;: &quot;m32sd10b&quot;,
    &quot;self&quot;: &quot;https://t493319102.eu-latest.cumulocity.com/devicecontrol/operations/21163597&quot;,
    &quot;id&quot;: &quot;21163597&quot;,
    &quot;status&quot;: &quot;PENDING&quot;,
    &quot;description&quot;: &quot;Apply software changes, triggered from PySys: [{'action': 'install', 'id': '5475369', 'name': 'asciijump', 'url': ' ', 'version': '::apt'}, {'action': 'install', 'id': '5474869', 'name': 'robotfindskitten', 'url': ' ', 'version': '::apt'}, {'action': 'install', 'id': '5475279', 'name': 'squirrel3', 'url': ' ', 'version': '::apt'}]&quot;,
    &quot;c8y_SoftwareUpdate&quot;: [
        {
            &quot;name&quot;: &quot;asciijump&quot;,
            &quot;action&quot;: &quot;install&quot;,
            &quot;id&quot;: &quot;5475369&quot;,
            &quot;version&quot;: &quot;::apt&quot;,
            &quot;url&quot;: &quot; &quot;
        },
        {
            &quot;name&quot;: &quot;robotfindskitten&quot;,
            &quot;action&quot;: &quot;install&quot;,
            &quot;id&quot;: &quot;5474869&quot;,
            &quot;version&quot;: &quot;::apt&quot;,
            &quot;url&quot;: &quot; &quot;
        },
        {
            &quot;name&quot;: &quot;squirrel3&quot;,
            &quot;action&quot;: &quot;install&quot;,
            &quot;id&quot;: &quot;5475279&quot;,
            &quot;version&quot;: &quot;::apt&quot;,
            &quot;url&quot;: &quot; &quot;
        }
    ]
}
17:16:47 INFO  Started operation: {'delivery': {'log': [], 'time': '2022-07-21T17:16:47.613Z', 'status': 'PENDING'}, 'creationTime': '2022-07-21T17:16:47.594Z', 'deviceId': '21116856', 'deviceName': 'm32sd10b', 'self': 'https://t493319102.eu-latest.cumulocity.com/devicecontrol/operations/21163597', 'id': '21163597', 'status': 'PENDING', 'description': &quot;Apply software changes, triggered from PySys: [{'action': 'install', 'id': '5475369', 'name': 'asciijump', 'url': ' ', 'version': '::apt'}, {'action': 'install', 'id': '5474869', 'name': 'robotfindskitten', 'url': ' ', 'version': '::apt'}, {'action': 'install', 'id': '5475279', 'name': 'squirrel3', 'url': ' ', 'version': '::apt'}]&quot;, 'c8y_SoftwareUpdate': [{'name': 'asciijump', 'action': 'install', 'id': '5475369', 'version': '::apt', 'url': ' '}, {'name': 'robotfindskitten', 'action': 'install', 'id': '5474869', 'version': '::apt', 'url': ' '}, {'name': 'squirrel3', 'action': 'install', 'id': '5475279', 'version': '::apt', 'url': ' '}]}
17:16:49 INFO  State of operation 21163597 : PENDING
17:16:52 INFO  State of operation 21163597 : EXECUTING
17:16:54 INFO  State of operation 21163597 : EXECUTING
17:16:56 INFO  State of operation 21163597 : EXECUTING
17:16:58 INFO  State of operation 21163597 : EXECUTING
17:17:00 INFO  State of operation 21163597 : EXECUTING
17:17:03 INFO  State of operation 21163597 : EXECUTING
17:17:06 INFO  State of operation 21163597 : EXECUTING
17:17:09 INFO  State of operation 21163597 : EXECUTING
17:17:11 INFO  State of operation 21163597 : EXECUTING
17:17:13 INFO  State of operation 21163597 : EXECUTING
17:17:15 INFO  State of operation 21163597 : EXECUTING
17:17:18 INFO  State of operation 21163597 : EXECUTING
17:17:20 INFO  State of operation 21163597 : EXECUTING
17:17:22 INFO  State of operation 21163597 : EXECUTING
17:17:24 INFO  State of operation 21163597 : SUCCESSFUL
17:17:25 INFO  Assert that (False == value) with value=False ... passed
17:17:25 INFO  Package asciijump is installed
17:17:25 INFO  Assert that (True == value) with value=True ... passed
17:17:25 INFO  Package squirrel3 is installed
17:17:25 INFO  Assert that (True == value) with value=True ... passed
17:17:25 INFO  Package robotfindskitten is installed
17:17:25 INFO  Assert that (True == value) with value=True ... passed
17:17:25 INFO  Response status: 201
17:17:25 INFO  Response to action: {
    &quot;delivery&quot;: {
        &quot;log&quot;: [],
        &quot;time&quot;: &quot;2022-07-21T17:17:25.933Z&quot;,
        &quot;status&quot;: &quot;PENDING&quot;
    },
    &quot;creationTime&quot;: &quot;2022-07-21T17:17:25.909Z&quot;,
    &quot;deviceId&quot;: &quot;21116856&quot;,
    &quot;deviceName&quot;: &quot;m32sd10b&quot;,
    &quot;self&quot;: &quot;https://t493319102.eu-latest.cumulocity.com/devicecontrol/operations/21163608&quot;,
    &quot;id&quot;: &quot;21163608&quot;,
    &quot;status&quot;: &quot;PENDING&quot;,
    &quot;description&quot;: &quot;Apply software changes, triggered from PySys: [{'action': 'delete', 'id': '5475369', 'name': 'asciijump', 'url': ' ', 'version': '::apt'}, {'action': 'delete', 'id': '5474869', 'name': 'robotfindskitten', 'url': ' ', 'version': '::apt'}, {'action': 'delete', 'id': '5475279', 'name': 'squirrel3', 'url': ' ', 'version': '::apt'}]&quot;,
    &quot;c8y_SoftwareUpdate&quot;: [
        {
            &quot;name&quot;: &quot;asciijump&quot;,
            &quot;action&quot;: &quot;delete&quot;,
            &quot;id&quot;: &quot;5475369&quot;,
            &quot;version&quot;: &quot;::apt&quot;,
            &quot;url&quot;: &quot; &quot;
        },
        {
            &quot;name&quot;: &quot;robotfindskitten&quot;,
            &quot;action&quot;: &quot;delete&quot;,
            &quot;id&quot;: &quot;5474869&quot;,
            &quot;version&quot;: &quot;::apt&quot;,
            &quot;url&quot;: &quot; &quot;
        },
        {
            &quot;name&quot;: &quot;squirrel3&quot;,
            &quot;action&quot;: &quot;delete&quot;,
            &quot;id&quot;: &quot;5475279&quot;,
            &quot;version&quot;: &quot;::apt&quot;,
            &quot;url&quot;: &quot; &quot;
        }
    ]
}
17:17:25 INFO  Started operation: {'delivery': {'log': [], 'time': '2022-07-21T17:17:25.933Z', 'status': 'PENDING'}, 'creationTime': '2022-07-21T17:17:25.909Z', 'deviceId': '21116856', 'deviceName': 'm32sd10b', 'self': 'https://t493319102.eu-latest.cumulocity.com/devicecontrol/operations/21163608', 'id': '21163608', 'status': 'PENDING', 'description': &quot;Apply software changes, triggered from PySys: [{'action': 'delete', 'id': '5475369', 'name': 'asciijump', 'url': ' ', 'version': '::apt'}, {'action': 'delete', 'id': '5474869', 'name': 'robotfindskitten', 'url': ' ', 'version': '::apt'}, {'action': 'delete', 'id': '5475279', 'name': 'squirrel3', 'url': ' ', 'version': '::apt'}]&quot;, 'c8y_SoftwareUpdate': [{'name': 'asciijump', 'action': 'delete', 'id': '5475369', 'version': '::apt', 'url': ' '}, {'name': 'robotfindskitten', 'action': 'delete', 'id': '5474869', 'version': '::apt', 'url': ' '}, {'name': 'squirrel3', 'action': 'delete', 'id': '5475279', 'version': '::apt', 'url': ' '}]}
17:17:28 INFO  State of operation 21163608 : PENDING
17:17:30 INFO  State of operation 21163608 : EXECUTING
17:17:32 INFO  State of operation 21163608 : EXECUTING
17:17:34 INFO  State of operation 21163608 : EXECUTING
17:17:37 INFO  State of operation 21163608 : EXECUTING
17:17:39 INFO  State of operation 21163608 : EXECUTING
17:17:42 INFO  State of operation 21163608 : EXECUTING
17:17:45 INFO  State of operation 21163608 : EXECUTING
17:17:47 INFO  State of operation 21163608 : EXECUTING
17:17:49 INFO  State of operation 21163608 : EXECUTING
17:17:51 INFO  State of operation 21163608 : EXECUTING
17:17:54 INFO  State of operation 21163608 : EXECUTING
17:17:56 INFO  State of operation 21163608 : EXECUTING
17:17:58 INFO  State of operation 21163608 : EXECUTING
17:18:00 INFO  State of operation 21163608 : EXECUTING
17:18:03 INFO  State of operation 21163608 : EXECUTING
17:18:05 INFO  State of operation 21163608 : EXECUTING
17:18:07 INFO  State of operation 21163608 : EXECUTING
17:18:10 INFO  State of operation 21163608 : EXECUTING
17:18:12 INFO  State of operation 21163608 : EXECUTING
17:18:14 INFO  State of operation 21163608 : EXECUTING
17:18:17 INFO  State of operation 21163608 : EXECUTING
17:18:19 INFO  State of operation 21163608 : EXECUTING
17:18:21 INFO  State of operation 21163608 : EXECUTING
17:18:23 INFO  State of operation 21163608 : EXECUTING
17:18:26 INFO  State of operation 21163608 : EXECUTING
17:18:28 INFO  State of operation 21163608 : EXECUTING
17:18:31 INFO  State of operation 21163608 : EXECUTING
17:18:33 INFO  State of operation 21163608 : EXECUTING
17:18:35 INFO  State of operation 21163608 : SUCCESSFUL
17:18:35 INFO  Assert that (False == value) with value=False ... passed
17:18:36 INFO  Assert that (False == value) with value=False ... passed
17:18:36 INFO  Assert that (False == value) with value=False ... passed
17:18:36 INFO  Assert that (False == value) with value=False ... passed
17:18:36 INFO  
17:18:36 INFO  cleanup:
17:18:40 INFO  Executed sudo&lt;tedge_disconnect_c8y&gt;, exit status 0
17:18:41 INFO  Executed systemctl&lt;serv_mapper5&gt;, exit status 3
17:18:41 INFO  
17:18:41 INFO  Test duration: 140.60 secs
17:18:41 INFO  Test final outcome:  FAILED
17:18:41 INFO  Test outcome reason: Assert that (False == value) with value=True (+2 other failures)
17:18:41 INFO  
</system-out>
	</testcase>
</testsuite>
