<?xml version="1.0" encoding="utf-8"?>
<testsuite failures="1" name="SoftwareManagement.sm_apt_install_remove_multiple" skipped="0" tests="1" time="137.6" timestamp="2022-07-21T19:35:54">
	<testcase classname="PySysTest" name="SoftwareManagement.sm_apt_install_remove_multiple">
		<failure message="FAILED: Assert that (False == value) with value=True (+2 other failures)" type="FAILED"/>
		<system-out>19:33:37 INFO  ==============================================================
19:33:37 INFO  Id:    SoftwareManagement.sm_apt_install_remove_multiple
19:33:37 INFO  Dir:   software_management_end_to_end/
19:33:37 INFO  Title: Validate end to end behaviour for the apt plugin for multiple packages
19:33:37 INFO  ==============================================================
19:33:37 INFO  Using sw id database: {'asciijump': '5475369', 'robotfindskitten': '5474869', 'squirrel3': '5475279', 'rolldice': '5152439', 'moon-buggy': '5439204', 'apple': '5495053', 'banana': '5494888', 'cherry': '5495382', 'watermelon': '5494510', 'registry': '8018911', 'hello-world': '8021526', 'docker/getting-started': '8021973', 'alpine': '7991792'}
19:33:37 INFO  EnvironmentC8y Setup
19:33:37 INFO  Executed systemctl&lt;serv_mapper1&gt;, exit status 3
19:33:37 INFO  Restarting mosquitto too frequently in the last 10 seconds. It was only up for 5 seconds
19:33:37 INFO  Delaying execution by 6 seconds
19:33:57 INFO  Executed sudo&lt;tedge_connect_c8y&gt;, exit status 0, duration 13 secs
19:33:58 INFO  Executed sudo&lt;tedge_connect_c8y_test&gt;, exit status 0
19:33:59 INFO  Executed systemctl&lt;serv_mosq2&gt;, exit status 0
19:33:59 INFO  Executed systemctl&lt;serv_mapper3&gt;, exit status 0
19:34:01 INFO  State of current operation: SUCCESSFUL
19:34:02 INFO  Assert that (False == value) with value=False ... passed
19:34:02 INFO  Package asciijump is installed
19:34:02 WARN  Assert that (False == value) with value=True ... failed 
19:34:02 INFO  Package squirrel3 is installed
19:34:02 WARN  Assert that (False == value) with value=True ... failed 
19:34:03 INFO  Package robotfindskitten is installed
19:34:03 WARN  Assert that (False == value) with value=True ... failed 
19:34:03 INFO  Response status: 201
19:34:03 INFO  Response to action: {
    &quot;creationTime&quot;: &quot;2022-07-21T19:34:03.295Z&quot;,
    &quot;deviceId&quot;: &quot;21166557&quot;,
    &quot;deviceName&quot;: &quot;m32sd10b&quot;,
    &quot;self&quot;: &quot;https://t493319102.eu-latest.cumulocity.com/devicecontrol/operations/21172720&quot;,
    &quot;id&quot;: &quot;21172720&quot;,
    &quot;status&quot;: &quot;PENDING&quot;,
    &quot;description&quot;: &quot;Apply software changes, triggered from PySys: [{'action': 'install', 'id': '5475369', 'name': 'asciijump', 'url': ' ', 'version': '::apt'}, {'action': 'install', 'id': '5474869', 'name': 'robotfindskitten', 'url': ' ', 'version': '::apt'}, {'action': 'install', 'id': '5475279', 'name': 'squirrel3', 'url': ' ', 'version': '::apt'}]&quot;,
    &quot;c8y_SoftwareUpdate&quot;: [
        {
            &quot;name&quot;: &quot;asciijump&quot;,
            &quot;action&quot;: &quot;install&quot;,
            &quot;id&quot;: &quot;5475369&quot;,
            &quot;version&quot;: &quot;::apt&quot;,
            &quot;url&quot;: &quot; &quot;
        },
        {
            &quot;name&quot;: &quot;robotfindskitten&quot;,
            &quot;action&quot;: &quot;install&quot;,
            &quot;id&quot;: &quot;5474869&quot;,
            &quot;version&quot;: &quot;::apt&quot;,
            &quot;url&quot;: &quot; &quot;
        },
        {
            &quot;name&quot;: &quot;squirrel3&quot;,
            &quot;action&quot;: &quot;install&quot;,
            &quot;id&quot;: &quot;5475279&quot;,
            &quot;version&quot;: &quot;::apt&quot;,
            &quot;url&quot;: &quot; &quot;
        }
    ]
}
19:34:03 INFO  Started operation: {'creationTime': '2022-07-21T19:34:03.295Z', 'deviceId': '21166557', 'deviceName': 'm32sd10b', 'self': 'https://t493319102.eu-latest.cumulocity.com/devicecontrol/operations/21172720', 'id': '21172720', 'status': 'PENDING', 'description': &quot;Apply software changes, triggered from PySys: [{'action': 'install', 'id': '5475369', 'name': 'asciijump', 'url': ' ', 'version': '::apt'}, {'action': 'install', 'id': '5474869', 'name': 'robotfindskitten', 'url': ' ', 'version': '::apt'}, {'action': 'install', 'id': '5475279', 'name': 'squirrel3', 'url': ' ', 'version': '::apt'}]&quot;, 'c8y_SoftwareUpdate': [{'name': 'asciijump', 'action': 'install', 'id': '5475369', 'version': '::apt', 'url': ' '}, {'name': 'robotfindskitten', 'action': 'install', 'id': '5474869', 'version': '::apt', 'url': ' '}, {'name': 'squirrel3', 'action': 'install', 'id': '5475279', 'version': '::apt', 'url': ' '}]}
19:34:05 INFO  State of operation 21172720 : PENDING
19:34:07 INFO  State of operation 21172720 : EXECUTING
19:34:10 INFO  State of operation 21172720 : EXECUTING
19:34:12 INFO  State of operation 21172720 : EXECUTING
19:34:14 INFO  State of operation 21172720 : EXECUTING
19:34:16 INFO  State of operation 21172720 : EXECUTING
19:34:19 INFO  State of operation 21172720 : EXECUTING
19:34:22 INFO  State of operation 21172720 : EXECUTING
19:34:24 INFO  State of operation 21172720 : EXECUTING
19:34:26 INFO  State of operation 21172720 : EXECUTING
19:34:29 INFO  State of operation 21172720 : EXECUTING
19:34:31 INFO  State of operation 21172720 : EXECUTING
19:34:33 INFO  State of operation 21172720 : EXECUTING
19:34:36 INFO  State of operation 21172720 : EXECUTING
19:34:38 INFO  State of operation 21172720 : EXECUTING
19:34:40 INFO  State of operation 21172720 : SUCCESSFUL
19:34:40 INFO  Assert that (False == value) with value=False ... passed
19:34:40 INFO  Package asciijump is installed
19:34:40 INFO  Assert that (True == value) with value=True ... passed
19:34:41 INFO  Package squirrel3 is installed
19:34:41 INFO  Assert that (True == value) with value=True ... passed
19:34:41 INFO  Package robotfindskitten is installed
19:34:41 INFO  Assert that (True == value) with value=True ... passed
19:34:41 INFO  Response status: 201
19:34:41 INFO  Response to action: {
    &quot;creationTime&quot;: &quot;2022-07-21T19:34:41.623Z&quot;,
    &quot;deviceId&quot;: &quot;21166557&quot;,
    &quot;deviceName&quot;: &quot;m32sd10b&quot;,
    &quot;self&quot;: &quot;https://t493319102.eu-latest.cumulocity.com/devicecontrol/operations/21172728&quot;,
    &quot;id&quot;: &quot;21172728&quot;,
    &quot;status&quot;: &quot;PENDING&quot;,
    &quot;description&quot;: &quot;Apply software changes, triggered from PySys: [{'action': 'delete', 'id': '5475369', 'name': 'asciijump', 'url': ' ', 'version': '::apt'}, {'action': 'delete', 'id': '5474869', 'name': 'robotfindskitten', 'url': ' ', 'version': '::apt'}, {'action': 'delete', 'id': '5475279', 'name': 'squirrel3', 'url': ' ', 'version': '::apt'}]&quot;,
    &quot;c8y_SoftwareUpdate&quot;: [
        {
            &quot;name&quot;: &quot;asciijump&quot;,
            &quot;action&quot;: &quot;delete&quot;,
            &quot;id&quot;: &quot;5475369&quot;,
            &quot;version&quot;: &quot;::apt&quot;,
            &quot;url&quot;: &quot; &quot;
        },
        {
            &quot;name&quot;: &quot;robotfindskitten&quot;,
            &quot;action&quot;: &quot;delete&quot;,
            &quot;id&quot;: &quot;5474869&quot;,
            &quot;version&quot;: &quot;::apt&quot;,
            &quot;url&quot;: &quot; &quot;
        },
        {
            &quot;name&quot;: &quot;squirrel3&quot;,
            &quot;action&quot;: &quot;delete&quot;,
            &quot;id&quot;: &quot;5475279&quot;,
            &quot;version&quot;: &quot;::apt&quot;,
            &quot;url&quot;: &quot; &quot;
        }
    ]
}
19:34:41 INFO  Started operation: {'creationTime': '2022-07-21T19:34:41.623Z', 'deviceId': '21166557', 'deviceName': 'm32sd10b', 'self': 'https://t493319102.eu-latest.cumulocity.com/devicecontrol/operations/21172728', 'id': '21172728', 'status': 'PENDING', 'description': &quot;Apply software changes, triggered from PySys: [{'action': 'delete', 'id': '5475369', 'name': 'asciijump', 'url': ' ', 'version': '::apt'}, {'action': 'delete', 'id': '5474869', 'name': 'robotfindskitten', 'url': ' ', 'version': '::apt'}, {'action': 'delete', 'id': '5475279', 'name': 'squirrel3', 'url': ' ', 'version': '::apt'}]&quot;, 'c8y_SoftwareUpdate': [{'name': 'asciijump', 'action': 'delete', 'id': '5475369', 'version': '::apt', 'url': ' '}, {'name': 'robotfindskitten', 'action': 'delete', 'id': '5474869', 'version': '::apt', 'url': ' '}, {'name': 'squirrel3', 'action': 'delete', 'id': '5475279', 'version': '::apt', 'url': ' '}]}
19:34:43 INFO  State of operation 21172728 : PENDING
19:34:46 INFO  State of operation 21172728 : EXECUTING
19:34:48 INFO  State of operation 21172728 : EXECUTING
19:34:50 INFO  State of operation 21172728 : EXECUTING
19:34:52 INFO  State of operation 21172728 : EXECUTING
19:34:55 INFO  State of operation 21172728 : EXECUTING
19:34:57 INFO  State of operation 21172728 : EXECUTING
19:35:00 INFO  State of operation 21172728 : EXECUTING
19:35:02 INFO  State of operation 21172728 : EXECUTING
19:35:05 INFO  State of operation 21172728 : EXECUTING
19:35:07 INFO  State of operation 21172728 : EXECUTING
19:35:09 INFO  State of operation 21172728 : EXECUTING
19:35:12 INFO  State of operation 21172728 : EXECUTING
19:35:14 INFO  State of operation 21172728 : EXECUTING
19:35:16 INFO  State of operation 21172728 : EXECUTING
19:35:18 INFO  State of operation 21172728 : EXECUTING
19:35:21 INFO  State of operation 21172728 : EXECUTING
19:35:23 INFO  State of operation 21172728 : EXECUTING
19:35:26 INFO  State of operation 21172728 : EXECUTING
19:35:28 INFO  State of operation 21172728 : EXECUTING
19:35:30 INFO  State of operation 21172728 : EXECUTING
19:35:33 INFO  State of operation 21172728 : EXECUTING
19:35:35 INFO  State of operation 21172728 : EXECUTING
19:35:37 INFO  State of operation 21172728 : EXECUTING
19:35:39 INFO  State of operation 21172728 : EXECUTING
19:35:42 INFO  State of operation 21172728 : EXECUTING
19:35:44 INFO  State of operation 21172728 : EXECUTING
19:35:47 INFO  State of operation 21172728 : EXECUTING
19:35:49 INFO  State of operation 21172728 : SUCCESSFUL
19:35:49 INFO  Assert that (False == value) with value=False ... passed
19:35:49 INFO  Assert that (False == value) with value=False ... passed
19:35:49 INFO  Assert that (False == value) with value=False ... passed
19:35:50 INFO  Assert that (False == value) with value=False ... passed
19:35:50 INFO  
19:35:50 INFO  cleanup:
19:35:54 INFO  Executed sudo&lt;tedge_disconnect_c8y&gt;, exit status 0
19:35:54 INFO  Executed systemctl&lt;serv_mapper5&gt;, exit status 3
19:35:54 INFO  
19:35:54 INFO  Test duration: 137.60 secs
19:35:54 INFO  Test final outcome:  FAILED
19:35:54 INFO  Test outcome reason: Assert that (False == value) with value=True (+2 other failures)
19:35:54 INFO  
</system-out>
	</testcase>
</testsuite>
