<?xml version="1.0" encoding="utf-8"?>
<testsuite failures="1" name="SoftwareManagement.sm_mixed_install_remove_multiple" skipped="0" tests="1" time="168.67" timestamp="2022-07-18T17:14:25">
	<testcase classname="PySysTest" name="SoftwareManagement.sm_mixed_install_remove_multiple">
		<failure message="FAILED: Assert that (False == value) with value=True" type="FAILED"/>
		<system-out>17:11:36 INFO  ==============================================================
17:11:37 INFO  Id:    SoftwareManagement.sm_mixed_install_remove_multiple
17:11:37 INFO  Dir:   software_management_end_to_end/
17:11:37 INFO  Title: Validate end to end behaviour for the dummy-plugin for multiple packages with mixed versions
17:11:37 INFO  ==============================================================
17:11:37 INFO  Using sw id database: {'asciijump': '5475369', 'robotfindskitten': '5474869', 'squirrel3': '5475279', 'rolldice': '5152439', 'moon-buggy': '5439204', 'apple': '5495053', 'banana': '5494888', 'cherry': '5495382', 'watermelon': '5494510', 'registry': '8018911', 'hello-world': '8021526', 'docker/getting-started': '8021973', 'alpine': '7991792'}
17:11:37 INFO  EnvironmentC8y Setup
17:11:37 INFO  Executed systemctl&lt;serv_mapper1&gt;, exit status 3
17:11:37 INFO  Restarting mosquitto too frequently in the last 10 seconds. It was only up for 5 seconds
17:11:37 INFO  Delaying execution by 6 seconds
17:11:58 INFO  Executed sudo&lt;tedge_connect_c8y&gt;, exit status 0, duration 14 secs
17:11:58 INFO  Executed sudo&lt;tedge_connect_c8y_test&gt;, exit status 0
17:11:59 INFO  Executed systemctl&lt;serv_mosq2&gt;, exit status 0
17:11:59 INFO  Executed systemctl&lt;serv_mapper3&gt;, exit status 0
17:12:02 INFO  State of current operation: SUCCESSFUL
17:12:02 INFO  Package apple is installed
17:12:02 INFO  Assert that (True == value) with value=True ... passed
17:12:02 INFO  Package banana is installed
17:12:02 INFO  Assert that (True == value) with value=True ... passed
17:12:02 INFO  Package cherry is installed
17:12:02 INFO  Assert that (True == value) with value=True ... passed
17:12:03 INFO  Package asciijump is installed
17:12:03 WARN  Assert that (False == value) with value=True ... failed 
17:12:03 INFO  Assert that (False == value) with value=False ... passed
17:12:03 INFO  Response status: 201
17:12:03 INFO  Response to action: {
    &quot;creationTime&quot;: &quot;2022-07-18T17:12:03.539Z&quot;,
    &quot;deviceName&quot;: &quot;m32sd10b&quot;,
    &quot;deviceId&quot;: &quot;21019148&quot;,
    &quot;self&quot;: &quot;https://t493319102.eu-latest.cumulocity.com/devicecontrol/operations/21027771&quot;,
    &quot;id&quot;: &quot;21027771&quot;,
    &quot;status&quot;: &quot;PENDING&quot;,
    &quot;description&quot;: &quot;Apply software changes, triggered from PySys: [{'action': 'install', 'id': '5495053', 'name': 'apple', 'url': ' ', 'version': '::fruits'}, {'action': 'install', 'id': '5494888', 'name': 'banana', 'url': ' ', 'version': '::fruits'}, {'action': 'install', 'id': '5475369', 'name': 'asciijump', 'url': ' ', 'version': '::apt'}, {'action': 'install', 'id': '5495382', 'name': 'cherry', 'url': ' ', 'version': '::fruits'}, {'action': 'install', 'id': '8018911', 'name': 'registry', 'url': ' ', 'version': '::docker'}]&quot;,
    &quot;c8y_SoftwareUpdate&quot;: [
        {
            &quot;name&quot;: &quot;apple&quot;,
            &quot;action&quot;: &quot;install&quot;,
            &quot;id&quot;: &quot;5495053&quot;,
            &quot;version&quot;: &quot;::fruits&quot;,
            &quot;url&quot;: &quot; &quot;
        },
        {
            &quot;name&quot;: &quot;banana&quot;,
            &quot;action&quot;: &quot;install&quot;,
            &quot;id&quot;: &quot;5494888&quot;,
            &quot;version&quot;: &quot;::fruits&quot;,
            &quot;url&quot;: &quot; &quot;
        },
        {
            &quot;name&quot;: &quot;asciijump&quot;,
            &quot;action&quot;: &quot;install&quot;,
            &quot;id&quot;: &quot;5475369&quot;,
            &quot;version&quot;: &quot;::apt&quot;,
            &quot;url&quot;: &quot; &quot;
        },
        {
            &quot;name&quot;: &quot;cherry&quot;,
            &quot;action&quot;: &quot;install&quot;,
            &quot;id&quot;: &quot;5495382&quot;,
            &quot;version&quot;: &quot;::fruits&quot;,
            &quot;url&quot;: &quot; &quot;
        },
        {
            &quot;name&quot;: &quot;registry&quot;,
            &quot;action&quot;: &quot;install&quot;,
            &quot;id&quot;: &quot;8018911&quot;,
            &quot;version&quot;: &quot;::docker&quot;,
            &quot;url&quot;: &quot; &quot;
        }
    ]
}
17:12:03 INFO  Started operation: {'creationTime': '2022-07-18T17:12:03.539Z', 'deviceName': 'm32sd10b', 'deviceId': '21019148', 'self': 'https://t493319102.eu-latest.cumulocity.com/devicecontrol/operations/21027771', 'id': '21027771', 'status': 'PENDING', 'description': &quot;Apply software changes, triggered from PySys: [{'action': 'install', 'id': '5495053', 'name': 'apple', 'url': ' ', 'version': '::fruits'}, {'action': 'install', 'id': '5494888', 'name': 'banana', 'url': ' ', 'version': '::fruits'}, {'action': 'install', 'id': '5475369', 'name': 'asciijump', 'url': ' ', 'version': '::apt'}, {'action': 'install', 'id': '5495382', 'name': 'cherry', 'url': ' ', 'version': '::fruits'}, {'action': 'install', 'id': '8018911', 'name': 'registry', 'url': ' ', 'version': '::docker'}]&quot;, 'c8y_SoftwareUpdate': [{'name': 'apple', 'action': 'install', 'id': '5495053', 'version': '::fruits', 'url': ' '}, {'name': 'banana', 'action': 'install', 'id': '5494888', 'version': '::fruits', 'url': ' '}, {'name': 'asciijump', 'action': 'install', 'id': '5475369', 'version': '::apt', 'url': ' '}, {'name': 'cherry', 'action': 'install', 'id': '5495382', 'version': '::fruits', 'url': ' '}, {'name': 'registry', 'action': 'install', 'id': '8018911', 'version': '::docker', 'url': ' '}]}
17:12:05 INFO  State of operation 21027771 : PENDING
17:12:08 INFO  State of operation 21027771 : EXECUTING
17:12:10 INFO  State of operation 21027771 : EXECUTING
17:12:12 INFO  State of operation 21027771 : EXECUTING
17:12:14 INFO  State of operation 21027771 : EXECUTING
17:12:17 INFO  State of operation 21027771 : EXECUTING
17:12:19 INFO  State of operation 21027771 : EXECUTING
17:12:22 INFO  State of operation 21027771 : EXECUTING
17:12:24 INFO  State of operation 21027771 : EXECUTING
17:12:27 INFO  State of operation 21027771 : EXECUTING
17:12:29 INFO  State of operation 21027771 : EXECUTING
17:12:31 INFO  State of operation 21027771 : EXECUTING
17:12:34 INFO  State of operation 21027771 : EXECUTING
17:12:36 INFO  State of operation 21027771 : EXECUTING
17:12:38 INFO  State of operation 21027771 : EXECUTING
17:12:40 INFO  State of operation 21027771 : EXECUTING
17:12:43 INFO  State of operation 21027771 : EXECUTING
17:12:45 INFO  State of operation 21027771 : EXECUTING
17:12:48 INFO  State of operation 21027771 : EXECUTING
17:12:50 INFO  State of operation 21027771 : EXECUTING
17:12:52 INFO  State of operation 21027771 : EXECUTING
17:12:54 INFO  State of operation 21027771 : EXECUTING
17:12:57 INFO  State of operation 21027771 : EXECUTING
17:12:59 INFO  State of operation 21027771 : EXECUTING
17:13:01 INFO  State of operation 21027771 : EXECUTING
17:13:03 INFO  State of operation 21027771 : EXECUTING
17:13:06 INFO  State of operation 21027771 : SUCCESSFUL
17:13:06 INFO  Package apple is installed
17:13:06 INFO  Assert that (True == value) with value=True ... passed
17:13:06 INFO  Package banana is installed
17:13:06 INFO  Assert that (True == value) with value=True ... passed
17:13:07 INFO  Package cherry is installed
17:13:07 INFO  Assert that (True == value) with value=True ... passed
17:13:07 INFO  Package asciijump is installed
17:13:07 INFO  Assert that (True == value) with value=True ... passed
17:13:07 INFO  Package registry is installed
17:13:07 INFO  Assert that (True == value) with value=True ... passed
17:13:07 INFO  Response status: 201
17:13:07 INFO  Response to action: {
    &quot;creationTime&quot;: &quot;2022-07-18T17:13:07.853Z&quot;,
    &quot;deviceName&quot;: &quot;m32sd10b&quot;,
    &quot;deviceId&quot;: &quot;21019148&quot;,
    &quot;self&quot;: &quot;https://t493319102.eu-latest.cumulocity.com/devicecontrol/operations/21027783&quot;,
    &quot;id&quot;: &quot;21027783&quot;,
    &quot;status&quot;: &quot;PENDING&quot;,
    &quot;description&quot;: &quot;Apply software changes, triggered from PySys: [{'action': 'delete', 'id': '5495053', 'name': 'apple', 'url': ' ', 'version': '::fruits'}, {'action': 'delete', 'id': '5494888', 'name': 'banana', 'url': ' ', 'version': '::fruits'}, {'action': 'delete', 'id': '5475369', 'name': 'asciijump', 'url': ' ', 'version': '::apt'}, {'action': 'delete', 'id': '5495382', 'name': 'cherry', 'url': ' ', 'version': '::fruits'}, {'action': 'delete', 'id': '8018911', 'name': 'registry', 'url': ' ', 'version': '::docker'}]&quot;,
    &quot;c8y_SoftwareUpdate&quot;: [
        {
            &quot;name&quot;: &quot;apple&quot;,
            &quot;action&quot;: &quot;delete&quot;,
            &quot;id&quot;: &quot;5495053&quot;,
            &quot;version&quot;: &quot;::fruits&quot;,
            &quot;url&quot;: &quot; &quot;
        },
        {
            &quot;name&quot;: &quot;banana&quot;,
            &quot;action&quot;: &quot;delete&quot;,
            &quot;id&quot;: &quot;5494888&quot;,
            &quot;version&quot;: &quot;::fruits&quot;,
            &quot;url&quot;: &quot; &quot;
        },
        {
            &quot;name&quot;: &quot;asciijump&quot;,
            &quot;action&quot;: &quot;delete&quot;,
            &quot;id&quot;: &quot;5475369&quot;,
            &quot;version&quot;: &quot;::apt&quot;,
            &quot;url&quot;: &quot; &quot;
        },
        {
            &quot;name&quot;: &quot;cherry&quot;,
            &quot;action&quot;: &quot;delete&quot;,
            &quot;id&quot;: &quot;5495382&quot;,
            &quot;version&quot;: &quot;::fruits&quot;,
            &quot;url&quot;: &quot; &quot;
        },
        {
            &quot;name&quot;: &quot;registry&quot;,
            &quot;action&quot;: &quot;delete&quot;,
            &quot;id&quot;: &quot;8018911&quot;,
            &quot;version&quot;: &quot;::docker&quot;,
            &quot;url&quot;: &quot; &quot;
        }
    ]
}
17:13:07 INFO  Started operation: {'creationTime': '2022-07-18T17:13:07.853Z', 'deviceName': 'm32sd10b', 'deviceId': '21019148', 'self': 'https://t493319102.eu-latest.cumulocity.com/devicecontrol/operations/21027783', 'id': '21027783', 'status': 'PENDING', 'description': &quot;Apply software changes, triggered from PySys: [{'action': 'delete', 'id': '5495053', 'name': 'apple', 'url': ' ', 'version': '::fruits'}, {'action': 'delete', 'id': '5494888', 'name': 'banana', 'url': ' ', 'version': '::fruits'}, {'action': 'delete', 'id': '5475369', 'name': 'asciijump', 'url': ' ', 'version': '::apt'}, {'action': 'delete', 'id': '5495382', 'name': 'cherry', 'url': ' ', 'version': '::fruits'}, {'action': 'delete', 'id': '8018911', 'name': 'registry', 'url': ' ', 'version': '::docker'}]&quot;, 'c8y_SoftwareUpdate': [{'name': 'apple', 'action': 'delete', 'id': '5495053', 'version': '::fruits', 'url': ' '}, {'name': 'banana', 'action': 'delete', 'id': '5494888', 'version': '::fruits', 'url': ' '}, {'name': 'asciijump', 'action': 'delete', 'id': '5475369', 'version': '::apt', 'url': ' '}, {'name': 'cherry', 'action': 'delete', 'id': '5495382', 'version': '::fruits', 'url': ' '}, {'name': 'registry', 'action': 'delete', 'id': '8018911', 'version': '::docker', 'url': ' '}]}
17:13:10 INFO  State of operation 21027783 : PENDING
17:13:12 INFO  State of operation 21027783 : EXECUTING
17:13:14 INFO  State of operation 21027783 : EXECUTING
17:13:16 INFO  State of operation 21027783 : EXECUTING
17:13:19 INFO  State of operation 21027783 : EXECUTING
17:13:21 INFO  State of operation 21027783 : EXECUTING
17:13:24 INFO  State of operation 21027783 : EXECUTING
17:13:26 INFO  State of operation 21027783 : EXECUTING
17:13:29 INFO  State of operation 21027783 : EXECUTING
17:13:31 INFO  State of operation 21027783 : EXECUTING
17:13:33 INFO  State of operation 21027783 : EXECUTING
17:13:36 INFO  State of operation 21027783 : EXECUTING
17:13:38 INFO  State of operation 21027783 : EXECUTING
17:13:40 INFO  State of operation 21027783 : EXECUTING
17:13:42 INFO  State of operation 21027783 : EXECUTING
17:13:45 INFO  State of operation 21027783 : EXECUTING
17:13:49 INFO  State of operation 21027783 : EXECUTING
17:13:51 INFO  State of operation 21027783 : EXECUTING
17:13:54 INFO  State of operation 21027783 : EXECUTING
17:13:56 INFO  State of operation 21027783 : EXECUTING
17:13:58 INFO  State of operation 21027783 : EXECUTING
17:14:01 INFO  State of operation 21027783 : EXECUTING
17:14:03 INFO  State of operation 21027783 : EXECUTING
17:14:06 INFO  State of operation 21027783 : EXECUTING
17:14:08 INFO  State of operation 21027783 : EXECUTING
17:14:10 INFO  State of operation 21027783 : EXECUTING
17:14:12 INFO  State of operation 21027783 : EXECUTING
17:14:15 INFO  State of operation 21027783 : EXECUTING
17:14:17 INFO  State of operation 21027783 : EXECUTING
17:14:19 INFO  State of operation 21027783 : SUCCESSFUL
17:14:19 INFO  Package apple is installed
17:14:19 INFO  Assert that (True == value) with value=True ... passed
17:14:20 INFO  Package banana is installed
17:14:20 INFO  Assert that (True == value) with value=True ... passed
17:14:20 INFO  Package cherry is installed
17:14:20 INFO  Assert that (True == value) with value=True ... passed
17:14:20 INFO  Assert that (False == value) with value=False ... passed
17:14:20 INFO  Assert that (False == value) with value=False ... passed
17:14:20 INFO  
17:14:20 INFO  cleanup:
17:14:25 INFO  Executed sudo&lt;tedge_disconnect_c8y&gt;, exit status 0
17:14:25 INFO  Executed systemctl&lt;serv_mapper5&gt;, exit status 3
17:14:25 INFO  
17:14:25 INFO  Test duration: 168.67 secs
17:14:25 INFO  Test final outcome:  FAILED
17:14:25 INFO  Test outcome reason: Assert that (False == value) with value=True
17:14:25 INFO  
</system-out>
	</testcase>
</testsuite>
