<?xml version="1.0" encoding="utf-8"?>
<testsuite failures="1" name="SoftwareManagement.sm_apt_install_fail" skipped="0" tests="1" time="167.11" timestamp="2022-05-24T11:52:18">
	<testcase classname="PySysTest" name="SoftwareManagement.sm_apt_install_fail">
		<failure message="BLOCKED: SystemError: Timeout while waiting for status FAILED or SUCCESSFUL" type="BLOCKED"/>
		<system-out>11:49:31 INFO  ==============================================================
11:49:31 INFO  Id:    SoftwareManagement.sm_apt_install_fail
11:49:31 INFO  Dir:   software_management_end_to_end/
11:49:31 INFO  Title: Validate end to end behaviour for a failing installation
11:49:31 INFO  ==============================================================
11:49:31 INFO  Using sw id database: {'asciijump': '5475369', 'robotfindskitten': '5474869', 'squirrel3': '5475279', 'rolldice': '5152439', 'moon-buggy': '5439204', 'apple': '5495053', 'banana': '5494888', 'cherry': '5495382', 'watermelon': '5494510', 'registry': '8018911', 'hello-world': '8021526', 'docker/getting-started': '8021973', 'alpine': '7991792'}
11:49:31 INFO  EnvironmentC8y Setup
11:49:32 INFO  Executed systemctl&lt;serv_mapper1&gt;, exit status 3
11:49:32 INFO  Restarting mosquitto too frequently in the last 10 seconds. It was only up for 4 seconds
11:49:32 INFO  Delaying execution by 7 seconds
11:49:53 INFO  Executed sudo&lt;tedge_connect_c8y&gt;, exit status 0, duration 14 secs
11:49:53 INFO  Executed sudo&lt;tedge_connect_c8y_test&gt;, exit status 0
11:49:54 INFO  Executed systemctl&lt;serv_mosq2&gt;, exit status 0
11:49:54 INFO  Executed systemctl&lt;serv_mapper3&gt;, exit status 0
11:49:57 INFO  State of current operation: PENDING
11:49:59 INFO  State of current operation: PENDING
11:50:01 INFO  State of current operation: PENDING
11:50:03 INFO  State of current operation: PENDING
11:50:06 INFO  State of current operation: PENDING
11:50:08 INFO  State of current operation: PENDING
11:50:10 INFO  State of current operation: PENDING
11:50:12 INFO  State of current operation: PENDING
11:50:15 INFO  State of current operation: PENDING
11:50:17 INFO  State of current operation: PENDING
11:50:19 INFO  State of current operation: PENDING
11:50:22 INFO  State of current operation: PENDING
11:50:24 INFO  State of current operation: PENDING
11:50:26 INFO  State of current operation: PENDING
11:50:28 INFO  State of current operation: PENDING
11:50:31 INFO  State of current operation: PENDING
11:50:33 INFO  State of current operation: PENDING
11:50:35 INFO  State of current operation: PENDING
11:50:37 INFO  State of current operation: PENDING
11:50:39 INFO  State of current operation: PENDING
11:50:42 INFO  State of current operation: PENDING
11:50:44 INFO  State of current operation: PENDING
11:50:46 INFO  State of current operation: PENDING
11:50:48 INFO  State of current operation: PENDING
11:50:51 INFO  State of current operation: PENDING
11:50:53 INFO  State of current operation: PENDING
11:50:55 INFO  State of current operation: PENDING
11:50:58 INFO  State of current operation: PENDING
11:51:00 INFO  State of current operation: PENDING
11:51:02 INFO  State of current operation: PENDING
11:51:04 INFO  State of current operation: PENDING
11:51:07 INFO  State of current operation: PENDING
11:51:09 INFO  State of current operation: PENDING
11:51:11 INFO  State of current operation: PENDING
11:51:13 INFO  State of current operation: PENDING
11:51:16 INFO  State of current operation: PENDING
11:51:18 INFO  State of current operation: PENDING
11:51:20 INFO  State of current operation: PENDING
11:51:22 INFO  State of current operation: PENDING
11:51:25 INFO  State of current operation: PENDING
11:51:27 INFO  State of current operation: PENDING
11:51:29 INFO  State of current operation: PENDING
11:51:31 INFO  State of current operation: PENDING
11:51:33 INFO  State of current operation: PENDING
11:51:36 INFO  State of current operation: PENDING
11:51:38 INFO  State of current operation: PENDING
11:51:40 INFO  State of current operation: PENDING
11:51:42 INFO  State of current operation: PENDING
11:51:45 INFO  State of current operation: PENDING
11:51:47 INFO  State of current operation: PENDING
11:51:49 INFO  State of current operation: PENDING
11:51:51 INFO  State of current operation: PENDING
11:51:54 INFO  State of current operation: PENDING
11:51:56 INFO  State of current operation: PENDING
11:51:58 INFO  State of current operation: PENDING
11:52:00 INFO  State of current operation: PENDING
11:52:03 INFO  State of current operation: PENDING
11:52:05 INFO  State of current operation: PENDING
11:52:07 INFO  State of current operation: PENDING
11:52:09 INFO  State of current operation: PENDING
11:52:12 INFO  State of current operation: PENDING
11:52:14 WARN  SystemError occurred while running test - Timeout while waiting for status FAILED or SUCCESSFUL
Traceback (most recent call last):
  File &quot;/home/pi/env-pysys/lib/python3.7/site-packages/pysys/baserunner.py&quot;, line 1292, in __call__
    self.testObj.setup()
  File &quot;/home/pi/actions-runner/_work/thin-edge.io/thin-edge.io/tests/PySys/software_management_end_to_end/sm_apt_install_fail/run.py&quot;, line 20, in setup
    super().setup()
  File &quot;/home/pi/actions-runner/_work/thin-edge.io/thin-edge.io/tests/PySys/software_management_end_to_end/environment_sm_management.py&quot;, line 151, in setup
    self.wait_until_end()
  File &quot;/home/pi/actions-runner/_work/thin-edge.io/thin-edge.io/tests/PySys/software_management_end_to_end/environment_sm_management.py&quot;, line 332, in wait_until_end
    self.wait_until_status(&quot;FAILED&quot;, &quot;SUCCESSFUL&quot;)
  File &quot;/home/pi/actions-runner/_work/thin-edge.io/thin-edge.io/tests/PySys/software_management_end_to_end/environment_sm_management.py&quot;, line 381, in wait_until_status
    &quot;Timeout while waiting for status %s or %s&quot; % (status, status2)
SystemError: Timeout while waiting for status FAILED or SUCCESSFUL
11:52:14 WARN  SystemError: Timeout while waiting for status FAILED or SUCCESSFUL ... blocked 
11:52:14 INFO  
11:52:14 INFO  cleanup:
11:52:18 INFO  Executed sudo&lt;tedge_disconnect_c8y&gt;, exit status 0
11:52:18 INFO  Executed systemctl&lt;serv_mapper5&gt;, exit status 3
11:52:18 INFO  
11:52:18 INFO  Test duration: 167.11 secs
11:52:18 INFO  Test final outcome:  BLOCKED
11:52:18 INFO  Test outcome reason: SystemError: Timeout while waiting for status FAILED or SUCCESSFUL
11:52:18 INFO  
</system-out>
	</testcase>
</testsuite>
