<?xml version="1.0" encoding="utf-8"?>
<testsuite failures="1" name="SoftwareManagement.sm_mixed_install_remove_multiple" skipped="0" tests="1" time="165.96" timestamp="2022-07-21T19:48:15">
	<testcase classname="PySysTest" name="SoftwareManagement.sm_mixed_install_remove_multiple">
		<failure message="FAILED: Assert that (False == value) with value=True" type="FAILED"/>
		<system-out>19:45:29 INFO  ==============================================================
19:45:29 INFO  Id:    SoftwareManagement.sm_mixed_install_remove_multiple
19:45:29 INFO  Dir:   software_management_end_to_end/
19:45:29 INFO  Title: Validate end to end behaviour for the dummy-plugin for multiple packages with mixed versions
19:45:29 INFO  ==============================================================
19:45:29 INFO  Using sw id database: {'asciijump': '5475369', 'robotfindskitten': '5474869', 'squirrel3': '5475279', 'rolldice': '5152439', 'moon-buggy': '5439204', 'apple': '5495053', 'banana': '5494888', 'cherry': '5495382', 'watermelon': '5494510', 'registry': '8018911', 'hello-world': '8021526', 'docker/getting-started': '8021973', 'alpine': '7991792'}
19:45:29 INFO  EnvironmentC8y Setup
19:45:30 INFO  Executed systemctl&lt;serv_mapper1&gt;, exit status 3
19:45:30 INFO  Restarting mosquitto too frequently in the last 10 seconds. It was only up for 4 seconds
19:45:30 INFO  Delaying execution by 7 seconds
19:45:51 INFO  Executed sudo&lt;tedge_connect_c8y&gt;, exit status 0, duration 14 secs
19:45:51 INFO  Executed sudo&lt;tedge_connect_c8y_test&gt;, exit status 0
19:45:52 INFO  Executed systemctl&lt;serv_mosq2&gt;, exit status 0
19:45:52 INFO  Executed systemctl&lt;serv_mapper3&gt;, exit status 0
19:45:54 INFO  State of current operation: SUCCESSFUL
19:45:55 INFO  Package apple is installed
19:45:55 INFO  Assert that (True == value) with value=True ... passed
19:45:55 INFO  Package banana is installed
19:45:55 INFO  Assert that (True == value) with value=True ... passed
19:45:55 INFO  Package cherry is installed
19:45:55 INFO  Assert that (True == value) with value=True ... passed
19:45:55 INFO  Package asciijump is installed
19:45:55 WARN  Assert that (False == value) with value=True ... failed 
19:45:56 INFO  Assert that (False == value) with value=False ... passed
19:45:56 INFO  Response status: 201
19:45:56 INFO  Response to action: {
    &quot;creationTime&quot;: &quot;2022-07-21T19:45:56.352Z&quot;,
    &quot;deviceId&quot;: &quot;21166557&quot;,
    &quot;deviceName&quot;: &quot;m32sd10b&quot;,
    &quot;self&quot;: &quot;https://t493319102.eu-latest.cumulocity.com/devicecontrol/operations/21172818&quot;,
    &quot;id&quot;: &quot;21172818&quot;,
    &quot;status&quot;: &quot;PENDING&quot;,
    &quot;description&quot;: &quot;Apply software changes, triggered from PySys: [{'action': 'install', 'id': '5495053', 'name': 'apple', 'url': ' ', 'version': '::fruits'}, {'action': 'install', 'id': '5494888', 'name': 'banana', 'url': ' ', 'version': '::fruits'}, {'action': 'install', 'id': '5475369', 'name': 'asciijump', 'url': ' ', 'version': '::apt'}, {'action': 'install', 'id': '5495382', 'name': 'cherry', 'url': ' ', 'version': '::fruits'}, {'action': 'install', 'id': '8018911', 'name': 'registry', 'url': ' ', 'version': '::docker'}]&quot;,
    &quot;c8y_SoftwareUpdate&quot;: [
        {
            &quot;name&quot;: &quot;apple&quot;,
            &quot;action&quot;: &quot;install&quot;,
            &quot;id&quot;: &quot;5495053&quot;,
            &quot;version&quot;: &quot;::fruits&quot;,
            &quot;url&quot;: &quot; &quot;
        },
        {
            &quot;name&quot;: &quot;banana&quot;,
            &quot;action&quot;: &quot;install&quot;,
            &quot;id&quot;: &quot;5494888&quot;,
            &quot;version&quot;: &quot;::fruits&quot;,
            &quot;url&quot;: &quot; &quot;
        },
        {
            &quot;name&quot;: &quot;asciijump&quot;,
            &quot;action&quot;: &quot;install&quot;,
            &quot;id&quot;: &quot;5475369&quot;,
            &quot;version&quot;: &quot;::apt&quot;,
            &quot;url&quot;: &quot; &quot;
        },
        {
            &quot;name&quot;: &quot;cherry&quot;,
            &quot;action&quot;: &quot;install&quot;,
            &quot;id&quot;: &quot;5495382&quot;,
            &quot;version&quot;: &quot;::fruits&quot;,
            &quot;url&quot;: &quot; &quot;
        },
        {
            &quot;name&quot;: &quot;registry&quot;,
            &quot;action&quot;: &quot;install&quot;,
            &quot;id&quot;: &quot;8018911&quot;,
            &quot;version&quot;: &quot;::docker&quot;,
            &quot;url&quot;: &quot; &quot;
        }
    ]
}
19:45:56 INFO  Started operation: {'creationTime': '2022-07-21T19:45:56.352Z', 'deviceId': '21166557', 'deviceName': 'm32sd10b', 'self': 'https://t493319102.eu-latest.cumulocity.com/devicecontrol/operations/21172818', 'id': '21172818', 'status': 'PENDING', 'description': &quot;Apply software changes, triggered from PySys: [{'action': 'install', 'id': '5495053', 'name': 'apple', 'url': ' ', 'version': '::fruits'}, {'action': 'install', 'id': '5494888', 'name': 'banana', 'url': ' ', 'version': '::fruits'}, {'action': 'install', 'id': '5475369', 'name': 'asciijump', 'url': ' ', 'version': '::apt'}, {'action': 'install', 'id': '5495382', 'name': 'cherry', 'url': ' ', 'version': '::fruits'}, {'action': 'install', 'id': '8018911', 'name': 'registry', 'url': ' ', 'version': '::docker'}]&quot;, 'c8y_SoftwareUpdate': [{'name': 'apple', 'action': 'install', 'id': '5495053', 'version': '::fruits', 'url': ' '}, {'name': 'banana', 'action': 'install', 'id': '5494888', 'version': '::fruits', 'url': ' '}, {'name': 'asciijump', 'action': 'install', 'id': '5475369', 'version': '::apt', 'url': ' '}, {'name': 'cherry', 'action': 'install', 'id': '5495382', 'version': '::fruits', 'url': ' '}, {'name': 'registry', 'action': 'install', 'id': '8018911', 'version': '::docker', 'url': ' '}]}
19:45:58 INFO  State of operation 21172818 : PENDING
19:46:00 INFO  State of operation 21172818 : EXECUTING
19:46:03 INFO  State of operation 21172818 : EXECUTING
19:46:05 INFO  State of operation 21172818 : EXECUTING
19:46:07 INFO  State of operation 21172818 : EXECUTING
19:46:09 INFO  State of operation 21172818 : EXECUTING
19:46:12 INFO  State of operation 21172818 : EXECUTING
19:46:15 INFO  State of operation 21172818 : EXECUTING
19:46:17 INFO  State of operation 21172818 : EXECUTING
19:46:19 INFO  State of operation 21172818 : EXECUTING
19:46:22 INFO  State of operation 21172818 : EXECUTING
19:46:24 INFO  State of operation 21172818 : EXECUTING
19:46:26 INFO  State of operation 21172818 : EXECUTING
19:46:28 INFO  State of operation 21172818 : EXECUTING
19:46:31 INFO  State of operation 21172818 : EXECUTING
19:46:33 INFO  State of operation 21172818 : EXECUTING
19:46:35 INFO  State of operation 21172818 : EXECUTING
19:46:37 INFO  State of operation 21172818 : EXECUTING
19:46:40 INFO  State of operation 21172818 : EXECUTING
19:46:42 INFO  State of operation 21172818 : EXECUTING
19:46:44 INFO  State of operation 21172818 : EXECUTING
19:46:47 INFO  State of operation 21172818 : EXECUTING
19:46:49 INFO  State of operation 21172818 : EXECUTING
19:46:51 INFO  State of operation 21172818 : EXECUTING
19:46:53 INFO  State of operation 21172818 : EXECUTING
19:46:56 INFO  State of operation 21172818 : SUCCESSFUL
19:46:56 INFO  Package apple is installed
19:46:56 INFO  Assert that (True == value) with value=True ... passed
19:46:56 INFO  Package banana is installed
19:46:56 INFO  Assert that (True == value) with value=True ... passed
19:46:56 INFO  Package cherry is installed
19:46:56 INFO  Assert that (True == value) with value=True ... passed
19:46:56 INFO  Package asciijump is installed
19:46:56 INFO  Assert that (True == value) with value=True ... passed
19:46:57 INFO  Package registry is installed
19:46:57 INFO  Assert that (True == value) with value=True ... passed
19:46:57 INFO  Response status: 201
19:46:57 INFO  Response to action: {
    &quot;creationTime&quot;: &quot;2022-07-21T19:46:57.372Z&quot;,
    &quot;deviceId&quot;: &quot;21166557&quot;,
    &quot;deviceName&quot;: &quot;m32sd10b&quot;,
    &quot;self&quot;: &quot;https://t493319102.eu-latest.cumulocity.com/devicecontrol/operations/21172826&quot;,
    &quot;id&quot;: &quot;21172826&quot;,
    &quot;status&quot;: &quot;PENDING&quot;,
    &quot;description&quot;: &quot;Apply software changes, triggered from PySys: [{'action': 'delete', 'id': '5495053', 'name': 'apple', 'url': ' ', 'version': '::fruits'}, {'action': 'delete', 'id': '5494888', 'name': 'banana', 'url': ' ', 'version': '::fruits'}, {'action': 'delete', 'id': '5475369', 'name': 'asciijump', 'url': ' ', 'version': '::apt'}, {'action': 'delete', 'id': '5495382', 'name': 'cherry', 'url': ' ', 'version': '::fruits'}, {'action': 'delete', 'id': '8018911', 'name': 'registry', 'url': ' ', 'version': '::docker'}]&quot;,
    &quot;c8y_SoftwareUpdate&quot;: [
        {
            &quot;name&quot;: &quot;apple&quot;,
            &quot;action&quot;: &quot;delete&quot;,
            &quot;id&quot;: &quot;5495053&quot;,
            &quot;version&quot;: &quot;::fruits&quot;,
            &quot;url&quot;: &quot; &quot;
        },
        {
            &quot;name&quot;: &quot;banana&quot;,
            &quot;action&quot;: &quot;delete&quot;,
            &quot;id&quot;: &quot;5494888&quot;,
            &quot;version&quot;: &quot;::fruits&quot;,
            &quot;url&quot;: &quot; &quot;
        },
        {
            &quot;name&quot;: &quot;asciijump&quot;,
            &quot;action&quot;: &quot;delete&quot;,
            &quot;id&quot;: &quot;5475369&quot;,
            &quot;version&quot;: &quot;::apt&quot;,
            &quot;url&quot;: &quot; &quot;
        },
        {
            &quot;name&quot;: &quot;cherry&quot;,
            &quot;action&quot;: &quot;delete&quot;,
            &quot;id&quot;: &quot;5495382&quot;,
            &quot;version&quot;: &quot;::fruits&quot;,
            &quot;url&quot;: &quot; &quot;
        },
        {
            &quot;name&quot;: &quot;registry&quot;,
            &quot;action&quot;: &quot;delete&quot;,
            &quot;id&quot;: &quot;8018911&quot;,
            &quot;version&quot;: &quot;::docker&quot;,
            &quot;url&quot;: &quot; &quot;
        }
    ]
}
19:46:57 INFO  Started operation: {'creationTime': '2022-07-21T19:46:57.372Z', 'deviceId': '21166557', 'deviceName': 'm32sd10b', 'self': 'https://t493319102.eu-latest.cumulocity.com/devicecontrol/operations/21172826', 'id': '21172826', 'status': 'PENDING', 'description': &quot;Apply software changes, triggered from PySys: [{'action': 'delete', 'id': '5495053', 'name': 'apple', 'url': ' ', 'version': '::fruits'}, {'action': 'delete', 'id': '5494888', 'name': 'banana', 'url': ' ', 'version': '::fruits'}, {'action': 'delete', 'id': '5475369', 'name': 'asciijump', 'url': ' ', 'version': '::apt'}, {'action': 'delete', 'id': '5495382', 'name': 'cherry', 'url': ' ', 'version': '::fruits'}, {'action': 'delete', 'id': '8018911', 'name': 'registry', 'url': ' ', 'version': '::docker'}]&quot;, 'c8y_SoftwareUpdate': [{'name': 'apple', 'action': 'delete', 'id': '5495053', 'version': '::fruits', 'url': ' '}, {'name': 'banana', 'action': 'delete', 'id': '5494888', 'version': '::fruits', 'url': ' '}, {'name': 'asciijump', 'action': 'delete', 'id': '5475369', 'version': '::apt', 'url': ' '}, {'name': 'cherry', 'action': 'delete', 'id': '5495382', 'version': '::fruits', 'url': ' '}, {'name': 'registry', 'action': 'delete', 'id': '8018911', 'version': '::docker', 'url': ' '}]}
19:46:59 INFO  State of operation 21172826 : PENDING
19:47:01 INFO  State of operation 21172826 : EXECUTING
19:47:04 INFO  State of operation 21172826 : EXECUTING
19:47:06 INFO  State of operation 21172826 : EXECUTING
19:47:08 INFO  State of operation 21172826 : EXECUTING
19:47:10 INFO  State of operation 21172826 : EXECUTING
19:47:13 INFO  State of operation 21172826 : EXECUTING
19:47:16 INFO  State of operation 21172826 : EXECUTING
19:47:18 INFO  State of operation 21172826 : EXECUTING
19:47:21 INFO  State of operation 21172826 : EXECUTING
19:47:23 INFO  State of operation 21172826 : EXECUTING
19:47:25 INFO  State of operation 21172826 : EXECUTING
19:47:27 INFO  State of operation 21172826 : EXECUTING
19:47:29 INFO  State of operation 21172826 : EXECUTING
19:47:32 INFO  State of operation 21172826 : EXECUTING
19:47:34 INFO  State of operation 21172826 : EXECUTING
19:47:37 INFO  State of operation 21172826 : EXECUTING
19:47:39 INFO  State of operation 21172826 : EXECUTING
19:47:42 INFO  State of operation 21172826 : EXECUTING
19:47:44 INFO  State of operation 21172826 : EXECUTING
19:47:46 INFO  State of operation 21172826 : EXECUTING
19:47:48 INFO  State of operation 21172826 : EXECUTING
19:47:51 INFO  State of operation 21172826 : EXECUTING
19:47:53 INFO  State of operation 21172826 : EXECUTING
19:47:56 INFO  State of operation 21172826 : EXECUTING
19:47:58 INFO  State of operation 21172826 : EXECUTING
19:48:00 INFO  State of operation 21172826 : EXECUTING
19:48:02 INFO  State of operation 21172826 : EXECUTING
19:48:05 INFO  State of operation 21172826 : EXECUTING
19:48:07 INFO  State of operation 21172826 : EXECUTING
19:48:09 INFO  State of operation 21172826 : SUCCESSFUL
19:48:09 INFO  Package apple is installed
19:48:09 INFO  Assert that (True == value) with value=True ... passed
19:48:10 INFO  Package banana is installed
19:48:10 INFO  Assert that (True == value) with value=True ... passed
19:48:10 INFO  Package cherry is installed
19:48:10 INFO  Assert that (True == value) with value=True ... passed
19:48:10 INFO  Assert that (False == value) with value=False ... passed
19:48:10 INFO  Assert that (False == value) with value=False ... passed
19:48:10 INFO  
19:48:10 INFO  cleanup:
19:48:14 INFO  Executed sudo&lt;tedge_disconnect_c8y&gt;, exit status 0
19:48:15 INFO  Executed systemctl&lt;serv_mapper5&gt;, exit status 3
19:48:15 INFO  
19:48:15 INFO  Test duration: 165.96 secs
19:48:15 INFO  Test final outcome:  FAILED
19:48:15 INFO  Test outcome reason: Assert that (False == value) with value=True
19:48:15 INFO  
</system-out>
	</testcase>
</testsuite>
