<?xml version="1.0" encoding="utf-8"?>
<testsuite failures="1" name="SoftwareManagement.sm_apt_install_remove_multiple" skipped="0" tests="1" time="141.37" timestamp="2022-06-09T08:08:40">
	<testcase classname="PySysTest" name="SoftwareManagement.sm_apt_install_remove_multiple">
		<failure message="FAILED: Assert that (False == value) with value=True (+2 other failures)" type="FAILED"/>
		<system-out>08:06:18 INFO  ==============================================================
08:06:18 INFO  Id:    SoftwareManagement.sm_apt_install_remove_multiple
08:06:18 INFO  Dir:   software_management_end_to_end/
08:06:18 INFO  Title: Validate end to end behaviour for the apt plugin for multiple packages
08:06:18 INFO  ==============================================================
08:06:18 INFO  Using sw id database: {'asciijump': '5475369', 'robotfindskitten': '5474869', 'squirrel3': '5475279', 'rolldice': '5152439', 'moon-buggy': '5439204', 'apple': '5495053', 'banana': '5494888', 'cherry': '5495382', 'watermelon': '5494510', 'registry': '8018911', 'hello-world': '8021526', 'docker/getting-started': '8021973', 'alpine': '7991792'}
08:06:18 INFO  EnvironmentC8y Setup
08:06:19 INFO  Executed systemctl&lt;serv_mapper1&gt;, exit status 3
08:06:19 INFO  Restarting mosquitto too frequently in the last 10 seconds. It was only up for 4 seconds
08:06:19 INFO  Delaying execution by 7 seconds
08:06:40 INFO  Executed sudo&lt;tedge_connect_c8y&gt;, exit status 0, duration 13 secs
08:06:41 INFO  Executed sudo&lt;tedge_connect_c8y_test&gt;, exit status 0
08:06:41 INFO  Executed systemctl&lt;serv_mosq2&gt;, exit status 0
08:06:42 INFO  Executed systemctl&lt;serv_mapper3&gt;, exit status 0
08:06:44 INFO  State of current operation: SUCCESSFUL
08:06:44 INFO  Assert that (False == value) with value=False ... passed
08:06:45 INFO  Package asciijump is installed
08:06:45 WARN  Assert that (False == value) with value=True ... failed 
08:06:45 INFO  Package squirrel3 is installed
08:06:45 WARN  Assert that (False == value) with value=True ... failed 
08:06:46 INFO  Package robotfindskitten is installed
08:06:46 WARN  Assert that (False == value) with value=True ... failed 
08:06:46 INFO  Response status: 201
08:06:46 INFO  Response to action: {
    &quot;creationTime&quot;: &quot;2022-06-09T08:06:46.256Z&quot;,
    &quot;deviceId&quot;: &quot;20069630&quot;,
    &quot;deviceName&quot;: &quot;m32sd10b&quot;,
    &quot;self&quot;: &quot;https://t493319102.eu-latest.cumulocity.com/devicecontrol/operations/20084783&quot;,
    &quot;id&quot;: &quot;20084783&quot;,
    &quot;status&quot;: &quot;PENDING&quot;,
    &quot;description&quot;: &quot;Apply software changes, triggered from PySys: [{'action': 'install', 'id': '5475369', 'name': 'asciijump', 'url': ' ', 'version': '::apt'}, {'action': 'install', 'id': '5474869', 'name': 'robotfindskitten', 'url': ' ', 'version': '::apt'}, {'action': 'install', 'id': '5475279', 'name': 'squirrel3', 'url': ' ', 'version': '::apt'}]&quot;,
    &quot;c8y_SoftwareUpdate&quot;: [
        {
            &quot;name&quot;: &quot;asciijump&quot;,
            &quot;action&quot;: &quot;install&quot;,
            &quot;id&quot;: &quot;5475369&quot;,
            &quot;version&quot;: &quot;::apt&quot;,
            &quot;url&quot;: &quot; &quot;
        },
        {
            &quot;name&quot;: &quot;robotfindskitten&quot;,
            &quot;action&quot;: &quot;install&quot;,
            &quot;id&quot;: &quot;5474869&quot;,
            &quot;version&quot;: &quot;::apt&quot;,
            &quot;url&quot;: &quot; &quot;
        },
        {
            &quot;name&quot;: &quot;squirrel3&quot;,
            &quot;action&quot;: &quot;install&quot;,
            &quot;id&quot;: &quot;5475279&quot;,
            &quot;version&quot;: &quot;::apt&quot;,
            &quot;url&quot;: &quot; &quot;
        }
    ]
}
08:06:46 INFO  Started operation: {'creationTime': '2022-06-09T08:06:46.256Z', 'deviceId': '20069630', 'deviceName': 'm32sd10b', 'self': 'https://t493319102.eu-latest.cumulocity.com/devicecontrol/operations/20084783', 'id': '20084783', 'status': 'PENDING', 'description': &quot;Apply software changes, triggered from PySys: [{'action': 'install', 'id': '5475369', 'name': 'asciijump', 'url': ' ', 'version': '::apt'}, {'action': 'install', 'id': '5474869', 'name': 'robotfindskitten', 'url': ' ', 'version': '::apt'}, {'action': 'install', 'id': '5475279', 'name': 'squirrel3', 'url': ' ', 'version': '::apt'}]&quot;, 'c8y_SoftwareUpdate': [{'name': 'asciijump', 'action': 'install', 'id': '5475369', 'version': '::apt', 'url': ' '}, {'name': 'robotfindskitten', 'action': 'install', 'id': '5474869', 'version': '::apt', 'url': ' '}, {'name': 'squirrel3', 'action': 'install', 'id': '5475279', 'version': '::apt', 'url': ' '}]}
08:06:48 INFO  State of operation 20084783 : PENDING
08:06:50 INFO  State of operation 20084783 : EXECUTING
08:06:52 INFO  State of operation 20084783 : EXECUTING
08:06:55 INFO  State of operation 20084783 : EXECUTING
08:06:57 INFO  State of operation 20084783 : EXECUTING
08:06:59 INFO  State of operation 20084783 : EXECUTING
08:07:02 INFO  State of operation 20084783 : EXECUTING
08:07:04 INFO  State of operation 20084783 : EXECUTING
08:07:07 INFO  State of operation 20084783 : EXECUTING
08:07:09 INFO  State of operation 20084783 : EXECUTING
08:07:11 INFO  State of operation 20084783 : EXECUTING
08:07:14 INFO  State of operation 20084783 : EXECUTING
08:07:16 INFO  State of operation 20084783 : EXECUTING
08:07:18 INFO  State of operation 20084783 : EXECUTING
08:07:20 INFO  State of operation 20084783 : EXECUTING
08:07:22 INFO  State of operation 20084783 : SUCCESSFUL
08:07:23 INFO  Assert that (False == value) with value=False ... passed
08:07:23 INFO  Package asciijump is installed
08:07:23 INFO  Assert that (True == value) with value=True ... passed
08:07:23 INFO  Package squirrel3 is installed
08:07:23 INFO  Assert that (True == value) with value=True ... passed
08:07:23 INFO  Package robotfindskitten is installed
08:07:23 INFO  Assert that (True == value) with value=True ... passed
08:07:24 INFO  Response status: 201
08:07:24 INFO  Response to action: {
    &quot;creationTime&quot;: &quot;2022-06-09T08:07:24.040Z&quot;,
    &quot;deviceId&quot;: &quot;20069630&quot;,
    &quot;deviceName&quot;: &quot;m32sd10b&quot;,
    &quot;self&quot;: &quot;https://t493319102.eu-latest.cumulocity.com/devicecontrol/operations/20084798&quot;,
    &quot;id&quot;: &quot;20084798&quot;,
    &quot;status&quot;: &quot;PENDING&quot;,
    &quot;description&quot;: &quot;Apply software changes, triggered from PySys: [{'action': 'delete', 'id': '5475369', 'name': 'asciijump', 'url': ' ', 'version': '::apt'}, {'action': 'delete', 'id': '5474869', 'name': 'robotfindskitten', 'url': ' ', 'version': '::apt'}, {'action': 'delete', 'id': '5475279', 'name': 'squirrel3', 'url': ' ', 'version': '::apt'}]&quot;,
    &quot;c8y_SoftwareUpdate&quot;: [
        {
            &quot;name&quot;: &quot;asciijump&quot;,
            &quot;action&quot;: &quot;delete&quot;,
            &quot;id&quot;: &quot;5475369&quot;,
            &quot;version&quot;: &quot;::apt&quot;,
            &quot;url&quot;: &quot; &quot;
        },
        {
            &quot;name&quot;: &quot;robotfindskitten&quot;,
            &quot;action&quot;: &quot;delete&quot;,
            &quot;id&quot;: &quot;5474869&quot;,
            &quot;version&quot;: &quot;::apt&quot;,
            &quot;url&quot;: &quot; &quot;
        },
        {
            &quot;name&quot;: &quot;squirrel3&quot;,
            &quot;action&quot;: &quot;delete&quot;,
            &quot;id&quot;: &quot;5475279&quot;,
            &quot;version&quot;: &quot;::apt&quot;,
            &quot;url&quot;: &quot; &quot;
        }
    ]
}
08:07:24 INFO  Started operation: {'creationTime': '2022-06-09T08:07:24.040Z', 'deviceId': '20069630', 'deviceName': 'm32sd10b', 'self': 'https://t493319102.eu-latest.cumulocity.com/devicecontrol/operations/20084798', 'id': '20084798', 'status': 'PENDING', 'description': &quot;Apply software changes, triggered from PySys: [{'action': 'delete', 'id': '5475369', 'name': 'asciijump', 'url': ' ', 'version': '::apt'}, {'action': 'delete', 'id': '5474869', 'name': 'robotfindskitten', 'url': ' ', 'version': '::apt'}, {'action': 'delete', 'id': '5475279', 'name': 'squirrel3', 'url': ' ', 'version': '::apt'}]&quot;, 'c8y_SoftwareUpdate': [{'name': 'asciijump', 'action': 'delete', 'id': '5475369', 'version': '::apt', 'url': ' '}, {'name': 'robotfindskitten', 'action': 'delete', 'id': '5474869', 'version': '::apt', 'url': ' '}, {'name': 'squirrel3', 'action': 'delete', 'id': '5475279', 'version': '::apt', 'url': ' '}]}
08:07:26 INFO  State of operation 20084798 : PENDING
08:07:28 INFO  State of operation 20084798 : EXECUTING
08:07:30 INFO  State of operation 20084798 : EXECUTING
08:07:33 INFO  State of operation 20084798 : EXECUTING
08:07:35 INFO  State of operation 20084798 : EXECUTING
08:07:37 INFO  State of operation 20084798 : EXECUTING
08:07:40 INFO  State of operation 20084798 : EXECUTING
08:07:42 INFO  State of operation 20084798 : EXECUTING
08:07:45 INFO  State of operation 20084798 : EXECUTING
08:07:47 INFO  State of operation 20084798 : EXECUTING
08:07:49 INFO  State of operation 20084798 : EXECUTING
08:07:51 INFO  State of operation 20084798 : EXECUTING
08:07:54 INFO  State of operation 20084798 : EXECUTING
08:07:56 INFO  State of operation 20084798 : EXECUTING
08:07:58 INFO  State of operation 20084798 : EXECUTING
08:08:01 INFO  State of operation 20084798 : EXECUTING
08:08:03 INFO  State of operation 20084798 : EXECUTING
08:08:05 INFO  State of operation 20084798 : EXECUTING
08:08:07 INFO  State of operation 20084798 : EXECUTING
08:08:11 INFO  State of operation 20084798 : EXECUTING
08:08:13 INFO  State of operation 20084798 : EXECUTING
08:08:15 INFO  State of operation 20084798 : EXECUTING
08:08:18 INFO  State of operation 20084798 : EXECUTING
08:08:20 INFO  State of operation 20084798 : EXECUTING
08:08:22 INFO  State of operation 20084798 : EXECUTING
08:08:24 INFO  State of operation 20084798 : EXECUTING
08:08:27 INFO  State of operation 20084798 : EXECUTING
08:08:29 INFO  State of operation 20084798 : EXECUTING
08:08:32 INFO  State of operation 20084798 : EXECUTING
08:08:34 INFO  State of operation 20084798 : SUCCESSFUL
08:08:34 INFO  Assert that (False == value) with value=False ... passed
08:08:34 INFO  Assert that (False == value) with value=False ... passed
08:08:35 INFO  Assert that (False == value) with value=False ... passed
08:08:35 INFO  Assert that (False == value) with value=False ... passed
08:08:35 INFO  
08:08:35 INFO  cleanup:
08:08:39 INFO  Executed sudo&lt;tedge_disconnect_c8y&gt;, exit status 0
08:08:40 INFO  Executed systemctl&lt;serv_mapper5&gt;, exit status 3
08:08:40 INFO  
08:08:40 INFO  Test duration: 141.37 secs
08:08:40 INFO  Test final outcome:  FAILED
08:08:40 INFO  Test outcome reason: Assert that (False == value) with value=True (+2 other failures)
08:08:40 INFO  
</system-out>
	</testcase>
</testsuite>
