<?xml version="1.0" encoding="utf-8"?>
<testsuite failures="1" name="SoftwareManagement.sm_apt_install_remove_default" skipped="0" tests="1" time="166.33" timestamp="2022-05-24T11:57:52">
	<testcase classname="PySysTest" name="SoftwareManagement.sm_apt_install_remove_default">
		<failure message="BLOCKED: SystemError: Timeout while waiting for status FAILED or SUCCESSFUL" type="BLOCKED"/>
		<system-out>11:55:05 INFO  ==============================================================
11:55:05 INFO  Id:    SoftwareManagement.sm_apt_install_remove_default
11:55:05 INFO  Dir:   software_management_end_to_end/
11:55:05 INFO  Title: Validate end to end behaviour for the default plugin for installation and removal of packages
11:55:05 INFO  ==============================================================
11:55:05 INFO  Using sw id database: {'asciijump': '5475369', 'robotfindskitten': '5474869', 'squirrel3': '5475279', 'rolldice': '5152439', 'moon-buggy': '5439204', 'apple': '5495053', 'banana': '5494888', 'cherry': '5495382', 'watermelon': '5494510', 'registry': '8018911', 'hello-world': '8021526', 'docker/getting-started': '8021973', 'alpine': '7991792'}
11:55:05 INFO  EnvironmentC8y Setup
11:55:06 INFO  Executed systemctl&lt;serv_mapper1&gt;, exit status 3
11:55:06 INFO  Restarting mosquitto too frequently in the last 10 seconds. It was only up for 4 seconds
11:55:06 INFO  Delaying execution by 7 seconds
11:55:27 INFO  Executed sudo&lt;tedge_connect_c8y&gt;, exit status 0, duration 14 secs
11:55:27 INFO  Executed sudo&lt;tedge_connect_c8y_test&gt;, exit status 0
11:55:28 INFO  Executed systemctl&lt;serv_mosq2&gt;, exit status 0
11:55:28 INFO  Executed systemctl&lt;serv_mapper3&gt;, exit status 0
11:55:31 INFO  State of current operation: PENDING
11:55:33 INFO  State of current operation: PENDING
11:55:35 INFO  State of current operation: PENDING
11:55:37 INFO  State of current operation: PENDING
11:55:40 INFO  State of current operation: PENDING
11:55:42 INFO  State of current operation: PENDING
11:55:44 INFO  State of current operation: PENDING
11:55:46 INFO  State of current operation: PENDING
11:55:48 INFO  State of current operation: PENDING
11:55:51 INFO  State of current operation: PENDING
11:55:53 INFO  State of current operation: PENDING
11:55:55 INFO  State of current operation: PENDING
11:55:57 INFO  State of current operation: PENDING
11:56:00 INFO  State of current operation: PENDING
11:56:02 INFO  State of current operation: PENDING
11:56:04 INFO  State of current operation: PENDING
11:56:06 INFO  State of current operation: PENDING
11:56:09 INFO  State of current operation: PENDING
11:56:11 INFO  State of current operation: PENDING
11:56:13 INFO  State of current operation: PENDING
11:56:15 INFO  State of current operation: PENDING
11:56:18 INFO  State of current operation: PENDING
11:56:20 INFO  State of current operation: PENDING
11:56:22 INFO  State of current operation: PENDING
11:56:24 INFO  State of current operation: PENDING
11:56:27 INFO  State of current operation: PENDING
11:56:29 INFO  State of current operation: PENDING
11:56:31 INFO  State of current operation: PENDING
11:56:33 INFO  State of current operation: PENDING
11:56:36 INFO  State of current operation: PENDING
11:56:38 INFO  State of current operation: PENDING
11:56:40 INFO  State of current operation: PENDING
11:56:42 INFO  State of current operation: PENDING
11:56:44 INFO  State of current operation: PENDING
11:56:47 INFO  State of current operation: PENDING
11:56:49 INFO  State of current operation: PENDING
11:56:51 INFO  State of current operation: PENDING
11:56:53 INFO  State of current operation: PENDING
11:56:56 INFO  State of current operation: PENDING
11:56:58 INFO  State of current operation: PENDING
11:57:00 INFO  State of current operation: PENDING
11:57:02 INFO  State of current operation: PENDING
11:57:05 INFO  State of current operation: PENDING
11:57:07 INFO  State of current operation: PENDING
11:57:09 INFO  State of current operation: PENDING
11:57:11 INFO  State of current operation: PENDING
11:57:14 INFO  State of current operation: PENDING
11:57:16 INFO  State of current operation: PENDING
11:57:18 INFO  State of current operation: PENDING
11:57:20 INFO  State of current operation: PENDING
11:57:23 INFO  State of current operation: PENDING
11:57:25 INFO  State of current operation: PENDING
11:57:27 INFO  State of current operation: PENDING
11:57:29 INFO  State of current operation: PENDING
11:57:31 INFO  State of current operation: PENDING
11:57:34 INFO  State of current operation: PENDING
11:57:36 INFO  State of current operation: PENDING
11:57:38 INFO  State of current operation: PENDING
11:57:40 INFO  State of current operation: PENDING
11:57:43 INFO  State of current operation: PENDING
11:57:45 INFO  State of current operation: PENDING
11:57:47 WARN  SystemError occurred while running test - Timeout while waiting for status FAILED or SUCCESSFUL
Traceback (most recent call last):
  File &quot;/home/pi/env-pysys/lib/python3.7/site-packages/pysys/baserunner.py&quot;, line 1292, in __call__
    self.testObj.setup()
  File &quot;/home/pi/actions-runner/_work/thin-edge.io/thin-edge.io/tests/PySys/software_management_end_to_end/sm_apt_install_remove_default/run.py&quot;, line 26, in setup
    super().setup()
  File &quot;/home/pi/actions-runner/_work/thin-edge.io/thin-edge.io/tests/PySys/software_management_end_to_end/environment_sm_management.py&quot;, line 151, in setup
    self.wait_until_end()
  File &quot;/home/pi/actions-runner/_work/thin-edge.io/thin-edge.io/tests/PySys/software_management_end_to_end/environment_sm_management.py&quot;, line 332, in wait_until_end
    self.wait_until_status(&quot;FAILED&quot;, &quot;SUCCESSFUL&quot;)
  File &quot;/home/pi/actions-runner/_work/thin-edge.io/thin-edge.io/tests/PySys/software_management_end_to_end/environment_sm_management.py&quot;, line 381, in wait_until_status
    &quot;Timeout while waiting for status %s or %s&quot; % (status, status2)
SystemError: Timeout while waiting for status FAILED or SUCCESSFUL
11:57:47 WARN  SystemError: Timeout while waiting for status FAILED or SUCCESSFUL ... blocked 
11:57:47 INFO  
11:57:47 INFO  cleanup:
11:57:51 INFO  Executed sudo&lt;tedge_disconnect_c8y&gt;, exit status 0
11:57:52 INFO  Executed systemctl&lt;serv_mapper5&gt;, exit status 3
11:57:52 INFO  
11:57:52 INFO  Test duration: 166.33 secs
11:57:52 INFO  Test final outcome:  BLOCKED
11:57:52 INFO  Test outcome reason: SystemError: Timeout while waiting for status FAILED or SUCCESSFUL
11:57:52 INFO  
</system-out>
	</testcase>
</testsuite>
