<?xml version="1.0" encoding="utf-8"?>
<testsuite failures="1" name="SoftwareManagement.sm_apt_install_download_path" skipped="0" tests="1" time="189.62" timestamp="2022-05-23T14:22:39">
	<testcase classname="AptInstallWithDownloadPath" name="SoftwareManagement.sm_apt_install_download_path">
		<failure message="BLOCKED: SystemError: Timeout while waiting for status FAILED or SUCCESSFUL" type="BLOCKED"/>
		<system-out>14:19:29 INFO  ==============================================================
14:19:29 INFO  Id:    SoftwareManagement.sm_apt_install_download_path
14:19:29 INFO  Dir:   software_management_end_to_end/
14:19:29 INFO  Title: Install package to directory specified in tedge config set tmp.path
14:19:29 INFO  ==============================================================
14:19:30 INFO  Using sw id database: {'asciijump': '5475369', 'robotfindskitten': '5474869', 'squirrel3': '5475279', 'rolldice': '5152439', 'moon-buggy': '5439204', 'apple': '5495053', 'banana': '5494888', 'cherry': '5495382', 'watermelon': '5494510', 'registry': '8018911', 'hello-world': '8021526', 'docker/getting-started': '8021973', 'alpine': '7991792'}
14:19:30 INFO  EnvironmentC8y Setup
14:19:31 INFO  Executed systemctl&lt;serv_mapper1&gt;, exit status 3
14:19:45 INFO  Executed sudo&lt;tedge_connect_c8y&gt;, exit status 0, duration 14 secs
14:19:46 INFO  Executed sudo&lt;tedge_connect_c8y_test&gt;, exit status 0
14:19:46 INFO  Executed systemctl&lt;serv_mosq2&gt;, exit status 0
14:19:47 INFO  Executed systemctl&lt;serv_mapper3&gt;, exit status 0
14:19:49 INFO  State of current operation: PENDING
14:19:51 INFO  State of current operation: PENDING
14:19:53 INFO  State of current operation: PENDING
14:19:56 INFO  State of current operation: PENDING
14:19:58 INFO  State of current operation: PENDING
14:20:00 INFO  State of current operation: PENDING
14:20:02 INFO  State of current operation: PENDING
14:20:04 INFO  State of current operation: PENDING
14:20:07 INFO  State of current operation: PENDING
14:20:09 INFO  State of current operation: PENDING
14:20:11 INFO  State of current operation: PENDING
14:20:13 INFO  State of current operation: PENDING
14:20:16 INFO  State of current operation: PENDING
14:20:18 INFO  State of current operation: PENDING
14:20:20 INFO  State of current operation: PENDING
14:20:22 INFO  State of current operation: PENDING
14:20:25 INFO  State of current operation: PENDING
14:20:27 INFO  State of current operation: PENDING
14:20:29 INFO  State of current operation: PENDING
14:20:31 INFO  State of current operation: PENDING
14:20:33 INFO  State of current operation: PENDING
14:20:36 INFO  State of current operation: PENDING
14:20:38 INFO  State of current operation: PENDING
14:20:40 INFO  State of current operation: PENDING
14:20:43 INFO  State of current operation: PENDING
14:20:45 INFO  State of current operation: PENDING
14:20:47 INFO  State of current operation: PENDING
14:20:49 INFO  State of current operation: PENDING
14:20:52 INFO  State of current operation: PENDING
14:20:54 INFO  State of current operation: PENDING
14:20:56 INFO  State of current operation: PENDING
14:20:58 INFO  State of current operation: PENDING
14:21:01 INFO  State of current operation: PENDING
14:21:03 INFO  State of current operation: PENDING
14:21:05 INFO  State of current operation: PENDING
14:21:07 INFO  State of current operation: PENDING
14:21:10 INFO  State of current operation: PENDING
14:21:12 INFO  State of current operation: PENDING
14:21:14 INFO  State of current operation: PENDING
14:21:16 INFO  State of current operation: PENDING
14:21:19 INFO  State of current operation: PENDING
14:21:21 INFO  State of current operation: PENDING
14:21:23 INFO  State of current operation: PENDING
14:21:25 INFO  State of current operation: PENDING
14:21:28 INFO  State of current operation: PENDING
14:21:30 INFO  State of current operation: PENDING
14:21:32 INFO  State of current operation: PENDING
14:21:34 INFO  State of current operation: PENDING
14:21:37 INFO  State of current operation: PENDING
14:21:39 INFO  State of current operation: PENDING
14:21:41 INFO  State of current operation: PENDING
14:21:43 INFO  State of current operation: PENDING
14:21:46 INFO  State of current operation: PENDING
14:21:48 INFO  State of current operation: PENDING
14:21:50 INFO  State of current operation: PENDING
14:21:52 INFO  State of current operation: PENDING
14:21:54 INFO  State of current operation: PENDING
14:21:57 INFO  State of current operation: PENDING
14:21:59 INFO  State of current operation: PENDING
14:22:01 INFO  State of current operation: PENDING
14:22:03 INFO  State of current operation: PENDING
14:22:05 WARN  SystemError occurred while running test - Timeout while waiting for status FAILED or SUCCESSFUL
Traceback (most recent call last):
  File &quot;/home/pi/env-pysys/lib/python3.7/site-packages/pysys/baserunner.py&quot;, line 1292, in __call__
    self.testObj.setup()
  File &quot;/home/pi/actions-runner/_work/thin-edge.io/thin-edge.io/tests/PySys/software_management_end_to_end/sm_apt_install_download_path/run.py&quot;, line 48, in setup
    super().setup()
  File &quot;/home/pi/actions-runner/_work/thin-edge.io/thin-edge.io/tests/PySys/software_management_end_to_end/environment_sm_management.py&quot;, line 151, in setup
    self.wait_until_end()
  File &quot;/home/pi/actions-runner/_work/thin-edge.io/thin-edge.io/tests/PySys/software_management_end_to_end/environment_sm_management.py&quot;, line 332, in wait_until_end
    self.wait_until_status(&quot;FAILED&quot;, &quot;SUCCESSFUL&quot;)
  File &quot;/home/pi/actions-runner/_work/thin-edge.io/thin-edge.io/tests/PySys/software_management_end_to_end/environment_sm_management.py&quot;, line 381, in wait_until_status
    &quot;Timeout while waiting for status %s or %s&quot; % (status, status2)
SystemError: Timeout while waiting for status FAILED or SUCCESSFUL
14:22:05 WARN  SystemError: Timeout while waiting for status FAILED or SUCCESSFUL ... blocked 
14:22:05 INFO  
14:22:05 INFO  cleanup:
14:22:06 INFO  Executed sudo, exit status 0
14:22:06 INFO  Executed sudo, exit status 0
14:22:11 INFO  Executed sudo&lt;tedge_disconnect_c8y&gt;, exit status 0
14:22:11 INFO  Restarting mosquitto too frequently in the last 10 seconds. It was only up for 3 seconds
14:22:11 INFO  Delaying execution by 8 seconds
14:22:34 INFO  Executed sudo&lt;tedge_connect_c8y&gt;, exit status 0, duration 14 secs
14:22:38 INFO  Executed sudo&lt;tedge_disconnect_c8y&gt;, exit status 0
14:22:39 INFO  Executed systemctl&lt;serv_mapper5&gt;, exit status 3
14:22:39 INFO  
14:22:39 INFO  Test duration: 189.62 secs
14:22:39 INFO  Test final outcome:  BLOCKED
14:22:39 INFO  Test outcome reason: SystemError: Timeout while waiting for status FAILED or SUCCESSFUL
14:22:39 INFO  
</system-out>
	</testcase>
</testsuite>
