<?xml version="1.0" encoding="utf-8"?>
<testsuite failures="1" name="SoftwareManagement.sm_mixed_install_remove_multiple" skipped="0" tests="1" time="168.51" timestamp="2022-07-26T17:38:57">
	<testcase classname="PySysTest" name="SoftwareManagement.sm_mixed_install_remove_multiple">
		<failure message="FAILED: Assert that (False == value) with value=True" type="FAILED"/>
		<system-out>17:36:09 INFO  ==============================================================
17:36:09 INFO  Id:    SoftwareManagement.sm_mixed_install_remove_multiple
17:36:09 INFO  Dir:   software_management_end_to_end/
17:36:09 INFO  Title: Validate end to end behaviour for the dummy-plugin for multiple packages with mixed versions
17:36:09 INFO  ==============================================================
17:36:09 INFO  Using sw id database: {'asciijump': '5475369', 'robotfindskitten': '5474869', 'squirrel3': '5475279', 'rolldice': '5152439', 'moon-buggy': '5439204', 'apple': '5495053', 'banana': '5494888', 'cherry': '5495382', 'watermelon': '5494510', 'registry': '8018911', 'hello-world': '8021526', 'docker/getting-started': '8021973', 'alpine': '7991792'}
17:36:09 INFO  EnvironmentC8y Setup
17:36:09 INFO  Executed systemctl&lt;serv_mapper1&gt;, exit status 3
17:36:09 INFO  Restarting mosquitto too frequently in the last 10 seconds. It was only up for 5 seconds
17:36:09 INFO  Delaying execution by 6 seconds
17:36:30 INFO  Executed sudo&lt;tedge_connect_c8y&gt;, exit status 0, duration 15 secs
17:36:31 INFO  Executed sudo&lt;tedge_connect_c8y_test&gt;, exit status 0
17:36:31 INFO  Executed systemctl&lt;serv_mosq2&gt;, exit status 0
17:36:32 INFO  Executed systemctl&lt;serv_mapper3&gt;, exit status 0
17:36:34 INFO  State of current operation: SUCCESSFUL
17:36:34 INFO  Package apple is installed
17:36:34 INFO  Assert that (True == value) with value=True ... passed
17:36:35 INFO  Package banana is installed
17:36:35 INFO  Assert that (True == value) with value=True ... passed
17:36:35 INFO  Package cherry is installed
17:36:35 INFO  Assert that (True == value) with value=True ... passed
17:36:35 INFO  Package asciijump is installed
17:36:35 WARN  Assert that (False == value) with value=True ... failed 
17:36:35 INFO  Assert that (False == value) with value=False ... passed
17:36:36 INFO  Response status: 201
17:36:36 INFO  Response to action: {
    &quot;creationTime&quot;: &quot;2022-07-26T17:36:35.992Z&quot;,
    &quot;deviceId&quot;: &quot;21433081&quot;,
    &quot;deviceName&quot;: &quot;m32sd10b&quot;,
    &quot;self&quot;: &quot;https://t493319102.eu-latest.cumulocity.com/devicecontrol/operations/21453448&quot;,
    &quot;id&quot;: &quot;21453448&quot;,
    &quot;status&quot;: &quot;PENDING&quot;,
    &quot;description&quot;: &quot;Apply software changes, triggered from PySys: [{'action': 'install', 'id': '5495053', 'name': 'apple', 'url': ' ', 'version': '::fruits'}, {'action': 'install', 'id': '5494888', 'name': 'banana', 'url': ' ', 'version': '::fruits'}, {'action': 'install', 'id': '5475369', 'name': 'asciijump', 'url': ' ', 'version': '::apt'}, {'action': 'install', 'id': '5495382', 'name': 'cherry', 'url': ' ', 'version': '::fruits'}, {'action': 'install', 'id': '8018911', 'name': 'registry', 'url': ' ', 'version': '::docker'}]&quot;,
    &quot;c8y_SoftwareUpdate&quot;: [
        {
            &quot;name&quot;: &quot;apple&quot;,
            &quot;action&quot;: &quot;install&quot;,
            &quot;id&quot;: &quot;5495053&quot;,
            &quot;version&quot;: &quot;::fruits&quot;,
            &quot;url&quot;: &quot; &quot;
        },
        {
            &quot;name&quot;: &quot;banana&quot;,
            &quot;action&quot;: &quot;install&quot;,
            &quot;id&quot;: &quot;5494888&quot;,
            &quot;version&quot;: &quot;::fruits&quot;,
            &quot;url&quot;: &quot; &quot;
        },
        {
            &quot;name&quot;: &quot;asciijump&quot;,
            &quot;action&quot;: &quot;install&quot;,
            &quot;id&quot;: &quot;5475369&quot;,
            &quot;version&quot;: &quot;::apt&quot;,
            &quot;url&quot;: &quot; &quot;
        },
        {
            &quot;name&quot;: &quot;cherry&quot;,
            &quot;action&quot;: &quot;install&quot;,
            &quot;id&quot;: &quot;5495382&quot;,
            &quot;version&quot;: &quot;::fruits&quot;,
            &quot;url&quot;: &quot; &quot;
        },
        {
            &quot;name&quot;: &quot;registry&quot;,
            &quot;action&quot;: &quot;install&quot;,
            &quot;id&quot;: &quot;8018911&quot;,
            &quot;version&quot;: &quot;::docker&quot;,
            &quot;url&quot;: &quot; &quot;
        }
    ]
}
17:36:36 INFO  Started operation: {'creationTime': '2022-07-26T17:36:35.992Z', 'deviceId': '21433081', 'deviceName': 'm32sd10b', 'self': 'https://t493319102.eu-latest.cumulocity.com/devicecontrol/operations/21453448', 'id': '21453448', 'status': 'PENDING', 'description': &quot;Apply software changes, triggered from PySys: [{'action': 'install', 'id': '5495053', 'name': 'apple', 'url': ' ', 'version': '::fruits'}, {'action': 'install', 'id': '5494888', 'name': 'banana', 'url': ' ', 'version': '::fruits'}, {'action': 'install', 'id': '5475369', 'name': 'asciijump', 'url': ' ', 'version': '::apt'}, {'action': 'install', 'id': '5495382', 'name': 'cherry', 'url': ' ', 'version': '::fruits'}, {'action': 'install', 'id': '8018911', 'name': 'registry', 'url': ' ', 'version': '::docker'}]&quot;, 'c8y_SoftwareUpdate': [{'name': 'apple', 'action': 'install', 'id': '5495053', 'version': '::fruits', 'url': ' '}, {'name': 'banana', 'action': 'install', 'id': '5494888', 'version': '::fruits', 'url': ' '}, {'name': 'asciijump', 'action': 'install', 'id': '5475369', 'version': '::apt', 'url': ' '}, {'name': 'cherry', 'action': 'install', 'id': '5495382', 'version': '::fruits', 'url': ' '}, {'name': 'registry', 'action': 'install', 'id': '8018911', 'version': '::docker', 'url': ' '}]}
17:36:38 INFO  State of operation 21453448 : PENDING
17:36:40 INFO  State of operation 21453448 : EXECUTING
17:36:42 INFO  State of operation 21453448 : EXECUTING
17:36:44 INFO  State of operation 21453448 : EXECUTING
17:36:47 INFO  State of operation 21453448 : EXECUTING
17:36:49 INFO  State of operation 21453448 : EXECUTING
17:36:51 INFO  State of operation 21453448 : EXECUTING
17:36:53 INFO  State of operation 21453448 : EXECUTING
17:36:56 INFO  State of operation 21453448 : EXECUTING
17:36:59 INFO  State of operation 21453448 : EXECUTING
17:37:01 INFO  State of operation 21453448 : EXECUTING
17:37:03 INFO  State of operation 21453448 : EXECUTING
17:37:05 INFO  State of operation 21453448 : EXECUTING
17:37:07 INFO  State of operation 21453448 : EXECUTING
17:37:10 INFO  State of operation 21453448 : EXECUTING
17:37:12 INFO  State of operation 21453448 : EXECUTING
17:37:14 INFO  State of operation 21453448 : EXECUTING
17:37:16 INFO  State of operation 21453448 : EXECUTING
17:37:19 INFO  State of operation 21453448 : EXECUTING
17:37:21 INFO  State of operation 21453448 : EXECUTING
17:37:23 INFO  State of operation 21453448 : EXECUTING
17:37:26 INFO  State of operation 21453448 : EXECUTING
17:37:28 INFO  State of operation 21453448 : EXECUTING
17:37:30 INFO  State of operation 21453448 : EXECUTING
17:37:33 INFO  State of operation 21453448 : EXECUTING
17:37:35 INFO  State of operation 21453448 : EXECUTING
17:37:37 INFO  State of operation 21453448 : SUCCESSFUL
17:37:37 INFO  Package apple is installed
17:37:37 INFO  Assert that (True == value) with value=True ... passed
17:37:38 INFO  Package banana is installed
17:37:38 INFO  Assert that (True == value) with value=True ... passed
17:37:38 INFO  Package cherry is installed
17:37:38 INFO  Assert that (True == value) with value=True ... passed
17:37:38 INFO  Package asciijump is installed
17:37:38 INFO  Assert that (True == value) with value=True ... passed
17:37:38 INFO  Package registry is installed
17:37:38 INFO  Assert that (True == value) with value=True ... passed
17:37:39 INFO  Response status: 201
17:37:39 INFO  Response to action: {
    &quot;creationTime&quot;: &quot;2022-07-26T17:37:39.118Z&quot;,
    &quot;deviceId&quot;: &quot;21433081&quot;,
    &quot;deviceName&quot;: &quot;m32sd10b&quot;,
    &quot;self&quot;: &quot;https://t493319102.eu-latest.cumulocity.com/devicecontrol/operations/21453459&quot;,
    &quot;id&quot;: &quot;21453459&quot;,
    &quot;status&quot;: &quot;PENDING&quot;,
    &quot;description&quot;: &quot;Apply software changes, triggered from PySys: [{'action': 'delete', 'id': '5495053', 'name': 'apple', 'url': ' ', 'version': '::fruits'}, {'action': 'delete', 'id': '5494888', 'name': 'banana', 'url': ' ', 'version': '::fruits'}, {'action': 'delete', 'id': '5475369', 'name': 'asciijump', 'url': ' ', 'version': '::apt'}, {'action': 'delete', 'id': '5495382', 'name': 'cherry', 'url': ' ', 'version': '::fruits'}, {'action': 'delete', 'id': '8018911', 'name': 'registry', 'url': ' ', 'version': '::docker'}]&quot;,
    &quot;c8y_SoftwareUpdate&quot;: [
        {
            &quot;name&quot;: &quot;apple&quot;,
            &quot;action&quot;: &quot;delete&quot;,
            &quot;id&quot;: &quot;5495053&quot;,
            &quot;version&quot;: &quot;::fruits&quot;,
            &quot;url&quot;: &quot; &quot;
        },
        {
            &quot;name&quot;: &quot;banana&quot;,
            &quot;action&quot;: &quot;delete&quot;,
            &quot;id&quot;: &quot;5494888&quot;,
            &quot;version&quot;: &quot;::fruits&quot;,
            &quot;url&quot;: &quot; &quot;
        },
        {
            &quot;name&quot;: &quot;asciijump&quot;,
            &quot;action&quot;: &quot;delete&quot;,
            &quot;id&quot;: &quot;5475369&quot;,
            &quot;version&quot;: &quot;::apt&quot;,
            &quot;url&quot;: &quot; &quot;
        },
        {
            &quot;name&quot;: &quot;cherry&quot;,
            &quot;action&quot;: &quot;delete&quot;,
            &quot;id&quot;: &quot;5495382&quot;,
            &quot;version&quot;: &quot;::fruits&quot;,
            &quot;url&quot;: &quot; &quot;
        },
        {
            &quot;name&quot;: &quot;registry&quot;,
            &quot;action&quot;: &quot;delete&quot;,
            &quot;id&quot;: &quot;8018911&quot;,
            &quot;version&quot;: &quot;::docker&quot;,
            &quot;url&quot;: &quot; &quot;
        }
    ]
}
17:37:39 INFO  Started operation: {'creationTime': '2022-07-26T17:37:39.118Z', 'deviceId': '21433081', 'deviceName': 'm32sd10b', 'self': 'https://t493319102.eu-latest.cumulocity.com/devicecontrol/operations/21453459', 'id': '21453459', 'status': 'PENDING', 'description': &quot;Apply software changes, triggered from PySys: [{'action': 'delete', 'id': '5495053', 'name': 'apple', 'url': ' ', 'version': '::fruits'}, {'action': 'delete', 'id': '5494888', 'name': 'banana', 'url': ' ', 'version': '::fruits'}, {'action': 'delete', 'id': '5475369', 'name': 'asciijump', 'url': ' ', 'version': '::apt'}, {'action': 'delete', 'id': '5495382', 'name': 'cherry', 'url': ' ', 'version': '::fruits'}, {'action': 'delete', 'id': '8018911', 'name': 'registry', 'url': ' ', 'version': '::docker'}]&quot;, 'c8y_SoftwareUpdate': [{'name': 'apple', 'action': 'delete', 'id': '5495053', 'version': '::fruits', 'url': ' '}, {'name': 'banana', 'action': 'delete', 'id': '5494888', 'version': '::fruits', 'url': ' '}, {'name': 'asciijump', 'action': 'delete', 'id': '5475369', 'version': '::apt', 'url': ' '}, {'name': 'cherry', 'action': 'delete', 'id': '5495382', 'version': '::fruits', 'url': ' '}, {'name': 'registry', 'action': 'delete', 'id': '8018911', 'version': '::docker', 'url': ' '}]}
17:37:41 INFO  State of operation 21453459 : PENDING
17:37:43 INFO  State of operation 21453459 : EXECUTING
17:37:46 INFO  State of operation 21453459 : EXECUTING
17:37:48 INFO  State of operation 21453459 : EXECUTING
17:37:50 INFO  State of operation 21453459 : EXECUTING
17:37:52 INFO  State of operation 21453459 : EXECUTING
17:37:55 INFO  State of operation 21453459 : EXECUTING
17:37:57 INFO  State of operation 21453459 : EXECUTING
17:38:00 INFO  State of operation 21453459 : EXECUTING
17:38:03 INFO  State of operation 21453459 : EXECUTING
17:38:05 INFO  State of operation 21453459 : EXECUTING
17:38:07 INFO  State of operation 21453459 : EXECUTING
17:38:09 INFO  State of operation 21453459 : EXECUTING
17:38:12 INFO  State of operation 21453459 : EXECUTING
17:38:14 INFO  State of operation 21453459 : EXECUTING
17:38:16 INFO  State of operation 21453459 : EXECUTING
17:38:19 INFO  State of operation 21453459 : EXECUTING
17:38:21 INFO  State of operation 21453459 : EXECUTING
17:38:24 INFO  State of operation 21453459 : EXECUTING
17:38:26 INFO  State of operation 21453459 : EXECUTING
17:38:28 INFO  State of operation 21453459 : EXECUTING
17:38:31 INFO  State of operation 21453459 : EXECUTING
17:38:33 INFO  State of operation 21453459 : EXECUTING
17:38:36 INFO  State of operation 21453459 : EXECUTING
17:38:38 INFO  State of operation 21453459 : EXECUTING
17:38:40 INFO  State of operation 21453459 : EXECUTING
17:38:42 INFO  State of operation 21453459 : EXECUTING
17:38:44 INFO  State of operation 21453459 : EXECUTING
17:38:47 INFO  State of operation 21453459 : EXECUTING
17:38:49 INFO  State of operation 21453459 : EXECUTING
17:38:51 INFO  State of operation 21453459 : SUCCESSFUL
17:38:52 INFO  Package apple is installed
17:38:52 INFO  Assert that (True == value) with value=True ... passed
17:38:52 INFO  Package banana is installed
17:38:52 INFO  Assert that (True == value) with value=True ... passed
17:38:52 INFO  Package cherry is installed
17:38:52 INFO  Assert that (True == value) with value=True ... passed
17:38:52 INFO  Assert that (False == value) with value=False ... passed
17:38:52 INFO  Assert that (False == value) with value=False ... passed
17:38:52 INFO  
17:38:52 INFO  cleanup:
17:38:57 INFO  Executed sudo&lt;tedge_disconnect_c8y&gt;, exit status 0
17:38:57 INFO  Executed systemctl&lt;serv_mapper5&gt;, exit status 3
17:38:57 INFO  
17:38:57 INFO  Test duration: 168.51 secs
17:38:57 INFO  Test final outcome:  FAILED
17:38:57 INFO  Test outcome reason: Assert that (False == value) with value=True
17:38:57 INFO  
</system-out>
	</testcase>
</testsuite>
