<?xml version="1.0" encoding="utf-8"?>
<testsuite failures="1" name="SoftwareManagement.sm_mixed_install_remove_multiple" skipped="0" tests="1" time="166.56" timestamp="2022-05-20T10:58:08">
	<testcase classname="PySysTest" name="SoftwareManagement.sm_mixed_install_remove_multiple">
		<failure message="FAILED: Assert that (False == value) with value=True" type="FAILED"/>
		<system-out>10:55:21 INFO  ==============================================================
10:55:21 INFO  Id:    SoftwareManagement.sm_mixed_install_remove_multiple
10:55:21 INFO  Dir:   software_management_end_to_end/
10:55:21 INFO  Title: Validate end to end behaviour for the dummy-plugin for multiple packages with mixed versions
10:55:21 INFO  ==============================================================
10:55:21 INFO  Using sw id database: {'asciijump': '5475369', 'robotfindskitten': '5474869', 'squirrel3': '5475279', 'rolldice': '5152439', 'moon-buggy': '5439204', 'apple': '5495053', 'banana': '5494888', 'cherry': '5495382', 'watermelon': '5494510', 'registry': '8018911', 'hello-world': '8021526', 'docker/getting-started': '8021973', 'alpine': '7991792'}
10:55:21 INFO  EnvironmentC8y Setup
10:55:22 INFO  Executed systemctl&lt;serv_mapper1&gt;, exit status 3
10:55:22 INFO  Restarting mosquitto too frequently in the last 10 seconds. It was only up for 4 seconds
10:55:22 INFO  Delaying execution by 7 seconds
10:55:43 INFO  Executed sudo&lt;tedge_connect_c8y&gt;, exit status 0, duration 14 secs
10:55:44 INFO  Executed sudo&lt;tedge_connect_c8y_test&gt;, exit status 0
10:55:44 INFO  Executed systemctl&lt;serv_mosq2&gt;, exit status 0
10:55:45 INFO  Executed systemctl&lt;serv_mapper3&gt;, exit status 0
10:55:47 INFO  State of current operation: SUCCESSFUL
10:55:47 INFO  Package apple is installed
10:55:47 INFO  Assert that (True == value) with value=True ... passed
10:55:48 INFO  Package banana is installed
10:55:48 INFO  Assert that (True == value) with value=True ... passed
10:55:48 INFO  Package cherry is installed
10:55:48 INFO  Assert that (True == value) with value=True ... passed
10:55:48 INFO  Package asciijump is installed
10:55:48 WARN  Assert that (False == value) with value=True ... failed 
10:55:48 INFO  Assert that (False == value) with value=False ... passed
10:55:49 INFO  Response status: 201
10:55:49 INFO  Response to action: {
    &quot;creationTime&quot;: &quot;2022-05-20T10:55:48.940Z&quot;,
    &quot;deviceId&quot;: &quot;19297807&quot;,
    &quot;deviceName&quot;: &quot;m32sd10b&quot;,
    &quot;self&quot;: &quot;https://t493319102.eu-latest.cumulocity.com/devicecontrol/operations/19394820&quot;,
    &quot;id&quot;: &quot;19394820&quot;,
    &quot;status&quot;: &quot;PENDING&quot;,
    &quot;description&quot;: &quot;Apply software changes, triggered from PySys: [{'action': 'install', 'id': '5495053', 'name': 'apple', 'url': ' ', 'version': '::fruits'}, {'action': 'install', 'id': '5494888', 'name': 'banana', 'url': ' ', 'version': '::fruits'}, {'action': 'install', 'id': '5475369', 'name': 'asciijump', 'url': ' ', 'version': '::apt'}, {'action': 'install', 'id': '5495382', 'name': 'cherry', 'url': ' ', 'version': '::fruits'}, {'action': 'install', 'id': '8018911', 'name': 'registry', 'url': ' ', 'version': '::docker'}]&quot;,
    &quot;c8y_SoftwareUpdate&quot;: [
        {
            &quot;name&quot;: &quot;apple&quot;,
            &quot;action&quot;: &quot;install&quot;,
            &quot;id&quot;: &quot;5495053&quot;,
            &quot;version&quot;: &quot;::fruits&quot;,
            &quot;url&quot;: &quot; &quot;
        },
        {
            &quot;name&quot;: &quot;banana&quot;,
            &quot;action&quot;: &quot;install&quot;,
            &quot;id&quot;: &quot;5494888&quot;,
            &quot;version&quot;: &quot;::fruits&quot;,
            &quot;url&quot;: &quot; &quot;
        },
        {
            &quot;name&quot;: &quot;asciijump&quot;,
            &quot;action&quot;: &quot;install&quot;,
            &quot;id&quot;: &quot;5475369&quot;,
            &quot;version&quot;: &quot;::apt&quot;,
            &quot;url&quot;: &quot; &quot;
        },
        {
            &quot;name&quot;: &quot;cherry&quot;,
            &quot;action&quot;: &quot;install&quot;,
            &quot;id&quot;: &quot;5495382&quot;,
            &quot;version&quot;: &quot;::fruits&quot;,
            &quot;url&quot;: &quot; &quot;
        },
        {
            &quot;name&quot;: &quot;registry&quot;,
            &quot;action&quot;: &quot;install&quot;,
            &quot;id&quot;: &quot;8018911&quot;,
            &quot;version&quot;: &quot;::docker&quot;,
            &quot;url&quot;: &quot; &quot;
        }
    ]
}
10:55:49 INFO  Started operation: {'creationTime': '2022-05-20T10:55:48.940Z', 'deviceId': '19297807', 'deviceName': 'm32sd10b', 'self': 'https://t493319102.eu-latest.cumulocity.com/devicecontrol/operations/19394820', 'id': '19394820', 'status': 'PENDING', 'description': &quot;Apply software changes, triggered from PySys: [{'action': 'install', 'id': '5495053', 'name': 'apple', 'url': ' ', 'version': '::fruits'}, {'action': 'install', 'id': '5494888', 'name': 'banana', 'url': ' ', 'version': '::fruits'}, {'action': 'install', 'id': '5475369', 'name': 'asciijump', 'url': ' ', 'version': '::apt'}, {'action': 'install', 'id': '5495382', 'name': 'cherry', 'url': ' ', 'version': '::fruits'}, {'action': 'install', 'id': '8018911', 'name': 'registry', 'url': ' ', 'version': '::docker'}]&quot;, 'c8y_SoftwareUpdate': [{'name': 'apple', 'action': 'install', 'id': '5495053', 'version': '::fruits', 'url': ' '}, {'name': 'banana', 'action': 'install', 'id': '5494888', 'version': '::fruits', 'url': ' '}, {'name': 'asciijump', 'action': 'install', 'id': '5475369', 'version': '::apt', 'url': ' '}, {'name': 'cherry', 'action': 'install', 'id': '5495382', 'version': '::fruits', 'url': ' '}, {'name': 'registry', 'action': 'install', 'id': '8018911', 'version': '::docker', 'url': ' '}]}
10:55:51 INFO  State of operation 19394820 : PENDING
10:55:53 INFO  State of operation 19394820 : EXECUTING
10:55:55 INFO  State of operation 19394820 : EXECUTING
10:55:58 INFO  State of operation 19394820 : EXECUTING
10:56:00 INFO  State of operation 19394820 : EXECUTING
10:56:02 INFO  State of operation 19394820 : EXECUTING
10:56:05 INFO  State of operation 19394820 : EXECUTING
10:56:08 INFO  State of operation 19394820 : EXECUTING
10:56:10 INFO  State of operation 19394820 : EXECUTING
10:56:12 INFO  State of operation 19394820 : EXECUTING
10:56:15 INFO  State of operation 19394820 : EXECUTING
10:56:17 INFO  State of operation 19394820 : EXECUTING
10:56:19 INFO  State of operation 19394820 : EXECUTING
10:56:21 INFO  State of operation 19394820 : EXECUTING
10:56:24 INFO  State of operation 19394820 : EXECUTING
10:56:26 INFO  State of operation 19394820 : EXECUTING
10:56:28 INFO  State of operation 19394820 : EXECUTING
10:56:31 INFO  State of operation 19394820 : EXECUTING
10:56:33 INFO  State of operation 19394820 : EXECUTING
10:56:35 INFO  State of operation 19394820 : EXECUTING
10:56:37 INFO  State of operation 19394820 : EXECUTING
10:56:40 INFO  State of operation 19394820 : EXECUTING
10:56:42 INFO  State of operation 19394820 : EXECUTING
10:56:44 INFO  State of operation 19394820 : EXECUTING
10:56:46 INFO  State of operation 19394820 : EXECUTING
10:56:49 INFO  State of operation 19394820 : SUCCESSFUL
10:56:49 INFO  Package apple is installed
10:56:49 INFO  Assert that (True == value) with value=True ... passed
10:56:49 INFO  Package banana is installed
10:56:49 INFO  Assert that (True == value) with value=True ... passed
10:56:49 INFO  Package cherry is installed
10:56:49 INFO  Assert that (True == value) with value=True ... passed
10:56:50 INFO  Package asciijump is installed
10:56:50 INFO  Assert that (True == value) with value=True ... passed
10:56:50 INFO  Package registry is installed
10:56:50 INFO  Assert that (True == value) with value=True ... passed
10:56:50 INFO  Response status: 201
10:56:50 INFO  Response to action: {
    &quot;creationTime&quot;: &quot;2022-05-20T10:56:50.571Z&quot;,
    &quot;deviceId&quot;: &quot;19297807&quot;,
    &quot;deviceName&quot;: &quot;m32sd10b&quot;,
    &quot;self&quot;: &quot;https://t493319102.eu-latest.cumulocity.com/devicecontrol/operations/19394837&quot;,
    &quot;id&quot;: &quot;19394837&quot;,
    &quot;status&quot;: &quot;PENDING&quot;,
    &quot;description&quot;: &quot;Apply software changes, triggered from PySys: [{'action': 'delete', 'id': '5495053', 'name': 'apple', 'url': ' ', 'version': '::fruits'}, {'action': 'delete', 'id': '5494888', 'name': 'banana', 'url': ' ', 'version': '::fruits'}, {'action': 'delete', 'id': '5475369', 'name': 'asciijump', 'url': ' ', 'version': '::apt'}, {'action': 'delete', 'id': '5495382', 'name': 'cherry', 'url': ' ', 'version': '::fruits'}, {'action': 'delete', 'id': '8018911', 'name': 'registry', 'url': ' ', 'version': '::docker'}]&quot;,
    &quot;c8y_SoftwareUpdate&quot;: [
        {
            &quot;name&quot;: &quot;apple&quot;,
            &quot;action&quot;: &quot;delete&quot;,
            &quot;id&quot;: &quot;5495053&quot;,
            &quot;version&quot;: &quot;::fruits&quot;,
            &quot;url&quot;: &quot; &quot;
        },
        {
            &quot;name&quot;: &quot;banana&quot;,
            &quot;action&quot;: &quot;delete&quot;,
            &quot;id&quot;: &quot;5494888&quot;,
            &quot;version&quot;: &quot;::fruits&quot;,
            &quot;url&quot;: &quot; &quot;
        },
        {
            &quot;name&quot;: &quot;asciijump&quot;,
            &quot;action&quot;: &quot;delete&quot;,
            &quot;id&quot;: &quot;5475369&quot;,
            &quot;version&quot;: &quot;::apt&quot;,
            &quot;url&quot;: &quot; &quot;
        },
        {
            &quot;name&quot;: &quot;cherry&quot;,
            &quot;action&quot;: &quot;delete&quot;,
            &quot;id&quot;: &quot;5495382&quot;,
            &quot;version&quot;: &quot;::fruits&quot;,
            &quot;url&quot;: &quot; &quot;
        },
        {
            &quot;name&quot;: &quot;registry&quot;,
            &quot;action&quot;: &quot;delete&quot;,
            &quot;id&quot;: &quot;8018911&quot;,
            &quot;version&quot;: &quot;::docker&quot;,
            &quot;url&quot;: &quot; &quot;
        }
    ]
}
10:56:50 INFO  Started operation: {'creationTime': '2022-05-20T10:56:50.571Z', 'deviceId': '19297807', 'deviceName': 'm32sd10b', 'self': 'https://t493319102.eu-latest.cumulocity.com/devicecontrol/operations/19394837', 'id': '19394837', 'status': 'PENDING', 'description': &quot;Apply software changes, triggered from PySys: [{'action': 'delete', 'id': '5495053', 'name': 'apple', 'url': ' ', 'version': '::fruits'}, {'action': 'delete', 'id': '5494888', 'name': 'banana', 'url': ' ', 'version': '::fruits'}, {'action': 'delete', 'id': '5475369', 'name': 'asciijump', 'url': ' ', 'version': '::apt'}, {'action': 'delete', 'id': '5495382', 'name': 'cherry', 'url': ' ', 'version': '::fruits'}, {'action': 'delete', 'id': '8018911', 'name': 'registry', 'url': ' ', 'version': '::docker'}]&quot;, 'c8y_SoftwareUpdate': [{'name': 'apple', 'action': 'delete', 'id': '5495053', 'version': '::fruits', 'url': ' '}, {'name': 'banana', 'action': 'delete', 'id': '5494888', 'version': '::fruits', 'url': ' '}, {'name': 'asciijump', 'action': 'delete', 'id': '5475369', 'version': '::apt', 'url': ' '}, {'name': 'cherry', 'action': 'delete', 'id': '5495382', 'version': '::fruits', 'url': ' '}, {'name': 'registry', 'action': 'delete', 'id': '8018911', 'version': '::docker', 'url': ' '}]}
10:56:52 INFO  State of operation 19394837 : PENDING
10:56:55 INFO  State of operation 19394837 : EXECUTING
10:56:57 INFO  State of operation 19394837 : EXECUTING
10:56:59 INFO  State of operation 19394837 : EXECUTING
10:57:01 INFO  State of operation 19394837 : EXECUTING
10:57:04 INFO  State of operation 19394837 : EXECUTING
10:57:06 INFO  State of operation 19394837 : EXECUTING
10:57:09 INFO  State of operation 19394837 : EXECUTING
10:57:12 INFO  State of operation 19394837 : EXECUTING
10:57:14 INFO  State of operation 19394837 : EXECUTING
10:57:16 INFO  State of operation 19394837 : EXECUTING
10:57:19 INFO  State of operation 19394837 : EXECUTING
10:57:21 INFO  State of operation 19394837 : EXECUTING
10:57:23 INFO  State of operation 19394837 : EXECUTING
10:57:25 INFO  State of operation 19394837 : EXECUTING
10:57:28 INFO  State of operation 19394837 : EXECUTING
10:57:32 INFO  State of operation 19394837 : EXECUTING
10:57:34 INFO  State of operation 19394837 : EXECUTING
10:57:37 INFO  State of operation 19394837 : EXECUTING
10:57:39 INFO  State of operation 19394837 : EXECUTING
10:57:41 INFO  State of operation 19394837 : EXECUTING
10:57:43 INFO  State of operation 19394837 : EXECUTING
10:57:46 INFO  State of operation 19394837 : EXECUTING
10:57:48 INFO  State of operation 19394837 : EXECUTING
10:57:50 INFO  State of operation 19394837 : EXECUTING
10:57:53 INFO  State of operation 19394837 : EXECUTING
10:57:55 INFO  State of operation 19394837 : EXECUTING
10:57:57 INFO  State of operation 19394837 : EXECUTING
10:58:00 INFO  State of operation 19394837 : EXECUTING
10:58:02 INFO  State of operation 19394837 : SUCCESSFUL
10:58:02 INFO  Package apple is installed
10:58:02 INFO  Assert that (True == value) with value=True ... passed
10:58:02 INFO  Package banana is installed
10:58:02 INFO  Assert that (True == value) with value=True ... passed
10:58:03 INFO  Package cherry is installed
10:58:03 INFO  Assert that (True == value) with value=True ... passed
10:58:03 INFO  Assert that (False == value) with value=False ... passed
10:58:03 INFO  Assert that (False == value) with value=False ... passed
10:58:03 INFO  
10:58:03 INFO  cleanup:
10:58:07 INFO  Executed sudo&lt;tedge_disconnect_c8y&gt;, exit status 0
10:58:08 INFO  Executed systemctl&lt;serv_mapper5&gt;, exit status 3
10:58:08 INFO  
10:58:08 INFO  Test duration: 166.56 secs
10:58:08 INFO  Test final outcome:  FAILED
10:58:08 INFO  Test outcome reason: Assert that (False == value) with value=True
10:58:08 INFO  
</system-out>
	</testcase>
</testsuite>
