<?xml version="1.0" encoding="utf-8"?>
<testsuite failures="1" name="SoftwareManagement.sm_mixed_install_remove_multiple" skipped="0" tests="1" time="166.62" timestamp="2022-05-24T12:17:16">
	<testcase classname="PySysTest" name="SoftwareManagement.sm_mixed_install_remove_multiple">
		<failure message="BLOCKED: SystemError: Timeout while waiting for status FAILED or SUCCESSFUL" type="BLOCKED"/>
		<system-out>12:14:30 INFO  ==============================================================
12:14:30 INFO  Id:    SoftwareManagement.sm_mixed_install_remove_multiple
12:14:30 INFO  Dir:   software_management_end_to_end/
12:14:30 INFO  Title: Validate end to end behaviour for the dummy-plugin for multiple packages with mixed versions
12:14:30 INFO  ==============================================================
12:14:30 INFO  Using sw id database: {'asciijump': '5475369', 'robotfindskitten': '5474869', 'squirrel3': '5475279', 'rolldice': '5152439', 'moon-buggy': '5439204', 'apple': '5495053', 'banana': '5494888', 'cherry': '5495382', 'watermelon': '5494510', 'registry': '8018911', 'hello-world': '8021526', 'docker/getting-started': '8021973', 'alpine': '7991792'}
12:14:30 INFO  EnvironmentC8y Setup
12:14:30 INFO  Executed systemctl&lt;serv_mapper1&gt;, exit status 3
12:14:30 INFO  Restarting mosquitto too frequently in the last 10 seconds. It was only up for 5 seconds
12:14:30 INFO  Delaying execution by 6 seconds
12:14:50 INFO  Executed sudo&lt;tedge_connect_c8y&gt;, exit status 0, duration 14 secs
12:14:51 INFO  Executed sudo&lt;tedge_connect_c8y_test&gt;, exit status 0
12:14:52 INFO  Executed systemctl&lt;serv_mosq2&gt;, exit status 0
12:14:52 INFO  Executed systemctl&lt;serv_mapper3&gt;, exit status 0
12:14:54 INFO  State of current operation: PENDING
12:14:57 INFO  State of current operation: PENDING
12:14:59 INFO  State of current operation: PENDING
12:15:01 INFO  State of current operation: PENDING
12:15:04 INFO  State of current operation: PENDING
12:15:06 INFO  State of current operation: PENDING
12:15:08 INFO  State of current operation: PENDING
12:15:10 INFO  State of current operation: PENDING
12:15:13 INFO  State of current operation: PENDING
12:15:15 INFO  State of current operation: PENDING
12:15:17 INFO  State of current operation: PENDING
12:15:19 INFO  State of current operation: PENDING
12:15:21 INFO  State of current operation: PENDING
12:15:24 INFO  State of current operation: PENDING
12:15:26 INFO  State of current operation: PENDING
12:15:28 INFO  State of current operation: PENDING
12:15:30 INFO  State of current operation: PENDING
12:15:33 INFO  State of current operation: PENDING
12:15:35 INFO  State of current operation: PENDING
12:15:37 INFO  State of current operation: PENDING
12:15:39 INFO  State of current operation: PENDING
12:15:42 INFO  State of current operation: PENDING
12:15:44 INFO  State of current operation: PENDING
12:15:46 INFO  State of current operation: PENDING
12:15:48 INFO  State of current operation: PENDING
12:15:51 INFO  State of current operation: PENDING
12:15:53 INFO  State of current operation: PENDING
12:15:55 INFO  State of current operation: PENDING
12:15:57 INFO  State of current operation: PENDING
12:15:59 INFO  State of current operation: PENDING
12:16:02 INFO  State of current operation: PENDING
12:16:04 INFO  State of current operation: PENDING
12:16:06 INFO  State of current operation: PENDING
12:16:09 INFO  State of current operation: PENDING
12:16:11 INFO  State of current operation: PENDING
12:16:13 INFO  State of current operation: PENDING
12:16:15 INFO  State of current operation: PENDING
12:16:18 INFO  State of current operation: PENDING
12:16:20 INFO  State of current operation: PENDING
12:16:22 INFO  State of current operation: PENDING
12:16:24 INFO  State of current operation: PENDING
12:16:27 INFO  State of current operation: PENDING
12:16:29 INFO  State of current operation: PENDING
12:16:31 INFO  State of current operation: PENDING
12:16:33 INFO  State of current operation: PENDING
12:16:36 INFO  State of current operation: PENDING
12:16:38 INFO  State of current operation: PENDING
12:16:40 INFO  State of current operation: PENDING
12:16:42 INFO  State of current operation: PENDING
12:16:44 INFO  State of current operation: PENDING
12:16:47 INFO  State of current operation: PENDING
12:16:49 INFO  State of current operation: PENDING
12:16:51 INFO  State of current operation: PENDING
12:16:53 INFO  State of current operation: PENDING
12:16:56 INFO  State of current operation: PENDING
12:16:58 INFO  State of current operation: PENDING
12:17:00 INFO  State of current operation: PENDING
12:17:02 INFO  State of current operation: PENDING
12:17:05 INFO  State of current operation: PENDING
12:17:07 INFO  State of current operation: PENDING
12:17:09 INFO  State of current operation: PENDING
12:17:11 WARN  SystemError occurred while running test - Timeout while waiting for status FAILED or SUCCESSFUL
Traceback (most recent call last):
  File &quot;/home/pi/env-pysys/lib/python3.7/site-packages/pysys/baserunner.py&quot;, line 1292, in __call__
    self.testObj.setup()
  File &quot;/home/pi/actions-runner/_work/thin-edge.io/thin-edge.io/tests/PySys/software_management_end_to_end/sm_mixed_install_remove_multiple/run.py&quot;, line 83, in setup
    super().setup()
  File &quot;/home/pi/actions-runner/_work/thin-edge.io/thin-edge.io/tests/PySys/software_management_end_to_end/environment_sm_management.py&quot;, line 151, in setup
    self.wait_until_end()
  File &quot;/home/pi/actions-runner/_work/thin-edge.io/thin-edge.io/tests/PySys/software_management_end_to_end/environment_sm_management.py&quot;, line 332, in wait_until_end
    self.wait_until_status(&quot;FAILED&quot;, &quot;SUCCESSFUL&quot;)
  File &quot;/home/pi/actions-runner/_work/thin-edge.io/thin-edge.io/tests/PySys/software_management_end_to_end/environment_sm_management.py&quot;, line 381, in wait_until_status
    &quot;Timeout while waiting for status %s or %s&quot; % (status, status2)
SystemError: Timeout while waiting for status FAILED or SUCCESSFUL
12:17:11 WARN  SystemError: Timeout while waiting for status FAILED or SUCCESSFUL ... blocked 
12:17:11 INFO  
12:17:11 INFO  cleanup:
12:17:16 INFO  Executed sudo&lt;tedge_disconnect_c8y&gt;, exit status 0
12:17:16 INFO  Executed systemctl&lt;serv_mapper5&gt;, exit status 3
12:17:16 INFO  
12:17:16 INFO  Test duration: 166.62 secs
12:17:16 INFO  Test final outcome:  BLOCKED
12:17:16 INFO  Test outcome reason: SystemError: Timeout while waiting for status FAILED or SUCCESSFUL
12:17:16 INFO  
</system-out>
	</testcase>
</testsuite>
