<?xml version="1.0" encoding="utf-8"?>
<testsuite failures="0" name="SoftwareManagement.sm_fake_install_remove" skipped="0" tests="1" time="43.69" timestamp="2022-06-16T15:27:11">
	<testcase classname="PySysTest" name="SoftwareManagement.sm_fake_install_remove"/>
</testsuite>
