<?xml version="1.0" encoding="utf-8"?>
<testsuite failures="1" name="SoftwareManagement.sm_mixed_install_remove_multiple" skipped="0" tests="1" time="167.14" timestamp="2022-06-17T09:59:20">
	<testcase classname="PySysTest" name="SoftwareManagement.sm_mixed_install_remove_multiple">
		<failure message="FAILED: Assert that (False == value) with value=True" type="FAILED"/>
		<system-out>09:56:32 INFO  ==============================================================
09:56:32 INFO  Id:    SoftwareManagement.sm_mixed_install_remove_multiple
09:56:32 INFO  Dir:   software_management_end_to_end/
09:56:32 INFO  Title: Validate end to end behaviour for the dummy-plugin for multiple packages with mixed versions
09:56:32 INFO  ==============================================================
09:56:32 INFO  Using sw id database: {'asciijump': '5475369', 'robotfindskitten': '5474869', 'squirrel3': '5475279', 'rolldice': '5152439', 'moon-buggy': '5439204', 'apple': '5495053', 'banana': '5494888', 'cherry': '5495382', 'watermelon': '5494510', 'registry': '8018911', 'hello-world': '8021526', 'docker/getting-started': '8021973', 'alpine': '7991792'}
09:56:32 INFO  EnvironmentC8y Setup
09:56:33 INFO  Executed systemctl&lt;serv_mapper1&gt;, exit status 3
09:56:33 INFO  Restarting mosquitto too frequently in the last 10 seconds. It was only up for 5 seconds
09:56:33 INFO  Delaying execution by 6 seconds
09:56:53 INFO  Executed sudo&lt;tedge_connect_c8y&gt;, exit status 0, duration 14 secs
09:56:54 INFO  Executed sudo&lt;tedge_connect_c8y_test&gt;, exit status 0
09:56:54 INFO  Executed systemctl&lt;serv_mosq2&gt;, exit status 0
09:56:55 INFO  Executed systemctl&lt;serv_mapper3&gt;, exit status 0
09:56:57 INFO  State of current operation: SUCCESSFUL
09:56:57 INFO  Package apple is installed
09:56:57 INFO  Assert that (True == value) with value=True ... passed
09:56:57 INFO  Package banana is installed
09:56:57 INFO  Assert that (True == value) with value=True ... passed
09:56:58 INFO  Package cherry is installed
09:56:58 INFO  Assert that (True == value) with value=True ... passed
09:56:58 INFO  Package asciijump is installed
09:56:58 WARN  Assert that (False == value) with value=True ... failed 
09:56:58 INFO  Assert that (False == value) with value=False ... passed
09:56:58 INFO  Response status: 201
09:56:58 INFO  Response to action: {
    &quot;creationTime&quot;: &quot;2022-06-17T09:56:58.907Z&quot;,
    &quot;deviceName&quot;: &quot;m32sd10b&quot;,
    &quot;deviceId&quot;: &quot;20259763&quot;,
    &quot;self&quot;: &quot;https://t493319102.eu-latest.cumulocity.com/devicecontrol/operations/20282741&quot;,
    &quot;id&quot;: &quot;20282741&quot;,
    &quot;status&quot;: &quot;PENDING&quot;,
    &quot;description&quot;: &quot;Apply software changes, triggered from PySys: [{'action': 'install', 'id': '5495053', 'name': 'apple', 'url': ' ', 'version': '::fruits'}, {'action': 'install', 'id': '5494888', 'name': 'banana', 'url': ' ', 'version': '::fruits'}, {'action': 'install', 'id': '5475369', 'name': 'asciijump', 'url': ' ', 'version': '::apt'}, {'action': 'install', 'id': '5495382', 'name': 'cherry', 'url': ' ', 'version': '::fruits'}, {'action': 'install', 'id': '8018911', 'name': 'registry', 'url': ' ', 'version': '::docker'}]&quot;,
    &quot;c8y_SoftwareUpdate&quot;: [
        {
            &quot;name&quot;: &quot;apple&quot;,
            &quot;action&quot;: &quot;install&quot;,
            &quot;id&quot;: &quot;5495053&quot;,
            &quot;version&quot;: &quot;::fruits&quot;,
            &quot;url&quot;: &quot; &quot;
        },
        {
            &quot;name&quot;: &quot;banana&quot;,
            &quot;action&quot;: &quot;install&quot;,
            &quot;id&quot;: &quot;5494888&quot;,
            &quot;version&quot;: &quot;::fruits&quot;,
            &quot;url&quot;: &quot; &quot;
        },
        {
            &quot;name&quot;: &quot;asciijump&quot;,
            &quot;action&quot;: &quot;install&quot;,
            &quot;id&quot;: &quot;5475369&quot;,
            &quot;version&quot;: &quot;::apt&quot;,
            &quot;url&quot;: &quot; &quot;
        },
        {
            &quot;name&quot;: &quot;cherry&quot;,
            &quot;action&quot;: &quot;install&quot;,
            &quot;id&quot;: &quot;5495382&quot;,
            &quot;version&quot;: &quot;::fruits&quot;,
            &quot;url&quot;: &quot; &quot;
        },
        {
            &quot;name&quot;: &quot;registry&quot;,
            &quot;action&quot;: &quot;install&quot;,
            &quot;id&quot;: &quot;8018911&quot;,
            &quot;version&quot;: &quot;::docker&quot;,
            &quot;url&quot;: &quot; &quot;
        }
    ]
}
09:56:58 INFO  Started operation: {'creationTime': '2022-06-17T09:56:58.907Z', 'deviceName': 'm32sd10b', 'deviceId': '20259763', 'self': 'https://t493319102.eu-latest.cumulocity.com/devicecontrol/operations/20282741', 'id': '20282741', 'status': 'PENDING', 'description': &quot;Apply software changes, triggered from PySys: [{'action': 'install', 'id': '5495053', 'name': 'apple', 'url': ' ', 'version': '::fruits'}, {'action': 'install', 'id': '5494888', 'name': 'banana', 'url': ' ', 'version': '::fruits'}, {'action': 'install', 'id': '5475369', 'name': 'asciijump', 'url': ' ', 'version': '::apt'}, {'action': 'install', 'id': '5495382', 'name': 'cherry', 'url': ' ', 'version': '::fruits'}, {'action': 'install', 'id': '8018911', 'name': 'registry', 'url': ' ', 'version': '::docker'}]&quot;, 'c8y_SoftwareUpdate': [{'name': 'apple', 'action': 'install', 'id': '5495053', 'version': '::fruits', 'url': ' '}, {'name': 'banana', 'action': 'install', 'id': '5494888', 'version': '::fruits', 'url': ' '}, {'name': 'asciijump', 'action': 'install', 'id': '5475369', 'version': '::apt', 'url': ' '}, {'name': 'cherry', 'action': 'install', 'id': '5495382', 'version': '::fruits', 'url': ' '}, {'name': 'registry', 'action': 'install', 'id': '8018911', 'version': '::docker', 'url': ' '}]}
09:57:01 INFO  State of operation 20282741 : PENDING
09:57:03 INFO  State of operation 20282741 : EXECUTING
09:57:05 INFO  State of operation 20282741 : EXECUTING
09:57:07 INFO  State of operation 20282741 : EXECUTING
09:57:10 INFO  State of operation 20282741 : EXECUTING
09:57:12 INFO  State of operation 20282741 : EXECUTING
09:57:15 INFO  State of operation 20282741 : EXECUTING
09:57:18 INFO  State of operation 20282741 : EXECUTING
09:57:25 INFO  State of operation 20282741 : EXECUTING
09:57:28 INFO  State of operation 20282741 : EXECUTING
09:57:30 INFO  State of operation 20282741 : EXECUTING
09:57:32 INFO  State of operation 20282741 : EXECUTING
09:57:34 INFO  State of operation 20282741 : EXECUTING
09:57:37 INFO  State of operation 20282741 : EXECUTING
09:57:39 INFO  State of operation 20282741 : EXECUTING
09:57:41 INFO  State of operation 20282741 : EXECUTING
09:57:43 INFO  State of operation 20282741 : EXECUTING
09:57:46 INFO  State of operation 20282741 : EXECUTING
09:57:48 INFO  State of operation 20282741 : EXECUTING
09:57:51 INFO  State of operation 20282741 : EXECUTING
09:57:53 INFO  State of operation 20282741 : EXECUTING
09:57:55 INFO  State of operation 20282741 : EXECUTING
09:57:58 INFO  State of operation 20282741 : EXECUTING
09:58:00 INFO  State of operation 20282741 : SUCCESSFUL
09:58:00 INFO  Package apple is installed
09:58:00 INFO  Assert that (True == value) with value=True ... passed
09:58:00 INFO  Package banana is installed
09:58:00 INFO  Assert that (True == value) with value=True ... passed
09:58:00 INFO  Package cherry is installed
09:58:00 INFO  Assert that (True == value) with value=True ... passed
09:58:01 INFO  Package asciijump is installed
09:58:01 INFO  Assert that (True == value) with value=True ... passed
09:58:01 INFO  Package registry is installed
09:58:01 INFO  Assert that (True == value) with value=True ... passed
09:58:01 INFO  Response status: 201
09:58:01 INFO  Response to action: {
    &quot;creationTime&quot;: &quot;2022-06-17T09:58:01.636Z&quot;,
    &quot;deviceName&quot;: &quot;m32sd10b&quot;,
    &quot;deviceId&quot;: &quot;20259763&quot;,
    &quot;self&quot;: &quot;https://t493319102.eu-latest.cumulocity.com/devicecontrol/operations/20282753&quot;,
    &quot;id&quot;: &quot;20282753&quot;,
    &quot;status&quot;: &quot;PENDING&quot;,
    &quot;description&quot;: &quot;Apply software changes, triggered from PySys: [{'action': 'delete', 'id': '5495053', 'name': 'apple', 'url': ' ', 'version': '::fruits'}, {'action': 'delete', 'id': '5494888', 'name': 'banana', 'url': ' ', 'version': '::fruits'}, {'action': 'delete', 'id': '5475369', 'name': 'asciijump', 'url': ' ', 'version': '::apt'}, {'action': 'delete', 'id': '5495382', 'name': 'cherry', 'url': ' ', 'version': '::fruits'}, {'action': 'delete', 'id': '8018911', 'name': 'registry', 'url': ' ', 'version': '::docker'}]&quot;,
    &quot;c8y_SoftwareUpdate&quot;: [
        {
            &quot;name&quot;: &quot;apple&quot;,
            &quot;action&quot;: &quot;delete&quot;,
            &quot;id&quot;: &quot;5495053&quot;,
            &quot;version&quot;: &quot;::fruits&quot;,
            &quot;url&quot;: &quot; &quot;
        },
        {
            &quot;name&quot;: &quot;banana&quot;,
            &quot;action&quot;: &quot;delete&quot;,
            &quot;id&quot;: &quot;5494888&quot;,
            &quot;version&quot;: &quot;::fruits&quot;,
            &quot;url&quot;: &quot; &quot;
        },
        {
            &quot;name&quot;: &quot;asciijump&quot;,
            &quot;action&quot;: &quot;delete&quot;,
            &quot;id&quot;: &quot;5475369&quot;,
            &quot;version&quot;: &quot;::apt&quot;,
            &quot;url&quot;: &quot; &quot;
        },
        {
            &quot;name&quot;: &quot;cherry&quot;,
            &quot;action&quot;: &quot;delete&quot;,
            &quot;id&quot;: &quot;5495382&quot;,
            &quot;version&quot;: &quot;::fruits&quot;,
            &quot;url&quot;: &quot; &quot;
        },
        {
            &quot;name&quot;: &quot;registry&quot;,
            &quot;action&quot;: &quot;delete&quot;,
            &quot;id&quot;: &quot;8018911&quot;,
            &quot;version&quot;: &quot;::docker&quot;,
            &quot;url&quot;: &quot; &quot;
        }
    ]
}
09:58:01 INFO  Started operation: {'creationTime': '2022-06-17T09:58:01.636Z', 'deviceName': 'm32sd10b', 'deviceId': '20259763', 'self': 'https://t493319102.eu-latest.cumulocity.com/devicecontrol/operations/20282753', 'id': '20282753', 'status': 'PENDING', 'description': &quot;Apply software changes, triggered from PySys: [{'action': 'delete', 'id': '5495053', 'name': 'apple', 'url': ' ', 'version': '::fruits'}, {'action': 'delete', 'id': '5494888', 'name': 'banana', 'url': ' ', 'version': '::fruits'}, {'action': 'delete', 'id': '5475369', 'name': 'asciijump', 'url': ' ', 'version': '::apt'}, {'action': 'delete', 'id': '5495382', 'name': 'cherry', 'url': ' ', 'version': '::fruits'}, {'action': 'delete', 'id': '8018911', 'name': 'registry', 'url': ' ', 'version': '::docker'}]&quot;, 'c8y_SoftwareUpdate': [{'name': 'apple', 'action': 'delete', 'id': '5495053', 'version': '::fruits', 'url': ' '}, {'name': 'banana', 'action': 'delete', 'id': '5494888', 'version': '::fruits', 'url': ' '}, {'name': 'asciijump', 'action': 'delete', 'id': '5475369', 'version': '::apt', 'url': ' '}, {'name': 'cherry', 'action': 'delete', 'id': '5495382', 'version': '::fruits', 'url': ' '}, {'name': 'registry', 'action': 'delete', 'id': '8018911', 'version': '::docker', 'url': ' '}]}
09:58:03 INFO  State of operation 20282753 : PENDING
09:58:06 INFO  State of operation 20282753 : EXECUTING
09:58:08 INFO  State of operation 20282753 : EXECUTING
09:58:10 INFO  State of operation 20282753 : EXECUTING
09:58:12 INFO  State of operation 20282753 : EXECUTING
09:58:15 INFO  State of operation 20282753 : EXECUTING
09:58:17 INFO  State of operation 20282753 : EXECUTING
09:58:20 INFO  State of operation 20282753 : EXECUTING
09:58:22 INFO  State of operation 20282753 : EXECUTING
09:58:25 INFO  State of operation 20282753 : EXECUTING
09:58:27 INFO  State of operation 20282753 : EXECUTING
09:58:29 INFO  State of operation 20282753 : EXECUTING
09:58:31 INFO  State of operation 20282753 : EXECUTING
09:58:34 INFO  State of operation 20282753 : EXECUTING
09:58:36 INFO  State of operation 20282753 : EXECUTING
09:58:38 INFO  State of operation 20282753 : EXECUTING
09:58:41 INFO  State of operation 20282753 : EXECUTING
09:58:44 INFO  State of operation 20282753 : EXECUTING
09:58:46 INFO  State of operation 20282753 : EXECUTING
09:58:48 INFO  State of operation 20282753 : EXECUTING
09:58:50 INFO  State of operation 20282753 : EXECUTING
09:58:53 INFO  State of operation 20282753 : EXECUTING
09:58:55 INFO  State of operation 20282753 : EXECUTING
09:58:58 INFO  State of operation 20282753 : EXECUTING
09:59:00 INFO  State of operation 20282753 : EXECUTING
09:59:02 INFO  State of operation 20282753 : EXECUTING
09:59:04 INFO  State of operation 20282753 : EXECUTING
09:59:07 INFO  State of operation 20282753 : EXECUTING
09:59:09 INFO  State of operation 20282753 : EXECUTING
09:59:11 INFO  State of operation 20282753 : EXECUTING
09:59:14 INFO  State of operation 20282753 : SUCCESSFUL
09:59:14 INFO  Package apple is installed
09:59:14 INFO  Assert that (True == value) with value=True ... passed
09:59:14 INFO  Package banana is installed
09:59:14 INFO  Assert that (True == value) with value=True ... passed
09:59:14 INFO  Package cherry is installed
09:59:14 INFO  Assert that (True == value) with value=True ... passed
09:59:14 INFO  Assert that (False == value) with value=False ... passed
09:59:15 INFO  Assert that (False == value) with value=False ... passed
09:59:15 INFO  
09:59:15 INFO  cleanup:
09:59:19 INFO  Executed sudo&lt;tedge_disconnect_c8y&gt;, exit status 0
09:59:20 INFO  Executed systemctl&lt;serv_mapper5&gt;, exit status 3
09:59:20 INFO  
09:59:20 INFO  Test duration: 167.14 secs
09:59:20 INFO  Test final outcome:  FAILED
09:59:20 INFO  Test outcome reason: Assert that (False == value) with value=True
09:59:20 INFO  
</system-out>
	</testcase>
</testsuite>
