<?xml version="1.0" encoding="utf-8"?>
<testsuite failures="1" name="SoftwareManagement.sm_apt_install_remove_multiple" skipped="0" tests="1" time="139.13" timestamp="2022-07-22T16:58:08">
	<testcase classname="PySysTest" name="SoftwareManagement.sm_apt_install_remove_multiple">
		<failure message="FAILED: Assert that (False == value) with value=True (+5 other failures)" type="FAILED"/>
		<system-out>16:55:49 INFO  ==============================================================
16:55:49 INFO  Id:    SoftwareManagement.sm_apt_install_remove_multiple
16:55:49 INFO  Dir:   software_management_end_to_end/
16:55:49 INFO  Title: Validate end to end behaviour for the apt plugin for multiple packages
16:55:49 INFO  ==============================================================
16:55:49 INFO  Using sw id database: {'asciijump': '5475369', 'robotfindskitten': '5474869', 'squirrel3': '5475279', 'rolldice': '5152439', 'moon-buggy': '5439204', 'apple': '5495053', 'banana': '5494888', 'cherry': '5495382', 'watermelon': '5494510', 'registry': '8018911', 'hello-world': '8021526', 'docker/getting-started': '8021973', 'alpine': '7991792'}
16:55:49 INFO  EnvironmentC8y Setup
16:55:50 INFO  Executed systemctl&lt;serv_mapper1&gt;, exit status 3
16:55:50 INFO  Restarting mosquitto too frequently in the last 10 seconds. It was only up for 4 seconds
16:55:50 INFO  Delaying execution by 7 seconds
16:56:11 INFO  Executed sudo&lt;tedge_connect_c8y&gt;, exit status 0, duration 13 secs
16:56:12 INFO  Executed sudo&lt;tedge_connect_c8y_test&gt;, exit status 0
16:56:12 INFO  Executed systemctl&lt;serv_mosq2&gt;, exit status 0
16:56:12 INFO  Executed systemctl&lt;serv_mapper3&gt;, exit status 0
16:56:15 INFO  State of current operation: FAILED
16:56:15 INFO  Package rolldice is installed
16:56:15 WARN  Assert that (False == value) with value=True ... failed 
16:56:16 INFO  Package asciijump is installed
16:56:16 WARN  Assert that (False == value) with value=True ... failed 
16:56:16 INFO  Package squirrel3 is installed
16:56:16 WARN  Assert that (False == value) with value=True ... failed 
16:56:16 INFO  Package robotfindskitten is installed
16:56:16 WARN  Assert that (False == value) with value=True ... failed 
16:56:16 INFO  Response status: 201
16:56:16 INFO  Response to action: {
    &quot;creationTime&quot;: &quot;2022-07-22T16:56:16.723Z&quot;,
    &quot;deviceId&quot;: &quot;21273852&quot;,
    &quot;deviceName&quot;: &quot;m32sd10b&quot;,
    &quot;self&quot;: &quot;https://t493319102.eu-latest.cumulocity.com/devicecontrol/operations/21301540&quot;,
    &quot;id&quot;: &quot;21301540&quot;,
    &quot;status&quot;: &quot;PENDING&quot;,
    &quot;description&quot;: &quot;Apply software changes, triggered from PySys: [{'action': 'install', 'id': '5475369', 'name': 'asciijump', 'url': ' ', 'version': '::apt'}, {'action': 'install', 'id': '5474869', 'name': 'robotfindskitten', 'url': ' ', 'version': '::apt'}, {'action': 'install', 'id': '5475279', 'name': 'squirrel3', 'url': ' ', 'version': '::apt'}]&quot;,
    &quot;c8y_SoftwareUpdate&quot;: [
        {
            &quot;name&quot;: &quot;asciijump&quot;,
            &quot;action&quot;: &quot;install&quot;,
            &quot;id&quot;: &quot;5475369&quot;,
            &quot;version&quot;: &quot;::apt&quot;,
            &quot;url&quot;: &quot; &quot;
        },
        {
            &quot;name&quot;: &quot;robotfindskitten&quot;,
            &quot;action&quot;: &quot;install&quot;,
            &quot;id&quot;: &quot;5474869&quot;,
            &quot;version&quot;: &quot;::apt&quot;,
            &quot;url&quot;: &quot; &quot;
        },
        {
            &quot;name&quot;: &quot;squirrel3&quot;,
            &quot;action&quot;: &quot;install&quot;,
            &quot;id&quot;: &quot;5475279&quot;,
            &quot;version&quot;: &quot;::apt&quot;,
            &quot;url&quot;: &quot; &quot;
        }
    ]
}
16:56:16 INFO  Started operation: {'creationTime': '2022-07-22T16:56:16.723Z', 'deviceId': '21273852', 'deviceName': 'm32sd10b', 'self': 'https://t493319102.eu-latest.cumulocity.com/devicecontrol/operations/21301540', 'id': '21301540', 'status': 'PENDING', 'description': &quot;Apply software changes, triggered from PySys: [{'action': 'install', 'id': '5475369', 'name': 'asciijump', 'url': ' ', 'version': '::apt'}, {'action': 'install', 'id': '5474869', 'name': 'robotfindskitten', 'url': ' ', 'version': '::apt'}, {'action': 'install', 'id': '5475279', 'name': 'squirrel3', 'url': ' ', 'version': '::apt'}]&quot;, 'c8y_SoftwareUpdate': [{'name': 'asciijump', 'action': 'install', 'id': '5475369', 'version': '::apt', 'url': ' '}, {'name': 'robotfindskitten', 'action': 'install', 'id': '5474869', 'version': '::apt', 'url': ' '}, {'name': 'squirrel3', 'action': 'install', 'id': '5475279', 'version': '::apt', 'url': ' '}]}
16:56:19 INFO  State of operation 21301540 : PENDING
16:56:21 INFO  State of operation 21301540 : EXECUTING
16:56:23 INFO  State of operation 21301540 : EXECUTING
16:56:25 INFO  State of operation 21301540 : EXECUTING
16:56:27 INFO  State of operation 21301540 : EXECUTING
16:56:30 INFO  State of operation 21301540 : EXECUTING
16:56:32 INFO  State of operation 21301540 : EXECUTING
16:56:35 INFO  State of operation 21301540 : EXECUTING
16:56:38 INFO  State of operation 21301540 : EXECUTING
16:56:40 INFO  State of operation 21301540 : EXECUTING
16:56:42 INFO  State of operation 21301540 : EXECUTING
16:56:45 INFO  State of operation 21301540 : EXECUTING
16:56:47 INFO  State of operation 21301540 : EXECUTING
16:56:49 INFO  State of operation 21301540 : EXECUTING
16:56:51 INFO  State of operation 21301540 : EXECUTING
16:56:53 INFO  State of operation 21301540 : SUCCESSFUL
16:56:54 INFO  Package rolldice is installed
16:56:54 WARN  Assert that (False == value) with value=True ... failed [run.py:68]
16:56:54 INFO  Package asciijump is installed
16:56:54 INFO  Assert that (True == value) with value=True ... passed
16:56:54 INFO  Package squirrel3 is installed
16:56:54 INFO  Assert that (True == value) with value=True ... passed
16:56:54 INFO  Package robotfindskitten is installed
16:56:54 INFO  Assert that (True == value) with value=True ... passed
16:56:55 INFO  Response status: 201
16:56:55 INFO  Response to action: {
    &quot;creationTime&quot;: &quot;2022-07-22T16:56:55.144Z&quot;,
    &quot;deviceId&quot;: &quot;21273852&quot;,
    &quot;deviceName&quot;: &quot;m32sd10b&quot;,
    &quot;self&quot;: &quot;https://t493319102.eu-latest.cumulocity.com/devicecontrol/operations/21301550&quot;,
    &quot;id&quot;: &quot;21301550&quot;,
    &quot;status&quot;: &quot;PENDING&quot;,
    &quot;description&quot;: &quot;Apply software changes, triggered from PySys: [{'action': 'delete', 'id': '5475369', 'name': 'asciijump', 'url': ' ', 'version': '::apt'}, {'action': 'delete', 'id': '5474869', 'name': 'robotfindskitten', 'url': ' ', 'version': '::apt'}, {'action': 'delete', 'id': '5475279', 'name': 'squirrel3', 'url': ' ', 'version': '::apt'}]&quot;,
    &quot;c8y_SoftwareUpdate&quot;: [
        {
            &quot;name&quot;: &quot;asciijump&quot;,
            &quot;action&quot;: &quot;delete&quot;,
            &quot;id&quot;: &quot;5475369&quot;,
            &quot;version&quot;: &quot;::apt&quot;,
            &quot;url&quot;: &quot; &quot;
        },
        {
            &quot;name&quot;: &quot;robotfindskitten&quot;,
            &quot;action&quot;: &quot;delete&quot;,
            &quot;id&quot;: &quot;5474869&quot;,
            &quot;version&quot;: &quot;::apt&quot;,
            &quot;url&quot;: &quot; &quot;
        },
        {
            &quot;name&quot;: &quot;squirrel3&quot;,
            &quot;action&quot;: &quot;delete&quot;,
            &quot;id&quot;: &quot;5475279&quot;,
            &quot;version&quot;: &quot;::apt&quot;,
            &quot;url&quot;: &quot; &quot;
        }
    ]
}
16:56:55 INFO  Started operation: {'creationTime': '2022-07-22T16:56:55.144Z', 'deviceId': '21273852', 'deviceName': 'm32sd10b', 'self': 'https://t493319102.eu-latest.cumulocity.com/devicecontrol/operations/21301550', 'id': '21301550', 'status': 'PENDING', 'description': &quot;Apply software changes, triggered from PySys: [{'action': 'delete', 'id': '5475369', 'name': 'asciijump', 'url': ' ', 'version': '::apt'}, {'action': 'delete', 'id': '5474869', 'name': 'robotfindskitten', 'url': ' ', 'version': '::apt'}, {'action': 'delete', 'id': '5475279', 'name': 'squirrel3', 'url': ' ', 'version': '::apt'}]&quot;, 'c8y_SoftwareUpdate': [{'name': 'asciijump', 'action': 'delete', 'id': '5475369', 'version': '::apt', 'url': ' '}, {'name': 'robotfindskitten', 'action': 'delete', 'id': '5474869', 'version': '::apt', 'url': ' '}, {'name': 'squirrel3', 'action': 'delete', 'id': '5475279', 'version': '::apt', 'url': ' '}]}
16:56:57 INFO  State of operation 21301550 : PENDING
16:56:59 INFO  State of operation 21301550 : EXECUTING
16:57:01 INFO  State of operation 21301550 : EXECUTING
16:57:04 INFO  State of operation 21301550 : EXECUTING
16:57:06 INFO  State of operation 21301550 : EXECUTING
16:57:08 INFO  State of operation 21301550 : EXECUTING
16:57:11 INFO  State of operation 21301550 : EXECUTING
16:57:14 INFO  State of operation 21301550 : EXECUTING
16:57:16 INFO  State of operation 21301550 : EXECUTING
16:57:19 INFO  State of operation 21301550 : EXECUTING
16:57:21 INFO  State of operation 21301550 : EXECUTING
16:57:23 INFO  State of operation 21301550 : EXECUTING
16:57:25 INFO  State of operation 21301550 : EXECUTING
16:57:28 INFO  State of operation 21301550 : EXECUTING
16:57:30 INFO  State of operation 21301550 : EXECUTING
16:57:32 INFO  State of operation 21301550 : EXECUTING
16:57:35 INFO  State of operation 21301550 : EXECUTING
16:57:37 INFO  State of operation 21301550 : EXECUTING
16:57:40 INFO  State of operation 21301550 : EXECUTING
16:57:42 INFO  State of operation 21301550 : EXECUTING
16:57:44 INFO  State of operation 21301550 : EXECUTING
16:57:46 INFO  State of operation 21301550 : EXECUTING
16:57:49 INFO  State of operation 21301550 : EXECUTING
16:57:51 INFO  State of operation 21301550 : EXECUTING
16:57:54 INFO  State of operation 21301550 : EXECUTING
16:57:56 INFO  State of operation 21301550 : EXECUTING
16:57:58 INFO  State of operation 21301550 : EXECUTING
16:58:00 INFO  State of operation 21301550 : EXECUTING
16:58:03 INFO  State of operation 21301550 : SUCCESSFUL
16:58:03 INFO  Package rolldice is installed
16:58:03 WARN  Assert that (False == value) with value=True ... failed [run.py:82]
16:58:03 INFO  Assert that (False == value) with value=False ... passed
16:58:03 INFO  Assert that (False == value) with value=False ... passed
16:58:04 INFO  Assert that (False == value) with value=False ... passed
16:58:04 INFO  
16:58:04 INFO  cleanup:
16:58:08 INFO  Executed sudo&lt;tedge_disconnect_c8y&gt;, exit status 0
16:58:08 INFO  Executed systemctl&lt;serv_mapper5&gt;, exit status 3
16:58:08 INFO  
16:58:08 INFO  Test duration: 139.13 secs
16:58:08 INFO  Test final outcome:  FAILED
16:58:08 INFO  Test outcome reason: Assert that (False == value) with value=True (+5 other failures)
16:58:08 INFO  
</system-out>
	</testcase>
</testsuite>
