<?xml version="1.0" encoding="utf-8"?>
<testsuite failures="1" name="SoftwareManagement.sm_mixed_install_remove_multiple" skipped="0" tests="1" time="164.0" timestamp="2022-07-22T17:10:27">
	<testcase classname="PySysTest" name="SoftwareManagement.sm_mixed_install_remove_multiple">
		<failure message="FAILED: Assert that (False == value) with value=True" type="FAILED"/>
		<system-out>17:07:43 INFO  ==============================================================
17:07:43 INFO  Id:    SoftwareManagement.sm_mixed_install_remove_multiple
17:07:43 INFO  Dir:   software_management_end_to_end/
17:07:43 INFO  Title: Validate end to end behaviour for the dummy-plugin for multiple packages with mixed versions
17:07:43 INFO  ==============================================================
17:07:43 INFO  Using sw id database: {'asciijump': '5475369', 'robotfindskitten': '5474869', 'squirrel3': '5475279', 'rolldice': '5152439', 'moon-buggy': '5439204', 'apple': '5495053', 'banana': '5494888', 'cherry': '5495382', 'watermelon': '5494510', 'registry': '8018911', 'hello-world': '8021526', 'docker/getting-started': '8021973', 'alpine': '7991792'}
17:07:43 INFO  EnvironmentC8y Setup
17:07:44 INFO  Executed systemctl&lt;serv_mapper1&gt;, exit status 3
17:07:44 INFO  Restarting mosquitto too frequently in the last 10 seconds. It was only up for 5 seconds
17:07:44 INFO  Delaying execution by 6 seconds
17:08:04 INFO  Executed sudo&lt;tedge_connect_c8y&gt;, exit status 0, duration 14 secs
17:08:05 INFO  Executed sudo&lt;tedge_connect_c8y_test&gt;, exit status 0
17:08:05 INFO  Executed systemctl&lt;serv_mosq2&gt;, exit status 0
17:08:06 INFO  Executed systemctl&lt;serv_mapper3&gt;, exit status 0
17:08:08 INFO  State of current operation: SUCCESSFUL
17:08:08 INFO  Package apple is installed
17:08:08 INFO  Assert that (True == value) with value=True ... passed
17:08:09 INFO  Package banana is installed
17:08:09 INFO  Assert that (True == value) with value=True ... passed
17:08:09 INFO  Package cherry is installed
17:08:09 INFO  Assert that (True == value) with value=True ... passed
17:08:09 INFO  Package asciijump is installed
17:08:09 WARN  Assert that (False == value) with value=True ... failed 
17:08:09 INFO  Assert that (False == value) with value=False ... passed
17:08:09 INFO  Response status: 201
17:08:09 INFO  Response to action: {
    &quot;delivery&quot;: {
        &quot;log&quot;: [],
        &quot;time&quot;: &quot;2022-07-22T17:08:09.955Z&quot;,
        &quot;status&quot;: &quot;PENDING&quot;
    },
    &quot;creationTime&quot;: &quot;2022-07-22T17:08:09.933Z&quot;,
    &quot;deviceId&quot;: &quot;21273852&quot;,
    &quot;deviceName&quot;: &quot;m32sd10b&quot;,
    &quot;self&quot;: &quot;https://t493319102.eu-latest.cumulocity.com/devicecontrol/operations/21301686&quot;,
    &quot;id&quot;: &quot;21301686&quot;,
    &quot;status&quot;: &quot;PENDING&quot;,
    &quot;description&quot;: &quot;Apply software changes, triggered from PySys: [{'action': 'install', 'id': '5495053', 'name': 'apple', 'url': ' ', 'version': '::fruits'}, {'action': 'install', 'id': '5494888', 'name': 'banana', 'url': ' ', 'version': '::fruits'}, {'action': 'install', 'id': '5475369', 'name': 'asciijump', 'url': ' ', 'version': '::apt'}, {'action': 'install', 'id': '5495382', 'name': 'cherry', 'url': ' ', 'version': '::fruits'}, {'action': 'install', 'id': '8018911', 'name': 'registry', 'url': ' ', 'version': '::docker'}]&quot;,
    &quot;c8y_SoftwareUpdate&quot;: [
        {
            &quot;name&quot;: &quot;apple&quot;,
            &quot;action&quot;: &quot;install&quot;,
            &quot;id&quot;: &quot;5495053&quot;,
            &quot;version&quot;: &quot;::fruits&quot;,
            &quot;url&quot;: &quot; &quot;
        },
        {
            &quot;name&quot;: &quot;banana&quot;,
            &quot;action&quot;: &quot;install&quot;,
            &quot;id&quot;: &quot;5494888&quot;,
            &quot;version&quot;: &quot;::fruits&quot;,
            &quot;url&quot;: &quot; &quot;
        },
        {
            &quot;name&quot;: &quot;asciijump&quot;,
            &quot;action&quot;: &quot;install&quot;,
            &quot;id&quot;: &quot;5475369&quot;,
            &quot;version&quot;: &quot;::apt&quot;,
            &quot;url&quot;: &quot; &quot;
        },
        {
            &quot;name&quot;: &quot;cherry&quot;,
            &quot;action&quot;: &quot;install&quot;,
            &quot;id&quot;: &quot;5495382&quot;,
            &quot;version&quot;: &quot;::fruits&quot;,
            &quot;url&quot;: &quot; &quot;
        },
        {
            &quot;name&quot;: &quot;registry&quot;,
            &quot;action&quot;: &quot;install&quot;,
            &quot;id&quot;: &quot;8018911&quot;,
            &quot;version&quot;: &quot;::docker&quot;,
            &quot;url&quot;: &quot; &quot;
        }
    ]
}
17:08:09 INFO  Started operation: {'delivery': {'log': [], 'time': '2022-07-22T17:08:09.955Z', 'status': 'PENDING'}, 'creationTime': '2022-07-22T17:08:09.933Z', 'deviceId': '21273852', 'deviceName': 'm32sd10b', 'self': 'https://t493319102.eu-latest.cumulocity.com/devicecontrol/operations/21301686', 'id': '21301686', 'status': 'PENDING', 'description': &quot;Apply software changes, triggered from PySys: [{'action': 'install', 'id': '5495053', 'name': 'apple', 'url': ' ', 'version': '::fruits'}, {'action': 'install', 'id': '5494888', 'name': 'banana', 'url': ' ', 'version': '::fruits'}, {'action': 'install', 'id': '5475369', 'name': 'asciijump', 'url': ' ', 'version': '::apt'}, {'action': 'install', 'id': '5495382', 'name': 'cherry', 'url': ' ', 'version': '::fruits'}, {'action': 'install', 'id': '8018911', 'name': 'registry', 'url': ' ', 'version': '::docker'}]&quot;, 'c8y_SoftwareUpdate': [{'name': 'apple', 'action': 'install', 'id': '5495053', 'version': '::fruits', 'url': ' '}, {'name': 'banana', 'action': 'install', 'id': '5494888', 'version': '::fruits', 'url': ' '}, {'name': 'asciijump', 'action': 'install', 'id': '5475369', 'version': '::apt', 'url': ' '}, {'name': 'cherry', 'action': 'install', 'id': '5495382', 'version': '::fruits', 'url': ' '}, {'name': 'registry', 'action': 'install', 'id': '8018911', 'version': '::docker', 'url': ' '}]}
17:08:12 INFO  State of operation 21301686 : PENDING
17:08:14 INFO  State of operation 21301686 : EXECUTING
17:08:16 INFO  State of operation 21301686 : EXECUTING
17:08:18 INFO  State of operation 21301686 : EXECUTING
17:08:21 INFO  State of operation 21301686 : EXECUTING
17:08:23 INFO  State of operation 21301686 : EXECUTING
17:08:26 INFO  State of operation 21301686 : EXECUTING
17:08:28 INFO  State of operation 21301686 : EXECUTING
17:08:31 INFO  State of operation 21301686 : EXECUTING
17:08:33 INFO  State of operation 21301686 : EXECUTING
17:08:35 INFO  State of operation 21301686 : EXECUTING
17:08:38 INFO  State of operation 21301686 : EXECUTING
17:08:40 INFO  State of operation 21301686 : EXECUTING
17:08:42 INFO  State of operation 21301686 : EXECUTING
17:08:44 INFO  State of operation 21301686 : EXECUTING
17:08:47 INFO  State of operation 21301686 : EXECUTING
17:08:49 INFO  State of operation 21301686 : EXECUTING
17:08:51 INFO  State of operation 21301686 : EXECUTING
17:08:53 INFO  State of operation 21301686 : EXECUTING
17:08:55 INFO  State of operation 21301686 : EXECUTING
17:08:58 INFO  State of operation 21301686 : EXECUTING
17:09:00 INFO  State of operation 21301686 : EXECUTING
17:09:02 INFO  State of operation 21301686 : EXECUTING
17:09:04 INFO  State of operation 21301686 : EXECUTING
17:09:07 INFO  State of operation 21301686 : EXECUTING
17:09:09 INFO  State of operation 21301686 : SUCCESSFUL
17:09:09 INFO  Package apple is installed
17:09:09 INFO  Assert that (True == value) with value=True ... passed
17:09:09 INFO  Package banana is installed
17:09:09 INFO  Assert that (True == value) with value=True ... passed
17:09:10 INFO  Package cherry is installed
17:09:10 INFO  Assert that (True == value) with value=True ... passed
17:09:10 INFO  Package asciijump is installed
17:09:10 INFO  Assert that (True == value) with value=True ... passed
17:09:10 INFO  Package registry is installed
17:09:10 INFO  Assert that (True == value) with value=True ... passed
17:09:10 INFO  Response status: 201
17:09:10 INFO  Response to action: {
    &quot;delivery&quot;: {
        &quot;log&quot;: [],
        &quot;time&quot;: &quot;2022-07-22T17:09:10.802Z&quot;,
        &quot;status&quot;: &quot;PENDING&quot;
    },
    &quot;creationTime&quot;: &quot;2022-07-22T17:09:10.784Z&quot;,
    &quot;deviceId&quot;: &quot;21273852&quot;,
    &quot;deviceName&quot;: &quot;m32sd10b&quot;,
    &quot;self&quot;: &quot;https://t493319102.eu-latest.cumulocity.com/devicecontrol/operations/21301700&quot;,
    &quot;id&quot;: &quot;21301700&quot;,
    &quot;status&quot;: &quot;PENDING&quot;,
    &quot;description&quot;: &quot;Apply software changes, triggered from PySys: [{'action': 'delete', 'id': '5495053', 'name': 'apple', 'url': ' ', 'version': '::fruits'}, {'action': 'delete', 'id': '5494888', 'name': 'banana', 'url': ' ', 'version': '::fruits'}, {'action': 'delete', 'id': '5475369', 'name': 'asciijump', 'url': ' ', 'version': '::apt'}, {'action': 'delete', 'id': '5495382', 'name': 'cherry', 'url': ' ', 'version': '::fruits'}, {'action': 'delete', 'id': '8018911', 'name': 'registry', 'url': ' ', 'version': '::docker'}]&quot;,
    &quot;c8y_SoftwareUpdate&quot;: [
        {
            &quot;name&quot;: &quot;apple&quot;,
            &quot;action&quot;: &quot;delete&quot;,
            &quot;id&quot;: &quot;5495053&quot;,
            &quot;version&quot;: &quot;::fruits&quot;,
            &quot;url&quot;: &quot; &quot;
        },
        {
            &quot;name&quot;: &quot;banana&quot;,
            &quot;action&quot;: &quot;delete&quot;,
            &quot;id&quot;: &quot;5494888&quot;,
            &quot;version&quot;: &quot;::fruits&quot;,
            &quot;url&quot;: &quot; &quot;
        },
        {
            &quot;name&quot;: &quot;asciijump&quot;,
            &quot;action&quot;: &quot;delete&quot;,
            &quot;id&quot;: &quot;5475369&quot;,
            &quot;version&quot;: &quot;::apt&quot;,
            &quot;url&quot;: &quot; &quot;
        },
        {
            &quot;name&quot;: &quot;cherry&quot;,
            &quot;action&quot;: &quot;delete&quot;,
            &quot;id&quot;: &quot;5495382&quot;,
            &quot;version&quot;: &quot;::fruits&quot;,
            &quot;url&quot;: &quot; &quot;
        },
        {
            &quot;name&quot;: &quot;registry&quot;,
            &quot;action&quot;: &quot;delete&quot;,
            &quot;id&quot;: &quot;8018911&quot;,
            &quot;version&quot;: &quot;::docker&quot;,
            &quot;url&quot;: &quot; &quot;
        }
    ]
}
17:09:10 INFO  Started operation: {'delivery': {'log': [], 'time': '2022-07-22T17:09:10.802Z', 'status': 'PENDING'}, 'creationTime': '2022-07-22T17:09:10.784Z', 'deviceId': '21273852', 'deviceName': 'm32sd10b', 'self': 'https://t493319102.eu-latest.cumulocity.com/devicecontrol/operations/21301700', 'id': '21301700', 'status': 'PENDING', 'description': &quot;Apply software changes, triggered from PySys: [{'action': 'delete', 'id': '5495053', 'name': 'apple', 'url': ' ', 'version': '::fruits'}, {'action': 'delete', 'id': '5494888', 'name': 'banana', 'url': ' ', 'version': '::fruits'}, {'action': 'delete', 'id': '5475369', 'name': 'asciijump', 'url': ' ', 'version': '::apt'}, {'action': 'delete', 'id': '5495382', 'name': 'cherry', 'url': ' ', 'version': '::fruits'}, {'action': 'delete', 'id': '8018911', 'name': 'registry', 'url': ' ', 'version': '::docker'}]&quot;, 'c8y_SoftwareUpdate': [{'name': 'apple', 'action': 'delete', 'id': '5495053', 'version': '::fruits', 'url': ' '}, {'name': 'banana', 'action': 'delete', 'id': '5494888', 'version': '::fruits', 'url': ' '}, {'name': 'asciijump', 'action': 'delete', 'id': '5475369', 'version': '::apt', 'url': ' '}, {'name': 'cherry', 'action': 'delete', 'id': '5495382', 'version': '::fruits', 'url': ' '}, {'name': 'registry', 'action': 'delete', 'id': '8018911', 'version': '::docker', 'url': ' '}]}
17:09:13 INFO  State of operation 21301700 : PENDING
17:09:15 INFO  State of operation 21301700 : EXECUTING
17:09:17 INFO  State of operation 21301700 : EXECUTING
17:09:19 INFO  State of operation 21301700 : EXECUTING
17:09:21 INFO  State of operation 21301700 : EXECUTING
17:09:24 INFO  State of operation 21301700 : EXECUTING
17:09:26 INFO  State of operation 21301700 : EXECUTING
17:09:29 INFO  State of operation 21301700 : EXECUTING
17:09:31 INFO  State of operation 21301700 : EXECUTING
17:09:34 INFO  State of operation 21301700 : EXECUTING
17:09:36 INFO  State of operation 21301700 : EXECUTING
17:09:38 INFO  State of operation 21301700 : EXECUTING
17:09:40 INFO  State of operation 21301700 : EXECUTING
17:09:43 INFO  State of operation 21301700 : EXECUTING
17:09:45 INFO  State of operation 21301700 : EXECUTING
17:09:47 INFO  State of operation 21301700 : EXECUTING
17:09:51 INFO  State of operation 21301700 : EXECUTING
17:09:54 INFO  State of operation 21301700 : EXECUTING
17:09:56 INFO  State of operation 21301700 : EXECUTING
17:09:58 INFO  State of operation 21301700 : EXECUTING
17:10:00 INFO  State of operation 21301700 : EXECUTING
17:10:03 INFO  State of operation 21301700 : EXECUTING
17:10:06 INFO  State of operation 21301700 : EXECUTING
17:10:08 INFO  State of operation 21301700 : EXECUTING
17:10:10 INFO  State of operation 21301700 : EXECUTING
17:10:12 INFO  State of operation 21301700 : EXECUTING
17:10:15 INFO  State of operation 21301700 : EXECUTING
17:10:17 INFO  State of operation 21301700 : EXECUTING
17:10:19 INFO  State of operation 21301700 : EXECUTING
17:10:22 INFO  State of operation 21301700 : SUCCESSFUL
17:10:22 INFO  Package apple is installed
17:10:22 INFO  Assert that (True == value) with value=True ... passed
17:10:22 INFO  Package banana is installed
17:10:22 INFO  Assert that (True == value) with value=True ... passed
17:10:22 INFO  Package cherry is installed
17:10:22 INFO  Assert that (True == value) with value=True ... passed
17:10:22 INFO  Assert that (False == value) with value=False ... passed
17:10:23 INFO  Assert that (False == value) with value=False ... passed
17:10:23 INFO  
17:10:23 INFO  cleanup:
17:10:27 INFO  Executed sudo&lt;tedge_disconnect_c8y&gt;, exit status 0
17:10:27 INFO  Executed systemctl&lt;serv_mapper5&gt;, exit status 3
17:10:27 INFO  
17:10:27 INFO  Test duration: 164.00 secs
17:10:27 INFO  Test final outcome:  FAILED
17:10:27 INFO  Test outcome reason: Assert that (False == value) with value=True
17:10:27 INFO  
</system-out>
	</testcase>
</testsuite>
