<?xml version="1.0" encoding="utf-8"?>
<testsuite failures="1" name="SoftwareManagement.sm_mixed_install_remove_multiple" skipped="0" tests="1" time="163.65" timestamp="2022-07-20T14:15:55">
	<testcase classname="PySysTest" name="SoftwareManagement.sm_mixed_install_remove_multiple">
		<failure message="FAILED: Assert that (False == value) with value=True" type="FAILED"/>
		<system-out>14:13:12 INFO  ==============================================================
14:13:12 INFO  Id:    SoftwareManagement.sm_mixed_install_remove_multiple
14:13:12 INFO  Dir:   software_management_end_to_end/
14:13:12 INFO  Title: Validate end to end behaviour for the dummy-plugin for multiple packages with mixed versions
14:13:12 INFO  ==============================================================
14:13:12 INFO  Using sw id database: {'asciijump': '5475369', 'robotfindskitten': '5474869', 'squirrel3': '5475279', 'rolldice': '5152439', 'moon-buggy': '5439204', 'apple': '5495053', 'banana': '5494888', 'cherry': '5495382', 'watermelon': '5494510', 'registry': '8018911', 'hello-world': '8021526', 'docker/getting-started': '8021973', 'alpine': '7991792'}
14:13:12 INFO  EnvironmentC8y Setup
14:13:12 INFO  Executed systemctl&lt;serv_mapper1&gt;, exit status 3
14:13:13 INFO  Restarting mosquitto too frequently in the last 10 seconds. It was only up for 5 seconds
14:13:13 INFO  Delaying execution by 6 seconds
14:13:32 INFO  Executed sudo&lt;tedge_connect_c8y&gt;, exit status 0, duration 13 secs
14:13:33 INFO  Executed sudo&lt;tedge_connect_c8y_test&gt;, exit status 0
14:13:33 INFO  Executed systemctl&lt;serv_mosq2&gt;, exit status 0
14:13:34 INFO  Executed systemctl&lt;serv_mapper3&gt;, exit status 0
14:13:36 INFO  State of current operation: SUCCESSFUL
14:13:36 INFO  Package apple is installed
14:13:36 INFO  Assert that (True == value) with value=True ... passed
14:13:37 INFO  Package banana is installed
14:13:37 INFO  Assert that (True == value) with value=True ... passed
14:13:37 INFO  Package cherry is installed
14:13:37 INFO  Assert that (True == value) with value=True ... passed
14:13:37 INFO  Package asciijump is installed
14:13:37 WARN  Assert that (False == value) with value=True ... failed 
14:13:38 INFO  Assert that (False == value) with value=False ... passed
14:13:38 INFO  Response status: 201
14:13:38 INFO  Response to action: {
    &quot;creationTime&quot;: &quot;2022-07-20T14:13:38.408Z&quot;,
    &quot;deviceId&quot;: &quot;21082649&quot;,
    &quot;deviceName&quot;: &quot;m32sd10b&quot;,
    &quot;self&quot;: &quot;https://t493319102.eu-latest.cumulocity.com/devicecontrol/operations/21093863&quot;,
    &quot;id&quot;: &quot;21093863&quot;,
    &quot;status&quot;: &quot;PENDING&quot;,
    &quot;description&quot;: &quot;Apply software changes, triggered from PySys: [{'action': 'install', 'id': '5495053', 'name': 'apple', 'url': ' ', 'version': '::fruits'}, {'action': 'install', 'id': '5494888', 'name': 'banana', 'url': ' ', 'version': '::fruits'}, {'action': 'install', 'id': '5475369', 'name': 'asciijump', 'url': ' ', 'version': '::apt'}, {'action': 'install', 'id': '5495382', 'name': 'cherry', 'url': ' ', 'version': '::fruits'}, {'action': 'install', 'id': '8018911', 'name': 'registry', 'url': ' ', 'version': '::docker'}]&quot;,
    &quot;c8y_SoftwareUpdate&quot;: [
        {
            &quot;name&quot;: &quot;apple&quot;,
            &quot;action&quot;: &quot;install&quot;,
            &quot;id&quot;: &quot;5495053&quot;,
            &quot;version&quot;: &quot;::fruits&quot;,
            &quot;url&quot;: &quot; &quot;
        },
        {
            &quot;name&quot;: &quot;banana&quot;,
            &quot;action&quot;: &quot;install&quot;,
            &quot;id&quot;: &quot;5494888&quot;,
            &quot;version&quot;: &quot;::fruits&quot;,
            &quot;url&quot;: &quot; &quot;
        },
        {
            &quot;name&quot;: &quot;asciijump&quot;,
            &quot;action&quot;: &quot;install&quot;,
            &quot;id&quot;: &quot;5475369&quot;,
            &quot;version&quot;: &quot;::apt&quot;,
            &quot;url&quot;: &quot; &quot;
        },
        {
            &quot;name&quot;: &quot;cherry&quot;,
            &quot;action&quot;: &quot;install&quot;,
            &quot;id&quot;: &quot;5495382&quot;,
            &quot;version&quot;: &quot;::fruits&quot;,
            &quot;url&quot;: &quot; &quot;
        },
        {
            &quot;name&quot;: &quot;registry&quot;,
            &quot;action&quot;: &quot;install&quot;,
            &quot;id&quot;: &quot;8018911&quot;,
            &quot;version&quot;: &quot;::docker&quot;,
            &quot;url&quot;: &quot; &quot;
        }
    ]
}
14:13:38 INFO  Started operation: {'creationTime': '2022-07-20T14:13:38.408Z', 'deviceId': '21082649', 'deviceName': 'm32sd10b', 'self': 'https://t493319102.eu-latest.cumulocity.com/devicecontrol/operations/21093863', 'id': '21093863', 'status': 'PENDING', 'description': &quot;Apply software changes, triggered from PySys: [{'action': 'install', 'id': '5495053', 'name': 'apple', 'url': ' ', 'version': '::fruits'}, {'action': 'install', 'id': '5494888', 'name': 'banana', 'url': ' ', 'version': '::fruits'}, {'action': 'install', 'id': '5475369', 'name': 'asciijump', 'url': ' ', 'version': '::apt'}, {'action': 'install', 'id': '5495382', 'name': 'cherry', 'url': ' ', 'version': '::fruits'}, {'action': 'install', 'id': '8018911', 'name': 'registry', 'url': ' ', 'version': '::docker'}]&quot;, 'c8y_SoftwareUpdate': [{'name': 'apple', 'action': 'install', 'id': '5495053', 'version': '::fruits', 'url': ' '}, {'name': 'banana', 'action': 'install', 'id': '5494888', 'version': '::fruits', 'url': ' '}, {'name': 'asciijump', 'action': 'install', 'id': '5475369', 'version': '::apt', 'url': ' '}, {'name': 'cherry', 'action': 'install', 'id': '5495382', 'version': '::fruits', 'url': ' '}, {'name': 'registry', 'action': 'install', 'id': '8018911', 'version': '::docker', 'url': ' '}]}
14:13:40 INFO  State of operation 21093863 : PENDING
14:13:42 INFO  State of operation 21093863 : EXECUTING
14:13:45 INFO  State of operation 21093863 : EXECUTING
14:13:47 INFO  State of operation 21093863 : EXECUTING
14:13:49 INFO  State of operation 21093863 : EXECUTING
14:13:51 INFO  State of operation 21093863 : EXECUTING
14:13:54 INFO  State of operation 21093863 : EXECUTING
14:13:56 INFO  State of operation 21093863 : EXECUTING
14:13:59 INFO  State of operation 21093863 : EXECUTING
14:14:01 INFO  State of operation 21093863 : EXECUTING
14:14:04 INFO  State of operation 21093863 : EXECUTING
14:14:06 INFO  State of operation 21093863 : EXECUTING
14:14:08 INFO  State of operation 21093863 : EXECUTING
14:14:10 INFO  State of operation 21093863 : EXECUTING
14:14:12 INFO  State of operation 21093863 : EXECUTING
14:14:15 INFO  State of operation 21093863 : EXECUTING
14:14:17 INFO  State of operation 21093863 : EXECUTING
14:14:19 INFO  State of operation 21093863 : EXECUTING
14:14:22 INFO  State of operation 21093863 : EXECUTING
14:14:24 INFO  State of operation 21093863 : EXECUTING
14:14:26 INFO  State of operation 21093863 : EXECUTING
14:14:28 INFO  State of operation 21093863 : EXECUTING
14:14:31 INFO  State of operation 21093863 : EXECUTING
14:14:33 INFO  State of operation 21093863 : EXECUTING
14:14:35 INFO  State of operation 21093863 : EXECUTING
14:14:37 INFO  State of operation 21093863 : SUCCESSFUL
14:14:37 INFO  Package apple is installed
14:14:37 INFO  Assert that (True == value) with value=True ... passed
14:14:38 INFO  Package banana is installed
14:14:38 INFO  Assert that (True == value) with value=True ... passed
14:14:38 INFO  Package cherry is installed
14:14:38 INFO  Assert that (True == value) with value=True ... passed
14:14:38 INFO  Package asciijump is installed
14:14:38 INFO  Assert that (True == value) with value=True ... passed
14:14:38 INFO  Package registry is installed
14:14:38 INFO  Assert that (True == value) with value=True ... passed
14:14:39 INFO  Response status: 201
14:14:39 INFO  Response to action: {
    &quot;creationTime&quot;: &quot;2022-07-20T14:14:39.067Z&quot;,
    &quot;deviceId&quot;: &quot;21082649&quot;,
    &quot;deviceName&quot;: &quot;m32sd10b&quot;,
    &quot;self&quot;: &quot;https://t493319102.eu-latest.cumulocity.com/devicecontrol/operations/21093875&quot;,
    &quot;id&quot;: &quot;21093875&quot;,
    &quot;status&quot;: &quot;PENDING&quot;,
    &quot;description&quot;: &quot;Apply software changes, triggered from PySys: [{'action': 'delete', 'id': '5495053', 'name': 'apple', 'url': ' ', 'version': '::fruits'}, {'action': 'delete', 'id': '5494888', 'name': 'banana', 'url': ' ', 'version': '::fruits'}, {'action': 'delete', 'id': '5475369', 'name': 'asciijump', 'url': ' ', 'version': '::apt'}, {'action': 'delete', 'id': '5495382', 'name': 'cherry', 'url': ' ', 'version': '::fruits'}, {'action': 'delete', 'id': '8018911', 'name': 'registry', 'url': ' ', 'version': '::docker'}]&quot;,
    &quot;c8y_SoftwareUpdate&quot;: [
        {
            &quot;name&quot;: &quot;apple&quot;,
            &quot;action&quot;: &quot;delete&quot;,
            &quot;id&quot;: &quot;5495053&quot;,
            &quot;version&quot;: &quot;::fruits&quot;,
            &quot;url&quot;: &quot; &quot;
        },
        {
            &quot;name&quot;: &quot;banana&quot;,
            &quot;action&quot;: &quot;delete&quot;,
            &quot;id&quot;: &quot;5494888&quot;,
            &quot;version&quot;: &quot;::fruits&quot;,
            &quot;url&quot;: &quot; &quot;
        },
        {
            &quot;name&quot;: &quot;asciijump&quot;,
            &quot;action&quot;: &quot;delete&quot;,
            &quot;id&quot;: &quot;5475369&quot;,
            &quot;version&quot;: &quot;::apt&quot;,
            &quot;url&quot;: &quot; &quot;
        },
        {
            &quot;name&quot;: &quot;cherry&quot;,
            &quot;action&quot;: &quot;delete&quot;,
            &quot;id&quot;: &quot;5495382&quot;,
            &quot;version&quot;: &quot;::fruits&quot;,
            &quot;url&quot;: &quot; &quot;
        },
        {
            &quot;name&quot;: &quot;registry&quot;,
            &quot;action&quot;: &quot;delete&quot;,
            &quot;id&quot;: &quot;8018911&quot;,
            &quot;version&quot;: &quot;::docker&quot;,
            &quot;url&quot;: &quot; &quot;
        }
    ]
}
14:14:39 INFO  Started operation: {'creationTime': '2022-07-20T14:14:39.067Z', 'deviceId': '21082649', 'deviceName': 'm32sd10b', 'self': 'https://t493319102.eu-latest.cumulocity.com/devicecontrol/operations/21093875', 'id': '21093875', 'status': 'PENDING', 'description': &quot;Apply software changes, triggered from PySys: [{'action': 'delete', 'id': '5495053', 'name': 'apple', 'url': ' ', 'version': '::fruits'}, {'action': 'delete', 'id': '5494888', 'name': 'banana', 'url': ' ', 'version': '::fruits'}, {'action': 'delete', 'id': '5475369', 'name': 'asciijump', 'url': ' ', 'version': '::apt'}, {'action': 'delete', 'id': '5495382', 'name': 'cherry', 'url': ' ', 'version': '::fruits'}, {'action': 'delete', 'id': '8018911', 'name': 'registry', 'url': ' ', 'version': '::docker'}]&quot;, 'c8y_SoftwareUpdate': [{'name': 'apple', 'action': 'delete', 'id': '5495053', 'version': '::fruits', 'url': ' '}, {'name': 'banana', 'action': 'delete', 'id': '5494888', 'version': '::fruits', 'url': ' '}, {'name': 'asciijump', 'action': 'delete', 'id': '5475369', 'version': '::apt', 'url': ' '}, {'name': 'cherry', 'action': 'delete', 'id': '5495382', 'version': '::fruits', 'url': ' '}, {'name': 'registry', 'action': 'delete', 'id': '8018911', 'version': '::docker', 'url': ' '}]}
14:14:41 INFO  State of operation 21093875 : PENDING
14:14:43 INFO  State of operation 21093875 : EXECUTING
14:14:45 INFO  State of operation 21093875 : EXECUTING
14:14:48 INFO  State of operation 21093875 : EXECUTING
14:14:50 INFO  State of operation 21093875 : EXECUTING
14:14:52 INFO  State of operation 21093875 : EXECUTING
14:14:55 INFO  State of operation 21093875 : EXECUTING
14:14:58 INFO  State of operation 21093875 : EXECUTING
14:15:00 INFO  State of operation 21093875 : EXECUTING
14:15:02 INFO  State of operation 21093875 : EXECUTING
14:15:04 INFO  State of operation 21093875 : EXECUTING
14:15:07 INFO  State of operation 21093875 : EXECUTING
14:15:09 INFO  State of operation 21093875 : EXECUTING
14:15:11 INFO  State of operation 21093875 : EXECUTING
14:15:13 INFO  State of operation 21093875 : EXECUTING
14:15:16 INFO  State of operation 21093875 : EXECUTING
14:15:20 INFO  State of operation 21093875 : EXECUTING
14:15:22 INFO  State of operation 21093875 : EXECUTING
14:15:24 INFO  State of operation 21093875 : EXECUTING
14:15:26 INFO  State of operation 21093875 : EXECUTING
14:15:29 INFO  State of operation 21093875 : EXECUTING
14:15:31 INFO  State of operation 21093875 : EXECUTING
14:15:34 INFO  State of operation 21093875 : EXECUTING
14:15:36 INFO  State of operation 21093875 : EXECUTING
14:15:38 INFO  State of operation 21093875 : EXECUTING
14:15:40 INFO  State of operation 21093875 : EXECUTING
14:15:43 INFO  State of operation 21093875 : EXECUTING
14:15:45 INFO  State of operation 21093875 : EXECUTING
14:15:47 INFO  State of operation 21093875 : EXECUTING
14:15:49 INFO  State of operation 21093875 : SUCCESSFUL
14:15:50 INFO  Package apple is installed
14:15:50 INFO  Assert that (True == value) with value=True ... passed
14:15:50 INFO  Package banana is installed
14:15:50 INFO  Assert that (True == value) with value=True ... passed
14:15:50 INFO  Package cherry is installed
14:15:50 INFO  Assert that (True == value) with value=True ... passed
14:15:50 INFO  Assert that (False == value) with value=False ... passed
14:15:51 INFO  Assert that (False == value) with value=False ... passed
14:15:51 INFO  
14:15:51 INFO  cleanup:
14:15:55 INFO  Executed sudo&lt;tedge_disconnect_c8y&gt;, exit status 0
14:15:55 INFO  Executed systemctl&lt;serv_mapper5&gt;, exit status 3
14:15:55 INFO  
14:15:55 INFO  Test duration: 163.65 secs
14:15:55 INFO  Test final outcome:  FAILED
14:15:55 INFO  Test outcome reason: Assert that (False == value) with value=True
14:15:55 INFO  
</system-out>
	</testcase>
</testsuite>
