<?xml version="1.0" encoding="utf-8"?>
<testsuite failures="1" name="SoftwareManagement.sm_apt_install_remove_multiple_mixed" skipped="0" tests="1" time="178.3" timestamp="2022-07-21T14:23:25">
	<testcase classname="PySysTest" name="SoftwareManagement.sm_apt_install_remove_multiple_mixed">
		<failure message="BLOCKED: SystemError: Timeout while waiting for status SUCCESSFUL or False (+1 other failures)" type="BLOCKED"/>
		<system-out>14:20:27 INFO  ==============================================================
14:20:27 INFO  Id:    SoftwareManagement.sm_apt_install_remove_multiple_mixed
14:20:27 INFO  Dir:   software_management_end_to_end/
14:20:27 INFO  Title: Validate end to end behaviour for the apt plugin for multiple packages with mixed versions
14:20:27 INFO  ==============================================================
14:20:27 INFO  Using sw id database: {'asciijump': '5475369', 'robotfindskitten': '5474869', 'squirrel3': '5475279', 'rolldice': '5152439', 'moon-buggy': '5439204', 'apple': '5495053', 'banana': '5494888', 'cherry': '5495382', 'watermelon': '5494510', 'registry': '8018911', 'hello-world': '8021526', 'docker/getting-started': '8021973', 'alpine': '7991792'}
14:20:27 INFO  EnvironmentC8y Setup
14:20:28 INFO  Executed systemctl&lt;serv_mapper1&gt;, exit status 3
14:20:28 INFO  Restarting mosquitto too frequently in the last 10 seconds. It was only up for 5 seconds
14:20:28 INFO  Delaying execution by 6 seconds
14:20:47 INFO  Executed sudo&lt;tedge_connect_c8y&gt;, exit status 0, duration 13 secs
14:20:48 INFO  Executed sudo&lt;tedge_connect_c8y_test&gt;, exit status 0
14:20:48 INFO  Executed systemctl&lt;serv_mosq2&gt;, exit status 0
14:20:49 INFO  Executed systemctl&lt;serv_mapper3&gt;, exit status 0
14:20:51 INFO  State of current operation: SUCCESSFUL
14:20:51 INFO  Assert that (False == value) with value=False ... passed
14:20:52 INFO  Assert that (False == value) with value=False ... passed
14:20:52 INFO  Assert that (False == value) with value=False ... passed
14:20:52 INFO  Assert that (False == value) with value=False ... passed
14:20:52 INFO  Package moon-buggy is installed
14:20:52 WARN  Assert that (False == value) with value=True ... failed 
14:20:54 INFO  Response status: 201
14:20:54 INFO  Response to action: {
    &quot;delivery&quot;: {
        &quot;log&quot;: [],
        &quot;time&quot;: &quot;2022-07-21T14:20:54.091Z&quot;,
        &quot;status&quot;: &quot;PENDING&quot;
    },
    &quot;creationTime&quot;: &quot;2022-07-21T14:20:54.073Z&quot;,
    &quot;deviceId&quot;: &quot;21116856&quot;,
    &quot;deviceName&quot;: &quot;m32sd10b&quot;,
    &quot;self&quot;: &quot;https://t493319102.eu-latest.cumulocity.com/devicecontrol/operations/21139921&quot;,
    &quot;id&quot;: &quot;21139921&quot;,
    &quot;status&quot;: &quot;PENDING&quot;,
    &quot;description&quot;: &quot;Apply software changes, triggered from PySys: [{'action': 'install', 'id': '5475369', 'name': 'asciijump', 'url': ' ', 'version': '::apt'}, {'action': 'install', 'id': '5474869', 'name': 'robotfindskitten', 'url': ' ', 'version': ' '}, {'action': 'install', 'id': '5475279', 'name': 'squirrel3', 'url': ' ', 'version': '3.1-7::apt'}, {'action': 'install', 'id': '5152439', 'name': 'rolldice', 'url': ' ', 'version': '1.16-1+b1'}, {'action': 'install', 'id': '5439204', 'name': 'moon-buggy', 'url': ' ', 'version': '1:1.0.51-12'}, {'action': 'install', 'id': '5475369', 'name': 'asciijump', 'url': ' ', 'version': '::apt'}]&quot;,
    &quot;c8y_SoftwareUpdate&quot;: [
        {
            &quot;name&quot;: &quot;asciijump&quot;,
            &quot;action&quot;: &quot;install&quot;,
            &quot;id&quot;: &quot;5475369&quot;,
            &quot;version&quot;: &quot;::apt&quot;,
            &quot;url&quot;: &quot; &quot;
        },
        {
            &quot;name&quot;: &quot;robotfindskitten&quot;,
            &quot;action&quot;: &quot;install&quot;,
            &quot;id&quot;: &quot;5474869&quot;,
            &quot;version&quot;: &quot; &quot;,
            &quot;url&quot;: &quot; &quot;
        },
        {
            &quot;name&quot;: &quot;squirrel3&quot;,
            &quot;action&quot;: &quot;install&quot;,
            &quot;id&quot;: &quot;5475279&quot;,
            &quot;version&quot;: &quot;3.1-7::apt&quot;,
            &quot;url&quot;: &quot; &quot;
        },
        {
            &quot;name&quot;: &quot;rolldice&quot;,
            &quot;action&quot;: &quot;install&quot;,
            &quot;id&quot;: &quot;5152439&quot;,
            &quot;version&quot;: &quot;1.16-1+b1&quot;,
            &quot;url&quot;: &quot; &quot;
        },
        {
            &quot;name&quot;: &quot;moon-buggy&quot;,
            &quot;action&quot;: &quot;install&quot;,
            &quot;id&quot;: &quot;5439204&quot;,
            &quot;version&quot;: &quot;1:1.0.51-12&quot;,
            &quot;url&quot;: &quot; &quot;
        },
        {
            &quot;name&quot;: &quot;asciijump&quot;,
            &quot;action&quot;: &quot;install&quot;,
            &quot;id&quot;: &quot;5475369&quot;,
            &quot;version&quot;: &quot;::apt&quot;,
            &quot;url&quot;: &quot; &quot;
        }
    ]
}
14:20:54 INFO  Started operation: {'delivery': {'log': [], 'time': '2022-07-21T14:20:54.091Z', 'status': 'PENDING'}, 'creationTime': '2022-07-21T14:20:54.073Z', 'deviceId': '21116856', 'deviceName': 'm32sd10b', 'self': 'https://t493319102.eu-latest.cumulocity.com/devicecontrol/operations/21139921', 'id': '21139921', 'status': 'PENDING', 'description': &quot;Apply software changes, triggered from PySys: [{'action': 'install', 'id': '5475369', 'name': 'asciijump', 'url': ' ', 'version': '::apt'}, {'action': 'install', 'id': '5474869', 'name': 'robotfindskitten', 'url': ' ', 'version': ' '}, {'action': 'install', 'id': '5475279', 'name': 'squirrel3', 'url': ' ', 'version': '3.1-7::apt'}, {'action': 'install', 'id': '5152439', 'name': 'rolldice', 'url': ' ', 'version': '1.16-1+b1'}, {'action': 'install', 'id': '5439204', 'name': 'moon-buggy', 'url': ' ', 'version': '1:1.0.51-12'}, {'action': 'install', 'id': '5475369', 'name': 'asciijump', 'url': ' ', 'version': '::apt'}]&quot;, 'c8y_SoftwareUpdate': [{'name': 'asciijump', 'action': 'install', 'id': '5475369', 'version': '::apt', 'url': ' '}, {'name': 'robotfindskitten', 'action': 'install', 'id': '5474869', 'version': ' ', 'url': ' '}, {'name': 'squirrel3', 'action': 'install', 'id': '5475279', 'version': '3.1-7::apt', 'url': ' '}, {'name': 'rolldice', 'action': 'install', 'id': '5152439', 'version': '1.16-1+b1', 'url': ' '}, {'name': 'moon-buggy', 'action': 'install', 'id': '5439204', 'version': '1:1.0.51-12', 'url': ' '}, {'name': 'asciijump', 'action': 'install', 'id': '5475369', 'version': '::apt', 'url': ' '}]}
14:20:56 INFO  State of operation 21139921 : PENDING
14:20:58 INFO  State of operation 21139921 : EXECUTING
14:21:00 INFO  State of operation 21139921 : EXECUTING
14:21:03 INFO  State of operation 21139921 : EXECUTING
14:21:05 INFO  State of operation 21139921 : EXECUTING
14:21:07 INFO  State of operation 21139921 : EXECUTING
14:21:10 INFO  State of operation 21139921 : EXECUTING
14:21:13 INFO  State of operation 21139921 : EXECUTING
14:21:16 INFO  State of operation 21139921 : EXECUTING
14:21:18 INFO  State of operation 21139921 : EXECUTING
14:21:20 INFO  State of operation 21139921 : EXECUTING
14:21:23 INFO  State of operation 21139921 : EXECUTING
14:21:25 INFO  State of operation 21139921 : EXECUTING
14:21:27 INFO  State of operation 21139921 : EXECUTING
14:21:29 INFO  State of operation 21139921 : EXECUTING
14:21:32 INFO  State of operation 21139921 : EXECUTING
14:21:34 INFO  State of operation 21139921 : EXECUTING
14:21:37 INFO  State of operation 21139921 : EXECUTING
14:21:39 INFO  State of operation 21139921 : EXECUTING
14:21:41 INFO  State of operation 21139921 : EXECUTING
14:21:43 INFO  State of operation 21139921 : EXECUTING
14:21:46 INFO  State of operation 21139921 : EXECUTING
14:21:48 INFO  State of operation 21139921 : EXECUTING
14:21:51 INFO  State of operation 21139921 : EXECUTING
14:21:53 INFO  State of operation 21139921 : EXECUTING
14:21:56 INFO  State of operation 21139921 : EXECUTING
14:21:58 INFO  State of operation 21139921 : EXECUTING
14:22:01 INFO  State of operation 21139921 : EXECUTING
14:22:03 INFO  State of operation 21139921 : EXECUTING
14:22:06 INFO  State of operation 21139921 : EXECUTING
14:22:08 INFO  State of operation 21139921 : EXECUTING
14:22:10 INFO  State of operation 21139921 : EXECUTING
14:22:12 INFO  State of operation 21139921 : EXECUTING
14:22:15 INFO  State of operation 21139921 : EXECUTING
14:22:17 INFO  State of operation 21139921 : EXECUTING
14:22:19 INFO  State of operation 21139921 : EXECUTING
14:22:21 INFO  State of operation 21139921 : EXECUTING
14:22:24 INFO  State of operation 21139921 : EXECUTING
14:22:27 INFO  State of operation 21139921 : EXECUTING
14:22:29 INFO  State of operation 21139921 : EXECUTING
14:22:31 INFO  State of operation 21139921 : EXECUTING
14:22:33 INFO  State of operation 21139921 : EXECUTING
14:22:36 INFO  State of operation 21139921 : EXECUTING
14:22:38 INFO  State of operation 21139921 : EXECUTING
14:22:40 INFO  State of operation 21139921 : EXECUTING
14:22:42 INFO  State of operation 21139921 : EXECUTING
14:22:45 INFO  State of operation 21139921 : EXECUTING
14:22:47 INFO  State of operation 21139921 : EXECUTING
14:22:50 INFO  State of operation 21139921 : EXECUTING
14:22:52 INFO  State of operation 21139921 : EXECUTING
14:22:54 INFO  State of operation 21139921 : EXECUTING
14:22:56 INFO  State of operation 21139921 : EXECUTING
14:22:59 INFO  State of operation 21139921 : EXECUTING
14:23:01 INFO  State of operation 21139921 : EXECUTING
14:23:03 INFO  State of operation 21139921 : EXECUTING
14:23:06 INFO  State of operation 21139921 : EXECUTING
14:23:08 INFO  State of operation 21139921 : EXECUTING
14:23:11 INFO  State of operation 21139921 : EXECUTING
14:23:14 INFO  State of operation 21139921 : EXECUTING
14:23:16 INFO  State of operation 21139921 : EXECUTING
14:23:18 INFO  State of operation 21139921 : EXECUTING
14:23:20 WARN  SystemError occurred while running test - Timeout while waiting for status SUCCESSFUL or False
Traceback (most recent call last):
  File &quot;/home/pi/env-pysys/lib/python3.7/site-packages/pysys/baserunner.py&quot;, line 1294, in __call__
    self.testObj.execute()
  File &quot;/home/pi/actions-runner/_work/thin-edge.io/thin-edge.io/tests/PySys/software_management_end_to_end/sm_apt_install_remove_multiple_mixed/run.py&quot;, line 89, in execute
    self.wait_until_succcess()
  File &quot;/home/pi/actions-runner/_work/thin-edge.io/thin-edge.io/tests/PySys/software_management_end_to_end/environment_sm_management.py&quot;, line 324, in wait_until_succcess
    self.wait_until_status(&quot;SUCCESSFUL&quot;)
  File &quot;/home/pi/actions-runner/_work/thin-edge.io/thin-edge.io/tests/PySys/software_management_end_to_end/environment_sm_management.py&quot;, line 381, in wait_until_status
    &quot;Timeout while waiting for status %s or %s&quot; % (status, status2)
SystemError: Timeout while waiting for status SUCCESSFUL or False
14:23:20 WARN  SystemError: Timeout while waiting for status SUCCESSFUL or False ... blocked 
14:23:20 INFO  
14:23:20 INFO  cleanup:
14:23:25 INFO  Executed sudo&lt;tedge_disconnect_c8y&gt;, exit status 0
14:23:25 INFO  Executed systemctl&lt;serv_mapper5&gt;, exit status 3
14:23:25 INFO  
14:23:25 INFO  Test duration: 178.30 secs
14:23:25 INFO  Test final outcome:  BLOCKED
14:23:25 INFO  Test outcome reason: SystemError: Timeout while waiting for status SUCCESSFUL or False (+1 other failures)
14:23:25 INFO  
</system-out>
	</testcase>
</testsuite>
