<?xml version="1.0" encoding="utf-8"?>
<testsuite failures="1" name="SoftwareManagement.sm_apt_install_remove_multiple_mixed" skipped="0" tests="1" time="178.77" timestamp="2022-06-22T17:02:54">
	<testcase classname="PySysTest" name="SoftwareManagement.sm_apt_install_remove_multiple_mixed">
		<failure message="BLOCKED: SystemError: Timeout while waiting for status SUCCESSFUL or False (+1 other failures)" type="BLOCKED"/>
		<system-out>16:59:55 INFO  ==============================================================
16:59:55 INFO  Id:    SoftwareManagement.sm_apt_install_remove_multiple_mixed
16:59:55 INFO  Dir:   software_management_end_to_end/
16:59:55 INFO  Title: Validate end to end behaviour for the apt plugin for multiple packages with mixed versions
16:59:55 INFO  ==============================================================
16:59:55 INFO  Using sw id database: {'asciijump': '5475369', 'robotfindskitten': '5474869', 'squirrel3': '5475279', 'rolldice': '5152439', 'moon-buggy': '5439204', 'apple': '5495053', 'banana': '5494888', 'cherry': '5495382', 'watermelon': '5494510', 'registry': '8018911', 'hello-world': '8021526', 'docker/getting-started': '8021973', 'alpine': '7991792'}
16:59:55 INFO  EnvironmentC8y Setup
16:59:56 INFO  Executed systemctl&lt;serv_mapper1&gt;, exit status 3
16:59:56 INFO  Restarting mosquitto too frequently in the last 10 seconds. It was only up for 5 seconds
16:59:56 INFO  Delaying execution by 6 seconds
17:00:16 INFO  Executed sudo&lt;tedge_connect_c8y&gt;, exit status 0, duration 13 secs
17:00:16 INFO  Executed sudo&lt;tedge_connect_c8y_test&gt;, exit status 0
17:00:17 INFO  Executed systemctl&lt;serv_mosq2&gt;, exit status 0
17:00:17 INFO  Executed systemctl&lt;serv_mapper3&gt;, exit status 0
17:00:19 INFO  State of current operation: SUCCESSFUL
17:00:20 INFO  Assert that (False == value) with value=False ... passed
17:00:20 INFO  Assert that (False == value) with value=False ... passed
17:00:20 INFO  Assert that (False == value) with value=False ... passed
17:00:20 INFO  Assert that (False == value) with value=False ... passed
17:00:21 INFO  Package moon-buggy is installed
17:00:21 WARN  Assert that (False == value) with value=True ... failed 
17:00:22 INFO  Response status: 201
17:00:22 INFO  Response to action: {
    &quot;creationTime&quot;: &quot;2022-06-22T17:00:22.496Z&quot;,
    &quot;deviceName&quot;: &quot;m32sd10b&quot;,
    &quot;deviceId&quot;: &quot;20418358&quot;,
    &quot;self&quot;: &quot;https://t493319102.eu-latest.cumulocity.com/devicecontrol/operations/20427579&quot;,
    &quot;id&quot;: &quot;20427579&quot;,
    &quot;status&quot;: &quot;PENDING&quot;,
    &quot;description&quot;: &quot;Apply software changes, triggered from PySys: [{'action': 'install', 'id': '5475369', 'name': 'asciijump', 'url': ' ', 'version': '::apt'}, {'action': 'install', 'id': '5474869', 'name': 'robotfindskitten', 'url': ' ', 'version': ' '}, {'action': 'install', 'id': '5475279', 'name': 'squirrel3', 'url': ' ', 'version': '3.1-7::apt'}, {'action': 'install', 'id': '5152439', 'name': 'rolldice', 'url': ' ', 'version': '1.16-1+b1'}, {'action': 'install', 'id': '5439204', 'name': 'moon-buggy', 'url': ' ', 'version': '1:1.0.51-12'}, {'action': 'install', 'id': '5475369', 'name': 'asciijump', 'url': ' ', 'version': '::apt'}]&quot;,
    &quot;c8y_SoftwareUpdate&quot;: [
        {
            &quot;name&quot;: &quot;asciijump&quot;,
            &quot;action&quot;: &quot;install&quot;,
            &quot;id&quot;: &quot;5475369&quot;,
            &quot;version&quot;: &quot;::apt&quot;,
            &quot;url&quot;: &quot; &quot;
        },
        {
            &quot;name&quot;: &quot;robotfindskitten&quot;,
            &quot;action&quot;: &quot;install&quot;,
            &quot;id&quot;: &quot;5474869&quot;,
            &quot;version&quot;: &quot; &quot;,
            &quot;url&quot;: &quot; &quot;
        },
        {
            &quot;name&quot;: &quot;squirrel3&quot;,
            &quot;action&quot;: &quot;install&quot;,
            &quot;id&quot;: &quot;5475279&quot;,
            &quot;version&quot;: &quot;3.1-7::apt&quot;,
            &quot;url&quot;: &quot; &quot;
        },
        {
            &quot;name&quot;: &quot;rolldice&quot;,
            &quot;action&quot;: &quot;install&quot;,
            &quot;id&quot;: &quot;5152439&quot;,
            &quot;version&quot;: &quot;1.16-1+b1&quot;,
            &quot;url&quot;: &quot; &quot;
        },
        {
            &quot;name&quot;: &quot;moon-buggy&quot;,
            &quot;action&quot;: &quot;install&quot;,
            &quot;id&quot;: &quot;5439204&quot;,
            &quot;version&quot;: &quot;1:1.0.51-12&quot;,
            &quot;url&quot;: &quot; &quot;
        },
        {
            &quot;name&quot;: &quot;asciijump&quot;,
            &quot;action&quot;: &quot;install&quot;,
            &quot;id&quot;: &quot;5475369&quot;,
            &quot;version&quot;: &quot;::apt&quot;,
            &quot;url&quot;: &quot; &quot;
        }
    ]
}
17:00:22 INFO  Started operation: {'creationTime': '2022-06-22T17:00:22.496Z', 'deviceName': 'm32sd10b', 'deviceId': '20418358', 'self': 'https://t493319102.eu-latest.cumulocity.com/devicecontrol/operations/20427579', 'id': '20427579', 'status': 'PENDING', 'description': &quot;Apply software changes, triggered from PySys: [{'action': 'install', 'id': '5475369', 'name': 'asciijump', 'url': ' ', 'version': '::apt'}, {'action': 'install', 'id': '5474869', 'name': 'robotfindskitten', 'url': ' ', 'version': ' '}, {'action': 'install', 'id': '5475279', 'name': 'squirrel3', 'url': ' ', 'version': '3.1-7::apt'}, {'action': 'install', 'id': '5152439', 'name': 'rolldice', 'url': ' ', 'version': '1.16-1+b1'}, {'action': 'install', 'id': '5439204', 'name': 'moon-buggy', 'url': ' ', 'version': '1:1.0.51-12'}, {'action': 'install', 'id': '5475369', 'name': 'asciijump', 'url': ' ', 'version': '::apt'}]&quot;, 'c8y_SoftwareUpdate': [{'name': 'asciijump', 'action': 'install', 'id': '5475369', 'version': '::apt', 'url': ' '}, {'name': 'robotfindskitten', 'action': 'install', 'id': '5474869', 'version': ' ', 'url': ' '}, {'name': 'squirrel3', 'action': 'install', 'id': '5475279', 'version': '3.1-7::apt', 'url': ' '}, {'name': 'rolldice', 'action': 'install', 'id': '5152439', 'version': '1.16-1+b1', 'url': ' '}, {'name': 'moon-buggy', 'action': 'install', 'id': '5439204', 'version': '1:1.0.51-12', 'url': ' '}, {'name': 'asciijump', 'action': 'install', 'id': '5475369', 'version': '::apt', 'url': ' '}]}
17:00:24 INFO  State of operation 20427579 : PENDING
17:00:27 INFO  State of operation 20427579 : EXECUTING
17:00:29 INFO  State of operation 20427579 : EXECUTING
17:00:31 INFO  State of operation 20427579 : EXECUTING
17:00:33 INFO  State of operation 20427579 : EXECUTING
17:00:36 INFO  State of operation 20427579 : EXECUTING
17:00:38 INFO  State of operation 20427579 : EXECUTING
17:00:41 INFO  State of operation 20427579 : EXECUTING
17:00:43 INFO  State of operation 20427579 : EXECUTING
17:00:46 INFO  State of operation 20427579 : EXECUTING
17:00:49 INFO  State of operation 20427579 : EXECUTING
17:00:51 INFO  State of operation 20427579 : EXECUTING
17:00:54 INFO  State of operation 20427579 : EXECUTING
17:00:56 INFO  State of operation 20427579 : EXECUTING
17:00:58 INFO  State of operation 20427579 : EXECUTING
17:01:01 INFO  State of operation 20427579 : EXECUTING
17:01:03 INFO  State of operation 20427579 : EXECUTING
17:01:06 INFO  State of operation 20427579 : EXECUTING
17:01:08 INFO  State of operation 20427579 : EXECUTING
17:01:10 INFO  State of operation 20427579 : EXECUTING
17:01:12 INFO  State of operation 20427579 : EXECUTING
17:01:15 INFO  State of operation 20427579 : EXECUTING
17:01:17 INFO  State of operation 20427579 : EXECUTING
17:01:20 INFO  State of operation 20427579 : EXECUTING
17:01:22 INFO  State of operation 20427579 : EXECUTING
17:01:25 INFO  State of operation 20427579 : EXECUTING
17:01:27 INFO  State of operation 20427579 : EXECUTING
17:01:30 INFO  State of operation 20427579 : EXECUTING
17:01:32 INFO  State of operation 20427579 : EXECUTING
17:01:34 INFO  State of operation 20427579 : EXECUTING
17:01:37 INFO  State of operation 20427579 : EXECUTING
17:01:39 INFO  State of operation 20427579 : EXECUTING
17:01:41 INFO  State of operation 20427579 : EXECUTING
17:01:43 INFO  State of operation 20427579 : EXECUTING
17:01:45 INFO  State of operation 20427579 : EXECUTING
17:01:48 INFO  State of operation 20427579 : EXECUTING
17:01:50 INFO  State of operation 20427579 : EXECUTING
17:01:53 INFO  State of operation 20427579 : EXECUTING
17:01:56 INFO  State of operation 20427579 : EXECUTING
17:01:58 INFO  State of operation 20427579 : EXECUTING
17:02:00 INFO  State of operation 20427579 : EXECUTING
17:02:03 INFO  State of operation 20427579 : EXECUTING
17:02:05 INFO  State of operation 20427579 : EXECUTING
17:02:07 INFO  State of operation 20427579 : EXECUTING
17:02:09 INFO  State of operation 20427579 : EXECUTING
17:02:12 INFO  State of operation 20427579 : EXECUTING
17:02:14 INFO  State of operation 20427579 : EXECUTING
17:02:17 INFO  State of operation 20427579 : EXECUTING
17:02:19 INFO  State of operation 20427579 : EXECUTING
17:02:21 INFO  State of operation 20427579 : EXECUTING
17:02:23 INFO  State of operation 20427579 : EXECUTING
17:02:26 INFO  State of operation 20427579 : EXECUTING
17:02:28 INFO  State of operation 20427579 : EXECUTING
17:02:31 INFO  State of operation 20427579 : EXECUTING
17:02:33 INFO  State of operation 20427579 : EXECUTING
17:02:36 INFO  State of operation 20427579 : EXECUTING
17:02:38 INFO  State of operation 20427579 : EXECUTING
17:02:40 INFO  State of operation 20427579 : EXECUTING
17:02:42 INFO  State of operation 20427579 : EXECUTING
17:02:45 INFO  State of operation 20427579 : EXECUTING
17:02:47 INFO  State of operation 20427579 : EXECUTING
17:02:49 WARN  SystemError occurred while running test - Timeout while waiting for status SUCCESSFUL or False
Traceback (most recent call last):
  File &quot;/home/pi/env-pysys/lib/python3.7/site-packages/pysys/baserunner.py&quot;, line 1294, in __call__
    self.testObj.execute()
  File &quot;/home/pi/actions-runner/_work/thin-edge.io/thin-edge.io/tests/PySys/software_management_end_to_end/sm_apt_install_remove_multiple_mixed/run.py&quot;, line 89, in execute
    self.wait_until_succcess()
  File &quot;/home/pi/actions-runner/_work/thin-edge.io/thin-edge.io/tests/PySys/software_management_end_to_end/environment_sm_management.py&quot;, line 324, in wait_until_succcess
    self.wait_until_status(&quot;SUCCESSFUL&quot;)
  File &quot;/home/pi/actions-runner/_work/thin-edge.io/thin-edge.io/tests/PySys/software_management_end_to_end/environment_sm_management.py&quot;, line 381, in wait_until_status
    &quot;Timeout while waiting for status %s or %s&quot; % (status, status2)
SystemError: Timeout while waiting for status SUCCESSFUL or False
17:02:49 WARN  SystemError: Timeout while waiting for status SUCCESSFUL or False ... blocked 
17:02:49 INFO  
17:02:49 INFO  cleanup:
17:02:53 INFO  Executed sudo&lt;tedge_disconnect_c8y&gt;, exit status 0
17:02:54 INFO  Executed systemctl&lt;serv_mapper5&gt;, exit status 3
17:02:54 INFO  
17:02:54 INFO  Test duration: 178.77 secs
17:02:54 INFO  Test final outcome:  BLOCKED
17:02:54 INFO  Test outcome reason: SystemError: Timeout while waiting for status SUCCESSFUL or False (+1 other failures)
17:02:54 INFO  
</system-out>
	</testcase>
</testsuite>
