<?xml version="1.0" encoding="utf-8"?>
<testsuite failures="1" name="SoftwareManagement.sm_docker_install_remove_multiple" skipped="0" tests="1" time="167.11" timestamp="2022-05-23T18:12:54">
	<testcase classname="SMDockerInstallRemove" name="SoftwareManagement.sm_docker_install_remove_multiple">
		<failure message="BLOCKED: SystemError: Timeout while waiting for status FAILED or SUCCESSFUL" type="BLOCKED"/>
		<system-out>18:10:07 INFO  ==============================================================
18:10:07 INFO  Id:    SoftwareManagement.sm_docker_install_remove_multiple
18:10:07 INFO  Dir:   software_management_end_to_end/
18:10:07 INFO  Title: Validate end to end behaviour for the docker plugin for multiple docker images with mixed versions
18:10:07 INFO  ==============================================================
18:10:07 INFO  Using sw id database: {'asciijump': '5475369', 'robotfindskitten': '5474869', 'squirrel3': '5475279', 'rolldice': '5152439', 'moon-buggy': '5439204', 'apple': '5495053', 'banana': '5494888', 'cherry': '5495382', 'watermelon': '5494510', 'registry': '8018911', 'hello-world': '8021526', 'docker/getting-started': '8021973', 'alpine': '7991792'}
18:10:07 INFO  EnvironmentC8y Setup
18:10:08 INFO  Executed systemctl&lt;serv_mapper1&gt;, exit status 3
18:10:08 INFO  Restarting mosquitto too frequently in the last 10 seconds. It was only up for 4 seconds
18:10:08 INFO  Delaying execution by 7 seconds
18:10:29 INFO  Executed sudo&lt;tedge_connect_c8y&gt;, exit status 0, duration 14 secs
18:10:29 INFO  Executed sudo&lt;tedge_connect_c8y_test&gt;, exit status 0
18:10:30 INFO  Executed systemctl&lt;serv_mosq2&gt;, exit status 0
18:10:30 INFO  Executed systemctl&lt;serv_mapper3&gt;, exit status 0
18:10:33 INFO  State of current operation: PENDING
18:10:35 INFO  State of current operation: PENDING
18:10:37 INFO  State of current operation: PENDING
18:10:40 INFO  State of current operation: PENDING
18:10:42 INFO  State of current operation: PENDING
18:10:44 INFO  State of current operation: PENDING
18:10:46 INFO  State of current operation: PENDING
18:10:49 INFO  State of current operation: PENDING
18:10:51 INFO  State of current operation: PENDING
18:10:53 INFO  State of current operation: PENDING
18:10:55 INFO  State of current operation: PENDING
18:10:58 INFO  State of current operation: PENDING
18:11:00 INFO  State of current operation: PENDING
18:11:02 INFO  State of current operation: PENDING
18:11:04 INFO  State of current operation: PENDING
18:11:07 INFO  State of current operation: PENDING
18:11:09 INFO  State of current operation: PENDING
18:11:11 INFO  State of current operation: PENDING
18:11:13 INFO  State of current operation: PENDING
18:11:16 INFO  State of current operation: PENDING
18:11:18 INFO  State of current operation: PENDING
18:11:20 INFO  State of current operation: PENDING
18:11:22 INFO  State of current operation: PENDING
18:11:25 INFO  State of current operation: PENDING
18:11:27 INFO  State of current operation: PENDING
18:11:29 INFO  State of current operation: PENDING
18:11:31 INFO  State of current operation: PENDING
18:11:33 INFO  State of current operation: PENDING
18:11:36 INFO  State of current operation: PENDING
18:11:38 INFO  State of current operation: PENDING
18:11:40 INFO  State of current operation: PENDING
18:11:42 INFO  State of current operation: PENDING
18:11:45 INFO  State of current operation: PENDING
18:11:47 INFO  State of current operation: PENDING
18:11:49 INFO  State of current operation: PENDING
18:11:51 INFO  State of current operation: PENDING
18:11:54 INFO  State of current operation: PENDING
18:11:56 INFO  State of current operation: PENDING
18:11:58 INFO  State of current operation: PENDING
18:12:00 INFO  State of current operation: PENDING
18:12:03 INFO  State of current operation: PENDING
18:12:05 INFO  State of current operation: PENDING
18:12:07 INFO  State of current operation: PENDING
18:12:09 INFO  State of current operation: PENDING
18:12:11 INFO  State of current operation: PENDING
18:12:14 INFO  State of current operation: PENDING
18:12:16 INFO  State of current operation: PENDING
18:12:18 INFO  State of current operation: PENDING
18:12:20 INFO  State of current operation: PENDING
18:12:23 INFO  State of current operation: PENDING
18:12:25 INFO  State of current operation: PENDING
18:12:27 INFO  State of current operation: PENDING
18:12:29 INFO  State of current operation: PENDING
18:12:32 INFO  State of current operation: PENDING
18:12:34 INFO  State of current operation: PENDING
18:12:36 INFO  State of current operation: PENDING
18:12:38 INFO  State of current operation: PENDING
18:12:40 INFO  State of current operation: PENDING
18:12:43 INFO  State of current operation: PENDING
18:12:45 INFO  State of current operation: PENDING
18:12:47 INFO  State of current operation: PENDING
18:12:49 WARN  SystemError occurred while running test - Timeout while waiting for status FAILED or SUCCESSFUL
Traceback (most recent call last):
  File &quot;/home/pi/env-pysys/lib/python3.7/site-packages/pysys/baserunner.py&quot;, line 1292, in __call__
    self.testObj.setup()
  File &quot;/home/pi/actions-runner/_work/thin-edge.io/thin-edge.io/tests/PySys/software_management_end_to_end/sm_docker_install_remove_multiple/run.py&quot;, line 29, in setup
    super().setup()
  File &quot;/home/pi/actions-runner/_work/thin-edge.io/thin-edge.io/tests/PySys/software_management_end_to_end/environment_sm_management.py&quot;, line 151, in setup
    self.wait_until_end()
  File &quot;/home/pi/actions-runner/_work/thin-edge.io/thin-edge.io/tests/PySys/software_management_end_to_end/environment_sm_management.py&quot;, line 332, in wait_until_end
    self.wait_until_status(&quot;FAILED&quot;, &quot;SUCCESSFUL&quot;)
  File &quot;/home/pi/actions-runner/_work/thin-edge.io/thin-edge.io/tests/PySys/software_management_end_to_end/environment_sm_management.py&quot;, line 381, in wait_until_status
    &quot;Timeout while waiting for status %s or %s&quot; % (status, status2)
SystemError: Timeout while waiting for status FAILED or SUCCESSFUL
18:12:49 WARN  SystemError: Timeout while waiting for status FAILED or SUCCESSFUL ... blocked 
18:12:49 INFO  
18:12:49 INFO  cleanup:
18:12:53 INFO  Executed sudo&lt;tedge_disconnect_c8y&gt;, exit status 0
18:12:54 INFO  Executed systemctl&lt;serv_mapper5&gt;, exit status 3
18:12:54 INFO  
18:12:54 INFO  Test duration: 167.11 secs
18:12:54 INFO  Test final outcome:  BLOCKED
18:12:54 INFO  Test outcome reason: SystemError: Timeout while waiting for status FAILED or SUCCESSFUL
18:12:54 INFO  
</system-out>
	</testcase>
</testsuite>
