<?xml version="1.0" encoding="utf-8"?>
<testsuite failures="0" name="SoftwareManagement.sm_fake_install_remove" skipped="0" tests="1" time="43.53" timestamp="2022-07-25T11:37:42">
	<testcase classname="PySysTest" name="SoftwareManagement.sm_fake_install_remove"/>
</testsuite>
