<?xml version="1.0" encoding="utf-8"?>
<testsuite failures="1" name="SoftwareManagement.sm_mixed_install_remove_multiple" skipped="0" tests="1" time="165.4" timestamp="2022-06-15T12:18:13">
	<testcase classname="PySysTest" name="SoftwareManagement.sm_mixed_install_remove_multiple">
		<failure message="FAILED: Assert that (False == value) with value=True" type="FAILED"/>
		<system-out>12:15:27 INFO  ==============================================================
12:15:27 INFO  Id:    SoftwareManagement.sm_mixed_install_remove_multiple
12:15:27 INFO  Dir:   software_management_end_to_end/
12:15:27 INFO  Title: Validate end to end behaviour for the dummy-plugin for multiple packages with mixed versions
12:15:27 INFO  ==============================================================
12:15:27 INFO  Using sw id database: {'asciijump': '5475369', 'robotfindskitten': '5474869', 'squirrel3': '5475279', 'rolldice': '5152439', 'moon-buggy': '5439204', 'apple': '5495053', 'banana': '5494888', 'cherry': '5495382', 'watermelon': '5494510', 'registry': '8018911', 'hello-world': '8021526', 'docker/getting-started': '8021973', 'alpine': '7991792'}
12:15:27 INFO  EnvironmentC8y Setup
12:15:28 INFO  Executed systemctl&lt;serv_mapper1&gt;, exit status 3
12:15:28 INFO  Restarting mosquitto too frequently in the last 10 seconds. It was only up for 4 seconds
12:15:28 INFO  Delaying execution by 7 seconds
12:15:49 INFO  Executed sudo&lt;tedge_connect_c8y&gt;, exit status 0, duration 14 secs
12:15:50 INFO  Executed sudo&lt;tedge_connect_c8y_test&gt;, exit status 0
12:15:50 INFO  Executed systemctl&lt;serv_mosq2&gt;, exit status 0
12:15:51 INFO  Executed systemctl&lt;serv_mapper3&gt;, exit status 0
12:15:53 INFO  State of current operation: SUCCESSFUL
12:15:53 INFO  Package apple is installed
12:15:53 INFO  Assert that (True == value) with value=True ... passed
12:15:53 INFO  Package banana is installed
12:15:53 INFO  Assert that (True == value) with value=True ... passed
12:15:53 INFO  Package cherry is installed
12:15:53 INFO  Assert that (True == value) with value=True ... passed
12:15:54 INFO  Package asciijump is installed
12:15:54 WARN  Assert that (False == value) with value=True ... failed 
12:15:54 INFO  Assert that (False == value) with value=False ... passed
12:15:54 INFO  Response status: 201
12:15:54 INFO  Response to action: {
    &quot;creationTime&quot;: &quot;2022-06-15T12:15:54.694Z&quot;,
    &quot;deviceName&quot;: &quot;m32sd10b&quot;,
    &quot;deviceId&quot;: &quot;20221101&quot;,
    &quot;self&quot;: &quot;https://t493319102.eu-latest.cumulocity.com/devicecontrol/operations/20232466&quot;,
    &quot;id&quot;: &quot;20232466&quot;,
    &quot;status&quot;: &quot;PENDING&quot;,
    &quot;description&quot;: &quot;Apply software changes, triggered from PySys: [{'action': 'install', 'id': '5495053', 'name': 'apple', 'url': ' ', 'version': '::fruits'}, {'action': 'install', 'id': '5494888', 'name': 'banana', 'url': ' ', 'version': '::fruits'}, {'action': 'install', 'id': '5475369', 'name': 'asciijump', 'url': ' ', 'version': '::apt'}, {'action': 'install', 'id': '5495382', 'name': 'cherry', 'url': ' ', 'version': '::fruits'}, {'action': 'install', 'id': '8018911', 'name': 'registry', 'url': ' ', 'version': '::docker'}]&quot;,
    &quot;c8y_SoftwareUpdate&quot;: [
        {
            &quot;name&quot;: &quot;apple&quot;,
            &quot;action&quot;: &quot;install&quot;,
            &quot;id&quot;: &quot;5495053&quot;,
            &quot;version&quot;: &quot;::fruits&quot;,
            &quot;url&quot;: &quot; &quot;
        },
        {
            &quot;name&quot;: &quot;banana&quot;,
            &quot;action&quot;: &quot;install&quot;,
            &quot;id&quot;: &quot;5494888&quot;,
            &quot;version&quot;: &quot;::fruits&quot;,
            &quot;url&quot;: &quot; &quot;
        },
        {
            &quot;name&quot;: &quot;asciijump&quot;,
            &quot;action&quot;: &quot;install&quot;,
            &quot;id&quot;: &quot;5475369&quot;,
            &quot;version&quot;: &quot;::apt&quot;,
            &quot;url&quot;: &quot; &quot;
        },
        {
            &quot;name&quot;: &quot;cherry&quot;,
            &quot;action&quot;: &quot;install&quot;,
            &quot;id&quot;: &quot;5495382&quot;,
            &quot;version&quot;: &quot;::fruits&quot;,
            &quot;url&quot;: &quot; &quot;
        },
        {
            &quot;name&quot;: &quot;registry&quot;,
            &quot;action&quot;: &quot;install&quot;,
            &quot;id&quot;: &quot;8018911&quot;,
            &quot;version&quot;: &quot;::docker&quot;,
            &quot;url&quot;: &quot; &quot;
        }
    ]
}
12:15:54 INFO  Started operation: {'creationTime': '2022-06-15T12:15:54.694Z', 'deviceName': 'm32sd10b', 'deviceId': '20221101', 'self': 'https://t493319102.eu-latest.cumulocity.com/devicecontrol/operations/20232466', 'id': '20232466', 'status': 'PENDING', 'description': &quot;Apply software changes, triggered from PySys: [{'action': 'install', 'id': '5495053', 'name': 'apple', 'url': ' ', 'version': '::fruits'}, {'action': 'install', 'id': '5494888', 'name': 'banana', 'url': ' ', 'version': '::fruits'}, {'action': 'install', 'id': '5475369', 'name': 'asciijump', 'url': ' ', 'version': '::apt'}, {'action': 'install', 'id': '5495382', 'name': 'cherry', 'url': ' ', 'version': '::fruits'}, {'action': 'install', 'id': '8018911', 'name': 'registry', 'url': ' ', 'version': '::docker'}]&quot;, 'c8y_SoftwareUpdate': [{'name': 'apple', 'action': 'install', 'id': '5495053', 'version': '::fruits', 'url': ' '}, {'name': 'banana', 'action': 'install', 'id': '5494888', 'version': '::fruits', 'url': ' '}, {'name': 'asciijump', 'action': 'install', 'id': '5475369', 'version': '::apt', 'url': ' '}, {'name': 'cherry', 'action': 'install', 'id': '5495382', 'version': '::fruits', 'url': ' '}, {'name': 'registry', 'action': 'install', 'id': '8018911', 'version': '::docker', 'url': ' '}]}
12:15:56 INFO  State of operation 20232466 : PENDING
12:15:59 INFO  State of operation 20232466 : EXECUTING
12:16:01 INFO  State of operation 20232466 : EXECUTING
12:16:03 INFO  State of operation 20232466 : EXECUTING
12:16:05 INFO  State of operation 20232466 : EXECUTING
12:16:08 INFO  State of operation 20232466 : EXECUTING
12:16:10 INFO  State of operation 20232466 : EXECUTING
12:16:13 INFO  State of operation 20232466 : EXECUTING
12:16:15 INFO  State of operation 20232466 : EXECUTING
12:16:18 INFO  State of operation 20232466 : EXECUTING
12:16:20 INFO  State of operation 20232466 : EXECUTING
12:16:22 INFO  State of operation 20232466 : EXECUTING
12:16:24 INFO  State of operation 20232466 : EXECUTING
12:16:27 INFO  State of operation 20232466 : EXECUTING
12:16:29 INFO  State of operation 20232466 : EXECUTING
12:16:31 INFO  State of operation 20232466 : EXECUTING
12:16:33 INFO  State of operation 20232466 : EXECUTING
12:16:36 INFO  State of operation 20232466 : EXECUTING
12:16:38 INFO  State of operation 20232466 : EXECUTING
12:16:40 INFO  State of operation 20232466 : EXECUTING
12:16:42 INFO  State of operation 20232466 : EXECUTING
12:16:44 INFO  State of operation 20232466 : EXECUTING
12:16:47 INFO  State of operation 20232466 : EXECUTING
12:16:49 INFO  State of operation 20232466 : EXECUTING
12:16:51 INFO  State of operation 20232466 : EXECUTING
12:16:53 INFO  State of operation 20232466 : SUCCESSFUL
12:16:54 INFO  Package apple is installed
12:16:54 INFO  Assert that (True == value) with value=True ... passed
12:16:54 INFO  Package banana is installed
12:16:54 INFO  Assert that (True == value) with value=True ... passed
12:16:54 INFO  Package cherry is installed
12:16:54 INFO  Assert that (True == value) with value=True ... passed
12:16:54 INFO  Package asciijump is installed
12:16:54 INFO  Assert that (True == value) with value=True ... passed
12:16:55 INFO  Package registry is installed
12:16:55 INFO  Assert that (True == value) with value=True ... passed
12:16:55 INFO  Response status: 201
12:16:55 INFO  Response to action: {
    &quot;creationTime&quot;: &quot;2022-06-15T12:16:55.325Z&quot;,
    &quot;deviceName&quot;: &quot;m32sd10b&quot;,
    &quot;deviceId&quot;: &quot;20221101&quot;,
    &quot;self&quot;: &quot;https://t493319102.eu-latest.cumulocity.com/devicecontrol/operations/20232474&quot;,
    &quot;id&quot;: &quot;20232474&quot;,
    &quot;status&quot;: &quot;PENDING&quot;,
    &quot;description&quot;: &quot;Apply software changes, triggered from PySys: [{'action': 'delete', 'id': '5495053', 'name': 'apple', 'url': ' ', 'version': '::fruits'}, {'action': 'delete', 'id': '5494888', 'name': 'banana', 'url': ' ', 'version': '::fruits'}, {'action': 'delete', 'id': '5475369', 'name': 'asciijump', 'url': ' ', 'version': '::apt'}, {'action': 'delete', 'id': '5495382', 'name': 'cherry', 'url': ' ', 'version': '::fruits'}, {'action': 'delete', 'id': '8018911', 'name': 'registry', 'url': ' ', 'version': '::docker'}]&quot;,
    &quot;c8y_SoftwareUpdate&quot;: [
        {
            &quot;name&quot;: &quot;apple&quot;,
            &quot;action&quot;: &quot;delete&quot;,
            &quot;id&quot;: &quot;5495053&quot;,
            &quot;version&quot;: &quot;::fruits&quot;,
            &quot;url&quot;: &quot; &quot;
        },
        {
            &quot;name&quot;: &quot;banana&quot;,
            &quot;action&quot;: &quot;delete&quot;,
            &quot;id&quot;: &quot;5494888&quot;,
            &quot;version&quot;: &quot;::fruits&quot;,
            &quot;url&quot;: &quot; &quot;
        },
        {
            &quot;name&quot;: &quot;asciijump&quot;,
            &quot;action&quot;: &quot;delete&quot;,
            &quot;id&quot;: &quot;5475369&quot;,
            &quot;version&quot;: &quot;::apt&quot;,
            &quot;url&quot;: &quot; &quot;
        },
        {
            &quot;name&quot;: &quot;cherry&quot;,
            &quot;action&quot;: &quot;delete&quot;,
            &quot;id&quot;: &quot;5495382&quot;,
            &quot;version&quot;: &quot;::fruits&quot;,
            &quot;url&quot;: &quot; &quot;
        },
        {
            &quot;name&quot;: &quot;registry&quot;,
            &quot;action&quot;: &quot;delete&quot;,
            &quot;id&quot;: &quot;8018911&quot;,
            &quot;version&quot;: &quot;::docker&quot;,
            &quot;url&quot;: &quot; &quot;
        }
    ]
}
12:16:55 INFO  Started operation: {'creationTime': '2022-06-15T12:16:55.325Z', 'deviceName': 'm32sd10b', 'deviceId': '20221101', 'self': 'https://t493319102.eu-latest.cumulocity.com/devicecontrol/operations/20232474', 'id': '20232474', 'status': 'PENDING', 'description': &quot;Apply software changes, triggered from PySys: [{'action': 'delete', 'id': '5495053', 'name': 'apple', 'url': ' ', 'version': '::fruits'}, {'action': 'delete', 'id': '5494888', 'name': 'banana', 'url': ' ', 'version': '::fruits'}, {'action': 'delete', 'id': '5475369', 'name': 'asciijump', 'url': ' ', 'version': '::apt'}, {'action': 'delete', 'id': '5495382', 'name': 'cherry', 'url': ' ', 'version': '::fruits'}, {'action': 'delete', 'id': '8018911', 'name': 'registry', 'url': ' ', 'version': '::docker'}]&quot;, 'c8y_SoftwareUpdate': [{'name': 'apple', 'action': 'delete', 'id': '5495053', 'version': '::fruits', 'url': ' '}, {'name': 'banana', 'action': 'delete', 'id': '5494888', 'version': '::fruits', 'url': ' '}, {'name': 'asciijump', 'action': 'delete', 'id': '5475369', 'version': '::apt', 'url': ' '}, {'name': 'cherry', 'action': 'delete', 'id': '5495382', 'version': '::fruits', 'url': ' '}, {'name': 'registry', 'action': 'delete', 'id': '8018911', 'version': '::docker', 'url': ' '}]}
12:16:57 INFO  State of operation 20232474 : PENDING
12:16:59 INFO  State of operation 20232474 : EXECUTING
12:17:02 INFO  State of operation 20232474 : EXECUTING
12:17:04 INFO  State of operation 20232474 : EXECUTING
12:17:06 INFO  State of operation 20232474 : EXECUTING
12:17:08 INFO  State of operation 20232474 : EXECUTING
12:17:11 INFO  State of operation 20232474 : EXECUTING
12:17:13 INFO  State of operation 20232474 : EXECUTING
12:17:16 INFO  State of operation 20232474 : EXECUTING
12:17:18 INFO  State of operation 20232474 : EXECUTING
12:17:21 INFO  State of operation 20232474 : EXECUTING
12:17:23 INFO  State of operation 20232474 : EXECUTING
12:17:25 INFO  State of operation 20232474 : EXECUTING
12:17:27 INFO  State of operation 20232474 : EXECUTING
12:17:30 INFO  State of operation 20232474 : EXECUTING
12:17:32 INFO  State of operation 20232474 : EXECUTING
12:17:35 INFO  State of operation 20232474 : EXECUTING
12:17:37 INFO  State of operation 20232474 : EXECUTING
12:17:39 INFO  State of operation 20232474 : EXECUTING
12:17:41 INFO  State of operation 20232474 : EXECUTING
12:17:44 INFO  State of operation 20232474 : EXECUTING
12:17:46 INFO  State of operation 20232474 : EXECUTING
12:17:48 INFO  State of operation 20232474 : EXECUTING
12:17:51 INFO  State of operation 20232474 : EXECUTING
12:17:53 INFO  State of operation 20232474 : EXECUTING
12:17:55 INFO  State of operation 20232474 : EXECUTING
12:17:58 INFO  State of operation 20232474 : EXECUTING
12:18:00 INFO  State of operation 20232474 : EXECUTING
12:18:02 INFO  State of operation 20232474 : EXECUTING
12:18:04 INFO  State of operation 20232474 : EXECUTING
12:18:07 INFO  State of operation 20232474 : SUCCESSFUL
12:18:07 INFO  Package apple is installed
12:18:07 INFO  Assert that (True == value) with value=True ... passed
12:18:07 INFO  Package banana is installed
12:18:07 INFO  Assert that (True == value) with value=True ... passed
12:18:07 INFO  Package cherry is installed
12:18:07 INFO  Assert that (True == value) with value=True ... passed
12:18:08 INFO  Assert that (False == value) with value=False ... passed
12:18:08 INFO  Assert that (False == value) with value=False ... passed
12:18:08 INFO  
12:18:08 INFO  cleanup:
12:18:12 INFO  Executed sudo&lt;tedge_disconnect_c8y&gt;, exit status 0
12:18:13 INFO  Executed systemctl&lt;serv_mapper5&gt;, exit status 3
12:18:13 INFO  
12:18:13 INFO  Test duration: 165.40 secs
12:18:13 INFO  Test final outcome:  FAILED
12:18:13 INFO  Test outcome reason: Assert that (False == value) with value=True
12:18:13 INFO  
</system-out>
	</testcase>
</testsuite>
