<?xml version="1.0" encoding="utf-8"?>
<testsuite failures="1" name="SoftwareManagement.sm_apt_install_remove" skipped="0" tests="1" time="166.95" timestamp="2022-05-24T11:55:05">
	<testcase classname="PySysTest" name="SoftwareManagement.sm_apt_install_remove">
		<failure message="BLOCKED: SystemError: Timeout while waiting for status FAILED or SUCCESSFUL" type="BLOCKED"/>
		<system-out>11:52:18 INFO  ==============================================================
11:52:18 INFO  Id:    SoftwareManagement.sm_apt_install_remove
11:52:18 INFO  Dir:   software_management_end_to_end/
11:52:18 INFO  Title: Validate end to end behaviour for the apt plugin for installation and removal of packages
11:52:18 INFO  ==============================================================
11:52:18 INFO  Using sw id database: {'asciijump': '5475369', 'robotfindskitten': '5474869', 'squirrel3': '5475279', 'rolldice': '5152439', 'moon-buggy': '5439204', 'apple': '5495053', 'banana': '5494888', 'cherry': '5495382', 'watermelon': '5494510', 'registry': '8018911', 'hello-world': '8021526', 'docker/getting-started': '8021973', 'alpine': '7991792'}
11:52:18 INFO  EnvironmentC8y Setup
11:52:19 INFO  Executed systemctl&lt;serv_mapper1&gt;, exit status 3
11:52:19 INFO  Restarting mosquitto too frequently in the last 10 seconds. It was only up for 4 seconds
11:52:19 INFO  Delaying execution by 7 seconds
11:52:40 INFO  Executed sudo&lt;tedge_connect_c8y&gt;, exit status 0, duration 14 secs
11:52:41 INFO  Executed sudo&lt;tedge_connect_c8y_test&gt;, exit status 0
11:52:41 INFO  Executed systemctl&lt;serv_mosq2&gt;, exit status 0
11:52:42 INFO  Executed systemctl&lt;serv_mapper3&gt;, exit status 0
11:52:44 INFO  State of current operation: PENDING
11:52:46 INFO  State of current operation: PENDING
11:52:48 INFO  State of current operation: PENDING
11:52:51 INFO  State of current operation: PENDING
11:52:53 INFO  State of current operation: PENDING
11:52:55 INFO  State of current operation: PENDING
11:52:57 INFO  State of current operation: PENDING
11:53:00 INFO  State of current operation: PENDING
11:53:02 INFO  State of current operation: PENDING
11:53:04 INFO  State of current operation: PENDING
11:53:06 INFO  State of current operation: PENDING
11:53:09 INFO  State of current operation: PENDING
11:53:11 INFO  State of current operation: PENDING
11:53:13 INFO  State of current operation: PENDING
11:53:15 INFO  State of current operation: PENDING
11:53:18 INFO  State of current operation: PENDING
11:53:20 INFO  State of current operation: PENDING
11:53:22 INFO  State of current operation: PENDING
11:53:24 INFO  State of current operation: PENDING
11:53:27 INFO  State of current operation: PENDING
11:53:29 INFO  State of current operation: PENDING
11:53:31 INFO  State of current operation: PENDING
11:53:33 INFO  State of current operation: PENDING
11:53:35 INFO  State of current operation: PENDING
11:53:38 INFO  State of current operation: PENDING
11:53:40 INFO  State of current operation: PENDING
11:53:42 INFO  State of current operation: PENDING
11:53:44 INFO  State of current operation: PENDING
11:53:47 INFO  State of current operation: PENDING
11:53:49 INFO  State of current operation: PENDING
11:53:51 INFO  State of current operation: PENDING
11:53:53 INFO  State of current operation: PENDING
11:53:56 INFO  State of current operation: PENDING
11:53:58 INFO  State of current operation: PENDING
11:54:00 INFO  State of current operation: PENDING
11:54:02 INFO  State of current operation: PENDING
11:54:05 INFO  State of current operation: PENDING
11:54:07 INFO  State of current operation: PENDING
11:54:09 INFO  State of current operation: PENDING
11:54:11 INFO  State of current operation: PENDING
11:54:14 INFO  State of current operation: PENDING
11:54:16 INFO  State of current operation: PENDING
11:54:18 INFO  State of current operation: PENDING
11:54:20 INFO  State of current operation: PENDING
11:54:23 INFO  State of current operation: PENDING
11:54:25 INFO  State of current operation: PENDING
11:54:27 INFO  State of current operation: PENDING
11:54:29 INFO  State of current operation: PENDING
11:54:31 INFO  State of current operation: PENDING
11:54:34 INFO  State of current operation: PENDING
11:54:36 INFO  State of current operation: PENDING
11:54:38 INFO  State of current operation: PENDING
11:54:40 INFO  State of current operation: PENDING
11:54:43 INFO  State of current operation: PENDING
11:54:45 INFO  State of current operation: PENDING
11:54:47 INFO  State of current operation: PENDING
11:54:49 INFO  State of current operation: PENDING
11:54:52 INFO  State of current operation: PENDING
11:54:54 INFO  State of current operation: PENDING
11:54:56 INFO  State of current operation: PENDING
11:54:58 INFO  State of current operation: PENDING
11:55:00 WARN  SystemError occurred while running test - Timeout while waiting for status FAILED or SUCCESSFUL
Traceback (most recent call last):
  File &quot;/home/pi/env-pysys/lib/python3.7/site-packages/pysys/baserunner.py&quot;, line 1292, in __call__
    self.testObj.setup()
  File &quot;/home/pi/actions-runner/_work/thin-edge.io/thin-edge.io/tests/PySys/software_management_end_to_end/sm_apt_install_remove/run.py&quot;, line 27, in setup
    super().setup()
  File &quot;/home/pi/actions-runner/_work/thin-edge.io/thin-edge.io/tests/PySys/software_management_end_to_end/environment_sm_management.py&quot;, line 151, in setup
    self.wait_until_end()
  File &quot;/home/pi/actions-runner/_work/thin-edge.io/thin-edge.io/tests/PySys/software_management_end_to_end/environment_sm_management.py&quot;, line 332, in wait_until_end
    self.wait_until_status(&quot;FAILED&quot;, &quot;SUCCESSFUL&quot;)
  File &quot;/home/pi/actions-runner/_work/thin-edge.io/thin-edge.io/tests/PySys/software_management_end_to_end/environment_sm_management.py&quot;, line 381, in wait_until_status
    &quot;Timeout while waiting for status %s or %s&quot; % (status, status2)
SystemError: Timeout while waiting for status FAILED or SUCCESSFUL
11:55:00 WARN  SystemError: Timeout while waiting for status FAILED or SUCCESSFUL ... blocked 
11:55:00 INFO  
11:55:00 INFO  cleanup:
11:55:05 INFO  Executed sudo&lt;tedge_disconnect_c8y&gt;, exit status 0
11:55:05 INFO  Executed systemctl&lt;serv_mapper5&gt;, exit status 3
11:55:05 INFO  
11:55:05 INFO  Test duration: 166.95 secs
11:55:05 INFO  Test final outcome:  BLOCKED
11:55:05 INFO  Test outcome reason: SystemError: Timeout while waiting for status FAILED or SUCCESSFUL
11:55:05 INFO  
</system-out>
	</testcase>
</testsuite>
