<?xml version="1.0" encoding="utf-8"?>
<testsuite failures="1" name="SoftwareManagement.sm_mixed_install_remove_multiple" skipped="0" tests="1" time="166.57" timestamp="2022-07-16T18:39:43">
	<testcase classname="PySysTest" name="SoftwareManagement.sm_mixed_install_remove_multiple">
		<failure message="FAILED: Assert that (False == value) with value=True" type="FAILED"/>
		<system-out>18:36:56 INFO  ==============================================================
18:36:56 INFO  Id:    SoftwareManagement.sm_mixed_install_remove_multiple
18:36:56 INFO  Dir:   software_management_end_to_end/
18:36:56 INFO  Title: Validate end to end behaviour for the dummy-plugin for multiple packages with mixed versions
18:36:56 INFO  ==============================================================
18:36:56 INFO  Using sw id database: {'asciijump': '5475369', 'robotfindskitten': '5474869', 'squirrel3': '5475279', 'rolldice': '5152439', 'moon-buggy': '5439204', 'apple': '5495053', 'banana': '5494888', 'cherry': '5495382', 'watermelon': '5494510', 'registry': '8018911', 'hello-world': '8021526', 'docker/getting-started': '8021973', 'alpine': '7991792'}
18:36:56 INFO  EnvironmentC8y Setup
18:36:57 INFO  Executed systemctl&lt;serv_mapper1&gt;, exit status 3
18:36:57 INFO  Restarting mosquitto too frequently in the last 10 seconds. It was only up for 4 seconds
18:36:57 INFO  Delaying execution by 7 seconds
18:37:19 INFO  Executed sudo&lt;tedge_connect_c8y&gt;, exit status 0, duration 14 secs
18:37:19 INFO  Executed sudo&lt;tedge_connect_c8y_test&gt;, exit status 0
18:37:20 INFO  Executed systemctl&lt;serv_mosq2&gt;, exit status 0
18:37:20 INFO  Executed systemctl&lt;serv_mapper3&gt;, exit status 0
18:37:23 INFO  State of current operation: SUCCESSFUL
18:37:23 INFO  Package apple is installed
18:37:23 INFO  Assert that (True == value) with value=True ... passed
18:37:23 INFO  Package banana is installed
18:37:23 INFO  Assert that (True == value) with value=True ... passed
18:37:23 INFO  Package cherry is installed
18:37:23 INFO  Assert that (True == value) with value=True ... passed
18:37:24 INFO  Package asciijump is installed
18:37:24 WARN  Assert that (False == value) with value=True ... failed 
18:37:24 INFO  Assert that (False == value) with value=False ... passed
18:37:24 INFO  Response status: 201
18:37:24 INFO  Response to action: {
    &quot;creationTime&quot;: &quot;2022-07-16T18:37:24.487Z&quot;,
    &quot;deviceName&quot;: &quot;m32sd10b&quot;,
    &quot;deviceId&quot;: &quot;20961416&quot;,
    &quot;self&quot;: &quot;https://t493319102.eu-latest.cumulocity.com/devicecontrol/operations/20974488&quot;,
    &quot;id&quot;: &quot;20974488&quot;,
    &quot;status&quot;: &quot;PENDING&quot;,
    &quot;description&quot;: &quot;Apply software changes, triggered from PySys: [{'action': 'install', 'id': '5495053', 'name': 'apple', 'url': ' ', 'version': '::fruits'}, {'action': 'install', 'id': '5494888', 'name': 'banana', 'url': ' ', 'version': '::fruits'}, {'action': 'install', 'id': '5475369', 'name': 'asciijump', 'url': ' ', 'version': '::apt'}, {'action': 'install', 'id': '5495382', 'name': 'cherry', 'url': ' ', 'version': '::fruits'}, {'action': 'install', 'id': '8018911', 'name': 'registry', 'url': ' ', 'version': '::docker'}]&quot;,
    &quot;c8y_SoftwareUpdate&quot;: [
        {
            &quot;name&quot;: &quot;apple&quot;,
            &quot;action&quot;: &quot;install&quot;,
            &quot;id&quot;: &quot;5495053&quot;,
            &quot;version&quot;: &quot;::fruits&quot;,
            &quot;url&quot;: &quot; &quot;
        },
        {
            &quot;name&quot;: &quot;banana&quot;,
            &quot;action&quot;: &quot;install&quot;,
            &quot;id&quot;: &quot;5494888&quot;,
            &quot;version&quot;: &quot;::fruits&quot;,
            &quot;url&quot;: &quot; &quot;
        },
        {
            &quot;name&quot;: &quot;asciijump&quot;,
            &quot;action&quot;: &quot;install&quot;,
            &quot;id&quot;: &quot;5475369&quot;,
            &quot;version&quot;: &quot;::apt&quot;,
            &quot;url&quot;: &quot; &quot;
        },
        {
            &quot;name&quot;: &quot;cherry&quot;,
            &quot;action&quot;: &quot;install&quot;,
            &quot;id&quot;: &quot;5495382&quot;,
            &quot;version&quot;: &quot;::fruits&quot;,
            &quot;url&quot;: &quot; &quot;
        },
        {
            &quot;name&quot;: &quot;registry&quot;,
            &quot;action&quot;: &quot;install&quot;,
            &quot;id&quot;: &quot;8018911&quot;,
            &quot;version&quot;: &quot;::docker&quot;,
            &quot;url&quot;: &quot; &quot;
        }
    ]
}
18:37:24 INFO  Started operation: {'creationTime': '2022-07-16T18:37:24.487Z', 'deviceName': 'm32sd10b', 'deviceId': '20961416', 'self': 'https://t493319102.eu-latest.cumulocity.com/devicecontrol/operations/20974488', 'id': '20974488', 'status': 'PENDING', 'description': &quot;Apply software changes, triggered from PySys: [{'action': 'install', 'id': '5495053', 'name': 'apple', 'url': ' ', 'version': '::fruits'}, {'action': 'install', 'id': '5494888', 'name': 'banana', 'url': ' ', 'version': '::fruits'}, {'action': 'install', 'id': '5475369', 'name': 'asciijump', 'url': ' ', 'version': '::apt'}, {'action': 'install', 'id': '5495382', 'name': 'cherry', 'url': ' ', 'version': '::fruits'}, {'action': 'install', 'id': '8018911', 'name': 'registry', 'url': ' ', 'version': '::docker'}]&quot;, 'c8y_SoftwareUpdate': [{'name': 'apple', 'action': 'install', 'id': '5495053', 'version': '::fruits', 'url': ' '}, {'name': 'banana', 'action': 'install', 'id': '5494888', 'version': '::fruits', 'url': ' '}, {'name': 'asciijump', 'action': 'install', 'id': '5475369', 'version': '::apt', 'url': ' '}, {'name': 'cherry', 'action': 'install', 'id': '5495382', 'version': '::fruits', 'url': ' '}, {'name': 'registry', 'action': 'install', 'id': '8018911', 'version': '::docker', 'url': ' '}]}
18:37:26 INFO  State of operation 20974488 : PENDING
18:37:29 INFO  State of operation 20974488 : EXECUTING
18:37:31 INFO  State of operation 20974488 : EXECUTING
18:37:33 INFO  State of operation 20974488 : EXECUTING
18:37:35 INFO  State of operation 20974488 : EXECUTING
18:37:37 INFO  State of operation 20974488 : EXECUTING
18:37:40 INFO  State of operation 20974488 : EXECUTING
18:37:43 INFO  State of operation 20974488 : EXECUTING
18:37:46 INFO  State of operation 20974488 : EXECUTING
18:37:48 INFO  State of operation 20974488 : EXECUTING
18:37:50 INFO  State of operation 20974488 : EXECUTING
18:37:53 INFO  State of operation 20974488 : EXECUTING
18:37:55 INFO  State of operation 20974488 : EXECUTING
18:37:57 INFO  State of operation 20974488 : EXECUTING
18:37:59 INFO  State of operation 20974488 : EXECUTING
18:38:02 INFO  State of operation 20974488 : EXECUTING
18:38:04 INFO  State of operation 20974488 : EXECUTING
18:38:07 INFO  State of operation 20974488 : EXECUTING
18:38:09 INFO  State of operation 20974488 : EXECUTING
18:38:11 INFO  State of operation 20974488 : EXECUTING
18:38:14 INFO  State of operation 20974488 : EXECUTING
18:38:16 INFO  State of operation 20974488 : EXECUTING
18:38:18 INFO  State of operation 20974488 : EXECUTING
18:38:20 INFO  State of operation 20974488 : EXECUTING
18:38:23 INFO  State of operation 20974488 : EXECUTING
18:38:25 INFO  State of operation 20974488 : SUCCESSFUL
18:38:25 INFO  Package apple is installed
18:38:25 INFO  Assert that (True == value) with value=True ... passed
18:38:25 INFO  Package banana is installed
18:38:25 INFO  Assert that (True == value) with value=True ... passed
18:38:26 INFO  Package cherry is installed
18:38:26 INFO  Assert that (True == value) with value=True ... passed
18:38:26 INFO  Package asciijump is installed
18:38:26 INFO  Assert that (True == value) with value=True ... passed
18:38:26 INFO  Package registry is installed
18:38:26 INFO  Assert that (True == value) with value=True ... passed
18:38:26 INFO  Response status: 201
18:38:26 INFO  Response to action: {
    &quot;creationTime&quot;: &quot;2022-07-16T18:38:26.718Z&quot;,
    &quot;deviceName&quot;: &quot;m32sd10b&quot;,
    &quot;deviceId&quot;: &quot;20961416&quot;,
    &quot;self&quot;: &quot;https://t493319102.eu-latest.cumulocity.com/devicecontrol/operations/20974500&quot;,
    &quot;id&quot;: &quot;20974500&quot;,
    &quot;status&quot;: &quot;PENDING&quot;,
    &quot;description&quot;: &quot;Apply software changes, triggered from PySys: [{'action': 'delete', 'id': '5495053', 'name': 'apple', 'url': ' ', 'version': '::fruits'}, {'action': 'delete', 'id': '5494888', 'name': 'banana', 'url': ' ', 'version': '::fruits'}, {'action': 'delete', 'id': '5475369', 'name': 'asciijump', 'url': ' ', 'version': '::apt'}, {'action': 'delete', 'id': '5495382', 'name': 'cherry', 'url': ' ', 'version': '::fruits'}, {'action': 'delete', 'id': '8018911', 'name': 'registry', 'url': ' ', 'version': '::docker'}]&quot;,
    &quot;c8y_SoftwareUpdate&quot;: [
        {
            &quot;name&quot;: &quot;apple&quot;,
            &quot;action&quot;: &quot;delete&quot;,
            &quot;id&quot;: &quot;5495053&quot;,
            &quot;version&quot;: &quot;::fruits&quot;,
            &quot;url&quot;: &quot; &quot;
        },
        {
            &quot;name&quot;: &quot;banana&quot;,
            &quot;action&quot;: &quot;delete&quot;,
            &quot;id&quot;: &quot;5494888&quot;,
            &quot;version&quot;: &quot;::fruits&quot;,
            &quot;url&quot;: &quot; &quot;
        },
        {
            &quot;name&quot;: &quot;asciijump&quot;,
            &quot;action&quot;: &quot;delete&quot;,
            &quot;id&quot;: &quot;5475369&quot;,
            &quot;version&quot;: &quot;::apt&quot;,
            &quot;url&quot;: &quot; &quot;
        },
        {
            &quot;name&quot;: &quot;cherry&quot;,
            &quot;action&quot;: &quot;delete&quot;,
            &quot;id&quot;: &quot;5495382&quot;,
            &quot;version&quot;: &quot;::fruits&quot;,
            &quot;url&quot;: &quot; &quot;
        },
        {
            &quot;name&quot;: &quot;registry&quot;,
            &quot;action&quot;: &quot;delete&quot;,
            &quot;id&quot;: &quot;8018911&quot;,
            &quot;version&quot;: &quot;::docker&quot;,
            &quot;url&quot;: &quot; &quot;
        }
    ]
}
18:38:26 INFO  Started operation: {'creationTime': '2022-07-16T18:38:26.718Z', 'deviceName': 'm32sd10b', 'deviceId': '20961416', 'self': 'https://t493319102.eu-latest.cumulocity.com/devicecontrol/operations/20974500', 'id': '20974500', 'status': 'PENDING', 'description': &quot;Apply software changes, triggered from PySys: [{'action': 'delete', 'id': '5495053', 'name': 'apple', 'url': ' ', 'version': '::fruits'}, {'action': 'delete', 'id': '5494888', 'name': 'banana', 'url': ' ', 'version': '::fruits'}, {'action': 'delete', 'id': '5475369', 'name': 'asciijump', 'url': ' ', 'version': '::apt'}, {'action': 'delete', 'id': '5495382', 'name': 'cherry', 'url': ' ', 'version': '::fruits'}, {'action': 'delete', 'id': '8018911', 'name': 'registry', 'url': ' ', 'version': '::docker'}]&quot;, 'c8y_SoftwareUpdate': [{'name': 'apple', 'action': 'delete', 'id': '5495053', 'version': '::fruits', 'url': ' '}, {'name': 'banana', 'action': 'delete', 'id': '5494888', 'version': '::fruits', 'url': ' '}, {'name': 'asciijump', 'action': 'delete', 'id': '5475369', 'version': '::apt', 'url': ' '}, {'name': 'cherry', 'action': 'delete', 'id': '5495382', 'version': '::fruits', 'url': ' '}, {'name': 'registry', 'action': 'delete', 'id': '8018911', 'version': '::docker', 'url': ' '}]}
18:38:29 INFO  State of operation 20974500 : PENDING
18:38:31 INFO  State of operation 20974500 : EXECUTING
18:38:33 INFO  State of operation 20974500 : EXECUTING
18:38:35 INFO  State of operation 20974500 : EXECUTING
18:38:37 INFO  State of operation 20974500 : EXECUTING
18:38:40 INFO  State of operation 20974500 : EXECUTING
18:38:42 INFO  State of operation 20974500 : EXECUTING
18:38:45 INFO  State of operation 20974500 : EXECUTING
18:38:47 INFO  State of operation 20974500 : EXECUTING
18:38:50 INFO  State of operation 20974500 : EXECUTING
18:38:52 INFO  State of operation 20974500 : EXECUTING
18:38:54 INFO  State of operation 20974500 : EXECUTING
18:38:56 INFO  State of operation 20974500 : EXECUTING
18:38:59 INFO  State of operation 20974500 : EXECUTING
18:39:01 INFO  State of operation 20974500 : EXECUTING
18:39:03 INFO  State of operation 20974500 : EXECUTING
18:39:07 INFO  State of operation 20974500 : EXECUTING
18:39:09 INFO  State of operation 20974500 : EXECUTING
18:39:11 INFO  State of operation 20974500 : EXECUTING
18:39:14 INFO  State of operation 20974500 : EXECUTING
18:39:16 INFO  State of operation 20974500 : EXECUTING
18:39:18 INFO  State of operation 20974500 : EXECUTING
18:39:20 INFO  State of operation 20974500 : EXECUTING
18:39:23 INFO  State of operation 20974500 : EXECUTING
18:39:25 INFO  State of operation 20974500 : EXECUTING
18:39:28 INFO  State of operation 20974500 : EXECUTING
18:39:30 INFO  State of operation 20974500 : EXECUTING
18:39:32 INFO  State of operation 20974500 : EXECUTING
18:39:34 INFO  State of operation 20974500 : EXECUTING
18:39:37 INFO  State of operation 20974500 : SUCCESSFUL
18:39:37 INFO  Package apple is installed
18:39:37 INFO  Assert that (True == value) with value=True ... passed
18:39:37 INFO  Package banana is installed
18:39:37 INFO  Assert that (True == value) with value=True ... passed
18:39:37 INFO  Package cherry is installed
18:39:37 INFO  Assert that (True == value) with value=True ... passed
18:39:38 INFO  Assert that (False == value) with value=False ... passed
18:39:38 INFO  Assert that (False == value) with value=False ... passed
18:39:38 INFO  
18:39:38 INFO  cleanup:
18:39:42 INFO  Executed sudo&lt;tedge_disconnect_c8y&gt;, exit status 0
18:39:43 INFO  Executed systemctl&lt;serv_mapper5&gt;, exit status 3
18:39:43 INFO  
18:39:43 INFO  Test duration: 166.57 secs
18:39:43 INFO  Test final outcome:  FAILED
18:39:43 INFO  Test outcome reason: Assert that (False == value) with value=True
18:39:43 INFO  
</system-out>
	</testcase>
</testsuite>
