<?xml version="1.0" encoding="utf-8"?>
<testsuite failures="1" name="SoftwareManagement.sm_fake_install_remove_multiple" skipped="0" tests="1" time="166.34" timestamp="2022-07-22T03:26:29">
	<testcase classname="PySysTest" name="SoftwareManagement.sm_fake_install_remove_multiple">
		<failure message="BLOCKED: SystemError: Timeout while waiting for status FAILED or SUCCESSFUL" type="BLOCKED"/>
		<system-out>03:23:43 INFO  ==============================================================
03:23:43 INFO  Id:    SoftwareManagement.sm_fake_install_remove_multiple
03:23:43 INFO  Dir:   software_management_end_to_end/
03:23:43 INFO  Title: Validate end to end behaviour for the dummy-plugin for multiple packages
03:23:43 INFO  ==============================================================
03:23:43 INFO  Using sw id database: {'asciijump': '5475369', 'robotfindskitten': '5474869', 'squirrel3': '5475279', 'rolldice': '5152439', 'moon-buggy': '5439204', 'apple': '5495053', 'banana': '5494888', 'cherry': '5495382', 'watermelon': '5494510', 'registry': '8018911', 'hello-world': '8021526', 'docker/getting-started': '8021973', 'alpine': '7991792'}
03:23:43 INFO  EnvironmentC8y Setup
03:23:44 INFO  Executed systemctl&lt;serv_mapper1&gt;, exit status 3
03:23:44 INFO  Restarting mosquitto too frequently in the last 10 seconds. It was only up for 4 seconds
03:23:44 INFO  Delaying execution by 7 seconds
03:24:06 INFO  Executed sudo&lt;tedge_connect_c8y&gt;, exit status 0, duration 14 secs
03:24:06 INFO  Executed sudo&lt;tedge_connect_c8y_test&gt;, exit status 0
03:24:07 INFO  Executed systemctl&lt;serv_mosq2&gt;, exit status 0
03:24:07 INFO  Executed systemctl&lt;serv_mapper3&gt;, exit status 0
03:24:10 INFO  State of current operation: EXECUTING
03:24:12 INFO  State of current operation: EXECUTING
03:24:14 INFO  State of current operation: EXECUTING
03:24:16 INFO  State of current operation: EXECUTING
03:24:19 INFO  State of current operation: EXECUTING
03:24:21 INFO  State of current operation: EXECUTING
03:24:23 INFO  State of current operation: EXECUTING
03:24:25 INFO  State of current operation: EXECUTING
03:24:27 INFO  State of current operation: EXECUTING
03:24:30 INFO  State of current operation: EXECUTING
03:24:32 INFO  State of current operation: EXECUTING
03:24:34 INFO  State of current operation: EXECUTING
03:24:36 INFO  State of current operation: EXECUTING
03:24:38 INFO  State of current operation: EXECUTING
03:24:41 INFO  State of current operation: EXECUTING
03:24:43 INFO  State of current operation: EXECUTING
03:24:45 INFO  State of current operation: EXECUTING
03:24:47 INFO  State of current operation: EXECUTING
03:24:50 INFO  State of current operation: EXECUTING
03:24:52 INFO  State of current operation: EXECUTING
03:24:54 INFO  State of current operation: EXECUTING
03:24:56 INFO  State of current operation: EXECUTING
03:24:58 INFO  State of current operation: EXECUTING
03:25:01 INFO  State of current operation: EXECUTING
03:25:03 INFO  State of current operation: EXECUTING
03:25:05 INFO  State of current operation: EXECUTING
03:25:07 INFO  State of current operation: EXECUTING
03:25:10 INFO  State of current operation: EXECUTING
03:25:12 INFO  State of current operation: EXECUTING
03:25:14 INFO  State of current operation: EXECUTING
03:25:16 INFO  State of current operation: EXECUTING
03:25:18 INFO  State of current operation: EXECUTING
03:25:21 INFO  State of current operation: EXECUTING
03:25:23 INFO  State of current operation: EXECUTING
03:25:25 INFO  State of current operation: EXECUTING
03:25:27 INFO  State of current operation: EXECUTING
03:25:30 INFO  State of current operation: EXECUTING
03:25:32 INFO  State of current operation: EXECUTING
03:25:34 INFO  State of current operation: EXECUTING
03:25:36 INFO  State of current operation: EXECUTING
03:25:38 INFO  State of current operation: EXECUTING
03:25:41 INFO  State of current operation: EXECUTING
03:25:43 INFO  State of current operation: EXECUTING
03:25:45 INFO  State of current operation: EXECUTING
03:25:47 INFO  State of current operation: EXECUTING
03:25:50 INFO  State of current operation: EXECUTING
03:25:52 INFO  State of current operation: EXECUTING
03:25:54 INFO  State of current operation: EXECUTING
03:25:56 INFO  State of current operation: EXECUTING
03:25:58 INFO  State of current operation: EXECUTING
03:26:01 INFO  State of current operation: EXECUTING
03:26:03 INFO  State of current operation: EXECUTING
03:26:05 INFO  State of current operation: EXECUTING
03:26:07 INFO  State of current operation: EXECUTING
03:26:09 INFO  State of current operation: EXECUTING
03:26:12 INFO  State of current operation: EXECUTING
03:26:14 INFO  State of current operation: EXECUTING
03:26:16 INFO  State of current operation: EXECUTING
03:26:18 INFO  State of current operation: EXECUTING
03:26:21 INFO  State of current operation: EXECUTING
03:26:23 INFO  State of current operation: EXECUTING
03:26:25 WARN  SystemError occurred while running test - Timeout while waiting for status FAILED or SUCCESSFUL
Traceback (most recent call last):
  File &quot;/home/pi/env-pysys/lib/python3.7/site-packages/pysys/baserunner.py&quot;, line 1292, in __call__
    self.testObj.setup()
  File &quot;/home/pi/actions-runner/_work/thin-edge.io/thin-edge.io/tests/PySys/software_management_end_to_end/sm_fake_install_remove_multiple/run.py&quot;, line 68, in setup
    super().setup()
  File &quot;/home/pi/actions-runner/_work/thin-edge.io/thin-edge.io/tests/PySys/software_management_end_to_end/environment_sm_management.py&quot;, line 151, in setup
    self.wait_until_end()
  File &quot;/home/pi/actions-runner/_work/thin-edge.io/thin-edge.io/tests/PySys/software_management_end_to_end/environment_sm_management.py&quot;, line 332, in wait_until_end
    self.wait_until_status(&quot;FAILED&quot;, &quot;SUCCESSFUL&quot;)
  File &quot;/home/pi/actions-runner/_work/thin-edge.io/thin-edge.io/tests/PySys/software_management_end_to_end/environment_sm_management.py&quot;, line 381, in wait_until_status
    &quot;Timeout while waiting for status %s or %s&quot; % (status, status2)
SystemError: Timeout while waiting for status FAILED or SUCCESSFUL
03:26:25 WARN  SystemError: Timeout while waiting for status FAILED or SUCCESSFUL ... blocked 
03:26:25 INFO  
03:26:25 INFO  cleanup:
03:26:29 INFO  Executed sudo&lt;tedge_disconnect_c8y&gt;, exit status 0
03:26:29 INFO  Executed systemctl&lt;serv_mapper5&gt;, exit status 3
03:26:29 INFO  
03:26:29 INFO  Test duration: 166.34 secs
03:26:29 INFO  Test final outcome:  BLOCKED
03:26:29 INFO  Test outcome reason: SystemError: Timeout while waiting for status FAILED or SUCCESSFUL
03:26:29 INFO  
</system-out>
	</testcase>
</testsuite>
