<?xml version="1.0" encoding="utf-8"?>
<testsuite failures="1" name="SoftwareManagement.sm_mixed_install_remove_multiple" skipped="0" tests="1" time="165.71" timestamp="2022-07-22T10:45:12">
	<testcase classname="PySysTest" name="SoftwareManagement.sm_mixed_install_remove_multiple">
		<failure message="FAILED: Assert that (False == value) with value=True" type="FAILED"/>
		<system-out>10:42:26 INFO  ==============================================================
10:42:26 INFO  Id:    SoftwareManagement.sm_mixed_install_remove_multiple
10:42:26 INFO  Dir:   software_management_end_to_end/
10:42:26 INFO  Title: Validate end to end behaviour for the dummy-plugin for multiple packages with mixed versions
10:42:26 INFO  ==============================================================
10:42:26 INFO  Using sw id database: {'asciijump': '5475369', 'robotfindskitten': '5474869', 'squirrel3': '5475279', 'rolldice': '5152439', 'moon-buggy': '5439204', 'apple': '5495053', 'banana': '5494888', 'cherry': '5495382', 'watermelon': '5494510', 'registry': '8018911', 'hello-world': '8021526', 'docker/getting-started': '8021973', 'alpine': '7991792'}
10:42:26 INFO  EnvironmentC8y Setup
10:42:27 INFO  Executed systemctl&lt;serv_mapper1&gt;, exit status 3
10:42:27 INFO  Restarting mosquitto too frequently in the last 10 seconds. It was only up for 4 seconds
10:42:27 INFO  Delaying execution by 7 seconds
10:42:48 INFO  Executed sudo&lt;tedge_connect_c8y&gt;, exit status 0, duration 14 secs
10:42:49 INFO  Executed sudo&lt;tedge_connect_c8y_test&gt;, exit status 0
10:42:49 INFO  Executed systemctl&lt;serv_mosq2&gt;, exit status 0
10:42:50 INFO  Executed systemctl&lt;serv_mapper3&gt;, exit status 0
10:42:52 INFO  State of current operation: SUCCESSFUL
10:42:52 INFO  Package apple is installed
10:42:52 INFO  Assert that (True == value) with value=True ... passed
10:42:53 INFO  Package banana is installed
10:42:53 INFO  Assert that (True == value) with value=True ... passed
10:42:53 INFO  Package cherry is installed
10:42:53 INFO  Assert that (True == value) with value=True ... passed
10:42:53 INFO  Package asciijump is installed
10:42:53 WARN  Assert that (False == value) with value=True ... failed 
10:42:53 INFO  Assert that (False == value) with value=False ... passed
10:42:54 INFO  Response status: 201
10:42:54 INFO  Response to action: {
    &quot;creationTime&quot;: &quot;2022-07-22T10:42:54.006Z&quot;,
    &quot;deviceId&quot;: &quot;21266401&quot;,
    &quot;deviceName&quot;: &quot;m32sd10b&quot;,
    &quot;self&quot;: &quot;https://t493319102.eu-latest.cumulocity.com/devicecontrol/operations/21278120&quot;,
    &quot;id&quot;: &quot;21278120&quot;,
    &quot;status&quot;: &quot;PENDING&quot;,
    &quot;description&quot;: &quot;Apply software changes, triggered from PySys: [{'action': 'install', 'id': '5495053', 'name': 'apple', 'url': ' ', 'version': '::fruits'}, {'action': 'install', 'id': '5494888', 'name': 'banana', 'url': ' ', 'version': '::fruits'}, {'action': 'install', 'id': '5475369', 'name': 'asciijump', 'url': ' ', 'version': '::apt'}, {'action': 'install', 'id': '5495382', 'name': 'cherry', 'url': ' ', 'version': '::fruits'}, {'action': 'install', 'id': '8018911', 'name': 'registry', 'url': ' ', 'version': '::docker'}]&quot;,
    &quot;c8y_SoftwareUpdate&quot;: [
        {
            &quot;name&quot;: &quot;apple&quot;,
            &quot;action&quot;: &quot;install&quot;,
            &quot;id&quot;: &quot;5495053&quot;,
            &quot;version&quot;: &quot;::fruits&quot;,
            &quot;url&quot;: &quot; &quot;
        },
        {
            &quot;name&quot;: &quot;banana&quot;,
            &quot;action&quot;: &quot;install&quot;,
            &quot;id&quot;: &quot;5494888&quot;,
            &quot;version&quot;: &quot;::fruits&quot;,
            &quot;url&quot;: &quot; &quot;
        },
        {
            &quot;name&quot;: &quot;asciijump&quot;,
            &quot;action&quot;: &quot;install&quot;,
            &quot;id&quot;: &quot;5475369&quot;,
            &quot;version&quot;: &quot;::apt&quot;,
            &quot;url&quot;: &quot; &quot;
        },
        {
            &quot;name&quot;: &quot;cherry&quot;,
            &quot;action&quot;: &quot;install&quot;,
            &quot;id&quot;: &quot;5495382&quot;,
            &quot;version&quot;: &quot;::fruits&quot;,
            &quot;url&quot;: &quot; &quot;
        },
        {
            &quot;name&quot;: &quot;registry&quot;,
            &quot;action&quot;: &quot;install&quot;,
            &quot;id&quot;: &quot;8018911&quot;,
            &quot;version&quot;: &quot;::docker&quot;,
            &quot;url&quot;: &quot; &quot;
        }
    ]
}
10:42:54 INFO  Started operation: {'creationTime': '2022-07-22T10:42:54.006Z', 'deviceId': '21266401', 'deviceName': 'm32sd10b', 'self': 'https://t493319102.eu-latest.cumulocity.com/devicecontrol/operations/21278120', 'id': '21278120', 'status': 'PENDING', 'description': &quot;Apply software changes, triggered from PySys: [{'action': 'install', 'id': '5495053', 'name': 'apple', 'url': ' ', 'version': '::fruits'}, {'action': 'install', 'id': '5494888', 'name': 'banana', 'url': ' ', 'version': '::fruits'}, {'action': 'install', 'id': '5475369', 'name': 'asciijump', 'url': ' ', 'version': '::apt'}, {'action': 'install', 'id': '5495382', 'name': 'cherry', 'url': ' ', 'version': '::fruits'}, {'action': 'install', 'id': '8018911', 'name': 'registry', 'url': ' ', 'version': '::docker'}]&quot;, 'c8y_SoftwareUpdate': [{'name': 'apple', 'action': 'install', 'id': '5495053', 'version': '::fruits', 'url': ' '}, {'name': 'banana', 'action': 'install', 'id': '5494888', 'version': '::fruits', 'url': ' '}, {'name': 'asciijump', 'action': 'install', 'id': '5475369', 'version': '::apt', 'url': ' '}, {'name': 'cherry', 'action': 'install', 'id': '5495382', 'version': '::fruits', 'url': ' '}, {'name': 'registry', 'action': 'install', 'id': '8018911', 'version': '::docker', 'url': ' '}]}
10:42:56 INFO  State of operation 21278120 : PENDING
10:42:58 INFO  State of operation 21278120 : EXECUTING
10:43:00 INFO  State of operation 21278120 : EXECUTING
10:43:02 INFO  State of operation 21278120 : EXECUTING
10:43:05 INFO  State of operation 21278120 : EXECUTING
10:43:07 INFO  State of operation 21278120 : EXECUTING
10:43:10 INFO  State of operation 21278120 : EXECUTING
10:43:13 INFO  State of operation 21278120 : EXECUTING
10:43:15 INFO  State of operation 21278120 : EXECUTING
10:43:18 INFO  State of operation 21278120 : EXECUTING
10:43:20 INFO  State of operation 21278120 : EXECUTING
10:43:22 INFO  State of operation 21278120 : EXECUTING
10:43:24 INFO  State of operation 21278120 : EXECUTING
10:43:27 INFO  State of operation 21278120 : EXECUTING
10:43:29 INFO  State of operation 21278120 : EXECUTING
10:43:31 INFO  State of operation 21278120 : EXECUTING
10:43:33 INFO  State of operation 21278120 : EXECUTING
10:43:36 INFO  State of operation 21278120 : EXECUTING
10:43:38 INFO  State of operation 21278120 : EXECUTING
10:43:40 INFO  State of operation 21278120 : EXECUTING
10:43:42 INFO  State of operation 21278120 : EXECUTING
10:43:45 INFO  State of operation 21278120 : EXECUTING
10:43:47 INFO  State of operation 21278120 : EXECUTING
10:43:49 INFO  State of operation 21278120 : EXECUTING
10:43:51 INFO  State of operation 21278120 : EXECUTING
10:43:54 INFO  State of operation 21278120 : SUCCESSFUL
10:43:54 INFO  Package apple is installed
10:43:54 INFO  Assert that (True == value) with value=True ... passed
10:43:54 INFO  Package banana is installed
10:43:54 INFO  Assert that (True == value) with value=True ... passed
10:43:54 INFO  Package cherry is installed
10:43:54 INFO  Assert that (True == value) with value=True ... passed
10:43:55 INFO  Package asciijump is installed
10:43:55 INFO  Assert that (True == value) with value=True ... passed
10:43:55 INFO  Package registry is installed
10:43:55 INFO  Assert that (True == value) with value=True ... passed
10:43:55 INFO  Response status: 201
10:43:55 INFO  Response to action: {
    &quot;creationTime&quot;: &quot;2022-07-22T10:43:55.529Z&quot;,
    &quot;deviceId&quot;: &quot;21266401&quot;,
    &quot;deviceName&quot;: &quot;m32sd10b&quot;,
    &quot;self&quot;: &quot;https://t493319102.eu-latest.cumulocity.com/devicecontrol/operations/21278126&quot;,
    &quot;id&quot;: &quot;21278126&quot;,
    &quot;status&quot;: &quot;PENDING&quot;,
    &quot;description&quot;: &quot;Apply software changes, triggered from PySys: [{'action': 'delete', 'id': '5495053', 'name': 'apple', 'url': ' ', 'version': '::fruits'}, {'action': 'delete', 'id': '5494888', 'name': 'banana', 'url': ' ', 'version': '::fruits'}, {'action': 'delete', 'id': '5475369', 'name': 'asciijump', 'url': ' ', 'version': '::apt'}, {'action': 'delete', 'id': '5495382', 'name': 'cherry', 'url': ' ', 'version': '::fruits'}, {'action': 'delete', 'id': '8018911', 'name': 'registry', 'url': ' ', 'version': '::docker'}]&quot;,
    &quot;c8y_SoftwareUpdate&quot;: [
        {
            &quot;name&quot;: &quot;apple&quot;,
            &quot;action&quot;: &quot;delete&quot;,
            &quot;id&quot;: &quot;5495053&quot;,
            &quot;version&quot;: &quot;::fruits&quot;,
            &quot;url&quot;: &quot; &quot;
        },
        {
            &quot;name&quot;: &quot;banana&quot;,
            &quot;action&quot;: &quot;delete&quot;,
            &quot;id&quot;: &quot;5494888&quot;,
            &quot;version&quot;: &quot;::fruits&quot;,
            &quot;url&quot;: &quot; &quot;
        },
        {
            &quot;name&quot;: &quot;asciijump&quot;,
            &quot;action&quot;: &quot;delete&quot;,
            &quot;id&quot;: &quot;5475369&quot;,
            &quot;version&quot;: &quot;::apt&quot;,
            &quot;url&quot;: &quot; &quot;
        },
        {
            &quot;name&quot;: &quot;cherry&quot;,
            &quot;action&quot;: &quot;delete&quot;,
            &quot;id&quot;: &quot;5495382&quot;,
            &quot;version&quot;: &quot;::fruits&quot;,
            &quot;url&quot;: &quot; &quot;
        },
        {
            &quot;name&quot;: &quot;registry&quot;,
            &quot;action&quot;: &quot;delete&quot;,
            &quot;id&quot;: &quot;8018911&quot;,
            &quot;version&quot;: &quot;::docker&quot;,
            &quot;url&quot;: &quot; &quot;
        }
    ]
}
10:43:55 INFO  Started operation: {'creationTime': '2022-07-22T10:43:55.529Z', 'deviceId': '21266401', 'deviceName': 'm32sd10b', 'self': 'https://t493319102.eu-latest.cumulocity.com/devicecontrol/operations/21278126', 'id': '21278126', 'status': 'PENDING', 'description': &quot;Apply software changes, triggered from PySys: [{'action': 'delete', 'id': '5495053', 'name': 'apple', 'url': ' ', 'version': '::fruits'}, {'action': 'delete', 'id': '5494888', 'name': 'banana', 'url': ' ', 'version': '::fruits'}, {'action': 'delete', 'id': '5475369', 'name': 'asciijump', 'url': ' ', 'version': '::apt'}, {'action': 'delete', 'id': '5495382', 'name': 'cherry', 'url': ' ', 'version': '::fruits'}, {'action': 'delete', 'id': '8018911', 'name': 'registry', 'url': ' ', 'version': '::docker'}]&quot;, 'c8y_SoftwareUpdate': [{'name': 'apple', 'action': 'delete', 'id': '5495053', 'version': '::fruits', 'url': ' '}, {'name': 'banana', 'action': 'delete', 'id': '5494888', 'version': '::fruits', 'url': ' '}, {'name': 'asciijump', 'action': 'delete', 'id': '5475369', 'version': '::apt', 'url': ' '}, {'name': 'cherry', 'action': 'delete', 'id': '5495382', 'version': '::fruits', 'url': ' '}, {'name': 'registry', 'action': 'delete', 'id': '8018911', 'version': '::docker', 'url': ' '}]}
10:43:57 INFO  State of operation 21278126 : PENDING
10:44:00 INFO  State of operation 21278126 : EXECUTING
10:44:02 INFO  State of operation 21278126 : EXECUTING
10:44:04 INFO  State of operation 21278126 : EXECUTING
10:44:06 INFO  State of operation 21278126 : EXECUTING
10:44:08 INFO  State of operation 21278126 : EXECUTING
10:44:11 INFO  State of operation 21278126 : EXECUTING
10:44:14 INFO  State of operation 21278126 : EXECUTING
10:44:17 INFO  State of operation 21278126 : EXECUTING
10:44:19 INFO  State of operation 21278126 : EXECUTING
10:44:21 INFO  State of operation 21278126 : EXECUTING
10:44:24 INFO  State of operation 21278126 : EXECUTING
10:44:26 INFO  State of operation 21278126 : EXECUTING
10:44:28 INFO  State of operation 21278126 : EXECUTING
10:44:31 INFO  State of operation 21278126 : EXECUTING
10:44:33 INFO  State of operation 21278126 : EXECUTING
10:44:36 INFO  State of operation 21278126 : EXECUTING
10:44:39 INFO  State of operation 21278126 : EXECUTING
10:44:41 INFO  State of operation 21278126 : EXECUTING
10:44:43 INFO  State of operation 21278126 : EXECUTING
10:44:45 INFO  State of operation 21278126 : EXECUTING
10:44:48 INFO  State of operation 21278126 : EXECUTING
10:44:50 INFO  State of operation 21278126 : EXECUTING
10:44:53 INFO  State of operation 21278126 : EXECUTING
10:44:55 INFO  State of operation 21278126 : EXECUTING
10:44:57 INFO  State of operation 21278126 : EXECUTING
10:44:59 INFO  State of operation 21278126 : EXECUTING
10:45:02 INFO  State of operation 21278126 : EXECUTING
10:45:04 INFO  State of operation 21278126 : EXECUTING
10:45:06 INFO  State of operation 21278126 : SUCCESSFUL
10:45:06 INFO  Package apple is installed
10:45:06 INFO  Assert that (True == value) with value=True ... passed
10:45:07 INFO  Package banana is installed
10:45:07 INFO  Assert that (True == value) with value=True ... passed
10:45:07 INFO  Package cherry is installed
10:45:07 INFO  Assert that (True == value) with value=True ... passed
10:45:07 INFO  Assert that (False == value) with value=False ... passed
10:45:07 INFO  Assert that (False == value) with value=False ... passed
10:45:07 INFO  
10:45:07 INFO  cleanup:
10:45:11 INFO  Executed sudo&lt;tedge_disconnect_c8y&gt;, exit status 0
10:45:12 INFO  Executed systemctl&lt;serv_mapper5&gt;, exit status 3
10:45:12 INFO  
10:45:12 INFO  Test duration: 165.71 secs
10:45:12 INFO  Test final outcome:  FAILED
10:45:12 INFO  Test outcome reason: Assert that (False == value) with value=True
10:45:12 INFO  
</system-out>
	</testcase>
</testsuite>
