<?xml version="1.0" encoding="utf-8"?>
<testsuite failures="1" name="SoftwareManagement.sm_mixed_install_remove_multiple" skipped="0" tests="1" time="166.95" timestamp="2022-05-23T14:50:23">
	<testcase classname="PySysTest" name="SoftwareManagement.sm_mixed_install_remove_multiple">
		<failure message="BLOCKED: SystemError: Timeout while waiting for status FAILED or SUCCESSFUL" type="BLOCKED"/>
		<system-out>14:47:36 INFO  ==============================================================
14:47:36 INFO  Id:    SoftwareManagement.sm_mixed_install_remove_multiple
14:47:36 INFO  Dir:   software_management_end_to_end/
14:47:36 INFO  Title: Validate end to end behaviour for the dummy-plugin for multiple packages with mixed versions
14:47:36 INFO  ==============================================================
14:47:36 INFO  Using sw id database: {'asciijump': '5475369', 'robotfindskitten': '5474869', 'squirrel3': '5475279', 'rolldice': '5152439', 'moon-buggy': '5439204', 'apple': '5495053', 'banana': '5494888', 'cherry': '5495382', 'watermelon': '5494510', 'registry': '8018911', 'hello-world': '8021526', 'docker/getting-started': '8021973', 'alpine': '7991792'}
14:47:36 INFO  EnvironmentC8y Setup
14:47:37 INFO  Executed systemctl&lt;serv_mapper1&gt;, exit status 3
14:47:37 INFO  Restarting mosquitto too frequently in the last 10 seconds. It was only up for 4 seconds
14:47:37 INFO  Delaying execution by 7 seconds
14:47:58 INFO  Executed sudo&lt;tedge_connect_c8y&gt;, exit status 0, duration 14 secs
14:47:59 INFO  Executed sudo&lt;tedge_connect_c8y_test&gt;, exit status 0
14:47:59 INFO  Executed systemctl&lt;serv_mosq2&gt;, exit status 0
14:48:00 INFO  Executed systemctl&lt;serv_mapper3&gt;, exit status 0
14:48:02 INFO  State of current operation: PENDING
14:48:04 INFO  State of current operation: PENDING
14:48:06 INFO  State of current operation: PENDING
14:48:09 INFO  State of current operation: PENDING
14:48:11 INFO  State of current operation: PENDING
14:48:13 INFO  State of current operation: PENDING
14:48:15 INFO  State of current operation: PENDING
14:48:18 INFO  State of current operation: PENDING
14:48:20 INFO  State of current operation: PENDING
14:48:22 INFO  State of current operation: PENDING
14:48:24 INFO  State of current operation: PENDING
14:48:27 INFO  State of current operation: PENDING
14:48:29 INFO  State of current operation: PENDING
14:48:31 INFO  State of current operation: PENDING
14:48:33 INFO  State of current operation: PENDING
14:48:35 INFO  State of current operation: PENDING
14:48:38 INFO  State of current operation: PENDING
14:48:40 INFO  State of current operation: PENDING
14:48:42 INFO  State of current operation: PENDING
14:48:45 INFO  State of current operation: PENDING
14:48:47 INFO  State of current operation: PENDING
14:48:49 INFO  State of current operation: PENDING
14:48:51 INFO  State of current operation: PENDING
14:48:54 INFO  State of current operation: PENDING
14:48:56 INFO  State of current operation: PENDING
14:48:58 INFO  State of current operation: PENDING
14:49:00 INFO  State of current operation: PENDING
14:49:03 INFO  State of current operation: PENDING
14:49:05 INFO  State of current operation: PENDING
14:49:07 INFO  State of current operation: PENDING
14:49:09 INFO  State of current operation: PENDING
14:49:12 INFO  State of current operation: PENDING
14:49:14 INFO  State of current operation: PENDING
14:49:16 INFO  State of current operation: PENDING
14:49:18 INFO  State of current operation: PENDING
14:49:20 INFO  State of current operation: PENDING
14:49:23 INFO  State of current operation: PENDING
14:49:25 INFO  State of current operation: PENDING
14:49:27 INFO  State of current operation: PENDING
14:49:29 INFO  State of current operation: PENDING
14:49:32 INFO  State of current operation: PENDING
14:49:34 INFO  State of current operation: PENDING
14:49:36 INFO  State of current operation: PENDING
14:49:38 INFO  State of current operation: PENDING
14:49:41 INFO  State of current operation: PENDING
14:49:43 INFO  State of current operation: PENDING
14:49:45 INFO  State of current operation: PENDING
14:49:47 INFO  State of current operation: PENDING
14:49:50 INFO  State of current operation: PENDING
14:49:52 INFO  State of current operation: PENDING
14:49:54 INFO  State of current operation: PENDING
14:49:56 INFO  State of current operation: PENDING
14:49:59 INFO  State of current operation: PENDING
14:50:01 INFO  State of current operation: PENDING
14:50:03 INFO  State of current operation: PENDING
14:50:05 INFO  State of current operation: PENDING
14:50:08 INFO  State of current operation: PENDING
14:50:10 INFO  State of current operation: PENDING
14:50:12 INFO  State of current operation: PENDING
14:50:14 INFO  State of current operation: PENDING
14:50:16 INFO  State of current operation: PENDING
14:50:18 WARN  SystemError occurred while running test - Timeout while waiting for status FAILED or SUCCESSFUL
Traceback (most recent call last):
  File &quot;/home/pi/env-pysys/lib/python3.7/site-packages/pysys/baserunner.py&quot;, line 1292, in __call__
    self.testObj.setup()
  File &quot;/home/pi/actions-runner/_work/thin-edge.io/thin-edge.io/tests/PySys/software_management_end_to_end/sm_mixed_install_remove_multiple/run.py&quot;, line 83, in setup
    super().setup()
  File &quot;/home/pi/actions-runner/_work/thin-edge.io/thin-edge.io/tests/PySys/software_management_end_to_end/environment_sm_management.py&quot;, line 151, in setup
    self.wait_until_end()
  File &quot;/home/pi/actions-runner/_work/thin-edge.io/thin-edge.io/tests/PySys/software_management_end_to_end/environment_sm_management.py&quot;, line 332, in wait_until_end
    self.wait_until_status(&quot;FAILED&quot;, &quot;SUCCESSFUL&quot;)
  File &quot;/home/pi/actions-runner/_work/thin-edge.io/thin-edge.io/tests/PySys/software_management_end_to_end/environment_sm_management.py&quot;, line 381, in wait_until_status
    &quot;Timeout while waiting for status %s or %s&quot; % (status, status2)
SystemError: Timeout while waiting for status FAILED or SUCCESSFUL
14:50:18 WARN  SystemError: Timeout while waiting for status FAILED or SUCCESSFUL ... blocked 
14:50:18 INFO  
14:50:18 INFO  cleanup:
14:50:23 INFO  Executed sudo&lt;tedge_disconnect_c8y&gt;, exit status 0
14:50:23 INFO  Executed systemctl&lt;serv_mapper5&gt;, exit status 3
14:50:23 INFO  
14:50:23 INFO  Test duration: 166.95 secs
14:50:23 INFO  Test final outcome:  BLOCKED
14:50:23 INFO  Test outcome reason: SystemError: Timeout while waiting for status FAILED or SUCCESSFUL
14:50:23 INFO  
</system-out>
	</testcase>
</testsuite>
