<?xml version="1.0" encoding="utf-8"?>
<testsuite failures="1" name="SoftwareManagement.sm_mixed_install_remove_multiple" skipped="0" tests="1" time="163.86" timestamp="2022-07-01T08:15:04">
	<testcase classname="PySysTest" name="SoftwareManagement.sm_mixed_install_remove_multiple">
		<failure message="FAILED: Assert that (False == value) with value=True" type="FAILED"/>
		<system-out>08:12:21 INFO  ==============================================================
08:12:21 INFO  Id:    SoftwareManagement.sm_mixed_install_remove_multiple
08:12:21 INFO  Dir:   software_management_end_to_end/
08:12:21 INFO  Title: Validate end to end behaviour for the dummy-plugin for multiple packages with mixed versions
08:12:21 INFO  ==============================================================
08:12:21 INFO  Using sw id database: {'asciijump': '5475369', 'robotfindskitten': '5474869', 'squirrel3': '5475279', 'rolldice': '5152439', 'moon-buggy': '5439204', 'apple': '5495053', 'banana': '5494888', 'cherry': '5495382', 'watermelon': '5494510', 'registry': '8018911', 'hello-world': '8021526', 'docker/getting-started': '8021973', 'alpine': '7991792'}
08:12:21 INFO  EnvironmentC8y Setup
08:12:21 INFO  Executed systemctl&lt;serv_mapper1&gt;, exit status 3
08:12:21 INFO  Restarting mosquitto too frequently in the last 10 seconds. It was only up for 5 seconds
08:12:21 INFO  Delaying execution by 6 seconds
08:12:41 INFO  Executed sudo&lt;tedge_connect_c8y&gt;, exit status 0, duration 14 secs
08:12:42 INFO  Executed sudo&lt;tedge_connect_c8y_test&gt;, exit status 0
08:12:43 INFO  Executed systemctl&lt;serv_mosq2&gt;, exit status 0
08:12:43 INFO  Executed systemctl&lt;serv_mapper3&gt;, exit status 0
08:12:45 INFO  State of current operation: SUCCESSFUL
08:12:45 INFO  Package apple is installed
08:12:45 INFO  Assert that (True == value) with value=True ... passed
08:12:46 INFO  Package banana is installed
08:12:46 INFO  Assert that (True == value) with value=True ... passed
08:12:46 INFO  Package cherry is installed
08:12:46 INFO  Assert that (True == value) with value=True ... passed
08:12:46 INFO  Package asciijump is installed
08:12:46 WARN  Assert that (False == value) with value=True ... failed 
08:12:46 INFO  Assert that (False == value) with value=False ... passed
08:12:47 INFO  Response status: 201
08:12:47 INFO  Response to action: {
    &quot;creationTime&quot;: &quot;2022-07-01T08:12:47.097Z&quot;,
    &quot;deviceId&quot;: &quot;20627469&quot;,
    &quot;deviceName&quot;: &quot;m32sd10b&quot;,
    &quot;self&quot;: &quot;https://t493319102.eu-latest.cumulocity.com/devicecontrol/operations/20666290&quot;,
    &quot;id&quot;: &quot;20666290&quot;,
    &quot;status&quot;: &quot;PENDING&quot;,
    &quot;description&quot;: &quot;Apply software changes, triggered from PySys: [{'action': 'install', 'id': '5495053', 'name': 'apple', 'url': ' ', 'version': '::fruits'}, {'action': 'install', 'id': '5494888', 'name': 'banana', 'url': ' ', 'version': '::fruits'}, {'action': 'install', 'id': '5475369', 'name': 'asciijump', 'url': ' ', 'version': '::apt'}, {'action': 'install', 'id': '5495382', 'name': 'cherry', 'url': ' ', 'version': '::fruits'}, {'action': 'install', 'id': '8018911', 'name': 'registry', 'url': ' ', 'version': '::docker'}]&quot;,
    &quot;c8y_SoftwareUpdate&quot;: [
        {
            &quot;name&quot;: &quot;apple&quot;,
            &quot;action&quot;: &quot;install&quot;,
            &quot;id&quot;: &quot;5495053&quot;,
            &quot;version&quot;: &quot;::fruits&quot;,
            &quot;url&quot;: &quot; &quot;
        },
        {
            &quot;name&quot;: &quot;banana&quot;,
            &quot;action&quot;: &quot;install&quot;,
            &quot;id&quot;: &quot;5494888&quot;,
            &quot;version&quot;: &quot;::fruits&quot;,
            &quot;url&quot;: &quot; &quot;
        },
        {
            &quot;name&quot;: &quot;asciijump&quot;,
            &quot;action&quot;: &quot;install&quot;,
            &quot;id&quot;: &quot;5475369&quot;,
            &quot;version&quot;: &quot;::apt&quot;,
            &quot;url&quot;: &quot; &quot;
        },
        {
            &quot;name&quot;: &quot;cherry&quot;,
            &quot;action&quot;: &quot;install&quot;,
            &quot;id&quot;: &quot;5495382&quot;,
            &quot;version&quot;: &quot;::fruits&quot;,
            &quot;url&quot;: &quot; &quot;
        },
        {
            &quot;name&quot;: &quot;registry&quot;,
            &quot;action&quot;: &quot;install&quot;,
            &quot;id&quot;: &quot;8018911&quot;,
            &quot;version&quot;: &quot;::docker&quot;,
            &quot;url&quot;: &quot; &quot;
        }
    ]
}
08:12:47 INFO  Started operation: {'creationTime': '2022-07-01T08:12:47.097Z', 'deviceId': '20627469', 'deviceName': 'm32sd10b', 'self': 'https://t493319102.eu-latest.cumulocity.com/devicecontrol/operations/20666290', 'id': '20666290', 'status': 'PENDING', 'description': &quot;Apply software changes, triggered from PySys: [{'action': 'install', 'id': '5495053', 'name': 'apple', 'url': ' ', 'version': '::fruits'}, {'action': 'install', 'id': '5494888', 'name': 'banana', 'url': ' ', 'version': '::fruits'}, {'action': 'install', 'id': '5475369', 'name': 'asciijump', 'url': ' ', 'version': '::apt'}, {'action': 'install', 'id': '5495382', 'name': 'cherry', 'url': ' ', 'version': '::fruits'}, {'action': 'install', 'id': '8018911', 'name': 'registry', 'url': ' ', 'version': '::docker'}]&quot;, 'c8y_SoftwareUpdate': [{'name': 'apple', 'action': 'install', 'id': '5495053', 'version': '::fruits', 'url': ' '}, {'name': 'banana', 'action': 'install', 'id': '5494888', 'version': '::fruits', 'url': ' '}, {'name': 'asciijump', 'action': 'install', 'id': '5475369', 'version': '::apt', 'url': ' '}, {'name': 'cherry', 'action': 'install', 'id': '5495382', 'version': '::fruits', 'url': ' '}, {'name': 'registry', 'action': 'install', 'id': '8018911', 'version': '::docker', 'url': ' '}]}
08:12:49 INFO  State of operation 20666290 : PENDING
08:12:51 INFO  State of operation 20666290 : EXECUTING
08:12:53 INFO  State of operation 20666290 : EXECUTING
08:12:56 INFO  State of operation 20666290 : EXECUTING
08:12:58 INFO  State of operation 20666290 : EXECUTING
08:13:00 INFO  State of operation 20666290 : EXECUTING
08:13:03 INFO  State of operation 20666290 : EXECUTING
08:13:05 INFO  State of operation 20666290 : EXECUTING
08:13:08 INFO  State of operation 20666290 : EXECUTING
08:13:10 INFO  State of operation 20666290 : EXECUTING
08:13:12 INFO  State of operation 20666290 : EXECUTING
08:13:14 INFO  State of operation 20666290 : EXECUTING
08:13:17 INFO  State of operation 20666290 : EXECUTING
08:13:19 INFO  State of operation 20666290 : EXECUTING
08:13:21 INFO  State of operation 20666290 : EXECUTING
08:13:23 INFO  State of operation 20666290 : EXECUTING
08:13:26 INFO  State of operation 20666290 : EXECUTING
08:13:28 INFO  State of operation 20666290 : EXECUTING
08:13:30 INFO  State of operation 20666290 : EXECUTING
08:13:32 INFO  State of operation 20666290 : EXECUTING
08:13:35 INFO  State of operation 20666290 : EXECUTING
08:13:37 INFO  State of operation 20666290 : EXECUTING
08:13:40 INFO  State of operation 20666290 : EXECUTING
08:13:42 INFO  State of operation 20666290 : EXECUTING
08:13:44 INFO  State of operation 20666290 : EXECUTING
08:13:46 INFO  State of operation 20666290 : SUCCESSFUL
08:13:47 INFO  Package apple is installed
08:13:47 INFO  Assert that (True == value) with value=True ... passed
08:13:47 INFO  Package banana is installed
08:13:47 INFO  Assert that (True == value) with value=True ... passed
08:13:47 INFO  Package cherry is installed
08:13:47 INFO  Assert that (True == value) with value=True ... passed
08:13:47 INFO  Package asciijump is installed
08:13:47 INFO  Assert that (True == value) with value=True ... passed
08:13:47 INFO  Package registry is installed
08:13:47 INFO  Assert that (True == value) with value=True ... passed
08:13:48 INFO  Response status: 201
08:13:48 INFO  Response to action: {
    &quot;creationTime&quot;: &quot;2022-07-01T08:13:48.083Z&quot;,
    &quot;deviceId&quot;: &quot;20627469&quot;,
    &quot;deviceName&quot;: &quot;m32sd10b&quot;,
    &quot;self&quot;: &quot;https://t493319102.eu-latest.cumulocity.com/devicecontrol/operations/20666302&quot;,
    &quot;id&quot;: &quot;20666302&quot;,
    &quot;status&quot;: &quot;PENDING&quot;,
    &quot;description&quot;: &quot;Apply software changes, triggered from PySys: [{'action': 'delete', 'id': '5495053', 'name': 'apple', 'url': ' ', 'version': '::fruits'}, {'action': 'delete', 'id': '5494888', 'name': 'banana', 'url': ' ', 'version': '::fruits'}, {'action': 'delete', 'id': '5475369', 'name': 'asciijump', 'url': ' ', 'version': '::apt'}, {'action': 'delete', 'id': '5495382', 'name': 'cherry', 'url': ' ', 'version': '::fruits'}, {'action': 'delete', 'id': '8018911', 'name': 'registry', 'url': ' ', 'version': '::docker'}]&quot;,
    &quot;c8y_SoftwareUpdate&quot;: [
        {
            &quot;name&quot;: &quot;apple&quot;,
            &quot;action&quot;: &quot;delete&quot;,
            &quot;id&quot;: &quot;5495053&quot;,
            &quot;version&quot;: &quot;::fruits&quot;,
            &quot;url&quot;: &quot; &quot;
        },
        {
            &quot;name&quot;: &quot;banana&quot;,
            &quot;action&quot;: &quot;delete&quot;,
            &quot;id&quot;: &quot;5494888&quot;,
            &quot;version&quot;: &quot;::fruits&quot;,
            &quot;url&quot;: &quot; &quot;
        },
        {
            &quot;name&quot;: &quot;asciijump&quot;,
            &quot;action&quot;: &quot;delete&quot;,
            &quot;id&quot;: &quot;5475369&quot;,
            &quot;version&quot;: &quot;::apt&quot;,
            &quot;url&quot;: &quot; &quot;
        },
        {
            &quot;name&quot;: &quot;cherry&quot;,
            &quot;action&quot;: &quot;delete&quot;,
            &quot;id&quot;: &quot;5495382&quot;,
            &quot;version&quot;: &quot;::fruits&quot;,
            &quot;url&quot;: &quot; &quot;
        },
        {
            &quot;name&quot;: &quot;registry&quot;,
            &quot;action&quot;: &quot;delete&quot;,
            &quot;id&quot;: &quot;8018911&quot;,
            &quot;version&quot;: &quot;::docker&quot;,
            &quot;url&quot;: &quot; &quot;
        }
    ]
}
08:13:48 INFO  Started operation: {'creationTime': '2022-07-01T08:13:48.083Z', 'deviceId': '20627469', 'deviceName': 'm32sd10b', 'self': 'https://t493319102.eu-latest.cumulocity.com/devicecontrol/operations/20666302', 'id': '20666302', 'status': 'PENDING', 'description': &quot;Apply software changes, triggered from PySys: [{'action': 'delete', 'id': '5495053', 'name': 'apple', 'url': ' ', 'version': '::fruits'}, {'action': 'delete', 'id': '5494888', 'name': 'banana', 'url': ' ', 'version': '::fruits'}, {'action': 'delete', 'id': '5475369', 'name': 'asciijump', 'url': ' ', 'version': '::apt'}, {'action': 'delete', 'id': '5495382', 'name': 'cherry', 'url': ' ', 'version': '::fruits'}, {'action': 'delete', 'id': '8018911', 'name': 'registry', 'url': ' ', 'version': '::docker'}]&quot;, 'c8y_SoftwareUpdate': [{'name': 'apple', 'action': 'delete', 'id': '5495053', 'version': '::fruits', 'url': ' '}, {'name': 'banana', 'action': 'delete', 'id': '5494888', 'version': '::fruits', 'url': ' '}, {'name': 'asciijump', 'action': 'delete', 'id': '5475369', 'version': '::apt', 'url': ' '}, {'name': 'cherry', 'action': 'delete', 'id': '5495382', 'version': '::fruits', 'url': ' '}, {'name': 'registry', 'action': 'delete', 'id': '8018911', 'version': '::docker', 'url': ' '}]}
08:13:50 INFO  State of operation 20666302 : PENDING
08:13:52 INFO  State of operation 20666302 : EXECUTING
08:13:54 INFO  State of operation 20666302 : EXECUTING
08:13:57 INFO  State of operation 20666302 : EXECUTING
08:13:59 INFO  State of operation 20666302 : EXECUTING
08:14:01 INFO  State of operation 20666302 : EXECUTING
08:14:04 INFO  State of operation 20666302 : EXECUTING
08:14:06 INFO  State of operation 20666302 : EXECUTING
08:14:09 INFO  State of operation 20666302 : EXECUTING
08:14:11 INFO  State of operation 20666302 : EXECUTING
08:14:13 INFO  State of operation 20666302 : EXECUTING
08:14:15 INFO  State of operation 20666302 : EXECUTING
08:14:18 INFO  State of operation 20666302 : EXECUTING
08:14:20 INFO  State of operation 20666302 : EXECUTING
08:14:22 INFO  State of operation 20666302 : EXECUTING
08:14:25 INFO  State of operation 20666302 : EXECUTING
08:14:28 INFO  State of operation 20666302 : EXECUTING
08:14:31 INFO  State of operation 20666302 : EXECUTING
08:14:33 INFO  State of operation 20666302 : EXECUTING
08:14:35 INFO  State of operation 20666302 : EXECUTING
08:14:37 INFO  State of operation 20666302 : EXECUTING
08:14:40 INFO  State of operation 20666302 : EXECUTING
08:14:42 INFO  State of operation 20666302 : EXECUTING
08:14:45 INFO  State of operation 20666302 : EXECUTING
08:14:47 INFO  State of operation 20666302 : EXECUTING
08:14:49 INFO  State of operation 20666302 : EXECUTING
08:14:51 INFO  State of operation 20666302 : EXECUTING
08:14:54 INFO  State of operation 20666302 : EXECUTING
08:14:56 INFO  State of operation 20666302 : EXECUTING
08:14:58 INFO  State of operation 20666302 : SUCCESSFUL
08:14:59 INFO  Package apple is installed
08:14:59 INFO  Assert that (True == value) with value=True ... passed
08:14:59 INFO  Package banana is installed
08:14:59 INFO  Assert that (True == value) with value=True ... passed
08:14:59 INFO  Package cherry is installed
08:14:59 INFO  Assert that (True == value) with value=True ... passed
08:14:59 INFO  Assert that (False == value) with value=False ... passed
08:15:00 INFO  Assert that (False == value) with value=False ... passed
08:15:00 INFO  
08:15:00 INFO  cleanup:
08:15:04 INFO  Executed sudo&lt;tedge_disconnect_c8y&gt;, exit status 0
08:15:04 INFO  Executed systemctl&lt;serv_mapper5&gt;, exit status 3
08:15:04 INFO  
08:15:04 INFO  Test duration: 163.86 secs
08:15:04 INFO  Test final outcome:  FAILED
08:15:04 INFO  Test outcome reason: Assert that (False == value) with value=True
08:15:04 INFO  
</system-out>
	</testcase>
</testsuite>
