<?xml version="1.0" encoding="utf-8"?>
<testsuite failures="1" name="SoftwareManagement.sm_mixed_install_remove_multiple" skipped="0" tests="1" time="164.98" timestamp="2022-07-21T21:18:38">
	<testcase classname="PySysTest" name="SoftwareManagement.sm_mixed_install_remove_multiple">
		<failure message="FAILED: Assert that (False == value) with value=True" type="FAILED"/>
		<system-out>21:15:53 INFO  ==============================================================
21:15:53 INFO  Id:    SoftwareManagement.sm_mixed_install_remove_multiple
21:15:53 INFO  Dir:   software_management_end_to_end/
21:15:53 INFO  Title: Validate end to end behaviour for the dummy-plugin for multiple packages with mixed versions
21:15:53 INFO  ==============================================================
21:15:53 INFO  Using sw id database: {'asciijump': '5475369', 'robotfindskitten': '5474869', 'squirrel3': '5475279', 'rolldice': '5152439', 'moon-buggy': '5439204', 'apple': '5495053', 'banana': '5494888', 'cherry': '5495382', 'watermelon': '5494510', 'registry': '8018911', 'hello-world': '8021526', 'docker/getting-started': '8021973', 'alpine': '7991792'}
21:15:53 INFO  EnvironmentC8y Setup
21:15:53 INFO  Executed systemctl&lt;serv_mapper1&gt;, exit status 3
21:15:54 INFO  Restarting mosquitto too frequently in the last 10 seconds. It was only up for 5 seconds
21:15:54 INFO  Delaying execution by 6 seconds
21:16:14 INFO  Executed sudo&lt;tedge_connect_c8y&gt;, exit status 0, duration 14 secs
21:16:15 INFO  Executed sudo&lt;tedge_connect_c8y_test&gt;, exit status 0
21:16:15 INFO  Executed systemctl&lt;serv_mosq2&gt;, exit status 0
21:16:16 INFO  Executed systemctl&lt;serv_mapper3&gt;, exit status 0
21:16:18 INFO  State of current operation: SUCCESSFUL
21:16:18 INFO  Package apple is installed
21:16:18 INFO  Assert that (True == value) with value=True ... passed
21:16:18 INFO  Package banana is installed
21:16:18 INFO  Assert that (True == value) with value=True ... passed
21:16:19 INFO  Package cherry is installed
21:16:19 INFO  Assert that (True == value) with value=True ... passed
21:16:19 INFO  Package asciijump is installed
21:16:19 WARN  Assert that (False == value) with value=True ... failed 
21:16:19 INFO  Assert that (False == value) with value=False ... passed
21:16:19 INFO  Response status: 201
21:16:19 INFO  Response to action: {
    &quot;creationTime&quot;: &quot;2022-07-21T21:16:19.936Z&quot;,
    &quot;deviceId&quot;: &quot;21166557&quot;,
    &quot;deviceName&quot;: &quot;m32sd10b&quot;,
    &quot;self&quot;: &quot;https://t493319102.eu-latest.cumulocity.com/devicecontrol/operations/21188054&quot;,
    &quot;id&quot;: &quot;21188054&quot;,
    &quot;status&quot;: &quot;PENDING&quot;,
    &quot;description&quot;: &quot;Apply software changes, triggered from PySys: [{'action': 'install', 'id': '5495053', 'name': 'apple', 'url': ' ', 'version': '::fruits'}, {'action': 'install', 'id': '5494888', 'name': 'banana', 'url': ' ', 'version': '::fruits'}, {'action': 'install', 'id': '5475369', 'name': 'asciijump', 'url': ' ', 'version': '::apt'}, {'action': 'install', 'id': '5495382', 'name': 'cherry', 'url': ' ', 'version': '::fruits'}, {'action': 'install', 'id': '8018911', 'name': 'registry', 'url': ' ', 'version': '::docker'}]&quot;,
    &quot;c8y_SoftwareUpdate&quot;: [
        {
            &quot;name&quot;: &quot;apple&quot;,
            &quot;action&quot;: &quot;install&quot;,
            &quot;id&quot;: &quot;5495053&quot;,
            &quot;version&quot;: &quot;::fruits&quot;,
            &quot;url&quot;: &quot; &quot;
        },
        {
            &quot;name&quot;: &quot;banana&quot;,
            &quot;action&quot;: &quot;install&quot;,
            &quot;id&quot;: &quot;5494888&quot;,
            &quot;version&quot;: &quot;::fruits&quot;,
            &quot;url&quot;: &quot; &quot;
        },
        {
            &quot;name&quot;: &quot;asciijump&quot;,
            &quot;action&quot;: &quot;install&quot;,
            &quot;id&quot;: &quot;5475369&quot;,
            &quot;version&quot;: &quot;::apt&quot;,
            &quot;url&quot;: &quot; &quot;
        },
        {
            &quot;name&quot;: &quot;cherry&quot;,
            &quot;action&quot;: &quot;install&quot;,
            &quot;id&quot;: &quot;5495382&quot;,
            &quot;version&quot;: &quot;::fruits&quot;,
            &quot;url&quot;: &quot; &quot;
        },
        {
            &quot;name&quot;: &quot;registry&quot;,
            &quot;action&quot;: &quot;install&quot;,
            &quot;id&quot;: &quot;8018911&quot;,
            &quot;version&quot;: &quot;::docker&quot;,
            &quot;url&quot;: &quot; &quot;
        }
    ]
}
21:16:19 INFO  Started operation: {'creationTime': '2022-07-21T21:16:19.936Z', 'deviceId': '21166557', 'deviceName': 'm32sd10b', 'self': 'https://t493319102.eu-latest.cumulocity.com/devicecontrol/operations/21188054', 'id': '21188054', 'status': 'PENDING', 'description': &quot;Apply software changes, triggered from PySys: [{'action': 'install', 'id': '5495053', 'name': 'apple', 'url': ' ', 'version': '::fruits'}, {'action': 'install', 'id': '5494888', 'name': 'banana', 'url': ' ', 'version': '::fruits'}, {'action': 'install', 'id': '5475369', 'name': 'asciijump', 'url': ' ', 'version': '::apt'}, {'action': 'install', 'id': '5495382', 'name': 'cherry', 'url': ' ', 'version': '::fruits'}, {'action': 'install', 'id': '8018911', 'name': 'registry', 'url': ' ', 'version': '::docker'}]&quot;, 'c8y_SoftwareUpdate': [{'name': 'apple', 'action': 'install', 'id': '5495053', 'version': '::fruits', 'url': ' '}, {'name': 'banana', 'action': 'install', 'id': '5494888', 'version': '::fruits', 'url': ' '}, {'name': 'asciijump', 'action': 'install', 'id': '5475369', 'version': '::apt', 'url': ' '}, {'name': 'cherry', 'action': 'install', 'id': '5495382', 'version': '::fruits', 'url': ' '}, {'name': 'registry', 'action': 'install', 'id': '8018911', 'version': '::docker', 'url': ' '}]}
21:16:22 INFO  State of operation 21188054 : PENDING
21:16:24 INFO  State of operation 21188054 : EXECUTING
21:16:26 INFO  State of operation 21188054 : EXECUTING
21:16:28 INFO  State of operation 21188054 : EXECUTING
21:16:31 INFO  State of operation 21188054 : EXECUTING
21:16:33 INFO  State of operation 21188054 : EXECUTING
21:16:35 INFO  State of operation 21188054 : EXECUTING
21:16:38 INFO  State of operation 21188054 : EXECUTING
21:16:41 INFO  State of operation 21188054 : EXECUTING
21:16:43 INFO  State of operation 21188054 : EXECUTING
21:16:45 INFO  State of operation 21188054 : EXECUTING
21:16:48 INFO  State of operation 21188054 : EXECUTING
21:16:50 INFO  State of operation 21188054 : EXECUTING
21:16:52 INFO  State of operation 21188054 : EXECUTING
21:16:54 INFO  State of operation 21188054 : EXECUTING
21:16:57 INFO  State of operation 21188054 : EXECUTING
21:16:59 INFO  State of operation 21188054 : EXECUTING
21:17:01 INFO  State of operation 21188054 : EXECUTING
21:17:04 INFO  State of operation 21188054 : EXECUTING
21:17:06 INFO  State of operation 21188054 : EXECUTING
21:17:08 INFO  State of operation 21188054 : EXECUTING
21:17:10 INFO  State of operation 21188054 : EXECUTING
21:17:12 INFO  State of operation 21188054 : EXECUTING
21:17:15 INFO  State of operation 21188054 : EXECUTING
21:17:17 INFO  State of operation 21188054 : EXECUTING
21:17:19 INFO  State of operation 21188054 : SUCCESSFUL
21:17:19 INFO  Package apple is installed
21:17:19 INFO  Assert that (True == value) with value=True ... passed
21:17:20 INFO  Package banana is installed
21:17:20 INFO  Assert that (True == value) with value=True ... passed
21:17:20 INFO  Package cherry is installed
21:17:20 INFO  Assert that (True == value) with value=True ... passed
21:17:20 INFO  Package asciijump is installed
21:17:20 INFO  Assert that (True == value) with value=True ... passed
21:17:20 INFO  Package registry is installed
21:17:20 INFO  Assert that (True == value) with value=True ... passed
21:17:21 INFO  Response status: 201
21:17:21 INFO  Response to action: {
    &quot;creationTime&quot;: &quot;2022-07-21T21:17:21.082Z&quot;,
    &quot;deviceId&quot;: &quot;21166557&quot;,
    &quot;deviceName&quot;: &quot;m32sd10b&quot;,
    &quot;self&quot;: &quot;https://t493319102.eu-latest.cumulocity.com/devicecontrol/operations/21190166&quot;,
    &quot;id&quot;: &quot;21190166&quot;,
    &quot;status&quot;: &quot;PENDING&quot;,
    &quot;description&quot;: &quot;Apply software changes, triggered from PySys: [{'action': 'delete', 'id': '5495053', 'name': 'apple', 'url': ' ', 'version': '::fruits'}, {'action': 'delete', 'id': '5494888', 'name': 'banana', 'url': ' ', 'version': '::fruits'}, {'action': 'delete', 'id': '5475369', 'name': 'asciijump', 'url': ' ', 'version': '::apt'}, {'action': 'delete', 'id': '5495382', 'name': 'cherry', 'url': ' ', 'version': '::fruits'}, {'action': 'delete', 'id': '8018911', 'name': 'registry', 'url': ' ', 'version': '::docker'}]&quot;,
    &quot;c8y_SoftwareUpdate&quot;: [
        {
            &quot;name&quot;: &quot;apple&quot;,
            &quot;action&quot;: &quot;delete&quot;,
            &quot;id&quot;: &quot;5495053&quot;,
            &quot;version&quot;: &quot;::fruits&quot;,
            &quot;url&quot;: &quot; &quot;
        },
        {
            &quot;name&quot;: &quot;banana&quot;,
            &quot;action&quot;: &quot;delete&quot;,
            &quot;id&quot;: &quot;5494888&quot;,
            &quot;version&quot;: &quot;::fruits&quot;,
            &quot;url&quot;: &quot; &quot;
        },
        {
            &quot;name&quot;: &quot;asciijump&quot;,
            &quot;action&quot;: &quot;delete&quot;,
            &quot;id&quot;: &quot;5475369&quot;,
            &quot;version&quot;: &quot;::apt&quot;,
            &quot;url&quot;: &quot; &quot;
        },
        {
            &quot;name&quot;: &quot;cherry&quot;,
            &quot;action&quot;: &quot;delete&quot;,
            &quot;id&quot;: &quot;5495382&quot;,
            &quot;version&quot;: &quot;::fruits&quot;,
            &quot;url&quot;: &quot; &quot;
        },
        {
            &quot;name&quot;: &quot;registry&quot;,
            &quot;action&quot;: &quot;delete&quot;,
            &quot;id&quot;: &quot;8018911&quot;,
            &quot;version&quot;: &quot;::docker&quot;,
            &quot;url&quot;: &quot; &quot;
        }
    ]
}
21:17:21 INFO  Started operation: {'creationTime': '2022-07-21T21:17:21.082Z', 'deviceId': '21166557', 'deviceName': 'm32sd10b', 'self': 'https://t493319102.eu-latest.cumulocity.com/devicecontrol/operations/21190166', 'id': '21190166', 'status': 'PENDING', 'description': &quot;Apply software changes, triggered from PySys: [{'action': 'delete', 'id': '5495053', 'name': 'apple', 'url': ' ', 'version': '::fruits'}, {'action': 'delete', 'id': '5494888', 'name': 'banana', 'url': ' ', 'version': '::fruits'}, {'action': 'delete', 'id': '5475369', 'name': 'asciijump', 'url': ' ', 'version': '::apt'}, {'action': 'delete', 'id': '5495382', 'name': 'cherry', 'url': ' ', 'version': '::fruits'}, {'action': 'delete', 'id': '8018911', 'name': 'registry', 'url': ' ', 'version': '::docker'}]&quot;, 'c8y_SoftwareUpdate': [{'name': 'apple', 'action': 'delete', 'id': '5495053', 'version': '::fruits', 'url': ' '}, {'name': 'banana', 'action': 'delete', 'id': '5494888', 'version': '::fruits', 'url': ' '}, {'name': 'asciijump', 'action': 'delete', 'id': '5475369', 'version': '::apt', 'url': ' '}, {'name': 'cherry', 'action': 'delete', 'id': '5495382', 'version': '::fruits', 'url': ' '}, {'name': 'registry', 'action': 'delete', 'id': '8018911', 'version': '::docker', 'url': ' '}]}
21:17:23 INFO  State of operation 21190166 : PENDING
21:17:25 INFO  State of operation 21190166 : EXECUTING
21:17:27 INFO  State of operation 21190166 : EXECUTING
21:17:30 INFO  State of operation 21190166 : EXECUTING
21:17:32 INFO  State of operation 21190166 : EXECUTING
21:17:34 INFO  State of operation 21190166 : EXECUTING
21:17:37 INFO  State of operation 21190166 : EXECUTING
21:17:40 INFO  State of operation 21190166 : EXECUTING
21:17:42 INFO  State of operation 21190166 : EXECUTING
21:17:45 INFO  State of operation 21190166 : EXECUTING
21:17:47 INFO  State of operation 21190166 : EXECUTING
21:17:49 INFO  State of operation 21190166 : EXECUTING
21:17:51 INFO  State of operation 21190166 : EXECUTING
21:17:53 INFO  State of operation 21190166 : EXECUTING
21:17:56 INFO  State of operation 21190166 : EXECUTING
21:17:58 INFO  State of operation 21190166 : EXECUTING
21:18:02 INFO  State of operation 21190166 : EXECUTING
21:18:04 INFO  State of operation 21190166 : EXECUTING
21:18:06 INFO  State of operation 21190166 : EXECUTING
21:18:09 INFO  State of operation 21190166 : EXECUTING
21:18:11 INFO  State of operation 21190166 : EXECUTING
21:18:13 INFO  State of operation 21190166 : EXECUTING
21:18:16 INFO  State of operation 21190166 : EXECUTING
21:18:18 INFO  State of operation 21190166 : EXECUTING
21:18:21 INFO  State of operation 21190166 : EXECUTING
21:18:23 INFO  State of operation 21190166 : EXECUTING
21:18:25 INFO  State of operation 21190166 : EXECUTING
21:18:27 INFO  State of operation 21190166 : EXECUTING
21:18:30 INFO  State of operation 21190166 : EXECUTING
21:18:32 INFO  State of operation 21190166 : SUCCESSFUL
21:18:32 INFO  Package apple is installed
21:18:32 INFO  Assert that (True == value) with value=True ... passed
21:18:32 INFO  Package banana is installed
21:18:32 INFO  Assert that (True == value) with value=True ... passed
21:18:33 INFO  Package cherry is installed
21:18:33 INFO  Assert that (True == value) with value=True ... passed
21:18:33 INFO  Assert that (False == value) with value=False ... passed
21:18:33 INFO  Assert that (False == value) with value=False ... passed
21:18:33 INFO  
21:18:33 INFO  cleanup:
21:18:37 INFO  Executed sudo&lt;tedge_disconnect_c8y&gt;, exit status 0
21:18:38 INFO  Executed systemctl&lt;serv_mapper5&gt;, exit status 3
21:18:38 INFO  
21:18:38 INFO  Test duration: 164.98 secs
21:18:38 INFO  Test final outcome:  FAILED
21:18:38 INFO  Test outcome reason: Assert that (False == value) with value=True
21:18:38 INFO  
</system-out>
	</testcase>
</testsuite>
