<?xml version="1.0" encoding="utf-8"?>
<testsuite failures="1" name="SoftwareManagement.sm_apt_install_download_path" skipped="0" tests="1" time="84.73" timestamp="2022-07-21T19:26:55">
	<testcase classname="AptInstallWithDownloadPath" name="SoftwareManagement.sm_apt_install_download_path">
		<failure message="BLOCKED: AssertionError:" type="BLOCKED"/>
		<system-out>19:25:30 INFO  ==============================================================
19:25:30 INFO  Id:    SoftwareManagement.sm_apt_install_download_path
19:25:30 INFO  Dir:   software_management_end_to_end/
19:25:30 INFO  Title: Install package to directory specified in tedge config set tmp.path
19:25:30 INFO  ==============================================================
19:25:31 INFO  Using sw id database: {'asciijump': '5475369', 'robotfindskitten': '5474869', 'squirrel3': '5475279', 'rolldice': '5152439', 'moon-buggy': '5439204', 'apple': '5495053', 'banana': '5494888', 'cherry': '5495382', 'watermelon': '5494510', 'registry': '8018911', 'hello-world': '8021526', 'docker/getting-started': '8021973', 'alpine': '7991792'}
19:25:31 INFO  EnvironmentC8y Setup
19:25:32 INFO  Executed systemctl&lt;serv_mapper1&gt;, exit status 3
19:25:46 INFO  Executed sudo&lt;tedge_connect_c8y&gt;, exit status 0, duration 14 secs
19:25:47 INFO  Executed sudo&lt;tedge_connect_c8y_test&gt;, exit status 0
19:25:47 INFO  Executed systemctl&lt;serv_mosq2&gt;, exit status 0
19:25:48 INFO  Executed systemctl&lt;serv_mapper3&gt;, exit status 0
19:25:50 INFO  State of current operation: SUCCESSFUL
19:25:50 INFO  Assert that (False == value) with value=False ... passed
19:25:51 INFO  Executed sudo, exit status 0
19:25:51 INFO  Executed sudo, exit status 0
19:25:52 INFO  Executed sudo, exit status 0
19:25:56 INFO  Executed sudo&lt;tedge_disconnect_c8y&gt;, exit status 0
19:25:56 INFO  Restarting mosquitto too frequently in the last 10 seconds. It was only up for 3 seconds
19:25:56 INFO  Delaying execution by 8 seconds
19:26:18 INFO  Executed sudo&lt;tedge_connect_c8y&gt;, exit status 0, duration 13 secs
19:26:18 INFO  Response status: 201
19:26:18 INFO  Response to action: {
    &quot;creationTime&quot;: &quot;2022-07-21T19:26:18.343Z&quot;,
    &quot;deviceId&quot;: &quot;21166557&quot;,
    &quot;deviceName&quot;: &quot;m32sd10b&quot;,
    &quot;self&quot;: &quot;https://t493319102.eu-latest.cumulocity.com/devicecontrol/operations/21172652&quot;,
    &quot;id&quot;: &quot;21172652&quot;,
    &quot;status&quot;: &quot;PENDING&quot;,
    &quot;description&quot;: &quot;Apply software changes, triggered from PySys: [{'name': 'rolldice', 'id': '5152439', 'version': '::apt', 'url': 'https://thin-edge-io.eu-latest.cumulocity.com/inventory/binaries/12435463', 'action': 'install'}]&quot;,
    &quot;c8y_SoftwareUpdate&quot;: [
        {
            &quot;name&quot;: &quot;rolldice&quot;,
            &quot;action&quot;: &quot;install&quot;,
            &quot;id&quot;: &quot;5152439&quot;,
            &quot;version&quot;: &quot;::apt&quot;,
            &quot;url&quot;: &quot;https://thin-edge-io.eu-latest.cumulocity.com/inventory/binaries/12435463&quot;
        }
    ]
}
19:26:18 INFO  Started operation: {'creationTime': '2022-07-21T19:26:18.343Z', 'deviceId': '21166557', 'deviceName': 'm32sd10b', 'self': 'https://t493319102.eu-latest.cumulocity.com/devicecontrol/operations/21172652', 'id': '21172652', 'status': 'PENDING', 'description': &quot;Apply software changes, triggered from PySys: [{'name': 'rolldice', 'id': '5152439', 'version': '::apt', 'url': 'https://thin-edge-io.eu-latest.cumulocity.com/inventory/binaries/12435463', 'action': 'install'}]&quot;, 'c8y_SoftwareUpdate': [{'name': 'rolldice', 'action': 'install', 'id': '5152439', 'version': '::apt', 'url': 'https://thin-edge-io.eu-latest.cumulocity.com/inventory/binaries/12435463'}]}
19:26:18 WARN  , retrying in 0.5 seconds...
19:26:18 WARN  , retrying in 0.5 seconds...
19:26:19 WARN  , retrying in 0.5 seconds...
19:26:19 WARN  , retrying in 0.5 seconds...
19:26:20 WARN  , retrying in 0.5 seconds...
19:26:20 WARN  , retrying in 0.5 seconds...
19:26:21 WARN  , retrying in 0.5 seconds...
19:26:21 WARN  , retrying in 0.5 seconds...
19:26:22 WARN  , retrying in 0.5 seconds...
19:26:22 WARN  AssertionError occurred while running test - 
Traceback (most recent call last):
  File &quot;/home/pi/env-pysys/lib/python3.7/site-packages/pysys/baserunner.py&quot;, line 1294, in __call__
    self.testObj.execute()
  File &quot;/home/pi/actions-runner/_work/thin-edge.io/thin-edge.io/tests/PySys/software_management_end_to_end/sm_apt_install_download_path/run.py&quot;, line 83, in execute
    assert_install_in_download_path(install_directory=self.DOWNLOAD_DIR)
  File &quot;/home/pi/env-pysys/lib/python3.7/site-packages/decorator.py&quot;, line 232, in fun
    return caller(func, *(extras + args), **kw)
  File &quot;/home/pi/env-pysys/lib/python3.7/site-packages/retry/api.py&quot;, line 74, in retry_decorator
    logger)
  File &quot;/home/pi/env-pysys/lib/python3.7/site-packages/retry/api.py&quot;, line 33, in __retry_internal
    return f()
  File &quot;/home/pi/actions-runner/_work/thin-edge.io/thin-edge.io/tests/PySys/software_management_end_to_end/sm_apt_install_download_path/run.py&quot;, line 28, in assert_install_in_download_path
    assert &quot;rolldice&quot; in os.listdir(f&quot;{install_directory}&quot;)
AssertionError
19:26:22 WARN  AssertionError: ... blocked 
19:26:22 INFO  
19:26:22 INFO  cleanup:
19:26:23 INFO  Executed sudo, exit status 0
19:26:24 INFO  Executed sudo, exit status 0
19:26:28 INFO  Executed sudo&lt;tedge_disconnect_c8y&gt;, exit status 0
19:26:28 INFO  Restarting mosquitto too frequently in the last 10 seconds. It was only up for 3 seconds
19:26:28 INFO  Delaying execution by 8 seconds
19:26:50 INFO  Executed sudo&lt;tedge_connect_c8y&gt;, exit status 0, duration 14 secs
19:26:54 INFO  Executed sudo&lt;tedge_disconnect_c8y&gt;, exit status 0
19:26:55 INFO  Executed systemctl&lt;serv_mapper5&gt;, exit status 3
19:26:55 INFO  
19:26:55 INFO  Test duration: 84.73 secs
19:26:55 INFO  Test final outcome:  BLOCKED
19:26:55 INFO  Test outcome reason: AssertionError:
19:26:55 INFO  
</system-out>
	</testcase>
</testsuite>
