<?xml version="1.0" encoding="utf-8"?>
<testsuite failures="1" name="SoftwareManagement.sm_apt_install_remove" skipped="0" tests="1" time="166.8" timestamp="2022-05-23T12:18:16">
	<testcase classname="PySysTest" name="SoftwareManagement.sm_apt_install_remove">
		<failure message="BLOCKED: SystemError: Timeout while waiting for status FAILED or SUCCESSFUL" type="BLOCKED"/>
		<system-out>12:15:29 INFO  ==============================================================
12:15:29 INFO  Id:    SoftwareManagement.sm_apt_install_remove
12:15:29 INFO  Dir:   software_management_end_to_end/
12:15:29 INFO  Title: Validate end to end behaviour for the apt plugin for installation and removal of packages
12:15:29 INFO  ==============================================================
12:15:29 INFO  Using sw id database: {'asciijump': '5475369', 'robotfindskitten': '5474869', 'squirrel3': '5475279', 'rolldice': '5152439', 'moon-buggy': '5439204', 'apple': '5495053', 'banana': '5494888', 'cherry': '5495382', 'watermelon': '5494510', 'registry': '8018911', 'hello-world': '8021526', 'docker/getting-started': '8021973', 'alpine': '7991792'}
12:15:29 INFO  EnvironmentC8y Setup
12:15:30 INFO  Executed systemctl&lt;serv_mapper1&gt;, exit status 3
12:15:30 INFO  Restarting mosquitto too frequently in the last 10 seconds. It was only up for 4 seconds
12:15:30 INFO  Delaying execution by 7 seconds
12:15:51 INFO  Executed sudo&lt;tedge_connect_c8y&gt;, exit status 0, duration 14 secs
12:15:52 INFO  Executed sudo&lt;tedge_connect_c8y_test&gt;, exit status 0
12:15:52 INFO  Executed systemctl&lt;serv_mosq2&gt;, exit status 0
12:15:52 INFO  Executed systemctl&lt;serv_mapper3&gt;, exit status 0
12:15:55 INFO  State of current operation: PENDING
12:15:57 INFO  State of current operation: PENDING
12:15:59 INFO  State of current operation: PENDING
12:16:01 INFO  State of current operation: PENDING
12:16:04 INFO  State of current operation: PENDING
12:16:06 INFO  State of current operation: PENDING
12:16:08 INFO  State of current operation: PENDING
12:16:10 INFO  State of current operation: PENDING
12:16:13 INFO  State of current operation: PENDING
12:16:15 INFO  State of current operation: PENDING
12:16:17 INFO  State of current operation: PENDING
12:16:19 INFO  State of current operation: PENDING
12:16:22 INFO  State of current operation: PENDING
12:16:24 INFO  State of current operation: PENDING
12:16:26 INFO  State of current operation: PENDING
12:16:28 INFO  State of current operation: PENDING
12:16:31 INFO  State of current operation: PENDING
12:16:33 INFO  State of current operation: PENDING
12:16:35 INFO  State of current operation: PENDING
12:16:37 INFO  State of current operation: PENDING
12:16:39 INFO  State of current operation: PENDING
12:16:42 INFO  State of current operation: PENDING
12:16:44 INFO  State of current operation: PENDING
12:16:46 INFO  State of current operation: PENDING
12:16:48 INFO  State of current operation: PENDING
12:16:51 INFO  State of current operation: PENDING
12:16:53 INFO  State of current operation: PENDING
12:16:55 INFO  State of current operation: PENDING
12:16:57 INFO  State of current operation: PENDING
12:17:00 INFO  State of current operation: PENDING
12:17:02 INFO  State of current operation: PENDING
12:17:04 INFO  State of current operation: PENDING
12:17:06 INFO  State of current operation: PENDING
12:17:08 INFO  State of current operation: PENDING
12:17:11 INFO  State of current operation: PENDING
12:17:13 INFO  State of current operation: PENDING
12:17:15 INFO  State of current operation: PENDING
12:17:17 INFO  State of current operation: PENDING
12:17:20 INFO  State of current operation: PENDING
12:17:22 INFO  State of current operation: PENDING
12:17:24 INFO  State of current operation: PENDING
12:17:26 INFO  State of current operation: PENDING
12:17:29 INFO  State of current operation: PENDING
12:17:31 INFO  State of current operation: PENDING
12:17:33 INFO  State of current operation: PENDING
12:17:35 INFO  State of current operation: PENDING
12:17:38 INFO  State of current operation: PENDING
12:17:40 INFO  State of current operation: PENDING
12:17:42 INFO  State of current operation: PENDING
12:17:44 INFO  State of current operation: PENDING
12:17:47 INFO  State of current operation: PENDING
12:17:49 INFO  State of current operation: PENDING
12:17:51 INFO  State of current operation: PENDING
12:17:53 INFO  State of current operation: PENDING
12:17:56 INFO  State of current operation: PENDING
12:17:58 INFO  State of current operation: PENDING
12:18:00 INFO  State of current operation: PENDING
12:18:02 INFO  State of current operation: PENDING
12:18:04 INFO  State of current operation: PENDING
12:18:07 INFO  State of current operation: PENDING
12:18:09 INFO  State of current operation: PENDING
12:18:11 WARN  SystemError occurred while running test - Timeout while waiting for status FAILED or SUCCESSFUL
Traceback (most recent call last):
  File &quot;/home/pi/env-pysys/lib/python3.7/site-packages/pysys/baserunner.py&quot;, line 1292, in __call__
    self.testObj.setup()
  File &quot;/home/pi/actions-runner/_work/thin-edge.io/thin-edge.io/tests/PySys/software_management_end_to_end/sm_apt_install_remove/run.py&quot;, line 27, in setup
    super().setup()
  File &quot;/home/pi/actions-runner/_work/thin-edge.io/thin-edge.io/tests/PySys/software_management_end_to_end/environment_sm_management.py&quot;, line 151, in setup
    self.wait_until_end()
  File &quot;/home/pi/actions-runner/_work/thin-edge.io/thin-edge.io/tests/PySys/software_management_end_to_end/environment_sm_management.py&quot;, line 332, in wait_until_end
    self.wait_until_status(&quot;FAILED&quot;, &quot;SUCCESSFUL&quot;)
  File &quot;/home/pi/actions-runner/_work/thin-edge.io/thin-edge.io/tests/PySys/software_management_end_to_end/environment_sm_management.py&quot;, line 381, in wait_until_status
    &quot;Timeout while waiting for status %s or %s&quot; % (status, status2)
SystemError: Timeout while waiting for status FAILED or SUCCESSFUL
12:18:11 WARN  SystemError: Timeout while waiting for status FAILED or SUCCESSFUL ... blocked 
12:18:11 INFO  
12:18:11 INFO  cleanup:
12:18:15 INFO  Executed sudo&lt;tedge_disconnect_c8y&gt;, exit status 0
12:18:16 INFO  Executed systemctl&lt;serv_mapper5&gt;, exit status 3
12:18:16 INFO  
12:18:16 INFO  Test duration: 166.80 secs
12:18:16 INFO  Test final outcome:  BLOCKED
12:18:16 INFO  Test outcome reason: SystemError: Timeout while waiting for status FAILED or SUCCESSFUL
12:18:16 INFO  
</system-out>
	</testcase>
</testsuite>
