<?xml version="1.0" encoding="utf-8"?>
<testsuite failures="1" name="SoftwareManagement.sm_apt_install_remove_multiple_mixed" skipped="0" tests="1" time="165.73" timestamp="2022-05-23T14:36:32">
	<testcase classname="PySysTest" name="SoftwareManagement.sm_apt_install_remove_multiple_mixed">
		<failure message="BLOCKED: SystemError: Timeout while waiting for status FAILED or SUCCESSFUL" type="BLOCKED"/>
		<system-out>14:33:46 INFO  ==============================================================
14:33:46 INFO  Id:    SoftwareManagement.sm_apt_install_remove_multiple_mixed
14:33:46 INFO  Dir:   software_management_end_to_end/
14:33:46 INFO  Title: Validate end to end behaviour for the apt plugin for multiple packages with mixed versions
14:33:46 INFO  ==============================================================
14:33:46 INFO  Using sw id database: {'asciijump': '5475369', 'robotfindskitten': '5474869', 'squirrel3': '5475279', 'rolldice': '5152439', 'moon-buggy': '5439204', 'apple': '5495053', 'banana': '5494888', 'cherry': '5495382', 'watermelon': '5494510', 'registry': '8018911', 'hello-world': '8021526', 'docker/getting-started': '8021973', 'alpine': '7991792'}
14:33:46 INFO  EnvironmentC8y Setup
14:33:46 INFO  Executed systemctl&lt;serv_mapper1&gt;, exit status 3
14:33:46 INFO  Restarting mosquitto too frequently in the last 10 seconds. It was only up for 5 seconds
14:33:46 INFO  Delaying execution by 6 seconds
14:34:06 INFO  Executed sudo&lt;tedge_connect_c8y&gt;, exit status 0, duration 13 secs
14:34:07 INFO  Executed sudo&lt;tedge_connect_c8y_test&gt;, exit status 0
14:34:07 INFO  Executed systemctl&lt;serv_mosq2&gt;, exit status 0
14:34:08 INFO  Executed systemctl&lt;serv_mapper3&gt;, exit status 0
14:34:10 INFO  State of current operation: PENDING
14:34:12 INFO  State of current operation: PENDING
14:34:15 INFO  State of current operation: PENDING
14:34:17 INFO  State of current operation: PENDING
14:34:19 INFO  State of current operation: PENDING
14:34:21 INFO  State of current operation: PENDING
14:34:24 INFO  State of current operation: PENDING
14:34:26 INFO  State of current operation: PENDING
14:34:28 INFO  State of current operation: PENDING
14:34:30 INFO  State of current operation: PENDING
14:34:32 INFO  State of current operation: PENDING
14:34:35 INFO  State of current operation: PENDING
14:34:37 INFO  State of current operation: PENDING
14:34:39 INFO  State of current operation: PENDING
14:34:41 INFO  State of current operation: PENDING
14:34:44 INFO  State of current operation: PENDING
14:34:46 INFO  State of current operation: PENDING
14:34:48 INFO  State of current operation: PENDING
14:34:51 INFO  State of current operation: PENDING
14:34:53 INFO  State of current operation: PENDING
14:34:55 INFO  State of current operation: PENDING
14:34:57 INFO  State of current operation: PENDING
14:35:00 INFO  State of current operation: PENDING
14:35:02 INFO  State of current operation: PENDING
14:35:04 INFO  State of current operation: PENDING
14:35:06 INFO  State of current operation: PENDING
14:35:09 INFO  State of current operation: PENDING
14:35:11 INFO  State of current operation: PENDING
14:35:13 INFO  State of current operation: PENDING
14:35:15 INFO  State of current operation: PENDING
14:35:18 INFO  State of current operation: PENDING
14:35:20 INFO  State of current operation: PENDING
14:35:22 INFO  State of current operation: PENDING
14:35:24 INFO  State of current operation: PENDING
14:35:27 INFO  State of current operation: PENDING
14:35:29 INFO  State of current operation: PENDING
14:35:31 INFO  State of current operation: PENDING
14:35:33 INFO  State of current operation: PENDING
14:35:35 INFO  State of current operation: PENDING
14:35:38 INFO  State of current operation: PENDING
14:35:40 INFO  State of current operation: PENDING
14:35:42 INFO  State of current operation: PENDING
14:35:44 INFO  State of current operation: PENDING
14:35:47 INFO  State of current operation: PENDING
14:35:49 INFO  State of current operation: PENDING
14:35:51 INFO  State of current operation: PENDING
14:35:53 INFO  State of current operation: PENDING
14:35:56 INFO  State of current operation: PENDING
14:35:58 INFO  State of current operation: PENDING
14:36:00 INFO  State of current operation: PENDING
14:36:02 INFO  State of current operation: PENDING
14:36:05 INFO  State of current operation: PENDING
14:36:07 INFO  State of current operation: PENDING
14:36:09 INFO  State of current operation: PENDING
14:36:11 INFO  State of current operation: PENDING
14:36:14 INFO  State of current operation: PENDING
14:36:16 INFO  State of current operation: PENDING
14:36:18 INFO  State of current operation: PENDING
14:36:20 INFO  State of current operation: PENDING
14:36:23 INFO  State of current operation: PENDING
14:36:25 INFO  State of current operation: PENDING
14:36:27 WARN  SystemError occurred while running test - Timeout while waiting for status FAILED or SUCCESSFUL
Traceback (most recent call last):
  File &quot;/home/pi/env-pysys/lib/python3.7/site-packages/pysys/baserunner.py&quot;, line 1292, in __call__
    self.testObj.setup()
  File &quot;/home/pi/actions-runner/_work/thin-edge.io/thin-edge.io/tests/PySys/software_management_end_to_end/sm_apt_install_remove_multiple_mixed/run.py&quot;, line 73, in setup
    super().setup()
  File &quot;/home/pi/actions-runner/_work/thin-edge.io/thin-edge.io/tests/PySys/software_management_end_to_end/environment_sm_management.py&quot;, line 151, in setup
    self.wait_until_end()
  File &quot;/home/pi/actions-runner/_work/thin-edge.io/thin-edge.io/tests/PySys/software_management_end_to_end/environment_sm_management.py&quot;, line 332, in wait_until_end
    self.wait_until_status(&quot;FAILED&quot;, &quot;SUCCESSFUL&quot;)
  File &quot;/home/pi/actions-runner/_work/thin-edge.io/thin-edge.io/tests/PySys/software_management_end_to_end/environment_sm_management.py&quot;, line 381, in wait_until_status
    &quot;Timeout while waiting for status %s or %s&quot; % (status, status2)
SystemError: Timeout while waiting for status FAILED or SUCCESSFUL
14:36:27 WARN  SystemError: Timeout while waiting for status FAILED or SUCCESSFUL ... blocked 
14:36:27 INFO  
14:36:27 INFO  cleanup:
14:36:31 INFO  Executed sudo&lt;tedge_disconnect_c8y&gt;, exit status 0
14:36:31 INFO  Executed systemctl&lt;serv_mapper5&gt;, exit status 3
14:36:31 INFO  
14:36:31 INFO  Test duration: 165.73 secs
14:36:31 INFO  Test final outcome:  BLOCKED
14:36:31 INFO  Test outcome reason: SystemError: Timeout while waiting for status FAILED or SUCCESSFUL
14:36:31 INFO  
</system-out>
	</testcase>
</testsuite>
