<?xml version="1.0" encoding="utf-8"?>
<testsuite failures="1" name="SoftwareManagement.sm_mixed_install_remove_multiple" skipped="0" tests="1" time="165.75" timestamp="2022-06-20T18:00:39">
	<testcase classname="PySysTest" name="SoftwareManagement.sm_mixed_install_remove_multiple">
		<failure message="FAILED: Assert that (False == value) with value=True" type="FAILED"/>
		<system-out>17:57:54 INFO  ==============================================================
17:57:54 INFO  Id:    SoftwareManagement.sm_mixed_install_remove_multiple
17:57:54 INFO  Dir:   software_management_end_to_end/
17:57:54 INFO  Title: Validate end to end behaviour for the dummy-plugin for multiple packages with mixed versions
17:57:54 INFO  ==============================================================
17:57:54 INFO  Using sw id database: {'asciijump': '5475369', 'robotfindskitten': '5474869', 'squirrel3': '5475279', 'rolldice': '5152439', 'moon-buggy': '5439204', 'apple': '5495053', 'banana': '5494888', 'cherry': '5495382', 'watermelon': '5494510', 'registry': '8018911', 'hello-world': '8021526', 'docker/getting-started': '8021973', 'alpine': '7991792'}
17:57:54 INFO  EnvironmentC8y Setup
17:57:54 INFO  Executed systemctl&lt;serv_mapper1&gt;, exit status 3
17:57:54 INFO  Restarting mosquitto too frequently in the last 10 seconds. It was only up for 5 seconds
17:57:54 INFO  Delaying execution by 6 seconds
17:58:14 INFO  Executed sudo&lt;tedge_connect_c8y&gt;, exit status 0, duration 13 secs
17:58:15 INFO  Executed sudo&lt;tedge_connect_c8y_test&gt;, exit status 0
17:58:15 INFO  Executed systemctl&lt;serv_mosq2&gt;, exit status 0
17:58:16 INFO  Executed systemctl&lt;serv_mapper3&gt;, exit status 0
17:58:18 INFO  State of current operation: SUCCESSFUL
17:58:18 INFO  Package apple is installed
17:58:18 INFO  Assert that (True == value) with value=True ... passed
17:58:19 INFO  Package banana is installed
17:58:19 INFO  Assert that (True == value) with value=True ... passed
17:58:19 INFO  Package cherry is installed
17:58:19 INFO  Assert that (True == value) with value=True ... passed
17:58:19 INFO  Package asciijump is installed
17:58:19 WARN  Assert that (False == value) with value=True ... failed 
17:58:19 INFO  Assert that (False == value) with value=False ... passed
17:58:20 INFO  Response status: 201
17:58:20 INFO  Response to action: {
    &quot;creationTime&quot;: &quot;2022-06-20T17:58:20.036Z&quot;,
    &quot;deviceName&quot;: &quot;m32sd10b&quot;,
    &quot;deviceId&quot;: &quot;20351311&quot;,
    &quot;self&quot;: &quot;https://t493319102.eu-latest.cumulocity.com/devicecontrol/operations/20362996&quot;,
    &quot;id&quot;: &quot;20362996&quot;,
    &quot;status&quot;: &quot;PENDING&quot;,
    &quot;description&quot;: &quot;Apply software changes, triggered from PySys: [{'action': 'install', 'id': '5495053', 'name': 'apple', 'url': ' ', 'version': '::fruits'}, {'action': 'install', 'id': '5494888', 'name': 'banana', 'url': ' ', 'version': '::fruits'}, {'action': 'install', 'id': '5475369', 'name': 'asciijump', 'url': ' ', 'version': '::apt'}, {'action': 'install', 'id': '5495382', 'name': 'cherry', 'url': ' ', 'version': '::fruits'}, {'action': 'install', 'id': '8018911', 'name': 'registry', 'url': ' ', 'version': '::docker'}]&quot;,
    &quot;c8y_SoftwareUpdate&quot;: [
        {
            &quot;name&quot;: &quot;apple&quot;,
            &quot;action&quot;: &quot;install&quot;,
            &quot;id&quot;: &quot;5495053&quot;,
            &quot;version&quot;: &quot;::fruits&quot;,
            &quot;url&quot;: &quot; &quot;
        },
        {
            &quot;name&quot;: &quot;banana&quot;,
            &quot;action&quot;: &quot;install&quot;,
            &quot;id&quot;: &quot;5494888&quot;,
            &quot;version&quot;: &quot;::fruits&quot;,
            &quot;url&quot;: &quot; &quot;
        },
        {
            &quot;name&quot;: &quot;asciijump&quot;,
            &quot;action&quot;: &quot;install&quot;,
            &quot;id&quot;: &quot;5475369&quot;,
            &quot;version&quot;: &quot;::apt&quot;,
            &quot;url&quot;: &quot; &quot;
        },
        {
            &quot;name&quot;: &quot;cherry&quot;,
            &quot;action&quot;: &quot;install&quot;,
            &quot;id&quot;: &quot;5495382&quot;,
            &quot;version&quot;: &quot;::fruits&quot;,
            &quot;url&quot;: &quot; &quot;
        },
        {
            &quot;name&quot;: &quot;registry&quot;,
            &quot;action&quot;: &quot;install&quot;,
            &quot;id&quot;: &quot;8018911&quot;,
            &quot;version&quot;: &quot;::docker&quot;,
            &quot;url&quot;: &quot; &quot;
        }
    ]
}
17:58:20 INFO  Started operation: {'creationTime': '2022-06-20T17:58:20.036Z', 'deviceName': 'm32sd10b', 'deviceId': '20351311', 'self': 'https://t493319102.eu-latest.cumulocity.com/devicecontrol/operations/20362996', 'id': '20362996', 'status': 'PENDING', 'description': &quot;Apply software changes, triggered from PySys: [{'action': 'install', 'id': '5495053', 'name': 'apple', 'url': ' ', 'version': '::fruits'}, {'action': 'install', 'id': '5494888', 'name': 'banana', 'url': ' ', 'version': '::fruits'}, {'action': 'install', 'id': '5475369', 'name': 'asciijump', 'url': ' ', 'version': '::apt'}, {'action': 'install', 'id': '5495382', 'name': 'cherry', 'url': ' ', 'version': '::fruits'}, {'action': 'install', 'id': '8018911', 'name': 'registry', 'url': ' ', 'version': '::docker'}]&quot;, 'c8y_SoftwareUpdate': [{'name': 'apple', 'action': 'install', 'id': '5495053', 'version': '::fruits', 'url': ' '}, {'name': 'banana', 'action': 'install', 'id': '5494888', 'version': '::fruits', 'url': ' '}, {'name': 'asciijump', 'action': 'install', 'id': '5475369', 'version': '::apt', 'url': ' '}, {'name': 'cherry', 'action': 'install', 'id': '5495382', 'version': '::fruits', 'url': ' '}, {'name': 'registry', 'action': 'install', 'id': '8018911', 'version': '::docker', 'url': ' '}]}
17:58:22 INFO  State of operation 20362996 : PENDING
17:58:24 INFO  State of operation 20362996 : EXECUTING
17:58:26 INFO  State of operation 20362996 : EXECUTING
17:58:28 INFO  State of operation 20362996 : EXECUTING
17:58:31 INFO  State of operation 20362996 : EXECUTING
17:58:33 INFO  State of operation 20362996 : EXECUTING
17:58:36 INFO  State of operation 20362996 : EXECUTING
17:58:39 INFO  State of operation 20362996 : EXECUTING
17:58:41 INFO  State of operation 20362996 : EXECUTING
17:58:44 INFO  State of operation 20362996 : EXECUTING
17:58:46 INFO  State of operation 20362996 : EXECUTING
17:58:48 INFO  State of operation 20362996 : EXECUTING
17:58:50 INFO  State of operation 20362996 : EXECUTING
17:58:53 INFO  State of operation 20362996 : EXECUTING
17:58:55 INFO  State of operation 20362996 : EXECUTING
17:58:57 INFO  State of operation 20362996 : EXECUTING
17:59:00 INFO  State of operation 20362996 : EXECUTING
17:59:02 INFO  State of operation 20362996 : EXECUTING
17:59:04 INFO  State of operation 20362996 : EXECUTING
17:59:06 INFO  State of operation 20362996 : EXECUTING
17:59:09 INFO  State of operation 20362996 : EXECUTING
17:59:11 INFO  State of operation 20362996 : EXECUTING
17:59:14 INFO  State of operation 20362996 : EXECUTING
17:59:16 INFO  State of operation 20362996 : EXECUTING
17:59:18 INFO  State of operation 20362996 : EXECUTING
17:59:20 INFO  State of operation 20362996 : SUCCESSFUL
17:59:20 INFO  Package apple is installed
17:59:20 INFO  Assert that (True == value) with value=True ... passed
17:59:21 INFO  Package banana is installed
17:59:21 INFO  Assert that (True == value) with value=True ... passed
17:59:21 INFO  Package cherry is installed
17:59:21 INFO  Assert that (True == value) with value=True ... passed
17:59:21 INFO  Package asciijump is installed
17:59:21 INFO  Assert that (True == value) with value=True ... passed
17:59:21 INFO  Package registry is installed
17:59:21 INFO  Assert that (True == value) with value=True ... passed
17:59:22 INFO  Response status: 201
17:59:22 INFO  Response to action: {
    &quot;creationTime&quot;: &quot;2022-06-20T17:59:22.074Z&quot;,
    &quot;deviceName&quot;: &quot;m32sd10b&quot;,
    &quot;deviceId&quot;: &quot;20351311&quot;,
    &quot;self&quot;: &quot;https://t493319102.eu-latest.cumulocity.com/devicecontrol/operations/20363004&quot;,
    &quot;id&quot;: &quot;20363004&quot;,
    &quot;status&quot;: &quot;PENDING&quot;,
    &quot;description&quot;: &quot;Apply software changes, triggered from PySys: [{'action': 'delete', 'id': '5495053', 'name': 'apple', 'url': ' ', 'version': '::fruits'}, {'action': 'delete', 'id': '5494888', 'name': 'banana', 'url': ' ', 'version': '::fruits'}, {'action': 'delete', 'id': '5475369', 'name': 'asciijump', 'url': ' ', 'version': '::apt'}, {'action': 'delete', 'id': '5495382', 'name': 'cherry', 'url': ' ', 'version': '::fruits'}, {'action': 'delete', 'id': '8018911', 'name': 'registry', 'url': ' ', 'version': '::docker'}]&quot;,
    &quot;c8y_SoftwareUpdate&quot;: [
        {
            &quot;name&quot;: &quot;apple&quot;,
            &quot;action&quot;: &quot;delete&quot;,
            &quot;id&quot;: &quot;5495053&quot;,
            &quot;version&quot;: &quot;::fruits&quot;,
            &quot;url&quot;: &quot; &quot;
        },
        {
            &quot;name&quot;: &quot;banana&quot;,
            &quot;action&quot;: &quot;delete&quot;,
            &quot;id&quot;: &quot;5494888&quot;,
            &quot;version&quot;: &quot;::fruits&quot;,
            &quot;url&quot;: &quot; &quot;
        },
        {
            &quot;name&quot;: &quot;asciijump&quot;,
            &quot;action&quot;: &quot;delete&quot;,
            &quot;id&quot;: &quot;5475369&quot;,
            &quot;version&quot;: &quot;::apt&quot;,
            &quot;url&quot;: &quot; &quot;
        },
        {
            &quot;name&quot;: &quot;cherry&quot;,
            &quot;action&quot;: &quot;delete&quot;,
            &quot;id&quot;: &quot;5495382&quot;,
            &quot;version&quot;: &quot;::fruits&quot;,
            &quot;url&quot;: &quot; &quot;
        },
        {
            &quot;name&quot;: &quot;registry&quot;,
            &quot;action&quot;: &quot;delete&quot;,
            &quot;id&quot;: &quot;8018911&quot;,
            &quot;version&quot;: &quot;::docker&quot;,
            &quot;url&quot;: &quot; &quot;
        }
    ]
}
17:59:22 INFO  Started operation: {'creationTime': '2022-06-20T17:59:22.074Z', 'deviceName': 'm32sd10b', 'deviceId': '20351311', 'self': 'https://t493319102.eu-latest.cumulocity.com/devicecontrol/operations/20363004', 'id': '20363004', 'status': 'PENDING', 'description': &quot;Apply software changes, triggered from PySys: [{'action': 'delete', 'id': '5495053', 'name': 'apple', 'url': ' ', 'version': '::fruits'}, {'action': 'delete', 'id': '5494888', 'name': 'banana', 'url': ' ', 'version': '::fruits'}, {'action': 'delete', 'id': '5475369', 'name': 'asciijump', 'url': ' ', 'version': '::apt'}, {'action': 'delete', 'id': '5495382', 'name': 'cherry', 'url': ' ', 'version': '::fruits'}, {'action': 'delete', 'id': '8018911', 'name': 'registry', 'url': ' ', 'version': '::docker'}]&quot;, 'c8y_SoftwareUpdate': [{'name': 'apple', 'action': 'delete', 'id': '5495053', 'version': '::fruits', 'url': ' '}, {'name': 'banana', 'action': 'delete', 'id': '5494888', 'version': '::fruits', 'url': ' '}, {'name': 'asciijump', 'action': 'delete', 'id': '5475369', 'version': '::apt', 'url': ' '}, {'name': 'cherry', 'action': 'delete', 'id': '5495382', 'version': '::fruits', 'url': ' '}, {'name': 'registry', 'action': 'delete', 'id': '8018911', 'version': '::docker', 'url': ' '}]}
17:59:24 INFO  State of operation 20363004 : PENDING
17:59:26 INFO  State of operation 20363004 : EXECUTING
17:59:28 INFO  State of operation 20363004 : EXECUTING
17:59:31 INFO  State of operation 20363004 : EXECUTING
17:59:33 INFO  State of operation 20363004 : EXECUTING
17:59:35 INFO  State of operation 20363004 : EXECUTING
17:59:38 INFO  State of operation 20363004 : EXECUTING
17:59:41 INFO  State of operation 20363004 : EXECUTING
17:59:43 INFO  State of operation 20363004 : EXECUTING
17:59:46 INFO  State of operation 20363004 : EXECUTING
17:59:48 INFO  State of operation 20363004 : EXECUTING
17:59:50 INFO  State of operation 20363004 : EXECUTING
17:59:53 INFO  State of operation 20363004 : EXECUTING
17:59:55 INFO  State of operation 20363004 : EXECUTING
17:59:58 INFO  State of operation 20363004 : EXECUTING
18:00:00 INFO  State of operation 20363004 : EXECUTING
18:00:03 INFO  State of operation 20363004 : EXECUTING
18:00:06 INFO  State of operation 20363004 : EXECUTING
18:00:08 INFO  State of operation 20363004 : EXECUTING
18:00:10 INFO  State of operation 20363004 : EXECUTING
18:00:12 INFO  State of operation 20363004 : EXECUTING
18:00:15 INFO  State of operation 20363004 : EXECUTING
18:00:17 INFO  State of operation 20363004 : EXECUTING
18:00:19 INFO  State of operation 20363004 : EXECUTING
18:00:22 INFO  State of operation 20363004 : EXECUTING
18:00:24 INFO  State of operation 20363004 : EXECUTING
18:00:26 INFO  State of operation 20363004 : EXECUTING
18:00:29 INFO  State of operation 20363004 : EXECUTING
18:00:31 INFO  State of operation 20363004 : EXECUTING
18:00:33 INFO  State of operation 20363004 : SUCCESSFUL
18:00:33 INFO  Package apple is installed
18:00:33 INFO  Assert that (True == value) with value=True ... passed
18:00:34 INFO  Package banana is installed
18:00:34 INFO  Assert that (True == value) with value=True ... passed
18:00:34 INFO  Package cherry is installed
18:00:34 INFO  Assert that (True == value) with value=True ... passed
18:00:34 INFO  Assert that (False == value) with value=False ... passed
18:00:34 INFO  Assert that (False == value) with value=False ... passed
18:00:34 INFO  
18:00:34 INFO  cleanup:
18:00:39 INFO  Executed sudo&lt;tedge_disconnect_c8y&gt;, exit status 0
18:00:39 INFO  Executed systemctl&lt;serv_mapper5&gt;, exit status 3
18:00:39 INFO  
18:00:39 INFO  Test duration: 165.75 secs
18:00:39 INFO  Test final outcome:  FAILED
18:00:39 INFO  Test outcome reason: Assert that (False == value) with value=True
18:00:39 INFO  
</system-out>
	</testcase>
</testsuite>
