<?xml version="1.0" encoding="utf-8"?>
<testsuite failures="0" name="SoftwareManagement.Plugin.apama_plugin_install" skipped="0" tests="1" time="22.24" timestamp="2022-07-25T12:47:44">
	<testcase classname="ApamaPluginInstallTest" name="SoftwareManagement.Plugin.apama_plugin_install"/>
</testsuite>
