<?xml version="1.0" encoding="utf-8"?>
<testsuite failures="1" name="SoftwareManagement.sm_apt_install_remove_multiple" skipped="0" tests="1" time="139.44" timestamp="2022-06-10T14:12:23">
	<testcase classname="PySysTest" name="SoftwareManagement.sm_apt_install_remove_multiple">
		<failure message="FAILED: Assert that (False == value) with value=True (+2 other failures)" type="FAILED"/>
		<system-out>14:10:04 INFO  ==============================================================
14:10:04 INFO  Id:    SoftwareManagement.sm_apt_install_remove_multiple
14:10:04 INFO  Dir:   software_management_end_to_end/
14:10:04 INFO  Title: Validate end to end behaviour for the apt plugin for multiple packages
14:10:04 INFO  ==============================================================
14:10:04 INFO  Using sw id database: {'asciijump': '5475369', 'robotfindskitten': '5474869', 'squirrel3': '5475279', 'rolldice': '5152439', 'moon-buggy': '5439204', 'apple': '5495053', 'banana': '5494888', 'cherry': '5495382', 'watermelon': '5494510', 'registry': '8018911', 'hello-world': '8021526', 'docker/getting-started': '8021973', 'alpine': '7991792'}
14:10:04 INFO  EnvironmentC8y Setup
14:10:04 INFO  Executed systemctl&lt;serv_mapper1&gt;, exit status 3
14:10:04 INFO  Restarting mosquitto too frequently in the last 10 seconds. It was only up for 5 seconds
14:10:04 INFO  Delaying execution by 6 seconds
14:10:25 INFO  Executed sudo&lt;tedge_connect_c8y&gt;, exit status 0, duration 14 secs
14:10:25 INFO  Executed sudo&lt;tedge_connect_c8y_test&gt;, exit status 0
14:10:26 INFO  Executed systemctl&lt;serv_mosq2&gt;, exit status 0
14:10:26 INFO  Executed systemctl&lt;serv_mapper3&gt;, exit status 0
14:10:28 INFO  State of current operation: SUCCESSFUL
14:10:28 INFO  Assert that (False == value) with value=False ... passed
14:10:29 INFO  Package asciijump is installed
14:10:29 WARN  Assert that (False == value) with value=True ... failed 
14:10:29 INFO  Package squirrel3 is installed
14:10:29 WARN  Assert that (False == value) with value=True ... failed 
14:10:30 INFO  Package robotfindskitten is installed
14:10:30 WARN  Assert that (False == value) with value=True ... failed 
14:10:30 INFO  Response status: 201
14:10:30 INFO  Response to action: {
    &quot;creationTime&quot;: &quot;2022-06-10T14:10:30.295Z&quot;,
    &quot;deviceId&quot;: &quot;20120685&quot;,
    &quot;deviceName&quot;: &quot;m32sd10b&quot;,
    &quot;self&quot;: &quot;https://t493319102.eu-latest.cumulocity.com/devicecontrol/operations/20136817&quot;,
    &quot;id&quot;: &quot;20136817&quot;,
    &quot;status&quot;: &quot;PENDING&quot;,
    &quot;description&quot;: &quot;Apply software changes, triggered from PySys: [{'action': 'install', 'id': '5475369', 'name': 'asciijump', 'url': ' ', 'version': '::apt'}, {'action': 'install', 'id': '5474869', 'name': 'robotfindskitten', 'url': ' ', 'version': '::apt'}, {'action': 'install', 'id': '5475279', 'name': 'squirrel3', 'url': ' ', 'version': '::apt'}]&quot;,
    &quot;c8y_SoftwareUpdate&quot;: [
        {
            &quot;name&quot;: &quot;asciijump&quot;,
            &quot;action&quot;: &quot;install&quot;,
            &quot;id&quot;: &quot;5475369&quot;,
            &quot;version&quot;: &quot;::apt&quot;,
            &quot;url&quot;: &quot; &quot;
        },
        {
            &quot;name&quot;: &quot;robotfindskitten&quot;,
            &quot;action&quot;: &quot;install&quot;,
            &quot;id&quot;: &quot;5474869&quot;,
            &quot;version&quot;: &quot;::apt&quot;,
            &quot;url&quot;: &quot; &quot;
        },
        {
            &quot;name&quot;: &quot;squirrel3&quot;,
            &quot;action&quot;: &quot;install&quot;,
            &quot;id&quot;: &quot;5475279&quot;,
            &quot;version&quot;: &quot;::apt&quot;,
            &quot;url&quot;: &quot; &quot;
        }
    ]
}
14:10:30 INFO  Started operation: {'creationTime': '2022-06-10T14:10:30.295Z', 'deviceId': '20120685', 'deviceName': 'm32sd10b', 'self': 'https://t493319102.eu-latest.cumulocity.com/devicecontrol/operations/20136817', 'id': '20136817', 'status': 'PENDING', 'description': &quot;Apply software changes, triggered from PySys: [{'action': 'install', 'id': '5475369', 'name': 'asciijump', 'url': ' ', 'version': '::apt'}, {'action': 'install', 'id': '5474869', 'name': 'robotfindskitten', 'url': ' ', 'version': '::apt'}, {'action': 'install', 'id': '5475279', 'name': 'squirrel3', 'url': ' ', 'version': '::apt'}]&quot;, 'c8y_SoftwareUpdate': [{'name': 'asciijump', 'action': 'install', 'id': '5475369', 'version': '::apt', 'url': ' '}, {'name': 'robotfindskitten', 'action': 'install', 'id': '5474869', 'version': '::apt', 'url': ' '}, {'name': 'squirrel3', 'action': 'install', 'id': '5475279', 'version': '::apt', 'url': ' '}]}
14:10:32 INFO  State of operation 20136817 : PENDING
14:10:34 INFO  State of operation 20136817 : EXECUTING
14:10:37 INFO  State of operation 20136817 : EXECUTING
14:10:39 INFO  State of operation 20136817 : EXECUTING
14:10:41 INFO  State of operation 20136817 : EXECUTING
14:10:43 INFO  State of operation 20136817 : EXECUTING
14:10:46 INFO  State of operation 20136817 : EXECUTING
14:10:48 INFO  State of operation 20136817 : EXECUTING
14:10:51 INFO  State of operation 20136817 : EXECUTING
14:10:53 INFO  State of operation 20136817 : EXECUTING
14:10:55 INFO  State of operation 20136817 : EXECUTING
14:10:58 INFO  State of operation 20136817 : EXECUTING
14:11:00 INFO  State of operation 20136817 : EXECUTING
14:11:02 INFO  State of operation 20136817 : EXECUTING
14:11:04 INFO  State of operation 20136817 : EXECUTING
14:11:06 INFO  State of operation 20136817 : SUCCESSFUL
14:11:07 INFO  Assert that (False == value) with value=False ... passed
14:11:07 INFO  Package asciijump is installed
14:11:07 INFO  Assert that (True == value) with value=True ... passed
14:11:07 INFO  Package squirrel3 is installed
14:11:07 INFO  Assert that (True == value) with value=True ... passed
14:11:07 INFO  Package robotfindskitten is installed
14:11:07 INFO  Assert that (True == value) with value=True ... passed
14:11:08 INFO  Response status: 201
14:11:08 INFO  Response to action: {
    &quot;creationTime&quot;: &quot;2022-06-10T14:11:08.023Z&quot;,
    &quot;deviceId&quot;: &quot;20120685&quot;,
    &quot;deviceName&quot;: &quot;m32sd10b&quot;,
    &quot;self&quot;: &quot;https://t493319102.eu-latest.cumulocity.com/devicecontrol/operations/20136837&quot;,
    &quot;id&quot;: &quot;20136837&quot;,
    &quot;status&quot;: &quot;PENDING&quot;,
    &quot;description&quot;: &quot;Apply software changes, triggered from PySys: [{'action': 'delete', 'id': '5475369', 'name': 'asciijump', 'url': ' ', 'version': '::apt'}, {'action': 'delete', 'id': '5474869', 'name': 'robotfindskitten', 'url': ' ', 'version': '::apt'}, {'action': 'delete', 'id': '5475279', 'name': 'squirrel3', 'url': ' ', 'version': '::apt'}]&quot;,
    &quot;c8y_SoftwareUpdate&quot;: [
        {
            &quot;name&quot;: &quot;asciijump&quot;,
            &quot;action&quot;: &quot;delete&quot;,
            &quot;id&quot;: &quot;5475369&quot;,
            &quot;version&quot;: &quot;::apt&quot;,
            &quot;url&quot;: &quot; &quot;
        },
        {
            &quot;name&quot;: &quot;robotfindskitten&quot;,
            &quot;action&quot;: &quot;delete&quot;,
            &quot;id&quot;: &quot;5474869&quot;,
            &quot;version&quot;: &quot;::apt&quot;,
            &quot;url&quot;: &quot; &quot;
        },
        {
            &quot;name&quot;: &quot;squirrel3&quot;,
            &quot;action&quot;: &quot;delete&quot;,
            &quot;id&quot;: &quot;5475279&quot;,
            &quot;version&quot;: &quot;::apt&quot;,
            &quot;url&quot;: &quot; &quot;
        }
    ]
}
14:11:08 INFO  Started operation: {'creationTime': '2022-06-10T14:11:08.023Z', 'deviceId': '20120685', 'deviceName': 'm32sd10b', 'self': 'https://t493319102.eu-latest.cumulocity.com/devicecontrol/operations/20136837', 'id': '20136837', 'status': 'PENDING', 'description': &quot;Apply software changes, triggered from PySys: [{'action': 'delete', 'id': '5475369', 'name': 'asciijump', 'url': ' ', 'version': '::apt'}, {'action': 'delete', 'id': '5474869', 'name': 'robotfindskitten', 'url': ' ', 'version': '::apt'}, {'action': 'delete', 'id': '5475279', 'name': 'squirrel3', 'url': ' ', 'version': '::apt'}]&quot;, 'c8y_SoftwareUpdate': [{'name': 'asciijump', 'action': 'delete', 'id': '5475369', 'version': '::apt', 'url': ' '}, {'name': 'robotfindskitten', 'action': 'delete', 'id': '5474869', 'version': '::apt', 'url': ' '}, {'name': 'squirrel3', 'action': 'delete', 'id': '5475279', 'version': '::apt', 'url': ' '}]}
14:11:10 INFO  State of operation 20136837 : PENDING
14:11:12 INFO  State of operation 20136837 : EXECUTING
14:11:14 INFO  State of operation 20136837 : EXECUTING
14:11:16 INFO  State of operation 20136837 : EXECUTING
14:11:19 INFO  State of operation 20136837 : EXECUTING
14:11:21 INFO  State of operation 20136837 : EXECUTING
14:11:24 INFO  State of operation 20136837 : EXECUTING
14:11:26 INFO  State of operation 20136837 : EXECUTING
14:11:29 INFO  State of operation 20136837 : EXECUTING
14:11:31 INFO  State of operation 20136837 : EXECUTING
14:11:33 INFO  State of operation 20136837 : EXECUTING
14:11:36 INFO  State of operation 20136837 : EXECUTING
14:11:38 INFO  State of operation 20136837 : EXECUTING
14:11:40 INFO  State of operation 20136837 : EXECUTING
14:11:42 INFO  State of operation 20136837 : EXECUTING
14:11:45 INFO  State of operation 20136837 : EXECUTING
14:11:47 INFO  State of operation 20136837 : EXECUTING
14:11:49 INFO  State of operation 20136837 : EXECUTING
14:11:52 INFO  State of operation 20136837 : EXECUTING
14:11:54 INFO  State of operation 20136837 : EXECUTING
14:11:57 INFO  State of operation 20136837 : EXECUTING
14:11:59 INFO  State of operation 20136837 : EXECUTING
14:12:01 INFO  State of operation 20136837 : EXECUTING
14:12:03 INFO  State of operation 20136837 : EXECUTING
14:12:06 INFO  State of operation 20136837 : EXECUTING
14:12:08 INFO  State of operation 20136837 : EXECUTING
14:12:11 INFO  State of operation 20136837 : EXECUTING
14:12:13 INFO  State of operation 20136837 : EXECUTING
14:12:15 INFO  State of operation 20136837 : EXECUTING
14:12:18 INFO  State of operation 20136837 : SUCCESSFUL
14:12:18 INFO  Assert that (False == value) with value=False ... passed
14:12:18 INFO  Assert that (False == value) with value=False ... passed
14:12:18 INFO  Assert that (False == value) with value=False ... passed
14:12:19 INFO  Assert that (False == value) with value=False ... passed
14:12:19 INFO  
14:12:19 INFO  cleanup:
14:12:23 INFO  Executed sudo&lt;tedge_disconnect_c8y&gt;, exit status 0
14:12:23 INFO  Executed systemctl&lt;serv_mapper5&gt;, exit status 3
14:12:23 INFO  
14:12:23 INFO  Test duration: 139.44 secs
14:12:23 INFO  Test final outcome:  FAILED
14:12:23 INFO  Test outcome reason: Assert that (False == value) with value=True (+2 other failures)
14:12:23 INFO  
</system-out>
	</testcase>
</testsuite>
