<?xml version="1.0" encoding="utf-8"?>
<testsuite failures="1" name="SoftwareManagement.sm_mixed_install_remove_multiple" skipped="0" tests="1" time="165.03" timestamp="2022-07-21T13:02:32">
	<testcase classname="PySysTest" name="SoftwareManagement.sm_mixed_install_remove_multiple">
		<failure message="FAILED: Assert that (False == value) with value=True" type="FAILED"/>
		<system-out>12:59:47 INFO  ==============================================================
12:59:47 INFO  Id:    SoftwareManagement.sm_mixed_install_remove_multiple
12:59:47 INFO  Dir:   software_management_end_to_end/
12:59:47 INFO  Title: Validate end to end behaviour for the dummy-plugin for multiple packages with mixed versions
12:59:47 INFO  ==============================================================
12:59:47 INFO  Using sw id database: {'asciijump': '5475369', 'robotfindskitten': '5474869', 'squirrel3': '5475279', 'rolldice': '5152439', 'moon-buggy': '5439204', 'apple': '5495053', 'banana': '5494888', 'cherry': '5495382', 'watermelon': '5494510', 'registry': '8018911', 'hello-world': '8021526', 'docker/getting-started': '8021973', 'alpine': '7991792'}
12:59:47 INFO  EnvironmentC8y Setup
12:59:48 INFO  Executed systemctl&lt;serv_mapper1&gt;, exit status 3
12:59:48 INFO  Restarting mosquitto too frequently in the last 10 seconds. It was only up for 4 seconds
12:59:48 INFO  Delaying execution by 7 seconds
13:00:09 INFO  Executed sudo&lt;tedge_connect_c8y&gt;, exit status 0, duration 14 secs
13:00:10 INFO  Executed sudo&lt;tedge_connect_c8y_test&gt;, exit status 0
13:00:10 INFO  Executed systemctl&lt;serv_mosq2&gt;, exit status 0
13:00:10 INFO  Executed systemctl&lt;serv_mapper3&gt;, exit status 0
13:00:13 INFO  State of current operation: SUCCESSFUL
13:00:13 INFO  Package apple is installed
13:00:13 INFO  Assert that (True == value) with value=True ... passed
13:00:13 INFO  Package banana is installed
13:00:13 INFO  Assert that (True == value) with value=True ... passed
13:00:13 INFO  Package cherry is installed
13:00:13 INFO  Assert that (True == value) with value=True ... passed
13:00:14 INFO  Package asciijump is installed
13:00:14 WARN  Assert that (False == value) with value=True ... failed 
13:00:14 INFO  Assert that (False == value) with value=False ... passed
13:00:14 INFO  Response status: 201
13:00:14 INFO  Response to action: {
    &quot;creationTime&quot;: &quot;2022-07-21T13:00:14.669Z&quot;,
    &quot;deviceId&quot;: &quot;21116856&quot;,
    &quot;deviceName&quot;: &quot;m32sd10b&quot;,
    &quot;self&quot;: &quot;https://t493319102.eu-latest.cumulocity.com/devicecontrol/operations/21133100&quot;,
    &quot;id&quot;: &quot;21133100&quot;,
    &quot;status&quot;: &quot;PENDING&quot;,
    &quot;description&quot;: &quot;Apply software changes, triggered from PySys: [{'action': 'install', 'id': '5495053', 'name': 'apple', 'url': ' ', 'version': '::fruits'}, {'action': 'install', 'id': '5494888', 'name': 'banana', 'url': ' ', 'version': '::fruits'}, {'action': 'install', 'id': '5475369', 'name': 'asciijump', 'url': ' ', 'version': '::apt'}, {'action': 'install', 'id': '5495382', 'name': 'cherry', 'url': ' ', 'version': '::fruits'}, {'action': 'install', 'id': '8018911', 'name': 'registry', 'url': ' ', 'version': '::docker'}]&quot;,
    &quot;c8y_SoftwareUpdate&quot;: [
        {
            &quot;name&quot;: &quot;apple&quot;,
            &quot;action&quot;: &quot;install&quot;,
            &quot;id&quot;: &quot;5495053&quot;,
            &quot;version&quot;: &quot;::fruits&quot;,
            &quot;url&quot;: &quot; &quot;
        },
        {
            &quot;name&quot;: &quot;banana&quot;,
            &quot;action&quot;: &quot;install&quot;,
            &quot;id&quot;: &quot;5494888&quot;,
            &quot;version&quot;: &quot;::fruits&quot;,
            &quot;url&quot;: &quot; &quot;
        },
        {
            &quot;name&quot;: &quot;asciijump&quot;,
            &quot;action&quot;: &quot;install&quot;,
            &quot;id&quot;: &quot;5475369&quot;,
            &quot;version&quot;: &quot;::apt&quot;,
            &quot;url&quot;: &quot; &quot;
        },
        {
            &quot;name&quot;: &quot;cherry&quot;,
            &quot;action&quot;: &quot;install&quot;,
            &quot;id&quot;: &quot;5495382&quot;,
            &quot;version&quot;: &quot;::fruits&quot;,
            &quot;url&quot;: &quot; &quot;
        },
        {
            &quot;name&quot;: &quot;registry&quot;,
            &quot;action&quot;: &quot;install&quot;,
            &quot;id&quot;: &quot;8018911&quot;,
            &quot;version&quot;: &quot;::docker&quot;,
            &quot;url&quot;: &quot; &quot;
        }
    ]
}
13:00:14 INFO  Started operation: {'creationTime': '2022-07-21T13:00:14.669Z', 'deviceId': '21116856', 'deviceName': 'm32sd10b', 'self': 'https://t493319102.eu-latest.cumulocity.com/devicecontrol/operations/21133100', 'id': '21133100', 'status': 'PENDING', 'description': &quot;Apply software changes, triggered from PySys: [{'action': 'install', 'id': '5495053', 'name': 'apple', 'url': ' ', 'version': '::fruits'}, {'action': 'install', 'id': '5494888', 'name': 'banana', 'url': ' ', 'version': '::fruits'}, {'action': 'install', 'id': '5475369', 'name': 'asciijump', 'url': ' ', 'version': '::apt'}, {'action': 'install', 'id': '5495382', 'name': 'cherry', 'url': ' ', 'version': '::fruits'}, {'action': 'install', 'id': '8018911', 'name': 'registry', 'url': ' ', 'version': '::docker'}]&quot;, 'c8y_SoftwareUpdate': [{'name': 'apple', 'action': 'install', 'id': '5495053', 'version': '::fruits', 'url': ' '}, {'name': 'banana', 'action': 'install', 'id': '5494888', 'version': '::fruits', 'url': ' '}, {'name': 'asciijump', 'action': 'install', 'id': '5475369', 'version': '::apt', 'url': ' '}, {'name': 'cherry', 'action': 'install', 'id': '5495382', 'version': '::fruits', 'url': ' '}, {'name': 'registry', 'action': 'install', 'id': '8018911', 'version': '::docker', 'url': ' '}]}
13:00:17 INFO  State of operation 21133100 : PENDING
13:00:19 INFO  State of operation 21133100 : EXECUTING
13:00:21 INFO  State of operation 21133100 : EXECUTING
13:00:23 INFO  State of operation 21133100 : EXECUTING
13:00:26 INFO  State of operation 21133100 : EXECUTING
13:00:28 INFO  State of operation 21133100 : EXECUTING
13:00:31 INFO  State of operation 21133100 : EXECUTING
13:00:33 INFO  State of operation 21133100 : EXECUTING
13:00:36 INFO  State of operation 21133100 : EXECUTING
13:00:38 INFO  State of operation 21133100 : EXECUTING
13:00:40 INFO  State of operation 21133100 : EXECUTING
13:00:43 INFO  State of operation 21133100 : EXECUTING
13:00:45 INFO  State of operation 21133100 : EXECUTING
13:00:47 INFO  State of operation 21133100 : EXECUTING
13:00:49 INFO  State of operation 21133100 : EXECUTING
13:00:52 INFO  State of operation 21133100 : EXECUTING
13:00:54 INFO  State of operation 21133100 : EXECUTING
13:00:56 INFO  State of operation 21133100 : EXECUTING
13:00:58 INFO  State of operation 21133100 : EXECUTING
13:01:00 INFO  State of operation 21133100 : EXECUTING
13:01:03 INFO  State of operation 21133100 : EXECUTING
13:01:05 INFO  State of operation 21133100 : EXECUTING
13:01:07 INFO  State of operation 21133100 : EXECUTING
13:01:09 INFO  State of operation 21133100 : EXECUTING
13:01:12 INFO  State of operation 21133100 : EXECUTING
13:01:14 INFO  State of operation 21133100 : SUCCESSFUL
13:01:14 INFO  Package apple is installed
13:01:14 INFO  Assert that (True == value) with value=True ... passed
13:01:14 INFO  Package banana is installed
13:01:14 INFO  Assert that (True == value) with value=True ... passed
13:01:15 INFO  Package cherry is installed
13:01:15 INFO  Assert that (True == value) with value=True ... passed
13:01:15 INFO  Package asciijump is installed
13:01:15 INFO  Assert that (True == value) with value=True ... passed
13:01:15 INFO  Package registry is installed
13:01:15 INFO  Assert that (True == value) with value=True ... passed
13:01:15 INFO  Response status: 201
13:01:15 INFO  Response to action: {
    &quot;creationTime&quot;: &quot;2022-07-21T13:01:15.707Z&quot;,
    &quot;deviceId&quot;: &quot;21116856&quot;,
    &quot;deviceName&quot;: &quot;m32sd10b&quot;,
    &quot;self&quot;: &quot;https://t493319102.eu-latest.cumulocity.com/devicecontrol/operations/21133115&quot;,
    &quot;id&quot;: &quot;21133115&quot;,
    &quot;status&quot;: &quot;PENDING&quot;,
    &quot;description&quot;: &quot;Apply software changes, triggered from PySys: [{'action': 'delete', 'id': '5495053', 'name': 'apple', 'url': ' ', 'version': '::fruits'}, {'action': 'delete', 'id': '5494888', 'name': 'banana', 'url': ' ', 'version': '::fruits'}, {'action': 'delete', 'id': '5475369', 'name': 'asciijump', 'url': ' ', 'version': '::apt'}, {'action': 'delete', 'id': '5495382', 'name': 'cherry', 'url': ' ', 'version': '::fruits'}, {'action': 'delete', 'id': '8018911', 'name': 'registry', 'url': ' ', 'version': '::docker'}]&quot;,
    &quot;c8y_SoftwareUpdate&quot;: [
        {
            &quot;name&quot;: &quot;apple&quot;,
            &quot;action&quot;: &quot;delete&quot;,
            &quot;id&quot;: &quot;5495053&quot;,
            &quot;version&quot;: &quot;::fruits&quot;,
            &quot;url&quot;: &quot; &quot;
        },
        {
            &quot;name&quot;: &quot;banana&quot;,
            &quot;action&quot;: &quot;delete&quot;,
            &quot;id&quot;: &quot;5494888&quot;,
            &quot;version&quot;: &quot;::fruits&quot;,
            &quot;url&quot;: &quot; &quot;
        },
        {
            &quot;name&quot;: &quot;asciijump&quot;,
            &quot;action&quot;: &quot;delete&quot;,
            &quot;id&quot;: &quot;5475369&quot;,
            &quot;version&quot;: &quot;::apt&quot;,
            &quot;url&quot;: &quot; &quot;
        },
        {
            &quot;name&quot;: &quot;cherry&quot;,
            &quot;action&quot;: &quot;delete&quot;,
            &quot;id&quot;: &quot;5495382&quot;,
            &quot;version&quot;: &quot;::fruits&quot;,
            &quot;url&quot;: &quot; &quot;
        },
        {
            &quot;name&quot;: &quot;registry&quot;,
            &quot;action&quot;: &quot;delete&quot;,
            &quot;id&quot;: &quot;8018911&quot;,
            &quot;version&quot;: &quot;::docker&quot;,
            &quot;url&quot;: &quot; &quot;
        }
    ]
}
13:01:15 INFO  Started operation: {'creationTime': '2022-07-21T13:01:15.707Z', 'deviceId': '21116856', 'deviceName': 'm32sd10b', 'self': 'https://t493319102.eu-latest.cumulocity.com/devicecontrol/operations/21133115', 'id': '21133115', 'status': 'PENDING', 'description': &quot;Apply software changes, triggered from PySys: [{'action': 'delete', 'id': '5495053', 'name': 'apple', 'url': ' ', 'version': '::fruits'}, {'action': 'delete', 'id': '5494888', 'name': 'banana', 'url': ' ', 'version': '::fruits'}, {'action': 'delete', 'id': '5475369', 'name': 'asciijump', 'url': ' ', 'version': '::apt'}, {'action': 'delete', 'id': '5495382', 'name': 'cherry', 'url': ' ', 'version': '::fruits'}, {'action': 'delete', 'id': '8018911', 'name': 'registry', 'url': ' ', 'version': '::docker'}]&quot;, 'c8y_SoftwareUpdate': [{'name': 'apple', 'action': 'delete', 'id': '5495053', 'version': '::fruits', 'url': ' '}, {'name': 'banana', 'action': 'delete', 'id': '5494888', 'version': '::fruits', 'url': ' '}, {'name': 'asciijump', 'action': 'delete', 'id': '5475369', 'version': '::apt', 'url': ' '}, {'name': 'cherry', 'action': 'delete', 'id': '5495382', 'version': '::fruits', 'url': ' '}, {'name': 'registry', 'action': 'delete', 'id': '8018911', 'version': '::docker', 'url': ' '}]}
13:01:17 INFO  State of operation 21133115 : PENDING
13:01:20 INFO  State of operation 21133115 : EXECUTING
13:01:22 INFO  State of operation 21133115 : EXECUTING
13:01:24 INFO  State of operation 21133115 : EXECUTING
13:01:27 INFO  State of operation 21133115 : EXECUTING
13:01:29 INFO  State of operation 21133115 : EXECUTING
13:01:31 INFO  State of operation 21133115 : EXECUTING
13:01:34 INFO  State of operation 21133115 : EXECUTING
13:01:36 INFO  State of operation 21133115 : EXECUTING
13:01:39 INFO  State of operation 21133115 : EXECUTING
13:01:41 INFO  State of operation 21133115 : EXECUTING
13:01:43 INFO  State of operation 21133115 : EXECUTING
13:01:46 INFO  State of operation 21133115 : EXECUTING
13:01:48 INFO  State of operation 21133115 : EXECUTING
13:01:50 INFO  State of operation 21133115 : EXECUTING
13:01:52 INFO  State of operation 21133115 : EXECUTING
13:01:56 INFO  State of operation 21133115 : EXECUTING
13:01:58 INFO  State of operation 21133115 : EXECUTING
13:02:01 INFO  State of operation 21133115 : EXECUTING
13:02:03 INFO  State of operation 21133115 : EXECUTING
13:02:05 INFO  State of operation 21133115 : EXECUTING
13:02:07 INFO  State of operation 21133115 : EXECUTING
13:02:10 INFO  State of operation 21133115 : EXECUTING
13:02:13 INFO  State of operation 21133115 : EXECUTING
13:02:15 INFO  State of operation 21133115 : EXECUTING
13:02:17 INFO  State of operation 21133115 : EXECUTING
13:02:19 INFO  State of operation 21133115 : EXECUTING
13:02:22 INFO  State of operation 21133115 : EXECUTING
13:02:24 INFO  State of operation 21133115 : EXECUTING
13:02:26 INFO  State of operation 21133115 : SUCCESSFUL
13:02:26 INFO  Package apple is installed
13:02:26 INFO  Assert that (True == value) with value=True ... passed
13:02:27 INFO  Package banana is installed
13:02:27 INFO  Assert that (True == value) with value=True ... passed
13:02:27 INFO  Package cherry is installed
13:02:27 INFO  Assert that (True == value) with value=True ... passed
13:02:27 INFO  Assert that (False == value) with value=False ... passed
13:02:28 INFO  Assert that (False == value) with value=False ... passed
13:02:28 INFO  
13:02:28 INFO  cleanup:
13:02:32 INFO  Executed sudo&lt;tedge_disconnect_c8y&gt;, exit status 0
13:02:32 INFO  Executed systemctl&lt;serv_mapper5&gt;, exit status 3
13:02:32 INFO  
13:02:32 INFO  Test duration: 165.03 secs
13:02:32 INFO  Test final outcome:  FAILED
13:02:32 INFO  Test outcome reason: Assert that (False == value) with value=True
13:02:32 INFO  
</system-out>
	</testcase>
</testsuite>
