<?xml version="1.0" encoding="utf-8"?>
<testsuite failures="1" name="SoftwareManagement.sm_apt_install_remove_multiple" skipped="0" tests="1" time="138.57" timestamp="2022-07-21T21:06:06">
	<testcase classname="PySysTest" name="SoftwareManagement.sm_apt_install_remove_multiple">
		<failure message="FAILED: Assert that (False == value) with value=True (+2 other failures)" type="FAILED"/>
		<system-out>21:03:47 INFO  ==============================================================
21:03:47 INFO  Id:    SoftwareManagement.sm_apt_install_remove_multiple
21:03:47 INFO  Dir:   software_management_end_to_end/
21:03:47 INFO  Title: Validate end to end behaviour for the apt plugin for multiple packages
21:03:47 INFO  ==============================================================
21:03:47 INFO  Using sw id database: {'asciijump': '5475369', 'robotfindskitten': '5474869', 'squirrel3': '5475279', 'rolldice': '5152439', 'moon-buggy': '5439204', 'apple': '5495053', 'banana': '5494888', 'cherry': '5495382', 'watermelon': '5494510', 'registry': '8018911', 'hello-world': '8021526', 'docker/getting-started': '8021973', 'alpine': '7991792'}
21:03:47 INFO  EnvironmentC8y Setup
21:03:48 INFO  Executed systemctl&lt;serv_mapper1&gt;, exit status 3
21:03:48 INFO  Restarting mosquitto too frequently in the last 10 seconds. It was only up for 4 seconds
21:03:48 INFO  Delaying execution by 7 seconds
21:04:09 INFO  Executed sudo&lt;tedge_connect_c8y&gt;, exit status 0, duration 14 secs
21:04:10 INFO  Executed sudo&lt;tedge_connect_c8y_test&gt;, exit status 0
21:04:10 INFO  Executed systemctl&lt;serv_mosq2&gt;, exit status 0
21:04:10 INFO  Executed systemctl&lt;serv_mapper3&gt;, exit status 0
21:04:13 INFO  State of current operation: SUCCESSFUL
21:04:13 INFO  Assert that (False == value) with value=False ... passed
21:04:13 INFO  Package asciijump is installed
21:04:14 WARN  Assert that (False == value) with value=True ... failed 
21:04:14 INFO  Package squirrel3 is installed
21:04:14 WARN  Assert that (False == value) with value=True ... failed 
21:04:14 INFO  Package robotfindskitten is installed
21:04:14 WARN  Assert that (False == value) with value=True ... failed 
21:04:14 INFO  Response status: 201
21:04:14 INFO  Response to action: {
    &quot;creationTime&quot;: &quot;2022-07-21T21:04:14.692Z&quot;,
    &quot;deviceId&quot;: &quot;21166557&quot;,
    &quot;deviceName&quot;: &quot;m32sd10b&quot;,
    &quot;self&quot;: &quot;https://t493319102.eu-latest.cumulocity.com/devicecontrol/operations/21187940&quot;,
    &quot;id&quot;: &quot;21187940&quot;,
    &quot;status&quot;: &quot;PENDING&quot;,
    &quot;description&quot;: &quot;Apply software changes, triggered from PySys: [{'action': 'install', 'id': '5475369', 'name': 'asciijump', 'url': ' ', 'version': '::apt'}, {'action': 'install', 'id': '5474869', 'name': 'robotfindskitten', 'url': ' ', 'version': '::apt'}, {'action': 'install', 'id': '5475279', 'name': 'squirrel3', 'url': ' ', 'version': '::apt'}]&quot;,
    &quot;c8y_SoftwareUpdate&quot;: [
        {
            &quot;name&quot;: &quot;asciijump&quot;,
            &quot;action&quot;: &quot;install&quot;,
            &quot;id&quot;: &quot;5475369&quot;,
            &quot;version&quot;: &quot;::apt&quot;,
            &quot;url&quot;: &quot; &quot;
        },
        {
            &quot;name&quot;: &quot;robotfindskitten&quot;,
            &quot;action&quot;: &quot;install&quot;,
            &quot;id&quot;: &quot;5474869&quot;,
            &quot;version&quot;: &quot;::apt&quot;,
            &quot;url&quot;: &quot; &quot;
        },
        {
            &quot;name&quot;: &quot;squirrel3&quot;,
            &quot;action&quot;: &quot;install&quot;,
            &quot;id&quot;: &quot;5475279&quot;,
            &quot;version&quot;: &quot;::apt&quot;,
            &quot;url&quot;: &quot; &quot;
        }
    ]
}
21:04:14 INFO  Started operation: {'creationTime': '2022-07-21T21:04:14.692Z', 'deviceId': '21166557', 'deviceName': 'm32sd10b', 'self': 'https://t493319102.eu-latest.cumulocity.com/devicecontrol/operations/21187940', 'id': '21187940', 'status': 'PENDING', 'description': &quot;Apply software changes, triggered from PySys: [{'action': 'install', 'id': '5475369', 'name': 'asciijump', 'url': ' ', 'version': '::apt'}, {'action': 'install', 'id': '5474869', 'name': 'robotfindskitten', 'url': ' ', 'version': '::apt'}, {'action': 'install', 'id': '5475279', 'name': 'squirrel3', 'url': ' ', 'version': '::apt'}]&quot;, 'c8y_SoftwareUpdate': [{'name': 'asciijump', 'action': 'install', 'id': '5475369', 'version': '::apt', 'url': ' '}, {'name': 'robotfindskitten', 'action': 'install', 'id': '5474869', 'version': '::apt', 'url': ' '}, {'name': 'squirrel3', 'action': 'install', 'id': '5475279', 'version': '::apt', 'url': ' '}]}
21:04:16 INFO  State of operation 21187940 : PENDING
21:04:19 INFO  State of operation 21187940 : EXECUTING
21:04:21 INFO  State of operation 21187940 : EXECUTING
21:04:23 INFO  State of operation 21187940 : EXECUTING
21:04:25 INFO  State of operation 21187940 : EXECUTING
21:04:28 INFO  State of operation 21187940 : EXECUTING
21:04:30 INFO  State of operation 21187940 : EXECUTING
21:04:33 INFO  State of operation 21187940 : EXECUTING
21:04:36 INFO  State of operation 21187940 : EXECUTING
21:04:38 INFO  State of operation 21187940 : EXECUTING
21:04:40 INFO  State of operation 21187940 : EXECUTING
21:04:42 INFO  State of operation 21187940 : EXECUTING
21:04:45 INFO  State of operation 21187940 : EXECUTING
21:04:47 INFO  State of operation 21187940 : EXECUTING
21:04:49 INFO  State of operation 21187940 : EXECUTING
21:04:51 INFO  State of operation 21187940 : SUCCESSFUL
21:04:52 INFO  Assert that (False == value) with value=False ... passed
21:04:52 INFO  Package asciijump is installed
21:04:52 INFO  Assert that (True == value) with value=True ... passed
21:04:52 INFO  Package squirrel3 is installed
21:04:52 INFO  Assert that (True == value) with value=True ... passed
21:04:52 INFO  Package robotfindskitten is installed
21:04:52 INFO  Assert that (True == value) with value=True ... passed
21:04:52 INFO  Response status: 201
21:04:52 INFO  Response to action: {
    &quot;creationTime&quot;: &quot;2022-07-21T21:04:52.945Z&quot;,
    &quot;deviceId&quot;: &quot;21166557&quot;,
    &quot;deviceName&quot;: &quot;m32sd10b&quot;,
    &quot;self&quot;: &quot;https://t493319102.eu-latest.cumulocity.com/devicecontrol/operations/21187954&quot;,
    &quot;id&quot;: &quot;21187954&quot;,
    &quot;status&quot;: &quot;PENDING&quot;,
    &quot;description&quot;: &quot;Apply software changes, triggered from PySys: [{'action': 'delete', 'id': '5475369', 'name': 'asciijump', 'url': ' ', 'version': '::apt'}, {'action': 'delete', 'id': '5474869', 'name': 'robotfindskitten', 'url': ' ', 'version': '::apt'}, {'action': 'delete', 'id': '5475279', 'name': 'squirrel3', 'url': ' ', 'version': '::apt'}]&quot;,
    &quot;c8y_SoftwareUpdate&quot;: [
        {
            &quot;name&quot;: &quot;asciijump&quot;,
            &quot;action&quot;: &quot;delete&quot;,
            &quot;id&quot;: &quot;5475369&quot;,
            &quot;version&quot;: &quot;::apt&quot;,
            &quot;url&quot;: &quot; &quot;
        },
        {
            &quot;name&quot;: &quot;robotfindskitten&quot;,
            &quot;action&quot;: &quot;delete&quot;,
            &quot;id&quot;: &quot;5474869&quot;,
            &quot;version&quot;: &quot;::apt&quot;,
            &quot;url&quot;: &quot; &quot;
        },
        {
            &quot;name&quot;: &quot;squirrel3&quot;,
            &quot;action&quot;: &quot;delete&quot;,
            &quot;id&quot;: &quot;5475279&quot;,
            &quot;version&quot;: &quot;::apt&quot;,
            &quot;url&quot;: &quot; &quot;
        }
    ]
}
21:04:52 INFO  Started operation: {'creationTime': '2022-07-21T21:04:52.945Z', 'deviceId': '21166557', 'deviceName': 'm32sd10b', 'self': 'https://t493319102.eu-latest.cumulocity.com/devicecontrol/operations/21187954', 'id': '21187954', 'status': 'PENDING', 'description': &quot;Apply software changes, triggered from PySys: [{'action': 'delete', 'id': '5475369', 'name': 'asciijump', 'url': ' ', 'version': '::apt'}, {'action': 'delete', 'id': '5474869', 'name': 'robotfindskitten', 'url': ' ', 'version': '::apt'}, {'action': 'delete', 'id': '5475279', 'name': 'squirrel3', 'url': ' ', 'version': '::apt'}]&quot;, 'c8y_SoftwareUpdate': [{'name': 'asciijump', 'action': 'delete', 'id': '5475369', 'version': '::apt', 'url': ' '}, {'name': 'robotfindskitten', 'action': 'delete', 'id': '5474869', 'version': '::apt', 'url': ' '}, {'name': 'squirrel3', 'action': 'delete', 'id': '5475279', 'version': '::apt', 'url': ' '}]}
21:04:55 INFO  State of operation 21187954 : PENDING
21:04:57 INFO  State of operation 21187954 : EXECUTING
21:04:59 INFO  State of operation 21187954 : EXECUTING
21:05:01 INFO  State of operation 21187954 : EXECUTING
21:05:04 INFO  State of operation 21187954 : EXECUTING
21:05:06 INFO  State of operation 21187954 : EXECUTING
21:05:09 INFO  State of operation 21187954 : EXECUTING
21:05:11 INFO  State of operation 21187954 : EXECUTING
21:05:14 INFO  State of operation 21187954 : EXECUTING
21:05:16 INFO  State of operation 21187954 : EXECUTING
21:05:19 INFO  State of operation 21187954 : EXECUTING
21:05:21 INFO  State of operation 21187954 : EXECUTING
21:05:23 INFO  State of operation 21187954 : EXECUTING
21:05:25 INFO  State of operation 21187954 : EXECUTING
21:05:27 INFO  State of operation 21187954 : EXECUTING
21:05:30 INFO  State of operation 21187954 : EXECUTING
21:05:32 INFO  State of operation 21187954 : EXECUTING
21:05:34 INFO  State of operation 21187954 : EXECUTING
21:05:37 INFO  State of operation 21187954 : EXECUTING
21:05:39 INFO  State of operation 21187954 : EXECUTING
21:05:42 INFO  State of operation 21187954 : EXECUTING
21:05:44 INFO  State of operation 21187954 : EXECUTING
21:05:46 INFO  State of operation 21187954 : EXECUTING
21:05:48 INFO  State of operation 21187954 : EXECUTING
21:05:50 INFO  State of operation 21187954 : EXECUTING
21:05:53 INFO  State of operation 21187954 : EXECUTING
21:05:56 INFO  State of operation 21187954 : EXECUTING
21:05:58 INFO  State of operation 21187954 : EXECUTING
21:06:00 INFO  State of operation 21187954 : SUCCESSFUL
21:06:00 INFO  Assert that (False == value) with value=False ... passed
21:06:00 INFO  Assert that (False == value) with value=False ... passed
21:06:01 INFO  Assert that (False == value) with value=False ... passed
21:06:01 INFO  Assert that (False == value) with value=False ... passed
21:06:01 INFO  
21:06:01 INFO  cleanup:
21:06:05 INFO  Executed sudo&lt;tedge_disconnect_c8y&gt;, exit status 0
21:06:06 INFO  Executed systemctl&lt;serv_mapper5&gt;, exit status 3
21:06:06 INFO  
21:06:06 INFO  Test duration: 138.57 secs
21:06:06 INFO  Test final outcome:  FAILED
21:06:06 INFO  Test outcome reason: Assert that (False == value) with value=True (+2 other failures)
21:06:06 INFO  
</system-out>
	</testcase>
</testsuite>
