<?xml version="1.0" encoding="utf-8"?>
<testsuite failures="1" name="SoftwareManagement.sm_apt_install_remove" skipped="0" tests="1" time="165.68" timestamp="2022-07-22T03:07:16">
	<testcase classname="PySysTest" name="SoftwareManagement.sm_apt_install_remove">
		<failure message="BLOCKED: SystemError: Timeout while waiting for status FAILED or SUCCESSFUL" type="BLOCKED"/>
		<system-out>03:04:30 INFO  ==============================================================
03:04:30 INFO  Id:    SoftwareManagement.sm_apt_install_remove
03:04:30 INFO  Dir:   software_management_end_to_end/
03:04:30 INFO  Title: Validate end to end behaviour for the apt plugin for installation and removal of packages
03:04:30 INFO  ==============================================================
03:04:30 INFO  Using sw id database: {'asciijump': '5475369', 'robotfindskitten': '5474869', 'squirrel3': '5475279', 'rolldice': '5152439', 'moon-buggy': '5439204', 'apple': '5495053', 'banana': '5494888', 'cherry': '5495382', 'watermelon': '5494510', 'registry': '8018911', 'hello-world': '8021526', 'docker/getting-started': '8021973', 'alpine': '7991792'}
03:04:30 INFO  EnvironmentC8y Setup
03:04:31 INFO  Executed systemctl&lt;serv_mapper1&gt;, exit status 3
03:04:31 INFO  Restarting mosquitto too frequently in the last 10 seconds. It was only up for 4 seconds
03:04:31 INFO  Delaying execution by 7 seconds
03:04:52 INFO  Executed sudo&lt;tedge_connect_c8y&gt;, exit status 0, duration 14 secs
03:04:53 INFO  Executed sudo&lt;tedge_connect_c8y_test&gt;, exit status 0
03:04:53 INFO  Executed systemctl&lt;serv_mosq2&gt;, exit status 0
03:04:54 INFO  Executed systemctl&lt;serv_mapper3&gt;, exit status 0
03:04:56 INFO  State of current operation: EXECUTING
03:04:58 INFO  State of current operation: EXECUTING
03:05:00 INFO  State of current operation: EXECUTING
03:05:02 INFO  State of current operation: EXECUTING
03:05:05 INFO  State of current operation: EXECUTING
03:05:07 INFO  State of current operation: EXECUTING
03:05:09 INFO  State of current operation: EXECUTING
03:05:11 INFO  State of current operation: EXECUTING
03:05:14 INFO  State of current operation: EXECUTING
03:05:16 INFO  State of current operation: EXECUTING
03:05:18 INFO  State of current operation: EXECUTING
03:05:20 INFO  State of current operation: EXECUTING
03:05:22 INFO  State of current operation: EXECUTING
03:05:25 INFO  State of current operation: EXECUTING
03:05:27 INFO  State of current operation: EXECUTING
03:05:29 INFO  State of current operation: EXECUTING
03:05:31 INFO  State of current operation: EXECUTING
03:05:34 INFO  State of current operation: EXECUTING
03:05:36 INFO  State of current operation: EXECUTING
03:05:38 INFO  State of current operation: EXECUTING
03:05:40 INFO  State of current operation: EXECUTING
03:05:42 INFO  State of current operation: EXECUTING
03:05:45 INFO  State of current operation: EXECUTING
03:05:47 INFO  State of current operation: EXECUTING
03:05:49 INFO  State of current operation: EXECUTING
03:05:51 INFO  State of current operation: EXECUTING
03:05:54 INFO  State of current operation: EXECUTING
03:05:56 INFO  State of current operation: EXECUTING
03:05:58 INFO  State of current operation: EXECUTING
03:06:00 INFO  State of current operation: EXECUTING
03:06:03 INFO  State of current operation: EXECUTING
03:06:05 INFO  State of current operation: EXECUTING
03:06:07 INFO  State of current operation: EXECUTING
03:06:09 INFO  State of current operation: EXECUTING
03:06:11 INFO  State of current operation: EXECUTING
03:06:14 INFO  State of current operation: EXECUTING
03:06:16 INFO  State of current operation: EXECUTING
03:06:18 INFO  State of current operation: EXECUTING
03:06:20 INFO  State of current operation: EXECUTING
03:06:22 INFO  State of current operation: EXECUTING
03:06:25 INFO  State of current operation: EXECUTING
03:06:27 INFO  State of current operation: EXECUTING
03:06:29 INFO  State of current operation: EXECUTING
03:06:31 INFO  State of current operation: EXECUTING
03:06:34 INFO  State of current operation: EXECUTING
03:06:36 INFO  State of current operation: EXECUTING
03:06:38 INFO  State of current operation: EXECUTING
03:06:40 INFO  State of current operation: EXECUTING
03:06:43 INFO  State of current operation: EXECUTING
03:06:45 INFO  State of current operation: EXECUTING
03:06:47 INFO  State of current operation: EXECUTING
03:06:49 INFO  State of current operation: EXECUTING
03:06:51 INFO  State of current operation: EXECUTING
03:06:54 INFO  State of current operation: EXECUTING
03:06:56 INFO  State of current operation: EXECUTING
03:06:58 INFO  State of current operation: EXECUTING
03:07:00 INFO  State of current operation: EXECUTING
03:07:02 INFO  State of current operation: EXECUTING
03:07:05 INFO  State of current operation: EXECUTING
03:07:07 INFO  State of current operation: EXECUTING
03:07:09 INFO  State of current operation: EXECUTING
03:07:11 WARN  SystemError occurred while running test - Timeout while waiting for status FAILED or SUCCESSFUL
Traceback (most recent call last):
  File &quot;/home/pi/env-pysys/lib/python3.7/site-packages/pysys/baserunner.py&quot;, line 1292, in __call__
    self.testObj.setup()
  File &quot;/home/pi/actions-runner/_work/thin-edge.io/thin-edge.io/tests/PySys/software_management_end_to_end/sm_apt_install_remove/run.py&quot;, line 27, in setup
    super().setup()
  File &quot;/home/pi/actions-runner/_work/thin-edge.io/thin-edge.io/tests/PySys/software_management_end_to_end/environment_sm_management.py&quot;, line 151, in setup
    self.wait_until_end()
  File &quot;/home/pi/actions-runner/_work/thin-edge.io/thin-edge.io/tests/PySys/software_management_end_to_end/environment_sm_management.py&quot;, line 332, in wait_until_end
    self.wait_until_status(&quot;FAILED&quot;, &quot;SUCCESSFUL&quot;)
  File &quot;/home/pi/actions-runner/_work/thin-edge.io/thin-edge.io/tests/PySys/software_management_end_to_end/environment_sm_management.py&quot;, line 381, in wait_until_status
    &quot;Timeout while waiting for status %s or %s&quot; % (status, status2)
SystemError: Timeout while waiting for status FAILED or SUCCESSFUL
03:07:11 WARN  SystemError: Timeout while waiting for status FAILED or SUCCESSFUL ... blocked 
03:07:11 INFO  
03:07:11 INFO  cleanup:
03:07:15 INFO  Executed sudo&lt;tedge_disconnect_c8y&gt;, exit status 0
03:07:16 INFO  Executed systemctl&lt;serv_mapper5&gt;, exit status 3
03:07:16 INFO  
03:07:16 INFO  Test duration: 165.68 secs
03:07:16 INFO  Test final outcome:  BLOCKED
03:07:16 INFO  Test outcome reason: SystemError: Timeout while waiting for status FAILED or SUCCESSFUL
03:07:16 INFO  
</system-out>
	</testcase>
</testsuite>
