<?xml version="1.0" encoding="utf-8"?>
<testsuite failures="1" name="SoftwareManagement.sm_fake_install_remove_multiple" skipped="0" tests="1" time="166.65" timestamp="2022-05-23T14:47:36">
	<testcase classname="PySysTest" name="SoftwareManagement.sm_fake_install_remove_multiple">
		<failure message="BLOCKED: SystemError: Timeout while waiting for status FAILED or SUCCESSFUL" type="BLOCKED"/>
		<system-out>14:44:50 INFO  ==============================================================
14:44:50 INFO  Id:    SoftwareManagement.sm_fake_install_remove_multiple
14:44:50 INFO  Dir:   software_management_end_to_end/
14:44:50 INFO  Title: Validate end to end behaviour for the dummy-plugin for multiple packages
14:44:50 INFO  ==============================================================
14:44:50 INFO  Using sw id database: {'asciijump': '5475369', 'robotfindskitten': '5474869', 'squirrel3': '5475279', 'rolldice': '5152439', 'moon-buggy': '5439204', 'apple': '5495053', 'banana': '5494888', 'cherry': '5495382', 'watermelon': '5494510', 'registry': '8018911', 'hello-world': '8021526', 'docker/getting-started': '8021973', 'alpine': '7991792'}
14:44:50 INFO  EnvironmentC8y Setup
14:44:50 INFO  Executed systemctl&lt;serv_mapper1&gt;, exit status 3
14:44:50 INFO  Restarting mosquitto too frequently in the last 10 seconds. It was only up for 5 seconds
14:44:50 INFO  Delaying execution by 6 seconds
14:45:11 INFO  Executed sudo&lt;tedge_connect_c8y&gt;, exit status 0, duration 14 secs
14:45:11 INFO  Executed sudo&lt;tedge_connect_c8y_test&gt;, exit status 0
14:45:12 INFO  Executed systemctl&lt;serv_mosq2&gt;, exit status 0
14:45:12 INFO  Executed systemctl&lt;serv_mapper3&gt;, exit status 0
14:45:14 INFO  State of current operation: PENDING
14:45:17 INFO  State of current operation: PENDING
14:45:19 INFO  State of current operation: PENDING
14:45:21 INFO  State of current operation: PENDING
14:45:23 INFO  State of current operation: PENDING
14:45:26 INFO  State of current operation: PENDING
14:45:28 INFO  State of current operation: PENDING
14:45:30 INFO  State of current operation: PENDING
14:45:33 INFO  State of current operation: PENDING
14:45:35 INFO  State of current operation: PENDING
14:45:38 INFO  State of current operation: PENDING
14:45:40 INFO  State of current operation: PENDING
14:45:42 INFO  State of current operation: PENDING
14:45:44 INFO  State of current operation: PENDING
14:45:47 INFO  State of current operation: PENDING
14:45:49 INFO  State of current operation: PENDING
14:45:51 INFO  State of current operation: PENDING
14:45:53 INFO  State of current operation: PENDING
14:45:56 INFO  State of current operation: PENDING
14:45:58 INFO  State of current operation: PENDING
14:46:00 INFO  State of current operation: PENDING
14:46:02 INFO  State of current operation: PENDING
14:46:05 INFO  State of current operation: PENDING
14:46:07 INFO  State of current operation: PENDING
14:46:09 INFO  State of current operation: PENDING
14:46:11 INFO  State of current operation: PENDING
14:46:13 INFO  State of current operation: PENDING
14:46:16 INFO  State of current operation: PENDING
14:46:18 INFO  State of current operation: PENDING
14:46:20 INFO  State of current operation: PENDING
14:46:22 INFO  State of current operation: PENDING
14:46:25 INFO  State of current operation: PENDING
14:46:27 INFO  State of current operation: PENDING
14:46:29 INFO  State of current operation: PENDING
14:46:31 INFO  State of current operation: PENDING
14:46:34 INFO  State of current operation: PENDING
14:46:36 INFO  State of current operation: PENDING
14:46:38 INFO  State of current operation: PENDING
14:46:40 INFO  State of current operation: PENDING
14:46:42 INFO  State of current operation: PENDING
14:46:45 INFO  State of current operation: PENDING
14:46:47 INFO  State of current operation: PENDING
14:46:49 INFO  State of current operation: PENDING
14:46:51 INFO  State of current operation: PENDING
14:46:54 INFO  State of current operation: PENDING
14:46:56 INFO  State of current operation: PENDING
14:46:58 INFO  State of current operation: PENDING
14:47:00 INFO  State of current operation: PENDING
14:47:03 INFO  State of current operation: PENDING
14:47:05 INFO  State of current operation: PENDING
14:47:07 INFO  State of current operation: PENDING
14:47:09 INFO  State of current operation: PENDING
14:47:11 INFO  State of current operation: PENDING
14:47:14 INFO  State of current operation: PENDING
14:47:16 INFO  State of current operation: PENDING
14:47:18 INFO  State of current operation: PENDING
14:47:20 INFO  State of current operation: PENDING
14:47:23 INFO  State of current operation: PENDING
14:47:25 INFO  State of current operation: PENDING
14:47:27 INFO  State of current operation: PENDING
14:47:29 INFO  State of current operation: PENDING
14:47:31 WARN  SystemError occurred while running test - Timeout while waiting for status FAILED or SUCCESSFUL
Traceback (most recent call last):
  File &quot;/home/pi/env-pysys/lib/python3.7/site-packages/pysys/baserunner.py&quot;, line 1292, in __call__
    self.testObj.setup()
  File &quot;/home/pi/actions-runner/_work/thin-edge.io/thin-edge.io/tests/PySys/software_management_end_to_end/sm_fake_install_remove_multiple/run.py&quot;, line 68, in setup
    super().setup()
  File &quot;/home/pi/actions-runner/_work/thin-edge.io/thin-edge.io/tests/PySys/software_management_end_to_end/environment_sm_management.py&quot;, line 151, in setup
    self.wait_until_end()
  File &quot;/home/pi/actions-runner/_work/thin-edge.io/thin-edge.io/tests/PySys/software_management_end_to_end/environment_sm_management.py&quot;, line 332, in wait_until_end
    self.wait_until_status(&quot;FAILED&quot;, &quot;SUCCESSFUL&quot;)
  File &quot;/home/pi/actions-runner/_work/thin-edge.io/thin-edge.io/tests/PySys/software_management_end_to_end/environment_sm_management.py&quot;, line 381, in wait_until_status
    &quot;Timeout while waiting for status %s or %s&quot; % (status, status2)
SystemError: Timeout while waiting for status FAILED or SUCCESSFUL
14:47:31 WARN  SystemError: Timeout while waiting for status FAILED or SUCCESSFUL ... blocked 
14:47:31 INFO  
14:47:31 INFO  cleanup:
14:47:36 INFO  Executed sudo&lt;tedge_disconnect_c8y&gt;, exit status 0
14:47:36 INFO  Executed systemctl&lt;serv_mapper5&gt;, exit status 3
14:47:36 INFO  
14:47:36 INFO  Test duration: 166.65 secs
14:47:36 INFO  Test final outcome:  BLOCKED
14:47:36 INFO  Test outcome reason: SystemError: Timeout while waiting for status FAILED or SUCCESSFUL
14:47:36 INFO  
</system-out>
	</testcase>
</testsuite>
