<?xml version="1.0" encoding="utf-8"?>
<testsuite failures="1" name="SoftwareManagement.sm_mixed_install_remove_multiple" skipped="0" tests="1" time="162.79" timestamp="2022-07-25T11:41:11">
	<testcase classname="PySysTest" name="SoftwareManagement.sm_mixed_install_remove_multiple">
		<failure message="FAILED: Assert that (False == value) with value=True" type="FAILED"/>
		<system-out>11:38:29 INFO  ==============================================================
11:38:29 INFO  Id:    SoftwareManagement.sm_mixed_install_remove_multiple
11:38:29 INFO  Dir:   software_management_end_to_end/
11:38:29 INFO  Title: Validate end to end behaviour for the dummy-plugin for multiple packages with mixed versions
11:38:29 INFO  ==============================================================
11:38:29 INFO  Using sw id database: {'asciijump': '5475369', 'robotfindskitten': '5474869', 'squirrel3': '5475279', 'rolldice': '5152439', 'moon-buggy': '5439204', 'apple': '5495053', 'banana': '5494888', 'cherry': '5495382', 'watermelon': '5494510', 'registry': '8018911', 'hello-world': '8021526', 'docker/getting-started': '8021973', 'alpine': '7991792'}
11:38:29 INFO  EnvironmentC8y Setup
11:38:29 INFO  Executed systemctl&lt;serv_mapper1&gt;, exit status 3
11:38:29 INFO  Restarting mosquitto too frequently in the last 10 seconds. It was only up for 5 seconds
11:38:29 INFO  Delaying execution by 6 seconds
11:38:49 INFO  Executed sudo&lt;tedge_connect_c8y&gt;, exit status 0, duration 14 secs
11:38:50 INFO  Executed sudo&lt;tedge_connect_c8y_test&gt;, exit status 0
11:38:51 INFO  Executed systemctl&lt;serv_mosq2&gt;, exit status 0
11:38:51 INFO  Executed systemctl&lt;serv_mapper3&gt;, exit status 0
11:38:53 INFO  State of current operation: SUCCESSFUL
11:38:53 INFO  Package apple is installed
11:38:53 INFO  Assert that (True == value) with value=True ... passed
11:38:54 INFO  Package banana is installed
11:38:54 INFO  Assert that (True == value) with value=True ... passed
11:38:54 INFO  Package cherry is installed
11:38:54 INFO  Assert that (True == value) with value=True ... passed
11:38:54 INFO  Package asciijump is installed
11:38:54 WARN  Assert that (False == value) with value=True ... failed 
11:38:54 INFO  Assert that (False == value) with value=False ... passed
11:38:55 INFO  Response status: 201
11:38:55 INFO  Response to action: {
    &quot;creationTime&quot;: &quot;2022-07-25T11:38:55.110Z&quot;,
    &quot;deviceId&quot;: &quot;21368829&quot;,
    &quot;deviceName&quot;: &quot;m32sd10b&quot;,
    &quot;self&quot;: &quot;https://t493319102.eu-latest.cumulocity.com/devicecontrol/operations/21377818&quot;,
    &quot;id&quot;: &quot;21377818&quot;,
    &quot;status&quot;: &quot;PENDING&quot;,
    &quot;description&quot;: &quot;Apply software changes, triggered from PySys: [{'action': 'install', 'id': '5495053', 'name': 'apple', 'url': ' ', 'version': '::fruits'}, {'action': 'install', 'id': '5494888', 'name': 'banana', 'url': ' ', 'version': '::fruits'}, {'action': 'install', 'id': '5475369', 'name': 'asciijump', 'url': ' ', 'version': '::apt'}, {'action': 'install', 'id': '5495382', 'name': 'cherry', 'url': ' ', 'version': '::fruits'}, {'action': 'install', 'id': '8018911', 'name': 'registry', 'url': ' ', 'version': '::docker'}]&quot;,
    &quot;c8y_SoftwareUpdate&quot;: [
        {
            &quot;name&quot;: &quot;apple&quot;,
            &quot;action&quot;: &quot;install&quot;,
            &quot;id&quot;: &quot;5495053&quot;,
            &quot;version&quot;: &quot;::fruits&quot;,
            &quot;url&quot;: &quot; &quot;
        },
        {
            &quot;name&quot;: &quot;banana&quot;,
            &quot;action&quot;: &quot;install&quot;,
            &quot;id&quot;: &quot;5494888&quot;,
            &quot;version&quot;: &quot;::fruits&quot;,
            &quot;url&quot;: &quot; &quot;
        },
        {
            &quot;name&quot;: &quot;asciijump&quot;,
            &quot;action&quot;: &quot;install&quot;,
            &quot;id&quot;: &quot;5475369&quot;,
            &quot;version&quot;: &quot;::apt&quot;,
            &quot;url&quot;: &quot; &quot;
        },
        {
            &quot;name&quot;: &quot;cherry&quot;,
            &quot;action&quot;: &quot;install&quot;,
            &quot;id&quot;: &quot;5495382&quot;,
            &quot;version&quot;: &quot;::fruits&quot;,
            &quot;url&quot;: &quot; &quot;
        },
        {
            &quot;name&quot;: &quot;registry&quot;,
            &quot;action&quot;: &quot;install&quot;,
            &quot;id&quot;: &quot;8018911&quot;,
            &quot;version&quot;: &quot;::docker&quot;,
            &quot;url&quot;: &quot; &quot;
        }
    ]
}
11:38:55 INFO  Started operation: {'creationTime': '2022-07-25T11:38:55.110Z', 'deviceId': '21368829', 'deviceName': 'm32sd10b', 'self': 'https://t493319102.eu-latest.cumulocity.com/devicecontrol/operations/21377818', 'id': '21377818', 'status': 'PENDING', 'description': &quot;Apply software changes, triggered from PySys: [{'action': 'install', 'id': '5495053', 'name': 'apple', 'url': ' ', 'version': '::fruits'}, {'action': 'install', 'id': '5494888', 'name': 'banana', 'url': ' ', 'version': '::fruits'}, {'action': 'install', 'id': '5475369', 'name': 'asciijump', 'url': ' ', 'version': '::apt'}, {'action': 'install', 'id': '5495382', 'name': 'cherry', 'url': ' ', 'version': '::fruits'}, {'action': 'install', 'id': '8018911', 'name': 'registry', 'url': ' ', 'version': '::docker'}]&quot;, 'c8y_SoftwareUpdate': [{'name': 'apple', 'action': 'install', 'id': '5495053', 'version': '::fruits', 'url': ' '}, {'name': 'banana', 'action': 'install', 'id': '5494888', 'version': '::fruits', 'url': ' '}, {'name': 'asciijump', 'action': 'install', 'id': '5475369', 'version': '::apt', 'url': ' '}, {'name': 'cherry', 'action': 'install', 'id': '5495382', 'version': '::fruits', 'url': ' '}, {'name': 'registry', 'action': 'install', 'id': '8018911', 'version': '::docker', 'url': ' '}]}
11:38:57 INFO  State of operation 21377818 : PENDING
11:38:59 INFO  State of operation 21377818 : EXECUTING
11:39:01 INFO  State of operation 21377818 : EXECUTING
11:39:04 INFO  State of operation 21377818 : EXECUTING
11:39:06 INFO  State of operation 21377818 : EXECUTING
11:39:08 INFO  State of operation 21377818 : EXECUTING
11:39:11 INFO  State of operation 21377818 : EXECUTING
11:39:14 INFO  State of operation 21377818 : EXECUTING
11:39:16 INFO  State of operation 21377818 : EXECUTING
11:39:19 INFO  State of operation 21377818 : EXECUTING
11:39:21 INFO  State of operation 21377818 : EXECUTING
11:39:23 INFO  State of operation 21377818 : EXECUTING
11:39:25 INFO  State of operation 21377818 : EXECUTING
11:39:27 INFO  State of operation 21377818 : EXECUTING
11:39:30 INFO  State of operation 21377818 : EXECUTING
11:39:32 INFO  State of operation 21377818 : EXECUTING
11:39:34 INFO  State of operation 21377818 : EXECUTING
11:39:36 INFO  State of operation 21377818 : EXECUTING
11:39:39 INFO  State of operation 21377818 : EXECUTING
11:39:41 INFO  State of operation 21377818 : EXECUTING
11:39:43 INFO  State of operation 21377818 : EXECUTING
11:39:45 INFO  State of operation 21377818 : EXECUTING
11:39:48 INFO  State of operation 21377818 : EXECUTING
11:39:50 INFO  State of operation 21377818 : EXECUTING
11:39:52 INFO  State of operation 21377818 : EXECUTING
11:39:54 INFO  State of operation 21377818 : SUCCESSFUL
11:39:54 INFO  Package apple is installed
11:39:54 INFO  Assert that (True == value) with value=True ... passed
11:39:55 INFO  Package banana is installed
11:39:55 INFO  Assert that (True == value) with value=True ... passed
11:39:55 INFO  Package cherry is installed
11:39:55 INFO  Assert that (True == value) with value=True ... passed
11:39:55 INFO  Package asciijump is installed
11:39:55 INFO  Assert that (True == value) with value=True ... passed
11:39:55 INFO  Package registry is installed
11:39:55 INFO  Assert that (True == value) with value=True ... passed
11:39:56 INFO  Response status: 201
11:39:56 INFO  Response to action: {
    &quot;creationTime&quot;: &quot;2022-07-25T11:39:56.007Z&quot;,
    &quot;deviceId&quot;: &quot;21368829&quot;,
    &quot;deviceName&quot;: &quot;m32sd10b&quot;,
    &quot;self&quot;: &quot;https://t493319102.eu-latest.cumulocity.com/devicecontrol/operations/21377835&quot;,
    &quot;id&quot;: &quot;21377835&quot;,
    &quot;status&quot;: &quot;PENDING&quot;,
    &quot;description&quot;: &quot;Apply software changes, triggered from PySys: [{'action': 'delete', 'id': '5495053', 'name': 'apple', 'url': ' ', 'version': '::fruits'}, {'action': 'delete', 'id': '5494888', 'name': 'banana', 'url': ' ', 'version': '::fruits'}, {'action': 'delete', 'id': '5475369', 'name': 'asciijump', 'url': ' ', 'version': '::apt'}, {'action': 'delete', 'id': '5495382', 'name': 'cherry', 'url': ' ', 'version': '::fruits'}, {'action': 'delete', 'id': '8018911', 'name': 'registry', 'url': ' ', 'version': '::docker'}]&quot;,
    &quot;c8y_SoftwareUpdate&quot;: [
        {
            &quot;name&quot;: &quot;apple&quot;,
            &quot;action&quot;: &quot;delete&quot;,
            &quot;id&quot;: &quot;5495053&quot;,
            &quot;version&quot;: &quot;::fruits&quot;,
            &quot;url&quot;: &quot; &quot;
        },
        {
            &quot;name&quot;: &quot;banana&quot;,
            &quot;action&quot;: &quot;delete&quot;,
            &quot;id&quot;: &quot;5494888&quot;,
            &quot;version&quot;: &quot;::fruits&quot;,
            &quot;url&quot;: &quot; &quot;
        },
        {
            &quot;name&quot;: &quot;asciijump&quot;,
            &quot;action&quot;: &quot;delete&quot;,
            &quot;id&quot;: &quot;5475369&quot;,
            &quot;version&quot;: &quot;::apt&quot;,
            &quot;url&quot;: &quot; &quot;
        },
        {
            &quot;name&quot;: &quot;cherry&quot;,
            &quot;action&quot;: &quot;delete&quot;,
            &quot;id&quot;: &quot;5495382&quot;,
            &quot;version&quot;: &quot;::fruits&quot;,
            &quot;url&quot;: &quot; &quot;
        },
        {
            &quot;name&quot;: &quot;registry&quot;,
            &quot;action&quot;: &quot;delete&quot;,
            &quot;id&quot;: &quot;8018911&quot;,
            &quot;version&quot;: &quot;::docker&quot;,
            &quot;url&quot;: &quot; &quot;
        }
    ]
}
11:39:56 INFO  Started operation: {'creationTime': '2022-07-25T11:39:56.007Z', 'deviceId': '21368829', 'deviceName': 'm32sd10b', 'self': 'https://t493319102.eu-latest.cumulocity.com/devicecontrol/operations/21377835', 'id': '21377835', 'status': 'PENDING', 'description': &quot;Apply software changes, triggered from PySys: [{'action': 'delete', 'id': '5495053', 'name': 'apple', 'url': ' ', 'version': '::fruits'}, {'action': 'delete', 'id': '5494888', 'name': 'banana', 'url': ' ', 'version': '::fruits'}, {'action': 'delete', 'id': '5475369', 'name': 'asciijump', 'url': ' ', 'version': '::apt'}, {'action': 'delete', 'id': '5495382', 'name': 'cherry', 'url': ' ', 'version': '::fruits'}, {'action': 'delete', 'id': '8018911', 'name': 'registry', 'url': ' ', 'version': '::docker'}]&quot;, 'c8y_SoftwareUpdate': [{'name': 'apple', 'action': 'delete', 'id': '5495053', 'version': '::fruits', 'url': ' '}, {'name': 'banana', 'action': 'delete', 'id': '5494888', 'version': '::fruits', 'url': ' '}, {'name': 'asciijump', 'action': 'delete', 'id': '5475369', 'version': '::apt', 'url': ' '}, {'name': 'cherry', 'action': 'delete', 'id': '5495382', 'version': '::fruits', 'url': ' '}, {'name': 'registry', 'action': 'delete', 'id': '8018911', 'version': '::docker', 'url': ' '}]}
11:39:58 INFO  State of operation 21377835 : PENDING
11:40:00 INFO  State of operation 21377835 : EXECUTING
11:40:02 INFO  State of operation 21377835 : EXECUTING
11:40:05 INFO  State of operation 21377835 : EXECUTING
11:40:07 INFO  State of operation 21377835 : EXECUTING
11:40:09 INFO  State of operation 21377835 : EXECUTING
11:40:12 INFO  State of operation 21377835 : EXECUTING
11:40:15 INFO  State of operation 21377835 : EXECUTING
11:40:17 INFO  State of operation 21377835 : EXECUTING
11:40:19 INFO  State of operation 21377835 : EXECUTING
11:40:21 INFO  State of operation 21377835 : EXECUTING
11:40:24 INFO  State of operation 21377835 : EXECUTING
11:40:26 INFO  State of operation 21377835 : EXECUTING
11:40:28 INFO  State of operation 21377835 : EXECUTING
11:40:30 INFO  State of operation 21377835 : EXECUTING
11:40:33 INFO  State of operation 21377835 : EXECUTING
11:40:36 INFO  State of operation 21377835 : EXECUTING
11:40:38 INFO  State of operation 21377835 : EXECUTING
11:40:40 INFO  State of operation 21377835 : EXECUTING
11:40:42 INFO  State of operation 21377835 : EXECUTING
11:40:45 INFO  State of operation 21377835 : EXECUTING
11:40:47 INFO  State of operation 21377835 : EXECUTING
11:40:49 INFO  State of operation 21377835 : EXECUTING
11:40:52 INFO  State of operation 21377835 : EXECUTING
11:40:54 INFO  State of operation 21377835 : EXECUTING
11:40:56 INFO  State of operation 21377835 : EXECUTING
11:40:59 INFO  State of operation 21377835 : EXECUTING
11:41:01 INFO  State of operation 21377835 : EXECUTING
11:41:03 INFO  State of operation 21377835 : EXECUTING
11:41:05 INFO  State of operation 21377835 : SUCCESSFUL
11:41:06 INFO  Package apple is installed
11:41:06 INFO  Assert that (True == value) with value=True ... passed
11:41:06 INFO  Package banana is installed
11:41:06 INFO  Assert that (True == value) with value=True ... passed
11:41:06 INFO  Package cherry is installed
11:41:06 INFO  Assert that (True == value) with value=True ... passed
11:41:06 INFO  Assert that (False == value) with value=False ... passed
11:41:07 INFO  Assert that (False == value) with value=False ... passed
11:41:07 INFO  
11:41:07 INFO  cleanup:
11:41:11 INFO  Executed sudo&lt;tedge_disconnect_c8y&gt;, exit status 0
11:41:11 INFO  Executed systemctl&lt;serv_mapper5&gt;, exit status 3
11:41:11 INFO  
11:41:11 INFO  Test duration: 162.79 secs
11:41:11 INFO  Test final outcome:  FAILED
11:41:11 INFO  Test outcome reason: Assert that (False == value) with value=True
11:41:11 INFO  
</system-out>
	</testcase>
</testsuite>
