<?xml version="1.0" encoding="utf-8"?>
<testsuite failures="1" name="SoftwareManagement.sm_apt_install_remove_multiple" skipped="0" tests="1" time="140.47" timestamp="2022-07-21T22:36:31">
	<testcase classname="PySysTest" name="SoftwareManagement.sm_apt_install_remove_multiple">
		<failure message="FAILED: Assert that (False == value) with value=True (+2 other failures)" type="FAILED"/>
		<system-out>22:34:10 INFO  ==============================================================
22:34:10 INFO  Id:    SoftwareManagement.sm_apt_install_remove_multiple
22:34:10 INFO  Dir:   software_management_end_to_end/
22:34:10 INFO  Title: Validate end to end behaviour for the apt plugin for multiple packages
22:34:10 INFO  ==============================================================
22:34:10 INFO  Using sw id database: {'asciijump': '5475369', 'robotfindskitten': '5474869', 'squirrel3': '5475279', 'rolldice': '5152439', 'moon-buggy': '5439204', 'apple': '5495053', 'banana': '5494888', 'cherry': '5495382', 'watermelon': '5494510', 'registry': '8018911', 'hello-world': '8021526', 'docker/getting-started': '8021973', 'alpine': '7991792'}
22:34:10 INFO  EnvironmentC8y Setup
22:34:11 INFO  Executed systemctl&lt;serv_mapper1&gt;, exit status 3
22:34:11 INFO  Restarting mosquitto too frequently in the last 10 seconds. It was only up for 4 seconds
22:34:11 INFO  Delaying execution by 7 seconds
22:34:32 INFO  Executed sudo&lt;tedge_connect_c8y&gt;, exit status 0, duration 14 secs
22:34:33 INFO  Executed sudo&lt;tedge_connect_c8y_test&gt;, exit status 0
22:34:33 INFO  Executed systemctl&lt;serv_mosq2&gt;, exit status 0
22:34:34 INFO  Executed systemctl&lt;serv_mapper3&gt;, exit status 0
22:34:36 INFO  State of current operation: SUCCESSFUL
22:34:36 INFO  Assert that (False == value) with value=False ... passed
22:34:36 INFO  Package asciijump is installed
22:34:37 WARN  Assert that (False == value) with value=True ... failed 
22:34:37 INFO  Package squirrel3 is installed
22:34:37 WARN  Assert that (False == value) with value=True ... failed 
22:34:37 INFO  Package robotfindskitten is installed
22:34:37 WARN  Assert that (False == value) with value=True ... failed 
22:34:37 INFO  Response status: 201
22:34:37 INFO  Response to action: {
    &quot;creationTime&quot;: &quot;2022-07-21T22:34:37.868Z&quot;,
    &quot;deviceId&quot;: &quot;21166557&quot;,
    &quot;deviceName&quot;: &quot;m32sd10b&quot;,
    &quot;self&quot;: &quot;https://t493319102.eu-latest.cumulocity.com/devicecontrol/operations/21192099&quot;,
    &quot;id&quot;: &quot;21192099&quot;,
    &quot;status&quot;: &quot;PENDING&quot;,
    &quot;description&quot;: &quot;Apply software changes, triggered from PySys: [{'action': 'install', 'id': '5475369', 'name': 'asciijump', 'url': ' ', 'version': '::apt'}, {'action': 'install', 'id': '5474869', 'name': 'robotfindskitten', 'url': ' ', 'version': '::apt'}, {'action': 'install', 'id': '5475279', 'name': 'squirrel3', 'url': ' ', 'version': '::apt'}]&quot;,
    &quot;c8y_SoftwareUpdate&quot;: [
        {
            &quot;name&quot;: &quot;asciijump&quot;,
            &quot;action&quot;: &quot;install&quot;,
            &quot;id&quot;: &quot;5475369&quot;,
            &quot;version&quot;: &quot;::apt&quot;,
            &quot;url&quot;: &quot; &quot;
        },
        {
            &quot;name&quot;: &quot;robotfindskitten&quot;,
            &quot;action&quot;: &quot;install&quot;,
            &quot;id&quot;: &quot;5474869&quot;,
            &quot;version&quot;: &quot;::apt&quot;,
            &quot;url&quot;: &quot; &quot;
        },
        {
            &quot;name&quot;: &quot;squirrel3&quot;,
            &quot;action&quot;: &quot;install&quot;,
            &quot;id&quot;: &quot;5475279&quot;,
            &quot;version&quot;: &quot;::apt&quot;,
            &quot;url&quot;: &quot; &quot;
        }
    ]
}
22:34:37 INFO  Started operation: {'creationTime': '2022-07-21T22:34:37.868Z', 'deviceId': '21166557', 'deviceName': 'm32sd10b', 'self': 'https://t493319102.eu-latest.cumulocity.com/devicecontrol/operations/21192099', 'id': '21192099', 'status': 'PENDING', 'description': &quot;Apply software changes, triggered from PySys: [{'action': 'install', 'id': '5475369', 'name': 'asciijump', 'url': ' ', 'version': '::apt'}, {'action': 'install', 'id': '5474869', 'name': 'robotfindskitten', 'url': ' ', 'version': '::apt'}, {'action': 'install', 'id': '5475279', 'name': 'squirrel3', 'url': ' ', 'version': '::apt'}]&quot;, 'c8y_SoftwareUpdate': [{'name': 'asciijump', 'action': 'install', 'id': '5475369', 'version': '::apt', 'url': ' '}, {'name': 'robotfindskitten', 'action': 'install', 'id': '5474869', 'version': '::apt', 'url': ' '}, {'name': 'squirrel3', 'action': 'install', 'id': '5475279', 'version': '::apt', 'url': ' '}]}
22:34:40 INFO  State of operation 21192099 : PENDING
22:34:42 INFO  State of operation 21192099 : EXECUTING
22:34:44 INFO  State of operation 21192099 : EXECUTING
22:34:46 INFO  State of operation 21192099 : EXECUTING
22:34:49 INFO  State of operation 21192099 : EXECUTING
22:34:51 INFO  State of operation 21192099 : EXECUTING
22:34:53 INFO  State of operation 21192099 : EXECUTING
22:34:56 INFO  State of operation 21192099 : EXECUTING
22:34:59 INFO  State of operation 21192099 : EXECUTING
22:35:01 INFO  State of operation 21192099 : EXECUTING
22:35:03 INFO  State of operation 21192099 : EXECUTING
22:35:06 INFO  State of operation 21192099 : EXECUTING
22:35:08 INFO  State of operation 21192099 : EXECUTING
22:35:10 INFO  State of operation 21192099 : EXECUTING
22:35:12 INFO  State of operation 21192099 : EXECUTING
22:35:14 INFO  State of operation 21192099 : SUCCESSFUL
22:35:15 INFO  Assert that (False == value) with value=False ... passed
22:35:15 INFO  Package asciijump is installed
22:35:15 INFO  Assert that (True == value) with value=True ... passed
22:35:15 INFO  Package squirrel3 is installed
22:35:15 INFO  Assert that (True == value) with value=True ... passed
22:35:15 INFO  Package robotfindskitten is installed
22:35:15 INFO  Assert that (True == value) with value=True ... passed
22:35:16 INFO  Response status: 201
22:35:16 INFO  Response to action: {
    &quot;creationTime&quot;: &quot;2022-07-21T22:35:16.090Z&quot;,
    &quot;deviceId&quot;: &quot;21166557&quot;,
    &quot;deviceName&quot;: &quot;m32sd10b&quot;,
    &quot;self&quot;: &quot;https://t493319102.eu-latest.cumulocity.com/devicecontrol/operations/21201111&quot;,
    &quot;id&quot;: &quot;21201111&quot;,
    &quot;status&quot;: &quot;PENDING&quot;,
    &quot;description&quot;: &quot;Apply software changes, triggered from PySys: [{'action': 'delete', 'id': '5475369', 'name': 'asciijump', 'url': ' ', 'version': '::apt'}, {'action': 'delete', 'id': '5474869', 'name': 'robotfindskitten', 'url': ' ', 'version': '::apt'}, {'action': 'delete', 'id': '5475279', 'name': 'squirrel3', 'url': ' ', 'version': '::apt'}]&quot;,
    &quot;c8y_SoftwareUpdate&quot;: [
        {
            &quot;name&quot;: &quot;asciijump&quot;,
            &quot;action&quot;: &quot;delete&quot;,
            &quot;id&quot;: &quot;5475369&quot;,
            &quot;version&quot;: &quot;::apt&quot;,
            &quot;url&quot;: &quot; &quot;
        },
        {
            &quot;name&quot;: &quot;robotfindskitten&quot;,
            &quot;action&quot;: &quot;delete&quot;,
            &quot;id&quot;: &quot;5474869&quot;,
            &quot;version&quot;: &quot;::apt&quot;,
            &quot;url&quot;: &quot; &quot;
        },
        {
            &quot;name&quot;: &quot;squirrel3&quot;,
            &quot;action&quot;: &quot;delete&quot;,
            &quot;id&quot;: &quot;5475279&quot;,
            &quot;version&quot;: &quot;::apt&quot;,
            &quot;url&quot;: &quot; &quot;
        }
    ]
}
22:35:16 INFO  Started operation: {'creationTime': '2022-07-21T22:35:16.090Z', 'deviceId': '21166557', 'deviceName': 'm32sd10b', 'self': 'https://t493319102.eu-latest.cumulocity.com/devicecontrol/operations/21201111', 'id': '21201111', 'status': 'PENDING', 'description': &quot;Apply software changes, triggered from PySys: [{'action': 'delete', 'id': '5475369', 'name': 'asciijump', 'url': ' ', 'version': '::apt'}, {'action': 'delete', 'id': '5474869', 'name': 'robotfindskitten', 'url': ' ', 'version': '::apt'}, {'action': 'delete', 'id': '5475279', 'name': 'squirrel3', 'url': ' ', 'version': '::apt'}]&quot;, 'c8y_SoftwareUpdate': [{'name': 'asciijump', 'action': 'delete', 'id': '5475369', 'version': '::apt', 'url': ' '}, {'name': 'robotfindskitten', 'action': 'delete', 'id': '5474869', 'version': '::apt', 'url': ' '}, {'name': 'squirrel3', 'action': 'delete', 'id': '5475279', 'version': '::apt', 'url': ' '}]}
22:35:18 INFO  State of operation 21201111 : PENDING
22:35:20 INFO  State of operation 21201111 : EXECUTING
22:35:22 INFO  State of operation 21201111 : EXECUTING
22:35:25 INFO  State of operation 21201111 : EXECUTING
22:35:27 INFO  State of operation 21201111 : EXECUTING
22:35:29 INFO  State of operation 21201111 : EXECUTING
22:35:32 INFO  State of operation 21201111 : EXECUTING
22:35:35 INFO  State of operation 21201111 : EXECUTING
22:35:37 INFO  State of operation 21201111 : EXECUTING
22:35:39 INFO  State of operation 21201111 : EXECUTING
22:35:41 INFO  State of operation 21201111 : EXECUTING
22:35:44 INFO  State of operation 21201111 : EXECUTING
22:35:46 INFO  State of operation 21201111 : EXECUTING
22:35:48 INFO  State of operation 21201111 : EXECUTING
22:35:50 INFO  State of operation 21201111 : EXECUTING
22:35:53 INFO  State of operation 21201111 : EXECUTING
22:35:55 INFO  State of operation 21201111 : EXECUTING
22:35:57 INFO  State of operation 21201111 : EXECUTING
22:36:00 INFO  State of operation 21201111 : EXECUTING
22:36:02 INFO  State of operation 21201111 : EXECUTING
22:36:05 INFO  State of operation 21201111 : EXECUTING
22:36:07 INFO  State of operation 21201111 : EXECUTING
22:36:09 INFO  State of operation 21201111 : EXECUTING
22:36:11 INFO  State of operation 21201111 : EXECUTING
22:36:13 INFO  State of operation 21201111 : EXECUTING
22:36:16 INFO  State of operation 21201111 : EXECUTING
22:36:19 INFO  State of operation 21201111 : EXECUTING
22:36:21 INFO  State of operation 21201111 : EXECUTING
22:36:23 INFO  State of operation 21201111 : EXECUTING
22:36:25 INFO  State of operation 21201111 : SUCCESSFUL
22:36:26 INFO  Assert that (False == value) with value=False ... passed
22:36:26 INFO  Assert that (False == value) with value=False ... passed
22:36:26 INFO  Assert that (False == value) with value=False ... passed
22:36:26 INFO  Assert that (False == value) with value=False ... passed
22:36:26 INFO  
22:36:26 INFO  cleanup:
22:36:30 INFO  Executed sudo&lt;tedge_disconnect_c8y&gt;, exit status 0
22:36:31 INFO  Executed systemctl&lt;serv_mapper5&gt;, exit status 3
22:36:31 INFO  
22:36:31 INFO  Test duration: 140.47 secs
22:36:31 INFO  Test final outcome:  FAILED
22:36:31 INFO  Test outcome reason: Assert that (False == value) with value=True (+2 other failures)
22:36:31 INFO  
</system-out>
	</testcase>
</testsuite>
