<?xml version="1.0" encoding="utf-8"?>
<testsuite failures="1" name="SoftwareManagement.sm_mixed_install_remove_multiple" skipped="0" tests="1" time="163.21" timestamp="2022-06-29T13:17:04">
	<testcase classname="PySysTest" name="SoftwareManagement.sm_mixed_install_remove_multiple">
		<failure message="FAILED: Assert that (False == value) with value=True" type="FAILED"/>
		<system-out>13:14:21 INFO  ==============================================================
13:14:21 INFO  Id:    SoftwareManagement.sm_mixed_install_remove_multiple
13:14:21 INFO  Dir:   software_management_end_to_end/
13:14:21 INFO  Title: Validate end to end behaviour for the dummy-plugin for multiple packages with mixed versions
13:14:21 INFO  ==============================================================
13:14:21 INFO  Using sw id database: {'asciijump': '5475369', 'robotfindskitten': '5474869', 'squirrel3': '5475279', 'rolldice': '5152439', 'moon-buggy': '5439204', 'apple': '5495053', 'banana': '5494888', 'cherry': '5495382', 'watermelon': '5494510', 'registry': '8018911', 'hello-world': '8021526', 'docker/getting-started': '8021973', 'alpine': '7991792'}
13:14:21 INFO  EnvironmentC8y Setup
13:14:21 INFO  Executed systemctl&lt;serv_mapper1&gt;, exit status 3
13:14:21 INFO  Restarting mosquitto too frequently in the last 10 seconds. It was only up for 5 seconds
13:14:21 INFO  Delaying execution by 6 seconds
13:14:41 INFO  Executed sudo&lt;tedge_connect_c8y&gt;, exit status 0, duration 13 secs
13:14:42 INFO  Executed sudo&lt;tedge_connect_c8y_test&gt;, exit status 0
13:14:42 INFO  Executed systemctl&lt;serv_mosq2&gt;, exit status 0
13:14:43 INFO  Executed systemctl&lt;serv_mapper3&gt;, exit status 0
13:14:45 INFO  State of current operation: SUCCESSFUL
13:14:45 INFO  Package apple is installed
13:14:45 INFO  Assert that (True == value) with value=True ... passed
13:14:46 INFO  Package banana is installed
13:14:46 INFO  Assert that (True == value) with value=True ... passed
13:14:46 INFO  Package cherry is installed
13:14:46 INFO  Assert that (True == value) with value=True ... passed
13:14:46 INFO  Package asciijump is installed
13:14:46 WARN  Assert that (False == value) with value=True ... failed 
13:14:46 INFO  Assert that (False == value) with value=False ... passed
13:14:47 INFO  Response status: 201
13:14:47 INFO  Response to action: {
    &quot;creationTime&quot;: &quot;2022-06-29T13:14:47.171Z&quot;,
    &quot;deviceId&quot;: &quot;20555040&quot;,
    &quot;deviceName&quot;: &quot;m32sd10b&quot;,
    &quot;self&quot;: &quot;https://t493319102.eu-latest.cumulocity.com/devicecontrol/operations/20610763&quot;,
    &quot;id&quot;: &quot;20610763&quot;,
    &quot;status&quot;: &quot;PENDING&quot;,
    &quot;description&quot;: &quot;Apply software changes, triggered from PySys: [{'action': 'install', 'id': '5495053', 'name': 'apple', 'url': ' ', 'version': '::fruits'}, {'action': 'install', 'id': '5494888', 'name': 'banana', 'url': ' ', 'version': '::fruits'}, {'action': 'install', 'id': '5475369', 'name': 'asciijump', 'url': ' ', 'version': '::apt'}, {'action': 'install', 'id': '5495382', 'name': 'cherry', 'url': ' ', 'version': '::fruits'}, {'action': 'install', 'id': '8018911', 'name': 'registry', 'url': ' ', 'version': '::docker'}]&quot;,
    &quot;c8y_SoftwareUpdate&quot;: [
        {
            &quot;name&quot;: &quot;apple&quot;,
            &quot;action&quot;: &quot;install&quot;,
            &quot;id&quot;: &quot;5495053&quot;,
            &quot;version&quot;: &quot;::fruits&quot;,
            &quot;url&quot;: &quot; &quot;
        },
        {
            &quot;name&quot;: &quot;banana&quot;,
            &quot;action&quot;: &quot;install&quot;,
            &quot;id&quot;: &quot;5494888&quot;,
            &quot;version&quot;: &quot;::fruits&quot;,
            &quot;url&quot;: &quot; &quot;
        },
        {
            &quot;name&quot;: &quot;asciijump&quot;,
            &quot;action&quot;: &quot;install&quot;,
            &quot;id&quot;: &quot;5475369&quot;,
            &quot;version&quot;: &quot;::apt&quot;,
            &quot;url&quot;: &quot; &quot;
        },
        {
            &quot;name&quot;: &quot;cherry&quot;,
            &quot;action&quot;: &quot;install&quot;,
            &quot;id&quot;: &quot;5495382&quot;,
            &quot;version&quot;: &quot;::fruits&quot;,
            &quot;url&quot;: &quot; &quot;
        },
        {
            &quot;name&quot;: &quot;registry&quot;,
            &quot;action&quot;: &quot;install&quot;,
            &quot;id&quot;: &quot;8018911&quot;,
            &quot;version&quot;: &quot;::docker&quot;,
            &quot;url&quot;: &quot; &quot;
        }
    ]
}
13:14:47 INFO  Started operation: {'creationTime': '2022-06-29T13:14:47.171Z', 'deviceId': '20555040', 'deviceName': 'm32sd10b', 'self': 'https://t493319102.eu-latest.cumulocity.com/devicecontrol/operations/20610763', 'id': '20610763', 'status': 'PENDING', 'description': &quot;Apply software changes, triggered from PySys: [{'action': 'install', 'id': '5495053', 'name': 'apple', 'url': ' ', 'version': '::fruits'}, {'action': 'install', 'id': '5494888', 'name': 'banana', 'url': ' ', 'version': '::fruits'}, {'action': 'install', 'id': '5475369', 'name': 'asciijump', 'url': ' ', 'version': '::apt'}, {'action': 'install', 'id': '5495382', 'name': 'cherry', 'url': ' ', 'version': '::fruits'}, {'action': 'install', 'id': '8018911', 'name': 'registry', 'url': ' ', 'version': '::docker'}]&quot;, 'c8y_SoftwareUpdate': [{'name': 'apple', 'action': 'install', 'id': '5495053', 'version': '::fruits', 'url': ' '}, {'name': 'banana', 'action': 'install', 'id': '5494888', 'version': '::fruits', 'url': ' '}, {'name': 'asciijump', 'action': 'install', 'id': '5475369', 'version': '::apt', 'url': ' '}, {'name': 'cherry', 'action': 'install', 'id': '5495382', 'version': '::fruits', 'url': ' '}, {'name': 'registry', 'action': 'install', 'id': '8018911', 'version': '::docker', 'url': ' '}]}
13:14:49 INFO  State of operation 20610763 : PENDING
13:14:51 INFO  State of operation 20610763 : EXECUTING
13:14:53 INFO  State of operation 20610763 : EXECUTING
13:14:56 INFO  State of operation 20610763 : EXECUTING
13:14:58 INFO  State of operation 20610763 : EXECUTING
13:15:00 INFO  State of operation 20610763 : EXECUTING
13:15:02 INFO  State of operation 20610763 : EXECUTING
13:15:05 INFO  State of operation 20610763 : EXECUTING
13:15:07 INFO  State of operation 20610763 : EXECUTING
13:15:10 INFO  State of operation 20610763 : EXECUTING
13:15:12 INFO  State of operation 20610763 : EXECUTING
13:15:14 INFO  State of operation 20610763 : EXECUTING
13:15:16 INFO  State of operation 20610763 : EXECUTING
13:15:19 INFO  State of operation 20610763 : EXECUTING
13:15:21 INFO  State of operation 20610763 : EXECUTING
13:15:23 INFO  State of operation 20610763 : EXECUTING
13:15:25 INFO  State of operation 20610763 : EXECUTING
13:15:28 INFO  State of operation 20610763 : EXECUTING
13:15:30 INFO  State of operation 20610763 : EXECUTING
13:15:32 INFO  State of operation 20610763 : EXECUTING
13:15:34 INFO  State of operation 20610763 : EXECUTING
13:15:37 INFO  State of operation 20610763 : EXECUTING
13:15:39 INFO  State of operation 20610763 : EXECUTING
13:15:41 INFO  State of operation 20610763 : EXECUTING
13:15:43 INFO  State of operation 20610763 : EXECUTING
13:15:46 INFO  State of operation 20610763 : SUCCESSFUL
13:15:46 INFO  Package apple is installed
13:15:46 INFO  Assert that (True == value) with value=True ... passed
13:15:46 INFO  Package banana is installed
13:15:46 INFO  Assert that (True == value) with value=True ... passed
13:15:46 INFO  Package cherry is installed
13:15:46 INFO  Assert that (True == value) with value=True ... passed
13:15:47 INFO  Package asciijump is installed
13:15:47 INFO  Assert that (True == value) with value=True ... passed
13:15:47 INFO  Package registry is installed
13:15:47 INFO  Assert that (True == value) with value=True ... passed
13:15:47 INFO  Response status: 201
13:15:47 INFO  Response to action: {
    &quot;creationTime&quot;: &quot;2022-06-29T13:15:47.781Z&quot;,
    &quot;deviceId&quot;: &quot;20555040&quot;,
    &quot;deviceName&quot;: &quot;m32sd10b&quot;,
    &quot;self&quot;: &quot;https://t493319102.eu-latest.cumulocity.com/devicecontrol/operations/20610773&quot;,
    &quot;id&quot;: &quot;20610773&quot;,
    &quot;status&quot;: &quot;PENDING&quot;,
    &quot;description&quot;: &quot;Apply software changes, triggered from PySys: [{'action': 'delete', 'id': '5495053', 'name': 'apple', 'url': ' ', 'version': '::fruits'}, {'action': 'delete', 'id': '5494888', 'name': 'banana', 'url': ' ', 'version': '::fruits'}, {'action': 'delete', 'id': '5475369', 'name': 'asciijump', 'url': ' ', 'version': '::apt'}, {'action': 'delete', 'id': '5495382', 'name': 'cherry', 'url': ' ', 'version': '::fruits'}, {'action': 'delete', 'id': '8018911', 'name': 'registry', 'url': ' ', 'version': '::docker'}]&quot;,
    &quot;c8y_SoftwareUpdate&quot;: [
        {
            &quot;name&quot;: &quot;apple&quot;,
            &quot;action&quot;: &quot;delete&quot;,
            &quot;id&quot;: &quot;5495053&quot;,
            &quot;version&quot;: &quot;::fruits&quot;,
            &quot;url&quot;: &quot; &quot;
        },
        {
            &quot;name&quot;: &quot;banana&quot;,
            &quot;action&quot;: &quot;delete&quot;,
            &quot;id&quot;: &quot;5494888&quot;,
            &quot;version&quot;: &quot;::fruits&quot;,
            &quot;url&quot;: &quot; &quot;
        },
        {
            &quot;name&quot;: &quot;asciijump&quot;,
            &quot;action&quot;: &quot;delete&quot;,
            &quot;id&quot;: &quot;5475369&quot;,
            &quot;version&quot;: &quot;::apt&quot;,
            &quot;url&quot;: &quot; &quot;
        },
        {
            &quot;name&quot;: &quot;cherry&quot;,
            &quot;action&quot;: &quot;delete&quot;,
            &quot;id&quot;: &quot;5495382&quot;,
            &quot;version&quot;: &quot;::fruits&quot;,
            &quot;url&quot;: &quot; &quot;
        },
        {
            &quot;name&quot;: &quot;registry&quot;,
            &quot;action&quot;: &quot;delete&quot;,
            &quot;id&quot;: &quot;8018911&quot;,
            &quot;version&quot;: &quot;::docker&quot;,
            &quot;url&quot;: &quot; &quot;
        }
    ]
}
13:15:47 INFO  Started operation: {'creationTime': '2022-06-29T13:15:47.781Z', 'deviceId': '20555040', 'deviceName': 'm32sd10b', 'self': 'https://t493319102.eu-latest.cumulocity.com/devicecontrol/operations/20610773', 'id': '20610773', 'status': 'PENDING', 'description': &quot;Apply software changes, triggered from PySys: [{'action': 'delete', 'id': '5495053', 'name': 'apple', 'url': ' ', 'version': '::fruits'}, {'action': 'delete', 'id': '5494888', 'name': 'banana', 'url': ' ', 'version': '::fruits'}, {'action': 'delete', 'id': '5475369', 'name': 'asciijump', 'url': ' ', 'version': '::apt'}, {'action': 'delete', 'id': '5495382', 'name': 'cherry', 'url': ' ', 'version': '::fruits'}, {'action': 'delete', 'id': '8018911', 'name': 'registry', 'url': ' ', 'version': '::docker'}]&quot;, 'c8y_SoftwareUpdate': [{'name': 'apple', 'action': 'delete', 'id': '5495053', 'version': '::fruits', 'url': ' '}, {'name': 'banana', 'action': 'delete', 'id': '5494888', 'version': '::fruits', 'url': ' '}, {'name': 'asciijump', 'action': 'delete', 'id': '5475369', 'version': '::apt', 'url': ' '}, {'name': 'cherry', 'action': 'delete', 'id': '5495382', 'version': '::fruits', 'url': ' '}, {'name': 'registry', 'action': 'delete', 'id': '8018911', 'version': '::docker', 'url': ' '}]}
13:15:50 INFO  State of operation 20610773 : PENDING
13:15:52 INFO  State of operation 20610773 : EXECUTING
13:15:54 INFO  State of operation 20610773 : EXECUTING
13:15:56 INFO  State of operation 20610773 : EXECUTING
13:15:58 INFO  State of operation 20610773 : EXECUTING
13:16:01 INFO  State of operation 20610773 : EXECUTING
13:16:04 INFO  State of operation 20610773 : EXECUTING
13:16:07 INFO  State of operation 20610773 : EXECUTING
13:16:09 INFO  State of operation 20610773 : EXECUTING
13:16:12 INFO  State of operation 20610773 : EXECUTING
13:16:14 INFO  State of operation 20610773 : EXECUTING
13:16:16 INFO  State of operation 20610773 : EXECUTING
13:16:18 INFO  State of operation 20610773 : EXECUTING
13:16:21 INFO  State of operation 20610773 : EXECUTING
13:16:23 INFO  State of operation 20610773 : EXECUTING
13:16:25 INFO  State of operation 20610773 : EXECUTING
13:16:28 INFO  State of operation 20610773 : EXECUTING
13:16:31 INFO  State of operation 20610773 : EXECUTING
13:16:33 INFO  State of operation 20610773 : EXECUTING
13:16:35 INFO  State of operation 20610773 : EXECUTING
13:16:37 INFO  State of operation 20610773 : EXECUTING
13:16:40 INFO  State of operation 20610773 : EXECUTING
13:16:42 INFO  State of operation 20610773 : EXECUTING
13:16:45 INFO  State of operation 20610773 : EXECUTING
13:16:47 INFO  State of operation 20610773 : EXECUTING
13:16:49 INFO  State of operation 20610773 : EXECUTING
13:16:51 INFO  State of operation 20610773 : EXECUTING
13:16:54 INFO  State of operation 20610773 : EXECUTING
13:16:56 INFO  State of operation 20610773 : EXECUTING
13:16:58 INFO  State of operation 20610773 : SUCCESSFUL
13:16:58 INFO  Package apple is installed
13:16:58 INFO  Assert that (True == value) with value=True ... passed
13:16:59 INFO  Package banana is installed
13:16:59 INFO  Assert that (True == value) with value=True ... passed
13:16:59 INFO  Package cherry is installed
13:16:59 INFO  Assert that (True == value) with value=True ... passed
13:16:59 INFO  Assert that (False == value) with value=False ... passed
13:16:59 INFO  Assert that (False == value) with value=False ... passed
13:16:59 INFO  
13:16:59 INFO  cleanup:
13:17:03 INFO  Executed sudo&lt;tedge_disconnect_c8y&gt;, exit status 0
13:17:04 INFO  Executed systemctl&lt;serv_mapper5&gt;, exit status 3
13:17:04 INFO  
13:17:04 INFO  Test duration: 163.21 secs
13:17:04 INFO  Test final outcome:  FAILED
13:17:04 INFO  Test outcome reason: Assert that (False == value) with value=True
13:17:04 INFO  
</system-out>
	</testcase>
</testsuite>
