<?xml version="1.0" encoding="utf-8"?>
<testsuite failures="0" name="SoftwareManagement.sm_mapper_fail_and_reconnect" skipped="1" tests="1" time="0.12" timestamp="2022-05-24T12:14:29">
	<testcase classname="MapperC8yReceiveLastMessageOnRestart" name="SoftwareManagement.sm_mapper_fail_and_reconnect">
		<skipped message="SKIPPED: instable https://github.com/thin-edge/thin-edge.io/issues/752"/>
		<system-out>12:14:29 INFO  ==============================================================
12:14:29 INFO  Id:    SoftwareManagement.sm_mapper_fail_and_reconnect
12:14:29 INFO  Dir:   software_management_end_to_end/
12:14:29 INFO  Title: Validate the tedge-mapper-sm-c8y for receiving the last message on restart
12:14:29 INFO  ==============================================================
12:14:29 INFO  instable https://github.com/thin-edge/thin-edge.io/issues/752 ... skipped
12:14:29 INFO  
12:14:29 INFO  Test duration: 0.12 secs
12:14:29 INFO  Test final outcome:  SKIPPED
12:14:29 INFO  Test outcome reason: instable https://github.com/thin-edge/thin-edge.io/issues/752
12:14:29 INFO  
</system-out>
	</testcase>
</testsuite>
