<?xml version="1.0" encoding="utf-8"?>
<testsuite failures="1" name="SoftwareManagement.sm_mixed_install_remove_multiple" skipped="0" tests="1" time="165.79" timestamp="2022-06-10T14:24:51">
	<testcase classname="PySysTest" name="SoftwareManagement.sm_mixed_install_remove_multiple">
		<failure message="FAILED: Assert that (False == value) with value=True" type="FAILED"/>
		<system-out>14:22:05 INFO  ==============================================================
14:22:05 INFO  Id:    SoftwareManagement.sm_mixed_install_remove_multiple
14:22:05 INFO  Dir:   software_management_end_to_end/
14:22:05 INFO  Title: Validate end to end behaviour for the dummy-plugin for multiple packages with mixed versions
14:22:05 INFO  ==============================================================
14:22:05 INFO  Using sw id database: {'asciijump': '5475369', 'robotfindskitten': '5474869', 'squirrel3': '5475279', 'rolldice': '5152439', 'moon-buggy': '5439204', 'apple': '5495053', 'banana': '5494888', 'cherry': '5495382', 'watermelon': '5494510', 'registry': '8018911', 'hello-world': '8021526', 'docker/getting-started': '8021973', 'alpine': '7991792'}
14:22:05 INFO  EnvironmentC8y Setup
14:22:05 INFO  Executed systemctl&lt;serv_mapper1&gt;, exit status 3
14:22:05 INFO  Restarting mosquitto too frequently in the last 10 seconds. It was only up for 5 seconds
14:22:05 INFO  Delaying execution by 6 seconds
14:22:25 INFO  Executed sudo&lt;tedge_connect_c8y&gt;, exit status 0, duration 13 secs
14:22:26 INFO  Executed sudo&lt;tedge_connect_c8y_test&gt;, exit status 0
14:22:27 INFO  Executed systemctl&lt;serv_mosq2&gt;, exit status 0
14:22:27 INFO  Executed systemctl&lt;serv_mapper3&gt;, exit status 0
14:22:29 INFO  State of current operation: SUCCESSFUL
14:22:29 INFO  Package apple is installed
14:22:29 INFO  Assert that (True == value) with value=True ... passed
14:22:30 INFO  Package banana is installed
14:22:30 INFO  Assert that (True == value) with value=True ... passed
14:22:30 INFO  Package cherry is installed
14:22:30 INFO  Assert that (True == value) with value=True ... passed
14:22:30 INFO  Package asciijump is installed
14:22:30 WARN  Assert that (False == value) with value=True ... failed 
14:22:30 INFO  Assert that (False == value) with value=False ... passed
14:22:31 INFO  Response status: 201
14:22:31 INFO  Response to action: {
    &quot;delivery&quot;: {
        &quot;log&quot;: [],
        &quot;time&quot;: &quot;2022-06-10T14:22:31.072Z&quot;,
        &quot;status&quot;: &quot;PENDING&quot;
    },
    &quot;creationTime&quot;: &quot;2022-06-10T14:22:31.050Z&quot;,
    &quot;deviceId&quot;: &quot;20120685&quot;,
    &quot;deviceName&quot;: &quot;m32sd10b&quot;,
    &quot;self&quot;: &quot;https://t493319102.eu-latest.cumulocity.com/devicecontrol/operations/20137103&quot;,
    &quot;id&quot;: &quot;20137103&quot;,
    &quot;status&quot;: &quot;PENDING&quot;,
    &quot;description&quot;: &quot;Apply software changes, triggered from PySys: [{'action': 'install', 'id': '5495053', 'name': 'apple', 'url': ' ', 'version': '::fruits'}, {'action': 'install', 'id': '5494888', 'name': 'banana', 'url': ' ', 'version': '::fruits'}, {'action': 'install', 'id': '5475369', 'name': 'asciijump', 'url': ' ', 'version': '::apt'}, {'action': 'install', 'id': '5495382', 'name': 'cherry', 'url': ' ', 'version': '::fruits'}, {'action': 'install', 'id': '8018911', 'name': 'registry', 'url': ' ', 'version': '::docker'}]&quot;,
    &quot;c8y_SoftwareUpdate&quot;: [
        {
            &quot;name&quot;: &quot;apple&quot;,
            &quot;action&quot;: &quot;install&quot;,
            &quot;id&quot;: &quot;5495053&quot;,
            &quot;version&quot;: &quot;::fruits&quot;,
            &quot;url&quot;: &quot; &quot;
        },
        {
            &quot;name&quot;: &quot;banana&quot;,
            &quot;action&quot;: &quot;install&quot;,
            &quot;id&quot;: &quot;5494888&quot;,
            &quot;version&quot;: &quot;::fruits&quot;,
            &quot;url&quot;: &quot; &quot;
        },
        {
            &quot;name&quot;: &quot;asciijump&quot;,
            &quot;action&quot;: &quot;install&quot;,
            &quot;id&quot;: &quot;5475369&quot;,
            &quot;version&quot;: &quot;::apt&quot;,
            &quot;url&quot;: &quot; &quot;
        },
        {
            &quot;name&quot;: &quot;cherry&quot;,
            &quot;action&quot;: &quot;install&quot;,
            &quot;id&quot;: &quot;5495382&quot;,
            &quot;version&quot;: &quot;::fruits&quot;,
            &quot;url&quot;: &quot; &quot;
        },
        {
            &quot;name&quot;: &quot;registry&quot;,
            &quot;action&quot;: &quot;install&quot;,
            &quot;id&quot;: &quot;8018911&quot;,
            &quot;version&quot;: &quot;::docker&quot;,
            &quot;url&quot;: &quot; &quot;
        }
    ]
}
14:22:31 INFO  Started operation: {'delivery': {'log': [], 'time': '2022-06-10T14:22:31.072Z', 'status': 'PENDING'}, 'creationTime': '2022-06-10T14:22:31.050Z', 'deviceId': '20120685', 'deviceName': 'm32sd10b', 'self': 'https://t493319102.eu-latest.cumulocity.com/devicecontrol/operations/20137103', 'id': '20137103', 'status': 'PENDING', 'description': &quot;Apply software changes, triggered from PySys: [{'action': 'install', 'id': '5495053', 'name': 'apple', 'url': ' ', 'version': '::fruits'}, {'action': 'install', 'id': '5494888', 'name': 'banana', 'url': ' ', 'version': '::fruits'}, {'action': 'install', 'id': '5475369', 'name': 'asciijump', 'url': ' ', 'version': '::apt'}, {'action': 'install', 'id': '5495382', 'name': 'cherry', 'url': ' ', 'version': '::fruits'}, {'action': 'install', 'id': '8018911', 'name': 'registry', 'url': ' ', 'version': '::docker'}]&quot;, 'c8y_SoftwareUpdate': [{'name': 'apple', 'action': 'install', 'id': '5495053', 'version': '::fruits', 'url': ' '}, {'name': 'banana', 'action': 'install', 'id': '5494888', 'version': '::fruits', 'url': ' '}, {'name': 'asciijump', 'action': 'install', 'id': '5475369', 'version': '::apt', 'url': ' '}, {'name': 'cherry', 'action': 'install', 'id': '5495382', 'version': '::fruits', 'url': ' '}, {'name': 'registry', 'action': 'install', 'id': '8018911', 'version': '::docker', 'url': ' '}]}
14:22:33 INFO  State of operation 20137103 : PENDING
14:22:35 INFO  State of operation 20137103 : EXECUTING
14:22:37 INFO  State of operation 20137103 : EXECUTING
14:22:39 INFO  State of operation 20137103 : EXECUTING
14:22:42 INFO  State of operation 20137103 : EXECUTING
14:22:44 INFO  State of operation 20137103 : EXECUTING
14:22:47 INFO  State of operation 20137103 : EXECUTING
14:22:49 INFO  State of operation 20137103 : EXECUTING
14:22:51 INFO  State of operation 20137103 : EXECUTING
14:22:54 INFO  State of operation 20137103 : EXECUTING
14:22:56 INFO  State of operation 20137103 : EXECUTING
14:22:58 INFO  State of operation 20137103 : EXECUTING
14:23:00 INFO  State of operation 20137103 : EXECUTING
14:23:03 INFO  State of operation 20137103 : EXECUTING
14:23:05 INFO  State of operation 20137103 : EXECUTING
14:23:07 INFO  State of operation 20137103 : EXECUTING
14:23:09 INFO  State of operation 20137103 : EXECUTING
14:23:12 INFO  State of operation 20137103 : EXECUTING
14:23:14 INFO  State of operation 20137103 : EXECUTING
14:23:16 INFO  State of operation 20137103 : EXECUTING
14:23:18 INFO  State of operation 20137103 : EXECUTING
14:23:21 INFO  State of operation 20137103 : EXECUTING
14:23:23 INFO  State of operation 20137103 : EXECUTING
14:23:25 INFO  State of operation 20137103 : EXECUTING
14:23:27 INFO  State of operation 20137103 : EXECUTING
14:23:30 INFO  State of operation 20137103 : SUCCESSFUL
14:23:30 INFO  Package apple is installed
14:23:30 INFO  Assert that (True == value) with value=True ... passed
14:23:30 INFO  Package banana is installed
14:23:30 INFO  Assert that (True == value) with value=True ... passed
14:23:30 INFO  Package cherry is installed
14:23:30 INFO  Assert that (True == value) with value=True ... passed
14:23:31 INFO  Package asciijump is installed
14:23:31 INFO  Assert that (True == value) with value=True ... passed
14:23:31 INFO  Package registry is installed
14:23:31 INFO  Assert that (True == value) with value=True ... passed
14:23:31 INFO  Response status: 201
14:23:31 INFO  Response to action: {
    &quot;delivery&quot;: {
        &quot;log&quot;: [],
        &quot;time&quot;: &quot;2022-06-10T14:23:31.468Z&quot;,
        &quot;status&quot;: &quot;PENDING&quot;
    },
    &quot;creationTime&quot;: &quot;2022-06-10T14:23:31.454Z&quot;,
    &quot;deviceId&quot;: &quot;20120685&quot;,
    &quot;deviceName&quot;: &quot;m32sd10b&quot;,
    &quot;self&quot;: &quot;https://t493319102.eu-latest.cumulocity.com/devicecontrol/operations/20137127&quot;,
    &quot;id&quot;: &quot;20137127&quot;,
    &quot;status&quot;: &quot;PENDING&quot;,
    &quot;description&quot;: &quot;Apply software changes, triggered from PySys: [{'action': 'delete', 'id': '5495053', 'name': 'apple', 'url': ' ', 'version': '::fruits'}, {'action': 'delete', 'id': '5494888', 'name': 'banana', 'url': ' ', 'version': '::fruits'}, {'action': 'delete', 'id': '5475369', 'name': 'asciijump', 'url': ' ', 'version': '::apt'}, {'action': 'delete', 'id': '5495382', 'name': 'cherry', 'url': ' ', 'version': '::fruits'}, {'action': 'delete', 'id': '8018911', 'name': 'registry', 'url': ' ', 'version': '::docker'}]&quot;,
    &quot;c8y_SoftwareUpdate&quot;: [
        {
            &quot;name&quot;: &quot;apple&quot;,
            &quot;action&quot;: &quot;delete&quot;,
            &quot;id&quot;: &quot;5495053&quot;,
            &quot;version&quot;: &quot;::fruits&quot;,
            &quot;url&quot;: &quot; &quot;
        },
        {
            &quot;name&quot;: &quot;banana&quot;,
            &quot;action&quot;: &quot;delete&quot;,
            &quot;id&quot;: &quot;5494888&quot;,
            &quot;version&quot;: &quot;::fruits&quot;,
            &quot;url&quot;: &quot; &quot;
        },
        {
            &quot;name&quot;: &quot;asciijump&quot;,
            &quot;action&quot;: &quot;delete&quot;,
            &quot;id&quot;: &quot;5475369&quot;,
            &quot;version&quot;: &quot;::apt&quot;,
            &quot;url&quot;: &quot; &quot;
        },
        {
            &quot;name&quot;: &quot;cherry&quot;,
            &quot;action&quot;: &quot;delete&quot;,
            &quot;id&quot;: &quot;5495382&quot;,
            &quot;version&quot;: &quot;::fruits&quot;,
            &quot;url&quot;: &quot; &quot;
        },
        {
            &quot;name&quot;: &quot;registry&quot;,
            &quot;action&quot;: &quot;delete&quot;,
            &quot;id&quot;: &quot;8018911&quot;,
            &quot;version&quot;: &quot;::docker&quot;,
            &quot;url&quot;: &quot; &quot;
        }
    ]
}
14:23:31 INFO  Started operation: {'delivery': {'log': [], 'time': '2022-06-10T14:23:31.468Z', 'status': 'PENDING'}, 'creationTime': '2022-06-10T14:23:31.454Z', 'deviceId': '20120685', 'deviceName': 'm32sd10b', 'self': 'https://t493319102.eu-latest.cumulocity.com/devicecontrol/operations/20137127', 'id': '20137127', 'status': 'PENDING', 'description': &quot;Apply software changes, triggered from PySys: [{'action': 'delete', 'id': '5495053', 'name': 'apple', 'url': ' ', 'version': '::fruits'}, {'action': 'delete', 'id': '5494888', 'name': 'banana', 'url': ' ', 'version': '::fruits'}, {'action': 'delete', 'id': '5475369', 'name': 'asciijump', 'url': ' ', 'version': '::apt'}, {'action': 'delete', 'id': '5495382', 'name': 'cherry', 'url': ' ', 'version': '::fruits'}, {'action': 'delete', 'id': '8018911', 'name': 'registry', 'url': ' ', 'version': '::docker'}]&quot;, 'c8y_SoftwareUpdate': [{'name': 'apple', 'action': 'delete', 'id': '5495053', 'version': '::fruits', 'url': ' '}, {'name': 'banana', 'action': 'delete', 'id': '5494888', 'version': '::fruits', 'url': ' '}, {'name': 'asciijump', 'action': 'delete', 'id': '5475369', 'version': '::apt', 'url': ' '}, {'name': 'cherry', 'action': 'delete', 'id': '5495382', 'version': '::fruits', 'url': ' '}, {'name': 'registry', 'action': 'delete', 'id': '8018911', 'version': '::docker', 'url': ' '}]}
14:23:33 INFO  State of operation 20137127 : PENDING
14:23:35 INFO  State of operation 20137127 : EXECUTING
14:23:38 INFO  State of operation 20137127 : EXECUTING
14:23:40 INFO  State of operation 20137127 : EXECUTING
14:23:42 INFO  State of operation 20137127 : EXECUTING
14:23:44 INFO  State of operation 20137127 : EXECUTING
14:23:47 INFO  State of operation 20137127 : EXECUTING
14:23:50 INFO  State of operation 20137127 : EXECUTING
14:23:52 INFO  State of operation 20137127 : EXECUTING
14:23:54 INFO  State of operation 20137127 : EXECUTING
14:23:57 INFO  State of operation 20137127 : EXECUTING
14:23:59 INFO  State of operation 20137127 : EXECUTING
14:24:01 INFO  State of operation 20137127 : EXECUTING
14:24:03 INFO  State of operation 20137127 : EXECUTING
14:24:06 INFO  State of operation 20137127 : EXECUTING
14:24:08 INFO  State of operation 20137127 : EXECUTING
14:24:12 INFO  State of operation 20137127 : EXECUTING
14:24:14 INFO  State of operation 20137127 : EXECUTING
14:24:17 INFO  State of operation 20137127 : EXECUTING
14:24:19 INFO  State of operation 20137127 : EXECUTING
14:24:21 INFO  State of operation 20137127 : EXECUTING
14:24:23 INFO  State of operation 20137127 : EXECUTING
14:24:26 INFO  State of operation 20137127 : EXECUTING
14:24:28 INFO  State of operation 20137127 : EXECUTING
14:24:30 INFO  State of operation 20137127 : EXECUTING
14:24:33 INFO  State of operation 20137127 : EXECUTING
14:24:35 INFO  State of operation 20137127 : EXECUTING
14:24:37 INFO  State of operation 20137127 : EXECUTING
14:24:40 INFO  State of operation 20137127 : EXECUTING
14:24:42 INFO  State of operation 20137127 : EXECUTING
14:24:44 INFO  State of operation 20137127 : SUCCESSFUL
14:24:44 INFO  Package apple is installed
14:24:44 INFO  Assert that (True == value) with value=True ... passed
14:24:45 INFO  Package banana is installed
14:24:45 INFO  Assert that (True == value) with value=True ... passed
14:24:45 INFO  Package cherry is installed
14:24:45 INFO  Assert that (True == value) with value=True ... passed
14:24:45 INFO  Assert that (False == value) with value=False ... passed
14:24:45 INFO  Assert that (False == value) with value=False ... passed
14:24:45 INFO  
14:24:45 INFO  cleanup:
14:24:50 INFO  Executed sudo&lt;tedge_disconnect_c8y&gt;, exit status 0
14:24:51 INFO  Executed systemctl&lt;serv_mapper5&gt;, exit status 3
14:24:51 INFO  
14:24:51 INFO  Test duration: 165.79 secs
14:24:51 INFO  Test final outcome:  FAILED
14:24:51 INFO  Test outcome reason: Assert that (False == value) with value=True
14:24:51 INFO  
</system-out>
	</testcase>
</testsuite>
