<?xml version="1.0" encoding="utf-8"?>
<testsuite failures="1" name="SoftwareManagement.sm_apt_install_download_path" skipped="0" tests="1" time="85.19" timestamp="2022-07-26T17:17:36">
	<testcase classname="AptInstallWithDownloadPath" name="SoftwareManagement.sm_apt_install_download_path">
		<failure message="BLOCKED: AssertionError:" type="BLOCKED"/>
		<system-out>17:16:11 INFO  ==============================================================
17:16:11 INFO  Id:    SoftwareManagement.sm_apt_install_download_path
17:16:11 INFO  Dir:   software_management_end_to_end/
17:16:11 INFO  Title: Install package to directory specified in tedge config set tmp.path
17:16:11 INFO  ==============================================================
17:16:12 INFO  Using sw id database: {'asciijump': '5475369', 'robotfindskitten': '5474869', 'squirrel3': '5475279', 'rolldice': '5152439', 'moon-buggy': '5439204', 'apple': '5495053', 'banana': '5494888', 'cherry': '5495382', 'watermelon': '5494510', 'registry': '8018911', 'hello-world': '8021526', 'docker/getting-started': '8021973', 'alpine': '7991792'}
17:16:12 INFO  EnvironmentC8y Setup
17:16:13 INFO  Executed systemctl&lt;serv_mapper1&gt;, exit status 3
17:16:27 INFO  Executed sudo&lt;tedge_connect_c8y&gt;, exit status 0, duration 14 secs
17:16:28 INFO  Executed sudo&lt;tedge_connect_c8y_test&gt;, exit status 0
17:16:28 INFO  Executed systemctl&lt;serv_mosq2&gt;, exit status 0
17:16:29 INFO  Executed systemctl&lt;serv_mapper3&gt;, exit status 0
17:16:31 INFO  State of current operation: SUCCESSFUL
17:16:32 INFO  Assert that (False == value) with value=False ... passed
17:16:32 INFO  Executed sudo, exit status 0
17:16:33 INFO  Executed sudo, exit status 0
17:16:33 INFO  Executed sudo, exit status 0
17:16:37 INFO  Executed sudo&lt;tedge_disconnect_c8y&gt;, exit status 0
17:16:37 INFO  Restarting mosquitto too frequently in the last 10 seconds. It was only up for 4 seconds
17:16:37 INFO  Delaying execution by 7 seconds
17:16:58 INFO  Executed sudo&lt;tedge_connect_c8y&gt;, exit status 0, duration 13 secs
17:16:59 INFO  Response status: 201
17:16:59 INFO  Response to action: {
    &quot;creationTime&quot;: &quot;2022-07-26T17:16:59.032Z&quot;,
    &quot;deviceId&quot;: &quot;21433081&quot;,
    &quot;deviceName&quot;: &quot;m32sd10b&quot;,
    &quot;self&quot;: &quot;https://t493319102.eu-latest.cumulocity.com/devicecontrol/operations/21453229&quot;,
    &quot;id&quot;: &quot;21453229&quot;,
    &quot;status&quot;: &quot;PENDING&quot;,
    &quot;description&quot;: &quot;Apply software changes, triggered from PySys: [{'name': 'rolldice', 'id': '5152439', 'version': '::apt', 'url': 'https://thin-edge-io.eu-latest.cumulocity.com/inventory/binaries/12435463', 'action': 'install'}]&quot;,
    &quot;c8y_SoftwareUpdate&quot;: [
        {
            &quot;name&quot;: &quot;rolldice&quot;,
            &quot;action&quot;: &quot;install&quot;,
            &quot;id&quot;: &quot;5152439&quot;,
            &quot;version&quot;: &quot;::apt&quot;,
            &quot;url&quot;: &quot;https://thin-edge-io.eu-latest.cumulocity.com/inventory/binaries/12435463&quot;
        }
    ]
}
17:16:59 INFO  Started operation: {'creationTime': '2022-07-26T17:16:59.032Z', 'deviceId': '21433081', 'deviceName': 'm32sd10b', 'self': 'https://t493319102.eu-latest.cumulocity.com/devicecontrol/operations/21453229', 'id': '21453229', 'status': 'PENDING', 'description': &quot;Apply software changes, triggered from PySys: [{'name': 'rolldice', 'id': '5152439', 'version': '::apt', 'url': 'https://thin-edge-io.eu-latest.cumulocity.com/inventory/binaries/12435463', 'action': 'install'}]&quot;, 'c8y_SoftwareUpdate': [{'name': 'rolldice', 'action': 'install', 'id': '5152439', 'version': '::apt', 'url': 'https://thin-edge-io.eu-latest.cumulocity.com/inventory/binaries/12435463'}]}
17:16:59 WARN  , retrying in 0.5 seconds...
17:16:59 WARN  , retrying in 0.5 seconds...
17:17:00 WARN  , retrying in 0.5 seconds...
17:17:00 WARN  , retrying in 0.5 seconds...
17:17:01 WARN  , retrying in 0.5 seconds...
17:17:01 WARN  , retrying in 0.5 seconds...
17:17:02 WARN  , retrying in 0.5 seconds...
17:17:02 WARN  , retrying in 0.5 seconds...
17:17:03 WARN  , retrying in 0.5 seconds...
17:17:03 WARN  AssertionError occurred while running test - 
Traceback (most recent call last):
  File &quot;/home/pi/env-pysys/lib/python3.7/site-packages/pysys/baserunner.py&quot;, line 1294, in __call__
    self.testObj.execute()
  File &quot;/home/pi/actions-runner/_work/thin-edge.io/thin-edge.io/tests/PySys/software_management_end_to_end/sm_apt_install_download_path/run.py&quot;, line 83, in execute
    assert_install_in_download_path(install_directory=self.DOWNLOAD_DIR)
  File &quot;/home/pi/env-pysys/lib/python3.7/site-packages/decorator.py&quot;, line 232, in fun
    return caller(func, *(extras + args), **kw)
  File &quot;/home/pi/env-pysys/lib/python3.7/site-packages/retry/api.py&quot;, line 74, in retry_decorator
    logger)
  File &quot;/home/pi/env-pysys/lib/python3.7/site-packages/retry/api.py&quot;, line 33, in __retry_internal
    return f()
  File &quot;/home/pi/actions-runner/_work/thin-edge.io/thin-edge.io/tests/PySys/software_management_end_to_end/sm_apt_install_download_path/run.py&quot;, line 28, in assert_install_in_download_path
    assert &quot;rolldice&quot; in os.listdir(f&quot;{install_directory}&quot;)
AssertionError
17:17:03 WARN  AssertionError: ... blocked 
17:17:03 INFO  
17:17:03 INFO  cleanup:
17:17:04 INFO  Executed sudo, exit status 0
17:17:04 INFO  Executed sudo, exit status 0
17:17:09 INFO  Executed sudo&lt;tedge_disconnect_c8y&gt;, exit status 0
17:17:09 INFO  Restarting mosquitto too frequently in the last 10 seconds. It was only up for 3 seconds
17:17:09 INFO  Delaying execution by 8 seconds
17:17:31 INFO  Executed sudo&lt;tedge_connect_c8y&gt;, exit status 0, duration 14 secs
17:17:36 INFO  Executed sudo&lt;tedge_disconnect_c8y&gt;, exit status 0
17:17:36 INFO  Executed systemctl&lt;serv_mapper5&gt;, exit status 3
17:17:36 INFO  
17:17:36 INFO  Test duration: 85.19 secs
17:17:36 INFO  Test final outcome:  BLOCKED
17:17:36 INFO  Test outcome reason: AssertionError:
17:17:36 INFO  
</system-out>
	</testcase>
</testsuite>
