<?xml version="1.0" encoding="utf-8"?>
<testsuite failures="1" name="SoftwareManagement.sm_mixed_install_remove_multiple" skipped="0" tests="1" time="165.78" timestamp="2022-06-09T08:21:03">
	<testcase classname="PySysTest" name="SoftwareManagement.sm_mixed_install_remove_multiple">
		<failure message="FAILED: Assert that (False == value) with value=True" type="FAILED"/>
		<system-out>08:18:17 INFO  ==============================================================
08:18:17 INFO  Id:    SoftwareManagement.sm_mixed_install_remove_multiple
08:18:17 INFO  Dir:   software_management_end_to_end/
08:18:17 INFO  Title: Validate end to end behaviour for the dummy-plugin for multiple packages with mixed versions
08:18:17 INFO  ==============================================================
08:18:17 INFO  Using sw id database: {'asciijump': '5475369', 'robotfindskitten': '5474869', 'squirrel3': '5475279', 'rolldice': '5152439', 'moon-buggy': '5439204', 'apple': '5495053', 'banana': '5494888', 'cherry': '5495382', 'watermelon': '5494510', 'registry': '8018911', 'hello-world': '8021526', 'docker/getting-started': '8021973', 'alpine': '7991792'}
08:18:17 INFO  EnvironmentC8y Setup
08:18:18 INFO  Executed systemctl&lt;serv_mapper1&gt;, exit status 3
08:18:18 INFO  Restarting mosquitto too frequently in the last 10 seconds. It was only up for 4 seconds
08:18:18 INFO  Delaying execution by 7 seconds
08:18:39 INFO  Executed sudo&lt;tedge_connect_c8y&gt;, exit status 0, duration 14 secs
08:18:40 INFO  Executed sudo&lt;tedge_connect_c8y_test&gt;, exit status 0
08:18:40 INFO  Executed systemctl&lt;serv_mosq2&gt;, exit status 0
08:18:41 INFO  Executed systemctl&lt;serv_mapper3&gt;, exit status 0
08:18:43 INFO  State of current operation: SUCCESSFUL
08:18:43 INFO  Package apple is installed
08:18:43 INFO  Assert that (True == value) with value=True ... passed
08:18:43 INFO  Package banana is installed
08:18:43 INFO  Assert that (True == value) with value=True ... passed
08:18:44 INFO  Package cherry is installed
08:18:44 INFO  Assert that (True == value) with value=True ... passed
08:18:44 INFO  Package asciijump is installed
08:18:44 WARN  Assert that (False == value) with value=True ... failed 
08:18:44 INFO  Assert that (False == value) with value=False ... passed
08:18:44 INFO  Response status: 201
08:18:44 INFO  Response to action: {
    &quot;delivery&quot;: {
        &quot;log&quot;: [],
        &quot;time&quot;: &quot;2022-06-09T08:18:44.782Z&quot;,
        &quot;status&quot;: &quot;PENDING&quot;
    },
    &quot;creationTime&quot;: &quot;2022-06-09T08:18:44.759Z&quot;,
    &quot;deviceId&quot;: &quot;20069630&quot;,
    &quot;deviceName&quot;: &quot;m32sd10b&quot;,
    &quot;self&quot;: &quot;https://t493319102.eu-latest.cumulocity.com/devicecontrol/operations/20085050&quot;,
    &quot;id&quot;: &quot;20085050&quot;,
    &quot;status&quot;: &quot;PENDING&quot;,
    &quot;description&quot;: &quot;Apply software changes, triggered from PySys: [{'action': 'install', 'id': '5495053', 'name': 'apple', 'url': ' ', 'version': '::fruits'}, {'action': 'install', 'id': '5494888', 'name': 'banana', 'url': ' ', 'version': '::fruits'}, {'action': 'install', 'id': '5475369', 'name': 'asciijump', 'url': ' ', 'version': '::apt'}, {'action': 'install', 'id': '5495382', 'name': 'cherry', 'url': ' ', 'version': '::fruits'}, {'action': 'install', 'id': '8018911', 'name': 'registry', 'url': ' ', 'version': '::docker'}]&quot;,
    &quot;c8y_SoftwareUpdate&quot;: [
        {
            &quot;name&quot;: &quot;apple&quot;,
            &quot;action&quot;: &quot;install&quot;,
            &quot;id&quot;: &quot;5495053&quot;,
            &quot;version&quot;: &quot;::fruits&quot;,
            &quot;url&quot;: &quot; &quot;
        },
        {
            &quot;name&quot;: &quot;banana&quot;,
            &quot;action&quot;: &quot;install&quot;,
            &quot;id&quot;: &quot;5494888&quot;,
            &quot;version&quot;: &quot;::fruits&quot;,
            &quot;url&quot;: &quot; &quot;
        },
        {
            &quot;name&quot;: &quot;asciijump&quot;,
            &quot;action&quot;: &quot;install&quot;,
            &quot;id&quot;: &quot;5475369&quot;,
            &quot;version&quot;: &quot;::apt&quot;,
            &quot;url&quot;: &quot; &quot;
        },
        {
            &quot;name&quot;: &quot;cherry&quot;,
            &quot;action&quot;: &quot;install&quot;,
            &quot;id&quot;: &quot;5495382&quot;,
            &quot;version&quot;: &quot;::fruits&quot;,
            &quot;url&quot;: &quot; &quot;
        },
        {
            &quot;name&quot;: &quot;registry&quot;,
            &quot;action&quot;: &quot;install&quot;,
            &quot;id&quot;: &quot;8018911&quot;,
            &quot;version&quot;: &quot;::docker&quot;,
            &quot;url&quot;: &quot; &quot;
        }
    ]
}
08:18:44 INFO  Started operation: {'delivery': {'log': [], 'time': '2022-06-09T08:18:44.782Z', 'status': 'PENDING'}, 'creationTime': '2022-06-09T08:18:44.759Z', 'deviceId': '20069630', 'deviceName': 'm32sd10b', 'self': 'https://t493319102.eu-latest.cumulocity.com/devicecontrol/operations/20085050', 'id': '20085050', 'status': 'PENDING', 'description': &quot;Apply software changes, triggered from PySys: [{'action': 'install', 'id': '5495053', 'name': 'apple', 'url': ' ', 'version': '::fruits'}, {'action': 'install', 'id': '5494888', 'name': 'banana', 'url': ' ', 'version': '::fruits'}, {'action': 'install', 'id': '5475369', 'name': 'asciijump', 'url': ' ', 'version': '::apt'}, {'action': 'install', 'id': '5495382', 'name': 'cherry', 'url': ' ', 'version': '::fruits'}, {'action': 'install', 'id': '8018911', 'name': 'registry', 'url': ' ', 'version': '::docker'}]&quot;, 'c8y_SoftwareUpdate': [{'name': 'apple', 'action': 'install', 'id': '5495053', 'version': '::fruits', 'url': ' '}, {'name': 'banana', 'action': 'install', 'id': '5494888', 'version': '::fruits', 'url': ' '}, {'name': 'asciijump', 'action': 'install', 'id': '5475369', 'version': '::apt', 'url': ' '}, {'name': 'cherry', 'action': 'install', 'id': '5495382', 'version': '::fruits', 'url': ' '}, {'name': 'registry', 'action': 'install', 'id': '8018911', 'version': '::docker', 'url': ' '}]}
08:18:47 INFO  State of operation 20085050 : PENDING
08:18:49 INFO  State of operation 20085050 : EXECUTING
08:18:51 INFO  State of operation 20085050 : EXECUTING
08:18:53 INFO  State of operation 20085050 : EXECUTING
08:18:55 INFO  State of operation 20085050 : EXECUTING
08:18:58 INFO  State of operation 20085050 : EXECUTING
08:19:00 INFO  State of operation 20085050 : EXECUTING
08:19:03 INFO  State of operation 20085050 : EXECUTING
08:19:06 INFO  State of operation 20085050 : EXECUTING
08:19:08 INFO  State of operation 20085050 : EXECUTING
08:19:10 INFO  State of operation 20085050 : EXECUTING
08:19:12 INFO  State of operation 20085050 : EXECUTING
08:19:15 INFO  State of operation 20085050 : EXECUTING
08:19:17 INFO  State of operation 20085050 : EXECUTING
08:19:19 INFO  State of operation 20085050 : EXECUTING
08:19:21 INFO  State of operation 20085050 : EXECUTING
08:19:23 INFO  State of operation 20085050 : EXECUTING
08:19:26 INFO  State of operation 20085050 : EXECUTING
08:19:28 INFO  State of operation 20085050 : EXECUTING
08:19:30 INFO  State of operation 20085050 : EXECUTING
08:19:32 INFO  State of operation 20085050 : EXECUTING
08:19:35 INFO  State of operation 20085050 : EXECUTING
08:19:37 INFO  State of operation 20085050 : EXECUTING
08:19:39 INFO  State of operation 20085050 : EXECUTING
08:19:41 INFO  State of operation 20085050 : EXECUTING
08:19:44 INFO  State of operation 20085050 : SUCCESSFUL
08:19:44 INFO  Package apple is installed
08:19:44 INFO  Assert that (True == value) with value=True ... passed
08:19:44 INFO  Package banana is installed
08:19:44 INFO  Assert that (True == value) with value=True ... passed
08:19:44 INFO  Package cherry is installed
08:19:44 INFO  Assert that (True == value) with value=True ... passed
08:19:44 INFO  Package asciijump is installed
08:19:44 INFO  Assert that (True == value) with value=True ... passed
08:19:45 INFO  Package registry is installed
08:19:45 INFO  Assert that (True == value) with value=True ... passed
08:19:45 INFO  Response status: 201
08:19:45 INFO  Response to action: {
    &quot;delivery&quot;: {
        &quot;log&quot;: [],
        &quot;time&quot;: &quot;2022-06-09T08:19:45.417Z&quot;,
        &quot;status&quot;: &quot;PENDING&quot;
    },
    &quot;creationTime&quot;: &quot;2022-06-09T08:19:45.400Z&quot;,
    &quot;deviceId&quot;: &quot;20069630&quot;,
    &quot;deviceName&quot;: &quot;m32sd10b&quot;,
    &quot;self&quot;: &quot;https://t493319102.eu-latest.cumulocity.com/devicecontrol/operations/20085074&quot;,
    &quot;id&quot;: &quot;20085074&quot;,
    &quot;status&quot;: &quot;PENDING&quot;,
    &quot;description&quot;: &quot;Apply software changes, triggered from PySys: [{'action': 'delete', 'id': '5495053', 'name': 'apple', 'url': ' ', 'version': '::fruits'}, {'action': 'delete', 'id': '5494888', 'name': 'banana', 'url': ' ', 'version': '::fruits'}, {'action': 'delete', 'id': '5475369', 'name': 'asciijump', 'url': ' ', 'version': '::apt'}, {'action': 'delete', 'id': '5495382', 'name': 'cherry', 'url': ' ', 'version': '::fruits'}, {'action': 'delete', 'id': '8018911', 'name': 'registry', 'url': ' ', 'version': '::docker'}]&quot;,
    &quot;c8y_SoftwareUpdate&quot;: [
        {
            &quot;name&quot;: &quot;apple&quot;,
            &quot;action&quot;: &quot;delete&quot;,
            &quot;id&quot;: &quot;5495053&quot;,
            &quot;version&quot;: &quot;::fruits&quot;,
            &quot;url&quot;: &quot; &quot;
        },
        {
            &quot;name&quot;: &quot;banana&quot;,
            &quot;action&quot;: &quot;delete&quot;,
            &quot;id&quot;: &quot;5494888&quot;,
            &quot;version&quot;: &quot;::fruits&quot;,
            &quot;url&quot;: &quot; &quot;
        },
        {
            &quot;name&quot;: &quot;asciijump&quot;,
            &quot;action&quot;: &quot;delete&quot;,
            &quot;id&quot;: &quot;5475369&quot;,
            &quot;version&quot;: &quot;::apt&quot;,
            &quot;url&quot;: &quot; &quot;
        },
        {
            &quot;name&quot;: &quot;cherry&quot;,
            &quot;action&quot;: &quot;delete&quot;,
            &quot;id&quot;: &quot;5495382&quot;,
            &quot;version&quot;: &quot;::fruits&quot;,
            &quot;url&quot;: &quot; &quot;
        },
        {
            &quot;name&quot;: &quot;registry&quot;,
            &quot;action&quot;: &quot;delete&quot;,
            &quot;id&quot;: &quot;8018911&quot;,
            &quot;version&quot;: &quot;::docker&quot;,
            &quot;url&quot;: &quot; &quot;
        }
    ]
}
08:19:45 INFO  Started operation: {'delivery': {'log': [], 'time': '2022-06-09T08:19:45.417Z', 'status': 'PENDING'}, 'creationTime': '2022-06-09T08:19:45.400Z', 'deviceId': '20069630', 'deviceName': 'm32sd10b', 'self': 'https://t493319102.eu-latest.cumulocity.com/devicecontrol/operations/20085074', 'id': '20085074', 'status': 'PENDING', 'description': &quot;Apply software changes, triggered from PySys: [{'action': 'delete', 'id': '5495053', 'name': 'apple', 'url': ' ', 'version': '::fruits'}, {'action': 'delete', 'id': '5494888', 'name': 'banana', 'url': ' ', 'version': '::fruits'}, {'action': 'delete', 'id': '5475369', 'name': 'asciijump', 'url': ' ', 'version': '::apt'}, {'action': 'delete', 'id': '5495382', 'name': 'cherry', 'url': ' ', 'version': '::fruits'}, {'action': 'delete', 'id': '8018911', 'name': 'registry', 'url': ' ', 'version': '::docker'}]&quot;, 'c8y_SoftwareUpdate': [{'name': 'apple', 'action': 'delete', 'id': '5495053', 'version': '::fruits', 'url': ' '}, {'name': 'banana', 'action': 'delete', 'id': '5494888', 'version': '::fruits', 'url': ' '}, {'name': 'asciijump', 'action': 'delete', 'id': '5475369', 'version': '::apt', 'url': ' '}, {'name': 'cherry', 'action': 'delete', 'id': '5495382', 'version': '::fruits', 'url': ' '}, {'name': 'registry', 'action': 'delete', 'id': '8018911', 'version': '::docker', 'url': ' '}]}
08:19:47 INFO  State of operation 20085074 : PENDING
08:19:49 INFO  State of operation 20085074 : EXECUTING
08:19:52 INFO  State of operation 20085074 : EXECUTING
08:19:54 INFO  State of operation 20085074 : EXECUTING
08:19:56 INFO  State of operation 20085074 : EXECUTING
08:19:58 INFO  State of operation 20085074 : EXECUTING
08:20:01 INFO  State of operation 20085074 : EXECUTING
08:20:04 INFO  State of operation 20085074 : EXECUTING
08:20:06 INFO  State of operation 20085074 : EXECUTING
08:20:08 INFO  State of operation 20085074 : EXECUTING
08:20:11 INFO  State of operation 20085074 : EXECUTING
08:20:13 INFO  State of operation 20085074 : EXECUTING
08:20:15 INFO  State of operation 20085074 : EXECUTING
08:20:17 INFO  State of operation 20085074 : EXECUTING
08:20:20 INFO  State of operation 20085074 : EXECUTING
08:20:22 INFO  State of operation 20085074 : EXECUTING
08:20:25 INFO  State of operation 20085074 : EXECUTING
08:20:27 INFO  State of operation 20085074 : EXECUTING
08:20:29 INFO  State of operation 20085074 : EXECUTING
08:20:32 INFO  State of operation 20085074 : EXECUTING
08:20:34 INFO  State of operation 20085074 : EXECUTING
08:20:36 INFO  State of operation 20085074 : EXECUTING
08:20:38 INFO  State of operation 20085074 : EXECUTING
08:20:41 INFO  State of operation 20085074 : EXECUTING
08:20:43 INFO  State of operation 20085074 : EXECUTING
08:20:46 INFO  State of operation 20085074 : EXECUTING
08:20:48 INFO  State of operation 20085074 : EXECUTING
08:20:50 INFO  State of operation 20085074 : EXECUTING
08:20:53 INFO  State of operation 20085074 : EXECUTING
08:20:55 INFO  State of operation 20085074 : EXECUTING
08:20:57 INFO  State of operation 20085074 : SUCCESSFUL
08:20:57 INFO  Package apple is installed
08:20:57 INFO  Assert that (True == value) with value=True ... passed
08:20:57 INFO  Package banana is installed
08:20:57 INFO  Assert that (True == value) with value=True ... passed
08:20:58 INFO  Package cherry is installed
08:20:58 INFO  Assert that (True == value) with value=True ... passed
08:20:58 INFO  Assert that (False == value) with value=False ... passed
08:20:58 INFO  Assert that (False == value) with value=False ... passed
08:20:58 INFO  
08:20:58 INFO  cleanup:
08:21:02 INFO  Executed sudo&lt;tedge_disconnect_c8y&gt;, exit status 0
08:21:03 INFO  Executed systemctl&lt;serv_mapper5&gt;, exit status 3
08:21:03 INFO  
08:21:03 INFO  Test duration: 165.78 secs
08:21:03 INFO  Test final outcome:  FAILED
08:21:03 INFO  Test outcome reason: Assert that (False == value) with value=True
08:21:03 INFO  
</system-out>
	</testcase>
</testsuite>
