<?xml version="1.0" encoding="utf-8"?>
<testsuite failures="0" name="SoftwareManagement.sm_mapper_fail_and_reconnect" skipped="1" tests="1" time="0.03" timestamp="2022-06-07T12:47:32">
	<testcase classname="MapperC8yReceiveLastMessageOnRestart" name="SoftwareManagement.sm_mapper_fail_and_reconnect">
		<skipped message="SKIPPED: instable https://github.com/thin-edge/thin-edge.io/issues/752"/>
		<system-out>12:47:32 INFO  ==============================================================
12:47:32 INFO  Id:    SoftwareManagement.sm_mapper_fail_and_reconnect
12:47:32 INFO  Dir:   software_management_end_to_end/
12:47:32 INFO  Title: Validate the tedge-mapper-sm-c8y for receiving the last message on restart
12:47:32 INFO  ==============================================================
12:47:32 INFO  instable https://github.com/thin-edge/thin-edge.io/issues/752 ... skipped
12:47:32 INFO  
12:47:32 INFO  Test duration: 0.03 secs
12:47:32 INFO  Test final outcome:  SKIPPED
12:47:32 INFO  Test outcome reason: instable https://github.com/thin-edge/thin-edge.io/issues/752
12:47:32 INFO  
</system-out>
	</testcase>
</testsuite>
