<?xml version="1.0" encoding="utf-8"?>
<testsuite failures="1" name="SoftwareManagement.sm_docker_install_remove_multiple" skipped="0" tests="1" time="165.41" timestamp="2022-05-23T20:32:57">
	<testcase classname="SMDockerInstallRemove" name="SoftwareManagement.sm_docker_install_remove_multiple">
		<failure message="BLOCKED: SystemError: Timeout while waiting for status FAILED or SUCCESSFUL" type="BLOCKED"/>
		<system-out>20:30:11 INFO  ==============================================================
20:30:11 INFO  Id:    SoftwareManagement.sm_docker_install_remove_multiple
20:30:11 INFO  Dir:   software_management_end_to_end/
20:30:11 INFO  Title: Validate end to end behaviour for the docker plugin for multiple docker images with mixed versions
20:30:11 INFO  ==============================================================
20:30:11 INFO  Using sw id database: {'asciijump': '5475369', 'robotfindskitten': '5474869', 'squirrel3': '5475279', 'rolldice': '5152439', 'moon-buggy': '5439204', 'apple': '5495053', 'banana': '5494888', 'cherry': '5495382', 'watermelon': '5494510', 'registry': '8018911', 'hello-world': '8021526', 'docker/getting-started': '8021973', 'alpine': '7991792'}
20:30:11 INFO  EnvironmentC8y Setup
20:30:12 INFO  Executed systemctl&lt;serv_mapper1&gt;, exit status 3
20:30:12 INFO  Restarting mosquitto too frequently in the last 10 seconds. It was only up for 5 seconds
20:30:12 INFO  Delaying execution by 6 seconds
20:30:32 INFO  Executed sudo&lt;tedge_connect_c8y&gt;, exit status 0, duration 13 secs
20:30:33 INFO  Executed sudo&lt;tedge_connect_c8y_test&gt;, exit status 0
20:30:33 INFO  Executed systemctl&lt;serv_mosq2&gt;, exit status 0
20:30:34 INFO  Executed systemctl&lt;serv_mapper3&gt;, exit status 0
20:30:36 INFO  State of current operation: PENDING
20:30:38 INFO  State of current operation: PENDING
20:30:40 INFO  State of current operation: PENDING
20:30:43 INFO  State of current operation: PENDING
20:30:45 INFO  State of current operation: PENDING
20:30:47 INFO  State of current operation: PENDING
20:30:49 INFO  State of current operation: PENDING
20:30:52 INFO  State of current operation: PENDING
20:30:54 INFO  State of current operation: PENDING
20:30:56 INFO  State of current operation: PENDING
20:30:58 INFO  State of current operation: PENDING
20:31:01 INFO  State of current operation: PENDING
20:31:03 INFO  State of current operation: PENDING
20:31:05 INFO  State of current operation: PENDING
20:31:07 INFO  State of current operation: PENDING
20:31:09 INFO  State of current operation: PENDING
20:31:12 INFO  State of current operation: PENDING
20:31:14 INFO  State of current operation: PENDING
20:31:16 INFO  State of current operation: PENDING
20:31:18 INFO  State of current operation: PENDING
20:31:21 INFO  State of current operation: PENDING
20:31:23 INFO  State of current operation: PENDING
20:31:25 INFO  State of current operation: PENDING
20:31:27 INFO  State of current operation: PENDING
20:31:30 INFO  State of current operation: PENDING
20:31:32 INFO  State of current operation: PENDING
20:31:34 INFO  State of current operation: PENDING
20:31:36 INFO  State of current operation: PENDING
20:31:39 INFO  State of current operation: PENDING
20:31:41 INFO  State of current operation: PENDING
20:31:43 INFO  State of current operation: PENDING
20:31:45 INFO  State of current operation: PENDING
20:31:47 INFO  State of current operation: PENDING
20:31:50 INFO  State of current operation: PENDING
20:31:52 INFO  State of current operation: PENDING
20:31:54 INFO  State of current operation: PENDING
20:31:56 INFO  State of current operation: PENDING
20:31:59 INFO  State of current operation: PENDING
20:32:01 INFO  State of current operation: PENDING
20:32:03 INFO  State of current operation: PENDING
20:32:05 INFO  State of current operation: PENDING
20:32:08 INFO  State of current operation: PENDING
20:32:10 INFO  State of current operation: PENDING
20:32:12 INFO  State of current operation: PENDING
20:32:14 INFO  State of current operation: PENDING
20:32:16 INFO  State of current operation: PENDING
20:32:19 INFO  State of current operation: PENDING
20:32:21 INFO  State of current operation: PENDING
20:32:23 INFO  State of current operation: PENDING
20:32:25 INFO  State of current operation: PENDING
20:32:28 INFO  State of current operation: PENDING
20:32:30 INFO  State of current operation: PENDING
20:32:32 INFO  State of current operation: PENDING
20:32:34 INFO  State of current operation: PENDING
20:32:37 INFO  State of current operation: PENDING
20:32:39 INFO  State of current operation: PENDING
20:32:41 INFO  State of current operation: PENDING
20:32:43 INFO  State of current operation: PENDING
20:32:45 INFO  State of current operation: PENDING
20:32:48 INFO  State of current operation: PENDING
20:32:50 INFO  State of current operation: PENDING
20:32:52 WARN  SystemError occurred while running test - Timeout while waiting for status FAILED or SUCCESSFUL
Traceback (most recent call last):
  File &quot;/home/pi/env-pysys/lib/python3.7/site-packages/pysys/baserunner.py&quot;, line 1292, in __call__
    self.testObj.setup()
  File &quot;/home/pi/actions-runner/_work/thin-edge.io/thin-edge.io/tests/PySys/software_management_end_to_end/sm_docker_install_remove_multiple/run.py&quot;, line 29, in setup
    super().setup()
  File &quot;/home/pi/actions-runner/_work/thin-edge.io/thin-edge.io/tests/PySys/software_management_end_to_end/environment_sm_management.py&quot;, line 151, in setup
    self.wait_until_end()
  File &quot;/home/pi/actions-runner/_work/thin-edge.io/thin-edge.io/tests/PySys/software_management_end_to_end/environment_sm_management.py&quot;, line 332, in wait_until_end
    self.wait_until_status(&quot;FAILED&quot;, &quot;SUCCESSFUL&quot;)
  File &quot;/home/pi/actions-runner/_work/thin-edge.io/thin-edge.io/tests/PySys/software_management_end_to_end/environment_sm_management.py&quot;, line 381, in wait_until_status
    &quot;Timeout while waiting for status %s or %s&quot; % (status, status2)
SystemError: Timeout while waiting for status FAILED or SUCCESSFUL
20:32:52 WARN  SystemError: Timeout while waiting for status FAILED or SUCCESSFUL ... blocked 
20:32:52 INFO  
20:32:52 INFO  cleanup:
20:32:56 INFO  Executed sudo&lt;tedge_disconnect_c8y&gt;, exit status 0
20:32:57 INFO  Executed systemctl&lt;serv_mapper5&gt;, exit status 3
20:32:57 INFO  
20:32:57 INFO  Test duration: 165.41 secs
20:32:57 INFO  Test final outcome:  BLOCKED
20:32:57 INFO  Test outcome reason: SystemError: Timeout while waiting for status FAILED or SUCCESSFUL
20:32:57 INFO  
</system-out>
	</testcase>
</testsuite>
