<?xml version="1.0" encoding="utf-8"?>
<testsuite failures="1" name="SoftwareManagement.sm_apt_install_remove_default" skipped="0" tests="1" time="164.08" timestamp="2022-07-22T03:10:00">
	<testcase classname="PySysTest" name="SoftwareManagement.sm_apt_install_remove_default">
		<failure message="BLOCKED: SystemError: Timeout while waiting for status FAILED or SUCCESSFUL" type="BLOCKED"/>
		<system-out>03:07:16 INFO  ==============================================================
03:07:16 INFO  Id:    SoftwareManagement.sm_apt_install_remove_default
03:07:16 INFO  Dir:   software_management_end_to_end/
03:07:16 INFO  Title: Validate end to end behaviour for the default plugin for installation and removal of packages
03:07:16 INFO  ==============================================================
03:07:16 INFO  Using sw id database: {'asciijump': '5475369', 'robotfindskitten': '5474869', 'squirrel3': '5475279', 'rolldice': '5152439', 'moon-buggy': '5439204', 'apple': '5495053', 'banana': '5494888', 'cherry': '5495382', 'watermelon': '5494510', 'registry': '8018911', 'hello-world': '8021526', 'docker/getting-started': '8021973', 'alpine': '7991792'}
03:07:16 INFO  EnvironmentC8y Setup
03:07:16 INFO  Executed systemctl&lt;serv_mapper1&gt;, exit status 3
03:07:17 INFO  Restarting mosquitto too frequently in the last 10 seconds. It was only up for 5 seconds
03:07:17 INFO  Delaying execution by 6 seconds
03:07:36 INFO  Executed sudo&lt;tedge_connect_c8y&gt;, exit status 0, duration 13 secs
03:07:37 INFO  Executed sudo&lt;tedge_connect_c8y_test&gt;, exit status 0
03:07:37 INFO  Executed systemctl&lt;serv_mosq2&gt;, exit status 0
03:07:38 INFO  Executed systemctl&lt;serv_mapper3&gt;, exit status 0
03:07:40 INFO  State of current operation: EXECUTING
03:07:42 INFO  State of current operation: EXECUTING
03:07:45 INFO  State of current operation: EXECUTING
03:07:47 INFO  State of current operation: EXECUTING
03:07:49 INFO  State of current operation: EXECUTING
03:07:51 INFO  State of current operation: EXECUTING
03:07:53 INFO  State of current operation: EXECUTING
03:07:56 INFO  State of current operation: EXECUTING
03:07:58 INFO  State of current operation: EXECUTING
03:08:00 INFO  State of current operation: EXECUTING
03:08:02 INFO  State of current operation: EXECUTING
03:08:05 INFO  State of current operation: EXECUTING
03:08:07 INFO  State of current operation: EXECUTING
03:08:09 INFO  State of current operation: EXECUTING
03:08:11 INFO  State of current operation: EXECUTING
03:08:13 INFO  State of current operation: EXECUTING
03:08:16 INFO  State of current operation: EXECUTING
03:08:18 INFO  State of current operation: EXECUTING
03:08:20 INFO  State of current operation: EXECUTING
03:08:22 INFO  State of current operation: EXECUTING
03:08:24 INFO  State of current operation: EXECUTING
03:08:27 INFO  State of current operation: EXECUTING
03:08:29 INFO  State of current operation: EXECUTING
03:08:31 INFO  State of current operation: EXECUTING
03:08:33 INFO  State of current operation: EXECUTING
03:08:36 INFO  State of current operation: EXECUTING
03:08:38 INFO  State of current operation: EXECUTING
03:08:40 INFO  State of current operation: EXECUTING
03:08:42 INFO  State of current operation: EXECUTING
03:08:44 INFO  State of current operation: EXECUTING
03:08:47 INFO  State of current operation: EXECUTING
03:08:49 INFO  State of current operation: EXECUTING
03:08:51 INFO  State of current operation: EXECUTING
03:08:53 INFO  State of current operation: EXECUTING
03:08:56 INFO  State of current operation: EXECUTING
03:08:58 INFO  State of current operation: EXECUTING
03:09:00 INFO  State of current operation: EXECUTING
03:09:02 INFO  State of current operation: EXECUTING
03:09:04 INFO  State of current operation: EXECUTING
03:09:07 INFO  State of current operation: EXECUTING
03:09:09 INFO  State of current operation: EXECUTING
03:09:11 INFO  State of current operation: EXECUTING
03:09:13 INFO  State of current operation: EXECUTING
03:09:15 INFO  State of current operation: EXECUTING
03:09:18 INFO  State of current operation: EXECUTING
03:09:20 INFO  State of current operation: EXECUTING
03:09:22 INFO  State of current operation: EXECUTING
03:09:24 INFO  State of current operation: EXECUTING
03:09:27 INFO  State of current operation: EXECUTING
03:09:29 INFO  State of current operation: EXECUTING
03:09:31 INFO  State of current operation: EXECUTING
03:09:33 INFO  State of current operation: EXECUTING
03:09:35 INFO  State of current operation: EXECUTING
03:09:38 INFO  State of current operation: EXECUTING
03:09:40 INFO  State of current operation: EXECUTING
03:09:42 INFO  State of current operation: EXECUTING
03:09:44 INFO  State of current operation: EXECUTING
03:09:47 INFO  State of current operation: EXECUTING
03:09:49 INFO  State of current operation: EXECUTING
03:09:51 INFO  State of current operation: EXECUTING
03:09:53 INFO  State of current operation: EXECUTING
03:09:55 WARN  SystemError occurred while running test - Timeout while waiting for status FAILED or SUCCESSFUL
Traceback (most recent call last):
  File &quot;/home/pi/env-pysys/lib/python3.7/site-packages/pysys/baserunner.py&quot;, line 1292, in __call__
    self.testObj.setup()
  File &quot;/home/pi/actions-runner/_work/thin-edge.io/thin-edge.io/tests/PySys/software_management_end_to_end/sm_apt_install_remove_default/run.py&quot;, line 26, in setup
    super().setup()
  File &quot;/home/pi/actions-runner/_work/thin-edge.io/thin-edge.io/tests/PySys/software_management_end_to_end/environment_sm_management.py&quot;, line 151, in setup
    self.wait_until_end()
  File &quot;/home/pi/actions-runner/_work/thin-edge.io/thin-edge.io/tests/PySys/software_management_end_to_end/environment_sm_management.py&quot;, line 332, in wait_until_end
    self.wait_until_status(&quot;FAILED&quot;, &quot;SUCCESSFUL&quot;)
  File &quot;/home/pi/actions-runner/_work/thin-edge.io/thin-edge.io/tests/PySys/software_management_end_to_end/environment_sm_management.py&quot;, line 381, in wait_until_status
    &quot;Timeout while waiting for status %s or %s&quot; % (status, status2)
SystemError: Timeout while waiting for status FAILED or SUCCESSFUL
03:09:55 WARN  SystemError: Timeout while waiting for status FAILED or SUCCESSFUL ... blocked 
03:09:55 INFO  
03:09:55 INFO  cleanup:
03:09:59 INFO  Executed sudo&lt;tedge_disconnect_c8y&gt;, exit status 0
03:10:00 INFO  Executed systemctl&lt;serv_mapper5&gt;, exit status 3
03:10:00 INFO  
03:10:00 INFO  Test duration: 164.08 secs
03:10:00 INFO  Test final outcome:  BLOCKED
03:10:00 INFO  Test outcome reason: SystemError: Timeout while waiting for status FAILED or SUCCESSFUL
03:10:00 INFO  
</system-out>
	</testcase>
</testsuite>
