<?xml version="1.0" encoding="utf-8"?>
<testsuite failures="1" name="SoftwareManagement.sm_apt_install_remove_multiple" skipped="0" tests="1" time="138.14" timestamp="2022-06-22T15:04:21">
	<testcase classname="PySysTest" name="SoftwareManagement.sm_apt_install_remove_multiple">
		<failure message="FAILED: Assert that (False == value) with value=True (+2 other failures)" type="FAILED"/>
		<system-out>15:02:03 INFO  ==============================================================
15:02:03 INFO  Id:    SoftwareManagement.sm_apt_install_remove_multiple
15:02:03 INFO  Dir:   software_management_end_to_end/
15:02:03 INFO  Title: Validate end to end behaviour for the apt plugin for multiple packages
15:02:03 INFO  ==============================================================
15:02:03 INFO  Using sw id database: {'asciijump': '5475369', 'robotfindskitten': '5474869', 'squirrel3': '5475279', 'rolldice': '5152439', 'moon-buggy': '5439204', 'apple': '5495053', 'banana': '5494888', 'cherry': '5495382', 'watermelon': '5494510', 'registry': '8018911', 'hello-world': '8021526', 'docker/getting-started': '8021973', 'alpine': '7991792'}
15:02:03 INFO  EnvironmentC8y Setup
15:02:03 INFO  Executed systemctl&lt;serv_mapper1&gt;, exit status 3
15:02:03 INFO  Restarting mosquitto too frequently in the last 10 seconds. It was only up for 5 seconds
15:02:03 INFO  Delaying execution by 6 seconds
15:02:23 INFO  Executed sudo&lt;tedge_connect_c8y&gt;, exit status 0, duration 14 secs
15:02:24 INFO  Executed sudo&lt;tedge_connect_c8y_test&gt;, exit status 0
15:02:25 INFO  Executed systemctl&lt;serv_mosq2&gt;, exit status 0
15:02:25 INFO  Executed systemctl&lt;serv_mapper3&gt;, exit status 0
15:02:27 INFO  State of current operation: SUCCESSFUL
15:02:27 INFO  Assert that (False == value) with value=False ... passed
15:02:28 INFO  Package asciijump is installed
15:02:28 WARN  Assert that (False == value) with value=True ... failed 
15:02:28 INFO  Package squirrel3 is installed
15:02:28 WARN  Assert that (False == value) with value=True ... failed 
15:02:29 INFO  Package robotfindskitten is installed
15:02:29 WARN  Assert that (False == value) with value=True ... failed 
15:02:29 INFO  Response status: 201
15:02:29 INFO  Response to action: {
    &quot;creationTime&quot;: &quot;2022-06-22T15:02:29.315Z&quot;,
    &quot;deviceName&quot;: &quot;m32sd10b&quot;,
    &quot;deviceId&quot;: &quot;20404324&quot;,
    &quot;self&quot;: &quot;https://t493319102.eu-latest.cumulocity.com/devicecontrol/operations/20413800&quot;,
    &quot;id&quot;: &quot;20413800&quot;,
    &quot;status&quot;: &quot;PENDING&quot;,
    &quot;description&quot;: &quot;Apply software changes, triggered from PySys: [{'action': 'install', 'id': '5475369', 'name': 'asciijump', 'url': ' ', 'version': '::apt'}, {'action': 'install', 'id': '5474869', 'name': 'robotfindskitten', 'url': ' ', 'version': '::apt'}, {'action': 'install', 'id': '5475279', 'name': 'squirrel3', 'url': ' ', 'version': '::apt'}]&quot;,
    &quot;c8y_SoftwareUpdate&quot;: [
        {
            &quot;name&quot;: &quot;asciijump&quot;,
            &quot;action&quot;: &quot;install&quot;,
            &quot;id&quot;: &quot;5475369&quot;,
            &quot;version&quot;: &quot;::apt&quot;,
            &quot;url&quot;: &quot; &quot;
        },
        {
            &quot;name&quot;: &quot;robotfindskitten&quot;,
            &quot;action&quot;: &quot;install&quot;,
            &quot;id&quot;: &quot;5474869&quot;,
            &quot;version&quot;: &quot;::apt&quot;,
            &quot;url&quot;: &quot; &quot;
        },
        {
            &quot;name&quot;: &quot;squirrel3&quot;,
            &quot;action&quot;: &quot;install&quot;,
            &quot;id&quot;: &quot;5475279&quot;,
            &quot;version&quot;: &quot;::apt&quot;,
            &quot;url&quot;: &quot; &quot;
        }
    ]
}
15:02:29 INFO  Started operation: {'creationTime': '2022-06-22T15:02:29.315Z', 'deviceName': 'm32sd10b', 'deviceId': '20404324', 'self': 'https://t493319102.eu-latest.cumulocity.com/devicecontrol/operations/20413800', 'id': '20413800', 'status': 'PENDING', 'description': &quot;Apply software changes, triggered from PySys: [{'action': 'install', 'id': '5475369', 'name': 'asciijump', 'url': ' ', 'version': '::apt'}, {'action': 'install', 'id': '5474869', 'name': 'robotfindskitten', 'url': ' ', 'version': '::apt'}, {'action': 'install', 'id': '5475279', 'name': 'squirrel3', 'url': ' ', 'version': '::apt'}]&quot;, 'c8y_SoftwareUpdate': [{'name': 'asciijump', 'action': 'install', 'id': '5475369', 'version': '::apt', 'url': ' '}, {'name': 'robotfindskitten', 'action': 'install', 'id': '5474869', 'version': '::apt', 'url': ' '}, {'name': 'squirrel3', 'action': 'install', 'id': '5475279', 'version': '::apt', 'url': ' '}]}
15:02:31 INFO  State of operation 20413800 : PENDING
15:02:33 INFO  State of operation 20413800 : EXECUTING
15:02:36 INFO  State of operation 20413800 : EXECUTING
15:02:38 INFO  State of operation 20413800 : EXECUTING
15:02:40 INFO  State of operation 20413800 : EXECUTING
15:02:42 INFO  State of operation 20413800 : EXECUTING
15:02:45 INFO  State of operation 20413800 : EXECUTING
15:02:48 INFO  State of operation 20413800 : EXECUTING
15:02:50 INFO  State of operation 20413800 : EXECUTING
15:02:53 INFO  State of operation 20413800 : EXECUTING
15:02:55 INFO  State of operation 20413800 : EXECUTING
15:02:57 INFO  State of operation 20413800 : EXECUTING
15:02:59 INFO  State of operation 20413800 : EXECUTING
15:03:02 INFO  State of operation 20413800 : EXECUTING
15:03:04 INFO  State of operation 20413800 : EXECUTING
15:03:06 INFO  State of operation 20413800 : SUCCESSFUL
15:03:06 INFO  Assert that (False == value) with value=False ... passed
15:03:06 INFO  Package asciijump is installed
15:03:07 INFO  Assert that (True == value) with value=True ... passed
15:03:07 INFO  Package squirrel3 is installed
15:03:07 INFO  Assert that (True == value) with value=True ... passed
15:03:07 INFO  Package robotfindskitten is installed
15:03:07 INFO  Assert that (True == value) with value=True ... passed
15:03:07 INFO  Response status: 201
15:03:07 INFO  Response to action: {
    &quot;creationTime&quot;: &quot;2022-06-22T15:03:07.627Z&quot;,
    &quot;deviceName&quot;: &quot;m32sd10b&quot;,
    &quot;deviceId&quot;: &quot;20404324&quot;,
    &quot;self&quot;: &quot;https://t493319102.eu-latest.cumulocity.com/devicecontrol/operations/20413808&quot;,
    &quot;id&quot;: &quot;20413808&quot;,
    &quot;status&quot;: &quot;PENDING&quot;,
    &quot;description&quot;: &quot;Apply software changes, triggered from PySys: [{'action': 'delete', 'id': '5475369', 'name': 'asciijump', 'url': ' ', 'version': '::apt'}, {'action': 'delete', 'id': '5474869', 'name': 'robotfindskitten', 'url': ' ', 'version': '::apt'}, {'action': 'delete', 'id': '5475279', 'name': 'squirrel3', 'url': ' ', 'version': '::apt'}]&quot;,
    &quot;c8y_SoftwareUpdate&quot;: [
        {
            &quot;name&quot;: &quot;asciijump&quot;,
            &quot;action&quot;: &quot;delete&quot;,
            &quot;id&quot;: &quot;5475369&quot;,
            &quot;version&quot;: &quot;::apt&quot;,
            &quot;url&quot;: &quot; &quot;
        },
        {
            &quot;name&quot;: &quot;robotfindskitten&quot;,
            &quot;action&quot;: &quot;delete&quot;,
            &quot;id&quot;: &quot;5474869&quot;,
            &quot;version&quot;: &quot;::apt&quot;,
            &quot;url&quot;: &quot; &quot;
        },
        {
            &quot;name&quot;: &quot;squirrel3&quot;,
            &quot;action&quot;: &quot;delete&quot;,
            &quot;id&quot;: &quot;5475279&quot;,
            &quot;version&quot;: &quot;::apt&quot;,
            &quot;url&quot;: &quot; &quot;
        }
    ]
}
15:03:07 INFO  Started operation: {'creationTime': '2022-06-22T15:03:07.627Z', 'deviceName': 'm32sd10b', 'deviceId': '20404324', 'self': 'https://t493319102.eu-latest.cumulocity.com/devicecontrol/operations/20413808', 'id': '20413808', 'status': 'PENDING', 'description': &quot;Apply software changes, triggered from PySys: [{'action': 'delete', 'id': '5475369', 'name': 'asciijump', 'url': ' ', 'version': '::apt'}, {'action': 'delete', 'id': '5474869', 'name': 'robotfindskitten', 'url': ' ', 'version': '::apt'}, {'action': 'delete', 'id': '5475279', 'name': 'squirrel3', 'url': ' ', 'version': '::apt'}]&quot;, 'c8y_SoftwareUpdate': [{'name': 'asciijump', 'action': 'delete', 'id': '5475369', 'version': '::apt', 'url': ' '}, {'name': 'robotfindskitten', 'action': 'delete', 'id': '5474869', 'version': '::apt', 'url': ' '}, {'name': 'squirrel3', 'action': 'delete', 'id': '5475279', 'version': '::apt', 'url': ' '}]}
15:03:09 INFO  State of operation 20413808 : PENDING
15:03:12 INFO  State of operation 20413808 : EXECUTING
15:03:14 INFO  State of operation 20413808 : EXECUTING
15:03:16 INFO  State of operation 20413808 : EXECUTING
15:03:18 INFO  State of operation 20413808 : EXECUTING
15:03:20 INFO  State of operation 20413808 : EXECUTING
15:03:23 INFO  State of operation 20413808 : EXECUTING
15:03:26 INFO  State of operation 20413808 : EXECUTING
15:03:28 INFO  State of operation 20413808 : EXECUTING
15:03:31 INFO  State of operation 20413808 : EXECUTING
15:03:33 INFO  State of operation 20413808 : EXECUTING
15:03:35 INFO  State of operation 20413808 : EXECUTING
15:03:37 INFO  State of operation 20413808 : EXECUTING
15:03:40 INFO  State of operation 20413808 : EXECUTING
15:03:42 INFO  State of operation 20413808 : EXECUTING
15:03:44 INFO  State of operation 20413808 : EXECUTING
15:03:46 INFO  State of operation 20413808 : EXECUTING
15:03:49 INFO  State of operation 20413808 : EXECUTING
15:03:51 INFO  State of operation 20413808 : EXECUTING
15:03:54 INFO  State of operation 20413808 : EXECUTING
15:03:56 INFO  State of operation 20413808 : EXECUTING
15:03:58 INFO  State of operation 20413808 : EXECUTING
15:04:00 INFO  State of operation 20413808 : EXECUTING
15:04:03 INFO  State of operation 20413808 : EXECUTING
15:04:05 INFO  State of operation 20413808 : EXECUTING
15:04:08 INFO  State of operation 20413808 : EXECUTING
15:04:10 INFO  State of operation 20413808 : EXECUTING
15:04:13 INFO  State of operation 20413808 : EXECUTING
15:04:15 INFO  State of operation 20413808 : SUCCESSFUL
15:04:15 INFO  Assert that (False == value) with value=False ... passed
15:04:15 INFO  Assert that (False == value) with value=False ... passed
15:04:16 INFO  Assert that (False == value) with value=False ... passed
15:04:16 INFO  Assert that (False == value) with value=False ... passed
15:04:16 INFO  
15:04:16 INFO  cleanup:
15:04:20 INFO  Executed sudo&lt;tedge_disconnect_c8y&gt;, exit status 0
15:04:21 INFO  Executed systemctl&lt;serv_mapper5&gt;, exit status 3
15:04:21 INFO  
15:04:21 INFO  Test duration: 138.14 secs
15:04:21 INFO  Test final outcome:  FAILED
15:04:21 INFO  Test outcome reason: Assert that (False == value) with value=True (+2 other failures)
15:04:21 INFO  
</system-out>
	</testcase>
</testsuite>
