<?xml version="1.0" encoding="utf-8"?>
<testsuite failures="1" name="SoftwareManagement.sm_mixed_install_remove_multiple" skipped="0" tests="1" time="166.48" timestamp="2022-06-02T10:08:02">
	<testcase classname="PySysTest" name="SoftwareManagement.sm_mixed_install_remove_multiple">
		<failure message="BLOCKED: SystemError: Timeout while waiting for status FAILED or SUCCESSFUL" type="BLOCKED"/>
		<system-out>10:05:16 INFO  ==============================================================
10:05:16 INFO  Id:    SoftwareManagement.sm_mixed_install_remove_multiple
10:05:16 INFO  Dir:   software_management_end_to_end/
10:05:16 INFO  Title: Validate end to end behaviour for the dummy-plugin for multiple packages with mixed versions
10:05:16 INFO  ==============================================================
10:05:16 INFO  Using sw id database: {'asciijump': '5475369', 'robotfindskitten': '5474869', 'squirrel3': '5475279', 'rolldice': '5152439', 'moon-buggy': '5439204', 'apple': '5495053', 'banana': '5494888', 'cherry': '5495382', 'watermelon': '5494510', 'registry': '8018911', 'hello-world': '8021526', 'docker/getting-started': '8021973', 'alpine': '7991792'}
10:05:16 INFO  EnvironmentC8y Setup
10:05:17 INFO  Executed systemctl&lt;serv_mapper1&gt;, exit status 3
10:05:17 INFO  Restarting mosquitto too frequently in the last 10 seconds. It was only up for 5 seconds
10:05:17 INFO  Delaying execution by 6 seconds
10:05:37 INFO  Executed sudo&lt;tedge_connect_c8y&gt;, exit status 0, duration 14 secs
10:05:37 INFO  Executed sudo&lt;tedge_connect_c8y_test&gt;, exit status 0
10:05:38 INFO  Executed systemctl&lt;serv_mosq2&gt;, exit status 0
10:05:38 INFO  Executed systemctl&lt;serv_mapper3&gt;, exit status 0
10:05:41 INFO  State of current operation: PENDING
10:05:43 INFO  State of current operation: PENDING
10:05:45 INFO  State of current operation: PENDING
10:05:47 INFO  State of current operation: PENDING
10:05:50 INFO  State of current operation: PENDING
10:05:52 INFO  State of current operation: PENDING
10:05:54 INFO  State of current operation: PENDING
10:05:56 INFO  State of current operation: PENDING
10:05:58 INFO  State of current operation: PENDING
10:06:01 INFO  State of current operation: PENDING
10:06:03 INFO  State of current operation: PENDING
10:06:05 INFO  State of current operation: PENDING
10:06:07 INFO  State of current operation: PENDING
10:06:10 INFO  State of current operation: PENDING
10:06:12 INFO  State of current operation: PENDING
10:06:14 INFO  State of current operation: PENDING
10:06:16 INFO  State of current operation: PENDING
10:06:19 INFO  State of current operation: PENDING
10:06:21 INFO  State of current operation: PENDING
10:06:23 INFO  State of current operation: PENDING
10:06:26 INFO  State of current operation: PENDING
10:06:28 INFO  State of current operation: PENDING
10:06:30 INFO  State of current operation: PENDING
10:06:32 INFO  State of current operation: PENDING
10:06:35 INFO  State of current operation: PENDING
10:06:37 INFO  State of current operation: PENDING
10:06:39 INFO  State of current operation: PENDING
10:06:41 INFO  State of current operation: PENDING
10:06:44 INFO  State of current operation: PENDING
10:06:46 INFO  State of current operation: PENDING
10:06:48 INFO  State of current operation: PENDING
10:06:51 INFO  State of current operation: PENDING
10:06:53 INFO  State of current operation: PENDING
10:06:55 INFO  State of current operation: PENDING
10:06:57 INFO  State of current operation: PENDING
10:06:59 INFO  State of current operation: PENDING
10:07:02 INFO  State of current operation: PENDING
10:07:04 INFO  State of current operation: PENDING
10:07:06 INFO  State of current operation: PENDING
10:07:08 INFO  State of current operation: PENDING
10:07:11 INFO  State of current operation: PENDING
10:07:13 INFO  State of current operation: PENDING
10:07:15 INFO  State of current operation: PENDING
10:07:17 INFO  State of current operation: PENDING
10:07:20 INFO  State of current operation: PENDING
10:07:22 INFO  State of current operation: PENDING
10:07:24 INFO  State of current operation: PENDING
10:07:26 INFO  State of current operation: PENDING
10:07:29 INFO  State of current operation: PENDING
10:07:31 INFO  State of current operation: PENDING
10:07:33 INFO  State of current operation: PENDING
10:07:35 INFO  State of current operation: PENDING
10:07:38 INFO  State of current operation: PENDING
10:07:40 INFO  State of current operation: PENDING
10:07:42 INFO  State of current operation: PENDING
10:07:44 INFO  State of current operation: PENDING
10:07:47 INFO  State of current operation: PENDING
10:07:49 INFO  State of current operation: PENDING
10:07:51 INFO  State of current operation: PENDING
10:07:53 INFO  State of current operation: PENDING
10:07:56 INFO  State of current operation: PENDING
10:07:58 WARN  SystemError occurred while running test - Timeout while waiting for status FAILED or SUCCESSFUL
Traceback (most recent call last):
  File &quot;/home/pi/env-pysys/lib/python3.7/site-packages/pysys/baserunner.py&quot;, line 1292, in __call__
    self.testObj.setup()
  File &quot;/home/pi/actions-runner/_work/thin-edge.io/thin-edge.io/tests/PySys/software_management_end_to_end/sm_mixed_install_remove_multiple/run.py&quot;, line 83, in setup
    super().setup()
  File &quot;/home/pi/actions-runner/_work/thin-edge.io/thin-edge.io/tests/PySys/software_management_end_to_end/environment_sm_management.py&quot;, line 151, in setup
    self.wait_until_end()
  File &quot;/home/pi/actions-runner/_work/thin-edge.io/thin-edge.io/tests/PySys/software_management_end_to_end/environment_sm_management.py&quot;, line 332, in wait_until_end
    self.wait_until_status(&quot;FAILED&quot;, &quot;SUCCESSFUL&quot;)
  File &quot;/home/pi/actions-runner/_work/thin-edge.io/thin-edge.io/tests/PySys/software_management_end_to_end/environment_sm_management.py&quot;, line 381, in wait_until_status
    &quot;Timeout while waiting for status %s or %s&quot; % (status, status2)
SystemError: Timeout while waiting for status FAILED or SUCCESSFUL
10:07:58 WARN  SystemError: Timeout while waiting for status FAILED or SUCCESSFUL ... blocked 
10:07:58 INFO  
10:07:58 INFO  cleanup:
10:08:02 INFO  Executed sudo&lt;tedge_disconnect_c8y&gt;, exit status 0
10:08:02 INFO  Executed systemctl&lt;serv_mapper5&gt;, exit status 3
10:08:02 INFO  
10:08:02 INFO  Test duration: 166.48 secs
10:08:02 INFO  Test final outcome:  BLOCKED
10:08:02 INFO  Test outcome reason: SystemError: Timeout while waiting for status FAILED or SUCCESSFUL
10:08:02 INFO  
</system-out>
	</testcase>
</testsuite>
