<?xml version="1.0" encoding="utf-8"?>
<testsuite failures="1" name="SoftwareManagement.sm_apt_install_remove_multiple" skipped="0" tests="1" time="140.19" timestamp="2022-07-13T12:46:52">
	<testcase classname="PySysTest" name="SoftwareManagement.sm_apt_install_remove_multiple">
		<failure message="FAILED: Assert that (False == value) with value=True (+2 other failures)" type="FAILED"/>
		<system-out>12:44:31 INFO  ==============================================================
12:44:31 INFO  Id:    SoftwareManagement.sm_apt_install_remove_multiple
12:44:31 INFO  Dir:   software_management_end_to_end/
12:44:31 INFO  Title: Validate end to end behaviour for the apt plugin for multiple packages
12:44:31 INFO  ==============================================================
12:44:31 INFO  Using sw id database: {'asciijump': '5475369', 'robotfindskitten': '5474869', 'squirrel3': '5475279', 'rolldice': '5152439', 'moon-buggy': '5439204', 'apple': '5495053', 'banana': '5494888', 'cherry': '5495382', 'watermelon': '5494510', 'registry': '8018911', 'hello-world': '8021526', 'docker/getting-started': '8021973', 'alpine': '7991792'}
12:44:31 INFO  EnvironmentC8y Setup
12:44:32 INFO  Executed systemctl&lt;serv_mapper1&gt;, exit status 3
12:44:32 INFO  Restarting mosquitto too frequently in the last 10 seconds. It was only up for 4 seconds
12:44:32 INFO  Delaying execution by 7 seconds
12:44:54 INFO  Executed sudo&lt;tedge_connect_c8y&gt;, exit status 0, duration 14 secs
12:44:54 INFO  Executed sudo&lt;tedge_connect_c8y_test&gt;, exit status 0
12:44:55 INFO  Executed systemctl&lt;serv_mosq2&gt;, exit status 0
12:44:55 INFO  Executed systemctl&lt;serv_mapper3&gt;, exit status 0
12:44:57 INFO  State of current operation: SUCCESSFUL
12:44:58 INFO  Assert that (False == value) with value=False ... passed
12:44:58 INFO  Package asciijump is installed
12:44:58 WARN  Assert that (False == value) with value=True ... failed 
12:44:58 INFO  Package squirrel3 is installed
12:44:59 WARN  Assert that (False == value) with value=True ... failed 
12:44:59 INFO  Package robotfindskitten is installed
12:44:59 WARN  Assert that (False == value) with value=True ... failed 
12:44:59 INFO  Response status: 201
12:44:59 INFO  Response to action: {
    &quot;creationTime&quot;: &quot;2022-07-13T12:44:59.436Z&quot;,
    &quot;deviceName&quot;: &quot;m32sd10b&quot;,
    &quot;deviceId&quot;: &quot;20878063&quot;,
    &quot;self&quot;: &quot;https://t493319102.eu-latest.cumulocity.com/devicecontrol/operations/20885579&quot;,
    &quot;id&quot;: &quot;20885579&quot;,
    &quot;status&quot;: &quot;PENDING&quot;,
    &quot;description&quot;: &quot;Apply software changes, triggered from PySys: [{'action': 'install', 'id': '5475369', 'name': 'asciijump', 'url': ' ', 'version': '::apt'}, {'action': 'install', 'id': '5474869', 'name': 'robotfindskitten', 'url': ' ', 'version': '::apt'}, {'action': 'install', 'id': '5475279', 'name': 'squirrel3', 'url': ' ', 'version': '::apt'}]&quot;,
    &quot;c8y_SoftwareUpdate&quot;: [
        {
            &quot;name&quot;: &quot;asciijump&quot;,
            &quot;action&quot;: &quot;install&quot;,
            &quot;id&quot;: &quot;5475369&quot;,
            &quot;version&quot;: &quot;::apt&quot;,
            &quot;url&quot;: &quot; &quot;
        },
        {
            &quot;name&quot;: &quot;robotfindskitten&quot;,
            &quot;action&quot;: &quot;install&quot;,
            &quot;id&quot;: &quot;5474869&quot;,
            &quot;version&quot;: &quot;::apt&quot;,
            &quot;url&quot;: &quot; &quot;
        },
        {
            &quot;name&quot;: &quot;squirrel3&quot;,
            &quot;action&quot;: &quot;install&quot;,
            &quot;id&quot;: &quot;5475279&quot;,
            &quot;version&quot;: &quot;::apt&quot;,
            &quot;url&quot;: &quot; &quot;
        }
    ]
}
12:44:59 INFO  Started operation: {'creationTime': '2022-07-13T12:44:59.436Z', 'deviceName': 'm32sd10b', 'deviceId': '20878063', 'self': 'https://t493319102.eu-latest.cumulocity.com/devicecontrol/operations/20885579', 'id': '20885579', 'status': 'PENDING', 'description': &quot;Apply software changes, triggered from PySys: [{'action': 'install', 'id': '5475369', 'name': 'asciijump', 'url': ' ', 'version': '::apt'}, {'action': 'install', 'id': '5474869', 'name': 'robotfindskitten', 'url': ' ', 'version': '::apt'}, {'action': 'install', 'id': '5475279', 'name': 'squirrel3', 'url': ' ', 'version': '::apt'}]&quot;, 'c8y_SoftwareUpdate': [{'name': 'asciijump', 'action': 'install', 'id': '5475369', 'version': '::apt', 'url': ' '}, {'name': 'robotfindskitten', 'action': 'install', 'id': '5474869', 'version': '::apt', 'url': ' '}, {'name': 'squirrel3', 'action': 'install', 'id': '5475279', 'version': '::apt', 'url': ' '}]}
12:45:01 INFO  State of operation 20885579 : PENDING
12:45:03 INFO  State of operation 20885579 : EXECUTING
12:45:06 INFO  State of operation 20885579 : EXECUTING
12:45:08 INFO  State of operation 20885579 : EXECUTING
12:45:10 INFO  State of operation 20885579 : EXECUTING
12:45:12 INFO  State of operation 20885579 : EXECUTING
12:45:15 INFO  State of operation 20885579 : EXECUTING
12:45:18 INFO  State of operation 20885579 : EXECUTING
12:45:20 INFO  State of operation 20885579 : EXECUTING
12:45:23 INFO  State of operation 20885579 : EXECUTING
12:45:25 INFO  State of operation 20885579 : EXECUTING
12:45:27 INFO  State of operation 20885579 : EXECUTING
12:45:29 INFO  State of operation 20885579 : EXECUTING
12:45:31 INFO  State of operation 20885579 : EXECUTING
12:45:34 INFO  State of operation 20885579 : EXECUTING
12:45:36 INFO  State of operation 20885579 : SUCCESSFUL
12:45:36 INFO  Assert that (False == value) with value=False ... passed
12:45:36 INFO  Package asciijump is installed
12:45:36 INFO  Assert that (True == value) with value=True ... passed
12:45:37 INFO  Package squirrel3 is installed
12:45:37 INFO  Assert that (True == value) with value=True ... passed
12:45:37 INFO  Package robotfindskitten is installed
12:45:37 INFO  Assert that (True == value) with value=True ... passed
12:45:37 INFO  Response status: 201
12:45:37 INFO  Response to action: {
    &quot;creationTime&quot;: &quot;2022-07-13T12:45:37.688Z&quot;,
    &quot;deviceName&quot;: &quot;m32sd10b&quot;,
    &quot;deviceId&quot;: &quot;20878063&quot;,
    &quot;self&quot;: &quot;https://t493319102.eu-latest.cumulocity.com/devicecontrol/operations/20885590&quot;,
    &quot;id&quot;: &quot;20885590&quot;,
    &quot;status&quot;: &quot;PENDING&quot;,
    &quot;description&quot;: &quot;Apply software changes, triggered from PySys: [{'action': 'delete', 'id': '5475369', 'name': 'asciijump', 'url': ' ', 'version': '::apt'}, {'action': 'delete', 'id': '5474869', 'name': 'robotfindskitten', 'url': ' ', 'version': '::apt'}, {'action': 'delete', 'id': '5475279', 'name': 'squirrel3', 'url': ' ', 'version': '::apt'}]&quot;,
    &quot;c8y_SoftwareUpdate&quot;: [
        {
            &quot;name&quot;: &quot;asciijump&quot;,
            &quot;action&quot;: &quot;delete&quot;,
            &quot;id&quot;: &quot;5475369&quot;,
            &quot;version&quot;: &quot;::apt&quot;,
            &quot;url&quot;: &quot; &quot;
        },
        {
            &quot;name&quot;: &quot;robotfindskitten&quot;,
            &quot;action&quot;: &quot;delete&quot;,
            &quot;id&quot;: &quot;5474869&quot;,
            &quot;version&quot;: &quot;::apt&quot;,
            &quot;url&quot;: &quot; &quot;
        },
        {
            &quot;name&quot;: &quot;squirrel3&quot;,
            &quot;action&quot;: &quot;delete&quot;,
            &quot;id&quot;: &quot;5475279&quot;,
            &quot;version&quot;: &quot;::apt&quot;,
            &quot;url&quot;: &quot; &quot;
        }
    ]
}
12:45:37 INFO  Started operation: {'creationTime': '2022-07-13T12:45:37.688Z', 'deviceName': 'm32sd10b', 'deviceId': '20878063', 'self': 'https://t493319102.eu-latest.cumulocity.com/devicecontrol/operations/20885590', 'id': '20885590', 'status': 'PENDING', 'description': &quot;Apply software changes, triggered from PySys: [{'action': 'delete', 'id': '5475369', 'name': 'asciijump', 'url': ' ', 'version': '::apt'}, {'action': 'delete', 'id': '5474869', 'name': 'robotfindskitten', 'url': ' ', 'version': '::apt'}, {'action': 'delete', 'id': '5475279', 'name': 'squirrel3', 'url': ' ', 'version': '::apt'}]&quot;, 'c8y_SoftwareUpdate': [{'name': 'asciijump', 'action': 'delete', 'id': '5475369', 'version': '::apt', 'url': ' '}, {'name': 'robotfindskitten', 'action': 'delete', 'id': '5474869', 'version': '::apt', 'url': ' '}, {'name': 'squirrel3', 'action': 'delete', 'id': '5475279', 'version': '::apt', 'url': ' '}]}
12:45:39 INFO  State of operation 20885590 : PENDING
12:45:42 INFO  State of operation 20885590 : EXECUTING
12:45:44 INFO  State of operation 20885590 : EXECUTING
12:45:46 INFO  State of operation 20885590 : EXECUTING
12:45:48 INFO  State of operation 20885590 : EXECUTING
12:45:51 INFO  State of operation 20885590 : EXECUTING
12:45:53 INFO  State of operation 20885590 : EXECUTING
12:45:56 INFO  State of operation 20885590 : EXECUTING
12:45:59 INFO  State of operation 20885590 : EXECUTING
12:46:01 INFO  State of operation 20885590 : EXECUTING
12:46:03 INFO  State of operation 20885590 : EXECUTING
12:46:05 INFO  State of operation 20885590 : EXECUTING
12:46:08 INFO  State of operation 20885590 : EXECUTING
12:46:10 INFO  State of operation 20885590 : EXECUTING
12:46:12 INFO  State of operation 20885590 : EXECUTING
12:46:14 INFO  State of operation 20885590 : EXECUTING
12:46:17 INFO  State of operation 20885590 : EXECUTING
12:46:19 INFO  State of operation 20885590 : EXECUTING
12:46:22 INFO  State of operation 20885590 : EXECUTING
12:46:25 INFO  State of operation 20885590 : EXECUTING
12:46:27 INFO  State of operation 20885590 : EXECUTING
12:46:29 INFO  State of operation 20885590 : EXECUTING
12:46:31 INFO  State of operation 20885590 : EXECUTING
12:46:34 INFO  State of operation 20885590 : EXECUTING
12:46:36 INFO  State of operation 20885590 : EXECUTING
12:46:39 INFO  State of operation 20885590 : EXECUTING
12:46:41 INFO  State of operation 20885590 : EXECUTING
12:46:43 INFO  State of operation 20885590 : EXECUTING
12:46:45 INFO  State of operation 20885590 : SUCCESSFUL
12:46:46 INFO  Assert that (False == value) with value=False ... passed
12:46:46 INFO  Assert that (False == value) with value=False ... passed
12:46:47 INFO  Assert that (False == value) with value=False ... passed
12:46:47 INFO  Assert that (False == value) with value=False ... passed
12:46:47 INFO  
12:46:47 INFO  cleanup:
12:46:51 INFO  Executed sudo&lt;tedge_disconnect_c8y&gt;, exit status 0
12:46:52 INFO  Executed systemctl&lt;serv_mapper5&gt;, exit status 3
12:46:52 INFO  
12:46:52 INFO  Test duration: 140.19 secs
12:46:52 INFO  Test final outcome:  FAILED
12:46:52 INFO  Test outcome reason: Assert that (False == value) with value=True (+2 other failures)
12:46:52 INFO  
</system-out>
	</testcase>
</testsuite>
