<?xml version="1.0" encoding="utf-8"?>
<testsuite failures="1" name="SoftwareManagement.sm_mixed_install_remove_multiple" skipped="0" tests="1" time="169.14" timestamp="2022-07-21T14:32:58">
	<testcase classname="PySysTest" name="SoftwareManagement.sm_mixed_install_remove_multiple">
		<failure message="FAILED: Assert that (False == value) with value=True" type="FAILED"/>
		<system-out>14:30:08 INFO  ==============================================================
14:30:08 INFO  Id:    SoftwareManagement.sm_mixed_install_remove_multiple
14:30:08 INFO  Dir:   software_management_end_to_end/
14:30:08 INFO  Title: Validate end to end behaviour for the dummy-plugin for multiple packages with mixed versions
14:30:08 INFO  ==============================================================
14:30:08 INFO  Using sw id database: {'asciijump': '5475369', 'robotfindskitten': '5474869', 'squirrel3': '5475279', 'rolldice': '5152439', 'moon-buggy': '5439204', 'apple': '5495053', 'banana': '5494888', 'cherry': '5495382', 'watermelon': '5494510', 'registry': '8018911', 'hello-world': '8021526', 'docker/getting-started': '8021973', 'alpine': '7991792'}
14:30:08 INFO  EnvironmentC8y Setup
14:30:09 INFO  Executed systemctl&lt;serv_mapper1&gt;, exit status 3
14:30:09 INFO  Restarting mosquitto too frequently in the last 10 seconds. It was only up for 4 seconds
14:30:09 INFO  Delaying execution by 7 seconds
14:30:30 INFO  Executed sudo&lt;tedge_connect_c8y&gt;, exit status 0, duration 14 secs
14:30:31 INFO  Executed sudo&lt;tedge_connect_c8y_test&gt;, exit status 0
14:30:31 INFO  Executed systemctl&lt;serv_mosq2&gt;, exit status 0
14:30:32 INFO  Executed systemctl&lt;serv_mapper3&gt;, exit status 0
14:30:34 INFO  State of current operation: SUCCESSFUL
14:30:34 INFO  Package apple is installed
14:30:34 INFO  Assert that (True == value) with value=True ... passed
14:30:34 INFO  Package banana is installed
14:30:34 INFO  Assert that (True == value) with value=True ... passed
14:30:34 INFO  Package cherry is installed
14:30:34 INFO  Assert that (True == value) with value=True ... passed
14:30:35 INFO  Package asciijump is installed
14:30:35 WARN  Assert that (False == value) with value=True ... failed 
14:30:35 INFO  Assert that (False == value) with value=False ... passed
14:30:35 INFO  Response status: 201
14:30:35 INFO  Response to action: {
    &quot;creationTime&quot;: &quot;2022-07-21T14:30:35.633Z&quot;,
    &quot;deviceId&quot;: &quot;21116856&quot;,
    &quot;deviceName&quot;: &quot;m32sd10b&quot;,
    &quot;self&quot;: &quot;https://t493319102.eu-latest.cumulocity.com/devicecontrol/operations/21140017&quot;,
    &quot;id&quot;: &quot;21140017&quot;,
    &quot;status&quot;: &quot;PENDING&quot;,
    &quot;description&quot;: &quot;Apply software changes, triggered from PySys: [{'action': 'install', 'id': '5495053', 'name': 'apple', 'url': ' ', 'version': '::fruits'}, {'action': 'install', 'id': '5494888', 'name': 'banana', 'url': ' ', 'version': '::fruits'}, {'action': 'install', 'id': '5475369', 'name': 'asciijump', 'url': ' ', 'version': '::apt'}, {'action': 'install', 'id': '5495382', 'name': 'cherry', 'url': ' ', 'version': '::fruits'}, {'action': 'install', 'id': '8018911', 'name': 'registry', 'url': ' ', 'version': '::docker'}]&quot;,
    &quot;c8y_SoftwareUpdate&quot;: [
        {
            &quot;name&quot;: &quot;apple&quot;,
            &quot;action&quot;: &quot;install&quot;,
            &quot;id&quot;: &quot;5495053&quot;,
            &quot;version&quot;: &quot;::fruits&quot;,
            &quot;url&quot;: &quot; &quot;
        },
        {
            &quot;name&quot;: &quot;banana&quot;,
            &quot;action&quot;: &quot;install&quot;,
            &quot;id&quot;: &quot;5494888&quot;,
            &quot;version&quot;: &quot;::fruits&quot;,
            &quot;url&quot;: &quot; &quot;
        },
        {
            &quot;name&quot;: &quot;asciijump&quot;,
            &quot;action&quot;: &quot;install&quot;,
            &quot;id&quot;: &quot;5475369&quot;,
            &quot;version&quot;: &quot;::apt&quot;,
            &quot;url&quot;: &quot; &quot;
        },
        {
            &quot;name&quot;: &quot;cherry&quot;,
            &quot;action&quot;: &quot;install&quot;,
            &quot;id&quot;: &quot;5495382&quot;,
            &quot;version&quot;: &quot;::fruits&quot;,
            &quot;url&quot;: &quot; &quot;
        },
        {
            &quot;name&quot;: &quot;registry&quot;,
            &quot;action&quot;: &quot;install&quot;,
            &quot;id&quot;: &quot;8018911&quot;,
            &quot;version&quot;: &quot;::docker&quot;,
            &quot;url&quot;: &quot; &quot;
        }
    ]
}
14:30:35 INFO  Started operation: {'creationTime': '2022-07-21T14:30:35.633Z', 'deviceId': '21116856', 'deviceName': 'm32sd10b', 'self': 'https://t493319102.eu-latest.cumulocity.com/devicecontrol/operations/21140017', 'id': '21140017', 'status': 'PENDING', 'description': &quot;Apply software changes, triggered from PySys: [{'action': 'install', 'id': '5495053', 'name': 'apple', 'url': ' ', 'version': '::fruits'}, {'action': 'install', 'id': '5494888', 'name': 'banana', 'url': ' ', 'version': '::fruits'}, {'action': 'install', 'id': '5475369', 'name': 'asciijump', 'url': ' ', 'version': '::apt'}, {'action': 'install', 'id': '5495382', 'name': 'cherry', 'url': ' ', 'version': '::fruits'}, {'action': 'install', 'id': '8018911', 'name': 'registry', 'url': ' ', 'version': '::docker'}]&quot;, 'c8y_SoftwareUpdate': [{'name': 'apple', 'action': 'install', 'id': '5495053', 'version': '::fruits', 'url': ' '}, {'name': 'banana', 'action': 'install', 'id': '5494888', 'version': '::fruits', 'url': ' '}, {'name': 'asciijump', 'action': 'install', 'id': '5475369', 'version': '::apt', 'url': ' '}, {'name': 'cherry', 'action': 'install', 'id': '5495382', 'version': '::fruits', 'url': ' '}, {'name': 'registry', 'action': 'install', 'id': '8018911', 'version': '::docker', 'url': ' '}]}
14:30:38 INFO  State of operation 21140017 : PENDING
14:30:40 INFO  State of operation 21140017 : EXECUTING
14:30:42 INFO  State of operation 21140017 : EXECUTING
14:30:44 INFO  State of operation 21140017 : EXECUTING
14:30:46 INFO  State of operation 21140017 : EXECUTING
14:30:49 INFO  State of operation 21140017 : EXECUTING
14:30:51 INFO  State of operation 21140017 : EXECUTING
14:30:54 INFO  State of operation 21140017 : EXECUTING
14:30:56 INFO  State of operation 21140017 : EXECUTING
14:30:59 INFO  State of operation 21140017 : EXECUTING
14:31:01 INFO  State of operation 21140017 : EXECUTING
14:31:03 INFO  State of operation 21140017 : EXECUTING
14:31:06 INFO  State of operation 21140017 : EXECUTING
14:31:08 INFO  State of operation 21140017 : EXECUTING
14:31:10 INFO  State of operation 21140017 : EXECUTING
14:31:12 INFO  State of operation 21140017 : EXECUTING
14:31:15 INFO  State of operation 21140017 : EXECUTING
14:31:17 INFO  State of operation 21140017 : EXECUTING
14:31:19 INFO  State of operation 21140017 : EXECUTING
14:31:22 INFO  State of operation 21140017 : EXECUTING
14:31:24 INFO  State of operation 21140017 : EXECUTING
14:31:26 INFO  State of operation 21140017 : EXECUTING
14:31:28 INFO  State of operation 21140017 : EXECUTING
14:31:31 INFO  State of operation 21140017 : EXECUTING
14:31:33 INFO  State of operation 21140017 : EXECUTING
14:31:35 INFO  State of operation 21140017 : SUCCESSFUL
14:31:35 INFO  Package apple is installed
14:31:35 INFO  Assert that (True == value) with value=True ... passed
14:31:36 INFO  Package banana is installed
14:31:36 INFO  Assert that (True == value) with value=True ... passed
14:31:36 INFO  Package cherry is installed
14:31:36 INFO  Assert that (True == value) with value=True ... passed
14:31:36 INFO  Package asciijump is installed
14:31:36 INFO  Assert that (True == value) with value=True ... passed
14:31:36 INFO  Package registry is installed
14:31:36 INFO  Assert that (True == value) with value=True ... passed
14:31:37 INFO  Response status: 201
14:31:37 INFO  Response to action: {
    &quot;creationTime&quot;: &quot;2022-07-21T14:31:36.951Z&quot;,
    &quot;deviceId&quot;: &quot;21116856&quot;,
    &quot;deviceName&quot;: &quot;m32sd10b&quot;,
    &quot;self&quot;: &quot;https://t493319102.eu-latest.cumulocity.com/devicecontrol/operations/21140023&quot;,
    &quot;id&quot;: &quot;21140023&quot;,
    &quot;status&quot;: &quot;PENDING&quot;,
    &quot;description&quot;: &quot;Apply software changes, triggered from PySys: [{'action': 'delete', 'id': '5495053', 'name': 'apple', 'url': ' ', 'version': '::fruits'}, {'action': 'delete', 'id': '5494888', 'name': 'banana', 'url': ' ', 'version': '::fruits'}, {'action': 'delete', 'id': '5475369', 'name': 'asciijump', 'url': ' ', 'version': '::apt'}, {'action': 'delete', 'id': '5495382', 'name': 'cherry', 'url': ' ', 'version': '::fruits'}, {'action': 'delete', 'id': '8018911', 'name': 'registry', 'url': ' ', 'version': '::docker'}]&quot;,
    &quot;c8y_SoftwareUpdate&quot;: [
        {
            &quot;name&quot;: &quot;apple&quot;,
            &quot;action&quot;: &quot;delete&quot;,
            &quot;id&quot;: &quot;5495053&quot;,
            &quot;version&quot;: &quot;::fruits&quot;,
            &quot;url&quot;: &quot; &quot;
        },
        {
            &quot;name&quot;: &quot;banana&quot;,
            &quot;action&quot;: &quot;delete&quot;,
            &quot;id&quot;: &quot;5494888&quot;,
            &quot;version&quot;: &quot;::fruits&quot;,
            &quot;url&quot;: &quot; &quot;
        },
        {
            &quot;name&quot;: &quot;asciijump&quot;,
            &quot;action&quot;: &quot;delete&quot;,
            &quot;id&quot;: &quot;5475369&quot;,
            &quot;version&quot;: &quot;::apt&quot;,
            &quot;url&quot;: &quot; &quot;
        },
        {
            &quot;name&quot;: &quot;cherry&quot;,
            &quot;action&quot;: &quot;delete&quot;,
            &quot;id&quot;: &quot;5495382&quot;,
            &quot;version&quot;: &quot;::fruits&quot;,
            &quot;url&quot;: &quot; &quot;
        },
        {
            &quot;name&quot;: &quot;registry&quot;,
            &quot;action&quot;: &quot;delete&quot;,
            &quot;id&quot;: &quot;8018911&quot;,
            &quot;version&quot;: &quot;::docker&quot;,
            &quot;url&quot;: &quot; &quot;
        }
    ]
}
14:31:37 INFO  Started operation: {'creationTime': '2022-07-21T14:31:36.951Z', 'deviceId': '21116856', 'deviceName': 'm32sd10b', 'self': 'https://t493319102.eu-latest.cumulocity.com/devicecontrol/operations/21140023', 'id': '21140023', 'status': 'PENDING', 'description': &quot;Apply software changes, triggered from PySys: [{'action': 'delete', 'id': '5495053', 'name': 'apple', 'url': ' ', 'version': '::fruits'}, {'action': 'delete', 'id': '5494888', 'name': 'banana', 'url': ' ', 'version': '::fruits'}, {'action': 'delete', 'id': '5475369', 'name': 'asciijump', 'url': ' ', 'version': '::apt'}, {'action': 'delete', 'id': '5495382', 'name': 'cherry', 'url': ' ', 'version': '::fruits'}, {'action': 'delete', 'id': '8018911', 'name': 'registry', 'url': ' ', 'version': '::docker'}]&quot;, 'c8y_SoftwareUpdate': [{'name': 'apple', 'action': 'delete', 'id': '5495053', 'version': '::fruits', 'url': ' '}, {'name': 'banana', 'action': 'delete', 'id': '5494888', 'version': '::fruits', 'url': ' '}, {'name': 'asciijump', 'action': 'delete', 'id': '5475369', 'version': '::apt', 'url': ' '}, {'name': 'cherry', 'action': 'delete', 'id': '5495382', 'version': '::fruits', 'url': ' '}, {'name': 'registry', 'action': 'delete', 'id': '8018911', 'version': '::docker', 'url': ' '}]}
14:31:39 INFO  State of operation 21140023 : PENDING
14:31:41 INFO  State of operation 21140023 : EXECUTING
14:31:43 INFO  State of operation 21140023 : EXECUTING
14:31:45 INFO  State of operation 21140023 : EXECUTING
14:31:48 INFO  State of operation 21140023 : EXECUTING
14:31:50 INFO  State of operation 21140023 : EXECUTING
14:31:53 INFO  State of operation 21140023 : EXECUTING
14:31:55 INFO  State of operation 21140023 : EXECUTING
14:31:58 INFO  State of operation 21140023 : EXECUTING
14:32:00 INFO  State of operation 21140023 : EXECUTING
14:32:02 INFO  State of operation 21140023 : EXECUTING
14:32:04 INFO  State of operation 21140023 : EXECUTING
14:32:07 INFO  State of operation 21140023 : EXECUTING
14:32:09 INFO  State of operation 21140023 : EXECUTING
14:32:11 INFO  State of operation 21140023 : EXECUTING
14:32:14 INFO  State of operation 21140023 : EXECUTING
14:32:16 INFO  State of operation 21140023 : EXECUTING
14:32:19 INFO  State of operation 21140023 : EXECUTING
14:32:22 INFO  State of operation 21140023 : EXECUTING
14:32:24 INFO  State of operation 21140023 : EXECUTING
14:32:26 INFO  State of operation 21140023 : EXECUTING
14:32:28 INFO  State of operation 21140023 : EXECUTING
14:32:30 INFO  State of operation 21140023 : EXECUTING
14:32:33 INFO  State of operation 21140023 : EXECUTING
14:32:35 INFO  State of operation 21140023 : EXECUTING
14:32:38 INFO  State of operation 21140023 : EXECUTING
14:32:40 INFO  State of operation 21140023 : EXECUTING
14:32:42 INFO  State of operation 21140023 : EXECUTING
14:32:44 INFO  State of operation 21140023 : EXECUTING
14:32:47 INFO  State of operation 21140023 : EXECUTING
14:32:49 INFO  State of operation 21140023 : EXECUTING
14:32:51 INFO  State of operation 21140023 : SUCCESSFUL
14:32:52 INFO  Package apple is installed
14:32:52 INFO  Assert that (True == value) with value=True ... passed
14:32:52 INFO  Package banana is installed
14:32:52 INFO  Assert that (True == value) with value=True ... passed
14:32:52 INFO  Package cherry is installed
14:32:52 INFO  Assert that (True == value) with value=True ... passed
14:32:52 INFO  Assert that (False == value) with value=False ... passed
14:32:53 INFO  Assert that (False == value) with value=False ... passed
14:32:53 INFO  
14:32:53 INFO  cleanup:
14:32:57 INFO  Executed sudo&lt;tedge_disconnect_c8y&gt;, exit status 0
14:32:57 INFO  Executed systemctl&lt;serv_mapper5&gt;, exit status 3
14:32:57 INFO  
14:32:58 INFO  Test duration: 169.14 secs
14:32:58 INFO  Test final outcome:  FAILED
14:32:58 INFO  Test outcome reason: Assert that (False == value) with value=True
14:32:58 INFO  
</system-out>
	</testcase>
</testsuite>
