<?xml version="1.0" encoding="utf-8"?>
<testsuite failures="1" name="SoftwareManagement.sm_apt_install_remove_multiple_mixed" skipped="0" tests="1" time="167.46" timestamp="2022-05-25T14:03:42">
	<testcase classname="PySysTest" name="SoftwareManagement.sm_apt_install_remove_multiple_mixed">
		<failure message="BLOCKED: SystemError: Timeout while waiting for status FAILED or SUCCESSFUL" type="BLOCKED"/>
		<system-out>14:00:54 INFO  ==============================================================
14:00:54 INFO  Id:    SoftwareManagement.sm_apt_install_remove_multiple_mixed
14:00:54 INFO  Dir:   software_management_end_to_end/
14:00:54 INFO  Title: Validate end to end behaviour for the apt plugin for multiple packages with mixed versions
14:00:54 INFO  ==============================================================
14:00:54 INFO  Using sw id database: {'asciijump': '5475369', 'robotfindskitten': '5474869', 'squirrel3': '5475279', 'rolldice': '5152439', 'moon-buggy': '5439204', 'apple': '5495053', 'banana': '5494888', 'cherry': '5495382', 'watermelon': '5494510', 'registry': '8018911', 'hello-world': '8021526', 'docker/getting-started': '8021973', 'alpine': '7991792'}
14:00:54 INFO  EnvironmentC8y Setup
14:00:55 INFO  Executed systemctl&lt;serv_mapper1&gt;, exit status 3
14:00:55 INFO  Restarting mosquitto too frequently in the last 10 seconds. It was only up for 4 seconds
14:00:55 INFO  Delaying execution by 7 seconds
14:01:16 INFO  Executed sudo&lt;tedge_connect_c8y&gt;, exit status 0, duration 13 secs
14:01:17 INFO  Executed sudo&lt;tedge_connect_c8y_test&gt;, exit status 0
14:01:17 INFO  Executed systemctl&lt;serv_mosq2&gt;, exit status 0
14:01:18 INFO  Executed systemctl&lt;serv_mapper3&gt;, exit status 0
14:01:20 INFO  State of current operation: PENDING
14:01:22 INFO  State of current operation: PENDING
14:01:24 INFO  State of current operation: PENDING
14:01:27 INFO  State of current operation: PENDING
14:01:29 INFO  State of current operation: PENDING
14:01:31 INFO  State of current operation: PENDING
14:01:33 INFO  State of current operation: PENDING
14:01:36 INFO  State of current operation: PENDING
14:01:38 INFO  State of current operation: PENDING
14:01:40 INFO  State of current operation: PENDING
14:01:43 INFO  State of current operation: PENDING
14:01:45 INFO  State of current operation: PENDING
14:01:47 INFO  State of current operation: PENDING
14:01:50 INFO  State of current operation: PENDING
14:01:52 INFO  State of current operation: PENDING
14:01:54 INFO  State of current operation: PENDING
14:01:56 INFO  State of current operation: PENDING
14:01:58 INFO  State of current operation: PENDING
14:02:01 INFO  State of current operation: PENDING
14:02:03 INFO  State of current operation: PENDING
14:02:05 INFO  State of current operation: PENDING
14:02:07 INFO  State of current operation: PENDING
14:02:10 INFO  State of current operation: PENDING
14:02:12 INFO  State of current operation: PENDING
14:02:14 INFO  State of current operation: PENDING
14:02:16 INFO  State of current operation: PENDING
14:02:19 INFO  State of current operation: PENDING
14:02:21 INFO  State of current operation: PENDING
14:02:23 INFO  State of current operation: PENDING
14:02:25 INFO  State of current operation: PENDING
14:02:28 INFO  State of current operation: PENDING
14:02:30 INFO  State of current operation: PENDING
14:02:32 INFO  State of current operation: PENDING
14:02:35 INFO  State of current operation: PENDING
14:02:37 INFO  State of current operation: PENDING
14:02:39 INFO  State of current operation: PENDING
14:02:41 INFO  State of current operation: PENDING
14:02:43 INFO  State of current operation: PENDING
14:02:46 INFO  State of current operation: PENDING
14:02:48 INFO  State of current operation: PENDING
14:02:50 INFO  State of current operation: PENDING
14:02:52 INFO  State of current operation: PENDING
14:02:55 INFO  State of current operation: PENDING
14:02:57 INFO  State of current operation: PENDING
14:02:59 INFO  State of current operation: PENDING
14:03:01 INFO  State of current operation: PENDING
14:03:04 INFO  State of current operation: PENDING
14:03:06 INFO  State of current operation: PENDING
14:03:08 INFO  State of current operation: PENDING
14:03:10 INFO  State of current operation: PENDING
14:03:13 INFO  State of current operation: PENDING
14:03:15 INFO  State of current operation: PENDING
14:03:17 INFO  State of current operation: PENDING
14:03:19 INFO  State of current operation: PENDING
14:03:22 INFO  State of current operation: PENDING
14:03:24 INFO  State of current operation: PENDING
14:03:26 INFO  State of current operation: PENDING
14:03:28 INFO  State of current operation: PENDING
14:03:31 INFO  State of current operation: PENDING
14:03:33 INFO  State of current operation: PENDING
14:03:35 INFO  State of current operation: PENDING
14:03:37 WARN  SystemError occurred while running test - Timeout while waiting for status FAILED or SUCCESSFUL
Traceback (most recent call last):
  File &quot;/home/pi/env-pysys/lib/python3.7/site-packages/pysys/baserunner.py&quot;, line 1292, in __call__
    self.testObj.setup()
  File &quot;/home/pi/actions-runner/_work/thin-edge.io/thin-edge.io/tests/PySys/software_management_end_to_end/sm_apt_install_remove_multiple_mixed/run.py&quot;, line 73, in setup
    super().setup()
  File &quot;/home/pi/actions-runner/_work/thin-edge.io/thin-edge.io/tests/PySys/software_management_end_to_end/environment_sm_management.py&quot;, line 151, in setup
    self.wait_until_end()
  File &quot;/home/pi/actions-runner/_work/thin-edge.io/thin-edge.io/tests/PySys/software_management_end_to_end/environment_sm_management.py&quot;, line 332, in wait_until_end
    self.wait_until_status(&quot;FAILED&quot;, &quot;SUCCESSFUL&quot;)
  File &quot;/home/pi/actions-runner/_work/thin-edge.io/thin-edge.io/tests/PySys/software_management_end_to_end/environment_sm_management.py&quot;, line 381, in wait_until_status
    &quot;Timeout while waiting for status %s or %s&quot; % (status, status2)
SystemError: Timeout while waiting for status FAILED or SUCCESSFUL
14:03:37 WARN  SystemError: Timeout while waiting for status FAILED or SUCCESSFUL ... blocked 
14:03:37 INFO  
14:03:37 INFO  cleanup:
14:03:41 INFO  Executed sudo&lt;tedge_disconnect_c8y&gt;, exit status 0
14:03:42 INFO  Executed systemctl&lt;serv_mapper5&gt;, exit status 3
14:03:42 INFO  
14:03:42 INFO  Test duration: 167.46 secs
14:03:42 INFO  Test final outcome:  BLOCKED
14:03:42 INFO  Test outcome reason: SystemError: Timeout while waiting for status FAILED or SUCCESSFUL
14:03:42 INFO  
</system-out>
	</testcase>
</testsuite>
