<?xml version="1.0" encoding="utf-8"?>
<testsuite failures="1" name="SoftwareManagement.sm_apt_install_remove_multiple" skipped="0" tests="1" time="139.48" timestamp="2022-07-15T08:51:16">
	<testcase classname="PySysTest" name="SoftwareManagement.sm_apt_install_remove_multiple">
		<failure message="FAILED: Assert that (False == value) with value=True (+2 other failures)" type="FAILED"/>
		<system-out>08:48:56 INFO  ==============================================================
08:48:56 INFO  Id:    SoftwareManagement.sm_apt_install_remove_multiple
08:48:56 INFO  Dir:   software_management_end_to_end/
08:48:56 INFO  Title: Validate end to end behaviour for the apt plugin for multiple packages
08:48:56 INFO  ==============================================================
08:48:56 INFO  Using sw id database: {'asciijump': '5475369', 'robotfindskitten': '5474869', 'squirrel3': '5475279', 'rolldice': '5152439', 'moon-buggy': '5439204', 'apple': '5495053', 'banana': '5494888', 'cherry': '5495382', 'watermelon': '5494510', 'registry': '8018911', 'hello-world': '8021526', 'docker/getting-started': '8021973', 'alpine': '7991792'}
08:48:56 INFO  EnvironmentC8y Setup
08:48:57 INFO  Executed systemctl&lt;serv_mapper1&gt;, exit status 3
08:48:57 INFO  Restarting mosquitto too frequently in the last 10 seconds. It was only up for 4 seconds
08:48:57 INFO  Delaying execution by 7 seconds
08:49:18 INFO  Executed sudo&lt;tedge_connect_c8y&gt;, exit status 0, duration 14 secs
08:49:19 INFO  Executed sudo&lt;tedge_connect_c8y_test&gt;, exit status 0
08:49:19 INFO  Executed systemctl&lt;serv_mosq2&gt;, exit status 0
08:49:20 INFO  Executed systemctl&lt;serv_mapper3&gt;, exit status 0
08:49:22 INFO  State of current operation: SUCCESSFUL
08:49:22 INFO  Assert that (False == value) with value=False ... passed
08:49:22 INFO  Package asciijump is installed
08:49:23 WARN  Assert that (False == value) with value=True ... failed 
08:49:23 INFO  Package squirrel3 is installed
08:49:23 WARN  Assert that (False == value) with value=True ... failed 
08:49:23 INFO  Package robotfindskitten is installed
08:49:23 WARN  Assert that (False == value) with value=True ... failed 
08:49:23 INFO  Response status: 201
08:49:23 INFO  Response to action: {
    &quot;creationTime&quot;: &quot;2022-07-15T08:49:23.930Z&quot;,
    &quot;deviceName&quot;: &quot;m32sd10b&quot;,
    &quot;deviceId&quot;: &quot;20889140&quot;,
    &quot;self&quot;: &quot;https://t493319102.eu-latest.cumulocity.com/devicecontrol/operations/20930485&quot;,
    &quot;id&quot;: &quot;20930485&quot;,
    &quot;status&quot;: &quot;PENDING&quot;,
    &quot;description&quot;: &quot;Apply software changes, triggered from PySys: [{'action': 'install', 'id': '5475369', 'name': 'asciijump', 'url': ' ', 'version': '::apt'}, {'action': 'install', 'id': '5474869', 'name': 'robotfindskitten', 'url': ' ', 'version': '::apt'}, {'action': 'install', 'id': '5475279', 'name': 'squirrel3', 'url': ' ', 'version': '::apt'}]&quot;,
    &quot;c8y_SoftwareUpdate&quot;: [
        {
            &quot;name&quot;: &quot;asciijump&quot;,
            &quot;action&quot;: &quot;install&quot;,
            &quot;id&quot;: &quot;5475369&quot;,
            &quot;version&quot;: &quot;::apt&quot;,
            &quot;url&quot;: &quot; &quot;
        },
        {
            &quot;name&quot;: &quot;robotfindskitten&quot;,
            &quot;action&quot;: &quot;install&quot;,
            &quot;id&quot;: &quot;5474869&quot;,
            &quot;version&quot;: &quot;::apt&quot;,
            &quot;url&quot;: &quot; &quot;
        },
        {
            &quot;name&quot;: &quot;squirrel3&quot;,
            &quot;action&quot;: &quot;install&quot;,
            &quot;id&quot;: &quot;5475279&quot;,
            &quot;version&quot;: &quot;::apt&quot;,
            &quot;url&quot;: &quot; &quot;
        }
    ]
}
08:49:23 INFO  Started operation: {'creationTime': '2022-07-15T08:49:23.930Z', 'deviceName': 'm32sd10b', 'deviceId': '20889140', 'self': 'https://t493319102.eu-latest.cumulocity.com/devicecontrol/operations/20930485', 'id': '20930485', 'status': 'PENDING', 'description': &quot;Apply software changes, triggered from PySys: [{'action': 'install', 'id': '5475369', 'name': 'asciijump', 'url': ' ', 'version': '::apt'}, {'action': 'install', 'id': '5474869', 'name': 'robotfindskitten', 'url': ' ', 'version': '::apt'}, {'action': 'install', 'id': '5475279', 'name': 'squirrel3', 'url': ' ', 'version': '::apt'}]&quot;, 'c8y_SoftwareUpdate': [{'name': 'asciijump', 'action': 'install', 'id': '5475369', 'version': '::apt', 'url': ' '}, {'name': 'robotfindskitten', 'action': 'install', 'id': '5474869', 'version': '::apt', 'url': ' '}, {'name': 'squirrel3', 'action': 'install', 'id': '5475279', 'version': '::apt', 'url': ' '}]}
08:49:26 INFO  State of operation 20930485 : PENDING
08:49:28 INFO  State of operation 20930485 : EXECUTING
08:49:30 INFO  State of operation 20930485 : EXECUTING
08:49:32 INFO  State of operation 20930485 : EXECUTING
08:49:35 INFO  State of operation 20930485 : EXECUTING
08:49:37 INFO  State of operation 20930485 : EXECUTING
08:49:40 INFO  State of operation 20930485 : EXECUTING
08:49:43 INFO  State of operation 20930485 : EXECUTING
08:49:45 INFO  State of operation 20930485 : EXECUTING
08:49:48 INFO  State of operation 20930485 : EXECUTING
08:49:50 INFO  State of operation 20930485 : EXECUTING
08:49:52 INFO  State of operation 20930485 : EXECUTING
08:49:54 INFO  State of operation 20930485 : EXECUTING
08:49:56 INFO  State of operation 20930485 : EXECUTING
08:49:59 INFO  State of operation 20930485 : EXECUTING
08:50:01 INFO  State of operation 20930485 : SUCCESSFUL
08:50:01 INFO  Assert that (False == value) with value=False ... passed
08:50:01 INFO  Package asciijump is installed
08:50:01 INFO  Assert that (True == value) with value=True ... passed
08:50:02 INFO  Package squirrel3 is installed
08:50:02 INFO  Assert that (True == value) with value=True ... passed
08:50:02 INFO  Package robotfindskitten is installed
08:50:02 INFO  Assert that (True == value) with value=True ... passed
08:50:02 INFO  Response status: 201
08:50:02 INFO  Response to action: {
    &quot;creationTime&quot;: &quot;2022-07-15T08:50:02.521Z&quot;,
    &quot;deviceName&quot;: &quot;m32sd10b&quot;,
    &quot;deviceId&quot;: &quot;20889140&quot;,
    &quot;self&quot;: &quot;https://t493319102.eu-latest.cumulocity.com/devicecontrol/operations/20930493&quot;,
    &quot;id&quot;: &quot;20930493&quot;,
    &quot;status&quot;: &quot;PENDING&quot;,
    &quot;description&quot;: &quot;Apply software changes, triggered from PySys: [{'action': 'delete', 'id': '5475369', 'name': 'asciijump', 'url': ' ', 'version': '::apt'}, {'action': 'delete', 'id': '5474869', 'name': 'robotfindskitten', 'url': ' ', 'version': '::apt'}, {'action': 'delete', 'id': '5475279', 'name': 'squirrel3', 'url': ' ', 'version': '::apt'}]&quot;,
    &quot;c8y_SoftwareUpdate&quot;: [
        {
            &quot;name&quot;: &quot;asciijump&quot;,
            &quot;action&quot;: &quot;delete&quot;,
            &quot;id&quot;: &quot;5475369&quot;,
            &quot;version&quot;: &quot;::apt&quot;,
            &quot;url&quot;: &quot; &quot;
        },
        {
            &quot;name&quot;: &quot;robotfindskitten&quot;,
            &quot;action&quot;: &quot;delete&quot;,
            &quot;id&quot;: &quot;5474869&quot;,
            &quot;version&quot;: &quot;::apt&quot;,
            &quot;url&quot;: &quot; &quot;
        },
        {
            &quot;name&quot;: &quot;squirrel3&quot;,
            &quot;action&quot;: &quot;delete&quot;,
            &quot;id&quot;: &quot;5475279&quot;,
            &quot;version&quot;: &quot;::apt&quot;,
            &quot;url&quot;: &quot; &quot;
        }
    ]
}
08:50:02 INFO  Started operation: {'creationTime': '2022-07-15T08:50:02.521Z', 'deviceName': 'm32sd10b', 'deviceId': '20889140', 'self': 'https://t493319102.eu-latest.cumulocity.com/devicecontrol/operations/20930493', 'id': '20930493', 'status': 'PENDING', 'description': &quot;Apply software changes, triggered from PySys: [{'action': 'delete', 'id': '5475369', 'name': 'asciijump', 'url': ' ', 'version': '::apt'}, {'action': 'delete', 'id': '5474869', 'name': 'robotfindskitten', 'url': ' ', 'version': '::apt'}, {'action': 'delete', 'id': '5475279', 'name': 'squirrel3', 'url': ' ', 'version': '::apt'}]&quot;, 'c8y_SoftwareUpdate': [{'name': 'asciijump', 'action': 'delete', 'id': '5475369', 'version': '::apt', 'url': ' '}, {'name': 'robotfindskitten', 'action': 'delete', 'id': '5474869', 'version': '::apt', 'url': ' '}, {'name': 'squirrel3', 'action': 'delete', 'id': '5475279', 'version': '::apt', 'url': ' '}]}
08:50:05 INFO  State of operation 20930493 : PENDING
08:50:07 INFO  State of operation 20930493 : EXECUTING
08:50:09 INFO  State of operation 20930493 : EXECUTING
08:50:12 INFO  State of operation 20930493 : EXECUTING
08:50:14 INFO  State of operation 20930493 : EXECUTING
08:50:16 INFO  State of operation 20930493 : EXECUTING
08:50:19 INFO  State of operation 20930493 : EXECUTING
08:50:22 INFO  State of operation 20930493 : EXECUTING
08:50:24 INFO  State of operation 20930493 : EXECUTING
08:50:27 INFO  State of operation 20930493 : EXECUTING
08:50:29 INFO  State of operation 20930493 : EXECUTING
08:50:31 INFO  State of operation 20930493 : EXECUTING
08:50:33 INFO  State of operation 20930493 : EXECUTING
08:50:35 INFO  State of operation 20930493 : EXECUTING
08:50:38 INFO  State of operation 20930493 : EXECUTING
08:50:40 INFO  State of operation 20930493 : EXECUTING
08:50:42 INFO  State of operation 20930493 : EXECUTING
08:50:45 INFO  State of operation 20930493 : EXECUTING
08:50:47 INFO  State of operation 20930493 : EXECUTING
08:50:50 INFO  State of operation 20930493 : EXECUTING
08:50:52 INFO  State of operation 20930493 : EXECUTING
08:50:54 INFO  State of operation 20930493 : EXECUTING
08:50:56 INFO  State of operation 20930493 : EXECUTING
08:50:59 INFO  State of operation 20930493 : EXECUTING
08:51:01 INFO  State of operation 20930493 : EXECUTING
08:51:04 INFO  State of operation 20930493 : EXECUTING
08:51:06 INFO  State of operation 20930493 : EXECUTING
08:51:08 INFO  State of operation 20930493 : EXECUTING
08:51:10 INFO  State of operation 20930493 : SUCCESSFUL
08:51:11 INFO  Assert that (False == value) with value=False ... passed
08:51:11 INFO  Assert that (False == value) with value=False ... passed
08:51:11 INFO  Assert that (False == value) with value=False ... passed
08:51:11 INFO  Assert that (False == value) with value=False ... passed
08:51:11 INFO  
08:51:11 INFO  cleanup:
08:51:15 INFO  Executed sudo&lt;tedge_disconnect_c8y&gt;, exit status 0
08:51:16 INFO  Executed systemctl&lt;serv_mapper5&gt;, exit status 3
08:51:16 INFO  
08:51:16 INFO  Test duration: 139.48 secs
08:51:16 INFO  Test final outcome:  FAILED
08:51:16 INFO  Test outcome reason: Assert that (False == value) with value=True (+2 other failures)
08:51:16 INFO  
</system-out>
	</testcase>
</testsuite>
