<?xml version="1.0" encoding="utf-8"?>
<testsuite failures="1" name="SoftwareManagement.sm_apt_install_remove_multiple_mixed" skipped="0" tests="1" time="179.6" timestamp="2022-06-29T13:07:41">
	<testcase classname="PySysTest" name="SoftwareManagement.sm_apt_install_remove_multiple_mixed">
		<failure message="BLOCKED: SystemError: Timeout while waiting for status SUCCESSFUL or False (+1 other failures)" type="BLOCKED"/>
		<system-out>13:04:41 INFO  ==============================================================
13:04:41 INFO  Id:    SoftwareManagement.sm_apt_install_remove_multiple_mixed
13:04:41 INFO  Dir:   software_management_end_to_end/
13:04:41 INFO  Title: Validate end to end behaviour for the apt plugin for multiple packages with mixed versions
13:04:41 INFO  ==============================================================
13:04:41 INFO  Using sw id database: {'asciijump': '5475369', 'robotfindskitten': '5474869', 'squirrel3': '5475279', 'rolldice': '5152439', 'moon-buggy': '5439204', 'apple': '5495053', 'banana': '5494888', 'cherry': '5495382', 'watermelon': '5494510', 'registry': '8018911', 'hello-world': '8021526', 'docker/getting-started': '8021973', 'alpine': '7991792'}
13:04:41 INFO  EnvironmentC8y Setup
13:04:42 INFO  Executed systemctl&lt;serv_mapper1&gt;, exit status 3
13:04:42 INFO  Restarting mosquitto too frequently in the last 10 seconds. It was only up for 4 seconds
13:04:42 INFO  Delaying execution by 7 seconds
13:05:03 INFO  Executed sudo&lt;tedge_connect_c8y&gt;, exit status 0, duration 13 secs
13:05:03 INFO  Executed sudo&lt;tedge_connect_c8y_test&gt;, exit status 0
13:05:04 INFO  Executed systemctl&lt;serv_mosq2&gt;, exit status 0
13:05:04 INFO  Executed systemctl&lt;serv_mapper3&gt;, exit status 0
13:05:06 INFO  State of current operation: SUCCESSFUL
13:05:07 INFO  Assert that (False == value) with value=False ... passed
13:05:07 INFO  Assert that (False == value) with value=False ... passed
13:05:07 INFO  Assert that (False == value) with value=False ... passed
13:05:07 INFO  Assert that (False == value) with value=False ... passed
13:05:07 INFO  Package moon-buggy is installed
13:05:08 WARN  Assert that (False == value) with value=True ... failed 
13:05:09 INFO  Response status: 201
13:05:09 INFO  Response to action: {
    &quot;delivery&quot;: {
        &quot;log&quot;: [],
        &quot;time&quot;: &quot;2022-06-29T13:05:09.248Z&quot;,
        &quot;status&quot;: &quot;PENDING&quot;
    },
    &quot;creationTime&quot;: &quot;2022-06-29T13:05:09.225Z&quot;,
    &quot;deviceId&quot;: &quot;20555040&quot;,
    &quot;deviceName&quot;: &quot;m32sd10b&quot;,
    &quot;self&quot;: &quot;https://t493319102.eu-latest.cumulocity.com/devicecontrol/operations/20610665&quot;,
    &quot;id&quot;: &quot;20610665&quot;,
    &quot;status&quot;: &quot;PENDING&quot;,
    &quot;description&quot;: &quot;Apply software changes, triggered from PySys: [{'action': 'install', 'id': '5475369', 'name': 'asciijump', 'url': ' ', 'version': '::apt'}, {'action': 'install', 'id': '5474869', 'name': 'robotfindskitten', 'url': ' ', 'version': ' '}, {'action': 'install', 'id': '5475279', 'name': 'squirrel3', 'url': ' ', 'version': '3.1-7::apt'}, {'action': 'install', 'id': '5152439', 'name': 'rolldice', 'url': ' ', 'version': '1.16-1+b1'}, {'action': 'install', 'id': '5439204', 'name': 'moon-buggy', 'url': ' ', 'version': '1:1.0.51-12'}, {'action': 'install', 'id': '5475369', 'name': 'asciijump', 'url': ' ', 'version': '::apt'}]&quot;,
    &quot;c8y_SoftwareUpdate&quot;: [
        {
            &quot;name&quot;: &quot;asciijump&quot;,
            &quot;action&quot;: &quot;install&quot;,
            &quot;id&quot;: &quot;5475369&quot;,
            &quot;version&quot;: &quot;::apt&quot;,
            &quot;url&quot;: &quot; &quot;
        },
        {
            &quot;name&quot;: &quot;robotfindskitten&quot;,
            &quot;action&quot;: &quot;install&quot;,
            &quot;id&quot;: &quot;5474869&quot;,
            &quot;version&quot;: &quot; &quot;,
            &quot;url&quot;: &quot; &quot;
        },
        {
            &quot;name&quot;: &quot;squirrel3&quot;,
            &quot;action&quot;: &quot;install&quot;,
            &quot;id&quot;: &quot;5475279&quot;,
            &quot;version&quot;: &quot;3.1-7::apt&quot;,
            &quot;url&quot;: &quot; &quot;
        },
        {
            &quot;name&quot;: &quot;rolldice&quot;,
            &quot;action&quot;: &quot;install&quot;,
            &quot;id&quot;: &quot;5152439&quot;,
            &quot;version&quot;: &quot;1.16-1+b1&quot;,
            &quot;url&quot;: &quot; &quot;
        },
        {
            &quot;name&quot;: &quot;moon-buggy&quot;,
            &quot;action&quot;: &quot;install&quot;,
            &quot;id&quot;: &quot;5439204&quot;,
            &quot;version&quot;: &quot;1:1.0.51-12&quot;,
            &quot;url&quot;: &quot; &quot;
        },
        {
            &quot;name&quot;: &quot;asciijump&quot;,
            &quot;action&quot;: &quot;install&quot;,
            &quot;id&quot;: &quot;5475369&quot;,
            &quot;version&quot;: &quot;::apt&quot;,
            &quot;url&quot;: &quot; &quot;
        }
    ]
}
13:05:09 INFO  Started operation: {'delivery': {'log': [], 'time': '2022-06-29T13:05:09.248Z', 'status': 'PENDING'}, 'creationTime': '2022-06-29T13:05:09.225Z', 'deviceId': '20555040', 'deviceName': 'm32sd10b', 'self': 'https://t493319102.eu-latest.cumulocity.com/devicecontrol/operations/20610665', 'id': '20610665', 'status': 'PENDING', 'description': &quot;Apply software changes, triggered from PySys: [{'action': 'install', 'id': '5475369', 'name': 'asciijump', 'url': ' ', 'version': '::apt'}, {'action': 'install', 'id': '5474869', 'name': 'robotfindskitten', 'url': ' ', 'version': ' '}, {'action': 'install', 'id': '5475279', 'name': 'squirrel3', 'url': ' ', 'version': '3.1-7::apt'}, {'action': 'install', 'id': '5152439', 'name': 'rolldice', 'url': ' ', 'version': '1.16-1+b1'}, {'action': 'install', 'id': '5439204', 'name': 'moon-buggy', 'url': ' ', 'version': '1:1.0.51-12'}, {'action': 'install', 'id': '5475369', 'name': 'asciijump', 'url': ' ', 'version': '::apt'}]&quot;, 'c8y_SoftwareUpdate': [{'name': 'asciijump', 'action': 'install', 'id': '5475369', 'version': '::apt', 'url': ' '}, {'name': 'robotfindskitten', 'action': 'install', 'id': '5474869', 'version': ' ', 'url': ' '}, {'name': 'squirrel3', 'action': 'install', 'id': '5475279', 'version': '3.1-7::apt', 'url': ' '}, {'name': 'rolldice', 'action': 'install', 'id': '5152439', 'version': '1.16-1+b1', 'url': ' '}, {'name': 'moon-buggy', 'action': 'install', 'id': '5439204', 'version': '1:1.0.51-12', 'url': ' '}, {'name': 'asciijump', 'action': 'install', 'id': '5475369', 'version': '::apt', 'url': ' '}]}
13:05:11 INFO  State of operation 20610665 : PENDING
13:05:13 INFO  State of operation 20610665 : EXECUTING
13:05:15 INFO  State of operation 20610665 : EXECUTING
13:05:18 INFO  State of operation 20610665 : EXECUTING
13:05:20 INFO  State of operation 20610665 : EXECUTING
13:05:22 INFO  State of operation 20610665 : EXECUTING
13:05:25 INFO  State of operation 20610665 : EXECUTING
13:05:28 INFO  State of operation 20610665 : EXECUTING
13:05:30 INFO  State of operation 20610665 : EXECUTING
13:05:33 INFO  State of operation 20610665 : EXECUTING
13:05:35 INFO  State of operation 20610665 : EXECUTING
13:05:37 INFO  State of operation 20610665 : EXECUTING
13:05:39 INFO  State of operation 20610665 : EXECUTING
13:05:42 INFO  State of operation 20610665 : EXECUTING
13:05:44 INFO  State of operation 20610665 : EXECUTING
13:05:46 INFO  State of operation 20610665 : EXECUTING
13:05:49 INFO  State of operation 20610665 : EXECUTING
13:05:52 INFO  State of operation 20610665 : EXECUTING
13:05:54 INFO  State of operation 20610665 : EXECUTING
13:05:56 INFO  State of operation 20610665 : EXECUTING
13:05:58 INFO  State of operation 20610665 : EXECUTING
13:06:01 INFO  State of operation 20610665 : EXECUTING
13:06:03 INFO  State of operation 20610665 : EXECUTING
13:06:05 INFO  State of operation 20610665 : EXECUTING
13:06:08 INFO  State of operation 20610665 : EXECUTING
13:06:10 INFO  State of operation 20610665 : EXECUTING
13:06:13 INFO  State of operation 20610665 : EXECUTING
13:06:15 INFO  State of operation 20610665 : EXECUTING
13:06:17 INFO  State of operation 20610665 : EXECUTING
13:06:19 INFO  State of operation 20610665 : EXECUTING
13:06:22 INFO  State of operation 20610665 : EXECUTING
13:06:24 INFO  State of operation 20610665 : EXECUTING
13:06:26 INFO  State of operation 20610665 : EXECUTING
13:06:29 INFO  State of operation 20610665 : EXECUTING
13:06:31 INFO  State of operation 20610665 : EXECUTING
13:06:33 INFO  State of operation 20610665 : EXECUTING
13:06:35 INFO  State of operation 20610665 : EXECUTING
13:06:38 INFO  State of operation 20610665 : EXECUTING
13:06:40 INFO  State of operation 20610665 : EXECUTING
13:06:43 INFO  State of operation 20610665 : EXECUTING
13:06:46 INFO  State of operation 20610665 : EXECUTING
13:06:48 INFO  State of operation 20610665 : EXECUTING
13:06:50 INFO  State of operation 20610665 : EXECUTING
13:06:52 INFO  State of operation 20610665 : EXECUTING
13:06:55 INFO  State of operation 20610665 : EXECUTING
13:06:57 INFO  State of operation 20610665 : EXECUTING
13:06:59 INFO  State of operation 20610665 : EXECUTING
13:07:02 INFO  State of operation 20610665 : EXECUTING
13:07:04 INFO  State of operation 20610665 : EXECUTING
13:07:06 INFO  State of operation 20610665 : EXECUTING
13:07:09 INFO  State of operation 20610665 : EXECUTING
13:07:11 INFO  State of operation 20610665 : EXECUTING
13:07:14 INFO  State of operation 20610665 : EXECUTING
13:07:16 INFO  State of operation 20610665 : EXECUTING
13:07:19 INFO  State of operation 20610665 : EXECUTING
13:07:21 INFO  State of operation 20610665 : EXECUTING
13:07:24 INFO  State of operation 20610665 : EXECUTING
13:07:27 INFO  State of operation 20610665 : EXECUTING
13:07:29 INFO  State of operation 20610665 : EXECUTING
13:07:31 INFO  State of operation 20610665 : EXECUTING
13:07:34 INFO  State of operation 20610665 : EXECUTING
13:07:36 WARN  SystemError occurred while running test - Timeout while waiting for status SUCCESSFUL or False
Traceback (most recent call last):
  File &quot;/home/pi/env-pysys/lib/python3.7/site-packages/pysys/baserunner.py&quot;, line 1294, in __call__
    self.testObj.execute()
  File &quot;/home/pi/actions-runner/_work/thin-edge.io/thin-edge.io/tests/PySys/software_management_end_to_end/sm_apt_install_remove_multiple_mixed/run.py&quot;, line 89, in execute
    self.wait_until_succcess()
  File &quot;/home/pi/actions-runner/_work/thin-edge.io/thin-edge.io/tests/PySys/software_management_end_to_end/environment_sm_management.py&quot;, line 324, in wait_until_succcess
    self.wait_until_status(&quot;SUCCESSFUL&quot;)
  File &quot;/home/pi/actions-runner/_work/thin-edge.io/thin-edge.io/tests/PySys/software_management_end_to_end/environment_sm_management.py&quot;, line 381, in wait_until_status
    &quot;Timeout while waiting for status %s or %s&quot; % (status, status2)
SystemError: Timeout while waiting for status SUCCESSFUL or False
13:07:36 WARN  SystemError: Timeout while waiting for status SUCCESSFUL or False ... blocked 
13:07:36 INFO  
13:07:36 INFO  cleanup:
13:07:40 INFO  Executed sudo&lt;tedge_disconnect_c8y&gt;, exit status 0
13:07:41 INFO  Executed systemctl&lt;serv_mapper5&gt;, exit status 3
13:07:41 INFO  
13:07:41 INFO  Test duration: 179.60 secs
13:07:41 INFO  Test final outcome:  BLOCKED
13:07:41 INFO  Test outcome reason: SystemError: Timeout while waiting for status SUCCESSFUL or False (+1 other failures)
13:07:41 INFO  
</system-out>
	</testcase>
</testsuite>
