<?xml version="1.0" encoding="utf-8"?>
<testsuite failures="1" name="SoftwareManagement.sm_apt_install_remove_multiple" skipped="0" tests="1" time="183.92" timestamp="2022-07-21T12:50:04">
	<testcase classname="PySysTest" name="SoftwareManagement.sm_apt_install_remove_multiple">
		<failure message="FAILED: Assert that (False == value) with value=True" type="FAILED"/>
		<system-out>12:47:00 INFO  ==============================================================
12:47:00 INFO  Id:    SoftwareManagement.sm_apt_install_remove_multiple
12:47:00 INFO  Dir:   software_management_end_to_end/
12:47:00 INFO  Title: Validate end to end behaviour for the apt plugin for multiple packages
12:47:00 INFO  ==============================================================
12:47:00 INFO  Using sw id database: {'asciijump': '5475369', 'robotfindskitten': '5474869', 'squirrel3': '5475279', 'rolldice': '5152439', 'moon-buggy': '5439204', 'apple': '5495053', 'banana': '5494888', 'cherry': '5495382', 'watermelon': '5494510', 'registry': '8018911', 'hello-world': '8021526', 'docker/getting-started': '8021973', 'alpine': '7991792'}
12:47:00 INFO  EnvironmentC8y Setup
12:47:01 INFO  Executed systemctl&lt;serv_mapper1&gt;, exit status 3
12:47:01 INFO  Restarting mosquitto too frequently in the last 10 seconds. It was only up for 4 seconds
12:47:01 INFO  Delaying execution by 7 seconds
12:47:22 INFO  Executed sudo&lt;tedge_connect_c8y&gt;, exit status 0, duration 14 secs
12:47:23 INFO  Executed sudo&lt;tedge_connect_c8y_test&gt;, exit status 0
12:47:23 INFO  Executed systemctl&lt;serv_mosq2&gt;, exit status 0
12:47:23 INFO  Executed systemctl&lt;serv_mapper3&gt;, exit status 0
12:47:26 INFO  State of current operation: SUCCESSFUL
12:47:26 INFO  Assert that (False == value) with value=False ... passed
12:47:26 INFO  Assert that (False == value) with value=False ... passed
12:47:27 INFO  Assert that (False == value) with value=False ... passed
12:47:27 INFO  Package robotfindskitten is installed
12:47:27 WARN  Assert that (False == value) with value=True ... failed 
12:47:27 INFO  Response status: 201
12:47:27 INFO  Response to action: {
    &quot;creationTime&quot;: &quot;2022-07-21T12:47:27.840Z&quot;,
    &quot;deviceId&quot;: &quot;21116856&quot;,
    &quot;deviceName&quot;: &quot;m32sd10b&quot;,
    &quot;self&quot;: &quot;https://t493319102.eu-latest.cumulocity.com/devicecontrol/operations/21131973&quot;,
    &quot;id&quot;: &quot;21131973&quot;,
    &quot;status&quot;: &quot;PENDING&quot;,
    &quot;description&quot;: &quot;Apply software changes, triggered from PySys: [{'action': 'install', 'id': '5475369', 'name': 'asciijump', 'url': ' ', 'version': '::apt'}, {'action': 'install', 'id': '5474869', 'name': 'robotfindskitten', 'url': ' ', 'version': '::apt'}, {'action': 'install', 'id': '5475279', 'name': 'squirrel3', 'url': ' ', 'version': '::apt'}]&quot;,
    &quot;c8y_SoftwareUpdate&quot;: [
        {
            &quot;name&quot;: &quot;asciijump&quot;,
            &quot;action&quot;: &quot;install&quot;,
            &quot;id&quot;: &quot;5475369&quot;,
            &quot;version&quot;: &quot;::apt&quot;,
            &quot;url&quot;: &quot; &quot;
        },
        {
            &quot;name&quot;: &quot;robotfindskitten&quot;,
            &quot;action&quot;: &quot;install&quot;,
            &quot;id&quot;: &quot;5474869&quot;,
            &quot;version&quot;: &quot;::apt&quot;,
            &quot;url&quot;: &quot; &quot;
        },
        {
            &quot;name&quot;: &quot;squirrel3&quot;,
            &quot;action&quot;: &quot;install&quot;,
            &quot;id&quot;: &quot;5475279&quot;,
            &quot;version&quot;: &quot;::apt&quot;,
            &quot;url&quot;: &quot; &quot;
        }
    ]
}
12:47:27 INFO  Started operation: {'creationTime': '2022-07-21T12:47:27.840Z', 'deviceId': '21116856', 'deviceName': 'm32sd10b', 'self': 'https://t493319102.eu-latest.cumulocity.com/devicecontrol/operations/21131973', 'id': '21131973', 'status': 'PENDING', 'description': &quot;Apply software changes, triggered from PySys: [{'action': 'install', 'id': '5475369', 'name': 'asciijump', 'url': ' ', 'version': '::apt'}, {'action': 'install', 'id': '5474869', 'name': 'robotfindskitten', 'url': ' ', 'version': '::apt'}, {'action': 'install', 'id': '5475279', 'name': 'squirrel3', 'url': ' ', 'version': '::apt'}]&quot;, 'c8y_SoftwareUpdate': [{'name': 'asciijump', 'action': 'install', 'id': '5475369', 'version': '::apt', 'url': ' '}, {'name': 'robotfindskitten', 'action': 'install', 'id': '5474869', 'version': '::apt', 'url': ' '}, {'name': 'squirrel3', 'action': 'install', 'id': '5475279', 'version': '::apt', 'url': ' '}]}
12:47:30 INFO  State of operation 21131973 : PENDING
12:47:32 INFO  State of operation 21131973 : EXECUTING
12:47:34 INFO  State of operation 21131973 : EXECUTING
12:47:36 INFO  State of operation 21131973 : EXECUTING
12:47:39 INFO  State of operation 21131973 : EXECUTING
12:47:41 INFO  State of operation 21131973 : EXECUTING
12:47:43 INFO  State of operation 21131973 : EXECUTING
12:47:46 INFO  State of operation 21131973 : EXECUTING
12:47:48 INFO  State of operation 21131973 : EXECUTING
12:47:51 INFO  State of operation 21131973 : EXECUTING
12:47:53 INFO  State of operation 21131973 : EXECUTING
12:47:55 INFO  State of operation 21131973 : EXECUTING
12:47:57 INFO  State of operation 21131973 : EXECUTING
12:48:00 INFO  State of operation 21131973 : EXECUTING
12:48:02 INFO  State of operation 21131973 : EXECUTING
12:48:04 INFO  State of operation 21131973 : EXECUTING
12:48:06 INFO  State of operation 21131973 : EXECUTING
12:48:09 INFO  State of operation 21131973 : EXECUTING
12:48:11 INFO  State of operation 21131973 : EXECUTING
12:48:14 INFO  State of operation 21131973 : EXECUTING
12:48:16 INFO  State of operation 21131973 : EXECUTING
12:48:18 INFO  State of operation 21131973 : EXECUTING
12:48:21 INFO  State of operation 21131973 : EXECUTING
12:48:23 INFO  State of operation 21131973 : EXECUTING
12:48:26 INFO  State of operation 21131973 : EXECUTING
12:48:28 INFO  State of operation 21131973 : EXECUTING
12:48:31 INFO  State of operation 21131973 : EXECUTING
12:48:33 INFO  State of operation 21131973 : EXECUTING
12:48:36 INFO  State of operation 21131973 : EXECUTING
12:48:38 INFO  State of operation 21131973 : EXECUTING
12:48:41 INFO  State of operation 21131973 : EXECUTING
12:48:43 INFO  State of operation 21131973 : EXECUTING
12:48:45 INFO  State of operation 21131973 : EXECUTING
12:48:47 INFO  State of operation 21131973 : EXECUTING
12:48:49 INFO  State of operation 21131973 : SUCCESSFUL
12:48:50 INFO  Assert that (False == value) with value=False ... passed
12:48:50 INFO  Package asciijump is installed
12:48:50 INFO  Assert that (True == value) with value=True ... passed
12:48:50 INFO  Package squirrel3 is installed
12:48:50 INFO  Assert that (True == value) with value=True ... passed
12:48:50 INFO  Package robotfindskitten is installed
12:48:50 INFO  Assert that (True == value) with value=True ... passed
12:48:51 INFO  Response status: 201
12:48:51 INFO  Response to action: {
    &quot;creationTime&quot;: &quot;2022-07-21T12:48:51.046Z&quot;,
    &quot;deviceId&quot;: &quot;21116856&quot;,
    &quot;deviceName&quot;: &quot;m32sd10b&quot;,
    &quot;self&quot;: &quot;https://t493319102.eu-latest.cumulocity.com/devicecontrol/operations/21131987&quot;,
    &quot;id&quot;: &quot;21131987&quot;,
    &quot;status&quot;: &quot;PENDING&quot;,
    &quot;description&quot;: &quot;Apply software changes, triggered from PySys: [{'action': 'delete', 'id': '5475369', 'name': 'asciijump', 'url': ' ', 'version': '::apt'}, {'action': 'delete', 'id': '5474869', 'name': 'robotfindskitten', 'url': ' ', 'version': '::apt'}, {'action': 'delete', 'id': '5475279', 'name': 'squirrel3', 'url': ' ', 'version': '::apt'}]&quot;,
    &quot;c8y_SoftwareUpdate&quot;: [
        {
            &quot;name&quot;: &quot;asciijump&quot;,
            &quot;action&quot;: &quot;delete&quot;,
            &quot;id&quot;: &quot;5475369&quot;,
            &quot;version&quot;: &quot;::apt&quot;,
            &quot;url&quot;: &quot; &quot;
        },
        {
            &quot;name&quot;: &quot;robotfindskitten&quot;,
            &quot;action&quot;: &quot;delete&quot;,
            &quot;id&quot;: &quot;5474869&quot;,
            &quot;version&quot;: &quot;::apt&quot;,
            &quot;url&quot;: &quot; &quot;
        },
        {
            &quot;name&quot;: &quot;squirrel3&quot;,
            &quot;action&quot;: &quot;delete&quot;,
            &quot;id&quot;: &quot;5475279&quot;,
            &quot;version&quot;: &quot;::apt&quot;,
            &quot;url&quot;: &quot; &quot;
        }
    ]
}
12:48:51 INFO  Started operation: {'creationTime': '2022-07-21T12:48:51.046Z', 'deviceId': '21116856', 'deviceName': 'm32sd10b', 'self': 'https://t493319102.eu-latest.cumulocity.com/devicecontrol/operations/21131987', 'id': '21131987', 'status': 'PENDING', 'description': &quot;Apply software changes, triggered from PySys: [{'action': 'delete', 'id': '5475369', 'name': 'asciijump', 'url': ' ', 'version': '::apt'}, {'action': 'delete', 'id': '5474869', 'name': 'robotfindskitten', 'url': ' ', 'version': '::apt'}, {'action': 'delete', 'id': '5475279', 'name': 'squirrel3', 'url': ' ', 'version': '::apt'}]&quot;, 'c8y_SoftwareUpdate': [{'name': 'asciijump', 'action': 'delete', 'id': '5475369', 'version': '::apt', 'url': ' '}, {'name': 'robotfindskitten', 'action': 'delete', 'id': '5474869', 'version': '::apt', 'url': ' '}, {'name': 'squirrel3', 'action': 'delete', 'id': '5475279', 'version': '::apt', 'url': ' '}]}
12:48:53 INFO  State of operation 21131987 : PENDING
12:48:55 INFO  State of operation 21131987 : EXECUTING
12:48:57 INFO  State of operation 21131987 : EXECUTING
12:49:00 INFO  State of operation 21131987 : EXECUTING
12:49:02 INFO  State of operation 21131987 : EXECUTING
12:49:04 INFO  State of operation 21131987 : EXECUTING
12:49:07 INFO  State of operation 21131987 : EXECUTING
12:49:09 INFO  State of operation 21131987 : EXECUTING
12:49:12 INFO  State of operation 21131987 : EXECUTING
12:49:14 INFO  State of operation 21131987 : EXECUTING
12:49:16 INFO  State of operation 21131987 : EXECUTING
12:49:19 INFO  State of operation 21131987 : EXECUTING
12:49:21 INFO  State of operation 21131987 : EXECUTING
12:49:23 INFO  State of operation 21131987 : EXECUTING
12:49:25 INFO  State of operation 21131987 : EXECUTING
12:49:28 INFO  State of operation 21131987 : EXECUTING
12:49:30 INFO  State of operation 21131987 : EXECUTING
12:49:33 INFO  State of operation 21131987 : EXECUTING
12:49:35 INFO  State of operation 21131987 : EXECUTING
12:49:38 INFO  State of operation 21131987 : EXECUTING
12:49:40 INFO  State of operation 21131987 : EXECUTING
12:49:42 INFO  State of operation 21131987 : EXECUTING
12:49:44 INFO  State of operation 21131987 : EXECUTING
12:49:46 INFO  State of operation 21131987 : EXECUTING
12:49:49 INFO  State of operation 21131987 : EXECUTING
12:49:52 INFO  State of operation 21131987 : EXECUTING
12:49:54 INFO  State of operation 21131987 : EXECUTING
12:49:56 INFO  State of operation 21131987 : EXECUTING
12:49:58 INFO  State of operation 21131987 : SUCCESSFUL
12:49:59 INFO  Assert that (False == value) with value=False ... passed
12:49:59 INFO  Assert that (False == value) with value=False ... passed
12:49:59 INFO  Assert that (False == value) with value=False ... passed
12:49:59 INFO  Assert that (False == value) with value=False ... passed
12:49:59 INFO  
12:49:59 INFO  cleanup:
12:50:03 INFO  Executed sudo&lt;tedge_disconnect_c8y&gt;, exit status 0
12:50:04 INFO  Executed systemctl&lt;serv_mapper5&gt;, exit status 3
12:50:04 INFO  
12:50:04 INFO  Test duration: 183.92 secs
12:50:04 INFO  Test final outcome:  FAILED
12:50:04 INFO  Test outcome reason: Assert that (False == value) with value=True
12:50:04 INFO  
</system-out>
	</testcase>
</testsuite>
