<?xml version="1.0" encoding="utf-8"?>
<testsuite failures="1" name="SoftwareManagement.sm_apt_install_remove_multiple_mixed" skipped="0" tests="1" time="165.55" timestamp="2022-05-23T18:07:20">
	<testcase classname="PySysTest" name="SoftwareManagement.sm_apt_install_remove_multiple_mixed">
		<failure message="BLOCKED: SystemError: Timeout while waiting for status FAILED or SUCCESSFUL" type="BLOCKED"/>
		<system-out>18:04:35 INFO  ==============================================================
18:04:35 INFO  Id:    SoftwareManagement.sm_apt_install_remove_multiple_mixed
18:04:35 INFO  Dir:   software_management_end_to_end/
18:04:35 INFO  Title: Validate end to end behaviour for the apt plugin for multiple packages with mixed versions
18:04:35 INFO  ==============================================================
18:04:35 INFO  Using sw id database: {'asciijump': '5475369', 'robotfindskitten': '5474869', 'squirrel3': '5475279', 'rolldice': '5152439', 'moon-buggy': '5439204', 'apple': '5495053', 'banana': '5494888', 'cherry': '5495382', 'watermelon': '5494510', 'registry': '8018911', 'hello-world': '8021526', 'docker/getting-started': '8021973', 'alpine': '7991792'}
18:04:35 INFO  EnvironmentC8y Setup
18:04:35 INFO  Executed systemctl&lt;serv_mapper1&gt;, exit status 3
18:04:36 INFO  Restarting mosquitto too frequently in the last 10 seconds. It was only up for 5 seconds
18:04:36 INFO  Delaying execution by 6 seconds
18:04:56 INFO  Executed sudo&lt;tedge_connect_c8y&gt;, exit status 0, duration 14 secs
18:04:56 INFO  Executed sudo&lt;tedge_connect_c8y_test&gt;, exit status 0
18:04:57 INFO  Executed systemctl&lt;serv_mosq2&gt;, exit status 0
18:04:57 INFO  Executed systemctl&lt;serv_mapper3&gt;, exit status 0
18:04:59 INFO  State of current operation: PENDING
18:05:02 INFO  State of current operation: PENDING
18:05:04 INFO  State of current operation: PENDING
18:05:06 INFO  State of current operation: PENDING
18:05:08 INFO  State of current operation: PENDING
18:05:11 INFO  State of current operation: PENDING
18:05:13 INFO  State of current operation: PENDING
18:05:15 INFO  State of current operation: PENDING
18:05:17 INFO  State of current operation: PENDING
18:05:20 INFO  State of current operation: PENDING
18:05:22 INFO  State of current operation: PENDING
18:05:24 INFO  State of current operation: PENDING
18:05:26 INFO  State of current operation: PENDING
18:05:28 INFO  State of current operation: PENDING
18:05:31 INFO  State of current operation: PENDING
18:05:33 INFO  State of current operation: PENDING
18:05:35 INFO  State of current operation: PENDING
18:05:37 INFO  State of current operation: PENDING
18:05:40 INFO  State of current operation: PENDING
18:05:42 INFO  State of current operation: PENDING
18:05:44 INFO  State of current operation: PENDING
18:05:46 INFO  State of current operation: PENDING
18:05:49 INFO  State of current operation: PENDING
18:05:51 INFO  State of current operation: PENDING
18:05:53 INFO  State of current operation: PENDING
18:05:55 INFO  State of current operation: PENDING
18:05:58 INFO  State of current operation: PENDING
18:06:00 INFO  State of current operation: PENDING
18:06:02 INFO  State of current operation: PENDING
18:06:04 INFO  State of current operation: PENDING
18:06:07 INFO  State of current operation: PENDING
18:06:09 INFO  State of current operation: PENDING
18:06:11 INFO  State of current operation: PENDING
18:06:13 INFO  State of current operation: PENDING
18:06:16 INFO  State of current operation: PENDING
18:06:18 INFO  State of current operation: PENDING
18:06:20 INFO  State of current operation: PENDING
18:06:22 INFO  State of current operation: PENDING
18:06:24 INFO  State of current operation: PENDING
18:06:27 INFO  State of current operation: PENDING
18:06:29 INFO  State of current operation: PENDING
18:06:31 INFO  State of current operation: PENDING
18:06:33 INFO  State of current operation: PENDING
18:06:36 INFO  State of current operation: PENDING
18:06:38 INFO  State of current operation: PENDING
18:06:40 INFO  State of current operation: PENDING
18:06:42 INFO  State of current operation: PENDING
18:06:45 INFO  State of current operation: PENDING
18:06:47 INFO  State of current operation: PENDING
18:06:49 INFO  State of current operation: PENDING
18:06:51 INFO  State of current operation: PENDING
18:06:54 INFO  State of current operation: PENDING
18:06:56 INFO  State of current operation: PENDING
18:06:58 INFO  State of current operation: PENDING
18:07:00 INFO  State of current operation: PENDING
18:07:02 INFO  State of current operation: PENDING
18:07:05 INFO  State of current operation: PENDING
18:07:07 INFO  State of current operation: PENDING
18:07:09 INFO  State of current operation: PENDING
18:07:12 INFO  State of current operation: PENDING
18:07:14 INFO  State of current operation: PENDING
18:07:16 WARN  SystemError occurred while running test - Timeout while waiting for status FAILED or SUCCESSFUL
Traceback (most recent call last):
  File &quot;/home/pi/env-pysys/lib/python3.7/site-packages/pysys/baserunner.py&quot;, line 1292, in __call__
    self.testObj.setup()
  File &quot;/home/pi/actions-runner/_work/thin-edge.io/thin-edge.io/tests/PySys/software_management_end_to_end/sm_apt_install_remove_multiple_mixed/run.py&quot;, line 73, in setup
    super().setup()
  File &quot;/home/pi/actions-runner/_work/thin-edge.io/thin-edge.io/tests/PySys/software_management_end_to_end/environment_sm_management.py&quot;, line 151, in setup
    self.wait_until_end()
  File &quot;/home/pi/actions-runner/_work/thin-edge.io/thin-edge.io/tests/PySys/software_management_end_to_end/environment_sm_management.py&quot;, line 332, in wait_until_end
    self.wait_until_status(&quot;FAILED&quot;, &quot;SUCCESSFUL&quot;)
  File &quot;/home/pi/actions-runner/_work/thin-edge.io/thin-edge.io/tests/PySys/software_management_end_to_end/environment_sm_management.py&quot;, line 381, in wait_until_status
    &quot;Timeout while waiting for status %s or %s&quot; % (status, status2)
SystemError: Timeout while waiting for status FAILED or SUCCESSFUL
18:07:16 WARN  SystemError: Timeout while waiting for status FAILED or SUCCESSFUL ... blocked 
18:07:16 INFO  
18:07:16 INFO  cleanup:
18:07:20 INFO  Executed sudo&lt;tedge_disconnect_c8y&gt;, exit status 0
18:07:20 INFO  Executed systemctl&lt;serv_mapper5&gt;, exit status 3
18:07:20 INFO  
18:07:20 INFO  Test duration: 165.55 secs
18:07:20 INFO  Test final outcome:  BLOCKED
18:07:20 INFO  Test outcome reason: SystemError: Timeout while waiting for status FAILED or SUCCESSFUL
18:07:20 INFO  
</system-out>
	</testcase>
</testsuite>
