<?xml version="1.0" encoding="utf-8"?>
<testsuite failures="1" name="SoftwareManagement.sm_apt_install_remove_multiple" skipped="0" tests="1" time="138.0" timestamp="2022-06-29T13:04:41">
	<testcase classname="PySysTest" name="SoftwareManagement.sm_apt_install_remove_multiple">
		<failure message="FAILED: Assert that (False == value) with value=True (+2 other failures)" type="FAILED"/>
		<system-out>13:02:23 INFO  ==============================================================
13:02:23 INFO  Id:    SoftwareManagement.sm_apt_install_remove_multiple
13:02:23 INFO  Dir:   software_management_end_to_end/
13:02:23 INFO  Title: Validate end to end behaviour for the apt plugin for multiple packages
13:02:23 INFO  ==============================================================
13:02:23 INFO  Using sw id database: {'asciijump': '5475369', 'robotfindskitten': '5474869', 'squirrel3': '5475279', 'rolldice': '5152439', 'moon-buggy': '5439204', 'apple': '5495053', 'banana': '5494888', 'cherry': '5495382', 'watermelon': '5494510', 'registry': '8018911', 'hello-world': '8021526', 'docker/getting-started': '8021973', 'alpine': '7991792'}
13:02:23 INFO  EnvironmentC8y Setup
13:02:24 INFO  Executed systemctl&lt;serv_mapper1&gt;, exit status 3
13:02:24 INFO  Restarting mosquitto too frequently in the last 10 seconds. It was only up for 4 seconds
13:02:24 INFO  Delaying execution by 7 seconds
13:02:45 INFO  Executed sudo&lt;tedge_connect_c8y&gt;, exit status 0, duration 13 secs
13:02:45 INFO  Executed sudo&lt;tedge_connect_c8y_test&gt;, exit status 0
13:02:46 INFO  Executed systemctl&lt;serv_mosq2&gt;, exit status 0
13:02:46 INFO  Executed systemctl&lt;serv_mapper3&gt;, exit status 0
13:02:49 INFO  State of current operation: SUCCESSFUL
13:02:49 INFO  Assert that (False == value) with value=False ... passed
13:02:49 INFO  Package asciijump is installed
13:02:49 WARN  Assert that (False == value) with value=True ... failed 
13:02:50 INFO  Package squirrel3 is installed
13:02:50 WARN  Assert that (False == value) with value=True ... failed 
13:02:50 INFO  Package robotfindskitten is installed
13:02:50 WARN  Assert that (False == value) with value=True ... failed 
13:02:50 INFO  Response status: 201
13:02:50 INFO  Response to action: {
    &quot;creationTime&quot;: &quot;2022-06-29T13:02:50.514Z&quot;,
    &quot;deviceId&quot;: &quot;20555040&quot;,
    &quot;deviceName&quot;: &quot;m32sd10b&quot;,
    &quot;self&quot;: &quot;https://t493319102.eu-latest.cumulocity.com/devicecontrol/operations/20610641&quot;,
    &quot;id&quot;: &quot;20610641&quot;,
    &quot;status&quot;: &quot;PENDING&quot;,
    &quot;description&quot;: &quot;Apply software changes, triggered from PySys: [{'action': 'install', 'id': '5475369', 'name': 'asciijump', 'url': ' ', 'version': '::apt'}, {'action': 'install', 'id': '5474869', 'name': 'robotfindskitten', 'url': ' ', 'version': '::apt'}, {'action': 'install', 'id': '5475279', 'name': 'squirrel3', 'url': ' ', 'version': '::apt'}]&quot;,
    &quot;c8y_SoftwareUpdate&quot;: [
        {
            &quot;name&quot;: &quot;asciijump&quot;,
            &quot;action&quot;: &quot;install&quot;,
            &quot;id&quot;: &quot;5475369&quot;,
            &quot;version&quot;: &quot;::apt&quot;,
            &quot;url&quot;: &quot; &quot;
        },
        {
            &quot;name&quot;: &quot;robotfindskitten&quot;,
            &quot;action&quot;: &quot;install&quot;,
            &quot;id&quot;: &quot;5474869&quot;,
            &quot;version&quot;: &quot;::apt&quot;,
            &quot;url&quot;: &quot; &quot;
        },
        {
            &quot;name&quot;: &quot;squirrel3&quot;,
            &quot;action&quot;: &quot;install&quot;,
            &quot;id&quot;: &quot;5475279&quot;,
            &quot;version&quot;: &quot;::apt&quot;,
            &quot;url&quot;: &quot; &quot;
        }
    ]
}
13:02:50 INFO  Started operation: {'creationTime': '2022-06-29T13:02:50.514Z', 'deviceId': '20555040', 'deviceName': 'm32sd10b', 'self': 'https://t493319102.eu-latest.cumulocity.com/devicecontrol/operations/20610641', 'id': '20610641', 'status': 'PENDING', 'description': &quot;Apply software changes, triggered from PySys: [{'action': 'install', 'id': '5475369', 'name': 'asciijump', 'url': ' ', 'version': '::apt'}, {'action': 'install', 'id': '5474869', 'name': 'robotfindskitten', 'url': ' ', 'version': '::apt'}, {'action': 'install', 'id': '5475279', 'name': 'squirrel3', 'url': ' ', 'version': '::apt'}]&quot;, 'c8y_SoftwareUpdate': [{'name': 'asciijump', 'action': 'install', 'id': '5475369', 'version': '::apt', 'url': ' '}, {'name': 'robotfindskitten', 'action': 'install', 'id': '5474869', 'version': '::apt', 'url': ' '}, {'name': 'squirrel3', 'action': 'install', 'id': '5475279', 'version': '::apt', 'url': ' '}]}
13:02:52 INFO  State of operation 20610641 : PENDING
13:02:55 INFO  State of operation 20610641 : EXECUTING
13:02:57 INFO  State of operation 20610641 : EXECUTING
13:02:59 INFO  State of operation 20610641 : EXECUTING
13:03:01 INFO  State of operation 20610641 : EXECUTING
13:03:03 INFO  State of operation 20610641 : EXECUTING
13:03:06 INFO  State of operation 20610641 : EXECUTING
13:03:09 INFO  State of operation 20610641 : EXECUTING
13:03:11 INFO  State of operation 20610641 : EXECUTING
13:03:14 INFO  State of operation 20610641 : EXECUTING
13:03:16 INFO  State of operation 20610641 : EXECUTING
13:03:18 INFO  State of operation 20610641 : EXECUTING
13:03:20 INFO  State of operation 20610641 : EXECUTING
13:03:22 INFO  State of operation 20610641 : EXECUTING
13:03:25 INFO  State of operation 20610641 : EXECUTING
13:03:27 INFO  State of operation 20610641 : SUCCESSFUL
13:03:27 INFO  Assert that (False == value) with value=False ... passed
13:03:27 INFO  Package asciijump is installed
13:03:27 INFO  Assert that (True == value) with value=True ... passed
13:03:28 INFO  Package squirrel3 is installed
13:03:28 INFO  Assert that (True == value) with value=True ... passed
13:03:28 INFO  Package robotfindskitten is installed
13:03:28 INFO  Assert that (True == value) with value=True ... passed
13:03:28 INFO  Response status: 201
13:03:28 INFO  Response to action: {
    &quot;creationTime&quot;: &quot;2022-06-29T13:03:28.481Z&quot;,
    &quot;deviceId&quot;: &quot;20555040&quot;,
    &quot;deviceName&quot;: &quot;m32sd10b&quot;,
    &quot;self&quot;: &quot;https://t493319102.eu-latest.cumulocity.com/devicecontrol/operations/20610650&quot;,
    &quot;id&quot;: &quot;20610650&quot;,
    &quot;status&quot;: &quot;PENDING&quot;,
    &quot;description&quot;: &quot;Apply software changes, triggered from PySys: [{'action': 'delete', 'id': '5475369', 'name': 'asciijump', 'url': ' ', 'version': '::apt'}, {'action': 'delete', 'id': '5474869', 'name': 'robotfindskitten', 'url': ' ', 'version': '::apt'}, {'action': 'delete', 'id': '5475279', 'name': 'squirrel3', 'url': ' ', 'version': '::apt'}]&quot;,
    &quot;c8y_SoftwareUpdate&quot;: [
        {
            &quot;name&quot;: &quot;asciijump&quot;,
            &quot;action&quot;: &quot;delete&quot;,
            &quot;id&quot;: &quot;5475369&quot;,
            &quot;version&quot;: &quot;::apt&quot;,
            &quot;url&quot;: &quot; &quot;
        },
        {
            &quot;name&quot;: &quot;robotfindskitten&quot;,
            &quot;action&quot;: &quot;delete&quot;,
            &quot;id&quot;: &quot;5474869&quot;,
            &quot;version&quot;: &quot;::apt&quot;,
            &quot;url&quot;: &quot; &quot;
        },
        {
            &quot;name&quot;: &quot;squirrel3&quot;,
            &quot;action&quot;: &quot;delete&quot;,
            &quot;id&quot;: &quot;5475279&quot;,
            &quot;version&quot;: &quot;::apt&quot;,
            &quot;url&quot;: &quot; &quot;
        }
    ]
}
13:03:28 INFO  Started operation: {'creationTime': '2022-06-29T13:03:28.481Z', 'deviceId': '20555040', 'deviceName': 'm32sd10b', 'self': 'https://t493319102.eu-latest.cumulocity.com/devicecontrol/operations/20610650', 'id': '20610650', 'status': 'PENDING', 'description': &quot;Apply software changes, triggered from PySys: [{'action': 'delete', 'id': '5475369', 'name': 'asciijump', 'url': ' ', 'version': '::apt'}, {'action': 'delete', 'id': '5474869', 'name': 'robotfindskitten', 'url': ' ', 'version': '::apt'}, {'action': 'delete', 'id': '5475279', 'name': 'squirrel3', 'url': ' ', 'version': '::apt'}]&quot;, 'c8y_SoftwareUpdate': [{'name': 'asciijump', 'action': 'delete', 'id': '5475369', 'version': '::apt', 'url': ' '}, {'name': 'robotfindskitten', 'action': 'delete', 'id': '5474869', 'version': '::apt', 'url': ' '}, {'name': 'squirrel3', 'action': 'delete', 'id': '5475279', 'version': '::apt', 'url': ' '}]}
13:03:30 INFO  State of operation 20610650 : PENDING
13:03:32 INFO  State of operation 20610650 : EXECUTING
13:03:35 INFO  State of operation 20610650 : EXECUTING
13:03:37 INFO  State of operation 20610650 : EXECUTING
13:03:39 INFO  State of operation 20610650 : EXECUTING
13:03:41 INFO  State of operation 20610650 : EXECUTING
13:03:44 INFO  State of operation 20610650 : EXECUTING
13:03:47 INFO  State of operation 20610650 : EXECUTING
13:03:49 INFO  State of operation 20610650 : EXECUTING
13:03:51 INFO  State of operation 20610650 : EXECUTING
13:03:54 INFO  State of operation 20610650 : EXECUTING
13:03:56 INFO  State of operation 20610650 : EXECUTING
13:03:58 INFO  State of operation 20610650 : EXECUTING
13:04:00 INFO  State of operation 20610650 : EXECUTING
13:04:03 INFO  State of operation 20610650 : EXECUTING
13:04:05 INFO  State of operation 20610650 : EXECUTING
13:04:07 INFO  State of operation 20610650 : EXECUTING
13:04:09 INFO  State of operation 20610650 : EXECUTING
13:04:12 INFO  State of operation 20610650 : EXECUTING
13:04:15 INFO  State of operation 20610650 : EXECUTING
13:04:17 INFO  State of operation 20610650 : EXECUTING
13:04:19 INFO  State of operation 20610650 : EXECUTING
13:04:21 INFO  State of operation 20610650 : EXECUTING
13:04:23 INFO  State of operation 20610650 : EXECUTING
13:04:26 INFO  State of operation 20610650 : EXECUTING
13:04:29 INFO  State of operation 20610650 : EXECUTING
13:04:31 INFO  State of operation 20610650 : EXECUTING
13:04:33 INFO  State of operation 20610650 : EXECUTING
13:04:35 INFO  State of operation 20610650 : SUCCESSFUL
13:04:36 INFO  Assert that (False == value) with value=False ... passed
13:04:36 INFO  Assert that (False == value) with value=False ... passed
13:04:36 INFO  Assert that (False == value) with value=False ... passed
13:04:36 INFO  Assert that (False == value) with value=False ... passed
13:04:36 INFO  
13:04:36 INFO  cleanup:
13:04:40 INFO  Executed sudo&lt;tedge_disconnect_c8y&gt;, exit status 0
13:04:41 INFO  Executed systemctl&lt;serv_mapper5&gt;, exit status 3
13:04:41 INFO  
13:04:41 INFO  Test duration: 138.00 secs
13:04:41 INFO  Test final outcome:  FAILED
13:04:41 INFO  Test outcome reason: Assert that (False == value) with value=True (+2 other failures)
13:04:41 INFO  
</system-out>
	</testcase>
</testsuite>
