<?xml version="1.0" encoding="utf-8"?>
<testsuite failures="1" name="SoftwareManagement.sm_mixed_install_remove_multiple" skipped="0" tests="1" time="167.25" timestamp="2022-07-22T01:50:56">
	<testcase classname="PySysTest" name="SoftwareManagement.sm_mixed_install_remove_multiple">
		<failure message="FAILED: Assert that (False == value) with value=True" type="FAILED"/>
		<system-out>01:48:09 INFO  ==============================================================
01:48:09 INFO  Id:    SoftwareManagement.sm_mixed_install_remove_multiple
01:48:09 INFO  Dir:   software_management_end_to_end/
01:48:09 INFO  Title: Validate end to end behaviour for the dummy-plugin for multiple packages with mixed versions
01:48:09 INFO  ==============================================================
01:48:09 INFO  Using sw id database: {'asciijump': '5475369', 'robotfindskitten': '5474869', 'squirrel3': '5475279', 'rolldice': '5152439', 'moon-buggy': '5439204', 'apple': '5495053', 'banana': '5494888', 'cherry': '5495382', 'watermelon': '5494510', 'registry': '8018911', 'hello-world': '8021526', 'docker/getting-started': '8021973', 'alpine': '7991792'}
01:48:09 INFO  EnvironmentC8y Setup
01:48:10 INFO  Executed systemctl&lt;serv_mapper1&gt;, exit status 3
01:48:10 INFO  Restarting mosquitto too frequently in the last 10 seconds. It was only up for 4 seconds
01:48:10 INFO  Delaying execution by 7 seconds
01:48:31 INFO  Executed sudo&lt;tedge_connect_c8y&gt;, exit status 0, duration 14 secs
01:48:32 INFO  Executed sudo&lt;tedge_connect_c8y_test&gt;, exit status 0
01:48:32 INFO  Executed systemctl&lt;serv_mosq2&gt;, exit status 0
01:48:33 INFO  Executed systemctl&lt;serv_mapper3&gt;, exit status 0
01:48:35 INFO  State of current operation: SUCCESSFUL
01:48:35 INFO  Package apple is installed
01:48:35 INFO  Assert that (True == value) with value=True ... passed
01:48:35 INFO  Package banana is installed
01:48:35 INFO  Assert that (True == value) with value=True ... passed
01:48:35 INFO  Package cherry is installed
01:48:35 INFO  Assert that (True == value) with value=True ... passed
01:48:36 INFO  Package asciijump is installed
01:48:36 WARN  Assert that (False == value) with value=True ... failed 
01:48:36 INFO  Assert that (False == value) with value=False ... passed
01:48:36 INFO  Response status: 201
01:48:36 INFO  Response to action: {
    &quot;creationTime&quot;: &quot;2022-07-22T01:48:36.633Z&quot;,
    &quot;deviceId&quot;: &quot;21166557&quot;,
    &quot;deviceName&quot;: &quot;m32sd10b&quot;,
    &quot;self&quot;: &quot;https://t493319102.eu-latest.cumulocity.com/devicecontrol/operations/21222164&quot;,
    &quot;id&quot;: &quot;21222164&quot;,
    &quot;status&quot;: &quot;PENDING&quot;,
    &quot;description&quot;: &quot;Apply software changes, triggered from PySys: [{'action': 'install', 'id': '5495053', 'name': 'apple', 'url': ' ', 'version': '::fruits'}, {'action': 'install', 'id': '5494888', 'name': 'banana', 'url': ' ', 'version': '::fruits'}, {'action': 'install', 'id': '5475369', 'name': 'asciijump', 'url': ' ', 'version': '::apt'}, {'action': 'install', 'id': '5495382', 'name': 'cherry', 'url': ' ', 'version': '::fruits'}, {'action': 'install', 'id': '8018911', 'name': 'registry', 'url': ' ', 'version': '::docker'}]&quot;,
    &quot;c8y_SoftwareUpdate&quot;: [
        {
            &quot;name&quot;: &quot;apple&quot;,
            &quot;action&quot;: &quot;install&quot;,
            &quot;id&quot;: &quot;5495053&quot;,
            &quot;version&quot;: &quot;::fruits&quot;,
            &quot;url&quot;: &quot; &quot;
        },
        {
            &quot;name&quot;: &quot;banana&quot;,
            &quot;action&quot;: &quot;install&quot;,
            &quot;id&quot;: &quot;5494888&quot;,
            &quot;version&quot;: &quot;::fruits&quot;,
            &quot;url&quot;: &quot; &quot;
        },
        {
            &quot;name&quot;: &quot;asciijump&quot;,
            &quot;action&quot;: &quot;install&quot;,
            &quot;id&quot;: &quot;5475369&quot;,
            &quot;version&quot;: &quot;::apt&quot;,
            &quot;url&quot;: &quot; &quot;
        },
        {
            &quot;name&quot;: &quot;cherry&quot;,
            &quot;action&quot;: &quot;install&quot;,
            &quot;id&quot;: &quot;5495382&quot;,
            &quot;version&quot;: &quot;::fruits&quot;,
            &quot;url&quot;: &quot; &quot;
        },
        {
            &quot;name&quot;: &quot;registry&quot;,
            &quot;action&quot;: &quot;install&quot;,
            &quot;id&quot;: &quot;8018911&quot;,
            &quot;version&quot;: &quot;::docker&quot;,
            &quot;url&quot;: &quot; &quot;
        }
    ]
}
01:48:36 INFO  Started operation: {'creationTime': '2022-07-22T01:48:36.633Z', 'deviceId': '21166557', 'deviceName': 'm32sd10b', 'self': 'https://t493319102.eu-latest.cumulocity.com/devicecontrol/operations/21222164', 'id': '21222164', 'status': 'PENDING', 'description': &quot;Apply software changes, triggered from PySys: [{'action': 'install', 'id': '5495053', 'name': 'apple', 'url': ' ', 'version': '::fruits'}, {'action': 'install', 'id': '5494888', 'name': 'banana', 'url': ' ', 'version': '::fruits'}, {'action': 'install', 'id': '5475369', 'name': 'asciijump', 'url': ' ', 'version': '::apt'}, {'action': 'install', 'id': '5495382', 'name': 'cherry', 'url': ' ', 'version': '::fruits'}, {'action': 'install', 'id': '8018911', 'name': 'registry', 'url': ' ', 'version': '::docker'}]&quot;, 'c8y_SoftwareUpdate': [{'name': 'apple', 'action': 'install', 'id': '5495053', 'version': '::fruits', 'url': ' '}, {'name': 'banana', 'action': 'install', 'id': '5494888', 'version': '::fruits', 'url': ' '}, {'name': 'asciijump', 'action': 'install', 'id': '5475369', 'version': '::apt', 'url': ' '}, {'name': 'cherry', 'action': 'install', 'id': '5495382', 'version': '::fruits', 'url': ' '}, {'name': 'registry', 'action': 'install', 'id': '8018911', 'version': '::docker', 'url': ' '}]}
01:48:38 INFO  State of operation 21222164 : PENDING
01:48:41 INFO  State of operation 21222164 : EXECUTING
01:48:43 INFO  State of operation 21222164 : EXECUTING
01:48:45 INFO  State of operation 21222164 : EXECUTING
01:48:47 INFO  State of operation 21222164 : EXECUTING
01:48:50 INFO  State of operation 21222164 : EXECUTING
01:48:52 INFO  State of operation 21222164 : EXECUTING
01:48:54 INFO  State of operation 21222164 : EXECUTING
01:48:57 INFO  State of operation 21222164 : EXECUTING
01:49:00 INFO  State of operation 21222164 : EXECUTING
01:49:02 INFO  State of operation 21222164 : EXECUTING
01:49:04 INFO  State of operation 21222164 : EXECUTING
01:49:07 INFO  State of operation 21222164 : EXECUTING
01:49:09 INFO  State of operation 21222164 : EXECUTING
01:49:11 INFO  State of operation 21222164 : EXECUTING
01:49:13 INFO  State of operation 21222164 : EXECUTING
01:49:16 INFO  State of operation 21222164 : EXECUTING
01:49:18 INFO  State of operation 21222164 : EXECUTING
01:49:20 INFO  State of operation 21222164 : EXECUTING
01:49:22 INFO  State of operation 21222164 : EXECUTING
01:49:25 INFO  State of operation 21222164 : EXECUTING
01:49:27 INFO  State of operation 21222164 : EXECUTING
01:49:29 INFO  State of operation 21222164 : EXECUTING
01:49:31 INFO  State of operation 21222164 : EXECUTING
01:49:34 INFO  State of operation 21222164 : EXECUTING
01:49:36 INFO  State of operation 21222164 : EXECUTING
01:49:38 INFO  State of operation 21222164 : SUCCESSFUL
01:49:38 INFO  Package apple is installed
01:49:38 INFO  Assert that (True == value) with value=True ... passed
01:49:39 INFO  Package banana is installed
01:49:39 INFO  Assert that (True == value) with value=True ... passed
01:49:39 INFO  Package cherry is installed
01:49:39 INFO  Assert that (True == value) with value=True ... passed
01:49:39 INFO  Package asciijump is installed
01:49:39 INFO  Assert that (True == value) with value=True ... passed
01:49:39 INFO  Package registry is installed
01:49:39 INFO  Assert that (True == value) with value=True ... passed
01:49:40 INFO  Response status: 201
01:49:40 INFO  Response to action: {
    &quot;creationTime&quot;: &quot;2022-07-22T01:49:40.070Z&quot;,
    &quot;deviceId&quot;: &quot;21166557&quot;,
    &quot;deviceName&quot;: &quot;m32sd10b&quot;,
    &quot;self&quot;: &quot;https://t493319102.eu-latest.cumulocity.com/devicecontrol/operations/21222174&quot;,
    &quot;id&quot;: &quot;21222174&quot;,
    &quot;status&quot;: &quot;PENDING&quot;,
    &quot;description&quot;: &quot;Apply software changes, triggered from PySys: [{'action': 'delete', 'id': '5495053', 'name': 'apple', 'url': ' ', 'version': '::fruits'}, {'action': 'delete', 'id': '5494888', 'name': 'banana', 'url': ' ', 'version': '::fruits'}, {'action': 'delete', 'id': '5475369', 'name': 'asciijump', 'url': ' ', 'version': '::apt'}, {'action': 'delete', 'id': '5495382', 'name': 'cherry', 'url': ' ', 'version': '::fruits'}, {'action': 'delete', 'id': '8018911', 'name': 'registry', 'url': ' ', 'version': '::docker'}]&quot;,
    &quot;c8y_SoftwareUpdate&quot;: [
        {
            &quot;name&quot;: &quot;apple&quot;,
            &quot;action&quot;: &quot;delete&quot;,
            &quot;id&quot;: &quot;5495053&quot;,
            &quot;version&quot;: &quot;::fruits&quot;,
            &quot;url&quot;: &quot; &quot;
        },
        {
            &quot;name&quot;: &quot;banana&quot;,
            &quot;action&quot;: &quot;delete&quot;,
            &quot;id&quot;: &quot;5494888&quot;,
            &quot;version&quot;: &quot;::fruits&quot;,
            &quot;url&quot;: &quot; &quot;
        },
        {
            &quot;name&quot;: &quot;asciijump&quot;,
            &quot;action&quot;: &quot;delete&quot;,
            &quot;id&quot;: &quot;5475369&quot;,
            &quot;version&quot;: &quot;::apt&quot;,
            &quot;url&quot;: &quot; &quot;
        },
        {
            &quot;name&quot;: &quot;cherry&quot;,
            &quot;action&quot;: &quot;delete&quot;,
            &quot;id&quot;: &quot;5495382&quot;,
            &quot;version&quot;: &quot;::fruits&quot;,
            &quot;url&quot;: &quot; &quot;
        },
        {
            &quot;name&quot;: &quot;registry&quot;,
            &quot;action&quot;: &quot;delete&quot;,
            &quot;id&quot;: &quot;8018911&quot;,
            &quot;version&quot;: &quot;::docker&quot;,
            &quot;url&quot;: &quot; &quot;
        }
    ]
}
01:49:40 INFO  Started operation: {'creationTime': '2022-07-22T01:49:40.070Z', 'deviceId': '21166557', 'deviceName': 'm32sd10b', 'self': 'https://t493319102.eu-latest.cumulocity.com/devicecontrol/operations/21222174', 'id': '21222174', 'status': 'PENDING', 'description': &quot;Apply software changes, triggered from PySys: [{'action': 'delete', 'id': '5495053', 'name': 'apple', 'url': ' ', 'version': '::fruits'}, {'action': 'delete', 'id': '5494888', 'name': 'banana', 'url': ' ', 'version': '::fruits'}, {'action': 'delete', 'id': '5475369', 'name': 'asciijump', 'url': ' ', 'version': '::apt'}, {'action': 'delete', 'id': '5495382', 'name': 'cherry', 'url': ' ', 'version': '::fruits'}, {'action': 'delete', 'id': '8018911', 'name': 'registry', 'url': ' ', 'version': '::docker'}]&quot;, 'c8y_SoftwareUpdate': [{'name': 'apple', 'action': 'delete', 'id': '5495053', 'version': '::fruits', 'url': ' '}, {'name': 'banana', 'action': 'delete', 'id': '5494888', 'version': '::fruits', 'url': ' '}, {'name': 'asciijump', 'action': 'delete', 'id': '5475369', 'version': '::apt', 'url': ' '}, {'name': 'cherry', 'action': 'delete', 'id': '5495382', 'version': '::fruits', 'url': ' '}, {'name': 'registry', 'action': 'delete', 'id': '8018911', 'version': '::docker', 'url': ' '}]}
01:49:42 INFO  State of operation 21222174 : PENDING
01:49:44 INFO  State of operation 21222174 : EXECUTING
01:49:46 INFO  State of operation 21222174 : EXECUTING
01:49:49 INFO  State of operation 21222174 : EXECUTING
01:49:51 INFO  State of operation 21222174 : EXECUTING
01:49:53 INFO  State of operation 21222174 : EXECUTING
01:49:56 INFO  State of operation 21222174 : EXECUTING
01:49:58 INFO  State of operation 21222174 : EXECUTING
01:50:01 INFO  State of operation 21222174 : EXECUTING
01:50:03 INFO  State of operation 21222174 : EXECUTING
01:50:05 INFO  State of operation 21222174 : EXECUTING
01:50:07 INFO  State of operation 21222174 : EXECUTING
01:50:10 INFO  State of operation 21222174 : EXECUTING
01:50:12 INFO  State of operation 21222174 : EXECUTING
01:50:14 INFO  State of operation 21222174 : EXECUTING
01:50:16 INFO  State of operation 21222174 : EXECUTING
01:50:21 INFO  State of operation 21222174 : EXECUTING
01:50:23 INFO  State of operation 21222174 : EXECUTING
01:50:25 INFO  State of operation 21222174 : EXECUTING
01:50:27 INFO  State of operation 21222174 : EXECUTING
01:50:30 INFO  State of operation 21222174 : EXECUTING
01:50:32 INFO  State of operation 21222174 : EXECUTING
01:50:35 INFO  State of operation 21222174 : EXECUTING
01:50:37 INFO  State of operation 21222174 : EXECUTING
01:50:39 INFO  State of operation 21222174 : EXECUTING
01:50:41 INFO  State of operation 21222174 : EXECUTING
01:50:43 INFO  State of operation 21222174 : EXECUTING
01:50:46 INFO  State of operation 21222174 : EXECUTING
01:50:48 INFO  State of operation 21222174 : EXECUTING
01:50:50 INFO  State of operation 21222174 : SUCCESSFUL
01:50:51 INFO  Package apple is installed
01:50:51 INFO  Assert that (True == value) with value=True ... passed
01:50:51 INFO  Package banana is installed
01:50:51 INFO  Assert that (True == value) with value=True ... passed
01:50:51 INFO  Package cherry is installed
01:50:51 INFO  Assert that (True == value) with value=True ... passed
01:50:51 INFO  Assert that (False == value) with value=False ... passed
01:50:52 INFO  Assert that (False == value) with value=False ... passed
01:50:52 INFO  
01:50:52 INFO  cleanup:
01:50:56 INFO  Executed sudo&lt;tedge_disconnect_c8y&gt;, exit status 0
01:50:56 INFO  Executed systemctl&lt;serv_mapper5&gt;, exit status 3
01:50:56 INFO  
01:50:56 INFO  Test duration: 167.25 secs
01:50:56 INFO  Test final outcome:  FAILED
01:50:56 INFO  Test outcome reason: Assert that (False == value) with value=True
01:50:56 INFO  
</system-out>
	</testcase>
</testsuite>
