<?xml version="1.0" encoding="utf-8"?>
<testsuite failures="1" name="SoftwareManagement.sm_mixed_install_remove_multiple" skipped="0" tests="1" time="167.2" timestamp="2022-05-23T18:21:17">
	<testcase classname="PySysTest" name="SoftwareManagement.sm_mixed_install_remove_multiple">
		<failure message="BLOCKED: SystemError: Timeout while waiting for status FAILED or SUCCESSFUL" type="BLOCKED"/>
		<system-out>18:18:29 INFO  ==============================================================
18:18:29 INFO  Id:    SoftwareManagement.sm_mixed_install_remove_multiple
18:18:29 INFO  Dir:   software_management_end_to_end/
18:18:29 INFO  Title: Validate end to end behaviour for the dummy-plugin for multiple packages with mixed versions
18:18:29 INFO  ==============================================================
18:18:29 INFO  Using sw id database: {'asciijump': '5475369', 'robotfindskitten': '5474869', 'squirrel3': '5475279', 'rolldice': '5152439', 'moon-buggy': '5439204', 'apple': '5495053', 'banana': '5494888', 'cherry': '5495382', 'watermelon': '5494510', 'registry': '8018911', 'hello-world': '8021526', 'docker/getting-started': '8021973', 'alpine': '7991792'}
18:18:29 INFO  EnvironmentC8y Setup
18:18:30 INFO  Executed systemctl&lt;serv_mapper1&gt;, exit status 3
18:18:30 INFO  Restarting mosquitto too frequently in the last 10 seconds. It was only up for 5 seconds
18:18:30 INFO  Delaying execution by 6 seconds
18:18:51 INFO  Executed sudo&lt;tedge_connect_c8y&gt;, exit status 0, duration 14 secs
18:18:51 INFO  Executed sudo&lt;tedge_connect_c8y_test&gt;, exit status 0
18:18:52 INFO  Executed systemctl&lt;serv_mosq2&gt;, exit status 0
18:18:52 INFO  Executed systemctl&lt;serv_mapper3&gt;, exit status 0
18:18:55 INFO  State of current operation: PENDING
18:18:57 INFO  State of current operation: PENDING
18:18:59 INFO  State of current operation: PENDING
18:19:01 INFO  State of current operation: PENDING
18:19:04 INFO  State of current operation: PENDING
18:19:06 INFO  State of current operation: PENDING
18:19:08 INFO  State of current operation: PENDING
18:19:10 INFO  State of current operation: PENDING
18:19:12 INFO  State of current operation: PENDING
18:19:15 INFO  State of current operation: PENDING
18:19:17 INFO  State of current operation: PENDING
18:19:19 INFO  State of current operation: PENDING
18:19:21 INFO  State of current operation: PENDING
18:19:24 INFO  State of current operation: PENDING
18:19:26 INFO  State of current operation: PENDING
18:19:28 INFO  State of current operation: PENDING
18:19:30 INFO  State of current operation: PENDING
18:19:33 INFO  State of current operation: PENDING
18:19:35 INFO  State of current operation: PENDING
18:19:37 INFO  State of current operation: PENDING
18:19:39 INFO  State of current operation: PENDING
18:19:41 INFO  State of current operation: PENDING
18:19:44 INFO  State of current operation: PENDING
18:19:46 INFO  State of current operation: PENDING
18:19:48 INFO  State of current operation: PENDING
18:19:50 INFO  State of current operation: PENDING
18:19:53 INFO  State of current operation: PENDING
18:19:55 INFO  State of current operation: PENDING
18:19:57 INFO  State of current operation: PENDING
18:20:00 INFO  State of current operation: PENDING
18:20:02 INFO  State of current operation: PENDING
18:20:04 INFO  State of current operation: PENDING
18:20:06 INFO  State of current operation: PENDING
18:20:09 INFO  State of current operation: PENDING
18:20:11 INFO  State of current operation: PENDING
18:20:13 INFO  State of current operation: PENDING
18:20:16 INFO  State of current operation: PENDING
18:20:18 INFO  State of current operation: PENDING
18:20:20 INFO  State of current operation: PENDING
18:20:23 INFO  State of current operation: PENDING
18:20:25 INFO  State of current operation: PENDING
18:20:27 INFO  State of current operation: PENDING
18:20:29 INFO  State of current operation: PENDING
18:20:32 INFO  State of current operation: PENDING
18:20:34 INFO  State of current operation: PENDING
18:20:36 INFO  State of current operation: PENDING
18:20:39 INFO  State of current operation: PENDING
18:20:41 INFO  State of current operation: PENDING
18:20:43 INFO  State of current operation: PENDING
18:20:45 INFO  State of current operation: PENDING
18:20:48 INFO  State of current operation: PENDING
18:20:50 INFO  State of current operation: PENDING
18:20:52 INFO  State of current operation: PENDING
18:20:54 INFO  State of current operation: PENDING
18:20:57 INFO  State of current operation: PENDING
18:20:59 INFO  State of current operation: PENDING
18:21:01 INFO  State of current operation: PENDING
18:21:03 INFO  State of current operation: PENDING
18:21:05 INFO  State of current operation: PENDING
18:21:08 INFO  State of current operation: PENDING
18:21:10 INFO  State of current operation: PENDING
18:21:12 WARN  SystemError occurred while running test - Timeout while waiting for status FAILED or SUCCESSFUL
Traceback (most recent call last):
  File &quot;/home/pi/env-pysys/lib/python3.7/site-packages/pysys/baserunner.py&quot;, line 1292, in __call__
    self.testObj.setup()
  File &quot;/home/pi/actions-runner/_work/thin-edge.io/thin-edge.io/tests/PySys/software_management_end_to_end/sm_mixed_install_remove_multiple/run.py&quot;, line 83, in setup
    super().setup()
  File &quot;/home/pi/actions-runner/_work/thin-edge.io/thin-edge.io/tests/PySys/software_management_end_to_end/environment_sm_management.py&quot;, line 151, in setup
    self.wait_until_end()
  File &quot;/home/pi/actions-runner/_work/thin-edge.io/thin-edge.io/tests/PySys/software_management_end_to_end/environment_sm_management.py&quot;, line 332, in wait_until_end
    self.wait_until_status(&quot;FAILED&quot;, &quot;SUCCESSFUL&quot;)
  File &quot;/home/pi/actions-runner/_work/thin-edge.io/thin-edge.io/tests/PySys/software_management_end_to_end/environment_sm_management.py&quot;, line 381, in wait_until_status
    &quot;Timeout while waiting for status %s or %s&quot; % (status, status2)
SystemError: Timeout while waiting for status FAILED or SUCCESSFUL
18:21:12 WARN  SystemError: Timeout while waiting for status FAILED or SUCCESSFUL ... blocked 
18:21:12 INFO  
18:21:12 INFO  cleanup:
18:21:16 INFO  Executed sudo&lt;tedge_disconnect_c8y&gt;, exit status 0
18:21:17 INFO  Executed systemctl&lt;serv_mapper5&gt;, exit status 3
18:21:17 INFO  
18:21:17 INFO  Test duration: 167.20 secs
18:21:17 INFO  Test final outcome:  BLOCKED
18:21:17 INFO  Test outcome reason: SystemError: Timeout while waiting for status FAILED or SUCCESSFUL
18:21:17 INFO  
</system-out>
	</testcase>
</testsuite>
