<?xml version="1.0" encoding="utf-8"?>
<testsuite failures="1" name="SoftwareManagement.sm_apt_install_remove_multiple" skipped="0" tests="1" time="139.34" timestamp="2022-07-26T17:26:31">
	<testcase classname="PySysTest" name="SoftwareManagement.sm_apt_install_remove_multiple">
		<failure message="FAILED: Assert that (False == value) with value=True (+2 other failures)" type="FAILED"/>
		<system-out>17:24:11 INFO  ==============================================================
17:24:11 INFO  Id:    SoftwareManagement.sm_apt_install_remove_multiple
17:24:11 INFO  Dir:   software_management_end_to_end/
17:24:11 INFO  Title: Validate end to end behaviour for the apt plugin for multiple packages
17:24:11 INFO  ==============================================================
17:24:11 INFO  Using sw id database: {'asciijump': '5475369', 'robotfindskitten': '5474869', 'squirrel3': '5475279', 'rolldice': '5152439', 'moon-buggy': '5439204', 'apple': '5495053', 'banana': '5494888', 'cherry': '5495382', 'watermelon': '5494510', 'registry': '8018911', 'hello-world': '8021526', 'docker/getting-started': '8021973', 'alpine': '7991792'}
17:24:11 INFO  EnvironmentC8y Setup
17:24:12 INFO  Executed systemctl&lt;serv_mapper1&gt;, exit status 3
17:24:12 INFO  Restarting mosquitto too frequently in the last 10 seconds. It was only up for 4 seconds
17:24:12 INFO  Delaying execution by 7 seconds
17:24:33 INFO  Executed sudo&lt;tedge_connect_c8y&gt;, exit status 0, duration 13 secs
17:24:33 INFO  Executed sudo&lt;tedge_connect_c8y_test&gt;, exit status 0
17:24:34 INFO  Executed systemctl&lt;serv_mosq2&gt;, exit status 0
17:24:34 INFO  Executed systemctl&lt;serv_mapper3&gt;, exit status 0
17:24:37 INFO  State of current operation: SUCCESSFUL
17:24:37 INFO  Assert that (False == value) with value=False ... passed
17:24:37 INFO  Package asciijump is installed
17:24:37 WARN  Assert that (False == value) with value=True ... failed 
17:24:38 INFO  Package squirrel3 is installed
17:24:38 WARN  Assert that (False == value) with value=True ... failed 
17:24:38 INFO  Package robotfindskitten is installed
17:24:38 WARN  Assert that (False == value) with value=True ... failed 
17:24:38 INFO  Response status: 201
17:24:38 INFO  Response to action: {
    &quot;delivery&quot;: {
        &quot;log&quot;: [],
        &quot;time&quot;: &quot;2022-07-26T17:24:38.727Z&quot;,
        &quot;status&quot;: &quot;PENDING&quot;
    },
    &quot;creationTime&quot;: &quot;2022-07-26T17:24:38.704Z&quot;,
    &quot;deviceId&quot;: &quot;21433081&quot;,
    &quot;deviceName&quot;: &quot;m32sd10b&quot;,
    &quot;self&quot;: &quot;https://t493319102.eu-latest.cumulocity.com/devicecontrol/operations/21453296&quot;,
    &quot;id&quot;: &quot;21453296&quot;,
    &quot;status&quot;: &quot;PENDING&quot;,
    &quot;description&quot;: &quot;Apply software changes, triggered from PySys: [{'action': 'install', 'id': '5475369', 'name': 'asciijump', 'url': ' ', 'version': '::apt'}, {'action': 'install', 'id': '5474869', 'name': 'robotfindskitten', 'url': ' ', 'version': '::apt'}, {'action': 'install', 'id': '5475279', 'name': 'squirrel3', 'url': ' ', 'version': '::apt'}]&quot;,
    &quot;c8y_SoftwareUpdate&quot;: [
        {
            &quot;name&quot;: &quot;asciijump&quot;,
            &quot;action&quot;: &quot;install&quot;,
            &quot;id&quot;: &quot;5475369&quot;,
            &quot;version&quot;: &quot;::apt&quot;,
            &quot;url&quot;: &quot; &quot;
        },
        {
            &quot;name&quot;: &quot;robotfindskitten&quot;,
            &quot;action&quot;: &quot;install&quot;,
            &quot;id&quot;: &quot;5474869&quot;,
            &quot;version&quot;: &quot;::apt&quot;,
            &quot;url&quot;: &quot; &quot;
        },
        {
            &quot;name&quot;: &quot;squirrel3&quot;,
            &quot;action&quot;: &quot;install&quot;,
            &quot;id&quot;: &quot;5475279&quot;,
            &quot;version&quot;: &quot;::apt&quot;,
            &quot;url&quot;: &quot; &quot;
        }
    ]
}
17:24:38 INFO  Started operation: {'delivery': {'log': [], 'time': '2022-07-26T17:24:38.727Z', 'status': 'PENDING'}, 'creationTime': '2022-07-26T17:24:38.704Z', 'deviceId': '21433081', 'deviceName': 'm32sd10b', 'self': 'https://t493319102.eu-latest.cumulocity.com/devicecontrol/operations/21453296', 'id': '21453296', 'status': 'PENDING', 'description': &quot;Apply software changes, triggered from PySys: [{'action': 'install', 'id': '5475369', 'name': 'asciijump', 'url': ' ', 'version': '::apt'}, {'action': 'install', 'id': '5474869', 'name': 'robotfindskitten', 'url': ' ', 'version': '::apt'}, {'action': 'install', 'id': '5475279', 'name': 'squirrel3', 'url': ' ', 'version': '::apt'}]&quot;, 'c8y_SoftwareUpdate': [{'name': 'asciijump', 'action': 'install', 'id': '5475369', 'version': '::apt', 'url': ' '}, {'name': 'robotfindskitten', 'action': 'install', 'id': '5474869', 'version': '::apt', 'url': ' '}, {'name': 'squirrel3', 'action': 'install', 'id': '5475279', 'version': '::apt', 'url': ' '}]}
17:24:40 INFO  State of operation 21453296 : PENDING
17:24:43 INFO  State of operation 21453296 : EXECUTING
17:24:45 INFO  State of operation 21453296 : EXECUTING
17:24:47 INFO  State of operation 21453296 : EXECUTING
17:24:49 INFO  State of operation 21453296 : EXECUTING
17:24:52 INFO  State of operation 21453296 : EXECUTING
17:24:54 INFO  State of operation 21453296 : EXECUTING
17:24:57 INFO  State of operation 21453296 : EXECUTING
17:25:00 INFO  State of operation 21453296 : EXECUTING
17:25:02 INFO  State of operation 21453296 : EXECUTING
17:25:04 INFO  State of operation 21453296 : EXECUTING
17:25:07 INFO  State of operation 21453296 : EXECUTING
17:25:09 INFO  State of operation 21453296 : EXECUTING
17:25:11 INFO  State of operation 21453296 : EXECUTING
17:25:13 INFO  State of operation 21453296 : EXECUTING
17:25:16 INFO  State of operation 21453296 : SUCCESSFUL
17:25:16 INFO  Assert that (False == value) with value=False ... passed
17:25:16 INFO  Package asciijump is installed
17:25:16 INFO  Assert that (True == value) with value=True ... passed
17:25:16 INFO  Package squirrel3 is installed
17:25:16 INFO  Assert that (True == value) with value=True ... passed
17:25:16 INFO  Package robotfindskitten is installed
17:25:16 INFO  Assert that (True == value) with value=True ... passed
17:25:17 INFO  Response status: 201
17:25:17 INFO  Response to action: {
    &quot;delivery&quot;: {
        &quot;log&quot;: [],
        &quot;time&quot;: &quot;2022-07-26T17:25:17.192Z&quot;,
        &quot;status&quot;: &quot;PENDING&quot;
    },
    &quot;creationTime&quot;: &quot;2022-07-26T17:25:17.174Z&quot;,
    &quot;deviceId&quot;: &quot;21433081&quot;,
    &quot;deviceName&quot;: &quot;m32sd10b&quot;,
    &quot;self&quot;: &quot;https://t493319102.eu-latest.cumulocity.com/devicecontrol/operations/21453308&quot;,
    &quot;id&quot;: &quot;21453308&quot;,
    &quot;status&quot;: &quot;PENDING&quot;,
    &quot;description&quot;: &quot;Apply software changes, triggered from PySys: [{'action': 'delete', 'id': '5475369', 'name': 'asciijump', 'url': ' ', 'version': '::apt'}, {'action': 'delete', 'id': '5474869', 'name': 'robotfindskitten', 'url': ' ', 'version': '::apt'}, {'action': 'delete', 'id': '5475279', 'name': 'squirrel3', 'url': ' ', 'version': '::apt'}]&quot;,
    &quot;c8y_SoftwareUpdate&quot;: [
        {
            &quot;name&quot;: &quot;asciijump&quot;,
            &quot;action&quot;: &quot;delete&quot;,
            &quot;id&quot;: &quot;5475369&quot;,
            &quot;version&quot;: &quot;::apt&quot;,
            &quot;url&quot;: &quot; &quot;
        },
        {
            &quot;name&quot;: &quot;robotfindskitten&quot;,
            &quot;action&quot;: &quot;delete&quot;,
            &quot;id&quot;: &quot;5474869&quot;,
            &quot;version&quot;: &quot;::apt&quot;,
            &quot;url&quot;: &quot; &quot;
        },
        {
            &quot;name&quot;: &quot;squirrel3&quot;,
            &quot;action&quot;: &quot;delete&quot;,
            &quot;id&quot;: &quot;5475279&quot;,
            &quot;version&quot;: &quot;::apt&quot;,
            &quot;url&quot;: &quot; &quot;
        }
    ]
}
17:25:17 INFO  Started operation: {'delivery': {'log': [], 'time': '2022-07-26T17:25:17.192Z', 'status': 'PENDING'}, 'creationTime': '2022-07-26T17:25:17.174Z', 'deviceId': '21433081', 'deviceName': 'm32sd10b', 'self': 'https://t493319102.eu-latest.cumulocity.com/devicecontrol/operations/21453308', 'id': '21453308', 'status': 'PENDING', 'description': &quot;Apply software changes, triggered from PySys: [{'action': 'delete', 'id': '5475369', 'name': 'asciijump', 'url': ' ', 'version': '::apt'}, {'action': 'delete', 'id': '5474869', 'name': 'robotfindskitten', 'url': ' ', 'version': '::apt'}, {'action': 'delete', 'id': '5475279', 'name': 'squirrel3', 'url': ' ', 'version': '::apt'}]&quot;, 'c8y_SoftwareUpdate': [{'name': 'asciijump', 'action': 'delete', 'id': '5475369', 'version': '::apt', 'url': ' '}, {'name': 'robotfindskitten', 'action': 'delete', 'id': '5474869', 'version': '::apt', 'url': ' '}, {'name': 'squirrel3', 'action': 'delete', 'id': '5475279', 'version': '::apt', 'url': ' '}]}
17:25:19 INFO  State of operation 21453308 : PENDING
17:25:21 INFO  State of operation 21453308 : EXECUTING
17:25:23 INFO  State of operation 21453308 : EXECUTING
17:25:26 INFO  State of operation 21453308 : EXECUTING
17:25:28 INFO  State of operation 21453308 : EXECUTING
17:25:30 INFO  State of operation 21453308 : EXECUTING
17:25:33 INFO  State of operation 21453308 : EXECUTING
17:25:36 INFO  State of operation 21453308 : EXECUTING
17:25:38 INFO  State of operation 21453308 : EXECUTING
17:25:40 INFO  State of operation 21453308 : EXECUTING
17:25:42 INFO  State of operation 21453308 : EXECUTING
17:25:45 INFO  State of operation 21453308 : EXECUTING
17:25:47 INFO  State of operation 21453308 : EXECUTING
17:25:49 INFO  State of operation 21453308 : EXECUTING
17:25:52 INFO  State of operation 21453308 : EXECUTING
17:25:54 INFO  State of operation 21453308 : EXECUTING
17:25:56 INFO  State of operation 21453308 : EXECUTING
17:25:59 INFO  State of operation 21453308 : EXECUTING
17:26:01 INFO  State of operation 21453308 : EXECUTING
17:26:04 INFO  State of operation 21453308 : EXECUTING
17:26:06 INFO  State of operation 21453308 : EXECUTING
17:26:08 INFO  State of operation 21453308 : EXECUTING
17:26:10 INFO  State of operation 21453308 : EXECUTING
17:26:13 INFO  State of operation 21453308 : EXECUTING
17:26:16 INFO  State of operation 21453308 : EXECUTING
17:26:18 INFO  State of operation 21453308 : EXECUTING
17:26:21 INFO  State of operation 21453308 : EXECUTING
17:26:23 INFO  State of operation 21453308 : EXECUTING
17:26:25 INFO  State of operation 21453308 : SUCCESSFUL
17:26:25 INFO  Assert that (False == value) with value=False ... passed
17:26:25 INFO  Assert that (False == value) with value=False ... passed
17:26:26 INFO  Assert that (False == value) with value=False ... passed
17:26:26 INFO  Assert that (False == value) with value=False ... passed
17:26:26 INFO  
17:26:26 INFO  cleanup:
17:26:30 INFO  Executed sudo&lt;tedge_disconnect_c8y&gt;, exit status 0
17:26:31 INFO  Executed systemctl&lt;serv_mapper5&gt;, exit status 3
17:26:31 INFO  
17:26:31 INFO  Test duration: 139.34 secs
17:26:31 INFO  Test final outcome:  FAILED
17:26:31 INFO  Test outcome reason: Assert that (False == value) with value=True (+2 other failures)
17:26:31 INFO  
</system-out>
	</testcase>
</testsuite>
