<?xml version="1.0" encoding="utf-8"?>
<testsuite failures="1" name="SoftwareManagement.sm_apt_install_fail" skipped="0" tests="1" time="166.22" timestamp="2022-05-25T12:01:02">
	<testcase classname="PySysTest" name="SoftwareManagement.sm_apt_install_fail">
		<failure message="BLOCKED: SystemError: Timeout while waiting for status FAILED or SUCCESSFUL" type="BLOCKED"/>
		<system-out>11:58:16 INFO  ==============================================================
11:58:16 INFO  Id:    SoftwareManagement.sm_apt_install_fail
11:58:16 INFO  Dir:   software_management_end_to_end/
11:58:16 INFO  Title: Validate end to end behaviour for a failing installation
11:58:16 INFO  ==============================================================
11:58:16 INFO  Using sw id database: {'asciijump': '5475369', 'robotfindskitten': '5474869', 'squirrel3': '5475279', 'rolldice': '5152439', 'moon-buggy': '5439204', 'apple': '5495053', 'banana': '5494888', 'cherry': '5495382', 'watermelon': '5494510', 'registry': '8018911', 'hello-world': '8021526', 'docker/getting-started': '8021973', 'alpine': '7991792'}
11:58:16 INFO  EnvironmentC8y Setup
11:58:16 INFO  Executed systemctl&lt;serv_mapper1&gt;, exit status 3
11:58:17 INFO  Restarting mosquitto too frequently in the last 10 seconds. It was only up for 5 seconds
11:58:17 INFO  Delaying execution by 6 seconds
11:58:37 INFO  Executed sudo&lt;tedge_connect_c8y&gt;, exit status 0, duration 14 secs
11:58:38 INFO  Executed sudo&lt;tedge_connect_c8y_test&gt;, exit status 0
11:58:38 INFO  Executed systemctl&lt;serv_mosq2&gt;, exit status 0
11:58:39 INFO  Executed systemctl&lt;serv_mapper3&gt;, exit status 0
11:58:41 INFO  State of current operation: PENDING
11:58:43 INFO  State of current operation: PENDING
11:58:45 INFO  State of current operation: PENDING
11:58:48 INFO  State of current operation: PENDING
11:58:50 INFO  State of current operation: PENDING
11:58:52 INFO  State of current operation: PENDING
11:58:54 INFO  State of current operation: PENDING
11:58:57 INFO  State of current operation: PENDING
11:58:59 INFO  State of current operation: PENDING
11:59:01 INFO  State of current operation: PENDING
11:59:03 INFO  State of current operation: PENDING
11:59:05 INFO  State of current operation: PENDING
11:59:08 INFO  State of current operation: PENDING
11:59:10 INFO  State of current operation: PENDING
11:59:12 INFO  State of current operation: PENDING
11:59:14 INFO  State of current operation: PENDING
11:59:17 INFO  State of current operation: PENDING
11:59:19 INFO  State of current operation: PENDING
11:59:21 INFO  State of current operation: PENDING
11:59:23 INFO  State of current operation: PENDING
11:59:26 INFO  State of current operation: PENDING
11:59:28 INFO  State of current operation: PENDING
11:59:30 INFO  State of current operation: PENDING
11:59:32 INFO  State of current operation: PENDING
11:59:35 INFO  State of current operation: PENDING
11:59:37 INFO  State of current operation: PENDING
11:59:39 INFO  State of current operation: PENDING
11:59:41 INFO  State of current operation: PENDING
11:59:44 INFO  State of current operation: PENDING
11:59:46 INFO  State of current operation: PENDING
11:59:48 INFO  State of current operation: PENDING
11:59:50 INFO  State of current operation: PENDING
11:59:53 INFO  State of current operation: PENDING
11:59:55 INFO  State of current operation: PENDING
11:59:57 INFO  State of current operation: PENDING
11:59:59 INFO  State of current operation: PENDING
12:00:02 INFO  State of current operation: PENDING
12:00:04 INFO  State of current operation: PENDING
12:00:06 INFO  State of current operation: PENDING
12:00:08 INFO  State of current operation: PENDING
12:00:10 INFO  State of current operation: PENDING
12:00:13 INFO  State of current operation: PENDING
12:00:15 INFO  State of current operation: PENDING
12:00:17 INFO  State of current operation: PENDING
12:00:19 INFO  State of current operation: PENDING
12:00:22 INFO  State of current operation: PENDING
12:00:24 INFO  State of current operation: PENDING
12:00:26 INFO  State of current operation: PENDING
12:00:28 INFO  State of current operation: PENDING
12:00:31 INFO  State of current operation: PENDING
12:00:33 INFO  State of current operation: PENDING
12:00:35 INFO  State of current operation: PENDING
12:00:37 INFO  State of current operation: PENDING
12:00:39 INFO  State of current operation: PENDING
12:00:42 INFO  State of current operation: PENDING
12:00:44 INFO  State of current operation: PENDING
12:00:46 INFO  State of current operation: PENDING
12:00:48 INFO  State of current operation: PENDING
12:00:51 INFO  State of current operation: PENDING
12:00:53 INFO  State of current operation: PENDING
12:00:55 INFO  State of current operation: PENDING
12:00:57 WARN  SystemError occurred while running test - Timeout while waiting for status FAILED or SUCCESSFUL
Traceback (most recent call last):
  File &quot;/home/pi/env-pysys/lib/python3.7/site-packages/pysys/baserunner.py&quot;, line 1292, in __call__
    self.testObj.setup()
  File &quot;/home/pi/actions-runner/_work/thin-edge.io/thin-edge.io/tests/PySys/software_management_end_to_end/sm_apt_install_fail/run.py&quot;, line 20, in setup
    super().setup()
  File &quot;/home/pi/actions-runner/_work/thin-edge.io/thin-edge.io/tests/PySys/software_management_end_to_end/environment_sm_management.py&quot;, line 151, in setup
    self.wait_until_end()
  File &quot;/home/pi/actions-runner/_work/thin-edge.io/thin-edge.io/tests/PySys/software_management_end_to_end/environment_sm_management.py&quot;, line 332, in wait_until_end
    self.wait_until_status(&quot;FAILED&quot;, &quot;SUCCESSFUL&quot;)
  File &quot;/home/pi/actions-runner/_work/thin-edge.io/thin-edge.io/tests/PySys/software_management_end_to_end/environment_sm_management.py&quot;, line 381, in wait_until_status
    &quot;Timeout while waiting for status %s or %s&quot; % (status, status2)
SystemError: Timeout while waiting for status FAILED or SUCCESSFUL
12:00:57 WARN  SystemError: Timeout while waiting for status FAILED or SUCCESSFUL ... blocked 
12:00:57 INFO  
12:00:57 INFO  cleanup:
12:01:01 INFO  Executed sudo&lt;tedge_disconnect_c8y&gt;, exit status 0
12:01:02 INFO  Executed systemctl&lt;serv_mapper5&gt;, exit status 3
12:01:02 INFO  
12:01:02 INFO  Test duration: 166.22 secs
12:01:02 INFO  Test final outcome:  BLOCKED
12:01:02 INFO  Test outcome reason: SystemError: Timeout while waiting for status FAILED or SUCCESSFUL
12:01:02 INFO  
</system-out>
	</testcase>
</testsuite>
