<?xml version="1.0" encoding="utf-8"?>
<testsuite failures="1" name="SoftwareManagement.sm_apt_install_download_path" skipped="0" tests="1" time="189.1" timestamp="2022-07-22T03:01:46">
	<testcase classname="AptInstallWithDownloadPath" name="SoftwareManagement.sm_apt_install_download_path">
		<failure message="BLOCKED: SystemError: Timeout while waiting for status FAILED or SUCCESSFUL" type="BLOCKED"/>
		<system-out>02:58:36 INFO  ==============================================================
02:58:36 INFO  Id:    SoftwareManagement.sm_apt_install_download_path
02:58:36 INFO  Dir:   software_management_end_to_end/
02:58:36 INFO  Title: Install package to directory specified in tedge config set tmp.path
02:58:36 INFO  ==============================================================
02:58:38 INFO  Using sw id database: {'asciijump': '5475369', 'robotfindskitten': '5474869', 'squirrel3': '5475279', 'rolldice': '5152439', 'moon-buggy': '5439204', 'apple': '5495053', 'banana': '5494888', 'cherry': '5495382', 'watermelon': '5494510', 'registry': '8018911', 'hello-world': '8021526', 'docker/getting-started': '8021973', 'alpine': '7991792'}
02:58:38 INFO  EnvironmentC8y Setup
02:58:38 INFO  Executed systemctl&lt;serv_mapper1&gt;, exit status 3
02:58:53 INFO  Executed sudo&lt;tedge_connect_c8y&gt;, exit status 0, duration 14 secs
02:58:53 INFO  Executed sudo&lt;tedge_connect_c8y_test&gt;, exit status 0
02:58:54 INFO  Executed systemctl&lt;serv_mosq2&gt;, exit status 0
02:58:54 INFO  Executed systemctl&lt;serv_mapper3&gt;, exit status 0
02:58:56 INFO  State of current operation: EXECUTING
02:58:59 INFO  State of current operation: EXECUTING
02:59:01 INFO  State of current operation: EXECUTING
02:59:03 INFO  State of current operation: EXECUTING
02:59:05 INFO  State of current operation: EXECUTING
02:59:07 INFO  State of current operation: EXECUTING
02:59:10 INFO  State of current operation: EXECUTING
02:59:12 INFO  State of current operation: EXECUTING
02:59:14 INFO  State of current operation: EXECUTING
02:59:16 INFO  State of current operation: EXECUTING
02:59:19 INFO  State of current operation: EXECUTING
02:59:21 INFO  State of current operation: EXECUTING
02:59:23 INFO  State of current operation: EXECUTING
02:59:25 INFO  State of current operation: EXECUTING
02:59:27 INFO  State of current operation: EXECUTING
02:59:30 INFO  State of current operation: EXECUTING
02:59:32 INFO  State of current operation: EXECUTING
02:59:34 INFO  State of current operation: EXECUTING
02:59:36 INFO  State of current operation: EXECUTING
02:59:38 INFO  State of current operation: EXECUTING
02:59:41 INFO  State of current operation: EXECUTING
02:59:43 INFO  State of current operation: EXECUTING
02:59:45 INFO  State of current operation: EXECUTING
02:59:47 INFO  State of current operation: EXECUTING
02:59:50 INFO  State of current operation: EXECUTING
02:59:52 INFO  State of current operation: EXECUTING
02:59:54 INFO  State of current operation: EXECUTING
02:59:56 INFO  State of current operation: EXECUTING
02:59:59 INFO  State of current operation: EXECUTING
03:00:03 INFO  State of current operation: EXECUTING
03:00:05 INFO  State of current operation: EXECUTING
03:00:07 INFO  State of current operation: EXECUTING
03:00:10 INFO  State of current operation: EXECUTING
03:00:12 INFO  State of current operation: EXECUTING
03:00:14 INFO  State of current operation: EXECUTING
03:00:16 INFO  State of current operation: EXECUTING
03:00:18 INFO  State of current operation: EXECUTING
03:00:21 INFO  State of current operation: EXECUTING
03:00:23 INFO  State of current operation: EXECUTING
03:00:25 INFO  State of current operation: EXECUTING
03:00:27 INFO  State of current operation: EXECUTING
03:00:30 INFO  State of current operation: EXECUTING
03:00:32 INFO  State of current operation: EXECUTING
03:00:34 INFO  State of current operation: EXECUTING
03:00:36 INFO  State of current operation: EXECUTING
03:00:38 INFO  State of current operation: EXECUTING
03:00:41 INFO  State of current operation: EXECUTING
03:00:43 INFO  State of current operation: EXECUTING
03:00:45 INFO  State of current operation: EXECUTING
03:00:47 INFO  State of current operation: EXECUTING
03:00:49 INFO  State of current operation: EXECUTING
03:00:52 INFO  State of current operation: EXECUTING
03:00:54 INFO  State of current operation: EXECUTING
03:00:56 INFO  State of current operation: EXECUTING
03:00:58 INFO  State of current operation: EXECUTING
03:01:01 INFO  State of current operation: EXECUTING
03:01:03 INFO  State of current operation: EXECUTING
03:01:05 INFO  State of current operation: EXECUTING
03:01:07 INFO  State of current operation: EXECUTING
03:01:10 INFO  State of current operation: EXECUTING
03:01:12 INFO  State of current operation: EXECUTING
03:01:14 WARN  SystemError occurred while running test - Timeout while waiting for status FAILED or SUCCESSFUL
Traceback (most recent call last):
  File &quot;/home/pi/env-pysys/lib/python3.7/site-packages/pysys/baserunner.py&quot;, line 1292, in __call__
    self.testObj.setup()
  File &quot;/home/pi/actions-runner/_work/thin-edge.io/thin-edge.io/tests/PySys/software_management_end_to_end/sm_apt_install_download_path/run.py&quot;, line 48, in setup
    super().setup()
  File &quot;/home/pi/actions-runner/_work/thin-edge.io/thin-edge.io/tests/PySys/software_management_end_to_end/environment_sm_management.py&quot;, line 151, in setup
    self.wait_until_end()
  File &quot;/home/pi/actions-runner/_work/thin-edge.io/thin-edge.io/tests/PySys/software_management_end_to_end/environment_sm_management.py&quot;, line 332, in wait_until_end
    self.wait_until_status(&quot;FAILED&quot;, &quot;SUCCESSFUL&quot;)
  File &quot;/home/pi/actions-runner/_work/thin-edge.io/thin-edge.io/tests/PySys/software_management_end_to_end/environment_sm_management.py&quot;, line 381, in wait_until_status
    &quot;Timeout while waiting for status %s or %s&quot; % (status, status2)
SystemError: Timeout while waiting for status FAILED or SUCCESSFUL
03:01:14 WARN  SystemError: Timeout while waiting for status FAILED or SUCCESSFUL ... blocked 
03:01:14 INFO  
03:01:14 INFO  cleanup:
03:01:14 INFO  Executed sudo, exit status 0
03:01:15 INFO  Executed sudo, exit status 0
03:01:19 INFO  Executed sudo&lt;tedge_disconnect_c8y&gt;, exit status 0
03:01:19 INFO  Restarting mosquitto too frequently in the last 10 seconds. It was only up for 4 seconds
03:01:19 INFO  Delaying execution by 7 seconds
03:01:41 INFO  Executed sudo&lt;tedge_connect_c8y&gt;, exit status 0, duration 14 secs
03:01:45 INFO  Executed sudo&lt;tedge_disconnect_c8y&gt;, exit status 0
03:01:46 INFO  Executed systemctl&lt;serv_mapper5&gt;, exit status 3
03:01:46 INFO  
03:01:46 INFO  Test duration: 189.10 secs
03:01:46 INFO  Test final outcome:  BLOCKED
03:01:46 INFO  Test outcome reason: SystemError: Timeout while waiting for status FAILED or SUCCESSFUL
03:01:46 INFO  
</system-out>
	</testcase>
</testsuite>
