<?xml version="1.0" encoding="utf-8"?>
<testsuite failures="1" name="SoftwareManagement.sm_apt_install_download_path" skipped="0" tests="1" time="187.11" timestamp="2022-05-23T16:02:47">
	<testcase classname="AptInstallWithDownloadPath" name="SoftwareManagement.sm_apt_install_download_path">
		<failure message="BLOCKED: SystemError: Timeout while waiting for status FAILED or SUCCESSFUL" type="BLOCKED"/>
		<system-out>15:59:40 INFO  ==============================================================
15:59:40 INFO  Id:    SoftwareManagement.sm_apt_install_download_path
15:59:40 INFO  Dir:   software_management_end_to_end/
15:59:40 INFO  Title: Install package to directory specified in tedge config set tmp.path
15:59:40 INFO  ==============================================================
15:59:41 INFO  Using sw id database: {'asciijump': '5475369', 'robotfindskitten': '5474869', 'squirrel3': '5475279', 'rolldice': '5152439', 'moon-buggy': '5439204', 'apple': '5495053', 'banana': '5494888', 'cherry': '5495382', 'watermelon': '5494510', 'registry': '8018911', 'hello-world': '8021526', 'docker/getting-started': '8021973', 'alpine': '7991792'}
15:59:41 INFO  EnvironmentC8y Setup
15:59:42 INFO  Executed systemctl&lt;serv_mapper1&gt;, exit status 3
15:59:56 INFO  Executed sudo&lt;tedge_connect_c8y&gt;, exit status 0, duration 13 secs
15:59:56 INFO  Executed sudo&lt;tedge_connect_c8y_test&gt;, exit status 0
15:59:57 INFO  Executed systemctl&lt;serv_mosq2&gt;, exit status 0
15:59:57 INFO  Executed systemctl&lt;serv_mapper3&gt;, exit status 0
16:00:00 INFO  State of current operation: PENDING
16:00:02 INFO  State of current operation: PENDING
16:00:04 INFO  State of current operation: PENDING
16:00:06 INFO  State of current operation: PENDING
16:00:09 INFO  State of current operation: PENDING
16:00:11 INFO  State of current operation: PENDING
16:00:13 INFO  State of current operation: PENDING
16:00:15 INFO  State of current operation: PENDING
16:00:18 INFO  State of current operation: PENDING
16:00:20 INFO  State of current operation: PENDING
16:00:22 INFO  State of current operation: PENDING
16:00:24 INFO  State of current operation: PENDING
16:00:26 INFO  State of current operation: PENDING
16:00:29 INFO  State of current operation: PENDING
16:00:31 INFO  State of current operation: PENDING
16:00:33 INFO  State of current operation: PENDING
16:00:35 INFO  State of current operation: PENDING
16:00:38 INFO  State of current operation: PENDING
16:00:40 INFO  State of current operation: PENDING
16:00:42 INFO  State of current operation: PENDING
16:00:44 INFO  State of current operation: PENDING
16:00:47 INFO  State of current operation: PENDING
16:00:49 INFO  State of current operation: PENDING
16:00:51 INFO  State of current operation: PENDING
16:00:53 INFO  State of current operation: PENDING
16:00:56 INFO  State of current operation: PENDING
16:00:58 INFO  State of current operation: PENDING
16:01:00 INFO  State of current operation: PENDING
16:01:02 INFO  State of current operation: PENDING
16:01:05 INFO  State of current operation: PENDING
16:01:07 INFO  State of current operation: PENDING
16:01:09 INFO  State of current operation: PENDING
16:01:11 INFO  State of current operation: PENDING
16:01:13 INFO  State of current operation: PENDING
16:01:16 INFO  State of current operation: PENDING
16:01:18 INFO  State of current operation: PENDING
16:01:20 INFO  State of current operation: PENDING
16:01:22 INFO  State of current operation: PENDING
16:01:25 INFO  State of current operation: PENDING
16:01:27 INFO  State of current operation: PENDING
16:01:29 INFO  State of current operation: PENDING
16:01:31 INFO  State of current operation: PENDING
16:01:33 INFO  State of current operation: PENDING
16:01:36 INFO  State of current operation: PENDING
16:01:38 INFO  State of current operation: PENDING
16:01:40 INFO  State of current operation: PENDING
16:01:43 INFO  State of current operation: PENDING
16:01:45 INFO  State of current operation: PENDING
16:01:47 INFO  State of current operation: PENDING
16:01:49 INFO  State of current operation: PENDING
16:01:52 INFO  State of current operation: PENDING
16:01:54 INFO  State of current operation: PENDING
16:01:56 INFO  State of current operation: PENDING
16:01:58 INFO  State of current operation: PENDING
16:02:00 INFO  State of current operation: PENDING
16:02:03 INFO  State of current operation: PENDING
16:02:05 INFO  State of current operation: PENDING
16:02:07 INFO  State of current operation: PENDING
16:02:09 INFO  State of current operation: PENDING
16:02:12 INFO  State of current operation: PENDING
16:02:14 INFO  State of current operation: PENDING
16:02:16 WARN  SystemError occurred while running test - Timeout while waiting for status FAILED or SUCCESSFUL
Traceback (most recent call last):
  File &quot;/home/pi/env-pysys/lib/python3.7/site-packages/pysys/baserunner.py&quot;, line 1292, in __call__
    self.testObj.setup()
  File &quot;/home/pi/actions-runner/_work/thin-edge.io/thin-edge.io/tests/PySys/software_management_end_to_end/sm_apt_install_download_path/run.py&quot;, line 48, in setup
    super().setup()
  File &quot;/home/pi/actions-runner/_work/thin-edge.io/thin-edge.io/tests/PySys/software_management_end_to_end/environment_sm_management.py&quot;, line 151, in setup
    self.wait_until_end()
  File &quot;/home/pi/actions-runner/_work/thin-edge.io/thin-edge.io/tests/PySys/software_management_end_to_end/environment_sm_management.py&quot;, line 332, in wait_until_end
    self.wait_until_status(&quot;FAILED&quot;, &quot;SUCCESSFUL&quot;)
  File &quot;/home/pi/actions-runner/_work/thin-edge.io/thin-edge.io/tests/PySys/software_management_end_to_end/environment_sm_management.py&quot;, line 381, in wait_until_status
    &quot;Timeout while waiting for status %s or %s&quot; % (status, status2)
SystemError: Timeout while waiting for status FAILED or SUCCESSFUL
16:02:16 WARN  SystemError: Timeout while waiting for status FAILED or SUCCESSFUL ... blocked 
16:02:16 INFO  
16:02:16 INFO  cleanup:
16:02:16 INFO  Executed sudo, exit status 0
16:02:17 INFO  Executed sudo, exit status 0
16:02:21 INFO  Executed sudo&lt;tedge_disconnect_c8y&gt;, exit status 0
16:02:21 INFO  Restarting mosquitto too frequently in the last 10 seconds. It was only up for 4 seconds
16:02:21 INFO  Delaying execution by 7 seconds
16:02:42 INFO  Executed sudo&lt;tedge_connect_c8y&gt;, exit status 0, duration 14 secs
16:02:47 INFO  Executed sudo&lt;tedge_disconnect_c8y&gt;, exit status 0
16:02:47 INFO  Executed systemctl&lt;serv_mapper5&gt;, exit status 3
16:02:47 INFO  
16:02:47 INFO  Test duration: 187.11 secs
16:02:47 INFO  Test final outcome:  BLOCKED
16:02:47 INFO  Test outcome reason: SystemError: Timeout while waiting for status FAILED or SUCCESSFUL
16:02:47 INFO  
</system-out>
	</testcase>
</testsuite>
