<?xml version="1.0" encoding="utf-8"?>
<testsuite failures="1" name="SoftwareManagement.sm_apt_install_remove_default" skipped="0" tests="1" time="168.1" timestamp="2022-05-23T14:30:59">
	<testcase classname="PySysTest" name="SoftwareManagement.sm_apt_install_remove_default">
		<failure message="BLOCKED: SystemError: Timeout while waiting for status FAILED or SUCCESSFUL" type="BLOCKED"/>
		<system-out>14:28:11 INFO  ==============================================================
14:28:11 INFO  Id:    SoftwareManagement.sm_apt_install_remove_default
14:28:11 INFO  Dir:   software_management_end_to_end/
14:28:11 INFO  Title: Validate end to end behaviour for the default plugin for installation and removal of packages
14:28:11 INFO  ==============================================================
14:28:11 INFO  Using sw id database: {'asciijump': '5475369', 'robotfindskitten': '5474869', 'squirrel3': '5475279', 'rolldice': '5152439', 'moon-buggy': '5439204', 'apple': '5495053', 'banana': '5494888', 'cherry': '5495382', 'watermelon': '5494510', 'registry': '8018911', 'hello-world': '8021526', 'docker/getting-started': '8021973', 'alpine': '7991792'}
14:28:11 INFO  EnvironmentC8y Setup
14:28:12 INFO  Executed systemctl&lt;serv_mapper1&gt;, exit status 3
14:28:12 INFO  Restarting mosquitto too frequently in the last 10 seconds. It was only up for 4 seconds
14:28:12 INFO  Delaying execution by 7 seconds
14:28:34 INFO  Executed sudo&lt;tedge_connect_c8y&gt;, exit status 0, duration 14 secs
14:28:34 INFO  Executed sudo&lt;tedge_connect_c8y_test&gt;, exit status 0
14:28:35 INFO  Executed systemctl&lt;serv_mosq2&gt;, exit status 0
14:28:35 INFO  Executed systemctl&lt;serv_mapper3&gt;, exit status 0
14:28:37 INFO  State of current operation: PENDING
14:28:40 INFO  State of current operation: PENDING
14:28:42 INFO  State of current operation: PENDING
14:28:44 INFO  State of current operation: PENDING
14:28:47 INFO  State of current operation: PENDING
14:28:49 INFO  State of current operation: PENDING
14:28:51 INFO  State of current operation: PENDING
14:28:53 INFO  State of current operation: PENDING
14:28:56 INFO  State of current operation: PENDING
14:28:58 INFO  State of current operation: PENDING
14:29:00 INFO  State of current operation: PENDING
14:29:02 INFO  State of current operation: PENDING
14:29:05 INFO  State of current operation: PENDING
14:29:07 INFO  State of current operation: PENDING
14:29:09 INFO  State of current operation: PENDING
14:29:12 INFO  State of current operation: PENDING
14:29:14 INFO  State of current operation: PENDING
14:29:16 INFO  State of current operation: PENDING
14:29:18 INFO  State of current operation: PENDING
14:29:20 INFO  State of current operation: PENDING
14:29:23 INFO  State of current operation: PENDING
14:29:25 INFO  State of current operation: PENDING
14:29:27 INFO  State of current operation: PENDING
14:29:29 INFO  State of current operation: PENDING
14:29:32 INFO  State of current operation: PENDING
14:29:34 INFO  State of current operation: PENDING
14:29:36 INFO  State of current operation: PENDING
14:29:38 INFO  State of current operation: PENDING
14:29:41 INFO  State of current operation: PENDING
14:29:43 INFO  State of current operation: PENDING
14:29:45 INFO  State of current operation: PENDING
14:29:47 INFO  State of current operation: PENDING
14:29:50 INFO  State of current operation: PENDING
14:29:52 INFO  State of current operation: PENDING
14:29:54 INFO  State of current operation: PENDING
14:29:56 INFO  State of current operation: PENDING
14:29:59 INFO  State of current operation: PENDING
14:30:01 INFO  State of current operation: PENDING
14:30:03 INFO  State of current operation: PENDING
14:30:05 INFO  State of current operation: PENDING
14:30:08 INFO  State of current operation: PENDING
14:30:10 INFO  State of current operation: PENDING
14:30:12 INFO  State of current operation: PENDING
14:30:14 INFO  State of current operation: PENDING
14:30:17 INFO  State of current operation: PENDING
14:30:19 INFO  State of current operation: PENDING
14:30:21 INFO  State of current operation: PENDING
14:30:23 INFO  State of current operation: PENDING
14:30:26 INFO  State of current operation: PENDING
14:30:28 INFO  State of current operation: PENDING
14:30:30 INFO  State of current operation: PENDING
14:30:32 INFO  State of current operation: PENDING
14:30:34 INFO  State of current operation: PENDING
14:30:37 INFO  State of current operation: PENDING
14:30:39 INFO  State of current operation: PENDING
14:30:41 INFO  State of current operation: PENDING
14:30:43 INFO  State of current operation: PENDING
14:30:46 INFO  State of current operation: PENDING
14:30:48 INFO  State of current operation: PENDING
14:30:50 INFO  State of current operation: PENDING
14:30:52 INFO  State of current operation: PENDING
14:30:54 WARN  SystemError occurred while running test - Timeout while waiting for status FAILED or SUCCESSFUL
Traceback (most recent call last):
  File &quot;/home/pi/env-pysys/lib/python3.7/site-packages/pysys/baserunner.py&quot;, line 1292, in __call__
    self.testObj.setup()
  File &quot;/home/pi/actions-runner/_work/thin-edge.io/thin-edge.io/tests/PySys/software_management_end_to_end/sm_apt_install_remove_default/run.py&quot;, line 26, in setup
    super().setup()
  File &quot;/home/pi/actions-runner/_work/thin-edge.io/thin-edge.io/tests/PySys/software_management_end_to_end/environment_sm_management.py&quot;, line 151, in setup
    self.wait_until_end()
  File &quot;/home/pi/actions-runner/_work/thin-edge.io/thin-edge.io/tests/PySys/software_management_end_to_end/environment_sm_management.py&quot;, line 332, in wait_until_end
    self.wait_until_status(&quot;FAILED&quot;, &quot;SUCCESSFUL&quot;)
  File &quot;/home/pi/actions-runner/_work/thin-edge.io/thin-edge.io/tests/PySys/software_management_end_to_end/environment_sm_management.py&quot;, line 381, in wait_until_status
    &quot;Timeout while waiting for status %s or %s&quot; % (status, status2)
SystemError: Timeout while waiting for status FAILED or SUCCESSFUL
14:30:54 WARN  SystemError: Timeout while waiting for status FAILED or SUCCESSFUL ... blocked 
14:30:54 INFO  
14:30:54 INFO  cleanup:
14:30:59 INFO  Executed sudo&lt;tedge_disconnect_c8y&gt;, exit status 0
14:30:59 INFO  Executed systemctl&lt;serv_mapper5&gt;, exit status 3
14:30:59 INFO  
14:30:59 INFO  Test duration: 168.10 secs
14:30:59 INFO  Test final outcome:  BLOCKED
14:30:59 INFO  Test outcome reason: SystemError: Timeout while waiting for status FAILED or SUCCESSFUL
14:30:59 INFO  
</system-out>
	</testcase>
</testsuite>
