<?xml version="1.0" encoding="utf-8"?>
<testsuite failures="1" name="SoftwareManagement.sm_mixed_install_remove_multiple" skipped="0" tests="1" time="167.63" timestamp="2022-07-25T09:42:38">
	<testcase classname="PySysTest" name="SoftwareManagement.sm_mixed_install_remove_multiple">
		<failure message="FAILED: Assert that (False == value) with value=True" type="FAILED"/>
		<system-out>09:39:50 INFO  ==============================================================
09:39:50 INFO  Id:    SoftwareManagement.sm_mixed_install_remove_multiple
09:39:50 INFO  Dir:   software_management_end_to_end/
09:39:50 INFO  Title: Validate end to end behaviour for the dummy-plugin for multiple packages with mixed versions
09:39:50 INFO  ==============================================================
09:39:50 INFO  Using sw id database: {'asciijump': '5475369', 'robotfindskitten': '5474869', 'squirrel3': '5475279', 'rolldice': '5152439', 'moon-buggy': '5439204', 'apple': '5495053', 'banana': '5494888', 'cherry': '5495382', 'watermelon': '5494510', 'registry': '8018911', 'hello-world': '8021526', 'docker/getting-started': '8021973', 'alpine': '7991792'}
09:39:50 INFO  EnvironmentC8y Setup
09:39:51 INFO  Executed systemctl&lt;serv_mapper1&gt;, exit status 3
09:39:51 INFO  Restarting mosquitto too frequently in the last 10 seconds. It was only up for 4 seconds
09:39:51 INFO  Delaying execution by 7 seconds
09:40:14 INFO  Executed sudo&lt;tedge_connect_c8y&gt;, exit status 0, duration 16 secs
09:40:15 INFO  Executed sudo&lt;tedge_connect_c8y_test&gt;, exit status 0
09:40:15 INFO  Executed systemctl&lt;serv_mosq2&gt;, exit status 0
09:40:16 INFO  Executed systemctl&lt;serv_mapper3&gt;, exit status 0
09:40:18 INFO  State of current operation: SUCCESSFUL
09:40:18 INFO  Package apple is installed
09:40:18 INFO  Assert that (True == value) with value=True ... passed
09:40:18 INFO  Package banana is installed
09:40:18 INFO  Assert that (True == value) with value=True ... passed
09:40:19 INFO  Package cherry is installed
09:40:19 INFO  Assert that (True == value) with value=True ... passed
09:40:19 INFO  Package asciijump is installed
09:40:19 WARN  Assert that (False == value) with value=True ... failed 
09:40:19 INFO  Assert that (False == value) with value=False ... passed
09:40:19 INFO  Response status: 201
09:40:19 INFO  Response to action: {
    &quot;creationTime&quot;: &quot;2022-07-25T09:40:19.685Z&quot;,
    &quot;deviceId&quot;: &quot;21309491&quot;,
    &quot;deviceName&quot;: &quot;m32sd10b&quot;,
    &quot;self&quot;: &quot;https://t493319102.eu-latest.cumulocity.com/devicecontrol/operations/21368613&quot;,
    &quot;id&quot;: &quot;21368613&quot;,
    &quot;status&quot;: &quot;PENDING&quot;,
    &quot;description&quot;: &quot;Apply software changes, triggered from PySys: [{'action': 'install', 'id': '5495053', 'name': 'apple', 'url': ' ', 'version': '::fruits'}, {'action': 'install', 'id': '5494888', 'name': 'banana', 'url': ' ', 'version': '::fruits'}, {'action': 'install', 'id': '5475369', 'name': 'asciijump', 'url': ' ', 'version': '::apt'}, {'action': 'install', 'id': '5495382', 'name': 'cherry', 'url': ' ', 'version': '::fruits'}, {'action': 'install', 'id': '8018911', 'name': 'registry', 'url': ' ', 'version': '::docker'}]&quot;,
    &quot;c8y_SoftwareUpdate&quot;: [
        {
            &quot;name&quot;: &quot;apple&quot;,
            &quot;action&quot;: &quot;install&quot;,
            &quot;id&quot;: &quot;5495053&quot;,
            &quot;version&quot;: &quot;::fruits&quot;,
            &quot;url&quot;: &quot; &quot;
        },
        {
            &quot;name&quot;: &quot;banana&quot;,
            &quot;action&quot;: &quot;install&quot;,
            &quot;id&quot;: &quot;5494888&quot;,
            &quot;version&quot;: &quot;::fruits&quot;,
            &quot;url&quot;: &quot; &quot;
        },
        {
            &quot;name&quot;: &quot;asciijump&quot;,
            &quot;action&quot;: &quot;install&quot;,
            &quot;id&quot;: &quot;5475369&quot;,
            &quot;version&quot;: &quot;::apt&quot;,
            &quot;url&quot;: &quot; &quot;
        },
        {
            &quot;name&quot;: &quot;cherry&quot;,
            &quot;action&quot;: &quot;install&quot;,
            &quot;id&quot;: &quot;5495382&quot;,
            &quot;version&quot;: &quot;::fruits&quot;,
            &quot;url&quot;: &quot; &quot;
        },
        {
            &quot;name&quot;: &quot;registry&quot;,
            &quot;action&quot;: &quot;install&quot;,
            &quot;id&quot;: &quot;8018911&quot;,
            &quot;version&quot;: &quot;::docker&quot;,
            &quot;url&quot;: &quot; &quot;
        }
    ]
}
09:40:19 INFO  Started operation: {'creationTime': '2022-07-25T09:40:19.685Z', 'deviceId': '21309491', 'deviceName': 'm32sd10b', 'self': 'https://t493319102.eu-latest.cumulocity.com/devicecontrol/operations/21368613', 'id': '21368613', 'status': 'PENDING', 'description': &quot;Apply software changes, triggered from PySys: [{'action': 'install', 'id': '5495053', 'name': 'apple', 'url': ' ', 'version': '::fruits'}, {'action': 'install', 'id': '5494888', 'name': 'banana', 'url': ' ', 'version': '::fruits'}, {'action': 'install', 'id': '5475369', 'name': 'asciijump', 'url': ' ', 'version': '::apt'}, {'action': 'install', 'id': '5495382', 'name': 'cherry', 'url': ' ', 'version': '::fruits'}, {'action': 'install', 'id': '8018911', 'name': 'registry', 'url': ' ', 'version': '::docker'}]&quot;, 'c8y_SoftwareUpdate': [{'name': 'apple', 'action': 'install', 'id': '5495053', 'version': '::fruits', 'url': ' '}, {'name': 'banana', 'action': 'install', 'id': '5494888', 'version': '::fruits', 'url': ' '}, {'name': 'asciijump', 'action': 'install', 'id': '5475369', 'version': '::apt', 'url': ' '}, {'name': 'cherry', 'action': 'install', 'id': '5495382', 'version': '::fruits', 'url': ' '}, {'name': 'registry', 'action': 'install', 'id': '8018911', 'version': '::docker', 'url': ' '}]}
09:40:21 INFO  State of operation 21368613 : PENDING
09:40:24 INFO  State of operation 21368613 : EXECUTING
09:40:26 INFO  State of operation 21368613 : EXECUTING
09:40:28 INFO  State of operation 21368613 : EXECUTING
09:40:30 INFO  State of operation 21368613 : EXECUTING
09:40:33 INFO  State of operation 21368613 : EXECUTING
09:40:35 INFO  State of operation 21368613 : EXECUTING
09:40:38 INFO  State of operation 21368613 : EXECUTING
09:40:40 INFO  State of operation 21368613 : EXECUTING
09:40:43 INFO  State of operation 21368613 : EXECUTING
09:40:46 INFO  State of operation 21368613 : EXECUTING
09:40:48 INFO  State of operation 21368613 : EXECUTING
09:40:50 INFO  State of operation 21368613 : EXECUTING
09:40:52 INFO  State of operation 21368613 : EXECUTING
09:40:54 INFO  State of operation 21368613 : EXECUTING
09:40:57 INFO  State of operation 21368613 : EXECUTING
09:40:59 INFO  State of operation 21368613 : EXECUTING
09:41:01 INFO  State of operation 21368613 : EXECUTING
09:41:03 INFO  State of operation 21368613 : EXECUTING
09:41:06 INFO  State of operation 21368613 : EXECUTING
09:41:08 INFO  State of operation 21368613 : EXECUTING
09:41:10 INFO  State of operation 21368613 : EXECUTING
09:41:12 INFO  State of operation 21368613 : EXECUTING
09:41:15 INFO  State of operation 21368613 : EXECUTING
09:41:17 INFO  State of operation 21368613 : EXECUTING
09:41:19 INFO  State of operation 21368613 : SUCCESSFUL
09:41:19 INFO  Package apple is installed
09:41:19 INFO  Assert that (True == value) with value=True ... passed
09:41:20 INFO  Package banana is installed
09:41:20 INFO  Assert that (True == value) with value=True ... passed
09:41:20 INFO  Package cherry is installed
09:41:20 INFO  Assert that (True == value) with value=True ... passed
09:41:20 INFO  Package asciijump is installed
09:41:20 INFO  Assert that (True == value) with value=True ... passed
09:41:21 INFO  Package registry is installed
09:41:21 INFO  Assert that (True == value) with value=True ... passed
09:41:21 INFO  Response status: 201
09:41:21 INFO  Response to action: {
    &quot;creationTime&quot;: &quot;2022-07-25T09:41:21.289Z&quot;,
    &quot;deviceId&quot;: &quot;21309491&quot;,
    &quot;deviceName&quot;: &quot;m32sd10b&quot;,
    &quot;self&quot;: &quot;https://t493319102.eu-latest.cumulocity.com/devicecontrol/operations/21368623&quot;,
    &quot;id&quot;: &quot;21368623&quot;,
    &quot;status&quot;: &quot;PENDING&quot;,
    &quot;description&quot;: &quot;Apply software changes, triggered from PySys: [{'action': 'delete', 'id': '5495053', 'name': 'apple', 'url': ' ', 'version': '::fruits'}, {'action': 'delete', 'id': '5494888', 'name': 'banana', 'url': ' ', 'version': '::fruits'}, {'action': 'delete', 'id': '5475369', 'name': 'asciijump', 'url': ' ', 'version': '::apt'}, {'action': 'delete', 'id': '5495382', 'name': 'cherry', 'url': ' ', 'version': '::fruits'}, {'action': 'delete', 'id': '8018911', 'name': 'registry', 'url': ' ', 'version': '::docker'}]&quot;,
    &quot;c8y_SoftwareUpdate&quot;: [
        {
            &quot;name&quot;: &quot;apple&quot;,
            &quot;action&quot;: &quot;delete&quot;,
            &quot;id&quot;: &quot;5495053&quot;,
            &quot;version&quot;: &quot;::fruits&quot;,
            &quot;url&quot;: &quot; &quot;
        },
        {
            &quot;name&quot;: &quot;banana&quot;,
            &quot;action&quot;: &quot;delete&quot;,
            &quot;id&quot;: &quot;5494888&quot;,
            &quot;version&quot;: &quot;::fruits&quot;,
            &quot;url&quot;: &quot; &quot;
        },
        {
            &quot;name&quot;: &quot;asciijump&quot;,
            &quot;action&quot;: &quot;delete&quot;,
            &quot;id&quot;: &quot;5475369&quot;,
            &quot;version&quot;: &quot;::apt&quot;,
            &quot;url&quot;: &quot; &quot;
        },
        {
            &quot;name&quot;: &quot;cherry&quot;,
            &quot;action&quot;: &quot;delete&quot;,
            &quot;id&quot;: &quot;5495382&quot;,
            &quot;version&quot;: &quot;::fruits&quot;,
            &quot;url&quot;: &quot; &quot;
        },
        {
            &quot;name&quot;: &quot;registry&quot;,
            &quot;action&quot;: &quot;delete&quot;,
            &quot;id&quot;: &quot;8018911&quot;,
            &quot;version&quot;: &quot;::docker&quot;,
            &quot;url&quot;: &quot; &quot;
        }
    ]
}
09:41:21 INFO  Started operation: {'creationTime': '2022-07-25T09:41:21.289Z', 'deviceId': '21309491', 'deviceName': 'm32sd10b', 'self': 'https://t493319102.eu-latest.cumulocity.com/devicecontrol/operations/21368623', 'id': '21368623', 'status': 'PENDING', 'description': &quot;Apply software changes, triggered from PySys: [{'action': 'delete', 'id': '5495053', 'name': 'apple', 'url': ' ', 'version': '::fruits'}, {'action': 'delete', 'id': '5494888', 'name': 'banana', 'url': ' ', 'version': '::fruits'}, {'action': 'delete', 'id': '5475369', 'name': 'asciijump', 'url': ' ', 'version': '::apt'}, {'action': 'delete', 'id': '5495382', 'name': 'cherry', 'url': ' ', 'version': '::fruits'}, {'action': 'delete', 'id': '8018911', 'name': 'registry', 'url': ' ', 'version': '::docker'}]&quot;, 'c8y_SoftwareUpdate': [{'name': 'apple', 'action': 'delete', 'id': '5495053', 'version': '::fruits', 'url': ' '}, {'name': 'banana', 'action': 'delete', 'id': '5494888', 'version': '::fruits', 'url': ' '}, {'name': 'asciijump', 'action': 'delete', 'id': '5475369', 'version': '::apt', 'url': ' '}, {'name': 'cherry', 'action': 'delete', 'id': '5495382', 'version': '::fruits', 'url': ' '}, {'name': 'registry', 'action': 'delete', 'id': '8018911', 'version': '::docker', 'url': ' '}]}
09:41:23 INFO  State of operation 21368623 : PENDING
09:41:25 INFO  State of operation 21368623 : EXECUTING
09:41:28 INFO  State of operation 21368623 : EXECUTING
09:41:30 INFO  State of operation 21368623 : EXECUTING
09:41:32 INFO  State of operation 21368623 : EXECUTING
09:41:34 INFO  State of operation 21368623 : EXECUTING
09:41:37 INFO  State of operation 21368623 : EXECUTING
09:41:40 INFO  State of operation 21368623 : EXECUTING
09:41:42 INFO  State of operation 21368623 : EXECUTING
09:41:45 INFO  State of operation 21368623 : EXECUTING
09:41:47 INFO  State of operation 21368623 : EXECUTING
09:41:49 INFO  State of operation 21368623 : EXECUTING
09:41:51 INFO  State of operation 21368623 : EXECUTING
09:41:54 INFO  State of operation 21368623 : EXECUTING
09:41:56 INFO  State of operation 21368623 : EXECUTING
09:41:59 INFO  State of operation 21368623 : EXECUTING
09:42:02 INFO  State of operation 21368623 : EXECUTING
09:42:04 INFO  State of operation 21368623 : EXECUTING
09:42:07 INFO  State of operation 21368623 : EXECUTING
09:42:09 INFO  State of operation 21368623 : EXECUTING
09:42:11 INFO  State of operation 21368623 : EXECUTING
09:42:13 INFO  State of operation 21368623 : EXECUTING
09:42:16 INFO  State of operation 21368623 : EXECUTING
09:42:18 INFO  State of operation 21368623 : EXECUTING
09:42:20 INFO  State of operation 21368623 : EXECUTING
09:42:23 INFO  State of operation 21368623 : EXECUTING
09:42:25 INFO  State of operation 21368623 : EXECUTING
09:42:27 INFO  State of operation 21368623 : EXECUTING
09:42:29 INFO  State of operation 21368623 : EXECUTING
09:42:32 INFO  State of operation 21368623 : SUCCESSFUL
09:42:32 INFO  Package apple is installed
09:42:32 INFO  Assert that (True == value) with value=True ... passed
09:42:32 INFO  Package banana is installed
09:42:32 INFO  Assert that (True == value) with value=True ... passed
09:42:32 INFO  Package cherry is installed
09:42:32 INFO  Assert that (True == value) with value=True ... passed
09:42:33 INFO  Assert that (False == value) with value=False ... passed
09:42:33 INFO  Assert that (False == value) with value=False ... passed
09:42:33 INFO  
09:42:33 INFO  cleanup:
09:42:37 INFO  Executed sudo&lt;tedge_disconnect_c8y&gt;, exit status 0
09:42:38 INFO  Executed systemctl&lt;serv_mapper5&gt;, exit status 3
09:42:38 INFO  
09:42:38 INFO  Test duration: 167.63 secs
09:42:38 INFO  Test final outcome:  FAILED
09:42:38 INFO  Test outcome reason: Assert that (False == value) with value=True
09:42:38 INFO  
</system-out>
	</testcase>
</testsuite>
