<?xml version="1.0" encoding="utf-8"?>
<testsuite failures="1" name="SoftwareManagement.sm_apt_install_download_path" skipped="0" tests="1" time="188.99" timestamp="2022-05-23T20:13:35">
	<testcase classname="AptInstallWithDownloadPath" name="SoftwareManagement.sm_apt_install_download_path">
		<failure message="BLOCKED: SystemError: Timeout while waiting for status FAILED or SUCCESSFUL" type="BLOCKED"/>
		<system-out>20:10:26 INFO  ==============================================================
20:10:26 INFO  Id:    SoftwareManagement.sm_apt_install_download_path
20:10:26 INFO  Dir:   software_management_end_to_end/
20:10:26 INFO  Title: Install package to directory specified in tedge config set tmp.path
20:10:26 INFO  ==============================================================
20:10:27 INFO  Using sw id database: {'asciijump': '5475369', 'robotfindskitten': '5474869', 'squirrel3': '5475279', 'rolldice': '5152439', 'moon-buggy': '5439204', 'apple': '5495053', 'banana': '5494888', 'cherry': '5495382', 'watermelon': '5494510', 'registry': '8018911', 'hello-world': '8021526', 'docker/getting-started': '8021973', 'alpine': '7991792'}
20:10:27 INFO  EnvironmentC8y Setup
20:10:28 INFO  Executed systemctl&lt;serv_mapper1&gt;, exit status 3
20:10:42 INFO  Executed sudo&lt;tedge_connect_c8y&gt;, exit status 0, duration 14 secs
20:10:43 INFO  Executed sudo&lt;tedge_connect_c8y_test&gt;, exit status 0
20:10:43 INFO  Executed systemctl&lt;serv_mosq2&gt;, exit status 0
20:10:44 INFO  Executed systemctl&lt;serv_mapper3&gt;, exit status 0
20:10:46 INFO  State of current operation: PENDING
20:10:48 INFO  State of current operation: PENDING
20:10:50 INFO  State of current operation: PENDING
20:10:53 INFO  State of current operation: PENDING
20:10:55 INFO  State of current operation: PENDING
20:10:58 INFO  State of current operation: PENDING
20:11:00 INFO  State of current operation: PENDING
20:11:02 INFO  State of current operation: PENDING
20:11:04 INFO  State of current operation: PENDING
20:11:07 INFO  State of current operation: PENDING
20:11:09 INFO  State of current operation: PENDING
20:11:11 INFO  State of current operation: PENDING
20:11:13 INFO  State of current operation: PENDING
20:11:15 INFO  State of current operation: PENDING
20:11:18 INFO  State of current operation: PENDING
20:11:20 INFO  State of current operation: PENDING
20:11:22 INFO  State of current operation: PENDING
20:11:24 INFO  State of current operation: PENDING
20:11:27 INFO  State of current operation: PENDING
20:11:29 INFO  State of current operation: PENDING
20:11:31 INFO  State of current operation: PENDING
20:11:33 INFO  State of current operation: PENDING
20:11:36 INFO  State of current operation: PENDING
20:11:38 INFO  State of current operation: PENDING
20:11:40 INFO  State of current operation: PENDING
20:11:42 INFO  State of current operation: PENDING
20:11:45 INFO  State of current operation: PENDING
20:11:47 INFO  State of current operation: PENDING
20:11:49 INFO  State of current operation: PENDING
20:11:51 INFO  State of current operation: PENDING
20:11:54 INFO  State of current operation: PENDING
20:11:56 INFO  State of current operation: PENDING
20:11:58 INFO  State of current operation: PENDING
20:12:00 INFO  State of current operation: PENDING
20:12:03 INFO  State of current operation: PENDING
20:12:05 INFO  State of current operation: PENDING
20:12:07 INFO  State of current operation: PENDING
20:12:09 INFO  State of current operation: PENDING
20:12:12 INFO  State of current operation: PENDING
20:12:14 INFO  State of current operation: PENDING
20:12:16 INFO  State of current operation: PENDING
20:12:18 INFO  State of current operation: PENDING
20:12:20 INFO  State of current operation: PENDING
20:12:23 INFO  State of current operation: PENDING
20:12:25 INFO  State of current operation: PENDING
20:12:27 INFO  State of current operation: PENDING
20:12:29 INFO  State of current operation: PENDING
20:12:32 INFO  State of current operation: PENDING
20:12:34 INFO  State of current operation: PENDING
20:12:36 INFO  State of current operation: PENDING
20:12:38 INFO  State of current operation: PENDING
20:12:41 INFO  State of current operation: PENDING
20:12:43 INFO  State of current operation: PENDING
20:12:45 INFO  State of current operation: PENDING
20:12:47 INFO  State of current operation: PENDING
20:12:49 INFO  State of current operation: PENDING
20:12:52 INFO  State of current operation: PENDING
20:12:54 INFO  State of current operation: PENDING
20:12:56 INFO  State of current operation: PENDING
20:12:58 INFO  State of current operation: PENDING
20:13:01 INFO  State of current operation: PENDING
20:13:03 WARN  SystemError occurred while running test - Timeout while waiting for status FAILED or SUCCESSFUL
Traceback (most recent call last):
  File &quot;/home/pi/env-pysys/lib/python3.7/site-packages/pysys/baserunner.py&quot;, line 1292, in __call__
    self.testObj.setup()
  File &quot;/home/pi/actions-runner/_work/thin-edge.io/thin-edge.io/tests/PySys/software_management_end_to_end/sm_apt_install_download_path/run.py&quot;, line 48, in setup
    super().setup()
  File &quot;/home/pi/actions-runner/_work/thin-edge.io/thin-edge.io/tests/PySys/software_management_end_to_end/environment_sm_management.py&quot;, line 151, in setup
    self.wait_until_end()
  File &quot;/home/pi/actions-runner/_work/thin-edge.io/thin-edge.io/tests/PySys/software_management_end_to_end/environment_sm_management.py&quot;, line 332, in wait_until_end
    self.wait_until_status(&quot;FAILED&quot;, &quot;SUCCESSFUL&quot;)
  File &quot;/home/pi/actions-runner/_work/thin-edge.io/thin-edge.io/tests/PySys/software_management_end_to_end/environment_sm_management.py&quot;, line 381, in wait_until_status
    &quot;Timeout while waiting for status %s or %s&quot; % (status, status2)
SystemError: Timeout while waiting for status FAILED or SUCCESSFUL
20:13:03 WARN  SystemError: Timeout while waiting for status FAILED or SUCCESSFUL ... blocked 
20:13:03 INFO  
20:13:03 INFO  cleanup:
20:13:03 INFO  Executed sudo, exit status 0
20:13:04 INFO  Executed sudo, exit status 0
20:13:08 INFO  Executed sudo&lt;tedge_disconnect_c8y&gt;, exit status 0
20:13:08 INFO  Restarting mosquitto too frequently in the last 10 seconds. It was only up for 3 seconds
20:13:08 INFO  Delaying execution by 8 seconds
20:13:30 INFO  Executed sudo&lt;tedge_connect_c8y&gt;, exit status 0, duration 14 secs
20:13:34 INFO  Executed sudo&lt;tedge_disconnect_c8y&gt;, exit status 0
20:13:35 INFO  Executed systemctl&lt;serv_mapper5&gt;, exit status 3
20:13:35 INFO  
20:13:35 INFO  Test duration: 188.99 secs
20:13:35 INFO  Test final outcome:  BLOCKED
20:13:35 INFO  Test outcome reason: SystemError: Timeout while waiting for status FAILED or SUCCESSFUL
20:13:35 INFO  
</system-out>
	</testcase>
</testsuite>
