<?xml version="1.0" encoding="utf-8"?>
<testsuite failures="1" name="SoftwareManagement.sm_fake_install_remove" skipped="0" tests="1" time="169.54" timestamp="2022-05-23T18:15:44">
	<testcase classname="PySysTest" name="SoftwareManagement.sm_fake_install_remove">
		<failure message="BLOCKED: SystemError: Timeout while waiting for status FAILED or SUCCESSFUL" type="BLOCKED"/>
		<system-out>18:12:54 INFO  ==============================================================
18:12:54 INFO  Id:    SoftwareManagement.sm_fake_install_remove
18:12:54 INFO  Dir:   software_management_end_to_end/
18:12:54 INFO  Title: Validate end to end behaviour for the dummy plugin for installation and removal of packages
18:12:54 INFO  ==============================================================
18:12:54 INFO  Using sw id database: {'asciijump': '5475369', 'robotfindskitten': '5474869', 'squirrel3': '5475279', 'rolldice': '5152439', 'moon-buggy': '5439204', 'apple': '5495053', 'banana': '5494888', 'cherry': '5495382', 'watermelon': '5494510', 'registry': '8018911', 'hello-world': '8021526', 'docker/getting-started': '8021973', 'alpine': '7991792'}
18:12:54 INFO  EnvironmentC8y Setup
18:12:55 INFO  Executed systemctl&lt;serv_mapper1&gt;, exit status 3
18:12:55 INFO  Restarting mosquitto too frequently in the last 10 seconds. It was only up for 4 seconds
18:12:55 INFO  Delaying execution by 7 seconds
18:13:16 INFO  Executed sudo&lt;tedge_connect_c8y&gt;, exit status 0, duration 14 secs
18:13:17 INFO  Executed sudo&lt;tedge_connect_c8y_test&gt;, exit status 0
18:13:17 INFO  Executed systemctl&lt;serv_mosq2&gt;, exit status 0
18:13:18 INFO  Executed systemctl&lt;serv_mapper3&gt;, exit status 0
18:13:20 INFO  State of current operation: PENDING
18:13:22 INFO  State of current operation: PENDING
18:13:25 INFO  State of current operation: PENDING
18:13:27 INFO  State of current operation: PENDING
18:13:29 INFO  State of current operation: PENDING
18:13:32 INFO  State of current operation: PENDING
18:13:35 INFO  State of current operation: PENDING
18:13:38 INFO  State of current operation: PENDING
18:13:40 INFO  State of current operation: PENDING
18:13:42 INFO  State of current operation: PENDING
18:13:45 INFO  State of current operation: PENDING
18:13:47 INFO  State of current operation: PENDING
18:13:49 INFO  State of current operation: PENDING
18:13:51 INFO  State of current operation: PENDING
18:13:53 INFO  State of current operation: PENDING
18:13:56 INFO  State of current operation: PENDING
18:13:58 INFO  State of current operation: PENDING
18:14:00 INFO  State of current operation: PENDING
18:14:02 INFO  State of current operation: PENDING
18:14:05 INFO  State of current operation: PENDING
18:14:07 INFO  State of current operation: PENDING
18:14:09 INFO  State of current operation: PENDING
18:14:11 INFO  State of current operation: PENDING
18:14:14 INFO  State of current operation: PENDING
18:14:16 INFO  State of current operation: PENDING
18:14:18 INFO  State of current operation: PENDING
18:14:20 INFO  State of current operation: PENDING
18:14:23 INFO  State of current operation: PENDING
18:14:25 INFO  State of current operation: PENDING
18:14:27 INFO  State of current operation: PENDING
18:14:29 INFO  State of current operation: PENDING
18:14:31 INFO  State of current operation: PENDING
18:14:34 INFO  State of current operation: PENDING
18:14:36 INFO  State of current operation: PENDING
18:14:38 INFO  State of current operation: PENDING
18:14:40 INFO  State of current operation: PENDING
18:14:43 INFO  State of current operation: PENDING
18:14:45 INFO  State of current operation: PENDING
18:14:47 INFO  State of current operation: PENDING
18:14:49 INFO  State of current operation: PENDING
18:14:52 INFO  State of current operation: PENDING
18:14:54 INFO  State of current operation: PENDING
18:14:56 INFO  State of current operation: PENDING
18:14:58 INFO  State of current operation: PENDING
18:15:01 INFO  State of current operation: PENDING
18:15:03 INFO  State of current operation: PENDING
18:15:05 INFO  State of current operation: PENDING
18:15:07 INFO  State of current operation: PENDING
18:15:09 INFO  State of current operation: PENDING
18:15:12 INFO  State of current operation: PENDING
18:15:14 INFO  State of current operation: PENDING
18:15:17 INFO  State of current operation: PENDING
18:15:19 INFO  State of current operation: PENDING
18:15:21 INFO  State of current operation: PENDING
18:15:23 INFO  State of current operation: PENDING
18:15:26 INFO  State of current operation: PENDING
18:15:28 INFO  State of current operation: PENDING
18:15:30 INFO  State of current operation: PENDING
18:15:32 INFO  State of current operation: PENDING
18:15:34 INFO  State of current operation: PENDING
18:15:37 INFO  State of current operation: PENDING
18:15:39 WARN  SystemError occurred while running test - Timeout while waiting for status FAILED or SUCCESSFUL
Traceback (most recent call last):
  File &quot;/home/pi/env-pysys/lib/python3.7/site-packages/pysys/baserunner.py&quot;, line 1292, in __call__
    self.testObj.setup()
  File &quot;/home/pi/actions-runner/_work/thin-edge.io/thin-edge.io/tests/PySys/software_management_end_to_end/sm_fake_install_remove/run.py&quot;, line 38, in setup
    super().setup()
  File &quot;/home/pi/actions-runner/_work/thin-edge.io/thin-edge.io/tests/PySys/software_management_end_to_end/environment_sm_management.py&quot;, line 151, in setup
    self.wait_until_end()
  File &quot;/home/pi/actions-runner/_work/thin-edge.io/thin-edge.io/tests/PySys/software_management_end_to_end/environment_sm_management.py&quot;, line 332, in wait_until_end
    self.wait_until_status(&quot;FAILED&quot;, &quot;SUCCESSFUL&quot;)
  File &quot;/home/pi/actions-runner/_work/thin-edge.io/thin-edge.io/tests/PySys/software_management_end_to_end/environment_sm_management.py&quot;, line 381, in wait_until_status
    &quot;Timeout while waiting for status %s or %s&quot; % (status, status2)
SystemError: Timeout while waiting for status FAILED or SUCCESSFUL
18:15:39 WARN  SystemError: Timeout while waiting for status FAILED or SUCCESSFUL ... blocked 
18:15:39 INFO  
18:15:39 INFO  cleanup:
18:15:43 INFO  Executed sudo&lt;tedge_disconnect_c8y&gt;, exit status 0
18:15:44 INFO  Executed systemctl&lt;serv_mapper5&gt;, exit status 3
18:15:44 INFO  
18:15:44 INFO  Test duration: 169.54 secs
18:15:44 INFO  Test final outcome:  BLOCKED
18:15:44 INFO  Test outcome reason: SystemError: Timeout while waiting for status FAILED or SUCCESSFUL
18:15:44 INFO  
</system-out>
	</testcase>
</testsuite>
