<?xml version="1.0" encoding="utf-8"?>
<testsuite failures="1" name="SoftwareManagement.sm_apt_install_remove_multiple" skipped="0" tests="1" time="139.16" timestamp="2022-07-25T11:28:51">
	<testcase classname="PySysTest" name="SoftwareManagement.sm_apt_install_remove_multiple">
		<failure message="FAILED: Assert that (False == value) with value=True (+2 other failures)" type="FAILED"/>
		<system-out>11:26:32 INFO  ==============================================================
11:26:32 INFO  Id:    SoftwareManagement.sm_apt_install_remove_multiple
11:26:32 INFO  Dir:   software_management_end_to_end/
11:26:32 INFO  Title: Validate end to end behaviour for the apt plugin for multiple packages
11:26:32 INFO  ==============================================================
11:26:32 INFO  Using sw id database: {'asciijump': '5475369', 'robotfindskitten': '5474869', 'squirrel3': '5475279', 'rolldice': '5152439', 'moon-buggy': '5439204', 'apple': '5495053', 'banana': '5494888', 'cherry': '5495382', 'watermelon': '5494510', 'registry': '8018911', 'hello-world': '8021526', 'docker/getting-started': '8021973', 'alpine': '7991792'}
11:26:32 INFO  EnvironmentC8y Setup
11:26:33 INFO  Executed systemctl&lt;serv_mapper1&gt;, exit status 3
11:26:33 INFO  Restarting mosquitto too frequently in the last 10 seconds. It was only up for 4 seconds
11:26:33 INFO  Delaying execution by 7 seconds
11:26:54 INFO  Executed sudo&lt;tedge_connect_c8y&gt;, exit status 0, duration 14 secs
11:26:54 INFO  Executed sudo&lt;tedge_connect_c8y_test&gt;, exit status 0
11:26:55 INFO  Executed systemctl&lt;serv_mosq2&gt;, exit status 0
11:26:55 INFO  Executed systemctl&lt;serv_mapper3&gt;, exit status 0
11:26:58 INFO  State of current operation: SUCCESSFUL
11:26:58 INFO  Assert that (False == value) with value=False ... passed
11:26:58 INFO  Package asciijump is installed
11:26:58 WARN  Assert that (False == value) with value=True ... failed 
11:26:59 INFO  Package squirrel3 is installed
11:26:59 WARN  Assert that (False == value) with value=True ... failed 
11:26:59 INFO  Package robotfindskitten is installed
11:26:59 WARN  Assert that (False == value) with value=True ... failed 
11:26:59 INFO  Response status: 201
11:26:59 INFO  Response to action: {
    &quot;creationTime&quot;: &quot;2022-07-25T11:26:59.792Z&quot;,
    &quot;deviceId&quot;: &quot;21368829&quot;,
    &quot;deviceName&quot;: &quot;m32sd10b&quot;,
    &quot;self&quot;: &quot;https://t493319102.eu-latest.cumulocity.com/devicecontrol/operations/21377688&quot;,
    &quot;id&quot;: &quot;21377688&quot;,
    &quot;status&quot;: &quot;PENDING&quot;,
    &quot;description&quot;: &quot;Apply software changes, triggered from PySys: [{'action': 'install', 'id': '5475369', 'name': 'asciijump', 'url': ' ', 'version': '::apt'}, {'action': 'install', 'id': '5474869', 'name': 'robotfindskitten', 'url': ' ', 'version': '::apt'}, {'action': 'install', 'id': '5475279', 'name': 'squirrel3', 'url': ' ', 'version': '::apt'}]&quot;,
    &quot;c8y_SoftwareUpdate&quot;: [
        {
            &quot;name&quot;: &quot;asciijump&quot;,
            &quot;action&quot;: &quot;install&quot;,
            &quot;id&quot;: &quot;5475369&quot;,
            &quot;version&quot;: &quot;::apt&quot;,
            &quot;url&quot;: &quot; &quot;
        },
        {
            &quot;name&quot;: &quot;robotfindskitten&quot;,
            &quot;action&quot;: &quot;install&quot;,
            &quot;id&quot;: &quot;5474869&quot;,
            &quot;version&quot;: &quot;::apt&quot;,
            &quot;url&quot;: &quot; &quot;
        },
        {
            &quot;name&quot;: &quot;squirrel3&quot;,
            &quot;action&quot;: &quot;install&quot;,
            &quot;id&quot;: &quot;5475279&quot;,
            &quot;version&quot;: &quot;::apt&quot;,
            &quot;url&quot;: &quot; &quot;
        }
    ]
}
11:26:59 INFO  Started operation: {'creationTime': '2022-07-25T11:26:59.792Z', 'deviceId': '21368829', 'deviceName': 'm32sd10b', 'self': 'https://t493319102.eu-latest.cumulocity.com/devicecontrol/operations/21377688', 'id': '21377688', 'status': 'PENDING', 'description': &quot;Apply software changes, triggered from PySys: [{'action': 'install', 'id': '5475369', 'name': 'asciijump', 'url': ' ', 'version': '::apt'}, {'action': 'install', 'id': '5474869', 'name': 'robotfindskitten', 'url': ' ', 'version': '::apt'}, {'action': 'install', 'id': '5475279', 'name': 'squirrel3', 'url': ' ', 'version': '::apt'}]&quot;, 'c8y_SoftwareUpdate': [{'name': 'asciijump', 'action': 'install', 'id': '5475369', 'version': '::apt', 'url': ' '}, {'name': 'robotfindskitten', 'action': 'install', 'id': '5474869', 'version': '::apt', 'url': ' '}, {'name': 'squirrel3', 'action': 'install', 'id': '5475279', 'version': '::apt', 'url': ' '}]}
11:27:02 INFO  State of operation 21377688 : PENDING
11:27:04 INFO  State of operation 21377688 : EXECUTING
11:27:06 INFO  State of operation 21377688 : EXECUTING
11:27:08 INFO  State of operation 21377688 : EXECUTING
11:27:10 INFO  State of operation 21377688 : EXECUTING
11:27:13 INFO  State of operation 21377688 : EXECUTING
11:27:15 INFO  State of operation 21377688 : EXECUTING
11:27:18 INFO  State of operation 21377688 : EXECUTING
11:27:21 INFO  State of operation 21377688 : EXECUTING
11:27:23 INFO  State of operation 21377688 : EXECUTING
11:27:25 INFO  State of operation 21377688 : EXECUTING
11:27:28 INFO  State of operation 21377688 : EXECUTING
11:27:30 INFO  State of operation 21377688 : EXECUTING
11:27:32 INFO  State of operation 21377688 : EXECUTING
11:27:34 INFO  State of operation 21377688 : EXECUTING
11:27:37 INFO  State of operation 21377688 : SUCCESSFUL
11:27:37 INFO  Assert that (False == value) with value=False ... passed
11:27:37 INFO  Package asciijump is installed
11:27:37 INFO  Assert that (True == value) with value=True ... passed
11:27:37 INFO  Package squirrel3 is installed
11:27:37 INFO  Assert that (True == value) with value=True ... passed
11:27:38 INFO  Package robotfindskitten is installed
11:27:38 INFO  Assert that (True == value) with value=True ... passed
11:27:38 INFO  Response status: 201
11:27:38 INFO  Response to action: {
    &quot;creationTime&quot;: &quot;2022-07-25T11:27:38.190Z&quot;,
    &quot;deviceId&quot;: &quot;21368829&quot;,
    &quot;deviceName&quot;: &quot;m32sd10b&quot;,
    &quot;self&quot;: &quot;https://t493319102.eu-latest.cumulocity.com/devicecontrol/operations/21377694&quot;,
    &quot;id&quot;: &quot;21377694&quot;,
    &quot;status&quot;: &quot;PENDING&quot;,
    &quot;description&quot;: &quot;Apply software changes, triggered from PySys: [{'action': 'delete', 'id': '5475369', 'name': 'asciijump', 'url': ' ', 'version': '::apt'}, {'action': 'delete', 'id': '5474869', 'name': 'robotfindskitten', 'url': ' ', 'version': '::apt'}, {'action': 'delete', 'id': '5475279', 'name': 'squirrel3', 'url': ' ', 'version': '::apt'}]&quot;,
    &quot;c8y_SoftwareUpdate&quot;: [
        {
            &quot;name&quot;: &quot;asciijump&quot;,
            &quot;action&quot;: &quot;delete&quot;,
            &quot;id&quot;: &quot;5475369&quot;,
            &quot;version&quot;: &quot;::apt&quot;,
            &quot;url&quot;: &quot; &quot;
        },
        {
            &quot;name&quot;: &quot;robotfindskitten&quot;,
            &quot;action&quot;: &quot;delete&quot;,
            &quot;id&quot;: &quot;5474869&quot;,
            &quot;version&quot;: &quot;::apt&quot;,
            &quot;url&quot;: &quot; &quot;
        },
        {
            &quot;name&quot;: &quot;squirrel3&quot;,
            &quot;action&quot;: &quot;delete&quot;,
            &quot;id&quot;: &quot;5475279&quot;,
            &quot;version&quot;: &quot;::apt&quot;,
            &quot;url&quot;: &quot; &quot;
        }
    ]
}
11:27:38 INFO  Started operation: {'creationTime': '2022-07-25T11:27:38.190Z', 'deviceId': '21368829', 'deviceName': 'm32sd10b', 'self': 'https://t493319102.eu-latest.cumulocity.com/devicecontrol/operations/21377694', 'id': '21377694', 'status': 'PENDING', 'description': &quot;Apply software changes, triggered from PySys: [{'action': 'delete', 'id': '5475369', 'name': 'asciijump', 'url': ' ', 'version': '::apt'}, {'action': 'delete', 'id': '5474869', 'name': 'robotfindskitten', 'url': ' ', 'version': '::apt'}, {'action': 'delete', 'id': '5475279', 'name': 'squirrel3', 'url': ' ', 'version': '::apt'}]&quot;, 'c8y_SoftwareUpdate': [{'name': 'asciijump', 'action': 'delete', 'id': '5475369', 'version': '::apt', 'url': ' '}, {'name': 'robotfindskitten', 'action': 'delete', 'id': '5474869', 'version': '::apt', 'url': ' '}, {'name': 'squirrel3', 'action': 'delete', 'id': '5475279', 'version': '::apt', 'url': ' '}]}
11:27:40 INFO  State of operation 21377694 : PENDING
11:27:42 INFO  State of operation 21377694 : EXECUTING
11:27:44 INFO  State of operation 21377694 : EXECUTING
11:27:47 INFO  State of operation 21377694 : EXECUTING
11:27:49 INFO  State of operation 21377694 : EXECUTING
11:27:51 INFO  State of operation 21377694 : EXECUTING
11:27:54 INFO  State of operation 21377694 : EXECUTING
11:27:57 INFO  State of operation 21377694 : EXECUTING
11:27:59 INFO  State of operation 21377694 : EXECUTING
11:28:02 INFO  State of operation 21377694 : EXECUTING
11:28:04 INFO  State of operation 21377694 : EXECUTING
11:28:06 INFO  State of operation 21377694 : EXECUTING
11:28:08 INFO  State of operation 21377694 : EXECUTING
11:28:10 INFO  State of operation 21377694 : EXECUTING
11:28:13 INFO  State of operation 21377694 : EXECUTING
11:28:15 INFO  State of operation 21377694 : EXECUTING
11:28:17 INFO  State of operation 21377694 : EXECUTING
11:28:20 INFO  State of operation 21377694 : EXECUTING
11:28:22 INFO  State of operation 21377694 : EXECUTING
11:28:25 INFO  State of operation 21377694 : EXECUTING
11:28:27 INFO  State of operation 21377694 : EXECUTING
11:28:29 INFO  State of operation 21377694 : EXECUTING
11:28:32 INFO  State of operation 21377694 : EXECUTING
11:28:34 INFO  State of operation 21377694 : EXECUTING
11:28:37 INFO  State of operation 21377694 : EXECUTING
11:28:39 INFO  State of operation 21377694 : EXECUTING
11:28:41 INFO  State of operation 21377694 : EXECUTING
11:28:43 INFO  State of operation 21377694 : EXECUTING
11:28:46 INFO  State of operation 21377694 : SUCCESSFUL
11:28:46 INFO  Assert that (False == value) with value=False ... passed
11:28:46 INFO  Assert that (False == value) with value=False ... passed
11:28:46 INFO  Assert that (False == value) with value=False ... passed
11:28:47 INFO  Assert that (False == value) with value=False ... passed
11:28:47 INFO  
11:28:47 INFO  cleanup:
11:28:51 INFO  Executed sudo&lt;tedge_disconnect_c8y&gt;, exit status 0
11:28:51 INFO  Executed systemctl&lt;serv_mapper5&gt;, exit status 3
11:28:51 INFO  
11:28:51 INFO  Test duration: 139.16 secs
11:28:51 INFO  Test final outcome:  FAILED
11:28:51 INFO  Test outcome reason: Assert that (False == value) with value=True (+2 other failures)
11:28:51 INFO  
</system-out>
	</testcase>
</testsuite>
