<?xml version="1.0" encoding="utf-8"?>
<testsuite failures="1" name="SoftwareManagement.sm_mixed_install_remove_multiple" skipped="0" tests="1" time="165.0" timestamp="2022-07-22T18:49:19">
	<testcase classname="PySysTest" name="SoftwareManagement.sm_mixed_install_remove_multiple">
		<failure message="FAILED: Assert that (False == value) with value=True" type="FAILED"/>
		<system-out>18:46:34 INFO  ==============================================================
18:46:34 INFO  Id:    SoftwareManagement.sm_mixed_install_remove_multiple
18:46:34 INFO  Dir:   software_management_end_to_end/
18:46:34 INFO  Title: Validate end to end behaviour for the dummy-plugin for multiple packages with mixed versions
18:46:34 INFO  ==============================================================
18:46:34 INFO  Using sw id database: {'asciijump': '5475369', 'robotfindskitten': '5474869', 'squirrel3': '5475279', 'rolldice': '5152439', 'moon-buggy': '5439204', 'apple': '5495053', 'banana': '5494888', 'cherry': '5495382', 'watermelon': '5494510', 'registry': '8018911', 'hello-world': '8021526', 'docker/getting-started': '8021973', 'alpine': '7991792'}
18:46:34 INFO  EnvironmentC8y Setup
18:46:35 INFO  Executed systemctl&lt;serv_mapper1&gt;, exit status 3
18:46:35 INFO  Restarting mosquitto too frequently in the last 10 seconds. It was only up for 5 seconds
18:46:35 INFO  Delaying execution by 6 seconds
18:46:55 INFO  Executed sudo&lt;tedge_connect_c8y&gt;, exit status 0, duration 14 secs
18:46:56 INFO  Executed sudo&lt;tedge_connect_c8y_test&gt;, exit status 0
18:46:56 INFO  Executed systemctl&lt;serv_mosq2&gt;, exit status 0
18:46:57 INFO  Executed systemctl&lt;serv_mapper3&gt;, exit status 0
18:46:59 INFO  State of current operation: SUCCESSFUL
18:46:59 INFO  Package apple is installed
18:46:59 INFO  Assert that (True == value) with value=True ... passed
18:46:59 INFO  Package banana is installed
18:46:59 INFO  Assert that (True == value) with value=True ... passed
18:47:00 INFO  Package cherry is installed
18:47:00 INFO  Assert that (True == value) with value=True ... passed
18:47:00 INFO  Package asciijump is installed
18:47:00 WARN  Assert that (False == value) with value=True ... failed 
18:47:00 INFO  Assert that (False == value) with value=False ... passed
18:47:00 INFO  Response status: 201
18:47:00 INFO  Response to action: {
    &quot;creationTime&quot;: &quot;2022-07-22T18:47:00.832Z&quot;,
    &quot;deviceId&quot;: &quot;21300465&quot;,
    &quot;deviceName&quot;: &quot;m32sd10b&quot;,
    &quot;self&quot;: &quot;https://t493319102.eu-latest.cumulocity.com/devicecontrol/operations/21313767&quot;,
    &quot;id&quot;: &quot;21313767&quot;,
    &quot;status&quot;: &quot;PENDING&quot;,
    &quot;description&quot;: &quot;Apply software changes, triggered from PySys: [{'action': 'install', 'id': '5495053', 'name': 'apple', 'url': ' ', 'version': '::fruits'}, {'action': 'install', 'id': '5494888', 'name': 'banana', 'url': ' ', 'version': '::fruits'}, {'action': 'install', 'id': '5475369', 'name': 'asciijump', 'url': ' ', 'version': '::apt'}, {'action': 'install', 'id': '5495382', 'name': 'cherry', 'url': ' ', 'version': '::fruits'}, {'action': 'install', 'id': '8018911', 'name': 'registry', 'url': ' ', 'version': '::docker'}]&quot;,
    &quot;c8y_SoftwareUpdate&quot;: [
        {
            &quot;name&quot;: &quot;apple&quot;,
            &quot;action&quot;: &quot;install&quot;,
            &quot;id&quot;: &quot;5495053&quot;,
            &quot;version&quot;: &quot;::fruits&quot;,
            &quot;url&quot;: &quot; &quot;
        },
        {
            &quot;name&quot;: &quot;banana&quot;,
            &quot;action&quot;: &quot;install&quot;,
            &quot;id&quot;: &quot;5494888&quot;,
            &quot;version&quot;: &quot;::fruits&quot;,
            &quot;url&quot;: &quot; &quot;
        },
        {
            &quot;name&quot;: &quot;asciijump&quot;,
            &quot;action&quot;: &quot;install&quot;,
            &quot;id&quot;: &quot;5475369&quot;,
            &quot;version&quot;: &quot;::apt&quot;,
            &quot;url&quot;: &quot; &quot;
        },
        {
            &quot;name&quot;: &quot;cherry&quot;,
            &quot;action&quot;: &quot;install&quot;,
            &quot;id&quot;: &quot;5495382&quot;,
            &quot;version&quot;: &quot;::fruits&quot;,
            &quot;url&quot;: &quot; &quot;
        },
        {
            &quot;name&quot;: &quot;registry&quot;,
            &quot;action&quot;: &quot;install&quot;,
            &quot;id&quot;: &quot;8018911&quot;,
            &quot;version&quot;: &quot;::docker&quot;,
            &quot;url&quot;: &quot; &quot;
        }
    ]
}
18:47:00 INFO  Started operation: {'creationTime': '2022-07-22T18:47:00.832Z', 'deviceId': '21300465', 'deviceName': 'm32sd10b', 'self': 'https://t493319102.eu-latest.cumulocity.com/devicecontrol/operations/21313767', 'id': '21313767', 'status': 'PENDING', 'description': &quot;Apply software changes, triggered from PySys: [{'action': 'install', 'id': '5495053', 'name': 'apple', 'url': ' ', 'version': '::fruits'}, {'action': 'install', 'id': '5494888', 'name': 'banana', 'url': ' ', 'version': '::fruits'}, {'action': 'install', 'id': '5475369', 'name': 'asciijump', 'url': ' ', 'version': '::apt'}, {'action': 'install', 'id': '5495382', 'name': 'cherry', 'url': ' ', 'version': '::fruits'}, {'action': 'install', 'id': '8018911', 'name': 'registry', 'url': ' ', 'version': '::docker'}]&quot;, 'c8y_SoftwareUpdate': [{'name': 'apple', 'action': 'install', 'id': '5495053', 'version': '::fruits', 'url': ' '}, {'name': 'banana', 'action': 'install', 'id': '5494888', 'version': '::fruits', 'url': ' '}, {'name': 'asciijump', 'action': 'install', 'id': '5475369', 'version': '::apt', 'url': ' '}, {'name': 'cherry', 'action': 'install', 'id': '5495382', 'version': '::fruits', 'url': ' '}, {'name': 'registry', 'action': 'install', 'id': '8018911', 'version': '::docker', 'url': ' '}]}
18:47:03 INFO  State of operation 21313767 : PENDING
18:47:05 INFO  State of operation 21313767 : EXECUTING
18:47:07 INFO  State of operation 21313767 : EXECUTING
18:47:09 INFO  State of operation 21313767 : EXECUTING
18:47:11 INFO  State of operation 21313767 : EXECUTING
18:47:14 INFO  State of operation 21313767 : EXECUTING
18:47:16 INFO  State of operation 21313767 : EXECUTING
18:47:19 INFO  State of operation 21313767 : EXECUTING
18:47:21 INFO  State of operation 21313767 : EXECUTING
18:47:24 INFO  State of operation 21313767 : EXECUTING
18:47:26 INFO  State of operation 21313767 : EXECUTING
18:47:28 INFO  State of operation 21313767 : EXECUTING
18:47:31 INFO  State of operation 21313767 : EXECUTING
18:47:33 INFO  State of operation 21313767 : EXECUTING
18:47:35 INFO  State of operation 21313767 : EXECUTING
18:47:37 INFO  State of operation 21313767 : EXECUTING
18:47:40 INFO  State of operation 21313767 : EXECUTING
18:47:42 INFO  State of operation 21313767 : EXECUTING
18:47:44 INFO  State of operation 21313767 : EXECUTING
18:47:46 INFO  State of operation 21313767 : EXECUTING
18:47:48 INFO  State of operation 21313767 : EXECUTING
18:47:51 INFO  State of operation 21313767 : EXECUTING
18:47:53 INFO  State of operation 21313767 : EXECUTING
18:47:55 INFO  State of operation 21313767 : EXECUTING
18:47:58 INFO  State of operation 21313767 : EXECUTING
18:48:00 INFO  State of operation 21313767 : SUCCESSFUL
18:48:00 INFO  Package apple is installed
18:48:00 INFO  Assert that (True == value) with value=True ... passed
18:48:00 INFO  Package banana is installed
18:48:00 INFO  Assert that (True == value) with value=True ... passed
18:48:00 INFO  Package cherry is installed
18:48:00 INFO  Assert that (True == value) with value=True ... passed
18:48:01 INFO  Package asciijump is installed
18:48:01 INFO  Assert that (True == value) with value=True ... passed
18:48:01 INFO  Package registry is installed
18:48:01 INFO  Assert that (True == value) with value=True ... passed
18:48:01 INFO  Response status: 201
18:48:01 INFO  Response to action: {
    &quot;creationTime&quot;: &quot;2022-07-22T18:48:01.611Z&quot;,
    &quot;deviceId&quot;: &quot;21300465&quot;,
    &quot;deviceName&quot;: &quot;m32sd10b&quot;,
    &quot;self&quot;: &quot;https://t493319102.eu-latest.cumulocity.com/devicecontrol/operations/21313773&quot;,
    &quot;id&quot;: &quot;21313773&quot;,
    &quot;status&quot;: &quot;PENDING&quot;,
    &quot;description&quot;: &quot;Apply software changes, triggered from PySys: [{'action': 'delete', 'id': '5495053', 'name': 'apple', 'url': ' ', 'version': '::fruits'}, {'action': 'delete', 'id': '5494888', 'name': 'banana', 'url': ' ', 'version': '::fruits'}, {'action': 'delete', 'id': '5475369', 'name': 'asciijump', 'url': ' ', 'version': '::apt'}, {'action': 'delete', 'id': '5495382', 'name': 'cherry', 'url': ' ', 'version': '::fruits'}, {'action': 'delete', 'id': '8018911', 'name': 'registry', 'url': ' ', 'version': '::docker'}]&quot;,
    &quot;c8y_SoftwareUpdate&quot;: [
        {
            &quot;name&quot;: &quot;apple&quot;,
            &quot;action&quot;: &quot;delete&quot;,
            &quot;id&quot;: &quot;5495053&quot;,
            &quot;version&quot;: &quot;::fruits&quot;,
            &quot;url&quot;: &quot; &quot;
        },
        {
            &quot;name&quot;: &quot;banana&quot;,
            &quot;action&quot;: &quot;delete&quot;,
            &quot;id&quot;: &quot;5494888&quot;,
            &quot;version&quot;: &quot;::fruits&quot;,
            &quot;url&quot;: &quot; &quot;
        },
        {
            &quot;name&quot;: &quot;asciijump&quot;,
            &quot;action&quot;: &quot;delete&quot;,
            &quot;id&quot;: &quot;5475369&quot;,
            &quot;version&quot;: &quot;::apt&quot;,
            &quot;url&quot;: &quot; &quot;
        },
        {
            &quot;name&quot;: &quot;cherry&quot;,
            &quot;action&quot;: &quot;delete&quot;,
            &quot;id&quot;: &quot;5495382&quot;,
            &quot;version&quot;: &quot;::fruits&quot;,
            &quot;url&quot;: &quot; &quot;
        },
        {
            &quot;name&quot;: &quot;registry&quot;,
            &quot;action&quot;: &quot;delete&quot;,
            &quot;id&quot;: &quot;8018911&quot;,
            &quot;version&quot;: &quot;::docker&quot;,
            &quot;url&quot;: &quot; &quot;
        }
    ]
}
18:48:01 INFO  Started operation: {'creationTime': '2022-07-22T18:48:01.611Z', 'deviceId': '21300465', 'deviceName': 'm32sd10b', 'self': 'https://t493319102.eu-latest.cumulocity.com/devicecontrol/operations/21313773', 'id': '21313773', 'status': 'PENDING', 'description': &quot;Apply software changes, triggered from PySys: [{'action': 'delete', 'id': '5495053', 'name': 'apple', 'url': ' ', 'version': '::fruits'}, {'action': 'delete', 'id': '5494888', 'name': 'banana', 'url': ' ', 'version': '::fruits'}, {'action': 'delete', 'id': '5475369', 'name': 'asciijump', 'url': ' ', 'version': '::apt'}, {'action': 'delete', 'id': '5495382', 'name': 'cherry', 'url': ' ', 'version': '::fruits'}, {'action': 'delete', 'id': '8018911', 'name': 'registry', 'url': ' ', 'version': '::docker'}]&quot;, 'c8y_SoftwareUpdate': [{'name': 'apple', 'action': 'delete', 'id': '5495053', 'version': '::fruits', 'url': ' '}, {'name': 'banana', 'action': 'delete', 'id': '5494888', 'version': '::fruits', 'url': ' '}, {'name': 'asciijump', 'action': 'delete', 'id': '5475369', 'version': '::apt', 'url': ' '}, {'name': 'cherry', 'action': 'delete', 'id': '5495382', 'version': '::fruits', 'url': ' '}, {'name': 'registry', 'action': 'delete', 'id': '8018911', 'version': '::docker', 'url': ' '}]}
18:48:03 INFO  State of operation 21313773 : PENDING
18:48:06 INFO  State of operation 21313773 : EXECUTING
18:48:08 INFO  State of operation 21313773 : EXECUTING
18:48:10 INFO  State of operation 21313773 : EXECUTING
18:48:12 INFO  State of operation 21313773 : EXECUTING
18:48:14 INFO  State of operation 21313773 : EXECUTING
18:48:17 INFO  State of operation 21313773 : EXECUTING
18:48:20 INFO  State of operation 21313773 : EXECUTING
18:48:22 INFO  State of operation 21313773 : EXECUTING
18:48:25 INFO  State of operation 21313773 : EXECUTING
18:48:27 INFO  State of operation 21313773 : EXECUTING
18:48:29 INFO  State of operation 21313773 : EXECUTING
18:48:31 INFO  State of operation 21313773 : EXECUTING
18:48:34 INFO  State of operation 21313773 : EXECUTING
18:48:36 INFO  State of operation 21313773 : EXECUTING
18:48:38 INFO  State of operation 21313773 : EXECUTING
18:48:41 INFO  State of operation 21313773 : EXECUTING
18:48:43 INFO  State of operation 21313773 : EXECUTING
18:48:46 INFO  State of operation 21313773 : EXECUTING
18:48:48 INFO  State of operation 21313773 : EXECUTING
18:48:50 INFO  State of operation 21313773 : EXECUTING
18:48:52 INFO  State of operation 21313773 : EXECUTING
18:48:55 INFO  State of operation 21313773 : EXECUTING
18:48:58 INFO  State of operation 21313773 : EXECUTING
18:49:00 INFO  State of operation 21313773 : EXECUTING
18:49:02 INFO  State of operation 21313773 : EXECUTING
18:49:04 INFO  State of operation 21313773 : EXECUTING
18:49:07 INFO  State of operation 21313773 : EXECUTING
18:49:09 INFO  State of operation 21313773 : EXECUTING
18:49:11 INFO  State of operation 21313773 : EXECUTING
18:49:14 INFO  State of operation 21313773 : SUCCESSFUL
18:49:14 INFO  Package apple is installed
18:49:14 INFO  Assert that (True == value) with value=True ... passed
18:49:14 INFO  Package banana is installed
18:49:14 INFO  Assert that (True == value) with value=True ... passed
18:49:14 INFO  Package cherry is installed
18:49:14 INFO  Assert that (True == value) with value=True ... passed
18:49:14 INFO  Assert that (False == value) with value=False ... passed
18:49:15 INFO  Assert that (False == value) with value=False ... passed
18:49:15 INFO  
18:49:15 INFO  cleanup:
18:49:19 INFO  Executed sudo&lt;tedge_disconnect_c8y&gt;, exit status 0
18:49:19 INFO  Executed systemctl&lt;serv_mapper5&gt;, exit status 3
18:49:19 INFO  
18:49:19 INFO  Test duration: 165.00 secs
18:49:19 INFO  Test final outcome:  FAILED
18:49:19 INFO  Test outcome reason: Assert that (False == value) with value=True
18:49:19 INFO  
</system-out>
	</testcase>
</testsuite>
