<?xml version="1.0" encoding="utf-8"?>
<testsuite failures="1" name="SoftwareManagement.sm_apt_install_remove_multiple" skipped="0" tests="1" time="137.86" timestamp="2022-06-22T18:29:39">
	<testcase classname="PySysTest" name="SoftwareManagement.sm_apt_install_remove_multiple">
		<failure message="FAILED: Assert that (False == value) with value=True (+2 other failures)" type="FAILED"/>
		<system-out>18:27:21 INFO  ==============================================================
18:27:21 INFO  Id:    SoftwareManagement.sm_apt_install_remove_multiple
18:27:21 INFO  Dir:   software_management_end_to_end/
18:27:21 INFO  Title: Validate end to end behaviour for the apt plugin for multiple packages
18:27:21 INFO  ==============================================================
18:27:21 INFO  Using sw id database: {'asciijump': '5475369', 'robotfindskitten': '5474869', 'squirrel3': '5475279', 'rolldice': '5152439', 'moon-buggy': '5439204', 'apple': '5495053', 'banana': '5494888', 'cherry': '5495382', 'watermelon': '5494510', 'registry': '8018911', 'hello-world': '8021526', 'docker/getting-started': '8021973', 'alpine': '7991792'}
18:27:21 INFO  EnvironmentC8y Setup
18:27:21 INFO  Executed systemctl&lt;serv_mapper1&gt;, exit status 3
18:27:21 INFO  Restarting mosquitto too frequently in the last 10 seconds. It was only up for 5 seconds
18:27:21 INFO  Delaying execution by 6 seconds
18:27:41 INFO  Executed sudo&lt;tedge_connect_c8y&gt;, exit status 0, duration 14 secs
18:27:42 INFO  Executed sudo&lt;tedge_connect_c8y_test&gt;, exit status 0
18:27:43 INFO  Executed systemctl&lt;serv_mosq2&gt;, exit status 0
18:27:43 INFO  Executed systemctl&lt;serv_mapper3&gt;, exit status 0
18:27:45 INFO  State of current operation: SUCCESSFUL
18:27:46 INFO  Assert that (False == value) with value=False ... passed
18:27:46 INFO  Package asciijump is installed
18:27:46 WARN  Assert that (False == value) with value=True ... failed 
18:27:46 INFO  Package squirrel3 is installed
18:27:46 WARN  Assert that (False == value) with value=True ... failed 
18:27:47 INFO  Package robotfindskitten is installed
18:27:47 WARN  Assert that (False == value) with value=True ... failed 
18:27:47 INFO  Response status: 201
18:27:47 INFO  Response to action: {
    &quot;creationTime&quot;: &quot;2022-06-22T18:27:47.466Z&quot;,
    &quot;deviceName&quot;: &quot;m32sd10b&quot;,
    &quot;deviceId&quot;: &quot;20418358&quot;,
    &quot;self&quot;: &quot;https://t493319102.eu-latest.cumulocity.com/devicecontrol/operations/20433879&quot;,
    &quot;id&quot;: &quot;20433879&quot;,
    &quot;status&quot;: &quot;PENDING&quot;,
    &quot;description&quot;: &quot;Apply software changes, triggered from PySys: [{'action': 'install', 'id': '5475369', 'name': 'asciijump', 'url': ' ', 'version': '::apt'}, {'action': 'install', 'id': '5474869', 'name': 'robotfindskitten', 'url': ' ', 'version': '::apt'}, {'action': 'install', 'id': '5475279', 'name': 'squirrel3', 'url': ' ', 'version': '::apt'}]&quot;,
    &quot;c8y_SoftwareUpdate&quot;: [
        {
            &quot;name&quot;: &quot;asciijump&quot;,
            &quot;action&quot;: &quot;install&quot;,
            &quot;id&quot;: &quot;5475369&quot;,
            &quot;version&quot;: &quot;::apt&quot;,
            &quot;url&quot;: &quot; &quot;
        },
        {
            &quot;name&quot;: &quot;robotfindskitten&quot;,
            &quot;action&quot;: &quot;install&quot;,
            &quot;id&quot;: &quot;5474869&quot;,
            &quot;version&quot;: &quot;::apt&quot;,
            &quot;url&quot;: &quot; &quot;
        },
        {
            &quot;name&quot;: &quot;squirrel3&quot;,
            &quot;action&quot;: &quot;install&quot;,
            &quot;id&quot;: &quot;5475279&quot;,
            &quot;version&quot;: &quot;::apt&quot;,
            &quot;url&quot;: &quot; &quot;
        }
    ]
}
18:27:47 INFO  Started operation: {'creationTime': '2022-06-22T18:27:47.466Z', 'deviceName': 'm32sd10b', 'deviceId': '20418358', 'self': 'https://t493319102.eu-latest.cumulocity.com/devicecontrol/operations/20433879', 'id': '20433879', 'status': 'PENDING', 'description': &quot;Apply software changes, triggered from PySys: [{'action': 'install', 'id': '5475369', 'name': 'asciijump', 'url': ' ', 'version': '::apt'}, {'action': 'install', 'id': '5474869', 'name': 'robotfindskitten', 'url': ' ', 'version': '::apt'}, {'action': 'install', 'id': '5475279', 'name': 'squirrel3', 'url': ' ', 'version': '::apt'}]&quot;, 'c8y_SoftwareUpdate': [{'name': 'asciijump', 'action': 'install', 'id': '5475369', 'version': '::apt', 'url': ' '}, {'name': 'robotfindskitten', 'action': 'install', 'id': '5474869', 'version': '::apt', 'url': ' '}, {'name': 'squirrel3', 'action': 'install', 'id': '5475279', 'version': '::apt', 'url': ' '}]}
18:27:49 INFO  State of operation 20433879 : PENDING
18:27:51 INFO  State of operation 20433879 : EXECUTING
18:27:54 INFO  State of operation 20433879 : EXECUTING
18:27:56 INFO  State of operation 20433879 : EXECUTING
18:27:58 INFO  State of operation 20433879 : EXECUTING
18:28:00 INFO  State of operation 20433879 : EXECUTING
18:28:03 INFO  State of operation 20433879 : EXECUTING
18:28:06 INFO  State of operation 20433879 : EXECUTING
18:28:08 INFO  State of operation 20433879 : EXECUTING
18:28:10 INFO  State of operation 20433879 : EXECUTING
18:28:13 INFO  State of operation 20433879 : EXECUTING
18:28:15 INFO  State of operation 20433879 : EXECUTING
18:28:17 INFO  State of operation 20433879 : EXECUTING
18:28:20 INFO  State of operation 20433879 : EXECUTING
18:28:22 INFO  State of operation 20433879 : EXECUTING
18:28:24 INFO  State of operation 20433879 : SUCCESSFUL
18:28:24 INFO  Assert that (False == value) with value=False ... passed
18:28:24 INFO  Package asciijump is installed
18:28:24 INFO  Assert that (True == value) with value=True ... passed
18:28:25 INFO  Package squirrel3 is installed
18:28:25 INFO  Assert that (True == value) with value=True ... passed
18:28:25 INFO  Package robotfindskitten is installed
18:28:25 INFO  Assert that (True == value) with value=True ... passed
18:28:25 INFO  Response status: 201
18:28:25 INFO  Response to action: {
    &quot;creationTime&quot;: &quot;2022-06-22T18:28:25.615Z&quot;,
    &quot;deviceName&quot;: &quot;m32sd10b&quot;,
    &quot;deviceId&quot;: &quot;20418358&quot;,
    &quot;self&quot;: &quot;https://t493319102.eu-latest.cumulocity.com/devicecontrol/operations/20433887&quot;,
    &quot;id&quot;: &quot;20433887&quot;,
    &quot;status&quot;: &quot;PENDING&quot;,
    &quot;description&quot;: &quot;Apply software changes, triggered from PySys: [{'action': 'delete', 'id': '5475369', 'name': 'asciijump', 'url': ' ', 'version': '::apt'}, {'action': 'delete', 'id': '5474869', 'name': 'robotfindskitten', 'url': ' ', 'version': '::apt'}, {'action': 'delete', 'id': '5475279', 'name': 'squirrel3', 'url': ' ', 'version': '::apt'}]&quot;,
    &quot;c8y_SoftwareUpdate&quot;: [
        {
            &quot;name&quot;: &quot;asciijump&quot;,
            &quot;action&quot;: &quot;delete&quot;,
            &quot;id&quot;: &quot;5475369&quot;,
            &quot;version&quot;: &quot;::apt&quot;,
            &quot;url&quot;: &quot; &quot;
        },
        {
            &quot;name&quot;: &quot;robotfindskitten&quot;,
            &quot;action&quot;: &quot;delete&quot;,
            &quot;id&quot;: &quot;5474869&quot;,
            &quot;version&quot;: &quot;::apt&quot;,
            &quot;url&quot;: &quot; &quot;
        },
        {
            &quot;name&quot;: &quot;squirrel3&quot;,
            &quot;action&quot;: &quot;delete&quot;,
            &quot;id&quot;: &quot;5475279&quot;,
            &quot;version&quot;: &quot;::apt&quot;,
            &quot;url&quot;: &quot; &quot;
        }
    ]
}
18:28:25 INFO  Started operation: {'creationTime': '2022-06-22T18:28:25.615Z', 'deviceName': 'm32sd10b', 'deviceId': '20418358', 'self': 'https://t493319102.eu-latest.cumulocity.com/devicecontrol/operations/20433887', 'id': '20433887', 'status': 'PENDING', 'description': &quot;Apply software changes, triggered from PySys: [{'action': 'delete', 'id': '5475369', 'name': 'asciijump', 'url': ' ', 'version': '::apt'}, {'action': 'delete', 'id': '5474869', 'name': 'robotfindskitten', 'url': ' ', 'version': '::apt'}, {'action': 'delete', 'id': '5475279', 'name': 'squirrel3', 'url': ' ', 'version': '::apt'}]&quot;, 'c8y_SoftwareUpdate': [{'name': 'asciijump', 'action': 'delete', 'id': '5475369', 'version': '::apt', 'url': ' '}, {'name': 'robotfindskitten', 'action': 'delete', 'id': '5474869', 'version': '::apt', 'url': ' '}, {'name': 'squirrel3', 'action': 'delete', 'id': '5475279', 'version': '::apt', 'url': ' '}]}
18:28:27 INFO  State of operation 20433887 : PENDING
18:28:30 INFO  State of operation 20433887 : EXECUTING
18:28:32 INFO  State of operation 20433887 : EXECUTING
18:28:34 INFO  State of operation 20433887 : EXECUTING
18:28:36 INFO  State of operation 20433887 : EXECUTING
18:28:39 INFO  State of operation 20433887 : EXECUTING
18:28:41 INFO  State of operation 20433887 : EXECUTING
18:28:44 INFO  State of operation 20433887 : EXECUTING
18:28:46 INFO  State of operation 20433887 : EXECUTING
18:28:48 INFO  State of operation 20433887 : EXECUTING
18:28:51 INFO  State of operation 20433887 : EXECUTING
18:28:53 INFO  State of operation 20433887 : EXECUTING
18:28:55 INFO  State of operation 20433887 : EXECUTING
18:28:57 INFO  State of operation 20433887 : EXECUTING
18:29:00 INFO  State of operation 20433887 : EXECUTING
18:29:02 INFO  State of operation 20433887 : EXECUTING
18:29:05 INFO  State of operation 20433887 : EXECUTING
18:29:07 INFO  State of operation 20433887 : EXECUTING
18:29:10 INFO  State of operation 20433887 : EXECUTING
18:29:12 INFO  State of operation 20433887 : EXECUTING
18:29:14 INFO  State of operation 20433887 : EXECUTING
18:29:16 INFO  State of operation 20433887 : EXECUTING
18:29:19 INFO  State of operation 20433887 : EXECUTING
18:29:21 INFO  State of operation 20433887 : EXECUTING
18:29:23 INFO  State of operation 20433887 : EXECUTING
18:29:26 INFO  State of operation 20433887 : EXECUTING
18:29:29 INFO  State of operation 20433887 : EXECUTING
18:29:31 INFO  State of operation 20433887 : EXECUTING
18:29:33 INFO  State of operation 20433887 : SUCCESSFUL
18:29:33 INFO  Assert that (False == value) with value=False ... passed
18:29:33 INFO  Assert that (False == value) with value=False ... passed
18:29:34 INFO  Assert that (False == value) with value=False ... passed
18:29:34 INFO  Assert that (False == value) with value=False ... passed
18:29:34 INFO  
18:29:34 INFO  cleanup:
18:29:38 INFO  Executed sudo&lt;tedge_disconnect_c8y&gt;, exit status 0
18:29:39 INFO  Executed systemctl&lt;serv_mapper5&gt;, exit status 3
18:29:39 INFO  
18:29:39 INFO  Test duration: 137.86 secs
18:29:39 INFO  Test final outcome:  FAILED
18:29:39 INFO  Test outcome reason: Assert that (False == value) with value=True (+2 other failures)
18:29:39 INFO  
</system-out>
	</testcase>
</testsuite>
