<?xml version="1.0" encoding="utf-8"?>
<testsuite failures="1" name="SoftwareManagement.sm_fake_install_remove" skipped="0" tests="1" time="167.63" timestamp="2022-05-25T14:12:07">
	<testcase classname="PySysTest" name="SoftwareManagement.sm_fake_install_remove">
		<failure message="BLOCKED: SystemError: Timeout while waiting for status FAILED or SUCCESSFUL" type="BLOCKED"/>
		<system-out>14:09:19 INFO  ==============================================================
14:09:19 INFO  Id:    SoftwareManagement.sm_fake_install_remove
14:09:19 INFO  Dir:   software_management_end_to_end/
14:09:19 INFO  Title: Validate end to end behaviour for the dummy plugin for installation and removal of packages
14:09:19 INFO  ==============================================================
14:09:19 INFO  Using sw id database: {'asciijump': '5475369', 'robotfindskitten': '5474869', 'squirrel3': '5475279', 'rolldice': '5152439', 'moon-buggy': '5439204', 'apple': '5495053', 'banana': '5494888', 'cherry': '5495382', 'watermelon': '5494510', 'registry': '8018911', 'hello-world': '8021526', 'docker/getting-started': '8021973', 'alpine': '7991792'}
14:09:19 INFO  EnvironmentC8y Setup
14:09:20 INFO  Executed systemctl&lt;serv_mapper1&gt;, exit status 3
14:09:20 INFO  Restarting mosquitto too frequently in the last 10 seconds. It was only up for 4 seconds
14:09:20 INFO  Delaying execution by 7 seconds
14:09:41 INFO  Executed sudo&lt;tedge_connect_c8y&gt;, exit status 0, duration 14 secs
14:09:42 INFO  Executed sudo&lt;tedge_connect_c8y_test&gt;, exit status 0
14:09:42 INFO  Executed systemctl&lt;serv_mosq2&gt;, exit status 0
14:09:43 INFO  Executed systemctl&lt;serv_mapper3&gt;, exit status 0
14:09:45 INFO  State of current operation: PENDING
14:09:47 INFO  State of current operation: PENDING
14:09:49 INFO  State of current operation: PENDING
14:09:52 INFO  State of current operation: PENDING
14:09:54 INFO  State of current operation: PENDING
14:09:56 INFO  State of current operation: PENDING
14:09:58 INFO  State of current operation: PENDING
14:10:01 INFO  State of current operation: PENDING
14:10:03 INFO  State of current operation: PENDING
14:10:05 INFO  State of current operation: PENDING
14:10:07 INFO  State of current operation: PENDING
14:10:09 INFO  State of current operation: PENDING
14:10:12 INFO  State of current operation: PENDING
14:10:14 INFO  State of current operation: PENDING
14:10:16 INFO  State of current operation: PENDING
14:10:18 INFO  State of current operation: PENDING
14:10:21 INFO  State of current operation: PENDING
14:10:23 INFO  State of current operation: PENDING
14:10:25 INFO  State of current operation: PENDING
14:10:27 INFO  State of current operation: PENDING
14:10:30 INFO  State of current operation: PENDING
14:10:32 INFO  State of current operation: PENDING
14:10:34 INFO  State of current operation: PENDING
14:10:37 INFO  State of current operation: PENDING
14:10:39 INFO  State of current operation: PENDING
14:10:41 INFO  State of current operation: PENDING
14:10:43 INFO  State of current operation: PENDING
14:10:45 INFO  State of current operation: PENDING
14:10:48 INFO  State of current operation: PENDING
14:10:50 INFO  State of current operation: PENDING
14:10:52 INFO  State of current operation: PENDING
14:10:55 INFO  State of current operation: PENDING
14:10:57 INFO  State of current operation: PENDING
14:10:59 INFO  State of current operation: PENDING
14:11:02 INFO  State of current operation: PENDING
14:11:04 INFO  State of current operation: PENDING
14:11:06 INFO  State of current operation: PENDING
14:11:08 INFO  State of current operation: PENDING
14:11:10 INFO  State of current operation: PENDING
14:11:13 INFO  State of current operation: PENDING
14:11:15 INFO  State of current operation: PENDING
14:11:17 INFO  State of current operation: PENDING
14:11:19 INFO  State of current operation: PENDING
14:11:22 INFO  State of current operation: PENDING
14:11:24 INFO  State of current operation: PENDING
14:11:26 INFO  State of current operation: PENDING
14:11:28 INFO  State of current operation: PENDING
14:11:31 INFO  State of current operation: PENDING
14:11:33 INFO  State of current operation: PENDING
14:11:35 INFO  State of current operation: PENDING
14:11:37 INFO  State of current operation: PENDING
14:11:39 INFO  State of current operation: PENDING
14:11:42 INFO  State of current operation: PENDING
14:11:44 INFO  State of current operation: PENDING
14:11:46 INFO  State of current operation: PENDING
14:11:49 INFO  State of current operation: PENDING
14:11:51 INFO  State of current operation: PENDING
14:11:53 INFO  State of current operation: PENDING
14:11:55 INFO  State of current operation: PENDING
14:11:58 INFO  State of current operation: PENDING
14:12:00 INFO  State of current operation: PENDING
14:12:02 WARN  SystemError occurred while running test - Timeout while waiting for status FAILED or SUCCESSFUL
Traceback (most recent call last):
  File &quot;/home/pi/env-pysys/lib/python3.7/site-packages/pysys/baserunner.py&quot;, line 1292, in __call__
    self.testObj.setup()
  File &quot;/home/pi/actions-runner/_work/thin-edge.io/thin-edge.io/tests/PySys/software_management_end_to_end/sm_fake_install_remove/run.py&quot;, line 38, in setup
    super().setup()
  File &quot;/home/pi/actions-runner/_work/thin-edge.io/thin-edge.io/tests/PySys/software_management_end_to_end/environment_sm_management.py&quot;, line 151, in setup
    self.wait_until_end()
  File &quot;/home/pi/actions-runner/_work/thin-edge.io/thin-edge.io/tests/PySys/software_management_end_to_end/environment_sm_management.py&quot;, line 332, in wait_until_end
    self.wait_until_status(&quot;FAILED&quot;, &quot;SUCCESSFUL&quot;)
  File &quot;/home/pi/actions-runner/_work/thin-edge.io/thin-edge.io/tests/PySys/software_management_end_to_end/environment_sm_management.py&quot;, line 381, in wait_until_status
    &quot;Timeout while waiting for status %s or %s&quot; % (status, status2)
SystemError: Timeout while waiting for status FAILED or SUCCESSFUL
14:12:02 WARN  SystemError: Timeout while waiting for status FAILED or SUCCESSFUL ... blocked 
14:12:02 INFO  
14:12:02 INFO  cleanup:
14:12:06 INFO  Executed sudo&lt;tedge_disconnect_c8y&gt;, exit status 0
14:12:07 INFO  Executed systemctl&lt;serv_mapper5&gt;, exit status 3
14:12:07 INFO  
14:12:07 INFO  Test duration: 167.63 secs
14:12:07 INFO  Test final outcome:  BLOCKED
14:12:07 INFO  Test outcome reason: SystemError: Timeout while waiting for status FAILED or SUCCESSFUL
14:12:07 INFO  
</system-out>
	</testcase>
</testsuite>
