<?xml version="1.0" encoding="utf-8"?>
<testsuite failures="1" name="SoftwareManagement.sm_docker_install_remove_multiple" skipped="0" tests="1" time="162.0" timestamp="2022-07-22T15:37:34">
	<testcase classname="SMDockerInstallRemove" name="SoftwareManagement.sm_docker_install_remove_multiple">
		<failure message="FAILED: Assert that (True == value) with value=False (+1 other failures)" type="FAILED"/>
		<system-out>15:34:52 INFO  ==============================================================
15:34:52 INFO  Id:    SoftwareManagement.sm_docker_install_remove_multiple
15:34:52 INFO  Dir:   software_management_end_to_end/
15:34:52 INFO  Title: Validate end to end behaviour for the docker plugin for multiple docker images with mixed versions
15:34:52 INFO  ==============================================================
15:34:52 INFO  Using sw id database: {'asciijump': '5475369', 'robotfindskitten': '5474869', 'squirrel3': '5475279', 'rolldice': '5152439', 'moon-buggy': '5439204', 'apple': '5495053', 'banana': '5494888', 'cherry': '5495382', 'watermelon': '5494510', 'registry': '8018911', 'hello-world': '8021526', 'docker/getting-started': '8021973', 'alpine': '7991792'}
15:34:52 INFO  EnvironmentC8y Setup
15:34:52 INFO  Executed systemctl&lt;serv_mapper1&gt;, exit status 3
15:34:53 INFO  Restarting mosquitto too frequently in the last 10 seconds. It was only up for 5 seconds
15:34:53 INFO  Delaying execution by 6 seconds
15:35:13 INFO  Executed sudo&lt;tedge_connect_c8y&gt;, exit status 0, duration 14 secs
15:35:13 INFO  Executed sudo&lt;tedge_connect_c8y_test&gt;, exit status 0
15:35:14 INFO  Executed systemctl&lt;serv_mosq2&gt;, exit status 0
15:35:14 INFO  Executed systemctl&lt;serv_mapper3&gt;, exit status 0
15:35:16 INFO  State of current operation: SUCCESSFUL
15:35:17 INFO  Response status: 201
15:35:17 INFO  Response to action: {
    &quot;creationTime&quot;: &quot;2022-07-22T15:35:17.120Z&quot;,
    &quot;deviceId&quot;: &quot;21273852&quot;,
    &quot;deviceName&quot;: &quot;m32sd10b&quot;,
    &quot;self&quot;: &quot;https://t493319102.eu-latest.cumulocity.com/devicecontrol/operations/21290580&quot;,
    &quot;id&quot;: &quot;21290580&quot;,
    &quot;status&quot;: &quot;PENDING&quot;,
    &quot;description&quot;: &quot;Apply software changes, triggered from PySys: [{'action': 'install', 'id': '8021526', 'name': 'hello-world', 'url': '', 'version': '::docker'}, {'action': 'install', 'id': '8018911', 'name': 'registry', 'url': '', 'version': '2.6.2::docker'}]&quot;,
    &quot;c8y_SoftwareUpdate&quot;: [
        {
            &quot;name&quot;: &quot;hello-world&quot;,
            &quot;action&quot;: &quot;install&quot;,
            &quot;id&quot;: &quot;8021526&quot;,
            &quot;version&quot;: &quot;::docker&quot;,
            &quot;url&quot;: &quot;&quot;
        },
        {
            &quot;name&quot;: &quot;registry&quot;,
            &quot;action&quot;: &quot;install&quot;,
            &quot;id&quot;: &quot;8018911&quot;,
            &quot;version&quot;: &quot;2.6.2::docker&quot;,
            &quot;url&quot;: &quot;&quot;
        }
    ]
}
15:35:17 INFO  Started operation: {'creationTime': '2022-07-22T15:35:17.120Z', 'deviceId': '21273852', 'deviceName': 'm32sd10b', 'self': 'https://t493319102.eu-latest.cumulocity.com/devicecontrol/operations/21290580', 'id': '21290580', 'status': 'PENDING', 'description': &quot;Apply software changes, triggered from PySys: [{'action': 'install', 'id': '8021526', 'name': 'hello-world', 'url': '', 'version': '::docker'}, {'action': 'install', 'id': '8018911', 'name': 'registry', 'url': '', 'version': '2.6.2::docker'}]&quot;, 'c8y_SoftwareUpdate': [{'name': 'hello-world', 'action': 'install', 'id': '8021526', 'version': '::docker', 'url': ''}, {'name': 'registry', 'action': 'install', 'id': '8018911', 'version': '2.6.2::docker', 'url': ''}]}
15:35:19 INFO  State of operation 21290580 : PENDING
15:35:21 INFO  State of operation 21290580 : EXECUTING
15:35:23 INFO  State of operation 21290580 : EXECUTING
15:35:26 INFO  State of operation 21290580 : EXECUTING
15:35:28 INFO  State of operation 21290580 : EXECUTING
15:35:30 INFO  State of operation 21290580 : EXECUTING
15:35:32 INFO  State of operation 21290580 : EXECUTING
15:35:35 INFO  State of operation 21290580 : EXECUTING
15:35:37 INFO  State of operation 21290580 : EXECUTING
15:35:39 INFO  State of operation 21290580 : EXECUTING
15:35:41 INFO  State of operation 21290580 : EXECUTING
15:35:44 INFO  State of operation 21290580 : EXECUTING
15:35:46 INFO  State of operation 21290580 : EXECUTING
15:35:48 INFO  State of operation 21290580 : EXECUTING
15:35:50 INFO  State of operation 21290580 : EXECUTING
15:35:53 INFO  State of operation 21290580 : EXECUTING
15:35:55 INFO  State of operation 21290580 : SUCCESSFUL
15:36:06 WARN  Assert that (True == value) with value=False ... failed 
15:36:07 WARN  Assert that (True == value) with value=False ... failed 
15:36:07 INFO  Assert that (False == value) with value=False ... passed
15:36:07 INFO  Response status: 201
15:36:07 INFO  Response to action: {
    &quot;creationTime&quot;: &quot;2022-07-22T15:36:07.440Z&quot;,
    &quot;deviceId&quot;: &quot;21273852&quot;,
    &quot;deviceName&quot;: &quot;m32sd10b&quot;,
    &quot;self&quot;: &quot;https://t493319102.eu-latest.cumulocity.com/devicecontrol/operations/21290596&quot;,
    &quot;id&quot;: &quot;21290596&quot;,
    &quot;status&quot;: &quot;PENDING&quot;,
    &quot;description&quot;: &quot;Apply software changes, triggered from PySys: [{'action': 'install', 'id': '8018911', 'name': 'registry', 'url': '', 'version': '2.7.1::docker'}, {'action': 'install', 'id': '7991792', 'name': 'alpine', 'url': '', 'version': '::docker'}]&quot;,
    &quot;c8y_SoftwareUpdate&quot;: [
        {
            &quot;name&quot;: &quot;registry&quot;,
            &quot;action&quot;: &quot;install&quot;,
            &quot;id&quot;: &quot;8018911&quot;,
            &quot;version&quot;: &quot;2.7.1::docker&quot;,
            &quot;url&quot;: &quot;&quot;
        },
        {
            &quot;name&quot;: &quot;alpine&quot;,
            &quot;action&quot;: &quot;install&quot;,
            &quot;id&quot;: &quot;7991792&quot;,
            &quot;version&quot;: &quot;::docker&quot;,
            &quot;url&quot;: &quot;&quot;
        }
    ]
}
15:36:07 INFO  Started operation: {'creationTime': '2022-07-22T15:36:07.440Z', 'deviceId': '21273852', 'deviceName': 'm32sd10b', 'self': 'https://t493319102.eu-latest.cumulocity.com/devicecontrol/operations/21290596', 'id': '21290596', 'status': 'PENDING', 'description': &quot;Apply software changes, triggered from PySys: [{'action': 'install', 'id': '8018911', 'name': 'registry', 'url': '', 'version': '2.7.1::docker'}, {'action': 'install', 'id': '7991792', 'name': 'alpine', 'url': '', 'version': '::docker'}]&quot;, 'c8y_SoftwareUpdate': [{'name': 'registry', 'action': 'install', 'id': '8018911', 'version': '2.7.1::docker', 'url': ''}, {'name': 'alpine', 'action': 'install', 'id': '7991792', 'version': '::docker', 'url': ''}]}
15:36:09 INFO  State of operation 21290596 : PENDING
15:36:11 INFO  State of operation 21290596 : EXECUTING
15:36:14 INFO  State of operation 21290596 : EXECUTING
15:36:16 INFO  State of operation 21290596 : EXECUTING
15:36:19 INFO  State of operation 21290596 : EXECUTING
15:36:21 INFO  State of operation 21290596 : EXECUTING
15:36:23 INFO  State of operation 21290596 : EXECUTING
15:36:25 INFO  State of operation 21290596 : EXECUTING
15:36:27 INFO  State of operation 21290596 : EXECUTING
15:36:30 INFO  State of operation 21290596 : EXECUTING
15:36:32 INFO  State of operation 21290596 : EXECUTING
15:36:35 INFO  State of operation 21290596 : EXECUTING
15:36:37 INFO  State of operation 21290596 : EXECUTING
15:36:39 INFO  State of operation 21290596 : EXECUTING
15:36:41 INFO  State of operation 21290596 : EXECUTING
15:36:44 INFO  State of operation 21290596 : EXECUTING
15:36:46 INFO  State of operation 21290596 : EXECUTING
15:36:48 INFO  State of operation 21290596 : EXECUTING
15:36:51 INFO  State of operation 21290596 : EXECUTING
15:36:53 INFO  State of operation 21290596 : EXECUTING
15:36:55 INFO  State of operation 21290596 : SUCCESSFUL
15:36:56 INFO  Package hello-world is installed
15:36:56 INFO  Package hello-world is installed
15:36:56 INFO  Assert that (True == value) with value=True ... passed
15:36:57 INFO  Package registry is installed
15:36:57 INFO  Assert that (True == value) with value=True ... passed
15:36:57 INFO  Package alpine is installed
15:36:57 INFO  Assert that (True == value) with value=True ... passed
15:36:57 INFO  
15:36:57 INFO  cleanup:
15:36:57 INFO  Response status: 201
15:36:57 INFO  Response to action: {
    &quot;creationTime&quot;: &quot;2022-07-22T15:36:57.641Z&quot;,
    &quot;deviceId&quot;: &quot;21273852&quot;,
    &quot;deviceName&quot;: &quot;m32sd10b&quot;,
    &quot;self&quot;: &quot;https://t493319102.eu-latest.cumulocity.com/devicecontrol/operations/21290614&quot;,
    &quot;id&quot;: &quot;21290614&quot;,
    &quot;status&quot;: &quot;PENDING&quot;,
    &quot;description&quot;: &quot;Apply software changes, triggered from PySys: [{'action': 'delete', 'id': '8018911', 'name': 'registry', 'url': '', 'version': '2.7.1::docker'}, {'action': 'delete', 'id': '7991792', 'name': 'alpine', 'url': '', 'version': '::docker'}, {'action': 'delete', 'id': '8021526', 'name': 'hello-world', 'url': '', 'version': '::docker'}]&quot;,
    &quot;c8y_SoftwareUpdate&quot;: [
        {
            &quot;name&quot;: &quot;registry&quot;,
            &quot;action&quot;: &quot;delete&quot;,
            &quot;id&quot;: &quot;8018911&quot;,
            &quot;version&quot;: &quot;2.7.1::docker&quot;,
            &quot;url&quot;: &quot;&quot;
        },
        {
            &quot;name&quot;: &quot;alpine&quot;,
            &quot;action&quot;: &quot;delete&quot;,
            &quot;id&quot;: &quot;7991792&quot;,
            &quot;version&quot;: &quot;::docker&quot;,
            &quot;url&quot;: &quot;&quot;
        },
        {
            &quot;name&quot;: &quot;hello-world&quot;,
            &quot;action&quot;: &quot;delete&quot;,
            &quot;id&quot;: &quot;8021526&quot;,
            &quot;version&quot;: &quot;::docker&quot;,
            &quot;url&quot;: &quot;&quot;
        }
    ]
}
15:36:57 INFO  Started operation: {'creationTime': '2022-07-22T15:36:57.641Z', 'deviceId': '21273852', 'deviceName': 'm32sd10b', 'self': 'https://t493319102.eu-latest.cumulocity.com/devicecontrol/operations/21290614', 'id': '21290614', 'status': 'PENDING', 'description': &quot;Apply software changes, triggered from PySys: [{'action': 'delete', 'id': '8018911', 'name': 'registry', 'url': '', 'version': '2.7.1::docker'}, {'action': 'delete', 'id': '7991792', 'name': 'alpine', 'url': '', 'version': '::docker'}, {'action': 'delete', 'id': '8021526', 'name': 'hello-world', 'url': '', 'version': '::docker'}]&quot;, 'c8y_SoftwareUpdate': [{'name': 'registry', 'action': 'delete', 'id': '8018911', 'version': '2.7.1::docker', 'url': ''}, {'name': 'alpine', 'action': 'delete', 'id': '7991792', 'version': '::docker', 'url': ''}, {'name': 'hello-world', 'action': 'delete', 'id': '8021526', 'version': '::docker', 'url': ''}]}
15:37:00 INFO  State of operation 21290614 : PENDING
15:37:02 INFO  State of operation 21290614 : EXECUTING
15:37:04 INFO  State of operation 21290614 : EXECUTING
15:37:06 INFO  State of operation 21290614 : EXECUTING
15:37:08 INFO  State of operation 21290614 : EXECUTING
15:37:11 INFO  State of operation 21290614 : EXECUTING
15:37:13 INFO  State of operation 21290614 : EXECUTING
15:37:15 INFO  State of operation 21290614 : EXECUTING
15:37:17 INFO  State of operation 21290614 : SUCCESSFUL
15:37:29 INFO  Assert that (False == value) with value=False ... passed
15:37:29 INFO  Assert that (False == value) with value=False ... passed
15:37:29 INFO  Assert that (False == value) with value=False ... passed
15:37:33 INFO  Executed sudo&lt;tedge_disconnect_c8y&gt;, exit status 0
15:37:34 INFO  Executed systemctl&lt;serv_mapper5&gt;, exit status 3
15:37:34 INFO  
15:37:34 INFO  Test duration: 162.00 secs
15:37:34 INFO  Test final outcome:  FAILED
15:37:34 INFO  Test outcome reason: Assert that (True == value) with value=False (+1 other failures)
15:37:34 INFO  
</system-out>
	</testcase>
</testsuite>
