<?xml version="1.0" encoding="utf-8"?>
<testsuite failures="1" name="SoftwareManagement.sm_apt_install_remove_multiple" skipped="0" tests="1" time="138.77" timestamp="2022-07-01T08:02:41">
	<testcase classname="PySysTest" name="SoftwareManagement.sm_apt_install_remove_multiple">
		<failure message="FAILED: Assert that (False == value) with value=True (+2 other failures)" type="FAILED"/>
		<system-out>08:00:22 INFO  ==============================================================
08:00:22 INFO  Id:    SoftwareManagement.sm_apt_install_remove_multiple
08:00:22 INFO  Dir:   software_management_end_to_end/
08:00:22 INFO  Title: Validate end to end behaviour for the apt plugin for multiple packages
08:00:22 INFO  ==============================================================
08:00:22 INFO  Using sw id database: {'asciijump': '5475369', 'robotfindskitten': '5474869', 'squirrel3': '5475279', 'rolldice': '5152439', 'moon-buggy': '5439204', 'apple': '5495053', 'banana': '5494888', 'cherry': '5495382', 'watermelon': '5494510', 'registry': '8018911', 'hello-world': '8021526', 'docker/getting-started': '8021973', 'alpine': '7991792'}
08:00:22 INFO  EnvironmentC8y Setup
08:00:23 INFO  Executed systemctl&lt;serv_mapper1&gt;, exit status 3
08:00:23 INFO  Restarting mosquitto too frequently in the last 10 seconds. It was only up for 4 seconds
08:00:23 INFO  Delaying execution by 7 seconds
08:00:44 INFO  Executed sudo&lt;tedge_connect_c8y&gt;, exit status 0, duration 13 secs
08:00:44 INFO  Executed sudo&lt;tedge_connect_c8y_test&gt;, exit status 0
08:00:45 INFO  Executed systemctl&lt;serv_mosq2&gt;, exit status 0
08:00:45 INFO  Executed systemctl&lt;serv_mapper3&gt;, exit status 0
08:00:47 INFO  State of current operation: SUCCESSFUL
08:00:48 INFO  Assert that (False == value) with value=False ... passed
08:00:48 INFO  Package asciijump is installed
08:00:48 WARN  Assert that (False == value) with value=True ... failed 
08:00:48 INFO  Package squirrel3 is installed
08:00:49 WARN  Assert that (False == value) with value=True ... failed 
08:00:49 INFO  Package robotfindskitten is installed
08:00:49 WARN  Assert that (False == value) with value=True ... failed 
08:00:49 INFO  Response status: 201
08:00:49 INFO  Response to action: {
    &quot;creationTime&quot;: &quot;2022-07-01T08:00:49.454Z&quot;,
    &quot;deviceId&quot;: &quot;20627469&quot;,
    &quot;deviceName&quot;: &quot;m32sd10b&quot;,
    &quot;self&quot;: &quot;https://t493319102.eu-latest.cumulocity.com/devicecontrol/operations/20666137&quot;,
    &quot;id&quot;: &quot;20666137&quot;,
    &quot;status&quot;: &quot;PENDING&quot;,
    &quot;description&quot;: &quot;Apply software changes, triggered from PySys: [{'action': 'install', 'id': '5475369', 'name': 'asciijump', 'url': ' ', 'version': '::apt'}, {'action': 'install', 'id': '5474869', 'name': 'robotfindskitten', 'url': ' ', 'version': '::apt'}, {'action': 'install', 'id': '5475279', 'name': 'squirrel3', 'url': ' ', 'version': '::apt'}]&quot;,
    &quot;c8y_SoftwareUpdate&quot;: [
        {
            &quot;name&quot;: &quot;asciijump&quot;,
            &quot;action&quot;: &quot;install&quot;,
            &quot;id&quot;: &quot;5475369&quot;,
            &quot;version&quot;: &quot;::apt&quot;,
            &quot;url&quot;: &quot; &quot;
        },
        {
            &quot;name&quot;: &quot;robotfindskitten&quot;,
            &quot;action&quot;: &quot;install&quot;,
            &quot;id&quot;: &quot;5474869&quot;,
            &quot;version&quot;: &quot;::apt&quot;,
            &quot;url&quot;: &quot; &quot;
        },
        {
            &quot;name&quot;: &quot;squirrel3&quot;,
            &quot;action&quot;: &quot;install&quot;,
            &quot;id&quot;: &quot;5475279&quot;,
            &quot;version&quot;: &quot;::apt&quot;,
            &quot;url&quot;: &quot; &quot;
        }
    ]
}
08:00:49 INFO  Started operation: {'creationTime': '2022-07-01T08:00:49.454Z', 'deviceId': '20627469', 'deviceName': 'm32sd10b', 'self': 'https://t493319102.eu-latest.cumulocity.com/devicecontrol/operations/20666137', 'id': '20666137', 'status': 'PENDING', 'description': &quot;Apply software changes, triggered from PySys: [{'action': 'install', 'id': '5475369', 'name': 'asciijump', 'url': ' ', 'version': '::apt'}, {'action': 'install', 'id': '5474869', 'name': 'robotfindskitten', 'url': ' ', 'version': '::apt'}, {'action': 'install', 'id': '5475279', 'name': 'squirrel3', 'url': ' ', 'version': '::apt'}]&quot;, 'c8y_SoftwareUpdate': [{'name': 'asciijump', 'action': 'install', 'id': '5475369', 'version': '::apt', 'url': ' '}, {'name': 'robotfindskitten', 'action': 'install', 'id': '5474869', 'version': '::apt', 'url': ' '}, {'name': 'squirrel3', 'action': 'install', 'id': '5475279', 'version': '::apt', 'url': ' '}]}
08:00:51 INFO  State of operation 20666137 : PENDING
08:00:53 INFO  State of operation 20666137 : EXECUTING
08:00:56 INFO  State of operation 20666137 : EXECUTING
08:00:58 INFO  State of operation 20666137 : EXECUTING
08:01:00 INFO  State of operation 20666137 : EXECUTING
08:01:02 INFO  State of operation 20666137 : EXECUTING
08:01:05 INFO  State of operation 20666137 : EXECUTING
08:01:08 INFO  State of operation 20666137 : EXECUTING
08:01:10 INFO  State of operation 20666137 : EXECUTING
08:01:12 INFO  State of operation 20666137 : EXECUTING
08:01:15 INFO  State of operation 20666137 : EXECUTING
08:01:17 INFO  State of operation 20666137 : EXECUTING
08:01:19 INFO  State of operation 20666137 : EXECUTING
08:01:21 INFO  State of operation 20666137 : EXECUTING
08:01:24 INFO  State of operation 20666137 : EXECUTING
08:01:26 INFO  State of operation 20666137 : SUCCESSFUL
08:01:26 INFO  Assert that (False == value) with value=False ... passed
08:01:26 INFO  Package asciijump is installed
08:01:26 INFO  Assert that (True == value) with value=True ... passed
08:01:27 INFO  Package squirrel3 is installed
08:01:27 INFO  Assert that (True == value) with value=True ... passed
08:01:27 INFO  Package robotfindskitten is installed
08:01:27 INFO  Assert that (True == value) with value=True ... passed
08:01:27 INFO  Response status: 201
08:01:27 INFO  Response to action: {
    &quot;creationTime&quot;: &quot;2022-07-01T08:01:27.418Z&quot;,
    &quot;deviceId&quot;: &quot;20627469&quot;,
    &quot;deviceName&quot;: &quot;m32sd10b&quot;,
    &quot;self&quot;: &quot;https://t493319102.eu-latest.cumulocity.com/devicecontrol/operations/20666143&quot;,
    &quot;id&quot;: &quot;20666143&quot;,
    &quot;status&quot;: &quot;PENDING&quot;,
    &quot;description&quot;: &quot;Apply software changes, triggered from PySys: [{'action': 'delete', 'id': '5475369', 'name': 'asciijump', 'url': ' ', 'version': '::apt'}, {'action': 'delete', 'id': '5474869', 'name': 'robotfindskitten', 'url': ' ', 'version': '::apt'}, {'action': 'delete', 'id': '5475279', 'name': 'squirrel3', 'url': ' ', 'version': '::apt'}]&quot;,
    &quot;c8y_SoftwareUpdate&quot;: [
        {
            &quot;name&quot;: &quot;asciijump&quot;,
            &quot;action&quot;: &quot;delete&quot;,
            &quot;id&quot;: &quot;5475369&quot;,
            &quot;version&quot;: &quot;::apt&quot;,
            &quot;url&quot;: &quot; &quot;
        },
        {
            &quot;name&quot;: &quot;robotfindskitten&quot;,
            &quot;action&quot;: &quot;delete&quot;,
            &quot;id&quot;: &quot;5474869&quot;,
            &quot;version&quot;: &quot;::apt&quot;,
            &quot;url&quot;: &quot; &quot;
        },
        {
            &quot;name&quot;: &quot;squirrel3&quot;,
            &quot;action&quot;: &quot;delete&quot;,
            &quot;id&quot;: &quot;5475279&quot;,
            &quot;version&quot;: &quot;::apt&quot;,
            &quot;url&quot;: &quot; &quot;
        }
    ]
}
08:01:27 INFO  Started operation: {'creationTime': '2022-07-01T08:01:27.418Z', 'deviceId': '20627469', 'deviceName': 'm32sd10b', 'self': 'https://t493319102.eu-latest.cumulocity.com/devicecontrol/operations/20666143', 'id': '20666143', 'status': 'PENDING', 'description': &quot;Apply software changes, triggered from PySys: [{'action': 'delete', 'id': '5475369', 'name': 'asciijump', 'url': ' ', 'version': '::apt'}, {'action': 'delete', 'id': '5474869', 'name': 'robotfindskitten', 'url': ' ', 'version': '::apt'}, {'action': 'delete', 'id': '5475279', 'name': 'squirrel3', 'url': ' ', 'version': '::apt'}]&quot;, 'c8y_SoftwareUpdate': [{'name': 'asciijump', 'action': 'delete', 'id': '5475369', 'version': '::apt', 'url': ' '}, {'name': 'robotfindskitten', 'action': 'delete', 'id': '5474869', 'version': '::apt', 'url': ' '}, {'name': 'squirrel3', 'action': 'delete', 'id': '5475279', 'version': '::apt', 'url': ' '}]}
08:01:29 INFO  State of operation 20666143 : PENDING
08:01:31 INFO  State of operation 20666143 : EXECUTING
08:01:34 INFO  State of operation 20666143 : EXECUTING
08:01:36 INFO  State of operation 20666143 : EXECUTING
08:01:38 INFO  State of operation 20666143 : EXECUTING
08:01:40 INFO  State of operation 20666143 : EXECUTING
08:01:43 INFO  State of operation 20666143 : EXECUTING
08:01:46 INFO  State of operation 20666143 : EXECUTING
08:01:48 INFO  State of operation 20666143 : EXECUTING
08:01:51 INFO  State of operation 20666143 : EXECUTING
08:01:53 INFO  State of operation 20666143 : EXECUTING
08:01:55 INFO  State of operation 20666143 : EXECUTING
08:01:57 INFO  State of operation 20666143 : EXECUTING
08:02:00 INFO  State of operation 20666143 : EXECUTING
08:02:02 INFO  State of operation 20666143 : EXECUTING
08:02:04 INFO  State of operation 20666143 : EXECUTING
08:02:07 INFO  State of operation 20666143 : EXECUTING
08:02:09 INFO  State of operation 20666143 : EXECUTING
08:02:12 INFO  State of operation 20666143 : EXECUTING
08:02:14 INFO  State of operation 20666143 : EXECUTING
08:02:17 INFO  State of operation 20666143 : EXECUTING
08:02:19 INFO  State of operation 20666143 : EXECUTING
08:02:21 INFO  State of operation 20666143 : EXECUTING
08:02:23 INFO  State of operation 20666143 : EXECUTING
08:02:26 INFO  State of operation 20666143 : EXECUTING
08:02:29 INFO  State of operation 20666143 : EXECUTING
08:02:31 INFO  State of operation 20666143 : EXECUTING
08:02:33 INFO  State of operation 20666143 : EXECUTING
08:02:35 INFO  State of operation 20666143 : SUCCESSFUL
08:02:36 INFO  Assert that (False == value) with value=False ... passed
08:02:36 INFO  Assert that (False == value) with value=False ... passed
08:02:36 INFO  Assert that (False == value) with value=False ... passed
08:02:36 INFO  Assert that (False == value) with value=False ... passed
08:02:36 INFO  
08:02:36 INFO  cleanup:
08:02:40 INFO  Executed sudo&lt;tedge_disconnect_c8y&gt;, exit status 0
08:02:41 INFO  Executed systemctl&lt;serv_mapper5&gt;, exit status 3
08:02:41 INFO  
08:02:41 INFO  Test duration: 138.77 secs
08:02:41 INFO  Test final outcome:  FAILED
08:02:41 INFO  Test outcome reason: Assert that (False == value) with value=True (+2 other failures)
08:02:41 INFO  
</system-out>
	</testcase>
</testsuite>
