<?xml version="1.0" encoding="utf-8"?>
<testsuite failures="1" name="SoftwareManagement.sm_apt_install_remove" skipped="0" tests="1" time="165.09" timestamp="2022-05-23T16:08:19">
	<testcase classname="PySysTest" name="SoftwareManagement.sm_apt_install_remove">
		<failure message="BLOCKED: SystemError: Timeout while waiting for status FAILED or SUCCESSFUL" type="BLOCKED"/>
		<system-out>16:05:34 INFO  ==============================================================
16:05:34 INFO  Id:    SoftwareManagement.sm_apt_install_remove
16:05:34 INFO  Dir:   software_management_end_to_end/
16:05:34 INFO  Title: Validate end to end behaviour for the apt plugin for installation and removal of packages
16:05:34 INFO  ==============================================================
16:05:34 INFO  Using sw id database: {'asciijump': '5475369', 'robotfindskitten': '5474869', 'squirrel3': '5475279', 'rolldice': '5152439', 'moon-buggy': '5439204', 'apple': '5495053', 'banana': '5494888', 'cherry': '5495382', 'watermelon': '5494510', 'registry': '8018911', 'hello-world': '8021526', 'docker/getting-started': '8021973', 'alpine': '7991792'}
16:05:34 INFO  EnvironmentC8y Setup
16:05:35 INFO  Executed systemctl&lt;serv_mapper1&gt;, exit status 3
16:05:35 INFO  Restarting mosquitto too frequently in the last 10 seconds. It was only up for 5 seconds
16:05:35 INFO  Delaying execution by 6 seconds
16:05:55 INFO  Executed sudo&lt;tedge_connect_c8y&gt;, exit status 0, duration 14 secs
16:05:55 INFO  Executed sudo&lt;tedge_connect_c8y_test&gt;, exit status 0
16:05:56 INFO  Executed systemctl&lt;serv_mosq2&gt;, exit status 0
16:05:56 INFO  Executed systemctl&lt;serv_mapper3&gt;, exit status 0
16:05:59 INFO  State of current operation: PENDING
16:06:01 INFO  State of current operation: PENDING
16:06:03 INFO  State of current operation: PENDING
16:06:05 INFO  State of current operation: PENDING
16:06:07 INFO  State of current operation: PENDING
16:06:10 INFO  State of current operation: PENDING
16:06:12 INFO  State of current operation: PENDING
16:06:14 INFO  State of current operation: PENDING
16:06:16 INFO  State of current operation: PENDING
16:06:19 INFO  State of current operation: PENDING
16:06:21 INFO  State of current operation: PENDING
16:06:23 INFO  State of current operation: PENDING
16:06:25 INFO  State of current operation: PENDING
16:06:28 INFO  State of current operation: PENDING
16:06:30 INFO  State of current operation: PENDING
16:06:32 INFO  State of current operation: PENDING
16:06:34 INFO  State of current operation: PENDING
16:06:37 INFO  State of current operation: PENDING
16:06:39 INFO  State of current operation: PENDING
16:06:41 INFO  State of current operation: PENDING
16:06:43 INFO  State of current operation: PENDING
16:06:46 INFO  State of current operation: PENDING
16:06:48 INFO  State of current operation: PENDING
16:06:50 INFO  State of current operation: PENDING
16:06:52 INFO  State of current operation: PENDING
16:06:54 INFO  State of current operation: PENDING
16:06:57 INFO  State of current operation: PENDING
16:06:59 INFO  State of current operation: PENDING
16:07:01 INFO  State of current operation: PENDING
16:07:03 INFO  State of current operation: PENDING
16:07:06 INFO  State of current operation: PENDING
16:07:08 INFO  State of current operation: PENDING
16:07:10 INFO  State of current operation: PENDING
16:07:12 INFO  State of current operation: PENDING
16:07:14 INFO  State of current operation: PENDING
16:07:17 INFO  State of current operation: PENDING
16:07:19 INFO  State of current operation: PENDING
16:07:21 INFO  State of current operation: PENDING
16:07:23 INFO  State of current operation: PENDING
16:07:26 INFO  State of current operation: PENDING
16:07:28 INFO  State of current operation: PENDING
16:07:30 INFO  State of current operation: PENDING
16:07:32 INFO  State of current operation: PENDING
16:07:35 INFO  State of current operation: PENDING
16:07:37 INFO  State of current operation: PENDING
16:07:39 INFO  State of current operation: PENDING
16:07:41 INFO  State of current operation: PENDING
16:07:43 INFO  State of current operation: PENDING
16:07:46 INFO  State of current operation: PENDING
16:07:48 INFO  State of current operation: PENDING
16:07:50 INFO  State of current operation: PENDING
16:07:52 INFO  State of current operation: PENDING
16:07:55 INFO  State of current operation: PENDING
16:07:57 INFO  State of current operation: PENDING
16:07:59 INFO  State of current operation: PENDING
16:08:01 INFO  State of current operation: PENDING
16:08:04 INFO  State of current operation: PENDING
16:08:06 INFO  State of current operation: PENDING
16:08:08 INFO  State of current operation: PENDING
16:08:10 INFO  State of current operation: PENDING
16:08:12 INFO  State of current operation: PENDING
16:08:14 WARN  SystemError occurred while running test - Timeout while waiting for status FAILED or SUCCESSFUL
Traceback (most recent call last):
  File &quot;/home/pi/env-pysys/lib/python3.7/site-packages/pysys/baserunner.py&quot;, line 1292, in __call__
    self.testObj.setup()
  File &quot;/home/pi/actions-runner/_work/thin-edge.io/thin-edge.io/tests/PySys/software_management_end_to_end/sm_apt_install_remove/run.py&quot;, line 27, in setup
    super().setup()
  File &quot;/home/pi/actions-runner/_work/thin-edge.io/thin-edge.io/tests/PySys/software_management_end_to_end/environment_sm_management.py&quot;, line 151, in setup
    self.wait_until_end()
  File &quot;/home/pi/actions-runner/_work/thin-edge.io/thin-edge.io/tests/PySys/software_management_end_to_end/environment_sm_management.py&quot;, line 332, in wait_until_end
    self.wait_until_status(&quot;FAILED&quot;, &quot;SUCCESSFUL&quot;)
  File &quot;/home/pi/actions-runner/_work/thin-edge.io/thin-edge.io/tests/PySys/software_management_end_to_end/environment_sm_management.py&quot;, line 381, in wait_until_status
    &quot;Timeout while waiting for status %s or %s&quot; % (status, status2)
SystemError: Timeout while waiting for status FAILED or SUCCESSFUL
16:08:14 WARN  SystemError: Timeout while waiting for status FAILED or SUCCESSFUL ... blocked 
16:08:14 INFO  
16:08:14 INFO  cleanup:
16:08:18 INFO  Executed sudo&lt;tedge_disconnect_c8y&gt;, exit status 0
16:08:19 INFO  Executed systemctl&lt;serv_mapper5&gt;, exit status 3
16:08:19 INFO  
16:08:19 INFO  Test duration: 165.09 secs
16:08:19 INFO  Test final outcome:  BLOCKED
16:08:19 INFO  Test outcome reason: SystemError: Timeout while waiting for status FAILED or SUCCESSFUL
16:08:19 INFO  
</system-out>
	</testcase>
</testsuite>
