<?xml version="1.0" encoding="utf-8"?>
<testsuite failures="1" name="SoftwareManagement.sm_apt_install_remove_multiple" skipped="0" tests="1" time="138.03" timestamp="2022-06-22T10:54:15">
	<testcase classname="PySysTest" name="SoftwareManagement.sm_apt_install_remove_multiple">
		<failure message="FAILED: Assert that (False == value) with value=True (+2 other failures)" type="FAILED"/>
		<system-out>10:51:57 INFO  ==============================================================
10:51:57 INFO  Id:    SoftwareManagement.sm_apt_install_remove_multiple
10:51:57 INFO  Dir:   software_management_end_to_end/
10:51:57 INFO  Title: Validate end to end behaviour for the apt plugin for multiple packages
10:51:57 INFO  ==============================================================
10:51:57 INFO  Using sw id database: {'asciijump': '5475369', 'robotfindskitten': '5474869', 'squirrel3': '5475279', 'rolldice': '5152439', 'moon-buggy': '5439204', 'apple': '5495053', 'banana': '5494888', 'cherry': '5495382', 'watermelon': '5494510', 'registry': '8018911', 'hello-world': '8021526', 'docker/getting-started': '8021973', 'alpine': '7991792'}
10:51:57 INFO  EnvironmentC8y Setup
10:51:57 INFO  Executed systemctl&lt;serv_mapper1&gt;, exit status 3
10:51:58 INFO  Restarting mosquitto too frequently in the last 10 seconds. It was only up for 5 seconds
10:51:58 INFO  Delaying execution by 6 seconds
10:52:18 INFO  Executed sudo&lt;tedge_connect_c8y&gt;, exit status 0, duration 14 secs
10:52:18 INFO  Executed sudo&lt;tedge_connect_c8y_test&gt;, exit status 0
10:52:19 INFO  Executed systemctl&lt;serv_mosq2&gt;, exit status 0
10:52:19 INFO  Executed systemctl&lt;serv_mapper3&gt;, exit status 0
10:52:22 INFO  State of current operation: SUCCESSFUL
10:52:22 INFO  Assert that (False == value) with value=False ... passed
10:52:22 INFO  Package asciijump is installed
10:52:22 WARN  Assert that (False == value) with value=True ... failed 
10:52:23 INFO  Package squirrel3 is installed
10:52:23 WARN  Assert that (False == value) with value=True ... failed 
10:52:23 INFO  Package robotfindskitten is installed
10:52:23 WARN  Assert that (False == value) with value=True ... failed 
10:52:23 INFO  Response status: 201
10:52:23 INFO  Response to action: {
    &quot;creationTime&quot;: &quot;2022-06-22T10:52:23.496Z&quot;,
    &quot;deviceName&quot;: &quot;m32sd10b&quot;,
    &quot;deviceId&quot;: &quot;20393160&quot;,
    &quot;self&quot;: &quot;https://t493319102.eu-latest.cumulocity.com/devicecontrol/operations/20403594&quot;,
    &quot;id&quot;: &quot;20403594&quot;,
    &quot;status&quot;: &quot;PENDING&quot;,
    &quot;description&quot;: &quot;Apply software changes, triggered from PySys: [{'action': 'install', 'id': '5475369', 'name': 'asciijump', 'url': ' ', 'version': '::apt'}, {'action': 'install', 'id': '5474869', 'name': 'robotfindskitten', 'url': ' ', 'version': '::apt'}, {'action': 'install', 'id': '5475279', 'name': 'squirrel3', 'url': ' ', 'version': '::apt'}]&quot;,
    &quot;c8y_SoftwareUpdate&quot;: [
        {
            &quot;name&quot;: &quot;asciijump&quot;,
            &quot;action&quot;: &quot;install&quot;,
            &quot;id&quot;: &quot;5475369&quot;,
            &quot;version&quot;: &quot;::apt&quot;,
            &quot;url&quot;: &quot; &quot;
        },
        {
            &quot;name&quot;: &quot;robotfindskitten&quot;,
            &quot;action&quot;: &quot;install&quot;,
            &quot;id&quot;: &quot;5474869&quot;,
            &quot;version&quot;: &quot;::apt&quot;,
            &quot;url&quot;: &quot; &quot;
        },
        {
            &quot;name&quot;: &quot;squirrel3&quot;,
            &quot;action&quot;: &quot;install&quot;,
            &quot;id&quot;: &quot;5475279&quot;,
            &quot;version&quot;: &quot;::apt&quot;,
            &quot;url&quot;: &quot; &quot;
        }
    ]
}
10:52:23 INFO  Started operation: {'creationTime': '2022-06-22T10:52:23.496Z', 'deviceName': 'm32sd10b', 'deviceId': '20393160', 'self': 'https://t493319102.eu-latest.cumulocity.com/devicecontrol/operations/20403594', 'id': '20403594', 'status': 'PENDING', 'description': &quot;Apply software changes, triggered from PySys: [{'action': 'install', 'id': '5475369', 'name': 'asciijump', 'url': ' ', 'version': '::apt'}, {'action': 'install', 'id': '5474869', 'name': 'robotfindskitten', 'url': ' ', 'version': '::apt'}, {'action': 'install', 'id': '5475279', 'name': 'squirrel3', 'url': ' ', 'version': '::apt'}]&quot;, 'c8y_SoftwareUpdate': [{'name': 'asciijump', 'action': 'install', 'id': '5475369', 'version': '::apt', 'url': ' '}, {'name': 'robotfindskitten', 'action': 'install', 'id': '5474869', 'version': '::apt', 'url': ' '}, {'name': 'squirrel3', 'action': 'install', 'id': '5475279', 'version': '::apt', 'url': ' '}]}
10:52:25 INFO  State of operation 20403594 : PENDING
10:52:28 INFO  State of operation 20403594 : EXECUTING
10:52:30 INFO  State of operation 20403594 : EXECUTING
10:52:32 INFO  State of operation 20403594 : EXECUTING
10:52:34 INFO  State of operation 20403594 : EXECUTING
10:52:36 INFO  State of operation 20403594 : EXECUTING
10:52:39 INFO  State of operation 20403594 : EXECUTING
10:52:42 INFO  State of operation 20403594 : EXECUTING
10:52:44 INFO  State of operation 20403594 : EXECUTING
10:52:47 INFO  State of operation 20403594 : EXECUTING
10:52:49 INFO  State of operation 20403594 : EXECUTING
10:52:51 INFO  State of operation 20403594 : EXECUTING
10:52:53 INFO  State of operation 20403594 : EXECUTING
10:52:56 INFO  State of operation 20403594 : EXECUTING
10:52:58 INFO  State of operation 20403594 : EXECUTING
10:53:00 INFO  State of operation 20403594 : SUCCESSFUL
10:53:00 INFO  Assert that (False == value) with value=False ... passed
10:53:01 INFO  Package asciijump is installed
10:53:01 INFO  Assert that (True == value) with value=True ... passed
10:53:01 INFO  Package squirrel3 is installed
10:53:01 INFO  Assert that (True == value) with value=True ... passed
10:53:01 INFO  Package robotfindskitten is installed
10:53:01 INFO  Assert that (True == value) with value=True ... passed
10:53:01 INFO  Response status: 201
10:53:01 INFO  Response to action: {
    &quot;creationTime&quot;: &quot;2022-06-22T10:53:01.731Z&quot;,
    &quot;deviceName&quot;: &quot;m32sd10b&quot;,
    &quot;deviceId&quot;: &quot;20393160&quot;,
    &quot;self&quot;: &quot;https://t493319102.eu-latest.cumulocity.com/devicecontrol/operations/20403605&quot;,
    &quot;id&quot;: &quot;20403605&quot;,
    &quot;status&quot;: &quot;PENDING&quot;,
    &quot;description&quot;: &quot;Apply software changes, triggered from PySys: [{'action': 'delete', 'id': '5475369', 'name': 'asciijump', 'url': ' ', 'version': '::apt'}, {'action': 'delete', 'id': '5474869', 'name': 'robotfindskitten', 'url': ' ', 'version': '::apt'}, {'action': 'delete', 'id': '5475279', 'name': 'squirrel3', 'url': ' ', 'version': '::apt'}]&quot;,
    &quot;c8y_SoftwareUpdate&quot;: [
        {
            &quot;name&quot;: &quot;asciijump&quot;,
            &quot;action&quot;: &quot;delete&quot;,
            &quot;id&quot;: &quot;5475369&quot;,
            &quot;version&quot;: &quot;::apt&quot;,
            &quot;url&quot;: &quot; &quot;
        },
        {
            &quot;name&quot;: &quot;robotfindskitten&quot;,
            &quot;action&quot;: &quot;delete&quot;,
            &quot;id&quot;: &quot;5474869&quot;,
            &quot;version&quot;: &quot;::apt&quot;,
            &quot;url&quot;: &quot; &quot;
        },
        {
            &quot;name&quot;: &quot;squirrel3&quot;,
            &quot;action&quot;: &quot;delete&quot;,
            &quot;id&quot;: &quot;5475279&quot;,
            &quot;version&quot;: &quot;::apt&quot;,
            &quot;url&quot;: &quot; &quot;
        }
    ]
}
10:53:01 INFO  Started operation: {'creationTime': '2022-06-22T10:53:01.731Z', 'deviceName': 'm32sd10b', 'deviceId': '20393160', 'self': 'https://t493319102.eu-latest.cumulocity.com/devicecontrol/operations/20403605', 'id': '20403605', 'status': 'PENDING', 'description': &quot;Apply software changes, triggered from PySys: [{'action': 'delete', 'id': '5475369', 'name': 'asciijump', 'url': ' ', 'version': '::apt'}, {'action': 'delete', 'id': '5474869', 'name': 'robotfindskitten', 'url': ' ', 'version': '::apt'}, {'action': 'delete', 'id': '5475279', 'name': 'squirrel3', 'url': ' ', 'version': '::apt'}]&quot;, 'c8y_SoftwareUpdate': [{'name': 'asciijump', 'action': 'delete', 'id': '5475369', 'version': '::apt', 'url': ' '}, {'name': 'robotfindskitten', 'action': 'delete', 'id': '5474869', 'version': '::apt', 'url': ' '}, {'name': 'squirrel3', 'action': 'delete', 'id': '5475279', 'version': '::apt', 'url': ' '}]}
10:53:04 INFO  State of operation 20403605 : PENDING
10:53:06 INFO  State of operation 20403605 : EXECUTING
10:53:08 INFO  State of operation 20403605 : EXECUTING
10:53:10 INFO  State of operation 20403605 : EXECUTING
10:53:12 INFO  State of operation 20403605 : EXECUTING
10:53:15 INFO  State of operation 20403605 : EXECUTING
10:53:17 INFO  State of operation 20403605 : EXECUTING
10:53:20 INFO  State of operation 20403605 : EXECUTING
10:53:23 INFO  State of operation 20403605 : EXECUTING
10:53:25 INFO  State of operation 20403605 : EXECUTING
10:53:27 INFO  State of operation 20403605 : EXECUTING
10:53:30 INFO  State of operation 20403605 : EXECUTING
10:53:32 INFO  State of operation 20403605 : EXECUTING
10:53:34 INFO  State of operation 20403605 : EXECUTING
10:53:37 INFO  State of operation 20403605 : EXECUTING
10:53:39 INFO  State of operation 20403605 : EXECUTING
10:53:41 INFO  State of operation 20403605 : EXECUTING
10:53:44 INFO  State of operation 20403605 : EXECUTING
10:53:46 INFO  State of operation 20403605 : EXECUTING
10:53:49 INFO  State of operation 20403605 : EXECUTING
10:53:51 INFO  State of operation 20403605 : EXECUTING
10:53:53 INFO  State of operation 20403605 : EXECUTING
10:53:55 INFO  State of operation 20403605 : EXECUTING
10:53:58 INFO  State of operation 20403605 : EXECUTING
10:54:00 INFO  State of operation 20403605 : EXECUTING
10:54:03 INFO  State of operation 20403605 : EXECUTING
10:54:05 INFO  State of operation 20403605 : EXECUTING
10:54:07 INFO  State of operation 20403605 : EXECUTING
10:54:09 INFO  State of operation 20403605 : SUCCESSFUL
10:54:10 INFO  Assert that (False == value) with value=False ... passed
10:54:10 INFO  Assert that (False == value) with value=False ... passed
10:54:10 INFO  Assert that (False == value) with value=False ... passed
10:54:10 INFO  Assert that (False == value) with value=False ... passed
10:54:10 INFO  
10:54:10 INFO  cleanup:
10:54:14 INFO  Executed sudo&lt;tedge_disconnect_c8y&gt;, exit status 0
10:54:15 INFO  Executed systemctl&lt;serv_mapper5&gt;, exit status 3
10:54:15 INFO  
10:54:15 INFO  Test duration: 138.03 secs
10:54:15 INFO  Test final outcome:  FAILED
10:54:15 INFO  Test outcome reason: Assert that (False == value) with value=True (+2 other failures)
10:54:15 INFO  
</system-out>
	</testcase>
</testsuite>
