<?xml version="1.0" encoding="utf-8"?>
<testsuite failures="1" name="SoftwareManagement.sm_apt_install_remove_multiple_mixed" skipped="0" tests="1" time="165.53" timestamp="2022-05-23T20:27:24">
	<testcase classname="PySysTest" name="SoftwareManagement.sm_apt_install_remove_multiple_mixed">
		<failure message="BLOCKED: SystemError: Timeout while waiting for status FAILED or SUCCESSFUL" type="BLOCKED"/>
		<system-out>20:24:39 INFO  ==============================================================
20:24:39 INFO  Id:    SoftwareManagement.sm_apt_install_remove_multiple_mixed
20:24:39 INFO  Dir:   software_management_end_to_end/
20:24:39 INFO  Title: Validate end to end behaviour for the apt plugin for multiple packages with mixed versions
20:24:39 INFO  ==============================================================
20:24:39 INFO  Using sw id database: {'asciijump': '5475369', 'robotfindskitten': '5474869', 'squirrel3': '5475279', 'rolldice': '5152439', 'moon-buggy': '5439204', 'apple': '5495053', 'banana': '5494888', 'cherry': '5495382', 'watermelon': '5494510', 'registry': '8018911', 'hello-world': '8021526', 'docker/getting-started': '8021973', 'alpine': '7991792'}
20:24:39 INFO  EnvironmentC8y Setup
20:24:39 INFO  Executed systemctl&lt;serv_mapper1&gt;, exit status 3
20:24:39 INFO  Restarting mosquitto too frequently in the last 10 seconds. It was only up for 5 seconds
20:24:39 INFO  Delaying execution by 6 seconds
20:24:59 INFO  Executed sudo&lt;tedge_connect_c8y&gt;, exit status 0, duration 14 secs
20:25:00 INFO  Executed sudo&lt;tedge_connect_c8y_test&gt;, exit status 0
20:25:01 INFO  Executed systemctl&lt;serv_mosq2&gt;, exit status 0
20:25:01 INFO  Executed systemctl&lt;serv_mapper3&gt;, exit status 0
20:25:03 INFO  State of current operation: PENDING
20:25:05 INFO  State of current operation: PENDING
20:25:08 INFO  State of current operation: PENDING
20:25:10 INFO  State of current operation: PENDING
20:25:12 INFO  State of current operation: PENDING
20:25:14 INFO  State of current operation: PENDING
20:25:17 INFO  State of current operation: PENDING
20:25:19 INFO  State of current operation: PENDING
20:25:21 INFO  State of current operation: PENDING
20:25:23 INFO  State of current operation: PENDING
20:25:26 INFO  State of current operation: PENDING
20:25:28 INFO  State of current operation: PENDING
20:25:30 INFO  State of current operation: PENDING
20:25:32 INFO  State of current operation: PENDING
20:25:35 INFO  State of current operation: PENDING
20:25:37 INFO  State of current operation: PENDING
20:25:39 INFO  State of current operation: PENDING
20:25:41 INFO  State of current operation: PENDING
20:25:43 INFO  State of current operation: PENDING
20:25:46 INFO  State of current operation: PENDING
20:25:48 INFO  State of current operation: PENDING
20:25:50 INFO  State of current operation: PENDING
20:25:52 INFO  State of current operation: PENDING
20:25:55 INFO  State of current operation: PENDING
20:25:57 INFO  State of current operation: PENDING
20:25:59 INFO  State of current operation: PENDING
20:26:01 INFO  State of current operation: PENDING
20:26:04 INFO  State of current operation: PENDING
20:26:06 INFO  State of current operation: PENDING
20:26:08 INFO  State of current operation: PENDING
20:26:10 INFO  State of current operation: PENDING
20:26:12 INFO  State of current operation: PENDING
20:26:15 INFO  State of current operation: PENDING
20:26:17 INFO  State of current operation: PENDING
20:26:19 INFO  State of current operation: PENDING
20:26:21 INFO  State of current operation: PENDING
20:26:24 INFO  State of current operation: PENDING
20:26:26 INFO  State of current operation: PENDING
20:26:28 INFO  State of current operation: PENDING
20:26:30 INFO  State of current operation: PENDING
20:26:33 INFO  State of current operation: PENDING
20:26:35 INFO  State of current operation: PENDING
20:26:37 INFO  State of current operation: PENDING
20:26:39 INFO  State of current operation: PENDING
20:26:42 INFO  State of current operation: PENDING
20:26:44 INFO  State of current operation: PENDING
20:26:46 INFO  State of current operation: PENDING
20:26:48 INFO  State of current operation: PENDING
20:26:51 INFO  State of current operation: PENDING
20:26:53 INFO  State of current operation: PENDING
20:26:55 INFO  State of current operation: PENDING
20:26:57 INFO  State of current operation: PENDING
20:26:59 INFO  State of current operation: PENDING
20:27:02 INFO  State of current operation: PENDING
20:27:04 INFO  State of current operation: PENDING
20:27:06 INFO  State of current operation: PENDING
20:27:08 INFO  State of current operation: PENDING
20:27:11 INFO  State of current operation: PENDING
20:27:13 INFO  State of current operation: PENDING
20:27:15 INFO  State of current operation: PENDING
20:27:18 INFO  State of current operation: PENDING
20:27:20 WARN  SystemError occurred while running test - Timeout while waiting for status FAILED or SUCCESSFUL
Traceback (most recent call last):
  File &quot;/home/pi/env-pysys/lib/python3.7/site-packages/pysys/baserunner.py&quot;, line 1292, in __call__
    self.testObj.setup()
  File &quot;/home/pi/actions-runner/_work/thin-edge.io/thin-edge.io/tests/PySys/software_management_end_to_end/sm_apt_install_remove_multiple_mixed/run.py&quot;, line 73, in setup
    super().setup()
  File &quot;/home/pi/actions-runner/_work/thin-edge.io/thin-edge.io/tests/PySys/software_management_end_to_end/environment_sm_management.py&quot;, line 151, in setup
    self.wait_until_end()
  File &quot;/home/pi/actions-runner/_work/thin-edge.io/thin-edge.io/tests/PySys/software_management_end_to_end/environment_sm_management.py&quot;, line 332, in wait_until_end
    self.wait_until_status(&quot;FAILED&quot;, &quot;SUCCESSFUL&quot;)
  File &quot;/home/pi/actions-runner/_work/thin-edge.io/thin-edge.io/tests/PySys/software_management_end_to_end/environment_sm_management.py&quot;, line 381, in wait_until_status
    &quot;Timeout while waiting for status %s or %s&quot; % (status, status2)
SystemError: Timeout while waiting for status FAILED or SUCCESSFUL
20:27:20 WARN  SystemError: Timeout while waiting for status FAILED or SUCCESSFUL ... blocked 
20:27:20 INFO  
20:27:20 INFO  cleanup:
20:27:24 INFO  Executed sudo&lt;tedge_disconnect_c8y&gt;, exit status 0
20:27:24 INFO  Executed systemctl&lt;serv_mapper5&gt;, exit status 3
20:27:24 INFO  
20:27:24 INFO  Test duration: 165.53 secs
20:27:24 INFO  Test final outcome:  BLOCKED
20:27:24 INFO  Test outcome reason: SystemError: Timeout while waiting for status FAILED or SUCCESSFUL
20:27:24 INFO  
</system-out>
	</testcase>
</testsuite>
