<?xml version="1.0" encoding="utf-8"?>
<testsuite failures="1" name="SoftwareManagement.sm_apt_install_fail" skipped="0" tests="1" time="165.45" timestamp="2022-05-23T20:16:20">
	<testcase classname="PySysTest" name="SoftwareManagement.sm_apt_install_fail">
		<failure message="BLOCKED: SystemError: Timeout while waiting for status FAILED or SUCCESSFUL" type="BLOCKED"/>
		<system-out>20:13:35 INFO  ==============================================================
20:13:35 INFO  Id:    SoftwareManagement.sm_apt_install_fail
20:13:35 INFO  Dir:   software_management_end_to_end/
20:13:35 INFO  Title: Validate end to end behaviour for a failing installation
20:13:35 INFO  ==============================================================
20:13:35 INFO  Using sw id database: {'asciijump': '5475369', 'robotfindskitten': '5474869', 'squirrel3': '5475279', 'rolldice': '5152439', 'moon-buggy': '5439204', 'apple': '5495053', 'banana': '5494888', 'cherry': '5495382', 'watermelon': '5494510', 'registry': '8018911', 'hello-world': '8021526', 'docker/getting-started': '8021973', 'alpine': '7991792'}
20:13:35 INFO  EnvironmentC8y Setup
20:13:36 INFO  Executed systemctl&lt;serv_mapper1&gt;, exit status 3
20:13:36 INFO  Restarting mosquitto too frequently in the last 10 seconds. It was only up for 5 seconds
20:13:36 INFO  Delaying execution by 6 seconds
20:13:56 INFO  Executed sudo&lt;tedge_connect_c8y&gt;, exit status 0, duration 14 secs
20:13:56 INFO  Executed sudo&lt;tedge_connect_c8y_test&gt;, exit status 0
20:13:57 INFO  Executed systemctl&lt;serv_mosq2&gt;, exit status 0
20:13:57 INFO  Executed systemctl&lt;serv_mapper3&gt;, exit status 0
20:14:00 INFO  State of current operation: PENDING
20:14:02 INFO  State of current operation: PENDING
20:14:04 INFO  State of current operation: PENDING
20:14:06 INFO  State of current operation: PENDING
20:14:08 INFO  State of current operation: PENDING
20:14:11 INFO  State of current operation: PENDING
20:14:13 INFO  State of current operation: PENDING
20:14:15 INFO  State of current operation: PENDING
20:14:17 INFO  State of current operation: PENDING
20:14:20 INFO  State of current operation: PENDING
20:14:22 INFO  State of current operation: PENDING
20:14:24 INFO  State of current operation: PENDING
20:14:26 INFO  State of current operation: PENDING
20:14:29 INFO  State of current operation: PENDING
20:14:31 INFO  State of current operation: PENDING
20:14:33 INFO  State of current operation: PENDING
20:14:35 INFO  State of current operation: PENDING
20:14:37 INFO  State of current operation: PENDING
20:14:40 INFO  State of current operation: PENDING
20:14:42 INFO  State of current operation: PENDING
20:14:44 INFO  State of current operation: PENDING
20:14:46 INFO  State of current operation: PENDING
20:14:49 INFO  State of current operation: PENDING
20:14:51 INFO  State of current operation: PENDING
20:14:53 INFO  State of current operation: PENDING
20:14:55 INFO  State of current operation: PENDING
20:14:58 INFO  State of current operation: PENDING
20:15:00 INFO  State of current operation: PENDING
20:15:02 INFO  State of current operation: PENDING
20:15:04 INFO  State of current operation: PENDING
20:15:07 INFO  State of current operation: PENDING
20:15:09 INFO  State of current operation: PENDING
20:15:11 INFO  State of current operation: PENDING
20:15:13 INFO  State of current operation: PENDING
20:15:16 INFO  State of current operation: PENDING
20:15:18 INFO  State of current operation: PENDING
20:15:20 INFO  State of current operation: PENDING
20:15:22 INFO  State of current operation: PENDING
20:15:24 INFO  State of current operation: PENDING
20:15:27 INFO  State of current operation: PENDING
20:15:29 INFO  State of current operation: PENDING
20:15:31 INFO  State of current operation: PENDING
20:15:33 INFO  State of current operation: PENDING
20:15:36 INFO  State of current operation: PENDING
20:15:38 INFO  State of current operation: PENDING
20:15:40 INFO  State of current operation: PENDING
20:15:42 INFO  State of current operation: PENDING
20:15:45 INFO  State of current operation: PENDING
20:15:47 INFO  State of current operation: PENDING
20:15:49 INFO  State of current operation: PENDING
20:15:51 INFO  State of current operation: PENDING
20:15:53 INFO  State of current operation: PENDING
20:15:56 INFO  State of current operation: PENDING
20:15:58 INFO  State of current operation: PENDING
20:16:00 INFO  State of current operation: PENDING
20:16:02 INFO  State of current operation: PENDING
20:16:05 INFO  State of current operation: PENDING
20:16:07 INFO  State of current operation: PENDING
20:16:09 INFO  State of current operation: PENDING
20:16:11 INFO  State of current operation: PENDING
20:16:14 INFO  State of current operation: PENDING
20:16:16 WARN  SystemError occurred while running test - Timeout while waiting for status FAILED or SUCCESSFUL
Traceback (most recent call last):
  File &quot;/home/pi/env-pysys/lib/python3.7/site-packages/pysys/baserunner.py&quot;, line 1292, in __call__
    self.testObj.setup()
  File &quot;/home/pi/actions-runner/_work/thin-edge.io/thin-edge.io/tests/PySys/software_management_end_to_end/sm_apt_install_fail/run.py&quot;, line 20, in setup
    super().setup()
  File &quot;/home/pi/actions-runner/_work/thin-edge.io/thin-edge.io/tests/PySys/software_management_end_to_end/environment_sm_management.py&quot;, line 151, in setup
    self.wait_until_end()
  File &quot;/home/pi/actions-runner/_work/thin-edge.io/thin-edge.io/tests/PySys/software_management_end_to_end/environment_sm_management.py&quot;, line 332, in wait_until_end
    self.wait_until_status(&quot;FAILED&quot;, &quot;SUCCESSFUL&quot;)
  File &quot;/home/pi/actions-runner/_work/thin-edge.io/thin-edge.io/tests/PySys/software_management_end_to_end/environment_sm_management.py&quot;, line 381, in wait_until_status
    &quot;Timeout while waiting for status %s or %s&quot; % (status, status2)
SystemError: Timeout while waiting for status FAILED or SUCCESSFUL
20:16:16 WARN  SystemError: Timeout while waiting for status FAILED or SUCCESSFUL ... blocked 
20:16:16 INFO  
20:16:16 INFO  cleanup:
20:16:20 INFO  Executed sudo&lt;tedge_disconnect_c8y&gt;, exit status 0
20:16:20 INFO  Executed systemctl&lt;serv_mapper5&gt;, exit status 3
20:16:20 INFO  
20:16:20 INFO  Test duration: 165.45 secs
20:16:20 INFO  Test final outcome:  BLOCKED
20:16:20 INFO  Test outcome reason: SystemError: Timeout while waiting for status FAILED or SUCCESSFUL
20:16:20 INFO  
</system-out>
	</testcase>
</testsuite>
