<?xml version="1.0" encoding="utf-8"?>
<testsuite failures="1" name="SoftwareManagement.sm_apt_install_remove_multiple_mixed" skipped="0" tests="1" time="165.78" timestamp="2022-05-23T16:16:37">
	<testcase classname="PySysTest" name="SoftwareManagement.sm_apt_install_remove_multiple_mixed">
		<failure message="BLOCKED: SystemError: Timeout while waiting for status FAILED or SUCCESSFUL" type="BLOCKED"/>
		<system-out>16:13:52 INFO  ==============================================================
16:13:52 INFO  Id:    SoftwareManagement.sm_apt_install_remove_multiple_mixed
16:13:52 INFO  Dir:   software_management_end_to_end/
16:13:52 INFO  Title: Validate end to end behaviour for the apt plugin for multiple packages with mixed versions
16:13:52 INFO  ==============================================================
16:13:52 INFO  Using sw id database: {'asciijump': '5475369', 'robotfindskitten': '5474869', 'squirrel3': '5475279', 'rolldice': '5152439', 'moon-buggy': '5439204', 'apple': '5495053', 'banana': '5494888', 'cherry': '5495382', 'watermelon': '5494510', 'registry': '8018911', 'hello-world': '8021526', 'docker/getting-started': '8021973', 'alpine': '7991792'}
16:13:52 INFO  EnvironmentC8y Setup
16:13:52 INFO  Executed systemctl&lt;serv_mapper1&gt;, exit status 3
16:13:52 INFO  Restarting mosquitto too frequently in the last 10 seconds. It was only up for 5 seconds
16:13:52 INFO  Delaying execution by 6 seconds
16:14:12 INFO  Executed sudo&lt;tedge_connect_c8y&gt;, exit status 0, duration 13 secs
16:14:13 INFO  Executed sudo&lt;tedge_connect_c8y_test&gt;, exit status 0
16:14:13 INFO  Executed systemctl&lt;serv_mosq2&gt;, exit status 0
16:14:14 INFO  Executed systemctl&lt;serv_mapper3&gt;, exit status 0
16:14:16 INFO  State of current operation: PENDING
16:14:18 INFO  State of current operation: PENDING
16:14:21 INFO  State of current operation: PENDING
16:14:23 INFO  State of current operation: PENDING
16:14:25 INFO  State of current operation: PENDING
16:14:27 INFO  State of current operation: PENDING
16:14:29 INFO  State of current operation: PENDING
16:14:32 INFO  State of current operation: PENDING
16:14:34 INFO  State of current operation: PENDING
16:14:36 INFO  State of current operation: PENDING
16:14:38 INFO  State of current operation: PENDING
16:14:41 INFO  State of current operation: PENDING
16:14:43 INFO  State of current operation: PENDING
16:14:45 INFO  State of current operation: PENDING
16:14:47 INFO  State of current operation: PENDING
16:14:50 INFO  State of current operation: PENDING
16:14:52 INFO  State of current operation: PENDING
16:14:54 INFO  State of current operation: PENDING
16:14:56 INFO  State of current operation: PENDING
16:14:58 INFO  State of current operation: PENDING
16:15:01 INFO  State of current operation: PENDING
16:15:03 INFO  State of current operation: PENDING
16:15:05 INFO  State of current operation: PENDING
16:15:07 INFO  State of current operation: PENDING
16:15:10 INFO  State of current operation: PENDING
16:15:12 INFO  State of current operation: PENDING
16:15:14 INFO  State of current operation: PENDING
16:15:17 INFO  State of current operation: PENDING
16:15:19 INFO  State of current operation: PENDING
16:15:21 INFO  State of current operation: PENDING
16:15:23 INFO  State of current operation: PENDING
16:15:26 INFO  State of current operation: PENDING
16:15:28 INFO  State of current operation: PENDING
16:15:30 INFO  State of current operation: PENDING
16:15:32 INFO  State of current operation: PENDING
16:15:34 INFO  State of current operation: PENDING
16:15:37 INFO  State of current operation: PENDING
16:15:39 INFO  State of current operation: PENDING
16:15:41 INFO  State of current operation: PENDING
16:15:43 INFO  State of current operation: PENDING
16:15:46 INFO  State of current operation: PENDING
16:15:48 INFO  State of current operation: PENDING
16:15:50 INFO  State of current operation: PENDING
16:15:52 INFO  State of current operation: PENDING
16:15:55 INFO  State of current operation: PENDING
16:15:57 INFO  State of current operation: PENDING
16:15:59 INFO  State of current operation: PENDING
16:16:01 INFO  State of current operation: PENDING
16:16:04 INFO  State of current operation: PENDING
16:16:06 INFO  State of current operation: PENDING
16:16:08 INFO  State of current operation: PENDING
16:16:10 INFO  State of current operation: PENDING
16:16:12 INFO  State of current operation: PENDING
16:16:15 INFO  State of current operation: PENDING
16:16:17 INFO  State of current operation: PENDING
16:16:19 INFO  State of current operation: PENDING
16:16:21 INFO  State of current operation: PENDING
16:16:24 INFO  State of current operation: PENDING
16:16:26 INFO  State of current operation: PENDING
16:16:28 INFO  State of current operation: PENDING
16:16:30 INFO  State of current operation: PENDING
16:16:32 WARN  SystemError occurred while running test - Timeout while waiting for status FAILED or SUCCESSFUL
Traceback (most recent call last):
  File &quot;/home/pi/env-pysys/lib/python3.7/site-packages/pysys/baserunner.py&quot;, line 1292, in __call__
    self.testObj.setup()
  File &quot;/home/pi/actions-runner/_work/thin-edge.io/thin-edge.io/tests/PySys/software_management_end_to_end/sm_apt_install_remove_multiple_mixed/run.py&quot;, line 73, in setup
    super().setup()
  File &quot;/home/pi/actions-runner/_work/thin-edge.io/thin-edge.io/tests/PySys/software_management_end_to_end/environment_sm_management.py&quot;, line 151, in setup
    self.wait_until_end()
  File &quot;/home/pi/actions-runner/_work/thin-edge.io/thin-edge.io/tests/PySys/software_management_end_to_end/environment_sm_management.py&quot;, line 332, in wait_until_end
    self.wait_until_status(&quot;FAILED&quot;, &quot;SUCCESSFUL&quot;)
  File &quot;/home/pi/actions-runner/_work/thin-edge.io/thin-edge.io/tests/PySys/software_management_end_to_end/environment_sm_management.py&quot;, line 381, in wait_until_status
    &quot;Timeout while waiting for status %s or %s&quot; % (status, status2)
SystemError: Timeout while waiting for status FAILED or SUCCESSFUL
16:16:32 WARN  SystemError: Timeout while waiting for status FAILED or SUCCESSFUL ... blocked 
16:16:32 INFO  
16:16:32 INFO  cleanup:
16:16:37 INFO  Executed sudo&lt;tedge_disconnect_c8y&gt;, exit status 0
16:16:37 INFO  Executed systemctl&lt;serv_mapper5&gt;, exit status 3
16:16:37 INFO  
16:16:37 INFO  Test duration: 165.78 secs
16:16:37 INFO  Test final outcome:  BLOCKED
16:16:37 INFO  Test outcome reason: SystemError: Timeout while waiting for status FAILED or SUCCESSFUL
16:16:37 INFO  
</system-out>
	</testcase>
</testsuite>
