<?xml version="1.0" encoding="utf-8"?>
<testsuite failures="1" name="SoftwareManagement.sm_fake_install_remove" skipped="0" tests="1" time="166.47" timestamp="2022-05-23T12:34:54">
	<testcase classname="PySysTest" name="SoftwareManagement.sm_fake_install_remove">
		<failure message="BLOCKED: SystemError: Timeout while waiting for status FAILED or SUCCESSFUL" type="BLOCKED"/>
		<system-out>12:32:07 INFO  ==============================================================
12:32:07 INFO  Id:    SoftwareManagement.sm_fake_install_remove
12:32:07 INFO  Dir:   software_management_end_to_end/
12:32:07 INFO  Title: Validate end to end behaviour for the dummy plugin for installation and removal of packages
12:32:07 INFO  ==============================================================
12:32:07 INFO  Using sw id database: {'asciijump': '5475369', 'robotfindskitten': '5474869', 'squirrel3': '5475279', 'rolldice': '5152439', 'moon-buggy': '5439204', 'apple': '5495053', 'banana': '5494888', 'cherry': '5495382', 'watermelon': '5494510', 'registry': '8018911', 'hello-world': '8021526', 'docker/getting-started': '8021973', 'alpine': '7991792'}
12:32:07 INFO  EnvironmentC8y Setup
12:32:08 INFO  Executed systemctl&lt;serv_mapper1&gt;, exit status 3
12:32:08 INFO  Restarting mosquitto too frequently in the last 10 seconds. It was only up for 4 seconds
12:32:08 INFO  Delaying execution by 7 seconds
12:32:29 INFO  Executed sudo&lt;tedge_connect_c8y&gt;, exit status 0, duration 14 secs
12:32:30 INFO  Executed sudo&lt;tedge_connect_c8y_test&gt;, exit status 0
12:32:30 INFO  Executed systemctl&lt;serv_mosq2&gt;, exit status 0
12:32:31 INFO  Executed systemctl&lt;serv_mapper3&gt;, exit status 0
12:32:33 INFO  State of current operation: PENDING
12:32:35 INFO  State of current operation: PENDING
12:32:37 INFO  State of current operation: PENDING
12:32:40 INFO  State of current operation: PENDING
12:32:42 INFO  State of current operation: PENDING
12:32:44 INFO  State of current operation: PENDING
12:32:46 INFO  State of current operation: PENDING
12:32:49 INFO  State of current operation: PENDING
12:32:51 INFO  State of current operation: PENDING
12:32:53 INFO  State of current operation: PENDING
12:32:55 INFO  State of current operation: PENDING
12:32:58 INFO  State of current operation: PENDING
12:33:00 INFO  State of current operation: PENDING
12:33:02 INFO  State of current operation: PENDING
12:33:04 INFO  State of current operation: PENDING
12:33:06 INFO  State of current operation: PENDING
12:33:09 INFO  State of current operation: PENDING
12:33:11 INFO  State of current operation: PENDING
12:33:13 INFO  State of current operation: PENDING
12:33:15 INFO  State of current operation: PENDING
12:33:18 INFO  State of current operation: PENDING
12:33:20 INFO  State of current operation: PENDING
12:33:22 INFO  State of current operation: PENDING
12:33:24 INFO  State of current operation: PENDING
12:33:27 INFO  State of current operation: PENDING
12:33:29 INFO  State of current operation: PENDING
12:33:31 INFO  State of current operation: PENDING
12:33:33 INFO  State of current operation: PENDING
12:33:36 INFO  State of current operation: PENDING
12:33:38 INFO  State of current operation: PENDING
12:33:40 INFO  State of current operation: PENDING
12:33:42 INFO  State of current operation: PENDING
12:33:44 INFO  State of current operation: PENDING
12:33:47 INFO  State of current operation: PENDING
12:33:49 INFO  State of current operation: PENDING
12:33:51 INFO  State of current operation: PENDING
12:33:53 INFO  State of current operation: PENDING
12:33:56 INFO  State of current operation: PENDING
12:33:58 INFO  State of current operation: PENDING
12:34:00 INFO  State of current operation: PENDING
12:34:02 INFO  State of current operation: PENDING
12:34:05 INFO  State of current operation: PENDING
12:34:07 INFO  State of current operation: PENDING
12:34:09 INFO  State of current operation: PENDING
12:34:11 INFO  State of current operation: PENDING
12:34:14 INFO  State of current operation: PENDING
12:34:16 INFO  State of current operation: PENDING
12:34:18 INFO  State of current operation: PENDING
12:34:20 INFO  State of current operation: PENDING
12:34:22 INFO  State of current operation: PENDING
12:34:25 INFO  State of current operation: PENDING
12:34:27 INFO  State of current operation: PENDING
12:34:29 INFO  State of current operation: PENDING
12:34:31 INFO  State of current operation: PENDING
12:34:34 INFO  State of current operation: PENDING
12:34:36 INFO  State of current operation: PENDING
12:34:38 INFO  State of current operation: PENDING
12:34:40 INFO  State of current operation: PENDING
12:34:43 INFO  State of current operation: PENDING
12:34:45 INFO  State of current operation: PENDING
12:34:47 INFO  State of current operation: PENDING
12:34:49 WARN  SystemError occurred while running test - Timeout while waiting for status FAILED or SUCCESSFUL
Traceback (most recent call last):
  File &quot;/home/pi/env-pysys/lib/python3.7/site-packages/pysys/baserunner.py&quot;, line 1292, in __call__
    self.testObj.setup()
  File &quot;/home/pi/actions-runner/_work/thin-edge.io/thin-edge.io/tests/PySys/software_management_end_to_end/sm_fake_install_remove/run.py&quot;, line 38, in setup
    super().setup()
  File &quot;/home/pi/actions-runner/_work/thin-edge.io/thin-edge.io/tests/PySys/software_management_end_to_end/environment_sm_management.py&quot;, line 151, in setup
    self.wait_until_end()
  File &quot;/home/pi/actions-runner/_work/thin-edge.io/thin-edge.io/tests/PySys/software_management_end_to_end/environment_sm_management.py&quot;, line 332, in wait_until_end
    self.wait_until_status(&quot;FAILED&quot;, &quot;SUCCESSFUL&quot;)
  File &quot;/home/pi/actions-runner/_work/thin-edge.io/thin-edge.io/tests/PySys/software_management_end_to_end/environment_sm_management.py&quot;, line 381, in wait_until_status
    &quot;Timeout while waiting for status %s or %s&quot; % (status, status2)
SystemError: Timeout while waiting for status FAILED or SUCCESSFUL
12:34:49 WARN  SystemError: Timeout while waiting for status FAILED or SUCCESSFUL ... blocked 
12:34:49 INFO  
12:34:49 INFO  cleanup:
12:34:53 INFO  Executed sudo&lt;tedge_disconnect_c8y&gt;, exit status 0
12:34:54 INFO  Executed systemctl&lt;serv_mapper5&gt;, exit status 3
12:34:54 INFO  
12:34:54 INFO  Test duration: 166.47 secs
12:34:54 INFO  Test final outcome:  BLOCKED
12:34:54 INFO  Test outcome reason: SystemError: Timeout while waiting for status FAILED or SUCCESSFUL
12:34:54 INFO  
</system-out>
	</testcase>
</testsuite>
