<?xml version="1.0" encoding="utf-8"?>
<testsuite failures="1" name="SoftwareManagement.Plugin.apama_plugin_update" skipped="0" tests="1" time="21.83" timestamp="2022-07-26T08:18:15">
	<testcase classname="ApamaPluginUpdateTest" name="SoftwareManagement.Plugin.apama_plugin_update">
		<failure message="BLOCKED: sudo&lt;plugin_install&gt; returned non-zero exit code 2" type="BLOCKED"/>
		<system-out>08:17:53 INFO  ==============================================================
08:17:53 INFO  Id:    SoftwareManagement.Plugin.apama_plugin_update
08:17:53 INFO  Dir:   plugin_apama/
08:17:53 INFO  Title: Validate apama plugin updating one project with another
08:17:53 INFO  ==============================================================
08:17:53 INFO  Assertion that path exists=False for &quot;/etc/tedge/apama/project&quot; ... passed
08:17:54 INFO  Executed sudo&lt;create_project_dir&gt;, exit status 0
08:17:54 INFO  Executed sudo&lt;unzip_apama_project&gt;, exit status 0
08:17:55 INFO  Executed sudo&lt;move_apama_project&gt;, exit status 0
08:17:56 INFO  Executed sudo&lt;restart_apama_service&gt;, exit status 0
08:17:56 INFO  Executed sudo&lt;apama_correlator_wait&gt;, exit status 0
08:17:56 INFO  Assertion that path exists=True for &quot;/etc/tedge/apama/project&quot; ... passed
08:17:57 INFO  Executed sudo&lt;apama_list_monitors&gt;, exit status 0
08:17:57 INFO  Grep on file /home/pi/actions-runner/_work/thin-edge.io/thin-edge.io/tests/PySys/plugin_apama/apama_plugin_update/Output/linux/apama_list_monitors.out ... passed
08:17:58 WARN  Executed sudo&lt;plugin_install&gt;, exit status 2
08:17:58 INFO  Contents of plugin_install.err: 
  ERROR: Directory not empty (os error 39)
  -----

08:17:58 WARN  sudo&lt;plugin_install&gt; returned non-zero exit code 2 ... blocked [run.py:35]
08:17:58 WARN  Aborted test due to BLOCKED outcome
08:17:58 INFO  
08:17:58 INFO  cleanup:
08:17:58 INFO  Removing apama project
08:18:14 INFO  Executed sudo&lt;stop_apama_service&gt;, exit status 0, duration 15 secs
08:18:14 INFO  Executed sudo&lt;remove_apama_project&gt;, exit status 0
08:18:15 INFO  Executed sudo&lt;remove_apama_tmp_dir&gt;, exit status 0
08:18:15 INFO  
08:18:15 INFO  Test duration: 21.83 secs
08:18:15 INFO  Test final outcome:  BLOCKED
08:18:15 INFO  Test outcome reason: sudo&lt;plugin_install&gt; returned non-zero exit code 2
08:18:15 INFO  
</system-out>
	</testcase>
</testsuite>
