<?xml version="1.0" encoding="utf-8"?>
<testsuite failures="1" name="SoftwareManagement.sm_apt_install_remove_multiple" skipped="0" tests="1" time="140.29" timestamp="2022-06-20T17:48:07">
	<testcase classname="PySysTest" name="SoftwareManagement.sm_apt_install_remove_multiple">
		<failure message="FAILED: Assert that (False == value) with value=True (+2 other failures)" type="FAILED"/>
		<system-out>17:45:47 INFO  ==============================================================
17:45:47 INFO  Id:    SoftwareManagement.sm_apt_install_remove_multiple
17:45:47 INFO  Dir:   software_management_end_to_end/
17:45:47 INFO  Title: Validate end to end behaviour for the apt plugin for multiple packages
17:45:47 INFO  ==============================================================
17:45:47 INFO  Using sw id database: {'asciijump': '5475369', 'robotfindskitten': '5474869', 'squirrel3': '5475279', 'rolldice': '5152439', 'moon-buggy': '5439204', 'apple': '5495053', 'banana': '5494888', 'cherry': '5495382', 'watermelon': '5494510', 'registry': '8018911', 'hello-world': '8021526', 'docker/getting-started': '8021973', 'alpine': '7991792'}
17:45:47 INFO  EnvironmentC8y Setup
17:45:48 INFO  Executed systemctl&lt;serv_mapper1&gt;, exit status 3
17:45:48 INFO  Restarting mosquitto too frequently in the last 10 seconds. It was only up for 5 seconds
17:45:48 INFO  Delaying execution by 6 seconds
17:46:08 INFO  Executed sudo&lt;tedge_connect_c8y&gt;, exit status 0, duration 14 secs
17:46:09 INFO  Executed sudo&lt;tedge_connect_c8y_test&gt;, exit status 0
17:46:09 INFO  Executed systemctl&lt;serv_mosq2&gt;, exit status 0
17:46:10 INFO  Executed systemctl&lt;serv_mapper3&gt;, exit status 0
17:46:12 INFO  State of current operation: SUCCESSFUL
17:46:12 INFO  Assert that (False == value) with value=False ... passed
17:46:12 INFO  Package asciijump is installed
17:46:13 WARN  Assert that (False == value) with value=True ... failed 
17:46:13 INFO  Package squirrel3 is installed
17:46:13 WARN  Assert that (False == value) with value=True ... failed 
17:46:13 INFO  Package robotfindskitten is installed
17:46:13 WARN  Assert that (False == value) with value=True ... failed 
17:46:13 INFO  Response status: 201
17:46:13 INFO  Response to action: {
    &quot;creationTime&quot;: &quot;2022-06-20T17:46:13.767Z&quot;,
    &quot;deviceName&quot;: &quot;m32sd10b&quot;,
    &quot;deviceId&quot;: &quot;20351311&quot;,
    &quot;self&quot;: &quot;https://t493319102.eu-latest.cumulocity.com/devicecontrol/operations/20362847&quot;,
    &quot;id&quot;: &quot;20362847&quot;,
    &quot;status&quot;: &quot;PENDING&quot;,
    &quot;description&quot;: &quot;Apply software changes, triggered from PySys: [{'action': 'install', 'id': '5475369', 'name': 'asciijump', 'url': ' ', 'version': '::apt'}, {'action': 'install', 'id': '5474869', 'name': 'robotfindskitten', 'url': ' ', 'version': '::apt'}, {'action': 'install', 'id': '5475279', 'name': 'squirrel3', 'url': ' ', 'version': '::apt'}]&quot;,
    &quot;c8y_SoftwareUpdate&quot;: [
        {
            &quot;name&quot;: &quot;asciijump&quot;,
            &quot;action&quot;: &quot;install&quot;,
            &quot;id&quot;: &quot;5475369&quot;,
            &quot;version&quot;: &quot;::apt&quot;,
            &quot;url&quot;: &quot; &quot;
        },
        {
            &quot;name&quot;: &quot;robotfindskitten&quot;,
            &quot;action&quot;: &quot;install&quot;,
            &quot;id&quot;: &quot;5474869&quot;,
            &quot;version&quot;: &quot;::apt&quot;,
            &quot;url&quot;: &quot; &quot;
        },
        {
            &quot;name&quot;: &quot;squirrel3&quot;,
            &quot;action&quot;: &quot;install&quot;,
            &quot;id&quot;: &quot;5475279&quot;,
            &quot;version&quot;: &quot;::apt&quot;,
            &quot;url&quot;: &quot; &quot;
        }
    ]
}
17:46:13 INFO  Started operation: {'creationTime': '2022-06-20T17:46:13.767Z', 'deviceName': 'm32sd10b', 'deviceId': '20351311', 'self': 'https://t493319102.eu-latest.cumulocity.com/devicecontrol/operations/20362847', 'id': '20362847', 'status': 'PENDING', 'description': &quot;Apply software changes, triggered from PySys: [{'action': 'install', 'id': '5475369', 'name': 'asciijump', 'url': ' ', 'version': '::apt'}, {'action': 'install', 'id': '5474869', 'name': 'robotfindskitten', 'url': ' ', 'version': '::apt'}, {'action': 'install', 'id': '5475279', 'name': 'squirrel3', 'url': ' ', 'version': '::apt'}]&quot;, 'c8y_SoftwareUpdate': [{'name': 'asciijump', 'action': 'install', 'id': '5475369', 'version': '::apt', 'url': ' '}, {'name': 'robotfindskitten', 'action': 'install', 'id': '5474869', 'version': '::apt', 'url': ' '}, {'name': 'squirrel3', 'action': 'install', 'id': '5475279', 'version': '::apt', 'url': ' '}]}
17:46:16 INFO  State of operation 20362847 : PENDING
17:46:18 INFO  State of operation 20362847 : EXECUTING
17:46:20 INFO  State of operation 20362847 : EXECUTING
17:46:22 INFO  State of operation 20362847 : EXECUTING
17:46:24 INFO  State of operation 20362847 : EXECUTING
17:46:27 INFO  State of operation 20362847 : EXECUTING
17:46:29 INFO  State of operation 20362847 : EXECUTING
17:46:32 INFO  State of operation 20362847 : EXECUTING
17:46:35 INFO  State of operation 20362847 : EXECUTING
17:46:37 INFO  State of operation 20362847 : EXECUTING
17:46:39 INFO  State of operation 20362847 : EXECUTING
17:46:41 INFO  State of operation 20362847 : EXECUTING
17:46:44 INFO  State of operation 20362847 : EXECUTING
17:46:46 INFO  State of operation 20362847 : EXECUTING
17:46:48 INFO  State of operation 20362847 : EXECUTING
17:46:50 INFO  State of operation 20362847 : EXECUTING
17:46:53 INFO  State of operation 20362847 : SUCCESSFUL
17:46:53 INFO  Assert that (False == value) with value=False ... passed
17:46:53 INFO  Package asciijump is installed
17:46:53 INFO  Assert that (True == value) with value=True ... passed
17:46:53 INFO  Package squirrel3 is installed
17:46:53 INFO  Assert that (True == value) with value=True ... passed
17:46:53 INFO  Package robotfindskitten is installed
17:46:53 INFO  Assert that (True == value) with value=True ... passed
17:46:54 INFO  Response status: 201
17:46:54 INFO  Response to action: {
    &quot;creationTime&quot;: &quot;2022-06-20T17:46:54.128Z&quot;,
    &quot;deviceName&quot;: &quot;m32sd10b&quot;,
    &quot;deviceId&quot;: &quot;20351311&quot;,
    &quot;self&quot;: &quot;https://t493319102.eu-latest.cumulocity.com/devicecontrol/operations/20362855&quot;,
    &quot;id&quot;: &quot;20362855&quot;,
    &quot;status&quot;: &quot;PENDING&quot;,
    &quot;description&quot;: &quot;Apply software changes, triggered from PySys: [{'action': 'delete', 'id': '5475369', 'name': 'asciijump', 'url': ' ', 'version': '::apt'}, {'action': 'delete', 'id': '5474869', 'name': 'robotfindskitten', 'url': ' ', 'version': '::apt'}, {'action': 'delete', 'id': '5475279', 'name': 'squirrel3', 'url': ' ', 'version': '::apt'}]&quot;,
    &quot;c8y_SoftwareUpdate&quot;: [
        {
            &quot;name&quot;: &quot;asciijump&quot;,
            &quot;action&quot;: &quot;delete&quot;,
            &quot;id&quot;: &quot;5475369&quot;,
            &quot;version&quot;: &quot;::apt&quot;,
            &quot;url&quot;: &quot; &quot;
        },
        {
            &quot;name&quot;: &quot;robotfindskitten&quot;,
            &quot;action&quot;: &quot;delete&quot;,
            &quot;id&quot;: &quot;5474869&quot;,
            &quot;version&quot;: &quot;::apt&quot;,
            &quot;url&quot;: &quot; &quot;
        },
        {
            &quot;name&quot;: &quot;squirrel3&quot;,
            &quot;action&quot;: &quot;delete&quot;,
            &quot;id&quot;: &quot;5475279&quot;,
            &quot;version&quot;: &quot;::apt&quot;,
            &quot;url&quot;: &quot; &quot;
        }
    ]
}
17:46:54 INFO  Started operation: {'creationTime': '2022-06-20T17:46:54.128Z', 'deviceName': 'm32sd10b', 'deviceId': '20351311', 'self': 'https://t493319102.eu-latest.cumulocity.com/devicecontrol/operations/20362855', 'id': '20362855', 'status': 'PENDING', 'description': &quot;Apply software changes, triggered from PySys: [{'action': 'delete', 'id': '5475369', 'name': 'asciijump', 'url': ' ', 'version': '::apt'}, {'action': 'delete', 'id': '5474869', 'name': 'robotfindskitten', 'url': ' ', 'version': '::apt'}, {'action': 'delete', 'id': '5475279', 'name': 'squirrel3', 'url': ' ', 'version': '::apt'}]&quot;, 'c8y_SoftwareUpdate': [{'name': 'asciijump', 'action': 'delete', 'id': '5475369', 'version': '::apt', 'url': ' '}, {'name': 'robotfindskitten', 'action': 'delete', 'id': '5474869', 'version': '::apt', 'url': ' '}, {'name': 'squirrel3', 'action': 'delete', 'id': '5475279', 'version': '::apt', 'url': ' '}]}
17:46:56 INFO  State of operation 20362855 : PENDING
17:46:58 INFO  State of operation 20362855 : EXECUTING
17:47:00 INFO  State of operation 20362855 : EXECUTING
17:47:03 INFO  State of operation 20362855 : EXECUTING
17:47:05 INFO  State of operation 20362855 : EXECUTING
17:47:07 INFO  State of operation 20362855 : EXECUTING
17:47:10 INFO  State of operation 20362855 : EXECUTING
17:47:13 INFO  State of operation 20362855 : EXECUTING
17:47:15 INFO  State of operation 20362855 : EXECUTING
17:47:18 INFO  State of operation 20362855 : EXECUTING
17:47:20 INFO  State of operation 20362855 : EXECUTING
17:47:22 INFO  State of operation 20362855 : EXECUTING
17:47:24 INFO  State of operation 20362855 : EXECUTING
17:47:27 INFO  State of operation 20362855 : EXECUTING
17:47:29 INFO  State of operation 20362855 : EXECUTING
17:47:31 INFO  State of operation 20362855 : EXECUTING
17:47:34 INFO  State of operation 20362855 : EXECUTING
17:47:36 INFO  State of operation 20362855 : EXECUTING
17:47:39 INFO  State of operation 20362855 : EXECUTING
17:47:41 INFO  State of operation 20362855 : EXECUTING
17:47:43 INFO  State of operation 20362855 : EXECUTING
17:47:45 INFO  State of operation 20362855 : EXECUTING
17:47:48 INFO  State of operation 20362855 : EXECUTING
17:47:50 INFO  State of operation 20362855 : EXECUTING
17:47:52 INFO  State of operation 20362855 : EXECUTING
17:47:55 INFO  State of operation 20362855 : EXECUTING
17:47:57 INFO  State of operation 20362855 : EXECUTING
17:47:59 INFO  State of operation 20362855 : EXECUTING
17:48:02 INFO  State of operation 20362855 : SUCCESSFUL
17:48:02 INFO  Assert that (False == value) with value=False ... passed
17:48:02 INFO  Assert that (False == value) with value=False ... passed
17:48:02 INFO  Assert that (False == value) with value=False ... passed
17:48:03 INFO  Assert that (False == value) with value=False ... passed
17:48:03 INFO  
17:48:03 INFO  cleanup:
17:48:07 INFO  Executed sudo&lt;tedge_disconnect_c8y&gt;, exit status 0
17:48:07 INFO  Executed systemctl&lt;serv_mapper5&gt;, exit status 3
17:48:07 INFO  
17:48:07 INFO  Test duration: 140.29 secs
17:48:07 INFO  Test final outcome:  FAILED
17:48:07 INFO  Test outcome reason: Assert that (False == value) with value=True (+2 other failures)
17:48:07 INFO  
</system-out>
	</testcase>
</testsuite>
