<?xml version="1.0" encoding="utf-8"?>
<testsuite failures="1" name="SoftwareManagement.sm_apt_install_remove_multiple" skipped="0" tests="1" time="138.84" timestamp="2022-07-19T14:49:49">
	<testcase classname="PySysTest" name="SoftwareManagement.sm_apt_install_remove_multiple">
		<failure message="FAILED: Assert that (False == value) with value=True (+2 other failures)" type="FAILED"/>
		<system-out>14:47:30 INFO  ==============================================================
14:47:30 INFO  Id:    SoftwareManagement.sm_apt_install_remove_multiple
14:47:30 INFO  Dir:   software_management_end_to_end/
14:47:30 INFO  Title: Validate end to end behaviour for the apt plugin for multiple packages
14:47:30 INFO  ==============================================================
14:47:30 INFO  Using sw id database: {'asciijump': '5475369', 'robotfindskitten': '5474869', 'squirrel3': '5475279', 'rolldice': '5152439', 'moon-buggy': '5439204', 'apple': '5495053', 'banana': '5494888', 'cherry': '5495382', 'watermelon': '5494510', 'registry': '8018911', 'hello-world': '8021526', 'docker/getting-started': '8021973', 'alpine': '7991792'}
14:47:30 INFO  EnvironmentC8y Setup
14:47:31 INFO  Executed systemctl&lt;serv_mapper1&gt;, exit status 3
14:47:31 INFO  Restarting mosquitto too frequently in the last 10 seconds. It was only up for 4 seconds
14:47:31 INFO  Delaying execution by 7 seconds
14:47:52 INFO  Executed sudo&lt;tedge_connect_c8y&gt;, exit status 0, duration 14 secs
14:47:53 INFO  Executed sudo&lt;tedge_connect_c8y_test&gt;, exit status 0
14:47:53 INFO  Executed systemctl&lt;serv_mosq2&gt;, exit status 0
14:47:53 INFO  Executed systemctl&lt;serv_mapper3&gt;, exit status 0
14:47:56 INFO  State of current operation: SUCCESSFUL
14:47:56 INFO  Assert that (False == value) with value=False ... passed
14:47:56 INFO  Package asciijump is installed
14:47:56 WARN  Assert that (False == value) with value=True ... failed 
14:47:57 INFO  Package squirrel3 is installed
14:47:57 WARN  Assert that (False == value) with value=True ... failed 
14:47:57 INFO  Package robotfindskitten is installed
14:47:57 WARN  Assert that (False == value) with value=True ... failed 
14:47:57 INFO  Response status: 201
14:47:57 INFO  Response to action: {
    &quot;delivery&quot;: {
        &quot;log&quot;: [],
        &quot;time&quot;: &quot;2022-07-19T14:47:57.686Z&quot;,
        &quot;status&quot;: &quot;PENDING&quot;
    },
    &quot;creationTime&quot;: &quot;2022-07-19T14:47:57.668Z&quot;,
    &quot;deviceId&quot;: &quot;21040121&quot;,
    &quot;deviceName&quot;: &quot;m32sd10b&quot;,
    &quot;self&quot;: &quot;https://t493319102.eu-latest.cumulocity.com/devicecontrol/operations/21058109&quot;,
    &quot;id&quot;: &quot;21058109&quot;,
    &quot;status&quot;: &quot;PENDING&quot;,
    &quot;description&quot;: &quot;Apply software changes, triggered from PySys: [{'action': 'install', 'id': '5475369', 'name': 'asciijump', 'url': ' ', 'version': '::apt'}, {'action': 'install', 'id': '5474869', 'name': 'robotfindskitten', 'url': ' ', 'version': '::apt'}, {'action': 'install', 'id': '5475279', 'name': 'squirrel3', 'url': ' ', 'version': '::apt'}]&quot;,
    &quot;c8y_SoftwareUpdate&quot;: [
        {
            &quot;name&quot;: &quot;asciijump&quot;,
            &quot;action&quot;: &quot;install&quot;,
            &quot;id&quot;: &quot;5475369&quot;,
            &quot;version&quot;: &quot;::apt&quot;,
            &quot;url&quot;: &quot; &quot;
        },
        {
            &quot;name&quot;: &quot;robotfindskitten&quot;,
            &quot;action&quot;: &quot;install&quot;,
            &quot;id&quot;: &quot;5474869&quot;,
            &quot;version&quot;: &quot;::apt&quot;,
            &quot;url&quot;: &quot; &quot;
        },
        {
            &quot;name&quot;: &quot;squirrel3&quot;,
            &quot;action&quot;: &quot;install&quot;,
            &quot;id&quot;: &quot;5475279&quot;,
            &quot;version&quot;: &quot;::apt&quot;,
            &quot;url&quot;: &quot; &quot;
        }
    ]
}
14:47:57 INFO  Started operation: {'delivery': {'log': [], 'time': '2022-07-19T14:47:57.686Z', 'status': 'PENDING'}, 'creationTime': '2022-07-19T14:47:57.668Z', 'deviceId': '21040121', 'deviceName': 'm32sd10b', 'self': 'https://t493319102.eu-latest.cumulocity.com/devicecontrol/operations/21058109', 'id': '21058109', 'status': 'PENDING', 'description': &quot;Apply software changes, triggered from PySys: [{'action': 'install', 'id': '5475369', 'name': 'asciijump', 'url': ' ', 'version': '::apt'}, {'action': 'install', 'id': '5474869', 'name': 'robotfindskitten', 'url': ' ', 'version': '::apt'}, {'action': 'install', 'id': '5475279', 'name': 'squirrel3', 'url': ' ', 'version': '::apt'}]&quot;, 'c8y_SoftwareUpdate': [{'name': 'asciijump', 'action': 'install', 'id': '5475369', 'version': '::apt', 'url': ' '}, {'name': 'robotfindskitten', 'action': 'install', 'id': '5474869', 'version': '::apt', 'url': ' '}, {'name': 'squirrel3', 'action': 'install', 'id': '5475279', 'version': '::apt', 'url': ' '}]}
14:47:59 INFO  State of operation 21058109 : PENDING
14:48:02 INFO  State of operation 21058109 : EXECUTING
14:48:04 INFO  State of operation 21058109 : EXECUTING
14:48:06 INFO  State of operation 21058109 : EXECUTING
14:48:08 INFO  State of operation 21058109 : EXECUTING
14:48:11 INFO  State of operation 21058109 : EXECUTING
14:48:13 INFO  State of operation 21058109 : EXECUTING
14:48:16 INFO  State of operation 21058109 : EXECUTING
14:48:19 INFO  State of operation 21058109 : EXECUTING
14:48:21 INFO  State of operation 21058109 : EXECUTING
14:48:23 INFO  State of operation 21058109 : EXECUTING
14:48:25 INFO  State of operation 21058109 : EXECUTING
14:48:28 INFO  State of operation 21058109 : EXECUTING
14:48:30 INFO  State of operation 21058109 : EXECUTING
14:48:32 INFO  State of operation 21058109 : EXECUTING
14:48:34 INFO  State of operation 21058109 : SUCCESSFUL
14:48:35 INFO  Assert that (False == value) with value=False ... passed
14:48:35 INFO  Package asciijump is installed
14:48:35 INFO  Assert that (True == value) with value=True ... passed
14:48:35 INFO  Package squirrel3 is installed
14:48:35 INFO  Assert that (True == value) with value=True ... passed
14:48:35 INFO  Package robotfindskitten is installed
14:48:35 INFO  Assert that (True == value) with value=True ... passed
14:48:35 INFO  Response status: 201
14:48:35 INFO  Response to action: {
    &quot;delivery&quot;: {
        &quot;log&quot;: [],
        &quot;time&quot;: &quot;2022-07-19T14:48:35.890Z&quot;,
        &quot;status&quot;: &quot;PENDING&quot;
    },
    &quot;creationTime&quot;: &quot;2022-07-19T14:48:35.874Z&quot;,
    &quot;deviceId&quot;: &quot;21040121&quot;,
    &quot;deviceName&quot;: &quot;m32sd10b&quot;,
    &quot;self&quot;: &quot;https://t493319102.eu-latest.cumulocity.com/devicecontrol/operations/21058121&quot;,
    &quot;id&quot;: &quot;21058121&quot;,
    &quot;status&quot;: &quot;PENDING&quot;,
    &quot;description&quot;: &quot;Apply software changes, triggered from PySys: [{'action': 'delete', 'id': '5475369', 'name': 'asciijump', 'url': ' ', 'version': '::apt'}, {'action': 'delete', 'id': '5474869', 'name': 'robotfindskitten', 'url': ' ', 'version': '::apt'}, {'action': 'delete', 'id': '5475279', 'name': 'squirrel3', 'url': ' ', 'version': '::apt'}]&quot;,
    &quot;c8y_SoftwareUpdate&quot;: [
        {
            &quot;name&quot;: &quot;asciijump&quot;,
            &quot;action&quot;: &quot;delete&quot;,
            &quot;id&quot;: &quot;5475369&quot;,
            &quot;version&quot;: &quot;::apt&quot;,
            &quot;url&quot;: &quot; &quot;
        },
        {
            &quot;name&quot;: &quot;robotfindskitten&quot;,
            &quot;action&quot;: &quot;delete&quot;,
            &quot;id&quot;: &quot;5474869&quot;,
            &quot;version&quot;: &quot;::apt&quot;,
            &quot;url&quot;: &quot; &quot;
        },
        {
            &quot;name&quot;: &quot;squirrel3&quot;,
            &quot;action&quot;: &quot;delete&quot;,
            &quot;id&quot;: &quot;5475279&quot;,
            &quot;version&quot;: &quot;::apt&quot;,
            &quot;url&quot;: &quot; &quot;
        }
    ]
}
14:48:35 INFO  Started operation: {'delivery': {'log': [], 'time': '2022-07-19T14:48:35.890Z', 'status': 'PENDING'}, 'creationTime': '2022-07-19T14:48:35.874Z', 'deviceId': '21040121', 'deviceName': 'm32sd10b', 'self': 'https://t493319102.eu-latest.cumulocity.com/devicecontrol/operations/21058121', 'id': '21058121', 'status': 'PENDING', 'description': &quot;Apply software changes, triggered from PySys: [{'action': 'delete', 'id': '5475369', 'name': 'asciijump', 'url': ' ', 'version': '::apt'}, {'action': 'delete', 'id': '5474869', 'name': 'robotfindskitten', 'url': ' ', 'version': '::apt'}, {'action': 'delete', 'id': '5475279', 'name': 'squirrel3', 'url': ' ', 'version': '::apt'}]&quot;, 'c8y_SoftwareUpdate': [{'name': 'asciijump', 'action': 'delete', 'id': '5475369', 'version': '::apt', 'url': ' '}, {'name': 'robotfindskitten', 'action': 'delete', 'id': '5474869', 'version': '::apt', 'url': ' '}, {'name': 'squirrel3', 'action': 'delete', 'id': '5475279', 'version': '::apt', 'url': ' '}]}
14:48:38 INFO  State of operation 21058121 : PENDING
14:48:40 INFO  State of operation 21058121 : EXECUTING
14:48:42 INFO  State of operation 21058121 : EXECUTING
14:48:44 INFO  State of operation 21058121 : EXECUTING
14:48:47 INFO  State of operation 21058121 : EXECUTING
14:48:49 INFO  State of operation 21058121 : EXECUTING
14:48:51 INFO  State of operation 21058121 : EXECUTING
14:48:54 INFO  State of operation 21058121 : EXECUTING
14:48:57 INFO  State of operation 21058121 : EXECUTING
14:48:59 INFO  State of operation 21058121 : EXECUTING
14:49:01 INFO  State of operation 21058121 : EXECUTING
14:49:04 INFO  State of operation 21058121 : EXECUTING
14:49:06 INFO  State of operation 21058121 : EXECUTING
14:49:08 INFO  State of operation 21058121 : EXECUTING
14:49:10 INFO  State of operation 21058121 : EXECUTING
14:49:13 INFO  State of operation 21058121 : EXECUTING
14:49:15 INFO  State of operation 21058121 : EXECUTING
14:49:17 INFO  State of operation 21058121 : EXECUTING
14:49:20 INFO  State of operation 21058121 : EXECUTING
14:49:22 INFO  State of operation 21058121 : EXECUTING
14:49:25 INFO  State of operation 21058121 : EXECUTING
14:49:27 INFO  State of operation 21058121 : EXECUTING
14:49:29 INFO  State of operation 21058121 : EXECUTING
14:49:31 INFO  State of operation 21058121 : EXECUTING
14:49:34 INFO  State of operation 21058121 : EXECUTING
14:49:36 INFO  State of operation 21058121 : EXECUTING
14:49:39 INFO  State of operation 21058121 : EXECUTING
14:49:41 INFO  State of operation 21058121 : EXECUTING
14:49:43 INFO  State of operation 21058121 : SUCCESSFUL
14:49:43 INFO  Assert that (False == value) with value=False ... passed
14:49:44 INFO  Assert that (False == value) with value=False ... passed
14:49:44 INFO  Assert that (False == value) with value=False ... passed
14:49:44 INFO  Assert that (False == value) with value=False ... passed
14:49:44 INFO  
14:49:44 INFO  cleanup:
14:49:48 INFO  Executed sudo&lt;tedge_disconnect_c8y&gt;, exit status 0
14:49:49 INFO  Executed systemctl&lt;serv_mapper5&gt;, exit status 3
14:49:49 INFO  
14:49:49 INFO  Test duration: 138.84 secs
14:49:49 INFO  Test final outcome:  FAILED
14:49:49 INFO  Test outcome reason: Assert that (False == value) with value=True (+2 other failures)
14:49:49 INFO  
</system-out>
	</testcase>
</testsuite>
