<?xml version="1.0" encoding="utf-8"?>
<testsuite failures="1" name="SoftwareManagement.sm_mixed_install_remove_multiple" skipped="0" tests="1" time="165.55" timestamp="2022-07-22T00:21:00">
	<testcase classname="PySysTest" name="SoftwareManagement.sm_mixed_install_remove_multiple">
		<failure message="FAILED: Assert that (False == value) with value=True" type="FAILED"/>
		<system-out>00:18:15 INFO  ==============================================================
00:18:15 INFO  Id:    SoftwareManagement.sm_mixed_install_remove_multiple
00:18:15 INFO  Dir:   software_management_end_to_end/
00:18:15 INFO  Title: Validate end to end behaviour for the dummy-plugin for multiple packages with mixed versions
00:18:15 INFO  ==============================================================
00:18:15 INFO  Using sw id database: {'asciijump': '5475369', 'robotfindskitten': '5474869', 'squirrel3': '5475279', 'rolldice': '5152439', 'moon-buggy': '5439204', 'apple': '5495053', 'banana': '5494888', 'cherry': '5495382', 'watermelon': '5494510', 'registry': '8018911', 'hello-world': '8021526', 'docker/getting-started': '8021973', 'alpine': '7991792'}
00:18:15 INFO  EnvironmentC8y Setup
00:18:16 INFO  Executed systemctl&lt;serv_mapper1&gt;, exit status 3
00:18:16 INFO  Restarting mosquitto too frequently in the last 10 seconds. It was only up for 5 seconds
00:18:16 INFO  Delaying execution by 6 seconds
00:18:36 INFO  Executed sudo&lt;tedge_connect_c8y&gt;, exit status 0, duration 14 secs
00:18:36 INFO  Executed sudo&lt;tedge_connect_c8y_test&gt;, exit status 0
00:18:37 INFO  Executed systemctl&lt;serv_mosq2&gt;, exit status 0
00:18:37 INFO  Executed systemctl&lt;serv_mapper3&gt;, exit status 0
00:18:39 INFO  State of current operation: SUCCESSFUL
00:18:40 INFO  Package apple is installed
00:18:40 INFO  Assert that (True == value) with value=True ... passed
00:18:40 INFO  Package banana is installed
00:18:40 INFO  Assert that (True == value) with value=True ... passed
00:18:40 INFO  Package cherry is installed
00:18:40 INFO  Assert that (True == value) with value=True ... passed
00:18:40 INFO  Package asciijump is installed
00:18:40 WARN  Assert that (False == value) with value=True ... failed 
00:18:41 INFO  Assert that (False == value) with value=False ... passed
00:18:41 INFO  Response status: 201
00:18:41 INFO  Response to action: {
    &quot;creationTime&quot;: &quot;2022-07-22T00:18:41.356Z&quot;,
    &quot;deviceId&quot;: &quot;21166557&quot;,
    &quot;deviceName&quot;: &quot;m32sd10b&quot;,
    &quot;self&quot;: &quot;https://t493319102.eu-latest.cumulocity.com/devicecontrol/operations/21210951&quot;,
    &quot;id&quot;: &quot;21210951&quot;,
    &quot;status&quot;: &quot;PENDING&quot;,
    &quot;description&quot;: &quot;Apply software changes, triggered from PySys: [{'action': 'install', 'id': '5495053', 'name': 'apple', 'url': ' ', 'version': '::fruits'}, {'action': 'install', 'id': '5494888', 'name': 'banana', 'url': ' ', 'version': '::fruits'}, {'action': 'install', 'id': '5475369', 'name': 'asciijump', 'url': ' ', 'version': '::apt'}, {'action': 'install', 'id': '5495382', 'name': 'cherry', 'url': ' ', 'version': '::fruits'}, {'action': 'install', 'id': '8018911', 'name': 'registry', 'url': ' ', 'version': '::docker'}]&quot;,
    &quot;c8y_SoftwareUpdate&quot;: [
        {
            &quot;name&quot;: &quot;apple&quot;,
            &quot;action&quot;: &quot;install&quot;,
            &quot;id&quot;: &quot;5495053&quot;,
            &quot;version&quot;: &quot;::fruits&quot;,
            &quot;url&quot;: &quot; &quot;
        },
        {
            &quot;name&quot;: &quot;banana&quot;,
            &quot;action&quot;: &quot;install&quot;,
            &quot;id&quot;: &quot;5494888&quot;,
            &quot;version&quot;: &quot;::fruits&quot;,
            &quot;url&quot;: &quot; &quot;
        },
        {
            &quot;name&quot;: &quot;asciijump&quot;,
            &quot;action&quot;: &quot;install&quot;,
            &quot;id&quot;: &quot;5475369&quot;,
            &quot;version&quot;: &quot;::apt&quot;,
            &quot;url&quot;: &quot; &quot;
        },
        {
            &quot;name&quot;: &quot;cherry&quot;,
            &quot;action&quot;: &quot;install&quot;,
            &quot;id&quot;: &quot;5495382&quot;,
            &quot;version&quot;: &quot;::fruits&quot;,
            &quot;url&quot;: &quot; &quot;
        },
        {
            &quot;name&quot;: &quot;registry&quot;,
            &quot;action&quot;: &quot;install&quot;,
            &quot;id&quot;: &quot;8018911&quot;,
            &quot;version&quot;: &quot;::docker&quot;,
            &quot;url&quot;: &quot; &quot;
        }
    ]
}
00:18:41 INFO  Started operation: {'creationTime': '2022-07-22T00:18:41.356Z', 'deviceId': '21166557', 'deviceName': 'm32sd10b', 'self': 'https://t493319102.eu-latest.cumulocity.com/devicecontrol/operations/21210951', 'id': '21210951', 'status': 'PENDING', 'description': &quot;Apply software changes, triggered from PySys: [{'action': 'install', 'id': '5495053', 'name': 'apple', 'url': ' ', 'version': '::fruits'}, {'action': 'install', 'id': '5494888', 'name': 'banana', 'url': ' ', 'version': '::fruits'}, {'action': 'install', 'id': '5475369', 'name': 'asciijump', 'url': ' ', 'version': '::apt'}, {'action': 'install', 'id': '5495382', 'name': 'cherry', 'url': ' ', 'version': '::fruits'}, {'action': 'install', 'id': '8018911', 'name': 'registry', 'url': ' ', 'version': '::docker'}]&quot;, 'c8y_SoftwareUpdate': [{'name': 'apple', 'action': 'install', 'id': '5495053', 'version': '::fruits', 'url': ' '}, {'name': 'banana', 'action': 'install', 'id': '5494888', 'version': '::fruits', 'url': ' '}, {'name': 'asciijump', 'action': 'install', 'id': '5475369', 'version': '::apt', 'url': ' '}, {'name': 'cherry', 'action': 'install', 'id': '5495382', 'version': '::fruits', 'url': ' '}, {'name': 'registry', 'action': 'install', 'id': '8018911', 'version': '::docker', 'url': ' '}]}
00:18:43 INFO  State of operation 21210951 : PENDING
00:18:45 INFO  State of operation 21210951 : EXECUTING
00:18:48 INFO  State of operation 21210951 : EXECUTING
00:18:50 INFO  State of operation 21210951 : EXECUTING
00:18:52 INFO  State of operation 21210951 : EXECUTING
00:18:54 INFO  State of operation 21210951 : EXECUTING
00:18:57 INFO  State of operation 21210951 : EXECUTING
00:19:00 INFO  State of operation 21210951 : EXECUTING
00:19:02 INFO  State of operation 21210951 : EXECUTING
00:19:05 INFO  State of operation 21210951 : EXECUTING
00:19:07 INFO  State of operation 21210951 : EXECUTING
00:19:09 INFO  State of operation 21210951 : EXECUTING
00:19:11 INFO  State of operation 21210951 : EXECUTING
00:19:14 INFO  State of operation 21210951 : EXECUTING
00:19:16 INFO  State of operation 21210951 : EXECUTING
00:19:18 INFO  State of operation 21210951 : EXECUTING
00:19:20 INFO  State of operation 21210951 : EXECUTING
00:19:23 INFO  State of operation 21210951 : EXECUTING
00:19:25 INFO  State of operation 21210951 : EXECUTING
00:19:27 INFO  State of operation 21210951 : EXECUTING
00:19:29 INFO  State of operation 21210951 : EXECUTING
00:19:32 INFO  State of operation 21210951 : EXECUTING
00:19:34 INFO  State of operation 21210951 : EXECUTING
00:19:36 INFO  State of operation 21210951 : EXECUTING
00:19:38 INFO  State of operation 21210951 : EXECUTING
00:19:40 INFO  State of operation 21210951 : SUCCESSFUL
00:19:41 INFO  Package apple is installed
00:19:41 INFO  Assert that (True == value) with value=True ... passed
00:19:41 INFO  Package banana is installed
00:19:41 INFO  Assert that (True == value) with value=True ... passed
00:19:41 INFO  Package cherry is installed
00:19:41 INFO  Assert that (True == value) with value=True ... passed
00:19:41 INFO  Package asciijump is installed
00:19:41 INFO  Assert that (True == value) with value=True ... passed
00:19:42 INFO  Package registry is installed
00:19:42 INFO  Assert that (True == value) with value=True ... passed
00:19:42 INFO  Response status: 201
00:19:42 INFO  Response to action: {
    &quot;creationTime&quot;: &quot;2022-07-22T00:19:42.368Z&quot;,
    &quot;deviceId&quot;: &quot;21166557&quot;,
    &quot;deviceName&quot;: &quot;m32sd10b&quot;,
    &quot;self&quot;: &quot;https://t493319102.eu-latest.cumulocity.com/devicecontrol/operations/21210965&quot;,
    &quot;id&quot;: &quot;21210965&quot;,
    &quot;status&quot;: &quot;PENDING&quot;,
    &quot;description&quot;: &quot;Apply software changes, triggered from PySys: [{'action': 'delete', 'id': '5495053', 'name': 'apple', 'url': ' ', 'version': '::fruits'}, {'action': 'delete', 'id': '5494888', 'name': 'banana', 'url': ' ', 'version': '::fruits'}, {'action': 'delete', 'id': '5475369', 'name': 'asciijump', 'url': ' ', 'version': '::apt'}, {'action': 'delete', 'id': '5495382', 'name': 'cherry', 'url': ' ', 'version': '::fruits'}, {'action': 'delete', 'id': '8018911', 'name': 'registry', 'url': ' ', 'version': '::docker'}]&quot;,
    &quot;c8y_SoftwareUpdate&quot;: [
        {
            &quot;name&quot;: &quot;apple&quot;,
            &quot;action&quot;: &quot;delete&quot;,
            &quot;id&quot;: &quot;5495053&quot;,
            &quot;version&quot;: &quot;::fruits&quot;,
            &quot;url&quot;: &quot; &quot;
        },
        {
            &quot;name&quot;: &quot;banana&quot;,
            &quot;action&quot;: &quot;delete&quot;,
            &quot;id&quot;: &quot;5494888&quot;,
            &quot;version&quot;: &quot;::fruits&quot;,
            &quot;url&quot;: &quot; &quot;
        },
        {
            &quot;name&quot;: &quot;asciijump&quot;,
            &quot;action&quot;: &quot;delete&quot;,
            &quot;id&quot;: &quot;5475369&quot;,
            &quot;version&quot;: &quot;::apt&quot;,
            &quot;url&quot;: &quot; &quot;
        },
        {
            &quot;name&quot;: &quot;cherry&quot;,
            &quot;action&quot;: &quot;delete&quot;,
            &quot;id&quot;: &quot;5495382&quot;,
            &quot;version&quot;: &quot;::fruits&quot;,
            &quot;url&quot;: &quot; &quot;
        },
        {
            &quot;name&quot;: &quot;registry&quot;,
            &quot;action&quot;: &quot;delete&quot;,
            &quot;id&quot;: &quot;8018911&quot;,
            &quot;version&quot;: &quot;::docker&quot;,
            &quot;url&quot;: &quot; &quot;
        }
    ]
}
00:19:42 INFO  Started operation: {'creationTime': '2022-07-22T00:19:42.368Z', 'deviceId': '21166557', 'deviceName': 'm32sd10b', 'self': 'https://t493319102.eu-latest.cumulocity.com/devicecontrol/operations/21210965', 'id': '21210965', 'status': 'PENDING', 'description': &quot;Apply software changes, triggered from PySys: [{'action': 'delete', 'id': '5495053', 'name': 'apple', 'url': ' ', 'version': '::fruits'}, {'action': 'delete', 'id': '5494888', 'name': 'banana', 'url': ' ', 'version': '::fruits'}, {'action': 'delete', 'id': '5475369', 'name': 'asciijump', 'url': ' ', 'version': '::apt'}, {'action': 'delete', 'id': '5495382', 'name': 'cherry', 'url': ' ', 'version': '::fruits'}, {'action': 'delete', 'id': '8018911', 'name': 'registry', 'url': ' ', 'version': '::docker'}]&quot;, 'c8y_SoftwareUpdate': [{'name': 'apple', 'action': 'delete', 'id': '5495053', 'version': '::fruits', 'url': ' '}, {'name': 'banana', 'action': 'delete', 'id': '5494888', 'version': '::fruits', 'url': ' '}, {'name': 'asciijump', 'action': 'delete', 'id': '5475369', 'version': '::apt', 'url': ' '}, {'name': 'cherry', 'action': 'delete', 'id': '5495382', 'version': '::fruits', 'url': ' '}, {'name': 'registry', 'action': 'delete', 'id': '8018911', 'version': '::docker', 'url': ' '}]}
00:19:44 INFO  State of operation 21210965 : PENDING
00:19:47 INFO  State of operation 21210965 : EXECUTING
00:19:49 INFO  State of operation 21210965 : EXECUTING
00:19:51 INFO  State of operation 21210965 : EXECUTING
00:19:53 INFO  State of operation 21210965 : EXECUTING
00:19:55 INFO  State of operation 21210965 : EXECUTING
00:19:58 INFO  State of operation 21210965 : EXECUTING
00:20:01 INFO  State of operation 21210965 : EXECUTING
00:20:03 INFO  State of operation 21210965 : EXECUTING
00:20:06 INFO  State of operation 21210965 : EXECUTING
00:20:08 INFO  State of operation 21210965 : EXECUTING
00:20:10 INFO  State of operation 21210965 : EXECUTING
00:20:12 INFO  State of operation 21210965 : EXECUTING
00:20:15 INFO  State of operation 21210965 : EXECUTING
00:20:17 INFO  State of operation 21210965 : EXECUTING
00:20:19 INFO  State of operation 21210965 : EXECUTING
00:20:22 INFO  State of operation 21210965 : EXECUTING
00:20:25 INFO  State of operation 21210965 : EXECUTING
00:20:27 INFO  State of operation 21210965 : EXECUTING
00:20:29 INFO  State of operation 21210965 : EXECUTING
00:20:31 INFO  State of operation 21210965 : EXECUTING
00:20:34 INFO  State of operation 21210965 : EXECUTING
00:20:36 INFO  State of operation 21210965 : EXECUTING
00:20:39 INFO  State of operation 21210965 : EXECUTING
00:20:41 INFO  State of operation 21210965 : EXECUTING
00:20:43 INFO  State of operation 21210965 : EXECUTING
00:20:45 INFO  State of operation 21210965 : EXECUTING
00:20:48 INFO  State of operation 21210965 : EXECUTING
00:20:50 INFO  State of operation 21210965 : EXECUTING
00:20:52 INFO  State of operation 21210965 : EXECUTING
00:20:54 INFO  State of operation 21210965 : SUCCESSFUL
00:20:55 INFO  Package apple is installed
00:20:55 INFO  Assert that (True == value) with value=True ... passed
00:20:55 INFO  Package banana is installed
00:20:55 INFO  Assert that (True == value) with value=True ... passed
00:20:55 INFO  Package cherry is installed
00:20:55 INFO  Assert that (True == value) with value=True ... passed
00:20:55 INFO  Assert that (False == value) with value=False ... passed
00:20:56 INFO  Assert that (False == value) with value=False ... passed
00:20:56 INFO  
00:20:56 INFO  cleanup:
00:21:00 INFO  Executed sudo&lt;tedge_disconnect_c8y&gt;, exit status 0
00:21:00 INFO  Executed systemctl&lt;serv_mapper5&gt;, exit status 3
00:21:00 INFO  
00:21:00 INFO  Test duration: 165.55 secs
00:21:00 INFO  Test final outcome:  FAILED
00:21:00 INFO  Test outcome reason: Assert that (False == value) with value=True
00:21:00 INFO  
</system-out>
	</testcase>
</testsuite>
