<?xml version="1.0" encoding="utf-8"?>
<testsuite failures="1" name="SoftwareManagement.sm_apt_install_remove_multiple" skipped="0" tests="1" time="141.8" timestamp="2022-07-22T00:08:22">
	<testcase classname="PySysTest" name="SoftwareManagement.sm_apt_install_remove_multiple">
		<failure message="FAILED: Assert that (False == value) with value=True (+2 other failures)" type="FAILED"/>
		<system-out>00:06:00 INFO  ==============================================================
00:06:00 INFO  Id:    SoftwareManagement.sm_apt_install_remove_multiple
00:06:00 INFO  Dir:   software_management_end_to_end/
00:06:00 INFO  Title: Validate end to end behaviour for the apt plugin for multiple packages
00:06:00 INFO  ==============================================================
00:06:00 INFO  Using sw id database: {'asciijump': '5475369', 'robotfindskitten': '5474869', 'squirrel3': '5475279', 'rolldice': '5152439', 'moon-buggy': '5439204', 'apple': '5495053', 'banana': '5494888', 'cherry': '5495382', 'watermelon': '5494510', 'registry': '8018911', 'hello-world': '8021526', 'docker/getting-started': '8021973', 'alpine': '7991792'}
00:06:00 INFO  EnvironmentC8y Setup
00:06:01 INFO  Executed systemctl&lt;serv_mapper1&gt;, exit status 3
00:06:01 INFO  Restarting mosquitto too frequently in the last 10 seconds. It was only up for 6 seconds
00:06:01 INFO  Delaying execution by 5 seconds
00:06:21 INFO  Executed sudo&lt;tedge_connect_c8y&gt;, exit status 0, duration 14 secs
00:06:22 INFO  Executed sudo&lt;tedge_connect_c8y_test&gt;, exit status 0
00:06:22 INFO  Executed systemctl&lt;serv_mosq2&gt;, exit status 0
00:06:23 INFO  Executed systemctl&lt;serv_mapper3&gt;, exit status 0
00:06:25 INFO  State of current operation: SUCCESSFUL
00:06:25 INFO  Assert that (False == value) with value=False ... passed
00:06:25 INFO  Package asciijump is installed
00:06:26 WARN  Assert that (False == value) with value=True ... failed 
00:06:26 INFO  Package squirrel3 is installed
00:06:26 WARN  Assert that (False == value) with value=True ... failed 
00:06:26 INFO  Package robotfindskitten is installed
00:06:26 WARN  Assert that (False == value) with value=True ... failed 
00:06:26 INFO  Response status: 201
00:06:26 INFO  Response to action: {
    &quot;creationTime&quot;: &quot;2022-07-22T00:06:26.825Z&quot;,
    &quot;deviceId&quot;: &quot;21166557&quot;,
    &quot;deviceName&quot;: &quot;m32sd10b&quot;,
    &quot;self&quot;: &quot;https://t493319102.eu-latest.cumulocity.com/devicecontrol/operations/21210838&quot;,
    &quot;id&quot;: &quot;21210838&quot;,
    &quot;status&quot;: &quot;PENDING&quot;,
    &quot;description&quot;: &quot;Apply software changes, triggered from PySys: [{'action': 'install', 'id': '5475369', 'name': 'asciijump', 'url': ' ', 'version': '::apt'}, {'action': 'install', 'id': '5474869', 'name': 'robotfindskitten', 'url': ' ', 'version': '::apt'}, {'action': 'install', 'id': '5475279', 'name': 'squirrel3', 'url': ' ', 'version': '::apt'}]&quot;,
    &quot;c8y_SoftwareUpdate&quot;: [
        {
            &quot;name&quot;: &quot;asciijump&quot;,
            &quot;action&quot;: &quot;install&quot;,
            &quot;id&quot;: &quot;5475369&quot;,
            &quot;version&quot;: &quot;::apt&quot;,
            &quot;url&quot;: &quot; &quot;
        },
        {
            &quot;name&quot;: &quot;robotfindskitten&quot;,
            &quot;action&quot;: &quot;install&quot;,
            &quot;id&quot;: &quot;5474869&quot;,
            &quot;version&quot;: &quot;::apt&quot;,
            &quot;url&quot;: &quot; &quot;
        },
        {
            &quot;name&quot;: &quot;squirrel3&quot;,
            &quot;action&quot;: &quot;install&quot;,
            &quot;id&quot;: &quot;5475279&quot;,
            &quot;version&quot;: &quot;::apt&quot;,
            &quot;url&quot;: &quot; &quot;
        }
    ]
}
00:06:26 INFO  Started operation: {'creationTime': '2022-07-22T00:06:26.825Z', 'deviceId': '21166557', 'deviceName': 'm32sd10b', 'self': 'https://t493319102.eu-latest.cumulocity.com/devicecontrol/operations/21210838', 'id': '21210838', 'status': 'PENDING', 'description': &quot;Apply software changes, triggered from PySys: [{'action': 'install', 'id': '5475369', 'name': 'asciijump', 'url': ' ', 'version': '::apt'}, {'action': 'install', 'id': '5474869', 'name': 'robotfindskitten', 'url': ' ', 'version': '::apt'}, {'action': 'install', 'id': '5475279', 'name': 'squirrel3', 'url': ' ', 'version': '::apt'}]&quot;, 'c8y_SoftwareUpdate': [{'name': 'asciijump', 'action': 'install', 'id': '5475369', 'version': '::apt', 'url': ' '}, {'name': 'robotfindskitten', 'action': 'install', 'id': '5474869', 'version': '::apt', 'url': ' '}, {'name': 'squirrel3', 'action': 'install', 'id': '5475279', 'version': '::apt', 'url': ' '}]}
00:06:29 INFO  State of operation 21210838 : PENDING
00:06:31 INFO  State of operation 21210838 : EXECUTING
00:06:33 INFO  State of operation 21210838 : EXECUTING
00:06:35 INFO  State of operation 21210838 : EXECUTING
00:06:37 INFO  State of operation 21210838 : EXECUTING
00:06:40 INFO  State of operation 21210838 : EXECUTING
00:06:42 INFO  State of operation 21210838 : EXECUTING
00:06:45 INFO  State of operation 21210838 : EXECUTING
00:06:47 INFO  State of operation 21210838 : EXECUTING
00:06:50 INFO  State of operation 21210838 : EXECUTING
00:06:52 INFO  State of operation 21210838 : EXECUTING
00:06:54 INFO  State of operation 21210838 : EXECUTING
00:06:57 INFO  State of operation 21210838 : EXECUTING
00:06:59 INFO  State of operation 21210838 : EXECUTING
00:07:01 INFO  State of operation 21210838 : EXECUTING
00:07:03 INFO  State of operation 21210838 : SUCCESSFUL
00:07:03 INFO  Assert that (False == value) with value=False ... passed
00:07:04 INFO  Package asciijump is installed
00:07:04 INFO  Assert that (True == value) with value=True ... passed
00:07:04 INFO  Package squirrel3 is installed
00:07:04 INFO  Assert that (True == value) with value=True ... passed
00:07:04 INFO  Package robotfindskitten is installed
00:07:04 INFO  Assert that (True == value) with value=True ... passed
00:07:04 INFO  Response status: 201
00:07:04 INFO  Response to action: {
    &quot;creationTime&quot;: &quot;2022-07-22T00:07:04.832Z&quot;,
    &quot;deviceId&quot;: &quot;21166557&quot;,
    &quot;deviceName&quot;: &quot;m32sd10b&quot;,
    &quot;self&quot;: &quot;https://t493319102.eu-latest.cumulocity.com/devicecontrol/operations/21210846&quot;,
    &quot;id&quot;: &quot;21210846&quot;,
    &quot;status&quot;: &quot;PENDING&quot;,
    &quot;description&quot;: &quot;Apply software changes, triggered from PySys: [{'action': 'delete', 'id': '5475369', 'name': 'asciijump', 'url': ' ', 'version': '::apt'}, {'action': 'delete', 'id': '5474869', 'name': 'robotfindskitten', 'url': ' ', 'version': '::apt'}, {'action': 'delete', 'id': '5475279', 'name': 'squirrel3', 'url': ' ', 'version': '::apt'}]&quot;,
    &quot;c8y_SoftwareUpdate&quot;: [
        {
            &quot;name&quot;: &quot;asciijump&quot;,
            &quot;action&quot;: &quot;delete&quot;,
            &quot;id&quot;: &quot;5475369&quot;,
            &quot;version&quot;: &quot;::apt&quot;,
            &quot;url&quot;: &quot; &quot;
        },
        {
            &quot;name&quot;: &quot;robotfindskitten&quot;,
            &quot;action&quot;: &quot;delete&quot;,
            &quot;id&quot;: &quot;5474869&quot;,
            &quot;version&quot;: &quot;::apt&quot;,
            &quot;url&quot;: &quot; &quot;
        },
        {
            &quot;name&quot;: &quot;squirrel3&quot;,
            &quot;action&quot;: &quot;delete&quot;,
            &quot;id&quot;: &quot;5475279&quot;,
            &quot;version&quot;: &quot;::apt&quot;,
            &quot;url&quot;: &quot; &quot;
        }
    ]
}
00:07:04 INFO  Started operation: {'creationTime': '2022-07-22T00:07:04.832Z', 'deviceId': '21166557', 'deviceName': 'm32sd10b', 'self': 'https://t493319102.eu-latest.cumulocity.com/devicecontrol/operations/21210846', 'id': '21210846', 'status': 'PENDING', 'description': &quot;Apply software changes, triggered from PySys: [{'action': 'delete', 'id': '5475369', 'name': 'asciijump', 'url': ' ', 'version': '::apt'}, {'action': 'delete', 'id': '5474869', 'name': 'robotfindskitten', 'url': ' ', 'version': '::apt'}, {'action': 'delete', 'id': '5475279', 'name': 'squirrel3', 'url': ' ', 'version': '::apt'}]&quot;, 'c8y_SoftwareUpdate': [{'name': 'asciijump', 'action': 'delete', 'id': '5475369', 'version': '::apt', 'url': ' '}, {'name': 'robotfindskitten', 'action': 'delete', 'id': '5474869', 'version': '::apt', 'url': ' '}, {'name': 'squirrel3', 'action': 'delete', 'id': '5475279', 'version': '::apt', 'url': ' '}]}
00:07:07 INFO  State of operation 21210846 : PENDING
00:07:09 INFO  State of operation 21210846 : EXECUTING
00:07:11 INFO  State of operation 21210846 : EXECUTING
00:07:13 INFO  State of operation 21210846 : EXECUTING
00:07:16 INFO  State of operation 21210846 : EXECUTING
00:07:18 INFO  State of operation 21210846 : EXECUTING
00:07:21 INFO  State of operation 21210846 : EXECUTING
00:07:23 INFO  State of operation 21210846 : EXECUTING
00:07:25 INFO  State of operation 21210846 : EXECUTING
00:07:28 INFO  State of operation 21210846 : EXECUTING
00:07:30 INFO  State of operation 21210846 : EXECUTING
00:07:32 INFO  State of operation 21210846 : EXECUTING
00:07:34 INFO  State of operation 21210846 : EXECUTING
00:07:37 INFO  State of operation 21210846 : EXECUTING
00:07:39 INFO  State of operation 21210846 : EXECUTING
00:07:41 INFO  State of operation 21210846 : EXECUTING
00:07:43 INFO  State of operation 21210846 : EXECUTING
00:07:51 INFO  State of operation 21210846 : EXECUTING
00:07:54 INFO  State of operation 21210846 : EXECUTING
00:07:56 INFO  State of operation 21210846 : EXECUTING
00:07:58 INFO  State of operation 21210846 : EXECUTING
00:08:00 INFO  State of operation 21210846 : EXECUTING
00:08:03 INFO  State of operation 21210846 : EXECUTING
00:08:05 INFO  State of operation 21210846 : EXECUTING
00:08:07 INFO  State of operation 21210846 : EXECUTING
00:08:10 INFO  State of operation 21210846 : EXECUTING
00:08:12 INFO  State of operation 21210846 : EXECUTING
00:08:14 INFO  State of operation 21210846 : EXECUTING
00:08:16 INFO  State of operation 21210846 : SUCCESSFUL
00:08:17 INFO  Assert that (False == value) with value=False ... passed
00:08:17 INFO  Assert that (False == value) with value=False ... passed
00:08:17 INFO  Assert that (False == value) with value=False ... passed
00:08:17 INFO  Assert that (False == value) with value=False ... passed
00:08:17 INFO  
00:08:17 INFO  cleanup:
00:08:22 INFO  Executed sudo&lt;tedge_disconnect_c8y&gt;, exit status 0
00:08:22 INFO  Executed systemctl&lt;serv_mapper5&gt;, exit status 3
00:08:22 INFO  
00:08:22 INFO  Test duration: 141.80 secs
00:08:22 INFO  Test final outcome:  FAILED
00:08:22 INFO  Test outcome reason: Assert that (False == value) with value=True (+2 other failures)
00:08:22 INFO  
</system-out>
	</testcase>
</testsuite>
