<?xml version="1.0" encoding="utf-8"?>
<testsuite failures="1" name="SoftwareManagement.Plugin.apama_plugin_update" skipped="0" tests="1" time="21.87" timestamp="2022-07-22T10:22:24">
	<testcase classname="ApamaPluginUpdateTest" name="SoftwareManagement.Plugin.apama_plugin_update">
		<failure message="BLOCKED: sudo&lt;plugin_install&gt; returned non-zero exit code 2" type="BLOCKED"/>
		<system-out>10:22:02 INFO  ==============================================================
10:22:02 INFO  Id:    SoftwareManagement.Plugin.apama_plugin_update
10:22:02 INFO  Dir:   plugin_apama/
10:22:02 INFO  Title: Validate apama plugin updating one project with another
10:22:02 INFO  ==============================================================
10:22:02 INFO  Assertion that path exists=False for &quot;/etc/tedge/apama/project&quot; ... passed
10:22:02 INFO  Executed sudo&lt;create_project_dir&gt;, exit status 0
10:22:03 INFO  Executed sudo&lt;unzip_apama_project&gt;, exit status 0
10:22:04 INFO  Executed sudo&lt;move_apama_project&gt;, exit status 0
10:22:04 INFO  Executed sudo&lt;restart_apama_service&gt;, exit status 0
10:22:05 INFO  Executed sudo&lt;apama_correlator_wait&gt;, exit status 0
10:22:05 INFO  Assertion that path exists=True for &quot;/etc/tedge/apama/project&quot; ... passed
10:22:06 INFO  Executed sudo&lt;apama_list_monitors&gt;, exit status 0
10:22:06 INFO  Grep on file /home/pi/actions-runner/_work/thin-edge.io/thin-edge.io/tests/PySys/plugin_apama/apama_plugin_update/Output/linux/apama_list_monitors.out ... passed
10:22:07 WARN  Executed sudo&lt;plugin_install&gt;, exit status 2
10:22:07 INFO  Contents of plugin_install.err: 
  ERROR: Directory not empty (os error 39)
  -----

10:22:07 WARN  sudo&lt;plugin_install&gt; returned non-zero exit code 2 ... blocked [run.py:35]
10:22:07 WARN  Aborted test due to BLOCKED outcome
10:22:07 INFO  
10:22:07 INFO  cleanup:
10:22:07 INFO  Removing apama project
10:22:23 INFO  Executed sudo&lt;stop_apama_service&gt;, exit status 0, duration 15 secs
10:22:23 INFO  Executed sudo&lt;remove_apama_project&gt;, exit status 0
10:22:24 INFO  Executed sudo&lt;remove_apama_tmp_dir&gt;, exit status 0
10:22:24 INFO  
10:22:24 INFO  Test duration: 21.87 secs
10:22:24 INFO  Test final outcome:  BLOCKED
10:22:24 INFO  Test outcome reason: sudo&lt;plugin_install&gt; returned non-zero exit code 2
10:22:24 INFO  
</system-out>
	</testcase>
</testsuite>
