<?xml version="1.0" encoding="utf-8"?>
<testsuite failures="1" name="SoftwareManagement.sm_apt_install_remove_multiple" skipped="0" tests="1" time="137.23" timestamp="2022-06-15T12:05:47">
	<testcase classname="PySysTest" name="SoftwareManagement.sm_apt_install_remove_multiple">
		<failure message="FAILED: Assert that (False == value) with value=True (+2 other failures)" type="FAILED"/>
		<system-out>12:03:30 INFO  ==============================================================
12:03:30 INFO  Id:    SoftwareManagement.sm_apt_install_remove_multiple
12:03:30 INFO  Dir:   software_management_end_to_end/
12:03:30 INFO  Title: Validate end to end behaviour for the apt plugin for multiple packages
12:03:30 INFO  ==============================================================
12:03:30 INFO  Using sw id database: {'asciijump': '5475369', 'robotfindskitten': '5474869', 'squirrel3': '5475279', 'rolldice': '5152439', 'moon-buggy': '5439204', 'apple': '5495053', 'banana': '5494888', 'cherry': '5495382', 'watermelon': '5494510', 'registry': '8018911', 'hello-world': '8021526', 'docker/getting-started': '8021973', 'alpine': '7991792'}
12:03:30 INFO  EnvironmentC8y Setup
12:03:30 INFO  Executed systemctl&lt;serv_mapper1&gt;, exit status 3
12:03:30 INFO  Restarting mosquitto too frequently in the last 10 seconds. It was only up for 5 seconds
12:03:30 INFO  Delaying execution by 6 seconds
12:03:50 INFO  Executed sudo&lt;tedge_connect_c8y&gt;, exit status 0, duration 13 secs
12:03:51 INFO  Executed sudo&lt;tedge_connect_c8y_test&gt;, exit status 0
12:03:51 INFO  Executed systemctl&lt;serv_mosq2&gt;, exit status 0
12:03:52 INFO  Executed systemctl&lt;serv_mapper3&gt;, exit status 0
12:03:54 INFO  State of current operation: SUCCESSFUL
12:03:54 INFO  Assert that (False == value) with value=False ... passed
12:03:55 INFO  Package asciijump is installed
12:03:55 WARN  Assert that (False == value) with value=True ... failed 
12:03:55 INFO  Package squirrel3 is installed
12:03:55 WARN  Assert that (False == value) with value=True ... failed 
12:03:56 INFO  Package robotfindskitten is installed
12:03:56 WARN  Assert that (False == value) with value=True ... failed 
12:03:56 INFO  Response status: 201
12:03:56 INFO  Response to action: {
    &quot;creationTime&quot;: &quot;2022-06-15T12:03:56.219Z&quot;,
    &quot;deviceName&quot;: &quot;m32sd10b&quot;,
    &quot;deviceId&quot;: &quot;20221101&quot;,
    &quot;self&quot;: &quot;https://t493319102.eu-latest.cumulocity.com/devicecontrol/operations/20232321&quot;,
    &quot;id&quot;: &quot;20232321&quot;,
    &quot;status&quot;: &quot;PENDING&quot;,
    &quot;description&quot;: &quot;Apply software changes, triggered from PySys: [{'action': 'install', 'id': '5475369', 'name': 'asciijump', 'url': ' ', 'version': '::apt'}, {'action': 'install', 'id': '5474869', 'name': 'robotfindskitten', 'url': ' ', 'version': '::apt'}, {'action': 'install', 'id': '5475279', 'name': 'squirrel3', 'url': ' ', 'version': '::apt'}]&quot;,
    &quot;c8y_SoftwareUpdate&quot;: [
        {
            &quot;name&quot;: &quot;asciijump&quot;,
            &quot;action&quot;: &quot;install&quot;,
            &quot;id&quot;: &quot;5475369&quot;,
            &quot;version&quot;: &quot;::apt&quot;,
            &quot;url&quot;: &quot; &quot;
        },
        {
            &quot;name&quot;: &quot;robotfindskitten&quot;,
            &quot;action&quot;: &quot;install&quot;,
            &quot;id&quot;: &quot;5474869&quot;,
            &quot;version&quot;: &quot;::apt&quot;,
            &quot;url&quot;: &quot; &quot;
        },
        {
            &quot;name&quot;: &quot;squirrel3&quot;,
            &quot;action&quot;: &quot;install&quot;,
            &quot;id&quot;: &quot;5475279&quot;,
            &quot;version&quot;: &quot;::apt&quot;,
            &quot;url&quot;: &quot; &quot;
        }
    ]
}
12:03:56 INFO  Started operation: {'creationTime': '2022-06-15T12:03:56.219Z', 'deviceName': 'm32sd10b', 'deviceId': '20221101', 'self': 'https://t493319102.eu-latest.cumulocity.com/devicecontrol/operations/20232321', 'id': '20232321', 'status': 'PENDING', 'description': &quot;Apply software changes, triggered from PySys: [{'action': 'install', 'id': '5475369', 'name': 'asciijump', 'url': ' ', 'version': '::apt'}, {'action': 'install', 'id': '5474869', 'name': 'robotfindskitten', 'url': ' ', 'version': '::apt'}, {'action': 'install', 'id': '5475279', 'name': 'squirrel3', 'url': ' ', 'version': '::apt'}]&quot;, 'c8y_SoftwareUpdate': [{'name': 'asciijump', 'action': 'install', 'id': '5475369', 'version': '::apt', 'url': ' '}, {'name': 'robotfindskitten', 'action': 'install', 'id': '5474869', 'version': '::apt', 'url': ' '}, {'name': 'squirrel3', 'action': 'install', 'id': '5475279', 'version': '::apt', 'url': ' '}]}
12:03:58 INFO  State of operation 20232321 : PENDING
12:04:00 INFO  State of operation 20232321 : EXECUTING
12:04:02 INFO  State of operation 20232321 : EXECUTING
12:04:05 INFO  State of operation 20232321 : EXECUTING
12:04:07 INFO  State of operation 20232321 : EXECUTING
12:04:09 INFO  State of operation 20232321 : EXECUTING
12:04:12 INFO  State of operation 20232321 : EXECUTING
12:04:15 INFO  State of operation 20232321 : EXECUTING
12:04:17 INFO  State of operation 20232321 : EXECUTING
12:04:19 INFO  State of operation 20232321 : EXECUTING
12:04:22 INFO  State of operation 20232321 : EXECUTING
12:04:24 INFO  State of operation 20232321 : EXECUTING
12:04:26 INFO  State of operation 20232321 : EXECUTING
12:04:28 INFO  State of operation 20232321 : EXECUTING
12:04:31 INFO  State of operation 20232321 : EXECUTING
12:04:33 INFO  State of operation 20232321 : SUCCESSFUL
12:04:33 INFO  Assert that (False == value) with value=False ... passed
12:04:33 INFO  Package asciijump is installed
12:04:33 INFO  Assert that (True == value) with value=True ... passed
12:04:34 INFO  Package squirrel3 is installed
12:04:34 INFO  Assert that (True == value) with value=True ... passed
12:04:34 INFO  Package robotfindskitten is installed
12:04:34 INFO  Assert that (True == value) with value=True ... passed
12:04:34 INFO  Response status: 201
12:04:34 INFO  Response to action: {
    &quot;creationTime&quot;: &quot;2022-06-15T12:04:34.517Z&quot;,
    &quot;deviceName&quot;: &quot;m32sd10b&quot;,
    &quot;deviceId&quot;: &quot;20221101&quot;,
    &quot;self&quot;: &quot;https://t493319102.eu-latest.cumulocity.com/devicecontrol/operations/20232329&quot;,
    &quot;id&quot;: &quot;20232329&quot;,
    &quot;status&quot;: &quot;PENDING&quot;,
    &quot;description&quot;: &quot;Apply software changes, triggered from PySys: [{'action': 'delete', 'id': '5475369', 'name': 'asciijump', 'url': ' ', 'version': '::apt'}, {'action': 'delete', 'id': '5474869', 'name': 'robotfindskitten', 'url': ' ', 'version': '::apt'}, {'action': 'delete', 'id': '5475279', 'name': 'squirrel3', 'url': ' ', 'version': '::apt'}]&quot;,
    &quot;c8y_SoftwareUpdate&quot;: [
        {
            &quot;name&quot;: &quot;asciijump&quot;,
            &quot;action&quot;: &quot;delete&quot;,
            &quot;id&quot;: &quot;5475369&quot;,
            &quot;version&quot;: &quot;::apt&quot;,
            &quot;url&quot;: &quot; &quot;
        },
        {
            &quot;name&quot;: &quot;robotfindskitten&quot;,
            &quot;action&quot;: &quot;delete&quot;,
            &quot;id&quot;: &quot;5474869&quot;,
            &quot;version&quot;: &quot;::apt&quot;,
            &quot;url&quot;: &quot; &quot;
        },
        {
            &quot;name&quot;: &quot;squirrel3&quot;,
            &quot;action&quot;: &quot;delete&quot;,
            &quot;id&quot;: &quot;5475279&quot;,
            &quot;version&quot;: &quot;::apt&quot;,
            &quot;url&quot;: &quot; &quot;
        }
    ]
}
12:04:34 INFO  Started operation: {'creationTime': '2022-06-15T12:04:34.517Z', 'deviceName': 'm32sd10b', 'deviceId': '20221101', 'self': 'https://t493319102.eu-latest.cumulocity.com/devicecontrol/operations/20232329', 'id': '20232329', 'status': 'PENDING', 'description': &quot;Apply software changes, triggered from PySys: [{'action': 'delete', 'id': '5475369', 'name': 'asciijump', 'url': ' ', 'version': '::apt'}, {'action': 'delete', 'id': '5474869', 'name': 'robotfindskitten', 'url': ' ', 'version': '::apt'}, {'action': 'delete', 'id': '5475279', 'name': 'squirrel3', 'url': ' ', 'version': '::apt'}]&quot;, 'c8y_SoftwareUpdate': [{'name': 'asciijump', 'action': 'delete', 'id': '5475369', 'version': '::apt', 'url': ' '}, {'name': 'robotfindskitten', 'action': 'delete', 'id': '5474869', 'version': '::apt', 'url': ' '}, {'name': 'squirrel3', 'action': 'delete', 'id': '5475279', 'version': '::apt', 'url': ' '}]}
12:04:36 INFO  State of operation 20232329 : PENDING
12:04:39 INFO  State of operation 20232329 : EXECUTING
12:04:41 INFO  State of operation 20232329 : EXECUTING
12:04:43 INFO  State of operation 20232329 : EXECUTING
12:04:45 INFO  State of operation 20232329 : EXECUTING
12:04:47 INFO  State of operation 20232329 : EXECUTING
12:04:50 INFO  State of operation 20232329 : EXECUTING
12:04:53 INFO  State of operation 20232329 : EXECUTING
12:04:55 INFO  State of operation 20232329 : EXECUTING
12:04:58 INFO  State of operation 20232329 : EXECUTING
12:05:00 INFO  State of operation 20232329 : EXECUTING
12:05:02 INFO  State of operation 20232329 : EXECUTING
12:05:04 INFO  State of operation 20232329 : EXECUTING
12:05:06 INFO  State of operation 20232329 : EXECUTING
12:05:09 INFO  State of operation 20232329 : EXECUTING
12:05:11 INFO  State of operation 20232329 : EXECUTING
12:05:13 INFO  State of operation 20232329 : EXECUTING
12:05:15 INFO  State of operation 20232329 : EXECUTING
12:05:18 INFO  State of operation 20232329 : EXECUTING
12:05:21 INFO  State of operation 20232329 : EXECUTING
12:05:23 INFO  State of operation 20232329 : EXECUTING
12:05:25 INFO  State of operation 20232329 : EXECUTING
12:05:27 INFO  State of operation 20232329 : EXECUTING
12:05:29 INFO  State of operation 20232329 : EXECUTING
12:05:32 INFO  State of operation 20232329 : EXECUTING
12:05:34 INFO  State of operation 20232329 : EXECUTING
12:05:37 INFO  State of operation 20232329 : EXECUTING
12:05:39 INFO  State of operation 20232329 : EXECUTING
12:05:41 INFO  State of operation 20232329 : SUCCESSFUL
12:05:42 INFO  Assert that (False == value) with value=False ... passed
12:05:42 INFO  Assert that (False == value) with value=False ... passed
12:05:42 INFO  Assert that (False == value) with value=False ... passed
12:05:42 INFO  Assert that (False == value) with value=False ... passed
12:05:42 INFO  
12:05:42 INFO  cleanup:
12:05:46 INFO  Executed sudo&lt;tedge_disconnect_c8y&gt;, exit status 0
12:05:47 INFO  Executed systemctl&lt;serv_mapper5&gt;, exit status 3
12:05:47 INFO  
12:05:47 INFO  Test duration: 137.23 secs
12:05:47 INFO  Test final outcome:  FAILED
12:05:47 INFO  Test outcome reason: Assert that (False == value) with value=True (+2 other failures)
12:05:47 INFO  
</system-out>
	</testcase>
</testsuite>
