<?xml version="1.0" encoding="utf-8"?>
<testsuite failures="0" name="SoftwareManagement.sm_fake_install_remove" skipped="0" tests="1" time="45.08" timestamp="2022-07-15T09:00:11">
	<testcase classname="PySysTest" name="SoftwareManagement.sm_fake_install_remove"/>
</testsuite>
