<?xml version="1.0" encoding="utf-8"?>
<testsuite failures="1" name="SoftwareManagement.sm_apt_install_remove_multiple_mixed" skipped="0" tests="1" time="179.25" timestamp="2022-07-21T12:53:03">
	<testcase classname="PySysTest" name="SoftwareManagement.sm_apt_install_remove_multiple_mixed">
		<failure message="BLOCKED: SystemError: Timeout while waiting for status SUCCESSFUL or False" type="BLOCKED"/>
		<system-out>12:50:04 INFO  ==============================================================
12:50:04 INFO  Id:    SoftwareManagement.sm_apt_install_remove_multiple_mixed
12:50:04 INFO  Dir:   software_management_end_to_end/
12:50:04 INFO  Title: Validate end to end behaviour for the apt plugin for multiple packages with mixed versions
12:50:04 INFO  ==============================================================
12:50:04 INFO  Using sw id database: {'asciijump': '5475369', 'robotfindskitten': '5474869', 'squirrel3': '5475279', 'rolldice': '5152439', 'moon-buggy': '5439204', 'apple': '5495053', 'banana': '5494888', 'cherry': '5495382', 'watermelon': '5494510', 'registry': '8018911', 'hello-world': '8021526', 'docker/getting-started': '8021973', 'alpine': '7991792'}
12:50:04 INFO  EnvironmentC8y Setup
12:50:05 INFO  Executed systemctl&lt;serv_mapper1&gt;, exit status 3
12:50:05 INFO  Restarting mosquitto too frequently in the last 10 seconds. It was only up for 4 seconds
12:50:05 INFO  Delaying execution by 7 seconds
12:50:26 INFO  Executed sudo&lt;tedge_connect_c8y&gt;, exit status 0, duration 13 secs
12:50:26 INFO  Executed sudo&lt;tedge_connect_c8y_test&gt;, exit status 0
12:50:27 INFO  Executed systemctl&lt;serv_mosq2&gt;, exit status 0
12:50:27 INFO  Executed systemctl&lt;serv_mapper3&gt;, exit status 0
12:50:29 INFO  State of current operation: SUCCESSFUL
12:50:30 INFO  Assert that (False == value) with value=False ... passed
12:50:30 INFO  Assert that (False == value) with value=False ... passed
12:50:30 INFO  Assert that (False == value) with value=False ... passed
12:50:30 INFO  Assert that (False == value) with value=False ... passed
12:50:31 INFO  Assert that (False == value) with value=False ... passed
12:50:32 INFO  Response status: 201
12:50:32 INFO  Response to action: {
    &quot;creationTime&quot;: &quot;2022-07-21T12:50:32.383Z&quot;,
    &quot;deviceId&quot;: &quot;21116856&quot;,
    &quot;deviceName&quot;: &quot;m32sd10b&quot;,
    &quot;self&quot;: &quot;https://t493319102.eu-latest.cumulocity.com/devicecontrol/operations/21131989&quot;,
    &quot;id&quot;: &quot;21131989&quot;,
    &quot;status&quot;: &quot;PENDING&quot;,
    &quot;description&quot;: &quot;Apply software changes, triggered from PySys: [{'action': 'install', 'id': '5475369', 'name': 'asciijump', 'url': ' ', 'version': '::apt'}, {'action': 'install', 'id': '5474869', 'name': 'robotfindskitten', 'url': ' ', 'version': ' '}, {'action': 'install', 'id': '5475279', 'name': 'squirrel3', 'url': ' ', 'version': '3.1-7::apt'}, {'action': 'install', 'id': '5152439', 'name': 'rolldice', 'url': ' ', 'version': '1.16-1+b1'}, {'action': 'install', 'id': '5439204', 'name': 'moon-buggy', 'url': ' ', 'version': '1:1.0.51-12'}, {'action': 'install', 'id': '5475369', 'name': 'asciijump', 'url': ' ', 'version': '::apt'}]&quot;,
    &quot;c8y_SoftwareUpdate&quot;: [
        {
            &quot;name&quot;: &quot;asciijump&quot;,
            &quot;action&quot;: &quot;install&quot;,
            &quot;id&quot;: &quot;5475369&quot;,
            &quot;version&quot;: &quot;::apt&quot;,
            &quot;url&quot;: &quot; &quot;
        },
        {
            &quot;name&quot;: &quot;robotfindskitten&quot;,
            &quot;action&quot;: &quot;install&quot;,
            &quot;id&quot;: &quot;5474869&quot;,
            &quot;version&quot;: &quot; &quot;,
            &quot;url&quot;: &quot; &quot;
        },
        {
            &quot;name&quot;: &quot;squirrel3&quot;,
            &quot;action&quot;: &quot;install&quot;,
            &quot;id&quot;: &quot;5475279&quot;,
            &quot;version&quot;: &quot;3.1-7::apt&quot;,
            &quot;url&quot;: &quot; &quot;
        },
        {
            &quot;name&quot;: &quot;rolldice&quot;,
            &quot;action&quot;: &quot;install&quot;,
            &quot;id&quot;: &quot;5152439&quot;,
            &quot;version&quot;: &quot;1.16-1+b1&quot;,
            &quot;url&quot;: &quot; &quot;
        },
        {
            &quot;name&quot;: &quot;moon-buggy&quot;,
            &quot;action&quot;: &quot;install&quot;,
            &quot;id&quot;: &quot;5439204&quot;,
            &quot;version&quot;: &quot;1:1.0.51-12&quot;,
            &quot;url&quot;: &quot; &quot;
        },
        {
            &quot;name&quot;: &quot;asciijump&quot;,
            &quot;action&quot;: &quot;install&quot;,
            &quot;id&quot;: &quot;5475369&quot;,
            &quot;version&quot;: &quot;::apt&quot;,
            &quot;url&quot;: &quot; &quot;
        }
    ]
}
12:50:32 INFO  Started operation: {'creationTime': '2022-07-21T12:50:32.383Z', 'deviceId': '21116856', 'deviceName': 'm32sd10b', 'self': 'https://t493319102.eu-latest.cumulocity.com/devicecontrol/operations/21131989', 'id': '21131989', 'status': 'PENDING', 'description': &quot;Apply software changes, triggered from PySys: [{'action': 'install', 'id': '5475369', 'name': 'asciijump', 'url': ' ', 'version': '::apt'}, {'action': 'install', 'id': '5474869', 'name': 'robotfindskitten', 'url': ' ', 'version': ' '}, {'action': 'install', 'id': '5475279', 'name': 'squirrel3', 'url': ' ', 'version': '3.1-7::apt'}, {'action': 'install', 'id': '5152439', 'name': 'rolldice', 'url': ' ', 'version': '1.16-1+b1'}, {'action': 'install', 'id': '5439204', 'name': 'moon-buggy', 'url': ' ', 'version': '1:1.0.51-12'}, {'action': 'install', 'id': '5475369', 'name': 'asciijump', 'url': ' ', 'version': '::apt'}]&quot;, 'c8y_SoftwareUpdate': [{'name': 'asciijump', 'action': 'install', 'id': '5475369', 'version': '::apt', 'url': ' '}, {'name': 'robotfindskitten', 'action': 'install', 'id': '5474869', 'version': ' ', 'url': ' '}, {'name': 'squirrel3', 'action': 'install', 'id': '5475279', 'version': '3.1-7::apt', 'url': ' '}, {'name': 'rolldice', 'action': 'install', 'id': '5152439', 'version': '1.16-1+b1', 'url': ' '}, {'name': 'moon-buggy', 'action': 'install', 'id': '5439204', 'version': '1:1.0.51-12', 'url': ' '}, {'name': 'asciijump', 'action': 'install', 'id': '5475369', 'version': '::apt', 'url': ' '}]}
12:50:34 INFO  State of operation 21131989 : PENDING
12:50:36 INFO  State of operation 21131989 : EXECUTING
12:50:39 INFO  State of operation 21131989 : EXECUTING
12:50:41 INFO  State of operation 21131989 : EXECUTING
12:50:43 INFO  State of operation 21131989 : EXECUTING
12:50:45 INFO  State of operation 21131989 : EXECUTING
12:50:48 INFO  State of operation 21131989 : EXECUTING
12:50:51 INFO  State of operation 21131989 : EXECUTING
12:50:53 INFO  State of operation 21131989 : EXECUTING
12:50:56 INFO  State of operation 21131989 : EXECUTING
12:50:58 INFO  State of operation 21131989 : EXECUTING
12:51:00 INFO  State of operation 21131989 : EXECUTING
12:51:03 INFO  State of operation 21131989 : EXECUTING
12:51:05 INFO  State of operation 21131989 : EXECUTING
12:51:07 INFO  State of operation 21131989 : EXECUTING
12:51:09 INFO  State of operation 21131989 : EXECUTING
12:51:12 INFO  State of operation 21131989 : EXECUTING
12:51:15 INFO  State of operation 21131989 : EXECUTING
12:51:17 INFO  State of operation 21131989 : EXECUTING
12:51:19 INFO  State of operation 21131989 : EXECUTING
12:51:21 INFO  State of operation 21131989 : EXECUTING
12:51:24 INFO  State of operation 21131989 : EXECUTING
12:51:26 INFO  State of operation 21131989 : EXECUTING
12:51:29 INFO  State of operation 21131989 : EXECUTING
12:51:31 INFO  State of operation 21131989 : EXECUTING
12:51:33 INFO  State of operation 21131989 : EXECUTING
12:51:36 INFO  State of operation 21131989 : EXECUTING
12:51:38 INFO  State of operation 21131989 : EXECUTING
12:51:40 INFO  State of operation 21131989 : EXECUTING
12:51:42 INFO  State of operation 21131989 : EXECUTING
12:51:45 INFO  State of operation 21131989 : EXECUTING
12:51:47 INFO  State of operation 21131989 : EXECUTING
12:51:49 INFO  State of operation 21131989 : EXECUTING
12:51:51 INFO  State of operation 21131989 : EXECUTING
12:51:53 INFO  State of operation 21131989 : EXECUTING
12:51:56 INFO  State of operation 21131989 : EXECUTING
12:51:58 INFO  State of operation 21131989 : EXECUTING
12:52:00 INFO  State of operation 21131989 : EXECUTING
12:52:03 INFO  State of operation 21131989 : EXECUTING
12:52:05 INFO  State of operation 21131989 : EXECUTING
12:52:08 INFO  State of operation 21131989 : EXECUTING
12:52:10 INFO  State of operation 21131989 : EXECUTING
12:52:12 INFO  State of operation 21131989 : EXECUTING
12:52:15 INFO  State of operation 21131989 : EXECUTING
12:52:17 INFO  State of operation 21131989 : EXECUTING
12:52:19 INFO  State of operation 21131989 : EXECUTING
12:52:21 INFO  State of operation 21131989 : EXECUTING
12:52:24 INFO  State of operation 21131989 : EXECUTING
12:52:26 INFO  State of operation 21131989 : EXECUTING
12:52:28 INFO  State of operation 21131989 : EXECUTING
12:52:31 INFO  State of operation 21131989 : EXECUTING
12:52:33 INFO  State of operation 21131989 : EXECUTING
12:52:35 INFO  State of operation 21131989 : EXECUTING
12:52:38 INFO  State of operation 21131989 : EXECUTING
12:52:40 INFO  State of operation 21131989 : EXECUTING
12:52:43 INFO  State of operation 21131989 : EXECUTING
12:52:45 INFO  State of operation 21131989 : EXECUTING
12:52:48 INFO  State of operation 21131989 : EXECUTING
12:52:50 INFO  State of operation 21131989 : EXECUTING
12:52:52 INFO  State of operation 21131989 : EXECUTING
12:52:54 INFO  State of operation 21131989 : EXECUTING
12:52:56 WARN  SystemError occurred while running test - Timeout while waiting for status SUCCESSFUL or False
Traceback (most recent call last):
  File &quot;/home/pi/env-pysys/lib/python3.7/site-packages/pysys/baserunner.py&quot;, line 1294, in __call__
    self.testObj.execute()
  File &quot;/home/pi/actions-runner/_work/thin-edge.io/thin-edge.io/tests/PySys/software_management_end_to_end/sm_apt_install_remove_multiple_mixed/run.py&quot;, line 89, in execute
    self.wait_until_succcess()
  File &quot;/home/pi/actions-runner/_work/thin-edge.io/thin-edge.io/tests/PySys/software_management_end_to_end/environment_sm_management.py&quot;, line 324, in wait_until_succcess
    self.wait_until_status(&quot;SUCCESSFUL&quot;)
  File &quot;/home/pi/actions-runner/_work/thin-edge.io/thin-edge.io/tests/PySys/software_management_end_to_end/environment_sm_management.py&quot;, line 381, in wait_until_status
    &quot;Timeout while waiting for status %s or %s&quot; % (status, status2)
SystemError: Timeout while waiting for status SUCCESSFUL or False
12:52:56 WARN  SystemError: Timeout while waiting for status SUCCESSFUL or False ... blocked 
12:52:56 INFO  
12:52:56 INFO  cleanup:
12:53:03 INFO  Executed sudo&lt;tedge_disconnect_c8y&gt;, exit status 0
12:53:03 INFO  Executed systemctl&lt;serv_mapper5&gt;, exit status 3
12:53:03 INFO  
12:53:03 INFO  Test duration: 179.25 secs
12:53:03 INFO  Test final outcome:  BLOCKED
12:53:03 INFO  Test outcome reason: SystemError: Timeout while waiting for status SUCCESSFUL or False
12:53:03 INFO  
</system-out>
	</testcase>
</testsuite>
