<?xml version="1.0" encoding="utf-8"?>
<testsuite failures="0" name="SoftwareManagement.sm_mapper_fail_and_reconnect" skipped="1" tests="1" time="0.04" timestamp="2022-05-25T12:23:12">
	<testcase classname="MapperC8yReceiveLastMessageOnRestart" name="SoftwareManagement.sm_mapper_fail_and_reconnect">
		<skipped message="SKIPPED: instable https://github.com/thin-edge/thin-edge.io/issues/752"/>
		<system-out>12:23:12 INFO  ==============================================================
12:23:12 INFO  Id:    SoftwareManagement.sm_mapper_fail_and_reconnect
12:23:12 INFO  Dir:   software_management_end_to_end/
12:23:12 INFO  Title: Validate the tedge-mapper-sm-c8y for receiving the last message on restart
12:23:12 INFO  ==============================================================
12:23:12 INFO  instable https://github.com/thin-edge/thin-edge.io/issues/752 ... skipped
12:23:12 INFO  
12:23:12 INFO  Test duration: 0.04 secs
12:23:12 INFO  Test final outcome:  SKIPPED
12:23:12 INFO  Test outcome reason: instable https://github.com/thin-edge/thin-edge.io/issues/752
12:23:12 INFO  
</system-out>
	</testcase>
</testsuite>
