<?xml version="1.0" encoding="utf-8"?>
<testsuite failures="1" name="SoftwareManagement.sm_apt_install_fail" skipped="0" tests="1" time="164.43" timestamp="2022-07-22T03:04:30">
	<testcase classname="PySysTest" name="SoftwareManagement.sm_apt_install_fail">
		<failure message="BLOCKED: SystemError: Timeout while waiting for status FAILED or SUCCESSFUL" type="BLOCKED"/>
		<system-out>03:01:46 INFO  ==============================================================
03:01:46 INFO  Id:    SoftwareManagement.sm_apt_install_fail
03:01:46 INFO  Dir:   software_management_end_to_end/
03:01:46 INFO  Title: Validate end to end behaviour for a failing installation
03:01:46 INFO  ==============================================================
03:01:46 INFO  Using sw id database: {'asciijump': '5475369', 'robotfindskitten': '5474869', 'squirrel3': '5475279', 'rolldice': '5152439', 'moon-buggy': '5439204', 'apple': '5495053', 'banana': '5494888', 'cherry': '5495382', 'watermelon': '5494510', 'registry': '8018911', 'hello-world': '8021526', 'docker/getting-started': '8021973', 'alpine': '7991792'}
03:01:46 INFO  EnvironmentC8y Setup
03:01:46 INFO  Executed systemctl&lt;serv_mapper1&gt;, exit status 3
03:01:46 INFO  Restarting mosquitto too frequently in the last 10 seconds. It was only up for 5 seconds
03:01:46 INFO  Delaying execution by 6 seconds
03:02:06 INFO  Executed sudo&lt;tedge_connect_c8y&gt;, exit status 0, duration 13 secs
03:02:07 INFO  Executed sudo&lt;tedge_connect_c8y_test&gt;, exit status 0
03:02:07 INFO  Executed systemctl&lt;serv_mosq2&gt;, exit status 0
03:02:08 INFO  Executed systemctl&lt;serv_mapper3&gt;, exit status 0
03:02:10 INFO  State of current operation: EXECUTING
03:02:12 INFO  State of current operation: EXECUTING
03:02:14 INFO  State of current operation: EXECUTING
03:02:17 INFO  State of current operation: EXECUTING
03:02:19 INFO  State of current operation: EXECUTING
03:02:21 INFO  State of current operation: EXECUTING
03:02:23 INFO  State of current operation: EXECUTING
03:02:26 INFO  State of current operation: EXECUTING
03:02:28 INFO  State of current operation: EXECUTING
03:02:30 INFO  State of current operation: EXECUTING
03:02:32 INFO  State of current operation: EXECUTING
03:02:34 INFO  State of current operation: EXECUTING
03:02:37 INFO  State of current operation: EXECUTING
03:02:39 INFO  State of current operation: EXECUTING
03:02:41 INFO  State of current operation: EXECUTING
03:02:43 INFO  State of current operation: EXECUTING
03:02:46 INFO  State of current operation: EXECUTING
03:02:48 INFO  State of current operation: EXECUTING
03:02:50 INFO  State of current operation: EXECUTING
03:02:52 INFO  State of current operation: EXECUTING
03:02:54 INFO  State of current operation: EXECUTING
03:02:57 INFO  State of current operation: EXECUTING
03:02:59 INFO  State of current operation: EXECUTING
03:03:01 INFO  State of current operation: EXECUTING
03:03:03 INFO  State of current operation: EXECUTING
03:03:05 INFO  State of current operation: EXECUTING
03:03:08 INFO  State of current operation: EXECUTING
03:03:10 INFO  State of current operation: EXECUTING
03:03:12 INFO  State of current operation: EXECUTING
03:03:14 INFO  State of current operation: EXECUTING
03:03:17 INFO  State of current operation: EXECUTING
03:03:19 INFO  State of current operation: EXECUTING
03:03:21 INFO  State of current operation: EXECUTING
03:03:23 INFO  State of current operation: EXECUTING
03:03:25 INFO  State of current operation: EXECUTING
03:03:28 INFO  State of current operation: EXECUTING
03:03:30 INFO  State of current operation: EXECUTING
03:03:32 INFO  State of current operation: EXECUTING
03:03:34 INFO  State of current operation: EXECUTING
03:03:36 INFO  State of current operation: EXECUTING
03:03:39 INFO  State of current operation: EXECUTING
03:03:41 INFO  State of current operation: EXECUTING
03:03:43 INFO  State of current operation: EXECUTING
03:03:45 INFO  State of current operation: EXECUTING
03:03:48 INFO  State of current operation: EXECUTING
03:03:50 INFO  State of current operation: EXECUTING
03:03:52 INFO  State of current operation: EXECUTING
03:03:54 INFO  State of current operation: EXECUTING
03:03:57 INFO  State of current operation: EXECUTING
03:03:59 INFO  State of current operation: EXECUTING
03:04:01 INFO  State of current operation: EXECUTING
03:04:03 INFO  State of current operation: EXECUTING
03:04:06 INFO  State of current operation: EXECUTING
03:04:08 INFO  State of current operation: EXECUTING
03:04:10 INFO  State of current operation: EXECUTING
03:04:12 INFO  State of current operation: EXECUTING
03:04:14 INFO  State of current operation: EXECUTING
03:04:17 INFO  State of current operation: EXECUTING
03:04:19 INFO  State of current operation: EXECUTING
03:04:21 INFO  State of current operation: EXECUTING
03:04:23 INFO  State of current operation: EXECUTING
03:04:25 WARN  SystemError occurred while running test - Timeout while waiting for status FAILED or SUCCESSFUL
Traceback (most recent call last):
  File &quot;/home/pi/env-pysys/lib/python3.7/site-packages/pysys/baserunner.py&quot;, line 1292, in __call__
    self.testObj.setup()
  File &quot;/home/pi/actions-runner/_work/thin-edge.io/thin-edge.io/tests/PySys/software_management_end_to_end/sm_apt_install_fail/run.py&quot;, line 20, in setup
    super().setup()
  File &quot;/home/pi/actions-runner/_work/thin-edge.io/thin-edge.io/tests/PySys/software_management_end_to_end/environment_sm_management.py&quot;, line 151, in setup
    self.wait_until_end()
  File &quot;/home/pi/actions-runner/_work/thin-edge.io/thin-edge.io/tests/PySys/software_management_end_to_end/environment_sm_management.py&quot;, line 332, in wait_until_end
    self.wait_until_status(&quot;FAILED&quot;, &quot;SUCCESSFUL&quot;)
  File &quot;/home/pi/actions-runner/_work/thin-edge.io/thin-edge.io/tests/PySys/software_management_end_to_end/environment_sm_management.py&quot;, line 381, in wait_until_status
    &quot;Timeout while waiting for status %s or %s&quot; % (status, status2)
SystemError: Timeout while waiting for status FAILED or SUCCESSFUL
03:04:25 WARN  SystemError: Timeout while waiting for status FAILED or SUCCESSFUL ... blocked 
03:04:25 INFO  
03:04:25 INFO  cleanup:
03:04:29 INFO  Executed sudo&lt;tedge_disconnect_c8y&gt;, exit status 0
03:04:30 INFO  Executed systemctl&lt;serv_mapper5&gt;, exit status 3
03:04:30 INFO  
03:04:30 INFO  Test duration: 164.43 secs
03:04:30 INFO  Test final outcome:  BLOCKED
03:04:30 INFO  Test outcome reason: SystemError: Timeout while waiting for status FAILED or SUCCESSFUL
03:04:30 INFO  
</system-out>
	</testcase>
</testsuite>
