<?xml version="1.0" encoding="utf-8"?>
<testsuite failures="1" name="SoftwareManagement.sm_apt_install_remove_default" skipped="0" tests="1" time="165.76" timestamp="2022-05-23T18:01:48">
	<testcase classname="PySysTest" name="SoftwareManagement.sm_apt_install_remove_default">
		<failure message="BLOCKED: SystemError: Timeout while waiting for status FAILED or SUCCESSFUL" type="BLOCKED"/>
		<system-out>17:59:03 INFO  ==============================================================
17:59:03 INFO  Id:    SoftwareManagement.sm_apt_install_remove_default
17:59:03 INFO  Dir:   software_management_end_to_end/
17:59:03 INFO  Title: Validate end to end behaviour for the default plugin for installation and removal of packages
17:59:03 INFO  ==============================================================
17:59:03 INFO  Using sw id database: {'asciijump': '5475369', 'robotfindskitten': '5474869', 'squirrel3': '5475279', 'rolldice': '5152439', 'moon-buggy': '5439204', 'apple': '5495053', 'banana': '5494888', 'cherry': '5495382', 'watermelon': '5494510', 'registry': '8018911', 'hello-world': '8021526', 'docker/getting-started': '8021973', 'alpine': '7991792'}
17:59:03 INFO  EnvironmentC8y Setup
17:59:03 INFO  Executed systemctl&lt;serv_mapper1&gt;, exit status 3
17:59:03 INFO  Restarting mosquitto too frequently in the last 10 seconds. It was only up for 5 seconds
17:59:03 INFO  Delaying execution by 6 seconds
17:59:23 INFO  Executed sudo&lt;tedge_connect_c8y&gt;, exit status 0, duration 13 secs
17:59:24 INFO  Executed sudo&lt;tedge_connect_c8y_test&gt;, exit status 0
17:59:24 INFO  Executed systemctl&lt;serv_mosq2&gt;, exit status 0
17:59:25 INFO  Executed systemctl&lt;serv_mapper3&gt;, exit status 0
17:59:27 INFO  State of current operation: PENDING
17:59:29 INFO  State of current operation: PENDING
17:59:31 INFO  State of current operation: PENDING
17:59:34 INFO  State of current operation: PENDING
17:59:36 INFO  State of current operation: PENDING
17:59:38 INFO  State of current operation: PENDING
17:59:40 INFO  State of current operation: PENDING
17:59:43 INFO  State of current operation: PENDING
17:59:45 INFO  State of current operation: PENDING
17:59:47 INFO  State of current operation: PENDING
17:59:49 INFO  State of current operation: PENDING
17:59:52 INFO  State of current operation: PENDING
17:59:54 INFO  State of current operation: PENDING
17:59:56 INFO  State of current operation: PENDING
17:59:58 INFO  State of current operation: PENDING
18:00:01 INFO  State of current operation: PENDING
18:00:03 INFO  State of current operation: PENDING
18:00:05 INFO  State of current operation: PENDING
18:00:07 INFO  State of current operation: PENDING
18:00:09 INFO  State of current operation: PENDING
18:00:12 INFO  State of current operation: PENDING
18:00:14 INFO  State of current operation: PENDING
18:00:16 INFO  State of current operation: PENDING
18:00:19 INFO  State of current operation: PENDING
18:00:21 INFO  State of current operation: PENDING
18:00:23 INFO  State of current operation: PENDING
18:00:25 INFO  State of current operation: PENDING
18:00:28 INFO  State of current operation: PENDING
18:00:30 INFO  State of current operation: PENDING
18:00:32 INFO  State of current operation: PENDING
18:00:34 INFO  State of current operation: PENDING
18:00:37 INFO  State of current operation: PENDING
18:00:39 INFO  State of current operation: PENDING
18:00:41 INFO  State of current operation: PENDING
18:00:44 INFO  State of current operation: PENDING
18:00:46 INFO  State of current operation: PENDING
18:00:48 INFO  State of current operation: PENDING
18:00:50 INFO  State of current operation: PENDING
18:00:53 INFO  State of current operation: PENDING
18:00:55 INFO  State of current operation: PENDING
18:00:57 INFO  State of current operation: PENDING
18:00:59 INFO  State of current operation: PENDING
18:01:01 INFO  State of current operation: PENDING
18:01:04 INFO  State of current operation: PENDING
18:01:06 INFO  State of current operation: PENDING
18:01:08 INFO  State of current operation: PENDING
18:01:10 INFO  State of current operation: PENDING
18:01:13 INFO  State of current operation: PENDING
18:01:15 INFO  State of current operation: PENDING
18:01:17 INFO  State of current operation: PENDING
18:01:19 INFO  State of current operation: PENDING
18:01:22 INFO  State of current operation: PENDING
18:01:24 INFO  State of current operation: PENDING
18:01:26 INFO  State of current operation: PENDING
18:01:28 INFO  State of current operation: PENDING
18:01:31 INFO  State of current operation: PENDING
18:01:33 INFO  State of current operation: PENDING
18:01:35 INFO  State of current operation: PENDING
18:01:37 INFO  State of current operation: PENDING
18:01:39 INFO  State of current operation: PENDING
18:01:42 INFO  State of current operation: PENDING
18:01:44 WARN  SystemError occurred while running test - Timeout while waiting for status FAILED or SUCCESSFUL
Traceback (most recent call last):
  File &quot;/home/pi/env-pysys/lib/python3.7/site-packages/pysys/baserunner.py&quot;, line 1292, in __call__
    self.testObj.setup()
  File &quot;/home/pi/actions-runner/_work/thin-edge.io/thin-edge.io/tests/PySys/software_management_end_to_end/sm_apt_install_remove_default/run.py&quot;, line 26, in setup
    super().setup()
  File &quot;/home/pi/actions-runner/_work/thin-edge.io/thin-edge.io/tests/PySys/software_management_end_to_end/environment_sm_management.py&quot;, line 151, in setup
    self.wait_until_end()
  File &quot;/home/pi/actions-runner/_work/thin-edge.io/thin-edge.io/tests/PySys/software_management_end_to_end/environment_sm_management.py&quot;, line 332, in wait_until_end
    self.wait_until_status(&quot;FAILED&quot;, &quot;SUCCESSFUL&quot;)
  File &quot;/home/pi/actions-runner/_work/thin-edge.io/thin-edge.io/tests/PySys/software_management_end_to_end/environment_sm_management.py&quot;, line 381, in wait_until_status
    &quot;Timeout while waiting for status %s or %s&quot; % (status, status2)
SystemError: Timeout while waiting for status FAILED or SUCCESSFUL
18:01:44 WARN  SystemError: Timeout while waiting for status FAILED or SUCCESSFUL ... blocked 
18:01:44 INFO  
18:01:44 INFO  cleanup:
18:01:48 INFO  Executed sudo&lt;tedge_disconnect_c8y&gt;, exit status 0
18:01:48 INFO  Executed systemctl&lt;serv_mapper5&gt;, exit status 3
18:01:48 INFO  
18:01:48 INFO  Test duration: 165.76 secs
18:01:48 INFO  Test final outcome:  BLOCKED
18:01:48 INFO  Test outcome reason: SystemError: Timeout while waiting for status FAILED or SUCCESSFUL
18:01:48 INFO  
</system-out>
	</testcase>
</testsuite>
