<?xml version="1.0" encoding="utf-8"?>
<testsuite failures="1" name="SoftwareManagement.sm_apt_install_remove_multiple_mixed" skipped="0" tests="1" time="177.96" timestamp="2022-07-16T18:30:12">
	<testcase classname="PySysTest" name="SoftwareManagement.sm_apt_install_remove_multiple_mixed">
		<failure message="BLOCKED: SystemError: Timeout while waiting for status SUCCESSFUL or False (+1 other failures)" type="BLOCKED"/>
		<system-out>18:27:14 INFO  ==============================================================
18:27:14 INFO  Id:    SoftwareManagement.sm_apt_install_remove_multiple_mixed
18:27:14 INFO  Dir:   software_management_end_to_end/
18:27:14 INFO  Title: Validate end to end behaviour for the apt plugin for multiple packages with mixed versions
18:27:14 INFO  ==============================================================
18:27:14 INFO  Using sw id database: {'asciijump': '5475369', 'robotfindskitten': '5474869', 'squirrel3': '5475279', 'rolldice': '5152439', 'moon-buggy': '5439204', 'apple': '5495053', 'banana': '5494888', 'cherry': '5495382', 'watermelon': '5494510', 'registry': '8018911', 'hello-world': '8021526', 'docker/getting-started': '8021973', 'alpine': '7991792'}
18:27:14 INFO  EnvironmentC8y Setup
18:27:14 INFO  Executed systemctl&lt;serv_mapper1&gt;, exit status 3
18:27:14 INFO  Restarting mosquitto too frequently in the last 10 seconds. It was only up for 5 seconds
18:27:14 INFO  Delaying execution by 6 seconds
18:27:34 INFO  Executed sudo&lt;tedge_connect_c8y&gt;, exit status 0, duration 13 secs
18:27:35 INFO  Executed sudo&lt;tedge_connect_c8y_test&gt;, exit status 0
18:27:35 INFO  Executed systemctl&lt;serv_mosq2&gt;, exit status 0
18:27:36 INFO  Executed systemctl&lt;serv_mapper3&gt;, exit status 0
18:27:38 INFO  State of current operation: SUCCESSFUL
18:27:38 INFO  Assert that (False == value) with value=False ... passed
18:27:39 INFO  Assert that (False == value) with value=False ... passed
18:27:39 INFO  Assert that (False == value) with value=False ... passed
18:27:39 INFO  Assert that (False == value) with value=False ... passed
18:27:39 INFO  Package moon-buggy is installed
18:27:40 WARN  Assert that (False == value) with value=True ... failed 
18:27:41 INFO  Response status: 201
18:27:41 INFO  Response to action: {
    &quot;delivery&quot;: {
        &quot;log&quot;: [],
        &quot;time&quot;: &quot;2022-07-16T18:27:41.230Z&quot;,
        &quot;status&quot;: &quot;PENDING&quot;
    },
    &quot;creationTime&quot;: &quot;2022-07-16T18:27:41.215Z&quot;,
    &quot;deviceName&quot;: &quot;m32sd10b&quot;,
    &quot;deviceId&quot;: &quot;20961416&quot;,
    &quot;self&quot;: &quot;https://t493319102.eu-latest.cumulocity.com/devicecontrol/operations/20974383&quot;,
    &quot;id&quot;: &quot;20974383&quot;,
    &quot;status&quot;: &quot;PENDING&quot;,
    &quot;description&quot;: &quot;Apply software changes, triggered from PySys: [{'action': 'install', 'id': '5475369', 'name': 'asciijump', 'url': ' ', 'version': '::apt'}, {'action': 'install', 'id': '5474869', 'name': 'robotfindskitten', 'url': ' ', 'version': ' '}, {'action': 'install', 'id': '5475279', 'name': 'squirrel3', 'url': ' ', 'version': '3.1-7::apt'}, {'action': 'install', 'id': '5152439', 'name': 'rolldice', 'url': ' ', 'version': '1.16-1+b1'}, {'action': 'install', 'id': '5439204', 'name': 'moon-buggy', 'url': ' ', 'version': '1:1.0.51-12'}, {'action': 'install', 'id': '5475369', 'name': 'asciijump', 'url': ' ', 'version': '::apt'}]&quot;,
    &quot;c8y_SoftwareUpdate&quot;: [
        {
            &quot;name&quot;: &quot;asciijump&quot;,
            &quot;action&quot;: &quot;install&quot;,
            &quot;id&quot;: &quot;5475369&quot;,
            &quot;version&quot;: &quot;::apt&quot;,
            &quot;url&quot;: &quot; &quot;
        },
        {
            &quot;name&quot;: &quot;robotfindskitten&quot;,
            &quot;action&quot;: &quot;install&quot;,
            &quot;id&quot;: &quot;5474869&quot;,
            &quot;version&quot;: &quot; &quot;,
            &quot;url&quot;: &quot; &quot;
        },
        {
            &quot;name&quot;: &quot;squirrel3&quot;,
            &quot;action&quot;: &quot;install&quot;,
            &quot;id&quot;: &quot;5475279&quot;,
            &quot;version&quot;: &quot;3.1-7::apt&quot;,
            &quot;url&quot;: &quot; &quot;
        },
        {
            &quot;name&quot;: &quot;rolldice&quot;,
            &quot;action&quot;: &quot;install&quot;,
            &quot;id&quot;: &quot;5152439&quot;,
            &quot;version&quot;: &quot;1.16-1+b1&quot;,
            &quot;url&quot;: &quot; &quot;
        },
        {
            &quot;name&quot;: &quot;moon-buggy&quot;,
            &quot;action&quot;: &quot;install&quot;,
            &quot;id&quot;: &quot;5439204&quot;,
            &quot;version&quot;: &quot;1:1.0.51-12&quot;,
            &quot;url&quot;: &quot; &quot;
        },
        {
            &quot;name&quot;: &quot;asciijump&quot;,
            &quot;action&quot;: &quot;install&quot;,
            &quot;id&quot;: &quot;5475369&quot;,
            &quot;version&quot;: &quot;::apt&quot;,
            &quot;url&quot;: &quot; &quot;
        }
    ]
}
18:27:41 INFO  Started operation: {'delivery': {'log': [], 'time': '2022-07-16T18:27:41.230Z', 'status': 'PENDING'}, 'creationTime': '2022-07-16T18:27:41.215Z', 'deviceName': 'm32sd10b', 'deviceId': '20961416', 'self': 'https://t493319102.eu-latest.cumulocity.com/devicecontrol/operations/20974383', 'id': '20974383', 'status': 'PENDING', 'description': &quot;Apply software changes, triggered from PySys: [{'action': 'install', 'id': '5475369', 'name': 'asciijump', 'url': ' ', 'version': '::apt'}, {'action': 'install', 'id': '5474869', 'name': 'robotfindskitten', 'url': ' ', 'version': ' '}, {'action': 'install', 'id': '5475279', 'name': 'squirrel3', 'url': ' ', 'version': '3.1-7::apt'}, {'action': 'install', 'id': '5152439', 'name': 'rolldice', 'url': ' ', 'version': '1.16-1+b1'}, {'action': 'install', 'id': '5439204', 'name': 'moon-buggy', 'url': ' ', 'version': '1:1.0.51-12'}, {'action': 'install', 'id': '5475369', 'name': 'asciijump', 'url': ' ', 'version': '::apt'}]&quot;, 'c8y_SoftwareUpdate': [{'name': 'asciijump', 'action': 'install', 'id': '5475369', 'version': '::apt', 'url': ' '}, {'name': 'robotfindskitten', 'action': 'install', 'id': '5474869', 'version': ' ', 'url': ' '}, {'name': 'squirrel3', 'action': 'install', 'id': '5475279', 'version': '3.1-7::apt', 'url': ' '}, {'name': 'rolldice', 'action': 'install', 'id': '5152439', 'version': '1.16-1+b1', 'url': ' '}, {'name': 'moon-buggy', 'action': 'install', 'id': '5439204', 'version': '1:1.0.51-12', 'url': ' '}, {'name': 'asciijump', 'action': 'install', 'id': '5475369', 'version': '::apt', 'url': ' '}]}
18:27:43 INFO  State of operation 20974383 : PENDING
18:27:45 INFO  State of operation 20974383 : EXECUTING
18:27:47 INFO  State of operation 20974383 : EXECUTING
18:27:50 INFO  State of operation 20974383 : EXECUTING
18:27:52 INFO  State of operation 20974383 : EXECUTING
18:27:54 INFO  State of operation 20974383 : EXECUTING
18:27:57 INFO  State of operation 20974383 : EXECUTING
18:28:00 INFO  State of operation 20974383 : EXECUTING
18:28:02 INFO  State of operation 20974383 : EXECUTING
18:28:05 INFO  State of operation 20974383 : EXECUTING
18:28:07 INFO  State of operation 20974383 : EXECUTING
18:28:09 INFO  State of operation 20974383 : EXECUTING
18:28:11 INFO  State of operation 20974383 : EXECUTING
18:28:14 INFO  State of operation 20974383 : EXECUTING
18:28:16 INFO  State of operation 20974383 : EXECUTING
18:28:18 INFO  State of operation 20974383 : EXECUTING
18:28:21 INFO  State of operation 20974383 : EXECUTING
18:28:23 INFO  State of operation 20974383 : EXECUTING
18:28:26 INFO  State of operation 20974383 : EXECUTING
18:28:28 INFO  State of operation 20974383 : EXECUTING
18:28:30 INFO  State of operation 20974383 : EXECUTING
18:28:33 INFO  State of operation 20974383 : EXECUTING
18:28:35 INFO  State of operation 20974383 : EXECUTING
18:28:38 INFO  State of operation 20974383 : EXECUTING
18:28:40 INFO  State of operation 20974383 : EXECUTING
18:28:42 INFO  State of operation 20974383 : EXECUTING
18:28:44 INFO  State of operation 20974383 : EXECUTING
18:28:47 INFO  State of operation 20974383 : EXECUTING
18:28:49 INFO  State of operation 20974383 : EXECUTING
18:28:51 INFO  State of operation 20974383 : EXECUTING
18:28:54 INFO  State of operation 20974383 : EXECUTING
18:28:56 INFO  State of operation 20974383 : EXECUTING
18:28:58 INFO  State of operation 20974383 : EXECUTING
18:29:00 INFO  State of operation 20974383 : EXECUTING
18:29:03 INFO  State of operation 20974383 : EXECUTING
18:29:05 INFO  State of operation 20974383 : EXECUTING
18:29:07 INFO  State of operation 20974383 : EXECUTING
18:29:09 INFO  State of operation 20974383 : EXECUTING
18:29:12 INFO  State of operation 20974383 : EXECUTING
18:29:15 INFO  State of operation 20974383 : EXECUTING
18:29:17 INFO  State of operation 20974383 : EXECUTING
18:29:19 INFO  State of operation 20974383 : EXECUTING
18:29:22 INFO  State of operation 20974383 : EXECUTING
18:29:24 INFO  State of operation 20974383 : EXECUTING
18:29:26 INFO  State of operation 20974383 : EXECUTING
18:29:28 INFO  State of operation 20974383 : EXECUTING
18:29:31 INFO  State of operation 20974383 : EXECUTING
18:29:33 INFO  State of operation 20974383 : EXECUTING
18:29:36 INFO  State of operation 20974383 : EXECUTING
18:29:38 INFO  State of operation 20974383 : EXECUTING
18:29:40 INFO  State of operation 20974383 : EXECUTING
18:29:43 INFO  State of operation 20974383 : EXECUTING
18:29:45 INFO  State of operation 20974383 : EXECUTING
18:29:47 INFO  State of operation 20974383 : EXECUTING
18:29:50 INFO  State of operation 20974383 : EXECUTING
18:29:52 INFO  State of operation 20974383 : EXECUTING
18:29:55 INFO  State of operation 20974383 : EXECUTING
18:29:57 INFO  State of operation 20974383 : EXECUTING
18:30:00 INFO  State of operation 20974383 : EXECUTING
18:30:02 INFO  State of operation 20974383 : EXECUTING
18:30:05 INFO  State of operation 20974383 : EXECUTING
18:30:07 WARN  SystemError occurred while running test - Timeout while waiting for status SUCCESSFUL or False
Traceback (most recent call last):
  File &quot;/home/pi/env-pysys/lib/python3.7/site-packages/pysys/baserunner.py&quot;, line 1294, in __call__
    self.testObj.execute()
  File &quot;/home/pi/actions-runner/_work/thin-edge.io/thin-edge.io/tests/PySys/software_management_end_to_end/sm_apt_install_remove_multiple_mixed/run.py&quot;, line 89, in execute
    self.wait_until_succcess()
  File &quot;/home/pi/actions-runner/_work/thin-edge.io/thin-edge.io/tests/PySys/software_management_end_to_end/environment_sm_management.py&quot;, line 324, in wait_until_succcess
    self.wait_until_status(&quot;SUCCESSFUL&quot;)
  File &quot;/home/pi/actions-runner/_work/thin-edge.io/thin-edge.io/tests/PySys/software_management_end_to_end/environment_sm_management.py&quot;, line 381, in wait_until_status
    &quot;Timeout while waiting for status %s or %s&quot; % (status, status2)
SystemError: Timeout while waiting for status SUCCESSFUL or False
18:30:07 WARN  SystemError: Timeout while waiting for status SUCCESSFUL or False ... blocked 
18:30:07 INFO  
18:30:07 INFO  cleanup:
18:30:11 INFO  Executed sudo&lt;tedge_disconnect_c8y&gt;, exit status 0
18:30:12 INFO  Executed systemctl&lt;serv_mapper5&gt;, exit status 3
18:30:12 INFO  
18:30:12 INFO  Test duration: 177.96 secs
18:30:12 INFO  Test final outcome:  BLOCKED
18:30:12 INFO  Test outcome reason: SystemError: Timeout while waiting for status SUCCESSFUL or False (+1 other failures)
18:30:12 INFO  
</system-out>
	</testcase>
</testsuite>
