<?xml version="1.0" encoding="utf-8"?>
<testsuite failures="1" name="SoftwareManagement.sm_apt_install_remove_multiple" skipped="0" tests="1" time="168.08" timestamp="2022-05-25T14:00:54">
	<testcase classname="PySysTest" name="SoftwareManagement.sm_apt_install_remove_multiple">
		<failure message="BLOCKED: SystemError: Timeout while waiting for status FAILED or SUCCESSFUL" type="BLOCKED"/>
		<system-out>13:58:06 INFO  ==============================================================
13:58:06 INFO  Id:    SoftwareManagement.sm_apt_install_remove_multiple
13:58:06 INFO  Dir:   software_management_end_to_end/
13:58:06 INFO  Title: Validate end to end behaviour for the apt plugin for multiple packages
13:58:06 INFO  ==============================================================
13:58:06 INFO  Using sw id database: {'asciijump': '5475369', 'robotfindskitten': '5474869', 'squirrel3': '5475279', 'rolldice': '5152439', 'moon-buggy': '5439204', 'apple': '5495053', 'banana': '5494888', 'cherry': '5495382', 'watermelon': '5494510', 'registry': '8018911', 'hello-world': '8021526', 'docker/getting-started': '8021973', 'alpine': '7991792'}
13:58:06 INFO  EnvironmentC8y Setup
13:58:07 INFO  Executed systemctl&lt;serv_mapper1&gt;, exit status 3
13:58:07 INFO  Restarting mosquitto too frequently in the last 10 seconds. It was only up for 4 seconds
13:58:07 INFO  Delaying execution by 7 seconds
13:58:28 INFO  Executed sudo&lt;tedge_connect_c8y&gt;, exit status 0, duration 14 secs
13:58:29 INFO  Executed sudo&lt;tedge_connect_c8y_test&gt;, exit status 0
13:58:29 INFO  Executed systemctl&lt;serv_mosq2&gt;, exit status 0
13:58:30 INFO  Executed systemctl&lt;serv_mapper3&gt;, exit status 0
13:58:32 INFO  State of current operation: PENDING
13:58:34 INFO  State of current operation: PENDING
13:58:36 INFO  State of current operation: PENDING
13:58:39 INFO  State of current operation: PENDING
13:58:41 INFO  State of current operation: PENDING
13:58:43 INFO  State of current operation: PENDING
13:58:45 INFO  State of current operation: PENDING
13:58:48 INFO  State of current operation: PENDING
13:58:50 INFO  State of current operation: PENDING
13:58:52 INFO  State of current operation: PENDING
13:58:54 INFO  State of current operation: PENDING
13:58:56 INFO  State of current operation: PENDING
13:58:59 INFO  State of current operation: PENDING
13:59:01 INFO  State of current operation: PENDING
13:59:03 INFO  State of current operation: PENDING
13:59:05 INFO  State of current operation: PENDING
13:59:08 INFO  State of current operation: PENDING
13:59:10 INFO  State of current operation: PENDING
13:59:12 INFO  State of current operation: PENDING
13:59:14 INFO  State of current operation: PENDING
13:59:17 INFO  State of current operation: PENDING
13:59:19 INFO  State of current operation: PENDING
13:59:22 INFO  State of current operation: PENDING
13:59:24 INFO  State of current operation: PENDING
13:59:27 INFO  State of current operation: PENDING
13:59:29 INFO  State of current operation: PENDING
13:59:31 INFO  State of current operation: PENDING
13:59:33 INFO  State of current operation: PENDING
13:59:35 INFO  State of current operation: PENDING
13:59:38 INFO  State of current operation: PENDING
13:59:40 INFO  State of current operation: PENDING
13:59:42 INFO  State of current operation: PENDING
13:59:44 INFO  State of current operation: PENDING
13:59:47 INFO  State of current operation: PENDING
13:59:49 INFO  State of current operation: PENDING
13:59:51 INFO  State of current operation: PENDING
13:59:53 INFO  State of current operation: PENDING
13:59:56 INFO  State of current operation: PENDING
13:59:58 INFO  State of current operation: PENDING
14:00:00 INFO  State of current operation: PENDING
14:00:02 INFO  State of current operation: PENDING
14:00:04 INFO  State of current operation: PENDING
14:00:07 INFO  State of current operation: PENDING
14:00:09 INFO  State of current operation: PENDING
14:00:11 INFO  State of current operation: PENDING
14:00:13 INFO  State of current operation: PENDING
14:00:16 INFO  State of current operation: PENDING
14:00:18 INFO  State of current operation: PENDING
14:00:20 INFO  State of current operation: PENDING
14:00:23 INFO  State of current operation: PENDING
14:00:25 INFO  State of current operation: PENDING
14:00:27 INFO  State of current operation: PENDING
14:00:30 INFO  State of current operation: PENDING
14:00:32 INFO  State of current operation: PENDING
14:00:34 INFO  State of current operation: PENDING
14:00:36 INFO  State of current operation: PENDING
14:00:38 INFO  State of current operation: PENDING
14:00:41 INFO  State of current operation: PENDING
14:00:43 INFO  State of current operation: PENDING
14:00:45 INFO  State of current operation: PENDING
14:00:47 INFO  State of current operation: PENDING
14:00:49 WARN  SystemError occurred while running test - Timeout while waiting for status FAILED or SUCCESSFUL
Traceback (most recent call last):
  File &quot;/home/pi/env-pysys/lib/python3.7/site-packages/pysys/baserunner.py&quot;, line 1292, in __call__
    self.testObj.setup()
  File &quot;/home/pi/actions-runner/_work/thin-edge.io/thin-edge.io/tests/PySys/software_management_end_to_end/sm_apt_install_remove_multiple/run.py&quot;, line 52, in setup
    super().setup()
  File &quot;/home/pi/actions-runner/_work/thin-edge.io/thin-edge.io/tests/PySys/software_management_end_to_end/environment_sm_management.py&quot;, line 151, in setup
    self.wait_until_end()
  File &quot;/home/pi/actions-runner/_work/thin-edge.io/thin-edge.io/tests/PySys/software_management_end_to_end/environment_sm_management.py&quot;, line 332, in wait_until_end
    self.wait_until_status(&quot;FAILED&quot;, &quot;SUCCESSFUL&quot;)
  File &quot;/home/pi/actions-runner/_work/thin-edge.io/thin-edge.io/tests/PySys/software_management_end_to_end/environment_sm_management.py&quot;, line 381, in wait_until_status
    &quot;Timeout while waiting for status %s or %s&quot; % (status, status2)
SystemError: Timeout while waiting for status FAILED or SUCCESSFUL
14:00:49 WARN  SystemError: Timeout while waiting for status FAILED or SUCCESSFUL ... blocked 
14:00:49 INFO  
14:00:49 INFO  cleanup:
14:00:54 INFO  Executed sudo&lt;tedge_disconnect_c8y&gt;, exit status 0
14:00:54 INFO  Executed systemctl&lt;serv_mapper5&gt;, exit status 3
14:00:54 INFO  
14:00:54 INFO  Test duration: 168.08 secs
14:00:54 INFO  Test final outcome:  BLOCKED
14:00:54 INFO  Test outcome reason: SystemError: Timeout while waiting for status FAILED or SUCCESSFUL
14:00:54 INFO  
</system-out>
	</testcase>
</testsuite>
