<?xml version="1.0" encoding="utf-8"?>
<testsuite failures="1" name="SoftwareManagement.sm_mixed_install_remove_multiple" skipped="0" tests="1" time="165.83" timestamp="2022-05-23T12:40:25">
	<testcase classname="PySysTest" name="SoftwareManagement.sm_mixed_install_remove_multiple">
		<failure message="BLOCKED: SystemError: Timeout while waiting for status FAILED or SUCCESSFUL" type="BLOCKED"/>
		<system-out>12:37:40 INFO  ==============================================================
12:37:40 INFO  Id:    SoftwareManagement.sm_mixed_install_remove_multiple
12:37:40 INFO  Dir:   software_management_end_to_end/
12:37:40 INFO  Title: Validate end to end behaviour for the dummy-plugin for multiple packages with mixed versions
12:37:40 INFO  ==============================================================
12:37:40 INFO  Using sw id database: {'asciijump': '5475369', 'robotfindskitten': '5474869', 'squirrel3': '5475279', 'rolldice': '5152439', 'moon-buggy': '5439204', 'apple': '5495053', 'banana': '5494888', 'cherry': '5495382', 'watermelon': '5494510', 'registry': '8018911', 'hello-world': '8021526', 'docker/getting-started': '8021973', 'alpine': '7991792'}
12:37:40 INFO  EnvironmentC8y Setup
12:37:40 INFO  Executed systemctl&lt;serv_mapper1&gt;, exit status 3
12:37:40 INFO  Restarting mosquitto too frequently in the last 10 seconds. It was only up for 5 seconds
12:37:40 INFO  Delaying execution by 6 seconds
12:38:01 INFO  Executed sudo&lt;tedge_connect_c8y&gt;, exit status 0, duration 14 secs
12:38:01 INFO  Executed sudo&lt;tedge_connect_c8y_test&gt;, exit status 0
12:38:02 INFO  Executed systemctl&lt;serv_mosq2&gt;, exit status 0
12:38:02 INFO  Executed systemctl&lt;serv_mapper3&gt;, exit status 0
12:38:04 INFO  State of current operation: PENDING
12:38:07 INFO  State of current operation: PENDING
12:38:09 INFO  State of current operation: PENDING
12:38:11 INFO  State of current operation: PENDING
12:38:13 INFO  State of current operation: PENDING
12:38:16 INFO  State of current operation: PENDING
12:38:18 INFO  State of current operation: PENDING
12:38:20 INFO  State of current operation: PENDING
12:38:22 INFO  State of current operation: PENDING
12:38:25 INFO  State of current operation: PENDING
12:38:27 INFO  State of current operation: PENDING
12:38:29 INFO  State of current operation: PENDING
12:38:31 INFO  State of current operation: PENDING
12:38:34 INFO  State of current operation: PENDING
12:38:36 INFO  State of current operation: PENDING
12:38:38 INFO  State of current operation: PENDING
12:38:40 INFO  State of current operation: PENDING
12:38:42 INFO  State of current operation: PENDING
12:38:45 INFO  State of current operation: PENDING
12:38:47 INFO  State of current operation: PENDING
12:38:49 INFO  State of current operation: PENDING
12:38:51 INFO  State of current operation: PENDING
12:38:54 INFO  State of current operation: PENDING
12:38:56 INFO  State of current operation: PENDING
12:38:58 INFO  State of current operation: PENDING
12:39:00 INFO  State of current operation: PENDING
12:39:03 INFO  State of current operation: PENDING
12:39:05 INFO  State of current operation: PENDING
12:39:07 INFO  State of current operation: PENDING
12:39:09 INFO  State of current operation: PENDING
12:39:12 INFO  State of current operation: PENDING
12:39:14 INFO  State of current operation: PENDING
12:39:16 INFO  State of current operation: PENDING
12:39:18 INFO  State of current operation: PENDING
12:39:21 INFO  State of current operation: PENDING
12:39:23 INFO  State of current operation: PENDING
12:39:25 INFO  State of current operation: PENDING
12:39:27 INFO  State of current operation: PENDING
12:39:30 INFO  State of current operation: PENDING
12:39:32 INFO  State of current operation: PENDING
12:39:34 INFO  State of current operation: PENDING
12:39:36 INFO  State of current operation: PENDING
12:39:39 INFO  State of current operation: PENDING
12:39:41 INFO  State of current operation: PENDING
12:39:43 INFO  State of current operation: PENDING
12:39:45 INFO  State of current operation: PENDING
12:39:47 INFO  State of current operation: PENDING
12:39:50 INFO  State of current operation: PENDING
12:39:52 INFO  State of current operation: PENDING
12:39:54 INFO  State of current operation: PENDING
12:39:56 INFO  State of current operation: PENDING
12:39:59 INFO  State of current operation: PENDING
12:40:01 INFO  State of current operation: PENDING
12:40:03 INFO  State of current operation: PENDING
12:40:05 INFO  State of current operation: PENDING
12:40:08 INFO  State of current operation: PENDING
12:40:10 INFO  State of current operation: PENDING
12:40:12 INFO  State of current operation: PENDING
12:40:14 INFO  State of current operation: PENDING
12:40:17 INFO  State of current operation: PENDING
12:40:19 INFO  State of current operation: PENDING
12:40:21 WARN  SystemError occurred while running test - Timeout while waiting for status FAILED or SUCCESSFUL
Traceback (most recent call last):
  File &quot;/home/pi/env-pysys/lib/python3.7/site-packages/pysys/baserunner.py&quot;, line 1292, in __call__
    self.testObj.setup()
  File &quot;/home/pi/actions-runner/_work/thin-edge.io/thin-edge.io/tests/PySys/software_management_end_to_end/sm_mixed_install_remove_multiple/run.py&quot;, line 83, in setup
    super().setup()
  File &quot;/home/pi/actions-runner/_work/thin-edge.io/thin-edge.io/tests/PySys/software_management_end_to_end/environment_sm_management.py&quot;, line 151, in setup
    self.wait_until_end()
  File &quot;/home/pi/actions-runner/_work/thin-edge.io/thin-edge.io/tests/PySys/software_management_end_to_end/environment_sm_management.py&quot;, line 332, in wait_until_end
    self.wait_until_status(&quot;FAILED&quot;, &quot;SUCCESSFUL&quot;)
  File &quot;/home/pi/actions-runner/_work/thin-edge.io/thin-edge.io/tests/PySys/software_management_end_to_end/environment_sm_management.py&quot;, line 381, in wait_until_status
    &quot;Timeout while waiting for status %s or %s&quot; % (status, status2)
SystemError: Timeout while waiting for status FAILED or SUCCESSFUL
12:40:21 WARN  SystemError: Timeout while waiting for status FAILED or SUCCESSFUL ... blocked 
12:40:21 INFO  
12:40:21 INFO  cleanup:
12:40:25 INFO  Executed sudo&lt;tedge_disconnect_c8y&gt;, exit status 0
12:40:25 INFO  Executed systemctl&lt;serv_mapper5&gt;, exit status 3
12:40:25 INFO  
12:40:25 INFO  Test duration: 165.83 secs
12:40:25 INFO  Test final outcome:  BLOCKED
12:40:25 INFO  Test outcome reason: SystemError: Timeout while waiting for status FAILED or SUCCESSFUL
12:40:25 INFO  
</system-out>
	</testcase>
</testsuite>
