<?xml version="1.0" encoding="utf-8"?>
<testsuite failures="1" name="SoftwareManagement.sm_apt_install_remove_multiple" skipped="0" tests="1" time="136.77" timestamp="2022-07-22T10:32:33">
	<testcase classname="PySysTest" name="SoftwareManagement.sm_apt_install_remove_multiple">
		<failure message="FAILED: Assert that (False == value) with value=True (+2 other failures)" type="FAILED"/>
		<system-out>10:30:17 INFO  ==============================================================
10:30:17 INFO  Id:    SoftwareManagement.sm_apt_install_remove_multiple
10:30:17 INFO  Dir:   software_management_end_to_end/
10:30:17 INFO  Title: Validate end to end behaviour for the apt plugin for multiple packages
10:30:17 INFO  ==============================================================
10:30:17 INFO  Using sw id database: {'asciijump': '5475369', 'robotfindskitten': '5474869', 'squirrel3': '5475279', 'rolldice': '5152439', 'moon-buggy': '5439204', 'apple': '5495053', 'banana': '5494888', 'cherry': '5495382', 'watermelon': '5494510', 'registry': '8018911', 'hello-world': '8021526', 'docker/getting-started': '8021973', 'alpine': '7991792'}
10:30:17 INFO  EnvironmentC8y Setup
10:30:17 INFO  Executed systemctl&lt;serv_mapper1&gt;, exit status 3
10:30:17 INFO  Restarting mosquitto too frequently in the last 10 seconds. It was only up for 5 seconds
10:30:17 INFO  Delaying execution by 6 seconds
10:30:37 INFO  Executed sudo&lt;tedge_connect_c8y&gt;, exit status 0, duration 13 secs
10:30:38 INFO  Executed sudo&lt;tedge_connect_c8y_test&gt;, exit status 0
10:30:38 INFO  Executed systemctl&lt;serv_mosq2&gt;, exit status 0
10:30:39 INFO  Executed systemctl&lt;serv_mapper3&gt;, exit status 0
10:30:41 INFO  State of current operation: SUCCESSFUL
10:30:41 INFO  Assert that (False == value) with value=False ... passed
10:30:42 INFO  Package asciijump is installed
10:30:42 WARN  Assert that (False == value) with value=True ... failed 
10:30:42 INFO  Package squirrel3 is installed
10:30:42 WARN  Assert that (False == value) with value=True ... failed 
10:30:42 INFO  Package robotfindskitten is installed
10:30:42 WARN  Assert that (False == value) with value=True ... failed 
10:30:43 INFO  Response status: 201
10:30:43 INFO  Response to action: {
    &quot;delivery&quot;: {
        &quot;log&quot;: [],
        &quot;time&quot;: &quot;2022-07-22T10:30:43.055Z&quot;,
        &quot;status&quot;: &quot;PENDING&quot;
    },
    &quot;creationTime&quot;: &quot;2022-07-22T10:30:43.039Z&quot;,
    &quot;deviceId&quot;: &quot;21266401&quot;,
    &quot;deviceName&quot;: &quot;m32sd10b&quot;,
    &quot;self&quot;: &quot;https://t493319102.eu-latest.cumulocity.com/devicecontrol/operations/21274992&quot;,
    &quot;id&quot;: &quot;21274992&quot;,
    &quot;status&quot;: &quot;PENDING&quot;,
    &quot;description&quot;: &quot;Apply software changes, triggered from PySys: [{'action': 'install', 'id': '5475369', 'name': 'asciijump', 'url': ' ', 'version': '::apt'}, {'action': 'install', 'id': '5474869', 'name': 'robotfindskitten', 'url': ' ', 'version': '::apt'}, {'action': 'install', 'id': '5475279', 'name': 'squirrel3', 'url': ' ', 'version': '::apt'}]&quot;,
    &quot;c8y_SoftwareUpdate&quot;: [
        {
            &quot;name&quot;: &quot;asciijump&quot;,
            &quot;action&quot;: &quot;install&quot;,
            &quot;id&quot;: &quot;5475369&quot;,
            &quot;version&quot;: &quot;::apt&quot;,
            &quot;url&quot;: &quot; &quot;
        },
        {
            &quot;name&quot;: &quot;robotfindskitten&quot;,
            &quot;action&quot;: &quot;install&quot;,
            &quot;id&quot;: &quot;5474869&quot;,
            &quot;version&quot;: &quot;::apt&quot;,
            &quot;url&quot;: &quot; &quot;
        },
        {
            &quot;name&quot;: &quot;squirrel3&quot;,
            &quot;action&quot;: &quot;install&quot;,
            &quot;id&quot;: &quot;5475279&quot;,
            &quot;version&quot;: &quot;::apt&quot;,
            &quot;url&quot;: &quot; &quot;
        }
    ]
}
10:30:43 INFO  Started operation: {'delivery': {'log': [], 'time': '2022-07-22T10:30:43.055Z', 'status': 'PENDING'}, 'creationTime': '2022-07-22T10:30:43.039Z', 'deviceId': '21266401', 'deviceName': 'm32sd10b', 'self': 'https://t493319102.eu-latest.cumulocity.com/devicecontrol/operations/21274992', 'id': '21274992', 'status': 'PENDING', 'description': &quot;Apply software changes, triggered from PySys: [{'action': 'install', 'id': '5475369', 'name': 'asciijump', 'url': ' ', 'version': '::apt'}, {'action': 'install', 'id': '5474869', 'name': 'robotfindskitten', 'url': ' ', 'version': '::apt'}, {'action': 'install', 'id': '5475279', 'name': 'squirrel3', 'url': ' ', 'version': '::apt'}]&quot;, 'c8y_SoftwareUpdate': [{'name': 'asciijump', 'action': 'install', 'id': '5475369', 'version': '::apt', 'url': ' '}, {'name': 'robotfindskitten', 'action': 'install', 'id': '5474869', 'version': '::apt', 'url': ' '}, {'name': 'squirrel3', 'action': 'install', 'id': '5475279', 'version': '::apt', 'url': ' '}]}
10:30:45 INFO  State of operation 21274992 : PENDING
10:30:47 INFO  State of operation 21274992 : EXECUTING
10:30:49 INFO  State of operation 21274992 : EXECUTING
10:30:51 INFO  State of operation 21274992 : EXECUTING
10:30:54 INFO  State of operation 21274992 : EXECUTING
10:30:56 INFO  State of operation 21274992 : EXECUTING
10:30:59 INFO  State of operation 21274992 : EXECUTING
10:31:01 INFO  State of operation 21274992 : EXECUTING
10:31:04 INFO  State of operation 21274992 : EXECUTING
10:31:06 INFO  State of operation 21274992 : EXECUTING
10:31:08 INFO  State of operation 21274992 : EXECUTING
10:31:10 INFO  State of operation 21274992 : EXECUTING
10:31:13 INFO  State of operation 21274992 : EXECUTING
10:31:15 INFO  State of operation 21274992 : EXECUTING
10:31:17 INFO  State of operation 21274992 : EXECUTING
10:31:19 INFO  State of operation 21274992 : SUCCESSFUL
10:31:19 INFO  Assert that (False == value) with value=False ... passed
10:31:20 INFO  Package asciijump is installed
10:31:20 INFO  Assert that (True == value) with value=True ... passed
10:31:20 INFO  Package squirrel3 is installed
10:31:20 INFO  Assert that (True == value) with value=True ... passed
10:31:20 INFO  Package robotfindskitten is installed
10:31:20 INFO  Assert that (True == value) with value=True ... passed
10:31:20 INFO  Response status: 201
10:31:20 INFO  Response to action: {
    &quot;delivery&quot;: {
        &quot;log&quot;: [],
        &quot;time&quot;: &quot;2022-07-22T10:31:20.855Z&quot;,
        &quot;status&quot;: &quot;PENDING&quot;
    },
    &quot;creationTime&quot;: &quot;2022-07-22T10:31:20.834Z&quot;,
    &quot;deviceId&quot;: &quot;21266401&quot;,
    &quot;deviceName&quot;: &quot;m32sd10b&quot;,
    &quot;self&quot;: &quot;https://t493319102.eu-latest.cumulocity.com/devicecontrol/operations/21275014&quot;,
    &quot;id&quot;: &quot;21275014&quot;,
    &quot;status&quot;: &quot;PENDING&quot;,
    &quot;description&quot;: &quot;Apply software changes, triggered from PySys: [{'action': 'delete', 'id': '5475369', 'name': 'asciijump', 'url': ' ', 'version': '::apt'}, {'action': 'delete', 'id': '5474869', 'name': 'robotfindskitten', 'url': ' ', 'version': '::apt'}, {'action': 'delete', 'id': '5475279', 'name': 'squirrel3', 'url': ' ', 'version': '::apt'}]&quot;,
    &quot;c8y_SoftwareUpdate&quot;: [
        {
            &quot;name&quot;: &quot;asciijump&quot;,
            &quot;action&quot;: &quot;delete&quot;,
            &quot;id&quot;: &quot;5475369&quot;,
            &quot;version&quot;: &quot;::apt&quot;,
            &quot;url&quot;: &quot; &quot;
        },
        {
            &quot;name&quot;: &quot;robotfindskitten&quot;,
            &quot;action&quot;: &quot;delete&quot;,
            &quot;id&quot;: &quot;5474869&quot;,
            &quot;version&quot;: &quot;::apt&quot;,
            &quot;url&quot;: &quot; &quot;
        },
        {
            &quot;name&quot;: &quot;squirrel3&quot;,
            &quot;action&quot;: &quot;delete&quot;,
            &quot;id&quot;: &quot;5475279&quot;,
            &quot;version&quot;: &quot;::apt&quot;,
            &quot;url&quot;: &quot; &quot;
        }
    ]
}
10:31:20 INFO  Started operation: {'delivery': {'log': [], 'time': '2022-07-22T10:31:20.855Z', 'status': 'PENDING'}, 'creationTime': '2022-07-22T10:31:20.834Z', 'deviceId': '21266401', 'deviceName': 'm32sd10b', 'self': 'https://t493319102.eu-latest.cumulocity.com/devicecontrol/operations/21275014', 'id': '21275014', 'status': 'PENDING', 'description': &quot;Apply software changes, triggered from PySys: [{'action': 'delete', 'id': '5475369', 'name': 'asciijump', 'url': ' ', 'version': '::apt'}, {'action': 'delete', 'id': '5474869', 'name': 'robotfindskitten', 'url': ' ', 'version': '::apt'}, {'action': 'delete', 'id': '5475279', 'name': 'squirrel3', 'url': ' ', 'version': '::apt'}]&quot;, 'c8y_SoftwareUpdate': [{'name': 'asciijump', 'action': 'delete', 'id': '5475369', 'version': '::apt', 'url': ' '}, {'name': 'robotfindskitten', 'action': 'delete', 'id': '5474869', 'version': '::apt', 'url': ' '}, {'name': 'squirrel3', 'action': 'delete', 'id': '5475279', 'version': '::apt', 'url': ' '}]}
10:31:23 INFO  State of operation 21275014 : PENDING
10:31:25 INFO  State of operation 21275014 : EXECUTING
10:31:27 INFO  State of operation 21275014 : EXECUTING
10:31:29 INFO  State of operation 21275014 : EXECUTING
10:31:31 INFO  State of operation 21275014 : EXECUTING
10:31:34 INFO  State of operation 21275014 : EXECUTING
10:31:36 INFO  State of operation 21275014 : EXECUTING
10:31:39 INFO  State of operation 21275014 : EXECUTING
10:31:41 INFO  State of operation 21275014 : EXECUTING
10:31:44 INFO  State of operation 21275014 : EXECUTING
10:31:46 INFO  State of operation 21275014 : EXECUTING
10:31:48 INFO  State of operation 21275014 : EXECUTING
10:31:50 INFO  State of operation 21275014 : EXECUTING
10:31:53 INFO  State of operation 21275014 : EXECUTING
10:31:55 INFO  State of operation 21275014 : EXECUTING
10:31:57 INFO  State of operation 21275014 : EXECUTING
10:32:00 INFO  State of operation 21275014 : EXECUTING
10:32:02 INFO  State of operation 21275014 : EXECUTING
10:32:05 INFO  State of operation 21275014 : EXECUTING
10:32:07 INFO  State of operation 21275014 : EXECUTING
10:32:09 INFO  State of operation 21275014 : EXECUTING
10:32:11 INFO  State of operation 21275014 : EXECUTING
10:32:14 INFO  State of operation 21275014 : EXECUTING
10:32:16 INFO  State of operation 21275014 : EXECUTING
10:32:18 INFO  State of operation 21275014 : EXECUTING
10:32:21 INFO  State of operation 21275014 : EXECUTING
10:32:23 INFO  State of operation 21275014 : EXECUTING
10:32:26 INFO  State of operation 21275014 : EXECUTING
10:32:28 INFO  State of operation 21275014 : SUCCESSFUL
10:32:28 INFO  Assert that (False == value) with value=False ... passed
10:32:28 INFO  Assert that (False == value) with value=False ... passed
10:32:29 INFO  Assert that (False == value) with value=False ... passed
10:32:29 INFO  Assert that (False == value) with value=False ... passed
10:32:29 INFO  
10:32:29 INFO  cleanup:
10:32:33 INFO  Executed sudo&lt;tedge_disconnect_c8y&gt;, exit status 0
10:32:33 INFO  Executed systemctl&lt;serv_mapper5&gt;, exit status 3
10:32:33 INFO  
10:32:33 INFO  Test duration: 136.77 secs
10:32:33 INFO  Test final outcome:  FAILED
10:32:33 INFO  Test outcome reason: Assert that (False == value) with value=True (+2 other failures)
10:32:33 INFO  
</system-out>
	</testcase>
</testsuite>
