<?xml version="1.0" encoding="utf-8"?>
<testsuite failures="1" name="SoftwareManagement.sm_apt_install_remove" skipped="0" tests="1" time="165.84" timestamp="2022-05-23T09:39:37">
	<testcase classname="PySysTest" name="SoftwareManagement.sm_apt_install_remove">
		<failure message="BLOCKED: SystemError: Timeout while waiting for status FAILED or SUCCESSFUL" type="BLOCKED"/>
		<system-out>09:36:51 INFO  ==============================================================
09:36:51 INFO  Id:    SoftwareManagement.sm_apt_install_remove
09:36:51 INFO  Dir:   software_management_end_to_end/
09:36:51 INFO  Title: Validate end to end behaviour for the apt plugin for installation and removal of packages
09:36:51 INFO  ==============================================================
09:36:51 INFO  Using sw id database: {'asciijump': '5475369', 'robotfindskitten': '5474869', 'squirrel3': '5475279', 'rolldice': '5152439', 'moon-buggy': '5439204', 'apple': '5495053', 'banana': '5494888', 'cherry': '5495382', 'watermelon': '5494510', 'registry': '8018911', 'hello-world': '8021526', 'docker/getting-started': '8021973', 'alpine': '7991792'}
09:36:51 INFO  EnvironmentC8y Setup
09:36:51 INFO  Executed systemctl&lt;serv_mapper1&gt;, exit status 3
09:36:52 INFO  Restarting mosquitto too frequently in the last 10 seconds. It was only up for 5 seconds
09:36:52 INFO  Delaying execution by 6 seconds
09:37:12 INFO  Executed sudo&lt;tedge_connect_c8y&gt;, exit status 0, duration 14 secs
09:37:13 INFO  Executed sudo&lt;tedge_connect_c8y_test&gt;, exit status 0
09:37:13 INFO  Executed systemctl&lt;serv_mosq2&gt;, exit status 0
09:37:14 INFO  Executed systemctl&lt;serv_mapper3&gt;, exit status 0
09:37:16 INFO  State of current operation: PENDING
09:37:18 INFO  State of current operation: PENDING
09:37:20 INFO  State of current operation: PENDING
09:37:22 INFO  State of current operation: PENDING
09:37:25 INFO  State of current operation: PENDING
09:37:27 INFO  State of current operation: PENDING
09:37:29 INFO  State of current operation: PENDING
09:37:31 INFO  State of current operation: PENDING
09:37:34 INFO  State of current operation: PENDING
09:37:36 INFO  State of current operation: PENDING
09:37:38 INFO  State of current operation: PENDING
09:37:40 INFO  State of current operation: PENDING
09:37:43 INFO  State of current operation: PENDING
09:37:45 INFO  State of current operation: PENDING
09:37:47 INFO  State of current operation: PENDING
09:37:49 INFO  State of current operation: PENDING
09:37:52 INFO  State of current operation: PENDING
09:37:54 INFO  State of current operation: PENDING
09:37:56 INFO  State of current operation: PENDING
09:37:58 INFO  State of current operation: PENDING
09:38:00 INFO  State of current operation: PENDING
09:38:03 INFO  State of current operation: PENDING
09:38:05 INFO  State of current operation: PENDING
09:38:07 INFO  State of current operation: PENDING
09:38:09 INFO  State of current operation: PENDING
09:38:12 INFO  State of current operation: PENDING
09:38:14 INFO  State of current operation: PENDING
09:38:16 INFO  State of current operation: PENDING
09:38:18 INFO  State of current operation: PENDING
09:38:21 INFO  State of current operation: PENDING
09:38:23 INFO  State of current operation: PENDING
09:38:25 INFO  State of current operation: PENDING
09:38:27 INFO  State of current operation: PENDING
09:38:30 INFO  State of current operation: PENDING
09:38:32 INFO  State of current operation: PENDING
09:38:34 INFO  State of current operation: PENDING
09:38:36 INFO  State of current operation: PENDING
09:38:38 INFO  State of current operation: PENDING
09:38:41 INFO  State of current operation: PENDING
09:38:43 INFO  State of current operation: PENDING
09:38:45 INFO  State of current operation: PENDING
09:38:47 INFO  State of current operation: PENDING
09:38:50 INFO  State of current operation: PENDING
09:38:52 INFO  State of current operation: PENDING
09:38:54 INFO  State of current operation: PENDING
09:38:56 INFO  State of current operation: PENDING
09:38:59 INFO  State of current operation: PENDING
09:39:01 INFO  State of current operation: PENDING
09:39:03 INFO  State of current operation: PENDING
09:39:05 INFO  State of current operation: PENDING
09:39:08 INFO  State of current operation: PENDING
09:39:10 INFO  State of current operation: PENDING
09:39:12 INFO  State of current operation: PENDING
09:39:14 INFO  State of current operation: PENDING
09:39:16 INFO  State of current operation: PENDING
09:39:19 INFO  State of current operation: PENDING
09:39:21 INFO  State of current operation: PENDING
09:39:23 INFO  State of current operation: PENDING
09:39:25 INFO  State of current operation: PENDING
09:39:28 INFO  State of current operation: PENDING
09:39:30 INFO  State of current operation: PENDING
09:39:32 WARN  SystemError occurred while running test - Timeout while waiting for status FAILED or SUCCESSFUL
Traceback (most recent call last):
  File &quot;/home/pi/env-pysys/lib/python3.7/site-packages/pysys/baserunner.py&quot;, line 1292, in __call__
    self.testObj.setup()
  File &quot;/home/pi/actions-runner/_work/thin-edge.io/thin-edge.io/tests/PySys/software_management_end_to_end/sm_apt_install_remove/run.py&quot;, line 27, in setup
    super().setup()
  File &quot;/home/pi/actions-runner/_work/thin-edge.io/thin-edge.io/tests/PySys/software_management_end_to_end/environment_sm_management.py&quot;, line 151, in setup
    self.wait_until_end()
  File &quot;/home/pi/actions-runner/_work/thin-edge.io/thin-edge.io/tests/PySys/software_management_end_to_end/environment_sm_management.py&quot;, line 332, in wait_until_end
    self.wait_until_status(&quot;FAILED&quot;, &quot;SUCCESSFUL&quot;)
  File &quot;/home/pi/actions-runner/_work/thin-edge.io/thin-edge.io/tests/PySys/software_management_end_to_end/environment_sm_management.py&quot;, line 381, in wait_until_status
    &quot;Timeout while waiting for status %s or %s&quot; % (status, status2)
SystemError: Timeout while waiting for status FAILED or SUCCESSFUL
09:39:32 WARN  SystemError: Timeout while waiting for status FAILED or SUCCESSFUL ... blocked 
09:39:32 INFO  
09:39:32 INFO  cleanup:
09:39:36 INFO  Executed sudo&lt;tedge_disconnect_c8y&gt;, exit status 0
09:39:37 INFO  Executed systemctl&lt;serv_mapper5&gt;, exit status 3
09:39:37 INFO  
09:39:37 INFO  Test duration: 165.84 secs
09:39:37 INFO  Test final outcome:  BLOCKED
09:39:37 INFO  Test outcome reason: SystemError: Timeout while waiting for status FAILED or SUCCESSFUL
09:39:37 INFO  
</system-out>
	</testcase>
</testsuite>
