<?xml version="1.0" encoding="utf-8"?>
<testsuite failures="1" name="SoftwareManagement.sm_mixed_install_remove_multiple" skipped="0" tests="1" time="166.58" timestamp="2022-05-23T20:41:15">
	<testcase classname="PySysTest" name="SoftwareManagement.sm_mixed_install_remove_multiple">
		<failure message="BLOCKED: SystemError: Timeout while waiting for status FAILED or SUCCESSFUL" type="BLOCKED"/>
		<system-out>20:38:28 INFO  ==============================================================
20:38:28 INFO  Id:    SoftwareManagement.sm_mixed_install_remove_multiple
20:38:28 INFO  Dir:   software_management_end_to_end/
20:38:28 INFO  Title: Validate end to end behaviour for the dummy-plugin for multiple packages with mixed versions
20:38:28 INFO  ==============================================================
20:38:28 INFO  Using sw id database: {'asciijump': '5475369', 'robotfindskitten': '5474869', 'squirrel3': '5475279', 'rolldice': '5152439', 'moon-buggy': '5439204', 'apple': '5495053', 'banana': '5494888', 'cherry': '5495382', 'watermelon': '5494510', 'registry': '8018911', 'hello-world': '8021526', 'docker/getting-started': '8021973', 'alpine': '7991792'}
20:38:28 INFO  EnvironmentC8y Setup
20:38:29 INFO  Executed systemctl&lt;serv_mapper1&gt;, exit status 3
20:38:29 INFO  Restarting mosquitto too frequently in the last 10 seconds. It was only up for 4 seconds
20:38:29 INFO  Delaying execution by 7 seconds
20:38:50 INFO  Executed sudo&lt;tedge_connect_c8y&gt;, exit status 0, duration 13 secs
20:38:50 INFO  Executed sudo&lt;tedge_connect_c8y_test&gt;, exit status 0
20:38:51 INFO  Executed systemctl&lt;serv_mosq2&gt;, exit status 0
20:38:51 INFO  Executed systemctl&lt;serv_mapper3&gt;, exit status 0
20:38:53 INFO  State of current operation: PENDING
20:38:56 INFO  State of current operation: PENDING
20:38:58 INFO  State of current operation: PENDING
20:39:00 INFO  State of current operation: PENDING
20:39:02 INFO  State of current operation: PENDING
20:39:05 INFO  State of current operation: PENDING
20:39:07 INFO  State of current operation: PENDING
20:39:09 INFO  State of current operation: PENDING
20:39:11 INFO  State of current operation: PENDING
20:39:14 INFO  State of current operation: PENDING
20:39:16 INFO  State of current operation: PENDING
20:39:18 INFO  State of current operation: PENDING
20:39:20 INFO  State of current operation: PENDING
20:39:23 INFO  State of current operation: PENDING
20:39:25 INFO  State of current operation: PENDING
20:39:27 INFO  State of current operation: PENDING
20:39:29 INFO  State of current operation: PENDING
20:39:31 INFO  State of current operation: PENDING
20:39:34 INFO  State of current operation: PENDING
20:39:36 INFO  State of current operation: PENDING
20:39:38 INFO  State of current operation: PENDING
20:39:40 INFO  State of current operation: PENDING
20:39:43 INFO  State of current operation: PENDING
20:39:45 INFO  State of current operation: PENDING
20:39:47 INFO  State of current operation: PENDING
20:39:49 INFO  State of current operation: PENDING
20:39:52 INFO  State of current operation: PENDING
20:39:54 INFO  State of current operation: PENDING
20:39:56 INFO  State of current operation: PENDING
20:39:58 INFO  State of current operation: PENDING
20:40:01 INFO  State of current operation: PENDING
20:40:03 INFO  State of current operation: PENDING
20:40:05 INFO  State of current operation: PENDING
20:40:07 INFO  State of current operation: PENDING
20:40:10 INFO  State of current operation: PENDING
20:40:12 INFO  State of current operation: PENDING
20:40:14 INFO  State of current operation: PENDING
20:40:16 INFO  State of current operation: PENDING
20:40:19 INFO  State of current operation: PENDING
20:40:21 INFO  State of current operation: PENDING
20:40:23 INFO  State of current operation: PENDING
20:40:25 INFO  State of current operation: PENDING
20:40:27 INFO  State of current operation: PENDING
20:40:30 INFO  State of current operation: PENDING
20:40:32 INFO  State of current operation: PENDING
20:40:34 INFO  State of current operation: PENDING
20:40:37 INFO  State of current operation: PENDING
20:40:39 INFO  State of current operation: PENDING
20:40:41 INFO  State of current operation: PENDING
20:40:43 INFO  State of current operation: PENDING
20:40:46 INFO  State of current operation: PENDING
20:40:48 INFO  State of current operation: PENDING
20:40:50 INFO  State of current operation: PENDING
20:40:52 INFO  State of current operation: PENDING
20:40:55 INFO  State of current operation: PENDING
20:40:57 INFO  State of current operation: PENDING
20:40:59 INFO  State of current operation: PENDING
20:41:01 INFO  State of current operation: PENDING
20:41:04 INFO  State of current operation: PENDING
20:41:06 INFO  State of current operation: PENDING
20:41:08 INFO  State of current operation: PENDING
20:41:10 WARN  SystemError occurred while running test - Timeout while waiting for status FAILED or SUCCESSFUL
Traceback (most recent call last):
  File &quot;/home/pi/env-pysys/lib/python3.7/site-packages/pysys/baserunner.py&quot;, line 1292, in __call__
    self.testObj.setup()
  File &quot;/home/pi/actions-runner/_work/thin-edge.io/thin-edge.io/tests/PySys/software_management_end_to_end/sm_mixed_install_remove_multiple/run.py&quot;, line 83, in setup
    super().setup()
  File &quot;/home/pi/actions-runner/_work/thin-edge.io/thin-edge.io/tests/PySys/software_management_end_to_end/environment_sm_management.py&quot;, line 151, in setup
    self.wait_until_end()
  File &quot;/home/pi/actions-runner/_work/thin-edge.io/thin-edge.io/tests/PySys/software_management_end_to_end/environment_sm_management.py&quot;, line 332, in wait_until_end
    self.wait_until_status(&quot;FAILED&quot;, &quot;SUCCESSFUL&quot;)
  File &quot;/home/pi/actions-runner/_work/thin-edge.io/thin-edge.io/tests/PySys/software_management_end_to_end/environment_sm_management.py&quot;, line 381, in wait_until_status
    &quot;Timeout while waiting for status %s or %s&quot; % (status, status2)
SystemError: Timeout while waiting for status FAILED or SUCCESSFUL
20:41:10 WARN  SystemError: Timeout while waiting for status FAILED or SUCCESSFUL ... blocked 
20:41:10 INFO  
20:41:10 INFO  cleanup:
20:41:14 INFO  Executed sudo&lt;tedge_disconnect_c8y&gt;, exit status 0
20:41:15 INFO  Executed systemctl&lt;serv_mapper5&gt;, exit status 3
20:41:15 INFO  
20:41:15 INFO  Test duration: 166.58 secs
20:41:15 INFO  Test final outcome:  BLOCKED
20:41:15 INFO  Test outcome reason: SystemError: Timeout while waiting for status FAILED or SUCCESSFUL
20:41:15 INFO  
</system-out>
	</testcase>
</testsuite>
