<?xml version="1.0" encoding="utf-8"?>
<testsuite failures="1" name="SoftwareManagement.Plugin.apama_plugin_update" skipped="0" tests="1" time="21.51" timestamp="2022-07-22T04:51:04">
	<testcase classname="ApamaPluginUpdateTest" name="SoftwareManagement.Plugin.apama_plugin_update">
		<failure message="BLOCKED: sudo&lt;plugin_install&gt; returned non-zero exit code 2" type="BLOCKED"/>
		<system-out>04:50:43 INFO  ==============================================================
04:50:43 INFO  Id:    SoftwareManagement.Plugin.apama_plugin_update
04:50:43 INFO  Dir:   plugin_apama/
04:50:43 INFO  Title: Validate apama plugin updating one project with another
04:50:43 INFO  ==============================================================
04:50:43 INFO  Assertion that path exists=False for &quot;/etc/tedge/apama/project&quot; ... passed
04:50:43 INFO  Executed sudo&lt;create_project_dir&gt;, exit status 0
04:50:44 INFO  Executed sudo&lt;unzip_apama_project&gt;, exit status 0
04:50:44 INFO  Executed sudo&lt;move_apama_project&gt;, exit status 0
04:50:45 INFO  Executed sudo&lt;restart_apama_service&gt;, exit status 0
04:50:46 INFO  Executed sudo&lt;apama_correlator_wait&gt;, exit status 0
04:50:46 INFO  Assertion that path exists=True for &quot;/etc/tedge/apama/project&quot; ... passed
04:50:47 INFO  Executed sudo&lt;apama_list_monitors&gt;, exit status 0
04:50:47 INFO  Grep on file /home/pi/actions-runner/_work/thin-edge.io/thin-edge.io/tests/PySys/plugin_apama/apama_plugin_update/Output/linux/apama_list_monitors.out ... passed
04:50:47 WARN  Executed sudo&lt;plugin_install&gt;, exit status 2
04:50:47 INFO  Contents of plugin_install.err: 
  ERROR: Directory not empty (os error 39)
  -----

04:50:48 WARN  sudo&lt;plugin_install&gt; returned non-zero exit code 2 ... blocked [run.py:35]
04:50:48 WARN  Aborted test due to BLOCKED outcome
04:50:48 INFO  
04:50:48 INFO  cleanup:
04:50:48 INFO  Removing apama project
04:51:03 INFO  Executed sudo&lt;stop_apama_service&gt;, exit status 0, duration 15 secs
04:51:04 INFO  Executed sudo&lt;remove_apama_project&gt;, exit status 0
04:51:04 INFO  Executed sudo&lt;remove_apama_tmp_dir&gt;, exit status 0
04:51:04 INFO  
04:51:04 INFO  Test duration: 21.51 secs
04:51:04 INFO  Test final outcome:  BLOCKED
04:51:04 INFO  Test outcome reason: sudo&lt;plugin_install&gt; returned non-zero exit code 2
04:51:04 INFO  
</system-out>
	</testcase>
</testsuite>
