<?xml version="1.0" encoding="utf-8"?>
<testsuite failures="1" name="SoftwareManagement.sm_fake_install_remove_multiple" skipped="0" tests="1" time="165.74" timestamp="2022-05-23T12:37:39">
	<testcase classname="PySysTest" name="SoftwareManagement.sm_fake_install_remove_multiple">
		<failure message="BLOCKED: SystemError: Timeout while waiting for status FAILED or SUCCESSFUL" type="BLOCKED"/>
		<system-out>12:34:54 INFO  ==============================================================
12:34:54 INFO  Id:    SoftwareManagement.sm_fake_install_remove_multiple
12:34:54 INFO  Dir:   software_management_end_to_end/
12:34:54 INFO  Title: Validate end to end behaviour for the dummy-plugin for multiple packages
12:34:54 INFO  ==============================================================
12:34:54 INFO  Using sw id database: {'asciijump': '5475369', 'robotfindskitten': '5474869', 'squirrel3': '5475279', 'rolldice': '5152439', 'moon-buggy': '5439204', 'apple': '5495053', 'banana': '5494888', 'cherry': '5495382', 'watermelon': '5494510', 'registry': '8018911', 'hello-world': '8021526', 'docker/getting-started': '8021973', 'alpine': '7991792'}
12:34:54 INFO  EnvironmentC8y Setup
12:34:54 INFO  Executed systemctl&lt;serv_mapper1&gt;, exit status 3
12:34:54 INFO  Restarting mosquitto too frequently in the last 10 seconds. It was only up for 5 seconds
12:34:54 INFO  Delaying execution by 6 seconds
12:35:14 INFO  Executed sudo&lt;tedge_connect_c8y&gt;, exit status 0, duration 13 secs
12:35:15 INFO  Executed sudo&lt;tedge_connect_c8y_test&gt;, exit status 0
12:35:15 INFO  Executed systemctl&lt;serv_mosq2&gt;, exit status 0
12:35:16 INFO  Executed systemctl&lt;serv_mapper3&gt;, exit status 0
12:35:18 INFO  State of current operation: PENDING
12:35:20 INFO  State of current operation: PENDING
12:35:23 INFO  State of current operation: PENDING
12:35:25 INFO  State of current operation: PENDING
12:35:27 INFO  State of current operation: PENDING
12:35:29 INFO  State of current operation: PENDING
12:35:32 INFO  State of current operation: PENDING
12:35:34 INFO  State of current operation: PENDING
12:35:36 INFO  State of current operation: PENDING
12:35:38 INFO  State of current operation: PENDING
12:35:41 INFO  State of current operation: PENDING
12:35:43 INFO  State of current operation: PENDING
12:35:45 INFO  State of current operation: PENDING
12:35:47 INFO  State of current operation: PENDING
12:35:50 INFO  State of current operation: PENDING
12:35:52 INFO  State of current operation: PENDING
12:35:54 INFO  State of current operation: PENDING
12:35:56 INFO  State of current operation: PENDING
12:35:59 INFO  State of current operation: PENDING
12:36:01 INFO  State of current operation: PENDING
12:36:03 INFO  State of current operation: PENDING
12:36:05 INFO  State of current operation: PENDING
12:36:08 INFO  State of current operation: PENDING
12:36:10 INFO  State of current operation: PENDING
12:36:12 INFO  State of current operation: PENDING
12:36:14 INFO  State of current operation: PENDING
12:36:16 INFO  State of current operation: PENDING
12:36:19 INFO  State of current operation: PENDING
12:36:21 INFO  State of current operation: PENDING
12:36:23 INFO  State of current operation: PENDING
12:36:25 INFO  State of current operation: PENDING
12:36:28 INFO  State of current operation: PENDING
12:36:30 INFO  State of current operation: PENDING
12:36:32 INFO  State of current operation: PENDING
12:36:34 INFO  State of current operation: PENDING
12:36:37 INFO  State of current operation: PENDING
12:36:39 INFO  State of current operation: PENDING
12:36:41 INFO  State of current operation: PENDING
12:36:43 INFO  State of current operation: PENDING
12:36:45 INFO  State of current operation: PENDING
12:36:48 INFO  State of current operation: PENDING
12:36:50 INFO  State of current operation: PENDING
12:36:52 INFO  State of current operation: PENDING
12:36:54 INFO  State of current operation: PENDING
12:36:57 INFO  State of current operation: PENDING
12:36:59 INFO  State of current operation: PENDING
12:37:01 INFO  State of current operation: PENDING
12:37:04 INFO  State of current operation: PENDING
12:37:06 INFO  State of current operation: PENDING
12:37:08 INFO  State of current operation: PENDING
12:37:10 INFO  State of current operation: PENDING
12:37:13 INFO  State of current operation: PENDING
12:37:15 INFO  State of current operation: PENDING
12:37:17 INFO  State of current operation: PENDING
12:37:19 INFO  State of current operation: PENDING
12:37:21 INFO  State of current operation: PENDING
12:37:24 INFO  State of current operation: PENDING
12:37:26 INFO  State of current operation: PENDING
12:37:28 INFO  State of current operation: PENDING
12:37:31 INFO  State of current operation: PENDING
12:37:33 INFO  State of current operation: PENDING
12:37:35 WARN  SystemError occurred while running test - Timeout while waiting for status FAILED or SUCCESSFUL
Traceback (most recent call last):
  File &quot;/home/pi/env-pysys/lib/python3.7/site-packages/pysys/baserunner.py&quot;, line 1292, in __call__
    self.testObj.setup()
  File &quot;/home/pi/actions-runner/_work/thin-edge.io/thin-edge.io/tests/PySys/software_management_end_to_end/sm_fake_install_remove_multiple/run.py&quot;, line 68, in setup
    super().setup()
  File &quot;/home/pi/actions-runner/_work/thin-edge.io/thin-edge.io/tests/PySys/software_management_end_to_end/environment_sm_management.py&quot;, line 151, in setup
    self.wait_until_end()
  File &quot;/home/pi/actions-runner/_work/thin-edge.io/thin-edge.io/tests/PySys/software_management_end_to_end/environment_sm_management.py&quot;, line 332, in wait_until_end
    self.wait_until_status(&quot;FAILED&quot;, &quot;SUCCESSFUL&quot;)
  File &quot;/home/pi/actions-runner/_work/thin-edge.io/thin-edge.io/tests/PySys/software_management_end_to_end/environment_sm_management.py&quot;, line 381, in wait_until_status
    &quot;Timeout while waiting for status %s or %s&quot; % (status, status2)
SystemError: Timeout while waiting for status FAILED or SUCCESSFUL
12:37:35 WARN  SystemError: Timeout while waiting for status FAILED or SUCCESSFUL ... blocked 
12:37:35 INFO  
12:37:35 INFO  cleanup:
12:37:39 INFO  Executed sudo&lt;tedge_disconnect_c8y&gt;, exit status 0
12:37:39 INFO  Executed systemctl&lt;serv_mapper5&gt;, exit status 3
12:37:39 INFO  
12:37:39 INFO  Test duration: 165.74 secs
12:37:39 INFO  Test final outcome:  BLOCKED
12:37:39 INFO  Test outcome reason: SystemError: Timeout while waiting for status FAILED or SUCCESSFUL
12:37:39 INFO  
</system-out>
	</testcase>
</testsuite>
