<?xml version="1.0" encoding="utf-8"?>
<testsuite failures="1" name="SoftwareManagement.sm_docker_install_remove_multiple" skipped="0" tests="1" time="165.99" timestamp="2022-05-23T16:22:10">
	<testcase classname="SMDockerInstallRemove" name="SoftwareManagement.sm_docker_install_remove_multiple">
		<failure message="BLOCKED: SystemError: Timeout while waiting for status FAILED or SUCCESSFUL" type="BLOCKED"/>
		<system-out>16:19:24 INFO  ==============================================================
16:19:24 INFO  Id:    SoftwareManagement.sm_docker_install_remove_multiple
16:19:24 INFO  Dir:   software_management_end_to_end/
16:19:24 INFO  Title: Validate end to end behaviour for the docker plugin for multiple docker images with mixed versions
16:19:24 INFO  ==============================================================
16:19:24 INFO  Using sw id database: {'asciijump': '5475369', 'robotfindskitten': '5474869', 'squirrel3': '5475279', 'rolldice': '5152439', 'moon-buggy': '5439204', 'apple': '5495053', 'banana': '5494888', 'cherry': '5495382', 'watermelon': '5494510', 'registry': '8018911', 'hello-world': '8021526', 'docker/getting-started': '8021973', 'alpine': '7991792'}
16:19:24 INFO  EnvironmentC8y Setup
16:19:24 INFO  Executed systemctl&lt;serv_mapper1&gt;, exit status 3
16:19:24 INFO  Restarting mosquitto too frequently in the last 10 seconds. It was only up for 5 seconds
16:19:24 INFO  Delaying execution by 6 seconds
16:19:44 INFO  Executed sudo&lt;tedge_connect_c8y&gt;, exit status 0, duration 13 secs
16:19:45 INFO  Executed sudo&lt;tedge_connect_c8y_test&gt;, exit status 0
16:19:45 INFO  Executed systemctl&lt;serv_mosq2&gt;, exit status 0
16:19:46 INFO  Executed systemctl&lt;serv_mapper3&gt;, exit status 0
16:19:48 INFO  State of current operation: PENDING
16:19:50 INFO  State of current operation: PENDING
16:19:53 INFO  State of current operation: PENDING
16:19:55 INFO  State of current operation: PENDING
16:19:57 INFO  State of current operation: PENDING
16:20:00 INFO  State of current operation: PENDING
16:20:02 INFO  State of current operation: PENDING
16:20:04 INFO  State of current operation: PENDING
16:20:06 INFO  State of current operation: PENDING
16:20:09 INFO  State of current operation: PENDING
16:20:11 INFO  State of current operation: PENDING
16:20:13 INFO  State of current operation: PENDING
16:20:15 INFO  State of current operation: PENDING
16:20:18 INFO  State of current operation: PENDING
16:20:20 INFO  State of current operation: PENDING
16:20:22 INFO  State of current operation: PENDING
16:20:24 INFO  State of current operation: PENDING
16:20:27 INFO  State of current operation: PENDING
16:20:29 INFO  State of current operation: PENDING
16:20:31 INFO  State of current operation: PENDING
16:20:33 INFO  State of current operation: PENDING
16:20:36 INFO  State of current operation: PENDING
16:20:38 INFO  State of current operation: PENDING
16:20:40 INFO  State of current operation: PENDING
16:20:42 INFO  State of current operation: PENDING
16:20:45 INFO  State of current operation: PENDING
16:20:47 INFO  State of current operation: PENDING
16:20:49 INFO  State of current operation: PENDING
16:20:51 INFO  State of current operation: PENDING
16:20:53 INFO  State of current operation: PENDING
16:20:56 INFO  State of current operation: PENDING
16:20:58 INFO  State of current operation: PENDING
16:21:00 INFO  State of current operation: PENDING
16:21:02 INFO  State of current operation: PENDING
16:21:05 INFO  State of current operation: PENDING
16:21:07 INFO  State of current operation: PENDING
16:21:09 INFO  State of current operation: PENDING
16:21:12 INFO  State of current operation: PENDING
16:21:14 INFO  State of current operation: PENDING
16:21:16 INFO  State of current operation: PENDING
16:21:18 INFO  State of current operation: PENDING
16:21:20 INFO  State of current operation: PENDING
16:21:23 INFO  State of current operation: PENDING
16:21:25 INFO  State of current operation: PENDING
16:21:27 INFO  State of current operation: PENDING
16:21:29 INFO  State of current operation: PENDING
16:21:32 INFO  State of current operation: PENDING
16:21:34 INFO  State of current operation: PENDING
16:21:36 INFO  State of current operation: PENDING
16:21:38 INFO  State of current operation: PENDING
16:21:41 INFO  State of current operation: PENDING
16:21:43 INFO  State of current operation: PENDING
16:21:45 INFO  State of current operation: PENDING
16:21:47 INFO  State of current operation: PENDING
16:21:49 INFO  State of current operation: PENDING
16:21:52 INFO  State of current operation: PENDING
16:21:54 INFO  State of current operation: PENDING
16:21:56 INFO  State of current operation: PENDING
16:21:58 INFO  State of current operation: PENDING
16:22:01 INFO  State of current operation: PENDING
16:22:03 INFO  State of current operation: PENDING
16:22:05 WARN  SystemError occurred while running test - Timeout while waiting for status FAILED or SUCCESSFUL
Traceback (most recent call last):
  File &quot;/home/pi/env-pysys/lib/python3.7/site-packages/pysys/baserunner.py&quot;, line 1292, in __call__
    self.testObj.setup()
  File &quot;/home/pi/actions-runner/_work/thin-edge.io/thin-edge.io/tests/PySys/software_management_end_to_end/sm_docker_install_remove_multiple/run.py&quot;, line 29, in setup
    super().setup()
  File &quot;/home/pi/actions-runner/_work/thin-edge.io/thin-edge.io/tests/PySys/software_management_end_to_end/environment_sm_management.py&quot;, line 151, in setup
    self.wait_until_end()
  File &quot;/home/pi/actions-runner/_work/thin-edge.io/thin-edge.io/tests/PySys/software_management_end_to_end/environment_sm_management.py&quot;, line 332, in wait_until_end
    self.wait_until_status(&quot;FAILED&quot;, &quot;SUCCESSFUL&quot;)
  File &quot;/home/pi/actions-runner/_work/thin-edge.io/thin-edge.io/tests/PySys/software_management_end_to_end/environment_sm_management.py&quot;, line 381, in wait_until_status
    &quot;Timeout while waiting for status %s or %s&quot; % (status, status2)
SystemError: Timeout while waiting for status FAILED or SUCCESSFUL
16:22:05 WARN  SystemError: Timeout while waiting for status FAILED or SUCCESSFUL ... blocked 
16:22:05 INFO  
16:22:05 INFO  cleanup:
16:22:09 INFO  Executed sudo&lt;tedge_disconnect_c8y&gt;, exit status 0
16:22:10 INFO  Executed systemctl&lt;serv_mapper5&gt;, exit status 3
16:22:10 INFO  
16:22:10 INFO  Test duration: 165.99 secs
16:22:10 INFO  Test final outcome:  BLOCKED
16:22:10 INFO  Test outcome reason: SystemError: Timeout while waiting for status FAILED or SUCCESSFUL
16:22:10 INFO  
</system-out>
	</testcase>
</testsuite>
