<?xml version="1.0" encoding="utf-8"?>
<testsuite failures="1" name="SoftwareManagement.sm_fake_install_remove" skipped="0" tests="1" time="167.09" timestamp="2022-05-24T12:11:43">
	<testcase classname="PySysTest" name="SoftwareManagement.sm_fake_install_remove">
		<failure message="BLOCKED: SystemError: Timeout while waiting for status FAILED or SUCCESSFUL" type="BLOCKED"/>
		<system-out>12:08:56 INFO  ==============================================================
12:08:56 INFO  Id:    SoftwareManagement.sm_fake_install_remove
12:08:56 INFO  Dir:   software_management_end_to_end/
12:08:56 INFO  Title: Validate end to end behaviour for the dummy plugin for installation and removal of packages
12:08:56 INFO  ==============================================================
12:08:56 INFO  Using sw id database: {'asciijump': '5475369', 'robotfindskitten': '5474869', 'squirrel3': '5475279', 'rolldice': '5152439', 'moon-buggy': '5439204', 'apple': '5495053', 'banana': '5494888', 'cherry': '5495382', 'watermelon': '5494510', 'registry': '8018911', 'hello-world': '8021526', 'docker/getting-started': '8021973', 'alpine': '7991792'}
12:08:56 INFO  EnvironmentC8y Setup
12:08:57 INFO  Executed systemctl&lt;serv_mapper1&gt;, exit status 3
12:08:57 INFO  Restarting mosquitto too frequently in the last 10 seconds. It was only up for 5 seconds
12:08:57 INFO  Delaying execution by 6 seconds
12:09:18 INFO  Executed sudo&lt;tedge_connect_c8y&gt;, exit status 0, duration 14 secs
12:09:18 INFO  Executed sudo&lt;tedge_connect_c8y_test&gt;, exit status 0
12:09:19 INFO  Executed systemctl&lt;serv_mosq2&gt;, exit status 0
12:09:19 INFO  Executed systemctl&lt;serv_mapper3&gt;, exit status 0
12:09:21 INFO  State of current operation: PENDING
12:09:24 INFO  State of current operation: PENDING
12:09:26 INFO  State of current operation: PENDING
12:09:28 INFO  State of current operation: PENDING
12:09:30 INFO  State of current operation: PENDING
12:09:33 INFO  State of current operation: PENDING
12:09:35 INFO  State of current operation: PENDING
12:09:37 INFO  State of current operation: PENDING
12:09:39 INFO  State of current operation: PENDING
12:09:42 INFO  State of current operation: PENDING
12:09:44 INFO  State of current operation: PENDING
12:09:46 INFO  State of current operation: PENDING
12:09:48 INFO  State of current operation: PENDING
12:09:51 INFO  State of current operation: PENDING
12:09:53 INFO  State of current operation: PENDING
12:09:55 INFO  State of current operation: PENDING
12:09:57 INFO  State of current operation: PENDING
12:10:00 INFO  State of current operation: PENDING
12:10:02 INFO  State of current operation: PENDING
12:10:04 INFO  State of current operation: PENDING
12:10:06 INFO  State of current operation: PENDING
12:10:09 INFO  State of current operation: PENDING
12:10:11 INFO  State of current operation: PENDING
12:10:13 INFO  State of current operation: PENDING
12:10:15 INFO  State of current operation: PENDING
12:10:17 INFO  State of current operation: PENDING
12:10:20 INFO  State of current operation: PENDING
12:10:22 INFO  State of current operation: PENDING
12:10:24 INFO  State of current operation: PENDING
12:10:27 INFO  State of current operation: PENDING
12:10:29 INFO  State of current operation: PENDING
12:10:31 INFO  State of current operation: PENDING
12:10:33 INFO  State of current operation: PENDING
12:10:36 INFO  State of current operation: PENDING
12:10:38 INFO  State of current operation: PENDING
12:10:40 INFO  State of current operation: PENDING
12:10:42 INFO  State of current operation: PENDING
12:10:45 INFO  State of current operation: PENDING
12:10:47 INFO  State of current operation: PENDING
12:10:49 INFO  State of current operation: PENDING
12:10:51 INFO  State of current operation: PENDING
12:10:54 INFO  State of current operation: PENDING
12:10:56 INFO  State of current operation: PENDING
12:10:58 INFO  State of current operation: PENDING
12:11:00 INFO  State of current operation: PENDING
12:11:03 INFO  State of current operation: PENDING
12:11:05 INFO  State of current operation: PENDING
12:11:07 INFO  State of current operation: PENDING
12:11:10 INFO  State of current operation: PENDING
12:11:12 INFO  State of current operation: PENDING
12:11:14 INFO  State of current operation: PENDING
12:11:16 INFO  State of current operation: PENDING
12:11:19 INFO  State of current operation: PENDING
12:11:21 INFO  State of current operation: PENDING
12:11:23 INFO  State of current operation: PENDING
12:11:25 INFO  State of current operation: PENDING
12:11:28 INFO  State of current operation: PENDING
12:11:30 INFO  State of current operation: PENDING
12:11:32 INFO  State of current operation: PENDING
12:11:34 INFO  State of current operation: PENDING
12:11:37 INFO  State of current operation: PENDING
12:11:39 WARN  SystemError occurred while running test - Timeout while waiting for status FAILED or SUCCESSFUL
Traceback (most recent call last):
  File &quot;/home/pi/env-pysys/lib/python3.7/site-packages/pysys/baserunner.py&quot;, line 1292, in __call__
    self.testObj.setup()
  File &quot;/home/pi/actions-runner/_work/thin-edge.io/thin-edge.io/tests/PySys/software_management_end_to_end/sm_fake_install_remove/run.py&quot;, line 38, in setup
    super().setup()
  File &quot;/home/pi/actions-runner/_work/thin-edge.io/thin-edge.io/tests/PySys/software_management_end_to_end/environment_sm_management.py&quot;, line 151, in setup
    self.wait_until_end()
  File &quot;/home/pi/actions-runner/_work/thin-edge.io/thin-edge.io/tests/PySys/software_management_end_to_end/environment_sm_management.py&quot;, line 332, in wait_until_end
    self.wait_until_status(&quot;FAILED&quot;, &quot;SUCCESSFUL&quot;)
  File &quot;/home/pi/actions-runner/_work/thin-edge.io/thin-edge.io/tests/PySys/software_management_end_to_end/environment_sm_management.py&quot;, line 381, in wait_until_status
    &quot;Timeout while waiting for status %s or %s&quot; % (status, status2)
SystemError: Timeout while waiting for status FAILED or SUCCESSFUL
12:11:39 WARN  SystemError: Timeout while waiting for status FAILED or SUCCESSFUL ... blocked 
12:11:39 INFO  
12:11:39 INFO  cleanup:
12:11:43 INFO  Executed sudo&lt;tedge_disconnect_c8y&gt;, exit status 0
12:11:43 INFO  Executed systemctl&lt;serv_mapper5&gt;, exit status 3
12:11:43 INFO  
12:11:43 INFO  Test duration: 167.09 secs
12:11:43 INFO  Test final outcome:  BLOCKED
12:11:43 INFO  Test outcome reason: SystemError: Timeout while waiting for status FAILED or SUCCESSFUL
12:11:43 INFO  
</system-out>
	</testcase>
</testsuite>
