<?xml version="1.0" encoding="utf-8"?>
<testsuite failures="1" name="SoftwareManagement.sm_apt_install_remove_multiple" skipped="0" tests="1" time="166.48" timestamp="2022-05-23T14:33:46">
	<testcase classname="PySysTest" name="SoftwareManagement.sm_apt_install_remove_multiple">
		<failure message="BLOCKED: SystemError: Timeout while waiting for status FAILED or SUCCESSFUL" type="BLOCKED"/>
		<system-out>14:30:59 INFO  ==============================================================
14:30:59 INFO  Id:    SoftwareManagement.sm_apt_install_remove_multiple
14:30:59 INFO  Dir:   software_management_end_to_end/
14:30:59 INFO  Title: Validate end to end behaviour for the apt plugin for multiple packages
14:30:59 INFO  ==============================================================
14:30:59 INFO  Using sw id database: {'asciijump': '5475369', 'robotfindskitten': '5474869', 'squirrel3': '5475279', 'rolldice': '5152439', 'moon-buggy': '5439204', 'apple': '5495053', 'banana': '5494888', 'cherry': '5495382', 'watermelon': '5494510', 'registry': '8018911', 'hello-world': '8021526', 'docker/getting-started': '8021973', 'alpine': '7991792'}
14:30:59 INFO  EnvironmentC8y Setup
14:31:00 INFO  Executed systemctl&lt;serv_mapper1&gt;, exit status 3
14:31:00 INFO  Restarting mosquitto too frequently in the last 10 seconds. It was only up for 4 seconds
14:31:00 INFO  Delaying execution by 7 seconds
14:31:21 INFO  Executed sudo&lt;tedge_connect_c8y&gt;, exit status 0, duration 14 secs
14:31:22 INFO  Executed sudo&lt;tedge_connect_c8y_test&gt;, exit status 0
14:31:22 INFO  Executed systemctl&lt;serv_mosq2&gt;, exit status 0
14:31:23 INFO  Executed systemctl&lt;serv_mapper3&gt;, exit status 0
14:31:25 INFO  State of current operation: PENDING
14:31:27 INFO  State of current operation: PENDING
14:31:29 INFO  State of current operation: PENDING
14:31:32 INFO  State of current operation: PENDING
14:31:34 INFO  State of current operation: PENDING
14:31:36 INFO  State of current operation: PENDING
14:31:38 INFO  State of current operation: PENDING
14:31:41 INFO  State of current operation: PENDING
14:31:43 INFO  State of current operation: PENDING
14:31:45 INFO  State of current operation: PENDING
14:31:47 INFO  State of current operation: PENDING
14:31:50 INFO  State of current operation: PENDING
14:31:52 INFO  State of current operation: PENDING
14:31:54 INFO  State of current operation: PENDING
14:31:56 INFO  State of current operation: PENDING
14:31:58 INFO  State of current operation: PENDING
14:32:01 INFO  State of current operation: PENDING
14:32:03 INFO  State of current operation: PENDING
14:32:05 INFO  State of current operation: PENDING
14:32:07 INFO  State of current operation: PENDING
14:32:10 INFO  State of current operation: PENDING
14:32:12 INFO  State of current operation: PENDING
14:32:14 INFO  State of current operation: PENDING
14:32:16 INFO  State of current operation: PENDING
14:32:19 INFO  State of current operation: PENDING
14:32:21 INFO  State of current operation: PENDING
14:32:23 INFO  State of current operation: PENDING
14:32:25 INFO  State of current operation: PENDING
14:32:27 INFO  State of current operation: PENDING
14:32:30 INFO  State of current operation: PENDING
14:32:32 INFO  State of current operation: PENDING
14:32:34 INFO  State of current operation: PENDING
14:32:36 INFO  State of current operation: PENDING
14:32:39 INFO  State of current operation: PENDING
14:32:41 INFO  State of current operation: PENDING
14:32:43 INFO  State of current operation: PENDING
14:32:45 INFO  State of current operation: PENDING
14:32:48 INFO  State of current operation: PENDING
14:32:50 INFO  State of current operation: PENDING
14:32:52 INFO  State of current operation: PENDING
14:32:54 INFO  State of current operation: PENDING
14:32:57 INFO  State of current operation: PENDING
14:32:59 INFO  State of current operation: PENDING
14:33:01 INFO  State of current operation: PENDING
14:33:03 INFO  State of current operation: PENDING
14:33:05 INFO  State of current operation: PENDING
14:33:08 INFO  State of current operation: PENDING
14:33:10 INFO  State of current operation: PENDING
14:33:12 INFO  State of current operation: PENDING
14:33:14 INFO  State of current operation: PENDING
14:33:17 INFO  State of current operation: PENDING
14:33:19 INFO  State of current operation: PENDING
14:33:21 INFO  State of current operation: PENDING
14:33:23 INFO  State of current operation: PENDING
14:33:26 INFO  State of current operation: PENDING
14:33:28 INFO  State of current operation: PENDING
14:33:30 INFO  State of current operation: PENDING
14:33:32 INFO  State of current operation: PENDING
14:33:35 INFO  State of current operation: PENDING
14:33:37 INFO  State of current operation: PENDING
14:33:39 INFO  State of current operation: PENDING
14:33:41 WARN  SystemError occurred while running test - Timeout while waiting for status FAILED or SUCCESSFUL
Traceback (most recent call last):
  File &quot;/home/pi/env-pysys/lib/python3.7/site-packages/pysys/baserunner.py&quot;, line 1292, in __call__
    self.testObj.setup()
  File &quot;/home/pi/actions-runner/_work/thin-edge.io/thin-edge.io/tests/PySys/software_management_end_to_end/sm_apt_install_remove_multiple/run.py&quot;, line 52, in setup
    super().setup()
  File &quot;/home/pi/actions-runner/_work/thin-edge.io/thin-edge.io/tests/PySys/software_management_end_to_end/environment_sm_management.py&quot;, line 151, in setup
    self.wait_until_end()
  File &quot;/home/pi/actions-runner/_work/thin-edge.io/thin-edge.io/tests/PySys/software_management_end_to_end/environment_sm_management.py&quot;, line 332, in wait_until_end
    self.wait_until_status(&quot;FAILED&quot;, &quot;SUCCESSFUL&quot;)
  File &quot;/home/pi/actions-runner/_work/thin-edge.io/thin-edge.io/tests/PySys/software_management_end_to_end/environment_sm_management.py&quot;, line 381, in wait_until_status
    &quot;Timeout while waiting for status %s or %s&quot; % (status, status2)
SystemError: Timeout while waiting for status FAILED or SUCCESSFUL
14:33:41 WARN  SystemError: Timeout while waiting for status FAILED or SUCCESSFUL ... blocked 
14:33:41 INFO  
14:33:41 INFO  cleanup:
14:33:45 INFO  Executed sudo&lt;tedge_disconnect_c8y&gt;, exit status 0
14:33:46 INFO  Executed systemctl&lt;serv_mapper5&gt;, exit status 3
14:33:46 INFO  
14:33:46 INFO  Test duration: 166.48 secs
14:33:46 INFO  Test final outcome:  BLOCKED
14:33:46 INFO  Test outcome reason: SystemError: Timeout while waiting for status FAILED or SUCCESSFUL
14:33:46 INFO  
</system-out>
	</testcase>
</testsuite>
