<?xml version="1.0" encoding="utf-8"?>
<testsuite failures="1" name="SoftwareManagement.sm_apt_install_remove_multiple_mixed" skipped="0" tests="1" time="177.89" timestamp="2022-07-21T21:09:04">
	<testcase classname="PySysTest" name="SoftwareManagement.sm_apt_install_remove_multiple_mixed">
		<failure message="BLOCKED: SystemError: Timeout while waiting for status SUCCESSFUL or False (+1 other failures)" type="BLOCKED"/>
		<system-out>21:06:06 INFO  ==============================================================
21:06:06 INFO  Id:    SoftwareManagement.sm_apt_install_remove_multiple_mixed
21:06:06 INFO  Dir:   software_management_end_to_end/
21:06:06 INFO  Title: Validate end to end behaviour for the apt plugin for multiple packages with mixed versions
21:06:06 INFO  ==============================================================
21:06:06 INFO  Using sw id database: {'asciijump': '5475369', 'robotfindskitten': '5474869', 'squirrel3': '5475279', 'rolldice': '5152439', 'moon-buggy': '5439204', 'apple': '5495053', 'banana': '5494888', 'cherry': '5495382', 'watermelon': '5494510', 'registry': '8018911', 'hello-world': '8021526', 'docker/getting-started': '8021973', 'alpine': '7991792'}
21:06:06 INFO  EnvironmentC8y Setup
21:06:07 INFO  Executed systemctl&lt;serv_mapper1&gt;, exit status 3
21:06:07 INFO  Restarting mosquitto too frequently in the last 10 seconds. It was only up for 5 seconds
21:06:07 INFO  Delaying execution by 6 seconds
21:06:27 INFO  Executed sudo&lt;tedge_connect_c8y&gt;, exit status 0, duration 14 secs
21:06:27 INFO  Executed sudo&lt;tedge_connect_c8y_test&gt;, exit status 0
21:06:28 INFO  Executed systemctl&lt;serv_mosq2&gt;, exit status 0
21:06:28 INFO  Executed systemctl&lt;serv_mapper3&gt;, exit status 0
21:06:31 INFO  State of current operation: SUCCESSFUL
21:06:31 INFO  Assert that (False == value) with value=False ... passed
21:06:31 INFO  Assert that (False == value) with value=False ... passed
21:06:31 INFO  Assert that (False == value) with value=False ... passed
21:06:31 INFO  Assert that (False == value) with value=False ... passed
21:06:32 INFO  Package moon-buggy is installed
21:06:32 WARN  Assert that (False == value) with value=True ... failed 
21:06:33 INFO  Response status: 201
21:06:33 INFO  Response to action: {
    &quot;creationTime&quot;: &quot;2022-07-21T21:06:33.406Z&quot;,
    &quot;deviceId&quot;: &quot;21166557&quot;,
    &quot;deviceName&quot;: &quot;m32sd10b&quot;,
    &quot;self&quot;: &quot;https://t493319102.eu-latest.cumulocity.com/devicecontrol/operations/21187971&quot;,
    &quot;id&quot;: &quot;21187971&quot;,
    &quot;status&quot;: &quot;PENDING&quot;,
    &quot;description&quot;: &quot;Apply software changes, triggered from PySys: [{'action': 'install', 'id': '5475369', 'name': 'asciijump', 'url': ' ', 'version': '::apt'}, {'action': 'install', 'id': '5474869', 'name': 'robotfindskitten', 'url': ' ', 'version': ' '}, {'action': 'install', 'id': '5475279', 'name': 'squirrel3', 'url': ' ', 'version': '3.1-7::apt'}, {'action': 'install', 'id': '5152439', 'name': 'rolldice', 'url': ' ', 'version': '1.16-1+b1'}, {'action': 'install', 'id': '5439204', 'name': 'moon-buggy', 'url': ' ', 'version': '1:1.0.51-12'}, {'action': 'install', 'id': '5475369', 'name': 'asciijump', 'url': ' ', 'version': '::apt'}]&quot;,
    &quot;c8y_SoftwareUpdate&quot;: [
        {
            &quot;name&quot;: &quot;asciijump&quot;,
            &quot;action&quot;: &quot;install&quot;,
            &quot;id&quot;: &quot;5475369&quot;,
            &quot;version&quot;: &quot;::apt&quot;,
            &quot;url&quot;: &quot; &quot;
        },
        {
            &quot;name&quot;: &quot;robotfindskitten&quot;,
            &quot;action&quot;: &quot;install&quot;,
            &quot;id&quot;: &quot;5474869&quot;,
            &quot;version&quot;: &quot; &quot;,
            &quot;url&quot;: &quot; &quot;
        },
        {
            &quot;name&quot;: &quot;squirrel3&quot;,
            &quot;action&quot;: &quot;install&quot;,
            &quot;id&quot;: &quot;5475279&quot;,
            &quot;version&quot;: &quot;3.1-7::apt&quot;,
            &quot;url&quot;: &quot; &quot;
        },
        {
            &quot;name&quot;: &quot;rolldice&quot;,
            &quot;action&quot;: &quot;install&quot;,
            &quot;id&quot;: &quot;5152439&quot;,
            &quot;version&quot;: &quot;1.16-1+b1&quot;,
            &quot;url&quot;: &quot; &quot;
        },
        {
            &quot;name&quot;: &quot;moon-buggy&quot;,
            &quot;action&quot;: &quot;install&quot;,
            &quot;id&quot;: &quot;5439204&quot;,
            &quot;version&quot;: &quot;1:1.0.51-12&quot;,
            &quot;url&quot;: &quot; &quot;
        },
        {
            &quot;name&quot;: &quot;asciijump&quot;,
            &quot;action&quot;: &quot;install&quot;,
            &quot;id&quot;: &quot;5475369&quot;,
            &quot;version&quot;: &quot;::apt&quot;,
            &quot;url&quot;: &quot; &quot;
        }
    ]
}
21:06:33 INFO  Started operation: {'creationTime': '2022-07-21T21:06:33.406Z', 'deviceId': '21166557', 'deviceName': 'm32sd10b', 'self': 'https://t493319102.eu-latest.cumulocity.com/devicecontrol/operations/21187971', 'id': '21187971', 'status': 'PENDING', 'description': &quot;Apply software changes, triggered from PySys: [{'action': 'install', 'id': '5475369', 'name': 'asciijump', 'url': ' ', 'version': '::apt'}, {'action': 'install', 'id': '5474869', 'name': 'robotfindskitten', 'url': ' ', 'version': ' '}, {'action': 'install', 'id': '5475279', 'name': 'squirrel3', 'url': ' ', 'version': '3.1-7::apt'}, {'action': 'install', 'id': '5152439', 'name': 'rolldice', 'url': ' ', 'version': '1.16-1+b1'}, {'action': 'install', 'id': '5439204', 'name': 'moon-buggy', 'url': ' ', 'version': '1:1.0.51-12'}, {'action': 'install', 'id': '5475369', 'name': 'asciijump', 'url': ' ', 'version': '::apt'}]&quot;, 'c8y_SoftwareUpdate': [{'name': 'asciijump', 'action': 'install', 'id': '5475369', 'version': '::apt', 'url': ' '}, {'name': 'robotfindskitten', 'action': 'install', 'id': '5474869', 'version': ' ', 'url': ' '}, {'name': 'squirrel3', 'action': 'install', 'id': '5475279', 'version': '3.1-7::apt', 'url': ' '}, {'name': 'rolldice', 'action': 'install', 'id': '5152439', 'version': '1.16-1+b1', 'url': ' '}, {'name': 'moon-buggy', 'action': 'install', 'id': '5439204', 'version': '1:1.0.51-12', 'url': ' '}, {'name': 'asciijump', 'action': 'install', 'id': '5475369', 'version': '::apt', 'url': ' '}]}
21:06:35 INFO  State of operation 21187971 : PENDING
21:06:37 INFO  State of operation 21187971 : EXECUTING
21:06:40 INFO  State of operation 21187971 : EXECUTING
21:06:42 INFO  State of operation 21187971 : EXECUTING
21:06:44 INFO  State of operation 21187971 : EXECUTING
21:06:46 INFO  State of operation 21187971 : EXECUTING
21:06:49 INFO  State of operation 21187971 : EXECUTING
21:06:52 INFO  State of operation 21187971 : EXECUTING
21:06:54 INFO  State of operation 21187971 : EXECUTING
21:06:57 INFO  State of operation 21187971 : EXECUTING
21:06:59 INFO  State of operation 21187971 : EXECUTING
21:07:01 INFO  State of operation 21187971 : EXECUTING
21:07:03 INFO  State of operation 21187971 : EXECUTING
21:07:06 INFO  State of operation 21187971 : EXECUTING
21:07:08 INFO  State of operation 21187971 : EXECUTING
21:07:10 INFO  State of operation 21187971 : EXECUTING
21:07:13 INFO  State of operation 21187971 : EXECUTING
21:07:15 INFO  State of operation 21187971 : EXECUTING
21:07:18 INFO  State of operation 21187971 : EXECUTING
21:07:20 INFO  State of operation 21187971 : EXECUTING
21:07:22 INFO  State of operation 21187971 : EXECUTING
21:07:25 INFO  State of operation 21187971 : EXECUTING
21:07:27 INFO  State of operation 21187971 : EXECUTING
21:07:30 INFO  State of operation 21187971 : EXECUTING
21:07:32 INFO  State of operation 21187971 : EXECUTING
21:07:34 INFO  State of operation 21187971 : EXECUTING
21:07:36 INFO  State of operation 21187971 : EXECUTING
21:07:39 INFO  State of operation 21187971 : EXECUTING
21:07:41 INFO  State of operation 21187971 : EXECUTING
21:07:43 INFO  State of operation 21187971 : EXECUTING
21:07:45 INFO  State of operation 21187971 : EXECUTING
21:07:48 INFO  State of operation 21187971 : EXECUTING
21:07:50 INFO  State of operation 21187971 : EXECUTING
21:07:52 INFO  State of operation 21187971 : EXECUTING
21:07:54 INFO  State of operation 21187971 : EXECUTING
21:07:57 INFO  State of operation 21187971 : EXECUTING
21:07:59 INFO  State of operation 21187971 : EXECUTING
21:08:01 INFO  State of operation 21187971 : EXECUTING
21:08:04 INFO  State of operation 21187971 : EXECUTING
21:08:06 INFO  State of operation 21187971 : EXECUTING
21:08:09 INFO  State of operation 21187971 : EXECUTING
21:08:11 INFO  State of operation 21187971 : EXECUTING
21:08:13 INFO  State of operation 21187971 : EXECUTING
21:08:16 INFO  State of operation 21187971 : EXECUTING
21:08:18 INFO  State of operation 21187971 : EXECUTING
21:08:20 INFO  State of operation 21187971 : EXECUTING
21:08:22 INFO  State of operation 21187971 : EXECUTING
21:08:25 INFO  State of operation 21187971 : EXECUTING
21:08:27 INFO  State of operation 21187971 : EXECUTING
21:08:30 INFO  State of operation 21187971 : EXECUTING
21:08:32 INFO  State of operation 21187971 : EXECUTING
21:08:34 INFO  State of operation 21187971 : EXECUTING
21:08:37 INFO  State of operation 21187971 : EXECUTING
21:08:39 INFO  State of operation 21187971 : EXECUTING
21:08:42 INFO  State of operation 21187971 : EXECUTING
21:08:44 INFO  State of operation 21187971 : EXECUTING
21:08:47 INFO  State of operation 21187971 : EXECUTING
21:08:50 INFO  State of operation 21187971 : EXECUTING
21:08:52 INFO  State of operation 21187971 : EXECUTING
21:08:54 INFO  State of operation 21187971 : EXECUTING
21:08:57 INFO  State of operation 21187971 : EXECUTING
21:08:59 WARN  SystemError occurred while running test - Timeout while waiting for status SUCCESSFUL or False
Traceback (most recent call last):
  File &quot;/home/pi/env-pysys/lib/python3.7/site-packages/pysys/baserunner.py&quot;, line 1294, in __call__
    self.testObj.execute()
  File &quot;/home/pi/actions-runner/_work/thin-edge.io/thin-edge.io/tests/PySys/software_management_end_to_end/sm_apt_install_remove_multiple_mixed/run.py&quot;, line 89, in execute
    self.wait_until_succcess()
  File &quot;/home/pi/actions-runner/_work/thin-edge.io/thin-edge.io/tests/PySys/software_management_end_to_end/environment_sm_management.py&quot;, line 324, in wait_until_succcess
    self.wait_until_status(&quot;SUCCESSFUL&quot;)
  File &quot;/home/pi/actions-runner/_work/thin-edge.io/thin-edge.io/tests/PySys/software_management_end_to_end/environment_sm_management.py&quot;, line 381, in wait_until_status
    &quot;Timeout while waiting for status %s or %s&quot; % (status, status2)
SystemError: Timeout while waiting for status SUCCESSFUL or False
21:08:59 WARN  SystemError: Timeout while waiting for status SUCCESSFUL or False ... blocked 
21:08:59 INFO  
21:08:59 INFO  cleanup:
21:09:03 INFO  Executed sudo&lt;tedge_disconnect_c8y&gt;, exit status 0
21:09:04 INFO  Executed systemctl&lt;serv_mapper5&gt;, exit status 3
21:09:04 INFO  
21:09:04 INFO  Test duration: 177.89 secs
21:09:04 INFO  Test final outcome:  BLOCKED
21:09:04 INFO  Test outcome reason: SystemError: Timeout while waiting for status SUCCESSFUL or False (+1 other failures)
21:09:04 INFO  
</system-out>
	</testcase>
</testsuite>
