<?xml version="1.0" encoding="utf-8"?>
<testsuite failures="0" name="SoftwareManagement.sm_fake_install_remove" skipped="0" tests="1" time="48.02" timestamp="2022-07-25T13:08:08">
	<testcase classname="PySysTest" name="SoftwareManagement.sm_fake_install_remove"/>
</testsuite>
