<?xml version="1.0" encoding="utf-8"?>
<testsuite failures="1" name="SoftwareManagement.sm_mixed_install_remove_multiple" skipped="0" tests="1" time="164.5" timestamp="2022-07-15T09:03:44">
	<testcase classname="PySysTest" name="SoftwareManagement.sm_mixed_install_remove_multiple">
		<failure message="FAILED: Assert that (False == value) with value=True" type="FAILED"/>
		<system-out>09:00:59 INFO  ==============================================================
09:00:59 INFO  Id:    SoftwareManagement.sm_mixed_install_remove_multiple
09:00:59 INFO  Dir:   software_management_end_to_end/
09:00:59 INFO  Title: Validate end to end behaviour for the dummy-plugin for multiple packages with mixed versions
09:00:59 INFO  ==============================================================
09:00:59 INFO  Using sw id database: {'asciijump': '5475369', 'robotfindskitten': '5474869', 'squirrel3': '5475279', 'rolldice': '5152439', 'moon-buggy': '5439204', 'apple': '5495053', 'banana': '5494888', 'cherry': '5495382', 'watermelon': '5494510', 'registry': '8018911', 'hello-world': '8021526', 'docker/getting-started': '8021973', 'alpine': '7991792'}
09:00:59 INFO  EnvironmentC8y Setup
09:01:00 INFO  Executed systemctl&lt;serv_mapper1&gt;, exit status 3
09:01:00 INFO  Restarting mosquitto too frequently in the last 10 seconds. It was only up for 4 seconds
09:01:00 INFO  Delaying execution by 7 seconds
09:01:21 INFO  Executed sudo&lt;tedge_connect_c8y&gt;, exit status 0, duration 14 secs
09:01:22 INFO  Executed sudo&lt;tedge_connect_c8y_test&gt;, exit status 0
09:01:22 INFO  Executed systemctl&lt;serv_mosq2&gt;, exit status 0
09:01:23 INFO  Executed systemctl&lt;serv_mapper3&gt;, exit status 0
09:01:25 INFO  State of current operation: SUCCESSFUL
09:01:25 INFO  Package apple is installed
09:01:25 INFO  Assert that (True == value) with value=True ... passed
09:01:26 INFO  Package banana is installed
09:01:26 INFO  Assert that (True == value) with value=True ... passed
09:01:26 INFO  Package cherry is installed
09:01:26 INFO  Assert that (True == value) with value=True ... passed
09:01:26 INFO  Package asciijump is installed
09:01:26 WARN  Assert that (False == value) with value=True ... failed 
09:01:26 INFO  Assert that (False == value) with value=False ... passed
09:01:27 INFO  Response status: 201
09:01:27 INFO  Response to action: {
    &quot;creationTime&quot;: &quot;2022-07-15T09:01:26.952Z&quot;,
    &quot;deviceName&quot;: &quot;m32sd10b&quot;,
    &quot;deviceId&quot;: &quot;20889140&quot;,
    &quot;self&quot;: &quot;https://t493319102.eu-latest.cumulocity.com/devicecontrol/operations/20930579&quot;,
    &quot;id&quot;: &quot;20930579&quot;,
    &quot;status&quot;: &quot;PENDING&quot;,
    &quot;description&quot;: &quot;Apply software changes, triggered from PySys: [{'action': 'install', 'id': '5495053', 'name': 'apple', 'url': ' ', 'version': '::fruits'}, {'action': 'install', 'id': '5494888', 'name': 'banana', 'url': ' ', 'version': '::fruits'}, {'action': 'install', 'id': '5475369', 'name': 'asciijump', 'url': ' ', 'version': '::apt'}, {'action': 'install', 'id': '5495382', 'name': 'cherry', 'url': ' ', 'version': '::fruits'}, {'action': 'install', 'id': '8018911', 'name': 'registry', 'url': ' ', 'version': '::docker'}]&quot;,
    &quot;c8y_SoftwareUpdate&quot;: [
        {
            &quot;name&quot;: &quot;apple&quot;,
            &quot;action&quot;: &quot;install&quot;,
            &quot;id&quot;: &quot;5495053&quot;,
            &quot;version&quot;: &quot;::fruits&quot;,
            &quot;url&quot;: &quot; &quot;
        },
        {
            &quot;name&quot;: &quot;banana&quot;,
            &quot;action&quot;: &quot;install&quot;,
            &quot;id&quot;: &quot;5494888&quot;,
            &quot;version&quot;: &quot;::fruits&quot;,
            &quot;url&quot;: &quot; &quot;
        },
        {
            &quot;name&quot;: &quot;asciijump&quot;,
            &quot;action&quot;: &quot;install&quot;,
            &quot;id&quot;: &quot;5475369&quot;,
            &quot;version&quot;: &quot;::apt&quot;,
            &quot;url&quot;: &quot; &quot;
        },
        {
            &quot;name&quot;: &quot;cherry&quot;,
            &quot;action&quot;: &quot;install&quot;,
            &quot;id&quot;: &quot;5495382&quot;,
            &quot;version&quot;: &quot;::fruits&quot;,
            &quot;url&quot;: &quot; &quot;
        },
        {
            &quot;name&quot;: &quot;registry&quot;,
            &quot;action&quot;: &quot;install&quot;,
            &quot;id&quot;: &quot;8018911&quot;,
            &quot;version&quot;: &quot;::docker&quot;,
            &quot;url&quot;: &quot; &quot;
        }
    ]
}
09:01:27 INFO  Started operation: {'creationTime': '2022-07-15T09:01:26.952Z', 'deviceName': 'm32sd10b', 'deviceId': '20889140', 'self': 'https://t493319102.eu-latest.cumulocity.com/devicecontrol/operations/20930579', 'id': '20930579', 'status': 'PENDING', 'description': &quot;Apply software changes, triggered from PySys: [{'action': 'install', 'id': '5495053', 'name': 'apple', 'url': ' ', 'version': '::fruits'}, {'action': 'install', 'id': '5494888', 'name': 'banana', 'url': ' ', 'version': '::fruits'}, {'action': 'install', 'id': '5475369', 'name': 'asciijump', 'url': ' ', 'version': '::apt'}, {'action': 'install', 'id': '5495382', 'name': 'cherry', 'url': ' ', 'version': '::fruits'}, {'action': 'install', 'id': '8018911', 'name': 'registry', 'url': ' ', 'version': '::docker'}]&quot;, 'c8y_SoftwareUpdate': [{'name': 'apple', 'action': 'install', 'id': '5495053', 'version': '::fruits', 'url': ' '}, {'name': 'banana', 'action': 'install', 'id': '5494888', 'version': '::fruits', 'url': ' '}, {'name': 'asciijump', 'action': 'install', 'id': '5475369', 'version': '::apt', 'url': ' '}, {'name': 'cherry', 'action': 'install', 'id': '5495382', 'version': '::fruits', 'url': ' '}, {'name': 'registry', 'action': 'install', 'id': '8018911', 'version': '::docker', 'url': ' '}]}
09:01:29 INFO  State of operation 20930579 : PENDING
09:01:31 INFO  State of operation 20930579 : EXECUTING
09:01:33 INFO  State of operation 20930579 : EXECUTING
09:01:35 INFO  State of operation 20930579 : EXECUTING
09:01:38 INFO  State of operation 20930579 : EXECUTING
09:01:40 INFO  State of operation 20930579 : EXECUTING
09:01:43 INFO  State of operation 20930579 : EXECUTING
09:01:46 INFO  State of operation 20930579 : EXECUTING
09:01:48 INFO  State of operation 20930579 : EXECUTING
09:01:50 INFO  State of operation 20930579 : EXECUTING
09:01:52 INFO  State of operation 20930579 : EXECUTING
09:01:55 INFO  State of operation 20930579 : EXECUTING
09:01:57 INFO  State of operation 20930579 : EXECUTING
09:01:59 INFO  State of operation 20930579 : EXECUTING
09:02:01 INFO  State of operation 20930579 : EXECUTING
09:02:04 INFO  State of operation 20930579 : EXECUTING
09:02:06 INFO  State of operation 20930579 : EXECUTING
09:02:08 INFO  State of operation 20930579 : EXECUTING
09:02:10 INFO  State of operation 20930579 : EXECUTING
09:02:12 INFO  State of operation 20930579 : EXECUTING
09:02:15 INFO  State of operation 20930579 : EXECUTING
09:02:17 INFO  State of operation 20930579 : EXECUTING
09:02:19 INFO  State of operation 20930579 : EXECUTING
09:02:21 INFO  State of operation 20930579 : EXECUTING
09:02:24 INFO  State of operation 20930579 : EXECUTING
09:02:26 INFO  State of operation 20930579 : SUCCESSFUL
09:02:26 INFO  Package apple is installed
09:02:26 INFO  Assert that (True == value) with value=True ... passed
09:02:26 INFO  Package banana is installed
09:02:26 INFO  Assert that (True == value) with value=True ... passed
09:02:27 INFO  Package cherry is installed
09:02:27 INFO  Assert that (True == value) with value=True ... passed
09:02:27 INFO  Package asciijump is installed
09:02:27 INFO  Assert that (True == value) with value=True ... passed
09:02:27 INFO  Package registry is installed
09:02:27 INFO  Assert that (True == value) with value=True ... passed
09:02:27 INFO  Response status: 201
09:02:27 INFO  Response to action: {
    &quot;creationTime&quot;: &quot;2022-07-15T09:02:27.808Z&quot;,
    &quot;deviceName&quot;: &quot;m32sd10b&quot;,
    &quot;deviceId&quot;: &quot;20889140&quot;,
    &quot;self&quot;: &quot;https://t493319102.eu-latest.cumulocity.com/devicecontrol/operations/20930594&quot;,
    &quot;id&quot;: &quot;20930594&quot;,
    &quot;status&quot;: &quot;PENDING&quot;,
    &quot;description&quot;: &quot;Apply software changes, triggered from PySys: [{'action': 'delete', 'id': '5495053', 'name': 'apple', 'url': ' ', 'version': '::fruits'}, {'action': 'delete', 'id': '5494888', 'name': 'banana', 'url': ' ', 'version': '::fruits'}, {'action': 'delete', 'id': '5475369', 'name': 'asciijump', 'url': ' ', 'version': '::apt'}, {'action': 'delete', 'id': '5495382', 'name': 'cherry', 'url': ' ', 'version': '::fruits'}, {'action': 'delete', 'id': '8018911', 'name': 'registry', 'url': ' ', 'version': '::docker'}]&quot;,
    &quot;c8y_SoftwareUpdate&quot;: [
        {
            &quot;name&quot;: &quot;apple&quot;,
            &quot;action&quot;: &quot;delete&quot;,
            &quot;id&quot;: &quot;5495053&quot;,
            &quot;version&quot;: &quot;::fruits&quot;,
            &quot;url&quot;: &quot; &quot;
        },
        {
            &quot;name&quot;: &quot;banana&quot;,
            &quot;action&quot;: &quot;delete&quot;,
            &quot;id&quot;: &quot;5494888&quot;,
            &quot;version&quot;: &quot;::fruits&quot;,
            &quot;url&quot;: &quot; &quot;
        },
        {
            &quot;name&quot;: &quot;asciijump&quot;,
            &quot;action&quot;: &quot;delete&quot;,
            &quot;id&quot;: &quot;5475369&quot;,
            &quot;version&quot;: &quot;::apt&quot;,
            &quot;url&quot;: &quot; &quot;
        },
        {
            &quot;name&quot;: &quot;cherry&quot;,
            &quot;action&quot;: &quot;delete&quot;,
            &quot;id&quot;: &quot;5495382&quot;,
            &quot;version&quot;: &quot;::fruits&quot;,
            &quot;url&quot;: &quot; &quot;
        },
        {
            &quot;name&quot;: &quot;registry&quot;,
            &quot;action&quot;: &quot;delete&quot;,
            &quot;id&quot;: &quot;8018911&quot;,
            &quot;version&quot;: &quot;::docker&quot;,
            &quot;url&quot;: &quot; &quot;
        }
    ]
}
09:02:27 INFO  Started operation: {'creationTime': '2022-07-15T09:02:27.808Z', 'deviceName': 'm32sd10b', 'deviceId': '20889140', 'self': 'https://t493319102.eu-latest.cumulocity.com/devicecontrol/operations/20930594', 'id': '20930594', 'status': 'PENDING', 'description': &quot;Apply software changes, triggered from PySys: [{'action': 'delete', 'id': '5495053', 'name': 'apple', 'url': ' ', 'version': '::fruits'}, {'action': 'delete', 'id': '5494888', 'name': 'banana', 'url': ' ', 'version': '::fruits'}, {'action': 'delete', 'id': '5475369', 'name': 'asciijump', 'url': ' ', 'version': '::apt'}, {'action': 'delete', 'id': '5495382', 'name': 'cherry', 'url': ' ', 'version': '::fruits'}, {'action': 'delete', 'id': '8018911', 'name': 'registry', 'url': ' ', 'version': '::docker'}]&quot;, 'c8y_SoftwareUpdate': [{'name': 'apple', 'action': 'delete', 'id': '5495053', 'version': '::fruits', 'url': ' '}, {'name': 'banana', 'action': 'delete', 'id': '5494888', 'version': '::fruits', 'url': ' '}, {'name': 'asciijump', 'action': 'delete', 'id': '5475369', 'version': '::apt', 'url': ' '}, {'name': 'cherry', 'action': 'delete', 'id': '5495382', 'version': '::fruits', 'url': ' '}, {'name': 'registry', 'action': 'delete', 'id': '8018911', 'version': '::docker', 'url': ' '}]}
09:02:30 INFO  State of operation 20930594 : PENDING
09:02:32 INFO  State of operation 20930594 : EXECUTING
09:02:34 INFO  State of operation 20930594 : EXECUTING
09:02:36 INFO  State of operation 20930594 : EXECUTING
09:02:38 INFO  State of operation 20930594 : EXECUTING
09:02:41 INFO  State of operation 20930594 : EXECUTING
09:02:43 INFO  State of operation 20930594 : EXECUTING
09:02:45 INFO  State of operation 20930594 : EXECUTING
09:02:48 INFO  State of operation 20930594 : EXECUTING
09:02:50 INFO  State of operation 20930594 : EXECUTING
09:02:53 INFO  State of operation 20930594 : EXECUTING
09:02:55 INFO  State of operation 20930594 : EXECUTING
09:02:57 INFO  State of operation 20930594 : EXECUTING
09:02:59 INFO  State of operation 20930594 : EXECUTING
09:03:01 INFO  State of operation 20930594 : EXECUTING
09:03:04 INFO  State of operation 20930594 : EXECUTING
09:03:08 INFO  State of operation 20930594 : EXECUTING
09:03:10 INFO  State of operation 20930594 : EXECUTING
09:03:13 INFO  State of operation 20930594 : EXECUTING
09:03:15 INFO  State of operation 20930594 : EXECUTING
09:03:17 INFO  State of operation 20930594 : EXECUTING
09:03:19 INFO  State of operation 20930594 : EXECUTING
09:03:22 INFO  State of operation 20930594 : EXECUTING
09:03:24 INFO  State of operation 20930594 : EXECUTING
09:03:27 INFO  State of operation 20930594 : EXECUTING
09:03:29 INFO  State of operation 20930594 : EXECUTING
09:03:31 INFO  State of operation 20930594 : EXECUTING
09:03:34 INFO  State of operation 20930594 : EXECUTING
09:03:36 INFO  State of operation 20930594 : EXECUTING
09:03:38 INFO  State of operation 20930594 : SUCCESSFUL
09:03:38 INFO  Package apple is installed
09:03:38 INFO  Assert that (True == value) with value=True ... passed
09:03:38 INFO  Package banana is installed
09:03:38 INFO  Assert that (True == value) with value=True ... passed
09:03:39 INFO  Package cherry is installed
09:03:39 INFO  Assert that (True == value) with value=True ... passed
09:03:39 INFO  Assert that (False == value) with value=False ... passed
09:03:39 INFO  Assert that (False == value) with value=False ... passed
09:03:39 INFO  
09:03:39 INFO  cleanup:
09:03:43 INFO  Executed sudo&lt;tedge_disconnect_c8y&gt;, exit status 0
09:03:44 INFO  Executed systemctl&lt;serv_mapper5&gt;, exit status 3
09:03:44 INFO  
09:03:44 INFO  Test duration: 164.50 secs
09:03:44 INFO  Test final outcome:  FAILED
09:03:44 INFO  Test outcome reason: Assert that (False == value) with value=True
09:03:44 INFO  
</system-out>
	</testcase>
</testsuite>
