<?xml version="1.0" encoding="utf-8"?>
<testsuite failures="1" name="SoftwareManagement.sm_mixed_install_remove_multiple" skipped="0" tests="1" time="166.91" timestamp="2022-07-21T17:31:10">
	<testcase classname="PySysTest" name="SoftwareManagement.sm_mixed_install_remove_multiple">
		<failure message="FAILED: Assert that (False == value) with value=True" type="FAILED"/>
		<system-out>17:28:23 INFO  ==============================================================
17:28:23 INFO  Id:    SoftwareManagement.sm_mixed_install_remove_multiple
17:28:23 INFO  Dir:   software_management_end_to_end/
17:28:23 INFO  Title: Validate end to end behaviour for the dummy-plugin for multiple packages with mixed versions
17:28:23 INFO  ==============================================================
17:28:23 INFO  Using sw id database: {'asciijump': '5475369', 'robotfindskitten': '5474869', 'squirrel3': '5475279', 'rolldice': '5152439', 'moon-buggy': '5439204', 'apple': '5495053', 'banana': '5494888', 'cherry': '5495382', 'watermelon': '5494510', 'registry': '8018911', 'hello-world': '8021526', 'docker/getting-started': '8021973', 'alpine': '7991792'}
17:28:23 INFO  EnvironmentC8y Setup
17:28:24 INFO  Executed systemctl&lt;serv_mapper1&gt;, exit status 3
17:28:24 INFO  Restarting mosquitto too frequently in the last 10 seconds. It was only up for 4 seconds
17:28:24 INFO  Delaying execution by 7 seconds
17:28:45 INFO  Executed sudo&lt;tedge_connect_c8y&gt;, exit status 0, duration 14 secs
17:28:45 INFO  Executed sudo&lt;tedge_connect_c8y_test&gt;, exit status 0
17:28:46 INFO  Executed systemctl&lt;serv_mosq2&gt;, exit status 0
17:28:46 INFO  Executed systemctl&lt;serv_mapper3&gt;, exit status 0
17:28:49 INFO  State of current operation: SUCCESSFUL
17:28:49 INFO  Package apple is installed
17:28:49 INFO  Assert that (True == value) with value=True ... passed
17:28:49 INFO  Package banana is installed
17:28:49 INFO  Assert that (True == value) with value=True ... passed
17:28:49 INFO  Package cherry is installed
17:28:49 INFO  Assert that (True == value) with value=True ... passed
17:28:50 INFO  Package asciijump is installed
17:28:50 WARN  Assert that (False == value) with value=True ... failed 
17:28:50 INFO  Assert that (False == value) with value=False ... passed
17:28:50 INFO  Response status: 201
17:28:50 INFO  Response to action: {
    &quot;creationTime&quot;: &quot;2022-07-21T17:28:50.502Z&quot;,
    &quot;deviceId&quot;: &quot;21116856&quot;,
    &quot;deviceName&quot;: &quot;m32sd10b&quot;,
    &quot;self&quot;: &quot;https://t493319102.eu-latest.cumulocity.com/devicecontrol/operations/21163714&quot;,
    &quot;id&quot;: &quot;21163714&quot;,
    &quot;status&quot;: &quot;PENDING&quot;,
    &quot;description&quot;: &quot;Apply software changes, triggered from PySys: [{'action': 'install', 'id': '5495053', 'name': 'apple', 'url': ' ', 'version': '::fruits'}, {'action': 'install', 'id': '5494888', 'name': 'banana', 'url': ' ', 'version': '::fruits'}, {'action': 'install', 'id': '5475369', 'name': 'asciijump', 'url': ' ', 'version': '::apt'}, {'action': 'install', 'id': '5495382', 'name': 'cherry', 'url': ' ', 'version': '::fruits'}, {'action': 'install', 'id': '8018911', 'name': 'registry', 'url': ' ', 'version': '::docker'}]&quot;,
    &quot;c8y_SoftwareUpdate&quot;: [
        {
            &quot;name&quot;: &quot;apple&quot;,
            &quot;action&quot;: &quot;install&quot;,
            &quot;id&quot;: &quot;5495053&quot;,
            &quot;version&quot;: &quot;::fruits&quot;,
            &quot;url&quot;: &quot; &quot;
        },
        {
            &quot;name&quot;: &quot;banana&quot;,
            &quot;action&quot;: &quot;install&quot;,
            &quot;id&quot;: &quot;5494888&quot;,
            &quot;version&quot;: &quot;::fruits&quot;,
            &quot;url&quot;: &quot; &quot;
        },
        {
            &quot;name&quot;: &quot;asciijump&quot;,
            &quot;action&quot;: &quot;install&quot;,
            &quot;id&quot;: &quot;5475369&quot;,
            &quot;version&quot;: &quot;::apt&quot;,
            &quot;url&quot;: &quot; &quot;
        },
        {
            &quot;name&quot;: &quot;cherry&quot;,
            &quot;action&quot;: &quot;install&quot;,
            &quot;id&quot;: &quot;5495382&quot;,
            &quot;version&quot;: &quot;::fruits&quot;,
            &quot;url&quot;: &quot; &quot;
        },
        {
            &quot;name&quot;: &quot;registry&quot;,
            &quot;action&quot;: &quot;install&quot;,
            &quot;id&quot;: &quot;8018911&quot;,
            &quot;version&quot;: &quot;::docker&quot;,
            &quot;url&quot;: &quot; &quot;
        }
    ]
}
17:28:50 INFO  Started operation: {'creationTime': '2022-07-21T17:28:50.502Z', 'deviceId': '21116856', 'deviceName': 'm32sd10b', 'self': 'https://t493319102.eu-latest.cumulocity.com/devicecontrol/operations/21163714', 'id': '21163714', 'status': 'PENDING', 'description': &quot;Apply software changes, triggered from PySys: [{'action': 'install', 'id': '5495053', 'name': 'apple', 'url': ' ', 'version': '::fruits'}, {'action': 'install', 'id': '5494888', 'name': 'banana', 'url': ' ', 'version': '::fruits'}, {'action': 'install', 'id': '5475369', 'name': 'asciijump', 'url': ' ', 'version': '::apt'}, {'action': 'install', 'id': '5495382', 'name': 'cherry', 'url': ' ', 'version': '::fruits'}, {'action': 'install', 'id': '8018911', 'name': 'registry', 'url': ' ', 'version': '::docker'}]&quot;, 'c8y_SoftwareUpdate': [{'name': 'apple', 'action': 'install', 'id': '5495053', 'version': '::fruits', 'url': ' '}, {'name': 'banana', 'action': 'install', 'id': '5494888', 'version': '::fruits', 'url': ' '}, {'name': 'asciijump', 'action': 'install', 'id': '5475369', 'version': '::apt', 'url': ' '}, {'name': 'cherry', 'action': 'install', 'id': '5495382', 'version': '::fruits', 'url': ' '}, {'name': 'registry', 'action': 'install', 'id': '8018911', 'version': '::docker', 'url': ' '}]}
17:28:52 INFO  State of operation 21163714 : PENDING
17:28:54 INFO  State of operation 21163714 : EXECUTING
17:28:57 INFO  State of operation 21163714 : EXECUTING
17:28:59 INFO  State of operation 21163714 : EXECUTING
17:29:01 INFO  State of operation 21163714 : EXECUTING
17:29:04 INFO  State of operation 21163714 : EXECUTING
17:29:06 INFO  State of operation 21163714 : EXECUTING
17:29:09 INFO  State of operation 21163714 : EXECUTING
17:29:11 INFO  State of operation 21163714 : EXECUTING
17:29:14 INFO  State of operation 21163714 : EXECUTING
17:29:16 INFO  State of operation 21163714 : EXECUTING
17:29:18 INFO  State of operation 21163714 : EXECUTING
17:29:20 INFO  State of operation 21163714 : EXECUTING
17:29:23 INFO  State of operation 21163714 : EXECUTING
17:29:25 INFO  State of operation 21163714 : EXECUTING
17:29:27 INFO  State of operation 21163714 : EXECUTING
17:29:29 INFO  State of operation 21163714 : EXECUTING
17:29:32 INFO  State of operation 21163714 : EXECUTING
17:29:34 INFO  State of operation 21163714 : EXECUTING
17:29:36 INFO  State of operation 21163714 : EXECUTING
17:29:38 INFO  State of operation 21163714 : EXECUTING
17:29:41 INFO  State of operation 21163714 : EXECUTING
17:29:43 INFO  State of operation 21163714 : EXECUTING
17:29:45 INFO  State of operation 21163714 : EXECUTING
17:29:47 INFO  State of operation 21163714 : EXECUTING
17:29:50 INFO  State of operation 21163714 : SUCCESSFUL
17:29:50 INFO  Package apple is installed
17:29:50 INFO  Assert that (True == value) with value=True ... passed
17:29:50 INFO  Package banana is installed
17:29:50 INFO  Assert that (True == value) with value=True ... passed
17:29:50 INFO  Package cherry is installed
17:29:50 INFO  Assert that (True == value) with value=True ... passed
17:29:50 INFO  Package asciijump is installed
17:29:50 INFO  Assert that (True == value) with value=True ... passed
17:29:51 INFO  Package registry is installed
17:29:51 INFO  Assert that (True == value) with value=True ... passed
17:29:51 INFO  Response status: 201
17:29:51 INFO  Response to action: {
    &quot;creationTime&quot;: &quot;2022-07-21T17:29:51.381Z&quot;,
    &quot;deviceId&quot;: &quot;21116856&quot;,
    &quot;deviceName&quot;: &quot;m32sd10b&quot;,
    &quot;self&quot;: &quot;https://t493319102.eu-latest.cumulocity.com/devicecontrol/operations/21163720&quot;,
    &quot;id&quot;: &quot;21163720&quot;,
    &quot;status&quot;: &quot;PENDING&quot;,
    &quot;description&quot;: &quot;Apply software changes, triggered from PySys: [{'action': 'delete', 'id': '5495053', 'name': 'apple', 'url': ' ', 'version': '::fruits'}, {'action': 'delete', 'id': '5494888', 'name': 'banana', 'url': ' ', 'version': '::fruits'}, {'action': 'delete', 'id': '5475369', 'name': 'asciijump', 'url': ' ', 'version': '::apt'}, {'action': 'delete', 'id': '5495382', 'name': 'cherry', 'url': ' ', 'version': '::fruits'}, {'action': 'delete', 'id': '8018911', 'name': 'registry', 'url': ' ', 'version': '::docker'}]&quot;,
    &quot;c8y_SoftwareUpdate&quot;: [
        {
            &quot;name&quot;: &quot;apple&quot;,
            &quot;action&quot;: &quot;delete&quot;,
            &quot;id&quot;: &quot;5495053&quot;,
            &quot;version&quot;: &quot;::fruits&quot;,
            &quot;url&quot;: &quot; &quot;
        },
        {
            &quot;name&quot;: &quot;banana&quot;,
            &quot;action&quot;: &quot;delete&quot;,
            &quot;id&quot;: &quot;5494888&quot;,
            &quot;version&quot;: &quot;::fruits&quot;,
            &quot;url&quot;: &quot; &quot;
        },
        {
            &quot;name&quot;: &quot;asciijump&quot;,
            &quot;action&quot;: &quot;delete&quot;,
            &quot;id&quot;: &quot;5475369&quot;,
            &quot;version&quot;: &quot;::apt&quot;,
            &quot;url&quot;: &quot; &quot;
        },
        {
            &quot;name&quot;: &quot;cherry&quot;,
            &quot;action&quot;: &quot;delete&quot;,
            &quot;id&quot;: &quot;5495382&quot;,
            &quot;version&quot;: &quot;::fruits&quot;,
            &quot;url&quot;: &quot; &quot;
        },
        {
            &quot;name&quot;: &quot;registry&quot;,
            &quot;action&quot;: &quot;delete&quot;,
            &quot;id&quot;: &quot;8018911&quot;,
            &quot;version&quot;: &quot;::docker&quot;,
            &quot;url&quot;: &quot; &quot;
        }
    ]
}
17:29:51 INFO  Started operation: {'creationTime': '2022-07-21T17:29:51.381Z', 'deviceId': '21116856', 'deviceName': 'm32sd10b', 'self': 'https://t493319102.eu-latest.cumulocity.com/devicecontrol/operations/21163720', 'id': '21163720', 'status': 'PENDING', 'description': &quot;Apply software changes, triggered from PySys: [{'action': 'delete', 'id': '5495053', 'name': 'apple', 'url': ' ', 'version': '::fruits'}, {'action': 'delete', 'id': '5494888', 'name': 'banana', 'url': ' ', 'version': '::fruits'}, {'action': 'delete', 'id': '5475369', 'name': 'asciijump', 'url': ' ', 'version': '::apt'}, {'action': 'delete', 'id': '5495382', 'name': 'cherry', 'url': ' ', 'version': '::fruits'}, {'action': 'delete', 'id': '8018911', 'name': 'registry', 'url': ' ', 'version': '::docker'}]&quot;, 'c8y_SoftwareUpdate': [{'name': 'apple', 'action': 'delete', 'id': '5495053', 'version': '::fruits', 'url': ' '}, {'name': 'banana', 'action': 'delete', 'id': '5494888', 'version': '::fruits', 'url': ' '}, {'name': 'asciijump', 'action': 'delete', 'id': '5475369', 'version': '::apt', 'url': ' '}, {'name': 'cherry', 'action': 'delete', 'id': '5495382', 'version': '::fruits', 'url': ' '}, {'name': 'registry', 'action': 'delete', 'id': '8018911', 'version': '::docker', 'url': ' '}]}
17:29:53 INFO  State of operation 21163720 : PENDING
17:29:55 INFO  State of operation 21163720 : EXECUTING
17:29:58 INFO  State of operation 21163720 : EXECUTING
17:30:00 INFO  State of operation 21163720 : EXECUTING
17:30:02 INFO  State of operation 21163720 : EXECUTING
17:30:04 INFO  State of operation 21163720 : EXECUTING
17:30:07 INFO  State of operation 21163720 : EXECUTING
17:30:10 INFO  State of operation 21163720 : EXECUTING
17:30:12 INFO  State of operation 21163720 : EXECUTING
17:30:14 INFO  State of operation 21163720 : EXECUTING
17:30:17 INFO  State of operation 21163720 : EXECUTING
17:30:19 INFO  State of operation 21163720 : EXECUTING
17:30:21 INFO  State of operation 21163720 : EXECUTING
17:30:23 INFO  State of operation 21163720 : EXECUTING
17:30:26 INFO  State of operation 21163720 : EXECUTING
17:30:28 INFO  State of operation 21163720 : EXECUTING
17:30:31 INFO  State of operation 21163720 : EXECUTING
17:30:34 INFO  State of operation 21163720 : EXECUTING
17:30:36 INFO  State of operation 21163720 : EXECUTING
17:30:38 INFO  State of operation 21163720 : EXECUTING
17:30:41 INFO  State of operation 21163720 : EXECUTING
17:30:43 INFO  State of operation 21163720 : EXECUTING
17:30:46 INFO  State of operation 21163720 : EXECUTING
17:30:48 INFO  State of operation 21163720 : EXECUTING
17:30:50 INFO  State of operation 21163720 : EXECUTING
17:30:52 INFO  State of operation 21163720 : EXECUTING
17:30:54 INFO  State of operation 21163720 : EXECUTING
17:30:57 INFO  State of operation 21163720 : EXECUTING
17:30:59 INFO  State of operation 21163720 : EXECUTING
17:31:01 INFO  State of operation 21163720 : EXECUTING
17:31:04 INFO  State of operation 21163720 : SUCCESSFUL
17:31:04 INFO  Package apple is installed
17:31:04 INFO  Assert that (True == value) with value=True ... passed
17:31:04 INFO  Package banana is installed
17:31:04 INFO  Assert that (True == value) with value=True ... passed
17:31:05 INFO  Package cherry is installed
17:31:05 INFO  Assert that (True == value) with value=True ... passed
17:31:05 INFO  Assert that (False == value) with value=False ... passed
17:31:05 INFO  Assert that (False == value) with value=False ... passed
17:31:05 INFO  
17:31:05 INFO  cleanup:
17:31:09 INFO  Executed sudo&lt;tedge_disconnect_c8y&gt;, exit status 0
17:31:10 INFO  Executed systemctl&lt;serv_mapper5&gt;, exit status 3
17:31:10 INFO  
17:31:10 INFO  Test duration: 166.91 secs
17:31:10 INFO  Test final outcome:  FAILED
17:31:10 INFO  Test outcome reason: Assert that (False == value) with value=True
17:31:10 INFO  
</system-out>
	</testcase>
</testsuite>
