<?xml version="1.0" encoding="utf-8"?>
<testsuite failures="1" name="SoftwareManagement.sm_apt_install_remove_with_version" skipped="0" tests="1" time="165.69" timestamp="2022-05-23T14:39:17">
	<testcase classname="PySysTest" name="SoftwareManagement.sm_apt_install_remove_with_version">
		<failure message="BLOCKED: SystemError: Timeout while waiting for status FAILED or SUCCESSFUL" type="BLOCKED"/>
		<system-out>14:36:32 INFO  ==============================================================
14:36:32 INFO  Id:    SoftwareManagement.sm_apt_install_remove_with_version
14:36:32 INFO  Dir:   software_management_end_to_end/
14:36:32 INFO  Title: Validate end to end behaviour for the apt plugin for packages with version
14:36:32 INFO  ==============================================================
14:36:32 INFO  Using sw id database: {'asciijump': '5475369', 'robotfindskitten': '5474869', 'squirrel3': '5475279', 'rolldice': '5152439', 'moon-buggy': '5439204', 'apple': '5495053', 'banana': '5494888', 'cherry': '5495382', 'watermelon': '5494510', 'registry': '8018911', 'hello-world': '8021526', 'docker/getting-started': '8021973', 'alpine': '7991792'}
14:36:32 INFO  EnvironmentC8y Setup
14:36:32 INFO  Executed systemctl&lt;serv_mapper1&gt;, exit status 3
14:36:32 INFO  Restarting mosquitto too frequently in the last 10 seconds. It was only up for 5 seconds
14:36:32 INFO  Delaying execution by 6 seconds
14:36:52 INFO  Executed sudo&lt;tedge_connect_c8y&gt;, exit status 0, duration 14 secs
14:36:53 INFO  Executed sudo&lt;tedge_connect_c8y_test&gt;, exit status 0
14:36:53 INFO  Executed systemctl&lt;serv_mosq2&gt;, exit status 0
14:36:54 INFO  Executed systemctl&lt;serv_mapper3&gt;, exit status 0
14:36:56 INFO  State of current operation: PENDING
14:36:58 INFO  State of current operation: PENDING
14:37:01 INFO  State of current operation: PENDING
14:37:03 INFO  State of current operation: PENDING
14:37:05 INFO  State of current operation: PENDING
14:37:07 INFO  State of current operation: PENDING
14:37:10 INFO  State of current operation: PENDING
14:37:12 INFO  State of current operation: PENDING
14:37:14 INFO  State of current operation: PENDING
14:37:16 INFO  State of current operation: PENDING
14:37:19 INFO  State of current operation: PENDING
14:37:21 INFO  State of current operation: PENDING
14:37:23 INFO  State of current operation: PENDING
14:37:25 INFO  State of current operation: PENDING
14:37:27 INFO  State of current operation: PENDING
14:37:30 INFO  State of current operation: PENDING
14:37:32 INFO  State of current operation: PENDING
14:37:34 INFO  State of current operation: PENDING
14:37:36 INFO  State of current operation: PENDING
14:37:39 INFO  State of current operation: PENDING
14:37:41 INFO  State of current operation: PENDING
14:37:43 INFO  State of current operation: PENDING
14:37:45 INFO  State of current operation: PENDING
14:37:48 INFO  State of current operation: PENDING
14:37:50 INFO  State of current operation: PENDING
14:37:52 INFO  State of current operation: PENDING
14:37:54 INFO  State of current operation: PENDING
14:37:57 INFO  State of current operation: PENDING
14:37:59 INFO  State of current operation: PENDING
14:38:01 INFO  State of current operation: PENDING
14:38:03 INFO  State of current operation: PENDING
14:38:06 INFO  State of current operation: PENDING
14:38:08 INFO  State of current operation: PENDING
14:38:10 INFO  State of current operation: PENDING
14:38:12 INFO  State of current operation: PENDING
14:38:14 INFO  State of current operation: PENDING
14:38:17 INFO  State of current operation: PENDING
14:38:19 INFO  State of current operation: PENDING
14:38:21 INFO  State of current operation: PENDING
14:38:23 INFO  State of current operation: PENDING
14:38:26 INFO  State of current operation: PENDING
14:38:28 INFO  State of current operation: PENDING
14:38:30 INFO  State of current operation: PENDING
14:38:32 INFO  State of current operation: PENDING
14:38:35 INFO  State of current operation: PENDING
14:38:37 INFO  State of current operation: PENDING
14:38:39 INFO  State of current operation: PENDING
14:38:41 INFO  State of current operation: PENDING
14:38:44 INFO  State of current operation: PENDING
14:38:46 INFO  State of current operation: PENDING
14:38:48 INFO  State of current operation: PENDING
14:38:50 INFO  State of current operation: PENDING
14:38:53 INFO  State of current operation: PENDING
14:38:55 INFO  State of current operation: PENDING
14:38:57 INFO  State of current operation: PENDING
14:38:59 INFO  State of current operation: PENDING
14:39:02 INFO  State of current operation: PENDING
14:39:04 INFO  State of current operation: PENDING
14:39:06 INFO  State of current operation: PENDING
14:39:08 INFO  State of current operation: PENDING
14:39:10 INFO  State of current operation: PENDING
14:39:12 WARN  SystemError occurred while running test - Timeout while waiting for status FAILED or SUCCESSFUL
Traceback (most recent call last):
  File &quot;/home/pi/env-pysys/lib/python3.7/site-packages/pysys/baserunner.py&quot;, line 1292, in __call__
    self.testObj.setup()
  File &quot;/home/pi/actions-runner/_work/thin-edge.io/thin-edge.io/tests/PySys/software_management_end_to_end/sm_apt_install_remove_with_version/run.py&quot;, line 27, in setup
    super().setup()
  File &quot;/home/pi/actions-runner/_work/thin-edge.io/thin-edge.io/tests/PySys/software_management_end_to_end/environment_sm_management.py&quot;, line 151, in setup
    self.wait_until_end()
  File &quot;/home/pi/actions-runner/_work/thin-edge.io/thin-edge.io/tests/PySys/software_management_end_to_end/environment_sm_management.py&quot;, line 332, in wait_until_end
    self.wait_until_status(&quot;FAILED&quot;, &quot;SUCCESSFUL&quot;)
  File &quot;/home/pi/actions-runner/_work/thin-edge.io/thin-edge.io/tests/PySys/software_management_end_to_end/environment_sm_management.py&quot;, line 381, in wait_until_status
    &quot;Timeout while waiting for status %s or %s&quot; % (status, status2)
SystemError: Timeout while waiting for status FAILED or SUCCESSFUL
14:39:12 WARN  SystemError: Timeout while waiting for status FAILED or SUCCESSFUL ... blocked 
14:39:12 INFO  
14:39:12 INFO  cleanup:
14:39:17 INFO  Executed sudo&lt;tedge_disconnect_c8y&gt;, exit status 0
14:39:17 INFO  Executed systemctl&lt;serv_mapper5&gt;, exit status 3
14:39:17 INFO  
14:39:17 INFO  Test duration: 165.69 secs
14:39:17 INFO  Test final outcome:  BLOCKED
14:39:17 INFO  Test outcome reason: SystemError: Timeout while waiting for status FAILED or SUCCESSFUL
14:39:17 INFO  
</system-out>
	</testcase>
</testsuite>
