<?xml version="1.0" encoding="utf-8"?>
<testsuite failures="1" name="SoftwareManagement.sm_apt_install_remove_with_version" skipped="0" tests="1" time="165.68" timestamp="2022-05-24T17:00:31">
	<testcase classname="PySysTest" name="SoftwareManagement.sm_apt_install_remove_with_version">
		<failure message="BLOCKED: SystemError: Timeout while waiting for status FAILED or SUCCESSFUL" type="BLOCKED"/>
		<system-out>16:57:45 INFO  ==============================================================
16:57:45 INFO  Id:    SoftwareManagement.sm_apt_install_remove_with_version
16:57:45 INFO  Dir:   software_management_end_to_end/
16:57:45 INFO  Title: Validate end to end behaviour for the apt plugin for packages with version
16:57:45 INFO  ==============================================================
16:57:45 INFO  Using sw id database: {'asciijump': '5475369', 'robotfindskitten': '5474869', 'squirrel3': '5475279', 'rolldice': '5152439', 'moon-buggy': '5439204', 'apple': '5495053', 'banana': '5494888', 'cherry': '5495382', 'watermelon': '5494510', 'registry': '8018911', 'hello-world': '8021526', 'docker/getting-started': '8021973', 'alpine': '7991792'}
16:57:45 INFO  EnvironmentC8y Setup
16:57:46 INFO  Executed systemctl&lt;serv_mapper1&gt;, exit status 3
16:57:46 INFO  Restarting mosquitto too frequently in the last 10 seconds. It was only up for 5 seconds
16:57:46 INFO  Delaying execution by 6 seconds
16:58:06 INFO  Executed sudo&lt;tedge_connect_c8y&gt;, exit status 0, duration 14 secs
16:58:07 INFO  Executed sudo&lt;tedge_connect_c8y_test&gt;, exit status 0
16:58:08 INFO  Executed systemctl&lt;serv_mosq2&gt;, exit status 0
16:58:08 INFO  Executed systemctl&lt;serv_mapper3&gt;, exit status 0
16:58:10 INFO  State of current operation: PENDING
16:58:12 INFO  State of current operation: PENDING
16:58:15 INFO  State of current operation: PENDING
16:58:17 INFO  State of current operation: PENDING
16:58:19 INFO  State of current operation: PENDING
16:58:22 INFO  State of current operation: PENDING
16:58:24 INFO  State of current operation: PENDING
16:58:26 INFO  State of current operation: PENDING
16:58:28 INFO  State of current operation: PENDING
16:58:30 INFO  State of current operation: PENDING
16:58:33 INFO  State of current operation: PENDING
16:58:35 INFO  State of current operation: PENDING
16:58:37 INFO  State of current operation: PENDING
16:58:39 INFO  State of current operation: PENDING
16:58:42 INFO  State of current operation: PENDING
16:58:44 INFO  State of current operation: PENDING
16:58:46 INFO  State of current operation: PENDING
16:58:48 INFO  State of current operation: PENDING
16:58:51 INFO  State of current operation: PENDING
16:58:53 INFO  State of current operation: PENDING
16:58:55 INFO  State of current operation: PENDING
16:58:57 INFO  State of current operation: PENDING
16:58:59 INFO  State of current operation: PENDING
16:59:02 INFO  State of current operation: PENDING
16:59:04 INFO  State of current operation: PENDING
16:59:06 INFO  State of current operation: PENDING
16:59:08 INFO  State of current operation: PENDING
16:59:11 INFO  State of current operation: PENDING
16:59:13 INFO  State of current operation: PENDING
16:59:15 INFO  State of current operation: PENDING
16:59:17 INFO  State of current operation: PENDING
16:59:20 INFO  State of current operation: PENDING
16:59:22 INFO  State of current operation: PENDING
16:59:24 INFO  State of current operation: PENDING
16:59:26 INFO  State of current operation: PENDING
16:59:29 INFO  State of current operation: PENDING
16:59:31 INFO  State of current operation: PENDING
16:59:33 INFO  State of current operation: PENDING
16:59:35 INFO  State of current operation: PENDING
16:59:37 INFO  State of current operation: PENDING
16:59:40 INFO  State of current operation: PENDING
16:59:42 INFO  State of current operation: PENDING
16:59:44 INFO  State of current operation: PENDING
16:59:47 INFO  State of current operation: PENDING
16:59:49 INFO  State of current operation: PENDING
16:59:51 INFO  State of current operation: PENDING
16:59:53 INFO  State of current operation: PENDING
16:59:55 INFO  State of current operation: PENDING
16:59:58 INFO  State of current operation: PENDING
17:00:00 INFO  State of current operation: PENDING
17:00:02 INFO  State of current operation: PENDING
17:00:04 INFO  State of current operation: PENDING
17:00:07 INFO  State of current operation: PENDING
17:00:09 INFO  State of current operation: PENDING
17:00:11 INFO  State of current operation: PENDING
17:00:13 INFO  State of current operation: PENDING
17:00:16 INFO  State of current operation: PENDING
17:00:18 INFO  State of current operation: PENDING
17:00:20 INFO  State of current operation: PENDING
17:00:22 INFO  State of current operation: PENDING
17:00:24 INFO  State of current operation: PENDING
17:00:26 WARN  SystemError occurred while running test - Timeout while waiting for status FAILED or SUCCESSFUL
Traceback (most recent call last):
  File &quot;/home/pi/env-pysys/lib/python3.7/site-packages/pysys/baserunner.py&quot;, line 1292, in __call__
    self.testObj.setup()
  File &quot;/home/pi/actions-runner/_work/thin-edge.io/thin-edge.io/tests/PySys/software_management_end_to_end/sm_apt_install_remove_with_version/run.py&quot;, line 27, in setup
    super().setup()
  File &quot;/home/pi/actions-runner/_work/thin-edge.io/thin-edge.io/tests/PySys/software_management_end_to_end/environment_sm_management.py&quot;, line 151, in setup
    self.wait_until_end()
  File &quot;/home/pi/actions-runner/_work/thin-edge.io/thin-edge.io/tests/PySys/software_management_end_to_end/environment_sm_management.py&quot;, line 332, in wait_until_end
    self.wait_until_status(&quot;FAILED&quot;, &quot;SUCCESSFUL&quot;)
  File &quot;/home/pi/actions-runner/_work/thin-edge.io/thin-edge.io/tests/PySys/software_management_end_to_end/environment_sm_management.py&quot;, line 381, in wait_until_status
    &quot;Timeout while waiting for status %s or %s&quot; % (status, status2)
SystemError: Timeout while waiting for status FAILED or SUCCESSFUL
17:00:27 WARN  SystemError: Timeout while waiting for status FAILED or SUCCESSFUL ... blocked 
17:00:27 INFO  
17:00:27 INFO  cleanup:
17:00:31 INFO  Executed sudo&lt;tedge_disconnect_c8y&gt;, exit status 0
17:00:31 INFO  Executed systemctl&lt;serv_mapper5&gt;, exit status 3
17:00:31 INFO  
17:00:31 INFO  Test duration: 165.68 secs
17:00:31 INFO  Test final outcome:  BLOCKED
17:00:31 INFO  Test outcome reason: SystemError: Timeout while waiting for status FAILED or SUCCESSFUL
17:00:31 INFO  
</system-out>
	</testcase>
</testsuite>
