<?xml version="1.0" encoding="utf-8"?>
<testsuite failures="1" name="SoftwareManagement.sm_apt_install_remove_multiple_mixed" skipped="0" tests="1" time="177.84" timestamp="2022-07-22T18:39:54">
	<testcase classname="PySysTest" name="SoftwareManagement.sm_apt_install_remove_multiple_mixed">
		<failure message="BLOCKED: SystemError: Timeout while waiting for status SUCCESSFUL or False (+1 other failures)" type="BLOCKED"/>
		<system-out>18:36:56 INFO  ==============================================================
18:36:56 INFO  Id:    SoftwareManagement.sm_apt_install_remove_multiple_mixed
18:36:56 INFO  Dir:   software_management_end_to_end/
18:36:56 INFO  Title: Validate end to end behaviour for the apt plugin for multiple packages with mixed versions
18:36:56 INFO  ==============================================================
18:36:56 INFO  Using sw id database: {'asciijump': '5475369', 'robotfindskitten': '5474869', 'squirrel3': '5475279', 'rolldice': '5152439', 'moon-buggy': '5439204', 'apple': '5495053', 'banana': '5494888', 'cherry': '5495382', 'watermelon': '5494510', 'registry': '8018911', 'hello-world': '8021526', 'docker/getting-started': '8021973', 'alpine': '7991792'}
18:36:56 INFO  EnvironmentC8y Setup
18:36:56 INFO  Executed systemctl&lt;serv_mapper1&gt;, exit status 3
18:36:57 INFO  Restarting mosquitto too frequently in the last 10 seconds. It was only up for 5 seconds
18:36:57 INFO  Delaying execution by 6 seconds
18:37:16 INFO  Executed sudo&lt;tedge_connect_c8y&gt;, exit status 0, duration 13 secs
18:37:17 INFO  Executed sudo&lt;tedge_connect_c8y_test&gt;, exit status 0
18:37:18 INFO  Executed systemctl&lt;serv_mosq2&gt;, exit status 0
18:37:18 INFO  Executed systemctl&lt;serv_mapper3&gt;, exit status 0
18:37:20 INFO  State of current operation: SUCCESSFUL
18:37:21 INFO  Assert that (False == value) with value=False ... passed
18:37:21 INFO  Assert that (False == value) with value=False ... passed
18:37:21 INFO  Assert that (False == value) with value=False ... passed
18:37:21 INFO  Assert that (False == value) with value=False ... passed
18:37:21 INFO  Package moon-buggy is installed
18:37:22 WARN  Assert that (False == value) with value=True ... failed 
18:37:23 INFO  Response status: 201
18:37:23 INFO  Response to action: {
    &quot;creationTime&quot;: &quot;2022-07-22T18:37:23.244Z&quot;,
    &quot;deviceId&quot;: &quot;21300465&quot;,
    &quot;deviceName&quot;: &quot;m32sd10b&quot;,
    &quot;self&quot;: &quot;https://t493319102.eu-latest.cumulocity.com/devicecontrol/operations/21313660&quot;,
    &quot;id&quot;: &quot;21313660&quot;,
    &quot;status&quot;: &quot;PENDING&quot;,
    &quot;description&quot;: &quot;Apply software changes, triggered from PySys: [{'action': 'install', 'id': '5475369', 'name': 'asciijump', 'url': ' ', 'version': '::apt'}, {'action': 'install', 'id': '5474869', 'name': 'robotfindskitten', 'url': ' ', 'version': ' '}, {'action': 'install', 'id': '5475279', 'name': 'squirrel3', 'url': ' ', 'version': '3.1-7::apt'}, {'action': 'install', 'id': '5152439', 'name': 'rolldice', 'url': ' ', 'version': '1.16-1+b1'}, {'action': 'install', 'id': '5439204', 'name': 'moon-buggy', 'url': ' ', 'version': '1:1.0.51-12'}, {'action': 'install', 'id': '5475369', 'name': 'asciijump', 'url': ' ', 'version': '::apt'}]&quot;,
    &quot;c8y_SoftwareUpdate&quot;: [
        {
            &quot;name&quot;: &quot;asciijump&quot;,
            &quot;action&quot;: &quot;install&quot;,
            &quot;id&quot;: &quot;5475369&quot;,
            &quot;version&quot;: &quot;::apt&quot;,
            &quot;url&quot;: &quot; &quot;
        },
        {
            &quot;name&quot;: &quot;robotfindskitten&quot;,
            &quot;action&quot;: &quot;install&quot;,
            &quot;id&quot;: &quot;5474869&quot;,
            &quot;version&quot;: &quot; &quot;,
            &quot;url&quot;: &quot; &quot;
        },
        {
            &quot;name&quot;: &quot;squirrel3&quot;,
            &quot;action&quot;: &quot;install&quot;,
            &quot;id&quot;: &quot;5475279&quot;,
            &quot;version&quot;: &quot;3.1-7::apt&quot;,
            &quot;url&quot;: &quot; &quot;
        },
        {
            &quot;name&quot;: &quot;rolldice&quot;,
            &quot;action&quot;: &quot;install&quot;,
            &quot;id&quot;: &quot;5152439&quot;,
            &quot;version&quot;: &quot;1.16-1+b1&quot;,
            &quot;url&quot;: &quot; &quot;
        },
        {
            &quot;name&quot;: &quot;moon-buggy&quot;,
            &quot;action&quot;: &quot;install&quot;,
            &quot;id&quot;: &quot;5439204&quot;,
            &quot;version&quot;: &quot;1:1.0.51-12&quot;,
            &quot;url&quot;: &quot; &quot;
        },
        {
            &quot;name&quot;: &quot;asciijump&quot;,
            &quot;action&quot;: &quot;install&quot;,
            &quot;id&quot;: &quot;5475369&quot;,
            &quot;version&quot;: &quot;::apt&quot;,
            &quot;url&quot;: &quot; &quot;
        }
    ]
}
18:37:23 INFO  Started operation: {'creationTime': '2022-07-22T18:37:23.244Z', 'deviceId': '21300465', 'deviceName': 'm32sd10b', 'self': 'https://t493319102.eu-latest.cumulocity.com/devicecontrol/operations/21313660', 'id': '21313660', 'status': 'PENDING', 'description': &quot;Apply software changes, triggered from PySys: [{'action': 'install', 'id': '5475369', 'name': 'asciijump', 'url': ' ', 'version': '::apt'}, {'action': 'install', 'id': '5474869', 'name': 'robotfindskitten', 'url': ' ', 'version': ' '}, {'action': 'install', 'id': '5475279', 'name': 'squirrel3', 'url': ' ', 'version': '3.1-7::apt'}, {'action': 'install', 'id': '5152439', 'name': 'rolldice', 'url': ' ', 'version': '1.16-1+b1'}, {'action': 'install', 'id': '5439204', 'name': 'moon-buggy', 'url': ' ', 'version': '1:1.0.51-12'}, {'action': 'install', 'id': '5475369', 'name': 'asciijump', 'url': ' ', 'version': '::apt'}]&quot;, 'c8y_SoftwareUpdate': [{'name': 'asciijump', 'action': 'install', 'id': '5475369', 'version': '::apt', 'url': ' '}, {'name': 'robotfindskitten', 'action': 'install', 'id': '5474869', 'version': ' ', 'url': ' '}, {'name': 'squirrel3', 'action': 'install', 'id': '5475279', 'version': '3.1-7::apt', 'url': ' '}, {'name': 'rolldice', 'action': 'install', 'id': '5152439', 'version': '1.16-1+b1', 'url': ' '}, {'name': 'moon-buggy', 'action': 'install', 'id': '5439204', 'version': '1:1.0.51-12', 'url': ' '}, {'name': 'asciijump', 'action': 'install', 'id': '5475369', 'version': '::apt', 'url': ' '}]}
18:37:25 INFO  State of operation 21313660 : PENDING
18:37:27 INFO  State of operation 21313660 : EXECUTING
18:37:29 INFO  State of operation 21313660 : EXECUTING
18:37:32 INFO  State of operation 21313660 : EXECUTING
18:37:34 INFO  State of operation 21313660 : EXECUTING
18:37:36 INFO  State of operation 21313660 : EXECUTING
18:37:39 INFO  State of operation 21313660 : EXECUTING
18:37:42 INFO  State of operation 21313660 : EXECUTING
18:37:44 INFO  State of operation 21313660 : EXECUTING
18:37:47 INFO  State of operation 21313660 : EXECUTING
18:37:49 INFO  State of operation 21313660 : EXECUTING
18:37:51 INFO  State of operation 21313660 : EXECUTING
18:37:53 INFO  State of operation 21313660 : EXECUTING
18:37:56 INFO  State of operation 21313660 : EXECUTING
18:37:58 INFO  State of operation 21313660 : EXECUTING
18:38:00 INFO  State of operation 21313660 : EXECUTING
18:38:03 INFO  State of operation 21313660 : EXECUTING
18:38:05 INFO  State of operation 21313660 : EXECUTING
18:38:08 INFO  State of operation 21313660 : EXECUTING
18:38:10 INFO  State of operation 21313660 : EXECUTING
18:38:12 INFO  State of operation 21313660 : EXECUTING
18:38:15 INFO  State of operation 21313660 : EXECUTING
18:38:17 INFO  State of operation 21313660 : EXECUTING
18:38:20 INFO  State of operation 21313660 : EXECUTING
18:38:22 INFO  State of operation 21313660 : EXECUTING
18:38:24 INFO  State of operation 21313660 : EXECUTING
18:38:27 INFO  State of operation 21313660 : EXECUTING
18:38:29 INFO  State of operation 21313660 : EXECUTING
18:38:31 INFO  State of operation 21313660 : EXECUTING
18:38:34 INFO  State of operation 21313660 : EXECUTING
18:38:36 INFO  State of operation 21313660 : EXECUTING
18:38:38 INFO  State of operation 21313660 : EXECUTING
18:38:40 INFO  State of operation 21313660 : EXECUTING
18:38:43 INFO  State of operation 21313660 : EXECUTING
18:38:45 INFO  State of operation 21313660 : EXECUTING
18:38:47 INFO  State of operation 21313660 : EXECUTING
18:38:49 INFO  State of operation 21313660 : EXECUTING
18:38:52 INFO  State of operation 21313660 : EXECUTING
18:38:54 INFO  State of operation 21313660 : EXECUTING
18:38:57 INFO  State of operation 21313660 : EXECUTING
18:38:59 INFO  State of operation 21313660 : EXECUTING
18:39:02 INFO  State of operation 21313660 : EXECUTING
18:39:04 INFO  State of operation 21313660 : EXECUTING
18:39:06 INFO  State of operation 21313660 : EXECUTING
18:39:08 INFO  State of operation 21313660 : EXECUTING
18:39:10 INFO  State of operation 21313660 : EXECUTING
18:39:13 INFO  State of operation 21313660 : EXECUTING
18:39:15 INFO  State of operation 21313660 : EXECUTING
18:39:18 INFO  State of operation 21313660 : EXECUTING
18:39:20 INFO  State of operation 21313660 : EXECUTING
18:39:23 INFO  State of operation 21313660 : EXECUTING
18:39:25 INFO  State of operation 21313660 : EXECUTING
18:39:27 INFO  State of operation 21313660 : EXECUTING
18:39:30 INFO  State of operation 21313660 : EXECUTING
18:39:32 INFO  State of operation 21313660 : EXECUTING
18:39:35 INFO  State of operation 21313660 : EXECUTING
18:39:37 INFO  State of operation 21313660 : EXECUTING
18:39:39 INFO  State of operation 21313660 : EXECUTING
18:39:42 INFO  State of operation 21313660 : EXECUTING
18:39:44 INFO  State of operation 21313660 : EXECUTING
18:39:47 INFO  State of operation 21313660 : EXECUTING
18:39:49 WARN  SystemError occurred while running test - Timeout while waiting for status SUCCESSFUL or False
Traceback (most recent call last):
  File &quot;/home/pi/env-pysys/lib/python3.7/site-packages/pysys/baserunner.py&quot;, line 1294, in __call__
    self.testObj.execute()
  File &quot;/home/pi/actions-runner/_work/thin-edge.io/thin-edge.io/tests/PySys/software_management_end_to_end/sm_apt_install_remove_multiple_mixed/run.py&quot;, line 89, in execute
    self.wait_until_succcess()
  File &quot;/home/pi/actions-runner/_work/thin-edge.io/thin-edge.io/tests/PySys/software_management_end_to_end/environment_sm_management.py&quot;, line 324, in wait_until_succcess
    self.wait_until_status(&quot;SUCCESSFUL&quot;)
  File &quot;/home/pi/actions-runner/_work/thin-edge.io/thin-edge.io/tests/PySys/software_management_end_to_end/environment_sm_management.py&quot;, line 381, in wait_until_status
    &quot;Timeout while waiting for status %s or %s&quot; % (status, status2)
SystemError: Timeout while waiting for status SUCCESSFUL or False
18:39:49 WARN  SystemError: Timeout while waiting for status SUCCESSFUL or False ... blocked 
18:39:49 INFO  
18:39:49 INFO  cleanup:
18:39:53 INFO  Executed sudo&lt;tedge_disconnect_c8y&gt;, exit status 0
18:39:54 INFO  Executed systemctl&lt;serv_mapper5&gt;, exit status 3
18:39:54 INFO  
18:39:54 INFO  Test duration: 177.84 secs
18:39:54 INFO  Test final outcome:  BLOCKED
18:39:54 INFO  Test outcome reason: SystemError: Timeout while waiting for status SUCCESSFUL or False (+1 other failures)
18:39:54 INFO  
</system-out>
	</testcase>
</testsuite>
