<?xml version="1.0" encoding="utf-8"?>
<testsuite failures="1" name="SoftwareManagement.sm_apt_install_remove_multiple" skipped="0" tests="1" time="139.56" timestamp="2022-07-22T08:35:31">
	<testcase classname="PySysTest" name="SoftwareManagement.sm_apt_install_remove_multiple">
		<failure message="FAILED: Assert that (False == value) with value=True (+2 other failures)" type="FAILED"/>
		<system-out>08:33:11 INFO  ==============================================================
08:33:11 INFO  Id:    SoftwareManagement.sm_apt_install_remove_multiple
08:33:11 INFO  Dir:   software_management_end_to_end/
08:33:11 INFO  Title: Validate end to end behaviour for the apt plugin for multiple packages
08:33:11 INFO  ==============================================================
08:33:11 INFO  Using sw id database: {'asciijump': '5475369', 'robotfindskitten': '5474869', 'squirrel3': '5475279', 'rolldice': '5152439', 'moon-buggy': '5439204', 'apple': '5495053', 'banana': '5494888', 'cherry': '5495382', 'watermelon': '5494510', 'registry': '8018911', 'hello-world': '8021526', 'docker/getting-started': '8021973', 'alpine': '7991792'}
08:33:11 INFO  EnvironmentC8y Setup
08:33:12 INFO  Executed systemctl&lt;serv_mapper1&gt;, exit status 3
08:33:12 INFO  Restarting mosquitto too frequently in the last 10 seconds. It was only up for 4 seconds
08:33:12 INFO  Delaying execution by 7 seconds
08:33:33 INFO  Executed sudo&lt;tedge_connect_c8y&gt;, exit status 0, duration 14 secs
08:33:34 INFO  Executed sudo&lt;tedge_connect_c8y_test&gt;, exit status 0
08:33:34 INFO  Executed systemctl&lt;serv_mosq2&gt;, exit status 0
08:33:35 INFO  Executed systemctl&lt;serv_mapper3&gt;, exit status 0
08:33:37 INFO  State of current operation: SUCCESSFUL
08:33:37 INFO  Assert that (False == value) with value=False ... passed
08:33:38 INFO  Package asciijump is installed
08:33:38 WARN  Assert that (False == value) with value=True ... failed 
08:33:38 INFO  Package squirrel3 is installed
08:33:38 WARN  Assert that (False == value) with value=True ... failed 
08:33:38 INFO  Package robotfindskitten is installed
08:33:38 WARN  Assert that (False == value) with value=True ... failed 
08:33:39 INFO  Response status: 201
08:33:39 INFO  Response to action: {
    &quot;creationTime&quot;: &quot;2022-07-22T08:33:39.076Z&quot;,
    &quot;deviceId&quot;: &quot;21231013&quot;,
    &quot;deviceName&quot;: &quot;m32sd10b&quot;,
    &quot;self&quot;: &quot;https://t493319102.eu-latest.cumulocity.com/devicecontrol/operations/21266229&quot;,
    &quot;id&quot;: &quot;21266229&quot;,
    &quot;status&quot;: &quot;PENDING&quot;,
    &quot;description&quot;: &quot;Apply software changes, triggered from PySys: [{'action': 'install', 'id': '5475369', 'name': 'asciijump', 'url': ' ', 'version': '::apt'}, {'action': 'install', 'id': '5474869', 'name': 'robotfindskitten', 'url': ' ', 'version': '::apt'}, {'action': 'install', 'id': '5475279', 'name': 'squirrel3', 'url': ' ', 'version': '::apt'}]&quot;,
    &quot;c8y_SoftwareUpdate&quot;: [
        {
            &quot;name&quot;: &quot;asciijump&quot;,
            &quot;action&quot;: &quot;install&quot;,
            &quot;id&quot;: &quot;5475369&quot;,
            &quot;version&quot;: &quot;::apt&quot;,
            &quot;url&quot;: &quot; &quot;
        },
        {
            &quot;name&quot;: &quot;robotfindskitten&quot;,
            &quot;action&quot;: &quot;install&quot;,
            &quot;id&quot;: &quot;5474869&quot;,
            &quot;version&quot;: &quot;::apt&quot;,
            &quot;url&quot;: &quot; &quot;
        },
        {
            &quot;name&quot;: &quot;squirrel3&quot;,
            &quot;action&quot;: &quot;install&quot;,
            &quot;id&quot;: &quot;5475279&quot;,
            &quot;version&quot;: &quot;::apt&quot;,
            &quot;url&quot;: &quot; &quot;
        }
    ]
}
08:33:39 INFO  Started operation: {'creationTime': '2022-07-22T08:33:39.076Z', 'deviceId': '21231013', 'deviceName': 'm32sd10b', 'self': 'https://t493319102.eu-latest.cumulocity.com/devicecontrol/operations/21266229', 'id': '21266229', 'status': 'PENDING', 'description': &quot;Apply software changes, triggered from PySys: [{'action': 'install', 'id': '5475369', 'name': 'asciijump', 'url': ' ', 'version': '::apt'}, {'action': 'install', 'id': '5474869', 'name': 'robotfindskitten', 'url': ' ', 'version': '::apt'}, {'action': 'install', 'id': '5475279', 'name': 'squirrel3', 'url': ' ', 'version': '::apt'}]&quot;, 'c8y_SoftwareUpdate': [{'name': 'asciijump', 'action': 'install', 'id': '5475369', 'version': '::apt', 'url': ' '}, {'name': 'robotfindskitten', 'action': 'install', 'id': '5474869', 'version': '::apt', 'url': ' '}, {'name': 'squirrel3', 'action': 'install', 'id': '5475279', 'version': '::apt', 'url': ' '}]}
08:33:41 INFO  State of operation 21266229 : PENDING
08:33:43 INFO  State of operation 21266229 : EXECUTING
08:33:45 INFO  State of operation 21266229 : EXECUTING
08:33:47 INFO  State of operation 21266229 : EXECUTING
08:33:50 INFO  State of operation 21266229 : EXECUTING
08:33:52 INFO  State of operation 21266229 : EXECUTING
08:33:55 INFO  State of operation 21266229 : EXECUTING
08:33:57 INFO  State of operation 21266229 : EXECUTING
08:34:00 INFO  State of operation 21266229 : EXECUTING
08:34:02 INFO  State of operation 21266229 : EXECUTING
08:34:04 INFO  State of operation 21266229 : EXECUTING
08:34:06 INFO  State of operation 21266229 : EXECUTING
08:34:09 INFO  State of operation 21266229 : EXECUTING
08:34:11 INFO  State of operation 21266229 : EXECUTING
08:34:13 INFO  State of operation 21266229 : EXECUTING
08:34:15 INFO  State of operation 21266229 : SUCCESSFUL
08:34:16 INFO  Assert that (False == value) with value=False ... passed
08:34:16 INFO  Package asciijump is installed
08:34:16 INFO  Assert that (True == value) with value=True ... passed
08:34:16 INFO  Package squirrel3 is installed
08:34:16 INFO  Assert that (True == value) with value=True ... passed
08:34:16 INFO  Package robotfindskitten is installed
08:34:16 INFO  Assert that (True == value) with value=True ... passed
08:34:17 INFO  Response status: 201
08:34:17 INFO  Response to action: {
    &quot;creationTime&quot;: &quot;2022-07-22T08:34:16.955Z&quot;,
    &quot;deviceId&quot;: &quot;21231013&quot;,
    &quot;deviceName&quot;: &quot;m32sd10b&quot;,
    &quot;self&quot;: &quot;https://t493319102.eu-latest.cumulocity.com/devicecontrol/operations/21266241&quot;,
    &quot;id&quot;: &quot;21266241&quot;,
    &quot;status&quot;: &quot;PENDING&quot;,
    &quot;description&quot;: &quot;Apply software changes, triggered from PySys: [{'action': 'delete', 'id': '5475369', 'name': 'asciijump', 'url': ' ', 'version': '::apt'}, {'action': 'delete', 'id': '5474869', 'name': 'robotfindskitten', 'url': ' ', 'version': '::apt'}, {'action': 'delete', 'id': '5475279', 'name': 'squirrel3', 'url': ' ', 'version': '::apt'}]&quot;,
    &quot;c8y_SoftwareUpdate&quot;: [
        {
            &quot;name&quot;: &quot;asciijump&quot;,
            &quot;action&quot;: &quot;delete&quot;,
            &quot;id&quot;: &quot;5475369&quot;,
            &quot;version&quot;: &quot;::apt&quot;,
            &quot;url&quot;: &quot; &quot;
        },
        {
            &quot;name&quot;: &quot;robotfindskitten&quot;,
            &quot;action&quot;: &quot;delete&quot;,
            &quot;id&quot;: &quot;5474869&quot;,
            &quot;version&quot;: &quot;::apt&quot;,
            &quot;url&quot;: &quot; &quot;
        },
        {
            &quot;name&quot;: &quot;squirrel3&quot;,
            &quot;action&quot;: &quot;delete&quot;,
            &quot;id&quot;: &quot;5475279&quot;,
            &quot;version&quot;: &quot;::apt&quot;,
            &quot;url&quot;: &quot; &quot;
        }
    ]
}
08:34:17 INFO  Started operation: {'creationTime': '2022-07-22T08:34:16.955Z', 'deviceId': '21231013', 'deviceName': 'm32sd10b', 'self': 'https://t493319102.eu-latest.cumulocity.com/devicecontrol/operations/21266241', 'id': '21266241', 'status': 'PENDING', 'description': &quot;Apply software changes, triggered from PySys: [{'action': 'delete', 'id': '5475369', 'name': 'asciijump', 'url': ' ', 'version': '::apt'}, {'action': 'delete', 'id': '5474869', 'name': 'robotfindskitten', 'url': ' ', 'version': '::apt'}, {'action': 'delete', 'id': '5475279', 'name': 'squirrel3', 'url': ' ', 'version': '::apt'}]&quot;, 'c8y_SoftwareUpdate': [{'name': 'asciijump', 'action': 'delete', 'id': '5475369', 'version': '::apt', 'url': ' '}, {'name': 'robotfindskitten', 'action': 'delete', 'id': '5474869', 'version': '::apt', 'url': ' '}, {'name': 'squirrel3', 'action': 'delete', 'id': '5475279', 'version': '::apt', 'url': ' '}]}
08:34:19 INFO  State of operation 21266241 : PENDING
08:34:21 INFO  State of operation 21266241 : EXECUTING
08:34:23 INFO  State of operation 21266241 : EXECUTING
08:34:26 INFO  State of operation 21266241 : EXECUTING
08:34:28 INFO  State of operation 21266241 : EXECUTING
08:34:30 INFO  State of operation 21266241 : EXECUTING
08:34:33 INFO  State of operation 21266241 : EXECUTING
08:34:36 INFO  State of operation 21266241 : EXECUTING
08:34:38 INFO  State of operation 21266241 : EXECUTING
08:34:40 INFO  State of operation 21266241 : EXECUTING
08:34:43 INFO  State of operation 21266241 : EXECUTING
08:34:45 INFO  State of operation 21266241 : EXECUTING
08:34:47 INFO  State of operation 21266241 : EXECUTING
08:34:49 INFO  State of operation 21266241 : EXECUTING
08:34:52 INFO  State of operation 21266241 : EXECUTING
08:34:54 INFO  State of operation 21266241 : EXECUTING
08:34:56 INFO  State of operation 21266241 : EXECUTING
08:34:59 INFO  State of operation 21266241 : EXECUTING
08:35:01 INFO  State of operation 21266241 : EXECUTING
08:35:04 INFO  State of operation 21266241 : EXECUTING
08:35:06 INFO  State of operation 21266241 : EXECUTING
08:35:08 INFO  State of operation 21266241 : EXECUTING
08:35:11 INFO  State of operation 21266241 : EXECUTING
08:35:13 INFO  State of operation 21266241 : EXECUTING
08:35:16 INFO  State of operation 21266241 : EXECUTING
08:35:18 INFO  State of operation 21266241 : EXECUTING
08:35:21 INFO  State of operation 21266241 : EXECUTING
08:35:23 INFO  State of operation 21266241 : EXECUTING
08:35:25 INFO  State of operation 21266241 : SUCCESSFUL
08:35:25 INFO  Assert that (False == value) with value=False ... passed
08:35:26 INFO  Assert that (False == value) with value=False ... passed
08:35:26 INFO  Assert that (False == value) with value=False ... passed
08:35:26 INFO  Assert that (False == value) with value=False ... passed
08:35:26 INFO  
08:35:26 INFO  cleanup:
08:35:30 INFO  Executed sudo&lt;tedge_disconnect_c8y&gt;, exit status 0
08:35:31 INFO  Executed systemctl&lt;serv_mapper5&gt;, exit status 3
08:35:31 INFO  
08:35:31 INFO  Test duration: 139.56 secs
08:35:31 INFO  Test final outcome:  FAILED
08:35:31 INFO  Test outcome reason: Assert that (False == value) with value=True (+2 other failures)
08:35:31 INFO  
</system-out>
	</testcase>
</testsuite>
