<?xml version="1.0" encoding="utf-8"?>
<testsuite failures="1" name="SoftwareManagement.sm_apt_install_remove_multiple" skipped="0" tests="1" time="137.83" timestamp="2022-07-22T18:36:56">
	<testcase classname="PySysTest" name="SoftwareManagement.sm_apt_install_remove_multiple">
		<failure message="FAILED: Assert that (False == value) with value=True (+2 other failures)" type="FAILED"/>
		<system-out>18:34:38 INFO  ==============================================================
18:34:38 INFO  Id:    SoftwareManagement.sm_apt_install_remove_multiple
18:34:38 INFO  Dir:   software_management_end_to_end/
18:34:38 INFO  Title: Validate end to end behaviour for the apt plugin for multiple packages
18:34:38 INFO  ==============================================================
18:34:38 INFO  Using sw id database: {'asciijump': '5475369', 'robotfindskitten': '5474869', 'squirrel3': '5475279', 'rolldice': '5152439', 'moon-buggy': '5439204', 'apple': '5495053', 'banana': '5494888', 'cherry': '5495382', 'watermelon': '5494510', 'registry': '8018911', 'hello-world': '8021526', 'docker/getting-started': '8021973', 'alpine': '7991792'}
18:34:38 INFO  EnvironmentC8y Setup
18:34:38 INFO  Executed systemctl&lt;serv_mapper1&gt;, exit status 3
18:34:39 INFO  Restarting mosquitto too frequently in the last 10 seconds. It was only up for 5 seconds
18:34:39 INFO  Delaying execution by 6 seconds
18:34:59 INFO  Executed sudo&lt;tedge_connect_c8y&gt;, exit status 0, duration 13 secs
18:34:59 INFO  Executed sudo&lt;tedge_connect_c8y_test&gt;, exit status 0
18:35:00 INFO  Executed systemctl&lt;serv_mosq2&gt;, exit status 0
18:35:00 INFO  Executed systemctl&lt;serv_mapper3&gt;, exit status 0
18:35:02 INFO  State of current operation: SUCCESSFUL
18:35:03 INFO  Assert that (False == value) with value=False ... passed
18:35:03 INFO  Package asciijump is installed
18:35:03 WARN  Assert that (False == value) with value=True ... failed 
18:35:03 INFO  Package squirrel3 is installed
18:35:03 WARN  Assert that (False == value) with value=True ... failed 
18:35:04 INFO  Package robotfindskitten is installed
18:35:04 WARN  Assert that (False == value) with value=True ... failed 
18:35:04 INFO  Response status: 201
18:35:04 INFO  Response to action: {
    &quot;delivery&quot;: {
        &quot;log&quot;: [],
        &quot;time&quot;: &quot;2022-07-22T18:35:04.411Z&quot;,
        &quot;status&quot;: &quot;PENDING&quot;
    },
    &quot;creationTime&quot;: &quot;2022-07-22T18:35:04.393Z&quot;,
    &quot;deviceId&quot;: &quot;21300465&quot;,
    &quot;deviceName&quot;: &quot;m32sd10b&quot;,
    &quot;self&quot;: &quot;https://t493319102.eu-latest.cumulocity.com/devicecontrol/operations/21313628&quot;,
    &quot;id&quot;: &quot;21313628&quot;,
    &quot;status&quot;: &quot;PENDING&quot;,
    &quot;description&quot;: &quot;Apply software changes, triggered from PySys: [{'action': 'install', 'id': '5475369', 'name': 'asciijump', 'url': ' ', 'version': '::apt'}, {'action': 'install', 'id': '5474869', 'name': 'robotfindskitten', 'url': ' ', 'version': '::apt'}, {'action': 'install', 'id': '5475279', 'name': 'squirrel3', 'url': ' ', 'version': '::apt'}]&quot;,
    &quot;c8y_SoftwareUpdate&quot;: [
        {
            &quot;name&quot;: &quot;asciijump&quot;,
            &quot;action&quot;: &quot;install&quot;,
            &quot;id&quot;: &quot;5475369&quot;,
            &quot;version&quot;: &quot;::apt&quot;,
            &quot;url&quot;: &quot; &quot;
        },
        {
            &quot;name&quot;: &quot;robotfindskitten&quot;,
            &quot;action&quot;: &quot;install&quot;,
            &quot;id&quot;: &quot;5474869&quot;,
            &quot;version&quot;: &quot;::apt&quot;,
            &quot;url&quot;: &quot; &quot;
        },
        {
            &quot;name&quot;: &quot;squirrel3&quot;,
            &quot;action&quot;: &quot;install&quot;,
            &quot;id&quot;: &quot;5475279&quot;,
            &quot;version&quot;: &quot;::apt&quot;,
            &quot;url&quot;: &quot; &quot;
        }
    ]
}
18:35:04 INFO  Started operation: {'delivery': {'log': [], 'time': '2022-07-22T18:35:04.411Z', 'status': 'PENDING'}, 'creationTime': '2022-07-22T18:35:04.393Z', 'deviceId': '21300465', 'deviceName': 'm32sd10b', 'self': 'https://t493319102.eu-latest.cumulocity.com/devicecontrol/operations/21313628', 'id': '21313628', 'status': 'PENDING', 'description': &quot;Apply software changes, triggered from PySys: [{'action': 'install', 'id': '5475369', 'name': 'asciijump', 'url': ' ', 'version': '::apt'}, {'action': 'install', 'id': '5474869', 'name': 'robotfindskitten', 'url': ' ', 'version': '::apt'}, {'action': 'install', 'id': '5475279', 'name': 'squirrel3', 'url': ' ', 'version': '::apt'}]&quot;, 'c8y_SoftwareUpdate': [{'name': 'asciijump', 'action': 'install', 'id': '5475369', 'version': '::apt', 'url': ' '}, {'name': 'robotfindskitten', 'action': 'install', 'id': '5474869', 'version': '::apt', 'url': ' '}, {'name': 'squirrel3', 'action': 'install', 'id': '5475279', 'version': '::apt', 'url': ' '}]}
18:35:06 INFO  State of operation 21313628 : PENDING
18:35:08 INFO  State of operation 21313628 : EXECUTING
18:35:11 INFO  State of operation 21313628 : EXECUTING
18:35:13 INFO  State of operation 21313628 : EXECUTING
18:35:15 INFO  State of operation 21313628 : EXECUTING
18:35:17 INFO  State of operation 21313628 : EXECUTING
18:35:20 INFO  State of operation 21313628 : EXECUTING
18:35:23 INFO  State of operation 21313628 : EXECUTING
18:35:25 INFO  State of operation 21313628 : EXECUTING
18:35:28 INFO  State of operation 21313628 : EXECUTING
18:35:30 INFO  State of operation 21313628 : EXECUTING
18:35:32 INFO  State of operation 21313628 : EXECUTING
18:35:34 INFO  State of operation 21313628 : EXECUTING
18:35:37 INFO  State of operation 21313628 : EXECUTING
18:35:39 INFO  State of operation 21313628 : EXECUTING
18:35:41 INFO  State of operation 21313628 : SUCCESSFUL
18:35:41 INFO  Assert that (False == value) with value=False ... passed
18:35:42 INFO  Package asciijump is installed
18:35:42 INFO  Assert that (True == value) with value=True ... passed
18:35:42 INFO  Package squirrel3 is installed
18:35:42 INFO  Assert that (True == value) with value=True ... passed
18:35:42 INFO  Package robotfindskitten is installed
18:35:42 INFO  Assert that (True == value) with value=True ... passed
18:35:42 INFO  Response status: 201
18:35:42 INFO  Response to action: {
    &quot;delivery&quot;: {
        &quot;log&quot;: [],
        &quot;time&quot;: &quot;2022-07-22T18:35:42.705Z&quot;,
        &quot;status&quot;: &quot;PENDING&quot;
    },
    &quot;creationTime&quot;: &quot;2022-07-22T18:35:42.689Z&quot;,
    &quot;deviceId&quot;: &quot;21300465&quot;,
    &quot;deviceName&quot;: &quot;m32sd10b&quot;,
    &quot;self&quot;: &quot;https://t493319102.eu-latest.cumulocity.com/devicecontrol/operations/21313644&quot;,
    &quot;id&quot;: &quot;21313644&quot;,
    &quot;status&quot;: &quot;PENDING&quot;,
    &quot;description&quot;: &quot;Apply software changes, triggered from PySys: [{'action': 'delete', 'id': '5475369', 'name': 'asciijump', 'url': ' ', 'version': '::apt'}, {'action': 'delete', 'id': '5474869', 'name': 'robotfindskitten', 'url': ' ', 'version': '::apt'}, {'action': 'delete', 'id': '5475279', 'name': 'squirrel3', 'url': ' ', 'version': '::apt'}]&quot;,
    &quot;c8y_SoftwareUpdate&quot;: [
        {
            &quot;name&quot;: &quot;asciijump&quot;,
            &quot;action&quot;: &quot;delete&quot;,
            &quot;id&quot;: &quot;5475369&quot;,
            &quot;version&quot;: &quot;::apt&quot;,
            &quot;url&quot;: &quot; &quot;
        },
        {
            &quot;name&quot;: &quot;robotfindskitten&quot;,
            &quot;action&quot;: &quot;delete&quot;,
            &quot;id&quot;: &quot;5474869&quot;,
            &quot;version&quot;: &quot;::apt&quot;,
            &quot;url&quot;: &quot; &quot;
        },
        {
            &quot;name&quot;: &quot;squirrel3&quot;,
            &quot;action&quot;: &quot;delete&quot;,
            &quot;id&quot;: &quot;5475279&quot;,
            &quot;version&quot;: &quot;::apt&quot;,
            &quot;url&quot;: &quot; &quot;
        }
    ]
}
18:35:42 INFO  Started operation: {'delivery': {'log': [], 'time': '2022-07-22T18:35:42.705Z', 'status': 'PENDING'}, 'creationTime': '2022-07-22T18:35:42.689Z', 'deviceId': '21300465', 'deviceName': 'm32sd10b', 'self': 'https://t493319102.eu-latest.cumulocity.com/devicecontrol/operations/21313644', 'id': '21313644', 'status': 'PENDING', 'description': &quot;Apply software changes, triggered from PySys: [{'action': 'delete', 'id': '5475369', 'name': 'asciijump', 'url': ' ', 'version': '::apt'}, {'action': 'delete', 'id': '5474869', 'name': 'robotfindskitten', 'url': ' ', 'version': '::apt'}, {'action': 'delete', 'id': '5475279', 'name': 'squirrel3', 'url': ' ', 'version': '::apt'}]&quot;, 'c8y_SoftwareUpdate': [{'name': 'asciijump', 'action': 'delete', 'id': '5475369', 'version': '::apt', 'url': ' '}, {'name': 'robotfindskitten', 'action': 'delete', 'id': '5474869', 'version': '::apt', 'url': ' '}, {'name': 'squirrel3', 'action': 'delete', 'id': '5475279', 'version': '::apt', 'url': ' '}]}
18:35:44 INFO  State of operation 21313644 : PENDING
18:35:47 INFO  State of operation 21313644 : EXECUTING
18:35:49 INFO  State of operation 21313644 : EXECUTING
18:35:51 INFO  State of operation 21313644 : EXECUTING
18:35:53 INFO  State of operation 21313644 : EXECUTING
18:35:56 INFO  State of operation 21313644 : EXECUTING
18:35:58 INFO  State of operation 21313644 : EXECUTING
18:36:01 INFO  State of operation 21313644 : EXECUTING
18:36:04 INFO  State of operation 21313644 : EXECUTING
18:36:06 INFO  State of operation 21313644 : EXECUTING
18:36:08 INFO  State of operation 21313644 : EXECUTING
18:36:10 INFO  State of operation 21313644 : EXECUTING
18:36:13 INFO  State of operation 21313644 : EXECUTING
18:36:15 INFO  State of operation 21313644 : EXECUTING
18:36:17 INFO  State of operation 21313644 : EXECUTING
18:36:19 INFO  State of operation 21313644 : EXECUTING
18:36:22 INFO  State of operation 21313644 : EXECUTING
18:36:25 INFO  State of operation 21313644 : EXECUTING
18:36:27 INFO  State of operation 21313644 : EXECUTING
18:36:29 INFO  State of operation 21313644 : EXECUTING
18:36:32 INFO  State of operation 21313644 : EXECUTING
18:36:34 INFO  State of operation 21313644 : EXECUTING
18:36:36 INFO  State of operation 21313644 : EXECUTING
18:36:38 INFO  State of operation 21313644 : EXECUTING
18:36:41 INFO  State of operation 21313644 : EXECUTING
18:36:43 INFO  State of operation 21313644 : EXECUTING
18:36:46 INFO  State of operation 21313644 : EXECUTING
18:36:48 INFO  State of operation 21313644 : EXECUTING
18:36:50 INFO  State of operation 21313644 : SUCCESSFUL
18:36:50 INFO  Assert that (False == value) with value=False ... passed
18:36:51 INFO  Assert that (False == value) with value=False ... passed
18:36:51 INFO  Assert that (False == value) with value=False ... passed
18:36:51 INFO  Assert that (False == value) with value=False ... passed
18:36:51 INFO  
18:36:51 INFO  cleanup:
18:36:55 INFO  Executed sudo&lt;tedge_disconnect_c8y&gt;, exit status 0
18:36:56 INFO  Executed systemctl&lt;serv_mapper5&gt;, exit status 3
18:36:56 INFO  
18:36:56 INFO  Test duration: 137.83 secs
18:36:56 INFO  Test final outcome:  FAILED
18:36:56 INFO  Test outcome reason: Assert that (False == value) with value=True (+2 other failures)
18:36:56 INFO  
</system-out>
	</testcase>
</testsuite>
