<?xml version="1.0" encoding="utf-8"?>
<testsuite failures="1" name="SoftwareManagement.sm_mixed_install_remove_multiple" skipped="0" tests="1" time="164.97" timestamp="2022-07-22T03:29:15">
	<testcase classname="PySysTest" name="SoftwareManagement.sm_mixed_install_remove_multiple">
		<failure message="BLOCKED: SystemError: Timeout while waiting for status FAILED or SUCCESSFUL" type="BLOCKED"/>
		<system-out>03:26:30 INFO  ==============================================================
03:26:30 INFO  Id:    SoftwareManagement.sm_mixed_install_remove_multiple
03:26:30 INFO  Dir:   software_management_end_to_end/
03:26:30 INFO  Title: Validate end to end behaviour for the dummy-plugin for multiple packages with mixed versions
03:26:30 INFO  ==============================================================
03:26:30 INFO  Using sw id database: {'asciijump': '5475369', 'robotfindskitten': '5474869', 'squirrel3': '5475279', 'rolldice': '5152439', 'moon-buggy': '5439204', 'apple': '5495053', 'banana': '5494888', 'cherry': '5495382', 'watermelon': '5494510', 'registry': '8018911', 'hello-world': '8021526', 'docker/getting-started': '8021973', 'alpine': '7991792'}
03:26:30 INFO  EnvironmentC8y Setup
03:26:30 INFO  Executed systemctl&lt;serv_mapper1&gt;, exit status 3
03:26:30 INFO  Restarting mosquitto too frequently in the last 10 seconds. It was only up for 5 seconds
03:26:30 INFO  Delaying execution by 6 seconds
03:26:50 INFO  Executed sudo&lt;tedge_connect_c8y&gt;, exit status 0, duration 14 secs
03:26:51 INFO  Executed sudo&lt;tedge_connect_c8y_test&gt;, exit status 0
03:26:51 INFO  Executed systemctl&lt;serv_mosq2&gt;, exit status 0
03:26:52 INFO  Executed systemctl&lt;serv_mapper3&gt;, exit status 0
03:26:54 INFO  State of current operation: EXECUTING
03:26:56 INFO  State of current operation: EXECUTING
03:26:58 INFO  State of current operation: EXECUTING
03:27:01 INFO  State of current operation: EXECUTING
03:27:03 INFO  State of current operation: EXECUTING
03:27:05 INFO  State of current operation: EXECUTING
03:27:07 INFO  State of current operation: EXECUTING
03:27:10 INFO  State of current operation: EXECUTING
03:27:12 INFO  State of current operation: EXECUTING
03:27:14 INFO  State of current operation: EXECUTING
03:27:16 INFO  State of current operation: EXECUTING
03:27:19 INFO  State of current operation: EXECUTING
03:27:21 INFO  State of current operation: EXECUTING
03:27:23 INFO  State of current operation: EXECUTING
03:27:25 INFO  State of current operation: EXECUTING
03:27:27 INFO  State of current operation: EXECUTING
03:27:30 INFO  State of current operation: EXECUTING
03:27:32 INFO  State of current operation: EXECUTING
03:27:34 INFO  State of current operation: EXECUTING
03:27:37 INFO  State of current operation: EXECUTING
03:27:39 INFO  State of current operation: EXECUTING
03:27:41 INFO  State of current operation: EXECUTING
03:27:43 INFO  State of current operation: EXECUTING
03:27:45 INFO  State of current operation: EXECUTING
03:27:48 INFO  State of current operation: EXECUTING
03:27:50 INFO  State of current operation: EXECUTING
03:27:52 INFO  State of current operation: EXECUTING
03:27:54 INFO  State of current operation: EXECUTING
03:27:56 INFO  State of current operation: EXECUTING
03:27:59 INFO  State of current operation: EXECUTING
03:28:01 INFO  State of current operation: EXECUTING
03:28:03 INFO  State of current operation: EXECUTING
03:28:05 INFO  State of current operation: EXECUTING
03:28:08 INFO  State of current operation: EXECUTING
03:28:10 INFO  State of current operation: EXECUTING
03:28:12 INFO  State of current operation: EXECUTING
03:28:14 INFO  State of current operation: EXECUTING
03:28:17 INFO  State of current operation: EXECUTING
03:28:19 INFO  State of current operation: EXECUTING
03:28:21 INFO  State of current operation: EXECUTING
03:28:23 INFO  State of current operation: EXECUTING
03:28:26 INFO  State of current operation: EXECUTING
03:28:28 INFO  State of current operation: EXECUTING
03:28:30 INFO  State of current operation: EXECUTING
03:28:32 INFO  State of current operation: EXECUTING
03:28:34 INFO  State of current operation: EXECUTING
03:28:37 INFO  State of current operation: EXECUTING
03:28:39 INFO  State of current operation: EXECUTING
03:28:41 INFO  State of current operation: EXECUTING
03:28:43 INFO  State of current operation: EXECUTING
03:28:46 INFO  State of current operation: EXECUTING
03:28:48 INFO  State of current operation: EXECUTING
03:28:50 INFO  State of current operation: EXECUTING
03:28:52 INFO  State of current operation: EXECUTING
03:28:54 INFO  State of current operation: EXECUTING
03:28:57 INFO  State of current operation: EXECUTING
03:28:59 INFO  State of current operation: EXECUTING
03:29:01 INFO  State of current operation: EXECUTING
03:29:03 INFO  State of current operation: EXECUTING
03:29:06 INFO  State of current operation: EXECUTING
03:29:08 INFO  State of current operation: EXECUTING
03:29:10 WARN  SystemError occurred while running test - Timeout while waiting for status FAILED or SUCCESSFUL
Traceback (most recent call last):
  File &quot;/home/pi/env-pysys/lib/python3.7/site-packages/pysys/baserunner.py&quot;, line 1292, in __call__
    self.testObj.setup()
  File &quot;/home/pi/actions-runner/_work/thin-edge.io/thin-edge.io/tests/PySys/software_management_end_to_end/sm_mixed_install_remove_multiple/run.py&quot;, line 83, in setup
    super().setup()
  File &quot;/home/pi/actions-runner/_work/thin-edge.io/thin-edge.io/tests/PySys/software_management_end_to_end/environment_sm_management.py&quot;, line 151, in setup
    self.wait_until_end()
  File &quot;/home/pi/actions-runner/_work/thin-edge.io/thin-edge.io/tests/PySys/software_management_end_to_end/environment_sm_management.py&quot;, line 332, in wait_until_end
    self.wait_until_status(&quot;FAILED&quot;, &quot;SUCCESSFUL&quot;)
  File &quot;/home/pi/actions-runner/_work/thin-edge.io/thin-edge.io/tests/PySys/software_management_end_to_end/environment_sm_management.py&quot;, line 381, in wait_until_status
    &quot;Timeout while waiting for status %s or %s&quot; % (status, status2)
SystemError: Timeout while waiting for status FAILED or SUCCESSFUL
03:29:10 WARN  SystemError: Timeout while waiting for status FAILED or SUCCESSFUL ... blocked 
03:29:10 INFO  
03:29:10 INFO  cleanup:
03:29:14 INFO  Executed sudo&lt;tedge_disconnect_c8y&gt;, exit status 0
03:29:14 INFO  Executed systemctl&lt;serv_mapper5&gt;, exit status 3
03:29:14 INFO  
03:29:14 INFO  Test duration: 164.97 secs
03:29:14 INFO  Test final outcome:  BLOCKED
03:29:14 INFO  Test outcome reason: SystemError: Timeout while waiting for status FAILED or SUCCESSFUL
03:29:14 INFO  
</system-out>
	</testcase>
</testsuite>
