<?xml version="1.0" encoding="utf-8"?>
<testsuite failures="1" name="SoftwareManagement.sm_apt_install_remove_multiple" skipped="0" tests="1" time="138.9" timestamp="2022-07-16T18:27:14">
	<testcase classname="PySysTest" name="SoftwareManagement.sm_apt_install_remove_multiple">
		<failure message="FAILED: Assert that (False == value) with value=True (+2 other failures)" type="FAILED"/>
		<system-out>18:24:55 INFO  ==============================================================
18:24:55 INFO  Id:    SoftwareManagement.sm_apt_install_remove_multiple
18:24:55 INFO  Dir:   software_management_end_to_end/
18:24:55 INFO  Title: Validate end to end behaviour for the apt plugin for multiple packages
18:24:55 INFO  ==============================================================
18:24:55 INFO  Using sw id database: {'asciijump': '5475369', 'robotfindskitten': '5474869', 'squirrel3': '5475279', 'rolldice': '5152439', 'moon-buggy': '5439204', 'apple': '5495053', 'banana': '5494888', 'cherry': '5495382', 'watermelon': '5494510', 'registry': '8018911', 'hello-world': '8021526', 'docker/getting-started': '8021973', 'alpine': '7991792'}
18:24:55 INFO  EnvironmentC8y Setup
18:24:55 INFO  Executed systemctl&lt;serv_mapper1&gt;, exit status 3
18:24:55 INFO  Restarting mosquitto too frequently in the last 10 seconds. It was only up for 5 seconds
18:24:55 INFO  Delaying execution by 6 seconds
18:25:16 INFO  Executed sudo&lt;tedge_connect_c8y&gt;, exit status 0, duration 14 secs
18:25:16 INFO  Executed sudo&lt;tedge_connect_c8y_test&gt;, exit status 0
18:25:17 INFO  Executed systemctl&lt;serv_mosq2&gt;, exit status 0
18:25:17 INFO  Executed systemctl&lt;serv_mapper3&gt;, exit status 0
18:25:20 INFO  State of current operation: SUCCESSFUL
18:25:20 INFO  Assert that (False == value) with value=False ... passed
18:25:20 INFO  Package asciijump is installed
18:25:20 WARN  Assert that (False == value) with value=True ... failed 
18:25:21 INFO  Package squirrel3 is installed
18:25:21 WARN  Assert that (False == value) with value=True ... failed 
18:25:21 INFO  Package robotfindskitten is installed
18:25:21 WARN  Assert that (False == value) with value=True ... failed 
18:25:21 INFO  Response status: 201
18:25:21 INFO  Response to action: {
    &quot;delivery&quot;: {
        &quot;log&quot;: [],
        &quot;time&quot;: &quot;2022-07-16T18:25:21.572Z&quot;,
        &quot;status&quot;: &quot;PENDING&quot;
    },
    &quot;creationTime&quot;: &quot;2022-07-16T18:25:21.556Z&quot;,
    &quot;deviceName&quot;: &quot;m32sd10b&quot;,
    &quot;deviceId&quot;: &quot;20961416&quot;,
    &quot;self&quot;: &quot;https://t493319102.eu-latest.cumulocity.com/devicecontrol/operations/20974354&quot;,
    &quot;id&quot;: &quot;20974354&quot;,
    &quot;status&quot;: &quot;PENDING&quot;,
    &quot;description&quot;: &quot;Apply software changes, triggered from PySys: [{'action': 'install', 'id': '5475369', 'name': 'asciijump', 'url': ' ', 'version': '::apt'}, {'action': 'install', 'id': '5474869', 'name': 'robotfindskitten', 'url': ' ', 'version': '::apt'}, {'action': 'install', 'id': '5475279', 'name': 'squirrel3', 'url': ' ', 'version': '::apt'}]&quot;,
    &quot;c8y_SoftwareUpdate&quot;: [
        {
            &quot;name&quot;: &quot;asciijump&quot;,
            &quot;action&quot;: &quot;install&quot;,
            &quot;id&quot;: &quot;5475369&quot;,
            &quot;version&quot;: &quot;::apt&quot;,
            &quot;url&quot;: &quot; &quot;
        },
        {
            &quot;name&quot;: &quot;robotfindskitten&quot;,
            &quot;action&quot;: &quot;install&quot;,
            &quot;id&quot;: &quot;5474869&quot;,
            &quot;version&quot;: &quot;::apt&quot;,
            &quot;url&quot;: &quot; &quot;
        },
        {
            &quot;name&quot;: &quot;squirrel3&quot;,
            &quot;action&quot;: &quot;install&quot;,
            &quot;id&quot;: &quot;5475279&quot;,
            &quot;version&quot;: &quot;::apt&quot;,
            &quot;url&quot;: &quot; &quot;
        }
    ]
}
18:25:21 INFO  Started operation: {'delivery': {'log': [], 'time': '2022-07-16T18:25:21.572Z', 'status': 'PENDING'}, 'creationTime': '2022-07-16T18:25:21.556Z', 'deviceName': 'm32sd10b', 'deviceId': '20961416', 'self': 'https://t493319102.eu-latest.cumulocity.com/devicecontrol/operations/20974354', 'id': '20974354', 'status': 'PENDING', 'description': &quot;Apply software changes, triggered from PySys: [{'action': 'install', 'id': '5475369', 'name': 'asciijump', 'url': ' ', 'version': '::apt'}, {'action': 'install', 'id': '5474869', 'name': 'robotfindskitten', 'url': ' ', 'version': '::apt'}, {'action': 'install', 'id': '5475279', 'name': 'squirrel3', 'url': ' ', 'version': '::apt'}]&quot;, 'c8y_SoftwareUpdate': [{'name': 'asciijump', 'action': 'install', 'id': '5475369', 'version': '::apt', 'url': ' '}, {'name': 'robotfindskitten', 'action': 'install', 'id': '5474869', 'version': '::apt', 'url': ' '}, {'name': 'squirrel3', 'action': 'install', 'id': '5475279', 'version': '::apt', 'url': ' '}]}
18:25:23 INFO  State of operation 20974354 : PENDING
18:25:26 INFO  State of operation 20974354 : EXECUTING
18:25:28 INFO  State of operation 20974354 : EXECUTING
18:25:30 INFO  State of operation 20974354 : EXECUTING
18:25:32 INFO  State of operation 20974354 : EXECUTING
18:25:34 INFO  State of operation 20974354 : EXECUTING
18:25:37 INFO  State of operation 20974354 : EXECUTING
18:25:40 INFO  State of operation 20974354 : EXECUTING
18:25:42 INFO  State of operation 20974354 : EXECUTING
18:25:45 INFO  State of operation 20974354 : EXECUTING
18:25:47 INFO  State of operation 20974354 : EXECUTING
18:25:49 INFO  State of operation 20974354 : EXECUTING
18:25:51 INFO  State of operation 20974354 : EXECUTING
18:25:54 INFO  State of operation 20974354 : EXECUTING
18:25:56 INFO  State of operation 20974354 : EXECUTING
18:25:58 INFO  State of operation 20974354 : SUCCESSFUL
18:25:58 INFO  Assert that (False == value) with value=False ... passed
18:25:59 INFO  Package asciijump is installed
18:25:59 INFO  Assert that (True == value) with value=True ... passed
18:25:59 INFO  Package squirrel3 is installed
18:25:59 INFO  Assert that (True == value) with value=True ... passed
18:25:59 INFO  Package robotfindskitten is installed
18:25:59 INFO  Assert that (True == value) with value=True ... passed
18:25:59 INFO  Response status: 201
18:25:59 INFO  Response to action: {
    &quot;delivery&quot;: {
        &quot;log&quot;: [],
        &quot;time&quot;: &quot;2022-07-16T18:25:59.731Z&quot;,
        &quot;status&quot;: &quot;PENDING&quot;
    },
    &quot;creationTime&quot;: &quot;2022-07-16T18:25:59.712Z&quot;,
    &quot;deviceName&quot;: &quot;m32sd10b&quot;,
    &quot;deviceId&quot;: &quot;20961416&quot;,
    &quot;self&quot;: &quot;https://t493319102.eu-latest.cumulocity.com/devicecontrol/operations/20974370&quot;,
    &quot;id&quot;: &quot;20974370&quot;,
    &quot;status&quot;: &quot;PENDING&quot;,
    &quot;description&quot;: &quot;Apply software changes, triggered from PySys: [{'action': 'delete', 'id': '5475369', 'name': 'asciijump', 'url': ' ', 'version': '::apt'}, {'action': 'delete', 'id': '5474869', 'name': 'robotfindskitten', 'url': ' ', 'version': '::apt'}, {'action': 'delete', 'id': '5475279', 'name': 'squirrel3', 'url': ' ', 'version': '::apt'}]&quot;,
    &quot;c8y_SoftwareUpdate&quot;: [
        {
            &quot;name&quot;: &quot;asciijump&quot;,
            &quot;action&quot;: &quot;delete&quot;,
            &quot;id&quot;: &quot;5475369&quot;,
            &quot;version&quot;: &quot;::apt&quot;,
            &quot;url&quot;: &quot; &quot;
        },
        {
            &quot;name&quot;: &quot;robotfindskitten&quot;,
            &quot;action&quot;: &quot;delete&quot;,
            &quot;id&quot;: &quot;5474869&quot;,
            &quot;version&quot;: &quot;::apt&quot;,
            &quot;url&quot;: &quot; &quot;
        },
        {
            &quot;name&quot;: &quot;squirrel3&quot;,
            &quot;action&quot;: &quot;delete&quot;,
            &quot;id&quot;: &quot;5475279&quot;,
            &quot;version&quot;: &quot;::apt&quot;,
            &quot;url&quot;: &quot; &quot;
        }
    ]
}
18:25:59 INFO  Started operation: {'delivery': {'log': [], 'time': '2022-07-16T18:25:59.731Z', 'status': 'PENDING'}, 'creationTime': '2022-07-16T18:25:59.712Z', 'deviceName': 'm32sd10b', 'deviceId': '20961416', 'self': 'https://t493319102.eu-latest.cumulocity.com/devicecontrol/operations/20974370', 'id': '20974370', 'status': 'PENDING', 'description': &quot;Apply software changes, triggered from PySys: [{'action': 'delete', 'id': '5475369', 'name': 'asciijump', 'url': ' ', 'version': '::apt'}, {'action': 'delete', 'id': '5474869', 'name': 'robotfindskitten', 'url': ' ', 'version': '::apt'}, {'action': 'delete', 'id': '5475279', 'name': 'squirrel3', 'url': ' ', 'version': '::apt'}]&quot;, 'c8y_SoftwareUpdate': [{'name': 'asciijump', 'action': 'delete', 'id': '5475369', 'version': '::apt', 'url': ' '}, {'name': 'robotfindskitten', 'action': 'delete', 'id': '5474869', 'version': '::apt', 'url': ' '}, {'name': 'squirrel3', 'action': 'delete', 'id': '5475279', 'version': '::apt', 'url': ' '}]}
18:26:01 INFO  State of operation 20974370 : PENDING
18:26:04 INFO  State of operation 20974370 : EXECUTING
18:26:06 INFO  State of operation 20974370 : EXECUTING
18:26:08 INFO  State of operation 20974370 : EXECUTING
18:26:10 INFO  State of operation 20974370 : EXECUTING
18:26:13 INFO  State of operation 20974370 : EXECUTING
18:26:15 INFO  State of operation 20974370 : EXECUTING
18:26:18 INFO  State of operation 20974370 : EXECUTING
18:26:21 INFO  State of operation 20974370 : EXECUTING
18:26:23 INFO  State of operation 20974370 : EXECUTING
18:26:25 INFO  State of operation 20974370 : EXECUTING
18:26:27 INFO  State of operation 20974370 : EXECUTING
18:26:30 INFO  State of operation 20974370 : EXECUTING
18:26:32 INFO  State of operation 20974370 : EXECUTING
18:26:34 INFO  State of operation 20974370 : EXECUTING
18:26:36 INFO  State of operation 20974370 : EXECUTING
18:26:39 INFO  State of operation 20974370 : EXECUTING
18:26:41 INFO  State of operation 20974370 : EXECUTING
18:26:44 INFO  State of operation 20974370 : EXECUTING
18:26:46 INFO  State of operation 20974370 : EXECUTING
18:26:48 INFO  State of operation 20974370 : EXECUTING
18:26:51 INFO  State of operation 20974370 : EXECUTING
18:26:53 INFO  State of operation 20974370 : EXECUTING
18:26:55 INFO  State of operation 20974370 : EXECUTING
18:26:58 INFO  State of operation 20974370 : EXECUTING
18:27:01 INFO  State of operation 20974370 : EXECUTING
18:27:03 INFO  State of operation 20974370 : EXECUTING
18:27:05 INFO  State of operation 20974370 : EXECUTING
18:27:08 INFO  State of operation 20974370 : SUCCESSFUL
18:27:08 INFO  Assert that (False == value) with value=False ... passed
18:27:08 INFO  Assert that (False == value) with value=False ... passed
18:27:09 INFO  Assert that (False == value) with value=False ... passed
18:27:09 INFO  Assert that (False == value) with value=False ... passed
18:27:09 INFO  
18:27:09 INFO  cleanup:
18:27:13 INFO  Executed sudo&lt;tedge_disconnect_c8y&gt;, exit status 0
18:27:14 INFO  Executed systemctl&lt;serv_mapper5&gt;, exit status 3
18:27:14 INFO  
18:27:14 INFO  Test duration: 138.90 secs
18:27:14 INFO  Test final outcome:  FAILED
18:27:14 INFO  Test outcome reason: Assert that (False == value) with value=True (+2 other failures)
18:27:14 INFO  
</system-out>
	</testcase>
</testsuite>
