<?xml version="1.0" encoding="utf-8"?>
<testsuite failures="0" name="SoftwareManagement.sm_mapper_fail_and_reconnect" skipped="1" tests="1" time="0.04" timestamp="2022-06-20T17:57:54">
	<testcase classname="MapperC8yReceiveLastMessageOnRestart" name="SoftwareManagement.sm_mapper_fail_and_reconnect">
		<skipped message="SKIPPED: instable https://github.com/thin-edge/thin-edge.io/issues/752"/>
		<system-out>17:57:54 INFO  ==============================================================
17:57:54 INFO  Id:    SoftwareManagement.sm_mapper_fail_and_reconnect
17:57:54 INFO  Dir:   software_management_end_to_end/
17:57:54 INFO  Title: Validate the tedge-mapper-sm-c8y for receiving the last message on restart
17:57:54 INFO  ==============================================================
17:57:54 INFO  instable https://github.com/thin-edge/thin-edge.io/issues/752 ... skipped
17:57:54 INFO  
17:57:54 INFO  Test duration: 0.04 secs
17:57:54 INFO  Test final outcome:  SKIPPED
17:57:54 INFO  Test outcome reason: instable https://github.com/thin-edge/thin-edge.io/issues/752
17:57:54 INFO  
</system-out>
	</testcase>
</testsuite>
