<?xml version="1.0" encoding="utf-8"?>
<testsuite failures="1" name="SoftwareManagement.sm_apt_install_remove_multiple" skipped="0" tests="1" time="140.08" timestamp="2022-06-07T12:37:48">
	<testcase classname="PySysTest" name="SoftwareManagement.sm_apt_install_remove_multiple">
		<failure message="FAILED: Assert that (False == value) with value=True (+2 other failures)" type="FAILED"/>
		<system-out>12:35:28 INFO  ==============================================================
12:35:28 INFO  Id:    SoftwareManagement.sm_apt_install_remove_multiple
12:35:28 INFO  Dir:   software_management_end_to_end/
12:35:28 INFO  Title: Validate end to end behaviour for the apt plugin for multiple packages
12:35:28 INFO  ==============================================================
12:35:28 INFO  Using sw id database: {'asciijump': '5475369', 'robotfindskitten': '5474869', 'squirrel3': '5475279', 'rolldice': '5152439', 'moon-buggy': '5439204', 'apple': '5495053', 'banana': '5494888', 'cherry': '5495382', 'watermelon': '5494510', 'registry': '8018911', 'hello-world': '8021526', 'docker/getting-started': '8021973', 'alpine': '7991792'}
12:35:28 INFO  EnvironmentC8y Setup
12:35:28 INFO  Executed systemctl&lt;serv_mapper1&gt;, exit status 3
12:35:28 INFO  Restarting mosquitto too frequently in the last 10 seconds. It was only up for 5 seconds
12:35:28 INFO  Delaying execution by 6 seconds
12:35:49 INFO  Executed sudo&lt;tedge_connect_c8y&gt;, exit status 0, duration 14 secs
12:35:50 INFO  Executed sudo&lt;tedge_connect_c8y_test&gt;, exit status 0
12:35:50 INFO  Executed systemctl&lt;serv_mosq2&gt;, exit status 0
12:35:51 INFO  Executed systemctl&lt;serv_mapper3&gt;, exit status 0
12:35:53 INFO  State of current operation: SUCCESSFUL
12:35:53 INFO  Assert that (False == value) with value=False ... passed
12:35:53 INFO  Package asciijump is installed
12:35:54 WARN  Assert that (False == value) with value=True ... failed 
12:35:54 INFO  Package squirrel3 is installed
12:35:54 WARN  Assert that (False == value) with value=True ... failed 
12:35:54 INFO  Package robotfindskitten is installed
12:35:54 WARN  Assert that (False == value) with value=True ... failed 
12:35:55 INFO  Response status: 201
12:35:55 INFO  Response to action: {
    &quot;delivery&quot;: {
        &quot;log&quot;: [],
        &quot;time&quot;: &quot;2022-06-07T12:35:54.999Z&quot;,
        &quot;status&quot;: &quot;PENDING&quot;
    },
    &quot;creationTime&quot;: &quot;2022-06-07T12:35:54.975Z&quot;,
    &quot;deviceId&quot;: &quot;19918346&quot;,
    &quot;deviceName&quot;: &quot;m32sd10b&quot;,
    &quot;self&quot;: &quot;https://t493319102.eu-latest.cumulocity.com/devicecontrol/operations/20014432&quot;,
    &quot;id&quot;: &quot;20014432&quot;,
    &quot;status&quot;: &quot;PENDING&quot;,
    &quot;description&quot;: &quot;Apply software changes, triggered from PySys: [{'action': 'install', 'id': '5475369', 'name': 'asciijump', 'url': ' ', 'version': '::apt'}, {'action': 'install', 'id': '5474869', 'name': 'robotfindskitten', 'url': ' ', 'version': '::apt'}, {'action': 'install', 'id': '5475279', 'name': 'squirrel3', 'url': ' ', 'version': '::apt'}]&quot;,
    &quot;c8y_SoftwareUpdate&quot;: [
        {
            &quot;name&quot;: &quot;asciijump&quot;,
            &quot;action&quot;: &quot;install&quot;,
            &quot;id&quot;: &quot;5475369&quot;,
            &quot;version&quot;: &quot;::apt&quot;,
            &quot;url&quot;: &quot; &quot;
        },
        {
            &quot;name&quot;: &quot;robotfindskitten&quot;,
            &quot;action&quot;: &quot;install&quot;,
            &quot;id&quot;: &quot;5474869&quot;,
            &quot;version&quot;: &quot;::apt&quot;,
            &quot;url&quot;: &quot; &quot;
        },
        {
            &quot;name&quot;: &quot;squirrel3&quot;,
            &quot;action&quot;: &quot;install&quot;,
            &quot;id&quot;: &quot;5475279&quot;,
            &quot;version&quot;: &quot;::apt&quot;,
            &quot;url&quot;: &quot; &quot;
        }
    ]
}
12:35:55 INFO  Started operation: {'delivery': {'log': [], 'time': '2022-06-07T12:35:54.999Z', 'status': 'PENDING'}, 'creationTime': '2022-06-07T12:35:54.975Z', 'deviceId': '19918346', 'deviceName': 'm32sd10b', 'self': 'https://t493319102.eu-latest.cumulocity.com/devicecontrol/operations/20014432', 'id': '20014432', 'status': 'PENDING', 'description': &quot;Apply software changes, triggered from PySys: [{'action': 'install', 'id': '5475369', 'name': 'asciijump', 'url': ' ', 'version': '::apt'}, {'action': 'install', 'id': '5474869', 'name': 'robotfindskitten', 'url': ' ', 'version': '::apt'}, {'action': 'install', 'id': '5475279', 'name': 'squirrel3', 'url': ' ', 'version': '::apt'}]&quot;, 'c8y_SoftwareUpdate': [{'name': 'asciijump', 'action': 'install', 'id': '5475369', 'version': '::apt', 'url': ' '}, {'name': 'robotfindskitten', 'action': 'install', 'id': '5474869', 'version': '::apt', 'url': ' '}, {'name': 'squirrel3', 'action': 'install', 'id': '5475279', 'version': '::apt', 'url': ' '}]}
12:35:57 INFO  State of operation 20014432 : PENDING
12:35:59 INFO  State of operation 20014432 : EXECUTING
12:36:01 INFO  State of operation 20014432 : EXECUTING
12:36:03 INFO  State of operation 20014432 : EXECUTING
12:36:06 INFO  State of operation 20014432 : EXECUTING
12:36:08 INFO  State of operation 20014432 : EXECUTING
12:36:11 INFO  State of operation 20014432 : EXECUTING
12:36:13 INFO  State of operation 20014432 : EXECUTING
12:36:16 INFO  State of operation 20014432 : EXECUTING
12:36:18 INFO  State of operation 20014432 : EXECUTING
12:36:20 INFO  State of operation 20014432 : EXECUTING
12:36:22 INFO  State of operation 20014432 : EXECUTING
12:36:25 INFO  State of operation 20014432 : EXECUTING
12:36:27 INFO  State of operation 20014432 : EXECUTING
12:36:29 INFO  State of operation 20014432 : EXECUTING
12:36:31 INFO  State of operation 20014432 : SUCCESSFUL
12:36:31 INFO  Assert that (False == value) with value=False ... passed
12:36:32 INFO  Package asciijump is installed
12:36:32 INFO  Assert that (True == value) with value=True ... passed
12:36:32 INFO  Package squirrel3 is installed
12:36:32 INFO  Assert that (True == value) with value=True ... passed
12:36:32 INFO  Package robotfindskitten is installed
12:36:32 INFO  Assert that (True == value) with value=True ... passed
12:36:32 INFO  Response status: 201
12:36:32 INFO  Response to action: {
    &quot;delivery&quot;: {
        &quot;log&quot;: [],
        &quot;time&quot;: &quot;2022-06-07T12:36:32.951Z&quot;,
        &quot;status&quot;: &quot;PENDING&quot;
    },
    &quot;creationTime&quot;: &quot;2022-06-07T12:36:32.930Z&quot;,
    &quot;deviceId&quot;: &quot;19918346&quot;,
    &quot;deviceName&quot;: &quot;m32sd10b&quot;,
    &quot;self&quot;: &quot;https://t493319102.eu-latest.cumulocity.com/devicecontrol/operations/20014444&quot;,
    &quot;id&quot;: &quot;20014444&quot;,
    &quot;status&quot;: &quot;PENDING&quot;,
    &quot;description&quot;: &quot;Apply software changes, triggered from PySys: [{'action': 'delete', 'id': '5475369', 'name': 'asciijump', 'url': ' ', 'version': '::apt'}, {'action': 'delete', 'id': '5474869', 'name': 'robotfindskitten', 'url': ' ', 'version': '::apt'}, {'action': 'delete', 'id': '5475279', 'name': 'squirrel3', 'url': ' ', 'version': '::apt'}]&quot;,
    &quot;c8y_SoftwareUpdate&quot;: [
        {
            &quot;name&quot;: &quot;asciijump&quot;,
            &quot;action&quot;: &quot;delete&quot;,
            &quot;id&quot;: &quot;5475369&quot;,
            &quot;version&quot;: &quot;::apt&quot;,
            &quot;url&quot;: &quot; &quot;
        },
        {
            &quot;name&quot;: &quot;robotfindskitten&quot;,
            &quot;action&quot;: &quot;delete&quot;,
            &quot;id&quot;: &quot;5474869&quot;,
            &quot;version&quot;: &quot;::apt&quot;,
            &quot;url&quot;: &quot; &quot;
        },
        {
            &quot;name&quot;: &quot;squirrel3&quot;,
            &quot;action&quot;: &quot;delete&quot;,
            &quot;id&quot;: &quot;5475279&quot;,
            &quot;version&quot;: &quot;::apt&quot;,
            &quot;url&quot;: &quot; &quot;
        }
    ]
}
12:36:32 INFO  Started operation: {'delivery': {'log': [], 'time': '2022-06-07T12:36:32.951Z', 'status': 'PENDING'}, 'creationTime': '2022-06-07T12:36:32.930Z', 'deviceId': '19918346', 'deviceName': 'm32sd10b', 'self': 'https://t493319102.eu-latest.cumulocity.com/devicecontrol/operations/20014444', 'id': '20014444', 'status': 'PENDING', 'description': &quot;Apply software changes, triggered from PySys: [{'action': 'delete', 'id': '5475369', 'name': 'asciijump', 'url': ' ', 'version': '::apt'}, {'action': 'delete', 'id': '5474869', 'name': 'robotfindskitten', 'url': ' ', 'version': '::apt'}, {'action': 'delete', 'id': '5475279', 'name': 'squirrel3', 'url': ' ', 'version': '::apt'}]&quot;, 'c8y_SoftwareUpdate': [{'name': 'asciijump', 'action': 'delete', 'id': '5475369', 'version': '::apt', 'url': ' '}, {'name': 'robotfindskitten', 'action': 'delete', 'id': '5474869', 'version': '::apt', 'url': ' '}, {'name': 'squirrel3', 'action': 'delete', 'id': '5475279', 'version': '::apt', 'url': ' '}]}
12:36:35 INFO  State of operation 20014444 : PENDING
12:36:37 INFO  State of operation 20014444 : EXECUTING
12:36:39 INFO  State of operation 20014444 : EXECUTING
12:36:41 INFO  State of operation 20014444 : EXECUTING
12:36:44 INFO  State of operation 20014444 : EXECUTING
12:36:46 INFO  State of operation 20014444 : EXECUTING
12:36:48 INFO  State of operation 20014444 : EXECUTING
12:36:51 INFO  State of operation 20014444 : EXECUTING
12:36:54 INFO  State of operation 20014444 : EXECUTING
12:36:56 INFO  State of operation 20014444 : EXECUTING
12:36:58 INFO  State of operation 20014444 : EXECUTING
12:37:00 INFO  State of operation 20014444 : EXECUTING
12:37:03 INFO  State of operation 20014444 : EXECUTING
12:37:05 INFO  State of operation 20014444 : EXECUTING
12:37:07 INFO  State of operation 20014444 : EXECUTING
12:37:09 INFO  State of operation 20014444 : EXECUTING
12:37:12 INFO  State of operation 20014444 : EXECUTING
12:37:14 INFO  State of operation 20014444 : EXECUTING
12:37:17 INFO  State of operation 20014444 : EXECUTING
12:37:19 INFO  State of operation 20014444 : EXECUTING
12:37:21 INFO  State of operation 20014444 : EXECUTING
12:37:24 INFO  State of operation 20014444 : EXECUTING
12:37:26 INFO  State of operation 20014444 : EXECUTING
12:37:28 INFO  State of operation 20014444 : EXECUTING
12:37:30 INFO  State of operation 20014444 : EXECUTING
12:37:33 INFO  State of operation 20014444 : EXECUTING
12:37:35 INFO  State of operation 20014444 : EXECUTING
12:37:38 INFO  State of operation 20014444 : EXECUTING
12:37:40 INFO  State of operation 20014444 : EXECUTING
12:37:42 INFO  State of operation 20014444 : SUCCESSFUL
12:37:43 INFO  Assert that (False == value) with value=False ... passed
12:37:43 INFO  Assert that (False == value) with value=False ... passed
12:37:43 INFO  Assert that (False == value) with value=False ... passed
12:37:43 INFO  Assert that (False == value) with value=False ... passed
12:37:43 INFO  
12:37:43 INFO  cleanup:
12:37:47 INFO  Executed sudo&lt;tedge_disconnect_c8y&gt;, exit status 0
12:37:48 INFO  Executed systemctl&lt;serv_mapper5&gt;, exit status 3
12:37:48 INFO  
12:37:48 INFO  Test duration: 140.08 secs
12:37:48 INFO  Test final outcome:  FAILED
12:37:48 INFO  Test outcome reason: Assert that (False == value) with value=True (+2 other failures)
12:37:48 INFO  
</system-out>
	</testcase>
</testsuite>
