<?xml version="1.0" encoding="utf-8"?>
<testsuite failures="1" name="SoftwareManagement.sm_apt_install_remove_multiple" skipped="0" tests="1" time="141.45" timestamp="2022-06-08T14:11:59">
	<testcase classname="PySysTest" name="SoftwareManagement.sm_apt_install_remove_multiple">
		<failure message="FAILED: Assert that (False == value) with value=True (+2 other failures)" type="FAILED"/>
		<system-out>14:09:37 INFO  ==============================================================
14:09:37 INFO  Id:    SoftwareManagement.sm_apt_install_remove_multiple
14:09:37 INFO  Dir:   software_management_end_to_end/
14:09:37 INFO  Title: Validate end to end behaviour for the apt plugin for multiple packages
14:09:37 INFO  ==============================================================
14:09:37 INFO  Using sw id database: {'asciijump': '5475369', 'robotfindskitten': '5474869', 'squirrel3': '5475279', 'rolldice': '5152439', 'moon-buggy': '5439204', 'apple': '5495053', 'banana': '5494888', 'cherry': '5495382', 'watermelon': '5494510', 'registry': '8018911', 'hello-world': '8021526', 'docker/getting-started': '8021973', 'alpine': '7991792'}
14:09:37 INFO  EnvironmentC8y Setup
14:09:38 INFO  Executed systemctl&lt;serv_mapper1&gt;, exit status 3
14:09:38 INFO  Restarting mosquitto too frequently in the last 10 seconds. It was only up for 6 seconds
14:09:38 INFO  Delaying execution by 5 seconds
14:09:58 INFO  Executed sudo&lt;tedge_connect_c8y&gt;, exit status 0, duration 15 secs
14:09:59 INFO  Executed sudo&lt;tedge_connect_c8y_test&gt;, exit status 0
14:09:59 INFO  Executed systemctl&lt;serv_mosq2&gt;, exit status 0
14:10:00 INFO  Executed systemctl&lt;serv_mapper3&gt;, exit status 0
14:10:02 INFO  State of current operation: SUCCESSFUL
14:10:02 INFO  Assert that (False == value) with value=False ... passed
14:10:03 INFO  Package asciijump is installed
14:10:03 WARN  Assert that (False == value) with value=True ... failed 
14:10:03 INFO  Package squirrel3 is installed
14:10:03 WARN  Assert that (False == value) with value=True ... failed 
14:10:04 INFO  Package robotfindskitten is installed
14:10:04 WARN  Assert that (False == value) with value=True ... failed 
14:10:04 INFO  Response status: 201
14:10:04 INFO  Response to action: {
    &quot;delivery&quot;: {
        &quot;log&quot;: [],
        &quot;time&quot;: &quot;2022-06-08T14:10:04.931Z&quot;,
        &quot;status&quot;: &quot;PENDING&quot;
    },
    &quot;creationTime&quot;: &quot;2022-06-08T14:10:04.735Z&quot;,
    &quot;deviceId&quot;: &quot;20013421&quot;,
    &quot;deviceName&quot;: &quot;m32sd10b&quot;,
    &quot;self&quot;: &quot;https://t493319102.eu-latest.cumulocity.com/devicecontrol/operations/20054948&quot;,
    &quot;id&quot;: &quot;20054948&quot;,
    &quot;status&quot;: &quot;PENDING&quot;,
    &quot;description&quot;: &quot;Apply software changes, triggered from PySys: [{'action': 'install', 'id': '5475369', 'name': 'asciijump', 'url': ' ', 'version': '::apt'}, {'action': 'install', 'id': '5474869', 'name': 'robotfindskitten', 'url': ' ', 'version': '::apt'}, {'action': 'install', 'id': '5475279', 'name': 'squirrel3', 'url': ' ', 'version': '::apt'}]&quot;,
    &quot;c8y_SoftwareUpdate&quot;: [
        {
            &quot;name&quot;: &quot;asciijump&quot;,
            &quot;action&quot;: &quot;install&quot;,
            &quot;id&quot;: &quot;5475369&quot;,
            &quot;version&quot;: &quot;::apt&quot;,
            &quot;url&quot;: &quot; &quot;
        },
        {
            &quot;name&quot;: &quot;robotfindskitten&quot;,
            &quot;action&quot;: &quot;install&quot;,
            &quot;id&quot;: &quot;5474869&quot;,
            &quot;version&quot;: &quot;::apt&quot;,
            &quot;url&quot;: &quot; &quot;
        },
        {
            &quot;name&quot;: &quot;squirrel3&quot;,
            &quot;action&quot;: &quot;install&quot;,
            &quot;id&quot;: &quot;5475279&quot;,
            &quot;version&quot;: &quot;::apt&quot;,
            &quot;url&quot;: &quot; &quot;
        }
    ]
}
14:10:04 INFO  Started operation: {'delivery': {'log': [], 'time': '2022-06-08T14:10:04.931Z', 'status': 'PENDING'}, 'creationTime': '2022-06-08T14:10:04.735Z', 'deviceId': '20013421', 'deviceName': 'm32sd10b', 'self': 'https://t493319102.eu-latest.cumulocity.com/devicecontrol/operations/20054948', 'id': '20054948', 'status': 'PENDING', 'description': &quot;Apply software changes, triggered from PySys: [{'action': 'install', 'id': '5475369', 'name': 'asciijump', 'url': ' ', 'version': '::apt'}, {'action': 'install', 'id': '5474869', 'name': 'robotfindskitten', 'url': ' ', 'version': '::apt'}, {'action': 'install', 'id': '5475279', 'name': 'squirrel3', 'url': ' ', 'version': '::apt'}]&quot;, 'c8y_SoftwareUpdate': [{'name': 'asciijump', 'action': 'install', 'id': '5475369', 'version': '::apt', 'url': ' '}, {'name': 'robotfindskitten', 'action': 'install', 'id': '5474869', 'version': '::apt', 'url': ' '}, {'name': 'squirrel3', 'action': 'install', 'id': '5475279', 'version': '::apt', 'url': ' '}]}
14:10:07 INFO  State of operation 20054948 : PENDING
14:10:09 INFO  State of operation 20054948 : EXECUTING
14:10:11 INFO  State of operation 20054948 : EXECUTING
14:10:13 INFO  State of operation 20054948 : EXECUTING
14:10:16 INFO  State of operation 20054948 : EXECUTING
14:10:18 INFO  State of operation 20054948 : EXECUTING
14:10:21 INFO  State of operation 20054948 : EXECUTING
14:10:24 INFO  State of operation 20054948 : EXECUTING
14:10:26 INFO  State of operation 20054948 : EXECUTING
14:10:28 INFO  State of operation 20054948 : EXECUTING
14:10:31 INFO  State of operation 20054948 : EXECUTING
14:10:33 INFO  State of operation 20054948 : EXECUTING
14:10:35 INFO  State of operation 20054948 : EXECUTING
14:10:37 INFO  State of operation 20054948 : EXECUTING
14:10:40 INFO  State of operation 20054948 : EXECUTING
14:10:42 INFO  State of operation 20054948 : SUCCESSFUL
14:10:42 INFO  Assert that (False == value) with value=False ... passed
14:10:42 INFO  Package asciijump is installed
14:10:42 INFO  Assert that (True == value) with value=True ... passed
14:10:42 INFO  Package squirrel3 is installed
14:10:42 INFO  Assert that (True == value) with value=True ... passed
14:10:43 INFO  Package robotfindskitten is installed
14:10:43 INFO  Assert that (True == value) with value=True ... passed
14:10:43 INFO  Response status: 201
14:10:43 INFO  Response to action: {
    &quot;delivery&quot;: {
        &quot;log&quot;: [],
        &quot;time&quot;: &quot;2022-06-08T14:10:43.411Z&quot;,
        &quot;status&quot;: &quot;PENDING&quot;
    },
    &quot;creationTime&quot;: &quot;2022-06-08T14:10:43.394Z&quot;,
    &quot;deviceId&quot;: &quot;20013421&quot;,
    &quot;deviceName&quot;: &quot;m32sd10b&quot;,
    &quot;self&quot;: &quot;https://t493319102.eu-latest.cumulocity.com/devicecontrol/operations/20054957&quot;,
    &quot;id&quot;: &quot;20054957&quot;,
    &quot;status&quot;: &quot;PENDING&quot;,
    &quot;description&quot;: &quot;Apply software changes, triggered from PySys: [{'action': 'delete', 'id': '5475369', 'name': 'asciijump', 'url': ' ', 'version': '::apt'}, {'action': 'delete', 'id': '5474869', 'name': 'robotfindskitten', 'url': ' ', 'version': '::apt'}, {'action': 'delete', 'id': '5475279', 'name': 'squirrel3', 'url': ' ', 'version': '::apt'}]&quot;,
    &quot;c8y_SoftwareUpdate&quot;: [
        {
            &quot;name&quot;: &quot;asciijump&quot;,
            &quot;action&quot;: &quot;delete&quot;,
            &quot;id&quot;: &quot;5475369&quot;,
            &quot;version&quot;: &quot;::apt&quot;,
            &quot;url&quot;: &quot; &quot;
        },
        {
            &quot;name&quot;: &quot;robotfindskitten&quot;,
            &quot;action&quot;: &quot;delete&quot;,
            &quot;id&quot;: &quot;5474869&quot;,
            &quot;version&quot;: &quot;::apt&quot;,
            &quot;url&quot;: &quot; &quot;
        },
        {
            &quot;name&quot;: &quot;squirrel3&quot;,
            &quot;action&quot;: &quot;delete&quot;,
            &quot;id&quot;: &quot;5475279&quot;,
            &quot;version&quot;: &quot;::apt&quot;,
            &quot;url&quot;: &quot; &quot;
        }
    ]
}
14:10:43 INFO  Started operation: {'delivery': {'log': [], 'time': '2022-06-08T14:10:43.411Z', 'status': 'PENDING'}, 'creationTime': '2022-06-08T14:10:43.394Z', 'deviceId': '20013421', 'deviceName': 'm32sd10b', 'self': 'https://t493319102.eu-latest.cumulocity.com/devicecontrol/operations/20054957', 'id': '20054957', 'status': 'PENDING', 'description': &quot;Apply software changes, triggered from PySys: [{'action': 'delete', 'id': '5475369', 'name': 'asciijump', 'url': ' ', 'version': '::apt'}, {'action': 'delete', 'id': '5474869', 'name': 'robotfindskitten', 'url': ' ', 'version': '::apt'}, {'action': 'delete', 'id': '5475279', 'name': 'squirrel3', 'url': ' ', 'version': '::apt'}]&quot;, 'c8y_SoftwareUpdate': [{'name': 'asciijump', 'action': 'delete', 'id': '5475369', 'version': '::apt', 'url': ' '}, {'name': 'robotfindskitten', 'action': 'delete', 'id': '5474869', 'version': '::apt', 'url': ' '}, {'name': 'squirrel3', 'action': 'delete', 'id': '5475279', 'version': '::apt', 'url': ' '}]}
14:10:45 INFO  State of operation 20054957 : PENDING
14:10:47 INFO  State of operation 20054957 : EXECUTING
14:10:50 INFO  State of operation 20054957 : EXECUTING
14:10:52 INFO  State of operation 20054957 : EXECUTING
14:10:54 INFO  State of operation 20054957 : EXECUTING
14:10:56 INFO  State of operation 20054957 : EXECUTING
14:10:59 INFO  State of operation 20054957 : EXECUTING
14:11:02 INFO  State of operation 20054957 : EXECUTING
14:11:04 INFO  State of operation 20054957 : EXECUTING
14:11:06 INFO  State of operation 20054957 : EXECUTING
14:11:08 INFO  State of operation 20054957 : EXECUTING
14:11:11 INFO  State of operation 20054957 : EXECUTING
14:11:13 INFO  State of operation 20054957 : EXECUTING
14:11:15 INFO  State of operation 20054957 : EXECUTING
14:11:17 INFO  State of operation 20054957 : EXECUTING
14:11:20 INFO  State of operation 20054957 : EXECUTING
14:11:22 INFO  State of operation 20054957 : EXECUTING
14:11:24 INFO  State of operation 20054957 : EXECUTING
14:11:27 INFO  State of operation 20054957 : EXECUTING
14:11:30 INFO  State of operation 20054957 : EXECUTING
14:11:32 INFO  State of operation 20054957 : EXECUTING
14:11:34 INFO  State of operation 20054957 : EXECUTING
14:11:37 INFO  State of operation 20054957 : EXECUTING
14:11:39 INFO  State of operation 20054957 : EXECUTING
14:11:41 INFO  State of operation 20054957 : EXECUTING
14:11:44 INFO  State of operation 20054957 : EXECUTING
14:11:46 INFO  State of operation 20054957 : EXECUTING
14:11:48 INFO  State of operation 20054957 : EXECUTING
14:11:51 INFO  State of operation 20054957 : EXECUTING
14:11:53 INFO  State of operation 20054957 : SUCCESSFUL
14:11:53 INFO  Assert that (False == value) with value=False ... passed
14:11:53 INFO  Assert that (False == value) with value=False ... passed
14:11:54 INFO  Assert that (False == value) with value=False ... passed
14:11:54 INFO  Assert that (False == value) with value=False ... passed
14:11:54 INFO  
14:11:54 INFO  cleanup:
14:11:58 INFO  Executed sudo&lt;tedge_disconnect_c8y&gt;, exit status 0
14:11:59 INFO  Executed systemctl&lt;serv_mapper5&gt;, exit status 3
14:11:59 INFO  
14:11:59 INFO  Test duration: 141.45 secs
14:11:59 INFO  Test final outcome:  FAILED
14:11:59 INFO  Test outcome reason: Assert that (False == value) with value=True (+2 other failures)
14:11:59 INFO  
</system-out>
	</testcase>
</testsuite>
