<?xml version="1.0" encoding="utf-8"?>
<testsuite failures="1" name="SoftwareManagement.sm_apt_install_remove_multiple" skipped="0" tests="1" time="139.57" timestamp="2022-07-25T12:59:09">
	<testcase classname="PySysTest" name="SoftwareManagement.sm_apt_install_remove_multiple">
		<failure message="FAILED: Assert that (False == value) with value=True (+2 other failures)" type="FAILED"/>
		<system-out>12:56:49 INFO  ==============================================================
12:56:49 INFO  Id:    SoftwareManagement.sm_apt_install_remove_multiple
12:56:49 INFO  Dir:   software_management_end_to_end/
12:56:49 INFO  Title: Validate end to end behaviour for the apt plugin for multiple packages
12:56:49 INFO  ==============================================================
12:56:49 INFO  Using sw id database: {'asciijump': '5475369', 'robotfindskitten': '5474869', 'squirrel3': '5475279', 'rolldice': '5152439', 'moon-buggy': '5439204', 'apple': '5495053', 'banana': '5494888', 'cherry': '5495382', 'watermelon': '5494510', 'registry': '8018911', 'hello-world': '8021526', 'docker/getting-started': '8021973', 'alpine': '7991792'}
12:56:49 INFO  EnvironmentC8y Setup
12:56:50 INFO  Executed systemctl&lt;serv_mapper1&gt;, exit status 3
12:56:50 INFO  Restarting mosquitto too frequently in the last 10 seconds. It was only up for 4 seconds
12:56:50 INFO  Delaying execution by 7 seconds
12:57:11 INFO  Executed sudo&lt;tedge_connect_c8y&gt;, exit status 0, duration 14 secs
12:57:11 INFO  Executed sudo&lt;tedge_connect_c8y_test&gt;, exit status 0
12:57:12 INFO  Executed systemctl&lt;serv_mosq2&gt;, exit status 0
12:57:12 INFO  Executed systemctl&lt;serv_mapper3&gt;, exit status 0
12:57:15 INFO  State of current operation: SUCCESSFUL
12:57:15 INFO  Assert that (False == value) with value=False ... passed
12:57:15 INFO  Package asciijump is installed
12:57:15 WARN  Assert that (False == value) with value=True ... failed 
12:57:16 INFO  Package squirrel3 is installed
12:57:16 WARN  Assert that (False == value) with value=True ... failed 
12:57:16 INFO  Package robotfindskitten is installed
12:57:16 WARN  Assert that (False == value) with value=True ... failed 
12:57:16 INFO  Response status: 201
12:57:16 INFO  Response to action: {
    &quot;creationTime&quot;: &quot;2022-07-25T12:57:16.590Z&quot;,
    &quot;deviceId&quot;: &quot;21368829&quot;,
    &quot;deviceName&quot;: &quot;m32sd10b&quot;,
    &quot;self&quot;: &quot;https://t493319102.eu-latest.cumulocity.com/devicecontrol/operations/21385652&quot;,
    &quot;id&quot;: &quot;21385652&quot;,
    &quot;status&quot;: &quot;PENDING&quot;,
    &quot;description&quot;: &quot;Apply software changes, triggered from PySys: [{'action': 'install', 'id': '5475369', 'name': 'asciijump', 'url': ' ', 'version': '::apt'}, {'action': 'install', 'id': '5474869', 'name': 'robotfindskitten', 'url': ' ', 'version': '::apt'}, {'action': 'install', 'id': '5475279', 'name': 'squirrel3', 'url': ' ', 'version': '::apt'}]&quot;,
    &quot;c8y_SoftwareUpdate&quot;: [
        {
            &quot;name&quot;: &quot;asciijump&quot;,
            &quot;action&quot;: &quot;install&quot;,
            &quot;id&quot;: &quot;5475369&quot;,
            &quot;version&quot;: &quot;::apt&quot;,
            &quot;url&quot;: &quot; &quot;
        },
        {
            &quot;name&quot;: &quot;robotfindskitten&quot;,
            &quot;action&quot;: &quot;install&quot;,
            &quot;id&quot;: &quot;5474869&quot;,
            &quot;version&quot;: &quot;::apt&quot;,
            &quot;url&quot;: &quot; &quot;
        },
        {
            &quot;name&quot;: &quot;squirrel3&quot;,
            &quot;action&quot;: &quot;install&quot;,
            &quot;id&quot;: &quot;5475279&quot;,
            &quot;version&quot;: &quot;::apt&quot;,
            &quot;url&quot;: &quot; &quot;
        }
    ]
}
12:57:16 INFO  Started operation: {'creationTime': '2022-07-25T12:57:16.590Z', 'deviceId': '21368829', 'deviceName': 'm32sd10b', 'self': 'https://t493319102.eu-latest.cumulocity.com/devicecontrol/operations/21385652', 'id': '21385652', 'status': 'PENDING', 'description': &quot;Apply software changes, triggered from PySys: [{'action': 'install', 'id': '5475369', 'name': 'asciijump', 'url': ' ', 'version': '::apt'}, {'action': 'install', 'id': '5474869', 'name': 'robotfindskitten', 'url': ' ', 'version': '::apt'}, {'action': 'install', 'id': '5475279', 'name': 'squirrel3', 'url': ' ', 'version': '::apt'}]&quot;, 'c8y_SoftwareUpdate': [{'name': 'asciijump', 'action': 'install', 'id': '5475369', 'version': '::apt', 'url': ' '}, {'name': 'robotfindskitten', 'action': 'install', 'id': '5474869', 'version': '::apt', 'url': ' '}, {'name': 'squirrel3', 'action': 'install', 'id': '5475279', 'version': '::apt', 'url': ' '}]}
12:57:18 INFO  State of operation 21385652 : PENDING
12:57:21 INFO  State of operation 21385652 : EXECUTING
12:57:23 INFO  State of operation 21385652 : EXECUTING
12:57:25 INFO  State of operation 21385652 : EXECUTING
12:57:27 INFO  State of operation 21385652 : EXECUTING
12:57:30 INFO  State of operation 21385652 : EXECUTING
12:57:33 INFO  State of operation 21385652 : EXECUTING
12:57:36 INFO  State of operation 21385652 : EXECUTING
12:57:38 INFO  State of operation 21385652 : EXECUTING
12:57:40 INFO  State of operation 21385652 : EXECUTING
12:57:43 INFO  State of operation 21385652 : EXECUTING
12:57:45 INFO  State of operation 21385652 : EXECUTING
12:57:47 INFO  State of operation 21385652 : EXECUTING
12:57:49 INFO  State of operation 21385652 : EXECUTING
12:57:52 INFO  State of operation 21385652 : EXECUTING
12:57:54 INFO  State of operation 21385652 : SUCCESSFUL
12:57:54 INFO  Assert that (False == value) with value=False ... passed
12:57:54 INFO  Package asciijump is installed
12:57:54 INFO  Assert that (True == value) with value=True ... passed
12:57:55 INFO  Package squirrel3 is installed
12:57:55 INFO  Assert that (True == value) with value=True ... passed
12:57:55 INFO  Package robotfindskitten is installed
12:57:55 INFO  Assert that (True == value) with value=True ... passed
12:57:55 INFO  Response status: 201
12:57:55 INFO  Response to action: {
    &quot;creationTime&quot;: &quot;2022-07-25T12:57:55.427Z&quot;,
    &quot;deviceId&quot;: &quot;21368829&quot;,
    &quot;deviceName&quot;: &quot;m32sd10b&quot;,
    &quot;self&quot;: &quot;https://t493319102.eu-latest.cumulocity.com/devicecontrol/operations/21385660&quot;,
    &quot;id&quot;: &quot;21385660&quot;,
    &quot;status&quot;: &quot;PENDING&quot;,
    &quot;description&quot;: &quot;Apply software changes, triggered from PySys: [{'action': 'delete', 'id': '5475369', 'name': 'asciijump', 'url': ' ', 'version': '::apt'}, {'action': 'delete', 'id': '5474869', 'name': 'robotfindskitten', 'url': ' ', 'version': '::apt'}, {'action': 'delete', 'id': '5475279', 'name': 'squirrel3', 'url': ' ', 'version': '::apt'}]&quot;,
    &quot;c8y_SoftwareUpdate&quot;: [
        {
            &quot;name&quot;: &quot;asciijump&quot;,
            &quot;action&quot;: &quot;delete&quot;,
            &quot;id&quot;: &quot;5475369&quot;,
            &quot;version&quot;: &quot;::apt&quot;,
            &quot;url&quot;: &quot; &quot;
        },
        {
            &quot;name&quot;: &quot;robotfindskitten&quot;,
            &quot;action&quot;: &quot;delete&quot;,
            &quot;id&quot;: &quot;5474869&quot;,
            &quot;version&quot;: &quot;::apt&quot;,
            &quot;url&quot;: &quot; &quot;
        },
        {
            &quot;name&quot;: &quot;squirrel3&quot;,
            &quot;action&quot;: &quot;delete&quot;,
            &quot;id&quot;: &quot;5475279&quot;,
            &quot;version&quot;: &quot;::apt&quot;,
            &quot;url&quot;: &quot; &quot;
        }
    ]
}
12:57:55 INFO  Started operation: {'creationTime': '2022-07-25T12:57:55.427Z', 'deviceId': '21368829', 'deviceName': 'm32sd10b', 'self': 'https://t493319102.eu-latest.cumulocity.com/devicecontrol/operations/21385660', 'id': '21385660', 'status': 'PENDING', 'description': &quot;Apply software changes, triggered from PySys: [{'action': 'delete', 'id': '5475369', 'name': 'asciijump', 'url': ' ', 'version': '::apt'}, {'action': 'delete', 'id': '5474869', 'name': 'robotfindskitten', 'url': ' ', 'version': '::apt'}, {'action': 'delete', 'id': '5475279', 'name': 'squirrel3', 'url': ' ', 'version': '::apt'}]&quot;, 'c8y_SoftwareUpdate': [{'name': 'asciijump', 'action': 'delete', 'id': '5475369', 'version': '::apt', 'url': ' '}, {'name': 'robotfindskitten', 'action': 'delete', 'id': '5474869', 'version': '::apt', 'url': ' '}, {'name': 'squirrel3', 'action': 'delete', 'id': '5475279', 'version': '::apt', 'url': ' '}]}
12:57:57 INFO  State of operation 21385660 : PENDING
12:57:59 INFO  State of operation 21385660 : EXECUTING
12:58:02 INFO  State of operation 21385660 : EXECUTING
12:58:04 INFO  State of operation 21385660 : EXECUTING
12:58:06 INFO  State of operation 21385660 : EXECUTING
12:58:08 INFO  State of operation 21385660 : EXECUTING
12:58:11 INFO  State of operation 21385660 : EXECUTING
12:58:14 INFO  State of operation 21385660 : EXECUTING
12:58:16 INFO  State of operation 21385660 : EXECUTING
12:58:19 INFO  State of operation 21385660 : EXECUTING
12:58:21 INFO  State of operation 21385660 : EXECUTING
12:58:23 INFO  State of operation 21385660 : EXECUTING
12:58:25 INFO  State of operation 21385660 : EXECUTING
12:58:28 INFO  State of operation 21385660 : EXECUTING
12:58:30 INFO  State of operation 21385660 : EXECUTING
12:58:32 INFO  State of operation 21385660 : EXECUTING
12:58:35 INFO  State of operation 21385660 : EXECUTING
12:58:37 INFO  State of operation 21385660 : EXECUTING
12:58:40 INFO  State of operation 21385660 : EXECUTING
12:58:42 INFO  State of operation 21385660 : EXECUTING
12:58:44 INFO  State of operation 21385660 : EXECUTING
12:58:47 INFO  State of operation 21385660 : EXECUTING
12:58:49 INFO  State of operation 21385660 : EXECUTING
12:58:51 INFO  State of operation 21385660 : EXECUTING
12:58:54 INFO  State of operation 21385660 : EXECUTING
12:58:56 INFO  State of operation 21385660 : EXECUTING
12:58:58 INFO  State of operation 21385660 : EXECUTING
12:59:01 INFO  State of operation 21385660 : EXECUTING
12:59:03 INFO  State of operation 21385660 : SUCCESSFUL
12:59:03 INFO  Assert that (False == value) with value=False ... passed
12:59:03 INFO  Assert that (False == value) with value=False ... passed
12:59:04 INFO  Assert that (False == value) with value=False ... passed
12:59:04 INFO  Assert that (False == value) with value=False ... passed
12:59:04 INFO  
12:59:04 INFO  cleanup:
12:59:08 INFO  Executed sudo&lt;tedge_disconnect_c8y&gt;, exit status 0
12:59:09 INFO  Executed systemctl&lt;serv_mapper5&gt;, exit status 3
12:59:09 INFO  
12:59:09 INFO  Test duration: 139.57 secs
12:59:09 INFO  Test final outcome:  FAILED
12:59:09 INFO  Test outcome reason: Assert that (False == value) with value=True (+2 other failures)
12:59:09 INFO  
</system-out>
	</testcase>
</testsuite>
