<?xml version="1.0" encoding="utf-8"?>
<testsuite failures="1" name="SoftwareManagement.sm_apt_install_remove_multiple" skipped="0" tests="1" time="139.1" timestamp="2022-06-22T19:52:07">
	<testcase classname="PySysTest" name="SoftwareManagement.sm_apt_install_remove_multiple">
		<failure message="FAILED: Assert that (False == value) with value=True (+2 other failures)" type="FAILED"/>
		<system-out>19:49:48 INFO  ==============================================================
19:49:48 INFO  Id:    SoftwareManagement.sm_apt_install_remove_multiple
19:49:48 INFO  Dir:   software_management_end_to_end/
19:49:48 INFO  Title: Validate end to end behaviour for the apt plugin for multiple packages
19:49:48 INFO  ==============================================================
19:49:48 INFO  Using sw id database: {'asciijump': '5475369', 'robotfindskitten': '5474869', 'squirrel3': '5475279', 'rolldice': '5152439', 'moon-buggy': '5439204', 'apple': '5495053', 'banana': '5494888', 'cherry': '5495382', 'watermelon': '5494510', 'registry': '8018911', 'hello-world': '8021526', 'docker/getting-started': '8021973', 'alpine': '7991792'}
19:49:48 INFO  EnvironmentC8y Setup
19:49:49 INFO  Executed systemctl&lt;serv_mapper1&gt;, exit status 3
19:49:49 INFO  Restarting mosquitto too frequently in the last 10 seconds. It was only up for 4 seconds
19:49:49 INFO  Delaying execution by 7 seconds
19:50:10 INFO  Executed sudo&lt;tedge_connect_c8y&gt;, exit status 0, duration 14 secs
19:50:11 INFO  Executed sudo&lt;tedge_connect_c8y_test&gt;, exit status 0
19:50:11 INFO  Executed systemctl&lt;serv_mosq2&gt;, exit status 0
19:50:12 INFO  Executed systemctl&lt;serv_mapper3&gt;, exit status 0
19:50:14 INFO  State of current operation: SUCCESSFUL
19:50:14 INFO  Assert that (False == value) with value=False ... passed
19:50:15 INFO  Package asciijump is installed
19:50:15 WARN  Assert that (False == value) with value=True ... failed 
19:50:15 INFO  Package squirrel3 is installed
19:50:15 WARN  Assert that (False == value) with value=True ... failed 
19:50:15 INFO  Package robotfindskitten is installed
19:50:15 WARN  Assert that (False == value) with value=True ... failed 
19:50:16 INFO  Response status: 201
19:50:16 INFO  Response to action: {
    &quot;delivery&quot;: {
        &quot;log&quot;: [],
        &quot;time&quot;: &quot;2022-06-22T19:50:16.114Z&quot;,
        &quot;status&quot;: &quot;PENDING&quot;
    },
    &quot;creationTime&quot;: &quot;2022-06-22T19:50:16.098Z&quot;,
    &quot;deviceName&quot;: &quot;m32sd10b&quot;,
    &quot;deviceId&quot;: &quot;20418358&quot;,
    &quot;self&quot;: &quot;https://t493319102.eu-latest.cumulocity.com/devicecontrol/operations/20449522&quot;,
    &quot;id&quot;: &quot;20449522&quot;,
    &quot;status&quot;: &quot;PENDING&quot;,
    &quot;description&quot;: &quot;Apply software changes, triggered from PySys: [{'action': 'install', 'id': '5475369', 'name': 'asciijump', 'url': ' ', 'version': '::apt'}, {'action': 'install', 'id': '5474869', 'name': 'robotfindskitten', 'url': ' ', 'version': '::apt'}, {'action': 'install', 'id': '5475279', 'name': 'squirrel3', 'url': ' ', 'version': '::apt'}]&quot;,
    &quot;c8y_SoftwareUpdate&quot;: [
        {
            &quot;name&quot;: &quot;asciijump&quot;,
            &quot;action&quot;: &quot;install&quot;,
            &quot;id&quot;: &quot;5475369&quot;,
            &quot;version&quot;: &quot;::apt&quot;,
            &quot;url&quot;: &quot; &quot;
        },
        {
            &quot;name&quot;: &quot;robotfindskitten&quot;,
            &quot;action&quot;: &quot;install&quot;,
            &quot;id&quot;: &quot;5474869&quot;,
            &quot;version&quot;: &quot;::apt&quot;,
            &quot;url&quot;: &quot; &quot;
        },
        {
            &quot;name&quot;: &quot;squirrel3&quot;,
            &quot;action&quot;: &quot;install&quot;,
            &quot;id&quot;: &quot;5475279&quot;,
            &quot;version&quot;: &quot;::apt&quot;,
            &quot;url&quot;: &quot; &quot;
        }
    ]
}
19:50:16 INFO  Started operation: {'delivery': {'log': [], 'time': '2022-06-22T19:50:16.114Z', 'status': 'PENDING'}, 'creationTime': '2022-06-22T19:50:16.098Z', 'deviceName': 'm32sd10b', 'deviceId': '20418358', 'self': 'https://t493319102.eu-latest.cumulocity.com/devicecontrol/operations/20449522', 'id': '20449522', 'status': 'PENDING', 'description': &quot;Apply software changes, triggered from PySys: [{'action': 'install', 'id': '5475369', 'name': 'asciijump', 'url': ' ', 'version': '::apt'}, {'action': 'install', 'id': '5474869', 'name': 'robotfindskitten', 'url': ' ', 'version': '::apt'}, {'action': 'install', 'id': '5475279', 'name': 'squirrel3', 'url': ' ', 'version': '::apt'}]&quot;, 'c8y_SoftwareUpdate': [{'name': 'asciijump', 'action': 'install', 'id': '5475369', 'version': '::apt', 'url': ' '}, {'name': 'robotfindskitten', 'action': 'install', 'id': '5474869', 'version': '::apt', 'url': ' '}, {'name': 'squirrel3', 'action': 'install', 'id': '5475279', 'version': '::apt', 'url': ' '}]}
19:50:18 INFO  State of operation 20449522 : PENDING
19:50:20 INFO  State of operation 20449522 : EXECUTING
19:50:22 INFO  State of operation 20449522 : EXECUTING
19:50:25 INFO  State of operation 20449522 : EXECUTING
19:50:27 INFO  State of operation 20449522 : EXECUTING
19:50:29 INFO  State of operation 20449522 : EXECUTING
19:50:32 INFO  State of operation 20449522 : EXECUTING
19:50:35 INFO  State of operation 20449522 : EXECUTING
19:50:37 INFO  State of operation 20449522 : EXECUTING
19:50:39 INFO  State of operation 20449522 : EXECUTING
19:50:41 INFO  State of operation 20449522 : EXECUTING
19:50:44 INFO  State of operation 20449522 : EXECUTING
19:50:46 INFO  State of operation 20449522 : EXECUTING
19:50:48 INFO  State of operation 20449522 : EXECUTING
19:50:50 INFO  State of operation 20449522 : EXECUTING
19:50:53 INFO  State of operation 20449522 : SUCCESSFUL
19:50:53 INFO  Assert that (False == value) with value=False ... passed
19:50:53 INFO  Package asciijump is installed
19:50:53 INFO  Assert that (True == value) with value=True ... passed
19:50:53 INFO  Package squirrel3 is installed
19:50:53 INFO  Assert that (True == value) with value=True ... passed
19:50:53 INFO  Package robotfindskitten is installed
19:50:53 INFO  Assert that (True == value) with value=True ... passed
19:50:54 INFO  Response status: 201
19:50:54 INFO  Response to action: {
    &quot;delivery&quot;: {
        &quot;log&quot;: [],
        &quot;time&quot;: &quot;2022-06-22T19:50:54.204Z&quot;,
        &quot;status&quot;: &quot;PENDING&quot;
    },
    &quot;creationTime&quot;: &quot;2022-06-22T19:50:54.186Z&quot;,
    &quot;deviceName&quot;: &quot;m32sd10b&quot;,
    &quot;deviceId&quot;: &quot;20418358&quot;,
    &quot;self&quot;: &quot;https://t493319102.eu-latest.cumulocity.com/devicecontrol/operations/20449532&quot;,
    &quot;id&quot;: &quot;20449532&quot;,
    &quot;status&quot;: &quot;PENDING&quot;,
    &quot;description&quot;: &quot;Apply software changes, triggered from PySys: [{'action': 'delete', 'id': '5475369', 'name': 'asciijump', 'url': ' ', 'version': '::apt'}, {'action': 'delete', 'id': '5474869', 'name': 'robotfindskitten', 'url': ' ', 'version': '::apt'}, {'action': 'delete', 'id': '5475279', 'name': 'squirrel3', 'url': ' ', 'version': '::apt'}]&quot;,
    &quot;c8y_SoftwareUpdate&quot;: [
        {
            &quot;name&quot;: &quot;asciijump&quot;,
            &quot;action&quot;: &quot;delete&quot;,
            &quot;id&quot;: &quot;5475369&quot;,
            &quot;version&quot;: &quot;::apt&quot;,
            &quot;url&quot;: &quot; &quot;
        },
        {
            &quot;name&quot;: &quot;robotfindskitten&quot;,
            &quot;action&quot;: &quot;delete&quot;,
            &quot;id&quot;: &quot;5474869&quot;,
            &quot;version&quot;: &quot;::apt&quot;,
            &quot;url&quot;: &quot; &quot;
        },
        {
            &quot;name&quot;: &quot;squirrel3&quot;,
            &quot;action&quot;: &quot;delete&quot;,
            &quot;id&quot;: &quot;5475279&quot;,
            &quot;version&quot;: &quot;::apt&quot;,
            &quot;url&quot;: &quot; &quot;
        }
    ]
}
19:50:54 INFO  Started operation: {'delivery': {'log': [], 'time': '2022-06-22T19:50:54.204Z', 'status': 'PENDING'}, 'creationTime': '2022-06-22T19:50:54.186Z', 'deviceName': 'm32sd10b', 'deviceId': '20418358', 'self': 'https://t493319102.eu-latest.cumulocity.com/devicecontrol/operations/20449532', 'id': '20449532', 'status': 'PENDING', 'description': &quot;Apply software changes, triggered from PySys: [{'action': 'delete', 'id': '5475369', 'name': 'asciijump', 'url': ' ', 'version': '::apt'}, {'action': 'delete', 'id': '5474869', 'name': 'robotfindskitten', 'url': ' ', 'version': '::apt'}, {'action': 'delete', 'id': '5475279', 'name': 'squirrel3', 'url': ' ', 'version': '::apt'}]&quot;, 'c8y_SoftwareUpdate': [{'name': 'asciijump', 'action': 'delete', 'id': '5475369', 'version': '::apt', 'url': ' '}, {'name': 'robotfindskitten', 'action': 'delete', 'id': '5474869', 'version': '::apt', 'url': ' '}, {'name': 'squirrel3', 'action': 'delete', 'id': '5475279', 'version': '::apt', 'url': ' '}]}
19:50:56 INFO  State of operation 20449532 : PENDING
19:50:58 INFO  State of operation 20449532 : EXECUTING
19:51:00 INFO  State of operation 20449532 : EXECUTING
19:51:03 INFO  State of operation 20449532 : EXECUTING
19:51:05 INFO  State of operation 20449532 : EXECUTING
19:51:07 INFO  State of operation 20449532 : EXECUTING
19:51:10 INFO  State of operation 20449532 : EXECUTING
19:51:13 INFO  State of operation 20449532 : EXECUTING
19:51:15 INFO  State of operation 20449532 : EXECUTING
19:51:17 INFO  State of operation 20449532 : EXECUTING
19:51:20 INFO  State of operation 20449532 : EXECUTING
19:51:22 INFO  State of operation 20449532 : EXECUTING
19:51:24 INFO  State of operation 20449532 : EXECUTING
19:51:26 INFO  State of operation 20449532 : EXECUTING
19:51:29 INFO  State of operation 20449532 : EXECUTING
19:51:31 INFO  State of operation 20449532 : EXECUTING
19:51:33 INFO  State of operation 20449532 : EXECUTING
19:51:36 INFO  State of operation 20449532 : EXECUTING
19:51:38 INFO  State of operation 20449532 : EXECUTING
19:51:41 INFO  State of operation 20449532 : EXECUTING
19:51:43 INFO  State of operation 20449532 : EXECUTING
19:51:45 INFO  State of operation 20449532 : EXECUTING
19:51:48 INFO  State of operation 20449532 : EXECUTING
19:51:50 INFO  State of operation 20449532 : EXECUTING
19:51:52 INFO  State of operation 20449532 : EXECUTING
19:51:55 INFO  State of operation 20449532 : EXECUTING
19:51:57 INFO  State of operation 20449532 : EXECUTING
19:52:00 INFO  State of operation 20449532 : EXECUTING
19:52:02 INFO  State of operation 20449532 : SUCCESSFUL
19:52:02 INFO  Assert that (False == value) with value=False ... passed
19:52:02 INFO  Assert that (False == value) with value=False ... passed
19:52:03 INFO  Assert that (False == value) with value=False ... passed
19:52:03 INFO  Assert that (False == value) with value=False ... passed
19:52:03 INFO  
19:52:03 INFO  cleanup:
19:52:07 INFO  Executed sudo&lt;tedge_disconnect_c8y&gt;, exit status 0
19:52:07 INFO  Executed systemctl&lt;serv_mapper5&gt;, exit status 3
19:52:07 INFO  
19:52:07 INFO  Test duration: 139.10 secs
19:52:07 INFO  Test final outcome:  FAILED
19:52:07 INFO  Test outcome reason: Assert that (False == value) with value=True (+2 other failures)
19:52:07 INFO  
</system-out>
	</testcase>
</testsuite>
