<?xml version="1.0" encoding="utf-8"?>
<testsuite failures="0" name="SoftwareManagement.sm_mapper_fail_and_reconnect" skipped="1" tests="1" time="0.2" timestamp="2022-07-26T08:38:16">
	<testcase classname="MapperC8yReceiveLastMessageOnRestart" name="SoftwareManagement.sm_mapper_fail_and_reconnect">
		<skipped message="SKIPPED: instable https://github.com/thin-edge/thin-edge.io/issues/752"/>
		<system-out>08:38:15 INFO  ==============================================================
08:38:15 INFO  Id:    SoftwareManagement.sm_mapper_fail_and_reconnect
08:38:15 INFO  Dir:   software_management_end_to_end/
08:38:15 INFO  Title: Validate the tedge-mapper-sm-c8y for receiving the last message on restart
08:38:15 INFO  ==============================================================
08:38:16 INFO  instable https://github.com/thin-edge/thin-edge.io/issues/752 ... skipped
08:38:16 INFO  
08:38:16 INFO  Test duration: 0.20 secs
08:38:16 INFO  Test final outcome:  SKIPPED
08:38:16 INFO  Test outcome reason: instable https://github.com/thin-edge/thin-edge.io/issues/752
08:38:16 INFO  
</system-out>
	</testcase>
</testsuite>
