<?xml version="1.0" encoding="utf-8"?>
<testsuite failures="1" name="SoftwareManagement.sm_apt_install_remove_multiple" skipped="0" tests="1" time="138.86" timestamp="2022-06-20T16:09:16">
	<testcase classname="PySysTest" name="SoftwareManagement.sm_apt_install_remove_multiple">
		<failure message="FAILED: Assert that (False == value) with value=True (+2 other failures)" type="FAILED"/>
		<system-out>16:06:57 INFO  ==============================================================
16:06:57 INFO  Id:    SoftwareManagement.sm_apt_install_remove_multiple
16:06:57 INFO  Dir:   software_management_end_to_end/
16:06:57 INFO  Title: Validate end to end behaviour for the apt plugin for multiple packages
16:06:57 INFO  ==============================================================
16:06:57 INFO  Using sw id database: {'asciijump': '5475369', 'robotfindskitten': '5474869', 'squirrel3': '5475279', 'rolldice': '5152439', 'moon-buggy': '5439204', 'apple': '5495053', 'banana': '5494888', 'cherry': '5495382', 'watermelon': '5494510', 'registry': '8018911', 'hello-world': '8021526', 'docker/getting-started': '8021973', 'alpine': '7991792'}
16:06:57 INFO  EnvironmentC8y Setup
16:06:58 INFO  Executed systemctl&lt;serv_mapper1&gt;, exit status 3
16:06:58 INFO  Restarting mosquitto too frequently in the last 10 seconds. It was only up for 4 seconds
16:06:58 INFO  Delaying execution by 7 seconds
16:07:19 INFO  Executed sudo&lt;tedge_connect_c8y&gt;, exit status 0, duration 14 secs
16:07:20 INFO  Executed sudo&lt;tedge_connect_c8y_test&gt;, exit status 0
16:07:20 INFO  Executed systemctl&lt;serv_mosq2&gt;, exit status 0
16:07:21 INFO  Executed systemctl&lt;serv_mapper3&gt;, exit status 0
16:07:23 INFO  State of current operation: SUCCESSFUL
16:07:23 INFO  Assert that (False == value) with value=False ... passed
16:07:23 INFO  Package asciijump is installed
16:07:24 WARN  Assert that (False == value) with value=True ... failed 
16:07:24 INFO  Package squirrel3 is installed
16:07:24 WARN  Assert that (False == value) with value=True ... failed 
16:07:24 INFO  Package robotfindskitten is installed
16:07:24 WARN  Assert that (False == value) with value=True ... failed 
16:07:24 INFO  Response status: 201
16:07:24 INFO  Response to action: {
    &quot;creationTime&quot;: &quot;2022-06-20T16:07:24.846Z&quot;,
    &quot;deviceName&quot;: &quot;m32sd10b&quot;,
    &quot;deviceId&quot;: &quot;20281697&quot;,
    &quot;self&quot;: &quot;https://t493319102.eu-latest.cumulocity.com/devicecontrol/operations/20349848&quot;,
    &quot;id&quot;: &quot;20349848&quot;,
    &quot;status&quot;: &quot;PENDING&quot;,
    &quot;description&quot;: &quot;Apply software changes, triggered from PySys: [{'action': 'install', 'id': '5475369', 'name': 'asciijump', 'url': ' ', 'version': '::apt'}, {'action': 'install', 'id': '5474869', 'name': 'robotfindskitten', 'url': ' ', 'version': '::apt'}, {'action': 'install', 'id': '5475279', 'name': 'squirrel3', 'url': ' ', 'version': '::apt'}]&quot;,
    &quot;c8y_SoftwareUpdate&quot;: [
        {
            &quot;name&quot;: &quot;asciijump&quot;,
            &quot;action&quot;: &quot;install&quot;,
            &quot;id&quot;: &quot;5475369&quot;,
            &quot;version&quot;: &quot;::apt&quot;,
            &quot;url&quot;: &quot; &quot;
        },
        {
            &quot;name&quot;: &quot;robotfindskitten&quot;,
            &quot;action&quot;: &quot;install&quot;,
            &quot;id&quot;: &quot;5474869&quot;,
            &quot;version&quot;: &quot;::apt&quot;,
            &quot;url&quot;: &quot; &quot;
        },
        {
            &quot;name&quot;: &quot;squirrel3&quot;,
            &quot;action&quot;: &quot;install&quot;,
            &quot;id&quot;: &quot;5475279&quot;,
            &quot;version&quot;: &quot;::apt&quot;,
            &quot;url&quot;: &quot; &quot;
        }
    ]
}
16:07:24 INFO  Started operation: {'creationTime': '2022-06-20T16:07:24.846Z', 'deviceName': 'm32sd10b', 'deviceId': '20281697', 'self': 'https://t493319102.eu-latest.cumulocity.com/devicecontrol/operations/20349848', 'id': '20349848', 'status': 'PENDING', 'description': &quot;Apply software changes, triggered from PySys: [{'action': 'install', 'id': '5475369', 'name': 'asciijump', 'url': ' ', 'version': '::apt'}, {'action': 'install', 'id': '5474869', 'name': 'robotfindskitten', 'url': ' ', 'version': '::apt'}, {'action': 'install', 'id': '5475279', 'name': 'squirrel3', 'url': ' ', 'version': '::apt'}]&quot;, 'c8y_SoftwareUpdate': [{'name': 'asciijump', 'action': 'install', 'id': '5475369', 'version': '::apt', 'url': ' '}, {'name': 'robotfindskitten', 'action': 'install', 'id': '5474869', 'version': '::apt', 'url': ' '}, {'name': 'squirrel3', 'action': 'install', 'id': '5475279', 'version': '::apt', 'url': ' '}]}
16:07:27 INFO  State of operation 20349848 : PENDING
16:07:29 INFO  State of operation 20349848 : EXECUTING
16:07:31 INFO  State of operation 20349848 : EXECUTING
16:07:33 INFO  State of operation 20349848 : EXECUTING
16:07:36 INFO  State of operation 20349848 : EXECUTING
16:07:38 INFO  State of operation 20349848 : EXECUTING
16:07:41 INFO  State of operation 20349848 : EXECUTING
16:07:43 INFO  State of operation 20349848 : EXECUTING
16:07:46 INFO  State of operation 20349848 : EXECUTING
16:07:48 INFO  State of operation 20349848 : EXECUTING
16:07:50 INFO  State of operation 20349848 : EXECUTING
16:07:53 INFO  State of operation 20349848 : EXECUTING
16:07:55 INFO  State of operation 20349848 : EXECUTING
16:07:57 INFO  State of operation 20349848 : EXECUTING
16:07:59 INFO  State of operation 20349848 : EXECUTING
16:08:02 INFO  State of operation 20349848 : SUCCESSFUL
16:08:02 INFO  Assert that (False == value) with value=False ... passed
16:08:02 INFO  Package asciijump is installed
16:08:02 INFO  Assert that (True == value) with value=True ... passed
16:08:02 INFO  Package squirrel3 is installed
16:08:02 INFO  Assert that (True == value) with value=True ... passed
16:08:02 INFO  Package robotfindskitten is installed
16:08:02 INFO  Assert that (True == value) with value=True ... passed
16:08:03 INFO  Response status: 201
16:08:03 INFO  Response to action: {
    &quot;creationTime&quot;: &quot;2022-06-20T16:08:03.123Z&quot;,
    &quot;deviceName&quot;: &quot;m32sd10b&quot;,
    &quot;deviceId&quot;: &quot;20281697&quot;,
    &quot;self&quot;: &quot;https://t493319102.eu-latest.cumulocity.com/devicecontrol/operations/20349859&quot;,
    &quot;id&quot;: &quot;20349859&quot;,
    &quot;status&quot;: &quot;PENDING&quot;,
    &quot;description&quot;: &quot;Apply software changes, triggered from PySys: [{'action': 'delete', 'id': '5475369', 'name': 'asciijump', 'url': ' ', 'version': '::apt'}, {'action': 'delete', 'id': '5474869', 'name': 'robotfindskitten', 'url': ' ', 'version': '::apt'}, {'action': 'delete', 'id': '5475279', 'name': 'squirrel3', 'url': ' ', 'version': '::apt'}]&quot;,
    &quot;c8y_SoftwareUpdate&quot;: [
        {
            &quot;name&quot;: &quot;asciijump&quot;,
            &quot;action&quot;: &quot;delete&quot;,
            &quot;id&quot;: &quot;5475369&quot;,
            &quot;version&quot;: &quot;::apt&quot;,
            &quot;url&quot;: &quot; &quot;
        },
        {
            &quot;name&quot;: &quot;robotfindskitten&quot;,
            &quot;action&quot;: &quot;delete&quot;,
            &quot;id&quot;: &quot;5474869&quot;,
            &quot;version&quot;: &quot;::apt&quot;,
            &quot;url&quot;: &quot; &quot;
        },
        {
            &quot;name&quot;: &quot;squirrel3&quot;,
            &quot;action&quot;: &quot;delete&quot;,
            &quot;id&quot;: &quot;5475279&quot;,
            &quot;version&quot;: &quot;::apt&quot;,
            &quot;url&quot;: &quot; &quot;
        }
    ]
}
16:08:03 INFO  Started operation: {'creationTime': '2022-06-20T16:08:03.123Z', 'deviceName': 'm32sd10b', 'deviceId': '20281697', 'self': 'https://t493319102.eu-latest.cumulocity.com/devicecontrol/operations/20349859', 'id': '20349859', 'status': 'PENDING', 'description': &quot;Apply software changes, triggered from PySys: [{'action': 'delete', 'id': '5475369', 'name': 'asciijump', 'url': ' ', 'version': '::apt'}, {'action': 'delete', 'id': '5474869', 'name': 'robotfindskitten', 'url': ' ', 'version': '::apt'}, {'action': 'delete', 'id': '5475279', 'name': 'squirrel3', 'url': ' ', 'version': '::apt'}]&quot;, 'c8y_SoftwareUpdate': [{'name': 'asciijump', 'action': 'delete', 'id': '5475369', 'version': '::apt', 'url': ' '}, {'name': 'robotfindskitten', 'action': 'delete', 'id': '5474869', 'version': '::apt', 'url': ' '}, {'name': 'squirrel3', 'action': 'delete', 'id': '5475279', 'version': '::apt', 'url': ' '}]}
16:08:05 INFO  State of operation 20349859 : PENDING
16:08:07 INFO  State of operation 20349859 : EXECUTING
16:08:09 INFO  State of operation 20349859 : EXECUTING
16:08:12 INFO  State of operation 20349859 : EXECUTING
16:08:14 INFO  State of operation 20349859 : EXECUTING
16:08:16 INFO  State of operation 20349859 : EXECUTING
16:08:19 INFO  State of operation 20349859 : EXECUTING
16:08:22 INFO  State of operation 20349859 : EXECUTING
16:08:24 INFO  State of operation 20349859 : EXECUTING
16:08:26 INFO  State of operation 20349859 : EXECUTING
16:08:29 INFO  State of operation 20349859 : EXECUTING
16:08:31 INFO  State of operation 20349859 : EXECUTING
16:08:33 INFO  State of operation 20349859 : EXECUTING
16:08:35 INFO  State of operation 20349859 : EXECUTING
16:08:38 INFO  State of operation 20349859 : EXECUTING
16:08:40 INFO  State of operation 20349859 : EXECUTING
16:08:42 INFO  State of operation 20349859 : EXECUTING
16:08:45 INFO  State of operation 20349859 : EXECUTING
16:08:47 INFO  State of operation 20349859 : EXECUTING
16:08:50 INFO  State of operation 20349859 : EXECUTING
16:08:52 INFO  State of operation 20349859 : EXECUTING
16:08:54 INFO  State of operation 20349859 : EXECUTING
16:08:56 INFO  State of operation 20349859 : EXECUTING
16:08:59 INFO  State of operation 20349859 : EXECUTING
16:09:01 INFO  State of operation 20349859 : EXECUTING
16:09:04 INFO  State of operation 20349859 : EXECUTING
16:09:06 INFO  State of operation 20349859 : EXECUTING
16:09:08 INFO  State of operation 20349859 : EXECUTING
16:09:10 INFO  State of operation 20349859 : SUCCESSFUL
16:09:11 INFO  Assert that (False == value) with value=False ... passed
16:09:11 INFO  Assert that (False == value) with value=False ... passed
16:09:11 INFO  Assert that (False == value) with value=False ... passed
16:09:11 INFO  Assert that (False == value) with value=False ... passed
16:09:11 INFO  
16:09:11 INFO  cleanup:
16:09:15 INFO  Executed sudo&lt;tedge_disconnect_c8y&gt;, exit status 0
16:09:16 INFO  Executed systemctl&lt;serv_mapper5&gt;, exit status 3
16:09:16 INFO  
16:09:16 INFO  Test duration: 138.86 secs
16:09:16 INFO  Test final outcome:  FAILED
16:09:16 INFO  Test outcome reason: Assert that (False == value) with value=True (+2 other failures)
16:09:16 INFO  
</system-out>
	</testcase>
</testsuite>
