<?xml version="1.0" encoding="utf-8"?>
<testsuite failures="0" name="SoftwareManagement.sm_mapper_fail_and_reconnect" skipped="1" tests="1" time="0.03" timestamp="2022-07-22T08:45:17">
	<testcase classname="MapperC8yReceiveLastMessageOnRestart" name="SoftwareManagement.sm_mapper_fail_and_reconnect">
		<skipped message="SKIPPED: instable https://github.com/thin-edge/thin-edge.io/issues/752"/>
		<system-out>08:45:17 INFO  ==============================================================
08:45:17 INFO  Id:    SoftwareManagement.sm_mapper_fail_and_reconnect
08:45:17 INFO  Dir:   software_management_end_to_end/
08:45:17 INFO  Title: Validate the tedge-mapper-sm-c8y for receiving the last message on restart
08:45:17 INFO  ==============================================================
08:45:17 INFO  instable https://github.com/thin-edge/thin-edge.io/issues/752 ... skipped
08:45:17 INFO  
08:45:17 INFO  Test duration: 0.03 secs
08:45:17 INFO  Test final outcome:  SKIPPED
08:45:17 INFO  Test outcome reason: instable https://github.com/thin-edge/thin-edge.io/issues/752
08:45:17 INFO  
</system-out>
	</testcase>
</testsuite>
