<?xml version="1.0" encoding="utf-8"?>
<testsuite failures="0" name="SoftwareManagement.sm_mapper_fail_and_reconnect" skipped="1" tests="1" time="0.05" timestamp="2022-07-16T18:36:56">
	<testcase classname="MapperC8yReceiveLastMessageOnRestart" name="SoftwareManagement.sm_mapper_fail_and_reconnect">
		<skipped message="SKIPPED: instable https://github.com/thin-edge/thin-edge.io/issues/752"/>
		<system-out>18:36:56 INFO  ==============================================================
18:36:56 INFO  Id:    SoftwareManagement.sm_mapper_fail_and_reconnect
18:36:56 INFO  Dir:   software_management_end_to_end/
18:36:56 INFO  Title: Validate the tedge-mapper-sm-c8y for receiving the last message on restart
18:36:56 INFO  ==============================================================
18:36:56 INFO  instable https://github.com/thin-edge/thin-edge.io/issues/752 ... skipped
18:36:56 INFO  
18:36:56 INFO  Test duration: 0.05 secs
18:36:56 INFO  Test final outcome:  SKIPPED
18:36:56 INFO  Test outcome reason: instable https://github.com/thin-edge/thin-edge.io/issues/752
18:36:56 INFO  
</system-out>
	</testcase>
</testsuite>
