<?xml version="1.0" encoding="utf-8"?>
<testsuite failures="0" name="SoftwareManagement.sm_mapper_fail_and_reconnect" skipped="1" tests="1" time="0.05" timestamp="2022-07-22T00:18:15">
	<testcase classname="MapperC8yReceiveLastMessageOnRestart" name="SoftwareManagement.sm_mapper_fail_and_reconnect">
		<skipped message="SKIPPED: instable https://github.com/thin-edge/thin-edge.io/issues/752"/>
		<system-out>00:18:15 INFO  ==============================================================
00:18:15 INFO  Id:    SoftwareManagement.sm_mapper_fail_and_reconnect
00:18:15 INFO  Dir:   software_management_end_to_end/
00:18:15 INFO  Title: Validate the tedge-mapper-sm-c8y for receiving the last message on restart
00:18:15 INFO  ==============================================================
00:18:15 INFO  instable https://github.com/thin-edge/thin-edge.io/issues/752 ... skipped
00:18:15 INFO  
00:18:15 INFO  Test duration: 0.05 secs
00:18:15 INFO  Test final outcome:  SKIPPED
00:18:15 INFO  Test outcome reason: instable https://github.com/thin-edge/thin-edge.io/issues/752
00:18:15 INFO  
</system-out>
	</testcase>
</testsuite>
