<?xml version="1.0" encoding="utf-8"?>
<testsuite failures="1" name="SoftwareManagement.sm_apt_install_remove_multiple" skipped="0" tests="1" time="138.66" timestamp="2022-07-22T05:01:16">
	<testcase classname="PySysTest" name="SoftwareManagement.sm_apt_install_remove_multiple">
		<failure message="FAILED: Assert that (False == value) with value=True (+2 other failures)" type="FAILED"/>
		<system-out>04:58:57 INFO  ==============================================================
04:58:57 INFO  Id:    SoftwareManagement.sm_apt_install_remove_multiple
04:58:57 INFO  Dir:   software_management_end_to_end/
04:58:57 INFO  Title: Validate end to end behaviour for the apt plugin for multiple packages
04:58:57 INFO  ==============================================================
04:58:57 INFO  Using sw id database: {'asciijump': '5475369', 'robotfindskitten': '5474869', 'squirrel3': '5475279', 'rolldice': '5152439', 'moon-buggy': '5439204', 'apple': '5495053', 'banana': '5494888', 'cherry': '5495382', 'watermelon': '5494510', 'registry': '8018911', 'hello-world': '8021526', 'docker/getting-started': '8021973', 'alpine': '7991792'}
04:58:57 INFO  EnvironmentC8y Setup
04:58:58 INFO  Executed systemctl&lt;serv_mapper1&gt;, exit status 3
04:58:58 INFO  Restarting mosquitto too frequently in the last 10 seconds. It was only up for 4 seconds
04:58:58 INFO  Delaying execution by 7 seconds
04:59:19 INFO  Executed sudo&lt;tedge_connect_c8y&gt;, exit status 0, duration 14 secs
04:59:20 INFO  Executed sudo&lt;tedge_connect_c8y_test&gt;, exit status 0
04:59:20 INFO  Executed systemctl&lt;serv_mosq2&gt;, exit status 0
04:59:20 INFO  Executed systemctl&lt;serv_mapper3&gt;, exit status 0
04:59:23 INFO  State of current operation: SUCCESSFUL
04:59:23 INFO  Assert that (False == value) with value=False ... passed
04:59:23 INFO  Package asciijump is installed
04:59:23 WARN  Assert that (False == value) with value=True ... failed 
04:59:24 INFO  Package squirrel3 is installed
04:59:24 WARN  Assert that (False == value) with value=True ... failed 
04:59:24 INFO  Package robotfindskitten is installed
04:59:24 WARN  Assert that (False == value) with value=True ... failed 
04:59:24 INFO  Response status: 201
04:59:24 INFO  Response to action: {
    &quot;delivery&quot;: {
        &quot;log&quot;: [],
        &quot;time&quot;: &quot;2022-07-22T04:59:24.682Z&quot;,
        &quot;status&quot;: &quot;PENDING&quot;
    },
    &quot;creationTime&quot;: &quot;2022-07-22T04:59:24.665Z&quot;,
    &quot;deviceId&quot;: &quot;21231013&quot;,
    &quot;deviceName&quot;: &quot;m32sd10b&quot;,
    &quot;self&quot;: &quot;https://t493319102.eu-latest.cumulocity.com/devicecontrol/operations/21244234&quot;,
    &quot;id&quot;: &quot;21244234&quot;,
    &quot;status&quot;: &quot;PENDING&quot;,
    &quot;description&quot;: &quot;Apply software changes, triggered from PySys: [{'action': 'install', 'id': '5475369', 'name': 'asciijump', 'url': ' ', 'version': '::apt'}, {'action': 'install', 'id': '5474869', 'name': 'robotfindskitten', 'url': ' ', 'version': '::apt'}, {'action': 'install', 'id': '5475279', 'name': 'squirrel3', 'url': ' ', 'version': '::apt'}]&quot;,
    &quot;c8y_SoftwareUpdate&quot;: [
        {
            &quot;name&quot;: &quot;asciijump&quot;,
            &quot;action&quot;: &quot;install&quot;,
            &quot;id&quot;: &quot;5475369&quot;,
            &quot;version&quot;: &quot;::apt&quot;,
            &quot;url&quot;: &quot; &quot;
        },
        {
            &quot;name&quot;: &quot;robotfindskitten&quot;,
            &quot;action&quot;: &quot;install&quot;,
            &quot;id&quot;: &quot;5474869&quot;,
            &quot;version&quot;: &quot;::apt&quot;,
            &quot;url&quot;: &quot; &quot;
        },
        {
            &quot;name&quot;: &quot;squirrel3&quot;,
            &quot;action&quot;: &quot;install&quot;,
            &quot;id&quot;: &quot;5475279&quot;,
            &quot;version&quot;: &quot;::apt&quot;,
            &quot;url&quot;: &quot; &quot;
        }
    ]
}
04:59:24 INFO  Started operation: {'delivery': {'log': [], 'time': '2022-07-22T04:59:24.682Z', 'status': 'PENDING'}, 'creationTime': '2022-07-22T04:59:24.665Z', 'deviceId': '21231013', 'deviceName': 'm32sd10b', 'self': 'https://t493319102.eu-latest.cumulocity.com/devicecontrol/operations/21244234', 'id': '21244234', 'status': 'PENDING', 'description': &quot;Apply software changes, triggered from PySys: [{'action': 'install', 'id': '5475369', 'name': 'asciijump', 'url': ' ', 'version': '::apt'}, {'action': 'install', 'id': '5474869', 'name': 'robotfindskitten', 'url': ' ', 'version': '::apt'}, {'action': 'install', 'id': '5475279', 'name': 'squirrel3', 'url': ' ', 'version': '::apt'}]&quot;, 'c8y_SoftwareUpdate': [{'name': 'asciijump', 'action': 'install', 'id': '5475369', 'version': '::apt', 'url': ' '}, {'name': 'robotfindskitten', 'action': 'install', 'id': '5474869', 'version': '::apt', 'url': ' '}, {'name': 'squirrel3', 'action': 'install', 'id': '5475279', 'version': '::apt', 'url': ' '}]}
04:59:26 INFO  State of operation 21244234 : PENDING
04:59:29 INFO  State of operation 21244234 : EXECUTING
04:59:31 INFO  State of operation 21244234 : EXECUTING
04:59:33 INFO  State of operation 21244234 : EXECUTING
04:59:35 INFO  State of operation 21244234 : EXECUTING
04:59:38 INFO  State of operation 21244234 : EXECUTING
04:59:40 INFO  State of operation 21244234 : EXECUTING
04:59:43 INFO  State of operation 21244234 : EXECUTING
04:59:45 INFO  State of operation 21244234 : EXECUTING
04:59:48 INFO  State of operation 21244234 : EXECUTING
04:59:50 INFO  State of operation 21244234 : EXECUTING
04:59:52 INFO  State of operation 21244234 : EXECUTING
04:59:55 INFO  State of operation 21244234 : EXECUTING
04:59:57 INFO  State of operation 21244234 : EXECUTING
04:59:59 INFO  State of operation 21244234 : EXECUTING
05:00:01 INFO  State of operation 21244234 : SUCCESSFUL
05:00:01 INFO  Assert that (False == value) with value=False ... passed
05:00:02 INFO  Package asciijump is installed
05:00:02 INFO  Assert that (True == value) with value=True ... passed
05:00:02 INFO  Package squirrel3 is installed
05:00:02 INFO  Assert that (True == value) with value=True ... passed
05:00:02 INFO  Package robotfindskitten is installed
05:00:02 INFO  Assert that (True == value) with value=True ... passed
05:00:02 INFO  Response status: 201
05:00:02 INFO  Response to action: {
    &quot;delivery&quot;: {
        &quot;log&quot;: [],
        &quot;time&quot;: &quot;2022-07-22T05:00:02.889Z&quot;,
        &quot;status&quot;: &quot;PENDING&quot;
    },
    &quot;creationTime&quot;: &quot;2022-07-22T05:00:02.861Z&quot;,
    &quot;deviceId&quot;: &quot;21231013&quot;,
    &quot;deviceName&quot;: &quot;m32sd10b&quot;,
    &quot;self&quot;: &quot;https://t493319102.eu-latest.cumulocity.com/devicecontrol/operations/21244244&quot;,
    &quot;id&quot;: &quot;21244244&quot;,
    &quot;status&quot;: &quot;PENDING&quot;,
    &quot;description&quot;: &quot;Apply software changes, triggered from PySys: [{'action': 'delete', 'id': '5475369', 'name': 'asciijump', 'url': ' ', 'version': '::apt'}, {'action': 'delete', 'id': '5474869', 'name': 'robotfindskitten', 'url': ' ', 'version': '::apt'}, {'action': 'delete', 'id': '5475279', 'name': 'squirrel3', 'url': ' ', 'version': '::apt'}]&quot;,
    &quot;c8y_SoftwareUpdate&quot;: [
        {
            &quot;name&quot;: &quot;asciijump&quot;,
            &quot;action&quot;: &quot;delete&quot;,
            &quot;id&quot;: &quot;5475369&quot;,
            &quot;version&quot;: &quot;::apt&quot;,
            &quot;url&quot;: &quot; &quot;
        },
        {
            &quot;name&quot;: &quot;robotfindskitten&quot;,
            &quot;action&quot;: &quot;delete&quot;,
            &quot;id&quot;: &quot;5474869&quot;,
            &quot;version&quot;: &quot;::apt&quot;,
            &quot;url&quot;: &quot; &quot;
        },
        {
            &quot;name&quot;: &quot;squirrel3&quot;,
            &quot;action&quot;: &quot;delete&quot;,
            &quot;id&quot;: &quot;5475279&quot;,
            &quot;version&quot;: &quot;::apt&quot;,
            &quot;url&quot;: &quot; &quot;
        }
    ]
}
05:00:02 INFO  Started operation: {'delivery': {'log': [], 'time': '2022-07-22T05:00:02.889Z', 'status': 'PENDING'}, 'creationTime': '2022-07-22T05:00:02.861Z', 'deviceId': '21231013', 'deviceName': 'm32sd10b', 'self': 'https://t493319102.eu-latest.cumulocity.com/devicecontrol/operations/21244244', 'id': '21244244', 'status': 'PENDING', 'description': &quot;Apply software changes, triggered from PySys: [{'action': 'delete', 'id': '5475369', 'name': 'asciijump', 'url': ' ', 'version': '::apt'}, {'action': 'delete', 'id': '5474869', 'name': 'robotfindskitten', 'url': ' ', 'version': '::apt'}, {'action': 'delete', 'id': '5475279', 'name': 'squirrel3', 'url': ' ', 'version': '::apt'}]&quot;, 'c8y_SoftwareUpdate': [{'name': 'asciijump', 'action': 'delete', 'id': '5475369', 'version': '::apt', 'url': ' '}, {'name': 'robotfindskitten', 'action': 'delete', 'id': '5474869', 'version': '::apt', 'url': ' '}, {'name': 'squirrel3', 'action': 'delete', 'id': '5475279', 'version': '::apt', 'url': ' '}]}
05:00:05 INFO  State of operation 21244244 : PENDING
05:00:07 INFO  State of operation 21244244 : EXECUTING
05:00:09 INFO  State of operation 21244244 : EXECUTING
05:00:11 INFO  State of operation 21244244 : EXECUTING
05:00:14 INFO  State of operation 21244244 : EXECUTING
05:00:16 INFO  State of operation 21244244 : EXECUTING
05:00:18 INFO  State of operation 21244244 : EXECUTING
05:00:21 INFO  State of operation 21244244 : EXECUTING
05:00:24 INFO  State of operation 21244244 : EXECUTING
05:00:26 INFO  State of operation 21244244 : EXECUTING
05:00:28 INFO  State of operation 21244244 : EXECUTING
05:00:30 INFO  State of operation 21244244 : EXECUTING
05:00:33 INFO  State of operation 21244244 : EXECUTING
05:00:35 INFO  State of operation 21244244 : EXECUTING
05:00:37 INFO  State of operation 21244244 : EXECUTING
05:00:39 INFO  State of operation 21244244 : EXECUTING
05:00:42 INFO  State of operation 21244244 : EXECUTING
05:00:44 INFO  State of operation 21244244 : EXECUTING
05:00:47 INFO  State of operation 21244244 : EXECUTING
05:00:49 INFO  State of operation 21244244 : EXECUTING
05:00:51 INFO  State of operation 21244244 : EXECUTING
05:00:54 INFO  State of operation 21244244 : EXECUTING
05:00:56 INFO  State of operation 21244244 : EXECUTING
05:00:58 INFO  State of operation 21244244 : EXECUTING
05:01:01 INFO  State of operation 21244244 : EXECUTING
05:01:03 INFO  State of operation 21244244 : EXECUTING
05:01:06 INFO  State of operation 21244244 : EXECUTING
05:01:08 INFO  State of operation 21244244 : EXECUTING
05:01:10 INFO  State of operation 21244244 : SUCCESSFUL
05:01:10 INFO  Assert that (False == value) with value=False ... passed
05:01:11 INFO  Assert that (False == value) with value=False ... passed
05:01:11 INFO  Assert that (False == value) with value=False ... passed
05:01:11 INFO  Assert that (False == value) with value=False ... passed
05:01:11 INFO  
05:01:11 INFO  cleanup:
05:01:15 INFO  Executed sudo&lt;tedge_disconnect_c8y&gt;, exit status 0
05:01:16 INFO  Executed systemctl&lt;serv_mapper5&gt;, exit status 3
05:01:16 INFO  
05:01:16 INFO  Test duration: 138.66 secs
05:01:16 INFO  Test final outcome:  FAILED
05:01:16 INFO  Test outcome reason: Assert that (False == value) with value=True (+2 other failures)
05:01:16 INFO  
</system-out>
	</testcase>
</testsuite>
