<?xml version="1.0" encoding="utf-8"?>
<testsuite failures="1" name="SoftwareManagement.sm_fake_install_remove" skipped="0" tests="1" time="166.04" timestamp="2022-05-23T09:56:15">
	<testcase classname="PySysTest" name="SoftwareManagement.sm_fake_install_remove">
		<failure message="BLOCKED: SystemError: Timeout while waiting for status FAILED or SUCCESSFUL" type="BLOCKED"/>
		<system-out>09:53:29 INFO  ==============================================================
09:53:29 INFO  Id:    SoftwareManagement.sm_fake_install_remove
09:53:29 INFO  Dir:   software_management_end_to_end/
09:53:29 INFO  Title: Validate end to end behaviour for the dummy plugin for installation and removal of packages
09:53:29 INFO  ==============================================================
09:53:29 INFO  Using sw id database: {'asciijump': '5475369', 'robotfindskitten': '5474869', 'squirrel3': '5475279', 'rolldice': '5152439', 'moon-buggy': '5439204', 'apple': '5495053', 'banana': '5494888', 'cherry': '5495382', 'watermelon': '5494510', 'registry': '8018911', 'hello-world': '8021526', 'docker/getting-started': '8021973', 'alpine': '7991792'}
09:53:29 INFO  EnvironmentC8y Setup
09:53:29 INFO  Executed systemctl&lt;serv_mapper1&gt;, exit status 3
09:53:29 INFO  Restarting mosquitto too frequently in the last 10 seconds. It was only up for 5 seconds
09:53:29 INFO  Delaying execution by 6 seconds
09:53:50 INFO  Executed sudo&lt;tedge_connect_c8y&gt;, exit status 0, duration 14 secs
09:53:50 INFO  Executed sudo&lt;tedge_connect_c8y_test&gt;, exit status 0
09:53:51 INFO  Executed systemctl&lt;serv_mosq2&gt;, exit status 0
09:53:51 INFO  Executed systemctl&lt;serv_mapper3&gt;, exit status 0
09:53:53 INFO  State of current operation: PENDING
09:53:56 INFO  State of current operation: PENDING
09:53:58 INFO  State of current operation: PENDING
09:54:00 INFO  State of current operation: PENDING
09:54:02 INFO  State of current operation: PENDING
09:54:05 INFO  State of current operation: PENDING
09:54:07 INFO  State of current operation: PENDING
09:54:09 INFO  State of current operation: PENDING
09:54:11 INFO  State of current operation: PENDING
09:54:14 INFO  State of current operation: PENDING
09:54:16 INFO  State of current operation: PENDING
09:54:18 INFO  State of current operation: PENDING
09:54:20 INFO  State of current operation: PENDING
09:54:23 INFO  State of current operation: PENDING
09:54:25 INFO  State of current operation: PENDING
09:54:27 INFO  State of current operation: PENDING
09:54:29 INFO  State of current operation: PENDING
09:54:31 INFO  State of current operation: PENDING
09:54:34 INFO  State of current operation: PENDING
09:54:36 INFO  State of current operation: PENDING
09:54:38 INFO  State of current operation: PENDING
09:54:40 INFO  State of current operation: PENDING
09:54:43 INFO  State of current operation: PENDING
09:54:45 INFO  State of current operation: PENDING
09:54:47 INFO  State of current operation: PENDING
09:54:49 INFO  State of current operation: PENDING
09:54:52 INFO  State of current operation: PENDING
09:54:54 INFO  State of current operation: PENDING
09:54:56 INFO  State of current operation: PENDING
09:54:58 INFO  State of current operation: PENDING
09:55:01 INFO  State of current operation: PENDING
09:55:03 INFO  State of current operation: PENDING
09:55:05 INFO  State of current operation: PENDING
09:55:07 INFO  State of current operation: PENDING
09:55:10 INFO  State of current operation: PENDING
09:55:12 INFO  State of current operation: PENDING
09:55:14 INFO  State of current operation: PENDING
09:55:16 INFO  State of current operation: PENDING
09:55:19 INFO  State of current operation: PENDING
09:55:21 INFO  State of current operation: PENDING
09:55:23 INFO  State of current operation: PENDING
09:55:25 INFO  State of current operation: PENDING
09:55:27 INFO  State of current operation: PENDING
09:55:30 INFO  State of current operation: PENDING
09:55:32 INFO  State of current operation: PENDING
09:55:34 INFO  State of current operation: PENDING
09:55:36 INFO  State of current operation: PENDING
09:55:39 INFO  State of current operation: PENDING
09:55:41 INFO  State of current operation: PENDING
09:55:43 INFO  State of current operation: PENDING
09:55:45 INFO  State of current operation: PENDING
09:55:48 INFO  State of current operation: PENDING
09:55:50 INFO  State of current operation: PENDING
09:55:52 INFO  State of current operation: PENDING
09:55:54 INFO  State of current operation: PENDING
09:55:57 INFO  State of current operation: PENDING
09:55:59 INFO  State of current operation: PENDING
09:56:01 INFO  State of current operation: PENDING
09:56:04 INFO  State of current operation: PENDING
09:56:06 INFO  State of current operation: PENDING
09:56:08 INFO  State of current operation: PENDING
09:56:10 WARN  SystemError occurred while running test - Timeout while waiting for status FAILED or SUCCESSFUL
Traceback (most recent call last):
  File &quot;/home/pi/env-pysys/lib/python3.7/site-packages/pysys/baserunner.py&quot;, line 1292, in __call__
    self.testObj.setup()
  File &quot;/home/pi/actions-runner/_work/thin-edge.io/thin-edge.io/tests/PySys/software_management_end_to_end/sm_fake_install_remove/run.py&quot;, line 38, in setup
    super().setup()
  File &quot;/home/pi/actions-runner/_work/thin-edge.io/thin-edge.io/tests/PySys/software_management_end_to_end/environment_sm_management.py&quot;, line 151, in setup
    self.wait_until_end()
  File &quot;/home/pi/actions-runner/_work/thin-edge.io/thin-edge.io/tests/PySys/software_management_end_to_end/environment_sm_management.py&quot;, line 332, in wait_until_end
    self.wait_until_status(&quot;FAILED&quot;, &quot;SUCCESSFUL&quot;)
  File &quot;/home/pi/actions-runner/_work/thin-edge.io/thin-edge.io/tests/PySys/software_management_end_to_end/environment_sm_management.py&quot;, line 381, in wait_until_status
    &quot;Timeout while waiting for status %s or %s&quot; % (status, status2)
SystemError: Timeout while waiting for status FAILED or SUCCESSFUL
09:56:10 WARN  SystemError: Timeout while waiting for status FAILED or SUCCESSFUL ... blocked 
09:56:10 INFO  
09:56:10 INFO  cleanup:
09:56:14 INFO  Executed sudo&lt;tedge_disconnect_c8y&gt;, exit status 0
09:56:15 INFO  Executed systemctl&lt;serv_mapper5&gt;, exit status 3
09:56:15 INFO  
09:56:15 INFO  Test duration: 166.04 secs
09:56:15 INFO  Test final outcome:  BLOCKED
09:56:15 INFO  Test outcome reason: SystemError: Timeout while waiting for status FAILED or SUCCESSFUL
09:56:15 INFO  
</system-out>
	</testcase>
</testsuite>
