<?xml version="1.0" encoding="utf-8"?>
<testsuite failures="1" name="SoftwareManagement.sm_apt_install_remove_multiple" skipped="0" tests="1" time="138.84" timestamp="2022-07-21T15:50:01">
	<testcase classname="PySysTest" name="SoftwareManagement.sm_apt_install_remove_multiple">
		<failure message="FAILED: Assert that (False == value) with value=True (+2 other failures)" type="FAILED"/>
		<system-out>15:47:42 INFO  ==============================================================
15:47:42 INFO  Id:    SoftwareManagement.sm_apt_install_remove_multiple
15:47:42 INFO  Dir:   software_management_end_to_end/
15:47:42 INFO  Title: Validate end to end behaviour for the apt plugin for multiple packages
15:47:42 INFO  ==============================================================
15:47:42 INFO  Using sw id database: {'asciijump': '5475369', 'robotfindskitten': '5474869', 'squirrel3': '5475279', 'rolldice': '5152439', 'moon-buggy': '5439204', 'apple': '5495053', 'banana': '5494888', 'cherry': '5495382', 'watermelon': '5494510', 'registry': '8018911', 'hello-world': '8021526', 'docker/getting-started': '8021973', 'alpine': '7991792'}
15:47:42 INFO  EnvironmentC8y Setup
15:47:43 INFO  Executed systemctl&lt;serv_mapper1&gt;, exit status 3
15:47:43 INFO  Restarting mosquitto too frequently in the last 10 seconds. It was only up for 4 seconds
15:47:43 INFO  Delaying execution by 7 seconds
15:48:04 INFO  Executed sudo&lt;tedge_connect_c8y&gt;, exit status 0, duration 13 secs
15:48:04 INFO  Executed sudo&lt;tedge_connect_c8y_test&gt;, exit status 0
15:48:05 INFO  Executed systemctl&lt;serv_mosq2&gt;, exit status 0
15:48:05 INFO  Executed systemctl&lt;serv_mapper3&gt;, exit status 0
15:48:08 INFO  State of current operation: SUCCESSFUL
15:48:08 INFO  Assert that (False == value) with value=False ... passed
15:48:08 INFO  Package asciijump is installed
15:48:08 WARN  Assert that (False == value) with value=True ... failed 
15:48:09 INFO  Package squirrel3 is installed
15:48:09 WARN  Assert that (False == value) with value=True ... failed 
15:48:09 INFO  Package robotfindskitten is installed
15:48:09 WARN  Assert that (False == value) with value=True ... failed 
15:48:09 INFO  Response status: 201
15:48:09 INFO  Response to action: {
    &quot;creationTime&quot;: &quot;2022-07-21T15:48:09.600Z&quot;,
    &quot;deviceId&quot;: &quot;21116856&quot;,
    &quot;deviceName&quot;: &quot;m32sd10b&quot;,
    &quot;self&quot;: &quot;https://t493319102.eu-latest.cumulocity.com/devicecontrol/operations/21145000&quot;,
    &quot;id&quot;: &quot;21145000&quot;,
    &quot;status&quot;: &quot;PENDING&quot;,
    &quot;description&quot;: &quot;Apply software changes, triggered from PySys: [{'action': 'install', 'id': '5475369', 'name': 'asciijump', 'url': ' ', 'version': '::apt'}, {'action': 'install', 'id': '5474869', 'name': 'robotfindskitten', 'url': ' ', 'version': '::apt'}, {'action': 'install', 'id': '5475279', 'name': 'squirrel3', 'url': ' ', 'version': '::apt'}]&quot;,
    &quot;c8y_SoftwareUpdate&quot;: [
        {
            &quot;name&quot;: &quot;asciijump&quot;,
            &quot;action&quot;: &quot;install&quot;,
            &quot;id&quot;: &quot;5475369&quot;,
            &quot;version&quot;: &quot;::apt&quot;,
            &quot;url&quot;: &quot; &quot;
        },
        {
            &quot;name&quot;: &quot;robotfindskitten&quot;,
            &quot;action&quot;: &quot;install&quot;,
            &quot;id&quot;: &quot;5474869&quot;,
            &quot;version&quot;: &quot;::apt&quot;,
            &quot;url&quot;: &quot; &quot;
        },
        {
            &quot;name&quot;: &quot;squirrel3&quot;,
            &quot;action&quot;: &quot;install&quot;,
            &quot;id&quot;: &quot;5475279&quot;,
            &quot;version&quot;: &quot;::apt&quot;,
            &quot;url&quot;: &quot; &quot;
        }
    ]
}
15:48:09 INFO  Started operation: {'creationTime': '2022-07-21T15:48:09.600Z', 'deviceId': '21116856', 'deviceName': 'm32sd10b', 'self': 'https://t493319102.eu-latest.cumulocity.com/devicecontrol/operations/21145000', 'id': '21145000', 'status': 'PENDING', 'description': &quot;Apply software changes, triggered from PySys: [{'action': 'install', 'id': '5475369', 'name': 'asciijump', 'url': ' ', 'version': '::apt'}, {'action': 'install', 'id': '5474869', 'name': 'robotfindskitten', 'url': ' ', 'version': '::apt'}, {'action': 'install', 'id': '5475279', 'name': 'squirrel3', 'url': ' ', 'version': '::apt'}]&quot;, 'c8y_SoftwareUpdate': [{'name': 'asciijump', 'action': 'install', 'id': '5475369', 'version': '::apt', 'url': ' '}, {'name': 'robotfindskitten', 'action': 'install', 'id': '5474869', 'version': '::apt', 'url': ' '}, {'name': 'squirrel3', 'action': 'install', 'id': '5475279', 'version': '::apt', 'url': ' '}]}
15:48:11 INFO  State of operation 21145000 : PENDING
15:48:14 INFO  State of operation 21145000 : EXECUTING
15:48:16 INFO  State of operation 21145000 : EXECUTING
15:48:18 INFO  State of operation 21145000 : EXECUTING
15:48:20 INFO  State of operation 21145000 : EXECUTING
15:48:23 INFO  State of operation 21145000 : EXECUTING
15:48:25 INFO  State of operation 21145000 : EXECUTING
15:48:28 INFO  State of operation 21145000 : EXECUTING
15:48:31 INFO  State of operation 21145000 : EXECUTING
15:48:33 INFO  State of operation 21145000 : EXECUTING
15:48:35 INFO  State of operation 21145000 : EXECUTING
15:48:38 INFO  State of operation 21145000 : EXECUTING
15:48:40 INFO  State of operation 21145000 : EXECUTING
15:48:42 INFO  State of operation 21145000 : EXECUTING
15:48:44 INFO  State of operation 21145000 : EXECUTING
15:48:47 INFO  State of operation 21145000 : SUCCESSFUL
15:48:47 INFO  Assert that (False == value) with value=False ... passed
15:48:47 INFO  Package asciijump is installed
15:48:47 INFO  Assert that (True == value) with value=True ... passed
15:48:47 INFO  Package squirrel3 is installed
15:48:47 INFO  Assert that (True == value) with value=True ... passed
15:48:48 INFO  Package robotfindskitten is installed
15:48:48 INFO  Assert that (True == value) with value=True ... passed
15:48:48 INFO  Response status: 201
15:48:48 INFO  Response to action: {
    &quot;creationTime&quot;: &quot;2022-07-21T15:48:48.220Z&quot;,
    &quot;deviceId&quot;: &quot;21116856&quot;,
    &quot;deviceName&quot;: &quot;m32sd10b&quot;,
    &quot;self&quot;: &quot;https://t493319102.eu-latest.cumulocity.com/devicecontrol/operations/21145004&quot;,
    &quot;id&quot;: &quot;21145004&quot;,
    &quot;status&quot;: &quot;PENDING&quot;,
    &quot;description&quot;: &quot;Apply software changes, triggered from PySys: [{'action': 'delete', 'id': '5475369', 'name': 'asciijump', 'url': ' ', 'version': '::apt'}, {'action': 'delete', 'id': '5474869', 'name': 'robotfindskitten', 'url': ' ', 'version': '::apt'}, {'action': 'delete', 'id': '5475279', 'name': 'squirrel3', 'url': ' ', 'version': '::apt'}]&quot;,
    &quot;c8y_SoftwareUpdate&quot;: [
        {
            &quot;name&quot;: &quot;asciijump&quot;,
            &quot;action&quot;: &quot;delete&quot;,
            &quot;id&quot;: &quot;5475369&quot;,
            &quot;version&quot;: &quot;::apt&quot;,
            &quot;url&quot;: &quot; &quot;
        },
        {
            &quot;name&quot;: &quot;robotfindskitten&quot;,
            &quot;action&quot;: &quot;delete&quot;,
            &quot;id&quot;: &quot;5474869&quot;,
            &quot;version&quot;: &quot;::apt&quot;,
            &quot;url&quot;: &quot; &quot;
        },
        {
            &quot;name&quot;: &quot;squirrel3&quot;,
            &quot;action&quot;: &quot;delete&quot;,
            &quot;id&quot;: &quot;5475279&quot;,
            &quot;version&quot;: &quot;::apt&quot;,
            &quot;url&quot;: &quot; &quot;
        }
    ]
}
15:48:48 INFO  Started operation: {'creationTime': '2022-07-21T15:48:48.220Z', 'deviceId': '21116856', 'deviceName': 'm32sd10b', 'self': 'https://t493319102.eu-latest.cumulocity.com/devicecontrol/operations/21145004', 'id': '21145004', 'status': 'PENDING', 'description': &quot;Apply software changes, triggered from PySys: [{'action': 'delete', 'id': '5475369', 'name': 'asciijump', 'url': ' ', 'version': '::apt'}, {'action': 'delete', 'id': '5474869', 'name': 'robotfindskitten', 'url': ' ', 'version': '::apt'}, {'action': 'delete', 'id': '5475279', 'name': 'squirrel3', 'url': ' ', 'version': '::apt'}]&quot;, 'c8y_SoftwareUpdate': [{'name': 'asciijump', 'action': 'delete', 'id': '5475369', 'version': '::apt', 'url': ' '}, {'name': 'robotfindskitten', 'action': 'delete', 'id': '5474869', 'version': '::apt', 'url': ' '}, {'name': 'squirrel3', 'action': 'delete', 'id': '5475279', 'version': '::apt', 'url': ' '}]}
15:48:50 INFO  State of operation 21145004 : PENDING
15:48:52 INFO  State of operation 21145004 : EXECUTING
15:48:54 INFO  State of operation 21145004 : EXECUTING
15:48:57 INFO  State of operation 21145004 : EXECUTING
15:48:59 INFO  State of operation 21145004 : EXECUTING
15:49:01 INFO  State of operation 21145004 : EXECUTING
15:49:04 INFO  State of operation 21145004 : EXECUTING
15:49:07 INFO  State of operation 21145004 : EXECUTING
15:49:09 INFO  State of operation 21145004 : EXECUTING
15:49:11 INFO  State of operation 21145004 : EXECUTING
15:49:14 INFO  State of operation 21145004 : EXECUTING
15:49:16 INFO  State of operation 21145004 : EXECUTING
15:49:18 INFO  State of operation 21145004 : EXECUTING
15:49:20 INFO  State of operation 21145004 : EXECUTING
15:49:23 INFO  State of operation 21145004 : EXECUTING
15:49:25 INFO  State of operation 21145004 : EXECUTING
15:49:27 INFO  State of operation 21145004 : EXECUTING
15:49:30 INFO  State of operation 21145004 : EXECUTING
15:49:32 INFO  State of operation 21145004 : EXECUTING
15:49:35 INFO  State of operation 21145004 : EXECUTING
15:49:37 INFO  State of operation 21145004 : EXECUTING
15:49:39 INFO  State of operation 21145004 : EXECUTING
15:49:41 INFO  State of operation 21145004 : EXECUTING
15:49:44 INFO  State of operation 21145004 : EXECUTING
15:49:46 INFO  State of operation 21145004 : EXECUTING
15:49:49 INFO  State of operation 21145004 : EXECUTING
15:49:51 INFO  State of operation 21145004 : EXECUTING
15:49:53 INFO  State of operation 21145004 : EXECUTING
15:49:55 INFO  State of operation 21145004 : SUCCESSFUL
15:49:56 INFO  Assert that (False == value) with value=False ... passed
15:49:56 INFO  Assert that (False == value) with value=False ... passed
15:49:56 INFO  Assert that (False == value) with value=False ... passed
15:49:56 INFO  Assert that (False == value) with value=False ... passed
15:49:56 INFO  
15:49:56 INFO  cleanup:
15:50:00 INFO  Executed sudo&lt;tedge_disconnect_c8y&gt;, exit status 0
15:50:01 INFO  Executed systemctl&lt;serv_mapper5&gt;, exit status 3
15:50:01 INFO  
15:50:01 INFO  Test duration: 138.84 secs
15:50:01 INFO  Test final outcome:  FAILED
15:50:01 INFO  Test outcome reason: Assert that (False == value) with value=True (+2 other failures)
15:50:01 INFO  
</system-out>
	</testcase>
</testsuite>
