<?xml version="1.0" encoding="utf-8"?>
<testsuite failures="1" name="SoftwareManagement.sm_fake_install_remove" skipped="0" tests="1" time="166.77" timestamp="2022-05-23T14:44:49">
	<testcase classname="PySysTest" name="SoftwareManagement.sm_fake_install_remove">
		<failure message="BLOCKED: SystemError: Timeout while waiting for status FAILED or SUCCESSFUL" type="BLOCKED"/>
		<system-out>14:42:03 INFO  ==============================================================
14:42:03 INFO  Id:    SoftwareManagement.sm_fake_install_remove
14:42:03 INFO  Dir:   software_management_end_to_end/
14:42:03 INFO  Title: Validate end to end behaviour for the dummy plugin for installation and removal of packages
14:42:03 INFO  ==============================================================
14:42:03 INFO  Using sw id database: {'asciijump': '5475369', 'robotfindskitten': '5474869', 'squirrel3': '5475279', 'rolldice': '5152439', 'moon-buggy': '5439204', 'apple': '5495053', 'banana': '5494888', 'cherry': '5495382', 'watermelon': '5494510', 'registry': '8018911', 'hello-world': '8021526', 'docker/getting-started': '8021973', 'alpine': '7991792'}
14:42:03 INFO  EnvironmentC8y Setup
14:42:03 INFO  Executed systemctl&lt;serv_mapper1&gt;, exit status 3
14:42:03 INFO  Restarting mosquitto too frequently in the last 10 seconds. It was only up for 5 seconds
14:42:03 INFO  Delaying execution by 6 seconds
14:42:24 INFO  Executed sudo&lt;tedge_connect_c8y&gt;, exit status 0, duration 14 secs
14:42:25 INFO  Executed sudo&lt;tedge_connect_c8y_test&gt;, exit status 0
14:42:25 INFO  Executed systemctl&lt;serv_mosq2&gt;, exit status 0
14:42:26 INFO  Executed systemctl&lt;serv_mapper3&gt;, exit status 0
14:42:28 INFO  State of current operation: PENDING
14:42:30 INFO  State of current operation: PENDING
14:42:32 INFO  State of current operation: PENDING
14:42:35 INFO  State of current operation: PENDING
14:42:37 INFO  State of current operation: PENDING
14:42:39 INFO  State of current operation: PENDING
14:42:41 INFO  State of current operation: PENDING
14:42:43 INFO  State of current operation: PENDING
14:42:46 INFO  State of current operation: PENDING
14:42:48 INFO  State of current operation: PENDING
14:42:50 INFO  State of current operation: PENDING
14:42:52 INFO  State of current operation: PENDING
14:42:55 INFO  State of current operation: PENDING
14:42:57 INFO  State of current operation: PENDING
14:43:00 INFO  State of current operation: PENDING
14:43:02 INFO  State of current operation: PENDING
14:43:04 INFO  State of current operation: PENDING
14:43:06 INFO  State of current operation: PENDING
14:43:09 INFO  State of current operation: PENDING
14:43:11 INFO  State of current operation: PENDING
14:43:13 INFO  State of current operation: PENDING
14:43:15 INFO  State of current operation: PENDING
14:43:17 INFO  State of current operation: PENDING
14:43:20 INFO  State of current operation: PENDING
14:43:22 INFO  State of current operation: PENDING
14:43:24 INFO  State of current operation: PENDING
14:43:27 INFO  State of current operation: PENDING
14:43:29 INFO  State of current operation: PENDING
14:43:31 INFO  State of current operation: PENDING
14:43:33 INFO  State of current operation: PENDING
14:43:36 INFO  State of current operation: PENDING
14:43:38 INFO  State of current operation: PENDING
14:43:40 INFO  State of current operation: PENDING
14:43:42 INFO  State of current operation: PENDING
14:43:45 INFO  State of current operation: PENDING
14:43:47 INFO  State of current operation: PENDING
14:43:49 INFO  State of current operation: PENDING
14:43:51 INFO  State of current operation: PENDING
14:43:53 INFO  State of current operation: PENDING
14:43:56 INFO  State of current operation: PENDING
14:43:58 INFO  State of current operation: PENDING
14:44:00 INFO  State of current operation: PENDING
14:44:02 INFO  State of current operation: PENDING
14:44:05 INFO  State of current operation: PENDING
14:44:07 INFO  State of current operation: PENDING
14:44:09 INFO  State of current operation: PENDING
14:44:11 INFO  State of current operation: PENDING
14:44:14 INFO  State of current operation: PENDING
14:44:16 INFO  State of current operation: PENDING
14:44:18 INFO  State of current operation: PENDING
14:44:20 INFO  State of current operation: PENDING
14:44:23 INFO  State of current operation: PENDING
14:44:25 INFO  State of current operation: PENDING
14:44:27 INFO  State of current operation: PENDING
14:44:29 INFO  State of current operation: PENDING
14:44:32 INFO  State of current operation: PENDING
14:44:34 INFO  State of current operation: PENDING
14:44:36 INFO  State of current operation: PENDING
14:44:38 INFO  State of current operation: PENDING
14:44:40 INFO  State of current operation: PENDING
14:44:43 INFO  State of current operation: PENDING
14:44:45 WARN  SystemError occurred while running test - Timeout while waiting for status FAILED or SUCCESSFUL
Traceback (most recent call last):
  File &quot;/home/pi/env-pysys/lib/python3.7/site-packages/pysys/baserunner.py&quot;, line 1292, in __call__
    self.testObj.setup()
  File &quot;/home/pi/actions-runner/_work/thin-edge.io/thin-edge.io/tests/PySys/software_management_end_to_end/sm_fake_install_remove/run.py&quot;, line 38, in setup
    super().setup()
  File &quot;/home/pi/actions-runner/_work/thin-edge.io/thin-edge.io/tests/PySys/software_management_end_to_end/environment_sm_management.py&quot;, line 151, in setup
    self.wait_until_end()
  File &quot;/home/pi/actions-runner/_work/thin-edge.io/thin-edge.io/tests/PySys/software_management_end_to_end/environment_sm_management.py&quot;, line 332, in wait_until_end
    self.wait_until_status(&quot;FAILED&quot;, &quot;SUCCESSFUL&quot;)
  File &quot;/home/pi/actions-runner/_work/thin-edge.io/thin-edge.io/tests/PySys/software_management_end_to_end/environment_sm_management.py&quot;, line 381, in wait_until_status
    &quot;Timeout while waiting for status %s or %s&quot; % (status, status2)
SystemError: Timeout while waiting for status FAILED or SUCCESSFUL
14:44:45 WARN  SystemError: Timeout while waiting for status FAILED or SUCCESSFUL ... blocked 
14:44:45 INFO  
14:44:45 INFO  cleanup:
14:44:49 INFO  Executed sudo&lt;tedge_disconnect_c8y&gt;, exit status 0
14:44:49 INFO  Executed systemctl&lt;serv_mapper5&gt;, exit status 3
14:44:49 INFO  
14:44:49 INFO  Test duration: 166.77 secs
14:44:49 INFO  Test final outcome:  BLOCKED
14:44:49 INFO  Test outcome reason: SystemError: Timeout while waiting for status FAILED or SUCCESSFUL
14:44:49 INFO  
</system-out>
	</testcase>
</testsuite>
