<?xml version="1.0" encoding="utf-8"?>
<testsuite failures="1" name="SoftwareManagement.sm_docker_install_remove_multiple" skipped="0" tests="1" time="165.48" timestamp="2022-06-02T09:59:43">
	<testcase classname="SMDockerInstallRemove" name="SoftwareManagement.sm_docker_install_remove_multiple">
		<failure message="BLOCKED: SystemError: Timeout while waiting for status FAILED or SUCCESSFUL" type="BLOCKED"/>
		<system-out>09:56:58 INFO  ==============================================================
09:56:58 INFO  Id:    SoftwareManagement.sm_docker_install_remove_multiple
09:56:58 INFO  Dir:   software_management_end_to_end/
09:56:58 INFO  Title: Validate end to end behaviour for the docker plugin for multiple docker images with mixed versions
09:56:58 INFO  ==============================================================
09:56:58 INFO  Using sw id database: {'asciijump': '5475369', 'robotfindskitten': '5474869', 'squirrel3': '5475279', 'rolldice': '5152439', 'moon-buggy': '5439204', 'apple': '5495053', 'banana': '5494888', 'cherry': '5495382', 'watermelon': '5494510', 'registry': '8018911', 'hello-world': '8021526', 'docker/getting-started': '8021973', 'alpine': '7991792'}
09:56:58 INFO  EnvironmentC8y Setup
09:56:58 INFO  Executed systemctl&lt;serv_mapper1&gt;, exit status 3
09:56:58 INFO  Restarting mosquitto too frequently in the last 10 seconds. It was only up for 5 seconds
09:56:58 INFO  Delaying execution by 6 seconds
09:57:18 INFO  Executed sudo&lt;tedge_connect_c8y&gt;, exit status 0, duration 13 secs
09:57:19 INFO  Executed sudo&lt;tedge_connect_c8y_test&gt;, exit status 0
09:57:19 INFO  Executed systemctl&lt;serv_mosq2&gt;, exit status 0
09:57:20 INFO  Executed systemctl&lt;serv_mapper3&gt;, exit status 0
09:57:22 INFO  State of current operation: PENDING
09:57:24 INFO  State of current operation: PENDING
09:57:26 INFO  State of current operation: PENDING
09:57:29 INFO  State of current operation: PENDING
09:57:31 INFO  State of current operation: PENDING
09:57:33 INFO  State of current operation: PENDING
09:57:35 INFO  State of current operation: PENDING
09:57:37 INFO  State of current operation: PENDING
09:57:40 INFO  State of current operation: PENDING
09:57:42 INFO  State of current operation: PENDING
09:57:44 INFO  State of current operation: PENDING
09:57:46 INFO  State of current operation: PENDING
09:57:49 INFO  State of current operation: PENDING
09:57:51 INFO  State of current operation: PENDING
09:57:53 INFO  State of current operation: PENDING
09:57:56 INFO  State of current operation: PENDING
09:57:58 INFO  State of current operation: PENDING
09:58:00 INFO  State of current operation: PENDING
09:58:02 INFO  State of current operation: PENDING
09:58:05 INFO  State of current operation: PENDING
09:58:07 INFO  State of current operation: PENDING
09:58:09 INFO  State of current operation: PENDING
09:58:11 INFO  State of current operation: PENDING
09:58:14 INFO  State of current operation: PENDING
09:58:16 INFO  State of current operation: PENDING
09:58:18 INFO  State of current operation: PENDING
09:58:20 INFO  State of current operation: PENDING
09:58:23 INFO  State of current operation: PENDING
09:58:25 INFO  State of current operation: PENDING
09:58:27 INFO  State of current operation: PENDING
09:58:29 INFO  State of current operation: PENDING
09:58:32 INFO  State of current operation: PENDING
09:58:34 INFO  State of current operation: PENDING
09:58:36 INFO  State of current operation: PENDING
09:58:38 INFO  State of current operation: PENDING
09:58:40 INFO  State of current operation: PENDING
09:58:43 INFO  State of current operation: PENDING
09:58:45 INFO  State of current operation: PENDING
09:58:47 INFO  State of current operation: PENDING
09:58:49 INFO  State of current operation: PENDING
09:58:52 INFO  State of current operation: PENDING
09:58:54 INFO  State of current operation: PENDING
09:58:56 INFO  State of current operation: PENDING
09:58:58 INFO  State of current operation: PENDING
09:59:01 INFO  State of current operation: PENDING
09:59:03 INFO  State of current operation: PENDING
09:59:05 INFO  State of current operation: PENDING
09:59:07 INFO  State of current operation: PENDING
09:59:10 INFO  State of current operation: PENDING
09:59:12 INFO  State of current operation: PENDING
09:59:14 INFO  State of current operation: PENDING
09:59:16 INFO  State of current operation: PENDING
09:59:18 INFO  State of current operation: PENDING
09:59:21 INFO  State of current operation: PENDING
09:59:23 INFO  State of current operation: PENDING
09:59:25 INFO  State of current operation: PENDING
09:59:27 INFO  State of current operation: PENDING
09:59:30 INFO  State of current operation: PENDING
09:59:32 INFO  State of current operation: PENDING
09:59:34 INFO  State of current operation: PENDING
09:59:36 INFO  State of current operation: PENDING
09:59:38 WARN  SystemError occurred while running test - Timeout while waiting for status FAILED or SUCCESSFUL
Traceback (most recent call last):
  File &quot;/home/pi/env-pysys/lib/python3.7/site-packages/pysys/baserunner.py&quot;, line 1292, in __call__
    self.testObj.setup()
  File &quot;/home/pi/actions-runner/_work/thin-edge.io/thin-edge.io/tests/PySys/software_management_end_to_end/sm_docker_install_remove_multiple/run.py&quot;, line 29, in setup
    super().setup()
  File &quot;/home/pi/actions-runner/_work/thin-edge.io/thin-edge.io/tests/PySys/software_management_end_to_end/environment_sm_management.py&quot;, line 151, in setup
    self.wait_until_end()
  File &quot;/home/pi/actions-runner/_work/thin-edge.io/thin-edge.io/tests/PySys/software_management_end_to_end/environment_sm_management.py&quot;, line 332, in wait_until_end
    self.wait_until_status(&quot;FAILED&quot;, &quot;SUCCESSFUL&quot;)
  File &quot;/home/pi/actions-runner/_work/thin-edge.io/thin-edge.io/tests/PySys/software_management_end_to_end/environment_sm_management.py&quot;, line 381, in wait_until_status
    &quot;Timeout while waiting for status %s or %s&quot; % (status, status2)
SystemError: Timeout while waiting for status FAILED or SUCCESSFUL
09:59:38 WARN  SystemError: Timeout while waiting for status FAILED or SUCCESSFUL ... blocked 
09:59:38 INFO  
09:59:38 INFO  cleanup:
09:59:42 INFO  Executed sudo&lt;tedge_disconnect_c8y&gt;, exit status 0
09:59:43 INFO  Executed systemctl&lt;serv_mapper5&gt;, exit status 3
09:59:43 INFO  
09:59:43 INFO  Test duration: 165.48 secs
09:59:43 INFO  Test final outcome:  BLOCKED
09:59:43 INFO  Test outcome reason: SystemError: Timeout while waiting for status FAILED or SUCCESSFUL
09:59:43 INFO  
</system-out>
	</testcase>
</testsuite>
