<?xml version="1.0" encoding="utf-8"?>
<testsuite failures="1" name="SoftwareManagement.sm_mixed_install_remove_multiple" skipped="0" tests="1" time="165.15" timestamp="2022-06-22T15:16:44">
	<testcase classname="PySysTest" name="SoftwareManagement.sm_mixed_install_remove_multiple">
		<failure message="FAILED: Assert that (False == value) with value=True" type="FAILED"/>
		<system-out>15:13:59 INFO  ==============================================================
15:13:59 INFO  Id:    SoftwareManagement.sm_mixed_install_remove_multiple
15:13:59 INFO  Dir:   software_management_end_to_end/
15:13:59 INFO  Title: Validate end to end behaviour for the dummy-plugin for multiple packages with mixed versions
15:13:59 INFO  ==============================================================
15:13:59 INFO  Using sw id database: {'asciijump': '5475369', 'robotfindskitten': '5474869', 'squirrel3': '5475279', 'rolldice': '5152439', 'moon-buggy': '5439204', 'apple': '5495053', 'banana': '5494888', 'cherry': '5495382', 'watermelon': '5494510', 'registry': '8018911', 'hello-world': '8021526', 'docker/getting-started': '8021973', 'alpine': '7991792'}
15:13:59 INFO  EnvironmentC8y Setup
15:13:59 INFO  Executed systemctl&lt;serv_mapper1&gt;, exit status 3
15:13:59 INFO  Restarting mosquitto too frequently in the last 10 seconds. It was only up for 5 seconds
15:13:59 INFO  Delaying execution by 6 seconds
15:14:20 INFO  Executed sudo&lt;tedge_connect_c8y&gt;, exit status 0, duration 14 secs
15:14:20 INFO  Executed sudo&lt;tedge_connect_c8y_test&gt;, exit status 0
15:14:21 INFO  Executed systemctl&lt;serv_mosq2&gt;, exit status 0
15:14:21 INFO  Executed systemctl&lt;serv_mapper3&gt;, exit status 0
15:14:24 INFO  State of current operation: SUCCESSFUL
15:14:24 INFO  Package apple is installed
15:14:24 INFO  Assert that (True == value) with value=True ... passed
15:14:24 INFO  Package banana is installed
15:14:24 INFO  Assert that (True == value) with value=True ... passed
15:14:24 INFO  Package cherry is installed
15:14:24 INFO  Assert that (True == value) with value=True ... passed
15:14:25 INFO  Package asciijump is installed
15:14:25 WARN  Assert that (False == value) with value=True ... failed 
15:14:25 INFO  Assert that (False == value) with value=False ... passed
15:14:25 INFO  Response status: 201
15:14:25 INFO  Response to action: {
    &quot;delivery&quot;: {
        &quot;log&quot;: [],
        &quot;time&quot;: &quot;2022-06-22T15:14:25.527Z&quot;,
        &quot;status&quot;: &quot;PENDING&quot;
    },
    &quot;creationTime&quot;: &quot;2022-06-22T15:14:25.484Z&quot;,
    &quot;deviceName&quot;: &quot;m32sd10b&quot;,
    &quot;deviceId&quot;: &quot;20404324&quot;,
    &quot;self&quot;: &quot;https://t493319102.eu-latest.cumulocity.com/devicecontrol/operations/20413927&quot;,
    &quot;id&quot;: &quot;20413927&quot;,
    &quot;status&quot;: &quot;PENDING&quot;,
    &quot;description&quot;: &quot;Apply software changes, triggered from PySys: [{'action': 'install', 'id': '5495053', 'name': 'apple', 'url': ' ', 'version': '::fruits'}, {'action': 'install', 'id': '5494888', 'name': 'banana', 'url': ' ', 'version': '::fruits'}, {'action': 'install', 'id': '5475369', 'name': 'asciijump', 'url': ' ', 'version': '::apt'}, {'action': 'install', 'id': '5495382', 'name': 'cherry', 'url': ' ', 'version': '::fruits'}, {'action': 'install', 'id': '8018911', 'name': 'registry', 'url': ' ', 'version': '::docker'}]&quot;,
    &quot;c8y_SoftwareUpdate&quot;: [
        {
            &quot;name&quot;: &quot;apple&quot;,
            &quot;action&quot;: &quot;install&quot;,
            &quot;id&quot;: &quot;5495053&quot;,
            &quot;version&quot;: &quot;::fruits&quot;,
            &quot;url&quot;: &quot; &quot;
        },
        {
            &quot;name&quot;: &quot;banana&quot;,
            &quot;action&quot;: &quot;install&quot;,
            &quot;id&quot;: &quot;5494888&quot;,
            &quot;version&quot;: &quot;::fruits&quot;,
            &quot;url&quot;: &quot; &quot;
        },
        {
            &quot;name&quot;: &quot;asciijump&quot;,
            &quot;action&quot;: &quot;install&quot;,
            &quot;id&quot;: &quot;5475369&quot;,
            &quot;version&quot;: &quot;::apt&quot;,
            &quot;url&quot;: &quot; &quot;
        },
        {
            &quot;name&quot;: &quot;cherry&quot;,
            &quot;action&quot;: &quot;install&quot;,
            &quot;id&quot;: &quot;5495382&quot;,
            &quot;version&quot;: &quot;::fruits&quot;,
            &quot;url&quot;: &quot; &quot;
        },
        {
            &quot;name&quot;: &quot;registry&quot;,
            &quot;action&quot;: &quot;install&quot;,
            &quot;id&quot;: &quot;8018911&quot;,
            &quot;version&quot;: &quot;::docker&quot;,
            &quot;url&quot;: &quot; &quot;
        }
    ]
}
15:14:25 INFO  Started operation: {'delivery': {'log': [], 'time': '2022-06-22T15:14:25.527Z', 'status': 'PENDING'}, 'creationTime': '2022-06-22T15:14:25.484Z', 'deviceName': 'm32sd10b', 'deviceId': '20404324', 'self': 'https://t493319102.eu-latest.cumulocity.com/devicecontrol/operations/20413927', 'id': '20413927', 'status': 'PENDING', 'description': &quot;Apply software changes, triggered from PySys: [{'action': 'install', 'id': '5495053', 'name': 'apple', 'url': ' ', 'version': '::fruits'}, {'action': 'install', 'id': '5494888', 'name': 'banana', 'url': ' ', 'version': '::fruits'}, {'action': 'install', 'id': '5475369', 'name': 'asciijump', 'url': ' ', 'version': '::apt'}, {'action': 'install', 'id': '5495382', 'name': 'cherry', 'url': ' ', 'version': '::fruits'}, {'action': 'install', 'id': '8018911', 'name': 'registry', 'url': ' ', 'version': '::docker'}]&quot;, 'c8y_SoftwareUpdate': [{'name': 'apple', 'action': 'install', 'id': '5495053', 'version': '::fruits', 'url': ' '}, {'name': 'banana', 'action': 'install', 'id': '5494888', 'version': '::fruits', 'url': ' '}, {'name': 'asciijump', 'action': 'install', 'id': '5475369', 'version': '::apt', 'url': ' '}, {'name': 'cherry', 'action': 'install', 'id': '5495382', 'version': '::fruits', 'url': ' '}, {'name': 'registry', 'action': 'install', 'id': '8018911', 'version': '::docker', 'url': ' '}]}
15:14:27 INFO  State of operation 20413927 : PENDING
15:14:30 INFO  State of operation 20413927 : EXECUTING
15:14:32 INFO  State of operation 20413927 : EXECUTING
15:14:34 INFO  State of operation 20413927 : EXECUTING
15:14:36 INFO  State of operation 20413927 : EXECUTING
15:14:38 INFO  State of operation 20413927 : EXECUTING
15:14:41 INFO  State of operation 20413927 : EXECUTING
15:14:44 INFO  State of operation 20413927 : EXECUTING
15:14:46 INFO  State of operation 20413927 : EXECUTING
15:14:49 INFO  State of operation 20413927 : EXECUTING
15:14:51 INFO  State of operation 20413927 : EXECUTING
15:14:53 INFO  State of operation 20413927 : EXECUTING
15:14:55 INFO  State of operation 20413927 : EXECUTING
15:14:57 INFO  State of operation 20413927 : EXECUTING
15:15:00 INFO  State of operation 20413927 : EXECUTING
15:15:02 INFO  State of operation 20413927 : EXECUTING
15:15:04 INFO  State of operation 20413927 : EXECUTING
15:15:06 INFO  State of operation 20413927 : EXECUTING
15:15:09 INFO  State of operation 20413927 : EXECUTING
15:15:11 INFO  State of operation 20413927 : EXECUTING
15:15:13 INFO  State of operation 20413927 : EXECUTING
15:15:15 INFO  State of operation 20413927 : EXECUTING
15:15:18 INFO  State of operation 20413927 : EXECUTING
15:15:20 INFO  State of operation 20413927 : EXECUTING
15:15:22 INFO  State of operation 20413927 : EXECUTING
15:15:24 INFO  State of operation 20413927 : SUCCESSFUL
15:15:25 INFO  Package apple is installed
15:15:25 INFO  Assert that (True == value) with value=True ... passed
15:15:25 INFO  Package banana is installed
15:15:25 INFO  Assert that (True == value) with value=True ... passed
15:15:25 INFO  Package cherry is installed
15:15:25 INFO  Assert that (True == value) with value=True ... passed
15:15:25 INFO  Package asciijump is installed
15:15:25 INFO  Assert that (True == value) with value=True ... passed
15:15:26 INFO  Package registry is installed
15:15:26 INFO  Assert that (True == value) with value=True ... passed
15:15:26 INFO  Response status: 201
15:15:26 INFO  Response to action: {
    &quot;delivery&quot;: {
        &quot;log&quot;: [],
        &quot;time&quot;: &quot;2022-06-22T15:15:26.576Z&quot;,
        &quot;status&quot;: &quot;PENDING&quot;
    },
    &quot;creationTime&quot;: &quot;2022-06-22T15:15:26.212Z&quot;,
    &quot;deviceName&quot;: &quot;m32sd10b&quot;,
    &quot;deviceId&quot;: &quot;20404324&quot;,
    &quot;self&quot;: &quot;https://t493319102.eu-latest.cumulocity.com/devicecontrol/operations/20413942&quot;,
    &quot;id&quot;: &quot;20413942&quot;,
    &quot;status&quot;: &quot;PENDING&quot;,
    &quot;description&quot;: &quot;Apply software changes, triggered from PySys: [{'action': 'delete', 'id': '5495053', 'name': 'apple', 'url': ' ', 'version': '::fruits'}, {'action': 'delete', 'id': '5494888', 'name': 'banana', 'url': ' ', 'version': '::fruits'}, {'action': 'delete', 'id': '5475369', 'name': 'asciijump', 'url': ' ', 'version': '::apt'}, {'action': 'delete', 'id': '5495382', 'name': 'cherry', 'url': ' ', 'version': '::fruits'}, {'action': 'delete', 'id': '8018911', 'name': 'registry', 'url': ' ', 'version': '::docker'}]&quot;,
    &quot;c8y_SoftwareUpdate&quot;: [
        {
            &quot;name&quot;: &quot;apple&quot;,
            &quot;action&quot;: &quot;delete&quot;,
            &quot;id&quot;: &quot;5495053&quot;,
            &quot;version&quot;: &quot;::fruits&quot;,
            &quot;url&quot;: &quot; &quot;
        },
        {
            &quot;name&quot;: &quot;banana&quot;,
            &quot;action&quot;: &quot;delete&quot;,
            &quot;id&quot;: &quot;5494888&quot;,
            &quot;version&quot;: &quot;::fruits&quot;,
            &quot;url&quot;: &quot; &quot;
        },
        {
            &quot;name&quot;: &quot;asciijump&quot;,
            &quot;action&quot;: &quot;delete&quot;,
            &quot;id&quot;: &quot;5475369&quot;,
            &quot;version&quot;: &quot;::apt&quot;,
            &quot;url&quot;: &quot; &quot;
        },
        {
            &quot;name&quot;: &quot;cherry&quot;,
            &quot;action&quot;: &quot;delete&quot;,
            &quot;id&quot;: &quot;5495382&quot;,
            &quot;version&quot;: &quot;::fruits&quot;,
            &quot;url&quot;: &quot; &quot;
        },
        {
            &quot;name&quot;: &quot;registry&quot;,
            &quot;action&quot;: &quot;delete&quot;,
            &quot;id&quot;: &quot;8018911&quot;,
            &quot;version&quot;: &quot;::docker&quot;,
            &quot;url&quot;: &quot; &quot;
        }
    ]
}
15:15:26 INFO  Started operation: {'delivery': {'log': [], 'time': '2022-06-22T15:15:26.576Z', 'status': 'PENDING'}, 'creationTime': '2022-06-22T15:15:26.212Z', 'deviceName': 'm32sd10b', 'deviceId': '20404324', 'self': 'https://t493319102.eu-latest.cumulocity.com/devicecontrol/operations/20413942', 'id': '20413942', 'status': 'PENDING', 'description': &quot;Apply software changes, triggered from PySys: [{'action': 'delete', 'id': '5495053', 'name': 'apple', 'url': ' ', 'version': '::fruits'}, {'action': 'delete', 'id': '5494888', 'name': 'banana', 'url': ' ', 'version': '::fruits'}, {'action': 'delete', 'id': '5475369', 'name': 'asciijump', 'url': ' ', 'version': '::apt'}, {'action': 'delete', 'id': '5495382', 'name': 'cherry', 'url': ' ', 'version': '::fruits'}, {'action': 'delete', 'id': '8018911', 'name': 'registry', 'url': ' ', 'version': '::docker'}]&quot;, 'c8y_SoftwareUpdate': [{'name': 'apple', 'action': 'delete', 'id': '5495053', 'version': '::fruits', 'url': ' '}, {'name': 'banana', 'action': 'delete', 'id': '5494888', 'version': '::fruits', 'url': ' '}, {'name': 'asciijump', 'action': 'delete', 'id': '5475369', 'version': '::apt', 'url': ' '}, {'name': 'cherry', 'action': 'delete', 'id': '5495382', 'version': '::fruits', 'url': ' '}, {'name': 'registry', 'action': 'delete', 'id': '8018911', 'version': '::docker', 'url': ' '}]}
15:15:28 INFO  State of operation 20413942 : PENDING
15:15:31 INFO  State of operation 20413942 : EXECUTING
15:15:33 INFO  State of operation 20413942 : EXECUTING
15:15:35 INFO  State of operation 20413942 : EXECUTING
15:15:37 INFO  State of operation 20413942 : EXECUTING
15:15:39 INFO  State of operation 20413942 : EXECUTING
15:15:42 INFO  State of operation 20413942 : EXECUTING
15:15:44 INFO  State of operation 20413942 : EXECUTING
15:15:47 INFO  State of operation 20413942 : EXECUTING
15:15:49 INFO  State of operation 20413942 : EXECUTING
15:15:52 INFO  State of operation 20413942 : EXECUTING
15:15:54 INFO  State of operation 20413942 : EXECUTING
15:15:56 INFO  State of operation 20413942 : EXECUTING
15:15:58 INFO  State of operation 20413942 : EXECUTING
15:16:01 INFO  State of operation 20413942 : EXECUTING
15:16:03 INFO  State of operation 20413942 : EXECUTING
15:16:07 INFO  State of operation 20413942 : EXECUTING
15:16:10 INFO  State of operation 20413942 : EXECUTING
15:16:12 INFO  State of operation 20413942 : EXECUTING
15:16:14 INFO  State of operation 20413942 : EXECUTING
15:16:17 INFO  State of operation 20413942 : EXECUTING
15:16:19 INFO  State of operation 20413942 : EXECUTING
15:16:22 INFO  State of operation 20413942 : EXECUTING
15:16:24 INFO  State of operation 20413942 : EXECUTING
15:16:26 INFO  State of operation 20413942 : EXECUTING
15:16:28 INFO  State of operation 20413942 : EXECUTING
15:16:31 INFO  State of operation 20413942 : EXECUTING
15:16:33 INFO  State of operation 20413942 : EXECUTING
15:16:35 INFO  State of operation 20413942 : EXECUTING
15:16:38 INFO  State of operation 20413942 : SUCCESSFUL
15:16:38 INFO  Package apple is installed
15:16:38 INFO  Assert that (True == value) with value=True ... passed
15:16:38 INFO  Package banana is installed
15:16:38 INFO  Assert that (True == value) with value=True ... passed
15:16:38 INFO  Package cherry is installed
15:16:38 INFO  Assert that (True == value) with value=True ... passed
15:16:39 INFO  Assert that (False == value) with value=False ... passed
15:16:39 INFO  Assert that (False == value) with value=False ... passed
15:16:39 INFO  
15:16:39 INFO  cleanup:
15:16:43 INFO  Executed sudo&lt;tedge_disconnect_c8y&gt;, exit status 0
15:16:44 INFO  Executed systemctl&lt;serv_mapper5&gt;, exit status 3
15:16:44 INFO  
15:16:44 INFO  Test duration: 165.15 secs
15:16:44 INFO  Test final outcome:  FAILED
15:16:44 INFO  Test outcome reason: Assert that (False == value) with value=True
15:16:44 INFO  
</system-out>
	</testcase>
</testsuite>
