<?xml version="1.0" encoding="utf-8"?>
<testsuite failures="1" name="SoftwareManagement.Plugin.apama_plugin_update" skipped="0" tests="1" time="21.76" timestamp="2022-07-25T12:48:53">
	<testcase classname="ApamaPluginUpdateTest" name="SoftwareManagement.Plugin.apama_plugin_update">
		<failure message="BLOCKED: sudo&lt;plugin_install&gt; returned non-zero exit code 2" type="BLOCKED"/>
		<system-out>12:48:31 INFO  ==============================================================
12:48:31 INFO  Id:    SoftwareManagement.Plugin.apama_plugin_update
12:48:31 INFO  Dir:   plugin_apama/
12:48:31 INFO  Title: Validate apama plugin updating one project with another
12:48:31 INFO  ==============================================================
12:48:31 INFO  Assertion that path exists=False for &quot;/etc/tedge/apama/project&quot; ... passed
12:48:32 INFO  Executed sudo&lt;create_project_dir&gt;, exit status 0
12:48:32 INFO  Executed sudo&lt;unzip_apama_project&gt;, exit status 0
12:48:33 INFO  Executed sudo&lt;move_apama_project&gt;, exit status 0
12:48:34 INFO  Executed sudo&lt;restart_apama_service&gt;, exit status 0
12:48:35 INFO  Executed sudo&lt;apama_correlator_wait&gt;, exit status 0
12:48:35 INFO  Assertion that path exists=True for &quot;/etc/tedge/apama/project&quot; ... passed
12:48:35 INFO  Executed sudo&lt;apama_list_monitors&gt;, exit status 0
12:48:35 INFO  Grep on file /home/pi/actions-runner/_work/thin-edge.io/thin-edge.io/tests/PySys/plugin_apama/apama_plugin_update/Output/linux/apama_list_monitors.out ... passed
12:48:36 WARN  Executed sudo&lt;plugin_install&gt;, exit status 2
12:48:36 INFO  Contents of plugin_install.err: 
  ERROR: Directory not empty (os error 39)
  -----

12:48:36 WARN  sudo&lt;plugin_install&gt; returned non-zero exit code 2 ... blocked [run.py:35]
12:48:36 WARN  Aborted test due to BLOCKED outcome
12:48:36 INFO  
12:48:36 INFO  cleanup:
12:48:36 INFO  Removing apama project
12:48:52 INFO  Executed sudo&lt;stop_apama_service&gt;, exit status 0, duration 15 secs
12:48:52 INFO  Executed sudo&lt;remove_apama_project&gt;, exit status 0
12:48:53 INFO  Executed sudo&lt;remove_apama_tmp_dir&gt;, exit status 0
12:48:53 INFO  
12:48:53 INFO  Test duration: 21.76 secs
12:48:53 INFO  Test final outcome:  BLOCKED
12:48:53 INFO  Test outcome reason: sudo&lt;plugin_install&gt; returned non-zero exit code 2
12:48:53 INFO  
</system-out>
	</testcase>
</testsuite>
