<?xml version="1.0" encoding="utf-8"?>
<testsuite failures="1" name="SoftwareManagement.sm_apt_install_fail" skipped="0" tests="1" time="166.73" timestamp="2022-05-23T16:05:34">
	<testcase classname="PySysTest" name="SoftwareManagement.sm_apt_install_fail">
		<failure message="BLOCKED: SystemError: Timeout while waiting for status FAILED or SUCCESSFUL" type="BLOCKED"/>
		<system-out>16:02:47 INFO  ==============================================================
16:02:47 INFO  Id:    SoftwareManagement.sm_apt_install_fail
16:02:47 INFO  Dir:   software_management_end_to_end/
16:02:47 INFO  Title: Validate end to end behaviour for a failing installation
16:02:47 INFO  ==============================================================
16:02:47 INFO  Using sw id database: {'asciijump': '5475369', 'robotfindskitten': '5474869', 'squirrel3': '5475279', 'rolldice': '5152439', 'moon-buggy': '5439204', 'apple': '5495053', 'banana': '5494888', 'cherry': '5495382', 'watermelon': '5494510', 'registry': '8018911', 'hello-world': '8021526', 'docker/getting-started': '8021973', 'alpine': '7991792'}
16:02:47 INFO  EnvironmentC8y Setup
16:02:48 INFO  Executed systemctl&lt;serv_mapper1&gt;, exit status 3
16:02:48 INFO  Restarting mosquitto too frequently in the last 10 seconds. It was only up for 4 seconds
16:02:48 INFO  Delaying execution by 7 seconds
16:03:09 INFO  Executed sudo&lt;tedge_connect_c8y&gt;, exit status 0, duration 13 secs
16:03:09 INFO  Executed sudo&lt;tedge_connect_c8y_test&gt;, exit status 0
16:03:10 INFO  Executed systemctl&lt;serv_mosq2&gt;, exit status 0
16:03:10 INFO  Executed systemctl&lt;serv_mapper3&gt;, exit status 0
16:03:13 INFO  State of current operation: PENDING
16:03:15 INFO  State of current operation: PENDING
16:03:17 INFO  State of current operation: PENDING
16:03:20 INFO  State of current operation: PENDING
16:03:22 INFO  State of current operation: PENDING
16:03:24 INFO  State of current operation: PENDING
16:03:26 INFO  State of current operation: PENDING
16:03:29 INFO  State of current operation: PENDING
16:03:31 INFO  State of current operation: PENDING
16:03:33 INFO  State of current operation: PENDING
16:03:35 INFO  State of current operation: PENDING
16:03:37 INFO  State of current operation: PENDING
16:03:40 INFO  State of current operation: PENDING
16:03:42 INFO  State of current operation: PENDING
16:03:44 INFO  State of current operation: PENDING
16:03:46 INFO  State of current operation: PENDING
16:03:49 INFO  State of current operation: PENDING
16:03:51 INFO  State of current operation: PENDING
16:03:53 INFO  State of current operation: PENDING
16:03:56 INFO  State of current operation: PENDING
16:03:58 INFO  State of current operation: PENDING
16:04:00 INFO  State of current operation: PENDING
16:04:02 INFO  State of current operation: PENDING
16:04:04 INFO  State of current operation: PENDING
16:04:07 INFO  State of current operation: PENDING
16:04:09 INFO  State of current operation: PENDING
16:04:11 INFO  State of current operation: PENDING
16:04:13 INFO  State of current operation: PENDING
16:04:16 INFO  State of current operation: PENDING
16:04:18 INFO  State of current operation: PENDING
16:04:20 INFO  State of current operation: PENDING
16:04:22 INFO  State of current operation: PENDING
16:04:25 INFO  State of current operation: PENDING
16:04:27 INFO  State of current operation: PENDING
16:04:29 INFO  State of current operation: PENDING
16:04:31 INFO  State of current operation: PENDING
16:04:34 INFO  State of current operation: PENDING
16:04:36 INFO  State of current operation: PENDING
16:04:38 INFO  State of current operation: PENDING
16:04:40 INFO  State of current operation: PENDING
16:04:42 INFO  State of current operation: PENDING
16:04:45 INFO  State of current operation: PENDING
16:04:47 INFO  State of current operation: PENDING
16:04:49 INFO  State of current operation: PENDING
16:04:51 INFO  State of current operation: PENDING
16:04:54 INFO  State of current operation: PENDING
16:04:56 INFO  State of current operation: PENDING
16:04:58 INFO  State of current operation: PENDING
16:05:00 INFO  State of current operation: PENDING
16:05:03 INFO  State of current operation: PENDING
16:05:05 INFO  State of current operation: PENDING
16:05:07 INFO  State of current operation: PENDING
16:05:09 INFO  State of current operation: PENDING
16:05:12 INFO  State of current operation: PENDING
16:05:14 INFO  State of current operation: PENDING
16:05:16 INFO  State of current operation: PENDING
16:05:18 INFO  State of current operation: PENDING
16:05:20 INFO  State of current operation: PENDING
16:05:23 INFO  State of current operation: PENDING
16:05:25 INFO  State of current operation: PENDING
16:05:27 INFO  State of current operation: PENDING
16:05:29 WARN  SystemError occurred while running test - Timeout while waiting for status FAILED or SUCCESSFUL
Traceback (most recent call last):
  File &quot;/home/pi/env-pysys/lib/python3.7/site-packages/pysys/baserunner.py&quot;, line 1292, in __call__
    self.testObj.setup()
  File &quot;/home/pi/actions-runner/_work/thin-edge.io/thin-edge.io/tests/PySys/software_management_end_to_end/sm_apt_install_fail/run.py&quot;, line 20, in setup
    super().setup()
  File &quot;/home/pi/actions-runner/_work/thin-edge.io/thin-edge.io/tests/PySys/software_management_end_to_end/environment_sm_management.py&quot;, line 151, in setup
    self.wait_until_end()
  File &quot;/home/pi/actions-runner/_work/thin-edge.io/thin-edge.io/tests/PySys/software_management_end_to_end/environment_sm_management.py&quot;, line 332, in wait_until_end
    self.wait_until_status(&quot;FAILED&quot;, &quot;SUCCESSFUL&quot;)
  File &quot;/home/pi/actions-runner/_work/thin-edge.io/thin-edge.io/tests/PySys/software_management_end_to_end/environment_sm_management.py&quot;, line 381, in wait_until_status
    &quot;Timeout while waiting for status %s or %s&quot; % (status, status2)
SystemError: Timeout while waiting for status FAILED or SUCCESSFUL
16:05:29 WARN  SystemError: Timeout while waiting for status FAILED or SUCCESSFUL ... blocked 
16:05:29 INFO  
16:05:29 INFO  cleanup:
16:05:33 INFO  Executed sudo&lt;tedge_disconnect_c8y&gt;, exit status 0
16:05:34 INFO  Executed systemctl&lt;serv_mapper5&gt;, exit status 3
16:05:34 INFO  
16:05:34 INFO  Test duration: 166.73 secs
16:05:34 INFO  Test final outcome:  BLOCKED
16:05:34 INFO  Test outcome reason: SystemError: Timeout while waiting for status FAILED or SUCCESSFUL
16:05:34 INFO  
</system-out>
	</testcase>
</testsuite>
