<?xml version="1.0" encoding="utf-8"?>
<testsuite failures="1" name="SoftwareManagement.sm_apt_install_remove_multiple" skipped="0" tests="1" time="136.98" timestamp="2022-06-22T16:59:55">
	<testcase classname="PySysTest" name="SoftwareManagement.sm_apt_install_remove_multiple">
		<failure message="FAILED: Assert that (False == value) with value=True (+2 other failures)" type="FAILED"/>
		<system-out>16:57:38 INFO  ==============================================================
16:57:38 INFO  Id:    SoftwareManagement.sm_apt_install_remove_multiple
16:57:38 INFO  Dir:   software_management_end_to_end/
16:57:38 INFO  Title: Validate end to end behaviour for the apt plugin for multiple packages
16:57:38 INFO  ==============================================================
16:57:38 INFO  Using sw id database: {'asciijump': '5475369', 'robotfindskitten': '5474869', 'squirrel3': '5475279', 'rolldice': '5152439', 'moon-buggy': '5439204', 'apple': '5495053', 'banana': '5494888', 'cherry': '5495382', 'watermelon': '5494510', 'registry': '8018911', 'hello-world': '8021526', 'docker/getting-started': '8021973', 'alpine': '7991792'}
16:57:38 INFO  EnvironmentC8y Setup
16:57:38 INFO  Executed systemctl&lt;serv_mapper1&gt;, exit status 3
16:57:39 INFO  Restarting mosquitto too frequently in the last 10 seconds. It was only up for 5 seconds
16:57:39 INFO  Delaying execution by 6 seconds
16:57:59 INFO  Executed sudo&lt;tedge_connect_c8y&gt;, exit status 0, duration 14 secs
16:57:59 INFO  Executed sudo&lt;tedge_connect_c8y_test&gt;, exit status 0
16:58:00 INFO  Executed systemctl&lt;serv_mosq2&gt;, exit status 0
16:58:00 INFO  Executed systemctl&lt;serv_mapper3&gt;, exit status 0
16:58:02 INFO  State of current operation: SUCCESSFUL
16:58:03 INFO  Assert that (False == value) with value=False ... passed
16:58:03 INFO  Package asciijump is installed
16:58:03 WARN  Assert that (False == value) with value=True ... failed 
16:58:03 INFO  Package squirrel3 is installed
16:58:03 WARN  Assert that (False == value) with value=True ... failed 
16:58:04 INFO  Package robotfindskitten is installed
16:58:04 WARN  Assert that (False == value) with value=True ... failed 
16:58:04 INFO  Response status: 201
16:58:04 INFO  Response to action: {
    &quot;creationTime&quot;: &quot;2022-06-22T16:58:04.346Z&quot;,
    &quot;deviceName&quot;: &quot;m32sd10b&quot;,
    &quot;deviceId&quot;: &quot;20418358&quot;,
    &quot;self&quot;: &quot;https://t493319102.eu-latest.cumulocity.com/devicecontrol/operations/20427560&quot;,
    &quot;id&quot;: &quot;20427560&quot;,
    &quot;status&quot;: &quot;PENDING&quot;,
    &quot;description&quot;: &quot;Apply software changes, triggered from PySys: [{'action': 'install', 'id': '5475369', 'name': 'asciijump', 'url': ' ', 'version': '::apt'}, {'action': 'install', 'id': '5474869', 'name': 'robotfindskitten', 'url': ' ', 'version': '::apt'}, {'action': 'install', 'id': '5475279', 'name': 'squirrel3', 'url': ' ', 'version': '::apt'}]&quot;,
    &quot;c8y_SoftwareUpdate&quot;: [
        {
            &quot;name&quot;: &quot;asciijump&quot;,
            &quot;action&quot;: &quot;install&quot;,
            &quot;id&quot;: &quot;5475369&quot;,
            &quot;version&quot;: &quot;::apt&quot;,
            &quot;url&quot;: &quot; &quot;
        },
        {
            &quot;name&quot;: &quot;robotfindskitten&quot;,
            &quot;action&quot;: &quot;install&quot;,
            &quot;id&quot;: &quot;5474869&quot;,
            &quot;version&quot;: &quot;::apt&quot;,
            &quot;url&quot;: &quot; &quot;
        },
        {
            &quot;name&quot;: &quot;squirrel3&quot;,
            &quot;action&quot;: &quot;install&quot;,
            &quot;id&quot;: &quot;5475279&quot;,
            &quot;version&quot;: &quot;::apt&quot;,
            &quot;url&quot;: &quot; &quot;
        }
    ]
}
16:58:04 INFO  Started operation: {'creationTime': '2022-06-22T16:58:04.346Z', 'deviceName': 'm32sd10b', 'deviceId': '20418358', 'self': 'https://t493319102.eu-latest.cumulocity.com/devicecontrol/operations/20427560', 'id': '20427560', 'status': 'PENDING', 'description': &quot;Apply software changes, triggered from PySys: [{'action': 'install', 'id': '5475369', 'name': 'asciijump', 'url': ' ', 'version': '::apt'}, {'action': 'install', 'id': '5474869', 'name': 'robotfindskitten', 'url': ' ', 'version': '::apt'}, {'action': 'install', 'id': '5475279', 'name': 'squirrel3', 'url': ' ', 'version': '::apt'}]&quot;, 'c8y_SoftwareUpdate': [{'name': 'asciijump', 'action': 'install', 'id': '5475369', 'version': '::apt', 'url': ' '}, {'name': 'robotfindskitten', 'action': 'install', 'id': '5474869', 'version': '::apt', 'url': ' '}, {'name': 'squirrel3', 'action': 'install', 'id': '5475279', 'version': '::apt', 'url': ' '}]}
16:58:06 INFO  State of operation 20427560 : PENDING
16:58:08 INFO  State of operation 20427560 : EXECUTING
16:58:11 INFO  State of operation 20427560 : EXECUTING
16:58:13 INFO  State of operation 20427560 : EXECUTING
16:58:15 INFO  State of operation 20427560 : EXECUTING
16:58:17 INFO  State of operation 20427560 : EXECUTING
16:58:20 INFO  State of operation 20427560 : EXECUTING
16:58:23 INFO  State of operation 20427560 : EXECUTING
16:58:25 INFO  State of operation 20427560 : EXECUTING
16:58:27 INFO  State of operation 20427560 : EXECUTING
16:58:30 INFO  State of operation 20427560 : EXECUTING
16:58:32 INFO  State of operation 20427560 : EXECUTING
16:58:34 INFO  State of operation 20427560 : EXECUTING
16:58:36 INFO  State of operation 20427560 : EXECUTING
16:58:38 INFO  State of operation 20427560 : EXECUTING
16:58:41 INFO  State of operation 20427560 : SUCCESSFUL
16:58:41 INFO  Assert that (False == value) with value=False ... passed
16:58:41 INFO  Package asciijump is installed
16:58:41 INFO  Assert that (True == value) with value=True ... passed
16:58:41 INFO  Package squirrel3 is installed
16:58:41 INFO  Assert that (True == value) with value=True ... passed
16:58:42 INFO  Package robotfindskitten is installed
16:58:42 INFO  Assert that (True == value) with value=True ... passed
16:58:42 INFO  Response status: 201
16:58:42 INFO  Response to action: {
    &quot;creationTime&quot;: &quot;2022-06-22T16:58:42.258Z&quot;,
    &quot;deviceName&quot;: &quot;m32sd10b&quot;,
    &quot;deviceId&quot;: &quot;20418358&quot;,
    &quot;self&quot;: &quot;https://t493319102.eu-latest.cumulocity.com/devicecontrol/operations/20427570&quot;,
    &quot;id&quot;: &quot;20427570&quot;,
    &quot;status&quot;: &quot;PENDING&quot;,
    &quot;description&quot;: &quot;Apply software changes, triggered from PySys: [{'action': 'delete', 'id': '5475369', 'name': 'asciijump', 'url': ' ', 'version': '::apt'}, {'action': 'delete', 'id': '5474869', 'name': 'robotfindskitten', 'url': ' ', 'version': '::apt'}, {'action': 'delete', 'id': '5475279', 'name': 'squirrel3', 'url': ' ', 'version': '::apt'}]&quot;,
    &quot;c8y_SoftwareUpdate&quot;: [
        {
            &quot;name&quot;: &quot;asciijump&quot;,
            &quot;action&quot;: &quot;delete&quot;,
            &quot;id&quot;: &quot;5475369&quot;,
            &quot;version&quot;: &quot;::apt&quot;,
            &quot;url&quot;: &quot; &quot;
        },
        {
            &quot;name&quot;: &quot;robotfindskitten&quot;,
            &quot;action&quot;: &quot;delete&quot;,
            &quot;id&quot;: &quot;5474869&quot;,
            &quot;version&quot;: &quot;::apt&quot;,
            &quot;url&quot;: &quot; &quot;
        },
        {
            &quot;name&quot;: &quot;squirrel3&quot;,
            &quot;action&quot;: &quot;delete&quot;,
            &quot;id&quot;: &quot;5475279&quot;,
            &quot;version&quot;: &quot;::apt&quot;,
            &quot;url&quot;: &quot; &quot;
        }
    ]
}
16:58:42 INFO  Started operation: {'creationTime': '2022-06-22T16:58:42.258Z', 'deviceName': 'm32sd10b', 'deviceId': '20418358', 'self': 'https://t493319102.eu-latest.cumulocity.com/devicecontrol/operations/20427570', 'id': '20427570', 'status': 'PENDING', 'description': &quot;Apply software changes, triggered from PySys: [{'action': 'delete', 'id': '5475369', 'name': 'asciijump', 'url': ' ', 'version': '::apt'}, {'action': 'delete', 'id': '5474869', 'name': 'robotfindskitten', 'url': ' ', 'version': '::apt'}, {'action': 'delete', 'id': '5475279', 'name': 'squirrel3', 'url': ' ', 'version': '::apt'}]&quot;, 'c8y_SoftwareUpdate': [{'name': 'asciijump', 'action': 'delete', 'id': '5475369', 'version': '::apt', 'url': ' '}, {'name': 'robotfindskitten', 'action': 'delete', 'id': '5474869', 'version': '::apt', 'url': ' '}, {'name': 'squirrel3', 'action': 'delete', 'id': '5475279', 'version': '::apt', 'url': ' '}]}
16:58:44 INFO  State of operation 20427570 : PENDING
16:58:46 INFO  State of operation 20427570 : EXECUTING
16:58:48 INFO  State of operation 20427570 : EXECUTING
16:58:51 INFO  State of operation 20427570 : EXECUTING
16:58:53 INFO  State of operation 20427570 : EXECUTING
16:58:55 INFO  State of operation 20427570 : EXECUTING
16:58:58 INFO  State of operation 20427570 : EXECUTING
16:59:01 INFO  State of operation 20427570 : EXECUTING
16:59:03 INFO  State of operation 20427570 : EXECUTING
16:59:05 INFO  State of operation 20427570 : EXECUTING
16:59:07 INFO  State of operation 20427570 : EXECUTING
16:59:10 INFO  State of operation 20427570 : EXECUTING
16:59:12 INFO  State of operation 20427570 : EXECUTING
16:59:14 INFO  State of operation 20427570 : EXECUTING
16:59:16 INFO  State of operation 20427570 : EXECUTING
16:59:19 INFO  State of operation 20427570 : EXECUTING
16:59:21 INFO  State of operation 20427570 : EXECUTING
16:59:23 INFO  State of operation 20427570 : EXECUTING
16:59:26 INFO  State of operation 20427570 : EXECUTING
16:59:28 INFO  State of operation 20427570 : EXECUTING
16:59:31 INFO  State of operation 20427570 : EXECUTING
16:59:33 INFO  State of operation 20427570 : EXECUTING
16:59:35 INFO  State of operation 20427570 : EXECUTING
16:59:37 INFO  State of operation 20427570 : EXECUTING
16:59:40 INFO  State of operation 20427570 : EXECUTING
16:59:42 INFO  State of operation 20427570 : EXECUTING
16:59:45 INFO  State of operation 20427570 : EXECUTING
16:59:47 INFO  State of operation 20427570 : EXECUTING
16:59:49 INFO  State of operation 20427570 : SUCCESSFUL
16:59:49 INFO  Assert that (False == value) with value=False ... passed
16:59:50 INFO  Assert that (False == value) with value=False ... passed
16:59:50 INFO  Assert that (False == value) with value=False ... passed
16:59:50 INFO  Assert that (False == value) with value=False ... passed
16:59:50 INFO  
16:59:50 INFO  cleanup:
16:59:54 INFO  Executed sudo&lt;tedge_disconnect_c8y&gt;, exit status 0
16:59:55 INFO  Executed systemctl&lt;serv_mapper5&gt;, exit status 3
16:59:55 INFO  
16:59:55 INFO  Test duration: 136.98 secs
16:59:55 INFO  Test final outcome:  FAILED
16:59:55 INFO  Test outcome reason: Assert that (False == value) with value=True (+2 other failures)
16:59:55 INFO  
</system-out>
	</testcase>
</testsuite>
