<?xml version="1.0" encoding="utf-8"?>
<testsuite failures="1" name="SoftwareManagement.sm_mixed_install_remove_multiple" skipped="0" tests="1" time="166.63" timestamp="2022-07-21T11:20:48">
	<testcase classname="PySysTest" name="SoftwareManagement.sm_mixed_install_remove_multiple">
		<failure message="FAILED: Assert that (False == value) with value=True" type="FAILED"/>
		<system-out>11:18:01 INFO  ==============================================================
11:18:01 INFO  Id:    SoftwareManagement.sm_mixed_install_remove_multiple
11:18:01 INFO  Dir:   software_management_end_to_end/
11:18:01 INFO  Title: Validate end to end behaviour for the dummy-plugin for multiple packages with mixed versions
11:18:01 INFO  ==============================================================
11:18:01 INFO  Using sw id database: {'asciijump': '5475369', 'robotfindskitten': '5474869', 'squirrel3': '5475279', 'rolldice': '5152439', 'moon-buggy': '5439204', 'apple': '5495053', 'banana': '5494888', 'cherry': '5495382', 'watermelon': '5494510', 'registry': '8018911', 'hello-world': '8021526', 'docker/getting-started': '8021973', 'alpine': '7991792'}
11:18:01 INFO  EnvironmentC8y Setup
11:18:02 INFO  Executed systemctl&lt;serv_mapper1&gt;, exit status 3
11:18:02 INFO  Restarting mosquitto too frequently in the last 10 seconds. It was only up for 4 seconds
11:18:02 INFO  Delaying execution by 7 seconds
11:18:23 INFO  Executed sudo&lt;tedge_connect_c8y&gt;, exit status 0, duration 13 secs
11:18:23 INFO  Executed sudo&lt;tedge_connect_c8y_test&gt;, exit status 0
11:18:24 INFO  Executed systemctl&lt;serv_mosq2&gt;, exit status 0
11:18:24 INFO  Executed systemctl&lt;serv_mapper3&gt;, exit status 0
11:18:27 INFO  State of current operation: SUCCESSFUL
11:18:27 INFO  Package apple is installed
11:18:27 INFO  Assert that (True == value) with value=True ... passed
11:18:27 INFO  Package banana is installed
11:18:27 INFO  Assert that (True == value) with value=True ... passed
11:18:27 INFO  Package cherry is installed
11:18:27 INFO  Assert that (True == value) with value=True ... passed
11:18:28 INFO  Package asciijump is installed
11:18:28 WARN  Assert that (False == value) with value=True ... failed 
11:18:28 INFO  Assert that (False == value) with value=False ... passed
11:18:28 INFO  Response status: 201
11:18:28 INFO  Response to action: {
    &quot;delivery&quot;: {
        &quot;log&quot;: [],
        &quot;time&quot;: &quot;2022-07-21T11:18:28.619Z&quot;,
        &quot;status&quot;: &quot;PENDING&quot;
    },
    &quot;creationTime&quot;: &quot;2022-07-21T11:18:28.596Z&quot;,
    &quot;deviceId&quot;: &quot;21095388&quot;,
    &quot;deviceName&quot;: &quot;m32sd10b&quot;,
    &quot;self&quot;: &quot;https://t493319102.eu-latest.cumulocity.com/devicecontrol/operations/21118513&quot;,
    &quot;id&quot;: &quot;21118513&quot;,
    &quot;status&quot;: &quot;PENDING&quot;,
    &quot;description&quot;: &quot;Apply software changes, triggered from PySys: [{'action': 'install', 'id': '5495053', 'name': 'apple', 'url': ' ', 'version': '::fruits'}, {'action': 'install', 'id': '5494888', 'name': 'banana', 'url': ' ', 'version': '::fruits'}, {'action': 'install', 'id': '5475369', 'name': 'asciijump', 'url': ' ', 'version': '::apt'}, {'action': 'install', 'id': '5495382', 'name': 'cherry', 'url': ' ', 'version': '::fruits'}, {'action': 'install', 'id': '8018911', 'name': 'registry', 'url': ' ', 'version': '::docker'}]&quot;,
    &quot;c8y_SoftwareUpdate&quot;: [
        {
            &quot;name&quot;: &quot;apple&quot;,
            &quot;action&quot;: &quot;install&quot;,
            &quot;id&quot;: &quot;5495053&quot;,
            &quot;version&quot;: &quot;::fruits&quot;,
            &quot;url&quot;: &quot; &quot;
        },
        {
            &quot;name&quot;: &quot;banana&quot;,
            &quot;action&quot;: &quot;install&quot;,
            &quot;id&quot;: &quot;5494888&quot;,
            &quot;version&quot;: &quot;::fruits&quot;,
            &quot;url&quot;: &quot; &quot;
        },
        {
            &quot;name&quot;: &quot;asciijump&quot;,
            &quot;action&quot;: &quot;install&quot;,
            &quot;id&quot;: &quot;5475369&quot;,
            &quot;version&quot;: &quot;::apt&quot;,
            &quot;url&quot;: &quot; &quot;
        },
        {
            &quot;name&quot;: &quot;cherry&quot;,
            &quot;action&quot;: &quot;install&quot;,
            &quot;id&quot;: &quot;5495382&quot;,
            &quot;version&quot;: &quot;::fruits&quot;,
            &quot;url&quot;: &quot; &quot;
        },
        {
            &quot;name&quot;: &quot;registry&quot;,
            &quot;action&quot;: &quot;install&quot;,
            &quot;id&quot;: &quot;8018911&quot;,
            &quot;version&quot;: &quot;::docker&quot;,
            &quot;url&quot;: &quot; &quot;
        }
    ]
}
11:18:28 INFO  Started operation: {'delivery': {'log': [], 'time': '2022-07-21T11:18:28.619Z', 'status': 'PENDING'}, 'creationTime': '2022-07-21T11:18:28.596Z', 'deviceId': '21095388', 'deviceName': 'm32sd10b', 'self': 'https://t493319102.eu-latest.cumulocity.com/devicecontrol/operations/21118513', 'id': '21118513', 'status': 'PENDING', 'description': &quot;Apply software changes, triggered from PySys: [{'action': 'install', 'id': '5495053', 'name': 'apple', 'url': ' ', 'version': '::fruits'}, {'action': 'install', 'id': '5494888', 'name': 'banana', 'url': ' ', 'version': '::fruits'}, {'action': 'install', 'id': '5475369', 'name': 'asciijump', 'url': ' ', 'version': '::apt'}, {'action': 'install', 'id': '5495382', 'name': 'cherry', 'url': ' ', 'version': '::fruits'}, {'action': 'install', 'id': '8018911', 'name': 'registry', 'url': ' ', 'version': '::docker'}]&quot;, 'c8y_SoftwareUpdate': [{'name': 'apple', 'action': 'install', 'id': '5495053', 'version': '::fruits', 'url': ' '}, {'name': 'banana', 'action': 'install', 'id': '5494888', 'version': '::fruits', 'url': ' '}, {'name': 'asciijump', 'action': 'install', 'id': '5475369', 'version': '::apt', 'url': ' '}, {'name': 'cherry', 'action': 'install', 'id': '5495382', 'version': '::fruits', 'url': ' '}, {'name': 'registry', 'action': 'install', 'id': '8018911', 'version': '::docker', 'url': ' '}]}
11:18:30 INFO  State of operation 21118513 : PENDING
11:18:33 INFO  State of operation 21118513 : EXECUTING
11:18:35 INFO  State of operation 21118513 : EXECUTING
11:18:37 INFO  State of operation 21118513 : EXECUTING
11:18:39 INFO  State of operation 21118513 : EXECUTING
11:18:41 INFO  State of operation 21118513 : EXECUTING
11:18:44 INFO  State of operation 21118513 : EXECUTING
11:18:47 INFO  State of operation 21118513 : EXECUTING
11:18:49 INFO  State of operation 21118513 : EXECUTING
11:18:52 INFO  State of operation 21118513 : EXECUTING
11:18:54 INFO  State of operation 21118513 : EXECUTING
11:18:57 INFO  State of operation 21118513 : EXECUTING
11:18:59 INFO  State of operation 21118513 : EXECUTING
11:19:01 INFO  State of operation 21118513 : EXECUTING
11:19:03 INFO  State of operation 21118513 : EXECUTING
11:19:05 INFO  State of operation 21118513 : EXECUTING
11:19:08 INFO  State of operation 21118513 : EXECUTING
11:19:10 INFO  State of operation 21118513 : EXECUTING
11:19:12 INFO  State of operation 21118513 : EXECUTING
11:19:14 INFO  State of operation 21118513 : EXECUTING
11:19:17 INFO  State of operation 21118513 : EXECUTING
11:19:19 INFO  State of operation 21118513 : EXECUTING
11:19:21 INFO  State of operation 21118513 : EXECUTING
11:19:24 INFO  State of operation 21118513 : EXECUTING
11:19:26 INFO  State of operation 21118513 : EXECUTING
11:19:28 INFO  State of operation 21118513 : SUCCESSFUL
11:19:28 INFO  Package apple is installed
11:19:28 INFO  Assert that (True == value) with value=True ... passed
11:19:29 INFO  Package banana is installed
11:19:29 INFO  Assert that (True == value) with value=True ... passed
11:19:29 INFO  Package cherry is installed
11:19:29 INFO  Assert that (True == value) with value=True ... passed
11:19:29 INFO  Package asciijump is installed
11:19:29 INFO  Assert that (True == value) with value=True ... passed
11:19:29 INFO  Package registry is installed
11:19:29 INFO  Assert that (True == value) with value=True ... passed
11:19:29 INFO  Response status: 201
11:19:29 INFO  Response to action: {
    &quot;delivery&quot;: {
        &quot;log&quot;: [],
        &quot;time&quot;: &quot;2022-07-21T11:19:29.958Z&quot;,
        &quot;status&quot;: &quot;PENDING&quot;
    },
    &quot;creationTime&quot;: &quot;2022-07-21T11:19:29.940Z&quot;,
    &quot;deviceId&quot;: &quot;21095388&quot;,
    &quot;deviceName&quot;: &quot;m32sd10b&quot;,
    &quot;self&quot;: &quot;https://t493319102.eu-latest.cumulocity.com/devicecontrol/operations/21118525&quot;,
    &quot;id&quot;: &quot;21118525&quot;,
    &quot;status&quot;: &quot;PENDING&quot;,
    &quot;description&quot;: &quot;Apply software changes, triggered from PySys: [{'action': 'delete', 'id': '5495053', 'name': 'apple', 'url': ' ', 'version': '::fruits'}, {'action': 'delete', 'id': '5494888', 'name': 'banana', 'url': ' ', 'version': '::fruits'}, {'action': 'delete', 'id': '5475369', 'name': 'asciijump', 'url': ' ', 'version': '::apt'}, {'action': 'delete', 'id': '5495382', 'name': 'cherry', 'url': ' ', 'version': '::fruits'}, {'action': 'delete', 'id': '8018911', 'name': 'registry', 'url': ' ', 'version': '::docker'}]&quot;,
    &quot;c8y_SoftwareUpdate&quot;: [
        {
            &quot;name&quot;: &quot;apple&quot;,
            &quot;action&quot;: &quot;delete&quot;,
            &quot;id&quot;: &quot;5495053&quot;,
            &quot;version&quot;: &quot;::fruits&quot;,
            &quot;url&quot;: &quot; &quot;
        },
        {
            &quot;name&quot;: &quot;banana&quot;,
            &quot;action&quot;: &quot;delete&quot;,
            &quot;id&quot;: &quot;5494888&quot;,
            &quot;version&quot;: &quot;::fruits&quot;,
            &quot;url&quot;: &quot; &quot;
        },
        {
            &quot;name&quot;: &quot;asciijump&quot;,
            &quot;action&quot;: &quot;delete&quot;,
            &quot;id&quot;: &quot;5475369&quot;,
            &quot;version&quot;: &quot;::apt&quot;,
            &quot;url&quot;: &quot; &quot;
        },
        {
            &quot;name&quot;: &quot;cherry&quot;,
            &quot;action&quot;: &quot;delete&quot;,
            &quot;id&quot;: &quot;5495382&quot;,
            &quot;version&quot;: &quot;::fruits&quot;,
            &quot;url&quot;: &quot; &quot;
        },
        {
            &quot;name&quot;: &quot;registry&quot;,
            &quot;action&quot;: &quot;delete&quot;,
            &quot;id&quot;: &quot;8018911&quot;,
            &quot;version&quot;: &quot;::docker&quot;,
            &quot;url&quot;: &quot; &quot;
        }
    ]
}
11:19:29 INFO  Started operation: {'delivery': {'log': [], 'time': '2022-07-21T11:19:29.958Z', 'status': 'PENDING'}, 'creationTime': '2022-07-21T11:19:29.940Z', 'deviceId': '21095388', 'deviceName': 'm32sd10b', 'self': 'https://t493319102.eu-latest.cumulocity.com/devicecontrol/operations/21118525', 'id': '21118525', 'status': 'PENDING', 'description': &quot;Apply software changes, triggered from PySys: [{'action': 'delete', 'id': '5495053', 'name': 'apple', 'url': ' ', 'version': '::fruits'}, {'action': 'delete', 'id': '5494888', 'name': 'banana', 'url': ' ', 'version': '::fruits'}, {'action': 'delete', 'id': '5475369', 'name': 'asciijump', 'url': ' ', 'version': '::apt'}, {'action': 'delete', 'id': '5495382', 'name': 'cherry', 'url': ' ', 'version': '::fruits'}, {'action': 'delete', 'id': '8018911', 'name': 'registry', 'url': ' ', 'version': '::docker'}]&quot;, 'c8y_SoftwareUpdate': [{'name': 'apple', 'action': 'delete', 'id': '5495053', 'version': '::fruits', 'url': ' '}, {'name': 'banana', 'action': 'delete', 'id': '5494888', 'version': '::fruits', 'url': ' '}, {'name': 'asciijump', 'action': 'delete', 'id': '5475369', 'version': '::apt', 'url': ' '}, {'name': 'cherry', 'action': 'delete', 'id': '5495382', 'version': '::fruits', 'url': ' '}, {'name': 'registry', 'action': 'delete', 'id': '8018911', 'version': '::docker', 'url': ' '}]}
11:19:32 INFO  State of operation 21118525 : PENDING
11:19:34 INFO  State of operation 21118525 : EXECUTING
11:19:36 INFO  State of operation 21118525 : EXECUTING
11:19:38 INFO  State of operation 21118525 : EXECUTING
11:19:41 INFO  State of operation 21118525 : EXECUTING
11:19:43 INFO  State of operation 21118525 : EXECUTING
11:19:46 INFO  State of operation 21118525 : EXECUTING
11:19:49 INFO  State of operation 21118525 : EXECUTING
11:19:51 INFO  State of operation 21118525 : EXECUTING
11:19:53 INFO  State of operation 21118525 : EXECUTING
11:19:56 INFO  State of operation 21118525 : EXECUTING
11:19:58 INFO  State of operation 21118525 : EXECUTING
11:20:00 INFO  State of operation 21118525 : EXECUTING
11:20:02 INFO  State of operation 21118525 : EXECUTING
11:20:05 INFO  State of operation 21118525 : EXECUTING
11:20:07 INFO  State of operation 21118525 : EXECUTING
11:20:10 INFO  State of operation 21118525 : EXECUTING
11:20:13 INFO  State of operation 21118525 : EXECUTING
11:20:15 INFO  State of operation 21118525 : EXECUTING
11:20:17 INFO  State of operation 21118525 : EXECUTING
11:20:19 INFO  State of operation 21118525 : EXECUTING
11:20:22 INFO  State of operation 21118525 : EXECUTING
11:20:24 INFO  State of operation 21118525 : EXECUTING
11:20:27 INFO  State of operation 21118525 : EXECUTING
11:20:29 INFO  State of operation 21118525 : EXECUTING
11:20:31 INFO  State of operation 21118525 : EXECUTING
11:20:34 INFO  State of operation 21118525 : EXECUTING
11:20:36 INFO  State of operation 21118525 : EXECUTING
11:20:38 INFO  State of operation 21118525 : EXECUTING
11:20:41 INFO  State of operation 21118525 : SUCCESSFUL
11:20:41 INFO  Package apple is installed
11:20:41 INFO  Assert that (True == value) with value=True ... passed
11:20:41 INFO  Package banana is installed
11:20:41 INFO  Assert that (True == value) with value=True ... passed
11:20:41 INFO  Package cherry is installed
11:20:41 INFO  Assert that (True == value) with value=True ... passed
11:20:42 INFO  Assert that (False == value) with value=False ... passed
11:20:42 INFO  Assert that (False == value) with value=False ... passed
11:20:42 INFO  
11:20:42 INFO  cleanup:
11:20:47 INFO  Executed sudo&lt;tedge_disconnect_c8y&gt;, exit status 0
11:20:48 INFO  Executed systemctl&lt;serv_mapper5&gt;, exit status 3
11:20:48 INFO  
11:20:48 INFO  Test duration: 166.63 secs
11:20:48 INFO  Test final outcome:  FAILED
11:20:48 INFO  Test outcome reason: Assert that (False == value) with value=True
11:20:48 INFO  
</system-out>
	</testcase>
</testsuite>
