<?xml version="1.0" encoding="utf-8"?>
<testsuite failures="1" name="SoftwareManagement.sm_mixed_install_remove_multiple" skipped="0" tests="1" time="168.56" timestamp="2022-07-16T12:55:40">
	<testcase classname="PySysTest" name="SoftwareManagement.sm_mixed_install_remove_multiple">
		<failure message="FAILED: Assert that (False == value) with value=True" type="FAILED"/>
		<system-out>12:52:52 INFO  ==============================================================
12:52:52 INFO  Id:    SoftwareManagement.sm_mixed_install_remove_multiple
12:52:52 INFO  Dir:   software_management_end_to_end/
12:52:52 INFO  Title: Validate end to end behaviour for the dummy-plugin for multiple packages with mixed versions
12:52:52 INFO  ==============================================================
12:52:52 INFO  Using sw id database: {'asciijump': '5475369', 'robotfindskitten': '5474869', 'squirrel3': '5475279', 'rolldice': '5152439', 'moon-buggy': '5439204', 'apple': '5495053', 'banana': '5494888', 'cherry': '5495382', 'watermelon': '5494510', 'registry': '8018911', 'hello-world': '8021526', 'docker/getting-started': '8021973', 'alpine': '7991792'}
12:52:52 INFO  EnvironmentC8y Setup
12:52:52 INFO  Executed systemctl&lt;serv_mapper1&gt;, exit status 3
12:52:52 INFO  Restarting mosquitto too frequently in the last 10 seconds. It was only up for 5 seconds
12:52:52 INFO  Delaying execution by 6 seconds
12:53:12 INFO  Executed sudo&lt;tedge_connect_c8y&gt;, exit status 0, duration 14 secs
12:53:13 INFO  Executed sudo&lt;tedge_connect_c8y_test&gt;, exit status 0
12:53:14 INFO  Executed systemctl&lt;serv_mosq2&gt;, exit status 0
12:53:14 INFO  Executed systemctl&lt;serv_mapper3&gt;, exit status 0
12:53:16 INFO  State of current operation: SUCCESSFUL
12:53:17 INFO  Package apple is installed
12:53:17 INFO  Assert that (True == value) with value=True ... passed
12:53:17 INFO  Package banana is installed
12:53:17 INFO  Assert that (True == value) with value=True ... passed
12:53:17 INFO  Package cherry is installed
12:53:17 INFO  Assert that (True == value) with value=True ... passed
12:53:17 INFO  Package asciijump is installed
12:53:17 WARN  Assert that (False == value) with value=True ... failed 
12:53:18 INFO  Assert that (False == value) with value=False ... passed
12:53:18 INFO  Response status: 201
12:53:18 INFO  Response to action: {
    &quot;creationTime&quot;: &quot;2022-07-16T12:53:18.235Z&quot;,
    &quot;deviceName&quot;: &quot;m32sd10b&quot;,
    &quot;deviceId&quot;: &quot;20924404&quot;,
    &quot;self&quot;: &quot;https://t493319102.eu-latest.cumulocity.com/devicecontrol/operations/20961379&quot;,
    &quot;id&quot;: &quot;20961379&quot;,
    &quot;status&quot;: &quot;PENDING&quot;,
    &quot;description&quot;: &quot;Apply software changes, triggered from PySys: [{'action': 'install', 'id': '5495053', 'name': 'apple', 'url': ' ', 'version': '::fruits'}, {'action': 'install', 'id': '5494888', 'name': 'banana', 'url': ' ', 'version': '::fruits'}, {'action': 'install', 'id': '5475369', 'name': 'asciijump', 'url': ' ', 'version': '::apt'}, {'action': 'install', 'id': '5495382', 'name': 'cherry', 'url': ' ', 'version': '::fruits'}, {'action': 'install', 'id': '8018911', 'name': 'registry', 'url': ' ', 'version': '::docker'}]&quot;,
    &quot;c8y_SoftwareUpdate&quot;: [
        {
            &quot;name&quot;: &quot;apple&quot;,
            &quot;action&quot;: &quot;install&quot;,
            &quot;id&quot;: &quot;5495053&quot;,
            &quot;version&quot;: &quot;::fruits&quot;,
            &quot;url&quot;: &quot; &quot;
        },
        {
            &quot;name&quot;: &quot;banana&quot;,
            &quot;action&quot;: &quot;install&quot;,
            &quot;id&quot;: &quot;5494888&quot;,
            &quot;version&quot;: &quot;::fruits&quot;,
            &quot;url&quot;: &quot; &quot;
        },
        {
            &quot;name&quot;: &quot;asciijump&quot;,
            &quot;action&quot;: &quot;install&quot;,
            &quot;id&quot;: &quot;5475369&quot;,
            &quot;version&quot;: &quot;::apt&quot;,
            &quot;url&quot;: &quot; &quot;
        },
        {
            &quot;name&quot;: &quot;cherry&quot;,
            &quot;action&quot;: &quot;install&quot;,
            &quot;id&quot;: &quot;5495382&quot;,
            &quot;version&quot;: &quot;::fruits&quot;,
            &quot;url&quot;: &quot; &quot;
        },
        {
            &quot;name&quot;: &quot;registry&quot;,
            &quot;action&quot;: &quot;install&quot;,
            &quot;id&quot;: &quot;8018911&quot;,
            &quot;version&quot;: &quot;::docker&quot;,
            &quot;url&quot;: &quot; &quot;
        }
    ]
}
12:53:18 INFO  Started operation: {'creationTime': '2022-07-16T12:53:18.235Z', 'deviceName': 'm32sd10b', 'deviceId': '20924404', 'self': 'https://t493319102.eu-latest.cumulocity.com/devicecontrol/operations/20961379', 'id': '20961379', 'status': 'PENDING', 'description': &quot;Apply software changes, triggered from PySys: [{'action': 'install', 'id': '5495053', 'name': 'apple', 'url': ' ', 'version': '::fruits'}, {'action': 'install', 'id': '5494888', 'name': 'banana', 'url': ' ', 'version': '::fruits'}, {'action': 'install', 'id': '5475369', 'name': 'asciijump', 'url': ' ', 'version': '::apt'}, {'action': 'install', 'id': '5495382', 'name': 'cherry', 'url': ' ', 'version': '::fruits'}, {'action': 'install', 'id': '8018911', 'name': 'registry', 'url': ' ', 'version': '::docker'}]&quot;, 'c8y_SoftwareUpdate': [{'name': 'apple', 'action': 'install', 'id': '5495053', 'version': '::fruits', 'url': ' '}, {'name': 'banana', 'action': 'install', 'id': '5494888', 'version': '::fruits', 'url': ' '}, {'name': 'asciijump', 'action': 'install', 'id': '5475369', 'version': '::apt', 'url': ' '}, {'name': 'cherry', 'action': 'install', 'id': '5495382', 'version': '::fruits', 'url': ' '}, {'name': 'registry', 'action': 'install', 'id': '8018911', 'version': '::docker', 'url': ' '}]}
12:53:20 INFO  State of operation 20961379 : PENDING
12:53:22 INFO  State of operation 20961379 : EXECUTING
12:53:25 INFO  State of operation 20961379 : EXECUTING
12:53:27 INFO  State of operation 20961379 : EXECUTING
12:53:29 INFO  State of operation 20961379 : EXECUTING
12:53:31 INFO  State of operation 20961379 : EXECUTING
12:53:34 INFO  State of operation 20961379 : EXECUTING
12:53:36 INFO  State of operation 20961379 : EXECUTING
12:53:39 INFO  State of operation 20961379 : EXECUTING
12:53:41 INFO  State of operation 20961379 : EXECUTING
12:53:43 INFO  State of operation 20961379 : EXECUTING
12:53:45 INFO  State of operation 20961379 : EXECUTING
12:53:48 INFO  State of operation 20961379 : EXECUTING
12:53:50 INFO  State of operation 20961379 : EXECUTING
12:53:52 INFO  State of operation 20961379 : EXECUTING
12:53:54 INFO  State of operation 20961379 : EXECUTING
12:53:57 INFO  State of operation 20961379 : EXECUTING
12:54:02 INFO  State of operation 20961379 : EXECUTING
12:54:04 INFO  State of operation 20961379 : EXECUTING
12:54:06 INFO  State of operation 20961379 : EXECUTING
12:54:11 INFO  State of operation 20961379 : EXECUTING
12:54:13 INFO  State of operation 20961379 : EXECUTING
12:54:15 INFO  State of operation 20961379 : EXECUTING
12:54:17 INFO  State of operation 20961379 : EXECUTING
12:54:20 INFO  State of operation 20961379 : EXECUTING
12:54:22 INFO  State of operation 20961379 : SUCCESSFUL
12:54:22 INFO  Package apple is installed
12:54:22 INFO  Assert that (True == value) with value=True ... passed
12:54:22 INFO  Package banana is installed
12:54:22 INFO  Assert that (True == value) with value=True ... passed
12:54:22 INFO  Package cherry is installed
12:54:22 INFO  Assert that (True == value) with value=True ... passed
12:54:23 INFO  Package asciijump is installed
12:54:23 INFO  Assert that (True == value) with value=True ... passed
12:54:23 INFO  Package registry is installed
12:54:23 INFO  Assert that (True == value) with value=True ... passed
12:54:23 INFO  Response status: 201
12:54:23 INFO  Response to action: {
    &quot;creationTime&quot;: &quot;2022-07-16T12:54:23.583Z&quot;,
    &quot;deviceName&quot;: &quot;m32sd10b&quot;,
    &quot;deviceId&quot;: &quot;20924404&quot;,
    &quot;self&quot;: &quot;https://t493319102.eu-latest.cumulocity.com/devicecontrol/operations/20961387&quot;,
    &quot;id&quot;: &quot;20961387&quot;,
    &quot;status&quot;: &quot;PENDING&quot;,
    &quot;description&quot;: &quot;Apply software changes, triggered from PySys: [{'action': 'delete', 'id': '5495053', 'name': 'apple', 'url': ' ', 'version': '::fruits'}, {'action': 'delete', 'id': '5494888', 'name': 'banana', 'url': ' ', 'version': '::fruits'}, {'action': 'delete', 'id': '5475369', 'name': 'asciijump', 'url': ' ', 'version': '::apt'}, {'action': 'delete', 'id': '5495382', 'name': 'cherry', 'url': ' ', 'version': '::fruits'}, {'action': 'delete', 'id': '8018911', 'name': 'registry', 'url': ' ', 'version': '::docker'}]&quot;,
    &quot;c8y_SoftwareUpdate&quot;: [
        {
            &quot;name&quot;: &quot;apple&quot;,
            &quot;action&quot;: &quot;delete&quot;,
            &quot;id&quot;: &quot;5495053&quot;,
            &quot;version&quot;: &quot;::fruits&quot;,
            &quot;url&quot;: &quot; &quot;
        },
        {
            &quot;name&quot;: &quot;banana&quot;,
            &quot;action&quot;: &quot;delete&quot;,
            &quot;id&quot;: &quot;5494888&quot;,
            &quot;version&quot;: &quot;::fruits&quot;,
            &quot;url&quot;: &quot; &quot;
        },
        {
            &quot;name&quot;: &quot;asciijump&quot;,
            &quot;action&quot;: &quot;delete&quot;,
            &quot;id&quot;: &quot;5475369&quot;,
            &quot;version&quot;: &quot;::apt&quot;,
            &quot;url&quot;: &quot; &quot;
        },
        {
            &quot;name&quot;: &quot;cherry&quot;,
            &quot;action&quot;: &quot;delete&quot;,
            &quot;id&quot;: &quot;5495382&quot;,
            &quot;version&quot;: &quot;::fruits&quot;,
            &quot;url&quot;: &quot; &quot;
        },
        {
            &quot;name&quot;: &quot;registry&quot;,
            &quot;action&quot;: &quot;delete&quot;,
            &quot;id&quot;: &quot;8018911&quot;,
            &quot;version&quot;: &quot;::docker&quot;,
            &quot;url&quot;: &quot; &quot;
        }
    ]
}
12:54:23 INFO  Started operation: {'creationTime': '2022-07-16T12:54:23.583Z', 'deviceName': 'm32sd10b', 'deviceId': '20924404', 'self': 'https://t493319102.eu-latest.cumulocity.com/devicecontrol/operations/20961387', 'id': '20961387', 'status': 'PENDING', 'description': &quot;Apply software changes, triggered from PySys: [{'action': 'delete', 'id': '5495053', 'name': 'apple', 'url': ' ', 'version': '::fruits'}, {'action': 'delete', 'id': '5494888', 'name': 'banana', 'url': ' ', 'version': '::fruits'}, {'action': 'delete', 'id': '5475369', 'name': 'asciijump', 'url': ' ', 'version': '::apt'}, {'action': 'delete', 'id': '5495382', 'name': 'cherry', 'url': ' ', 'version': '::fruits'}, {'action': 'delete', 'id': '8018911', 'name': 'registry', 'url': ' ', 'version': '::docker'}]&quot;, 'c8y_SoftwareUpdate': [{'name': 'apple', 'action': 'delete', 'id': '5495053', 'version': '::fruits', 'url': ' '}, {'name': 'banana', 'action': 'delete', 'id': '5494888', 'version': '::fruits', 'url': ' '}, {'name': 'asciijump', 'action': 'delete', 'id': '5475369', 'version': '::apt', 'url': ' '}, {'name': 'cherry', 'action': 'delete', 'id': '5495382', 'version': '::fruits', 'url': ' '}, {'name': 'registry', 'action': 'delete', 'id': '8018911', 'version': '::docker', 'url': ' '}]}
12:54:25 INFO  State of operation 20961387 : PENDING
12:54:28 INFO  State of operation 20961387 : EXECUTING
12:54:30 INFO  State of operation 20961387 : EXECUTING
12:54:32 INFO  State of operation 20961387 : EXECUTING
12:54:34 INFO  State of operation 20961387 : EXECUTING
12:54:37 INFO  State of operation 20961387 : EXECUTING
12:54:39 INFO  State of operation 20961387 : EXECUTING
12:54:42 INFO  State of operation 20961387 : EXECUTING
12:54:44 INFO  State of operation 20961387 : EXECUTING
12:54:47 INFO  State of operation 20961387 : EXECUTING
12:54:49 INFO  State of operation 20961387 : EXECUTING
12:54:51 INFO  State of operation 20961387 : EXECUTING
12:54:53 INFO  State of operation 20961387 : EXECUTING
12:54:56 INFO  State of operation 20961387 : EXECUTING
12:54:58 INFO  State of operation 20961387 : EXECUTING
12:55:00 INFO  State of operation 20961387 : EXECUTING
12:55:04 INFO  State of operation 20961387 : EXECUTING
12:55:06 INFO  State of operation 20961387 : EXECUTING
12:55:08 INFO  State of operation 20961387 : EXECUTING
12:55:11 INFO  State of operation 20961387 : EXECUTING
12:55:13 INFO  State of operation 20961387 : EXECUTING
12:55:15 INFO  State of operation 20961387 : EXECUTING
12:55:18 INFO  State of operation 20961387 : EXECUTING
12:55:20 INFO  State of operation 20961387 : EXECUTING
12:55:22 INFO  State of operation 20961387 : EXECUTING
12:55:24 INFO  State of operation 20961387 : EXECUTING
12:55:27 INFO  State of operation 20961387 : EXECUTING
12:55:29 INFO  State of operation 20961387 : EXECUTING
12:55:32 INFO  State of operation 20961387 : EXECUTING
12:55:34 INFO  State of operation 20961387 : SUCCESSFUL
12:55:34 INFO  Package apple is installed
12:55:34 INFO  Assert that (True == value) with value=True ... passed
12:55:34 INFO  Package banana is installed
12:55:34 INFO  Assert that (True == value) with value=True ... passed
12:55:35 INFO  Package cherry is installed
12:55:35 INFO  Assert that (True == value) with value=True ... passed
12:55:35 INFO  Assert that (False == value) with value=False ... passed
12:55:35 INFO  Assert that (False == value) with value=False ... passed
12:55:35 INFO  
12:55:35 INFO  cleanup:
12:55:39 INFO  Executed sudo&lt;tedge_disconnect_c8y&gt;, exit status 0
12:55:40 INFO  Executed systemctl&lt;serv_mapper5&gt;, exit status 3
12:55:40 INFO  
12:55:40 INFO  Test duration: 168.56 secs
12:55:40 INFO  Test final outcome:  FAILED
12:55:40 INFO  Test outcome reason: Assert that (False == value) with value=True
12:55:40 INFO  
</system-out>
	</testcase>
</testsuite>
