<?xml version="1.0" encoding="utf-8"?>
<testsuite failures="0" name="SoftwareManagement.Plugin.apama_plugin_install" skipped="0" tests="1" time="23.41" timestamp="2022-06-10T10:11:57">
	<testcase classname="ApamaPluginInstallTest" name="SoftwareManagement.Plugin.apama_plugin_install"/>
</testsuite>
