<?xml version="1.0" encoding="utf-8"?>
<testsuite failures="1" name="SoftwareManagement.sm_apt_install_remove_multiple" skipped="0" tests="1" time="138.92" timestamp="2022-07-25T16:12:31">
	<testcase classname="PySysTest" name="SoftwareManagement.sm_apt_install_remove_multiple">
		<failure message="FAILED: Assert that (False == value) with value=True (+2 other failures)" type="FAILED"/>
		<system-out>16:10:12 INFO  ==============================================================
16:10:12 INFO  Id:    SoftwareManagement.sm_apt_install_remove_multiple
16:10:12 INFO  Dir:   software_management_end_to_end/
16:10:12 INFO  Title: Validate end to end behaviour for the apt plugin for multiple packages
16:10:12 INFO  ==============================================================
16:10:12 INFO  Using sw id database: {'asciijump': '5475369', 'robotfindskitten': '5474869', 'squirrel3': '5475279', 'rolldice': '5152439', 'moon-buggy': '5439204', 'apple': '5495053', 'banana': '5494888', 'cherry': '5495382', 'watermelon': '5494510', 'registry': '8018911', 'hello-world': '8021526', 'docker/getting-started': '8021973', 'alpine': '7991792'}
16:10:12 INFO  EnvironmentC8y Setup
16:10:13 INFO  Executed systemctl&lt;serv_mapper1&gt;, exit status 3
16:10:13 INFO  Restarting mosquitto too frequently in the last 10 seconds. It was only up for 4 seconds
16:10:13 INFO  Delaying execution by 7 seconds
16:10:34 INFO  Executed sudo&lt;tedge_connect_c8y&gt;, exit status 0, duration 14 secs
16:10:34 INFO  Executed sudo&lt;tedge_connect_c8y_test&gt;, exit status 0
16:10:35 INFO  Executed systemctl&lt;serv_mosq2&gt;, exit status 0
16:10:35 INFO  Executed systemctl&lt;serv_mapper3&gt;, exit status 0
16:10:38 INFO  State of current operation: SUCCESSFUL
16:10:38 INFO  Assert that (False == value) with value=False ... passed
16:10:38 INFO  Package asciijump is installed
16:10:38 WARN  Assert that (False == value) with value=True ... failed 
16:10:39 INFO  Package squirrel3 is installed
16:10:39 WARN  Assert that (False == value) with value=True ... failed 
16:10:39 INFO  Package robotfindskitten is installed
16:10:39 WARN  Assert that (False == value) with value=True ... failed 
16:10:39 INFO  Response status: 201
16:10:39 INFO  Response to action: {
    &quot;creationTime&quot;: &quot;2022-07-25T16:10:39.596Z&quot;,
    &quot;deviceId&quot;: &quot;21388827&quot;,
    &quot;deviceName&quot;: &quot;m32sd10b&quot;,
    &quot;self&quot;: &quot;https://t493319102.eu-latest.cumulocity.com/devicecontrol/operations/21415303&quot;,
    &quot;id&quot;: &quot;21415303&quot;,
    &quot;status&quot;: &quot;PENDING&quot;,
    &quot;description&quot;: &quot;Apply software changes, triggered from PySys: [{'action': 'install', 'id': '5475369', 'name': 'asciijump', 'url': ' ', 'version': '::apt'}, {'action': 'install', 'id': '5474869', 'name': 'robotfindskitten', 'url': ' ', 'version': '::apt'}, {'action': 'install', 'id': '5475279', 'name': 'squirrel3', 'url': ' ', 'version': '::apt'}]&quot;,
    &quot;c8y_SoftwareUpdate&quot;: [
        {
            &quot;name&quot;: &quot;asciijump&quot;,
            &quot;action&quot;: &quot;install&quot;,
            &quot;id&quot;: &quot;5475369&quot;,
            &quot;version&quot;: &quot;::apt&quot;,
            &quot;url&quot;: &quot; &quot;
        },
        {
            &quot;name&quot;: &quot;robotfindskitten&quot;,
            &quot;action&quot;: &quot;install&quot;,
            &quot;id&quot;: &quot;5474869&quot;,
            &quot;version&quot;: &quot;::apt&quot;,
            &quot;url&quot;: &quot; &quot;
        },
        {
            &quot;name&quot;: &quot;squirrel3&quot;,
            &quot;action&quot;: &quot;install&quot;,
            &quot;id&quot;: &quot;5475279&quot;,
            &quot;version&quot;: &quot;::apt&quot;,
            &quot;url&quot;: &quot; &quot;
        }
    ]
}
16:10:39 INFO  Started operation: {'creationTime': '2022-07-25T16:10:39.596Z', 'deviceId': '21388827', 'deviceName': 'm32sd10b', 'self': 'https://t493319102.eu-latest.cumulocity.com/devicecontrol/operations/21415303', 'id': '21415303', 'status': 'PENDING', 'description': &quot;Apply software changes, triggered from PySys: [{'action': 'install', 'id': '5475369', 'name': 'asciijump', 'url': ' ', 'version': '::apt'}, {'action': 'install', 'id': '5474869', 'name': 'robotfindskitten', 'url': ' ', 'version': '::apt'}, {'action': 'install', 'id': '5475279', 'name': 'squirrel3', 'url': ' ', 'version': '::apt'}]&quot;, 'c8y_SoftwareUpdate': [{'name': 'asciijump', 'action': 'install', 'id': '5475369', 'version': '::apt', 'url': ' '}, {'name': 'robotfindskitten', 'action': 'install', 'id': '5474869', 'version': '::apt', 'url': ' '}, {'name': 'squirrel3', 'action': 'install', 'id': '5475279', 'version': '::apt', 'url': ' '}]}
16:10:41 INFO  State of operation 21415303 : PENDING
16:10:44 INFO  State of operation 21415303 : EXECUTING
16:10:46 INFO  State of operation 21415303 : EXECUTING
16:10:48 INFO  State of operation 21415303 : EXECUTING
16:10:50 INFO  State of operation 21415303 : EXECUTING
16:10:53 INFO  State of operation 21415303 : EXECUTING
16:10:56 INFO  State of operation 21415303 : EXECUTING
16:10:58 INFO  State of operation 21415303 : EXECUTING
16:11:01 INFO  State of operation 21415303 : EXECUTING
16:11:03 INFO  State of operation 21415303 : EXECUTING
16:11:05 INFO  State of operation 21415303 : EXECUTING
16:11:08 INFO  State of operation 21415303 : EXECUTING
16:11:10 INFO  State of operation 21415303 : EXECUTING
16:11:12 INFO  State of operation 21415303 : EXECUTING
16:11:14 INFO  State of operation 21415303 : EXECUTING
16:11:16 INFO  State of operation 21415303 : SUCCESSFUL
16:11:17 INFO  Assert that (False == value) with value=False ... passed
16:11:17 INFO  Package asciijump is installed
16:11:17 INFO  Assert that (True == value) with value=True ... passed
16:11:17 INFO  Package squirrel3 is installed
16:11:17 INFO  Assert that (True == value) with value=True ... passed
16:11:17 INFO  Package robotfindskitten is installed
16:11:17 INFO  Assert that (True == value) with value=True ... passed
16:11:18 INFO  Response status: 201
16:11:18 INFO  Response to action: {
    &quot;creationTime&quot;: &quot;2022-07-25T16:11:18.028Z&quot;,
    &quot;deviceId&quot;: &quot;21388827&quot;,
    &quot;deviceName&quot;: &quot;m32sd10b&quot;,
    &quot;self&quot;: &quot;https://t493319102.eu-latest.cumulocity.com/devicecontrol/operations/21415313&quot;,
    &quot;id&quot;: &quot;21415313&quot;,
    &quot;status&quot;: &quot;PENDING&quot;,
    &quot;description&quot;: &quot;Apply software changes, triggered from PySys: [{'action': 'delete', 'id': '5475369', 'name': 'asciijump', 'url': ' ', 'version': '::apt'}, {'action': 'delete', 'id': '5474869', 'name': 'robotfindskitten', 'url': ' ', 'version': '::apt'}, {'action': 'delete', 'id': '5475279', 'name': 'squirrel3', 'url': ' ', 'version': '::apt'}]&quot;,
    &quot;c8y_SoftwareUpdate&quot;: [
        {
            &quot;name&quot;: &quot;asciijump&quot;,
            &quot;action&quot;: &quot;delete&quot;,
            &quot;id&quot;: &quot;5475369&quot;,
            &quot;version&quot;: &quot;::apt&quot;,
            &quot;url&quot;: &quot; &quot;
        },
        {
            &quot;name&quot;: &quot;robotfindskitten&quot;,
            &quot;action&quot;: &quot;delete&quot;,
            &quot;id&quot;: &quot;5474869&quot;,
            &quot;version&quot;: &quot;::apt&quot;,
            &quot;url&quot;: &quot; &quot;
        },
        {
            &quot;name&quot;: &quot;squirrel3&quot;,
            &quot;action&quot;: &quot;delete&quot;,
            &quot;id&quot;: &quot;5475279&quot;,
            &quot;version&quot;: &quot;::apt&quot;,
            &quot;url&quot;: &quot; &quot;
        }
    ]
}
16:11:18 INFO  Started operation: {'creationTime': '2022-07-25T16:11:18.028Z', 'deviceId': '21388827', 'deviceName': 'm32sd10b', 'self': 'https://t493319102.eu-latest.cumulocity.com/devicecontrol/operations/21415313', 'id': '21415313', 'status': 'PENDING', 'description': &quot;Apply software changes, triggered from PySys: [{'action': 'delete', 'id': '5475369', 'name': 'asciijump', 'url': ' ', 'version': '::apt'}, {'action': 'delete', 'id': '5474869', 'name': 'robotfindskitten', 'url': ' ', 'version': '::apt'}, {'action': 'delete', 'id': '5475279', 'name': 'squirrel3', 'url': ' ', 'version': '::apt'}]&quot;, 'c8y_SoftwareUpdate': [{'name': 'asciijump', 'action': 'delete', 'id': '5475369', 'version': '::apt', 'url': ' '}, {'name': 'robotfindskitten', 'action': 'delete', 'id': '5474869', 'version': '::apt', 'url': ' '}, {'name': 'squirrel3', 'action': 'delete', 'id': '5475279', 'version': '::apt', 'url': ' '}]}
16:11:20 INFO  State of operation 21415313 : PENDING
16:11:22 INFO  State of operation 21415313 : EXECUTING
16:11:24 INFO  State of operation 21415313 : EXECUTING
16:11:27 INFO  State of operation 21415313 : EXECUTING
16:11:29 INFO  State of operation 21415313 : EXECUTING
16:11:31 INFO  State of operation 21415313 : EXECUTING
16:11:34 INFO  State of operation 21415313 : EXECUTING
16:11:36 INFO  State of operation 21415313 : EXECUTING
16:11:39 INFO  State of operation 21415313 : EXECUTING
16:11:41 INFO  State of operation 21415313 : EXECUTING
16:11:43 INFO  State of operation 21415313 : EXECUTING
16:11:46 INFO  State of operation 21415313 : EXECUTING
16:11:48 INFO  State of operation 21415313 : EXECUTING
16:11:50 INFO  State of operation 21415313 : EXECUTING
16:11:52 INFO  State of operation 21415313 : EXECUTING
16:11:55 INFO  State of operation 21415313 : EXECUTING
16:11:57 INFO  State of operation 21415313 : EXECUTING
16:11:59 INFO  State of operation 21415313 : EXECUTING
16:12:02 INFO  State of operation 21415313 : EXECUTING
16:12:04 INFO  State of operation 21415313 : EXECUTING
16:12:06 INFO  State of operation 21415313 : EXECUTING
16:12:09 INFO  State of operation 21415313 : EXECUTING
16:12:11 INFO  State of operation 21415313 : EXECUTING
16:12:13 INFO  State of operation 21415313 : EXECUTING
16:12:15 INFO  State of operation 21415313 : EXECUTING
16:12:18 INFO  State of operation 21415313 : EXECUTING
16:12:20 INFO  State of operation 21415313 : EXECUTING
16:12:23 INFO  State of operation 21415313 : EXECUTING
16:12:25 INFO  State of operation 21415313 : SUCCESSFUL
16:12:25 INFO  Assert that (False == value) with value=False ... passed
16:12:25 INFO  Assert that (False == value) with value=False ... passed
16:12:26 INFO  Assert that (False == value) with value=False ... passed
16:12:26 INFO  Assert that (False == value) with value=False ... passed
16:12:26 INFO  
16:12:26 INFO  cleanup:
16:12:30 INFO  Executed sudo&lt;tedge_disconnect_c8y&gt;, exit status 0
16:12:31 INFO  Executed systemctl&lt;serv_mapper5&gt;, exit status 3
16:12:31 INFO  
16:12:31 INFO  Test duration: 138.92 secs
16:12:31 INFO  Test final outcome:  FAILED
16:12:31 INFO  Test outcome reason: Assert that (False == value) with value=True (+2 other failures)
16:12:31 INFO  
</system-out>
	</testcase>
</testsuite>
