<?xml version="1.0" encoding="utf-8"?>
<testsuite failures="1" name="SoftwareManagement.sm_mixed_install_remove_multiple" skipped="0" tests="1" time="166.14" timestamp="2022-07-21T22:48:58">
	<testcase classname="PySysTest" name="SoftwareManagement.sm_mixed_install_remove_multiple">
		<failure message="FAILED: Assert that (False == value) with value=True" type="FAILED"/>
		<system-out>22:46:12 INFO  ==============================================================
22:46:12 INFO  Id:    SoftwareManagement.sm_mixed_install_remove_multiple
22:46:12 INFO  Dir:   software_management_end_to_end/
22:46:12 INFO  Title: Validate end to end behaviour for the dummy-plugin for multiple packages with mixed versions
22:46:12 INFO  ==============================================================
22:46:12 INFO  Using sw id database: {'asciijump': '5475369', 'robotfindskitten': '5474869', 'squirrel3': '5475279', 'rolldice': '5152439', 'moon-buggy': '5439204', 'apple': '5495053', 'banana': '5494888', 'cherry': '5495382', 'watermelon': '5494510', 'registry': '8018911', 'hello-world': '8021526', 'docker/getting-started': '8021973', 'alpine': '7991792'}
22:46:12 INFO  EnvironmentC8y Setup
22:46:12 INFO  Executed systemctl&lt;serv_mapper1&gt;, exit status 3
22:46:12 INFO  Restarting mosquitto too frequently in the last 10 seconds. It was only up for 5 seconds
22:46:12 INFO  Delaying execution by 6 seconds
22:46:32 INFO  Executed sudo&lt;tedge_connect_c8y&gt;, exit status 0, duration 13 secs
22:46:33 INFO  Executed sudo&lt;tedge_connect_c8y_test&gt;, exit status 0
22:46:33 INFO  Executed systemctl&lt;serv_mosq2&gt;, exit status 0
22:46:34 INFO  Executed systemctl&lt;serv_mapper3&gt;, exit status 0
22:46:36 INFO  State of current operation: SUCCESSFUL
22:46:36 INFO  Package apple is installed
22:46:36 INFO  Assert that (True == value) with value=True ... passed
22:46:36 INFO  Package banana is installed
22:46:36 INFO  Assert that (True == value) with value=True ... passed
22:46:37 INFO  Package cherry is installed
22:46:37 INFO  Assert that (True == value) with value=True ... passed
22:46:37 INFO  Package asciijump is installed
22:46:37 WARN  Assert that (False == value) with value=True ... failed 
22:46:37 INFO  Assert that (False == value) with value=False ... passed
22:46:37 INFO  Response status: 201
22:46:37 INFO  Response to action: {
    &quot;creationTime&quot;: &quot;2022-07-21T22:46:37.854Z&quot;,
    &quot;deviceId&quot;: &quot;21166557&quot;,
    &quot;deviceName&quot;: &quot;m32sd10b&quot;,
    &quot;self&quot;: &quot;https://t493319102.eu-latest.cumulocity.com/devicecontrol/operations/21201204&quot;,
    &quot;id&quot;: &quot;21201204&quot;,
    &quot;status&quot;: &quot;PENDING&quot;,
    &quot;description&quot;: &quot;Apply software changes, triggered from PySys: [{'action': 'install', 'id': '5495053', 'name': 'apple', 'url': ' ', 'version': '::fruits'}, {'action': 'install', 'id': '5494888', 'name': 'banana', 'url': ' ', 'version': '::fruits'}, {'action': 'install', 'id': '5475369', 'name': 'asciijump', 'url': ' ', 'version': '::apt'}, {'action': 'install', 'id': '5495382', 'name': 'cherry', 'url': ' ', 'version': '::fruits'}, {'action': 'install', 'id': '8018911', 'name': 'registry', 'url': ' ', 'version': '::docker'}]&quot;,
    &quot;c8y_SoftwareUpdate&quot;: [
        {
            &quot;name&quot;: &quot;apple&quot;,
            &quot;action&quot;: &quot;install&quot;,
            &quot;id&quot;: &quot;5495053&quot;,
            &quot;version&quot;: &quot;::fruits&quot;,
            &quot;url&quot;: &quot; &quot;
        },
        {
            &quot;name&quot;: &quot;banana&quot;,
            &quot;action&quot;: &quot;install&quot;,
            &quot;id&quot;: &quot;5494888&quot;,
            &quot;version&quot;: &quot;::fruits&quot;,
            &quot;url&quot;: &quot; &quot;
        },
        {
            &quot;name&quot;: &quot;asciijump&quot;,
            &quot;action&quot;: &quot;install&quot;,
            &quot;id&quot;: &quot;5475369&quot;,
            &quot;version&quot;: &quot;::apt&quot;,
            &quot;url&quot;: &quot; &quot;
        },
        {
            &quot;name&quot;: &quot;cherry&quot;,
            &quot;action&quot;: &quot;install&quot;,
            &quot;id&quot;: &quot;5495382&quot;,
            &quot;version&quot;: &quot;::fruits&quot;,
            &quot;url&quot;: &quot; &quot;
        },
        {
            &quot;name&quot;: &quot;registry&quot;,
            &quot;action&quot;: &quot;install&quot;,
            &quot;id&quot;: &quot;8018911&quot;,
            &quot;version&quot;: &quot;::docker&quot;,
            &quot;url&quot;: &quot; &quot;
        }
    ]
}
22:46:37 INFO  Started operation: {'creationTime': '2022-07-21T22:46:37.854Z', 'deviceId': '21166557', 'deviceName': 'm32sd10b', 'self': 'https://t493319102.eu-latest.cumulocity.com/devicecontrol/operations/21201204', 'id': '21201204', 'status': 'PENDING', 'description': &quot;Apply software changes, triggered from PySys: [{'action': 'install', 'id': '5495053', 'name': 'apple', 'url': ' ', 'version': '::fruits'}, {'action': 'install', 'id': '5494888', 'name': 'banana', 'url': ' ', 'version': '::fruits'}, {'action': 'install', 'id': '5475369', 'name': 'asciijump', 'url': ' ', 'version': '::apt'}, {'action': 'install', 'id': '5495382', 'name': 'cherry', 'url': ' ', 'version': '::fruits'}, {'action': 'install', 'id': '8018911', 'name': 'registry', 'url': ' ', 'version': '::docker'}]&quot;, 'c8y_SoftwareUpdate': [{'name': 'apple', 'action': 'install', 'id': '5495053', 'version': '::fruits', 'url': ' '}, {'name': 'banana', 'action': 'install', 'id': '5494888', 'version': '::fruits', 'url': ' '}, {'name': 'asciijump', 'action': 'install', 'id': '5475369', 'version': '::apt', 'url': ' '}, {'name': 'cherry', 'action': 'install', 'id': '5495382', 'version': '::fruits', 'url': ' '}, {'name': 'registry', 'action': 'install', 'id': '8018911', 'version': '::docker', 'url': ' '}]}
22:46:40 INFO  State of operation 21201204 : PENDING
22:46:42 INFO  State of operation 21201204 : EXECUTING
22:46:44 INFO  State of operation 21201204 : EXECUTING
22:46:46 INFO  State of operation 21201204 : EXECUTING
22:46:49 INFO  State of operation 21201204 : EXECUTING
22:46:51 INFO  State of operation 21201204 : EXECUTING
22:46:54 INFO  State of operation 21201204 : EXECUTING
22:46:57 INFO  State of operation 21201204 : EXECUTING
22:47:00 INFO  State of operation 21201204 : EXECUTING
22:47:02 INFO  State of operation 21201204 : EXECUTING
22:47:04 INFO  State of operation 21201204 : EXECUTING
22:47:06 INFO  State of operation 21201204 : EXECUTING
22:47:09 INFO  State of operation 21201204 : EXECUTING
22:47:11 INFO  State of operation 21201204 : EXECUTING
22:47:13 INFO  State of operation 21201204 : EXECUTING
22:47:15 INFO  State of operation 21201204 : EXECUTING
22:47:18 INFO  State of operation 21201204 : EXECUTING
22:47:20 INFO  State of operation 21201204 : EXECUTING
22:47:22 INFO  State of operation 21201204 : EXECUTING
22:47:24 INFO  State of operation 21201204 : EXECUTING
22:47:27 INFO  State of operation 21201204 : EXECUTING
22:47:29 INFO  State of operation 21201204 : EXECUTING
22:47:32 INFO  State of operation 21201204 : EXECUTING
22:47:34 INFO  State of operation 21201204 : EXECUTING
22:47:36 INFO  State of operation 21201204 : EXECUTING
22:47:38 INFO  State of operation 21201204 : SUCCESSFUL
22:47:39 INFO  Package apple is installed
22:47:39 INFO  Assert that (True == value) with value=True ... passed
22:47:39 INFO  Package banana is installed
22:47:39 INFO  Assert that (True == value) with value=True ... passed
22:47:39 INFO  Package cherry is installed
22:47:39 INFO  Assert that (True == value) with value=True ... passed
22:47:39 INFO  Package asciijump is installed
22:47:39 INFO  Assert that (True == value) with value=True ... passed
22:47:40 INFO  Package registry is installed
22:47:40 INFO  Assert that (True == value) with value=True ... passed
22:47:40 INFO  Response status: 201
22:47:40 INFO  Response to action: {
    &quot;creationTime&quot;: &quot;2022-07-21T22:47:40.284Z&quot;,
    &quot;deviceId&quot;: &quot;21166557&quot;,
    &quot;deviceName&quot;: &quot;m32sd10b&quot;,
    &quot;self&quot;: &quot;https://t493319102.eu-latest.cumulocity.com/devicecontrol/operations/21201214&quot;,
    &quot;id&quot;: &quot;21201214&quot;,
    &quot;status&quot;: &quot;PENDING&quot;,
    &quot;description&quot;: &quot;Apply software changes, triggered from PySys: [{'action': 'delete', 'id': '5495053', 'name': 'apple', 'url': ' ', 'version': '::fruits'}, {'action': 'delete', 'id': '5494888', 'name': 'banana', 'url': ' ', 'version': '::fruits'}, {'action': 'delete', 'id': '5475369', 'name': 'asciijump', 'url': ' ', 'version': '::apt'}, {'action': 'delete', 'id': '5495382', 'name': 'cherry', 'url': ' ', 'version': '::fruits'}, {'action': 'delete', 'id': '8018911', 'name': 'registry', 'url': ' ', 'version': '::docker'}]&quot;,
    &quot;c8y_SoftwareUpdate&quot;: [
        {
            &quot;name&quot;: &quot;apple&quot;,
            &quot;action&quot;: &quot;delete&quot;,
            &quot;id&quot;: &quot;5495053&quot;,
            &quot;version&quot;: &quot;::fruits&quot;,
            &quot;url&quot;: &quot; &quot;
        },
        {
            &quot;name&quot;: &quot;banana&quot;,
            &quot;action&quot;: &quot;delete&quot;,
            &quot;id&quot;: &quot;5494888&quot;,
            &quot;version&quot;: &quot;::fruits&quot;,
            &quot;url&quot;: &quot; &quot;
        },
        {
            &quot;name&quot;: &quot;asciijump&quot;,
            &quot;action&quot;: &quot;delete&quot;,
            &quot;id&quot;: &quot;5475369&quot;,
            &quot;version&quot;: &quot;::apt&quot;,
            &quot;url&quot;: &quot; &quot;
        },
        {
            &quot;name&quot;: &quot;cherry&quot;,
            &quot;action&quot;: &quot;delete&quot;,
            &quot;id&quot;: &quot;5495382&quot;,
            &quot;version&quot;: &quot;::fruits&quot;,
            &quot;url&quot;: &quot; &quot;
        },
        {
            &quot;name&quot;: &quot;registry&quot;,
            &quot;action&quot;: &quot;delete&quot;,
            &quot;id&quot;: &quot;8018911&quot;,
            &quot;version&quot;: &quot;::docker&quot;,
            &quot;url&quot;: &quot; &quot;
        }
    ]
}
22:47:40 INFO  Started operation: {'creationTime': '2022-07-21T22:47:40.284Z', 'deviceId': '21166557', 'deviceName': 'm32sd10b', 'self': 'https://t493319102.eu-latest.cumulocity.com/devicecontrol/operations/21201214', 'id': '21201214', 'status': 'PENDING', 'description': &quot;Apply software changes, triggered from PySys: [{'action': 'delete', 'id': '5495053', 'name': 'apple', 'url': ' ', 'version': '::fruits'}, {'action': 'delete', 'id': '5494888', 'name': 'banana', 'url': ' ', 'version': '::fruits'}, {'action': 'delete', 'id': '5475369', 'name': 'asciijump', 'url': ' ', 'version': '::apt'}, {'action': 'delete', 'id': '5495382', 'name': 'cherry', 'url': ' ', 'version': '::fruits'}, {'action': 'delete', 'id': '8018911', 'name': 'registry', 'url': ' ', 'version': '::docker'}]&quot;, 'c8y_SoftwareUpdate': [{'name': 'apple', 'action': 'delete', 'id': '5495053', 'version': '::fruits', 'url': ' '}, {'name': 'banana', 'action': 'delete', 'id': '5494888', 'version': '::fruits', 'url': ' '}, {'name': 'asciijump', 'action': 'delete', 'id': '5475369', 'version': '::apt', 'url': ' '}, {'name': 'cherry', 'action': 'delete', 'id': '5495382', 'version': '::fruits', 'url': ' '}, {'name': 'registry', 'action': 'delete', 'id': '8018911', 'version': '::docker', 'url': ' '}]}
22:47:42 INFO  State of operation 21201214 : PENDING
22:47:44 INFO  State of operation 21201214 : EXECUTING
22:47:46 INFO  State of operation 21201214 : EXECUTING
22:47:49 INFO  State of operation 21201214 : EXECUTING
22:47:51 INFO  State of operation 21201214 : EXECUTING
22:47:53 INFO  State of operation 21201214 : EXECUTING
22:47:56 INFO  State of operation 21201214 : EXECUTING
22:47:59 INFO  State of operation 21201214 : EXECUTING
22:48:01 INFO  State of operation 21201214 : EXECUTING
22:48:03 INFO  State of operation 21201214 : EXECUTING
22:48:05 INFO  State of operation 21201214 : EXECUTING
22:48:08 INFO  State of operation 21201214 : EXECUTING
22:48:10 INFO  State of operation 21201214 : EXECUTING
22:48:12 INFO  State of operation 21201214 : EXECUTING
22:48:14 INFO  State of operation 21201214 : EXECUTING
22:48:17 INFO  State of operation 21201214 : EXECUTING
22:48:20 INFO  State of operation 21201214 : EXECUTING
22:48:22 INFO  State of operation 21201214 : EXECUTING
22:48:24 INFO  State of operation 21201214 : EXECUTING
22:48:26 INFO  State of operation 21201214 : EXECUTING
22:48:29 INFO  State of operation 21201214 : EXECUTING
22:48:31 INFO  State of operation 21201214 : EXECUTING
22:48:33 INFO  State of operation 21201214 : EXECUTING
22:48:36 INFO  State of operation 21201214 : EXECUTING
22:48:38 INFO  State of operation 21201214 : EXECUTING
22:48:41 INFO  State of operation 21201214 : EXECUTING
22:48:43 INFO  State of operation 21201214 : EXECUTING
22:48:45 INFO  State of operation 21201214 : EXECUTING
22:48:47 INFO  State of operation 21201214 : EXECUTING
22:48:49 INFO  State of operation 21201214 : EXECUTING
22:48:52 INFO  State of operation 21201214 : SUCCESSFUL
22:48:52 INFO  Package apple is installed
22:48:52 INFO  Assert that (True == value) with value=True ... passed
22:48:52 INFO  Package banana is installed
22:48:52 INFO  Assert that (True == value) with value=True ... passed
22:48:53 INFO  Package cherry is installed
22:48:53 INFO  Assert that (True == value) with value=True ... passed
22:48:53 INFO  Assert that (False == value) with value=False ... passed
22:48:53 INFO  Assert that (False == value) with value=False ... passed
22:48:53 INFO  
22:48:53 INFO  cleanup:
22:48:57 INFO  Executed sudo&lt;tedge_disconnect_c8y&gt;, exit status 0
22:48:58 INFO  Executed systemctl&lt;serv_mapper5&gt;, exit status 3
22:48:58 INFO  
22:48:58 INFO  Test duration: 166.14 secs
22:48:58 INFO  Test final outcome:  FAILED
22:48:58 INFO  Test outcome reason: Assert that (False == value) with value=True
22:48:58 INFO  
</system-out>
	</testcase>
</testsuite>
