<?xml version="1.0" encoding="utf-8"?>
<testsuite failures="1" name="SoftwareManagement.sm_apt_install_remove_multiple_mixed" skipped="0" tests="1" time="166.85" timestamp="2022-06-02T09:54:10">
	<testcase classname="PySysTest" name="SoftwareManagement.sm_apt_install_remove_multiple_mixed">
		<failure message="BLOCKED: SystemError: Timeout while waiting for status FAILED or SUCCESSFUL" type="BLOCKED"/>
		<system-out>09:51:23 INFO  ==============================================================
09:51:23 INFO  Id:    SoftwareManagement.sm_apt_install_remove_multiple_mixed
09:51:23 INFO  Dir:   software_management_end_to_end/
09:51:23 INFO  Title: Validate end to end behaviour for the apt plugin for multiple packages with mixed versions
09:51:23 INFO  ==============================================================
09:51:23 INFO  Using sw id database: {'asciijump': '5475369', 'robotfindskitten': '5474869', 'squirrel3': '5475279', 'rolldice': '5152439', 'moon-buggy': '5439204', 'apple': '5495053', 'banana': '5494888', 'cherry': '5495382', 'watermelon': '5494510', 'registry': '8018911', 'hello-world': '8021526', 'docker/getting-started': '8021973', 'alpine': '7991792'}
09:51:23 INFO  EnvironmentC8y Setup
09:51:24 INFO  Executed systemctl&lt;serv_mapper1&gt;, exit status 3
09:51:24 INFO  Restarting mosquitto too frequently in the last 10 seconds. It was only up for 4 seconds
09:51:24 INFO  Delaying execution by 7 seconds
09:51:45 INFO  Executed sudo&lt;tedge_connect_c8y&gt;, exit status 0, duration 13 secs
09:51:45 INFO  Executed sudo&lt;tedge_connect_c8y_test&gt;, exit status 0
09:51:46 INFO  Executed systemctl&lt;serv_mosq2&gt;, exit status 0
09:51:46 INFO  Executed systemctl&lt;serv_mapper3&gt;, exit status 0
09:51:49 INFO  State of current operation: PENDING
09:51:51 INFO  State of current operation: PENDING
09:51:53 INFO  State of current operation: PENDING
09:51:55 INFO  State of current operation: PENDING
09:51:58 INFO  State of current operation: PENDING
09:52:00 INFO  State of current operation: PENDING
09:52:02 INFO  State of current operation: PENDING
09:52:04 INFO  State of current operation: PENDING
09:52:07 INFO  State of current operation: PENDING
09:52:09 INFO  State of current operation: PENDING
09:52:11 INFO  State of current operation: PENDING
09:52:13 INFO  State of current operation: PENDING
09:52:16 INFO  State of current operation: PENDING
09:52:18 INFO  State of current operation: PENDING
09:52:20 INFO  State of current operation: PENDING
09:52:22 INFO  State of current operation: PENDING
09:52:24 INFO  State of current operation: PENDING
09:52:27 INFO  State of current operation: PENDING
09:52:29 INFO  State of current operation: PENDING
09:52:31 INFO  State of current operation: PENDING
09:52:33 INFO  State of current operation: PENDING
09:52:36 INFO  State of current operation: PENDING
09:52:38 INFO  State of current operation: PENDING
09:52:40 INFO  State of current operation: PENDING
09:52:42 INFO  State of current operation: PENDING
09:52:45 INFO  State of current operation: PENDING
09:52:47 INFO  State of current operation: PENDING
09:52:49 INFO  State of current operation: PENDING
09:52:51 INFO  State of current operation: PENDING
09:52:54 INFO  State of current operation: PENDING
09:52:56 INFO  State of current operation: PENDING
09:52:58 INFO  State of current operation: PENDING
09:53:00 INFO  State of current operation: PENDING
09:53:03 INFO  State of current operation: PENDING
09:53:05 INFO  State of current operation: PENDING
09:53:07 INFO  State of current operation: PENDING
09:53:09 INFO  State of current operation: PENDING
09:53:11 INFO  State of current operation: PENDING
09:53:14 INFO  State of current operation: PENDING
09:53:16 INFO  State of current operation: PENDING
09:53:18 INFO  State of current operation: PENDING
09:53:20 INFO  State of current operation: PENDING
09:53:23 INFO  State of current operation: PENDING
09:53:25 INFO  State of current operation: PENDING
09:53:27 INFO  State of current operation: PENDING
09:53:30 INFO  State of current operation: PENDING
09:53:32 INFO  State of current operation: PENDING
09:53:34 INFO  State of current operation: PENDING
09:53:36 INFO  State of current operation: PENDING
09:53:38 INFO  State of current operation: PENDING
09:53:41 INFO  State of current operation: PENDING
09:53:43 INFO  State of current operation: PENDING
09:53:45 INFO  State of current operation: PENDING
09:53:48 INFO  State of current operation: PENDING
09:53:50 INFO  State of current operation: PENDING
09:53:52 INFO  State of current operation: PENDING
09:53:54 INFO  State of current operation: PENDING
09:53:56 INFO  State of current operation: PENDING
09:53:59 INFO  State of current operation: PENDING
09:54:01 INFO  State of current operation: PENDING
09:54:03 INFO  State of current operation: PENDING
09:54:05 WARN  SystemError occurred while running test - Timeout while waiting for status FAILED or SUCCESSFUL
Traceback (most recent call last):
  File &quot;/home/pi/env-pysys/lib/python3.7/site-packages/pysys/baserunner.py&quot;, line 1292, in __call__
    self.testObj.setup()
  File &quot;/home/pi/actions-runner/_work/thin-edge.io/thin-edge.io/tests/PySys/software_management_end_to_end/sm_apt_install_remove_multiple_mixed/run.py&quot;, line 73, in setup
    super().setup()
  File &quot;/home/pi/actions-runner/_work/thin-edge.io/thin-edge.io/tests/PySys/software_management_end_to_end/environment_sm_management.py&quot;, line 151, in setup
    self.wait_until_end()
  File &quot;/home/pi/actions-runner/_work/thin-edge.io/thin-edge.io/tests/PySys/software_management_end_to_end/environment_sm_management.py&quot;, line 332, in wait_until_end
    self.wait_until_status(&quot;FAILED&quot;, &quot;SUCCESSFUL&quot;)
  File &quot;/home/pi/actions-runner/_work/thin-edge.io/thin-edge.io/tests/PySys/software_management_end_to_end/environment_sm_management.py&quot;, line 381, in wait_until_status
    &quot;Timeout while waiting for status %s or %s&quot; % (status, status2)
SystemError: Timeout while waiting for status FAILED or SUCCESSFUL
09:54:05 WARN  SystemError: Timeout while waiting for status FAILED or SUCCESSFUL ... blocked 
09:54:05 INFO  
09:54:05 INFO  cleanup:
09:54:09 INFO  Executed sudo&lt;tedge_disconnect_c8y&gt;, exit status 0
09:54:10 INFO  Executed systemctl&lt;serv_mapper5&gt;, exit status 3
09:54:10 INFO  
09:54:10 INFO  Test duration: 166.85 secs
09:54:10 INFO  Test final outcome:  BLOCKED
09:54:10 INFO  Test outcome reason: SystemError: Timeout while waiting for status FAILED or SUCCESSFUL
09:54:10 INFO  
</system-out>
	</testcase>
</testsuite>
