<?xml version="1.0" encoding="utf-8"?>
<testsuite failures="1" name="SoftwareManagement.sm_mixed_install_remove_multiple" skipped="0" tests="1" time="163.63" timestamp="2022-07-27T10:39:01">
	<testcase classname="PySysTest" name="SoftwareManagement.sm_mixed_install_remove_multiple">
		<failure message="FAILED: Assert that (False == value) with value=True" type="FAILED"/>
		<system-out>10:36:17 INFO  ==============================================================
10:36:17 INFO  Id:    SoftwareManagement.sm_mixed_install_remove_multiple
10:36:17 INFO  Dir:   software_management_end_to_end/
10:36:17 INFO  Title: Validate end to end behaviour for the dummy-plugin for multiple packages with mixed versions
10:36:17 INFO  ==============================================================
10:36:17 INFO  Using sw id database: {'asciijump': '5475369', 'robotfindskitten': '5474869', 'squirrel3': '5475279', 'rolldice': '5152439', 'moon-buggy': '5439204', 'apple': '5495053', 'banana': '5494888', 'cherry': '5495382', 'watermelon': '5494510', 'registry': '8018911', 'hello-world': '8021526', 'docker/getting-started': '8021973', 'alpine': '7991792'}
10:36:17 INFO  EnvironmentC8y Setup
10:36:18 INFO  Executed systemctl&lt;serv_mapper1&gt;, exit status 3
10:36:18 INFO  Restarting mosquitto too frequently in the last 10 seconds. It was only up for 5 seconds
10:36:18 INFO  Delaying execution by 6 seconds
10:36:39 INFO  Executed sudo&lt;tedge_connect_c8y&gt;, exit status 0, duration 14 secs
10:36:39 INFO  Executed sudo&lt;tedge_connect_c8y_test&gt;, exit status 0
10:36:40 INFO  Executed systemctl&lt;serv_mosq2&gt;, exit status 0
10:36:40 INFO  Executed systemctl&lt;serv_mapper3&gt;, exit status 0
10:36:42 INFO  State of current operation: SUCCESSFUL
10:36:43 INFO  Package apple is installed
10:36:43 INFO  Assert that (True == value) with value=True ... passed
10:36:43 INFO  Package banana is installed
10:36:43 INFO  Assert that (True == value) with value=True ... passed
10:36:43 INFO  Package cherry is installed
10:36:43 INFO  Assert that (True == value) with value=True ... passed
10:36:44 INFO  Package asciijump is installed
10:36:44 WARN  Assert that (False == value) with value=True ... failed 
10:36:44 INFO  Assert that (False == value) with value=False ... passed
10:36:44 INFO  Response status: 201
10:36:44 INFO  Response to action: {
    &quot;delivery&quot;: {
        &quot;log&quot;: [],
        &quot;time&quot;: &quot;2022-07-27T10:36:44.606Z&quot;,
        &quot;status&quot;: &quot;PENDING&quot;
    },
    &quot;creationTime&quot;: &quot;2022-07-27T10:36:44.589Z&quot;,
    &quot;deviceId&quot;: &quot;21445682&quot;,
    &quot;deviceName&quot;: &quot;m32sd10b&quot;,
    &quot;self&quot;: &quot;https://t493319102.eu-latest.cumulocity.com/devicecontrol/operations/21474529&quot;,
    &quot;id&quot;: &quot;21474529&quot;,
    &quot;status&quot;: &quot;PENDING&quot;,
    &quot;description&quot;: &quot;Apply software changes, triggered from PySys: [{'action': 'install', 'id': '5495053', 'name': 'apple', 'url': ' ', 'version': '::fruits'}, {'action': 'install', 'id': '5494888', 'name': 'banana', 'url': ' ', 'version': '::fruits'}, {'action': 'install', 'id': '5475369', 'name': 'asciijump', 'url': ' ', 'version': '::apt'}, {'action': 'install', 'id': '5495382', 'name': 'cherry', 'url': ' ', 'version': '::fruits'}, {'action': 'install', 'id': '8018911', 'name': 'registry', 'url': ' ', 'version': '::docker'}]&quot;,
    &quot;c8y_SoftwareUpdate&quot;: [
        {
            &quot;name&quot;: &quot;apple&quot;,
            &quot;action&quot;: &quot;install&quot;,
            &quot;id&quot;: &quot;5495053&quot;,
            &quot;version&quot;: &quot;::fruits&quot;,
            &quot;url&quot;: &quot; &quot;
        },
        {
            &quot;name&quot;: &quot;banana&quot;,
            &quot;action&quot;: &quot;install&quot;,
            &quot;id&quot;: &quot;5494888&quot;,
            &quot;version&quot;: &quot;::fruits&quot;,
            &quot;url&quot;: &quot; &quot;
        },
        {
            &quot;name&quot;: &quot;asciijump&quot;,
            &quot;action&quot;: &quot;install&quot;,
            &quot;id&quot;: &quot;5475369&quot;,
            &quot;version&quot;: &quot;::apt&quot;,
            &quot;url&quot;: &quot; &quot;
        },
        {
            &quot;name&quot;: &quot;cherry&quot;,
            &quot;action&quot;: &quot;install&quot;,
            &quot;id&quot;: &quot;5495382&quot;,
            &quot;version&quot;: &quot;::fruits&quot;,
            &quot;url&quot;: &quot; &quot;
        },
        {
            &quot;name&quot;: &quot;registry&quot;,
            &quot;action&quot;: &quot;install&quot;,
            &quot;id&quot;: &quot;8018911&quot;,
            &quot;version&quot;: &quot;::docker&quot;,
            &quot;url&quot;: &quot; &quot;
        }
    ]
}
10:36:44 INFO  Started operation: {'delivery': {'log': [], 'time': '2022-07-27T10:36:44.606Z', 'status': 'PENDING'}, 'creationTime': '2022-07-27T10:36:44.589Z', 'deviceId': '21445682', 'deviceName': 'm32sd10b', 'self': 'https://t493319102.eu-latest.cumulocity.com/devicecontrol/operations/21474529', 'id': '21474529', 'status': 'PENDING', 'description': &quot;Apply software changes, triggered from PySys: [{'action': 'install', 'id': '5495053', 'name': 'apple', 'url': ' ', 'version': '::fruits'}, {'action': 'install', 'id': '5494888', 'name': 'banana', 'url': ' ', 'version': '::fruits'}, {'action': 'install', 'id': '5475369', 'name': 'asciijump', 'url': ' ', 'version': '::apt'}, {'action': 'install', 'id': '5495382', 'name': 'cherry', 'url': ' ', 'version': '::fruits'}, {'action': 'install', 'id': '8018911', 'name': 'registry', 'url': ' ', 'version': '::docker'}]&quot;, 'c8y_SoftwareUpdate': [{'name': 'apple', 'action': 'install', 'id': '5495053', 'version': '::fruits', 'url': ' '}, {'name': 'banana', 'action': 'install', 'id': '5494888', 'version': '::fruits', 'url': ' '}, {'name': 'asciijump', 'action': 'install', 'id': '5475369', 'version': '::apt', 'url': ' '}, {'name': 'cherry', 'action': 'install', 'id': '5495382', 'version': '::fruits', 'url': ' '}, {'name': 'registry', 'action': 'install', 'id': '8018911', 'version': '::docker', 'url': ' '}]}
10:36:46 INFO  State of operation 21474529 : PENDING
10:36:49 INFO  State of operation 21474529 : EXECUTING
10:36:51 INFO  State of operation 21474529 : EXECUTING
10:36:53 INFO  State of operation 21474529 : EXECUTING
10:36:55 INFO  State of operation 21474529 : EXECUTING
10:36:57 INFO  State of operation 21474529 : EXECUTING
10:37:00 INFO  State of operation 21474529 : EXECUTING
10:37:03 INFO  State of operation 21474529 : EXECUTING
10:37:05 INFO  State of operation 21474529 : EXECUTING
10:37:08 INFO  State of operation 21474529 : EXECUTING
10:37:10 INFO  State of operation 21474529 : EXECUTING
10:37:12 INFO  State of operation 21474529 : EXECUTING
10:37:14 INFO  State of operation 21474529 : EXECUTING
10:37:17 INFO  State of operation 21474529 : EXECUTING
10:37:19 INFO  State of operation 21474529 : EXECUTING
10:37:21 INFO  State of operation 21474529 : EXECUTING
10:37:23 INFO  State of operation 21474529 : EXECUTING
10:37:26 INFO  State of operation 21474529 : EXECUTING
10:37:28 INFO  State of operation 21474529 : EXECUTING
10:37:30 INFO  State of operation 21474529 : EXECUTING
10:37:32 INFO  State of operation 21474529 : EXECUTING
10:37:35 INFO  State of operation 21474529 : EXECUTING
10:37:37 INFO  State of operation 21474529 : EXECUTING
10:37:39 INFO  State of operation 21474529 : EXECUTING
10:37:41 INFO  State of operation 21474529 : EXECUTING
10:37:44 INFO  State of operation 21474529 : SUCCESSFUL
10:37:44 INFO  Package apple is installed
10:37:44 INFO  Assert that (True == value) with value=True ... passed
10:37:44 INFO  Package banana is installed
10:37:44 INFO  Assert that (True == value) with value=True ... passed
10:37:44 INFO  Package cherry is installed
10:37:44 INFO  Assert that (True == value) with value=True ... passed
10:37:45 INFO  Package asciijump is installed
10:37:45 INFO  Assert that (True == value) with value=True ... passed
10:37:45 INFO  Package registry is installed
10:37:45 INFO  Assert that (True == value) with value=True ... passed
10:37:45 INFO  Response status: 201
10:37:45 INFO  Response to action: {
    &quot;delivery&quot;: {
        &quot;log&quot;: [],
        &quot;time&quot;: &quot;2022-07-27T10:37:45.486Z&quot;,
        &quot;status&quot;: &quot;PENDING&quot;
    },
    &quot;creationTime&quot;: &quot;2022-07-27T10:37:45.440Z&quot;,
    &quot;deviceId&quot;: &quot;21445682&quot;,
    &quot;deviceName&quot;: &quot;m32sd10b&quot;,
    &quot;self&quot;: &quot;https://t493319102.eu-latest.cumulocity.com/devicecontrol/operations/21474543&quot;,
    &quot;id&quot;: &quot;21474543&quot;,
    &quot;status&quot;: &quot;PENDING&quot;,
    &quot;description&quot;: &quot;Apply software changes, triggered from PySys: [{'action': 'delete', 'id': '5495053', 'name': 'apple', 'url': ' ', 'version': '::fruits'}, {'action': 'delete', 'id': '5494888', 'name': 'banana', 'url': ' ', 'version': '::fruits'}, {'action': 'delete', 'id': '5475369', 'name': 'asciijump', 'url': ' ', 'version': '::apt'}, {'action': 'delete', 'id': '5495382', 'name': 'cherry', 'url': ' ', 'version': '::fruits'}, {'action': 'delete', 'id': '8018911', 'name': 'registry', 'url': ' ', 'version': '::docker'}]&quot;,
    &quot;c8y_SoftwareUpdate&quot;: [
        {
            &quot;name&quot;: &quot;apple&quot;,
            &quot;action&quot;: &quot;delete&quot;,
            &quot;id&quot;: &quot;5495053&quot;,
            &quot;version&quot;: &quot;::fruits&quot;,
            &quot;url&quot;: &quot; &quot;
        },
        {
            &quot;name&quot;: &quot;banana&quot;,
            &quot;action&quot;: &quot;delete&quot;,
            &quot;id&quot;: &quot;5494888&quot;,
            &quot;version&quot;: &quot;::fruits&quot;,
            &quot;url&quot;: &quot; &quot;
        },
        {
            &quot;name&quot;: &quot;asciijump&quot;,
            &quot;action&quot;: &quot;delete&quot;,
            &quot;id&quot;: &quot;5475369&quot;,
            &quot;version&quot;: &quot;::apt&quot;,
            &quot;url&quot;: &quot; &quot;
        },
        {
            &quot;name&quot;: &quot;cherry&quot;,
            &quot;action&quot;: &quot;delete&quot;,
            &quot;id&quot;: &quot;5495382&quot;,
            &quot;version&quot;: &quot;::fruits&quot;,
            &quot;url&quot;: &quot; &quot;
        },
        {
            &quot;name&quot;: &quot;registry&quot;,
            &quot;action&quot;: &quot;delete&quot;,
            &quot;id&quot;: &quot;8018911&quot;,
            &quot;version&quot;: &quot;::docker&quot;,
            &quot;url&quot;: &quot; &quot;
        }
    ]
}
10:37:45 INFO  Started operation: {'delivery': {'log': [], 'time': '2022-07-27T10:37:45.486Z', 'status': 'PENDING'}, 'creationTime': '2022-07-27T10:37:45.440Z', 'deviceId': '21445682', 'deviceName': 'm32sd10b', 'self': 'https://t493319102.eu-latest.cumulocity.com/devicecontrol/operations/21474543', 'id': '21474543', 'status': 'PENDING', 'description': &quot;Apply software changes, triggered from PySys: [{'action': 'delete', 'id': '5495053', 'name': 'apple', 'url': ' ', 'version': '::fruits'}, {'action': 'delete', 'id': '5494888', 'name': 'banana', 'url': ' ', 'version': '::fruits'}, {'action': 'delete', 'id': '5475369', 'name': 'asciijump', 'url': ' ', 'version': '::apt'}, {'action': 'delete', 'id': '5495382', 'name': 'cherry', 'url': ' ', 'version': '::fruits'}, {'action': 'delete', 'id': '8018911', 'name': 'registry', 'url': ' ', 'version': '::docker'}]&quot;, 'c8y_SoftwareUpdate': [{'name': 'apple', 'action': 'delete', 'id': '5495053', 'version': '::fruits', 'url': ' '}, {'name': 'banana', 'action': 'delete', 'id': '5494888', 'version': '::fruits', 'url': ' '}, {'name': 'asciijump', 'action': 'delete', 'id': '5475369', 'version': '::apt', 'url': ' '}, {'name': 'cherry', 'action': 'delete', 'id': '5495382', 'version': '::fruits', 'url': ' '}, {'name': 'registry', 'action': 'delete', 'id': '8018911', 'version': '::docker', 'url': ' '}]}
10:37:47 INFO  State of operation 21474543 : PENDING
10:37:49 INFO  State of operation 21474543 : EXECUTING
10:37:52 INFO  State of operation 21474543 : EXECUTING
10:37:54 INFO  State of operation 21474543 : EXECUTING
10:37:56 INFO  State of operation 21474543 : EXECUTING
10:37:58 INFO  State of operation 21474543 : EXECUTING
10:38:01 INFO  State of operation 21474543 : EXECUTING
10:38:04 INFO  State of operation 21474543 : EXECUTING
10:38:06 INFO  State of operation 21474543 : EXECUTING
10:38:08 INFO  State of operation 21474543 : EXECUTING
10:38:11 INFO  State of operation 21474543 : EXECUTING
10:38:13 INFO  State of operation 21474543 : EXECUTING
10:38:15 INFO  State of operation 21474543 : EXECUTING
10:38:17 INFO  State of operation 21474543 : EXECUTING
10:38:20 INFO  State of operation 21474543 : EXECUTING
10:38:22 INFO  State of operation 21474543 : EXECUTING
10:38:25 INFO  State of operation 21474543 : EXECUTING
10:38:28 INFO  State of operation 21474543 : EXECUTING
10:38:30 INFO  State of operation 21474543 : EXECUTING
10:38:32 INFO  State of operation 21474543 : EXECUTING
10:38:34 INFO  State of operation 21474543 : EXECUTING
10:38:36 INFO  State of operation 21474543 : EXECUTING
10:38:39 INFO  State of operation 21474543 : EXECUTING
10:38:42 INFO  State of operation 21474543 : EXECUTING
10:38:44 INFO  State of operation 21474543 : EXECUTING
10:38:46 INFO  State of operation 21474543 : EXECUTING
10:38:48 INFO  State of operation 21474543 : EXECUTING
10:38:51 INFO  State of operation 21474543 : EXECUTING
10:38:53 INFO  State of operation 21474543 : EXECUTING
10:38:55 INFO  State of operation 21474543 : SUCCESSFUL
10:38:55 INFO  Package apple is installed
10:38:55 INFO  Assert that (True == value) with value=True ... passed
10:38:56 INFO  Package banana is installed
10:38:56 INFO  Assert that (True == value) with value=True ... passed
10:38:56 INFO  Package cherry is installed
10:38:56 INFO  Assert that (True == value) with value=True ... passed
10:38:56 INFO  Assert that (False == value) with value=False ... passed
10:38:56 INFO  Assert that (False == value) with value=False ... passed
10:38:56 INFO  
10:38:56 INFO  cleanup:
10:39:01 INFO  Executed sudo&lt;tedge_disconnect_c8y&gt;, exit status 0
10:39:01 INFO  Executed systemctl&lt;serv_mapper5&gt;, exit status 3
10:39:01 INFO  
10:39:01 INFO  Test duration: 163.63 secs
10:39:01 INFO  Test final outcome:  FAILED
10:39:01 INFO  Test outcome reason: Assert that (False == value) with value=True
10:39:01 INFO  
</system-out>
	</testcase>
</testsuite>
