<?xml version="1.0" encoding="utf-8"?>
<testsuite failures="1" name="SoftwareManagement.sm_docker_install_remove_multiple" skipped="0" tests="1" time="164.16" timestamp="2022-07-22T03:20:59">
	<testcase classname="SMDockerInstallRemove" name="SoftwareManagement.sm_docker_install_remove_multiple">
		<failure message="BLOCKED: SystemError: Timeout while waiting for status FAILED or SUCCESSFUL" type="BLOCKED"/>
		<system-out>03:18:15 INFO  ==============================================================
03:18:15 INFO  Id:    SoftwareManagement.sm_docker_install_remove_multiple
03:18:15 INFO  Dir:   software_management_end_to_end/
03:18:15 INFO  Title: Validate end to end behaviour for the docker plugin for multiple docker images with mixed versions
03:18:15 INFO  ==============================================================
03:18:15 INFO  Using sw id database: {'asciijump': '5475369', 'robotfindskitten': '5474869', 'squirrel3': '5475279', 'rolldice': '5152439', 'moon-buggy': '5439204', 'apple': '5495053', 'banana': '5494888', 'cherry': '5495382', 'watermelon': '5494510', 'registry': '8018911', 'hello-world': '8021526', 'docker/getting-started': '8021973', 'alpine': '7991792'}
03:18:15 INFO  EnvironmentC8y Setup
03:18:15 INFO  Executed systemctl&lt;serv_mapper1&gt;, exit status 3
03:18:15 INFO  Restarting mosquitto too frequently in the last 10 seconds. It was only up for 5 seconds
03:18:15 INFO  Delaying execution by 6 seconds
03:18:35 INFO  Executed sudo&lt;tedge_connect_c8y&gt;, exit status 0, duration 13 secs
03:18:36 INFO  Executed sudo&lt;tedge_connect_c8y_test&gt;, exit status 0
03:18:36 INFO  Executed systemctl&lt;serv_mosq2&gt;, exit status 0
03:18:37 INFO  Executed systemctl&lt;serv_mapper3&gt;, exit status 0
03:18:39 INFO  State of current operation: EXECUTING
03:18:41 INFO  State of current operation: EXECUTING
03:18:44 INFO  State of current operation: EXECUTING
03:18:46 INFO  State of current operation: EXECUTING
03:18:48 INFO  State of current operation: EXECUTING
03:18:50 INFO  State of current operation: EXECUTING
03:18:52 INFO  State of current operation: EXECUTING
03:18:55 INFO  State of current operation: EXECUTING
03:18:57 INFO  State of current operation: EXECUTING
03:18:59 INFO  State of current operation: EXECUTING
03:19:01 INFO  State of current operation: EXECUTING
03:19:04 INFO  State of current operation: EXECUTING
03:19:06 INFO  State of current operation: EXECUTING
03:19:08 INFO  State of current operation: EXECUTING
03:19:10 INFO  State of current operation: EXECUTING
03:19:12 INFO  State of current operation: EXECUTING
03:19:15 INFO  State of current operation: EXECUTING
03:19:17 INFO  State of current operation: EXECUTING
03:19:19 INFO  State of current operation: EXECUTING
03:19:21 INFO  State of current operation: EXECUTING
03:19:24 INFO  State of current operation: EXECUTING
03:19:26 INFO  State of current operation: EXECUTING
03:19:28 INFO  State of current operation: EXECUTING
03:19:30 INFO  State of current operation: EXECUTING
03:19:32 INFO  State of current operation: EXECUTING
03:19:35 INFO  State of current operation: EXECUTING
03:19:37 INFO  State of current operation: EXECUTING
03:19:39 INFO  State of current operation: EXECUTING
03:19:41 INFO  State of current operation: EXECUTING
03:19:44 INFO  State of current operation: EXECUTING
03:19:46 INFO  State of current operation: EXECUTING
03:19:48 INFO  State of current operation: EXECUTING
03:19:50 INFO  State of current operation: EXECUTING
03:19:52 INFO  State of current operation: EXECUTING
03:19:55 INFO  State of current operation: EXECUTING
03:19:57 INFO  State of current operation: EXECUTING
03:19:59 INFO  State of current operation: EXECUTING
03:20:01 INFO  State of current operation: EXECUTING
03:20:03 INFO  State of current operation: EXECUTING
03:20:06 INFO  State of current operation: EXECUTING
03:20:08 INFO  State of current operation: EXECUTING
03:20:10 INFO  State of current operation: EXECUTING
03:20:12 INFO  State of current operation: EXECUTING
03:20:15 INFO  State of current operation: EXECUTING
03:20:17 INFO  State of current operation: EXECUTING
03:20:19 INFO  State of current operation: EXECUTING
03:20:21 INFO  State of current operation: EXECUTING
03:20:23 INFO  State of current operation: EXECUTING
03:20:26 INFO  State of current operation: EXECUTING
03:20:28 INFO  State of current operation: EXECUTING
03:20:30 INFO  State of current operation: EXECUTING
03:20:32 INFO  State of current operation: EXECUTING
03:20:35 INFO  State of current operation: EXECUTING
03:20:37 INFO  State of current operation: EXECUTING
03:20:39 INFO  State of current operation: EXECUTING
03:20:41 INFO  State of current operation: EXECUTING
03:20:43 INFO  State of current operation: EXECUTING
03:20:46 INFO  State of current operation: EXECUTING
03:20:48 INFO  State of current operation: EXECUTING
03:20:50 INFO  State of current operation: EXECUTING
03:20:52 INFO  State of current operation: EXECUTING
03:20:54 WARN  SystemError occurred while running test - Timeout while waiting for status FAILED or SUCCESSFUL
Traceback (most recent call last):
  File &quot;/home/pi/env-pysys/lib/python3.7/site-packages/pysys/baserunner.py&quot;, line 1292, in __call__
    self.testObj.setup()
  File &quot;/home/pi/actions-runner/_work/thin-edge.io/thin-edge.io/tests/PySys/software_management_end_to_end/sm_docker_install_remove_multiple/run.py&quot;, line 29, in setup
    super().setup()
  File &quot;/home/pi/actions-runner/_work/thin-edge.io/thin-edge.io/tests/PySys/software_management_end_to_end/environment_sm_management.py&quot;, line 151, in setup
    self.wait_until_end()
  File &quot;/home/pi/actions-runner/_work/thin-edge.io/thin-edge.io/tests/PySys/software_management_end_to_end/environment_sm_management.py&quot;, line 332, in wait_until_end
    self.wait_until_status(&quot;FAILED&quot;, &quot;SUCCESSFUL&quot;)
  File &quot;/home/pi/actions-runner/_work/thin-edge.io/thin-edge.io/tests/PySys/software_management_end_to_end/environment_sm_management.py&quot;, line 381, in wait_until_status
    &quot;Timeout while waiting for status %s or %s&quot; % (status, status2)
SystemError: Timeout while waiting for status FAILED or SUCCESSFUL
03:20:54 WARN  SystemError: Timeout while waiting for status FAILED or SUCCESSFUL ... blocked 
03:20:54 INFO  
03:20:54 INFO  cleanup:
03:20:58 INFO  Executed sudo&lt;tedge_disconnect_c8y&gt;, exit status 0
03:20:59 INFO  Executed systemctl&lt;serv_mapper5&gt;, exit status 3
03:20:59 INFO  
03:20:59 INFO  Test duration: 164.16 secs
03:20:59 INFO  Test final outcome:  BLOCKED
03:20:59 INFO  Test outcome reason: SystemError: Timeout while waiting for status FAILED or SUCCESSFUL
03:20:59 INFO  
</system-out>
	</testcase>
</testsuite>
