<?xml version="1.0" encoding="utf-8"?>
<testsuite failures="1" name="SoftwareManagement.sm_apt_install_remove_multiple" skipped="0" tests="1" time="186.07" timestamp="2022-07-25T09:30:06">
	<testcase classname="PySysTest" name="SoftwareManagement.sm_apt_install_remove_multiple">
		<failure message="FAILED: Assert that (False == value) with value=True" type="FAILED"/>
		<system-out>09:27:00 INFO  ==============================================================
09:27:00 INFO  Id:    SoftwareManagement.sm_apt_install_remove_multiple
09:27:00 INFO  Dir:   software_management_end_to_end/
09:27:00 INFO  Title: Validate end to end behaviour for the apt plugin for multiple packages
09:27:00 INFO  ==============================================================
09:27:00 INFO  Using sw id database: {'asciijump': '5475369', 'robotfindskitten': '5474869', 'squirrel3': '5475279', 'rolldice': '5152439', 'moon-buggy': '5439204', 'apple': '5495053', 'banana': '5494888', 'cherry': '5495382', 'watermelon': '5494510', 'registry': '8018911', 'hello-world': '8021526', 'docker/getting-started': '8021973', 'alpine': '7991792'}
09:27:00 INFO  EnvironmentC8y Setup
09:27:01 INFO  Executed systemctl&lt;serv_mapper1&gt;, exit status 3
09:27:01 INFO  Restarting mosquitto too frequently in the last 10 seconds. It was only up for 4 seconds
09:27:01 INFO  Delaying execution by 7 seconds
09:27:22 INFO  Executed sudo&lt;tedge_connect_c8y&gt;, exit status 0, duration 14 secs
09:27:23 INFO  Executed sudo&lt;tedge_connect_c8y_test&gt;, exit status 0
09:27:23 INFO  Executed systemctl&lt;serv_mosq2&gt;, exit status 0
09:27:24 INFO  Executed systemctl&lt;serv_mapper3&gt;, exit status 0
09:27:26 INFO  State of current operation: SUCCESSFUL
09:27:26 INFO  Assert that (False == value) with value=False ... passed
09:27:26 INFO  Assert that (False == value) with value=False ... passed
09:27:27 INFO  Assert that (False == value) with value=False ... passed
09:27:27 INFO  Package robotfindskitten is installed
09:27:27 WARN  Assert that (False == value) with value=True ... failed 
09:27:28 INFO  Response status: 201
09:27:28 INFO  Response to action: {
    &quot;creationTime&quot;: &quot;2022-07-25T09:27:27.978Z&quot;,
    &quot;deviceId&quot;: &quot;21309491&quot;,
    &quot;deviceName&quot;: &quot;m32sd10b&quot;,
    &quot;self&quot;: &quot;https://t493319102.eu-latest.cumulocity.com/devicecontrol/operations/21368491&quot;,
    &quot;id&quot;: &quot;21368491&quot;,
    &quot;status&quot;: &quot;PENDING&quot;,
    &quot;description&quot;: &quot;Apply software changes, triggered from PySys: [{'action': 'install', 'id': '5475369', 'name': 'asciijump', 'url': ' ', 'version': '::apt'}, {'action': 'install', 'id': '5474869', 'name': 'robotfindskitten', 'url': ' ', 'version': '::apt'}, {'action': 'install', 'id': '5475279', 'name': 'squirrel3', 'url': ' ', 'version': '::apt'}]&quot;,
    &quot;c8y_SoftwareUpdate&quot;: [
        {
            &quot;name&quot;: &quot;asciijump&quot;,
            &quot;action&quot;: &quot;install&quot;,
            &quot;id&quot;: &quot;5475369&quot;,
            &quot;version&quot;: &quot;::apt&quot;,
            &quot;url&quot;: &quot; &quot;
        },
        {
            &quot;name&quot;: &quot;robotfindskitten&quot;,
            &quot;action&quot;: &quot;install&quot;,
            &quot;id&quot;: &quot;5474869&quot;,
            &quot;version&quot;: &quot;::apt&quot;,
            &quot;url&quot;: &quot; &quot;
        },
        {
            &quot;name&quot;: &quot;squirrel3&quot;,
            &quot;action&quot;: &quot;install&quot;,
            &quot;id&quot;: &quot;5475279&quot;,
            &quot;version&quot;: &quot;::apt&quot;,
            &quot;url&quot;: &quot; &quot;
        }
    ]
}
09:27:28 INFO  Started operation: {'creationTime': '2022-07-25T09:27:27.978Z', 'deviceId': '21309491', 'deviceName': 'm32sd10b', 'self': 'https://t493319102.eu-latest.cumulocity.com/devicecontrol/operations/21368491', 'id': '21368491', 'status': 'PENDING', 'description': &quot;Apply software changes, triggered from PySys: [{'action': 'install', 'id': '5475369', 'name': 'asciijump', 'url': ' ', 'version': '::apt'}, {'action': 'install', 'id': '5474869', 'name': 'robotfindskitten', 'url': ' ', 'version': '::apt'}, {'action': 'install', 'id': '5475279', 'name': 'squirrel3', 'url': ' ', 'version': '::apt'}]&quot;, 'c8y_SoftwareUpdate': [{'name': 'asciijump', 'action': 'install', 'id': '5475369', 'version': '::apt', 'url': ' '}, {'name': 'robotfindskitten', 'action': 'install', 'id': '5474869', 'version': '::apt', 'url': ' '}, {'name': 'squirrel3', 'action': 'install', 'id': '5475279', 'version': '::apt', 'url': ' '}]}
09:27:30 INFO  State of operation 21368491 : PENDING
09:27:32 INFO  State of operation 21368491 : EXECUTING
09:27:34 INFO  State of operation 21368491 : EXECUTING
09:27:36 INFO  State of operation 21368491 : EXECUTING
09:27:39 INFO  State of operation 21368491 : EXECUTING
09:27:41 INFO  State of operation 21368491 : EXECUTING
09:27:44 INFO  State of operation 21368491 : EXECUTING
09:27:46 INFO  State of operation 21368491 : EXECUTING
09:27:49 INFO  State of operation 21368491 : EXECUTING
09:27:52 INFO  State of operation 21368491 : EXECUTING
09:27:54 INFO  State of operation 21368491 : EXECUTING
09:27:56 INFO  State of operation 21368491 : EXECUTING
09:27:58 INFO  State of operation 21368491 : EXECUTING
09:28:00 INFO  State of operation 21368491 : EXECUTING
09:28:03 INFO  State of operation 21368491 : EXECUTING
09:28:05 INFO  State of operation 21368491 : EXECUTING
09:28:07 INFO  State of operation 21368491 : EXECUTING
09:28:10 INFO  State of operation 21368491 : EXECUTING
09:28:12 INFO  State of operation 21368491 : EXECUTING
09:28:15 INFO  State of operation 21368491 : EXECUTING
09:28:17 INFO  State of operation 21368491 : EXECUTING
09:28:19 INFO  State of operation 21368491 : EXECUTING
09:28:22 INFO  State of operation 21368491 : EXECUTING
09:28:24 INFO  State of operation 21368491 : EXECUTING
09:28:27 INFO  State of operation 21368491 : EXECUTING
09:28:29 INFO  State of operation 21368491 : EXECUTING
09:28:31 INFO  State of operation 21368491 : EXECUTING
09:28:33 INFO  State of operation 21368491 : EXECUTING
09:28:36 INFO  State of operation 21368491 : EXECUTING
09:28:38 INFO  State of operation 21368491 : EXECUTING
09:28:40 INFO  State of operation 21368491 : EXECUTING
09:28:43 INFO  State of operation 21368491 : EXECUTING
09:28:45 INFO  State of operation 21368491 : EXECUTING
09:28:47 INFO  State of operation 21368491 : EXECUTING
09:28:49 INFO  State of operation 21368491 : EXECUTING
09:28:52 INFO  State of operation 21368491 : SUCCESSFUL
09:28:52 INFO  Assert that (False == value) with value=False ... passed
09:28:52 INFO  Package asciijump is installed
09:28:52 INFO  Assert that (True == value) with value=True ... passed
09:28:52 INFO  Package squirrel3 is installed
09:28:52 INFO  Assert that (True == value) with value=True ... passed
09:28:52 INFO  Package robotfindskitten is installed
09:28:52 INFO  Assert that (True == value) with value=True ... passed
09:28:53 INFO  Response status: 201
09:28:53 INFO  Response to action: {
    &quot;creationTime&quot;: &quot;2022-07-25T09:28:53.126Z&quot;,
    &quot;deviceId&quot;: &quot;21309491&quot;,
    &quot;deviceName&quot;: &quot;m32sd10b&quot;,
    &quot;self&quot;: &quot;https://t493319102.eu-latest.cumulocity.com/devicecontrol/operations/21368511&quot;,
    &quot;id&quot;: &quot;21368511&quot;,
    &quot;status&quot;: &quot;PENDING&quot;,
    &quot;description&quot;: &quot;Apply software changes, triggered from PySys: [{'action': 'delete', 'id': '5475369', 'name': 'asciijump', 'url': ' ', 'version': '::apt'}, {'action': 'delete', 'id': '5474869', 'name': 'robotfindskitten', 'url': ' ', 'version': '::apt'}, {'action': 'delete', 'id': '5475279', 'name': 'squirrel3', 'url': ' ', 'version': '::apt'}]&quot;,
    &quot;c8y_SoftwareUpdate&quot;: [
        {
            &quot;name&quot;: &quot;asciijump&quot;,
            &quot;action&quot;: &quot;delete&quot;,
            &quot;id&quot;: &quot;5475369&quot;,
            &quot;version&quot;: &quot;::apt&quot;,
            &quot;url&quot;: &quot; &quot;
        },
        {
            &quot;name&quot;: &quot;robotfindskitten&quot;,
            &quot;action&quot;: &quot;delete&quot;,
            &quot;id&quot;: &quot;5474869&quot;,
            &quot;version&quot;: &quot;::apt&quot;,
            &quot;url&quot;: &quot; &quot;
        },
        {
            &quot;name&quot;: &quot;squirrel3&quot;,
            &quot;action&quot;: &quot;delete&quot;,
            &quot;id&quot;: &quot;5475279&quot;,
            &quot;version&quot;: &quot;::apt&quot;,
            &quot;url&quot;: &quot; &quot;
        }
    ]
}
09:28:53 INFO  Started operation: {'creationTime': '2022-07-25T09:28:53.126Z', 'deviceId': '21309491', 'deviceName': 'm32sd10b', 'self': 'https://t493319102.eu-latest.cumulocity.com/devicecontrol/operations/21368511', 'id': '21368511', 'status': 'PENDING', 'description': &quot;Apply software changes, triggered from PySys: [{'action': 'delete', 'id': '5475369', 'name': 'asciijump', 'url': ' ', 'version': '::apt'}, {'action': 'delete', 'id': '5474869', 'name': 'robotfindskitten', 'url': ' ', 'version': '::apt'}, {'action': 'delete', 'id': '5475279', 'name': 'squirrel3', 'url': ' ', 'version': '::apt'}]&quot;, 'c8y_SoftwareUpdate': [{'name': 'asciijump', 'action': 'delete', 'id': '5475369', 'version': '::apt', 'url': ' '}, {'name': 'robotfindskitten', 'action': 'delete', 'id': '5474869', 'version': '::apt', 'url': ' '}, {'name': 'squirrel3', 'action': 'delete', 'id': '5475279', 'version': '::apt', 'url': ' '}]}
09:28:55 INFO  State of operation 21368511 : PENDING
09:28:57 INFO  State of operation 21368511 : EXECUTING
09:28:59 INFO  State of operation 21368511 : EXECUTING
09:29:02 INFO  State of operation 21368511 : EXECUTING
09:29:04 INFO  State of operation 21368511 : EXECUTING
09:29:06 INFO  State of operation 21368511 : EXECUTING
09:29:09 INFO  State of operation 21368511 : EXECUTING
09:29:12 INFO  State of operation 21368511 : EXECUTING
09:29:14 INFO  State of operation 21368511 : EXECUTING
09:29:17 INFO  State of operation 21368511 : EXECUTING
09:29:19 INFO  State of operation 21368511 : EXECUTING
09:29:21 INFO  State of operation 21368511 : EXECUTING
09:29:23 INFO  State of operation 21368511 : EXECUTING
09:29:26 INFO  State of operation 21368511 : EXECUTING
09:29:28 INFO  State of operation 21368511 : EXECUTING
09:29:30 INFO  State of operation 21368511 : EXECUTING
09:29:32 INFO  State of operation 21368511 : EXECUTING
09:29:35 INFO  State of operation 21368511 : EXECUTING
09:29:37 INFO  State of operation 21368511 : EXECUTING
09:29:40 INFO  State of operation 21368511 : EXECUTING
09:29:42 INFO  State of operation 21368511 : EXECUTING
09:29:44 INFO  State of operation 21368511 : EXECUTING
09:29:47 INFO  State of operation 21368511 : EXECUTING
09:29:49 INFO  State of operation 21368511 : EXECUTING
09:29:51 INFO  State of operation 21368511 : EXECUTING
09:29:54 INFO  State of operation 21368511 : EXECUTING
09:29:56 INFO  State of operation 21368511 : EXECUTING
09:29:58 INFO  State of operation 21368511 : EXECUTING
09:30:01 INFO  State of operation 21368511 : SUCCESSFUL
09:30:01 INFO  Assert that (False == value) with value=False ... passed
09:30:01 INFO  Assert that (False == value) with value=False ... passed
09:30:01 INFO  Assert that (False == value) with value=False ... passed
09:30:02 INFO  Assert that (False == value) with value=False ... passed
09:30:02 INFO  
09:30:02 INFO  cleanup:
09:30:06 INFO  Executed sudo&lt;tedge_disconnect_c8y&gt;, exit status 0
09:30:06 INFO  Executed systemctl&lt;serv_mapper5&gt;, exit status 3
09:30:06 INFO  
09:30:06 INFO  Test duration: 186.07 secs
09:30:06 INFO  Test final outcome:  FAILED
09:30:06 INFO  Test outcome reason: Assert that (False == value) with value=True
09:30:06 INFO  
</system-out>
	</testcase>
</testsuite>
