<?xml version="1.0" encoding="utf-8"?>
<testsuite failures="0" name="apt_install_local_file_with_version_fail" skipped="1" tests="1" time="0.02" timestamp="2022-07-27T09:15:46">
	<testcase classname="AptPluginInstallFromLocalFileWithVersionFail" name="apt_install_local_file_with_version_fail">
		<skipped message="SKIPPED: Testing the apt plugin is not supported on this platform.To run the tests call PySys with -XmyPlatform='container'"/>
		<system-out>09:15:46 INFO  ==============================================================
09:15:46 INFO  Id:    apt_install_local_file_with_version_fail
09:15:46 INFO  Dir:   plugin_apt/
09:15:46 INFO  Title: Validate apt plugin install from local file AND with a version - FAIL case
09:15:46 INFO  ==============================================================
09:15:46 INFO  Testing the apt plugin is not supported on this platform.To run the tests call PySys with -XmyPlatform='container' ... skipped
09:15:46 WARN  Aborted test due to SKIPPED outcome
09:15:46 INFO  
09:15:46 INFO  Test duration: 0.02 secs
09:15:46 INFO  Test final outcome:  SKIPPED
09:15:46 INFO  Test outcome reason: Testing the apt plugin is not supported on this platform.To run the tests call PySys with -XmyPlatform='container'
09:15:46 INFO  
</system-out>
	</testcase>
</testsuite>
