<?xml version="1.0" encoding="utf-8"?>
<testsuite failures="1" name="log_request_num_lines" skipped="0" tests="1" time="54.66" timestamp="2022-05-24T10:42:03">
	<testcase classname="LogRequestVerifyNumberOfLines" name="log_request_num_lines">
		<failure message="BLOCKED: Exception: retry" type="BLOCKED"/>
		<system-out>10:41:08 INFO  ==============================================================
10:41:08 INFO  Id:    log_request_num_lines
10:41:08 INFO  Dir:   log_request_end_to_end/
10:41:08 INFO  Title: Validate end to end behaviour for the log request operation check for number of lines
10:41:08 INFO  ==============================================================
10:41:08 INFO  EnvironmentC8y Setup
10:41:08 INFO  Executed systemctl&lt;serv_mapper1&gt;, exit status 3
10:41:09 INFO  Restarting mosquitto too frequently in the last 10 seconds. It was only up for 5 seconds
10:41:09 INFO  Delaying execution by 6 seconds
10:41:30 INFO  Executed sudo&lt;tedge_connect_c8y&gt;, exit status 0, duration 14 secs
10:41:30 INFO  Executed sudo&lt;tedge_connect_c8y_test&gt;, exit status 0
10:41:31 INFO  Executed systemctl&lt;serv_mosq2&gt;, exit status 0
10:41:31 INFO  Executed systemctl&lt;serv_mapper3&gt;, exit status 0
10:41:32 INFO  Executed sudo&lt;rm_logs&gt;, exit status 0
10:41:32 INFO  Executed sudo&lt;move_logs&gt;, exit status 0
10:41:33 INFO  log response None
10:41:33 WARN  retry, retrying in 1 seconds...
10:41:34 INFO  log response None
10:41:34 WARN  retry, retrying in 1 seconds...
10:41:35 INFO  log response None
10:41:35 WARN  retry, retrying in 1 seconds...
10:41:36 INFO  log response None
10:41:36 WARN  retry, retrying in 1 seconds...
10:41:38 INFO  log response None
10:41:38 WARN  retry, retrying in 1 seconds...
10:41:39 INFO  log response None
10:41:39 WARN  retry, retrying in 1 seconds...
10:41:40 INFO  log response None
10:41:40 WARN  retry, retrying in 1 seconds...
10:41:42 INFO  log response None
10:41:42 WARN  retry, retrying in 1 seconds...
10:41:43 INFO  log response None
10:41:43 WARN  retry, retrying in 1 seconds...
10:41:44 INFO  log response None
10:41:44 WARN  retry, retrying in 1 seconds...
10:41:45 INFO  log response None
10:41:45 WARN  retry, retrying in 1 seconds...
10:41:46 INFO  log response None
10:41:46 WARN  retry, retrying in 1 seconds...
10:41:48 INFO  log response None
10:41:48 WARN  retry, retrying in 1 seconds...
10:41:49 INFO  log response None
10:41:49 WARN  retry, retrying in 1 seconds...
10:41:50 INFO  log response None
10:41:50 WARN  retry, retrying in 1 seconds...
10:41:51 INFO  log response None
10:41:51 WARN  retry, retrying in 1 seconds...
10:41:52 INFO  log response None
10:41:52 WARN  retry, retrying in 1 seconds...
10:41:54 INFO  log response None
10:41:54 WARN  retry, retrying in 1 seconds...
10:41:55 INFO  log response None
10:41:55 WARN  retry, retrying in 1 seconds...
10:41:56 INFO  log response None
10:41:56 WARN  Exception occurred while running test - retry
Traceback (most recent call last):
  File &quot;/home/pi/env-pysys/lib/python3.7/site-packages/pysys/baserunner.py&quot;, line 1296, in __call__
    self.testObj.validate()
  File &quot;/home/pi/actions-runner/_work/thin-edge.io/thin-edge.io/tests/PySys/log_request_end_to_end/log_request_num_lines/run.py&quot;, line 44, in validate
    self.assertThat(&quot;True == value&quot;, value=self.wait_until_logs_retrieved())
  File &quot;/home/pi/env-pysys/lib/python3.7/site-packages/decorator.py&quot;, line 232, in fun
    return caller(func, *(extras + args), **kw)
  File &quot;/home/pi/env-pysys/lib/python3.7/site-packages/retry/api.py&quot;, line 74, in retry_decorator
    logger)
  File &quot;/home/pi/env-pysys/lib/python3.7/site-packages/retry/api.py&quot;, line 33, in __retry_internal
    return f()
  File &quot;/home/pi/actions-runner/_work/thin-edge.io/thin-edge.io/tests/PySys/log_request_end_to_end/log_request_num_lines/run.py&quot;, line 52, in wait_until_logs_retrieved
    raise Exception(&quot;retry&quot;)
Exception: retry
10:41:56 WARN  Exception: retry ... blocked 
10:41:56 INFO  
10:41:56 INFO  cleanup:
10:41:57 INFO  Executed sudo&lt;rm_logs&gt;, exit status 0
10:41:57 INFO  Executed sudo&lt;rm_tmp_logs&gt;, exit status 0
10:41:58 INFO  Executed sudo&lt;send_failed&gt;, exit status 0
10:42:02 INFO  Executed sudo&lt;tedge_disconnect_c8y&gt;, exit status 0
10:42:03 INFO  Executed systemctl&lt;serv_mapper5&gt;, exit status 3
10:42:03 INFO  
10:42:03 INFO  Test duration: 54.66 secs
10:42:03 INFO  Test final outcome:  BLOCKED
10:42:03 INFO  Test outcome reason: Exception: retry
10:42:03 INFO  
</system-out>
	</testcase>
</testsuite>
