<?xml version="1.0" encoding="utf-8"?>
<testsuite failures="0" name="apt_install_local_file_fail" skipped="1" tests="1" time="0.02" timestamp="2022-07-01T06:51:31">
	<testcase classname="AptPluginInstallFromLocalFileFail" name="apt_install_local_file_fail">
		<skipped message="SKIPPED: Testing the apt plugin is not supported on this platform.To run the tests call PySys with -XmyPlatform='container'"/>
		<system-out>06:51:31 INFO  ==============================================================
06:51:31 INFO  Id:    apt_install_local_file_fail
06:51:31 INFO  Dir:   plugin_apt/
06:51:31 INFO  Title: Validate apt plugin install from local file - FAIL case
06:51:31 INFO  ==============================================================
06:51:31 INFO  Testing the apt plugin is not supported on this platform.To run the tests call PySys with -XmyPlatform='container' ... skipped
06:51:31 WARN  Aborted test due to SKIPPED outcome
06:51:31 INFO  
06:51:31 INFO  Test duration: 0.02 secs
06:51:31 INFO  Test final outcome:  SKIPPED
06:51:31 INFO  Test outcome reason: Testing the apt plugin is not supported on this platform.To run the tests call PySys with -XmyPlatform='container'
06:51:31 INFO  
</system-out>
	</testcase>
</testsuite>
