<?xml version="1.0" encoding="utf-8"?>
<testsuite failures="0" name="docker_plugin_install_with_version" skipped="1" tests="1" time="0.02" timestamp="2022-07-22T03:51:10">
	<testcase classname="DockerPluginInstallWithVersionTest" name="docker_plugin_install_with_version">
		<skipped message="SKIPPED: Testing the docker plugin is not supported on this platform.To run it, all the test with -XmyPlatform='container'"/>
		<system-out>03:51:10 INFO  ==============================================================
03:51:10 INFO  Id:    docker_plugin_install_with_version
03:51:10 INFO  Dir:   plugin_docker/
03:51:10 INFO  Title: Validate docker plugin install
03:51:10 INFO  ==============================================================
03:51:10 INFO  Testing the docker plugin is not supported on this platform.To run it, all the test with -XmyPlatform='container' ... skipped
03:51:10 WARN  Aborted test due to SKIPPED outcome
03:51:10 INFO  
03:51:10 INFO  Test duration: 0.02 secs
03:51:10 INFO  Test final outcome:  SKIPPED
03:51:10 INFO  Test outcome reason: Testing the docker plugin is not supported on this platform.To run it, all the test with -XmyPlatform='container'
03:51:10 INFO  
</system-out>
	</testcase>
</testsuite>
