<?xml version="1.0" encoding="utf-8"?>
<testsuite failures="0" name="SoftwareManagement.sm_apt_install_remove" skipped="1" tests="1" time="0.02" timestamp="2022-06-09T07:07:19">
	<testcase classname="PySysTest" name="SoftwareManagement.sm_apt_install_remove">
		<skipped message="SKIPPED: Testing the apt plugin is not supported on this platform.Use parameter -XmyPlatform='container' to enable it"/>
		<system-out>07:07:19 INFO  ==============================================================
07:07:19 INFO  Id:    SoftwareManagement.sm_apt_install_remove
07:07:19 INFO  Dir:   software_management_end_to_end/
07:07:19 INFO  Title: Validate end to end behaviour for the apt plugin for installation and removal of packages
07:07:19 INFO  ==============================================================
07:07:19 INFO  Testing the apt plugin is not supported on this platform.Use parameter -XmyPlatform='container' to enable it ... skipped
07:07:19 WARN  Aborted test due to SKIPPED outcome
07:07:19 INFO  
07:07:19 INFO  Test duration: 0.02 secs
07:07:19 INFO  Test final outcome:  SKIPPED
07:07:19 INFO  Test outcome reason: Testing the apt plugin is not supported on this platform.Use parameter -XmyPlatform='container' to enable it
07:07:19 INFO  
</system-out>
	</testcase>
</testsuite>
