<?xml version="1.0" encoding="utf-8"?>
<testsuite failures="1" name="monitoring_smaller_interval" skipped="0" tests="1" time="14.78" timestamp="2022-07-21T21:27:49">
	<testcase classname="MonitoringSmallInterval" name="monitoring_smaller_interval">
		<failure message="BLOCKED: TypeError: 'int' object is not subscriptable" type="BLOCKED"/>
		<system-out>21:27:34 INFO  ==============================================================
21:27:34 INFO  Id:    monitoring_smaller_interval
21:27:34 INFO  Dir:   monitoring/
21:27:34 INFO  Title: Validate the tedge dm agent messages that are produced with smaller sampling interval than the batching window. Here the simulated collectd messages are used
21:27:34 INFO  ==============================================================
21:27:34 INFO  Executed sudo&lt;collectd&gt;, exit status 0
21:27:35 INFO  Executed sudo&lt;collectd_mapper&gt;, exit status 0
21:27:35 INFO  Started sudo&lt;tedge_sub&gt; with process id 13125
21:27:36 INFO  Executed sudo&lt;tedge_temp&gt;, exit status 0
21:27:36 INFO  Executed sudo&lt;tedge_pres&gt;, exit status 0
21:27:37 INFO  Executed sudo&lt;tedge_temp&gt;, exit status 0
21:27:37 INFO  Executed sudo&lt;tedge_pres&gt;, exit status 0
21:27:38 INFO  Executed sudo&lt;tedge_temp&gt;, exit status 0
21:27:38 INFO  Executed sudo&lt;tedge_pres&gt;, exit status 0
21:27:39 INFO  Executed sudo&lt;tedge_temp&gt;, exit status 0
21:27:40 INFO  Executed sudo&lt;tedge_pres&gt;, exit status 0
21:27:40 INFO  Executed sudo&lt;tedge_temp&gt;, exit status 0
21:27:41 INFO  Executed sudo&lt;tedge_pres&gt;, exit status 0
21:27:41 INFO  Executed sudo&lt;tedge_temp&gt;, exit status 0
21:27:42 INFO  Executed sudo&lt;tedge_pres&gt;, exit status 0
21:27:42 INFO  Executed sudo&lt;tedge_temp&gt;, exit status 0
21:27:43 INFO  Executed sudo&lt;tedge_pres&gt;, exit status 0
21:27:44 INFO  Executed sudo&lt;tedge_temp&gt;, exit status 0
21:27:44 INFO  Executed sudo&lt;tedge_pres&gt;, exit status 0
21:27:45 INFO  Executed sudo&lt;tedge_temp&gt;, exit status 0
21:27:45 INFO  Executed sudo&lt;tedge_pres&gt;, exit status 0
21:27:46 INFO  Executed sudo&lt;tedge_temp&gt;, exit status 0
21:27:46 INFO  Executed sudo&lt;tedge_pres&gt;, exit status 0
21:27:48 INFO  Executed sudo&lt;kill_out&gt;, exit status 0
21:27:48 INFO  0

21:27:48 WARN  TypeError occurred while running test - 'int' object is not subscriptable
Traceback (most recent call last):
  File &quot;/home/pi/env-pysys/lib/python3.7/site-packages/pysys/baserunner.py&quot;, line 1296, in __call__
    self.testObj.validate()
  File &quot;/home/pi/actions-runner/_work/thin-edge.io/thin-edge.io/tests/PySys/monitoring/monitoring_smaller_interval/run.py&quot;, line 104, in validate
    collectd_msg_validation_result=self.validate_json(),
  File &quot;/home/pi/actions-runner/_work/thin-edge.io/thin-edge.io/tests/PySys/monitoring/monitoring_smaller_interval/run.py&quot;, line 114, in validate_json
    if not self.validate_time():
  File &quot;/home/pi/actions-runner/_work/thin-edge.io/thin-edge.io/tests/PySys/monitoring/monitoring_smaller_interval/run.py&quot;, line 134, in validate_time
    if self.js_msg[&quot;time&quot;]:
TypeError: 'int' object is not subscriptable
21:27:48 WARN  TypeError: 'int' object is not subscriptable ... blocked 
21:27:48 INFO  
21:27:48 INFO  cleanup:
21:27:48 INFO  monitoring_cleanup
21:27:49 INFO  Executed sudo&lt;collectd_mapper&gt;, exit status 0
21:27:49 INFO  
21:27:49 INFO  Test duration: 14.78 secs
21:27:49 INFO  Test final outcome:  BLOCKED
21:27:49 INFO  Test outcome reason: TypeError: 'int' object is not subscriptable
21:27:49 INFO  
</system-out>
	</testcase>
</testsuite>
