<?xml version="1.0" encoding="utf-8"?>
<testsuite failures="1" name="c8y_jwt_token_retrieval" skipped="0" tests="1" time="21.33" timestamp="2022-07-21T22:55:22">
	<testcase classname="ValidateJWTTokenRetrieval" name="c8y_jwt_token_retrieval">
		<failure message="FAILED: Grep on resp_jwt.out contains &quot;\[c8y/s/dat\] 71,&quot;" type="FAILED"/>
		<system-out>22:55:01 INFO  ==============================================================
22:55:01 INFO  Id:    c8y_jwt_token_retrieval
22:55:01 INFO  Dir:   cloud_c8y/
22:55:01 INFO  Title: Validate the Cumulocity JWT Token Retrieval feature
22:55:01 INFO  ==============================================================
22:55:02 INFO  Executed sudo&lt;tedge_disconnect_c8y&gt;, exit status 0
22:55:16 INFO  Executed sudo&lt;tedge_connect_c8y&gt;, exit status 0, duration 14 secs
22:55:16 INFO  Started sudo&lt;resp_jwt&gt; with process id 6132
22:55:17 INFO  Executed sudo&lt;req_jwt&gt;, exit status 0
22:55:18 INFO  Executed sudo&lt;kill_out&gt;, exit status 0
22:55:18 WARN  Grep on resp_jwt.out contains &quot;\[c8y/s/dat\] 71,&quot; ... failed [run.py:60]
22:55:18 INFO  
22:55:18 INFO  cleanup:
22:55:22 INFO  Executed sudo&lt;tedge_disconnect_c8y&gt;, exit status 0
22:55:22 INFO  
22:55:22 INFO  Test duration: 21.33 secs
22:55:22 INFO  Test final outcome:  FAILED
22:55:22 INFO  Test outcome reason: Grep on resp_jwt.out contains &quot;\[c8y/s/dat\] 71,&quot;
22:55:22 INFO  
</system-out>
	</testcase>
</testsuite>
