<?xml version="1.0" encoding="utf-8"?>
<testsuite failures="0" name="SoftwareManagement.sm_apt_install_download_path" skipped="1" tests="1" time="0.1" timestamp="2022-06-29T12:05:46">
	<testcase classname="AptInstallWithDownloadPath" name="SoftwareManagement.sm_apt_install_download_path">
		<skipped message="SKIPPED: Testing the apt plugin is not supported on this platform.Use parameter -XmyPlatform='container' to enable it"/>
		<system-out>12:05:46 INFO  ==============================================================
12:05:46 INFO  Id:    SoftwareManagement.sm_apt_install_download_path
12:05:46 INFO  Dir:   software_management_end_to_end/
12:05:46 INFO  Title: Install package to directory specified in tedge config set tmp.path
12:05:46 INFO  ==============================================================
12:05:46 INFO  Testing the apt plugin is not supported on this platform.Use parameter -XmyPlatform='container' to enable it ... skipped
12:05:46 WARN  Aborted test due to SKIPPED outcome
12:05:46 INFO  
12:05:46 INFO  Test duration: 0.10 secs
12:05:46 INFO  Test final outcome:  SKIPPED
12:05:46 INFO  Test outcome reason: Testing the apt plugin is not supported on this platform.Use parameter -XmyPlatform='container' to enable it
12:05:46 INFO  
</system-out>
	</testcase>
</testsuite>
