<?xml version="1.0" encoding="utf-8"?>
<testsuite failures="1" name="call_tedge_-h_-V" skipped="0" tests="1" time="0.49" timestamp="2022-07-21T21:37:32">
	<testcase classname="PySysTest" name="call_tedge_-h_-V">
		<failure message="FAILED: Grep on tedge.out contains &quot;tedge 0.6&quot;" type="FAILED"/>
		<system-out>21:37:31 INFO  ==============================================================
21:37:31 INFO  Id:    call_tedge_-h_-V
21:37:31 INFO  Dir:   tedge/
21:37:31 INFO  Title: Validate command line option -h -V
21:37:31 INFO  ==============================================================
21:37:32 INFO  Executed tedge, exit status 0
21:37:32 WARN  Grep on tedge.out contains &quot;tedge 0.6&quot; ... failed [run.py:32]
21:37:32 INFO  Grep on file tedge.out ... passed
21:37:32 INFO  
21:37:32 INFO  Test duration: 0.49 secs
21:37:32 INFO  Test final outcome:  FAILED
21:37:32 INFO  Test outcome reason: Grep on tedge.out contains &quot;tedge 0.6&quot;
21:37:32 INFO  
</system-out>
	</testcase>
</testsuite>
