<?xml version="1.0" encoding="utf-8"?>
<testsuite failures="0" name="tedge_mapper_c8y_alarms" skipped="0" tests="1" time="26.03" timestamp="2022-06-22T19:00:38">
	<testcase classname="TedgeMapperC8yAlarm" name="tedge_mapper_c8y_alarms"/>
</testsuite>
