<?xml version="1.0" encoding="utf-8"?>
<testsuite failures="1" name="log_request_error_messages" skipped="0" tests="1" time="27.45" timestamp="2022-07-22T09:19:53">
	<testcase classname="LogRequestVerifySearchTextError" name="log_request_error_messages">
		<failure message="BLOCKED: TypeError: 'NoneType' object is not subscriptable" type="BLOCKED"/>
		<system-out>09:19:25 INFO  ==============================================================
09:19:25 INFO  Id:    log_request_error_messages
09:19:25 INFO  Dir:   log_request_end_to_end/
09:19:25 INFO  Title: Validate end to end behaviour for the log request operation check for error messages
09:19:25 INFO  ==============================================================
09:19:26 INFO  EnvironmentC8y Setup
09:19:27 INFO  Executed systemctl&lt;serv_mapper1&gt;, exit status 3
09:19:41 INFO  Executed sudo&lt;tedge_connect_c8y&gt;, exit status 0, duration 14 secs
09:19:42 INFO  Executed sudo&lt;tedge_connect_c8y_test&gt;, exit status 0
09:19:42 INFO  Executed systemctl&lt;serv_mosq2&gt;, exit status 0
09:19:43 INFO  Executed systemctl&lt;serv_mapper3&gt;, exit status 0
09:19:44 INFO  Executed sudo&lt;rm_logs&gt;, exit status 0
09:19:44 INFO  Executed sudo&lt;move_logs&gt;, exit status 0
09:19:45 INFO  Executed sudo&lt;log_file_daemon&gt;, exit status 0
09:19:45 WARN  TypeError occurred while running test - 'NoneType' object is not subscriptable
Traceback (most recent call last):
  File &quot;/home/pi/env-pysys/lib/python3.7/site-packages/pysys/baserunner.py&quot;, line 1294, in __call__
    self.testObj.execute()
  File &quot;/home/pi/actions-runner/_work/thin-edge.io/thin-edge.io/tests/PySys/log_request_end_to_end/log_request_error_messages/run.py&quot;, line 47, in execute
    log_file_request_payload, self.project.deviceid
  File &quot;/home/pi/actions-runner/_work/thin-edge.io/thin-edge.io/tests/PySys/environments/cumulocity.py&quot;, line 101, in trigger_log_request
    &quot;deviceId&quot;: self.device_fragment[&quot;id&quot;],
TypeError: 'NoneType' object is not subscriptable
09:19:45 WARN  TypeError: 'NoneType' object is not subscriptable ... blocked 
09:19:45 INFO  
09:19:45 INFO  cleanup:
09:19:46 INFO  Executed sudo&lt;rm_logs&gt;, exit status 0
09:19:46 INFO  Executed sudo&lt;rm_tmp_logs&gt;, exit status 0
09:19:47 INFO  Executed sudo&lt;send_failed&gt;, exit status 0
09:19:48 INFO  Executed sudo&lt;log_file_daemon&gt;, exit status 0
09:19:52 INFO  Executed sudo&lt;tedge_disconnect_c8y&gt;, exit status 0
09:19:52 INFO  Executed systemctl&lt;serv_mapper5&gt;, exit status 3
09:19:52 INFO  
09:19:52 INFO  Test duration: 27.45 secs
09:19:52 INFO  Test final outcome:  BLOCKED
09:19:52 INFO  Test outcome reason: TypeError: 'NoneType' object is not subscriptable
09:19:52 INFO  
</system-out>
	</testcase>
</testsuite>
