<?xml version="1.0" encoding="utf-8"?>
<testsuite failures="0" name="SoftwareManagement.sm_apt_install_fail" skipped="1" tests="1" time="0.02" timestamp="2022-05-25T12:53:25">
	<testcase classname="PySysTest" name="SoftwareManagement.sm_apt_install_fail">
		<skipped message="SKIPPED: Testing the apt plugin is not supported on this platform.Use parameter -XmyPlatform='container' to enable it"/>
		<system-out>12:53:25 INFO  ==============================================================
12:53:25 INFO  Id:    SoftwareManagement.sm_apt_install_fail
12:53:25 INFO  Dir:   software_management_end_to_end/
12:53:25 INFO  Title: Validate end to end behaviour for a failing installation
12:53:25 INFO  ==============================================================
12:53:25 INFO  Testing the apt plugin is not supported on this platform.Use parameter -XmyPlatform='container' to enable it ... skipped
12:53:25 WARN  Aborted test due to SKIPPED outcome
12:53:25 INFO  
12:53:25 INFO  Test duration: 0.02 secs
12:53:25 INFO  Test final outcome:  SKIPPED
12:53:25 INFO  Test outcome reason: Testing the apt plugin is not supported on this platform.Use parameter -XmyPlatform='container' to enable it
12:53:25 INFO  
</system-out>
	</testcase>
</testsuite>
