<?xml version="1.0" encoding="utf-8"?>
<testsuite failures="0" name="SoftwareManagement.sm_fake_install_remove" skipped="1" tests="1" time="0.02" timestamp="2022-07-25T08:40:32">
	<testcase classname="PySysTest" name="SoftwareManagement.sm_fake_install_remove">
		<skipped message="SKIPPED: Testing the fake plugin is not enabled.Use parameter -Xfakeplugin=fakeplugin to enable it"/>
		<system-out>08:40:32 INFO  ==============================================================
08:40:32 INFO  Id:    SoftwareManagement.sm_fake_install_remove
08:40:32 INFO  Dir:   software_management_end_to_end/
08:40:32 INFO  Title: Validate end to end behaviour for the dummy plugin for installation and removal of packages
08:40:32 INFO  ==============================================================
08:40:32 INFO  Testing the fake plugin is not enabled.Use parameter -Xfakeplugin=fakeplugin to enable it ... skipped
08:40:32 WARN  Aborted test due to SKIPPED outcome
08:40:32 INFO  
08:40:32 INFO  Test duration: 0.02 secs
08:40:32 INFO  Test final outcome:  SKIPPED
08:40:32 INFO  Test outcome reason: Testing the fake plugin is not enabled.Use parameter -Xfakeplugin=fakeplugin to enable it
08:40:32 INFO  
</system-out>
	</testcase>
</testsuite>
