<?xml version="1.0" encoding="utf-8"?>
<testsuite failures="0" name="docker_plugin_install" skipped="1" tests="1" time="0.02" timestamp="2022-06-22T18:46:47">
	<testcase classname="DockerPluginInstallTest" name="docker_plugin_install">
		<skipped message="SKIPPED: Testing the docker plugin is not supported on this platform.To run it, all the test with -XmyPlatform='container'"/>
		<system-out>18:46:47 INFO  ==============================================================
18:46:47 INFO  Id:    docker_plugin_install
18:46:47 INFO  Dir:   plugin_docker/
18:46:47 INFO  Title: Validate docker plugin install
18:46:47 INFO  ==============================================================
18:46:47 INFO  Testing the docker plugin is not supported on this platform.To run it, all the test with -XmyPlatform='container' ... skipped
18:46:47 WARN  Aborted test due to SKIPPED outcome
18:46:47 INFO  
18:46:47 INFO  Test duration: 0.02 secs
18:46:47 INFO  Test final outcome:  SKIPPED
18:46:47 INFO  Test outcome reason: Testing the docker plugin is not supported on this platform.To run it, all the test with -XmyPlatform='container'
18:46:47 INFO  
</system-out>
	</testcase>
</testsuite>
