<?xml version="1.0" encoding="utf-8"?>
<testsuite failures="0" name="docker_plugin_finalize" skipped="1" tests="1" time="0.06" timestamp="2022-06-17T08:36:44">
	<testcase classname="DockerPluginFinalizeTest" name="docker_plugin_finalize">
		<skipped message="SKIPPED: Testing the docker plugin is not supported on this platform.To run it, all the test with -XmyPlatform='container'"/>
		<system-out>08:36:44 INFO  ==============================================================
08:36:44 INFO  Id:    docker_plugin_finalize
08:36:44 INFO  Dir:   plugin_docker/
08:36:44 INFO  Title: Validate docker plugin finalize command
08:36:44 INFO  ==============================================================
08:36:44 INFO  Testing the docker plugin is not supported on this platform.To run it, all the test with -XmyPlatform='container' ... skipped
08:36:44 WARN  Aborted test due to SKIPPED outcome
08:36:44 INFO  
08:36:44 INFO  Test duration: 0.06 secs
08:36:44 INFO  Test final outcome:  SKIPPED
08:36:44 INFO  Test outcome reason: Testing the docker plugin is not supported on this platform.To run it, all the test with -XmyPlatform='container'
08:36:44 INFO  
</system-out>
	</testcase>
</testsuite>
