<?xml version="1.0" encoding="utf-8"?>
<testsuite failures="0" name="docker_plugin_finalize" skipped="1" tests="1" time="0.05" timestamp="2022-07-15T07:40:04">
	<testcase classname="DockerPluginFinalizeTest" name="docker_plugin_finalize">
		<skipped message="SKIPPED: Testing the docker plugin is not supported on this platform.To run it, all the test with -XmyPlatform='container'"/>
		<system-out>07:40:04 INFO  ==============================================================
07:40:04 INFO  Id:    docker_plugin_finalize
07:40:04 INFO  Dir:   plugin_docker/
07:40:04 INFO  Title: Validate docker plugin finalize command
07:40:04 INFO  ==============================================================
07:40:04 INFO  Testing the docker plugin is not supported on this platform.To run it, all the test with -XmyPlatform='container' ... skipped
07:40:04 WARN  Aborted test due to SKIPPED outcome
07:40:04 INFO  
07:40:04 INFO  Test duration: 0.05 secs
07:40:04 INFO  Test final outcome:  SKIPPED
07:40:04 INFO  Test outcome reason: Testing the docker plugin is not supported on this platform.To run it, all the test with -XmyPlatform='container'
07:40:04 INFO  
</system-out>
	</testcase>
</testsuite>
