<?xml version="1.0" encoding="utf-8"?>
<testsuite failures="0" name="apt_install_local_file" skipped="1" tests="1" time="0.02" timestamp="2022-07-20T12:52:41">
	<testcase classname="AptPluginInstallFromLocalFile" name="apt_install_local_file">
		<skipped message="SKIPPED: Testing the apt plugin is not supported on this platform.To run the tests call PySys with -XmyPlatform='container'"/>
		<system-out>12:52:41 INFO  ==============================================================
12:52:41 INFO  Id:    apt_install_local_file
12:52:41 INFO  Dir:   plugin_apt/
12:52:41 INFO  Title: Validate apt plugin install from local file - SUCCESS case
12:52:41 INFO  ==============================================================
12:52:41 INFO  Testing the apt plugin is not supported on this platform.To run the tests call PySys with -XmyPlatform='container' ... skipped
12:52:41 WARN  Aborted test due to SKIPPED outcome
12:52:41 INFO  
12:52:41 INFO  Test duration: 0.02 secs
12:52:41 INFO  Test final outcome:  SKIPPED
12:52:41 INFO  Test outcome reason: Testing the apt plugin is not supported on this platform.To run the tests call PySys with -XmyPlatform='container'
12:52:41 INFO  
</system-out>
	</testcase>
</testsuite>
