<?xml version="1.0" encoding="utf-8"?>
<testsuite failures="1" name="agent_init_session" skipped="0" tests="1" time="5.86" timestamp="2022-07-21T10:08:23">
	<testcase classname="AgentInitSession" name="agent_init_session">
		<failure message="FAILED: Grep on sub_resp.out contains &quot;Ld3KgqpcLDlrYH6sfpG7w&quot;" type="FAILED"/>
		<system-out>10:08:17 INFO  ==============================================================
10:08:17 INFO  Id:    agent_init_session
10:08:17 INFO  Dir:   tedge_agent/
10:08:17 INFO  Title: Validate tedge agent init session feature
10:08:17 INFO  ==============================================================
10:08:18 INFO  Executed sudo&lt;remove_lock&gt;, exit status 0
10:08:18 INFO  Executed sudo&lt;agent_clear&gt;, exit status 0
10:08:19 INFO  Executed sudo&lt;agent_init&gt;, exit status 0
10:08:19 INFO  Executed sudo&lt;pub_req&gt;, exit status 0
10:08:19 INFO  Started sudo&lt;sub_resp&gt; with process id 11199
10:08:20 INFO  Executed sudo&lt;agent_start&gt;, exit status 0
10:08:20 INFO  Waiting for 2.0 seconds
10:08:23 INFO  Executed sudo&lt;agent_stop&gt;, exit status 0
10:08:23 INFO  Executed sudo&lt;sub_stop&gt;, exit status 0
10:08:23 WARN  Grep on sub_resp.out contains &quot;Ld3KgqpcLDlrYH6sfpG7w&quot; ... failed [run.py:87]
10:08:23 INFO  
10:08:23 INFO  Test duration: 5.86 secs
10:08:23 INFO  Test final outcome:  FAILED
10:08:23 INFO  Test outcome reason: Grep on sub_resp.out contains &quot;Ld3KgqpcLDlrYH6sfpG7w&quot;
10:08:23 INFO  
</system-out>
	</testcase>
</testsuite>
