<?xml version="1.0" encoding="utf-8"?>
<testsuite failures="0" name="apt_sequence_remove_with_version" skipped="1" tests="1" time="0.03" timestamp="2022-06-22T13:54:12">
	<testcase classname="AptPluginRemoveWithVersion" name="apt_sequence_remove_with_version">
		<skipped message="SKIPPED: Testing the apt plugin is not supported on this platform.To run the tests call PySys with -XmyPlatform='container'"/>
		<system-out>13:54:12 INFO  ==============================================================
13:54:12 INFO  Id:    apt_sequence_remove_with_version
13:54:12 INFO  Dir:   plugin_apt/
13:54:12 INFO  Title: Validate apt plugin remove with version use case
13:54:12 INFO  ==============================================================
13:54:12 INFO  Testing the apt plugin is not supported on this platform.To run the tests call PySys with -XmyPlatform='container' ... skipped
13:54:12 WARN  Aborted test due to SKIPPED outcome
13:54:12 INFO  
13:54:12 INFO  Test duration: 0.03 secs
13:54:12 INFO  Test final outcome:  SKIPPED
13:54:12 INFO  Test outcome reason: Testing the apt plugin is not supported on this platform.To run the tests call PySys with -XmyPlatform='container'
13:54:12 INFO  
</system-out>
	</testcase>
</testsuite>
