<?xml version="1.0" encoding="utf-8"?>
<testsuite failures="0" name="local_mqtt_pub_sub_with_sudo" skipped="0" tests="1" time="2.77" timestamp="2022-05-25T12:39:38">
	<testcase classname="PySysTest" name="local_mqtt_pub_sub_with_sudo"/>
</testsuite>
