<?xml version="1.0" encoding="utf-8"?>
<testsuite failures="0" name="apt_finalize" skipped="1" tests="1" time="0.04" timestamp="2022-07-15T07:40:00">
	<testcase classname="AptPluginFinalize" name="apt_finalize">
		<skipped message="SKIPPED: Testing the apt plugin is not supported on this platform.To run the tests call PySys with -XmyPlatform='container'"/>
		<system-out>07:40:00 INFO  ==============================================================
07:40:00 INFO  Id:    apt_finalize
07:40:00 INFO  Dir:   plugin_apt/
07:40:00 INFO  Title: Validate apt plugin finalize - dense version
07:40:00 INFO  ==============================================================
07:40:00 INFO  Testing the apt plugin is not supported on this platform.To run the tests call PySys with -XmyPlatform='container' ... skipped
07:40:00 WARN  Aborted test due to SKIPPED outcome
07:40:00 INFO  
07:40:00 INFO  Test duration: 0.04 secs
07:40:00 INFO  Test final outcome:  SKIPPED
07:40:00 INFO  Test outcome reason: Testing the apt plugin is not supported on this platform.To run the tests call PySys with -XmyPlatform='container'
07:40:00 INFO  
</system-out>
	</testcase>
</testsuite>
