<?xml version="1.0" encoding="utf-8"?>
<testsuite failures="0" name="SoftwareManagement.Plugin.apama_plugin_remove" skipped="1" tests="1" time="0.02" timestamp="2022-06-09T06:57:40">
	<testcase classname="ApamaPluginRemoveTest" name="SoftwareManagement.Plugin.apama_plugin_remove">
		<skipped message="SKIPPED: Apama plugin tests are disabled by default. Execute `pysys run` with `-XmyPlatform=container` to run these tests"/>
		<system-out>06:57:40 INFO  ==============================================================
06:57:40 INFO  Id:    SoftwareManagement.Plugin.apama_plugin_remove
06:57:40 INFO  Dir:   plugin_apama/
06:57:40 INFO  Title: Validate apama plugin remove
06:57:40 INFO  ==============================================================
06:57:40 INFO  Apama plugin tests are disabled by default. Execute `pysys run` with `-XmyPlatform=container` to run these tests ... skipped
06:57:40 WARN  Aborted test due to SKIPPED outcome
06:57:40 INFO  
06:57:40 INFO  Test duration: 0.02 secs
06:57:40 INFO  Test final outcome:  SKIPPED
06:57:40 INFO  Test outcome reason: Apama plugin tests are disabled by default. Execute `pysys run` with `-XmyPlatform=container` to run these tests
06:57:40 INFO  
</system-out>
	</testcase>
</testsuite>
