<?xml version="1.0" encoding="utf-8"?>
<testsuite failures="0" name="SoftwareManagement.Plugin.apama_plugin_update" skipped="1" tests="1" time="0.02" timestamp="2022-06-22T18:46:42">
	<testcase classname="ApamaPluginUpdateTest" name="SoftwareManagement.Plugin.apama_plugin_update">
		<skipped message="SKIPPED: Apama plugin tests are disabled by default. Execute `pysys run` with `-XmyPlatform=container` to run these tests"/>
		<system-out>18:46:42 INFO  ==============================================================
18:46:42 INFO  Id:    SoftwareManagement.Plugin.apama_plugin_update
18:46:42 INFO  Dir:   plugin_apama/
18:46:42 INFO  Title: Validate apama plugin updating one project with another
18:46:42 INFO  ==============================================================
18:46:42 INFO  Apama plugin tests are disabled by default. Execute `pysys run` with `-XmyPlatform=container` to run these tests ... skipped
18:46:42 WARN  Aborted test due to SKIPPED outcome
18:46:42 INFO  
18:46:42 INFO  Test duration: 0.02 secs
18:46:42 INFO  Test final outcome:  SKIPPED
18:46:42 INFO  Test outcome reason: Apama plugin tests are disabled by default. Execute `pysys run` with `-XmyPlatform=container` to run these tests
18:46:42 INFO  
</system-out>
	</testcase>
</testsuite>
