<?xml version="1.0" encoding="utf-8"?>
<testsuite failures="0" name="publish_sawmill" skipped="0" tests="1" time="78.8" timestamp="2022-06-20T16:40:20">
	<testcase classname="PublishSawmill" name="publish_sawmill"/>
</testsuite>
