<?xml version="1.0" encoding="utf-8"?>
<testsuite failures="1" name="log_request_error_messages" skipped="0" tests="1" time="58.16" timestamp="2022-05-25T12:40:38">
	<testcase classname="LogRequestVerifySearchTextError" name="log_request_error_messages">
		<failure message="BLOCKED: Exception: retry" type="BLOCKED"/>
		<system-out>12:39:40 INFO  ==============================================================
12:39:40 INFO  Id:    log_request_error_messages
12:39:40 INFO  Dir:   log_request_end_to_end/
12:39:40 INFO  Title: Validate end to end behaviour for the log request operation check for error messages
12:39:40 INFO  ==============================================================
12:39:41 INFO  EnvironmentC8y Setup
12:39:42 INFO  Executed systemctl&lt;serv_mapper1&gt;, exit status 3
12:39:42 INFO  Restarting mosquitto too frequently in the last 10 seconds. It was only up for 2 seconds
12:39:42 INFO  Delaying execution by 9 seconds
12:40:05 INFO  Executed sudo&lt;tedge_connect_c8y&gt;, exit status 0, duration 14 secs
12:40:06 INFO  Executed sudo&lt;tedge_connect_c8y_test&gt;, exit status 0
12:40:06 INFO  Executed systemctl&lt;serv_mosq2&gt;, exit status 0
12:40:07 INFO  Executed systemctl&lt;serv_mapper3&gt;, exit status 0
12:40:07 INFO  Executed sudo&lt;rm_logs&gt;, exit status 0
12:40:08 INFO  Executed sudo&lt;move_logs&gt;, exit status 0
12:40:08 INFO  log response None
12:40:08 WARN  retry, retrying in 1 seconds...
12:40:09 INFO  log response None
12:40:09 WARN  retry, retrying in 1 seconds...
12:40:11 INFO  log response None
12:40:11 WARN  retry, retrying in 1 seconds...
12:40:12 INFO  log response None
12:40:12 WARN  retry, retrying in 1 seconds...
12:40:13 INFO  log response None
12:40:13 WARN  retry, retrying in 1 seconds...
12:40:14 INFO  log response None
12:40:14 WARN  retry, retrying in 1 seconds...
12:40:16 INFO  log response None
12:40:16 WARN  retry, retrying in 1 seconds...
12:40:17 INFO  log response None
12:40:17 WARN  retry, retrying in 1 seconds...
12:40:18 INFO  log response None
12:40:18 WARN  retry, retrying in 1 seconds...
12:40:19 INFO  log response None
12:40:19 WARN  retry, retrying in 1 seconds...
12:40:20 INFO  log response None
12:40:20 WARN  retry, retrying in 1 seconds...
12:40:22 INFO  log response None
12:40:22 WARN  retry, retrying in 1 seconds...
12:40:23 INFO  log response None
12:40:23 WARN  retry, retrying in 1 seconds...
12:40:24 INFO  log response None
12:40:24 WARN  retry, retrying in 1 seconds...
12:40:25 INFO  log response None
12:40:25 WARN  retry, retrying in 1 seconds...
12:40:27 INFO  log response None
12:40:27 WARN  retry, retrying in 1 seconds...
12:40:28 INFO  log response None
12:40:28 WARN  retry, retrying in 1 seconds...
12:40:29 INFO  log response None
12:40:29 WARN  retry, retrying in 1 seconds...
12:40:30 INFO  log response None
12:40:30 WARN  retry, retrying in 1 seconds...
12:40:31 INFO  log response None
12:40:31 WARN  Exception occurred while running test - retry
Traceback (most recent call last):
  File &quot;/home/pi/env-pysys/lib/python3.7/site-packages/pysys/baserunner.py&quot;, line 1296, in __call__
    self.testObj.validate()
  File &quot;/home/pi/actions-runner/_work/thin-edge.io/thin-edge.io/tests/PySys/log_request_end_to_end/log_request_error_messages/run.py&quot;, line 43, in validate
    self.assertThat(&quot;True == value&quot;, value=self.wait_until_logs_retrieved())
  File &quot;/home/pi/env-pysys/lib/python3.7/site-packages/decorator.py&quot;, line 232, in fun
    return caller(func, *(extras + args), **kw)
  File &quot;/home/pi/env-pysys/lib/python3.7/site-packages/retry/api.py&quot;, line 74, in retry_decorator
    logger)
  File &quot;/home/pi/env-pysys/lib/python3.7/site-packages/retry/api.py&quot;, line 33, in __retry_internal
    return f()
  File &quot;/home/pi/actions-runner/_work/thin-edge.io/thin-edge.io/tests/PySys/log_request_end_to_end/log_request_error_messages/run.py&quot;, line 52, in wait_until_logs_retrieved
    raise Exception(&quot;retry&quot;)
Exception: retry
12:40:31 WARN  Exception: retry ... blocked 
12:40:31 INFO  
12:40:31 INFO  cleanup:
12:40:32 INFO  Executed sudo&lt;rm_logs&gt;, exit status 0
12:40:33 INFO  Executed sudo&lt;rm_tmp_logs&gt;, exit status 0
12:40:33 INFO  Executed sudo&lt;send_failed&gt;, exit status 0
12:40:37 INFO  Executed sudo&lt;tedge_disconnect_c8y&gt;, exit status 0
12:40:38 INFO  Executed systemctl&lt;serv_mapper5&gt;, exit status 3
12:40:38 INFO  
12:40:38 INFO  Test duration: 58.16 secs
12:40:38 INFO  Test final outcome:  BLOCKED
12:40:38 INFO  Test outcome reason: Exception: retry
12:40:38 INFO  
</system-out>
	</testcase>
</testsuite>
