<?xml version="1.0" encoding="utf-8"?>
<testsuite failures="1" name="mapper_awaits_before_reconnect" skipped="0" tests="1" time="8.92" timestamp="2022-06-16T14:20:33">
	<testcase classname="MapperReconnectAwait" name="mapper_awaits_before_reconnect">
		<failure message="FAILED: Line count on tedge_mapper_journal.out for &quot;tedge_mapper::core::mapper: MQTT connection error:&quot; expected &gt;=2 but got 0" type="FAILED"/>
		<system-out>14:20:24 INFO  ==============================================================
14:20:24 INFO  Id:    mapper_awaits_before_reconnect
14:20:24 INFO  Dir:   tedge_mapper_c8y/
14:20:24 INFO  Title: Validate mapper doesn't reconnect too often
14:20:24 INFO  ==============================================================
14:20:24 INFO  Started mosquitto_sub with process id 27242
14:20:24 INFO  Waiting for 0.1 seconds
14:20:25 INFO  Executed sudo&lt;tedge_mapper&gt;, exit status 0
14:20:25 INFO  Waiting for 5.0 seconds
14:20:30 INFO  Executed sudo&lt;tedge_mapper&gt;, exit status 0
14:20:33 INFO  Executed sudo&lt;tedge_mapper_journal&gt;, exit status 0
14:20:33 WARN  Grep on tedge_mapper_journal.out contains &quot;ERROR&quot; ... failed [run.py:67]
14:20:33 INFO  Line count on file tedge_mapper_journal.out ... passed
14:20:33 WARN  Line count on tedge_mapper_journal.out for &quot;tedge_mapper::core::mapper: MQTT connection error:&quot; expected &gt;=2 but got 0 ... failed [run.py:78]
14:20:33 WARN  Aborted test due to FAILED outcome
14:20:33 INFO  
14:20:33 INFO  Test duration: 8.92 secs
14:20:33 INFO  Test final outcome:  FAILED
14:20:33 INFO  Test outcome reason: Line count on tedge_mapper_journal.out for &quot;tedge_mapper::core::mapper: MQTT connection error:&quot; expected &gt;=2 but got 0
14:20:33 INFO  
</system-out>
	</testcase>
</testsuite>
