<?xml version="1.0" encoding="utf-8"?>
<testsuite failures="0" name="apt_sequence_install_with_version_fail" skipped="1" tests="1" time="0.02" timestamp="2022-07-21T22:57:54">
	<testcase classname="AptPluginInstallWithVersionFails" name="apt_sequence_install_with_version_fail">
		<skipped message="SKIPPED: Testing the apt plugin is not supported on this platform.To run the tests call PySys with -XmyPlatform='container'"/>
		<system-out>22:57:54 INFO  ==============================================================
22:57:54 INFO  Id:    apt_sequence_install_with_version_fail
22:57:54 INFO  Dir:   plugin_apt/
22:57:54 INFO  Title: Validate apt plugin install with version fails use case
22:57:54 INFO  ==============================================================
22:57:54 INFO  Testing the apt plugin is not supported on this platform.To run the tests call PySys with -XmyPlatform='container' ... skipped
22:57:54 WARN  Aborted test due to SKIPPED outcome
22:57:54 INFO  
22:57:54 INFO  Test duration: 0.02 secs
22:57:54 INFO  Test final outcome:  SKIPPED
22:57:54 INFO  Test outcome reason: Testing the apt plugin is not supported on this platform.To run the tests call PySys with -XmyPlatform='container'
22:57:54 INFO  
</system-out>
	</testcase>
</testsuite>
