<?xml version="1.0" encoding="utf-8"?>
<testsuite failures="0" name="docker_plugin_remove" skipped="1" tests="1" time="0.02" timestamp="2022-07-21T19:57:53">
	<testcase classname="DockerPluginRemoveTest" name="docker_plugin_remove">
		<skipped message="SKIPPED: Testing the docker plugin is not supported on this platform.To run it, all the test with -XmyPlatform='container'"/>
		<system-out>19:57:53 INFO  ==============================================================
19:57:53 INFO  Id:    docker_plugin_remove
19:57:53 INFO  Dir:   plugin_docker/
19:57:53 INFO  Title: Validate docker plugin remove
19:57:53 INFO  ==============================================================
19:57:53 INFO  Testing the docker plugin is not supported on this platform.To run it, all the test with -XmyPlatform='container' ... skipped
19:57:53 WARN  Aborted test due to SKIPPED outcome
19:57:53 INFO  
19:57:53 INFO  Test duration: 0.02 secs
19:57:53 INFO  Test final outcome:  SKIPPED
19:57:53 INFO  Test outcome reason: Testing the docker plugin is not supported on this platform.To run it, all the test with -XmyPlatform='container'
19:57:53 INFO  
</system-out>
	</testcase>
</testsuite>
