<?xml version="1.0" encoding="utf-8"?>
<testsuite failures="0" name="mqtt_port_change_connection_works" skipped="1" tests="1" time="0.02" timestamp="2022-07-19T13:38:19">
	<testcase classname="MqttPortChangeConnectionWorks" name="mqtt_port_change_connection_works">
		<skipped message="SKIPPED: failing intermitently"/>
		<system-out>13:38:19 INFO  ==============================================================
13:38:19 INFO  Id:    mqtt_port_change_connection_works
13:38:19 INFO  Dir:   misc_features/
13:38:19 INFO  Title: mqtt port change connection works for all the thin-edge services that use the mosquitto broker
13:38:19 INFO  ==============================================================
13:38:19 INFO  failing intermitently ... skipped
13:38:19 INFO  
13:38:19 INFO  Test duration: 0.02 secs
13:38:19 INFO  Test final outcome:  SKIPPED
13:38:19 INFO  Test outcome reason: failing intermitently
13:38:19 INFO  
</system-out>
	</testcase>
</testsuite>
