<?xml version="1.0" encoding="utf-8"?>
<testsuite failures="1" name="c8y_jwt_token_retrieval" skipped="0" tests="1" time="23.48" timestamp="2022-07-20T10:42:49">
	<testcase classname="ValidateJWTTokenRetrieval" name="c8y_jwt_token_retrieval">
		<failure message="FAILED: Grep on resp_jwt.out contains &quot;\[c8y/s/dat\] 71,&quot;" type="FAILED"/>
		<system-out>10:42:25 INFO  ==============================================================
10:42:25 INFO  Id:    c8y_jwt_token_retrieval
10:42:25 INFO  Dir:   cloud_c8y/
10:42:25 INFO  Title: Validate the Cumulocity JWT Token Retrieval feature
10:42:25 INFO  ==============================================================
10:42:26 INFO  Executed sudo&lt;tedge_disconnect_c8y&gt;, exit status 0
10:42:41 INFO  Executed sudo&lt;tedge_connect_c8y&gt;, exit status 0, duration 14 secs
10:42:41 INFO  Started sudo&lt;resp_jwt&gt; with process id 2692
10:42:42 INFO  Executed sudo&lt;req_jwt&gt;, exit status 0
10:42:44 INFO  Executed sudo&lt;kill_out&gt;, exit status 0
10:42:44 WARN  Grep on resp_jwt.out contains &quot;\[c8y/s/dat\] 71,&quot; ... failed [run.py:60]
10:42:44 INFO  
10:42:44 INFO  cleanup:
10:42:49 INFO  Executed sudo&lt;tedge_disconnect_c8y&gt;, exit status 0
10:42:49 INFO  
10:42:49 INFO  Test duration: 23.48 secs
10:42:49 INFO  Test final outcome:  FAILED
10:42:49 INFO  Test outcome reason: Grep on resp_jwt.out contains &quot;\[c8y/s/dat\] 71,&quot;
10:42:49 INFO  
</system-out>
	</testcase>
</testsuite>
