<?xml version="1.0" encoding="utf-8"?>
<testsuite failures="0" name="tedge_agent_user_sudo_access" skipped="1" tests="1" time="0.02" timestamp="2022-05-24T10:54:04">
	<testcase classname="TedgeAgentUserSudoAccess" name="tedge_agent_user_sudo_access">
		<skipped message="SKIPPED: #955 Observation: Exit code of the apt plugin when called with no arguments"/>
		<system-out>10:54:04 INFO  ==============================================================
10:54:04 INFO  Id:    tedge_agent_user_sudo_access
10:54:04 INFO  Dir:   tedge/
10:54:04 INFO  Title: Validate tedge-agent user has a limited sudo right
10:54:04 INFO  ==============================================================
10:54:04 INFO  #955 Observation: Exit code of the apt plugin when called with no arguments ... skipped
10:54:04 INFO  
10:54:04 INFO  Test duration: 0.02 secs
10:54:04 INFO  Test final outcome:  SKIPPED
10:54:04 INFO  Test outcome reason: #955 Observation: Exit code of the apt plugin when called with no arguments
10:54:04 INFO  
</system-out>
	</testcase>
</testsuite>
