<?xml version="1.0" encoding="utf-8"?>
<testsuite failures="0" name="SoftwareManagement.Plugin.apama_plugin_update" skipped="1" tests="1" time="0.06" timestamp="2022-07-22T09:21:47">
	<testcase classname="ApamaPluginUpdateTest" name="SoftwareManagement.Plugin.apama_plugin_update">
		<skipped message="SKIPPED: Apama plugin tests are disabled by default. Execute `pysys run` with `-XmyPlatform=container` to run these tests"/>
		<system-out>09:21:47 INFO  ==============================================================
09:21:47 INFO  Id:    SoftwareManagement.Plugin.apama_plugin_update
09:21:47 INFO  Dir:   plugin_apama/
09:21:47 INFO  Title: Validate apama plugin updating one project with another
09:21:47 INFO  ==============================================================
09:21:47 INFO  Apama plugin tests are disabled by default. Execute `pysys run` with `-XmyPlatform=container` to run these tests ... skipped
09:21:47 WARN  Aborted test due to SKIPPED outcome
09:21:47 INFO  
09:21:47 INFO  Test duration: 0.06 secs
09:21:47 INFO  Test final outcome:  SKIPPED
09:21:47 INFO  Test outcome reason: Apama plugin tests are disabled by default. Execute `pysys run` with `-XmyPlatform=container` to run these tests
09:21:47 INFO  
</system-out>
	</testcase>
</testsuite>
