<?xml version="1.0" encoding="utf-8"?>
<testsuite failures="0" name="apt_install_fail" skipped="1" tests="1" time="0.02" timestamp="2022-06-29T16:56:25">
	<testcase classname="AptPluginInstallFail" name="apt_install_fail">
		<skipped message="SKIPPED: Testing the apt plugin is not supported on this platform.To run the tests call PySys with -XmyPlatform='container'"/>
		<system-out>16:56:25 INFO  ==============================================================
16:56:25 INFO  Id:    apt_install_fail
16:56:25 INFO  Dir:   plugin_apt/
16:56:25 INFO  Title: Validate apt plugin prepare - failing
16:56:25 INFO  ==============================================================
16:56:25 INFO  Testing the apt plugin is not supported on this platform.To run the tests call PySys with -XmyPlatform='container' ... skipped
16:56:25 WARN  Aborted test due to SKIPPED outcome
16:56:25 INFO  
16:56:25 INFO  Test duration: 0.02 secs
16:56:25 INFO  Test final outcome:  SKIPPED
16:56:25 INFO  Test outcome reason: Testing the apt plugin is not supported on this platform.To run the tests call PySys with -XmyPlatform='container'
16:56:25 INFO  
</system-out>
	</testcase>
</testsuite>
