<?xml version="1.0" encoding="utf-8"?>
<testsuite failures="1" name="mapper_awaits_before_reconnect" skipped="0" tests="1" time="11.14" timestamp="2022-07-22T16:01:44">
	<testcase classname="MapperReconnectAwait" name="mapper_awaits_before_reconnect">
		<failure message="FAILED: Line count on tedge_mapper_journal.out for &quot;tedge_mapper::core::mapper: MQTT connection error:&quot; expected &gt;=2 but got 0" type="FAILED"/>
		<system-out>16:01:33 INFO  ==============================================================
16:01:33 INFO  Id:    mapper_awaits_before_reconnect
16:01:33 INFO  Dir:   tedge_mapper_c8y/
16:01:33 INFO  Title: Validate mapper doesn't reconnect too often
16:01:33 INFO  ==============================================================
16:01:33 INFO  Started mosquitto_sub with process id 5024
16:01:33 INFO  Waiting for 0.1 seconds
16:01:34 INFO  Executed sudo&lt;tedge_mapper&gt;, exit status 0
16:01:34 INFO  Waiting for 5.0 seconds
16:01:40 INFO  Executed sudo&lt;tedge_mapper&gt;, exit status 0
16:01:44 INFO  Executed sudo&lt;tedge_mapper_journal&gt;, exit status 0
16:01:44 WARN  Grep on tedge_mapper_journal.out contains &quot;ERROR&quot; ... failed [run.py:67]
16:01:44 INFO  Line count on file tedge_mapper_journal.out ... passed
16:01:44 WARN  Line count on tedge_mapper_journal.out for &quot;tedge_mapper::core::mapper: MQTT connection error:&quot; expected &gt;=2 but got 0 ... failed [run.py:78]
16:01:44 WARN  Aborted test due to FAILED outcome
16:01:44 INFO  
16:01:44 INFO  Test duration: 11.14 secs
16:01:44 INFO  Test final outcome:  FAILED
16:01:44 INFO  Test outcome reason: Line count on tedge_mapper_journal.out for &quot;tedge_mapper::core::mapper: MQTT connection error:&quot; expected &gt;=2 but got 0
16:01:44 INFO  
</system-out>
	</testcase>
</testsuite>
