<?xml version="1.0" encoding="utf-8"?>
<testsuite failures="1" name="mapper_awaits_before_reconnect" skipped="0" tests="1" time="11.76" timestamp="2022-07-16T11:43:32">
	<testcase classname="MapperReconnectAwait" name="mapper_awaits_before_reconnect">
		<failure message="FAILED: Line count on tedge_mapper_journal.out for &quot;tedge_mapper::core::mapper: MQTT connection error:&quot; expected &gt;=2 but got 0" type="FAILED"/>
		<system-out>11:43:20 INFO  ==============================================================
11:43:20 INFO  Id:    mapper_awaits_before_reconnect
11:43:20 INFO  Dir:   tedge_mapper_c8y/
11:43:20 INFO  Title: Validate mapper doesn't reconnect too often
11:43:20 INFO  ==============================================================
11:43:20 INFO  Started mosquitto_sub with process id 16557
11:43:20 INFO  Waiting for 0.1 seconds
11:43:21 INFO  Executed sudo&lt;tedge_mapper&gt;, exit status 0
11:43:21 INFO  Waiting for 5.0 seconds
11:43:26 INFO  Executed sudo&lt;tedge_mapper&gt;, exit status 0
11:43:32 INFO  Executed sudo&lt;tedge_mapper_journal&gt;, exit status 0
11:43:32 WARN  Grep on tedge_mapper_journal.out contains &quot;ERROR&quot; ... failed [run.py:67]
11:43:32 INFO  Line count on file tedge_mapper_journal.out ... passed
11:43:32 WARN  Line count on tedge_mapper_journal.out for &quot;tedge_mapper::core::mapper: MQTT connection error:&quot; expected &gt;=2 but got 0 ... failed [run.py:78]
11:43:32 WARN  Aborted test due to FAILED outcome
11:43:32 INFO  
11:43:32 INFO  Test duration: 11.76 secs
11:43:32 INFO  Test final outcome:  FAILED
11:43:32 INFO  Test outcome reason: Line count on tedge_mapper_journal.out for &quot;tedge_mapper::core::mapper: MQTT connection error:&quot; expected &gt;=2 but got 0
11:43:32 INFO  
</system-out>
	</testcase>
</testsuite>
