<?xml version="1.0" encoding="utf-8"?>
<testsuite failures="1" name="agent_init_session" skipped="0" tests="1" time="5.92" timestamp="2022-07-21T15:02:01">
	<testcase classname="AgentInitSession" name="agent_init_session">
		<failure message="FAILED: Grep on sub_resp.out contains &quot;Ld3KgqpcLDlrYH6sfpG7w&quot;" type="FAILED"/>
		<system-out>15:01:55 INFO  ==============================================================
15:01:55 INFO  Id:    agent_init_session
15:01:55 INFO  Dir:   tedge_agent/
15:01:55 INFO  Title: Validate tedge agent init session feature
15:01:55 INFO  ==============================================================
15:01:56 INFO  Executed sudo&lt;remove_lock&gt;, exit status 0
15:01:56 INFO  Executed sudo&lt;agent_clear&gt;, exit status 0
15:01:57 INFO  Executed sudo&lt;agent_init&gt;, exit status 0
15:01:57 INFO  Executed sudo&lt;pub_req&gt;, exit status 0
15:01:57 INFO  Started sudo&lt;sub_resp&gt; with process id 30858
15:01:58 INFO  Executed sudo&lt;agent_start&gt;, exit status 0
15:01:58 INFO  Waiting for 2.0 seconds
15:02:01 INFO  Executed sudo&lt;agent_stop&gt;, exit status 0
15:02:01 INFO  Executed sudo&lt;sub_stop&gt;, exit status 0
15:02:01 WARN  Grep on sub_resp.out contains &quot;Ld3KgqpcLDlrYH6sfpG7w&quot; ... failed [run.py:87]
15:02:01 INFO  
15:02:01 INFO  Test duration: 5.92 secs
15:02:01 INFO  Test final outcome:  FAILED
15:02:01 INFO  Test outcome reason: Grep on sub_resp.out contains &quot;Ld3KgqpcLDlrYH6sfpG7w&quot;
15:02:01 INFO  
</system-out>
	</testcase>
</testsuite>
