<?xml version="1.0" encoding="utf-8"?>
<testsuite failures="0" name="SoftwareManagement.Plugin.apama_plugin_update" skipped="1" tests="1" time="0.05" timestamp="2022-07-21T21:27:53">
	<testcase classname="ApamaPluginUpdateTest" name="SoftwareManagement.Plugin.apama_plugin_update">
		<skipped message="SKIPPED: Apama plugin tests are disabled by default. Execute `pysys run` with `-XmyPlatform=container` to run these tests"/>
		<system-out>21:27:53 INFO  ==============================================================
21:27:53 INFO  Id:    SoftwareManagement.Plugin.apama_plugin_update
21:27:53 INFO  Dir:   plugin_apama/
21:27:53 INFO  Title: Validate apama plugin updating one project with another
21:27:53 INFO  ==============================================================
21:27:53 INFO  Apama plugin tests are disabled by default. Execute `pysys run` with `-XmyPlatform=container` to run these tests ... skipped
21:27:53 WARN  Aborted test due to SKIPPED outcome
21:27:53 INFO  
21:27:53 INFO  Test duration: 0.05 secs
21:27:53 INFO  Test final outcome:  SKIPPED
21:27:53 INFO  Test outcome reason: Apama plugin tests are disabled by default. Execute `pysys run` with `-XmyPlatform=container` to run these tests
21:27:53 INFO  
</system-out>
	</testcase>
</testsuite>
