<?xml version="1.0" encoding="utf-8"?>
<testsuite failures="0" name="smoketest_json" skipped="0" tests="1" time="44.99" timestamp="2022-06-10T09:15:38">
	<testcase classname="SmokeTestJson" name="smoketest_json"/>
</testsuite>
