<?xml version="1.0" encoding="utf-8"?>
<testsuite failures="0" name="mqtt_port_change_connection_works" skipped="1" tests="1" time="0.06" timestamp="2022-05-24T15:36:41">
	<testcase classname="MqttPortChangeConnectionWorks" name="mqtt_port_change_connection_works">
		<skipped message="SKIPPED: failing intermitently"/>
		<system-out>15:36:41 INFO  ==============================================================
15:36:41 INFO  Id:    mqtt_port_change_connection_works
15:36:41 INFO  Dir:   misc_features/
15:36:41 INFO  Title: mqtt port change connection works for all the thin-edge services that use the mosquitto broker
15:36:41 INFO  ==============================================================
15:36:41 INFO  failing intermitently ... skipped
15:36:41 INFO  
15:36:41 INFO  Test duration: 0.06 secs
15:36:41 INFO  Test final outcome:  SKIPPED
15:36:41 INFO  Test outcome reason: failing intermitently
15:36:41 INFO  
</system-out>
	</testcase>
</testsuite>
