<?xml version="1.0" encoding="utf-8"?>
<testsuite failures="0" name="apt_install_fail" skipped="1" tests="1" time="0.02" timestamp="2022-07-22T01:59:55">
	<testcase classname="AptPluginInstallFail" name="apt_install_fail">
		<skipped message="SKIPPED: Testing the apt plugin is not supported on this platform.To run the tests call PySys with -XmyPlatform='container'"/>
		<system-out>01:59:55 INFO  ==============================================================
01:59:55 INFO  Id:    apt_install_fail
01:59:55 INFO  Dir:   plugin_apt/
01:59:55 INFO  Title: Validate apt plugin prepare - failing
01:59:55 INFO  ==============================================================
01:59:55 INFO  Testing the apt plugin is not supported on this platform.To run the tests call PySys with -XmyPlatform='container' ... skipped
01:59:55 WARN  Aborted test due to SKIPPED outcome
01:59:55 INFO  
01:59:55 INFO  Test duration: 0.02 secs
01:59:55 INFO  Test final outcome:  SKIPPED
01:59:55 INFO  Test outcome reason: Testing the apt plugin is not supported on this platform.To run the tests call PySys with -XmyPlatform='container'
01:59:55 INFO  
</system-out>
	</testcase>
</testsuite>
