<?xml version="1.0" encoding="utf-8"?>
<testsuite failures="0" name="apt_install_local_file_with_version" skipped="1" tests="1" time="0.02" timestamp="2022-07-21T19:57:48">
	<testcase classname="AptPluginInstallFromLocalFileWithVersion" name="apt_install_local_file_with_version">
		<skipped message="SKIPPED: Testing the apt plugin is not supported on this platform.To run the tests call PySys with -XmyPlatform='container'"/>
		<system-out>19:57:48 INFO  ==============================================================
19:57:48 INFO  Id:    apt_install_local_file_with_version
19:57:48 INFO  Dir:   plugin_apt/
19:57:48 INFO  Title: Validate apt plugin install from local file AND with a version - SUCCESS case
19:57:48 INFO  ==============================================================
19:57:48 INFO  Testing the apt plugin is not supported on this platform.To run the tests call PySys with -XmyPlatform='container' ... skipped
19:57:48 WARN  Aborted test due to SKIPPED outcome
19:57:48 INFO  
19:57:48 INFO  Test duration: 0.02 secs
19:57:48 INFO  Test final outcome:  SKIPPED
19:57:48 INFO  Test outcome reason: Testing the apt plugin is not supported on this platform.To run the tests call PySys with -XmyPlatform='container'
19:57:48 INFO  
</system-out>
	</testcase>
</testsuite>
