<?xml version="1.0" encoding="utf-8"?>
<testsuite failures="0" name="SoftwareManagement.sm_fake_install_remove" skipped="1" tests="1" time="0.02" timestamp="2022-07-18T14:08:45">
	<testcase classname="PySysTest" name="SoftwareManagement.sm_fake_install_remove">
		<skipped message="SKIPPED: Testing the fake plugin is not enabled.Use parameter -Xfakeplugin=fakeplugin to enable it"/>
		<system-out>14:08:45 INFO  ==============================================================
14:08:45 INFO  Id:    SoftwareManagement.sm_fake_install_remove
14:08:45 INFO  Dir:   software_management_end_to_end/
14:08:45 INFO  Title: Validate end to end behaviour for the dummy plugin for installation and removal of packages
14:08:45 INFO  ==============================================================
14:08:45 INFO  Testing the fake plugin is not enabled.Use parameter -Xfakeplugin=fakeplugin to enable it ... skipped
14:08:45 WARN  Aborted test due to SKIPPED outcome
14:08:45 INFO  
14:08:45 INFO  Test duration: 0.02 secs
14:08:45 INFO  Test final outcome:  SKIPPED
14:08:45 INFO  Test outcome reason: Testing the fake plugin is not enabled.Use parameter -Xfakeplugin=fakeplugin to enable it
14:08:45 INFO  
</system-out>
	</testcase>
</testsuite>
