<?xml version="1.0" encoding="utf-8"?>
<testsuite failures="0" name="apt_sequence_remove" skipped="1" tests="1" time="0.02" timestamp="2022-05-23T11:09:44">
	<testcase classname="AptPluginInstallPrepareRemoveFinalize" name="apt_sequence_remove">
		<skipped message="SKIPPED: Testing the apt plugin is not supported on this platform.To run the tests call PySys with -XmyPlatform='container'"/>
		<system-out>11:09:44 INFO  ==============================================================
11:09:44 INFO  Id:    apt_sequence_remove
11:09:44 INFO  Dir:   plugin_apt/
11:09:44 INFO  Title: Validate apt plugin prepare install remove finalize use case
11:09:44 INFO  ==============================================================
11:09:44 INFO  Testing the apt plugin is not supported on this platform.To run the tests call PySys with -XmyPlatform='container' ... skipped
11:09:44 WARN  Aborted test due to SKIPPED outcome
11:09:44 INFO  
11:09:44 INFO  Test duration: 0.02 secs
11:09:44 INFO  Test final outcome:  SKIPPED
11:09:44 INFO  Test outcome reason: Testing the apt plugin is not supported on this platform.To run the tests call PySys with -XmyPlatform='container'
11:09:44 INFO  
</system-out>
	</testcase>
</testsuite>
