<?xml version="1.0" encoding="utf-8"?>
<testsuite failures="1" name="monitoring_smaller_interval" skipped="0" tests="1" time="14.9" timestamp="2022-07-25T10:19:33">
	<testcase classname="MonitoringSmallInterval" name="monitoring_smaller_interval">
		<failure message="BLOCKED: TypeError: 'int' object is not subscriptable" type="BLOCKED"/>
		<system-out>10:19:18 INFO  ==============================================================
10:19:18 INFO  Id:    monitoring_smaller_interval
10:19:18 INFO  Dir:   monitoring/
10:19:18 INFO  Title: Validate the tedge dm agent messages that are produced with smaller sampling interval than the batching window. Here the simulated collectd messages are used
10:19:18 INFO  ==============================================================
10:19:18 INFO  Executed sudo&lt;collectd&gt;, exit status 0
10:19:19 INFO  Executed sudo&lt;collectd_mapper&gt;, exit status 0
10:19:19 INFO  Started sudo&lt;tedge_sub&gt; with process id 26196
10:19:20 INFO  Executed sudo&lt;tedge_temp&gt;, exit status 0
10:19:20 INFO  Executed sudo&lt;tedge_pres&gt;, exit status 0
10:19:21 INFO  Executed sudo&lt;tedge_temp&gt;, exit status 0
10:19:21 INFO  Executed sudo&lt;tedge_pres&gt;, exit status 0
10:19:22 INFO  Executed sudo&lt;tedge_temp&gt;, exit status 0
10:19:22 INFO  Executed sudo&lt;tedge_pres&gt;, exit status 0
10:19:23 INFO  Executed sudo&lt;tedge_temp&gt;, exit status 0
10:19:24 INFO  Executed sudo&lt;tedge_pres&gt;, exit status 0
10:19:24 INFO  Executed sudo&lt;tedge_temp&gt;, exit status 0
10:19:25 INFO  Executed sudo&lt;tedge_pres&gt;, exit status 0
10:19:25 INFO  Executed sudo&lt;tedge_temp&gt;, exit status 0
10:19:26 INFO  Executed sudo&lt;tedge_pres&gt;, exit status 0
10:19:26 INFO  Executed sudo&lt;tedge_temp&gt;, exit status 0
10:19:27 INFO  Executed sudo&lt;tedge_pres&gt;, exit status 0
10:19:28 INFO  Executed sudo&lt;tedge_temp&gt;, exit status 0
10:19:28 INFO  Executed sudo&lt;tedge_pres&gt;, exit status 0
10:19:29 INFO  Executed sudo&lt;tedge_temp&gt;, exit status 0
10:19:29 INFO  Executed sudo&lt;tedge_pres&gt;, exit status 0
10:19:30 INFO  Executed sudo&lt;tedge_temp&gt;, exit status 0
10:19:30 INFO  Executed sudo&lt;tedge_pres&gt;, exit status 0
10:19:32 INFO  Executed sudo&lt;kill_out&gt;, exit status 0
10:19:32 INFO  0

10:19:32 WARN  TypeError occurred while running test - 'int' object is not subscriptable
Traceback (most recent call last):
  File &quot;/home/pi/env-pysys/lib/python3.7/site-packages/pysys/baserunner.py&quot;, line 1296, in __call__
    self.testObj.validate()
  File &quot;/home/pi/actions-runner/_work/thin-edge.io/thin-edge.io/tests/PySys/monitoring/monitoring_smaller_interval/run.py&quot;, line 104, in validate
    collectd_msg_validation_result=self.validate_json(),
  File &quot;/home/pi/actions-runner/_work/thin-edge.io/thin-edge.io/tests/PySys/monitoring/monitoring_smaller_interval/run.py&quot;, line 114, in validate_json
    if not self.validate_time():
  File &quot;/home/pi/actions-runner/_work/thin-edge.io/thin-edge.io/tests/PySys/monitoring/monitoring_smaller_interval/run.py&quot;, line 134, in validate_time
    if self.js_msg[&quot;time&quot;]:
TypeError: 'int' object is not subscriptable
10:19:32 WARN  TypeError: 'int' object is not subscriptable ... blocked 
10:19:32 INFO  
10:19:32 INFO  cleanup:
10:19:32 INFO  monitoring_cleanup
10:19:33 INFO  Executed sudo&lt;collectd_mapper&gt;, exit status 0
10:19:33 INFO  
10:19:33 INFO  Test duration: 14.90 secs
10:19:33 INFO  Test final outcome:  BLOCKED
10:19:33 INFO  Test outcome reason: TypeError: 'int' object is not subscriptable
10:19:33 INFO  
</system-out>
	</testcase>
</testsuite>
