<?xml version="1.0" encoding="utf-8"?>
<testsuite failures="0" name="SoftwareManagement.Plugin.apama_plugin_install" skipped="1" tests="1" time="0.09" timestamp="2022-07-22T01:59:54">
	<testcase classname="ApamaPluginInstallTest" name="SoftwareManagement.Plugin.apama_plugin_install">
		<skipped message="SKIPPED: Apama plugin tests are disabled by default. Execute `pysys run` with `-XmyPlatform=container` to run these tests"/>
		<system-out>01:59:54 INFO  ==============================================================
01:59:54 INFO  Id:    SoftwareManagement.Plugin.apama_plugin_install
01:59:54 INFO  Dir:   plugin_apama/
01:59:54 INFO  Title: Validate apama plugin install
01:59:54 INFO  ==============================================================
01:59:54 INFO  Apama plugin tests are disabled by default. Execute `pysys run` with `-XmyPlatform=container` to run these tests ... skipped
01:59:54 WARN  Aborted test due to SKIPPED outcome
01:59:54 INFO  
01:59:54 INFO  Test duration: 0.09 secs
01:59:54 INFO  Test final outcome:  SKIPPED
01:59:54 INFO  Test outcome reason: Apama plugin tests are disabled by default. Execute `pysys run` with `-XmyPlatform=container` to run these tests
01:59:54 INFO  
</system-out>
	</testcase>
</testsuite>
