<?xml version="1.0" encoding="utf-8"?>
<testsuite failures="1" name="tedge_mapper_c8y_packet_threshold_size" skipped="0" tests="1" time="2.94" timestamp="2022-07-21T20:12:31">
	<testcase classname="TedgeMapperC8yThresholdPacketSize" name="tedge_mapper_c8y_packet_threshold_size">
		<failure message="FAILED: Grep on tedge_sub.out contains &quot;The size of the message received on tedge/measurements is 20489 which is greater than the threshold size of 16184.&quot;" type="FAILED"/>
		<system-out>20:12:28 INFO  ==============================================================
20:12:28 INFO  Id:    tedge_mapper_c8y_packet_threshold_size
20:12:28 INFO  Dir:   tedge_mapper_c8y/
20:12:28 INFO  Title: Validate the Cumulocity Mapper accepted threshold packet size when it receives a message on tedge/measurements
20:12:28 INFO  ==============================================================
20:12:28 INFO  Executed sudo&lt;tedge_mapper_c8y&gt;, exit status 0
20:12:28 INFO  Started sudo&lt;tedge_sub&gt; with process id 23679
20:12:29 INFO  Executed sudo&lt;tedge_msg&gt;, exit status 0
20:12:30 INFO  Executed sudo&lt;tedge_pub&gt;, exit status 0
20:12:30 INFO  Executed sudo&lt;kill_out&gt;, exit status 0
20:12:30 WARN  Grep on tedge_sub.out contains &quot;The size of the message received on tedge/measurements is 20489 which is greater than the threshold size of 16184.&quot; ... failed [run.py:88]
20:12:30 INFO  
20:12:30 INFO  cleanup:
20:12:30 INFO  mapper_cleanup
20:12:31 INFO  Executed sudo&lt;tedge_mapper_c8y&gt;, exit status 0
20:12:31 INFO  
20:12:31 INFO  Test duration: 2.94 secs
20:12:31 INFO  Test final outcome:  FAILED
20:12:31 INFO  Test outcome reason: Grep on tedge_sub.out contains &quot;The size of the message received on tedge/measurements is 20489 which is greater than the threshold size of 16184.&quot;
20:12:31 INFO  
</system-out>
	</testcase>
</testsuite>
