<?xml version="1.0" encoding="utf-8"?>
<testsuite failures="1" name="tedge_mapper_c8y_packet_threshold_size" skipped="0" tests="1" time="3.03" timestamp="2022-05-24T15:52:36">
	<testcase classname="TedgeMapperC8yThresholdPacketSize" name="tedge_mapper_c8y_packet_threshold_size">
		<failure message="FAILED: Grep on tedge_sub.out contains &quot;The size of the message received on tedge/measurements is 20489 which is greater than the threshold size of 16184.&quot;" type="FAILED"/>
		<system-out>15:52:33 INFO  ==============================================================
15:52:33 INFO  Id:    tedge_mapper_c8y_packet_threshold_size
15:52:33 INFO  Dir:   tedge_mapper_c8y/
15:52:33 INFO  Title: Validate the Cumulocity Mapper accepted threshold packet size when it receives a message on tedge/measurements
15:52:33 INFO  ==============================================================
15:52:34 INFO  Executed sudo&lt;tedge_mapper_c8y&gt;, exit status 0
15:52:34 INFO  Started sudo&lt;tedge_sub&gt; with process id 18559
15:52:34 INFO  Executed sudo&lt;tedge_msg&gt;, exit status 0
15:52:35 INFO  Executed sudo&lt;tedge_pub&gt;, exit status 0
15:52:36 INFO  Executed sudo&lt;kill_out&gt;, exit status 0
15:52:36 WARN  Grep on tedge_sub.out contains &quot;The size of the message received on tedge/measurements is 20489 which is greater than the threshold size of 16184.&quot; ... failed [run.py:88]
15:52:36 INFO  
15:52:36 INFO  cleanup:
15:52:36 INFO  mapper_cleanup
15:52:36 INFO  Executed sudo&lt;tedge_mapper_c8y&gt;, exit status 0
15:52:36 INFO  
15:52:36 INFO  Test duration: 3.03 secs
15:52:36 INFO  Test final outcome:  FAILED
15:52:36 INFO  Test outcome reason: Grep on tedge_sub.out contains &quot;The size of the message received on tedge/measurements is 20489 which is greater than the threshold size of 16184.&quot;
15:52:36 INFO  
</system-out>
	</testcase>
</testsuite>
