<?xml version="1.0" encoding="utf-8"?>
<testsuite failures="0" name="SoftwareManagement.Plugin.apama_plugin_update" skipped="1" tests="1" time="0.02" timestamp="2022-07-20T10:45:19">
	<testcase classname="ApamaPluginUpdateTest" name="SoftwareManagement.Plugin.apama_plugin_update">
		<skipped message="SKIPPED: Apama plugin tests are disabled by default. Execute `pysys run` with `-XmyPlatform=container` to run these tests"/>
		<system-out>10:45:19 INFO  ==============================================================
10:45:19 INFO  Id:    SoftwareManagement.Plugin.apama_plugin_update
10:45:19 INFO  Dir:   plugin_apama/
10:45:19 INFO  Title: Validate apama plugin updating one project with another
10:45:19 INFO  ==============================================================
10:45:19 INFO  Apama plugin tests are disabled by default. Execute `pysys run` with `-XmyPlatform=container` to run these tests ... skipped
10:45:19 WARN  Aborted test due to SKIPPED outcome
10:45:19 INFO  
10:45:19 INFO  Test duration: 0.02 secs
10:45:19 INFO  Test final outcome:  SKIPPED
10:45:19 INFO  Test outcome reason: Apama plugin tests are disabled by default. Execute `pysys run` with `-XmyPlatform=container` to run these tests
10:45:19 INFO  
</system-out>
	</testcase>
</testsuite>
