<?xml version="1.0" encoding="utf-8"?>
<testsuite failures="0" name="apt_sequence_install_with_version" skipped="1" tests="1" time="0.02" timestamp="2022-06-10T09:12:20">
	<testcase classname="AptPluginPrepInstallWithVersionFinalize" name="apt_sequence_install_with_version">
		<skipped message="SKIPPED: Testing the apt plugin is not supported on this platform.To run the tests call PySys with -XmyPlatform='container'"/>
		<system-out>09:12:20 INFO  ==============================================================
09:12:20 INFO  Id:    apt_sequence_install_with_version
09:12:20 INFO  Dir:   plugin_apt/
09:12:20 INFO  Title: Validate apt plugin install with version use case
09:12:20 INFO  ==============================================================
09:12:20 INFO  Testing the apt plugin is not supported on this platform.To run the tests call PySys with -XmyPlatform='container' ... skipped
09:12:20 WARN  Aborted test due to SKIPPED outcome
09:12:20 INFO  
09:12:20 INFO  Test duration: 0.02 secs
09:12:20 INFO  Test final outcome:  SKIPPED
09:12:20 INFO  Test outcome reason: Testing the apt plugin is not supported on this platform.To run the tests call PySys with -XmyPlatform='container'
09:12:20 INFO  
</system-out>
	</testcase>
</testsuite>
