<?xml version="1.0" encoding="utf-8"?>
<testsuite failures="0" name="SoftwareManagement.Plugin.apama_plugin_mon_support" skipped="1" tests="1" time="0.02" timestamp="2022-06-22T17:20:09">
	<testcase classname="ApamaPluginMonSupportTest" name="SoftwareManagement.Plugin.apama_plugin_mon_support">
		<skipped message="SKIPPED: Apama plugin tests are disabled by default. Execute `pysys run` with `-XmyPlatform=container` to run these tests"/>
		<system-out>17:20:09 INFO  ==============================================================
17:20:09 INFO  Id:    SoftwareManagement.Plugin.apama_plugin_mon_support
17:20:09 INFO  Dir:   plugin_apama/
17:20:09 INFO  Title: Validate mon file support of apama plugin
17:20:09 INFO  ==============================================================
17:20:09 INFO  Apama plugin tests are disabled by default. Execute `pysys run` with `-XmyPlatform=container` to run these tests ... skipped
17:20:09 WARN  Aborted test due to SKIPPED outcome
17:20:09 INFO  
17:20:09 INFO  Test duration: 0.02 secs
17:20:09 INFO  Test final outcome:  SKIPPED
17:20:09 INFO  Test outcome reason: Apama plugin tests are disabled by default. Execute `pysys run` with `-XmyPlatform=container` to run these tests
17:20:09 INFO  
</system-out>
	</testcase>
</testsuite>
