<?xml version="1.0" encoding="utf-8"?>
<testsuite failures="0" name="local_mqtt_pub_fail_qos2" skipped="0" tests="1" time="1.76" timestamp="2022-05-23T08:23:28">
	<testcase classname="PySysTest" name="local_mqtt_pub_fail_qos2"/>
</testsuite>
