<?xml version="1.0" encoding="utf-8"?>
<testsuite failures="0" name="c8y_restart_bridge" skipped="0" tests="1" time="23.16" timestamp="2022-07-27T09:26:44">
	<testcase classname="RestartBridge" name="c8y_restart_bridge"/>
</testsuite>
