<?xml version="1.0" encoding="utf-8"?>
<testsuite failures="0" name="publish_flux" skipped="0" tests="1" time="73.08" timestamp="2022-06-22T17:21:27">
	<testcase classname="PublishFlux" name="publish_flux"/>
</testsuite>
