<?xml version="1.0" encoding="utf-8"?>
<testsuite failures="0" name="docker_plugin_install_with_version" skipped="1" tests="1" time="0.02" timestamp="2022-07-01T06:51:35">
	<testcase classname="DockerPluginInstallWithVersionTest" name="docker_plugin_install_with_version">
		<skipped message="SKIPPED: Testing the docker plugin is not supported on this platform.To run it, all the test with -XmyPlatform='container'"/>
		<system-out>06:51:35 INFO  ==============================================================
06:51:35 INFO  Id:    docker_plugin_install_with_version
06:51:35 INFO  Dir:   plugin_docker/
06:51:35 INFO  Title: Validate docker plugin install
06:51:35 INFO  ==============================================================
06:51:35 INFO  Testing the docker plugin is not supported on this platform.To run it, all the test with -XmyPlatform='container' ... skipped
06:51:35 WARN  Aborted test due to SKIPPED outcome
06:51:35 INFO  
06:51:35 INFO  Test duration: 0.02 secs
06:51:35 INFO  Test final outcome:  SKIPPED
06:51:35 INFO  Test outcome reason: Testing the docker plugin is not supported on this platform.To run it, all the test with -XmyPlatform='container'
06:51:35 INFO  
</system-out>
	</testcase>
</testsuite>
