<?xml version="1.0" encoding="utf-8"?>
<testsuite failures="1" name="c8y_jwt_token_retrieval" skipped="0" tests="1" time="23.27" timestamp="2022-07-22T09:19:17">
	<testcase classname="ValidateJWTTokenRetrieval" name="c8y_jwt_token_retrieval">
		<failure message="FAILED: Grep on resp_jwt.out contains &quot;\[c8y/s/dat\] 71,&quot;" type="FAILED"/>
		<system-out>09:18:54 INFO  ==============================================================
09:18:54 INFO  Id:    c8y_jwt_token_retrieval
09:18:54 INFO  Dir:   cloud_c8y/
09:18:54 INFO  Title: Validate the Cumulocity JWT Token Retrieval feature
09:18:54 INFO  ==============================================================
09:18:54 INFO  Executed sudo&lt;tedge_disconnect_c8y&gt;, exit status 0
09:19:09 INFO  Executed sudo&lt;tedge_connect_c8y&gt;, exit status 0, duration 14 secs
09:19:09 INFO  Started sudo&lt;resp_jwt&gt; with process id 5492
09:19:10 INFO  Executed sudo&lt;req_jwt&gt;, exit status 0
09:19:12 INFO  Executed sudo&lt;kill_out&gt;, exit status 0
09:19:13 WARN  Grep on resp_jwt.out contains &quot;\[c8y/s/dat\] 71,&quot; ... failed [run.py:60]
09:19:13 INFO  
09:19:13 INFO  cleanup:
09:19:17 INFO  Executed sudo&lt;tedge_disconnect_c8y&gt;, exit status 0
09:19:17 INFO  
09:19:17 INFO  Test duration: 23.27 secs
09:19:17 INFO  Test final outcome:  FAILED
09:19:17 INFO  Test outcome reason: Grep on resp_jwt.out contains &quot;\[c8y/s/dat\] 71,&quot;
09:19:17 INFO  
</system-out>
	</testcase>
</testsuite>
