<?xml version="1.0" encoding="utf-8"?>
<testsuite failures="0" name="apt_prepare_install_finalize" skipped="1" tests="1" time="0.02" timestamp="2022-07-25T08:30:59">
	<testcase classname="AptPluginPrepareInstallFinalize" name="apt_prepare_install_finalize">
		<skipped message="SKIPPED: Testing the apt plugin is not supported on this platform.To run the tests call PySys with -XmyPlatform='container'"/>
		<system-out>08:30:59 INFO  ==============================================================
08:30:59 INFO  Id:    apt_prepare_install_finalize
08:30:59 INFO  Dir:   plugin_apt/
08:30:59 INFO  Title: Validate apt plugin install use case
08:30:59 INFO  ==============================================================
08:30:59 INFO  Testing the apt plugin is not supported on this platform.To run the tests call PySys with -XmyPlatform='container' ... skipped
08:30:59 WARN  Aborted test due to SKIPPED outcome
08:30:59 INFO  
08:30:59 INFO  Test duration: 0.02 secs
08:30:59 INFO  Test final outcome:  SKIPPED
08:30:59 INFO  Test outcome reason: Testing the apt plugin is not supported on this platform.To run the tests call PySys with -XmyPlatform='container'
08:30:59 INFO  
</system-out>
	</testcase>
</testsuite>
