<?xml version="1.0" encoding="utf-8"?>
<testsuite failures="0" name="apt_sequence_remove_with_version_fail" skipped="1" tests="1" time="0.04" timestamp="2022-07-21T16:21:21">
	<testcase classname="AptPluginRemoveWithVersionFails" name="apt_sequence_remove_with_version_fail">
		<skipped message="SKIPPED: Testing the apt plugin is not supported on this platform.To run the tests call PySys with -XmyPlatform='container'"/>
		<system-out>16:21:21 INFO  ==============================================================
16:21:21 INFO  Id:    apt_sequence_remove_with_version_fail
16:21:21 INFO  Dir:   plugin_apt/
16:21:21 INFO  Title: Validate apt plugin remove with version fails when the version not found
16:21:21 INFO  ==============================================================
16:21:21 INFO  Testing the apt plugin is not supported on this platform.To run the tests call PySys with -XmyPlatform='container' ... skipped
16:21:21 WARN  Aborted test due to SKIPPED outcome
16:21:21 INFO  
16:21:21 INFO  Test duration: 0.04 secs
16:21:21 INFO  Test final outcome:  SKIPPED
16:21:21 INFO  Test outcome reason: Testing the apt plugin is not supported on this platform.To run the tests call PySys with -XmyPlatform='container'
16:21:21 INFO  
</system-out>
	</testcase>
</testsuite>
