<?xml version="1.0" encoding="utf-8"?>
<testsuite failures="0" name="publish_flux" skipped="0" tests="1" time="74.14" timestamp="2022-07-22T17:27:34">
	<testcase classname="PublishFlux" name="publish_flux"/>
</testsuite>
