<?xml version="1.0" encoding="utf-8"?>
<testsuite failures="0" name="docker_plugin_finalize" skipped="1" tests="1" time="0.05" timestamp="2022-07-22T17:26:20">
	<testcase classname="DockerPluginFinalizeTest" name="docker_plugin_finalize">
		<skipped message="SKIPPED: Testing the docker plugin is not supported on this platform.To run it, all the test with -XmyPlatform='container'"/>
		<system-out>17:26:20 INFO  ==============================================================
17:26:20 INFO  Id:    docker_plugin_finalize
17:26:20 INFO  Dir:   plugin_docker/
17:26:20 INFO  Title: Validate docker plugin finalize command
17:26:20 INFO  ==============================================================
17:26:20 INFO  Testing the docker plugin is not supported on this platform.To run it, all the test with -XmyPlatform='container' ... skipped
17:26:20 WARN  Aborted test due to SKIPPED outcome
17:26:20 INFO  
17:26:20 INFO  Test duration: 0.05 secs
17:26:20 INFO  Test final outcome:  SKIPPED
17:26:20 INFO  Test outcome reason: Testing the docker plugin is not supported on this platform.To run it, all the test with -XmyPlatform='container'
17:26:20 INFO  
</system-out>
	</testcase>
</testsuite>
