<?xml version="1.0" encoding="utf-8"?>
<testsuite failures="1" name="mapper_awaits_before_reconnect" skipped="0" tests="1" time="11.06" timestamp="2022-07-21T16:34:21">
	<testcase classname="MapperReconnectAwait" name="mapper_awaits_before_reconnect">
		<failure message="FAILED: Line count on tedge_mapper_journal.out for &quot;tedge_mapper::core::mapper: MQTT connection error:&quot; expected &gt;=2 but got 0" type="FAILED"/>
		<system-out>16:34:10 INFO  ==============================================================
16:34:10 INFO  Id:    mapper_awaits_before_reconnect
16:34:10 INFO  Dir:   tedge_mapper_c8y/
16:34:10 INFO  Title: Validate mapper doesn't reconnect too often
16:34:10 INFO  ==============================================================
16:34:10 INFO  Started mosquitto_sub with process id 25390
16:34:10 INFO  Waiting for 0.1 seconds
16:34:11 INFO  Executed sudo&lt;tedge_mapper&gt;, exit status 0
16:34:11 INFO  Waiting for 5.0 seconds
16:34:16 INFO  Executed sudo&lt;tedge_mapper&gt;, exit status 0
16:34:21 INFO  Executed sudo&lt;tedge_mapper_journal&gt;, exit status 0
16:34:21 WARN  Grep on tedge_mapper_journal.out contains &quot;ERROR&quot; ... failed [run.py:67]
16:34:21 INFO  Line count on file tedge_mapper_journal.out ... passed
16:34:21 WARN  Line count on tedge_mapper_journal.out for &quot;tedge_mapper::core::mapper: MQTT connection error:&quot; expected &gt;=2 but got 0 ... failed [run.py:78]
16:34:21 WARN  Aborted test due to FAILED outcome
16:34:21 INFO  
16:34:21 INFO  Test duration: 11.06 secs
16:34:21 INFO  Test final outcome:  FAILED
16:34:21 INFO  Test outcome reason: Line count on tedge_mapper_journal.out for &quot;tedge_mapper::core::mapper: MQTT connection error:&quot; expected &gt;=2 but got 0
16:34:21 INFO  
</system-out>
	</testcase>
</testsuite>
