<?xml version="1.0" encoding="utf-8"?>
<testsuite failures="1" name="c8y_jwt_token_retrieval" skipped="0" tests="1" time="23.04" timestamp="2022-06-20T14:56:10">
	<testcase classname="ValidateJWTTokenRetrieval" name="c8y_jwt_token_retrieval">
		<failure message="FAILED: Grep on resp_jwt.out contains &quot;\[c8y/s/dat\] 71,&quot;" type="FAILED"/>
		<system-out>14:55:47 INFO  ==============================================================
14:55:47 INFO  Id:    c8y_jwt_token_retrieval
14:55:47 INFO  Dir:   cloud_c8y/
14:55:47 INFO  Title: Validate the Cumulocity JWT Token Retrieval feature
14:55:47 INFO  ==============================================================
14:55:48 INFO  Executed sudo&lt;tedge_disconnect_c8y&gt;, exit status 0
14:56:02 INFO  Executed sudo&lt;tedge_connect_c8y&gt;, exit status 0, duration 14 secs
14:56:02 INFO  Started sudo&lt;resp_jwt&gt; with process id 6023
14:56:03 INFO  Executed sudo&lt;req_jwt&gt;, exit status 0
14:56:06 INFO  Executed sudo&lt;kill_out&gt;, exit status 0
14:56:06 WARN  Grep on resp_jwt.out contains &quot;\[c8y/s/dat\] 71,&quot; ... failed [run.py:60]
14:56:06 INFO  
14:56:06 INFO  cleanup:
14:56:10 INFO  Executed sudo&lt;tedge_disconnect_c8y&gt;, exit status 0
14:56:10 INFO  
14:56:10 INFO  Test duration: 23.04 secs
14:56:10 INFO  Test final outcome:  FAILED
14:56:10 INFO  Test outcome reason: Grep on resp_jwt.out contains &quot;\[c8y/s/dat\] 71,&quot;
14:56:10 INFO  
</system-out>
	</testcase>
</testsuite>
