<?xml version="1.0" encoding="utf-8"?>
<testsuite failures="0" name="smoketest_smartrest" skipped="0" tests="1" time="47.64" timestamp="2022-06-22T09:49:44">
	<testcase classname="SmoketestSmartRest" name="smoketest_smartrest"/>
</testsuite>
