<?xml version="1.0" encoding="utf-8"?>
<testsuite failures="1" name="tedge_mapper_c8y_packet_threshold_size" skipped="0" tests="1" time="2.95" timestamp="2022-05-23T17:02:39">
	<testcase classname="TedgeMapperC8yThresholdPacketSize" name="tedge_mapper_c8y_packet_threshold_size">
		<failure message="FAILED: Grep on tedge_sub.out contains &quot;The size of the message received on tedge/measurements is 20489 which is greater than the threshold size of 16184.&quot;" type="FAILED"/>
		<system-out>17:02:36 INFO  ==============================================================
17:02:36 INFO  Id:    tedge_mapper_c8y_packet_threshold_size
17:02:36 INFO  Dir:   tedge_mapper_c8y/
17:02:36 INFO  Title: Validate the Cumulocity Mapper accepted threshold packet size when it receives a message on tedge/measurements
17:02:36 INFO  ==============================================================
17:02:36 INFO  Executed sudo&lt;tedge_mapper_c8y&gt;, exit status 0
17:02:36 INFO  Started sudo&lt;tedge_sub&gt; with process id 22726
17:02:37 INFO  Executed sudo&lt;tedge_msg&gt;, exit status 0
17:02:38 INFO  Executed sudo&lt;tedge_pub&gt;, exit status 0
17:02:38 INFO  Executed sudo&lt;kill_out&gt;, exit status 0
17:02:38 WARN  Grep on tedge_sub.out contains &quot;The size of the message received on tedge/measurements is 20489 which is greater than the threshold size of 16184.&quot; ... failed [run.py:88]
17:02:38 INFO  
17:02:38 INFO  cleanup:
17:02:38 INFO  mapper_cleanup
17:02:39 INFO  Executed sudo&lt;tedge_mapper_c8y&gt;, exit status 0
17:02:39 INFO  
17:02:39 INFO  Test duration: 2.95 secs
17:02:39 INFO  Test final outcome:  FAILED
17:02:39 INFO  Test outcome reason: Grep on tedge_sub.out contains &quot;The size of the message received on tedge/measurements is 20489 which is greater than the threshold size of 16184.&quot;
17:02:39 INFO  
</system-out>
	</testcase>
</testsuite>
