<?xml version="1.0" encoding="utf-8"?>
<testsuite failures="0" name="call_tedge_-h" skipped="0" tests="1" time="0.45" timestamp="2022-06-02T08:44:02">
	<testcase classname="PySysTest" name="call_tedge_-h"/>
</testsuite>
