<?xml version="1.0" encoding="utf-8"?>
<testsuite failures="0" name="docker_plugin_finalize" skipped="1" tests="1" time="0.06" timestamp="2022-07-21T21:27:58">
	<testcase classname="DockerPluginFinalizeTest" name="docker_plugin_finalize">
		<skipped message="SKIPPED: Testing the docker plugin is not supported on this platform.To run it, all the test with -XmyPlatform='container'"/>
		<system-out>21:27:58 INFO  ==============================================================
21:27:58 INFO  Id:    docker_plugin_finalize
21:27:58 INFO  Dir:   plugin_docker/
21:27:58 INFO  Title: Validate docker plugin finalize command
21:27:58 INFO  ==============================================================
21:27:58 INFO  Testing the docker plugin is not supported on this platform.To run it, all the test with -XmyPlatform='container' ... skipped
21:27:58 WARN  Aborted test due to SKIPPED outcome
21:27:58 INFO  
21:27:58 INFO  Test duration: 0.06 secs
21:27:58 INFO  Test final outcome:  SKIPPED
21:27:58 INFO  Test outcome reason: Testing the docker plugin is not supported on this platform.To run it, all the test with -XmyPlatform='container'
21:27:58 INFO  
</system-out>
	</testcase>
</testsuite>
