<?xml version="1.0" encoding="utf-8"?>
<testsuite failures="0" name="apt_fail_noarg" skipped="1" tests="1" time="0.05" timestamp="2022-05-20T09:35:29">
	<testcase classname="AptPluginFailNoArg" name="apt_fail_noarg">
		<skipped message="SKIPPED: Testing the apt plugin is not supported on this platform.To run the tests call PySys with -XmyPlatform='container'"/>
		<system-out>09:35:29 INFO  ==============================================================
09:35:29 INFO  Id:    apt_fail_noarg
09:35:29 INFO  Dir:   plugin_apt/
09:35:29 INFO  Title: Validate apt plugin fetures(prepare, list, install, remove finalize) without arguments
09:35:29 INFO  ==============================================================
09:35:29 INFO  Testing the apt plugin is not supported on this platform.To run the tests call PySys with -XmyPlatform='container' ... skipped
09:35:29 WARN  Aborted test due to SKIPPED outcome
09:35:29 INFO  
09:35:29 INFO  Test duration: 0.05 secs
09:35:29 INFO  Test final outcome:  SKIPPED
09:35:29 INFO  Test outcome reason: Testing the apt plugin is not supported on this platform.To run the tests call PySys with -XmyPlatform='container'
09:35:29 INFO  
</system-out>
	</testcase>
</testsuite>
