<?xml version="1.0" encoding="utf-8"?>
<testsuite failures="0" name="publish_flux" skipped="0" tests="1" time="72.85" timestamp="2022-05-23T19:09:06">
	<testcase classname="PublishFlux" name="publish_flux"/>
</testsuite>
