<?xml version="1.0" encoding="utf-8"?>
<testsuite failures="0" name="tedge_mapper_c8y_alarms" skipped="0" tests="1" time="26.19" timestamp="2022-07-21T20:11:54">
	<testcase classname="TedgeMapperC8yAlarm" name="tedge_mapper_c8y_alarms"/>
</testsuite>
