<?xml version="1.0" encoding="utf-8"?>
<testsuite failures="0" name="smoketest_json" skipped="0" tests="1" time="47.19" timestamp="2022-07-21T16:24:40">
	<testcase classname="SmokeTestJson" name="smoketest_json"/>
</testsuite>
