<?xml version="1.0" encoding="utf-8"?>
<testsuite failures="0" name="SoftwareManagement.Plugin.apama_plugin_install" skipped="1" tests="1" time="0.05" timestamp="2022-05-23T13:20:14">
	<testcase classname="ApamaPluginInstallTest" name="SoftwareManagement.Plugin.apama_plugin_install">
		<skipped message="SKIPPED: Apama plugin tests are disabled by default. Execute `pysys run` with `-XmyPlatform=container` to run these tests"/>
		<system-out>13:20:14 INFO  ==============================================================
13:20:14 INFO  Id:    SoftwareManagement.Plugin.apama_plugin_install
13:20:14 INFO  Dir:   plugin_apama/
13:20:14 INFO  Title: Validate apama plugin install
13:20:14 INFO  ==============================================================
13:20:14 INFO  Apama plugin tests are disabled by default. Execute `pysys run` with `-XmyPlatform=container` to run these tests ... skipped
13:20:14 WARN  Aborted test due to SKIPPED outcome
13:20:14 INFO  
13:20:14 INFO  Test duration: 0.05 secs
13:20:14 INFO  Test final outcome:  SKIPPED
13:20:14 INFO  Test outcome reason: Apama plugin tests are disabled by default. Execute `pysys run` with `-XmyPlatform=container` to run these tests
13:20:14 INFO  
</system-out>
	</testcase>
</testsuite>
