<?xml version="1.0" encoding="utf-8"?>
<testsuite failures="0" name="apt_update_list" skipped="1" tests="1" time="0.02" timestamp="2022-07-21T21:27:58">
	<testcase classname="AptPluginUpdateList" name="apt_update_list">
		<skipped message="SKIPPED: Testing the apt plugin is not supported on this platform.To run the tests call PySys with -XmyPlatform='container'"/>
		<system-out>21:27:58 INFO  ==============================================================
21:27:58 INFO  Id:    apt_update_list
21:27:58 INFO  Dir:   plugin_apt/
21:27:58 INFO  Title: Validate apt plugin update-list command use case
21:27:58 INFO  ==============================================================
21:27:58 INFO  Testing the apt plugin is not supported on this platform.To run the tests call PySys with -XmyPlatform='container' ... skipped
21:27:58 WARN  Aborted test due to SKIPPED outcome
21:27:58 INFO  
21:27:58 INFO  Test duration: 0.02 secs
21:27:58 INFO  Test final outcome:  SKIPPED
21:27:58 INFO  Test outcome reason: Testing the apt plugin is not supported on this platform.To run the tests call PySys with -XmyPlatform='container'
21:27:58 INFO  
</system-out>
	</testcase>
</testsuite>
