<?xml version="1.0" encoding="utf-8"?>
<testsuite failures="0" name="apt_prepare_install_finalize" skipped="1" tests="1" time="0.04" timestamp="2022-07-25T15:03:44">
	<testcase classname="AptPluginPrepareInstallFinalize" name="apt_prepare_install_finalize">
		<skipped message="SKIPPED: Testing the apt plugin is not supported on this platform.To run the tests call PySys with -XmyPlatform='container'"/>
		<system-out>15:03:43 INFO  ==============================================================
15:03:43 INFO  Id:    apt_prepare_install_finalize
15:03:43 INFO  Dir:   plugin_apt/
15:03:43 INFO  Title: Validate apt plugin install use case
15:03:43 INFO  ==============================================================
15:03:43 INFO  Testing the apt plugin is not supported on this platform.To run the tests call PySys with -XmyPlatform='container' ... skipped
15:03:43 WARN  Aborted test due to SKIPPED outcome
15:03:44 INFO  
15:03:44 INFO  Test duration: 0.04 secs
15:03:44 INFO  Test final outcome:  SKIPPED
15:03:44 INFO  Test outcome reason: Testing the apt plugin is not supported on this platform.To run the tests call PySys with -XmyPlatform='container'
15:03:44 INFO  
</system-out>
	</testcase>
</testsuite>
