<?xml version="1.0" encoding="utf-8"?>
<testsuite failures="1" name="c8y_jwt_token_retrieval" skipped="0" tests="1" time="21.29" timestamp="2022-07-22T07:23:27">
	<testcase classname="ValidateJWTTokenRetrieval" name="c8y_jwt_token_retrieval">
		<failure message="FAILED: Grep on resp_jwt.out contains &quot;\[c8y/s/dat\] 71,&quot;" type="FAILED"/>
		<system-out>07:23:06 INFO  ==============================================================
07:23:06 INFO  Id:    c8y_jwt_token_retrieval
07:23:06 INFO  Dir:   cloud_c8y/
07:23:06 INFO  Title: Validate the Cumulocity JWT Token Retrieval feature
07:23:06 INFO  ==============================================================
07:23:07 INFO  Executed sudo&lt;tedge_disconnect_c8y&gt;, exit status 0
07:23:21 INFO  Executed sudo&lt;tedge_connect_c8y&gt;, exit status 0, duration 14 secs
07:23:21 INFO  Started sudo&lt;resp_jwt&gt; with process id 8448
07:23:22 INFO  Executed sudo&lt;req_jwt&gt;, exit status 0
07:23:23 INFO  Executed sudo&lt;kill_out&gt;, exit status 0
07:23:23 WARN  Grep on resp_jwt.out contains &quot;\[c8y/s/dat\] 71,&quot; ... failed [run.py:60]
07:23:23 INFO  
07:23:23 INFO  cleanup:
07:23:27 INFO  Executed sudo&lt;tedge_disconnect_c8y&gt;, exit status 0
07:23:27 INFO  
07:23:27 INFO  Test duration: 21.29 secs
07:23:27 INFO  Test final outcome:  FAILED
07:23:27 INFO  Test outcome reason: Grep on resp_jwt.out contains &quot;\[c8y/s/dat\] 71,&quot;
07:23:27 INFO  
</system-out>
	</testcase>
</testsuite>
