<?xml version="1.0" encoding="utf-8"?>
<testsuite failures="0" name="apt_install_local_file_with_version" skipped="1" tests="1" time="0.03" timestamp="2022-06-16T14:07:43">
	<testcase classname="AptPluginInstallFromLocalFileWithVersion" name="apt_install_local_file_with_version">
		<skipped message="SKIPPED: Testing the apt plugin is not supported on this platform.To run the tests call PySys with -XmyPlatform='container'"/>
		<system-out>14:07:43 INFO  ==============================================================
14:07:43 INFO  Id:    apt_install_local_file_with_version
14:07:43 INFO  Dir:   plugin_apt/
14:07:43 INFO  Title: Validate apt plugin install from local file AND with a version - SUCCESS case
14:07:43 INFO  ==============================================================
14:07:43 INFO  Testing the apt plugin is not supported on this platform.To run the tests call PySys with -XmyPlatform='container' ... skipped
14:07:43 WARN  Aborted test due to SKIPPED outcome
14:07:43 INFO  
14:07:43 INFO  Test duration: 0.03 secs
14:07:43 INFO  Test final outcome:  SKIPPED
14:07:43 INFO  Test outcome reason: Testing the apt plugin is not supported on this platform.To run the tests call PySys with -XmyPlatform='container'
14:07:43 INFO  
</system-out>
	</testcase>
</testsuite>
