<?xml version="1.0" encoding="utf-8"?>
<testsuite failures="1" name="monitoring_smaller_interval" skipped="0" tests="1" time="15.51" timestamp="2022-06-22T18:46:38">
	<testcase classname="MonitoringSmallInterval" name="monitoring_smaller_interval">
		<failure message="BLOCKED: TypeError: 'int' object is not subscriptable" type="BLOCKED"/>
		<system-out>18:46:22 INFO  ==============================================================
18:46:22 INFO  Id:    monitoring_smaller_interval
18:46:22 INFO  Dir:   monitoring/
18:46:22 INFO  Title: Validate the tedge dm agent messages that are produced with smaller sampling interval than the batching window. Here the simulated collectd messages are used
18:46:22 INFO  ==============================================================
18:46:23 INFO  Executed sudo&lt;collectd&gt;, exit status 0
18:46:23 INFO  Executed sudo&lt;collectd_mapper&gt;, exit status 0
18:46:23 INFO  Started sudo&lt;tedge_sub&gt; with process id 8905
18:46:24 INFO  Executed sudo&lt;tedge_temp&gt;, exit status 0
18:46:24 INFO  Executed sudo&lt;tedge_pres&gt;, exit status 0
18:46:25 INFO  Executed sudo&lt;tedge_temp&gt;, exit status 0
18:46:26 INFO  Executed sudo&lt;tedge_pres&gt;, exit status 0
18:46:26 INFO  Executed sudo&lt;tedge_temp&gt;, exit status 0
18:46:27 INFO  Executed sudo&lt;tedge_pres&gt;, exit status 0
18:46:27 INFO  Executed sudo&lt;tedge_temp&gt;, exit status 0
18:46:28 INFO  Executed sudo&lt;tedge_pres&gt;, exit status 0
18:46:28 INFO  Executed sudo&lt;tedge_temp&gt;, exit status 0
18:46:29 INFO  Executed sudo&lt;tedge_pres&gt;, exit status 0
18:46:30 INFO  Executed sudo&lt;tedge_temp&gt;, exit status 0
18:46:30 INFO  Executed sudo&lt;tedge_pres&gt;, exit status 0
18:46:31 INFO  Executed sudo&lt;tedge_temp&gt;, exit status 0
18:46:31 INFO  Executed sudo&lt;tedge_pres&gt;, exit status 0
18:46:32 INFO  Executed sudo&lt;tedge_temp&gt;, exit status 0
18:46:32 INFO  Executed sudo&lt;tedge_pres&gt;, exit status 0
18:46:33 INFO  Executed sudo&lt;tedge_temp&gt;, exit status 0
18:46:34 INFO  Executed sudo&lt;tedge_pres&gt;, exit status 0
18:46:35 INFO  Executed sudo&lt;tedge_temp&gt;, exit status 0
18:46:35 INFO  Executed sudo&lt;tedge_pres&gt;, exit status 0
18:46:37 INFO  Executed sudo&lt;kill_out&gt;, exit status 0
18:46:37 INFO  0

18:46:37 WARN  TypeError occurred while running test - 'int' object is not subscriptable
Traceback (most recent call last):
  File &quot;/home/pi/env-pysys/lib/python3.7/site-packages/pysys/baserunner.py&quot;, line 1296, in __call__
    self.testObj.validate()
  File &quot;/home/pi/actions-runner/_work/thin-edge.io/thin-edge.io/tests/PySys/monitoring/monitoring_smaller_interval/run.py&quot;, line 104, in validate
    collectd_msg_validation_result=self.validate_json(),
  File &quot;/home/pi/actions-runner/_work/thin-edge.io/thin-edge.io/tests/PySys/monitoring/monitoring_smaller_interval/run.py&quot;, line 114, in validate_json
    if not self.validate_time():
  File &quot;/home/pi/actions-runner/_work/thin-edge.io/thin-edge.io/tests/PySys/monitoring/monitoring_smaller_interval/run.py&quot;, line 134, in validate_time
    if self.js_msg[&quot;time&quot;]:
TypeError: 'int' object is not subscriptable
18:46:37 WARN  TypeError: 'int' object is not subscriptable ... blocked 
18:46:37 INFO  
18:46:37 INFO  cleanup:
18:46:37 INFO  monitoring_cleanup
18:46:38 INFO  Executed sudo&lt;collectd_mapper&gt;, exit status 0
18:46:38 INFO  
18:46:38 INFO  Test duration: 15.51 secs
18:46:38 INFO  Test final outcome:  BLOCKED
18:46:38 INFO  Test outcome reason: TypeError: 'int' object is not subscriptable
18:46:38 INFO  
</system-out>
	</testcase>
</testsuite>
