<?xml version="1.0" encoding="utf-8"?>
<testsuite failures="0" name="call_tedge_-V" skipped="0" tests="1" time="0.54" timestamp="2022-07-25T15:13:18">
	<testcase classname="PySysTest" name="call_tedge_-V"/>
</testsuite>
