<?xml version="1.0" encoding="utf-8"?>
<testsuite failures="0" name="custom_init_system" skipped="0" tests="1" time="28.96" timestamp="2022-07-21T16:20:25">
	<testcase classname="CustomInitSystem" name="custom_init_system"/>
</testsuite>
