<?xml version="1.0" encoding="utf-8"?>
<testsuite failures="0" name="apt_sequence_install_with_version" skipped="1" tests="1" time="0.02" timestamp="2022-05-20T13:21:32">
	<testcase classname="AptPluginPrepInstallWithVersionFinalize" name="apt_sequence_install_with_version">
		<skipped message="SKIPPED: Testing the apt plugin is not supported on this platform.To run the tests call PySys with -XmyPlatform='container'"/>
		<system-out>13:21:32 INFO  ==============================================================
13:21:32 INFO  Id:    apt_sequence_install_with_version
13:21:32 INFO  Dir:   plugin_apt/
13:21:32 INFO  Title: Validate apt plugin install with version use case
13:21:32 INFO  ==============================================================
13:21:32 INFO  Testing the apt plugin is not supported on this platform.To run the tests call PySys with -XmyPlatform='container' ... skipped
13:21:32 WARN  Aborted test due to SKIPPED outcome
13:21:32 INFO  
13:21:32 INFO  Test duration: 0.02 secs
13:21:32 INFO  Test final outcome:  SKIPPED
13:21:32 INFO  Test outcome reason: Testing the apt plugin is not supported on this platform.To run the tests call PySys with -XmyPlatform='container'
13:21:32 INFO  
</system-out>
	</testcase>
</testsuite>
