<?xml version="1.0" encoding="utf-8"?>
<testsuite failures="0" name="smoketest_json" skipped="0" tests="1" time="44.9" timestamp="2022-06-10T13:04:54">
	<testcase classname="SmokeTestJson" name="smoketest_json"/>
</testsuite>
