<?xml version="1.0" encoding="utf-8"?>
<testsuite failures="1" name="monitoring_smaller_interval" skipped="0" tests="1" time="14.96" timestamp="2022-06-10T09:12:11">
	<testcase classname="MonitoringSmallInterval" name="monitoring_smaller_interval">
		<failure message="BLOCKED: TypeError: 'int' object is not subscriptable" type="BLOCKED"/>
		<system-out>09:11:56 INFO  ==============================================================
09:11:56 INFO  Id:    monitoring_smaller_interval
09:11:56 INFO  Dir:   monitoring/
09:11:56 INFO  Title: Validate the tedge dm agent messages that are produced with smaller sampling interval than the batching window. Here the simulated collectd messages are used
09:11:56 INFO  ==============================================================
09:11:57 INFO  Executed sudo&lt;collectd&gt;, exit status 0
09:11:58 INFO  Executed sudo&lt;collectd_mapper&gt;, exit status 0
09:11:58 INFO  Started sudo&lt;tedge_sub&gt; with process id 14602
09:11:58 INFO  Executed sudo&lt;tedge_temp&gt;, exit status 0
09:11:59 INFO  Executed sudo&lt;tedge_pres&gt;, exit status 0
09:11:59 INFO  Executed sudo&lt;tedge_temp&gt;, exit status 0
09:12:00 INFO  Executed sudo&lt;tedge_pres&gt;, exit status 0
09:12:01 INFO  Executed sudo&lt;tedge_temp&gt;, exit status 0
09:12:01 INFO  Executed sudo&lt;tedge_pres&gt;, exit status 0
09:12:02 INFO  Executed sudo&lt;tedge_temp&gt;, exit status 0
09:12:02 INFO  Executed sudo&lt;tedge_pres&gt;, exit status 0
09:12:03 INFO  Executed sudo&lt;tedge_temp&gt;, exit status 0
09:12:03 INFO  Executed sudo&lt;tedge_pres&gt;, exit status 0
09:12:04 INFO  Executed sudo&lt;tedge_temp&gt;, exit status 0
09:12:05 INFO  Executed sudo&lt;tedge_pres&gt;, exit status 0
09:12:05 INFO  Executed sudo&lt;tedge_temp&gt;, exit status 0
09:12:06 INFO  Executed sudo&lt;tedge_pres&gt;, exit status 0
09:12:06 INFO  Executed sudo&lt;tedge_temp&gt;, exit status 0
09:12:07 INFO  Executed sudo&lt;tedge_pres&gt;, exit status 0
09:12:07 INFO  Executed sudo&lt;tedge_temp&gt;, exit status 0
09:12:08 INFO  Executed sudo&lt;tedge_pres&gt;, exit status 0
09:12:09 INFO  Executed sudo&lt;tedge_temp&gt;, exit status 0
09:12:09 INFO  Executed sudo&lt;tedge_pres&gt;, exit status 0
09:12:11 INFO  Executed sudo&lt;kill_out&gt;, exit status 0
09:12:11 INFO  0

09:12:11 WARN  TypeError occurred while running test - 'int' object is not subscriptable
Traceback (most recent call last):
  File &quot;/home/pi/env-pysys/lib/python3.7/site-packages/pysys/baserunner.py&quot;, line 1296, in __call__
    self.testObj.validate()
  File &quot;/home/pi/actions-runner/_work/thin-edge.io/thin-edge.io/tests/PySys/monitoring/monitoring_smaller_interval/run.py&quot;, line 104, in validate
    collectd_msg_validation_result=self.validate_json(),
  File &quot;/home/pi/actions-runner/_work/thin-edge.io/thin-edge.io/tests/PySys/monitoring/monitoring_smaller_interval/run.py&quot;, line 114, in validate_json
    if not self.validate_time():
  File &quot;/home/pi/actions-runner/_work/thin-edge.io/thin-edge.io/tests/PySys/monitoring/monitoring_smaller_interval/run.py&quot;, line 134, in validate_time
    if self.js_msg[&quot;time&quot;]:
TypeError: 'int' object is not subscriptable
09:12:11 WARN  TypeError: 'int' object is not subscriptable ... blocked 
09:12:11 INFO  
09:12:11 INFO  cleanup:
09:12:11 INFO  monitoring_cleanup
09:12:11 INFO  Executed sudo&lt;collectd_mapper&gt;, exit status 0
09:12:11 INFO  
09:12:11 INFO  Test duration: 14.96 secs
09:12:11 INFO  Test final outcome:  BLOCKED
09:12:11 INFO  Test outcome reason: TypeError: 'int' object is not subscriptable
09:12:11 INFO  
</system-out>
	</testcase>
</testsuite>
