<?xml version="1.0" encoding="utf-8"?>
<testsuite failures="0" name="docker_plugin_update" skipped="1" tests="1" time="0.04" timestamp="2022-07-22T03:51:11">
	<testcase classname="DockerPluginUpdateTest" name="docker_plugin_update">
		<skipped message="SKIPPED: Testing the docker plugin is not supported on this platform.To run it, all the test with -XmyPlatform='container'"/>
		<system-out>03:51:11 INFO  ==============================================================
03:51:11 INFO  Id:    docker_plugin_update
03:51:11 INFO  Dir:   plugin_docker/
03:51:11 INFO  Title: Validate docker plugin install updates existing containers
03:51:11 INFO  ==============================================================
03:51:11 INFO  Testing the docker plugin is not supported on this platform.To run it, all the test with -XmyPlatform='container' ... skipped
03:51:11 WARN  Aborted test due to SKIPPED outcome
03:51:11 INFO  
03:51:11 INFO  Test duration: 0.04 secs
03:51:11 INFO  Test final outcome:  SKIPPED
03:51:11 INFO  Test outcome reason: Testing the docker plugin is not supported on this platform.To run it, all the test with -XmyPlatform='container'
03:51:11 INFO  
</system-out>
	</testcase>
</testsuite>
