<?xml version="1.0" encoding="utf-8"?>
<testsuite failures="0" name="sm_tedge_mapper_init_session" skipped="0" tests="1" time="34.84" timestamp="2022-06-20T16:51:12">
	<testcase classname="TedgeSMMapperInitSession" name="sm_tedge_mapper_init_session"/>
</testsuite>
