<?xml version="1.0" encoding="utf-8"?>
<testsuite failures="0" name="mqtt_port_change_connection_fails" skipped="0" tests="1" time="1.63" timestamp="2022-06-02T08:33:55">
	<testcase classname="MqttPortChangeConnectionFails" name="mqtt_port_change_connection_fails"/>
</testsuite>
