<?xml version="1.0" encoding="utf-8"?>
<testsuite failures="1" name="agent_init_session" skipped="0" tests="1" time="5.87" timestamp="2022-05-25T11:02:30">
	<testcase classname="AgentInitSession" name="agent_init_session">
		<failure message="FAILED: Grep on sub_resp.out contains &quot;Ld3KgqpcLDlrYH6sfpG7w&quot;" type="FAILED"/>
		<system-out>11:02:24 INFO  ==============================================================
11:02:24 INFO  Id:    agent_init_session
11:02:24 INFO  Dir:   tedge_agent/
11:02:24 INFO  Title: Validate tedge agent init session feature
11:02:24 INFO  ==============================================================
11:02:25 INFO  Executed sudo&lt;remove_lock&gt;, exit status 0
11:02:25 INFO  Executed sudo&lt;agent_clear&gt;, exit status 0
11:02:26 INFO  Executed sudo&lt;agent_init&gt;, exit status 0
11:02:26 INFO  Executed sudo&lt;pub_req&gt;, exit status 0
11:02:26 INFO  Started sudo&lt;sub_resp&gt; with process id 7202
11:02:27 INFO  Executed sudo&lt;agent_start&gt;, exit status 0
11:02:27 INFO  Waiting for 2.0 seconds
11:02:30 INFO  Executed sudo&lt;agent_stop&gt;, exit status 0
11:02:30 INFO  Executed sudo&lt;sub_stop&gt;, exit status 0
11:02:30 WARN  Grep on sub_resp.out contains &quot;Ld3KgqpcLDlrYH6sfpG7w&quot; ... failed [run.py:87]
11:02:30 INFO  
11:02:30 INFO  Test duration: 5.87 secs
11:02:30 INFO  Test final outcome:  FAILED
11:02:30 INFO  Test outcome reason: Grep on sub_resp.out contains &quot;Ld3KgqpcLDlrYH6sfpG7w&quot;
11:02:30 INFO  
</system-out>
	</testcase>
</testsuite>
