<?xml version="1.0" encoding="utf-8"?>
<testsuite failures="0" name="apt_remove_fail" skipped="1" tests="1" time="0.02" timestamp="2022-07-13T11:35:45">
	<testcase classname="AptPluginRemoveFails" name="apt_remove_fail">
		<skipped message="SKIPPED: Testing the apt plugin is not supported on this platform.To run the tests call PySys with -XmyPlatform='container'"/>
		<system-out>11:35:45 INFO  ==============================================================
11:35:45 INFO  Id:    apt_remove_fail
11:35:45 INFO  Dir:   plugin_apt/
11:35:45 INFO  Title: Validate apt plugin prepare - failing
11:35:45 INFO  ==============================================================
11:35:45 INFO  Testing the apt plugin is not supported on this platform.To run the tests call PySys with -XmyPlatform='container' ... skipped
11:35:45 WARN  Aborted test due to SKIPPED outcome
11:35:45 INFO  
11:35:45 INFO  Test duration: 0.02 secs
11:35:45 INFO  Test final outcome:  SKIPPED
11:35:45 INFO  Test outcome reason: Testing the apt plugin is not supported on this platform.To run the tests call PySys with -XmyPlatform='container'
11:35:45 INFO  
</system-out>
	</testcase>
</testsuite>
