<?xml version="1.0" encoding="utf-8"?>
<testsuite failures="1" name="mapper_awaits_before_reconnect" skipped="0" tests="1" time="9.7" timestamp="2022-06-20T15:11:30">
	<testcase classname="MapperReconnectAwait" name="mapper_awaits_before_reconnect">
		<failure message="FAILED: Line count on tedge_mapper_journal.out for &quot;tedge_mapper::core::mapper: MQTT connection error:&quot; expected &gt;=2 but got 0" type="FAILED"/>
		<system-out>15:11:20 INFO  ==============================================================
15:11:20 INFO  Id:    mapper_awaits_before_reconnect
15:11:20 INFO  Dir:   tedge_mapper_c8y/
15:11:20 INFO  Title: Validate mapper doesn't reconnect too often
15:11:20 INFO  ==============================================================
15:11:20 INFO  Started mosquitto_sub with process id 10655
15:11:20 INFO  Waiting for 0.1 seconds
15:11:21 INFO  Executed sudo&lt;tedge_mapper&gt;, exit status 0
15:11:21 INFO  Waiting for 5.0 seconds
15:11:27 INFO  Executed sudo&lt;tedge_mapper&gt;, exit status 0
15:11:30 INFO  Executed sudo&lt;tedge_mapper_journal&gt;, exit status 0
15:11:30 WARN  Grep on tedge_mapper_journal.out contains &quot;ERROR&quot; ... failed [run.py:67]
15:11:30 INFO  Line count on file tedge_mapper_journal.out ... passed
15:11:30 WARN  Line count on tedge_mapper_journal.out for &quot;tedge_mapper::core::mapper: MQTT connection error:&quot; expected &gt;=2 but got 0 ... failed [run.py:78]
15:11:30 WARN  Aborted test due to FAILED outcome
15:11:30 INFO  
15:11:30 INFO  Test duration: 9.70 secs
15:11:30 INFO  Test final outcome:  FAILED
15:11:30 INFO  Test outcome reason: Line count on tedge_mapper_journal.out for &quot;tedge_mapper::core::mapper: MQTT connection error:&quot; expected &gt;=2 but got 0
15:11:30 INFO  
</system-out>
	</testcase>
</testsuite>
