<?xml version="1.0" encoding="utf-8"?>
<testsuite failures="0" name="tedge_mapper_az_with_timestamp" skipped="0" tests="1" time="2.33" timestamp="2022-07-26T16:28:42">
	<testcase classname="TedgeMapperAzWithTimestamp" name="tedge_mapper_az_with_timestamp"/>
</testsuite>
