<?xml version="1.0" encoding="utf-8"?>
<testsuite failures="1" name="valid_device_id" skipped="0" tests="1" time="10.84" timestamp="2022-07-16T11:29:59">
	<testcase classname="ValidateValidDeviceId" name="valid_device_id">
		<failure message="BLOCKED: sudo&lt;tedge_connect_c8y&gt; returned non-zero exit code 1" type="BLOCKED"/>
		<system-out>11:29:49 INFO  ==============================================================
11:29:49 INFO  Id:    valid_device_id
11:29:49 INFO  Dir:   misc_features/
11:29:49 INFO  Title: Valid device ID
11:29:49 INFO  ==============================================================
11:29:49 INFO  Executed sudo&lt;tedge_disconnect_c8y&gt;, exit status 0
11:29:50 INFO  Executed sudo&lt;create_cert_dir&gt;, exit status 0
11:29:50 INFO  Executed sudo&lt;change_owner_of_dir&gt;, exit status 0
11:29:51 INFO  Executed sudo&lt;set_cert_path&gt;, exit status 0
11:29:51 INFO  Executed sudo&lt;set_key_path&gt;, exit status 0
11:29:52 INFO  Executed sudo&lt;cert_create&gt;, exit status 0
11:29:54 INFO  Executed sudo&lt;cert_upload&gt;, exit status 0
11:29:57 WARN  Executed sudo&lt;tedge_connect_c8y&gt;, exit status 1
11:29:57 INFO  Contents of tedge_connect_c8y.err: 
  ERROR: MqttState(Io(Custom { kind: ConnectionAborted, error: &quot;connection closed by peer&quot; }))
  Error: failed to connect Cumulocity cloud.
  Caused by:
      Connection check failed
  -----

11:29:57 WARN  sudo&lt;tedge_connect_c8y&gt; returned non-zero exit code 1 ... blocked [environment_tedge.py:58,run.py:100]
11:29:57 WARN  Aborted test due to BLOCKED outcome
11:29:57 INFO  
11:29:57 INFO  cleanup:
11:29:58 INFO  Executed sudo&lt;tedge_disconnect_c8y&gt;, exit status 0
11:29:58 INFO  Executed sudo&lt;unset_cert_path&gt;, exit status 0
11:29:59 INFO  Executed sudo&lt;unset_key_path&gt;, exit status 0
11:29:59 INFO  Executed sudo&lt;remove_cert_dir&gt;, exit status 0
11:29:59 INFO  
11:29:59 INFO  Test duration: 10.84 secs
11:29:59 INFO  Test final outcome:  BLOCKED
11:29:59 INFO  Test outcome reason: sudo&lt;tedge_connect_c8y&gt; returned non-zero exit code 1
11:29:59 INFO  
</system-out>
	</testcase>
</testsuite>
