<?xml version="1.0" encoding="utf-8"?>
<testsuite failures="0" name="SoftwareManagement.sm_apt_install_fail" skipped="1" tests="1" time="0.02" timestamp="2022-07-25T15:13:16">
	<testcase classname="PySysTest" name="SoftwareManagement.sm_apt_install_fail">
		<skipped message="SKIPPED: Testing the apt plugin is not supported on this platform.Use parameter -XmyPlatform='container' to enable it"/>
		<system-out>15:13:16 INFO  ==============================================================
15:13:16 INFO  Id:    SoftwareManagement.sm_apt_install_fail
15:13:16 INFO  Dir:   software_management_end_to_end/
15:13:16 INFO  Title: Validate end to end behaviour for a failing installation
15:13:16 INFO  ==============================================================
15:13:16 INFO  Testing the apt plugin is not supported on this platform.Use parameter -XmyPlatform='container' to enable it ... skipped
15:13:16 WARN  Aborted test due to SKIPPED outcome
15:13:16 INFO  
15:13:16 INFO  Test duration: 0.02 secs
15:13:16 INFO  Test final outcome:  SKIPPED
15:13:16 INFO  Test outcome reason: Testing the apt plugin is not supported on this platform.Use parameter -XmyPlatform='container' to enable it
15:13:16 INFO  
</system-out>
	</testcase>
</testsuite>
