<?xml version="1.0" encoding="utf-8"?>
<testsuite failures="0" name="docker_plugin_update" skipped="1" tests="1" time="0.02" timestamp="2022-07-20T12:52:45">
	<testcase classname="DockerPluginUpdateTest" name="docker_plugin_update">
		<skipped message="SKIPPED: Testing the docker plugin is not supported on this platform.To run it, all the test with -XmyPlatform='container'"/>
		<system-out>12:52:45 INFO  ==============================================================
12:52:45 INFO  Id:    docker_plugin_update
12:52:45 INFO  Dir:   plugin_docker/
12:52:45 INFO  Title: Validate docker plugin install updates existing containers
12:52:45 INFO  ==============================================================
12:52:45 INFO  Testing the docker plugin is not supported on this platform.To run it, all the test with -XmyPlatform='container' ... skipped
12:52:45 WARN  Aborted test due to SKIPPED outcome
12:52:45 INFO  
12:52:45 INFO  Test duration: 0.02 secs
12:52:45 INFO  Test final outcome:  SKIPPED
12:52:45 INFO  Test outcome reason: Testing the docker plugin is not supported on this platform.To run it, all the test with -XmyPlatform='container'
12:52:45 INFO  
</system-out>
	</testcase>
</testsuite>
