<?xml version="1.0" encoding="utf-8"?>
<testsuite failures="0" name="apt_update_list" skipped="1" tests="1" time="0.02" timestamp="2022-07-22T14:18:35">
	<testcase classname="AptPluginUpdateList" name="apt_update_list">
		<skipped message="SKIPPED: Testing the apt plugin is not supported on this platform.To run the tests call PySys with -XmyPlatform='container'"/>
		<system-out>14:18:35 INFO  ==============================================================
14:18:35 INFO  Id:    apt_update_list
14:18:35 INFO  Dir:   plugin_apt/
14:18:35 INFO  Title: Validate apt plugin update-list command use case
14:18:35 INFO  ==============================================================
14:18:35 INFO  Testing the apt plugin is not supported on this platform.To run the tests call PySys with -XmyPlatform='container' ... skipped
14:18:35 WARN  Aborted test due to SKIPPED outcome
14:18:35 INFO  
14:18:35 INFO  Test duration: 0.02 secs
14:18:35 INFO  Test final outcome:  SKIPPED
14:18:35 INFO  Test outcome reason: Testing the apt plugin is not supported on this platform.To run the tests call PySys with -XmyPlatform='container'
14:18:35 INFO  
</system-out>
	</testcase>
</testsuite>
