<?xml version="1.0" encoding="utf-8"?>
<testsuite failures="0" name="apt_install_local_file_fail" skipped="1" tests="1" time="0.02" timestamp="2022-06-10T09:12:17">
	<testcase classname="AptPluginInstallFromLocalFileFail" name="apt_install_local_file_fail">
		<skipped message="SKIPPED: Testing the apt plugin is not supported on this platform.To run the tests call PySys with -XmyPlatform='container'"/>
		<system-out>09:12:17 INFO  ==============================================================
09:12:17 INFO  Id:    apt_install_local_file_fail
09:12:17 INFO  Dir:   plugin_apt/
09:12:17 INFO  Title: Validate apt plugin install from local file - FAIL case
09:12:17 INFO  ==============================================================
09:12:17 INFO  Testing the apt plugin is not supported on this platform.To run the tests call PySys with -XmyPlatform='container' ... skipped
09:12:17 WARN  Aborted test due to SKIPPED outcome
09:12:17 INFO  
09:12:17 INFO  Test duration: 0.02 secs
09:12:17 INFO  Test final outcome:  SKIPPED
09:12:17 INFO  Test outcome reason: Testing the apt plugin is not supported on this platform.To run the tests call PySys with -XmyPlatform='container'
09:12:17 INFO  
</system-out>
	</testcase>
</testsuite>
