<?xml version="1.0" encoding="utf-8"?>
<testsuite failures="0" name="tedge_agent_user_sudo_access" skipped="1" tests="1" time="0.06" timestamp="2022-07-20T10:55:23">
	<testcase classname="TedgeAgentUserSudoAccess" name="tedge_agent_user_sudo_access">
		<skipped message="SKIPPED: #955 Observation: Exit code of the apt plugin when called with no arguments"/>
		<system-out>10:55:23 INFO  ==============================================================
10:55:23 INFO  Id:    tedge_agent_user_sudo_access
10:55:23 INFO  Dir:   tedge/
10:55:23 INFO  Title: Validate tedge-agent user has a limited sudo right
10:55:23 INFO  ==============================================================
10:55:23 INFO  #955 Observation: Exit code of the apt plugin when called with no arguments ... skipped
10:55:23 INFO  
10:55:23 INFO  Test duration: 0.06 secs
10:55:23 INFO  Test final outcome:  SKIPPED
10:55:23 INFO  Test outcome reason: #955 Observation: Exit code of the apt plugin when called with no arguments
10:55:23 INFO  
</system-out>
	</testcase>
</testsuite>
