<?xml version="1.0" encoding="utf-8"?>
<testsuite failures="0" name="smoketest_json" skipped="0" tests="1" time="49.86" timestamp="2022-06-15T10:58:21">
	<testcase classname="SmokeTestJson" name="smoketest_json"/>
</testsuite>
