<?xml version="1.0" encoding="utf-8"?>
<testsuite failures="0" name="SoftwareManagement.Plugin.apama_plugin_remove" skipped="1" tests="1" time="0.02" timestamp="2022-07-21T21:27:53">
	<testcase classname="ApamaPluginRemoveTest" name="SoftwareManagement.Plugin.apama_plugin_remove">
		<skipped message="SKIPPED: Apama plugin tests are disabled by default. Execute `pysys run` with `-XmyPlatform=container` to run these tests"/>
		<system-out>21:27:53 INFO  ==============================================================
21:27:53 INFO  Id:    SoftwareManagement.Plugin.apama_plugin_remove
21:27:53 INFO  Dir:   plugin_apama/
21:27:53 INFO  Title: Validate apama plugin remove
21:27:53 INFO  ==============================================================
21:27:53 INFO  Apama plugin tests are disabled by default. Execute `pysys run` with `-XmyPlatform=container` to run these tests ... skipped
21:27:53 WARN  Aborted test due to SKIPPED outcome
21:27:53 INFO  
21:27:53 INFO  Test duration: 0.02 secs
21:27:53 INFO  Test final outcome:  SKIPPED
21:27:53 INFO  Test outcome reason: Apama plugin tests are disabled by default. Execute `pysys run` with `-XmyPlatform=container` to run these tests
21:27:53 INFO  
</system-out>
	</testcase>
</testsuite>
