<?xml version="1.0" encoding="utf-8"?>
<testsuite failures="0" name="SoftwareManagement.sm_fake_install_remove_multiple" skipped="1" tests="1" time="0.02" timestamp="2022-07-22T02:09:34">
	<testcase classname="PySysTest" name="SoftwareManagement.sm_fake_install_remove_multiple">
		<skipped message="SKIPPED: Testing the fake plugin is not enabled.Use parameter -Xfakeplugin=fakeplugin to enable it"/>
		<system-out>02:09:34 INFO  ==============================================================
02:09:34 INFO  Id:    SoftwareManagement.sm_fake_install_remove_multiple
02:09:34 INFO  Dir:   software_management_end_to_end/
02:09:34 INFO  Title: Validate end to end behaviour for the dummy-plugin for multiple packages
02:09:34 INFO  ==============================================================
02:09:34 INFO  Testing the fake plugin is not enabled.Use parameter -Xfakeplugin=fakeplugin to enable it ... skipped
02:09:34 WARN  Aborted test due to SKIPPED outcome
02:09:34 INFO  
02:09:34 INFO  Test duration: 0.02 secs
02:09:34 INFO  Test final outcome:  SKIPPED
02:09:34 INFO  Test outcome reason: Testing the fake plugin is not enabled.Use parameter -Xfakeplugin=fakeplugin to enable it
02:09:34 INFO  
</system-out>
	</testcase>
</testsuite>
