<?xml version="1.0" encoding="utf-8"?>
<testsuite failures="0" name="apt_sequence_remove_with_version_fail" skipped="1" tests="1" time="0.29" timestamp="2022-05-20T09:35:33">
	<testcase classname="AptPluginRemoveWithVersionFails" name="apt_sequence_remove_with_version_fail">
		<skipped message="SKIPPED: Testing the apt plugin is not supported on this platform.To run the tests call PySys with -XmyPlatform='container'"/>
		<system-out>09:35:33 INFO  ==============================================================
09:35:33 INFO  Id:    apt_sequence_remove_with_version_fail
09:35:33 INFO  Dir:   plugin_apt/
09:35:33 INFO  Title: Validate apt plugin remove with version fails when the version not found
09:35:33 INFO  ==============================================================
09:35:33 INFO  Testing the apt plugin is not supported on this platform.To run the tests call PySys with -XmyPlatform='container' ... skipped
09:35:33 WARN  Aborted test due to SKIPPED outcome
09:35:33 INFO  
09:35:33 INFO  Test duration: 0.29 secs
09:35:33 INFO  Test final outcome:  SKIPPED
09:35:33 INFO  Test outcome reason: Testing the apt plugin is not supported on this platform.To run the tests call PySys with -XmyPlatform='container'
09:35:33 INFO  
</system-out>
	</testcase>
</testsuite>
