<?xml version="1.0" encoding="utf-8"?>
<testsuite failures="0" name="tedge_software_update" skipped="0" tests="1" time="25.95" timestamp="2022-06-10T09:22:47">
	<testcase classname="PySysTest" name="tedge_software_update"/>
</testsuite>
