<?xml version="1.0" encoding="utf-8"?>
<testsuite failures="0" name="SoftwareManagement.sm_apt_install_download_path" skipped="1" tests="1" time="0.07" timestamp="2022-05-25T12:53:25">
	<testcase classname="AptInstallWithDownloadPath" name="SoftwareManagement.sm_apt_install_download_path">
		<skipped message="SKIPPED: Testing the apt plugin is not supported on this platform.Use parameter -XmyPlatform='container' to enable it"/>
		<system-out>12:53:25 INFO  ==============================================================
12:53:25 INFO  Id:    SoftwareManagement.sm_apt_install_download_path
12:53:25 INFO  Dir:   software_management_end_to_end/
12:53:25 INFO  Title: Install package to directory specified in tedge config set tmp.path
12:53:25 INFO  ==============================================================
12:53:25 INFO  Testing the apt plugin is not supported on this platform.Use parameter -XmyPlatform='container' to enable it ... skipped
12:53:25 WARN  Aborted test due to SKIPPED outcome
12:53:25 INFO  
12:53:25 INFO  Test duration: 0.07 secs
12:53:25 INFO  Test final outcome:  SKIPPED
12:53:25 INFO  Test outcome reason: Testing the apt plugin is not supported on this platform.Use parameter -XmyPlatform='container' to enable it
12:53:25 INFO  
</system-out>
	</testcase>
</testsuite>
