<?xml version="1.0" encoding="utf-8"?>
<testsuite failures="1" name="monitoring_with_simulated_messages" skipped="0" tests="1" time="4.39" timestamp="2022-07-25T08:30:55">
	<testcase classname="MonitoringWithSimulatedMessages" name="monitoring_with_simulated_messages">
		<failure message="BLOCKED: TypeError: 'int' object is not subscriptable" type="BLOCKED"/>
		<system-out>08:30:51 INFO  ==============================================================
08:30:51 INFO  Id:    monitoring_with_simulated_messages
08:30:51 INFO  Dir:   monitoring/
08:30:51 INFO  Title: Validate the tedge dm agent messages that are produced from the simulated collectd messages
08:30:51 INFO  ==============================================================
08:30:52 INFO  Executed sudo&lt;collectd&gt;, exit status 0
08:30:52 INFO  Executed sudo&lt;collectd_mapper&gt;, exit status 0
08:30:52 INFO  Started sudo&lt;tedge_sub&gt; with process id 28266
08:30:53 INFO  Executed sudo&lt;tedge_temp&gt;, exit status 0
08:30:53 INFO  Executed sudo&lt;tedge_pres&gt;, exit status 0
08:30:55 INFO  Executed sudo&lt;kill_out&gt;, exit status 0
08:30:55 INFO  0

08:30:55 WARN  TypeError occurred while running test - 'int' object is not subscriptable
Traceback (most recent call last):
  File &quot;/home/pi/env-pysys/lib/python3.7/site-packages/pysys/baserunner.py&quot;, line 1296, in __call__
    self.testObj.validate()
  File &quot;/home/pi/actions-runner/_work/thin-edge.io/thin-edge.io/tests/PySys/monitoring/monitoring_with_simulated_messages/run.py&quot;, line 98, in validate
    collectd_msg_validation_result=self.validate_json(),
  File &quot;/home/pi/actions-runner/_work/thin-edge.io/thin-edge.io/tests/PySys/monitoring/monitoring_with_simulated_messages/run.py&quot;, line 108, in validate_json
    if not self.validate_time():
  File &quot;/home/pi/actions-runner/_work/thin-edge.io/thin-edge.io/tests/PySys/monitoring/monitoring_with_simulated_messages/run.py&quot;, line 127, in validate_time
    if self.js_msg[&quot;time&quot;]:
TypeError: 'int' object is not subscriptable
08:30:55 WARN  TypeError: 'int' object is not subscriptable ... blocked 
08:30:55 INFO  
08:30:55 INFO  cleanup:
08:30:55 INFO  monitoring_cleanup
08:30:55 INFO  Executed sudo&lt;collectd_mapper&gt;, exit status 0
08:30:55 INFO  
08:30:55 INFO  Test duration: 4.39 secs
08:30:55 INFO  Test final outcome:  BLOCKED
08:30:55 INFO  Test outcome reason: TypeError: 'int' object is not subscriptable
08:30:55 INFO  
</system-out>
	</testcase>
</testsuite>
