<?xml version="1.0" encoding="utf-8"?>
<testsuite failures="0" name="mqtt_port_change_connection_works" skipped="1" tests="1" time="0.02" timestamp="2022-07-22T01:59:08">
	<testcase classname="MqttPortChangeConnectionWorks" name="mqtt_port_change_connection_works">
		<skipped message="SKIPPED: failing intermitently"/>
		<system-out>01:59:08 INFO  ==============================================================
01:59:08 INFO  Id:    mqtt_port_change_connection_works
01:59:08 INFO  Dir:   misc_features/
01:59:08 INFO  Title: mqtt port change connection works for all the thin-edge services that use the mosquitto broker
01:59:08 INFO  ==============================================================
01:59:08 INFO  failing intermitently ... skipped
01:59:08 INFO  
01:59:08 INFO  Test duration: 0.02 secs
01:59:08 INFO  Test final outcome:  SKIPPED
01:59:08 INFO  Test outcome reason: failing intermitently
01:59:08 INFO  
</system-out>
	</testcase>
</testsuite>
