<?xml version="1.0" encoding="utf-8"?>
<testsuite failures="0" name="docker_plugin_install" skipped="1" tests="1" time="0.02" timestamp="2022-07-16T11:30:24">
	<testcase classname="DockerPluginInstallTest" name="docker_plugin_install">
		<skipped message="SKIPPED: Testing the docker plugin is not supported on this platform.To run it, all the test with -XmyPlatform='container'"/>
		<system-out>11:30:24 INFO  ==============================================================
11:30:24 INFO  Id:    docker_plugin_install
11:30:24 INFO  Dir:   plugin_docker/
11:30:24 INFO  Title: Validate docker plugin install
11:30:24 INFO  ==============================================================
11:30:24 INFO  Testing the docker plugin is not supported on this platform.To run it, all the test with -XmyPlatform='container' ... skipped
11:30:24 WARN  Aborted test due to SKIPPED outcome
11:30:24 INFO  
11:30:24 INFO  Test duration: 0.02 secs
11:30:24 INFO  Test final outcome:  SKIPPED
11:30:24 INFO  Test outcome reason: Testing the docker plugin is not supported on this platform.To run it, all the test with -XmyPlatform='container'
11:30:24 INFO  
</system-out>
	</testcase>
</testsuite>
