<?xml version="1.0" encoding="utf-8"?>
<testsuite failures="0" name="apt_finalize" skipped="1" tests="1" time="0.02" timestamp="2022-07-25T13:33:32">
	<testcase classname="AptPluginFinalize" name="apt_finalize">
		<skipped message="SKIPPED: Testing the apt plugin is not supported on this platform.To run the tests call PySys with -XmyPlatform='container'"/>
		<system-out>13:33:32 INFO  ==============================================================
13:33:32 INFO  Id:    apt_finalize
13:33:32 INFO  Dir:   plugin_apt/
13:33:32 INFO  Title: Validate apt plugin finalize - dense version
13:33:32 INFO  ==============================================================
13:33:32 INFO  Testing the apt plugin is not supported on this platform.To run the tests call PySys with -XmyPlatform='container' ... skipped
13:33:32 WARN  Aborted test due to SKIPPED outcome
13:33:32 INFO  
13:33:32 INFO  Test duration: 0.02 secs
13:33:32 INFO  Test final outcome:  SKIPPED
13:33:32 INFO  Test outcome reason: Testing the apt plugin is not supported on this platform.To run the tests call PySys with -XmyPlatform='container'
13:33:32 INFO  
</system-out>
	</testcase>
</testsuite>
