<?xml version="1.0" encoding="utf-8"?>
<testsuite failures="0" name="apt_sequence_install_with_version_fail" skipped="1" tests="1" time="0.02" timestamp="2022-06-22T17:20:13">
	<testcase classname="AptPluginInstallWithVersionFails" name="apt_sequence_install_with_version_fail">
		<skipped message="SKIPPED: Testing the apt plugin is not supported on this platform.To run the tests call PySys with -XmyPlatform='container'"/>
		<system-out>17:20:13 INFO  ==============================================================
17:20:13 INFO  Id:    apt_sequence_install_with_version_fail
17:20:13 INFO  Dir:   plugin_apt/
17:20:13 INFO  Title: Validate apt plugin install with version fails use case
17:20:13 INFO  ==============================================================
17:20:13 INFO  Testing the apt plugin is not supported on this platform.To run the tests call PySys with -XmyPlatform='container' ... skipped
17:20:13 WARN  Aborted test due to SKIPPED outcome
17:20:13 INFO  
17:20:13 INFO  Test duration: 0.02 secs
17:20:13 INFO  Test final outcome:  SKIPPED
17:20:13 INFO  Test outcome reason: Testing the apt plugin is not supported on this platform.To run the tests call PySys with -XmyPlatform='container'
17:20:13 INFO  
</system-out>
	</testcase>
</testsuite>
