<?xml version="1.0" encoding="utf-8"?>
<testsuite failures="0" name="SoftwareManagement.sm_docker_install_remove_multiple" skipped="1" tests="1" time="0.03" timestamp="2022-07-18T16:00:09">
	<testcase classname="SMDockerInstallRemove" name="SoftwareManagement.sm_docker_install_remove_multiple">
		<skipped message="SKIPPED: Testing the apt plugin is not supported on this platform.Use parameter -XmyPlatform='container' to enable it"/>
		<system-out>16:00:09 INFO  ==============================================================
16:00:09 INFO  Id:    SoftwareManagement.sm_docker_install_remove_multiple
16:00:09 INFO  Dir:   software_management_end_to_end/
16:00:09 INFO  Title: Validate end to end behaviour for the docker plugin for multiple docker images with mixed versions
16:00:09 INFO  ==============================================================
16:00:09 INFO  Testing the apt plugin is not supported on this platform.Use parameter -XmyPlatform='container' to enable it ... skipped
16:00:09 WARN  Aborted test due to SKIPPED outcome
16:00:09 INFO  
16:00:09 INFO  Test duration: 0.03 secs
16:00:09 INFO  Test final outcome:  SKIPPED
16:00:09 INFO  Test outcome reason: Testing the apt plugin is not supported on this platform.Use parameter -XmyPlatform='container' to enable it
16:00:09 INFO  
</system-out>
	</testcase>
</testsuite>
