<?xml version="1.0" encoding="utf-8"?>
<testsuite failures="1" name="local_mqtt_pub_sub_retain" skipped="0" tests="1" time="6.71" timestamp="2022-07-21T19:55:25">
	<testcase classname="MqttPublishWithRetain" name="local_mqtt_pub_sub_retain">
		<failure message="FAILED: Grep on temp_sensor_sub.out contains &quot;\[test/alarms/temp_sensor\] alarm msg 2&quot; (+1 other failures)" type="FAILED"/>
		<system-out>19:55:18 INFO  ==============================================================
19:55:18 INFO  Id:    local_mqtt_pub_sub_retain
19:55:18 INFO  Dir:   local_mqtt/
19:55:18 INFO  Title: Validate local publishing with retain flag
19:55:18 INFO  ==============================================================
19:55:19 INFO  Executed tedge&lt;pub_to_set_alarm&gt;, exit status 0
19:55:19 INFO  Executed tedge&lt;pub_to_set_alarm&gt;, exit status 0
19:55:20 INFO  Started tedge&lt;temp_sensor_sub&gt; with process id 18463
19:55:21 INFO  Executed tedge&lt;pub_to_clear_alarm&gt;, exit status 0
19:55:22 INFO  Executed sudo&lt;kill_out&gt;, exit status 0
19:55:23 INFO  Executed tedge&lt;pub_to_clear_alarm&gt;, exit status 0
19:55:23 INFO  Started tedge&lt;temp_sensor_empty_message&gt; with process id 18470
19:55:24 INFO  Executed sudo&lt;kill_out&gt;, exit status 0
19:55:25 WARN  Grep on temp_sensor_sub.out contains &quot;\[test/alarms/temp_sensor\] alarm msg 2&quot; ... failed [run.py:139]
19:55:25 WARN  Grep on temp_sensor_sub.out contains &quot;\[test/alarms/temp_sensor\] &quot; ... failed [run.py:142]
19:55:25 INFO  Grep on file temp_sensor_empty_message.out ... passed
19:55:25 INFO  
19:55:25 INFO  Test duration: 6.71 secs
19:55:25 INFO  Test final outcome:  FAILED
19:55:25 INFO  Test outcome reason: Grep on temp_sensor_sub.out contains &quot;\[test/alarms/temp_sensor\] alarm msg 2&quot; (+1 other failures)
19:55:25 INFO  
</system-out>
	</testcase>
</testsuite>
