<?xml version="1.0" encoding="utf-8"?>
<testsuite failures="1" name="log_request_error_messages" skipped="0" tests="1" time="57.76" timestamp="2022-05-23T14:55:48">
	<testcase classname="LogRequestVerifySearchTextError" name="log_request_error_messages">
		<failure message="BLOCKED: Exception: retry" type="BLOCKED"/>
		<system-out>14:54:51 INFO  ==============================================================
14:54:51 INFO  Id:    log_request_error_messages
14:54:51 INFO  Dir:   log_request_end_to_end/
14:54:51 INFO  Title: Validate end to end behaviour for the log request operation check for error messages
14:54:51 INFO  ==============================================================
14:54:52 INFO  EnvironmentC8y Setup
14:54:53 INFO  Executed systemctl&lt;serv_mapper1&gt;, exit status 3
14:54:53 INFO  Restarting mosquitto too frequently in the last 10 seconds. It was only up for 2 seconds
14:54:53 INFO  Delaying execution by 9 seconds
14:55:16 INFO  Executed sudo&lt;tedge_connect_c8y&gt;, exit status 0, duration 14 secs
14:55:16 INFO  Executed sudo&lt;tedge_connect_c8y_test&gt;, exit status 0
14:55:17 INFO  Executed systemctl&lt;serv_mosq2&gt;, exit status 0
14:55:17 INFO  Executed systemctl&lt;serv_mapper3&gt;, exit status 0
14:55:18 INFO  Executed sudo&lt;rm_logs&gt;, exit status 0
14:55:18 INFO  Executed sudo&lt;move_logs&gt;, exit status 0
14:55:19 INFO  log response None
14:55:19 WARN  retry, retrying in 1 seconds...
14:55:20 INFO  log response None
14:55:20 WARN  retry, retrying in 1 seconds...
14:55:21 INFO  log response None
14:55:21 WARN  retry, retrying in 1 seconds...
14:55:22 INFO  log response None
14:55:22 WARN  retry, retrying in 1 seconds...
14:55:24 INFO  log response None
14:55:24 WARN  retry, retrying in 1 seconds...
14:55:25 INFO  log response None
14:55:25 WARN  retry, retrying in 1 seconds...
14:55:26 INFO  log response None
14:55:26 WARN  retry, retrying in 1 seconds...
14:55:27 INFO  log response None
14:55:27 WARN  retry, retrying in 1 seconds...
14:55:29 INFO  log response None
14:55:29 WARN  retry, retrying in 1 seconds...
14:55:30 INFO  log response None
14:55:30 WARN  retry, retrying in 1 seconds...
14:55:31 INFO  log response None
14:55:31 WARN  retry, retrying in 1 seconds...
14:55:32 INFO  log response None
14:55:32 WARN  retry, retrying in 1 seconds...
14:55:33 INFO  log response None
14:55:33 WARN  retry, retrying in 1 seconds...
14:55:35 INFO  log response None
14:55:35 WARN  retry, retrying in 1 seconds...
14:55:36 INFO  log response None
14:55:36 WARN  retry, retrying in 1 seconds...
14:55:37 INFO  log response None
14:55:37 WARN  retry, retrying in 1 seconds...
14:55:39 INFO  log response None
14:55:39 WARN  retry, retrying in 1 seconds...
14:55:40 INFO  log response None
14:55:40 WARN  retry, retrying in 1 seconds...
14:55:41 INFO  log response None
14:55:41 WARN  retry, retrying in 1 seconds...
14:55:42 INFO  log response None
14:55:42 WARN  Exception occurred while running test - retry
Traceback (most recent call last):
  File &quot;/home/pi/env-pysys/lib/python3.7/site-packages/pysys/baserunner.py&quot;, line 1296, in __call__
    self.testObj.validate()
  File &quot;/home/pi/actions-runner/_work/thin-edge.io/thin-edge.io/tests/PySys/log_request_end_to_end/log_request_error_messages/run.py&quot;, line 43, in validate
    self.assertThat(&quot;True == value&quot;, value=self.wait_until_logs_retrieved())
  File &quot;/home/pi/env-pysys/lib/python3.7/site-packages/decorator.py&quot;, line 232, in fun
    return caller(func, *(extras + args), **kw)
  File &quot;/home/pi/env-pysys/lib/python3.7/site-packages/retry/api.py&quot;, line 74, in retry_decorator
    logger)
  File &quot;/home/pi/env-pysys/lib/python3.7/site-packages/retry/api.py&quot;, line 33, in __retry_internal
    return f()
  File &quot;/home/pi/actions-runner/_work/thin-edge.io/thin-edge.io/tests/PySys/log_request_end_to_end/log_request_error_messages/run.py&quot;, line 52, in wait_until_logs_retrieved
    raise Exception(&quot;retry&quot;)
Exception: retry
14:55:42 WARN  Exception: retry ... blocked 
14:55:42 INFO  
14:55:42 INFO  cleanup:
14:55:43 INFO  Executed sudo&lt;rm_logs&gt;, exit status 0
14:55:43 INFO  Executed sudo&lt;rm_tmp_logs&gt;, exit status 0
14:55:44 INFO  Executed sudo&lt;send_failed&gt;, exit status 0
14:55:48 INFO  Executed sudo&lt;tedge_disconnect_c8y&gt;, exit status 0
14:55:48 INFO  Executed systemctl&lt;serv_mapper5&gt;, exit status 3
14:55:48 INFO  
14:55:48 INFO  Test duration: 57.76 secs
14:55:48 INFO  Test final outcome:  BLOCKED
14:55:48 INFO  Test outcome reason: Exception: retry
14:55:48 INFO  
</system-out>
	</testcase>
</testsuite>
