<?xml version="1.0" encoding="utf-8"?>
<testsuite failures="1" name="monitoring_smaller_interval" skipped="0" tests="1" time="14.82" timestamp="2022-07-25T13:33:27">
	<testcase classname="MonitoringSmallInterval" name="monitoring_smaller_interval">
		<failure message="BLOCKED: TypeError: 'int' object is not subscriptable" type="BLOCKED"/>
		<system-out>13:33:12 INFO  ==============================================================
13:33:12 INFO  Id:    monitoring_smaller_interval
13:33:12 INFO  Dir:   monitoring/
13:33:12 INFO  Title: Validate the tedge dm agent messages that are produced with smaller sampling interval than the batching window. Here the simulated collectd messages are used
13:33:12 INFO  ==============================================================
13:33:13 INFO  Executed sudo&lt;collectd&gt;, exit status 0
13:33:13 INFO  Executed sudo&lt;collectd_mapper&gt;, exit status 0
13:33:13 INFO  Started sudo&lt;tedge_sub&gt; with process id 17074
13:33:14 INFO  Executed sudo&lt;tedge_temp&gt;, exit status 0
13:33:14 INFO  Executed sudo&lt;tedge_pres&gt;, exit status 0
13:33:15 INFO  Executed sudo&lt;tedge_temp&gt;, exit status 0
13:33:16 INFO  Executed sudo&lt;tedge_pres&gt;, exit status 0
13:33:16 INFO  Executed sudo&lt;tedge_temp&gt;, exit status 0
13:33:17 INFO  Executed sudo&lt;tedge_pres&gt;, exit status 0
13:33:17 INFO  Executed sudo&lt;tedge_temp&gt;, exit status 0
13:33:18 INFO  Executed sudo&lt;tedge_pres&gt;, exit status 0
13:33:18 INFO  Executed sudo&lt;tedge_temp&gt;, exit status 0
13:33:19 INFO  Executed sudo&lt;tedge_pres&gt;, exit status 0
13:33:20 INFO  Executed sudo&lt;tedge_temp&gt;, exit status 0
13:33:20 INFO  Executed sudo&lt;tedge_pres&gt;, exit status 0
13:33:21 INFO  Executed sudo&lt;tedge_temp&gt;, exit status 0
13:33:21 INFO  Executed sudo&lt;tedge_pres&gt;, exit status 0
13:33:22 INFO  Executed sudo&lt;tedge_temp&gt;, exit status 0
13:33:22 INFO  Executed sudo&lt;tedge_pres&gt;, exit status 0
13:33:23 INFO  Executed sudo&lt;tedge_temp&gt;, exit status 0
13:33:24 INFO  Executed sudo&lt;tedge_pres&gt;, exit status 0
13:33:24 INFO  Executed sudo&lt;tedge_temp&gt;, exit status 0
13:33:25 INFO  Executed sudo&lt;tedge_pres&gt;, exit status 0
13:33:26 INFO  Executed sudo&lt;kill_out&gt;, exit status 0
13:33:26 INFO  0

13:33:26 WARN  TypeError occurred while running test - 'int' object is not subscriptable
Traceback (most recent call last):
  File &quot;/home/pi/env-pysys/lib/python3.7/site-packages/pysys/baserunner.py&quot;, line 1296, in __call__
    self.testObj.validate()
  File &quot;/home/pi/actions-runner/_work/thin-edge.io/thin-edge.io/tests/PySys/monitoring/monitoring_smaller_interval/run.py&quot;, line 104, in validate
    collectd_msg_validation_result=self.validate_json(),
  File &quot;/home/pi/actions-runner/_work/thin-edge.io/thin-edge.io/tests/PySys/monitoring/monitoring_smaller_interval/run.py&quot;, line 114, in validate_json
    if not self.validate_time():
  File &quot;/home/pi/actions-runner/_work/thin-edge.io/thin-edge.io/tests/PySys/monitoring/monitoring_smaller_interval/run.py&quot;, line 134, in validate_time
    if self.js_msg[&quot;time&quot;]:
TypeError: 'int' object is not subscriptable
13:33:26 WARN  TypeError: 'int' object is not subscriptable ... blocked 
13:33:26 INFO  
13:33:26 INFO  cleanup:
13:33:26 INFO  monitoring_cleanup
13:33:27 INFO  Executed sudo&lt;collectd_mapper&gt;, exit status 0
13:33:27 INFO  
13:33:27 INFO  Test duration: 14.82 secs
13:33:27 INFO  Test final outcome:  BLOCKED
13:33:27 INFO  Test outcome reason: TypeError: 'int' object is not subscriptable
13:33:27 INFO  
</system-out>
	</testcase>
</testsuite>
