<?xml version="1.0" encoding="utf-8"?>
<testsuite failures="0" name="apt_sequence_remove" skipped="1" tests="1" time="0.03" timestamp="2022-07-26T16:16:05">
	<testcase classname="AptPluginInstallPrepareRemoveFinalize" name="apt_sequence_remove">
		<skipped message="SKIPPED: Testing the apt plugin is not supported on this platform.To run the tests call PySys with -XmyPlatform='container'"/>
		<system-out>16:16:05 INFO  ==============================================================
16:16:05 INFO  Id:    apt_sequence_remove
16:16:05 INFO  Dir:   plugin_apt/
16:16:05 INFO  Title: Validate apt plugin prepare install remove finalize use case
16:16:05 INFO  ==============================================================
16:16:05 INFO  Testing the apt plugin is not supported on this platform.To run the tests call PySys with -XmyPlatform='container' ... skipped
16:16:05 WARN  Aborted test due to SKIPPED outcome
16:16:05 INFO  
16:16:05 INFO  Test duration: 0.03 secs
16:16:05 INFO  Test final outcome:  SKIPPED
16:16:05 INFO  Test outcome reason: Testing the apt plugin is not supported on this platform.To run the tests call PySys with -XmyPlatform='container'
16:16:05 INFO  
</system-out>
	</testcase>
</testsuite>
