<?xml version="1.0" encoding="utf-8"?>
<testsuite failures="1" name="mapper_awaits_before_reconnect" skipped="0" tests="1" time="11.12" timestamp="2022-07-22T04:04:04">
	<testcase classname="MapperReconnectAwait" name="mapper_awaits_before_reconnect">
		<failure message="FAILED: Line count on tedge_mapper_journal.out for &quot;tedge_mapper::core::mapper: MQTT connection error:&quot; expected &gt;=2 but got 0" type="FAILED"/>
		<system-out>04:03:53 INFO  ==============================================================
04:03:53 INFO  Id:    mapper_awaits_before_reconnect
04:03:53 INFO  Dir:   tedge_mapper_c8y/
04:03:53 INFO  Title: Validate mapper doesn't reconnect too often
04:03:53 INFO  ==============================================================
04:03:53 INFO  Started mosquitto_sub with process id 28246
04:03:53 INFO  Waiting for 0.1 seconds
04:03:54 INFO  Executed sudo&lt;tedge_mapper&gt;, exit status 0
04:03:54 INFO  Waiting for 5.0 seconds
04:03:59 INFO  Executed sudo&lt;tedge_mapper&gt;, exit status 0
04:04:04 INFO  Executed sudo&lt;tedge_mapper_journal&gt;, exit status 0
04:04:04 WARN  Grep on tedge_mapper_journal.out contains &quot;ERROR&quot; ... failed [run.py:67]
04:04:04 INFO  Line count on file tedge_mapper_journal.out ... passed
04:04:04 WARN  Line count on tedge_mapper_journal.out for &quot;tedge_mapper::core::mapper: MQTT connection error:&quot; expected &gt;=2 but got 0 ... failed [run.py:78]
04:04:04 WARN  Aborted test due to FAILED outcome
04:04:04 INFO  
04:04:04 INFO  Test duration: 11.12 secs
04:04:04 INFO  Test final outcome:  FAILED
04:04:04 INFO  Test outcome reason: Line count on tedge_mapper_journal.out for &quot;tedge_mapper::core::mapper: MQTT connection error:&quot; expected &gt;=2 but got 0
04:04:04 INFO  
</system-out>
	</testcase>
</testsuite>
