<?xml version="1.0" encoding="utf-8"?>
<testsuite failures="0" name="custom_init_system" skipped="0" tests="1" time="29.15" timestamp="2022-07-25T13:32:39">
	<testcase classname="CustomInitSystem" name="custom_init_system"/>
</testsuite>
