<?xml version="1.0" encoding="utf-8"?>
<testsuite failures="0" name="smoketest_smartrest" skipped="0" tests="1" time="47.77" timestamp="2022-06-29T12:02:15">
	<testcase classname="SmoketestSmartRest" name="smoketest_smartrest"/>
</testsuite>
