<?xml version="1.0" encoding="utf-8"?>
<testsuite failures="0" name="SoftwareManagement.sm_apt_install_remove" skipped="1" tests="1" time="0.04" timestamp="2022-06-07T11:37:12">
	<testcase classname="PySysTest" name="SoftwareManagement.sm_apt_install_remove">
		<skipped message="SKIPPED: Testing the apt plugin is not supported on this platform.Use parameter -XmyPlatform='container' to enable it"/>
		<system-out>11:37:12 INFO  ==============================================================
11:37:12 INFO  Id:    SoftwareManagement.sm_apt_install_remove
11:37:12 INFO  Dir:   software_management_end_to_end/
11:37:12 INFO  Title: Validate end to end behaviour for the apt plugin for installation and removal of packages
11:37:12 INFO  ==============================================================
11:37:12 INFO  Testing the apt plugin is not supported on this platform.Use parameter -XmyPlatform='container' to enable it ... skipped
11:37:12 WARN  Aborted test due to SKIPPED outcome
11:37:12 INFO  
11:37:12 INFO  Test duration: 0.04 secs
11:37:12 INFO  Test final outcome:  SKIPPED
11:37:12 INFO  Test outcome reason: Testing the apt plugin is not supported on this platform.Use parameter -XmyPlatform='container' to enable it
11:37:12 INFO  
</system-out>
	</testcase>
</testsuite>
