<?xml version="1.0" encoding="utf-8"?>
<testsuite failures="0" name="apt_wrong_option" skipped="1" tests="1" time="0.02" timestamp="2022-05-25T12:43:50">
	<testcase classname="AptPluginWrongOption" name="apt_wrong_option">
		<skipped message="SKIPPED: Testing the apt plugin is not supported on this platform.To run the tests call PySys with -XmyPlatform='container'"/>
		<system-out>12:43:50 INFO  ==============================================================
12:43:50 INFO  Id:    apt_wrong_option
12:43:50 INFO  Dir:   plugin_apt/
12:43:50 INFO  Title: Validate apt plugin install
12:43:50 INFO  ==============================================================
12:43:50 INFO  Testing the apt plugin is not supported on this platform.To run the tests call PySys with -XmyPlatform='container' ... skipped
12:43:50 WARN  Aborted test due to SKIPPED outcome
12:43:50 INFO  
12:43:50 INFO  Test duration: 0.02 secs
12:43:50 INFO  Test final outcome:  SKIPPED
12:43:50 INFO  Test outcome reason: Testing the apt plugin is not supported on this platform.To run the tests call PySys with -XmyPlatform='container'
12:43:50 INFO  
</system-out>
	</testcase>
</testsuite>
