<?xml version="1.0" encoding="utf-8"?>
<testsuite failures="0" name="smoketest_json" skipped="0" tests="1" time="45.32" timestamp="2022-06-22T17:23:33">
	<testcase classname="SmokeTestJson" name="smoketest_json"/>
</testsuite>
