<?xml version="1.0" encoding="utf-8"?>
<testsuite failures="0" name="SoftwareManagement.sm_apt_install_remove_with_version" skipped="1" tests="1" time="0.02" timestamp="2022-07-22T07:35:54">
	<testcase classname="PySysTest" name="SoftwareManagement.sm_apt_install_remove_with_version">
		<skipped message="SKIPPED: Testing the apt plugin is not supported on this platform.Use parameter -XmyPlatform='container' to enable it"/>
		<system-out>07:35:54 INFO  ==============================================================
07:35:54 INFO  Id:    SoftwareManagement.sm_apt_install_remove_with_version
07:35:54 INFO  Dir:   software_management_end_to_end/
07:35:54 INFO  Title: Validate end to end behaviour for the apt plugin for packages with version
07:35:54 INFO  ==============================================================
07:35:54 INFO  Testing the apt plugin is not supported on this platform.Use parameter -XmyPlatform='container' to enable it ... skipped
07:35:54 WARN  Aborted test due to SKIPPED outcome
07:35:54 INFO  
07:35:54 INFO  Test duration: 0.02 secs
07:35:54 INFO  Test final outcome:  SKIPPED
07:35:54 INFO  Test outcome reason: Testing the apt plugin is not supported on this platform.Use parameter -XmyPlatform='container' to enable it
07:35:54 INFO  
</system-out>
	</testcase>
</testsuite>
