<?xml version="1.0" encoding="utf-8"?>
<testsuite failures="0" name="apt_install_local_file_fail" skipped="1" tests="1" time="0.02" timestamp="2022-06-22T13:54:08">
	<testcase classname="AptPluginInstallFromLocalFileFail" name="apt_install_local_file_fail">
		<skipped message="SKIPPED: Testing the apt plugin is not supported on this platform.To run the tests call PySys with -XmyPlatform='container'"/>
		<system-out>13:54:08 INFO  ==============================================================
13:54:08 INFO  Id:    apt_install_local_file_fail
13:54:08 INFO  Dir:   plugin_apt/
13:54:08 INFO  Title: Validate apt plugin install from local file - FAIL case
13:54:08 INFO  ==============================================================
13:54:08 INFO  Testing the apt plugin is not supported on this platform.To run the tests call PySys with -XmyPlatform='container' ... skipped
13:54:08 WARN  Aborted test due to SKIPPED outcome
13:54:08 INFO  
13:54:08 INFO  Test duration: 0.02 secs
13:54:08 INFO  Test final outcome:  SKIPPED
13:54:08 INFO  Test outcome reason: Testing the apt plugin is not supported on this platform.To run the tests call PySys with -XmyPlatform='container'
13:54:08 INFO  
</system-out>
	</testcase>
</testsuite>
