<?xml version="1.0" encoding="utf-8"?>
<testsuite failures="0" name="apt_prepare_install_finalize" skipped="1" tests="1" time="0.02" timestamp="2022-07-21T19:57:52">
	<testcase classname="AptPluginPrepareInstallFinalize" name="apt_prepare_install_finalize">
		<skipped message="SKIPPED: Testing the apt plugin is not supported on this platform.To run the tests call PySys with -XmyPlatform='container'"/>
		<system-out>19:57:52 INFO  ==============================================================
19:57:52 INFO  Id:    apt_prepare_install_finalize
19:57:52 INFO  Dir:   plugin_apt/
19:57:52 INFO  Title: Validate apt plugin install use case
19:57:52 INFO  ==============================================================
19:57:52 INFO  Testing the apt plugin is not supported on this platform.To run the tests call PySys with -XmyPlatform='container' ... skipped
19:57:52 WARN  Aborted test due to SKIPPED outcome
19:57:52 INFO  
19:57:52 INFO  Test duration: 0.02 secs
19:57:52 INFO  Test final outcome:  SKIPPED
19:57:52 INFO  Test outcome reason: Testing the apt plugin is not supported on this platform.To run the tests call PySys with -XmyPlatform='container'
19:57:52 INFO  
</system-out>
	</testcase>
</testsuite>
