<?xml version="1.0" encoding="utf-8"?>
<testsuite failures="1" name="c8y_jwt_token_retrieval" skipped="0" tests="1" time="21.61" timestamp="2022-07-22T15:46:01">
	<testcase classname="ValidateJWTTokenRetrieval" name="c8y_jwt_token_retrieval">
		<failure message="FAILED: Grep on resp_jwt.out contains &quot;\[c8y/s/dat\] 71,&quot;" type="FAILED"/>
		<system-out>15:45:39 INFO  ==============================================================
15:45:39 INFO  Id:    c8y_jwt_token_retrieval
15:45:39 INFO  Dir:   cloud_c8y/
15:45:39 INFO  Title: Validate the Cumulocity JWT Token Retrieval feature
15:45:39 INFO  ==============================================================
15:45:40 INFO  Executed sudo&lt;tedge_disconnect_c8y&gt;, exit status 0
15:45:54 INFO  Executed sudo&lt;tedge_connect_c8y&gt;, exit status 0, duration 14 secs
15:45:54 INFO  Started sudo&lt;resp_jwt&gt; with process id 32701
15:45:55 INFO  Executed sudo&lt;req_jwt&gt;, exit status 0
15:45:56 INFO  Executed sudo&lt;kill_out&gt;, exit status 0
15:45:57 WARN  Grep on resp_jwt.out contains &quot;\[c8y/s/dat\] 71,&quot; ... failed [run.py:60]
15:45:57 INFO  
15:45:57 INFO  cleanup:
15:46:01 INFO  Executed sudo&lt;tedge_disconnect_c8y&gt;, exit status 0
15:46:01 INFO  
15:46:01 INFO  Test duration: 21.61 secs
15:46:01 INFO  Test final outcome:  FAILED
15:46:01 INFO  Test outcome reason: Grep on resp_jwt.out contains &quot;\[c8y/s/dat\] 71,&quot;
15:46:01 INFO  
</system-out>
	</testcase>
</testsuite>
