<?xml version="1.0" encoding="utf-8"?>
<testsuite failures="0" name="apt_sequence_install_with_version" skipped="1" tests="1" time="0.02" timestamp="2022-07-22T17:26:19">
	<testcase classname="AptPluginPrepInstallWithVersionFinalize" name="apt_sequence_install_with_version">
		<skipped message="SKIPPED: Testing the apt plugin is not supported on this platform.To run the tests call PySys with -XmyPlatform='container'"/>
		<system-out>17:26:19 INFO  ==============================================================
17:26:19 INFO  Id:    apt_sequence_install_with_version
17:26:19 INFO  Dir:   plugin_apt/
17:26:19 INFO  Title: Validate apt plugin install with version use case
17:26:19 INFO  ==============================================================
17:26:19 INFO  Testing the apt plugin is not supported on this platform.To run the tests call PySys with -XmyPlatform='container' ... skipped
17:26:19 WARN  Aborted test due to SKIPPED outcome
17:26:19 INFO  
17:26:19 INFO  Test duration: 0.02 secs
17:26:19 INFO  Test final outcome:  SKIPPED
17:26:19 INFO  Test outcome reason: Testing the apt plugin is not supported on this platform.To run the tests call PySys with -XmyPlatform='container'
17:26:19 INFO  
</system-out>
	</testcase>
</testsuite>
