<?xml version="1.0" encoding="utf-8"?>
<testsuite failures="0" name="publish_sawmill" skipped="0" tests="1" time="79.61" timestamp="2022-07-25T10:22:15">
	<testcase classname="PublishSawmill" name="publish_sawmill"/>
</testsuite>
