<?xml version="1.0" encoding="utf-8"?>
<testsuite failures="1" name="mapper_awaits_before_reconnect" skipped="0" tests="1" time="13.52" timestamp="2022-07-16T17:29:17">
	<testcase classname="MapperReconnectAwait" name="mapper_awaits_before_reconnect">
		<failure message="FAILED: Line count on tedge_mapper_journal.out for &quot;tedge_mapper::core::mapper: MQTT connection error:&quot; expected &gt;=2 but got 0" type="FAILED"/>
		<system-out>17:29:03 INFO  ==============================================================
17:29:03 INFO  Id:    mapper_awaits_before_reconnect
17:29:03 INFO  Dir:   tedge_mapper_c8y/
17:29:03 INFO  Title: Validate mapper doesn't reconnect too often
17:29:03 INFO  ==============================================================
17:29:03 INFO  Started mosquitto_sub with process id 15679
17:29:03 INFO  Waiting for 0.1 seconds
17:29:04 INFO  Executed sudo&lt;tedge_mapper&gt;, exit status 0
17:29:04 INFO  Waiting for 5.0 seconds
17:29:10 INFO  Executed sudo&lt;tedge_mapper&gt;, exit status 0
17:29:17 INFO  Executed sudo&lt;tedge_mapper_journal&gt;, exit status 0
17:29:17 WARN  Grep on tedge_mapper_journal.out contains &quot;ERROR&quot; ... failed [run.py:67]
17:29:17 INFO  Line count on file tedge_mapper_journal.out ... passed
17:29:17 WARN  Line count on tedge_mapper_journal.out for &quot;tedge_mapper::core::mapper: MQTT connection error:&quot; expected &gt;=2 but got 0 ... failed [run.py:78]
17:29:17 WARN  Aborted test due to FAILED outcome
17:29:17 INFO  
17:29:17 INFO  Test duration: 13.52 secs
17:29:17 INFO  Test final outcome:  FAILED
17:29:17 INFO  Test outcome reason: Line count on tedge_mapper_journal.out for &quot;tedge_mapper::core::mapper: MQTT connection error:&quot; expected &gt;=2 but got 0
17:29:17 INFO  
</system-out>
	</testcase>
</testsuite>
