<?xml version="1.0" encoding="utf-8"?>
<testsuite failures="1" name="local_mqtt_pub_sub_retain" skipped="0" tests="1" time="6.1" timestamp="2022-05-23T08:23:36">
	<testcase classname="MqttPublishWithRetain" name="local_mqtt_pub_sub_retain">
		<failure message="FAILED: Grep on temp_sensor_sub.out contains &quot;\[test/alarms/temp_sensor\] alarm msg 2&quot; (+1 other failures)" type="FAILED"/>
		<system-out>08:23:30 INFO  ==============================================================
08:23:30 INFO  Id:    local_mqtt_pub_sub_retain
08:23:30 INFO  Dir:   local_mqtt/
08:23:30 INFO  Title: Validate local publishing with retain flag
08:23:30 INFO  ==============================================================
08:23:31 INFO  Executed tedge&lt;pub_to_set_alarm&gt;, exit status 0
08:23:31 INFO  Executed tedge&lt;pub_to_set_alarm&gt;, exit status 0
08:23:32 INFO  Started tedge&lt;temp_sensor_sub&gt; with process id 10194
08:23:33 INFO  Executed tedge&lt;pub_to_clear_alarm&gt;, exit status 0
08:23:34 INFO  Executed sudo&lt;kill_out&gt;, exit status 0
08:23:35 INFO  Executed tedge&lt;pub_to_clear_alarm&gt;, exit status 0
08:23:35 INFO  Started tedge&lt;temp_sensor_empty_message&gt; with process id 10199
08:23:36 INFO  Executed sudo&lt;kill_out&gt;, exit status 0
08:23:36 WARN  Grep on temp_sensor_sub.out contains &quot;\[test/alarms/temp_sensor\] alarm msg 2&quot; ... failed [run.py:139]
08:23:36 WARN  Grep on temp_sensor_sub.out contains &quot;\[test/alarms/temp_sensor\] &quot; ... failed [run.py:142]
08:23:36 INFO  Grep on file temp_sensor_empty_message.out ... passed
08:23:36 INFO  
08:23:36 INFO  Test duration: 6.10 secs
08:23:36 INFO  Test final outcome:  FAILED
08:23:36 INFO  Test outcome reason: Grep on temp_sensor_sub.out contains &quot;\[test/alarms/temp_sensor\] alarm msg 2&quot; (+1 other failures)
08:23:36 INFO  
</system-out>
	</testcase>
</testsuite>
