<?xml version="1.0" encoding="utf-8"?>
<testsuite failures="0" name="tedge_mapper_c8y_alarms" skipped="0" tests="1" time="26.22" timestamp="2022-05-24T15:51:59">
	<testcase classname="TedgeMapperC8yAlarm" name="tedge_mapper_c8y_alarms"/>
</testsuite>
