<?xml version="1.0" encoding="utf-8"?>
<testsuite failures="0" name="tedge_software_update" skipped="0" tests="1" time="26.35" timestamp="2022-05-25T11:02:24">
	<testcase classname="PySysTest" name="tedge_software_update"/>
</testsuite>
