<?xml version="1.0" encoding="utf-8"?>
<testsuite failures="0" name="docker_plugin_finalize" skipped="1" tests="1" time="0.05" timestamp="2022-07-22T01:59:59">
	<testcase classname="DockerPluginFinalizeTest" name="docker_plugin_finalize">
		<skipped message="SKIPPED: Testing the docker plugin is not supported on this platform.To run it, all the test with -XmyPlatform='container'"/>
		<system-out>01:59:59 INFO  ==============================================================
01:59:59 INFO  Id:    docker_plugin_finalize
01:59:59 INFO  Dir:   plugin_docker/
01:59:59 INFO  Title: Validate docker plugin finalize command
01:59:59 INFO  ==============================================================
01:59:59 INFO  Testing the docker plugin is not supported on this platform.To run it, all the test with -XmyPlatform='container' ... skipped
01:59:59 WARN  Aborted test due to SKIPPED outcome
01:59:59 INFO  
01:59:59 INFO  Test duration: 0.05 secs
01:59:59 INFO  Test final outcome:  SKIPPED
01:59:59 INFO  Test outcome reason: Testing the docker plugin is not supported on this platform.To run it, all the test with -XmyPlatform='container'
01:59:59 INFO  
</system-out>
	</testcase>
</testsuite>
