<?xml version="1.0" encoding="utf-8"?>
<testsuite failures="0" name="docker_plugin_install_with_version" skipped="1" tests="1" time="0.02" timestamp="2022-07-22T00:29:59">
	<testcase classname="DockerPluginInstallWithVersionTest" name="docker_plugin_install_with_version">
		<skipped message="SKIPPED: Testing the docker plugin is not supported on this platform.To run it, all the test with -XmyPlatform='container'"/>
		<system-out>00:29:59 INFO  ==============================================================
00:29:59 INFO  Id:    docker_plugin_install_with_version
00:29:59 INFO  Dir:   plugin_docker/
00:29:59 INFO  Title: Validate docker plugin install
00:29:59 INFO  ==============================================================
00:29:59 INFO  Testing the docker plugin is not supported on this platform.To run it, all the test with -XmyPlatform='container' ... skipped
00:29:59 WARN  Aborted test due to SKIPPED outcome
00:29:59 INFO  
00:29:59 INFO  Test duration: 0.02 secs
00:29:59 INFO  Test final outcome:  SKIPPED
00:29:59 INFO  Test outcome reason: Testing the docker plugin is not supported on this platform.To run it, all the test with -XmyPlatform='container'
00:29:59 INFO  
</system-out>
	</testcase>
</testsuite>
