<?xml version="1.0" encoding="utf-8"?>
<testsuite failures="0" name="tedge_agent_user_sudo_access" skipped="1" tests="1" time="0.03" timestamp="2022-06-22T09:53:42">
	<testcase classname="TedgeAgentUserSudoAccess" name="tedge_agent_user_sudo_access">
		<skipped message="SKIPPED: #955 Observation: Exit code of the apt plugin when called with no arguments"/>
		<system-out>09:53:42 INFO  ==============================================================
09:53:42 INFO  Id:    tedge_agent_user_sudo_access
09:53:42 INFO  Dir:   tedge/
09:53:42 INFO  Title: Validate tedge-agent user has a limited sudo right
09:53:42 INFO  ==============================================================
09:53:42 INFO  #955 Observation: Exit code of the apt plugin when called with no arguments ... skipped
09:53:42 INFO  
09:53:42 INFO  Test duration: 0.03 secs
09:53:42 INFO  Test final outcome:  SKIPPED
09:53:42 INFO  Test outcome reason: #955 Observation: Exit code of the apt plugin when called with no arguments
09:53:42 INFO  
</system-out>
	</testcase>
</testsuite>
