<?xml version="1.0" encoding="utf-8"?>
<testsuite failures="0" name="monitoring_with_collectd" skipped="1" tests="1" time="0.03" timestamp="2022-07-26T16:15:56">
	<testcase classname="MonitoringWithCollectd" name="monitoring_with_collectd">
		<skipped message="SKIPPED: Test execution disabled due to #792 (instable)"/>
		<system-out>16:15:56 INFO  ==============================================================
16:15:56 INFO  Id:    monitoring_with_collectd
16:15:56 INFO  Dir:   monitoring/
16:15:56 INFO  Title: Validate tedge dm agent messages that are produced by batching the collectd messages
16:15:56 INFO  ==============================================================
16:15:56 INFO  Test execution disabled due to #792 (instable) ... skipped
16:15:56 INFO  
16:15:56 INFO  Test duration: 0.03 secs
16:15:56 INFO  Test final outcome:  SKIPPED
16:15:56 INFO  Test outcome reason: Test execution disabled due to #792 (instable)
16:15:56 INFO  
</system-out>
	</testcase>
</testsuite>
