<?xml version="1.0" encoding="utf-8"?>
<testsuite failures="0" name="apt_fail_noarg" skipped="1" tests="1" time="0.04" timestamp="2022-07-22T01:59:55">
	<testcase classname="AptPluginFailNoArg" name="apt_fail_noarg">
		<skipped message="SKIPPED: Testing the apt plugin is not supported on this platform.To run the tests call PySys with -XmyPlatform='container'"/>
		<system-out>01:59:54 INFO  ==============================================================
01:59:54 INFO  Id:    apt_fail_noarg
01:59:54 INFO  Dir:   plugin_apt/
01:59:54 INFO  Title: Validate apt plugin fetures(prepare, list, install, remove finalize) without arguments
01:59:54 INFO  ==============================================================
01:59:55 INFO  Testing the apt plugin is not supported on this platform.To run the tests call PySys with -XmyPlatform='container' ... skipped
01:59:55 WARN  Aborted test due to SKIPPED outcome
01:59:55 INFO  
01:59:55 INFO  Test duration: 0.04 secs
01:59:55 INFO  Test final outcome:  SKIPPED
01:59:55 INFO  Test outcome reason: Testing the apt plugin is not supported on this platform.To run the tests call PySys with -XmyPlatform='container'
01:59:55 INFO  
</system-out>
	</testcase>
</testsuite>
