<?xml version="1.0" encoding="utf-8"?>
<testsuite failures="0" name="local_mqtt_pub_sub" skipped="0" tests="1" time="2.37" timestamp="2022-07-21T18:23:32">
	<testcase classname="PySysTest" name="local_mqtt_pub_sub"/>
</testsuite>
