<?xml version="1.0" encoding="utf-8"?>
<testsuite failures="0" name="apt_sequence_remove" skipped="1" tests="1" time="0.02" timestamp="2022-05-23T16:48:03">
	<testcase classname="AptPluginInstallPrepareRemoveFinalize" name="apt_sequence_remove">
		<skipped message="SKIPPED: Testing the apt plugin is not supported on this platform.To run the tests call PySys with -XmyPlatform='container'"/>
		<system-out>16:48:03 INFO  ==============================================================
16:48:03 INFO  Id:    apt_sequence_remove
16:48:03 INFO  Dir:   plugin_apt/
16:48:03 INFO  Title: Validate apt plugin prepare install remove finalize use case
16:48:03 INFO  ==============================================================
16:48:03 INFO  Testing the apt plugin is not supported on this platform.To run the tests call PySys with -XmyPlatform='container' ... skipped
16:48:03 WARN  Aborted test due to SKIPPED outcome
16:48:03 INFO  
16:48:03 INFO  Test duration: 0.02 secs
16:48:03 INFO  Test final outcome:  SKIPPED
16:48:03 INFO  Test outcome reason: Testing the apt plugin is not supported on this platform.To run the tests call PySys with -XmyPlatform='container'
16:48:03 INFO  
</system-out>
	</testcase>
</testsuite>
