<?xml version="1.0" encoding="utf-8"?>
<testsuite failures="0" name="call_tedge_-h" skipped="0" tests="1" time="0.48" timestamp="2022-06-10T09:21:56">
	<testcase classname="PySysTest" name="call_tedge_-h"/>
</testsuite>
