<?xml version="1.0" encoding="utf-8"?>
<testsuite failures="0" name="apt_update_list" skipped="1" tests="1" time="0.02" timestamp="2022-07-22T01:59:59">
	<testcase classname="AptPluginUpdateList" name="apt_update_list">
		<skipped message="SKIPPED: Testing the apt plugin is not supported on this platform.To run the tests call PySys with -XmyPlatform='container'"/>
		<system-out>01:59:59 INFO  ==============================================================
01:59:59 INFO  Id:    apt_update_list
01:59:59 INFO  Dir:   plugin_apt/
01:59:59 INFO  Title: Validate apt plugin update-list command use case
01:59:59 INFO  ==============================================================
01:59:59 INFO  Testing the apt plugin is not supported on this platform.To run the tests call PySys with -XmyPlatform='container' ... skipped
01:59:59 WARN  Aborted test due to SKIPPED outcome
01:59:59 INFO  
01:59:59 INFO  Test duration: 0.02 secs
01:59:59 INFO  Test final outcome:  SKIPPED
01:59:59 INFO  Test outcome reason: Testing the apt plugin is not supported on this platform.To run the tests call PySys with -XmyPlatform='container'
01:59:59 INFO  
</system-out>
	</testcase>
</testsuite>
