<?xml version="1.0" encoding="utf-8"?>
<testsuite failures="1" name="tedge_mapper_c8y_packet_threshold_size" skipped="0" tests="1" time="3.03" timestamp="2022-07-21T18:40:47">
	<testcase classname="TedgeMapperC8yThresholdPacketSize" name="tedge_mapper_c8y_packet_threshold_size">
		<failure message="FAILED: Grep on tedge_sub.out contains &quot;The size of the message received on tedge/measurements is 20489 which is greater than the threshold size of 16184.&quot;" type="FAILED"/>
		<system-out>18:40:44 INFO  ==============================================================
18:40:44 INFO  Id:    tedge_mapper_c8y_packet_threshold_size
18:40:44 INFO  Dir:   tedge_mapper_c8y/
18:40:44 INFO  Title: Validate the Cumulocity Mapper accepted threshold packet size when it receives a message on tedge/measurements
18:40:44 INFO  ==============================================================
18:40:44 INFO  Executed sudo&lt;tedge_mapper_c8y&gt;, exit status 0
18:40:44 INFO  Started sudo&lt;tedge_sub&gt; with process id 29271
18:40:45 INFO  Executed sudo&lt;tedge_msg&gt;, exit status 0
18:40:45 INFO  Executed sudo&lt;tedge_pub&gt;, exit status 0
18:40:46 INFO  Executed sudo&lt;kill_out&gt;, exit status 0
18:40:46 WARN  Grep on tedge_sub.out contains &quot;The size of the message received on tedge/measurements is 20489 which is greater than the threshold size of 16184.&quot; ... failed [run.py:88]
18:40:46 INFO  
18:40:46 INFO  cleanup:
18:40:46 INFO  mapper_cleanup
18:40:47 INFO  Executed sudo&lt;tedge_mapper_c8y&gt;, exit status 0
18:40:47 INFO  
18:40:47 INFO  Test duration: 3.03 secs
18:40:47 INFO  Test final outcome:  FAILED
18:40:47 INFO  Test outcome reason: Grep on tedge_sub.out contains &quot;The size of the message received on tedge/measurements is 20489 which is greater than the threshold size of 16184.&quot;
18:40:47 INFO  
</system-out>
	</testcase>
</testsuite>
