<?xml version="1.0" encoding="utf-8"?>
<testsuite failures="0" name="apt_sequence_remove" skipped="1" tests="1" time="0.04" timestamp="2022-07-20T12:52:44">
	<testcase classname="AptPluginInstallPrepareRemoveFinalize" name="apt_sequence_remove">
		<skipped message="SKIPPED: Testing the apt plugin is not supported on this platform.To run the tests call PySys with -XmyPlatform='container'"/>
		<system-out>12:52:44 INFO  ==============================================================
12:52:44 INFO  Id:    apt_sequence_remove
12:52:44 INFO  Dir:   plugin_apt/
12:52:44 INFO  Title: Validate apt plugin prepare install remove finalize use case
12:52:44 INFO  ==============================================================
12:52:44 INFO  Testing the apt plugin is not supported on this platform.To run the tests call PySys with -XmyPlatform='container' ... skipped
12:52:44 WARN  Aborted test due to SKIPPED outcome
12:52:44 INFO  
12:52:44 INFO  Test duration: 0.04 secs
12:52:44 INFO  Test final outcome:  SKIPPED
12:52:44 INFO  Test outcome reason: Testing the apt plugin is not supported on this platform.To run the tests call PySys with -XmyPlatform='container'
12:52:44 INFO  
</system-out>
	</testcase>
</testsuite>
