<?xml version="1.0" encoding="utf-8"?>
<testsuite failures="0" name="monitoring_with_collectd" skipped="1" tests="1" time="0.05" timestamp="2022-06-17T08:36:35">
	<testcase classname="MonitoringWithCollectd" name="monitoring_with_collectd">
		<skipped message="SKIPPED: Test execution disabled due to #792 (instable)"/>
		<system-out>08:36:35 INFO  ==============================================================
08:36:35 INFO  Id:    monitoring_with_collectd
08:36:35 INFO  Dir:   monitoring/
08:36:35 INFO  Title: Validate tedge dm agent messages that are produced by batching the collectd messages
08:36:35 INFO  ==============================================================
08:36:35 INFO  Test execution disabled due to #792 (instable) ... skipped
08:36:35 INFO  
08:36:35 INFO  Test duration: 0.05 secs
08:36:35 INFO  Test final outcome:  SKIPPED
08:36:35 INFO  Test outcome reason: Test execution disabled due to #792 (instable)
08:36:35 INFO  
</system-out>
	</testcase>
</testsuite>
