<?xml version="1.0" encoding="utf-8"?>
<testsuite failures="0" name="monitoring_with_collectd" skipped="1" tests="1" time="0.02" timestamp="2022-05-23T08:27:19">
	<testcase classname="MonitoringWithCollectd" name="monitoring_with_collectd">
		<skipped message="SKIPPED: Test execution disabled due to #792 (instable)"/>
		<system-out>08:27:19 INFO  ==============================================================
08:27:19 INFO  Id:    monitoring_with_collectd
08:27:19 INFO  Dir:   monitoring/
08:27:19 INFO  Title: Validate tedge dm agent messages that are produced by batching the collectd messages
08:27:19 INFO  ==============================================================
08:27:19 INFO  Test execution disabled due to #792 (instable) ... skipped
08:27:19 INFO  
08:27:19 INFO  Test duration: 0.02 secs
08:27:19 INFO  Test final outcome:  SKIPPED
08:27:19 INFO  Test outcome reason: Test execution disabled due to #792 (instable)
08:27:19 INFO  
</system-out>
	</testcase>
</testsuite>
