<?xml version="1.0" encoding="utf-8"?>
<testsuite failures="0" name="apt_finalize" skipped="1" tests="1" time="0.02" timestamp="2022-07-22T07:26:16">
	<testcase classname="AptPluginFinalize" name="apt_finalize">
		<skipped message="SKIPPED: Testing the apt plugin is not supported on this platform.To run the tests call PySys with -XmyPlatform='container'"/>
		<system-out>07:26:16 INFO  ==============================================================
07:26:16 INFO  Id:    apt_finalize
07:26:16 INFO  Dir:   plugin_apt/
07:26:16 INFO  Title: Validate apt plugin finalize - dense version
07:26:16 INFO  ==============================================================
07:26:16 INFO  Testing the apt plugin is not supported on this platform.To run the tests call PySys with -XmyPlatform='container' ... skipped
07:26:16 WARN  Aborted test due to SKIPPED outcome
07:26:16 INFO  
07:26:16 INFO  Test duration: 0.02 secs
07:26:16 INFO  Test final outcome:  SKIPPED
07:26:16 INFO  Test outcome reason: Testing the apt plugin is not supported on this platform.To run the tests call PySys with -XmyPlatform='container'
07:26:16 INFO  
</system-out>
	</testcase>
</testsuite>
