<?xml version="1.0" encoding="utf-8"?>
<testsuite failures="1" name="call_tedge_-h_-V" skipped="0" tests="1" time="0.49" timestamp="2022-07-22T04:00:47">
	<testcase classname="PySysTest" name="call_tedge_-h_-V">
		<failure message="FAILED: Grep on tedge.out contains &quot;tedge 0.6&quot;" type="FAILED"/>
		<system-out>04:00:47 INFO  ==============================================================
04:00:47 INFO  Id:    call_tedge_-h_-V
04:00:47 INFO  Dir:   tedge/
04:00:47 INFO  Title: Validate command line option -h -V
04:00:47 INFO  ==============================================================
04:00:47 INFO  Executed tedge, exit status 0
04:00:47 WARN  Grep on tedge.out contains &quot;tedge 0.6&quot; ... failed [run.py:32]
04:00:47 INFO  Grep on file tedge.out ... passed
04:00:47 INFO  
04:00:47 INFO  Test duration: 0.49 secs
04:00:47 INFO  Test final outcome:  FAILED
04:00:47 INFO  Test outcome reason: Grep on tedge.out contains &quot;tedge 0.6&quot;
04:00:47 INFO  
</system-out>
	</testcase>
</testsuite>
