<?xml version="1.0" encoding="utf-8"?>
<testsuite failures="0" name="apt_fail_noarg" skipped="1" tests="1" time="0.05" timestamp="2022-07-26T16:16:01">
	<testcase classname="AptPluginFailNoArg" name="apt_fail_noarg">
		<skipped message="SKIPPED: Testing the apt plugin is not supported on this platform.To run the tests call PySys with -XmyPlatform='container'"/>
		<system-out>16:16:01 INFO  ==============================================================
16:16:01 INFO  Id:    apt_fail_noarg
16:16:01 INFO  Dir:   plugin_apt/
16:16:01 INFO  Title: Validate apt plugin fetures(prepare, list, install, remove finalize) without arguments
16:16:01 INFO  ==============================================================
16:16:01 INFO  Testing the apt plugin is not supported on this platform.To run the tests call PySys with -XmyPlatform='container' ... skipped
16:16:01 WARN  Aborted test due to SKIPPED outcome
16:16:01 INFO  
16:16:01 INFO  Test duration: 0.05 secs
16:16:01 INFO  Test final outcome:  SKIPPED
16:16:01 INFO  Test outcome reason: Testing the apt plugin is not supported on this platform.To run the tests call PySys with -XmyPlatform='container'
16:16:01 INFO  
</system-out>
	</testcase>
</testsuite>
