<?xml version="1.0" encoding="utf-8"?>
<testsuite failures="0" name="apt_install_local_file_with_version_fail" skipped="1" tests="1" time="0.02" timestamp="2022-05-25T10:51:48">
	<testcase classname="AptPluginInstallFromLocalFileWithVersionFail" name="apt_install_local_file_with_version_fail">
		<skipped message="SKIPPED: Testing the apt plugin is not supported on this platform.To run the tests call PySys with -XmyPlatform='container'"/>
		<system-out>10:51:48 INFO  ==============================================================
10:51:48 INFO  Id:    apt_install_local_file_with_version_fail
10:51:48 INFO  Dir:   plugin_apt/
10:51:48 INFO  Title: Validate apt plugin install from local file AND with a version - FAIL case
10:51:48 INFO  ==============================================================
10:51:48 INFO  Testing the apt plugin is not supported on this platform.To run the tests call PySys with -XmyPlatform='container' ... skipped
10:51:48 WARN  Aborted test due to SKIPPED outcome
10:51:48 INFO  
10:51:48 INFO  Test duration: 0.02 secs
10:51:48 INFO  Test final outcome:  SKIPPED
10:51:48 INFO  Test outcome reason: Testing the apt plugin is not supported on this platform.To run the tests call PySys with -XmyPlatform='container'
10:51:48 INFO  
</system-out>
	</testcase>
</testsuite>
