<?xml version="1.0" encoding="utf-8"?>
<testsuite failures="0" name="apt_update_list" skipped="1" tests="1" time="0.02" timestamp="2022-07-22T03:51:10">
	<testcase classname="AptPluginUpdateList" name="apt_update_list">
		<skipped message="SKIPPED: Testing the apt plugin is not supported on this platform.To run the tests call PySys with -XmyPlatform='container'"/>
		<system-out>03:51:10 INFO  ==============================================================
03:51:10 INFO  Id:    apt_update_list
03:51:10 INFO  Dir:   plugin_apt/
03:51:10 INFO  Title: Validate apt plugin update-list command use case
03:51:10 INFO  ==============================================================
03:51:10 INFO  Testing the apt plugin is not supported on this platform.To run the tests call PySys with -XmyPlatform='container' ... skipped
03:51:10 WARN  Aborted test due to SKIPPED outcome
03:51:10 INFO  
03:51:10 INFO  Test duration: 0.02 secs
03:51:10 INFO  Test final outcome:  SKIPPED
03:51:10 INFO  Test outcome reason: Testing the apt plugin is not supported on this platform.To run the tests call PySys with -XmyPlatform='container'
03:51:10 INFO  
</system-out>
	</testcase>
</testsuite>
