<?xml version="1.0" encoding="utf-8"?>
<testsuite failures="0" name="apt_fail_noarg" skipped="1" tests="1" time="0.06" timestamp="2022-05-23T08:27:24">
	<testcase classname="AptPluginFailNoArg" name="apt_fail_noarg">
		<skipped message="SKIPPED: Testing the apt plugin is not supported on this platform.To run the tests call PySys with -XmyPlatform='container'"/>
		<system-out>08:27:24 INFO  ==============================================================
08:27:24 INFO  Id:    apt_fail_noarg
08:27:24 INFO  Dir:   plugin_apt/
08:27:24 INFO  Title: Validate apt plugin fetures(prepare, list, install, remove finalize) without arguments
08:27:24 INFO  ==============================================================
08:27:24 INFO  Testing the apt plugin is not supported on this platform.To run the tests call PySys with -XmyPlatform='container' ... skipped
08:27:24 WARN  Aborted test due to SKIPPED outcome
08:27:24 INFO  
08:27:24 INFO  Test duration: 0.06 secs
08:27:24 INFO  Test final outcome:  SKIPPED
08:27:24 INFO  Test outcome reason: Testing the apt plugin is not supported on this platform.To run the tests call PySys with -XmyPlatform='container'
08:27:24 INFO  
</system-out>
	</testcase>
</testsuite>
