<?xml version="1.0" encoding="utf-8"?>
<testsuite failures="0" name="docker_plugin_remove_with_version" skipped="1" tests="1" time="0.02" timestamp="2022-05-20T09:35:34">
	<testcase classname="DockerPluginRemoveWithVersionTest" name="docker_plugin_remove_with_version">
		<skipped message="SKIPPED: Testing the docker plugin is not supported on this platform.To run it, all the test with -XmyPlatform='container'"/>
		<system-out>09:35:34 INFO  ==============================================================
09:35:34 INFO  Id:    docker_plugin_remove_with_version
09:35:34 INFO  Dir:   plugin_docker/
09:35:34 INFO  Title: Validate docker plugin remove with version
09:35:34 INFO  ==============================================================
09:35:34 INFO  Testing the docker plugin is not supported on this platform.To run it, all the test with -XmyPlatform='container' ... skipped
09:35:34 WARN  Aborted test due to SKIPPED outcome
09:35:34 INFO  
09:35:34 INFO  Test duration: 0.02 secs
09:35:34 INFO  Test final outcome:  SKIPPED
09:35:34 INFO  Test outcome reason: Testing the docker plugin is not supported on this platform.To run it, all the test with -XmyPlatform='container'
09:35:34 INFO  
</system-out>
	</testcase>
</testsuite>
