<?xml version="1.0" encoding="utf-8"?>
<testsuite failures="0" name="SoftwareManagement.Plugin.apama_plugin_remove" skipped="1" tests="1" time="0.05" timestamp="2022-07-22T07:26:15">
	<testcase classname="ApamaPluginRemoveTest" name="SoftwareManagement.Plugin.apama_plugin_remove">
		<skipped message="SKIPPED: Apama plugin tests are disabled by default. Execute `pysys run` with `-XmyPlatform=container` to run these tests"/>
		<system-out>07:26:15 INFO  ==============================================================
07:26:15 INFO  Id:    SoftwareManagement.Plugin.apama_plugin_remove
07:26:15 INFO  Dir:   plugin_apama/
07:26:15 INFO  Title: Validate apama plugin remove
07:26:15 INFO  ==============================================================
07:26:15 INFO  Apama plugin tests are disabled by default. Execute `pysys run` with `-XmyPlatform=container` to run these tests ... skipped
07:26:15 WARN  Aborted test due to SKIPPED outcome
07:26:15 INFO  
07:26:15 INFO  Test duration: 0.05 secs
07:26:15 INFO  Test final outcome:  SKIPPED
07:26:15 INFO  Test outcome reason: Apama plugin tests are disabled by default. Execute `pysys run` with `-XmyPlatform=container` to run these tests
07:26:15 INFO  
</system-out>
	</testcase>
</testsuite>
