<?xml version="1.0" encoding="utf-8"?>
<testsuite failures="1" name="monitoring_smaller_interval" skipped="0" tests="1" time="15.43" timestamp="2022-06-22T13:54:03">
	<testcase classname="MonitoringSmallInterval" name="monitoring_smaller_interval">
		<failure message="BLOCKED: TypeError: 'int' object is not subscriptable" type="BLOCKED"/>
		<system-out>13:53:48 INFO  ==============================================================
13:53:48 INFO  Id:    monitoring_smaller_interval
13:53:48 INFO  Dir:   monitoring/
13:53:48 INFO  Title: Validate the tedge dm agent messages that are produced with smaller sampling interval than the batching window. Here the simulated collectd messages are used
13:53:48 INFO  ==============================================================
13:53:49 INFO  Executed sudo&lt;collectd&gt;, exit status 0
13:53:49 INFO  Executed sudo&lt;collectd_mapper&gt;, exit status 0
13:53:49 INFO  Started sudo&lt;tedge_sub&gt; with process id 20961
13:53:50 INFO  Executed sudo&lt;tedge_temp&gt;, exit status 0
13:53:50 INFO  Executed sudo&lt;tedge_pres&gt;, exit status 0
13:53:51 INFO  Executed sudo&lt;tedge_temp&gt;, exit status 0
13:53:51 INFO  Executed sudo&lt;tedge_pres&gt;, exit status 0
13:53:52 INFO  Executed sudo&lt;tedge_temp&gt;, exit status 0
13:53:53 INFO  Executed sudo&lt;tedge_pres&gt;, exit status 0
13:53:53 INFO  Executed sudo&lt;tedge_temp&gt;, exit status 0
13:53:54 INFO  Executed sudo&lt;tedge_pres&gt;, exit status 0
13:53:54 INFO  Executed sudo&lt;tedge_temp&gt;, exit status 0
13:53:55 INFO  Executed sudo&lt;tedge_pres&gt;, exit status 0
13:53:56 INFO  Executed sudo&lt;tedge_temp&gt;, exit status 0
13:53:56 INFO  Executed sudo&lt;tedge_pres&gt;, exit status 0
13:53:57 INFO  Executed sudo&lt;tedge_temp&gt;, exit status 0
13:53:57 INFO  Executed sudo&lt;tedge_pres&gt;, exit status 0
13:53:58 INFO  Executed sudo&lt;tedge_temp&gt;, exit status 0
13:53:58 INFO  Executed sudo&lt;tedge_pres&gt;, exit status 0
13:53:59 INFO  Executed sudo&lt;tedge_temp&gt;, exit status 0
13:53:59 INFO  Executed sudo&lt;tedge_pres&gt;, exit status 0
13:54:00 INFO  Executed sudo&lt;tedge_temp&gt;, exit status 0
13:54:01 INFO  Executed sudo&lt;tedge_pres&gt;, exit status 0
13:54:02 INFO  Executed sudo&lt;kill_out&gt;, exit status 0
13:54:02 INFO  0

13:54:02 WARN  TypeError occurred while running test - 'int' object is not subscriptable
Traceback (most recent call last):
  File &quot;/home/pi/env-pysys/lib/python3.7/site-packages/pysys/baserunner.py&quot;, line 1296, in __call__
    self.testObj.validate()
  File &quot;/home/pi/actions-runner/_work/thin-edge.io/thin-edge.io/tests/PySys/monitoring/monitoring_smaller_interval/run.py&quot;, line 104, in validate
    collectd_msg_validation_result=self.validate_json(),
  File &quot;/home/pi/actions-runner/_work/thin-edge.io/thin-edge.io/tests/PySys/monitoring/monitoring_smaller_interval/run.py&quot;, line 114, in validate_json
    if not self.validate_time():
  File &quot;/home/pi/actions-runner/_work/thin-edge.io/thin-edge.io/tests/PySys/monitoring/monitoring_smaller_interval/run.py&quot;, line 134, in validate_time
    if self.js_msg[&quot;time&quot;]:
TypeError: 'int' object is not subscriptable
13:54:02 WARN  TypeError: 'int' object is not subscriptable ... blocked 
13:54:02 INFO  
13:54:02 INFO  cleanup:
13:54:02 INFO  monitoring_cleanup
13:54:03 INFO  Executed sudo&lt;collectd_mapper&gt;, exit status 0
13:54:03 INFO  
13:54:03 INFO  Test duration: 15.43 secs
13:54:03 INFO  Test final outcome:  BLOCKED
13:54:03 INFO  Test outcome reason: TypeError: 'int' object is not subscriptable
13:54:03 INFO  
</system-out>
	</testcase>
</testsuite>
