<?xml version="1.0" encoding="utf-8"?>
<testsuite failures="0" name="smoketest_smartrest" skipped="0" tests="1" time="49.06" timestamp="2022-05-23T15:05:08">
	<testcase classname="SmoketestSmartRest" name="smoketest_smartrest"/>
</testsuite>
