<?xml version="1.0" encoding="utf-8"?>
<testsuite failures="0" name="tedge_agent_user_sudo_access" skipped="1" tests="1" time="0.02" timestamp="2022-07-21T20:08:02">
	<testcase classname="TedgeAgentUserSudoAccess" name="tedge_agent_user_sudo_access">
		<skipped message="SKIPPED: #955 Observation: Exit code of the apt plugin when called with no arguments"/>
		<system-out>20:08:01 INFO  ==============================================================
20:08:01 INFO  Id:    tedge_agent_user_sudo_access
20:08:01 INFO  Dir:   tedge/
20:08:02 INFO  Title: Validate tedge-agent user has a limited sudo right
20:08:02 INFO  ==============================================================
20:08:02 INFO  #955 Observation: Exit code of the apt plugin when called with no arguments ... skipped
20:08:02 INFO  
20:08:02 INFO  Test duration: 0.02 secs
20:08:02 INFO  Test final outcome:  SKIPPED
20:08:02 INFO  Test outcome reason: #955 Observation: Exit code of the apt plugin when called with no arguments
20:08:02 INFO  
</system-out>
	</testcase>
</testsuite>
