<?xml version="1.0" encoding="utf-8"?>
<testsuite failures="0" name="SoftwareManagement.sm_fake_install_remove" skipped="1" tests="1" time="0.04" timestamp="2022-07-21T18:35:44">
	<testcase classname="PySysTest" name="SoftwareManagement.sm_fake_install_remove">
		<skipped message="SKIPPED: Testing the fake plugin is not enabled.Use parameter -Xfakeplugin=fakeplugin to enable it"/>
		<system-out>18:35:44 INFO  ==============================================================
18:35:44 INFO  Id:    SoftwareManagement.sm_fake_install_remove
18:35:44 INFO  Dir:   software_management_end_to_end/
18:35:44 INFO  Title: Validate end to end behaviour for the dummy plugin for installation and removal of packages
18:35:44 INFO  ==============================================================
18:35:44 INFO  Testing the fake plugin is not enabled.Use parameter -Xfakeplugin=fakeplugin to enable it ... skipped
18:35:44 WARN  Aborted test due to SKIPPED outcome
18:35:44 INFO  
18:35:44 INFO  Test duration: 0.04 secs
18:35:44 INFO  Test final outcome:  SKIPPED
18:35:44 INFO  Test outcome reason: Testing the fake plugin is not enabled.Use parameter -Xfakeplugin=fakeplugin to enable it
18:35:44 INFO  
</system-out>
	</testcase>
</testsuite>
