<?xml version="1.0" encoding="utf-8"?>
<testsuite failures="0" name="valid_device_id" skipped="0" tests="1" time="27.15" timestamp="2022-06-10T09:11:56">
	<testcase classname="ValidateValidDeviceId" name="valid_device_id"/>
</testsuite>
