<?xml version="1.0" encoding="utf-8"?>
<testsuite failures="0" name="docker_plugin_install" skipped="1" tests="1" time="0.02" timestamp="2022-07-26T16:16:05">
	<testcase classname="DockerPluginInstallTest" name="docker_plugin_install">
		<skipped message="SKIPPED: Testing the docker plugin is not supported on this platform.To run it, all the test with -XmyPlatform='container'"/>
		<system-out>16:16:05 INFO  ==============================================================
16:16:05 INFO  Id:    docker_plugin_install
16:16:05 INFO  Dir:   plugin_docker/
16:16:05 INFO  Title: Validate docker plugin install
16:16:05 INFO  ==============================================================
16:16:05 INFO  Testing the docker plugin is not supported on this platform.To run it, all the test with -XmyPlatform='container' ... skipped
16:16:05 WARN  Aborted test due to SKIPPED outcome
16:16:05 INFO  
16:16:05 INFO  Test duration: 0.02 secs
16:16:05 INFO  Test final outcome:  SKIPPED
16:16:05 INFO  Test outcome reason: Testing the docker plugin is not supported on this platform.To run it, all the test with -XmyPlatform='container'
16:16:05 INFO  
</system-out>
	</testcase>
</testsuite>
