<?xml version="1.0" encoding="utf-8"?>
<testsuite failures="0" name="call_tedge_config_list" skipped="0" tests="1" time="23.32" timestamp="2022-07-22T09:31:52">
	<testcase classname="PySysTest" name="call_tedge_config_list"/>
</testsuite>
