<?xml version="1.0" encoding="utf-8"?>
<testsuite failures="0" name="invalid_device_id" skipped="0" tests="1" time="4.19" timestamp="2022-07-22T00:29:07">
	<testcase classname="InvalidDeviceId" name="invalid_device_id"/>
</testsuite>
