<?xml version="1.0" encoding="utf-8"?>
<testsuite failures="1" name="log_request_error_messages" skipped="0" tests="1" time="36.53" timestamp="2022-05-20T11:12:31">
	<testcase classname="LogRequestVerifySearchTextError" name="log_request_error_messages">
		<failure message="FAILED: Assert that (True == value) with value=False" type="FAILED"/>
		<system-out>11:11:54 INFO  ==============================================================
11:11:54 INFO  Id:    log_request_error_messages
11:11:54 INFO  Dir:   log_request_end_to_end/
11:11:54 INFO  Title: Validate end to end behaviour for the log request operation check for error messages
11:11:54 INFO  ==============================================================
11:11:56 INFO  EnvironmentC8y Setup
11:11:56 INFO  Executed systemctl&lt;serv_mapper1&gt;, exit status 3
11:11:56 INFO  Restarting mosquitto too frequently in the last 10 seconds. It was only up for 2 seconds
11:11:56 INFO  Delaying execution by 9 seconds
11:12:19 INFO  Executed sudo&lt;tedge_connect_c8y&gt;, exit status 0, duration 14 secs
11:12:20 INFO  Executed sudo&lt;tedge_connect_c8y_test&gt;, exit status 0
11:12:20 INFO  Executed systemctl&lt;serv_mosq2&gt;, exit status 0
11:12:21 INFO  Executed systemctl&lt;serv_mapper3&gt;, exit status 0
11:12:22 INFO  Executed sudo&lt;rm_logs&gt;, exit status 0
11:12:22 INFO  Executed sudo&lt;move_logs&gt;, exit status 0
11:12:23 INFO  log response None
11:12:23 WARN  retry, retrying in 1 seconds...
11:12:24 INFO  log response https://thin-edge-io.eu-latest.cumulocity.com/event/events/19392712/binaries
11:12:24 WARN  Assert that (True == value) with value=False ... failed [run.py:43]
11:12:24 INFO  
11:12:24 INFO  cleanup:
11:12:25 INFO  Executed sudo&lt;rm_logs&gt;, exit status 0
11:12:26 INFO  Executed sudo&lt;rm_tmp_logs&gt;, exit status 0
11:12:26 INFO  Executed sudo&lt;send_failed&gt;, exit status 0
11:12:30 INFO  Executed sudo&lt;tedge_disconnect_c8y&gt;, exit status 0
11:12:31 INFO  Executed systemctl&lt;serv_mapper5&gt;, exit status 3
11:12:31 INFO  
11:12:31 INFO  Test duration: 36.53 secs
11:12:31 INFO  Test final outcome:  FAILED
11:12:31 INFO  Test outcome reason: Assert that (True == value) with value=False
11:12:31 INFO  
</system-out>
	</testcase>
</testsuite>
