<?xml version="1.0" encoding="utf-8"?>
<testsuite failures="0" name="tedge_agent_user_sudo_access" skipped="1" tests="1" time="0.03" timestamp="2022-07-21T18:36:12">
	<testcase classname="TedgeAgentUserSudoAccess" name="tedge_agent_user_sudo_access">
		<skipped message="SKIPPED: #955 Observation: Exit code of the apt plugin when called with no arguments"/>
		<system-out>18:36:12 INFO  ==============================================================
18:36:12 INFO  Id:    tedge_agent_user_sudo_access
18:36:12 INFO  Dir:   tedge/
18:36:12 INFO  Title: Validate tedge-agent user has a limited sudo right
18:36:12 INFO  ==============================================================
18:36:12 INFO  #955 Observation: Exit code of the apt plugin when called with no arguments ... skipped
18:36:12 INFO  
18:36:12 INFO  Test duration: 0.03 secs
18:36:12 INFO  Test final outcome:  SKIPPED
18:36:12 INFO  Test outcome reason: #955 Observation: Exit code of the apt plugin when called with no arguments
18:36:12 INFO  
</system-out>
	</testcase>
</testsuite>
