<?xml version="1.0" encoding="utf-8"?>
<testsuite failures="1" name="c8y_jwt_token_retrieval" skipped="0" tests="1" time="23.21" timestamp="2022-05-20T11:11:34">
	<testcase classname="ValidateJWTTokenRetrieval" name="c8y_jwt_token_retrieval">
		<failure message="FAILED: Grep on resp_jwt.out contains &quot;\[c8y/s/dat\] 71,&quot;" type="FAILED"/>
		<system-out>11:11:10 INFO  ==============================================================
11:11:10 INFO  Id:    c8y_jwt_token_retrieval
11:11:10 INFO  Dir:   cloud_c8y/
11:11:10 INFO  Title: Validate the Cumulocity JWT Token Retrieval feature
11:11:10 INFO  ==============================================================
11:11:11 INFO  Executed sudo&lt;tedge_disconnect_c8y&gt;, exit status 0
11:11:26 INFO  Executed sudo&lt;tedge_connect_c8y&gt;, exit status 0, duration 14 secs
11:11:26 INFO  Started sudo&lt;resp_jwt&gt; with process id 11875
11:11:27 INFO  Executed sudo&lt;req_jwt&gt;, exit status 0
11:11:29 INFO  Executed sudo&lt;kill_out&gt;, exit status 0
11:11:29 WARN  Grep on resp_jwt.out contains &quot;\[c8y/s/dat\] 71,&quot; ... failed [run.py:60]
11:11:29 INFO  
11:11:29 INFO  cleanup:
11:11:34 INFO  Executed sudo&lt;tedge_disconnect_c8y&gt;, exit status 0
11:11:34 INFO  
11:11:34 INFO  Test duration: 23.21 secs
11:11:34 INFO  Test final outcome:  FAILED
11:11:34 INFO  Test outcome reason: Grep on resp_jwt.out contains &quot;\[c8y/s/dat\] 71,&quot;
11:11:34 INFO  
</system-out>
	</testcase>
</testsuite>
