<?xml version="1.0" encoding="utf-8"?>
<testsuite failures="1" name="call_tedge_-h_-V" skipped="0" tests="1" time="0.55" timestamp="2022-06-08T13:09:47">
	<testcase classname="PySysTest" name="call_tedge_-h_-V">
		<failure message="FAILED: Grep on tedge.out contains &quot;tedge 0.6&quot;" type="FAILED"/>
		<system-out>13:09:46 INFO  ==============================================================
13:09:46 INFO  Id:    call_tedge_-h_-V
13:09:46 INFO  Dir:   tedge/
13:09:46 INFO  Title: Validate command line option -h -V
13:09:46 INFO  ==============================================================
13:09:46 INFO  Executed tedge, exit status 0
13:09:46 WARN  Grep on tedge.out contains &quot;tedge 0.6&quot; ... failed [run.py:32]
13:09:46 INFO  Grep on file tedge.out ... passed
13:09:46 INFO  
13:09:46 INFO  Test duration: 0.55 secs
13:09:46 INFO  Test final outcome:  FAILED
13:09:46 INFO  Test outcome reason: Grep on tedge.out contains &quot;tedge 0.6&quot;
13:09:46 INFO  
</system-out>
	</testcase>
</testsuite>
