<?xml version="1.0" encoding="utf-8"?>
<testsuite failures="1" name="monitoring_smaller_interval" skipped="0" tests="1" time="14.82" timestamp="2022-07-22T07:26:11">
	<testcase classname="MonitoringSmallInterval" name="monitoring_smaller_interval">
		<failure message="BLOCKED: TypeError: 'int' object is not subscriptable" type="BLOCKED"/>
		<system-out>07:25:56 INFO  ==============================================================
07:25:56 INFO  Id:    monitoring_smaller_interval
07:25:56 INFO  Dir:   monitoring/
07:25:56 INFO  Title: Validate the tedge dm agent messages that are produced with smaller sampling interval than the batching window. Here the simulated collectd messages are used
07:25:56 INFO  ==============================================================
07:25:57 INFO  Executed sudo&lt;collectd&gt;, exit status 0
07:25:57 INFO  Executed sudo&lt;collectd_mapper&gt;, exit status 0
07:25:57 INFO  Started sudo&lt;tedge_sub&gt; with process id 9192
07:25:58 INFO  Executed sudo&lt;tedge_temp&gt;, exit status 0
07:25:58 INFO  Executed sudo&lt;tedge_pres&gt;, exit status 0
07:25:59 INFO  Executed sudo&lt;tedge_temp&gt;, exit status 0
07:25:59 INFO  Executed sudo&lt;tedge_pres&gt;, exit status 0
07:26:00 INFO  Executed sudo&lt;tedge_temp&gt;, exit status 0
07:26:00 INFO  Executed sudo&lt;tedge_pres&gt;, exit status 0
07:26:01 INFO  Executed sudo&lt;tedge_temp&gt;, exit status 0
07:26:02 INFO  Executed sudo&lt;tedge_pres&gt;, exit status 0
07:26:02 INFO  Executed sudo&lt;tedge_temp&gt;, exit status 0
07:26:03 INFO  Executed sudo&lt;tedge_pres&gt;, exit status 0
07:26:03 INFO  Executed sudo&lt;tedge_temp&gt;, exit status 0
07:26:04 INFO  Executed sudo&lt;tedge_pres&gt;, exit status 0
07:26:05 INFO  Executed sudo&lt;tedge_temp&gt;, exit status 0
07:26:05 INFO  Executed sudo&lt;tedge_pres&gt;, exit status 0
07:26:06 INFO  Executed sudo&lt;tedge_temp&gt;, exit status 0
07:26:06 INFO  Executed sudo&lt;tedge_pres&gt;, exit status 0
07:26:07 INFO  Executed sudo&lt;tedge_temp&gt;, exit status 0
07:26:07 INFO  Executed sudo&lt;tedge_pres&gt;, exit status 0
07:26:08 INFO  Executed sudo&lt;tedge_temp&gt;, exit status 0
07:26:09 INFO  Executed sudo&lt;tedge_pres&gt;, exit status 0
07:26:10 INFO  Executed sudo&lt;kill_out&gt;, exit status 0
07:26:10 INFO  0

07:26:10 WARN  TypeError occurred while running test - 'int' object is not subscriptable
Traceback (most recent call last):
  File &quot;/home/pi/env-pysys/lib/python3.7/site-packages/pysys/baserunner.py&quot;, line 1296, in __call__
    self.testObj.validate()
  File &quot;/home/pi/actions-runner/_work/thin-edge.io/thin-edge.io/tests/PySys/monitoring/monitoring_smaller_interval/run.py&quot;, line 104, in validate
    collectd_msg_validation_result=self.validate_json(),
  File &quot;/home/pi/actions-runner/_work/thin-edge.io/thin-edge.io/tests/PySys/monitoring/monitoring_smaller_interval/run.py&quot;, line 114, in validate_json
    if not self.validate_time():
  File &quot;/home/pi/actions-runner/_work/thin-edge.io/thin-edge.io/tests/PySys/monitoring/monitoring_smaller_interval/run.py&quot;, line 134, in validate_time
    if self.js_msg[&quot;time&quot;]:
TypeError: 'int' object is not subscriptable
07:26:10 WARN  TypeError: 'int' object is not subscriptable ... blocked 
07:26:10 INFO  
07:26:10 INFO  cleanup:
07:26:10 INFO  monitoring_cleanup
07:26:11 INFO  Executed sudo&lt;collectd_mapper&gt;, exit status 0
07:26:11 INFO  
07:26:11 INFO  Test duration: 14.82 secs
07:26:11 INFO  Test final outcome:  BLOCKED
07:26:11 INFO  Test outcome reason: TypeError: 'int' object is not subscriptable
07:26:11 INFO  
</system-out>
	</testcase>
</testsuite>
