<?xml version="1.0" encoding="utf-8"?>
<testsuite failures="0" name="mqtt_port_change_connection_works" skipped="1" tests="1" time="0.06" timestamp="2022-06-22T09:42:51">
	<testcase classname="MqttPortChangeConnectionWorks" name="mqtt_port_change_connection_works">
		<skipped message="SKIPPED: failing intermitently"/>
		<system-out>09:42:51 INFO  ==============================================================
09:42:51 INFO  Id:    mqtt_port_change_connection_works
09:42:51 INFO  Dir:   misc_features/
09:42:51 INFO  Title: mqtt port change connection works for all the thin-edge services that use the mosquitto broker
09:42:51 INFO  ==============================================================
09:42:51 INFO  failing intermitently ... skipped
09:42:51 INFO  
09:42:51 INFO  Test duration: 0.06 secs
09:42:51 INFO  Test final outcome:  SKIPPED
09:42:51 INFO  Test outcome reason: failing intermitently
09:42:51 INFO  
</system-out>
	</testcase>
</testsuite>
