<?xml version="1.0" encoding="utf-8"?>
<testsuite failures="0" name="tedge_agent_user_sudo_access" skipped="1" tests="1" time="0.02" timestamp="2022-06-15T11:05:06">
	<testcase classname="TedgeAgentUserSudoAccess" name="tedge_agent_user_sudo_access">
		<skipped message="SKIPPED: #955 Observation: Exit code of the apt plugin when called with no arguments"/>
		<system-out>11:05:06 INFO  ==============================================================
11:05:06 INFO  Id:    tedge_agent_user_sudo_access
11:05:06 INFO  Dir:   tedge/
11:05:06 INFO  Title: Validate tedge-agent user has a limited sudo right
11:05:06 INFO  ==============================================================
11:05:06 INFO  #955 Observation: Exit code of the apt plugin when called with no arguments ... skipped
11:05:06 INFO  
11:05:06 INFO  Test duration: 0.02 secs
11:05:06 INFO  Test final outcome:  SKIPPED
11:05:06 INFO  Test outcome reason: #955 Observation: Exit code of the apt plugin when called with no arguments
11:05:06 INFO  
</system-out>
	</testcase>
</testsuite>
