<?xml version="1.0" encoding="utf-8"?>
<testsuite failures="0" name="tedge_mapper_az_with_timestamp" skipped="0" tests="1" time="2.45" timestamp="2022-05-25T11:04:33">
	<testcase classname="TedgeMapperAzWithTimestamp" name="tedge_mapper_az_with_timestamp"/>
</testsuite>
