<?xml version="1.0" encoding="utf-8"?>
<testsuite failures="0" name="apt_install" skipped="1" tests="1" time="0.05" timestamp="2022-07-21T14:51:24">
	<testcase classname="AptPluginInstallDense" name="apt_install">
		<skipped message="SKIPPED: Testing the apt plugin is not supported on this platform.To run the tests call PySys with -XmyPlatform='container'"/>
		<system-out>14:51:24 INFO  ==============================================================
14:51:24 INFO  Id:    apt_install
14:51:24 INFO  Dir:   plugin_apt/
14:51:24 INFO  Title: Validate apt plugin prepare - dense version
14:51:24 INFO  ==============================================================
14:51:24 INFO  Testing the apt plugin is not supported on this platform.To run the tests call PySys with -XmyPlatform='container' ... skipped
14:51:24 WARN  Aborted test due to SKIPPED outcome
14:51:24 INFO  
14:51:24 INFO  Test duration: 0.05 secs
14:51:24 INFO  Test final outcome:  SKIPPED
14:51:24 INFO  Test outcome reason: Testing the apt plugin is not supported on this platform.To run the tests call PySys with -XmyPlatform='container'
14:51:24 INFO  
</system-out>
	</testcase>
</testsuite>
