<?xml version="1.0" encoding="utf-8"?>
<testsuite failures="1" name="monitoring_smaller_interval" skipped="0" tests="1" time="14.87" timestamp="2022-07-19T13:39:01">
	<testcase classname="MonitoringSmallInterval" name="monitoring_smaller_interval">
		<failure message="BLOCKED: TypeError: 'int' object is not subscriptable" type="BLOCKED"/>
		<system-out>13:38:46 INFO  ==============================================================
13:38:46 INFO  Id:    monitoring_smaller_interval
13:38:46 INFO  Dir:   monitoring/
13:38:46 INFO  Title: Validate the tedge dm agent messages that are produced with smaller sampling interval than the batching window. Here the simulated collectd messages are used
13:38:46 INFO  ==============================================================
13:38:47 INFO  Executed sudo&lt;collectd&gt;, exit status 0
13:38:48 INFO  Executed sudo&lt;collectd_mapper&gt;, exit status 0
13:38:48 INFO  Started sudo&lt;tedge_sub&gt; with process id 29124
13:38:48 INFO  Executed sudo&lt;tedge_temp&gt;, exit status 0
13:38:49 INFO  Executed sudo&lt;tedge_pres&gt;, exit status 0
13:38:49 INFO  Executed sudo&lt;tedge_temp&gt;, exit status 0
13:38:50 INFO  Executed sudo&lt;tedge_pres&gt;, exit status 0
13:38:51 INFO  Executed sudo&lt;tedge_temp&gt;, exit status 0
13:38:51 INFO  Executed sudo&lt;tedge_pres&gt;, exit status 0
13:38:52 INFO  Executed sudo&lt;tedge_temp&gt;, exit status 0
13:38:52 INFO  Executed sudo&lt;tedge_pres&gt;, exit status 0
13:38:53 INFO  Executed sudo&lt;tedge_temp&gt;, exit status 0
13:38:53 INFO  Executed sudo&lt;tedge_pres&gt;, exit status 0
13:38:54 INFO  Executed sudo&lt;tedge_temp&gt;, exit status 0
13:38:54 INFO  Executed sudo&lt;tedge_pres&gt;, exit status 0
13:38:55 INFO  Executed sudo&lt;tedge_temp&gt;, exit status 0
13:38:56 INFO  Executed sudo&lt;tedge_pres&gt;, exit status 0
13:38:56 INFO  Executed sudo&lt;tedge_temp&gt;, exit status 0
13:38:57 INFO  Executed sudo&lt;tedge_pres&gt;, exit status 0
13:38:57 INFO  Executed sudo&lt;tedge_temp&gt;, exit status 0
13:38:58 INFO  Executed sudo&lt;tedge_pres&gt;, exit status 0
13:38:59 INFO  Executed sudo&lt;tedge_temp&gt;, exit status 0
13:38:59 INFO  Executed sudo&lt;tedge_pres&gt;, exit status 0
13:39:01 INFO  Executed sudo&lt;kill_out&gt;, exit status 0
13:39:01 INFO  0

13:39:01 WARN  TypeError occurred while running test - 'int' object is not subscriptable
Traceback (most recent call last):
  File &quot;/home/pi/env-pysys/lib/python3.7/site-packages/pysys/baserunner.py&quot;, line 1296, in __call__
    self.testObj.validate()
  File &quot;/home/pi/actions-runner/_work/thin-edge.io/thin-edge.io/tests/PySys/monitoring/monitoring_smaller_interval/run.py&quot;, line 104, in validate
    collectd_msg_validation_result=self.validate_json(),
  File &quot;/home/pi/actions-runner/_work/thin-edge.io/thin-edge.io/tests/PySys/monitoring/monitoring_smaller_interval/run.py&quot;, line 114, in validate_json
    if not self.validate_time():
  File &quot;/home/pi/actions-runner/_work/thin-edge.io/thin-edge.io/tests/PySys/monitoring/monitoring_smaller_interval/run.py&quot;, line 134, in validate_time
    if self.js_msg[&quot;time&quot;]:
TypeError: 'int' object is not subscriptable
13:39:01 WARN  TypeError: 'int' object is not subscriptable ... blocked 
13:39:01 INFO  
13:39:01 INFO  cleanup:
13:39:01 INFO  monitoring_cleanup
13:39:01 INFO  Executed sudo&lt;collectd_mapper&gt;, exit status 0
13:39:01 INFO  
13:39:01 INFO  Test duration: 14.87 secs
13:39:01 INFO  Test final outcome:  BLOCKED
13:39:01 INFO  Test outcome reason: TypeError: 'int' object is not subscriptable
13:39:01 INFO  
</system-out>
	</testcase>
</testsuite>
