<?xml version="1.0" encoding="utf-8"?>
<testsuite failures="0" name="apt_sequence_install_with_version_fail" skipped="1" tests="1" time="0.02" timestamp="2022-07-15T07:40:04">
	<testcase classname="AptPluginInstallWithVersionFails" name="apt_sequence_install_with_version_fail">
		<skipped message="SKIPPED: Testing the apt plugin is not supported on this platform.To run the tests call PySys with -XmyPlatform='container'"/>
		<system-out>07:40:04 INFO  ==============================================================
07:40:04 INFO  Id:    apt_sequence_install_with_version_fail
07:40:04 INFO  Dir:   plugin_apt/
07:40:04 INFO  Title: Validate apt plugin install with version fails use case
07:40:04 INFO  ==============================================================
07:40:04 INFO  Testing the apt plugin is not supported on this platform.To run the tests call PySys with -XmyPlatform='container' ... skipped
07:40:04 WARN  Aborted test due to SKIPPED outcome
07:40:04 INFO  
07:40:04 INFO  Test duration: 0.02 secs
07:40:04 INFO  Test final outcome:  SKIPPED
07:40:04 INFO  Test outcome reason: Testing the apt plugin is not supported on this platform.To run the tests call PySys with -XmyPlatform='container'
07:40:04 INFO  
</system-out>
	</testcase>
</testsuite>
