<?xml version="1.0" encoding="utf-8"?>
<testsuite failures="0" name="mqtt_port_change_connection_works" skipped="1" tests="1" time="0.02" timestamp="2022-07-22T15:47:43">
	<testcase classname="MqttPortChangeConnectionWorks" name="mqtt_port_change_connection_works">
		<skipped message="SKIPPED: failing intermitently"/>
		<system-out>15:47:43 INFO  ==============================================================
15:47:43 INFO  Id:    mqtt_port_change_connection_works
15:47:43 INFO  Dir:   misc_features/
15:47:43 INFO  Title: mqtt port change connection works for all the thin-edge services that use the mosquitto broker
15:47:43 INFO  ==============================================================
15:47:43 INFO  failing intermitently ... skipped
15:47:43 INFO  
15:47:43 INFO  Test duration: 0.02 secs
15:47:43 INFO  Test final outcome:  SKIPPED
15:47:43 INFO  Test outcome reason: failing intermitently
15:47:43 INFO  
</system-out>
	</testcase>
</testsuite>
