<?xml version="1.0" encoding="utf-8"?>
<testsuite failures="0" name="mqtt_port_change_connection_works" skipped="1" tests="1" time="0.05" timestamp="2022-07-20T10:44:33">
	<testcase classname="MqttPortChangeConnectionWorks" name="mqtt_port_change_connection_works">
		<skipped message="SKIPPED: failing intermitently"/>
		<system-out>10:44:33 INFO  ==============================================================
10:44:33 INFO  Id:    mqtt_port_change_connection_works
10:44:33 INFO  Dir:   misc_features/
10:44:33 INFO  Title: mqtt port change connection works for all the thin-edge services that use the mosquitto broker
10:44:33 INFO  ==============================================================
10:44:33 INFO  failing intermitently ... skipped
10:44:33 INFO  
10:44:33 INFO  Test duration: 0.05 secs
10:44:33 INFO  Test final outcome:  SKIPPED
10:44:33 INFO  Test outcome reason: failing intermitently
10:44:33 INFO  
</system-out>
	</testcase>
</testsuite>
