<?xml version="1.0" encoding="utf-8"?>
<testsuite failures="0" name="c8y_restart_bridge" skipped="0" tests="1" time="23.3" timestamp="2022-06-07T11:38:35">
	<testcase classname="RestartBridge" name="c8y_restart_bridge"/>
</testsuite>
