<?xml version="1.0" encoding="utf-8"?>
<testsuite failures="1" name="mapper_awaits_before_reconnect" skipped="0" tests="1" time="11.46" timestamp="2022-07-25T15:16:31">
	<testcase classname="MapperReconnectAwait" name="mapper_awaits_before_reconnect">
		<failure message="FAILED: Line count on tedge_mapper_journal.out for &quot;tedge_mapper::core::mapper: MQTT connection error:&quot; expected &gt;=2 but got 0" type="FAILED"/>
		<system-out>15:16:20 INFO  ==============================================================
15:16:20 INFO  Id:    mapper_awaits_before_reconnect
15:16:20 INFO  Dir:   tedge_mapper_c8y/
15:16:20 INFO  Title: Validate mapper doesn't reconnect too often
15:16:20 INFO  ==============================================================
15:16:20 INFO  Started mosquitto_sub with process id 14898
15:16:20 INFO  Waiting for 0.1 seconds
15:16:20 INFO  Executed sudo&lt;tedge_mapper&gt;, exit status 0
15:16:20 INFO  Waiting for 5.0 seconds
15:16:26 INFO  Executed sudo&lt;tedge_mapper&gt;, exit status 0
15:16:31 INFO  Executed sudo&lt;tedge_mapper_journal&gt;, exit status 0
15:16:31 WARN  Grep on tedge_mapper_journal.out contains &quot;ERROR&quot; ... failed [run.py:67]
15:16:31 INFO  Line count on file tedge_mapper_journal.out ... passed
15:16:31 WARN  Line count on tedge_mapper_journal.out for &quot;tedge_mapper::core::mapper: MQTT connection error:&quot; expected &gt;=2 but got 0 ... failed [run.py:78]
15:16:31 WARN  Aborted test due to FAILED outcome
15:16:31 INFO  
15:16:31 INFO  Test duration: 11.46 secs
15:16:31 INFO  Test final outcome:  FAILED
15:16:31 INFO  Test outcome reason: Line count on tedge_mapper_journal.out for &quot;tedge_mapper::core::mapper: MQTT connection error:&quot; expected &gt;=2 but got 0
15:16:31 INFO  
</system-out>
	</testcase>
</testsuite>
