<?xml version="1.0" encoding="utf-8"?>
<testsuite failures="1" name="agent_init_session" skipped="0" tests="1" time="5.86" timestamp="2022-06-22T18:57:21">
	<testcase classname="AgentInitSession" name="agent_init_session">
		<failure message="FAILED: Grep on sub_resp.out contains &quot;Ld3KgqpcLDlrYH6sfpG7w&quot;" type="FAILED"/>
		<system-out>18:57:15 INFO  ==============================================================
18:57:15 INFO  Id:    agent_init_session
18:57:15 INFO  Dir:   tedge_agent/
18:57:15 INFO  Title: Validate tedge agent init session feature
18:57:15 INFO  ==============================================================
18:57:16 INFO  Executed sudo&lt;remove_lock&gt;, exit status 0
18:57:16 INFO  Executed sudo&lt;agent_clear&gt;, exit status 0
18:57:17 INFO  Executed sudo&lt;agent_init&gt;, exit status 0
18:57:17 INFO  Executed sudo&lt;pub_req&gt;, exit status 0
18:57:17 INFO  Started sudo&lt;sub_resp&gt; with process id 12053
18:57:18 INFO  Executed sudo&lt;agent_start&gt;, exit status 0
18:57:18 INFO  Waiting for 2.0 seconds
18:57:21 INFO  Executed sudo&lt;agent_stop&gt;, exit status 0
18:57:21 INFO  Executed sudo&lt;sub_stop&gt;, exit status 0
18:57:21 WARN  Grep on sub_resp.out contains &quot;Ld3KgqpcLDlrYH6sfpG7w&quot; ... failed [run.py:87]
18:57:21 INFO  
18:57:21 INFO  Test duration: 5.86 secs
18:57:21 INFO  Test final outcome:  FAILED
18:57:21 INFO  Test outcome reason: Grep on sub_resp.out contains &quot;Ld3KgqpcLDlrYH6sfpG7w&quot;
18:57:21 INFO  
</system-out>
	</testcase>
</testsuite>
