<?xml version="1.0" encoding="utf-8"?>
<testsuite failures="0" name="SoftwareManagement.sm_fake_install_remove" skipped="1" tests="1" time="0.02" timestamp="2022-05-23T15:08:41">
	<testcase classname="PySysTest" name="SoftwareManagement.sm_fake_install_remove">
		<skipped message="SKIPPED: Testing the fake plugin is not enabled.Use parameter -Xfakeplugin=fakeplugin to enable it"/>
		<system-out>15:08:41 INFO  ==============================================================
15:08:41 INFO  Id:    SoftwareManagement.sm_fake_install_remove
15:08:41 INFO  Dir:   software_management_end_to_end/
15:08:41 INFO  Title: Validate end to end behaviour for the dummy plugin for installation and removal of packages
15:08:41 INFO  ==============================================================
15:08:41 INFO  Testing the fake plugin is not enabled.Use parameter -Xfakeplugin=fakeplugin to enable it ... skipped
15:08:41 WARN  Aborted test due to SKIPPED outcome
15:08:41 INFO  
15:08:41 INFO  Test duration: 0.02 secs
15:08:41 INFO  Test final outcome:  SKIPPED
15:08:41 INFO  Test outcome reason: Testing the fake plugin is not enabled.Use parameter -Xfakeplugin=fakeplugin to enable it
15:08:41 INFO  
</system-out>
	</testcase>
</testsuite>
