<?xml version="1.0" encoding="utf-8"?>
<testsuite failures="1" name="tedge_mapper_c8y_packet_threshold_size" skipped="0" tests="1" time="3.01" timestamp="2022-05-23T13:34:50">
	<testcase classname="TedgeMapperC8yThresholdPacketSize" name="tedge_mapper_c8y_packet_threshold_size">
		<failure message="FAILED: Grep on tedge_sub.out contains &quot;The size of the message received on tedge/measurements is 20489 which is greater than the threshold size of 16184.&quot;" type="FAILED"/>
		<system-out>13:34:47 INFO  ==============================================================
13:34:47 INFO  Id:    tedge_mapper_c8y_packet_threshold_size
13:34:47 INFO  Dir:   tedge_mapper_c8y/
13:34:47 INFO  Title: Validate the Cumulocity Mapper accepted threshold packet size when it receives a message on tedge/measurements
13:34:47 INFO  ==============================================================
13:34:47 INFO  Executed sudo&lt;tedge_mapper_c8y&gt;, exit status 0
13:34:47 INFO  Started sudo&lt;tedge_sub&gt; with process id 22264
13:34:48 INFO  Executed sudo&lt;tedge_msg&gt;, exit status 0
13:34:48 INFO  Executed sudo&lt;tedge_pub&gt;, exit status 0
13:34:49 INFO  Executed sudo&lt;kill_out&gt;, exit status 0
13:34:49 WARN  Grep on tedge_sub.out contains &quot;The size of the message received on tedge/measurements is 20489 which is greater than the threshold size of 16184.&quot; ... failed [run.py:88]
13:34:49 INFO  
13:34:49 INFO  cleanup:
13:34:49 INFO  mapper_cleanup
13:34:50 INFO  Executed sudo&lt;tedge_mapper_c8y&gt;, exit status 0
13:34:50 INFO  
13:34:50 INFO  Test duration: 3.01 secs
13:34:50 INFO  Test final outcome:  FAILED
13:34:50 INFO  Test outcome reason: Grep on tedge_sub.out contains &quot;The size of the message received on tedge/measurements is 20489 which is greater than the threshold size of 16184.&quot;
13:34:50 INFO  
</system-out>
	</testcase>
</testsuite>
