<?xml version="1.0" encoding="utf-8"?>
<testsuite failures="0" name="monitoring_with_collectd" skipped="1" tests="1" time="0.02" timestamp="2022-07-26T07:17:08">
	<testcase classname="MonitoringWithCollectd" name="monitoring_with_collectd">
		<skipped message="SKIPPED: Test execution disabled due to #792 (instable)"/>
		<system-out>07:17:08 INFO  ==============================================================
07:17:08 INFO  Id:    monitoring_with_collectd
07:17:08 INFO  Dir:   monitoring/
07:17:08 INFO  Title: Validate tedge dm agent messages that are produced by batching the collectd messages
07:17:08 INFO  ==============================================================
07:17:08 INFO  Test execution disabled due to #792 (instable) ... skipped
07:17:08 INFO  
07:17:08 INFO  Test duration: 0.02 secs
07:17:08 INFO  Test final outcome:  SKIPPED
07:17:08 INFO  Test outcome reason: Test execution disabled due to #792 (instable)
07:17:08 INFO  
</system-out>
	</testcase>
</testsuite>
