<?xml version="1.0" encoding="utf-8"?>
<testsuite failures="1" name="call_tedge_-h_-V" skipped="0" tests="1" time="0.51" timestamp="2022-05-23T19:17:30">
	<testcase classname="PySysTest" name="call_tedge_-h_-V">
		<failure message="FAILED: Grep on tedge.out contains &quot;tedge 0.6&quot;" type="FAILED"/>
		<system-out>19:17:30 INFO  ==============================================================
19:17:30 INFO  Id:    call_tedge_-h_-V
19:17:30 INFO  Dir:   tedge/
19:17:30 INFO  Title: Validate command line option -h -V
19:17:30 INFO  ==============================================================
19:17:30 INFO  Executed tedge, exit status 0
19:17:30 WARN  Grep on tedge.out contains &quot;tedge 0.6&quot; ... failed [run.py:32]
19:17:30 INFO  Grep on file tedge.out ... passed
19:17:30 INFO  
19:17:30 INFO  Test duration: 0.51 secs
19:17:30 INFO  Test final outcome:  FAILED
19:17:30 INFO  Test outcome reason: Grep on tedge.out contains &quot;tedge 0.6&quot;
19:17:30 INFO  
</system-out>
	</testcase>
</testsuite>
