<?xml version="1.0" encoding="utf-8"?>
<testsuite failures="0" name="apt_prepare_install_finalize" skipped="1" tests="1" time="0.02" timestamp="2022-07-18T15:50:34">
	<testcase classname="AptPluginPrepareInstallFinalize" name="apt_prepare_install_finalize">
		<skipped message="SKIPPED: Testing the apt plugin is not supported on this platform.To run the tests call PySys with -XmyPlatform='container'"/>
		<system-out>15:50:34 INFO  ==============================================================
15:50:34 INFO  Id:    apt_prepare_install_finalize
15:50:34 INFO  Dir:   plugin_apt/
15:50:34 INFO  Title: Validate apt plugin install use case
15:50:34 INFO  ==============================================================
15:50:34 INFO  Testing the apt plugin is not supported on this platform.To run the tests call PySys with -XmyPlatform='container' ... skipped
15:50:34 WARN  Aborted test due to SKIPPED outcome
15:50:34 INFO  
15:50:34 INFO  Test duration: 0.02 secs
15:50:34 INFO  Test final outcome:  SKIPPED
15:50:34 INFO  Test outcome reason: Testing the apt plugin is not supported on this platform.To run the tests call PySys with -XmyPlatform='container'
15:50:34 INFO  
</system-out>
	</testcase>
</testsuite>
