<?xml version="1.0" encoding="utf-8"?>
<testsuite failures="0" name="apt_install_local_file_with_version" skipped="1" tests="1" time="0.02" timestamp="2022-07-21T14:51:25">
	<testcase classname="AptPluginInstallFromLocalFileWithVersion" name="apt_install_local_file_with_version">
		<skipped message="SKIPPED: Testing the apt plugin is not supported on this platform.To run the tests call PySys with -XmyPlatform='container'"/>
		<system-out>14:51:25 INFO  ==============================================================
14:51:25 INFO  Id:    apt_install_local_file_with_version
14:51:25 INFO  Dir:   plugin_apt/
14:51:25 INFO  Title: Validate apt plugin install from local file AND with a version - SUCCESS case
14:51:25 INFO  ==============================================================
14:51:25 INFO  Testing the apt plugin is not supported on this platform.To run the tests call PySys with -XmyPlatform='container' ... skipped
14:51:25 WARN  Aborted test due to SKIPPED outcome
14:51:25 INFO  
14:51:25 INFO  Test duration: 0.02 secs
14:51:25 INFO  Test final outcome:  SKIPPED
14:51:25 INFO  Test outcome reason: Testing the apt plugin is not supported on this platform.To run the tests call PySys with -XmyPlatform='container'
14:51:25 INFO  
</system-out>
	</testcase>
</testsuite>
