<?xml version="1.0" encoding="utf-8"?>
<testsuite failures="0" name="apt_install_fail" skipped="1" tests="1" time="0.02" timestamp="2022-07-16T17:16:13">
	<testcase classname="AptPluginInstallFail" name="apt_install_fail">
		<skipped message="SKIPPED: Testing the apt plugin is not supported on this platform.To run the tests call PySys with -XmyPlatform='container'"/>
		<system-out>17:16:13 INFO  ==============================================================
17:16:13 INFO  Id:    apt_install_fail
17:16:13 INFO  Dir:   plugin_apt/
17:16:13 INFO  Title: Validate apt plugin prepare - failing
17:16:13 INFO  ==============================================================
17:16:13 INFO  Testing the apt plugin is not supported on this platform.To run the tests call PySys with -XmyPlatform='container' ... skipped
17:16:13 WARN  Aborted test due to SKIPPED outcome
17:16:13 INFO  
17:16:13 INFO  Test duration: 0.02 secs
17:16:13 INFO  Test final outcome:  SKIPPED
17:16:13 INFO  Test outcome reason: Testing the apt plugin is not supported on this platform.To run the tests call PySys with -XmyPlatform='container'
17:16:13 INFO  
</system-out>
	</testcase>
</testsuite>
