<?xml version="1.0" encoding="utf-8"?>
<testsuite failures="0" name="docker_plugin_install_with_version" skipped="1" tests="1" time="0.03" timestamp="2022-06-22T17:20:14">
	<testcase classname="DockerPluginInstallWithVersionTest" name="docker_plugin_install_with_version">
		<skipped message="SKIPPED: Testing the docker plugin is not supported on this platform.To run it, all the test with -XmyPlatform='container'"/>
		<system-out>17:20:14 INFO  ==============================================================
17:20:14 INFO  Id:    docker_plugin_install_with_version
17:20:14 INFO  Dir:   plugin_docker/
17:20:14 INFO  Title: Validate docker plugin install
17:20:14 INFO  ==============================================================
17:20:14 INFO  Testing the docker plugin is not supported on this platform.To run it, all the test with -XmyPlatform='container' ... skipped
17:20:14 WARN  Aborted test due to SKIPPED outcome
17:20:14 INFO  
17:20:14 INFO  Test duration: 0.03 secs
17:20:14 INFO  Test final outcome:  SKIPPED
17:20:14 INFO  Test outcome reason: Testing the docker plugin is not supported on this platform.To run it, all the test with -XmyPlatform='container'
17:20:14 INFO  
</system-out>
	</testcase>
</testsuite>
