<?xml version="1.0" encoding="utf-8"?>
<testsuite failures="1" name="call_tedge_-h_-V" skipped="0" tests="1" time="0.74" timestamp="2022-07-26T07:26:51">
	<testcase classname="PySysTest" name="call_tedge_-h_-V">
		<failure message="FAILED: Grep on tedge.out contains &quot;tedge 0.6&quot;" type="FAILED"/>
		<system-out>07:26:50 INFO  ==============================================================
07:26:50 INFO  Id:    call_tedge_-h_-V
07:26:50 INFO  Dir:   tedge/
07:26:50 INFO  Title: Validate command line option -h -V
07:26:50 INFO  ==============================================================
07:26:51 INFO  Executed tedge, exit status 0
07:26:51 WARN  Grep on tedge.out contains &quot;tedge 0.6&quot; ... failed [run.py:32]
07:26:51 INFO  Grep on file tedge.out ... passed
07:26:51 INFO  
07:26:51 INFO  Test duration: 0.74 secs
07:26:51 INFO  Test final outcome:  FAILED
07:26:51 INFO  Test outcome reason: Grep on tedge.out contains &quot;tedge 0.6&quot;
07:26:51 INFO  
</system-out>
	</testcase>
</testsuite>
