<?xml version="1.0" encoding="utf-8"?>
<testsuite failures="0" name="SoftwareManagement.Plugin.apama_plugin_remove" skipped="1" tests="1" time="0.05" timestamp="2022-07-18T15:50:30">
	<testcase classname="ApamaPluginRemoveTest" name="SoftwareManagement.Plugin.apama_plugin_remove">
		<skipped message="SKIPPED: Apama plugin tests are disabled by default. Execute `pysys run` with `-XmyPlatform=container` to run these tests"/>
		<system-out>15:50:30 INFO  ==============================================================
15:50:30 INFO  Id:    SoftwareManagement.Plugin.apama_plugin_remove
15:50:30 INFO  Dir:   plugin_apama/
15:50:30 INFO  Title: Validate apama plugin remove
15:50:30 INFO  ==============================================================
15:50:30 INFO  Apama plugin tests are disabled by default. Execute `pysys run` with `-XmyPlatform=container` to run these tests ... skipped
15:50:30 WARN  Aborted test due to SKIPPED outcome
15:50:30 INFO  
15:50:30 INFO  Test duration: 0.05 secs
15:50:30 INFO  Test final outcome:  SKIPPED
15:50:30 INFO  Test outcome reason: Apama plugin tests are disabled by default. Execute `pysys run` with `-XmyPlatform=container` to run these tests
15:50:30 INFO  
</system-out>
	</testcase>
</testsuite>
