<?xml version="1.0" encoding="utf-8"?>
<testsuite failures="1" name="tedge_mapper_c8y_packet_threshold_size" skipped="0" tests="1" time="3.14" timestamp="2022-07-22T02:14:30">
	<testcase classname="TedgeMapperC8yThresholdPacketSize" name="tedge_mapper_c8y_packet_threshold_size">
		<failure message="FAILED: Grep on tedge_sub.out contains &quot;The size of the message received on tedge/measurements is 20489 which is greater than the threshold size of 16184.&quot;" type="FAILED"/>
		<system-out>02:14:27 INFO  ==============================================================
02:14:27 INFO  Id:    tedge_mapper_c8y_packet_threshold_size
02:14:27 INFO  Dir:   tedge_mapper_c8y/
02:14:27 INFO  Title: Validate the Cumulocity Mapper accepted threshold packet size when it receives a message on tedge/measurements
02:14:27 INFO  ==============================================================
02:14:28 INFO  Executed sudo&lt;tedge_mapper_c8y&gt;, exit status 0
02:14:28 INFO  Started sudo&lt;tedge_sub&gt; with process id 30963
02:14:28 INFO  Executed sudo&lt;tedge_msg&gt;, exit status 0
02:14:29 INFO  Executed sudo&lt;tedge_pub&gt;, exit status 0
02:14:29 INFO  Executed sudo&lt;kill_out&gt;, exit status 0
02:14:29 WARN  Grep on tedge_sub.out contains &quot;The size of the message received on tedge/measurements is 20489 which is greater than the threshold size of 16184.&quot; ... failed [run.py:88]
02:14:29 INFO  
02:14:29 INFO  cleanup:
02:14:29 INFO  mapper_cleanup
02:14:30 INFO  Executed sudo&lt;tedge_mapper_c8y&gt;, exit status 0
02:14:30 INFO  
02:14:30 INFO  Test duration: 3.14 secs
02:14:30 INFO  Test final outcome:  FAILED
02:14:30 INFO  Test outcome reason: Grep on tedge_sub.out contains &quot;The size of the message received on tedge/measurements is 20489 which is greater than the threshold size of 16184.&quot;
02:14:30 INFO  
</system-out>
	</testcase>
</testsuite>
