<?xml version="1.0" encoding="utf-8"?>
<testsuite failures="0" name="apt_prepare_install_finalize" skipped="1" tests="1" time="0.04" timestamp="2022-07-18T13:59:09">
	<testcase classname="AptPluginPrepareInstallFinalize" name="apt_prepare_install_finalize">
		<skipped message="SKIPPED: Testing the apt plugin is not supported on this platform.To run the tests call PySys with -XmyPlatform='container'"/>
		<system-out>13:59:09 INFO  ==============================================================
13:59:09 INFO  Id:    apt_prepare_install_finalize
13:59:09 INFO  Dir:   plugin_apt/
13:59:09 INFO  Title: Validate apt plugin install use case
13:59:09 INFO  ==============================================================
13:59:09 INFO  Testing the apt plugin is not supported on this platform.To run the tests call PySys with -XmyPlatform='container' ... skipped
13:59:09 WARN  Aborted test due to SKIPPED outcome
13:59:09 INFO  
13:59:09 INFO  Test duration: 0.04 secs
13:59:09 INFO  Test final outcome:  SKIPPED
13:59:09 INFO  Test outcome reason: Testing the apt plugin is not supported on this platform.To run the tests call PySys with -XmyPlatform='container'
13:59:09 INFO  
</system-out>
	</testcase>
</testsuite>
