<?xml version="1.0" encoding="utf-8"?>
<testsuite failures="0" name="SoftwareManagement.sm_docker_install_remove_multiple" skipped="1" tests="1" time="0.02" timestamp="2022-06-22T09:53:15">
	<testcase classname="SMDockerInstallRemove" name="SoftwareManagement.sm_docker_install_remove_multiple">
		<skipped message="SKIPPED: Testing the apt plugin is not supported on this platform.Use parameter -XmyPlatform='container' to enable it"/>
		<system-out>09:53:15 INFO  ==============================================================
09:53:15 INFO  Id:    SoftwareManagement.sm_docker_install_remove_multiple
09:53:15 INFO  Dir:   software_management_end_to_end/
09:53:15 INFO  Title: Validate end to end behaviour for the docker plugin for multiple docker images with mixed versions
09:53:15 INFO  ==============================================================
09:53:15 INFO  Testing the apt plugin is not supported on this platform.Use parameter -XmyPlatform='container' to enable it ... skipped
09:53:15 WARN  Aborted test due to SKIPPED outcome
09:53:15 INFO  
09:53:15 INFO  Test duration: 0.02 secs
09:53:15 INFO  Test final outcome:  SKIPPED
09:53:15 INFO  Test outcome reason: Testing the apt plugin is not supported on this platform.Use parameter -XmyPlatform='container' to enable it
09:53:15 INFO  
</system-out>
	</testcase>
</testsuite>
