<?xml version="1.0" encoding="utf-8"?>
<testsuite failures="1" name="mapper_awaits_before_reconnect" skipped="0" tests="1" time="11.43" timestamp="2022-07-18T14:12:00">
	<testcase classname="MapperReconnectAwait" name="mapper_awaits_before_reconnect">
		<failure message="FAILED: Line count on tedge_mapper_journal.out for &quot;tedge_mapper::core::mapper: MQTT connection error:&quot; expected &gt;=2 but got 0" type="FAILED"/>
		<system-out>14:11:49 INFO  ==============================================================
14:11:49 INFO  Id:    mapper_awaits_before_reconnect
14:11:49 INFO  Dir:   tedge_mapper_c8y/
14:11:49 INFO  Title: Validate mapper doesn't reconnect too often
14:11:49 INFO  ==============================================================
14:11:49 INFO  Started mosquitto_sub with process id 32485
14:11:49 INFO  Waiting for 0.1 seconds
14:11:49 INFO  Executed sudo&lt;tedge_mapper&gt;, exit status 0
14:11:49 INFO  Waiting for 5.0 seconds
14:11:55 INFO  Executed sudo&lt;tedge_mapper&gt;, exit status 0
14:12:00 INFO  Executed sudo&lt;tedge_mapper_journal&gt;, exit status 0
14:12:00 WARN  Grep on tedge_mapper_journal.out contains &quot;ERROR&quot; ... failed [run.py:67]
14:12:00 INFO  Line count on file tedge_mapper_journal.out ... passed
14:12:00 WARN  Line count on tedge_mapper_journal.out for &quot;tedge_mapper::core::mapper: MQTT connection error:&quot; expected &gt;=2 but got 0 ... failed [run.py:78]
14:12:00 WARN  Aborted test due to FAILED outcome
14:12:00 INFO  
14:12:00 INFO  Test duration: 11.43 secs
14:12:00 INFO  Test final outcome:  FAILED
14:12:00 INFO  Test outcome reason: Line count on tedge_mapper_journal.out for &quot;tedge_mapper::core::mapper: MQTT connection error:&quot; expected &gt;=2 but got 0
14:12:00 INFO  
</system-out>
	</testcase>
</testsuite>
