<?xml version="1.0" encoding="utf-8"?>
<testsuite failures="0" name="apt_finalize" skipped="1" tests="1" time="0.02" timestamp="2022-06-22T18:46:43">
	<testcase classname="AptPluginFinalize" name="apt_finalize">
		<skipped message="SKIPPED: Testing the apt plugin is not supported on this platform.To run the tests call PySys with -XmyPlatform='container'"/>
		<system-out>18:46:43 INFO  ==============================================================
18:46:43 INFO  Id:    apt_finalize
18:46:43 INFO  Dir:   plugin_apt/
18:46:43 INFO  Title: Validate apt plugin finalize - dense version
18:46:43 INFO  ==============================================================
18:46:43 INFO  Testing the apt plugin is not supported on this platform.To run the tests call PySys with -XmyPlatform='container' ... skipped
18:46:43 WARN  Aborted test due to SKIPPED outcome
18:46:43 INFO  
18:46:43 INFO  Test duration: 0.02 secs
18:46:43 INFO  Test final outcome:  SKIPPED
18:46:43 INFO  Test outcome reason: Testing the apt plugin is not supported on this platform.To run the tests call PySys with -XmyPlatform='container'
18:46:43 INFO  
</system-out>
	</testcase>
</testsuite>
