<?xml version="1.0" encoding="utf-8"?>
<testsuite failures="0" name="SoftwareManagement.sm_apt_install_remove_default" skipped="1" tests="1" time="0.02" timestamp="2022-07-15T07:49:39">
	<testcase classname="PySysTest" name="SoftwareManagement.sm_apt_install_remove_default">
		<skipped message="SKIPPED: Testing the apt plugin is not supported on this platform.Use parameter -XmyPlatform='container' to enable it"/>
		<system-out>07:49:39 INFO  ==============================================================
07:49:39 INFO  Id:    SoftwareManagement.sm_apt_install_remove_default
07:49:39 INFO  Dir:   software_management_end_to_end/
07:49:39 INFO  Title: Validate end to end behaviour for the default plugin for installation and removal of packages
07:49:39 INFO  ==============================================================
07:49:39 INFO  Testing the apt plugin is not supported on this platform.Use parameter -XmyPlatform='container' to enable it ... skipped
07:49:39 WARN  Aborted test due to SKIPPED outcome
07:49:39 INFO  
07:49:39 INFO  Test duration: 0.02 secs
07:49:39 INFO  Test final outcome:  SKIPPED
07:49:39 INFO  Test outcome reason: Testing the apt plugin is not supported on this platform.Use parameter -XmyPlatform='container' to enable it
07:49:39 INFO  
</system-out>
	</testcase>
</testsuite>
