<?xml version="1.0" encoding="utf-8"?>
<testsuite failures="0" name="c8y_restart_bridge" skipped="0" tests="1" time="22.75" timestamp="2022-07-21T23:08:46">
	<testcase classname="RestartBridge" name="c8y_restart_bridge"/>
</testsuite>
