<?xml version="1.0" encoding="utf-8"?>
<testsuite failures="0" name="SoftwareManagement.sm_apt_install_remove_with_version" skipped="1" tests="1" time="0.02" timestamp="2022-06-22T18:56:23">
	<testcase classname="PySysTest" name="SoftwareManagement.sm_apt_install_remove_with_version">
		<skipped message="SKIPPED: Testing the apt plugin is not supported on this platform.Use parameter -XmyPlatform='container' to enable it"/>
		<system-out>18:56:23 INFO  ==============================================================
18:56:23 INFO  Id:    SoftwareManagement.sm_apt_install_remove_with_version
18:56:23 INFO  Dir:   software_management_end_to_end/
18:56:23 INFO  Title: Validate end to end behaviour for the apt plugin for packages with version
18:56:23 INFO  ==============================================================
18:56:23 INFO  Testing the apt plugin is not supported on this platform.Use parameter -XmyPlatform='container' to enable it ... skipped
18:56:23 WARN  Aborted test due to SKIPPED outcome
18:56:23 INFO  
18:56:23 INFO  Test duration: 0.02 secs
18:56:23 INFO  Test final outcome:  SKIPPED
18:56:23 INFO  Test outcome reason: Testing the apt plugin is not supported on this platform.Use parameter -XmyPlatform='container' to enable it
18:56:23 INFO  
</system-out>
	</testcase>
</testsuite>
