<?xml version="1.0" encoding="utf-8"?>
<testsuite failures="0" name="docker_plugin_remove" skipped="1" tests="1" time="0.02" timestamp="2022-06-22T13:54:13">
	<testcase classname="DockerPluginRemoveTest" name="docker_plugin_remove">
		<skipped message="SKIPPED: Testing the docker plugin is not supported on this platform.To run it, all the test with -XmyPlatform='container'"/>
		<system-out>13:54:13 INFO  ==============================================================
13:54:13 INFO  Id:    docker_plugin_remove
13:54:13 INFO  Dir:   plugin_docker/
13:54:13 INFO  Title: Validate docker plugin remove
13:54:13 INFO  ==============================================================
13:54:13 INFO  Testing the docker plugin is not supported on this platform.To run it, all the test with -XmyPlatform='container' ... skipped
13:54:13 WARN  Aborted test due to SKIPPED outcome
13:54:13 INFO  
13:54:13 INFO  Test duration: 0.02 secs
13:54:13 INFO  Test final outcome:  SKIPPED
13:54:13 INFO  Test outcome reason: Testing the docker plugin is not supported on this platform.To run it, all the test with -XmyPlatform='container'
13:54:13 INFO  
</system-out>
	</testcase>
</testsuite>
