<?xml version="1.0" encoding="utf-8"?>
<testsuite failures="0" name="docker_plugin_remove" skipped="1" tests="1" time="0.02" timestamp="2022-06-17T08:36:45">
	<testcase classname="DockerPluginRemoveTest" name="docker_plugin_remove">
		<skipped message="SKIPPED: Testing the docker plugin is not supported on this platform.To run it, all the test with -XmyPlatform='container'"/>
		<system-out>08:36:45 INFO  ==============================================================
08:36:45 INFO  Id:    docker_plugin_remove
08:36:45 INFO  Dir:   plugin_docker/
08:36:45 INFO  Title: Validate docker plugin remove
08:36:45 INFO  ==============================================================
08:36:45 INFO  Testing the docker plugin is not supported on this platform.To run it, all the test with -XmyPlatform='container' ... skipped
08:36:45 WARN  Aborted test due to SKIPPED outcome
08:36:45 INFO  
08:36:45 INFO  Test duration: 0.02 secs
08:36:45 INFO  Test final outcome:  SKIPPED
08:36:45 INFO  Test outcome reason: Testing the docker plugin is not supported on this platform.To run it, all the test with -XmyPlatform='container'
08:36:45 INFO  
</system-out>
	</testcase>
</testsuite>
