<?xml version="1.0" encoding="utf-8"?>
<testsuite failures="1" name="c8y_jwt_token_retrieval" skipped="0" tests="1" time="23.77" timestamp="2022-07-25T13:31:02">
	<testcase classname="ValidateJWTTokenRetrieval" name="c8y_jwt_token_retrieval">
		<failure message="FAILED: Grep on resp_jwt.out contains &quot;\[c8y/s/dat\] 71,&quot;" type="FAILED"/>
		<system-out>13:30:39 INFO  ==============================================================
13:30:39 INFO  Id:    c8y_jwt_token_retrieval
13:30:39 INFO  Dir:   cloud_c8y/
13:30:39 INFO  Title: Validate the Cumulocity JWT Token Retrieval feature
13:30:39 INFO  ==============================================================
13:30:39 INFO  Executed sudo&lt;tedge_disconnect_c8y&gt;, exit status 0
13:30:54 INFO  Executed sudo&lt;tedge_connect_c8y&gt;, exit status 0, duration 15 secs
13:30:54 INFO  Started sudo&lt;resp_jwt&gt; with process id 16360
13:30:55 INFO  Executed sudo&lt;req_jwt&gt;, exit status 0
13:30:58 INFO  Executed sudo&lt;kill_out&gt;, exit status 0
13:30:58 WARN  Grep on resp_jwt.out contains &quot;\[c8y/s/dat\] 71,&quot; ... failed [run.py:60]
13:30:58 INFO  
13:30:58 INFO  cleanup:
13:31:02 INFO  Executed sudo&lt;tedge_disconnect_c8y&gt;, exit status 0
13:31:02 INFO  
13:31:02 INFO  Test duration: 23.77 secs
13:31:02 INFO  Test final outcome:  FAILED
13:31:02 INFO  Test outcome reason: Grep on resp_jwt.out contains &quot;\[c8y/s/dat\] 71,&quot;
13:31:02 INFO  
</system-out>
	</testcase>
</testsuite>
