<?xml version="1.0" encoding="utf-8"?>
<testsuite failures="1" name="agent_init_session" skipped="0" tests="1" time="5.92" timestamp="2022-06-22T09:54:14">
	<testcase classname="AgentInitSession" name="agent_init_session">
		<failure message="FAILED: Grep on sub_resp.out contains &quot;Ld3KgqpcLDlrYH6sfpG7w&quot;" type="FAILED"/>
		<system-out>09:54:08 INFO  ==============================================================
09:54:08 INFO  Id:    agent_init_session
09:54:08 INFO  Dir:   tedge_agent/
09:54:08 INFO  Title: Validate tedge agent init session feature
09:54:08 INFO  ==============================================================
09:54:08 INFO  Executed sudo&lt;remove_lock&gt;, exit status 0
09:54:09 INFO  Executed sudo&lt;agent_clear&gt;, exit status 0
09:54:09 INFO  Executed sudo&lt;agent_init&gt;, exit status 0
09:54:10 INFO  Executed sudo&lt;pub_req&gt;, exit status 0
09:54:10 INFO  Started sudo&lt;sub_resp&gt; with process id 24636
09:54:11 INFO  Executed sudo&lt;agent_start&gt;, exit status 0
09:54:11 INFO  Waiting for 2.0 seconds
09:54:13 INFO  Executed sudo&lt;agent_stop&gt;, exit status 0
09:54:14 INFO  Executed sudo&lt;sub_stop&gt;, exit status 0
09:54:14 WARN  Grep on sub_resp.out contains &quot;Ld3KgqpcLDlrYH6sfpG7w&quot; ... failed [run.py:87]
09:54:14 INFO  
09:54:14 INFO  Test duration: 5.92 secs
09:54:14 INFO  Test final outcome:  FAILED
09:54:14 INFO  Test outcome reason: Grep on sub_resp.out contains &quot;Ld3KgqpcLDlrYH6sfpG7w&quot;
09:54:14 INFO  
</system-out>
	</testcase>
</testsuite>
