<?xml version="1.0" encoding="utf-8"?>
<testsuite failures="0" name="docker_plugin_finalize" skipped="1" tests="1" time="0.05" timestamp="2022-07-21T09:57:53">
	<testcase classname="DockerPluginFinalizeTest" name="docker_plugin_finalize">
		<skipped message="SKIPPED: Testing the docker plugin is not supported on this platform.To run it, all the test with -XmyPlatform='container'"/>
		<system-out>09:57:53 INFO  ==============================================================
09:57:53 INFO  Id:    docker_plugin_finalize
09:57:53 INFO  Dir:   plugin_docker/
09:57:53 INFO  Title: Validate docker plugin finalize command
09:57:53 INFO  ==============================================================
09:57:53 INFO  Testing the docker plugin is not supported on this platform.To run it, all the test with -XmyPlatform='container' ... skipped
09:57:53 WARN  Aborted test due to SKIPPED outcome
09:57:53 INFO  
09:57:53 INFO  Test duration: 0.05 secs
09:57:53 INFO  Test final outcome:  SKIPPED
09:57:53 INFO  Test outcome reason: Testing the docker plugin is not supported on this platform.To run it, all the test with -XmyPlatform='container'
09:57:53 INFO  
</system-out>
	</testcase>
</testsuite>
