<?xml version="1.0" encoding="utf-8"?>
<testsuite failures="1" name="call_tedge_-h_-V" skipped="0" tests="1" time="0.74" timestamp="2022-07-22T09:31:27">
	<testcase classname="PySysTest" name="call_tedge_-h_-V">
		<failure message="FAILED: Grep on tedge.out contains &quot;tedge 0.6&quot;" type="FAILED"/>
		<system-out>09:31:26 INFO  ==============================================================
09:31:26 INFO  Id:    call_tedge_-h_-V
09:31:26 INFO  Dir:   tedge/
09:31:26 INFO  Title: Validate command line option -h -V
09:31:26 INFO  ==============================================================
09:31:27 INFO  Executed tedge, exit status 0
09:31:27 WARN  Grep on tedge.out contains &quot;tedge 0.6&quot; ... failed [run.py:32]
09:31:27 INFO  Grep on file tedge.out ... passed
09:31:27 INFO  
09:31:27 INFO  Test duration: 0.74 secs
09:31:27 INFO  Test final outcome:  FAILED
09:31:27 INFO  Test outcome reason: Grep on tedge.out contains &quot;tedge 0.6&quot;
09:31:27 INFO  
</system-out>
	</testcase>
</testsuite>
