<?xml version="1.0" encoding="utf-8"?>
<testsuite failures="0" name="apt_update_list" skipped="1" tests="1" time="0.02" timestamp="2022-06-22T09:43:42">
	<testcase classname="AptPluginUpdateList" name="apt_update_list">
		<skipped message="SKIPPED: Testing the apt plugin is not supported on this platform.To run the tests call PySys with -XmyPlatform='container'"/>
		<system-out>09:43:42 INFO  ==============================================================
09:43:42 INFO  Id:    apt_update_list
09:43:42 INFO  Dir:   plugin_apt/
09:43:42 INFO  Title: Validate apt plugin update-list command use case
09:43:42 INFO  ==============================================================
09:43:42 INFO  Testing the apt plugin is not supported on this platform.To run the tests call PySys with -XmyPlatform='container' ... skipped
09:43:42 WARN  Aborted test due to SKIPPED outcome
09:43:42 INFO  
09:43:42 INFO  Test duration: 0.02 secs
09:43:42 INFO  Test final outcome:  SKIPPED
09:43:42 INFO  Test outcome reason: Testing the apt plugin is not supported on this platform.To run the tests call PySys with -XmyPlatform='container'
09:43:42 INFO  
</system-out>
	</testcase>
</testsuite>
