<?xml version="1.0" encoding="utf-8"?>
<testsuite failures="1" name="agent_init_session" skipped="0" tests="1" time="5.89" timestamp="2022-05-23T15:09:39">
	<testcase classname="AgentInitSession" name="agent_init_session">
		<failure message="FAILED: Grep on sub_resp.out contains &quot;Ld3KgqpcLDlrYH6sfpG7w&quot;" type="FAILED"/>
		<system-out>15:09:33 INFO  ==============================================================
15:09:33 INFO  Id:    agent_init_session
15:09:33 INFO  Dir:   tedge_agent/
15:09:33 INFO  Title: Validate tedge agent init session feature
15:09:33 INFO  ==============================================================
15:09:34 INFO  Executed sudo&lt;remove_lock&gt;, exit status 0
15:09:35 INFO  Executed sudo&lt;agent_clear&gt;, exit status 0
15:09:35 INFO  Executed sudo&lt;agent_init&gt;, exit status 0
15:09:36 INFO  Executed sudo&lt;pub_req&gt;, exit status 0
15:09:36 INFO  Started sudo&lt;sub_resp&gt; with process id 3166
15:09:36 INFO  Executed sudo&lt;agent_start&gt;, exit status 0
15:09:36 INFO  Waiting for 2.0 seconds
15:09:39 INFO  Executed sudo&lt;agent_stop&gt;, exit status 0
15:09:39 INFO  Executed sudo&lt;sub_stop&gt;, exit status 0
15:09:39 WARN  Grep on sub_resp.out contains &quot;Ld3KgqpcLDlrYH6sfpG7w&quot; ... failed [run.py:87]
15:09:39 INFO  
15:09:39 INFO  Test duration: 5.89 secs
15:09:39 INFO  Test final outcome:  FAILED
15:09:39 INFO  Test outcome reason: Grep on sub_resp.out contains &quot;Ld3KgqpcLDlrYH6sfpG7w&quot;
15:09:39 INFO  
</system-out>
	</testcase>
</testsuite>
