<?xml version="1.0" encoding="utf-8"?>
<testsuite failures="1" name="log_request_error_messages" skipped="0" tests="1" time="59.55" timestamp="2022-05-23T11:06:53">
	<testcase classname="LogRequestVerifySearchTextError" name="log_request_error_messages">
		<failure message="BLOCKED: Exception: retry" type="BLOCKED"/>
		<system-out>11:05:54 INFO  ==============================================================
11:05:54 INFO  Id:    log_request_error_messages
11:05:54 INFO  Dir:   log_request_end_to_end/
11:05:54 INFO  Title: Validate end to end behaviour for the log request operation check for error messages
11:05:54 INFO  ==============================================================
11:05:55 INFO  EnvironmentC8y Setup
11:05:56 INFO  Executed systemctl&lt;serv_mapper1&gt;, exit status 3
11:05:56 INFO  Restarting mosquitto too frequently in the last 10 seconds. It was only up for 2 seconds
11:05:56 INFO  Delaying execution by 9 seconds
11:06:20 INFO  Executed sudo&lt;tedge_connect_c8y&gt;, exit status 0, duration 15 secs
11:06:21 INFO  Executed sudo&lt;tedge_connect_c8y_test&gt;, exit status 0
11:06:22 INFO  Executed systemctl&lt;serv_mosq2&gt;, exit status 0
11:06:22 INFO  Executed systemctl&lt;serv_mapper3&gt;, exit status 0
11:06:23 INFO  Executed sudo&lt;rm_logs&gt;, exit status 0
11:06:23 INFO  Executed sudo&lt;move_logs&gt;, exit status 0
11:06:24 INFO  log response None
11:06:24 WARN  retry, retrying in 1 seconds...
11:06:25 INFO  log response None
11:06:25 WARN  retry, retrying in 1 seconds...
11:06:26 INFO  log response None
11:06:26 WARN  retry, retrying in 1 seconds...
11:06:27 INFO  log response None
11:06:27 WARN  retry, retrying in 1 seconds...
11:06:28 INFO  log response None
11:06:28 WARN  retry, retrying in 1 seconds...
11:06:30 INFO  log response None
11:06:30 WARN  retry, retrying in 1 seconds...
11:06:31 INFO  log response None
11:06:31 WARN  retry, retrying in 1 seconds...
11:06:32 INFO  log response None
11:06:32 WARN  retry, retrying in 1 seconds...
11:06:33 INFO  log response None
11:06:33 WARN  retry, retrying in 1 seconds...
11:06:34 INFO  log response None
11:06:34 WARN  retry, retrying in 1 seconds...
11:06:36 INFO  log response None
11:06:36 WARN  retry, retrying in 1 seconds...
11:06:37 INFO  log response None
11:06:37 WARN  retry, retrying in 1 seconds...
11:06:38 INFO  log response None
11:06:38 WARN  retry, retrying in 1 seconds...
11:06:39 INFO  log response None
11:06:39 WARN  retry, retrying in 1 seconds...
11:06:41 INFO  log response None
11:06:41 WARN  retry, retrying in 1 seconds...
11:06:42 INFO  log response None
11:06:42 WARN  retry, retrying in 1 seconds...
11:06:43 INFO  log response None
11:06:43 WARN  retry, retrying in 1 seconds...
11:06:44 INFO  log response None
11:06:44 WARN  retry, retrying in 1 seconds...
11:06:46 INFO  log response None
11:06:46 WARN  retry, retrying in 1 seconds...
11:06:47 INFO  log response None
11:06:47 WARN  Exception occurred while running test - retry
Traceback (most recent call last):
  File &quot;/home/pi/env-pysys/lib/python3.7/site-packages/pysys/baserunner.py&quot;, line 1296, in __call__
    self.testObj.validate()
  File &quot;/home/pi/actions-runner/_work/thin-edge.io/thin-edge.io/tests/PySys/log_request_end_to_end/log_request_error_messages/run.py&quot;, line 43, in validate
    self.assertThat(&quot;True == value&quot;, value=self.wait_until_logs_retrieved())
  File &quot;/home/pi/env-pysys/lib/python3.7/site-packages/decorator.py&quot;, line 232, in fun
    return caller(func, *(extras + args), **kw)
  File &quot;/home/pi/env-pysys/lib/python3.7/site-packages/retry/api.py&quot;, line 74, in retry_decorator
    logger)
  File &quot;/home/pi/env-pysys/lib/python3.7/site-packages/retry/api.py&quot;, line 33, in __retry_internal
    return f()
  File &quot;/home/pi/actions-runner/_work/thin-edge.io/thin-edge.io/tests/PySys/log_request_end_to_end/log_request_error_messages/run.py&quot;, line 52, in wait_until_logs_retrieved
    raise Exception(&quot;retry&quot;)
Exception: retry
11:06:47 WARN  Exception: retry ... blocked 
11:06:47 INFO  
11:06:47 INFO  cleanup:
11:06:48 INFO  Executed sudo&lt;rm_logs&gt;, exit status 0
11:06:48 INFO  Executed sudo&lt;rm_tmp_logs&gt;, exit status 0
11:06:49 INFO  Executed sudo&lt;send_failed&gt;, exit status 0
11:06:53 INFO  Executed sudo&lt;tedge_disconnect_c8y&gt;, exit status 0
11:06:53 INFO  Executed systemctl&lt;serv_mapper5&gt;, exit status 3
11:06:53 INFO  
11:06:53 INFO  Test duration: 59.55 secs
11:06:53 INFO  Test final outcome:  BLOCKED
11:06:53 INFO  Test outcome reason: Exception: retry
11:06:53 INFO  
</system-out>
	</testcase>
</testsuite>
