<?xml version="1.0" encoding="utf-8"?>
<testsuite failures="1" name="call_tedge_-h_-V" skipped="0" tests="1" time="0.51" timestamp="2022-05-23T16:57:46">
	<testcase classname="PySysTest" name="call_tedge_-h_-V">
		<failure message="FAILED: Grep on tedge.out contains &quot;tedge 0.6&quot;" type="FAILED"/>
		<system-out>16:57:46 INFO  ==============================================================
16:57:46 INFO  Id:    call_tedge_-h_-V
16:57:46 INFO  Dir:   tedge/
16:57:46 INFO  Title: Validate command line option -h -V
16:57:46 INFO  ==============================================================
16:57:46 INFO  Executed tedge, exit status 0
16:57:46 WARN  Grep on tedge.out contains &quot;tedge 0.6&quot; ... failed [run.py:32]
16:57:46 INFO  Grep on file tedge.out ... passed
16:57:46 INFO  
16:57:46 INFO  Test duration: 0.51 secs
16:57:46 INFO  Test final outcome:  FAILED
16:57:46 INFO  Test outcome reason: Grep on tedge.out contains &quot;tedge 0.6&quot;
16:57:46 INFO  
</system-out>
	</testcase>
</testsuite>
