<?xml version="1.0" encoding="utf-8"?>
<testsuite failures="0" name="docker_plugin_update" skipped="1" tests="1" time="0.02" timestamp="2022-07-21T22:57:55">
	<testcase classname="DockerPluginUpdateTest" name="docker_plugin_update">
		<skipped message="SKIPPED: Testing the docker plugin is not supported on this platform.To run it, all the test with -XmyPlatform='container'"/>
		<system-out>22:57:55 INFO  ==============================================================
22:57:55 INFO  Id:    docker_plugin_update
22:57:55 INFO  Dir:   plugin_docker/
22:57:55 INFO  Title: Validate docker plugin install updates existing containers
22:57:55 INFO  ==============================================================
22:57:55 INFO  Testing the docker plugin is not supported on this platform.To run it, all the test with -XmyPlatform='container' ... skipped
22:57:55 WARN  Aborted test due to SKIPPED outcome
22:57:55 INFO  
22:57:55 INFO  Test duration: 0.02 secs
22:57:55 INFO  Test final outcome:  SKIPPED
22:57:55 INFO  Test outcome reason: Testing the docker plugin is not supported on this platform.To run it, all the test with -XmyPlatform='container'
22:57:55 INFO  
</system-out>
	</testcase>
</testsuite>
