<?xml version="1.0" encoding="utf-8"?>
<testsuite failures="0" name="mqtt_port_change_connection_works" skipped="1" tests="1" time="0.03" timestamp="2022-06-22T13:52:58">
	<testcase classname="MqttPortChangeConnectionWorks" name="mqtt_port_change_connection_works">
		<skipped message="SKIPPED: failing intermitently"/>
		<system-out>13:52:58 INFO  ==============================================================
13:52:58 INFO  Id:    mqtt_port_change_connection_works
13:52:58 INFO  Dir:   misc_features/
13:52:58 INFO  Title: mqtt port change connection works for all the thin-edge services that use the mosquitto broker
13:52:58 INFO  ==============================================================
13:52:58 INFO  failing intermitently ... skipped
13:52:58 INFO  
13:52:58 INFO  Test duration: 0.03 secs
13:52:58 INFO  Test final outcome:  SKIPPED
13:52:58 INFO  Test outcome reason: failing intermitently
13:52:58 INFO  
</system-out>
	</testcase>
</testsuite>
