<?xml version="1.0" encoding="utf-8"?>
<testsuite failures="1" name="mapper_awaits_before_reconnect" skipped="0" tests="1" time="7.97" timestamp="2022-05-23T19:20:43">
	<testcase classname="MapperReconnectAwait" name="mapper_awaits_before_reconnect">
		<failure message="FAILED: Line count on tedge_mapper_journal.out for &quot;tedge_mapper::core::mapper: MQTT connection error:&quot; expected &gt;=2 but got 0" type="FAILED"/>
		<system-out>19:20:35 INFO  ==============================================================
19:20:35 INFO  Id:    mapper_awaits_before_reconnect
19:20:35 INFO  Dir:   tedge_mapper_c8y/
19:20:35 INFO  Title: Validate mapper doesn't reconnect too often
19:20:35 INFO  ==============================================================
19:20:35 INFO  Started mosquitto_sub with process id 8894
19:20:35 INFO  Waiting for 0.1 seconds
19:20:35 INFO  Executed sudo&lt;tedge_mapper&gt;, exit status 0
19:20:35 INFO  Waiting for 5.0 seconds
19:20:41 INFO  Executed sudo&lt;tedge_mapper&gt;, exit status 0
19:20:43 INFO  Executed sudo&lt;tedge_mapper_journal&gt;, exit status 0
19:20:43 WARN  Grep on tedge_mapper_journal.out contains &quot;ERROR&quot; ... failed [run.py:67]
19:20:43 INFO  Line count on file tedge_mapper_journal.out ... passed
19:20:43 WARN  Line count on tedge_mapper_journal.out for &quot;tedge_mapper::core::mapper: MQTT connection error:&quot; expected &gt;=2 but got 0 ... failed [run.py:78]
19:20:43 WARN  Aborted test due to FAILED outcome
19:20:43 INFO  
19:20:43 INFO  Test duration: 7.97 secs
19:20:43 INFO  Test final outcome:  FAILED
19:20:43 INFO  Test outcome reason: Line count on tedge_mapper_journal.out for &quot;tedge_mapper::core::mapper: MQTT connection error:&quot; expected &gt;=2 but got 0
19:20:43 INFO  
</system-out>
	</testcase>
</testsuite>
