<?xml version="1.0" encoding="utf-8"?>
<testsuite failures="0" name="docker_plugin_install_with_version" skipped="1" tests="1" time="0.02" timestamp="2022-06-16T14:07:48">
	<testcase classname="DockerPluginInstallWithVersionTest" name="docker_plugin_install_with_version">
		<skipped message="SKIPPED: Testing the docker plugin is not supported on this platform.To run it, all the test with -XmyPlatform='container'"/>
		<system-out>14:07:47 INFO  ==============================================================
14:07:47 INFO  Id:    docker_plugin_install_with_version
14:07:47 INFO  Dir:   plugin_docker/
14:07:47 INFO  Title: Validate docker plugin install
14:07:47 INFO  ==============================================================
14:07:47 INFO  Testing the docker plugin is not supported on this platform.To run it, all the test with -XmyPlatform='container' ... skipped
14:07:48 WARN  Aborted test due to SKIPPED outcome
14:07:48 INFO  
14:07:48 INFO  Test duration: 0.02 secs
14:07:48 INFO  Test final outcome:  SKIPPED
14:07:48 INFO  Test outcome reason: Testing the docker plugin is not supported on this platform.To run it, all the test with -XmyPlatform='container'
14:07:48 INFO  
</system-out>
	</testcase>
</testsuite>
