<?xml version="1.0" encoding="utf-8"?>
<testsuite failures="1" name="tedge_mapper_c8y_packet_threshold_size" skipped="0" tests="1" time="2.97" timestamp="2022-06-07T11:42:12">
	<testcase classname="TedgeMapperC8yThresholdPacketSize" name="tedge_mapper_c8y_packet_threshold_size">
		<failure message="FAILED: Grep on tedge_sub.out contains &quot;The size of the message received on tedge/measurements is 20489 which is greater than the threshold size of 16184.&quot;" type="FAILED"/>
		<system-out>11:42:09 INFO  ==============================================================
11:42:09 INFO  Id:    tedge_mapper_c8y_packet_threshold_size
11:42:09 INFO  Dir:   tedge_mapper_c8y/
11:42:09 INFO  Title: Validate the Cumulocity Mapper accepted threshold packet size when it receives a message on tedge/measurements
11:42:09 INFO  ==============================================================
11:42:10 INFO  Executed sudo&lt;tedge_mapper_c8y&gt;, exit status 0
11:42:10 INFO  Started sudo&lt;tedge_sub&gt; with process id 26219
11:42:10 INFO  Executed sudo&lt;tedge_msg&gt;, exit status 0
11:42:11 INFO  Executed sudo&lt;tedge_pub&gt;, exit status 0
11:42:11 INFO  Executed sudo&lt;kill_out&gt;, exit status 0
11:42:11 WARN  Grep on tedge_sub.out contains &quot;The size of the message received on tedge/measurements is 20489 which is greater than the threshold size of 16184.&quot; ... failed [run.py:88]
11:42:11 INFO  
11:42:11 INFO  cleanup:
11:42:11 INFO  mapper_cleanup
11:42:12 INFO  Executed sudo&lt;tedge_mapper_c8y&gt;, exit status 0
11:42:12 INFO  
11:42:12 INFO  Test duration: 2.97 secs
11:42:12 INFO  Test final outcome:  FAILED
11:42:12 INFO  Test outcome reason: Grep on tedge_sub.out contains &quot;The size of the message received on tedge/measurements is 20489 which is greater than the threshold size of 16184.&quot;
11:42:12 INFO  
</system-out>
	</testcase>
</testsuite>
