<?xml version="1.0" encoding="utf-8"?>
<testsuite failures="0" name="apt_install_local_file" skipped="1" tests="1" time="0.02" timestamp="2022-07-22T00:29:55">
	<testcase classname="AptPluginInstallFromLocalFile" name="apt_install_local_file">
		<skipped message="SKIPPED: Testing the apt plugin is not supported on this platform.To run the tests call PySys with -XmyPlatform='container'"/>
		<system-out>00:29:55 INFO  ==============================================================
00:29:55 INFO  Id:    apt_install_local_file
00:29:55 INFO  Dir:   plugin_apt/
00:29:55 INFO  Title: Validate apt plugin install from local file - SUCCESS case
00:29:55 INFO  ==============================================================
00:29:55 INFO  Testing the apt plugin is not supported on this platform.To run the tests call PySys with -XmyPlatform='container' ... skipped
00:29:55 WARN  Aborted test due to SKIPPED outcome
00:29:55 INFO  
00:29:55 INFO  Test duration: 0.02 secs
00:29:55 INFO  Test final outcome:  SKIPPED
00:29:55 INFO  Test outcome reason: Testing the apt plugin is not supported on this platform.To run the tests call PySys with -XmyPlatform='container'
00:29:55 INFO  
</system-out>
	</testcase>
</testsuite>
