<?xml version="1.0" encoding="utf-8"?>
<testsuite failures="0" name="SoftwareManagement.Plugin.apama_plugin_install" skipped="1" tests="1" time="0.05" timestamp="2022-05-25T10:51:48">
	<testcase classname="ApamaPluginInstallTest" name="SoftwareManagement.Plugin.apama_plugin_install">
		<skipped message="SKIPPED: Apama plugin tests are disabled by default. Execute `pysys run` with `-XmyPlatform=container` to run these tests"/>
		<system-out>10:51:48 INFO  ==============================================================
10:51:48 INFO  Id:    SoftwareManagement.Plugin.apama_plugin_install
10:51:48 INFO  Dir:   plugin_apama/
10:51:48 INFO  Title: Validate apama plugin install
10:51:48 INFO  ==============================================================
10:51:48 INFO  Apama plugin tests are disabled by default. Execute `pysys run` with `-XmyPlatform=container` to run these tests ... skipped
10:51:48 WARN  Aborted test due to SKIPPED outcome
10:51:48 INFO  
10:51:48 INFO  Test duration: 0.05 secs
10:51:48 INFO  Test final outcome:  SKIPPED
10:51:48 INFO  Test outcome reason: Apama plugin tests are disabled by default. Execute `pysys run` with `-XmyPlatform=container` to run these tests
10:51:48 INFO  
</system-out>
	</testcase>
</testsuite>
