<?xml version="1.0" encoding="utf-8"?>
<testsuite failures="0" name="apt_remove" skipped="1" tests="1" time="0.04" timestamp="2022-07-21T13:21:35">
	<testcase classname="AptPluginRemoveDense" name="apt_remove">
		<skipped message="SKIPPED: Testing the apt plugin is not supported on this platform.To run the tests call PySys with -XmyPlatform='container'"/>
		<system-out>13:21:35 INFO  ==============================================================
13:21:35 INFO  Id:    apt_remove
13:21:35 INFO  Dir:   plugin_apt/
13:21:35 INFO  Title: Validate apt plugin prepare - dense version
13:21:35 INFO  ==============================================================
13:21:35 INFO  Testing the apt plugin is not supported on this platform.To run the tests call PySys with -XmyPlatform='container' ... skipped
13:21:35 WARN  Aborted test due to SKIPPED outcome
13:21:35 INFO  
13:21:35 INFO  Test duration: 0.04 secs
13:21:35 INFO  Test final outcome:  SKIPPED
13:21:35 INFO  Test outcome reason: Testing the apt plugin is not supported on this platform.To run the tests call PySys with -XmyPlatform='container'
13:21:35 INFO  
</system-out>
	</testcase>
</testsuite>
