<?xml version="1.0" encoding="utf-8"?>
<testsuite failures="0" name="tedge_agent_user_sudo_access" skipped="1" tests="1" time="0.02" timestamp="2022-07-25T12:00:28">
	<testcase classname="TedgeAgentUserSudoAccess" name="tedge_agent_user_sudo_access">
		<skipped message="SKIPPED: #955 Observation: Exit code of the apt plugin when called with no arguments"/>
		<system-out>12:00:28 INFO  ==============================================================
12:00:28 INFO  Id:    tedge_agent_user_sudo_access
12:00:28 INFO  Dir:   tedge/
12:00:28 INFO  Title: Validate tedge-agent user has a limited sudo right
12:00:28 INFO  ==============================================================
12:00:28 INFO  #955 Observation: Exit code of the apt plugin when called with no arguments ... skipped
12:00:28 INFO  
12:00:28 INFO  Test duration: 0.02 secs
12:00:28 INFO  Test final outcome:  SKIPPED
12:00:28 INFO  Test outcome reason: #955 Observation: Exit code of the apt plugin when called with no arguments
12:00:28 INFO  
</system-out>
	</testcase>
</testsuite>
