<?xml version="1.0" encoding="utf-8"?>
<testsuite failures="0" name="smoketest_json" skipped="0" tests="1" time="45.37" timestamp="2022-05-20T09:38:53">
	<testcase classname="SmokeTestJson" name="smoketest_json"/>
</testsuite>
