<?xml version="1.0" encoding="utf-8"?>
<testsuite failures="0" name="smoketest_smartrest" skipped="0" tests="1" time="47.83" timestamp="2022-07-18T14:05:14">
	<testcase classname="SmoketestSmartRest" name="smoketest_smartrest"/>
</testsuite>
