<?xml version="1.0" encoding="utf-8"?>
<testsuite failures="1" name="c8y_jwt_token_retrieval" skipped="0" tests="1" time="23.17" timestamp="2022-06-15T10:52:01">
	<testcase classname="ValidateJWTTokenRetrieval" name="c8y_jwt_token_retrieval">
		<failure message="FAILED: Grep on resp_jwt.out contains &quot;\[c8y/s/dat\] 71,&quot;" type="FAILED"/>
		<system-out>10:51:38 INFO  ==============================================================
10:51:38 INFO  Id:    c8y_jwt_token_retrieval
10:51:38 INFO  Dir:   cloud_c8y/
10:51:38 INFO  Title: Validate the Cumulocity JWT Token Retrieval feature
10:51:38 INFO  ==============================================================
10:51:39 INFO  Executed sudo&lt;tedge_disconnect_c8y&gt;, exit status 0
10:51:53 INFO  Executed sudo&lt;tedge_connect_c8y&gt;, exit status 0, duration 14 secs
10:51:53 INFO  Started sudo&lt;resp_jwt&gt; with process id 8637
10:51:54 INFO  Executed sudo&lt;req_jwt&gt;, exit status 0
10:51:56 INFO  Executed sudo&lt;kill_out&gt;, exit status 0
10:51:57 WARN  Grep on resp_jwt.out contains &quot;\[c8y/s/dat\] 71,&quot; ... failed [run.py:60]
10:51:57 INFO  
10:51:57 INFO  cleanup:
10:52:01 INFO  Executed sudo&lt;tedge_disconnect_c8y&gt;, exit status 0
10:52:01 INFO  
10:52:01 INFO  Test duration: 23.17 secs
10:52:01 INFO  Test final outcome:  FAILED
10:52:01 INFO  Test outcome reason: Grep on resp_jwt.out contains &quot;\[c8y/s/dat\] 71,&quot;
10:52:01 INFO  
</system-out>
	</testcase>
</testsuite>
