<?xml version="1.0" encoding="utf-8"?>
<testsuite failures="1" name="tedge_mapper_c8y_packet_threshold_size" skipped="0" tests="1" time="3.11" timestamp="2022-06-20T16:52:16">
	<testcase classname="TedgeMapperC8yThresholdPacketSize" name="tedge_mapper_c8y_packet_threshold_size">
		<failure message="FAILED: Grep on tedge_sub.out contains &quot;The size of the message received on tedge/measurements is 20489 which is greater than the threshold size of 16184.&quot;" type="FAILED"/>
		<system-out>16:52:13 INFO  ==============================================================
16:52:13 INFO  Id:    tedge_mapper_c8y_packet_threshold_size
16:52:13 INFO  Dir:   tedge_mapper_c8y/
16:52:13 INFO  Title: Validate the Cumulocity Mapper accepted threshold packet size when it receives a message on tedge/measurements
16:52:13 INFO  ==============================================================
16:52:13 INFO  Executed sudo&lt;tedge_mapper_c8y&gt;, exit status 0
16:52:13 INFO  Started sudo&lt;tedge_sub&gt; with process id 7677
16:52:14 INFO  Executed sudo&lt;tedge_msg&gt;, exit status 0
16:52:15 INFO  Executed sudo&lt;tedge_pub&gt;, exit status 0
16:52:15 INFO  Executed sudo&lt;kill_out&gt;, exit status 0
16:52:15 WARN  Grep on tedge_sub.out contains &quot;The size of the message received on tedge/measurements is 20489 which is greater than the threshold size of 16184.&quot; ... failed [run.py:88]
16:52:15 INFO  
16:52:15 INFO  cleanup:
16:52:15 INFO  mapper_cleanup
16:52:16 INFO  Executed sudo&lt;tedge_mapper_c8y&gt;, exit status 0
16:52:16 INFO  
16:52:16 INFO  Test duration: 3.11 secs
16:52:16 INFO  Test final outcome:  FAILED
16:52:16 INFO  Test outcome reason: Grep on tedge_sub.out contains &quot;The size of the message received on tedge/measurements is 20489 which is greater than the threshold size of 16184.&quot;
16:52:16 INFO  
</system-out>
	</testcase>
</testsuite>
