<?xml version="1.0" encoding="utf-8"?>
<testsuite failures="0" name="SoftwareManagement.sm_apt_install_remove_default" skipped="1" tests="1" time="0.02" timestamp="2022-07-25T10:29:15">
	<testcase classname="PySysTest" name="SoftwareManagement.sm_apt_install_remove_default">
		<skipped message="SKIPPED: Testing the apt plugin is not supported on this platform.Use parameter -XmyPlatform='container' to enable it"/>
		<system-out>10:29:15 INFO  ==============================================================
10:29:15 INFO  Id:    SoftwareManagement.sm_apt_install_remove_default
10:29:15 INFO  Dir:   software_management_end_to_end/
10:29:15 INFO  Title: Validate end to end behaviour for the default plugin for installation and removal of packages
10:29:15 INFO  ==============================================================
10:29:15 INFO  Testing the apt plugin is not supported on this platform.Use parameter -XmyPlatform='container' to enable it ... skipped
10:29:15 WARN  Aborted test due to SKIPPED outcome
10:29:15 INFO  
10:29:15 INFO  Test duration: 0.02 secs
10:29:15 INFO  Test final outcome:  SKIPPED
10:29:15 INFO  Test outcome reason: Testing the apt plugin is not supported on this platform.Use parameter -XmyPlatform='container' to enable it
10:29:15 INFO  
</system-out>
	</testcase>
</testsuite>
