<?xml version="1.0" encoding="utf-8"?>
<testsuite failures="1" name="call_tedge_-h_-V" skipped="0" tests="1" time="0.73" timestamp="2022-07-22T00:39:36">
	<testcase classname="PySysTest" name="call_tedge_-h_-V">
		<failure message="FAILED: Grep on tedge.out contains &quot;tedge 0.6&quot;" type="FAILED"/>
		<system-out>00:39:36 INFO  ==============================================================
00:39:36 INFO  Id:    call_tedge_-h_-V
00:39:36 INFO  Dir:   tedge/
00:39:36 INFO  Title: Validate command line option -h -V
00:39:36 INFO  ==============================================================
00:39:36 INFO  Executed tedge, exit status 0
00:39:36 WARN  Grep on tedge.out contains &quot;tedge 0.6&quot; ... failed [run.py:32]
00:39:36 INFO  Grep on file tedge.out ... passed
00:39:36 INFO  
00:39:36 INFO  Test duration: 0.73 secs
00:39:36 INFO  Test final outcome:  FAILED
00:39:36 INFO  Test outcome reason: Grep on tedge.out contains &quot;tedge 0.6&quot;
00:39:36 INFO  
</system-out>
	</testcase>
</testsuite>
