<?xml version="1.0" encoding="utf-8"?>
<testsuite failures="1" name="c8y_jwt_token_retrieval" skipped="0" tests="1" time="23.79" timestamp="2022-07-18T15:48:00">
	<testcase classname="ValidateJWTTokenRetrieval" name="c8y_jwt_token_retrieval">
		<failure message="FAILED: Grep on resp_jwt.out contains &quot;\[c8y/s/dat\] 71,&quot;" type="FAILED"/>
		<system-out>15:47:36 INFO  ==============================================================
15:47:36 INFO  Id:    c8y_jwt_token_retrieval
15:47:36 INFO  Dir:   cloud_c8y/
15:47:36 INFO  Title: Validate the Cumulocity JWT Token Retrieval feature
15:47:36 INFO  ==============================================================
15:47:37 INFO  Executed sudo&lt;tedge_disconnect_c8y&gt;, exit status 0
15:47:52 INFO  Executed sudo&lt;tedge_connect_c8y&gt;, exit status 0, duration 14 secs
15:47:52 INFO  Started sudo&lt;resp_jwt&gt; with process id 24041
15:47:53 INFO  Executed sudo&lt;req_jwt&gt;, exit status 0
15:47:55 INFO  Executed sudo&lt;kill_out&gt;, exit status 0
15:47:56 WARN  Grep on resp_jwt.out contains &quot;\[c8y/s/dat\] 71,&quot; ... failed [run.py:60]
15:47:56 INFO  
15:47:56 INFO  cleanup:
15:48:00 INFO  Executed sudo&lt;tedge_disconnect_c8y&gt;, exit status 0
15:48:00 INFO  
15:48:00 INFO  Test duration: 23.79 secs
15:48:00 INFO  Test final outcome:  FAILED
15:48:00 INFO  Test outcome reason: Grep on resp_jwt.out contains &quot;\[c8y/s/dat\] 71,&quot;
15:48:00 INFO  
</system-out>
	</testcase>
</testsuite>
