<?xml version="1.0" encoding="utf-8"?>
<testsuite failures="1" name="tedge_mapper_c8y_packet_threshold_size" skipped="0" tests="1" time="3.06" timestamp="2022-06-29T12:10:41">
	<testcase classname="TedgeMapperC8yThresholdPacketSize" name="tedge_mapper_c8y_packet_threshold_size">
		<failure message="FAILED: Grep on tedge_sub.out contains &quot;The size of the message received on tedge/measurements is 20489 which is greater than the threshold size of 16184.&quot;" type="FAILED"/>
		<system-out>12:10:37 INFO  ==============================================================
12:10:37 INFO  Id:    tedge_mapper_c8y_packet_threshold_size
12:10:37 INFO  Dir:   tedge_mapper_c8y/
12:10:37 INFO  Title: Validate the Cumulocity Mapper accepted threshold packet size when it receives a message on tedge/measurements
12:10:37 INFO  ==============================================================
12:10:38 INFO  Executed sudo&lt;tedge_mapper_c8y&gt;, exit status 0
12:10:38 INFO  Started sudo&lt;tedge_sub&gt; with process id 4415
12:10:39 INFO  Executed sudo&lt;tedge_msg&gt;, exit status 0
12:10:39 INFO  Executed sudo&lt;tedge_pub&gt;, exit status 0
12:10:40 INFO  Executed sudo&lt;kill_out&gt;, exit status 0
12:10:40 WARN  Grep on tedge_sub.out contains &quot;The size of the message received on tedge/measurements is 20489 which is greater than the threshold size of 16184.&quot; ... failed [run.py:88]
12:10:40 INFO  
12:10:40 INFO  cleanup:
12:10:40 INFO  mapper_cleanup
12:10:40 INFO  Executed sudo&lt;tedge_mapper_c8y&gt;, exit status 0
12:10:41 INFO  
12:10:41 INFO  Test duration: 3.06 secs
12:10:41 INFO  Test final outcome:  FAILED
12:10:41 INFO  Test outcome reason: Grep on tedge_sub.out contains &quot;The size of the message received on tedge/measurements is 20489 which is greater than the threshold size of 16184.&quot;
12:10:41 INFO  
</system-out>
	</testcase>
</testsuite>
