<?xml version="1.0" encoding="utf-8"?>
<testsuite failures="0" name="c8y_restart_bridge" skipped="0" tests="1" time="22.11" timestamp="2022-06-08T11:38:51">
	<testcase classname="RestartBridge" name="c8y_restart_bridge"/>
</testsuite>
