<?xml version="1.0" encoding="utf-8"?>
<testsuite failures="1" name="mapper_awaits_before_reconnect" skipped="0" tests="1" time="12.09" timestamp="2022-07-25T12:03:18">
	<testcase classname="MapperReconnectAwait" name="mapper_awaits_before_reconnect">
		<failure message="FAILED: Line count on tedge_mapper_journal.out for &quot;tedge_mapper::core::mapper: MQTT connection error:&quot; expected &gt;=2 but got 0" type="FAILED"/>
		<system-out>12:03:06 INFO  ==============================================================
12:03:06 INFO  Id:    mapper_awaits_before_reconnect
12:03:06 INFO  Dir:   tedge_mapper_c8y/
12:03:06 INFO  Title: Validate mapper doesn't reconnect too often
12:03:06 INFO  ==============================================================
12:03:06 INFO  Started mosquitto_sub with process id 23680
12:03:06 INFO  Waiting for 0.1 seconds
12:03:07 INFO  Executed sudo&lt;tedge_mapper&gt;, exit status 0
12:03:07 INFO  Waiting for 5.0 seconds
12:03:12 INFO  Executed sudo&lt;tedge_mapper&gt;, exit status 0
12:03:18 INFO  Executed sudo&lt;tedge_mapper_journal&gt;, exit status 0
12:03:18 WARN  Grep on tedge_mapper_journal.out contains &quot;ERROR&quot; ... failed [run.py:67]
12:03:18 INFO  Line count on file tedge_mapper_journal.out ... passed
12:03:18 WARN  Line count on tedge_mapper_journal.out for &quot;tedge_mapper::core::mapper: MQTT connection error:&quot; expected &gt;=2 but got 0 ... failed [run.py:78]
12:03:18 WARN  Aborted test due to FAILED outcome
12:03:18 INFO  
12:03:18 INFO  Test duration: 12.09 secs
12:03:18 INFO  Test final outcome:  FAILED
12:03:18 INFO  Test outcome reason: Line count on tedge_mapper_journal.out for &quot;tedge_mapper::core::mapper: MQTT connection error:&quot; expected &gt;=2 but got 0
12:03:18 INFO  
</system-out>
	</testcase>
</testsuite>
