<?xml version="1.0" encoding="utf-8"?>
<testsuite failures="0" name="apt_list_format" skipped="0" tests="1" time="3.06" timestamp="2022-07-21T13:21:35">
	<testcase classname="AptPluginListFormat" name="apt_list_format"/>
</testsuite>
