<?xml version="1.0" encoding="utf-8"?>
<testsuite failures="0" name="apt_install_fail" skipped="1" tests="1" time="0.02" timestamp="2022-07-21T22:57:50">
	<testcase classname="AptPluginInstallFail" name="apt_install_fail">
		<skipped message="SKIPPED: Testing the apt plugin is not supported on this platform.To run the tests call PySys with -XmyPlatform='container'"/>
		<system-out>22:57:50 INFO  ==============================================================
22:57:50 INFO  Id:    apt_install_fail
22:57:50 INFO  Dir:   plugin_apt/
22:57:50 INFO  Title: Validate apt plugin prepare - failing
22:57:50 INFO  ==============================================================
22:57:50 INFO  Testing the apt plugin is not supported on this platform.To run the tests call PySys with -XmyPlatform='container' ... skipped
22:57:50 WARN  Aborted test due to SKIPPED outcome
22:57:50 INFO  
22:57:50 INFO  Test duration: 0.02 secs
22:57:50 INFO  Test final outcome:  SKIPPED
22:57:50 INFO  Test outcome reason: Testing the apt plugin is not supported on this platform.To run the tests call PySys with -XmyPlatform='container'
22:57:50 INFO  
</system-out>
	</testcase>
</testsuite>
