<?xml version="1.0" encoding="utf-8"?>
<testsuite failures="0" name="SoftwareManagement.Plugin.apama_plugin_update" skipped="1" tests="1" time="0.02" timestamp="2022-07-21T22:57:50">
	<testcase classname="ApamaPluginUpdateTest" name="SoftwareManagement.Plugin.apama_plugin_update">
		<skipped message="SKIPPED: Apama plugin tests are disabled by default. Execute `pysys run` with `-XmyPlatform=container` to run these tests"/>
		<system-out>22:57:50 INFO  ==============================================================
22:57:50 INFO  Id:    SoftwareManagement.Plugin.apama_plugin_update
22:57:50 INFO  Dir:   plugin_apama/
22:57:50 INFO  Title: Validate apama plugin updating one project with another
22:57:50 INFO  ==============================================================
22:57:50 INFO  Apama plugin tests are disabled by default. Execute `pysys run` with `-XmyPlatform=container` to run these tests ... skipped
22:57:50 WARN  Aborted test due to SKIPPED outcome
22:57:50 INFO  
22:57:50 INFO  Test duration: 0.02 secs
22:57:50 INFO  Test final outcome:  SKIPPED
22:57:50 INFO  Test outcome reason: Apama plugin tests are disabled by default. Execute `pysys run` with `-XmyPlatform=container` to run these tests
22:57:50 INFO  
</system-out>
	</testcase>
</testsuite>
