<?xml version="1.0" encoding="utf-8"?>
<testsuite failures="0" name="apt_install_local_file_fail" skipped="1" tests="1" time="0.02" timestamp="2022-05-24T10:43:54">
	<testcase classname="AptPluginInstallFromLocalFileFail" name="apt_install_local_file_fail">
		<skipped message="SKIPPED: Testing the apt plugin is not supported on this platform.To run the tests call PySys with -XmyPlatform='container'"/>
		<system-out>10:43:54 INFO  ==============================================================
10:43:54 INFO  Id:    apt_install_local_file_fail
10:43:54 INFO  Dir:   plugin_apt/
10:43:54 INFO  Title: Validate apt plugin install from local file - FAIL case
10:43:54 INFO  ==============================================================
10:43:54 INFO  Testing the apt plugin is not supported on this platform.To run the tests call PySys with -XmyPlatform='container' ... skipped
10:43:54 WARN  Aborted test due to SKIPPED outcome
10:43:54 INFO  
10:43:54 INFO  Test duration: 0.02 secs
10:43:54 INFO  Test final outcome:  SKIPPED
10:43:54 INFO  Test outcome reason: Testing the apt plugin is not supported on this platform.To run the tests call PySys with -XmyPlatform='container'
10:43:54 INFO  
</system-out>
	</testcase>
</testsuite>
