<?xml version="1.0" encoding="utf-8"?>
<testsuite failures="0" name="call_tedge_config_list" skipped="0" tests="1" time="23.48" timestamp="2022-06-10T13:11:36">
	<testcase classname="PySysTest" name="call_tedge_config_list"/>
</testsuite>
