<?xml version="1.0" encoding="utf-8"?>
<testsuite failures="1" name="agent_init_session" skipped="0" tests="1" time="6.06" timestamp="2022-07-21T21:38:28">
	<testcase classname="AgentInitSession" name="agent_init_session">
		<failure message="FAILED: Grep on sub_resp.out contains &quot;Ld3KgqpcLDlrYH6sfpG7w&quot;" type="FAILED"/>
		<system-out>21:38:22 INFO  ==============================================================
21:38:22 INFO  Id:    agent_init_session
21:38:22 INFO  Dir:   tedge_agent/
21:38:22 INFO  Title: Validate tedge agent init session feature
21:38:22 INFO  ==============================================================
21:38:23 INFO  Executed sudo&lt;remove_lock&gt;, exit status 0
21:38:23 INFO  Executed sudo&lt;agent_clear&gt;, exit status 0
21:38:24 INFO  Executed sudo&lt;agent_init&gt;, exit status 0
21:38:25 INFO  Executed sudo&lt;pub_req&gt;, exit status 0
21:38:25 INFO  Started sudo&lt;sub_resp&gt; with process id 16323
21:38:25 INFO  Executed sudo&lt;agent_start&gt;, exit status 0
21:38:25 INFO  Waiting for 2.0 seconds
21:38:28 INFO  Executed sudo&lt;agent_stop&gt;, exit status 0
21:38:28 INFO  Executed sudo&lt;sub_stop&gt;, exit status 0
21:38:28 WARN  Grep on sub_resp.out contains &quot;Ld3KgqpcLDlrYH6sfpG7w&quot; ... failed [run.py:87]
21:38:28 INFO  
21:38:28 INFO  Test duration: 6.06 secs
21:38:28 INFO  Test final outcome:  FAILED
21:38:28 INFO  Test outcome reason: Grep on sub_resp.out contains &quot;Ld3KgqpcLDlrYH6sfpG7w&quot;
21:38:28 INFO  
</system-out>
	</testcase>
</testsuite>
