<?xml version="1.0" encoding="utf-8"?>
<testsuite failures="1" name="c8y_jwt_token_retrieval" skipped="0" tests="1" time="21.28" timestamp="2022-07-22T00:27:27">
	<testcase classname="ValidateJWTTokenRetrieval" name="c8y_jwt_token_retrieval">
		<failure message="FAILED: Grep on resp_jwt.out contains &quot;\[c8y/s/dat\] 71,&quot;" type="FAILED"/>
		<system-out>00:27:06 INFO  ==============================================================
00:27:06 INFO  Id:    c8y_jwt_token_retrieval
00:27:06 INFO  Dir:   cloud_c8y/
00:27:06 INFO  Title: Validate the Cumulocity JWT Token Retrieval feature
00:27:06 INFO  ==============================================================
00:27:07 INFO  Executed sudo&lt;tedge_disconnect_c8y&gt;, exit status 0
00:27:21 INFO  Executed sudo&lt;tedge_connect_c8y&gt;, exit status 0, duration 14 secs
00:27:21 INFO  Started sudo&lt;resp_jwt&gt; with process id 32028
00:27:21 INFO  Executed sudo&lt;req_jwt&gt;, exit status 0
00:27:23 INFO  Executed sudo&lt;kill_out&gt;, exit status 0
00:27:23 WARN  Grep on resp_jwt.out contains &quot;\[c8y/s/dat\] 71,&quot; ... failed [run.py:60]
00:27:23 INFO  
00:27:23 INFO  cleanup:
00:27:27 INFO  Executed sudo&lt;tedge_disconnect_c8y&gt;, exit status 0
00:27:27 INFO  
00:27:27 INFO  Test duration: 21.28 secs
00:27:27 INFO  Test final outcome:  FAILED
00:27:27 INFO  Test outcome reason: Grep on resp_jwt.out contains &quot;\[c8y/s/dat\] 71,&quot;
00:27:27 INFO  
</system-out>
	</testcase>
</testsuite>
