<?xml version="1.0" encoding="utf-8"?>
<testsuite failures="1" name="agent_init_session" skipped="0" tests="1" time="5.78" timestamp="2022-07-19T13:49:43">
	<testcase classname="AgentInitSession" name="agent_init_session">
		<failure message="FAILED: Grep on sub_resp.out contains &quot;Ld3KgqpcLDlrYH6sfpG7w&quot;" type="FAILED"/>
		<system-out>13:49:37 INFO  ==============================================================
13:49:37 INFO  Id:    agent_init_session
13:49:37 INFO  Dir:   tedge_agent/
13:49:37 INFO  Title: Validate tedge agent init session feature
13:49:37 INFO  ==============================================================
13:49:38 INFO  Executed sudo&lt;remove_lock&gt;, exit status 0
13:49:38 INFO  Executed sudo&lt;agent_clear&gt;, exit status 0
13:49:39 INFO  Executed sudo&lt;agent_init&gt;, exit status 0
13:49:39 INFO  Executed sudo&lt;pub_req&gt;, exit status 0
13:49:39 INFO  Started sudo&lt;sub_resp&gt; with process id 32255
13:49:40 INFO  Executed sudo&lt;agent_start&gt;, exit status 0
13:49:40 INFO  Waiting for 2.0 seconds
13:49:42 INFO  Executed sudo&lt;agent_stop&gt;, exit status 0
13:49:43 INFO  Executed sudo&lt;sub_stop&gt;, exit status 0
13:49:43 WARN  Grep on sub_resp.out contains &quot;Ld3KgqpcLDlrYH6sfpG7w&quot; ... failed [run.py:87]
13:49:43 INFO  
13:49:43 INFO  Test duration: 5.78 secs
13:49:43 INFO  Test final outcome:  FAILED
13:49:43 INFO  Test outcome reason: Grep on sub_resp.out contains &quot;Ld3KgqpcLDlrYH6sfpG7w&quot;
13:49:43 INFO  
</system-out>
	</testcase>
</testsuite>
