<?xml version="1.0" encoding="utf-8"?>
<testsuite failures="0" name="sm_tedge_mapper_init_session" skipped="0" tests="1" time="35.68" timestamp="2022-06-08T13:13:38">
	<testcase classname="TedgeSMMapperInitSession" name="sm_tedge_mapper_init_session"/>
</testsuite>
