<?xml version="1.0" encoding="utf-8"?>
<testsuite failures="0" name="monitoring_with_collectd" skipped="1" tests="1" time="0.03" timestamp="2022-07-22T07:26:11">
	<testcase classname="MonitoringWithCollectd" name="monitoring_with_collectd">
		<skipped message="SKIPPED: Test execution disabled due to #792 (instable)"/>
		<system-out>07:26:11 INFO  ==============================================================
07:26:11 INFO  Id:    monitoring_with_collectd
07:26:11 INFO  Dir:   monitoring/
07:26:11 INFO  Title: Validate tedge dm agent messages that are produced by batching the collectd messages
07:26:11 INFO  ==============================================================
07:26:11 INFO  Test execution disabled due to #792 (instable) ... skipped
07:26:11 INFO  
07:26:11 INFO  Test duration: 0.03 secs
07:26:11 INFO  Test final outcome:  SKIPPED
07:26:11 INFO  Test outcome reason: Test execution disabled due to #792 (instable)
07:26:11 INFO  
</system-out>
	</testcase>
</testsuite>
