<?xml version="1.0" encoding="utf-8"?>
<testsuite failures="0" name="publish_sawmill" skipped="0" tests="1" time="78.83" timestamp="2022-07-25T13:36:08">
	<testcase classname="PublishSawmill" name="publish_sawmill"/>
</testsuite>
