<?xml version="1.0" encoding="utf-8"?>
<testsuite failures="0" name="publish_sawmill" skipped="0" tests="1" time="80.37" timestamp="2022-07-21T18:28:38">
	<testcase classname="PublishSawmill" name="publish_sawmill"/>
</testsuite>
