<?xml version="1.0" encoding="utf-8"?>
<testsuite failures="0" name="tedge_agent_user_sudo_access" skipped="1" tests="1" time="0.02" timestamp="2022-06-02T08:44:28">
	<testcase classname="TedgeAgentUserSudoAccess" name="tedge_agent_user_sudo_access">
		<skipped message="SKIPPED: #955 Observation: Exit code of the apt plugin when called with no arguments"/>
		<system-out>08:44:28 INFO  ==============================================================
08:44:28 INFO  Id:    tedge_agent_user_sudo_access
08:44:28 INFO  Dir:   tedge/
08:44:28 INFO  Title: Validate tedge-agent user has a limited sudo right
08:44:28 INFO  ==============================================================
08:44:28 INFO  #955 Observation: Exit code of the apt plugin when called with no arguments ... skipped
08:44:28 INFO  
08:44:28 INFO  Test duration: 0.02 secs
08:44:28 INFO  Test final outcome:  SKIPPED
08:44:28 INFO  Test outcome reason: #955 Observation: Exit code of the apt plugin when called with no arguments
08:44:28 INFO  
</system-out>
	</testcase>
</testsuite>
