<?xml version="1.0" encoding="utf-8"?>
<testsuite failures="0" name="apt_update_list" skipped="1" tests="1" time="0.02" timestamp="2022-07-21T18:26:05">
	<testcase classname="AptPluginUpdateList" name="apt_update_list">
		<skipped message="SKIPPED: Testing the apt plugin is not supported on this platform.To run the tests call PySys with -XmyPlatform='container'"/>
		<system-out>18:26:05 INFO  ==============================================================
18:26:05 INFO  Id:    apt_update_list
18:26:05 INFO  Dir:   plugin_apt/
18:26:05 INFO  Title: Validate apt plugin update-list command use case
18:26:05 INFO  ==============================================================
18:26:05 INFO  Testing the apt plugin is not supported on this platform.To run the tests call PySys with -XmyPlatform='container' ... skipped
18:26:05 WARN  Aborted test due to SKIPPED outcome
18:26:05 INFO  
18:26:05 INFO  Test duration: 0.02 secs
18:26:05 INFO  Test final outcome:  SKIPPED
18:26:05 INFO  Test outcome reason: Testing the apt plugin is not supported on this platform.To run the tests call PySys with -XmyPlatform='container'
18:26:05 INFO  
</system-out>
	</testcase>
</testsuite>
