<?xml version="1.0" encoding="utf-8"?>
<testsuite failures="1" name="c8y_jwt_token_retrieval" skipped="0" tests="1" time="24.0" timestamp="2022-07-27T09:13:16">
	<testcase classname="ValidateJWTTokenRetrieval" name="c8y_jwt_token_retrieval">
		<failure message="FAILED: Grep on resp_jwt.out contains &quot;\[c8y/s/dat\] 71,&quot;" type="FAILED"/>
		<system-out>09:12:52 INFO  ==============================================================
09:12:52 INFO  Id:    c8y_jwt_token_retrieval
09:12:52 INFO  Dir:   cloud_c8y/
09:12:52 INFO  Title: Validate the Cumulocity JWT Token Retrieval feature
09:12:52 INFO  ==============================================================
09:12:53 INFO  Executed sudo&lt;tedge_disconnect_c8y&gt;, exit status 0
09:13:08 INFO  Executed sudo&lt;tedge_connect_c8y&gt;, exit status 0, duration 14 secs
09:13:08 INFO  Started sudo&lt;resp_jwt&gt; with process id 19952
09:13:09 INFO  Executed sudo&lt;req_jwt&gt;, exit status 0
09:13:11 INFO  Executed sudo&lt;kill_out&gt;, exit status 0
09:13:12 WARN  Grep on resp_jwt.out contains &quot;\[c8y/s/dat\] 71,&quot; ... failed [run.py:60]
09:13:12 INFO  
09:13:12 INFO  cleanup:
09:13:16 INFO  Executed sudo&lt;tedge_disconnect_c8y&gt;, exit status 0
09:13:16 INFO  
09:13:16 INFO  Test duration: 24.00 secs
09:13:16 INFO  Test final outcome:  FAILED
09:13:16 INFO  Test outcome reason: Grep on resp_jwt.out contains &quot;\[c8y/s/dat\] 71,&quot;
09:13:16 INFO  
</system-out>
	</testcase>
</testsuite>
