<?xml version="1.0" encoding="utf-8"?>
<testsuite failures="1" name="call_tedge_-h_-V" skipped="0" tests="1" time="0.5" timestamp="2022-07-25T08:40:34">
	<testcase classname="PySysTest" name="call_tedge_-h_-V">
		<failure message="FAILED: Grep on tedge.out contains &quot;tedge 0.6&quot;" type="FAILED"/>
		<system-out>08:40:33 INFO  ==============================================================
08:40:33 INFO  Id:    call_tedge_-h_-V
08:40:33 INFO  Dir:   tedge/
08:40:33 INFO  Title: Validate command line option -h -V
08:40:33 INFO  ==============================================================
08:40:34 INFO  Executed tedge, exit status 0
08:40:34 WARN  Grep on tedge.out contains &quot;tedge 0.6&quot; ... failed [run.py:32]
08:40:34 INFO  Grep on file tedge.out ... passed
08:40:34 INFO  
08:40:34 INFO  Test duration: 0.50 secs
08:40:34 INFO  Test final outcome:  FAILED
08:40:34 INFO  Test outcome reason: Grep on tedge.out contains &quot;tedge 0.6&quot;
08:40:34 INFO  
</system-out>
	</testcase>
</testsuite>
