<?xml version="1.0" encoding="utf-8"?>
<testsuite failures="1" name="agent_init_session" skipped="0" tests="1" time="5.92" timestamp="2022-07-21T20:08:34">
	<testcase classname="AgentInitSession" name="agent_init_session">
		<failure message="FAILED: Grep on sub_resp.out contains &quot;Ld3KgqpcLDlrYH6sfpG7w&quot;" type="FAILED"/>
		<system-out>20:08:28 INFO  ==============================================================
20:08:28 INFO  Id:    agent_init_session
20:08:28 INFO  Dir:   tedge_agent/
20:08:28 INFO  Title: Validate tedge agent init session feature
20:08:28 INFO  ==============================================================
20:08:28 INFO  Executed sudo&lt;remove_lock&gt;, exit status 0
20:08:29 INFO  Executed sudo&lt;agent_clear&gt;, exit status 0
20:08:29 INFO  Executed sudo&lt;agent_init&gt;, exit status 0
20:08:30 INFO  Executed sudo&lt;pub_req&gt;, exit status 0
20:08:30 INFO  Started sudo&lt;sub_resp&gt; with process id 22317
20:08:31 INFO  Executed sudo&lt;agent_start&gt;, exit status 0
20:08:31 INFO  Waiting for 2.0 seconds
20:08:33 INFO  Executed sudo&lt;agent_stop&gt;, exit status 0
20:08:34 INFO  Executed sudo&lt;sub_stop&gt;, exit status 0
20:08:34 WARN  Grep on sub_resp.out contains &quot;Ld3KgqpcLDlrYH6sfpG7w&quot; ... failed [run.py:87]
20:08:34 INFO  
20:08:34 INFO  Test duration: 5.92 secs
20:08:34 INFO  Test final outcome:  FAILED
20:08:34 INFO  Test outcome reason: Grep on sub_resp.out contains &quot;Ld3KgqpcLDlrYH6sfpG7w&quot;
20:08:34 INFO  
</system-out>
	</testcase>
</testsuite>
