<?xml version="1.0" encoding="utf-8"?>
<testsuite failures="0" name="publish_flux" skipped="0" tests="1" time="72.97" timestamp="2022-05-23T13:21:32">
	<testcase classname="PublishFlux" name="publish_flux"/>
</testsuite>
