<?xml version="1.0" encoding="utf-8"?>
<testsuite failures="0" name="docker_plugin_remove" skipped="1" tests="1" time="0.02" timestamp="2022-07-27T09:15:50">
	<testcase classname="DockerPluginRemoveTest" name="docker_plugin_remove">
		<skipped message="SKIPPED: Testing the docker plugin is not supported on this platform.To run it, all the test with -XmyPlatform='container'"/>
		<system-out>09:15:50 INFO  ==============================================================
09:15:50 INFO  Id:    docker_plugin_remove
09:15:50 INFO  Dir:   plugin_docker/
09:15:50 INFO  Title: Validate docker plugin remove
09:15:50 INFO  ==============================================================
09:15:50 INFO  Testing the docker plugin is not supported on this platform.To run it, all the test with -XmyPlatform='container' ... skipped
09:15:50 WARN  Aborted test due to SKIPPED outcome
09:15:50 INFO  
09:15:50 INFO  Test duration: 0.02 secs
09:15:50 INFO  Test final outcome:  SKIPPED
09:15:50 INFO  Test outcome reason: Testing the docker plugin is not supported on this platform.To run it, all the test with -XmyPlatform='container'
09:15:50 INFO  
</system-out>
	</testcase>
</testsuite>
