<?xml version="1.0" encoding="utf-8"?>
<testsuite failures="0" name="mqtt_port_change_connection_works" skipped="1" tests="1" time="0.02" timestamp="2022-07-22T03:50:19">
	<testcase classname="MqttPortChangeConnectionWorks" name="mqtt_port_change_connection_works">
		<skipped message="SKIPPED: failing intermitently"/>
		<system-out>03:50:19 INFO  ==============================================================
03:50:19 INFO  Id:    mqtt_port_change_connection_works
03:50:19 INFO  Dir:   misc_features/
03:50:19 INFO  Title: mqtt port change connection works for all the thin-edge services that use the mosquitto broker
03:50:19 INFO  ==============================================================
03:50:19 INFO  failing intermitently ... skipped
03:50:19 INFO  
03:50:19 INFO  Test duration: 0.02 secs
03:50:19 INFO  Test final outcome:  SKIPPED
03:50:19 INFO  Test outcome reason: failing intermitently
03:50:19 INFO  
</system-out>
	</testcase>
</testsuite>
