<?xml version="1.0" encoding="utf-8"?>
<testsuite failures="1" name="log_request_num_lines" skipped="0" tests="1" time="55.39" timestamp="2022-05-23T13:18:24">
	<testcase classname="LogRequestVerifyNumberOfLines" name="log_request_num_lines">
		<failure message="BLOCKED: Exception: retry" type="BLOCKED"/>
		<system-out>13:17:29 INFO  ==============================================================
13:17:29 INFO  Id:    log_request_num_lines
13:17:29 INFO  Dir:   log_request_end_to_end/
13:17:29 INFO  Title: Validate end to end behaviour for the log request operation check for number of lines
13:17:29 INFO  ==============================================================
13:17:29 INFO  EnvironmentC8y Setup
13:17:29 INFO  Executed systemctl&lt;serv_mapper1&gt;, exit status 3
13:17:29 INFO  Restarting mosquitto too frequently in the last 10 seconds. It was only up for 4 seconds
13:17:29 INFO  Delaying execution by 7 seconds
13:17:51 INFO  Executed sudo&lt;tedge_connect_c8y&gt;, exit status 0, duration 14 secs
13:17:51 INFO  Executed sudo&lt;tedge_connect_c8y_test&gt;, exit status 0
13:17:52 INFO  Executed systemctl&lt;serv_mosq2&gt;, exit status 0
13:17:53 INFO  Executed systemctl&lt;serv_mapper3&gt;, exit status 0
13:17:53 INFO  Executed sudo&lt;rm_logs&gt;, exit status 0
13:17:54 INFO  Executed sudo&lt;move_logs&gt;, exit status 0
13:17:54 INFO  log response None
13:17:54 WARN  retry, retrying in 1 seconds...
13:17:56 INFO  log response None
13:17:56 WARN  retry, retrying in 1 seconds...
13:17:57 INFO  log response None
13:17:57 WARN  retry, retrying in 1 seconds...
13:17:58 INFO  log response None
13:17:58 WARN  retry, retrying in 1 seconds...
13:17:59 INFO  log response None
13:17:59 WARN  retry, retrying in 1 seconds...
13:18:00 INFO  log response None
13:18:00 WARN  retry, retrying in 1 seconds...
13:18:02 INFO  log response None
13:18:02 WARN  retry, retrying in 1 seconds...
13:18:03 INFO  log response None
13:18:03 WARN  retry, retrying in 1 seconds...
13:18:04 INFO  log response None
13:18:04 WARN  retry, retrying in 1 seconds...
13:18:05 INFO  log response None
13:18:05 WARN  retry, retrying in 1 seconds...
13:18:07 INFO  log response None
13:18:07 WARN  retry, retrying in 1 seconds...
13:18:08 INFO  log response None
13:18:08 WARN  retry, retrying in 1 seconds...
13:18:09 INFO  log response None
13:18:09 WARN  retry, retrying in 1 seconds...
13:18:10 INFO  log response None
13:18:10 WARN  retry, retrying in 1 seconds...
13:18:11 INFO  log response None
13:18:11 WARN  retry, retrying in 1 seconds...
13:18:13 INFO  log response None
13:18:13 WARN  retry, retrying in 1 seconds...
13:18:14 INFO  log response None
13:18:14 WARN  retry, retrying in 1 seconds...
13:18:15 INFO  log response None
13:18:15 WARN  retry, retrying in 1 seconds...
13:18:16 INFO  log response None
13:18:16 WARN  retry, retrying in 1 seconds...
13:18:17 INFO  log response None
13:18:17 WARN  Exception occurred while running test - retry
Traceback (most recent call last):
  File &quot;/home/pi/env-pysys/lib/python3.7/site-packages/pysys/baserunner.py&quot;, line 1296, in __call__
    self.testObj.validate()
  File &quot;/home/pi/actions-runner/_work/thin-edge.io/thin-edge.io/tests/PySys/log_request_end_to_end/log_request_num_lines/run.py&quot;, line 44, in validate
    self.assertThat(&quot;True == value&quot;, value=self.wait_until_logs_retrieved())
  File &quot;/home/pi/env-pysys/lib/python3.7/site-packages/decorator.py&quot;, line 232, in fun
    return caller(func, *(extras + args), **kw)
  File &quot;/home/pi/env-pysys/lib/python3.7/site-packages/retry/api.py&quot;, line 74, in retry_decorator
    logger)
  File &quot;/home/pi/env-pysys/lib/python3.7/site-packages/retry/api.py&quot;, line 33, in __retry_internal
    return f()
  File &quot;/home/pi/actions-runner/_work/thin-edge.io/thin-edge.io/tests/PySys/log_request_end_to_end/log_request_num_lines/run.py&quot;, line 52, in wait_until_logs_retrieved
    raise Exception(&quot;retry&quot;)
Exception: retry
13:18:17 WARN  Exception: retry ... blocked 
13:18:17 INFO  
13:18:17 INFO  cleanup:
13:18:18 INFO  Executed sudo&lt;rm_logs&gt;, exit status 0
13:18:19 INFO  Executed sudo&lt;rm_tmp_logs&gt;, exit status 0
13:18:19 INFO  Executed sudo&lt;send_failed&gt;, exit status 0
13:18:23 INFO  Executed sudo&lt;tedge_disconnect_c8y&gt;, exit status 0
13:18:24 INFO  Executed systemctl&lt;serv_mapper5&gt;, exit status 3
13:18:24 INFO  
13:18:24 INFO  Test duration: 55.39 secs
13:18:24 INFO  Test final outcome:  BLOCKED
13:18:24 INFO  Test outcome reason: Exception: retry
13:18:24 INFO  
</system-out>
	</testcase>
</testsuite>
