<?xml version="1.0" encoding="utf-8"?>
<testsuite failures="0" name="invalid_device_id" skipped="0" tests="1" time="4.21" timestamp="2022-06-29T11:55:20">
	<testcase classname="InvalidDeviceId" name="invalid_device_id"/>
</testsuite>
