<?xml version="1.0" encoding="utf-8"?>
<testsuite failures="1" name="log_request_error_messages" skipped="0" tests="1" time="26.68" timestamp="2022-06-22T18:44:49">
	<testcase classname="LogRequestVerifySearchTextError" name="log_request_error_messages">
		<failure message="BLOCKED: TypeError: 'NoneType' object is not subscriptable" type="BLOCKED"/>
		<system-out>18:44:22 INFO  ==============================================================
18:44:22 INFO  Id:    log_request_error_messages
18:44:22 INFO  Dir:   log_request_end_to_end/
18:44:22 INFO  Title: Validate end to end behaviour for the log request operation check for error messages
18:44:22 INFO  ==============================================================
18:44:23 INFO  EnvironmentC8y Setup
18:44:24 INFO  Executed systemctl&lt;serv_mapper1&gt;, exit status 3
18:44:38 INFO  Executed sudo&lt;tedge_connect_c8y&gt;, exit status 0, duration 13 secs
18:44:38 INFO  Executed sudo&lt;tedge_connect_c8y_test&gt;, exit status 0
18:44:39 INFO  Executed systemctl&lt;serv_mosq2&gt;, exit status 0
18:44:39 INFO  Executed systemctl&lt;serv_mapper3&gt;, exit status 0
18:44:40 INFO  Executed sudo&lt;rm_logs&gt;, exit status 0
18:44:40 INFO  Executed sudo&lt;move_logs&gt;, exit status 0
18:44:41 INFO  Executed sudo&lt;log_file_daemon&gt;, exit status 0
18:44:42 WARN  TypeError occurred while running test - 'NoneType' object is not subscriptable
Traceback (most recent call last):
  File &quot;/home/pi/env-pysys/lib/python3.7/site-packages/pysys/baserunner.py&quot;, line 1294, in __call__
    self.testObj.execute()
  File &quot;/home/pi/actions-runner/_work/thin-edge.io/thin-edge.io/tests/PySys/log_request_end_to_end/log_request_error_messages/run.py&quot;, line 47, in execute
    log_file_request_payload, self.project.deviceid
  File &quot;/home/pi/actions-runner/_work/thin-edge.io/thin-edge.io/tests/PySys/environments/cumulocity.py&quot;, line 101, in trigger_log_request
    &quot;deviceId&quot;: self.device_fragment[&quot;id&quot;],
TypeError: 'NoneType' object is not subscriptable
18:44:42 WARN  TypeError: 'NoneType' object is not subscriptable ... blocked 
18:44:42 INFO  
18:44:42 INFO  cleanup:
18:44:42 INFO  Executed sudo&lt;rm_logs&gt;, exit status 0
18:44:43 INFO  Executed sudo&lt;rm_tmp_logs&gt;, exit status 0
18:44:44 INFO  Executed sudo&lt;send_failed&gt;, exit status 0
18:44:44 INFO  Executed sudo&lt;log_file_daemon&gt;, exit status 0
18:44:48 INFO  Executed sudo&lt;tedge_disconnect_c8y&gt;, exit status 0
18:44:49 INFO  Executed systemctl&lt;serv_mapper5&gt;, exit status 3
18:44:49 INFO  
18:44:49 INFO  Test duration: 26.68 secs
18:44:49 INFO  Test final outcome:  BLOCKED
18:44:49 INFO  Test outcome reason: TypeError: 'NoneType' object is not subscriptable
18:44:49 INFO  
</system-out>
	</testcase>
</testsuite>
