<?xml version="1.0" encoding="utf-8"?>
<testsuite failures="0" name="smoketest_smartrest" skipped="0" tests="1" time="48.56" timestamp="2022-06-16T14:13:50">
	<testcase classname="SmoketestSmartRest" name="smoketest_smartrest"/>
</testsuite>
