<?xml version="1.0" encoding="utf-8"?>
<testsuite failures="0" name="tedge_mapper_az_with_timestamp" skipped="0" tests="1" time="2.41" timestamp="2022-06-22T16:02:20">
	<testcase classname="TedgeMapperAzWithTimestamp" name="tedge_mapper_az_with_timestamp"/>
</testsuite>
