<?xml version="1.0" encoding="utf-8"?>
<testsuite failures="0" name="tedge_mapper_az_with_timestamp" skipped="0" tests="1" time="2.37" timestamp="2022-07-16T17:29:00">
	<testcase classname="TedgeMapperAzWithTimestamp" name="tedge_mapper_az_with_timestamp"/>
</testsuite>
