<?xml version="1.0" encoding="utf-8"?>
<testsuite failures="0" name="SoftwareManagement.Plugin.apama_plugin_remove" skipped="1" tests="1" time="0.02" timestamp="2022-07-22T00:29:55">
	<testcase classname="ApamaPluginRemoveTest" name="SoftwareManagement.Plugin.apama_plugin_remove">
		<skipped message="SKIPPED: Apama plugin tests are disabled by default. Execute `pysys run` with `-XmyPlatform=container` to run these tests"/>
		<system-out>00:29:55 INFO  ==============================================================
00:29:55 INFO  Id:    SoftwareManagement.Plugin.apama_plugin_remove
00:29:55 INFO  Dir:   plugin_apama/
00:29:55 INFO  Title: Validate apama plugin remove
00:29:55 INFO  ==============================================================
00:29:55 INFO  Apama plugin tests are disabled by default. Execute `pysys run` with `-XmyPlatform=container` to run these tests ... skipped
00:29:55 WARN  Aborted test due to SKIPPED outcome
00:29:55 INFO  
00:29:55 INFO  Test duration: 0.02 secs
00:29:55 INFO  Test final outcome:  SKIPPED
00:29:55 INFO  Test outcome reason: Apama plugin tests are disabled by default. Execute `pysys run` with `-XmyPlatform=container` to run these tests
00:29:55 INFO  
</system-out>
	</testcase>
</testsuite>
