<?xml version="1.0" encoding="utf-8"?>
<testsuite failures="0" name="call_tedge_config_list" skipped="0" tests="1" time="24.65" timestamp="2022-06-08T11:37:56">
	<testcase classname="PySysTest" name="call_tedge_config_list"/>
</testsuite>
