<?xml version="1.0" encoding="utf-8"?>
<testsuite failures="0" name="SoftwareManagement.Plugin.apama_plugin_update" skipped="1" tests="1" time="0.04" timestamp="2022-06-08T12:59:57">
	<testcase classname="ApamaPluginUpdateTest" name="SoftwareManagement.Plugin.apama_plugin_update">
		<skipped message="SKIPPED: Apama plugin tests are disabled by default. Execute `pysys run` with `-XmyPlatform=container` to run these tests"/>
		<system-out>12:59:56 INFO  ==============================================================
12:59:56 INFO  Id:    SoftwareManagement.Plugin.apama_plugin_update
12:59:56 INFO  Dir:   plugin_apama/
12:59:56 INFO  Title: Validate apama plugin updating one project with another
12:59:56 INFO  ==============================================================
12:59:56 INFO  Apama plugin tests are disabled by default. Execute `pysys run` with `-XmyPlatform=container` to run these tests ... skipped
12:59:56 WARN  Aborted test due to SKIPPED outcome
12:59:56 INFO  
12:59:56 INFO  Test duration: 0.04 secs
12:59:56 INFO  Test final outcome:  SKIPPED
12:59:56 INFO  Test outcome reason: Apama plugin tests are disabled by default. Execute `pysys run` with `-XmyPlatform=container` to run these tests
12:59:57 INFO  
</system-out>
	</testcase>
</testsuite>
