<?xml version="1.0" encoding="utf-8"?>
<testsuite failures="1" name="monitoring_smaller_interval" skipped="0" tests="1" time="14.79" timestamp="2022-05-20T09:35:24">
	<testcase classname="MonitoringSmallInterval" name="monitoring_smaller_interval">
		<failure message="BLOCKED: TypeError: 'int' object is not subscriptable" type="BLOCKED"/>
		<system-out>09:35:09 INFO  ==============================================================
09:35:09 INFO  Id:    monitoring_smaller_interval
09:35:09 INFO  Dir:   monitoring/
09:35:09 INFO  Title: Validate the tedge dm agent messages that are produced with smaller sampling interval than the batching window. Here the simulated collectd messages are used
09:35:09 INFO  ==============================================================
09:35:10 INFO  Executed sudo&lt;collectd&gt;, exit status 0
09:35:10 INFO  Executed sudo&lt;collectd_mapper&gt;, exit status 0
09:35:10 INFO  Started sudo&lt;tedge_sub&gt; with process id 16418
09:35:11 INFO  Executed sudo&lt;tedge_temp&gt;, exit status 0
09:35:11 INFO  Executed sudo&lt;tedge_pres&gt;, exit status 0
09:35:12 INFO  Executed sudo&lt;tedge_temp&gt;, exit status 0
09:35:13 INFO  Executed sudo&lt;tedge_pres&gt;, exit status 0
09:35:13 INFO  Executed sudo&lt;tedge_temp&gt;, exit status 0
09:35:14 INFO  Executed sudo&lt;tedge_pres&gt;, exit status 0
09:35:14 INFO  Executed sudo&lt;tedge_temp&gt;, exit status 0
09:35:15 INFO  Executed sudo&lt;tedge_pres&gt;, exit status 0
09:35:15 INFO  Executed sudo&lt;tedge_temp&gt;, exit status 0
09:35:16 INFO  Executed sudo&lt;tedge_pres&gt;, exit status 0
09:35:17 INFO  Executed sudo&lt;tedge_temp&gt;, exit status 0
09:35:17 INFO  Executed sudo&lt;tedge_pres&gt;, exit status 0
09:35:18 INFO  Executed sudo&lt;tedge_temp&gt;, exit status 0
09:35:18 INFO  Executed sudo&lt;tedge_pres&gt;, exit status 0
09:35:19 INFO  Executed sudo&lt;tedge_temp&gt;, exit status 0
09:35:19 INFO  Executed sudo&lt;tedge_pres&gt;, exit status 0
09:35:20 INFO  Executed sudo&lt;tedge_temp&gt;, exit status 0
09:35:20 INFO  Executed sudo&lt;tedge_pres&gt;, exit status 0
09:35:21 INFO  Executed sudo&lt;tedge_temp&gt;, exit status 0
09:35:22 INFO  Executed sudo&lt;tedge_pres&gt;, exit status 0
09:35:23 INFO  Executed sudo&lt;kill_out&gt;, exit status 0
09:35:23 INFO  0

09:35:23 WARN  TypeError occurred while running test - 'int' object is not subscriptable
Traceback (most recent call last):
  File &quot;/home/pi/env-pysys/lib/python3.7/site-packages/pysys/baserunner.py&quot;, line 1296, in __call__
    self.testObj.validate()
  File &quot;/home/pi/actions-runner/_work/thin-edge.io/thin-edge.io/tests/PySys/monitoring/monitoring_smaller_interval/run.py&quot;, line 104, in validate
    collectd_msg_validation_result=self.validate_json(),
  File &quot;/home/pi/actions-runner/_work/thin-edge.io/thin-edge.io/tests/PySys/monitoring/monitoring_smaller_interval/run.py&quot;, line 114, in validate_json
    if not self.validate_time():
  File &quot;/home/pi/actions-runner/_work/thin-edge.io/thin-edge.io/tests/PySys/monitoring/monitoring_smaller_interval/run.py&quot;, line 134, in validate_time
    if self.js_msg[&quot;time&quot;]:
TypeError: 'int' object is not subscriptable
09:35:23 WARN  TypeError: 'int' object is not subscriptable ... blocked 
09:35:23 INFO  
09:35:23 INFO  cleanup:
09:35:23 INFO  monitoring_cleanup
09:35:24 INFO  Executed sudo&lt;collectd_mapper&gt;, exit status 0
09:35:24 INFO  
09:35:24 INFO  Test duration: 14.79 secs
09:35:24 INFO  Test final outcome:  BLOCKED
09:35:24 INFO  Test outcome reason: TypeError: 'int' object is not subscriptable
09:35:24 INFO  
</system-out>
	</testcase>
</testsuite>
