<?xml version="1.0" encoding="utf-8"?>
<testsuite failures="0" name="tedge_agent_user_sudo_access" skipped="1" tests="1" time="0.06" timestamp="2022-07-18T14:09:11">
	<testcase classname="TedgeAgentUserSudoAccess" name="tedge_agent_user_sudo_access">
		<skipped message="SKIPPED: #955 Observation: Exit code of the apt plugin when called with no arguments"/>
		<system-out>14:09:11 INFO  ==============================================================
14:09:11 INFO  Id:    tedge_agent_user_sudo_access
14:09:11 INFO  Dir:   tedge/
14:09:11 INFO  Title: Validate tedge-agent user has a limited sudo right
14:09:11 INFO  ==============================================================
14:09:11 INFO  #955 Observation: Exit code of the apt plugin when called with no arguments ... skipped
14:09:11 INFO  
14:09:11 INFO  Test duration: 0.06 secs
14:09:11 INFO  Test final outcome:  SKIPPED
14:09:11 INFO  Test outcome reason: #955 Observation: Exit code of the apt plugin when called with no arguments
14:09:11 INFO  
</system-out>
	</testcase>
</testsuite>
