<?xml version="1.0" encoding="utf-8"?>
<testsuite failures="0" name="monitoring_with_collectd" skipped="1" tests="1" time="0.03" timestamp="2022-07-25T08:30:51">
	<testcase classname="MonitoringWithCollectd" name="monitoring_with_collectd">
		<skipped message="SKIPPED: Test execution disabled due to #792 (instable)"/>
		<system-out>08:30:51 INFO  ==============================================================
08:30:51 INFO  Id:    monitoring_with_collectd
08:30:51 INFO  Dir:   monitoring/
08:30:51 INFO  Title: Validate tedge dm agent messages that are produced by batching the collectd messages
08:30:51 INFO  ==============================================================
08:30:51 INFO  Test execution disabled due to #792 (instable) ... skipped
08:30:51 INFO  
08:30:51 INFO  Test duration: 0.03 secs
08:30:51 INFO  Test final outcome:  SKIPPED
08:30:51 INFO  Test outcome reason: Test execution disabled due to #792 (instable)
08:30:51 INFO  
</system-out>
	</testcase>
</testsuite>
