<?xml version="1.0" encoding="utf-8"?>
<testsuite failures="0" name="SoftwareManagement.sm_apt_install_remove_with_version" skipped="1" tests="1" time="0.02" timestamp="2022-06-20T15:08:17">
	<testcase classname="PySysTest" name="SoftwareManagement.sm_apt_install_remove_with_version">
		<skipped message="SKIPPED: Testing the apt plugin is not supported on this platform.Use parameter -XmyPlatform='container' to enable it"/>
		<system-out>15:08:17 INFO  ==============================================================
15:08:17 INFO  Id:    SoftwareManagement.sm_apt_install_remove_with_version
15:08:17 INFO  Dir:   software_management_end_to_end/
15:08:17 INFO  Title: Validate end to end behaviour for the apt plugin for packages with version
15:08:17 INFO  ==============================================================
15:08:17 INFO  Testing the apt plugin is not supported on this platform.Use parameter -XmyPlatform='container' to enable it ... skipped
15:08:17 WARN  Aborted test due to SKIPPED outcome
15:08:17 INFO  
15:08:17 INFO  Test duration: 0.02 secs
15:08:17 INFO  Test final outcome:  SKIPPED
15:08:17 INFO  Test outcome reason: Testing the apt plugin is not supported on this platform.Use parameter -XmyPlatform='container' to enable it
15:08:17 INFO  
</system-out>
	</testcase>
</testsuite>
