<?xml version="1.0" encoding="utf-8"?>
<testsuite failures="0" name="apt_wrong_option" skipped="1" tests="1" time="0.02" timestamp="2022-07-21T19:57:53">
	<testcase classname="AptPluginWrongOption" name="apt_wrong_option">
		<skipped message="SKIPPED: Testing the apt plugin is not supported on this platform.To run the tests call PySys with -XmyPlatform='container'"/>
		<system-out>19:57:53 INFO  ==============================================================
19:57:53 INFO  Id:    apt_wrong_option
19:57:53 INFO  Dir:   plugin_apt/
19:57:53 INFO  Title: Validate apt plugin install
19:57:53 INFO  ==============================================================
19:57:53 INFO  Testing the apt plugin is not supported on this platform.To run the tests call PySys with -XmyPlatform='container' ... skipped
19:57:53 WARN  Aborted test due to SKIPPED outcome
19:57:53 INFO  
19:57:53 INFO  Test duration: 0.02 secs
19:57:53 INFO  Test final outcome:  SKIPPED
19:57:53 INFO  Test outcome reason: Testing the apt plugin is not supported on this platform.To run the tests call PySys with -XmyPlatform='container'
19:57:53 INFO  
</system-out>
	</testcase>
</testsuite>
