<?xml version="1.0" encoding="utf-8"?>
<testsuite failures="0" name="mqtt_port_set" skipped="0" tests="1" time="21.21" timestamp="2022-05-23T08:26:30">
	<testcase classname="MqttPortSet" name="mqtt_port_set"/>
</testsuite>
