<?xml version="1.0" encoding="utf-8"?>
<testsuite failures="1" name="agent_init_session" skipped="0" tests="1" time="5.88" timestamp="2022-06-20T16:48:20">
	<testcase classname="AgentInitSession" name="agent_init_session">
		<failure message="FAILED: Grep on sub_resp.out contains &quot;Ld3KgqpcLDlrYH6sfpG7w&quot;" type="FAILED"/>
		<system-out>16:48:14 INFO  ==============================================================
16:48:14 INFO  Id:    agent_init_session
16:48:14 INFO  Dir:   tedge_agent/
16:48:14 INFO  Title: Validate tedge agent init session feature
16:48:14 INFO  ==============================================================
16:48:14 INFO  Executed sudo&lt;remove_lock&gt;, exit status 0
16:48:15 INFO  Executed sudo&lt;agent_clear&gt;, exit status 0
16:48:15 INFO  Executed sudo&lt;agent_init&gt;, exit status 0
16:48:16 INFO  Executed sudo&lt;pub_req&gt;, exit status 0
16:48:16 INFO  Started sudo&lt;sub_resp&gt; with process id 6287
16:48:16 INFO  Executed sudo&lt;agent_start&gt;, exit status 0
16:48:16 INFO  Waiting for 2.0 seconds
16:48:19 INFO  Executed sudo&lt;agent_stop&gt;, exit status 0
16:48:20 INFO  Executed sudo&lt;sub_stop&gt;, exit status 0
16:48:20 WARN  Grep on sub_resp.out contains &quot;Ld3KgqpcLDlrYH6sfpG7w&quot; ... failed [run.py:87]
16:48:20 INFO  
16:48:20 INFO  Test duration: 5.88 secs
16:48:20 INFO  Test final outcome:  FAILED
16:48:20 INFO  Test outcome reason: Grep on sub_resp.out contains &quot;Ld3KgqpcLDlrYH6sfpG7w&quot;
16:48:20 INFO  
</system-out>
	</testcase>
</testsuite>
