<?xml version="1.0" encoding="utf-8"?>
<testsuite failures="0" name="SoftwareManagement.Plugin.apama_plugin_update" skipped="1" tests="1" time="0.02" timestamp="2022-05-24T10:43:53">
	<testcase classname="ApamaPluginUpdateTest" name="SoftwareManagement.Plugin.apama_plugin_update">
		<skipped message="SKIPPED: Apama plugin tests are disabled by default. Execute `pysys run` with `-XmyPlatform=container` to run these tests"/>
		<system-out>10:43:53 INFO  ==============================================================
10:43:53 INFO  Id:    SoftwareManagement.Plugin.apama_plugin_update
10:43:53 INFO  Dir:   plugin_apama/
10:43:53 INFO  Title: Validate apama plugin updating one project with another
10:43:53 INFO  ==============================================================
10:43:53 INFO  Apama plugin tests are disabled by default. Execute `pysys run` with `-XmyPlatform=container` to run these tests ... skipped
10:43:53 WARN  Aborted test due to SKIPPED outcome
10:43:53 INFO  
10:43:53 INFO  Test duration: 0.02 secs
10:43:53 INFO  Test final outcome:  SKIPPED
10:43:53 INFO  Test outcome reason: Apama plugin tests are disabled by default. Execute `pysys run` with `-XmyPlatform=container` to run these tests
10:43:53 INFO  
</system-out>
	</testcase>
</testsuite>
