<?xml version="1.0" encoding="utf-8"?>
<testsuite failures="0" name="apt_fail_noarg" skipped="1" tests="1" time="0.08" timestamp="2022-06-10T09:12:16">
	<testcase classname="AptPluginFailNoArg" name="apt_fail_noarg">
		<skipped message="SKIPPED: Testing the apt plugin is not supported on this platform.To run the tests call PySys with -XmyPlatform='container'"/>
		<system-out>09:12:16 INFO  ==============================================================
09:12:16 INFO  Id:    apt_fail_noarg
09:12:16 INFO  Dir:   plugin_apt/
09:12:16 INFO  Title: Validate apt plugin fetures(prepare, list, install, remove finalize) without arguments
09:12:16 INFO  ==============================================================
09:12:16 INFO  Testing the apt plugin is not supported on this platform.To run the tests call PySys with -XmyPlatform='container' ... skipped
09:12:16 WARN  Aborted test due to SKIPPED outcome
09:12:16 INFO  
09:12:16 INFO  Test duration: 0.08 secs
09:12:16 INFO  Test final outcome:  SKIPPED
09:12:16 INFO  Test outcome reason: Testing the apt plugin is not supported on this platform.To run the tests call PySys with -XmyPlatform='container'
09:12:16 INFO  
</system-out>
	</testcase>
</testsuite>
