<?xml version="1.0" encoding="utf-8"?>
<testsuite failures="0" name="smoketest_json" skipped="0" tests="1" time="45.47" timestamp="2022-05-24T10:47:18">
	<testcase classname="SmokeTestJson" name="smoketest_json"/>
</testsuite>
