<?xml version="1.0" encoding="utf-8"?>
<testsuite failures="0" name="mqtt_port_change_connection_works" skipped="1" tests="1" time="0.02" timestamp="2022-07-26T16:15:13">
	<testcase classname="MqttPortChangeConnectionWorks" name="mqtt_port_change_connection_works">
		<skipped message="SKIPPED: failing intermitently"/>
		<system-out>16:15:13 INFO  ==============================================================
16:15:13 INFO  Id:    mqtt_port_change_connection_works
16:15:13 INFO  Dir:   misc_features/
16:15:13 INFO  Title: mqtt port change connection works for all the thin-edge services that use the mosquitto broker
16:15:13 INFO  ==============================================================
16:15:13 INFO  failing intermitently ... skipped
16:15:13 INFO  
16:15:13 INFO  Test duration: 0.02 secs
16:15:13 INFO  Test final outcome:  SKIPPED
16:15:13 INFO  Test outcome reason: failing intermitently
16:15:13 INFO  
</system-out>
	</testcase>
</testsuite>
