<?xml version="1.0" encoding="utf-8"?>
<testsuite failures="0" name="SoftwareManagement.Plugin.apama_plugin_update" skipped="1" tests="1" time="0.02" timestamp="2022-05-25T12:43:46">
	<testcase classname="ApamaPluginUpdateTest" name="SoftwareManagement.Plugin.apama_plugin_update">
		<skipped message="SKIPPED: Apama plugin tests are disabled by default. Execute `pysys run` with `-XmyPlatform=container` to run these tests"/>
		<system-out>12:43:46 INFO  ==============================================================
12:43:46 INFO  Id:    SoftwareManagement.Plugin.apama_plugin_update
12:43:46 INFO  Dir:   plugin_apama/
12:43:46 INFO  Title: Validate apama plugin updating one project with another
12:43:46 INFO  ==============================================================
12:43:46 INFO  Apama plugin tests are disabled by default. Execute `pysys run` with `-XmyPlatform=container` to run these tests ... skipped
12:43:46 WARN  Aborted test due to SKIPPED outcome
12:43:46 INFO  
12:43:46 INFO  Test duration: 0.02 secs
12:43:46 INFO  Test final outcome:  SKIPPED
12:43:46 INFO  Test outcome reason: Apama plugin tests are disabled by default. Execute `pysys run` with `-XmyPlatform=container` to run these tests
12:43:46 INFO  
</system-out>
	</testcase>
</testsuite>
