<?xml version="1.0" encoding="utf-8"?>
<testsuite failures="0" name="apt_finalize" skipped="1" tests="1" time="0.02" timestamp="2022-07-25T10:19:38">
	<testcase classname="AptPluginFinalize" name="apt_finalize">
		<skipped message="SKIPPED: Testing the apt plugin is not supported on this platform.To run the tests call PySys with -XmyPlatform='container'"/>
		<system-out>10:19:38 INFO  ==============================================================
10:19:38 INFO  Id:    apt_finalize
10:19:38 INFO  Dir:   plugin_apt/
10:19:38 INFO  Title: Validate apt plugin finalize - dense version
10:19:38 INFO  ==============================================================
10:19:38 INFO  Testing the apt plugin is not supported on this platform.To run the tests call PySys with -XmyPlatform='container' ... skipped
10:19:38 WARN  Aborted test due to SKIPPED outcome
10:19:38 INFO  
10:19:38 INFO  Test duration: 0.02 secs
10:19:38 INFO  Test final outcome:  SKIPPED
10:19:38 INFO  Test outcome reason: Testing the apt plugin is not supported on this platform.To run the tests call PySys with -XmyPlatform='container'
10:19:38 INFO  
</system-out>
	</testcase>
</testsuite>
