<?xml version="1.0" encoding="utf-8"?>
<testsuite failures="0" name="SoftwareManagement.Plugin.apama_plugin_update" skipped="1" tests="1" time="0.02" timestamp="2022-07-22T15:48:51">
	<testcase classname="ApamaPluginUpdateTest" name="SoftwareManagement.Plugin.apama_plugin_update">
		<skipped message="SKIPPED: Apama plugin tests are disabled by default. Execute `pysys run` with `-XmyPlatform=container` to run these tests"/>
		<system-out>15:48:51 INFO  ==============================================================
15:48:51 INFO  Id:    SoftwareManagement.Plugin.apama_plugin_update
15:48:51 INFO  Dir:   plugin_apama/
15:48:51 INFO  Title: Validate apama plugin updating one project with another
15:48:51 INFO  ==============================================================
15:48:51 INFO  Apama plugin tests are disabled by default. Execute `pysys run` with `-XmyPlatform=container` to run these tests ... skipped
15:48:51 WARN  Aborted test due to SKIPPED outcome
15:48:51 INFO  
15:48:51 INFO  Test duration: 0.02 secs
15:48:51 INFO  Test final outcome:  SKIPPED
15:48:51 INFO  Test outcome reason: Apama plugin tests are disabled by default. Execute `pysys run` with `-XmyPlatform=container` to run these tests
15:48:51 INFO  
</system-out>
	</testcase>
</testsuite>
