<?xml version="1.0" encoding="utf-8"?>
<testsuite failures="1" name="tedge_mapper_c8y_packet_threshold_size" skipped="0" tests="1" time="2.96" timestamp="2022-06-22T16:04:14">
	<testcase classname="TedgeMapperC8yThresholdPacketSize" name="tedge_mapper_c8y_packet_threshold_size">
		<failure message="FAILED: Grep on tedge_sub.out contains &quot;The size of the message received on tedge/measurements is 20489 which is greater than the threshold size of 16184.&quot;" type="FAILED"/>
		<system-out>16:04:11 INFO  ==============================================================
16:04:11 INFO  Id:    tedge_mapper_c8y_packet_threshold_size
16:04:11 INFO  Dir:   tedge_mapper_c8y/
16:04:11 INFO  Title: Validate the Cumulocity Mapper accepted threshold packet size when it receives a message on tedge/measurements
16:04:11 INFO  ==============================================================
16:04:11 INFO  Executed sudo&lt;tedge_mapper_c8y&gt;, exit status 0
16:04:11 INFO  Started sudo&lt;tedge_sub&gt; with process id 27092
16:04:12 INFO  Executed sudo&lt;tedge_msg&gt;, exit status 0
16:04:13 INFO  Executed sudo&lt;tedge_pub&gt;, exit status 0
16:04:13 INFO  Executed sudo&lt;kill_out&gt;, exit status 0
16:04:13 WARN  Grep on tedge_sub.out contains &quot;The size of the message received on tedge/measurements is 20489 which is greater than the threshold size of 16184.&quot; ... failed [run.py:88]
16:04:13 INFO  
16:04:13 INFO  cleanup:
16:04:13 INFO  mapper_cleanup
16:04:14 INFO  Executed sudo&lt;tedge_mapper_c8y&gt;, exit status 0
16:04:14 INFO  
16:04:14 INFO  Test duration: 2.96 secs
16:04:14 INFO  Test final outcome:  FAILED
16:04:14 INFO  Test outcome reason: Grep on tedge_sub.out contains &quot;The size of the message received on tedge/measurements is 20489 which is greater than the threshold size of 16184.&quot;
16:04:14 INFO  
</system-out>
	</testcase>
</testsuite>
