<?xml version="1.0" encoding="utf-8"?>
<testsuite failures="0" name="SoftwareManagement.Plugin.apama_plugin_mon_support" skipped="1" tests="1" time="0.02" timestamp="2022-07-16T11:30:19">
	<testcase classname="ApamaPluginMonSupportTest" name="SoftwareManagement.Plugin.apama_plugin_mon_support">
		<skipped message="SKIPPED: Apama plugin tests are disabled by default. Execute `pysys run` with `-XmyPlatform=container` to run these tests"/>
		<system-out>11:30:19 INFO  ==============================================================
11:30:19 INFO  Id:    SoftwareManagement.Plugin.apama_plugin_mon_support
11:30:19 INFO  Dir:   plugin_apama/
11:30:19 INFO  Title: Validate mon file support of apama plugin
11:30:19 INFO  ==============================================================
11:30:19 INFO  Apama plugin tests are disabled by default. Execute `pysys run` with `-XmyPlatform=container` to run these tests ... skipped
11:30:19 WARN  Aborted test due to SKIPPED outcome
11:30:19 INFO  
11:30:19 INFO  Test duration: 0.02 secs
11:30:19 INFO  Test final outcome:  SKIPPED
11:30:19 INFO  Test outcome reason: Apama plugin tests are disabled by default. Execute `pysys run` with `-XmyPlatform=container` to run these tests
11:30:19 INFO  
</system-out>
	</testcase>
</testsuite>
