<?xml version="1.0" encoding="utf-8"?>
<testsuite failures="1" name="log_request_error_messages" skipped="0" tests="1" time="57.97" timestamp="2022-05-23T08:24:39">
	<testcase classname="LogRequestVerifySearchTextError" name="log_request_error_messages">
		<failure message="BLOCKED: Exception: retry" type="BLOCKED"/>
		<system-out>08:23:41 INFO  ==============================================================
08:23:41 INFO  Id:    log_request_error_messages
08:23:41 INFO  Dir:   log_request_end_to_end/
08:23:41 INFO  Title: Validate end to end behaviour for the log request operation check for error messages
08:23:41 INFO  ==============================================================
08:23:42 INFO  EnvironmentC8y Setup
08:23:43 INFO  Executed systemctl&lt;serv_mapper1&gt;, exit status 3
08:23:43 INFO  Restarting mosquitto too frequently in the last 10 seconds. It was only up for 2 seconds
08:23:43 INFO  Delaying execution by 9 seconds
08:24:06 INFO  Executed sudo&lt;tedge_connect_c8y&gt;, exit status 0, duration 14 secs
08:24:07 INFO  Executed sudo&lt;tedge_connect_c8y_test&gt;, exit status 0
08:24:07 INFO  Executed systemctl&lt;serv_mosq2&gt;, exit status 0
08:24:08 INFO  Executed systemctl&lt;serv_mapper3&gt;, exit status 0
08:24:08 INFO  Executed sudo&lt;rm_logs&gt;, exit status 0
08:24:09 INFO  Executed sudo&lt;move_logs&gt;, exit status 0
08:24:09 INFO  log response None
08:24:09 WARN  retry, retrying in 1 seconds...
08:24:11 INFO  log response None
08:24:11 WARN  retry, retrying in 1 seconds...
08:24:12 INFO  log response None
08:24:12 WARN  retry, retrying in 1 seconds...
08:24:13 INFO  log response None
08:24:13 WARN  retry, retrying in 1 seconds...
08:24:14 INFO  log response None
08:24:14 WARN  retry, retrying in 1 seconds...
08:24:16 INFO  log response None
08:24:16 WARN  retry, retrying in 1 seconds...
08:24:17 INFO  log response None
08:24:17 WARN  retry, retrying in 1 seconds...
08:24:18 INFO  log response None
08:24:18 WARN  retry, retrying in 1 seconds...
08:24:19 INFO  log response None
08:24:19 WARN  retry, retrying in 1 seconds...
08:24:21 INFO  log response None
08:24:21 WARN  retry, retrying in 1 seconds...
08:24:22 INFO  log response None
08:24:22 WARN  retry, retrying in 1 seconds...
08:24:23 INFO  log response None
08:24:23 WARN  retry, retrying in 1 seconds...
08:24:24 INFO  log response None
08:24:24 WARN  retry, retrying in 1 seconds...
08:24:25 INFO  log response None
08:24:25 WARN  retry, retrying in 1 seconds...
08:24:27 INFO  log response None
08:24:27 WARN  retry, retrying in 1 seconds...
08:24:28 INFO  log response None
08:24:28 WARN  retry, retrying in 1 seconds...
08:24:29 INFO  log response None
08:24:29 WARN  retry, retrying in 1 seconds...
08:24:30 INFO  log response None
08:24:30 WARN  retry, retrying in 1 seconds...
08:24:31 INFO  log response None
08:24:31 WARN  retry, retrying in 1 seconds...
08:24:33 INFO  log response None
08:24:33 WARN  Exception occurred while running test - retry
Traceback (most recent call last):
  File &quot;/home/pi/env-pysys/lib/python3.7/site-packages/pysys/baserunner.py&quot;, line 1296, in __call__
    self.testObj.validate()
  File &quot;/home/pi/actions-runner/_work/thin-edge.io/thin-edge.io/tests/PySys/log_request_end_to_end/log_request_error_messages/run.py&quot;, line 43, in validate
    self.assertThat(&quot;True == value&quot;, value=self.wait_until_logs_retrieved())
  File &quot;/home/pi/env-pysys/lib/python3.7/site-packages/decorator.py&quot;, line 232, in fun
    return caller(func, *(extras + args), **kw)
  File &quot;/home/pi/env-pysys/lib/python3.7/site-packages/retry/api.py&quot;, line 74, in retry_decorator
    logger)
  File &quot;/home/pi/env-pysys/lib/python3.7/site-packages/retry/api.py&quot;, line 33, in __retry_internal
    return f()
  File &quot;/home/pi/actions-runner/_work/thin-edge.io/thin-edge.io/tests/PySys/log_request_end_to_end/log_request_error_messages/run.py&quot;, line 52, in wait_until_logs_retrieved
    raise Exception(&quot;retry&quot;)
Exception: retry
08:24:33 WARN  Exception: retry ... blocked 
08:24:33 INFO  
08:24:33 INFO  cleanup:
08:24:33 INFO  Executed sudo&lt;rm_logs&gt;, exit status 0
08:24:34 INFO  Executed sudo&lt;rm_tmp_logs&gt;, exit status 0
08:24:34 INFO  Executed sudo&lt;send_failed&gt;, exit status 0
08:24:38 INFO  Executed sudo&lt;tedge_disconnect_c8y&gt;, exit status 0
08:24:39 INFO  Executed systemctl&lt;serv_mapper5&gt;, exit status 3
08:24:39 INFO  
08:24:39 INFO  Test duration: 57.97 secs
08:24:39 INFO  Test final outcome:  BLOCKED
08:24:39 INFO  Test outcome reason: Exception: retry
08:24:39 INFO  
</system-out>
	</testcase>
</testsuite>
