<?xml version="1.0" encoding="utf-8"?>
<testsuite failures="0" name="smoketest_json" skipped="0" tests="1" time="44.97" timestamp="2022-06-20T15:02:00">
	<testcase classname="SmokeTestJson" name="smoketest_json"/>
</testsuite>
