<?xml version="1.0" encoding="utf-8"?>
<testsuite failures="1" name="agent_init_session" skipped="0" tests="1" time="5.75" timestamp="2022-06-02T08:45:00">
	<testcase classname="AgentInitSession" name="agent_init_session">
		<failure message="FAILED: Grep on sub_resp.out contains &quot;Ld3KgqpcLDlrYH6sfpG7w&quot;" type="FAILED"/>
		<system-out>08:44:54 INFO  ==============================================================
08:44:54 INFO  Id:    agent_init_session
08:44:54 INFO  Dir:   tedge_agent/
08:44:54 INFO  Title: Validate tedge agent init session feature
08:44:54 INFO  ==============================================================
08:44:54 INFO  Executed sudo&lt;remove_lock&gt;, exit status 0
08:44:55 INFO  Executed sudo&lt;agent_clear&gt;, exit status 0
08:44:55 INFO  Executed sudo&lt;agent_init&gt;, exit status 0
08:44:56 INFO  Executed sudo&lt;pub_req&gt;, exit status 0
08:44:56 INFO  Started sudo&lt;sub_resp&gt; with process id 13818
08:44:56 INFO  Executed sudo&lt;agent_start&gt;, exit status 0
08:44:56 INFO  Waiting for 2.0 seconds
08:44:59 INFO  Executed sudo&lt;agent_stop&gt;, exit status 0
08:44:59 INFO  Executed sudo&lt;sub_stop&gt;, exit status 0
08:45:00 WARN  Grep on sub_resp.out contains &quot;Ld3KgqpcLDlrYH6sfpG7w&quot; ... failed [run.py:87]
08:45:00 INFO  
08:45:00 INFO  Test duration: 5.75 secs
08:45:00 INFO  Test final outcome:  FAILED
08:45:00 INFO  Test outcome reason: Grep on sub_resp.out contains &quot;Ld3KgqpcLDlrYH6sfpG7w&quot;
08:45:00 INFO  
</system-out>
	</testcase>
</testsuite>
