<?xml version="1.0" encoding="utf-8"?>
<testsuite failures="0" name="SoftwareManagement.sm_apt_install_remove" skipped="1" tests="1" time="0.03" timestamp="2022-06-29T12:05:46">
	<testcase classname="PySysTest" name="SoftwareManagement.sm_apt_install_remove">
		<skipped message="SKIPPED: Testing the apt plugin is not supported on this platform.Use parameter -XmyPlatform='container' to enable it"/>
		<system-out>12:05:46 INFO  ==============================================================
12:05:46 INFO  Id:    SoftwareManagement.sm_apt_install_remove
12:05:46 INFO  Dir:   software_management_end_to_end/
12:05:46 INFO  Title: Validate end to end behaviour for the apt plugin for installation and removal of packages
12:05:46 INFO  ==============================================================
12:05:46 INFO  Testing the apt plugin is not supported on this platform.Use parameter -XmyPlatform='container' to enable it ... skipped
12:05:46 WARN  Aborted test due to SKIPPED outcome
12:05:46 INFO  
12:05:46 INFO  Test duration: 0.03 secs
12:05:46 INFO  Test final outcome:  SKIPPED
12:05:46 INFO  Test outcome reason: Testing the apt plugin is not supported on this platform.Use parameter -XmyPlatform='container' to enable it
12:05:46 INFO  
</system-out>
	</testcase>
</testsuite>
