<?xml version="1.0" encoding="utf-8"?>
<testsuite failures="0" name="apt_update_list" skipped="1" tests="1" time="0.02" timestamp="2022-06-22T15:49:44">
	<testcase classname="AptPluginUpdateList" name="apt_update_list">
		<skipped message="SKIPPED: Testing the apt plugin is not supported on this platform.To run the tests call PySys with -XmyPlatform='container'"/>
		<system-out>15:49:44 INFO  ==============================================================
15:49:44 INFO  Id:    apt_update_list
15:49:44 INFO  Dir:   plugin_apt/
15:49:44 INFO  Title: Validate apt plugin update-list command use case
15:49:44 INFO  ==============================================================
15:49:44 INFO  Testing the apt plugin is not supported on this platform.To run the tests call PySys with -XmyPlatform='container' ... skipped
15:49:44 WARN  Aborted test due to SKIPPED outcome
15:49:44 INFO  
15:49:44 INFO  Test duration: 0.02 secs
15:49:44 INFO  Test final outcome:  SKIPPED
15:49:44 INFO  Test outcome reason: Testing the apt plugin is not supported on this platform.To run the tests call PySys with -XmyPlatform='container'
15:49:44 INFO  
</system-out>
	</testcase>
</testsuite>
