<?xml version="1.0" encoding="utf-8"?>
<testsuite failures="0" name="apt_wrong_option" skipped="1" tests="1" time="0.02" timestamp="2022-06-09T06:57:45">
	<testcase classname="AptPluginWrongOption" name="apt_wrong_option">
		<skipped message="SKIPPED: Testing the apt plugin is not supported on this platform.To run the tests call PySys with -XmyPlatform='container'"/>
		<system-out>06:57:45 INFO  ==============================================================
06:57:45 INFO  Id:    apt_wrong_option
06:57:45 INFO  Dir:   plugin_apt/
06:57:45 INFO  Title: Validate apt plugin install
06:57:45 INFO  ==============================================================
06:57:45 INFO  Testing the apt plugin is not supported on this platform.To run the tests call PySys with -XmyPlatform='container' ... skipped
06:57:45 WARN  Aborted test due to SKIPPED outcome
06:57:45 INFO  
06:57:45 INFO  Test duration: 0.02 secs
06:57:45 INFO  Test final outcome:  SKIPPED
06:57:45 INFO  Test outcome reason: Testing the apt plugin is not supported on this platform.To run the tests call PySys with -XmyPlatform='container'
06:57:45 INFO  
</system-out>
	</testcase>
</testsuite>
