<?xml version="1.0" encoding="utf-8"?>
<testsuite failures="0" name="apt_sequence_install_with_version" skipped="1" tests="1" time="0.02" timestamp="2022-07-21T18:26:04">
	<testcase classname="AptPluginPrepInstallWithVersionFinalize" name="apt_sequence_install_with_version">
		<skipped message="SKIPPED: Testing the apt plugin is not supported on this platform.To run the tests call PySys with -XmyPlatform='container'"/>
		<system-out>18:26:04 INFO  ==============================================================
18:26:04 INFO  Id:    apt_sequence_install_with_version
18:26:04 INFO  Dir:   plugin_apt/
18:26:04 INFO  Title: Validate apt plugin install with version use case
18:26:04 INFO  ==============================================================
18:26:04 INFO  Testing the apt plugin is not supported on this platform.To run the tests call PySys with -XmyPlatform='container' ... skipped
18:26:04 WARN  Aborted test due to SKIPPED outcome
18:26:04 INFO  
18:26:04 INFO  Test duration: 0.02 secs
18:26:04 INFO  Test final outcome:  SKIPPED
18:26:04 INFO  Test outcome reason: Testing the apt plugin is not supported on this platform.To run the tests call PySys with -XmyPlatform='container'
18:26:04 INFO  
</system-out>
	</testcase>
</testsuite>
