<?xml version="1.0" encoding="utf-8"?>
<testsuite failures="0" name="apt_remove" skipped="1" tests="1" time="0.02" timestamp="2022-07-22T07:26:19">
	<testcase classname="AptPluginRemoveDense" name="apt_remove">
		<skipped message="SKIPPED: Testing the apt plugin is not supported on this platform.To run the tests call PySys with -XmyPlatform='container'"/>
		<system-out>07:26:19 INFO  ==============================================================
07:26:19 INFO  Id:    apt_remove
07:26:19 INFO  Dir:   plugin_apt/
07:26:19 INFO  Title: Validate apt plugin prepare - dense version
07:26:19 INFO  ==============================================================
07:26:19 INFO  Testing the apt plugin is not supported on this platform.To run the tests call PySys with -XmyPlatform='container' ... skipped
07:26:19 WARN  Aborted test due to SKIPPED outcome
07:26:19 INFO  
07:26:19 INFO  Test duration: 0.02 secs
07:26:19 INFO  Test final outcome:  SKIPPED
07:26:19 INFO  Test outcome reason: Testing the apt plugin is not supported on this platform.To run the tests call PySys with -XmyPlatform='container'
07:26:19 INFO  
</system-out>
	</testcase>
</testsuite>
