<?xml version="1.0" encoding="utf-8"?>
<testsuite failures="0" name="SoftwareManagement.Plugin.apama_plugin_mon_support" skipped="1" tests="1" time="0.02" timestamp="2022-07-22T03:51:06">
	<testcase classname="ApamaPluginMonSupportTest" name="SoftwareManagement.Plugin.apama_plugin_mon_support">
		<skipped message="SKIPPED: Apama plugin tests are disabled by default. Execute `pysys run` with `-XmyPlatform=container` to run these tests"/>
		<system-out>03:51:06 INFO  ==============================================================
03:51:06 INFO  Id:    SoftwareManagement.Plugin.apama_plugin_mon_support
03:51:06 INFO  Dir:   plugin_apama/
03:51:06 INFO  Title: Validate mon file support of apama plugin
03:51:06 INFO  ==============================================================
03:51:06 INFO  Apama plugin tests are disabled by default. Execute `pysys run` with `-XmyPlatform=container` to run these tests ... skipped
03:51:06 WARN  Aborted test due to SKIPPED outcome
03:51:06 INFO  
03:51:06 INFO  Test duration: 0.02 secs
03:51:06 INFO  Test final outcome:  SKIPPED
03:51:06 INFO  Test outcome reason: Apama plugin tests are disabled by default. Execute `pysys run` with `-XmyPlatform=container` to run these tests
03:51:06 INFO  
</system-out>
	</testcase>
</testsuite>
