<?xml version="1.0" encoding="utf-8"?>
<testsuite failures="0" name="SoftwareManagement.sm_apt_install_download_path" skipped="1" tests="1" time="0.06" timestamp="2022-07-22T15:58:28">
	<testcase classname="AptInstallWithDownloadPath" name="SoftwareManagement.sm_apt_install_download_path">
		<skipped message="SKIPPED: Testing the apt plugin is not supported on this platform.Use parameter -XmyPlatform='container' to enable it"/>
		<system-out>15:58:28 INFO  ==============================================================
15:58:28 INFO  Id:    SoftwareManagement.sm_apt_install_download_path
15:58:28 INFO  Dir:   software_management_end_to_end/
15:58:28 INFO  Title: Install package to directory specified in tedge config set tmp.path
15:58:28 INFO  ==============================================================
15:58:28 INFO  Testing the apt plugin is not supported on this platform.Use parameter -XmyPlatform='container' to enable it ... skipped
15:58:28 WARN  Aborted test due to SKIPPED outcome
15:58:28 INFO  
15:58:28 INFO  Test duration: 0.06 secs
15:58:28 INFO  Test final outcome:  SKIPPED
15:58:28 INFO  Test outcome reason: Testing the apt plugin is not supported on this platform.Use parameter -XmyPlatform='container' to enable it
15:58:28 INFO  
</system-out>
	</testcase>
</testsuite>
