<?xml version="1.0" encoding="utf-8"?>
<testsuite failures="1" name="mapper_awaits_before_reconnect" skipped="0" tests="1" time="9.44" timestamp="2022-06-20T16:50:35">
	<testcase classname="MapperReconnectAwait" name="mapper_awaits_before_reconnect">
		<failure message="FAILED: Line count on tedge_mapper_journal.out for &quot;tedge_mapper::core::mapper: MQTT connection error:&quot; expected &gt;=2 but got 0" type="FAILED"/>
		<system-out>16:50:26 INFO  ==============================================================
16:50:26 INFO  Id:    mapper_awaits_before_reconnect
16:50:26 INFO  Dir:   tedge_mapper_c8y/
16:50:26 INFO  Title: Validate mapper doesn't reconnect too often
16:50:26 INFO  ==============================================================
16:50:26 INFO  Started mosquitto_sub with process id 7064
16:50:26 INFO  Waiting for 0.1 seconds
16:50:27 INFO  Executed sudo&lt;tedge_mapper&gt;, exit status 0
16:50:27 INFO  Waiting for 5.0 seconds
16:50:32 INFO  Executed sudo&lt;tedge_mapper&gt;, exit status 0
16:50:35 INFO  Executed sudo&lt;tedge_mapper_journal&gt;, exit status 0
16:50:35 WARN  Grep on tedge_mapper_journal.out contains &quot;ERROR&quot; ... failed [run.py:67]
16:50:35 INFO  Line count on file tedge_mapper_journal.out ... passed
16:50:35 WARN  Line count on tedge_mapper_journal.out for &quot;tedge_mapper::core::mapper: MQTT connection error:&quot; expected &gt;=2 but got 0 ... failed [run.py:78]
16:50:35 WARN  Aborted test due to FAILED outcome
16:50:35 INFO  
16:50:35 INFO  Test duration: 9.44 secs
16:50:35 INFO  Test final outcome:  FAILED
16:50:35 INFO  Test outcome reason: Line count on tedge_mapper_journal.out for &quot;tedge_mapper::core::mapper: MQTT connection error:&quot; expected &gt;=2 but got 0
16:50:35 INFO  
</system-out>
	</testcase>
</testsuite>
