<?xml version="1.0" encoding="utf-8"?>
<testsuite failures="1" name="mapper_awaits_before_reconnect" skipped="0" tests="1" time="7.12" timestamp="2022-05-23T13:33:08">
	<testcase classname="MapperReconnectAwait" name="mapper_awaits_before_reconnect">
		<failure message="FAILED: Line count on tedge_mapper_journal.out for &quot;tedge_mapper::core::mapper: MQTT connection error:&quot; expected &gt;=2 but got 0" type="FAILED"/>
		<system-out>13:33:01 INFO  ==============================================================
13:33:01 INFO  Id:    mapper_awaits_before_reconnect
13:33:01 INFO  Dir:   tedge_mapper_c8y/
13:33:01 INFO  Title: Validate mapper doesn't reconnect too often
13:33:01 INFO  ==============================================================
13:33:01 INFO  Started mosquitto_sub with process id 21669
13:33:01 INFO  Waiting for 0.1 seconds
13:33:02 INFO  Executed sudo&lt;tedge_mapper&gt;, exit status 0
13:33:02 INFO  Waiting for 5.0 seconds
13:33:08 INFO  Executed sudo&lt;tedge_mapper&gt;, exit status 0
13:33:08 INFO  Executed sudo&lt;tedge_mapper_journal&gt;, exit status 0
13:33:08 WARN  Grep on tedge_mapper_journal.out contains &quot;ERROR&quot; ... failed [run.py:67]
13:33:08 INFO  Line count on file tedge_mapper_journal.out ... passed
13:33:08 WARN  Line count on tedge_mapper_journal.out for &quot;tedge_mapper::core::mapper: MQTT connection error:&quot; expected &gt;=2 but got 0 ... failed [run.py:78]
13:33:08 WARN  Aborted test due to FAILED outcome
13:33:08 INFO  
13:33:08 INFO  Test duration: 7.12 secs
13:33:08 INFO  Test final outcome:  FAILED
13:33:08 INFO  Test outcome reason: Line count on tedge_mapper_journal.out for &quot;tedge_mapper::core::mapper: MQTT connection error:&quot; expected &gt;=2 but got 0
13:33:08 INFO  
</system-out>
	</testcase>
</testsuite>
