<?xml version="1.0" encoding="utf-8"?>
<testsuite failures="0" name="SoftwareManagement.sm_apt_install_remove_with_version" skipped="1" tests="1" time="0.02" timestamp="2022-06-15T11:04:40">
	<testcase classname="PySysTest" name="SoftwareManagement.sm_apt_install_remove_with_version">
		<skipped message="SKIPPED: Testing the apt plugin is not supported on this platform.Use parameter -XmyPlatform='container' to enable it"/>
		<system-out>11:04:40 INFO  ==============================================================
11:04:40 INFO  Id:    SoftwareManagement.sm_apt_install_remove_with_version
11:04:40 INFO  Dir:   software_management_end_to_end/
11:04:40 INFO  Title: Validate end to end behaviour for the apt plugin for packages with version
11:04:40 INFO  ==============================================================
11:04:40 INFO  Testing the apt plugin is not supported on this platform.Use parameter -XmyPlatform='container' to enable it ... skipped
11:04:40 WARN  Aborted test due to SKIPPED outcome
11:04:40 INFO  
11:04:40 INFO  Test duration: 0.02 secs
11:04:40 INFO  Test final outcome:  SKIPPED
11:04:40 INFO  Test outcome reason: Testing the apt plugin is not supported on this platform.Use parameter -XmyPlatform='container' to enable it
11:04:40 INFO  
</system-out>
	</testcase>
</testsuite>
