<?xml version="1.0" encoding="utf-8"?>
<testsuite failures="0" name="SoftwareManagement.Plugin.apama_plugin_install" skipped="1" tests="1" time="0.07" timestamp="2022-07-15T07:39:59">
	<testcase classname="ApamaPluginInstallTest" name="SoftwareManagement.Plugin.apama_plugin_install">
		<skipped message="SKIPPED: Apama plugin tests are disabled by default. Execute `pysys run` with `-XmyPlatform=container` to run these tests"/>
		<system-out>07:39:59 INFO  ==============================================================
07:39:59 INFO  Id:    SoftwareManagement.Plugin.apama_plugin_install
07:39:59 INFO  Dir:   plugin_apama/
07:39:59 INFO  Title: Validate apama plugin install
07:39:59 INFO  ==============================================================
07:39:59 INFO  Apama plugin tests are disabled by default. Execute `pysys run` with `-XmyPlatform=container` to run these tests ... skipped
07:39:59 WARN  Aborted test due to SKIPPED outcome
07:39:59 INFO  
07:39:59 INFO  Test duration: 0.07 secs
07:39:59 INFO  Test final outcome:  SKIPPED
07:39:59 INFO  Test outcome reason: Apama plugin tests are disabled by default. Execute `pysys run` with `-XmyPlatform=container` to run these tests
07:39:59 INFO  
</system-out>
	</testcase>
</testsuite>
