<?xml version="1.0" encoding="utf-8"?>
<testsuite failures="1" name="log_request_num_lines" skipped="0" tests="1" time="31.51" timestamp="2022-06-10T12:59:50">
	<testcase classname="LogRequestVerifyNumberOfLines" name="log_request_num_lines">
		<failure message="BLOCKED: TypeError: 'NoneType' object is not subscriptable" type="BLOCKED"/>
		<system-out>12:59:19 INFO  ==============================================================
12:59:19 INFO  Id:    log_request_num_lines
12:59:19 INFO  Dir:   log_request_end_to_end/
12:59:19 INFO  Title: Validate end to end behaviour for the log request operation check for number of lines
12:59:19 INFO  ==============================================================
12:59:19 INFO  EnvironmentC8y Setup
12:59:19 INFO  Executed systemctl&lt;serv_mapper1&gt;, exit status 3
12:59:19 INFO  Restarting mosquitto too frequently in the last 10 seconds. It was only up for 5 seconds
12:59:19 INFO  Delaying execution by 6 seconds
12:59:40 INFO  Executed sudo&lt;tedge_connect_c8y&gt;, exit status 0, duration 14 secs
12:59:40 INFO  Executed sudo&lt;tedge_connect_c8y_test&gt;, exit status 0
12:59:41 INFO  Executed systemctl&lt;serv_mosq2&gt;, exit status 0
12:59:41 INFO  Executed systemctl&lt;serv_mapper3&gt;, exit status 0
12:59:42 INFO  Executed sudo&lt;rm_logs&gt;, exit status 0
12:59:42 INFO  Executed sudo&lt;move_logs&gt;, exit status 0
12:59:43 INFO  Executed sudo&lt;log_file_daemon&gt;, exit status 0
12:59:43 WARN  TypeError occurred while running test - 'NoneType' object is not subscriptable
Traceback (most recent call last):
  File &quot;/home/pi/env-pysys/lib/python3.7/site-packages/pysys/baserunner.py&quot;, line 1294, in __call__
    self.testObj.execute()
  File &quot;/home/pi/actions-runner/_work/thin-edge.io/thin-edge.io/tests/PySys/log_request_end_to_end/log_request_num_lines/run.py&quot;, line 46, in execute
    log_file_request_payload, self.project.deviceid
  File &quot;/home/pi/actions-runner/_work/thin-edge.io/thin-edge.io/tests/PySys/environments/cumulocity.py&quot;, line 101, in trigger_log_request
    &quot;deviceId&quot;: self.device_fragment[&quot;id&quot;],
TypeError: 'NoneType' object is not subscriptable
12:59:43 WARN  TypeError: 'NoneType' object is not subscriptable ... blocked 
12:59:43 INFO  
12:59:43 INFO  cleanup:
12:59:44 INFO  Executed sudo&lt;rm_logs&gt;, exit status 0
12:59:44 INFO  Executed sudo&lt;rm_tmp_logs&gt;, exit status 0
12:59:45 INFO  Executed sudo&lt;send_failed&gt;, exit status 0
12:59:46 INFO  Executed sudo&lt;log_file_daemon&gt;, exit status 0
12:59:50 INFO  Executed sudo&lt;tedge_disconnect_c8y&gt;, exit status 0
12:59:50 INFO  Executed systemctl&lt;serv_mapper5&gt;, exit status 3
12:59:50 INFO  
12:59:50 INFO  Test duration: 31.51 secs
12:59:50 INFO  Test final outcome:  BLOCKED
12:59:50 INFO  Test outcome reason: TypeError: 'NoneType' object is not subscriptable
12:59:50 INFO  
</system-out>
	</testcase>
</testsuite>
