<?xml version="1.0" encoding="utf-8"?>
<testsuite failures="1" name="valid_device_id" skipped="0" tests="1" time="9.45" timestamp="2022-06-02T08:34:05">
	<testcase classname="ValidateValidDeviceId" name="valid_device_id">
		<failure message="BLOCKED: sudo&lt;tedge_connect_c8y&gt; returned non-zero exit code 1" type="BLOCKED"/>
		<system-out>08:33:55 INFO  ==============================================================
08:33:55 INFO  Id:    valid_device_id
08:33:55 INFO  Dir:   misc_features/
08:33:55 INFO  Title: Valid device ID
08:33:55 INFO  ==============================================================
08:33:56 INFO  Executed sudo&lt;tedge_disconnect_c8y&gt;, exit status 0
08:33:56 INFO  Executed sudo&lt;create_cert_dir&gt;, exit status 0
08:33:57 INFO  Executed sudo&lt;change_owner_of_dir&gt;, exit status 0
08:33:57 INFO  Executed sudo&lt;set_cert_path&gt;, exit status 0
08:33:58 INFO  Executed sudo&lt;set_key_path&gt;, exit status 0
08:33:58 INFO  Executed sudo&lt;cert_create&gt;, exit status 0
08:34:00 INFO  Executed sudo&lt;cert_upload&gt;, exit status 0
08:34:02 WARN  Executed sudo&lt;tedge_connect_c8y&gt;, exit status 1
08:34:02 INFO  Contents of tedge_connect_c8y.err: 
  ERROR: MqttState(Io(Custom { kind: ConnectionAborted, error: &quot;connection closed by peer&quot; }))
  Error: failed to connect Cumulocity cloud.
  Caused by:
      Connection check failed
  -----

08:34:02 WARN  sudo&lt;tedge_connect_c8y&gt; returned non-zero exit code 1 ... blocked [environment_tedge.py:58,run.py:100]
08:34:02 WARN  Aborted test due to BLOCKED outcome
08:34:02 INFO  
08:34:02 INFO  cleanup:
08:34:03 INFO  Executed sudo&lt;tedge_disconnect_c8y&gt;, exit status 0
08:34:03 INFO  Executed sudo&lt;unset_cert_path&gt;, exit status 0
08:34:04 INFO  Executed sudo&lt;unset_key_path&gt;, exit status 0
08:34:05 INFO  Executed sudo&lt;remove_cert_dir&gt;, exit status 0
08:34:05 INFO  
08:34:05 INFO  Test duration: 9.45 secs
08:34:05 INFO  Test final outcome:  BLOCKED
08:34:05 INFO  Test outcome reason: sudo&lt;tedge_connect_c8y&gt; returned non-zero exit code 1
08:34:05 INFO  
</system-out>
	</testcase>
</testsuite>
