<?xml version="1.0" encoding="utf-8"?>
<testsuite failures="0" name="SoftwareManagement.sm_mapper_fail_and_reconnect" skipped="1" tests="1" time="0.02" timestamp="2022-06-09T07:07:19">
	<testcase classname="MapperC8yReceiveLastMessageOnRestart" name="SoftwareManagement.sm_mapper_fail_and_reconnect">
		<skipped message="SKIPPED: instable https://github.com/thin-edge/thin-edge.io/issues/752"/>
		<system-out>07:07:19 INFO  ==============================================================
07:07:19 INFO  Id:    SoftwareManagement.sm_mapper_fail_and_reconnect
07:07:19 INFO  Dir:   software_management_end_to_end/
07:07:19 INFO  Title: Validate the tedge-mapper-sm-c8y for receiving the last message on restart
07:07:19 INFO  ==============================================================
07:07:19 INFO  instable https://github.com/thin-edge/thin-edge.io/issues/752 ... skipped
07:07:19 INFO  
07:07:19 INFO  Test duration: 0.02 secs
07:07:19 INFO  Test final outcome:  SKIPPED
07:07:19 INFO  Test outcome reason: instable https://github.com/thin-edge/thin-edge.io/issues/752
07:07:19 INFO  
</system-out>
	</testcase>
</testsuite>
