<?xml version="1.0" encoding="utf-8"?>
<testsuite failures="1" name="c8y_jwt_token_retrieval" skipped="0" tests="1" time="23.0" timestamp="2022-07-16T17:13:44">
	<testcase classname="ValidateJWTTokenRetrieval" name="c8y_jwt_token_retrieval">
		<failure message="FAILED: Grep on resp_jwt.out contains &quot;\[c8y/s/dat\] 71,&quot;" type="FAILED"/>
		<system-out>17:13:21 INFO  ==============================================================
17:13:21 INFO  Id:    c8y_jwt_token_retrieval
17:13:21 INFO  Dir:   cloud_c8y/
17:13:21 INFO  Title: Validate the Cumulocity JWT Token Retrieval feature
17:13:21 INFO  ==============================================================
17:13:22 INFO  Executed sudo&lt;tedge_disconnect_c8y&gt;, exit status 0
17:13:36 INFO  Executed sudo&lt;tedge_connect_c8y&gt;, exit status 0, duration 14 secs
17:13:36 INFO  Started sudo&lt;resp_jwt&gt; with process id 11075
17:13:37 INFO  Executed sudo&lt;req_jwt&gt;, exit status 0
17:13:40 INFO  Executed sudo&lt;kill_out&gt;, exit status 0
17:13:40 WARN  Grep on resp_jwt.out contains &quot;\[c8y/s/dat\] 71,&quot; ... failed [run.py:60]
17:13:40 INFO  
17:13:40 INFO  cleanup:
17:13:44 INFO  Executed sudo&lt;tedge_disconnect_c8y&gt;, exit status 0
17:13:44 INFO  
17:13:44 INFO  Test duration: 23.00 secs
17:13:44 INFO  Test final outcome:  FAILED
17:13:44 INFO  Test outcome reason: Grep on resp_jwt.out contains &quot;\[c8y/s/dat\] 71,&quot;
17:13:44 INFO  
</system-out>
	</testcase>
</testsuite>
