<?xml version="1.0" encoding="utf-8"?>
<testsuite failures="1" name="call_tedge_-h_-V" skipped="0" tests="1" time="0.5" timestamp="2022-07-15T07:49:41">
	<testcase classname="PySysTest" name="call_tedge_-h_-V">
		<failure message="FAILED: Grep on tedge.out contains &quot;tedge 0.6&quot;" type="FAILED"/>
		<system-out>07:49:40 INFO  ==============================================================
07:49:40 INFO  Id:    call_tedge_-h_-V
07:49:40 INFO  Dir:   tedge/
07:49:40 INFO  Title: Validate command line option -h -V
07:49:40 INFO  ==============================================================
07:49:40 INFO  Executed tedge, exit status 0
07:49:41 WARN  Grep on tedge.out contains &quot;tedge 0.6&quot; ... failed [run.py:32]
07:49:41 INFO  Grep on file tedge.out ... passed
07:49:41 INFO  
07:49:41 INFO  Test duration: 0.50 secs
07:49:41 INFO  Test final outcome:  FAILED
07:49:41 INFO  Test outcome reason: Grep on tedge.out contains &quot;tedge 0.6&quot;
07:49:41 INFO  
</system-out>
	</testcase>
</testsuite>
