<?xml version="1.0" encoding="utf-8"?>
<testsuite failures="0" name="SoftwareManagement.sm_fake_install_remove_multiple" skipped="1" tests="1" time="0.02" timestamp="2022-07-26T16:25:42">
	<testcase classname="PySysTest" name="SoftwareManagement.sm_fake_install_remove_multiple">
		<skipped message="SKIPPED: Testing the fake plugin is not enabled.Use parameter -Xfakeplugin=fakeplugin to enable it"/>
		<system-out>16:25:42 INFO  ==============================================================
16:25:42 INFO  Id:    SoftwareManagement.sm_fake_install_remove_multiple
16:25:42 INFO  Dir:   software_management_end_to_end/
16:25:42 INFO  Title: Validate end to end behaviour for the dummy-plugin for multiple packages
16:25:42 INFO  ==============================================================
16:25:42 INFO  Testing the fake plugin is not enabled.Use parameter -Xfakeplugin=fakeplugin to enable it ... skipped
16:25:42 WARN  Aborted test due to SKIPPED outcome
16:25:42 INFO  
16:25:42 INFO  Test duration: 0.02 secs
16:25:42 INFO  Test final outcome:  SKIPPED
16:25:42 INFO  Test outcome reason: Testing the fake plugin is not enabled.Use parameter -Xfakeplugin=fakeplugin to enable it
16:25:42 INFO  
</system-out>
	</testcase>
</testsuite>
