<?xml version="1.0" encoding="utf-8"?>
<testsuite failures="0" name="publish_sawmill" skipped="0" tests="1" time="81.01" timestamp="2022-06-22T13:56:47">
	<testcase classname="PublishSawmill" name="publish_sawmill"/>
</testsuite>
