<?xml version="1.0" encoding="utf-8"?>
<testsuite failures="0" name="tedge_software_update" skipped="0" tests="1" time="26.03" timestamp="2022-07-18T16:01:01">
	<testcase classname="PySysTest" name="tedge_software_update"/>
</testsuite>
