<?xml version="1.0" encoding="utf-8"?>
<testsuite failures="0" name="apt_sequence_remove_with_version_fail" skipped="1" tests="1" time="0.02" timestamp="2022-07-27T09:15:50">
	<testcase classname="AptPluginRemoveWithVersionFails" name="apt_sequence_remove_with_version_fail">
		<skipped message="SKIPPED: Testing the apt plugin is not supported on this platform.To run the tests call PySys with -XmyPlatform='container'"/>
		<system-out>09:15:50 INFO  ==============================================================
09:15:50 INFO  Id:    apt_sequence_remove_with_version_fail
09:15:50 INFO  Dir:   plugin_apt/
09:15:50 INFO  Title: Validate apt plugin remove with version fails when the version not found
09:15:50 INFO  ==============================================================
09:15:50 INFO  Testing the apt plugin is not supported on this platform.To run the tests call PySys with -XmyPlatform='container' ... skipped
09:15:50 WARN  Aborted test due to SKIPPED outcome
09:15:50 INFO  
09:15:50 INFO  Test duration: 0.02 secs
09:15:50 INFO  Test final outcome:  SKIPPED
09:15:50 INFO  Test outcome reason: Testing the apt plugin is not supported on this platform.To run the tests call PySys with -XmyPlatform='container'
09:15:50 INFO  
</system-out>
	</testcase>
</testsuite>
