<?xml version="1.0" encoding="utf-8"?>
<testsuite failures="0" name="SoftwareManagement.sm_apt_install_remove_multiple_mixed" skipped="1" tests="1" time="0.02" timestamp="2022-06-22T14:03:51">
	<testcase classname="PySysTest" name="SoftwareManagement.sm_apt_install_remove_multiple_mixed">
		<skipped message="SKIPPED: Testing the apt plugin is not supported on this platform.Use parameter -XmyPlatform='container' to enable it"/>
		<system-out>14:03:51 INFO  ==============================================================
14:03:51 INFO  Id:    SoftwareManagement.sm_apt_install_remove_multiple_mixed
14:03:51 INFO  Dir:   software_management_end_to_end/
14:03:51 INFO  Title: Validate end to end behaviour for the apt plugin for multiple packages with mixed versions
14:03:51 INFO  ==============================================================
14:03:51 INFO  Testing the apt plugin is not supported on this platform.Use parameter -XmyPlatform='container' to enable it ... skipped
14:03:51 WARN  Aborted test due to SKIPPED outcome
14:03:51 INFO  
14:03:51 INFO  Test duration: 0.02 secs
14:03:51 INFO  Test final outcome:  SKIPPED
14:03:51 INFO  Test outcome reason: Testing the apt plugin is not supported on this platform.Use parameter -XmyPlatform='container' to enable it
14:03:51 INFO  
</system-out>
	</testcase>
</testsuite>
