<?xml version="1.0" encoding="utf-8"?>
<testsuite failures="0" name="apt_prepare" skipped="1" tests="1" time="0.02" timestamp="2022-05-25T10:51:52">
	<testcase classname="AptPluginPrepare" name="apt_prepare">
		<skipped message="SKIPPED: Testing the apt plugin is not supported on this platform.To run the tests call PySys with -XmyPlatform='container'"/>
		<system-out>10:51:52 INFO  ==============================================================
10:51:52 INFO  Id:    apt_prepare
10:51:52 INFO  Dir:   plugin_apt/
10:51:52 INFO  Title: Validate apt plugin install - dense version
10:51:52 INFO  ==============================================================
10:51:52 INFO  Testing the apt plugin is not supported on this platform.To run the tests call PySys with -XmyPlatform='container' ... skipped
10:51:52 WARN  Aborted test due to SKIPPED outcome
10:51:52 INFO  
10:51:52 INFO  Test duration: 0.02 secs
10:51:52 INFO  Test final outcome:  SKIPPED
10:51:52 INFO  Test outcome reason: Testing the apt plugin is not supported on this platform.To run the tests call PySys with -XmyPlatform='container'
10:51:52 INFO  
</system-out>
	</testcase>
</testsuite>
