<?xml version="1.0" encoding="utf-8"?>
<testsuite failures="0" name="docker_plugin_finalize" skipped="1" tests="1" time="0.07" timestamp="2022-05-24T15:38:02">
	<testcase classname="DockerPluginFinalizeTest" name="docker_plugin_finalize">
		<skipped message="SKIPPED: Testing the docker plugin is not supported on this platform.To run it, all the test with -XmyPlatform='container'"/>
		<system-out>15:38:01 INFO  ==============================================================
15:38:01 INFO  Id:    docker_plugin_finalize
15:38:01 INFO  Dir:   plugin_docker/
15:38:01 INFO  Title: Validate docker plugin finalize command
15:38:01 INFO  ==============================================================
15:38:02 INFO  Testing the docker plugin is not supported on this platform.To run it, all the test with -XmyPlatform='container' ... skipped
15:38:02 WARN  Aborted test due to SKIPPED outcome
15:38:02 INFO  
15:38:02 INFO  Test duration: 0.07 secs
15:38:02 INFO  Test final outcome:  SKIPPED
15:38:02 INFO  Test outcome reason: Testing the docker plugin is not supported on this platform.To run it, all the test with -XmyPlatform='container'
15:38:02 INFO  
</system-out>
	</testcase>
</testsuite>
