<?xml version="1.0" encoding="utf-8"?>
<testsuite failures="0" name="SoftwareManagement.sm_mapper_fail_and_reconnect" skipped="1" tests="1" time="0.02" timestamp="2022-07-21T21:37:31">
	<testcase classname="MapperC8yReceiveLastMessageOnRestart" name="SoftwareManagement.sm_mapper_fail_and_reconnect">
		<skipped message="SKIPPED: instable https://github.com/thin-edge/thin-edge.io/issues/752"/>
		<system-out>21:37:30 INFO  ==============================================================
21:37:31 INFO  Id:    SoftwareManagement.sm_mapper_fail_and_reconnect
21:37:31 INFO  Dir:   software_management_end_to_end/
21:37:31 INFO  Title: Validate the tedge-mapper-sm-c8y for receiving the last message on restart
21:37:31 INFO  ==============================================================
21:37:31 INFO  instable https://github.com/thin-edge/thin-edge.io/issues/752 ... skipped
21:37:31 INFO  
21:37:31 INFO  Test duration: 0.02 secs
21:37:31 INFO  Test final outcome:  SKIPPED
21:37:31 INFO  Test outcome reason: instable https://github.com/thin-edge/thin-edge.io/issues/752
21:37:31 INFO  
</system-out>
	</testcase>
</testsuite>
