<?xml version="1.0" encoding="utf-8"?>
<testsuite failures="0" name="apt_update_list" skipped="1" tests="1" time="0.02" timestamp="2022-07-16T17:16:17">
	<testcase classname="AptPluginUpdateList" name="apt_update_list">
		<skipped message="SKIPPED: Testing the apt plugin is not supported on this platform.To run the tests call PySys with -XmyPlatform='container'"/>
		<system-out>17:16:17 INFO  ==============================================================
17:16:17 INFO  Id:    apt_update_list
17:16:17 INFO  Dir:   plugin_apt/
17:16:17 INFO  Title: Validate apt plugin update-list command use case
17:16:17 INFO  ==============================================================
17:16:17 INFO  Testing the apt plugin is not supported on this platform.To run the tests call PySys with -XmyPlatform='container' ... skipped
17:16:17 WARN  Aborted test due to SKIPPED outcome
17:16:17 INFO  
17:16:17 INFO  Test duration: 0.02 secs
17:16:17 INFO  Test final outcome:  SKIPPED
17:16:17 INFO  Test outcome reason: Testing the apt plugin is not supported on this platform.To run the tests call PySys with -XmyPlatform='container'
17:16:17 INFO  
</system-out>
	</testcase>
</testsuite>
