<?xml version="1.0" encoding="utf-8"?>
<testsuite failures="0" name="call_tedge_-V" skipped="0" tests="1" time="0.58" timestamp="2022-07-21T15:01:05">
	<testcase classname="PySysTest" name="call_tedge_-V"/>
</testsuite>
