<?xml version="1.0" encoding="utf-8"?>
<testsuite failures="0" name="SoftwareManagement.sm_apt_install_download_path" skipped="1" tests="1" time="0.06" timestamp="2022-07-18T14:08:45">
	<testcase classname="AptInstallWithDownloadPath" name="SoftwareManagement.sm_apt_install_download_path">
		<skipped message="SKIPPED: Testing the apt plugin is not supported on this platform.Use parameter -XmyPlatform='container' to enable it"/>
		<system-out>14:08:45 INFO  ==============================================================
14:08:45 INFO  Id:    SoftwareManagement.sm_apt_install_download_path
14:08:45 INFO  Dir:   software_management_end_to_end/
14:08:45 INFO  Title: Install package to directory specified in tedge config set tmp.path
14:08:45 INFO  ==============================================================
14:08:45 INFO  Testing the apt plugin is not supported on this platform.Use parameter -XmyPlatform='container' to enable it ... skipped
14:08:45 WARN  Aborted test due to SKIPPED outcome
14:08:45 INFO  
14:08:45 INFO  Test duration: 0.06 secs
14:08:45 INFO  Test final outcome:  SKIPPED
14:08:45 INFO  Test outcome reason: Testing the apt plugin is not supported on this platform.Use parameter -XmyPlatform='container' to enable it
14:08:45 INFO  
</system-out>
	</testcase>
</testsuite>
