<?xml version="1.0" encoding="utf-8"?>
<testsuite failures="0" name="SoftwareManagement.sm_fake_install_remove_multiple" skipped="1" tests="1" time="0.02" timestamp="2022-07-22T04:00:46">
	<testcase classname="PySysTest" name="SoftwareManagement.sm_fake_install_remove_multiple">
		<skipped message="SKIPPED: Testing the fake plugin is not enabled.Use parameter -Xfakeplugin=fakeplugin to enable it"/>
		<system-out>04:00:46 INFO  ==============================================================
04:00:46 INFO  Id:    SoftwareManagement.sm_fake_install_remove_multiple
04:00:46 INFO  Dir:   software_management_end_to_end/
04:00:46 INFO  Title: Validate end to end behaviour for the dummy-plugin for multiple packages
04:00:46 INFO  ==============================================================
04:00:46 INFO  Testing the fake plugin is not enabled.Use parameter -Xfakeplugin=fakeplugin to enable it ... skipped
04:00:46 WARN  Aborted test due to SKIPPED outcome
04:00:46 INFO  
04:00:46 INFO  Test duration: 0.02 secs
04:00:46 INFO  Test final outcome:  SKIPPED
04:00:46 INFO  Test outcome reason: Testing the fake plugin is not enabled.Use parameter -Xfakeplugin=fakeplugin to enable it
04:00:46 INFO  
</system-out>
	</testcase>
</testsuite>
