<?xml version="1.0" encoding="utf-8"?>
<testsuite failures="0" name="SoftwareManagement.sm_apt_install_fail" skipped="1" tests="1" time="0.06" timestamp="2022-06-08T13:09:44">
	<testcase classname="PySysTest" name="SoftwareManagement.sm_apt_install_fail">
		<skipped message="SKIPPED: Testing the apt plugin is not supported on this platform.Use parameter -XmyPlatform='container' to enable it"/>
		<system-out>13:09:44 INFO  ==============================================================
13:09:44 INFO  Id:    SoftwareManagement.sm_apt_install_fail
13:09:44 INFO  Dir:   software_management_end_to_end/
13:09:44 INFO  Title: Validate end to end behaviour for a failing installation
13:09:44 INFO  ==============================================================
13:09:44 INFO  Testing the apt plugin is not supported on this platform.Use parameter -XmyPlatform='container' to enable it ... skipped
13:09:44 WARN  Aborted test due to SKIPPED outcome
13:09:44 INFO  
13:09:44 INFO  Test duration: 0.06 secs
13:09:44 INFO  Test final outcome:  SKIPPED
13:09:44 INFO  Test outcome reason: Testing the apt plugin is not supported on this platform.Use parameter -XmyPlatform='container' to enable it
13:09:44 INFO  
</system-out>
	</testcase>
</testsuite>
