<?xml version="1.0" encoding="utf-8"?>
<testsuite failures="1" name="monitoring_smaller_interval" skipped="0" tests="1" time="15.14" timestamp="2022-05-23T08:27:19">
	<testcase classname="MonitoringSmallInterval" name="monitoring_smaller_interval">
		<failure message="BLOCKED: TypeError: 'int' object is not subscriptable" type="BLOCKED"/>
		<system-out>08:27:03 INFO  ==============================================================
08:27:03 INFO  Id:    monitoring_smaller_interval
08:27:03 INFO  Dir:   monitoring/
08:27:03 INFO  Title: Validate the tedge dm agent messages that are produced with smaller sampling interval than the batching window. Here the simulated collectd messages are used
08:27:03 INFO  ==============================================================
08:27:04 INFO  Executed sudo&lt;collectd&gt;, exit status 0
08:27:05 INFO  Executed sudo&lt;collectd_mapper&gt;, exit status 0
08:27:05 INFO  Started sudo&lt;tedge_sub&gt; with process id 11027
08:27:06 INFO  Executed sudo&lt;tedge_temp&gt;, exit status 0
08:27:06 INFO  Executed sudo&lt;tedge_pres&gt;, exit status 0
08:27:07 INFO  Executed sudo&lt;tedge_temp&gt;, exit status 0
08:27:07 INFO  Executed sudo&lt;tedge_pres&gt;, exit status 0
08:27:08 INFO  Executed sudo&lt;tedge_temp&gt;, exit status 0
08:27:08 INFO  Executed sudo&lt;tedge_pres&gt;, exit status 0
08:27:09 INFO  Executed sudo&lt;tedge_temp&gt;, exit status 0
08:27:09 INFO  Executed sudo&lt;tedge_pres&gt;, exit status 0
08:27:10 INFO  Executed sudo&lt;tedge_temp&gt;, exit status 0
08:27:11 INFO  Executed sudo&lt;tedge_pres&gt;, exit status 0
08:27:11 INFO  Executed sudo&lt;tedge_temp&gt;, exit status 0
08:27:12 INFO  Executed sudo&lt;tedge_pres&gt;, exit status 0
08:27:12 INFO  Executed sudo&lt;tedge_temp&gt;, exit status 0
08:27:13 INFO  Executed sudo&lt;tedge_pres&gt;, exit status 0
08:27:14 INFO  Executed sudo&lt;tedge_temp&gt;, exit status 0
08:27:14 INFO  Executed sudo&lt;tedge_pres&gt;, exit status 0
08:27:15 INFO  Executed sudo&lt;tedge_temp&gt;, exit status 0
08:27:15 INFO  Executed sudo&lt;tedge_pres&gt;, exit status 0
08:27:16 INFO  Executed sudo&lt;tedge_temp&gt;, exit status 0
08:27:16 INFO  Executed sudo&lt;tedge_pres&gt;, exit status 0
08:27:18 INFO  Executed sudo&lt;kill_out&gt;, exit status 0
08:27:18 INFO  0

08:27:18 WARN  TypeError occurred while running test - 'int' object is not subscriptable
Traceback (most recent call last):
  File &quot;/home/pi/env-pysys/lib/python3.7/site-packages/pysys/baserunner.py&quot;, line 1296, in __call__
    self.testObj.validate()
  File &quot;/home/pi/actions-runner/_work/thin-edge.io/thin-edge.io/tests/PySys/monitoring/monitoring_smaller_interval/run.py&quot;, line 104, in validate
    collectd_msg_validation_result=self.validate_json(),
  File &quot;/home/pi/actions-runner/_work/thin-edge.io/thin-edge.io/tests/PySys/monitoring/monitoring_smaller_interval/run.py&quot;, line 114, in validate_json
    if not self.validate_time():
  File &quot;/home/pi/actions-runner/_work/thin-edge.io/thin-edge.io/tests/PySys/monitoring/monitoring_smaller_interval/run.py&quot;, line 134, in validate_time
    if self.js_msg[&quot;time&quot;]:
TypeError: 'int' object is not subscriptable
08:27:18 WARN  TypeError: 'int' object is not subscriptable ... blocked 
08:27:18 INFO  
08:27:18 INFO  cleanup:
08:27:18 INFO  monitoring_cleanup
08:27:19 INFO  Executed sudo&lt;collectd_mapper&gt;, exit status 0
08:27:19 INFO  
08:27:19 INFO  Test duration: 15.14 secs
08:27:19 INFO  Test final outcome:  BLOCKED
08:27:19 INFO  Test outcome reason: TypeError: 'int' object is not subscriptable
08:27:19 INFO  
</system-out>
	</testcase>
</testsuite>
