<?xml version="1.0" encoding="utf-8"?>
<testsuite failures="0" name="apt_remove" skipped="1" tests="1" time="0.02" timestamp="2022-07-21T11:51:19">
	<testcase classname="AptPluginRemoveDense" name="apt_remove">
		<skipped message="SKIPPED: Testing the apt plugin is not supported on this platform.To run the tests call PySys with -XmyPlatform='container'"/>
		<system-out>11:51:19 INFO  ==============================================================
11:51:19 INFO  Id:    apt_remove
11:51:19 INFO  Dir:   plugin_apt/
11:51:19 INFO  Title: Validate apt plugin prepare - dense version
11:51:19 INFO  ==============================================================
11:51:19 INFO  Testing the apt plugin is not supported on this platform.To run the tests call PySys with -XmyPlatform='container' ... skipped
11:51:19 WARN  Aborted test due to SKIPPED outcome
11:51:19 INFO  
11:51:19 INFO  Test duration: 0.02 secs
11:51:19 INFO  Test final outcome:  SKIPPED
11:51:19 INFO  Test outcome reason: Testing the apt plugin is not supported on this platform.To run the tests call PySys with -XmyPlatform='container'
11:51:19 INFO  
</system-out>
	</testcase>
</testsuite>
