<?xml version="1.0" encoding="utf-8"?>
<testsuite failures="0" name="call_tedge_-h" skipped="0" tests="1" time="0.51" timestamp="2022-06-17T08:46:21">
	<testcase classname="PySysTest" name="call_tedge_-h"/>
</testsuite>
