<?xml version="1.0" encoding="utf-8"?>
<testsuite failures="0" name="SoftwareManagement.sm_apt_install_download_path" skipped="1" tests="1" time="0.06" timestamp="2022-05-25T11:01:31">
	<testcase classname="AptInstallWithDownloadPath" name="SoftwareManagement.sm_apt_install_download_path">
		<skipped message="SKIPPED: Testing the apt plugin is not supported on this platform.Use parameter -XmyPlatform='container' to enable it"/>
		<system-out>11:01:30 INFO  ==============================================================
11:01:30 INFO  Id:    SoftwareManagement.sm_apt_install_download_path
11:01:30 INFO  Dir:   software_management_end_to_end/
11:01:30 INFO  Title: Install package to directory specified in tedge config set tmp.path
11:01:30 INFO  ==============================================================
11:01:31 INFO  Testing the apt plugin is not supported on this platform.Use parameter -XmyPlatform='container' to enable it ... skipped
11:01:31 WARN  Aborted test due to SKIPPED outcome
11:01:31 INFO  
11:01:31 INFO  Test duration: 0.06 secs
11:01:31 INFO  Test final outcome:  SKIPPED
11:01:31 INFO  Test outcome reason: Testing the apt plugin is not supported on this platform.Use parameter -XmyPlatform='container' to enable it
11:01:31 INFO  
</system-out>
	</testcase>
</testsuite>
