<?xml version="1.0" encoding="utf-8"?>
<testsuite failures="0" name="monitoring_with_collectd" skipped="1" tests="1" time="0.02" timestamp="2022-07-25T10:19:33">
	<testcase classname="MonitoringWithCollectd" name="monitoring_with_collectd">
		<skipped message="SKIPPED: Test execution disabled due to #792 (instable)"/>
		<system-out>10:19:33 INFO  ==============================================================
10:19:33 INFO  Id:    monitoring_with_collectd
10:19:33 INFO  Dir:   monitoring/
10:19:33 INFO  Title: Validate tedge dm agent messages that are produced by batching the collectd messages
10:19:33 INFO  ==============================================================
10:19:33 INFO  Test execution disabled due to #792 (instable) ... skipped
10:19:33 INFO  
10:19:33 INFO  Test duration: 0.02 secs
10:19:33 INFO  Test final outcome:  SKIPPED
10:19:33 INFO  Test outcome reason: Test execution disabled due to #792 (instable)
10:19:33 INFO  
</system-out>
	</testcase>
</testsuite>
