<?xml version="1.0" encoding="utf-8"?>
<testsuite failures="0" name="apt_install_local_file_fail" skipped="1" tests="1" time="0.02" timestamp="2022-05-25T12:43:46">
	<testcase classname="AptPluginInstallFromLocalFileFail" name="apt_install_local_file_fail">
		<skipped message="SKIPPED: Testing the apt plugin is not supported on this platform.To run the tests call PySys with -XmyPlatform='container'"/>
		<system-out>12:43:46 INFO  ==============================================================
12:43:46 INFO  Id:    apt_install_local_file_fail
12:43:46 INFO  Dir:   plugin_apt/
12:43:46 INFO  Title: Validate apt plugin install from local file - FAIL case
12:43:46 INFO  ==============================================================
12:43:46 INFO  Testing the apt plugin is not supported on this platform.To run the tests call PySys with -XmyPlatform='container' ... skipped
12:43:46 WARN  Aborted test due to SKIPPED outcome
12:43:46 INFO  
12:43:46 INFO  Test duration: 0.02 secs
12:43:46 INFO  Test final outcome:  SKIPPED
12:43:46 INFO  Test outcome reason: Testing the apt plugin is not supported on this platform.To run the tests call PySys with -XmyPlatform='container'
12:43:46 INFO  
</system-out>
	</testcase>
</testsuite>
