<?xml version="1.0" encoding="utf-8"?>
<testsuite failures="0" name="apt_install_local_file_with_version_fail" skipped="1" tests="1" time="0.02" timestamp="2022-07-26T07:17:14">
	<testcase classname="AptPluginInstallFromLocalFileWithVersionFail" name="apt_install_local_file_with_version_fail">
		<skipped message="SKIPPED: Testing the apt plugin is not supported on this platform.To run the tests call PySys with -XmyPlatform='container'"/>
		<system-out>07:17:14 INFO  ==============================================================
07:17:14 INFO  Id:    apt_install_local_file_with_version_fail
07:17:14 INFO  Dir:   plugin_apt/
07:17:14 INFO  Title: Validate apt plugin install from local file AND with a version - FAIL case
07:17:14 INFO  ==============================================================
07:17:14 INFO  Testing the apt plugin is not supported on this platform.To run the tests call PySys with -XmyPlatform='container' ... skipped
07:17:14 WARN  Aborted test due to SKIPPED outcome
07:17:14 INFO  
07:17:14 INFO  Test duration: 0.02 secs
07:17:14 INFO  Test final outcome:  SKIPPED
07:17:14 INFO  Test outcome reason: Testing the apt plugin is not supported on this platform.To run the tests call PySys with -XmyPlatform='container'
07:17:14 INFO  
</system-out>
	</testcase>
</testsuite>
