<?xml version="1.0" encoding="utf-8"?>
<testsuite failures="0" name="apt_prepare_install_finalize" skipped="1" tests="1" time="0.02" timestamp="2022-06-22T18:46:46">
	<testcase classname="AptPluginPrepareInstallFinalize" name="apt_prepare_install_finalize">
		<skipped message="SKIPPED: Testing the apt plugin is not supported on this platform.To run the tests call PySys with -XmyPlatform='container'"/>
		<system-out>18:46:46 INFO  ==============================================================
18:46:46 INFO  Id:    apt_prepare_install_finalize
18:46:46 INFO  Dir:   plugin_apt/
18:46:46 INFO  Title: Validate apt plugin install use case
18:46:46 INFO  ==============================================================
18:46:46 INFO  Testing the apt plugin is not supported on this platform.To run the tests call PySys with -XmyPlatform='container' ... skipped
18:46:46 WARN  Aborted test due to SKIPPED outcome
18:46:46 INFO  
18:46:46 INFO  Test duration: 0.02 secs
18:46:46 INFO  Test final outcome:  SKIPPED
18:46:46 INFO  Test outcome reason: Testing the apt plugin is not supported on this platform.To run the tests call PySys with -XmyPlatform='container'
18:46:46 INFO  
</system-out>
	</testcase>
</testsuite>
