<?xml version="1.0" encoding="utf-8"?>
<testsuite failures="1" name="local_mqtt_pub_sub_retain" skipped="0" tests="1" time="6.1" timestamp="2022-05-24T10:40:04">
	<testcase classname="MqttPublishWithRetain" name="local_mqtt_pub_sub_retain">
		<failure message="FAILED: Grep on temp_sensor_sub.out contains &quot;\[test/alarms/temp_sensor\] alarm msg 2&quot; (+1 other failures)" type="FAILED"/>
		<system-out>10:39:58 INFO  ==============================================================
10:39:58 INFO  Id:    local_mqtt_pub_sub_retain
10:39:58 INFO  Dir:   local_mqtt/
10:39:58 INFO  Title: Validate local publishing with retain flag
10:39:58 INFO  ==============================================================
10:39:59 INFO  Executed tedge&lt;pub_to_set_alarm&gt;, exit status 0
10:39:59 INFO  Executed tedge&lt;pub_to_set_alarm&gt;, exit status 0
10:40:00 INFO  Started tedge&lt;temp_sensor_sub&gt; with process id 26153
10:40:01 INFO  Executed tedge&lt;pub_to_clear_alarm&gt;, exit status 0
10:40:02 INFO  Executed sudo&lt;kill_out&gt;, exit status 0
10:40:02 INFO  Executed tedge&lt;pub_to_clear_alarm&gt;, exit status 0
10:40:02 INFO  Started tedge&lt;temp_sensor_empty_message&gt; with process id 26158
10:40:04 INFO  Executed sudo&lt;kill_out&gt;, exit status 0
10:40:04 WARN  Grep on temp_sensor_sub.out contains &quot;\[test/alarms/temp_sensor\] alarm msg 2&quot; ... failed [run.py:139]
10:40:04 WARN  Grep on temp_sensor_sub.out contains &quot;\[test/alarms/temp_sensor\] &quot; ... failed [run.py:142]
10:40:04 INFO  Grep on file temp_sensor_empty_message.out ... passed
10:40:04 INFO  
10:40:04 INFO  Test duration: 6.10 secs
10:40:04 INFO  Test final outcome:  FAILED
10:40:04 INFO  Test outcome reason: Grep on temp_sensor_sub.out contains &quot;\[test/alarms/temp_sensor\] alarm msg 2&quot; (+1 other failures)
10:40:04 INFO  
</system-out>
	</testcase>
</testsuite>
