<?xml version="1.0" encoding="utf-8"?>
<testsuite failures="1" name="monitoring_with_simulated_messages" skipped="0" tests="1" time="4.45" timestamp="2022-06-08T11:27:41">
	<testcase classname="MonitoringWithSimulatedMessages" name="monitoring_with_simulated_messages">
		<failure message="BLOCKED: TypeError: 'int' object is not subscriptable" type="BLOCKED"/>
		<system-out>11:27:36 INFO  ==============================================================
11:27:36 INFO  Id:    monitoring_with_simulated_messages
11:27:36 INFO  Dir:   monitoring/
11:27:36 INFO  Title: Validate the tedge dm agent messages that are produced from the simulated collectd messages
11:27:36 INFO  ==============================================================
11:27:37 INFO  Executed sudo&lt;collectd&gt;, exit status 0
11:27:37 INFO  Executed sudo&lt;collectd_mapper&gt;, exit status 0
11:27:37 INFO  Started sudo&lt;tedge_sub&gt; with process id 24559
11:27:38 INFO  Executed sudo&lt;tedge_temp&gt;, exit status 0
11:27:39 INFO  Executed sudo&lt;tedge_pres&gt;, exit status 0
11:27:40 INFO  Executed sudo&lt;kill_out&gt;, exit status 0
11:27:40 INFO  0

11:27:40 WARN  TypeError occurred while running test - 'int' object is not subscriptable
Traceback (most recent call last):
  File &quot;/home/pi/env-pysys/lib/python3.7/site-packages/pysys/baserunner.py&quot;, line 1296, in __call__
    self.testObj.validate()
  File &quot;/home/pi/actions-runner/_work/thin-edge.io/thin-edge.io/tests/PySys/monitoring/monitoring_with_simulated_messages/run.py&quot;, line 98, in validate
    collectd_msg_validation_result=self.validate_json(),
  File &quot;/home/pi/actions-runner/_work/thin-edge.io/thin-edge.io/tests/PySys/monitoring/monitoring_with_simulated_messages/run.py&quot;, line 108, in validate_json
    if not self.validate_time():
  File &quot;/home/pi/actions-runner/_work/thin-edge.io/thin-edge.io/tests/PySys/monitoring/monitoring_with_simulated_messages/run.py&quot;, line 127, in validate_time
    if self.js_msg[&quot;time&quot;]:
TypeError: 'int' object is not subscriptable
11:27:40 WARN  TypeError: 'int' object is not subscriptable ... blocked 
11:27:40 INFO  
11:27:40 INFO  cleanup:
11:27:40 INFO  monitoring_cleanup
11:27:41 INFO  Executed sudo&lt;collectd_mapper&gt;, exit status 0
11:27:41 INFO  
11:27:41 INFO  Test duration: 4.45 secs
11:27:41 INFO  Test final outcome:  BLOCKED
11:27:41 INFO  Test outcome reason: TypeError: 'int' object is not subscriptable
11:27:41 INFO  
</system-out>
	</testcase>
</testsuite>
