<?xml version="1.0" encoding="utf-8"?>
<testsuite failures="0" name="tedge_connect_test_negative" skipped="0" tests="1" time="0.56" timestamp="2022-06-02T08:45:22">
	<testcase classname="TedgeConnectTestNegative" name="tedge_connect_test_negative"/>
</testsuite>
