<?xml version="1.0" encoding="utf-8"?>
<testsuite failures="1" name="log_request_num_lines" skipped="0" tests="1" time="54.15" timestamp="2022-05-23T16:46:09">
	<testcase classname="LogRequestVerifyNumberOfLines" name="log_request_num_lines">
		<failure message="BLOCKED: Exception: retry" type="BLOCKED"/>
		<system-out>16:45:14 INFO  ==============================================================
16:45:14 INFO  Id:    log_request_num_lines
16:45:14 INFO  Dir:   log_request_end_to_end/
16:45:14 INFO  Title: Validate end to end behaviour for the log request operation check for number of lines
16:45:14 INFO  ==============================================================
16:45:14 INFO  EnvironmentC8y Setup
16:45:15 INFO  Executed systemctl&lt;serv_mapper1&gt;, exit status 3
16:45:15 INFO  Restarting mosquitto too frequently in the last 10 seconds. It was only up for 5 seconds
16:45:15 INFO  Delaying execution by 6 seconds
16:45:36 INFO  Executed sudo&lt;tedge_connect_c8y&gt;, exit status 0, duration 14 secs
16:45:37 INFO  Executed sudo&lt;tedge_connect_c8y_test&gt;, exit status 0
16:45:37 INFO  Executed systemctl&lt;serv_mosq2&gt;, exit status 0
16:45:37 INFO  Executed systemctl&lt;serv_mapper3&gt;, exit status 0
16:45:38 INFO  Executed sudo&lt;rm_logs&gt;, exit status 0
16:45:39 INFO  Executed sudo&lt;move_logs&gt;, exit status 0
16:45:39 INFO  log response None
16:45:39 WARN  retry, retrying in 1 seconds...
16:45:40 INFO  log response None
16:45:40 WARN  retry, retrying in 1 seconds...
16:45:41 INFO  log response None
16:45:41 WARN  retry, retrying in 1 seconds...
16:45:43 INFO  log response None
16:45:43 WARN  retry, retrying in 1 seconds...
16:45:44 INFO  log response None
16:45:44 WARN  retry, retrying in 1 seconds...
16:45:45 INFO  log response None
16:45:45 WARN  retry, retrying in 1 seconds...
16:45:46 INFO  log response None
16:45:46 WARN  retry, retrying in 1 seconds...
16:45:48 INFO  log response None
16:45:48 WARN  retry, retrying in 1 seconds...
16:45:49 INFO  log response None
16:45:49 WARN  retry, retrying in 1 seconds...
16:45:50 INFO  log response None
16:45:50 WARN  retry, retrying in 1 seconds...
16:45:51 INFO  log response None
16:45:51 WARN  retry, retrying in 1 seconds...
16:45:53 INFO  log response None
16:45:53 WARN  retry, retrying in 1 seconds...
16:45:54 INFO  log response None
16:45:54 WARN  retry, retrying in 1 seconds...
16:45:55 INFO  log response None
16:45:55 WARN  retry, retrying in 1 seconds...
16:45:56 INFO  log response None
16:45:56 WARN  retry, retrying in 1 seconds...
16:45:57 INFO  log response None
16:45:57 WARN  retry, retrying in 1 seconds...
16:45:59 INFO  log response None
16:45:59 WARN  retry, retrying in 1 seconds...
16:46:00 INFO  log response None
16:46:00 WARN  retry, retrying in 1 seconds...
16:46:01 INFO  log response None
16:46:01 WARN  retry, retrying in 1 seconds...
16:46:02 INFO  log response None
16:46:02 WARN  Exception occurred while running test - retry
Traceback (most recent call last):
  File &quot;/home/pi/env-pysys/lib/python3.7/site-packages/pysys/baserunner.py&quot;, line 1296, in __call__
    self.testObj.validate()
  File &quot;/home/pi/actions-runner/_work/thin-edge.io/thin-edge.io/tests/PySys/log_request_end_to_end/log_request_num_lines/run.py&quot;, line 44, in validate
    self.assertThat(&quot;True == value&quot;, value=self.wait_until_logs_retrieved())
  File &quot;/home/pi/env-pysys/lib/python3.7/site-packages/decorator.py&quot;, line 232, in fun
    return caller(func, *(extras + args), **kw)
  File &quot;/home/pi/env-pysys/lib/python3.7/site-packages/retry/api.py&quot;, line 74, in retry_decorator
    logger)
  File &quot;/home/pi/env-pysys/lib/python3.7/site-packages/retry/api.py&quot;, line 33, in __retry_internal
    return f()
  File &quot;/home/pi/actions-runner/_work/thin-edge.io/thin-edge.io/tests/PySys/log_request_end_to_end/log_request_num_lines/run.py&quot;, line 52, in wait_until_logs_retrieved
    raise Exception(&quot;retry&quot;)
Exception: retry
16:46:02 WARN  Exception: retry ... blocked 
16:46:02 INFO  
16:46:02 INFO  cleanup:
16:46:03 INFO  Executed sudo&lt;rm_logs&gt;, exit status 0
16:46:03 INFO  Executed sudo&lt;rm_tmp_logs&gt;, exit status 0
16:46:04 INFO  Executed sudo&lt;send_failed&gt;, exit status 0
16:46:08 INFO  Executed sudo&lt;tedge_disconnect_c8y&gt;, exit status 0
16:46:09 INFO  Executed systemctl&lt;serv_mapper5&gt;, exit status 3
16:46:09 INFO  
16:46:09 INFO  Test duration: 54.15 secs
16:46:09 INFO  Test final outcome:  BLOCKED
16:46:09 INFO  Test outcome reason: Exception: retry
16:46:09 INFO  
</system-out>
	</testcase>
</testsuite>
