<?xml version="1.0" encoding="utf-8"?>
<testsuite failures="0" name="apt_prepare_install_finalize" skipped="1" tests="1" time="0.02" timestamp="2022-07-25T13:33:36">
	<testcase classname="AptPluginPrepareInstallFinalize" name="apt_prepare_install_finalize">
		<skipped message="SKIPPED: Testing the apt plugin is not supported on this platform.To run the tests call PySys with -XmyPlatform='container'"/>
		<system-out>13:33:36 INFO  ==============================================================
13:33:36 INFO  Id:    apt_prepare_install_finalize
13:33:36 INFO  Dir:   plugin_apt/
13:33:36 INFO  Title: Validate apt plugin install use case
13:33:36 INFO  ==============================================================
13:33:36 INFO  Testing the apt plugin is not supported on this platform.To run the tests call PySys with -XmyPlatform='container' ... skipped
13:33:36 WARN  Aborted test due to SKIPPED outcome
13:33:36 INFO  
13:33:36 INFO  Test duration: 0.02 secs
13:33:36 INFO  Test final outcome:  SKIPPED
13:33:36 INFO  Test outcome reason: Testing the apt plugin is not supported on this platform.To run the tests call PySys with -XmyPlatform='container'
13:33:36 INFO  
</system-out>
	</testcase>
</testsuite>
