<?xml version="1.0" encoding="utf-8"?>
<testsuite failures="0" name="apt_install_local_file_with_version" skipped="1" tests="1" time="0.03" timestamp="2022-07-25T08:30:56">
	<testcase classname="AptPluginInstallFromLocalFileWithVersion" name="apt_install_local_file_with_version">
		<skipped message="SKIPPED: Testing the apt plugin is not supported on this platform.To run the tests call PySys with -XmyPlatform='container'"/>
		<system-out>08:30:56 INFO  ==============================================================
08:30:56 INFO  Id:    apt_install_local_file_with_version
08:30:56 INFO  Dir:   plugin_apt/
08:30:56 INFO  Title: Validate apt plugin install from local file AND with a version - SUCCESS case
08:30:56 INFO  ==============================================================
08:30:56 INFO  Testing the apt plugin is not supported on this platform.To run the tests call PySys with -XmyPlatform='container' ... skipped
08:30:56 WARN  Aborted test due to SKIPPED outcome
08:30:56 INFO  
08:30:56 INFO  Test duration: 0.03 secs
08:30:56 INFO  Test final outcome:  SKIPPED
08:30:56 INFO  Test outcome reason: Testing the apt plugin is not supported on this platform.To run the tests call PySys with -XmyPlatform='container'
08:30:56 INFO  
</system-out>
	</testcase>
</testsuite>
