<?xml version="1.0" encoding="utf-8"?>
<testsuite failures="0" name="smoketest_smartrest" skipped="0" tests="1" time="49.4" timestamp="2022-05-24T15:44:06">
	<testcase classname="SmoketestSmartRest" name="smoketest_smartrest"/>
</testsuite>
