<?xml version="1.0" encoding="utf-8"?>
<testsuite failures="0" name="mqtt_port_unset" skipped="0" tests="1" time="1.59" timestamp="2022-05-24T10:43:00">
	<testcase classname="MqttPortUnSet" name="mqtt_port_unset"/>
</testsuite>
