<?xml version="1.0" encoding="utf-8"?>
<testsuite failures="0" name="apt_sequence_remove_with_version_fail" skipped="1" tests="1" time="0.03" timestamp="2022-07-21T19:57:53">
	<testcase classname="AptPluginRemoveWithVersionFails" name="apt_sequence_remove_with_version_fail">
		<skipped message="SKIPPED: Testing the apt plugin is not supported on this platform.To run the tests call PySys with -XmyPlatform='container'"/>
		<system-out>19:57:53 INFO  ==============================================================
19:57:53 INFO  Id:    apt_sequence_remove_with_version_fail
19:57:53 INFO  Dir:   plugin_apt/
19:57:53 INFO  Title: Validate apt plugin remove with version fails when the version not found
19:57:53 INFO  ==============================================================
19:57:53 INFO  Testing the apt plugin is not supported on this platform.To run the tests call PySys with -XmyPlatform='container' ... skipped
19:57:53 WARN  Aborted test due to SKIPPED outcome
19:57:53 INFO  
19:57:53 INFO  Test duration: 0.03 secs
19:57:53 INFO  Test final outcome:  SKIPPED
19:57:53 INFO  Test outcome reason: Testing the apt plugin is not supported on this platform.To run the tests call PySys with -XmyPlatform='container'
19:57:53 INFO  
</system-out>
	</testcase>
</testsuite>
