<?xml version="1.0" encoding="utf-8"?>
<testsuite failures="1" name="monitoring_smaller_interval" skipped="0" tests="1" time="14.93" timestamp="2022-07-25T15:03:35">
	<testcase classname="MonitoringSmallInterval" name="monitoring_smaller_interval">
		<failure message="BLOCKED: TypeError: 'int' object is not subscriptable" type="BLOCKED"/>
		<system-out>15:03:20 INFO  ==============================================================
15:03:20 INFO  Id:    monitoring_smaller_interval
15:03:20 INFO  Dir:   monitoring/
15:03:20 INFO  Title: Validate the tedge dm agent messages that are produced with smaller sampling interval than the batching window. Here the simulated collectd messages are used
15:03:20 INFO  ==============================================================
15:03:20 INFO  Executed sudo&lt;collectd&gt;, exit status 0
15:03:21 INFO  Executed sudo&lt;collectd_mapper&gt;, exit status 0
15:03:21 INFO  Started sudo&lt;tedge_sub&gt; with process id 11045
15:03:22 INFO  Executed sudo&lt;tedge_temp&gt;, exit status 0
15:03:22 INFO  Executed sudo&lt;tedge_pres&gt;, exit status 0
15:03:23 INFO  Executed sudo&lt;tedge_temp&gt;, exit status 0
15:03:23 INFO  Executed sudo&lt;tedge_pres&gt;, exit status 0
15:03:24 INFO  Executed sudo&lt;tedge_temp&gt;, exit status 0
15:03:24 INFO  Executed sudo&lt;tedge_pres&gt;, exit status 0
15:03:25 INFO  Executed sudo&lt;tedge_temp&gt;, exit status 0
15:03:26 INFO  Executed sudo&lt;tedge_pres&gt;, exit status 0
15:03:26 INFO  Executed sudo&lt;tedge_temp&gt;, exit status 0
15:03:27 INFO  Executed sudo&lt;tedge_pres&gt;, exit status 0
15:03:27 INFO  Executed sudo&lt;tedge_temp&gt;, exit status 0
15:03:28 INFO  Executed sudo&lt;tedge_pres&gt;, exit status 0
15:03:28 INFO  Executed sudo&lt;tedge_temp&gt;, exit status 0
15:03:29 INFO  Executed sudo&lt;tedge_pres&gt;, exit status 0
15:03:30 INFO  Executed sudo&lt;tedge_temp&gt;, exit status 0
15:03:30 INFO  Executed sudo&lt;tedge_pres&gt;, exit status 0
15:03:31 INFO  Executed sudo&lt;tedge_temp&gt;, exit status 0
15:03:31 INFO  Executed sudo&lt;tedge_pres&gt;, exit status 0
15:03:32 INFO  Executed sudo&lt;tedge_temp&gt;, exit status 0
15:03:33 INFO  Executed sudo&lt;tedge_pres&gt;, exit status 0
15:03:34 INFO  Executed sudo&lt;kill_out&gt;, exit status 0
15:03:34 INFO  0

15:03:34 WARN  TypeError occurred while running test - 'int' object is not subscriptable
Traceback (most recent call last):
  File &quot;/home/pi/env-pysys/lib/python3.7/site-packages/pysys/baserunner.py&quot;, line 1296, in __call__
    self.testObj.validate()
  File &quot;/home/pi/actions-runner/_work/thin-edge.io/thin-edge.io/tests/PySys/monitoring/monitoring_smaller_interval/run.py&quot;, line 104, in validate
    collectd_msg_validation_result=self.validate_json(),
  File &quot;/home/pi/actions-runner/_work/thin-edge.io/thin-edge.io/tests/PySys/monitoring/monitoring_smaller_interval/run.py&quot;, line 114, in validate_json
    if not self.validate_time():
  File &quot;/home/pi/actions-runner/_work/thin-edge.io/thin-edge.io/tests/PySys/monitoring/monitoring_smaller_interval/run.py&quot;, line 134, in validate_time
    if self.js_msg[&quot;time&quot;]:
TypeError: 'int' object is not subscriptable
15:03:34 WARN  TypeError: 'int' object is not subscriptable ... blocked 
15:03:34 INFO  
15:03:34 INFO  cleanup:
15:03:34 INFO  monitoring_cleanup
15:03:35 INFO  Executed sudo&lt;collectd_mapper&gt;, exit status 0
15:03:35 INFO  
15:03:35 INFO  Test duration: 14.93 secs
15:03:35 INFO  Test final outcome:  BLOCKED
15:03:35 INFO  Test outcome reason: TypeError: 'int' object is not subscriptable
15:03:35 INFO  
</system-out>
	</testcase>
</testsuite>
