<?xml version="1.0" encoding="utf-8"?>
<testsuite failures="0" name="smoketest_smartrest" skipped="0" tests="1" time="49.14" timestamp="2022-05-23T16:54:11">
	<testcase classname="SmoketestSmartRest" name="smoketest_smartrest"/>
</testsuite>
