<?xml version="1.0" encoding="utf-8"?>
<testsuite failures="0" name="monitoring_with_collectd" skipped="1" tests="1" time="0.02" timestamp="2022-07-21T21:27:49">
	<testcase classname="MonitoringWithCollectd" name="monitoring_with_collectd">
		<skipped message="SKIPPED: Test execution disabled due to #792 (instable)"/>
		<system-out>21:27:49 INFO  ==============================================================
21:27:49 INFO  Id:    monitoring_with_collectd
21:27:49 INFO  Dir:   monitoring/
21:27:49 INFO  Title: Validate tedge dm agent messages that are produced by batching the collectd messages
21:27:49 INFO  ==============================================================
21:27:49 INFO  Test execution disabled due to #792 (instable) ... skipped
21:27:49 INFO  
21:27:49 INFO  Test duration: 0.02 secs
21:27:49 INFO  Test final outcome:  SKIPPED
21:27:49 INFO  Test outcome reason: Test execution disabled due to #792 (instable)
21:27:49 INFO  
</system-out>
	</testcase>
</testsuite>
