<?xml version="1.0" encoding="utf-8"?>
<testsuite failures="0" name="SoftwareManagement.sm_apt_install_download_path" skipped="1" tests="1" time="0.07" timestamp="2022-07-21T18:35:44">
	<testcase classname="AptInstallWithDownloadPath" name="SoftwareManagement.sm_apt_install_download_path">
		<skipped message="SKIPPED: Testing the apt plugin is not supported on this platform.Use parameter -XmyPlatform='container' to enable it"/>
		<system-out>18:35:44 INFO  ==============================================================
18:35:44 INFO  Id:    SoftwareManagement.sm_apt_install_download_path
18:35:44 INFO  Dir:   software_management_end_to_end/
18:35:44 INFO  Title: Install package to directory specified in tedge config set tmp.path
18:35:44 INFO  ==============================================================
18:35:44 INFO  Testing the apt plugin is not supported on this platform.Use parameter -XmyPlatform='container' to enable it ... skipped
18:35:44 WARN  Aborted test due to SKIPPED outcome
18:35:44 INFO  
18:35:44 INFO  Test duration: 0.07 secs
18:35:44 INFO  Test final outcome:  SKIPPED
18:35:44 INFO  Test outcome reason: Testing the apt plugin is not supported on this platform.Use parameter -XmyPlatform='container' to enable it
18:35:44 INFO  
</system-out>
	</testcase>
</testsuite>
