<?xml version="1.0" encoding="utf-8"?>
<testsuite failures="0" name="smoketest_smartrest_400_samples_20ms" skipped="0" tests="1" time="106.84" timestamp="2022-05-23T16:57:44">
	<testcase classname="SmoketestSmartRest400Samples20ms" name="smoketest_smartrest_400_samples_20ms"/>
</testsuite>
