<?xml version="1.0" encoding="utf-8"?>
<testsuite failures="0" name="smoketest_smartrest" skipped="0" tests="1" time="48.65" timestamp="2022-07-25T10:25:45">
	<testcase classname="SmoketestSmartRest" name="smoketest_smartrest"/>
</testsuite>
