<?xml version="1.0" encoding="utf-8"?>
<testsuite failures="0" name="tedge_agent_user_sudo_access" skipped="1" tests="1" time="0.02" timestamp="2022-07-21T23:07:51">
	<testcase classname="TedgeAgentUserSudoAccess" name="tedge_agent_user_sudo_access">
		<skipped message="SKIPPED: #955 Observation: Exit code of the apt plugin when called with no arguments"/>
		<system-out>23:07:51 INFO  ==============================================================
23:07:51 INFO  Id:    tedge_agent_user_sudo_access
23:07:51 INFO  Dir:   tedge/
23:07:51 INFO  Title: Validate tedge-agent user has a limited sudo right
23:07:51 INFO  ==============================================================
23:07:51 INFO  #955 Observation: Exit code of the apt plugin when called with no arguments ... skipped
23:07:51 INFO  
23:07:51 INFO  Test duration: 0.02 secs
23:07:51 INFO  Test final outcome:  SKIPPED
23:07:51 INFO  Test outcome reason: #955 Observation: Exit code of the apt plugin when called with no arguments
23:07:51 INFO  
</system-out>
	</testcase>
</testsuite>
