<?xml version="1.0" encoding="utf-8"?>
<testsuite failures="1" name="agent_init_session" skipped="0" tests="1" time="5.88" timestamp="2022-07-25T10:30:13">
	<testcase classname="AgentInitSession" name="agent_init_session">
		<failure message="FAILED: Grep on sub_resp.out contains &quot;Ld3KgqpcLDlrYH6sfpG7w&quot;" type="FAILED"/>
		<system-out>10:30:08 INFO  ==============================================================
10:30:08 INFO  Id:    agent_init_session
10:30:08 INFO  Dir:   tedge_agent/
10:30:08 INFO  Title: Validate tedge agent init session feature
10:30:08 INFO  ==============================================================
10:30:08 INFO  Executed sudo&lt;remove_lock&gt;, exit status 0
10:30:09 INFO  Executed sudo&lt;agent_clear&gt;, exit status 0
10:30:09 INFO  Executed sudo&lt;agent_init&gt;, exit status 0
10:30:10 INFO  Executed sudo&lt;pub_req&gt;, exit status 0
10:30:10 INFO  Started sudo&lt;sub_resp&gt; with process id 29311
10:30:10 INFO  Executed sudo&lt;agent_start&gt;, exit status 0
10:30:10 INFO  Waiting for 2.0 seconds
10:30:13 INFO  Executed sudo&lt;agent_stop&gt;, exit status 0
10:30:13 INFO  Executed sudo&lt;sub_stop&gt;, exit status 0
10:30:13 WARN  Grep on sub_resp.out contains &quot;Ld3KgqpcLDlrYH6sfpG7w&quot; ... failed [run.py:87]
10:30:13 INFO  
10:30:13 INFO  Test duration: 5.88 secs
10:30:13 INFO  Test final outcome:  FAILED
10:30:13 INFO  Test outcome reason: Grep on sub_resp.out contains &quot;Ld3KgqpcLDlrYH6sfpG7w&quot;
10:30:13 INFO  
</system-out>
	</testcase>
</testsuite>
