<?xml version="1.0" encoding="utf-8"?>
<testsuite failures="0" name="monitoring_with_collectd" skipped="1" tests="1" time="0.22" timestamp="2022-07-15T07:39:54">
	<testcase classname="MonitoringWithCollectd" name="monitoring_with_collectd">
		<skipped message="SKIPPED: Test execution disabled due to #792 (instable)"/>
		<system-out>07:39:54 INFO  ==============================================================
07:39:54 INFO  Id:    monitoring_with_collectd
07:39:54 INFO  Dir:   monitoring/
07:39:54 INFO  Title: Validate tedge dm agent messages that are produced by batching the collectd messages
07:39:54 INFO  ==============================================================
07:39:54 INFO  Test execution disabled due to #792 (instable) ... skipped
07:39:54 INFO  
07:39:54 INFO  Test duration: 0.22 secs
07:39:54 INFO  Test final outcome:  SKIPPED
07:39:54 INFO  Test outcome reason: Test execution disabled due to #792 (instable)
07:39:54 INFO  
</system-out>
	</testcase>
</testsuite>
