<?xml version="1.0" encoding="utf-8"?>
<testsuite failures="0" name="apt_fail_noarg" skipped="1" tests="1" time="0.05" timestamp="2022-07-21T21:27:54">
	<testcase classname="AptPluginFailNoArg" name="apt_fail_noarg">
		<skipped message="SKIPPED: Testing the apt plugin is not supported on this platform.To run the tests call PySys with -XmyPlatform='container'"/>
		<system-out>21:27:54 INFO  ==============================================================
21:27:54 INFO  Id:    apt_fail_noarg
21:27:54 INFO  Dir:   plugin_apt/
21:27:54 INFO  Title: Validate apt plugin fetures(prepare, list, install, remove finalize) without arguments
21:27:54 INFO  ==============================================================
21:27:54 INFO  Testing the apt plugin is not supported on this platform.To run the tests call PySys with -XmyPlatform='container' ... skipped
21:27:54 WARN  Aborted test due to SKIPPED outcome
21:27:54 INFO  
21:27:54 INFO  Test duration: 0.05 secs
21:27:54 INFO  Test final outcome:  SKIPPED
21:27:54 INFO  Test outcome reason: Testing the apt plugin is not supported on this platform.To run the tests call PySys with -XmyPlatform='container'
21:27:54 INFO  
</system-out>
	</testcase>
</testsuite>
