<?xml version="1.0" encoding="utf-8"?>
<testsuite failures="1" name="valid_device_id" skipped="0" tests="1" time="10.14" timestamp="2022-07-15T07:39:39">
	<testcase classname="ValidateValidDeviceId" name="valid_device_id">
		<failure message="BLOCKED: sudo&lt;tedge_connect_c8y&gt; returned non-zero exit code 1" type="BLOCKED"/>
		<system-out>07:39:29 INFO  ==============================================================
07:39:29 INFO  Id:    valid_device_id
07:39:29 INFO  Dir:   misc_features/
07:39:29 INFO  Title: Valid device ID
07:39:29 INFO  ==============================================================
07:39:29 INFO  Executed sudo&lt;tedge_disconnect_c8y&gt;, exit status 0
07:39:30 INFO  Executed sudo&lt;create_cert_dir&gt;, exit status 0
07:39:30 INFO  Executed sudo&lt;change_owner_of_dir&gt;, exit status 0
07:39:31 INFO  Executed sudo&lt;set_cert_path&gt;, exit status 0
07:39:32 INFO  Executed sudo&lt;set_key_path&gt;, exit status 0
07:39:32 INFO  Executed sudo&lt;cert_create&gt;, exit status 0
07:39:34 INFO  Executed sudo&lt;cert_upload&gt;, exit status 0
07:39:37 WARN  Executed sudo&lt;tedge_connect_c8y&gt;, exit status 1
07:39:37 INFO  Contents of tedge_connect_c8y.err: 
  ERROR: MqttState(Io(Custom { kind: ConnectionAborted, error: &quot;connection closed by peer&quot; }))
  Error: failed to connect Cumulocity cloud.
  Caused by:
      Connection check failed
  -----

07:39:37 WARN  sudo&lt;tedge_connect_c8y&gt; returned non-zero exit code 1 ... blocked [environment_tedge.py:58,run.py:100]
07:39:37 WARN  Aborted test due to BLOCKED outcome
07:39:37 INFO  
07:39:37 INFO  cleanup:
07:39:37 INFO  Executed sudo&lt;tedge_disconnect_c8y&gt;, exit status 0
07:39:38 INFO  Executed sudo&lt;unset_cert_path&gt;, exit status 0
07:39:38 INFO  Executed sudo&lt;unset_key_path&gt;, exit status 0
07:39:39 INFO  Executed sudo&lt;remove_cert_dir&gt;, exit status 0
07:39:39 INFO  
07:39:39 INFO  Test duration: 10.14 secs
07:39:39 INFO  Test final outcome:  BLOCKED
07:39:39 INFO  Test outcome reason: sudo&lt;tedge_connect_c8y&gt; returned non-zero exit code 1
07:39:39 INFO  
</system-out>
	</testcase>
</testsuite>
