<?xml version="1.0" encoding="utf-8"?>
<testsuite failures="0" name="call_tedge_-h" skipped="0" tests="1" time="0.5" timestamp="2022-07-22T00:39:36">
	<testcase classname="PySysTest" name="call_tedge_-h"/>
</testsuite>
