<?xml version="1.0" encoding="utf-8"?>
<testsuite failures="1" name="SoftwareManagement.Plugin.apama_plugin_update" skipped="0" tests="1" time="20.41" timestamp="2022-05-24T11:37:19">
	<testcase classname="ApamaPluginUpdateTest" name="SoftwareManagement.Plugin.apama_plugin_update">
		<failure message="BLOCKED: sudo&lt;plugin_install&gt; returned non-zero exit code 2" type="BLOCKED"/>
		<system-out>11:36:59 INFO  ==============================================================
11:36:59 INFO  Id:    SoftwareManagement.Plugin.apama_plugin_update
11:36:59 INFO  Dir:   plugin_apama/
11:36:59 INFO  Title: Validate apama plugin updating one project with another
11:36:59 INFO  ==============================================================
11:36:59 INFO  Assertion that path exists=False for &quot;/etc/tedge/apama/project&quot; ... passed
11:36:59 INFO  Executed sudo&lt;create_project_dir&gt;, exit status 0
11:37:00 INFO  Executed sudo&lt;unzip_apama_project&gt;, exit status 0
11:37:00 INFO  Executed sudo&lt;move_apama_project&gt;, exit status 0
11:37:01 INFO  Executed sudo&lt;restart_apama_service&gt;, exit status 0
11:37:02 INFO  Executed sudo&lt;apama_correlator_wait&gt;, exit status 0
11:37:02 INFO  Assertion that path exists=True for &quot;/etc/tedge/apama/project&quot; ... passed
11:37:03 INFO  Executed sudo&lt;apama_list_monitors&gt;, exit status 0
11:37:03 INFO  Grep on file /home/pi/actions-runner/_work/thin-edge.io/thin-edge.io/tests/PySys/plugin_apama/apama_plugin_update/Output/linux/apama_list_monitors.out ... passed
11:37:03 WARN  Executed sudo&lt;plugin_install&gt;, exit status 2
11:37:03 INFO  Contents of plugin_install.err: 
  ERROR: Directory not empty (os error 39)
  -----

11:37:03 WARN  sudo&lt;plugin_install&gt; returned non-zero exit code 2 ... blocked [run.py:35]
11:37:03 WARN  Aborted test due to BLOCKED outcome
11:37:03 INFO  
11:37:03 INFO  cleanup:
11:37:03 INFO  Removing apama project
11:37:18 INFO  Executed sudo&lt;stop_apama_service&gt;, exit status 0, duration 14 secs
11:37:19 INFO  Executed sudo&lt;remove_apama_project&gt;, exit status 0
11:37:19 INFO  Executed sudo&lt;remove_apama_tmp_dir&gt;, exit status 0
11:37:19 INFO  
11:37:19 INFO  Test duration: 20.41 secs
11:37:19 INFO  Test final outcome:  BLOCKED
11:37:19 INFO  Test outcome reason: sudo&lt;plugin_install&gt; returned non-zero exit code 2
11:37:19 INFO  
</system-out>
	</testcase>
</testsuite>
