<?xml version="1.0" encoding="utf-8"?>
<testsuite failures="1" name="SoftwareManagement.Plugin.apama_plugin_update" skipped="0" tests="1" time="20.66" timestamp="2022-06-09T17:24:29">
	<testcase classname="ApamaPluginUpdateTest" name="SoftwareManagement.Plugin.apama_plugin_update">
		<failure message="BLOCKED: sudo&lt;plugin_install&gt; returned non-zero exit code 2" type="BLOCKED"/>
		<system-out>17:24:08 INFO  ==============================================================
17:24:08 INFO  Id:    SoftwareManagement.Plugin.apama_plugin_update
17:24:08 INFO  Dir:   plugin_apama/
17:24:08 INFO  Title: Validate apama plugin updating one project with another
17:24:08 INFO  ==============================================================
17:24:08 INFO  Assertion that path exists=False for &quot;/etc/tedge/apama/project&quot; ... passed
17:24:09 INFO  Executed sudo&lt;create_project_dir&gt;, exit status 0
17:24:10 INFO  Executed sudo&lt;unzip_apama_project&gt;, exit status 0
17:24:10 INFO  Executed sudo&lt;move_apama_project&gt;, exit status 0
17:24:11 INFO  Executed sudo&lt;restart_apama_service&gt;, exit status 0
17:24:12 INFO  Executed sudo&lt;apama_correlator_wait&gt;, exit status 0
17:24:12 INFO  Assertion that path exists=True for &quot;/etc/tedge/apama/project&quot; ... passed
17:24:12 INFO  Executed sudo&lt;apama_list_monitors&gt;, exit status 0
17:24:12 INFO  Grep on file /home/pi/actions-runner/_work/thin-edge.io/thin-edge.io/tests/PySys/plugin_apama/apama_plugin_update/Output/linux/apama_list_monitors.out ... passed
17:24:13 WARN  Executed sudo&lt;plugin_install&gt;, exit status 2
17:24:13 INFO  Contents of plugin_install.err: 
  ERROR: Directory not empty (os error 39)
  -----

17:24:13 WARN  sudo&lt;plugin_install&gt; returned non-zero exit code 2 ... blocked [run.py:35]
17:24:13 WARN  Aborted test due to BLOCKED outcome
17:24:13 INFO  
17:24:13 INFO  cleanup:
17:24:13 INFO  Removing apama project
17:24:28 INFO  Executed sudo&lt;stop_apama_service&gt;, exit status 0, duration 14 secs
17:24:29 INFO  Executed sudo&lt;remove_apama_project&gt;, exit status 0
17:24:29 INFO  Executed sudo&lt;remove_apama_tmp_dir&gt;, exit status 0
17:24:29 INFO  
17:24:29 INFO  Test duration: 20.66 secs
17:24:29 INFO  Test final outcome:  BLOCKED
17:24:29 INFO  Test outcome reason: sudo&lt;plugin_install&gt; returned non-zero exit code 2
17:24:29 INFO  
</system-out>
	</testcase>
</testsuite>
