<?xml version="1.0" encoding="utf-8"?>
<testsuite failures="1" name="SoftwareManagement.Plugin.apama_plugin_update" skipped="0" tests="1" time="23.88" timestamp="2022-07-16T12:23:27">
	<testcase classname="ApamaPluginUpdateTest" name="SoftwareManagement.Plugin.apama_plugin_update">
		<failure message="BLOCKED: sudo&lt;plugin_install&gt; returned non-zero exit code 2" type="BLOCKED"/>
		<system-out>12:23:03 INFO  ==============================================================
12:23:03 INFO  Id:    SoftwareManagement.Plugin.apama_plugin_update
12:23:03 INFO  Dir:   plugin_apama/
12:23:03 INFO  Title: Validate apama plugin updating one project with another
12:23:03 INFO  ==============================================================
12:23:03 INFO  Assertion that path exists=False for &quot;/etc/tedge/apama/project&quot; ... passed
12:23:03 INFO  Executed sudo&lt;create_project_dir&gt;, exit status 0
12:23:04 INFO  Executed sudo&lt;unzip_apama_project&gt;, exit status 0
12:23:05 INFO  Executed sudo&lt;move_apama_project&gt;, exit status 0
12:23:07 INFO  Executed sudo&lt;restart_apama_service&gt;, exit status 0
12:23:08 INFO  Executed sudo&lt;apama_correlator_wait&gt;, exit status 0
12:23:08 INFO  Assertion that path exists=True for &quot;/etc/tedge/apama/project&quot; ... passed
12:23:09 INFO  Executed sudo&lt;apama_list_monitors&gt;, exit status 0
12:23:09 INFO  Grep on file /home/pi/actions-runner/_work/thin-edge.io/thin-edge.io/tests/PySys/plugin_apama/apama_plugin_update/Output/linux/apama_list_monitors.out ... passed
12:23:10 WARN  Executed sudo&lt;plugin_install&gt;, exit status 2
12:23:10 INFO  Contents of plugin_install.err: 
  ERROR: Directory not empty (os error 39)
  -----

12:23:11 WARN  sudo&lt;plugin_install&gt; returned non-zero exit code 2 ... blocked [run.py:35]
12:23:11 WARN  Aborted test due to BLOCKED outcome
12:23:11 INFO  
12:23:11 INFO  cleanup:
12:23:11 INFO  Removing apama project
12:23:26 INFO  Executed sudo&lt;stop_apama_service&gt;, exit status 0, duration 15 secs
12:23:26 INFO  Executed sudo&lt;remove_apama_project&gt;, exit status 0
12:23:27 INFO  Executed sudo&lt;remove_apama_tmp_dir&gt;, exit status 0
12:23:27 INFO  
12:23:27 INFO  Test duration: 23.88 secs
12:23:27 INFO  Test final outcome:  BLOCKED
12:23:27 INFO  Test outcome reason: sudo&lt;plugin_install&gt; returned non-zero exit code 2
12:23:27 INFO  
</system-out>
	</testcase>
</testsuite>
