<?xml version="1.0" encoding="utf-8"?>
<testsuite failures="1" name="docker_plugin_update" skipped="0" tests="1" time="4.55" timestamp="2022-06-22T19:38:51">
	<testcase classname="DockerPluginUpdateTest" name="docker_plugin_update">
		<failure message="BLOCKED: sudo&lt;docker_run&gt; returned non-zero exit code 125" type="BLOCKED"/>
		<system-out>19:38:46 INFO  ==============================================================
19:38:46 INFO  Id:    docker_plugin_update
19:38:46 INFO  Dir:   plugin_docker/
19:38:46 INFO  Title: Validate docker plugin install updates existing containers
19:38:46 INFO  ==============================================================
19:38:47 INFO  Executed sudo&lt;docker_images&gt;, exit status 0
19:38:47 INFO  Grep on file /home/pi/actions-runner/_work/thin-edge.io/thin-edge.io/tests/PySys/plugin_docker/docker_plugin_update/Output/linux/docker_images.out ... passed
19:38:49 WARN  Executed sudo&lt;docker_run&gt;, exit status 125
19:38:49 INFO  Contents of docker_run.err: 
  Unable to find image 'registry:2.6.2' locally
  docker: Error response from daemon: toomanyrequests: You have reached your pull rate limit. You may increase the limit by authenticating and upgrading: https://www.docker.com/increase-rate-limit.
  See 'docker run --help'.
  -----

19:38:49 WARN  sudo&lt;docker_run&gt; returned non-zero exit code 125 ... blocked 
19:38:49 WARN  Aborted test due to BLOCKED outcome
19:38:49 INFO  
19:38:49 INFO  cleanup:
19:38:49 INFO  Removing containers scheduled to be cleaned up: ['0105c1e0a54a', '']
19:38:50 WARN  Executed sudo&lt;containers_for_cleanup&gt;, exit status 1
19:38:50 INFO  Removing images scheduled to be cleaned up: ['registry', 'registry', 'registry:2.7.1']
19:38:51 INFO  Executed sudo&lt;containers_for_cleanup&gt;, exit status 0
19:38:51 INFO  
19:38:51 INFO  Test duration: 4.55 secs
19:38:51 INFO  Test final outcome:  BLOCKED
19:38:51 INFO  Test outcome reason: sudo&lt;docker_run&gt; returned non-zero exit code 125
19:38:51 INFO  
</system-out>
	</testcase>
</testsuite>
