<?xml version="1.0" encoding="utf-8"?>
<testsuite failures="1" name="SoftwareManagement.sm_docker_install_remove_multiple" skipped="0" tests="1" time="165.7" timestamp="2022-05-24T16:38:21">
	<testcase classname="SMDockerInstallRemove" name="SoftwareManagement.sm_docker_install_remove_multiple">
		<failure message="BLOCKED: SystemError: Timeout while waiting for status FAILED or SUCCESSFUL" type="BLOCKED"/>
		<system-out>16:35:35 INFO  ==============================================================
16:35:35 INFO  Id:    SoftwareManagement.sm_docker_install_remove_multiple
16:35:35 INFO  Dir:   software_management_end_to_end/
16:35:35 INFO  Title: Validate end to end behaviour for the docker plugin for multiple docker images with mixed versions
16:35:35 INFO  ==============================================================
16:35:37 INFO  Using sw id database: {'asciijump': '5475369', 'robotfindskitten': '5474869', 'squirrel3': '5475279', 'rolldice': '5152439', 'moon-buggy': '5439204', 'apple': '5495053', 'banana': '5494888', 'cherry': '5495382', 'watermelon': '5494510', 'registry': '8018911', 'hello-world': '8021526', 'docker/getting-started': '8021973', 'alpine': '7991792'}
16:35:37 INFO  EnvironmentC8y Setup
16:35:38 INFO  Executed systemctl&lt;serv_mapper1&gt;, exit status 3
16:35:55 INFO  Executed sudo&lt;tedge_connect_c8y&gt;, exit status 0, duration 16 secs
16:35:56 INFO  Executed sudo&lt;tedge_connect_c8y_test&gt;, exit status 0
16:35:57 INFO  Executed systemctl&lt;serv_mosq2&gt;, exit status 0
16:35:57 INFO  Executed systemctl&lt;serv_mapper3&gt;, exit status 0
16:35:59 INFO  State of current operation: PENDING
16:36:02 INFO  State of current operation: PENDING
16:36:04 INFO  State of current operation: PENDING
16:36:06 INFO  State of current operation: PENDING
16:36:08 INFO  State of current operation: PENDING
16:36:10 INFO  State of current operation: PENDING
16:36:13 INFO  State of current operation: PENDING
16:36:15 INFO  State of current operation: PENDING
16:36:17 INFO  State of current operation: PENDING
16:36:19 INFO  State of current operation: PENDING
16:36:22 INFO  State of current operation: PENDING
16:36:24 INFO  State of current operation: PENDING
16:36:26 INFO  State of current operation: PENDING
16:36:28 INFO  State of current operation: PENDING
16:36:31 INFO  State of current operation: PENDING
16:36:33 INFO  State of current operation: PENDING
16:36:35 INFO  State of current operation: PENDING
16:36:37 INFO  State of current operation: PENDING
16:36:39 INFO  State of current operation: PENDING
16:36:42 INFO  State of current operation: PENDING
16:36:44 INFO  State of current operation: PENDING
16:36:46 INFO  State of current operation: PENDING
16:36:48 INFO  State of current operation: PENDING
16:36:51 INFO  State of current operation: PENDING
16:36:53 INFO  State of current operation: PENDING
16:36:55 INFO  State of current operation: PENDING
16:36:57 INFO  State of current operation: PENDING
16:37:00 INFO  State of current operation: PENDING
16:37:02 INFO  State of current operation: PENDING
16:37:04 INFO  State of current operation: PENDING
16:37:06 INFO  State of current operation: PENDING
16:37:08 INFO  State of current operation: PENDING
16:37:11 INFO  State of current operation: PENDING
16:37:13 INFO  State of current operation: PENDING
16:37:15 INFO  State of current operation: PENDING
16:37:17 INFO  State of current operation: PENDING
16:37:20 INFO  State of current operation: PENDING
16:37:22 INFO  State of current operation: PENDING
16:37:24 INFO  State of current operation: PENDING
16:37:26 INFO  State of current operation: PENDING
16:37:28 INFO  State of current operation: PENDING
16:37:31 INFO  State of current operation: PENDING
16:37:33 INFO  State of current operation: PENDING
16:37:35 INFO  State of current operation: PENDING
16:37:38 INFO  State of current operation: PENDING
16:37:40 INFO  State of current operation: PENDING
16:37:42 INFO  State of current operation: PENDING
16:37:44 INFO  State of current operation: PENDING
16:37:46 INFO  State of current operation: PENDING
16:37:49 INFO  State of current operation: PENDING
16:37:51 INFO  State of current operation: PENDING
16:37:53 INFO  State of current operation: PENDING
16:37:55 INFO  State of current operation: PENDING
16:37:58 INFO  State of current operation: PENDING
16:38:00 INFO  State of current operation: PENDING
16:38:02 INFO  State of current operation: PENDING
16:38:05 INFO  State of current operation: PENDING
16:38:07 INFO  State of current operation: PENDING
16:38:09 INFO  State of current operation: PENDING
16:38:11 INFO  State of current operation: PENDING
16:38:13 INFO  State of current operation: PENDING
16:38:15 WARN  SystemError occurred while running test - Timeout while waiting for status FAILED or SUCCESSFUL
Traceback (most recent call last):
  File &quot;/home/pi/env-pysys/lib/python3.7/site-packages/pysys/baserunner.py&quot;, line 1292, in __call__
    self.testObj.setup()
  File &quot;/home/pi/actions-runner/_work/thin-edge.io/thin-edge.io/tests/PySys/software_management_end_to_end/sm_docker_install_remove_multiple/run.py&quot;, line 29, in setup
    super().setup()
  File &quot;/home/pi/actions-runner/_work/thin-edge.io/thin-edge.io/tests/PySys/software_management_end_to_end/environment_sm_management.py&quot;, line 151, in setup
    self.wait_until_end()
  File &quot;/home/pi/actions-runner/_work/thin-edge.io/thin-edge.io/tests/PySys/software_management_end_to_end/environment_sm_management.py&quot;, line 332, in wait_until_end
    self.wait_until_status(&quot;FAILED&quot;, &quot;SUCCESSFUL&quot;)
  File &quot;/home/pi/actions-runner/_work/thin-edge.io/thin-edge.io/tests/PySys/software_management_end_to_end/environment_sm_management.py&quot;, line 381, in wait_until_status
    &quot;Timeout while waiting for status %s or %s&quot; % (status, status2)
SystemError: Timeout while waiting for status FAILED or SUCCESSFUL
16:38:16 WARN  SystemError: Timeout while waiting for status FAILED or SUCCESSFUL ... blocked 
16:38:16 INFO  
16:38:16 INFO  cleanup:
16:38:20 INFO  Executed sudo&lt;tedge_disconnect_c8y&gt;, exit status 0
16:38:21 INFO  Executed systemctl&lt;serv_mapper5&gt;, exit status 3
16:38:21 INFO  
16:38:21 INFO  Test duration: 165.70 secs
16:38:21 INFO  Test final outcome:  BLOCKED
16:38:21 INFO  Test outcome reason: SystemError: Timeout while waiting for status FAILED or SUCCESSFUL
16:38:21 INFO  
</system-out>
	</testcase>
</testsuite>
