<?xml version="1.0" encoding="utf-8"?>
<testsuite failures="0" name="docker_plugin_install" skipped="0" tests="1" time="33.03" timestamp="2022-07-18T14:50:52">
	<testcase classname="DockerPluginInstallTest" name="docker_plugin_install"/>
</testsuite>
