<?xml version="1.0" encoding="utf-8"?>
<testsuite failures="1" name="SoftwareManagement.sm_docker_install_remove_multiple" skipped="0" tests="1" time="162.82" timestamp="2022-06-02T09:34:53">
	<testcase classname="SMDockerInstallRemove" name="SoftwareManagement.sm_docker_install_remove_multiple">
		<failure message="BLOCKED: SystemError: Timeout while waiting for status FAILED or SUCCESSFUL" type="BLOCKED"/>
		<system-out>09:32:10 INFO  ==============================================================
09:32:10 INFO  Id:    SoftwareManagement.sm_docker_install_remove_multiple
09:32:10 INFO  Dir:   software_management_end_to_end/
09:32:10 INFO  Title: Validate end to end behaviour for the docker plugin for multiple docker images with mixed versions
09:32:10 INFO  ==============================================================
09:32:12 INFO  Using sw id database: {'asciijump': '5475369', 'robotfindskitten': '5474869', 'squirrel3': '5475279', 'rolldice': '5152439', 'moon-buggy': '5439204', 'apple': '5495053', 'banana': '5494888', 'cherry': '5495382', 'watermelon': '5494510', 'registry': '8018911', 'hello-world': '8021526', 'docker/getting-started': '8021973', 'alpine': '7991792'}
09:32:12 INFO  EnvironmentC8y Setup
09:32:13 INFO  Executed systemctl&lt;serv_mapper1&gt;, exit status 3
09:32:28 INFO  Executed sudo&lt;tedge_connect_c8y&gt;, exit status 0, duration 14 secs
09:32:29 INFO  Executed sudo&lt;tedge_connect_c8y_test&gt;, exit status 0
09:32:29 INFO  Executed systemctl&lt;serv_mosq2&gt;, exit status 0
09:32:30 INFO  Executed systemctl&lt;serv_mapper3&gt;, exit status 0
09:32:32 INFO  State of current operation: PENDING
09:32:34 INFO  State of current operation: PENDING
09:32:36 INFO  State of current operation: PENDING
09:32:39 INFO  State of current operation: PENDING
09:32:41 INFO  State of current operation: PENDING
09:32:43 INFO  State of current operation: PENDING
09:32:45 INFO  State of current operation: PENDING
09:32:47 INFO  State of current operation: PENDING
09:32:50 INFO  State of current operation: PENDING
09:32:52 INFO  State of current operation: PENDING
09:32:54 INFO  State of current operation: PENDING
09:32:56 INFO  State of current operation: PENDING
09:32:59 INFO  State of current operation: PENDING
09:33:01 INFO  State of current operation: PENDING
09:33:03 INFO  State of current operation: PENDING
09:33:05 INFO  State of current operation: PENDING
09:33:08 INFO  State of current operation: PENDING
09:33:10 INFO  State of current operation: PENDING
09:33:12 INFO  State of current operation: PENDING
09:33:14 INFO  State of current operation: PENDING
09:33:17 INFO  State of current operation: PENDING
09:33:19 INFO  State of current operation: PENDING
09:33:21 INFO  State of current operation: PENDING
09:33:24 INFO  State of current operation: PENDING
09:33:26 INFO  State of current operation: PENDING
09:33:28 INFO  State of current operation: PENDING
09:33:30 INFO  State of current operation: PENDING
09:33:32 INFO  State of current operation: PENDING
09:33:35 INFO  State of current operation: PENDING
09:33:37 INFO  State of current operation: PENDING
09:33:39 INFO  State of current operation: PENDING
09:33:41 INFO  State of current operation: PENDING
09:33:44 INFO  State of current operation: PENDING
09:33:46 INFO  State of current operation: PENDING
09:33:48 INFO  State of current operation: PENDING
09:33:50 INFO  State of current operation: PENDING
09:33:53 INFO  State of current operation: PENDING
09:33:55 INFO  State of current operation: PENDING
09:33:57 INFO  State of current operation: PENDING
09:33:59 INFO  State of current operation: PENDING
09:34:02 INFO  State of current operation: PENDING
09:34:04 INFO  State of current operation: PENDING
09:34:06 INFO  State of current operation: PENDING
09:34:08 INFO  State of current operation: PENDING
09:34:10 INFO  State of current operation: PENDING
09:34:13 INFO  State of current operation: PENDING
09:34:15 INFO  State of current operation: PENDING
09:34:17 INFO  State of current operation: PENDING
09:34:19 INFO  State of current operation: PENDING
09:34:22 INFO  State of current operation: PENDING
09:34:24 INFO  State of current operation: PENDING
09:34:26 INFO  State of current operation: PENDING
09:34:28 INFO  State of current operation: PENDING
09:34:31 INFO  State of current operation: PENDING
09:34:33 INFO  State of current operation: PENDING
09:34:35 INFO  State of current operation: PENDING
09:34:37 INFO  State of current operation: PENDING
09:34:39 INFO  State of current operation: PENDING
09:34:42 INFO  State of current operation: PENDING
09:34:44 INFO  State of current operation: PENDING
09:34:46 INFO  State of current operation: PENDING
09:34:48 WARN  SystemError occurred while running test - Timeout while waiting for status FAILED or SUCCESSFUL
Traceback (most recent call last):
  File &quot;/home/pi/env-pysys/lib/python3.7/site-packages/pysys/baserunner.py&quot;, line 1292, in __call__
    self.testObj.setup()
  File &quot;/home/pi/actions-runner/_work/thin-edge.io/thin-edge.io/tests/PySys/software_management_end_to_end/sm_docker_install_remove_multiple/run.py&quot;, line 29, in setup
    super().setup()
  File &quot;/home/pi/actions-runner/_work/thin-edge.io/thin-edge.io/tests/PySys/software_management_end_to_end/environment_sm_management.py&quot;, line 151, in setup
    self.wait_until_end()
  File &quot;/home/pi/actions-runner/_work/thin-edge.io/thin-edge.io/tests/PySys/software_management_end_to_end/environment_sm_management.py&quot;, line 332, in wait_until_end
    self.wait_until_status(&quot;FAILED&quot;, &quot;SUCCESSFUL&quot;)
  File &quot;/home/pi/actions-runner/_work/thin-edge.io/thin-edge.io/tests/PySys/software_management_end_to_end/environment_sm_management.py&quot;, line 381, in wait_until_status
    &quot;Timeout while waiting for status %s or %s&quot; % (status, status2)
SystemError: Timeout while waiting for status FAILED or SUCCESSFUL
09:34:49 WARN  SystemError: Timeout while waiting for status FAILED or SUCCESSFUL ... blocked 
09:34:49 INFO  
09:34:49 INFO  cleanup:
09:34:53 INFO  Executed sudo&lt;tedge_disconnect_c8y&gt;, exit status 0
09:34:53 INFO  Executed systemctl&lt;serv_mapper5&gt;, exit status 3
09:34:53 INFO  
09:34:53 INFO  Test duration: 162.82 secs
09:34:53 INFO  Test final outcome:  BLOCKED
09:34:53 INFO  Test outcome reason: SystemError: Timeout while waiting for status FAILED or SUCCESSFUL
09:34:53 INFO  
</system-out>
	</testcase>
</testsuite>
