<?xml version="1.0" encoding="utf-8"?>
<testsuite failures="1" name="SoftwareManagement.sm_docker_install_remove_multiple" skipped="0" tests="1" time="164.14" timestamp="2022-05-25T11:52:54">
	<testcase classname="SMDockerInstallRemove" name="SoftwareManagement.sm_docker_install_remove_multiple">
		<failure message="BLOCKED: SystemError: Timeout while waiting for status FAILED or SUCCESSFUL" type="BLOCKED"/>
		<system-out>11:50:10 INFO  ==============================================================
11:50:10 INFO  Id:    SoftwareManagement.sm_docker_install_remove_multiple
11:50:10 INFO  Dir:   software_management_end_to_end/
11:50:10 INFO  Title: Validate end to end behaviour for the docker plugin for multiple docker images with mixed versions
11:50:10 INFO  ==============================================================
11:50:12 INFO  Using sw id database: {'asciijump': '5475369', 'robotfindskitten': '5474869', 'squirrel3': '5475279', 'rolldice': '5152439', 'moon-buggy': '5439204', 'apple': '5495053', 'banana': '5494888', 'cherry': '5495382', 'watermelon': '5494510', 'registry': '8018911', 'hello-world': '8021526', 'docker/getting-started': '8021973', 'alpine': '7991792'}
11:50:12 INFO  EnvironmentC8y Setup
11:50:13 INFO  Executed systemctl&lt;serv_mapper1&gt;, exit status 3
11:50:28 INFO  Executed sudo&lt;tedge_connect_c8y&gt;, exit status 0, duration 15 secs
11:50:29 INFO  Executed sudo&lt;tedge_connect_c8y_test&gt;, exit status 0
11:50:30 INFO  Executed systemctl&lt;serv_mosq2&gt;, exit status 0
11:50:30 INFO  Executed systemctl&lt;serv_mapper3&gt;, exit status 0
11:50:32 INFO  State of current operation: PENDING
11:50:35 INFO  State of current operation: PENDING
11:50:37 INFO  State of current operation: PENDING
11:50:39 INFO  State of current operation: PENDING
11:50:41 INFO  State of current operation: PENDING
11:50:44 INFO  State of current operation: PENDING
11:50:46 INFO  State of current operation: PENDING
11:50:48 INFO  State of current operation: PENDING
11:50:50 INFO  State of current operation: PENDING
11:50:53 INFO  State of current operation: PENDING
11:50:55 INFO  State of current operation: PENDING
11:50:57 INFO  State of current operation: PENDING
11:50:59 INFO  State of current operation: PENDING
11:51:01 INFO  State of current operation: PENDING
11:51:04 INFO  State of current operation: PENDING
11:51:06 INFO  State of current operation: PENDING
11:51:08 INFO  State of current operation: PENDING
11:51:10 INFO  State of current operation: PENDING
11:51:13 INFO  State of current operation: PENDING
11:51:15 INFO  State of current operation: PENDING
11:51:17 INFO  State of current operation: PENDING
11:51:20 INFO  State of current operation: PENDING
11:51:22 INFO  State of current operation: PENDING
11:51:24 INFO  State of current operation: PENDING
11:51:26 INFO  State of current operation: PENDING
11:51:28 INFO  State of current operation: PENDING
11:51:31 INFO  State of current operation: PENDING
11:51:33 INFO  State of current operation: PENDING
11:51:35 INFO  State of current operation: PENDING
11:51:37 INFO  State of current operation: PENDING
11:51:40 INFO  State of current operation: PENDING
11:51:42 INFO  State of current operation: PENDING
11:51:44 INFO  State of current operation: PENDING
11:51:46 INFO  State of current operation: PENDING
11:51:49 INFO  State of current operation: PENDING
11:51:51 INFO  State of current operation: PENDING
11:51:53 INFO  State of current operation: PENDING
11:51:55 INFO  State of current operation: PENDING
11:51:58 INFO  State of current operation: PENDING
11:52:00 INFO  State of current operation: PENDING
11:52:02 INFO  State of current operation: PENDING
11:52:04 INFO  State of current operation: PENDING
11:52:07 INFO  State of current operation: PENDING
11:52:09 INFO  State of current operation: PENDING
11:52:11 INFO  State of current operation: PENDING
11:52:13 INFO  State of current operation: PENDING
11:52:15 INFO  State of current operation: PENDING
11:52:18 INFO  State of current operation: PENDING
11:52:20 INFO  State of current operation: PENDING
11:52:22 INFO  State of current operation: PENDING
11:52:24 INFO  State of current operation: PENDING
11:52:27 INFO  State of current operation: PENDING
11:52:29 INFO  State of current operation: PENDING
11:52:31 INFO  State of current operation: PENDING
11:52:33 INFO  State of current operation: PENDING
11:52:36 INFO  State of current operation: PENDING
11:52:38 INFO  State of current operation: PENDING
11:52:40 INFO  State of current operation: PENDING
11:52:42 INFO  State of current operation: PENDING
11:52:44 INFO  State of current operation: PENDING
11:52:47 INFO  State of current operation: PENDING
11:52:49 WARN  SystemError occurred while running test - Timeout while waiting for status FAILED or SUCCESSFUL
Traceback (most recent call last):
  File &quot;/home/pi/env-pysys/lib/python3.7/site-packages/pysys/baserunner.py&quot;, line 1292, in __call__
    self.testObj.setup()
  File &quot;/home/pi/actions-runner/_work/thin-edge.io/thin-edge.io/tests/PySys/software_management_end_to_end/sm_docker_install_remove_multiple/run.py&quot;, line 29, in setup
    super().setup()
  File &quot;/home/pi/actions-runner/_work/thin-edge.io/thin-edge.io/tests/PySys/software_management_end_to_end/environment_sm_management.py&quot;, line 151, in setup
    self.wait_until_end()
  File &quot;/home/pi/actions-runner/_work/thin-edge.io/thin-edge.io/tests/PySys/software_management_end_to_end/environment_sm_management.py&quot;, line 332, in wait_until_end
    self.wait_until_status(&quot;FAILED&quot;, &quot;SUCCESSFUL&quot;)
  File &quot;/home/pi/actions-runner/_work/thin-edge.io/thin-edge.io/tests/PySys/software_management_end_to_end/environment_sm_management.py&quot;, line 381, in wait_until_status
    &quot;Timeout while waiting for status %s or %s&quot; % (status, status2)
SystemError: Timeout while waiting for status FAILED or SUCCESSFUL
11:52:49 WARN  SystemError: Timeout while waiting for status FAILED or SUCCESSFUL ... blocked 
11:52:49 INFO  
11:52:49 INFO  cleanup:
11:52:54 INFO  Executed sudo&lt;tedge_disconnect_c8y&gt;, exit status 0
11:52:54 INFO  Executed systemctl&lt;serv_mapper5&gt;, exit status 3
11:52:54 INFO  
11:52:54 INFO  Test duration: 164.14 secs
11:52:54 INFO  Test final outcome:  BLOCKED
11:52:54 INFO  Test outcome reason: SystemError: Timeout while waiting for status FAILED or SUCCESSFUL
11:52:54 INFO  
</system-out>
	</testcase>
</testsuite>
