<?xml version="1.0" encoding="utf-8"?>
<testsuite failures="0" name="docker_plugin_update" skipped="0" tests="1" time="63.44" timestamp="2022-07-20T11:41:14">
	<testcase classname="DockerPluginUpdateTest" name="docker_plugin_update"/>
</testsuite>
