<?xml version="1.0" encoding="utf-8"?>
<testsuite failures="1" name="docker_plugin_update" skipped="0" tests="1" time="4.56" timestamp="2022-05-23T12:04:01">
	<testcase classname="DockerPluginUpdateTest" name="docker_plugin_update">
		<failure message="BLOCKED: sudo&lt;docker_run&gt; returned non-zero exit code 125" type="BLOCKED"/>
		<system-out>12:03:56 INFO  ==============================================================
12:03:56 INFO  Id:    docker_plugin_update
12:03:56 INFO  Dir:   plugin_docker/
12:03:56 INFO  Title: Validate docker plugin install updates existing containers
12:03:56 INFO  ==============================================================
12:03:57 INFO  Executed sudo&lt;docker_images&gt;, exit status 0
12:03:57 INFO  Grep on file /home/pi/actions-runner/_work/thin-edge.io/thin-edge.io/tests/PySys/plugin_docker/docker_plugin_update/Output/linux/docker_images.out ... passed
12:03:59 WARN  Executed sudo&lt;docker_run&gt;, exit status 125
12:03:59 INFO  Contents of docker_run.err: 
  Unable to find image 'registry:2.6.2' locally
  docker: Error response from daemon: toomanyrequests: You have reached your pull rate limit. You may increase the limit by authenticating and upgrading: https://www.docker.com/increase-rate-limit.
  See 'docker run --help'.
  -----

12:03:59 WARN  sudo&lt;docker_run&gt; returned non-zero exit code 125 ... blocked 
12:03:59 WARN  Aborted test due to BLOCKED outcome
12:03:59 INFO  
12:03:59 INFO  cleanup:
12:03:59 INFO  Removing containers scheduled to be cleaned up: ['', '']
12:04:00 WARN  Executed sudo&lt;containers_for_cleanup&gt;, exit status 1
12:04:00 INFO  Removing images scheduled to be cleaned up: ['registry', 'registry:2.7.1']
12:04:01 INFO  Executed sudo&lt;containers_for_cleanup&gt;, exit status 0
12:04:01 INFO  
12:04:01 INFO  Test duration: 4.56 secs
12:04:01 INFO  Test final outcome:  BLOCKED
12:04:01 INFO  Test outcome reason: sudo&lt;docker_run&gt; returned non-zero exit code 125
12:04:01 INFO  
</system-out>
	</testcase>
</testsuite>
