<?xml version="1.0" encoding="utf-8"?>
<testsuite failures="0" name="docker_plugin_install" skipped="0" tests="1" time="34.27" timestamp="2022-05-23T09:23:32">
	<testcase classname="DockerPluginInstallTest" name="docker_plugin_install"/>
</testsuite>
