<?xml version="1.0" encoding="utf-8"?>
<testsuite failures="1" name="SoftwareManagement.sm_docker_install_remove_multiple" skipped="0" tests="1" time="164.57" timestamp="2022-05-23T20:07:52">
	<testcase classname="SMDockerInstallRemove" name="SoftwareManagement.sm_docker_install_remove_multiple">
		<failure message="BLOCKED: SystemError: Timeout while waiting for status FAILED or SUCCESSFUL" type="BLOCKED"/>
		<system-out>20:05:07 INFO  ==============================================================
20:05:07 INFO  Id:    SoftwareManagement.sm_docker_install_remove_multiple
20:05:07 INFO  Dir:   software_management_end_to_end/
20:05:07 INFO  Title: Validate end to end behaviour for the docker plugin for multiple docker images with mixed versions
20:05:07 INFO  ==============================================================
20:05:09 INFO  Using sw id database: {'asciijump': '5475369', 'robotfindskitten': '5474869', 'squirrel3': '5475279', 'rolldice': '5152439', 'moon-buggy': '5439204', 'apple': '5495053', 'banana': '5494888', 'cherry': '5495382', 'watermelon': '5494510', 'registry': '8018911', 'hello-world': '8021526', 'docker/getting-started': '8021973', 'alpine': '7991792'}
20:05:09 INFO  EnvironmentC8y Setup
20:05:09 INFO  Executed systemctl&lt;serv_mapper1&gt;, exit status 3
20:05:26 INFO  Executed sudo&lt;tedge_connect_c8y&gt;, exit status 0, duration 16 secs
20:05:27 INFO  Executed sudo&lt;tedge_connect_c8y_test&gt;, exit status 0
20:05:27 INFO  Executed systemctl&lt;serv_mosq2&gt;, exit status 0
20:05:28 INFO  Executed systemctl&lt;serv_mapper3&gt;, exit status 0
20:05:30 INFO  State of current operation: PENDING
20:05:32 INFO  State of current operation: PENDING
20:05:34 INFO  State of current operation: PENDING
20:05:37 INFO  State of current operation: PENDING
20:05:39 INFO  State of current operation: PENDING
20:05:41 INFO  State of current operation: PENDING
20:05:43 INFO  State of current operation: PENDING
20:05:46 INFO  State of current operation: PENDING
20:05:48 INFO  State of current operation: PENDING
20:05:50 INFO  State of current operation: PENDING
20:05:52 INFO  State of current operation: PENDING
20:05:55 INFO  State of current operation: PENDING
20:05:57 INFO  State of current operation: PENDING
20:05:59 INFO  State of current operation: PENDING
20:06:01 INFO  State of current operation: PENDING
20:06:04 INFO  State of current operation: PENDING
20:06:06 INFO  State of current operation: PENDING
20:06:08 INFO  State of current operation: PENDING
20:06:10 INFO  State of current operation: PENDING
20:06:13 INFO  State of current operation: PENDING
20:06:15 INFO  State of current operation: PENDING
20:06:17 INFO  State of current operation: PENDING
20:06:19 INFO  State of current operation: PENDING
20:06:22 INFO  State of current operation: PENDING
20:06:24 INFO  State of current operation: PENDING
20:06:26 INFO  State of current operation: PENDING
20:06:28 INFO  State of current operation: PENDING
20:06:30 INFO  State of current operation: PENDING
20:06:33 INFO  State of current operation: PENDING
20:06:35 INFO  State of current operation: PENDING
20:06:37 INFO  State of current operation: PENDING
20:06:39 INFO  State of current operation: PENDING
20:06:42 INFO  State of current operation: PENDING
20:06:44 INFO  State of current operation: PENDING
20:06:46 INFO  State of current operation: PENDING
20:06:48 INFO  State of current operation: PENDING
20:06:51 INFO  State of current operation: PENDING
20:06:53 INFO  State of current operation: PENDING
20:06:55 INFO  State of current operation: PENDING
20:06:57 INFO  State of current operation: PENDING
20:06:59 INFO  State of current operation: PENDING
20:07:02 INFO  State of current operation: PENDING
20:07:04 INFO  State of current operation: PENDING
20:07:06 INFO  State of current operation: PENDING
20:07:08 INFO  State of current operation: PENDING
20:07:11 INFO  State of current operation: PENDING
20:07:13 INFO  State of current operation: PENDING
20:07:15 INFO  State of current operation: PENDING
20:07:17 INFO  State of current operation: PENDING
20:07:19 INFO  State of current operation: PENDING
20:07:22 INFO  State of current operation: PENDING
20:07:24 INFO  State of current operation: PENDING
20:07:26 INFO  State of current operation: PENDING
20:07:28 INFO  State of current operation: PENDING
20:07:31 INFO  State of current operation: PENDING
20:07:33 INFO  State of current operation: PENDING
20:07:35 INFO  State of current operation: PENDING
20:07:38 INFO  State of current operation: PENDING
20:07:40 INFO  State of current operation: PENDING
20:07:42 INFO  State of current operation: PENDING
20:07:44 INFO  State of current operation: PENDING
20:07:46 WARN  SystemError occurred while running test - Timeout while waiting for status FAILED or SUCCESSFUL
Traceback (most recent call last):
  File &quot;/home/pi/env-pysys/lib/python3.7/site-packages/pysys/baserunner.py&quot;, line 1292, in __call__
    self.testObj.setup()
  File &quot;/home/pi/actions-runner/_work/thin-edge.io/thin-edge.io/tests/PySys/software_management_end_to_end/sm_docker_install_remove_multiple/run.py&quot;, line 29, in setup
    super().setup()
  File &quot;/home/pi/actions-runner/_work/thin-edge.io/thin-edge.io/tests/PySys/software_management_end_to_end/environment_sm_management.py&quot;, line 151, in setup
    self.wait_until_end()
  File &quot;/home/pi/actions-runner/_work/thin-edge.io/thin-edge.io/tests/PySys/software_management_end_to_end/environment_sm_management.py&quot;, line 332, in wait_until_end
    self.wait_until_status(&quot;FAILED&quot;, &quot;SUCCESSFUL&quot;)
  File &quot;/home/pi/actions-runner/_work/thin-edge.io/thin-edge.io/tests/PySys/software_management_end_to_end/environment_sm_management.py&quot;, line 381, in wait_until_status
    &quot;Timeout while waiting for status %s or %s&quot; % (status, status2)
SystemError: Timeout while waiting for status FAILED or SUCCESSFUL
20:07:47 WARN  SystemError: Timeout while waiting for status FAILED or SUCCESSFUL ... blocked 
20:07:47 INFO  
20:07:47 INFO  cleanup:
20:07:51 INFO  Executed sudo&lt;tedge_disconnect_c8y&gt;, exit status 0
20:07:52 INFO  Executed systemctl&lt;serv_mapper5&gt;, exit status 3
20:07:52 INFO  
20:07:52 INFO  Test duration: 164.57 secs
20:07:52 INFO  Test final outcome:  BLOCKED
20:07:52 INFO  Test outcome reason: SystemError: Timeout while waiting for status FAILED or SUCCESSFUL
20:07:52 INFO  
</system-out>
	</testcase>
</testsuite>
