<?xml version="1.0" encoding="utf-8"?>
<testsuite failures="1" name="docker_plugin_install_with_version" skipped="0" tests="1" time="6.73" timestamp="2022-06-22T19:38:36">
	<testcase classname="DockerPluginInstallWithVersionTest" name="docker_plugin_install_with_version">
		<failure message="BLOCKED: sudo&lt;plugin_install&gt; returned non-zero exit code 2 (+1 other failures)" type="BLOCKED"/>
		<system-out>19:38:29 INFO  ==============================================================
19:38:29 INFO  Id:    docker_plugin_install_with_version
19:38:29 INFO  Dir:   plugin_docker/
19:38:29 INFO  Title: Validate docker plugin install
19:38:29 INFO  ==============================================================
19:38:30 INFO  Executed sudo&lt;docker_images&gt;, exit status 0
19:38:30 INFO  Grep on file /home/pi/actions-runner/_work/thin-edge.io/thin-edge.io/tests/PySys/plugin_docker/docker_plugin_install_with_version/Output/linux/docker_images.out ... passed
19:38:32 WARN  Executed sudo&lt;plugin_install&gt;, exit status 2
19:38:33 WARN  sudo&lt;plugin_install&gt; returned non-zero exit code 2 ... blocked [environment_docker_plugin.py:136,environment_docker_plugin.py:144,run.py:24]
19:38:34 INFO  Executed sudo&lt;docker_ps_latest&gt;, exit status 0
19:38:34 INFO  Executed sudo&lt;docker_ps&gt;, exit status 0
19:38:34 WARN  Grep on /home/pi/actions-runner/_work/thin-edge.io/thin-edge.io/tests/PySys/plugin_docker/docker_plugin_install_with_version/Output/linux/docker_ps.out contains &quot;registry:2.7.1&quot; ... failed [environment_docker_plugin.py:49,run.py:28]
19:38:34 INFO  
19:38:34 INFO  cleanup:
19:38:34 INFO  Removing containers scheduled to be cleaned up: ['0105c1e0a54a', '']
19:38:35 WARN  Executed sudo&lt;containers_for_cleanup&gt;, exit status 1
19:38:35 INFO  Removing images scheduled to be cleaned up: ['registry', 'registry', 'registry:2.7.1']
19:38:36 INFO  Executed sudo&lt;containers_for_cleanup&gt;, exit status 0
19:38:36 INFO  
19:38:36 INFO  Test duration: 6.73 secs
19:38:36 INFO  Test final outcome:  BLOCKED
19:38:36 INFO  Test outcome reason: sudo&lt;plugin_install&gt; returned non-zero exit code 2 (+1 other failures)
19:38:36 INFO  
</system-out>
	</testcase>
</testsuite>
