<?xml version="1.0" encoding="utf-8"?>
<testsuite failures="0" name="SoftwareManagement.sm_docker_install_remove_multiple" skipped="0" tests="1" time="153.51" timestamp="2022-06-22T14:51:58">
	<testcase classname="SMDockerInstallRemove" name="SoftwareManagement.sm_docker_install_remove_multiple"/>
</testsuite>
