<?xml version="1.0" encoding="utf-8"?>
<testsuite failures="1" name="docker_plugin_install_with_version" skipped="0" tests="1" time="6.47" timestamp="2022-05-23T14:13:56">
	<testcase classname="DockerPluginInstallWithVersionTest" name="docker_plugin_install_with_version">
		<failure message="BLOCKED: sudo&lt;plugin_install&gt; returned non-zero exit code 2 (+1 other failures)" type="BLOCKED"/>
		<system-out>14:13:50 INFO  ==============================================================
14:13:50 INFO  Id:    docker_plugin_install_with_version
14:13:50 INFO  Dir:   plugin_docker/
14:13:50 INFO  Title: Validate docker plugin install
14:13:50 INFO  ==============================================================
14:13:50 INFO  Executed sudo&lt;docker_images&gt;, exit status 0
14:13:50 INFO  Grep on file /home/pi/actions-runner/_work/thin-edge.io/thin-edge.io/tests/PySys/plugin_docker/docker_plugin_install_with_version/Output/linux/docker_images.out ... passed
14:13:53 WARN  Executed sudo&lt;plugin_install&gt;, exit status 2
14:13:53 WARN  sudo&lt;plugin_install&gt; returned non-zero exit code 2 ... blocked [environment_docker_plugin.py:136,environment_docker_plugin.py:144,run.py:24]
14:13:54 INFO  Executed sudo&lt;docker_ps_latest&gt;, exit status 0
14:13:54 INFO  Executed sudo&lt;docker_ps&gt;, exit status 0
14:13:54 WARN  Grep on /home/pi/actions-runner/_work/thin-edge.io/thin-edge.io/tests/PySys/plugin_docker/docker_plugin_install_with_version/Output/linux/docker_ps.out contains &quot;registry:2.7.1&quot; ... failed [environment_docker_plugin.py:49,run.py:28]
14:13:54 INFO  
14:13:54 INFO  cleanup:
14:13:54 INFO  Removing containers scheduled to be cleaned up: ['', '']
14:13:55 WARN  Executed sudo&lt;containers_for_cleanup&gt;, exit status 1
14:13:55 INFO  Removing images scheduled to be cleaned up: ['registry', 'registry:2.7.1']
14:13:56 INFO  Executed sudo&lt;containers_for_cleanup&gt;, exit status 0
14:13:56 INFO  
14:13:56 INFO  Test duration: 6.47 secs
14:13:56 INFO  Test final outcome:  BLOCKED
14:13:56 INFO  Test outcome reason: sudo&lt;plugin_install&gt; returned non-zero exit code 2 (+1 other failures)
14:13:56 INFO  
</system-out>
	</testcase>
</testsuite>
