<?xml version="1.0" encoding="utf-8"?>
<testsuite failures="0" name="docker_plugin_update" skipped="0" tests="1" time="62.51" timestamp="2022-07-15T08:24:10">
	<testcase classname="DockerPluginUpdateTest" name="docker_plugin_update"/>
</testsuite>
