<?xml version="1.0" encoding="utf-8"?>
<testsuite failures="0" name="SoftwareManagement.sm_docker_install_remove_multiple" skipped="0" tests="1" time="151.49" timestamp="2022-06-29T17:54:16">
	<testcase classname="SMDockerInstallRemove" name="SoftwareManagement.sm_docker_install_remove_multiple"/>
</testsuite>
