<?xml version="1.0" encoding="utf-8"?>
<testsuite failures="0" name="docker_plugin_install" skipped="0" tests="1" time="33.16" timestamp="2022-07-20T11:38:30">
	<testcase classname="DockerPluginInstallTest" name="docker_plugin_install"/>
</testsuite>
