<?xml version="1.0" encoding="utf-8"?>
<testsuite failures="0" name="docker_plugin_install" skipped="0" tests="1" time="31.21" timestamp="2022-06-22T19:38:29">
	<testcase classname="DockerPluginInstallTest" name="docker_plugin_install"/>
</testsuite>
