<?xml version="1.0" encoding="utf-8"?>
<testsuite failures="0" name="docker_plugin_update" skipped="0" tests="1" time="62.81" timestamp="2022-07-20T13:48:04">
	<testcase classname="DockerPluginUpdateTest" name="docker_plugin_update"/>
</testsuite>
