<?xml version="1.0" encoding="utf-8"?>
<testsuite failures="0" name="docker_plugin_install" skipped="0" tests="1" time="33.88" timestamp="2022-06-22T10:36:43">
	<testcase classname="DockerPluginInstallTest" name="docker_plugin_install"/>
</testsuite>
