<?xml version="1.0" encoding="utf-8"?>
<testsuite failures="1" name="docker_plugin_finalize" skipped="0" tests="1" time="5.38" timestamp="2022-05-20T14:12:47">
	<testcase classname="DockerPluginFinalizeTest" name="docker_plugin_finalize">
		<failure message="BLOCKED: sudo&lt;docker_pull&gt; returned non-zero exit code 1" type="BLOCKED"/>
		<system-out>14:12:41 INFO  ==============================================================
14:12:41 INFO  Id:    docker_plugin_finalize
14:12:41 INFO  Dir:   plugin_docker/
14:12:41 INFO  Title: Validate docker plugin finalize command
14:12:41 INFO  ==============================================================
14:12:44 INFO  Executed sudo&lt;docker_images&gt;, exit status 0
14:12:44 INFO  Grep on file /home/pi/actions-runner/_work/thin-edge.io/thin-edge.io/tests/PySys/plugin_docker/docker_plugin_finalize/Output/linux/docker_images.out ... passed
14:12:46 WARN  Executed sudo&lt;docker_pull&gt;, exit status 1
14:12:46 INFO  Contents of docker_pull.err: 
  Error response from daemon: toomanyrequests: You have reached your pull rate limit. You may increase the limit by authenticating and upgrading: https://www.docker.com/increase-rate-limit
  -----

14:12:47 WARN  sudo&lt;docker_pull&gt; returned non-zero exit code 1 ... blocked 
14:12:47 WARN  Aborted test due to BLOCKED outcome
14:12:47 INFO  
14:12:47 INFO  cleanup:
14:12:47 INFO  
14:12:47 INFO  Test duration: 5.38 secs
14:12:47 INFO  Test final outcome:  BLOCKED
14:12:47 INFO  Test outcome reason: sudo&lt;docker_pull&gt; returned non-zero exit code 1
14:12:47 INFO  
</system-out>
	</testcase>
</testsuite>
