<?xml version="1.0" encoding="utf-8"?>
<testsuite failures="1" name="docker_plugin_update" skipped="0" tests="1" time="5.04" timestamp="2022-05-23T15:54:33">
	<testcase classname="DockerPluginUpdateTest" name="docker_plugin_update">
		<failure message="BLOCKED: sudo&lt;docker_run&gt; returned non-zero exit code 125" type="BLOCKED"/>
		<system-out>15:54:28 INFO  ==============================================================
15:54:28 INFO  Id:    docker_plugin_update
15:54:28 INFO  Dir:   plugin_docker/
15:54:28 INFO  Title: Validate docker plugin install updates existing containers
15:54:28 INFO  ==============================================================
15:54:29 INFO  Executed sudo&lt;docker_images&gt;, exit status 0
15:54:29 INFO  Grep on file /home/pi/actions-runner/_work/thin-edge.io/thin-edge.io/tests/PySys/plugin_docker/docker_plugin_update/Output/linux/docker_images.out ... passed
15:54:31 WARN  Executed sudo&lt;docker_run&gt;, exit status 125
15:54:31 INFO  Contents of docker_run.err: 
  Unable to find image 'registry:2.6.2' locally
  docker: Error response from daemon: toomanyrequests: You have reached your pull rate limit. You may increase the limit by authenticating and upgrading: https://www.docker.com/increase-rate-limit.
  See 'docker run --help'.
  -----

15:54:32 WARN  sudo&lt;docker_run&gt; returned non-zero exit code 125 ... blocked 
15:54:32 WARN  Aborted test due to BLOCKED outcome
15:54:32 INFO  
15:54:32 INFO  cleanup:
15:54:32 INFO  Removing containers scheduled to be cleaned up: ['ba57f6c14b7a', 'e14c8d7a1575', 'f6dab23f3e4808ac53bba77af97c4337444c2b4ba6ac03198fdb1a2ce2070ade\n', '0e37ebe44ea916d5e37954913907afbad600fa32ef1d2dcc2c9277510f5b4c29\n']
15:54:32 WARN  Executed sudo&lt;containers_for_cleanup&gt;, exit status 1
15:54:32 INFO  Removing images scheduled to be cleaned up: ['registry', 'registry', 'registry:2.7.1', 'registry', 'registry:2.7.1']
15:54:33 INFO  Executed sudo&lt;containers_for_cleanup&gt;, exit status 0
15:54:33 INFO  
15:54:33 INFO  Test duration: 5.04 secs
15:54:33 INFO  Test final outcome:  BLOCKED
15:54:33 INFO  Test outcome reason: sudo&lt;docker_run&gt; returned non-zero exit code 125
15:54:33 INFO  
</system-out>
	</testcase>
</testsuite>
