<?xml version="1.0" encoding="utf-8"?>
<testsuite failures="0" name="docker_plugin_update" skipped="0" tests="1" time="62.53" timestamp="2022-07-21T10:53:29">
	<testcase classname="DockerPluginUpdateTest" name="docker_plugin_update"/>
</testsuite>
