<?xml version="1.0" encoding="utf-8"?>
<testsuite failures="0" name="SoftwareManagement.sm_docker_install_remove_multiple" skipped="0" tests="1" time="147.55" timestamp="2022-05-20T10:32:56">
	<testcase classname="SMDockerInstallRemove" name="SoftwareManagement.sm_docker_install_remove_multiple"/>
</testsuite>
