<?xml version="1.0" encoding="utf-8"?>
<testsuite failures="0" name="docker_plugin_install" skipped="0" tests="1" time="33.26" timestamp="2022-07-25T15:54:49">
	<testcase classname="DockerPluginInstallTest" name="docker_plugin_install"/>
</testsuite>
