<?xml version="1.0" encoding="utf-8"?>
<testsuite failures="0" name="docker_plugin_update" skipped="0" tests="1" time="62.23" timestamp="2022-06-29T12:50:11">
	<testcase classname="DockerPluginUpdateTest" name="docker_plugin_update"/>
</testsuite>
