<?xml version="1.0" encoding="utf-8"?>
<testsuite failures="1" name="docker_plugin_remove_with_version" skipped="0" tests="1" time="4.65" timestamp="2022-05-23T12:03:56">
	<testcase classname="DockerPluginRemoveWithVersionTest" name="docker_plugin_remove_with_version">
		<failure message="BLOCKED: sudo&lt;docker_run&gt; returned non-zero exit code 125" type="BLOCKED"/>
		<system-out>12:03:51 INFO  ==============================================================
12:03:51 INFO  Id:    docker_plugin_remove_with_version
12:03:51 INFO  Dir:   plugin_docker/
12:03:51 INFO  Title: Validate docker plugin remove with version
12:03:51 INFO  ==============================================================
12:03:52 INFO  Executed sudo&lt;docker_images&gt;, exit status 0
12:03:52 INFO  Grep on file /home/pi/actions-runner/_work/thin-edge.io/thin-edge.io/tests/PySys/plugin_docker/docker_plugin_remove_with_version/Output/linux/docker_images.out ... passed
12:03:54 WARN  Executed sudo&lt;docker_run&gt;, exit status 125
12:03:54 INFO  Contents of docker_run.err: 
  Unable to find image 'registry:2.7.1' locally
  docker: Error response from daemon: toomanyrequests: You have reached your pull rate limit. You may increase the limit by authenticating and upgrading: https://www.docker.com/increase-rate-limit.
  See 'docker run --help'.
  -----

12:03:54 WARN  sudo&lt;docker_run&gt; returned non-zero exit code 125 ... blocked 
12:03:54 WARN  Aborted test due to BLOCKED outcome
12:03:54 INFO  
12:03:54 INFO  cleanup:
12:03:54 INFO  Removing containers scheduled to be cleaned up: ['', '']
12:03:55 WARN  Executed sudo&lt;containers_for_cleanup&gt;, exit status 1
12:03:55 INFO  Removing images scheduled to be cleaned up: ['registry', 'registry:2.7.1']
12:03:56 INFO  Executed sudo&lt;containers_for_cleanup&gt;, exit status 0
12:03:56 INFO  
12:03:56 INFO  Test duration: 4.65 secs
12:03:56 INFO  Test final outcome:  BLOCKED
12:03:56 INFO  Test outcome reason: sudo&lt;docker_run&gt; returned non-zero exit code 125
12:03:56 INFO  
</system-out>
	</testcase>
</testsuite>
