<?xml version="1.0" encoding="utf-8"?>
<testsuite failures="1" name="docker_plugin_remove_with_version" skipped="0" tests="1" time="4.57" timestamp="2022-05-23T14:14:05">
	<testcase classname="DockerPluginRemoveWithVersionTest" name="docker_plugin_remove_with_version">
		<failure message="BLOCKED: sudo&lt;docker_run&gt; returned non-zero exit code 125" type="BLOCKED"/>
		<system-out>14:14:01 INFO  ==============================================================
14:14:01 INFO  Id:    docker_plugin_remove_with_version
14:14:01 INFO  Dir:   plugin_docker/
14:14:01 INFO  Title: Validate docker plugin remove with version
14:14:01 INFO  ==============================================================
14:14:01 INFO  Executed sudo&lt;docker_images&gt;, exit status 0
14:14:01 INFO  Grep on file /home/pi/actions-runner/_work/thin-edge.io/thin-edge.io/tests/PySys/plugin_docker/docker_plugin_remove_with_version/Output/linux/docker_images.out ... passed
14:14:04 WARN  Executed sudo&lt;docker_run&gt;, exit status 125
14:14:04 INFO  Contents of docker_run.err: 
  Unable to find image 'registry:2.7.1' locally
  docker: Error response from daemon: toomanyrequests: You have reached your pull rate limit. You may increase the limit by authenticating and upgrading: https://www.docker.com/increase-rate-limit.
  See 'docker run --help'.
  -----

14:14:04 WARN  sudo&lt;docker_run&gt; returned non-zero exit code 125 ... blocked 
14:14:04 WARN  Aborted test due to BLOCKED outcome
14:14:04 INFO  
14:14:04 INFO  cleanup:
14:14:04 INFO  Removing containers scheduled to be cleaned up: ['', '']
14:14:04 WARN  Executed sudo&lt;containers_for_cleanup&gt;, exit status 1
14:14:04 INFO  Removing images scheduled to be cleaned up: ['registry', 'registry:2.7.1']
14:14:05 INFO  Executed sudo&lt;containers_for_cleanup&gt;, exit status 0
14:14:05 INFO  
14:14:05 INFO  Test duration: 4.57 secs
14:14:05 INFO  Test final outcome:  BLOCKED
14:14:05 INFO  Test outcome reason: sudo&lt;docker_run&gt; returned non-zero exit code 125
14:14:05 INFO  
</system-out>
	</testcase>
</testsuite>
