<?xml version="1.0" encoding="utf-8"?>
<testsuite failures="0" name="docker_plugin_install" skipped="0" tests="1" time="34.91" timestamp="2022-07-27T10:09:17">
	<testcase classname="DockerPluginInstallTest" name="docker_plugin_install"/>
</testsuite>
