<?xml version="1.0" encoding="utf-8"?>
<testsuite failures="1" name="docker_plugin_update" skipped="0" tests="1" time="4.56" timestamp="2022-05-20T12:08:04">
	<testcase classname="DockerPluginUpdateTest" name="docker_plugin_update">
		<failure message="BLOCKED: sudo&lt;docker_run&gt; returned non-zero exit code 125" type="BLOCKED"/>
		<system-out>12:07:59 INFO  ==============================================================
12:07:59 INFO  Id:    docker_plugin_update
12:07:59 INFO  Dir:   plugin_docker/
12:07:59 INFO  Title: Validate docker plugin install updates existing containers
12:07:59 INFO  ==============================================================
12:08:00 INFO  Executed sudo&lt;docker_images&gt;, exit status 0
12:08:00 INFO  Grep on file /home/pi/actions-runner/_work/thin-edge.io/thin-edge.io/tests/PySys/plugin_docker/docker_plugin_update/Output/linux/docker_images.out ... passed
12:08:02 WARN  Executed sudo&lt;docker_run&gt;, exit status 125
12:08:02 INFO  Contents of docker_run.err: 
  Unable to find image 'registry:2.6.2' locally
  docker: Error response from daemon: toomanyrequests: You have reached your pull rate limit. You may increase the limit by authenticating and upgrading: https://www.docker.com/increase-rate-limit.
  See 'docker run --help'.
  -----

12:08:02 WARN  sudo&lt;docker_run&gt; returned non-zero exit code 125 ... blocked 
12:08:02 WARN  Aborted test due to BLOCKED outcome
12:08:02 INFO  
12:08:02 INFO  cleanup:
12:08:02 INFO  Removing containers scheduled to be cleaned up: ['6f6b8e6b2413', '3810cc1b1cb5']
12:08:03 WARN  Executed sudo&lt;containers_for_cleanup&gt;, exit status 1
12:08:03 INFO  Removing images scheduled to be cleaned up: ['registry', 'registry', 'registry:2.7.1']
12:08:03 INFO  Executed sudo&lt;containers_for_cleanup&gt;, exit status 0
12:08:04 INFO  
12:08:04 INFO  Test duration: 4.56 secs
12:08:04 INFO  Test final outcome:  BLOCKED
12:08:04 INFO  Test outcome reason: sudo&lt;docker_run&gt; returned non-zero exit code 125
12:08:04 INFO  
</system-out>
	</testcase>
</testsuite>
