<?xml version="1.0" encoding="utf-8"?>
<testsuite failures="1" name="docker_plugin_remove" skipped="0" tests="1" time="4.56" timestamp="2022-05-23T12:03:51">
	<testcase classname="DockerPluginRemoveTest" name="docker_plugin_remove">
		<failure message="BLOCKED: sudo&lt;docker_run&gt; returned non-zero exit code 125" type="BLOCKED"/>
		<system-out>12:03:47 INFO  ==============================================================
12:03:47 INFO  Id:    docker_plugin_remove
12:03:47 INFO  Dir:   plugin_docker/
12:03:47 INFO  Title: Validate docker plugin remove
12:03:47 INFO  ==============================================================
12:03:48 INFO  Executed sudo&lt;docker_images&gt;, exit status 0
12:03:48 INFO  Grep on file /home/pi/actions-runner/_work/thin-edge.io/thin-edge.io/tests/PySys/plugin_docker/docker_plugin_remove/Output/linux/docker_images.out ... passed
12:03:50 WARN  Executed sudo&lt;docker_run&gt;, exit status 125
12:03:50 INFO  Contents of docker_run.err: 
  Unable to find image 'registry:latest' locally
  docker: Error response from daemon: toomanyrequests: You have reached your pull rate limit. You may increase the limit by authenticating and upgrading: https://www.docker.com/increase-rate-limit.
  See 'docker run --help'.
  -----

12:03:50 WARN  sudo&lt;docker_run&gt; returned non-zero exit code 125 ... blocked 
12:03:50 WARN  Aborted test due to BLOCKED outcome
12:03:50 INFO  
12:03:50 INFO  cleanup:
12:03:50 INFO  Removing containers scheduled to be cleaned up: ['', '']
12:03:51 WARN  Executed sudo&lt;containers_for_cleanup&gt;, exit status 1
12:03:51 INFO  Removing images scheduled to be cleaned up: ['registry', 'registry:2.7.1']
12:03:51 INFO  Executed sudo&lt;containers_for_cleanup&gt;, exit status 0
12:03:51 INFO  
12:03:51 INFO  Test duration: 4.56 secs
12:03:51 INFO  Test final outcome:  BLOCKED
12:03:51 INFO  Test outcome reason: sudo&lt;docker_run&gt; returned non-zero exit code 125
12:03:51 INFO  
</system-out>
	</testcase>
</testsuite>
