<?xml version="1.0" encoding="utf-8"?>
<testsuite failures="1" name="SoftwareManagement.Plugin.apama_plugin_update" skipped="0" tests="1" time="21.88" timestamp="2022-05-23T09:22:11">
	<testcase classname="ApamaPluginUpdateTest" name="SoftwareManagement.Plugin.apama_plugin_update">
		<failure message="BLOCKED: sudo&lt;plugin_install&gt; returned non-zero exit code 2" type="BLOCKED"/>
		<system-out>09:21:49 INFO  ==============================================================
09:21:49 INFO  Id:    SoftwareManagement.Plugin.apama_plugin_update
09:21:49 INFO  Dir:   plugin_apama/
09:21:49 INFO  Title: Validate apama plugin updating one project with another
09:21:49 INFO  ==============================================================
09:21:49 INFO  Assertion that path exists=False for &quot;/etc/tedge/apama/project&quot; ... passed
09:21:50 INFO  Executed sudo&lt;create_project_dir&gt;, exit status 0
09:21:51 INFO  Executed sudo&lt;unzip_apama_project&gt;, exit status 0
09:21:51 INFO  Executed sudo&lt;move_apama_project&gt;, exit status 0
09:21:52 INFO  Executed sudo&lt;restart_apama_service&gt;, exit status 0
09:21:53 INFO  Executed sudo&lt;apama_correlator_wait&gt;, exit status 0
09:21:53 INFO  Assertion that path exists=True for &quot;/etc/tedge/apama/project&quot; ... passed
09:21:53 INFO  Executed sudo&lt;apama_list_monitors&gt;, exit status 0
09:21:53 INFO  Grep on file /home/pi/actions-runner/_work/thin-edge.io/thin-edge.io/tests/PySys/plugin_apama/apama_plugin_update/Output/linux/apama_list_monitors.out ... passed
09:21:54 WARN  Executed sudo&lt;plugin_install&gt;, exit status 2
09:21:54 INFO  Contents of plugin_install.err: 
  ERROR: Directory not empty (os error 39)
  -----

09:21:54 WARN  sudo&lt;plugin_install&gt; returned non-zero exit code 2 ... blocked [run.py:35]
09:21:54 WARN  Aborted test due to BLOCKED outcome
09:21:54 INFO  
09:21:54 INFO  cleanup:
09:21:54 INFO  Removing apama project
09:22:10 INFO  Executed sudo&lt;stop_apama_service&gt;, exit status 0, duration 15 secs
09:22:11 INFO  Executed sudo&lt;remove_apama_project&gt;, exit status 0
09:22:11 INFO  Executed sudo&lt;remove_apama_tmp_dir&gt;, exit status 0
09:22:11 INFO  
09:22:11 INFO  Test duration: 21.88 secs
09:22:11 INFO  Test final outcome:  BLOCKED
09:22:11 INFO  Test outcome reason: sudo&lt;plugin_install&gt; returned non-zero exit code 2
09:22:11 INFO  
</system-out>
	</testcase>
</testsuite>
