<?xml version="1.0" encoding="utf-8"?>
<testsuite failures="1" name="docker_plugin_finalize" skipped="0" tests="1" time="4.31" timestamp="2022-06-22T19:37:50">
	<testcase classname="DockerPluginFinalizeTest" name="docker_plugin_finalize">
		<failure message="BLOCKED: sudo&lt;docker_pull&gt; returned non-zero exit code 1" type="BLOCKED"/>
		<system-out>19:37:46 INFO  ==============================================================
19:37:46 INFO  Id:    docker_plugin_finalize
19:37:46 INFO  Dir:   plugin_docker/
19:37:46 INFO  Title: Validate docker plugin finalize command
19:37:46 INFO  ==============================================================
19:37:48 INFO  Executed sudo&lt;docker_images&gt;, exit status 0
19:37:48 INFO  Grep on file /home/pi/actions-runner/_work/thin-edge.io/thin-edge.io/tests/PySys/plugin_docker/docker_plugin_finalize/Output/linux/docker_images.out ... passed
19:37:50 WARN  Executed sudo&lt;docker_pull&gt;, exit status 1
19:37:50 INFO  Contents of docker_pull.err: 
  Error response from daemon: toomanyrequests: You have reached your pull rate limit. You may increase the limit by authenticating and upgrading: https://www.docker.com/increase-rate-limit
  -----

19:37:50 WARN  sudo&lt;docker_pull&gt; returned non-zero exit code 1 ... blocked 
19:37:50 WARN  Aborted test due to BLOCKED outcome
19:37:50 INFO  
19:37:50 INFO  cleanup:
19:37:50 INFO  
19:37:50 INFO  Test duration: 4.31 secs
19:37:50 INFO  Test final outcome:  BLOCKED
19:37:50 INFO  Test outcome reason: sudo&lt;docker_pull&gt; returned non-zero exit code 1
19:37:50 INFO  
</system-out>
	</testcase>
</testsuite>
