<?xml version="1.0" encoding="utf-8"?>
<testsuite failures="1" name="docker_plugin_remove_with_version" skipped="0" tests="1" time="4.93" timestamp="2022-05-23T15:54:39">
	<testcase classname="DockerPluginRemoveWithVersionTest" name="docker_plugin_remove_with_version">
		<failure message="BLOCKED: sudo&lt;docker_run&gt; returned non-zero exit code 125" type="BLOCKED"/>
		<system-out>15:54:34 INFO  ==============================================================
15:54:34 INFO  Id:    docker_plugin_remove_with_version
15:54:34 INFO  Dir:   plugin_docker/
15:54:34 INFO  Title: Validate docker plugin remove with version
15:54:34 INFO  ==============================================================
15:54:35 INFO  Executed sudo&lt;docker_images&gt;, exit status 0
15:54:35 INFO  Grep on file /home/pi/actions-runner/_work/thin-edge.io/thin-edge.io/tests/PySys/plugin_docker/docker_plugin_remove_with_version/Output/linux/docker_images.out ... passed
15:54:37 WARN  Executed sudo&lt;docker_run&gt;, exit status 125
15:54:37 INFO  Contents of docker_run.err: 
  Unable to find image 'registry:2.7.1' locally
  docker: Error response from daemon: toomanyrequests: You have reached your pull rate limit. You may increase the limit by authenticating and upgrading: https://www.docker.com/increase-rate-limit.
  See 'docker run --help'.
  -----

15:54:38 WARN  sudo&lt;docker_run&gt; returned non-zero exit code 125 ... blocked 
15:54:38 WARN  Aborted test due to BLOCKED outcome
15:54:38 INFO  
15:54:38 INFO  cleanup:
15:54:38 INFO  Removing containers scheduled to be cleaned up: ['c729c04020b3', '0a473be37be7', '361ccd73028df00b05c8ae7e51da9ea9d7275cc4eeb79c7085e037fd02992870\n']
15:54:38 WARN  Executed sudo&lt;containers_for_cleanup&gt;, exit status 1
15:54:38 INFO  Removing images scheduled to be cleaned up: ['registry', 'registry', 'registry:2.7.1', 'registry']
15:54:39 INFO  Executed sudo&lt;containers_for_cleanup&gt;, exit status 0
15:54:39 INFO  
15:54:39 INFO  Test duration: 4.93 secs
15:54:39 INFO  Test final outcome:  BLOCKED
15:54:39 INFO  Test outcome reason: sudo&lt;docker_run&gt; returned non-zero exit code 125
15:54:39 INFO  
</system-out>
	</testcase>
</testsuite>
