<?xml version="1.0" encoding="utf-8"?>
<testsuite failures="1" name="docker_plugin_install" skipped="0" tests="1" time="6.47" timestamp="2022-05-23T14:14:18">
	<testcase classname="DockerPluginInstallTest" name="docker_plugin_install">
		<failure message="BLOCKED: sudo&lt;plugin_install&gt; returned non-zero exit code 2 (+1 other failures)" type="BLOCKED"/>
		<system-out>14:14:11 INFO  ==============================================================
14:14:11 INFO  Id:    docker_plugin_install
14:14:11 INFO  Dir:   plugin_docker/
14:14:11 INFO  Title: Validate docker plugin install
14:14:11 INFO  ==============================================================
14:14:12 INFO  Executed sudo&lt;docker_images&gt;, exit status 0
14:14:12 INFO  Grep on file /home/pi/actions-runner/_work/thin-edge.io/thin-edge.io/tests/PySys/plugin_docker/docker_plugin_install/Output/linux/docker_images.out ... passed
14:14:15 WARN  Executed sudo&lt;plugin_install&gt;, exit status 2
14:14:15 WARN  sudo&lt;plugin_install&gt; returned non-zero exit code 2 ... blocked [environment_docker_plugin.py:136,environment_docker_plugin.py:144,run.py:23]
14:14:15 INFO  Executed sudo&lt;docker_ps_latest&gt;, exit status 0
14:14:16 INFO  Executed sudo&lt;docker_ps&gt;, exit status 0
14:14:16 WARN  Grep on /home/pi/actions-runner/_work/thin-edge.io/thin-edge.io/tests/PySys/plugin_docker/docker_plugin_install/Output/linux/docker_ps.out contains &quot;registry&quot; ... failed [environment_docker_plugin.py:49,run.py:26]
14:14:16 INFO  
14:14:16 INFO  cleanup:
14:14:16 INFO  Removing containers scheduled to be cleaned up: ['']
14:14:17 WARN  Executed sudo&lt;containers_for_cleanup&gt;, exit status 1
14:14:17 INFO  Removing images scheduled to be cleaned up: ['registry']
14:14:18 INFO  Executed sudo&lt;containers_for_cleanup&gt;, exit status 0
14:14:18 INFO  
14:14:18 INFO  Test duration: 6.47 secs
14:14:18 INFO  Test final outcome:  BLOCKED
14:14:18 INFO  Test outcome reason: sudo&lt;plugin_install&gt; returned non-zero exit code 2 (+1 other failures)
14:14:18 INFO  
</system-out>
	</testcase>
</testsuite>
