<?xml version="1.0" encoding="utf-8"?>
<testsuite failures="1" name="SoftwareManagement.sm_docker_install_remove_multiple" skipped="0" tests="1" time="164.54" timestamp="2022-05-24T11:44:09">
	<testcase classname="SMDockerInstallRemove" name="SoftwareManagement.sm_docker_install_remove_multiple">
		<failure message="BLOCKED: SystemError: Timeout while waiting for status FAILED or SUCCESSFUL" type="BLOCKED"/>
		<system-out>11:41:24 INFO  ==============================================================
11:41:24 INFO  Id:    SoftwareManagement.sm_docker_install_remove_multiple
11:41:24 INFO  Dir:   software_management_end_to_end/
11:41:24 INFO  Title: Validate end to end behaviour for the docker plugin for multiple docker images with mixed versions
11:41:24 INFO  ==============================================================
11:41:26 INFO  Using sw id database: {'asciijump': '5475369', 'robotfindskitten': '5474869', 'squirrel3': '5475279', 'rolldice': '5152439', 'moon-buggy': '5439204', 'apple': '5495053', 'banana': '5494888', 'cherry': '5495382', 'watermelon': '5494510', 'registry': '8018911', 'hello-world': '8021526', 'docker/getting-started': '8021973', 'alpine': '7991792'}
11:41:26 INFO  EnvironmentC8y Setup
11:41:27 INFO  Executed systemctl&lt;serv_mapper1&gt;, exit status 3
11:41:43 INFO  Executed sudo&lt;tedge_connect_c8y&gt;, exit status 0, duration 15 secs
11:41:44 INFO  Executed sudo&lt;tedge_connect_c8y_test&gt;, exit status 0
11:41:44 INFO  Executed systemctl&lt;serv_mosq2&gt;, exit status 0
11:41:45 INFO  Executed systemctl&lt;serv_mapper3&gt;, exit status 0
11:41:47 INFO  State of current operation: PENDING
11:41:49 INFO  State of current operation: PENDING
11:41:51 INFO  State of current operation: PENDING
11:41:54 INFO  State of current operation: PENDING
11:41:56 INFO  State of current operation: PENDING
11:41:58 INFO  State of current operation: PENDING
11:42:00 INFO  State of current operation: PENDING
11:42:03 INFO  State of current operation: PENDING
11:42:05 INFO  State of current operation: PENDING
11:42:07 INFO  State of current operation: PENDING
11:42:09 INFO  State of current operation: PENDING
11:42:11 INFO  State of current operation: PENDING
11:42:14 INFO  State of current operation: PENDING
11:42:16 INFO  State of current operation: PENDING
11:42:18 INFO  State of current operation: PENDING
11:42:20 INFO  State of current operation: PENDING
11:42:23 INFO  State of current operation: PENDING
11:42:25 INFO  State of current operation: PENDING
11:42:27 INFO  State of current operation: PENDING
11:42:29 INFO  State of current operation: PENDING
11:42:32 INFO  State of current operation: PENDING
11:42:34 INFO  State of current operation: PENDING
11:42:36 INFO  State of current operation: PENDING
11:42:38 INFO  State of current operation: PENDING
11:42:41 INFO  State of current operation: PENDING
11:42:43 INFO  State of current operation: PENDING
11:42:45 INFO  State of current operation: PENDING
11:42:47 INFO  State of current operation: PENDING
11:42:50 INFO  State of current operation: PENDING
11:42:52 INFO  State of current operation: PENDING
11:42:54 INFO  State of current operation: PENDING
11:42:56 INFO  State of current operation: PENDING
11:42:59 INFO  State of current operation: PENDING
11:43:01 INFO  State of current operation: PENDING
11:43:03 INFO  State of current operation: PENDING
11:43:05 INFO  State of current operation: PENDING
11:43:08 INFO  State of current operation: PENDING
11:43:10 INFO  State of current operation: PENDING
11:43:12 INFO  State of current operation: PENDING
11:43:14 INFO  State of current operation: PENDING
11:43:16 INFO  State of current operation: PENDING
11:43:19 INFO  State of current operation: PENDING
11:43:21 INFO  State of current operation: PENDING
11:43:23 INFO  State of current operation: PENDING
11:43:25 INFO  State of current operation: PENDING
11:43:28 INFO  State of current operation: PENDING
11:43:30 INFO  State of current operation: PENDING
11:43:32 INFO  State of current operation: PENDING
11:43:34 INFO  State of current operation: PENDING
11:43:37 INFO  State of current operation: PENDING
11:43:39 INFO  State of current operation: PENDING
11:43:41 INFO  State of current operation: PENDING
11:43:43 INFO  State of current operation: PENDING
11:43:46 INFO  State of current operation: PENDING
11:43:48 INFO  State of current operation: PENDING
11:43:50 INFO  State of current operation: PENDING
11:43:52 INFO  State of current operation: PENDING
11:43:55 INFO  State of current operation: PENDING
11:43:57 INFO  State of current operation: PENDING
11:43:59 INFO  State of current operation: PENDING
11:44:01 INFO  State of current operation: PENDING
11:44:03 WARN  SystemError occurred while running test - Timeout while waiting for status FAILED or SUCCESSFUL
Traceback (most recent call last):
  File &quot;/home/pi/env-pysys/lib/python3.7/site-packages/pysys/baserunner.py&quot;, line 1292, in __call__
    self.testObj.setup()
  File &quot;/home/pi/actions-runner/_work/thin-edge.io/thin-edge.io/tests/PySys/software_management_end_to_end/sm_docker_install_remove_multiple/run.py&quot;, line 29, in setup
    super().setup()
  File &quot;/home/pi/actions-runner/_work/thin-edge.io/thin-edge.io/tests/PySys/software_management_end_to_end/environment_sm_management.py&quot;, line 151, in setup
    self.wait_until_end()
  File &quot;/home/pi/actions-runner/_work/thin-edge.io/thin-edge.io/tests/PySys/software_management_end_to_end/environment_sm_management.py&quot;, line 332, in wait_until_end
    self.wait_until_status(&quot;FAILED&quot;, &quot;SUCCESSFUL&quot;)
  File &quot;/home/pi/actions-runner/_work/thin-edge.io/thin-edge.io/tests/PySys/software_management_end_to_end/environment_sm_management.py&quot;, line 381, in wait_until_status
    &quot;Timeout while waiting for status %s or %s&quot; % (status, status2)
SystemError: Timeout while waiting for status FAILED or SUCCESSFUL
11:44:04 WARN  SystemError: Timeout while waiting for status FAILED or SUCCESSFUL ... blocked 
11:44:04 INFO  
11:44:04 INFO  cleanup:
11:44:08 INFO  Executed sudo&lt;tedge_disconnect_c8y&gt;, exit status 0
11:44:09 INFO  Executed systemctl&lt;serv_mapper5&gt;, exit status 3
11:44:09 INFO  
11:44:09 INFO  Test duration: 164.54 secs
11:44:09 INFO  Test final outcome:  BLOCKED
11:44:09 INFO  Test outcome reason: SystemError: Timeout while waiting for status FAILED or SUCCESSFUL
11:44:09 INFO  
</system-out>
	</testcase>
</testsuite>
