<?xml version="1.0" encoding="utf-8"?>
<testsuite failures="0" name="docker_plugin_update" skipped="0" tests="1" time="62.61" timestamp="2022-07-21T15:35:06">
	<testcase classname="DockerPluginUpdateTest" name="docker_plugin_update"/>
</testsuite>
