<?xml version="1.0" encoding="utf-8"?>
<testsuite failures="1" name="SoftwareManagement.sm_docker_install_remove_multiple" skipped="0" tests="1" time="164.87" timestamp="2022-05-25T13:43:54">
	<testcase classname="SMDockerInstallRemove" name="SoftwareManagement.sm_docker_install_remove_multiple">
		<failure message="BLOCKED: SystemError: Timeout while waiting for status FAILED or SUCCESSFUL" type="BLOCKED"/>
		<system-out>13:41:09 INFO  ==============================================================
13:41:09 INFO  Id:    SoftwareManagement.sm_docker_install_remove_multiple
13:41:09 INFO  Dir:   software_management_end_to_end/
13:41:09 INFO  Title: Validate end to end behaviour for the docker plugin for multiple docker images with mixed versions
13:41:09 INFO  ==============================================================
13:41:11 INFO  Using sw id database: {'asciijump': '5475369', 'robotfindskitten': '5474869', 'squirrel3': '5475279', 'rolldice': '5152439', 'moon-buggy': '5439204', 'apple': '5495053', 'banana': '5494888', 'cherry': '5495382', 'watermelon': '5494510', 'registry': '8018911', 'hello-world': '8021526', 'docker/getting-started': '8021973', 'alpine': '7991792'}
13:41:11 INFO  EnvironmentC8y Setup
13:41:11 INFO  Executed systemctl&lt;serv_mapper1&gt;, exit status 3
13:41:28 INFO  Executed sudo&lt;tedge_connect_c8y&gt;, exit status 0, duration 15 secs
13:41:28 INFO  Executed sudo&lt;tedge_connect_c8y_test&gt;, exit status 0
13:41:29 INFO  Executed systemctl&lt;serv_mosq2&gt;, exit status 0
13:41:29 INFO  Executed systemctl&lt;serv_mapper3&gt;, exit status 0
13:41:32 INFO  State of current operation: PENDING
13:41:34 INFO  State of current operation: PENDING
13:41:36 INFO  State of current operation: PENDING
13:41:39 INFO  State of current operation: PENDING
13:41:41 INFO  State of current operation: PENDING
13:41:43 INFO  State of current operation: PENDING
13:41:45 INFO  State of current operation: PENDING
13:41:48 INFO  State of current operation: PENDING
13:41:50 INFO  State of current operation: PENDING
13:41:52 INFO  State of current operation: PENDING
13:41:54 INFO  State of current operation: PENDING
13:41:57 INFO  State of current operation: PENDING
13:41:59 INFO  State of current operation: PENDING
13:42:01 INFO  State of current operation: PENDING
13:42:04 INFO  State of current operation: PENDING
13:42:06 INFO  State of current operation: PENDING
13:42:08 INFO  State of current operation: PENDING
13:42:10 INFO  State of current operation: PENDING
13:42:13 INFO  State of current operation: PENDING
13:42:15 INFO  State of current operation: PENDING
13:42:17 INFO  State of current operation: PENDING
13:42:19 INFO  State of current operation: PENDING
13:42:21 INFO  State of current operation: PENDING
13:42:24 INFO  State of current operation: PENDING
13:42:26 INFO  State of current operation: PENDING
13:42:28 INFO  State of current operation: PENDING
13:42:30 INFO  State of current operation: PENDING
13:42:33 INFO  State of current operation: PENDING
13:42:35 INFO  State of current operation: PENDING
13:42:37 INFO  State of current operation: PENDING
13:42:39 INFO  State of current operation: PENDING
13:42:42 INFO  State of current operation: PENDING
13:42:44 INFO  State of current operation: PENDING
13:42:46 INFO  State of current operation: PENDING
13:42:48 INFO  State of current operation: PENDING
13:42:50 INFO  State of current operation: PENDING
13:42:53 INFO  State of current operation: PENDING
13:42:55 INFO  State of current operation: PENDING
13:42:57 INFO  State of current operation: PENDING
13:42:59 INFO  State of current operation: PENDING
13:43:02 INFO  State of current operation: PENDING
13:43:04 INFO  State of current operation: PENDING
13:43:06 INFO  State of current operation: PENDING
13:43:08 INFO  State of current operation: PENDING
13:43:11 INFO  State of current operation: PENDING
13:43:13 INFO  State of current operation: PENDING
13:43:15 INFO  State of current operation: PENDING
13:43:17 INFO  State of current operation: PENDING
13:43:20 INFO  State of current operation: PENDING
13:43:22 INFO  State of current operation: PENDING
13:43:24 INFO  State of current operation: PENDING
13:43:26 INFO  State of current operation: PENDING
13:43:28 INFO  State of current operation: PENDING
13:43:31 INFO  State of current operation: PENDING
13:43:33 INFO  State of current operation: PENDING
13:43:35 INFO  State of current operation: PENDING
13:43:37 INFO  State of current operation: PENDING
13:43:40 INFO  State of current operation: PENDING
13:43:42 INFO  State of current operation: PENDING
13:43:44 INFO  State of current operation: PENDING
13:43:46 INFO  State of current operation: PENDING
13:43:48 WARN  SystemError occurred while running test - Timeout while waiting for status FAILED or SUCCESSFUL
Traceback (most recent call last):
  File &quot;/home/pi/env-pysys/lib/python3.7/site-packages/pysys/baserunner.py&quot;, line 1292, in __call__
    self.testObj.setup()
  File &quot;/home/pi/actions-runner/_work/thin-edge.io/thin-edge.io/tests/PySys/software_management_end_to_end/sm_docker_install_remove_multiple/run.py&quot;, line 29, in setup
    super().setup()
  File &quot;/home/pi/actions-runner/_work/thin-edge.io/thin-edge.io/tests/PySys/software_management_end_to_end/environment_sm_management.py&quot;, line 151, in setup
    self.wait_until_end()
  File &quot;/home/pi/actions-runner/_work/thin-edge.io/thin-edge.io/tests/PySys/software_management_end_to_end/environment_sm_management.py&quot;, line 332, in wait_until_end
    self.wait_until_status(&quot;FAILED&quot;, &quot;SUCCESSFUL&quot;)
  File &quot;/home/pi/actions-runner/_work/thin-edge.io/thin-edge.io/tests/PySys/software_management_end_to_end/environment_sm_management.py&quot;, line 381, in wait_until_status
    &quot;Timeout while waiting for status %s or %s&quot; % (status, status2)
SystemError: Timeout while waiting for status FAILED or SUCCESSFUL
13:43:49 WARN  SystemError: Timeout while waiting for status FAILED or SUCCESSFUL ... blocked 
13:43:49 INFO  
13:43:49 INFO  cleanup:
13:43:53 INFO  Executed sudo&lt;tedge_disconnect_c8y&gt;, exit status 0
13:43:54 INFO  Executed systemctl&lt;serv_mapper5&gt;, exit status 3
13:43:54 INFO  
13:43:54 INFO  Test duration: 164.87 secs
13:43:54 INFO  Test final outcome:  BLOCKED
13:43:54 INFO  Test outcome reason: SystemError: Timeout while waiting for status FAILED or SUCCESSFUL
13:43:54 INFO  
</system-out>
	</testcase>
</testsuite>
