<?xml version="1.0" encoding="utf-8"?>
<testsuite failures="1" name="docker_plugin_remove" skipped="0" tests="1" time="4.65" timestamp="2022-05-23T14:14:29">
	<testcase classname="DockerPluginRemoveTest" name="docker_plugin_remove">
		<failure message="BLOCKED: sudo&lt;docker_run&gt; returned non-zero exit code 125" type="BLOCKED"/>
		<system-out>14:14:25 INFO  ==============================================================
14:14:25 INFO  Id:    docker_plugin_remove
14:14:25 INFO  Dir:   plugin_docker/
14:14:25 INFO  Title: Validate docker plugin remove
14:14:25 INFO  ==============================================================
14:14:25 INFO  Executed sudo&lt;docker_images&gt;, exit status 0
14:14:25 INFO  Grep on file /home/pi/actions-runner/_work/thin-edge.io/thin-edge.io/tests/PySys/plugin_docker/docker_plugin_remove/Output/linux/docker_images.out ... passed
14:14:27 WARN  Executed sudo&lt;docker_run&gt;, exit status 125
14:14:27 INFO  Contents of docker_run.err: 
  Unable to find image 'registry:latest' locally
  docker: Error response from daemon: toomanyrequests: You have reached your pull rate limit. You may increase the limit by authenticating and upgrading: https://www.docker.com/increase-rate-limit.
  See 'docker run --help'.
  -----

14:14:28 WARN  sudo&lt;docker_run&gt; returned non-zero exit code 125 ... blocked 
14:14:28 WARN  Aborted test due to BLOCKED outcome
14:14:28 INFO  
14:14:28 INFO  cleanup:
14:14:28 INFO  Removing containers scheduled to be cleaned up: ['', '']
14:14:28 WARN  Executed sudo&lt;containers_for_cleanup&gt;, exit status 1
14:14:28 INFO  Removing images scheduled to be cleaned up: ['registry', 'registry:2.7.1']
14:14:29 INFO  Executed sudo&lt;containers_for_cleanup&gt;, exit status 0
14:14:29 INFO  
14:14:29 INFO  Test duration: 4.65 secs
14:14:29 INFO  Test final outcome:  BLOCKED
14:14:29 INFO  Test outcome reason: sudo&lt;docker_run&gt; returned non-zero exit code 125
14:14:29 INFO  
</system-out>
	</testcase>
</testsuite>
