<?xml version="1.0" encoding="utf-8"?>
<testsuite failures="0" name="docker_plugin_update" skipped="0" tests="1" time="62.88" timestamp="2022-06-07T12:22:49">
	<testcase classname="DockerPluginUpdateTest" name="docker_plugin_update"/>
</testsuite>
