<?xml version="1.0" encoding="utf-8"?>
<testsuite failures="1" name="docker_plugin_install" skipped="0" tests="1" time="6.35" timestamp="2022-05-23T12:04:23">
	<testcase classname="DockerPluginInstallTest" name="docker_plugin_install">
		<failure message="BLOCKED: sudo&lt;plugin_install&gt; returned non-zero exit code 2 (+1 other failures)" type="BLOCKED"/>
		<system-out>12:04:16 INFO  ==============================================================
12:04:16 INFO  Id:    docker_plugin_install
12:04:16 INFO  Dir:   plugin_docker/
12:04:16 INFO  Title: Validate docker plugin install
12:04:16 INFO  ==============================================================
12:04:17 INFO  Executed sudo&lt;docker_images&gt;, exit status 0
12:04:17 INFO  Grep on file /home/pi/actions-runner/_work/thin-edge.io/thin-edge.io/tests/PySys/plugin_docker/docker_plugin_install/Output/linux/docker_images.out ... passed
12:04:20 WARN  Executed sudo&lt;plugin_install&gt;, exit status 2
12:04:20 WARN  sudo&lt;plugin_install&gt; returned non-zero exit code 2 ... blocked [environment_docker_plugin.py:136,environment_docker_plugin.py:144,run.py:23]
12:04:20 INFO  Executed sudo&lt;docker_ps_latest&gt;, exit status 0
12:04:21 INFO  Executed sudo&lt;docker_ps&gt;, exit status 0
12:04:21 WARN  Grep on /home/pi/actions-runner/_work/thin-edge.io/thin-edge.io/tests/PySys/plugin_docker/docker_plugin_install/Output/linux/docker_ps.out contains &quot;registry&quot; ... failed [environment_docker_plugin.py:49,run.py:26]
12:04:21 INFO  
12:04:21 INFO  cleanup:
12:04:21 INFO  Removing containers scheduled to be cleaned up: ['']
12:04:22 WARN  Executed sudo&lt;containers_for_cleanup&gt;, exit status 1
12:04:22 INFO  Removing images scheduled to be cleaned up: ['registry']
12:04:23 INFO  Executed sudo&lt;containers_for_cleanup&gt;, exit status 0
12:04:23 INFO  
12:04:23 INFO  Test duration: 6.35 secs
12:04:23 INFO  Test final outcome:  BLOCKED
12:04:23 INFO  Test outcome reason: sudo&lt;plugin_install&gt; returned non-zero exit code 2 (+1 other failures)
12:04:23 INFO  
</system-out>
	</testcase>
</testsuite>
