<?xml version="1.0" encoding="utf-8"?>
<testsuite failures="1" name="SoftwareManagement.sm_docker_install_remove_multiple" skipped="0" tests="1" time="164.8" timestamp="2022-05-25T11:52:54">
	<testcase classname="SMDockerInstallRemove" name="SoftwareManagement.sm_docker_install_remove_multiple">
		<failure message="BLOCKED: SystemError: Timeout while waiting for status FAILED or SUCCESSFUL" type="BLOCKED"/>
		<system-out>11:50:09 INFO  ==============================================================
11:50:09 INFO  Id:    SoftwareManagement.sm_docker_install_remove_multiple
11:50:09 INFO  Dir:   software_management_end_to_end/
11:50:09 INFO  Title: Validate end to end behaviour for the docker plugin for multiple docker images with mixed versions
11:50:09 INFO  ==============================================================
11:50:11 INFO  Using sw id database: {'asciijump': '5475369', 'robotfindskitten': '5474869', 'squirrel3': '5475279', 'rolldice': '5152439', 'moon-buggy': '5439204', 'apple': '5495053', 'banana': '5494888', 'cherry': '5495382', 'watermelon': '5494510', 'registry': '8018911', 'hello-world': '8021526', 'docker/getting-started': '8021973', 'alpine': '7991792'}
11:50:11 INFO  EnvironmentC8y Setup
11:50:12 INFO  Executed systemctl&lt;serv_mapper1&gt;, exit status 3
11:50:28 INFO  Executed sudo&lt;tedge_connect_c8y&gt;, exit status 0, duration 16 secs
11:50:28 INFO  Executed sudo&lt;tedge_connect_c8y_test&gt;, exit status 0
11:50:29 INFO  Executed systemctl&lt;serv_mosq2&gt;, exit status 0
11:50:29 INFO  Executed systemctl&lt;serv_mapper3&gt;, exit status 0
11:50:32 INFO  State of current operation: PENDING
11:50:34 INFO  State of current operation: PENDING
11:50:36 INFO  State of current operation: PENDING
11:50:39 INFO  State of current operation: PENDING
11:50:41 INFO  State of current operation: PENDING
11:50:43 INFO  State of current operation: PENDING
11:50:45 INFO  State of current operation: PENDING
11:50:47 INFO  State of current operation: PENDING
11:50:50 INFO  State of current operation: PENDING
11:50:52 INFO  State of current operation: PENDING
11:50:54 INFO  State of current operation: PENDING
11:50:56 INFO  State of current operation: PENDING
11:50:59 INFO  State of current operation: PENDING
11:51:01 INFO  State of current operation: PENDING
11:51:03 INFO  State of current operation: PENDING
11:51:05 INFO  State of current operation: PENDING
11:51:08 INFO  State of current operation: PENDING
11:51:10 INFO  State of current operation: PENDING
11:51:12 INFO  State of current operation: PENDING
11:51:14 INFO  State of current operation: PENDING
11:51:16 INFO  State of current operation: PENDING
11:51:19 INFO  State of current operation: PENDING
11:51:21 INFO  State of current operation: PENDING
11:51:23 INFO  State of current operation: PENDING
11:51:25 INFO  State of current operation: PENDING
11:51:28 INFO  State of current operation: PENDING
11:51:30 INFO  State of current operation: PENDING
11:51:32 INFO  State of current operation: PENDING
11:51:34 INFO  State of current operation: PENDING
11:51:37 INFO  State of current operation: PENDING
11:51:39 INFO  State of current operation: PENDING
11:51:41 INFO  State of current operation: PENDING
11:51:43 INFO  State of current operation: PENDING
11:51:46 INFO  State of current operation: PENDING
11:51:48 INFO  State of current operation: PENDING
11:51:50 INFO  State of current operation: PENDING
11:51:53 INFO  State of current operation: PENDING
11:51:55 INFO  State of current operation: PENDING
11:51:57 INFO  State of current operation: PENDING
11:51:59 INFO  State of current operation: PENDING
11:52:01 INFO  State of current operation: PENDING
11:52:04 INFO  State of current operation: PENDING
11:52:06 INFO  State of current operation: PENDING
11:52:08 INFO  State of current operation: PENDING
11:52:11 INFO  State of current operation: PENDING
11:52:13 INFO  State of current operation: PENDING
11:52:15 INFO  State of current operation: PENDING
11:52:17 INFO  State of current operation: PENDING
11:52:19 INFO  State of current operation: PENDING
11:52:22 INFO  State of current operation: PENDING
11:52:24 INFO  State of current operation: PENDING
11:52:26 INFO  State of current operation: PENDING
11:52:28 INFO  State of current operation: PENDING
11:52:31 INFO  State of current operation: PENDING
11:52:33 INFO  State of current operation: PENDING
11:52:35 INFO  State of current operation: PENDING
11:52:37 INFO  State of current operation: PENDING
11:52:40 INFO  State of current operation: PENDING
11:52:42 INFO  State of current operation: PENDING
11:52:44 INFO  State of current operation: PENDING
11:52:46 INFO  State of current operation: PENDING
11:52:48 WARN  SystemError occurred while running test - Timeout while waiting for status FAILED or SUCCESSFUL
Traceback (most recent call last):
  File &quot;/home/pi/env-pysys/lib/python3.7/site-packages/pysys/baserunner.py&quot;, line 1292, in __call__
    self.testObj.setup()
  File &quot;/home/pi/actions-runner/_work/thin-edge.io/thin-edge.io/tests/PySys/software_management_end_to_end/sm_docker_install_remove_multiple/run.py&quot;, line 29, in setup
    super().setup()
  File &quot;/home/pi/actions-runner/_work/thin-edge.io/thin-edge.io/tests/PySys/software_management_end_to_end/environment_sm_management.py&quot;, line 151, in setup
    self.wait_until_end()
  File &quot;/home/pi/actions-runner/_work/thin-edge.io/thin-edge.io/tests/PySys/software_management_end_to_end/environment_sm_management.py&quot;, line 332, in wait_until_end
    self.wait_until_status(&quot;FAILED&quot;, &quot;SUCCESSFUL&quot;)
  File &quot;/home/pi/actions-runner/_work/thin-edge.io/thin-edge.io/tests/PySys/software_management_end_to_end/environment_sm_management.py&quot;, line 381, in wait_until_status
    &quot;Timeout while waiting for status %s or %s&quot; % (status, status2)
SystemError: Timeout while waiting for status FAILED or SUCCESSFUL
11:52:49 WARN  SystemError: Timeout while waiting for status FAILED or SUCCESSFUL ... blocked 
11:52:49 INFO  
11:52:49 INFO  cleanup:
11:52:53 INFO  Executed sudo&lt;tedge_disconnect_c8y&gt;, exit status 0
11:52:54 INFO  Executed systemctl&lt;serv_mapper5&gt;, exit status 3
11:52:54 INFO  
11:52:54 INFO  Test duration: 164.80 secs
11:52:54 INFO  Test final outcome:  BLOCKED
11:52:54 INFO  Test outcome reason: SystemError: Timeout while waiting for status FAILED or SUCCESSFUL
11:52:54 INFO  
</system-out>
	</testcase>
</testsuite>
