<?xml version="1.0" encoding="utf-8"?>
<testsuite failures="1" name="SoftwareManagement.sm_docker_install_remove_multiple" skipped="0" tests="1" time="162.85" timestamp="2022-07-22T02:56:20">
	<testcase classname="SMDockerInstallRemove" name="SoftwareManagement.sm_docker_install_remove_multiple">
		<failure message="BLOCKED: SystemError: Timeout while waiting for status FAILED or SUCCESSFUL" type="BLOCKED"/>
		<system-out>02:53:37 INFO  ==============================================================
02:53:37 INFO  Id:    SoftwareManagement.sm_docker_install_remove_multiple
02:53:37 INFO  Dir:   software_management_end_to_end/
02:53:37 INFO  Title: Validate end to end behaviour for the docker plugin for multiple docker images with mixed versions
02:53:37 INFO  ==============================================================
02:53:39 INFO  Using sw id database: {'asciijump': '5475369', 'robotfindskitten': '5474869', 'squirrel3': '5475279', 'rolldice': '5152439', 'moon-buggy': '5439204', 'apple': '5495053', 'banana': '5494888', 'cherry': '5495382', 'watermelon': '5494510', 'registry': '8018911', 'hello-world': '8021526', 'docker/getting-started': '8021973', 'alpine': '7991792'}
02:53:39 INFO  EnvironmentC8y Setup
02:53:40 INFO  Executed systemctl&lt;serv_mapper1&gt;, exit status 3
02:53:55 INFO  Executed sudo&lt;tedge_connect_c8y&gt;, exit status 0, duration 15 secs
02:53:56 INFO  Executed sudo&lt;tedge_connect_c8y_test&gt;, exit status 0
02:53:56 INFO  Executed systemctl&lt;serv_mosq2&gt;, exit status 0
02:53:57 INFO  Executed systemctl&lt;serv_mapper3&gt;, exit status 0
02:53:59 INFO  State of current operation: EXECUTING
02:54:02 INFO  State of current operation: EXECUTING
02:54:04 INFO  State of current operation: EXECUTING
02:54:06 INFO  State of current operation: EXECUTING
02:54:08 INFO  State of current operation: EXECUTING
02:54:10 INFO  State of current operation: EXECUTING
02:54:13 INFO  State of current operation: EXECUTING
02:54:15 INFO  State of current operation: EXECUTING
02:54:17 INFO  State of current operation: EXECUTING
02:54:19 INFO  State of current operation: EXECUTING
02:54:22 INFO  State of current operation: EXECUTING
02:54:24 INFO  State of current operation: EXECUTING
02:54:26 INFO  State of current operation: EXECUTING
02:54:28 INFO  State of current operation: EXECUTING
02:54:30 INFO  State of current operation: EXECUTING
02:54:33 INFO  State of current operation: EXECUTING
02:54:35 INFO  State of current operation: EXECUTING
02:54:37 INFO  State of current operation: EXECUTING
02:54:39 INFO  State of current operation: EXECUTING
02:54:42 INFO  State of current operation: EXECUTING
02:54:44 INFO  State of current operation: EXECUTING
02:54:46 INFO  State of current operation: EXECUTING
02:54:48 INFO  State of current operation: EXECUTING
02:54:50 INFO  State of current operation: EXECUTING
02:54:53 INFO  State of current operation: EXECUTING
02:54:55 INFO  State of current operation: EXECUTING
02:54:57 INFO  State of current operation: EXECUTING
02:54:59 INFO  State of current operation: EXECUTING
02:55:02 INFO  State of current operation: EXECUTING
02:55:04 INFO  State of current operation: EXECUTING
02:55:06 INFO  State of current operation: EXECUTING
02:55:08 INFO  State of current operation: EXECUTING
02:55:10 INFO  State of current operation: EXECUTING
02:55:13 INFO  State of current operation: EXECUTING
02:55:15 INFO  State of current operation: EXECUTING
02:55:17 INFO  State of current operation: EXECUTING
02:55:19 INFO  State of current operation: EXECUTING
02:55:22 INFO  State of current operation: EXECUTING
02:55:24 INFO  State of current operation: EXECUTING
02:55:26 INFO  State of current operation: EXECUTING
02:55:28 INFO  State of current operation: EXECUTING
02:55:30 INFO  State of current operation: EXECUTING
02:55:33 INFO  State of current operation: EXECUTING
02:55:35 INFO  State of current operation: EXECUTING
02:55:37 INFO  State of current operation: EXECUTING
02:55:39 INFO  State of current operation: EXECUTING
02:55:41 INFO  State of current operation: EXECUTING
02:55:44 INFO  State of current operation: EXECUTING
02:55:46 INFO  State of current operation: EXECUTING
02:55:48 INFO  State of current operation: EXECUTING
02:55:50 INFO  State of current operation: EXECUTING
02:55:53 INFO  State of current operation: EXECUTING
02:55:55 INFO  State of current operation: EXECUTING
02:55:57 INFO  State of current operation: EXECUTING
02:55:59 INFO  State of current operation: EXECUTING
02:56:02 INFO  State of current operation: EXECUTING
02:56:04 INFO  State of current operation: EXECUTING
02:56:06 INFO  State of current operation: EXECUTING
02:56:08 INFO  State of current operation: EXECUTING
02:56:10 INFO  State of current operation: EXECUTING
02:56:13 INFO  State of current operation: EXECUTING
02:56:15 WARN  SystemError occurred while running test - Timeout while waiting for status FAILED or SUCCESSFUL
Traceback (most recent call last):
  File &quot;/home/pi/env-pysys/lib/python3.7/site-packages/pysys/baserunner.py&quot;, line 1292, in __call__
    self.testObj.setup()
  File &quot;/home/pi/actions-runner/_work/thin-edge.io/thin-edge.io/tests/PySys/software_management_end_to_end/sm_docker_install_remove_multiple/run.py&quot;, line 29, in setup
    super().setup()
  File &quot;/home/pi/actions-runner/_work/thin-edge.io/thin-edge.io/tests/PySys/software_management_end_to_end/environment_sm_management.py&quot;, line 151, in setup
    self.wait_until_end()
  File &quot;/home/pi/actions-runner/_work/thin-edge.io/thin-edge.io/tests/PySys/software_management_end_to_end/environment_sm_management.py&quot;, line 332, in wait_until_end
    self.wait_until_status(&quot;FAILED&quot;, &quot;SUCCESSFUL&quot;)
  File &quot;/home/pi/actions-runner/_work/thin-edge.io/thin-edge.io/tests/PySys/software_management_end_to_end/environment_sm_management.py&quot;, line 381, in wait_until_status
    &quot;Timeout while waiting for status %s or %s&quot; % (status, status2)
SystemError: Timeout while waiting for status FAILED or SUCCESSFUL
02:56:15 WARN  SystemError: Timeout while waiting for status FAILED or SUCCESSFUL ... blocked 
02:56:15 INFO  
02:56:15 INFO  cleanup:
02:56:19 INFO  Executed sudo&lt;tedge_disconnect_c8y&gt;, exit status 0
02:56:20 INFO  Executed systemctl&lt;serv_mapper5&gt;, exit status 3
02:56:20 INFO  
02:56:20 INFO  Test duration: 162.85 secs
02:56:20 INFO  Test final outcome:  BLOCKED
02:56:20 INFO  Test outcome reason: SystemError: Timeout while waiting for status FAILED or SUCCESSFUL
02:56:20 INFO  
</system-out>
	</testcase>
</testsuite>
