<?xml version="1.0" encoding="utf-8"?>
<testsuite failures="1" name="SoftwareManagement.sm_docker_install_remove_multiple" skipped="0" tests="1" time="164.21" timestamp="2022-05-23T09:28:41">
	<testcase classname="SMDockerInstallRemove" name="SoftwareManagement.sm_docker_install_remove_multiple">
		<failure message="BLOCKED: SystemError: Timeout while waiting for status FAILED or SUCCESSFUL" type="BLOCKED"/>
		<system-out>09:25:57 INFO  ==============================================================
09:25:57 INFO  Id:    SoftwareManagement.sm_docker_install_remove_multiple
09:25:57 INFO  Dir:   software_management_end_to_end/
09:25:57 INFO  Title: Validate end to end behaviour for the docker plugin for multiple docker images with mixed versions
09:25:57 INFO  ==============================================================
09:25:59 INFO  Using sw id database: {'asciijump': '5475369', 'robotfindskitten': '5474869', 'squirrel3': '5475279', 'rolldice': '5152439', 'moon-buggy': '5439204', 'apple': '5495053', 'banana': '5494888', 'cherry': '5495382', 'watermelon': '5494510', 'registry': '8018911', 'hello-world': '8021526', 'docker/getting-started': '8021973', 'alpine': '7991792'}
09:25:59 INFO  EnvironmentC8y Setup
09:25:59 INFO  Executed systemctl&lt;serv_mapper1&gt;, exit status 3
09:26:16 INFO  Executed sudo&lt;tedge_connect_c8y&gt;, exit status 0, duration 16 secs
09:26:16 INFO  Executed sudo&lt;tedge_connect_c8y_test&gt;, exit status 0
09:26:17 INFO  Executed systemctl&lt;serv_mosq2&gt;, exit status 0
09:26:17 INFO  Executed systemctl&lt;serv_mapper3&gt;, exit status 0
09:26:19 INFO  State of current operation: PENDING
09:26:22 INFO  State of current operation: PENDING
09:26:24 INFO  State of current operation: PENDING
09:26:26 INFO  State of current operation: PENDING
09:26:28 INFO  State of current operation: PENDING
09:26:31 INFO  State of current operation: PENDING
09:26:33 INFO  State of current operation: PENDING
09:26:35 INFO  State of current operation: PENDING
09:26:37 INFO  State of current operation: PENDING
09:26:40 INFO  State of current operation: PENDING
09:26:42 INFO  State of current operation: PENDING
09:26:44 INFO  State of current operation: PENDING
09:26:46 INFO  State of current operation: PENDING
09:26:49 INFO  State of current operation: PENDING
09:26:51 INFO  State of current operation: PENDING
09:26:53 INFO  State of current operation: PENDING
09:26:55 INFO  State of current operation: PENDING
09:26:57 INFO  State of current operation: PENDING
09:27:00 INFO  State of current operation: PENDING
09:27:02 INFO  State of current operation: PENDING
09:27:04 INFO  State of current operation: PENDING
09:27:06 INFO  State of current operation: PENDING
09:27:09 INFO  State of current operation: PENDING
09:27:11 INFO  State of current operation: PENDING
09:27:13 INFO  State of current operation: PENDING
09:27:15 INFO  State of current operation: PENDING
09:27:18 INFO  State of current operation: PENDING
09:27:20 INFO  State of current operation: PENDING
09:27:22 INFO  State of current operation: PENDING
09:27:24 INFO  State of current operation: PENDING
09:27:26 INFO  State of current operation: PENDING
09:27:29 INFO  State of current operation: PENDING
09:27:31 INFO  State of current operation: PENDING
09:27:33 INFO  State of current operation: PENDING
09:27:36 INFO  State of current operation: PENDING
09:27:38 INFO  State of current operation: PENDING
09:27:40 INFO  State of current operation: PENDING
09:27:42 INFO  State of current operation: PENDING
09:27:45 INFO  State of current operation: PENDING
09:27:47 INFO  State of current operation: PENDING
09:27:49 INFO  State of current operation: PENDING
09:27:51 INFO  State of current operation: PENDING
09:27:54 INFO  State of current operation: PENDING
09:27:56 INFO  State of current operation: PENDING
09:27:58 INFO  State of current operation: PENDING
09:28:00 INFO  State of current operation: PENDING
09:28:02 INFO  State of current operation: PENDING
09:28:05 INFO  State of current operation: PENDING
09:28:07 INFO  State of current operation: PENDING
09:28:09 INFO  State of current operation: PENDING
09:28:11 INFO  State of current operation: PENDING
09:28:14 INFO  State of current operation: PENDING
09:28:16 INFO  State of current operation: PENDING
09:28:18 INFO  State of current operation: PENDING
09:28:20 INFO  State of current operation: PENDING
09:28:23 INFO  State of current operation: PENDING
09:28:25 INFO  State of current operation: PENDING
09:28:27 INFO  State of current operation: PENDING
09:28:29 INFO  State of current operation: PENDING
09:28:32 INFO  State of current operation: PENDING
09:28:34 INFO  State of current operation: PENDING
09:28:36 WARN  SystemError occurred while running test - Timeout while waiting for status FAILED or SUCCESSFUL
Traceback (most recent call last):
  File &quot;/home/pi/env-pysys/lib/python3.7/site-packages/pysys/baserunner.py&quot;, line 1292, in __call__
    self.testObj.setup()
  File &quot;/home/pi/actions-runner/_work/thin-edge.io/thin-edge.io/tests/PySys/software_management_end_to_end/sm_docker_install_remove_multiple/run.py&quot;, line 29, in setup
    super().setup()
  File &quot;/home/pi/actions-runner/_work/thin-edge.io/thin-edge.io/tests/PySys/software_management_end_to_end/environment_sm_management.py&quot;, line 151, in setup
    self.wait_until_end()
  File &quot;/home/pi/actions-runner/_work/thin-edge.io/thin-edge.io/tests/PySys/software_management_end_to_end/environment_sm_management.py&quot;, line 332, in wait_until_end
    self.wait_until_status(&quot;FAILED&quot;, &quot;SUCCESSFUL&quot;)
  File &quot;/home/pi/actions-runner/_work/thin-edge.io/thin-edge.io/tests/PySys/software_management_end_to_end/environment_sm_management.py&quot;, line 381, in wait_until_status
    &quot;Timeout while waiting for status %s or %s&quot; % (status, status2)
SystemError: Timeout while waiting for status FAILED or SUCCESSFUL
09:28:36 WARN  SystemError: Timeout while waiting for status FAILED or SUCCESSFUL ... blocked 
09:28:36 INFO  
09:28:36 INFO  cleanup:
09:28:40 INFO  Executed sudo&lt;tedge_disconnect_c8y&gt;, exit status 0
09:28:41 INFO  Executed systemctl&lt;serv_mapper5&gt;, exit status 3
09:28:41 INFO  
09:28:41 INFO  Test duration: 164.21 secs
09:28:41 INFO  Test final outcome:  BLOCKED
09:28:41 INFO  Test outcome reason: SystemError: Timeout while waiting for status FAILED or SUCCESSFUL
09:28:41 INFO  
</system-out>
	</testcase>
</testsuite>
