<?xml version="1.0" encoding="utf-8"?>
<testsuite failures="0" name="docker_plugin_update" skipped="0" tests="1" time="65.86" timestamp="2022-06-02T09:32:14">
	<testcase classname="DockerPluginUpdateTest" name="docker_plugin_update"/>
</testsuite>
