<?xml version="1.0" encoding="utf-8"?>
<testsuite failures="0" name="docker_plugin_update" skipped="0" tests="1" time="63.7" timestamp="2022-05-24T11:41:24">
	<testcase classname="DockerPluginUpdateTest" name="docker_plugin_update"/>
</testsuite>
