<?xml version="1.0" encoding="utf-8"?>
<testsuite failures="0" name="docker_plugin_update" skipped="0" tests="1" time="64.12" timestamp="2022-07-15T08:36:17">
	<testcase classname="DockerPluginUpdateTest" name="docker_plugin_update"/>
</testsuite>
