<?xml version="1.0" encoding="utf-8"?>
<testsuite failures="1" name="SoftwareManagement.sm_docker_install_remove_multiple" skipped="0" tests="1" time="161.03" timestamp="2022-05-23T12:07:24">
	<testcase classname="SMDockerInstallRemove" name="SoftwareManagement.sm_docker_install_remove_multiple">
		<failure message="BLOCKED: SystemError: Timeout while waiting for status FAILED or SUCCESSFUL" type="BLOCKED"/>
		<system-out>12:04:43 INFO  ==============================================================
12:04:43 INFO  Id:    SoftwareManagement.sm_docker_install_remove_multiple
12:04:43 INFO  Dir:   software_management_end_to_end/
12:04:43 INFO  Title: Validate end to end behaviour for the docker plugin for multiple docker images with mixed versions
12:04:43 INFO  ==============================================================
12:04:44 INFO  Using sw id database: {'asciijump': '5475369', 'robotfindskitten': '5474869', 'squirrel3': '5475279', 'rolldice': '5152439', 'moon-buggy': '5439204', 'apple': '5495053', 'banana': '5494888', 'cherry': '5495382', 'watermelon': '5494510', 'registry': '8018911', 'hello-world': '8021526', 'docker/getting-started': '8021973', 'alpine': '7991792'}
12:04:44 INFO  EnvironmentC8y Setup
12:04:45 INFO  Executed systemctl&lt;serv_mapper1&gt;, exit status 3
12:04:59 INFO  Executed sudo&lt;tedge_connect_c8y&gt;, exit status 0, duration 14 secs
12:05:00 INFO  Executed sudo&lt;tedge_connect_c8y_test&gt;, exit status 0
12:05:00 INFO  Executed systemctl&lt;serv_mosq2&gt;, exit status 0
12:05:01 INFO  Executed systemctl&lt;serv_mapper3&gt;, exit status 0
12:05:03 INFO  State of current operation: PENDING
12:05:05 INFO  State of current operation: PENDING
12:05:08 INFO  State of current operation: PENDING
12:05:10 INFO  State of current operation: PENDING
12:05:12 INFO  State of current operation: PENDING
12:05:14 INFO  State of current operation: PENDING
12:05:17 INFO  State of current operation: PENDING
12:05:19 INFO  State of current operation: PENDING
12:05:21 INFO  State of current operation: PENDING
12:05:23 INFO  State of current operation: PENDING
12:05:26 INFO  State of current operation: PENDING
12:05:28 INFO  State of current operation: PENDING
12:05:30 INFO  State of current operation: PENDING
12:05:32 INFO  State of current operation: PENDING
12:05:34 INFO  State of current operation: PENDING
12:05:37 INFO  State of current operation: PENDING
12:05:39 INFO  State of current operation: PENDING
12:05:41 INFO  State of current operation: PENDING
12:05:44 INFO  State of current operation: PENDING
12:05:46 INFO  State of current operation: PENDING
12:05:48 INFO  State of current operation: PENDING
12:05:50 INFO  State of current operation: PENDING
12:05:52 INFO  State of current operation: PENDING
12:05:55 INFO  State of current operation: PENDING
12:05:57 INFO  State of current operation: PENDING
12:05:59 INFO  State of current operation: PENDING
12:06:01 INFO  State of current operation: PENDING
12:06:04 INFO  State of current operation: PENDING
12:06:06 INFO  State of current operation: PENDING
12:06:08 INFO  State of current operation: PENDING
12:06:10 INFO  State of current operation: PENDING
12:06:13 INFO  State of current operation: PENDING
12:06:15 INFO  State of current operation: PENDING
12:06:17 INFO  State of current operation: PENDING
12:06:19 INFO  State of current operation: PENDING
12:06:22 INFO  State of current operation: PENDING
12:06:24 INFO  State of current operation: PENDING
12:06:26 INFO  State of current operation: PENDING
12:06:28 INFO  State of current operation: PENDING
12:06:30 INFO  State of current operation: PENDING
12:06:33 INFO  State of current operation: PENDING
12:06:35 INFO  State of current operation: PENDING
12:06:37 INFO  State of current operation: PENDING
12:06:39 INFO  State of current operation: PENDING
12:06:42 INFO  State of current operation: PENDING
12:06:44 INFO  State of current operation: PENDING
12:06:46 INFO  State of current operation: PENDING
12:06:48 INFO  State of current operation: PENDING
12:06:51 INFO  State of current operation: PENDING
12:06:53 INFO  State of current operation: PENDING
12:06:55 INFO  State of current operation: PENDING
12:06:57 INFO  State of current operation: PENDING
12:07:00 INFO  State of current operation: PENDING
12:07:02 INFO  State of current operation: PENDING
12:07:04 INFO  State of current operation: PENDING
12:07:06 INFO  State of current operation: PENDING
12:07:08 INFO  State of current operation: PENDING
12:07:11 INFO  State of current operation: PENDING
12:07:13 INFO  State of current operation: PENDING
12:07:15 INFO  State of current operation: PENDING
12:07:17 INFO  State of current operation: PENDING
12:07:19 WARN  SystemError occurred while running test - Timeout while waiting for status FAILED or SUCCESSFUL
Traceback (most recent call last):
  File &quot;/home/pi/env-pysys/lib/python3.7/site-packages/pysys/baserunner.py&quot;, line 1292, in __call__
    self.testObj.setup()
  File &quot;/home/pi/actions-runner/_work/thin-edge.io/thin-edge.io/tests/PySys/software_management_end_to_end/sm_docker_install_remove_multiple/run.py&quot;, line 29, in setup
    super().setup()
  File &quot;/home/pi/actions-runner/_work/thin-edge.io/thin-edge.io/tests/PySys/software_management_end_to_end/environment_sm_management.py&quot;, line 151, in setup
    self.wait_until_end()
  File &quot;/home/pi/actions-runner/_work/thin-edge.io/thin-edge.io/tests/PySys/software_management_end_to_end/environment_sm_management.py&quot;, line 332, in wait_until_end
    self.wait_until_status(&quot;FAILED&quot;, &quot;SUCCESSFUL&quot;)
  File &quot;/home/pi/actions-runner/_work/thin-edge.io/thin-edge.io/tests/PySys/software_management_end_to_end/environment_sm_management.py&quot;, line 381, in wait_until_status
    &quot;Timeout while waiting for status %s or %s&quot; % (status, status2)
SystemError: Timeout while waiting for status FAILED or SUCCESSFUL
12:07:19 WARN  SystemError: Timeout while waiting for status FAILED or SUCCESSFUL ... blocked 
12:07:19 INFO  
12:07:19 INFO  cleanup:
12:07:24 INFO  Executed sudo&lt;tedge_disconnect_c8y&gt;, exit status 0
12:07:24 INFO  Executed systemctl&lt;serv_mapper5&gt;, exit status 3
12:07:24 INFO  
12:07:24 INFO  Test duration: 161.03 secs
12:07:24 INFO  Test final outcome:  BLOCKED
12:07:24 INFO  Test outcome reason: SystemError: Timeout while waiting for status FAILED or SUCCESSFUL
12:07:24 INFO  
</system-out>
	</testcase>
</testsuite>
