<?xml version="1.0" encoding="utf-8"?>
<testsuite failures="0" name="docker_plugin_update" skipped="0" tests="1" time="63.63" timestamp="2022-07-22T08:20:31">
	<testcase classname="DockerPluginUpdateTest" name="docker_plugin_update"/>
</testsuite>
