<?xml version="1.0" encoding="utf-8"?>
<testsuite failures="1" name="docker_plugin_install" skipped="0" tests="1" time="6.37" timestamp="2022-05-20T14:12:38">
	<testcase classname="DockerPluginInstallTest" name="docker_plugin_install">
		<failure message="BLOCKED: sudo&lt;plugin_install&gt; returned non-zero exit code 2 (+1 other failures)" type="BLOCKED"/>
		<system-out>14:12:32 INFO  ==============================================================
14:12:32 INFO  Id:    docker_plugin_install
14:12:32 INFO  Dir:   plugin_docker/
14:12:32 INFO  Title: Validate docker plugin install
14:12:32 INFO  ==============================================================
14:12:32 INFO  Executed sudo&lt;docker_images&gt;, exit status 0
14:12:32 INFO  Grep on file /home/pi/actions-runner/_work/thin-edge.io/thin-edge.io/tests/PySys/plugin_docker/docker_plugin_install/Output/linux/docker_images.out ... passed
14:12:35 WARN  Executed sudo&lt;plugin_install&gt;, exit status 2
14:12:35 WARN  sudo&lt;plugin_install&gt; returned non-zero exit code 2 ... blocked [environment_docker_plugin.py:136,environment_docker_plugin.py:144,run.py:23]
14:12:36 INFO  Executed sudo&lt;docker_ps_latest&gt;, exit status 0
14:12:36 INFO  Executed sudo&lt;docker_ps&gt;, exit status 0
14:12:36 WARN  Grep on /home/pi/actions-runner/_work/thin-edge.io/thin-edge.io/tests/PySys/plugin_docker/docker_plugin_install/Output/linux/docker_ps.out contains &quot;registry&quot; ... failed [environment_docker_plugin.py:49,run.py:26]
14:12:36 INFO  
14:12:36 INFO  cleanup:
14:12:36 INFO  Removing containers scheduled to be cleaned up: ['']
14:12:37 WARN  Executed sudo&lt;containers_for_cleanup&gt;, exit status 1
14:12:37 INFO  Removing images scheduled to be cleaned up: ['registry']
14:12:38 INFO  Executed sudo&lt;containers_for_cleanup&gt;, exit status 0
14:12:38 INFO  
14:12:38 INFO  Test duration: 6.37 secs
14:12:38 INFO  Test final outcome:  BLOCKED
14:12:38 INFO  Test outcome reason: sudo&lt;plugin_install&gt; returned non-zero exit code 2 (+1 other failures)
14:12:38 INFO  
</system-out>
	</testcase>
</testsuite>
