<?xml version="1.0" encoding="utf-8"?>
<testsuite failures="1" name="docker_plugin_remove_with_version" skipped="0" tests="1" time="4.62" timestamp="2022-05-20T12:07:40">
	<testcase classname="DockerPluginRemoveWithVersionTest" name="docker_plugin_remove_with_version">
		<failure message="BLOCKED: sudo&lt;docker_run&gt; returned non-zero exit code 125" type="BLOCKED"/>
		<system-out>12:07:35 INFO  ==============================================================
12:07:35 INFO  Id:    docker_plugin_remove_with_version
12:07:35 INFO  Dir:   plugin_docker/
12:07:35 INFO  Title: Validate docker plugin remove with version
12:07:35 INFO  ==============================================================
12:07:36 INFO  Executed sudo&lt;docker_images&gt;, exit status 0
12:07:36 INFO  Grep on file /home/pi/actions-runner/_work/thin-edge.io/thin-edge.io/tests/PySys/plugin_docker/docker_plugin_remove_with_version/Output/linux/docker_images.out ... passed
12:07:38 WARN  Executed sudo&lt;docker_run&gt;, exit status 125
12:07:38 INFO  Contents of docker_run.err: 
  Unable to find image 'registry:2.7.1' locally
  docker: Error response from daemon: toomanyrequests: You have reached your pull rate limit. You may increase the limit by authenticating and upgrading: https://www.docker.com/increase-rate-limit.
  See 'docker run --help'.
  -----

12:07:38 WARN  sudo&lt;docker_run&gt; returned non-zero exit code 125 ... blocked 
12:07:38 WARN  Aborted test due to BLOCKED outcome
12:07:38 INFO  
12:07:38 INFO  cleanup:
12:07:38 INFO  Removing containers scheduled to be cleaned up: ['420912de889d', '']
12:07:39 WARN  Executed sudo&lt;containers_for_cleanup&gt;, exit status 1
12:07:39 INFO  Removing images scheduled to be cleaned up: ['registry', 'registry', 'registry:2.7.1']
12:07:40 INFO  Executed sudo&lt;containers_for_cleanup&gt;, exit status 0
12:07:40 INFO  
12:07:40 INFO  Test duration: 4.62 secs
12:07:40 INFO  Test final outcome:  BLOCKED
12:07:40 INFO  Test outcome reason: sudo&lt;docker_run&gt; returned non-zero exit code 125
12:07:40 INFO  
</system-out>
	</testcase>
</testsuite>
