<?xml version="1.0" encoding="utf-8"?>
<testsuite failures="0" name="docker_plugin_finalize" skipped="0" tests="1" time="37.17" timestamp="2022-07-16T12:24:15">
	<testcase classname="DockerPluginFinalizeTest" name="docker_plugin_finalize"/>
</testsuite>
