<?xml version="1.0" encoding="utf-8"?>
<testsuite failures="1" name="SoftwareManagement.sm_docker_install_remove_multiple" skipped="0" tests="1" time="163.54" timestamp="2022-05-23T15:57:27">
	<testcase classname="SMDockerInstallRemove" name="SoftwareManagement.sm_docker_install_remove_multiple">
		<failure message="BLOCKED: SystemError: Timeout while waiting for status FAILED or SUCCESSFUL" type="BLOCKED"/>
		<system-out>15:54:44 INFO  ==============================================================
15:54:44 INFO  Id:    SoftwareManagement.sm_docker_install_remove_multiple
15:54:44 INFO  Dir:   software_management_end_to_end/
15:54:44 INFO  Title: Validate end to end behaviour for the docker plugin for multiple docker images with mixed versions
15:54:44 INFO  ==============================================================
15:54:46 INFO  Using sw id database: {'asciijump': '5475369', 'robotfindskitten': '5474869', 'squirrel3': '5475279', 'rolldice': '5152439', 'moon-buggy': '5439204', 'apple': '5495053', 'banana': '5494888', 'cherry': '5495382', 'watermelon': '5494510', 'registry': '8018911', 'hello-world': '8021526', 'docker/getting-started': '8021973', 'alpine': '7991792'}
15:54:46 INFO  EnvironmentC8y Setup
15:54:46 INFO  Executed systemctl&lt;serv_mapper1&gt;, exit status 3
15:55:02 INFO  Executed sudo&lt;tedge_connect_c8y&gt;, exit status 0, duration 15 secs
15:55:03 INFO  Executed sudo&lt;tedge_connect_c8y_test&gt;, exit status 0
15:55:03 INFO  Executed systemctl&lt;serv_mosq2&gt;, exit status 0
15:55:04 INFO  Executed systemctl&lt;serv_mapper3&gt;, exit status 0
15:55:06 INFO  State of current operation: PENDING
15:55:08 INFO  State of current operation: PENDING
15:55:11 INFO  State of current operation: PENDING
15:55:13 INFO  State of current operation: PENDING
15:55:15 INFO  State of current operation: PENDING
15:55:18 INFO  State of current operation: PENDING
15:55:20 INFO  State of current operation: PENDING
15:55:22 INFO  State of current operation: PENDING
15:55:24 INFO  State of current operation: PENDING
15:55:26 INFO  State of current operation: PENDING
15:55:29 INFO  State of current operation: PENDING
15:55:31 INFO  State of current operation: PENDING
15:55:33 INFO  State of current operation: PENDING
15:55:35 INFO  State of current operation: PENDING
15:55:38 INFO  State of current operation: PENDING
15:55:40 INFO  State of current operation: PENDING
15:55:42 INFO  State of current operation: PENDING
15:55:45 INFO  State of current operation: PENDING
15:55:47 INFO  State of current operation: PENDING
15:55:49 INFO  State of current operation: PENDING
15:55:51 INFO  State of current operation: PENDING
15:55:53 INFO  State of current operation: PENDING
15:55:56 INFO  State of current operation: PENDING
15:55:58 INFO  State of current operation: PENDING
15:56:00 INFO  State of current operation: PENDING
15:56:02 INFO  State of current operation: PENDING
15:56:05 INFO  State of current operation: PENDING
15:56:07 INFO  State of current operation: PENDING
15:56:09 INFO  State of current operation: PENDING
15:56:11 INFO  State of current operation: PENDING
15:56:13 INFO  State of current operation: PENDING
15:56:16 INFO  State of current operation: PENDING
15:56:18 INFO  State of current operation: PENDING
15:56:20 INFO  State of current operation: PENDING
15:56:22 INFO  State of current operation: PENDING
15:56:25 INFO  State of current operation: PENDING
15:56:27 INFO  State of current operation: PENDING
15:56:29 INFO  State of current operation: PENDING
15:56:31 INFO  State of current operation: PENDING
15:56:34 INFO  State of current operation: PENDING
15:56:36 INFO  State of current operation: PENDING
15:56:38 INFO  State of current operation: PENDING
15:56:40 INFO  State of current operation: PENDING
15:56:43 INFO  State of current operation: PENDING
15:56:45 INFO  State of current operation: PENDING
15:56:47 INFO  State of current operation: PENDING
15:56:49 INFO  State of current operation: PENDING
15:56:52 INFO  State of current operation: PENDING
15:56:54 INFO  State of current operation: PENDING
15:56:56 INFO  State of current operation: PENDING
15:56:58 INFO  State of current operation: PENDING
15:57:01 INFO  State of current operation: PENDING
15:57:03 INFO  State of current operation: PENDING
15:57:05 INFO  State of current operation: PENDING
15:57:07 INFO  State of current operation: PENDING
15:57:09 INFO  State of current operation: PENDING
15:57:12 INFO  State of current operation: PENDING
15:57:14 INFO  State of current operation: PENDING
15:57:16 INFO  State of current operation: PENDING
15:57:18 INFO  State of current operation: PENDING
15:57:21 INFO  State of current operation: PENDING
15:57:23 WARN  SystemError occurred while running test - Timeout while waiting for status FAILED or SUCCESSFUL
Traceback (most recent call last):
  File &quot;/home/pi/env-pysys/lib/python3.7/site-packages/pysys/baserunner.py&quot;, line 1292, in __call__
    self.testObj.setup()
  File &quot;/home/pi/actions-runner/_work/thin-edge.io/thin-edge.io/tests/PySys/software_management_end_to_end/sm_docker_install_remove_multiple/run.py&quot;, line 29, in setup
    super().setup()
  File &quot;/home/pi/actions-runner/_work/thin-edge.io/thin-edge.io/tests/PySys/software_management_end_to_end/environment_sm_management.py&quot;, line 151, in setup
    self.wait_until_end()
  File &quot;/home/pi/actions-runner/_work/thin-edge.io/thin-edge.io/tests/PySys/software_management_end_to_end/environment_sm_management.py&quot;, line 332, in wait_until_end
    self.wait_until_status(&quot;FAILED&quot;, &quot;SUCCESSFUL&quot;)
  File &quot;/home/pi/actions-runner/_work/thin-edge.io/thin-edge.io/tests/PySys/software_management_end_to_end/environment_sm_management.py&quot;, line 381, in wait_until_status
    &quot;Timeout while waiting for status %s or %s&quot; % (status, status2)
SystemError: Timeout while waiting for status FAILED or SUCCESSFUL
15:57:23 WARN  SystemError: Timeout while waiting for status FAILED or SUCCESSFUL ... blocked 
15:57:23 INFO  
15:57:23 INFO  cleanup:
15:57:27 INFO  Executed sudo&lt;tedge_disconnect_c8y&gt;, exit status 0
15:57:27 INFO  Executed systemctl&lt;serv_mapper5&gt;, exit status 3
15:57:27 INFO  
15:57:27 INFO  Test duration: 163.54 secs
15:57:27 INFO  Test final outcome:  BLOCKED
15:57:27 INFO  Test outcome reason: SystemError: Timeout while waiting for status FAILED or SUCCESSFUL
15:57:27 INFO  
</system-out>
	</testcase>
</testsuite>
