<?xml version="1.0" encoding="utf-8"?>
<testsuite failures="1" name="SoftwareManagement.sm_docker_install_remove_multiple" skipped="0" tests="1" time="161.02" timestamp="2022-05-23T14:17:20">
	<testcase classname="SMDockerInstallRemove" name="SoftwareManagement.sm_docker_install_remove_multiple">
		<failure message="BLOCKED: SystemError: Timeout while waiting for status FAILED or SUCCESSFUL" type="BLOCKED"/>
		<system-out>14:14:39 INFO  ==============================================================
14:14:39 INFO  Id:    SoftwareManagement.sm_docker_install_remove_multiple
14:14:39 INFO  Dir:   software_management_end_to_end/
14:14:39 INFO  Title: Validate end to end behaviour for the docker plugin for multiple docker images with mixed versions
14:14:39 INFO  ==============================================================
14:14:40 INFO  Using sw id database: {'asciijump': '5475369', 'robotfindskitten': '5474869', 'squirrel3': '5475279', 'rolldice': '5152439', 'moon-buggy': '5439204', 'apple': '5495053', 'banana': '5494888', 'cherry': '5495382', 'watermelon': '5494510', 'registry': '8018911', 'hello-world': '8021526', 'docker/getting-started': '8021973', 'alpine': '7991792'}
14:14:40 INFO  EnvironmentC8y Setup
14:14:41 INFO  Executed systemctl&lt;serv_mapper1&gt;, exit status 3
14:14:55 INFO  Executed sudo&lt;tedge_connect_c8y&gt;, exit status 0, duration 14 secs
14:14:56 INFO  Executed sudo&lt;tedge_connect_c8y_test&gt;, exit status 0
14:14:56 INFO  Executed systemctl&lt;serv_mosq2&gt;, exit status 0
14:14:56 INFO  Executed systemctl&lt;serv_mapper3&gt;, exit status 0
14:14:59 INFO  State of current operation: PENDING
14:15:01 INFO  State of current operation: PENDING
14:15:03 INFO  State of current operation: PENDING
14:15:05 INFO  State of current operation: PENDING
14:15:08 INFO  State of current operation: PENDING
14:15:10 INFO  State of current operation: PENDING
14:15:12 INFO  State of current operation: PENDING
14:15:14 INFO  State of current operation: PENDING
14:15:17 INFO  State of current operation: PENDING
14:15:19 INFO  State of current operation: PENDING
14:15:21 INFO  State of current operation: PENDING
14:15:23 INFO  State of current operation: PENDING
14:15:26 INFO  State of current operation: PENDING
14:15:28 INFO  State of current operation: PENDING
14:15:30 INFO  State of current operation: PENDING
14:15:32 INFO  State of current operation: PENDING
14:15:35 INFO  State of current operation: PENDING
14:15:37 INFO  State of current operation: PENDING
14:15:39 INFO  State of current operation: PENDING
14:15:41 INFO  State of current operation: PENDING
14:15:43 INFO  State of current operation: PENDING
14:15:46 INFO  State of current operation: PENDING
14:15:48 INFO  State of current operation: PENDING
14:15:50 INFO  State of current operation: PENDING
14:15:52 INFO  State of current operation: PENDING
14:15:55 INFO  State of current operation: PENDING
14:15:57 INFO  State of current operation: PENDING
14:15:59 INFO  State of current operation: PENDING
14:16:01 INFO  State of current operation: PENDING
14:16:04 INFO  State of current operation: PENDING
14:16:06 INFO  State of current operation: PENDING
14:16:08 INFO  State of current operation: PENDING
14:16:10 INFO  State of current operation: PENDING
14:16:12 INFO  State of current operation: PENDING
14:16:15 INFO  State of current operation: PENDING
14:16:17 INFO  State of current operation: PENDING
14:16:19 INFO  State of current operation: PENDING
14:16:21 INFO  State of current operation: PENDING
14:16:24 INFO  State of current operation: PENDING
14:16:26 INFO  State of current operation: PENDING
14:16:28 INFO  State of current operation: PENDING
14:16:30 INFO  State of current operation: PENDING
14:16:33 INFO  State of current operation: PENDING
14:16:35 INFO  State of current operation: PENDING
14:16:37 INFO  State of current operation: PENDING
14:16:39 INFO  State of current operation: PENDING
14:16:41 INFO  State of current operation: PENDING
14:16:44 INFO  State of current operation: PENDING
14:16:46 INFO  State of current operation: PENDING
14:16:48 INFO  State of current operation: PENDING
14:16:50 INFO  State of current operation: PENDING
14:16:53 INFO  State of current operation: PENDING
14:16:55 INFO  State of current operation: PENDING
14:16:57 INFO  State of current operation: PENDING
14:16:59 INFO  State of current operation: PENDING
14:17:02 INFO  State of current operation: PENDING
14:17:04 INFO  State of current operation: PENDING
14:17:06 INFO  State of current operation: PENDING
14:17:09 INFO  State of current operation: PENDING
14:17:11 INFO  State of current operation: PENDING
14:17:13 INFO  State of current operation: PENDING
14:17:15 WARN  SystemError occurred while running test - Timeout while waiting for status FAILED or SUCCESSFUL
Traceback (most recent call last):
  File &quot;/home/pi/env-pysys/lib/python3.7/site-packages/pysys/baserunner.py&quot;, line 1292, in __call__
    self.testObj.setup()
  File &quot;/home/pi/actions-runner/_work/thin-edge.io/thin-edge.io/tests/PySys/software_management_end_to_end/sm_docker_install_remove_multiple/run.py&quot;, line 29, in setup
    super().setup()
  File &quot;/home/pi/actions-runner/_work/thin-edge.io/thin-edge.io/tests/PySys/software_management_end_to_end/environment_sm_management.py&quot;, line 151, in setup
    self.wait_until_end()
  File &quot;/home/pi/actions-runner/_work/thin-edge.io/thin-edge.io/tests/PySys/software_management_end_to_end/environment_sm_management.py&quot;, line 332, in wait_until_end
    self.wait_until_status(&quot;FAILED&quot;, &quot;SUCCESSFUL&quot;)
  File &quot;/home/pi/actions-runner/_work/thin-edge.io/thin-edge.io/tests/PySys/software_management_end_to_end/environment_sm_management.py&quot;, line 381, in wait_until_status
    &quot;Timeout while waiting for status %s or %s&quot; % (status, status2)
SystemError: Timeout while waiting for status FAILED or SUCCESSFUL
14:17:15 WARN  SystemError: Timeout while waiting for status FAILED or SUCCESSFUL ... blocked 
14:17:15 INFO  
14:17:15 INFO  cleanup:
14:17:19 INFO  Executed sudo&lt;tedge_disconnect_c8y&gt;, exit status 0
14:17:20 INFO  Executed systemctl&lt;serv_mapper5&gt;, exit status 3
14:17:20 INFO  
14:17:20 INFO  Test duration: 161.02 secs
14:17:20 INFO  Test final outcome:  BLOCKED
14:17:20 INFO  Test outcome reason: SystemError: Timeout while waiting for status FAILED or SUCCESSFUL
14:17:20 INFO  
</system-out>
	</testcase>
</testsuite>
