<?xml version="1.0" encoding="utf-8"?>
<testsuite failures="0" name="docker_plugin_update" skipped="0" tests="1" time="65.15" timestamp="2022-06-08T13:56:24">
	<testcase classname="DockerPluginUpdateTest" name="docker_plugin_update"/>
</testsuite>
