<?xml version="1.0" encoding="utf-8"?>
<testsuite failures="1" name="SoftwareManagement.sm_apt_install_remove_with_version" skipped="0" tests="1" time="166.22" timestamp="2022-05-23T14:12:23">
	<testcase classname="PySysTest" name="SoftwareManagement.sm_apt_install_remove_with_version">
		<failure message="BLOCKED: SystemError: Timeout while waiting for status FAILED or SUCCESSFUL" type="BLOCKED"/>
		<system-out>14:09:37 INFO  ==============================================================
14:09:37 INFO  Id:    SoftwareManagement.sm_apt_install_remove_with_version
14:09:37 INFO  Dir:   software_management_end_to_end/
14:09:37 INFO  Title: Validate end to end behaviour for the apt plugin for packages with version
14:09:37 INFO  ==============================================================
14:09:37 INFO  Using sw id database: {'asciijump': '5475369', 'robotfindskitten': '5474869', 'squirrel3': '5475279', 'rolldice': '5152439', 'moon-buggy': '5439204', 'apple': '5495053', 'banana': '5494888', 'cherry': '5495382', 'watermelon': '5494510', 'registry': '8018911', 'hello-world': '8021526', 'docker/getting-started': '8021973', 'alpine': '7991792'}
14:09:37 INFO  EnvironmentC8y Setup
14:09:37 INFO  Executed systemctl&lt;serv_mapper1&gt;, exit status 3
14:09:37 INFO  Restarting mosquitto too frequently in the last 10 seconds. It was only up for 4 seconds
14:09:37 INFO  Delaying execution by 7 seconds
14:09:58 INFO  Executed sudo&lt;tedge_connect_c8y&gt;, exit status 0, duration 13 secs
14:09:59 INFO  Executed sudo&lt;tedge_connect_c8y_test&gt;, exit status 0
14:09:59 INFO  Executed systemctl&lt;serv_mosq2&gt;, exit status 0
14:10:00 INFO  Executed systemctl&lt;serv_mapper3&gt;, exit status 0
14:10:02 INFO  State of current operation: PENDING
14:10:04 INFO  State of current operation: PENDING
14:10:07 INFO  State of current operation: PENDING
14:10:09 INFO  State of current operation: PENDING
14:10:11 INFO  State of current operation: PENDING
14:10:13 INFO  State of current operation: PENDING
14:10:16 INFO  State of current operation: PENDING
14:10:18 INFO  State of current operation: PENDING
14:10:20 INFO  State of current operation: PENDING
14:10:22 INFO  State of current operation: PENDING
14:10:24 INFO  State of current operation: PENDING
14:10:27 INFO  State of current operation: PENDING
14:10:29 INFO  State of current operation: PENDING
14:10:31 INFO  State of current operation: PENDING
14:10:33 INFO  State of current operation: PENDING
14:10:36 INFO  State of current operation: PENDING
14:10:38 INFO  State of current operation: PENDING
14:10:40 INFO  State of current operation: PENDING
14:10:42 INFO  State of current operation: PENDING
14:10:45 INFO  State of current operation: PENDING
14:10:47 INFO  State of current operation: PENDING
14:10:49 INFO  State of current operation: PENDING
14:10:51 INFO  State of current operation: PENDING
14:10:54 INFO  State of current operation: PENDING
14:10:56 INFO  State of current operation: PENDING
14:10:58 INFO  State of current operation: PENDING
14:11:00 INFO  State of current operation: PENDING
14:11:02 INFO  State of current operation: PENDING
14:11:05 INFO  State of current operation: PENDING
14:11:07 INFO  State of current operation: PENDING
14:11:09 INFO  State of current operation: PENDING
14:11:12 INFO  State of current operation: PENDING
14:11:14 INFO  State of current operation: PENDING
14:11:16 INFO  State of current operation: PENDING
14:11:18 INFO  State of current operation: PENDING
14:11:20 INFO  State of current operation: PENDING
14:11:23 INFO  State of current operation: PENDING
14:11:25 INFO  State of current operation: PENDING
14:11:27 INFO  State of current operation: PENDING
14:11:29 INFO  State of current operation: PENDING
14:11:32 INFO  State of current operation: PENDING
14:11:34 INFO  State of current operation: PENDING
14:11:36 INFO  State of current operation: PENDING
14:11:38 INFO  State of current operation: PENDING
14:11:41 INFO  State of current operation: PENDING
14:11:43 INFO  State of current operation: PENDING
14:11:45 INFO  State of current operation: PENDING
14:11:47 INFO  State of current operation: PENDING
14:11:50 INFO  State of current operation: PENDING
14:11:52 INFO  State of current operation: PENDING
14:11:54 INFO  State of current operation: PENDING
14:11:56 INFO  State of current operation: PENDING
14:11:58 INFO  State of current operation: PENDING
14:12:01 INFO  State of current operation: PENDING
14:12:03 INFO  State of current operation: PENDING
14:12:05 INFO  State of current operation: PENDING
14:12:07 INFO  State of current operation: PENDING
14:12:10 INFO  State of current operation: PENDING
14:12:12 INFO  State of current operation: PENDING
14:12:14 INFO  State of current operation: PENDING
14:12:16 INFO  State of current operation: PENDING
14:12:18 WARN  SystemError occurred while running test - Timeout while waiting for status FAILED or SUCCESSFUL
Traceback (most recent call last):
  File &quot;/home/pi/env-pysys/lib/python3.7/site-packages/pysys/baserunner.py&quot;, line 1292, in __call__
    self.testObj.setup()
  File &quot;/home/pi/actions-runner/_work/thin-edge.io/thin-edge.io/tests/PySys/software_management_end_to_end/sm_apt_install_remove_with_version/run.py&quot;, line 27, in setup
    super().setup()
  File &quot;/home/pi/actions-runner/_work/thin-edge.io/thin-edge.io/tests/PySys/software_management_end_to_end/environment_sm_management.py&quot;, line 151, in setup
    self.wait_until_end()
  File &quot;/home/pi/actions-runner/_work/thin-edge.io/thin-edge.io/tests/PySys/software_management_end_to_end/environment_sm_management.py&quot;, line 332, in wait_until_end
    self.wait_until_status(&quot;FAILED&quot;, &quot;SUCCESSFUL&quot;)
  File &quot;/home/pi/actions-runner/_work/thin-edge.io/thin-edge.io/tests/PySys/software_management_end_to_end/environment_sm_management.py&quot;, line 381, in wait_until_status
    &quot;Timeout while waiting for status %s or %s&quot; % (status, status2)
SystemError: Timeout while waiting for status FAILED or SUCCESSFUL
14:12:18 WARN  SystemError: Timeout while waiting for status FAILED or SUCCESSFUL ... blocked 
14:12:18 INFO  
14:12:18 INFO  cleanup:
14:12:22 INFO  Executed sudo&lt;tedge_disconnect_c8y&gt;, exit status 0
14:12:23 INFO  Executed systemctl&lt;serv_mapper5&gt;, exit status 3
14:12:23 INFO  
14:12:23 INFO  Test duration: 166.22 secs
14:12:23 INFO  Test final outcome:  BLOCKED
14:12:23 INFO  Test outcome reason: SystemError: Timeout while waiting for status FAILED or SUCCESSFUL
14:12:23 INFO  
</system-out>
	</testcase>
</testsuite>
