<?xml version="1.0" encoding="utf-8"?>
<testsuite failures="1" name="SoftwareManagement.sm_apt_install_remove_multiple" skipped="0" tests="1" time="179.47" timestamp="2022-07-27T10:00:32">
	<testcase classname="PySysTest" name="SoftwareManagement.sm_apt_install_remove_multiple">
		<failure message="FAILED: Assert that (False == value) with value=True" type="FAILED"/>
		<system-out>09:57:32 INFO  ==============================================================
09:57:32 INFO  Id:    SoftwareManagement.sm_apt_install_remove_multiple
09:57:32 INFO  Dir:   software_management_end_to_end/
09:57:32 INFO  Title: Validate end to end behaviour for the apt plugin for multiple packages
09:57:32 INFO  ==============================================================
09:57:32 INFO  Using sw id database: {'asciijump': '5475369', 'robotfindskitten': '5474869', 'squirrel3': '5475279', 'rolldice': '5152439', 'moon-buggy': '5439204', 'apple': '5495053', 'banana': '5494888', 'cherry': '5495382', 'watermelon': '5494510', 'registry': '8018911', 'hello-world': '8021526', 'docker/getting-started': '8021973', 'alpine': '7991792'}
09:57:32 INFO  EnvironmentC8y Setup
09:57:33 INFO  Executed systemctl&lt;serv_mapper1&gt;, exit status 3
09:57:33 INFO  Restarting mosquitto too frequently in the last 10 seconds. It was only up for 5 seconds
09:57:33 INFO  Delaying execution by 6 seconds
09:57:54 INFO  Executed sudo&lt;tedge_connect_c8y&gt;, exit status 0, duration 14 secs
09:57:54 INFO  Executed sudo&lt;tedge_connect_c8y_test&gt;, exit status 0
09:57:55 INFO  Executed systemctl&lt;serv_mosq2&gt;, exit status 0
09:57:55 INFO  Executed systemctl&lt;serv_mapper3&gt;, exit status 0
09:57:58 INFO  State of current operation: SUCCESSFUL
09:57:58 INFO  Assert that (False == value) with value=False ... passed
09:57:58 INFO  Assert that (False == value) with value=False ... passed
09:57:58 INFO  Assert that (False == value) with value=False ... passed
09:57:59 INFO  Package robotfindskitten is installed
09:57:59 WARN  Assert that (False == value) with value=True ... failed 
09:57:59 INFO  Response status: 201
09:57:59 INFO  Response to action: {
    &quot;creationTime&quot;: &quot;2022-07-27T09:57:59.318Z&quot;,
    &quot;deviceId&quot;: &quot;21450706&quot;,
    &quot;deviceName&quot;: &quot;m32sd10a&quot;,
    &quot;self&quot;: &quot;https://t493319102.eu-latest.cumulocity.com/devicecontrol/operations/21474232&quot;,
    &quot;id&quot;: &quot;21474232&quot;,
    &quot;status&quot;: &quot;PENDING&quot;,
    &quot;description&quot;: &quot;Apply software changes, triggered from PySys: [{'action': 'install', 'id': '5475369', 'name': 'asciijump', 'url': ' ', 'version': '::apt'}, {'action': 'install', 'id': '5474869', 'name': 'robotfindskitten', 'url': ' ', 'version': '::apt'}, {'action': 'install', 'id': '5475279', 'name': 'squirrel3', 'url': ' ', 'version': '::apt'}]&quot;,
    &quot;c8y_SoftwareUpdate&quot;: [
        {
            &quot;name&quot;: &quot;asciijump&quot;,
            &quot;action&quot;: &quot;install&quot;,
            &quot;id&quot;: &quot;5475369&quot;,
            &quot;version&quot;: &quot;::apt&quot;,
            &quot;url&quot;: &quot; &quot;
        },
        {
            &quot;name&quot;: &quot;robotfindskitten&quot;,
            &quot;action&quot;: &quot;install&quot;,
            &quot;id&quot;: &quot;5474869&quot;,
            &quot;version&quot;: &quot;::apt&quot;,
            &quot;url&quot;: &quot; &quot;
        },
        {
            &quot;name&quot;: &quot;squirrel3&quot;,
            &quot;action&quot;: &quot;install&quot;,
            &quot;id&quot;: &quot;5475279&quot;,
            &quot;version&quot;: &quot;::apt&quot;,
            &quot;url&quot;: &quot; &quot;
        }
    ]
}
09:57:59 INFO  Started operation: {'creationTime': '2022-07-27T09:57:59.318Z', 'deviceId': '21450706', 'deviceName': 'm32sd10a', 'self': 'https://t493319102.eu-latest.cumulocity.com/devicecontrol/operations/21474232', 'id': '21474232', 'status': 'PENDING', 'description': &quot;Apply software changes, triggered from PySys: [{'action': 'install', 'id': '5475369', 'name': 'asciijump', 'url': ' ', 'version': '::apt'}, {'action': 'install', 'id': '5474869', 'name': 'robotfindskitten', 'url': ' ', 'version': '::apt'}, {'action': 'install', 'id': '5475279', 'name': 'squirrel3', 'url': ' ', 'version': '::apt'}]&quot;, 'c8y_SoftwareUpdate': [{'name': 'asciijump', 'action': 'install', 'id': '5475369', 'version': '::apt', 'url': ' '}, {'name': 'robotfindskitten', 'action': 'install', 'id': '5474869', 'version': '::apt', 'url': ' '}, {'name': 'squirrel3', 'action': 'install', 'id': '5475279', 'version': '::apt', 'url': ' '}]}
09:58:01 INFO  State of operation 21474232 : PENDING
09:58:03 INFO  State of operation 21474232 : EXECUTING
09:58:06 INFO  State of operation 21474232 : EXECUTING
09:58:08 INFO  State of operation 21474232 : EXECUTING
09:58:10 INFO  State of operation 21474232 : EXECUTING
09:58:12 INFO  State of operation 21474232 : EXECUTING
09:58:15 INFO  State of operation 21474232 : EXECUTING
09:58:18 INFO  State of operation 21474232 : EXECUTING
09:58:20 INFO  State of operation 21474232 : EXECUTING
09:58:23 INFO  State of operation 21474232 : EXECUTING
09:58:25 INFO  State of operation 21474232 : EXECUTING
09:58:27 INFO  State of operation 21474232 : EXECUTING
09:58:29 INFO  State of operation 21474232 : EXECUTING
09:58:32 INFO  State of operation 21474232 : EXECUTING
09:58:34 INFO  State of operation 21474232 : EXECUTING
09:58:36 INFO  State of operation 21474232 : EXECUTING
09:58:38 INFO  State of operation 21474232 : EXECUTING
09:58:41 INFO  State of operation 21474232 : EXECUTING
09:58:43 INFO  State of operation 21474232 : EXECUTING
09:58:46 INFO  State of operation 21474232 : EXECUTING
09:58:48 INFO  State of operation 21474232 : EXECUTING
09:58:51 INFO  State of operation 21474232 : EXECUTING
09:58:53 INFO  State of operation 21474232 : EXECUTING
09:58:56 INFO  State of operation 21474232 : EXECUTING
09:58:58 INFO  State of operation 21474232 : EXECUTING
09:59:01 INFO  State of operation 21474232 : EXECUTING
09:59:03 INFO  State of operation 21474232 : EXECUTING
09:59:06 INFO  State of operation 21474232 : EXECUTING
09:59:08 INFO  State of operation 21474232 : EXECUTING
09:59:11 INFO  State of operation 21474232 : EXECUTING
09:59:13 INFO  State of operation 21474232 : EXECUTING
09:59:15 INFO  State of operation 21474232 : EXECUTING
09:59:17 INFO  State of operation 21474232 : EXECUTING
09:59:19 INFO  State of operation 21474232 : SUCCESSFUL
09:59:20 INFO  Assert that (False == value) with value=False ... passed
09:59:20 INFO  Package asciijump is installed
09:59:20 INFO  Assert that (True == value) with value=True ... passed
09:59:20 INFO  Package squirrel3 is installed
09:59:20 INFO  Assert that (True == value) with value=True ... passed
09:59:20 INFO  Package robotfindskitten is installed
09:59:20 INFO  Assert that (True == value) with value=True ... passed
09:59:21 INFO  Response status: 201
09:59:21 INFO  Response to action: {
    &quot;creationTime&quot;: &quot;2022-07-27T09:59:21.114Z&quot;,
    &quot;deviceId&quot;: &quot;21450706&quot;,
    &quot;deviceName&quot;: &quot;m32sd10a&quot;,
    &quot;self&quot;: &quot;https://t493319102.eu-latest.cumulocity.com/devicecontrol/operations/21474243&quot;,
    &quot;id&quot;: &quot;21474243&quot;,
    &quot;status&quot;: &quot;PENDING&quot;,
    &quot;description&quot;: &quot;Apply software changes, triggered from PySys: [{'action': 'delete', 'id': '5475369', 'name': 'asciijump', 'url': ' ', 'version': '::apt'}, {'action': 'delete', 'id': '5474869', 'name': 'robotfindskitten', 'url': ' ', 'version': '::apt'}, {'action': 'delete', 'id': '5475279', 'name': 'squirrel3', 'url': ' ', 'version': '::apt'}]&quot;,
    &quot;c8y_SoftwareUpdate&quot;: [
        {
            &quot;name&quot;: &quot;asciijump&quot;,
            &quot;action&quot;: &quot;delete&quot;,
            &quot;id&quot;: &quot;5475369&quot;,
            &quot;version&quot;: &quot;::apt&quot;,
            &quot;url&quot;: &quot; &quot;
        },
        {
            &quot;name&quot;: &quot;robotfindskitten&quot;,
            &quot;action&quot;: &quot;delete&quot;,
            &quot;id&quot;: &quot;5474869&quot;,
            &quot;version&quot;: &quot;::apt&quot;,
            &quot;url&quot;: &quot; &quot;
        },
        {
            &quot;name&quot;: &quot;squirrel3&quot;,
            &quot;action&quot;: &quot;delete&quot;,
            &quot;id&quot;: &quot;5475279&quot;,
            &quot;version&quot;: &quot;::apt&quot;,
            &quot;url&quot;: &quot; &quot;
        }
    ]
}
09:59:21 INFO  Started operation: {'creationTime': '2022-07-27T09:59:21.114Z', 'deviceId': '21450706', 'deviceName': 'm32sd10a', 'self': 'https://t493319102.eu-latest.cumulocity.com/devicecontrol/operations/21474243', 'id': '21474243', 'status': 'PENDING', 'description': &quot;Apply software changes, triggered from PySys: [{'action': 'delete', 'id': '5475369', 'name': 'asciijump', 'url': ' ', 'version': '::apt'}, {'action': 'delete', 'id': '5474869', 'name': 'robotfindskitten', 'url': ' ', 'version': '::apt'}, {'action': 'delete', 'id': '5475279', 'name': 'squirrel3', 'url': ' ', 'version': '::apt'}]&quot;, 'c8y_SoftwareUpdate': [{'name': 'asciijump', 'action': 'delete', 'id': '5475369', 'version': '::apt', 'url': ' '}, {'name': 'robotfindskitten', 'action': 'delete', 'id': '5474869', 'version': '::apt', 'url': ' '}, {'name': 'squirrel3', 'action': 'delete', 'id': '5475279', 'version': '::apt', 'url': ' '}]}
09:59:23 INFO  State of operation 21474243 : PENDING
09:59:25 INFO  State of operation 21474243 : EXECUTING
09:59:27 INFO  State of operation 21474243 : EXECUTING
09:59:30 INFO  State of operation 21474243 : EXECUTING
09:59:32 INFO  State of operation 21474243 : EXECUTING
09:59:34 INFO  State of operation 21474243 : EXECUTING
09:59:37 INFO  State of operation 21474243 : EXECUTING
09:59:40 INFO  State of operation 21474243 : EXECUTING
09:59:42 INFO  State of operation 21474243 : EXECUTING
09:59:45 INFO  State of operation 21474243 : EXECUTING
09:59:47 INFO  State of operation 21474243 : EXECUTING
09:59:49 INFO  State of operation 21474243 : EXECUTING
09:59:51 INFO  State of operation 21474243 : EXECUTING
09:59:54 INFO  State of operation 21474243 : EXECUTING
09:59:56 INFO  State of operation 21474243 : EXECUTING
09:59:58 INFO  State of operation 21474243 : EXECUTING
10:00:01 INFO  State of operation 21474243 : EXECUTING
10:00:03 INFO  State of operation 21474243 : EXECUTING
10:00:06 INFO  State of operation 21474243 : EXECUTING
10:00:08 INFO  State of operation 21474243 : EXECUTING
10:00:10 INFO  State of operation 21474243 : EXECUTING
10:00:12 INFO  State of operation 21474243 : EXECUTING
10:00:15 INFO  State of operation 21474243 : EXECUTING
10:00:17 INFO  State of operation 21474243 : EXECUTING
10:00:19 INFO  State of operation 21474243 : EXECUTING
10:00:22 INFO  State of operation 21474243 : EXECUTING
10:00:24 INFO  State of operation 21474243 : EXECUTING
10:00:26 INFO  State of operation 21474243 : SUCCESSFUL
10:00:26 INFO  Assert that (False == value) with value=False ... passed
10:00:27 INFO  Assert that (False == value) with value=False ... passed
10:00:27 INFO  Assert that (False == value) with value=False ... passed
10:00:27 INFO  Assert that (False == value) with value=False ... passed
10:00:27 INFO  
10:00:27 INFO  cleanup:
10:00:31 INFO  Executed sudo&lt;tedge_disconnect_c8y&gt;, exit status 0
10:00:32 INFO  Executed systemctl&lt;serv_mapper5&gt;, exit status 3
10:00:32 INFO  
10:00:32 INFO  Test duration: 179.47 secs
10:00:32 INFO  Test final outcome:  FAILED
10:00:32 INFO  Test outcome reason: Assert that (False == value) with value=True
10:00:32 INFO  
</system-out>
	</testcase>
</testsuite>
