<?xml version="1.0" encoding="utf-8"?>
<testsuite failures="1" name="SoftwareManagement.sm_apt_install_remove_multiple_mixed" skipped="0" tests="1" time="179.5" timestamp="2022-07-22T18:13:43">
	<testcase classname="PySysTest" name="SoftwareManagement.sm_apt_install_remove_multiple_mixed">
		<failure message="BLOCKED: SystemError: Timeout while waiting for status SUCCESSFUL or False" type="BLOCKED"/>
		<system-out>18:10:43 INFO  ==============================================================
18:10:43 INFO  Id:    SoftwareManagement.sm_apt_install_remove_multiple_mixed
18:10:43 INFO  Dir:   software_management_end_to_end/
18:10:43 INFO  Title: Validate end to end behaviour for the apt plugin for multiple packages with mixed versions
18:10:43 INFO  ==============================================================
18:10:43 INFO  Using sw id database: {'asciijump': '5475369', 'robotfindskitten': '5474869', 'squirrel3': '5475279', 'rolldice': '5152439', 'moon-buggy': '5439204', 'apple': '5495053', 'banana': '5494888', 'cherry': '5495382', 'watermelon': '5494510', 'registry': '8018911', 'hello-world': '8021526', 'docker/getting-started': '8021973', 'alpine': '7991792'}
18:10:43 INFO  EnvironmentC8y Setup
18:10:44 INFO  Executed systemctl&lt;serv_mapper1&gt;, exit status 3
18:10:44 INFO  Restarting mosquitto too frequently in the last 10 seconds. It was only up for 4 seconds
18:10:44 INFO  Delaying execution by 7 seconds
18:11:05 INFO  Executed sudo&lt;tedge_connect_c8y&gt;, exit status 0, duration 13 secs
18:11:05 INFO  Executed sudo&lt;tedge_connect_c8y_test&gt;, exit status 0
18:11:06 INFO  Executed systemctl&lt;serv_mosq2&gt;, exit status 0
18:11:06 INFO  Executed systemctl&lt;serv_mapper3&gt;, exit status 0
18:11:09 INFO  State of current operation: SUCCESSFUL
18:11:09 INFO  Assert that (False == value) with value=False ... passed
18:11:09 INFO  Assert that (False == value) with value=False ... passed
18:11:09 INFO  Assert that (False == value) with value=False ... passed
18:11:10 INFO  Assert that (False == value) with value=False ... passed
18:11:10 INFO  Assert that (False == value) with value=False ... passed
18:11:11 INFO  Response status: 201
18:11:11 INFO  Response to action: {
    &quot;creationTime&quot;: &quot;2022-07-22T18:11:11.455Z&quot;,
    &quot;deviceId&quot;: &quot;21301717&quot;,
    &quot;deviceName&quot;: &quot;m32sd10a&quot;,
    &quot;self&quot;: &quot;https://t493319102.eu-latest.cumulocity.com/devicecontrol/operations/21313455&quot;,
    &quot;id&quot;: &quot;21313455&quot;,
    &quot;status&quot;: &quot;PENDING&quot;,
    &quot;description&quot;: &quot;Apply software changes, triggered from PySys: [{'action': 'install', 'id': '5475369', 'name': 'asciijump', 'url': ' ', 'version': '::apt'}, {'action': 'install', 'id': '5474869', 'name': 'robotfindskitten', 'url': ' ', 'version': ' '}, {'action': 'install', 'id': '5475279', 'name': 'squirrel3', 'url': ' ', 'version': '3.1-7::apt'}, {'action': 'install', 'id': '5152439', 'name': 'rolldice', 'url': ' ', 'version': '1.16-1+b1'}, {'action': 'install', 'id': '5439204', 'name': 'moon-buggy', 'url': ' ', 'version': '1:1.0.51-12'}, {'action': 'install', 'id': '5475369', 'name': 'asciijump', 'url': ' ', 'version': '::apt'}]&quot;,
    &quot;c8y_SoftwareUpdate&quot;: [
        {
            &quot;name&quot;: &quot;asciijump&quot;,
            &quot;action&quot;: &quot;install&quot;,
            &quot;id&quot;: &quot;5475369&quot;,
            &quot;version&quot;: &quot;::apt&quot;,
            &quot;url&quot;: &quot; &quot;
        },
        {
            &quot;name&quot;: &quot;robotfindskitten&quot;,
            &quot;action&quot;: &quot;install&quot;,
            &quot;id&quot;: &quot;5474869&quot;,
            &quot;version&quot;: &quot; &quot;,
            &quot;url&quot;: &quot; &quot;
        },
        {
            &quot;name&quot;: &quot;squirrel3&quot;,
            &quot;action&quot;: &quot;install&quot;,
            &quot;id&quot;: &quot;5475279&quot;,
            &quot;version&quot;: &quot;3.1-7::apt&quot;,
            &quot;url&quot;: &quot; &quot;
        },
        {
            &quot;name&quot;: &quot;rolldice&quot;,
            &quot;action&quot;: &quot;install&quot;,
            &quot;id&quot;: &quot;5152439&quot;,
            &quot;version&quot;: &quot;1.16-1+b1&quot;,
            &quot;url&quot;: &quot; &quot;
        },
        {
            &quot;name&quot;: &quot;moon-buggy&quot;,
            &quot;action&quot;: &quot;install&quot;,
            &quot;id&quot;: &quot;5439204&quot;,
            &quot;version&quot;: &quot;1:1.0.51-12&quot;,
            &quot;url&quot;: &quot; &quot;
        },
        {
            &quot;name&quot;: &quot;asciijump&quot;,
            &quot;action&quot;: &quot;install&quot;,
            &quot;id&quot;: &quot;5475369&quot;,
            &quot;version&quot;: &quot;::apt&quot;,
            &quot;url&quot;: &quot; &quot;
        }
    ]
}
18:11:11 INFO  Started operation: {'creationTime': '2022-07-22T18:11:11.455Z', 'deviceId': '21301717', 'deviceName': 'm32sd10a', 'self': 'https://t493319102.eu-latest.cumulocity.com/devicecontrol/operations/21313455', 'id': '21313455', 'status': 'PENDING', 'description': &quot;Apply software changes, triggered from PySys: [{'action': 'install', 'id': '5475369', 'name': 'asciijump', 'url': ' ', 'version': '::apt'}, {'action': 'install', 'id': '5474869', 'name': 'robotfindskitten', 'url': ' ', 'version': ' '}, {'action': 'install', 'id': '5475279', 'name': 'squirrel3', 'url': ' ', 'version': '3.1-7::apt'}, {'action': 'install', 'id': '5152439', 'name': 'rolldice', 'url': ' ', 'version': '1.16-1+b1'}, {'action': 'install', 'id': '5439204', 'name': 'moon-buggy', 'url': ' ', 'version': '1:1.0.51-12'}, {'action': 'install', 'id': '5475369', 'name': 'asciijump', 'url': ' ', 'version': '::apt'}]&quot;, 'c8y_SoftwareUpdate': [{'name': 'asciijump', 'action': 'install', 'id': '5475369', 'version': '::apt', 'url': ' '}, {'name': 'robotfindskitten', 'action': 'install', 'id': '5474869', 'version': ' ', 'url': ' '}, {'name': 'squirrel3', 'action': 'install', 'id': '5475279', 'version': '3.1-7::apt', 'url': ' '}, {'name': 'rolldice', 'action': 'install', 'id': '5152439', 'version': '1.16-1+b1', 'url': ' '}, {'name': 'moon-buggy', 'action': 'install', 'id': '5439204', 'version': '1:1.0.51-12', 'url': ' '}, {'name': 'asciijump', 'action': 'install', 'id': '5475369', 'version': '::apt', 'url': ' '}]}
18:11:13 INFO  State of operation 21313455 : PENDING
18:11:15 INFO  State of operation 21313455 : EXECUTING
18:11:18 INFO  State of operation 21313455 : EXECUTING
18:11:20 INFO  State of operation 21313455 : EXECUTING
18:11:22 INFO  State of operation 21313455 : EXECUTING
18:11:24 INFO  State of operation 21313455 : EXECUTING
18:11:27 INFO  State of operation 21313455 : EXECUTING
18:11:30 INFO  State of operation 21313455 : EXECUTING
18:11:32 INFO  State of operation 21313455 : EXECUTING
18:11:35 INFO  State of operation 21313455 : EXECUTING
18:11:37 INFO  State of operation 21313455 : EXECUTING
18:11:39 INFO  State of operation 21313455 : EXECUTING
18:11:41 INFO  State of operation 21313455 : EXECUTING
18:11:44 INFO  State of operation 21313455 : EXECUTING
18:11:46 INFO  State of operation 21313455 : EXECUTING
18:11:48 INFO  State of operation 21313455 : EXECUTING
18:11:50 INFO  State of operation 21313455 : EXECUTING
18:11:53 INFO  State of operation 21313455 : EXECUTING
18:11:56 INFO  State of operation 21313455 : EXECUTING
18:11:58 INFO  State of operation 21313455 : EXECUTING
18:12:00 INFO  State of operation 21313455 : EXECUTING
18:12:03 INFO  State of operation 21313455 : EXECUTING
18:12:05 INFO  State of operation 21313455 : EXECUTING
18:12:08 INFO  State of operation 21313455 : EXECUTING
18:12:10 INFO  State of operation 21313455 : EXECUTING
18:12:13 INFO  State of operation 21313455 : EXECUTING
18:12:15 INFO  State of operation 21313455 : EXECUTING
18:12:18 INFO  State of operation 21313455 : EXECUTING
18:12:20 INFO  State of operation 21313455 : EXECUTING
18:12:22 INFO  State of operation 21313455 : EXECUTING
18:12:25 INFO  State of operation 21313455 : EXECUTING
18:12:27 INFO  State of operation 21313455 : EXECUTING
18:12:29 INFO  State of operation 21313455 : EXECUTING
18:12:31 INFO  State of operation 21313455 : EXECUTING
18:12:34 INFO  State of operation 21313455 : EXECUTING
18:12:36 INFO  State of operation 21313455 : EXECUTING
18:12:38 INFO  State of operation 21313455 : EXECUTING
18:12:41 INFO  State of operation 21313455 : EXECUTING
18:12:44 INFO  State of operation 21313455 : EXECUTING
18:12:46 INFO  State of operation 21313455 : EXECUTING
18:12:48 INFO  State of operation 21313455 : EXECUTING
18:12:50 INFO  State of operation 21313455 : EXECUTING
18:12:53 INFO  State of operation 21313455 : EXECUTING
18:12:55 INFO  State of operation 21313455 : EXECUTING
18:12:57 INFO  State of operation 21313455 : EXECUTING
18:12:59 INFO  State of operation 21313455 : EXECUTING
18:13:02 INFO  State of operation 21313455 : EXECUTING
18:13:04 INFO  State of operation 21313455 : EXECUTING
18:13:06 INFO  State of operation 21313455 : EXECUTING
18:13:09 INFO  State of operation 21313455 : EXECUTING
18:13:11 INFO  State of operation 21313455 : EXECUTING
18:13:13 INFO  State of operation 21313455 : EXECUTING
18:13:16 INFO  State of operation 21313455 : EXECUTING
18:13:18 INFO  State of operation 21313455 : EXECUTING
18:13:20 INFO  State of operation 21313455 : EXECUTING
18:13:23 INFO  State of operation 21313455 : EXECUTING
18:13:25 INFO  State of operation 21313455 : EXECUTING
18:13:28 INFO  State of operation 21313455 : EXECUTING
18:13:30 INFO  State of operation 21313455 : EXECUTING
18:13:33 INFO  State of operation 21313455 : EXECUTING
18:13:35 INFO  State of operation 21313455 : EXECUTING
18:13:37 WARN  SystemError occurred while running test - Timeout while waiting for status SUCCESSFUL or False
Traceback (most recent call last):
  File &quot;/home/pi/env-pysys/lib/python3.7/site-packages/pysys/baserunner.py&quot;, line 1294, in __call__
    self.testObj.execute()
  File &quot;/home/pi/actions-runner/_work/thin-edge.io/thin-edge.io/tests/PySys/software_management_end_to_end/sm_apt_install_remove_multiple_mixed/run.py&quot;, line 89, in execute
    self.wait_until_succcess()
  File &quot;/home/pi/actions-runner/_work/thin-edge.io/thin-edge.io/tests/PySys/software_management_end_to_end/environment_sm_management.py&quot;, line 324, in wait_until_succcess
    self.wait_until_status(&quot;SUCCESSFUL&quot;)
  File &quot;/home/pi/actions-runner/_work/thin-edge.io/thin-edge.io/tests/PySys/software_management_end_to_end/environment_sm_management.py&quot;, line 381, in wait_until_status
    &quot;Timeout while waiting for status %s or %s&quot; % (status, status2)
SystemError: Timeout while waiting for status SUCCESSFUL or False
18:13:37 WARN  SystemError: Timeout while waiting for status SUCCESSFUL or False ... blocked 
18:13:37 INFO  
18:13:37 INFO  cleanup:
18:13:42 INFO  Executed sudo&lt;tedge_disconnect_c8y&gt;, exit status 0
18:13:43 INFO  Executed systemctl&lt;serv_mapper5&gt;, exit status 3
18:13:43 INFO  
18:13:43 INFO  Test duration: 179.50 secs
18:13:43 INFO  Test final outcome:  BLOCKED
18:13:43 INFO  Test outcome reason: SystemError: Timeout while waiting for status SUCCESSFUL or False
18:13:43 INFO  
</system-out>
	</testcase>
</testsuite>
