<?xml version="1.0" encoding="utf-8"?>
<testsuite failures="1" name="SoftwareManagement.sm_apt_install_remove_multiple_mixed" skipped="0" tests="1" time="178.13" timestamp="2022-07-20T13:40:23">
	<testcase classname="PySysTest" name="SoftwareManagement.sm_apt_install_remove_multiple_mixed">
		<failure message="BLOCKED: SystemError: Timeout while waiting for status SUCCESSFUL or False" type="BLOCKED"/>
		<system-out>13:37:25 INFO  ==============================================================
13:37:25 INFO  Id:    SoftwareManagement.sm_apt_install_remove_multiple_mixed
13:37:25 INFO  Dir:   software_management_end_to_end/
13:37:25 INFO  Title: Validate end to end behaviour for the apt plugin for multiple packages with mixed versions
13:37:25 INFO  ==============================================================
13:37:25 INFO  Using sw id database: {'asciijump': '5475369', 'robotfindskitten': '5474869', 'squirrel3': '5475279', 'rolldice': '5152439', 'moon-buggy': '5439204', 'apple': '5495053', 'banana': '5494888', 'cherry': '5495382', 'watermelon': '5494510', 'registry': '8018911', 'hello-world': '8021526', 'docker/getting-started': '8021973', 'alpine': '7991792'}
13:37:25 INFO  EnvironmentC8y Setup
13:37:25 INFO  Executed systemctl&lt;serv_mapper1&gt;, exit status 3
13:37:25 INFO  Restarting mosquitto too frequently in the last 10 seconds. It was only up for 5 seconds
13:37:25 INFO  Delaying execution by 6 seconds
13:37:45 INFO  Executed sudo&lt;tedge_connect_c8y&gt;, exit status 0, duration 14 secs
13:37:46 INFO  Executed sudo&lt;tedge_connect_c8y_test&gt;, exit status 0
13:37:47 INFO  Executed systemctl&lt;serv_mosq2&gt;, exit status 0
13:37:47 INFO  Executed systemctl&lt;serv_mapper3&gt;, exit status 0
13:37:49 INFO  State of current operation: SUCCESSFUL
13:37:50 INFO  Assert that (False == value) with value=False ... passed
13:37:50 INFO  Assert that (False == value) with value=False ... passed
13:37:50 INFO  Assert that (False == value) with value=False ... passed
13:37:50 INFO  Assert that (False == value) with value=False ... passed
13:37:50 INFO  Assert that (False == value) with value=False ... passed
13:37:52 INFO  Response status: 201
13:37:52 INFO  Response to action: {
    &quot;creationTime&quot;: &quot;2022-07-20T13:37:52.113Z&quot;,
    &quot;deviceId&quot;: &quot;21084235&quot;,
    &quot;deviceName&quot;: &quot;m32sd10a&quot;,
    &quot;self&quot;: &quot;https://t493319102.eu-latest.cumulocity.com/devicecontrol/operations/21093584&quot;,
    &quot;id&quot;: &quot;21093584&quot;,
    &quot;status&quot;: &quot;PENDING&quot;,
    &quot;description&quot;: &quot;Apply software changes, triggered from PySys: [{'action': 'install', 'id': '5475369', 'name': 'asciijump', 'url': ' ', 'version': '::apt'}, {'action': 'install', 'id': '5474869', 'name': 'robotfindskitten', 'url': ' ', 'version': ' '}, {'action': 'install', 'id': '5475279', 'name': 'squirrel3', 'url': ' ', 'version': '3.1-7::apt'}, {'action': 'install', 'id': '5152439', 'name': 'rolldice', 'url': ' ', 'version': '1.16-1+b1'}, {'action': 'install', 'id': '5439204', 'name': 'moon-buggy', 'url': ' ', 'version': '1:1.0.51-12'}, {'action': 'install', 'id': '5475369', 'name': 'asciijump', 'url': ' ', 'version': '::apt'}]&quot;,
    &quot;c8y_SoftwareUpdate&quot;: [
        {
            &quot;name&quot;: &quot;asciijump&quot;,
            &quot;action&quot;: &quot;install&quot;,
            &quot;id&quot;: &quot;5475369&quot;,
            &quot;version&quot;: &quot;::apt&quot;,
            &quot;url&quot;: &quot; &quot;
        },
        {
            &quot;name&quot;: &quot;robotfindskitten&quot;,
            &quot;action&quot;: &quot;install&quot;,
            &quot;id&quot;: &quot;5474869&quot;,
            &quot;version&quot;: &quot; &quot;,
            &quot;url&quot;: &quot; &quot;
        },
        {
            &quot;name&quot;: &quot;squirrel3&quot;,
            &quot;action&quot;: &quot;install&quot;,
            &quot;id&quot;: &quot;5475279&quot;,
            &quot;version&quot;: &quot;3.1-7::apt&quot;,
            &quot;url&quot;: &quot; &quot;
        },
        {
            &quot;name&quot;: &quot;rolldice&quot;,
            &quot;action&quot;: &quot;install&quot;,
            &quot;id&quot;: &quot;5152439&quot;,
            &quot;version&quot;: &quot;1.16-1+b1&quot;,
            &quot;url&quot;: &quot; &quot;
        },
        {
            &quot;name&quot;: &quot;moon-buggy&quot;,
            &quot;action&quot;: &quot;install&quot;,
            &quot;id&quot;: &quot;5439204&quot;,
            &quot;version&quot;: &quot;1:1.0.51-12&quot;,
            &quot;url&quot;: &quot; &quot;
        },
        {
            &quot;name&quot;: &quot;asciijump&quot;,
            &quot;action&quot;: &quot;install&quot;,
            &quot;id&quot;: &quot;5475369&quot;,
            &quot;version&quot;: &quot;::apt&quot;,
            &quot;url&quot;: &quot; &quot;
        }
    ]
}
13:37:52 INFO  Started operation: {'creationTime': '2022-07-20T13:37:52.113Z', 'deviceId': '21084235', 'deviceName': 'm32sd10a', 'self': 'https://t493319102.eu-latest.cumulocity.com/devicecontrol/operations/21093584', 'id': '21093584', 'status': 'PENDING', 'description': &quot;Apply software changes, triggered from PySys: [{'action': 'install', 'id': '5475369', 'name': 'asciijump', 'url': ' ', 'version': '::apt'}, {'action': 'install', 'id': '5474869', 'name': 'robotfindskitten', 'url': ' ', 'version': ' '}, {'action': 'install', 'id': '5475279', 'name': 'squirrel3', 'url': ' ', 'version': '3.1-7::apt'}, {'action': 'install', 'id': '5152439', 'name': 'rolldice', 'url': ' ', 'version': '1.16-1+b1'}, {'action': 'install', 'id': '5439204', 'name': 'moon-buggy', 'url': ' ', 'version': '1:1.0.51-12'}, {'action': 'install', 'id': '5475369', 'name': 'asciijump', 'url': ' ', 'version': '::apt'}]&quot;, 'c8y_SoftwareUpdate': [{'name': 'asciijump', 'action': 'install', 'id': '5475369', 'version': '::apt', 'url': ' '}, {'name': 'robotfindskitten', 'action': 'install', 'id': '5474869', 'version': ' ', 'url': ' '}, {'name': 'squirrel3', 'action': 'install', 'id': '5475279', 'version': '3.1-7::apt', 'url': ' '}, {'name': 'rolldice', 'action': 'install', 'id': '5152439', 'version': '1.16-1+b1', 'url': ' '}, {'name': 'moon-buggy', 'action': 'install', 'id': '5439204', 'version': '1:1.0.51-12', 'url': ' '}, {'name': 'asciijump', 'action': 'install', 'id': '5475369', 'version': '::apt', 'url': ' '}]}
13:37:54 INFO  State of operation 21093584 : PENDING
13:37:56 INFO  State of operation 21093584 : EXECUTING
13:37:58 INFO  State of operation 21093584 : EXECUTING
13:38:01 INFO  State of operation 21093584 : EXECUTING
13:38:03 INFO  State of operation 21093584 : EXECUTING
13:38:05 INFO  State of operation 21093584 : EXECUTING
13:38:08 INFO  State of operation 21093584 : EXECUTING
13:38:10 INFO  State of operation 21093584 : EXECUTING
13:38:13 INFO  State of operation 21093584 : EXECUTING
13:38:15 INFO  State of operation 21093584 : EXECUTING
13:38:17 INFO  State of operation 21093584 : EXECUTING
13:38:20 INFO  State of operation 21093584 : EXECUTING
13:38:22 INFO  State of operation 21093584 : EXECUTING
13:38:24 INFO  State of operation 21093584 : EXECUTING
13:38:26 INFO  State of operation 21093584 : EXECUTING
13:38:29 INFO  State of operation 21093584 : EXECUTING
13:38:31 INFO  State of operation 21093584 : EXECUTING
13:38:34 INFO  State of operation 21093584 : EXECUTING
13:38:36 INFO  State of operation 21093584 : EXECUTING
13:38:38 INFO  State of operation 21093584 : EXECUTING
13:38:40 INFO  State of operation 21093584 : EXECUTING
13:38:43 INFO  State of operation 21093584 : EXECUTING
13:38:45 INFO  State of operation 21093584 : EXECUTING
13:38:47 INFO  State of operation 21093584 : EXECUTING
13:38:49 INFO  State of operation 21093584 : EXECUTING
13:38:52 INFO  State of operation 21093584 : EXECUTING
13:38:54 INFO  State of operation 21093584 : EXECUTING
13:38:57 INFO  State of operation 21093584 : EXECUTING
13:38:59 INFO  State of operation 21093584 : EXECUTING
13:39:01 INFO  State of operation 21093584 : EXECUTING
13:39:04 INFO  State of operation 21093584 : EXECUTING
13:39:06 INFO  State of operation 21093584 : EXECUTING
13:39:08 INFO  State of operation 21093584 : EXECUTING
13:39:10 INFO  State of operation 21093584 : EXECUTING
13:39:13 INFO  State of operation 21093584 : EXECUTING
13:39:15 INFO  State of operation 21093584 : EXECUTING
13:39:17 INFO  State of operation 21093584 : EXECUTING
13:39:19 INFO  State of operation 21093584 : EXECUTING
13:39:22 INFO  State of operation 21093584 : EXECUTING
13:39:25 INFO  State of operation 21093584 : EXECUTING
13:39:28 INFO  State of operation 21093584 : EXECUTING
13:39:30 INFO  State of operation 21093584 : EXECUTING
13:39:32 INFO  State of operation 21093584 : EXECUTING
13:39:34 INFO  State of operation 21093584 : EXECUTING
13:39:36 INFO  State of operation 21093584 : EXECUTING
13:39:39 INFO  State of operation 21093584 : EXECUTING
13:39:41 INFO  State of operation 21093584 : EXECUTING
13:39:43 INFO  State of operation 21093584 : EXECUTING
13:39:46 INFO  State of operation 21093584 : EXECUTING
13:39:49 INFO  State of operation 21093584 : EXECUTING
13:39:51 INFO  State of operation 21093584 : EXECUTING
13:39:53 INFO  State of operation 21093584 : EXECUTING
13:39:55 INFO  State of operation 21093584 : EXECUTING
13:39:58 INFO  State of operation 21093584 : EXECUTING
13:40:00 INFO  State of operation 21093584 : EXECUTING
13:40:03 INFO  State of operation 21093584 : EXECUTING
13:40:05 INFO  State of operation 21093584 : EXECUTING
13:40:08 INFO  State of operation 21093584 : EXECUTING
13:40:10 INFO  State of operation 21093584 : EXECUTING
13:40:12 INFO  State of operation 21093584 : EXECUTING
13:40:15 INFO  State of operation 21093584 : EXECUTING
13:40:17 WARN  SystemError occurred while running test - Timeout while waiting for status SUCCESSFUL or False
Traceback (most recent call last):
  File &quot;/home/pi/env-pysys/lib/python3.7/site-packages/pysys/baserunner.py&quot;, line 1294, in __call__
    self.testObj.execute()
  File &quot;/home/pi/actions-runner/_work/thin-edge.io/thin-edge.io/tests/PySys/software_management_end_to_end/sm_apt_install_remove_multiple_mixed/run.py&quot;, line 89, in execute
    self.wait_until_succcess()
  File &quot;/home/pi/actions-runner/_work/thin-edge.io/thin-edge.io/tests/PySys/software_management_end_to_end/environment_sm_management.py&quot;, line 324, in wait_until_succcess
    self.wait_until_status(&quot;SUCCESSFUL&quot;)
  File &quot;/home/pi/actions-runner/_work/thin-edge.io/thin-edge.io/tests/PySys/software_management_end_to_end/environment_sm_management.py&quot;, line 381, in wait_until_status
    &quot;Timeout while waiting for status %s or %s&quot; % (status, status2)
SystemError: Timeout while waiting for status SUCCESSFUL or False
13:40:17 WARN  SystemError: Timeout while waiting for status SUCCESSFUL or False ... blocked 
13:40:17 INFO  
13:40:17 INFO  cleanup:
13:40:22 INFO  Executed sudo&lt;tedge_disconnect_c8y&gt;, exit status 0
13:40:23 INFO  Executed systemctl&lt;serv_mapper5&gt;, exit status 3
13:40:23 INFO  
13:40:23 INFO  Test duration: 178.13 secs
13:40:23 INFO  Test final outcome:  BLOCKED
13:40:23 INFO  Test outcome reason: SystemError: Timeout while waiting for status SUCCESSFUL or False
13:40:23 INFO  
</system-out>
	</testcase>
</testsuite>
