<?xml version="1.0" encoding="utf-8"?>
<testsuite failures="1" name="SoftwareManagement.sm_apt_install_remove_multiple" skipped="0" tests="1" time="180.27" timestamp="2022-07-19T14:23:42">
	<testcase classname="PySysTest" name="SoftwareManagement.sm_apt_install_remove_multiple">
		<failure message="FAILED: Assert that (False == value) with value=True" type="FAILED"/>
		<system-out>14:20:41 INFO  ==============================================================
14:20:41 INFO  Id:    SoftwareManagement.sm_apt_install_remove_multiple
14:20:41 INFO  Dir:   software_management_end_to_end/
14:20:41 INFO  Title: Validate end to end behaviour for the apt plugin for multiple packages
14:20:41 INFO  ==============================================================
14:20:41 INFO  Using sw id database: {'asciijump': '5475369', 'robotfindskitten': '5474869', 'squirrel3': '5475279', 'rolldice': '5152439', 'moon-buggy': '5439204', 'apple': '5495053', 'banana': '5494888', 'cherry': '5495382', 'watermelon': '5494510', 'registry': '8018911', 'hello-world': '8021526', 'docker/getting-started': '8021973', 'alpine': '7991792'}
14:20:41 INFO  EnvironmentC8y Setup
14:20:42 INFO  Executed systemctl&lt;serv_mapper1&gt;, exit status 3
14:20:42 INFO  Restarting mosquitto too frequently in the last 10 seconds. It was only up for 4 seconds
14:20:42 INFO  Delaying execution by 7 seconds
14:21:03 INFO  Executed sudo&lt;tedge_connect_c8y&gt;, exit status 0, duration 13 secs
14:21:04 INFO  Executed sudo&lt;tedge_connect_c8y_test&gt;, exit status 0
14:21:04 INFO  Executed systemctl&lt;serv_mosq2&gt;, exit status 0
14:21:05 INFO  Executed systemctl&lt;serv_mapper3&gt;, exit status 0
14:21:07 INFO  State of current operation: SUCCESSFUL
14:21:07 INFO  Assert that (False == value) with value=False ... passed
14:21:07 INFO  Assert that (False == value) with value=False ... passed
14:21:08 INFO  Assert that (False == value) with value=False ... passed
14:21:08 INFO  Package robotfindskitten is installed
14:21:08 WARN  Assert that (False == value) with value=True ... failed 
14:21:08 INFO  Response status: 201
14:21:08 INFO  Response to action: {
    &quot;creationTime&quot;: &quot;2022-07-19T14:21:08.653Z&quot;,
    &quot;deviceId&quot;: &quot;21041101&quot;,
    &quot;deviceName&quot;: &quot;m32sd10a&quot;,
    &quot;self&quot;: &quot;https://t493319102.eu-latest.cumulocity.com/devicecontrol/operations/21054939&quot;,
    &quot;id&quot;: &quot;21054939&quot;,
    &quot;status&quot;: &quot;PENDING&quot;,
    &quot;description&quot;: &quot;Apply software changes, triggered from PySys: [{'action': 'install', 'id': '5475369', 'name': 'asciijump', 'url': ' ', 'version': '::apt'}, {'action': 'install', 'id': '5474869', 'name': 'robotfindskitten', 'url': ' ', 'version': '::apt'}, {'action': 'install', 'id': '5475279', 'name': 'squirrel3', 'url': ' ', 'version': '::apt'}]&quot;,
    &quot;c8y_SoftwareUpdate&quot;: [
        {
            &quot;name&quot;: &quot;asciijump&quot;,
            &quot;action&quot;: &quot;install&quot;,
            &quot;id&quot;: &quot;5475369&quot;,
            &quot;version&quot;: &quot;::apt&quot;,
            &quot;url&quot;: &quot; &quot;
        },
        {
            &quot;name&quot;: &quot;robotfindskitten&quot;,
            &quot;action&quot;: &quot;install&quot;,
            &quot;id&quot;: &quot;5474869&quot;,
            &quot;version&quot;: &quot;::apt&quot;,
            &quot;url&quot;: &quot; &quot;
        },
        {
            &quot;name&quot;: &quot;squirrel3&quot;,
            &quot;action&quot;: &quot;install&quot;,
            &quot;id&quot;: &quot;5475279&quot;,
            &quot;version&quot;: &quot;::apt&quot;,
            &quot;url&quot;: &quot; &quot;
        }
    ]
}
14:21:08 INFO  Started operation: {'creationTime': '2022-07-19T14:21:08.653Z', 'deviceId': '21041101', 'deviceName': 'm32sd10a', 'self': 'https://t493319102.eu-latest.cumulocity.com/devicecontrol/operations/21054939', 'id': '21054939', 'status': 'PENDING', 'description': &quot;Apply software changes, triggered from PySys: [{'action': 'install', 'id': '5475369', 'name': 'asciijump', 'url': ' ', 'version': '::apt'}, {'action': 'install', 'id': '5474869', 'name': 'robotfindskitten', 'url': ' ', 'version': '::apt'}, {'action': 'install', 'id': '5475279', 'name': 'squirrel3', 'url': ' ', 'version': '::apt'}]&quot;, 'c8y_SoftwareUpdate': [{'name': 'asciijump', 'action': 'install', 'id': '5475369', 'version': '::apt', 'url': ' '}, {'name': 'robotfindskitten', 'action': 'install', 'id': '5474869', 'version': '::apt', 'url': ' '}, {'name': 'squirrel3', 'action': 'install', 'id': '5475279', 'version': '::apt', 'url': ' '}]}
14:21:10 INFO  State of operation 21054939 : PENDING
14:21:13 INFO  State of operation 21054939 : EXECUTING
14:21:15 INFO  State of operation 21054939 : EXECUTING
14:21:17 INFO  State of operation 21054939 : EXECUTING
14:21:19 INFO  State of operation 21054939 : EXECUTING
14:21:22 INFO  State of operation 21054939 : EXECUTING
14:21:24 INFO  State of operation 21054939 : EXECUTING
14:21:27 INFO  State of operation 21054939 : EXECUTING
14:21:30 INFO  State of operation 21054939 : EXECUTING
14:21:32 INFO  State of operation 21054939 : EXECUTING
14:21:34 INFO  State of operation 21054939 : EXECUTING
14:21:36 INFO  State of operation 21054939 : EXECUTING
14:21:38 INFO  State of operation 21054939 : EXECUTING
14:21:41 INFO  State of operation 21054939 : EXECUTING
14:21:43 INFO  State of operation 21054939 : EXECUTING
14:21:45 INFO  State of operation 21054939 : EXECUTING
14:21:48 INFO  State of operation 21054939 : EXECUTING
14:21:50 INFO  State of operation 21054939 : EXECUTING
14:21:53 INFO  State of operation 21054939 : EXECUTING
14:21:55 INFO  State of operation 21054939 : EXECUTING
14:21:57 INFO  State of operation 21054939 : EXECUTING
14:22:00 INFO  State of operation 21054939 : EXECUTING
14:22:02 INFO  State of operation 21054939 : EXECUTING
14:22:05 INFO  State of operation 21054939 : EXECUTING
14:22:07 INFO  State of operation 21054939 : EXECUTING
14:22:09 INFO  State of operation 21054939 : EXECUTING
14:22:12 INFO  State of operation 21054939 : EXECUTING
14:22:14 INFO  State of operation 21054939 : EXECUTING
14:22:16 INFO  State of operation 21054939 : EXECUTING
14:22:18 INFO  State of operation 21054939 : EXECUTING
14:22:21 INFO  State of operation 21054939 : EXECUTING
14:22:23 INFO  State of operation 21054939 : EXECUTING
14:22:25 INFO  State of operation 21054939 : EXECUTING
14:22:27 INFO  State of operation 21054939 : EXECUTING
14:22:30 INFO  State of operation 21054939 : SUCCESSFUL
14:22:30 INFO  Assert that (False == value) with value=False ... passed
14:22:30 INFO  Package asciijump is installed
14:22:30 INFO  Assert that (True == value) with value=True ... passed
14:22:30 INFO  Package squirrel3 is installed
14:22:30 INFO  Assert that (True == value) with value=True ... passed
14:22:31 INFO  Package robotfindskitten is installed
14:22:31 INFO  Assert that (True == value) with value=True ... passed
14:22:31 INFO  Response status: 201
14:22:31 INFO  Response to action: {
    &quot;creationTime&quot;: &quot;2022-07-19T14:22:31.211Z&quot;,
    &quot;deviceId&quot;: &quot;21041101&quot;,
    &quot;deviceName&quot;: &quot;m32sd10a&quot;,
    &quot;self&quot;: &quot;https://t493319102.eu-latest.cumulocity.com/devicecontrol/operations/21054947&quot;,
    &quot;id&quot;: &quot;21054947&quot;,
    &quot;status&quot;: &quot;PENDING&quot;,
    &quot;description&quot;: &quot;Apply software changes, triggered from PySys: [{'action': 'delete', 'id': '5475369', 'name': 'asciijump', 'url': ' ', 'version': '::apt'}, {'action': 'delete', 'id': '5474869', 'name': 'robotfindskitten', 'url': ' ', 'version': '::apt'}, {'action': 'delete', 'id': '5475279', 'name': 'squirrel3', 'url': ' ', 'version': '::apt'}]&quot;,
    &quot;c8y_SoftwareUpdate&quot;: [
        {
            &quot;name&quot;: &quot;asciijump&quot;,
            &quot;action&quot;: &quot;delete&quot;,
            &quot;id&quot;: &quot;5475369&quot;,
            &quot;version&quot;: &quot;::apt&quot;,
            &quot;url&quot;: &quot; &quot;
        },
        {
            &quot;name&quot;: &quot;robotfindskitten&quot;,
            &quot;action&quot;: &quot;delete&quot;,
            &quot;id&quot;: &quot;5474869&quot;,
            &quot;version&quot;: &quot;::apt&quot;,
            &quot;url&quot;: &quot; &quot;
        },
        {
            &quot;name&quot;: &quot;squirrel3&quot;,
            &quot;action&quot;: &quot;delete&quot;,
            &quot;id&quot;: &quot;5475279&quot;,
            &quot;version&quot;: &quot;::apt&quot;,
            &quot;url&quot;: &quot; &quot;
        }
    ]
}
14:22:31 INFO  Started operation: {'creationTime': '2022-07-19T14:22:31.211Z', 'deviceId': '21041101', 'deviceName': 'm32sd10a', 'self': 'https://t493319102.eu-latest.cumulocity.com/devicecontrol/operations/21054947', 'id': '21054947', 'status': 'PENDING', 'description': &quot;Apply software changes, triggered from PySys: [{'action': 'delete', 'id': '5475369', 'name': 'asciijump', 'url': ' ', 'version': '::apt'}, {'action': 'delete', 'id': '5474869', 'name': 'robotfindskitten', 'url': ' ', 'version': '::apt'}, {'action': 'delete', 'id': '5475279', 'name': 'squirrel3', 'url': ' ', 'version': '::apt'}]&quot;, 'c8y_SoftwareUpdate': [{'name': 'asciijump', 'action': 'delete', 'id': '5475369', 'version': '::apt', 'url': ' '}, {'name': 'robotfindskitten', 'action': 'delete', 'id': '5474869', 'version': '::apt', 'url': ' '}, {'name': 'squirrel3', 'action': 'delete', 'id': '5475279', 'version': '::apt', 'url': ' '}]}
14:22:33 INFO  State of operation 21054947 : PENDING
14:22:35 INFO  State of operation 21054947 : EXECUTING
14:22:37 INFO  State of operation 21054947 : EXECUTING
14:22:40 INFO  State of operation 21054947 : EXECUTING
14:22:42 INFO  State of operation 21054947 : EXECUTING
14:22:44 INFO  State of operation 21054947 : EXECUTING
14:22:47 INFO  State of operation 21054947 : EXECUTING
14:22:50 INFO  State of operation 21054947 : EXECUTING
14:22:52 INFO  State of operation 21054947 : EXECUTING
14:22:54 INFO  State of operation 21054947 : EXECUTING
14:22:57 INFO  State of operation 21054947 : EXECUTING
14:22:59 INFO  State of operation 21054947 : EXECUTING
14:23:01 INFO  State of operation 21054947 : EXECUTING
14:23:03 INFO  State of operation 21054947 : EXECUTING
14:23:06 INFO  State of operation 21054947 : EXECUTING
14:23:08 INFO  State of operation 21054947 : EXECUTING
14:23:10 INFO  State of operation 21054947 : EXECUTING
14:23:13 INFO  State of operation 21054947 : EXECUTING
14:23:16 INFO  State of operation 21054947 : EXECUTING
14:23:18 INFO  State of operation 21054947 : EXECUTING
14:23:20 INFO  State of operation 21054947 : EXECUTING
14:23:22 INFO  State of operation 21054947 : EXECUTING
14:23:24 INFO  State of operation 21054947 : EXECUTING
14:23:27 INFO  State of operation 21054947 : EXECUTING
14:23:29 INFO  State of operation 21054947 : EXECUTING
14:23:32 INFO  State of operation 21054947 : EXECUTING
14:23:34 INFO  State of operation 21054947 : EXECUTING
14:23:36 INFO  State of operation 21054947 : SUCCESSFUL
14:23:36 INFO  Assert that (False == value) with value=False ... passed
14:23:37 INFO  Assert that (False == value) with value=False ... passed
14:23:37 INFO  Assert that (False == value) with value=False ... passed
14:23:37 INFO  Assert that (False == value) with value=False ... passed
14:23:37 INFO  
14:23:37 INFO  cleanup:
14:23:41 INFO  Executed sudo&lt;tedge_disconnect_c8y&gt;, exit status 0
14:23:42 INFO  Executed systemctl&lt;serv_mapper5&gt;, exit status 3
14:23:42 INFO  
14:23:42 INFO  Test duration: 180.27 secs
14:23:42 INFO  Test final outcome:  FAILED
14:23:42 INFO  Test outcome reason: Assert that (False == value) with value=True
14:23:42 INFO  
</system-out>
	</testcase>
</testsuite>
