<?xml version="1.0" encoding="utf-8"?>
<testsuite failures="1" name="SoftwareManagement.sm_apt_install_fail" skipped="0" tests="1" time="165.89" timestamp="2022-05-25T13:22:02">
	<testcase classname="PySysTest" name="SoftwareManagement.sm_apt_install_fail">
		<failure message="BLOCKED: SystemError: Timeout while waiting for status FAILED or SUCCESSFUL" type="BLOCKED"/>
		<system-out>13:19:16 INFO  ==============================================================
13:19:16 INFO  Id:    SoftwareManagement.sm_apt_install_fail
13:19:16 INFO  Dir:   software_management_end_to_end/
13:19:16 INFO  Title: Validate end to end behaviour for a failing installation
13:19:16 INFO  ==============================================================
13:19:16 INFO  Using sw id database: {'asciijump': '5475369', 'robotfindskitten': '5474869', 'squirrel3': '5475279', 'rolldice': '5152439', 'moon-buggy': '5439204', 'apple': '5495053', 'banana': '5494888', 'cherry': '5495382', 'watermelon': '5494510', 'registry': '8018911', 'hello-world': '8021526', 'docker/getting-started': '8021973', 'alpine': '7991792'}
13:19:16 INFO  EnvironmentC8y Setup
13:19:17 INFO  Executed systemctl&lt;serv_mapper1&gt;, exit status 3
13:19:17 INFO  Restarting mosquitto too frequently in the last 10 seconds. It was only up for 5 seconds
13:19:17 INFO  Delaying execution by 6 seconds
13:19:37 INFO  Executed sudo&lt;tedge_connect_c8y&gt;, exit status 0, duration 13 secs
13:19:37 INFO  Executed sudo&lt;tedge_connect_c8y_test&gt;, exit status 0
13:19:38 INFO  Executed systemctl&lt;serv_mosq2&gt;, exit status 0
13:19:38 INFO  Executed systemctl&lt;serv_mapper3&gt;, exit status 0
13:19:41 INFO  State of current operation: PENDING
13:19:43 INFO  State of current operation: PENDING
13:19:45 INFO  State of current operation: PENDING
13:19:47 INFO  State of current operation: PENDING
13:19:50 INFO  State of current operation: PENDING
13:19:52 INFO  State of current operation: PENDING
13:19:54 INFO  State of current operation: PENDING
13:19:57 INFO  State of current operation: PENDING
13:19:59 INFO  State of current operation: PENDING
13:20:01 INFO  State of current operation: PENDING
13:20:03 INFO  State of current operation: PENDING
13:20:05 INFO  State of current operation: PENDING
13:20:08 INFO  State of current operation: PENDING
13:20:10 INFO  State of current operation: PENDING
13:20:12 INFO  State of current operation: PENDING
13:20:14 INFO  State of current operation: PENDING
13:20:17 INFO  State of current operation: PENDING
13:20:19 INFO  State of current operation: PENDING
13:20:21 INFO  State of current operation: PENDING
13:20:23 INFO  State of current operation: PENDING
13:20:25 INFO  State of current operation: PENDING
13:20:28 INFO  State of current operation: PENDING
13:20:30 INFO  State of current operation: PENDING
13:20:32 INFO  State of current operation: PENDING
13:20:34 INFO  State of current operation: PENDING
13:20:37 INFO  State of current operation: PENDING
13:20:39 INFO  State of current operation: PENDING
13:20:41 INFO  State of current operation: PENDING
13:20:43 INFO  State of current operation: PENDING
13:20:46 INFO  State of current operation: PENDING
13:20:48 INFO  State of current operation: PENDING
13:20:50 INFO  State of current operation: PENDING
13:20:52 INFO  State of current operation: PENDING
13:20:55 INFO  State of current operation: PENDING
13:20:57 INFO  State of current operation: PENDING
13:20:59 INFO  State of current operation: PENDING
13:21:01 INFO  State of current operation: PENDING
13:21:04 INFO  State of current operation: PENDING
13:21:06 INFO  State of current operation: PENDING
13:21:08 INFO  State of current operation: PENDING
13:21:10 INFO  State of current operation: PENDING
13:21:13 INFO  State of current operation: PENDING
13:21:15 INFO  State of current operation: PENDING
13:21:17 INFO  State of current operation: PENDING
13:21:19 INFO  State of current operation: PENDING
13:21:22 INFO  State of current operation: PENDING
13:21:24 INFO  State of current operation: PENDING
13:21:26 INFO  State of current operation: PENDING
13:21:28 INFO  State of current operation: PENDING
13:21:30 INFO  State of current operation: PENDING
13:21:33 INFO  State of current operation: PENDING
13:21:35 INFO  State of current operation: PENDING
13:21:37 INFO  State of current operation: PENDING
13:21:39 INFO  State of current operation: PENDING
13:21:42 INFO  State of current operation: PENDING
13:21:44 INFO  State of current operation: PENDING
13:21:46 INFO  State of current operation: PENDING
13:21:48 INFO  State of current operation: PENDING
13:21:51 INFO  State of current operation: PENDING
13:21:53 INFO  State of current operation: PENDING
13:21:55 INFO  State of current operation: PENDING
13:21:57 WARN  SystemError occurred while running test - Timeout while waiting for status FAILED or SUCCESSFUL
Traceback (most recent call last):
  File &quot;/home/pi/env-pysys/lib/python3.7/site-packages/pysys/baserunner.py&quot;, line 1292, in __call__
    self.testObj.setup()
  File &quot;/home/pi/actions-runner/_work/thin-edge.io/thin-edge.io/tests/PySys/software_management_end_to_end/sm_apt_install_fail/run.py&quot;, line 20, in setup
    super().setup()
  File &quot;/home/pi/actions-runner/_work/thin-edge.io/thin-edge.io/tests/PySys/software_management_end_to_end/environment_sm_management.py&quot;, line 151, in setup
    self.wait_until_end()
  File &quot;/home/pi/actions-runner/_work/thin-edge.io/thin-edge.io/tests/PySys/software_management_end_to_end/environment_sm_management.py&quot;, line 332, in wait_until_end
    self.wait_until_status(&quot;FAILED&quot;, &quot;SUCCESSFUL&quot;)
  File &quot;/home/pi/actions-runner/_work/thin-edge.io/thin-edge.io/tests/PySys/software_management_end_to_end/environment_sm_management.py&quot;, line 381, in wait_until_status
    &quot;Timeout while waiting for status %s or %s&quot; % (status, status2)
SystemError: Timeout while waiting for status FAILED or SUCCESSFUL
13:21:57 WARN  SystemError: Timeout while waiting for status FAILED or SUCCESSFUL ... blocked 
13:21:57 INFO  
13:21:57 INFO  cleanup:
13:22:01 INFO  Executed sudo&lt;tedge_disconnect_c8y&gt;, exit status 0
13:22:02 INFO  Executed systemctl&lt;serv_mapper5&gt;, exit status 3
13:22:02 INFO  
13:22:02 INFO  Test duration: 165.89 secs
13:22:02 INFO  Test final outcome:  BLOCKED
13:22:02 INFO  Test outcome reason: SystemError: Timeout while waiting for status FAILED or SUCCESSFUL
13:22:02 INFO  
</system-out>
	</testcase>
</testsuite>
