<?xml version="1.0" encoding="utf-8"?>
<testsuite failures="1" name="SoftwareManagement.sm_apt_install_remove_multiple" skipped="0" tests="1" time="178.67" timestamp="2022-06-22T16:34:15">
	<testcase classname="PySysTest" name="SoftwareManagement.sm_apt_install_remove_multiple">
		<failure message="FAILED: Assert that (False == value) with value=True" type="FAILED"/>
		<system-out>16:31:17 INFO  ==============================================================
16:31:17 INFO  Id:    SoftwareManagement.sm_apt_install_remove_multiple
16:31:17 INFO  Dir:   software_management_end_to_end/
16:31:17 INFO  Title: Validate end to end behaviour for the apt plugin for multiple packages
16:31:17 INFO  ==============================================================
16:31:17 INFO  Using sw id database: {'asciijump': '5475369', 'robotfindskitten': '5474869', 'squirrel3': '5475279', 'rolldice': '5152439', 'moon-buggy': '5439204', 'apple': '5495053', 'banana': '5494888', 'cherry': '5495382', 'watermelon': '5494510', 'registry': '8018911', 'hello-world': '8021526', 'docker/getting-started': '8021973', 'alpine': '7991792'}
16:31:17 INFO  EnvironmentC8y Setup
16:31:17 INFO  Executed systemctl&lt;serv_mapper1&gt;, exit status 3
16:31:17 INFO  Restarting mosquitto too frequently in the last 10 seconds. It was only up for 5 seconds
16:31:17 INFO  Delaying execution by 6 seconds
16:31:38 INFO  Executed sudo&lt;tedge_connect_c8y&gt;, exit status 0, duration 14 secs
16:31:38 INFO  Executed sudo&lt;tedge_connect_c8y_test&gt;, exit status 0
16:31:39 INFO  Executed systemctl&lt;serv_mosq2&gt;, exit status 0
16:31:39 INFO  Executed systemctl&lt;serv_mapper3&gt;, exit status 0
16:31:41 INFO  State of current operation: SUCCESSFUL
16:31:42 INFO  Assert that (False == value) with value=False ... passed
16:31:42 INFO  Assert that (False == value) with value=False ... passed
16:31:42 INFO  Assert that (False == value) with value=False ... passed
16:31:42 INFO  Package robotfindskitten is installed
16:31:42 WARN  Assert that (False == value) with value=True ... failed 
16:31:43 INFO  Response status: 201
16:31:43 INFO  Response to action: {
    &quot;creationTime&quot;: &quot;2022-06-22T16:31:43.002Z&quot;,
    &quot;deviceName&quot;: &quot;m32sd10a&quot;,
    &quot;deviceId&quot;: &quot;20418368&quot;,
    &quot;self&quot;: &quot;https://t493319102.eu-latest.cumulocity.com/devicecontrol/operations/20427370&quot;,
    &quot;id&quot;: &quot;20427370&quot;,
    &quot;status&quot;: &quot;PENDING&quot;,
    &quot;description&quot;: &quot;Apply software changes, triggered from PySys: [{'action': 'install', 'id': '5475369', 'name': 'asciijump', 'url': ' ', 'version': '::apt'}, {'action': 'install', 'id': '5474869', 'name': 'robotfindskitten', 'url': ' ', 'version': '::apt'}, {'action': 'install', 'id': '5475279', 'name': 'squirrel3', 'url': ' ', 'version': '::apt'}]&quot;,
    &quot;c8y_SoftwareUpdate&quot;: [
        {
            &quot;name&quot;: &quot;asciijump&quot;,
            &quot;action&quot;: &quot;install&quot;,
            &quot;id&quot;: &quot;5475369&quot;,
            &quot;version&quot;: &quot;::apt&quot;,
            &quot;url&quot;: &quot; &quot;
        },
        {
            &quot;name&quot;: &quot;robotfindskitten&quot;,
            &quot;action&quot;: &quot;install&quot;,
            &quot;id&quot;: &quot;5474869&quot;,
            &quot;version&quot;: &quot;::apt&quot;,
            &quot;url&quot;: &quot; &quot;
        },
        {
            &quot;name&quot;: &quot;squirrel3&quot;,
            &quot;action&quot;: &quot;install&quot;,
            &quot;id&quot;: &quot;5475279&quot;,
            &quot;version&quot;: &quot;::apt&quot;,
            &quot;url&quot;: &quot; &quot;
        }
    ]
}
16:31:43 INFO  Started operation: {'creationTime': '2022-06-22T16:31:43.002Z', 'deviceName': 'm32sd10a', 'deviceId': '20418368', 'self': 'https://t493319102.eu-latest.cumulocity.com/devicecontrol/operations/20427370', 'id': '20427370', 'status': 'PENDING', 'description': &quot;Apply software changes, triggered from PySys: [{'action': 'install', 'id': '5475369', 'name': 'asciijump', 'url': ' ', 'version': '::apt'}, {'action': 'install', 'id': '5474869', 'name': 'robotfindskitten', 'url': ' ', 'version': '::apt'}, {'action': 'install', 'id': '5475279', 'name': 'squirrel3', 'url': ' ', 'version': '::apt'}]&quot;, 'c8y_SoftwareUpdate': [{'name': 'asciijump', 'action': 'install', 'id': '5475369', 'version': '::apt', 'url': ' '}, {'name': 'robotfindskitten', 'action': 'install', 'id': '5474869', 'version': '::apt', 'url': ' '}, {'name': 'squirrel3', 'action': 'install', 'id': '5475279', 'version': '::apt', 'url': ' '}]}
16:31:45 INFO  State of operation 20427370 : PENDING
16:31:47 INFO  State of operation 20427370 : EXECUTING
16:31:49 INFO  State of operation 20427370 : EXECUTING
16:31:51 INFO  State of operation 20427370 : EXECUTING
16:31:54 INFO  State of operation 20427370 : EXECUTING
16:31:56 INFO  State of operation 20427370 : EXECUTING
16:31:59 INFO  State of operation 20427370 : EXECUTING
16:32:01 INFO  State of operation 20427370 : EXECUTING
16:32:04 INFO  State of operation 20427370 : EXECUTING
16:32:06 INFO  State of operation 20427370 : EXECUTING
16:32:08 INFO  State of operation 20427370 : EXECUTING
16:32:11 INFO  State of operation 20427370 : EXECUTING
16:32:13 INFO  State of operation 20427370 : EXECUTING
16:32:15 INFO  State of operation 20427370 : EXECUTING
16:32:17 INFO  State of operation 20427370 : EXECUTING
16:32:19 INFO  State of operation 20427370 : EXECUTING
16:32:22 INFO  State of operation 20427370 : EXECUTING
16:32:25 INFO  State of operation 20427370 : EXECUTING
16:32:27 INFO  State of operation 20427370 : EXECUTING
16:32:29 INFO  State of operation 20427370 : EXECUTING
16:32:32 INFO  State of operation 20427370 : EXECUTING
16:32:34 INFO  State of operation 20427370 : EXECUTING
16:32:36 INFO  State of operation 20427370 : EXECUTING
16:32:39 INFO  State of operation 20427370 : EXECUTING
16:32:42 INFO  State of operation 20427370 : EXECUTING
16:32:44 INFO  State of operation 20427370 : EXECUTING
16:32:47 INFO  State of operation 20427370 : EXECUTING
16:32:49 INFO  State of operation 20427370 : EXECUTING
16:32:51 INFO  State of operation 20427370 : EXECUTING
16:32:54 INFO  State of operation 20427370 : EXECUTING
16:32:56 INFO  State of operation 20427370 : EXECUTING
16:32:58 INFO  State of operation 20427370 : EXECUTING
16:33:01 INFO  State of operation 20427370 : EXECUTING
16:33:03 INFO  State of operation 20427370 : SUCCESSFUL
16:33:03 INFO  Assert that (False == value) with value=False ... passed
16:33:03 INFO  Package asciijump is installed
16:33:03 INFO  Assert that (True == value) with value=True ... passed
16:33:03 INFO  Package squirrel3 is installed
16:33:03 INFO  Assert that (True == value) with value=True ... passed
16:33:04 INFO  Package robotfindskitten is installed
16:33:04 INFO  Assert that (True == value) with value=True ... passed
16:33:04 INFO  Response status: 201
16:33:04 INFO  Response to action: {
    &quot;creationTime&quot;: &quot;2022-06-22T16:33:04.339Z&quot;,
    &quot;deviceName&quot;: &quot;m32sd10a&quot;,
    &quot;deviceId&quot;: &quot;20418368&quot;,
    &quot;self&quot;: &quot;https://t493319102.eu-latest.cumulocity.com/devicecontrol/operations/20427382&quot;,
    &quot;id&quot;: &quot;20427382&quot;,
    &quot;status&quot;: &quot;PENDING&quot;,
    &quot;description&quot;: &quot;Apply software changes, triggered from PySys: [{'action': 'delete', 'id': '5475369', 'name': 'asciijump', 'url': ' ', 'version': '::apt'}, {'action': 'delete', 'id': '5474869', 'name': 'robotfindskitten', 'url': ' ', 'version': '::apt'}, {'action': 'delete', 'id': '5475279', 'name': 'squirrel3', 'url': ' ', 'version': '::apt'}]&quot;,
    &quot;c8y_SoftwareUpdate&quot;: [
        {
            &quot;name&quot;: &quot;asciijump&quot;,
            &quot;action&quot;: &quot;delete&quot;,
            &quot;id&quot;: &quot;5475369&quot;,
            &quot;version&quot;: &quot;::apt&quot;,
            &quot;url&quot;: &quot; &quot;
        },
        {
            &quot;name&quot;: &quot;robotfindskitten&quot;,
            &quot;action&quot;: &quot;delete&quot;,
            &quot;id&quot;: &quot;5474869&quot;,
            &quot;version&quot;: &quot;::apt&quot;,
            &quot;url&quot;: &quot; &quot;
        },
        {
            &quot;name&quot;: &quot;squirrel3&quot;,
            &quot;action&quot;: &quot;delete&quot;,
            &quot;id&quot;: &quot;5475279&quot;,
            &quot;version&quot;: &quot;::apt&quot;,
            &quot;url&quot;: &quot; &quot;
        }
    ]
}
16:33:04 INFO  Started operation: {'creationTime': '2022-06-22T16:33:04.339Z', 'deviceName': 'm32sd10a', 'deviceId': '20418368', 'self': 'https://t493319102.eu-latest.cumulocity.com/devicecontrol/operations/20427382', 'id': '20427382', 'status': 'PENDING', 'description': &quot;Apply software changes, triggered from PySys: [{'action': 'delete', 'id': '5475369', 'name': 'asciijump', 'url': ' ', 'version': '::apt'}, {'action': 'delete', 'id': '5474869', 'name': 'robotfindskitten', 'url': ' ', 'version': '::apt'}, {'action': 'delete', 'id': '5475279', 'name': 'squirrel3', 'url': ' ', 'version': '::apt'}]&quot;, 'c8y_SoftwareUpdate': [{'name': 'asciijump', 'action': 'delete', 'id': '5475369', 'version': '::apt', 'url': ' '}, {'name': 'robotfindskitten', 'action': 'delete', 'id': '5474869', 'version': '::apt', 'url': ' '}, {'name': 'squirrel3', 'action': 'delete', 'id': '5475279', 'version': '::apt', 'url': ' '}]}
16:33:06 INFO  State of operation 20427382 : PENDING
16:33:08 INFO  State of operation 20427382 : EXECUTING
16:33:11 INFO  State of operation 20427382 : EXECUTING
16:33:13 INFO  State of operation 20427382 : EXECUTING
16:33:15 INFO  State of operation 20427382 : EXECUTING
16:33:17 INFO  State of operation 20427382 : EXECUTING
16:33:20 INFO  State of operation 20427382 : EXECUTING
16:33:23 INFO  State of operation 20427382 : EXECUTING
16:33:26 INFO  State of operation 20427382 : EXECUTING
16:33:28 INFO  State of operation 20427382 : EXECUTING
16:33:30 INFO  State of operation 20427382 : EXECUTING
16:33:32 INFO  State of operation 20427382 : EXECUTING
16:33:35 INFO  State of operation 20427382 : EXECUTING
16:33:37 INFO  State of operation 20427382 : EXECUTING
16:33:39 INFO  State of operation 20427382 : EXECUTING
16:33:42 INFO  State of operation 20427382 : EXECUTING
16:33:44 INFO  State of operation 20427382 : EXECUTING
16:33:47 INFO  State of operation 20427382 : EXECUTING
16:33:49 INFO  State of operation 20427382 : EXECUTING
16:33:51 INFO  State of operation 20427382 : EXECUTING
16:33:53 INFO  State of operation 20427382 : EXECUTING
16:33:56 INFO  State of operation 20427382 : EXECUTING
16:33:58 INFO  State of operation 20427382 : EXECUTING
16:34:00 INFO  State of operation 20427382 : EXECUTING
16:34:03 INFO  State of operation 20427382 : EXECUTING
16:34:05 INFO  State of operation 20427382 : EXECUTING
16:34:07 INFO  State of operation 20427382 : EXECUTING
16:34:10 INFO  State of operation 20427382 : SUCCESSFUL
16:34:10 INFO  Assert that (False == value) with value=False ... passed
16:34:10 INFO  Assert that (False == value) with value=False ... passed
16:34:10 INFO  Assert that (False == value) with value=False ... passed
16:34:11 INFO  Assert that (False == value) with value=False ... passed
16:34:11 INFO  
16:34:11 INFO  cleanup:
16:34:15 INFO  Executed sudo&lt;tedge_disconnect_c8y&gt;, exit status 0
16:34:15 INFO  Executed systemctl&lt;serv_mapper5&gt;, exit status 3
16:34:15 INFO  
16:34:15 INFO  Test duration: 178.67 secs
16:34:15 INFO  Test final outcome:  FAILED
16:34:15 INFO  Test outcome reason: Assert that (False == value) with value=True
16:34:15 INFO  
</system-out>
	</testcase>
</testsuite>
