<?xml version="1.0" encoding="utf-8"?>
<testsuite failures="1" name="SoftwareManagement.sm_apt_install_remove_multiple" skipped="0" tests="1" time="177.52" timestamp="2022-06-09T17:17:55">
	<testcase classname="PySysTest" name="SoftwareManagement.sm_apt_install_remove_multiple">
		<failure message="FAILED: Assert that (False == value) with value=True" type="FAILED"/>
		<system-out>17:14:58 INFO  ==============================================================
17:14:58 INFO  Id:    SoftwareManagement.sm_apt_install_remove_multiple
17:14:58 INFO  Dir:   software_management_end_to_end/
17:14:58 INFO  Title: Validate end to end behaviour for the apt plugin for multiple packages
17:14:58 INFO  ==============================================================
17:14:58 INFO  Using sw id database: {'asciijump': '5475369', 'robotfindskitten': '5474869', 'squirrel3': '5475279', 'rolldice': '5152439', 'moon-buggy': '5439204', 'apple': '5495053', 'banana': '5494888', 'cherry': '5495382', 'watermelon': '5494510', 'registry': '8018911', 'hello-world': '8021526', 'docker/getting-started': '8021973', 'alpine': '7991792'}
17:14:58 INFO  EnvironmentC8y Setup
17:14:58 INFO  Executed systemctl&lt;serv_mapper1&gt;, exit status 3
17:14:58 INFO  Restarting mosquitto too frequently in the last 10 seconds. It was only up for 5 seconds
17:14:58 INFO  Delaying execution by 6 seconds
17:15:18 INFO  Executed sudo&lt;tedge_connect_c8y&gt;, exit status 0, duration 13 secs
17:15:19 INFO  Executed sudo&lt;tedge_connect_c8y_test&gt;, exit status 0
17:15:19 INFO  Executed systemctl&lt;serv_mosq2&gt;, exit status 0
17:15:20 INFO  Executed systemctl&lt;serv_mapper3&gt;, exit status 0
17:15:22 INFO  State of current operation: SUCCESSFUL
17:15:22 INFO  Assert that (False == value) with value=False ... passed
17:15:22 INFO  Assert that (False == value) with value=False ... passed
17:15:23 INFO  Assert that (False == value) with value=False ... passed
17:15:23 INFO  Package robotfindskitten is installed
17:15:23 WARN  Assert that (False == value) with value=True ... failed 
17:15:23 INFO  Response status: 201
17:15:23 INFO  Response to action: {
    &quot;delivery&quot;: {
        &quot;log&quot;: [],
        &quot;time&quot;: &quot;2022-06-09T17:15:23.718Z&quot;,
        &quot;status&quot;: &quot;PENDING&quot;
    },
    &quot;creationTime&quot;: &quot;2022-06-09T17:15:23.698Z&quot;,
    &quot;deviceId&quot;: &quot;20080061&quot;,
    &quot;deviceName&quot;: &quot;m32sd10a&quot;,
    &quot;self&quot;: &quot;https://t493319102.eu-latest.cumulocity.com/devicecontrol/operations/20100832&quot;,
    &quot;id&quot;: &quot;20100832&quot;,
    &quot;status&quot;: &quot;PENDING&quot;,
    &quot;description&quot;: &quot;Apply software changes, triggered from PySys: [{'action': 'install', 'id': '5475369', 'name': 'asciijump', 'url': ' ', 'version': '::apt'}, {'action': 'install', 'id': '5474869', 'name': 'robotfindskitten', 'url': ' ', 'version': '::apt'}, {'action': 'install', 'id': '5475279', 'name': 'squirrel3', 'url': ' ', 'version': '::apt'}]&quot;,
    &quot;c8y_SoftwareUpdate&quot;: [
        {
            &quot;name&quot;: &quot;asciijump&quot;,
            &quot;action&quot;: &quot;install&quot;,
            &quot;id&quot;: &quot;5475369&quot;,
            &quot;version&quot;: &quot;::apt&quot;,
            &quot;url&quot;: &quot; &quot;
        },
        {
            &quot;name&quot;: &quot;robotfindskitten&quot;,
            &quot;action&quot;: &quot;install&quot;,
            &quot;id&quot;: &quot;5474869&quot;,
            &quot;version&quot;: &quot;::apt&quot;,
            &quot;url&quot;: &quot; &quot;
        },
        {
            &quot;name&quot;: &quot;squirrel3&quot;,
            &quot;action&quot;: &quot;install&quot;,
            &quot;id&quot;: &quot;5475279&quot;,
            &quot;version&quot;: &quot;::apt&quot;,
            &quot;url&quot;: &quot; &quot;
        }
    ]
}
17:15:23 INFO  Started operation: {'delivery': {'log': [], 'time': '2022-06-09T17:15:23.718Z', 'status': 'PENDING'}, 'creationTime': '2022-06-09T17:15:23.698Z', 'deviceId': '20080061', 'deviceName': 'm32sd10a', 'self': 'https://t493319102.eu-latest.cumulocity.com/devicecontrol/operations/20100832', 'id': '20100832', 'status': 'PENDING', 'description': &quot;Apply software changes, triggered from PySys: [{'action': 'install', 'id': '5475369', 'name': 'asciijump', 'url': ' ', 'version': '::apt'}, {'action': 'install', 'id': '5474869', 'name': 'robotfindskitten', 'url': ' ', 'version': '::apt'}, {'action': 'install', 'id': '5475279', 'name': 'squirrel3', 'url': ' ', 'version': '::apt'}]&quot;, 'c8y_SoftwareUpdate': [{'name': 'asciijump', 'action': 'install', 'id': '5475369', 'version': '::apt', 'url': ' '}, {'name': 'robotfindskitten', 'action': 'install', 'id': '5474869', 'version': '::apt', 'url': ' '}, {'name': 'squirrel3', 'action': 'install', 'id': '5475279', 'version': '::apt', 'url': ' '}]}
17:15:25 INFO  State of operation 20100832 : PENDING
17:15:28 INFO  State of operation 20100832 : EXECUTING
17:15:30 INFO  State of operation 20100832 : EXECUTING
17:15:32 INFO  State of operation 20100832 : EXECUTING
17:15:34 INFO  State of operation 20100832 : EXECUTING
17:15:37 INFO  State of operation 20100832 : EXECUTING
17:15:39 INFO  State of operation 20100832 : EXECUTING
17:15:42 INFO  State of operation 20100832 : EXECUTING
17:15:45 INFO  State of operation 20100832 : EXECUTING
17:15:47 INFO  State of operation 20100832 : EXECUTING
17:15:49 INFO  State of operation 20100832 : EXECUTING
17:15:51 INFO  State of operation 20100832 : EXECUTING
17:15:54 INFO  State of operation 20100832 : EXECUTING
17:15:56 INFO  State of operation 20100832 : EXECUTING
17:15:58 INFO  State of operation 20100832 : EXECUTING
17:16:01 INFO  State of operation 20100832 : EXECUTING
17:16:03 INFO  State of operation 20100832 : EXECUTING
17:16:06 INFO  State of operation 20100832 : EXECUTING
17:16:08 INFO  State of operation 20100832 : EXECUTING
17:16:10 INFO  State of operation 20100832 : EXECUTING
17:16:12 INFO  State of operation 20100832 : EXECUTING
17:16:15 INFO  State of operation 20100832 : EXECUTING
17:16:17 INFO  State of operation 20100832 : EXECUTING
17:16:20 INFO  State of operation 20100832 : EXECUTING
17:16:22 INFO  State of operation 20100832 : EXECUTING
17:16:25 INFO  State of operation 20100832 : EXECUTING
17:16:27 INFO  State of operation 20100832 : EXECUTING
17:16:29 INFO  State of operation 20100832 : EXECUTING
17:16:31 INFO  State of operation 20100832 : EXECUTING
17:16:34 INFO  State of operation 20100832 : EXECUTING
17:16:36 INFO  State of operation 20100832 : EXECUTING
17:16:39 INFO  State of operation 20100832 : EXECUTING
17:16:41 INFO  State of operation 20100832 : EXECUTING
17:16:43 INFO  State of operation 20100832 : SUCCESSFUL
17:16:43 INFO  Assert that (False == value) with value=False ... passed
17:16:43 INFO  Package asciijump is installed
17:16:43 INFO  Assert that (True == value) with value=True ... passed
17:16:44 INFO  Package squirrel3 is installed
17:16:44 INFO  Assert that (True == value) with value=True ... passed
17:16:44 INFO  Package robotfindskitten is installed
17:16:44 INFO  Assert that (True == value) with value=True ... passed
17:16:44 INFO  Response status: 201
17:16:44 INFO  Response to action: {
    &quot;delivery&quot;: {
        &quot;log&quot;: [],
        &quot;time&quot;: &quot;2022-06-09T17:16:44.676Z&quot;,
        &quot;status&quot;: &quot;PENDING&quot;
    },
    &quot;creationTime&quot;: &quot;2022-06-09T17:16:44.660Z&quot;,
    &quot;deviceId&quot;: &quot;20080061&quot;,
    &quot;deviceName&quot;: &quot;m32sd10a&quot;,
    &quot;self&quot;: &quot;https://t493319102.eu-latest.cumulocity.com/devicecontrol/operations/20100861&quot;,
    &quot;id&quot;: &quot;20100861&quot;,
    &quot;status&quot;: &quot;PENDING&quot;,
    &quot;description&quot;: &quot;Apply software changes, triggered from PySys: [{'action': 'delete', 'id': '5475369', 'name': 'asciijump', 'url': ' ', 'version': '::apt'}, {'action': 'delete', 'id': '5474869', 'name': 'robotfindskitten', 'url': ' ', 'version': '::apt'}, {'action': 'delete', 'id': '5475279', 'name': 'squirrel3', 'url': ' ', 'version': '::apt'}]&quot;,
    &quot;c8y_SoftwareUpdate&quot;: [
        {
            &quot;name&quot;: &quot;asciijump&quot;,
            &quot;action&quot;: &quot;delete&quot;,
            &quot;id&quot;: &quot;5475369&quot;,
            &quot;version&quot;: &quot;::apt&quot;,
            &quot;url&quot;: &quot; &quot;
        },
        {
            &quot;name&quot;: &quot;robotfindskitten&quot;,
            &quot;action&quot;: &quot;delete&quot;,
            &quot;id&quot;: &quot;5474869&quot;,
            &quot;version&quot;: &quot;::apt&quot;,
            &quot;url&quot;: &quot; &quot;
        },
        {
            &quot;name&quot;: &quot;squirrel3&quot;,
            &quot;action&quot;: &quot;delete&quot;,
            &quot;id&quot;: &quot;5475279&quot;,
            &quot;version&quot;: &quot;::apt&quot;,
            &quot;url&quot;: &quot; &quot;
        }
    ]
}
17:16:44 INFO  Started operation: {'delivery': {'log': [], 'time': '2022-06-09T17:16:44.676Z', 'status': 'PENDING'}, 'creationTime': '2022-06-09T17:16:44.660Z', 'deviceId': '20080061', 'deviceName': 'm32sd10a', 'self': 'https://t493319102.eu-latest.cumulocity.com/devicecontrol/operations/20100861', 'id': '20100861', 'status': 'PENDING', 'description': &quot;Apply software changes, triggered from PySys: [{'action': 'delete', 'id': '5475369', 'name': 'asciijump', 'url': ' ', 'version': '::apt'}, {'action': 'delete', 'id': '5474869', 'name': 'robotfindskitten', 'url': ' ', 'version': '::apt'}, {'action': 'delete', 'id': '5475279', 'name': 'squirrel3', 'url': ' ', 'version': '::apt'}]&quot;, 'c8y_SoftwareUpdate': [{'name': 'asciijump', 'action': 'delete', 'id': '5475369', 'version': '::apt', 'url': ' '}, {'name': 'robotfindskitten', 'action': 'delete', 'id': '5474869', 'version': '::apt', 'url': ' '}, {'name': 'squirrel3', 'action': 'delete', 'id': '5475279', 'version': '::apt', 'url': ' '}]}
17:16:46 INFO  State of operation 20100861 : PENDING
17:16:49 INFO  State of operation 20100861 : EXECUTING
17:16:51 INFO  State of operation 20100861 : EXECUTING
17:16:53 INFO  State of operation 20100861 : EXECUTING
17:16:55 INFO  State of operation 20100861 : EXECUTING
17:16:58 INFO  State of operation 20100861 : EXECUTING
17:17:00 INFO  State of operation 20100861 : EXECUTING
17:17:03 INFO  State of operation 20100861 : EXECUTING
17:17:06 INFO  State of operation 20100861 : EXECUTING
17:17:08 INFO  State of operation 20100861 : EXECUTING
17:17:10 INFO  State of operation 20100861 : EXECUTING
17:17:12 INFO  State of operation 20100861 : EXECUTING
17:17:14 INFO  State of operation 20100861 : EXECUTING
17:17:17 INFO  State of operation 20100861 : EXECUTING
17:17:19 INFO  State of operation 20100861 : EXECUTING
17:17:22 INFO  State of operation 20100861 : EXECUTING
17:17:24 INFO  State of operation 20100861 : EXECUTING
17:17:27 INFO  State of operation 20100861 : EXECUTING
17:17:29 INFO  State of operation 20100861 : EXECUTING
17:17:31 INFO  State of operation 20100861 : EXECUTING
17:17:33 INFO  State of operation 20100861 : EXECUTING
17:17:36 INFO  State of operation 20100861 : EXECUTING
17:17:38 INFO  State of operation 20100861 : EXECUTING
17:17:40 INFO  State of operation 20100861 : EXECUTING
17:17:43 INFO  State of operation 20100861 : EXECUTING
17:17:45 INFO  State of operation 20100861 : EXECUTING
17:17:47 INFO  State of operation 20100861 : EXECUTING
17:17:49 INFO  State of operation 20100861 : SUCCESSFUL
17:17:50 INFO  Assert that (False == value) with value=False ... passed
17:17:50 INFO  Assert that (False == value) with value=False ... passed
17:17:50 INFO  Assert that (False == value) with value=False ... passed
17:17:50 INFO  Assert that (False == value) with value=False ... passed
17:17:50 INFO  
17:17:50 INFO  cleanup:
17:17:54 INFO  Executed sudo&lt;tedge_disconnect_c8y&gt;, exit status 0
17:17:55 INFO  Executed systemctl&lt;serv_mapper5&gt;, exit status 3
17:17:55 INFO  
17:17:55 INFO  Test duration: 177.52 secs
17:17:55 INFO  Test final outcome:  FAILED
17:17:55 INFO  Test outcome reason: Assert that (False == value) with value=True
17:17:55 INFO  
</system-out>
	</testcase>
</testsuite>
