<?xml version="1.0" encoding="utf-8"?>
<testsuite failures="0" name="apt_remove" skipped="0" tests="1" time="64.51" timestamp="2022-06-07T11:51:31">
	<testcase classname="AptPluginRemoveDense" name="apt_remove"/>
</testsuite>
