<?xml version="1.0" encoding="utf-8"?>
<testsuite failures="1" name="SoftwareManagement.sm_apt_install_remove_multiple_mixed" skipped="0" tests="1" time="177.95" timestamp="2022-07-19T14:26:40">
	<testcase classname="PySysTest" name="SoftwareManagement.sm_apt_install_remove_multiple_mixed">
		<failure message="BLOCKED: SystemError: Timeout while waiting for status SUCCESSFUL or False" type="BLOCKED"/>
		<system-out>14:23:42 INFO  ==============================================================
14:23:42 INFO  Id:    SoftwareManagement.sm_apt_install_remove_multiple_mixed
14:23:42 INFO  Dir:   software_management_end_to_end/
14:23:42 INFO  Title: Validate end to end behaviour for the apt plugin for multiple packages with mixed versions
14:23:42 INFO  ==============================================================
14:23:42 INFO  Using sw id database: {'asciijump': '5475369', 'robotfindskitten': '5474869', 'squirrel3': '5475279', 'rolldice': '5152439', 'moon-buggy': '5439204', 'apple': '5495053', 'banana': '5494888', 'cherry': '5495382', 'watermelon': '5494510', 'registry': '8018911', 'hello-world': '8021526', 'docker/getting-started': '8021973', 'alpine': '7991792'}
14:23:42 INFO  EnvironmentC8y Setup
14:23:42 INFO  Executed systemctl&lt;serv_mapper1&gt;, exit status 3
14:23:42 INFO  Restarting mosquitto too frequently in the last 10 seconds. It was only up for 5 seconds
14:23:42 INFO  Delaying execution by 6 seconds
14:24:02 INFO  Executed sudo&lt;tedge_connect_c8y&gt;, exit status 0, duration 13 secs
14:24:03 INFO  Executed sudo&lt;tedge_connect_c8y_test&gt;, exit status 0
14:24:03 INFO  Executed systemctl&lt;serv_mosq2&gt;, exit status 0
14:24:04 INFO  Executed systemctl&lt;serv_mapper3&gt;, exit status 0
14:24:06 INFO  State of current operation: SUCCESSFUL
14:24:06 INFO  Assert that (False == value) with value=False ... passed
14:24:07 INFO  Assert that (False == value) with value=False ... passed
14:24:07 INFO  Assert that (False == value) with value=False ... passed
14:24:07 INFO  Assert that (False == value) with value=False ... passed
14:24:07 INFO  Assert that (False == value) with value=False ... passed
14:24:09 INFO  Response status: 201
14:24:09 INFO  Response to action: {
    &quot;delivery&quot;: {
        &quot;log&quot;: [],
        &quot;time&quot;: &quot;2022-07-19T14:24:09.002Z&quot;,
        &quot;status&quot;: &quot;PENDING&quot;
    },
    &quot;creationTime&quot;: &quot;2022-07-19T14:24:08.985Z&quot;,
    &quot;deviceId&quot;: &quot;21041101&quot;,
    &quot;deviceName&quot;: &quot;m32sd10a&quot;,
    &quot;self&quot;: &quot;https://t493319102.eu-latest.cumulocity.com/devicecontrol/operations/21054958&quot;,
    &quot;id&quot;: &quot;21054958&quot;,
    &quot;status&quot;: &quot;PENDING&quot;,
    &quot;description&quot;: &quot;Apply software changes, triggered from PySys: [{'action': 'install', 'id': '5475369', 'name': 'asciijump', 'url': ' ', 'version': '::apt'}, {'action': 'install', 'id': '5474869', 'name': 'robotfindskitten', 'url': ' ', 'version': ' '}, {'action': 'install', 'id': '5475279', 'name': 'squirrel3', 'url': ' ', 'version': '3.1-7::apt'}, {'action': 'install', 'id': '5152439', 'name': 'rolldice', 'url': ' ', 'version': '1.16-1+b1'}, {'action': 'install', 'id': '5439204', 'name': 'moon-buggy', 'url': ' ', 'version': '1:1.0.51-12'}, {'action': 'install', 'id': '5475369', 'name': 'asciijump', 'url': ' ', 'version': '::apt'}]&quot;,
    &quot;c8y_SoftwareUpdate&quot;: [
        {
            &quot;name&quot;: &quot;asciijump&quot;,
            &quot;action&quot;: &quot;install&quot;,
            &quot;id&quot;: &quot;5475369&quot;,
            &quot;version&quot;: &quot;::apt&quot;,
            &quot;url&quot;: &quot; &quot;
        },
        {
            &quot;name&quot;: &quot;robotfindskitten&quot;,
            &quot;action&quot;: &quot;install&quot;,
            &quot;id&quot;: &quot;5474869&quot;,
            &quot;version&quot;: &quot; &quot;,
            &quot;url&quot;: &quot; &quot;
        },
        {
            &quot;name&quot;: &quot;squirrel3&quot;,
            &quot;action&quot;: &quot;install&quot;,
            &quot;id&quot;: &quot;5475279&quot;,
            &quot;version&quot;: &quot;3.1-7::apt&quot;,
            &quot;url&quot;: &quot; &quot;
        },
        {
            &quot;name&quot;: &quot;rolldice&quot;,
            &quot;action&quot;: &quot;install&quot;,
            &quot;id&quot;: &quot;5152439&quot;,
            &quot;version&quot;: &quot;1.16-1+b1&quot;,
            &quot;url&quot;: &quot; &quot;
        },
        {
            &quot;name&quot;: &quot;moon-buggy&quot;,
            &quot;action&quot;: &quot;install&quot;,
            &quot;id&quot;: &quot;5439204&quot;,
            &quot;version&quot;: &quot;1:1.0.51-12&quot;,
            &quot;url&quot;: &quot; &quot;
        },
        {
            &quot;name&quot;: &quot;asciijump&quot;,
            &quot;action&quot;: &quot;install&quot;,
            &quot;id&quot;: &quot;5475369&quot;,
            &quot;version&quot;: &quot;::apt&quot;,
            &quot;url&quot;: &quot; &quot;
        }
    ]
}
14:24:09 INFO  Started operation: {'delivery': {'log': [], 'time': '2022-07-19T14:24:09.002Z', 'status': 'PENDING'}, 'creationTime': '2022-07-19T14:24:08.985Z', 'deviceId': '21041101', 'deviceName': 'm32sd10a', 'self': 'https://t493319102.eu-latest.cumulocity.com/devicecontrol/operations/21054958', 'id': '21054958', 'status': 'PENDING', 'description': &quot;Apply software changes, triggered from PySys: [{'action': 'install', 'id': '5475369', 'name': 'asciijump', 'url': ' ', 'version': '::apt'}, {'action': 'install', 'id': '5474869', 'name': 'robotfindskitten', 'url': ' ', 'version': ' '}, {'action': 'install', 'id': '5475279', 'name': 'squirrel3', 'url': ' ', 'version': '3.1-7::apt'}, {'action': 'install', 'id': '5152439', 'name': 'rolldice', 'url': ' ', 'version': '1.16-1+b1'}, {'action': 'install', 'id': '5439204', 'name': 'moon-buggy', 'url': ' ', 'version': '1:1.0.51-12'}, {'action': 'install', 'id': '5475369', 'name': 'asciijump', 'url': ' ', 'version': '::apt'}]&quot;, 'c8y_SoftwareUpdate': [{'name': 'asciijump', 'action': 'install', 'id': '5475369', 'version': '::apt', 'url': ' '}, {'name': 'robotfindskitten', 'action': 'install', 'id': '5474869', 'version': ' ', 'url': ' '}, {'name': 'squirrel3', 'action': 'install', 'id': '5475279', 'version': '3.1-7::apt', 'url': ' '}, {'name': 'rolldice', 'action': 'install', 'id': '5152439', 'version': '1.16-1+b1', 'url': ' '}, {'name': 'moon-buggy', 'action': 'install', 'id': '5439204', 'version': '1:1.0.51-12', 'url': ' '}, {'name': 'asciijump', 'action': 'install', 'id': '5475369', 'version': '::apt', 'url': ' '}]}
14:24:11 INFO  State of operation 21054958 : PENDING
14:24:13 INFO  State of operation 21054958 : EXECUTING
14:24:15 INFO  State of operation 21054958 : EXECUTING
14:24:17 INFO  State of operation 21054958 : EXECUTING
14:24:20 INFO  State of operation 21054958 : EXECUTING
14:24:22 INFO  State of operation 21054958 : EXECUTING
14:24:25 INFO  State of operation 21054958 : EXECUTING
14:24:27 INFO  State of operation 21054958 : EXECUTING
14:24:30 INFO  State of operation 21054958 : EXECUTING
14:24:32 INFO  State of operation 21054958 : EXECUTING
14:24:34 INFO  State of operation 21054958 : EXECUTING
14:24:36 INFO  State of operation 21054958 : EXECUTING
14:24:39 INFO  State of operation 21054958 : EXECUTING
14:24:41 INFO  State of operation 21054958 : EXECUTING
14:24:43 INFO  State of operation 21054958 : EXECUTING
14:24:45 INFO  State of operation 21054958 : EXECUTING
14:24:48 INFO  State of operation 21054958 : EXECUTING
14:24:50 INFO  State of operation 21054958 : EXECUTING
14:24:53 INFO  State of operation 21054958 : EXECUTING
14:24:55 INFO  State of operation 21054958 : EXECUTING
14:24:57 INFO  State of operation 21054958 : EXECUTING
14:25:00 INFO  State of operation 21054958 : EXECUTING
14:25:02 INFO  State of operation 21054958 : EXECUTING
14:25:05 INFO  State of operation 21054958 : EXECUTING
14:25:07 INFO  State of operation 21054958 : EXECUTING
14:25:09 INFO  State of operation 21054958 : EXECUTING
14:25:11 INFO  State of operation 21054958 : EXECUTING
14:25:14 INFO  State of operation 21054958 : EXECUTING
14:25:16 INFO  State of operation 21054958 : EXECUTING
14:25:18 INFO  State of operation 21054958 : EXECUTING
14:25:21 INFO  State of operation 21054958 : EXECUTING
14:25:23 INFO  State of operation 21054958 : EXECUTING
14:25:25 INFO  State of operation 21054958 : EXECUTING
14:25:27 INFO  State of operation 21054958 : EXECUTING
14:25:30 INFO  State of operation 21054958 : EXECUTING
14:25:32 INFO  State of operation 21054958 : EXECUTING
14:25:34 INFO  State of operation 21054958 : EXECUTING
14:25:36 INFO  State of operation 21054958 : EXECUTING
14:25:39 INFO  State of operation 21054958 : EXECUTING
14:25:42 INFO  State of operation 21054958 : EXECUTING
14:25:44 INFO  State of operation 21054958 : EXECUTING
14:25:46 INFO  State of operation 21054958 : EXECUTING
14:25:49 INFO  State of operation 21054958 : EXECUTING
14:25:51 INFO  State of operation 21054958 : EXECUTING
14:25:53 INFO  State of operation 21054958 : EXECUTING
14:25:55 INFO  State of operation 21054958 : EXECUTING
14:25:59 INFO  State of operation 21054958 : EXECUTING
14:26:01 INFO  State of operation 21054958 : EXECUTING
14:26:03 INFO  State of operation 21054958 : EXECUTING
14:26:06 INFO  State of operation 21054958 : EXECUTING
14:26:08 INFO  State of operation 21054958 : EXECUTING
14:26:11 INFO  State of operation 21054958 : EXECUTING
14:26:13 INFO  State of operation 21054958 : EXECUTING
14:26:15 INFO  State of operation 21054958 : EXECUTING
14:26:17 INFO  State of operation 21054958 : EXECUTING
14:26:20 INFO  State of operation 21054958 : EXECUTING
14:26:22 INFO  State of operation 21054958 : EXECUTING
14:26:25 INFO  State of operation 21054958 : EXECUTING
14:26:27 INFO  State of operation 21054958 : EXECUTING
14:26:30 INFO  State of operation 21054958 : EXECUTING
14:26:32 INFO  State of operation 21054958 : EXECUTING
14:26:34 WARN  SystemError occurred while running test - Timeout while waiting for status SUCCESSFUL or False
Traceback (most recent call last):
  File &quot;/home/pi/env-pysys/lib/python3.7/site-packages/pysys/baserunner.py&quot;, line 1294, in __call__
    self.testObj.execute()
  File &quot;/home/pi/actions-runner/_work/thin-edge.io/thin-edge.io/tests/PySys/software_management_end_to_end/sm_apt_install_remove_multiple_mixed/run.py&quot;, line 89, in execute
    self.wait_until_succcess()
  File &quot;/home/pi/actions-runner/_work/thin-edge.io/thin-edge.io/tests/PySys/software_management_end_to_end/environment_sm_management.py&quot;, line 324, in wait_until_succcess
    self.wait_until_status(&quot;SUCCESSFUL&quot;)
  File &quot;/home/pi/actions-runner/_work/thin-edge.io/thin-edge.io/tests/PySys/software_management_end_to_end/environment_sm_management.py&quot;, line 381, in wait_until_status
    &quot;Timeout while waiting for status %s or %s&quot; % (status, status2)
SystemError: Timeout while waiting for status SUCCESSFUL or False
14:26:34 WARN  SystemError: Timeout while waiting for status SUCCESSFUL or False ... blocked 
14:26:34 INFO  
14:26:34 INFO  cleanup:
14:26:39 INFO  Executed sudo&lt;tedge_disconnect_c8y&gt;, exit status 0
14:26:40 INFO  Executed systemctl&lt;serv_mapper5&gt;, exit status 3
14:26:40 INFO  
14:26:40 INFO  Test duration: 177.95 secs
14:26:40 INFO  Test final outcome:  BLOCKED
14:26:40 INFO  Test outcome reason: SystemError: Timeout while waiting for status SUCCESSFUL or False
14:26:40 INFO  
</system-out>
	</testcase>
</testsuite>
