<?xml version="1.0" encoding="utf-8"?>
<testsuite failures="1" name="SoftwareManagement.sm_apt_install_remove_multiple_mixed" skipped="0" tests="1" time="179.87" timestamp="2022-07-13T12:23:41">
	<testcase classname="PySysTest" name="SoftwareManagement.sm_apt_install_remove_multiple_mixed">
		<failure message="BLOCKED: SystemError: Timeout while waiting for status SUCCESSFUL or False" type="BLOCKED"/>
		<system-out>12:20:41 INFO  ==============================================================
12:20:41 INFO  Id:    SoftwareManagement.sm_apt_install_remove_multiple_mixed
12:20:41 INFO  Dir:   software_management_end_to_end/
12:20:41 INFO  Title: Validate end to end behaviour for the apt plugin for multiple packages with mixed versions
12:20:41 INFO  ==============================================================
12:20:41 INFO  Using sw id database: {'asciijump': '5475369', 'robotfindskitten': '5474869', 'squirrel3': '5475279', 'rolldice': '5152439', 'moon-buggy': '5439204', 'apple': '5495053', 'banana': '5494888', 'cherry': '5495382', 'watermelon': '5494510', 'registry': '8018911', 'hello-world': '8021526', 'docker/getting-started': '8021973', 'alpine': '7991792'}
12:20:41 INFO  EnvironmentC8y Setup
12:20:42 INFO  Executed systemctl&lt;serv_mapper1&gt;, exit status 3
12:20:42 INFO  Restarting mosquitto too frequently in the last 10 seconds. It was only up for 5 seconds
12:20:42 INFO  Delaying execution by 6 seconds
12:21:02 INFO  Executed sudo&lt;tedge_connect_c8y&gt;, exit status 0, duration 14 secs
12:21:03 INFO  Executed sudo&lt;tedge_connect_c8y_test&gt;, exit status 0
12:21:03 INFO  Executed systemctl&lt;serv_mosq2&gt;, exit status 0
12:21:04 INFO  Executed systemctl&lt;serv_mapper3&gt;, exit status 0
12:21:06 INFO  State of current operation: SUCCESSFUL
12:21:06 INFO  Assert that (False == value) with value=False ... passed
12:21:07 INFO  Assert that (False == value) with value=False ... passed
12:21:07 INFO  Assert that (False == value) with value=False ... passed
12:21:07 INFO  Assert that (False == value) with value=False ... passed
12:21:07 INFO  Assert that (False == value) with value=False ... passed
12:21:09 INFO  Response status: 201
12:21:09 INFO  Response to action: {
    &quot;delivery&quot;: {
        &quot;log&quot;: [],
        &quot;time&quot;: &quot;2022-07-13T12:21:09.020Z&quot;,
        &quot;status&quot;: &quot;PENDING&quot;
    },
    &quot;creationTime&quot;: &quot;2022-07-13T12:21:08.911Z&quot;,
    &quot;deviceName&quot;: &quot;m32sd10a&quot;,
    &quot;deviceId&quot;: &quot;20880101&quot;,
    &quot;self&quot;: &quot;https://t493319102.eu-latest.cumulocity.com/devicecontrol/operations/20885450&quot;,
    &quot;id&quot;: &quot;20885450&quot;,
    &quot;status&quot;: &quot;PENDING&quot;,
    &quot;description&quot;: &quot;Apply software changes, triggered from PySys: [{'action': 'install', 'id': '5475369', 'name': 'asciijump', 'url': ' ', 'version': '::apt'}, {'action': 'install', 'id': '5474869', 'name': 'robotfindskitten', 'url': ' ', 'version': ' '}, {'action': 'install', 'id': '5475279', 'name': 'squirrel3', 'url': ' ', 'version': '3.1-7::apt'}, {'action': 'install', 'id': '5152439', 'name': 'rolldice', 'url': ' ', 'version': '1.16-1+b1'}, {'action': 'install', 'id': '5439204', 'name': 'moon-buggy', 'url': ' ', 'version': '1:1.0.51-12'}, {'action': 'install', 'id': '5475369', 'name': 'asciijump', 'url': ' ', 'version': '::apt'}]&quot;,
    &quot;c8y_SoftwareUpdate&quot;: [
        {
            &quot;name&quot;: &quot;asciijump&quot;,
            &quot;action&quot;: &quot;install&quot;,
            &quot;id&quot;: &quot;5475369&quot;,
            &quot;version&quot;: &quot;::apt&quot;,
            &quot;url&quot;: &quot; &quot;
        },
        {
            &quot;name&quot;: &quot;robotfindskitten&quot;,
            &quot;action&quot;: &quot;install&quot;,
            &quot;id&quot;: &quot;5474869&quot;,
            &quot;version&quot;: &quot; &quot;,
            &quot;url&quot;: &quot; &quot;
        },
        {
            &quot;name&quot;: &quot;squirrel3&quot;,
            &quot;action&quot;: &quot;install&quot;,
            &quot;id&quot;: &quot;5475279&quot;,
            &quot;version&quot;: &quot;3.1-7::apt&quot;,
            &quot;url&quot;: &quot; &quot;
        },
        {
            &quot;name&quot;: &quot;rolldice&quot;,
            &quot;action&quot;: &quot;install&quot;,
            &quot;id&quot;: &quot;5152439&quot;,
            &quot;version&quot;: &quot;1.16-1+b1&quot;,
            &quot;url&quot;: &quot; &quot;
        },
        {
            &quot;name&quot;: &quot;moon-buggy&quot;,
            &quot;action&quot;: &quot;install&quot;,
            &quot;id&quot;: &quot;5439204&quot;,
            &quot;version&quot;: &quot;1:1.0.51-12&quot;,
            &quot;url&quot;: &quot; &quot;
        },
        {
            &quot;name&quot;: &quot;asciijump&quot;,
            &quot;action&quot;: &quot;install&quot;,
            &quot;id&quot;: &quot;5475369&quot;,
            &quot;version&quot;: &quot;::apt&quot;,
            &quot;url&quot;: &quot; &quot;
        }
    ]
}
12:21:09 INFO  Started operation: {'delivery': {'log': [], 'time': '2022-07-13T12:21:09.020Z', 'status': 'PENDING'}, 'creationTime': '2022-07-13T12:21:08.911Z', 'deviceName': 'm32sd10a', 'deviceId': '20880101', 'self': 'https://t493319102.eu-latest.cumulocity.com/devicecontrol/operations/20885450', 'id': '20885450', 'status': 'PENDING', 'description': &quot;Apply software changes, triggered from PySys: [{'action': 'install', 'id': '5475369', 'name': 'asciijump', 'url': ' ', 'version': '::apt'}, {'action': 'install', 'id': '5474869', 'name': 'robotfindskitten', 'url': ' ', 'version': ' '}, {'action': 'install', 'id': '5475279', 'name': 'squirrel3', 'url': ' ', 'version': '3.1-7::apt'}, {'action': 'install', 'id': '5152439', 'name': 'rolldice', 'url': ' ', 'version': '1.16-1+b1'}, {'action': 'install', 'id': '5439204', 'name': 'moon-buggy', 'url': ' ', 'version': '1:1.0.51-12'}, {'action': 'install', 'id': '5475369', 'name': 'asciijump', 'url': ' ', 'version': '::apt'}]&quot;, 'c8y_SoftwareUpdate': [{'name': 'asciijump', 'action': 'install', 'id': '5475369', 'version': '::apt', 'url': ' '}, {'name': 'robotfindskitten', 'action': 'install', 'id': '5474869', 'version': ' ', 'url': ' '}, {'name': 'squirrel3', 'action': 'install', 'id': '5475279', 'version': '3.1-7::apt', 'url': ' '}, {'name': 'rolldice', 'action': 'install', 'id': '5152439', 'version': '1.16-1+b1', 'url': ' '}, {'name': 'moon-buggy', 'action': 'install', 'id': '5439204', 'version': '1:1.0.51-12', 'url': ' '}, {'name': 'asciijump', 'action': 'install', 'id': '5475369', 'version': '::apt', 'url': ' '}]}
12:21:11 INFO  State of operation 20885450 : PENDING
12:21:13 INFO  State of operation 20885450 : EXECUTING
12:21:15 INFO  State of operation 20885450 : EXECUTING
12:21:17 INFO  State of operation 20885450 : EXECUTING
12:21:20 INFO  State of operation 20885450 : EXECUTING
12:21:22 INFO  State of operation 20885450 : EXECUTING
12:21:25 INFO  State of operation 20885450 : EXECUTING
12:21:28 INFO  State of operation 20885450 : EXECUTING
12:21:30 INFO  State of operation 20885450 : EXECUTING
12:21:33 INFO  State of operation 20885450 : EXECUTING
12:21:35 INFO  State of operation 20885450 : EXECUTING
12:21:37 INFO  State of operation 20885450 : EXECUTING
12:21:39 INFO  State of operation 20885450 : EXECUTING
12:21:41 INFO  State of operation 20885450 : EXECUTING
12:21:44 INFO  State of operation 20885450 : EXECUTING
12:21:46 INFO  State of operation 20885450 : EXECUTING
12:21:48 INFO  State of operation 20885450 : EXECUTING
12:21:51 INFO  State of operation 20885450 : EXECUTING
12:21:53 INFO  State of operation 20885450 : EXECUTING
12:21:56 INFO  State of operation 20885450 : EXECUTING
12:21:58 INFO  State of operation 20885450 : EXECUTING
12:22:01 INFO  State of operation 20885450 : EXECUTING
12:22:03 INFO  State of operation 20885450 : EXECUTING
12:22:05 INFO  State of operation 20885450 : EXECUTING
12:22:07 INFO  State of operation 20885450 : EXECUTING
12:22:10 INFO  State of operation 20885450 : EXECUTING
12:22:12 INFO  State of operation 20885450 : EXECUTING
12:22:15 INFO  State of operation 20885450 : EXECUTING
12:22:17 INFO  State of operation 20885450 : EXECUTING
12:22:19 INFO  State of operation 20885450 : EXECUTING
12:22:21 INFO  State of operation 20885450 : EXECUTING
12:22:24 INFO  State of operation 20885450 : EXECUTING
12:22:26 INFO  State of operation 20885450 : EXECUTING
12:22:28 INFO  State of operation 20885450 : EXECUTING
12:22:30 INFO  State of operation 20885450 : EXECUTING
12:22:33 INFO  State of operation 20885450 : EXECUTING
12:22:35 INFO  State of operation 20885450 : EXECUTING
12:22:37 INFO  State of operation 20885450 : EXECUTING
12:22:40 INFO  State of operation 20885450 : EXECUTING
12:22:43 INFO  State of operation 20885450 : EXECUTING
12:22:45 INFO  State of operation 20885450 : EXECUTING
12:22:47 INFO  State of operation 20885450 : EXECUTING
12:22:50 INFO  State of operation 20885450 : EXECUTING
12:22:52 INFO  State of operation 20885450 : EXECUTING
12:22:55 INFO  State of operation 20885450 : EXECUTING
12:22:57 INFO  State of operation 20885450 : EXECUTING
12:22:59 INFO  State of operation 20885450 : EXECUTING
12:23:01 INFO  State of operation 20885450 : EXECUTING
12:23:04 INFO  State of operation 20885450 : EXECUTING
12:23:06 INFO  State of operation 20885450 : EXECUTING
12:23:09 INFO  State of operation 20885450 : EXECUTING
12:23:11 INFO  State of operation 20885450 : EXECUTING
12:23:13 INFO  State of operation 20885450 : EXECUTING
12:23:16 INFO  State of operation 20885450 : EXECUTING
12:23:18 INFO  State of operation 20885450 : EXECUTING
12:23:20 INFO  State of operation 20885450 : EXECUTING
12:23:23 INFO  State of operation 20885450 : EXECUTING
12:23:25 INFO  State of operation 20885450 : EXECUTING
12:23:28 INFO  State of operation 20885450 : EXECUTING
12:23:30 INFO  State of operation 20885450 : EXECUTING
12:23:32 INFO  State of operation 20885450 : EXECUTING
12:23:34 WARN  SystemError occurred while running test - Timeout while waiting for status SUCCESSFUL or False
Traceback (most recent call last):
  File &quot;/home/pi/env-pysys/lib/python3.7/site-packages/pysys/baserunner.py&quot;, line 1294, in __call__
    self.testObj.execute()
  File &quot;/home/pi/actions-runner/_work/thin-edge.io/thin-edge.io/tests/PySys/software_management_end_to_end/sm_apt_install_remove_multiple_mixed/run.py&quot;, line 89, in execute
    self.wait_until_succcess()
  File &quot;/home/pi/actions-runner/_work/thin-edge.io/thin-edge.io/tests/PySys/software_management_end_to_end/environment_sm_management.py&quot;, line 324, in wait_until_succcess
    self.wait_until_status(&quot;SUCCESSFUL&quot;)
  File &quot;/home/pi/actions-runner/_work/thin-edge.io/thin-edge.io/tests/PySys/software_management_end_to_end/environment_sm_management.py&quot;, line 381, in wait_until_status
    &quot;Timeout while waiting for status %s or %s&quot; % (status, status2)
SystemError: Timeout while waiting for status SUCCESSFUL or False
12:23:34 WARN  SystemError: Timeout while waiting for status SUCCESSFUL or False ... blocked 
12:23:34 INFO  
12:23:34 INFO  cleanup:
12:23:41 INFO  Executed sudo&lt;tedge_disconnect_c8y&gt;, exit status 0
12:23:41 INFO  Executed systemctl&lt;serv_mapper5&gt;, exit status 3
12:23:41 INFO  
12:23:41 INFO  Test duration: 179.87 secs
12:23:41 INFO  Test final outcome:  BLOCKED
12:23:41 INFO  Test outcome reason: SystemError: Timeout while waiting for status SUCCESSFUL or False
12:23:41 INFO  
</system-out>
	</testcase>
</testsuite>
