<?xml version="1.0" encoding="utf-8"?>
<testsuite failures="1" name="SoftwareManagement.sm_apt_install_remove_multiple_mixed" skipped="0" tests="1" time="178.29" timestamp="2022-07-21T15:38:32">
	<testcase classname="PySysTest" name="SoftwareManagement.sm_apt_install_remove_multiple_mixed">
		<failure message="BLOCKED: SystemError: Timeout while waiting for status SUCCESSFUL or False" type="BLOCKED"/>
		<system-out>15:35:34 INFO  ==============================================================
15:35:34 INFO  Id:    SoftwareManagement.sm_apt_install_remove_multiple_mixed
15:35:34 INFO  Dir:   software_management_end_to_end/
15:35:34 INFO  Title: Validate end to end behaviour for the apt plugin for multiple packages with mixed versions
15:35:34 INFO  ==============================================================
15:35:34 INFO  Using sw id database: {'asciijump': '5475369', 'robotfindskitten': '5474869', 'squirrel3': '5475279', 'rolldice': '5152439', 'moon-buggy': '5439204', 'apple': '5495053', 'banana': '5494888', 'cherry': '5495382', 'watermelon': '5494510', 'registry': '8018911', 'hello-world': '8021526', 'docker/getting-started': '8021973', 'alpine': '7991792'}
15:35:34 INFO  EnvironmentC8y Setup
15:35:34 INFO  Executed systemctl&lt;serv_mapper1&gt;, exit status 3
15:35:34 INFO  Restarting mosquitto too frequently in the last 10 seconds. It was only up for 5 seconds
15:35:34 INFO  Delaying execution by 6 seconds
15:35:55 INFO  Executed sudo&lt;tedge_connect_c8y&gt;, exit status 0, duration 14 secs
15:35:55 INFO  Executed sudo&lt;tedge_connect_c8y_test&gt;, exit status 0
15:35:56 INFO  Executed systemctl&lt;serv_mosq2&gt;, exit status 0
15:35:56 INFO  Executed systemctl&lt;serv_mapper3&gt;, exit status 0
15:35:59 INFO  State of current operation: SUCCESSFUL
15:35:59 INFO  Assert that (False == value) with value=False ... passed
15:35:59 INFO  Assert that (False == value) with value=False ... passed
15:35:59 INFO  Assert that (False == value) with value=False ... passed
15:36:00 INFO  Assert that (False == value) with value=False ... passed
15:36:00 INFO  Assert that (False == value) with value=False ... passed
15:36:01 INFO  Response status: 201
15:36:01 INFO  Response to action: {
    &quot;delivery&quot;: {
        &quot;log&quot;: [],
        &quot;time&quot;: &quot;2022-07-21T15:36:01.574Z&quot;,
        &quot;status&quot;: &quot;PENDING&quot;
    },
    &quot;creationTime&quot;: &quot;2022-07-21T15:36:01.557Z&quot;,
    &quot;deviceId&quot;: &quot;21119832&quot;,
    &quot;deviceName&quot;: &quot;m32sd10a&quot;,
    &quot;self&quot;: &quot;https://t493319102.eu-latest.cumulocity.com/devicecontrol/operations/21144912&quot;,
    &quot;id&quot;: &quot;21144912&quot;,
    &quot;status&quot;: &quot;PENDING&quot;,
    &quot;description&quot;: &quot;Apply software changes, triggered from PySys: [{'action': 'install', 'id': '5475369', 'name': 'asciijump', 'url': ' ', 'version': '::apt'}, {'action': 'install', 'id': '5474869', 'name': 'robotfindskitten', 'url': ' ', 'version': ' '}, {'action': 'install', 'id': '5475279', 'name': 'squirrel3', 'url': ' ', 'version': '3.1-7::apt'}, {'action': 'install', 'id': '5152439', 'name': 'rolldice', 'url': ' ', 'version': '1.16-1+b1'}, {'action': 'install', 'id': '5439204', 'name': 'moon-buggy', 'url': ' ', 'version': '1:1.0.51-12'}, {'action': 'install', 'id': '5475369', 'name': 'asciijump', 'url': ' ', 'version': '::apt'}]&quot;,
    &quot;c8y_SoftwareUpdate&quot;: [
        {
            &quot;name&quot;: &quot;asciijump&quot;,
            &quot;action&quot;: &quot;install&quot;,
            &quot;id&quot;: &quot;5475369&quot;,
            &quot;version&quot;: &quot;::apt&quot;,
            &quot;url&quot;: &quot; &quot;
        },
        {
            &quot;name&quot;: &quot;robotfindskitten&quot;,
            &quot;action&quot;: &quot;install&quot;,
            &quot;id&quot;: &quot;5474869&quot;,
            &quot;version&quot;: &quot; &quot;,
            &quot;url&quot;: &quot; &quot;
        },
        {
            &quot;name&quot;: &quot;squirrel3&quot;,
            &quot;action&quot;: &quot;install&quot;,
            &quot;id&quot;: &quot;5475279&quot;,
            &quot;version&quot;: &quot;3.1-7::apt&quot;,
            &quot;url&quot;: &quot; &quot;
        },
        {
            &quot;name&quot;: &quot;rolldice&quot;,
            &quot;action&quot;: &quot;install&quot;,
            &quot;id&quot;: &quot;5152439&quot;,
            &quot;version&quot;: &quot;1.16-1+b1&quot;,
            &quot;url&quot;: &quot; &quot;
        },
        {
            &quot;name&quot;: &quot;moon-buggy&quot;,
            &quot;action&quot;: &quot;install&quot;,
            &quot;id&quot;: &quot;5439204&quot;,
            &quot;version&quot;: &quot;1:1.0.51-12&quot;,
            &quot;url&quot;: &quot; &quot;
        },
        {
            &quot;name&quot;: &quot;asciijump&quot;,
            &quot;action&quot;: &quot;install&quot;,
            &quot;id&quot;: &quot;5475369&quot;,
            &quot;version&quot;: &quot;::apt&quot;,
            &quot;url&quot;: &quot; &quot;
        }
    ]
}
15:36:01 INFO  Started operation: {'delivery': {'log': [], 'time': '2022-07-21T15:36:01.574Z', 'status': 'PENDING'}, 'creationTime': '2022-07-21T15:36:01.557Z', 'deviceId': '21119832', 'deviceName': 'm32sd10a', 'self': 'https://t493319102.eu-latest.cumulocity.com/devicecontrol/operations/21144912', 'id': '21144912', 'status': 'PENDING', 'description': &quot;Apply software changes, triggered from PySys: [{'action': 'install', 'id': '5475369', 'name': 'asciijump', 'url': ' ', 'version': '::apt'}, {'action': 'install', 'id': '5474869', 'name': 'robotfindskitten', 'url': ' ', 'version': ' '}, {'action': 'install', 'id': '5475279', 'name': 'squirrel3', 'url': ' ', 'version': '3.1-7::apt'}, {'action': 'install', 'id': '5152439', 'name': 'rolldice', 'url': ' ', 'version': '1.16-1+b1'}, {'action': 'install', 'id': '5439204', 'name': 'moon-buggy', 'url': ' ', 'version': '1:1.0.51-12'}, {'action': 'install', 'id': '5475369', 'name': 'asciijump', 'url': ' ', 'version': '::apt'}]&quot;, 'c8y_SoftwareUpdate': [{'name': 'asciijump', 'action': 'install', 'id': '5475369', 'version': '::apt', 'url': ' '}, {'name': 'robotfindskitten', 'action': 'install', 'id': '5474869', 'version': ' ', 'url': ' '}, {'name': 'squirrel3', 'action': 'install', 'id': '5475279', 'version': '3.1-7::apt', 'url': ' '}, {'name': 'rolldice', 'action': 'install', 'id': '5152439', 'version': '1.16-1+b1', 'url': ' '}, {'name': 'moon-buggy', 'action': 'install', 'id': '5439204', 'version': '1:1.0.51-12', 'url': ' '}, {'name': 'asciijump', 'action': 'install', 'id': '5475369', 'version': '::apt', 'url': ' '}]}
15:36:03 INFO  State of operation 21144912 : PENDING
15:36:06 INFO  State of operation 21144912 : EXECUTING
15:36:08 INFO  State of operation 21144912 : EXECUTING
15:36:10 INFO  State of operation 21144912 : EXECUTING
15:36:12 INFO  State of operation 21144912 : EXECUTING
15:36:14 INFO  State of operation 21144912 : EXECUTING
15:36:17 INFO  State of operation 21144912 : EXECUTING
15:36:20 INFO  State of operation 21144912 : EXECUTING
15:36:23 INFO  State of operation 21144912 : EXECUTING
15:36:25 INFO  State of operation 21144912 : EXECUTING
15:36:27 INFO  State of operation 21144912 : EXECUTING
15:36:29 INFO  State of operation 21144912 : EXECUTING
15:36:31 INFO  State of operation 21144912 : EXECUTING
15:36:34 INFO  State of operation 21144912 : EXECUTING
15:36:36 INFO  State of operation 21144912 : EXECUTING
15:36:38 INFO  State of operation 21144912 : EXECUTING
15:36:40 INFO  State of operation 21144912 : EXECUTING
15:36:43 INFO  State of operation 21144912 : EXECUTING
15:36:45 INFO  State of operation 21144912 : EXECUTING
15:36:48 INFO  State of operation 21144912 : EXECUTING
15:36:50 INFO  State of operation 21144912 : EXECUTING
15:36:52 INFO  State of operation 21144912 : EXECUTING
15:36:55 INFO  State of operation 21144912 : EXECUTING
15:36:57 INFO  State of operation 21144912 : EXECUTING
15:37:00 INFO  State of operation 21144912 : EXECUTING
15:37:02 INFO  State of operation 21144912 : EXECUTING
15:37:04 INFO  State of operation 21144912 : EXECUTING
15:37:06 INFO  State of operation 21144912 : EXECUTING
15:37:08 INFO  State of operation 21144912 : EXECUTING
15:37:11 INFO  State of operation 21144912 : EXECUTING
15:37:13 INFO  State of operation 21144912 : EXECUTING
15:37:15 INFO  State of operation 21144912 : EXECUTING
15:37:18 INFO  State of operation 21144912 : EXECUTING
15:37:20 INFO  State of operation 21144912 : EXECUTING
15:37:22 INFO  State of operation 21144912 : EXECUTING
15:37:24 INFO  State of operation 21144912 : EXECUTING
15:37:26 INFO  State of operation 21144912 : EXECUTING
15:37:29 INFO  State of operation 21144912 : EXECUTING
15:37:31 INFO  State of operation 21144912 : EXECUTING
15:37:34 INFO  State of operation 21144912 : EXECUTING
15:37:36 INFO  State of operation 21144912 : EXECUTING
15:37:39 INFO  State of operation 21144912 : EXECUTING
15:37:41 INFO  State of operation 21144912 : EXECUTING
15:37:43 INFO  State of operation 21144912 : EXECUTING
15:37:45 INFO  State of operation 21144912 : EXECUTING
15:37:48 INFO  State of operation 21144912 : EXECUTING
15:37:50 INFO  State of operation 21144912 : EXECUTING
15:37:52 INFO  State of operation 21144912 : EXECUTING
15:37:54 INFO  State of operation 21144912 : EXECUTING
15:37:57 INFO  State of operation 21144912 : EXECUTING
15:37:59 INFO  State of operation 21144912 : EXECUTING
15:38:02 INFO  State of operation 21144912 : EXECUTING
15:38:04 INFO  State of operation 21144912 : EXECUTING
15:38:07 INFO  State of operation 21144912 : EXECUTING
15:38:09 INFO  State of operation 21144912 : EXECUTING
15:38:12 INFO  State of operation 21144912 : EXECUTING
15:38:14 INFO  State of operation 21144912 : EXECUTING
15:38:17 INFO  State of operation 21144912 : EXECUTING
15:38:19 INFO  State of operation 21144912 : EXECUTING
15:38:22 INFO  State of operation 21144912 : EXECUTING
15:38:24 INFO  State of operation 21144912 : EXECUTING
15:38:26 WARN  SystemError occurred while running test - Timeout while waiting for status SUCCESSFUL or False
Traceback (most recent call last):
  File &quot;/home/pi/env-pysys/lib/python3.7/site-packages/pysys/baserunner.py&quot;, line 1294, in __call__
    self.testObj.execute()
  File &quot;/home/pi/actions-runner/_work/thin-edge.io/thin-edge.io/tests/PySys/software_management_end_to_end/sm_apt_install_remove_multiple_mixed/run.py&quot;, line 89, in execute
    self.wait_until_succcess()
  File &quot;/home/pi/actions-runner/_work/thin-edge.io/thin-edge.io/tests/PySys/software_management_end_to_end/environment_sm_management.py&quot;, line 324, in wait_until_succcess
    self.wait_until_status(&quot;SUCCESSFUL&quot;)
  File &quot;/home/pi/actions-runner/_work/thin-edge.io/thin-edge.io/tests/PySys/software_management_end_to_end/environment_sm_management.py&quot;, line 381, in wait_until_status
    &quot;Timeout while waiting for status %s or %s&quot; % (status, status2)
SystemError: Timeout while waiting for status SUCCESSFUL or False
15:38:26 WARN  SystemError: Timeout while waiting for status SUCCESSFUL or False ... blocked 
15:38:26 INFO  
15:38:26 INFO  cleanup:
15:38:31 INFO  Executed sudo&lt;tedge_disconnect_c8y&gt;, exit status 0
15:38:32 INFO  Executed systemctl&lt;serv_mapper5&gt;, exit status 3
15:38:32 INFO  
15:38:32 INFO  Test duration: 178.29 secs
15:38:32 INFO  Test final outcome:  BLOCKED
15:38:32 INFO  Test outcome reason: SystemError: Timeout while waiting for status SUCCESSFUL or False
15:38:32 INFO  
</system-out>
	</testcase>
</testsuite>
