<?xml version="1.0" encoding="utf-8"?>
<testsuite failures="1" name="SoftwareManagement.sm_apt_install_remove_multiple" skipped="0" tests="1" time="180.04" timestamp="2022-07-22T10:06:23">
	<testcase classname="PySysTest" name="SoftwareManagement.sm_apt_install_remove_multiple">
		<failure message="FAILED: Assert that (False == value) with value=True" type="FAILED"/>
		<system-out>10:03:23 INFO  ==============================================================
10:03:23 INFO  Id:    SoftwareManagement.sm_apt_install_remove_multiple
10:03:23 INFO  Dir:   software_management_end_to_end/
10:03:23 INFO  Title: Validate end to end behaviour for the apt plugin for multiple packages
10:03:23 INFO  ==============================================================
10:03:23 INFO  Using sw id database: {'asciijump': '5475369', 'robotfindskitten': '5474869', 'squirrel3': '5475279', 'rolldice': '5152439', 'moon-buggy': '5439204', 'apple': '5495053', 'banana': '5494888', 'cherry': '5495382', 'watermelon': '5494510', 'registry': '8018911', 'hello-world': '8021526', 'docker/getting-started': '8021973', 'alpine': '7991792'}
10:03:23 INFO  EnvironmentC8y Setup
10:03:24 INFO  Executed systemctl&lt;serv_mapper1&gt;, exit status 3
10:03:24 INFO  Restarting mosquitto too frequently in the last 10 seconds. It was only up for 4 seconds
10:03:24 INFO  Delaying execution by 7 seconds
10:03:45 INFO  Executed sudo&lt;tedge_connect_c8y&gt;, exit status 0, duration 14 secs
10:03:46 INFO  Executed sudo&lt;tedge_connect_c8y_test&gt;, exit status 0
10:03:46 INFO  Executed systemctl&lt;serv_mosq2&gt;, exit status 0
10:03:47 INFO  Executed systemctl&lt;serv_mapper3&gt;, exit status 0
10:03:49 INFO  State of current operation: SUCCESSFUL
10:03:49 INFO  Assert that (False == value) with value=False ... passed
10:03:49 INFO  Assert that (False == value) with value=False ... passed
10:03:49 INFO  Assert that (False == value) with value=False ... passed
10:03:50 INFO  Package robotfindskitten is installed
10:03:50 WARN  Assert that (False == value) with value=True ... failed 
10:03:50 INFO  Response status: 201
10:03:50 INFO  Response to action: {
    &quot;creationTime&quot;: &quot;2022-07-22T10:03:50.446Z&quot;,
    &quot;deviceId&quot;: &quot;21263449&quot;,
    &quot;deviceName&quot;: &quot;m32sd10a&quot;,
    &quot;self&quot;: &quot;https://t493319102.eu-latest.cumulocity.com/devicecontrol/operations/21274813&quot;,
    &quot;id&quot;: &quot;21274813&quot;,
    &quot;status&quot;: &quot;PENDING&quot;,
    &quot;description&quot;: &quot;Apply software changes, triggered from PySys: [{'action': 'install', 'id': '5475369', 'name': 'asciijump', 'url': ' ', 'version': '::apt'}, {'action': 'install', 'id': '5474869', 'name': 'robotfindskitten', 'url': ' ', 'version': '::apt'}, {'action': 'install', 'id': '5475279', 'name': 'squirrel3', 'url': ' ', 'version': '::apt'}]&quot;,
    &quot;c8y_SoftwareUpdate&quot;: [
        {
            &quot;name&quot;: &quot;asciijump&quot;,
            &quot;action&quot;: &quot;install&quot;,
            &quot;id&quot;: &quot;5475369&quot;,
            &quot;version&quot;: &quot;::apt&quot;,
            &quot;url&quot;: &quot; &quot;
        },
        {
            &quot;name&quot;: &quot;robotfindskitten&quot;,
            &quot;action&quot;: &quot;install&quot;,
            &quot;id&quot;: &quot;5474869&quot;,
            &quot;version&quot;: &quot;::apt&quot;,
            &quot;url&quot;: &quot; &quot;
        },
        {
            &quot;name&quot;: &quot;squirrel3&quot;,
            &quot;action&quot;: &quot;install&quot;,
            &quot;id&quot;: &quot;5475279&quot;,
            &quot;version&quot;: &quot;::apt&quot;,
            &quot;url&quot;: &quot; &quot;
        }
    ]
}
10:03:50 INFO  Started operation: {'creationTime': '2022-07-22T10:03:50.446Z', 'deviceId': '21263449', 'deviceName': 'm32sd10a', 'self': 'https://t493319102.eu-latest.cumulocity.com/devicecontrol/operations/21274813', 'id': '21274813', 'status': 'PENDING', 'description': &quot;Apply software changes, triggered from PySys: [{'action': 'install', 'id': '5475369', 'name': 'asciijump', 'url': ' ', 'version': '::apt'}, {'action': 'install', 'id': '5474869', 'name': 'robotfindskitten', 'url': ' ', 'version': '::apt'}, {'action': 'install', 'id': '5475279', 'name': 'squirrel3', 'url': ' ', 'version': '::apt'}]&quot;, 'c8y_SoftwareUpdate': [{'name': 'asciijump', 'action': 'install', 'id': '5475369', 'version': '::apt', 'url': ' '}, {'name': 'robotfindskitten', 'action': 'install', 'id': '5474869', 'version': '::apt', 'url': ' '}, {'name': 'squirrel3', 'action': 'install', 'id': '5475279', 'version': '::apt', 'url': ' '}]}
10:03:52 INFO  State of operation 21274813 : PENDING
10:03:54 INFO  State of operation 21274813 : EXECUTING
10:03:57 INFO  State of operation 21274813 : EXECUTING
10:03:59 INFO  State of operation 21274813 : EXECUTING
10:04:01 INFO  State of operation 21274813 : EXECUTING
10:04:03 INFO  State of operation 21274813 : EXECUTING
10:04:06 INFO  State of operation 21274813 : EXECUTING
10:04:09 INFO  State of operation 21274813 : EXECUTING
10:04:12 INFO  State of operation 21274813 : EXECUTING
10:04:14 INFO  State of operation 21274813 : EXECUTING
10:04:16 INFO  State of operation 21274813 : EXECUTING
10:04:18 INFO  State of operation 21274813 : EXECUTING
10:04:20 INFO  State of operation 21274813 : EXECUTING
10:04:23 INFO  State of operation 21274813 : EXECUTING
10:04:25 INFO  State of operation 21274813 : EXECUTING
10:04:27 INFO  State of operation 21274813 : EXECUTING
10:04:30 INFO  State of operation 21274813 : EXECUTING
10:04:32 INFO  State of operation 21274813 : EXECUTING
10:04:35 INFO  State of operation 21274813 : EXECUTING
10:04:37 INFO  State of operation 21274813 : EXECUTING
10:04:39 INFO  State of operation 21274813 : EXECUTING
10:04:42 INFO  State of operation 21274813 : EXECUTING
10:04:44 INFO  State of operation 21274813 : EXECUTING
10:04:47 INFO  State of operation 21274813 : EXECUTING
10:04:49 INFO  State of operation 21274813 : EXECUTING
10:04:52 INFO  State of operation 21274813 : EXECUTING
10:04:54 INFO  State of operation 21274813 : EXECUTING
10:04:57 INFO  State of operation 21274813 : EXECUTING
10:04:59 INFO  State of operation 21274813 : EXECUTING
10:05:02 INFO  State of operation 21274813 : EXECUTING
10:05:04 INFO  State of operation 21274813 : EXECUTING
10:05:06 INFO  State of operation 21274813 : EXECUTING
10:05:08 INFO  State of operation 21274813 : EXECUTING
10:05:11 INFO  State of operation 21274813 : SUCCESSFUL
10:05:11 INFO  Assert that (False == value) with value=False ... passed
10:05:11 INFO  Package asciijump is installed
10:05:11 INFO  Assert that (True == value) with value=True ... passed
10:05:11 INFO  Package squirrel3 is installed
10:05:11 INFO  Assert that (True == value) with value=True ... passed
10:05:11 INFO  Package robotfindskitten is installed
10:05:11 INFO  Assert that (True == value) with value=True ... passed
10:05:12 INFO  Response status: 201
10:05:12 INFO  Response to action: {
    &quot;creationTime&quot;: &quot;2022-07-22T10:05:12.135Z&quot;,
    &quot;deviceId&quot;: &quot;21263449&quot;,
    &quot;deviceName&quot;: &quot;m32sd10a&quot;,
    &quot;self&quot;: &quot;https://t493319102.eu-latest.cumulocity.com/devicecontrol/operations/21274824&quot;,
    &quot;id&quot;: &quot;21274824&quot;,
    &quot;status&quot;: &quot;PENDING&quot;,
    &quot;description&quot;: &quot;Apply software changes, triggered from PySys: [{'action': 'delete', 'id': '5475369', 'name': 'asciijump', 'url': ' ', 'version': '::apt'}, {'action': 'delete', 'id': '5474869', 'name': 'robotfindskitten', 'url': ' ', 'version': '::apt'}, {'action': 'delete', 'id': '5475279', 'name': 'squirrel3', 'url': ' ', 'version': '::apt'}]&quot;,
    &quot;c8y_SoftwareUpdate&quot;: [
        {
            &quot;name&quot;: &quot;asciijump&quot;,
            &quot;action&quot;: &quot;delete&quot;,
            &quot;id&quot;: &quot;5475369&quot;,
            &quot;version&quot;: &quot;::apt&quot;,
            &quot;url&quot;: &quot; &quot;
        },
        {
            &quot;name&quot;: &quot;robotfindskitten&quot;,
            &quot;action&quot;: &quot;delete&quot;,
            &quot;id&quot;: &quot;5474869&quot;,
            &quot;version&quot;: &quot;::apt&quot;,
            &quot;url&quot;: &quot; &quot;
        },
        {
            &quot;name&quot;: &quot;squirrel3&quot;,
            &quot;action&quot;: &quot;delete&quot;,
            &quot;id&quot;: &quot;5475279&quot;,
            &quot;version&quot;: &quot;::apt&quot;,
            &quot;url&quot;: &quot; &quot;
        }
    ]
}
10:05:12 INFO  Started operation: {'creationTime': '2022-07-22T10:05:12.135Z', 'deviceId': '21263449', 'deviceName': 'm32sd10a', 'self': 'https://t493319102.eu-latest.cumulocity.com/devicecontrol/operations/21274824', 'id': '21274824', 'status': 'PENDING', 'description': &quot;Apply software changes, triggered from PySys: [{'action': 'delete', 'id': '5475369', 'name': 'asciijump', 'url': ' ', 'version': '::apt'}, {'action': 'delete', 'id': '5474869', 'name': 'robotfindskitten', 'url': ' ', 'version': '::apt'}, {'action': 'delete', 'id': '5475279', 'name': 'squirrel3', 'url': ' ', 'version': '::apt'}]&quot;, 'c8y_SoftwareUpdate': [{'name': 'asciijump', 'action': 'delete', 'id': '5475369', 'version': '::apt', 'url': ' '}, {'name': 'robotfindskitten', 'action': 'delete', 'id': '5474869', 'version': '::apt', 'url': ' '}, {'name': 'squirrel3', 'action': 'delete', 'id': '5475279', 'version': '::apt', 'url': ' '}]}
10:05:14 INFO  State of operation 21274824 : PENDING
10:05:16 INFO  State of operation 21274824 : EXECUTING
10:05:18 INFO  State of operation 21274824 : EXECUTING
10:05:21 INFO  State of operation 21274824 : EXECUTING
10:05:23 INFO  State of operation 21274824 : EXECUTING
10:05:25 INFO  State of operation 21274824 : EXECUTING
10:05:28 INFO  State of operation 21274824 : EXECUTING
10:05:31 INFO  State of operation 21274824 : EXECUTING
10:05:33 INFO  State of operation 21274824 : EXECUTING
10:05:36 INFO  State of operation 21274824 : EXECUTING
10:05:38 INFO  State of operation 21274824 : EXECUTING
10:05:40 INFO  State of operation 21274824 : EXECUTING
10:05:42 INFO  State of operation 21274824 : EXECUTING
10:05:45 INFO  State of operation 21274824 : EXECUTING
10:05:47 INFO  State of operation 21274824 : EXECUTING
10:05:49 INFO  State of operation 21274824 : EXECUTING
10:05:52 INFO  State of operation 21274824 : EXECUTING
10:05:54 INFO  State of operation 21274824 : EXECUTING
10:05:57 INFO  State of operation 21274824 : EXECUTING
10:05:59 INFO  State of operation 21274824 : EXECUTING
10:06:01 INFO  State of operation 21274824 : EXECUTING
10:06:03 INFO  State of operation 21274824 : EXECUTING
10:06:06 INFO  State of operation 21274824 : EXECUTING
10:06:08 INFO  State of operation 21274824 : EXECUTING
10:06:11 INFO  State of operation 21274824 : EXECUTING
10:06:13 INFO  State of operation 21274824 : EXECUTING
10:06:15 INFO  State of operation 21274824 : EXECUTING
10:06:18 INFO  State of operation 21274824 : SUCCESSFUL
10:06:18 INFO  Assert that (False == value) with value=False ... passed
10:06:18 INFO  Assert that (False == value) with value=False ... passed
10:06:18 INFO  Assert that (False == value) with value=False ... passed
10:06:18 INFO  Assert that (False == value) with value=False ... passed
10:06:18 INFO  
10:06:18 INFO  cleanup:
10:06:23 INFO  Executed sudo&lt;tedge_disconnect_c8y&gt;, exit status 0
10:06:23 INFO  Executed systemctl&lt;serv_mapper5&gt;, exit status 3
10:06:23 INFO  
10:06:23 INFO  Test duration: 180.04 secs
10:06:23 INFO  Test final outcome:  FAILED
10:06:23 INFO  Test outcome reason: Assert that (False == value) with value=True
10:06:23 INFO  
</system-out>
	</testcase>
</testsuite>
