<?xml version="1.0" encoding="utf-8"?>
<testsuite failures="1" name="SoftwareManagement.sm_apt_install_remove_multiple_mixed" skipped="0" tests="1" time="166.56" timestamp="2022-05-23T17:37:29">
	<testcase classname="PySysTest" name="SoftwareManagement.sm_apt_install_remove_multiple_mixed">
		<failure message="BLOCKED: SystemError: Timeout while waiting for status FAILED or SUCCESSFUL" type="BLOCKED"/>
		<system-out>17:34:42 INFO  ==============================================================
17:34:42 INFO  Id:    SoftwareManagement.sm_apt_install_remove_multiple_mixed
17:34:42 INFO  Dir:   software_management_end_to_end/
17:34:42 INFO  Title: Validate end to end behaviour for the apt plugin for multiple packages with mixed versions
17:34:42 INFO  ==============================================================
17:34:42 INFO  Using sw id database: {'asciijump': '5475369', 'robotfindskitten': '5474869', 'squirrel3': '5475279', 'rolldice': '5152439', 'moon-buggy': '5439204', 'apple': '5495053', 'banana': '5494888', 'cherry': '5495382', 'watermelon': '5494510', 'registry': '8018911', 'hello-world': '8021526', 'docker/getting-started': '8021973', 'alpine': '7991792'}
17:34:42 INFO  EnvironmentC8y Setup
17:34:43 INFO  Executed systemctl&lt;serv_mapper1&gt;, exit status 3
17:34:43 INFO  Restarting mosquitto too frequently in the last 10 seconds. It was only up for 4 seconds
17:34:43 INFO  Delaying execution by 7 seconds
17:35:04 INFO  Executed sudo&lt;tedge_connect_c8y&gt;, exit status 0, duration 14 secs
17:35:05 INFO  Executed sudo&lt;tedge_connect_c8y_test&gt;, exit status 0
17:35:05 INFO  Executed systemctl&lt;serv_mosq2&gt;, exit status 0
17:35:06 INFO  Executed systemctl&lt;serv_mapper3&gt;, exit status 0
17:35:08 INFO  State of current operation: PENDING
17:35:10 INFO  State of current operation: PENDING
17:35:13 INFO  State of current operation: PENDING
17:35:15 INFO  State of current operation: PENDING
17:35:17 INFO  State of current operation: PENDING
17:35:19 INFO  State of current operation: PENDING
17:35:22 INFO  State of current operation: PENDING
17:35:24 INFO  State of current operation: PENDING
17:35:26 INFO  State of current operation: PENDING
17:35:28 INFO  State of current operation: PENDING
17:35:30 INFO  State of current operation: PENDING
17:35:33 INFO  State of current operation: PENDING
17:35:35 INFO  State of current operation: PENDING
17:35:37 INFO  State of current operation: PENDING
17:35:39 INFO  State of current operation: PENDING
17:35:42 INFO  State of current operation: PENDING
17:35:44 INFO  State of current operation: PENDING
17:35:46 INFO  State of current operation: PENDING
17:35:48 INFO  State of current operation: PENDING
17:35:51 INFO  State of current operation: PENDING
17:35:53 INFO  State of current operation: PENDING
17:35:55 INFO  State of current operation: PENDING
17:35:57 INFO  State of current operation: PENDING
17:35:59 INFO  State of current operation: PENDING
17:36:02 INFO  State of current operation: PENDING
17:36:04 INFO  State of current operation: PENDING
17:36:06 INFO  State of current operation: PENDING
17:36:08 INFO  State of current operation: PENDING
17:36:11 INFO  State of current operation: PENDING
17:36:13 INFO  State of current operation: PENDING
17:36:15 INFO  State of current operation: PENDING
17:36:17 INFO  State of current operation: PENDING
17:36:20 INFO  State of current operation: PENDING
17:36:22 INFO  State of current operation: PENDING
17:36:24 INFO  State of current operation: PENDING
17:36:26 INFO  State of current operation: PENDING
17:36:28 INFO  State of current operation: PENDING
17:36:31 INFO  State of current operation: PENDING
17:36:33 INFO  State of current operation: PENDING
17:36:35 INFO  State of current operation: PENDING
17:36:37 INFO  State of current operation: PENDING
17:36:40 INFO  State of current operation: PENDING
17:36:42 INFO  State of current operation: PENDING
17:36:44 INFO  State of current operation: PENDING
17:36:46 INFO  State of current operation: PENDING
17:36:49 INFO  State of current operation: PENDING
17:36:51 INFO  State of current operation: PENDING
17:36:53 INFO  State of current operation: PENDING
17:36:55 INFO  State of current operation: PENDING
17:36:57 INFO  State of current operation: PENDING
17:37:00 INFO  State of current operation: PENDING
17:37:02 INFO  State of current operation: PENDING
17:37:04 INFO  State of current operation: PENDING
17:37:06 INFO  State of current operation: PENDING
17:37:09 INFO  State of current operation: PENDING
17:37:11 INFO  State of current operation: PENDING
17:37:13 INFO  State of current operation: PENDING
17:37:15 INFO  State of current operation: PENDING
17:37:18 INFO  State of current operation: PENDING
17:37:20 INFO  State of current operation: PENDING
17:37:22 INFO  State of current operation: PENDING
17:37:24 WARN  SystemError occurred while running test - Timeout while waiting for status FAILED or SUCCESSFUL
Traceback (most recent call last):
  File &quot;/home/pi/env-pysys/lib/python3.7/site-packages/pysys/baserunner.py&quot;, line 1292, in __call__
    self.testObj.setup()
  File &quot;/home/pi/actions-runner/_work/thin-edge.io/thin-edge.io/tests/PySys/software_management_end_to_end/sm_apt_install_remove_multiple_mixed/run.py&quot;, line 73, in setup
    super().setup()
  File &quot;/home/pi/actions-runner/_work/thin-edge.io/thin-edge.io/tests/PySys/software_management_end_to_end/environment_sm_management.py&quot;, line 151, in setup
    self.wait_until_end()
  File &quot;/home/pi/actions-runner/_work/thin-edge.io/thin-edge.io/tests/PySys/software_management_end_to_end/environment_sm_management.py&quot;, line 332, in wait_until_end
    self.wait_until_status(&quot;FAILED&quot;, &quot;SUCCESSFUL&quot;)
  File &quot;/home/pi/actions-runner/_work/thin-edge.io/thin-edge.io/tests/PySys/software_management_end_to_end/environment_sm_management.py&quot;, line 381, in wait_until_status
    &quot;Timeout while waiting for status %s or %s&quot; % (status, status2)
SystemError: Timeout while waiting for status FAILED or SUCCESSFUL
17:37:24 WARN  SystemError: Timeout while waiting for status FAILED or SUCCESSFUL ... blocked 
17:37:24 INFO  
17:37:24 INFO  cleanup:
17:37:28 INFO  Executed sudo&lt;tedge_disconnect_c8y&gt;, exit status 0
17:37:29 INFO  Executed systemctl&lt;serv_mapper5&gt;, exit status 3
17:37:29 INFO  
17:37:29 INFO  Test duration: 166.56 secs
17:37:29 INFO  Test final outcome:  BLOCKED
17:37:29 INFO  Test outcome reason: SystemError: Timeout while waiting for status FAILED or SUCCESSFUL
17:37:29 INFO  
</system-out>
	</testcase>
</testsuite>
