<?xml version="1.0" encoding="utf-8"?>
<testsuite failures="1" name="SoftwareManagement.sm_apt_install_remove_multiple_mixed" skipped="0" tests="1" time="167.1" timestamp="2022-05-25T13:33:10">
	<testcase classname="PySysTest" name="SoftwareManagement.sm_apt_install_remove_multiple_mixed">
		<failure message="BLOCKED: SystemError: Timeout while waiting for status FAILED or SUCCESSFUL" type="BLOCKED"/>
		<system-out>13:30:23 INFO  ==============================================================
13:30:23 INFO  Id:    SoftwareManagement.sm_apt_install_remove_multiple_mixed
13:30:23 INFO  Dir:   software_management_end_to_end/
13:30:23 INFO  Title: Validate end to end behaviour for the apt plugin for multiple packages with mixed versions
13:30:23 INFO  ==============================================================
13:30:23 INFO  Using sw id database: {'asciijump': '5475369', 'robotfindskitten': '5474869', 'squirrel3': '5475279', 'rolldice': '5152439', 'moon-buggy': '5439204', 'apple': '5495053', 'banana': '5494888', 'cherry': '5495382', 'watermelon': '5494510', 'registry': '8018911', 'hello-world': '8021526', 'docker/getting-started': '8021973', 'alpine': '7991792'}
13:30:23 INFO  EnvironmentC8y Setup
13:30:23 INFO  Executed systemctl&lt;serv_mapper1&gt;, exit status 3
13:30:23 INFO  Restarting mosquitto too frequently in the last 10 seconds. It was only up for 4 seconds
13:30:23 INFO  Delaying execution by 7 seconds
13:30:45 INFO  Executed sudo&lt;tedge_connect_c8y&gt;, exit status 0, duration 14 secs
13:30:46 INFO  Executed sudo&lt;tedge_connect_c8y_test&gt;, exit status 0
13:30:46 INFO  Executed systemctl&lt;serv_mosq2&gt;, exit status 0
13:30:47 INFO  Executed systemctl&lt;serv_mapper3&gt;, exit status 0
13:30:49 INFO  State of current operation: PENDING
13:30:51 INFO  State of current operation: PENDING
13:30:54 INFO  State of current operation: PENDING
13:30:56 INFO  State of current operation: PENDING
13:30:58 INFO  State of current operation: PENDING
13:31:00 INFO  State of current operation: PENDING
13:31:03 INFO  State of current operation: PENDING
13:31:05 INFO  State of current operation: PENDING
13:31:07 INFO  State of current operation: PENDING
13:31:09 INFO  State of current operation: PENDING
13:31:12 INFO  State of current operation: PENDING
13:31:14 INFO  State of current operation: PENDING
13:31:16 INFO  State of current operation: PENDING
13:31:18 INFO  State of current operation: PENDING
13:31:20 INFO  State of current operation: PENDING
13:31:23 INFO  State of current operation: PENDING
13:31:25 INFO  State of current operation: PENDING
13:31:27 INFO  State of current operation: PENDING
13:31:29 INFO  State of current operation: PENDING
13:31:32 INFO  State of current operation: PENDING
13:31:34 INFO  State of current operation: PENDING
13:31:36 INFO  State of current operation: PENDING
13:31:38 INFO  State of current operation: PENDING
13:31:41 INFO  State of current operation: PENDING
13:31:43 INFO  State of current operation: PENDING
13:31:45 INFO  State of current operation: PENDING
13:31:47 INFO  State of current operation: PENDING
13:31:50 INFO  State of current operation: PENDING
13:31:52 INFO  State of current operation: PENDING
13:31:54 INFO  State of current operation: PENDING
13:31:56 INFO  State of current operation: PENDING
13:31:58 INFO  State of current operation: PENDING
13:32:01 INFO  State of current operation: PENDING
13:32:03 INFO  State of current operation: PENDING
13:32:05 INFO  State of current operation: PENDING
13:32:07 INFO  State of current operation: PENDING
13:32:10 INFO  State of current operation: PENDING
13:32:12 INFO  State of current operation: PENDING
13:32:14 INFO  State of current operation: PENDING
13:32:16 INFO  State of current operation: PENDING
13:32:19 INFO  State of current operation: PENDING
13:32:21 INFO  State of current operation: PENDING
13:32:23 INFO  State of current operation: PENDING
13:32:25 INFO  State of current operation: PENDING
13:32:27 INFO  State of current operation: PENDING
13:32:30 INFO  State of current operation: PENDING
13:32:32 INFO  State of current operation: PENDING
13:32:34 INFO  State of current operation: PENDING
13:32:37 INFO  State of current operation: PENDING
13:32:39 INFO  State of current operation: PENDING
13:32:41 INFO  State of current operation: PENDING
13:32:43 INFO  State of current operation: PENDING
13:32:45 INFO  State of current operation: PENDING
13:32:48 INFO  State of current operation: PENDING
13:32:50 INFO  State of current operation: PENDING
13:32:52 INFO  State of current operation: PENDING
13:32:54 INFO  State of current operation: PENDING
13:32:57 INFO  State of current operation: PENDING
13:32:59 INFO  State of current operation: PENDING
13:33:01 INFO  State of current operation: PENDING
13:33:03 INFO  State of current operation: PENDING
13:33:05 WARN  SystemError occurred while running test - Timeout while waiting for status FAILED or SUCCESSFUL
Traceback (most recent call last):
  File &quot;/home/pi/env-pysys/lib/python3.7/site-packages/pysys/baserunner.py&quot;, line 1292, in __call__
    self.testObj.setup()
  File &quot;/home/pi/actions-runner/_work/thin-edge.io/thin-edge.io/tests/PySys/software_management_end_to_end/sm_apt_install_remove_multiple_mixed/run.py&quot;, line 73, in setup
    super().setup()
  File &quot;/home/pi/actions-runner/_work/thin-edge.io/thin-edge.io/tests/PySys/software_management_end_to_end/environment_sm_management.py&quot;, line 151, in setup
    self.wait_until_end()
  File &quot;/home/pi/actions-runner/_work/thin-edge.io/thin-edge.io/tests/PySys/software_management_end_to_end/environment_sm_management.py&quot;, line 332, in wait_until_end
    self.wait_until_status(&quot;FAILED&quot;, &quot;SUCCESSFUL&quot;)
  File &quot;/home/pi/actions-runner/_work/thin-edge.io/thin-edge.io/tests/PySys/software_management_end_to_end/environment_sm_management.py&quot;, line 381, in wait_until_status
    &quot;Timeout while waiting for status %s or %s&quot; % (status, status2)
SystemError: Timeout while waiting for status FAILED or SUCCESSFUL
13:33:05 WARN  SystemError: Timeout while waiting for status FAILED or SUCCESSFUL ... blocked 
13:33:05 INFO  
13:33:05 INFO  cleanup:
13:33:09 INFO  Executed sudo&lt;tedge_disconnect_c8y&gt;, exit status 0
13:33:10 INFO  Executed systemctl&lt;serv_mapper5&gt;, exit status 3
13:33:10 INFO  
13:33:10 INFO  Test duration: 167.10 secs
13:33:10 INFO  Test final outcome:  BLOCKED
13:33:10 INFO  Test outcome reason: SystemError: Timeout while waiting for status FAILED or SUCCESSFUL
13:33:10 INFO  
</system-out>
	</testcase>
</testsuite>
