<?xml version="1.0" encoding="utf-8"?>
<testsuite failures="1" name="SoftwareManagement.sm_apt_install_fail" skipped="0" tests="1" time="166.24" timestamp="2022-05-23T11:48:30">
	<testcase classname="PySysTest" name="SoftwareManagement.sm_apt_install_fail">
		<failure message="BLOCKED: SystemError: Timeout while waiting for status FAILED or SUCCESSFUL" type="BLOCKED"/>
		<system-out>11:45:44 INFO  ==============================================================
11:45:44 INFO  Id:    SoftwareManagement.sm_apt_install_fail
11:45:44 INFO  Dir:   software_management_end_to_end/
11:45:44 INFO  Title: Validate end to end behaviour for a failing installation
11:45:44 INFO  ==============================================================
11:45:44 INFO  Using sw id database: {'asciijump': '5475369', 'robotfindskitten': '5474869', 'squirrel3': '5475279', 'rolldice': '5152439', 'moon-buggy': '5439204', 'apple': '5495053', 'banana': '5494888', 'cherry': '5495382', 'watermelon': '5494510', 'registry': '8018911', 'hello-world': '8021526', 'docker/getting-started': '8021973', 'alpine': '7991792'}
11:45:44 INFO  EnvironmentC8y Setup
11:45:44 INFO  Executed systemctl&lt;serv_mapper1&gt;, exit status 3
11:45:44 INFO  Restarting mosquitto too frequently in the last 10 seconds. It was only up for 4 seconds
11:45:44 INFO  Delaying execution by 7 seconds
11:46:05 INFO  Executed sudo&lt;tedge_connect_c8y&gt;, exit status 0, duration 13 secs
11:46:06 INFO  Executed sudo&lt;tedge_connect_c8y_test&gt;, exit status 0
11:46:06 INFO  Executed systemctl&lt;serv_mosq2&gt;, exit status 0
11:46:07 INFO  Executed systemctl&lt;serv_mapper3&gt;, exit status 0
11:46:09 INFO  State of current operation: PENDING
11:46:11 INFO  State of current operation: PENDING
11:46:14 INFO  State of current operation: PENDING
11:46:16 INFO  State of current operation: PENDING
11:46:18 INFO  State of current operation: PENDING
11:46:20 INFO  State of current operation: PENDING
11:46:23 INFO  State of current operation: PENDING
11:46:25 INFO  State of current operation: PENDING
11:46:27 INFO  State of current operation: PENDING
11:46:29 INFO  State of current operation: PENDING
11:46:32 INFO  State of current operation: PENDING
11:46:34 INFO  State of current operation: PENDING
11:46:36 INFO  State of current operation: PENDING
11:46:38 INFO  State of current operation: PENDING
11:46:41 INFO  State of current operation: PENDING
11:46:43 INFO  State of current operation: PENDING
11:46:45 INFO  State of current operation: PENDING
11:46:47 INFO  State of current operation: PENDING
11:46:50 INFO  State of current operation: PENDING
11:46:52 INFO  State of current operation: PENDING
11:46:54 INFO  State of current operation: PENDING
11:46:56 INFO  State of current operation: PENDING
11:46:58 INFO  State of current operation: PENDING
11:47:01 INFO  State of current operation: PENDING
11:47:03 INFO  State of current operation: PENDING
11:47:05 INFO  State of current operation: PENDING
11:47:07 INFO  State of current operation: PENDING
11:47:10 INFO  State of current operation: PENDING
11:47:12 INFO  State of current operation: PENDING
11:47:14 INFO  State of current operation: PENDING
11:47:16 INFO  State of current operation: PENDING
11:47:19 INFO  State of current operation: PENDING
11:47:21 INFO  State of current operation: PENDING
11:47:23 INFO  State of current operation: PENDING
11:47:25 INFO  State of current operation: PENDING
11:47:27 INFO  State of current operation: PENDING
11:47:30 INFO  State of current operation: PENDING
11:47:32 INFO  State of current operation: PENDING
11:47:34 INFO  State of current operation: PENDING
11:47:36 INFO  State of current operation: PENDING
11:47:39 INFO  State of current operation: PENDING
11:47:41 INFO  State of current operation: PENDING
11:47:43 INFO  State of current operation: PENDING
11:47:45 INFO  State of current operation: PENDING
11:47:47 INFO  State of current operation: PENDING
11:47:50 INFO  State of current operation: PENDING
11:47:52 INFO  State of current operation: PENDING
11:47:54 INFO  State of current operation: PENDING
11:47:56 INFO  State of current operation: PENDING
11:47:59 INFO  State of current operation: PENDING
11:48:01 INFO  State of current operation: PENDING
11:48:03 INFO  State of current operation: PENDING
11:48:05 INFO  State of current operation: PENDING
11:48:08 INFO  State of current operation: PENDING
11:48:10 INFO  State of current operation: PENDING
11:48:12 INFO  State of current operation: PENDING
11:48:14 INFO  State of current operation: PENDING
11:48:16 INFO  State of current operation: PENDING
11:48:19 INFO  State of current operation: PENDING
11:48:21 INFO  State of current operation: PENDING
11:48:23 INFO  State of current operation: PENDING
11:48:25 WARN  SystemError occurred while running test - Timeout while waiting for status FAILED or SUCCESSFUL
Traceback (most recent call last):
  File &quot;/home/pi/env-pysys/lib/python3.7/site-packages/pysys/baserunner.py&quot;, line 1292, in __call__
    self.testObj.setup()
  File &quot;/home/pi/actions-runner/_work/thin-edge.io/thin-edge.io/tests/PySys/software_management_end_to_end/sm_apt_install_fail/run.py&quot;, line 20, in setup
    super().setup()
  File &quot;/home/pi/actions-runner/_work/thin-edge.io/thin-edge.io/tests/PySys/software_management_end_to_end/environment_sm_management.py&quot;, line 151, in setup
    self.wait_until_end()
  File &quot;/home/pi/actions-runner/_work/thin-edge.io/thin-edge.io/tests/PySys/software_management_end_to_end/environment_sm_management.py&quot;, line 332, in wait_until_end
    self.wait_until_status(&quot;FAILED&quot;, &quot;SUCCESSFUL&quot;)
  File &quot;/home/pi/actions-runner/_work/thin-edge.io/thin-edge.io/tests/PySys/software_management_end_to_end/environment_sm_management.py&quot;, line 381, in wait_until_status
    &quot;Timeout while waiting for status %s or %s&quot; % (status, status2)
SystemError: Timeout while waiting for status FAILED or SUCCESSFUL
11:48:25 WARN  SystemError: Timeout while waiting for status FAILED or SUCCESSFUL ... blocked 
11:48:25 INFO  
11:48:25 INFO  cleanup:
11:48:29 INFO  Executed sudo&lt;tedge_disconnect_c8y&gt;, exit status 0
11:48:30 INFO  Executed systemctl&lt;serv_mapper5&gt;, exit status 3
11:48:30 INFO  
11:48:30 INFO  Test duration: 166.24 secs
11:48:30 INFO  Test final outcome:  BLOCKED
11:48:30 INFO  Test outcome reason: SystemError: Timeout while waiting for status FAILED or SUCCESSFUL
11:48:30 INFO  
</system-out>
	</testcase>
</testsuite>
