<?xml version="1.0" encoding="utf-8"?>
<testsuite failures="1" name="SoftwareManagement.sm_apt_install_remove_default" skipped="0" tests="1" time="167.07" timestamp="2022-05-23T19:51:44">
	<testcase classname="PySysTest" name="SoftwareManagement.sm_apt_install_remove_default">
		<failure message="BLOCKED: SystemError: Timeout while waiting for status FAILED or SUCCESSFUL" type="BLOCKED"/>
		<system-out>19:48:57 INFO  ==============================================================
19:48:57 INFO  Id:    SoftwareManagement.sm_apt_install_remove_default
19:48:57 INFO  Dir:   software_management_end_to_end/
19:48:57 INFO  Title: Validate end to end behaviour for the default plugin for installation and removal of packages
19:48:57 INFO  ==============================================================
19:48:57 INFO  Using sw id database: {'asciijump': '5475369', 'robotfindskitten': '5474869', 'squirrel3': '5475279', 'rolldice': '5152439', 'moon-buggy': '5439204', 'apple': '5495053', 'banana': '5494888', 'cherry': '5495382', 'watermelon': '5494510', 'registry': '8018911', 'hello-world': '8021526', 'docker/getting-started': '8021973', 'alpine': '7991792'}
19:48:57 INFO  EnvironmentC8y Setup
19:48:57 INFO  Executed systemctl&lt;serv_mapper1&gt;, exit status 3
19:48:57 INFO  Restarting mosquitto too frequently in the last 10 seconds. It was only up for 4 seconds
19:48:57 INFO  Delaying execution by 7 seconds
19:49:19 INFO  Executed sudo&lt;tedge_connect_c8y&gt;, exit status 0, duration 14 secs
19:49:20 INFO  Executed sudo&lt;tedge_connect_c8y_test&gt;, exit status 0
19:49:20 INFO  Executed systemctl&lt;serv_mosq2&gt;, exit status 0
19:49:21 INFO  Executed systemctl&lt;serv_mapper3&gt;, exit status 0
19:49:23 INFO  State of current operation: PENDING
19:49:25 INFO  State of current operation: PENDING
19:49:27 INFO  State of current operation: PENDING
19:49:30 INFO  State of current operation: PENDING
19:49:32 INFO  State of current operation: PENDING
19:49:34 INFO  State of current operation: PENDING
19:49:36 INFO  State of current operation: PENDING
19:49:38 INFO  State of current operation: PENDING
19:49:41 INFO  State of current operation: PENDING
19:49:43 INFO  State of current operation: PENDING
19:49:45 INFO  State of current operation: PENDING
19:49:47 INFO  State of current operation: PENDING
19:49:50 INFO  State of current operation: PENDING
19:49:52 INFO  State of current operation: PENDING
19:49:54 INFO  State of current operation: PENDING
19:49:56 INFO  State of current operation: PENDING
19:49:59 INFO  State of current operation: PENDING
19:50:01 INFO  State of current operation: PENDING
19:50:03 INFO  State of current operation: PENDING
19:50:05 INFO  State of current operation: PENDING
19:50:07 INFO  State of current operation: PENDING
19:50:10 INFO  State of current operation: PENDING
19:50:12 INFO  State of current operation: PENDING
19:50:14 INFO  State of current operation: PENDING
19:50:16 INFO  State of current operation: PENDING
19:50:19 INFO  State of current operation: PENDING
19:50:21 INFO  State of current operation: PENDING
19:50:23 INFO  State of current operation: PENDING
19:50:25 INFO  State of current operation: PENDING
19:50:28 INFO  State of current operation: PENDING
19:50:30 INFO  State of current operation: PENDING
19:50:32 INFO  State of current operation: PENDING
19:50:34 INFO  State of current operation: PENDING
19:50:37 INFO  State of current operation: PENDING
19:50:39 INFO  State of current operation: PENDING
19:50:41 INFO  State of current operation: PENDING
19:50:43 INFO  State of current operation: PENDING
19:50:45 INFO  State of current operation: PENDING
19:50:48 INFO  State of current operation: PENDING
19:50:50 INFO  State of current operation: PENDING
19:50:52 INFO  State of current operation: PENDING
19:50:54 INFO  State of current operation: PENDING
19:50:57 INFO  State of current operation: PENDING
19:50:59 INFO  State of current operation: PENDING
19:51:01 INFO  State of current operation: PENDING
19:51:04 INFO  State of current operation: PENDING
19:51:06 INFO  State of current operation: PENDING
19:51:08 INFO  State of current operation: PENDING
19:51:10 INFO  State of current operation: PENDING
19:51:13 INFO  State of current operation: PENDING
19:51:15 INFO  State of current operation: PENDING
19:51:17 INFO  State of current operation: PENDING
19:51:19 INFO  State of current operation: PENDING
19:51:21 INFO  State of current operation: PENDING
19:51:24 INFO  State of current operation: PENDING
19:51:26 INFO  State of current operation: PENDING
19:51:28 INFO  State of current operation: PENDING
19:51:30 INFO  State of current operation: PENDING
19:51:33 INFO  State of current operation: PENDING
19:51:35 INFO  State of current operation: PENDING
19:51:37 INFO  State of current operation: PENDING
19:51:39 WARN  SystemError occurred while running test - Timeout while waiting for status FAILED or SUCCESSFUL
Traceback (most recent call last):
  File &quot;/home/pi/env-pysys/lib/python3.7/site-packages/pysys/baserunner.py&quot;, line 1292, in __call__
    self.testObj.setup()
  File &quot;/home/pi/actions-runner/_work/thin-edge.io/thin-edge.io/tests/PySys/software_management_end_to_end/sm_apt_install_remove_default/run.py&quot;, line 26, in setup
    super().setup()
  File &quot;/home/pi/actions-runner/_work/thin-edge.io/thin-edge.io/tests/PySys/software_management_end_to_end/environment_sm_management.py&quot;, line 151, in setup
    self.wait_until_end()
  File &quot;/home/pi/actions-runner/_work/thin-edge.io/thin-edge.io/tests/PySys/software_management_end_to_end/environment_sm_management.py&quot;, line 332, in wait_until_end
    self.wait_until_status(&quot;FAILED&quot;, &quot;SUCCESSFUL&quot;)
  File &quot;/home/pi/actions-runner/_work/thin-edge.io/thin-edge.io/tests/PySys/software_management_end_to_end/environment_sm_management.py&quot;, line 381, in wait_until_status
    &quot;Timeout while waiting for status %s or %s&quot; % (status, status2)
SystemError: Timeout while waiting for status FAILED or SUCCESSFUL
19:51:39 WARN  SystemError: Timeout while waiting for status FAILED or SUCCESSFUL ... blocked 
19:51:39 INFO  
19:51:39 INFO  cleanup:
19:51:43 INFO  Executed sudo&lt;tedge_disconnect_c8y&gt;, exit status 0
19:51:44 INFO  Executed systemctl&lt;serv_mapper5&gt;, exit status 3
19:51:44 INFO  
19:51:44 INFO  Test duration: 167.07 secs
19:51:44 INFO  Test final outcome:  BLOCKED
19:51:44 INFO  Test outcome reason: SystemError: Timeout while waiting for status FAILED or SUCCESSFUL
19:51:44 INFO  
</system-out>
	</testcase>
</testsuite>
