<?xml version="1.0" encoding="utf-8"?>
<testsuite failures="1" name="SoftwareManagement.sm_apt_install_remove_default" skipped="0" tests="1" time="165.98" timestamp="2022-05-23T17:31:57">
	<testcase classname="PySysTest" name="SoftwareManagement.sm_apt_install_remove_default">
		<failure message="BLOCKED: SystemError: Timeout while waiting for status FAILED or SUCCESSFUL" type="BLOCKED"/>
		<system-out>17:29:11 INFO  ==============================================================
17:29:11 INFO  Id:    SoftwareManagement.sm_apt_install_remove_default
17:29:11 INFO  Dir:   software_management_end_to_end/
17:29:11 INFO  Title: Validate end to end behaviour for the default plugin for installation and removal of packages
17:29:11 INFO  ==============================================================
17:29:11 INFO  Using sw id database: {'asciijump': '5475369', 'robotfindskitten': '5474869', 'squirrel3': '5475279', 'rolldice': '5152439', 'moon-buggy': '5439204', 'apple': '5495053', 'banana': '5494888', 'cherry': '5495382', 'watermelon': '5494510', 'registry': '8018911', 'hello-world': '8021526', 'docker/getting-started': '8021973', 'alpine': '7991792'}
17:29:11 INFO  EnvironmentC8y Setup
17:29:12 INFO  Executed systemctl&lt;serv_mapper1&gt;, exit status 3
17:29:12 INFO  Restarting mosquitto too frequently in the last 10 seconds. It was only up for 5 seconds
17:29:12 INFO  Delaying execution by 6 seconds
17:29:32 INFO  Executed sudo&lt;tedge_connect_c8y&gt;, exit status 0, duration 14 secs
17:29:33 INFO  Executed sudo&lt;tedge_connect_c8y_test&gt;, exit status 0
17:29:33 INFO  Executed systemctl&lt;serv_mosq2&gt;, exit status 0
17:29:34 INFO  Executed systemctl&lt;serv_mapper3&gt;, exit status 0
17:29:36 INFO  State of current operation: PENDING
17:29:38 INFO  State of current operation: PENDING
17:29:40 INFO  State of current operation: PENDING
17:29:43 INFO  State of current operation: PENDING
17:29:45 INFO  State of current operation: PENDING
17:29:47 INFO  State of current operation: PENDING
17:29:49 INFO  State of current operation: PENDING
17:29:51 INFO  State of current operation: PENDING
17:29:54 INFO  State of current operation: PENDING
17:29:56 INFO  State of current operation: PENDING
17:29:58 INFO  State of current operation: PENDING
17:30:00 INFO  State of current operation: PENDING
17:30:03 INFO  State of current operation: PENDING
17:30:05 INFO  State of current operation: PENDING
17:30:07 INFO  State of current operation: PENDING
17:30:09 INFO  State of current operation: PENDING
17:30:12 INFO  State of current operation: PENDING
17:30:14 INFO  State of current operation: PENDING
17:30:16 INFO  State of current operation: PENDING
17:30:18 INFO  State of current operation: PENDING
17:30:20 INFO  State of current operation: PENDING
17:30:23 INFO  State of current operation: PENDING
17:30:25 INFO  State of current operation: PENDING
17:30:27 INFO  State of current operation: PENDING
17:30:29 INFO  State of current operation: PENDING
17:30:32 INFO  State of current operation: PENDING
17:30:34 INFO  State of current operation: PENDING
17:30:36 INFO  State of current operation: PENDING
17:30:38 INFO  State of current operation: PENDING
17:30:41 INFO  State of current operation: PENDING
17:30:43 INFO  State of current operation: PENDING
17:30:46 INFO  State of current operation: PENDING
17:30:48 INFO  State of current operation: PENDING
17:30:50 INFO  State of current operation: PENDING
17:30:52 INFO  State of current operation: PENDING
17:30:54 INFO  State of current operation: PENDING
17:30:57 INFO  State of current operation: PENDING
17:30:59 INFO  State of current operation: PENDING
17:31:01 INFO  State of current operation: PENDING
17:31:03 INFO  State of current operation: PENDING
17:31:06 INFO  State of current operation: PENDING
17:31:08 INFO  State of current operation: PENDING
17:31:10 INFO  State of current operation: PENDING
17:31:12 INFO  State of current operation: PENDING
17:31:15 INFO  State of current operation: PENDING
17:31:17 INFO  State of current operation: PENDING
17:31:19 INFO  State of current operation: PENDING
17:31:21 INFO  State of current operation: PENDING
17:31:24 INFO  State of current operation: PENDING
17:31:26 INFO  State of current operation: PENDING
17:31:28 INFO  State of current operation: PENDING
17:31:30 INFO  State of current operation: PENDING
17:31:33 INFO  State of current operation: PENDING
17:31:35 INFO  State of current operation: PENDING
17:31:37 INFO  State of current operation: PENDING
17:31:39 INFO  State of current operation: PENDING
17:31:41 INFO  State of current operation: PENDING
17:31:44 INFO  State of current operation: PENDING
17:31:46 INFO  State of current operation: PENDING
17:31:48 INFO  State of current operation: PENDING
17:31:50 INFO  State of current operation: PENDING
17:31:52 WARN  SystemError occurred while running test - Timeout while waiting for status FAILED or SUCCESSFUL
Traceback (most recent call last):
  File &quot;/home/pi/env-pysys/lib/python3.7/site-packages/pysys/baserunner.py&quot;, line 1292, in __call__
    self.testObj.setup()
  File &quot;/home/pi/actions-runner/_work/thin-edge.io/thin-edge.io/tests/PySys/software_management_end_to_end/sm_apt_install_remove_default/run.py&quot;, line 26, in setup
    super().setup()
  File &quot;/home/pi/actions-runner/_work/thin-edge.io/thin-edge.io/tests/PySys/software_management_end_to_end/environment_sm_management.py&quot;, line 151, in setup
    self.wait_until_end()
  File &quot;/home/pi/actions-runner/_work/thin-edge.io/thin-edge.io/tests/PySys/software_management_end_to_end/environment_sm_management.py&quot;, line 332, in wait_until_end
    self.wait_until_status(&quot;FAILED&quot;, &quot;SUCCESSFUL&quot;)
  File &quot;/home/pi/actions-runner/_work/thin-edge.io/thin-edge.io/tests/PySys/software_management_end_to_end/environment_sm_management.py&quot;, line 381, in wait_until_status
    &quot;Timeout while waiting for status %s or %s&quot; % (status, status2)
SystemError: Timeout while waiting for status FAILED or SUCCESSFUL
17:31:52 WARN  SystemError: Timeout while waiting for status FAILED or SUCCESSFUL ... blocked 
17:31:52 INFO  
17:31:52 INFO  cleanup:
17:31:57 INFO  Executed sudo&lt;tedge_disconnect_c8y&gt;, exit status 0
17:31:57 INFO  Executed systemctl&lt;serv_mapper5&gt;, exit status 3
17:31:57 INFO  
17:31:57 INFO  Test duration: 165.98 secs
17:31:57 INFO  Test final outcome:  BLOCKED
17:31:57 INFO  Test outcome reason: SystemError: Timeout while waiting for status FAILED or SUCCESSFUL
17:31:57 INFO  
</system-out>
	</testcase>
</testsuite>
