<?xml version="1.0" encoding="utf-8"?>
<testsuite failures="1" name="SoftwareManagement.sm_apt_install_remove_multiple" skipped="0" tests="1" time="181.09" timestamp="2022-06-08T13:45:04">
	<testcase classname="PySysTest" name="SoftwareManagement.sm_apt_install_remove_multiple">
		<failure message="FAILED: Assert that (False == value) with value=True" type="FAILED"/>
		<system-out>13:42:03 INFO  ==============================================================
13:42:03 INFO  Id:    SoftwareManagement.sm_apt_install_remove_multiple
13:42:03 INFO  Dir:   software_management_end_to_end/
13:42:03 INFO  Title: Validate end to end behaviour for the apt plugin for multiple packages
13:42:03 INFO  ==============================================================
13:42:03 INFO  Using sw id database: {'asciijump': '5475369', 'robotfindskitten': '5474869', 'squirrel3': '5475279', 'rolldice': '5152439', 'moon-buggy': '5439204', 'apple': '5495053', 'banana': '5494888', 'cherry': '5495382', 'watermelon': '5494510', 'registry': '8018911', 'hello-world': '8021526', 'docker/getting-started': '8021973', 'alpine': '7991792'}
13:42:03 INFO  EnvironmentC8y Setup
13:42:03 INFO  Executed systemctl&lt;serv_mapper1&gt;, exit status 3
13:42:03 INFO  Restarting mosquitto too frequently in the last 10 seconds. It was only up for 5 seconds
13:42:03 INFO  Delaying execution by 6 seconds
13:42:24 INFO  Executed sudo&lt;tedge_connect_c8y&gt;, exit status 0, duration 14 secs
13:42:24 INFO  Executed sudo&lt;tedge_connect_c8y_test&gt;, exit status 0
13:42:25 INFO  Executed systemctl&lt;serv_mosq2&gt;, exit status 0
13:42:25 INFO  Executed systemctl&lt;serv_mapper3&gt;, exit status 0
13:42:27 INFO  State of current operation: SUCCESSFUL
13:42:28 INFO  Assert that (False == value) with value=False ... passed
13:42:28 INFO  Assert that (False == value) with value=False ... passed
13:42:28 INFO  Assert that (False == value) with value=False ... passed
13:42:28 INFO  Package robotfindskitten is installed
13:42:28 WARN  Assert that (False == value) with value=True ... failed 
13:42:29 INFO  Response status: 201
13:42:29 INFO  Response to action: {
    &quot;creationTime&quot;: &quot;2022-06-08T13:42:29.092Z&quot;,
    &quot;deviceId&quot;: &quot;20013420&quot;,
    &quot;deviceName&quot;: &quot;m32sd10a&quot;,
    &quot;self&quot;: &quot;https://t493319102.eu-latest.cumulocity.com/devicecontrol/operations/20054753&quot;,
    &quot;id&quot;: &quot;20054753&quot;,
    &quot;status&quot;: &quot;PENDING&quot;,
    &quot;description&quot;: &quot;Apply software changes, triggered from PySys: [{'action': 'install', 'id': '5475369', 'name': 'asciijump', 'url': ' ', 'version': '::apt'}, {'action': 'install', 'id': '5474869', 'name': 'robotfindskitten', 'url': ' ', 'version': '::apt'}, {'action': 'install', 'id': '5475279', 'name': 'squirrel3', 'url': ' ', 'version': '::apt'}]&quot;,
    &quot;c8y_SoftwareUpdate&quot;: [
        {
            &quot;name&quot;: &quot;asciijump&quot;,
            &quot;action&quot;: &quot;install&quot;,
            &quot;id&quot;: &quot;5475369&quot;,
            &quot;version&quot;: &quot;::apt&quot;,
            &quot;url&quot;: &quot; &quot;
        },
        {
            &quot;name&quot;: &quot;robotfindskitten&quot;,
            &quot;action&quot;: &quot;install&quot;,
            &quot;id&quot;: &quot;5474869&quot;,
            &quot;version&quot;: &quot;::apt&quot;,
            &quot;url&quot;: &quot; &quot;
        },
        {
            &quot;name&quot;: &quot;squirrel3&quot;,
            &quot;action&quot;: &quot;install&quot;,
            &quot;id&quot;: &quot;5475279&quot;,
            &quot;version&quot;: &quot;::apt&quot;,
            &quot;url&quot;: &quot; &quot;
        }
    ]
}
13:42:29 INFO  Started operation: {'creationTime': '2022-06-08T13:42:29.092Z', 'deviceId': '20013420', 'deviceName': 'm32sd10a', 'self': 'https://t493319102.eu-latest.cumulocity.com/devicecontrol/operations/20054753', 'id': '20054753', 'status': 'PENDING', 'description': &quot;Apply software changes, triggered from PySys: [{'action': 'install', 'id': '5475369', 'name': 'asciijump', 'url': ' ', 'version': '::apt'}, {'action': 'install', 'id': '5474869', 'name': 'robotfindskitten', 'url': ' ', 'version': '::apt'}, {'action': 'install', 'id': '5475279', 'name': 'squirrel3', 'url': ' ', 'version': '::apt'}]&quot;, 'c8y_SoftwareUpdate': [{'name': 'asciijump', 'action': 'install', 'id': '5475369', 'version': '::apt', 'url': ' '}, {'name': 'robotfindskitten', 'action': 'install', 'id': '5474869', 'version': '::apt', 'url': ' '}, {'name': 'squirrel3', 'action': 'install', 'id': '5475279', 'version': '::apt', 'url': ' '}]}
13:42:31 INFO  State of operation 20054753 : PENDING
13:42:33 INFO  State of operation 20054753 : EXECUTING
13:42:35 INFO  State of operation 20054753 : EXECUTING
13:42:38 INFO  State of operation 20054753 : EXECUTING
13:42:40 INFO  State of operation 20054753 : EXECUTING
13:42:42 INFO  State of operation 20054753 : EXECUTING
13:42:45 INFO  State of operation 20054753 : EXECUTING
13:42:48 INFO  State of operation 20054753 : EXECUTING
13:42:50 INFO  State of operation 20054753 : EXECUTING
13:42:52 INFO  State of operation 20054753 : EXECUTING
13:42:54 INFO  State of operation 20054753 : EXECUTING
13:42:57 INFO  State of operation 20054753 : EXECUTING
13:42:59 INFO  State of operation 20054753 : EXECUTING
13:43:01 INFO  State of operation 20054753 : EXECUTING
13:43:03 INFO  State of operation 20054753 : EXECUTING
13:43:06 INFO  State of operation 20054753 : EXECUTING
13:43:08 INFO  State of operation 20054753 : EXECUTING
13:43:11 INFO  State of operation 20054753 : EXECUTING
13:43:13 INFO  State of operation 20054753 : EXECUTING
13:43:16 INFO  State of operation 20054753 : EXECUTING
13:43:18 INFO  State of operation 20054753 : EXECUTING
13:43:20 INFO  State of operation 20054753 : EXECUTING
13:43:23 INFO  State of operation 20054753 : EXECUTING
13:43:25 INFO  State of operation 20054753 : EXECUTING
13:43:27 INFO  State of operation 20054753 : EXECUTING
13:43:30 INFO  State of operation 20054753 : EXECUTING
13:43:32 INFO  State of operation 20054753 : EXECUTING
13:43:35 INFO  State of operation 20054753 : EXECUTING
13:43:37 INFO  State of operation 20054753 : EXECUTING
13:43:39 INFO  State of operation 20054753 : EXECUTING
13:43:41 INFO  State of operation 20054753 : EXECUTING
13:43:44 INFO  State of operation 20054753 : EXECUTING
13:43:46 INFO  State of operation 20054753 : EXECUTING
13:43:48 INFO  State of operation 20054753 : EXECUTING
13:43:51 INFO  State of operation 20054753 : SUCCESSFUL
13:43:51 INFO  Assert that (False == value) with value=False ... passed
13:43:51 INFO  Package asciijump is installed
13:43:51 INFO  Assert that (True == value) with value=True ... passed
13:43:51 INFO  Package squirrel3 is installed
13:43:51 INFO  Assert that (True == value) with value=True ... passed
13:43:51 INFO  Package robotfindskitten is installed
13:43:51 INFO  Assert that (True == value) with value=True ... passed
13:43:52 INFO  Response status: 201
13:43:52 INFO  Response to action: {
    &quot;creationTime&quot;: &quot;2022-06-08T13:43:52.172Z&quot;,
    &quot;deviceId&quot;: &quot;20013420&quot;,
    &quot;deviceName&quot;: &quot;m32sd10a&quot;,
    &quot;self&quot;: &quot;https://t493319102.eu-latest.cumulocity.com/devicecontrol/operations/20054766&quot;,
    &quot;id&quot;: &quot;20054766&quot;,
    &quot;status&quot;: &quot;PENDING&quot;,
    &quot;description&quot;: &quot;Apply software changes, triggered from PySys: [{'action': 'delete', 'id': '5475369', 'name': 'asciijump', 'url': ' ', 'version': '::apt'}, {'action': 'delete', 'id': '5474869', 'name': 'robotfindskitten', 'url': ' ', 'version': '::apt'}, {'action': 'delete', 'id': '5475279', 'name': 'squirrel3', 'url': ' ', 'version': '::apt'}]&quot;,
    &quot;c8y_SoftwareUpdate&quot;: [
        {
            &quot;name&quot;: &quot;asciijump&quot;,
            &quot;action&quot;: &quot;delete&quot;,
            &quot;id&quot;: &quot;5475369&quot;,
            &quot;version&quot;: &quot;::apt&quot;,
            &quot;url&quot;: &quot; &quot;
        },
        {
            &quot;name&quot;: &quot;robotfindskitten&quot;,
            &quot;action&quot;: &quot;delete&quot;,
            &quot;id&quot;: &quot;5474869&quot;,
            &quot;version&quot;: &quot;::apt&quot;,
            &quot;url&quot;: &quot; &quot;
        },
        {
            &quot;name&quot;: &quot;squirrel3&quot;,
            &quot;action&quot;: &quot;delete&quot;,
            &quot;id&quot;: &quot;5475279&quot;,
            &quot;version&quot;: &quot;::apt&quot;,
            &quot;url&quot;: &quot; &quot;
        }
    ]
}
13:43:52 INFO  Started operation: {'creationTime': '2022-06-08T13:43:52.172Z', 'deviceId': '20013420', 'deviceName': 'm32sd10a', 'self': 'https://t493319102.eu-latest.cumulocity.com/devicecontrol/operations/20054766', 'id': '20054766', 'status': 'PENDING', 'description': &quot;Apply software changes, triggered from PySys: [{'action': 'delete', 'id': '5475369', 'name': 'asciijump', 'url': ' ', 'version': '::apt'}, {'action': 'delete', 'id': '5474869', 'name': 'robotfindskitten', 'url': ' ', 'version': '::apt'}, {'action': 'delete', 'id': '5475279', 'name': 'squirrel3', 'url': ' ', 'version': '::apt'}]&quot;, 'c8y_SoftwareUpdate': [{'name': 'asciijump', 'action': 'delete', 'id': '5475369', 'version': '::apt', 'url': ' '}, {'name': 'robotfindskitten', 'action': 'delete', 'id': '5474869', 'version': '::apt', 'url': ' '}, {'name': 'squirrel3', 'action': 'delete', 'id': '5475279', 'version': '::apt', 'url': ' '}]}
13:43:54 INFO  State of operation 20054766 : PENDING
13:43:56 INFO  State of operation 20054766 : EXECUTING
13:43:58 INFO  State of operation 20054766 : EXECUTING
13:44:01 INFO  State of operation 20054766 : EXECUTING
13:44:03 INFO  State of operation 20054766 : EXECUTING
13:44:05 INFO  State of operation 20054766 : EXECUTING
13:44:08 INFO  State of operation 20054766 : EXECUTING
13:44:11 INFO  State of operation 20054766 : EXECUTING
13:44:14 INFO  State of operation 20054766 : EXECUTING
13:44:16 INFO  State of operation 20054766 : EXECUTING
13:44:18 INFO  State of operation 20054766 : EXECUTING
13:44:20 INFO  State of operation 20054766 : EXECUTING
13:44:23 INFO  State of operation 20054766 : EXECUTING
13:44:25 INFO  State of operation 20054766 : EXECUTING
13:44:27 INFO  State of operation 20054766 : EXECUTING
13:44:30 INFO  State of operation 20054766 : EXECUTING
13:44:32 INFO  State of operation 20054766 : EXECUTING
13:44:35 INFO  State of operation 20054766 : EXECUTING
13:44:37 INFO  State of operation 20054766 : EXECUTING
13:44:39 INFO  State of operation 20054766 : EXECUTING
13:44:42 INFO  State of operation 20054766 : EXECUTING
13:44:44 INFO  State of operation 20054766 : EXECUTING
13:44:46 INFO  State of operation 20054766 : EXECUTING
13:44:49 INFO  State of operation 20054766 : EXECUTING
13:44:51 INFO  State of operation 20054766 : EXECUTING
13:44:54 INFO  State of operation 20054766 : EXECUTING
13:44:56 INFO  State of operation 20054766 : EXECUTING
13:44:58 INFO  State of operation 20054766 : SUCCESSFUL
13:44:58 INFO  Assert that (False == value) with value=False ... passed
13:44:58 INFO  Assert that (False == value) with value=False ... passed
13:44:59 INFO  Assert that (False == value) with value=False ... passed
13:44:59 INFO  Assert that (False == value) with value=False ... passed
13:44:59 INFO  
13:44:59 INFO  cleanup:
13:45:03 INFO  Executed sudo&lt;tedge_disconnect_c8y&gt;, exit status 0
13:45:04 INFO  Executed systemctl&lt;serv_mapper5&gt;, exit status 3
13:45:04 INFO  
13:45:04 INFO  Test duration: 181.09 secs
13:45:04 INFO  Test final outcome:  FAILED
13:45:04 INFO  Test outcome reason: Assert that (False == value) with value=True
13:45:04 INFO  
</system-out>
	</testcase>
</testsuite>
