<?xml version="1.0" encoding="utf-8"?>
<testsuite failures="1" name="SoftwareManagement.sm_apt_install_remove_multiple" skipped="0" tests="1" time="165.23" timestamp="2022-05-23T17:34:42">
	<testcase classname="PySysTest" name="SoftwareManagement.sm_apt_install_remove_multiple">
		<failure message="BLOCKED: SystemError: Timeout while waiting for status FAILED or SUCCESSFUL" type="BLOCKED"/>
		<system-out>17:31:57 INFO  ==============================================================
17:31:57 INFO  Id:    SoftwareManagement.sm_apt_install_remove_multiple
17:31:57 INFO  Dir:   software_management_end_to_end/
17:31:57 INFO  Title: Validate end to end behaviour for the apt plugin for multiple packages
17:31:57 INFO  ==============================================================
17:31:57 INFO  Using sw id database: {'asciijump': '5475369', 'robotfindskitten': '5474869', 'squirrel3': '5475279', 'rolldice': '5152439', 'moon-buggy': '5439204', 'apple': '5495053', 'banana': '5494888', 'cherry': '5495382', 'watermelon': '5494510', 'registry': '8018911', 'hello-world': '8021526', 'docker/getting-started': '8021973', 'alpine': '7991792'}
17:31:57 INFO  EnvironmentC8y Setup
17:31:58 INFO  Executed systemctl&lt;serv_mapper1&gt;, exit status 3
17:31:58 INFO  Restarting mosquitto too frequently in the last 10 seconds. It was only up for 5 seconds
17:31:58 INFO  Delaying execution by 6 seconds
17:32:18 INFO  Executed sudo&lt;tedge_connect_c8y&gt;, exit status 0, duration 13 secs
17:32:18 INFO  Executed sudo&lt;tedge_connect_c8y_test&gt;, exit status 0
17:32:19 INFO  Executed systemctl&lt;serv_mosq2&gt;, exit status 0
17:32:19 INFO  Executed systemctl&lt;serv_mapper3&gt;, exit status 0
17:32:22 INFO  State of current operation: PENDING
17:32:24 INFO  State of current operation: PENDING
17:32:26 INFO  State of current operation: PENDING
17:32:28 INFO  State of current operation: PENDING
17:32:31 INFO  State of current operation: PENDING
17:32:33 INFO  State of current operation: PENDING
17:32:35 INFO  State of current operation: PENDING
17:32:37 INFO  State of current operation: PENDING
17:32:40 INFO  State of current operation: PENDING
17:32:42 INFO  State of current operation: PENDING
17:32:44 INFO  State of current operation: PENDING
17:32:46 INFO  State of current operation: PENDING
17:32:48 INFO  State of current operation: PENDING
17:32:51 INFO  State of current operation: PENDING
17:32:53 INFO  State of current operation: PENDING
17:32:55 INFO  State of current operation: PENDING
17:32:58 INFO  State of current operation: PENDING
17:33:00 INFO  State of current operation: PENDING
17:33:02 INFO  State of current operation: PENDING
17:33:04 INFO  State of current operation: PENDING
17:33:06 INFO  State of current operation: PENDING
17:33:09 INFO  State of current operation: PENDING
17:33:11 INFO  State of current operation: PENDING
17:33:13 INFO  State of current operation: PENDING
17:33:15 INFO  State of current operation: PENDING
17:33:18 INFO  State of current operation: PENDING
17:33:20 INFO  State of current operation: PENDING
17:33:22 INFO  State of current operation: PENDING
17:33:24 INFO  State of current operation: PENDING
17:33:26 INFO  State of current operation: PENDING
17:33:29 INFO  State of current operation: PENDING
17:33:31 INFO  State of current operation: PENDING
17:33:33 INFO  State of current operation: PENDING
17:33:35 INFO  State of current operation: PENDING
17:33:38 INFO  State of current operation: PENDING
17:33:40 INFO  State of current operation: PENDING
17:33:42 INFO  State of current operation: PENDING
17:33:44 INFO  State of current operation: PENDING
17:33:47 INFO  State of current operation: PENDING
17:33:49 INFO  State of current operation: PENDING
17:33:51 INFO  State of current operation: PENDING
17:33:53 INFO  State of current operation: PENDING
17:33:55 INFO  State of current operation: PENDING
17:33:58 INFO  State of current operation: PENDING
17:34:00 INFO  State of current operation: PENDING
17:34:02 INFO  State of current operation: PENDING
17:34:04 INFO  State of current operation: PENDING
17:34:07 INFO  State of current operation: PENDING
17:34:09 INFO  State of current operation: PENDING
17:34:11 INFO  State of current operation: PENDING
17:34:13 INFO  State of current operation: PENDING
17:34:16 INFO  State of current operation: PENDING
17:34:18 INFO  State of current operation: PENDING
17:34:20 INFO  State of current operation: PENDING
17:34:22 INFO  State of current operation: PENDING
17:34:25 INFO  State of current operation: PENDING
17:34:27 INFO  State of current operation: PENDING
17:34:29 INFO  State of current operation: PENDING
17:34:31 INFO  State of current operation: PENDING
17:34:33 INFO  State of current operation: PENDING
17:34:36 INFO  State of current operation: PENDING
17:34:38 WARN  SystemError occurred while running test - Timeout while waiting for status FAILED or SUCCESSFUL
Traceback (most recent call last):
  File &quot;/home/pi/env-pysys/lib/python3.7/site-packages/pysys/baserunner.py&quot;, line 1292, in __call__
    self.testObj.setup()
  File &quot;/home/pi/actions-runner/_work/thin-edge.io/thin-edge.io/tests/PySys/software_management_end_to_end/sm_apt_install_remove_multiple/run.py&quot;, line 52, in setup
    super().setup()
  File &quot;/home/pi/actions-runner/_work/thin-edge.io/thin-edge.io/tests/PySys/software_management_end_to_end/environment_sm_management.py&quot;, line 151, in setup
    self.wait_until_end()
  File &quot;/home/pi/actions-runner/_work/thin-edge.io/thin-edge.io/tests/PySys/software_management_end_to_end/environment_sm_management.py&quot;, line 332, in wait_until_end
    self.wait_until_status(&quot;FAILED&quot;, &quot;SUCCESSFUL&quot;)
  File &quot;/home/pi/actions-runner/_work/thin-edge.io/thin-edge.io/tests/PySys/software_management_end_to_end/environment_sm_management.py&quot;, line 381, in wait_until_status
    &quot;Timeout while waiting for status %s or %s&quot; % (status, status2)
SystemError: Timeout while waiting for status FAILED or SUCCESSFUL
17:34:38 WARN  SystemError: Timeout while waiting for status FAILED or SUCCESSFUL ... blocked 
17:34:38 INFO  
17:34:38 INFO  cleanup:
17:34:42 INFO  Executed sudo&lt;tedge_disconnect_c8y&gt;, exit status 0
17:34:42 INFO  Executed systemctl&lt;serv_mapper5&gt;, exit status 3
17:34:42 INFO  
17:34:42 INFO  Test duration: 165.23 secs
17:34:42 INFO  Test final outcome:  BLOCKED
17:34:42 INFO  Test outcome reason: SystemError: Timeout while waiting for status FAILED or SUCCESSFUL
17:34:42 INFO  
</system-out>
	</testcase>
</testsuite>
