<?xml version="1.0" encoding="utf-8"?>
<testsuite failures="0" name="apt_finalize" skipped="0" tests="1" time="126.71" timestamp="2022-07-21T15:08:50">
	<testcase classname="AptPluginFinalize" name="apt_finalize"/>
</testsuite>
