<?xml version="1.0" encoding="utf-8"?>
<testsuite failures="1" name="SoftwareManagement.sm_apt_install_remove_multiple_mixed" skipped="0" tests="1" time="166.69" timestamp="2022-05-23T15:48:11">
	<testcase classname="PySysTest" name="SoftwareManagement.sm_apt_install_remove_multiple_mixed">
		<failure message="BLOCKED: SystemError: Timeout while waiting for status FAILED or SUCCESSFUL" type="BLOCKED"/>
		<system-out>15:45:25 INFO  ==============================================================
15:45:25 INFO  Id:    SoftwareManagement.sm_apt_install_remove_multiple_mixed
15:45:25 INFO  Dir:   software_management_end_to_end/
15:45:25 INFO  Title: Validate end to end behaviour for the apt plugin for multiple packages with mixed versions
15:45:25 INFO  ==============================================================
15:45:25 INFO  Using sw id database: {'asciijump': '5475369', 'robotfindskitten': '5474869', 'squirrel3': '5475279', 'rolldice': '5152439', 'moon-buggy': '5439204', 'apple': '5495053', 'banana': '5494888', 'cherry': '5495382', 'watermelon': '5494510', 'registry': '8018911', 'hello-world': '8021526', 'docker/getting-started': '8021973', 'alpine': '7991792'}
15:45:25 INFO  EnvironmentC8y Setup
15:45:25 INFO  Executed systemctl&lt;serv_mapper1&gt;, exit status 3
15:45:25 INFO  Restarting mosquitto too frequently in the last 10 seconds. It was only up for 4 seconds
15:45:25 INFO  Delaying execution by 7 seconds
15:45:47 INFO  Executed sudo&lt;tedge_connect_c8y&gt;, exit status 0, duration 14 secs
15:45:47 INFO  Executed sudo&lt;tedge_connect_c8y_test&gt;, exit status 0
15:45:48 INFO  Executed systemctl&lt;serv_mosq2&gt;, exit status 0
15:45:48 INFO  Executed systemctl&lt;serv_mapper3&gt;, exit status 0
15:45:51 INFO  State of current operation: PENDING
15:45:53 INFO  State of current operation: PENDING
15:45:55 INFO  State of current operation: PENDING
15:45:57 INFO  State of current operation: PENDING
15:45:59 INFO  State of current operation: PENDING
15:46:02 INFO  State of current operation: PENDING
15:46:04 INFO  State of current operation: PENDING
15:46:06 INFO  State of current operation: PENDING
15:46:08 INFO  State of current operation: PENDING
15:46:11 INFO  State of current operation: PENDING
15:46:13 INFO  State of current operation: PENDING
15:46:15 INFO  State of current operation: PENDING
15:46:17 INFO  State of current operation: PENDING
15:46:19 INFO  State of current operation: PENDING
15:46:22 INFO  State of current operation: PENDING
15:46:24 INFO  State of current operation: PENDING
15:46:26 INFO  State of current operation: PENDING
15:46:29 INFO  State of current operation: PENDING
15:46:31 INFO  State of current operation: PENDING
15:46:33 INFO  State of current operation: PENDING
15:46:35 INFO  State of current operation: PENDING
15:46:37 INFO  State of current operation: PENDING
15:46:40 INFO  State of current operation: PENDING
15:46:42 INFO  State of current operation: PENDING
15:46:44 INFO  State of current operation: PENDING
15:46:46 INFO  State of current operation: PENDING
15:46:49 INFO  State of current operation: PENDING
15:46:51 INFO  State of current operation: PENDING
15:46:53 INFO  State of current operation: PENDING
15:46:55 INFO  State of current operation: PENDING
15:46:57 INFO  State of current operation: PENDING
15:47:00 INFO  State of current operation: PENDING
15:47:02 INFO  State of current operation: PENDING
15:47:04 INFO  State of current operation: PENDING
15:47:06 INFO  State of current operation: PENDING
15:47:09 INFO  State of current operation: PENDING
15:47:11 INFO  State of current operation: PENDING
15:47:13 INFO  State of current operation: PENDING
15:47:15 INFO  State of current operation: PENDING
15:47:18 INFO  State of current operation: PENDING
15:47:20 INFO  State of current operation: PENDING
15:47:22 INFO  State of current operation: PENDING
15:47:24 INFO  State of current operation: PENDING
15:47:27 INFO  State of current operation: PENDING
15:47:29 INFO  State of current operation: PENDING
15:47:31 INFO  State of current operation: PENDING
15:47:33 INFO  State of current operation: PENDING
15:47:36 INFO  State of current operation: PENDING
15:47:38 INFO  State of current operation: PENDING
15:47:40 INFO  State of current operation: PENDING
15:47:42 INFO  State of current operation: PENDING
15:47:44 INFO  State of current operation: PENDING
15:47:47 INFO  State of current operation: PENDING
15:47:49 INFO  State of current operation: PENDING
15:47:51 INFO  State of current operation: PENDING
15:47:53 INFO  State of current operation: PENDING
15:47:56 INFO  State of current operation: PENDING
15:47:58 INFO  State of current operation: PENDING
15:48:00 INFO  State of current operation: PENDING
15:48:02 INFO  State of current operation: PENDING
15:48:05 INFO  State of current operation: PENDING
15:48:07 WARN  SystemError occurred while running test - Timeout while waiting for status FAILED or SUCCESSFUL
Traceback (most recent call last):
  File &quot;/home/pi/env-pysys/lib/python3.7/site-packages/pysys/baserunner.py&quot;, line 1292, in __call__
    self.testObj.setup()
  File &quot;/home/pi/actions-runner/_work/thin-edge.io/thin-edge.io/tests/PySys/software_management_end_to_end/sm_apt_install_remove_multiple_mixed/run.py&quot;, line 73, in setup
    super().setup()
  File &quot;/home/pi/actions-runner/_work/thin-edge.io/thin-edge.io/tests/PySys/software_management_end_to_end/environment_sm_management.py&quot;, line 151, in setup
    self.wait_until_end()
  File &quot;/home/pi/actions-runner/_work/thin-edge.io/thin-edge.io/tests/PySys/software_management_end_to_end/environment_sm_management.py&quot;, line 332, in wait_until_end
    self.wait_until_status(&quot;FAILED&quot;, &quot;SUCCESSFUL&quot;)
  File &quot;/home/pi/actions-runner/_work/thin-edge.io/thin-edge.io/tests/PySys/software_management_end_to_end/environment_sm_management.py&quot;, line 381, in wait_until_status
    &quot;Timeout while waiting for status %s or %s&quot; % (status, status2)
SystemError: Timeout while waiting for status FAILED or SUCCESSFUL
15:48:07 WARN  SystemError: Timeout while waiting for status FAILED or SUCCESSFUL ... blocked 
15:48:07 INFO  
15:48:07 INFO  cleanup:
15:48:11 INFO  Executed sudo&lt;tedge_disconnect_c8y&gt;, exit status 0
15:48:11 INFO  Executed systemctl&lt;serv_mapper5&gt;, exit status 3
15:48:11 INFO  
15:48:11 INFO  Test duration: 166.69 secs
15:48:11 INFO  Test final outcome:  BLOCKED
15:48:11 INFO  Test outcome reason: SystemError: Timeout while waiting for status FAILED or SUCCESSFUL
15:48:11 INFO  
</system-out>
	</testcase>
</testsuite>
