<?xml version="1.0" encoding="utf-8"?>
<testsuite failures="1" name="SoftwareManagement.sm_apt_install_download_path" skipped="0" tests="1" time="190.34" timestamp="2022-05-23T17:23:40">
	<testcase classname="AptInstallWithDownloadPath" name="SoftwareManagement.sm_apt_install_download_path">
		<failure message="BLOCKED: SystemError: Timeout while waiting for status FAILED or SUCCESSFUL" type="BLOCKED"/>
		<system-out>17:20:29 INFO  ==============================================================
17:20:29 INFO  Id:    SoftwareManagement.sm_apt_install_download_path
17:20:29 INFO  Dir:   software_management_end_to_end/
17:20:29 INFO  Title: Install package to directory specified in tedge config set tmp.path
17:20:29 INFO  ==============================================================
17:20:29 INFO  Using sw id database: {'asciijump': '5475369', 'robotfindskitten': '5474869', 'squirrel3': '5475279', 'rolldice': '5152439', 'moon-buggy': '5439204', 'apple': '5495053', 'banana': '5494888', 'cherry': '5495382', 'watermelon': '5494510', 'registry': '8018911', 'hello-world': '8021526', 'docker/getting-started': '8021973', 'alpine': '7991792'}
17:20:29 INFO  EnvironmentC8y Setup
17:20:30 INFO  Executed systemctl&lt;serv_mapper1&gt;, exit status 3
17:20:45 INFO  Executed sudo&lt;tedge_connect_c8y&gt;, exit status 0, duration 14 secs
17:20:47 INFO  Executed sudo&lt;tedge_connect_c8y_test&gt;, exit status 0
17:20:48 INFO  Executed systemctl&lt;serv_mosq2&gt;, exit status 0
17:20:48 INFO  Executed systemctl&lt;serv_mapper3&gt;, exit status 0
17:20:51 INFO  State of current operation: PENDING
17:20:53 INFO  State of current operation: PENDING
17:20:55 INFO  State of current operation: PENDING
17:20:57 INFO  State of current operation: PENDING
17:20:59 INFO  State of current operation: PENDING
17:21:02 INFO  State of current operation: PENDING
17:21:04 INFO  State of current operation: PENDING
17:21:06 INFO  State of current operation: PENDING
17:21:08 INFO  State of current operation: PENDING
17:21:11 INFO  State of current operation: PENDING
17:21:13 INFO  State of current operation: PENDING
17:21:15 INFO  State of current operation: PENDING
17:21:17 INFO  State of current operation: PENDING
17:21:19 INFO  State of current operation: PENDING
17:21:22 INFO  State of current operation: PENDING
17:21:24 INFO  State of current operation: PENDING
17:21:26 INFO  State of current operation: PENDING
17:21:28 INFO  State of current operation: PENDING
17:21:31 INFO  State of current operation: PENDING
17:21:33 INFO  State of current operation: PENDING
17:21:35 INFO  State of current operation: PENDING
17:21:37 INFO  State of current operation: PENDING
17:21:39 INFO  State of current operation: PENDING
17:21:42 INFO  State of current operation: PENDING
17:21:44 INFO  State of current operation: PENDING
17:21:46 INFO  State of current operation: PENDING
17:21:48 INFO  State of current operation: PENDING
17:21:51 INFO  State of current operation: PENDING
17:21:53 INFO  State of current operation: PENDING
17:21:55 INFO  State of current operation: PENDING
17:21:57 INFO  State of current operation: PENDING
17:22:00 INFO  State of current operation: PENDING
17:22:02 INFO  State of current operation: PENDING
17:22:04 INFO  State of current operation: PENDING
17:22:06 INFO  State of current operation: PENDING
17:22:09 INFO  State of current operation: PENDING
17:22:11 INFO  State of current operation: PENDING
17:22:13 INFO  State of current operation: PENDING
17:22:15 INFO  State of current operation: PENDING
17:22:18 INFO  State of current operation: PENDING
17:22:20 INFO  State of current operation: PENDING
17:22:22 INFO  State of current operation: PENDING
17:22:24 INFO  State of current operation: PENDING
17:22:26 INFO  State of current operation: PENDING
17:22:29 INFO  State of current operation: PENDING
17:22:31 INFO  State of current operation: PENDING
17:22:33 INFO  State of current operation: PENDING
17:22:35 INFO  State of current operation: PENDING
17:22:38 INFO  State of current operation: PENDING
17:22:40 INFO  State of current operation: PENDING
17:22:42 INFO  State of current operation: PENDING
17:22:44 INFO  State of current operation: PENDING
17:22:47 INFO  State of current operation: PENDING
17:22:49 INFO  State of current operation: PENDING
17:22:51 INFO  State of current operation: PENDING
17:22:53 INFO  State of current operation: PENDING
17:22:55 INFO  State of current operation: PENDING
17:22:58 INFO  State of current operation: PENDING
17:23:00 INFO  State of current operation: PENDING
17:23:02 INFO  State of current operation: PENDING
17:23:04 INFO  State of current operation: PENDING
17:23:06 WARN  SystemError occurred while running test - Timeout while waiting for status FAILED or SUCCESSFUL
Traceback (most recent call last):
  File &quot;/home/pi/env-pysys/lib/python3.7/site-packages/pysys/baserunner.py&quot;, line 1292, in __call__
    self.testObj.setup()
  File &quot;/home/pi/actions-runner/_work/thin-edge.io/thin-edge.io/tests/PySys/software_management_end_to_end/sm_apt_install_download_path/run.py&quot;, line 48, in setup
    super().setup()
  File &quot;/home/pi/actions-runner/_work/thin-edge.io/thin-edge.io/tests/PySys/software_management_end_to_end/environment_sm_management.py&quot;, line 151, in setup
    self.wait_until_end()
  File &quot;/home/pi/actions-runner/_work/thin-edge.io/thin-edge.io/tests/PySys/software_management_end_to_end/environment_sm_management.py&quot;, line 332, in wait_until_end
    self.wait_until_status(&quot;FAILED&quot;, &quot;SUCCESSFUL&quot;)
  File &quot;/home/pi/actions-runner/_work/thin-edge.io/thin-edge.io/tests/PySys/software_management_end_to_end/environment_sm_management.py&quot;, line 381, in wait_until_status
    &quot;Timeout while waiting for status %s or %s&quot; % (status, status2)
SystemError: Timeout while waiting for status FAILED or SUCCESSFUL
17:23:07 WARN  SystemError: Timeout while waiting for status FAILED or SUCCESSFUL ... blocked 
17:23:07 INFO  
17:23:07 INFO  cleanup:
17:23:07 INFO  Executed sudo, exit status 0
17:23:08 INFO  Executed sudo, exit status 0
17:23:12 INFO  Executed sudo&lt;tedge_disconnect_c8y&gt;, exit status 0
17:23:12 INFO  Restarting mosquitto too frequently in the last 10 seconds. It was only up for 3 seconds
17:23:12 INFO  Delaying execution by 8 seconds
17:23:35 INFO  Executed sudo&lt;tedge_connect_c8y&gt;, exit status 0, duration 14 secs
17:23:39 INFO  Executed sudo&lt;tedge_disconnect_c8y&gt;, exit status 0
17:23:40 INFO  Executed systemctl&lt;serv_mapper5&gt;, exit status 3
17:23:40 INFO  
17:23:40 INFO  Test duration: 190.34 secs
17:23:40 INFO  Test final outcome:  BLOCKED
17:23:40 INFO  Test outcome reason: SystemError: Timeout while waiting for status FAILED or SUCCESSFUL
17:23:40 INFO  
</system-out>
	</testcase>
</testsuite>
