<?xml version="1.0" encoding="utf-8"?>
<testsuite failures="1" name="SoftwareManagement.sm_apt_install_remove_multiple_mixed" skipped="0" tests="1" time="178.67" timestamp="2022-07-20T11:32:50">
	<testcase classname="PySysTest" name="SoftwareManagement.sm_apt_install_remove_multiple_mixed">
		<failure message="BLOCKED: SystemError: Timeout while waiting for status SUCCESSFUL or False" type="BLOCKED"/>
		<system-out>11:29:52 INFO  ==============================================================
11:29:52 INFO  Id:    SoftwareManagement.sm_apt_install_remove_multiple_mixed
11:29:52 INFO  Dir:   software_management_end_to_end/
11:29:52 INFO  Title: Validate end to end behaviour for the apt plugin for multiple packages with mixed versions
11:29:52 INFO  ==============================================================
11:29:52 INFO  Using sw id database: {'asciijump': '5475369', 'robotfindskitten': '5474869', 'squirrel3': '5475279', 'rolldice': '5152439', 'moon-buggy': '5439204', 'apple': '5495053', 'banana': '5494888', 'cherry': '5495382', 'watermelon': '5494510', 'registry': '8018911', 'hello-world': '8021526', 'docker/getting-started': '8021973', 'alpine': '7991792'}
11:29:52 INFO  EnvironmentC8y Setup
11:29:52 INFO  Executed systemctl&lt;serv_mapper1&gt;, exit status 3
11:29:52 INFO  Restarting mosquitto too frequently in the last 10 seconds. It was only up for 5 seconds
11:29:52 INFO  Delaying execution by 6 seconds
11:30:12 INFO  Executed sudo&lt;tedge_connect_c8y&gt;, exit status 0, duration 13 secs
11:30:13 INFO  Executed sudo&lt;tedge_connect_c8y_test&gt;, exit status 0
11:30:13 INFO  Executed systemctl&lt;serv_mosq2&gt;, exit status 0
11:30:14 INFO  Executed systemctl&lt;serv_mapper3&gt;, exit status 0
11:30:16 INFO  State of current operation: SUCCESSFUL
11:30:16 INFO  Assert that (False == value) with value=False ... passed
11:30:16 INFO  Assert that (False == value) with value=False ... passed
11:30:17 INFO  Assert that (False == value) with value=False ... passed
11:30:17 INFO  Assert that (False == value) with value=False ... passed
11:30:17 INFO  Assert that (False == value) with value=False ... passed
11:30:19 INFO  Response status: 201
11:30:19 INFO  Response to action: {
    &quot;creationTime&quot;: &quot;2022-07-20T11:30:19.022Z&quot;,
    &quot;deviceId&quot;: &quot;21052799&quot;,
    &quot;deviceName&quot;: &quot;m32sd10a&quot;,
    &quot;self&quot;: &quot;https://t493319102.eu-latest.cumulocity.com/devicecontrol/operations/21082377&quot;,
    &quot;id&quot;: &quot;21082377&quot;,
    &quot;status&quot;: &quot;PENDING&quot;,
    &quot;description&quot;: &quot;Apply software changes, triggered from PySys: [{'action': 'install', 'id': '5475369', 'name': 'asciijump', 'url': ' ', 'version': '::apt'}, {'action': 'install', 'id': '5474869', 'name': 'robotfindskitten', 'url': ' ', 'version': ' '}, {'action': 'install', 'id': '5475279', 'name': 'squirrel3', 'url': ' ', 'version': '3.1-7::apt'}, {'action': 'install', 'id': '5152439', 'name': 'rolldice', 'url': ' ', 'version': '1.16-1+b1'}, {'action': 'install', 'id': '5439204', 'name': 'moon-buggy', 'url': ' ', 'version': '1:1.0.51-12'}, {'action': 'install', 'id': '5475369', 'name': 'asciijump', 'url': ' ', 'version': '::apt'}]&quot;,
    &quot;c8y_SoftwareUpdate&quot;: [
        {
            &quot;name&quot;: &quot;asciijump&quot;,
            &quot;action&quot;: &quot;install&quot;,
            &quot;id&quot;: &quot;5475369&quot;,
            &quot;version&quot;: &quot;::apt&quot;,
            &quot;url&quot;: &quot; &quot;
        },
        {
            &quot;name&quot;: &quot;robotfindskitten&quot;,
            &quot;action&quot;: &quot;install&quot;,
            &quot;id&quot;: &quot;5474869&quot;,
            &quot;version&quot;: &quot; &quot;,
            &quot;url&quot;: &quot; &quot;
        },
        {
            &quot;name&quot;: &quot;squirrel3&quot;,
            &quot;action&quot;: &quot;install&quot;,
            &quot;id&quot;: &quot;5475279&quot;,
            &quot;version&quot;: &quot;3.1-7::apt&quot;,
            &quot;url&quot;: &quot; &quot;
        },
        {
            &quot;name&quot;: &quot;rolldice&quot;,
            &quot;action&quot;: &quot;install&quot;,
            &quot;id&quot;: &quot;5152439&quot;,
            &quot;version&quot;: &quot;1.16-1+b1&quot;,
            &quot;url&quot;: &quot; &quot;
        },
        {
            &quot;name&quot;: &quot;moon-buggy&quot;,
            &quot;action&quot;: &quot;install&quot;,
            &quot;id&quot;: &quot;5439204&quot;,
            &quot;version&quot;: &quot;1:1.0.51-12&quot;,
            &quot;url&quot;: &quot; &quot;
        },
        {
            &quot;name&quot;: &quot;asciijump&quot;,
            &quot;action&quot;: &quot;install&quot;,
            &quot;id&quot;: &quot;5475369&quot;,
            &quot;version&quot;: &quot;::apt&quot;,
            &quot;url&quot;: &quot; &quot;
        }
    ]
}
11:30:19 INFO  Started operation: {'creationTime': '2022-07-20T11:30:19.022Z', 'deviceId': '21052799', 'deviceName': 'm32sd10a', 'self': 'https://t493319102.eu-latest.cumulocity.com/devicecontrol/operations/21082377', 'id': '21082377', 'status': 'PENDING', 'description': &quot;Apply software changes, triggered from PySys: [{'action': 'install', 'id': '5475369', 'name': 'asciijump', 'url': ' ', 'version': '::apt'}, {'action': 'install', 'id': '5474869', 'name': 'robotfindskitten', 'url': ' ', 'version': ' '}, {'action': 'install', 'id': '5475279', 'name': 'squirrel3', 'url': ' ', 'version': '3.1-7::apt'}, {'action': 'install', 'id': '5152439', 'name': 'rolldice', 'url': ' ', 'version': '1.16-1+b1'}, {'action': 'install', 'id': '5439204', 'name': 'moon-buggy', 'url': ' ', 'version': '1:1.0.51-12'}, {'action': 'install', 'id': '5475369', 'name': 'asciijump', 'url': ' ', 'version': '::apt'}]&quot;, 'c8y_SoftwareUpdate': [{'name': 'asciijump', 'action': 'install', 'id': '5475369', 'version': '::apt', 'url': ' '}, {'name': 'robotfindskitten', 'action': 'install', 'id': '5474869', 'version': ' ', 'url': ' '}, {'name': 'squirrel3', 'action': 'install', 'id': '5475279', 'version': '3.1-7::apt', 'url': ' '}, {'name': 'rolldice', 'action': 'install', 'id': '5152439', 'version': '1.16-1+b1', 'url': ' '}, {'name': 'moon-buggy', 'action': 'install', 'id': '5439204', 'version': '1:1.0.51-12', 'url': ' '}, {'name': 'asciijump', 'action': 'install', 'id': '5475369', 'version': '::apt', 'url': ' '}]}
11:30:21 INFO  State of operation 21082377 : PENDING
11:30:24 INFO  State of operation 21082377 : EXECUTING
11:30:26 INFO  State of operation 21082377 : EXECUTING
11:30:28 INFO  State of operation 21082377 : EXECUTING
11:30:30 INFO  State of operation 21082377 : EXECUTING
11:30:33 INFO  State of operation 21082377 : EXECUTING
11:30:35 INFO  State of operation 21082377 : EXECUTING
11:30:38 INFO  State of operation 21082377 : EXECUTING
11:30:41 INFO  State of operation 21082377 : EXECUTING
11:30:43 INFO  State of operation 21082377 : EXECUTING
11:30:45 INFO  State of operation 21082377 : EXECUTING
11:30:47 INFO  State of operation 21082377 : EXECUTING
11:30:50 INFO  State of operation 21082377 : EXECUTING
11:30:52 INFO  State of operation 21082377 : EXECUTING
11:30:54 INFO  State of operation 21082377 : EXECUTING
11:30:56 INFO  State of operation 21082377 : EXECUTING
11:30:59 INFO  State of operation 21082377 : EXECUTING
11:31:02 INFO  State of operation 21082377 : EXECUTING
11:31:04 INFO  State of operation 21082377 : EXECUTING
11:31:06 INFO  State of operation 21082377 : EXECUTING
11:31:08 INFO  State of operation 21082377 : EXECUTING
11:31:11 INFO  State of operation 21082377 : EXECUTING
11:31:13 INFO  State of operation 21082377 : EXECUTING
11:31:16 INFO  State of operation 21082377 : EXECUTING
11:31:18 INFO  State of operation 21082377 : EXECUTING
11:31:20 INFO  State of operation 21082377 : EXECUTING
11:31:23 INFO  State of operation 21082377 : EXECUTING
11:31:25 INFO  State of operation 21082377 : EXECUTING
11:31:27 INFO  State of operation 21082377 : EXECUTING
11:31:29 INFO  State of operation 21082377 : EXECUTING
11:31:32 INFO  State of operation 21082377 : EXECUTING
11:31:34 INFO  State of operation 21082377 : EXECUTING
11:31:36 INFO  State of operation 21082377 : EXECUTING
11:31:38 INFO  State of operation 21082377 : EXECUTING
11:31:41 INFO  State of operation 21082377 : EXECUTING
11:31:43 INFO  State of operation 21082377 : EXECUTING
11:31:45 INFO  State of operation 21082377 : EXECUTING
11:31:47 INFO  State of operation 21082377 : EXECUTING
11:31:50 INFO  State of operation 21082377 : EXECUTING
11:31:53 INFO  State of operation 21082377 : EXECUTING
11:31:55 INFO  State of operation 21082377 : EXECUTING
11:31:57 INFO  State of operation 21082377 : EXECUTING
11:32:00 INFO  State of operation 21082377 : EXECUTING
11:32:02 INFO  State of operation 21082377 : EXECUTING
11:32:04 INFO  State of operation 21082377 : EXECUTING
11:32:06 INFO  State of operation 21082377 : EXECUTING
11:32:09 INFO  State of operation 21082377 : EXECUTING
11:32:11 INFO  State of operation 21082377 : EXECUTING
11:32:13 INFO  State of operation 21082377 : EXECUTING
11:32:16 INFO  State of operation 21082377 : EXECUTING
11:32:18 INFO  State of operation 21082377 : EXECUTING
11:32:20 INFO  State of operation 21082377 : EXECUTING
11:32:23 INFO  State of operation 21082377 : EXECUTING
11:32:25 INFO  State of operation 21082377 : EXECUTING
11:32:28 INFO  State of operation 21082377 : EXECUTING
11:32:30 INFO  State of operation 21082377 : EXECUTING
11:32:33 INFO  State of operation 21082377 : EXECUTING
11:32:35 INFO  State of operation 21082377 : EXECUTING
11:32:38 INFO  State of operation 21082377 : EXECUTING
11:32:40 INFO  State of operation 21082377 : EXECUTING
11:32:43 INFO  State of operation 21082377 : EXECUTING
11:32:45 WARN  SystemError occurred while running test - Timeout while waiting for status SUCCESSFUL or False
Traceback (most recent call last):
  File &quot;/home/pi/env-pysys/lib/python3.7/site-packages/pysys/baserunner.py&quot;, line 1294, in __call__
    self.testObj.execute()
  File &quot;/home/pi/actions-runner/_work/thin-edge.io/thin-edge.io/tests/PySys/software_management_end_to_end/sm_apt_install_remove_multiple_mixed/run.py&quot;, line 89, in execute
    self.wait_until_succcess()
  File &quot;/home/pi/actions-runner/_work/thin-edge.io/thin-edge.io/tests/PySys/software_management_end_to_end/environment_sm_management.py&quot;, line 324, in wait_until_succcess
    self.wait_until_status(&quot;SUCCESSFUL&quot;)
  File &quot;/home/pi/actions-runner/_work/thin-edge.io/thin-edge.io/tests/PySys/software_management_end_to_end/environment_sm_management.py&quot;, line 381, in wait_until_status
    &quot;Timeout while waiting for status %s or %s&quot; % (status, status2)
SystemError: Timeout while waiting for status SUCCESSFUL or False
11:32:45 WARN  SystemError: Timeout while waiting for status SUCCESSFUL or False ... blocked 
11:32:45 INFO  
11:32:45 INFO  cleanup:
11:32:50 INFO  Executed sudo&lt;tedge_disconnect_c8y&gt;, exit status 0
11:32:50 INFO  Executed systemctl&lt;serv_mapper5&gt;, exit status 3
11:32:50 INFO  
11:32:50 INFO  Test duration: 178.67 secs
11:32:50 INFO  Test final outcome:  BLOCKED
11:32:50 INFO  Test outcome reason: SystemError: Timeout while waiting for status SUCCESSFUL or False
11:32:50 INFO  
</system-out>
	</testcase>
</testsuite>
