<?xml version="1.0" encoding="utf-8"?>
<testsuite failures="0" name="apt_prepare" skipped="0" tests="1" time="44.37" timestamp="2022-06-10T09:34:53">
	<testcase classname="AptPluginPrepare" name="apt_prepare"/>
</testsuite>
