<?xml version="1.0" encoding="utf-8"?>
<testsuite failures="0" name="apt_finalize" skipped="0" tests="1" time="151.14" timestamp="2022-06-09T16:51:09">
	<testcase classname="AptPluginFinalize" name="apt_finalize"/>
</testsuite>
