<?xml version="1.0" encoding="utf-8"?>
<testsuite failures="1" name="SoftwareManagement.sm_apt_install_remove_multiple" skipped="0" tests="1" time="184.71" timestamp="2022-07-21T22:12:28">
	<testcase classname="PySysTest" name="SoftwareManagement.sm_apt_install_remove_multiple">
		<failure message="FAILED: Assert that (False == value) with value=True" type="FAILED"/>
		<system-out>22:09:23 INFO  ==============================================================
22:09:23 INFO  Id:    SoftwareManagement.sm_apt_install_remove_multiple
22:09:23 INFO  Dir:   software_management_end_to_end/
22:09:23 INFO  Title: Validate end to end behaviour for the apt plugin for multiple packages
22:09:23 INFO  ==============================================================
22:09:23 INFO  Using sw id database: {'asciijump': '5475369', 'robotfindskitten': '5474869', 'squirrel3': '5475279', 'rolldice': '5152439', 'moon-buggy': '5439204', 'apple': '5495053', 'banana': '5494888', 'cherry': '5495382', 'watermelon': '5494510', 'registry': '8018911', 'hello-world': '8021526', 'docker/getting-started': '8021973', 'alpine': '7991792'}
22:09:23 INFO  EnvironmentC8y Setup
22:09:24 INFO  Executed systemctl&lt;serv_mapper1&gt;, exit status 3
22:09:24 INFO  Restarting mosquitto too frequently in the last 10 seconds. It was only up for 5 seconds
22:09:24 INFO  Delaying execution by 6 seconds
22:09:45 INFO  Executed sudo&lt;tedge_connect_c8y&gt;, exit status 0, duration 14 secs
22:09:45 INFO  Executed sudo&lt;tedge_connect_c8y_test&gt;, exit status 0
22:09:46 INFO  Executed systemctl&lt;serv_mosq2&gt;, exit status 0
22:09:46 INFO  Executed systemctl&lt;serv_mapper3&gt;, exit status 0
22:09:49 INFO  State of current operation: SUCCESSFUL
22:09:49 INFO  Assert that (False == value) with value=False ... passed
22:09:49 INFO  Assert that (False == value) with value=False ... passed
22:09:49 INFO  Assert that (False == value) with value=False ... passed
22:09:49 INFO  Package robotfindskitten is installed
22:09:50 WARN  Assert that (False == value) with value=True ... failed 
22:09:50 INFO  Response status: 201
22:09:50 INFO  Response to action: {
    &quot;creationTime&quot;: &quot;2022-07-21T22:09:50.220Z&quot;,
    &quot;deviceId&quot;: &quot;21164556&quot;,
    &quot;deviceName&quot;: &quot;m32sd10a&quot;,
    &quot;self&quot;: &quot;https://t493319102.eu-latest.cumulocity.com/devicecontrol/operations/21191928&quot;,
    &quot;id&quot;: &quot;21191928&quot;,
    &quot;status&quot;: &quot;PENDING&quot;,
    &quot;description&quot;: &quot;Apply software changes, triggered from PySys: [{'action': 'install', 'id': '5475369', 'name': 'asciijump', 'url': ' ', 'version': '::apt'}, {'action': 'install', 'id': '5474869', 'name': 'robotfindskitten', 'url': ' ', 'version': '::apt'}, {'action': 'install', 'id': '5475279', 'name': 'squirrel3', 'url': ' ', 'version': '::apt'}]&quot;,
    &quot;c8y_SoftwareUpdate&quot;: [
        {
            &quot;name&quot;: &quot;asciijump&quot;,
            &quot;action&quot;: &quot;install&quot;,
            &quot;id&quot;: &quot;5475369&quot;,
            &quot;version&quot;: &quot;::apt&quot;,
            &quot;url&quot;: &quot; &quot;
        },
        {
            &quot;name&quot;: &quot;robotfindskitten&quot;,
            &quot;action&quot;: &quot;install&quot;,
            &quot;id&quot;: &quot;5474869&quot;,
            &quot;version&quot;: &quot;::apt&quot;,
            &quot;url&quot;: &quot; &quot;
        },
        {
            &quot;name&quot;: &quot;squirrel3&quot;,
            &quot;action&quot;: &quot;install&quot;,
            &quot;id&quot;: &quot;5475279&quot;,
            &quot;version&quot;: &quot;::apt&quot;,
            &quot;url&quot;: &quot; &quot;
        }
    ]
}
22:09:50 INFO  Started operation: {'creationTime': '2022-07-21T22:09:50.220Z', 'deviceId': '21164556', 'deviceName': 'm32sd10a', 'self': 'https://t493319102.eu-latest.cumulocity.com/devicecontrol/operations/21191928', 'id': '21191928', 'status': 'PENDING', 'description': &quot;Apply software changes, triggered from PySys: [{'action': 'install', 'id': '5475369', 'name': 'asciijump', 'url': ' ', 'version': '::apt'}, {'action': 'install', 'id': '5474869', 'name': 'robotfindskitten', 'url': ' ', 'version': '::apt'}, {'action': 'install', 'id': '5475279', 'name': 'squirrel3', 'url': ' ', 'version': '::apt'}]&quot;, 'c8y_SoftwareUpdate': [{'name': 'asciijump', 'action': 'install', 'id': '5475369', 'version': '::apt', 'url': ' '}, {'name': 'robotfindskitten', 'action': 'install', 'id': '5474869', 'version': '::apt', 'url': ' '}, {'name': 'squirrel3', 'action': 'install', 'id': '5475279', 'version': '::apt', 'url': ' '}]}
22:09:52 INFO  State of operation 21191928 : PENDING
22:09:54 INFO  State of operation 21191928 : EXECUTING
22:09:56 INFO  State of operation 21191928 : EXECUTING
22:09:59 INFO  State of operation 21191928 : EXECUTING
22:10:01 INFO  State of operation 21191928 : EXECUTING
22:10:03 INFO  State of operation 21191928 : EXECUTING
22:10:06 INFO  State of operation 21191928 : EXECUTING
22:10:09 INFO  State of operation 21191928 : EXECUTING
22:10:11 INFO  State of operation 21191928 : EXECUTING
22:10:13 INFO  State of operation 21191928 : EXECUTING
22:10:16 INFO  State of operation 21191928 : EXECUTING
22:10:18 INFO  State of operation 21191928 : EXECUTING
22:10:20 INFO  State of operation 21191928 : EXECUTING
22:10:22 INFO  State of operation 21191928 : EXECUTING
22:10:25 INFO  State of operation 21191928 : EXECUTING
22:10:27 INFO  State of operation 21191928 : EXECUTING
22:10:29 INFO  State of operation 21191928 : EXECUTING
22:10:32 INFO  State of operation 21191928 : EXECUTING
22:10:34 INFO  State of operation 21191928 : EXECUTING
22:10:37 INFO  State of operation 21191928 : EXECUTING
22:10:39 INFO  State of operation 21191928 : EXECUTING
22:10:41 INFO  State of operation 21191928 : EXECUTING
22:10:44 INFO  State of operation 21191928 : EXECUTING
22:10:46 INFO  State of operation 21191928 : EXECUTING
22:10:49 INFO  State of operation 21191928 : EXECUTING
22:10:52 INFO  State of operation 21191928 : EXECUTING
22:10:54 INFO  State of operation 21191928 : EXECUTING
22:10:56 INFO  State of operation 21191928 : EXECUTING
22:10:59 INFO  State of operation 21191928 : EXECUTING
22:11:01 INFO  State of operation 21191928 : EXECUTING
22:11:04 INFO  State of operation 21191928 : EXECUTING
22:11:06 INFO  State of operation 21191928 : EXECUTING
22:11:08 INFO  State of operation 21191928 : EXECUTING
22:11:10 INFO  State of operation 21191928 : EXECUTING
22:11:13 INFO  State of operation 21191928 : SUCCESSFUL
22:11:13 INFO  Assert that (False == value) with value=False ... passed
22:11:13 INFO  Package asciijump is installed
22:11:13 INFO  Assert that (True == value) with value=True ... passed
22:11:13 INFO  Package squirrel3 is installed
22:11:13 INFO  Assert that (True == value) with value=True ... passed
22:11:13 INFO  Package robotfindskitten is installed
22:11:13 INFO  Assert that (True == value) with value=True ... passed
22:11:14 INFO  Response status: 201
22:11:14 INFO  Response to action: {
    &quot;creationTime&quot;: &quot;2022-07-21T22:11:14.189Z&quot;,
    &quot;deviceId&quot;: &quot;21164556&quot;,
    &quot;deviceName&quot;: &quot;m32sd10a&quot;,
    &quot;self&quot;: &quot;https://t493319102.eu-latest.cumulocity.com/devicecontrol/operations/21191936&quot;,
    &quot;id&quot;: &quot;21191936&quot;,
    &quot;status&quot;: &quot;PENDING&quot;,
    &quot;description&quot;: &quot;Apply software changes, triggered from PySys: [{'action': 'delete', 'id': '5475369', 'name': 'asciijump', 'url': ' ', 'version': '::apt'}, {'action': 'delete', 'id': '5474869', 'name': 'robotfindskitten', 'url': ' ', 'version': '::apt'}, {'action': 'delete', 'id': '5475279', 'name': 'squirrel3', 'url': ' ', 'version': '::apt'}]&quot;,
    &quot;c8y_SoftwareUpdate&quot;: [
        {
            &quot;name&quot;: &quot;asciijump&quot;,
            &quot;action&quot;: &quot;delete&quot;,
            &quot;id&quot;: &quot;5475369&quot;,
            &quot;version&quot;: &quot;::apt&quot;,
            &quot;url&quot;: &quot; &quot;
        },
        {
            &quot;name&quot;: &quot;robotfindskitten&quot;,
            &quot;action&quot;: &quot;delete&quot;,
            &quot;id&quot;: &quot;5474869&quot;,
            &quot;version&quot;: &quot;::apt&quot;,
            &quot;url&quot;: &quot; &quot;
        },
        {
            &quot;name&quot;: &quot;squirrel3&quot;,
            &quot;action&quot;: &quot;delete&quot;,
            &quot;id&quot;: &quot;5475279&quot;,
            &quot;version&quot;: &quot;::apt&quot;,
            &quot;url&quot;: &quot; &quot;
        }
    ]
}
22:11:14 INFO  Started operation: {'creationTime': '2022-07-21T22:11:14.189Z', 'deviceId': '21164556', 'deviceName': 'm32sd10a', 'self': 'https://t493319102.eu-latest.cumulocity.com/devicecontrol/operations/21191936', 'id': '21191936', 'status': 'PENDING', 'description': &quot;Apply software changes, triggered from PySys: [{'action': 'delete', 'id': '5475369', 'name': 'asciijump', 'url': ' ', 'version': '::apt'}, {'action': 'delete', 'id': '5474869', 'name': 'robotfindskitten', 'url': ' ', 'version': '::apt'}, {'action': 'delete', 'id': '5475279', 'name': 'squirrel3', 'url': ' ', 'version': '::apt'}]&quot;, 'c8y_SoftwareUpdate': [{'name': 'asciijump', 'action': 'delete', 'id': '5475369', 'version': '::apt', 'url': ' '}, {'name': 'robotfindskitten', 'action': 'delete', 'id': '5474869', 'version': '::apt', 'url': ' '}, {'name': 'squirrel3', 'action': 'delete', 'id': '5475279', 'version': '::apt', 'url': ' '}]}
22:11:16 INFO  State of operation 21191936 : PENDING
22:11:18 INFO  State of operation 21191936 : EXECUTING
22:11:20 INFO  State of operation 21191936 : EXECUTING
22:11:23 INFO  State of operation 21191936 : EXECUTING
22:11:25 INFO  State of operation 21191936 : EXECUTING
22:11:27 INFO  State of operation 21191936 : EXECUTING
22:11:30 INFO  State of operation 21191936 : EXECUTING
22:11:33 INFO  State of operation 21191936 : EXECUTING
22:11:36 INFO  State of operation 21191936 : EXECUTING
22:11:38 INFO  State of operation 21191936 : EXECUTING
22:11:40 INFO  State of operation 21191936 : EXECUTING
22:11:43 INFO  State of operation 21191936 : EXECUTING
22:11:45 INFO  State of operation 21191936 : EXECUTING
22:11:47 INFO  State of operation 21191936 : EXECUTING
22:11:49 INFO  State of operation 21191936 : EXECUTING
22:11:52 INFO  State of operation 21191936 : EXECUTING
22:11:54 INFO  State of operation 21191936 : EXECUTING
22:11:57 INFO  State of operation 21191936 : EXECUTING
22:11:59 INFO  State of operation 21191936 : EXECUTING
22:12:01 INFO  State of operation 21191936 : EXECUTING
22:12:04 INFO  State of operation 21191936 : EXECUTING
22:12:06 INFO  State of operation 21191936 : EXECUTING
22:12:08 INFO  State of operation 21191936 : EXECUTING
22:12:10 INFO  State of operation 21191936 : EXECUTING
22:12:13 INFO  State of operation 21191936 : EXECUTING
22:12:16 INFO  State of operation 21191936 : EXECUTING
22:12:18 INFO  State of operation 21191936 : EXECUTING
22:12:20 INFO  State of operation 21191936 : EXECUTING
22:12:22 INFO  State of operation 21191936 : SUCCESSFUL
22:12:23 INFO  Assert that (False == value) with value=False ... passed
22:12:23 INFO  Assert that (False == value) with value=False ... passed
22:12:23 INFO  Assert that (False == value) with value=False ... passed
22:12:23 INFO  Assert that (False == value) with value=False ... passed
22:12:23 INFO  
22:12:23 INFO  cleanup:
22:12:27 INFO  Executed sudo&lt;tedge_disconnect_c8y&gt;, exit status 0
22:12:28 INFO  Executed systemctl&lt;serv_mapper5&gt;, exit status 3
22:12:28 INFO  
22:12:28 INFO  Test duration: 184.71 secs
22:12:28 INFO  Test final outcome:  FAILED
22:12:28 INFO  Test outcome reason: Assert that (False == value) with value=True
22:12:28 INFO  
</system-out>
	</testcase>
</testsuite>
