<?xml version="1.0" encoding="utf-8"?>
<testsuite failures="1" name="SoftwareManagement.sm_apt_install_remove_with_version" skipped="0" tests="1" time="164.98" timestamp="2022-05-23T20:00:00">
	<testcase classname="PySysTest" name="SoftwareManagement.sm_apt_install_remove_with_version">
		<failure message="BLOCKED: SystemError: Timeout while waiting for status FAILED or SUCCESSFUL" type="BLOCKED"/>
		<system-out>19:57:15 INFO  ==============================================================
19:57:15 INFO  Id:    SoftwareManagement.sm_apt_install_remove_with_version
19:57:15 INFO  Dir:   software_management_end_to_end/
19:57:15 INFO  Title: Validate end to end behaviour for the apt plugin for packages with version
19:57:15 INFO  ==============================================================
19:57:15 INFO  Using sw id database: {'asciijump': '5475369', 'robotfindskitten': '5474869', 'squirrel3': '5475279', 'rolldice': '5152439', 'moon-buggy': '5439204', 'apple': '5495053', 'banana': '5494888', 'cherry': '5495382', 'watermelon': '5494510', 'registry': '8018911', 'hello-world': '8021526', 'docker/getting-started': '8021973', 'alpine': '7991792'}
19:57:15 INFO  EnvironmentC8y Setup
19:57:16 INFO  Executed systemctl&lt;serv_mapper1&gt;, exit status 3
19:57:16 INFO  Restarting mosquitto too frequently in the last 10 seconds. It was only up for 5 seconds
19:57:16 INFO  Delaying execution by 6 seconds
19:57:36 INFO  Executed sudo&lt;tedge_connect_c8y&gt;, exit status 0, duration 13 secs
19:57:36 INFO  Executed sudo&lt;tedge_connect_c8y_test&gt;, exit status 0
19:57:37 INFO  Executed systemctl&lt;serv_mosq2&gt;, exit status 0
19:57:37 INFO  Executed systemctl&lt;serv_mapper3&gt;, exit status 0
19:57:39 INFO  State of current operation: PENDING
19:57:42 INFO  State of current operation: PENDING
19:57:44 INFO  State of current operation: PENDING
19:57:46 INFO  State of current operation: PENDING
19:57:48 INFO  State of current operation: PENDING
19:57:50 INFO  State of current operation: PENDING
19:57:53 INFO  State of current operation: PENDING
19:57:55 INFO  State of current operation: PENDING
19:57:57 INFO  State of current operation: PENDING
19:57:59 INFO  State of current operation: PENDING
19:58:02 INFO  State of current operation: PENDING
19:58:04 INFO  State of current operation: PENDING
19:58:06 INFO  State of current operation: PENDING
19:58:08 INFO  State of current operation: PENDING
19:58:11 INFO  State of current operation: PENDING
19:58:13 INFO  State of current operation: PENDING
19:58:15 INFO  State of current operation: PENDING
19:58:17 INFO  State of current operation: PENDING
19:58:20 INFO  State of current operation: PENDING
19:58:22 INFO  State of current operation: PENDING
19:58:24 INFO  State of current operation: PENDING
19:58:26 INFO  State of current operation: PENDING
19:58:28 INFO  State of current operation: PENDING
19:58:31 INFO  State of current operation: PENDING
19:58:33 INFO  State of current operation: PENDING
19:58:35 INFO  State of current operation: PENDING
19:58:37 INFO  State of current operation: PENDING
19:58:40 INFO  State of current operation: PENDING
19:58:42 INFO  State of current operation: PENDING
19:58:44 INFO  State of current operation: PENDING
19:58:46 INFO  State of current operation: PENDING
19:58:48 INFO  State of current operation: PENDING
19:58:51 INFO  State of current operation: PENDING
19:58:53 INFO  State of current operation: PENDING
19:58:55 INFO  State of current operation: PENDING
19:58:57 INFO  State of current operation: PENDING
19:59:00 INFO  State of current operation: PENDING
19:59:02 INFO  State of current operation: PENDING
19:59:04 INFO  State of current operation: PENDING
19:59:06 INFO  State of current operation: PENDING
19:59:09 INFO  State of current operation: PENDING
19:59:11 INFO  State of current operation: PENDING
19:59:13 INFO  State of current operation: PENDING
19:59:15 INFO  State of current operation: PENDING
19:59:17 INFO  State of current operation: PENDING
19:59:20 INFO  State of current operation: PENDING
19:59:22 INFO  State of current operation: PENDING
19:59:24 INFO  State of current operation: PENDING
19:59:26 INFO  State of current operation: PENDING
19:59:29 INFO  State of current operation: PENDING
19:59:31 INFO  State of current operation: PENDING
19:59:33 INFO  State of current operation: PENDING
19:59:35 INFO  State of current operation: PENDING
19:59:38 INFO  State of current operation: PENDING
19:59:40 INFO  State of current operation: PENDING
19:59:42 INFO  State of current operation: PENDING
19:59:44 INFO  State of current operation: PENDING
19:59:46 INFO  State of current operation: PENDING
19:59:49 INFO  State of current operation: PENDING
19:59:51 INFO  State of current operation: PENDING
19:59:53 INFO  State of current operation: PENDING
19:59:55 WARN  SystemError occurred while running test - Timeout while waiting for status FAILED or SUCCESSFUL
Traceback (most recent call last):
  File &quot;/home/pi/env-pysys/lib/python3.7/site-packages/pysys/baserunner.py&quot;, line 1292, in __call__
    self.testObj.setup()
  File &quot;/home/pi/actions-runner/_work/thin-edge.io/thin-edge.io/tests/PySys/software_management_end_to_end/sm_apt_install_remove_with_version/run.py&quot;, line 27, in setup
    super().setup()
  File &quot;/home/pi/actions-runner/_work/thin-edge.io/thin-edge.io/tests/PySys/software_management_end_to_end/environment_sm_management.py&quot;, line 151, in setup
    self.wait_until_end()
  File &quot;/home/pi/actions-runner/_work/thin-edge.io/thin-edge.io/tests/PySys/software_management_end_to_end/environment_sm_management.py&quot;, line 332, in wait_until_end
    self.wait_until_status(&quot;FAILED&quot;, &quot;SUCCESSFUL&quot;)
  File &quot;/home/pi/actions-runner/_work/thin-edge.io/thin-edge.io/tests/PySys/software_management_end_to_end/environment_sm_management.py&quot;, line 381, in wait_until_status
    &quot;Timeout while waiting for status %s or %s&quot; % (status, status2)
SystemError: Timeout while waiting for status FAILED or SUCCESSFUL
19:59:55 WARN  SystemError: Timeout while waiting for status FAILED or SUCCESSFUL ... blocked 
19:59:55 INFO  
19:59:55 INFO  cleanup:
19:59:59 INFO  Executed sudo&lt;tedge_disconnect_c8y&gt;, exit status 0
20:00:00 INFO  Executed systemctl&lt;serv_mapper5&gt;, exit status 3
20:00:00 INFO  
20:00:00 INFO  Test duration: 164.98 secs
20:00:00 INFO  Test final outcome:  BLOCKED
20:00:00 INFO  Test outcome reason: SystemError: Timeout while waiting for status FAILED or SUCCESSFUL
20:00:00 INFO  
</system-out>
	</testcase>
</testsuite>
