<?xml version="1.0" encoding="utf-8"?>
<testsuite failures="0" name="apt_install" skipped="0" tests="1" time="66.79" timestamp="2022-07-16T11:49:07">
	<testcase classname="AptPluginInstallDense" name="apt_install"/>
</testsuite>
