<?xml version="1.0" encoding="utf-8"?>
<testsuite failures="1" name="SoftwareManagement.sm_apt_install_remove_multiple_mixed" skipped="0" tests="1" time="166.32" timestamp="2022-05-25T11:41:34">
	<testcase classname="PySysTest" name="SoftwareManagement.sm_apt_install_remove_multiple_mixed">
		<failure message="BLOCKED: SystemError: Timeout while waiting for status FAILED or SUCCESSFUL" type="BLOCKED"/>
		<system-out>11:38:47 INFO  ==============================================================
11:38:47 INFO  Id:    SoftwareManagement.sm_apt_install_remove_multiple_mixed
11:38:47 INFO  Dir:   software_management_end_to_end/
11:38:47 INFO  Title: Validate end to end behaviour for the apt plugin for multiple packages with mixed versions
11:38:47 INFO  ==============================================================
11:38:47 INFO  Using sw id database: {'asciijump': '5475369', 'robotfindskitten': '5474869', 'squirrel3': '5475279', 'rolldice': '5152439', 'moon-buggy': '5439204', 'apple': '5495053', 'banana': '5494888', 'cherry': '5495382', 'watermelon': '5494510', 'registry': '8018911', 'hello-world': '8021526', 'docker/getting-started': '8021973', 'alpine': '7991792'}
11:38:47 INFO  EnvironmentC8y Setup
11:38:48 INFO  Executed systemctl&lt;serv_mapper1&gt;, exit status 3
11:38:48 INFO  Restarting mosquitto too frequently in the last 10 seconds. It was only up for 5 seconds
11:38:48 INFO  Delaying execution by 6 seconds
11:39:08 INFO  Executed sudo&lt;tedge_connect_c8y&gt;, exit status 0, duration 14 secs
11:39:09 INFO  Executed sudo&lt;tedge_connect_c8y_test&gt;, exit status 0
11:39:10 INFO  Executed systemctl&lt;serv_mosq2&gt;, exit status 0
11:39:10 INFO  Executed systemctl&lt;serv_mapper3&gt;, exit status 0
11:39:13 INFO  State of current operation: PENDING
11:39:15 INFO  State of current operation: PENDING
11:39:17 INFO  State of current operation: PENDING
11:39:19 INFO  State of current operation: PENDING
11:39:21 INFO  State of current operation: PENDING
11:39:24 INFO  State of current operation: PENDING
11:39:26 INFO  State of current operation: PENDING
11:39:28 INFO  State of current operation: PENDING
11:39:30 INFO  State of current operation: PENDING
11:39:33 INFO  State of current operation: PENDING
11:39:35 INFO  State of current operation: PENDING
11:39:37 INFO  State of current operation: PENDING
11:39:39 INFO  State of current operation: PENDING
11:39:41 INFO  State of current operation: PENDING
11:39:44 INFO  State of current operation: PENDING
11:39:46 INFO  State of current operation: PENDING
11:39:48 INFO  State of current operation: PENDING
11:39:50 INFO  State of current operation: PENDING
11:39:53 INFO  State of current operation: PENDING
11:39:55 INFO  State of current operation: PENDING
11:39:57 INFO  State of current operation: PENDING
11:39:59 INFO  State of current operation: PENDING
11:40:02 INFO  State of current operation: PENDING
11:40:04 INFO  State of current operation: PENDING
11:40:06 INFO  State of current operation: PENDING
11:40:08 INFO  State of current operation: PENDING
11:40:10 INFO  State of current operation: PENDING
11:40:13 INFO  State of current operation: PENDING
11:40:15 INFO  State of current operation: PENDING
11:40:17 INFO  State of current operation: PENDING
11:40:19 INFO  State of current operation: PENDING
11:40:22 INFO  State of current operation: PENDING
11:40:24 INFO  State of current operation: PENDING
11:40:27 INFO  State of current operation: PENDING
11:40:29 INFO  State of current operation: PENDING
11:40:31 INFO  State of current operation: PENDING
11:40:33 INFO  State of current operation: PENDING
11:40:36 INFO  State of current operation: PENDING
11:40:38 INFO  State of current operation: PENDING
11:40:40 INFO  State of current operation: PENDING
11:40:42 INFO  State of current operation: PENDING
11:40:44 INFO  State of current operation: PENDING
11:40:47 INFO  State of current operation: PENDING
11:40:49 INFO  State of current operation: PENDING
11:40:51 INFO  State of current operation: PENDING
11:40:53 INFO  State of current operation: PENDING
11:40:56 INFO  State of current operation: PENDING
11:40:58 INFO  State of current operation: PENDING
11:41:00 INFO  State of current operation: PENDING
11:41:02 INFO  State of current operation: PENDING
11:41:05 INFO  State of current operation: PENDING
11:41:07 INFO  State of current operation: PENDING
11:41:09 INFO  State of current operation: PENDING
11:41:11 INFO  State of current operation: PENDING
11:41:13 INFO  State of current operation: PENDING
11:41:16 INFO  State of current operation: PENDING
11:41:18 INFO  State of current operation: PENDING
11:41:20 INFO  State of current operation: PENDING
11:41:22 INFO  State of current operation: PENDING
11:41:25 INFO  State of current operation: PENDING
11:41:27 INFO  State of current operation: PENDING
11:41:29 WARN  SystemError occurred while running test - Timeout while waiting for status FAILED or SUCCESSFUL
Traceback (most recent call last):
  File &quot;/home/pi/env-pysys/lib/python3.7/site-packages/pysys/baserunner.py&quot;, line 1292, in __call__
    self.testObj.setup()
  File &quot;/home/pi/actions-runner/_work/thin-edge.io/thin-edge.io/tests/PySys/software_management_end_to_end/sm_apt_install_remove_multiple_mixed/run.py&quot;, line 73, in setup
    super().setup()
  File &quot;/home/pi/actions-runner/_work/thin-edge.io/thin-edge.io/tests/PySys/software_management_end_to_end/environment_sm_management.py&quot;, line 151, in setup
    self.wait_until_end()
  File &quot;/home/pi/actions-runner/_work/thin-edge.io/thin-edge.io/tests/PySys/software_management_end_to_end/environment_sm_management.py&quot;, line 332, in wait_until_end
    self.wait_until_status(&quot;FAILED&quot;, &quot;SUCCESSFUL&quot;)
  File &quot;/home/pi/actions-runner/_work/thin-edge.io/thin-edge.io/tests/PySys/software_management_end_to_end/environment_sm_management.py&quot;, line 381, in wait_until_status
    &quot;Timeout while waiting for status %s or %s&quot; % (status, status2)
SystemError: Timeout while waiting for status FAILED or SUCCESSFUL
11:41:29 WARN  SystemError: Timeout while waiting for status FAILED or SUCCESSFUL ... blocked 
11:41:29 INFO  
11:41:29 INFO  cleanup:
11:41:33 INFO  Executed sudo&lt;tedge_disconnect_c8y&gt;, exit status 0
11:41:34 INFO  Executed systemctl&lt;serv_mapper5&gt;, exit status 3
11:41:34 INFO  
11:41:34 INFO  Test duration: 166.32 secs
11:41:34 INFO  Test final outcome:  BLOCKED
11:41:34 INFO  Test outcome reason: SystemError: Timeout while waiting for status FAILED or SUCCESSFUL
11:41:34 INFO  
</system-out>
	</testcase>
</testsuite>
