<?xml version="1.0" encoding="utf-8"?>
<testsuite failures="1" name="SoftwareManagement.sm_apt_install_remove_multiple" skipped="0" tests="1" time="77.94" timestamp="2022-07-22T02:42:36">
	<testcase classname="PySysTest" name="SoftwareManagement.sm_apt_install_remove_multiple">
		<failure message="BLOCKED: HTTPError: 500 Server Error: Server Error for url: https://thin-edge-io.eu-latest.cumulocity.com/devicecontrol/operations/21230827 (+1 other failures)" type="BLOCKED"/>
		<system-out>02:41:18 INFO  ==============================================================
02:41:18 INFO  Id:    SoftwareManagement.sm_apt_install_remove_multiple
02:41:18 INFO  Dir:   software_management_end_to_end/
02:41:18 INFO  Title: Validate end to end behaviour for the apt plugin for multiple packages
02:41:18 INFO  ==============================================================
02:41:18 INFO  Using sw id database: {'asciijump': '5475369', 'robotfindskitten': '5474869', 'squirrel3': '5475279', 'rolldice': '5152439', 'moon-buggy': '5439204', 'apple': '5495053', 'banana': '5494888', 'cherry': '5495382', 'watermelon': '5494510', 'registry': '8018911', 'hello-world': '8021526', 'docker/getting-started': '8021973', 'alpine': '7991792'}
02:41:18 INFO  EnvironmentC8y Setup
02:41:19 INFO  Executed systemctl&lt;serv_mapper1&gt;, exit status 3
02:41:19 INFO  Restarting mosquitto too frequently in the last 10 seconds. It was only up for 4 seconds
02:41:19 INFO  Delaying execution by 7 seconds
02:41:40 INFO  Executed sudo&lt;tedge_connect_c8y&gt;, exit status 0, duration 14 secs
02:41:40 INFO  Executed sudo&lt;tedge_connect_c8y_test&gt;, exit status 0
02:41:41 INFO  Executed systemctl&lt;serv_mosq2&gt;, exit status 0
02:41:41 INFO  Executed systemctl&lt;serv_mapper3&gt;, exit status 0
02:41:44 INFO  State of current operation: SUCCESSFUL
02:41:44 INFO  Assert that (False == value) with value=False ... passed
02:41:44 INFO  Assert that (False == value) with value=False ... passed
02:41:44 INFO  Assert that (False == value) with value=False ... passed
02:41:45 INFO  Package robotfindskitten is installed
02:41:45 WARN  Assert that (False == value) with value=True ... failed 
02:41:45 INFO  Response status: 201
02:41:45 INFO  Response to action: {
    &quot;creationTime&quot;: &quot;2022-07-22T02:41:45.298Z&quot;,
    &quot;deviceId&quot;: &quot;21164556&quot;,
    &quot;deviceName&quot;: &quot;m32sd10a&quot;,
    &quot;self&quot;: &quot;https://t493319102.eu-latest.cumulocity.com/devicecontrol/operations/21230827&quot;,
    &quot;id&quot;: &quot;21230827&quot;,
    &quot;status&quot;: &quot;PENDING&quot;,
    &quot;description&quot;: &quot;Apply software changes, triggered from PySys: [{'action': 'install', 'id': '5475369', 'name': 'asciijump', 'url': ' ', 'version': '::apt'}, {'action': 'install', 'id': '5474869', 'name': 'robotfindskitten', 'url': ' ', 'version': '::apt'}, {'action': 'install', 'id': '5475279', 'name': 'squirrel3', 'url': ' ', 'version': '::apt'}]&quot;,
    &quot;c8y_SoftwareUpdate&quot;: [
        {
            &quot;name&quot;: &quot;asciijump&quot;,
            &quot;action&quot;: &quot;install&quot;,
            &quot;id&quot;: &quot;5475369&quot;,
            &quot;version&quot;: &quot;::apt&quot;,
            &quot;url&quot;: &quot; &quot;
        },
        {
            &quot;name&quot;: &quot;robotfindskitten&quot;,
            &quot;action&quot;: &quot;install&quot;,
            &quot;id&quot;: &quot;5474869&quot;,
            &quot;version&quot;: &quot;::apt&quot;,
            &quot;url&quot;: &quot; &quot;
        },
        {
            &quot;name&quot;: &quot;squirrel3&quot;,
            &quot;action&quot;: &quot;install&quot;,
            &quot;id&quot;: &quot;5475279&quot;,
            &quot;version&quot;: &quot;::apt&quot;,
            &quot;url&quot;: &quot; &quot;
        }
    ]
}
02:41:45 INFO  Started operation: {'creationTime': '2022-07-22T02:41:45.298Z', 'deviceId': '21164556', 'deviceName': 'm32sd10a', 'self': 'https://t493319102.eu-latest.cumulocity.com/devicecontrol/operations/21230827', 'id': '21230827', 'status': 'PENDING', 'description': &quot;Apply software changes, triggered from PySys: [{'action': 'install', 'id': '5475369', 'name': 'asciijump', 'url': ' ', 'version': '::apt'}, {'action': 'install', 'id': '5474869', 'name': 'robotfindskitten', 'url': ' ', 'version': '::apt'}, {'action': 'install', 'id': '5475279', 'name': 'squirrel3', 'url': ' ', 'version': '::apt'}]&quot;, 'c8y_SoftwareUpdate': [{'name': 'asciijump', 'action': 'install', 'id': '5475369', 'version': '::apt', 'url': ' '}, {'name': 'robotfindskitten', 'action': 'install', 'id': '5474869', 'version': '::apt', 'url': ' '}, {'name': 'squirrel3', 'action': 'install', 'id': '5475279', 'version': '::apt', 'url': ' '}]}
02:41:47 INFO  State of operation 21230827 : PENDING
02:41:49 INFO  State of operation 21230827 : EXECUTING
02:41:52 INFO  State of operation 21230827 : EXECUTING
02:41:54 INFO  State of operation 21230827 : EXECUTING
02:41:56 INFO  State of operation 21230827 : EXECUTING
02:41:58 INFO  State of operation 21230827 : EXECUTING
02:42:01 INFO  State of operation 21230827 : EXECUTING
02:42:04 INFO  State of operation 21230827 : EXECUTING
02:42:06 INFO  State of operation 21230827 : EXECUTING
02:42:09 INFO  State of operation 21230827 : EXECUTING
02:42:31 WARN  HTTPError occurred while running test - 500 Server Error: Server Error for url: https://thin-edge-io.eu-latest.cumulocity.com/devicecontrol/operations/21230827
Traceback (most recent call last):
  File &quot;/home/pi/env-pysys/lib/python3.7/site-packages/pysys/baserunner.py&quot;, line 1294, in __call__
    self.testObj.execute()
  File &quot;/home/pi/actions-runner/_work/thin-edge.io/thin-edge.io/tests/PySys/software_management_end_to_end/sm_apt_install_remove_multiple/run.py&quot;, line 66, in execute
    self.wait_until_succcess()
  File &quot;/home/pi/actions-runner/_work/thin-edge.io/thin-edge.io/tests/PySys/software_management_end_to_end/environment_sm_management.py&quot;, line 324, in wait_until_succcess
    self.wait_until_status(&quot;SUCCESSFUL&quot;)
  File &quot;/home/pi/actions-runner/_work/thin-edge.io/thin-edge.io/tests/PySys/software_management_end_to_end/environment_sm_management.py&quot;, line 354, in wait_until_status
    current_status = self.get_status_of_operation()
  File &quot;/home/pi/actions-runner/_work/thin-edge.io/thin-edge.io/tests/PySys/software_management_end_to_end/environment_sm_management.py&quot;, line 302, in get_status_of_operation
    req.raise_for_status()
  File &quot;/home/pi/env-pysys/lib/python3.7/site-packages/requests/models.py&quot;, line 943, in raise_for_status
    raise HTTPError(http_error_msg, response=self)
requests.exceptions.HTTPError: 500 Server Error: Server Error for url: https://thin-edge-io.eu-latest.cumulocity.com/devicecontrol/operations/21230827
02:42:31 WARN  HTTPError: 500 Server Error: Server Error for url: https://thin-edge-io.eu-latest.cumulocity.com/devicecontrol/operations/21230827 ... blocked 
02:42:31 INFO  
02:42:31 INFO  cleanup:
02:42:35 INFO  Executed sudo&lt;tedge_disconnect_c8y&gt;, exit status 0
02:42:36 INFO  Executed systemctl&lt;serv_mapper5&gt;, exit status 3
02:42:36 INFO  
02:42:36 INFO  Test duration: 77.94 secs
02:42:36 INFO  Test final outcome:  BLOCKED
02:42:36 INFO  Test outcome reason: HTTPError: 500 Server Error: Server Error for url: https://thin-edge-io.eu-latest.cumulocity.com/devicecontrol/operations/21230827 (+1 other failures)
02:42:36 INFO  
</system-out>
	</testcase>
</testsuite>
