<?xml version="1.0" encoding="utf-8"?>
<testsuite failures="1" name="SoftwareManagement.sm_apt_install_remove_multiple" skipped="0" tests="1" time="182.05" timestamp="2022-07-26T08:01:55">
	<testcase classname="PySysTest" name="SoftwareManagement.sm_apt_install_remove_multiple">
		<failure message="FAILED: Assert that (False == value) with value=True" type="FAILED"/>
		<system-out>07:58:53 INFO  ==============================================================
07:58:53 INFO  Id:    SoftwareManagement.sm_apt_install_remove_multiple
07:58:53 INFO  Dir:   software_management_end_to_end/
07:58:53 INFO  Title: Validate end to end behaviour for the apt plugin for multiple packages
07:58:53 INFO  ==============================================================
07:58:53 INFO  Using sw id database: {'asciijump': '5475369', 'robotfindskitten': '5474869', 'squirrel3': '5475279', 'rolldice': '5152439', 'moon-buggy': '5439204', 'apple': '5495053', 'banana': '5494888', 'cherry': '5495382', 'watermelon': '5494510', 'registry': '8018911', 'hello-world': '8021526', 'docker/getting-started': '8021973', 'alpine': '7991792'}
07:58:53 INFO  EnvironmentC8y Setup
07:58:54 INFO  Executed systemctl&lt;serv_mapper1&gt;, exit status 3
07:58:54 INFO  Restarting mosquitto too frequently in the last 10 seconds. It was only up for 4 seconds
07:58:54 INFO  Delaying execution by 7 seconds
07:59:16 INFO  Executed sudo&lt;tedge_connect_c8y&gt;, exit status 0, duration 15 secs
07:59:17 INFO  Executed sudo&lt;tedge_connect_c8y_test&gt;, exit status 0
07:59:17 INFO  Executed systemctl&lt;serv_mosq2&gt;, exit status 0
07:59:18 INFO  Executed systemctl&lt;serv_mapper3&gt;, exit status 0
07:59:20 INFO  State of current operation: SUCCESSFUL
07:59:20 INFO  Assert that (False == value) with value=False ... passed
07:59:20 INFO  Assert that (False == value) with value=False ... passed
07:59:21 INFO  Assert that (False == value) with value=False ... passed
07:59:21 INFO  Package robotfindskitten is installed
07:59:21 WARN  Assert that (False == value) with value=True ... failed 
07:59:21 INFO  Response status: 201
07:59:21 INFO  Response to action: {
    &quot;creationTime&quot;: &quot;2022-07-26T07:59:21.641Z&quot;,
    &quot;deviceId&quot;: &quot;21413441&quot;,
    &quot;deviceName&quot;: &quot;m32sd10a&quot;,
    &quot;self&quot;: &quot;https://t493319102.eu-latest.cumulocity.com/devicecontrol/operations/21434502&quot;,
    &quot;id&quot;: &quot;21434502&quot;,
    &quot;status&quot;: &quot;PENDING&quot;,
    &quot;description&quot;: &quot;Apply software changes, triggered from PySys: [{'action': 'install', 'id': '5475369', 'name': 'asciijump', 'url': ' ', 'version': '::apt'}, {'action': 'install', 'id': '5474869', 'name': 'robotfindskitten', 'url': ' ', 'version': '::apt'}, {'action': 'install', 'id': '5475279', 'name': 'squirrel3', 'url': ' ', 'version': '::apt'}]&quot;,
    &quot;c8y_SoftwareUpdate&quot;: [
        {
            &quot;name&quot;: &quot;asciijump&quot;,
            &quot;action&quot;: &quot;install&quot;,
            &quot;id&quot;: &quot;5475369&quot;,
            &quot;version&quot;: &quot;::apt&quot;,
            &quot;url&quot;: &quot; &quot;
        },
        {
            &quot;name&quot;: &quot;robotfindskitten&quot;,
            &quot;action&quot;: &quot;install&quot;,
            &quot;id&quot;: &quot;5474869&quot;,
            &quot;version&quot;: &quot;::apt&quot;,
            &quot;url&quot;: &quot; &quot;
        },
        {
            &quot;name&quot;: &quot;squirrel3&quot;,
            &quot;action&quot;: &quot;install&quot;,
            &quot;id&quot;: &quot;5475279&quot;,
            &quot;version&quot;: &quot;::apt&quot;,
            &quot;url&quot;: &quot; &quot;
        }
    ]
}
07:59:21 INFO  Started operation: {'creationTime': '2022-07-26T07:59:21.641Z', 'deviceId': '21413441', 'deviceName': 'm32sd10a', 'self': 'https://t493319102.eu-latest.cumulocity.com/devicecontrol/operations/21434502', 'id': '21434502', 'status': 'PENDING', 'description': &quot;Apply software changes, triggered from PySys: [{'action': 'install', 'id': '5475369', 'name': 'asciijump', 'url': ' ', 'version': '::apt'}, {'action': 'install', 'id': '5474869', 'name': 'robotfindskitten', 'url': ' ', 'version': '::apt'}, {'action': 'install', 'id': '5475279', 'name': 'squirrel3', 'url': ' ', 'version': '::apt'}]&quot;, 'c8y_SoftwareUpdate': [{'name': 'asciijump', 'action': 'install', 'id': '5475369', 'version': '::apt', 'url': ' '}, {'name': 'robotfindskitten', 'action': 'install', 'id': '5474869', 'version': '::apt', 'url': ' '}, {'name': 'squirrel3', 'action': 'install', 'id': '5475279', 'version': '::apt', 'url': ' '}]}
07:59:23 INFO  State of operation 21434502 : PENDING
07:59:26 INFO  State of operation 21434502 : EXECUTING
07:59:28 INFO  State of operation 21434502 : EXECUTING
07:59:30 INFO  State of operation 21434502 : EXECUTING
07:59:32 INFO  State of operation 21434502 : EXECUTING
07:59:35 INFO  State of operation 21434502 : EXECUTING
07:59:37 INFO  State of operation 21434502 : EXECUTING
07:59:40 INFO  State of operation 21434502 : EXECUTING
07:59:43 INFO  State of operation 21434502 : EXECUTING
07:59:45 INFO  State of operation 21434502 : EXECUTING
07:59:47 INFO  State of operation 21434502 : EXECUTING
07:59:49 INFO  State of operation 21434502 : EXECUTING
07:59:52 INFO  State of operation 21434502 : EXECUTING
07:59:54 INFO  State of operation 21434502 : EXECUTING
07:59:56 INFO  State of operation 21434502 : EXECUTING
07:59:58 INFO  State of operation 21434502 : EXECUTING
08:00:01 INFO  State of operation 21434502 : EXECUTING
08:00:03 INFO  State of operation 21434502 : EXECUTING
08:00:06 INFO  State of operation 21434502 : EXECUTING
08:00:08 INFO  State of operation 21434502 : EXECUTING
08:00:10 INFO  State of operation 21434502 : EXECUTING
08:00:13 INFO  State of operation 21434502 : EXECUTING
08:00:15 INFO  State of operation 21434502 : EXECUTING
08:00:18 INFO  State of operation 21434502 : EXECUTING
08:00:21 INFO  State of operation 21434502 : EXECUTING
08:00:23 INFO  State of operation 21434502 : EXECUTING
08:00:26 INFO  State of operation 21434502 : EXECUTING
08:00:28 INFO  State of operation 21434502 : EXECUTING
08:00:30 INFO  State of operation 21434502 : EXECUTING
08:00:33 INFO  State of operation 21434502 : EXECUTING
08:00:35 INFO  State of operation 21434502 : EXECUTING
08:00:38 INFO  State of operation 21434502 : EXECUTING
08:00:40 INFO  State of operation 21434502 : EXECUTING
08:00:42 INFO  State of operation 21434502 : SUCCESSFUL
08:00:43 INFO  Assert that (False == value) with value=False ... passed
08:00:43 INFO  Package asciijump is installed
08:00:43 INFO  Assert that (True == value) with value=True ... passed
08:00:43 INFO  Package squirrel3 is installed
08:00:43 INFO  Assert that (True == value) with value=True ... passed
08:00:43 INFO  Package robotfindskitten is installed
08:00:43 INFO  Assert that (True == value) with value=True ... passed
08:00:43 INFO  Response status: 201
08:00:43 INFO  Response to action: {
    &quot;creationTime&quot;: &quot;2022-07-26T08:00:43.889Z&quot;,
    &quot;deviceId&quot;: &quot;21413441&quot;,
    &quot;deviceName&quot;: &quot;m32sd10a&quot;,
    &quot;self&quot;: &quot;https://t493319102.eu-latest.cumulocity.com/devicecontrol/operations/21434508&quot;,
    &quot;id&quot;: &quot;21434508&quot;,
    &quot;status&quot;: &quot;PENDING&quot;,
    &quot;description&quot;: &quot;Apply software changes, triggered from PySys: [{'action': 'delete', 'id': '5475369', 'name': 'asciijump', 'url': ' ', 'version': '::apt'}, {'action': 'delete', 'id': '5474869', 'name': 'robotfindskitten', 'url': ' ', 'version': '::apt'}, {'action': 'delete', 'id': '5475279', 'name': 'squirrel3', 'url': ' ', 'version': '::apt'}]&quot;,
    &quot;c8y_SoftwareUpdate&quot;: [
        {
            &quot;name&quot;: &quot;asciijump&quot;,
            &quot;action&quot;: &quot;delete&quot;,
            &quot;id&quot;: &quot;5475369&quot;,
            &quot;version&quot;: &quot;::apt&quot;,
            &quot;url&quot;: &quot; &quot;
        },
        {
            &quot;name&quot;: &quot;robotfindskitten&quot;,
            &quot;action&quot;: &quot;delete&quot;,
            &quot;id&quot;: &quot;5474869&quot;,
            &quot;version&quot;: &quot;::apt&quot;,
            &quot;url&quot;: &quot; &quot;
        },
        {
            &quot;name&quot;: &quot;squirrel3&quot;,
            &quot;action&quot;: &quot;delete&quot;,
            &quot;id&quot;: &quot;5475279&quot;,
            &quot;version&quot;: &quot;::apt&quot;,
            &quot;url&quot;: &quot; &quot;
        }
    ]
}
08:00:43 INFO  Started operation: {'creationTime': '2022-07-26T08:00:43.889Z', 'deviceId': '21413441', 'deviceName': 'm32sd10a', 'self': 'https://t493319102.eu-latest.cumulocity.com/devicecontrol/operations/21434508', 'id': '21434508', 'status': 'PENDING', 'description': &quot;Apply software changes, triggered from PySys: [{'action': 'delete', 'id': '5475369', 'name': 'asciijump', 'url': ' ', 'version': '::apt'}, {'action': 'delete', 'id': '5474869', 'name': 'robotfindskitten', 'url': ' ', 'version': '::apt'}, {'action': 'delete', 'id': '5475279', 'name': 'squirrel3', 'url': ' ', 'version': '::apt'}]&quot;, 'c8y_SoftwareUpdate': [{'name': 'asciijump', 'action': 'delete', 'id': '5475369', 'version': '::apt', 'url': ' '}, {'name': 'robotfindskitten', 'action': 'delete', 'id': '5474869', 'version': '::apt', 'url': ' '}, {'name': 'squirrel3', 'action': 'delete', 'id': '5475279', 'version': '::apt', 'url': ' '}]}
08:00:46 INFO  State of operation 21434508 : PENDING
08:00:48 INFO  State of operation 21434508 : EXECUTING
08:00:50 INFO  State of operation 21434508 : EXECUTING
08:00:52 INFO  State of operation 21434508 : EXECUTING
08:00:55 INFO  State of operation 21434508 : EXECUTING
08:00:57 INFO  State of operation 21434508 : EXECUTING
08:01:00 INFO  State of operation 21434508 : EXECUTING
08:01:03 INFO  State of operation 21434508 : EXECUTING
08:01:05 INFO  State of operation 21434508 : EXECUTING
08:01:07 INFO  State of operation 21434508 : EXECUTING
08:01:10 INFO  State of operation 21434508 : EXECUTING
08:01:12 INFO  State of operation 21434508 : EXECUTING
08:01:14 INFO  State of operation 21434508 : EXECUTING
08:01:16 INFO  State of operation 21434508 : EXECUTING
08:01:19 INFO  State of operation 21434508 : EXECUTING
08:01:21 INFO  State of operation 21434508 : EXECUTING
08:01:23 INFO  State of operation 21434508 : EXECUTING
08:01:26 INFO  State of operation 21434508 : EXECUTING
08:01:29 INFO  State of operation 21434508 : EXECUTING
08:01:31 INFO  State of operation 21434508 : EXECUTING
08:01:33 INFO  State of operation 21434508 : EXECUTING
08:01:35 INFO  State of operation 21434508 : EXECUTING
08:01:38 INFO  State of operation 21434508 : EXECUTING
08:01:41 INFO  State of operation 21434508 : EXECUTING
08:01:43 INFO  State of operation 21434508 : EXECUTING
08:01:45 INFO  State of operation 21434508 : EXECUTING
08:01:48 INFO  State of operation 21434508 : EXECUTING
08:01:50 INFO  State of operation 21434508 : SUCCESSFUL
08:01:50 INFO  Assert that (False == value) with value=False ... passed
08:01:50 INFO  Assert that (False == value) with value=False ... passed
08:01:51 INFO  Assert that (False == value) with value=False ... passed
08:01:51 INFO  Assert that (False == value) with value=False ... passed
08:01:51 INFO  
08:01:51 INFO  cleanup:
08:01:55 INFO  Executed sudo&lt;tedge_disconnect_c8y&gt;, exit status 0
08:01:55 INFO  Executed systemctl&lt;serv_mapper5&gt;, exit status 3
08:01:55 INFO  
08:01:55 INFO  Test duration: 182.05 secs
08:01:55 INFO  Test final outcome:  FAILED
08:01:55 INFO  Test outcome reason: Assert that (False == value) with value=True
08:01:55 INFO  
</system-out>
	</testcase>
</testsuite>
