<?xml version="1.0" encoding="utf-8"?>
<testsuite failures="1" name="SoftwareManagement.sm_apt_install_remove_multiple" skipped="0" tests="1" time="180.46" timestamp="2022-07-25T12:34:51">
	<testcase classname="PySysTest" name="SoftwareManagement.sm_apt_install_remove_multiple">
		<failure message="FAILED: Assert that (False == value) with value=True" type="FAILED"/>
		<system-out>12:31:51 INFO  ==============================================================
12:31:51 INFO  Id:    SoftwareManagement.sm_apt_install_remove_multiple
12:31:51 INFO  Dir:   software_management_end_to_end/
12:31:51 INFO  Title: Validate end to end behaviour for the apt plugin for multiple packages
12:31:51 INFO  ==============================================================
12:31:51 INFO  Using sw id database: {'asciijump': '5475369', 'robotfindskitten': '5474869', 'squirrel3': '5475279', 'rolldice': '5152439', 'moon-buggy': '5439204', 'apple': '5495053', 'banana': '5494888', 'cherry': '5495382', 'watermelon': '5494510', 'registry': '8018911', 'hello-world': '8021526', 'docker/getting-started': '8021973', 'alpine': '7991792'}
12:31:51 INFO  EnvironmentC8y Setup
12:31:51 INFO  Executed systemctl&lt;serv_mapper1&gt;, exit status 3
12:31:51 INFO  Restarting mosquitto too frequently in the last 10 seconds. It was only up for 5 seconds
12:31:51 INFO  Delaying execution by 6 seconds
12:32:12 INFO  Executed sudo&lt;tedge_connect_c8y&gt;, exit status 0, duration 14 secs
12:32:13 INFO  Executed sudo&lt;tedge_connect_c8y_test&gt;, exit status 0
12:32:13 INFO  Executed systemctl&lt;serv_mosq2&gt;, exit status 0
12:32:14 INFO  Executed systemctl&lt;serv_mapper3&gt;, exit status 0
12:32:16 INFO  State of current operation: SUCCESSFUL
12:32:16 INFO  Assert that (False == value) with value=False ... passed
12:32:16 INFO  Assert that (False == value) with value=False ... passed
12:32:17 INFO  Assert that (False == value) with value=False ... passed
12:32:17 INFO  Package robotfindskitten is installed
12:32:17 WARN  Assert that (False == value) with value=True ... failed 
12:32:17 INFO  Response status: 201
12:32:17 INFO  Response to action: {
    &quot;delivery&quot;: {
        &quot;log&quot;: [],
        &quot;time&quot;: &quot;2022-07-25T12:32:17.574Z&quot;,
        &quot;status&quot;: &quot;PENDING&quot;
    },
    &quot;creationTime&quot;: &quot;2022-07-25T12:32:17.559Z&quot;,
    &quot;deviceId&quot;: &quot;21360435&quot;,
    &quot;deviceName&quot;: &quot;m32sd10a&quot;,
    &quot;self&quot;: &quot;https://t493319102.eu-latest.cumulocity.com/devicecontrol/operations/21385498&quot;,
    &quot;id&quot;: &quot;21385498&quot;,
    &quot;status&quot;: &quot;PENDING&quot;,
    &quot;description&quot;: &quot;Apply software changes, triggered from PySys: [{'action': 'install', 'id': '5475369', 'name': 'asciijump', 'url': ' ', 'version': '::apt'}, {'action': 'install', 'id': '5474869', 'name': 'robotfindskitten', 'url': ' ', 'version': '::apt'}, {'action': 'install', 'id': '5475279', 'name': 'squirrel3', 'url': ' ', 'version': '::apt'}]&quot;,
    &quot;c8y_SoftwareUpdate&quot;: [
        {
            &quot;name&quot;: &quot;asciijump&quot;,
            &quot;action&quot;: &quot;install&quot;,
            &quot;id&quot;: &quot;5475369&quot;,
            &quot;version&quot;: &quot;::apt&quot;,
            &quot;url&quot;: &quot; &quot;
        },
        {
            &quot;name&quot;: &quot;robotfindskitten&quot;,
            &quot;action&quot;: &quot;install&quot;,
            &quot;id&quot;: &quot;5474869&quot;,
            &quot;version&quot;: &quot;::apt&quot;,
            &quot;url&quot;: &quot; &quot;
        },
        {
            &quot;name&quot;: &quot;squirrel3&quot;,
            &quot;action&quot;: &quot;install&quot;,
            &quot;id&quot;: &quot;5475279&quot;,
            &quot;version&quot;: &quot;::apt&quot;,
            &quot;url&quot;: &quot; &quot;
        }
    ]
}
12:32:17 INFO  Started operation: {'delivery': {'log': [], 'time': '2022-07-25T12:32:17.574Z', 'status': 'PENDING'}, 'creationTime': '2022-07-25T12:32:17.559Z', 'deviceId': '21360435', 'deviceName': 'm32sd10a', 'self': 'https://t493319102.eu-latest.cumulocity.com/devicecontrol/operations/21385498', 'id': '21385498', 'status': 'PENDING', 'description': &quot;Apply software changes, triggered from PySys: [{'action': 'install', 'id': '5475369', 'name': 'asciijump', 'url': ' ', 'version': '::apt'}, {'action': 'install', 'id': '5474869', 'name': 'robotfindskitten', 'url': ' ', 'version': '::apt'}, {'action': 'install', 'id': '5475279', 'name': 'squirrel3', 'url': ' ', 'version': '::apt'}]&quot;, 'c8y_SoftwareUpdate': [{'name': 'asciijump', 'action': 'install', 'id': '5475369', 'version': '::apt', 'url': ' '}, {'name': 'robotfindskitten', 'action': 'install', 'id': '5474869', 'version': '::apt', 'url': ' '}, {'name': 'squirrel3', 'action': 'install', 'id': '5475279', 'version': '::apt', 'url': ' '}]}
12:32:19 INFO  State of operation 21385498 : PENDING
12:32:22 INFO  State of operation 21385498 : EXECUTING
12:32:24 INFO  State of operation 21385498 : EXECUTING
12:32:26 INFO  State of operation 21385498 : EXECUTING
12:32:28 INFO  State of operation 21385498 : EXECUTING
12:32:30 INFO  State of operation 21385498 : EXECUTING
12:32:33 INFO  State of operation 21385498 : EXECUTING
12:32:35 INFO  State of operation 21385498 : EXECUTING
12:32:38 INFO  State of operation 21385498 : EXECUTING
12:32:40 INFO  State of operation 21385498 : EXECUTING
12:32:43 INFO  State of operation 21385498 : EXECUTING
12:32:45 INFO  State of operation 21385498 : EXECUTING
12:32:48 INFO  State of operation 21385498 : EXECUTING
12:32:50 INFO  State of operation 21385498 : EXECUTING
12:32:52 INFO  State of operation 21385498 : EXECUTING
12:32:54 INFO  State of operation 21385498 : EXECUTING
12:32:57 INFO  State of operation 21385498 : EXECUTING
12:32:59 INFO  State of operation 21385498 : EXECUTING
12:33:02 INFO  State of operation 21385498 : EXECUTING
12:33:04 INFO  State of operation 21385498 : EXECUTING
12:33:06 INFO  State of operation 21385498 : EXECUTING
12:33:09 INFO  State of operation 21385498 : EXECUTING
12:33:11 INFO  State of operation 21385498 : EXECUTING
12:33:13 INFO  State of operation 21385498 : EXECUTING
12:33:15 INFO  State of operation 21385498 : EXECUTING
12:33:18 INFO  State of operation 21385498 : EXECUTING
12:33:20 INFO  State of operation 21385498 : EXECUTING
12:33:23 INFO  State of operation 21385498 : EXECUTING
12:33:25 INFO  State of operation 21385498 : EXECUTING
12:33:27 INFO  State of operation 21385498 : EXECUTING
12:33:30 INFO  State of operation 21385498 : EXECUTING
12:33:32 INFO  State of operation 21385498 : EXECUTING
12:33:34 INFO  State of operation 21385498 : EXECUTING
12:33:36 INFO  State of operation 21385498 : EXECUTING
12:33:38 INFO  State of operation 21385498 : SUCCESSFUL
12:33:39 INFO  Assert that (False == value) with value=False ... passed
12:33:39 INFO  Package asciijump is installed
12:33:39 INFO  Assert that (True == value) with value=True ... passed
12:33:39 INFO  Package squirrel3 is installed
12:33:39 INFO  Assert that (True == value) with value=True ... passed
12:33:39 INFO  Package robotfindskitten is installed
12:33:39 INFO  Assert that (True == value) with value=True ... passed
12:33:40 INFO  Response status: 201
12:33:40 INFO  Response to action: {
    &quot;delivery&quot;: {
        &quot;log&quot;: [],
        &quot;time&quot;: &quot;2022-07-25T12:33:40.053Z&quot;,
        &quot;status&quot;: &quot;PENDING&quot;
    },
    &quot;creationTime&quot;: &quot;2022-07-25T12:33:40.010Z&quot;,
    &quot;deviceId&quot;: &quot;21360435&quot;,
    &quot;deviceName&quot;: &quot;m32sd10a&quot;,
    &quot;self&quot;: &quot;https://t493319102.eu-latest.cumulocity.com/devicecontrol/operations/21385511&quot;,
    &quot;id&quot;: &quot;21385511&quot;,
    &quot;status&quot;: &quot;PENDING&quot;,
    &quot;description&quot;: &quot;Apply software changes, triggered from PySys: [{'action': 'delete', 'id': '5475369', 'name': 'asciijump', 'url': ' ', 'version': '::apt'}, {'action': 'delete', 'id': '5474869', 'name': 'robotfindskitten', 'url': ' ', 'version': '::apt'}, {'action': 'delete', 'id': '5475279', 'name': 'squirrel3', 'url': ' ', 'version': '::apt'}]&quot;,
    &quot;c8y_SoftwareUpdate&quot;: [
        {
            &quot;name&quot;: &quot;asciijump&quot;,
            &quot;action&quot;: &quot;delete&quot;,
            &quot;id&quot;: &quot;5475369&quot;,
            &quot;version&quot;: &quot;::apt&quot;,
            &quot;url&quot;: &quot; &quot;
        },
        {
            &quot;name&quot;: &quot;robotfindskitten&quot;,
            &quot;action&quot;: &quot;delete&quot;,
            &quot;id&quot;: &quot;5474869&quot;,
            &quot;version&quot;: &quot;::apt&quot;,
            &quot;url&quot;: &quot; &quot;
        },
        {
            &quot;name&quot;: &quot;squirrel3&quot;,
            &quot;action&quot;: &quot;delete&quot;,
            &quot;id&quot;: &quot;5475279&quot;,
            &quot;version&quot;: &quot;::apt&quot;,
            &quot;url&quot;: &quot; &quot;
        }
    ]
}
12:33:40 INFO  Started operation: {'delivery': {'log': [], 'time': '2022-07-25T12:33:40.053Z', 'status': 'PENDING'}, 'creationTime': '2022-07-25T12:33:40.010Z', 'deviceId': '21360435', 'deviceName': 'm32sd10a', 'self': 'https://t493319102.eu-latest.cumulocity.com/devicecontrol/operations/21385511', 'id': '21385511', 'status': 'PENDING', 'description': &quot;Apply software changes, triggered from PySys: [{'action': 'delete', 'id': '5475369', 'name': 'asciijump', 'url': ' ', 'version': '::apt'}, {'action': 'delete', 'id': '5474869', 'name': 'robotfindskitten', 'url': ' ', 'version': '::apt'}, {'action': 'delete', 'id': '5475279', 'name': 'squirrel3', 'url': ' ', 'version': '::apt'}]&quot;, 'c8y_SoftwareUpdate': [{'name': 'asciijump', 'action': 'delete', 'id': '5475369', 'version': '::apt', 'url': ' '}, {'name': 'robotfindskitten', 'action': 'delete', 'id': '5474869', 'version': '::apt', 'url': ' '}, {'name': 'squirrel3', 'action': 'delete', 'id': '5475279', 'version': '::apt', 'url': ' '}]}
12:33:42 INFO  State of operation 21385511 : PENDING
12:33:44 INFO  State of operation 21385511 : EXECUTING
12:33:46 INFO  State of operation 21385511 : EXECUTING
12:33:48 INFO  State of operation 21385511 : EXECUTING
12:33:51 INFO  State of operation 21385511 : EXECUTING
12:33:53 INFO  State of operation 21385511 : EXECUTING
12:33:56 INFO  State of operation 21385511 : EXECUTING
12:33:59 INFO  State of operation 21385511 : EXECUTING
12:34:01 INFO  State of operation 21385511 : EXECUTING
12:34:03 INFO  State of operation 21385511 : EXECUTING
12:34:06 INFO  State of operation 21385511 : EXECUTING
12:34:08 INFO  State of operation 21385511 : EXECUTING
12:34:10 INFO  State of operation 21385511 : EXECUTING
12:34:12 INFO  State of operation 21385511 : EXECUTING
12:34:15 INFO  State of operation 21385511 : EXECUTING
12:34:17 INFO  State of operation 21385511 : EXECUTING
12:34:19 INFO  State of operation 21385511 : EXECUTING
12:34:22 INFO  State of operation 21385511 : EXECUTING
12:34:25 INFO  State of operation 21385511 : EXECUTING
12:34:27 INFO  State of operation 21385511 : EXECUTING
12:34:29 INFO  State of operation 21385511 : EXECUTING
12:34:31 INFO  State of operation 21385511 : EXECUTING
12:34:34 INFO  State of operation 21385511 : EXECUTING
12:34:36 INFO  State of operation 21385511 : EXECUTING
12:34:39 INFO  State of operation 21385511 : EXECUTING
12:34:41 INFO  State of operation 21385511 : EXECUTING
12:34:43 INFO  State of operation 21385511 : EXECUTING
12:34:45 INFO  State of operation 21385511 : SUCCESSFUL
12:34:46 INFO  Assert that (False == value) with value=False ... passed
12:34:46 INFO  Assert that (False == value) with value=False ... passed
12:34:46 INFO  Assert that (False == value) with value=False ... passed
12:34:46 INFO  Assert that (False == value) with value=False ... passed
12:34:46 INFO  
12:34:46 INFO  cleanup:
12:34:50 INFO  Executed sudo&lt;tedge_disconnect_c8y&gt;, exit status 0
12:34:51 INFO  Executed systemctl&lt;serv_mapper5&gt;, exit status 3
12:34:51 INFO  
12:34:51 INFO  Test duration: 180.46 secs
12:34:51 INFO  Test final outcome:  FAILED
12:34:51 INFO  Test outcome reason: Assert that (False == value) with value=True
12:34:51 INFO  
</system-out>
	</testcase>
</testsuite>
