<?xml version="1.0" encoding="utf-8"?>
<testsuite failures="1" name="SoftwareManagement.sm_apt_install_remove" skipped="0" tests="1" time="166.24" timestamp="2022-06-02T09:15:06">
	<testcase classname="PySysTest" name="SoftwareManagement.sm_apt_install_remove">
		<failure message="BLOCKED: SystemError: Timeout while waiting for status FAILED or SUCCESSFUL" type="BLOCKED"/>
		<system-out>09:12:19 INFO  ==============================================================
09:12:19 INFO  Id:    SoftwareManagement.sm_apt_install_remove
09:12:19 INFO  Dir:   software_management_end_to_end/
09:12:19 INFO  Title: Validate end to end behaviour for the apt plugin for installation and removal of packages
09:12:19 INFO  ==============================================================
09:12:19 INFO  Using sw id database: {'asciijump': '5475369', 'robotfindskitten': '5474869', 'squirrel3': '5475279', 'rolldice': '5152439', 'moon-buggy': '5439204', 'apple': '5495053', 'banana': '5494888', 'cherry': '5495382', 'watermelon': '5494510', 'registry': '8018911', 'hello-world': '8021526', 'docker/getting-started': '8021973', 'alpine': '7991792'}
09:12:19 INFO  EnvironmentC8y Setup
09:12:20 INFO  Executed systemctl&lt;serv_mapper1&gt;, exit status 3
09:12:20 INFO  Restarting mosquitto too frequently in the last 10 seconds. It was only up for 4 seconds
09:12:20 INFO  Delaying execution by 7 seconds
09:12:41 INFO  Executed sudo&lt;tedge_connect_c8y&gt;, exit status 0, duration 13 secs
09:12:41 INFO  Executed sudo&lt;tedge_connect_c8y_test&gt;, exit status 0
09:12:42 INFO  Executed systemctl&lt;serv_mosq2&gt;, exit status 0
09:12:42 INFO  Executed systemctl&lt;serv_mapper3&gt;, exit status 0
09:12:44 INFO  State of current operation: PENDING
09:12:47 INFO  State of current operation: PENDING
09:12:49 INFO  State of current operation: PENDING
09:12:51 INFO  State of current operation: PENDING
09:12:53 INFO  State of current operation: PENDING
09:12:56 INFO  State of current operation: PENDING
09:12:58 INFO  State of current operation: PENDING
09:13:00 INFO  State of current operation: PENDING
09:13:02 INFO  State of current operation: PENDING
09:13:05 INFO  State of current operation: PENDING
09:13:07 INFO  State of current operation: PENDING
09:13:09 INFO  State of current operation: PENDING
09:13:11 INFO  State of current operation: PENDING
09:13:14 INFO  State of current operation: PENDING
09:13:16 INFO  State of current operation: PENDING
09:13:18 INFO  State of current operation: PENDING
09:13:20 INFO  State of current operation: PENDING
09:13:22 INFO  State of current operation: PENDING
09:13:25 INFO  State of current operation: PENDING
09:13:27 INFO  State of current operation: PENDING
09:13:29 INFO  State of current operation: PENDING
09:13:31 INFO  State of current operation: PENDING
09:13:34 INFO  State of current operation: PENDING
09:13:36 INFO  State of current operation: PENDING
09:13:38 INFO  State of current operation: PENDING
09:13:40 INFO  State of current operation: PENDING
09:13:43 INFO  State of current operation: PENDING
09:13:45 INFO  State of current operation: PENDING
09:13:47 INFO  State of current operation: PENDING
09:13:49 INFO  State of current operation: PENDING
09:13:52 INFO  State of current operation: PENDING
09:13:54 INFO  State of current operation: PENDING
09:13:56 INFO  State of current operation: PENDING
09:13:58 INFO  State of current operation: PENDING
09:14:01 INFO  State of current operation: PENDING
09:14:03 INFO  State of current operation: PENDING
09:14:05 INFO  State of current operation: PENDING
09:14:07 INFO  State of current operation: PENDING
09:14:09 INFO  State of current operation: PENDING
09:14:12 INFO  State of current operation: PENDING
09:14:14 INFO  State of current operation: PENDING
09:14:16 INFO  State of current operation: PENDING
09:14:18 INFO  State of current operation: PENDING
09:14:21 INFO  State of current operation: PENDING
09:14:23 INFO  State of current operation: PENDING
09:14:25 INFO  State of current operation: PENDING
09:14:27 INFO  State of current operation: PENDING
09:14:30 INFO  State of current operation: PENDING
09:14:32 INFO  State of current operation: PENDING
09:14:34 INFO  State of current operation: PENDING
09:14:37 INFO  State of current operation: PENDING
09:14:39 INFO  State of current operation: PENDING
09:14:41 INFO  State of current operation: PENDING
09:14:43 INFO  State of current operation: PENDING
09:14:45 INFO  State of current operation: PENDING
09:14:48 INFO  State of current operation: PENDING
09:14:50 INFO  State of current operation: PENDING
09:14:52 INFO  State of current operation: PENDING
09:14:54 INFO  State of current operation: PENDING
09:14:57 INFO  State of current operation: PENDING
09:14:59 INFO  State of current operation: PENDING
09:15:01 WARN  SystemError occurred while running test - Timeout while waiting for status FAILED or SUCCESSFUL
Traceback (most recent call last):
  File &quot;/home/pi/env-pysys/lib/python3.7/site-packages/pysys/baserunner.py&quot;, line 1292, in __call__
    self.testObj.setup()
  File &quot;/home/pi/actions-runner/_work/thin-edge.io/thin-edge.io/tests/PySys/software_management_end_to_end/sm_apt_install_remove/run.py&quot;, line 27, in setup
    super().setup()
  File &quot;/home/pi/actions-runner/_work/thin-edge.io/thin-edge.io/tests/PySys/software_management_end_to_end/environment_sm_management.py&quot;, line 151, in setup
    self.wait_until_end()
  File &quot;/home/pi/actions-runner/_work/thin-edge.io/thin-edge.io/tests/PySys/software_management_end_to_end/environment_sm_management.py&quot;, line 332, in wait_until_end
    self.wait_until_status(&quot;FAILED&quot;, &quot;SUCCESSFUL&quot;)
  File &quot;/home/pi/actions-runner/_work/thin-edge.io/thin-edge.io/tests/PySys/software_management_end_to_end/environment_sm_management.py&quot;, line 381, in wait_until_status
    &quot;Timeout while waiting for status %s or %s&quot; % (status, status2)
SystemError: Timeout while waiting for status FAILED or SUCCESSFUL
09:15:01 WARN  SystemError: Timeout while waiting for status FAILED or SUCCESSFUL ... blocked 
09:15:01 INFO  
09:15:01 INFO  cleanup:
09:15:05 INFO  Executed sudo&lt;tedge_disconnect_c8y&gt;, exit status 0
09:15:06 INFO  Executed systemctl&lt;serv_mapper5&gt;, exit status 3
09:15:06 INFO  
09:15:06 INFO  Test duration: 166.24 secs
09:15:06 INFO  Test final outcome:  BLOCKED
09:15:06 INFO  Test outcome reason: SystemError: Timeout while waiting for status FAILED or SUCCESSFUL
09:15:06 INFO  
</system-out>
	</testcase>
</testsuite>
