<?xml version="1.0" encoding="utf-8"?>
<testsuite failures="1" name="SoftwareManagement.sm_apt_install_remove_multiple" skipped="0" tests="1" time="180.69" timestamp="2022-07-22T08:10:01">
	<testcase classname="PySysTest" name="SoftwareManagement.sm_apt_install_remove_multiple">
		<failure message="FAILED: Assert that (False == value) with value=True" type="FAILED"/>
		<system-out>08:07:00 INFO  ==============================================================
08:07:00 INFO  Id:    SoftwareManagement.sm_apt_install_remove_multiple
08:07:00 INFO  Dir:   software_management_end_to_end/
08:07:00 INFO  Title: Validate end to end behaviour for the apt plugin for multiple packages
08:07:00 INFO  ==============================================================
08:07:00 INFO  Using sw id database: {'asciijump': '5475369', 'robotfindskitten': '5474869', 'squirrel3': '5475279', 'rolldice': '5152439', 'moon-buggy': '5439204', 'apple': '5495053', 'banana': '5494888', 'cherry': '5495382', 'watermelon': '5494510', 'registry': '8018911', 'hello-world': '8021526', 'docker/getting-started': '8021973', 'alpine': '7991792'}
08:07:00 INFO  EnvironmentC8y Setup
08:07:01 INFO  Executed systemctl&lt;serv_mapper1&gt;, exit status 3
08:07:01 INFO  Restarting mosquitto too frequently in the last 10 seconds. It was only up for 4 seconds
08:07:01 INFO  Delaying execution by 7 seconds
08:07:22 INFO  Executed sudo&lt;tedge_connect_c8y&gt;, exit status 0, duration 13 secs
08:07:22 INFO  Executed sudo&lt;tedge_connect_c8y_test&gt;, exit status 0
08:07:23 INFO  Executed systemctl&lt;serv_mosq2&gt;, exit status 0
08:07:23 INFO  Executed systemctl&lt;serv_mapper3&gt;, exit status 0
08:07:26 INFO  State of current operation: SUCCESSFUL
08:07:26 INFO  Assert that (False == value) with value=False ... passed
08:07:26 INFO  Assert that (False == value) with value=False ... passed
08:07:26 INFO  Assert that (False == value) with value=False ... passed
08:07:27 INFO  Package robotfindskitten is installed
08:07:27 WARN  Assert that (False == value) with value=True ... failed 
08:07:27 INFO  Response status: 201
08:07:27 INFO  Response to action: {
    &quot;creationTime&quot;: &quot;2022-07-22T08:07:27.444Z&quot;,
    &quot;deviceId&quot;: &quot;21231606&quot;,
    &quot;deviceName&quot;: &quot;m32sd10a&quot;,
    &quot;self&quot;: &quot;https://t493319102.eu-latest.cumulocity.com/devicecontrol/operations/21261049&quot;,
    &quot;id&quot;: &quot;21261049&quot;,
    &quot;status&quot;: &quot;PENDING&quot;,
    &quot;description&quot;: &quot;Apply software changes, triggered from PySys: [{'action': 'install', 'id': '5475369', 'name': 'asciijump', 'url': ' ', 'version': '::apt'}, {'action': 'install', 'id': '5474869', 'name': 'robotfindskitten', 'url': ' ', 'version': '::apt'}, {'action': 'install', 'id': '5475279', 'name': 'squirrel3', 'url': ' ', 'version': '::apt'}]&quot;,
    &quot;c8y_SoftwareUpdate&quot;: [
        {
            &quot;name&quot;: &quot;asciijump&quot;,
            &quot;action&quot;: &quot;install&quot;,
            &quot;id&quot;: &quot;5475369&quot;,
            &quot;version&quot;: &quot;::apt&quot;,
            &quot;url&quot;: &quot; &quot;
        },
        {
            &quot;name&quot;: &quot;robotfindskitten&quot;,
            &quot;action&quot;: &quot;install&quot;,
            &quot;id&quot;: &quot;5474869&quot;,
            &quot;version&quot;: &quot;::apt&quot;,
            &quot;url&quot;: &quot; &quot;
        },
        {
            &quot;name&quot;: &quot;squirrel3&quot;,
            &quot;action&quot;: &quot;install&quot;,
            &quot;id&quot;: &quot;5475279&quot;,
            &quot;version&quot;: &quot;::apt&quot;,
            &quot;url&quot;: &quot; &quot;
        }
    ]
}
08:07:27 INFO  Started operation: {'creationTime': '2022-07-22T08:07:27.444Z', 'deviceId': '21231606', 'deviceName': 'm32sd10a', 'self': 'https://t493319102.eu-latest.cumulocity.com/devicecontrol/operations/21261049', 'id': '21261049', 'status': 'PENDING', 'description': &quot;Apply software changes, triggered from PySys: [{'action': 'install', 'id': '5475369', 'name': 'asciijump', 'url': ' ', 'version': '::apt'}, {'action': 'install', 'id': '5474869', 'name': 'robotfindskitten', 'url': ' ', 'version': '::apt'}, {'action': 'install', 'id': '5475279', 'name': 'squirrel3', 'url': ' ', 'version': '::apt'}]&quot;, 'c8y_SoftwareUpdate': [{'name': 'asciijump', 'action': 'install', 'id': '5475369', 'version': '::apt', 'url': ' '}, {'name': 'robotfindskitten', 'action': 'install', 'id': '5474869', 'version': '::apt', 'url': ' '}, {'name': 'squirrel3', 'action': 'install', 'id': '5475279', 'version': '::apt', 'url': ' '}]}
08:07:29 INFO  State of operation 21261049 : PENDING
08:07:31 INFO  State of operation 21261049 : EXECUTING
08:07:34 INFO  State of operation 21261049 : EXECUTING
08:07:36 INFO  State of operation 21261049 : EXECUTING
08:07:38 INFO  State of operation 21261049 : EXECUTING
08:07:40 INFO  State of operation 21261049 : EXECUTING
08:07:43 INFO  State of operation 21261049 : EXECUTING
08:07:46 INFO  State of operation 21261049 : EXECUTING
08:07:48 INFO  State of operation 21261049 : EXECUTING
08:07:51 INFO  State of operation 21261049 : EXECUTING
08:07:53 INFO  State of operation 21261049 : EXECUTING
08:07:55 INFO  State of operation 21261049 : EXECUTING
08:07:57 INFO  State of operation 21261049 : EXECUTING
08:08:00 INFO  State of operation 21261049 : EXECUTING
08:08:02 INFO  State of operation 21261049 : EXECUTING
08:08:04 INFO  State of operation 21261049 : EXECUTING
08:08:07 INFO  State of operation 21261049 : EXECUTING
08:08:09 INFO  State of operation 21261049 : EXECUTING
08:08:12 INFO  State of operation 21261049 : EXECUTING
08:08:14 INFO  State of operation 21261049 : EXECUTING
08:08:16 INFO  State of operation 21261049 : EXECUTING
08:08:19 INFO  State of operation 21261049 : EXECUTING
08:08:21 INFO  State of operation 21261049 : EXECUTING
08:08:23 INFO  State of operation 21261049 : EXECUTING
08:08:26 INFO  State of operation 21261049 : EXECUTING
08:08:28 INFO  State of operation 21261049 : EXECUTING
08:08:30 INFO  State of operation 21261049 : EXECUTING
08:08:33 INFO  State of operation 21261049 : EXECUTING
08:08:35 INFO  State of operation 21261049 : EXECUTING
08:08:37 INFO  State of operation 21261049 : EXECUTING
08:08:40 INFO  State of operation 21261049 : EXECUTING
08:08:42 INFO  State of operation 21261049 : EXECUTING
08:08:44 INFO  State of operation 21261049 : EXECUTING
08:08:46 INFO  State of operation 21261049 : EXECUTING
08:08:49 INFO  State of operation 21261049 : SUCCESSFUL
08:08:49 INFO  Assert that (False == value) with value=False ... passed
08:08:49 INFO  Package asciijump is installed
08:08:49 INFO  Assert that (True == value) with value=True ... passed
08:08:49 INFO  Package squirrel3 is installed
08:08:49 INFO  Assert that (True == value) with value=True ... passed
08:08:49 INFO  Package robotfindskitten is installed
08:08:49 INFO  Assert that (True == value) with value=True ... passed
08:08:50 INFO  Response status: 201
08:08:50 INFO  Response to action: {
    &quot;creationTime&quot;: &quot;2022-07-22T08:08:50.162Z&quot;,
    &quot;deviceId&quot;: &quot;21231606&quot;,
    &quot;deviceName&quot;: &quot;m32sd10a&quot;,
    &quot;self&quot;: &quot;https://t493319102.eu-latest.cumulocity.com/devicecontrol/operations/21261061&quot;,
    &quot;id&quot;: &quot;21261061&quot;,
    &quot;status&quot;: &quot;PENDING&quot;,
    &quot;description&quot;: &quot;Apply software changes, triggered from PySys: [{'action': 'delete', 'id': '5475369', 'name': 'asciijump', 'url': ' ', 'version': '::apt'}, {'action': 'delete', 'id': '5474869', 'name': 'robotfindskitten', 'url': ' ', 'version': '::apt'}, {'action': 'delete', 'id': '5475279', 'name': 'squirrel3', 'url': ' ', 'version': '::apt'}]&quot;,
    &quot;c8y_SoftwareUpdate&quot;: [
        {
            &quot;name&quot;: &quot;asciijump&quot;,
            &quot;action&quot;: &quot;delete&quot;,
            &quot;id&quot;: &quot;5475369&quot;,
            &quot;version&quot;: &quot;::apt&quot;,
            &quot;url&quot;: &quot; &quot;
        },
        {
            &quot;name&quot;: &quot;robotfindskitten&quot;,
            &quot;action&quot;: &quot;delete&quot;,
            &quot;id&quot;: &quot;5474869&quot;,
            &quot;version&quot;: &quot;::apt&quot;,
            &quot;url&quot;: &quot; &quot;
        },
        {
            &quot;name&quot;: &quot;squirrel3&quot;,
            &quot;action&quot;: &quot;delete&quot;,
            &quot;id&quot;: &quot;5475279&quot;,
            &quot;version&quot;: &quot;::apt&quot;,
            &quot;url&quot;: &quot; &quot;
        }
    ]
}
08:08:50 INFO  Started operation: {'creationTime': '2022-07-22T08:08:50.162Z', 'deviceId': '21231606', 'deviceName': 'm32sd10a', 'self': 'https://t493319102.eu-latest.cumulocity.com/devicecontrol/operations/21261061', 'id': '21261061', 'status': 'PENDING', 'description': &quot;Apply software changes, triggered from PySys: [{'action': 'delete', 'id': '5475369', 'name': 'asciijump', 'url': ' ', 'version': '::apt'}, {'action': 'delete', 'id': '5474869', 'name': 'robotfindskitten', 'url': ' ', 'version': '::apt'}, {'action': 'delete', 'id': '5475279', 'name': 'squirrel3', 'url': ' ', 'version': '::apt'}]&quot;, 'c8y_SoftwareUpdate': [{'name': 'asciijump', 'action': 'delete', 'id': '5475369', 'version': '::apt', 'url': ' '}, {'name': 'robotfindskitten', 'action': 'delete', 'id': '5474869', 'version': '::apt', 'url': ' '}, {'name': 'squirrel3', 'action': 'delete', 'id': '5475279', 'version': '::apt', 'url': ' '}]}
08:08:52 INFO  State of operation 21261061 : PENDING
08:08:54 INFO  State of operation 21261061 : EXECUTING
08:08:56 INFO  State of operation 21261061 : EXECUTING
08:08:59 INFO  State of operation 21261061 : EXECUTING
08:09:01 INFO  State of operation 21261061 : EXECUTING
08:09:03 INFO  State of operation 21261061 : EXECUTING
08:09:06 INFO  State of operation 21261061 : EXECUTING
08:09:09 INFO  State of operation 21261061 : EXECUTING
08:09:11 INFO  State of operation 21261061 : EXECUTING
08:09:13 INFO  State of operation 21261061 : EXECUTING
08:09:15 INFO  State of operation 21261061 : EXECUTING
08:09:18 INFO  State of operation 21261061 : EXECUTING
08:09:20 INFO  State of operation 21261061 : EXECUTING
08:09:22 INFO  State of operation 21261061 : EXECUTING
08:09:24 INFO  State of operation 21261061 : EXECUTING
08:09:27 INFO  State of operation 21261061 : EXECUTING
08:09:29 INFO  State of operation 21261061 : EXECUTING
08:09:32 INFO  State of operation 21261061 : EXECUTING
08:09:34 INFO  State of operation 21261061 : EXECUTING
08:09:37 INFO  State of operation 21261061 : EXECUTING
08:09:39 INFO  State of operation 21261061 : EXECUTING
08:09:41 INFO  State of operation 21261061 : EXECUTING
08:09:43 INFO  State of operation 21261061 : EXECUTING
08:09:46 INFO  State of operation 21261061 : EXECUTING
08:09:48 INFO  State of operation 21261061 : EXECUTING
08:09:51 INFO  State of operation 21261061 : EXECUTING
08:09:53 INFO  State of operation 21261061 : EXECUTING
08:09:55 INFO  State of operation 21261061 : SUCCESSFUL
08:09:56 INFO  Assert that (False == value) with value=False ... passed
08:09:56 INFO  Assert that (False == value) with value=False ... passed
08:09:56 INFO  Assert that (False == value) with value=False ... passed
08:09:56 INFO  Assert that (False == value) with value=False ... passed
08:09:56 INFO  
08:09:56 INFO  cleanup:
08:10:00 INFO  Executed sudo&lt;tedge_disconnect_c8y&gt;, exit status 0
08:10:01 INFO  Executed systemctl&lt;serv_mapper5&gt;, exit status 3
08:10:01 INFO  
08:10:01 INFO  Test duration: 180.69 secs
08:10:01 INFO  Test final outcome:  FAILED
08:10:01 INFO  Test outcome reason: Assert that (False == value) with value=True
08:10:01 INFO  
</system-out>
	</testcase>
</testsuite>
