<?xml version="1.0" encoding="utf-8"?>
<testsuite failures="1" name="SoftwareManagement.sm_apt_install_remove_multiple" skipped="0" tests="1" time="186.72" timestamp="2022-06-08T12:12:58">
	<testcase classname="PySysTest" name="SoftwareManagement.sm_apt_install_remove_multiple">
		<failure message="FAILED: Assert that (False == value) with value=True" type="FAILED"/>
		<system-out>12:09:51 INFO  ==============================================================
12:09:51 INFO  Id:    SoftwareManagement.sm_apt_install_remove_multiple
12:09:51 INFO  Dir:   software_management_end_to_end/
12:09:51 INFO  Title: Validate end to end behaviour for the apt plugin for multiple packages
12:09:51 INFO  ==============================================================
12:09:51 INFO  Using sw id database: {'asciijump': '5475369', 'robotfindskitten': '5474869', 'squirrel3': '5475279', 'rolldice': '5152439', 'moon-buggy': '5439204', 'apple': '5495053', 'banana': '5494888', 'cherry': '5495382', 'watermelon': '5494510', 'registry': '8018911', 'hello-world': '8021526', 'docker/getting-started': '8021973', 'alpine': '7991792'}
12:09:51 INFO  EnvironmentC8y Setup
12:09:52 INFO  Executed systemctl&lt;serv_mapper1&gt;, exit status 3
12:09:52 INFO  Restarting mosquitto too frequently in the last 10 seconds. It was only up for 4 seconds
12:09:52 INFO  Delaying execution by 7 seconds
12:10:15 INFO  Executed sudo&lt;tedge_connect_c8y&gt;, exit status 0, duration 15 secs
12:10:16 INFO  Executed sudo&lt;tedge_connect_c8y_test&gt;, exit status 0
12:10:16 INFO  Executed systemctl&lt;serv_mosq2&gt;, exit status 0
12:10:17 INFO  Executed systemctl&lt;serv_mapper3&gt;, exit status 0
12:10:19 INFO  State of current operation: SUCCESSFUL
12:10:20 INFO  Assert that (False == value) with value=False ... passed
12:10:20 INFO  Assert that (False == value) with value=False ... passed
12:10:20 INFO  Assert that (False == value) with value=False ... passed
12:10:20 INFO  Package robotfindskitten is installed
12:10:20 WARN  Assert that (False == value) with value=True ... failed 
12:10:21 INFO  Response status: 201
12:10:21 INFO  Response to action: {
    &quot;creationTime&quot;: &quot;2022-06-08T12:10:20.939Z&quot;,
    &quot;deviceId&quot;: &quot;20013420&quot;,
    &quot;deviceName&quot;: &quot;m32sd10a&quot;,
    &quot;self&quot;: &quot;https://t493319102.eu-latest.cumulocity.com/devicecontrol/operations/20043065&quot;,
    &quot;id&quot;: &quot;20043065&quot;,
    &quot;status&quot;: &quot;PENDING&quot;,
    &quot;description&quot;: &quot;Apply software changes, triggered from PySys: [{'action': 'install', 'id': '5475369', 'name': 'asciijump', 'url': ' ', 'version': '::apt'}, {'action': 'install', 'id': '5474869', 'name': 'robotfindskitten', 'url': ' ', 'version': '::apt'}, {'action': 'install', 'id': '5475279', 'name': 'squirrel3', 'url': ' ', 'version': '::apt'}]&quot;,
    &quot;c8y_SoftwareUpdate&quot;: [
        {
            &quot;name&quot;: &quot;asciijump&quot;,
            &quot;action&quot;: &quot;install&quot;,
            &quot;id&quot;: &quot;5475369&quot;,
            &quot;version&quot;: &quot;::apt&quot;,
            &quot;url&quot;: &quot; &quot;
        },
        {
            &quot;name&quot;: &quot;robotfindskitten&quot;,
            &quot;action&quot;: &quot;install&quot;,
            &quot;id&quot;: &quot;5474869&quot;,
            &quot;version&quot;: &quot;::apt&quot;,
            &quot;url&quot;: &quot; &quot;
        },
        {
            &quot;name&quot;: &quot;squirrel3&quot;,
            &quot;action&quot;: &quot;install&quot;,
            &quot;id&quot;: &quot;5475279&quot;,
            &quot;version&quot;: &quot;::apt&quot;,
            &quot;url&quot;: &quot; &quot;
        }
    ]
}
12:10:21 INFO  Started operation: {'creationTime': '2022-06-08T12:10:20.939Z', 'deviceId': '20013420', 'deviceName': 'm32sd10a', 'self': 'https://t493319102.eu-latest.cumulocity.com/devicecontrol/operations/20043065', 'id': '20043065', 'status': 'PENDING', 'description': &quot;Apply software changes, triggered from PySys: [{'action': 'install', 'id': '5475369', 'name': 'asciijump', 'url': ' ', 'version': '::apt'}, {'action': 'install', 'id': '5474869', 'name': 'robotfindskitten', 'url': ' ', 'version': '::apt'}, {'action': 'install', 'id': '5475279', 'name': 'squirrel3', 'url': ' ', 'version': '::apt'}]&quot;, 'c8y_SoftwareUpdate': [{'name': 'asciijump', 'action': 'install', 'id': '5475369', 'version': '::apt', 'url': ' '}, {'name': 'robotfindskitten', 'action': 'install', 'id': '5474869', 'version': '::apt', 'url': ' '}, {'name': 'squirrel3', 'action': 'install', 'id': '5475279', 'version': '::apt', 'url': ' '}]}
12:10:23 INFO  State of operation 20043065 : PENDING
12:10:25 INFO  State of operation 20043065 : EXECUTING
12:10:27 INFO  State of operation 20043065 : EXECUTING
12:10:29 INFO  State of operation 20043065 : EXECUTING
12:10:32 INFO  State of operation 20043065 : EXECUTING
12:10:34 INFO  State of operation 20043065 : EXECUTING
12:10:37 INFO  State of operation 20043065 : EXECUTING
12:10:40 INFO  State of operation 20043065 : EXECUTING
12:10:42 INFO  State of operation 20043065 : EXECUTING
12:10:44 INFO  State of operation 20043065 : EXECUTING
12:10:47 INFO  State of operation 20043065 : EXECUTING
12:10:49 INFO  State of operation 20043065 : EXECUTING
12:10:51 INFO  State of operation 20043065 : EXECUTING
12:10:53 INFO  State of operation 20043065 : EXECUTING
12:10:56 INFO  State of operation 20043065 : EXECUTING
12:10:58 INFO  State of operation 20043065 : EXECUTING
12:11:00 INFO  State of operation 20043065 : EXECUTING
12:11:03 INFO  State of operation 20043065 : EXECUTING
12:11:05 INFO  State of operation 20043065 : EXECUTING
12:11:07 INFO  State of operation 20043065 : EXECUTING
12:11:10 INFO  State of operation 20043065 : EXECUTING
12:11:12 INFO  State of operation 20043065 : EXECUTING
12:11:14 INFO  State of operation 20043065 : EXECUTING
12:11:17 INFO  State of operation 20043065 : EXECUTING
12:11:19 INFO  State of operation 20043065 : EXECUTING
12:11:22 INFO  State of operation 20043065 : EXECUTING
12:11:24 INFO  State of operation 20043065 : EXECUTING
12:11:26 INFO  State of operation 20043065 : EXECUTING
12:11:29 INFO  State of operation 20043065 : EXECUTING
12:11:31 INFO  State of operation 20043065 : EXECUTING
12:11:34 INFO  State of operation 20043065 : EXECUTING
12:11:36 INFO  State of operation 20043065 : EXECUTING
12:11:38 INFO  State of operation 20043065 : EXECUTING
12:11:41 INFO  State of operation 20043065 : EXECUTING
12:11:43 INFO  State of operation 20043065 : SUCCESSFUL
12:11:43 INFO  Assert that (False == value) with value=False ... passed
12:11:43 INFO  Package asciijump is installed
12:11:43 INFO  Assert that (True == value) with value=True ... passed
12:11:43 INFO  Package squirrel3 is installed
12:11:43 INFO  Assert that (True == value) with value=True ... passed
12:11:44 INFO  Package robotfindskitten is installed
12:11:44 INFO  Assert that (True == value) with value=True ... passed
12:11:44 INFO  Response status: 201
12:11:44 INFO  Response to action: {
    &quot;creationTime&quot;: &quot;2022-06-08T12:11:44.402Z&quot;,
    &quot;deviceId&quot;: &quot;20013420&quot;,
    &quot;deviceName&quot;: &quot;m32sd10a&quot;,
    &quot;self&quot;: &quot;https://t493319102.eu-latest.cumulocity.com/devicecontrol/operations/20043077&quot;,
    &quot;id&quot;: &quot;20043077&quot;,
    &quot;status&quot;: &quot;PENDING&quot;,
    &quot;description&quot;: &quot;Apply software changes, triggered from PySys: [{'action': 'delete', 'id': '5475369', 'name': 'asciijump', 'url': ' ', 'version': '::apt'}, {'action': 'delete', 'id': '5474869', 'name': 'robotfindskitten', 'url': ' ', 'version': '::apt'}, {'action': 'delete', 'id': '5475279', 'name': 'squirrel3', 'url': ' ', 'version': '::apt'}]&quot;,
    &quot;c8y_SoftwareUpdate&quot;: [
        {
            &quot;name&quot;: &quot;asciijump&quot;,
            &quot;action&quot;: &quot;delete&quot;,
            &quot;id&quot;: &quot;5475369&quot;,
            &quot;version&quot;: &quot;::apt&quot;,
            &quot;url&quot;: &quot; &quot;
        },
        {
            &quot;name&quot;: &quot;robotfindskitten&quot;,
            &quot;action&quot;: &quot;delete&quot;,
            &quot;id&quot;: &quot;5474869&quot;,
            &quot;version&quot;: &quot;::apt&quot;,
            &quot;url&quot;: &quot; &quot;
        },
        {
            &quot;name&quot;: &quot;squirrel3&quot;,
            &quot;action&quot;: &quot;delete&quot;,
            &quot;id&quot;: &quot;5475279&quot;,
            &quot;version&quot;: &quot;::apt&quot;,
            &quot;url&quot;: &quot; &quot;
        }
    ]
}
12:11:44 INFO  Started operation: {'creationTime': '2022-06-08T12:11:44.402Z', 'deviceId': '20013420', 'deviceName': 'm32sd10a', 'self': 'https://t493319102.eu-latest.cumulocity.com/devicecontrol/operations/20043077', 'id': '20043077', 'status': 'PENDING', 'description': &quot;Apply software changes, triggered from PySys: [{'action': 'delete', 'id': '5475369', 'name': 'asciijump', 'url': ' ', 'version': '::apt'}, {'action': 'delete', 'id': '5474869', 'name': 'robotfindskitten', 'url': ' ', 'version': '::apt'}, {'action': 'delete', 'id': '5475279', 'name': 'squirrel3', 'url': ' ', 'version': '::apt'}]&quot;, 'c8y_SoftwareUpdate': [{'name': 'asciijump', 'action': 'delete', 'id': '5475369', 'version': '::apt', 'url': ' '}, {'name': 'robotfindskitten', 'action': 'delete', 'id': '5474869', 'version': '::apt', 'url': ' '}, {'name': 'squirrel3', 'action': 'delete', 'id': '5475279', 'version': '::apt', 'url': ' '}]}
12:11:46 INFO  State of operation 20043077 : PENDING
12:11:48 INFO  State of operation 20043077 : EXECUTING
12:11:51 INFO  State of operation 20043077 : EXECUTING
12:11:53 INFO  State of operation 20043077 : EXECUTING
12:11:55 INFO  State of operation 20043077 : EXECUTING
12:11:57 INFO  State of operation 20043077 : EXECUTING
12:12:01 INFO  State of operation 20043077 : EXECUTING
12:12:03 INFO  State of operation 20043077 : EXECUTING
12:12:06 INFO  State of operation 20043077 : EXECUTING
12:12:08 INFO  State of operation 20043077 : EXECUTING
12:12:10 INFO  State of operation 20043077 : EXECUTING
12:12:13 INFO  State of operation 20043077 : EXECUTING
12:12:15 INFO  State of operation 20043077 : EXECUTING
12:12:17 INFO  State of operation 20043077 : EXECUTING
12:12:19 INFO  State of operation 20043077 : EXECUTING
12:12:22 INFO  State of operation 20043077 : EXECUTING
12:12:24 INFO  State of operation 20043077 : EXECUTING
12:12:27 INFO  State of operation 20043077 : EXECUTING
12:12:29 INFO  State of operation 20043077 : EXECUTING
12:12:31 INFO  State of operation 20043077 : EXECUTING
12:12:34 INFO  State of operation 20043077 : EXECUTING
12:12:36 INFO  State of operation 20043077 : EXECUTING
12:12:38 INFO  State of operation 20043077 : EXECUTING
12:12:40 INFO  State of operation 20043077 : EXECUTING
12:12:43 INFO  State of operation 20043077 : EXECUTING
12:12:46 INFO  State of operation 20043077 : EXECUTING
12:12:48 INFO  State of operation 20043077 : EXECUTING
12:12:50 INFO  State of operation 20043077 : EXECUTING
12:12:52 INFO  State of operation 20043077 : SUCCESSFUL
12:12:53 INFO  Assert that (False == value) with value=False ... passed
12:12:53 INFO  Assert that (False == value) with value=False ... passed
12:12:53 INFO  Assert that (False == value) with value=False ... passed
12:12:53 INFO  Assert that (False == value) with value=False ... passed
12:12:53 INFO  
12:12:53 INFO  cleanup:
12:12:57 INFO  Executed sudo&lt;tedge_disconnect_c8y&gt;, exit status 0
12:12:58 INFO  Executed systemctl&lt;serv_mapper5&gt;, exit status 3
12:12:58 INFO  
12:12:58 INFO  Test duration: 186.72 secs
12:12:58 INFO  Test final outcome:  FAILED
12:12:58 INFO  Test outcome reason: Assert that (False == value) with value=True
12:12:58 INFO  
</system-out>
	</testcase>
</testsuite>
