<?xml version="1.0" encoding="utf-8"?>
<testsuite failures="0" name="apt_finalize" skipped="0" tests="1" time="153.82" timestamp="2022-06-17T08:54:31">
	<testcase classname="AptPluginFinalize" name="apt_finalize"/>
</testsuite>
