<?xml version="1.0" encoding="utf-8"?>
<testsuite failures="0" name="apt_finalize" skipped="0" tests="1" time="152.2" timestamp="2022-05-20T09:53:18">
	<testcase classname="AptPluginFinalize" name="apt_finalize"/>
</testsuite>
