<?xml version="1.0" encoding="utf-8"?>
<testsuite failures="1" name="SoftwareManagement.sm_apt_install_remove" skipped="0" tests="1" time="164.56" timestamp="2022-05-25T11:33:15">
	<testcase classname="PySysTest" name="SoftwareManagement.sm_apt_install_remove">
		<failure message="BLOCKED: SystemError: Timeout while waiting for status FAILED or SUCCESSFUL" type="BLOCKED"/>
		<system-out>11:30:30 INFO  ==============================================================
11:30:30 INFO  Id:    SoftwareManagement.sm_apt_install_remove
11:30:30 INFO  Dir:   software_management_end_to_end/
11:30:30 INFO  Title: Validate end to end behaviour for the apt plugin for installation and removal of packages
11:30:30 INFO  ==============================================================
11:30:30 INFO  Using sw id database: {'asciijump': '5475369', 'robotfindskitten': '5474869', 'squirrel3': '5475279', 'rolldice': '5152439', 'moon-buggy': '5439204', 'apple': '5495053', 'banana': '5494888', 'cherry': '5495382', 'watermelon': '5494510', 'registry': '8018911', 'hello-world': '8021526', 'docker/getting-started': '8021973', 'alpine': '7991792'}
11:30:30 INFO  EnvironmentC8y Setup
11:30:31 INFO  Executed systemctl&lt;serv_mapper1&gt;, exit status 3
11:30:31 INFO  Restarting mosquitto too frequently in the last 10 seconds. It was only up for 6 seconds
11:30:31 INFO  Delaying execution by 5 seconds
11:30:50 INFO  Executed sudo&lt;tedge_connect_c8y&gt;, exit status 0, duration 13 secs
11:30:50 INFO  Executed sudo&lt;tedge_connect_c8y_test&gt;, exit status 0
11:30:51 INFO  Executed systemctl&lt;serv_mosq2&gt;, exit status 0
11:30:51 INFO  Executed systemctl&lt;serv_mapper3&gt;, exit status 0
11:30:54 INFO  State of current operation: PENDING
11:30:56 INFO  State of current operation: PENDING
11:30:58 INFO  State of current operation: PENDING
11:31:00 INFO  State of current operation: PENDING
11:31:03 INFO  State of current operation: PENDING
11:31:05 INFO  State of current operation: PENDING
11:31:07 INFO  State of current operation: PENDING
11:31:09 INFO  State of current operation: PENDING
11:31:12 INFO  State of current operation: PENDING
11:31:14 INFO  State of current operation: PENDING
11:31:16 INFO  State of current operation: PENDING
11:31:18 INFO  State of current operation: PENDING
11:31:21 INFO  State of current operation: PENDING
11:31:23 INFO  State of current operation: PENDING
11:31:25 INFO  State of current operation: PENDING
11:31:27 INFO  State of current operation: PENDING
11:31:29 INFO  State of current operation: PENDING
11:31:32 INFO  State of current operation: PENDING
11:31:34 INFO  State of current operation: PENDING
11:31:36 INFO  State of current operation: PENDING
11:31:39 INFO  State of current operation: PENDING
11:31:41 INFO  State of current operation: PENDING
11:31:43 INFO  State of current operation: PENDING
11:31:45 INFO  State of current operation: PENDING
11:31:47 INFO  State of current operation: PENDING
11:31:50 INFO  State of current operation: PENDING
11:31:52 INFO  State of current operation: PENDING
11:31:54 INFO  State of current operation: PENDING
11:31:56 INFO  State of current operation: PENDING
11:31:59 INFO  State of current operation: PENDING
11:32:01 INFO  State of current operation: PENDING
11:32:03 INFO  State of current operation: PENDING
11:32:06 INFO  State of current operation: PENDING
11:32:08 INFO  State of current operation: PENDING
11:32:10 INFO  State of current operation: PENDING
11:32:12 INFO  State of current operation: PENDING
11:32:14 INFO  State of current operation: PENDING
11:32:17 INFO  State of current operation: PENDING
11:32:19 INFO  State of current operation: PENDING
11:32:21 INFO  State of current operation: PENDING
11:32:23 INFO  State of current operation: PENDING
11:32:26 INFO  State of current operation: PENDING
11:32:28 INFO  State of current operation: PENDING
11:32:30 INFO  State of current operation: PENDING
11:32:32 INFO  State of current operation: PENDING
11:32:35 INFO  State of current operation: PENDING
11:32:37 INFO  State of current operation: PENDING
11:32:39 INFO  State of current operation: PENDING
11:32:41 INFO  State of current operation: PENDING
11:32:43 INFO  State of current operation: PENDING
11:32:46 INFO  State of current operation: PENDING
11:32:48 INFO  State of current operation: PENDING
11:32:50 INFO  State of current operation: PENDING
11:32:52 INFO  State of current operation: PENDING
11:32:55 INFO  State of current operation: PENDING
11:32:57 INFO  State of current operation: PENDING
11:32:59 INFO  State of current operation: PENDING
11:33:01 INFO  State of current operation: PENDING
11:33:04 INFO  State of current operation: PENDING
11:33:06 INFO  State of current operation: PENDING
11:33:08 INFO  State of current operation: PENDING
11:33:10 WARN  SystemError occurred while running test - Timeout while waiting for status FAILED or SUCCESSFUL
Traceback (most recent call last):
  File &quot;/home/pi/env-pysys/lib/python3.7/site-packages/pysys/baserunner.py&quot;, line 1292, in __call__
    self.testObj.setup()
  File &quot;/home/pi/actions-runner/_work/thin-edge.io/thin-edge.io/tests/PySys/software_management_end_to_end/sm_apt_install_remove/run.py&quot;, line 27, in setup
    super().setup()
  File &quot;/home/pi/actions-runner/_work/thin-edge.io/thin-edge.io/tests/PySys/software_management_end_to_end/environment_sm_management.py&quot;, line 151, in setup
    self.wait_until_end()
  File &quot;/home/pi/actions-runner/_work/thin-edge.io/thin-edge.io/tests/PySys/software_management_end_to_end/environment_sm_management.py&quot;, line 332, in wait_until_end
    self.wait_until_status(&quot;FAILED&quot;, &quot;SUCCESSFUL&quot;)
  File &quot;/home/pi/actions-runner/_work/thin-edge.io/thin-edge.io/tests/PySys/software_management_end_to_end/environment_sm_management.py&quot;, line 381, in wait_until_status
    &quot;Timeout while waiting for status %s or %s&quot; % (status, status2)
SystemError: Timeout while waiting for status FAILED or SUCCESSFUL
11:33:10 WARN  SystemError: Timeout while waiting for status FAILED or SUCCESSFUL ... blocked 
11:33:10 INFO  
11:33:10 INFO  cleanup:
11:33:14 INFO  Executed sudo&lt;tedge_disconnect_c8y&gt;, exit status 0
11:33:15 INFO  Executed systemctl&lt;serv_mapper5&gt;, exit status 3
11:33:15 INFO  
11:33:15 INFO  Test duration: 164.56 secs
11:33:15 INFO  Test final outcome:  BLOCKED
11:33:15 INFO  Test outcome reason: SystemError: Timeout while waiting for status FAILED or SUCCESSFUL
11:33:15 INFO  
</system-out>
	</testcase>
</testsuite>
