<?xml version="1.0" encoding="utf-8"?>
<testsuite failures="0" name="apt_list_format" skipped="0" tests="1" time="2.91" timestamp="2022-06-10T13:23:18">
	<testcase classname="AptPluginListFormat" name="apt_list_format"/>
</testsuite>
