<?xml version="1.0" encoding="utf-8"?>
<testsuite failures="0" name="apt_finalize" skipped="0" tests="1" time="150.71" timestamp="2022-05-20T11:32:40">
	<testcase classname="AptPluginFinalize" name="apt_finalize"/>
</testsuite>
