<?xml version="1.0" encoding="utf-8"?>
<testsuite failures="0" name="apt_update_list" skipped="0" tests="1" time="164.87" timestamp="2022-06-16T14:41:00">
	<testcase classname="AptPluginUpdateList" name="apt_update_list"/>
</testsuite>
