<?xml version="1.0" encoding="utf-8"?>
<testsuite failures="0" name="apt_prepare" skipped="0" tests="1" time="18.69" timestamp="2022-06-17T08:58:51">
	<testcase classname="AptPluginPrepare" name="apt_prepare"/>
</testsuite>
