<?xml version="1.0" encoding="utf-8"?>
<testsuite failures="0" name="apt_remove" skipped="0" tests="1" time="64.97" timestamp="2022-07-25T15:28:02">
	<testcase classname="AptPluginRemoveDense" name="apt_remove"/>
</testsuite>
