<?xml version="1.0" encoding="utf-8"?>
<testsuite failures="1" name="SoftwareManagement.sm_apt_install_remove_multiple" skipped="0" tests="1" time="185.83" timestamp="2022-07-21T20:42:22">
	<testcase classname="PySysTest" name="SoftwareManagement.sm_apt_install_remove_multiple">
		<failure message="FAILED: Assert that (False == value) with value=True" type="FAILED"/>
		<system-out>20:39:16 INFO  ==============================================================
20:39:16 INFO  Id:    SoftwareManagement.sm_apt_install_remove_multiple
20:39:16 INFO  Dir:   software_management_end_to_end/
20:39:16 INFO  Title: Validate end to end behaviour for the apt plugin for multiple packages
20:39:16 INFO  ==============================================================
20:39:16 INFO  Using sw id database: {'asciijump': '5475369', 'robotfindskitten': '5474869', 'squirrel3': '5475279', 'rolldice': '5152439', 'moon-buggy': '5439204', 'apple': '5495053', 'banana': '5494888', 'cherry': '5495382', 'watermelon': '5494510', 'registry': '8018911', 'hello-world': '8021526', 'docker/getting-started': '8021973', 'alpine': '7991792'}
20:39:16 INFO  EnvironmentC8y Setup
20:39:17 INFO  Executed systemctl&lt;serv_mapper1&gt;, exit status 3
20:39:17 INFO  Restarting mosquitto too frequently in the last 10 seconds. It was only up for 5 seconds
20:39:17 INFO  Delaying execution by 6 seconds
20:39:37 INFO  Executed sudo&lt;tedge_connect_c8y&gt;, exit status 0, duration 14 secs
20:39:38 INFO  Executed sudo&lt;tedge_connect_c8y_test&gt;, exit status 0
20:39:38 INFO  Executed systemctl&lt;serv_mosq2&gt;, exit status 0
20:39:39 INFO  Executed systemctl&lt;serv_mapper3&gt;, exit status 0
20:39:41 INFO  State of current operation: SUCCESSFUL
20:39:41 INFO  Assert that (False == value) with value=False ... passed
20:39:42 INFO  Assert that (False == value) with value=False ... passed
20:39:42 INFO  Assert that (False == value) with value=False ... passed
20:39:42 INFO  Package robotfindskitten is installed
20:39:42 WARN  Assert that (False == value) with value=True ... failed 
20:39:42 INFO  Response status: 201
20:39:42 INFO  Response to action: {
    &quot;creationTime&quot;: &quot;2022-07-21T20:39:42.806Z&quot;,
    &quot;deviceId&quot;: &quot;21164556&quot;,
    &quot;deviceName&quot;: &quot;m32sd10a&quot;,
    &quot;self&quot;: &quot;https://t493319102.eu-latest.cumulocity.com/devicecontrol/operations/21187776&quot;,
    &quot;id&quot;: &quot;21187776&quot;,
    &quot;status&quot;: &quot;PENDING&quot;,
    &quot;description&quot;: &quot;Apply software changes, triggered from PySys: [{'action': 'install', 'id': '5475369', 'name': 'asciijump', 'url': ' ', 'version': '::apt'}, {'action': 'install', 'id': '5474869', 'name': 'robotfindskitten', 'url': ' ', 'version': '::apt'}, {'action': 'install', 'id': '5475279', 'name': 'squirrel3', 'url': ' ', 'version': '::apt'}]&quot;,
    &quot;c8y_SoftwareUpdate&quot;: [
        {
            &quot;name&quot;: &quot;asciijump&quot;,
            &quot;action&quot;: &quot;install&quot;,
            &quot;id&quot;: &quot;5475369&quot;,
            &quot;version&quot;: &quot;::apt&quot;,
            &quot;url&quot;: &quot; &quot;
        },
        {
            &quot;name&quot;: &quot;robotfindskitten&quot;,
            &quot;action&quot;: &quot;install&quot;,
            &quot;id&quot;: &quot;5474869&quot;,
            &quot;version&quot;: &quot;::apt&quot;,
            &quot;url&quot;: &quot; &quot;
        },
        {
            &quot;name&quot;: &quot;squirrel3&quot;,
            &quot;action&quot;: &quot;install&quot;,
            &quot;id&quot;: &quot;5475279&quot;,
            &quot;version&quot;: &quot;::apt&quot;,
            &quot;url&quot;: &quot; &quot;
        }
    ]
}
20:39:42 INFO  Started operation: {'creationTime': '2022-07-21T20:39:42.806Z', 'deviceId': '21164556', 'deviceName': 'm32sd10a', 'self': 'https://t493319102.eu-latest.cumulocity.com/devicecontrol/operations/21187776', 'id': '21187776', 'status': 'PENDING', 'description': &quot;Apply software changes, triggered from PySys: [{'action': 'install', 'id': '5475369', 'name': 'asciijump', 'url': ' ', 'version': '::apt'}, {'action': 'install', 'id': '5474869', 'name': 'robotfindskitten', 'url': ' ', 'version': '::apt'}, {'action': 'install', 'id': '5475279', 'name': 'squirrel3', 'url': ' ', 'version': '::apt'}]&quot;, 'c8y_SoftwareUpdate': [{'name': 'asciijump', 'action': 'install', 'id': '5475369', 'version': '::apt', 'url': ' '}, {'name': 'robotfindskitten', 'action': 'install', 'id': '5474869', 'version': '::apt', 'url': ' '}, {'name': 'squirrel3', 'action': 'install', 'id': '5475279', 'version': '::apt', 'url': ' '}]}
20:39:45 INFO  State of operation 21187776 : PENDING
20:39:47 INFO  State of operation 21187776 : EXECUTING
20:39:49 INFO  State of operation 21187776 : EXECUTING
20:39:51 INFO  State of operation 21187776 : EXECUTING
20:39:54 INFO  State of operation 21187776 : EXECUTING
20:39:56 INFO  State of operation 21187776 : EXECUTING
20:39:59 INFO  State of operation 21187776 : EXECUTING
20:40:01 INFO  State of operation 21187776 : EXECUTING
20:40:04 INFO  State of operation 21187776 : EXECUTING
20:40:06 INFO  State of operation 21187776 : EXECUTING
20:40:08 INFO  State of operation 21187776 : EXECUTING
20:40:10 INFO  State of operation 21187776 : EXECUTING
20:40:13 INFO  State of operation 21187776 : EXECUTING
20:40:15 INFO  State of operation 21187776 : EXECUTING
20:40:17 INFO  State of operation 21187776 : EXECUTING
20:40:19 INFO  State of operation 21187776 : EXECUTING
20:40:22 INFO  State of operation 21187776 : EXECUTING
20:40:24 INFO  State of operation 21187776 : EXECUTING
20:40:27 INFO  State of operation 21187776 : EXECUTING
20:40:29 INFO  State of operation 21187776 : EXECUTING
20:40:31 INFO  State of operation 21187776 : EXECUTING
20:40:34 INFO  State of operation 21187776 : EXECUTING
20:40:36 INFO  State of operation 21187776 : EXECUTING
20:40:39 INFO  State of operation 21187776 : EXECUTING
20:40:41 INFO  State of operation 21187776 : EXECUTING
20:40:43 INFO  State of operation 21187776 : EXECUTING
20:40:46 INFO  State of operation 21187776 : EXECUTING
20:40:48 INFO  State of operation 21187776 : EXECUTING
20:40:50 INFO  State of operation 21187776 : EXECUTING
20:40:52 INFO  State of operation 21187776 : EXECUTING
20:40:55 INFO  State of operation 21187776 : EXECUTING
20:40:57 INFO  State of operation 21187776 : EXECUTING
20:40:59 INFO  State of operation 21187776 : EXECUTING
20:41:01 INFO  State of operation 21187776 : EXECUTING
20:41:04 INFO  State of operation 21187776 : EXECUTING
20:41:06 INFO  State of operation 21187776 : SUCCESSFUL
20:41:06 INFO  Assert that (False == value) with value=False ... passed
20:41:06 INFO  Package asciijump is installed
20:41:06 INFO  Assert that (True == value) with value=True ... passed
20:41:07 INFO  Package squirrel3 is installed
20:41:07 INFO  Assert that (True == value) with value=True ... passed
20:41:07 INFO  Package robotfindskitten is installed
20:41:07 INFO  Assert that (True == value) with value=True ... passed
20:41:07 INFO  Response status: 201
20:41:07 INFO  Response to action: {
    &quot;creationTime&quot;: &quot;2022-07-21T20:41:07.484Z&quot;,
    &quot;deviceId&quot;: &quot;21164556&quot;,
    &quot;deviceName&quot;: &quot;m32sd10a&quot;,
    &quot;self&quot;: &quot;https://t493319102.eu-latest.cumulocity.com/devicecontrol/operations/21187787&quot;,
    &quot;id&quot;: &quot;21187787&quot;,
    &quot;status&quot;: &quot;PENDING&quot;,
    &quot;description&quot;: &quot;Apply software changes, triggered from PySys: [{'action': 'delete', 'id': '5475369', 'name': 'asciijump', 'url': ' ', 'version': '::apt'}, {'action': 'delete', 'id': '5474869', 'name': 'robotfindskitten', 'url': ' ', 'version': '::apt'}, {'action': 'delete', 'id': '5475279', 'name': 'squirrel3', 'url': ' ', 'version': '::apt'}]&quot;,
    &quot;c8y_SoftwareUpdate&quot;: [
        {
            &quot;name&quot;: &quot;asciijump&quot;,
            &quot;action&quot;: &quot;delete&quot;,
            &quot;id&quot;: &quot;5475369&quot;,
            &quot;version&quot;: &quot;::apt&quot;,
            &quot;url&quot;: &quot; &quot;
        },
        {
            &quot;name&quot;: &quot;robotfindskitten&quot;,
            &quot;action&quot;: &quot;delete&quot;,
            &quot;id&quot;: &quot;5474869&quot;,
            &quot;version&quot;: &quot;::apt&quot;,
            &quot;url&quot;: &quot; &quot;
        },
        {
            &quot;name&quot;: &quot;squirrel3&quot;,
            &quot;action&quot;: &quot;delete&quot;,
            &quot;id&quot;: &quot;5475279&quot;,
            &quot;version&quot;: &quot;::apt&quot;,
            &quot;url&quot;: &quot; &quot;
        }
    ]
}
20:41:07 INFO  Started operation: {'creationTime': '2022-07-21T20:41:07.484Z', 'deviceId': '21164556', 'deviceName': 'm32sd10a', 'self': 'https://t493319102.eu-latest.cumulocity.com/devicecontrol/operations/21187787', 'id': '21187787', 'status': 'PENDING', 'description': &quot;Apply software changes, triggered from PySys: [{'action': 'delete', 'id': '5475369', 'name': 'asciijump', 'url': ' ', 'version': '::apt'}, {'action': 'delete', 'id': '5474869', 'name': 'robotfindskitten', 'url': ' ', 'version': '::apt'}, {'action': 'delete', 'id': '5475279', 'name': 'squirrel3', 'url': ' ', 'version': '::apt'}]&quot;, 'c8y_SoftwareUpdate': [{'name': 'asciijump', 'action': 'delete', 'id': '5475369', 'version': '::apt', 'url': ' '}, {'name': 'robotfindskitten', 'action': 'delete', 'id': '5474869', 'version': '::apt', 'url': ' '}, {'name': 'squirrel3', 'action': 'delete', 'id': '5475279', 'version': '::apt', 'url': ' '}]}
20:41:09 INFO  State of operation 21187787 : PENDING
20:41:12 INFO  State of operation 21187787 : EXECUTING
20:41:14 INFO  State of operation 21187787 : EXECUTING
20:41:16 INFO  State of operation 21187787 : EXECUTING
20:41:19 INFO  State of operation 21187787 : EXECUTING
20:41:21 INFO  State of operation 21187787 : EXECUTING
20:41:24 INFO  State of operation 21187787 : EXECUTING
20:41:27 INFO  State of operation 21187787 : EXECUTING
20:41:29 INFO  State of operation 21187787 : EXECUTING
20:41:31 INFO  State of operation 21187787 : EXECUTING
20:41:33 INFO  State of operation 21187787 : EXECUTING
20:41:36 INFO  State of operation 21187787 : EXECUTING
20:41:38 INFO  State of operation 21187787 : EXECUTING
20:41:40 INFO  State of operation 21187787 : EXECUTING
20:41:43 INFO  State of operation 21187787 : EXECUTING
20:41:45 INFO  State of operation 21187787 : EXECUTING
20:41:47 INFO  State of operation 21187787 : EXECUTING
20:41:50 INFO  State of operation 21187787 : EXECUTING
20:41:52 INFO  State of operation 21187787 : EXECUTING
20:41:55 INFO  State of operation 21187787 : EXECUTING
20:41:57 INFO  State of operation 21187787 : EXECUTING
20:41:59 INFO  State of operation 21187787 : EXECUTING
20:42:01 INFO  State of operation 21187787 : EXECUTING
20:42:04 INFO  State of operation 21187787 : EXECUTING
20:42:07 INFO  State of operation 21187787 : EXECUTING
20:42:09 INFO  State of operation 21187787 : EXECUTING
20:42:11 INFO  State of operation 21187787 : EXECUTING
20:42:14 INFO  State of operation 21187787 : EXECUTING
20:42:16 INFO  State of operation 21187787 : SUCCESSFUL
20:42:16 INFO  Assert that (False == value) with value=False ... passed
20:42:16 INFO  Assert that (False == value) with value=False ... passed
20:42:17 INFO  Assert that (False == value) with value=False ... passed
20:42:17 INFO  Assert that (False == value) with value=False ... passed
20:42:17 INFO  
20:42:17 INFO  cleanup:
20:42:21 INFO  Executed sudo&lt;tedge_disconnect_c8y&gt;, exit status 0
20:42:22 INFO  Executed systemctl&lt;serv_mapper5&gt;, exit status 3
20:42:22 INFO  
20:42:22 INFO  Test duration: 185.83 secs
20:42:22 INFO  Test final outcome:  FAILED
20:42:22 INFO  Test outcome reason: Assert that (False == value) with value=True
20:42:22 INFO  
</system-out>
	</testcase>
</testsuite>
