<?xml version="1.0" encoding="utf-8"?>
<testsuite failures="1" name="SoftwareManagement.sm_apt_install_download_path" skipped="0" tests="1" time="86.74" timestamp="2022-07-26T16:50:54">
	<testcase classname="AptInstallWithDownloadPath" name="SoftwareManagement.sm_apt_install_download_path">
		<failure message="BLOCKED: AssertionError:" type="BLOCKED"/>
		<system-out>16:49:27 INFO  ==============================================================
16:49:27 INFO  Id:    SoftwareManagement.sm_apt_install_download_path
16:49:27 INFO  Dir:   software_management_end_to_end/
16:49:27 INFO  Title: Install package to directory specified in tedge config set tmp.path
16:49:27 INFO  ==============================================================
16:49:28 INFO  Using sw id database: {'asciijump': '5475369', 'robotfindskitten': '5474869', 'squirrel3': '5475279', 'rolldice': '5152439', 'moon-buggy': '5439204', 'apple': '5495053', 'banana': '5494888', 'cherry': '5495382', 'watermelon': '5494510', 'registry': '8018911', 'hello-world': '8021526', 'docker/getting-started': '8021973', 'alpine': '7991792'}
16:49:28 INFO  EnvironmentC8y Setup
16:49:28 INFO  Executed systemctl&lt;serv_mapper1&gt;, exit status 3
16:49:43 INFO  Executed sudo&lt;tedge_connect_c8y&gt;, exit status 0, duration 14 secs
16:49:44 INFO  Executed sudo&lt;tedge_connect_c8y_test&gt;, exit status 0
16:49:46 INFO  Executed systemctl&lt;serv_mosq2&gt;, exit status 0
16:49:47 INFO  Executed systemctl&lt;serv_mapper3&gt;, exit status 0
16:49:49 ERROR No operations found, assuming it passed
16:49:49 INFO  Assert that (False == value) with value=False ... passed
16:49:50 INFO  Executed sudo, exit status 0
16:49:50 INFO  Executed sudo, exit status 0
16:49:51 INFO  Executed sudo, exit status 0
16:49:55 INFO  Executed sudo&lt;tedge_disconnect_c8y&gt;, exit status 0
16:49:55 INFO  Restarting mosquitto too frequently in the last 10 seconds. It was only up for 3 seconds
16:49:55 INFO  Delaying execution by 8 seconds
16:50:17 INFO  Executed sudo&lt;tedge_connect_c8y&gt;, exit status 0, duration 13 secs
16:50:17 INFO  Response status: 201
16:50:17 INFO  Response to action: {
    &quot;creationTime&quot;: &quot;2022-07-26T16:50:17.289Z&quot;,
    &quot;deviceId&quot;: &quot;21435314&quot;,
    &quot;deviceName&quot;: &quot;m32sd10a&quot;,
    &quot;self&quot;: &quot;https://t493319102.eu-latest.cumulocity.com/devicecontrol/operations/21435074&quot;,
    &quot;id&quot;: &quot;21435074&quot;,
    &quot;status&quot;: &quot;PENDING&quot;,
    &quot;description&quot;: &quot;Apply software changes, triggered from PySys: [{'name': 'rolldice', 'id': '5152439', 'version': '::apt', 'url': 'https://thin-edge-io.eu-latest.cumulocity.com/inventory/binaries/12435463', 'action': 'install'}]&quot;,
    &quot;c8y_SoftwareUpdate&quot;: [
        {
            &quot;name&quot;: &quot;rolldice&quot;,
            &quot;action&quot;: &quot;install&quot;,
            &quot;id&quot;: &quot;5152439&quot;,
            &quot;version&quot;: &quot;::apt&quot;,
            &quot;url&quot;: &quot;https://thin-edge-io.eu-latest.cumulocity.com/inventory/binaries/12435463&quot;
        }
    ]
}
16:50:17 INFO  Started operation: {'creationTime': '2022-07-26T16:50:17.289Z', 'deviceId': '21435314', 'deviceName': 'm32sd10a', 'self': 'https://t493319102.eu-latest.cumulocity.com/devicecontrol/operations/21435074', 'id': '21435074', 'status': 'PENDING', 'description': &quot;Apply software changes, triggered from PySys: [{'name': 'rolldice', 'id': '5152439', 'version': '::apt', 'url': 'https://thin-edge-io.eu-latest.cumulocity.com/inventory/binaries/12435463', 'action': 'install'}]&quot;, 'c8y_SoftwareUpdate': [{'name': 'rolldice', 'action': 'install', 'id': '5152439', 'version': '::apt', 'url': 'https://thin-edge-io.eu-latest.cumulocity.com/inventory/binaries/12435463'}]}
16:50:17 WARN  , retrying in 0.5 seconds...
16:50:17 WARN  , retrying in 0.5 seconds...
16:50:18 WARN  , retrying in 0.5 seconds...
16:50:18 WARN  , retrying in 0.5 seconds...
16:50:19 WARN  , retrying in 0.5 seconds...
16:50:19 WARN  , retrying in 0.5 seconds...
16:50:20 WARN  , retrying in 0.5 seconds...
16:50:20 WARN  , retrying in 0.5 seconds...
16:50:21 WARN  , retrying in 0.5 seconds...
16:50:21 WARN  AssertionError occurred while running test - 
Traceback (most recent call last):
  File &quot;/home/pi/env-pysys/lib/python3.7/site-packages/pysys/baserunner.py&quot;, line 1294, in __call__
    self.testObj.execute()
  File &quot;/home/pi/actions-runner/_work/thin-edge.io/thin-edge.io/tests/PySys/software_management_end_to_end/sm_apt_install_download_path/run.py&quot;, line 83, in execute
    assert_install_in_download_path(install_directory=self.DOWNLOAD_DIR)
  File &quot;/home/pi/env-pysys/lib/python3.7/site-packages/decorator.py&quot;, line 232, in fun
    return caller(func, *(extras + args), **kw)
  File &quot;/home/pi/env-pysys/lib/python3.7/site-packages/retry/api.py&quot;, line 74, in retry_decorator
    logger)
  File &quot;/home/pi/env-pysys/lib/python3.7/site-packages/retry/api.py&quot;, line 33, in __retry_internal
    return f()
  File &quot;/home/pi/actions-runner/_work/thin-edge.io/thin-edge.io/tests/PySys/software_management_end_to_end/sm_apt_install_download_path/run.py&quot;, line 28, in assert_install_in_download_path
    assert &quot;rolldice&quot; in os.listdir(f&quot;{install_directory}&quot;)
AssertionError
16:50:22 WARN  AssertionError: ... blocked 
16:50:22 INFO  
16:50:22 INFO  cleanup:
16:50:23 INFO  Executed sudo, exit status 0
16:50:23 INFO  Executed sudo, exit status 0
16:50:27 INFO  Executed sudo&lt;tedge_disconnect_c8y&gt;, exit status 0
16:50:27 INFO  Restarting mosquitto too frequently in the last 10 seconds. It was only up for 3 seconds
16:50:27 INFO  Delaying execution by 8 seconds
16:50:49 INFO  Executed sudo&lt;tedge_connect_c8y&gt;, exit status 0, duration 13 secs
16:50:54 INFO  Executed sudo&lt;tedge_disconnect_c8y&gt;, exit status 0
16:50:54 INFO  Executed systemctl&lt;serv_mapper5&gt;, exit status 3
16:50:54 INFO  
16:50:54 INFO  Test duration: 86.74 secs
16:50:54 INFO  Test final outcome:  BLOCKED
16:50:54 INFO  Test outcome reason: AssertionError:
16:50:54 INFO  
</system-out>
	</testcase>
</testsuite>
