<?xml version="1.0" encoding="utf-8"?>
<testsuite failures="0" name="apt_finalize" skipped="0" tests="1" time="150.41" timestamp="2022-06-16T14:25:28">
	<testcase classname="AptPluginFinalize" name="apt_finalize"/>
</testsuite>
