<?xml version="1.0" encoding="utf-8"?>
<testsuite failures="1" name="SoftwareManagement.sm_apt_install_remove_multiple_mixed" skipped="0" tests="1" time="166.7" timestamp="2022-06-02T09:23:24">
	<testcase classname="PySysTest" name="SoftwareManagement.sm_apt_install_remove_multiple_mixed">
		<failure message="BLOCKED: SystemError: Timeout while waiting for status FAILED or SUCCESSFUL" type="BLOCKED"/>
		<system-out>09:20:37 INFO  ==============================================================
09:20:37 INFO  Id:    SoftwareManagement.sm_apt_install_remove_multiple_mixed
09:20:37 INFO  Dir:   software_management_end_to_end/
09:20:37 INFO  Title: Validate end to end behaviour for the apt plugin for multiple packages with mixed versions
09:20:37 INFO  ==============================================================
09:20:37 INFO  Using sw id database: {'asciijump': '5475369', 'robotfindskitten': '5474869', 'squirrel3': '5475279', 'rolldice': '5152439', 'moon-buggy': '5439204', 'apple': '5495053', 'banana': '5494888', 'cherry': '5495382', 'watermelon': '5494510', 'registry': '8018911', 'hello-world': '8021526', 'docker/getting-started': '8021973', 'alpine': '7991792'}
09:20:37 INFO  EnvironmentC8y Setup
09:20:38 INFO  Executed systemctl&lt;serv_mapper1&gt;, exit status 3
09:20:38 INFO  Restarting mosquitto too frequently in the last 10 seconds. It was only up for 4 seconds
09:20:38 INFO  Delaying execution by 7 seconds
09:20:59 INFO  Executed sudo&lt;tedge_connect_c8y&gt;, exit status 0, duration 14 secs
09:21:00 INFO  Executed sudo&lt;tedge_connect_c8y_test&gt;, exit status 0
09:21:00 INFO  Executed systemctl&lt;serv_mosq2&gt;, exit status 0
09:21:00 INFO  Executed systemctl&lt;serv_mapper3&gt;, exit status 0
09:21:03 INFO  State of current operation: PENDING
09:21:05 INFO  State of current operation: PENDING
09:21:07 INFO  State of current operation: PENDING
09:21:09 INFO  State of current operation: PENDING
09:21:12 INFO  State of current operation: PENDING
09:21:14 INFO  State of current operation: PENDING
09:21:16 INFO  State of current operation: PENDING
09:21:18 INFO  State of current operation: PENDING
09:21:21 INFO  State of current operation: PENDING
09:21:23 INFO  State of current operation: PENDING
09:21:25 INFO  State of current operation: PENDING
09:21:27 INFO  State of current operation: PENDING
09:21:30 INFO  State of current operation: PENDING
09:21:32 INFO  State of current operation: PENDING
09:21:34 INFO  State of current operation: PENDING
09:21:36 INFO  State of current operation: PENDING
09:21:39 INFO  State of current operation: PENDING
09:21:41 INFO  State of current operation: PENDING
09:21:43 INFO  State of current operation: PENDING
09:21:45 INFO  State of current operation: PENDING
09:21:47 INFO  State of current operation: PENDING
09:21:50 INFO  State of current operation: PENDING
09:21:52 INFO  State of current operation: PENDING
09:21:54 INFO  State of current operation: PENDING
09:21:56 INFO  State of current operation: PENDING
09:21:59 INFO  State of current operation: PENDING
09:22:01 INFO  State of current operation: PENDING
09:22:03 INFO  State of current operation: PENDING
09:22:05 INFO  State of current operation: PENDING
09:22:08 INFO  State of current operation: PENDING
09:22:10 INFO  State of current operation: PENDING
09:22:12 INFO  State of current operation: PENDING
09:22:14 INFO  State of current operation: PENDING
09:22:17 INFO  State of current operation: PENDING
09:22:19 INFO  State of current operation: PENDING
09:22:21 INFO  State of current operation: PENDING
09:22:23 INFO  State of current operation: PENDING
09:22:25 INFO  State of current operation: PENDING
09:22:28 INFO  State of current operation: PENDING
09:22:30 INFO  State of current operation: PENDING
09:22:32 INFO  State of current operation: PENDING
09:22:34 INFO  State of current operation: PENDING
09:22:37 INFO  State of current operation: PENDING
09:22:39 INFO  State of current operation: PENDING
09:22:41 INFO  State of current operation: PENDING
09:22:43 INFO  State of current operation: PENDING
09:22:46 INFO  State of current operation: PENDING
09:22:48 INFO  State of current operation: PENDING
09:22:50 INFO  State of current operation: PENDING
09:22:52 INFO  State of current operation: PENDING
09:22:55 INFO  State of current operation: PENDING
09:22:57 INFO  State of current operation: PENDING
09:22:59 INFO  State of current operation: PENDING
09:23:01 INFO  State of current operation: PENDING
09:23:04 INFO  State of current operation: PENDING
09:23:06 INFO  State of current operation: PENDING
09:23:08 INFO  State of current operation: PENDING
09:23:10 INFO  State of current operation: PENDING
09:23:13 INFO  State of current operation: PENDING
09:23:15 INFO  State of current operation: PENDING
09:23:17 INFO  State of current operation: PENDING
09:23:19 WARN  SystemError occurred while running test - Timeout while waiting for status FAILED or SUCCESSFUL
Traceback (most recent call last):
  File &quot;/home/pi/env-pysys/lib/python3.7/site-packages/pysys/baserunner.py&quot;, line 1292, in __call__
    self.testObj.setup()
  File &quot;/home/pi/actions-runner/_work/thin-edge.io/thin-edge.io/tests/PySys/software_management_end_to_end/sm_apt_install_remove_multiple_mixed/run.py&quot;, line 73, in setup
    super().setup()
  File &quot;/home/pi/actions-runner/_work/thin-edge.io/thin-edge.io/tests/PySys/software_management_end_to_end/environment_sm_management.py&quot;, line 151, in setup
    self.wait_until_end()
  File &quot;/home/pi/actions-runner/_work/thin-edge.io/thin-edge.io/tests/PySys/software_management_end_to_end/environment_sm_management.py&quot;, line 332, in wait_until_end
    self.wait_until_status(&quot;FAILED&quot;, &quot;SUCCESSFUL&quot;)
  File &quot;/home/pi/actions-runner/_work/thin-edge.io/thin-edge.io/tests/PySys/software_management_end_to_end/environment_sm_management.py&quot;, line 381, in wait_until_status
    &quot;Timeout while waiting for status %s or %s&quot; % (status, status2)
SystemError: Timeout while waiting for status FAILED or SUCCESSFUL
09:23:19 WARN  SystemError: Timeout while waiting for status FAILED or SUCCESSFUL ... blocked 
09:23:19 INFO  
09:23:19 INFO  cleanup:
09:23:23 INFO  Executed sudo&lt;tedge_disconnect_c8y&gt;, exit status 0
09:23:24 INFO  Executed systemctl&lt;serv_mapper5&gt;, exit status 3
09:23:24 INFO  
09:23:24 INFO  Test duration: 166.70 secs
09:23:24 INFO  Test final outcome:  BLOCKED
09:23:24 INFO  Test outcome reason: SystemError: Timeout while waiting for status FAILED or SUCCESSFUL
09:23:24 INFO  
</system-out>
	</testcase>
</testsuite>
