<?xml version="1.0" encoding="utf-8"?>
<testsuite failures="0" name="apt_remove" skipped="0" tests="1" time="65.58" timestamp="2022-05-25T13:07:47">
	<testcase classname="AptPluginRemoveDense" name="apt_remove"/>
</testsuite>
