<?xml version="1.0" encoding="utf-8"?>
<testsuite failures="1" name="SoftwareManagement.sm_apt_install_download_path" skipped="0" tests="1" time="84.41" timestamp="2022-06-29T17:31:19">
	<testcase classname="AptInstallWithDownloadPath" name="SoftwareManagement.sm_apt_install_download_path">
		<failure message="BLOCKED: AssertionError:" type="BLOCKED"/>
		<system-out>17:29:54 INFO  ==============================================================
17:29:54 INFO  Id:    SoftwareManagement.sm_apt_install_download_path
17:29:54 INFO  Dir:   software_management_end_to_end/
17:29:54 INFO  Title: Install package to directory specified in tedge config set tmp.path
17:29:54 INFO  ==============================================================
17:29:55 INFO  Using sw id database: {'asciijump': '5475369', 'robotfindskitten': '5474869', 'squirrel3': '5475279', 'rolldice': '5152439', 'moon-buggy': '5439204', 'apple': '5495053', 'banana': '5494888', 'cherry': '5495382', 'watermelon': '5494510', 'registry': '8018911', 'hello-world': '8021526', 'docker/getting-started': '8021973', 'alpine': '7991792'}
17:29:55 INFO  EnvironmentC8y Setup
17:29:55 INFO  Executed systemctl&lt;serv_mapper1&gt;, exit status 3
17:30:10 INFO  Executed sudo&lt;tedge_connect_c8y&gt;, exit status 0, duration 14 secs
17:30:11 INFO  Executed sudo&lt;tedge_connect_c8y_test&gt;, exit status 0
17:30:12 INFO  Executed systemctl&lt;serv_mosq2&gt;, exit status 0
17:30:13 INFO  Executed systemctl&lt;serv_mapper3&gt;, exit status 0
17:30:15 ERROR No operations found, assuming it passed
17:30:15 INFO  Assert that (False == value) with value=False ... passed
17:30:16 INFO  Executed sudo, exit status 0
17:30:16 INFO  Executed sudo, exit status 0
17:30:17 INFO  Executed sudo, exit status 0
17:30:21 INFO  Executed sudo&lt;tedge_disconnect_c8y&gt;, exit status 0
17:30:21 INFO  Restarting mosquitto too frequently in the last 10 seconds. It was only up for 4 seconds
17:30:21 INFO  Delaying execution by 7 seconds
17:30:42 INFO  Executed sudo&lt;tedge_connect_c8y&gt;, exit status 0, duration 14 secs
17:30:42 INFO  Response status: 201
17:30:42 INFO  Response to action: {
    &quot;delivery&quot;: {
        &quot;log&quot;: [],
        &quot;time&quot;: &quot;2022-06-29T17:30:42.953Z&quot;,
        &quot;status&quot;: &quot;PENDING&quot;
    },
    &quot;creationTime&quot;: &quot;2022-06-29T17:30:42.937Z&quot;,
    &quot;deviceId&quot;: &quot;20611989&quot;,
    &quot;deviceName&quot;: &quot;m32sd10a&quot;,
    &quot;self&quot;: &quot;https://t493319102.eu-latest.cumulocity.com/devicecontrol/operations/20626486&quot;,
    &quot;id&quot;: &quot;20626486&quot;,
    &quot;status&quot;: &quot;PENDING&quot;,
    &quot;description&quot;: &quot;Apply software changes, triggered from PySys: [{'name': 'rolldice', 'id': '5152439', 'version': '::apt', 'url': 'https://thin-edge-io.eu-latest.cumulocity.com/inventory/binaries/12435463', 'action': 'install'}]&quot;,
    &quot;c8y_SoftwareUpdate&quot;: [
        {
            &quot;name&quot;: &quot;rolldice&quot;,
            &quot;action&quot;: &quot;install&quot;,
            &quot;id&quot;: &quot;5152439&quot;,
            &quot;version&quot;: &quot;::apt&quot;,
            &quot;url&quot;: &quot;https://thin-edge-io.eu-latest.cumulocity.com/inventory/binaries/12435463&quot;
        }
    ]
}
17:30:42 INFO  Started operation: {'delivery': {'log': [], 'time': '2022-06-29T17:30:42.953Z', 'status': 'PENDING'}, 'creationTime': '2022-06-29T17:30:42.937Z', 'deviceId': '20611989', 'deviceName': 'm32sd10a', 'self': 'https://t493319102.eu-latest.cumulocity.com/devicecontrol/operations/20626486', 'id': '20626486', 'status': 'PENDING', 'description': &quot;Apply software changes, triggered from PySys: [{'name': 'rolldice', 'id': '5152439', 'version': '::apt', 'url': 'https://thin-edge-io.eu-latest.cumulocity.com/inventory/binaries/12435463', 'action': 'install'}]&quot;, 'c8y_SoftwareUpdate': [{'name': 'rolldice', 'action': 'install', 'id': '5152439', 'version': '::apt', 'url': 'https://thin-edge-io.eu-latest.cumulocity.com/inventory/binaries/12435463'}]}
17:30:42 WARN  , retrying in 0.5 seconds...
17:30:43 WARN  , retrying in 0.5 seconds...
17:30:43 WARN  , retrying in 0.5 seconds...
17:30:44 WARN  , retrying in 0.5 seconds...
17:30:45 WARN  , retrying in 0.5 seconds...
17:30:45 WARN  , retrying in 0.5 seconds...
17:30:46 WARN  , retrying in 0.5 seconds...
17:30:46 WARN  , retrying in 0.5 seconds...
17:30:47 WARN  , retrying in 0.5 seconds...
17:30:47 WARN  AssertionError occurred while running test - 
Traceback (most recent call last):
  File &quot;/home/pi/env-pysys/lib/python3.7/site-packages/pysys/baserunner.py&quot;, line 1294, in __call__
    self.testObj.execute()
  File &quot;/home/pi/actions-runner/_work/thin-edge.io/thin-edge.io/tests/PySys/software_management_end_to_end/sm_apt_install_download_path/run.py&quot;, line 83, in execute
    assert_install_in_download_path(install_directory=self.DOWNLOAD_DIR)
  File &quot;/home/pi/env-pysys/lib/python3.7/site-packages/decorator.py&quot;, line 232, in fun
    return caller(func, *(extras + args), **kw)
  File &quot;/home/pi/env-pysys/lib/python3.7/site-packages/retry/api.py&quot;, line 74, in retry_decorator
    logger)
  File &quot;/home/pi/env-pysys/lib/python3.7/site-packages/retry/api.py&quot;, line 33, in __retry_internal
    return f()
  File &quot;/home/pi/actions-runner/_work/thin-edge.io/thin-edge.io/tests/PySys/software_management_end_to_end/sm_apt_install_download_path/run.py&quot;, line 28, in assert_install_in_download_path
    assert &quot;rolldice&quot; in os.listdir(f&quot;{install_directory}&quot;)
AssertionError
17:30:48 WARN  AssertionError: ... blocked 
17:30:48 INFO  
17:30:48 INFO  cleanup:
17:30:48 INFO  Executed sudo, exit status 0
17:30:49 INFO  Executed sudo, exit status 0
17:30:53 INFO  Executed sudo&lt;tedge_disconnect_c8y&gt;, exit status 0
17:30:53 INFO  Restarting mosquitto too frequently in the last 10 seconds. It was only up for 4 seconds
17:30:53 INFO  Delaying execution by 7 seconds
17:31:14 INFO  Executed sudo&lt;tedge_connect_c8y&gt;, exit status 0, duration 14 secs
17:31:18 INFO  Executed sudo&lt;tedge_disconnect_c8y&gt;, exit status 0
17:31:19 INFO  Executed systemctl&lt;serv_mapper5&gt;, exit status 3
17:31:19 INFO  
17:31:19 INFO  Test duration: 84.41 secs
17:31:19 INFO  Test final outcome:  BLOCKED
17:31:19 INFO  Test outcome reason: AssertionError:
17:31:19 INFO  
</system-out>
	</testcase>
</testsuite>
