<?xml version="1.0" encoding="utf-8"?>
<testsuite failures="1" name="SoftwareManagement.sm_apt_install_remove_multiple" skipped="0" tests="1" time="180.61" timestamp="2022-07-21T14:05:45">
	<testcase classname="PySysTest" name="SoftwareManagement.sm_apt_install_remove_multiple">
		<failure message="FAILED: Assert that (False == value) with value=True" type="FAILED"/>
		<system-out>14:02:44 INFO  ==============================================================
14:02:44 INFO  Id:    SoftwareManagement.sm_apt_install_remove_multiple
14:02:44 INFO  Dir:   software_management_end_to_end/
14:02:44 INFO  Title: Validate end to end behaviour for the apt plugin for multiple packages
14:02:44 INFO  ==============================================================
14:02:44 INFO  Using sw id database: {'asciijump': '5475369', 'robotfindskitten': '5474869', 'squirrel3': '5475279', 'rolldice': '5152439', 'moon-buggy': '5439204', 'apple': '5495053', 'banana': '5494888', 'cherry': '5495382', 'watermelon': '5494510', 'registry': '8018911', 'hello-world': '8021526', 'docker/getting-started': '8021973', 'alpine': '7991792'}
14:02:44 INFO  EnvironmentC8y Setup
14:02:45 INFO  Executed systemctl&lt;serv_mapper1&gt;, exit status 3
14:02:45 INFO  Restarting mosquitto too frequently in the last 10 seconds. It was only up for 4 seconds
14:02:45 INFO  Delaying execution by 7 seconds
14:03:06 INFO  Executed sudo&lt;tedge_connect_c8y&gt;, exit status 0, duration 14 secs
14:03:07 INFO  Executed sudo&lt;tedge_connect_c8y_test&gt;, exit status 0
14:03:07 INFO  Executed systemctl&lt;serv_mosq2&gt;, exit status 0
14:03:08 INFO  Executed systemctl&lt;serv_mapper3&gt;, exit status 0
14:03:10 INFO  State of current operation: SUCCESSFUL
14:03:10 INFO  Assert that (False == value) with value=False ... passed
14:03:11 INFO  Assert that (False == value) with value=False ... passed
14:03:11 INFO  Assert that (False == value) with value=False ... passed
14:03:11 INFO  Package robotfindskitten is installed
14:03:11 WARN  Assert that (False == value) with value=True ... failed 
14:03:11 INFO  Response status: 201
14:03:11 INFO  Response to action: {
    &quot;creationTime&quot;: &quot;2022-07-21T14:03:11.812Z&quot;,
    &quot;deviceId&quot;: &quot;21119832&quot;,
    &quot;deviceName&quot;: &quot;m32sd10a&quot;,
    &quot;self&quot;: &quot;https://t493319102.eu-latest.cumulocity.com/devicecontrol/operations/21139836&quot;,
    &quot;id&quot;: &quot;21139836&quot;,
    &quot;status&quot;: &quot;PENDING&quot;,
    &quot;description&quot;: &quot;Apply software changes, triggered from PySys: [{'action': 'install', 'id': '5475369', 'name': 'asciijump', 'url': ' ', 'version': '::apt'}, {'action': 'install', 'id': '5474869', 'name': 'robotfindskitten', 'url': ' ', 'version': '::apt'}, {'action': 'install', 'id': '5475279', 'name': 'squirrel3', 'url': ' ', 'version': '::apt'}]&quot;,
    &quot;c8y_SoftwareUpdate&quot;: [
        {
            &quot;name&quot;: &quot;asciijump&quot;,
            &quot;action&quot;: &quot;install&quot;,
            &quot;id&quot;: &quot;5475369&quot;,
            &quot;version&quot;: &quot;::apt&quot;,
            &quot;url&quot;: &quot; &quot;
        },
        {
            &quot;name&quot;: &quot;robotfindskitten&quot;,
            &quot;action&quot;: &quot;install&quot;,
            &quot;id&quot;: &quot;5474869&quot;,
            &quot;version&quot;: &quot;::apt&quot;,
            &quot;url&quot;: &quot; &quot;
        },
        {
            &quot;name&quot;: &quot;squirrel3&quot;,
            &quot;action&quot;: &quot;install&quot;,
            &quot;id&quot;: &quot;5475279&quot;,
            &quot;version&quot;: &quot;::apt&quot;,
            &quot;url&quot;: &quot; &quot;
        }
    ]
}
14:03:11 INFO  Started operation: {'creationTime': '2022-07-21T14:03:11.812Z', 'deviceId': '21119832', 'deviceName': 'm32sd10a', 'self': 'https://t493319102.eu-latest.cumulocity.com/devicecontrol/operations/21139836', 'id': '21139836', 'status': 'PENDING', 'description': &quot;Apply software changes, triggered from PySys: [{'action': 'install', 'id': '5475369', 'name': 'asciijump', 'url': ' ', 'version': '::apt'}, {'action': 'install', 'id': '5474869', 'name': 'robotfindskitten', 'url': ' ', 'version': '::apt'}, {'action': 'install', 'id': '5475279', 'name': 'squirrel3', 'url': ' ', 'version': '::apt'}]&quot;, 'c8y_SoftwareUpdate': [{'name': 'asciijump', 'action': 'install', 'id': '5475369', 'version': '::apt', 'url': ' '}, {'name': 'robotfindskitten', 'action': 'install', 'id': '5474869', 'version': '::apt', 'url': ' '}, {'name': 'squirrel3', 'action': 'install', 'id': '5475279', 'version': '::apt', 'url': ' '}]}
14:03:14 INFO  State of operation 21139836 : PENDING
14:03:16 INFO  State of operation 21139836 : EXECUTING
14:03:18 INFO  State of operation 21139836 : EXECUTING
14:03:20 INFO  State of operation 21139836 : EXECUTING
14:03:23 INFO  State of operation 21139836 : EXECUTING
14:03:25 INFO  State of operation 21139836 : EXECUTING
14:03:27 INFO  State of operation 21139836 : EXECUTING
14:03:30 INFO  State of operation 21139836 : EXECUTING
14:03:33 INFO  State of operation 21139836 : EXECUTING
14:03:35 INFO  State of operation 21139836 : EXECUTING
14:03:37 INFO  State of operation 21139836 : EXECUTING
14:03:39 INFO  State of operation 21139836 : EXECUTING
14:03:42 INFO  State of operation 21139836 : EXECUTING
14:03:44 INFO  State of operation 21139836 : EXECUTING
14:03:46 INFO  State of operation 21139836 : EXECUTING
14:03:48 INFO  State of operation 21139836 : EXECUTING
14:03:51 INFO  State of operation 21139836 : EXECUTING
14:03:54 INFO  State of operation 21139836 : EXECUTING
14:03:56 INFO  State of operation 21139836 : EXECUTING
14:03:58 INFO  State of operation 21139836 : EXECUTING
14:04:00 INFO  State of operation 21139836 : EXECUTING
14:04:03 INFO  State of operation 21139836 : EXECUTING
14:04:05 INFO  State of operation 21139836 : EXECUTING
14:04:07 INFO  State of operation 21139836 : EXECUTING
14:04:10 INFO  State of operation 21139836 : EXECUTING
14:04:12 INFO  State of operation 21139836 : EXECUTING
14:04:14 INFO  State of operation 21139836 : EXECUTING
14:04:16 INFO  State of operation 21139836 : EXECUTING
14:04:19 INFO  State of operation 21139836 : EXECUTING
14:04:21 INFO  State of operation 21139836 : EXECUTING
14:04:23 INFO  State of operation 21139836 : EXECUTING
14:04:26 INFO  State of operation 21139836 : EXECUTING
14:04:28 INFO  State of operation 21139836 : EXECUTING
14:04:30 INFO  State of operation 21139836 : EXECUTING
14:04:32 INFO  State of operation 21139836 : SUCCESSFUL
14:04:33 INFO  Assert that (False == value) with value=False ... passed
14:04:33 INFO  Package asciijump is installed
14:04:33 INFO  Assert that (True == value) with value=True ... passed
14:04:33 INFO  Package squirrel3 is installed
14:04:33 INFO  Assert that (True == value) with value=True ... passed
14:04:33 INFO  Package robotfindskitten is installed
14:04:33 INFO  Assert that (True == value) with value=True ... passed
14:04:34 INFO  Response status: 201
14:04:34 INFO  Response to action: {
    &quot;creationTime&quot;: &quot;2022-07-21T14:04:33.994Z&quot;,
    &quot;deviceId&quot;: &quot;21119832&quot;,
    &quot;deviceName&quot;: &quot;m32sd10a&quot;,
    &quot;self&quot;: &quot;https://t493319102.eu-latest.cumulocity.com/devicecontrol/operations/21139842&quot;,
    &quot;id&quot;: &quot;21139842&quot;,
    &quot;status&quot;: &quot;PENDING&quot;,
    &quot;description&quot;: &quot;Apply software changes, triggered from PySys: [{'action': 'delete', 'id': '5475369', 'name': 'asciijump', 'url': ' ', 'version': '::apt'}, {'action': 'delete', 'id': '5474869', 'name': 'robotfindskitten', 'url': ' ', 'version': '::apt'}, {'action': 'delete', 'id': '5475279', 'name': 'squirrel3', 'url': ' ', 'version': '::apt'}]&quot;,
    &quot;c8y_SoftwareUpdate&quot;: [
        {
            &quot;name&quot;: &quot;asciijump&quot;,
            &quot;action&quot;: &quot;delete&quot;,
            &quot;id&quot;: &quot;5475369&quot;,
            &quot;version&quot;: &quot;::apt&quot;,
            &quot;url&quot;: &quot; &quot;
        },
        {
            &quot;name&quot;: &quot;robotfindskitten&quot;,
            &quot;action&quot;: &quot;delete&quot;,
            &quot;id&quot;: &quot;5474869&quot;,
            &quot;version&quot;: &quot;::apt&quot;,
            &quot;url&quot;: &quot; &quot;
        },
        {
            &quot;name&quot;: &quot;squirrel3&quot;,
            &quot;action&quot;: &quot;delete&quot;,
            &quot;id&quot;: &quot;5475279&quot;,
            &quot;version&quot;: &quot;::apt&quot;,
            &quot;url&quot;: &quot; &quot;
        }
    ]
}
14:04:34 INFO  Started operation: {'creationTime': '2022-07-21T14:04:33.994Z', 'deviceId': '21119832', 'deviceName': 'm32sd10a', 'self': 'https://t493319102.eu-latest.cumulocity.com/devicecontrol/operations/21139842', 'id': '21139842', 'status': 'PENDING', 'description': &quot;Apply software changes, triggered from PySys: [{'action': 'delete', 'id': '5475369', 'name': 'asciijump', 'url': ' ', 'version': '::apt'}, {'action': 'delete', 'id': '5474869', 'name': 'robotfindskitten', 'url': ' ', 'version': '::apt'}, {'action': 'delete', 'id': '5475279', 'name': 'squirrel3', 'url': ' ', 'version': '::apt'}]&quot;, 'c8y_SoftwareUpdate': [{'name': 'asciijump', 'action': 'delete', 'id': '5475369', 'version': '::apt', 'url': ' '}, {'name': 'robotfindskitten', 'action': 'delete', 'id': '5474869', 'version': '::apt', 'url': ' '}, {'name': 'squirrel3', 'action': 'delete', 'id': '5475279', 'version': '::apt', 'url': ' '}]}
14:04:36 INFO  State of operation 21139842 : PENDING
14:04:38 INFO  State of operation 21139842 : EXECUTING
14:04:40 INFO  State of operation 21139842 : EXECUTING
14:04:43 INFO  State of operation 21139842 : EXECUTING
14:04:45 INFO  State of operation 21139842 : EXECUTING
14:04:47 INFO  State of operation 21139842 : EXECUTING
14:04:50 INFO  State of operation 21139842 : EXECUTING
14:04:53 INFO  State of operation 21139842 : EXECUTING
14:04:55 INFO  State of operation 21139842 : EXECUTING
14:04:57 INFO  State of operation 21139842 : EXECUTING
14:05:00 INFO  State of operation 21139842 : EXECUTING
14:05:02 INFO  State of operation 21139842 : EXECUTING
14:05:04 INFO  State of operation 21139842 : EXECUTING
14:05:06 INFO  State of operation 21139842 : EXECUTING
14:05:09 INFO  State of operation 21139842 : EXECUTING
14:05:11 INFO  State of operation 21139842 : EXECUTING
14:05:13 INFO  State of operation 21139842 : EXECUTING
14:05:16 INFO  State of operation 21139842 : EXECUTING
14:05:18 INFO  State of operation 21139842 : EXECUTING
14:05:21 INFO  State of operation 21139842 : EXECUTING
14:05:23 INFO  State of operation 21139842 : EXECUTING
14:05:25 INFO  State of operation 21139842 : EXECUTING
14:05:27 INFO  State of operation 21139842 : EXECUTING
14:05:30 INFO  State of operation 21139842 : EXECUTING
14:05:32 INFO  State of operation 21139842 : EXECUTING
14:05:35 INFO  State of operation 21139842 : EXECUTING
14:05:37 INFO  State of operation 21139842 : EXECUTING
14:05:39 INFO  State of operation 21139842 : SUCCESSFUL
14:05:39 INFO  Assert that (False == value) with value=False ... passed
14:05:40 INFO  Assert that (False == value) with value=False ... passed
14:05:40 INFO  Assert that (False == value) with value=False ... passed
14:05:40 INFO  Assert that (False == value) with value=False ... passed
14:05:40 INFO  
14:05:40 INFO  cleanup:
14:05:44 INFO  Executed sudo&lt;tedge_disconnect_c8y&gt;, exit status 0
14:05:45 INFO  Executed systemctl&lt;serv_mapper5&gt;, exit status 3
14:05:45 INFO  
14:05:45 INFO  Test duration: 180.61 secs
14:05:45 INFO  Test final outcome:  FAILED
14:05:45 INFO  Test outcome reason: Assert that (False == value) with value=True
14:05:45 INFO  
</system-out>
	</testcase>
</testsuite>
