<?xml version="1.0" encoding="utf-8"?>
<testsuite failures="1" name="SoftwareManagement.sm_apt_install_remove_multiple" skipped="0" tests="1" time="178.99" timestamp="2022-07-22T16:33:04">
	<testcase classname="PySysTest" name="SoftwareManagement.sm_apt_install_remove_multiple">
		<failure message="FAILED: Assert that (False == value) with value=True" type="FAILED"/>
		<system-out>16:30:05 INFO  ==============================================================
16:30:05 INFO  Id:    SoftwareManagement.sm_apt_install_remove_multiple
16:30:05 INFO  Dir:   software_management_end_to_end/
16:30:05 INFO  Title: Validate end to end behaviour for the apt plugin for multiple packages
16:30:05 INFO  ==============================================================
16:30:05 INFO  Using sw id database: {'asciijump': '5475369', 'robotfindskitten': '5474869', 'squirrel3': '5475279', 'rolldice': '5152439', 'moon-buggy': '5439204', 'apple': '5495053', 'banana': '5494888', 'cherry': '5495382', 'watermelon': '5494510', 'registry': '8018911', 'hello-world': '8021526', 'docker/getting-started': '8021973', 'alpine': '7991792'}
16:30:05 INFO  EnvironmentC8y Setup
16:30:05 INFO  Executed systemctl&lt;serv_mapper1&gt;, exit status 3
16:30:06 INFO  Restarting mosquitto too frequently in the last 10 seconds. It was only up for 5 seconds
16:30:06 INFO  Delaying execution by 6 seconds
16:30:26 INFO  Executed sudo&lt;tedge_connect_c8y&gt;, exit status 0, duration 13 secs
16:30:26 INFO  Executed sudo&lt;tedge_connect_c8y_test&gt;, exit status 0
16:30:27 INFO  Executed systemctl&lt;serv_mosq2&gt;, exit status 0
16:30:27 INFO  Executed systemctl&lt;serv_mapper3&gt;, exit status 0
16:30:29 INFO  State of current operation: SUCCESSFUL
16:30:30 INFO  Assert that (False == value) with value=False ... passed
16:30:30 INFO  Assert that (False == value) with value=False ... passed
16:30:30 INFO  Assert that (False == value) with value=False ... passed
16:30:30 INFO  Package robotfindskitten is installed
16:30:30 WARN  Assert that (False == value) with value=True ... failed 
16:30:31 INFO  Response status: 201
16:30:31 INFO  Response to action: {
    &quot;creationTime&quot;: &quot;2022-07-22T16:30:31.168Z&quot;,
    &quot;deviceId&quot;: &quot;21282123&quot;,
    &quot;deviceName&quot;: &quot;m32sd10a&quot;,
    &quot;self&quot;: &quot;https://t493319102.eu-latest.cumulocity.com/devicecontrol/operations/21301370&quot;,
    &quot;id&quot;: &quot;21301370&quot;,
    &quot;status&quot;: &quot;PENDING&quot;,
    &quot;description&quot;: &quot;Apply software changes, triggered from PySys: [{'action': 'install', 'id': '5475369', 'name': 'asciijump', 'url': ' ', 'version': '::apt'}, {'action': 'install', 'id': '5474869', 'name': 'robotfindskitten', 'url': ' ', 'version': '::apt'}, {'action': 'install', 'id': '5475279', 'name': 'squirrel3', 'url': ' ', 'version': '::apt'}]&quot;,
    &quot;c8y_SoftwareUpdate&quot;: [
        {
            &quot;name&quot;: &quot;asciijump&quot;,
            &quot;action&quot;: &quot;install&quot;,
            &quot;id&quot;: &quot;5475369&quot;,
            &quot;version&quot;: &quot;::apt&quot;,
            &quot;url&quot;: &quot; &quot;
        },
        {
            &quot;name&quot;: &quot;robotfindskitten&quot;,
            &quot;action&quot;: &quot;install&quot;,
            &quot;id&quot;: &quot;5474869&quot;,
            &quot;version&quot;: &quot;::apt&quot;,
            &quot;url&quot;: &quot; &quot;
        },
        {
            &quot;name&quot;: &quot;squirrel3&quot;,
            &quot;action&quot;: &quot;install&quot;,
            &quot;id&quot;: &quot;5475279&quot;,
            &quot;version&quot;: &quot;::apt&quot;,
            &quot;url&quot;: &quot; &quot;
        }
    ]
}
16:30:31 INFO  Started operation: {'creationTime': '2022-07-22T16:30:31.168Z', 'deviceId': '21282123', 'deviceName': 'm32sd10a', 'self': 'https://t493319102.eu-latest.cumulocity.com/devicecontrol/operations/21301370', 'id': '21301370', 'status': 'PENDING', 'description': &quot;Apply software changes, triggered from PySys: [{'action': 'install', 'id': '5475369', 'name': 'asciijump', 'url': ' ', 'version': '::apt'}, {'action': 'install', 'id': '5474869', 'name': 'robotfindskitten', 'url': ' ', 'version': '::apt'}, {'action': 'install', 'id': '5475279', 'name': 'squirrel3', 'url': ' ', 'version': '::apt'}]&quot;, 'c8y_SoftwareUpdate': [{'name': 'asciijump', 'action': 'install', 'id': '5475369', 'version': '::apt', 'url': ' '}, {'name': 'robotfindskitten', 'action': 'install', 'id': '5474869', 'version': '::apt', 'url': ' '}, {'name': 'squirrel3', 'action': 'install', 'id': '5475279', 'version': '::apt', 'url': ' '}]}
16:30:33 INFO  State of operation 21301370 : PENDING
16:30:35 INFO  State of operation 21301370 : EXECUTING
16:30:37 INFO  State of operation 21301370 : EXECUTING
16:30:40 INFO  State of operation 21301370 : EXECUTING
16:30:42 INFO  State of operation 21301370 : EXECUTING
16:30:44 INFO  State of operation 21301370 : EXECUTING
16:30:47 INFO  State of operation 21301370 : EXECUTING
16:30:50 INFO  State of operation 21301370 : EXECUTING
16:30:52 INFO  State of operation 21301370 : EXECUTING
16:30:54 INFO  State of operation 21301370 : EXECUTING
16:30:57 INFO  State of operation 21301370 : EXECUTING
16:30:59 INFO  State of operation 21301370 : EXECUTING
16:31:01 INFO  State of operation 21301370 : EXECUTING
16:31:03 INFO  State of operation 21301370 : EXECUTING
16:31:06 INFO  State of operation 21301370 : EXECUTING
16:31:08 INFO  State of operation 21301370 : EXECUTING
16:31:10 INFO  State of operation 21301370 : EXECUTING
16:31:13 INFO  State of operation 21301370 : EXECUTING
16:31:15 INFO  State of operation 21301370 : EXECUTING
16:31:17 INFO  State of operation 21301370 : EXECUTING
16:31:20 INFO  State of operation 21301370 : EXECUTING
16:31:22 INFO  State of operation 21301370 : EXECUTING
16:31:25 INFO  State of operation 21301370 : EXECUTING
16:31:27 INFO  State of operation 21301370 : EXECUTING
16:31:29 INFO  State of operation 21301370 : EXECUTING
16:31:31 INFO  State of operation 21301370 : EXECUTING
16:31:34 INFO  State of operation 21301370 : EXECUTING
16:31:36 INFO  State of operation 21301370 : EXECUTING
16:31:38 INFO  State of operation 21301370 : EXECUTING
16:31:40 INFO  State of operation 21301370 : EXECUTING
16:31:43 INFO  State of operation 21301370 : EXECUTING
16:31:45 INFO  State of operation 21301370 : EXECUTING
16:31:47 INFO  State of operation 21301370 : EXECUTING
16:31:50 INFO  State of operation 21301370 : EXECUTING
16:31:52 INFO  State of operation 21301370 : SUCCESSFUL
16:31:52 INFO  Assert that (False == value) with value=False ... passed
16:31:52 INFO  Package asciijump is installed
16:31:52 INFO  Assert that (True == value) with value=True ... passed
16:31:52 INFO  Package squirrel3 is installed
16:31:52 INFO  Assert that (True == value) with value=True ... passed
16:31:53 INFO  Package robotfindskitten is installed
16:31:53 INFO  Assert that (True == value) with value=True ... passed
16:31:53 INFO  Response status: 201
16:31:53 INFO  Response to action: {
    &quot;creationTime&quot;: &quot;2022-07-22T16:31:53.337Z&quot;,
    &quot;deviceId&quot;: &quot;21282123&quot;,
    &quot;deviceName&quot;: &quot;m32sd10a&quot;,
    &quot;self&quot;: &quot;https://t493319102.eu-latest.cumulocity.com/devicecontrol/operations/21301378&quot;,
    &quot;id&quot;: &quot;21301378&quot;,
    &quot;status&quot;: &quot;PENDING&quot;,
    &quot;description&quot;: &quot;Apply software changes, triggered from PySys: [{'action': 'delete', 'id': '5475369', 'name': 'asciijump', 'url': ' ', 'version': '::apt'}, {'action': 'delete', 'id': '5474869', 'name': 'robotfindskitten', 'url': ' ', 'version': '::apt'}, {'action': 'delete', 'id': '5475279', 'name': 'squirrel3', 'url': ' ', 'version': '::apt'}]&quot;,
    &quot;c8y_SoftwareUpdate&quot;: [
        {
            &quot;name&quot;: &quot;asciijump&quot;,
            &quot;action&quot;: &quot;delete&quot;,
            &quot;id&quot;: &quot;5475369&quot;,
            &quot;version&quot;: &quot;::apt&quot;,
            &quot;url&quot;: &quot; &quot;
        },
        {
            &quot;name&quot;: &quot;robotfindskitten&quot;,
            &quot;action&quot;: &quot;delete&quot;,
            &quot;id&quot;: &quot;5474869&quot;,
            &quot;version&quot;: &quot;::apt&quot;,
            &quot;url&quot;: &quot; &quot;
        },
        {
            &quot;name&quot;: &quot;squirrel3&quot;,
            &quot;action&quot;: &quot;delete&quot;,
            &quot;id&quot;: &quot;5475279&quot;,
            &quot;version&quot;: &quot;::apt&quot;,
            &quot;url&quot;: &quot; &quot;
        }
    ]
}
16:31:53 INFO  Started operation: {'creationTime': '2022-07-22T16:31:53.337Z', 'deviceId': '21282123', 'deviceName': 'm32sd10a', 'self': 'https://t493319102.eu-latest.cumulocity.com/devicecontrol/operations/21301378', 'id': '21301378', 'status': 'PENDING', 'description': &quot;Apply software changes, triggered from PySys: [{'action': 'delete', 'id': '5475369', 'name': 'asciijump', 'url': ' ', 'version': '::apt'}, {'action': 'delete', 'id': '5474869', 'name': 'robotfindskitten', 'url': ' ', 'version': '::apt'}, {'action': 'delete', 'id': '5475279', 'name': 'squirrel3', 'url': ' ', 'version': '::apt'}]&quot;, 'c8y_SoftwareUpdate': [{'name': 'asciijump', 'action': 'delete', 'id': '5475369', 'version': '::apt', 'url': ' '}, {'name': 'robotfindskitten', 'action': 'delete', 'id': '5474869', 'version': '::apt', 'url': ' '}, {'name': 'squirrel3', 'action': 'delete', 'id': '5475279', 'version': '::apt', 'url': ' '}]}
16:31:55 INFO  State of operation 21301378 : PENDING
16:31:57 INFO  State of operation 21301378 : EXECUTING
16:32:00 INFO  State of operation 21301378 : EXECUTING
16:32:02 INFO  State of operation 21301378 : EXECUTING
16:32:04 INFO  State of operation 21301378 : EXECUTING
16:32:06 INFO  State of operation 21301378 : EXECUTING
16:32:09 INFO  State of operation 21301378 : EXECUTING
16:32:12 INFO  State of operation 21301378 : EXECUTING
16:32:14 INFO  State of operation 21301378 : EXECUTING
16:32:16 INFO  State of operation 21301378 : EXECUTING
16:32:19 INFO  State of operation 21301378 : EXECUTING
16:32:21 INFO  State of operation 21301378 : EXECUTING
16:32:23 INFO  State of operation 21301378 : EXECUTING
16:32:25 INFO  State of operation 21301378 : EXECUTING
16:32:28 INFO  State of operation 21301378 : EXECUTING
16:32:30 INFO  State of operation 21301378 : EXECUTING
16:32:32 INFO  State of operation 21301378 : EXECUTING
16:32:35 INFO  State of operation 21301378 : EXECUTING
16:32:37 INFO  State of operation 21301378 : EXECUTING
16:32:40 INFO  State of operation 21301378 : EXECUTING
16:32:42 INFO  State of operation 21301378 : EXECUTING
16:32:44 INFO  State of operation 21301378 : EXECUTING
16:32:46 INFO  State of operation 21301378 : EXECUTING
16:32:49 INFO  State of operation 21301378 : EXECUTING
16:32:51 INFO  State of operation 21301378 : EXECUTING
16:32:54 INFO  State of operation 21301378 : EXECUTING
16:32:56 INFO  State of operation 21301378 : EXECUTING
16:32:58 INFO  State of operation 21301378 : SUCCESSFUL
16:32:58 INFO  Assert that (False == value) with value=False ... passed
16:32:59 INFO  Assert that (False == value) with value=False ... passed
16:32:59 INFO  Assert that (False == value) with value=False ... passed
16:32:59 INFO  Assert that (False == value) with value=False ... passed
16:32:59 INFO  
16:32:59 INFO  cleanup:
16:33:03 INFO  Executed sudo&lt;tedge_disconnect_c8y&gt;, exit status 0
16:33:04 INFO  Executed systemctl&lt;serv_mapper5&gt;, exit status 3
16:33:04 INFO  
16:33:04 INFO  Test duration: 178.99 secs
16:33:04 INFO  Test final outcome:  FAILED
16:33:04 INFO  Test outcome reason: Assert that (False == value) with value=True
16:33:04 INFO  
</system-out>
	</testcase>
</testsuite>
