<?xml version="1.0" encoding="utf-8"?>
<testsuite failures="0" name="apt_prepare" skipped="0" tests="1" time="18.2" timestamp="2022-06-02T08:55:32">
	<testcase classname="AptPluginPrepare" name="apt_prepare"/>
</testsuite>
