<?xml version="1.0" encoding="utf-8"?>
<testsuite failures="1" name="SoftwareManagement.sm_apt_install_remove" skipped="0" tests="1" time="166.23" timestamp="2022-05-24T16:19:07">
	<testcase classname="PySysTest" name="SoftwareManagement.sm_apt_install_remove">
		<failure message="BLOCKED: SystemError: Timeout while waiting for status FAILED or SUCCESSFUL" type="BLOCKED"/>
		<system-out>16:16:21 INFO  ==============================================================
16:16:21 INFO  Id:    SoftwareManagement.sm_apt_install_remove
16:16:21 INFO  Dir:   software_management_end_to_end/
16:16:21 INFO  Title: Validate end to end behaviour for the apt plugin for installation and removal of packages
16:16:21 INFO  ==============================================================
16:16:21 INFO  Using sw id database: {'asciijump': '5475369', 'robotfindskitten': '5474869', 'squirrel3': '5475279', 'rolldice': '5152439', 'moon-buggy': '5439204', 'apple': '5495053', 'banana': '5494888', 'cherry': '5495382', 'watermelon': '5494510', 'registry': '8018911', 'hello-world': '8021526', 'docker/getting-started': '8021973', 'alpine': '7991792'}
16:16:21 INFO  EnvironmentC8y Setup
16:16:21 INFO  Executed systemctl&lt;serv_mapper1&gt;, exit status 3
16:16:21 INFO  Restarting mosquitto too frequently in the last 10 seconds. It was only up for 4 seconds
16:16:21 INFO  Delaying execution by 7 seconds
16:16:42 INFO  Executed sudo&lt;tedge_connect_c8y&gt;, exit status 0, duration 13 secs
16:16:43 INFO  Executed sudo&lt;tedge_connect_c8y_test&gt;, exit status 0
16:16:44 INFO  Executed systemctl&lt;serv_mosq2&gt;, exit status 0
16:16:44 INFO  Executed systemctl&lt;serv_mapper3&gt;, exit status 0
16:16:46 INFO  State of current operation: PENDING
16:16:48 INFO  State of current operation: PENDING
16:16:51 INFO  State of current operation: PENDING
16:16:53 INFO  State of current operation: PENDING
16:16:55 INFO  State of current operation: PENDING
16:16:57 INFO  State of current operation: PENDING
16:17:00 INFO  State of current operation: PENDING
16:17:02 INFO  State of current operation: PENDING
16:17:04 INFO  State of current operation: PENDING
16:17:06 INFO  State of current operation: PENDING
16:17:09 INFO  State of current operation: PENDING
16:17:11 INFO  State of current operation: PENDING
16:17:13 INFO  State of current operation: PENDING
16:17:15 INFO  State of current operation: PENDING
16:17:17 INFO  State of current operation: PENDING
16:17:20 INFO  State of current operation: PENDING
16:17:22 INFO  State of current operation: PENDING
16:17:24 INFO  State of current operation: PENDING
16:17:26 INFO  State of current operation: PENDING
16:17:29 INFO  State of current operation: PENDING
16:17:31 INFO  State of current operation: PENDING
16:17:33 INFO  State of current operation: PENDING
16:17:35 INFO  State of current operation: PENDING
16:17:38 INFO  State of current operation: PENDING
16:17:40 INFO  State of current operation: PENDING
16:17:42 INFO  State of current operation: PENDING
16:17:44 INFO  State of current operation: PENDING
16:17:46 INFO  State of current operation: PENDING
16:17:49 INFO  State of current operation: PENDING
16:17:51 INFO  State of current operation: PENDING
16:17:53 INFO  State of current operation: PENDING
16:17:56 INFO  State of current operation: PENDING
16:17:58 INFO  State of current operation: PENDING
16:18:00 INFO  State of current operation: PENDING
16:18:02 INFO  State of current operation: PENDING
16:18:05 INFO  State of current operation: PENDING
16:18:07 INFO  State of current operation: PENDING
16:18:09 INFO  State of current operation: PENDING
16:18:11 INFO  State of current operation: PENDING
16:18:13 INFO  State of current operation: PENDING
16:18:16 INFO  State of current operation: PENDING
16:18:18 INFO  State of current operation: PENDING
16:18:20 INFO  State of current operation: PENDING
16:18:22 INFO  State of current operation: PENDING
16:18:25 INFO  State of current operation: PENDING
16:18:27 INFO  State of current operation: PENDING
16:18:29 INFO  State of current operation: PENDING
16:18:31 INFO  State of current operation: PENDING
16:18:33 INFO  State of current operation: PENDING
16:18:36 INFO  State of current operation: PENDING
16:18:38 INFO  State of current operation: PENDING
16:18:40 INFO  State of current operation: PENDING
16:18:42 INFO  State of current operation: PENDING
16:18:45 INFO  State of current operation: PENDING
16:18:47 INFO  State of current operation: PENDING
16:18:49 INFO  State of current operation: PENDING
16:18:51 INFO  State of current operation: PENDING
16:18:54 INFO  State of current operation: PENDING
16:18:56 INFO  State of current operation: PENDING
16:18:58 INFO  State of current operation: PENDING
16:19:00 INFO  State of current operation: PENDING
16:19:02 WARN  SystemError occurred while running test - Timeout while waiting for status FAILED or SUCCESSFUL
Traceback (most recent call last):
  File &quot;/home/pi/env-pysys/lib/python3.7/site-packages/pysys/baserunner.py&quot;, line 1292, in __call__
    self.testObj.setup()
  File &quot;/home/pi/actions-runner/_work/thin-edge.io/thin-edge.io/tests/PySys/software_management_end_to_end/sm_apt_install_remove/run.py&quot;, line 27, in setup
    super().setup()
  File &quot;/home/pi/actions-runner/_work/thin-edge.io/thin-edge.io/tests/PySys/software_management_end_to_end/environment_sm_management.py&quot;, line 151, in setup
    self.wait_until_end()
  File &quot;/home/pi/actions-runner/_work/thin-edge.io/thin-edge.io/tests/PySys/software_management_end_to_end/environment_sm_management.py&quot;, line 332, in wait_until_end
    self.wait_until_status(&quot;FAILED&quot;, &quot;SUCCESSFUL&quot;)
  File &quot;/home/pi/actions-runner/_work/thin-edge.io/thin-edge.io/tests/PySys/software_management_end_to_end/environment_sm_management.py&quot;, line 381, in wait_until_status
    &quot;Timeout while waiting for status %s or %s&quot; % (status, status2)
SystemError: Timeout while waiting for status FAILED or SUCCESSFUL
16:19:02 WARN  SystemError: Timeout while waiting for status FAILED or SUCCESSFUL ... blocked 
16:19:02 INFO  
16:19:02 INFO  cleanup:
16:19:06 INFO  Executed sudo&lt;tedge_disconnect_c8y&gt;, exit status 0
16:19:07 INFO  Executed systemctl&lt;serv_mapper5&gt;, exit status 3
16:19:07 INFO  
16:19:07 INFO  Test duration: 166.23 secs
16:19:07 INFO  Test final outcome:  BLOCKED
16:19:07 INFO  Test outcome reason: SystemError: Timeout while waiting for status FAILED or SUCCESSFUL
16:19:07 INFO  
</system-out>
	</testcase>
</testsuite>
