<?xml version="1.0" encoding="utf-8"?>
<testsuite failures="1" name="SoftwareManagement.sm_apt_install_remove" skipped="0" tests="1" time="167.48" timestamp="2022-05-24T11:25:06">
	<testcase classname="PySysTest" name="SoftwareManagement.sm_apt_install_remove">
		<failure message="BLOCKED: SystemError: Timeout while waiting for status FAILED or SUCCESSFUL" type="BLOCKED"/>
		<system-out>11:22:19 INFO  ==============================================================
11:22:19 INFO  Id:    SoftwareManagement.sm_apt_install_remove
11:22:19 INFO  Dir:   software_management_end_to_end/
11:22:19 INFO  Title: Validate end to end behaviour for the apt plugin for installation and removal of packages
11:22:19 INFO  ==============================================================
11:22:19 INFO  Using sw id database: {'asciijump': '5475369', 'robotfindskitten': '5474869', 'squirrel3': '5475279', 'rolldice': '5152439', 'moon-buggy': '5439204', 'apple': '5495053', 'banana': '5494888', 'cherry': '5495382', 'watermelon': '5494510', 'registry': '8018911', 'hello-world': '8021526', 'docker/getting-started': '8021973', 'alpine': '7991792'}
11:22:19 INFO  EnvironmentC8y Setup
11:22:19 INFO  Executed systemctl&lt;serv_mapper1&gt;, exit status 3
11:22:19 INFO  Restarting mosquitto too frequently in the last 10 seconds. It was only up for 4 seconds
11:22:19 INFO  Delaying execution by 7 seconds
11:22:41 INFO  Executed sudo&lt;tedge_connect_c8y&gt;, exit status 0, duration 14 secs
11:22:41 INFO  Executed sudo&lt;tedge_connect_c8y_test&gt;, exit status 0
11:22:42 INFO  Executed systemctl&lt;serv_mosq2&gt;, exit status 0
11:22:42 INFO  Executed systemctl&lt;serv_mapper3&gt;, exit status 0
11:22:44 INFO  State of current operation: PENDING
11:22:47 INFO  State of current operation: PENDING
11:22:49 INFO  State of current operation: PENDING
11:22:51 INFO  State of current operation: PENDING
11:22:53 INFO  State of current operation: PENDING
11:22:56 INFO  State of current operation: PENDING
11:22:58 INFO  State of current operation: PENDING
11:23:00 INFO  State of current operation: PENDING
11:23:03 INFO  State of current operation: PENDING
11:23:05 INFO  State of current operation: PENDING
11:23:07 INFO  State of current operation: PENDING
11:23:09 INFO  State of current operation: PENDING
11:23:11 INFO  State of current operation: PENDING
11:23:14 INFO  State of current operation: PENDING
11:23:16 INFO  State of current operation: PENDING
11:23:18 INFO  State of current operation: PENDING
11:23:20 INFO  State of current operation: PENDING
11:23:23 INFO  State of current operation: PENDING
11:23:25 INFO  State of current operation: PENDING
11:23:27 INFO  State of current operation: PENDING
11:23:29 INFO  State of current operation: PENDING
11:23:31 INFO  State of current operation: PENDING
11:23:34 INFO  State of current operation: PENDING
11:23:36 INFO  State of current operation: PENDING
11:23:38 INFO  State of current operation: PENDING
11:23:40 INFO  State of current operation: PENDING
11:23:43 INFO  State of current operation: PENDING
11:23:45 INFO  State of current operation: PENDING
11:23:47 INFO  State of current operation: PENDING
11:23:49 INFO  State of current operation: PENDING
11:23:52 INFO  State of current operation: PENDING
11:23:54 INFO  State of current operation: PENDING
11:23:56 INFO  State of current operation: PENDING
11:23:59 INFO  State of current operation: PENDING
11:24:01 INFO  State of current operation: PENDING
11:24:03 INFO  State of current operation: PENDING
11:24:05 INFO  State of current operation: PENDING
11:24:08 INFO  State of current operation: PENDING
11:24:10 INFO  State of current operation: PENDING
11:24:12 INFO  State of current operation: PENDING
11:24:14 INFO  State of current operation: PENDING
11:24:16 INFO  State of current operation: PENDING
11:24:19 INFO  State of current operation: PENDING
11:24:21 INFO  State of current operation: PENDING
11:24:23 INFO  State of current operation: PENDING
11:24:25 INFO  State of current operation: PENDING
11:24:28 INFO  State of current operation: PENDING
11:24:30 INFO  State of current operation: PENDING
11:24:32 INFO  State of current operation: PENDING
11:24:34 INFO  State of current operation: PENDING
11:24:37 INFO  State of current operation: PENDING
11:24:39 INFO  State of current operation: PENDING
11:24:41 INFO  State of current operation: PENDING
11:24:44 INFO  State of current operation: PENDING
11:24:46 INFO  State of current operation: PENDING
11:24:48 INFO  State of current operation: PENDING
11:24:50 INFO  State of current operation: PENDING
11:24:53 INFO  State of current operation: PENDING
11:24:55 INFO  State of current operation: PENDING
11:24:57 INFO  State of current operation: PENDING
11:24:59 INFO  State of current operation: PENDING
11:25:01 WARN  SystemError occurred while running test - Timeout while waiting for status FAILED or SUCCESSFUL
Traceback (most recent call last):
  File &quot;/home/pi/env-pysys/lib/python3.7/site-packages/pysys/baserunner.py&quot;, line 1292, in __call__
    self.testObj.setup()
  File &quot;/home/pi/actions-runner/_work/thin-edge.io/thin-edge.io/tests/PySys/software_management_end_to_end/sm_apt_install_remove/run.py&quot;, line 27, in setup
    super().setup()
  File &quot;/home/pi/actions-runner/_work/thin-edge.io/thin-edge.io/tests/PySys/software_management_end_to_end/environment_sm_management.py&quot;, line 151, in setup
    self.wait_until_end()
  File &quot;/home/pi/actions-runner/_work/thin-edge.io/thin-edge.io/tests/PySys/software_management_end_to_end/environment_sm_management.py&quot;, line 332, in wait_until_end
    self.wait_until_status(&quot;FAILED&quot;, &quot;SUCCESSFUL&quot;)
  File &quot;/home/pi/actions-runner/_work/thin-edge.io/thin-edge.io/tests/PySys/software_management_end_to_end/environment_sm_management.py&quot;, line 381, in wait_until_status
    &quot;Timeout while waiting for status %s or %s&quot; % (status, status2)
SystemError: Timeout while waiting for status FAILED or SUCCESSFUL
11:25:01 WARN  SystemError: Timeout while waiting for status FAILED or SUCCESSFUL ... blocked 
11:25:01 INFO  
11:25:01 INFO  cleanup:
11:25:06 INFO  Executed sudo&lt;tedge_disconnect_c8y&gt;, exit status 0
11:25:06 INFO  Executed systemctl&lt;serv_mapper5&gt;, exit status 3
11:25:06 INFO  
11:25:06 INFO  Test duration: 167.48 secs
11:25:06 INFO  Test final outcome:  BLOCKED
11:25:06 INFO  Test outcome reason: SystemError: Timeout while waiting for status FAILED or SUCCESSFUL
11:25:06 INFO  
</system-out>
	</testcase>
</testsuite>
