<?xml version="1.0" encoding="utf-8"?>
<testsuite failures="1" name="SoftwareManagement.sm_apt_install_remove_multiple_mixed" skipped="0" tests="1" time="165.47" timestamp="2022-05-23T09:17:49">
	<testcase classname="PySysTest" name="SoftwareManagement.sm_apt_install_remove_multiple_mixed">
		<failure message="BLOCKED: SystemError: Timeout while waiting for status FAILED or SUCCESSFUL" type="BLOCKED"/>
		<system-out>09:15:03 INFO  ==============================================================
09:15:03 INFO  Id:    SoftwareManagement.sm_apt_install_remove_multiple_mixed
09:15:03 INFO  Dir:   software_management_end_to_end/
09:15:03 INFO  Title: Validate end to end behaviour for the apt plugin for multiple packages with mixed versions
09:15:03 INFO  ==============================================================
09:15:03 INFO  Using sw id database: {'asciijump': '5475369', 'robotfindskitten': '5474869', 'squirrel3': '5475279', 'rolldice': '5152439', 'moon-buggy': '5439204', 'apple': '5495053', 'banana': '5494888', 'cherry': '5495382', 'watermelon': '5494510', 'registry': '8018911', 'hello-world': '8021526', 'docker/getting-started': '8021973', 'alpine': '7991792'}
09:15:03 INFO  EnvironmentC8y Setup
09:15:04 INFO  Executed systemctl&lt;serv_mapper1&gt;, exit status 3
09:15:04 INFO  Restarting mosquitto too frequently in the last 10 seconds. It was only up for 5 seconds
09:15:04 INFO  Delaying execution by 6 seconds
09:15:24 INFO  Executed sudo&lt;tedge_connect_c8y&gt;, exit status 0, duration 14 secs
09:15:25 INFO  Executed sudo&lt;tedge_connect_c8y_test&gt;, exit status 0
09:15:25 INFO  Executed systemctl&lt;serv_mosq2&gt;, exit status 0
09:15:26 INFO  Executed systemctl&lt;serv_mapper3&gt;, exit status 0
09:15:28 INFO  State of current operation: PENDING
09:15:30 INFO  State of current operation: PENDING
09:15:32 INFO  State of current operation: PENDING
09:15:35 INFO  State of current operation: PENDING
09:15:37 INFO  State of current operation: PENDING
09:15:39 INFO  State of current operation: PENDING
09:15:41 INFO  State of current operation: PENDING
09:15:44 INFO  State of current operation: PENDING
09:15:46 INFO  State of current operation: PENDING
09:15:48 INFO  State of current operation: PENDING
09:15:50 INFO  State of current operation: PENDING
09:15:52 INFO  State of current operation: PENDING
09:15:55 INFO  State of current operation: PENDING
09:15:57 INFO  State of current operation: PENDING
09:15:59 INFO  State of current operation: PENDING
09:16:02 INFO  State of current operation: PENDING
09:16:04 INFO  State of current operation: PENDING
09:16:06 INFO  State of current operation: PENDING
09:16:08 INFO  State of current operation: PENDING
09:16:11 INFO  State of current operation: PENDING
09:16:13 INFO  State of current operation: PENDING
09:16:15 INFO  State of current operation: PENDING
09:16:17 INFO  State of current operation: PENDING
09:16:19 INFO  State of current operation: PENDING
09:16:22 INFO  State of current operation: PENDING
09:16:24 INFO  State of current operation: PENDING
09:16:26 INFO  State of current operation: PENDING
09:16:28 INFO  State of current operation: PENDING
09:16:31 INFO  State of current operation: PENDING
09:16:33 INFO  State of current operation: PENDING
09:16:35 INFO  State of current operation: PENDING
09:16:37 INFO  State of current operation: PENDING
09:16:40 INFO  State of current operation: PENDING
09:16:42 INFO  State of current operation: PENDING
09:16:44 INFO  State of current operation: PENDING
09:16:46 INFO  State of current operation: PENDING
09:16:49 INFO  State of current operation: PENDING
09:16:51 INFO  State of current operation: PENDING
09:16:53 INFO  State of current operation: PENDING
09:16:55 INFO  State of current operation: PENDING
09:16:57 INFO  State of current operation: PENDING
09:17:00 INFO  State of current operation: PENDING
09:17:02 INFO  State of current operation: PENDING
09:17:04 INFO  State of current operation: PENDING
09:17:06 INFO  State of current operation: PENDING
09:17:09 INFO  State of current operation: PENDING
09:17:11 INFO  State of current operation: PENDING
09:17:13 INFO  State of current operation: PENDING
09:17:15 INFO  State of current operation: PENDING
09:17:18 INFO  State of current operation: PENDING
09:17:20 INFO  State of current operation: PENDING
09:17:22 INFO  State of current operation: PENDING
09:17:24 INFO  State of current operation: PENDING
09:17:27 INFO  State of current operation: PENDING
09:17:29 INFO  State of current operation: PENDING
09:17:31 INFO  State of current operation: PENDING
09:17:33 INFO  State of current operation: PENDING
09:17:35 INFO  State of current operation: PENDING
09:17:38 INFO  State of current operation: PENDING
09:17:40 INFO  State of current operation: PENDING
09:17:42 INFO  State of current operation: PENDING
09:17:44 WARN  SystemError occurred while running test - Timeout while waiting for status FAILED or SUCCESSFUL
Traceback (most recent call last):
  File &quot;/home/pi/env-pysys/lib/python3.7/site-packages/pysys/baserunner.py&quot;, line 1292, in __call__
    self.testObj.setup()
  File &quot;/home/pi/actions-runner/_work/thin-edge.io/thin-edge.io/tests/PySys/software_management_end_to_end/sm_apt_install_remove_multiple_mixed/run.py&quot;, line 73, in setup
    super().setup()
  File &quot;/home/pi/actions-runner/_work/thin-edge.io/thin-edge.io/tests/PySys/software_management_end_to_end/environment_sm_management.py&quot;, line 151, in setup
    self.wait_until_end()
  File &quot;/home/pi/actions-runner/_work/thin-edge.io/thin-edge.io/tests/PySys/software_management_end_to_end/environment_sm_management.py&quot;, line 332, in wait_until_end
    self.wait_until_status(&quot;FAILED&quot;, &quot;SUCCESSFUL&quot;)
  File &quot;/home/pi/actions-runner/_work/thin-edge.io/thin-edge.io/tests/PySys/software_management_end_to_end/environment_sm_management.py&quot;, line 381, in wait_until_status
    &quot;Timeout while waiting for status %s or %s&quot; % (status, status2)
SystemError: Timeout while waiting for status FAILED or SUCCESSFUL
09:17:44 WARN  SystemError: Timeout while waiting for status FAILED or SUCCESSFUL ... blocked 
09:17:44 INFO  
09:17:44 INFO  cleanup:
09:17:48 INFO  Executed sudo&lt;tedge_disconnect_c8y&gt;, exit status 0
09:17:49 INFO  Executed systemctl&lt;serv_mapper5&gt;, exit status 3
09:17:49 INFO  
09:17:49 INFO  Test duration: 165.47 secs
09:17:49 INFO  Test final outcome:  BLOCKED
09:17:49 INFO  Test outcome reason: SystemError: Timeout while waiting for status FAILED or SUCCESSFUL
09:17:49 INFO  
</system-out>
	</testcase>
</testsuite>
