<?xml version="1.0" encoding="utf-8"?>
<testsuite failures="0" name="apt_install" skipped="0" tests="1" time="64.63" timestamp="2022-07-21T20:16:27">
	<testcase classname="AptPluginInstallDense" name="apt_install"/>
</testsuite>
