<?xml version="1.0" encoding="utf-8"?>
<testsuite failures="1" name="SoftwareManagement.sm_apt_install_remove_multiple" skipped="0" tests="1" time="178.96" timestamp="2022-06-29T17:41:04">
	<testcase classname="PySysTest" name="SoftwareManagement.sm_apt_install_remove_multiple">
		<failure message="FAILED: Assert that (False == value) with value=True" type="FAILED"/>
		<system-out>17:38:05 INFO  ==============================================================
17:38:05 INFO  Id:    SoftwareManagement.sm_apt_install_remove_multiple
17:38:05 INFO  Dir:   software_management_end_to_end/
17:38:05 INFO  Title: Validate end to end behaviour for the apt plugin for multiple packages
17:38:05 INFO  ==============================================================
17:38:05 INFO  Using sw id database: {'asciijump': '5475369', 'robotfindskitten': '5474869', 'squirrel3': '5475279', 'rolldice': '5152439', 'moon-buggy': '5439204', 'apple': '5495053', 'banana': '5494888', 'cherry': '5495382', 'watermelon': '5494510', 'registry': '8018911', 'hello-world': '8021526', 'docker/getting-started': '8021973', 'alpine': '7991792'}
17:38:05 INFO  EnvironmentC8y Setup
17:38:05 INFO  Executed systemctl&lt;serv_mapper1&gt;, exit status 3
17:38:05 INFO  Restarting mosquitto too frequently in the last 10 seconds. It was only up for 5 seconds
17:38:05 INFO  Delaying execution by 6 seconds
17:38:25 INFO  Executed sudo&lt;tedge_connect_c8y&gt;, exit status 0, duration 14 secs
17:38:26 INFO  Executed sudo&lt;tedge_connect_c8y_test&gt;, exit status 0
17:38:27 INFO  Executed systemctl&lt;serv_mosq2&gt;, exit status 0
17:38:27 INFO  Executed systemctl&lt;serv_mapper3&gt;, exit status 0
17:38:29 INFO  State of current operation: SUCCESSFUL
17:38:30 INFO  Assert that (False == value) with value=False ... passed
17:38:30 INFO  Assert that (False == value) with value=False ... passed
17:38:30 INFO  Assert that (False == value) with value=False ... passed
17:38:31 INFO  Package robotfindskitten is installed
17:38:31 WARN  Assert that (False == value) with value=True ... failed 
17:38:31 INFO  Response status: 201
17:38:31 INFO  Response to action: {
    &quot;creationTime&quot;: &quot;2022-06-29T17:38:31.230Z&quot;,
    &quot;deviceId&quot;: &quot;20611989&quot;,
    &quot;deviceName&quot;: &quot;m32sd10a&quot;,
    &quot;self&quot;: &quot;https://t493319102.eu-latest.cumulocity.com/devicecontrol/operations/20626548&quot;,
    &quot;id&quot;: &quot;20626548&quot;,
    &quot;status&quot;: &quot;PENDING&quot;,
    &quot;description&quot;: &quot;Apply software changes, triggered from PySys: [{'action': 'install', 'id': '5475369', 'name': 'asciijump', 'url': ' ', 'version': '::apt'}, {'action': 'install', 'id': '5474869', 'name': 'robotfindskitten', 'url': ' ', 'version': '::apt'}, {'action': 'install', 'id': '5475279', 'name': 'squirrel3', 'url': ' ', 'version': '::apt'}]&quot;,
    &quot;c8y_SoftwareUpdate&quot;: [
        {
            &quot;name&quot;: &quot;asciijump&quot;,
            &quot;action&quot;: &quot;install&quot;,
            &quot;id&quot;: &quot;5475369&quot;,
            &quot;version&quot;: &quot;::apt&quot;,
            &quot;url&quot;: &quot; &quot;
        },
        {
            &quot;name&quot;: &quot;robotfindskitten&quot;,
            &quot;action&quot;: &quot;install&quot;,
            &quot;id&quot;: &quot;5474869&quot;,
            &quot;version&quot;: &quot;::apt&quot;,
            &quot;url&quot;: &quot; &quot;
        },
        {
            &quot;name&quot;: &quot;squirrel3&quot;,
            &quot;action&quot;: &quot;install&quot;,
            &quot;id&quot;: &quot;5475279&quot;,
            &quot;version&quot;: &quot;::apt&quot;,
            &quot;url&quot;: &quot; &quot;
        }
    ]
}
17:38:31 INFO  Started operation: {'creationTime': '2022-06-29T17:38:31.230Z', 'deviceId': '20611989', 'deviceName': 'm32sd10a', 'self': 'https://t493319102.eu-latest.cumulocity.com/devicecontrol/operations/20626548', 'id': '20626548', 'status': 'PENDING', 'description': &quot;Apply software changes, triggered from PySys: [{'action': 'install', 'id': '5475369', 'name': 'asciijump', 'url': ' ', 'version': '::apt'}, {'action': 'install', 'id': '5474869', 'name': 'robotfindskitten', 'url': ' ', 'version': '::apt'}, {'action': 'install', 'id': '5475279', 'name': 'squirrel3', 'url': ' ', 'version': '::apt'}]&quot;, 'c8y_SoftwareUpdate': [{'name': 'asciijump', 'action': 'install', 'id': '5475369', 'version': '::apt', 'url': ' '}, {'name': 'robotfindskitten', 'action': 'install', 'id': '5474869', 'version': '::apt', 'url': ' '}, {'name': 'squirrel3', 'action': 'install', 'id': '5475279', 'version': '::apt', 'url': ' '}]}
17:38:33 INFO  State of operation 20626548 : PENDING
17:38:35 INFO  State of operation 20626548 : EXECUTING
17:38:37 INFO  State of operation 20626548 : EXECUTING
17:38:40 INFO  State of operation 20626548 : EXECUTING
17:38:42 INFO  State of operation 20626548 : EXECUTING
17:38:44 INFO  State of operation 20626548 : EXECUTING
17:38:47 INFO  State of operation 20626548 : EXECUTING
17:38:50 INFO  State of operation 20626548 : EXECUTING
17:38:52 INFO  State of operation 20626548 : EXECUTING
17:38:55 INFO  State of operation 20626548 : EXECUTING
17:38:57 INFO  State of operation 20626548 : EXECUTING
17:38:59 INFO  State of operation 20626548 : EXECUTING
17:39:01 INFO  State of operation 20626548 : EXECUTING
17:39:03 INFO  State of operation 20626548 : EXECUTING
17:39:06 INFO  State of operation 20626548 : EXECUTING
17:39:08 INFO  State of operation 20626548 : EXECUTING
17:39:10 INFO  State of operation 20626548 : EXECUTING
17:39:13 INFO  State of operation 20626548 : EXECUTING
17:39:15 INFO  State of operation 20626548 : EXECUTING
17:39:18 INFO  State of operation 20626548 : EXECUTING
17:39:20 INFO  State of operation 20626548 : EXECUTING
17:39:23 INFO  State of operation 20626548 : EXECUTING
17:39:25 INFO  State of operation 20626548 : EXECUTING
17:39:28 INFO  State of operation 20626548 : EXECUTING
17:39:30 INFO  State of operation 20626548 : EXECUTING
17:39:33 INFO  State of operation 20626548 : EXECUTING
17:39:35 INFO  State of operation 20626548 : EXECUTING
17:39:38 INFO  State of operation 20626548 : EXECUTING
17:39:40 INFO  State of operation 20626548 : EXECUTING
17:39:43 INFO  State of operation 20626548 : EXECUTING
17:39:45 INFO  State of operation 20626548 : EXECUTING
17:39:47 INFO  State of operation 20626548 : EXECUTING
17:39:49 INFO  State of operation 20626548 : EXECUTING
17:39:51 INFO  State of operation 20626548 : SUCCESSFUL
17:39:52 INFO  Assert that (False == value) with value=False ... passed
17:39:52 INFO  Package asciijump is installed
17:39:52 INFO  Assert that (True == value) with value=True ... passed
17:39:52 INFO  Package squirrel3 is installed
17:39:52 INFO  Assert that (True == value) with value=True ... passed
17:39:52 INFO  Package robotfindskitten is installed
17:39:52 INFO  Assert that (True == value) with value=True ... passed
17:39:53 INFO  Response status: 201
17:39:53 INFO  Response to action: {
    &quot;creationTime&quot;: &quot;2022-06-29T17:39:52.982Z&quot;,
    &quot;deviceId&quot;: &quot;20611989&quot;,
    &quot;deviceName&quot;: &quot;m32sd10a&quot;,
    &quot;self&quot;: &quot;https://t493319102.eu-latest.cumulocity.com/devicecontrol/operations/20626556&quot;,
    &quot;id&quot;: &quot;20626556&quot;,
    &quot;status&quot;: &quot;PENDING&quot;,
    &quot;description&quot;: &quot;Apply software changes, triggered from PySys: [{'action': 'delete', 'id': '5475369', 'name': 'asciijump', 'url': ' ', 'version': '::apt'}, {'action': 'delete', 'id': '5474869', 'name': 'robotfindskitten', 'url': ' ', 'version': '::apt'}, {'action': 'delete', 'id': '5475279', 'name': 'squirrel3', 'url': ' ', 'version': '::apt'}]&quot;,
    &quot;c8y_SoftwareUpdate&quot;: [
        {
            &quot;name&quot;: &quot;asciijump&quot;,
            &quot;action&quot;: &quot;delete&quot;,
            &quot;id&quot;: &quot;5475369&quot;,
            &quot;version&quot;: &quot;::apt&quot;,
            &quot;url&quot;: &quot; &quot;
        },
        {
            &quot;name&quot;: &quot;robotfindskitten&quot;,
            &quot;action&quot;: &quot;delete&quot;,
            &quot;id&quot;: &quot;5474869&quot;,
            &quot;version&quot;: &quot;::apt&quot;,
            &quot;url&quot;: &quot; &quot;
        },
        {
            &quot;name&quot;: &quot;squirrel3&quot;,
            &quot;action&quot;: &quot;delete&quot;,
            &quot;id&quot;: &quot;5475279&quot;,
            &quot;version&quot;: &quot;::apt&quot;,
            &quot;url&quot;: &quot; &quot;
        }
    ]
}
17:39:53 INFO  Started operation: {'creationTime': '2022-06-29T17:39:52.982Z', 'deviceId': '20611989', 'deviceName': 'm32sd10a', 'self': 'https://t493319102.eu-latest.cumulocity.com/devicecontrol/operations/20626556', 'id': '20626556', 'status': 'PENDING', 'description': &quot;Apply software changes, triggered from PySys: [{'action': 'delete', 'id': '5475369', 'name': 'asciijump', 'url': ' ', 'version': '::apt'}, {'action': 'delete', 'id': '5474869', 'name': 'robotfindskitten', 'url': ' ', 'version': '::apt'}, {'action': 'delete', 'id': '5475279', 'name': 'squirrel3', 'url': ' ', 'version': '::apt'}]&quot;, 'c8y_SoftwareUpdate': [{'name': 'asciijump', 'action': 'delete', 'id': '5475369', 'version': '::apt', 'url': ' '}, {'name': 'robotfindskitten', 'action': 'delete', 'id': '5474869', 'version': '::apt', 'url': ' '}, {'name': 'squirrel3', 'action': 'delete', 'id': '5475279', 'version': '::apt', 'url': ' '}]}
17:39:55 INFO  State of operation 20626556 : PENDING
17:39:57 INFO  State of operation 20626556 : EXECUTING
17:39:59 INFO  State of operation 20626556 : EXECUTING
17:40:01 INFO  State of operation 20626556 : EXECUTING
17:40:04 INFO  State of operation 20626556 : EXECUTING
17:40:06 INFO  State of operation 20626556 : EXECUTING
17:40:09 INFO  State of operation 20626556 : EXECUTING
17:40:11 INFO  State of operation 20626556 : EXECUTING
17:40:14 INFO  State of operation 20626556 : EXECUTING
17:40:16 INFO  State of operation 20626556 : EXECUTING
17:40:18 INFO  State of operation 20626556 : EXECUTING
17:40:21 INFO  State of operation 20626556 : EXECUTING
17:40:23 INFO  State of operation 20626556 : EXECUTING
17:40:25 INFO  State of operation 20626556 : EXECUTING
17:40:27 INFO  State of operation 20626556 : EXECUTING
17:40:30 INFO  State of operation 20626556 : EXECUTING
17:40:32 INFO  State of operation 20626556 : EXECUTING
17:40:35 INFO  State of operation 20626556 : EXECUTING
17:40:37 INFO  State of operation 20626556 : EXECUTING
17:40:39 INFO  State of operation 20626556 : EXECUTING
17:40:42 INFO  State of operation 20626556 : EXECUTING
17:40:44 INFO  State of operation 20626556 : EXECUTING
17:40:46 INFO  State of operation 20626556 : EXECUTING
17:40:48 INFO  State of operation 20626556 : EXECUTING
17:40:51 INFO  State of operation 20626556 : EXECUTING
17:40:54 INFO  State of operation 20626556 : EXECUTING
17:40:56 INFO  State of operation 20626556 : EXECUTING
17:40:58 INFO  State of operation 20626556 : SUCCESSFUL
17:40:58 INFO  Assert that (False == value) with value=False ... passed
17:40:58 INFO  Assert that (False == value) with value=False ... passed
17:40:59 INFO  Assert that (False == value) with value=False ... passed
17:40:59 INFO  Assert that (False == value) with value=False ... passed
17:40:59 INFO  
17:40:59 INFO  cleanup:
17:41:03 INFO  Executed sudo&lt;tedge_disconnect_c8y&gt;, exit status 0
17:41:04 INFO  Executed systemctl&lt;serv_mapper5&gt;, exit status 3
17:41:04 INFO  
17:41:04 INFO  Test duration: 178.96 secs
17:41:04 INFO  Test final outcome:  FAILED
17:41:04 INFO  Test outcome reason: Assert that (False == value) with value=True
17:41:04 INFO  
</system-out>
	</testcase>
</testsuite>
