<?xml version="1.0" encoding="utf-8"?>
<testsuite failures="0" name="SoftwareManagement.sm_apt_install_remove" skipped="0" tests="1" time="159.05" timestamp="2022-06-08T12:07:10">
	<testcase classname="PySysTest" name="SoftwareManagement.sm_apt_install_remove"/>
</testsuite>
