<?xml version="1.0" encoding="utf-8"?>
<testsuite failures="1" name="SoftwareManagement.sm_apt_install_remove_multiple_mixed" skipped="0" tests="1" time="178.29" timestamp="2022-06-29T12:43:52">
	<testcase classname="PySysTest" name="SoftwareManagement.sm_apt_install_remove_multiple_mixed">
		<failure message="BLOCKED: SystemError: Timeout while waiting for status SUCCESSFUL or False" type="BLOCKED"/>
		<system-out>12:40:54 INFO  ==============================================================
12:40:54 INFO  Id:    SoftwareManagement.sm_apt_install_remove_multiple_mixed
12:40:54 INFO  Dir:   software_management_end_to_end/
12:40:54 INFO  Title: Validate end to end behaviour for the apt plugin for multiple packages with mixed versions
12:40:54 INFO  ==============================================================
12:40:54 INFO  Using sw id database: {'asciijump': '5475369', 'robotfindskitten': '5474869', 'squirrel3': '5475279', 'rolldice': '5152439', 'moon-buggy': '5439204', 'apple': '5495053', 'banana': '5494888', 'cherry': '5495382', 'watermelon': '5494510', 'registry': '8018911', 'hello-world': '8021526', 'docker/getting-started': '8021973', 'alpine': '7991792'}
12:40:54 INFO  EnvironmentC8y Setup
12:40:54 INFO  Executed systemctl&lt;serv_mapper1&gt;, exit status 3
12:40:54 INFO  Restarting mosquitto too frequently in the last 10 seconds. It was only up for 5 seconds
12:40:54 INFO  Delaying execution by 6 seconds
12:41:14 INFO  Executed sudo&lt;tedge_connect_c8y&gt;, exit status 0, duration 13 secs
12:41:15 INFO  Executed sudo&lt;tedge_connect_c8y_test&gt;, exit status 0
12:41:15 INFO  Executed systemctl&lt;serv_mosq2&gt;, exit status 0
12:41:16 INFO  Executed systemctl&lt;serv_mapper3&gt;, exit status 0
12:41:18 INFO  State of current operation: SUCCESSFUL
12:41:18 INFO  Assert that (False == value) with value=False ... passed
12:41:18 INFO  Assert that (False == value) with value=False ... passed
12:41:19 INFO  Assert that (False == value) with value=False ... passed
12:41:19 INFO  Assert that (False == value) with value=False ... passed
12:41:19 INFO  Assert that (False == value) with value=False ... passed
12:41:20 INFO  Response status: 201
12:41:20 INFO  Response to action: {
    &quot;creationTime&quot;: &quot;2022-06-29T12:41:20.850Z&quot;,
    &quot;deviceId&quot;: &quot;20565436&quot;,
    &quot;deviceName&quot;: &quot;m32sd10a&quot;,
    &quot;self&quot;: &quot;https://t493319102.eu-latest.cumulocity.com/devicecontrol/operations/20610516&quot;,
    &quot;id&quot;: &quot;20610516&quot;,
    &quot;status&quot;: &quot;PENDING&quot;,
    &quot;description&quot;: &quot;Apply software changes, triggered from PySys: [{'action': 'install', 'id': '5475369', 'name': 'asciijump', 'url': ' ', 'version': '::apt'}, {'action': 'install', 'id': '5474869', 'name': 'robotfindskitten', 'url': ' ', 'version': ' '}, {'action': 'install', 'id': '5475279', 'name': 'squirrel3', 'url': ' ', 'version': '3.1-7::apt'}, {'action': 'install', 'id': '5152439', 'name': 'rolldice', 'url': ' ', 'version': '1.16-1+b1'}, {'action': 'install', 'id': '5439204', 'name': 'moon-buggy', 'url': ' ', 'version': '1:1.0.51-12'}, {'action': 'install', 'id': '5475369', 'name': 'asciijump', 'url': ' ', 'version': '::apt'}]&quot;,
    &quot;c8y_SoftwareUpdate&quot;: [
        {
            &quot;name&quot;: &quot;asciijump&quot;,
            &quot;action&quot;: &quot;install&quot;,
            &quot;id&quot;: &quot;5475369&quot;,
            &quot;version&quot;: &quot;::apt&quot;,
            &quot;url&quot;: &quot; &quot;
        },
        {
            &quot;name&quot;: &quot;robotfindskitten&quot;,
            &quot;action&quot;: &quot;install&quot;,
            &quot;id&quot;: &quot;5474869&quot;,
            &quot;version&quot;: &quot; &quot;,
            &quot;url&quot;: &quot; &quot;
        },
        {
            &quot;name&quot;: &quot;squirrel3&quot;,
            &quot;action&quot;: &quot;install&quot;,
            &quot;id&quot;: &quot;5475279&quot;,
            &quot;version&quot;: &quot;3.1-7::apt&quot;,
            &quot;url&quot;: &quot; &quot;
        },
        {
            &quot;name&quot;: &quot;rolldice&quot;,
            &quot;action&quot;: &quot;install&quot;,
            &quot;id&quot;: &quot;5152439&quot;,
            &quot;version&quot;: &quot;1.16-1+b1&quot;,
            &quot;url&quot;: &quot; &quot;
        },
        {
            &quot;name&quot;: &quot;moon-buggy&quot;,
            &quot;action&quot;: &quot;install&quot;,
            &quot;id&quot;: &quot;5439204&quot;,
            &quot;version&quot;: &quot;1:1.0.51-12&quot;,
            &quot;url&quot;: &quot; &quot;
        },
        {
            &quot;name&quot;: &quot;asciijump&quot;,
            &quot;action&quot;: &quot;install&quot;,
            &quot;id&quot;: &quot;5475369&quot;,
            &quot;version&quot;: &quot;::apt&quot;,
            &quot;url&quot;: &quot; &quot;
        }
    ]
}
12:41:20 INFO  Started operation: {'creationTime': '2022-06-29T12:41:20.850Z', 'deviceId': '20565436', 'deviceName': 'm32sd10a', 'self': 'https://t493319102.eu-latest.cumulocity.com/devicecontrol/operations/20610516', 'id': '20610516', 'status': 'PENDING', 'description': &quot;Apply software changes, triggered from PySys: [{'action': 'install', 'id': '5475369', 'name': 'asciijump', 'url': ' ', 'version': '::apt'}, {'action': 'install', 'id': '5474869', 'name': 'robotfindskitten', 'url': ' ', 'version': ' '}, {'action': 'install', 'id': '5475279', 'name': 'squirrel3', 'url': ' ', 'version': '3.1-7::apt'}, {'action': 'install', 'id': '5152439', 'name': 'rolldice', 'url': ' ', 'version': '1.16-1+b1'}, {'action': 'install', 'id': '5439204', 'name': 'moon-buggy', 'url': ' ', 'version': '1:1.0.51-12'}, {'action': 'install', 'id': '5475369', 'name': 'asciijump', 'url': ' ', 'version': '::apt'}]&quot;, 'c8y_SoftwareUpdate': [{'name': 'asciijump', 'action': 'install', 'id': '5475369', 'version': '::apt', 'url': ' '}, {'name': 'robotfindskitten', 'action': 'install', 'id': '5474869', 'version': ' ', 'url': ' '}, {'name': 'squirrel3', 'action': 'install', 'id': '5475279', 'version': '3.1-7::apt', 'url': ' '}, {'name': 'rolldice', 'action': 'install', 'id': '5152439', 'version': '1.16-1+b1', 'url': ' '}, {'name': 'moon-buggy', 'action': 'install', 'id': '5439204', 'version': '1:1.0.51-12', 'url': ' '}, {'name': 'asciijump', 'action': 'install', 'id': '5475369', 'version': '::apt', 'url': ' '}]}
12:41:23 INFO  State of operation 20610516 : PENDING
12:41:25 INFO  State of operation 20610516 : EXECUTING
12:41:27 INFO  State of operation 20610516 : EXECUTING
12:41:29 INFO  State of operation 20610516 : EXECUTING
12:41:32 INFO  State of operation 20610516 : EXECUTING
12:41:34 INFO  State of operation 20610516 : EXECUTING
12:41:36 INFO  State of operation 20610516 : EXECUTING
12:41:39 INFO  State of operation 20610516 : EXECUTING
12:41:42 INFO  State of operation 20610516 : EXECUTING
12:41:44 INFO  State of operation 20610516 : EXECUTING
12:41:46 INFO  State of operation 20610516 : EXECUTING
12:41:48 INFO  State of operation 20610516 : EXECUTING
12:41:51 INFO  State of operation 20610516 : EXECUTING
12:41:53 INFO  State of operation 20610516 : EXECUTING
12:41:55 INFO  State of operation 20610516 : EXECUTING
12:41:57 INFO  State of operation 20610516 : EXECUTING
12:42:00 INFO  State of operation 20610516 : EXECUTING
12:42:03 INFO  State of operation 20610516 : EXECUTING
12:42:05 INFO  State of operation 20610516 : EXECUTING
12:42:07 INFO  State of operation 20610516 : EXECUTING
12:42:09 INFO  State of operation 20610516 : EXECUTING
12:42:12 INFO  State of operation 20610516 : EXECUTING
12:42:14 INFO  State of operation 20610516 : EXECUTING
12:42:17 INFO  State of operation 20610516 : EXECUTING
12:42:19 INFO  State of operation 20610516 : EXECUTING
12:42:22 INFO  State of operation 20610516 : EXECUTING
12:42:24 INFO  State of operation 20610516 : EXECUTING
12:42:26 INFO  State of operation 20610516 : EXECUTING
12:42:28 INFO  State of operation 20610516 : EXECUTING
12:42:31 INFO  State of operation 20610516 : EXECUTING
12:42:33 INFO  State of operation 20610516 : EXECUTING
12:42:35 INFO  State of operation 20610516 : EXECUTING
12:42:37 INFO  State of operation 20610516 : EXECUTING
12:42:40 INFO  State of operation 20610516 : EXECUTING
12:42:42 INFO  State of operation 20610516 : EXECUTING
12:42:44 INFO  State of operation 20610516 : EXECUTING
12:42:46 INFO  State of operation 20610516 : EXECUTING
12:42:49 INFO  State of operation 20610516 : EXECUTING
12:42:51 INFO  State of operation 20610516 : EXECUTING
12:42:54 INFO  State of operation 20610516 : EXECUTING
12:42:56 INFO  State of operation 20610516 : EXECUTING
12:42:59 INFO  State of operation 20610516 : EXECUTING
12:43:01 INFO  State of operation 20610516 : EXECUTING
12:43:03 INFO  State of operation 20610516 : EXECUTING
12:43:05 INFO  State of operation 20610516 : EXECUTING
12:43:07 INFO  State of operation 20610516 : EXECUTING
12:43:10 INFO  State of operation 20610516 : EXECUTING
12:43:12 INFO  State of operation 20610516 : EXECUTING
12:43:14 INFO  State of operation 20610516 : EXECUTING
12:43:17 INFO  State of operation 20610516 : EXECUTING
12:43:19 INFO  State of operation 20610516 : EXECUTING
12:43:22 INFO  State of operation 20610516 : EXECUTING
12:43:24 INFO  State of operation 20610516 : EXECUTING
12:43:27 INFO  State of operation 20610516 : EXECUTING
12:43:29 INFO  State of operation 20610516 : EXECUTING
12:43:31 INFO  State of operation 20610516 : EXECUTING
12:43:33 INFO  State of operation 20610516 : EXECUTING
12:43:36 INFO  State of operation 20610516 : EXECUTING
12:43:38 INFO  State of operation 20610516 : EXECUTING
12:43:40 INFO  State of operation 20610516 : EXECUTING
12:43:43 INFO  State of operation 20610516 : EXECUTING
12:43:45 WARN  SystemError occurred while running test - Timeout while waiting for status SUCCESSFUL or False
Traceback (most recent call last):
  File &quot;/home/pi/env-pysys/lib/python3.7/site-packages/pysys/baserunner.py&quot;, line 1294, in __call__
    self.testObj.execute()
  File &quot;/home/pi/actions-runner/_work/thin-edge.io/thin-edge.io/tests/PySys/software_management_end_to_end/sm_apt_install_remove_multiple_mixed/run.py&quot;, line 89, in execute
    self.wait_until_succcess()
  File &quot;/home/pi/actions-runner/_work/thin-edge.io/thin-edge.io/tests/PySys/software_management_end_to_end/environment_sm_management.py&quot;, line 324, in wait_until_succcess
    self.wait_until_status(&quot;SUCCESSFUL&quot;)
  File &quot;/home/pi/actions-runner/_work/thin-edge.io/thin-edge.io/tests/PySys/software_management_end_to_end/environment_sm_management.py&quot;, line 381, in wait_until_status
    &quot;Timeout while waiting for status %s or %s&quot; % (status, status2)
SystemError: Timeout while waiting for status SUCCESSFUL or False
12:43:45 WARN  SystemError: Timeout while waiting for status SUCCESSFUL or False ... blocked 
12:43:45 INFO  
12:43:45 INFO  cleanup:
12:43:51 INFO  Executed sudo&lt;tedge_disconnect_c8y&gt;, exit status 0
12:43:52 INFO  Executed systemctl&lt;serv_mapper5&gt;, exit status 3
12:43:52 INFO  
12:43:52 INFO  Test duration: 178.29 secs
12:43:52 INFO  Test final outcome:  BLOCKED
12:43:52 INFO  Test outcome reason: SystemError: Timeout while waiting for status SUCCESSFUL or False
12:43:52 INFO  
</system-out>
	</testcase>
</testsuite>
