<?xml version="1.0" encoding="utf-8"?>
<testsuite failures="1" name="SoftwareManagement.sm_apt_install_fail" skipped="0" tests="1" time="166.1" timestamp="2022-05-25T11:30:30">
	<testcase classname="PySysTest" name="SoftwareManagement.sm_apt_install_fail">
		<failure message="BLOCKED: SystemError: Timeout while waiting for status FAILED or SUCCESSFUL" type="BLOCKED"/>
		<system-out>11:27:44 INFO  ==============================================================
11:27:44 INFO  Id:    SoftwareManagement.sm_apt_install_fail
11:27:44 INFO  Dir:   software_management_end_to_end/
11:27:44 INFO  Title: Validate end to end behaviour for a failing installation
11:27:44 INFO  ==============================================================
11:27:44 INFO  Using sw id database: {'asciijump': '5475369', 'robotfindskitten': '5474869', 'squirrel3': '5475279', 'rolldice': '5152439', 'moon-buggy': '5439204', 'apple': '5495053', 'banana': '5494888', 'cherry': '5495382', 'watermelon': '5494510', 'registry': '8018911', 'hello-world': '8021526', 'docker/getting-started': '8021973', 'alpine': '7991792'}
11:27:44 INFO  EnvironmentC8y Setup
11:27:45 INFO  Executed systemctl&lt;serv_mapper1&gt;, exit status 3
11:27:45 INFO  Restarting mosquitto too frequently in the last 10 seconds. It was only up for 5 seconds
11:27:45 INFO  Delaying execution by 6 seconds
11:28:05 INFO  Executed sudo&lt;tedge_connect_c8y&gt;, exit status 0, duration 13 secs
11:28:05 INFO  Executed sudo&lt;tedge_connect_c8y_test&gt;, exit status 0
11:28:06 INFO  Executed systemctl&lt;serv_mosq2&gt;, exit status 0
11:28:06 INFO  Executed systemctl&lt;serv_mapper3&gt;, exit status 0
11:28:08 INFO  State of current operation: PENDING
11:28:11 INFO  State of current operation: PENDING
11:28:13 INFO  State of current operation: PENDING
11:28:15 INFO  State of current operation: PENDING
11:28:17 INFO  State of current operation: PENDING
11:28:20 INFO  State of current operation: PENDING
11:28:22 INFO  State of current operation: PENDING
11:28:24 INFO  State of current operation: PENDING
11:28:26 INFO  State of current operation: PENDING
11:28:29 INFO  State of current operation: PENDING
11:28:31 INFO  State of current operation: PENDING
11:28:33 INFO  State of current operation: PENDING
11:28:35 INFO  State of current operation: PENDING
11:28:37 INFO  State of current operation: PENDING
11:28:40 INFO  State of current operation: PENDING
11:28:42 INFO  State of current operation: PENDING
11:28:44 INFO  State of current operation: PENDING
11:28:47 INFO  State of current operation: PENDING
11:28:49 INFO  State of current operation: PENDING
11:28:51 INFO  State of current operation: PENDING
11:28:53 INFO  State of current operation: PENDING
11:28:55 INFO  State of current operation: PENDING
11:28:58 INFO  State of current operation: PENDING
11:29:00 INFO  State of current operation: PENDING
11:29:02 INFO  State of current operation: PENDING
11:29:04 INFO  State of current operation: PENDING
11:29:07 INFO  State of current operation: PENDING
11:29:09 INFO  State of current operation: PENDING
11:29:11 INFO  State of current operation: PENDING
11:29:13 INFO  State of current operation: PENDING
11:29:15 INFO  State of current operation: PENDING
11:29:18 INFO  State of current operation: PENDING
11:29:20 INFO  State of current operation: PENDING
11:29:22 INFO  State of current operation: PENDING
11:29:24 INFO  State of current operation: PENDING
11:29:27 INFO  State of current operation: PENDING
11:29:29 INFO  State of current operation: PENDING
11:29:31 INFO  State of current operation: PENDING
11:29:33 INFO  State of current operation: PENDING
11:29:36 INFO  State of current operation: PENDING
11:29:38 INFO  State of current operation: PENDING
11:29:40 INFO  State of current operation: PENDING
11:29:42 INFO  State of current operation: PENDING
11:29:44 INFO  State of current operation: PENDING
11:29:47 INFO  State of current operation: PENDING
11:29:49 INFO  State of current operation: PENDING
11:29:51 INFO  State of current operation: PENDING
11:29:53 INFO  State of current operation: PENDING
11:29:56 INFO  State of current operation: PENDING
11:29:58 INFO  State of current operation: PENDING
11:30:00 INFO  State of current operation: PENDING
11:30:02 INFO  State of current operation: PENDING
11:30:05 INFO  State of current operation: PENDING
11:30:07 INFO  State of current operation: PENDING
11:30:09 INFO  State of current operation: PENDING
11:30:11 INFO  State of current operation: PENDING
11:30:13 INFO  State of current operation: PENDING
11:30:16 INFO  State of current operation: PENDING
11:30:18 INFO  State of current operation: PENDING
11:30:20 INFO  State of current operation: PENDING
11:30:23 INFO  State of current operation: PENDING
11:30:25 WARN  SystemError occurred while running test - Timeout while waiting for status FAILED or SUCCESSFUL
Traceback (most recent call last):
  File &quot;/home/pi/env-pysys/lib/python3.7/site-packages/pysys/baserunner.py&quot;, line 1292, in __call__
    self.testObj.setup()
  File &quot;/home/pi/actions-runner/_work/thin-edge.io/thin-edge.io/tests/PySys/software_management_end_to_end/sm_apt_install_fail/run.py&quot;, line 20, in setup
    super().setup()
  File &quot;/home/pi/actions-runner/_work/thin-edge.io/thin-edge.io/tests/PySys/software_management_end_to_end/environment_sm_management.py&quot;, line 151, in setup
    self.wait_until_end()
  File &quot;/home/pi/actions-runner/_work/thin-edge.io/thin-edge.io/tests/PySys/software_management_end_to_end/environment_sm_management.py&quot;, line 332, in wait_until_end
    self.wait_until_status(&quot;FAILED&quot;, &quot;SUCCESSFUL&quot;)
  File &quot;/home/pi/actions-runner/_work/thin-edge.io/thin-edge.io/tests/PySys/software_management_end_to_end/environment_sm_management.py&quot;, line 381, in wait_until_status
    &quot;Timeout while waiting for status %s or %s&quot; % (status, status2)
SystemError: Timeout while waiting for status FAILED or SUCCESSFUL
11:30:25 WARN  SystemError: Timeout while waiting for status FAILED or SUCCESSFUL ... blocked 
11:30:25 INFO  
11:30:25 INFO  cleanup:
11:30:30 INFO  Executed sudo&lt;tedge_disconnect_c8y&gt;, exit status 0
11:30:30 INFO  Executed systemctl&lt;serv_mapper5&gt;, exit status 3
11:30:30 INFO  
11:30:30 INFO  Test duration: 166.10 secs
11:30:30 INFO  Test final outcome:  BLOCKED
11:30:30 INFO  Test outcome reason: SystemError: Timeout while waiting for status FAILED or SUCCESSFUL
11:30:30 INFO  
</system-out>
	</testcase>
</testsuite>
