<?xml version="1.0" encoding="utf-8"?>
<testsuite failures="1" name="SoftwareManagement.sm_apt_install_remove_multiple" skipped="0" tests="1" time="204.63" timestamp="2022-07-21T19:11:25">
	<testcase classname="PySysTest" name="SoftwareManagement.sm_apt_install_remove_multiple">
		<failure message="FAILED: Assert that (False == value) with value=True" type="FAILED"/>
		<system-out>19:08:00 INFO  ==============================================================
19:08:00 INFO  Id:    SoftwareManagement.sm_apt_install_remove_multiple
19:08:00 INFO  Dir:   software_management_end_to_end/
19:08:00 INFO  Title: Validate end to end behaviour for the apt plugin for multiple packages
19:08:00 INFO  ==============================================================
19:08:00 INFO  Using sw id database: {'asciijump': '5475369', 'robotfindskitten': '5474869', 'squirrel3': '5475279', 'rolldice': '5152439', 'moon-buggy': '5439204', 'apple': '5495053', 'banana': '5494888', 'cherry': '5495382', 'watermelon': '5494510', 'registry': '8018911', 'hello-world': '8021526', 'docker/getting-started': '8021973', 'alpine': '7991792'}
19:08:00 INFO  EnvironmentC8y Setup
19:08:01 INFO  Executed systemctl&lt;serv_mapper1&gt;, exit status 3
19:08:01 INFO  Restarting mosquitto too frequently in the last 10 seconds. It was only up for 6 seconds
19:08:01 INFO  Delaying execution by 5 seconds
19:08:27 INFO  Executed sudo&lt;tedge_connect_c8y&gt;, exit status 0, duration 20 secs
19:08:28 INFO  Executed sudo&lt;tedge_connect_c8y_test&gt;, exit status 0
19:08:28 INFO  Executed systemctl&lt;serv_mosq2&gt;, exit status 0
19:08:29 INFO  Executed systemctl&lt;serv_mapper3&gt;, exit status 0
19:08:31 INFO  State of current operation: SUCCESSFUL
19:08:32 INFO  Assert that (False == value) with value=False ... passed
19:08:32 INFO  Assert that (False == value) with value=False ... passed
19:08:32 INFO  Assert that (False == value) with value=False ... passed
19:08:33 INFO  Package robotfindskitten is installed
19:08:33 WARN  Assert that (False == value) with value=True ... failed 
19:08:33 INFO  Response status: 201
19:08:33 INFO  Response to action: {
    &quot;creationTime&quot;: &quot;2022-07-21T19:08:33.378Z&quot;,
    &quot;deviceId&quot;: &quot;21164556&quot;,
    &quot;deviceName&quot;: &quot;m32sd10a&quot;,
    &quot;self&quot;: &quot;https://t493319102.eu-latest.cumulocity.com/devicecontrol/operations/21172552&quot;,
    &quot;id&quot;: &quot;21172552&quot;,
    &quot;status&quot;: &quot;PENDING&quot;,
    &quot;description&quot;: &quot;Apply software changes, triggered from PySys: [{'action': 'install', 'id': '5475369', 'name': 'asciijump', 'url': ' ', 'version': '::apt'}, {'action': 'install', 'id': '5474869', 'name': 'robotfindskitten', 'url': ' ', 'version': '::apt'}, {'action': 'install', 'id': '5475279', 'name': 'squirrel3', 'url': ' ', 'version': '::apt'}]&quot;,
    &quot;c8y_SoftwareUpdate&quot;: [
        {
            &quot;name&quot;: &quot;asciijump&quot;,
            &quot;action&quot;: &quot;install&quot;,
            &quot;id&quot;: &quot;5475369&quot;,
            &quot;version&quot;: &quot;::apt&quot;,
            &quot;url&quot;: &quot; &quot;
        },
        {
            &quot;name&quot;: &quot;robotfindskitten&quot;,
            &quot;action&quot;: &quot;install&quot;,
            &quot;id&quot;: &quot;5474869&quot;,
            &quot;version&quot;: &quot;::apt&quot;,
            &quot;url&quot;: &quot; &quot;
        },
        {
            &quot;name&quot;: &quot;squirrel3&quot;,
            &quot;action&quot;: &quot;install&quot;,
            &quot;id&quot;: &quot;5475279&quot;,
            &quot;version&quot;: &quot;::apt&quot;,
            &quot;url&quot;: &quot; &quot;
        }
    ]
}
19:08:33 INFO  Started operation: {'creationTime': '2022-07-21T19:08:33.378Z', 'deviceId': '21164556', 'deviceName': 'm32sd10a', 'self': 'https://t493319102.eu-latest.cumulocity.com/devicecontrol/operations/21172552', 'id': '21172552', 'status': 'PENDING', 'description': &quot;Apply software changes, triggered from PySys: [{'action': 'install', 'id': '5475369', 'name': 'asciijump', 'url': ' ', 'version': '::apt'}, {'action': 'install', 'id': '5474869', 'name': 'robotfindskitten', 'url': ' ', 'version': '::apt'}, {'action': 'install', 'id': '5475279', 'name': 'squirrel3', 'url': ' ', 'version': '::apt'}]&quot;, 'c8y_SoftwareUpdate': [{'name': 'asciijump', 'action': 'install', 'id': '5475369', 'version': '::apt', 'url': ' '}, {'name': 'robotfindskitten', 'action': 'install', 'id': '5474869', 'version': '::apt', 'url': ' '}, {'name': 'squirrel3', 'action': 'install', 'id': '5475279', 'version': '::apt', 'url': ' '}]}
19:08:35 INFO  State of operation 21172552 : PENDING
19:08:37 INFO  State of operation 21172552 : EXECUTING
19:08:40 INFO  State of operation 21172552 : EXECUTING
19:08:42 INFO  State of operation 21172552 : EXECUTING
19:08:44 INFO  State of operation 21172552 : EXECUTING
19:08:47 INFO  State of operation 21172552 : EXECUTING
19:08:49 INFO  State of operation 21172552 : EXECUTING
19:08:52 INFO  State of operation 21172552 : EXECUTING
19:08:54 INFO  State of operation 21172552 : EXECUTING
19:08:57 INFO  State of operation 21172552 : EXECUTING
19:08:59 INFO  State of operation 21172552 : EXECUTING
19:09:01 INFO  State of operation 21172552 : EXECUTING
19:09:04 INFO  State of operation 21172552 : EXECUTING
19:09:06 INFO  State of operation 21172552 : EXECUTING
19:09:08 INFO  State of operation 21172552 : EXECUTING
19:09:10 INFO  State of operation 21172552 : EXECUTING
19:09:13 INFO  State of operation 21172552 : EXECUTING
19:09:15 INFO  State of operation 21172552 : EXECUTING
19:09:17 INFO  State of operation 21172552 : EXECUTING
19:09:20 INFO  State of operation 21172552 : EXECUTING
19:09:22 INFO  State of operation 21172552 : EXECUTING
19:09:24 INFO  State of operation 21172552 : EXECUTING
19:09:27 INFO  State of operation 21172552 : EXECUTING
19:09:30 INFO  State of operation 21172552 : EXECUTING
19:09:32 INFO  State of operation 21172552 : EXECUTING
19:09:35 INFO  State of operation 21172552 : EXECUTING
19:09:37 INFO  State of operation 21172552 : EXECUTING
19:09:39 INFO  State of operation 21172552 : EXECUTING
19:09:41 INFO  State of operation 21172552 : EXECUTING
19:09:44 INFO  State of operation 21172552 : EXECUTING
19:09:46 INFO  State of operation 21172552 : EXECUTING
19:09:48 INFO  State of operation 21172552 : EXECUTING
19:09:50 INFO  State of operation 21172552 : EXECUTING
19:09:53 INFO  State of operation 21172552 : EXECUTING
19:09:55 INFO  State of operation 21172552 : EXECUTING
19:09:57 INFO  State of operation 21172552 : EXECUTING
19:09:59 INFO  State of operation 21172552 : SUCCESSFUL
19:10:00 INFO  Assert that (False == value) with value=False ... passed
19:10:00 INFO  Package asciijump is installed
19:10:00 INFO  Assert that (True == value) with value=True ... passed
19:10:00 INFO  Package squirrel3 is installed
19:10:00 INFO  Assert that (True == value) with value=True ... passed
19:10:00 INFO  Package robotfindskitten is installed
19:10:00 INFO  Assert that (True == value) with value=True ... passed
19:10:01 INFO  Response status: 201
19:10:01 INFO  Response to action: {
    &quot;creationTime&quot;: &quot;2022-07-21T19:10:01.073Z&quot;,
    &quot;deviceId&quot;: &quot;21164556&quot;,
    &quot;deviceName&quot;: &quot;m32sd10a&quot;,
    &quot;self&quot;: &quot;https://t493319102.eu-latest.cumulocity.com/devicecontrol/operations/21172562&quot;,
    &quot;id&quot;: &quot;21172562&quot;,
    &quot;status&quot;: &quot;PENDING&quot;,
    &quot;description&quot;: &quot;Apply software changes, triggered from PySys: [{'action': 'delete', 'id': '5475369', 'name': 'asciijump', 'url': ' ', 'version': '::apt'}, {'action': 'delete', 'id': '5474869', 'name': 'robotfindskitten', 'url': ' ', 'version': '::apt'}, {'action': 'delete', 'id': '5475279', 'name': 'squirrel3', 'url': ' ', 'version': '::apt'}]&quot;,
    &quot;c8y_SoftwareUpdate&quot;: [
        {
            &quot;name&quot;: &quot;asciijump&quot;,
            &quot;action&quot;: &quot;delete&quot;,
            &quot;id&quot;: &quot;5475369&quot;,
            &quot;version&quot;: &quot;::apt&quot;,
            &quot;url&quot;: &quot; &quot;
        },
        {
            &quot;name&quot;: &quot;robotfindskitten&quot;,
            &quot;action&quot;: &quot;delete&quot;,
            &quot;id&quot;: &quot;5474869&quot;,
            &quot;version&quot;: &quot;::apt&quot;,
            &quot;url&quot;: &quot; &quot;
        },
        {
            &quot;name&quot;: &quot;squirrel3&quot;,
            &quot;action&quot;: &quot;delete&quot;,
            &quot;id&quot;: &quot;5475279&quot;,
            &quot;version&quot;: &quot;::apt&quot;,
            &quot;url&quot;: &quot; &quot;
        }
    ]
}
19:10:01 INFO  Started operation: {'creationTime': '2022-07-21T19:10:01.073Z', 'deviceId': '21164556', 'deviceName': 'm32sd10a', 'self': 'https://t493319102.eu-latest.cumulocity.com/devicecontrol/operations/21172562', 'id': '21172562', 'status': 'PENDING', 'description': &quot;Apply software changes, triggered from PySys: [{'action': 'delete', 'id': '5475369', 'name': 'asciijump', 'url': ' ', 'version': '::apt'}, {'action': 'delete', 'id': '5474869', 'name': 'robotfindskitten', 'url': ' ', 'version': '::apt'}, {'action': 'delete', 'id': '5475279', 'name': 'squirrel3', 'url': ' ', 'version': '::apt'}]&quot;, 'c8y_SoftwareUpdate': [{'name': 'asciijump', 'action': 'delete', 'id': '5475369', 'version': '::apt', 'url': ' '}, {'name': 'robotfindskitten', 'action': 'delete', 'id': '5474869', 'version': '::apt', 'url': ' '}, {'name': 'squirrel3', 'action': 'delete', 'id': '5475279', 'version': '::apt', 'url': ' '}]}
19:10:03 INFO  State of operation 21172562 : PENDING
19:10:05 INFO  State of operation 21172562 : EXECUTING
19:10:07 INFO  State of operation 21172562 : EXECUTING
19:10:10 INFO  State of operation 21172562 : EXECUTING
19:10:13 INFO  State of operation 21172562 : EXECUTING
19:10:15 INFO  State of operation 21172562 : EXECUTING
19:10:18 INFO  State of operation 21172562 : EXECUTING
19:10:21 INFO  State of operation 21172562 : EXECUTING
19:10:23 INFO  State of operation 21172562 : EXECUTING
19:10:26 INFO  State of operation 21172562 : EXECUTING
19:10:28 INFO  State of operation 21172562 : EXECUTING
19:10:30 INFO  State of operation 21172562 : EXECUTING
19:10:32 INFO  State of operation 21172562 : EXECUTING
19:10:35 INFO  State of operation 21172562 : EXECUTING
19:10:37 INFO  State of operation 21172562 : EXECUTING
19:10:39 INFO  State of operation 21172562 : EXECUTING
19:10:42 INFO  State of operation 21172562 : EXECUTING
19:10:44 INFO  State of operation 21172562 : EXECUTING
19:10:46 INFO  State of operation 21172562 : EXECUTING
19:10:49 INFO  State of operation 21172562 : EXECUTING
19:10:52 INFO  State of operation 21172562 : EXECUTING
19:10:54 INFO  State of operation 21172562 : EXECUTING
19:10:56 INFO  State of operation 21172562 : EXECUTING
19:10:59 INFO  State of operation 21172562 : EXECUTING
19:11:01 INFO  State of operation 21172562 : EXECUTING
19:11:03 INFO  State of operation 21172562 : EXECUTING
19:11:05 INFO  State of operation 21172562 : EXECUTING
19:11:08 INFO  State of operation 21172562 : EXECUTING
19:11:11 INFO  State of operation 21172562 : EXECUTING
19:11:13 INFO  State of operation 21172562 : EXECUTING
19:11:15 INFO  State of operation 21172562 : EXECUTING
19:11:18 INFO  State of operation 21172562 : SUCCESSFUL
19:11:19 INFO  Assert that (False == value) with value=False ... passed
19:11:20 INFO  Assert that (False == value) with value=False ... passed
19:11:20 INFO  Assert that (False == value) with value=False ... passed
19:11:20 INFO  Assert that (False == value) with value=False ... passed
19:11:20 INFO  
19:11:20 INFO  cleanup:
19:11:24 INFO  Executed sudo&lt;tedge_disconnect_c8y&gt;, exit status 0
19:11:25 INFO  Executed systemctl&lt;serv_mapper5&gt;, exit status 3
19:11:25 INFO  
19:11:25 INFO  Test duration: 204.63 secs
19:11:25 INFO  Test final outcome:  FAILED
19:11:25 INFO  Test outcome reason: Assert that (False == value) with value=True
19:11:25 INFO  
</system-out>
	</testcase>
</testsuite>
