<?xml version="1.0" encoding="utf-8"?>
<testsuite failures="1" name="SoftwareManagement.sm_apt_install_download_path" skipped="0" tests="1" time="189.91" timestamp="2022-05-25T13:19:16">
	<testcase classname="AptInstallWithDownloadPath" name="SoftwareManagement.sm_apt_install_download_path">
		<failure message="BLOCKED: SystemError: Timeout while waiting for status FAILED or SUCCESSFUL" type="BLOCKED"/>
		<system-out>13:16:06 INFO  ==============================================================
13:16:06 INFO  Id:    SoftwareManagement.sm_apt_install_download_path
13:16:06 INFO  Dir:   software_management_end_to_end/
13:16:06 INFO  Title: Install package to directory specified in tedge config set tmp.path
13:16:06 INFO  ==============================================================
13:16:06 INFO  Using sw id database: {'asciijump': '5475369', 'robotfindskitten': '5474869', 'squirrel3': '5475279', 'rolldice': '5152439', 'moon-buggy': '5439204', 'apple': '5495053', 'banana': '5494888', 'cherry': '5495382', 'watermelon': '5494510', 'registry': '8018911', 'hello-world': '8021526', 'docker/getting-started': '8021973', 'alpine': '7991792'}
13:16:06 INFO  EnvironmentC8y Setup
13:16:07 INFO  Executed systemctl&lt;serv_mapper1&gt;, exit status 3
13:16:21 INFO  Executed sudo&lt;tedge_connect_c8y&gt;, exit status 0, duration 14 secs
13:16:23 INFO  Executed sudo&lt;tedge_connect_c8y_test&gt;, exit status 0
13:16:24 INFO  Executed systemctl&lt;serv_mosq2&gt;, exit status 0
13:16:25 INFO  Executed systemctl&lt;serv_mapper3&gt;, exit status 0
13:16:27 INFO  State of current operation: PENDING
13:16:29 INFO  State of current operation: PENDING
13:16:32 INFO  State of current operation: PENDING
13:16:34 INFO  State of current operation: PENDING
13:16:36 INFO  State of current operation: PENDING
13:16:38 INFO  State of current operation: PENDING
13:16:41 INFO  State of current operation: PENDING
13:16:43 INFO  State of current operation: PENDING
13:16:45 INFO  State of current operation: PENDING
13:16:47 INFO  State of current operation: PENDING
13:16:49 INFO  State of current operation: PENDING
13:16:52 INFO  State of current operation: PENDING
13:16:54 INFO  State of current operation: PENDING
13:16:56 INFO  State of current operation: PENDING
13:16:58 INFO  State of current operation: PENDING
13:17:01 INFO  State of current operation: PENDING
13:17:03 INFO  State of current operation: PENDING
13:17:05 INFO  State of current operation: PENDING
13:17:07 INFO  State of current operation: PENDING
13:17:10 INFO  State of current operation: PENDING
13:17:12 INFO  State of current operation: PENDING
13:17:14 INFO  State of current operation: PENDING
13:17:16 INFO  State of current operation: PENDING
13:17:18 INFO  State of current operation: PENDING
13:17:21 INFO  State of current operation: PENDING
13:17:23 INFO  State of current operation: PENDING
13:17:25 INFO  State of current operation: PENDING
13:17:27 INFO  State of current operation: PENDING
13:17:30 INFO  State of current operation: PENDING
13:17:32 INFO  State of current operation: PENDING
13:17:34 INFO  State of current operation: PENDING
13:17:36 INFO  State of current operation: PENDING
13:17:39 INFO  State of current operation: PENDING
13:17:41 INFO  State of current operation: PENDING
13:17:43 INFO  State of current operation: PENDING
13:17:45 INFO  State of current operation: PENDING
13:17:48 INFO  State of current operation: PENDING
13:17:50 INFO  State of current operation: PENDING
13:17:52 INFO  State of current operation: PENDING
13:17:54 INFO  State of current operation: PENDING
13:17:56 INFO  State of current operation: PENDING
13:17:59 INFO  State of current operation: PENDING
13:18:01 INFO  State of current operation: PENDING
13:18:03 INFO  State of current operation: PENDING
13:18:05 INFO  State of current operation: PENDING
13:18:08 INFO  State of current operation: PENDING
13:18:10 INFO  State of current operation: PENDING
13:18:12 INFO  State of current operation: PENDING
13:18:14 INFO  State of current operation: PENDING
13:18:17 INFO  State of current operation: PENDING
13:18:19 INFO  State of current operation: PENDING
13:18:21 INFO  State of current operation: PENDING
13:18:23 INFO  State of current operation: PENDING
13:18:26 INFO  State of current operation: PENDING
13:18:28 INFO  State of current operation: PENDING
13:18:30 INFO  State of current operation: PENDING
13:18:32 INFO  State of current operation: PENDING
13:18:34 INFO  State of current operation: PENDING
13:18:37 INFO  State of current operation: PENDING
13:18:39 INFO  State of current operation: PENDING
13:18:41 INFO  State of current operation: PENDING
13:18:43 WARN  SystemError occurred while running test - Timeout while waiting for status FAILED or SUCCESSFUL
Traceback (most recent call last):
  File &quot;/home/pi/env-pysys/lib/python3.7/site-packages/pysys/baserunner.py&quot;, line 1292, in __call__
    self.testObj.setup()
  File &quot;/home/pi/actions-runner/_work/thin-edge.io/thin-edge.io/tests/PySys/software_management_end_to_end/sm_apt_install_download_path/run.py&quot;, line 48, in setup
    super().setup()
  File &quot;/home/pi/actions-runner/_work/thin-edge.io/thin-edge.io/tests/PySys/software_management_end_to_end/environment_sm_management.py&quot;, line 151, in setup
    self.wait_until_end()
  File &quot;/home/pi/actions-runner/_work/thin-edge.io/thin-edge.io/tests/PySys/software_management_end_to_end/environment_sm_management.py&quot;, line 332, in wait_until_end
    self.wait_until_status(&quot;FAILED&quot;, &quot;SUCCESSFUL&quot;)
  File &quot;/home/pi/actions-runner/_work/thin-edge.io/thin-edge.io/tests/PySys/software_management_end_to_end/environment_sm_management.py&quot;, line 381, in wait_until_status
    &quot;Timeout while waiting for status %s or %s&quot; % (status, status2)
SystemError: Timeout while waiting for status FAILED or SUCCESSFUL
13:18:44 WARN  SystemError: Timeout while waiting for status FAILED or SUCCESSFUL ... blocked 
13:18:44 INFO  
13:18:44 INFO  cleanup:
13:18:44 INFO  Executed sudo, exit status 0
13:18:45 INFO  Executed sudo, exit status 0
13:18:49 INFO  Executed sudo&lt;tedge_disconnect_c8y&gt;, exit status 0
13:18:49 INFO  Restarting mosquitto too frequently in the last 10 seconds. It was only up for 3 seconds
13:18:49 INFO  Delaying execution by 8 seconds
13:19:11 INFO  Executed sudo&lt;tedge_connect_c8y&gt;, exit status 0, duration 14 secs
13:19:15 INFO  Executed sudo&lt;tedge_disconnect_c8y&gt;, exit status 0
13:19:16 INFO  Executed systemctl&lt;serv_mapper5&gt;, exit status 3
13:19:16 INFO  
13:19:16 INFO  Test duration: 189.91 secs
13:19:16 INFO  Test final outcome:  BLOCKED
13:19:16 INFO  Test outcome reason: SystemError: Timeout while waiting for status FAILED or SUCCESSFUL
13:19:16 INFO  
</system-out>
	</testcase>
</testsuite>
