<?xml version="1.0" encoding="utf-8"?>
<testsuite failures="1" name="SoftwareManagement.sm_apt_install_remove_multiple" skipped="0" tests="1" time="180.06" timestamp="2022-07-01T07:36:05">
	<testcase classname="PySysTest" name="SoftwareManagement.sm_apt_install_remove_multiple">
		<failure message="FAILED: Assert that (False == value) with value=True" type="FAILED"/>
		<system-out>07:33:05 INFO  ==============================================================
07:33:05 INFO  Id:    SoftwareManagement.sm_apt_install_remove_multiple
07:33:05 INFO  Dir:   software_management_end_to_end/
07:33:05 INFO  Title: Validate end to end behaviour for the apt plugin for multiple packages
07:33:05 INFO  ==============================================================
07:33:05 INFO  Using sw id database: {'asciijump': '5475369', 'robotfindskitten': '5474869', 'squirrel3': '5475279', 'rolldice': '5152439', 'moon-buggy': '5439204', 'apple': '5495053', 'banana': '5494888', 'cherry': '5495382', 'watermelon': '5494510', 'registry': '8018911', 'hello-world': '8021526', 'docker/getting-started': '8021973', 'alpine': '7991792'}
07:33:05 INFO  EnvironmentC8y Setup
07:33:05 INFO  Executed systemctl&lt;serv_mapper1&gt;, exit status 3
07:33:06 INFO  Restarting mosquitto too frequently in the last 10 seconds. It was only up for 5 seconds
07:33:06 INFO  Delaying execution by 6 seconds
07:33:26 INFO  Executed sudo&lt;tedge_connect_c8y&gt;, exit status 0, duration 14 secs
07:33:26 INFO  Executed sudo&lt;tedge_connect_c8y_test&gt;, exit status 0
07:33:27 INFO  Executed systemctl&lt;serv_mosq2&gt;, exit status 0
07:33:27 INFO  Executed systemctl&lt;serv_mapper3&gt;, exit status 0
07:33:30 INFO  State of current operation: SUCCESSFUL
07:33:30 INFO  Assert that (False == value) with value=False ... passed
07:33:30 INFO  Assert that (False == value) with value=False ... passed
07:33:30 INFO  Assert that (False == value) with value=False ... passed
07:33:30 INFO  Package robotfindskitten is installed
07:33:30 WARN  Assert that (False == value) with value=True ... failed 
07:33:31 INFO  Response status: 201
07:33:31 INFO  Response to action: {
    &quot;creationTime&quot;: &quot;2022-07-01T07:33:31.150Z&quot;,
    &quot;deviceId&quot;: &quot;20623833&quot;,
    &quot;deviceName&quot;: &quot;m32sd10a&quot;,
    &quot;self&quot;: &quot;https://t493319102.eu-latest.cumulocity.com/devicecontrol/operations/20660964&quot;,
    &quot;id&quot;: &quot;20660964&quot;,
    &quot;status&quot;: &quot;PENDING&quot;,
    &quot;description&quot;: &quot;Apply software changes, triggered from PySys: [{'action': 'install', 'id': '5475369', 'name': 'asciijump', 'url': ' ', 'version': '::apt'}, {'action': 'install', 'id': '5474869', 'name': 'robotfindskitten', 'url': ' ', 'version': '::apt'}, {'action': 'install', 'id': '5475279', 'name': 'squirrel3', 'url': ' ', 'version': '::apt'}]&quot;,
    &quot;c8y_SoftwareUpdate&quot;: [
        {
            &quot;name&quot;: &quot;asciijump&quot;,
            &quot;action&quot;: &quot;install&quot;,
            &quot;id&quot;: &quot;5475369&quot;,
            &quot;version&quot;: &quot;::apt&quot;,
            &quot;url&quot;: &quot; &quot;
        },
        {
            &quot;name&quot;: &quot;robotfindskitten&quot;,
            &quot;action&quot;: &quot;install&quot;,
            &quot;id&quot;: &quot;5474869&quot;,
            &quot;version&quot;: &quot;::apt&quot;,
            &quot;url&quot;: &quot; &quot;
        },
        {
            &quot;name&quot;: &quot;squirrel3&quot;,
            &quot;action&quot;: &quot;install&quot;,
            &quot;id&quot;: &quot;5475279&quot;,
            &quot;version&quot;: &quot;::apt&quot;,
            &quot;url&quot;: &quot; &quot;
        }
    ]
}
07:33:31 INFO  Started operation: {'creationTime': '2022-07-01T07:33:31.150Z', 'deviceId': '20623833', 'deviceName': 'm32sd10a', 'self': 'https://t493319102.eu-latest.cumulocity.com/devicecontrol/operations/20660964', 'id': '20660964', 'status': 'PENDING', 'description': &quot;Apply software changes, triggered from PySys: [{'action': 'install', 'id': '5475369', 'name': 'asciijump', 'url': ' ', 'version': '::apt'}, {'action': 'install', 'id': '5474869', 'name': 'robotfindskitten', 'url': ' ', 'version': '::apt'}, {'action': 'install', 'id': '5475279', 'name': 'squirrel3', 'url': ' ', 'version': '::apt'}]&quot;, 'c8y_SoftwareUpdate': [{'name': 'asciijump', 'action': 'install', 'id': '5475369', 'version': '::apt', 'url': ' '}, {'name': 'robotfindskitten', 'action': 'install', 'id': '5474869', 'version': '::apt', 'url': ' '}, {'name': 'squirrel3', 'action': 'install', 'id': '5475279', 'version': '::apt', 'url': ' '}]}
07:33:33 INFO  State of operation 20660964 : PENDING
07:33:35 INFO  State of operation 20660964 : EXECUTING
07:33:38 INFO  State of operation 20660964 : EXECUTING
07:33:40 INFO  State of operation 20660964 : EXECUTING
07:33:42 INFO  State of operation 20660964 : EXECUTING
07:33:44 INFO  State of operation 20660964 : EXECUTING
07:33:47 INFO  State of operation 20660964 : EXECUTING
07:33:50 INFO  State of operation 20660964 : EXECUTING
07:33:52 INFO  State of operation 20660964 : EXECUTING
07:33:54 INFO  State of operation 20660964 : EXECUTING
07:33:57 INFO  State of operation 20660964 : EXECUTING
07:33:59 INFO  State of operation 20660964 : EXECUTING
07:34:01 INFO  State of operation 20660964 : EXECUTING
07:34:03 INFO  State of operation 20660964 : EXECUTING
07:34:06 INFO  State of operation 20660964 : EXECUTING
07:34:08 INFO  State of operation 20660964 : EXECUTING
07:34:10 INFO  State of operation 20660964 : EXECUTING
07:34:13 INFO  State of operation 20660964 : EXECUTING
07:34:15 INFO  State of operation 20660964 : EXECUTING
07:34:17 INFO  State of operation 20660964 : EXECUTING
07:34:20 INFO  State of operation 20660964 : EXECUTING
07:34:22 INFO  State of operation 20660964 : EXECUTING
07:34:25 INFO  State of operation 20660964 : EXECUTING
07:34:27 INFO  State of operation 20660964 : EXECUTING
07:34:29 INFO  State of operation 20660964 : EXECUTING
07:34:32 INFO  State of operation 20660964 : EXECUTING
07:34:34 INFO  State of operation 20660964 : EXECUTING
07:34:36 INFO  State of operation 20660964 : EXECUTING
07:34:38 INFO  State of operation 20660964 : EXECUTING
07:34:41 INFO  State of operation 20660964 : EXECUTING
07:34:43 INFO  State of operation 20660964 : EXECUTING
07:34:45 INFO  State of operation 20660964 : EXECUTING
07:34:47 INFO  State of operation 20660964 : EXECUTING
07:34:50 INFO  State of operation 20660964 : EXECUTING
07:34:52 INFO  State of operation 20660964 : SUCCESSFUL
07:34:52 INFO  Assert that (False == value) with value=False ... passed
07:34:52 INFO  Package asciijump is installed
07:34:52 INFO  Assert that (True == value) with value=True ... passed
07:34:52 INFO  Package squirrel3 is installed
07:34:52 INFO  Assert that (True == value) with value=True ... passed
07:34:53 INFO  Package robotfindskitten is installed
07:34:53 INFO  Assert that (True == value) with value=True ... passed
07:34:53 INFO  Response status: 201
07:34:53 INFO  Response to action: {
    &quot;creationTime&quot;: &quot;2022-07-01T07:34:53.471Z&quot;,
    &quot;deviceId&quot;: &quot;20623833&quot;,
    &quot;deviceName&quot;: &quot;m32sd10a&quot;,
    &quot;self&quot;: &quot;https://t493319102.eu-latest.cumulocity.com/devicecontrol/operations/20660974&quot;,
    &quot;id&quot;: &quot;20660974&quot;,
    &quot;status&quot;: &quot;PENDING&quot;,
    &quot;description&quot;: &quot;Apply software changes, triggered from PySys: [{'action': 'delete', 'id': '5475369', 'name': 'asciijump', 'url': ' ', 'version': '::apt'}, {'action': 'delete', 'id': '5474869', 'name': 'robotfindskitten', 'url': ' ', 'version': '::apt'}, {'action': 'delete', 'id': '5475279', 'name': 'squirrel3', 'url': ' ', 'version': '::apt'}]&quot;,
    &quot;c8y_SoftwareUpdate&quot;: [
        {
            &quot;name&quot;: &quot;asciijump&quot;,
            &quot;action&quot;: &quot;delete&quot;,
            &quot;id&quot;: &quot;5475369&quot;,
            &quot;version&quot;: &quot;::apt&quot;,
            &quot;url&quot;: &quot; &quot;
        },
        {
            &quot;name&quot;: &quot;robotfindskitten&quot;,
            &quot;action&quot;: &quot;delete&quot;,
            &quot;id&quot;: &quot;5474869&quot;,
            &quot;version&quot;: &quot;::apt&quot;,
            &quot;url&quot;: &quot; &quot;
        },
        {
            &quot;name&quot;: &quot;squirrel3&quot;,
            &quot;action&quot;: &quot;delete&quot;,
            &quot;id&quot;: &quot;5475279&quot;,
            &quot;version&quot;: &quot;::apt&quot;,
            &quot;url&quot;: &quot; &quot;
        }
    ]
}
07:34:53 INFO  Started operation: {'creationTime': '2022-07-01T07:34:53.471Z', 'deviceId': '20623833', 'deviceName': 'm32sd10a', 'self': 'https://t493319102.eu-latest.cumulocity.com/devicecontrol/operations/20660974', 'id': '20660974', 'status': 'PENDING', 'description': &quot;Apply software changes, triggered from PySys: [{'action': 'delete', 'id': '5475369', 'name': 'asciijump', 'url': ' ', 'version': '::apt'}, {'action': 'delete', 'id': '5474869', 'name': 'robotfindskitten', 'url': ' ', 'version': '::apt'}, {'action': 'delete', 'id': '5475279', 'name': 'squirrel3', 'url': ' ', 'version': '::apt'}]&quot;, 'c8y_SoftwareUpdate': [{'name': 'asciijump', 'action': 'delete', 'id': '5475369', 'version': '::apt', 'url': ' '}, {'name': 'robotfindskitten', 'action': 'delete', 'id': '5474869', 'version': '::apt', 'url': ' '}, {'name': 'squirrel3', 'action': 'delete', 'id': '5475279', 'version': '::apt', 'url': ' '}]}
07:34:55 INFO  State of operation 20660974 : PENDING
07:34:57 INFO  State of operation 20660974 : EXECUTING
07:35:00 INFO  State of operation 20660974 : EXECUTING
07:35:02 INFO  State of operation 20660974 : EXECUTING
07:35:04 INFO  State of operation 20660974 : EXECUTING
07:35:06 INFO  State of operation 20660974 : EXECUTING
07:35:09 INFO  State of operation 20660974 : EXECUTING
07:35:12 INFO  State of operation 20660974 : EXECUTING
07:35:14 INFO  State of operation 20660974 : EXECUTING
07:35:17 INFO  State of operation 20660974 : EXECUTING
07:35:19 INFO  State of operation 20660974 : EXECUTING
07:35:22 INFO  State of operation 20660974 : EXECUTING
07:35:24 INFO  State of operation 20660974 : EXECUTING
07:35:26 INFO  State of operation 20660974 : EXECUTING
07:35:28 INFO  State of operation 20660974 : EXECUTING
07:35:31 INFO  State of operation 20660974 : EXECUTING
07:35:33 INFO  State of operation 20660974 : EXECUTING
07:35:36 INFO  State of operation 20660974 : EXECUTING
07:35:38 INFO  State of operation 20660974 : EXECUTING
07:35:40 INFO  State of operation 20660974 : EXECUTING
07:35:43 INFO  State of operation 20660974 : EXECUTING
07:35:45 INFO  State of operation 20660974 : EXECUTING
07:35:47 INFO  State of operation 20660974 : EXECUTING
07:35:50 INFO  State of operation 20660974 : EXECUTING
07:35:52 INFO  State of operation 20660974 : EXECUTING
07:35:55 INFO  State of operation 20660974 : EXECUTING
07:35:57 INFO  State of operation 20660974 : EXECUTING
07:35:59 INFO  State of operation 20660974 : SUCCESSFUL
07:36:00 INFO  Assert that (False == value) with value=False ... passed
07:36:00 INFO  Assert that (False == value) with value=False ... passed
07:36:00 INFO  Assert that (False == value) with value=False ... passed
07:36:00 INFO  Assert that (False == value) with value=False ... passed
07:36:00 INFO  
07:36:00 INFO  cleanup:
07:36:04 INFO  Executed sudo&lt;tedge_disconnect_c8y&gt;, exit status 0
07:36:05 INFO  Executed systemctl&lt;serv_mapper5&gt;, exit status 3
07:36:05 INFO  
07:36:05 INFO  Test duration: 180.06 secs
07:36:05 INFO  Test final outcome:  FAILED
07:36:05 INFO  Test outcome reason: Assert that (False == value) with value=True
07:36:05 INFO  
</system-out>
	</testcase>
</testsuite>
