<?xml version="1.0" encoding="utf-8"?>
<testsuite failures="1" name="SoftwareManagement.sm_apt_install_remove_multiple" skipped="0" tests="1" time="178.3" timestamp="2022-06-22T18:04:32">
	<testcase classname="PySysTest" name="SoftwareManagement.sm_apt_install_remove_multiple">
		<failure message="FAILED: Assert that (False == value) with value=True" type="FAILED"/>
		<system-out>18:01:34 INFO  ==============================================================
18:01:34 INFO  Id:    SoftwareManagement.sm_apt_install_remove_multiple
18:01:34 INFO  Dir:   software_management_end_to_end/
18:01:34 INFO  Title: Validate end to end behaviour for the apt plugin for multiple packages
18:01:34 INFO  ==============================================================
18:01:34 INFO  Using sw id database: {'asciijump': '5475369', 'robotfindskitten': '5474869', 'squirrel3': '5475279', 'rolldice': '5152439', 'moon-buggy': '5439204', 'apple': '5495053', 'banana': '5494888', 'cherry': '5495382', 'watermelon': '5494510', 'registry': '8018911', 'hello-world': '8021526', 'docker/getting-started': '8021973', 'alpine': '7991792'}
18:01:34 INFO  EnvironmentC8y Setup
18:01:34 INFO  Executed systemctl&lt;serv_mapper1&gt;, exit status 3
18:01:34 INFO  Restarting mosquitto too frequently in the last 10 seconds. It was only up for 5 seconds
18:01:34 INFO  Delaying execution by 6 seconds
18:01:54 INFO  Executed sudo&lt;tedge_connect_c8y&gt;, exit status 0, duration 14 secs
18:01:55 INFO  Executed sudo&lt;tedge_connect_c8y_test&gt;, exit status 0
18:01:56 INFO  Executed systemctl&lt;serv_mosq2&gt;, exit status 0
18:01:56 INFO  Executed systemctl&lt;serv_mapper3&gt;, exit status 0
18:01:58 INFO  State of current operation: SUCCESSFUL
18:01:58 INFO  Assert that (False == value) with value=False ... passed
18:01:59 INFO  Assert that (False == value) with value=False ... passed
18:01:59 INFO  Assert that (False == value) with value=False ... passed
18:01:59 INFO  Package robotfindskitten is installed
18:01:59 WARN  Assert that (False == value) with value=True ... failed 
18:01:59 INFO  Response status: 201
18:01:59 INFO  Response to action: {
    &quot;creationTime&quot;: &quot;2022-06-22T18:01:59.919Z&quot;,
    &quot;deviceName&quot;: &quot;m32sd10a&quot;,
    &quot;deviceId&quot;: &quot;20418368&quot;,
    &quot;self&quot;: &quot;https://t493319102.eu-latest.cumulocity.com/devicecontrol/operations/20433716&quot;,
    &quot;id&quot;: &quot;20433716&quot;,
    &quot;status&quot;: &quot;PENDING&quot;,
    &quot;description&quot;: &quot;Apply software changes, triggered from PySys: [{'action': 'install', 'id': '5475369', 'name': 'asciijump', 'url': ' ', 'version': '::apt'}, {'action': 'install', 'id': '5474869', 'name': 'robotfindskitten', 'url': ' ', 'version': '::apt'}, {'action': 'install', 'id': '5475279', 'name': 'squirrel3', 'url': ' ', 'version': '::apt'}]&quot;,
    &quot;c8y_SoftwareUpdate&quot;: [
        {
            &quot;name&quot;: &quot;asciijump&quot;,
            &quot;action&quot;: &quot;install&quot;,
            &quot;id&quot;: &quot;5475369&quot;,
            &quot;version&quot;: &quot;::apt&quot;,
            &quot;url&quot;: &quot; &quot;
        },
        {
            &quot;name&quot;: &quot;robotfindskitten&quot;,
            &quot;action&quot;: &quot;install&quot;,
            &quot;id&quot;: &quot;5474869&quot;,
            &quot;version&quot;: &quot;::apt&quot;,
            &quot;url&quot;: &quot; &quot;
        },
        {
            &quot;name&quot;: &quot;squirrel3&quot;,
            &quot;action&quot;: &quot;install&quot;,
            &quot;id&quot;: &quot;5475279&quot;,
            &quot;version&quot;: &quot;::apt&quot;,
            &quot;url&quot;: &quot; &quot;
        }
    ]
}
18:01:59 INFO  Started operation: {'creationTime': '2022-06-22T18:01:59.919Z', 'deviceName': 'm32sd10a', 'deviceId': '20418368', 'self': 'https://t493319102.eu-latest.cumulocity.com/devicecontrol/operations/20433716', 'id': '20433716', 'status': 'PENDING', 'description': &quot;Apply software changes, triggered from PySys: [{'action': 'install', 'id': '5475369', 'name': 'asciijump', 'url': ' ', 'version': '::apt'}, {'action': 'install', 'id': '5474869', 'name': 'robotfindskitten', 'url': ' ', 'version': '::apt'}, {'action': 'install', 'id': '5475279', 'name': 'squirrel3', 'url': ' ', 'version': '::apt'}]&quot;, 'c8y_SoftwareUpdate': [{'name': 'asciijump', 'action': 'install', 'id': '5475369', 'version': '::apt', 'url': ' '}, {'name': 'robotfindskitten', 'action': 'install', 'id': '5474869', 'version': '::apt', 'url': ' '}, {'name': 'squirrel3', 'action': 'install', 'id': '5475279', 'version': '::apt', 'url': ' '}]}
18:02:02 INFO  State of operation 20433716 : PENDING
18:02:04 INFO  State of operation 20433716 : EXECUTING
18:02:06 INFO  State of operation 20433716 : EXECUTING
18:02:08 INFO  State of operation 20433716 : EXECUTING
18:02:11 INFO  State of operation 20433716 : EXECUTING
18:02:13 INFO  State of operation 20433716 : EXECUTING
18:02:16 INFO  State of operation 20433716 : EXECUTING
18:02:18 INFO  State of operation 20433716 : EXECUTING
18:02:21 INFO  State of operation 20433716 : EXECUTING
18:02:23 INFO  State of operation 20433716 : EXECUTING
18:02:25 INFO  State of operation 20433716 : EXECUTING
18:02:28 INFO  State of operation 20433716 : EXECUTING
18:02:30 INFO  State of operation 20433716 : EXECUTING
18:02:32 INFO  State of operation 20433716 : EXECUTING
18:02:34 INFO  State of operation 20433716 : EXECUTING
18:02:37 INFO  State of operation 20433716 : EXECUTING
18:02:39 INFO  State of operation 20433716 : EXECUTING
18:02:42 INFO  State of operation 20433716 : EXECUTING
18:02:44 INFO  State of operation 20433716 : EXECUTING
18:02:46 INFO  State of operation 20433716 : EXECUTING
18:02:48 INFO  State of operation 20433716 : EXECUTING
18:02:51 INFO  State of operation 20433716 : EXECUTING
18:02:53 INFO  State of operation 20433716 : EXECUTING
18:02:56 INFO  State of operation 20433716 : EXECUTING
18:02:58 INFO  State of operation 20433716 : EXECUTING
18:03:01 INFO  State of operation 20433716 : EXECUTING
18:03:03 INFO  State of operation 20433716 : EXECUTING
18:03:06 INFO  State of operation 20433716 : EXECUTING
18:03:08 INFO  State of operation 20433716 : EXECUTING
18:03:11 INFO  State of operation 20433716 : EXECUTING
18:03:13 INFO  State of operation 20433716 : EXECUTING
18:03:15 INFO  State of operation 20433716 : EXECUTING
18:03:17 INFO  State of operation 20433716 : EXECUTING
18:03:19 INFO  State of operation 20433716 : SUCCESSFUL
18:03:20 INFO  Assert that (False == value) with value=False ... passed
18:03:20 INFO  Package asciijump is installed
18:03:20 INFO  Assert that (True == value) with value=True ... passed
18:03:20 INFO  Package squirrel3 is installed
18:03:20 INFO  Assert that (True == value) with value=True ... passed
18:03:20 INFO  Package robotfindskitten is installed
18:03:20 INFO  Assert that (True == value) with value=True ... passed
18:03:21 INFO  Response status: 201
18:03:21 INFO  Response to action: {
    &quot;creationTime&quot;: &quot;2022-06-22T18:03:21.177Z&quot;,
    &quot;deviceName&quot;: &quot;m32sd10a&quot;,
    &quot;deviceId&quot;: &quot;20418368&quot;,
    &quot;self&quot;: &quot;https://t493319102.eu-latest.cumulocity.com/devicecontrol/operations/20433724&quot;,
    &quot;id&quot;: &quot;20433724&quot;,
    &quot;status&quot;: &quot;PENDING&quot;,
    &quot;description&quot;: &quot;Apply software changes, triggered from PySys: [{'action': 'delete', 'id': '5475369', 'name': 'asciijump', 'url': ' ', 'version': '::apt'}, {'action': 'delete', 'id': '5474869', 'name': 'robotfindskitten', 'url': ' ', 'version': '::apt'}, {'action': 'delete', 'id': '5475279', 'name': 'squirrel3', 'url': ' ', 'version': '::apt'}]&quot;,
    &quot;c8y_SoftwareUpdate&quot;: [
        {
            &quot;name&quot;: &quot;asciijump&quot;,
            &quot;action&quot;: &quot;delete&quot;,
            &quot;id&quot;: &quot;5475369&quot;,
            &quot;version&quot;: &quot;::apt&quot;,
            &quot;url&quot;: &quot; &quot;
        },
        {
            &quot;name&quot;: &quot;robotfindskitten&quot;,
            &quot;action&quot;: &quot;delete&quot;,
            &quot;id&quot;: &quot;5474869&quot;,
            &quot;version&quot;: &quot;::apt&quot;,
            &quot;url&quot;: &quot; &quot;
        },
        {
            &quot;name&quot;: &quot;squirrel3&quot;,
            &quot;action&quot;: &quot;delete&quot;,
            &quot;id&quot;: &quot;5475279&quot;,
            &quot;version&quot;: &quot;::apt&quot;,
            &quot;url&quot;: &quot; &quot;
        }
    ]
}
18:03:21 INFO  Started operation: {'creationTime': '2022-06-22T18:03:21.177Z', 'deviceName': 'm32sd10a', 'deviceId': '20418368', 'self': 'https://t493319102.eu-latest.cumulocity.com/devicecontrol/operations/20433724', 'id': '20433724', 'status': 'PENDING', 'description': &quot;Apply software changes, triggered from PySys: [{'action': 'delete', 'id': '5475369', 'name': 'asciijump', 'url': ' ', 'version': '::apt'}, {'action': 'delete', 'id': '5474869', 'name': 'robotfindskitten', 'url': ' ', 'version': '::apt'}, {'action': 'delete', 'id': '5475279', 'name': 'squirrel3', 'url': ' ', 'version': '::apt'}]&quot;, 'c8y_SoftwareUpdate': [{'name': 'asciijump', 'action': 'delete', 'id': '5475369', 'version': '::apt', 'url': ' '}, {'name': 'robotfindskitten', 'action': 'delete', 'id': '5474869', 'version': '::apt', 'url': ' '}, {'name': 'squirrel3', 'action': 'delete', 'id': '5475279', 'version': '::apt', 'url': ' '}]}
18:03:23 INFO  State of operation 20433724 : PENDING
18:03:25 INFO  State of operation 20433724 : EXECUTING
18:03:27 INFO  State of operation 20433724 : EXECUTING
18:03:30 INFO  State of operation 20433724 : EXECUTING
18:03:32 INFO  State of operation 20433724 : EXECUTING
18:03:34 INFO  State of operation 20433724 : EXECUTING
18:03:37 INFO  State of operation 20433724 : EXECUTING
18:03:39 INFO  State of operation 20433724 : EXECUTING
18:03:42 INFO  State of operation 20433724 : EXECUTING
18:03:44 INFO  State of operation 20433724 : EXECUTING
18:03:47 INFO  State of operation 20433724 : EXECUTING
18:03:49 INFO  State of operation 20433724 : EXECUTING
18:03:51 INFO  State of operation 20433724 : EXECUTING
18:03:53 INFO  State of operation 20433724 : EXECUTING
18:03:56 INFO  State of operation 20433724 : EXECUTING
18:03:58 INFO  State of operation 20433724 : EXECUTING
18:04:00 INFO  State of operation 20433724 : EXECUTING
18:04:03 INFO  State of operation 20433724 : EXECUTING
18:04:05 INFO  State of operation 20433724 : EXECUTING
18:04:08 INFO  State of operation 20433724 : EXECUTING
18:04:10 INFO  State of operation 20433724 : EXECUTING
18:04:12 INFO  State of operation 20433724 : EXECUTING
18:04:14 INFO  State of operation 20433724 : EXECUTING
18:04:17 INFO  State of operation 20433724 : EXECUTING
18:04:19 INFO  State of operation 20433724 : EXECUTING
18:04:22 INFO  State of operation 20433724 : EXECUTING
18:04:24 INFO  State of operation 20433724 : EXECUTING
18:04:26 INFO  State of operation 20433724 : SUCCESSFUL
18:04:27 INFO  Assert that (False == value) with value=False ... passed
18:04:27 INFO  Assert that (False == value) with value=False ... passed
18:04:27 INFO  Assert that (False == value) with value=False ... passed
18:04:27 INFO  Assert that (False == value) with value=False ... passed
18:04:27 INFO  
18:04:27 INFO  cleanup:
18:04:31 INFO  Executed sudo&lt;tedge_disconnect_c8y&gt;, exit status 0
18:04:32 INFO  Executed systemctl&lt;serv_mapper5&gt;, exit status 3
18:04:32 INFO  
18:04:32 INFO  Test duration: 178.30 secs
18:04:32 INFO  Test final outcome:  FAILED
18:04:32 INFO  Test outcome reason: Assert that (False == value) with value=True
18:04:32 INFO  
</system-out>
	</testcase>
</testsuite>
