<?xml version="1.0" encoding="utf-8"?>
<testsuite failures="1" name="SoftwareManagement.sm_apt_install_remove_multiple" skipped="0" tests="1" time="178.87" timestamp="2022-07-25T09:15:37">
	<testcase classname="PySysTest" name="SoftwareManagement.sm_apt_install_remove_multiple">
		<failure message="FAILED: Assert that (False == value) with value=True" type="FAILED"/>
		<system-out>09:12:38 INFO  ==============================================================
09:12:38 INFO  Id:    SoftwareManagement.sm_apt_install_remove_multiple
09:12:38 INFO  Dir:   software_management_end_to_end/
09:12:38 INFO  Title: Validate end to end behaviour for the apt plugin for multiple packages
09:12:38 INFO  ==============================================================
09:12:38 INFO  Using sw id database: {'asciijump': '5475369', 'robotfindskitten': '5474869', 'squirrel3': '5475279', 'rolldice': '5152439', 'moon-buggy': '5439204', 'apple': '5495053', 'banana': '5494888', 'cherry': '5495382', 'watermelon': '5494510', 'registry': '8018911', 'hello-world': '8021526', 'docker/getting-started': '8021973', 'alpine': '7991792'}
09:12:38 INFO  EnvironmentC8y Setup
09:12:38 INFO  Executed systemctl&lt;serv_mapper1&gt;, exit status 3
09:12:38 INFO  Restarting mosquitto too frequently in the last 10 seconds. It was only up for 5 seconds
09:12:38 INFO  Delaying execution by 6 seconds
09:12:58 INFO  Executed sudo&lt;tedge_connect_c8y&gt;, exit status 0, duration 14 secs
09:12:59 INFO  Executed sudo&lt;tedge_connect_c8y_test&gt;, exit status 0
09:12:59 INFO  Executed systemctl&lt;serv_mosq2&gt;, exit status 0
09:13:00 INFO  Executed systemctl&lt;serv_mapper3&gt;, exit status 0
09:13:02 INFO  State of current operation: SUCCESSFUL
09:13:02 INFO  Assert that (False == value) with value=False ... passed
09:13:03 INFO  Assert that (False == value) with value=False ... passed
09:13:03 INFO  Assert that (False == value) with value=False ... passed
09:13:03 INFO  Package robotfindskitten is installed
09:13:03 WARN  Assert that (False == value) with value=True ... failed 
09:13:04 INFO  Response status: 201
09:13:04 INFO  Response to action: {
    &quot;creationTime&quot;: &quot;2022-07-25T09:13:03.829Z&quot;,
    &quot;deviceId&quot;: &quot;21358819&quot;,
    &quot;deviceName&quot;: &quot;m32sd10a&quot;,
    &quot;self&quot;: &quot;https://t493319102.eu-latest.cumulocity.com/devicecontrol/operations/21368385&quot;,
    &quot;id&quot;: &quot;21368385&quot;,
    &quot;status&quot;: &quot;PENDING&quot;,
    &quot;description&quot;: &quot;Apply software changes, triggered from PySys: [{'action': 'install', 'id': '5475369', 'name': 'asciijump', 'url': ' ', 'version': '::apt'}, {'action': 'install', 'id': '5474869', 'name': 'robotfindskitten', 'url': ' ', 'version': '::apt'}, {'action': 'install', 'id': '5475279', 'name': 'squirrel3', 'url': ' ', 'version': '::apt'}]&quot;,
    &quot;c8y_SoftwareUpdate&quot;: [
        {
            &quot;name&quot;: &quot;asciijump&quot;,
            &quot;action&quot;: &quot;install&quot;,
            &quot;id&quot;: &quot;5475369&quot;,
            &quot;version&quot;: &quot;::apt&quot;,
            &quot;url&quot;: &quot; &quot;
        },
        {
            &quot;name&quot;: &quot;robotfindskitten&quot;,
            &quot;action&quot;: &quot;install&quot;,
            &quot;id&quot;: &quot;5474869&quot;,
            &quot;version&quot;: &quot;::apt&quot;,
            &quot;url&quot;: &quot; &quot;
        },
        {
            &quot;name&quot;: &quot;squirrel3&quot;,
            &quot;action&quot;: &quot;install&quot;,
            &quot;id&quot;: &quot;5475279&quot;,
            &quot;version&quot;: &quot;::apt&quot;,
            &quot;url&quot;: &quot; &quot;
        }
    ]
}
09:13:04 INFO  Started operation: {'creationTime': '2022-07-25T09:13:03.829Z', 'deviceId': '21358819', 'deviceName': 'm32sd10a', 'self': 'https://t493319102.eu-latest.cumulocity.com/devicecontrol/operations/21368385', 'id': '21368385', 'status': 'PENDING', 'description': &quot;Apply software changes, triggered from PySys: [{'action': 'install', 'id': '5475369', 'name': 'asciijump', 'url': ' ', 'version': '::apt'}, {'action': 'install', 'id': '5474869', 'name': 'robotfindskitten', 'url': ' ', 'version': '::apt'}, {'action': 'install', 'id': '5475279', 'name': 'squirrel3', 'url': ' ', 'version': '::apt'}]&quot;, 'c8y_SoftwareUpdate': [{'name': 'asciijump', 'action': 'install', 'id': '5475369', 'version': '::apt', 'url': ' '}, {'name': 'robotfindskitten', 'action': 'install', 'id': '5474869', 'version': '::apt', 'url': ' '}, {'name': 'squirrel3', 'action': 'install', 'id': '5475279', 'version': '::apt', 'url': ' '}]}
09:13:06 INFO  State of operation 21368385 : PENDING
09:13:08 INFO  State of operation 21368385 : EXECUTING
09:13:10 INFO  State of operation 21368385 : EXECUTING
09:13:12 INFO  State of operation 21368385 : EXECUTING
09:13:15 INFO  State of operation 21368385 : EXECUTING
09:13:17 INFO  State of operation 21368385 : EXECUTING
09:13:20 INFO  State of operation 21368385 : EXECUTING
09:13:22 INFO  State of operation 21368385 : EXECUTING
09:13:25 INFO  State of operation 21368385 : EXECUTING
09:13:27 INFO  State of operation 21368385 : EXECUTING
09:13:29 INFO  State of operation 21368385 : EXECUTING
09:13:32 INFO  State of operation 21368385 : EXECUTING
09:13:34 INFO  State of operation 21368385 : EXECUTING
09:13:36 INFO  State of operation 21368385 : EXECUTING
09:13:38 INFO  State of operation 21368385 : EXECUTING
09:13:41 INFO  State of operation 21368385 : EXECUTING
09:13:43 INFO  State of operation 21368385 : EXECUTING
09:13:46 INFO  State of operation 21368385 : EXECUTING
09:13:48 INFO  State of operation 21368385 : EXECUTING
09:13:50 INFO  State of operation 21368385 : EXECUTING
09:13:53 INFO  State of operation 21368385 : EXECUTING
09:13:55 INFO  State of operation 21368385 : EXECUTING
09:13:57 INFO  State of operation 21368385 : EXECUTING
09:14:01 INFO  State of operation 21368385 : EXECUTING
09:14:03 INFO  State of operation 21368385 : EXECUTING
09:14:05 INFO  State of operation 21368385 : EXECUTING
09:14:08 INFO  State of operation 21368385 : EXECUTING
09:14:10 INFO  State of operation 21368385 : EXECUTING
09:14:13 INFO  State of operation 21368385 : EXECUTING
09:14:15 INFO  State of operation 21368385 : EXECUTING
09:14:17 INFO  State of operation 21368385 : EXECUTING
09:14:19 INFO  State of operation 21368385 : EXECUTING
09:14:22 INFO  State of operation 21368385 : EXECUTING
09:14:24 INFO  State of operation 21368385 : SUCCESSFUL
09:14:24 INFO  Assert that (False == value) with value=False ... passed
09:14:24 INFO  Package asciijump is installed
09:14:24 INFO  Assert that (True == value) with value=True ... passed
09:14:25 INFO  Package squirrel3 is installed
09:14:25 INFO  Assert that (True == value) with value=True ... passed
09:14:25 INFO  Package robotfindskitten is installed
09:14:25 INFO  Assert that (True == value) with value=True ... passed
09:14:25 INFO  Response status: 201
09:14:25 INFO  Response to action: {
    &quot;creationTime&quot;: &quot;2022-07-25T09:14:25.477Z&quot;,
    &quot;deviceId&quot;: &quot;21358819&quot;,
    &quot;deviceName&quot;: &quot;m32sd10a&quot;,
    &quot;self&quot;: &quot;https://t493319102.eu-latest.cumulocity.com/devicecontrol/operations/21368395&quot;,
    &quot;id&quot;: &quot;21368395&quot;,
    &quot;status&quot;: &quot;PENDING&quot;,
    &quot;description&quot;: &quot;Apply software changes, triggered from PySys: [{'action': 'delete', 'id': '5475369', 'name': 'asciijump', 'url': ' ', 'version': '::apt'}, {'action': 'delete', 'id': '5474869', 'name': 'robotfindskitten', 'url': ' ', 'version': '::apt'}, {'action': 'delete', 'id': '5475279', 'name': 'squirrel3', 'url': ' ', 'version': '::apt'}]&quot;,
    &quot;c8y_SoftwareUpdate&quot;: [
        {
            &quot;name&quot;: &quot;asciijump&quot;,
            &quot;action&quot;: &quot;delete&quot;,
            &quot;id&quot;: &quot;5475369&quot;,
            &quot;version&quot;: &quot;::apt&quot;,
            &quot;url&quot;: &quot; &quot;
        },
        {
            &quot;name&quot;: &quot;robotfindskitten&quot;,
            &quot;action&quot;: &quot;delete&quot;,
            &quot;id&quot;: &quot;5474869&quot;,
            &quot;version&quot;: &quot;::apt&quot;,
            &quot;url&quot;: &quot; &quot;
        },
        {
            &quot;name&quot;: &quot;squirrel3&quot;,
            &quot;action&quot;: &quot;delete&quot;,
            &quot;id&quot;: &quot;5475279&quot;,
            &quot;version&quot;: &quot;::apt&quot;,
            &quot;url&quot;: &quot; &quot;
        }
    ]
}
09:14:25 INFO  Started operation: {'creationTime': '2022-07-25T09:14:25.477Z', 'deviceId': '21358819', 'deviceName': 'm32sd10a', 'self': 'https://t493319102.eu-latest.cumulocity.com/devicecontrol/operations/21368395', 'id': '21368395', 'status': 'PENDING', 'description': &quot;Apply software changes, triggered from PySys: [{'action': 'delete', 'id': '5475369', 'name': 'asciijump', 'url': ' ', 'version': '::apt'}, {'action': 'delete', 'id': '5474869', 'name': 'robotfindskitten', 'url': ' ', 'version': '::apt'}, {'action': 'delete', 'id': '5475279', 'name': 'squirrel3', 'url': ' ', 'version': '::apt'}]&quot;, 'c8y_SoftwareUpdate': [{'name': 'asciijump', 'action': 'delete', 'id': '5475369', 'version': '::apt', 'url': ' '}, {'name': 'robotfindskitten', 'action': 'delete', 'id': '5474869', 'version': '::apt', 'url': ' '}, {'name': 'squirrel3', 'action': 'delete', 'id': '5475279', 'version': '::apt', 'url': ' '}]}
09:14:27 INFO  State of operation 21368395 : PENDING
09:14:30 INFO  State of operation 21368395 : EXECUTING
09:14:32 INFO  State of operation 21368395 : EXECUTING
09:14:34 INFO  State of operation 21368395 : EXECUTING
09:14:36 INFO  State of operation 21368395 : EXECUTING
09:14:38 INFO  State of operation 21368395 : EXECUTING
09:14:41 INFO  State of operation 21368395 : EXECUTING
09:14:44 INFO  State of operation 21368395 : EXECUTING
09:14:46 INFO  State of operation 21368395 : EXECUTING
09:14:49 INFO  State of operation 21368395 : EXECUTING
09:14:51 INFO  State of operation 21368395 : EXECUTING
09:14:53 INFO  State of operation 21368395 : EXECUTING
09:14:55 INFO  State of operation 21368395 : EXECUTING
09:14:58 INFO  State of operation 21368395 : EXECUTING
09:15:00 INFO  State of operation 21368395 : EXECUTING
09:15:03 INFO  State of operation 21368395 : EXECUTING
09:15:05 INFO  State of operation 21368395 : EXECUTING
09:15:08 INFO  State of operation 21368395 : EXECUTING
09:15:10 INFO  State of operation 21368395 : EXECUTING
09:15:13 INFO  State of operation 21368395 : EXECUTING
09:15:15 INFO  State of operation 21368395 : EXECUTING
09:15:17 INFO  State of operation 21368395 : EXECUTING
09:15:19 INFO  State of operation 21368395 : EXECUTING
09:15:22 INFO  State of operation 21368395 : EXECUTING
09:15:24 INFO  State of operation 21368395 : EXECUTING
09:15:27 INFO  State of operation 21368395 : EXECUTING
09:15:29 INFO  State of operation 21368395 : EXECUTING
09:15:31 INFO  State of operation 21368395 : SUCCESSFUL
09:15:31 INFO  Assert that (False == value) with value=False ... passed
09:15:32 INFO  Assert that (False == value) with value=False ... passed
09:15:32 INFO  Assert that (False == value) with value=False ... passed
09:15:32 INFO  Assert that (False == value) with value=False ... passed
09:15:32 INFO  
09:15:32 INFO  cleanup:
09:15:36 INFO  Executed sudo&lt;tedge_disconnect_c8y&gt;, exit status 0
09:15:37 INFO  Executed systemctl&lt;serv_mapper5&gt;, exit status 3
09:15:37 INFO  
09:15:37 INFO  Test duration: 178.87 secs
09:15:37 INFO  Test final outcome:  FAILED
09:15:37 INFO  Test outcome reason: Assert that (False == value) with value=True
09:15:37 INFO  
</system-out>
	</testcase>
</testsuite>
