<?xml version="1.0" encoding="utf-8"?>
<testsuite failures="1" name="SoftwareManagement.sm_apt_install_remove_multiple_mixed" skipped="0" tests="1" time="165.03" timestamp="2022-05-23T19:57:15">
	<testcase classname="PySysTest" name="SoftwareManagement.sm_apt_install_remove_multiple_mixed">
		<failure message="BLOCKED: SystemError: Timeout while waiting for status FAILED or SUCCESSFUL" type="BLOCKED"/>
		<system-out>19:54:30 INFO  ==============================================================
19:54:30 INFO  Id:    SoftwareManagement.sm_apt_install_remove_multiple_mixed
19:54:30 INFO  Dir:   software_management_end_to_end/
19:54:30 INFO  Title: Validate end to end behaviour for the apt plugin for multiple packages with mixed versions
19:54:30 INFO  ==============================================================
19:54:30 INFO  Using sw id database: {'asciijump': '5475369', 'robotfindskitten': '5474869', 'squirrel3': '5475279', 'rolldice': '5152439', 'moon-buggy': '5439204', 'apple': '5495053', 'banana': '5494888', 'cherry': '5495382', 'watermelon': '5494510', 'registry': '8018911', 'hello-world': '8021526', 'docker/getting-started': '8021973', 'alpine': '7991792'}
19:54:30 INFO  EnvironmentC8y Setup
19:54:30 INFO  Executed systemctl&lt;serv_mapper1&gt;, exit status 3
19:54:31 INFO  Restarting mosquitto too frequently in the last 10 seconds. It was only up for 5 seconds
19:54:31 INFO  Delaying execution by 6 seconds
19:54:51 INFO  Executed sudo&lt;tedge_connect_c8y&gt;, exit status 0, duration 14 secs
19:54:51 INFO  Executed sudo&lt;tedge_connect_c8y_test&gt;, exit status 0
19:54:52 INFO  Executed systemctl&lt;serv_mosq2&gt;, exit status 0
19:54:52 INFO  Executed systemctl&lt;serv_mapper3&gt;, exit status 0
19:54:54 INFO  State of current operation: PENDING
19:54:57 INFO  State of current operation: PENDING
19:54:59 INFO  State of current operation: PENDING
19:55:01 INFO  State of current operation: PENDING
19:55:03 INFO  State of current operation: PENDING
19:55:06 INFO  State of current operation: PENDING
19:55:08 INFO  State of current operation: PENDING
19:55:10 INFO  State of current operation: PENDING
19:55:12 INFO  State of current operation: PENDING
19:55:14 INFO  State of current operation: PENDING
19:55:17 INFO  State of current operation: PENDING
19:55:19 INFO  State of current operation: PENDING
19:55:21 INFO  State of current operation: PENDING
19:55:23 INFO  State of current operation: PENDING
19:55:26 INFO  State of current operation: PENDING
19:55:28 INFO  State of current operation: PENDING
19:55:30 INFO  State of current operation: PENDING
19:55:32 INFO  State of current operation: PENDING
19:55:34 INFO  State of current operation: PENDING
19:55:37 INFO  State of current operation: PENDING
19:55:39 INFO  State of current operation: PENDING
19:55:41 INFO  State of current operation: PENDING
19:55:43 INFO  State of current operation: PENDING
19:55:46 INFO  State of current operation: PENDING
19:55:48 INFO  State of current operation: PENDING
19:55:50 INFO  State of current operation: PENDING
19:55:52 INFO  State of current operation: PENDING
19:55:55 INFO  State of current operation: PENDING
19:55:57 INFO  State of current operation: PENDING
19:55:59 INFO  State of current operation: PENDING
19:56:01 INFO  State of current operation: PENDING
19:56:04 INFO  State of current operation: PENDING
19:56:06 INFO  State of current operation: PENDING
19:56:08 INFO  State of current operation: PENDING
19:56:10 INFO  State of current operation: PENDING
19:56:13 INFO  State of current operation: PENDING
19:56:15 INFO  State of current operation: PENDING
19:56:17 INFO  State of current operation: PENDING
19:56:19 INFO  State of current operation: PENDING
19:56:21 INFO  State of current operation: PENDING
19:56:24 INFO  State of current operation: PENDING
19:56:26 INFO  State of current operation: PENDING
19:56:28 INFO  State of current operation: PENDING
19:56:30 INFO  State of current operation: PENDING
19:56:33 INFO  State of current operation: PENDING
19:56:35 INFO  State of current operation: PENDING
19:56:37 INFO  State of current operation: PENDING
19:56:39 INFO  State of current operation: PENDING
19:56:41 INFO  State of current operation: PENDING
19:56:44 INFO  State of current operation: PENDING
19:56:46 INFO  State of current operation: PENDING
19:56:48 INFO  State of current operation: PENDING
19:56:50 INFO  State of current operation: PENDING
19:56:53 INFO  State of current operation: PENDING
19:56:55 INFO  State of current operation: PENDING
19:56:57 INFO  State of current operation: PENDING
19:56:59 INFO  State of current operation: PENDING
19:57:02 INFO  State of current operation: PENDING
19:57:04 INFO  State of current operation: PENDING
19:57:06 INFO  State of current operation: PENDING
19:57:08 INFO  State of current operation: PENDING
19:57:10 WARN  SystemError occurred while running test - Timeout while waiting for status FAILED or SUCCESSFUL
Traceback (most recent call last):
  File &quot;/home/pi/env-pysys/lib/python3.7/site-packages/pysys/baserunner.py&quot;, line 1292, in __call__
    self.testObj.setup()
  File &quot;/home/pi/actions-runner/_work/thin-edge.io/thin-edge.io/tests/PySys/software_management_end_to_end/sm_apt_install_remove_multiple_mixed/run.py&quot;, line 73, in setup
    super().setup()
  File &quot;/home/pi/actions-runner/_work/thin-edge.io/thin-edge.io/tests/PySys/software_management_end_to_end/environment_sm_management.py&quot;, line 151, in setup
    self.wait_until_end()
  File &quot;/home/pi/actions-runner/_work/thin-edge.io/thin-edge.io/tests/PySys/software_management_end_to_end/environment_sm_management.py&quot;, line 332, in wait_until_end
    self.wait_until_status(&quot;FAILED&quot;, &quot;SUCCESSFUL&quot;)
  File &quot;/home/pi/actions-runner/_work/thin-edge.io/thin-edge.io/tests/PySys/software_management_end_to_end/environment_sm_management.py&quot;, line 381, in wait_until_status
    &quot;Timeout while waiting for status %s or %s&quot; % (status, status2)
SystemError: Timeout while waiting for status FAILED or SUCCESSFUL
19:57:10 WARN  SystemError: Timeout while waiting for status FAILED or SUCCESSFUL ... blocked 
19:57:10 INFO  
19:57:10 INFO  cleanup:
19:57:14 INFO  Executed sudo&lt;tedge_disconnect_c8y&gt;, exit status 0
19:57:15 INFO  Executed systemctl&lt;serv_mapper5&gt;, exit status 3
19:57:15 INFO  
19:57:15 INFO  Test duration: 165.03 secs
19:57:15 INFO  Test final outcome:  BLOCKED
19:57:15 INFO  Test outcome reason: SystemError: Timeout while waiting for status FAILED or SUCCESSFUL
19:57:15 INFO  
</system-out>
	</testcase>
</testsuite>
