<?xml version="1.0" encoding="utf-8"?>
<testsuite failures="1" name="SoftwareManagement.sm_apt_install_fail" skipped="0" tests="1" time="166.18" timestamp="2022-05-23T17:26:26">
	<testcase classname="PySysTest" name="SoftwareManagement.sm_apt_install_fail">
		<failure message="BLOCKED: SystemError: Timeout while waiting for status FAILED or SUCCESSFUL" type="BLOCKED"/>
		<system-out>17:23:40 INFO  ==============================================================
17:23:40 INFO  Id:    SoftwareManagement.sm_apt_install_fail
17:23:40 INFO  Dir:   software_management_end_to_end/
17:23:40 INFO  Title: Validate end to end behaviour for a failing installation
17:23:40 INFO  ==============================================================
17:23:40 INFO  Using sw id database: {'asciijump': '5475369', 'robotfindskitten': '5474869', 'squirrel3': '5475279', 'rolldice': '5152439', 'moon-buggy': '5439204', 'apple': '5495053', 'banana': '5494888', 'cherry': '5495382', 'watermelon': '5494510', 'registry': '8018911', 'hello-world': '8021526', 'docker/getting-started': '8021973', 'alpine': '7991792'}
17:23:40 INFO  EnvironmentC8y Setup
17:23:40 INFO  Executed systemctl&lt;serv_mapper1&gt;, exit status 3
17:23:40 INFO  Restarting mosquitto too frequently in the last 10 seconds. It was only up for 4 seconds
17:23:40 INFO  Delaying execution by 7 seconds
17:24:01 INFO  Executed sudo&lt;tedge_connect_c8y&gt;, exit status 0, duration 14 secs
17:24:02 INFO  Executed sudo&lt;tedge_connect_c8y_test&gt;, exit status 0
17:24:03 INFO  Executed systemctl&lt;serv_mosq2&gt;, exit status 0
17:24:03 INFO  Executed systemctl&lt;serv_mapper3&gt;, exit status 0
17:24:05 INFO  State of current operation: PENDING
17:24:07 INFO  State of current operation: PENDING
17:24:10 INFO  State of current operation: PENDING
17:24:12 INFO  State of current operation: PENDING
17:24:14 INFO  State of current operation: PENDING
17:24:16 INFO  State of current operation: PENDING
17:24:19 INFO  State of current operation: PENDING
17:24:21 INFO  State of current operation: PENDING
17:24:23 INFO  State of current operation: PENDING
17:24:25 INFO  State of current operation: PENDING
17:24:28 INFO  State of current operation: PENDING
17:24:30 INFO  State of current operation: PENDING
17:24:32 INFO  State of current operation: PENDING
17:24:34 INFO  State of current operation: PENDING
17:24:36 INFO  State of current operation: PENDING
17:24:39 INFO  State of current operation: PENDING
17:24:41 INFO  State of current operation: PENDING
17:24:43 INFO  State of current operation: PENDING
17:24:45 INFO  State of current operation: PENDING
17:24:48 INFO  State of current operation: PENDING
17:24:50 INFO  State of current operation: PENDING
17:24:52 INFO  State of current operation: PENDING
17:24:54 INFO  State of current operation: PENDING
17:24:56 INFO  State of current operation: PENDING
17:24:59 INFO  State of current operation: PENDING
17:25:01 INFO  State of current operation: PENDING
17:25:03 INFO  State of current operation: PENDING
17:25:05 INFO  State of current operation: PENDING
17:25:08 INFO  State of current operation: PENDING
17:25:10 INFO  State of current operation: PENDING
17:25:12 INFO  State of current operation: PENDING
17:25:14 INFO  State of current operation: PENDING
17:25:17 INFO  State of current operation: PENDING
17:25:19 INFO  State of current operation: PENDING
17:25:21 INFO  State of current operation: PENDING
17:25:23 INFO  State of current operation: PENDING
17:25:25 INFO  State of current operation: PENDING
17:25:28 INFO  State of current operation: PENDING
17:25:30 INFO  State of current operation: PENDING
17:25:32 INFO  State of current operation: PENDING
17:25:34 INFO  State of current operation: PENDING
17:25:37 INFO  State of current operation: PENDING
17:25:39 INFO  State of current operation: PENDING
17:25:41 INFO  State of current operation: PENDING
17:25:43 INFO  State of current operation: PENDING
17:25:46 INFO  State of current operation: PENDING
17:25:48 INFO  State of current operation: PENDING
17:25:50 INFO  State of current operation: PENDING
17:25:52 INFO  State of current operation: PENDING
17:25:54 INFO  State of current operation: PENDING
17:25:57 INFO  State of current operation: PENDING
17:25:59 INFO  State of current operation: PENDING
17:26:01 INFO  State of current operation: PENDING
17:26:03 INFO  State of current operation: PENDING
17:26:06 INFO  State of current operation: PENDING
17:26:08 INFO  State of current operation: PENDING
17:26:10 INFO  State of current operation: PENDING
17:26:12 INFO  State of current operation: PENDING
17:26:15 INFO  State of current operation: PENDING
17:26:17 INFO  State of current operation: PENDING
17:26:19 INFO  State of current operation: PENDING
17:26:21 WARN  SystemError occurred while running test - Timeout while waiting for status FAILED or SUCCESSFUL
Traceback (most recent call last):
  File &quot;/home/pi/env-pysys/lib/python3.7/site-packages/pysys/baserunner.py&quot;, line 1292, in __call__
    self.testObj.setup()
  File &quot;/home/pi/actions-runner/_work/thin-edge.io/thin-edge.io/tests/PySys/software_management_end_to_end/sm_apt_install_fail/run.py&quot;, line 20, in setup
    super().setup()
  File &quot;/home/pi/actions-runner/_work/thin-edge.io/thin-edge.io/tests/PySys/software_management_end_to_end/environment_sm_management.py&quot;, line 151, in setup
    self.wait_until_end()
  File &quot;/home/pi/actions-runner/_work/thin-edge.io/thin-edge.io/tests/PySys/software_management_end_to_end/environment_sm_management.py&quot;, line 332, in wait_until_end
    self.wait_until_status(&quot;FAILED&quot;, &quot;SUCCESSFUL&quot;)
  File &quot;/home/pi/actions-runner/_work/thin-edge.io/thin-edge.io/tests/PySys/software_management_end_to_end/environment_sm_management.py&quot;, line 381, in wait_until_status
    &quot;Timeout while waiting for status %s or %s&quot; % (status, status2)
SystemError: Timeout while waiting for status FAILED or SUCCESSFUL
17:26:21 WARN  SystemError: Timeout while waiting for status FAILED or SUCCESSFUL ... blocked 
17:26:21 INFO  
17:26:21 INFO  cleanup:
17:26:25 INFO  Executed sudo&lt;tedge_disconnect_c8y&gt;, exit status 0
17:26:26 INFO  Executed systemctl&lt;serv_mapper5&gt;, exit status 3
17:26:26 INFO  
17:26:26 INFO  Test duration: 166.18 secs
17:26:26 INFO  Test final outcome:  BLOCKED
17:26:26 INFO  Test outcome reason: SystemError: Timeout while waiting for status FAILED or SUCCESSFUL
17:26:26 INFO  
</system-out>
	</testcase>
</testsuite>
