<?xml version="1.0" encoding="utf-8"?>
<testsuite failures="1" name="SoftwareManagement.sm_apt_install_remove" skipped="0" tests="1" time="165.01" timestamp="2022-05-23T11:51:15">
	<testcase classname="PySysTest" name="SoftwareManagement.sm_apt_install_remove">
		<failure message="BLOCKED: SystemError: Timeout while waiting for status FAILED or SUCCESSFUL" type="BLOCKED"/>
		<system-out>11:48:30 INFO  ==============================================================
11:48:30 INFO  Id:    SoftwareManagement.sm_apt_install_remove
11:48:30 INFO  Dir:   software_management_end_to_end/
11:48:30 INFO  Title: Validate end to end behaviour for the apt plugin for installation and removal of packages
11:48:30 INFO  ==============================================================
11:48:30 INFO  Using sw id database: {'asciijump': '5475369', 'robotfindskitten': '5474869', 'squirrel3': '5475279', 'rolldice': '5152439', 'moon-buggy': '5439204', 'apple': '5495053', 'banana': '5494888', 'cherry': '5495382', 'watermelon': '5494510', 'registry': '8018911', 'hello-world': '8021526', 'docker/getting-started': '8021973', 'alpine': '7991792'}
11:48:30 INFO  EnvironmentC8y Setup
11:48:31 INFO  Executed systemctl&lt;serv_mapper1&gt;, exit status 3
11:48:31 INFO  Restarting mosquitto too frequently in the last 10 seconds. It was only up for 5 seconds
11:48:31 INFO  Delaying execution by 6 seconds
11:48:51 INFO  Executed sudo&lt;tedge_connect_c8y&gt;, exit status 0, duration 13 secs
11:48:51 INFO  Executed sudo&lt;tedge_connect_c8y_test&gt;, exit status 0
11:48:52 INFO  Executed systemctl&lt;serv_mosq2&gt;, exit status 0
11:48:52 INFO  Executed systemctl&lt;serv_mapper3&gt;, exit status 0
11:48:54 INFO  State of current operation: PENDING
11:48:57 INFO  State of current operation: PENDING
11:48:59 INFO  State of current operation: PENDING
11:49:01 INFO  State of current operation: PENDING
11:49:03 INFO  State of current operation: PENDING
11:49:06 INFO  State of current operation: PENDING
11:49:08 INFO  State of current operation: PENDING
11:49:10 INFO  State of current operation: PENDING
11:49:12 INFO  State of current operation: PENDING
11:49:14 INFO  State of current operation: PENDING
11:49:17 INFO  State of current operation: PENDING
11:49:19 INFO  State of current operation: PENDING
11:49:21 INFO  State of current operation: PENDING
11:49:23 INFO  State of current operation: PENDING
11:49:26 INFO  State of current operation: PENDING
11:49:28 INFO  State of current operation: PENDING
11:49:30 INFO  State of current operation: PENDING
11:49:32 INFO  State of current operation: PENDING
11:49:35 INFO  State of current operation: PENDING
11:49:37 INFO  State of current operation: PENDING
11:49:39 INFO  State of current operation: PENDING
11:49:41 INFO  State of current operation: PENDING
11:49:43 INFO  State of current operation: PENDING
11:49:46 INFO  State of current operation: PENDING
11:49:48 INFO  State of current operation: PENDING
11:49:50 INFO  State of current operation: PENDING
11:49:52 INFO  State of current operation: PENDING
11:49:55 INFO  State of current operation: PENDING
11:49:57 INFO  State of current operation: PENDING
11:49:59 INFO  State of current operation: PENDING
11:50:01 INFO  State of current operation: PENDING
11:50:04 INFO  State of current operation: PENDING
11:50:06 INFO  State of current operation: PENDING
11:50:08 INFO  State of current operation: PENDING
11:50:10 INFO  State of current operation: PENDING
11:50:12 INFO  State of current operation: PENDING
11:50:15 INFO  State of current operation: PENDING
11:50:17 INFO  State of current operation: PENDING
11:50:19 INFO  State of current operation: PENDING
11:50:21 INFO  State of current operation: PENDING
11:50:24 INFO  State of current operation: PENDING
11:50:26 INFO  State of current operation: PENDING
11:50:28 INFO  State of current operation: PENDING
11:50:30 INFO  State of current operation: PENDING
11:50:32 INFO  State of current operation: PENDING
11:50:35 INFO  State of current operation: PENDING
11:50:37 INFO  State of current operation: PENDING
11:50:39 INFO  State of current operation: PENDING
11:50:41 INFO  State of current operation: PENDING
11:50:44 INFO  State of current operation: PENDING
11:50:46 INFO  State of current operation: PENDING
11:50:48 INFO  State of current operation: PENDING
11:50:50 INFO  State of current operation: PENDING
11:50:53 INFO  State of current operation: PENDING
11:50:55 INFO  State of current operation: PENDING
11:50:57 INFO  State of current operation: PENDING
11:50:59 INFO  State of current operation: PENDING
11:51:02 INFO  State of current operation: PENDING
11:51:04 INFO  State of current operation: PENDING
11:51:06 INFO  State of current operation: PENDING
11:51:08 INFO  State of current operation: PENDING
11:51:10 WARN  SystemError occurred while running test - Timeout while waiting for status FAILED or SUCCESSFUL
Traceback (most recent call last):
  File &quot;/home/pi/env-pysys/lib/python3.7/site-packages/pysys/baserunner.py&quot;, line 1292, in __call__
    self.testObj.setup()
  File &quot;/home/pi/actions-runner/_work/thin-edge.io/thin-edge.io/tests/PySys/software_management_end_to_end/sm_apt_install_remove/run.py&quot;, line 27, in setup
    super().setup()
  File &quot;/home/pi/actions-runner/_work/thin-edge.io/thin-edge.io/tests/PySys/software_management_end_to_end/environment_sm_management.py&quot;, line 151, in setup
    self.wait_until_end()
  File &quot;/home/pi/actions-runner/_work/thin-edge.io/thin-edge.io/tests/PySys/software_management_end_to_end/environment_sm_management.py&quot;, line 332, in wait_until_end
    self.wait_until_status(&quot;FAILED&quot;, &quot;SUCCESSFUL&quot;)
  File &quot;/home/pi/actions-runner/_work/thin-edge.io/thin-edge.io/tests/PySys/software_management_end_to_end/environment_sm_management.py&quot;, line 381, in wait_until_status
    &quot;Timeout while waiting for status %s or %s&quot; % (status, status2)
SystemError: Timeout while waiting for status FAILED or SUCCESSFUL
11:51:10 WARN  SystemError: Timeout while waiting for status FAILED or SUCCESSFUL ... blocked 
11:51:10 INFO  
11:51:10 INFO  cleanup:
11:51:15 INFO  Executed sudo&lt;tedge_disconnect_c8y&gt;, exit status 0
11:51:15 INFO  Executed systemctl&lt;serv_mapper5&gt;, exit status 3
11:51:15 INFO  
11:51:15 INFO  Test duration: 165.01 secs
11:51:15 INFO  Test final outcome:  BLOCKED
11:51:15 INFO  Test outcome reason: SystemError: Timeout while waiting for status FAILED or SUCCESSFUL
11:51:15 INFO  
</system-out>
	</testcase>
</testsuite>
