<?xml version="1.0" encoding="utf-8"?>
<testsuite failures="1" name="SoftwareManagement.sm_apt_install_remove_default" skipped="0" tests="1" time="166.65" timestamp="2022-05-23T14:04:04">
	<testcase classname="PySysTest" name="SoftwareManagement.sm_apt_install_remove_default">
		<failure message="BLOCKED: SystemError: Timeout while waiting for status FAILED or SUCCESSFUL" type="BLOCKED"/>
		<system-out>14:01:18 INFO  ==============================================================
14:01:18 INFO  Id:    SoftwareManagement.sm_apt_install_remove_default
14:01:18 INFO  Dir:   software_management_end_to_end/
14:01:18 INFO  Title: Validate end to end behaviour for the default plugin for installation and removal of packages
14:01:18 INFO  ==============================================================
14:01:18 INFO  Using sw id database: {'asciijump': '5475369', 'robotfindskitten': '5474869', 'squirrel3': '5475279', 'rolldice': '5152439', 'moon-buggy': '5439204', 'apple': '5495053', 'banana': '5494888', 'cherry': '5495382', 'watermelon': '5494510', 'registry': '8018911', 'hello-world': '8021526', 'docker/getting-started': '8021973', 'alpine': '7991792'}
14:01:18 INFO  EnvironmentC8y Setup
14:01:18 INFO  Executed systemctl&lt;serv_mapper1&gt;, exit status 3
14:01:18 INFO  Restarting mosquitto too frequently in the last 10 seconds. It was only up for 4 seconds
14:01:18 INFO  Delaying execution by 7 seconds
14:01:40 INFO  Executed sudo&lt;tedge_connect_c8y&gt;, exit status 0, duration 14 secs
14:01:40 INFO  Executed sudo&lt;tedge_connect_c8y_test&gt;, exit status 0
14:01:41 INFO  Executed systemctl&lt;serv_mosq2&gt;, exit status 0
14:01:41 INFO  Executed systemctl&lt;serv_mapper3&gt;, exit status 0
14:01:43 INFO  State of current operation: PENDING
14:01:46 INFO  State of current operation: PENDING
14:01:48 INFO  State of current operation: PENDING
14:01:50 INFO  State of current operation: PENDING
14:01:52 INFO  State of current operation: PENDING
14:01:55 INFO  State of current operation: PENDING
14:01:57 INFO  State of current operation: PENDING
14:01:59 INFO  State of current operation: PENDING
14:02:01 INFO  State of current operation: PENDING
14:02:03 INFO  State of current operation: PENDING
14:02:06 INFO  State of current operation: PENDING
14:02:08 INFO  State of current operation: PENDING
14:02:10 INFO  State of current operation: PENDING
14:02:12 INFO  State of current operation: PENDING
14:02:15 INFO  State of current operation: PENDING
14:02:17 INFO  State of current operation: PENDING
14:02:19 INFO  State of current operation: PENDING
14:02:21 INFO  State of current operation: PENDING
14:02:24 INFO  State of current operation: PENDING
14:02:26 INFO  State of current operation: PENDING
14:02:28 INFO  State of current operation: PENDING
14:02:30 INFO  State of current operation: PENDING
14:02:33 INFO  State of current operation: PENDING
14:02:35 INFO  State of current operation: PENDING
14:02:37 INFO  State of current operation: PENDING
14:02:39 INFO  State of current operation: PENDING
14:02:42 INFO  State of current operation: PENDING
14:02:44 INFO  State of current operation: PENDING
14:02:46 INFO  State of current operation: PENDING
14:02:49 INFO  State of current operation: PENDING
14:02:51 INFO  State of current operation: PENDING
14:02:53 INFO  State of current operation: PENDING
14:02:55 INFO  State of current operation: PENDING
14:02:58 INFO  State of current operation: PENDING
14:03:00 INFO  State of current operation: PENDING
14:03:02 INFO  State of current operation: PENDING
14:03:04 INFO  State of current operation: PENDING
14:03:06 INFO  State of current operation: PENDING
14:03:09 INFO  State of current operation: PENDING
14:03:11 INFO  State of current operation: PENDING
14:03:13 INFO  State of current operation: PENDING
14:03:15 INFO  State of current operation: PENDING
14:03:18 INFO  State of current operation: PENDING
14:03:20 INFO  State of current operation: PENDING
14:03:22 INFO  State of current operation: PENDING
14:03:24 INFO  State of current operation: PENDING
14:03:26 INFO  State of current operation: PENDING
14:03:29 INFO  State of current operation: PENDING
14:03:31 INFO  State of current operation: PENDING
14:03:33 INFO  State of current operation: PENDING
14:03:35 INFO  State of current operation: PENDING
14:03:38 INFO  State of current operation: PENDING
14:03:40 INFO  State of current operation: PENDING
14:03:42 INFO  State of current operation: PENDING
14:03:44 INFO  State of current operation: PENDING
14:03:47 INFO  State of current operation: PENDING
14:03:49 INFO  State of current operation: PENDING
14:03:51 INFO  State of current operation: PENDING
14:03:53 INFO  State of current operation: PENDING
14:03:55 INFO  State of current operation: PENDING
14:03:58 INFO  State of current operation: PENDING
14:04:00 WARN  SystemError occurred while running test - Timeout while waiting for status FAILED or SUCCESSFUL
Traceback (most recent call last):
  File &quot;/home/pi/env-pysys/lib/python3.7/site-packages/pysys/baserunner.py&quot;, line 1292, in __call__
    self.testObj.setup()
  File &quot;/home/pi/actions-runner/_work/thin-edge.io/thin-edge.io/tests/PySys/software_management_end_to_end/sm_apt_install_remove_default/run.py&quot;, line 26, in setup
    super().setup()
  File &quot;/home/pi/actions-runner/_work/thin-edge.io/thin-edge.io/tests/PySys/software_management_end_to_end/environment_sm_management.py&quot;, line 151, in setup
    self.wait_until_end()
  File &quot;/home/pi/actions-runner/_work/thin-edge.io/thin-edge.io/tests/PySys/software_management_end_to_end/environment_sm_management.py&quot;, line 332, in wait_until_end
    self.wait_until_status(&quot;FAILED&quot;, &quot;SUCCESSFUL&quot;)
  File &quot;/home/pi/actions-runner/_work/thin-edge.io/thin-edge.io/tests/PySys/software_management_end_to_end/environment_sm_management.py&quot;, line 381, in wait_until_status
    &quot;Timeout while waiting for status %s or %s&quot; % (status, status2)
SystemError: Timeout while waiting for status FAILED or SUCCESSFUL
14:04:00 WARN  SystemError: Timeout while waiting for status FAILED or SUCCESSFUL ... blocked 
14:04:00 INFO  
14:04:00 INFO  cleanup:
14:04:04 INFO  Executed sudo&lt;tedge_disconnect_c8y&gt;, exit status 0
14:04:04 INFO  Executed systemctl&lt;serv_mapper5&gt;, exit status 3
14:04:04 INFO  
14:04:04 INFO  Test duration: 166.65 secs
14:04:04 INFO  Test final outcome:  BLOCKED
14:04:04 INFO  Test outcome reason: SystemError: Timeout while waiting for status FAILED or SUCCESSFUL
14:04:04 INFO  
</system-out>
	</testcase>
</testsuite>
