<?xml version="1.0" encoding="utf-8"?>
<testsuite failures="1" name="SoftwareManagement.sm_apt_install_remove_multiple_mixed" skipped="0" tests="1" time="180.39" timestamp="2022-06-22T16:37:16">
	<testcase classname="PySysTest" name="SoftwareManagement.sm_apt_install_remove_multiple_mixed">
		<failure message="BLOCKED: SystemError: Timeout while waiting for status SUCCESSFUL or False" type="BLOCKED"/>
		<system-out>16:34:15 INFO  ==============================================================
16:34:15 INFO  Id:    SoftwareManagement.sm_apt_install_remove_multiple_mixed
16:34:15 INFO  Dir:   software_management_end_to_end/
16:34:15 INFO  Title: Validate end to end behaviour for the apt plugin for multiple packages with mixed versions
16:34:15 INFO  ==============================================================
16:34:15 INFO  Using sw id database: {'asciijump': '5475369', 'robotfindskitten': '5474869', 'squirrel3': '5475279', 'rolldice': '5152439', 'moon-buggy': '5439204', 'apple': '5495053', 'banana': '5494888', 'cherry': '5495382', 'watermelon': '5494510', 'registry': '8018911', 'hello-world': '8021526', 'docker/getting-started': '8021973', 'alpine': '7991792'}
16:34:15 INFO  EnvironmentC8y Setup
16:34:16 INFO  Executed systemctl&lt;serv_mapper1&gt;, exit status 3
16:34:16 INFO  Restarting mosquitto too frequently in the last 10 seconds. It was only up for 4 seconds
16:34:16 INFO  Delaying execution by 7 seconds
16:34:37 INFO  Executed sudo&lt;tedge_connect_c8y&gt;, exit status 0, duration 13 secs
16:34:38 INFO  Executed sudo&lt;tedge_connect_c8y_test&gt;, exit status 0
16:34:38 INFO  Executed systemctl&lt;serv_mosq2&gt;, exit status 0
16:34:39 INFO  Executed systemctl&lt;serv_mapper3&gt;, exit status 0
16:34:41 INFO  State of current operation: SUCCESSFUL
16:34:41 INFO  Assert that (False == value) with value=False ... passed
16:34:41 INFO  Assert that (False == value) with value=False ... passed
16:34:41 INFO  Assert that (False == value) with value=False ... passed
16:34:42 INFO  Assert that (False == value) with value=False ... passed
16:34:42 INFO  Assert that (False == value) with value=False ... passed
16:34:43 INFO  Response status: 201
16:34:43 INFO  Response to action: {
    &quot;creationTime&quot;: &quot;2022-06-22T16:34:43.610Z&quot;,
    &quot;deviceName&quot;: &quot;m32sd10a&quot;,
    &quot;deviceId&quot;: &quot;20418368&quot;,
    &quot;self&quot;: &quot;https://t493319102.eu-latest.cumulocity.com/devicecontrol/operations/20427394&quot;,
    &quot;id&quot;: &quot;20427394&quot;,
    &quot;status&quot;: &quot;PENDING&quot;,
    &quot;description&quot;: &quot;Apply software changes, triggered from PySys: [{'action': 'install', 'id': '5475369', 'name': 'asciijump', 'url': ' ', 'version': '::apt'}, {'action': 'install', 'id': '5474869', 'name': 'robotfindskitten', 'url': ' ', 'version': ' '}, {'action': 'install', 'id': '5475279', 'name': 'squirrel3', 'url': ' ', 'version': '3.1-7::apt'}, {'action': 'install', 'id': '5152439', 'name': 'rolldice', 'url': ' ', 'version': '1.16-1+b1'}, {'action': 'install', 'id': '5439204', 'name': 'moon-buggy', 'url': ' ', 'version': '1:1.0.51-12'}, {'action': 'install', 'id': '5475369', 'name': 'asciijump', 'url': ' ', 'version': '::apt'}]&quot;,
    &quot;c8y_SoftwareUpdate&quot;: [
        {
            &quot;name&quot;: &quot;asciijump&quot;,
            &quot;action&quot;: &quot;install&quot;,
            &quot;id&quot;: &quot;5475369&quot;,
            &quot;version&quot;: &quot;::apt&quot;,
            &quot;url&quot;: &quot; &quot;
        },
        {
            &quot;name&quot;: &quot;robotfindskitten&quot;,
            &quot;action&quot;: &quot;install&quot;,
            &quot;id&quot;: &quot;5474869&quot;,
            &quot;version&quot;: &quot; &quot;,
            &quot;url&quot;: &quot; &quot;
        },
        {
            &quot;name&quot;: &quot;squirrel3&quot;,
            &quot;action&quot;: &quot;install&quot;,
            &quot;id&quot;: &quot;5475279&quot;,
            &quot;version&quot;: &quot;3.1-7::apt&quot;,
            &quot;url&quot;: &quot; &quot;
        },
        {
            &quot;name&quot;: &quot;rolldice&quot;,
            &quot;action&quot;: &quot;install&quot;,
            &quot;id&quot;: &quot;5152439&quot;,
            &quot;version&quot;: &quot;1.16-1+b1&quot;,
            &quot;url&quot;: &quot; &quot;
        },
        {
            &quot;name&quot;: &quot;moon-buggy&quot;,
            &quot;action&quot;: &quot;install&quot;,
            &quot;id&quot;: &quot;5439204&quot;,
            &quot;version&quot;: &quot;1:1.0.51-12&quot;,
            &quot;url&quot;: &quot; &quot;
        },
        {
            &quot;name&quot;: &quot;asciijump&quot;,
            &quot;action&quot;: &quot;install&quot;,
            &quot;id&quot;: &quot;5475369&quot;,
            &quot;version&quot;: &quot;::apt&quot;,
            &quot;url&quot;: &quot; &quot;
        }
    ]
}
16:34:43 INFO  Started operation: {'creationTime': '2022-06-22T16:34:43.610Z', 'deviceName': 'm32sd10a', 'deviceId': '20418368', 'self': 'https://t493319102.eu-latest.cumulocity.com/devicecontrol/operations/20427394', 'id': '20427394', 'status': 'PENDING', 'description': &quot;Apply software changes, triggered from PySys: [{'action': 'install', 'id': '5475369', 'name': 'asciijump', 'url': ' ', 'version': '::apt'}, {'action': 'install', 'id': '5474869', 'name': 'robotfindskitten', 'url': ' ', 'version': ' '}, {'action': 'install', 'id': '5475279', 'name': 'squirrel3', 'url': ' ', 'version': '3.1-7::apt'}, {'action': 'install', 'id': '5152439', 'name': 'rolldice', 'url': ' ', 'version': '1.16-1+b1'}, {'action': 'install', 'id': '5439204', 'name': 'moon-buggy', 'url': ' ', 'version': '1:1.0.51-12'}, {'action': 'install', 'id': '5475369', 'name': 'asciijump', 'url': ' ', 'version': '::apt'}]&quot;, 'c8y_SoftwareUpdate': [{'name': 'asciijump', 'action': 'install', 'id': '5475369', 'version': '::apt', 'url': ' '}, {'name': 'robotfindskitten', 'action': 'install', 'id': '5474869', 'version': ' ', 'url': ' '}, {'name': 'squirrel3', 'action': 'install', 'id': '5475279', 'version': '3.1-7::apt', 'url': ' '}, {'name': 'rolldice', 'action': 'install', 'id': '5152439', 'version': '1.16-1+b1', 'url': ' '}, {'name': 'moon-buggy', 'action': 'install', 'id': '5439204', 'version': '1:1.0.51-12', 'url': ' '}, {'name': 'asciijump', 'action': 'install', 'id': '5475369', 'version': '::apt', 'url': ' '}]}
16:34:45 INFO  State of operation 20427394 : PENDING
16:34:48 INFO  State of operation 20427394 : EXECUTING
16:34:50 INFO  State of operation 20427394 : EXECUTING
16:34:52 INFO  State of operation 20427394 : EXECUTING
16:34:54 INFO  State of operation 20427394 : EXECUTING
16:34:56 INFO  State of operation 20427394 : EXECUTING
16:34:59 INFO  State of operation 20427394 : EXECUTING
16:35:02 INFO  State of operation 20427394 : EXECUTING
16:35:04 INFO  State of operation 20427394 : EXECUTING
16:35:07 INFO  State of operation 20427394 : EXECUTING
16:35:09 INFO  State of operation 20427394 : EXECUTING
16:35:11 INFO  State of operation 20427394 : EXECUTING
16:35:13 INFO  State of operation 20427394 : EXECUTING
16:35:16 INFO  State of operation 20427394 : EXECUTING
16:35:18 INFO  State of operation 20427394 : EXECUTING
16:35:20 INFO  State of operation 20427394 : EXECUTING
16:35:23 INFO  State of operation 20427394 : EXECUTING
16:35:25 INFO  State of operation 20427394 : EXECUTING
16:35:28 INFO  State of operation 20427394 : EXECUTING
16:35:30 INFO  State of operation 20427394 : EXECUTING
16:35:32 INFO  State of operation 20427394 : EXECUTING
16:35:35 INFO  State of operation 20427394 : EXECUTING
16:35:37 INFO  State of operation 20427394 : EXECUTING
16:35:40 INFO  State of operation 20427394 : EXECUTING
16:35:42 INFO  State of operation 20427394 : EXECUTING
16:35:45 INFO  State of operation 20427394 : EXECUTING
16:35:47 INFO  State of operation 20427394 : EXECUTING
16:35:50 INFO  State of operation 20427394 : EXECUTING
16:35:52 INFO  State of operation 20427394 : EXECUTING
16:35:55 INFO  State of operation 20427394 : EXECUTING
16:35:57 INFO  State of operation 20427394 : EXECUTING
16:35:59 INFO  State of operation 20427394 : EXECUTING
16:36:01 INFO  State of operation 20427394 : EXECUTING
16:36:04 INFO  State of operation 20427394 : EXECUTING
16:36:06 INFO  State of operation 20427394 : EXECUTING
16:36:08 INFO  State of operation 20427394 : EXECUTING
16:36:10 INFO  State of operation 20427394 : EXECUTING
16:36:13 INFO  State of operation 20427394 : EXECUTING
16:36:16 INFO  State of operation 20427394 : EXECUTING
16:36:18 INFO  State of operation 20427394 : EXECUTING
16:36:21 INFO  State of operation 20427394 : EXECUTING
16:36:23 INFO  State of operation 20427394 : EXECUTING
16:36:25 INFO  State of operation 20427394 : EXECUTING
16:36:27 INFO  State of operation 20427394 : EXECUTING
16:36:30 INFO  State of operation 20427394 : EXECUTING
16:36:32 INFO  State of operation 20427394 : EXECUTING
16:36:34 INFO  State of operation 20427394 : EXECUTING
16:36:36 INFO  State of operation 20427394 : EXECUTING
16:36:39 INFO  State of operation 20427394 : EXECUTING
16:36:42 INFO  State of operation 20427394 : EXECUTING
16:36:44 INFO  State of operation 20427394 : EXECUTING
16:36:46 INFO  State of operation 20427394 : EXECUTING
16:36:49 INFO  State of operation 20427394 : EXECUTING
16:36:52 INFO  State of operation 20427394 : EXECUTING
16:36:54 INFO  State of operation 20427394 : EXECUTING
16:36:57 INFO  State of operation 20427394 : EXECUTING
16:36:59 INFO  State of operation 20427394 : EXECUTING
16:37:01 INFO  State of operation 20427394 : EXECUTING
16:37:04 INFO  State of operation 20427394 : EXECUTING
16:37:06 INFO  State of operation 20427394 : EXECUTING
16:37:09 INFO  State of operation 20427394 : EXECUTING
16:37:11 WARN  SystemError occurred while running test - Timeout while waiting for status SUCCESSFUL or False
Traceback (most recent call last):
  File &quot;/home/pi/env-pysys/lib/python3.7/site-packages/pysys/baserunner.py&quot;, line 1294, in __call__
    self.testObj.execute()
  File &quot;/home/pi/actions-runner/_work/thin-edge.io/thin-edge.io/tests/PySys/software_management_end_to_end/sm_apt_install_remove_multiple_mixed/run.py&quot;, line 89, in execute
    self.wait_until_succcess()
  File &quot;/home/pi/actions-runner/_work/thin-edge.io/thin-edge.io/tests/PySys/software_management_end_to_end/environment_sm_management.py&quot;, line 324, in wait_until_succcess
    self.wait_until_status(&quot;SUCCESSFUL&quot;)
  File &quot;/home/pi/actions-runner/_work/thin-edge.io/thin-edge.io/tests/PySys/software_management_end_to_end/environment_sm_management.py&quot;, line 381, in wait_until_status
    &quot;Timeout while waiting for status %s or %s&quot; % (status, status2)
SystemError: Timeout while waiting for status SUCCESSFUL or False
16:37:11 WARN  SystemError: Timeout while waiting for status SUCCESSFUL or False ... blocked 
16:37:11 INFO  
16:37:11 INFO  cleanup:
16:37:15 INFO  Executed sudo&lt;tedge_disconnect_c8y&gt;, exit status 0
16:37:16 INFO  Executed systemctl&lt;serv_mapper5&gt;, exit status 3
16:37:16 INFO  
16:37:16 INFO  Test duration: 180.39 secs
16:37:16 INFO  Test final outcome:  BLOCKED
16:37:16 INFO  Test outcome reason: SystemError: Timeout while waiting for status SUCCESSFUL or False
16:37:16 INFO  
</system-out>
	</testcase>
</testsuite>
