<?xml version="1.0" encoding="utf-8"?>
<testsuite failures="1" name="SoftwareManagement.sm_apt_install_remove_multiple" skipped="0" tests="1" time="180.65" timestamp="2022-07-21T17:06:00">
	<testcase classname="PySysTest" name="SoftwareManagement.sm_apt_install_remove_multiple">
		<failure message="FAILED: Assert that (False == value) with value=True" type="FAILED"/>
		<system-out>17:03:00 INFO  ==============================================================
17:03:00 INFO  Id:    SoftwareManagement.sm_apt_install_remove_multiple
17:03:00 INFO  Dir:   software_management_end_to_end/
17:03:00 INFO  Title: Validate end to end behaviour for the apt plugin for multiple packages
17:03:00 INFO  ==============================================================
17:03:00 INFO  Using sw id database: {'asciijump': '5475369', 'robotfindskitten': '5474869', 'squirrel3': '5475279', 'rolldice': '5152439', 'moon-buggy': '5439204', 'apple': '5495053', 'banana': '5494888', 'cherry': '5495382', 'watermelon': '5494510', 'registry': '8018911', 'hello-world': '8021526', 'docker/getting-started': '8021973', 'alpine': '7991792'}
17:03:00 INFO  EnvironmentC8y Setup
17:03:00 INFO  Executed systemctl&lt;serv_mapper1&gt;, exit status 3
17:03:00 INFO  Restarting mosquitto too frequently in the last 10 seconds. It was only up for 5 seconds
17:03:00 INFO  Delaying execution by 6 seconds
17:03:21 INFO  Executed sudo&lt;tedge_connect_c8y&gt;, exit status 0, duration 14 secs
17:03:21 INFO  Executed sudo&lt;tedge_connect_c8y_test&gt;, exit status 0
17:03:22 INFO  Executed systemctl&lt;serv_mosq2&gt;, exit status 0
17:03:22 INFO  Executed systemctl&lt;serv_mapper3&gt;, exit status 0
17:03:24 INFO  State of current operation: SUCCESSFUL
17:03:25 INFO  Assert that (False == value) with value=False ... passed
17:03:25 INFO  Assert that (False == value) with value=False ... passed
17:03:25 INFO  Assert that (False == value) with value=False ... passed
17:03:25 INFO  Package robotfindskitten is installed
17:03:25 WARN  Assert that (False == value) with value=True ... failed 
17:03:26 INFO  Response status: 201
17:03:26 INFO  Response to action: {
    &quot;creationTime&quot;: &quot;2022-07-21T17:03:26.071Z&quot;,
    &quot;deviceId&quot;: &quot;21119832&quot;,
    &quot;deviceName&quot;: &quot;m32sd10a&quot;,
    &quot;self&quot;: &quot;https://t493319102.eu-latest.cumulocity.com/devicecontrol/operations/21163530&quot;,
    &quot;id&quot;: &quot;21163530&quot;,
    &quot;status&quot;: &quot;PENDING&quot;,
    &quot;description&quot;: &quot;Apply software changes, triggered from PySys: [{'action': 'install', 'id': '5475369', 'name': 'asciijump', 'url': ' ', 'version': '::apt'}, {'action': 'install', 'id': '5474869', 'name': 'robotfindskitten', 'url': ' ', 'version': '::apt'}, {'action': 'install', 'id': '5475279', 'name': 'squirrel3', 'url': ' ', 'version': '::apt'}]&quot;,
    &quot;c8y_SoftwareUpdate&quot;: [
        {
            &quot;name&quot;: &quot;asciijump&quot;,
            &quot;action&quot;: &quot;install&quot;,
            &quot;id&quot;: &quot;5475369&quot;,
            &quot;version&quot;: &quot;::apt&quot;,
            &quot;url&quot;: &quot; &quot;
        },
        {
            &quot;name&quot;: &quot;robotfindskitten&quot;,
            &quot;action&quot;: &quot;install&quot;,
            &quot;id&quot;: &quot;5474869&quot;,
            &quot;version&quot;: &quot;::apt&quot;,
            &quot;url&quot;: &quot; &quot;
        },
        {
            &quot;name&quot;: &quot;squirrel3&quot;,
            &quot;action&quot;: &quot;install&quot;,
            &quot;id&quot;: &quot;5475279&quot;,
            &quot;version&quot;: &quot;::apt&quot;,
            &quot;url&quot;: &quot; &quot;
        }
    ]
}
17:03:26 INFO  Started operation: {'creationTime': '2022-07-21T17:03:26.071Z', 'deviceId': '21119832', 'deviceName': 'm32sd10a', 'self': 'https://t493319102.eu-latest.cumulocity.com/devicecontrol/operations/21163530', 'id': '21163530', 'status': 'PENDING', 'description': &quot;Apply software changes, triggered from PySys: [{'action': 'install', 'id': '5475369', 'name': 'asciijump', 'url': ' ', 'version': '::apt'}, {'action': 'install', 'id': '5474869', 'name': 'robotfindskitten', 'url': ' ', 'version': '::apt'}, {'action': 'install', 'id': '5475279', 'name': 'squirrel3', 'url': ' ', 'version': '::apt'}]&quot;, 'c8y_SoftwareUpdate': [{'name': 'asciijump', 'action': 'install', 'id': '5475369', 'version': '::apt', 'url': ' '}, {'name': 'robotfindskitten', 'action': 'install', 'id': '5474869', 'version': '::apt', 'url': ' '}, {'name': 'squirrel3', 'action': 'install', 'id': '5475279', 'version': '::apt', 'url': ' '}]}
17:03:28 INFO  State of operation 21163530 : PENDING
17:03:30 INFO  State of operation 21163530 : EXECUTING
17:03:32 INFO  State of operation 21163530 : EXECUTING
17:03:35 INFO  State of operation 21163530 : EXECUTING
17:03:37 INFO  State of operation 21163530 : EXECUTING
17:03:39 INFO  State of operation 21163530 : EXECUTING
17:03:42 INFO  State of operation 21163530 : EXECUTING
17:03:44 INFO  State of operation 21163530 : EXECUTING
17:03:47 INFO  State of operation 21163530 : EXECUTING
17:03:49 INFO  State of operation 21163530 : EXECUTING
17:03:51 INFO  State of operation 21163530 : EXECUTING
17:03:54 INFO  State of operation 21163530 : EXECUTING
17:03:56 INFO  State of operation 21163530 : EXECUTING
17:03:58 INFO  State of operation 21163530 : EXECUTING
17:04:00 INFO  State of operation 21163530 : EXECUTING
17:04:03 INFO  State of operation 21163530 : EXECUTING
17:04:05 INFO  State of operation 21163530 : EXECUTING
17:04:08 INFO  State of operation 21163530 : EXECUTING
17:04:10 INFO  State of operation 21163530 : EXECUTING
17:04:12 INFO  State of operation 21163530 : EXECUTING
17:04:15 INFO  State of operation 21163530 : EXECUTING
17:04:17 INFO  State of operation 21163530 : EXECUTING
17:04:20 INFO  State of operation 21163530 : EXECUTING
17:04:22 INFO  State of operation 21163530 : EXECUTING
17:04:25 INFO  State of operation 21163530 : EXECUTING
17:04:27 INFO  State of operation 21163530 : EXECUTING
17:04:29 INFO  State of operation 21163530 : EXECUTING
17:04:31 INFO  State of operation 21163530 : EXECUTING
17:04:34 INFO  State of operation 21163530 : EXECUTING
17:04:36 INFO  State of operation 21163530 : EXECUTING
17:04:38 INFO  State of operation 21163530 : EXECUTING
17:04:40 INFO  State of operation 21163530 : EXECUTING
17:04:43 INFO  State of operation 21163530 : EXECUTING
17:04:45 INFO  State of operation 21163530 : EXECUTING
17:04:47 INFO  State of operation 21163530 : SUCCESSFUL
17:04:47 INFO  Assert that (False == value) with value=False ... passed
17:04:47 INFO  Package asciijump is installed
17:04:47 INFO  Assert that (True == value) with value=True ... passed
17:04:48 INFO  Package squirrel3 is installed
17:04:48 INFO  Assert that (True == value) with value=True ... passed
17:04:48 INFO  Package robotfindskitten is installed
17:04:48 INFO  Assert that (True == value) with value=True ... passed
17:04:48 INFO  Response status: 201
17:04:48 INFO  Response to action: {
    &quot;creationTime&quot;: &quot;2022-07-21T17:04:48.567Z&quot;,
    &quot;deviceId&quot;: &quot;21119832&quot;,
    &quot;deviceName&quot;: &quot;m32sd10a&quot;,
    &quot;self&quot;: &quot;https://t493319102.eu-latest.cumulocity.com/devicecontrol/operations/21163547&quot;,
    &quot;id&quot;: &quot;21163547&quot;,
    &quot;status&quot;: &quot;PENDING&quot;,
    &quot;description&quot;: &quot;Apply software changes, triggered from PySys: [{'action': 'delete', 'id': '5475369', 'name': 'asciijump', 'url': ' ', 'version': '::apt'}, {'action': 'delete', 'id': '5474869', 'name': 'robotfindskitten', 'url': ' ', 'version': '::apt'}, {'action': 'delete', 'id': '5475279', 'name': 'squirrel3', 'url': ' ', 'version': '::apt'}]&quot;,
    &quot;c8y_SoftwareUpdate&quot;: [
        {
            &quot;name&quot;: &quot;asciijump&quot;,
            &quot;action&quot;: &quot;delete&quot;,
            &quot;id&quot;: &quot;5475369&quot;,
            &quot;version&quot;: &quot;::apt&quot;,
            &quot;url&quot;: &quot; &quot;
        },
        {
            &quot;name&quot;: &quot;robotfindskitten&quot;,
            &quot;action&quot;: &quot;delete&quot;,
            &quot;id&quot;: &quot;5474869&quot;,
            &quot;version&quot;: &quot;::apt&quot;,
            &quot;url&quot;: &quot; &quot;
        },
        {
            &quot;name&quot;: &quot;squirrel3&quot;,
            &quot;action&quot;: &quot;delete&quot;,
            &quot;id&quot;: &quot;5475279&quot;,
            &quot;version&quot;: &quot;::apt&quot;,
            &quot;url&quot;: &quot; &quot;
        }
    ]
}
17:04:48 INFO  Started operation: {'creationTime': '2022-07-21T17:04:48.567Z', 'deviceId': '21119832', 'deviceName': 'm32sd10a', 'self': 'https://t493319102.eu-latest.cumulocity.com/devicecontrol/operations/21163547', 'id': '21163547', 'status': 'PENDING', 'description': &quot;Apply software changes, triggered from PySys: [{'action': 'delete', 'id': '5475369', 'name': 'asciijump', 'url': ' ', 'version': '::apt'}, {'action': 'delete', 'id': '5474869', 'name': 'robotfindskitten', 'url': ' ', 'version': '::apt'}, {'action': 'delete', 'id': '5475279', 'name': 'squirrel3', 'url': ' ', 'version': '::apt'}]&quot;, 'c8y_SoftwareUpdate': [{'name': 'asciijump', 'action': 'delete', 'id': '5475369', 'version': '::apt', 'url': ' '}, {'name': 'robotfindskitten', 'action': 'delete', 'id': '5474869', 'version': '::apt', 'url': ' '}, {'name': 'squirrel3', 'action': 'delete', 'id': '5475279', 'version': '::apt', 'url': ' '}]}
17:04:50 INFO  State of operation 21163547 : PENDING
17:04:53 INFO  State of operation 21163547 : EXECUTING
17:04:55 INFO  State of operation 21163547 : EXECUTING
17:04:57 INFO  State of operation 21163547 : EXECUTING
17:04:59 INFO  State of operation 21163547 : EXECUTING
17:05:01 INFO  State of operation 21163547 : EXECUTING
17:05:05 INFO  State of operation 21163547 : EXECUTING
17:05:07 INFO  State of operation 21163547 : EXECUTING
17:05:09 INFO  State of operation 21163547 : EXECUTING
17:05:12 INFO  State of operation 21163547 : EXECUTING
17:05:14 INFO  State of operation 21163547 : EXECUTING
17:05:16 INFO  State of operation 21163547 : EXECUTING
17:05:18 INFO  State of operation 21163547 : EXECUTING
17:05:21 INFO  State of operation 21163547 : EXECUTING
17:05:23 INFO  State of operation 21163547 : EXECUTING
17:05:25 INFO  State of operation 21163547 : EXECUTING
17:05:29 INFO  State of operation 21163547 : EXECUTING
17:05:31 INFO  State of operation 21163547 : EXECUTING
17:05:34 INFO  State of operation 21163547 : EXECUTING
17:05:36 INFO  State of operation 21163547 : EXECUTING
17:05:38 INFO  State of operation 21163547 : EXECUTING
17:05:41 INFO  State of operation 21163547 : EXECUTING
17:05:43 INFO  State of operation 21163547 : EXECUTING
17:05:46 INFO  State of operation 21163547 : EXECUTING
17:05:48 INFO  State of operation 21163547 : EXECUTING
17:05:50 INFO  State of operation 21163547 : EXECUTING
17:05:52 INFO  State of operation 21163547 : EXECUTING
17:05:55 INFO  State of operation 21163547 : SUCCESSFUL
17:05:55 INFO  Assert that (False == value) with value=False ... passed
17:05:55 INFO  Assert that (False == value) with value=False ... passed
17:05:55 INFO  Assert that (False == value) with value=False ... passed
17:05:56 INFO  Assert that (False == value) with value=False ... passed
17:05:56 INFO  
17:05:56 INFO  cleanup:
17:06:00 INFO  Executed sudo&lt;tedge_disconnect_c8y&gt;, exit status 0
17:06:00 INFO  Executed systemctl&lt;serv_mapper5&gt;, exit status 3
17:06:00 INFO  
17:06:00 INFO  Test duration: 180.65 secs
17:06:00 INFO  Test final outcome:  FAILED
17:06:00 INFO  Test outcome reason: Assert that (False == value) with value=True
17:06:00 INFO  
</system-out>
	</testcase>
</testsuite>
