<?xml version="1.0" encoding="utf-8"?>
<testsuite failures="1" name="SoftwareManagement.sm_apt_install_remove_multiple" skipped="0" tests="1" time="166.25" timestamp="2022-05-25T11:38:47">
	<testcase classname="PySysTest" name="SoftwareManagement.sm_apt_install_remove_multiple">
		<failure message="BLOCKED: SystemError: Timeout while waiting for status FAILED or SUCCESSFUL" type="BLOCKED"/>
		<system-out>11:36:01 INFO  ==============================================================
11:36:01 INFO  Id:    SoftwareManagement.sm_apt_install_remove_multiple
11:36:01 INFO  Dir:   software_management_end_to_end/
11:36:01 INFO  Title: Validate end to end behaviour for the apt plugin for multiple packages
11:36:01 INFO  ==============================================================
11:36:01 INFO  Using sw id database: {'asciijump': '5475369', 'robotfindskitten': '5474869', 'squirrel3': '5475279', 'rolldice': '5152439', 'moon-buggy': '5439204', 'apple': '5495053', 'banana': '5494888', 'cherry': '5495382', 'watermelon': '5494510', 'registry': '8018911', 'hello-world': '8021526', 'docker/getting-started': '8021973', 'alpine': '7991792'}
11:36:01 INFO  EnvironmentC8y Setup
11:36:02 INFO  Executed systemctl&lt;serv_mapper1&gt;, exit status 3
11:36:02 INFO  Restarting mosquitto too frequently in the last 10 seconds. It was only up for 5 seconds
11:36:02 INFO  Delaying execution by 6 seconds
11:36:22 INFO  Executed sudo&lt;tedge_connect_c8y&gt;, exit status 0, duration 14 secs
11:36:23 INFO  Executed sudo&lt;tedge_connect_c8y_test&gt;, exit status 0
11:36:23 INFO  Executed systemctl&lt;serv_mosq2&gt;, exit status 0
11:36:24 INFO  Executed systemctl&lt;serv_mapper3&gt;, exit status 0
11:36:26 INFO  State of current operation: PENDING
11:36:28 INFO  State of current operation: PENDING
11:36:31 INFO  State of current operation: PENDING
11:36:33 INFO  State of current operation: PENDING
11:36:35 INFO  State of current operation: PENDING
11:36:37 INFO  State of current operation: PENDING
11:36:39 INFO  State of current operation: PENDING
11:36:42 INFO  State of current operation: PENDING
11:36:44 INFO  State of current operation: PENDING
11:36:46 INFO  State of current operation: PENDING
11:36:48 INFO  State of current operation: PENDING
11:36:51 INFO  State of current operation: PENDING
11:36:53 INFO  State of current operation: PENDING
11:36:55 INFO  State of current operation: PENDING
11:36:57 INFO  State of current operation: PENDING
11:37:00 INFO  State of current operation: PENDING
11:37:02 INFO  State of current operation: PENDING
11:37:04 INFO  State of current operation: PENDING
11:37:06 INFO  State of current operation: PENDING
11:37:09 INFO  State of current operation: PENDING
11:37:11 INFO  State of current operation: PENDING
11:37:13 INFO  State of current operation: PENDING
11:37:15 INFO  State of current operation: PENDING
11:37:18 INFO  State of current operation: PENDING
11:37:20 INFO  State of current operation: PENDING
11:37:22 INFO  State of current operation: PENDING
11:37:24 INFO  State of current operation: PENDING
11:37:27 INFO  State of current operation: PENDING
11:37:29 INFO  State of current operation: PENDING
11:37:31 INFO  State of current operation: PENDING
11:37:33 INFO  State of current operation: PENDING
11:37:35 INFO  State of current operation: PENDING
11:37:38 INFO  State of current operation: PENDING
11:37:40 INFO  State of current operation: PENDING
11:37:42 INFO  State of current operation: PENDING
11:37:45 INFO  State of current operation: PENDING
11:37:47 INFO  State of current operation: PENDING
11:37:49 INFO  State of current operation: PENDING
11:37:51 INFO  State of current operation: PENDING
11:37:54 INFO  State of current operation: PENDING
11:37:56 INFO  State of current operation: PENDING
11:37:58 INFO  State of current operation: PENDING
11:38:00 INFO  State of current operation: PENDING
11:38:03 INFO  State of current operation: PENDING
11:38:05 INFO  State of current operation: PENDING
11:38:07 INFO  State of current operation: PENDING
11:38:09 INFO  State of current operation: PENDING
11:38:12 INFO  State of current operation: PENDING
11:38:14 INFO  State of current operation: PENDING
11:38:16 INFO  State of current operation: PENDING
11:38:18 INFO  State of current operation: PENDING
11:38:20 INFO  State of current operation: PENDING
11:38:23 INFO  State of current operation: PENDING
11:38:25 INFO  State of current operation: PENDING
11:38:27 INFO  State of current operation: PENDING
11:38:29 INFO  State of current operation: PENDING
11:38:32 INFO  State of current operation: PENDING
11:38:34 INFO  State of current operation: PENDING
11:38:36 INFO  State of current operation: PENDING
11:38:38 INFO  State of current operation: PENDING
11:38:41 INFO  State of current operation: PENDING
11:38:43 WARN  SystemError occurred while running test - Timeout while waiting for status FAILED or SUCCESSFUL
Traceback (most recent call last):
  File &quot;/home/pi/env-pysys/lib/python3.7/site-packages/pysys/baserunner.py&quot;, line 1292, in __call__
    self.testObj.setup()
  File &quot;/home/pi/actions-runner/_work/thin-edge.io/thin-edge.io/tests/PySys/software_management_end_to_end/sm_apt_install_remove_multiple/run.py&quot;, line 52, in setup
    super().setup()
  File &quot;/home/pi/actions-runner/_work/thin-edge.io/thin-edge.io/tests/PySys/software_management_end_to_end/environment_sm_management.py&quot;, line 151, in setup
    self.wait_until_end()
  File &quot;/home/pi/actions-runner/_work/thin-edge.io/thin-edge.io/tests/PySys/software_management_end_to_end/environment_sm_management.py&quot;, line 332, in wait_until_end
    self.wait_until_status(&quot;FAILED&quot;, &quot;SUCCESSFUL&quot;)
  File &quot;/home/pi/actions-runner/_work/thin-edge.io/thin-edge.io/tests/PySys/software_management_end_to_end/environment_sm_management.py&quot;, line 381, in wait_until_status
    &quot;Timeout while waiting for status %s or %s&quot; % (status, status2)
SystemError: Timeout while waiting for status FAILED or SUCCESSFUL
11:38:43 WARN  SystemError: Timeout while waiting for status FAILED or SUCCESSFUL ... blocked 
11:38:43 INFO  
11:38:43 INFO  cleanup:
11:38:47 INFO  Executed sudo&lt;tedge_disconnect_c8y&gt;, exit status 0
11:38:47 INFO  Executed systemctl&lt;serv_mapper5&gt;, exit status 3
11:38:47 INFO  
11:38:47 INFO  Test duration: 166.25 secs
11:38:47 INFO  Test final outcome:  BLOCKED
11:38:47 INFO  Test outcome reason: SystemError: Timeout while waiting for status FAILED or SUCCESSFUL
11:38:47 INFO  
</system-out>
	</testcase>
</testsuite>
