<?xml version="1.0" encoding="utf-8"?>
<testsuite failures="0" name="apt_install_local_file_with_version_fail" skipped="0" tests="1" time="26.13" timestamp="2022-05-23T11:30:46">
	<testcase classname="AptPluginInstallFromLocalFileWithVersionFail" name="apt_install_local_file_with_version_fail"/>
</testsuite>
