<?xml version="1.0" encoding="utf-8"?>
<testsuite failures="1" name="SoftwareManagement.sm_apt_install_remove_multiple" skipped="0" tests="1" time="179.64" timestamp="2022-05-20T10:19:34">
	<testcase classname="PySysTest" name="SoftwareManagement.sm_apt_install_remove_multiple">
		<failure message="FAILED: Assert that (False == value) with value=True" type="FAILED"/>
		<system-out>10:16:34 INFO  ==============================================================
10:16:34 INFO  Id:    SoftwareManagement.sm_apt_install_remove_multiple
10:16:34 INFO  Dir:   software_management_end_to_end/
10:16:34 INFO  Title: Validate end to end behaviour for the apt plugin for multiple packages
10:16:34 INFO  ==============================================================
10:16:34 INFO  Using sw id database: {'asciijump': '5475369', 'robotfindskitten': '5474869', 'squirrel3': '5475279', 'rolldice': '5152439', 'moon-buggy': '5439204', 'apple': '5495053', 'banana': '5494888', 'cherry': '5495382', 'watermelon': '5494510', 'registry': '8018911', 'hello-world': '8021526', 'docker/getting-started': '8021973', 'alpine': '7991792'}
10:16:34 INFO  EnvironmentC8y Setup
10:16:35 INFO  Executed systemctl&lt;serv_mapper1&gt;, exit status 3
10:16:35 INFO  Restarting mosquitto too frequently in the last 10 seconds. It was only up for 5 seconds
10:16:35 INFO  Delaying execution by 6 seconds
10:16:55 INFO  Executed sudo&lt;tedge_connect_c8y&gt;, exit status 0, duration 14 secs
10:16:56 INFO  Executed sudo&lt;tedge_connect_c8y_test&gt;, exit status 0
10:16:56 INFO  Executed systemctl&lt;serv_mosq2&gt;, exit status 0
10:16:57 INFO  Executed systemctl&lt;serv_mapper3&gt;, exit status 0
10:16:59 INFO  State of current operation: SUCCESSFUL
10:16:59 INFO  Assert that (False == value) with value=False ... passed
10:16:59 INFO  Assert that (False == value) with value=False ... passed
10:17:00 INFO  Assert that (False == value) with value=False ... passed
10:17:00 INFO  Package robotfindskitten is installed
10:17:00 WARN  Assert that (False == value) with value=True ... failed 
10:17:00 INFO  Response status: 201
10:17:00 INFO  Response to action: {
    &quot;creationTime&quot;: &quot;2022-05-20T10:17:00.472Z&quot;,
    &quot;deviceId&quot;: &quot;19297808&quot;,
    &quot;deviceName&quot;: &quot;m32sd10a&quot;,
    &quot;self&quot;: &quot;https://t493319102.eu-latest.cumulocity.com/devicecontrol/operations/19394429&quot;,
    &quot;id&quot;: &quot;19394429&quot;,
    &quot;status&quot;: &quot;PENDING&quot;,
    &quot;description&quot;: &quot;Apply software changes, triggered from PySys: [{'action': 'install', 'id': '5475369', 'name': 'asciijump', 'url': ' ', 'version': '::apt'}, {'action': 'install', 'id': '5474869', 'name': 'robotfindskitten', 'url': ' ', 'version': '::apt'}, {'action': 'install', 'id': '5475279', 'name': 'squirrel3', 'url': ' ', 'version': '::apt'}]&quot;,
    &quot;c8y_SoftwareUpdate&quot;: [
        {
            &quot;name&quot;: &quot;asciijump&quot;,
            &quot;action&quot;: &quot;install&quot;,
            &quot;id&quot;: &quot;5475369&quot;,
            &quot;version&quot;: &quot;::apt&quot;,
            &quot;url&quot;: &quot; &quot;
        },
        {
            &quot;name&quot;: &quot;robotfindskitten&quot;,
            &quot;action&quot;: &quot;install&quot;,
            &quot;id&quot;: &quot;5474869&quot;,
            &quot;version&quot;: &quot;::apt&quot;,
            &quot;url&quot;: &quot; &quot;
        },
        {
            &quot;name&quot;: &quot;squirrel3&quot;,
            &quot;action&quot;: &quot;install&quot;,
            &quot;id&quot;: &quot;5475279&quot;,
            &quot;version&quot;: &quot;::apt&quot;,
            &quot;url&quot;: &quot; &quot;
        }
    ]
}
10:17:00 INFO  Started operation: {'creationTime': '2022-05-20T10:17:00.472Z', 'deviceId': '19297808', 'deviceName': 'm32sd10a', 'self': 'https://t493319102.eu-latest.cumulocity.com/devicecontrol/operations/19394429', 'id': '19394429', 'status': 'PENDING', 'description': &quot;Apply software changes, triggered from PySys: [{'action': 'install', 'id': '5475369', 'name': 'asciijump', 'url': ' ', 'version': '::apt'}, {'action': 'install', 'id': '5474869', 'name': 'robotfindskitten', 'url': ' ', 'version': '::apt'}, {'action': 'install', 'id': '5475279', 'name': 'squirrel3', 'url': ' ', 'version': '::apt'}]&quot;, 'c8y_SoftwareUpdate': [{'name': 'asciijump', 'action': 'install', 'id': '5475369', 'version': '::apt', 'url': ' '}, {'name': 'robotfindskitten', 'action': 'install', 'id': '5474869', 'version': '::apt', 'url': ' '}, {'name': 'squirrel3', 'action': 'install', 'id': '5475279', 'version': '::apt', 'url': ' '}]}
10:17:02 INFO  State of operation 19394429 : PENDING
10:17:04 INFO  State of operation 19394429 : EXECUTING
10:17:07 INFO  State of operation 19394429 : EXECUTING
10:17:09 INFO  State of operation 19394429 : EXECUTING
10:17:11 INFO  State of operation 19394429 : EXECUTING
10:17:13 INFO  State of operation 19394429 : EXECUTING
10:17:16 INFO  State of operation 19394429 : EXECUTING
10:17:19 INFO  State of operation 19394429 : EXECUTING
10:17:22 INFO  State of operation 19394429 : EXECUTING
10:17:24 INFO  State of operation 19394429 : EXECUTING
10:17:26 INFO  State of operation 19394429 : EXECUTING
10:17:28 INFO  State of operation 19394429 : EXECUTING
10:17:31 INFO  State of operation 19394429 : EXECUTING
10:17:33 INFO  State of operation 19394429 : EXECUTING
10:17:35 INFO  State of operation 19394429 : EXECUTING
10:17:37 INFO  State of operation 19394429 : EXECUTING
10:17:40 INFO  State of operation 19394429 : EXECUTING
10:17:43 INFO  State of operation 19394429 : EXECUTING
10:17:45 INFO  State of operation 19394429 : EXECUTING
10:17:47 INFO  State of operation 19394429 : EXECUTING
10:17:49 INFO  State of operation 19394429 : EXECUTING
10:17:52 INFO  State of operation 19394429 : EXECUTING
10:17:54 INFO  State of operation 19394429 : EXECUTING
10:17:57 INFO  State of operation 19394429 : EXECUTING
10:17:59 INFO  State of operation 19394429 : EXECUTING
10:18:01 INFO  State of operation 19394429 : EXECUTING
10:18:03 INFO  State of operation 19394429 : EXECUTING
10:18:06 INFO  State of operation 19394429 : EXECUTING
10:18:08 INFO  State of operation 19394429 : EXECUTING
10:18:10 INFO  State of operation 19394429 : EXECUTING
10:18:13 INFO  State of operation 19394429 : EXECUTING
10:18:15 INFO  State of operation 19394429 : EXECUTING
10:18:17 INFO  State of operation 19394429 : EXECUTING
10:18:19 INFO  State of operation 19394429 : EXECUTING
10:18:21 INFO  State of operation 19394429 : SUCCESSFUL
10:18:22 INFO  Assert that (False == value) with value=False ... passed
10:18:22 INFO  Package asciijump is installed
10:18:22 INFO  Assert that (True == value) with value=True ... passed
10:18:22 INFO  Package squirrel3 is installed
10:18:22 INFO  Assert that (True == value) with value=True ... passed
10:18:22 INFO  Package robotfindskitten is installed
10:18:22 INFO  Assert that (True == value) with value=True ... passed
10:18:23 INFO  Response status: 201
10:18:23 INFO  Response to action: {
    &quot;creationTime&quot;: &quot;2022-05-20T10:18:23.044Z&quot;,
    &quot;deviceId&quot;: &quot;19297808&quot;,
    &quot;deviceName&quot;: &quot;m32sd10a&quot;,
    &quot;self&quot;: &quot;https://t493319102.eu-latest.cumulocity.com/devicecontrol/operations/19394443&quot;,
    &quot;id&quot;: &quot;19394443&quot;,
    &quot;status&quot;: &quot;PENDING&quot;,
    &quot;description&quot;: &quot;Apply software changes, triggered from PySys: [{'action': 'delete', 'id': '5475369', 'name': 'asciijump', 'url': ' ', 'version': '::apt'}, {'action': 'delete', 'id': '5474869', 'name': 'robotfindskitten', 'url': ' ', 'version': '::apt'}, {'action': 'delete', 'id': '5475279', 'name': 'squirrel3', 'url': ' ', 'version': '::apt'}]&quot;,
    &quot;c8y_SoftwareUpdate&quot;: [
        {
            &quot;name&quot;: &quot;asciijump&quot;,
            &quot;action&quot;: &quot;delete&quot;,
            &quot;id&quot;: &quot;5475369&quot;,
            &quot;version&quot;: &quot;::apt&quot;,
            &quot;url&quot;: &quot; &quot;
        },
        {
            &quot;name&quot;: &quot;robotfindskitten&quot;,
            &quot;action&quot;: &quot;delete&quot;,
            &quot;id&quot;: &quot;5474869&quot;,
            &quot;version&quot;: &quot;::apt&quot;,
            &quot;url&quot;: &quot; &quot;
        },
        {
            &quot;name&quot;: &quot;squirrel3&quot;,
            &quot;action&quot;: &quot;delete&quot;,
            &quot;id&quot;: &quot;5475279&quot;,
            &quot;version&quot;: &quot;::apt&quot;,
            &quot;url&quot;: &quot; &quot;
        }
    ]
}
10:18:23 INFO  Started operation: {'creationTime': '2022-05-20T10:18:23.044Z', 'deviceId': '19297808', 'deviceName': 'm32sd10a', 'self': 'https://t493319102.eu-latest.cumulocity.com/devicecontrol/operations/19394443', 'id': '19394443', 'status': 'PENDING', 'description': &quot;Apply software changes, triggered from PySys: [{'action': 'delete', 'id': '5475369', 'name': 'asciijump', 'url': ' ', 'version': '::apt'}, {'action': 'delete', 'id': '5474869', 'name': 'robotfindskitten', 'url': ' ', 'version': '::apt'}, {'action': 'delete', 'id': '5475279', 'name': 'squirrel3', 'url': ' ', 'version': '::apt'}]&quot;, 'c8y_SoftwareUpdate': [{'name': 'asciijump', 'action': 'delete', 'id': '5475369', 'version': '::apt', 'url': ' '}, {'name': 'robotfindskitten', 'action': 'delete', 'id': '5474869', 'version': '::apt', 'url': ' '}, {'name': 'squirrel3', 'action': 'delete', 'id': '5475279', 'version': '::apt', 'url': ' '}]}
10:18:25 INFO  State of operation 19394443 : PENDING
10:18:27 INFO  State of operation 19394443 : EXECUTING
10:18:29 INFO  State of operation 19394443 : EXECUTING
10:18:32 INFO  State of operation 19394443 : EXECUTING
10:18:34 INFO  State of operation 19394443 : EXECUTING
10:18:36 INFO  State of operation 19394443 : EXECUTING
10:18:39 INFO  State of operation 19394443 : EXECUTING
10:18:42 INFO  State of operation 19394443 : EXECUTING
10:18:44 INFO  State of operation 19394443 : EXECUTING
10:18:46 INFO  State of operation 19394443 : EXECUTING
10:18:48 INFO  State of operation 19394443 : EXECUTING
10:18:51 INFO  State of operation 19394443 : EXECUTING
10:18:53 INFO  State of operation 19394443 : EXECUTING
10:18:55 INFO  State of operation 19394443 : EXECUTING
10:18:57 INFO  State of operation 19394443 : EXECUTING
10:19:00 INFO  State of operation 19394443 : EXECUTING
10:19:02 INFO  State of operation 19394443 : EXECUTING
10:19:05 INFO  State of operation 19394443 : EXECUTING
10:19:07 INFO  State of operation 19394443 : EXECUTING
10:19:09 INFO  State of operation 19394443 : EXECUTING
10:19:12 INFO  State of operation 19394443 : EXECUTING
10:19:14 INFO  State of operation 19394443 : EXECUTING
10:19:16 INFO  State of operation 19394443 : EXECUTING
10:19:18 INFO  State of operation 19394443 : EXECUTING
10:19:21 INFO  State of operation 19394443 : EXECUTING
10:19:24 INFO  State of operation 19394443 : EXECUTING
10:19:26 INFO  State of operation 19394443 : EXECUTING
10:19:28 INFO  State of operation 19394443 : SUCCESSFUL
10:19:28 INFO  Assert that (False == value) with value=False ... passed
10:19:29 INFO  Assert that (False == value) with value=False ... passed
10:19:29 INFO  Assert that (False == value) with value=False ... passed
10:19:29 INFO  Assert that (False == value) with value=False ... passed
10:19:29 INFO  
10:19:29 INFO  cleanup:
10:19:33 INFO  Executed sudo&lt;tedge_disconnect_c8y&gt;, exit status 0
10:19:34 INFO  Executed systemctl&lt;serv_mapper5&gt;, exit status 3
10:19:34 INFO  
10:19:34 INFO  Test duration: 179.64 secs
10:19:34 INFO  Test final outcome:  FAILED
10:19:34 INFO  Test outcome reason: Assert that (False == value) with value=True
10:19:34 INFO  
</system-out>
	</testcase>
</testsuite>
