<?xml version="1.0" encoding="utf-8"?>
<testsuite failures="0" name="apt_prepare" skipped="0" tests="1" time="20.96" timestamp="2022-06-29T12:18:20">
	<testcase classname="AptPluginPrepare" name="apt_prepare"/>
</testsuite>
