<?xml version="1.0" encoding="utf-8"?>
<testsuite failures="1" name="SoftwareManagement.sm_apt_install_remove_multiple_mixed" skipped="0" tests="1" time="179.09" timestamp="2022-06-15T11:42:35">
	<testcase classname="PySysTest" name="SoftwareManagement.sm_apt_install_remove_multiple_mixed">
		<failure message="BLOCKED: SystemError: Timeout while waiting for status SUCCESSFUL or False" type="BLOCKED"/>
		<system-out>11:39:36 INFO  ==============================================================
11:39:36 INFO  Id:    SoftwareManagement.sm_apt_install_remove_multiple_mixed
11:39:36 INFO  Dir:   software_management_end_to_end/
11:39:36 INFO  Title: Validate end to end behaviour for the apt plugin for multiple packages with mixed versions
11:39:36 INFO  ==============================================================
11:39:36 INFO  Using sw id database: {'asciijump': '5475369', 'robotfindskitten': '5474869', 'squirrel3': '5475279', 'rolldice': '5152439', 'moon-buggy': '5439204', 'apple': '5495053', 'banana': '5494888', 'cherry': '5495382', 'watermelon': '5494510', 'registry': '8018911', 'hello-world': '8021526', 'docker/getting-started': '8021973', 'alpine': '7991792'}
11:39:36 INFO  EnvironmentC8y Setup
11:39:37 INFO  Executed systemctl&lt;serv_mapper1&gt;, exit status 3
11:39:37 INFO  Restarting mosquitto too frequently in the last 10 seconds. It was only up for 4 seconds
11:39:37 INFO  Delaying execution by 7 seconds
11:39:58 INFO  Executed sudo&lt;tedge_connect_c8y&gt;, exit status 0, duration 13 secs
11:39:58 INFO  Executed sudo&lt;tedge_connect_c8y_test&gt;, exit status 0
11:39:59 INFO  Executed systemctl&lt;serv_mosq2&gt;, exit status 0
11:39:59 INFO  Executed systemctl&lt;serv_mapper3&gt;, exit status 0
11:40:01 INFO  State of current operation: SUCCESSFUL
11:40:02 INFO  Assert that (False == value) with value=False ... passed
11:40:02 INFO  Assert that (False == value) with value=False ... passed
11:40:02 INFO  Assert that (False == value) with value=False ... passed
11:40:02 INFO  Assert that (False == value) with value=False ... passed
11:40:03 INFO  Assert that (False == value) with value=False ... passed
11:40:04 INFO  Response status: 201
11:40:04 INFO  Response to action: {
    &quot;creationTime&quot;: &quot;2022-06-15T11:40:04.245Z&quot;,
    &quot;deviceName&quot;: &quot;m32sd10a&quot;,
    &quot;deviceId&quot;: &quot;20220944&quot;,
    &quot;self&quot;: &quot;https://t493319102.eu-latest.cumulocity.com/devicecontrol/operations/20232182&quot;,
    &quot;id&quot;: &quot;20232182&quot;,
    &quot;status&quot;: &quot;PENDING&quot;,
    &quot;description&quot;: &quot;Apply software changes, triggered from PySys: [{'action': 'install', 'id': '5475369', 'name': 'asciijump', 'url': ' ', 'version': '::apt'}, {'action': 'install', 'id': '5474869', 'name': 'robotfindskitten', 'url': ' ', 'version': ' '}, {'action': 'install', 'id': '5475279', 'name': 'squirrel3', 'url': ' ', 'version': '3.1-7::apt'}, {'action': 'install', 'id': '5152439', 'name': 'rolldice', 'url': ' ', 'version': '1.16-1+b1'}, {'action': 'install', 'id': '5439204', 'name': 'moon-buggy', 'url': ' ', 'version': '1:1.0.51-12'}, {'action': 'install', 'id': '5475369', 'name': 'asciijump', 'url': ' ', 'version': '::apt'}]&quot;,
    &quot;c8y_SoftwareUpdate&quot;: [
        {
            &quot;name&quot;: &quot;asciijump&quot;,
            &quot;action&quot;: &quot;install&quot;,
            &quot;id&quot;: &quot;5475369&quot;,
            &quot;version&quot;: &quot;::apt&quot;,
            &quot;url&quot;: &quot; &quot;
        },
        {
            &quot;name&quot;: &quot;robotfindskitten&quot;,
            &quot;action&quot;: &quot;install&quot;,
            &quot;id&quot;: &quot;5474869&quot;,
            &quot;version&quot;: &quot; &quot;,
            &quot;url&quot;: &quot; &quot;
        },
        {
            &quot;name&quot;: &quot;squirrel3&quot;,
            &quot;action&quot;: &quot;install&quot;,
            &quot;id&quot;: &quot;5475279&quot;,
            &quot;version&quot;: &quot;3.1-7::apt&quot;,
            &quot;url&quot;: &quot; &quot;
        },
        {
            &quot;name&quot;: &quot;rolldice&quot;,
            &quot;action&quot;: &quot;install&quot;,
            &quot;id&quot;: &quot;5152439&quot;,
            &quot;version&quot;: &quot;1.16-1+b1&quot;,
            &quot;url&quot;: &quot; &quot;
        },
        {
            &quot;name&quot;: &quot;moon-buggy&quot;,
            &quot;action&quot;: &quot;install&quot;,
            &quot;id&quot;: &quot;5439204&quot;,
            &quot;version&quot;: &quot;1:1.0.51-12&quot;,
            &quot;url&quot;: &quot; &quot;
        },
        {
            &quot;name&quot;: &quot;asciijump&quot;,
            &quot;action&quot;: &quot;install&quot;,
            &quot;id&quot;: &quot;5475369&quot;,
            &quot;version&quot;: &quot;::apt&quot;,
            &quot;url&quot;: &quot; &quot;
        }
    ]
}
11:40:04 INFO  Started operation: {'creationTime': '2022-06-15T11:40:04.245Z', 'deviceName': 'm32sd10a', 'deviceId': '20220944', 'self': 'https://t493319102.eu-latest.cumulocity.com/devicecontrol/operations/20232182', 'id': '20232182', 'status': 'PENDING', 'description': &quot;Apply software changes, triggered from PySys: [{'action': 'install', 'id': '5475369', 'name': 'asciijump', 'url': ' ', 'version': '::apt'}, {'action': 'install', 'id': '5474869', 'name': 'robotfindskitten', 'url': ' ', 'version': ' '}, {'action': 'install', 'id': '5475279', 'name': 'squirrel3', 'url': ' ', 'version': '3.1-7::apt'}, {'action': 'install', 'id': '5152439', 'name': 'rolldice', 'url': ' ', 'version': '1.16-1+b1'}, {'action': 'install', 'id': '5439204', 'name': 'moon-buggy', 'url': ' ', 'version': '1:1.0.51-12'}, {'action': 'install', 'id': '5475369', 'name': 'asciijump', 'url': ' ', 'version': '::apt'}]&quot;, 'c8y_SoftwareUpdate': [{'name': 'asciijump', 'action': 'install', 'id': '5475369', 'version': '::apt', 'url': ' '}, {'name': 'robotfindskitten', 'action': 'install', 'id': '5474869', 'version': ' ', 'url': ' '}, {'name': 'squirrel3', 'action': 'install', 'id': '5475279', 'version': '3.1-7::apt', 'url': ' '}, {'name': 'rolldice', 'action': 'install', 'id': '5152439', 'version': '1.16-1+b1', 'url': ' '}, {'name': 'moon-buggy', 'action': 'install', 'id': '5439204', 'version': '1:1.0.51-12', 'url': ' '}, {'name': 'asciijump', 'action': 'install', 'id': '5475369', 'version': '::apt', 'url': ' '}]}
11:40:06 INFO  State of operation 20232182 : PENDING
11:40:08 INFO  State of operation 20232182 : EXECUTING
11:40:11 INFO  State of operation 20232182 : EXECUTING
11:40:13 INFO  State of operation 20232182 : EXECUTING
11:40:15 INFO  State of operation 20232182 : EXECUTING
11:40:17 INFO  State of operation 20232182 : EXECUTING
11:40:20 INFO  State of operation 20232182 : EXECUTING
11:40:23 INFO  State of operation 20232182 : EXECUTING
11:40:25 INFO  State of operation 20232182 : EXECUTING
11:40:27 INFO  State of operation 20232182 : EXECUTING
11:40:29 INFO  State of operation 20232182 : EXECUTING
11:40:32 INFO  State of operation 20232182 : EXECUTING
11:40:34 INFO  State of operation 20232182 : EXECUTING
11:40:36 INFO  State of operation 20232182 : EXECUTING
11:40:38 INFO  State of operation 20232182 : EXECUTING
11:40:41 INFO  State of operation 20232182 : EXECUTING
11:40:43 INFO  State of operation 20232182 : EXECUTING
11:40:46 INFO  State of operation 20232182 : EXECUTING
11:40:48 INFO  State of operation 20232182 : EXECUTING
11:40:50 INFO  State of operation 20232182 : EXECUTING
11:40:53 INFO  State of operation 20232182 : EXECUTING
11:40:55 INFO  State of operation 20232182 : EXECUTING
11:40:57 INFO  State of operation 20232182 : EXECUTING
11:41:00 INFO  State of operation 20232182 : EXECUTING
11:41:02 INFO  State of operation 20232182 : EXECUTING
11:41:04 INFO  State of operation 20232182 : EXECUTING
11:41:07 INFO  State of operation 20232182 : EXECUTING
11:41:09 INFO  State of operation 20232182 : EXECUTING
11:41:11 INFO  State of operation 20232182 : EXECUTING
11:41:13 INFO  State of operation 20232182 : EXECUTING
11:41:16 INFO  State of operation 20232182 : EXECUTING
11:41:18 INFO  State of operation 20232182 : EXECUTING
11:41:20 INFO  State of operation 20232182 : EXECUTING
11:41:22 INFO  State of operation 20232182 : EXECUTING
11:41:25 INFO  State of operation 20232182 : EXECUTING
11:41:27 INFO  State of operation 20232182 : EXECUTING
11:41:29 INFO  State of operation 20232182 : EXECUTING
11:41:31 INFO  State of operation 20232182 : EXECUTING
11:41:34 INFO  State of operation 20232182 : EXECUTING
11:41:37 INFO  State of operation 20232182 : EXECUTING
11:41:39 INFO  State of operation 20232182 : EXECUTING
11:41:41 INFO  State of operation 20232182 : EXECUTING
11:41:44 INFO  State of operation 20232182 : EXECUTING
11:41:46 INFO  State of operation 20232182 : EXECUTING
11:41:48 INFO  State of operation 20232182 : EXECUTING
11:41:50 INFO  State of operation 20232182 : EXECUTING
11:41:53 INFO  State of operation 20232182 : EXECUTING
11:41:55 INFO  State of operation 20232182 : EXECUTING
11:41:57 INFO  State of operation 20232182 : EXECUTING
11:42:00 INFO  State of operation 20232182 : EXECUTING
11:42:02 INFO  State of operation 20232182 : EXECUTING
11:42:04 INFO  State of operation 20232182 : EXECUTING
11:42:07 INFO  State of operation 20232182 : EXECUTING
11:42:09 INFO  State of operation 20232182 : EXECUTING
11:42:12 INFO  State of operation 20232182 : EXECUTING
11:42:14 INFO  State of operation 20232182 : EXECUTING
11:42:16 INFO  State of operation 20232182 : EXECUTING
11:42:18 INFO  State of operation 20232182 : EXECUTING
11:42:21 INFO  State of operation 20232182 : EXECUTING
11:42:23 INFO  State of operation 20232182 : EXECUTING
11:42:26 INFO  State of operation 20232182 : EXECUTING
11:42:28 WARN  SystemError occurred while running test - Timeout while waiting for status SUCCESSFUL or False
Traceback (most recent call last):
  File &quot;/home/pi/env-pysys/lib/python3.7/site-packages/pysys/baserunner.py&quot;, line 1294, in __call__
    self.testObj.execute()
  File &quot;/home/pi/actions-runner/_work/thin-edge.io/thin-edge.io/tests/PySys/software_management_end_to_end/sm_apt_install_remove_multiple_mixed/run.py&quot;, line 89, in execute
    self.wait_until_succcess()
  File &quot;/home/pi/actions-runner/_work/thin-edge.io/thin-edge.io/tests/PySys/software_management_end_to_end/environment_sm_management.py&quot;, line 324, in wait_until_succcess
    self.wait_until_status(&quot;SUCCESSFUL&quot;)
  File &quot;/home/pi/actions-runner/_work/thin-edge.io/thin-edge.io/tests/PySys/software_management_end_to_end/environment_sm_management.py&quot;, line 381, in wait_until_status
    &quot;Timeout while waiting for status %s or %s&quot; % (status, status2)
SystemError: Timeout while waiting for status SUCCESSFUL or False
11:42:28 WARN  SystemError: Timeout while waiting for status SUCCESSFUL or False ... blocked 
11:42:28 INFO  
11:42:28 INFO  cleanup:
11:42:35 INFO  Executed sudo&lt;tedge_disconnect_c8y&gt;, exit status 0
11:42:35 INFO  Executed systemctl&lt;serv_mapper5&gt;, exit status 3
11:42:35 INFO  
11:42:35 INFO  Test duration: 179.09 secs
11:42:35 INFO  Test final outcome:  BLOCKED
11:42:35 INFO  Test outcome reason: SystemError: Timeout while waiting for status SUCCESSFUL or False
11:42:35 INFO  
</system-out>
	</testcase>
</testsuite>
