<?xml version="1.0" encoding="utf-8"?>
<testsuite failures="1" name="SoftwareManagement.sm_apt_install_remove_multiple" skipped="0" tests="1" time="165.72" timestamp="2022-05-23T15:45:25">
	<testcase classname="PySysTest" name="SoftwareManagement.sm_apt_install_remove_multiple">
		<failure message="BLOCKED: SystemError: Timeout while waiting for status FAILED or SUCCESSFUL" type="BLOCKED"/>
		<system-out>15:42:39 INFO  ==============================================================
15:42:39 INFO  Id:    SoftwareManagement.sm_apt_install_remove_multiple
15:42:39 INFO  Dir:   software_management_end_to_end/
15:42:39 INFO  Title: Validate end to end behaviour for the apt plugin for multiple packages
15:42:39 INFO  ==============================================================
15:42:39 INFO  Using sw id database: {'asciijump': '5475369', 'robotfindskitten': '5474869', 'squirrel3': '5475279', 'rolldice': '5152439', 'moon-buggy': '5439204', 'apple': '5495053', 'banana': '5494888', 'cherry': '5495382', 'watermelon': '5494510', 'registry': '8018911', 'hello-world': '8021526', 'docker/getting-started': '8021973', 'alpine': '7991792'}
15:42:39 INFO  EnvironmentC8y Setup
15:42:39 INFO  Executed systemctl&lt;serv_mapper1&gt;, exit status 3
15:42:40 INFO  Restarting mosquitto too frequently in the last 10 seconds. It was only up for 5 seconds
15:42:40 INFO  Delaying execution by 6 seconds
15:43:00 INFO  Executed sudo&lt;tedge_connect_c8y&gt;, exit status 0, duration 13 secs
15:43:00 INFO  Executed sudo&lt;tedge_connect_c8y_test&gt;, exit status 0
15:43:01 INFO  Executed systemctl&lt;serv_mosq2&gt;, exit status 0
15:43:01 INFO  Executed systemctl&lt;serv_mapper3&gt;, exit status 0
15:43:03 INFO  State of current operation: PENDING
15:43:06 INFO  State of current operation: PENDING
15:43:08 INFO  State of current operation: PENDING
15:43:10 INFO  State of current operation: PENDING
15:43:12 INFO  State of current operation: PENDING
15:43:15 INFO  State of current operation: PENDING
15:43:17 INFO  State of current operation: PENDING
15:43:19 INFO  State of current operation: PENDING
15:43:21 INFO  State of current operation: PENDING
15:43:23 INFO  State of current operation: PENDING
15:43:26 INFO  State of current operation: PENDING
15:43:28 INFO  State of current operation: PENDING
15:43:30 INFO  State of current operation: PENDING
15:43:32 INFO  State of current operation: PENDING
15:43:35 INFO  State of current operation: PENDING
15:43:37 INFO  State of current operation: PENDING
15:43:39 INFO  State of current operation: PENDING
15:43:42 INFO  State of current operation: PENDING
15:43:44 INFO  State of current operation: PENDING
15:43:46 INFO  State of current operation: PENDING
15:43:48 INFO  State of current operation: PENDING
15:43:51 INFO  State of current operation: PENDING
15:43:53 INFO  State of current operation: PENDING
15:43:55 INFO  State of current operation: PENDING
15:43:57 INFO  State of current operation: PENDING
15:44:00 INFO  State of current operation: PENDING
15:44:02 INFO  State of current operation: PENDING
15:44:04 INFO  State of current operation: PENDING
15:44:06 INFO  State of current operation: PENDING
15:44:08 INFO  State of current operation: PENDING
15:44:11 INFO  State of current operation: PENDING
15:44:13 INFO  State of current operation: PENDING
15:44:15 INFO  State of current operation: PENDING
15:44:17 INFO  State of current operation: PENDING
15:44:20 INFO  State of current operation: PENDING
15:44:22 INFO  State of current operation: PENDING
15:44:24 INFO  State of current operation: PENDING
15:44:26 INFO  State of current operation: PENDING
15:44:29 INFO  State of current operation: PENDING
15:44:31 INFO  State of current operation: PENDING
15:44:33 INFO  State of current operation: PENDING
15:44:35 INFO  State of current operation: PENDING
15:44:38 INFO  State of current operation: PENDING
15:44:40 INFO  State of current operation: PENDING
15:44:42 INFO  State of current operation: PENDING
15:44:44 INFO  State of current operation: PENDING
15:44:46 INFO  State of current operation: PENDING
15:44:49 INFO  State of current operation: PENDING
15:44:51 INFO  State of current operation: PENDING
15:44:53 INFO  State of current operation: PENDING
15:44:55 INFO  State of current operation: PENDING
15:44:58 INFO  State of current operation: PENDING
15:45:00 INFO  State of current operation: PENDING
15:45:02 INFO  State of current operation: PENDING
15:45:04 INFO  State of current operation: PENDING
15:45:07 INFO  State of current operation: PENDING
15:45:09 INFO  State of current operation: PENDING
15:45:11 INFO  State of current operation: PENDING
15:45:13 INFO  State of current operation: PENDING
15:45:16 INFO  State of current operation: PENDING
15:45:18 INFO  State of current operation: PENDING
15:45:20 WARN  SystemError occurred while running test - Timeout while waiting for status FAILED or SUCCESSFUL
Traceback (most recent call last):
  File &quot;/home/pi/env-pysys/lib/python3.7/site-packages/pysys/baserunner.py&quot;, line 1292, in __call__
    self.testObj.setup()
  File &quot;/home/pi/actions-runner/_work/thin-edge.io/thin-edge.io/tests/PySys/software_management_end_to_end/sm_apt_install_remove_multiple/run.py&quot;, line 52, in setup
    super().setup()
  File &quot;/home/pi/actions-runner/_work/thin-edge.io/thin-edge.io/tests/PySys/software_management_end_to_end/environment_sm_management.py&quot;, line 151, in setup
    self.wait_until_end()
  File &quot;/home/pi/actions-runner/_work/thin-edge.io/thin-edge.io/tests/PySys/software_management_end_to_end/environment_sm_management.py&quot;, line 332, in wait_until_end
    self.wait_until_status(&quot;FAILED&quot;, &quot;SUCCESSFUL&quot;)
  File &quot;/home/pi/actions-runner/_work/thin-edge.io/thin-edge.io/tests/PySys/software_management_end_to_end/environment_sm_management.py&quot;, line 381, in wait_until_status
    &quot;Timeout while waiting for status %s or %s&quot; % (status, status2)
SystemError: Timeout while waiting for status FAILED or SUCCESSFUL
15:45:20 WARN  SystemError: Timeout while waiting for status FAILED or SUCCESSFUL ... blocked 
15:45:20 INFO  
15:45:20 INFO  cleanup:
15:45:24 INFO  Executed sudo&lt;tedge_disconnect_c8y&gt;, exit status 0
15:45:25 INFO  Executed systemctl&lt;serv_mapper5&gt;, exit status 3
15:45:25 INFO  
15:45:25 INFO  Test duration: 165.72 secs
15:45:25 INFO  Test final outcome:  BLOCKED
15:45:25 INFO  Test outcome reason: SystemError: Timeout while waiting for status FAILED or SUCCESSFUL
15:45:25 INFO  
</system-out>
	</testcase>
</testsuite>
