<?xml version="1.0" encoding="utf-8"?>
<testsuite failures="1" name="SoftwareManagement.sm_apt_install_remove_multiple_mixed" skipped="0" tests="1" time="179.65" timestamp="2022-07-25T11:07:39">
	<testcase classname="PySysTest" name="SoftwareManagement.sm_apt_install_remove_multiple_mixed">
		<failure message="BLOCKED: SystemError: Timeout while waiting for status SUCCESSFUL or False" type="BLOCKED"/>
		<system-out>11:04:39 INFO  ==============================================================
11:04:39 INFO  Id:    SoftwareManagement.sm_apt_install_remove_multiple_mixed
11:04:39 INFO  Dir:   software_management_end_to_end/
11:04:39 INFO  Title: Validate end to end behaviour for the apt plugin for multiple packages with mixed versions
11:04:39 INFO  ==============================================================
11:04:39 INFO  Using sw id database: {'asciijump': '5475369', 'robotfindskitten': '5474869', 'squirrel3': '5475279', 'rolldice': '5152439', 'moon-buggy': '5439204', 'apple': '5495053', 'banana': '5494888', 'cherry': '5495382', 'watermelon': '5494510', 'registry': '8018911', 'hello-world': '8021526', 'docker/getting-started': '8021973', 'alpine': '7991792'}
11:04:39 INFO  EnvironmentC8y Setup
11:04:40 INFO  Executed systemctl&lt;serv_mapper1&gt;, exit status 3
11:04:40 INFO  Restarting mosquitto too frequently in the last 10 seconds. It was only up for 5 seconds
11:04:40 INFO  Delaying execution by 6 seconds
11:05:00 INFO  Executed sudo&lt;tedge_connect_c8y&gt;, exit status 0, duration 13 secs
11:05:01 INFO  Executed sudo&lt;tedge_connect_c8y_test&gt;, exit status 0
11:05:01 INFO  Executed systemctl&lt;serv_mosq2&gt;, exit status 0
11:05:02 INFO  Executed systemctl&lt;serv_mapper3&gt;, exit status 0
11:05:04 INFO  State of current operation: SUCCESSFUL
11:05:04 INFO  Assert that (False == value) with value=False ... passed
11:05:04 INFO  Assert that (False == value) with value=False ... passed
11:05:05 INFO  Assert that (False == value) with value=False ... passed
11:05:05 INFO  Assert that (False == value) with value=False ... passed
11:05:05 INFO  Assert that (False == value) with value=False ... passed
11:05:06 INFO  Response status: 201
11:05:06 INFO  Response to action: {
    &quot;delivery&quot;: {
        &quot;log&quot;: [],
        &quot;time&quot;: &quot;2022-07-25T11:05:06.803Z&quot;,
        &quot;status&quot;: &quot;PENDING&quot;
    },
    &quot;creationTime&quot;: &quot;2022-07-25T11:05:06.780Z&quot;,
    &quot;deviceId&quot;: &quot;21360435&quot;,
    &quot;deviceName&quot;: &quot;m32sd10a&quot;,
    &quot;self&quot;: &quot;https://t493319102.eu-latest.cumulocity.com/devicecontrol/operations/21377535&quot;,
    &quot;id&quot;: &quot;21377535&quot;,
    &quot;status&quot;: &quot;PENDING&quot;,
    &quot;description&quot;: &quot;Apply software changes, triggered from PySys: [{'action': 'install', 'id': '5475369', 'name': 'asciijump', 'url': ' ', 'version': '::apt'}, {'action': 'install', 'id': '5474869', 'name': 'robotfindskitten', 'url': ' ', 'version': ' '}, {'action': 'install', 'id': '5475279', 'name': 'squirrel3', 'url': ' ', 'version': '3.1-7::apt'}, {'action': 'install', 'id': '5152439', 'name': 'rolldice', 'url': ' ', 'version': '1.16-1+b1'}, {'action': 'install', 'id': '5439204', 'name': 'moon-buggy', 'url': ' ', 'version': '1:1.0.51-12'}, {'action': 'install', 'id': '5475369', 'name': 'asciijump', 'url': ' ', 'version': '::apt'}]&quot;,
    &quot;c8y_SoftwareUpdate&quot;: [
        {
            &quot;name&quot;: &quot;asciijump&quot;,
            &quot;action&quot;: &quot;install&quot;,
            &quot;id&quot;: &quot;5475369&quot;,
            &quot;version&quot;: &quot;::apt&quot;,
            &quot;url&quot;: &quot; &quot;
        },
        {
            &quot;name&quot;: &quot;robotfindskitten&quot;,
            &quot;action&quot;: &quot;install&quot;,
            &quot;id&quot;: &quot;5474869&quot;,
            &quot;version&quot;: &quot; &quot;,
            &quot;url&quot;: &quot; &quot;
        },
        {
            &quot;name&quot;: &quot;squirrel3&quot;,
            &quot;action&quot;: &quot;install&quot;,
            &quot;id&quot;: &quot;5475279&quot;,
            &quot;version&quot;: &quot;3.1-7::apt&quot;,
            &quot;url&quot;: &quot; &quot;
        },
        {
            &quot;name&quot;: &quot;rolldice&quot;,
            &quot;action&quot;: &quot;install&quot;,
            &quot;id&quot;: &quot;5152439&quot;,
            &quot;version&quot;: &quot;1.16-1+b1&quot;,
            &quot;url&quot;: &quot; &quot;
        },
        {
            &quot;name&quot;: &quot;moon-buggy&quot;,
            &quot;action&quot;: &quot;install&quot;,
            &quot;id&quot;: &quot;5439204&quot;,
            &quot;version&quot;: &quot;1:1.0.51-12&quot;,
            &quot;url&quot;: &quot; &quot;
        },
        {
            &quot;name&quot;: &quot;asciijump&quot;,
            &quot;action&quot;: &quot;install&quot;,
            &quot;id&quot;: &quot;5475369&quot;,
            &quot;version&quot;: &quot;::apt&quot;,
            &quot;url&quot;: &quot; &quot;
        }
    ]
}
11:05:06 INFO  Started operation: {'delivery': {'log': [], 'time': '2022-07-25T11:05:06.803Z', 'status': 'PENDING'}, 'creationTime': '2022-07-25T11:05:06.780Z', 'deviceId': '21360435', 'deviceName': 'm32sd10a', 'self': 'https://t493319102.eu-latest.cumulocity.com/devicecontrol/operations/21377535', 'id': '21377535', 'status': 'PENDING', 'description': &quot;Apply software changes, triggered from PySys: [{'action': 'install', 'id': '5475369', 'name': 'asciijump', 'url': ' ', 'version': '::apt'}, {'action': 'install', 'id': '5474869', 'name': 'robotfindskitten', 'url': ' ', 'version': ' '}, {'action': 'install', 'id': '5475279', 'name': 'squirrel3', 'url': ' ', 'version': '3.1-7::apt'}, {'action': 'install', 'id': '5152439', 'name': 'rolldice', 'url': ' ', 'version': '1.16-1+b1'}, {'action': 'install', 'id': '5439204', 'name': 'moon-buggy', 'url': ' ', 'version': '1:1.0.51-12'}, {'action': 'install', 'id': '5475369', 'name': 'asciijump', 'url': ' ', 'version': '::apt'}]&quot;, 'c8y_SoftwareUpdate': [{'name': 'asciijump', 'action': 'install', 'id': '5475369', 'version': '::apt', 'url': ' '}, {'name': 'robotfindskitten', 'action': 'install', 'id': '5474869', 'version': ' ', 'url': ' '}, {'name': 'squirrel3', 'action': 'install', 'id': '5475279', 'version': '3.1-7::apt', 'url': ' '}, {'name': 'rolldice', 'action': 'install', 'id': '5152439', 'version': '1.16-1+b1', 'url': ' '}, {'name': 'moon-buggy', 'action': 'install', 'id': '5439204', 'version': '1:1.0.51-12', 'url': ' '}, {'name': 'asciijump', 'action': 'install', 'id': '5475369', 'version': '::apt', 'url': ' '}]}
11:05:09 INFO  State of operation 21377535 : PENDING
11:05:11 INFO  State of operation 21377535 : EXECUTING
11:05:13 INFO  State of operation 21377535 : EXECUTING
11:05:15 INFO  State of operation 21377535 : EXECUTING
11:05:18 INFO  State of operation 21377535 : EXECUTING
11:05:20 INFO  State of operation 21377535 : EXECUTING
11:05:23 INFO  State of operation 21377535 : EXECUTING
11:05:25 INFO  State of operation 21377535 : EXECUTING
11:05:28 INFO  State of operation 21377535 : EXECUTING
11:05:30 INFO  State of operation 21377535 : EXECUTING
11:05:33 INFO  State of operation 21377535 : EXECUTING
11:05:35 INFO  State of operation 21377535 : EXECUTING
11:05:37 INFO  State of operation 21377535 : EXECUTING
11:05:39 INFO  State of operation 21377535 : EXECUTING
11:05:42 INFO  State of operation 21377535 : EXECUTING
11:05:44 INFO  State of operation 21377535 : EXECUTING
11:05:46 INFO  State of operation 21377535 : EXECUTING
11:05:49 INFO  State of operation 21377535 : EXECUTING
11:05:51 INFO  State of operation 21377535 : EXECUTING
11:05:54 INFO  State of operation 21377535 : EXECUTING
11:05:56 INFO  State of operation 21377535 : EXECUTING
11:05:58 INFO  State of operation 21377535 : EXECUTING
11:06:01 INFO  State of operation 21377535 : EXECUTING
11:06:03 INFO  State of operation 21377535 : EXECUTING
11:06:06 INFO  State of operation 21377535 : EXECUTING
11:06:08 INFO  State of operation 21377535 : EXECUTING
11:06:11 INFO  State of operation 21377535 : EXECUTING
11:06:13 INFO  State of operation 21377535 : EXECUTING
11:06:16 INFO  State of operation 21377535 : EXECUTING
11:06:18 INFO  State of operation 21377535 : EXECUTING
11:06:20 INFO  State of operation 21377535 : EXECUTING
11:06:23 INFO  State of operation 21377535 : EXECUTING
11:06:25 INFO  State of operation 21377535 : EXECUTING
11:06:27 INFO  State of operation 21377535 : EXECUTING
11:06:29 INFO  State of operation 21377535 : EXECUTING
11:06:31 INFO  State of operation 21377535 : EXECUTING
11:06:34 INFO  State of operation 21377535 : EXECUTING
11:06:37 INFO  State of operation 21377535 : EXECUTING
11:06:39 INFO  State of operation 21377535 : EXECUTING
11:06:42 INFO  State of operation 21377535 : EXECUTING
11:06:44 INFO  State of operation 21377535 : EXECUTING
11:06:46 INFO  State of operation 21377535 : EXECUTING
11:06:49 INFO  State of operation 21377535 : EXECUTING
11:06:51 INFO  State of operation 21377535 : EXECUTING
11:06:53 INFO  State of operation 21377535 : EXECUTING
11:06:55 INFO  State of operation 21377535 : EXECUTING
11:06:58 INFO  State of operation 21377535 : EXECUTING
11:07:00 INFO  State of operation 21377535 : EXECUTING
11:07:02 INFO  State of operation 21377535 : EXECUTING
11:07:05 INFO  State of operation 21377535 : EXECUTING
11:07:07 INFO  State of operation 21377535 : EXECUTING
11:07:09 INFO  State of operation 21377535 : EXECUTING
11:07:13 INFO  State of operation 21377535 : EXECUTING
11:07:15 INFO  State of operation 21377535 : EXECUTING
11:07:18 INFO  State of operation 21377535 : EXECUTING
11:07:20 INFO  State of operation 21377535 : EXECUTING
11:07:23 INFO  State of operation 21377535 : EXECUTING
11:07:25 INFO  State of operation 21377535 : EXECUTING
11:07:28 INFO  State of operation 21377535 : EXECUTING
11:07:30 INFO  State of operation 21377535 : EXECUTING
11:07:32 INFO  State of operation 21377535 : EXECUTING
11:07:34 WARN  SystemError occurred while running test - Timeout while waiting for status SUCCESSFUL or False
Traceback (most recent call last):
  File &quot;/home/pi/env-pysys/lib/python3.7/site-packages/pysys/baserunner.py&quot;, line 1294, in __call__
    self.testObj.execute()
  File &quot;/home/pi/actions-runner/_work/thin-edge.io/thin-edge.io/tests/PySys/software_management_end_to_end/sm_apt_install_remove_multiple_mixed/run.py&quot;, line 89, in execute
    self.wait_until_succcess()
  File &quot;/home/pi/actions-runner/_work/thin-edge.io/thin-edge.io/tests/PySys/software_management_end_to_end/environment_sm_management.py&quot;, line 324, in wait_until_succcess
    self.wait_until_status(&quot;SUCCESSFUL&quot;)
  File &quot;/home/pi/actions-runner/_work/thin-edge.io/thin-edge.io/tests/PySys/software_management_end_to_end/environment_sm_management.py&quot;, line 381, in wait_until_status
    &quot;Timeout while waiting for status %s or %s&quot; % (status, status2)
SystemError: Timeout while waiting for status SUCCESSFUL or False
11:07:34 WARN  SystemError: Timeout while waiting for status SUCCESSFUL or False ... blocked 
11:07:34 INFO  
11:07:34 INFO  cleanup:
11:07:38 INFO  Executed sudo&lt;tedge_disconnect_c8y&gt;, exit status 0
11:07:39 INFO  Executed systemctl&lt;serv_mapper5&gt;, exit status 3
11:07:39 INFO  
11:07:39 INFO  Test duration: 179.65 secs
11:07:39 INFO  Test final outcome:  BLOCKED
11:07:39 INFO  Test outcome reason: SystemError: Timeout while waiting for status SUCCESSFUL or False
11:07:39 INFO  
</system-out>
	</testcase>
</testsuite>
