<?xml version="1.0" encoding="utf-8"?>
<testsuite failures="1" name="SoftwareManagement.sm_apt_install_remove_multiple_mixed" skipped="0" tests="1" time="165.5" timestamp="2022-05-23T11:59:33">
	<testcase classname="PySysTest" name="SoftwareManagement.sm_apt_install_remove_multiple_mixed">
		<failure message="BLOCKED: SystemError: Timeout while waiting for status FAILED or SUCCESSFUL" type="BLOCKED"/>
		<system-out>11:56:47 INFO  ==============================================================
11:56:47 INFO  Id:    SoftwareManagement.sm_apt_install_remove_multiple_mixed
11:56:47 INFO  Dir:   software_management_end_to_end/
11:56:47 INFO  Title: Validate end to end behaviour for the apt plugin for multiple packages with mixed versions
11:56:47 INFO  ==============================================================
11:56:47 INFO  Using sw id database: {'asciijump': '5475369', 'robotfindskitten': '5474869', 'squirrel3': '5475279', 'rolldice': '5152439', 'moon-buggy': '5439204', 'apple': '5495053', 'banana': '5494888', 'cherry': '5495382', 'watermelon': '5494510', 'registry': '8018911', 'hello-world': '8021526', 'docker/getting-started': '8021973', 'alpine': '7991792'}
11:56:47 INFO  EnvironmentC8y Setup
11:56:48 INFO  Executed systemctl&lt;serv_mapper1&gt;, exit status 3
11:56:48 INFO  Restarting mosquitto too frequently in the last 10 seconds. It was only up for 5 seconds
11:56:48 INFO  Delaying execution by 6 seconds
11:57:08 INFO  Executed sudo&lt;tedge_connect_c8y&gt;, exit status 0, duration 14 secs
11:57:09 INFO  Executed sudo&lt;tedge_connect_c8y_test&gt;, exit status 0
11:57:09 INFO  Executed systemctl&lt;serv_mosq2&gt;, exit status 0
11:57:10 INFO  Executed systemctl&lt;serv_mapper3&gt;, exit status 0
11:57:12 INFO  State of current operation: PENDING
11:57:14 INFO  State of current operation: PENDING
11:57:16 INFO  State of current operation: PENDING
11:57:19 INFO  State of current operation: PENDING
11:57:21 INFO  State of current operation: PENDING
11:57:23 INFO  State of current operation: PENDING
11:57:25 INFO  State of current operation: PENDING
11:57:27 INFO  State of current operation: PENDING
11:57:30 INFO  State of current operation: PENDING
11:57:32 INFO  State of current operation: PENDING
11:57:34 INFO  State of current operation: PENDING
11:57:36 INFO  State of current operation: PENDING
11:57:39 INFO  State of current operation: PENDING
11:57:41 INFO  State of current operation: PENDING
11:57:43 INFO  State of current operation: PENDING
11:57:45 INFO  State of current operation: PENDING
11:57:48 INFO  State of current operation: PENDING
11:57:50 INFO  State of current operation: PENDING
11:57:52 INFO  State of current operation: PENDING
11:57:54 INFO  State of current operation: PENDING
11:57:57 INFO  State of current operation: PENDING
11:57:59 INFO  State of current operation: PENDING
11:58:01 INFO  State of current operation: PENDING
11:58:03 INFO  State of current operation: PENDING
11:58:06 INFO  State of current operation: PENDING
11:58:08 INFO  State of current operation: PENDING
11:58:10 INFO  State of current operation: PENDING
11:58:12 INFO  State of current operation: PENDING
11:58:14 INFO  State of current operation: PENDING
11:58:17 INFO  State of current operation: PENDING
11:58:19 INFO  State of current operation: PENDING
11:58:21 INFO  State of current operation: PENDING
11:58:23 INFO  State of current operation: PENDING
11:58:26 INFO  State of current operation: PENDING
11:58:28 INFO  State of current operation: PENDING
11:58:30 INFO  State of current operation: PENDING
11:58:32 INFO  State of current operation: PENDING
11:58:34 INFO  State of current operation: PENDING
11:58:37 INFO  State of current operation: PENDING
11:58:39 INFO  State of current operation: PENDING
11:58:41 INFO  State of current operation: PENDING
11:58:43 INFO  State of current operation: PENDING
11:58:46 INFO  State of current operation: PENDING
11:58:48 INFO  State of current operation: PENDING
11:58:50 INFO  State of current operation: PENDING
11:58:52 INFO  State of current operation: PENDING
11:58:54 INFO  State of current operation: PENDING
11:58:57 INFO  State of current operation: PENDING
11:58:59 INFO  State of current operation: PENDING
11:59:01 INFO  State of current operation: PENDING
11:59:03 INFO  State of current operation: PENDING
11:59:06 INFO  State of current operation: PENDING
11:59:08 INFO  State of current operation: PENDING
11:59:10 INFO  State of current operation: PENDING
11:59:12 INFO  State of current operation: PENDING
11:59:15 INFO  State of current operation: PENDING
11:59:17 INFO  State of current operation: PENDING
11:59:19 INFO  State of current operation: PENDING
11:59:21 INFO  State of current operation: PENDING
11:59:24 INFO  State of current operation: PENDING
11:59:26 INFO  State of current operation: PENDING
11:59:28 WARN  SystemError occurred while running test - Timeout while waiting for status FAILED or SUCCESSFUL
Traceback (most recent call last):
  File &quot;/home/pi/env-pysys/lib/python3.7/site-packages/pysys/baserunner.py&quot;, line 1292, in __call__
    self.testObj.setup()
  File &quot;/home/pi/actions-runner/_work/thin-edge.io/thin-edge.io/tests/PySys/software_management_end_to_end/sm_apt_install_remove_multiple_mixed/run.py&quot;, line 73, in setup
    super().setup()
  File &quot;/home/pi/actions-runner/_work/thin-edge.io/thin-edge.io/tests/PySys/software_management_end_to_end/environment_sm_management.py&quot;, line 151, in setup
    self.wait_until_end()
  File &quot;/home/pi/actions-runner/_work/thin-edge.io/thin-edge.io/tests/PySys/software_management_end_to_end/environment_sm_management.py&quot;, line 332, in wait_until_end
    self.wait_until_status(&quot;FAILED&quot;, &quot;SUCCESSFUL&quot;)
  File &quot;/home/pi/actions-runner/_work/thin-edge.io/thin-edge.io/tests/PySys/software_management_end_to_end/environment_sm_management.py&quot;, line 381, in wait_until_status
    &quot;Timeout while waiting for status %s or %s&quot; % (status, status2)
SystemError: Timeout while waiting for status FAILED or SUCCESSFUL
11:59:28 WARN  SystemError: Timeout while waiting for status FAILED or SUCCESSFUL ... blocked 
11:59:28 INFO  
11:59:28 INFO  cleanup:
11:59:32 INFO  Executed sudo&lt;tedge_disconnect_c8y&gt;, exit status 0
11:59:33 INFO  Executed systemctl&lt;serv_mapper5&gt;, exit status 3
11:59:33 INFO  
11:59:33 INFO  Test duration: 165.50 secs
11:59:33 INFO  Test final outcome:  BLOCKED
11:59:33 INFO  Test outcome reason: SystemError: Timeout while waiting for status FAILED or SUCCESSFUL
11:59:33 INFO  
</system-out>
	</testcase>
</testsuite>
