<?xml version="1.0" encoding="utf-8"?>
<testsuite failures="0" name="apt_install" skipped="0" tests="1" time="64.74" timestamp="2022-07-01T07:10:23">
	<testcase classname="AptPluginInstallDense" name="apt_install"/>
</testsuite>
