<?xml version="1.0" encoding="utf-8"?>
<testsuite failures="0" name="apt_update_list" skipped="0" tests="1" time="164.7" timestamp="2022-07-25T10:53:23">
	<testcase classname="AptPluginUpdateList" name="apt_update_list"/>
</testsuite>
