<?xml version="1.0" encoding="utf-8"?>
<testsuite failures="1" name="SoftwareManagement.sm_apt_install_remove_multiple" skipped="0" tests="1" time="178.98" timestamp="2022-06-20T15:43:14">
	<testcase classname="PySysTest" name="SoftwareManagement.sm_apt_install_remove_multiple">
		<failure message="FAILED: Assert that (False == value) with value=True" type="FAILED"/>
		<system-out>15:40:15 INFO  ==============================================================
15:40:15 INFO  Id:    SoftwareManagement.sm_apt_install_remove_multiple
15:40:15 INFO  Dir:   software_management_end_to_end/
15:40:15 INFO  Title: Validate end to end behaviour for the apt plugin for multiple packages
15:40:15 INFO  ==============================================================
15:40:15 INFO  Using sw id database: {'asciijump': '5475369', 'robotfindskitten': '5474869', 'squirrel3': '5475279', 'rolldice': '5152439', 'moon-buggy': '5439204', 'apple': '5495053', 'banana': '5494888', 'cherry': '5495382', 'watermelon': '5494510', 'registry': '8018911', 'hello-world': '8021526', 'docker/getting-started': '8021973', 'alpine': '7991792'}
15:40:15 INFO  EnvironmentC8y Setup
15:40:15 INFO  Executed systemctl&lt;serv_mapper1&gt;, exit status 3
15:40:16 INFO  Restarting mosquitto too frequently in the last 10 seconds. It was only up for 5 seconds
15:40:16 INFO  Delaying execution by 6 seconds
15:40:36 INFO  Executed sudo&lt;tedge_connect_c8y&gt;, exit status 0, duration 14 secs
15:40:36 INFO  Executed sudo&lt;tedge_connect_c8y_test&gt;, exit status 0
15:40:37 INFO  Executed systemctl&lt;serv_mosq2&gt;, exit status 0
15:40:37 INFO  Executed systemctl&lt;serv_mapper3&gt;, exit status 0
15:40:40 INFO  State of current operation: SUCCESSFUL
15:40:40 INFO  Assert that (False == value) with value=False ... passed
15:40:40 INFO  Assert that (False == value) with value=False ... passed
15:40:40 INFO  Assert that (False == value) with value=False ... passed
15:40:40 INFO  Package robotfindskitten is installed
15:40:41 WARN  Assert that (False == value) with value=True ... failed 
15:40:41 INFO  Response status: 201
15:40:41 INFO  Response to action: {
    &quot;creationTime&quot;: &quot;2022-06-20T15:40:41.191Z&quot;,
    &quot;deviceName&quot;: &quot;m32sd10a&quot;,
    &quot;deviceId&quot;: &quot;20281698&quot;,
    &quot;self&quot;: &quot;https://t493319102.eu-latest.cumulocity.com/devicecontrol/operations/20349682&quot;,
    &quot;id&quot;: &quot;20349682&quot;,
    &quot;status&quot;: &quot;PENDING&quot;,
    &quot;description&quot;: &quot;Apply software changes, triggered from PySys: [{'action': 'install', 'id': '5475369', 'name': 'asciijump', 'url': ' ', 'version': '::apt'}, {'action': 'install', 'id': '5474869', 'name': 'robotfindskitten', 'url': ' ', 'version': '::apt'}, {'action': 'install', 'id': '5475279', 'name': 'squirrel3', 'url': ' ', 'version': '::apt'}]&quot;,
    &quot;c8y_SoftwareUpdate&quot;: [
        {
            &quot;name&quot;: &quot;asciijump&quot;,
            &quot;action&quot;: &quot;install&quot;,
            &quot;id&quot;: &quot;5475369&quot;,
            &quot;version&quot;: &quot;::apt&quot;,
            &quot;url&quot;: &quot; &quot;
        },
        {
            &quot;name&quot;: &quot;robotfindskitten&quot;,
            &quot;action&quot;: &quot;install&quot;,
            &quot;id&quot;: &quot;5474869&quot;,
            &quot;version&quot;: &quot;::apt&quot;,
            &quot;url&quot;: &quot; &quot;
        },
        {
            &quot;name&quot;: &quot;squirrel3&quot;,
            &quot;action&quot;: &quot;install&quot;,
            &quot;id&quot;: &quot;5475279&quot;,
            &quot;version&quot;: &quot;::apt&quot;,
            &quot;url&quot;: &quot; &quot;
        }
    ]
}
15:40:41 INFO  Started operation: {'creationTime': '2022-06-20T15:40:41.191Z', 'deviceName': 'm32sd10a', 'deviceId': '20281698', 'self': 'https://t493319102.eu-latest.cumulocity.com/devicecontrol/operations/20349682', 'id': '20349682', 'status': 'PENDING', 'description': &quot;Apply software changes, triggered from PySys: [{'action': 'install', 'id': '5475369', 'name': 'asciijump', 'url': ' ', 'version': '::apt'}, {'action': 'install', 'id': '5474869', 'name': 'robotfindskitten', 'url': ' ', 'version': '::apt'}, {'action': 'install', 'id': '5475279', 'name': 'squirrel3', 'url': ' ', 'version': '::apt'}]&quot;, 'c8y_SoftwareUpdate': [{'name': 'asciijump', 'action': 'install', 'id': '5475369', 'version': '::apt', 'url': ' '}, {'name': 'robotfindskitten', 'action': 'install', 'id': '5474869', 'version': '::apt', 'url': ' '}, {'name': 'squirrel3', 'action': 'install', 'id': '5475279', 'version': '::apt', 'url': ' '}]}
15:40:43 INFO  State of operation 20349682 : PENDING
15:40:45 INFO  State of operation 20349682 : EXECUTING
15:40:47 INFO  State of operation 20349682 : EXECUTING
15:40:50 INFO  State of operation 20349682 : EXECUTING
15:40:52 INFO  State of operation 20349682 : EXECUTING
15:40:54 INFO  State of operation 20349682 : EXECUTING
15:40:57 INFO  State of operation 20349682 : EXECUTING
15:40:59 INFO  State of operation 20349682 : EXECUTING
15:41:02 INFO  State of operation 20349682 : EXECUTING
15:41:04 INFO  State of operation 20349682 : EXECUTING
15:41:06 INFO  State of operation 20349682 : EXECUTING
15:41:09 INFO  State of operation 20349682 : EXECUTING
15:41:11 INFO  State of operation 20349682 : EXECUTING
15:41:13 INFO  State of operation 20349682 : EXECUTING
15:41:15 INFO  State of operation 20349682 : EXECUTING
15:41:18 INFO  State of operation 20349682 : EXECUTING
15:41:20 INFO  State of operation 20349682 : EXECUTING
15:41:23 INFO  State of operation 20349682 : EXECUTING
15:41:25 INFO  State of operation 20349682 : EXECUTING
15:41:27 INFO  State of operation 20349682 : EXECUTING
15:41:29 INFO  State of operation 20349682 : EXECUTING
15:41:32 INFO  State of operation 20349682 : EXECUTING
15:41:34 INFO  State of operation 20349682 : EXECUTING
15:41:36 INFO  State of operation 20349682 : EXECUTING
15:41:39 INFO  State of operation 20349682 : EXECUTING
15:41:41 INFO  State of operation 20349682 : EXECUTING
15:41:43 INFO  State of operation 20349682 : EXECUTING
15:41:46 INFO  State of operation 20349682 : EXECUTING
15:41:48 INFO  State of operation 20349682 : EXECUTING
15:41:50 INFO  State of operation 20349682 : EXECUTING
15:41:53 INFO  State of operation 20349682 : EXECUTING
15:41:55 INFO  State of operation 20349682 : EXECUTING
15:41:57 INFO  State of operation 20349682 : EXECUTING
15:41:59 INFO  State of operation 20349682 : EXECUTING
15:42:02 INFO  State of operation 20349682 : SUCCESSFUL
15:42:02 INFO  Assert that (False == value) with value=False ... passed
15:42:02 INFO  Package asciijump is installed
15:42:02 INFO  Assert that (True == value) with value=True ... passed
15:42:02 INFO  Package squirrel3 is installed
15:42:02 INFO  Assert that (True == value) with value=True ... passed
15:42:02 INFO  Package robotfindskitten is installed
15:42:02 INFO  Assert that (True == value) with value=True ... passed
15:42:03 INFO  Response status: 201
15:42:03 INFO  Response to action: {
    &quot;creationTime&quot;: &quot;2022-06-20T15:42:03.180Z&quot;,
    &quot;deviceName&quot;: &quot;m32sd10a&quot;,
    &quot;deviceId&quot;: &quot;20281698&quot;,
    &quot;self&quot;: &quot;https://t493319102.eu-latest.cumulocity.com/devicecontrol/operations/20349693&quot;,
    &quot;id&quot;: &quot;20349693&quot;,
    &quot;status&quot;: &quot;PENDING&quot;,
    &quot;description&quot;: &quot;Apply software changes, triggered from PySys: [{'action': 'delete', 'id': '5475369', 'name': 'asciijump', 'url': ' ', 'version': '::apt'}, {'action': 'delete', 'id': '5474869', 'name': 'robotfindskitten', 'url': ' ', 'version': '::apt'}, {'action': 'delete', 'id': '5475279', 'name': 'squirrel3', 'url': ' ', 'version': '::apt'}]&quot;,
    &quot;c8y_SoftwareUpdate&quot;: [
        {
            &quot;name&quot;: &quot;asciijump&quot;,
            &quot;action&quot;: &quot;delete&quot;,
            &quot;id&quot;: &quot;5475369&quot;,
            &quot;version&quot;: &quot;::apt&quot;,
            &quot;url&quot;: &quot; &quot;
        },
        {
            &quot;name&quot;: &quot;robotfindskitten&quot;,
            &quot;action&quot;: &quot;delete&quot;,
            &quot;id&quot;: &quot;5474869&quot;,
            &quot;version&quot;: &quot;::apt&quot;,
            &quot;url&quot;: &quot; &quot;
        },
        {
            &quot;name&quot;: &quot;squirrel3&quot;,
            &quot;action&quot;: &quot;delete&quot;,
            &quot;id&quot;: &quot;5475279&quot;,
            &quot;version&quot;: &quot;::apt&quot;,
            &quot;url&quot;: &quot; &quot;
        }
    ]
}
15:42:03 INFO  Started operation: {'creationTime': '2022-06-20T15:42:03.180Z', 'deviceName': 'm32sd10a', 'deviceId': '20281698', 'self': 'https://t493319102.eu-latest.cumulocity.com/devicecontrol/operations/20349693', 'id': '20349693', 'status': 'PENDING', 'description': &quot;Apply software changes, triggered from PySys: [{'action': 'delete', 'id': '5475369', 'name': 'asciijump', 'url': ' ', 'version': '::apt'}, {'action': 'delete', 'id': '5474869', 'name': 'robotfindskitten', 'url': ' ', 'version': '::apt'}, {'action': 'delete', 'id': '5475279', 'name': 'squirrel3', 'url': ' ', 'version': '::apt'}]&quot;, 'c8y_SoftwareUpdate': [{'name': 'asciijump', 'action': 'delete', 'id': '5475369', 'version': '::apt', 'url': ' '}, {'name': 'robotfindskitten', 'action': 'delete', 'id': '5474869', 'version': '::apt', 'url': ' '}, {'name': 'squirrel3', 'action': 'delete', 'id': '5475279', 'version': '::apt', 'url': ' '}]}
15:42:05 INFO  State of operation 20349693 : PENDING
15:42:07 INFO  State of operation 20349693 : EXECUTING
15:42:09 INFO  State of operation 20349693 : EXECUTING
15:42:12 INFO  State of operation 20349693 : EXECUTING
15:42:14 INFO  State of operation 20349693 : EXECUTING
15:42:16 INFO  State of operation 20349693 : EXECUTING
15:42:19 INFO  State of operation 20349693 : EXECUTING
15:42:22 INFO  State of operation 20349693 : EXECUTING
15:42:24 INFO  State of operation 20349693 : EXECUTING
15:42:27 INFO  State of operation 20349693 : EXECUTING
15:42:29 INFO  State of operation 20349693 : EXECUTING
15:42:31 INFO  State of operation 20349693 : EXECUTING
15:42:33 INFO  State of operation 20349693 : EXECUTING
15:42:35 INFO  State of operation 20349693 : EXECUTING
15:42:38 INFO  State of operation 20349693 : EXECUTING
15:42:40 INFO  State of operation 20349693 : EXECUTING
15:42:43 INFO  State of operation 20349693 : EXECUTING
15:42:45 INFO  State of operation 20349693 : EXECUTING
15:42:48 INFO  State of operation 20349693 : EXECUTING
15:42:50 INFO  State of operation 20349693 : EXECUTING
15:42:52 INFO  State of operation 20349693 : EXECUTING
15:42:54 INFO  State of operation 20349693 : EXECUTING
15:42:57 INFO  State of operation 20349693 : EXECUTING
15:42:59 INFO  State of operation 20349693 : EXECUTING
15:43:01 INFO  State of operation 20349693 : EXECUTING
15:43:04 INFO  State of operation 20349693 : EXECUTING
15:43:06 INFO  State of operation 20349693 : EXECUTING
15:43:08 INFO  State of operation 20349693 : SUCCESSFUL
15:43:09 INFO  Assert that (False == value) with value=False ... passed
15:43:09 INFO  Assert that (False == value) with value=False ... passed
15:43:09 INFO  Assert that (False == value) with value=False ... passed
15:43:09 INFO  Assert that (False == value) with value=False ... passed
15:43:09 INFO  
15:43:09 INFO  cleanup:
15:43:13 INFO  Executed sudo&lt;tedge_disconnect_c8y&gt;, exit status 0
15:43:14 INFO  Executed systemctl&lt;serv_mapper5&gt;, exit status 3
15:43:14 INFO  
15:43:14 INFO  Test duration: 178.98 secs
15:43:14 INFO  Test final outcome:  FAILED
15:43:14 INFO  Test outcome reason: Assert that (False == value) with value=True
15:43:14 INFO  
</system-out>
	</testcase>
</testsuite>
