<?xml version="1.0" encoding="utf-8"?>
<testsuite failures="0" name="apt_finalize" skipped="0" tests="1" time="151.83" timestamp="2022-07-18T14:16:59">
	<testcase classname="AptPluginFinalize" name="apt_finalize"/>
</testsuite>
