<?xml version="1.0" encoding="utf-8"?>
<testsuite failures="1" name="SoftwareManagement.sm_apt_install_remove_multiple" skipped="0" tests="1" time="179.42" timestamp="2022-07-25T14:18:14">
	<testcase classname="PySysTest" name="SoftwareManagement.sm_apt_install_remove_multiple">
		<failure message="FAILED: Assert that (False == value) with value=True" type="FAILED"/>
		<system-out>14:15:14 INFO  ==============================================================
14:15:14 INFO  Id:    SoftwareManagement.sm_apt_install_remove_multiple
14:15:14 INFO  Dir:   software_management_end_to_end/
14:15:14 INFO  Title: Validate end to end behaviour for the apt plugin for multiple packages
14:15:14 INFO  ==============================================================
14:15:14 INFO  Using sw id database: {'asciijump': '5475369', 'robotfindskitten': '5474869', 'squirrel3': '5475279', 'rolldice': '5152439', 'moon-buggy': '5439204', 'apple': '5495053', 'banana': '5494888', 'cherry': '5495382', 'watermelon': '5494510', 'registry': '8018911', 'hello-world': '8021526', 'docker/getting-started': '8021973', 'alpine': '7991792'}
14:15:14 INFO  EnvironmentC8y Setup
14:15:15 INFO  Executed systemctl&lt;serv_mapper1&gt;, exit status 3
14:15:15 INFO  Restarting mosquitto too frequently in the last 10 seconds. It was only up for 4 seconds
14:15:15 INFO  Delaying execution by 7 seconds
14:15:36 INFO  Executed sudo&lt;tedge_connect_c8y&gt;, exit status 0, duration 13 secs
14:15:36 INFO  Executed sudo&lt;tedge_connect_c8y_test&gt;, exit status 0
14:15:37 INFO  Executed systemctl&lt;serv_mosq2&gt;, exit status 0
14:15:37 INFO  Executed systemctl&lt;serv_mapper3&gt;, exit status 0
14:15:40 INFO  State of current operation: SUCCESSFUL
14:15:40 INFO  Assert that (False == value) with value=False ... passed
14:15:40 INFO  Assert that (False == value) with value=False ... passed
14:15:40 INFO  Assert that (False == value) with value=False ... passed
14:15:41 INFO  Package robotfindskitten is installed
14:15:41 WARN  Assert that (False == value) with value=True ... failed 
14:15:41 INFO  Response status: 201
14:15:41 INFO  Response to action: {
    &quot;creationTime&quot;: &quot;2022-07-25T14:15:41.326Z&quot;,
    &quot;deviceId&quot;: &quot;21391561&quot;,
    &quot;deviceName&quot;: &quot;m32sd10a&quot;,
    &quot;self&quot;: &quot;https://t493319102.eu-latest.cumulocity.com/devicecontrol/operations/21402404&quot;,
    &quot;id&quot;: &quot;21402404&quot;,
    &quot;status&quot;: &quot;PENDING&quot;,
    &quot;description&quot;: &quot;Apply software changes, triggered from PySys: [{'action': 'install', 'id': '5475369', 'name': 'asciijump', 'url': ' ', 'version': '::apt'}, {'action': 'install', 'id': '5474869', 'name': 'robotfindskitten', 'url': ' ', 'version': '::apt'}, {'action': 'install', 'id': '5475279', 'name': 'squirrel3', 'url': ' ', 'version': '::apt'}]&quot;,
    &quot;c8y_SoftwareUpdate&quot;: [
        {
            &quot;name&quot;: &quot;asciijump&quot;,
            &quot;action&quot;: &quot;install&quot;,
            &quot;id&quot;: &quot;5475369&quot;,
            &quot;version&quot;: &quot;::apt&quot;,
            &quot;url&quot;: &quot; &quot;
        },
        {
            &quot;name&quot;: &quot;robotfindskitten&quot;,
            &quot;action&quot;: &quot;install&quot;,
            &quot;id&quot;: &quot;5474869&quot;,
            &quot;version&quot;: &quot;::apt&quot;,
            &quot;url&quot;: &quot; &quot;
        },
        {
            &quot;name&quot;: &quot;squirrel3&quot;,
            &quot;action&quot;: &quot;install&quot;,
            &quot;id&quot;: &quot;5475279&quot;,
            &quot;version&quot;: &quot;::apt&quot;,
            &quot;url&quot;: &quot; &quot;
        }
    ]
}
14:15:41 INFO  Started operation: {'creationTime': '2022-07-25T14:15:41.326Z', 'deviceId': '21391561', 'deviceName': 'm32sd10a', 'self': 'https://t493319102.eu-latest.cumulocity.com/devicecontrol/operations/21402404', 'id': '21402404', 'status': 'PENDING', 'description': &quot;Apply software changes, triggered from PySys: [{'action': 'install', 'id': '5475369', 'name': 'asciijump', 'url': ' ', 'version': '::apt'}, {'action': 'install', 'id': '5474869', 'name': 'robotfindskitten', 'url': ' ', 'version': '::apt'}, {'action': 'install', 'id': '5475279', 'name': 'squirrel3', 'url': ' ', 'version': '::apt'}]&quot;, 'c8y_SoftwareUpdate': [{'name': 'asciijump', 'action': 'install', 'id': '5475369', 'version': '::apt', 'url': ' '}, {'name': 'robotfindskitten', 'action': 'install', 'id': '5474869', 'version': '::apt', 'url': ' '}, {'name': 'squirrel3', 'action': 'install', 'id': '5475279', 'version': '::apt', 'url': ' '}]}
14:15:43 INFO  State of operation 21402404 : PENDING
14:15:45 INFO  State of operation 21402404 : EXECUTING
14:15:48 INFO  State of operation 21402404 : EXECUTING
14:15:50 INFO  State of operation 21402404 : EXECUTING
14:15:52 INFO  State of operation 21402404 : EXECUTING
14:15:54 INFO  State of operation 21402404 : EXECUTING
14:15:57 INFO  State of operation 21402404 : EXECUTING
14:16:00 INFO  State of operation 21402404 : EXECUTING
14:16:02 INFO  State of operation 21402404 : EXECUTING
14:16:04 INFO  State of operation 21402404 : EXECUTING
14:16:07 INFO  State of operation 21402404 : EXECUTING
14:16:09 INFO  State of operation 21402404 : EXECUTING
14:16:11 INFO  State of operation 21402404 : EXECUTING
14:16:13 INFO  State of operation 21402404 : EXECUTING
14:16:16 INFO  State of operation 21402404 : EXECUTING
14:16:18 INFO  State of operation 21402404 : EXECUTING
14:16:20 INFO  State of operation 21402404 : EXECUTING
14:16:23 INFO  State of operation 21402404 : EXECUTING
14:16:25 INFO  State of operation 21402404 : EXECUTING
14:16:28 INFO  State of operation 21402404 : EXECUTING
14:16:30 INFO  State of operation 21402404 : EXECUTING
14:16:33 INFO  State of operation 21402404 : EXECUTING
14:16:35 INFO  State of operation 21402404 : EXECUTING
14:16:38 INFO  State of operation 21402404 : EXECUTING
14:16:40 INFO  State of operation 21402404 : EXECUTING
14:16:43 INFO  State of operation 21402404 : EXECUTING
14:16:45 INFO  State of operation 21402404 : EXECUTING
14:16:47 INFO  State of operation 21402404 : EXECUTING
14:16:50 INFO  State of operation 21402404 : EXECUTING
14:16:52 INFO  State of operation 21402404 : EXECUTING
14:16:54 INFO  State of operation 21402404 : EXECUTING
14:16:57 INFO  State of operation 21402404 : EXECUTING
14:16:59 INFO  State of operation 21402404 : EXECUTING
14:17:01 INFO  State of operation 21402404 : SUCCESSFUL
14:17:01 INFO  Assert that (False == value) with value=False ... passed
14:17:02 INFO  Package asciijump is installed
14:17:02 INFO  Assert that (True == value) with value=True ... passed
14:17:02 INFO  Package squirrel3 is installed
14:17:02 INFO  Assert that (True == value) with value=True ... passed
14:17:02 INFO  Package robotfindskitten is installed
14:17:02 INFO  Assert that (True == value) with value=True ... passed
14:17:02 INFO  Response status: 201
14:17:02 INFO  Response to action: {
    &quot;creationTime&quot;: &quot;2022-07-25T14:17:02.831Z&quot;,
    &quot;deviceId&quot;: &quot;21391561&quot;,
    &quot;deviceName&quot;: &quot;m32sd10a&quot;,
    &quot;self&quot;: &quot;https://t493319102.eu-latest.cumulocity.com/devicecontrol/operations/21402412&quot;,
    &quot;id&quot;: &quot;21402412&quot;,
    &quot;status&quot;: &quot;PENDING&quot;,
    &quot;description&quot;: &quot;Apply software changes, triggered from PySys: [{'action': 'delete', 'id': '5475369', 'name': 'asciijump', 'url': ' ', 'version': '::apt'}, {'action': 'delete', 'id': '5474869', 'name': 'robotfindskitten', 'url': ' ', 'version': '::apt'}, {'action': 'delete', 'id': '5475279', 'name': 'squirrel3', 'url': ' ', 'version': '::apt'}]&quot;,
    &quot;c8y_SoftwareUpdate&quot;: [
        {
            &quot;name&quot;: &quot;asciijump&quot;,
            &quot;action&quot;: &quot;delete&quot;,
            &quot;id&quot;: &quot;5475369&quot;,
            &quot;version&quot;: &quot;::apt&quot;,
            &quot;url&quot;: &quot; &quot;
        },
        {
            &quot;name&quot;: &quot;robotfindskitten&quot;,
            &quot;action&quot;: &quot;delete&quot;,
            &quot;id&quot;: &quot;5474869&quot;,
            &quot;version&quot;: &quot;::apt&quot;,
            &quot;url&quot;: &quot; &quot;
        },
        {
            &quot;name&quot;: &quot;squirrel3&quot;,
            &quot;action&quot;: &quot;delete&quot;,
            &quot;id&quot;: &quot;5475279&quot;,
            &quot;version&quot;: &quot;::apt&quot;,
            &quot;url&quot;: &quot; &quot;
        }
    ]
}
14:17:02 INFO  Started operation: {'creationTime': '2022-07-25T14:17:02.831Z', 'deviceId': '21391561', 'deviceName': 'm32sd10a', 'self': 'https://t493319102.eu-latest.cumulocity.com/devicecontrol/operations/21402412', 'id': '21402412', 'status': 'PENDING', 'description': &quot;Apply software changes, triggered from PySys: [{'action': 'delete', 'id': '5475369', 'name': 'asciijump', 'url': ' ', 'version': '::apt'}, {'action': 'delete', 'id': '5474869', 'name': 'robotfindskitten', 'url': ' ', 'version': '::apt'}, {'action': 'delete', 'id': '5475279', 'name': 'squirrel3', 'url': ' ', 'version': '::apt'}]&quot;, 'c8y_SoftwareUpdate': [{'name': 'asciijump', 'action': 'delete', 'id': '5475369', 'version': '::apt', 'url': ' '}, {'name': 'robotfindskitten', 'action': 'delete', 'id': '5474869', 'version': '::apt', 'url': ' '}, {'name': 'squirrel3', 'action': 'delete', 'id': '5475279', 'version': '::apt', 'url': ' '}]}
14:17:05 INFO  State of operation 21402412 : PENDING
14:17:07 INFO  State of operation 21402412 : EXECUTING
14:17:09 INFO  State of operation 21402412 : EXECUTING
14:17:11 INFO  State of operation 21402412 : EXECUTING
14:17:13 INFO  State of operation 21402412 : EXECUTING
14:17:16 INFO  State of operation 21402412 : EXECUTING
14:17:19 INFO  State of operation 21402412 : EXECUTING
14:17:22 INFO  State of operation 21402412 : EXECUTING
14:17:24 INFO  State of operation 21402412 : EXECUTING
14:17:26 INFO  State of operation 21402412 : EXECUTING
14:17:28 INFO  State of operation 21402412 : EXECUTING
14:17:31 INFO  State of operation 21402412 : EXECUTING
14:17:33 INFO  State of operation 21402412 : EXECUTING
14:17:35 INFO  State of operation 21402412 : EXECUTING
14:17:37 INFO  State of operation 21402412 : EXECUTING
14:17:40 INFO  State of operation 21402412 : EXECUTING
14:17:42 INFO  State of operation 21402412 : EXECUTING
14:17:45 INFO  State of operation 21402412 : EXECUTING
14:17:47 INFO  State of operation 21402412 : EXECUTING
14:17:50 INFO  State of operation 21402412 : EXECUTING
14:17:52 INFO  State of operation 21402412 : EXECUTING
14:17:54 INFO  State of operation 21402412 : EXECUTING
14:17:56 INFO  State of operation 21402412 : EXECUTING
14:17:59 INFO  State of operation 21402412 : EXECUTING
14:18:01 INFO  State of operation 21402412 : EXECUTING
14:18:04 INFO  State of operation 21402412 : EXECUTING
14:18:06 INFO  State of operation 21402412 : EXECUTING
14:18:08 INFO  State of operation 21402412 : SUCCESSFUL
14:18:08 INFO  Assert that (False == value) with value=False ... passed
14:18:08 INFO  Assert that (False == value) with value=False ... passed
14:18:09 INFO  Assert that (False == value) with value=False ... passed
14:18:09 INFO  Assert that (False == value) with value=False ... passed
14:18:09 INFO  
14:18:09 INFO  cleanup:
14:18:13 INFO  Executed sudo&lt;tedge_disconnect_c8y&gt;, exit status 0
14:18:14 INFO  Executed systemctl&lt;serv_mapper5&gt;, exit status 3
14:18:14 INFO  
14:18:14 INFO  Test duration: 179.42 secs
14:18:14 INFO  Test final outcome:  FAILED
14:18:14 INFO  Test outcome reason: Assert that (False == value) with value=True
14:18:14 INFO  
</system-out>
	</testcase>
</testsuite>
