<?xml version="1.0" encoding="utf-8"?>
<testsuite failures="1" name="SoftwareManagement.sm_apt_install_remove_multiple" skipped="0" tests="1" time="178.69" timestamp="2022-06-07T12:10:58">
	<testcase classname="PySysTest" name="SoftwareManagement.sm_apt_install_remove_multiple">
		<failure message="FAILED: Assert that (False == value) with value=True" type="FAILED"/>
		<system-out>12:07:59 INFO  ==============================================================
12:07:59 INFO  Id:    SoftwareManagement.sm_apt_install_remove_multiple
12:07:59 INFO  Dir:   software_management_end_to_end/
12:07:59 INFO  Title: Validate end to end behaviour for the apt plugin for multiple packages
12:07:59 INFO  ==============================================================
12:07:59 INFO  Using sw id database: {'asciijump': '5475369', 'robotfindskitten': '5474869', 'squirrel3': '5475279', 'rolldice': '5152439', 'moon-buggy': '5439204', 'apple': '5495053', 'banana': '5494888', 'cherry': '5495382', 'watermelon': '5494510', 'registry': '8018911', 'hello-world': '8021526', 'docker/getting-started': '8021973', 'alpine': '7991792'}
12:07:59 INFO  EnvironmentC8y Setup
12:08:00 INFO  Executed systemctl&lt;serv_mapper1&gt;, exit status 3
12:08:00 INFO  Restarting mosquitto too frequently in the last 10 seconds. It was only up for 4 seconds
12:08:00 INFO  Delaying execution by 7 seconds
12:08:21 INFO  Executed sudo&lt;tedge_connect_c8y&gt;, exit status 0, duration 14 secs
12:08:22 INFO  Executed sudo&lt;tedge_connect_c8y_test&gt;, exit status 0
12:08:22 INFO  Executed systemctl&lt;serv_mosq2&gt;, exit status 0
12:08:23 INFO  Executed systemctl&lt;serv_mapper3&gt;, exit status 0
12:08:25 INFO  State of current operation: SUCCESSFUL
12:08:25 INFO  Assert that (False == value) with value=False ... passed
12:08:25 INFO  Assert that (False == value) with value=False ... passed
12:08:26 INFO  Assert that (False == value) with value=False ... passed
12:08:26 INFO  Package robotfindskitten is installed
12:08:26 WARN  Assert that (False == value) with value=True ... failed 
12:08:26 INFO  Response status: 201
12:08:26 INFO  Response to action: {
    &quot;creationTime&quot;: &quot;2022-06-07T12:08:26.602Z&quot;,
    &quot;deviceId&quot;: &quot;19918345&quot;,
    &quot;deviceName&quot;: &quot;m32sd10a&quot;,
    &quot;self&quot;: &quot;https://t493319102.eu-latest.cumulocity.com/devicecontrol/operations/20014244&quot;,
    &quot;id&quot;: &quot;20014244&quot;,
    &quot;status&quot;: &quot;PENDING&quot;,
    &quot;description&quot;: &quot;Apply software changes, triggered from PySys: [{'action': 'install', 'id': '5475369', 'name': 'asciijump', 'url': ' ', 'version': '::apt'}, {'action': 'install', 'id': '5474869', 'name': 'robotfindskitten', 'url': ' ', 'version': '::apt'}, {'action': 'install', 'id': '5475279', 'name': 'squirrel3', 'url': ' ', 'version': '::apt'}]&quot;,
    &quot;c8y_SoftwareUpdate&quot;: [
        {
            &quot;name&quot;: &quot;asciijump&quot;,
            &quot;action&quot;: &quot;install&quot;,
            &quot;id&quot;: &quot;5475369&quot;,
            &quot;version&quot;: &quot;::apt&quot;,
            &quot;url&quot;: &quot; &quot;
        },
        {
            &quot;name&quot;: &quot;robotfindskitten&quot;,
            &quot;action&quot;: &quot;install&quot;,
            &quot;id&quot;: &quot;5474869&quot;,
            &quot;version&quot;: &quot;::apt&quot;,
            &quot;url&quot;: &quot; &quot;
        },
        {
            &quot;name&quot;: &quot;squirrel3&quot;,
            &quot;action&quot;: &quot;install&quot;,
            &quot;id&quot;: &quot;5475279&quot;,
            &quot;version&quot;: &quot;::apt&quot;,
            &quot;url&quot;: &quot; &quot;
        }
    ]
}
12:08:26 INFO  Started operation: {'creationTime': '2022-06-07T12:08:26.602Z', 'deviceId': '19918345', 'deviceName': 'm32sd10a', 'self': 'https://t493319102.eu-latest.cumulocity.com/devicecontrol/operations/20014244', 'id': '20014244', 'status': 'PENDING', 'description': &quot;Apply software changes, triggered from PySys: [{'action': 'install', 'id': '5475369', 'name': 'asciijump', 'url': ' ', 'version': '::apt'}, {'action': 'install', 'id': '5474869', 'name': 'robotfindskitten', 'url': ' ', 'version': '::apt'}, {'action': 'install', 'id': '5475279', 'name': 'squirrel3', 'url': ' ', 'version': '::apt'}]&quot;, 'c8y_SoftwareUpdate': [{'name': 'asciijump', 'action': 'install', 'id': '5475369', 'version': '::apt', 'url': ' '}, {'name': 'robotfindskitten', 'action': 'install', 'id': '5474869', 'version': '::apt', 'url': ' '}, {'name': 'squirrel3', 'action': 'install', 'id': '5475279', 'version': '::apt', 'url': ' '}]}
12:08:28 INFO  State of operation 20014244 : PENDING
12:08:31 INFO  State of operation 20014244 : EXECUTING
12:08:33 INFO  State of operation 20014244 : EXECUTING
12:08:35 INFO  State of operation 20014244 : EXECUTING
12:08:37 INFO  State of operation 20014244 : EXECUTING
12:08:40 INFO  State of operation 20014244 : EXECUTING
12:08:42 INFO  State of operation 20014244 : EXECUTING
12:08:45 INFO  State of operation 20014244 : EXECUTING
12:08:47 INFO  State of operation 20014244 : EXECUTING
12:08:50 INFO  State of operation 20014244 : EXECUTING
12:08:52 INFO  State of operation 20014244 : EXECUTING
12:08:54 INFO  State of operation 20014244 : EXECUTING
12:08:56 INFO  State of operation 20014244 : EXECUTING
12:08:59 INFO  State of operation 20014244 : EXECUTING
12:09:01 INFO  State of operation 20014244 : EXECUTING
12:09:03 INFO  State of operation 20014244 : EXECUTING
12:09:06 INFO  State of operation 20014244 : EXECUTING
12:09:08 INFO  State of operation 20014244 : EXECUTING
12:09:11 INFO  State of operation 20014244 : EXECUTING
12:09:13 INFO  State of operation 20014244 : EXECUTING
12:09:15 INFO  State of operation 20014244 : EXECUTING
12:09:18 INFO  State of operation 20014244 : EXECUTING
12:09:20 INFO  State of operation 20014244 : EXECUTING
12:09:22 INFO  State of operation 20014244 : EXECUTING
12:09:24 INFO  State of operation 20014244 : EXECUTING
12:09:26 INFO  State of operation 20014244 : EXECUTING
12:09:29 INFO  State of operation 20014244 : EXECUTING
12:09:31 INFO  State of operation 20014244 : EXECUTING
12:09:34 INFO  State of operation 20014244 : EXECUTING
12:09:36 INFO  State of operation 20014244 : EXECUTING
12:09:38 INFO  State of operation 20014244 : EXECUTING
12:09:41 INFO  State of operation 20014244 : EXECUTING
12:09:43 INFO  State of operation 20014244 : EXECUTING
12:09:45 INFO  State of operation 20014244 : SUCCESSFUL
12:09:45 INFO  Assert that (False == value) with value=False ... passed
12:09:46 INFO  Package asciijump is installed
12:09:46 INFO  Assert that (True == value) with value=True ... passed
12:09:46 INFO  Package squirrel3 is installed
12:09:46 INFO  Assert that (True == value) with value=True ... passed
12:09:46 INFO  Package robotfindskitten is installed
12:09:46 INFO  Assert that (True == value) with value=True ... passed
12:09:46 INFO  Response status: 201
12:09:46 INFO  Response to action: {
    &quot;creationTime&quot;: &quot;2022-06-07T12:09:46.721Z&quot;,
    &quot;deviceId&quot;: &quot;19918345&quot;,
    &quot;deviceName&quot;: &quot;m32sd10a&quot;,
    &quot;self&quot;: &quot;https://t493319102.eu-latest.cumulocity.com/devicecontrol/operations/20014255&quot;,
    &quot;id&quot;: &quot;20014255&quot;,
    &quot;status&quot;: &quot;PENDING&quot;,
    &quot;description&quot;: &quot;Apply software changes, triggered from PySys: [{'action': 'delete', 'id': '5475369', 'name': 'asciijump', 'url': ' ', 'version': '::apt'}, {'action': 'delete', 'id': '5474869', 'name': 'robotfindskitten', 'url': ' ', 'version': '::apt'}, {'action': 'delete', 'id': '5475279', 'name': 'squirrel3', 'url': ' ', 'version': '::apt'}]&quot;,
    &quot;c8y_SoftwareUpdate&quot;: [
        {
            &quot;name&quot;: &quot;asciijump&quot;,
            &quot;action&quot;: &quot;delete&quot;,
            &quot;id&quot;: &quot;5475369&quot;,
            &quot;version&quot;: &quot;::apt&quot;,
            &quot;url&quot;: &quot; &quot;
        },
        {
            &quot;name&quot;: &quot;robotfindskitten&quot;,
            &quot;action&quot;: &quot;delete&quot;,
            &quot;id&quot;: &quot;5474869&quot;,
            &quot;version&quot;: &quot;::apt&quot;,
            &quot;url&quot;: &quot; &quot;
        },
        {
            &quot;name&quot;: &quot;squirrel3&quot;,
            &quot;action&quot;: &quot;delete&quot;,
            &quot;id&quot;: &quot;5475279&quot;,
            &quot;version&quot;: &quot;::apt&quot;,
            &quot;url&quot;: &quot; &quot;
        }
    ]
}
12:09:46 INFO  Started operation: {'creationTime': '2022-06-07T12:09:46.721Z', 'deviceId': '19918345', 'deviceName': 'm32sd10a', 'self': 'https://t493319102.eu-latest.cumulocity.com/devicecontrol/operations/20014255', 'id': '20014255', 'status': 'PENDING', 'description': &quot;Apply software changes, triggered from PySys: [{'action': 'delete', 'id': '5475369', 'name': 'asciijump', 'url': ' ', 'version': '::apt'}, {'action': 'delete', 'id': '5474869', 'name': 'robotfindskitten', 'url': ' ', 'version': '::apt'}, {'action': 'delete', 'id': '5475279', 'name': 'squirrel3', 'url': ' ', 'version': '::apt'}]&quot;, 'c8y_SoftwareUpdate': [{'name': 'asciijump', 'action': 'delete', 'id': '5475369', 'version': '::apt', 'url': ' '}, {'name': 'robotfindskitten', 'action': 'delete', 'id': '5474869', 'version': '::apt', 'url': ' '}, {'name': 'squirrel3', 'action': 'delete', 'id': '5475279', 'version': '::apt', 'url': ' '}]}
12:09:48 INFO  State of operation 20014255 : PENDING
12:09:51 INFO  State of operation 20014255 : EXECUTING
12:09:53 INFO  State of operation 20014255 : EXECUTING
12:09:55 INFO  State of operation 20014255 : EXECUTING
12:09:57 INFO  State of operation 20014255 : EXECUTING
12:10:00 INFO  State of operation 20014255 : EXECUTING
12:10:02 INFO  State of operation 20014255 : EXECUTING
12:10:05 INFO  State of operation 20014255 : EXECUTING
12:10:07 INFO  State of operation 20014255 : EXECUTING
12:10:10 INFO  State of operation 20014255 : EXECUTING
12:10:12 INFO  State of operation 20014255 : EXECUTING
12:10:14 INFO  State of operation 20014255 : EXECUTING
12:10:16 INFO  State of operation 20014255 : EXECUTING
12:10:19 INFO  State of operation 20014255 : EXECUTING
12:10:21 INFO  State of operation 20014255 : EXECUTING
12:10:23 INFO  State of operation 20014255 : EXECUTING
12:10:26 INFO  State of operation 20014255 : EXECUTING
12:10:29 INFO  State of operation 20014255 : EXECUTING
12:10:31 INFO  State of operation 20014255 : EXECUTING
12:10:34 INFO  State of operation 20014255 : EXECUTING
12:10:36 INFO  State of operation 20014255 : EXECUTING
12:10:38 INFO  State of operation 20014255 : EXECUTING
12:10:40 INFO  State of operation 20014255 : EXECUTING
12:10:42 INFO  State of operation 20014255 : EXECUTING
12:10:45 INFO  State of operation 20014255 : EXECUTING
12:10:48 INFO  State of operation 20014255 : EXECUTING
12:10:50 INFO  State of operation 20014255 : EXECUTING
12:10:52 INFO  State of operation 20014255 : SUCCESSFUL
12:10:53 INFO  Assert that (False == value) with value=False ... passed
12:10:53 INFO  Assert that (False == value) with value=False ... passed
12:10:53 INFO  Assert that (False == value) with value=False ... passed
12:10:53 INFO  Assert that (False == value) with value=False ... passed
12:10:53 INFO  
12:10:53 INFO  cleanup:
12:10:57 INFO  Executed sudo&lt;tedge_disconnect_c8y&gt;, exit status 0
12:10:58 INFO  Executed systemctl&lt;serv_mapper5&gt;, exit status 3
12:10:58 INFO  
12:10:58 INFO  Test duration: 178.69 secs
12:10:58 INFO  Test final outcome:  FAILED
12:10:58 INFO  Test outcome reason: Assert that (False == value) with value=True
12:10:58 INFO  
</system-out>
	</testcase>
</testsuite>
