<?xml version="1.0" encoding="utf-8"?>
<testsuite failures="1" name="SoftwareManagement.sm_apt_install_fail" skipped="0" tests="1" time="165.5" timestamp="2022-05-23T15:37:07">
	<testcase classname="PySysTest" name="SoftwareManagement.sm_apt_install_fail">
		<failure message="BLOCKED: SystemError: Timeout while waiting for status FAILED or SUCCESSFUL" type="BLOCKED"/>
		<system-out>15:34:21 INFO  ==============================================================
15:34:21 INFO  Id:    SoftwareManagement.sm_apt_install_fail
15:34:21 INFO  Dir:   software_management_end_to_end/
15:34:21 INFO  Title: Validate end to end behaviour for a failing installation
15:34:21 INFO  ==============================================================
15:34:21 INFO  Using sw id database: {'asciijump': '5475369', 'robotfindskitten': '5474869', 'squirrel3': '5475279', 'rolldice': '5152439', 'moon-buggy': '5439204', 'apple': '5495053', 'banana': '5494888', 'cherry': '5495382', 'watermelon': '5494510', 'registry': '8018911', 'hello-world': '8021526', 'docker/getting-started': '8021973', 'alpine': '7991792'}
15:34:21 INFO  EnvironmentC8y Setup
15:34:22 INFO  Executed systemctl&lt;serv_mapper1&gt;, exit status 3
15:34:22 INFO  Restarting mosquitto too frequently in the last 10 seconds. It was only up for 5 seconds
15:34:22 INFO  Delaying execution by 6 seconds
15:34:42 INFO  Executed sudo&lt;tedge_connect_c8y&gt;, exit status 0, duration 14 secs
15:34:43 INFO  Executed sudo&lt;tedge_connect_c8y_test&gt;, exit status 0
15:34:43 INFO  Executed systemctl&lt;serv_mosq2&gt;, exit status 0
15:34:44 INFO  Executed systemctl&lt;serv_mapper3&gt;, exit status 0
15:34:46 INFO  State of current operation: PENDING
15:34:48 INFO  State of current operation: PENDING
15:34:50 INFO  State of current operation: PENDING
15:34:53 INFO  State of current operation: PENDING
15:34:55 INFO  State of current operation: PENDING
15:34:57 INFO  State of current operation: PENDING
15:34:59 INFO  State of current operation: PENDING
15:35:02 INFO  State of current operation: PENDING
15:35:04 INFO  State of current operation: PENDING
15:35:06 INFO  State of current operation: PENDING
15:35:08 INFO  State of current operation: PENDING
15:35:10 INFO  State of current operation: PENDING
15:35:13 INFO  State of current operation: PENDING
15:35:15 INFO  State of current operation: PENDING
15:35:17 INFO  State of current operation: PENDING
15:35:20 INFO  State of current operation: PENDING
15:35:22 INFO  State of current operation: PENDING
15:35:24 INFO  State of current operation: PENDING
15:35:26 INFO  State of current operation: PENDING
15:35:28 INFO  State of current operation: PENDING
15:35:31 INFO  State of current operation: PENDING
15:35:33 INFO  State of current operation: PENDING
15:35:35 INFO  State of current operation: PENDING
15:35:37 INFO  State of current operation: PENDING
15:35:40 INFO  State of current operation: PENDING
15:35:42 INFO  State of current operation: PENDING
15:35:44 INFO  State of current operation: PENDING
15:35:46 INFO  State of current operation: PENDING
15:35:49 INFO  State of current operation: PENDING
15:35:51 INFO  State of current operation: PENDING
15:35:53 INFO  State of current operation: PENDING
15:35:55 INFO  State of current operation: PENDING
15:35:57 INFO  State of current operation: PENDING
15:36:00 INFO  State of current operation: PENDING
15:36:02 INFO  State of current operation: PENDING
15:36:04 INFO  State of current operation: PENDING
15:36:06 INFO  State of current operation: PENDING
15:36:09 INFO  State of current operation: PENDING
15:36:11 INFO  State of current operation: PENDING
15:36:13 INFO  State of current operation: PENDING
15:36:15 INFO  State of current operation: PENDING
15:36:18 INFO  State of current operation: PENDING
15:36:20 INFO  State of current operation: PENDING
15:36:22 INFO  State of current operation: PENDING
15:36:24 INFO  State of current operation: PENDING
15:36:26 INFO  State of current operation: PENDING
15:36:29 INFO  State of current operation: PENDING
15:36:31 INFO  State of current operation: PENDING
15:36:33 INFO  State of current operation: PENDING
15:36:35 INFO  State of current operation: PENDING
15:36:38 INFO  State of current operation: PENDING
15:36:40 INFO  State of current operation: PENDING
15:36:42 INFO  State of current operation: PENDING
15:36:44 INFO  State of current operation: PENDING
15:36:46 INFO  State of current operation: PENDING
15:36:49 INFO  State of current operation: PENDING
15:36:51 INFO  State of current operation: PENDING
15:36:53 INFO  State of current operation: PENDING
15:36:55 INFO  State of current operation: PENDING
15:36:58 INFO  State of current operation: PENDING
15:37:00 INFO  State of current operation: PENDING
15:37:02 WARN  SystemError occurred while running test - Timeout while waiting for status FAILED or SUCCESSFUL
Traceback (most recent call last):
  File &quot;/home/pi/env-pysys/lib/python3.7/site-packages/pysys/baserunner.py&quot;, line 1292, in __call__
    self.testObj.setup()
  File &quot;/home/pi/actions-runner/_work/thin-edge.io/thin-edge.io/tests/PySys/software_management_end_to_end/sm_apt_install_fail/run.py&quot;, line 20, in setup
    super().setup()
  File &quot;/home/pi/actions-runner/_work/thin-edge.io/thin-edge.io/tests/PySys/software_management_end_to_end/environment_sm_management.py&quot;, line 151, in setup
    self.wait_until_end()
  File &quot;/home/pi/actions-runner/_work/thin-edge.io/thin-edge.io/tests/PySys/software_management_end_to_end/environment_sm_management.py&quot;, line 332, in wait_until_end
    self.wait_until_status(&quot;FAILED&quot;, &quot;SUCCESSFUL&quot;)
  File &quot;/home/pi/actions-runner/_work/thin-edge.io/thin-edge.io/tests/PySys/software_management_end_to_end/environment_sm_management.py&quot;, line 381, in wait_until_status
    &quot;Timeout while waiting for status %s or %s&quot; % (status, status2)
SystemError: Timeout while waiting for status FAILED or SUCCESSFUL
15:37:02 WARN  SystemError: Timeout while waiting for status FAILED or SUCCESSFUL ... blocked 
15:37:02 INFO  
15:37:02 INFO  cleanup:
15:37:06 INFO  Executed sudo&lt;tedge_disconnect_c8y&gt;, exit status 0
15:37:07 INFO  Executed systemctl&lt;serv_mapper5&gt;, exit status 3
15:37:07 INFO  
15:37:07 INFO  Test duration: 165.50 secs
15:37:07 INFO  Test final outcome:  BLOCKED
15:37:07 INFO  Test outcome reason: SystemError: Timeout while waiting for status FAILED or SUCCESSFUL
15:37:07 INFO  
</system-out>
	</testcase>
</testsuite>
