<?xml version="1.0" encoding="utf-8"?>
<testsuite failures="1" name="SoftwareManagement.sm_apt_install_remove_multiple" skipped="0" tests="1" time="181.3" timestamp="2022-06-29T12:40:53">
	<testcase classname="PySysTest" name="SoftwareManagement.sm_apt_install_remove_multiple">
		<failure message="FAILED: Assert that (False == value) with value=True" type="FAILED"/>
		<system-out>12:37:52 INFO  ==============================================================
12:37:52 INFO  Id:    SoftwareManagement.sm_apt_install_remove_multiple
12:37:52 INFO  Dir:   software_management_end_to_end/
12:37:52 INFO  Title: Validate end to end behaviour for the apt plugin for multiple packages
12:37:52 INFO  ==============================================================
12:37:52 INFO  Using sw id database: {'asciijump': '5475369', 'robotfindskitten': '5474869', 'squirrel3': '5475279', 'rolldice': '5152439', 'moon-buggy': '5439204', 'apple': '5495053', 'banana': '5494888', 'cherry': '5495382', 'watermelon': '5494510', 'registry': '8018911', 'hello-world': '8021526', 'docker/getting-started': '8021973', 'alpine': '7991792'}
12:37:52 INFO  EnvironmentC8y Setup
12:37:53 INFO  Executed systemctl&lt;serv_mapper1&gt;, exit status 3
12:37:53 INFO  Restarting mosquitto too frequently in the last 10 seconds. It was only up for 4 seconds
12:37:53 INFO  Delaying execution by 7 seconds
12:38:14 INFO  Executed sudo&lt;tedge_connect_c8y&gt;, exit status 0, duration 13 secs
12:38:14 INFO  Executed sudo&lt;tedge_connect_c8y_test&gt;, exit status 0
12:38:15 INFO  Executed systemctl&lt;serv_mosq2&gt;, exit status 0
12:38:15 INFO  Executed systemctl&lt;serv_mapper3&gt;, exit status 0
12:38:17 INFO  State of current operation: SUCCESSFUL
12:38:18 INFO  Assert that (False == value) with value=False ... passed
12:38:18 INFO  Assert that (False == value) with value=False ... passed
12:38:18 INFO  Assert that (False == value) with value=False ... passed
12:38:18 INFO  Package robotfindskitten is installed
12:38:18 WARN  Assert that (False == value) with value=True ... failed 
12:38:19 INFO  Response status: 201
12:38:19 INFO  Response to action: {
    &quot;delivery&quot;: {
        &quot;log&quot;: [],
        &quot;time&quot;: &quot;2022-06-29T12:38:19.122Z&quot;,
        &quot;status&quot;: &quot;PENDING&quot;
    },
    &quot;creationTime&quot;: &quot;2022-06-29T12:38:19.107Z&quot;,
    &quot;deviceId&quot;: &quot;20565436&quot;,
    &quot;deviceName&quot;: &quot;m32sd10a&quot;,
    &quot;self&quot;: &quot;https://t493319102.eu-latest.cumulocity.com/devicecontrol/operations/20610494&quot;,
    &quot;id&quot;: &quot;20610494&quot;,
    &quot;status&quot;: &quot;PENDING&quot;,
    &quot;description&quot;: &quot;Apply software changes, triggered from PySys: [{'action': 'install', 'id': '5475369', 'name': 'asciijump', 'url': ' ', 'version': '::apt'}, {'action': 'install', 'id': '5474869', 'name': 'robotfindskitten', 'url': ' ', 'version': '::apt'}, {'action': 'install', 'id': '5475279', 'name': 'squirrel3', 'url': ' ', 'version': '::apt'}]&quot;,
    &quot;c8y_SoftwareUpdate&quot;: [
        {
            &quot;name&quot;: &quot;asciijump&quot;,
            &quot;action&quot;: &quot;install&quot;,
            &quot;id&quot;: &quot;5475369&quot;,
            &quot;version&quot;: &quot;::apt&quot;,
            &quot;url&quot;: &quot; &quot;
        },
        {
            &quot;name&quot;: &quot;robotfindskitten&quot;,
            &quot;action&quot;: &quot;install&quot;,
            &quot;id&quot;: &quot;5474869&quot;,
            &quot;version&quot;: &quot;::apt&quot;,
            &quot;url&quot;: &quot; &quot;
        },
        {
            &quot;name&quot;: &quot;squirrel3&quot;,
            &quot;action&quot;: &quot;install&quot;,
            &quot;id&quot;: &quot;5475279&quot;,
            &quot;version&quot;: &quot;::apt&quot;,
            &quot;url&quot;: &quot; &quot;
        }
    ]
}
12:38:19 INFO  Started operation: {'delivery': {'log': [], 'time': '2022-06-29T12:38:19.122Z', 'status': 'PENDING'}, 'creationTime': '2022-06-29T12:38:19.107Z', 'deviceId': '20565436', 'deviceName': 'm32sd10a', 'self': 'https://t493319102.eu-latest.cumulocity.com/devicecontrol/operations/20610494', 'id': '20610494', 'status': 'PENDING', 'description': &quot;Apply software changes, triggered from PySys: [{'action': 'install', 'id': '5475369', 'name': 'asciijump', 'url': ' ', 'version': '::apt'}, {'action': 'install', 'id': '5474869', 'name': 'robotfindskitten', 'url': ' ', 'version': '::apt'}, {'action': 'install', 'id': '5475279', 'name': 'squirrel3', 'url': ' ', 'version': '::apt'}]&quot;, 'c8y_SoftwareUpdate': [{'name': 'asciijump', 'action': 'install', 'id': '5475369', 'version': '::apt', 'url': ' '}, {'name': 'robotfindskitten', 'action': 'install', 'id': '5474869', 'version': '::apt', 'url': ' '}, {'name': 'squirrel3', 'action': 'install', 'id': '5475279', 'version': '::apt', 'url': ' '}]}
12:38:21 INFO  State of operation 20610494 : PENDING
12:38:23 INFO  State of operation 20610494 : EXECUTING
12:38:25 INFO  State of operation 20610494 : EXECUTING
12:38:28 INFO  State of operation 20610494 : EXECUTING
12:38:30 INFO  State of operation 20610494 : EXECUTING
12:38:32 INFO  State of operation 20610494 : EXECUTING
12:38:35 INFO  State of operation 20610494 : EXECUTING
12:38:37 INFO  State of operation 20610494 : EXECUTING
12:38:40 INFO  State of operation 20610494 : EXECUTING
12:38:42 INFO  State of operation 20610494 : EXECUTING
12:38:44 INFO  State of operation 20610494 : EXECUTING
12:38:47 INFO  State of operation 20610494 : EXECUTING
12:38:49 INFO  State of operation 20610494 : EXECUTING
12:38:51 INFO  State of operation 20610494 : EXECUTING
12:38:53 INFO  State of operation 20610494 : EXECUTING
12:38:56 INFO  State of operation 20610494 : EXECUTING
12:38:58 INFO  State of operation 20610494 : EXECUTING
12:39:01 INFO  State of operation 20610494 : EXECUTING
12:39:03 INFO  State of operation 20610494 : EXECUTING
12:39:05 INFO  State of operation 20610494 : EXECUTING
12:39:08 INFO  State of operation 20610494 : EXECUTING
12:39:10 INFO  State of operation 20610494 : EXECUTING
12:39:13 INFO  State of operation 20610494 : EXECUTING
12:39:15 INFO  State of operation 20610494 : EXECUTING
12:39:18 INFO  State of operation 20610494 : EXECUTING
12:39:21 INFO  State of operation 20610494 : EXECUTING
12:39:23 INFO  State of operation 20610494 : EXECUTING
12:39:26 INFO  State of operation 20610494 : EXECUTING
12:39:28 INFO  State of operation 20610494 : EXECUTING
12:39:30 INFO  State of operation 20610494 : EXECUTING
12:39:32 INFO  State of operation 20610494 : EXECUTING
12:39:35 INFO  State of operation 20610494 : EXECUTING
12:39:37 INFO  State of operation 20610494 : EXECUTING
12:39:39 INFO  State of operation 20610494 : SUCCESSFUL
12:39:39 INFO  Assert that (False == value) with value=False ... passed
12:39:40 INFO  Package asciijump is installed
12:39:40 INFO  Assert that (True == value) with value=True ... passed
12:39:40 INFO  Package squirrel3 is installed
12:39:40 INFO  Assert that (True == value) with value=True ... passed
12:39:40 INFO  Package robotfindskitten is installed
12:39:40 INFO  Assert that (True == value) with value=True ... passed
12:39:40 INFO  Response status: 201
12:39:40 INFO  Response to action: {
    &quot;delivery&quot;: {
        &quot;log&quot;: [],
        &quot;time&quot;: &quot;2022-06-29T12:39:40.699Z&quot;,
        &quot;status&quot;: &quot;PENDING&quot;
    },
    &quot;creationTime&quot;: &quot;2022-06-29T12:39:40.677Z&quot;,
    &quot;deviceId&quot;: &quot;20565436&quot;,
    &quot;deviceName&quot;: &quot;m32sd10a&quot;,
    &quot;self&quot;: &quot;https://t493319102.eu-latest.cumulocity.com/devicecontrol/operations/20610505&quot;,
    &quot;id&quot;: &quot;20610505&quot;,
    &quot;status&quot;: &quot;PENDING&quot;,
    &quot;description&quot;: &quot;Apply software changes, triggered from PySys: [{'action': 'delete', 'id': '5475369', 'name': 'asciijump', 'url': ' ', 'version': '::apt'}, {'action': 'delete', 'id': '5474869', 'name': 'robotfindskitten', 'url': ' ', 'version': '::apt'}, {'action': 'delete', 'id': '5475279', 'name': 'squirrel3', 'url': ' ', 'version': '::apt'}]&quot;,
    &quot;c8y_SoftwareUpdate&quot;: [
        {
            &quot;name&quot;: &quot;asciijump&quot;,
            &quot;action&quot;: &quot;delete&quot;,
            &quot;id&quot;: &quot;5475369&quot;,
            &quot;version&quot;: &quot;::apt&quot;,
            &quot;url&quot;: &quot; &quot;
        },
        {
            &quot;name&quot;: &quot;robotfindskitten&quot;,
            &quot;action&quot;: &quot;delete&quot;,
            &quot;id&quot;: &quot;5474869&quot;,
            &quot;version&quot;: &quot;::apt&quot;,
            &quot;url&quot;: &quot; &quot;
        },
        {
            &quot;name&quot;: &quot;squirrel3&quot;,
            &quot;action&quot;: &quot;delete&quot;,
            &quot;id&quot;: &quot;5475279&quot;,
            &quot;version&quot;: &quot;::apt&quot;,
            &quot;url&quot;: &quot; &quot;
        }
    ]
}
12:39:40 INFO  Started operation: {'delivery': {'log': [], 'time': '2022-06-29T12:39:40.699Z', 'status': 'PENDING'}, 'creationTime': '2022-06-29T12:39:40.677Z', 'deviceId': '20565436', 'deviceName': 'm32sd10a', 'self': 'https://t493319102.eu-latest.cumulocity.com/devicecontrol/operations/20610505', 'id': '20610505', 'status': 'PENDING', 'description': &quot;Apply software changes, triggered from PySys: [{'action': 'delete', 'id': '5475369', 'name': 'asciijump', 'url': ' ', 'version': '::apt'}, {'action': 'delete', 'id': '5474869', 'name': 'robotfindskitten', 'url': ' ', 'version': '::apt'}, {'action': 'delete', 'id': '5475279', 'name': 'squirrel3', 'url': ' ', 'version': '::apt'}]&quot;, 'c8y_SoftwareUpdate': [{'name': 'asciijump', 'action': 'delete', 'id': '5475369', 'version': '::apt', 'url': ' '}, {'name': 'robotfindskitten', 'action': 'delete', 'id': '5474869', 'version': '::apt', 'url': ' '}, {'name': 'squirrel3', 'action': 'delete', 'id': '5475279', 'version': '::apt', 'url': ' '}]}
12:39:42 INFO  State of operation 20610505 : PENDING
12:39:45 INFO  State of operation 20610505 : EXECUTING
12:39:47 INFO  State of operation 20610505 : EXECUTING
12:39:49 INFO  State of operation 20610505 : EXECUTING
12:39:51 INFO  State of operation 20610505 : EXECUTING
12:39:54 INFO  State of operation 20610505 : EXECUTING
12:39:56 INFO  State of operation 20610505 : EXECUTING
12:39:59 INFO  State of operation 20610505 : EXECUTING
12:40:02 INFO  State of operation 20610505 : EXECUTING
12:40:04 INFO  State of operation 20610505 : EXECUTING
12:40:06 INFO  State of operation 20610505 : EXECUTING
12:40:08 INFO  State of operation 20610505 : EXECUTING
12:40:10 INFO  State of operation 20610505 : EXECUTING
12:40:13 INFO  State of operation 20610505 : EXECUTING
12:40:15 INFO  State of operation 20610505 : EXECUTING
12:40:17 INFO  State of operation 20610505 : EXECUTING
12:40:20 INFO  State of operation 20610505 : EXECUTING
12:40:22 INFO  State of operation 20610505 : EXECUTING
12:40:25 INFO  State of operation 20610505 : EXECUTING
12:40:27 INFO  State of operation 20610505 : EXECUTING
12:40:29 INFO  State of operation 20610505 : EXECUTING
12:40:32 INFO  State of operation 20610505 : EXECUTING
12:40:34 INFO  State of operation 20610505 : EXECUTING
12:40:36 INFO  State of operation 20610505 : EXECUTING
12:40:38 INFO  State of operation 20610505 : EXECUTING
12:40:41 INFO  State of operation 20610505 : EXECUTING
12:40:43 INFO  State of operation 20610505 : EXECUTING
12:40:46 INFO  State of operation 20610505 : EXECUTING
12:40:48 INFO  State of operation 20610505 : SUCCESSFUL
12:40:48 INFO  Assert that (False == value) with value=False ... passed
12:40:48 INFO  Assert that (False == value) with value=False ... passed
12:40:49 INFO  Assert that (False == value) with value=False ... passed
12:40:49 INFO  Assert that (False == value) with value=False ... passed
12:40:49 INFO  
12:40:49 INFO  cleanup:
12:40:53 INFO  Executed sudo&lt;tedge_disconnect_c8y&gt;, exit status 0
12:40:53 INFO  Executed systemctl&lt;serv_mapper5&gt;, exit status 3
12:40:53 INFO  
12:40:53 INFO  Test duration: 181.30 secs
12:40:53 INFO  Test final outcome:  FAILED
12:40:53 INFO  Test outcome reason: Assert that (False == value) with value=True
12:40:53 INFO  
</system-out>
	</testcase>
</testsuite>
