<?xml version="1.0" encoding="utf-8"?>
<testsuite failures="1" name="SoftwareManagement.sm_apt_install_remove" skipped="0" tests="1" time="167.18" timestamp="2022-05-23T14:01:18">
	<testcase classname="PySysTest" name="SoftwareManagement.sm_apt_install_remove">
		<failure message="BLOCKED: SystemError: Timeout while waiting for status FAILED or SUCCESSFUL" type="BLOCKED"/>
		<system-out>13:58:31 INFO  ==============================================================
13:58:31 INFO  Id:    SoftwareManagement.sm_apt_install_remove
13:58:31 INFO  Dir:   software_management_end_to_end/
13:58:31 INFO  Title: Validate end to end behaviour for the apt plugin for installation and removal of packages
13:58:31 INFO  ==============================================================
13:58:31 INFO  Using sw id database: {'asciijump': '5475369', 'robotfindskitten': '5474869', 'squirrel3': '5475279', 'rolldice': '5152439', 'moon-buggy': '5439204', 'apple': '5495053', 'banana': '5494888', 'cherry': '5495382', 'watermelon': '5494510', 'registry': '8018911', 'hello-world': '8021526', 'docker/getting-started': '8021973', 'alpine': '7991792'}
13:58:31 INFO  EnvironmentC8y Setup
13:58:31 INFO  Executed systemctl&lt;serv_mapper1&gt;, exit status 3
13:58:31 INFO  Restarting mosquitto too frequently in the last 10 seconds. It was only up for 4 seconds
13:58:31 INFO  Delaying execution by 7 seconds
13:58:52 INFO  Executed sudo&lt;tedge_connect_c8y&gt;, exit status 0, duration 14 secs
13:58:53 INFO  Executed sudo&lt;tedge_connect_c8y_test&gt;, exit status 0
13:58:54 INFO  Executed systemctl&lt;serv_mosq2&gt;, exit status 0
13:58:54 INFO  Executed systemctl&lt;serv_mapper3&gt;, exit status 0
13:58:56 INFO  State of current operation: PENDING
13:58:58 INFO  State of current operation: PENDING
13:59:01 INFO  State of current operation: PENDING
13:59:03 INFO  State of current operation: PENDING
13:59:05 INFO  State of current operation: PENDING
13:59:07 INFO  State of current operation: PENDING
13:59:10 INFO  State of current operation: PENDING
13:59:12 INFO  State of current operation: PENDING
13:59:14 INFO  State of current operation: PENDING
13:59:16 INFO  State of current operation: PENDING
13:59:19 INFO  State of current operation: PENDING
13:59:21 INFO  State of current operation: PENDING
13:59:23 INFO  State of current operation: PENDING
13:59:25 INFO  State of current operation: PENDING
13:59:28 INFO  State of current operation: PENDING
13:59:30 INFO  State of current operation: PENDING
13:59:32 INFO  State of current operation: PENDING
13:59:34 INFO  State of current operation: PENDING
13:59:36 INFO  State of current operation: PENDING
13:59:39 INFO  State of current operation: PENDING
13:59:41 INFO  State of current operation: PENDING
13:59:43 INFO  State of current operation: PENDING
13:59:46 INFO  State of current operation: PENDING
13:59:48 INFO  State of current operation: PENDING
13:59:50 INFO  State of current operation: PENDING
13:59:52 INFO  State of current operation: PENDING
13:59:55 INFO  State of current operation: PENDING
13:59:57 INFO  State of current operation: PENDING
13:59:59 INFO  State of current operation: PENDING
14:00:01 INFO  State of current operation: PENDING
14:00:04 INFO  State of current operation: PENDING
14:00:06 INFO  State of current operation: PENDING
14:00:08 INFO  State of current operation: PENDING
14:00:10 INFO  State of current operation: PENDING
14:00:13 INFO  State of current operation: PENDING
14:00:15 INFO  State of current operation: PENDING
14:00:17 INFO  State of current operation: PENDING
14:00:19 INFO  State of current operation: PENDING
14:00:22 INFO  State of current operation: PENDING
14:00:24 INFO  State of current operation: PENDING
14:00:26 INFO  State of current operation: PENDING
14:00:28 INFO  State of current operation: PENDING
14:00:30 INFO  State of current operation: PENDING
14:00:33 INFO  State of current operation: PENDING
14:00:35 INFO  State of current operation: PENDING
14:00:37 INFO  State of current operation: PENDING
14:00:39 INFO  State of current operation: PENDING
14:00:42 INFO  State of current operation: PENDING
14:00:44 INFO  State of current operation: PENDING
14:00:46 INFO  State of current operation: PENDING
14:00:48 INFO  State of current operation: PENDING
14:00:50 INFO  State of current operation: PENDING
14:00:53 INFO  State of current operation: PENDING
14:00:55 INFO  State of current operation: PENDING
14:00:57 INFO  State of current operation: PENDING
14:00:59 INFO  State of current operation: PENDING
14:01:02 INFO  State of current operation: PENDING
14:01:04 INFO  State of current operation: PENDING
14:01:06 INFO  State of current operation: PENDING
14:01:09 INFO  State of current operation: PENDING
14:01:11 INFO  State of current operation: PENDING
14:01:13 WARN  SystemError occurred while running test - Timeout while waiting for status FAILED or SUCCESSFUL
Traceback (most recent call last):
  File &quot;/home/pi/env-pysys/lib/python3.7/site-packages/pysys/baserunner.py&quot;, line 1292, in __call__
    self.testObj.setup()
  File &quot;/home/pi/actions-runner/_work/thin-edge.io/thin-edge.io/tests/PySys/software_management_end_to_end/sm_apt_install_remove/run.py&quot;, line 27, in setup
    super().setup()
  File &quot;/home/pi/actions-runner/_work/thin-edge.io/thin-edge.io/tests/PySys/software_management_end_to_end/environment_sm_management.py&quot;, line 151, in setup
    self.wait_until_end()
  File &quot;/home/pi/actions-runner/_work/thin-edge.io/thin-edge.io/tests/PySys/software_management_end_to_end/environment_sm_management.py&quot;, line 332, in wait_until_end
    self.wait_until_status(&quot;FAILED&quot;, &quot;SUCCESSFUL&quot;)
  File &quot;/home/pi/actions-runner/_work/thin-edge.io/thin-edge.io/tests/PySys/software_management_end_to_end/environment_sm_management.py&quot;, line 381, in wait_until_status
    &quot;Timeout while waiting for status %s or %s&quot; % (status, status2)
SystemError: Timeout while waiting for status FAILED or SUCCESSFUL
14:01:13 WARN  SystemError: Timeout while waiting for status FAILED or SUCCESSFUL ... blocked 
14:01:13 INFO  
14:01:13 INFO  cleanup:
14:01:17 INFO  Executed sudo&lt;tedge_disconnect_c8y&gt;, exit status 0
14:01:18 INFO  Executed systemctl&lt;serv_mapper5&gt;, exit status 3
14:01:18 INFO  
14:01:18 INFO  Test duration: 167.18 secs
14:01:18 INFO  Test final outcome:  BLOCKED
14:01:18 INFO  Test outcome reason: SystemError: Timeout while waiting for status FAILED or SUCCESSFUL
14:01:18 INFO  
</system-out>
	</testcase>
</testsuite>
