<?xml version="1.0" encoding="utf-8"?>
<testsuite failures="1" name="SoftwareManagement.sm_apt_install_remove_multiple" skipped="0" tests="1" time="166.41" timestamp="2022-05-23T11:56:47">
	<testcase classname="PySysTest" name="SoftwareManagement.sm_apt_install_remove_multiple">
		<failure message="BLOCKED: SystemError: Timeout while waiting for status FAILED or SUCCESSFUL" type="BLOCKED"/>
		<system-out>11:54:01 INFO  ==============================================================
11:54:01 INFO  Id:    SoftwareManagement.sm_apt_install_remove_multiple
11:54:01 INFO  Dir:   software_management_end_to_end/
11:54:01 INFO  Title: Validate end to end behaviour for the apt plugin for multiple packages
11:54:01 INFO  ==============================================================
11:54:01 INFO  Using sw id database: {'asciijump': '5475369', 'robotfindskitten': '5474869', 'squirrel3': '5475279', 'rolldice': '5152439', 'moon-buggy': '5439204', 'apple': '5495053', 'banana': '5494888', 'cherry': '5495382', 'watermelon': '5494510', 'registry': '8018911', 'hello-world': '8021526', 'docker/getting-started': '8021973', 'alpine': '7991792'}
11:54:01 INFO  EnvironmentC8y Setup
11:54:01 INFO  Executed systemctl&lt;serv_mapper1&gt;, exit status 3
11:54:01 INFO  Restarting mosquitto too frequently in the last 10 seconds. It was only up for 4 seconds
11:54:01 INFO  Delaying execution by 7 seconds
11:54:23 INFO  Executed sudo&lt;tedge_connect_c8y&gt;, exit status 0, duration 14 secs
11:54:23 INFO  Executed sudo&lt;tedge_connect_c8y_test&gt;, exit status 0
11:54:24 INFO  Executed systemctl&lt;serv_mosq2&gt;, exit status 0
11:54:24 INFO  Executed systemctl&lt;serv_mapper3&gt;, exit status 0
11:54:26 INFO  State of current operation: PENDING
11:54:29 INFO  State of current operation: PENDING
11:54:31 INFO  State of current operation: PENDING
11:54:33 INFO  State of current operation: PENDING
11:54:35 INFO  State of current operation: PENDING
11:54:37 INFO  State of current operation: PENDING
11:54:40 INFO  State of current operation: PENDING
11:54:42 INFO  State of current operation: PENDING
11:54:44 INFO  State of current operation: PENDING
11:54:46 INFO  State of current operation: PENDING
11:54:49 INFO  State of current operation: PENDING
11:54:51 INFO  State of current operation: PENDING
11:54:53 INFO  State of current operation: PENDING
11:54:55 INFO  State of current operation: PENDING
11:54:57 INFO  State of current operation: PENDING
11:55:00 INFO  State of current operation: PENDING
11:55:02 INFO  State of current operation: PENDING
11:55:04 INFO  State of current operation: PENDING
11:55:06 INFO  State of current operation: PENDING
11:55:09 INFO  State of current operation: PENDING
11:55:11 INFO  State of current operation: PENDING
11:55:13 INFO  State of current operation: PENDING
11:55:15 INFO  State of current operation: PENDING
11:55:18 INFO  State of current operation: PENDING
11:55:20 INFO  State of current operation: PENDING
11:55:22 INFO  State of current operation: PENDING
11:55:24 INFO  State of current operation: PENDING
11:55:27 INFO  State of current operation: PENDING
11:55:29 INFO  State of current operation: PENDING
11:55:31 INFO  State of current operation: PENDING
11:55:33 INFO  State of current operation: PENDING
11:55:36 INFO  State of current operation: PENDING
11:55:38 INFO  State of current operation: PENDING
11:55:40 INFO  State of current operation: PENDING
11:55:42 INFO  State of current operation: PENDING
11:55:45 INFO  State of current operation: PENDING
11:55:47 INFO  State of current operation: PENDING
11:55:49 INFO  State of current operation: PENDING
11:55:51 INFO  State of current operation: PENDING
11:55:53 INFO  State of current operation: PENDING
11:55:56 INFO  State of current operation: PENDING
11:55:58 INFO  State of current operation: PENDING
11:56:00 INFO  State of current operation: PENDING
11:56:02 INFO  State of current operation: PENDING
11:56:05 INFO  State of current operation: PENDING
11:56:07 INFO  State of current operation: PENDING
11:56:09 INFO  State of current operation: PENDING
11:56:11 INFO  State of current operation: PENDING
11:56:13 INFO  State of current operation: PENDING
11:56:16 INFO  State of current operation: PENDING
11:56:18 INFO  State of current operation: PENDING
11:56:20 INFO  State of current operation: PENDING
11:56:22 INFO  State of current operation: PENDING
11:56:25 INFO  State of current operation: PENDING
11:56:27 INFO  State of current operation: PENDING
11:56:29 INFO  State of current operation: PENDING
11:56:31 INFO  State of current operation: PENDING
11:56:34 INFO  State of current operation: PENDING
11:56:36 INFO  State of current operation: PENDING
11:56:38 INFO  State of current operation: PENDING
11:56:40 INFO  State of current operation: PENDING
11:56:42 WARN  SystemError occurred while running test - Timeout while waiting for status FAILED or SUCCESSFUL
Traceback (most recent call last):
  File &quot;/home/pi/env-pysys/lib/python3.7/site-packages/pysys/baserunner.py&quot;, line 1292, in __call__
    self.testObj.setup()
  File &quot;/home/pi/actions-runner/_work/thin-edge.io/thin-edge.io/tests/PySys/software_management_end_to_end/sm_apt_install_remove_multiple/run.py&quot;, line 52, in setup
    super().setup()
  File &quot;/home/pi/actions-runner/_work/thin-edge.io/thin-edge.io/tests/PySys/software_management_end_to_end/environment_sm_management.py&quot;, line 151, in setup
    self.wait_until_end()
  File &quot;/home/pi/actions-runner/_work/thin-edge.io/thin-edge.io/tests/PySys/software_management_end_to_end/environment_sm_management.py&quot;, line 332, in wait_until_end
    self.wait_until_status(&quot;FAILED&quot;, &quot;SUCCESSFUL&quot;)
  File &quot;/home/pi/actions-runner/_work/thin-edge.io/thin-edge.io/tests/PySys/software_management_end_to_end/environment_sm_management.py&quot;, line 381, in wait_until_status
    &quot;Timeout while waiting for status %s or %s&quot; % (status, status2)
SystemError: Timeout while waiting for status FAILED or SUCCESSFUL
11:56:42 WARN  SystemError: Timeout while waiting for status FAILED or SUCCESSFUL ... blocked 
11:56:42 INFO  
11:56:42 INFO  cleanup:
11:56:46 INFO  Executed sudo&lt;tedge_disconnect_c8y&gt;, exit status 0
11:56:47 INFO  Executed systemctl&lt;serv_mapper5&gt;, exit status 3
11:56:47 INFO  
11:56:47 INFO  Test duration: 166.41 secs
11:56:47 INFO  Test final outcome:  BLOCKED
11:56:47 INFO  Test outcome reason: SystemError: Timeout while waiting for status FAILED or SUCCESSFUL
11:56:47 INFO  
</system-out>
	</testcase>
</testsuite>
