<?xml version="1.0" encoding="utf-8"?>
<testsuite failures="1" name="SoftwareManagement.sm_apt_install_remove_multiple_mixed" skipped="0" tests="1" time="179.63" timestamp="2022-06-08T12:15:58">
	<testcase classname="PySysTest" name="SoftwareManagement.sm_apt_install_remove_multiple_mixed">
		<failure message="BLOCKED: SystemError: Timeout while waiting for status SUCCESSFUL or False" type="BLOCKED"/>
		<system-out>12:12:58 INFO  ==============================================================
12:12:58 INFO  Id:    SoftwareManagement.sm_apt_install_remove_multiple_mixed
12:12:58 INFO  Dir:   software_management_end_to_end/
12:12:58 INFO  Title: Validate end to end behaviour for the apt plugin for multiple packages with mixed versions
12:12:58 INFO  ==============================================================
12:12:58 INFO  Using sw id database: {'asciijump': '5475369', 'robotfindskitten': '5474869', 'squirrel3': '5475279', 'rolldice': '5152439', 'moon-buggy': '5439204', 'apple': '5495053', 'banana': '5494888', 'cherry': '5495382', 'watermelon': '5494510', 'registry': '8018911', 'hello-world': '8021526', 'docker/getting-started': '8021973', 'alpine': '7991792'}
12:12:58 INFO  EnvironmentC8y Setup
12:12:59 INFO  Executed systemctl&lt;serv_mapper1&gt;, exit status 3
12:12:59 INFO  Restarting mosquitto too frequently in the last 10 seconds. It was only up for 4 seconds
12:12:59 INFO  Delaying execution by 7 seconds
12:13:20 INFO  Executed sudo&lt;tedge_connect_c8y&gt;, exit status 0, duration 14 secs
12:13:21 INFO  Executed sudo&lt;tedge_connect_c8y_test&gt;, exit status 0
12:13:21 INFO  Executed systemctl&lt;serv_mosq2&gt;, exit status 0
12:13:22 INFO  Executed systemctl&lt;serv_mapper3&gt;, exit status 0
12:13:24 INFO  State of current operation: SUCCESSFUL
12:13:24 INFO  Assert that (False == value) with value=False ... passed
12:13:24 INFO  Assert that (False == value) with value=False ... passed
12:13:25 INFO  Assert that (False == value) with value=False ... passed
12:13:25 INFO  Assert that (False == value) with value=False ... passed
12:13:25 INFO  Assert that (False == value) with value=False ... passed
12:13:26 INFO  Response status: 201
12:13:26 INFO  Response to action: {
    &quot;creationTime&quot;: &quot;2022-06-08T12:13:26.823Z&quot;,
    &quot;deviceId&quot;: &quot;20013420&quot;,
    &quot;deviceName&quot;: &quot;m32sd10a&quot;,
    &quot;self&quot;: &quot;https://t493319102.eu-latest.cumulocity.com/devicecontrol/operations/20043092&quot;,
    &quot;id&quot;: &quot;20043092&quot;,
    &quot;status&quot;: &quot;PENDING&quot;,
    &quot;description&quot;: &quot;Apply software changes, triggered from PySys: [{'action': 'install', 'id': '5475369', 'name': 'asciijump', 'url': ' ', 'version': '::apt'}, {'action': 'install', 'id': '5474869', 'name': 'robotfindskitten', 'url': ' ', 'version': ' '}, {'action': 'install', 'id': '5475279', 'name': 'squirrel3', 'url': ' ', 'version': '3.1-7::apt'}, {'action': 'install', 'id': '5152439', 'name': 'rolldice', 'url': ' ', 'version': '1.16-1+b1'}, {'action': 'install', 'id': '5439204', 'name': 'moon-buggy', 'url': ' ', 'version': '1:1.0.51-12'}, {'action': 'install', 'id': '5475369', 'name': 'asciijump', 'url': ' ', 'version': '::apt'}]&quot;,
    &quot;c8y_SoftwareUpdate&quot;: [
        {
            &quot;name&quot;: &quot;asciijump&quot;,
            &quot;action&quot;: &quot;install&quot;,
            &quot;id&quot;: &quot;5475369&quot;,
            &quot;version&quot;: &quot;::apt&quot;,
            &quot;url&quot;: &quot; &quot;
        },
        {
            &quot;name&quot;: &quot;robotfindskitten&quot;,
            &quot;action&quot;: &quot;install&quot;,
            &quot;id&quot;: &quot;5474869&quot;,
            &quot;version&quot;: &quot; &quot;,
            &quot;url&quot;: &quot; &quot;
        },
        {
            &quot;name&quot;: &quot;squirrel3&quot;,
            &quot;action&quot;: &quot;install&quot;,
            &quot;id&quot;: &quot;5475279&quot;,
            &quot;version&quot;: &quot;3.1-7::apt&quot;,
            &quot;url&quot;: &quot; &quot;
        },
        {
            &quot;name&quot;: &quot;rolldice&quot;,
            &quot;action&quot;: &quot;install&quot;,
            &quot;id&quot;: &quot;5152439&quot;,
            &quot;version&quot;: &quot;1.16-1+b1&quot;,
            &quot;url&quot;: &quot; &quot;
        },
        {
            &quot;name&quot;: &quot;moon-buggy&quot;,
            &quot;action&quot;: &quot;install&quot;,
            &quot;id&quot;: &quot;5439204&quot;,
            &quot;version&quot;: &quot;1:1.0.51-12&quot;,
            &quot;url&quot;: &quot; &quot;
        },
        {
            &quot;name&quot;: &quot;asciijump&quot;,
            &quot;action&quot;: &quot;install&quot;,
            &quot;id&quot;: &quot;5475369&quot;,
            &quot;version&quot;: &quot;::apt&quot;,
            &quot;url&quot;: &quot; &quot;
        }
    ]
}
12:13:26 INFO  Started operation: {'creationTime': '2022-06-08T12:13:26.823Z', 'deviceId': '20013420', 'deviceName': 'm32sd10a', 'self': 'https://t493319102.eu-latest.cumulocity.com/devicecontrol/operations/20043092', 'id': '20043092', 'status': 'PENDING', 'description': &quot;Apply software changes, triggered from PySys: [{'action': 'install', 'id': '5475369', 'name': 'asciijump', 'url': ' ', 'version': '::apt'}, {'action': 'install', 'id': '5474869', 'name': 'robotfindskitten', 'url': ' ', 'version': ' '}, {'action': 'install', 'id': '5475279', 'name': 'squirrel3', 'url': ' ', 'version': '3.1-7::apt'}, {'action': 'install', 'id': '5152439', 'name': 'rolldice', 'url': ' ', 'version': '1.16-1+b1'}, {'action': 'install', 'id': '5439204', 'name': 'moon-buggy', 'url': ' ', 'version': '1:1.0.51-12'}, {'action': 'install', 'id': '5475369', 'name': 'asciijump', 'url': ' ', 'version': '::apt'}]&quot;, 'c8y_SoftwareUpdate': [{'name': 'asciijump', 'action': 'install', 'id': '5475369', 'version': '::apt', 'url': ' '}, {'name': 'robotfindskitten', 'action': 'install', 'id': '5474869', 'version': ' ', 'url': ' '}, {'name': 'squirrel3', 'action': 'install', 'id': '5475279', 'version': '3.1-7::apt', 'url': ' '}, {'name': 'rolldice', 'action': 'install', 'id': '5152439', 'version': '1.16-1+b1', 'url': ' '}, {'name': 'moon-buggy', 'action': 'install', 'id': '5439204', 'version': '1:1.0.51-12', 'url': ' '}, {'name': 'asciijump', 'action': 'install', 'id': '5475369', 'version': '::apt', 'url': ' '}]}
12:13:29 INFO  State of operation 20043092 : PENDING
12:13:31 INFO  State of operation 20043092 : EXECUTING
12:13:33 INFO  State of operation 20043092 : EXECUTING
12:13:35 INFO  State of operation 20043092 : EXECUTING
12:13:38 INFO  State of operation 20043092 : EXECUTING
12:13:40 INFO  State of operation 20043092 : EXECUTING
12:13:43 INFO  State of operation 20043092 : EXECUTING
12:13:45 INFO  State of operation 20043092 : EXECUTING
12:13:48 INFO  State of operation 20043092 : EXECUTING
12:13:50 INFO  State of operation 20043092 : EXECUTING
12:13:52 INFO  State of operation 20043092 : EXECUTING
12:13:55 INFO  State of operation 20043092 : EXECUTING
12:13:57 INFO  State of operation 20043092 : EXECUTING
12:13:59 INFO  State of operation 20043092 : EXECUTING
12:14:02 INFO  State of operation 20043092 : EXECUTING
12:14:04 INFO  State of operation 20043092 : EXECUTING
12:14:06 INFO  State of operation 20043092 : EXECUTING
12:14:09 INFO  State of operation 20043092 : EXECUTING
12:14:11 INFO  State of operation 20043092 : EXECUTING
12:14:13 INFO  State of operation 20043092 : EXECUTING
12:14:16 INFO  State of operation 20043092 : EXECUTING
12:14:18 INFO  State of operation 20043092 : EXECUTING
12:14:21 INFO  State of operation 20043092 : EXECUTING
12:14:23 INFO  State of operation 20043092 : EXECUTING
12:14:26 INFO  State of operation 20043092 : EXECUTING
12:14:28 INFO  State of operation 20043092 : EXECUTING
12:14:30 INFO  State of operation 20043092 : EXECUTING
12:14:32 INFO  State of operation 20043092 : EXECUTING
12:14:35 INFO  State of operation 20043092 : EXECUTING
12:14:37 INFO  State of operation 20043092 : EXECUTING
12:14:39 INFO  State of operation 20043092 : EXECUTING
12:14:41 INFO  State of operation 20043092 : EXECUTING
12:14:44 INFO  State of operation 20043092 : EXECUTING
12:14:46 INFO  State of operation 20043092 : EXECUTING
12:14:48 INFO  State of operation 20043092 : EXECUTING
12:14:51 INFO  State of operation 20043092 : EXECUTING
12:14:53 INFO  State of operation 20043092 : EXECUTING
12:14:55 INFO  State of operation 20043092 : EXECUTING
12:14:58 INFO  State of operation 20043092 : EXECUTING
12:15:00 INFO  State of operation 20043092 : EXECUTING
12:15:03 INFO  State of operation 20043092 : EXECUTING
12:15:05 INFO  State of operation 20043092 : EXECUTING
12:15:07 INFO  State of operation 20043092 : EXECUTING
12:15:10 INFO  State of operation 20043092 : EXECUTING
12:15:12 INFO  State of operation 20043092 : EXECUTING
12:15:15 INFO  State of operation 20043092 : EXECUTING
12:15:17 INFO  State of operation 20043092 : EXECUTING
12:15:19 INFO  State of operation 20043092 : EXECUTING
12:15:21 INFO  State of operation 20043092 : EXECUTING
12:15:24 INFO  State of operation 20043092 : EXECUTING
12:15:26 INFO  State of operation 20043092 : EXECUTING
12:15:28 INFO  State of operation 20043092 : EXECUTING
12:15:30 INFO  State of operation 20043092 : EXECUTING
12:15:33 INFO  State of operation 20043092 : EXECUTING
12:15:36 INFO  State of operation 20043092 : EXECUTING
12:15:38 INFO  State of operation 20043092 : EXECUTING
12:15:40 INFO  State of operation 20043092 : EXECUTING
12:15:43 INFO  State of operation 20043092 : EXECUTING
12:15:45 INFO  State of operation 20043092 : EXECUTING
12:15:47 INFO  State of operation 20043092 : EXECUTING
12:15:50 INFO  State of operation 20043092 : EXECUTING
12:15:52 WARN  SystemError occurred while running test - Timeout while waiting for status SUCCESSFUL or False
Traceback (most recent call last):
  File &quot;/home/pi/env-pysys/lib/python3.7/site-packages/pysys/baserunner.py&quot;, line 1294, in __call__
    self.testObj.execute()
  File &quot;/home/pi/actions-runner/_work/thin-edge.io/thin-edge.io/tests/PySys/software_management_end_to_end/sm_apt_install_remove_multiple_mixed/run.py&quot;, line 89, in execute
    self.wait_until_succcess()
  File &quot;/home/pi/actions-runner/_work/thin-edge.io/thin-edge.io/tests/PySys/software_management_end_to_end/environment_sm_management.py&quot;, line 324, in wait_until_succcess
    self.wait_until_status(&quot;SUCCESSFUL&quot;)
  File &quot;/home/pi/actions-runner/_work/thin-edge.io/thin-edge.io/tests/PySys/software_management_end_to_end/environment_sm_management.py&quot;, line 381, in wait_until_status
    &quot;Timeout while waiting for status %s or %s&quot; % (status, status2)
SystemError: Timeout while waiting for status SUCCESSFUL or False
12:15:52 WARN  SystemError: Timeout while waiting for status SUCCESSFUL or False ... blocked 
12:15:52 INFO  
12:15:52 INFO  cleanup:
12:15:57 INFO  Executed sudo&lt;tedge_disconnect_c8y&gt;, exit status 0
12:15:58 INFO  Executed systemctl&lt;serv_mapper5&gt;, exit status 3
12:15:58 INFO  
12:15:58 INFO  Test duration: 179.63 secs
12:15:58 INFO  Test final outcome:  BLOCKED
12:15:58 INFO  Test outcome reason: SystemError: Timeout while waiting for status SUCCESSFUL or False
12:15:58 INFO  
</system-out>
	</testcase>
</testsuite>
