<?xml version="1.0" encoding="utf-8"?>
<testsuite failures="1" name="SoftwareManagement.sm_apt_install_fail" skipped="0" tests="1" time="166.11" timestamp="2022-05-24T16:16:21">
	<testcase classname="PySysTest" name="SoftwareManagement.sm_apt_install_fail">
		<failure message="BLOCKED: SystemError: Timeout while waiting for status FAILED or SUCCESSFUL" type="BLOCKED"/>
		<system-out>16:13:35 INFO  ==============================================================
16:13:35 INFO  Id:    SoftwareManagement.sm_apt_install_fail
16:13:35 INFO  Dir:   software_management_end_to_end/
16:13:35 INFO  Title: Validate end to end behaviour for a failing installation
16:13:35 INFO  ==============================================================
16:13:35 INFO  Using sw id database: {'asciijump': '5475369', 'robotfindskitten': '5474869', 'squirrel3': '5475279', 'rolldice': '5152439', 'moon-buggy': '5439204', 'apple': '5495053', 'banana': '5494888', 'cherry': '5495382', 'watermelon': '5494510', 'registry': '8018911', 'hello-world': '8021526', 'docker/getting-started': '8021973', 'alpine': '7991792'}
16:13:35 INFO  EnvironmentC8y Setup
16:13:35 INFO  Executed systemctl&lt;serv_mapper1&gt;, exit status 3
16:13:35 INFO  Restarting mosquitto too frequently in the last 10 seconds. It was only up for 4 seconds
16:13:35 INFO  Delaying execution by 7 seconds
16:13:56 INFO  Executed sudo&lt;tedge_connect_c8y&gt;, exit status 0, duration 13 secs
16:13:57 INFO  Executed sudo&lt;tedge_connect_c8y_test&gt;, exit status 0
16:13:57 INFO  Executed systemctl&lt;serv_mosq2&gt;, exit status 0
16:13:58 INFO  Executed systemctl&lt;serv_mapper3&gt;, exit status 0
16:14:00 INFO  State of current operation: PENDING
16:14:02 INFO  State of current operation: PENDING
16:14:04 INFO  State of current operation: PENDING
16:14:07 INFO  State of current operation: PENDING
16:14:09 INFO  State of current operation: PENDING
16:14:11 INFO  State of current operation: PENDING
16:14:13 INFO  State of current operation: PENDING
16:14:16 INFO  State of current operation: PENDING
16:14:18 INFO  State of current operation: PENDING
16:14:20 INFO  State of current operation: PENDING
16:14:22 INFO  State of current operation: PENDING
16:14:25 INFO  State of current operation: PENDING
16:14:27 INFO  State of current operation: PENDING
16:14:29 INFO  State of current operation: PENDING
16:14:31 INFO  State of current operation: PENDING
16:14:33 INFO  State of current operation: PENDING
16:14:36 INFO  State of current operation: PENDING
16:14:38 INFO  State of current operation: PENDING
16:14:40 INFO  State of current operation: PENDING
16:14:42 INFO  State of current operation: PENDING
16:14:45 INFO  State of current operation: PENDING
16:14:47 INFO  State of current operation: PENDING
16:14:49 INFO  State of current operation: PENDING
16:14:51 INFO  State of current operation: PENDING
16:14:53 INFO  State of current operation: PENDING
16:14:56 INFO  State of current operation: PENDING
16:14:58 INFO  State of current operation: PENDING
16:15:00 INFO  State of current operation: PENDING
16:15:02 INFO  State of current operation: PENDING
16:15:05 INFO  State of current operation: PENDING
16:15:07 INFO  State of current operation: PENDING
16:15:09 INFO  State of current operation: PENDING
16:15:11 INFO  State of current operation: PENDING
16:15:14 INFO  State of current operation: PENDING
16:15:16 INFO  State of current operation: PENDING
16:15:18 INFO  State of current operation: PENDING
16:15:20 INFO  State of current operation: PENDING
16:15:23 INFO  State of current operation: PENDING
16:15:25 INFO  State of current operation: PENDING
16:15:27 INFO  State of current operation: PENDING
16:15:29 INFO  State of current operation: PENDING
16:15:31 INFO  State of current operation: PENDING
16:15:34 INFO  State of current operation: PENDING
16:15:36 INFO  State of current operation: PENDING
16:15:38 INFO  State of current operation: PENDING
16:15:40 INFO  State of current operation: PENDING
16:15:43 INFO  State of current operation: PENDING
16:15:45 INFO  State of current operation: PENDING
16:15:47 INFO  State of current operation: PENDING
16:15:49 INFO  State of current operation: PENDING
16:15:51 INFO  State of current operation: PENDING
16:15:54 INFO  State of current operation: PENDING
16:15:56 INFO  State of current operation: PENDING
16:15:58 INFO  State of current operation: PENDING
16:16:00 INFO  State of current operation: PENDING
16:16:03 INFO  State of current operation: PENDING
16:16:05 INFO  State of current operation: PENDING
16:16:07 INFO  State of current operation: PENDING
16:16:09 INFO  State of current operation: PENDING
16:16:12 INFO  State of current operation: PENDING
16:16:14 INFO  State of current operation: PENDING
16:16:16 WARN  SystemError occurred while running test - Timeout while waiting for status FAILED or SUCCESSFUL
Traceback (most recent call last):
  File &quot;/home/pi/env-pysys/lib/python3.7/site-packages/pysys/baserunner.py&quot;, line 1292, in __call__
    self.testObj.setup()
  File &quot;/home/pi/actions-runner/_work/thin-edge.io/thin-edge.io/tests/PySys/software_management_end_to_end/sm_apt_install_fail/run.py&quot;, line 20, in setup
    super().setup()
  File &quot;/home/pi/actions-runner/_work/thin-edge.io/thin-edge.io/tests/PySys/software_management_end_to_end/environment_sm_management.py&quot;, line 151, in setup
    self.wait_until_end()
  File &quot;/home/pi/actions-runner/_work/thin-edge.io/thin-edge.io/tests/PySys/software_management_end_to_end/environment_sm_management.py&quot;, line 332, in wait_until_end
    self.wait_until_status(&quot;FAILED&quot;, &quot;SUCCESSFUL&quot;)
  File &quot;/home/pi/actions-runner/_work/thin-edge.io/thin-edge.io/tests/PySys/software_management_end_to_end/environment_sm_management.py&quot;, line 381, in wait_until_status
    &quot;Timeout while waiting for status %s or %s&quot; % (status, status2)
SystemError: Timeout while waiting for status FAILED or SUCCESSFUL
16:16:16 WARN  SystemError: Timeout while waiting for status FAILED or SUCCESSFUL ... blocked 
16:16:16 INFO  
16:16:16 INFO  cleanup:
16:16:20 INFO  Executed sudo&lt;tedge_disconnect_c8y&gt;, exit status 0
16:16:21 INFO  Executed systemctl&lt;serv_mapper5&gt;, exit status 3
16:16:21 INFO  
16:16:21 INFO  Test duration: 166.11 secs
16:16:21 INFO  Test final outcome:  BLOCKED
16:16:21 INFO  Test outcome reason: SystemError: Timeout while waiting for status FAILED or SUCCESSFUL
16:16:21 INFO  
</system-out>
	</testcase>
</testsuite>
