<?xml version="1.0" encoding="utf-8"?>
<testsuite failures="1" name="SoftwareManagement.sm_apt_install_remove_multiple" skipped="0" tests="1" time="180.55" timestamp="2022-07-21T15:35:34">
	<testcase classname="PySysTest" name="SoftwareManagement.sm_apt_install_remove_multiple">
		<failure message="FAILED: Assert that (False == value) with value=True" type="FAILED"/>
		<system-out>15:32:33 INFO  ==============================================================
15:32:33 INFO  Id:    SoftwareManagement.sm_apt_install_remove_multiple
15:32:33 INFO  Dir:   software_management_end_to_end/
15:32:33 INFO  Title: Validate end to end behaviour for the apt plugin for multiple packages
15:32:33 INFO  ==============================================================
15:32:33 INFO  Using sw id database: {'asciijump': '5475369', 'robotfindskitten': '5474869', 'squirrel3': '5475279', 'rolldice': '5152439', 'moon-buggy': '5439204', 'apple': '5495053', 'banana': '5494888', 'cherry': '5495382', 'watermelon': '5494510', 'registry': '8018911', 'hello-world': '8021526', 'docker/getting-started': '8021973', 'alpine': '7991792'}
15:32:33 INFO  EnvironmentC8y Setup
15:32:34 INFO  Executed systemctl&lt;serv_mapper1&gt;, exit status 3
15:32:34 INFO  Restarting mosquitto too frequently in the last 10 seconds. It was only up for 4 seconds
15:32:34 INFO  Delaying execution by 7 seconds
15:32:55 INFO  Executed sudo&lt;tedge_connect_c8y&gt;, exit status 0, duration 14 secs
15:32:55 INFO  Executed sudo&lt;tedge_connect_c8y_test&gt;, exit status 0
15:32:56 INFO  Executed systemctl&lt;serv_mosq2&gt;, exit status 0
15:32:56 INFO  Executed systemctl&lt;serv_mapper3&gt;, exit status 0
15:32:59 INFO  State of current operation: SUCCESSFUL
15:32:59 INFO  Assert that (False == value) with value=False ... passed
15:32:59 INFO  Assert that (False == value) with value=False ... passed
15:32:59 INFO  Assert that (False == value) with value=False ... passed
15:33:00 INFO  Package robotfindskitten is installed
15:33:00 WARN  Assert that (False == value) with value=True ... failed 
15:33:00 INFO  Response status: 201
15:33:00 INFO  Response to action: {
    &quot;creationTime&quot;: &quot;2022-07-21T15:33:00.258Z&quot;,
    &quot;deviceId&quot;: &quot;21119832&quot;,
    &quot;deviceName&quot;: &quot;m32sd10a&quot;,
    &quot;self&quot;: &quot;https://t493319102.eu-latest.cumulocity.com/devicecontrol/operations/21144900&quot;,
    &quot;id&quot;: &quot;21144900&quot;,
    &quot;status&quot;: &quot;PENDING&quot;,
    &quot;description&quot;: &quot;Apply software changes, triggered from PySys: [{'action': 'install', 'id': '5475369', 'name': 'asciijump', 'url': ' ', 'version': '::apt'}, {'action': 'install', 'id': '5474869', 'name': 'robotfindskitten', 'url': ' ', 'version': '::apt'}, {'action': 'install', 'id': '5475279', 'name': 'squirrel3', 'url': ' ', 'version': '::apt'}]&quot;,
    &quot;c8y_SoftwareUpdate&quot;: [
        {
            &quot;name&quot;: &quot;asciijump&quot;,
            &quot;action&quot;: &quot;install&quot;,
            &quot;id&quot;: &quot;5475369&quot;,
            &quot;version&quot;: &quot;::apt&quot;,
            &quot;url&quot;: &quot; &quot;
        },
        {
            &quot;name&quot;: &quot;robotfindskitten&quot;,
            &quot;action&quot;: &quot;install&quot;,
            &quot;id&quot;: &quot;5474869&quot;,
            &quot;version&quot;: &quot;::apt&quot;,
            &quot;url&quot;: &quot; &quot;
        },
        {
            &quot;name&quot;: &quot;squirrel3&quot;,
            &quot;action&quot;: &quot;install&quot;,
            &quot;id&quot;: &quot;5475279&quot;,
            &quot;version&quot;: &quot;::apt&quot;,
            &quot;url&quot;: &quot; &quot;
        }
    ]
}
15:33:00 INFO  Started operation: {'creationTime': '2022-07-21T15:33:00.258Z', 'deviceId': '21119832', 'deviceName': 'm32sd10a', 'self': 'https://t493319102.eu-latest.cumulocity.com/devicecontrol/operations/21144900', 'id': '21144900', 'status': 'PENDING', 'description': &quot;Apply software changes, triggered from PySys: [{'action': 'install', 'id': '5475369', 'name': 'asciijump', 'url': ' ', 'version': '::apt'}, {'action': 'install', 'id': '5474869', 'name': 'robotfindskitten', 'url': ' ', 'version': '::apt'}, {'action': 'install', 'id': '5475279', 'name': 'squirrel3', 'url': ' ', 'version': '::apt'}]&quot;, 'c8y_SoftwareUpdate': [{'name': 'asciijump', 'action': 'install', 'id': '5475369', 'version': '::apt', 'url': ' '}, {'name': 'robotfindskitten', 'action': 'install', 'id': '5474869', 'version': '::apt', 'url': ' '}, {'name': 'squirrel3', 'action': 'install', 'id': '5475279', 'version': '::apt', 'url': ' '}]}
15:33:02 INFO  State of operation 21144900 : PENDING
15:33:04 INFO  State of operation 21144900 : EXECUTING
15:33:07 INFO  State of operation 21144900 : EXECUTING
15:33:09 INFO  State of operation 21144900 : EXECUTING
15:33:11 INFO  State of operation 21144900 : EXECUTING
15:33:13 INFO  State of operation 21144900 : EXECUTING
15:33:16 INFO  State of operation 21144900 : EXECUTING
15:33:19 INFO  State of operation 21144900 : EXECUTING
15:33:21 INFO  State of operation 21144900 : EXECUTING
15:33:24 INFO  State of operation 21144900 : EXECUTING
15:33:26 INFO  State of operation 21144900 : EXECUTING
15:33:28 INFO  State of operation 21144900 : EXECUTING
15:33:30 INFO  State of operation 21144900 : EXECUTING
15:33:33 INFO  State of operation 21144900 : EXECUTING
15:33:35 INFO  State of operation 21144900 : EXECUTING
15:33:37 INFO  State of operation 21144900 : EXECUTING
15:33:39 INFO  State of operation 21144900 : EXECUTING
15:33:42 INFO  State of operation 21144900 : EXECUTING
15:33:44 INFO  State of operation 21144900 : EXECUTING
15:33:47 INFO  State of operation 21144900 : EXECUTING
15:33:49 INFO  State of operation 21144900 : EXECUTING
15:33:52 INFO  State of operation 21144900 : EXECUTING
15:33:54 INFO  State of operation 21144900 : EXECUTING
15:33:56 INFO  State of operation 21144900 : EXECUTING
15:33:58 INFO  State of operation 21144900 : EXECUTING
15:34:00 INFO  State of operation 21144900 : EXECUTING
15:34:03 INFO  State of operation 21144900 : EXECUTING
15:34:05 INFO  State of operation 21144900 : EXECUTING
15:34:08 INFO  State of operation 21144900 : EXECUTING
15:34:10 INFO  State of operation 21144900 : EXECUTING
15:34:12 INFO  State of operation 21144900 : EXECUTING
15:34:14 INFO  State of operation 21144900 : EXECUTING
15:34:17 INFO  State of operation 21144900 : EXECUTING
15:34:19 INFO  State of operation 21144900 : EXECUTING
15:34:21 INFO  State of operation 21144900 : SUCCESSFUL
15:34:21 INFO  Assert that (False == value) with value=False ... passed
15:34:22 INFO  Package asciijump is installed
15:34:22 INFO  Assert that (True == value) with value=True ... passed
15:34:22 INFO  Package squirrel3 is installed
15:34:22 INFO  Assert that (True == value) with value=True ... passed
15:34:22 INFO  Package robotfindskitten is installed
15:34:22 INFO  Assert that (True == value) with value=True ... passed
15:34:22 INFO  Response status: 201
15:34:22 INFO  Response to action: {
    &quot;creationTime&quot;: &quot;2022-07-21T15:34:22.690Z&quot;,
    &quot;deviceId&quot;: &quot;21119832&quot;,
    &quot;deviceName&quot;: &quot;m32sd10a&quot;,
    &quot;self&quot;: &quot;https://t493319102.eu-latest.cumulocity.com/devicecontrol/operations/21144906&quot;,
    &quot;id&quot;: &quot;21144906&quot;,
    &quot;status&quot;: &quot;PENDING&quot;,
    &quot;description&quot;: &quot;Apply software changes, triggered from PySys: [{'action': 'delete', 'id': '5475369', 'name': 'asciijump', 'url': ' ', 'version': '::apt'}, {'action': 'delete', 'id': '5474869', 'name': 'robotfindskitten', 'url': ' ', 'version': '::apt'}, {'action': 'delete', 'id': '5475279', 'name': 'squirrel3', 'url': ' ', 'version': '::apt'}]&quot;,
    &quot;c8y_SoftwareUpdate&quot;: [
        {
            &quot;name&quot;: &quot;asciijump&quot;,
            &quot;action&quot;: &quot;delete&quot;,
            &quot;id&quot;: &quot;5475369&quot;,
            &quot;version&quot;: &quot;::apt&quot;,
            &quot;url&quot;: &quot; &quot;
        },
        {
            &quot;name&quot;: &quot;robotfindskitten&quot;,
            &quot;action&quot;: &quot;delete&quot;,
            &quot;id&quot;: &quot;5474869&quot;,
            &quot;version&quot;: &quot;::apt&quot;,
            &quot;url&quot;: &quot; &quot;
        },
        {
            &quot;name&quot;: &quot;squirrel3&quot;,
            &quot;action&quot;: &quot;delete&quot;,
            &quot;id&quot;: &quot;5475279&quot;,
            &quot;version&quot;: &quot;::apt&quot;,
            &quot;url&quot;: &quot; &quot;
        }
    ]
}
15:34:22 INFO  Started operation: {'creationTime': '2022-07-21T15:34:22.690Z', 'deviceId': '21119832', 'deviceName': 'm32sd10a', 'self': 'https://t493319102.eu-latest.cumulocity.com/devicecontrol/operations/21144906', 'id': '21144906', 'status': 'PENDING', 'description': &quot;Apply software changes, triggered from PySys: [{'action': 'delete', 'id': '5475369', 'name': 'asciijump', 'url': ' ', 'version': '::apt'}, {'action': 'delete', 'id': '5474869', 'name': 'robotfindskitten', 'url': ' ', 'version': '::apt'}, {'action': 'delete', 'id': '5475279', 'name': 'squirrel3', 'url': ' ', 'version': '::apt'}]&quot;, 'c8y_SoftwareUpdate': [{'name': 'asciijump', 'action': 'delete', 'id': '5475369', 'version': '::apt', 'url': ' '}, {'name': 'robotfindskitten', 'action': 'delete', 'id': '5474869', 'version': '::apt', 'url': ' '}, {'name': 'squirrel3', 'action': 'delete', 'id': '5475279', 'version': '::apt', 'url': ' '}]}
15:34:24 INFO  State of operation 21144906 : PENDING
15:34:27 INFO  State of operation 21144906 : EXECUTING
15:34:29 INFO  State of operation 21144906 : EXECUTING
15:34:31 INFO  State of operation 21144906 : EXECUTING
15:34:33 INFO  State of operation 21144906 : EXECUTING
15:34:36 INFO  State of operation 21144906 : EXECUTING
15:34:39 INFO  State of operation 21144906 : EXECUTING
15:34:41 INFO  State of operation 21144906 : EXECUTING
15:34:44 INFO  State of operation 21144906 : EXECUTING
15:34:46 INFO  State of operation 21144906 : EXECUTING
15:34:48 INFO  State of operation 21144906 : EXECUTING
15:34:51 INFO  State of operation 21144906 : EXECUTING
15:34:53 INFO  State of operation 21144906 : EXECUTING
15:34:55 INFO  State of operation 21144906 : EXECUTING
15:34:57 INFO  State of operation 21144906 : EXECUTING
15:35:00 INFO  State of operation 21144906 : EXECUTING
15:35:02 INFO  State of operation 21144906 : EXECUTING
15:35:05 INFO  State of operation 21144906 : EXECUTING
15:35:07 INFO  State of operation 21144906 : EXECUTING
15:35:10 INFO  State of operation 21144906 : EXECUTING
15:35:12 INFO  State of operation 21144906 : EXECUTING
15:35:14 INFO  State of operation 21144906 : EXECUTING
15:35:16 INFO  State of operation 21144906 : EXECUTING
15:35:18 INFO  State of operation 21144906 : EXECUTING
15:35:21 INFO  State of operation 21144906 : EXECUTING
15:35:24 INFO  State of operation 21144906 : EXECUTING
15:35:26 INFO  State of operation 21144906 : EXECUTING
15:35:28 INFO  State of operation 21144906 : SUCCESSFUL
15:35:28 INFO  Assert that (False == value) with value=False ... passed
15:35:28 INFO  Assert that (False == value) with value=False ... passed
15:35:29 INFO  Assert that (False == value) with value=False ... passed
15:35:29 INFO  Assert that (False == value) with value=False ... passed
15:35:29 INFO  
15:35:29 INFO  cleanup:
15:35:33 INFO  Executed sudo&lt;tedge_disconnect_c8y&gt;, exit status 0
15:35:34 INFO  Executed systemctl&lt;serv_mapper5&gt;, exit status 3
15:35:34 INFO  
15:35:34 INFO  Test duration: 180.55 secs
15:35:34 INFO  Test final outcome:  FAILED
15:35:34 INFO  Test outcome reason: Assert that (False == value) with value=True
15:35:34 INFO  
</system-out>
	</testcase>
</testsuite>
