<?xml version="1.0" encoding="utf-8"?>
<testsuite failures="0" name="apt_finalize" skipped="0" tests="1" time="151.87" timestamp="2022-07-26T07:35:02">
	<testcase classname="AptPluginFinalize" name="apt_finalize"/>
</testsuite>
