<?xml version="1.0" encoding="utf-8"?>
<testsuite failures="1" name="SoftwareManagement.sm_apt_install_remove_multiple" skipped="0" tests="1" time="179.82" timestamp="2022-07-25T11:04:39">
	<testcase classname="PySysTest" name="SoftwareManagement.sm_apt_install_remove_multiple">
		<failure message="FAILED: Assert that (False == value) with value=True" type="FAILED"/>
		<system-out>11:01:40 INFO  ==============================================================
11:01:40 INFO  Id:    SoftwareManagement.sm_apt_install_remove_multiple
11:01:40 INFO  Dir:   software_management_end_to_end/
11:01:40 INFO  Title: Validate end to end behaviour for the apt plugin for multiple packages
11:01:40 INFO  ==============================================================
11:01:40 INFO  Using sw id database: {'asciijump': '5475369', 'robotfindskitten': '5474869', 'squirrel3': '5475279', 'rolldice': '5152439', 'moon-buggy': '5439204', 'apple': '5495053', 'banana': '5494888', 'cherry': '5495382', 'watermelon': '5494510', 'registry': '8018911', 'hello-world': '8021526', 'docker/getting-started': '8021973', 'alpine': '7991792'}
11:01:40 INFO  EnvironmentC8y Setup
11:01:40 INFO  Executed systemctl&lt;serv_mapper1&gt;, exit status 3
11:01:40 INFO  Restarting mosquitto too frequently in the last 10 seconds. It was only up for 5 seconds
11:01:40 INFO  Delaying execution by 6 seconds
11:02:00 INFO  Executed sudo&lt;tedge_connect_c8y&gt;, exit status 0, duration 14 secs
11:02:01 INFO  Executed sudo&lt;tedge_connect_c8y_test&gt;, exit status 0
11:02:02 INFO  Executed systemctl&lt;serv_mosq2&gt;, exit status 0
11:02:02 INFO  Executed systemctl&lt;serv_mapper3&gt;, exit status 0
11:02:04 INFO  State of current operation: SUCCESSFUL
11:02:05 INFO  Assert that (False == value) with value=False ... passed
11:02:05 INFO  Assert that (False == value) with value=False ... passed
11:02:05 INFO  Assert that (False == value) with value=False ... passed
11:02:05 INFO  Package robotfindskitten is installed
11:02:05 WARN  Assert that (False == value) with value=True ... failed 
11:02:06 INFO  Response status: 201
11:02:06 INFO  Response to action: {
    &quot;delivery&quot;: {
        &quot;log&quot;: [],
        &quot;time&quot;: &quot;2022-07-25T11:02:05.991Z&quot;,
        &quot;status&quot;: &quot;PENDING&quot;
    },
    &quot;creationTime&quot;: &quot;2022-07-25T11:02:05.975Z&quot;,
    &quot;deviceId&quot;: &quot;21360435&quot;,
    &quot;deviceName&quot;: &quot;m32sd10a&quot;,
    &quot;self&quot;: &quot;https://t493319102.eu-latest.cumulocity.com/devicecontrol/operations/21377517&quot;,
    &quot;id&quot;: &quot;21377517&quot;,
    &quot;status&quot;: &quot;PENDING&quot;,
    &quot;description&quot;: &quot;Apply software changes, triggered from PySys: [{'action': 'install', 'id': '5475369', 'name': 'asciijump', 'url': ' ', 'version': '::apt'}, {'action': 'install', 'id': '5474869', 'name': 'robotfindskitten', 'url': ' ', 'version': '::apt'}, {'action': 'install', 'id': '5475279', 'name': 'squirrel3', 'url': ' ', 'version': '::apt'}]&quot;,
    &quot;c8y_SoftwareUpdate&quot;: [
        {
            &quot;name&quot;: &quot;asciijump&quot;,
            &quot;action&quot;: &quot;install&quot;,
            &quot;id&quot;: &quot;5475369&quot;,
            &quot;version&quot;: &quot;::apt&quot;,
            &quot;url&quot;: &quot; &quot;
        },
        {
            &quot;name&quot;: &quot;robotfindskitten&quot;,
            &quot;action&quot;: &quot;install&quot;,
            &quot;id&quot;: &quot;5474869&quot;,
            &quot;version&quot;: &quot;::apt&quot;,
            &quot;url&quot;: &quot; &quot;
        },
        {
            &quot;name&quot;: &quot;squirrel3&quot;,
            &quot;action&quot;: &quot;install&quot;,
            &quot;id&quot;: &quot;5475279&quot;,
            &quot;version&quot;: &quot;::apt&quot;,
            &quot;url&quot;: &quot; &quot;
        }
    ]
}
11:02:06 INFO  Started operation: {'delivery': {'log': [], 'time': '2022-07-25T11:02:05.991Z', 'status': 'PENDING'}, 'creationTime': '2022-07-25T11:02:05.975Z', 'deviceId': '21360435', 'deviceName': 'm32sd10a', 'self': 'https://t493319102.eu-latest.cumulocity.com/devicecontrol/operations/21377517', 'id': '21377517', 'status': 'PENDING', 'description': &quot;Apply software changes, triggered from PySys: [{'action': 'install', 'id': '5475369', 'name': 'asciijump', 'url': ' ', 'version': '::apt'}, {'action': 'install', 'id': '5474869', 'name': 'robotfindskitten', 'url': ' ', 'version': '::apt'}, {'action': 'install', 'id': '5475279', 'name': 'squirrel3', 'url': ' ', 'version': '::apt'}]&quot;, 'c8y_SoftwareUpdate': [{'name': 'asciijump', 'action': 'install', 'id': '5475369', 'version': '::apt', 'url': ' '}, {'name': 'robotfindskitten', 'action': 'install', 'id': '5474869', 'version': '::apt', 'url': ' '}, {'name': 'squirrel3', 'action': 'install', 'id': '5475279', 'version': '::apt', 'url': ' '}]}
11:02:08 INFO  State of operation 21377517 : PENDING
11:02:10 INFO  State of operation 21377517 : EXECUTING
11:02:12 INFO  State of operation 21377517 : EXECUTING
11:02:14 INFO  State of operation 21377517 : EXECUTING
11:02:17 INFO  State of operation 21377517 : EXECUTING
11:02:19 INFO  State of operation 21377517 : EXECUTING
11:02:22 INFO  State of operation 21377517 : EXECUTING
11:02:24 INFO  State of operation 21377517 : EXECUTING
11:02:27 INFO  State of operation 21377517 : EXECUTING
11:02:29 INFO  State of operation 21377517 : EXECUTING
11:02:31 INFO  State of operation 21377517 : EXECUTING
11:02:34 INFO  State of operation 21377517 : EXECUTING
11:02:36 INFO  State of operation 21377517 : EXECUTING
11:02:38 INFO  State of operation 21377517 : EXECUTING
11:02:40 INFO  State of operation 21377517 : EXECUTING
11:02:43 INFO  State of operation 21377517 : EXECUTING
11:02:45 INFO  State of operation 21377517 : EXECUTING
11:02:48 INFO  State of operation 21377517 : EXECUTING
11:02:50 INFO  State of operation 21377517 : EXECUTING
11:02:52 INFO  State of operation 21377517 : EXECUTING
11:02:55 INFO  State of operation 21377517 : EXECUTING
11:02:57 INFO  State of operation 21377517 : EXECUTING
11:03:00 INFO  State of operation 21377517 : EXECUTING
11:03:02 INFO  State of operation 21377517 : EXECUTING
11:03:04 INFO  State of operation 21377517 : EXECUTING
11:03:06 INFO  State of operation 21377517 : EXECUTING
11:03:09 INFO  State of operation 21377517 : EXECUTING
11:03:11 INFO  State of operation 21377517 : EXECUTING
11:03:13 INFO  State of operation 21377517 : EXECUTING
11:03:15 INFO  State of operation 21377517 : EXECUTING
11:03:18 INFO  State of operation 21377517 : EXECUTING
11:03:20 INFO  State of operation 21377517 : EXECUTING
11:03:22 INFO  State of operation 21377517 : EXECUTING
11:03:24 INFO  State of operation 21377517 : EXECUTING
11:03:27 INFO  State of operation 21377517 : SUCCESSFUL
11:03:27 INFO  Assert that (False == value) with value=False ... passed
11:03:27 INFO  Package asciijump is installed
11:03:27 INFO  Assert that (True == value) with value=True ... passed
11:03:27 INFO  Package squirrel3 is installed
11:03:27 INFO  Assert that (True == value) with value=True ... passed
11:03:28 INFO  Package robotfindskitten is installed
11:03:28 INFO  Assert that (True == value) with value=True ... passed
11:03:28 INFO  Response status: 201
11:03:28 INFO  Response to action: {
    &quot;delivery&quot;: {
        &quot;log&quot;: [],
        &quot;time&quot;: &quot;2022-07-25T11:03:28.206Z&quot;,
        &quot;status&quot;: &quot;PENDING&quot;
    },
    &quot;creationTime&quot;: &quot;2022-07-25T11:03:28.191Z&quot;,
    &quot;deviceId&quot;: &quot;21360435&quot;,
    &quot;deviceName&quot;: &quot;m32sd10a&quot;,
    &quot;self&quot;: &quot;https://t493319102.eu-latest.cumulocity.com/devicecontrol/operations/21377529&quot;,
    &quot;id&quot;: &quot;21377529&quot;,
    &quot;status&quot;: &quot;PENDING&quot;,
    &quot;description&quot;: &quot;Apply software changes, triggered from PySys: [{'action': 'delete', 'id': '5475369', 'name': 'asciijump', 'url': ' ', 'version': '::apt'}, {'action': 'delete', 'id': '5474869', 'name': 'robotfindskitten', 'url': ' ', 'version': '::apt'}, {'action': 'delete', 'id': '5475279', 'name': 'squirrel3', 'url': ' ', 'version': '::apt'}]&quot;,
    &quot;c8y_SoftwareUpdate&quot;: [
        {
            &quot;name&quot;: &quot;asciijump&quot;,
            &quot;action&quot;: &quot;delete&quot;,
            &quot;id&quot;: &quot;5475369&quot;,
            &quot;version&quot;: &quot;::apt&quot;,
            &quot;url&quot;: &quot; &quot;
        },
        {
            &quot;name&quot;: &quot;robotfindskitten&quot;,
            &quot;action&quot;: &quot;delete&quot;,
            &quot;id&quot;: &quot;5474869&quot;,
            &quot;version&quot;: &quot;::apt&quot;,
            &quot;url&quot;: &quot; &quot;
        },
        {
            &quot;name&quot;: &quot;squirrel3&quot;,
            &quot;action&quot;: &quot;delete&quot;,
            &quot;id&quot;: &quot;5475279&quot;,
            &quot;version&quot;: &quot;::apt&quot;,
            &quot;url&quot;: &quot; &quot;
        }
    ]
}
11:03:28 INFO  Started operation: {'delivery': {'log': [], 'time': '2022-07-25T11:03:28.206Z', 'status': 'PENDING'}, 'creationTime': '2022-07-25T11:03:28.191Z', 'deviceId': '21360435', 'deviceName': 'm32sd10a', 'self': 'https://t493319102.eu-latest.cumulocity.com/devicecontrol/operations/21377529', 'id': '21377529', 'status': 'PENDING', 'description': &quot;Apply software changes, triggered from PySys: [{'action': 'delete', 'id': '5475369', 'name': 'asciijump', 'url': ' ', 'version': '::apt'}, {'action': 'delete', 'id': '5474869', 'name': 'robotfindskitten', 'url': ' ', 'version': '::apt'}, {'action': 'delete', 'id': '5475279', 'name': 'squirrel3', 'url': ' ', 'version': '::apt'}]&quot;, 'c8y_SoftwareUpdate': [{'name': 'asciijump', 'action': 'delete', 'id': '5475369', 'version': '::apt', 'url': ' '}, {'name': 'robotfindskitten', 'action': 'delete', 'id': '5474869', 'version': '::apt', 'url': ' '}, {'name': 'squirrel3', 'action': 'delete', 'id': '5475279', 'version': '::apt', 'url': ' '}]}
11:03:30 INFO  State of operation 21377529 : PENDING
11:03:32 INFO  State of operation 21377529 : EXECUTING
11:03:34 INFO  State of operation 21377529 : EXECUTING
11:03:37 INFO  State of operation 21377529 : EXECUTING
11:03:39 INFO  State of operation 21377529 : EXECUTING
11:03:41 INFO  State of operation 21377529 : EXECUTING
11:03:44 INFO  State of operation 21377529 : EXECUTING
11:03:47 INFO  State of operation 21377529 : EXECUTING
11:03:49 INFO  State of operation 21377529 : EXECUTING
11:03:52 INFO  State of operation 21377529 : EXECUTING
11:03:54 INFO  State of operation 21377529 : EXECUTING
11:03:56 INFO  State of operation 21377529 : EXECUTING
11:03:58 INFO  State of operation 21377529 : EXECUTING
11:04:01 INFO  State of operation 21377529 : EXECUTING
11:04:03 INFO  State of operation 21377529 : EXECUTING
11:04:05 INFO  State of operation 21377529 : EXECUTING
11:04:07 INFO  State of operation 21377529 : EXECUTING
11:04:10 INFO  State of operation 21377529 : EXECUTING
11:04:13 INFO  State of operation 21377529 : EXECUTING
11:04:15 INFO  State of operation 21377529 : EXECUTING
11:04:17 INFO  State of operation 21377529 : EXECUTING
11:04:19 INFO  State of operation 21377529 : EXECUTING
11:04:22 INFO  State of operation 21377529 : EXECUTING
11:04:25 INFO  State of operation 21377529 : EXECUTING
11:04:27 INFO  State of operation 21377529 : EXECUTING
11:04:29 INFO  State of operation 21377529 : EXECUTING
11:04:31 INFO  State of operation 21377529 : EXECUTING
11:04:34 INFO  State of operation 21377529 : SUCCESSFUL
11:04:34 INFO  Assert that (False == value) with value=False ... passed
11:04:34 INFO  Assert that (False == value) with value=False ... passed
11:04:34 INFO  Assert that (False == value) with value=False ... passed
11:04:35 INFO  Assert that (False == value) with value=False ... passed
11:04:35 INFO  
11:04:35 INFO  cleanup:
11:04:39 INFO  Executed sudo&lt;tedge_disconnect_c8y&gt;, exit status 0
11:04:39 INFO  Executed systemctl&lt;serv_mapper5&gt;, exit status 3
11:04:39 INFO  
11:04:39 INFO  Test duration: 179.82 secs
11:04:39 INFO  Test final outcome:  FAILED
11:04:39 INFO  Test outcome reason: Assert that (False == value) with value=True
11:04:39 INFO  
</system-out>
	</testcase>
</testsuite>
