<?xml version="1.0" encoding="utf-8"?>
<testsuite failures="0" name="apt_sequence_install_with_version_fail" skipped="0" tests="1" time="16.01" timestamp="2022-05-24T11:09:59">
	<testcase classname="AptPluginInstallWithVersionFails" name="apt_sequence_install_with_version_fail"/>
</testsuite>
