<?xml version="1.0" encoding="utf-8"?>
<testsuite failures="0" name="apt_prepare" skipped="0" tests="1" time="18.15" timestamp="2022-05-23T15:20:12">
	<testcase classname="AptPluginPrepare" name="apt_prepare"/>
</testsuite>
