<?xml version="1.0" encoding="utf-8"?>
<testsuite failures="0" name="apt_finalize" skipped="0" tests="1" time="115.94" timestamp="2022-07-16T11:48:01">
	<testcase classname="AptPluginFinalize" name="apt_finalize"/>
</testsuite>
