<?xml version="1.0" encoding="utf-8"?>
<testsuite failures="0" name="apt_list_format" skipped="0" tests="1" time="4.17" timestamp="2022-07-16T17:38:20">
	<testcase classname="AptPluginListFormat" name="apt_list_format"/>
</testsuite>
