<?xml version="1.0" encoding="utf-8"?>
<testsuite failures="1" name="SoftwareManagement.sm_apt_install_remove_with_version" skipped="0" tests="1" time="167.3" timestamp="2022-05-25T11:44:21">
	<testcase classname="PySysTest" name="SoftwareManagement.sm_apt_install_remove_with_version">
		<failure message="BLOCKED: SystemError: Timeout while waiting for status FAILED or SUCCESSFUL" type="BLOCKED"/>
		<system-out>11:41:34 INFO  ==============================================================
11:41:34 INFO  Id:    SoftwareManagement.sm_apt_install_remove_with_version
11:41:34 INFO  Dir:   software_management_end_to_end/
11:41:34 INFO  Title: Validate end to end behaviour for the apt plugin for packages with version
11:41:34 INFO  ==============================================================
11:41:34 INFO  Using sw id database: {'asciijump': '5475369', 'robotfindskitten': '5474869', 'squirrel3': '5475279', 'rolldice': '5152439', 'moon-buggy': '5439204', 'apple': '5495053', 'banana': '5494888', 'cherry': '5495382', 'watermelon': '5494510', 'registry': '8018911', 'hello-world': '8021526', 'docker/getting-started': '8021973', 'alpine': '7991792'}
11:41:34 INFO  EnvironmentC8y Setup
11:41:34 INFO  Executed systemctl&lt;serv_mapper1&gt;, exit status 3
11:41:34 INFO  Restarting mosquitto too frequently in the last 10 seconds. It was only up for 4 seconds
11:41:34 INFO  Delaying execution by 7 seconds
11:41:55 INFO  Executed sudo&lt;tedge_connect_c8y&gt;, exit status 0, duration 13 secs
11:41:56 INFO  Executed sudo&lt;tedge_connect_c8y_test&gt;, exit status 0
11:41:56 INFO  Executed systemctl&lt;serv_mosq2&gt;, exit status 0
11:41:57 INFO  Executed systemctl&lt;serv_mapper3&gt;, exit status 0
11:41:59 INFO  State of current operation: PENDING
11:42:01 INFO  State of current operation: PENDING
11:42:04 INFO  State of current operation: PENDING
11:42:06 INFO  State of current operation: PENDING
11:42:08 INFO  State of current operation: PENDING
11:42:10 INFO  State of current operation: PENDING
11:42:13 INFO  State of current operation: PENDING
11:42:15 INFO  State of current operation: PENDING
11:42:17 INFO  State of current operation: PENDING
11:42:19 INFO  State of current operation: PENDING
11:42:22 INFO  State of current operation: PENDING
11:42:24 INFO  State of current operation: PENDING
11:42:26 INFO  State of current operation: PENDING
11:42:28 INFO  State of current operation: PENDING
11:42:31 INFO  State of current operation: PENDING
11:42:33 INFO  State of current operation: PENDING
11:42:35 INFO  State of current operation: PENDING
11:42:38 INFO  State of current operation: PENDING
11:42:40 INFO  State of current operation: PENDING
11:42:42 INFO  State of current operation: PENDING
11:42:44 INFO  State of current operation: PENDING
11:42:47 INFO  State of current operation: PENDING
11:42:49 INFO  State of current operation: PENDING
11:42:51 INFO  State of current operation: PENDING
11:42:53 INFO  State of current operation: PENDING
11:42:55 INFO  State of current operation: PENDING
11:42:58 INFO  State of current operation: PENDING
11:43:00 INFO  State of current operation: PENDING
11:43:02 INFO  State of current operation: PENDING
11:43:05 INFO  State of current operation: PENDING
11:43:07 INFO  State of current operation: PENDING
11:43:09 INFO  State of current operation: PENDING
11:43:11 INFO  State of current operation: PENDING
11:43:13 INFO  State of current operation: PENDING
11:43:16 INFO  State of current operation: PENDING
11:43:18 INFO  State of current operation: PENDING
11:43:20 INFO  State of current operation: PENDING
11:43:22 INFO  State of current operation: PENDING
11:43:25 INFO  State of current operation: PENDING
11:43:27 INFO  State of current operation: PENDING
11:43:29 INFO  State of current operation: PENDING
11:43:32 INFO  State of current operation: PENDING
11:43:34 INFO  State of current operation: PENDING
11:43:36 INFO  State of current operation: PENDING
11:43:38 INFO  State of current operation: PENDING
11:43:41 INFO  State of current operation: PENDING
11:43:43 INFO  State of current operation: PENDING
11:43:45 INFO  State of current operation: PENDING
11:43:47 INFO  State of current operation: PENDING
11:43:50 INFO  State of current operation: PENDING
11:43:52 INFO  State of current operation: PENDING
11:43:54 INFO  State of current operation: PENDING
11:43:56 INFO  State of current operation: PENDING
11:43:58 INFO  State of current operation: PENDING
11:44:01 INFO  State of current operation: PENDING
11:44:03 INFO  State of current operation: PENDING
11:44:05 INFO  State of current operation: PENDING
11:44:07 INFO  State of current operation: PENDING
11:44:10 INFO  State of current operation: PENDING
11:44:12 INFO  State of current operation: PENDING
11:44:14 INFO  State of current operation: PENDING
11:44:16 WARN  SystemError occurred while running test - Timeout while waiting for status FAILED or SUCCESSFUL
Traceback (most recent call last):
  File &quot;/home/pi/env-pysys/lib/python3.7/site-packages/pysys/baserunner.py&quot;, line 1292, in __call__
    self.testObj.setup()
  File &quot;/home/pi/actions-runner/_work/thin-edge.io/thin-edge.io/tests/PySys/software_management_end_to_end/sm_apt_install_remove_with_version/run.py&quot;, line 27, in setup
    super().setup()
  File &quot;/home/pi/actions-runner/_work/thin-edge.io/thin-edge.io/tests/PySys/software_management_end_to_end/environment_sm_management.py&quot;, line 151, in setup
    self.wait_until_end()
  File &quot;/home/pi/actions-runner/_work/thin-edge.io/thin-edge.io/tests/PySys/software_management_end_to_end/environment_sm_management.py&quot;, line 332, in wait_until_end
    self.wait_until_status(&quot;FAILED&quot;, &quot;SUCCESSFUL&quot;)
  File &quot;/home/pi/actions-runner/_work/thin-edge.io/thin-edge.io/tests/PySys/software_management_end_to_end/environment_sm_management.py&quot;, line 381, in wait_until_status
    &quot;Timeout while waiting for status %s or %s&quot; % (status, status2)
SystemError: Timeout while waiting for status FAILED or SUCCESSFUL
11:44:16 WARN  SystemError: Timeout while waiting for status FAILED or SUCCESSFUL ... blocked 
11:44:16 INFO  
11:44:16 INFO  cleanup:
11:44:20 INFO  Executed sudo&lt;tedge_disconnect_c8y&gt;, exit status 0
11:44:21 INFO  Executed systemctl&lt;serv_mapper5&gt;, exit status 3
11:44:21 INFO  
11:44:21 INFO  Test duration: 167.30 secs
11:44:21 INFO  Test final outcome:  BLOCKED
11:44:21 INFO  Test outcome reason: SystemError: Timeout while waiting for status FAILED or SUCCESSFUL
11:44:21 INFO  
</system-out>
	</testcase>
</testsuite>
