<?xml version="1.0" encoding="utf-8"?>
<testsuite failures="0" name="apt_prepare" skipped="0" tests="1" time="18.05" timestamp="2022-05-20T13:43:35">
	<testcase classname="AptPluginPrepare" name="apt_prepare"/>
</testsuite>
