<?xml version="1.0" encoding="utf-8"?>
<testsuite failures="0" name="apt_install" skipped="0" tests="1" time="65.03" timestamp="2022-06-29T12:15:02">
	<testcase classname="AptPluginInstallDense" name="apt_install"/>
</testsuite>
