<?xml version="1.0" encoding="utf-8"?>
<testsuite failures="1" name="SoftwareManagement.sm_apt_install_remove_multiple" skipped="0" tests="1" time="181.87" timestamp="2022-06-20T17:22:25">
	<testcase classname="PySysTest" name="SoftwareManagement.sm_apt_install_remove_multiple">
		<failure message="FAILED: Assert that (False == value) with value=True" type="FAILED"/>
		<system-out>17:19:23 INFO  ==============================================================
17:19:23 INFO  Id:    SoftwareManagement.sm_apt_install_remove_multiple
17:19:23 INFO  Dir:   software_management_end_to_end/
17:19:23 INFO  Title: Validate end to end behaviour for the apt plugin for multiple packages
17:19:23 INFO  ==============================================================
17:19:23 INFO  Using sw id database: {'asciijump': '5475369', 'robotfindskitten': '5474869', 'squirrel3': '5475279', 'rolldice': '5152439', 'moon-buggy': '5439204', 'apple': '5495053', 'banana': '5494888', 'cherry': '5495382', 'watermelon': '5494510', 'registry': '8018911', 'hello-world': '8021526', 'docker/getting-started': '8021973', 'alpine': '7991792'}
17:19:23 INFO  EnvironmentC8y Setup
17:19:23 INFO  Executed systemctl&lt;serv_mapper1&gt;, exit status 3
17:19:23 INFO  Restarting mosquitto too frequently in the last 10 seconds. It was only up for 5 seconds
17:19:23 INFO  Delaying execution by 6 seconds
17:19:43 INFO  Executed sudo&lt;tedge_connect_c8y&gt;, exit status 0, duration 14 secs
17:19:44 INFO  Executed sudo&lt;tedge_connect_c8y_test&gt;, exit status 0
17:19:45 INFO  Executed systemctl&lt;serv_mosq2&gt;, exit status 0
17:19:45 INFO  Executed systemctl&lt;serv_mapper3&gt;, exit status 0
17:19:47 INFO  State of current operation: SUCCESSFUL
17:19:48 INFO  Assert that (False == value) with value=False ... passed
17:19:48 INFO  Assert that (False == value) with value=False ... passed
17:19:48 INFO  Assert that (False == value) with value=False ... passed
17:19:48 INFO  Package robotfindskitten is installed
17:19:48 WARN  Assert that (False == value) with value=True ... failed 
17:19:48 INFO  Response status: 201
17:19:48 INFO  Response to action: {
    &quot;creationTime&quot;: &quot;2022-06-20T17:19:48.879Z&quot;,
    &quot;deviceName&quot;: &quot;m32sd10a&quot;,
    &quot;deviceId&quot;: &quot;20354757&quot;,
    &quot;self&quot;: &quot;https://t493319102.eu-latest.cumulocity.com/devicecontrol/operations/20362704&quot;,
    &quot;id&quot;: &quot;20362704&quot;,
    &quot;status&quot;: &quot;PENDING&quot;,
    &quot;description&quot;: &quot;Apply software changes, triggered from PySys: [{'action': 'install', 'id': '5475369', 'name': 'asciijump', 'url': ' ', 'version': '::apt'}, {'action': 'install', 'id': '5474869', 'name': 'robotfindskitten', 'url': ' ', 'version': '::apt'}, {'action': 'install', 'id': '5475279', 'name': 'squirrel3', 'url': ' ', 'version': '::apt'}]&quot;,
    &quot;c8y_SoftwareUpdate&quot;: [
        {
            &quot;name&quot;: &quot;asciijump&quot;,
            &quot;action&quot;: &quot;install&quot;,
            &quot;id&quot;: &quot;5475369&quot;,
            &quot;version&quot;: &quot;::apt&quot;,
            &quot;url&quot;: &quot; &quot;
        },
        {
            &quot;name&quot;: &quot;robotfindskitten&quot;,
            &quot;action&quot;: &quot;install&quot;,
            &quot;id&quot;: &quot;5474869&quot;,
            &quot;version&quot;: &quot;::apt&quot;,
            &quot;url&quot;: &quot; &quot;
        },
        {
            &quot;name&quot;: &quot;squirrel3&quot;,
            &quot;action&quot;: &quot;install&quot;,
            &quot;id&quot;: &quot;5475279&quot;,
            &quot;version&quot;: &quot;::apt&quot;,
            &quot;url&quot;: &quot; &quot;
        }
    ]
}
17:19:48 INFO  Started operation: {'creationTime': '2022-06-20T17:19:48.879Z', 'deviceName': 'm32sd10a', 'deviceId': '20354757', 'self': 'https://t493319102.eu-latest.cumulocity.com/devicecontrol/operations/20362704', 'id': '20362704', 'status': 'PENDING', 'description': &quot;Apply software changes, triggered from PySys: [{'action': 'install', 'id': '5475369', 'name': 'asciijump', 'url': ' ', 'version': '::apt'}, {'action': 'install', 'id': '5474869', 'name': 'robotfindskitten', 'url': ' ', 'version': '::apt'}, {'action': 'install', 'id': '5475279', 'name': 'squirrel3', 'url': ' ', 'version': '::apt'}]&quot;, 'c8y_SoftwareUpdate': [{'name': 'asciijump', 'action': 'install', 'id': '5475369', 'version': '::apt', 'url': ' '}, {'name': 'robotfindskitten', 'action': 'install', 'id': '5474869', 'version': '::apt', 'url': ' '}, {'name': 'squirrel3', 'action': 'install', 'id': '5475279', 'version': '::apt', 'url': ' '}]}
17:19:51 INFO  State of operation 20362704 : PENDING
17:19:53 INFO  State of operation 20362704 : EXECUTING
17:19:55 INFO  State of operation 20362704 : EXECUTING
17:19:57 INFO  State of operation 20362704 : EXECUTING
17:20:00 INFO  State of operation 20362704 : EXECUTING
17:20:02 INFO  State of operation 20362704 : EXECUTING
17:20:04 INFO  State of operation 20362704 : EXECUTING
17:20:07 INFO  State of operation 20362704 : EXECUTING
17:20:10 INFO  State of operation 20362704 : EXECUTING
17:20:12 INFO  State of operation 20362704 : EXECUTING
17:20:14 INFO  State of operation 20362704 : EXECUTING
17:20:16 INFO  State of operation 20362704 : EXECUTING
17:20:19 INFO  State of operation 20362704 : EXECUTING
17:20:21 INFO  State of operation 20362704 : EXECUTING
17:20:23 INFO  State of operation 20362704 : EXECUTING
17:20:25 INFO  State of operation 20362704 : EXECUTING
17:20:28 INFO  State of operation 20362704 : EXECUTING
17:20:31 INFO  State of operation 20362704 : EXECUTING
17:20:33 INFO  State of operation 20362704 : EXECUTING
17:20:35 INFO  State of operation 20362704 : EXECUTING
17:20:37 INFO  State of operation 20362704 : EXECUTING
17:20:40 INFO  State of operation 20362704 : EXECUTING
17:20:42 INFO  State of operation 20362704 : EXECUTING
17:20:44 INFO  State of operation 20362704 : EXECUTING
17:20:47 INFO  State of operation 20362704 : EXECUTING
17:20:49 INFO  State of operation 20362704 : EXECUTING
17:20:52 INFO  State of operation 20362704 : EXECUTING
17:20:54 INFO  State of operation 20362704 : EXECUTING
17:20:56 INFO  State of operation 20362704 : EXECUTING
17:20:59 INFO  State of operation 20362704 : EXECUTING
17:21:01 INFO  State of operation 20362704 : EXECUTING
17:21:03 INFO  State of operation 20362704 : EXECUTING
17:21:05 INFO  State of operation 20362704 : EXECUTING
17:21:08 INFO  State of operation 20362704 : EXECUTING
17:21:10 INFO  State of operation 20362704 : SUCCESSFUL
17:21:10 INFO  Assert that (False == value) with value=False ... passed
17:21:11 INFO  Package asciijump is installed
17:21:11 INFO  Assert that (True == value) with value=True ... passed
17:21:11 INFO  Package squirrel3 is installed
17:21:11 INFO  Assert that (True == value) with value=True ... passed
17:21:11 INFO  Package robotfindskitten is installed
17:21:11 INFO  Assert that (True == value) with value=True ... passed
17:21:11 INFO  Response status: 201
17:21:11 INFO  Response to action: {
    &quot;creationTime&quot;: &quot;2022-06-20T17:21:11.789Z&quot;,
    &quot;deviceName&quot;: &quot;m32sd10a&quot;,
    &quot;deviceId&quot;: &quot;20354757&quot;,
    &quot;self&quot;: &quot;https://t493319102.eu-latest.cumulocity.com/devicecontrol/operations/20362716&quot;,
    &quot;id&quot;: &quot;20362716&quot;,
    &quot;status&quot;: &quot;PENDING&quot;,
    &quot;description&quot;: &quot;Apply software changes, triggered from PySys: [{'action': 'delete', 'id': '5475369', 'name': 'asciijump', 'url': ' ', 'version': '::apt'}, {'action': 'delete', 'id': '5474869', 'name': 'robotfindskitten', 'url': ' ', 'version': '::apt'}, {'action': 'delete', 'id': '5475279', 'name': 'squirrel3', 'url': ' ', 'version': '::apt'}]&quot;,
    &quot;c8y_SoftwareUpdate&quot;: [
        {
            &quot;name&quot;: &quot;asciijump&quot;,
            &quot;action&quot;: &quot;delete&quot;,
            &quot;id&quot;: &quot;5475369&quot;,
            &quot;version&quot;: &quot;::apt&quot;,
            &quot;url&quot;: &quot; &quot;
        },
        {
            &quot;name&quot;: &quot;robotfindskitten&quot;,
            &quot;action&quot;: &quot;delete&quot;,
            &quot;id&quot;: &quot;5474869&quot;,
            &quot;version&quot;: &quot;::apt&quot;,
            &quot;url&quot;: &quot; &quot;
        },
        {
            &quot;name&quot;: &quot;squirrel3&quot;,
            &quot;action&quot;: &quot;delete&quot;,
            &quot;id&quot;: &quot;5475279&quot;,
            &quot;version&quot;: &quot;::apt&quot;,
            &quot;url&quot;: &quot; &quot;
        }
    ]
}
17:21:11 INFO  Started operation: {'creationTime': '2022-06-20T17:21:11.789Z', 'deviceName': 'm32sd10a', 'deviceId': '20354757', 'self': 'https://t493319102.eu-latest.cumulocity.com/devicecontrol/operations/20362716', 'id': '20362716', 'status': 'PENDING', 'description': &quot;Apply software changes, triggered from PySys: [{'action': 'delete', 'id': '5475369', 'name': 'asciijump', 'url': ' ', 'version': '::apt'}, {'action': 'delete', 'id': '5474869', 'name': 'robotfindskitten', 'url': ' ', 'version': '::apt'}, {'action': 'delete', 'id': '5475279', 'name': 'squirrel3', 'url': ' ', 'version': '::apt'}]&quot;, 'c8y_SoftwareUpdate': [{'name': 'asciijump', 'action': 'delete', 'id': '5475369', 'version': '::apt', 'url': ' '}, {'name': 'robotfindskitten', 'action': 'delete', 'id': '5474869', 'version': '::apt', 'url': ' '}, {'name': 'squirrel3', 'action': 'delete', 'id': '5475279', 'version': '::apt', 'url': ' '}]}
17:21:14 INFO  State of operation 20362716 : PENDING
17:21:16 INFO  State of operation 20362716 : EXECUTING
17:21:18 INFO  State of operation 20362716 : EXECUTING
17:21:20 INFO  State of operation 20362716 : EXECUTING
17:21:23 INFO  State of operation 20362716 : EXECUTING
17:21:25 INFO  State of operation 20362716 : EXECUTING
17:21:27 INFO  State of operation 20362716 : EXECUTING
17:21:30 INFO  State of operation 20362716 : EXECUTING
17:21:32 INFO  State of operation 20362716 : EXECUTING
17:21:35 INFO  State of operation 20362716 : EXECUTING
17:21:37 INFO  State of operation 20362716 : EXECUTING
17:21:39 INFO  State of operation 20362716 : EXECUTING
17:21:41 INFO  State of operation 20362716 : EXECUTING
17:21:44 INFO  State of operation 20362716 : EXECUTING
17:21:46 INFO  State of operation 20362716 : EXECUTING
17:21:48 INFO  State of operation 20362716 : EXECUTING
17:21:51 INFO  State of operation 20362716 : EXECUTING
17:21:53 INFO  State of operation 20362716 : EXECUTING
17:21:56 INFO  State of operation 20362716 : EXECUTING
17:21:58 INFO  State of operation 20362716 : EXECUTING
17:22:00 INFO  State of operation 20362716 : EXECUTING
17:22:03 INFO  State of operation 20362716 : EXECUTING
17:22:05 INFO  State of operation 20362716 : EXECUTING
17:22:07 INFO  State of operation 20362716 : EXECUTING
17:22:10 INFO  State of operation 20362716 : EXECUTING
17:22:12 INFO  State of operation 20362716 : EXECUTING
17:22:14 INFO  State of operation 20362716 : EXECUTING
17:22:17 INFO  State of operation 20362716 : EXECUTING
17:22:19 INFO  State of operation 20362716 : SUCCESSFUL
17:22:19 INFO  Assert that (False == value) with value=False ... passed
17:22:19 INFO  Assert that (False == value) with value=False ... passed
17:22:20 INFO  Assert that (False == value) with value=False ... passed
17:22:20 INFO  Assert that (False == value) with value=False ... passed
17:22:20 INFO  
17:22:20 INFO  cleanup:
17:22:24 INFO  Executed sudo&lt;tedge_disconnect_c8y&gt;, exit status 0
17:22:25 INFO  Executed systemctl&lt;serv_mapper5&gt;, exit status 3
17:22:25 INFO  
17:22:25 INFO  Test duration: 181.87 secs
17:22:25 INFO  Test final outcome:  FAILED
17:22:25 INFO  Test outcome reason: Assert that (False == value) with value=True
17:22:25 INFO  
</system-out>
	</testcase>
</testsuite>
