<?xml version="1.0" encoding="utf-8"?>
<testsuite failures="1" name="SoftwareManagement.sm_apt_install_remove_multiple_mixed" skipped="0" tests="1" time="268.63" timestamp="2022-07-25T15:51:05">
	<testcase classname="PySysTest" name="SoftwareManagement.sm_apt_install_remove_multiple_mixed">
		<failure message="FAILED: Assert that (False == value) with value=True (+2 other failures)" type="FAILED"/>
		<system-out>15:46:37 INFO  ==============================================================
15:46:37 INFO  Id:    SoftwareManagement.sm_apt_install_remove_multiple_mixed
15:46:37 INFO  Dir:   software_management_end_to_end/
15:46:37 INFO  Title: Validate end to end behaviour for the apt plugin for multiple packages with mixed versions
15:46:37 INFO  ==============================================================
15:46:37 INFO  Using sw id database: {'asciijump': '5475369', 'robotfindskitten': '5474869', 'squirrel3': '5475279', 'rolldice': '5152439', 'moon-buggy': '5439204', 'apple': '5495053', 'banana': '5494888', 'cherry': '5495382', 'watermelon': '5494510', 'registry': '8018911', 'hello-world': '8021526', 'docker/getting-started': '8021973', 'alpine': '7991792'}
15:46:37 INFO  EnvironmentC8y Setup
15:46:37 INFO  Executed systemctl&lt;serv_mapper1&gt;, exit status 3
15:46:37 INFO  Restarting mosquitto too frequently in the last 10 seconds. It was only up for 5 seconds
15:46:37 INFO  Delaying execution by 6 seconds
15:46:57 INFO  Executed sudo&lt;tedge_connect_c8y&gt;, exit status 0, duration 13 secs
15:46:58 INFO  Executed sudo&lt;tedge_connect_c8y_test&gt;, exit status 0
15:46:59 INFO  Executed systemctl&lt;serv_mosq2&gt;, exit status 0
15:46:59 INFO  Executed systemctl&lt;serv_mapper3&gt;, exit status 0
15:47:01 INFO  State of current operation: SUCCESSFUL
15:47:02 INFO  Package asciijump is installed
15:47:02 WARN  Assert that (False == value) with value=True ... failed 
15:47:02 INFO  Package robotfindskitten is installed
15:47:02 WARN  Assert that (False == value) with value=True ... failed 
15:47:02 INFO  Assert that (False == value) with value=False ... passed
15:47:02 INFO  Package squirrel3 is installed
15:47:02 WARN  Assert that (False == value) with value=True ... failed 
15:47:03 INFO  Assert that (False == value) with value=False ... passed
15:47:04 INFO  Response status: 201
15:47:04 INFO  Response to action: {
    &quot;delivery&quot;: {
        &quot;log&quot;: [],
        &quot;time&quot;: &quot;2022-07-25T15:47:04.368Z&quot;,
        &quot;status&quot;: &quot;PENDING&quot;
    },
    &quot;creationTime&quot;: &quot;2022-07-25T15:47:04.351Z&quot;,
    &quot;deviceId&quot;: &quot;21391561&quot;,
    &quot;deviceName&quot;: &quot;m32sd10a&quot;,
    &quot;self&quot;: &quot;https://t493319102.eu-latest.cumulocity.com/devicecontrol/operations/21415155&quot;,
    &quot;id&quot;: &quot;21415155&quot;,
    &quot;status&quot;: &quot;PENDING&quot;,
    &quot;description&quot;: &quot;Apply software changes, triggered from PySys: [{'action': 'install', 'id': '5475369', 'name': 'asciijump', 'url': ' ', 'version': '::apt'}, {'action': 'install', 'id': '5474869', 'name': 'robotfindskitten', 'url': ' ', 'version': ' '}, {'action': 'install', 'id': '5475279', 'name': 'squirrel3', 'url': ' ', 'version': '3.1-7::apt'}, {'action': 'install', 'id': '5152439', 'name': 'rolldice', 'url': ' ', 'version': '1.16-1+b1'}, {'action': 'install', 'id': '5439204', 'name': 'moon-buggy', 'url': ' ', 'version': '1:1.0.51-12'}, {'action': 'install', 'id': '5475369', 'name': 'asciijump', 'url': ' ', 'version': '::apt'}]&quot;,
    &quot;c8y_SoftwareUpdate&quot;: [
        {
            &quot;name&quot;: &quot;asciijump&quot;,
            &quot;action&quot;: &quot;install&quot;,
            &quot;id&quot;: &quot;5475369&quot;,
            &quot;version&quot;: &quot;::apt&quot;,
            &quot;url&quot;: &quot; &quot;
        },
        {
            &quot;name&quot;: &quot;robotfindskitten&quot;,
            &quot;action&quot;: &quot;install&quot;,
            &quot;id&quot;: &quot;5474869&quot;,
            &quot;version&quot;: &quot; &quot;,
            &quot;url&quot;: &quot; &quot;
        },
        {
            &quot;name&quot;: &quot;squirrel3&quot;,
            &quot;action&quot;: &quot;install&quot;,
            &quot;id&quot;: &quot;5475279&quot;,
            &quot;version&quot;: &quot;3.1-7::apt&quot;,
            &quot;url&quot;: &quot; &quot;
        },
        {
            &quot;name&quot;: &quot;rolldice&quot;,
            &quot;action&quot;: &quot;install&quot;,
            &quot;id&quot;: &quot;5152439&quot;,
            &quot;version&quot;: &quot;1.16-1+b1&quot;,
            &quot;url&quot;: &quot; &quot;
        },
        {
            &quot;name&quot;: &quot;moon-buggy&quot;,
            &quot;action&quot;: &quot;install&quot;,
            &quot;id&quot;: &quot;5439204&quot;,
            &quot;version&quot;: &quot;1:1.0.51-12&quot;,
            &quot;url&quot;: &quot; &quot;
        },
        {
            &quot;name&quot;: &quot;asciijump&quot;,
            &quot;action&quot;: &quot;install&quot;,
            &quot;id&quot;: &quot;5475369&quot;,
            &quot;version&quot;: &quot;::apt&quot;,
            &quot;url&quot;: &quot; &quot;
        }
    ]
}
15:47:04 INFO  Started operation: {'delivery': {'log': [], 'time': '2022-07-25T15:47:04.368Z', 'status': 'PENDING'}, 'creationTime': '2022-07-25T15:47:04.351Z', 'deviceId': '21391561', 'deviceName': 'm32sd10a', 'self': 'https://t493319102.eu-latest.cumulocity.com/devicecontrol/operations/21415155', 'id': '21415155', 'status': 'PENDING', 'description': &quot;Apply software changes, triggered from PySys: [{'action': 'install', 'id': '5475369', 'name': 'asciijump', 'url': ' ', 'version': '::apt'}, {'action': 'install', 'id': '5474869', 'name': 'robotfindskitten', 'url': ' ', 'version': ' '}, {'action': 'install', 'id': '5475279', 'name': 'squirrel3', 'url': ' ', 'version': '3.1-7::apt'}, {'action': 'install', 'id': '5152439', 'name': 'rolldice', 'url': ' ', 'version': '1.16-1+b1'}, {'action': 'install', 'id': '5439204', 'name': 'moon-buggy', 'url': ' ', 'version': '1:1.0.51-12'}, {'action': 'install', 'id': '5475369', 'name': 'asciijump', 'url': ' ', 'version': '::apt'}]&quot;, 'c8y_SoftwareUpdate': [{'name': 'asciijump', 'action': 'install', 'id': '5475369', 'version': '::apt', 'url': ' '}, {'name': 'robotfindskitten', 'action': 'install', 'id': '5474869', 'version': ' ', 'url': ' '}, {'name': 'squirrel3', 'action': 'install', 'id': '5475279', 'version': '3.1-7::apt', 'url': ' '}, {'name': 'rolldice', 'action': 'install', 'id': '5152439', 'version': '1.16-1+b1', 'url': ' '}, {'name': 'moon-buggy', 'action': 'install', 'id': '5439204', 'version': '1:1.0.51-12', 'url': ' '}, {'name': 'asciijump', 'action': 'install', 'id': '5475369', 'version': '::apt', 'url': ' '}]}
15:47:06 INFO  State of operation 21415155 : PENDING
15:47:08 INFO  State of operation 21415155 : EXECUTING
15:47:11 INFO  State of operation 21415155 : EXECUTING
15:47:13 INFO  State of operation 21415155 : EXECUTING
15:47:15 INFO  State of operation 21415155 : EXECUTING
15:47:17 INFO  State of operation 21415155 : EXECUTING
15:47:20 INFO  State of operation 21415155 : EXECUTING
15:47:23 INFO  State of operation 21415155 : EXECUTING
15:47:25 INFO  State of operation 21415155 : EXECUTING
15:47:28 INFO  State of operation 21415155 : EXECUTING
15:47:30 INFO  State of operation 21415155 : EXECUTING
15:47:32 INFO  State of operation 21415155 : EXECUTING
15:47:34 INFO  State of operation 21415155 : EXECUTING
15:47:36 INFO  State of operation 21415155 : EXECUTING
15:47:39 INFO  State of operation 21415155 : EXECUTING
15:47:41 INFO  State of operation 21415155 : EXECUTING
15:47:43 INFO  State of operation 21415155 : EXECUTING
15:47:45 INFO  State of operation 21415155 : EXECUTING
15:47:48 INFO  State of operation 21415155 : EXECUTING
15:47:50 INFO  State of operation 21415155 : EXECUTING
15:47:53 INFO  State of operation 21415155 : EXECUTING
15:47:56 INFO  State of operation 21415155 : EXECUTING
15:47:58 INFO  State of operation 21415155 : EXECUTING
15:48:00 INFO  State of operation 21415155 : EXECUTING
15:48:03 INFO  State of operation 21415155 : EXECUTING
15:48:05 INFO  State of operation 21415155 : EXECUTING
15:48:07 INFO  State of operation 21415155 : EXECUTING
15:48:09 INFO  State of operation 21415155 : EXECUTING
15:48:12 INFO  State of operation 21415155 : EXECUTING
15:48:15 INFO  State of operation 21415155 : EXECUTING
15:48:18 INFO  State of operation 21415155 : EXECUTING
15:48:20 INFO  State of operation 21415155 : EXECUTING
15:48:23 INFO  State of operation 21415155 : EXECUTING
15:48:25 INFO  State of operation 21415155 : EXECUTING
15:48:27 INFO  State of operation 21415155 : EXECUTING
15:48:29 INFO  State of operation 21415155 : EXECUTING
15:48:32 INFO  State of operation 21415155 : EXECUTING
15:48:34 INFO  State of operation 21415155 : EXECUTING
15:48:37 INFO  State of operation 21415155 : EXECUTING
15:48:39 INFO  State of operation 21415155 : EXECUTING
15:48:41 INFO  State of operation 21415155 : EXECUTING
15:48:43 INFO  State of operation 21415155 : EXECUTING
15:48:46 INFO  State of operation 21415155 : EXECUTING
15:48:48 INFO  State of operation 21415155 : EXECUTING
15:48:50 INFO  State of operation 21415155 : EXECUTING
15:48:52 INFO  State of operation 21415155 : SUCCESSFUL
15:48:53 INFO  Package asciijump is installed
15:48:53 INFO  Assert that (True == value) with value=True ... passed
15:48:53 INFO  Package robotfindskitten is installed
15:48:53 INFO  Assert that (True == value) with value=True ... passed
15:48:53 INFO  Package rolldice is installed
15:48:53 INFO  Assert that (True == value) with value=True ... passed
15:48:53 INFO  Package squirrel3 is installed
15:48:53 INFO  Assert that (True == value) with value=True ... passed
15:48:54 INFO  Package moon-buggy is installed
15:48:54 INFO  Assert that (True == value) with value=True ... passed
15:48:55 INFO  Response status: 201
15:48:55 INFO  Response to action: {
    &quot;delivery&quot;: {
        &quot;log&quot;: [],
        &quot;time&quot;: &quot;2022-07-25T15:48:55.258Z&quot;,
        &quot;status&quot;: &quot;PENDING&quot;
    },
    &quot;creationTime&quot;: &quot;2022-07-25T15:48:55.241Z&quot;,
    &quot;deviceId&quot;: &quot;21391561&quot;,
    &quot;deviceName&quot;: &quot;m32sd10a&quot;,
    &quot;self&quot;: &quot;https://t493319102.eu-latest.cumulocity.com/devicecontrol/operations/21415167&quot;,
    &quot;id&quot;: &quot;21415167&quot;,
    &quot;status&quot;: &quot;PENDING&quot;,
    &quot;description&quot;: &quot;Apply software changes, triggered from PySys: [{'action': 'delete', 'id': '5475369', 'name': 'asciijump', 'url': ' ', 'version': '::apt'}, {'action': 'delete', 'id': '5474869', 'name': 'robotfindskitten', 'url': ' ', 'version': ' '}, {'action': 'delete', 'id': '5475279', 'name': 'squirrel3', 'url': ' ', 'version': '3.1-7::apt'}, {'action': 'delete', 'id': '5152439', 'name': 'rolldice', 'url': ' ', 'version': '1.16-1+b1'}, {'action': 'delete', 'id': '5439204', 'name': 'moon-buggy', 'url': ' ', 'version': '1:1.0.51-12'}, {'action': 'delete', 'id': '5475369', 'name': 'asciijump', 'url': ' ', 'version': '::apt'}]&quot;,
    &quot;c8y_SoftwareUpdate&quot;: [
        {
            &quot;name&quot;: &quot;asciijump&quot;,
            &quot;action&quot;: &quot;delete&quot;,
            &quot;id&quot;: &quot;5475369&quot;,
            &quot;version&quot;: &quot;::apt&quot;,
            &quot;url&quot;: &quot; &quot;
        },
        {
            &quot;name&quot;: &quot;robotfindskitten&quot;,
            &quot;action&quot;: &quot;delete&quot;,
            &quot;id&quot;: &quot;5474869&quot;,
            &quot;version&quot;: &quot; &quot;,
            &quot;url&quot;: &quot; &quot;
        },
        {
            &quot;name&quot;: &quot;squirrel3&quot;,
            &quot;action&quot;: &quot;delete&quot;,
            &quot;id&quot;: &quot;5475279&quot;,
            &quot;version&quot;: &quot;3.1-7::apt&quot;,
            &quot;url&quot;: &quot; &quot;
        },
        {
            &quot;name&quot;: &quot;rolldice&quot;,
            &quot;action&quot;: &quot;delete&quot;,
            &quot;id&quot;: &quot;5152439&quot;,
            &quot;version&quot;: &quot;1.16-1+b1&quot;,
            &quot;url&quot;: &quot; &quot;
        },
        {
            &quot;name&quot;: &quot;moon-buggy&quot;,
            &quot;action&quot;: &quot;delete&quot;,
            &quot;id&quot;: &quot;5439204&quot;,
            &quot;version&quot;: &quot;1:1.0.51-12&quot;,
            &quot;url&quot;: &quot; &quot;
        },
        {
            &quot;name&quot;: &quot;asciijump&quot;,
            &quot;action&quot;: &quot;delete&quot;,
            &quot;id&quot;: &quot;5475369&quot;,
            &quot;version&quot;: &quot;::apt&quot;,
            &quot;url&quot;: &quot; &quot;
        }
    ]
}
15:48:55 INFO  Started operation: {'delivery': {'log': [], 'time': '2022-07-25T15:48:55.258Z', 'status': 'PENDING'}, 'creationTime': '2022-07-25T15:48:55.241Z', 'deviceId': '21391561', 'deviceName': 'm32sd10a', 'self': 'https://t493319102.eu-latest.cumulocity.com/devicecontrol/operations/21415167', 'id': '21415167', 'status': 'PENDING', 'description': &quot;Apply software changes, triggered from PySys: [{'action': 'delete', 'id': '5475369', 'name': 'asciijump', 'url': ' ', 'version': '::apt'}, {'action': 'delete', 'id': '5474869', 'name': 'robotfindskitten', 'url': ' ', 'version': ' '}, {'action': 'delete', 'id': '5475279', 'name': 'squirrel3', 'url': ' ', 'version': '3.1-7::apt'}, {'action': 'delete', 'id': '5152439', 'name': 'rolldice', 'url': ' ', 'version': '1.16-1+b1'}, {'action': 'delete', 'id': '5439204', 'name': 'moon-buggy', 'url': ' ', 'version': '1:1.0.51-12'}, {'action': 'delete', 'id': '5475369', 'name': 'asciijump', 'url': ' ', 'version': '::apt'}]&quot;, 'c8y_SoftwareUpdate': [{'name': 'asciijump', 'action': 'delete', 'id': '5475369', 'version': '::apt', 'url': ' '}, {'name': 'robotfindskitten', 'action': 'delete', 'id': '5474869', 'version': ' ', 'url': ' '}, {'name': 'squirrel3', 'action': 'delete', 'id': '5475279', 'version': '3.1-7::apt', 'url': ' '}, {'name': 'rolldice', 'action': 'delete', 'id': '5152439', 'version': '1.16-1+b1', 'url': ' '}, {'name': 'moon-buggy', 'action': 'delete', 'id': '5439204', 'version': '1:1.0.51-12', 'url': ' '}, {'name': 'asciijump', 'action': 'delete', 'id': '5475369', 'version': '::apt', 'url': ' '}]}
15:48:57 INFO  State of operation 21415167 : PENDING
15:48:59 INFO  State of operation 21415167 : EXECUTING
15:49:01 INFO  State of operation 21415167 : EXECUTING
15:49:04 INFO  State of operation 21415167 : EXECUTING
15:49:06 INFO  State of operation 21415167 : EXECUTING
15:49:08 INFO  State of operation 21415167 : EXECUTING
15:49:11 INFO  State of operation 21415167 : EXECUTING
15:49:14 INFO  State of operation 21415167 : EXECUTING
15:49:16 INFO  State of operation 21415167 : EXECUTING
15:49:19 INFO  State of operation 21415167 : EXECUTING
15:49:21 INFO  State of operation 21415167 : EXECUTING
15:49:23 INFO  State of operation 21415167 : EXECUTING
15:49:25 INFO  State of operation 21415167 : EXECUTING
15:49:28 INFO  State of operation 21415167 : EXECUTING
15:49:30 INFO  State of operation 21415167 : EXECUTING
15:49:32 INFO  State of operation 21415167 : EXECUTING
15:49:35 INFO  State of operation 21415167 : EXECUTING
15:49:37 INFO  State of operation 21415167 : EXECUTING
15:49:40 INFO  State of operation 21415167 : EXECUTING
15:49:42 INFO  State of operation 21415167 : EXECUTING
15:49:44 INFO  State of operation 21415167 : EXECUTING
15:49:46 INFO  State of operation 21415167 : EXECUTING
15:49:49 INFO  State of operation 21415167 : EXECUTING
15:49:51 INFO  State of operation 21415167 : EXECUTING
15:49:54 INFO  State of operation 21415167 : EXECUTING
15:49:56 INFO  State of operation 21415167 : EXECUTING
15:49:58 INFO  State of operation 21415167 : EXECUTING
15:50:00 INFO  State of operation 21415167 : EXECUTING
15:50:02 INFO  State of operation 21415167 : EXECUTING
15:50:05 INFO  State of operation 21415167 : EXECUTING
15:50:07 INFO  State of operation 21415167 : EXECUTING
15:50:10 INFO  State of operation 21415167 : EXECUTING
15:50:13 INFO  State of operation 21415167 : EXECUTING
15:50:15 INFO  State of operation 21415167 : EXECUTING
15:50:17 INFO  State of operation 21415167 : EXECUTING
15:50:20 INFO  State of operation 21415167 : EXECUTING
15:50:22 INFO  State of operation 21415167 : EXECUTING
15:50:24 INFO  State of operation 21415167 : EXECUTING
15:50:26 INFO  State of operation 21415167 : EXECUTING
15:50:29 INFO  State of operation 21415167 : EXECUTING
15:50:31 INFO  State of operation 21415167 : EXECUTING
15:50:33 INFO  State of operation 21415167 : EXECUTING
15:50:36 INFO  State of operation 21415167 : EXECUTING
15:50:38 INFO  State of operation 21415167 : EXECUTING
15:50:41 INFO  State of operation 21415167 : EXECUTING
15:50:43 INFO  State of operation 21415167 : EXECUTING
15:50:45 INFO  State of operation 21415167 : EXECUTING
15:50:47 INFO  State of operation 21415167 : EXECUTING
15:50:50 INFO  State of operation 21415167 : EXECUTING
15:50:52 INFO  State of operation 21415167 : EXECUTING
15:50:55 INFO  State of operation 21415167 : EXECUTING
15:50:57 INFO  State of operation 21415167 : EXECUTING
15:50:59 INFO  State of operation 21415167 : SUCCESSFUL
15:51:00 INFO  Assert that (False == value) with value=False ... passed
15:51:00 INFO  Assert that (False == value) with value=False ... passed
15:51:00 INFO  Assert that (False == value) with value=False ... passed
15:51:00 INFO  Assert that (False == value) with value=False ... passed
15:51:01 INFO  Assert that (False == value) with value=False ... passed
15:51:01 INFO  
15:51:01 INFO  cleanup:
15:51:05 INFO  Executed sudo&lt;tedge_disconnect_c8y&gt;, exit status 0
15:51:05 INFO  Executed systemctl&lt;serv_mapper5&gt;, exit status 3
15:51:05 INFO  
15:51:05 INFO  Test duration: 268.63 secs
15:51:05 INFO  Test final outcome:  FAILED
15:51:05 INFO  Test outcome reason: Assert that (False == value) with value=True (+2 other failures)
15:51:05 INFO  
</system-out>
	</testcase>
</testsuite>
