<?xml version="1.0" encoding="utf-8"?>
<testsuite failures="0" name="apt_prepare" skipped="0" tests="1" time="21.15" timestamp="2022-05-24T11:05:20">
	<testcase classname="AptPluginPrepare" name="apt_prepare"/>
</testsuite>
