<?xml version="1.0" encoding="utf-8"?>
<testsuite failures="1" name="SoftwareManagement.sm_apt_install_download_path" skipped="0" tests="1" time="187.71" timestamp="2022-06-02T09:09:33">
	<testcase classname="AptInstallWithDownloadPath" name="SoftwareManagement.sm_apt_install_download_path">
		<failure message="BLOCKED: SystemError: Timeout while waiting for status FAILED or SUCCESSFUL" type="BLOCKED"/>
		<system-out>09:06:25 INFO  ==============================================================
09:06:25 INFO  Id:    SoftwareManagement.sm_apt_install_download_path
09:06:25 INFO  Dir:   software_management_end_to_end/
09:06:25 INFO  Title: Install package to directory specified in tedge config set tmp.path
09:06:25 INFO  ==============================================================
09:06:25 INFO  Using sw id database: {'asciijump': '5475369', 'robotfindskitten': '5474869', 'squirrel3': '5475279', 'rolldice': '5152439', 'moon-buggy': '5439204', 'apple': '5495053', 'banana': '5494888', 'cherry': '5495382', 'watermelon': '5494510', 'registry': '8018911', 'hello-world': '8021526', 'docker/getting-started': '8021973', 'alpine': '7991792'}
09:06:25 INFO  EnvironmentC8y Setup
09:06:26 INFO  Executed systemctl&lt;serv_mapper1&gt;, exit status 3
09:06:40 INFO  Executed sudo&lt;tedge_connect_c8y&gt;, exit status 0, duration 14 secs
09:06:41 INFO  Executed sudo&lt;tedge_connect_c8y_test&gt;, exit status 0
09:06:43 INFO  Executed systemctl&lt;serv_mosq2&gt;, exit status 0
09:06:43 INFO  Executed systemctl&lt;serv_mapper3&gt;, exit status 0
09:06:46 INFO  State of current operation: PENDING
09:06:48 INFO  State of current operation: PENDING
09:06:50 INFO  State of current operation: PENDING
09:06:52 INFO  State of current operation: PENDING
09:06:55 INFO  State of current operation: PENDING
09:06:57 INFO  State of current operation: PENDING
09:06:59 INFO  State of current operation: PENDING
09:07:01 INFO  State of current operation: PENDING
09:07:04 INFO  State of current operation: PENDING
09:07:06 INFO  State of current operation: PENDING
09:07:08 INFO  State of current operation: PENDING
09:07:10 INFO  State of current operation: PENDING
09:07:13 INFO  State of current operation: PENDING
09:07:15 INFO  State of current operation: PENDING
09:07:17 INFO  State of current operation: PENDING
09:07:19 INFO  State of current operation: PENDING
09:07:22 INFO  State of current operation: PENDING
09:07:24 INFO  State of current operation: PENDING
09:07:26 INFO  State of current operation: PENDING
09:07:28 INFO  State of current operation: PENDING
09:07:30 INFO  State of current operation: PENDING
09:07:33 INFO  State of current operation: PENDING
09:07:35 INFO  State of current operation: PENDING
09:07:37 INFO  State of current operation: PENDING
09:07:39 INFO  State of current operation: PENDING
09:07:42 INFO  State of current operation: PENDING
09:07:44 INFO  State of current operation: PENDING
09:07:46 INFO  State of current operation: PENDING
09:07:48 INFO  State of current operation: PENDING
09:07:51 INFO  State of current operation: PENDING
09:07:53 INFO  State of current operation: PENDING
09:07:55 INFO  State of current operation: PENDING
09:07:57 INFO  State of current operation: PENDING
09:07:59 INFO  State of current operation: PENDING
09:08:02 INFO  State of current operation: PENDING
09:08:04 INFO  State of current operation: PENDING
09:08:06 INFO  State of current operation: PENDING
09:08:08 INFO  State of current operation: PENDING
09:08:11 INFO  State of current operation: PENDING
09:08:13 INFO  State of current operation: PENDING
09:08:15 INFO  State of current operation: PENDING
09:08:17 INFO  State of current operation: PENDING
09:08:19 INFO  State of current operation: PENDING
09:08:22 INFO  State of current operation: PENDING
09:08:24 INFO  State of current operation: PENDING
09:08:26 INFO  State of current operation: PENDING
09:08:28 INFO  State of current operation: PENDING
09:08:31 INFO  State of current operation: PENDING
09:08:33 INFO  State of current operation: PENDING
09:08:35 INFO  State of current operation: PENDING
09:08:37 INFO  State of current operation: PENDING
09:08:40 INFO  State of current operation: PENDING
09:08:42 INFO  State of current operation: PENDING
09:08:44 INFO  State of current operation: PENDING
09:08:46 INFO  State of current operation: PENDING
09:08:48 INFO  State of current operation: PENDING
09:08:51 INFO  State of current operation: PENDING
09:08:53 INFO  State of current operation: PENDING
09:08:55 INFO  State of current operation: PENDING
09:08:57 INFO  State of current operation: PENDING
09:09:00 INFO  State of current operation: PENDING
09:09:02 WARN  SystemError occurred while running test - Timeout while waiting for status FAILED or SUCCESSFUL
Traceback (most recent call last):
  File &quot;/home/pi/env-pysys/lib/python3.7/site-packages/pysys/baserunner.py&quot;, line 1292, in __call__
    self.testObj.setup()
  File &quot;/home/pi/actions-runner/_work/thin-edge.io/thin-edge.io/tests/PySys/software_management_end_to_end/sm_apt_install_download_path/run.py&quot;, line 48, in setup
    super().setup()
  File &quot;/home/pi/actions-runner/_work/thin-edge.io/thin-edge.io/tests/PySys/software_management_end_to_end/environment_sm_management.py&quot;, line 151, in setup
    self.wait_until_end()
  File &quot;/home/pi/actions-runner/_work/thin-edge.io/thin-edge.io/tests/PySys/software_management_end_to_end/environment_sm_management.py&quot;, line 332, in wait_until_end
    self.wait_until_status(&quot;FAILED&quot;, &quot;SUCCESSFUL&quot;)
  File &quot;/home/pi/actions-runner/_work/thin-edge.io/thin-edge.io/tests/PySys/software_management_end_to_end/environment_sm_management.py&quot;, line 381, in wait_until_status
    &quot;Timeout while waiting for status %s or %s&quot; % (status, status2)
SystemError: Timeout while waiting for status FAILED or SUCCESSFUL
09:09:02 WARN  SystemError: Timeout while waiting for status FAILED or SUCCESSFUL ... blocked 
09:09:02 INFO  
09:09:02 INFO  cleanup:
09:09:03 INFO  Executed sudo, exit status 0
09:09:03 INFO  Executed sudo, exit status 0
09:09:07 INFO  Executed sudo&lt;tedge_disconnect_c8y&gt;, exit status 0
09:09:07 INFO  Restarting mosquitto too frequently in the last 10 seconds. It was only up for 4 seconds
09:09:07 INFO  Delaying execution by 7 seconds
09:09:28 INFO  Executed sudo&lt;tedge_connect_c8y&gt;, exit status 0, duration 13 secs
09:09:32 INFO  Executed sudo&lt;tedge_disconnect_c8y&gt;, exit status 0
09:09:33 INFO  Executed systemctl&lt;serv_mapper5&gt;, exit status 3
09:09:33 INFO  
09:09:33 INFO  Test duration: 187.71 secs
09:09:33 INFO  Test final outcome:  BLOCKED
09:09:33 INFO  Test outcome reason: SystemError: Timeout while waiting for status FAILED or SUCCESSFUL
09:09:33 INFO  
</system-out>
	</testcase>
</testsuite>
