<?xml version="1.0" encoding="utf-8"?>
<testsuite failures="1" name="SoftwareManagement.sm_apt_install_remove_multiple" skipped="0" tests="1" time="177.57" timestamp="2022-07-22T15:03:00">
	<testcase classname="PySysTest" name="SoftwareManagement.sm_apt_install_remove_multiple">
		<failure message="FAILED: Assert that (False == value) with value=True" type="FAILED"/>
		<system-out>15:00:03 INFO  ==============================================================
15:00:03 INFO  Id:    SoftwareManagement.sm_apt_install_remove_multiple
15:00:03 INFO  Dir:   software_management_end_to_end/
15:00:03 INFO  Title: Validate end to end behaviour for the apt plugin for multiple packages
15:00:03 INFO  ==============================================================
15:00:03 INFO  Using sw id database: {'asciijump': '5475369', 'robotfindskitten': '5474869', 'squirrel3': '5475279', 'rolldice': '5152439', 'moon-buggy': '5439204', 'apple': '5495053', 'banana': '5494888', 'cherry': '5495382', 'watermelon': '5494510', 'registry': '8018911', 'hello-world': '8021526', 'docker/getting-started': '8021973', 'alpine': '7991792'}
15:00:03 INFO  EnvironmentC8y Setup
15:00:03 INFO  Executed systemctl&lt;serv_mapper1&gt;, exit status 3
15:00:04 INFO  Restarting mosquitto too frequently in the last 10 seconds. It was only up for 5 seconds
15:00:04 INFO  Delaying execution by 6 seconds
15:00:24 INFO  Executed sudo&lt;tedge_connect_c8y&gt;, exit status 0, duration 14 secs
15:00:24 INFO  Executed sudo&lt;tedge_connect_c8y_test&gt;, exit status 0
15:00:25 INFO  Executed systemctl&lt;serv_mosq2&gt;, exit status 0
15:00:25 INFO  Executed systemctl&lt;serv_mapper3&gt;, exit status 0
15:00:27 INFO  State of current operation: SUCCESSFUL
15:00:28 INFO  Assert that (False == value) with value=False ... passed
15:00:28 INFO  Assert that (False == value) with value=False ... passed
15:00:28 INFO  Assert that (False == value) with value=False ... passed
15:00:28 INFO  Package robotfindskitten is installed
15:00:28 WARN  Assert that (False == value) with value=True ... failed 
15:00:29 INFO  Response status: 201
15:00:29 INFO  Response to action: {
    &quot;creationTime&quot;: &quot;2022-07-22T15:00:29.057Z&quot;,
    &quot;deviceId&quot;: &quot;21282123&quot;,
    &quot;deviceName&quot;: &quot;m32sd10a&quot;,
    &quot;self&quot;: &quot;https://t493319102.eu-latest.cumulocity.com/devicecontrol/operations/21290347&quot;,
    &quot;id&quot;: &quot;21290347&quot;,
    &quot;status&quot;: &quot;PENDING&quot;,
    &quot;description&quot;: &quot;Apply software changes, triggered from PySys: [{'action': 'install', 'id': '5475369', 'name': 'asciijump', 'url': ' ', 'version': '::apt'}, {'action': 'install', 'id': '5474869', 'name': 'robotfindskitten', 'url': ' ', 'version': '::apt'}, {'action': 'install', 'id': '5475279', 'name': 'squirrel3', 'url': ' ', 'version': '::apt'}]&quot;,
    &quot;c8y_SoftwareUpdate&quot;: [
        {
            &quot;name&quot;: &quot;asciijump&quot;,
            &quot;action&quot;: &quot;install&quot;,
            &quot;id&quot;: &quot;5475369&quot;,
            &quot;version&quot;: &quot;::apt&quot;,
            &quot;url&quot;: &quot; &quot;
        },
        {
            &quot;name&quot;: &quot;robotfindskitten&quot;,
            &quot;action&quot;: &quot;install&quot;,
            &quot;id&quot;: &quot;5474869&quot;,
            &quot;version&quot;: &quot;::apt&quot;,
            &quot;url&quot;: &quot; &quot;
        },
        {
            &quot;name&quot;: &quot;squirrel3&quot;,
            &quot;action&quot;: &quot;install&quot;,
            &quot;id&quot;: &quot;5475279&quot;,
            &quot;version&quot;: &quot;::apt&quot;,
            &quot;url&quot;: &quot; &quot;
        }
    ]
}
15:00:29 INFO  Started operation: {'creationTime': '2022-07-22T15:00:29.057Z', 'deviceId': '21282123', 'deviceName': 'm32sd10a', 'self': 'https://t493319102.eu-latest.cumulocity.com/devicecontrol/operations/21290347', 'id': '21290347', 'status': 'PENDING', 'description': &quot;Apply software changes, triggered from PySys: [{'action': 'install', 'id': '5475369', 'name': 'asciijump', 'url': ' ', 'version': '::apt'}, {'action': 'install', 'id': '5474869', 'name': 'robotfindskitten', 'url': ' ', 'version': '::apt'}, {'action': 'install', 'id': '5475279', 'name': 'squirrel3', 'url': ' ', 'version': '::apt'}]&quot;, 'c8y_SoftwareUpdate': [{'name': 'asciijump', 'action': 'install', 'id': '5475369', 'version': '::apt', 'url': ' '}, {'name': 'robotfindskitten', 'action': 'install', 'id': '5474869', 'version': '::apt', 'url': ' '}, {'name': 'squirrel3', 'action': 'install', 'id': '5475279', 'version': '::apt', 'url': ' '}]}
15:00:31 INFO  State of operation 21290347 : PENDING
15:00:33 INFO  State of operation 21290347 : EXECUTING
15:00:35 INFO  State of operation 21290347 : EXECUTING
15:00:37 INFO  State of operation 21290347 : EXECUTING
15:00:40 INFO  State of operation 21290347 : EXECUTING
15:00:42 INFO  State of operation 21290347 : EXECUTING
15:00:45 INFO  State of operation 21290347 : EXECUTING
15:00:47 INFO  State of operation 21290347 : EXECUTING
15:00:50 INFO  State of operation 21290347 : EXECUTING
15:00:52 INFO  State of operation 21290347 : EXECUTING
15:00:54 INFO  State of operation 21290347 : EXECUTING
15:00:57 INFO  State of operation 21290347 : EXECUTING
15:00:59 INFO  State of operation 21290347 : EXECUTING
15:01:01 INFO  State of operation 21290347 : EXECUTING
15:01:03 INFO  State of operation 21290347 : EXECUTING
15:01:06 INFO  State of operation 21290347 : EXECUTING
15:01:08 INFO  State of operation 21290347 : EXECUTING
15:01:11 INFO  State of operation 21290347 : EXECUTING
15:01:13 INFO  State of operation 21290347 : EXECUTING
15:01:15 INFO  State of operation 21290347 : EXECUTING
15:01:17 INFO  State of operation 21290347 : EXECUTING
15:01:20 INFO  State of operation 21290347 : EXECUTING
15:01:22 INFO  State of operation 21290347 : EXECUTING
15:01:26 INFO  State of operation 21290347 : EXECUTING
15:01:28 INFO  State of operation 21290347 : EXECUTING
15:01:30 INFO  State of operation 21290347 : EXECUTING
15:01:32 INFO  State of operation 21290347 : EXECUTING
15:01:35 INFO  State of operation 21290347 : EXECUTING
15:01:37 INFO  State of operation 21290347 : EXECUTING
15:01:39 INFO  State of operation 21290347 : EXECUTING
15:01:42 INFO  State of operation 21290347 : EXECUTING
15:01:44 INFO  State of operation 21290347 : EXECUTING
15:01:46 INFO  State of operation 21290347 : EXECUTING
15:01:48 INFO  State of operation 21290347 : SUCCESSFUL
15:01:48 INFO  Assert that (False == value) with value=False ... passed
15:01:49 INFO  Package asciijump is installed
15:01:49 INFO  Assert that (True == value) with value=True ... passed
15:01:49 INFO  Package squirrel3 is installed
15:01:49 INFO  Assert that (True == value) with value=True ... passed
15:01:49 INFO  Package robotfindskitten is installed
15:01:49 INFO  Assert that (True == value) with value=True ... passed
15:01:49 INFO  Response status: 201
15:01:49 INFO  Response to action: {
    &quot;creationTime&quot;: &quot;2022-07-22T15:01:49.846Z&quot;,
    &quot;deviceId&quot;: &quot;21282123&quot;,
    &quot;deviceName&quot;: &quot;m32sd10a&quot;,
    &quot;self&quot;: &quot;https://t493319102.eu-latest.cumulocity.com/devicecontrol/operations/21290359&quot;,
    &quot;id&quot;: &quot;21290359&quot;,
    &quot;status&quot;: &quot;PENDING&quot;,
    &quot;description&quot;: &quot;Apply software changes, triggered from PySys: [{'action': 'delete', 'id': '5475369', 'name': 'asciijump', 'url': ' ', 'version': '::apt'}, {'action': 'delete', 'id': '5474869', 'name': 'robotfindskitten', 'url': ' ', 'version': '::apt'}, {'action': 'delete', 'id': '5475279', 'name': 'squirrel3', 'url': ' ', 'version': '::apt'}]&quot;,
    &quot;c8y_SoftwareUpdate&quot;: [
        {
            &quot;name&quot;: &quot;asciijump&quot;,
            &quot;action&quot;: &quot;delete&quot;,
            &quot;id&quot;: &quot;5475369&quot;,
            &quot;version&quot;: &quot;::apt&quot;,
            &quot;url&quot;: &quot; &quot;
        },
        {
            &quot;name&quot;: &quot;robotfindskitten&quot;,
            &quot;action&quot;: &quot;delete&quot;,
            &quot;id&quot;: &quot;5474869&quot;,
            &quot;version&quot;: &quot;::apt&quot;,
            &quot;url&quot;: &quot; &quot;
        },
        {
            &quot;name&quot;: &quot;squirrel3&quot;,
            &quot;action&quot;: &quot;delete&quot;,
            &quot;id&quot;: &quot;5475279&quot;,
            &quot;version&quot;: &quot;::apt&quot;,
            &quot;url&quot;: &quot; &quot;
        }
    ]
}
15:01:49 INFO  Started operation: {'creationTime': '2022-07-22T15:01:49.846Z', 'deviceId': '21282123', 'deviceName': 'm32sd10a', 'self': 'https://t493319102.eu-latest.cumulocity.com/devicecontrol/operations/21290359', 'id': '21290359', 'status': 'PENDING', 'description': &quot;Apply software changes, triggered from PySys: [{'action': 'delete', 'id': '5475369', 'name': 'asciijump', 'url': ' ', 'version': '::apt'}, {'action': 'delete', 'id': '5474869', 'name': 'robotfindskitten', 'url': ' ', 'version': '::apt'}, {'action': 'delete', 'id': '5475279', 'name': 'squirrel3', 'url': ' ', 'version': '::apt'}]&quot;, 'c8y_SoftwareUpdate': [{'name': 'asciijump', 'action': 'delete', 'id': '5475369', 'version': '::apt', 'url': ' '}, {'name': 'robotfindskitten', 'action': 'delete', 'id': '5474869', 'version': '::apt', 'url': ' '}, {'name': 'squirrel3', 'action': 'delete', 'id': '5475279', 'version': '::apt', 'url': ' '}]}
15:01:52 INFO  State of operation 21290359 : PENDING
15:01:54 INFO  State of operation 21290359 : EXECUTING
15:01:56 INFO  State of operation 21290359 : EXECUTING
15:01:58 INFO  State of operation 21290359 : EXECUTING
15:02:01 INFO  State of operation 21290359 : EXECUTING
15:02:03 INFO  State of operation 21290359 : EXECUTING
15:02:05 INFO  State of operation 21290359 : EXECUTING
15:02:09 INFO  State of operation 21290359 : EXECUTING
15:02:11 INFO  State of operation 21290359 : EXECUTING
15:02:13 INFO  State of operation 21290359 : EXECUTING
15:02:15 INFO  State of operation 21290359 : EXECUTING
15:02:18 INFO  State of operation 21290359 : EXECUTING
15:02:20 INFO  State of operation 21290359 : EXECUTING
15:02:22 INFO  State of operation 21290359 : EXECUTING
15:02:24 INFO  State of operation 21290359 : EXECUTING
15:02:27 INFO  State of operation 21290359 : EXECUTING
15:02:29 INFO  State of operation 21290359 : EXECUTING
15:02:32 INFO  State of operation 21290359 : EXECUTING
15:02:34 INFO  State of operation 21290359 : EXECUTING
15:02:36 INFO  State of operation 21290359 : EXECUTING
15:02:39 INFO  State of operation 21290359 : EXECUTING
15:02:41 INFO  State of operation 21290359 : EXECUTING
15:02:43 INFO  State of operation 21290359 : EXECUTING
15:02:45 INFO  State of operation 21290359 : EXECUTING
15:02:48 INFO  State of operation 21290359 : EXECUTING
15:02:50 INFO  State of operation 21290359 : EXECUTING
15:02:53 INFO  State of operation 21290359 : EXECUTING
15:02:55 INFO  State of operation 21290359 : SUCCESSFUL
15:02:55 INFO  Assert that (False == value) with value=False ... passed
15:02:55 INFO  Assert that (False == value) with value=False ... passed
15:02:55 INFO  Assert that (False == value) with value=False ... passed
15:02:56 INFO  Assert that (False == value) with value=False ... passed
15:02:56 INFO  
15:02:56 INFO  cleanup:
15:03:00 INFO  Executed sudo&lt;tedge_disconnect_c8y&gt;, exit status 0
15:03:00 INFO  Executed systemctl&lt;serv_mapper5&gt;, exit status 3
15:03:00 INFO  
15:03:00 INFO  Test duration: 177.57 secs
15:03:00 INFO  Test final outcome:  FAILED
15:03:00 INFO  Test outcome reason: Assert that (False == value) with value=True
15:03:00 INFO  
</system-out>
	</testcase>
</testsuite>
