<?xml version="1.0" encoding="utf-8"?>
<testsuite failures="1" name="SoftwareManagement.sm_apt_install_download_path" skipped="0" tests="1" time="189.33" timestamp="2022-05-23T19:43:24">
	<testcase classname="AptInstallWithDownloadPath" name="SoftwareManagement.sm_apt_install_download_path">
		<failure message="BLOCKED: SystemError: Timeout while waiting for status FAILED or SUCCESSFUL" type="BLOCKED"/>
		<system-out>19:40:14 INFO  ==============================================================
19:40:14 INFO  Id:    SoftwareManagement.sm_apt_install_download_path
19:40:14 INFO  Dir:   software_management_end_to_end/
19:40:14 INFO  Title: Install package to directory specified in tedge config set tmp.path
19:40:14 INFO  ==============================================================
19:40:15 INFO  Using sw id database: {'asciijump': '5475369', 'robotfindskitten': '5474869', 'squirrel3': '5475279', 'rolldice': '5152439', 'moon-buggy': '5439204', 'apple': '5495053', 'banana': '5494888', 'cherry': '5495382', 'watermelon': '5494510', 'registry': '8018911', 'hello-world': '8021526', 'docker/getting-started': '8021973', 'alpine': '7991792'}
19:40:15 INFO  EnvironmentC8y Setup
19:40:15 INFO  Executed systemctl&lt;serv_mapper1&gt;, exit status 3
19:40:30 INFO  Executed sudo&lt;tedge_connect_c8y&gt;, exit status 0, duration 14 secs
19:40:31 INFO  Executed sudo&lt;tedge_connect_c8y_test&gt;, exit status 0
19:40:33 INFO  Executed systemctl&lt;serv_mosq2&gt;, exit status 0
19:40:33 INFO  Executed systemctl&lt;serv_mapper3&gt;, exit status 0
19:40:36 INFO  State of current operation: PENDING
19:40:38 INFO  State of current operation: PENDING
19:40:40 INFO  State of current operation: PENDING
19:40:42 INFO  State of current operation: PENDING
19:40:44 INFO  State of current operation: PENDING
19:40:47 INFO  State of current operation: PENDING
19:40:49 INFO  State of current operation: PENDING
19:40:51 INFO  State of current operation: PENDING
19:40:53 INFO  State of current operation: PENDING
19:40:56 INFO  State of current operation: PENDING
19:40:58 INFO  State of current operation: PENDING
19:41:00 INFO  State of current operation: PENDING
19:41:02 INFO  State of current operation: PENDING
19:41:05 INFO  State of current operation: PENDING
19:41:07 INFO  State of current operation: PENDING
19:41:09 INFO  State of current operation: PENDING
19:41:11 INFO  State of current operation: PENDING
19:41:13 INFO  State of current operation: PENDING
19:41:16 INFO  State of current operation: PENDING
19:41:18 INFO  State of current operation: PENDING
19:41:20 INFO  State of current operation: PENDING
19:41:22 INFO  State of current operation: PENDING
19:41:25 INFO  State of current operation: PENDING
19:41:27 INFO  State of current operation: PENDING
19:41:29 INFO  State of current operation: PENDING
19:41:31 INFO  State of current operation: PENDING
19:41:34 INFO  State of current operation: PENDING
19:41:36 INFO  State of current operation: PENDING
19:41:38 INFO  State of current operation: PENDING
19:41:40 INFO  State of current operation: PENDING
19:41:43 INFO  State of current operation: PENDING
19:41:45 INFO  State of current operation: PENDING
19:41:47 INFO  State of current operation: PENDING
19:41:49 INFO  State of current operation: PENDING
19:41:52 INFO  State of current operation: PENDING
19:41:54 INFO  State of current operation: PENDING
19:41:56 INFO  State of current operation: PENDING
19:41:58 INFO  State of current operation: PENDING
19:42:01 INFO  State of current operation: PENDING
19:42:03 INFO  State of current operation: PENDING
19:42:05 INFO  State of current operation: PENDING
19:42:07 INFO  State of current operation: PENDING
19:42:09 INFO  State of current operation: PENDING
19:42:12 INFO  State of current operation: PENDING
19:42:14 INFO  State of current operation: PENDING
19:42:16 INFO  State of current operation: PENDING
19:42:18 INFO  State of current operation: PENDING
19:42:21 INFO  State of current operation: PENDING
19:42:23 INFO  State of current operation: PENDING
19:42:25 INFO  State of current operation: PENDING
19:42:27 INFO  State of current operation: PENDING
19:42:30 INFO  State of current operation: PENDING
19:42:32 INFO  State of current operation: PENDING
19:42:34 INFO  State of current operation: PENDING
19:42:36 INFO  State of current operation: PENDING
19:42:39 INFO  State of current operation: PENDING
19:42:41 INFO  State of current operation: PENDING
19:42:43 INFO  State of current operation: PENDING
19:42:45 INFO  State of current operation: PENDING
19:42:48 INFO  State of current operation: PENDING
19:42:50 INFO  State of current operation: PENDING
19:42:52 WARN  SystemError occurred while running test - Timeout while waiting for status FAILED or SUCCESSFUL
Traceback (most recent call last):
  File &quot;/home/pi/env-pysys/lib/python3.7/site-packages/pysys/baserunner.py&quot;, line 1292, in __call__
    self.testObj.setup()
  File &quot;/home/pi/actions-runner/_work/thin-edge.io/thin-edge.io/tests/PySys/software_management_end_to_end/sm_apt_install_download_path/run.py&quot;, line 48, in setup
    super().setup()
  File &quot;/home/pi/actions-runner/_work/thin-edge.io/thin-edge.io/tests/PySys/software_management_end_to_end/environment_sm_management.py&quot;, line 151, in setup
    self.wait_until_end()
  File &quot;/home/pi/actions-runner/_work/thin-edge.io/thin-edge.io/tests/PySys/software_management_end_to_end/environment_sm_management.py&quot;, line 332, in wait_until_end
    self.wait_until_status(&quot;FAILED&quot;, &quot;SUCCESSFUL&quot;)
  File &quot;/home/pi/actions-runner/_work/thin-edge.io/thin-edge.io/tests/PySys/software_management_end_to_end/environment_sm_management.py&quot;, line 381, in wait_until_status
    &quot;Timeout while waiting for status %s or %s&quot; % (status, status2)
SystemError: Timeout while waiting for status FAILED or SUCCESSFUL
19:42:52 WARN  SystemError: Timeout while waiting for status FAILED or SUCCESSFUL ... blocked 
19:42:52 INFO  
19:42:52 INFO  cleanup:
19:42:53 INFO  Executed sudo, exit status 0
19:42:53 INFO  Executed sudo, exit status 0
19:42:58 INFO  Executed sudo&lt;tedge_disconnect_c8y&gt;, exit status 0
19:42:58 INFO  Restarting mosquitto too frequently in the last 10 seconds. It was only up for 4 seconds
19:42:58 INFO  Delaying execution by 7 seconds
19:43:19 INFO  Executed sudo&lt;tedge_connect_c8y&gt;, exit status 0, duration 14 secs
19:43:23 INFO  Executed sudo&lt;tedge_disconnect_c8y&gt;, exit status 0
19:43:24 INFO  Executed systemctl&lt;serv_mapper5&gt;, exit status 3
19:43:24 INFO  
19:43:24 INFO  Test duration: 189.33 secs
19:43:24 INFO  Test final outcome:  BLOCKED
19:43:24 INFO  Test outcome reason: SystemError: Timeout while waiting for status FAILED or SUCCESSFUL
19:43:24 INFO  
</system-out>
	</testcase>
</testsuite>
