<?xml version="1.0" encoding="utf-8"?>
<testsuite failures="1" name="SoftwareManagement.sm_apt_install_remove_multiple" skipped="0" tests="1" time="180.92" timestamp="2022-07-21T10:42:25">
	<testcase classname="PySysTest" name="SoftwareManagement.sm_apt_install_remove_multiple">
		<failure message="FAILED: Assert that (False == value) with value=True" type="FAILED"/>
		<system-out>10:39:24 INFO  ==============================================================
10:39:24 INFO  Id:    SoftwareManagement.sm_apt_install_remove_multiple
10:39:24 INFO  Dir:   software_management_end_to_end/
10:39:24 INFO  Title: Validate end to end behaviour for the apt plugin for multiple packages
10:39:24 INFO  ==============================================================
10:39:24 INFO  Using sw id database: {'asciijump': '5475369', 'robotfindskitten': '5474869', 'squirrel3': '5475279', 'rolldice': '5152439', 'moon-buggy': '5439204', 'apple': '5495053', 'banana': '5494888', 'cherry': '5495382', 'watermelon': '5494510', 'registry': '8018911', 'hello-world': '8021526', 'docker/getting-started': '8021973', 'alpine': '7991792'}
10:39:24 INFO  EnvironmentC8y Setup
10:39:25 INFO  Executed systemctl&lt;serv_mapper1&gt;, exit status 3
10:39:25 INFO  Restarting mosquitto too frequently in the last 10 seconds. It was only up for 4 seconds
10:39:25 INFO  Delaying execution by 7 seconds
10:39:46 INFO  Executed sudo&lt;tedge_connect_c8y&gt;, exit status 0, duration 13 secs
10:39:46 INFO  Executed sudo&lt;tedge_connect_c8y_test&gt;, exit status 0
10:39:47 INFO  Executed systemctl&lt;serv_mosq2&gt;, exit status 0
10:39:47 INFO  Executed systemctl&lt;serv_mapper3&gt;, exit status 0
10:39:50 INFO  State of current operation: SUCCESSFUL
10:39:50 INFO  Assert that (False == value) with value=False ... passed
10:39:50 INFO  Assert that (False == value) with value=False ... passed
10:39:50 INFO  Assert that (False == value) with value=False ... passed
10:39:51 INFO  Package robotfindskitten is installed
10:39:51 WARN  Assert that (False == value) with value=True ... failed 
10:39:51 INFO  Response status: 201
10:39:51 INFO  Response to action: {
    &quot;creationTime&quot;: &quot;2022-07-21T10:39:51.385Z&quot;,
    &quot;deviceId&quot;: &quot;21110412&quot;,
    &quot;deviceName&quot;: &quot;m32sd10a&quot;,
    &quot;self&quot;: &quot;https://t493319102.eu-latest.cumulocity.com/devicecontrol/operations/21118202&quot;,
    &quot;id&quot;: &quot;21118202&quot;,
    &quot;status&quot;: &quot;PENDING&quot;,
    &quot;description&quot;: &quot;Apply software changes, triggered from PySys: [{'action': 'install', 'id': '5475369', 'name': 'asciijump', 'url': ' ', 'version': '::apt'}, {'action': 'install', 'id': '5474869', 'name': 'robotfindskitten', 'url': ' ', 'version': '::apt'}, {'action': 'install', 'id': '5475279', 'name': 'squirrel3', 'url': ' ', 'version': '::apt'}]&quot;,
    &quot;c8y_SoftwareUpdate&quot;: [
        {
            &quot;name&quot;: &quot;asciijump&quot;,
            &quot;action&quot;: &quot;install&quot;,
            &quot;id&quot;: &quot;5475369&quot;,
            &quot;version&quot;: &quot;::apt&quot;,
            &quot;url&quot;: &quot; &quot;
        },
        {
            &quot;name&quot;: &quot;robotfindskitten&quot;,
            &quot;action&quot;: &quot;install&quot;,
            &quot;id&quot;: &quot;5474869&quot;,
            &quot;version&quot;: &quot;::apt&quot;,
            &quot;url&quot;: &quot; &quot;
        },
        {
            &quot;name&quot;: &quot;squirrel3&quot;,
            &quot;action&quot;: &quot;install&quot;,
            &quot;id&quot;: &quot;5475279&quot;,
            &quot;version&quot;: &quot;::apt&quot;,
            &quot;url&quot;: &quot; &quot;
        }
    ]
}
10:39:51 INFO  Started operation: {'creationTime': '2022-07-21T10:39:51.385Z', 'deviceId': '21110412', 'deviceName': 'm32sd10a', 'self': 'https://t493319102.eu-latest.cumulocity.com/devicecontrol/operations/21118202', 'id': '21118202', 'status': 'PENDING', 'description': &quot;Apply software changes, triggered from PySys: [{'action': 'install', 'id': '5475369', 'name': 'asciijump', 'url': ' ', 'version': '::apt'}, {'action': 'install', 'id': '5474869', 'name': 'robotfindskitten', 'url': ' ', 'version': '::apt'}, {'action': 'install', 'id': '5475279', 'name': 'squirrel3', 'url': ' ', 'version': '::apt'}]&quot;, 'c8y_SoftwareUpdate': [{'name': 'asciijump', 'action': 'install', 'id': '5475369', 'version': '::apt', 'url': ' '}, {'name': 'robotfindskitten', 'action': 'install', 'id': '5474869', 'version': '::apt', 'url': ' '}, {'name': 'squirrel3', 'action': 'install', 'id': '5475279', 'version': '::apt', 'url': ' '}]}
10:39:53 INFO  State of operation 21118202 : PENDING
10:39:55 INFO  State of operation 21118202 : EXECUTING
10:39:58 INFO  State of operation 21118202 : EXECUTING
10:40:00 INFO  State of operation 21118202 : EXECUTING
10:40:02 INFO  State of operation 21118202 : EXECUTING
10:40:04 INFO  State of operation 21118202 : EXECUTING
10:40:07 INFO  State of operation 21118202 : EXECUTING
10:40:10 INFO  State of operation 21118202 : EXECUTING
10:40:12 INFO  State of operation 21118202 : EXECUTING
10:40:15 INFO  State of operation 21118202 : EXECUTING
10:40:17 INFO  State of operation 21118202 : EXECUTING
10:40:19 INFO  State of operation 21118202 : EXECUTING
10:40:21 INFO  State of operation 21118202 : EXECUTING
10:40:24 INFO  State of operation 21118202 : EXECUTING
10:40:26 INFO  State of operation 21118202 : EXECUTING
10:40:28 INFO  State of operation 21118202 : EXECUTING
10:40:31 INFO  State of operation 21118202 : EXECUTING
10:40:33 INFO  State of operation 21118202 : EXECUTING
10:40:35 INFO  State of operation 21118202 : EXECUTING
10:40:38 INFO  State of operation 21118202 : EXECUTING
10:40:40 INFO  State of operation 21118202 : EXECUTING
10:40:43 INFO  State of operation 21118202 : EXECUTING
10:40:45 INFO  State of operation 21118202 : EXECUTING
10:40:48 INFO  State of operation 21118202 : EXECUTING
10:40:50 INFO  State of operation 21118202 : EXECUTING
10:40:53 INFO  State of operation 21118202 : EXECUTING
10:40:55 INFO  State of operation 21118202 : EXECUTING
10:40:58 INFO  State of operation 21118202 : EXECUTING
10:41:00 INFO  State of operation 21118202 : EXECUTING
10:41:02 INFO  State of operation 21118202 : EXECUTING
10:41:04 INFO  State of operation 21118202 : EXECUTING
10:41:07 INFO  State of operation 21118202 : EXECUTING
10:41:09 INFO  State of operation 21118202 : EXECUTING
10:41:11 INFO  State of operation 21118202 : SUCCESSFUL
10:41:11 INFO  Assert that (False == value) with value=False ... passed
10:41:12 INFO  Package asciijump is installed
10:41:12 INFO  Assert that (True == value) with value=True ... passed
10:41:12 INFO  Package squirrel3 is installed
10:41:12 INFO  Assert that (True == value) with value=True ... passed
10:41:12 INFO  Package robotfindskitten is installed
10:41:12 INFO  Assert that (True == value) with value=True ... passed
10:41:12 INFO  Response status: 201
10:41:12 INFO  Response to action: {
    &quot;creationTime&quot;: &quot;2022-07-21T10:41:12.738Z&quot;,
    &quot;deviceId&quot;: &quot;21110412&quot;,
    &quot;deviceName&quot;: &quot;m32sd10a&quot;,
    &quot;self&quot;: &quot;https://t493319102.eu-latest.cumulocity.com/devicecontrol/operations/21118212&quot;,
    &quot;id&quot;: &quot;21118212&quot;,
    &quot;status&quot;: &quot;PENDING&quot;,
    &quot;description&quot;: &quot;Apply software changes, triggered from PySys: [{'action': 'delete', 'id': '5475369', 'name': 'asciijump', 'url': ' ', 'version': '::apt'}, {'action': 'delete', 'id': '5474869', 'name': 'robotfindskitten', 'url': ' ', 'version': '::apt'}, {'action': 'delete', 'id': '5475279', 'name': 'squirrel3', 'url': ' ', 'version': '::apt'}]&quot;,
    &quot;c8y_SoftwareUpdate&quot;: [
        {
            &quot;name&quot;: &quot;asciijump&quot;,
            &quot;action&quot;: &quot;delete&quot;,
            &quot;id&quot;: &quot;5475369&quot;,
            &quot;version&quot;: &quot;::apt&quot;,
            &quot;url&quot;: &quot; &quot;
        },
        {
            &quot;name&quot;: &quot;robotfindskitten&quot;,
            &quot;action&quot;: &quot;delete&quot;,
            &quot;id&quot;: &quot;5474869&quot;,
            &quot;version&quot;: &quot;::apt&quot;,
            &quot;url&quot;: &quot; &quot;
        },
        {
            &quot;name&quot;: &quot;squirrel3&quot;,
            &quot;action&quot;: &quot;delete&quot;,
            &quot;id&quot;: &quot;5475279&quot;,
            &quot;version&quot;: &quot;::apt&quot;,
            &quot;url&quot;: &quot; &quot;
        }
    ]
}
10:41:12 INFO  Started operation: {'creationTime': '2022-07-21T10:41:12.738Z', 'deviceId': '21110412', 'deviceName': 'm32sd10a', 'self': 'https://t493319102.eu-latest.cumulocity.com/devicecontrol/operations/21118212', 'id': '21118212', 'status': 'PENDING', 'description': &quot;Apply software changes, triggered from PySys: [{'action': 'delete', 'id': '5475369', 'name': 'asciijump', 'url': ' ', 'version': '::apt'}, {'action': 'delete', 'id': '5474869', 'name': 'robotfindskitten', 'url': ' ', 'version': '::apt'}, {'action': 'delete', 'id': '5475279', 'name': 'squirrel3', 'url': ' ', 'version': '::apt'}]&quot;, 'c8y_SoftwareUpdate': [{'name': 'asciijump', 'action': 'delete', 'id': '5475369', 'version': '::apt', 'url': ' '}, {'name': 'robotfindskitten', 'action': 'delete', 'id': '5474869', 'version': '::apt', 'url': ' '}, {'name': 'squirrel3', 'action': 'delete', 'id': '5475279', 'version': '::apt', 'url': ' '}]}
10:41:15 INFO  State of operation 21118212 : PENDING
10:41:17 INFO  State of operation 21118212 : EXECUTING
10:41:19 INFO  State of operation 21118212 : EXECUTING
10:41:21 INFO  State of operation 21118212 : EXECUTING
10:41:23 INFO  State of operation 21118212 : EXECUTING
10:41:26 INFO  State of operation 21118212 : EXECUTING
10:41:28 INFO  State of operation 21118212 : EXECUTING
10:41:31 INFO  State of operation 21118212 : EXECUTING
10:41:34 INFO  State of operation 21118212 : EXECUTING
10:41:36 INFO  State of operation 21118212 : EXECUTING
10:41:38 INFO  State of operation 21118212 : EXECUTING
10:41:40 INFO  State of operation 21118212 : EXECUTING
10:41:43 INFO  State of operation 21118212 : EXECUTING
10:41:45 INFO  State of operation 21118212 : EXECUTING
10:41:47 INFO  State of operation 21118212 : EXECUTING
10:41:49 INFO  State of operation 21118212 : EXECUTING
10:41:52 INFO  State of operation 21118212 : EXECUTING
10:41:54 INFO  State of operation 21118212 : EXECUTING
10:41:57 INFO  State of operation 21118212 : EXECUTING
10:41:59 INFO  State of operation 21118212 : EXECUTING
10:42:01 INFO  State of operation 21118212 : EXECUTING
10:42:03 INFO  State of operation 21118212 : EXECUTING
10:42:06 INFO  State of operation 21118212 : EXECUTING
10:42:08 INFO  State of operation 21118212 : EXECUTING
10:42:11 INFO  State of operation 21118212 : EXECUTING
10:42:13 INFO  State of operation 21118212 : EXECUTING
10:42:15 INFO  State of operation 21118212 : EXECUTING
10:42:17 INFO  State of operation 21118212 : EXECUTING
10:42:20 INFO  State of operation 21118212 : SUCCESSFUL
10:42:20 INFO  Assert that (False == value) with value=False ... passed
10:42:20 INFO  Assert that (False == value) with value=False ... passed
10:42:20 INFO  Assert that (False == value) with value=False ... passed
10:42:21 INFO  Assert that (False == value) with value=False ... passed
10:42:21 INFO  
10:42:21 INFO  cleanup:
10:42:25 INFO  Executed sudo&lt;tedge_disconnect_c8y&gt;, exit status 0
10:42:25 INFO  Executed systemctl&lt;serv_mapper5&gt;, exit status 3
10:42:25 INFO  
10:42:25 INFO  Test duration: 180.92 secs
10:42:25 INFO  Test final outcome:  FAILED
10:42:25 INFO  Test outcome reason: Assert that (False == value) with value=True
10:42:25 INFO  
</system-out>
	</testcase>
</testsuite>
