<?xml version="1.0" encoding="utf-8"?>
<testsuite failures="1" name="SoftwareManagement.sm_apt_install_remove_multiple" skipped="0" tests="1" time="193.43" timestamp="2022-07-21T23:42:26">
	<testcase classname="PySysTest" name="SoftwareManagement.sm_apt_install_remove_multiple">
		<failure message="FAILED: Assert that (False == value) with value=True" type="FAILED"/>
		<system-out>23:39:13 INFO  ==============================================================
23:39:13 INFO  Id:    SoftwareManagement.sm_apt_install_remove_multiple
23:39:13 INFO  Dir:   software_management_end_to_end/
23:39:13 INFO  Title: Validate end to end behaviour for the apt plugin for multiple packages
23:39:13 INFO  ==============================================================
23:39:13 INFO  Using sw id database: {'asciijump': '5475369', 'robotfindskitten': '5474869', 'squirrel3': '5475279', 'rolldice': '5152439', 'moon-buggy': '5439204', 'apple': '5495053', 'banana': '5494888', 'cherry': '5495382', 'watermelon': '5494510', 'registry': '8018911', 'hello-world': '8021526', 'docker/getting-started': '8021973', 'alpine': '7991792'}
23:39:13 INFO  EnvironmentC8y Setup
23:39:14 INFO  Executed systemctl&lt;serv_mapper1&gt;, exit status 3
23:39:14 INFO  Restarting mosquitto too frequently in the last 10 seconds. It was only up for 4 seconds
23:39:14 INFO  Delaying execution by 7 seconds
23:39:37 INFO  Executed sudo&lt;tedge_connect_c8y&gt;, exit status 0, duration 16 secs
23:39:38 INFO  Executed sudo&lt;tedge_connect_c8y_test&gt;, exit status 0
23:39:38 INFO  Executed systemctl&lt;serv_mosq2&gt;, exit status 0
23:39:39 INFO  Executed systemctl&lt;serv_mapper3&gt;, exit status 0
23:39:41 INFO  State of current operation: SUCCESSFUL
23:39:41 INFO  Assert that (False == value) with value=False ... passed
23:39:41 INFO  Assert that (False == value) with value=False ... passed
23:39:42 INFO  Assert that (False == value) with value=False ... passed
23:39:42 INFO  Package robotfindskitten is installed
23:39:42 WARN  Assert that (False == value) with value=True ... failed 
23:39:42 INFO  Response status: 201
23:39:42 INFO  Response to action: {
    &quot;creationTime&quot;: &quot;2022-07-21T23:39:42.665Z&quot;,
    &quot;deviceId&quot;: &quot;21164556&quot;,
    &quot;deviceName&quot;: &quot;m32sd10a&quot;,
    &quot;self&quot;: &quot;https://t493319102.eu-latest.cumulocity.com/devicecontrol/operations/21210676&quot;,
    &quot;id&quot;: &quot;21210676&quot;,
    &quot;status&quot;: &quot;PENDING&quot;,
    &quot;description&quot;: &quot;Apply software changes, triggered from PySys: [{'action': 'install', 'id': '5475369', 'name': 'asciijump', 'url': ' ', 'version': '::apt'}, {'action': 'install', 'id': '5474869', 'name': 'robotfindskitten', 'url': ' ', 'version': '::apt'}, {'action': 'install', 'id': '5475279', 'name': 'squirrel3', 'url': ' ', 'version': '::apt'}]&quot;,
    &quot;c8y_SoftwareUpdate&quot;: [
        {
            &quot;name&quot;: &quot;asciijump&quot;,
            &quot;action&quot;: &quot;install&quot;,
            &quot;id&quot;: &quot;5475369&quot;,
            &quot;version&quot;: &quot;::apt&quot;,
            &quot;url&quot;: &quot; &quot;
        },
        {
            &quot;name&quot;: &quot;robotfindskitten&quot;,
            &quot;action&quot;: &quot;install&quot;,
            &quot;id&quot;: &quot;5474869&quot;,
            &quot;version&quot;: &quot;::apt&quot;,
            &quot;url&quot;: &quot; &quot;
        },
        {
            &quot;name&quot;: &quot;squirrel3&quot;,
            &quot;action&quot;: &quot;install&quot;,
            &quot;id&quot;: &quot;5475279&quot;,
            &quot;version&quot;: &quot;::apt&quot;,
            &quot;url&quot;: &quot; &quot;
        }
    ]
}
23:39:42 INFO  Started operation: {'creationTime': '2022-07-21T23:39:42.665Z', 'deviceId': '21164556', 'deviceName': 'm32sd10a', 'self': 'https://t493319102.eu-latest.cumulocity.com/devicecontrol/operations/21210676', 'id': '21210676', 'status': 'PENDING', 'description': &quot;Apply software changes, triggered from PySys: [{'action': 'install', 'id': '5475369', 'name': 'asciijump', 'url': ' ', 'version': '::apt'}, {'action': 'install', 'id': '5474869', 'name': 'robotfindskitten', 'url': ' ', 'version': '::apt'}, {'action': 'install', 'id': '5475279', 'name': 'squirrel3', 'url': ' ', 'version': '::apt'}]&quot;, 'c8y_SoftwareUpdate': [{'name': 'asciijump', 'action': 'install', 'id': '5475369', 'version': '::apt', 'url': ' '}, {'name': 'robotfindskitten', 'action': 'install', 'id': '5474869', 'version': '::apt', 'url': ' '}, {'name': 'squirrel3', 'action': 'install', 'id': '5475279', 'version': '::apt', 'url': ' '}]}
23:39:44 INFO  State of operation 21210676 : PENDING
23:39:47 INFO  State of operation 21210676 : EXECUTING
23:39:49 INFO  State of operation 21210676 : EXECUTING
23:39:51 INFO  State of operation 21210676 : EXECUTING
23:39:54 INFO  State of operation 21210676 : EXECUTING
23:39:56 INFO  State of operation 21210676 : EXECUTING
23:39:59 INFO  State of operation 21210676 : EXECUTING
23:40:03 INFO  State of operation 21210676 : EXECUTING
23:40:05 INFO  State of operation 21210676 : EXECUTING
23:40:07 INFO  State of operation 21210676 : EXECUTING
23:40:10 INFO  State of operation 21210676 : EXECUTING
23:40:12 INFO  State of operation 21210676 : EXECUTING
23:40:14 INFO  State of operation 21210676 : EXECUTING
23:40:16 INFO  State of operation 21210676 : EXECUTING
23:40:19 INFO  State of operation 21210676 : EXECUTING
23:40:21 INFO  State of operation 21210676 : EXECUTING
23:40:23 INFO  State of operation 21210676 : EXECUTING
23:40:26 INFO  State of operation 21210676 : EXECUTING
23:40:29 INFO  State of operation 21210676 : EXECUTING
23:40:31 INFO  State of operation 21210676 : EXECUTING
23:40:33 INFO  State of operation 21210676 : EXECUTING
23:40:36 INFO  State of operation 21210676 : EXECUTING
23:40:38 INFO  State of operation 21210676 : EXECUTING
23:40:40 INFO  State of operation 21210676 : EXECUTING
23:40:43 INFO  State of operation 21210676 : EXECUTING
23:40:45 INFO  State of operation 21210676 : EXECUTING
23:40:48 INFO  State of operation 21210676 : EXECUTING
23:40:50 INFO  State of operation 21210676 : EXECUTING
23:40:53 INFO  State of operation 21210676 : EXECUTING
23:40:55 INFO  State of operation 21210676 : EXECUTING
23:40:58 INFO  State of operation 21210676 : EXECUTING
23:41:00 INFO  State of operation 21210676 : EXECUTING
23:41:02 INFO  State of operation 21210676 : EXECUTING
23:41:04 INFO  State of operation 21210676 : EXECUTING
23:41:07 INFO  State of operation 21210676 : SUCCESSFUL
23:41:07 INFO  Assert that (False == value) with value=False ... passed
23:41:07 INFO  Package asciijump is installed
23:41:07 INFO  Assert that (True == value) with value=True ... passed
23:41:07 INFO  Package squirrel3 is installed
23:41:07 INFO  Assert that (True == value) with value=True ... passed
23:41:08 INFO  Package robotfindskitten is installed
23:41:08 INFO  Assert that (True == value) with value=True ... passed
23:41:08 INFO  Response status: 201
23:41:08 INFO  Response to action: {
    &quot;creationTime&quot;: &quot;2022-07-21T23:41:08.252Z&quot;,
    &quot;deviceId&quot;: &quot;21164556&quot;,
    &quot;deviceName&quot;: &quot;m32sd10a&quot;,
    &quot;self&quot;: &quot;https://t493319102.eu-latest.cumulocity.com/devicecontrol/operations/21210680&quot;,
    &quot;id&quot;: &quot;21210680&quot;,
    &quot;status&quot;: &quot;PENDING&quot;,
    &quot;description&quot;: &quot;Apply software changes, triggered from PySys: [{'action': 'delete', 'id': '5475369', 'name': 'asciijump', 'url': ' ', 'version': '::apt'}, {'action': 'delete', 'id': '5474869', 'name': 'robotfindskitten', 'url': ' ', 'version': '::apt'}, {'action': 'delete', 'id': '5475279', 'name': 'squirrel3', 'url': ' ', 'version': '::apt'}]&quot;,
    &quot;c8y_SoftwareUpdate&quot;: [
        {
            &quot;name&quot;: &quot;asciijump&quot;,
            &quot;action&quot;: &quot;delete&quot;,
            &quot;id&quot;: &quot;5475369&quot;,
            &quot;version&quot;: &quot;::apt&quot;,
            &quot;url&quot;: &quot; &quot;
        },
        {
            &quot;name&quot;: &quot;robotfindskitten&quot;,
            &quot;action&quot;: &quot;delete&quot;,
            &quot;id&quot;: &quot;5474869&quot;,
            &quot;version&quot;: &quot;::apt&quot;,
            &quot;url&quot;: &quot; &quot;
        },
        {
            &quot;name&quot;: &quot;squirrel3&quot;,
            &quot;action&quot;: &quot;delete&quot;,
            &quot;id&quot;: &quot;5475279&quot;,
            &quot;version&quot;: &quot;::apt&quot;,
            &quot;url&quot;: &quot; &quot;
        }
    ]
}
23:41:08 INFO  Started operation: {'creationTime': '2022-07-21T23:41:08.252Z', 'deviceId': '21164556', 'deviceName': 'm32sd10a', 'self': 'https://t493319102.eu-latest.cumulocity.com/devicecontrol/operations/21210680', 'id': '21210680', 'status': 'PENDING', 'description': &quot;Apply software changes, triggered from PySys: [{'action': 'delete', 'id': '5475369', 'name': 'asciijump', 'url': ' ', 'version': '::apt'}, {'action': 'delete', 'id': '5474869', 'name': 'robotfindskitten', 'url': ' ', 'version': '::apt'}, {'action': 'delete', 'id': '5475279', 'name': 'squirrel3', 'url': ' ', 'version': '::apt'}]&quot;, 'c8y_SoftwareUpdate': [{'name': 'asciijump', 'action': 'delete', 'id': '5475369', 'version': '::apt', 'url': ' '}, {'name': 'robotfindskitten', 'action': 'delete', 'id': '5474869', 'version': '::apt', 'url': ' '}, {'name': 'squirrel3', 'action': 'delete', 'id': '5475279', 'version': '::apt', 'url': ' '}]}
23:41:10 INFO  State of operation 21210680 : PENDING
23:41:12 INFO  State of operation 21210680 : EXECUTING
23:41:14 INFO  State of operation 21210680 : EXECUTING
23:41:17 INFO  State of operation 21210680 : EXECUTING
23:41:19 INFO  State of operation 21210680 : EXECUTING
23:41:21 INFO  State of operation 21210680 : EXECUTING
23:41:24 INFO  State of operation 21210680 : EXECUTING
23:41:27 INFO  State of operation 21210680 : EXECUTING
23:41:29 INFO  State of operation 21210680 : EXECUTING
23:41:32 INFO  State of operation 21210680 : EXECUTING
23:41:34 INFO  State of operation 21210680 : EXECUTING
23:41:36 INFO  State of operation 21210680 : EXECUTING
23:41:38 INFO  State of operation 21210680 : EXECUTING
23:41:40 INFO  State of operation 21210680 : EXECUTING
23:41:43 INFO  State of operation 21210680 : EXECUTING
23:41:45 INFO  State of operation 21210680 : EXECUTING
23:41:47 INFO  State of operation 21210680 : EXECUTING
23:41:50 INFO  State of operation 21210680 : EXECUTING
23:41:53 INFO  State of operation 21210680 : EXECUTING
23:41:55 INFO  State of operation 21210680 : EXECUTING
23:41:57 INFO  State of operation 21210680 : EXECUTING
23:41:59 INFO  State of operation 21210680 : EXECUTING
23:42:02 INFO  State of operation 21210680 : EXECUTING
23:42:04 INFO  State of operation 21210680 : EXECUTING
23:42:06 INFO  State of operation 21210680 : EXECUTING
23:42:09 INFO  State of operation 21210680 : EXECUTING
23:42:11 INFO  State of operation 21210680 : EXECUTING
23:42:14 INFO  State of operation 21210680 : EXECUTING
23:42:16 INFO  State of operation 21210680 : EXECUTING
23:42:18 INFO  State of operation 21210680 : EXECUTING
23:42:21 INFO  State of operation 21210680 : SUCCESSFUL
23:42:21 INFO  Assert that (False == value) with value=False ... passed
23:42:21 INFO  Assert that (False == value) with value=False ... passed
23:42:21 INFO  Assert that (False == value) with value=False ... passed
23:42:21 INFO  Assert that (False == value) with value=False ... passed
23:42:21 INFO  
23:42:21 INFO  cleanup:
23:42:26 INFO  Executed sudo&lt;tedge_disconnect_c8y&gt;, exit status 0
23:42:26 INFO  Executed systemctl&lt;serv_mapper5&gt;, exit status 3
23:42:26 INFO  
23:42:26 INFO  Test duration: 193.43 secs
23:42:26 INFO  Test final outcome:  FAILED
23:42:26 INFO  Test outcome reason: Assert that (False == value) with value=True
23:42:26 INFO  
</system-out>
	</testcase>
</testsuite>
