<?xml version="1.0" encoding="utf-8"?>
<testsuite failures="1" name="SoftwareManagement.sm_apt_install_remove_multiple_mixed" skipped="0" tests="1" time="179.09" timestamp="2022-05-20T12:02:31">
	<testcase classname="PySysTest" name="SoftwareManagement.sm_apt_install_remove_multiple_mixed">
		<failure message="BLOCKED: SystemError: Timeout while waiting for status SUCCESSFUL or False" type="BLOCKED"/>
		<system-out>11:59:32 INFO  ==============================================================
11:59:32 INFO  Id:    SoftwareManagement.sm_apt_install_remove_multiple_mixed
11:59:32 INFO  Dir:   software_management_end_to_end/
11:59:32 INFO  Title: Validate end to end behaviour for the apt plugin for multiple packages with mixed versions
11:59:32 INFO  ==============================================================
11:59:32 INFO  Using sw id database: {'asciijump': '5475369', 'robotfindskitten': '5474869', 'squirrel3': '5475279', 'rolldice': '5152439', 'moon-buggy': '5439204', 'apple': '5495053', 'banana': '5494888', 'cherry': '5495382', 'watermelon': '5494510', 'registry': '8018911', 'hello-world': '8021526', 'docker/getting-started': '8021973', 'alpine': '7991792'}
11:59:32 INFO  EnvironmentC8y Setup
11:59:32 INFO  Executed systemctl&lt;serv_mapper1&gt;, exit status 3
11:59:32 INFO  Restarting mosquitto too frequently in the last 10 seconds. It was only up for 4 seconds
11:59:32 INFO  Delaying execution by 7 seconds
11:59:53 INFO  Executed sudo&lt;tedge_connect_c8y&gt;, exit status 0, duration 13 secs
11:59:54 INFO  Executed sudo&lt;tedge_connect_c8y_test&gt;, exit status 0
11:59:54 INFO  Executed systemctl&lt;serv_mosq2&gt;, exit status 0
11:59:55 INFO  Executed systemctl&lt;serv_mapper3&gt;, exit status 0
11:59:57 INFO  State of current operation: SUCCESSFUL
11:59:57 INFO  Assert that (False == value) with value=False ... passed
11:59:57 INFO  Assert that (False == value) with value=False ... passed
11:59:58 INFO  Assert that (False == value) with value=False ... passed
11:59:58 INFO  Assert that (False == value) with value=False ... passed
11:59:58 INFO  Assert that (False == value) with value=False ... passed
11:59:59 INFO  Response status: 201
11:59:59 INFO  Response to action: {
    &quot;delivery&quot;: {
        &quot;log&quot;: [],
        &quot;time&quot;: &quot;2022-05-20T11:59:59.842Z&quot;,
        &quot;status&quot;: &quot;PENDING&quot;
    },
    &quot;creationTime&quot;: &quot;2022-05-20T11:59:59.819Z&quot;,
    &quot;deviceId&quot;: &quot;19392643&quot;,
    &quot;deviceName&quot;: &quot;m32sd10a&quot;,
    &quot;self&quot;: &quot;https://t493319102.eu-latest.cumulocity.com/devicecontrol/operations/19409332&quot;,
    &quot;id&quot;: &quot;19409332&quot;,
    &quot;status&quot;: &quot;PENDING&quot;,
    &quot;description&quot;: &quot;Apply software changes, triggered from PySys: [{'action': 'install', 'id': '5475369', 'name': 'asciijump', 'url': ' ', 'version': '::apt'}, {'action': 'install', 'id': '5474869', 'name': 'robotfindskitten', 'url': ' ', 'version': ' '}, {'action': 'install', 'id': '5475279', 'name': 'squirrel3', 'url': ' ', 'version': '3.1-7::apt'}, {'action': 'install', 'id': '5152439', 'name': 'rolldice', 'url': ' ', 'version': '1.16-1+b1'}, {'action': 'install', 'id': '5439204', 'name': 'moon-buggy', 'url': ' ', 'version': '1:1.0.51-12'}, {'action': 'install', 'id': '5475369', 'name': 'asciijump', 'url': ' ', 'version': '::apt'}]&quot;,
    &quot;c8y_SoftwareUpdate&quot;: [
        {
            &quot;name&quot;: &quot;asciijump&quot;,
            &quot;action&quot;: &quot;install&quot;,
            &quot;id&quot;: &quot;5475369&quot;,
            &quot;version&quot;: &quot;::apt&quot;,
            &quot;url&quot;: &quot; &quot;
        },
        {
            &quot;name&quot;: &quot;robotfindskitten&quot;,
            &quot;action&quot;: &quot;install&quot;,
            &quot;id&quot;: &quot;5474869&quot;,
            &quot;version&quot;: &quot; &quot;,
            &quot;url&quot;: &quot; &quot;
        },
        {
            &quot;name&quot;: &quot;squirrel3&quot;,
            &quot;action&quot;: &quot;install&quot;,
            &quot;id&quot;: &quot;5475279&quot;,
            &quot;version&quot;: &quot;3.1-7::apt&quot;,
            &quot;url&quot;: &quot; &quot;
        },
        {
            &quot;name&quot;: &quot;rolldice&quot;,
            &quot;action&quot;: &quot;install&quot;,
            &quot;id&quot;: &quot;5152439&quot;,
            &quot;version&quot;: &quot;1.16-1+b1&quot;,
            &quot;url&quot;: &quot; &quot;
        },
        {
            &quot;name&quot;: &quot;moon-buggy&quot;,
            &quot;action&quot;: &quot;install&quot;,
            &quot;id&quot;: &quot;5439204&quot;,
            &quot;version&quot;: &quot;1:1.0.51-12&quot;,
            &quot;url&quot;: &quot; &quot;
        },
        {
            &quot;name&quot;: &quot;asciijump&quot;,
            &quot;action&quot;: &quot;install&quot;,
            &quot;id&quot;: &quot;5475369&quot;,
            &quot;version&quot;: &quot;::apt&quot;,
            &quot;url&quot;: &quot; &quot;
        }
    ]
}
11:59:59 INFO  Started operation: {'delivery': {'log': [], 'time': '2022-05-20T11:59:59.842Z', 'status': 'PENDING'}, 'creationTime': '2022-05-20T11:59:59.819Z', 'deviceId': '19392643', 'deviceName': 'm32sd10a', 'self': 'https://t493319102.eu-latest.cumulocity.com/devicecontrol/operations/19409332', 'id': '19409332', 'status': 'PENDING', 'description': &quot;Apply software changes, triggered from PySys: [{'action': 'install', 'id': '5475369', 'name': 'asciijump', 'url': ' ', 'version': '::apt'}, {'action': 'install', 'id': '5474869', 'name': 'robotfindskitten', 'url': ' ', 'version': ' '}, {'action': 'install', 'id': '5475279', 'name': 'squirrel3', 'url': ' ', 'version': '3.1-7::apt'}, {'action': 'install', 'id': '5152439', 'name': 'rolldice', 'url': ' ', 'version': '1.16-1+b1'}, {'action': 'install', 'id': '5439204', 'name': 'moon-buggy', 'url': ' ', 'version': '1:1.0.51-12'}, {'action': 'install', 'id': '5475369', 'name': 'asciijump', 'url': ' ', 'version': '::apt'}]&quot;, 'c8y_SoftwareUpdate': [{'name': 'asciijump', 'action': 'install', 'id': '5475369', 'version': '::apt', 'url': ' '}, {'name': 'robotfindskitten', 'action': 'install', 'id': '5474869', 'version': ' ', 'url': ' '}, {'name': 'squirrel3', 'action': 'install', 'id': '5475279', 'version': '3.1-7::apt', 'url': ' '}, {'name': 'rolldice', 'action': 'install', 'id': '5152439', 'version': '1.16-1+b1', 'url': ' '}, {'name': 'moon-buggy', 'action': 'install', 'id': '5439204', 'version': '1:1.0.51-12', 'url': ' '}, {'name': 'asciijump', 'action': 'install', 'id': '5475369', 'version': '::apt', 'url': ' '}]}
12:00:02 INFO  State of operation 19409332 : PENDING
12:00:04 INFO  State of operation 19409332 : EXECUTING
12:00:06 INFO  State of operation 19409332 : EXECUTING
12:00:08 INFO  State of operation 19409332 : EXECUTING
12:00:11 INFO  State of operation 19409332 : EXECUTING
12:00:13 INFO  State of operation 19409332 : EXECUTING
12:00:15 INFO  State of operation 19409332 : EXECUTING
12:00:18 INFO  State of operation 19409332 : EXECUTING
12:00:21 INFO  State of operation 19409332 : EXECUTING
12:00:23 INFO  State of operation 19409332 : EXECUTING
12:00:25 INFO  State of operation 19409332 : EXECUTING
12:00:27 INFO  State of operation 19409332 : EXECUTING
12:00:30 INFO  State of operation 19409332 : EXECUTING
12:00:32 INFO  State of operation 19409332 : EXECUTING
12:00:34 INFO  State of operation 19409332 : EXECUTING
12:00:36 INFO  State of operation 19409332 : EXECUTING
12:00:39 INFO  State of operation 19409332 : EXECUTING
12:00:42 INFO  State of operation 19409332 : EXECUTING
12:00:44 INFO  State of operation 19409332 : EXECUTING
12:00:46 INFO  State of operation 19409332 : EXECUTING
12:00:48 INFO  State of operation 19409332 : EXECUTING
12:00:51 INFO  State of operation 19409332 : EXECUTING
12:00:53 INFO  State of operation 19409332 : EXECUTING
12:00:56 INFO  State of operation 19409332 : EXECUTING
12:00:58 INFO  State of operation 19409332 : EXECUTING
12:01:01 INFO  State of operation 19409332 : EXECUTING
12:01:03 INFO  State of operation 19409332 : EXECUTING
12:01:05 INFO  State of operation 19409332 : EXECUTING
12:01:07 INFO  State of operation 19409332 : EXECUTING
12:01:10 INFO  State of operation 19409332 : EXECUTING
12:01:12 INFO  State of operation 19409332 : EXECUTING
12:01:14 INFO  State of operation 19409332 : EXECUTING
12:01:17 INFO  State of operation 19409332 : EXECUTING
12:01:19 INFO  State of operation 19409332 : EXECUTING
12:01:21 INFO  State of operation 19409332 : EXECUTING
12:01:23 INFO  State of operation 19409332 : EXECUTING
12:01:25 INFO  State of operation 19409332 : EXECUTING
12:01:28 INFO  State of operation 19409332 : EXECUTING
12:01:31 INFO  State of operation 19409332 : EXECUTING
12:01:34 INFO  State of operation 19409332 : EXECUTING
12:01:36 INFO  State of operation 19409332 : EXECUTING
12:01:38 INFO  State of operation 19409332 : EXECUTING
12:01:40 INFO  State of operation 19409332 : EXECUTING
12:01:43 INFO  State of operation 19409332 : EXECUTING
12:01:45 INFO  State of operation 19409332 : EXECUTING
12:01:47 INFO  State of operation 19409332 : EXECUTING
12:01:49 INFO  State of operation 19409332 : EXECUTING
12:01:52 INFO  State of operation 19409332 : EXECUTING
12:01:54 INFO  State of operation 19409332 : EXECUTING
12:01:57 INFO  State of operation 19409332 : EXECUTING
12:01:59 INFO  State of operation 19409332 : EXECUTING
12:02:01 INFO  State of operation 19409332 : EXECUTING
12:02:03 INFO  State of operation 19409332 : EXECUTING
12:02:06 INFO  State of operation 19409332 : EXECUTING
12:02:08 INFO  State of operation 19409332 : EXECUTING
12:02:11 INFO  State of operation 19409332 : EXECUTING
12:02:13 INFO  State of operation 19409332 : EXECUTING
12:02:15 INFO  State of operation 19409332 : EXECUTING
12:02:17 INFO  State of operation 19409332 : EXECUTING
12:02:20 INFO  State of operation 19409332 : EXECUTING
12:02:22 INFO  State of operation 19409332 : EXECUTING
12:02:24 WARN  SystemError occurred while running test - Timeout while waiting for status SUCCESSFUL or False
Traceback (most recent call last):
  File &quot;/home/pi/env-pysys/lib/python3.7/site-packages/pysys/baserunner.py&quot;, line 1294, in __call__
    self.testObj.execute()
  File &quot;/home/pi/actions-runner/_work/thin-edge.io/thin-edge.io/tests/PySys/software_management_end_to_end/sm_apt_install_remove_multiple_mixed/run.py&quot;, line 89, in execute
    self.wait_until_succcess()
  File &quot;/home/pi/actions-runner/_work/thin-edge.io/thin-edge.io/tests/PySys/software_management_end_to_end/environment_sm_management.py&quot;, line 324, in wait_until_succcess
    self.wait_until_status(&quot;SUCCESSFUL&quot;)
  File &quot;/home/pi/actions-runner/_work/thin-edge.io/thin-edge.io/tests/PySys/software_management_end_to_end/environment_sm_management.py&quot;, line 381, in wait_until_status
    &quot;Timeout while waiting for status %s or %s&quot; % (status, status2)
SystemError: Timeout while waiting for status SUCCESSFUL or False
12:02:24 WARN  SystemError: Timeout while waiting for status SUCCESSFUL or False ... blocked 
12:02:24 INFO  
12:02:24 INFO  cleanup:
12:02:30 INFO  Executed sudo&lt;tedge_disconnect_c8y&gt;, exit status 0
12:02:31 INFO  Executed systemctl&lt;serv_mapper5&gt;, exit status 3
12:02:31 INFO  
12:02:31 INFO  Test duration: 179.09 secs
12:02:31 INFO  Test final outcome:  BLOCKED
12:02:31 INFO  Test outcome reason: SystemError: Timeout while waiting for status SUCCESSFUL or False
12:02:31 INFO  
</system-out>
	</testcase>
</testsuite>
