<?xml version="1.0" encoding="utf-8"?>
<testsuite failures="0" name="apt_remove_fail" skipped="0" tests="1" time="9.05" timestamp="2022-06-22T10:08:36">
	<testcase classname="AptPluginRemoveFails" name="apt_remove_fail"/>
</testsuite>
