<?xml version="1.0" encoding="utf-8"?>
<testsuite failures="0" name="apt_prepare" skipped="0" tests="1" time="18.96" timestamp="2022-07-19T14:01:15">
	<testcase classname="AptPluginPrepare" name="apt_prepare"/>
</testsuite>
