<?xml version="1.0" encoding="utf-8"?>
<testsuite failures="1" name="SoftwareManagement.sm_apt_install_remove" skipped="0" tests="1" time="166.05" timestamp="2022-05-23T19:48:57">
	<testcase classname="PySysTest" name="SoftwareManagement.sm_apt_install_remove">
		<failure message="BLOCKED: SystemError: Timeout while waiting for status FAILED or SUCCESSFUL" type="BLOCKED"/>
		<system-out>19:46:11 INFO  ==============================================================
19:46:11 INFO  Id:    SoftwareManagement.sm_apt_install_remove
19:46:11 INFO  Dir:   software_management_end_to_end/
19:46:11 INFO  Title: Validate end to end behaviour for the apt plugin for installation and removal of packages
19:46:11 INFO  ==============================================================
19:46:11 INFO  Using sw id database: {'asciijump': '5475369', 'robotfindskitten': '5474869', 'squirrel3': '5475279', 'rolldice': '5152439', 'moon-buggy': '5439204', 'apple': '5495053', 'banana': '5494888', 'cherry': '5495382', 'watermelon': '5494510', 'registry': '8018911', 'hello-world': '8021526', 'docker/getting-started': '8021973', 'alpine': '7991792'}
19:46:11 INFO  EnvironmentC8y Setup
19:46:11 INFO  Executed systemctl&lt;serv_mapper1&gt;, exit status 3
19:46:11 INFO  Restarting mosquitto too frequently in the last 10 seconds. It was only up for 4 seconds
19:46:11 INFO  Delaying execution by 7 seconds
19:46:32 INFO  Executed sudo&lt;tedge_connect_c8y&gt;, exit status 0, duration 13 secs
19:46:33 INFO  Executed sudo&lt;tedge_connect_c8y_test&gt;, exit status 0
19:46:33 INFO  Executed systemctl&lt;serv_mosq2&gt;, exit status 0
19:46:34 INFO  Executed systemctl&lt;serv_mapper3&gt;, exit status 0
19:46:36 INFO  State of current operation: PENDING
19:46:38 INFO  State of current operation: PENDING
19:46:41 INFO  State of current operation: PENDING
19:46:43 INFO  State of current operation: PENDING
19:46:45 INFO  State of current operation: PENDING
19:46:47 INFO  State of current operation: PENDING
19:46:50 INFO  State of current operation: PENDING
19:46:52 INFO  State of current operation: PENDING
19:46:54 INFO  State of current operation: PENDING
19:46:56 INFO  State of current operation: PENDING
19:46:58 INFO  State of current operation: PENDING
19:47:01 INFO  State of current operation: PENDING
19:47:03 INFO  State of current operation: PENDING
19:47:05 INFO  State of current operation: PENDING
19:47:07 INFO  State of current operation: PENDING
19:47:10 INFO  State of current operation: PENDING
19:47:12 INFO  State of current operation: PENDING
19:47:14 INFO  State of current operation: PENDING
19:47:16 INFO  State of current operation: PENDING
19:47:19 INFO  State of current operation: PENDING
19:47:21 INFO  State of current operation: PENDING
19:47:23 INFO  State of current operation: PENDING
19:47:25 INFO  State of current operation: PENDING
19:47:28 INFO  State of current operation: PENDING
19:47:30 INFO  State of current operation: PENDING
19:47:32 INFO  State of current operation: PENDING
19:47:34 INFO  State of current operation: PENDING
19:47:36 INFO  State of current operation: PENDING
19:47:39 INFO  State of current operation: PENDING
19:47:41 INFO  State of current operation: PENDING
19:47:43 INFO  State of current operation: PENDING
19:47:45 INFO  State of current operation: PENDING
19:47:48 INFO  State of current operation: PENDING
19:47:50 INFO  State of current operation: PENDING
19:47:52 INFO  State of current operation: PENDING
19:47:54 INFO  State of current operation: PENDING
19:47:57 INFO  State of current operation: PENDING
19:47:59 INFO  State of current operation: PENDING
19:48:01 INFO  State of current operation: PENDING
19:48:03 INFO  State of current operation: PENDING
19:48:05 INFO  State of current operation: PENDING
19:48:08 INFO  State of current operation: PENDING
19:48:10 INFO  State of current operation: PENDING
19:48:12 INFO  State of current operation: PENDING
19:48:14 INFO  State of current operation: PENDING
19:48:17 INFO  State of current operation: PENDING
19:48:19 INFO  State of current operation: PENDING
19:48:21 INFO  State of current operation: PENDING
19:48:23 INFO  State of current operation: PENDING
19:48:25 INFO  State of current operation: PENDING
19:48:28 INFO  State of current operation: PENDING
19:48:30 INFO  State of current operation: PENDING
19:48:32 INFO  State of current operation: PENDING
19:48:34 INFO  State of current operation: PENDING
19:48:37 INFO  State of current operation: PENDING
19:48:39 INFO  State of current operation: PENDING
19:48:41 INFO  State of current operation: PENDING
19:48:43 INFO  State of current operation: PENDING
19:48:46 INFO  State of current operation: PENDING
19:48:48 INFO  State of current operation: PENDING
19:48:50 INFO  State of current operation: PENDING
19:48:52 WARN  SystemError occurred while running test - Timeout while waiting for status FAILED or SUCCESSFUL
Traceback (most recent call last):
  File &quot;/home/pi/env-pysys/lib/python3.7/site-packages/pysys/baserunner.py&quot;, line 1292, in __call__
    self.testObj.setup()
  File &quot;/home/pi/actions-runner/_work/thin-edge.io/thin-edge.io/tests/PySys/software_management_end_to_end/sm_apt_install_remove/run.py&quot;, line 27, in setup
    super().setup()
  File &quot;/home/pi/actions-runner/_work/thin-edge.io/thin-edge.io/tests/PySys/software_management_end_to_end/environment_sm_management.py&quot;, line 151, in setup
    self.wait_until_end()
  File &quot;/home/pi/actions-runner/_work/thin-edge.io/thin-edge.io/tests/PySys/software_management_end_to_end/environment_sm_management.py&quot;, line 332, in wait_until_end
    self.wait_until_status(&quot;FAILED&quot;, &quot;SUCCESSFUL&quot;)
  File &quot;/home/pi/actions-runner/_work/thin-edge.io/thin-edge.io/tests/PySys/software_management_end_to_end/environment_sm_management.py&quot;, line 381, in wait_until_status
    &quot;Timeout while waiting for status %s or %s&quot; % (status, status2)
SystemError: Timeout while waiting for status FAILED or SUCCESSFUL
19:48:52 WARN  SystemError: Timeout while waiting for status FAILED or SUCCESSFUL ... blocked 
19:48:52 INFO  
19:48:52 INFO  cleanup:
19:48:56 INFO  Executed sudo&lt;tedge_disconnect_c8y&gt;, exit status 0
19:48:57 INFO  Executed systemctl&lt;serv_mapper5&gt;, exit status 3
19:48:57 INFO  
19:48:57 INFO  Test duration: 166.05 secs
19:48:57 INFO  Test final outcome:  BLOCKED
19:48:57 INFO  Test outcome reason: SystemError: Timeout while waiting for status FAILED or SUCCESSFUL
19:48:57 INFO  
</system-out>
	</testcase>
</testsuite>
