<?xml version="1.0" encoding="utf-8"?>
<testsuite failures="1" name="SoftwareManagement.sm_apt_install_remove_default" skipped="0" tests="1" time="167.13" timestamp="2022-05-25T13:27:35">
	<testcase classname="PySysTest" name="SoftwareManagement.sm_apt_install_remove_default">
		<failure message="BLOCKED: SystemError: Timeout while waiting for status FAILED or SUCCESSFUL" type="BLOCKED"/>
		<system-out>13:24:48 INFO  ==============================================================
13:24:48 INFO  Id:    SoftwareManagement.sm_apt_install_remove_default
13:24:48 INFO  Dir:   software_management_end_to_end/
13:24:48 INFO  Title: Validate end to end behaviour for the default plugin for installation and removal of packages
13:24:48 INFO  ==============================================================
13:24:48 INFO  Using sw id database: {'asciijump': '5475369', 'robotfindskitten': '5474869', 'squirrel3': '5475279', 'rolldice': '5152439', 'moon-buggy': '5439204', 'apple': '5495053', 'banana': '5494888', 'cherry': '5495382', 'watermelon': '5494510', 'registry': '8018911', 'hello-world': '8021526', 'docker/getting-started': '8021973', 'alpine': '7991792'}
13:24:48 INFO  EnvironmentC8y Setup
13:24:49 INFO  Executed systemctl&lt;serv_mapper1&gt;, exit status 3
13:24:49 INFO  Restarting mosquitto too frequently in the last 10 seconds. It was only up for 5 seconds
13:24:49 INFO  Delaying execution by 6 seconds
13:25:10 INFO  Executed sudo&lt;tedge_connect_c8y&gt;, exit status 0, duration 14 secs
13:25:10 INFO  Executed sudo&lt;tedge_connect_c8y_test&gt;, exit status 0
13:25:11 INFO  Executed systemctl&lt;serv_mosq2&gt;, exit status 0
13:25:11 INFO  Executed systemctl&lt;serv_mapper3&gt;, exit status 0
13:25:13 INFO  State of current operation: PENDING
13:25:16 INFO  State of current operation: PENDING
13:25:18 INFO  State of current operation: PENDING
13:25:21 INFO  State of current operation: PENDING
13:25:23 INFO  State of current operation: PENDING
13:25:25 INFO  State of current operation: PENDING
13:25:27 INFO  State of current operation: PENDING
13:25:30 INFO  State of current operation: PENDING
13:25:32 INFO  State of current operation: PENDING
13:25:34 INFO  State of current operation: PENDING
13:25:37 INFO  State of current operation: PENDING
13:25:39 INFO  State of current operation: PENDING
13:25:41 INFO  State of current operation: PENDING
13:25:43 INFO  State of current operation: PENDING
13:25:46 INFO  State of current operation: PENDING
13:25:48 INFO  State of current operation: PENDING
13:25:50 INFO  State of current operation: PENDING
13:25:52 INFO  State of current operation: PENDING
13:25:55 INFO  State of current operation: PENDING
13:25:57 INFO  State of current operation: PENDING
13:25:59 INFO  State of current operation: PENDING
13:26:01 INFO  State of current operation: PENDING
13:26:04 INFO  State of current operation: PENDING
13:26:06 INFO  State of current operation: PENDING
13:26:08 INFO  State of current operation: PENDING
13:26:10 INFO  State of current operation: PENDING
13:26:13 INFO  State of current operation: PENDING
13:26:15 INFO  State of current operation: PENDING
13:26:17 INFO  State of current operation: PENDING
13:26:19 INFO  State of current operation: PENDING
13:26:21 INFO  State of current operation: PENDING
13:26:24 INFO  State of current operation: PENDING
13:26:26 INFO  State of current operation: PENDING
13:26:28 INFO  State of current operation: PENDING
13:26:31 INFO  State of current operation: PENDING
13:26:33 INFO  State of current operation: PENDING
13:26:35 INFO  State of current operation: PENDING
13:26:37 INFO  State of current operation: PENDING
13:26:39 INFO  State of current operation: PENDING
13:26:42 INFO  State of current operation: PENDING
13:26:44 INFO  State of current operation: PENDING
13:26:46 INFO  State of current operation: PENDING
13:26:48 INFO  State of current operation: PENDING
13:26:51 INFO  State of current operation: PENDING
13:26:53 INFO  State of current operation: PENDING
13:26:55 INFO  State of current operation: PENDING
13:26:57 INFO  State of current operation: PENDING
13:27:00 INFO  State of current operation: PENDING
13:27:02 INFO  State of current operation: PENDING
13:27:04 INFO  State of current operation: PENDING
13:27:06 INFO  State of current operation: PENDING
13:27:08 INFO  State of current operation: PENDING
13:27:11 INFO  State of current operation: PENDING
13:27:13 INFO  State of current operation: PENDING
13:27:15 INFO  State of current operation: PENDING
13:27:18 INFO  State of current operation: PENDING
13:27:20 INFO  State of current operation: PENDING
13:27:22 INFO  State of current operation: PENDING
13:27:24 INFO  State of current operation: PENDING
13:27:26 INFO  State of current operation: PENDING
13:27:29 INFO  State of current operation: PENDING
13:27:31 WARN  SystemError occurred while running test - Timeout while waiting for status FAILED or SUCCESSFUL
Traceback (most recent call last):
  File &quot;/home/pi/env-pysys/lib/python3.7/site-packages/pysys/baserunner.py&quot;, line 1292, in __call__
    self.testObj.setup()
  File &quot;/home/pi/actions-runner/_work/thin-edge.io/thin-edge.io/tests/PySys/software_management_end_to_end/sm_apt_install_remove_default/run.py&quot;, line 26, in setup
    super().setup()
  File &quot;/home/pi/actions-runner/_work/thin-edge.io/thin-edge.io/tests/PySys/software_management_end_to_end/environment_sm_management.py&quot;, line 151, in setup
    self.wait_until_end()
  File &quot;/home/pi/actions-runner/_work/thin-edge.io/thin-edge.io/tests/PySys/software_management_end_to_end/environment_sm_management.py&quot;, line 332, in wait_until_end
    self.wait_until_status(&quot;FAILED&quot;, &quot;SUCCESSFUL&quot;)
  File &quot;/home/pi/actions-runner/_work/thin-edge.io/thin-edge.io/tests/PySys/software_management_end_to_end/environment_sm_management.py&quot;, line 381, in wait_until_status
    &quot;Timeout while waiting for status %s or %s&quot; % (status, status2)
SystemError: Timeout while waiting for status FAILED or SUCCESSFUL
13:27:31 WARN  SystemError: Timeout while waiting for status FAILED or SUCCESSFUL ... blocked 
13:27:31 INFO  
13:27:31 INFO  cleanup:
13:27:35 INFO  Executed sudo&lt;tedge_disconnect_c8y&gt;, exit status 0
13:27:35 INFO  Executed systemctl&lt;serv_mapper5&gt;, exit status 3
13:27:35 INFO  
13:27:35 INFO  Test duration: 167.13 secs
13:27:35 INFO  Test final outcome:  BLOCKED
13:27:35 INFO  Test outcome reason: SystemError: Timeout while waiting for status FAILED or SUCCESSFUL
13:27:35 INFO  
</system-out>
	</testcase>
</testsuite>
