<?xml version="1.0" encoding="utf-8"?>
<testsuite failures="0" name="apt_finalize" skipped="0" tests="1" time="131.38" timestamp="2022-07-25T12:07:58">
	<testcase classname="AptPluginFinalize" name="apt_finalize"/>
</testsuite>
