<?xml version="1.0" encoding="utf-8"?>
<testsuite failures="0" name="apt_prepare" skipped="0" tests="1" time="21.93" timestamp="2022-07-13T11:57:58">
	<testcase classname="AptPluginPrepare" name="apt_prepare"/>
</testsuite>
