<?xml version="1.0" encoding="utf-8"?>
<testsuite failures="0" name="apt_finalize" skipped="0" tests="1" time="150.37" timestamp="2022-06-20T15:16:25">
	<testcase classname="AptPluginFinalize" name="apt_finalize"/>
</testsuite>
