<?xml version="1.0" encoding="utf-8"?>
<testsuite failures="0" name="apt_prepare" skipped="0" tests="1" time="20.91" timestamp="2022-07-25T08:53:09">
	<testcase classname="AptPluginPrepare" name="apt_prepare"/>
</testsuite>
