<?xml version="1.0" encoding="utf-8"?>
<testsuite failures="0" name="apt_sequence_install_with_version_fail" skipped="0" tests="1" time="15.99" timestamp="2022-07-26T07:44:01">
	<testcase classname="AptPluginInstallWithVersionFails" name="apt_sequence_install_with_version_fail"/>
</testsuite>
