<?xml version="1.0" encoding="utf-8"?>
<testsuite failures="1" name="SoftwareManagement.sm_apt_install_remove_multiple" skipped="0" tests="1" time="179.85" timestamp="2022-07-22T18:10:43">
	<testcase classname="PySysTest" name="SoftwareManagement.sm_apt_install_remove_multiple">
		<failure message="FAILED: Assert that (False == value) with value=True" type="FAILED"/>
		<system-out>18:07:43 INFO  ==============================================================
18:07:43 INFO  Id:    SoftwareManagement.sm_apt_install_remove_multiple
18:07:43 INFO  Dir:   software_management_end_to_end/
18:07:43 INFO  Title: Validate end to end behaviour for the apt plugin for multiple packages
18:07:43 INFO  ==============================================================
18:07:43 INFO  Using sw id database: {'asciijump': '5475369', 'robotfindskitten': '5474869', 'squirrel3': '5475279', 'rolldice': '5152439', 'moon-buggy': '5439204', 'apple': '5495053', 'banana': '5494888', 'cherry': '5495382', 'watermelon': '5494510', 'registry': '8018911', 'hello-world': '8021526', 'docker/getting-started': '8021973', 'alpine': '7991792'}
18:07:43 INFO  EnvironmentC8y Setup
18:07:44 INFO  Executed systemctl&lt;serv_mapper1&gt;, exit status 3
18:07:44 INFO  Restarting mosquitto too frequently in the last 10 seconds. It was only up for 4 seconds
18:07:44 INFO  Delaying execution by 7 seconds
18:08:05 INFO  Executed sudo&lt;tedge_connect_c8y&gt;, exit status 0, duration 14 secs
18:08:05 INFO  Executed sudo&lt;tedge_connect_c8y_test&gt;, exit status 0
18:08:06 INFO  Executed systemctl&lt;serv_mosq2&gt;, exit status 0
18:08:06 INFO  Executed systemctl&lt;serv_mapper3&gt;, exit status 0
18:08:09 INFO  State of current operation: SUCCESSFUL
18:08:09 INFO  Assert that (False == value) with value=False ... passed
18:08:09 INFO  Assert that (False == value) with value=False ... passed
18:08:09 INFO  Assert that (False == value) with value=False ... passed
18:08:10 INFO  Package robotfindskitten is installed
18:08:10 WARN  Assert that (False == value) with value=True ... failed 
18:08:10 INFO  Response status: 201
18:08:10 INFO  Response to action: {
    &quot;creationTime&quot;: &quot;2022-07-22T18:08:10.334Z&quot;,
    &quot;deviceId&quot;: &quot;21301717&quot;,
    &quot;deviceName&quot;: &quot;m32sd10a&quot;,
    &quot;self&quot;: &quot;https://t493319102.eu-latest.cumulocity.com/devicecontrol/operations/21313439&quot;,
    &quot;id&quot;: &quot;21313439&quot;,
    &quot;status&quot;: &quot;PENDING&quot;,
    &quot;description&quot;: &quot;Apply software changes, triggered from PySys: [{'action': 'install', 'id': '5475369', 'name': 'asciijump', 'url': ' ', 'version': '::apt'}, {'action': 'install', 'id': '5474869', 'name': 'robotfindskitten', 'url': ' ', 'version': '::apt'}, {'action': 'install', 'id': '5475279', 'name': 'squirrel3', 'url': ' ', 'version': '::apt'}]&quot;,
    &quot;c8y_SoftwareUpdate&quot;: [
        {
            &quot;name&quot;: &quot;asciijump&quot;,
            &quot;action&quot;: &quot;install&quot;,
            &quot;id&quot;: &quot;5475369&quot;,
            &quot;version&quot;: &quot;::apt&quot;,
            &quot;url&quot;: &quot; &quot;
        },
        {
            &quot;name&quot;: &quot;robotfindskitten&quot;,
            &quot;action&quot;: &quot;install&quot;,
            &quot;id&quot;: &quot;5474869&quot;,
            &quot;version&quot;: &quot;::apt&quot;,
            &quot;url&quot;: &quot; &quot;
        },
        {
            &quot;name&quot;: &quot;squirrel3&quot;,
            &quot;action&quot;: &quot;install&quot;,
            &quot;id&quot;: &quot;5475279&quot;,
            &quot;version&quot;: &quot;::apt&quot;,
            &quot;url&quot;: &quot; &quot;
        }
    ]
}
18:08:10 INFO  Started operation: {'creationTime': '2022-07-22T18:08:10.334Z', 'deviceId': '21301717', 'deviceName': 'm32sd10a', 'self': 'https://t493319102.eu-latest.cumulocity.com/devicecontrol/operations/21313439', 'id': '21313439', 'status': 'PENDING', 'description': &quot;Apply software changes, triggered from PySys: [{'action': 'install', 'id': '5475369', 'name': 'asciijump', 'url': ' ', 'version': '::apt'}, {'action': 'install', 'id': '5474869', 'name': 'robotfindskitten', 'url': ' ', 'version': '::apt'}, {'action': 'install', 'id': '5475279', 'name': 'squirrel3', 'url': ' ', 'version': '::apt'}]&quot;, 'c8y_SoftwareUpdate': [{'name': 'asciijump', 'action': 'install', 'id': '5475369', 'version': '::apt', 'url': ' '}, {'name': 'robotfindskitten', 'action': 'install', 'id': '5474869', 'version': '::apt', 'url': ' '}, {'name': 'squirrel3', 'action': 'install', 'id': '5475279', 'version': '::apt', 'url': ' '}]}
18:08:12 INFO  State of operation 21313439 : PENDING
18:08:14 INFO  State of operation 21313439 : EXECUTING
18:08:17 INFO  State of operation 21313439 : EXECUTING
18:08:19 INFO  State of operation 21313439 : EXECUTING
18:08:21 INFO  State of operation 21313439 : EXECUTING
18:08:23 INFO  State of operation 21313439 : EXECUTING
18:08:26 INFO  State of operation 21313439 : EXECUTING
18:08:29 INFO  State of operation 21313439 : EXECUTING
18:08:31 INFO  State of operation 21313439 : EXECUTING
18:08:34 INFO  State of operation 21313439 : EXECUTING
18:08:36 INFO  State of operation 21313439 : EXECUTING
18:08:38 INFO  State of operation 21313439 : EXECUTING
18:08:40 INFO  State of operation 21313439 : EXECUTING
18:08:43 INFO  State of operation 21313439 : EXECUTING
18:08:45 INFO  State of operation 21313439 : EXECUTING
18:08:47 INFO  State of operation 21313439 : EXECUTING
18:08:50 INFO  State of operation 21313439 : EXECUTING
18:08:53 INFO  State of operation 21313439 : EXECUTING
18:08:55 INFO  State of operation 21313439 : EXECUTING
18:08:57 INFO  State of operation 21313439 : EXECUTING
18:08:59 INFO  State of operation 21313439 : EXECUTING
18:09:02 INFO  State of operation 21313439 : EXECUTING
18:09:04 INFO  State of operation 21313439 : EXECUTING
18:09:07 INFO  State of operation 21313439 : EXECUTING
18:09:09 INFO  State of operation 21313439 : EXECUTING
18:09:12 INFO  State of operation 21313439 : EXECUTING
18:09:15 INFO  State of operation 21313439 : EXECUTING
18:09:17 INFO  State of operation 21313439 : EXECUTING
18:09:19 INFO  State of operation 21313439 : EXECUTING
18:09:22 INFO  State of operation 21313439 : EXECUTING
18:09:24 INFO  State of operation 21313439 : EXECUTING
18:09:26 INFO  State of operation 21313439 : EXECUTING
18:09:28 INFO  State of operation 21313439 : EXECUTING
18:09:31 INFO  State of operation 21313439 : SUCCESSFUL
18:09:31 INFO  Assert that (False == value) with value=False ... passed
18:09:31 INFO  Package asciijump is installed
18:09:31 INFO  Assert that (True == value) with value=True ... passed
18:09:31 INFO  Package squirrel3 is installed
18:09:31 INFO  Assert that (True == value) with value=True ... passed
18:09:32 INFO  Package robotfindskitten is installed
18:09:32 INFO  Assert that (True == value) with value=True ... passed
18:09:32 INFO  Response status: 201
18:09:32 INFO  Response to action: {
    &quot;creationTime&quot;: &quot;2022-07-22T18:09:32.189Z&quot;,
    &quot;deviceId&quot;: &quot;21301717&quot;,
    &quot;deviceName&quot;: &quot;m32sd10a&quot;,
    &quot;self&quot;: &quot;https://t493319102.eu-latest.cumulocity.com/devicecontrol/operations/21313445&quot;,
    &quot;id&quot;: &quot;21313445&quot;,
    &quot;status&quot;: &quot;PENDING&quot;,
    &quot;description&quot;: &quot;Apply software changes, triggered from PySys: [{'action': 'delete', 'id': '5475369', 'name': 'asciijump', 'url': ' ', 'version': '::apt'}, {'action': 'delete', 'id': '5474869', 'name': 'robotfindskitten', 'url': ' ', 'version': '::apt'}, {'action': 'delete', 'id': '5475279', 'name': 'squirrel3', 'url': ' ', 'version': '::apt'}]&quot;,
    &quot;c8y_SoftwareUpdate&quot;: [
        {
            &quot;name&quot;: &quot;asciijump&quot;,
            &quot;action&quot;: &quot;delete&quot;,
            &quot;id&quot;: &quot;5475369&quot;,
            &quot;version&quot;: &quot;::apt&quot;,
            &quot;url&quot;: &quot; &quot;
        },
        {
            &quot;name&quot;: &quot;robotfindskitten&quot;,
            &quot;action&quot;: &quot;delete&quot;,
            &quot;id&quot;: &quot;5474869&quot;,
            &quot;version&quot;: &quot;::apt&quot;,
            &quot;url&quot;: &quot; &quot;
        },
        {
            &quot;name&quot;: &quot;squirrel3&quot;,
            &quot;action&quot;: &quot;delete&quot;,
            &quot;id&quot;: &quot;5475279&quot;,
            &quot;version&quot;: &quot;::apt&quot;,
            &quot;url&quot;: &quot; &quot;
        }
    ]
}
18:09:32 INFO  Started operation: {'creationTime': '2022-07-22T18:09:32.189Z', 'deviceId': '21301717', 'deviceName': 'm32sd10a', 'self': 'https://t493319102.eu-latest.cumulocity.com/devicecontrol/operations/21313445', 'id': '21313445', 'status': 'PENDING', 'description': &quot;Apply software changes, triggered from PySys: [{'action': 'delete', 'id': '5475369', 'name': 'asciijump', 'url': ' ', 'version': '::apt'}, {'action': 'delete', 'id': '5474869', 'name': 'robotfindskitten', 'url': ' ', 'version': '::apt'}, {'action': 'delete', 'id': '5475279', 'name': 'squirrel3', 'url': ' ', 'version': '::apt'}]&quot;, 'c8y_SoftwareUpdate': [{'name': 'asciijump', 'action': 'delete', 'id': '5475369', 'version': '::apt', 'url': ' '}, {'name': 'robotfindskitten', 'action': 'delete', 'id': '5474869', 'version': '::apt', 'url': ' '}, {'name': 'squirrel3', 'action': 'delete', 'id': '5475279', 'version': '::apt', 'url': ' '}]}
18:09:34 INFO  State of operation 21313445 : PENDING
18:09:36 INFO  State of operation 21313445 : EXECUTING
18:09:38 INFO  State of operation 21313445 : EXECUTING
18:09:41 INFO  State of operation 21313445 : EXECUTING
18:09:43 INFO  State of operation 21313445 : EXECUTING
18:09:45 INFO  State of operation 21313445 : EXECUTING
18:09:48 INFO  State of operation 21313445 : EXECUTING
18:09:51 INFO  State of operation 21313445 : EXECUTING
18:09:53 INFO  State of operation 21313445 : EXECUTING
18:09:55 INFO  State of operation 21313445 : EXECUTING
18:09:58 INFO  State of operation 21313445 : EXECUTING
18:10:00 INFO  State of operation 21313445 : EXECUTING
18:10:02 INFO  State of operation 21313445 : EXECUTING
18:10:04 INFO  State of operation 21313445 : EXECUTING
18:10:07 INFO  State of operation 21313445 : EXECUTING
18:10:09 INFO  State of operation 21313445 : EXECUTING
18:10:11 INFO  State of operation 21313445 : EXECUTING
18:10:14 INFO  State of operation 21313445 : EXECUTING
18:10:17 INFO  State of operation 21313445 : EXECUTING
18:10:19 INFO  State of operation 21313445 : EXECUTING
18:10:21 INFO  State of operation 21313445 : EXECUTING
18:10:23 INFO  State of operation 21313445 : EXECUTING
18:10:25 INFO  State of operation 21313445 : EXECUTING
18:10:28 INFO  State of operation 21313445 : EXECUTING
18:10:30 INFO  State of operation 21313445 : EXECUTING
18:10:33 INFO  State of operation 21313445 : EXECUTING
18:10:35 INFO  State of operation 21313445 : EXECUTING
18:10:37 INFO  State of operation 21313445 : SUCCESSFUL
18:10:37 INFO  Assert that (False == value) with value=False ... passed
18:10:38 INFO  Assert that (False == value) with value=False ... passed
18:10:38 INFO  Assert that (False == value) with value=False ... passed
18:10:38 INFO  Assert that (False == value) with value=False ... passed
18:10:38 INFO  
18:10:38 INFO  cleanup:
18:10:42 INFO  Executed sudo&lt;tedge_disconnect_c8y&gt;, exit status 0
18:10:43 INFO  Executed systemctl&lt;serv_mapper5&gt;, exit status 3
18:10:43 INFO  
18:10:43 INFO  Test duration: 179.85 secs
18:10:43 INFO  Test final outcome:  FAILED
18:10:43 INFO  Test outcome reason: Assert that (False == value) with value=True
18:10:43 INFO  
</system-out>
	</testcase>
</testsuite>
