<?xml version="1.0" encoding="utf-8"?>
<testsuite failures="0" name="apt_finalize" skipped="0" tests="1" time="153.27" timestamp="2022-07-01T07:09:49">
	<testcase classname="AptPluginFinalize" name="apt_finalize"/>
</testsuite>
