<?xml version="1.0" encoding="utf-8"?>
<testsuite failures="1" name="SoftwareManagement.sm_apt_install_remove_multiple" skipped="0" tests="1" time="165.92" timestamp="2022-05-23T15:44:24">
	<testcase classname="PySysTest" name="SoftwareManagement.sm_apt_install_remove_multiple">
		<failure message="BLOCKED: SystemError: Timeout while waiting for status FAILED or SUCCESSFUL" type="BLOCKED"/>
		<system-out>15:41:38 INFO  ==============================================================
15:41:38 INFO  Id:    SoftwareManagement.sm_apt_install_remove_multiple
15:41:38 INFO  Dir:   software_management_end_to_end/
15:41:38 INFO  Title: Validate end to end behaviour for the apt plugin for multiple packages
15:41:38 INFO  ==============================================================
15:41:38 INFO  Using sw id database: {'asciijump': '5475369', 'robotfindskitten': '5474869', 'squirrel3': '5475279', 'rolldice': '5152439', 'moon-buggy': '5439204', 'apple': '5495053', 'banana': '5494888', 'cherry': '5495382', 'watermelon': '5494510', 'registry': '8018911', 'hello-world': '8021526', 'docker/getting-started': '8021973', 'alpine': '7991792'}
15:41:38 INFO  EnvironmentC8y Setup
15:41:39 INFO  Executed systemctl&lt;serv_mapper1&gt;, exit status 3
15:41:39 INFO  Restarting mosquitto too frequently in the last 10 seconds. It was only up for 4 seconds
15:41:39 INFO  Delaying execution by 7 seconds
15:42:00 INFO  Executed sudo&lt;tedge_connect_c8y&gt;, exit status 0, duration 13 secs
15:42:00 INFO  Executed sudo&lt;tedge_connect_c8y_test&gt;, exit status 0
15:42:01 INFO  Executed systemctl&lt;serv_mosq2&gt;, exit status 0
15:42:01 INFO  Executed systemctl&lt;serv_mapper3&gt;, exit status 0
15:42:04 INFO  State of current operation: PENDING
15:42:06 INFO  State of current operation: PENDING
15:42:08 INFO  State of current operation: PENDING
15:42:10 INFO  State of current operation: PENDING
15:42:13 INFO  State of current operation: PENDING
15:42:15 INFO  State of current operation: PENDING
15:42:17 INFO  State of current operation: PENDING
15:42:19 INFO  State of current operation: PENDING
15:42:21 INFO  State of current operation: PENDING
15:42:24 INFO  State of current operation: PENDING
15:42:26 INFO  State of current operation: PENDING
15:42:28 INFO  State of current operation: PENDING
15:42:30 INFO  State of current operation: PENDING
15:42:33 INFO  State of current operation: PENDING
15:42:35 INFO  State of current operation: PENDING
15:42:37 INFO  State of current operation: PENDING
15:42:39 INFO  State of current operation: PENDING
15:42:42 INFO  State of current operation: PENDING
15:42:44 INFO  State of current operation: PENDING
15:42:46 INFO  State of current operation: PENDING
15:42:48 INFO  State of current operation: PENDING
15:42:50 INFO  State of current operation: PENDING
15:42:53 INFO  State of current operation: PENDING
15:42:55 INFO  State of current operation: PENDING
15:42:57 INFO  State of current operation: PENDING
15:42:59 INFO  State of current operation: PENDING
15:43:02 INFO  State of current operation: PENDING
15:43:04 INFO  State of current operation: PENDING
15:43:06 INFO  State of current operation: PENDING
15:43:08 INFO  State of current operation: PENDING
15:43:10 INFO  State of current operation: PENDING
15:43:13 INFO  State of current operation: PENDING
15:43:15 INFO  State of current operation: PENDING
15:43:17 INFO  State of current operation: PENDING
15:43:19 INFO  State of current operation: PENDING
15:43:22 INFO  State of current operation: PENDING
15:43:24 INFO  State of current operation: PENDING
15:43:26 INFO  State of current operation: PENDING
15:43:28 INFO  State of current operation: PENDING
15:43:31 INFO  State of current operation: PENDING
15:43:33 INFO  State of current operation: PENDING
15:43:35 INFO  State of current operation: PENDING
15:43:37 INFO  State of current operation: PENDING
15:43:39 INFO  State of current operation: PENDING
15:43:42 INFO  State of current operation: PENDING
15:43:44 INFO  State of current operation: PENDING
15:43:46 INFO  State of current operation: PENDING
15:43:48 INFO  State of current operation: PENDING
15:43:51 INFO  State of current operation: PENDING
15:43:53 INFO  State of current operation: PENDING
15:43:55 INFO  State of current operation: PENDING
15:43:57 INFO  State of current operation: PENDING
15:44:00 INFO  State of current operation: PENDING
15:44:02 INFO  State of current operation: PENDING
15:44:04 INFO  State of current operation: PENDING
15:44:06 INFO  State of current operation: PENDING
15:44:08 INFO  State of current operation: PENDING
15:44:11 INFO  State of current operation: PENDING
15:44:13 INFO  State of current operation: PENDING
15:44:15 INFO  State of current operation: PENDING
15:44:17 INFO  State of current operation: PENDING
15:44:20 WARN  SystemError occurred while running test - Timeout while waiting for status FAILED or SUCCESSFUL
Traceback (most recent call last):
  File &quot;/home/pi/env-pysys/lib/python3.7/site-packages/pysys/baserunner.py&quot;, line 1292, in __call__
    self.testObj.setup()
  File &quot;/home/pi/actions-runner/_work/thin-edge.io/thin-edge.io/tests/PySys/software_management_end_to_end/sm_apt_install_remove_multiple/run.py&quot;, line 52, in setup
    super().setup()
  File &quot;/home/pi/actions-runner/_work/thin-edge.io/thin-edge.io/tests/PySys/software_management_end_to_end/environment_sm_management.py&quot;, line 151, in setup
    self.wait_until_end()
  File &quot;/home/pi/actions-runner/_work/thin-edge.io/thin-edge.io/tests/PySys/software_management_end_to_end/environment_sm_management.py&quot;, line 332, in wait_until_end
    self.wait_until_status(&quot;FAILED&quot;, &quot;SUCCESSFUL&quot;)
  File &quot;/home/pi/actions-runner/_work/thin-edge.io/thin-edge.io/tests/PySys/software_management_end_to_end/environment_sm_management.py&quot;, line 381, in wait_until_status
    &quot;Timeout while waiting for status %s or %s&quot; % (status, status2)
SystemError: Timeout while waiting for status FAILED or SUCCESSFUL
15:44:20 WARN  SystemError: Timeout while waiting for status FAILED or SUCCESSFUL ... blocked 
15:44:20 INFO  
15:44:20 INFO  cleanup:
15:44:24 INFO  Executed sudo&lt;tedge_disconnect_c8y&gt;, exit status 0
15:44:24 INFO  Executed systemctl&lt;serv_mapper5&gt;, exit status 3
15:44:24 INFO  
15:44:24 INFO  Test duration: 165.92 secs
15:44:24 INFO  Test final outcome:  BLOCKED
15:44:24 INFO  Test outcome reason: SystemError: Timeout while waiting for status FAILED or SUCCESSFUL
15:44:24 INFO  
</system-out>
	</testcase>
</testsuite>
