<?xml version="1.0" encoding="utf-8"?>
<testsuite failures="0" name="apt_prepare" skipped="0" tests="1" time="19.22" timestamp="2022-07-25T13:54:48">
	<testcase classname="AptPluginPrepare" name="apt_prepare"/>
</testsuite>
