<?xml version="1.0" encoding="utf-8"?>
<testsuite failures="0" name="apt_update_list" skipped="0" tests="1" time="168.72" timestamp="2022-07-21T23:32:29">
	<testcase classname="AptPluginUpdateList" name="apt_update_list"/>
</testsuite>
