<?xml version="1.0" encoding="utf-8"?>
<testsuite failures="1" name="SoftwareManagement.sm_apt_install_remove_multiple" skipped="0" tests="1" time="179.41" timestamp="2022-07-16T18:01:08">
	<testcase classname="PySysTest" name="SoftwareManagement.sm_apt_install_remove_multiple">
		<failure message="FAILED: Assert that (False == value) with value=True" type="FAILED"/>
		<system-out>17:58:09 INFO  ==============================================================
17:58:09 INFO  Id:    SoftwareManagement.sm_apt_install_remove_multiple
17:58:09 INFO  Dir:   software_management_end_to_end/
17:58:09 INFO  Title: Validate end to end behaviour for the apt plugin for multiple packages
17:58:09 INFO  ==============================================================
17:58:09 INFO  Using sw id database: {'asciijump': '5475369', 'robotfindskitten': '5474869', 'squirrel3': '5475279', 'rolldice': '5152439', 'moon-buggy': '5439204', 'apple': '5495053', 'banana': '5494888', 'cherry': '5495382', 'watermelon': '5494510', 'registry': '8018911', 'hello-world': '8021526', 'docker/getting-started': '8021973', 'alpine': '7991792'}
17:58:09 INFO  EnvironmentC8y Setup
17:58:09 INFO  Executed systemctl&lt;serv_mapper1&gt;, exit status 3
17:58:09 INFO  Restarting mosquitto too frequently in the last 10 seconds. It was only up for 5 seconds
17:58:09 INFO  Delaying execution by 6 seconds
17:58:30 INFO  Executed sudo&lt;tedge_connect_c8y&gt;, exit status 0, duration 14 secs
17:58:31 INFO  Executed sudo&lt;tedge_connect_c8y_test&gt;, exit status 0
17:58:31 INFO  Executed systemctl&lt;serv_mosq2&gt;, exit status 0
17:58:32 INFO  Executed systemctl&lt;serv_mapper3&gt;, exit status 0
17:58:34 INFO  State of current operation: SUCCESSFUL
17:58:34 INFO  Assert that (False == value) with value=False ... passed
17:58:34 INFO  Assert that (False == value) with value=False ... passed
17:58:35 INFO  Assert that (False == value) with value=False ... passed
17:58:35 INFO  Package robotfindskitten is installed
17:58:35 WARN  Assert that (False == value) with value=True ... failed 
17:58:35 INFO  Response status: 201
17:58:35 INFO  Response to action: {
    &quot;creationTime&quot;: &quot;2022-07-16T17:58:35.608Z&quot;,
    &quot;deviceName&quot;: &quot;m32sd10c&quot;,
    &quot;deviceId&quot;: &quot;20964972&quot;,
    &quot;self&quot;: &quot;https://t493319102.eu-latest.cumulocity.com/devicecontrol/operations/20974206&quot;,
    &quot;id&quot;: &quot;20974206&quot;,
    &quot;status&quot;: &quot;PENDING&quot;,
    &quot;description&quot;: &quot;Apply software changes, triggered from PySys: [{'action': 'install', 'id': '5475369', 'name': 'asciijump', 'url': ' ', 'version': '::apt'}, {'action': 'install', 'id': '5474869', 'name': 'robotfindskitten', 'url': ' ', 'version': '::apt'}, {'action': 'install', 'id': '5475279', 'name': 'squirrel3', 'url': ' ', 'version': '::apt'}]&quot;,
    &quot;c8y_SoftwareUpdate&quot;: [
        {
            &quot;name&quot;: &quot;asciijump&quot;,
            &quot;action&quot;: &quot;install&quot;,
            &quot;id&quot;: &quot;5475369&quot;,
            &quot;version&quot;: &quot;::apt&quot;,
            &quot;url&quot;: &quot; &quot;
        },
        {
            &quot;name&quot;: &quot;robotfindskitten&quot;,
            &quot;action&quot;: &quot;install&quot;,
            &quot;id&quot;: &quot;5474869&quot;,
            &quot;version&quot;: &quot;::apt&quot;,
            &quot;url&quot;: &quot; &quot;
        },
        {
            &quot;name&quot;: &quot;squirrel3&quot;,
            &quot;action&quot;: &quot;install&quot;,
            &quot;id&quot;: &quot;5475279&quot;,
            &quot;version&quot;: &quot;::apt&quot;,
            &quot;url&quot;: &quot; &quot;
        }
    ]
}
17:58:35 INFO  Started operation: {'creationTime': '2022-07-16T17:58:35.608Z', 'deviceName': 'm32sd10c', 'deviceId': '20964972', 'self': 'https://t493319102.eu-latest.cumulocity.com/devicecontrol/operations/20974206', 'id': '20974206', 'status': 'PENDING', 'description': &quot;Apply software changes, triggered from PySys: [{'action': 'install', 'id': '5475369', 'name': 'asciijump', 'url': ' ', 'version': '::apt'}, {'action': 'install', 'id': '5474869', 'name': 'robotfindskitten', 'url': ' ', 'version': '::apt'}, {'action': 'install', 'id': '5475279', 'name': 'squirrel3', 'url': ' ', 'version': '::apt'}]&quot;, 'c8y_SoftwareUpdate': [{'name': 'asciijump', 'action': 'install', 'id': '5475369', 'version': '::apt', 'url': ' '}, {'name': 'robotfindskitten', 'action': 'install', 'id': '5474869', 'version': '::apt', 'url': ' '}, {'name': 'squirrel3', 'action': 'install', 'id': '5475279', 'version': '::apt', 'url': ' '}]}
17:58:37 INFO  State of operation 20974206 : PENDING
17:58:40 INFO  State of operation 20974206 : EXECUTING
17:58:42 INFO  State of operation 20974206 : EXECUTING
17:58:44 INFO  State of operation 20974206 : EXECUTING
17:58:46 INFO  State of operation 20974206 : EXECUTING
17:58:48 INFO  State of operation 20974206 : EXECUTING
17:58:51 INFO  State of operation 20974206 : EXECUTING
17:58:54 INFO  State of operation 20974206 : EXECUTING
17:58:57 INFO  State of operation 20974206 : EXECUTING
17:58:59 INFO  State of operation 20974206 : EXECUTING
17:59:01 INFO  State of operation 20974206 : EXECUTING
17:59:03 INFO  State of operation 20974206 : EXECUTING
17:59:05 INFO  State of operation 20974206 : EXECUTING
17:59:08 INFO  State of operation 20974206 : EXECUTING
17:59:10 INFO  State of operation 20974206 : EXECUTING
17:59:12 INFO  State of operation 20974206 : EXECUTING
17:59:15 INFO  State of operation 20974206 : EXECUTING
17:59:17 INFO  State of operation 20974206 : EXECUTING
17:59:20 INFO  State of operation 20974206 : EXECUTING
17:59:22 INFO  State of operation 20974206 : EXECUTING
17:59:24 INFO  State of operation 20974206 : EXECUTING
17:59:27 INFO  State of operation 20974206 : EXECUTING
17:59:29 INFO  State of operation 20974206 : EXECUTING
17:59:32 INFO  State of operation 20974206 : EXECUTING
17:59:35 INFO  State of operation 20974206 : EXECUTING
17:59:37 INFO  State of operation 20974206 : EXECUTING
17:59:39 INFO  State of operation 20974206 : EXECUTING
17:59:41 INFO  State of operation 20974206 : EXECUTING
17:59:44 INFO  State of operation 20974206 : EXECUTING
17:59:46 INFO  State of operation 20974206 : EXECUTING
17:59:48 INFO  State of operation 20974206 : EXECUTING
17:59:50 INFO  State of operation 20974206 : EXECUTING
17:59:53 INFO  State of operation 20974206 : EXECUTING
17:59:55 INFO  State of operation 20974206 : SUCCESSFUL
17:59:55 INFO  Assert that (False == value) with value=False ... passed
17:59:55 INFO  Package asciijump is installed
17:59:55 INFO  Assert that (True == value) with value=True ... passed
17:59:56 INFO  Package squirrel3 is installed
17:59:56 INFO  Assert that (True == value) with value=True ... passed
17:59:56 INFO  Package robotfindskitten is installed
17:59:56 INFO  Assert that (True == value) with value=True ... passed
17:59:56 INFO  Response status: 201
17:59:56 INFO  Response to action: {
    &quot;creationTime&quot;: &quot;2022-07-16T17:59:56.578Z&quot;,
    &quot;deviceName&quot;: &quot;m32sd10c&quot;,
    &quot;deviceId&quot;: &quot;20964972&quot;,
    &quot;self&quot;: &quot;https://t493319102.eu-latest.cumulocity.com/devicecontrol/operations/20974212&quot;,
    &quot;id&quot;: &quot;20974212&quot;,
    &quot;status&quot;: &quot;PENDING&quot;,
    &quot;description&quot;: &quot;Apply software changes, triggered from PySys: [{'action': 'delete', 'id': '5475369', 'name': 'asciijump', 'url': ' ', 'version': '::apt'}, {'action': 'delete', 'id': '5474869', 'name': 'robotfindskitten', 'url': ' ', 'version': '::apt'}, {'action': 'delete', 'id': '5475279', 'name': 'squirrel3', 'url': ' ', 'version': '::apt'}]&quot;,
    &quot;c8y_SoftwareUpdate&quot;: [
        {
            &quot;name&quot;: &quot;asciijump&quot;,
            &quot;action&quot;: &quot;delete&quot;,
            &quot;id&quot;: &quot;5475369&quot;,
            &quot;version&quot;: &quot;::apt&quot;,
            &quot;url&quot;: &quot; &quot;
        },
        {
            &quot;name&quot;: &quot;robotfindskitten&quot;,
            &quot;action&quot;: &quot;delete&quot;,
            &quot;id&quot;: &quot;5474869&quot;,
            &quot;version&quot;: &quot;::apt&quot;,
            &quot;url&quot;: &quot; &quot;
        },
        {
            &quot;name&quot;: &quot;squirrel3&quot;,
            &quot;action&quot;: &quot;delete&quot;,
            &quot;id&quot;: &quot;5475279&quot;,
            &quot;version&quot;: &quot;::apt&quot;,
            &quot;url&quot;: &quot; &quot;
        }
    ]
}
17:59:56 INFO  Started operation: {'creationTime': '2022-07-16T17:59:56.578Z', 'deviceName': 'm32sd10c', 'deviceId': '20964972', 'self': 'https://t493319102.eu-latest.cumulocity.com/devicecontrol/operations/20974212', 'id': '20974212', 'status': 'PENDING', 'description': &quot;Apply software changes, triggered from PySys: [{'action': 'delete', 'id': '5475369', 'name': 'asciijump', 'url': ' ', 'version': '::apt'}, {'action': 'delete', 'id': '5474869', 'name': 'robotfindskitten', 'url': ' ', 'version': '::apt'}, {'action': 'delete', 'id': '5475279', 'name': 'squirrel3', 'url': ' ', 'version': '::apt'}]&quot;, 'c8y_SoftwareUpdate': [{'name': 'asciijump', 'action': 'delete', 'id': '5475369', 'version': '::apt', 'url': ' '}, {'name': 'robotfindskitten', 'action': 'delete', 'id': '5474869', 'version': '::apt', 'url': ' '}, {'name': 'squirrel3', 'action': 'delete', 'id': '5475279', 'version': '::apt', 'url': ' '}]}
17:59:58 INFO  State of operation 20974212 : PENDING
18:00:01 INFO  State of operation 20974212 : EXECUTING
18:00:03 INFO  State of operation 20974212 : EXECUTING
18:00:05 INFO  State of operation 20974212 : EXECUTING
18:00:08 INFO  State of operation 20974212 : EXECUTING
18:00:10 INFO  State of operation 20974212 : EXECUTING
18:00:13 INFO  State of operation 20974212 : EXECUTING
18:00:16 INFO  State of operation 20974212 : EXECUTING
18:00:18 INFO  State of operation 20974212 : EXECUTING
18:00:20 INFO  State of operation 20974212 : EXECUTING
18:00:23 INFO  State of operation 20974212 : EXECUTING
18:00:25 INFO  State of operation 20974212 : EXECUTING
18:00:27 INFO  State of operation 20974212 : EXECUTING
18:00:29 INFO  State of operation 20974212 : EXECUTING
18:00:31 INFO  State of operation 20974212 : EXECUTING
18:00:34 INFO  State of operation 20974212 : EXECUTING
18:00:36 INFO  State of operation 20974212 : EXECUTING
18:00:39 INFO  State of operation 20974212 : EXECUTING
18:00:41 INFO  State of operation 20974212 : EXECUTING
18:00:43 INFO  State of operation 20974212 : EXECUTING
18:00:46 INFO  State of operation 20974212 : EXECUTING
18:00:48 INFO  State of operation 20974212 : EXECUTING
18:00:50 INFO  State of operation 20974212 : EXECUTING
18:00:53 INFO  State of operation 20974212 : EXECUTING
18:00:55 INFO  State of operation 20974212 : EXECUTING
18:00:58 INFO  State of operation 20974212 : EXECUTING
18:01:00 INFO  State of operation 20974212 : EXECUTING
18:01:02 INFO  State of operation 20974212 : SUCCESSFUL
18:01:02 INFO  Assert that (False == value) with value=False ... passed
18:01:03 INFO  Assert that (False == value) with value=False ... passed
18:01:03 INFO  Assert that (False == value) with value=False ... passed
18:01:03 INFO  Assert that (False == value) with value=False ... passed
18:01:03 INFO  
18:01:03 INFO  cleanup:
18:01:07 INFO  Executed sudo&lt;tedge_disconnect_c8y&gt;, exit status 0
18:01:08 INFO  Executed systemctl&lt;serv_mapper5&gt;, exit status 3
18:01:08 INFO  
18:01:08 INFO  Test duration: 179.41 secs
18:01:08 INFO  Test final outcome:  FAILED
18:01:08 INFO  Test outcome reason: Assert that (False == value) with value=True
18:01:08 INFO  
</system-out>
	</testcase>
</testsuite>
