<?xml version="1.0" encoding="utf-8"?>
<testsuite failures="1" name="SoftwareManagement.sm_apt_install_remove_multiple" skipped="0" tests="1" time="177.81" timestamp="2022-07-21T10:42:36">
	<testcase classname="PySysTest" name="SoftwareManagement.sm_apt_install_remove_multiple">
		<failure message="FAILED: Assert that (False == value) with value=True" type="FAILED"/>
		<system-out>10:39:38 INFO  ==============================================================
10:39:38 INFO  Id:    SoftwareManagement.sm_apt_install_remove_multiple
10:39:38 INFO  Dir:   software_management_end_to_end/
10:39:38 INFO  Title: Validate end to end behaviour for the apt plugin for multiple packages
10:39:38 INFO  ==============================================================
10:39:38 INFO  Using sw id database: {'asciijump': '5475369', 'robotfindskitten': '5474869', 'squirrel3': '5475279', 'rolldice': '5152439', 'moon-buggy': '5439204', 'apple': '5495053', 'banana': '5494888', 'cherry': '5495382', 'watermelon': '5494510', 'registry': '8018911', 'hello-world': '8021526', 'docker/getting-started': '8021973', 'alpine': '7991792'}
10:39:38 INFO  EnvironmentC8y Setup
10:39:39 INFO  Executed systemctl&lt;serv_mapper1&gt;, exit status 3
10:39:39 INFO  Restarting mosquitto too frequently in the last 10 seconds. It was only up for 5 seconds
10:39:39 INFO  Delaying execution by 6 seconds
10:39:59 INFO  Executed sudo&lt;tedge_connect_c8y&gt;, exit status 0, duration 14 secs
10:40:00 INFO  Executed sudo&lt;tedge_connect_c8y_test&gt;, exit status 0
10:40:00 INFO  Executed systemctl&lt;serv_mosq2&gt;, exit status 0
10:40:01 INFO  Executed systemctl&lt;serv_mapper3&gt;, exit status 0
10:40:03 INFO  State of current operation: SUCCESSFUL
10:40:03 INFO  Assert that (False == value) with value=False ... passed
10:40:03 INFO  Assert that (False == value) with value=False ... passed
10:40:04 INFO  Assert that (False == value) with value=False ... passed
10:40:04 INFO  Package robotfindskitten is installed
10:40:04 WARN  Assert that (False == value) with value=True ... failed 
10:40:04 INFO  Response status: 201
10:40:04 INFO  Response to action: {
    &quot;creationTime&quot;: &quot;2022-07-21T10:40:04.579Z&quot;,
    &quot;deviceId&quot;: &quot;21110410&quot;,
    &quot;deviceName&quot;: &quot;m32sd10c&quot;,
    &quot;self&quot;: &quot;https://t493319102.eu-latest.cumulocity.com/devicecontrol/operations/21118208&quot;,
    &quot;id&quot;: &quot;21118208&quot;,
    &quot;status&quot;: &quot;PENDING&quot;,
    &quot;description&quot;: &quot;Apply software changes, triggered from PySys: [{'action': 'install', 'id': '5475369', 'name': 'asciijump', 'url': ' ', 'version': '::apt'}, {'action': 'install', 'id': '5474869', 'name': 'robotfindskitten', 'url': ' ', 'version': '::apt'}, {'action': 'install', 'id': '5475279', 'name': 'squirrel3', 'url': ' ', 'version': '::apt'}]&quot;,
    &quot;c8y_SoftwareUpdate&quot;: [
        {
            &quot;name&quot;: &quot;asciijump&quot;,
            &quot;action&quot;: &quot;install&quot;,
            &quot;id&quot;: &quot;5475369&quot;,
            &quot;version&quot;: &quot;::apt&quot;,
            &quot;url&quot;: &quot; &quot;
        },
        {
            &quot;name&quot;: &quot;robotfindskitten&quot;,
            &quot;action&quot;: &quot;install&quot;,
            &quot;id&quot;: &quot;5474869&quot;,
            &quot;version&quot;: &quot;::apt&quot;,
            &quot;url&quot;: &quot; &quot;
        },
        {
            &quot;name&quot;: &quot;squirrel3&quot;,
            &quot;action&quot;: &quot;install&quot;,
            &quot;id&quot;: &quot;5475279&quot;,
            &quot;version&quot;: &quot;::apt&quot;,
            &quot;url&quot;: &quot; &quot;
        }
    ]
}
10:40:04 INFO  Started operation: {'creationTime': '2022-07-21T10:40:04.579Z', 'deviceId': '21110410', 'deviceName': 'm32sd10c', 'self': 'https://t493319102.eu-latest.cumulocity.com/devicecontrol/operations/21118208', 'id': '21118208', 'status': 'PENDING', 'description': &quot;Apply software changes, triggered from PySys: [{'action': 'install', 'id': '5475369', 'name': 'asciijump', 'url': ' ', 'version': '::apt'}, {'action': 'install', 'id': '5474869', 'name': 'robotfindskitten', 'url': ' ', 'version': '::apt'}, {'action': 'install', 'id': '5475279', 'name': 'squirrel3', 'url': ' ', 'version': '::apt'}]&quot;, 'c8y_SoftwareUpdate': [{'name': 'asciijump', 'action': 'install', 'id': '5475369', 'version': '::apt', 'url': ' '}, {'name': 'robotfindskitten', 'action': 'install', 'id': '5474869', 'version': '::apt', 'url': ' '}, {'name': 'squirrel3', 'action': 'install', 'id': '5475279', 'version': '::apt', 'url': ' '}]}
10:40:06 INFO  State of operation 21118208 : PENDING
10:40:09 INFO  State of operation 21118208 : EXECUTING
10:40:11 INFO  State of operation 21118208 : EXECUTING
10:40:13 INFO  State of operation 21118208 : EXECUTING
10:40:15 INFO  State of operation 21118208 : EXECUTING
10:40:18 INFO  State of operation 21118208 : EXECUTING
10:40:20 INFO  State of operation 21118208 : EXECUTING
10:40:23 INFO  State of operation 21118208 : EXECUTING
10:40:26 INFO  State of operation 21118208 : EXECUTING
10:40:28 INFO  State of operation 21118208 : EXECUTING
10:40:30 INFO  State of operation 21118208 : EXECUTING
10:40:32 INFO  State of operation 21118208 : EXECUTING
10:40:34 INFO  State of operation 21118208 : EXECUTING
10:40:37 INFO  State of operation 21118208 : EXECUTING
10:40:39 INFO  State of operation 21118208 : EXECUTING
10:40:41 INFO  State of operation 21118208 : EXECUTING
10:40:44 INFO  State of operation 21118208 : EXECUTING
10:40:46 INFO  State of operation 21118208 : EXECUTING
10:40:48 INFO  State of operation 21118208 : EXECUTING
10:40:51 INFO  State of operation 21118208 : EXECUTING
10:40:53 INFO  State of operation 21118208 : EXECUTING
10:40:56 INFO  State of operation 21118208 : EXECUTING
10:40:58 INFO  State of operation 21118208 : EXECUTING
10:41:01 INFO  State of operation 21118208 : EXECUTING
10:41:03 INFO  State of operation 21118208 : EXECUTING
10:41:06 INFO  State of operation 21118208 : EXECUTING
10:41:08 INFO  State of operation 21118208 : EXECUTING
10:41:11 INFO  State of operation 21118208 : EXECUTING
10:41:13 INFO  State of operation 21118208 : EXECUTING
10:41:16 INFO  State of operation 21118208 : EXECUTING
10:41:18 INFO  State of operation 21118208 : EXECUTING
10:41:20 INFO  State of operation 21118208 : EXECUTING
10:41:23 INFO  State of operation 21118208 : EXECUTING
10:41:25 INFO  State of operation 21118208 : SUCCESSFUL
10:41:25 INFO  Assert that (False == value) with value=False ... passed
10:41:25 INFO  Package asciijump is installed
10:41:25 INFO  Assert that (True == value) with value=True ... passed
10:41:25 INFO  Package squirrel3 is installed
10:41:25 INFO  Assert that (True == value) with value=True ... passed
10:41:26 INFO  Package robotfindskitten is installed
10:41:26 INFO  Assert that (True == value) with value=True ... passed
10:41:26 INFO  Response status: 201
10:41:26 INFO  Response to action: {
    &quot;creationTime&quot;: &quot;2022-07-21T10:41:26.307Z&quot;,
    &quot;deviceId&quot;: &quot;21110410&quot;,
    &quot;deviceName&quot;: &quot;m32sd10c&quot;,
    &quot;self&quot;: &quot;https://t493319102.eu-latest.cumulocity.com/devicecontrol/operations/21118216&quot;,
    &quot;id&quot;: &quot;21118216&quot;,
    &quot;status&quot;: &quot;PENDING&quot;,
    &quot;description&quot;: &quot;Apply software changes, triggered from PySys: [{'action': 'delete', 'id': '5475369', 'name': 'asciijump', 'url': ' ', 'version': '::apt'}, {'action': 'delete', 'id': '5474869', 'name': 'robotfindskitten', 'url': ' ', 'version': '::apt'}, {'action': 'delete', 'id': '5475279', 'name': 'squirrel3', 'url': ' ', 'version': '::apt'}]&quot;,
    &quot;c8y_SoftwareUpdate&quot;: [
        {
            &quot;name&quot;: &quot;asciijump&quot;,
            &quot;action&quot;: &quot;delete&quot;,
            &quot;id&quot;: &quot;5475369&quot;,
            &quot;version&quot;: &quot;::apt&quot;,
            &quot;url&quot;: &quot; &quot;
        },
        {
            &quot;name&quot;: &quot;robotfindskitten&quot;,
            &quot;action&quot;: &quot;delete&quot;,
            &quot;id&quot;: &quot;5474869&quot;,
            &quot;version&quot;: &quot;::apt&quot;,
            &quot;url&quot;: &quot; &quot;
        },
        {
            &quot;name&quot;: &quot;squirrel3&quot;,
            &quot;action&quot;: &quot;delete&quot;,
            &quot;id&quot;: &quot;5475279&quot;,
            &quot;version&quot;: &quot;::apt&quot;,
            &quot;url&quot;: &quot; &quot;
        }
    ]
}
10:41:26 INFO  Started operation: {'creationTime': '2022-07-21T10:41:26.307Z', 'deviceId': '21110410', 'deviceName': 'm32sd10c', 'self': 'https://t493319102.eu-latest.cumulocity.com/devicecontrol/operations/21118216', 'id': '21118216', 'status': 'PENDING', 'description': &quot;Apply software changes, triggered from PySys: [{'action': 'delete', 'id': '5475369', 'name': 'asciijump', 'url': ' ', 'version': '::apt'}, {'action': 'delete', 'id': '5474869', 'name': 'robotfindskitten', 'url': ' ', 'version': '::apt'}, {'action': 'delete', 'id': '5475279', 'name': 'squirrel3', 'url': ' ', 'version': '::apt'}]&quot;, 'c8y_SoftwareUpdate': [{'name': 'asciijump', 'action': 'delete', 'id': '5475369', 'version': '::apt', 'url': ' '}, {'name': 'robotfindskitten', 'action': 'delete', 'id': '5474869', 'version': '::apt', 'url': ' '}, {'name': 'squirrel3', 'action': 'delete', 'id': '5475279', 'version': '::apt', 'url': ' '}]}
10:41:28 INFO  State of operation 21118216 : PENDING
10:41:30 INFO  State of operation 21118216 : EXECUTING
10:41:33 INFO  State of operation 21118216 : EXECUTING
10:41:35 INFO  State of operation 21118216 : EXECUTING
10:41:37 INFO  State of operation 21118216 : EXECUTING
10:41:39 INFO  State of operation 21118216 : EXECUTING
10:41:42 INFO  State of operation 21118216 : EXECUTING
10:41:45 INFO  State of operation 21118216 : EXECUTING
10:41:48 INFO  State of operation 21118216 : EXECUTING
10:41:50 INFO  State of operation 21118216 : EXECUTING
10:41:52 INFO  State of operation 21118216 : EXECUTING
10:41:54 INFO  State of operation 21118216 : EXECUTING
10:41:57 INFO  State of operation 21118216 : EXECUTING
10:41:59 INFO  State of operation 21118216 : EXECUTING
10:42:01 INFO  State of operation 21118216 : EXECUTING
10:42:04 INFO  State of operation 21118216 : EXECUTING
10:42:06 INFO  State of operation 21118216 : EXECUTING
10:42:09 INFO  State of operation 21118216 : EXECUTING
10:42:11 INFO  State of operation 21118216 : EXECUTING
10:42:14 INFO  State of operation 21118216 : EXECUTING
10:42:16 INFO  State of operation 21118216 : EXECUTING
10:42:18 INFO  State of operation 21118216 : EXECUTING
10:42:20 INFO  State of operation 21118216 : EXECUTING
10:42:23 INFO  State of operation 21118216 : EXECUTING
10:42:26 INFO  State of operation 21118216 : EXECUTING
10:42:28 INFO  State of operation 21118216 : EXECUTING
10:42:30 INFO  State of operation 21118216 : SUCCESSFUL
10:42:31 INFO  Assert that (False == value) with value=False ... passed
10:42:31 INFO  Assert that (False == value) with value=False ... passed
10:42:31 INFO  Assert that (False == value) with value=False ... passed
10:42:31 INFO  Assert that (False == value) with value=False ... passed
10:42:31 INFO  
10:42:31 INFO  cleanup:
10:42:35 INFO  Executed sudo&lt;tedge_disconnect_c8y&gt;, exit status 0
10:42:36 INFO  Executed systemctl&lt;serv_mapper5&gt;, exit status 3
10:42:36 INFO  
10:42:36 INFO  Test duration: 177.81 secs
10:42:36 INFO  Test final outcome:  FAILED
10:42:36 INFO  Test outcome reason: Assert that (False == value) with value=True
10:42:36 INFO  
</system-out>
	</testcase>
</testsuite>
