<?xml version="1.0" encoding="utf-8"?>
<testsuite failures="1" name="SoftwareManagement.sm_apt_install_remove_default" skipped="0" tests="1" time="166.17" timestamp="2022-05-23T15:41:38">
	<testcase classname="PySysTest" name="SoftwareManagement.sm_apt_install_remove_default">
		<failure message="BLOCKED: SystemError: Timeout while waiting for status FAILED or SUCCESSFUL" type="BLOCKED"/>
		<system-out>15:38:52 INFO  ==============================================================
15:38:52 INFO  Id:    SoftwareManagement.sm_apt_install_remove_default
15:38:52 INFO  Dir:   software_management_end_to_end/
15:38:52 INFO  Title: Validate end to end behaviour for the default plugin for installation and removal of packages
15:38:52 INFO  ==============================================================
15:38:52 INFO  Using sw id database: {'asciijump': '5475369', 'robotfindskitten': '5474869', 'squirrel3': '5475279', 'rolldice': '5152439', 'moon-buggy': '5439204', 'apple': '5495053', 'banana': '5494888', 'cherry': '5495382', 'watermelon': '5494510', 'registry': '8018911', 'hello-world': '8021526', 'docker/getting-started': '8021973', 'alpine': '7991792'}
15:38:52 INFO  EnvironmentC8y Setup
15:38:53 INFO  Executed systemctl&lt;serv_mapper1&gt;, exit status 3
15:38:53 INFO  Restarting mosquitto too frequently in the last 10 seconds. It was only up for 4 seconds
15:38:53 INFO  Delaying execution by 7 seconds
15:39:14 INFO  Executed sudo&lt;tedge_connect_c8y&gt;, exit status 0, duration 13 secs
15:39:14 INFO  Executed sudo&lt;tedge_connect_c8y_test&gt;, exit status 0
15:39:15 INFO  Executed systemctl&lt;serv_mosq2&gt;, exit status 0
15:39:15 INFO  Executed systemctl&lt;serv_mapper3&gt;, exit status 0
15:39:17 INFO  State of current operation: PENDING
15:39:20 INFO  State of current operation: PENDING
15:39:22 INFO  State of current operation: PENDING
15:39:24 INFO  State of current operation: PENDING
15:39:26 INFO  State of current operation: PENDING
15:39:29 INFO  State of current operation: PENDING
15:39:31 INFO  State of current operation: PENDING
15:39:33 INFO  State of current operation: PENDING
15:39:35 INFO  State of current operation: PENDING
15:39:38 INFO  State of current operation: PENDING
15:39:40 INFO  State of current operation: PENDING
15:39:42 INFO  State of current operation: PENDING
15:39:44 INFO  State of current operation: PENDING
15:39:46 INFO  State of current operation: PENDING
15:39:49 INFO  State of current operation: PENDING
15:39:51 INFO  State of current operation: PENDING
15:39:53 INFO  State of current operation: PENDING
15:39:55 INFO  State of current operation: PENDING
15:39:58 INFO  State of current operation: PENDING
15:40:00 INFO  State of current operation: PENDING
15:40:02 INFO  State of current operation: PENDING
15:40:04 INFO  State of current operation: PENDING
15:40:07 INFO  State of current operation: PENDING
15:40:09 INFO  State of current operation: PENDING
15:40:11 INFO  State of current operation: PENDING
15:40:13 INFO  State of current operation: PENDING
15:40:15 INFO  State of current operation: PENDING
15:40:18 INFO  State of current operation: PENDING
15:40:20 INFO  State of current operation: PENDING
15:40:22 INFO  State of current operation: PENDING
15:40:25 INFO  State of current operation: PENDING
15:40:27 INFO  State of current operation: PENDING
15:40:29 INFO  State of current operation: PENDING
15:40:31 INFO  State of current operation: PENDING
15:40:33 INFO  State of current operation: PENDING
15:40:36 INFO  State of current operation: PENDING
15:40:38 INFO  State of current operation: PENDING
15:40:40 INFO  State of current operation: PENDING
15:40:42 INFO  State of current operation: PENDING
15:40:45 INFO  State of current operation: PENDING
15:40:47 INFO  State of current operation: PENDING
15:40:49 INFO  State of current operation: PENDING
15:40:51 INFO  State of current operation: PENDING
15:40:54 INFO  State of current operation: PENDING
15:40:56 INFO  State of current operation: PENDING
15:40:58 INFO  State of current operation: PENDING
15:41:00 INFO  State of current operation: PENDING
15:41:03 INFO  State of current operation: PENDING
15:41:05 INFO  State of current operation: PENDING
15:41:07 INFO  State of current operation: PENDING
15:41:09 INFO  State of current operation: PENDING
15:41:12 INFO  State of current operation: PENDING
15:41:14 INFO  State of current operation: PENDING
15:41:16 INFO  State of current operation: PENDING
15:41:18 INFO  State of current operation: PENDING
15:41:20 INFO  State of current operation: PENDING
15:41:23 INFO  State of current operation: PENDING
15:41:25 INFO  State of current operation: PENDING
15:41:27 INFO  State of current operation: PENDING
15:41:29 INFO  State of current operation: PENDING
15:41:32 INFO  State of current operation: PENDING
15:41:34 WARN  SystemError occurred while running test - Timeout while waiting for status FAILED or SUCCESSFUL
Traceback (most recent call last):
  File &quot;/home/pi/env-pysys/lib/python3.7/site-packages/pysys/baserunner.py&quot;, line 1292, in __call__
    self.testObj.setup()
  File &quot;/home/pi/actions-runner/_work/thin-edge.io/thin-edge.io/tests/PySys/software_management_end_to_end/sm_apt_install_remove_default/run.py&quot;, line 26, in setup
    super().setup()
  File &quot;/home/pi/actions-runner/_work/thin-edge.io/thin-edge.io/tests/PySys/software_management_end_to_end/environment_sm_management.py&quot;, line 151, in setup
    self.wait_until_end()
  File &quot;/home/pi/actions-runner/_work/thin-edge.io/thin-edge.io/tests/PySys/software_management_end_to_end/environment_sm_management.py&quot;, line 332, in wait_until_end
    self.wait_until_status(&quot;FAILED&quot;, &quot;SUCCESSFUL&quot;)
  File &quot;/home/pi/actions-runner/_work/thin-edge.io/thin-edge.io/tests/PySys/software_management_end_to_end/environment_sm_management.py&quot;, line 381, in wait_until_status
    &quot;Timeout while waiting for status %s or %s&quot; % (status, status2)
SystemError: Timeout while waiting for status FAILED or SUCCESSFUL
15:41:34 WARN  SystemError: Timeout while waiting for status FAILED or SUCCESSFUL ... blocked 
15:41:34 INFO  
15:41:34 INFO  cleanup:
15:41:38 INFO  Executed sudo&lt;tedge_disconnect_c8y&gt;, exit status 0
15:41:38 INFO  Executed systemctl&lt;serv_mapper5&gt;, exit status 3
15:41:38 INFO  
15:41:38 INFO  Test duration: 166.17 secs
15:41:38 INFO  Test final outcome:  BLOCKED
15:41:38 INFO  Test outcome reason: SystemError: Timeout while waiting for status FAILED or SUCCESSFUL
15:41:38 INFO  
</system-out>
	</testcase>
</testsuite>
