<?xml version="1.0" encoding="utf-8"?>
<testsuite failures="1" name="SoftwareManagement.sm_apt_install_fail" skipped="0" tests="1" time="165.59" timestamp="2022-05-25T13:21:08">
	<testcase classname="PySysTest" name="SoftwareManagement.sm_apt_install_fail">
		<failure message="BLOCKED: SystemError: Timeout while waiting for status FAILED or SUCCESSFUL" type="BLOCKED"/>
		<system-out>13:18:23 INFO  ==============================================================
13:18:23 INFO  Id:    SoftwareManagement.sm_apt_install_fail
13:18:23 INFO  Dir:   software_management_end_to_end/
13:18:23 INFO  Title: Validate end to end behaviour for a failing installation
13:18:23 INFO  ==============================================================
13:18:23 INFO  Using sw id database: {'asciijump': '5475369', 'robotfindskitten': '5474869', 'squirrel3': '5475279', 'rolldice': '5152439', 'moon-buggy': '5439204', 'apple': '5495053', 'banana': '5494888', 'cherry': '5495382', 'watermelon': '5494510', 'registry': '8018911', 'hello-world': '8021526', 'docker/getting-started': '8021973', 'alpine': '7991792'}
13:18:23 INFO  EnvironmentC8y Setup
13:18:23 INFO  Executed systemctl&lt;serv_mapper1&gt;, exit status 3
13:18:23 INFO  Restarting mosquitto too frequently in the last 10 seconds. It was only up for 5 seconds
13:18:23 INFO  Delaying execution by 6 seconds
13:18:43 INFO  Executed sudo&lt;tedge_connect_c8y&gt;, exit status 0, duration 13 secs
13:18:44 INFO  Executed sudo&lt;tedge_connect_c8y_test&gt;, exit status 0
13:18:44 INFO  Executed systemctl&lt;serv_mosq2&gt;, exit status 0
13:18:45 INFO  Executed systemctl&lt;serv_mapper3&gt;, exit status 0
13:18:47 INFO  State of current operation: PENDING
13:18:49 INFO  State of current operation: PENDING
13:18:51 INFO  State of current operation: PENDING
13:18:54 INFO  State of current operation: PENDING
13:18:56 INFO  State of current operation: PENDING
13:18:58 INFO  State of current operation: PENDING
13:19:00 INFO  State of current operation: PENDING
13:19:03 INFO  State of current operation: PENDING
13:19:05 INFO  State of current operation: PENDING
13:19:07 INFO  State of current operation: PENDING
13:19:09 INFO  State of current operation: PENDING
13:19:12 INFO  State of current operation: PENDING
13:19:14 INFO  State of current operation: PENDING
13:19:16 INFO  State of current operation: PENDING
13:19:18 INFO  State of current operation: PENDING
13:19:21 INFO  State of current operation: PENDING
13:19:23 INFO  State of current operation: PENDING
13:19:25 INFO  State of current operation: PENDING
13:19:27 INFO  State of current operation: PENDING
13:19:30 INFO  State of current operation: PENDING
13:19:32 INFO  State of current operation: PENDING
13:19:34 INFO  State of current operation: PENDING
13:19:36 INFO  State of current operation: PENDING
13:19:38 INFO  State of current operation: PENDING
13:19:41 INFO  State of current operation: PENDING
13:19:43 INFO  State of current operation: PENDING
13:19:45 INFO  State of current operation: PENDING
13:19:48 INFO  State of current operation: PENDING
13:19:50 INFO  State of current operation: PENDING
13:19:52 INFO  State of current operation: PENDING
13:19:54 INFO  State of current operation: PENDING
13:19:57 INFO  State of current operation: PENDING
13:19:59 INFO  State of current operation: PENDING
13:20:01 INFO  State of current operation: PENDING
13:20:03 INFO  State of current operation: PENDING
13:20:05 INFO  State of current operation: PENDING
13:20:08 INFO  State of current operation: PENDING
13:20:10 INFO  State of current operation: PENDING
13:20:12 INFO  State of current operation: PENDING
13:20:14 INFO  State of current operation: PENDING
13:20:17 INFO  State of current operation: PENDING
13:20:19 INFO  State of current operation: PENDING
13:20:21 INFO  State of current operation: PENDING
13:20:23 INFO  State of current operation: PENDING
13:20:26 INFO  State of current operation: PENDING
13:20:28 INFO  State of current operation: PENDING
13:20:30 INFO  State of current operation: PENDING
13:20:32 INFO  State of current operation: PENDING
13:20:34 INFO  State of current operation: PENDING
13:20:37 INFO  State of current operation: PENDING
13:20:39 INFO  State of current operation: PENDING
13:20:41 INFO  State of current operation: PENDING
13:20:43 INFO  State of current operation: PENDING
13:20:46 INFO  State of current operation: PENDING
13:20:48 INFO  State of current operation: PENDING
13:20:50 INFO  State of current operation: PENDING
13:20:52 INFO  State of current operation: PENDING
13:20:55 INFO  State of current operation: PENDING
13:20:57 INFO  State of current operation: PENDING
13:20:59 INFO  State of current operation: PENDING
13:21:01 INFO  State of current operation: PENDING
13:21:03 WARN  SystemError occurred while running test - Timeout while waiting for status FAILED or SUCCESSFUL
Traceback (most recent call last):
  File &quot;/home/pi/env-pysys/lib/python3.7/site-packages/pysys/baserunner.py&quot;, line 1292, in __call__
    self.testObj.setup()
  File &quot;/home/pi/actions-runner/_work/thin-edge.io/thin-edge.io/tests/PySys/software_management_end_to_end/sm_apt_install_fail/run.py&quot;, line 20, in setup
    super().setup()
  File &quot;/home/pi/actions-runner/_work/thin-edge.io/thin-edge.io/tests/PySys/software_management_end_to_end/environment_sm_management.py&quot;, line 151, in setup
    self.wait_until_end()
  File &quot;/home/pi/actions-runner/_work/thin-edge.io/thin-edge.io/tests/PySys/software_management_end_to_end/environment_sm_management.py&quot;, line 332, in wait_until_end
    self.wait_until_status(&quot;FAILED&quot;, &quot;SUCCESSFUL&quot;)
  File &quot;/home/pi/actions-runner/_work/thin-edge.io/thin-edge.io/tests/PySys/software_management_end_to_end/environment_sm_management.py&quot;, line 381, in wait_until_status
    &quot;Timeout while waiting for status %s or %s&quot; % (status, status2)
SystemError: Timeout while waiting for status FAILED or SUCCESSFUL
13:21:03 WARN  SystemError: Timeout while waiting for status FAILED or SUCCESSFUL ... blocked 
13:21:03 INFO  
13:21:03 INFO  cleanup:
13:21:08 INFO  Executed sudo&lt;tedge_disconnect_c8y&gt;, exit status 0
13:21:08 INFO  Executed systemctl&lt;serv_mapper5&gt;, exit status 3
13:21:08 INFO  
13:21:08 INFO  Test duration: 165.59 secs
13:21:08 INFO  Test final outcome:  BLOCKED
13:21:08 INFO  Test outcome reason: SystemError: Timeout while waiting for status FAILED or SUCCESSFUL
13:21:08 INFO  
</system-out>
	</testcase>
</testsuite>
