<?xml version="1.0" encoding="utf-8"?>
<testsuite failures="1" name="SoftwareManagement.sm_apt_install_remove_with_version" skipped="0" tests="1" time="165.21" timestamp="2022-07-22T02:50:52">
	<testcase classname="PySysTest" name="SoftwareManagement.sm_apt_install_remove_with_version">
		<failure message="BLOCKED: SystemError: Timeout while waiting for status FAILED or SUCCESSFUL" type="BLOCKED"/>
		<system-out>02:48:07 INFO  ==============================================================
02:48:07 INFO  Id:    SoftwareManagement.sm_apt_install_remove_with_version
02:48:07 INFO  Dir:   software_management_end_to_end/
02:48:07 INFO  Title: Validate end to end behaviour for the apt plugin for packages with version
02:48:07 INFO  ==============================================================
02:48:07 INFO  Using sw id database: {'asciijump': '5475369', 'robotfindskitten': '5474869', 'squirrel3': '5475279', 'rolldice': '5152439', 'moon-buggy': '5439204', 'apple': '5495053', 'banana': '5494888', 'cherry': '5495382', 'watermelon': '5494510', 'registry': '8018911', 'hello-world': '8021526', 'docker/getting-started': '8021973', 'alpine': '7991792'}
02:48:07 INFO  EnvironmentC8y Setup
02:48:07 INFO  Executed systemctl&lt;serv_mapper1&gt;, exit status 3
02:48:07 INFO  Restarting mosquitto too frequently in the last 10 seconds. It was only up for 5 seconds
02:48:07 INFO  Delaying execution by 6 seconds
02:48:27 INFO  Executed sudo&lt;tedge_connect_c8y&gt;, exit status 0, duration 13 secs
02:48:28 INFO  Executed sudo&lt;tedge_connect_c8y_test&gt;, exit status 0
02:48:28 INFO  Executed systemctl&lt;serv_mosq2&gt;, exit status 0
02:48:29 INFO  Executed systemctl&lt;serv_mapper3&gt;, exit status 0
02:48:31 INFO  State of current operation: EXECUTING
02:48:33 INFO  State of current operation: EXECUTING
02:48:35 INFO  State of current operation: EXECUTING
02:48:38 INFO  State of current operation: EXECUTING
02:48:40 INFO  State of current operation: EXECUTING
02:48:42 INFO  State of current operation: EXECUTING
02:48:44 INFO  State of current operation: EXECUTING
02:48:46 INFO  State of current operation: EXECUTING
02:48:49 INFO  State of current operation: EXECUTING
02:48:51 INFO  State of current operation: EXECUTING
02:48:53 INFO  State of current operation: EXECUTING
02:48:55 INFO  State of current operation: EXECUTING
02:48:58 INFO  State of current operation: EXECUTING
02:49:00 INFO  State of current operation: EXECUTING
02:49:02 INFO  State of current operation: EXECUTING
02:49:04 INFO  State of current operation: EXECUTING
02:49:06 INFO  State of current operation: EXECUTING
02:49:09 INFO  State of current operation: EXECUTING
02:49:11 INFO  State of current operation: EXECUTING
02:49:13 INFO  State of current operation: EXECUTING
02:49:15 INFO  State of current operation: EXECUTING
02:49:18 INFO  State of current operation: EXECUTING
02:49:20 INFO  State of current operation: EXECUTING
02:49:22 INFO  State of current operation: EXECUTING
02:49:24 INFO  State of current operation: EXECUTING
02:49:26 INFO  State of current operation: EXECUTING
02:49:29 INFO  State of current operation: EXECUTING
02:49:31 INFO  State of current operation: EXECUTING
02:49:33 INFO  State of current operation: EXECUTING
02:49:35 INFO  State of current operation: EXECUTING
02:49:37 INFO  State of current operation: EXECUTING
02:49:40 INFO  State of current operation: EXECUTING
02:49:42 INFO  State of current operation: EXECUTING
02:49:44 INFO  State of current operation: EXECUTING
02:49:46 INFO  State of current operation: EXECUTING
02:49:49 INFO  State of current operation: EXECUTING
02:49:51 INFO  State of current operation: EXECUTING
02:49:53 INFO  State of current operation: EXECUTING
02:49:55 INFO  State of current operation: EXECUTING
02:49:57 INFO  State of current operation: EXECUTING
02:50:00 INFO  State of current operation: EXECUTING
02:50:02 INFO  State of current operation: EXECUTING
02:50:04 INFO  State of current operation: EXECUTING
02:50:06 INFO  State of current operation: EXECUTING
02:50:09 INFO  State of current operation: EXECUTING
02:50:11 INFO  State of current operation: EXECUTING
02:50:13 INFO  State of current operation: EXECUTING
02:50:15 INFO  State of current operation: EXECUTING
02:50:17 INFO  State of current operation: EXECUTING
02:50:20 INFO  State of current operation: EXECUTING
02:50:22 INFO  State of current operation: EXECUTING
02:50:24 INFO  State of current operation: EXECUTING
02:50:26 INFO  State of current operation: EXECUTING
02:50:30 INFO  State of current operation: EXECUTING
02:50:32 INFO  State of current operation: EXECUTING
02:50:34 INFO  State of current operation: EXECUTING
02:50:36 INFO  State of current operation: EXECUTING
02:50:38 INFO  State of current operation: EXECUTING
02:50:41 INFO  State of current operation: EXECUTING
02:50:43 INFO  State of current operation: EXECUTING
02:50:45 INFO  State of current operation: EXECUTING
02:50:47 WARN  SystemError occurred while running test - Timeout while waiting for status FAILED or SUCCESSFUL
Traceback (most recent call last):
  File &quot;/home/pi/env-pysys/lib/python3.7/site-packages/pysys/baserunner.py&quot;, line 1292, in __call__
    self.testObj.setup()
  File &quot;/home/pi/actions-runner/_work/thin-edge.io/thin-edge.io/tests/PySys/software_management_end_to_end/sm_apt_install_remove_with_version/run.py&quot;, line 27, in setup
    super().setup()
  File &quot;/home/pi/actions-runner/_work/thin-edge.io/thin-edge.io/tests/PySys/software_management_end_to_end/environment_sm_management.py&quot;, line 151, in setup
    self.wait_until_end()
  File &quot;/home/pi/actions-runner/_work/thin-edge.io/thin-edge.io/tests/PySys/software_management_end_to_end/environment_sm_management.py&quot;, line 332, in wait_until_end
    self.wait_until_status(&quot;FAILED&quot;, &quot;SUCCESSFUL&quot;)
  File &quot;/home/pi/actions-runner/_work/thin-edge.io/thin-edge.io/tests/PySys/software_management_end_to_end/environment_sm_management.py&quot;, line 381, in wait_until_status
    &quot;Timeout while waiting for status %s or %s&quot; % (status, status2)
SystemError: Timeout while waiting for status FAILED or SUCCESSFUL
02:50:47 WARN  SystemError: Timeout while waiting for status FAILED or SUCCESSFUL ... blocked 
02:50:47 INFO  
02:50:47 INFO  cleanup:
02:50:51 INFO  Executed sudo&lt;tedge_disconnect_c8y&gt;, exit status 0
02:50:52 INFO  Executed systemctl&lt;serv_mapper5&gt;, exit status 3
02:50:52 INFO  
02:50:52 INFO  Test duration: 165.21 secs
02:50:52 INFO  Test final outcome:  BLOCKED
02:50:52 INFO  Test outcome reason: SystemError: Timeout while waiting for status FAILED or SUCCESSFUL
02:50:52 INFO  
</system-out>
	</testcase>
</testsuite>
