<?xml version="1.0" encoding="utf-8"?>
<testsuite failures="1" name="SoftwareManagement.sm_apt_install_remove" skipped="0" tests="1" time="164.81" timestamp="2022-05-23T17:28:21">
	<testcase classname="PySysTest" name="SoftwareManagement.sm_apt_install_remove">
		<failure message="BLOCKED: SystemError: Timeout while waiting for status FAILED or SUCCESSFUL" type="BLOCKED"/>
		<system-out>17:25:36 INFO  ==============================================================
17:25:36 INFO  Id:    SoftwareManagement.sm_apt_install_remove
17:25:36 INFO  Dir:   software_management_end_to_end/
17:25:36 INFO  Title: Validate end to end behaviour for the apt plugin for installation and removal of packages
17:25:36 INFO  ==============================================================
17:25:36 INFO  Using sw id database: {'asciijump': '5475369', 'robotfindskitten': '5474869', 'squirrel3': '5475279', 'rolldice': '5152439', 'moon-buggy': '5439204', 'apple': '5495053', 'banana': '5494888', 'cherry': '5495382', 'watermelon': '5494510', 'registry': '8018911', 'hello-world': '8021526', 'docker/getting-started': '8021973', 'alpine': '7991792'}
17:25:36 INFO  EnvironmentC8y Setup
17:25:36 INFO  Executed systemctl&lt;serv_mapper1&gt;, exit status 3
17:25:37 INFO  Restarting mosquitto too frequently in the last 10 seconds. It was only up for 5 seconds
17:25:37 INFO  Delaying execution by 6 seconds
17:25:56 INFO  Executed sudo&lt;tedge_connect_c8y&gt;, exit status 0, duration 13 secs
17:25:57 INFO  Executed sudo&lt;tedge_connect_c8y_test&gt;, exit status 0
17:25:57 INFO  Executed systemctl&lt;serv_mosq2&gt;, exit status 0
17:25:58 INFO  Executed systemctl&lt;serv_mapper3&gt;, exit status 0
17:26:00 INFO  State of current operation: PENDING
17:26:02 INFO  State of current operation: PENDING
17:26:05 INFO  State of current operation: PENDING
17:26:07 INFO  State of current operation: PENDING
17:26:09 INFO  State of current operation: PENDING
17:26:11 INFO  State of current operation: PENDING
17:26:14 INFO  State of current operation: PENDING
17:26:16 INFO  State of current operation: PENDING
17:26:18 INFO  State of current operation: PENDING
17:26:20 INFO  State of current operation: PENDING
17:26:22 INFO  State of current operation: PENDING
17:26:25 INFO  State of current operation: PENDING
17:26:27 INFO  State of current operation: PENDING
17:26:29 INFO  State of current operation: PENDING
17:26:32 INFO  State of current operation: PENDING
17:26:34 INFO  State of current operation: PENDING
17:26:36 INFO  State of current operation: PENDING
17:26:38 INFO  State of current operation: PENDING
17:26:41 INFO  State of current operation: PENDING
17:26:43 INFO  State of current operation: PENDING
17:26:45 INFO  State of current operation: PENDING
17:26:47 INFO  State of current operation: PENDING
17:26:49 INFO  State of current operation: PENDING
17:26:52 INFO  State of current operation: PENDING
17:26:54 INFO  State of current operation: PENDING
17:26:56 INFO  State of current operation: PENDING
17:26:58 INFO  State of current operation: PENDING
17:27:01 INFO  State of current operation: PENDING
17:27:03 INFO  State of current operation: PENDING
17:27:05 INFO  State of current operation: PENDING
17:27:07 INFO  State of current operation: PENDING
17:27:10 INFO  State of current operation: PENDING
17:27:12 INFO  State of current operation: PENDING
17:27:14 INFO  State of current operation: PENDING
17:27:16 INFO  State of current operation: PENDING
17:27:18 INFO  State of current operation: PENDING
17:27:21 INFO  State of current operation: PENDING
17:27:23 INFO  State of current operation: PENDING
17:27:25 INFO  State of current operation: PENDING
17:27:27 INFO  State of current operation: PENDING
17:27:30 INFO  State of current operation: PENDING
17:27:32 INFO  State of current operation: PENDING
17:27:34 INFO  State of current operation: PENDING
17:27:36 INFO  State of current operation: PENDING
17:27:38 INFO  State of current operation: PENDING
17:27:41 INFO  State of current operation: PENDING
17:27:43 INFO  State of current operation: PENDING
17:27:45 INFO  State of current operation: PENDING
17:27:47 INFO  State of current operation: PENDING
17:27:50 INFO  State of current operation: PENDING
17:27:52 INFO  State of current operation: PENDING
17:27:54 INFO  State of current operation: PENDING
17:27:56 INFO  State of current operation: PENDING
17:27:58 INFO  State of current operation: PENDING
17:28:01 INFO  State of current operation: PENDING
17:28:03 INFO  State of current operation: PENDING
17:28:05 INFO  State of current operation: PENDING
17:28:07 INFO  State of current operation: PENDING
17:28:10 INFO  State of current operation: PENDING
17:28:12 INFO  State of current operation: PENDING
17:28:14 INFO  State of current operation: PENDING
17:28:16 WARN  SystemError occurred while running test - Timeout while waiting for status FAILED or SUCCESSFUL
Traceback (most recent call last):
  File &quot;/home/pi/env-pysys/lib/python3.7/site-packages/pysys/baserunner.py&quot;, line 1292, in __call__
    self.testObj.setup()
  File &quot;/home/pi/actions-runner/_work/thin-edge.io/thin-edge.io/tests/PySys/software_management_end_to_end/sm_apt_install_remove/run.py&quot;, line 27, in setup
    super().setup()
  File &quot;/home/pi/actions-runner/_work/thin-edge.io/thin-edge.io/tests/PySys/software_management_end_to_end/environment_sm_management.py&quot;, line 151, in setup
    self.wait_until_end()
  File &quot;/home/pi/actions-runner/_work/thin-edge.io/thin-edge.io/tests/PySys/software_management_end_to_end/environment_sm_management.py&quot;, line 332, in wait_until_end
    self.wait_until_status(&quot;FAILED&quot;, &quot;SUCCESSFUL&quot;)
  File &quot;/home/pi/actions-runner/_work/thin-edge.io/thin-edge.io/tests/PySys/software_management_end_to_end/environment_sm_management.py&quot;, line 381, in wait_until_status
    &quot;Timeout while waiting for status %s or %s&quot; % (status, status2)
SystemError: Timeout while waiting for status FAILED or SUCCESSFUL
17:28:16 WARN  SystemError: Timeout while waiting for status FAILED or SUCCESSFUL ... blocked 
17:28:16 INFO  
17:28:16 INFO  cleanup:
17:28:20 INFO  Executed sudo&lt;tedge_disconnect_c8y&gt;, exit status 0
17:28:21 INFO  Executed systemctl&lt;serv_mapper5&gt;, exit status 3
17:28:21 INFO  
17:28:21 INFO  Test duration: 164.81 secs
17:28:21 INFO  Test final outcome:  BLOCKED
17:28:21 INFO  Test outcome reason: SystemError: Timeout while waiting for status FAILED or SUCCESSFUL
17:28:21 INFO  
</system-out>
	</testcase>
</testsuite>
