<?xml version="1.0" encoding="utf-8"?>
<testsuite failures="0" name="apt_install" skipped="0" tests="1" time="64.39" timestamp="2022-07-20T11:04:05">
	<testcase classname="AptPluginInstallDense" name="apt_install"/>
</testsuite>
