<?xml version="1.0" encoding="utf-8"?>
<testsuite failures="1" name="SoftwareManagement.sm_apt_install_remove_multiple" skipped="0" tests="1" time="178.7" timestamp="2022-06-22T14:38:26">
	<testcase classname="PySysTest" name="SoftwareManagement.sm_apt_install_remove_multiple">
		<failure message="FAILED: Assert that (False == value) with value=True" type="FAILED"/>
		<system-out>14:35:27 INFO  ==============================================================
14:35:27 INFO  Id:    SoftwareManagement.sm_apt_install_remove_multiple
14:35:27 INFO  Dir:   software_management_end_to_end/
14:35:27 INFO  Title: Validate end to end behaviour for the apt plugin for multiple packages
14:35:27 INFO  ==============================================================
14:35:27 INFO  Using sw id database: {'asciijump': '5475369', 'robotfindskitten': '5474869', 'squirrel3': '5475279', 'rolldice': '5152439', 'moon-buggy': '5439204', 'apple': '5495053', 'banana': '5494888', 'cherry': '5495382', 'watermelon': '5494510', 'registry': '8018911', 'hello-world': '8021526', 'docker/getting-started': '8021973', 'alpine': '7991792'}
14:35:27 INFO  EnvironmentC8y Setup
14:35:28 INFO  Executed systemctl&lt;serv_mapper1&gt;, exit status 3
14:35:28 INFO  Restarting mosquitto too frequently in the last 10 seconds. It was only up for 4 seconds
14:35:28 INFO  Delaying execution by 7 seconds
14:35:49 INFO  Executed sudo&lt;tedge_connect_c8y&gt;, exit status 0, duration 14 secs
14:35:49 INFO  Executed sudo&lt;tedge_connect_c8y_test&gt;, exit status 0
14:35:50 INFO  Executed systemctl&lt;serv_mosq2&gt;, exit status 0
14:35:50 INFO  Executed systemctl&lt;serv_mapper3&gt;, exit status 0
14:35:53 INFO  State of current operation: SUCCESSFUL
14:35:53 INFO  Assert that (False == value) with value=False ... passed
14:35:53 INFO  Assert that (False == value) with value=False ... passed
14:35:53 INFO  Assert that (False == value) with value=False ... passed
14:35:54 INFO  Package robotfindskitten is installed
14:35:54 WARN  Assert that (False == value) with value=True ... failed 
14:35:54 INFO  Response status: 201
14:35:54 INFO  Response to action: {
    &quot;creationTime&quot;: &quot;2022-06-22T14:35:54.268Z&quot;,
    &quot;deviceName&quot;: &quot;m32sd10c&quot;,
    &quot;deviceId&quot;: &quot;20395907&quot;,
    &quot;self&quot;: &quot;https://t493319102.eu-latest.cumulocity.com/devicecontrol/operations/20413645&quot;,
    &quot;id&quot;: &quot;20413645&quot;,
    &quot;status&quot;: &quot;PENDING&quot;,
    &quot;description&quot;: &quot;Apply software changes, triggered from PySys: [{'action': 'install', 'id': '5475369', 'name': 'asciijump', 'url': ' ', 'version': '::apt'}, {'action': 'install', 'id': '5474869', 'name': 'robotfindskitten', 'url': ' ', 'version': '::apt'}, {'action': 'install', 'id': '5475279', 'name': 'squirrel3', 'url': ' ', 'version': '::apt'}]&quot;,
    &quot;c8y_SoftwareUpdate&quot;: [
        {
            &quot;name&quot;: &quot;asciijump&quot;,
            &quot;action&quot;: &quot;install&quot;,
            &quot;id&quot;: &quot;5475369&quot;,
            &quot;version&quot;: &quot;::apt&quot;,
            &quot;url&quot;: &quot; &quot;
        },
        {
            &quot;name&quot;: &quot;robotfindskitten&quot;,
            &quot;action&quot;: &quot;install&quot;,
            &quot;id&quot;: &quot;5474869&quot;,
            &quot;version&quot;: &quot;::apt&quot;,
            &quot;url&quot;: &quot; &quot;
        },
        {
            &quot;name&quot;: &quot;squirrel3&quot;,
            &quot;action&quot;: &quot;install&quot;,
            &quot;id&quot;: &quot;5475279&quot;,
            &quot;version&quot;: &quot;::apt&quot;,
            &quot;url&quot;: &quot; &quot;
        }
    ]
}
14:35:54 INFO  Started operation: {'creationTime': '2022-06-22T14:35:54.268Z', 'deviceName': 'm32sd10c', 'deviceId': '20395907', 'self': 'https://t493319102.eu-latest.cumulocity.com/devicecontrol/operations/20413645', 'id': '20413645', 'status': 'PENDING', 'description': &quot;Apply software changes, triggered from PySys: [{'action': 'install', 'id': '5475369', 'name': 'asciijump', 'url': ' ', 'version': '::apt'}, {'action': 'install', 'id': '5474869', 'name': 'robotfindskitten', 'url': ' ', 'version': '::apt'}, {'action': 'install', 'id': '5475279', 'name': 'squirrel3', 'url': ' ', 'version': '::apt'}]&quot;, 'c8y_SoftwareUpdate': [{'name': 'asciijump', 'action': 'install', 'id': '5475369', 'version': '::apt', 'url': ' '}, {'name': 'robotfindskitten', 'action': 'install', 'id': '5474869', 'version': '::apt', 'url': ' '}, {'name': 'squirrel3', 'action': 'install', 'id': '5475279', 'version': '::apt', 'url': ' '}]}
14:35:56 INFO  State of operation 20413645 : PENDING
14:35:58 INFO  State of operation 20413645 : EXECUTING
14:36:01 INFO  State of operation 20413645 : EXECUTING
14:36:03 INFO  State of operation 20413645 : EXECUTING
14:36:05 INFO  State of operation 20413645 : EXECUTING
14:36:07 INFO  State of operation 20413645 : EXECUTING
14:36:10 INFO  State of operation 20413645 : EXECUTING
14:36:13 INFO  State of operation 20413645 : EXECUTING
14:36:15 INFO  State of operation 20413645 : EXECUTING
14:36:18 INFO  State of operation 20413645 : EXECUTING
14:36:20 INFO  State of operation 20413645 : EXECUTING
14:36:22 INFO  State of operation 20413645 : EXECUTING
14:36:24 INFO  State of operation 20413645 : EXECUTING
14:36:27 INFO  State of operation 20413645 : EXECUTING
14:36:29 INFO  State of operation 20413645 : EXECUTING
14:36:31 INFO  State of operation 20413645 : EXECUTING
14:36:34 INFO  State of operation 20413645 : EXECUTING
14:36:36 INFO  State of operation 20413645 : EXECUTING
14:36:39 INFO  State of operation 20413645 : EXECUTING
14:36:41 INFO  State of operation 20413645 : EXECUTING
14:36:43 INFO  State of operation 20413645 : EXECUTING
14:36:46 INFO  State of operation 20413645 : EXECUTING
14:36:48 INFO  State of operation 20413645 : EXECUTING
14:36:51 INFO  State of operation 20413645 : EXECUTING
14:36:53 INFO  State of operation 20413645 : EXECUTING
14:36:56 INFO  State of operation 20413645 : EXECUTING
14:36:58 INFO  State of operation 20413645 : EXECUTING
14:37:01 INFO  State of operation 20413645 : EXECUTING
14:37:03 INFO  State of operation 20413645 : EXECUTING
14:37:05 INFO  State of operation 20413645 : EXECUTING
14:37:07 INFO  State of operation 20413645 : EXECUTING
14:37:10 INFO  State of operation 20413645 : EXECUTING
14:37:12 INFO  State of operation 20413645 : EXECUTING
14:37:14 INFO  State of operation 20413645 : SUCCESSFUL
14:37:14 INFO  Assert that (False == value) with value=False ... passed
14:37:15 INFO  Package asciijump is installed
14:37:15 INFO  Assert that (True == value) with value=True ... passed
14:37:15 INFO  Package squirrel3 is installed
14:37:15 INFO  Assert that (True == value) with value=True ... passed
14:37:15 INFO  Package robotfindskitten is installed
14:37:15 INFO  Assert that (True == value) with value=True ... passed
14:37:15 INFO  Response status: 201
14:37:15 INFO  Response to action: {
    &quot;creationTime&quot;: &quot;2022-06-22T14:37:15.676Z&quot;,
    &quot;deviceName&quot;: &quot;m32sd10c&quot;,
    &quot;deviceId&quot;: &quot;20395907&quot;,
    &quot;self&quot;: &quot;https://t493319102.eu-latest.cumulocity.com/devicecontrol/operations/20413653&quot;,
    &quot;id&quot;: &quot;20413653&quot;,
    &quot;status&quot;: &quot;PENDING&quot;,
    &quot;description&quot;: &quot;Apply software changes, triggered from PySys: [{'action': 'delete', 'id': '5475369', 'name': 'asciijump', 'url': ' ', 'version': '::apt'}, {'action': 'delete', 'id': '5474869', 'name': 'robotfindskitten', 'url': ' ', 'version': '::apt'}, {'action': 'delete', 'id': '5475279', 'name': 'squirrel3', 'url': ' ', 'version': '::apt'}]&quot;,
    &quot;c8y_SoftwareUpdate&quot;: [
        {
            &quot;name&quot;: &quot;asciijump&quot;,
            &quot;action&quot;: &quot;delete&quot;,
            &quot;id&quot;: &quot;5475369&quot;,
            &quot;version&quot;: &quot;::apt&quot;,
            &quot;url&quot;: &quot; &quot;
        },
        {
            &quot;name&quot;: &quot;robotfindskitten&quot;,
            &quot;action&quot;: &quot;delete&quot;,
            &quot;id&quot;: &quot;5474869&quot;,
            &quot;version&quot;: &quot;::apt&quot;,
            &quot;url&quot;: &quot; &quot;
        },
        {
            &quot;name&quot;: &quot;squirrel3&quot;,
            &quot;action&quot;: &quot;delete&quot;,
            &quot;id&quot;: &quot;5475279&quot;,
            &quot;version&quot;: &quot;::apt&quot;,
            &quot;url&quot;: &quot; &quot;
        }
    ]
}
14:37:15 INFO  Started operation: {'creationTime': '2022-06-22T14:37:15.676Z', 'deviceName': 'm32sd10c', 'deviceId': '20395907', 'self': 'https://t493319102.eu-latest.cumulocity.com/devicecontrol/operations/20413653', 'id': '20413653', 'status': 'PENDING', 'description': &quot;Apply software changes, triggered from PySys: [{'action': 'delete', 'id': '5475369', 'name': 'asciijump', 'url': ' ', 'version': '::apt'}, {'action': 'delete', 'id': '5474869', 'name': 'robotfindskitten', 'url': ' ', 'version': '::apt'}, {'action': 'delete', 'id': '5475279', 'name': 'squirrel3', 'url': ' ', 'version': '::apt'}]&quot;, 'c8y_SoftwareUpdate': [{'name': 'asciijump', 'action': 'delete', 'id': '5475369', 'version': '::apt', 'url': ' '}, {'name': 'robotfindskitten', 'action': 'delete', 'id': '5474869', 'version': '::apt', 'url': ' '}, {'name': 'squirrel3', 'action': 'delete', 'id': '5475279', 'version': '::apt', 'url': ' '}]}
14:37:17 INFO  State of operation 20413653 : PENDING
14:37:20 INFO  State of operation 20413653 : EXECUTING
14:37:22 INFO  State of operation 20413653 : EXECUTING
14:37:24 INFO  State of operation 20413653 : EXECUTING
14:37:26 INFO  State of operation 20413653 : EXECUTING
14:37:29 INFO  State of operation 20413653 : EXECUTING
14:37:31 INFO  State of operation 20413653 : EXECUTING
14:37:34 INFO  State of operation 20413653 : EXECUTING
14:37:37 INFO  State of operation 20413653 : EXECUTING
14:37:39 INFO  State of operation 20413653 : EXECUTING
14:37:41 INFO  State of operation 20413653 : EXECUTING
14:37:43 INFO  State of operation 20413653 : EXECUTING
14:37:45 INFO  State of operation 20413653 : EXECUTING
14:37:48 INFO  State of operation 20413653 : EXECUTING
14:37:50 INFO  State of operation 20413653 : EXECUTING
14:37:52 INFO  State of operation 20413653 : EXECUTING
14:37:55 INFO  State of operation 20413653 : EXECUTING
14:37:57 INFO  State of operation 20413653 : EXECUTING
14:38:00 INFO  State of operation 20413653 : EXECUTING
14:38:02 INFO  State of operation 20413653 : EXECUTING
14:38:04 INFO  State of operation 20413653 : EXECUTING
14:38:06 INFO  State of operation 20413653 : EXECUTING
14:38:09 INFO  State of operation 20413653 : EXECUTING
14:38:11 INFO  State of operation 20413653 : EXECUTING
14:38:14 INFO  State of operation 20413653 : EXECUTING
14:38:16 INFO  State of operation 20413653 : EXECUTING
14:38:18 INFO  State of operation 20413653 : EXECUTING
14:38:20 INFO  State of operation 20413653 : SUCCESSFUL
14:38:21 INFO  Assert that (False == value) with value=False ... passed
14:38:21 INFO  Assert that (False == value) with value=False ... passed
14:38:21 INFO  Assert that (False == value) with value=False ... passed
14:38:21 INFO  Assert that (False == value) with value=False ... passed
14:38:21 INFO  
14:38:21 INFO  cleanup:
14:38:25 INFO  Executed sudo&lt;tedge_disconnect_c8y&gt;, exit status 0
14:38:26 INFO  Executed systemctl&lt;serv_mapper5&gt;, exit status 3
14:38:26 INFO  
14:38:26 INFO  Test duration: 178.70 secs
14:38:26 INFO  Test final outcome:  FAILED
14:38:26 INFO  Test outcome reason: Assert that (False == value) with value=True
14:38:26 INFO  
</system-out>
	</testcase>
</testsuite>
