<?xml version="1.0" encoding="utf-8"?>
<testsuite failures="0" name="apt_update_list" skipped="0" tests="1" time="127.43" timestamp="2022-07-25T10:51:15">
	<testcase classname="AptPluginUpdateList" name="apt_update_list"/>
</testsuite>
