<?xml version="1.0" encoding="utf-8"?>
<testsuite failures="1" name="SoftwareManagement.sm_apt_install_remove_default" skipped="0" tests="1" time="166.24" timestamp="2022-06-02T09:18:15">
	<testcase classname="PySysTest" name="SoftwareManagement.sm_apt_install_remove_default">
		<failure message="BLOCKED: SystemError: Timeout while waiting for status FAILED or SUCCESSFUL" type="BLOCKED"/>
		<system-out>09:15:29 INFO  ==============================================================
09:15:29 INFO  Id:    SoftwareManagement.sm_apt_install_remove_default
09:15:29 INFO  Dir:   software_management_end_to_end/
09:15:29 INFO  Title: Validate end to end behaviour for the default plugin for installation and removal of packages
09:15:29 INFO  ==============================================================
09:15:29 INFO  Using sw id database: {'asciijump': '5475369', 'robotfindskitten': '5474869', 'squirrel3': '5475279', 'rolldice': '5152439', 'moon-buggy': '5439204', 'apple': '5495053', 'banana': '5494888', 'cherry': '5495382', 'watermelon': '5494510', 'registry': '8018911', 'hello-world': '8021526', 'docker/getting-started': '8021973', 'alpine': '7991792'}
09:15:29 INFO  EnvironmentC8y Setup
09:15:29 INFO  Executed systemctl&lt;serv_mapper1&gt;, exit status 3
09:15:29 INFO  Restarting mosquitto too frequently in the last 10 seconds. It was only up for 4 seconds
09:15:29 INFO  Delaying execution by 7 seconds
09:15:50 INFO  Executed sudo&lt;tedge_connect_c8y&gt;, exit status 0, duration 13 secs
09:15:51 INFO  Executed sudo&lt;tedge_connect_c8y_test&gt;, exit status 0
09:15:51 INFO  Executed systemctl&lt;serv_mosq2&gt;, exit status 0
09:15:52 INFO  Executed systemctl&lt;serv_mapper3&gt;, exit status 0
09:15:54 INFO  State of current operation: PENDING
09:15:56 INFO  State of current operation: PENDING
09:15:59 INFO  State of current operation: PENDING
09:16:01 INFO  State of current operation: PENDING
09:16:03 INFO  State of current operation: PENDING
09:16:05 INFO  State of current operation: PENDING
09:16:07 INFO  State of current operation: PENDING
09:16:10 INFO  State of current operation: PENDING
09:16:12 INFO  State of current operation: PENDING
09:16:14 INFO  State of current operation: PENDING
09:16:16 INFO  State of current operation: PENDING
09:16:19 INFO  State of current operation: PENDING
09:16:21 INFO  State of current operation: PENDING
09:16:23 INFO  State of current operation: PENDING
09:16:25 INFO  State of current operation: PENDING
09:16:28 INFO  State of current operation: PENDING
09:16:30 INFO  State of current operation: PENDING
09:16:32 INFO  State of current operation: PENDING
09:16:34 INFO  State of current operation: PENDING
09:16:37 INFO  State of current operation: PENDING
09:16:39 INFO  State of current operation: PENDING
09:16:41 INFO  State of current operation: PENDING
09:16:43 INFO  State of current operation: PENDING
09:16:46 INFO  State of current operation: PENDING
09:16:48 INFO  State of current operation: PENDING
09:16:50 INFO  State of current operation: PENDING
09:16:52 INFO  State of current operation: PENDING
09:16:55 INFO  State of current operation: PENDING
09:16:57 INFO  State of current operation: PENDING
09:16:59 INFO  State of current operation: PENDING
09:17:01 INFO  State of current operation: PENDING
09:17:04 INFO  State of current operation: PENDING
09:17:06 INFO  State of current operation: PENDING
09:17:08 INFO  State of current operation: PENDING
09:17:10 INFO  State of current operation: PENDING
09:17:13 INFO  State of current operation: PENDING
09:17:15 INFO  State of current operation: PENDING
09:17:17 INFO  State of current operation: PENDING
09:17:19 INFO  State of current operation: PENDING
09:17:21 INFO  State of current operation: PENDING
09:17:24 INFO  State of current operation: PENDING
09:17:26 INFO  State of current operation: PENDING
09:17:28 INFO  State of current operation: PENDING
09:17:30 INFO  State of current operation: PENDING
09:17:33 INFO  State of current operation: PENDING
09:17:35 INFO  State of current operation: PENDING
09:17:37 INFO  State of current operation: PENDING
09:17:39 INFO  State of current operation: PENDING
09:17:42 INFO  State of current operation: PENDING
09:17:44 INFO  State of current operation: PENDING
09:17:46 INFO  State of current operation: PENDING
09:17:48 INFO  State of current operation: PENDING
09:17:50 INFO  State of current operation: PENDING
09:17:53 INFO  State of current operation: PENDING
09:17:55 INFO  State of current operation: PENDING
09:17:57 INFO  State of current operation: PENDING
09:17:59 INFO  State of current operation: PENDING
09:18:02 INFO  State of current operation: PENDING
09:18:04 INFO  State of current operation: PENDING
09:18:06 INFO  State of current operation: PENDING
09:18:08 INFO  State of current operation: PENDING
09:18:10 WARN  SystemError occurred while running test - Timeout while waiting for status FAILED or SUCCESSFUL
Traceback (most recent call last):
  File &quot;/home/pi/env-pysys/lib/python3.7/site-packages/pysys/baserunner.py&quot;, line 1292, in __call__
    self.testObj.setup()
  File &quot;/home/pi/actions-runner/_work/thin-edge.io/thin-edge.io/tests/PySys/software_management_end_to_end/sm_apt_install_remove_default/run.py&quot;, line 26, in setup
    super().setup()
  File &quot;/home/pi/actions-runner/_work/thin-edge.io/thin-edge.io/tests/PySys/software_management_end_to_end/environment_sm_management.py&quot;, line 151, in setup
    self.wait_until_end()
  File &quot;/home/pi/actions-runner/_work/thin-edge.io/thin-edge.io/tests/PySys/software_management_end_to_end/environment_sm_management.py&quot;, line 332, in wait_until_end
    self.wait_until_status(&quot;FAILED&quot;, &quot;SUCCESSFUL&quot;)
  File &quot;/home/pi/actions-runner/_work/thin-edge.io/thin-edge.io/tests/PySys/software_management_end_to_end/environment_sm_management.py&quot;, line 381, in wait_until_status
    &quot;Timeout while waiting for status %s or %s&quot; % (status, status2)
SystemError: Timeout while waiting for status FAILED or SUCCESSFUL
09:18:10 WARN  SystemError: Timeout while waiting for status FAILED or SUCCESSFUL ... blocked 
09:18:10 INFO  
09:18:10 INFO  cleanup:
09:18:14 INFO  Executed sudo&lt;tedge_disconnect_c8y&gt;, exit status 0
09:18:15 INFO  Executed systemctl&lt;serv_mapper5&gt;, exit status 3
09:18:15 INFO  
09:18:15 INFO  Test duration: 166.24 secs
09:18:15 INFO  Test final outcome:  BLOCKED
09:18:15 INFO  Test outcome reason: SystemError: Timeout while waiting for status FAILED or SUCCESSFUL
09:18:15 INFO  
</system-out>
	</testcase>
</testsuite>
