<?xml version="1.0" encoding="utf-8"?>
<testsuite failures="1" name="SoftwareManagement.sm_apt_install_remove_multiple" skipped="0" tests="1" time="180.58" timestamp="2022-06-29T12:39:15">
	<testcase classname="PySysTest" name="SoftwareManagement.sm_apt_install_remove_multiple">
		<failure message="FAILED: Assert that (False == value) with value=True" type="FAILED"/>
		<system-out>12:36:15 INFO  ==============================================================
12:36:15 INFO  Id:    SoftwareManagement.sm_apt_install_remove_multiple
12:36:15 INFO  Dir:   software_management_end_to_end/
12:36:15 INFO  Title: Validate end to end behaviour for the apt plugin for multiple packages
12:36:15 INFO  ==============================================================
12:36:15 INFO  Using sw id database: {'asciijump': '5475369', 'robotfindskitten': '5474869', 'squirrel3': '5475279', 'rolldice': '5152439', 'moon-buggy': '5439204', 'apple': '5495053', 'banana': '5494888', 'cherry': '5495382', 'watermelon': '5494510', 'registry': '8018911', 'hello-world': '8021526', 'docker/getting-started': '8021973', 'alpine': '7991792'}
12:36:15 INFO  EnvironmentC8y Setup
12:36:15 INFO  Executed systemctl&lt;serv_mapper1&gt;, exit status 3
12:36:15 INFO  Restarting mosquitto too frequently in the last 10 seconds. It was only up for 4 seconds
12:36:15 INFO  Delaying execution by 7 seconds
12:36:37 INFO  Executed sudo&lt;tedge_connect_c8y&gt;, exit status 0, duration 14 secs
12:36:37 INFO  Executed sudo&lt;tedge_connect_c8y_test&gt;, exit status 0
12:36:38 INFO  Executed systemctl&lt;serv_mosq2&gt;, exit status 0
12:36:38 INFO  Executed systemctl&lt;serv_mapper3&gt;, exit status 0
12:36:40 INFO  State of current operation: SUCCESSFUL
12:36:41 INFO  Assert that (False == value) with value=False ... passed
12:36:41 INFO  Assert that (False == value) with value=False ... passed
12:36:41 INFO  Assert that (False == value) with value=False ... passed
12:36:41 INFO  Package robotfindskitten is installed
12:36:41 WARN  Assert that (False == value) with value=True ... failed 
12:36:41 INFO  Response status: 201
12:36:41 INFO  Response to action: {
    &quot;creationTime&quot;: &quot;2022-06-29T12:36:41.939Z&quot;,
    &quot;deviceId&quot;: &quot;20555341&quot;,
    &quot;deviceName&quot;: &quot;m32sd10c&quot;,
    &quot;self&quot;: &quot;https://t493319102.eu-latest.cumulocity.com/devicecontrol/operations/20610475&quot;,
    &quot;id&quot;: &quot;20610475&quot;,
    &quot;status&quot;: &quot;PENDING&quot;,
    &quot;description&quot;: &quot;Apply software changes, triggered from PySys: [{'action': 'install', 'id': '5475369', 'name': 'asciijump', 'url': ' ', 'version': '::apt'}, {'action': 'install', 'id': '5474869', 'name': 'robotfindskitten', 'url': ' ', 'version': '::apt'}, {'action': 'install', 'id': '5475279', 'name': 'squirrel3', 'url': ' ', 'version': '::apt'}]&quot;,
    &quot;c8y_SoftwareUpdate&quot;: [
        {
            &quot;name&quot;: &quot;asciijump&quot;,
            &quot;action&quot;: &quot;install&quot;,
            &quot;id&quot;: &quot;5475369&quot;,
            &quot;version&quot;: &quot;::apt&quot;,
            &quot;url&quot;: &quot; &quot;
        },
        {
            &quot;name&quot;: &quot;robotfindskitten&quot;,
            &quot;action&quot;: &quot;install&quot;,
            &quot;id&quot;: &quot;5474869&quot;,
            &quot;version&quot;: &quot;::apt&quot;,
            &quot;url&quot;: &quot; &quot;
        },
        {
            &quot;name&quot;: &quot;squirrel3&quot;,
            &quot;action&quot;: &quot;install&quot;,
            &quot;id&quot;: &quot;5475279&quot;,
            &quot;version&quot;: &quot;::apt&quot;,
            &quot;url&quot;: &quot; &quot;
        }
    ]
}
12:36:41 INFO  Started operation: {'creationTime': '2022-06-29T12:36:41.939Z', 'deviceId': '20555341', 'deviceName': 'm32sd10c', 'self': 'https://t493319102.eu-latest.cumulocity.com/devicecontrol/operations/20610475', 'id': '20610475', 'status': 'PENDING', 'description': &quot;Apply software changes, triggered from PySys: [{'action': 'install', 'id': '5475369', 'name': 'asciijump', 'url': ' ', 'version': '::apt'}, {'action': 'install', 'id': '5474869', 'name': 'robotfindskitten', 'url': ' ', 'version': '::apt'}, {'action': 'install', 'id': '5475279', 'name': 'squirrel3', 'url': ' ', 'version': '::apt'}]&quot;, 'c8y_SoftwareUpdate': [{'name': 'asciijump', 'action': 'install', 'id': '5475369', 'version': '::apt', 'url': ' '}, {'name': 'robotfindskitten', 'action': 'install', 'id': '5474869', 'version': '::apt', 'url': ' '}, {'name': 'squirrel3', 'action': 'install', 'id': '5475279', 'version': '::apt', 'url': ' '}]}
12:36:44 INFO  State of operation 20610475 : PENDING
12:36:46 INFO  State of operation 20610475 : EXECUTING
12:36:48 INFO  State of operation 20610475 : EXECUTING
12:36:50 INFO  State of operation 20610475 : EXECUTING
12:36:53 INFO  State of operation 20610475 : EXECUTING
12:36:55 INFO  State of operation 20610475 : EXECUTING
12:36:58 INFO  State of operation 20610475 : EXECUTING
12:37:01 INFO  State of operation 20610475 : EXECUTING
12:37:03 INFO  State of operation 20610475 : EXECUTING
12:37:05 INFO  State of operation 20610475 : EXECUTING
12:37:07 INFO  State of operation 20610475 : EXECUTING
12:37:10 INFO  State of operation 20610475 : EXECUTING
12:37:12 INFO  State of operation 20610475 : EXECUTING
12:37:14 INFO  State of operation 20610475 : EXECUTING
12:37:16 INFO  State of operation 20610475 : EXECUTING
12:37:19 INFO  State of operation 20610475 : EXECUTING
12:37:21 INFO  State of operation 20610475 : EXECUTING
12:37:24 INFO  State of operation 20610475 : EXECUTING
12:37:26 INFO  State of operation 20610475 : EXECUTING
12:37:28 INFO  State of operation 20610475 : EXECUTING
12:37:31 INFO  State of operation 20610475 : EXECUTING
12:37:33 INFO  State of operation 20610475 : EXECUTING
12:37:36 INFO  State of operation 20610475 : EXECUTING
12:37:39 INFO  State of operation 20610475 : EXECUTING
12:37:41 INFO  State of operation 20610475 : EXECUTING
12:37:44 INFO  State of operation 20610475 : EXECUTING
12:37:46 INFO  State of operation 20610475 : EXECUTING
12:37:49 INFO  State of operation 20610475 : EXECUTING
12:37:51 INFO  State of operation 20610475 : EXECUTING
12:37:53 INFO  State of operation 20610475 : EXECUTING
12:37:56 INFO  State of operation 20610475 : EXECUTING
12:37:58 INFO  State of operation 20610475 : EXECUTING
12:38:00 INFO  State of operation 20610475 : EXECUTING
12:38:02 INFO  State of operation 20610475 : SUCCESSFUL
12:38:03 INFO  Assert that (False == value) with value=False ... passed
12:38:03 INFO  Package asciijump is installed
12:38:03 INFO  Assert that (True == value) with value=True ... passed
12:38:03 INFO  Package squirrel3 is installed
12:38:03 INFO  Assert that (True == value) with value=True ... passed
12:38:03 INFO  Package robotfindskitten is installed
12:38:03 INFO  Assert that (True == value) with value=True ... passed
12:38:04 INFO  Response status: 201
12:38:04 INFO  Response to action: {
    &quot;creationTime&quot;: &quot;2022-06-29T12:38:03.952Z&quot;,
    &quot;deviceId&quot;: &quot;20555341&quot;,
    &quot;deviceName&quot;: &quot;m32sd10c&quot;,
    &quot;self&quot;: &quot;https://t493319102.eu-latest.cumulocity.com/devicecontrol/operations/20610492&quot;,
    &quot;id&quot;: &quot;20610492&quot;,
    &quot;status&quot;: &quot;PENDING&quot;,
    &quot;description&quot;: &quot;Apply software changes, triggered from PySys: [{'action': 'delete', 'id': '5475369', 'name': 'asciijump', 'url': ' ', 'version': '::apt'}, {'action': 'delete', 'id': '5474869', 'name': 'robotfindskitten', 'url': ' ', 'version': '::apt'}, {'action': 'delete', 'id': '5475279', 'name': 'squirrel3', 'url': ' ', 'version': '::apt'}]&quot;,
    &quot;c8y_SoftwareUpdate&quot;: [
        {
            &quot;name&quot;: &quot;asciijump&quot;,
            &quot;action&quot;: &quot;delete&quot;,
            &quot;id&quot;: &quot;5475369&quot;,
            &quot;version&quot;: &quot;::apt&quot;,
            &quot;url&quot;: &quot; &quot;
        },
        {
            &quot;name&quot;: &quot;robotfindskitten&quot;,
            &quot;action&quot;: &quot;delete&quot;,
            &quot;id&quot;: &quot;5474869&quot;,
            &quot;version&quot;: &quot;::apt&quot;,
            &quot;url&quot;: &quot; &quot;
        },
        {
            &quot;name&quot;: &quot;squirrel3&quot;,
            &quot;action&quot;: &quot;delete&quot;,
            &quot;id&quot;: &quot;5475279&quot;,
            &quot;version&quot;: &quot;::apt&quot;,
            &quot;url&quot;: &quot; &quot;
        }
    ]
}
12:38:04 INFO  Started operation: {'creationTime': '2022-06-29T12:38:03.952Z', 'deviceId': '20555341', 'deviceName': 'm32sd10c', 'self': 'https://t493319102.eu-latest.cumulocity.com/devicecontrol/operations/20610492', 'id': '20610492', 'status': 'PENDING', 'description': &quot;Apply software changes, triggered from PySys: [{'action': 'delete', 'id': '5475369', 'name': 'asciijump', 'url': ' ', 'version': '::apt'}, {'action': 'delete', 'id': '5474869', 'name': 'robotfindskitten', 'url': ' ', 'version': '::apt'}, {'action': 'delete', 'id': '5475279', 'name': 'squirrel3', 'url': ' ', 'version': '::apt'}]&quot;, 'c8y_SoftwareUpdate': [{'name': 'asciijump', 'action': 'delete', 'id': '5475369', 'version': '::apt', 'url': ' '}, {'name': 'robotfindskitten', 'action': 'delete', 'id': '5474869', 'version': '::apt', 'url': ' '}, {'name': 'squirrel3', 'action': 'delete', 'id': '5475279', 'version': '::apt', 'url': ' '}]}
12:38:06 INFO  State of operation 20610492 : PENDING
12:38:08 INFO  State of operation 20610492 : EXECUTING
12:38:10 INFO  State of operation 20610492 : EXECUTING
12:38:12 INFO  State of operation 20610492 : EXECUTING
12:38:15 INFO  State of operation 20610492 : EXECUTING
12:38:17 INFO  State of operation 20610492 : EXECUTING
12:38:20 INFO  State of operation 20610492 : EXECUTING
12:38:23 INFO  State of operation 20610492 : EXECUTING
12:38:25 INFO  State of operation 20610492 : EXECUTING
12:38:27 INFO  State of operation 20610492 : EXECUTING
12:38:30 INFO  State of operation 20610492 : EXECUTING
12:38:32 INFO  State of operation 20610492 : EXECUTING
12:38:34 INFO  State of operation 20610492 : EXECUTING
12:38:36 INFO  State of operation 20610492 : EXECUTING
12:38:39 INFO  State of operation 20610492 : EXECUTING
12:38:41 INFO  State of operation 20610492 : EXECUTING
12:38:43 INFO  State of operation 20610492 : EXECUTING
12:38:46 INFO  State of operation 20610492 : EXECUTING
12:38:49 INFO  State of operation 20610492 : EXECUTING
12:38:51 INFO  State of operation 20610492 : EXECUTING
12:38:53 INFO  State of operation 20610492 : EXECUTING
12:38:56 INFO  State of operation 20610492 : EXECUTING
12:38:58 INFO  State of operation 20610492 : EXECUTING
12:39:01 INFO  State of operation 20610492 : EXECUTING
12:39:03 INFO  State of operation 20610492 : EXECUTING
12:39:05 INFO  State of operation 20610492 : EXECUTING
12:39:08 INFO  State of operation 20610492 : EXECUTING
12:39:10 INFO  State of operation 20610492 : SUCCESSFUL
12:39:10 INFO  Assert that (False == value) with value=False ... passed
12:39:10 INFO  Assert that (False == value) with value=False ... passed
12:39:10 INFO  Assert that (False == value) with value=False ... passed
12:39:11 INFO  Assert that (False == value) with value=False ... passed
12:39:11 INFO  
12:39:11 INFO  cleanup:
12:39:15 INFO  Executed sudo&lt;tedge_disconnect_c8y&gt;, exit status 0
12:39:15 INFO  Executed systemctl&lt;serv_mapper5&gt;, exit status 3
12:39:15 INFO  
12:39:15 INFO  Test duration: 180.58 secs
12:39:15 INFO  Test final outcome:  FAILED
12:39:15 INFO  Test outcome reason: Assert that (False == value) with value=True
12:39:15 INFO  
</system-out>
	</testcase>
</testsuite>
