<?xml version="1.0" encoding="utf-8"?>
<testsuite failures="1" name="SoftwareManagement.sm_apt_install_remove_multiple" skipped="0" tests="1" time="178.74" timestamp="2022-06-15T11:39:20">
	<testcase classname="PySysTest" name="SoftwareManagement.sm_apt_install_remove_multiple">
		<failure message="FAILED: Assert that (False == value) with value=True" type="FAILED"/>
		<system-out>11:36:21 INFO  ==============================================================
11:36:21 INFO  Id:    SoftwareManagement.sm_apt_install_remove_multiple
11:36:21 INFO  Dir:   software_management_end_to_end/
11:36:21 INFO  Title: Validate end to end behaviour for the apt plugin for multiple packages
11:36:21 INFO  ==============================================================
11:36:21 INFO  Using sw id database: {'asciijump': '5475369', 'robotfindskitten': '5474869', 'squirrel3': '5475279', 'rolldice': '5152439', 'moon-buggy': '5439204', 'apple': '5495053', 'banana': '5494888', 'cherry': '5495382', 'watermelon': '5494510', 'registry': '8018911', 'hello-world': '8021526', 'docker/getting-started': '8021973', 'alpine': '7991792'}
11:36:21 INFO  EnvironmentC8y Setup
11:36:21 INFO  Executed systemctl&lt;serv_mapper1&gt;, exit status 3
11:36:21 INFO  Restarting mosquitto too frequently in the last 10 seconds. It was only up for 5 seconds
11:36:21 INFO  Delaying execution by 6 seconds
11:36:41 INFO  Executed sudo&lt;tedge_connect_c8y&gt;, exit status 0, duration 13 secs
11:36:42 INFO  Executed sudo&lt;tedge_connect_c8y_test&gt;, exit status 0
11:36:42 INFO  Executed systemctl&lt;serv_mosq2&gt;, exit status 0
11:36:43 INFO  Executed systemctl&lt;serv_mapper3&gt;, exit status 0
11:36:45 INFO  State of current operation: SUCCESSFUL
11:36:45 INFO  Assert that (False == value) with value=False ... passed
11:36:46 INFO  Assert that (False == value) with value=False ... passed
11:36:46 INFO  Assert that (False == value) with value=False ... passed
11:36:46 INFO  Package robotfindskitten is installed
11:36:46 WARN  Assert that (False == value) with value=True ... failed 
11:36:46 INFO  Response status: 201
11:36:46 INFO  Response to action: {
    &quot;creationTime&quot;: &quot;2022-06-15T11:36:46.721Z&quot;,
    &quot;deviceName&quot;: &quot;m32sd10c&quot;,
    &quot;deviceId&quot;: &quot;20129645&quot;,
    &quot;self&quot;: &quot;https://t493319102.eu-latest.cumulocity.com/devicecontrol/operations/20232159&quot;,
    &quot;id&quot;: &quot;20232159&quot;,
    &quot;status&quot;: &quot;PENDING&quot;,
    &quot;description&quot;: &quot;Apply software changes, triggered from PySys: [{'action': 'install', 'id': '5475369', 'name': 'asciijump', 'url': ' ', 'version': '::apt'}, {'action': 'install', 'id': '5474869', 'name': 'robotfindskitten', 'url': ' ', 'version': '::apt'}, {'action': 'install', 'id': '5475279', 'name': 'squirrel3', 'url': ' ', 'version': '::apt'}]&quot;,
    &quot;c8y_SoftwareUpdate&quot;: [
        {
            &quot;name&quot;: &quot;asciijump&quot;,
            &quot;action&quot;: &quot;install&quot;,
            &quot;id&quot;: &quot;5475369&quot;,
            &quot;version&quot;: &quot;::apt&quot;,
            &quot;url&quot;: &quot; &quot;
        },
        {
            &quot;name&quot;: &quot;robotfindskitten&quot;,
            &quot;action&quot;: &quot;install&quot;,
            &quot;id&quot;: &quot;5474869&quot;,
            &quot;version&quot;: &quot;::apt&quot;,
            &quot;url&quot;: &quot; &quot;
        },
        {
            &quot;name&quot;: &quot;squirrel3&quot;,
            &quot;action&quot;: &quot;install&quot;,
            &quot;id&quot;: &quot;5475279&quot;,
            &quot;version&quot;: &quot;::apt&quot;,
            &quot;url&quot;: &quot; &quot;
        }
    ]
}
11:36:46 INFO  Started operation: {'creationTime': '2022-06-15T11:36:46.721Z', 'deviceName': 'm32sd10c', 'deviceId': '20129645', 'self': 'https://t493319102.eu-latest.cumulocity.com/devicecontrol/operations/20232159', 'id': '20232159', 'status': 'PENDING', 'description': &quot;Apply software changes, triggered from PySys: [{'action': 'install', 'id': '5475369', 'name': 'asciijump', 'url': ' ', 'version': '::apt'}, {'action': 'install', 'id': '5474869', 'name': 'robotfindskitten', 'url': ' ', 'version': '::apt'}, {'action': 'install', 'id': '5475279', 'name': 'squirrel3', 'url': ' ', 'version': '::apt'}]&quot;, 'c8y_SoftwareUpdate': [{'name': 'asciijump', 'action': 'install', 'id': '5475369', 'version': '::apt', 'url': ' '}, {'name': 'robotfindskitten', 'action': 'install', 'id': '5474869', 'version': '::apt', 'url': ' '}, {'name': 'squirrel3', 'action': 'install', 'id': '5475279', 'version': '::apt', 'url': ' '}]}
11:36:49 INFO  State of operation 20232159 : PENDING
11:36:51 INFO  State of operation 20232159 : EXECUTING
11:36:53 INFO  State of operation 20232159 : EXECUTING
11:36:55 INFO  State of operation 20232159 : EXECUTING
11:36:57 INFO  State of operation 20232159 : EXECUTING
11:37:00 INFO  State of operation 20232159 : EXECUTING
11:37:02 INFO  State of operation 20232159 : EXECUTING
11:37:05 INFO  State of operation 20232159 : EXECUTING
11:37:07 INFO  State of operation 20232159 : EXECUTING
11:37:10 INFO  State of operation 20232159 : EXECUTING
11:37:12 INFO  State of operation 20232159 : EXECUTING
11:37:14 INFO  State of operation 20232159 : EXECUTING
11:37:16 INFO  State of operation 20232159 : EXECUTING
11:37:19 INFO  State of operation 20232159 : EXECUTING
11:37:21 INFO  State of operation 20232159 : EXECUTING
11:37:23 INFO  State of operation 20232159 : EXECUTING
11:37:26 INFO  State of operation 20232159 : EXECUTING
11:37:28 INFO  State of operation 20232159 : EXECUTING
11:37:31 INFO  State of operation 20232159 : EXECUTING
11:37:33 INFO  State of operation 20232159 : EXECUTING
11:37:35 INFO  State of operation 20232159 : EXECUTING
11:37:38 INFO  State of operation 20232159 : EXECUTING
11:37:40 INFO  State of operation 20232159 : EXECUTING
11:37:42 INFO  State of operation 20232159 : EXECUTING
11:37:44 INFO  State of operation 20232159 : EXECUTING
11:37:47 INFO  State of operation 20232159 : EXECUTING
11:37:49 INFO  State of operation 20232159 : EXECUTING
11:37:51 INFO  State of operation 20232159 : EXECUTING
11:37:54 INFO  State of operation 20232159 : EXECUTING
11:37:56 INFO  State of operation 20232159 : EXECUTING
11:37:58 INFO  State of operation 20232159 : EXECUTING
11:38:01 INFO  State of operation 20232159 : EXECUTING
11:38:03 INFO  State of operation 20232159 : EXECUTING
11:38:05 INFO  State of operation 20232159 : EXECUTING
11:38:07 INFO  State of operation 20232159 : SUCCESSFUL
11:38:07 INFO  Assert that (False == value) with value=False ... passed
11:38:08 INFO  Package asciijump is installed
11:38:08 INFO  Assert that (True == value) with value=True ... passed
11:38:08 INFO  Package squirrel3 is installed
11:38:08 INFO  Assert that (True == value) with value=True ... passed
11:38:08 INFO  Package robotfindskitten is installed
11:38:08 INFO  Assert that (True == value) with value=True ... passed
11:38:08 INFO  Response status: 201
11:38:08 INFO  Response to action: {
    &quot;creationTime&quot;: &quot;2022-06-15T11:38:08.855Z&quot;,
    &quot;deviceName&quot;: &quot;m32sd10c&quot;,
    &quot;deviceId&quot;: &quot;20129645&quot;,
    &quot;self&quot;: &quot;https://t493319102.eu-latest.cumulocity.com/devicecontrol/operations/20232167&quot;,
    &quot;id&quot;: &quot;20232167&quot;,
    &quot;status&quot;: &quot;PENDING&quot;,
    &quot;description&quot;: &quot;Apply software changes, triggered from PySys: [{'action': 'delete', 'id': '5475369', 'name': 'asciijump', 'url': ' ', 'version': '::apt'}, {'action': 'delete', 'id': '5474869', 'name': 'robotfindskitten', 'url': ' ', 'version': '::apt'}, {'action': 'delete', 'id': '5475279', 'name': 'squirrel3', 'url': ' ', 'version': '::apt'}]&quot;,
    &quot;c8y_SoftwareUpdate&quot;: [
        {
            &quot;name&quot;: &quot;asciijump&quot;,
            &quot;action&quot;: &quot;delete&quot;,
            &quot;id&quot;: &quot;5475369&quot;,
            &quot;version&quot;: &quot;::apt&quot;,
            &quot;url&quot;: &quot; &quot;
        },
        {
            &quot;name&quot;: &quot;robotfindskitten&quot;,
            &quot;action&quot;: &quot;delete&quot;,
            &quot;id&quot;: &quot;5474869&quot;,
            &quot;version&quot;: &quot;::apt&quot;,
            &quot;url&quot;: &quot; &quot;
        },
        {
            &quot;name&quot;: &quot;squirrel3&quot;,
            &quot;action&quot;: &quot;delete&quot;,
            &quot;id&quot;: &quot;5475279&quot;,
            &quot;version&quot;: &quot;::apt&quot;,
            &quot;url&quot;: &quot; &quot;
        }
    ]
}
11:38:08 INFO  Started operation: {'creationTime': '2022-06-15T11:38:08.855Z', 'deviceName': 'm32sd10c', 'deviceId': '20129645', 'self': 'https://t493319102.eu-latest.cumulocity.com/devicecontrol/operations/20232167', 'id': '20232167', 'status': 'PENDING', 'description': &quot;Apply software changes, triggered from PySys: [{'action': 'delete', 'id': '5475369', 'name': 'asciijump', 'url': ' ', 'version': '::apt'}, {'action': 'delete', 'id': '5474869', 'name': 'robotfindskitten', 'url': ' ', 'version': '::apt'}, {'action': 'delete', 'id': '5475279', 'name': 'squirrel3', 'url': ' ', 'version': '::apt'}]&quot;, 'c8y_SoftwareUpdate': [{'name': 'asciijump', 'action': 'delete', 'id': '5475369', 'version': '::apt', 'url': ' '}, {'name': 'robotfindskitten', 'action': 'delete', 'id': '5474869', 'version': '::apt', 'url': ' '}, {'name': 'squirrel3', 'action': 'delete', 'id': '5475279', 'version': '::apt', 'url': ' '}]}
11:38:11 INFO  State of operation 20232167 : PENDING
11:38:13 INFO  State of operation 20232167 : EXECUTING
11:38:15 INFO  State of operation 20232167 : EXECUTING
11:38:17 INFO  State of operation 20232167 : EXECUTING
11:38:20 INFO  State of operation 20232167 : EXECUTING
11:38:22 INFO  State of operation 20232167 : EXECUTING
11:38:25 INFO  State of operation 20232167 : EXECUTING
11:38:27 INFO  State of operation 20232167 : EXECUTING
11:38:30 INFO  State of operation 20232167 : EXECUTING
11:38:32 INFO  State of operation 20232167 : EXECUTING
11:38:34 INFO  State of operation 20232167 : EXECUTING
11:38:37 INFO  State of operation 20232167 : EXECUTING
11:38:39 INFO  State of operation 20232167 : EXECUTING
11:38:41 INFO  State of operation 20232167 : EXECUTING
11:38:43 INFO  State of operation 20232167 : EXECUTING
11:38:46 INFO  State of operation 20232167 : EXECUTING
11:38:48 INFO  State of operation 20232167 : EXECUTING
11:38:51 INFO  State of operation 20232167 : EXECUTING
11:38:53 INFO  State of operation 20232167 : EXECUTING
11:38:55 INFO  State of operation 20232167 : EXECUTING
11:38:58 INFO  State of operation 20232167 : EXECUTING
11:39:00 INFO  State of operation 20232167 : EXECUTING
11:39:02 INFO  State of operation 20232167 : EXECUTING
11:39:04 INFO  State of operation 20232167 : EXECUTING
11:39:07 INFO  State of operation 20232167 : EXECUTING
11:39:09 INFO  State of operation 20232167 : EXECUTING
11:39:12 INFO  State of operation 20232167 : EXECUTING
11:39:14 INFO  State of operation 20232167 : SUCCESSFUL
11:39:14 INFO  Assert that (False == value) with value=False ... passed
11:39:14 INFO  Assert that (False == value) with value=False ... passed
11:39:15 INFO  Assert that (False == value) with value=False ... passed
11:39:15 INFO  Assert that (False == value) with value=False ... passed
11:39:15 INFO  
11:39:15 INFO  cleanup:
11:39:19 INFO  Executed sudo&lt;tedge_disconnect_c8y&gt;, exit status 0
11:39:20 INFO  Executed systemctl&lt;serv_mapper5&gt;, exit status 3
11:39:20 INFO  
11:39:20 INFO  Test duration: 178.74 secs
11:39:20 INFO  Test final outcome:  FAILED
11:39:20 INFO  Test outcome reason: Assert that (False == value) with value=True
11:39:20 INFO  
</system-out>
	</testcase>
</testsuite>
