<?xml version="1.0" encoding="utf-8"?>
<testsuite failures="0" name="apt_install_local_file_fail" skipped="0" tests="1" time="22.03" timestamp="2022-07-22T07:46:01">
	<testcase classname="AptPluginInstallFromLocalFileFail" name="apt_install_local_file_fail"/>
</testsuite>
