<?xml version="1.0" encoding="utf-8"?>
<testsuite failures="1" name="SoftwareManagement.sm_apt_install_download_path" skipped="0" tests="1" time="84.9" timestamp="2022-07-22T01:06:47">
	<testcase classname="AptInstallWithDownloadPath" name="SoftwareManagement.sm_apt_install_download_path">
		<failure message="BLOCKED: AssertionError:" type="BLOCKED"/>
		<system-out>01:05:22 INFO  ==============================================================
01:05:22 INFO  Id:    SoftwareManagement.sm_apt_install_download_path
01:05:22 INFO  Dir:   software_management_end_to_end/
01:05:22 INFO  Title: Install package to directory specified in tedge config set tmp.path
01:05:22 INFO  ==============================================================
01:05:22 INFO  Using sw id database: {'asciijump': '5475369', 'robotfindskitten': '5474869', 'squirrel3': '5475279', 'rolldice': '5152439', 'moon-buggy': '5439204', 'apple': '5495053', 'banana': '5494888', 'cherry': '5495382', 'watermelon': '5494510', 'registry': '8018911', 'hello-world': '8021526', 'docker/getting-started': '8021973', 'alpine': '7991792'}
01:05:22 INFO  EnvironmentC8y Setup
01:05:23 INFO  Executed systemctl&lt;serv_mapper1&gt;, exit status 3
01:05:37 INFO  Executed sudo&lt;tedge_connect_c8y&gt;, exit status 0, duration 14 secs
01:05:39 INFO  Executed sudo&lt;tedge_connect_c8y_test&gt;, exit status 0
01:05:40 INFO  Executed systemctl&lt;serv_mosq2&gt;, exit status 0
01:05:41 INFO  Executed systemctl&lt;serv_mapper3&gt;, exit status 0
01:05:43 INFO  State of current operation: SUCCESSFUL
01:05:43 INFO  Assert that (False == value) with value=False ... passed
01:05:44 INFO  Executed sudo, exit status 0
01:05:44 INFO  Executed sudo, exit status 0
01:05:45 INFO  Executed sudo, exit status 0
01:05:49 INFO  Executed sudo&lt;tedge_disconnect_c8y&gt;, exit status 0
01:05:49 INFO  Restarting mosquitto too frequently in the last 10 seconds. It was only up for 4 seconds
01:05:49 INFO  Delaying execution by 7 seconds
01:06:10 INFO  Executed sudo&lt;tedge_connect_c8y&gt;, exit status 0, duration 14 secs
01:06:10 INFO  Response status: 201
01:06:10 INFO  Response to action: {
    &quot;creationTime&quot;: &quot;2022-07-22T01:06:10.670Z&quot;,
    &quot;deviceId&quot;: &quot;21167114&quot;,
    &quot;deviceName&quot;: &quot;m32sd10c&quot;,
    &quot;self&quot;: &quot;https://t493319102.eu-latest.cumulocity.com/devicecontrol/operations/21213842&quot;,
    &quot;id&quot;: &quot;21213842&quot;,
    &quot;status&quot;: &quot;PENDING&quot;,
    &quot;description&quot;: &quot;Apply software changes, triggered from PySys: [{'name': 'rolldice', 'id': '5152439', 'version': '::apt', 'url': 'https://thin-edge-io.eu-latest.cumulocity.com/inventory/binaries/12435463', 'action': 'install'}]&quot;,
    &quot;c8y_SoftwareUpdate&quot;: [
        {
            &quot;name&quot;: &quot;rolldice&quot;,
            &quot;action&quot;: &quot;install&quot;,
            &quot;id&quot;: &quot;5152439&quot;,
            &quot;version&quot;: &quot;::apt&quot;,
            &quot;url&quot;: &quot;https://thin-edge-io.eu-latest.cumulocity.com/inventory/binaries/12435463&quot;
        }
    ]
}
01:06:10 INFO  Started operation: {'creationTime': '2022-07-22T01:06:10.670Z', 'deviceId': '21167114', 'deviceName': 'm32sd10c', 'self': 'https://t493319102.eu-latest.cumulocity.com/devicecontrol/operations/21213842', 'id': '21213842', 'status': 'PENDING', 'description': &quot;Apply software changes, triggered from PySys: [{'name': 'rolldice', 'id': '5152439', 'version': '::apt', 'url': 'https://thin-edge-io.eu-latest.cumulocity.com/inventory/binaries/12435463', 'action': 'install'}]&quot;, 'c8y_SoftwareUpdate': [{'name': 'rolldice', 'action': 'install', 'id': '5152439', 'version': '::apt', 'url': 'https://thin-edge-io.eu-latest.cumulocity.com/inventory/binaries/12435463'}]}
01:06:10 WARN  , retrying in 0.5 seconds...
01:06:11 WARN  , retrying in 0.5 seconds...
01:06:11 WARN  , retrying in 0.5 seconds...
01:06:12 WARN  , retrying in 0.5 seconds...
01:06:12 WARN  , retrying in 0.5 seconds...
01:06:13 WARN  , retrying in 0.5 seconds...
01:06:13 WARN  , retrying in 0.5 seconds...
01:06:14 WARN  , retrying in 0.5 seconds...
01:06:14 WARN  , retrying in 0.5 seconds...
01:06:15 WARN  AssertionError occurred while running test - 
Traceback (most recent call last):
  File &quot;/home/pi/env-pysys/lib/python3.7/site-packages/pysys/baserunner.py&quot;, line 1294, in __call__
    self.testObj.execute()
  File &quot;/home/pi/actions-runner/_work/thin-edge.io/thin-edge.io/tests/PySys/software_management_end_to_end/sm_apt_install_download_path/run.py&quot;, line 83, in execute
    assert_install_in_download_path(install_directory=self.DOWNLOAD_DIR)
  File &quot;/home/pi/env-pysys/lib/python3.7/site-packages/decorator.py&quot;, line 232, in fun
    return caller(func, *(extras + args), **kw)
  File &quot;/home/pi/env-pysys/lib/python3.7/site-packages/retry/api.py&quot;, line 74, in retry_decorator
    logger)
  File &quot;/home/pi/env-pysys/lib/python3.7/site-packages/retry/api.py&quot;, line 33, in __retry_internal
    return f()
  File &quot;/home/pi/actions-runner/_work/thin-edge.io/thin-edge.io/tests/PySys/software_management_end_to_end/sm_apt_install_download_path/run.py&quot;, line 28, in assert_install_in_download_path
    assert &quot;rolldice&quot; in os.listdir(f&quot;{install_directory}&quot;)
AssertionError
01:06:16 WARN  AssertionError: ... blocked 
01:06:16 INFO  
01:06:16 INFO  cleanup:
01:06:16 INFO  Executed sudo, exit status 0
01:06:17 INFO  Executed sudo, exit status 0
01:06:21 INFO  Executed sudo&lt;tedge_disconnect_c8y&gt;, exit status 0
01:06:21 INFO  Restarting mosquitto too frequently in the last 10 seconds. It was only up for 4 seconds
01:06:21 INFO  Delaying execution by 7 seconds
01:06:42 INFO  Executed sudo&lt;tedge_connect_c8y&gt;, exit status 0, duration 14 secs
01:06:46 INFO  Executed sudo&lt;tedge_disconnect_c8y&gt;, exit status 0
01:06:47 INFO  Executed systemctl&lt;serv_mapper5&gt;, exit status 3
01:06:47 INFO  
01:06:47 INFO  Test duration: 84.90 secs
01:06:47 INFO  Test final outcome:  BLOCKED
01:06:47 INFO  Test outcome reason: AssertionError:
01:06:47 INFO  
</system-out>
	</testcase>
</testsuite>
