<?xml version="1.0" encoding="utf-8"?>
<testsuite failures="1" name="SoftwareManagement.sm_apt_install_download_path" skipped="0" tests="1" time="190.24" timestamp="2022-05-25T13:18:23">
	<testcase classname="AptInstallWithDownloadPath" name="SoftwareManagement.sm_apt_install_download_path">
		<failure message="BLOCKED: SystemError: Timeout while waiting for status FAILED or SUCCESSFUL" type="BLOCKED"/>
		<system-out>13:15:12 INFO  ==============================================================
13:15:12 INFO  Id:    SoftwareManagement.sm_apt_install_download_path
13:15:12 INFO  Dir:   software_management_end_to_end/
13:15:12 INFO  Title: Install package to directory specified in tedge config set tmp.path
13:15:12 INFO  ==============================================================
13:15:13 INFO  Using sw id database: {'asciijump': '5475369', 'robotfindskitten': '5474869', 'squirrel3': '5475279', 'rolldice': '5152439', 'moon-buggy': '5439204', 'apple': '5495053', 'banana': '5494888', 'cherry': '5495382', 'watermelon': '5494510', 'registry': '8018911', 'hello-world': '8021526', 'docker/getting-started': '8021973', 'alpine': '7991792'}
13:15:13 INFO  EnvironmentC8y Setup
13:15:13 INFO  Executed systemctl&lt;serv_mapper1&gt;, exit status 3
13:15:28 INFO  Executed sudo&lt;tedge_connect_c8y&gt;, exit status 0, duration 14 secs
13:15:30 INFO  Executed sudo&lt;tedge_connect_c8y_test&gt;, exit status 0
13:15:31 INFO  Executed systemctl&lt;serv_mosq2&gt;, exit status 0
13:15:31 INFO  Executed systemctl&lt;serv_mapper3&gt;, exit status 0
13:15:34 INFO  State of current operation: PENDING
13:15:36 INFO  State of current operation: PENDING
13:15:38 INFO  State of current operation: PENDING
13:15:40 INFO  State of current operation: PENDING
13:15:43 INFO  State of current operation: PENDING
13:15:45 INFO  State of current operation: PENDING
13:15:47 INFO  State of current operation: PENDING
13:15:49 INFO  State of current operation: PENDING
13:15:52 INFO  State of current operation: PENDING
13:15:54 INFO  State of current operation: PENDING
13:15:56 INFO  State of current operation: PENDING
13:15:58 INFO  State of current operation: PENDING
13:16:01 INFO  State of current operation: PENDING
13:16:03 INFO  State of current operation: PENDING
13:16:05 INFO  State of current operation: PENDING
13:16:07 INFO  State of current operation: PENDING
13:16:10 INFO  State of current operation: PENDING
13:16:12 INFO  State of current operation: PENDING
13:16:14 INFO  State of current operation: PENDING
13:16:16 INFO  State of current operation: PENDING
13:16:19 INFO  State of current operation: PENDING
13:16:21 INFO  State of current operation: PENDING
13:16:23 INFO  State of current operation: PENDING
13:16:25 INFO  State of current operation: PENDING
13:16:27 INFO  State of current operation: PENDING
13:16:30 INFO  State of current operation: PENDING
13:16:32 INFO  State of current operation: PENDING
13:16:34 INFO  State of current operation: PENDING
13:16:36 INFO  State of current operation: PENDING
13:16:39 INFO  State of current operation: PENDING
13:16:41 INFO  State of current operation: PENDING
13:16:43 INFO  State of current operation: PENDING
13:16:45 INFO  State of current operation: PENDING
13:16:48 INFO  State of current operation: PENDING
13:16:50 INFO  State of current operation: PENDING
13:16:52 INFO  State of current operation: PENDING
13:16:54 INFO  State of current operation: PENDING
13:16:57 INFO  State of current operation: PENDING
13:16:59 INFO  State of current operation: PENDING
13:17:01 INFO  State of current operation: PENDING
13:17:03 INFO  State of current operation: PENDING
13:17:05 INFO  State of current operation: PENDING
13:17:08 INFO  State of current operation: PENDING
13:17:10 INFO  State of current operation: PENDING
13:17:12 INFO  State of current operation: PENDING
13:17:14 INFO  State of current operation: PENDING
13:17:17 INFO  State of current operation: PENDING
13:17:19 INFO  State of current operation: PENDING
13:17:21 INFO  State of current operation: PENDING
13:17:23 INFO  State of current operation: PENDING
13:17:26 INFO  State of current operation: PENDING
13:17:28 INFO  State of current operation: PENDING
13:17:30 INFO  State of current operation: PENDING
13:17:32 INFO  State of current operation: PENDING
13:17:35 INFO  State of current operation: PENDING
13:17:37 INFO  State of current operation: PENDING
13:17:39 INFO  State of current operation: PENDING
13:17:41 INFO  State of current operation: PENDING
13:17:43 INFO  State of current operation: PENDING
13:17:46 INFO  State of current operation: PENDING
13:17:48 INFO  State of current operation: PENDING
13:17:50 WARN  SystemError occurred while running test - Timeout while waiting for status FAILED or SUCCESSFUL
Traceback (most recent call last):
  File &quot;/home/pi/env-pysys/lib/python3.7/site-packages/pysys/baserunner.py&quot;, line 1292, in __call__
    self.testObj.setup()
  File &quot;/home/pi/actions-runner/_work/thin-edge.io/thin-edge.io/tests/PySys/software_management_end_to_end/sm_apt_install_download_path/run.py&quot;, line 48, in setup
    super().setup()
  File &quot;/home/pi/actions-runner/_work/thin-edge.io/thin-edge.io/tests/PySys/software_management_end_to_end/environment_sm_management.py&quot;, line 151, in setup
    self.wait_until_end()
  File &quot;/home/pi/actions-runner/_work/thin-edge.io/thin-edge.io/tests/PySys/software_management_end_to_end/environment_sm_management.py&quot;, line 332, in wait_until_end
    self.wait_until_status(&quot;FAILED&quot;, &quot;SUCCESSFUL&quot;)
  File &quot;/home/pi/actions-runner/_work/thin-edge.io/thin-edge.io/tests/PySys/software_management_end_to_end/environment_sm_management.py&quot;, line 381, in wait_until_status
    &quot;Timeout while waiting for status %s or %s&quot; % (status, status2)
SystemError: Timeout while waiting for status FAILED or SUCCESSFUL
13:17:51 WARN  SystemError: Timeout while waiting for status FAILED or SUCCESSFUL ... blocked 
13:17:51 INFO  
13:17:51 INFO  cleanup:
13:17:51 INFO  Executed sudo, exit status 0
13:17:52 INFO  Executed sudo, exit status 0
13:17:56 INFO  Executed sudo&lt;tedge_disconnect_c8y&gt;, exit status 0
13:17:56 INFO  Restarting mosquitto too frequently in the last 10 seconds. It was only up for 3 seconds
13:17:56 INFO  Delaying execution by 8 seconds
13:18:18 INFO  Executed sudo&lt;tedge_connect_c8y&gt;, exit status 0, duration 13 secs
13:18:22 INFO  Executed sudo&lt;tedge_disconnect_c8y&gt;, exit status 0
13:18:23 INFO  Executed systemctl&lt;serv_mapper5&gt;, exit status 3
13:18:23 INFO  
13:18:23 INFO  Test duration: 190.24 secs
13:18:23 INFO  Test final outcome:  BLOCKED
13:18:23 INFO  Test outcome reason: SystemError: Timeout while waiting for status FAILED or SUCCESSFUL
13:18:23 INFO  
</system-out>
	</testcase>
</testsuite>
