<?xml version="1.0" encoding="utf-8"?>
<testsuite failures="0" name="apt_update_list" skipped="0" tests="1" time="165.22" timestamp="2022-07-22T02:35:03">
	<testcase classname="AptPluginUpdateList" name="apt_update_list"/>
</testsuite>
