<?xml version="1.0" encoding="utf-8"?>
<testsuite failures="0" name="apt_finalize" skipped="0" tests="1" time="148.32" timestamp="2022-07-25T10:35:54">
	<testcase classname="AptPluginFinalize" name="apt_finalize"/>
</testsuite>
