<?xml version="1.0" encoding="utf-8"?>
<testsuite failures="0" name="apt_fail_noarg" skipped="0" tests="1" time="6.15" timestamp="2022-06-22T16:04:37">
	<testcase classname="AptPluginFailNoArg" name="apt_fail_noarg"/>
</testsuite>
