<?xml version="1.0" encoding="utf-8"?>
<testsuite failures="0" name="apt_update_list" skipped="0" tests="1" time="152.07" timestamp="2022-05-23T11:42:33">
	<testcase classname="AptPluginUpdateList" name="apt_update_list"/>
</testsuite>
