<?xml version="1.0" encoding="utf-8"?>
<testsuite failures="1" name="SoftwareManagement.sm_apt_install_remove_multiple" skipped="0" tests="1" time="181.19" timestamp="2022-07-20T11:29:48">
	<testcase classname="PySysTest" name="SoftwareManagement.sm_apt_install_remove_multiple">
		<failure message="FAILED: Assert that (False == value) with value=True" type="FAILED"/>
		<system-out>11:26:47 INFO  ==============================================================
11:26:47 INFO  Id:    SoftwareManagement.sm_apt_install_remove_multiple
11:26:47 INFO  Dir:   software_management_end_to_end/
11:26:47 INFO  Title: Validate end to end behaviour for the apt plugin for multiple packages
11:26:47 INFO  ==============================================================
11:26:47 INFO  Using sw id database: {'asciijump': '5475369', 'robotfindskitten': '5474869', 'squirrel3': '5475279', 'rolldice': '5152439', 'moon-buggy': '5439204', 'apple': '5495053', 'banana': '5494888', 'cherry': '5495382', 'watermelon': '5494510', 'registry': '8018911', 'hello-world': '8021526', 'docker/getting-started': '8021973', 'alpine': '7991792'}
11:26:47 INFO  EnvironmentC8y Setup
11:26:48 INFO  Executed systemctl&lt;serv_mapper1&gt;, exit status 3
11:26:48 INFO  Restarting mosquitto too frequently in the last 10 seconds. It was only up for 5 seconds
11:26:48 INFO  Delaying execution by 6 seconds
11:27:08 INFO  Executed sudo&lt;tedge_connect_c8y&gt;, exit status 0, duration 13 secs
11:27:08 INFO  Executed sudo&lt;tedge_connect_c8y_test&gt;, exit status 0
11:27:09 INFO  Executed systemctl&lt;serv_mosq2&gt;, exit status 0
11:27:09 INFO  Executed systemctl&lt;serv_mapper3&gt;, exit status 0
11:27:12 INFO  State of current operation: SUCCESSFUL
11:27:12 INFO  Assert that (False == value) with value=False ... passed
11:27:12 INFO  Assert that (False == value) with value=False ... passed
11:27:12 INFO  Assert that (False == value) with value=False ... passed
11:27:13 INFO  Package robotfindskitten is installed
11:27:13 WARN  Assert that (False == value) with value=True ... failed 
11:27:13 INFO  Response status: 201
11:27:13 INFO  Response to action: {
    &quot;creationTime&quot;: &quot;2022-07-20T11:27:13.279Z&quot;,
    &quot;deviceId&quot;: &quot;21058298&quot;,
    &quot;deviceName&quot;: &quot;m32sd10c&quot;,
    &quot;self&quot;: &quot;https://t493319102.eu-latest.cumulocity.com/devicecontrol/operations/21082341&quot;,
    &quot;id&quot;: &quot;21082341&quot;,
    &quot;status&quot;: &quot;PENDING&quot;,
    &quot;description&quot;: &quot;Apply software changes, triggered from PySys: [{'action': 'install', 'id': '5475369', 'name': 'asciijump', 'url': ' ', 'version': '::apt'}, {'action': 'install', 'id': '5474869', 'name': 'robotfindskitten', 'url': ' ', 'version': '::apt'}, {'action': 'install', 'id': '5475279', 'name': 'squirrel3', 'url': ' ', 'version': '::apt'}]&quot;,
    &quot;c8y_SoftwareUpdate&quot;: [
        {
            &quot;name&quot;: &quot;asciijump&quot;,
            &quot;action&quot;: &quot;install&quot;,
            &quot;id&quot;: &quot;5475369&quot;,
            &quot;version&quot;: &quot;::apt&quot;,
            &quot;url&quot;: &quot; &quot;
        },
        {
            &quot;name&quot;: &quot;robotfindskitten&quot;,
            &quot;action&quot;: &quot;install&quot;,
            &quot;id&quot;: &quot;5474869&quot;,
            &quot;version&quot;: &quot;::apt&quot;,
            &quot;url&quot;: &quot; &quot;
        },
        {
            &quot;name&quot;: &quot;squirrel3&quot;,
            &quot;action&quot;: &quot;install&quot;,
            &quot;id&quot;: &quot;5475279&quot;,
            &quot;version&quot;: &quot;::apt&quot;,
            &quot;url&quot;: &quot; &quot;
        }
    ]
}
11:27:13 INFO  Started operation: {'creationTime': '2022-07-20T11:27:13.279Z', 'deviceId': '21058298', 'deviceName': 'm32sd10c', 'self': 'https://t493319102.eu-latest.cumulocity.com/devicecontrol/operations/21082341', 'id': '21082341', 'status': 'PENDING', 'description': &quot;Apply software changes, triggered from PySys: [{'action': 'install', 'id': '5475369', 'name': 'asciijump', 'url': ' ', 'version': '::apt'}, {'action': 'install', 'id': '5474869', 'name': 'robotfindskitten', 'url': ' ', 'version': '::apt'}, {'action': 'install', 'id': '5475279', 'name': 'squirrel3', 'url': ' ', 'version': '::apt'}]&quot;, 'c8y_SoftwareUpdate': [{'name': 'asciijump', 'action': 'install', 'id': '5475369', 'version': '::apt', 'url': ' '}, {'name': 'robotfindskitten', 'action': 'install', 'id': '5474869', 'version': '::apt', 'url': ' '}, {'name': 'squirrel3', 'action': 'install', 'id': '5475279', 'version': '::apt', 'url': ' '}]}
11:27:15 INFO  State of operation 21082341 : PENDING
11:27:17 INFO  State of operation 21082341 : EXECUTING
11:27:20 INFO  State of operation 21082341 : EXECUTING
11:27:22 INFO  State of operation 21082341 : EXECUTING
11:27:24 INFO  State of operation 21082341 : EXECUTING
11:27:26 INFO  State of operation 21082341 : EXECUTING
11:27:29 INFO  State of operation 21082341 : EXECUTING
11:27:32 INFO  State of operation 21082341 : EXECUTING
11:27:34 INFO  State of operation 21082341 : EXECUTING
11:27:36 INFO  State of operation 21082341 : EXECUTING
11:27:39 INFO  State of operation 21082341 : EXECUTING
11:27:41 INFO  State of operation 21082341 : EXECUTING
11:27:43 INFO  State of operation 21082341 : EXECUTING
11:27:45 INFO  State of operation 21082341 : EXECUTING
11:27:48 INFO  State of operation 21082341 : EXECUTING
11:27:50 INFO  State of operation 21082341 : EXECUTING
11:27:52 INFO  State of operation 21082341 : EXECUTING
11:27:55 INFO  State of operation 21082341 : EXECUTING
11:27:57 INFO  State of operation 21082341 : EXECUTING
11:28:00 INFO  State of operation 21082341 : EXECUTING
11:28:02 INFO  State of operation 21082341 : EXECUTING
11:28:05 INFO  State of operation 21082341 : EXECUTING
11:28:07 INFO  State of operation 21082341 : EXECUTING
11:28:10 INFO  State of operation 21082341 : EXECUTING
11:28:12 INFO  State of operation 21082341 : EXECUTING
11:28:14 INFO  State of operation 21082341 : EXECUTING
11:28:16 INFO  State of operation 21082341 : EXECUTING
11:28:19 INFO  State of operation 21082341 : EXECUTING
11:28:21 INFO  State of operation 21082341 : EXECUTING
11:28:23 INFO  State of operation 21082341 : EXECUTING
11:28:26 INFO  State of operation 21082341 : EXECUTING
11:28:28 INFO  State of operation 21082341 : EXECUTING
11:28:30 INFO  State of operation 21082341 : EXECUTING
11:28:32 INFO  State of operation 21082341 : EXECUTING
11:28:34 INFO  State of operation 21082341 : SUCCESSFUL
11:28:35 INFO  Assert that (False == value) with value=False ... passed
11:28:35 INFO  Package asciijump is installed
11:28:35 INFO  Assert that (True == value) with value=True ... passed
11:28:35 INFO  Package squirrel3 is installed
11:28:35 INFO  Assert that (True == value) with value=True ... passed
11:28:35 INFO  Package robotfindskitten is installed
11:28:35 INFO  Assert that (True == value) with value=True ... passed
11:28:36 INFO  Response status: 201
11:28:36 INFO  Response to action: {
    &quot;creationTime&quot;: &quot;2022-07-20T11:28:36.075Z&quot;,
    &quot;deviceId&quot;: &quot;21058298&quot;,
    &quot;deviceName&quot;: &quot;m32sd10c&quot;,
    &quot;self&quot;: &quot;https://t493319102.eu-latest.cumulocity.com/devicecontrol/operations/21082356&quot;,
    &quot;id&quot;: &quot;21082356&quot;,
    &quot;status&quot;: &quot;PENDING&quot;,
    &quot;description&quot;: &quot;Apply software changes, triggered from PySys: [{'action': 'delete', 'id': '5475369', 'name': 'asciijump', 'url': ' ', 'version': '::apt'}, {'action': 'delete', 'id': '5474869', 'name': 'robotfindskitten', 'url': ' ', 'version': '::apt'}, {'action': 'delete', 'id': '5475279', 'name': 'squirrel3', 'url': ' ', 'version': '::apt'}]&quot;,
    &quot;c8y_SoftwareUpdate&quot;: [
        {
            &quot;name&quot;: &quot;asciijump&quot;,
            &quot;action&quot;: &quot;delete&quot;,
            &quot;id&quot;: &quot;5475369&quot;,
            &quot;version&quot;: &quot;::apt&quot;,
            &quot;url&quot;: &quot; &quot;
        },
        {
            &quot;name&quot;: &quot;robotfindskitten&quot;,
            &quot;action&quot;: &quot;delete&quot;,
            &quot;id&quot;: &quot;5474869&quot;,
            &quot;version&quot;: &quot;::apt&quot;,
            &quot;url&quot;: &quot; &quot;
        },
        {
            &quot;name&quot;: &quot;squirrel3&quot;,
            &quot;action&quot;: &quot;delete&quot;,
            &quot;id&quot;: &quot;5475279&quot;,
            &quot;version&quot;: &quot;::apt&quot;,
            &quot;url&quot;: &quot; &quot;
        }
    ]
}
11:28:36 INFO  Started operation: {'creationTime': '2022-07-20T11:28:36.075Z', 'deviceId': '21058298', 'deviceName': 'm32sd10c', 'self': 'https://t493319102.eu-latest.cumulocity.com/devicecontrol/operations/21082356', 'id': '21082356', 'status': 'PENDING', 'description': &quot;Apply software changes, triggered from PySys: [{'action': 'delete', 'id': '5475369', 'name': 'asciijump', 'url': ' ', 'version': '::apt'}, {'action': 'delete', 'id': '5474869', 'name': 'robotfindskitten', 'url': ' ', 'version': '::apt'}, {'action': 'delete', 'id': '5475279', 'name': 'squirrel3', 'url': ' ', 'version': '::apt'}]&quot;, 'c8y_SoftwareUpdate': [{'name': 'asciijump', 'action': 'delete', 'id': '5475369', 'version': '::apt', 'url': ' '}, {'name': 'robotfindskitten', 'action': 'delete', 'id': '5474869', 'version': '::apt', 'url': ' '}, {'name': 'squirrel3', 'action': 'delete', 'id': '5475279', 'version': '::apt', 'url': ' '}]}
11:28:38 INFO  State of operation 21082356 : PENDING
11:28:40 INFO  State of operation 21082356 : EXECUTING
11:28:42 INFO  State of operation 21082356 : EXECUTING
11:28:45 INFO  State of operation 21082356 : EXECUTING
11:28:47 INFO  State of operation 21082356 : EXECUTING
11:28:49 INFO  State of operation 21082356 : EXECUTING
11:28:52 INFO  State of operation 21082356 : EXECUTING
11:28:55 INFO  State of operation 21082356 : EXECUTING
11:28:57 INFO  State of operation 21082356 : EXECUTING
11:28:59 INFO  State of operation 21082356 : EXECUTING
11:29:01 INFO  State of operation 21082356 : EXECUTING
11:29:04 INFO  State of operation 21082356 : EXECUTING
11:29:06 INFO  State of operation 21082356 : EXECUTING
11:29:08 INFO  State of operation 21082356 : EXECUTING
11:29:10 INFO  State of operation 21082356 : EXECUTING
11:29:13 INFO  State of operation 21082356 : EXECUTING
11:29:15 INFO  State of operation 21082356 : EXECUTING
11:29:17 INFO  State of operation 21082356 : EXECUTING
11:29:20 INFO  State of operation 21082356 : EXECUTING
11:29:22 INFO  State of operation 21082356 : EXECUTING
11:29:24 INFO  State of operation 21082356 : EXECUTING
11:29:27 INFO  State of operation 21082356 : EXECUTING
11:29:29 INFO  State of operation 21082356 : EXECUTING
11:29:31 INFO  State of operation 21082356 : EXECUTING
11:29:34 INFO  State of operation 21082356 : EXECUTING
11:29:36 INFO  State of operation 21082356 : EXECUTING
11:29:38 INFO  State of operation 21082356 : EXECUTING
11:29:41 INFO  State of operation 21082356 : EXECUTING
11:29:43 INFO  State of operation 21082356 : SUCCESSFUL
11:29:43 INFO  Assert that (False == value) with value=False ... passed
11:29:43 INFO  Assert that (False == value) with value=False ... passed
11:29:44 INFO  Assert that (False == value) with value=False ... passed
11:29:44 INFO  Assert that (False == value) with value=False ... passed
11:29:44 INFO  
11:29:44 INFO  cleanup:
11:29:48 INFO  Executed sudo&lt;tedge_disconnect_c8y&gt;, exit status 0
11:29:48 INFO  Executed systemctl&lt;serv_mapper5&gt;, exit status 3
11:29:48 INFO  
11:29:48 INFO  Test duration: 181.19 secs
11:29:48 INFO  Test final outcome:  FAILED
11:29:48 INFO  Test outcome reason: Assert that (False == value) with value=True
11:29:48 INFO  
</system-out>
	</testcase>
</testsuite>
