<?xml version="1.0" encoding="utf-8"?>
<testsuite failures="1" name="SoftwareManagement.sm_apt_install_fail" skipped="0" tests="1" time="166.3" timestamp="2022-05-23T17:25:36">
	<testcase classname="PySysTest" name="SoftwareManagement.sm_apt_install_fail">
		<failure message="BLOCKED: SystemError: Timeout while waiting for status FAILED or SUCCESSFUL" type="BLOCKED"/>
		<system-out>17:22:50 INFO  ==============================================================
17:22:50 INFO  Id:    SoftwareManagement.sm_apt_install_fail
17:22:50 INFO  Dir:   software_management_end_to_end/
17:22:50 INFO  Title: Validate end to end behaviour for a failing installation
17:22:50 INFO  ==============================================================
17:22:50 INFO  Using sw id database: {'asciijump': '5475369', 'robotfindskitten': '5474869', 'squirrel3': '5475279', 'rolldice': '5152439', 'moon-buggy': '5439204', 'apple': '5495053', 'banana': '5494888', 'cherry': '5495382', 'watermelon': '5494510', 'registry': '8018911', 'hello-world': '8021526', 'docker/getting-started': '8021973', 'alpine': '7991792'}
17:22:50 INFO  EnvironmentC8y Setup
17:22:50 INFO  Executed systemctl&lt;serv_mapper1&gt;, exit status 3
17:22:50 INFO  Restarting mosquitto too frequently in the last 10 seconds. It was only up for 4 seconds
17:22:50 INFO  Delaying execution by 7 seconds
17:23:11 INFO  Executed sudo&lt;tedge_connect_c8y&gt;, exit status 0, duration 13 secs
17:23:12 INFO  Executed sudo&lt;tedge_connect_c8y_test&gt;, exit status 0
17:23:12 INFO  Executed systemctl&lt;serv_mosq2&gt;, exit status 0
17:23:13 INFO  Executed systemctl&lt;serv_mapper3&gt;, exit status 0
17:23:15 INFO  State of current operation: PENDING
17:23:17 INFO  State of current operation: PENDING
17:23:20 INFO  State of current operation: PENDING
17:23:22 INFO  State of current operation: PENDING
17:23:24 INFO  State of current operation: PENDING
17:23:26 INFO  State of current operation: PENDING
17:23:29 INFO  State of current operation: PENDING
17:23:31 INFO  State of current operation: PENDING
17:23:33 INFO  State of current operation: PENDING
17:23:35 INFO  State of current operation: PENDING
17:23:38 INFO  State of current operation: PENDING
17:23:40 INFO  State of current operation: PENDING
17:23:42 INFO  State of current operation: PENDING
17:23:44 INFO  State of current operation: PENDING
17:23:46 INFO  State of current operation: PENDING
17:23:49 INFO  State of current operation: PENDING
17:23:51 INFO  State of current operation: PENDING
17:23:53 INFO  State of current operation: PENDING
17:23:55 INFO  State of current operation: PENDING
17:23:58 INFO  State of current operation: PENDING
17:24:00 INFO  State of current operation: PENDING
17:24:02 INFO  State of current operation: PENDING
17:24:04 INFO  State of current operation: PENDING
17:24:06 INFO  State of current operation: PENDING
17:24:09 INFO  State of current operation: PENDING
17:24:11 INFO  State of current operation: PENDING
17:24:13 INFO  State of current operation: PENDING
17:24:16 INFO  State of current operation: PENDING
17:24:18 INFO  State of current operation: PENDING
17:24:20 INFO  State of current operation: PENDING
17:24:22 INFO  State of current operation: PENDING
17:24:24 INFO  State of current operation: PENDING
17:24:27 INFO  State of current operation: PENDING
17:24:29 INFO  State of current operation: PENDING
17:24:31 INFO  State of current operation: PENDING
17:24:33 INFO  State of current operation: PENDING
17:24:36 INFO  State of current operation: PENDING
17:24:38 INFO  State of current operation: PENDING
17:24:40 INFO  State of current operation: PENDING
17:24:42 INFO  State of current operation: PENDING
17:24:45 INFO  State of current operation: PENDING
17:24:47 INFO  State of current operation: PENDING
17:24:49 INFO  State of current operation: PENDING
17:24:51 INFO  State of current operation: PENDING
17:24:53 INFO  State of current operation: PENDING
17:24:56 INFO  State of current operation: PENDING
17:24:58 INFO  State of current operation: PENDING
17:25:00 INFO  State of current operation: PENDING
17:25:02 INFO  State of current operation: PENDING
17:25:05 INFO  State of current operation: PENDING
17:25:07 INFO  State of current operation: PENDING
17:25:09 INFO  State of current operation: PENDING
17:25:11 INFO  State of current operation: PENDING
17:25:13 INFO  State of current operation: PENDING
17:25:16 INFO  State of current operation: PENDING
17:25:18 INFO  State of current operation: PENDING
17:25:20 INFO  State of current operation: PENDING
17:25:22 INFO  State of current operation: PENDING
17:25:25 INFO  State of current operation: PENDING
17:25:27 INFO  State of current operation: PENDING
17:25:29 INFO  State of current operation: PENDING
17:25:31 WARN  SystemError occurred while running test - Timeout while waiting for status FAILED or SUCCESSFUL
Traceback (most recent call last):
  File &quot;/home/pi/env-pysys/lib/python3.7/site-packages/pysys/baserunner.py&quot;, line 1292, in __call__
    self.testObj.setup()
  File &quot;/home/pi/actions-runner/_work/thin-edge.io/thin-edge.io/tests/PySys/software_management_end_to_end/sm_apt_install_fail/run.py&quot;, line 20, in setup
    super().setup()
  File &quot;/home/pi/actions-runner/_work/thin-edge.io/thin-edge.io/tests/PySys/software_management_end_to_end/environment_sm_management.py&quot;, line 151, in setup
    self.wait_until_end()
  File &quot;/home/pi/actions-runner/_work/thin-edge.io/thin-edge.io/tests/PySys/software_management_end_to_end/environment_sm_management.py&quot;, line 332, in wait_until_end
    self.wait_until_status(&quot;FAILED&quot;, &quot;SUCCESSFUL&quot;)
  File &quot;/home/pi/actions-runner/_work/thin-edge.io/thin-edge.io/tests/PySys/software_management_end_to_end/environment_sm_management.py&quot;, line 381, in wait_until_status
    &quot;Timeout while waiting for status %s or %s&quot; % (status, status2)
SystemError: Timeout while waiting for status FAILED or SUCCESSFUL
17:25:31 WARN  SystemError: Timeout while waiting for status FAILED or SUCCESSFUL ... blocked 
17:25:31 INFO  
17:25:31 INFO  cleanup:
17:25:35 INFO  Executed sudo&lt;tedge_disconnect_c8y&gt;, exit status 0
17:25:36 INFO  Executed systemctl&lt;serv_mapper5&gt;, exit status 3
17:25:36 INFO  
17:25:36 INFO  Test duration: 166.30 secs
17:25:36 INFO  Test final outcome:  BLOCKED
17:25:36 INFO  Test outcome reason: SystemError: Timeout while waiting for status FAILED or SUCCESSFUL
17:25:36 INFO  
</system-out>
	</testcase>
</testsuite>
