<?xml version="1.0" encoding="utf-8"?>
<testsuite failures="1" name="SoftwareManagement.sm_apt_install_remove_multiple" skipped="0" tests="1" time="182.35" timestamp="2022-07-21T22:14:17">
	<testcase classname="PySysTest" name="SoftwareManagement.sm_apt_install_remove_multiple">
		<failure message="FAILED: Assert that (False == value) with value=True" type="FAILED"/>
		<system-out>22:11:15 INFO  ==============================================================
22:11:15 INFO  Id:    SoftwareManagement.sm_apt_install_remove_multiple
22:11:15 INFO  Dir:   software_management_end_to_end/
22:11:15 INFO  Title: Validate end to end behaviour for the apt plugin for multiple packages
22:11:15 INFO  ==============================================================
22:11:15 INFO  Using sw id database: {'asciijump': '5475369', 'robotfindskitten': '5474869', 'squirrel3': '5475279', 'rolldice': '5152439', 'moon-buggy': '5439204', 'apple': '5495053', 'banana': '5494888', 'cherry': '5495382', 'watermelon': '5494510', 'registry': '8018911', 'hello-world': '8021526', 'docker/getting-started': '8021973', 'alpine': '7991792'}
22:11:15 INFO  EnvironmentC8y Setup
22:11:15 INFO  Executed systemctl&lt;serv_mapper1&gt;, exit status 3
22:11:16 INFO  Restarting mosquitto too frequently in the last 10 seconds. It was only up for 4 seconds
22:11:16 INFO  Delaying execution by 7 seconds
22:11:37 INFO  Executed sudo&lt;tedge_connect_c8y&gt;, exit status 0, duration 14 secs
22:11:38 INFO  Executed sudo&lt;tedge_connect_c8y_test&gt;, exit status 0
22:11:38 INFO  Executed systemctl&lt;serv_mosq2&gt;, exit status 0
22:11:39 INFO  Executed systemctl&lt;serv_mapper3&gt;, exit status 0
22:11:41 INFO  State of current operation: SUCCESSFUL
22:11:41 INFO  Assert that (False == value) with value=False ... passed
22:11:42 INFO  Assert that (False == value) with value=False ... passed
22:11:42 INFO  Assert that (False == value) with value=False ... passed
22:11:42 INFO  Package robotfindskitten is installed
22:11:42 WARN  Assert that (False == value) with value=True ... failed 
22:11:42 INFO  Response status: 201
22:11:42 INFO  Response to action: {
    &quot;creationTime&quot;: &quot;2022-07-21T22:11:42.759Z&quot;,
    &quot;deviceId&quot;: &quot;21167114&quot;,
    &quot;deviceName&quot;: &quot;m32sd10c&quot;,
    &quot;self&quot;: &quot;https://t493319102.eu-latest.cumulocity.com/devicecontrol/operations/21191940&quot;,
    &quot;id&quot;: &quot;21191940&quot;,
    &quot;status&quot;: &quot;PENDING&quot;,
    &quot;description&quot;: &quot;Apply software changes, triggered from PySys: [{'action': 'install', 'id': '5475369', 'name': 'asciijump', 'url': ' ', 'version': '::apt'}, {'action': 'install', 'id': '5474869', 'name': 'robotfindskitten', 'url': ' ', 'version': '::apt'}, {'action': 'install', 'id': '5475279', 'name': 'squirrel3', 'url': ' ', 'version': '::apt'}]&quot;,
    &quot;c8y_SoftwareUpdate&quot;: [
        {
            &quot;name&quot;: &quot;asciijump&quot;,
            &quot;action&quot;: &quot;install&quot;,
            &quot;id&quot;: &quot;5475369&quot;,
            &quot;version&quot;: &quot;::apt&quot;,
            &quot;url&quot;: &quot; &quot;
        },
        {
            &quot;name&quot;: &quot;robotfindskitten&quot;,
            &quot;action&quot;: &quot;install&quot;,
            &quot;id&quot;: &quot;5474869&quot;,
            &quot;version&quot;: &quot;::apt&quot;,
            &quot;url&quot;: &quot; &quot;
        },
        {
            &quot;name&quot;: &quot;squirrel3&quot;,
            &quot;action&quot;: &quot;install&quot;,
            &quot;id&quot;: &quot;5475279&quot;,
            &quot;version&quot;: &quot;::apt&quot;,
            &quot;url&quot;: &quot; &quot;
        }
    ]
}
22:11:42 INFO  Started operation: {'creationTime': '2022-07-21T22:11:42.759Z', 'deviceId': '21167114', 'deviceName': 'm32sd10c', 'self': 'https://t493319102.eu-latest.cumulocity.com/devicecontrol/operations/21191940', 'id': '21191940', 'status': 'PENDING', 'description': &quot;Apply software changes, triggered from PySys: [{'action': 'install', 'id': '5475369', 'name': 'asciijump', 'url': ' ', 'version': '::apt'}, {'action': 'install', 'id': '5474869', 'name': 'robotfindskitten', 'url': ' ', 'version': '::apt'}, {'action': 'install', 'id': '5475279', 'name': 'squirrel3', 'url': ' ', 'version': '::apt'}]&quot;, 'c8y_SoftwareUpdate': [{'name': 'asciijump', 'action': 'install', 'id': '5475369', 'version': '::apt', 'url': ' '}, {'name': 'robotfindskitten', 'action': 'install', 'id': '5474869', 'version': '::apt', 'url': ' '}, {'name': 'squirrel3', 'action': 'install', 'id': '5475279', 'version': '::apt', 'url': ' '}]}
22:11:45 INFO  State of operation 21191940 : PENDING
22:11:47 INFO  State of operation 21191940 : EXECUTING
22:11:49 INFO  State of operation 21191940 : EXECUTING
22:11:51 INFO  State of operation 21191940 : EXECUTING
22:11:53 INFO  State of operation 21191940 : EXECUTING
22:11:56 INFO  State of operation 21191940 : EXECUTING
22:11:58 INFO  State of operation 21191940 : EXECUTING
22:12:02 INFO  State of operation 21191940 : EXECUTING
22:12:05 INFO  State of operation 21191940 : EXECUTING
22:12:07 INFO  State of operation 21191940 : EXECUTING
22:12:09 INFO  State of operation 21191940 : EXECUTING
22:12:11 INFO  State of operation 21191940 : EXECUTING
22:12:14 INFO  State of operation 21191940 : EXECUTING
22:12:16 INFO  State of operation 21191940 : EXECUTING
22:12:18 INFO  State of operation 21191940 : EXECUTING
22:12:20 INFO  State of operation 21191940 : EXECUTING
22:12:23 INFO  State of operation 21191940 : EXECUTING
22:12:25 INFO  State of operation 21191940 : EXECUTING
22:12:28 INFO  State of operation 21191940 : EXECUTING
22:12:30 INFO  State of operation 21191940 : EXECUTING
22:12:32 INFO  State of operation 21191940 : EXECUTING
22:12:35 INFO  State of operation 21191940 : EXECUTING
22:12:37 INFO  State of operation 21191940 : EXECUTING
22:12:39 INFO  State of operation 21191940 : EXECUTING
22:12:42 INFO  State of operation 21191940 : EXECUTING
22:12:44 INFO  State of operation 21191940 : EXECUTING
22:12:47 INFO  State of operation 21191940 : EXECUTING
22:12:49 INFO  State of operation 21191940 : EXECUTING
22:12:51 INFO  State of operation 21191940 : EXECUTING
22:12:53 INFO  State of operation 21191940 : EXECUTING
22:12:56 INFO  State of operation 21191940 : EXECUTING
22:12:58 INFO  State of operation 21191940 : EXECUTING
22:13:00 INFO  State of operation 21191940 : EXECUTING
22:13:02 INFO  State of operation 21191940 : EXECUTING
22:13:05 INFO  State of operation 21191940 : SUCCESSFUL
22:13:05 INFO  Assert that (False == value) with value=False ... passed
22:13:05 INFO  Package asciijump is installed
22:13:05 INFO  Assert that (True == value) with value=True ... passed
22:13:05 INFO  Package squirrel3 is installed
22:13:05 INFO  Assert that (True == value) with value=True ... passed
22:13:05 INFO  Package robotfindskitten is installed
22:13:05 INFO  Assert that (True == value) with value=True ... passed
22:13:06 INFO  Response status: 201
22:13:06 INFO  Response to action: {
    &quot;creationTime&quot;: &quot;2022-07-21T22:13:06.177Z&quot;,
    &quot;deviceId&quot;: &quot;21167114&quot;,
    &quot;deviceName&quot;: &quot;m32sd10c&quot;,
    &quot;self&quot;: &quot;https://t493319102.eu-latest.cumulocity.com/devicecontrol/operations/21191949&quot;,
    &quot;id&quot;: &quot;21191949&quot;,
    &quot;status&quot;: &quot;PENDING&quot;,
    &quot;description&quot;: &quot;Apply software changes, triggered from PySys: [{'action': 'delete', 'id': '5475369', 'name': 'asciijump', 'url': ' ', 'version': '::apt'}, {'action': 'delete', 'id': '5474869', 'name': 'robotfindskitten', 'url': ' ', 'version': '::apt'}, {'action': 'delete', 'id': '5475279', 'name': 'squirrel3', 'url': ' ', 'version': '::apt'}]&quot;,
    &quot;c8y_SoftwareUpdate&quot;: [
        {
            &quot;name&quot;: &quot;asciijump&quot;,
            &quot;action&quot;: &quot;delete&quot;,
            &quot;id&quot;: &quot;5475369&quot;,
            &quot;version&quot;: &quot;::apt&quot;,
            &quot;url&quot;: &quot; &quot;
        },
        {
            &quot;name&quot;: &quot;robotfindskitten&quot;,
            &quot;action&quot;: &quot;delete&quot;,
            &quot;id&quot;: &quot;5474869&quot;,
            &quot;version&quot;: &quot;::apt&quot;,
            &quot;url&quot;: &quot; &quot;
        },
        {
            &quot;name&quot;: &quot;squirrel3&quot;,
            &quot;action&quot;: &quot;delete&quot;,
            &quot;id&quot;: &quot;5475279&quot;,
            &quot;version&quot;: &quot;::apt&quot;,
            &quot;url&quot;: &quot; &quot;
        }
    ]
}
22:13:06 INFO  Started operation: {'creationTime': '2022-07-21T22:13:06.177Z', 'deviceId': '21167114', 'deviceName': 'm32sd10c', 'self': 'https://t493319102.eu-latest.cumulocity.com/devicecontrol/operations/21191949', 'id': '21191949', 'status': 'PENDING', 'description': &quot;Apply software changes, triggered from PySys: [{'action': 'delete', 'id': '5475369', 'name': 'asciijump', 'url': ' ', 'version': '::apt'}, {'action': 'delete', 'id': '5474869', 'name': 'robotfindskitten', 'url': ' ', 'version': '::apt'}, {'action': 'delete', 'id': '5475279', 'name': 'squirrel3', 'url': ' ', 'version': '::apt'}]&quot;, 'c8y_SoftwareUpdate': [{'name': 'asciijump', 'action': 'delete', 'id': '5475369', 'version': '::apt', 'url': ' '}, {'name': 'robotfindskitten', 'action': 'delete', 'id': '5474869', 'version': '::apt', 'url': ' '}, {'name': 'squirrel3', 'action': 'delete', 'id': '5475279', 'version': '::apt', 'url': ' '}]}
22:13:08 INFO  State of operation 21191949 : PENDING
22:13:10 INFO  State of operation 21191949 : EXECUTING
22:13:12 INFO  State of operation 21191949 : EXECUTING
22:13:15 INFO  State of operation 21191949 : EXECUTING
22:13:17 INFO  State of operation 21191949 : EXECUTING
22:13:19 INFO  State of operation 21191949 : EXECUTING
22:13:22 INFO  State of operation 21191949 : EXECUTING
22:13:25 INFO  State of operation 21191949 : EXECUTING
22:13:27 INFO  State of operation 21191949 : EXECUTING
22:13:29 INFO  State of operation 21191949 : EXECUTING
22:13:32 INFO  State of operation 21191949 : EXECUTING
22:13:34 INFO  State of operation 21191949 : EXECUTING
22:13:36 INFO  State of operation 21191949 : EXECUTING
22:13:38 INFO  State of operation 21191949 : EXECUTING
22:13:41 INFO  State of operation 21191949 : EXECUTING
22:13:43 INFO  State of operation 21191949 : EXECUTING
22:13:45 INFO  State of operation 21191949 : EXECUTING
22:13:48 INFO  State of operation 21191949 : EXECUTING
22:13:50 INFO  State of operation 21191949 : EXECUTING
22:13:53 INFO  State of operation 21191949 : EXECUTING
22:13:55 INFO  State of operation 21191949 : EXECUTING
22:13:57 INFO  State of operation 21191949 : EXECUTING
22:13:59 INFO  State of operation 21191949 : EXECUTING
22:14:02 INFO  State of operation 21191949 : EXECUTING
22:14:05 INFO  State of operation 21191949 : EXECUTING
22:14:07 INFO  State of operation 21191949 : EXECUTING
22:14:09 INFO  State of operation 21191949 : EXECUTING
22:14:12 INFO  State of operation 21191949 : SUCCESSFUL
22:14:12 INFO  Assert that (False == value) with value=False ... passed
22:14:12 INFO  Assert that (False == value) with value=False ... passed
22:14:12 INFO  Assert that (False == value) with value=False ... passed
22:14:13 INFO  Assert that (False == value) with value=False ... passed
22:14:13 INFO  
22:14:13 INFO  cleanup:
22:14:17 INFO  Executed sudo&lt;tedge_disconnect_c8y&gt;, exit status 0
22:14:17 INFO  Executed systemctl&lt;serv_mapper5&gt;, exit status 3
22:14:17 INFO  
22:14:17 INFO  Test duration: 182.35 secs
22:14:17 INFO  Test final outcome:  FAILED
22:14:17 INFO  Test outcome reason: Assert that (False == value) with value=True
22:14:17 INFO  
</system-out>
	</testcase>
</testsuite>
