<?xml version="1.0" encoding="utf-8"?>
<testsuite failures="1" name="SoftwareManagement.sm_apt_install_remove_multiple" skipped="0" tests="1" time="181.12" timestamp="2022-06-09T17:17:23">
	<testcase classname="PySysTest" name="SoftwareManagement.sm_apt_install_remove_multiple">
		<failure message="FAILED: Assert that (False == value) with value=True" type="FAILED"/>
		<system-out>17:14:22 INFO  ==============================================================
17:14:22 INFO  Id:    SoftwareManagement.sm_apt_install_remove_multiple
17:14:22 INFO  Dir:   software_management_end_to_end/
17:14:22 INFO  Title: Validate end to end behaviour for the apt plugin for multiple packages
17:14:22 INFO  ==============================================================
17:14:22 INFO  Using sw id database: {'asciijump': '5475369', 'robotfindskitten': '5474869', 'squirrel3': '5475279', 'rolldice': '5152439', 'moon-buggy': '5439204', 'apple': '5495053', 'banana': '5494888', 'cherry': '5495382', 'watermelon': '5494510', 'registry': '8018911', 'hello-world': '8021526', 'docker/getting-started': '8021973', 'alpine': '7991792'}
17:14:22 INFO  EnvironmentC8y Setup
17:14:22 INFO  Executed systemctl&lt;serv_mapper1&gt;, exit status 3
17:14:23 INFO  Restarting mosquitto too frequently in the last 10 seconds. It was only up for 4 seconds
17:14:23 INFO  Delaying execution by 7 seconds
17:14:44 INFO  Executed sudo&lt;tedge_connect_c8y&gt;, exit status 0, duration 14 secs
17:14:44 INFO  Executed sudo&lt;tedge_connect_c8y_test&gt;, exit status 0
17:14:45 INFO  Executed systemctl&lt;serv_mosq2&gt;, exit status 0
17:14:45 INFO  Executed systemctl&lt;serv_mapper3&gt;, exit status 0
17:14:48 INFO  State of current operation: SUCCESSFUL
17:14:48 INFO  Assert that (False == value) with value=False ... passed
17:14:48 INFO  Assert that (False == value) with value=False ... passed
17:14:49 INFO  Assert that (False == value) with value=False ... passed
17:14:49 INFO  Package robotfindskitten is installed
17:14:49 WARN  Assert that (False == value) with value=True ... failed 
17:14:49 INFO  Response status: 201
17:14:49 INFO  Response to action: {
    &quot;creationTime&quot;: &quot;2022-06-09T17:14:49.609Z&quot;,
    &quot;deviceId&quot;: &quot;20082772&quot;,
    &quot;deviceName&quot;: &quot;m32sd10c&quot;,
    &quot;self&quot;: &quot;https://t493319102.eu-latest.cumulocity.com/devicecontrol/operations/20100820&quot;,
    &quot;id&quot;: &quot;20100820&quot;,
    &quot;status&quot;: &quot;PENDING&quot;,
    &quot;description&quot;: &quot;Apply software changes, triggered from PySys: [{'action': 'install', 'id': '5475369', 'name': 'asciijump', 'url': ' ', 'version': '::apt'}, {'action': 'install', 'id': '5474869', 'name': 'robotfindskitten', 'url': ' ', 'version': '::apt'}, {'action': 'install', 'id': '5475279', 'name': 'squirrel3', 'url': ' ', 'version': '::apt'}]&quot;,
    &quot;c8y_SoftwareUpdate&quot;: [
        {
            &quot;name&quot;: &quot;asciijump&quot;,
            &quot;action&quot;: &quot;install&quot;,
            &quot;id&quot;: &quot;5475369&quot;,
            &quot;version&quot;: &quot;::apt&quot;,
            &quot;url&quot;: &quot; &quot;
        },
        {
            &quot;name&quot;: &quot;robotfindskitten&quot;,
            &quot;action&quot;: &quot;install&quot;,
            &quot;id&quot;: &quot;5474869&quot;,
            &quot;version&quot;: &quot;::apt&quot;,
            &quot;url&quot;: &quot; &quot;
        },
        {
            &quot;name&quot;: &quot;squirrel3&quot;,
            &quot;action&quot;: &quot;install&quot;,
            &quot;id&quot;: &quot;5475279&quot;,
            &quot;version&quot;: &quot;::apt&quot;,
            &quot;url&quot;: &quot; &quot;
        }
    ]
}
17:14:49 INFO  Started operation: {'creationTime': '2022-06-09T17:14:49.609Z', 'deviceId': '20082772', 'deviceName': 'm32sd10c', 'self': 'https://t493319102.eu-latest.cumulocity.com/devicecontrol/operations/20100820', 'id': '20100820', 'status': 'PENDING', 'description': &quot;Apply software changes, triggered from PySys: [{'action': 'install', 'id': '5475369', 'name': 'asciijump', 'url': ' ', 'version': '::apt'}, {'action': 'install', 'id': '5474869', 'name': 'robotfindskitten', 'url': ' ', 'version': '::apt'}, {'action': 'install', 'id': '5475279', 'name': 'squirrel3', 'url': ' ', 'version': '::apt'}]&quot;, 'c8y_SoftwareUpdate': [{'name': 'asciijump', 'action': 'install', 'id': '5475369', 'version': '::apt', 'url': ' '}, {'name': 'robotfindskitten', 'action': 'install', 'id': '5474869', 'version': '::apt', 'url': ' '}, {'name': 'squirrel3', 'action': 'install', 'id': '5475279', 'version': '::apt', 'url': ' '}]}
17:14:51 INFO  State of operation 20100820 : PENDING
17:14:54 INFO  State of operation 20100820 : EXECUTING
17:14:56 INFO  State of operation 20100820 : EXECUTING
17:14:58 INFO  State of operation 20100820 : EXECUTING
17:15:00 INFO  State of operation 20100820 : EXECUTING
17:15:03 INFO  State of operation 20100820 : EXECUTING
17:15:05 INFO  State of operation 20100820 : EXECUTING
17:15:08 INFO  State of operation 20100820 : EXECUTING
17:15:11 INFO  State of operation 20100820 : EXECUTING
17:15:13 INFO  State of operation 20100820 : EXECUTING
17:15:15 INFO  State of operation 20100820 : EXECUTING
17:15:17 INFO  State of operation 20100820 : EXECUTING
17:15:19 INFO  State of operation 20100820 : EXECUTING
17:15:22 INFO  State of operation 20100820 : EXECUTING
17:15:24 INFO  State of operation 20100820 : EXECUTING
17:15:26 INFO  State of operation 20100820 : EXECUTING
17:15:29 INFO  State of operation 20100820 : EXECUTING
17:15:31 INFO  State of operation 20100820 : EXECUTING
17:15:33 INFO  State of operation 20100820 : EXECUTING
17:15:36 INFO  State of operation 20100820 : EXECUTING
17:15:38 INFO  State of operation 20100820 : EXECUTING
17:15:40 INFO  State of operation 20100820 : EXECUTING
17:15:42 INFO  State of operation 20100820 : EXECUTING
17:15:45 INFO  State of operation 20100820 : EXECUTING
17:15:47 INFO  State of operation 20100820 : EXECUTING
17:15:50 INFO  State of operation 20100820 : EXECUTING
17:15:52 INFO  State of operation 20100820 : EXECUTING
17:15:55 INFO  State of operation 20100820 : EXECUTING
17:15:57 INFO  State of operation 20100820 : EXECUTING
17:16:00 INFO  State of operation 20100820 : EXECUTING
17:16:02 INFO  State of operation 20100820 : EXECUTING
17:16:04 INFO  State of operation 20100820 : EXECUTING
17:16:06 INFO  State of operation 20100820 : EXECUTING
17:16:09 INFO  State of operation 20100820 : EXECUTING
17:16:11 INFO  State of operation 20100820 : SUCCESSFUL
17:16:11 INFO  Assert that (False == value) with value=False ... passed
17:16:11 INFO  Package asciijump is installed
17:16:11 INFO  Assert that (True == value) with value=True ... passed
17:16:12 INFO  Package squirrel3 is installed
17:16:12 INFO  Assert that (True == value) with value=True ... passed
17:16:12 INFO  Package robotfindskitten is installed
17:16:12 INFO  Assert that (True == value) with value=True ... passed
17:16:12 INFO  Response status: 201
17:16:12 INFO  Response to action: {
    &quot;creationTime&quot;: &quot;2022-06-09T17:16:12.569Z&quot;,
    &quot;deviceId&quot;: &quot;20082772&quot;,
    &quot;deviceName&quot;: &quot;m32sd10c&quot;,
    &quot;self&quot;: &quot;https://t493319102.eu-latest.cumulocity.com/devicecontrol/operations/20100847&quot;,
    &quot;id&quot;: &quot;20100847&quot;,
    &quot;status&quot;: &quot;PENDING&quot;,
    &quot;description&quot;: &quot;Apply software changes, triggered from PySys: [{'action': 'delete', 'id': '5475369', 'name': 'asciijump', 'url': ' ', 'version': '::apt'}, {'action': 'delete', 'id': '5474869', 'name': 'robotfindskitten', 'url': ' ', 'version': '::apt'}, {'action': 'delete', 'id': '5475279', 'name': 'squirrel3', 'url': ' ', 'version': '::apt'}]&quot;,
    &quot;c8y_SoftwareUpdate&quot;: [
        {
            &quot;name&quot;: &quot;asciijump&quot;,
            &quot;action&quot;: &quot;delete&quot;,
            &quot;id&quot;: &quot;5475369&quot;,
            &quot;version&quot;: &quot;::apt&quot;,
            &quot;url&quot;: &quot; &quot;
        },
        {
            &quot;name&quot;: &quot;robotfindskitten&quot;,
            &quot;action&quot;: &quot;delete&quot;,
            &quot;id&quot;: &quot;5474869&quot;,
            &quot;version&quot;: &quot;::apt&quot;,
            &quot;url&quot;: &quot; &quot;
        },
        {
            &quot;name&quot;: &quot;squirrel3&quot;,
            &quot;action&quot;: &quot;delete&quot;,
            &quot;id&quot;: &quot;5475279&quot;,
            &quot;version&quot;: &quot;::apt&quot;,
            &quot;url&quot;: &quot; &quot;
        }
    ]
}
17:16:12 INFO  Started operation: {'creationTime': '2022-06-09T17:16:12.569Z', 'deviceId': '20082772', 'deviceName': 'm32sd10c', 'self': 'https://t493319102.eu-latest.cumulocity.com/devicecontrol/operations/20100847', 'id': '20100847', 'status': 'PENDING', 'description': &quot;Apply software changes, triggered from PySys: [{'action': 'delete', 'id': '5475369', 'name': 'asciijump', 'url': ' ', 'version': '::apt'}, {'action': 'delete', 'id': '5474869', 'name': 'robotfindskitten', 'url': ' ', 'version': '::apt'}, {'action': 'delete', 'id': '5475279', 'name': 'squirrel3', 'url': ' ', 'version': '::apt'}]&quot;, 'c8y_SoftwareUpdate': [{'name': 'asciijump', 'action': 'delete', 'id': '5475369', 'version': '::apt', 'url': ' '}, {'name': 'robotfindskitten', 'action': 'delete', 'id': '5474869', 'version': '::apt', 'url': ' '}, {'name': 'squirrel3', 'action': 'delete', 'id': '5475279', 'version': '::apt', 'url': ' '}]}
17:16:14 INFO  State of operation 20100847 : PENDING
17:16:17 INFO  State of operation 20100847 : EXECUTING
17:16:19 INFO  State of operation 20100847 : EXECUTING
17:16:21 INFO  State of operation 20100847 : EXECUTING
17:16:23 INFO  State of operation 20100847 : EXECUTING
17:16:25 INFO  State of operation 20100847 : EXECUTING
17:16:28 INFO  State of operation 20100847 : EXECUTING
17:16:31 INFO  State of operation 20100847 : EXECUTING
17:16:33 INFO  State of operation 20100847 : EXECUTING
17:16:36 INFO  State of operation 20100847 : EXECUTING
17:16:38 INFO  State of operation 20100847 : EXECUTING
17:16:40 INFO  State of operation 20100847 : EXECUTING
17:16:42 INFO  State of operation 20100847 : EXECUTING
17:16:45 INFO  State of operation 20100847 : EXECUTING
17:16:47 INFO  State of operation 20100847 : EXECUTING
17:16:50 INFO  State of operation 20100847 : EXECUTING
17:16:52 INFO  State of operation 20100847 : EXECUTING
17:16:55 INFO  State of operation 20100847 : EXECUTING
17:16:57 INFO  State of operation 20100847 : EXECUTING
17:16:59 INFO  State of operation 20100847 : EXECUTING
17:17:01 INFO  State of operation 20100847 : EXECUTING
17:17:04 INFO  State of operation 20100847 : EXECUTING
17:17:06 INFO  State of operation 20100847 : EXECUTING
17:17:08 INFO  State of operation 20100847 : EXECUTING
17:17:11 INFO  State of operation 20100847 : EXECUTING
17:17:13 INFO  State of operation 20100847 : EXECUTING
17:17:15 INFO  State of operation 20100847 : EXECUTING
17:17:17 INFO  State of operation 20100847 : SUCCESSFUL
17:17:18 INFO  Assert that (False == value) with value=False ... passed
17:17:18 INFO  Assert that (False == value) with value=False ... passed
17:17:18 INFO  Assert that (False == value) with value=False ... passed
17:17:18 INFO  Assert that (False == value) with value=False ... passed
17:17:18 INFO  
17:17:18 INFO  cleanup:
17:17:22 INFO  Executed sudo&lt;tedge_disconnect_c8y&gt;, exit status 0
17:17:23 INFO  Executed systemctl&lt;serv_mapper5&gt;, exit status 3
17:17:23 INFO  
17:17:23 INFO  Test duration: 181.12 secs
17:17:23 INFO  Test final outcome:  FAILED
17:17:23 INFO  Test outcome reason: Assert that (False == value) with value=True
17:17:23 INFO  
</system-out>
	</testcase>
</testsuite>
