<?xml version="1.0" encoding="utf-8"?>
<testsuite failures="1" name="SoftwareManagement.sm_apt_install_download_path" skipped="0" tests="1" time="188.62" timestamp="2022-05-23T17:22:49">
	<testcase classname="AptInstallWithDownloadPath" name="SoftwareManagement.sm_apt_install_download_path">
		<failure message="BLOCKED: SystemError: Timeout while waiting for status FAILED or SUCCESSFUL" type="BLOCKED"/>
		<system-out>17:19:41 INFO  ==============================================================
17:19:41 INFO  Id:    SoftwareManagement.sm_apt_install_download_path
17:19:41 INFO  Dir:   software_management_end_to_end/
17:19:41 INFO  Title: Install package to directory specified in tedge config set tmp.path
17:19:41 INFO  ==============================================================
17:19:41 INFO  Using sw id database: {'asciijump': '5475369', 'robotfindskitten': '5474869', 'squirrel3': '5475279', 'rolldice': '5152439', 'moon-buggy': '5439204', 'apple': '5495053', 'banana': '5494888', 'cherry': '5495382', 'watermelon': '5494510', 'registry': '8018911', 'hello-world': '8021526', 'docker/getting-started': '8021973', 'alpine': '7991792'}
17:19:41 INFO  EnvironmentC8y Setup
17:19:42 INFO  Executed systemctl&lt;serv_mapper1&gt;, exit status 3
17:19:56 INFO  Executed sudo&lt;tedge_connect_c8y&gt;, exit status 0, duration 14 secs
17:19:58 INFO  Executed sudo&lt;tedge_connect_c8y_test&gt;, exit status 0
17:19:59 INFO  Executed systemctl&lt;serv_mosq2&gt;, exit status 0
17:20:00 INFO  Executed systemctl&lt;serv_mapper3&gt;, exit status 0
17:20:02 INFO  State of current operation: PENDING
17:20:04 INFO  State of current operation: PENDING
17:20:07 INFO  State of current operation: PENDING
17:20:09 INFO  State of current operation: PENDING
17:20:11 INFO  State of current operation: PENDING
17:20:13 INFO  State of current operation: PENDING
17:20:16 INFO  State of current operation: PENDING
17:20:18 INFO  State of current operation: PENDING
17:20:20 INFO  State of current operation: PENDING
17:20:22 INFO  State of current operation: PENDING
17:20:24 INFO  State of current operation: PENDING
17:20:27 INFO  State of current operation: PENDING
17:20:29 INFO  State of current operation: PENDING
17:20:31 INFO  State of current operation: PENDING
17:20:33 INFO  State of current operation: PENDING
17:20:36 INFO  State of current operation: PENDING
17:20:38 INFO  State of current operation: PENDING
17:20:40 INFO  State of current operation: PENDING
17:20:42 INFO  State of current operation: PENDING
17:20:44 INFO  State of current operation: PENDING
17:20:47 INFO  State of current operation: PENDING
17:20:49 INFO  State of current operation: PENDING
17:20:51 INFO  State of current operation: PENDING
17:20:53 INFO  State of current operation: PENDING
17:20:56 INFO  State of current operation: PENDING
17:20:58 INFO  State of current operation: PENDING
17:21:00 INFO  State of current operation: PENDING
17:21:02 INFO  State of current operation: PENDING
17:21:04 INFO  State of current operation: PENDING
17:21:07 INFO  State of current operation: PENDING
17:21:09 INFO  State of current operation: PENDING
17:21:11 INFO  State of current operation: PENDING
17:21:13 INFO  State of current operation: PENDING
17:21:16 INFO  State of current operation: PENDING
17:21:18 INFO  State of current operation: PENDING
17:21:20 INFO  State of current operation: PENDING
17:21:22 INFO  State of current operation: PENDING
17:21:24 INFO  State of current operation: PENDING
17:21:27 INFO  State of current operation: PENDING
17:21:29 INFO  State of current operation: PENDING
17:21:31 INFO  State of current operation: PENDING
17:21:33 INFO  State of current operation: PENDING
17:21:36 INFO  State of current operation: PENDING
17:21:38 INFO  State of current operation: PENDING
17:21:40 INFO  State of current operation: PENDING
17:21:42 INFO  State of current operation: PENDING
17:21:44 INFO  State of current operation: PENDING
17:21:47 INFO  State of current operation: PENDING
17:21:49 INFO  State of current operation: PENDING
17:21:51 INFO  State of current operation: PENDING
17:21:53 INFO  State of current operation: PENDING
17:21:56 INFO  State of current operation: PENDING
17:21:58 INFO  State of current operation: PENDING
17:22:00 INFO  State of current operation: PENDING
17:22:02 INFO  State of current operation: PENDING
17:22:05 INFO  State of current operation: PENDING
17:22:07 INFO  State of current operation: PENDING
17:22:09 INFO  State of current operation: PENDING
17:22:11 INFO  State of current operation: PENDING
17:22:13 INFO  State of current operation: PENDING
17:22:16 INFO  State of current operation: PENDING
17:22:18 WARN  SystemError occurred while running test - Timeout while waiting for status FAILED or SUCCESSFUL
Traceback (most recent call last):
  File &quot;/home/pi/env-pysys/lib/python3.7/site-packages/pysys/baserunner.py&quot;, line 1292, in __call__
    self.testObj.setup()
  File &quot;/home/pi/actions-runner/_work/thin-edge.io/thin-edge.io/tests/PySys/software_management_end_to_end/sm_apt_install_download_path/run.py&quot;, line 48, in setup
    super().setup()
  File &quot;/home/pi/actions-runner/_work/thin-edge.io/thin-edge.io/tests/PySys/software_management_end_to_end/environment_sm_management.py&quot;, line 151, in setup
    self.wait_until_end()
  File &quot;/home/pi/actions-runner/_work/thin-edge.io/thin-edge.io/tests/PySys/software_management_end_to_end/environment_sm_management.py&quot;, line 332, in wait_until_end
    self.wait_until_status(&quot;FAILED&quot;, &quot;SUCCESSFUL&quot;)
  File &quot;/home/pi/actions-runner/_work/thin-edge.io/thin-edge.io/tests/PySys/software_management_end_to_end/environment_sm_management.py&quot;, line 381, in wait_until_status
    &quot;Timeout while waiting for status %s or %s&quot; % (status, status2)
SystemError: Timeout while waiting for status FAILED or SUCCESSFUL
17:22:18 WARN  SystemError: Timeout while waiting for status FAILED or SUCCESSFUL ... blocked 
17:22:18 INFO  
17:22:18 INFO  cleanup:
17:22:19 INFO  Executed sudo, exit status 0
17:22:19 INFO  Executed sudo, exit status 0
17:22:23 INFO  Executed sudo&lt;tedge_disconnect_c8y&gt;, exit status 0
17:22:24 INFO  Restarting mosquitto too frequently in the last 10 seconds. It was only up for 4 seconds
17:22:24 INFO  Delaying execution by 7 seconds
17:22:45 INFO  Executed sudo&lt;tedge_connect_c8y&gt;, exit status 0, duration 14 secs
17:22:49 INFO  Executed sudo&lt;tedge_disconnect_c8y&gt;, exit status 0
17:22:49 INFO  Executed systemctl&lt;serv_mapper5&gt;, exit status 3
17:22:49 INFO  
17:22:49 INFO  Test duration: 188.62 secs
17:22:49 INFO  Test final outcome:  BLOCKED
17:22:49 INFO  Test outcome reason: SystemError: Timeout while waiting for status FAILED or SUCCESSFUL
17:22:49 INFO  
</system-out>
	</testcase>
</testsuite>
