<?xml version="1.0" encoding="utf-8"?>
<testsuite failures="1" name="SoftwareManagement.sm_apt_install_fail" skipped="0" tests="1" time="78.39" timestamp="2022-07-26T07:52:46">
	<testcase classname="PySysTest" name="SoftwareManagement.sm_apt_install_fail">
		<failure message="BLOCKED: SystemError: The Sofware list is empty !!!" type="BLOCKED"/>
		<system-out>07:51:27 INFO  ==============================================================
07:51:27 INFO  Id:    SoftwareManagement.sm_apt_install_fail
07:51:27 INFO  Dir:   software_management_end_to_end/
07:51:27 INFO  Title: Validate end to end behaviour for a failing installation
07:51:27 INFO  ==============================================================
07:51:27 INFO  Using sw id database: {'asciijump': '5475369', 'robotfindskitten': '5474869', 'squirrel3': '5475279', 'rolldice': '5152439', 'moon-buggy': '5439204', 'apple': '5495053', 'banana': '5494888', 'cherry': '5495382', 'watermelon': '5494510', 'registry': '8018911', 'hello-world': '8021526', 'docker/getting-started': '8021973', 'alpine': '7991792'}
07:51:27 INFO  EnvironmentC8y Setup
07:51:28 INFO  Executed systemctl&lt;serv_mapper1&gt;, exit status 3
07:51:28 INFO  Restarting mosquitto too frequently in the last 10 seconds. It was only up for 5 seconds
07:51:28 INFO  Delaying execution by 6 seconds
07:51:48 INFO  Executed sudo&lt;tedge_connect_c8y&gt;, exit status 0, duration 13 secs
07:51:48 INFO  Executed sudo&lt;tedge_connect_c8y_test&gt;, exit status 0
07:51:49 INFO  Executed systemctl&lt;serv_mosq2&gt;, exit status 0
07:51:49 INFO  Executed systemctl&lt;serv_mapper3&gt;, exit status 0
07:51:52 ERROR No operations found, assuming it passed
07:51:52 INFO  Response status: 201
07:51:52 INFO  Response to action: {
    &quot;creationTime&quot;: &quot;2022-07-26T07:51:52.324Z&quot;,
    &quot;deviceId&quot;: &quot;21411792&quot;,
    &quot;deviceName&quot;: &quot;m32sd10c&quot;,
    &quot;self&quot;: &quot;https://t493319102.eu-latest.cumulocity.com/devicecontrol/operations/21434452&quot;,
    &quot;id&quot;: &quot;21434452&quot;,
    &quot;status&quot;: &quot;PENDING&quot;,
    &quot;description&quot;: &quot;Apply software changes, triggered from PySys: [{'name': 'does_not_exist', 'id': '5446165', 'version': '::apt', 'url': '', 'action': 'install'}]&quot;,
    &quot;c8y_SoftwareUpdate&quot;: [
        {
            &quot;name&quot;: &quot;does_not_exist&quot;,
            &quot;action&quot;: &quot;install&quot;,
            &quot;id&quot;: &quot;5446165&quot;,
            &quot;version&quot;: &quot;::apt&quot;,
            &quot;url&quot;: &quot;&quot;
        }
    ]
}
07:51:52 INFO  Started operation: {'creationTime': '2022-07-26T07:51:52.324Z', 'deviceId': '21411792', 'deviceName': 'm32sd10c', 'self': 'https://t493319102.eu-latest.cumulocity.com/devicecontrol/operations/21434452', 'id': '21434452', 'status': 'PENDING', 'description': &quot;Apply software changes, triggered from PySys: [{'name': 'does_not_exist', 'id': '5446165', 'version': '::apt', 'url': '', 'action': 'install'}]&quot;, 'c8y_SoftwareUpdate': [{'name': 'does_not_exist', 'action': 'install', 'id': '5446165', 'version': '::apt', 'url': ''}]}
07:51:54 INFO  State of operation 21434452 : PENDING
07:51:56 INFO  State of operation 21434452 : EXECUTING
07:51:59 INFO  State of operation 21434452 : EXECUTING
07:52:01 INFO  State of operation 21434452 : EXECUTING
07:52:03 INFO  State of operation 21434452 : EXECUTING
07:52:05 INFO  State of operation 21434452 : EXECUTING
07:52:08 INFO  State of operation 21434452 : EXECUTING
07:52:11 INFO  State of operation 21434452 : EXECUTING
07:52:13 INFO  State of operation 21434452 : EXECUTING
07:52:15 INFO  State of operation 21434452 : EXECUTING
07:52:18 INFO  State of operation 21434452 : EXECUTING
07:52:20 INFO  State of operation 21434452 : EXECUTING
07:52:22 INFO  State of operation 21434452 : EXECUTING
07:52:24 INFO  State of operation 21434452 : EXECUTING
07:52:27 INFO  State of operation 21434452 : EXECUTING
07:52:29 INFO  State of operation 21434452 : EXECUTING
07:52:32 INFO  State of operation 21434452 : EXECUTING
07:52:34 INFO  State of operation 21434452 : EXECUTING
07:52:36 INFO  State of operation 21434452 : EXECUTING
07:52:39 INFO  State of operation 21434452 : EXECUTING
07:52:41 INFO  State of operation 21434452 : FAILED
07:52:41 WARN  SystemError occurred while running test - The Sofware list is empty !!!
Traceback (most recent call last):
  File &quot;/home/pi/env-pysys/lib/python3.7/site-packages/pysys/baserunner.py&quot;, line 1296, in __call__
    self.testObj.validate()
  File &quot;/home/pi/actions-runner/_work/thin-edge.io/thin-edge.io/tests/PySys/software_management_end_to_end/sm_apt_install_fail/run.py&quot;, line 31, in validate
    &quot;False == value&quot;, value=self.check_is_installed(&quot;does_not_exist&quot;)
  File &quot;/home/pi/actions-runner/_work/thin-edge.io/thin-edge.io/tests/PySys/software_management_end_to_end/environment_sm_management.py&quot;, line 399, in check_is_installed
    raise SystemError(&quot;The Sofware list is empty !!!&quot;)
SystemError: The Sofware list is empty !!!
07:52:41 WARN  SystemError: The Sofware list is empty !!! ... blocked 
07:52:41 INFO  
07:52:41 INFO  cleanup:
07:52:45 INFO  Executed sudo&lt;tedge_disconnect_c8y&gt;, exit status 0
07:52:46 INFO  Executed systemctl&lt;serv_mapper5&gt;, exit status 3
07:52:46 INFO  
07:52:46 INFO  Test duration: 78.39 secs
07:52:46 INFO  Test final outcome:  BLOCKED
07:52:46 INFO  Test outcome reason: SystemError: The Sofware list is empty !!!
07:52:46 INFO  
</system-out>
	</testcase>
</testsuite>
