<?xml version="1.0" encoding="utf-8"?>
<testsuite failures="1" name="SoftwareManagement.sm_apt_install_remove" skipped="0" tests="1" time="165.97" timestamp="2022-05-25T13:23:54">
	<testcase classname="PySysTest" name="SoftwareManagement.sm_apt_install_remove">
		<failure message="BLOCKED: SystemError: Timeout while waiting for status FAILED or SUCCESSFUL" type="BLOCKED"/>
		<system-out>13:21:08 INFO  ==============================================================
13:21:08 INFO  Id:    SoftwareManagement.sm_apt_install_remove
13:21:08 INFO  Dir:   software_management_end_to_end/
13:21:08 INFO  Title: Validate end to end behaviour for the apt plugin for installation and removal of packages
13:21:08 INFO  ==============================================================
13:21:08 INFO  Using sw id database: {'asciijump': '5475369', 'robotfindskitten': '5474869', 'squirrel3': '5475279', 'rolldice': '5152439', 'moon-buggy': '5439204', 'apple': '5495053', 'banana': '5494888', 'cherry': '5495382', 'watermelon': '5494510', 'registry': '8018911', 'hello-world': '8021526', 'docker/getting-started': '8021973', 'alpine': '7991792'}
13:21:08 INFO  EnvironmentC8y Setup
13:21:09 INFO  Executed systemctl&lt;serv_mapper1&gt;, exit status 3
13:21:09 INFO  Restarting mosquitto too frequently in the last 10 seconds. It was only up for 4 seconds
13:21:09 INFO  Delaying execution by 7 seconds
13:21:30 INFO  Executed sudo&lt;tedge_connect_c8y&gt;, exit status 0, duration 13 secs
13:21:31 INFO  Executed sudo&lt;tedge_connect_c8y_test&gt;, exit status 0
13:21:31 INFO  Executed systemctl&lt;serv_mosq2&gt;, exit status 0
13:21:32 INFO  Executed systemctl&lt;serv_mapper3&gt;, exit status 0
13:21:34 INFO  State of current operation: PENDING
13:21:36 INFO  State of current operation: PENDING
13:21:38 INFO  State of current operation: PENDING
13:21:41 INFO  State of current operation: PENDING
13:21:43 INFO  State of current operation: PENDING
13:21:45 INFO  State of current operation: PENDING
13:21:47 INFO  State of current operation: PENDING
13:21:50 INFO  State of current operation: PENDING
13:21:52 INFO  State of current operation: PENDING
13:21:54 INFO  State of current operation: PENDING
13:21:56 INFO  State of current operation: PENDING
13:21:58 INFO  State of current operation: PENDING
13:22:01 INFO  State of current operation: PENDING
13:22:03 INFO  State of current operation: PENDING
13:22:05 INFO  State of current operation: PENDING
13:22:07 INFO  State of current operation: PENDING
13:22:10 INFO  State of current operation: PENDING
13:22:12 INFO  State of current operation: PENDING
13:22:14 INFO  State of current operation: PENDING
13:22:16 INFO  State of current operation: PENDING
13:22:18 INFO  State of current operation: PENDING
13:22:21 INFO  State of current operation: PENDING
13:22:23 INFO  State of current operation: PENDING
13:22:25 INFO  State of current operation: PENDING
13:22:27 INFO  State of current operation: PENDING
13:22:30 INFO  State of current operation: PENDING
13:22:32 INFO  State of current operation: PENDING
13:22:34 INFO  State of current operation: PENDING
13:22:36 INFO  State of current operation: PENDING
13:22:39 INFO  State of current operation: PENDING
13:22:41 INFO  State of current operation: PENDING
13:22:43 INFO  State of current operation: PENDING
13:22:45 INFO  State of current operation: PENDING
13:22:48 INFO  State of current operation: PENDING
13:22:50 INFO  State of current operation: PENDING
13:22:52 INFO  State of current operation: PENDING
13:22:54 INFO  State of current operation: PENDING
13:22:56 INFO  State of current operation: PENDING
13:22:59 INFO  State of current operation: PENDING
13:23:01 INFO  State of current operation: PENDING
13:23:03 INFO  State of current operation: PENDING
13:23:05 INFO  State of current operation: PENDING
13:23:08 INFO  State of current operation: PENDING
13:23:10 INFO  State of current operation: PENDING
13:23:12 INFO  State of current operation: PENDING
13:23:14 INFO  State of current operation: PENDING
13:23:16 INFO  State of current operation: PENDING
13:23:19 INFO  State of current operation: PENDING
13:23:21 INFO  State of current operation: PENDING
13:23:23 INFO  State of current operation: PENDING
13:23:25 INFO  State of current operation: PENDING
13:23:28 INFO  State of current operation: PENDING
13:23:30 INFO  State of current operation: PENDING
13:23:32 INFO  State of current operation: PENDING
13:23:34 INFO  State of current operation: PENDING
13:23:37 INFO  State of current operation: PENDING
13:23:39 INFO  State of current operation: PENDING
13:23:41 INFO  State of current operation: PENDING
13:23:43 INFO  State of current operation: PENDING
13:23:45 INFO  State of current operation: PENDING
13:23:48 INFO  State of current operation: PENDING
13:23:50 WARN  SystemError occurred while running test - Timeout while waiting for status FAILED or SUCCESSFUL
Traceback (most recent call last):
  File &quot;/home/pi/env-pysys/lib/python3.7/site-packages/pysys/baserunner.py&quot;, line 1292, in __call__
    self.testObj.setup()
  File &quot;/home/pi/actions-runner/_work/thin-edge.io/thin-edge.io/tests/PySys/software_management_end_to_end/sm_apt_install_remove/run.py&quot;, line 27, in setup
    super().setup()
  File &quot;/home/pi/actions-runner/_work/thin-edge.io/thin-edge.io/tests/PySys/software_management_end_to_end/environment_sm_management.py&quot;, line 151, in setup
    self.wait_until_end()
  File &quot;/home/pi/actions-runner/_work/thin-edge.io/thin-edge.io/tests/PySys/software_management_end_to_end/environment_sm_management.py&quot;, line 332, in wait_until_end
    self.wait_until_status(&quot;FAILED&quot;, &quot;SUCCESSFUL&quot;)
  File &quot;/home/pi/actions-runner/_work/thin-edge.io/thin-edge.io/tests/PySys/software_management_end_to_end/environment_sm_management.py&quot;, line 381, in wait_until_status
    &quot;Timeout while waiting for status %s or %s&quot; % (status, status2)
SystemError: Timeout while waiting for status FAILED or SUCCESSFUL
13:23:50 WARN  SystemError: Timeout while waiting for status FAILED or SUCCESSFUL ... blocked 
13:23:50 INFO  
13:23:50 INFO  cleanup:
13:23:54 INFO  Executed sudo&lt;tedge_disconnect_c8y&gt;, exit status 0
13:23:54 INFO  Executed systemctl&lt;serv_mapper5&gt;, exit status 3
13:23:54 INFO  
13:23:54 INFO  Test duration: 165.97 secs
13:23:54 INFO  Test final outcome:  BLOCKED
13:23:54 INFO  Test outcome reason: SystemError: Timeout while waiting for status FAILED or SUCCESSFUL
13:23:54 INFO  
</system-out>
	</testcase>
</testsuite>
