<?xml version="1.0" encoding="utf-8"?>
<testsuite failures="1" name="SoftwareManagement.sm_apt_install_remove_with_version" skipped="0" tests="1" time="166.53" timestamp="2022-05-24T11:35:44">
	<testcase classname="PySysTest" name="SoftwareManagement.sm_apt_install_remove_with_version">
		<failure message="BLOCKED: SystemError: Timeout while waiting for status FAILED or SUCCESSFUL" type="BLOCKED"/>
		<system-out>11:32:57 INFO  ==============================================================
11:32:57 INFO  Id:    SoftwareManagement.sm_apt_install_remove_with_version
11:32:57 INFO  Dir:   software_management_end_to_end/
11:32:57 INFO  Title: Validate end to end behaviour for the apt plugin for packages with version
11:32:57 INFO  ==============================================================
11:32:57 INFO  Using sw id database: {'asciijump': '5475369', 'robotfindskitten': '5474869', 'squirrel3': '5475279', 'rolldice': '5152439', 'moon-buggy': '5439204', 'apple': '5495053', 'banana': '5494888', 'cherry': '5495382', 'watermelon': '5494510', 'registry': '8018911', 'hello-world': '8021526', 'docker/getting-started': '8021973', 'alpine': '7991792'}
11:32:57 INFO  EnvironmentC8y Setup
11:32:58 INFO  Executed systemctl&lt;serv_mapper1&gt;, exit status 3
11:32:58 INFO  Restarting mosquitto too frequently in the last 10 seconds. It was only up for 4 seconds
11:32:58 INFO  Delaying execution by 7 seconds
11:33:19 INFO  Executed sudo&lt;tedge_connect_c8y&gt;, exit status 0, duration 13 secs
11:33:19 INFO  Executed sudo&lt;tedge_connect_c8y_test&gt;, exit status 0
11:33:20 INFO  Executed systemctl&lt;serv_mosq2&gt;, exit status 0
11:33:20 INFO  Executed systemctl&lt;serv_mapper3&gt;, exit status 0
11:33:22 INFO  State of current operation: PENDING
11:33:25 INFO  State of current operation: PENDING
11:33:27 INFO  State of current operation: PENDING
11:33:29 INFO  State of current operation: PENDING
11:33:32 INFO  State of current operation: PENDING
11:33:34 INFO  State of current operation: PENDING
11:33:36 INFO  State of current operation: PENDING
11:33:38 INFO  State of current operation: PENDING
11:33:40 INFO  State of current operation: PENDING
11:33:43 INFO  State of current operation: PENDING
11:33:45 INFO  State of current operation: PENDING
11:33:47 INFO  State of current operation: PENDING
11:33:49 INFO  State of current operation: PENDING
11:33:52 INFO  State of current operation: PENDING
11:33:54 INFO  State of current operation: PENDING
11:33:56 INFO  State of current operation: PENDING
11:33:58 INFO  State of current operation: PENDING
11:34:01 INFO  State of current operation: PENDING
11:34:03 INFO  State of current operation: PENDING
11:34:05 INFO  State of current operation: PENDING
11:34:07 INFO  State of current operation: PENDING
11:34:09 INFO  State of current operation: PENDING
11:34:12 INFO  State of current operation: PENDING
11:34:14 INFO  State of current operation: PENDING
11:34:16 INFO  State of current operation: PENDING
11:34:18 INFO  State of current operation: PENDING
11:34:21 INFO  State of current operation: PENDING
11:34:23 INFO  State of current operation: PENDING
11:34:25 INFO  State of current operation: PENDING
11:34:27 INFO  State of current operation: PENDING
11:34:30 INFO  State of current operation: PENDING
11:34:32 INFO  State of current operation: PENDING
11:34:34 INFO  State of current operation: PENDING
11:34:36 INFO  State of current operation: PENDING
11:34:39 INFO  State of current operation: PENDING
11:34:41 INFO  State of current operation: PENDING
11:34:43 INFO  State of current operation: PENDING
11:34:45 INFO  State of current operation: PENDING
11:34:48 INFO  State of current operation: PENDING
11:34:50 INFO  State of current operation: PENDING
11:34:52 INFO  State of current operation: PENDING
11:34:55 INFO  State of current operation: PENDING
11:34:57 INFO  State of current operation: PENDING
11:34:59 INFO  State of current operation: PENDING
11:35:01 INFO  State of current operation: PENDING
11:35:03 INFO  State of current operation: PENDING
11:35:06 INFO  State of current operation: PENDING
11:35:08 INFO  State of current operation: PENDING
11:35:10 INFO  State of current operation: PENDING
11:35:13 INFO  State of current operation: PENDING
11:35:15 INFO  State of current operation: PENDING
11:35:17 INFO  State of current operation: PENDING
11:35:19 INFO  State of current operation: PENDING
11:35:21 INFO  State of current operation: PENDING
11:35:24 INFO  State of current operation: PENDING
11:35:26 INFO  State of current operation: PENDING
11:35:28 INFO  State of current operation: PENDING
11:35:30 INFO  State of current operation: PENDING
11:35:33 INFO  State of current operation: PENDING
11:35:35 INFO  State of current operation: PENDING
11:35:37 INFO  State of current operation: PENDING
11:35:39 WARN  SystemError occurred while running test - Timeout while waiting for status FAILED or SUCCESSFUL
Traceback (most recent call last):
  File &quot;/home/pi/env-pysys/lib/python3.7/site-packages/pysys/baserunner.py&quot;, line 1292, in __call__
    self.testObj.setup()
  File &quot;/home/pi/actions-runner/_work/thin-edge.io/thin-edge.io/tests/PySys/software_management_end_to_end/sm_apt_install_remove_with_version/run.py&quot;, line 27, in setup
    super().setup()
  File &quot;/home/pi/actions-runner/_work/thin-edge.io/thin-edge.io/tests/PySys/software_management_end_to_end/environment_sm_management.py&quot;, line 151, in setup
    self.wait_until_end()
  File &quot;/home/pi/actions-runner/_work/thin-edge.io/thin-edge.io/tests/PySys/software_management_end_to_end/environment_sm_management.py&quot;, line 332, in wait_until_end
    self.wait_until_status(&quot;FAILED&quot;, &quot;SUCCESSFUL&quot;)
  File &quot;/home/pi/actions-runner/_work/thin-edge.io/thin-edge.io/tests/PySys/software_management_end_to_end/environment_sm_management.py&quot;, line 381, in wait_until_status
    &quot;Timeout while waiting for status %s or %s&quot; % (status, status2)
SystemError: Timeout while waiting for status FAILED or SUCCESSFUL
11:35:39 WARN  SystemError: Timeout while waiting for status FAILED or SUCCESSFUL ... blocked 
11:35:39 INFO  
11:35:39 INFO  cleanup:
11:35:43 INFO  Executed sudo&lt;tedge_disconnect_c8y&gt;, exit status 0
11:35:44 INFO  Executed systemctl&lt;serv_mapper5&gt;, exit status 3
11:35:44 INFO  
11:35:44 INFO  Test duration: 166.53 secs
11:35:44 INFO  Test final outcome:  BLOCKED
11:35:44 INFO  Test outcome reason: SystemError: Timeout while waiting for status FAILED or SUCCESSFUL
11:35:44 INFO  
</system-out>
	</testcase>
</testsuite>
