<?xml version="1.0" encoding="utf-8"?>
<testsuite failures="0" name="apt_prepare" skipped="0" tests="1" time="19.34" timestamp="2022-05-20T11:36:16">
	<testcase classname="AptPluginPrepare" name="apt_prepare"/>
</testsuite>
