<?xml version="1.0" encoding="utf-8"?>
<testsuite failures="0" name="apt_prepare" skipped="0" tests="1" time="41.76" timestamp="2022-07-25T10:40:35">
	<testcase classname="AptPluginPrepare" name="apt_prepare"/>
</testsuite>
