<?xml version="1.0" encoding="utf-8"?>
<testsuite failures="1" name="SoftwareManagement.sm_apt_install_remove_multiple_mixed" skipped="0" tests="1" time="165.34" timestamp="2022-06-02T09:23:47">
	<testcase classname="PySysTest" name="SoftwareManagement.sm_apt_install_remove_multiple_mixed">
		<failure message="BLOCKED: SystemError: Timeout while waiting for status FAILED or SUCCESSFUL" type="BLOCKED"/>
		<system-out>09:21:01 INFO  ==============================================================
09:21:01 INFO  Id:    SoftwareManagement.sm_apt_install_remove_multiple_mixed
09:21:01 INFO  Dir:   software_management_end_to_end/
09:21:01 INFO  Title: Validate end to end behaviour for the apt plugin for multiple packages with mixed versions
09:21:01 INFO  ==============================================================
09:21:01 INFO  Using sw id database: {'asciijump': '5475369', 'robotfindskitten': '5474869', 'squirrel3': '5475279', 'rolldice': '5152439', 'moon-buggy': '5439204', 'apple': '5495053', 'banana': '5494888', 'cherry': '5495382', 'watermelon': '5494510', 'registry': '8018911', 'hello-world': '8021526', 'docker/getting-started': '8021973', 'alpine': '7991792'}
09:21:01 INFO  EnvironmentC8y Setup
09:21:02 INFO  Executed systemctl&lt;serv_mapper1&gt;, exit status 3
09:21:02 INFO  Restarting mosquitto too frequently in the last 10 seconds. It was only up for 5 seconds
09:21:02 INFO  Delaying execution by 6 seconds
09:21:22 INFO  Executed sudo&lt;tedge_connect_c8y&gt;, exit status 0, duration 14 secs
09:21:23 INFO  Executed sudo&lt;tedge_connect_c8y_test&gt;, exit status 0
09:21:23 INFO  Executed systemctl&lt;serv_mosq2&gt;, exit status 0
09:21:24 INFO  Executed systemctl&lt;serv_mapper3&gt;, exit status 0
09:21:26 INFO  State of current operation: PENDING
09:21:28 INFO  State of current operation: PENDING
09:21:30 INFO  State of current operation: PENDING
09:21:33 INFO  State of current operation: PENDING
09:21:35 INFO  State of current operation: PENDING
09:21:37 INFO  State of current operation: PENDING
09:21:39 INFO  State of current operation: PENDING
09:21:42 INFO  State of current operation: PENDING
09:21:44 INFO  State of current operation: PENDING
09:21:46 INFO  State of current operation: PENDING
09:21:48 INFO  State of current operation: PENDING
09:21:51 INFO  State of current operation: PENDING
09:21:53 INFO  State of current operation: PENDING
09:21:55 INFO  State of current operation: PENDING
09:21:57 INFO  State of current operation: PENDING
09:21:59 INFO  State of current operation: PENDING
09:22:02 INFO  State of current operation: PENDING
09:22:04 INFO  State of current operation: PENDING
09:22:06 INFO  State of current operation: PENDING
09:22:08 INFO  State of current operation: PENDING
09:22:11 INFO  State of current operation: PENDING
09:22:13 INFO  State of current operation: PENDING
09:22:15 INFO  State of current operation: PENDING
09:22:17 INFO  State of current operation: PENDING
09:22:20 INFO  State of current operation: PENDING
09:22:22 INFO  State of current operation: PENDING
09:22:24 INFO  State of current operation: PENDING
09:22:26 INFO  State of current operation: PENDING
09:22:29 INFO  State of current operation: PENDING
09:22:31 INFO  State of current operation: PENDING
09:22:33 INFO  State of current operation: PENDING
09:22:35 INFO  State of current operation: PENDING
09:22:37 INFO  State of current operation: PENDING
09:22:40 INFO  State of current operation: PENDING
09:22:42 INFO  State of current operation: PENDING
09:22:44 INFO  State of current operation: PENDING
09:22:46 INFO  State of current operation: PENDING
09:22:49 INFO  State of current operation: PENDING
09:22:51 INFO  State of current operation: PENDING
09:22:53 INFO  State of current operation: PENDING
09:22:55 INFO  State of current operation: PENDING
09:22:58 INFO  State of current operation: PENDING
09:23:00 INFO  State of current operation: PENDING
09:23:02 INFO  State of current operation: PENDING
09:23:04 INFO  State of current operation: PENDING
09:23:07 INFO  State of current operation: PENDING
09:23:09 INFO  State of current operation: PENDING
09:23:11 INFO  State of current operation: PENDING
09:23:13 INFO  State of current operation: PENDING
09:23:15 INFO  State of current operation: PENDING
09:23:18 INFO  State of current operation: PENDING
09:23:20 INFO  State of current operation: PENDING
09:23:22 INFO  State of current operation: PENDING
09:23:24 INFO  State of current operation: PENDING
09:23:27 INFO  State of current operation: PENDING
09:23:29 INFO  State of current operation: PENDING
09:23:31 INFO  State of current operation: PENDING
09:23:33 INFO  State of current operation: PENDING
09:23:36 INFO  State of current operation: PENDING
09:23:38 INFO  State of current operation: PENDING
09:23:40 INFO  State of current operation: PENDING
09:23:42 WARN  SystemError occurred while running test - Timeout while waiting for status FAILED or SUCCESSFUL
Traceback (most recent call last):
  File &quot;/home/pi/env-pysys/lib/python3.7/site-packages/pysys/baserunner.py&quot;, line 1292, in __call__
    self.testObj.setup()
  File &quot;/home/pi/actions-runner/_work/thin-edge.io/thin-edge.io/tests/PySys/software_management_end_to_end/sm_apt_install_remove_multiple_mixed/run.py&quot;, line 73, in setup
    super().setup()
  File &quot;/home/pi/actions-runner/_work/thin-edge.io/thin-edge.io/tests/PySys/software_management_end_to_end/environment_sm_management.py&quot;, line 151, in setup
    self.wait_until_end()
  File &quot;/home/pi/actions-runner/_work/thin-edge.io/thin-edge.io/tests/PySys/software_management_end_to_end/environment_sm_management.py&quot;, line 332, in wait_until_end
    self.wait_until_status(&quot;FAILED&quot;, &quot;SUCCESSFUL&quot;)
  File &quot;/home/pi/actions-runner/_work/thin-edge.io/thin-edge.io/tests/PySys/software_management_end_to_end/environment_sm_management.py&quot;, line 381, in wait_until_status
    &quot;Timeout while waiting for status %s or %s&quot; % (status, status2)
SystemError: Timeout while waiting for status FAILED or SUCCESSFUL
09:23:42 WARN  SystemError: Timeout while waiting for status FAILED or SUCCESSFUL ... blocked 
09:23:42 INFO  
09:23:42 INFO  cleanup:
09:23:46 INFO  Executed sudo&lt;tedge_disconnect_c8y&gt;, exit status 0
09:23:47 INFO  Executed systemctl&lt;serv_mapper5&gt;, exit status 3
09:23:47 INFO  
09:23:47 INFO  Test duration: 165.34 secs
09:23:47 INFO  Test final outcome:  BLOCKED
09:23:47 INFO  Test outcome reason: SystemError: Timeout while waiting for status FAILED or SUCCESSFUL
09:23:47 INFO  
</system-out>
	</testcase>
</testsuite>
