<?xml version="1.0" encoding="utf-8"?>
<testsuite failures="0" name="apt_update_list" skipped="0" tests="1" time="126.94" timestamp="2022-05-20T10:08:07">
	<testcase classname="AptPluginUpdateList" name="apt_update_list"/>
</testsuite>
