<?xml version="1.0" encoding="utf-8"?>
<testsuite failures="0" name="apt_install" skipped="0" tests="1" time="64.48" timestamp="2022-06-15T11:13:40">
	<testcase classname="AptPluginInstallDense" name="apt_install"/>
</testsuite>
