<?xml version="1.0" encoding="utf-8"?>
<testsuite failures="0" name="apt_prepare" skipped="0" tests="1" time="20.63" timestamp="2022-07-22T14:40:36">
	<testcase classname="AptPluginPrepare" name="apt_prepare"/>
</testsuite>
