<?xml version="1.0" encoding="utf-8"?>
<testsuite failures="0" name="apt_prepare" skipped="0" tests="1" time="17.95" timestamp="2022-06-02T08:55:49">
	<testcase classname="AptPluginPrepare" name="apt_prepare"/>
</testsuite>
