<?xml version="1.0" encoding="utf-8"?>
<testsuite failures="1" name="SoftwareManagement.sm_apt_install_remove_default" skipped="0" tests="1" time="111.88" timestamp="2022-07-22T02:42:34">
	<testcase classname="PySysTest" name="SoftwareManagement.sm_apt_install_remove_default">
		<failure message="BLOCKED: HTTPError: 500 Server Error: Server Error for url: https://thin-edge-io.eu-latest.cumulocity.com/devicecontrol/operations/21230820" type="BLOCKED"/>
		<system-out>02:40:42 INFO  ==============================================================
02:40:42 INFO  Id:    SoftwareManagement.sm_apt_install_remove_default
02:40:42 INFO  Dir:   software_management_end_to_end/
02:40:42 INFO  Title: Validate end to end behaviour for the default plugin for installation and removal of packages
02:40:42 INFO  ==============================================================
02:40:42 INFO  Using sw id database: {'asciijump': '5475369', 'robotfindskitten': '5474869', 'squirrel3': '5475279', 'rolldice': '5152439', 'moon-buggy': '5439204', 'apple': '5495053', 'banana': '5494888', 'cherry': '5495382', 'watermelon': '5494510', 'registry': '8018911', 'hello-world': '8021526', 'docker/getting-started': '8021973', 'alpine': '7991792'}
02:40:42 INFO  EnvironmentC8y Setup
02:40:43 INFO  Executed systemctl&lt;serv_mapper1&gt;, exit status 3
02:40:43 INFO  Restarting mosquitto too frequently in the last 10 seconds. It was only up for 5 seconds
02:40:43 INFO  Delaying execution by 6 seconds
02:41:03 INFO  Executed sudo&lt;tedge_connect_c8y&gt;, exit status 0, duration 14 secs
02:41:04 INFO  Executed sudo&lt;tedge_connect_c8y_test&gt;, exit status 0
02:41:04 INFO  Executed systemctl&lt;serv_mosq2&gt;, exit status 0
02:41:05 INFO  Executed systemctl&lt;serv_mapper3&gt;, exit status 0
02:41:07 INFO  State of current operation: SUCCESSFUL
02:41:07 INFO  Assert that (False == value) with value=False ... passed
02:41:07 INFO  Response status: 201
02:41:07 INFO  Response to action: {
    &quot;creationTime&quot;: &quot;2022-07-22T02:41:07.932Z&quot;,
    &quot;deviceId&quot;: &quot;21167114&quot;,
    &quot;deviceName&quot;: &quot;m32sd10c&quot;,
    &quot;self&quot;: &quot;https://t493319102.eu-latest.cumulocity.com/devicecontrol/operations/21230820&quot;,
    &quot;id&quot;: &quot;21230820&quot;,
    &quot;status&quot;: &quot;PENDING&quot;,
    &quot;description&quot;: &quot;Apply software changes, triggered from PySys: [{'name': 'rolldice', 'id': '5152439', 'version': ' ', 'url': '', 'action': 'install'}]&quot;,
    &quot;c8y_SoftwareUpdate&quot;: [
        {
            &quot;name&quot;: &quot;rolldice&quot;,
            &quot;action&quot;: &quot;install&quot;,
            &quot;id&quot;: &quot;5152439&quot;,
            &quot;version&quot;: &quot; &quot;,
            &quot;url&quot;: &quot;&quot;
        }
    ]
}
02:41:07 INFO  Started operation: {'creationTime': '2022-07-22T02:41:07.932Z', 'deviceId': '21167114', 'deviceName': 'm32sd10c', 'self': 'https://t493319102.eu-latest.cumulocity.com/devicecontrol/operations/21230820', 'id': '21230820', 'status': 'PENDING', 'description': &quot;Apply software changes, triggered from PySys: [{'name': 'rolldice', 'id': '5152439', 'version': ' ', 'url': '', 'action': 'install'}]&quot;, 'c8y_SoftwareUpdate': [{'name': 'rolldice', 'action': 'install', 'id': '5152439', 'version': ' ', 'url': ''}]}
02:41:10 INFO  State of operation 21230820 : PENDING
02:41:12 INFO  State of operation 21230820 : EXECUTING
02:41:14 INFO  State of operation 21230820 : EXECUTING
02:41:16 INFO  State of operation 21230820 : EXECUTING
02:41:19 INFO  State of operation 21230820 : EXECUTING
02:41:21 INFO  State of operation 21230820 : EXECUTING
02:41:24 INFO  State of operation 21230820 : EXECUTING
02:41:26 INFO  State of operation 21230820 : EXECUTING
02:41:29 INFO  State of operation 21230820 : EXECUTING
02:41:31 INFO  State of operation 21230820 : EXECUTING
02:41:33 INFO  State of operation 21230820 : EXECUTING
02:41:35 INFO  State of operation 21230820 : EXECUTING
02:41:38 INFO  State of operation 21230820 : EXECUTING
02:41:40 INFO  State of operation 21230820 : EXECUTING
02:41:42 INFO  State of operation 21230820 : EXECUTING
02:41:45 INFO  State of operation 21230820 : EXECUTING
02:41:47 INFO  State of operation 21230820 : EXECUTING
02:41:49 INFO  State of operation 21230820 : EXECUTING
02:41:52 INFO  State of operation 21230820 : EXECUTING
02:41:54 INFO  State of operation 21230820 : EXECUTING
02:41:56 INFO  State of operation 21230820 : EXECUTING
02:42:00 INFO  State of operation 21230820 : EXECUTING
02:42:02 INFO  State of operation 21230820 : EXECUTING
02:42:05 INFO  State of operation 21230820 : EXECUTING
02:42:07 INFO  State of operation 21230820 : EXECUTING
02:42:30 WARN  HTTPError occurred while running test - 500 Server Error: Server Error for url: https://thin-edge-io.eu-latest.cumulocity.com/devicecontrol/operations/21230820
Traceback (most recent call last):
  File &quot;/home/pi/env-pysys/lib/python3.7/site-packages/pysys/baserunner.py&quot;, line 1294, in __call__
    self.testObj.execute()
  File &quot;/home/pi/actions-runner/_work/thin-edge.io/thin-edge.io/tests/PySys/software_management_end_to_end/sm_apt_install_remove_default/run.py&quot;, line 33, in execute
    self.wait_until_succcess()
  File &quot;/home/pi/actions-runner/_work/thin-edge.io/thin-edge.io/tests/PySys/software_management_end_to_end/environment_sm_management.py&quot;, line 324, in wait_until_succcess
    self.wait_until_status(&quot;SUCCESSFUL&quot;)
  File &quot;/home/pi/actions-runner/_work/thin-edge.io/thin-edge.io/tests/PySys/software_management_end_to_end/environment_sm_management.py&quot;, line 354, in wait_until_status
    current_status = self.get_status_of_operation()
  File &quot;/home/pi/actions-runner/_work/thin-edge.io/thin-edge.io/tests/PySys/software_management_end_to_end/environment_sm_management.py&quot;, line 302, in get_status_of_operation
    req.raise_for_status()
  File &quot;/home/pi/env-pysys/lib/python3.7/site-packages/requests/models.py&quot;, line 943, in raise_for_status
    raise HTTPError(http_error_msg, response=self)
requests.exceptions.HTTPError: 500 Server Error: Server Error for url: https://thin-edge-io.eu-latest.cumulocity.com/devicecontrol/operations/21230820
02:42:30 WARN  HTTPError: 500 Server Error: Server Error for url: https://thin-edge-io.eu-latest.cumulocity.com/devicecontrol/operations/21230820 ... blocked 
02:42:30 INFO  
02:42:30 INFO  cleanup:
02:42:34 INFO  Executed sudo&lt;tedge_disconnect_c8y&gt;, exit status 0
02:42:34 INFO  Executed systemctl&lt;serv_mapper5&gt;, exit status 3
02:42:34 INFO  
02:42:34 INFO  Test duration: 111.88 secs
02:42:34 INFO  Test final outcome:  BLOCKED
02:42:34 INFO  Test outcome reason: HTTPError: 500 Server Error: Server Error for url: https://thin-edge-io.eu-latest.cumulocity.com/devicecontrol/operations/21230820
02:42:34 INFO  
</system-out>
	</testcase>
</testsuite>
