<?xml version="1.0" encoding="utf-8"?>
<testsuite failures="0" name="apt_sequence_install_with_version" skipped="0" tests="1" time="93.39" timestamp="2022-07-22T02:28:13">
	<testcase classname="AptPluginPrepInstallWithVersionFinalize" name="apt_sequence_install_with_version"/>
</testsuite>
