<?xml version="1.0" encoding="utf-8"?>
<testsuite failures="0" name="apt_install" skipped="0" tests="1" time="65.31" timestamp="2022-06-07T11:45:43">
	<testcase classname="AptPluginInstallDense" name="apt_install"/>
</testsuite>
