<?xml version="1.0" encoding="utf-8"?>
<testsuite failures="0" name="apt_fail_noarg" skipped="0" tests="1" time="6.14" timestamp="2022-07-25T10:33:26">
	<testcase classname="AptPluginFailNoArg" name="apt_fail_noarg"/>
</testsuite>
