<?xml version="1.0" encoding="utf-8"?>
<testsuite failures="0" name="apt_remove_fail" skipped="0" tests="1" time="8.59" timestamp="2022-07-20T11:10:10">
	<testcase classname="AptPluginRemoveFails" name="apt_remove_fail"/>
</testsuite>
