<?xml version="1.0" encoding="utf-8"?>
<testsuite failures="1" name="SoftwareManagement.sm_apt_install_remove_default" skipped="0" tests="1" time="166.07" timestamp="2022-05-23T14:03:38">
	<testcase classname="PySysTest" name="SoftwareManagement.sm_apt_install_remove_default">
		<failure message="BLOCKED: SystemError: Timeout while waiting for status FAILED or SUCCESSFUL" type="BLOCKED"/>
		<system-out>14:00:52 INFO  ==============================================================
14:00:52 INFO  Id:    SoftwareManagement.sm_apt_install_remove_default
14:00:52 INFO  Dir:   software_management_end_to_end/
14:00:52 INFO  Title: Validate end to end behaviour for the default plugin for installation and removal of packages
14:00:52 INFO  ==============================================================
14:00:52 INFO  Using sw id database: {'asciijump': '5475369', 'robotfindskitten': '5474869', 'squirrel3': '5475279', 'rolldice': '5152439', 'moon-buggy': '5439204', 'apple': '5495053', 'banana': '5494888', 'cherry': '5495382', 'watermelon': '5494510', 'registry': '8018911', 'hello-world': '8021526', 'docker/getting-started': '8021973', 'alpine': '7991792'}
14:00:52 INFO  EnvironmentC8y Setup
14:00:53 INFO  Executed systemctl&lt;serv_mapper1&gt;, exit status 3
14:00:53 INFO  Restarting mosquitto too frequently in the last 10 seconds. It was only up for 4 seconds
14:00:53 INFO  Delaying execution by 7 seconds
14:01:14 INFO  Executed sudo&lt;tedge_connect_c8y&gt;, exit status 0, duration 14 secs
14:01:14 INFO  Executed sudo&lt;tedge_connect_c8y_test&gt;, exit status 0
14:01:15 INFO  Executed systemctl&lt;serv_mosq2&gt;, exit status 0
14:01:15 INFO  Executed systemctl&lt;serv_mapper3&gt;, exit status 0
14:01:18 INFO  State of current operation: PENDING
14:01:20 INFO  State of current operation: PENDING
14:01:22 INFO  State of current operation: PENDING
14:01:24 INFO  State of current operation: PENDING
14:01:27 INFO  State of current operation: PENDING
14:01:29 INFO  State of current operation: PENDING
14:01:31 INFO  State of current operation: PENDING
14:01:33 INFO  State of current operation: PENDING
14:01:36 INFO  State of current operation: PENDING
14:01:38 INFO  State of current operation: PENDING
14:01:40 INFO  State of current operation: PENDING
14:01:42 INFO  State of current operation: PENDING
14:01:44 INFO  State of current operation: PENDING
14:01:47 INFO  State of current operation: PENDING
14:01:49 INFO  State of current operation: PENDING
14:01:51 INFO  State of current operation: PENDING
14:01:53 INFO  State of current operation: PENDING
14:01:56 INFO  State of current operation: PENDING
14:01:58 INFO  State of current operation: PENDING
14:02:00 INFO  State of current operation: PENDING
14:02:02 INFO  State of current operation: PENDING
14:02:05 INFO  State of current operation: PENDING
14:02:07 INFO  State of current operation: PENDING
14:02:09 INFO  State of current operation: PENDING
14:02:11 INFO  State of current operation: PENDING
14:02:13 INFO  State of current operation: PENDING
14:02:16 INFO  State of current operation: PENDING
14:02:18 INFO  State of current operation: PENDING
14:02:20 INFO  State of current operation: PENDING
14:02:22 INFO  State of current operation: PENDING
14:02:25 INFO  State of current operation: PENDING
14:02:27 INFO  State of current operation: PENDING
14:02:29 INFO  State of current operation: PENDING
14:02:31 INFO  State of current operation: PENDING
14:02:33 INFO  State of current operation: PENDING
14:02:36 INFO  State of current operation: PENDING
14:02:38 INFO  State of current operation: PENDING
14:02:40 INFO  State of current operation: PENDING
14:02:42 INFO  State of current operation: PENDING
14:02:45 INFO  State of current operation: PENDING
14:02:47 INFO  State of current operation: PENDING
14:02:49 INFO  State of current operation: PENDING
14:02:51 INFO  State of current operation: PENDING
14:02:54 INFO  State of current operation: PENDING
14:02:56 INFO  State of current operation: PENDING
14:02:58 INFO  State of current operation: PENDING
14:03:00 INFO  State of current operation: PENDING
14:03:02 INFO  State of current operation: PENDING
14:03:05 INFO  State of current operation: PENDING
14:03:07 INFO  State of current operation: PENDING
14:03:09 INFO  State of current operation: PENDING
14:03:12 INFO  State of current operation: PENDING
14:03:14 INFO  State of current operation: PENDING
14:03:16 INFO  State of current operation: PENDING
14:03:18 INFO  State of current operation: PENDING
14:03:20 INFO  State of current operation: PENDING
14:03:23 INFO  State of current operation: PENDING
14:03:25 INFO  State of current operation: PENDING
14:03:27 INFO  State of current operation: PENDING
14:03:29 INFO  State of current operation: PENDING
14:03:32 INFO  State of current operation: PENDING
14:03:34 WARN  SystemError occurred while running test - Timeout while waiting for status FAILED or SUCCESSFUL
Traceback (most recent call last):
  File &quot;/home/pi/env-pysys/lib/python3.7/site-packages/pysys/baserunner.py&quot;, line 1292, in __call__
    self.testObj.setup()
  File &quot;/home/pi/actions-runner/_work/thin-edge.io/thin-edge.io/tests/PySys/software_management_end_to_end/sm_apt_install_remove_default/run.py&quot;, line 26, in setup
    super().setup()
  File &quot;/home/pi/actions-runner/_work/thin-edge.io/thin-edge.io/tests/PySys/software_management_end_to_end/environment_sm_management.py&quot;, line 151, in setup
    self.wait_until_end()
  File &quot;/home/pi/actions-runner/_work/thin-edge.io/thin-edge.io/tests/PySys/software_management_end_to_end/environment_sm_management.py&quot;, line 332, in wait_until_end
    self.wait_until_status(&quot;FAILED&quot;, &quot;SUCCESSFUL&quot;)
  File &quot;/home/pi/actions-runner/_work/thin-edge.io/thin-edge.io/tests/PySys/software_management_end_to_end/environment_sm_management.py&quot;, line 381, in wait_until_status
    &quot;Timeout while waiting for status %s or %s&quot; % (status, status2)
SystemError: Timeout while waiting for status FAILED or SUCCESSFUL
14:03:34 WARN  SystemError: Timeout while waiting for status FAILED or SUCCESSFUL ... blocked 
14:03:34 INFO  
14:03:34 INFO  cleanup:
14:03:38 INFO  Executed sudo&lt;tedge_disconnect_c8y&gt;, exit status 0
14:03:38 INFO  Executed systemctl&lt;serv_mapper5&gt;, exit status 3
14:03:38 INFO  
14:03:38 INFO  Test duration: 166.07 secs
14:03:38 INFO  Test final outcome:  BLOCKED
14:03:38 INFO  Test outcome reason: SystemError: Timeout while waiting for status FAILED or SUCCESSFUL
14:03:38 INFO  
</system-out>
	</testcase>
</testsuite>
