<?xml version="1.0" encoding="utf-8"?>
<testsuite failures="1" name="SoftwareManagement.sm_apt_install_remove_multiple" skipped="0" tests="1" time="182.49" timestamp="2022-07-25T12:33:05">
	<testcase classname="PySysTest" name="SoftwareManagement.sm_apt_install_remove_multiple">
		<failure message="FAILED: Assert that (False == value) with value=True" type="FAILED"/>
		<system-out>12:30:02 INFO  ==============================================================
12:30:02 INFO  Id:    SoftwareManagement.sm_apt_install_remove_multiple
12:30:02 INFO  Dir:   software_management_end_to_end/
12:30:02 INFO  Title: Validate end to end behaviour for the apt plugin for multiple packages
12:30:02 INFO  ==============================================================
12:30:02 INFO  Using sw id database: {'asciijump': '5475369', 'robotfindskitten': '5474869', 'squirrel3': '5475279', 'rolldice': '5152439', 'moon-buggy': '5439204', 'apple': '5495053', 'banana': '5494888', 'cherry': '5495382', 'watermelon': '5494510', 'registry': '8018911', 'hello-world': '8021526', 'docker/getting-started': '8021973', 'alpine': '7991792'}
12:30:02 INFO  EnvironmentC8y Setup
12:30:03 INFO  Executed systemctl&lt;serv_mapper1&gt;, exit status 3
12:30:03 INFO  Restarting mosquitto too frequently in the last 10 seconds. It was only up for 4 seconds
12:30:03 INFO  Delaying execution by 7 seconds
12:30:24 INFO  Executed sudo&lt;tedge_connect_c8y&gt;, exit status 0, duration 14 secs
12:30:25 INFO  Executed sudo&lt;tedge_connect_c8y_test&gt;, exit status 0
12:30:25 INFO  Executed systemctl&lt;serv_mosq2&gt;, exit status 0
12:30:26 INFO  Executed systemctl&lt;serv_mapper3&gt;, exit status 0
12:30:28 INFO  State of current operation: SUCCESSFUL
12:30:28 INFO  Assert that (False == value) with value=False ... passed
12:30:28 INFO  Assert that (False == value) with value=False ... passed
12:30:29 INFO  Assert that (False == value) with value=False ... passed
12:30:29 INFO  Package robotfindskitten is installed
12:30:29 WARN  Assert that (False == value) with value=True ... failed 
12:30:29 INFO  Response status: 201
12:30:29 INFO  Response to action: {
    &quot;creationTime&quot;: &quot;2022-07-25T12:30:29.469Z&quot;,
    &quot;deviceId&quot;: &quot;21371117&quot;,
    &quot;deviceName&quot;: &quot;m32sd10c&quot;,
    &quot;self&quot;: &quot;https://t493319102.eu-latest.cumulocity.com/devicecontrol/operations/21385479&quot;,
    &quot;id&quot;: &quot;21385479&quot;,
    &quot;status&quot;: &quot;PENDING&quot;,
    &quot;description&quot;: &quot;Apply software changes, triggered from PySys: [{'action': 'install', 'id': '5475369', 'name': 'asciijump', 'url': ' ', 'version': '::apt'}, {'action': 'install', 'id': '5474869', 'name': 'robotfindskitten', 'url': ' ', 'version': '::apt'}, {'action': 'install', 'id': '5475279', 'name': 'squirrel3', 'url': ' ', 'version': '::apt'}]&quot;,
    &quot;c8y_SoftwareUpdate&quot;: [
        {
            &quot;name&quot;: &quot;asciijump&quot;,
            &quot;action&quot;: &quot;install&quot;,
            &quot;id&quot;: &quot;5475369&quot;,
            &quot;version&quot;: &quot;::apt&quot;,
            &quot;url&quot;: &quot; &quot;
        },
        {
            &quot;name&quot;: &quot;robotfindskitten&quot;,
            &quot;action&quot;: &quot;install&quot;,
            &quot;id&quot;: &quot;5474869&quot;,
            &quot;version&quot;: &quot;::apt&quot;,
            &quot;url&quot;: &quot; &quot;
        },
        {
            &quot;name&quot;: &quot;squirrel3&quot;,
            &quot;action&quot;: &quot;install&quot;,
            &quot;id&quot;: &quot;5475279&quot;,
            &quot;version&quot;: &quot;::apt&quot;,
            &quot;url&quot;: &quot; &quot;
        }
    ]
}
12:30:29 INFO  Started operation: {'creationTime': '2022-07-25T12:30:29.469Z', 'deviceId': '21371117', 'deviceName': 'm32sd10c', 'self': 'https://t493319102.eu-latest.cumulocity.com/devicecontrol/operations/21385479', 'id': '21385479', 'status': 'PENDING', 'description': &quot;Apply software changes, triggered from PySys: [{'action': 'install', 'id': '5475369', 'name': 'asciijump', 'url': ' ', 'version': '::apt'}, {'action': 'install', 'id': '5474869', 'name': 'robotfindskitten', 'url': ' ', 'version': '::apt'}, {'action': 'install', 'id': '5475279', 'name': 'squirrel3', 'url': ' ', 'version': '::apt'}]&quot;, 'c8y_SoftwareUpdate': [{'name': 'asciijump', 'action': 'install', 'id': '5475369', 'version': '::apt', 'url': ' '}, {'name': 'robotfindskitten', 'action': 'install', 'id': '5474869', 'version': '::apt', 'url': ' '}, {'name': 'squirrel3', 'action': 'install', 'id': '5475279', 'version': '::apt', 'url': ' '}]}
12:30:31 INFO  State of operation 21385479 : PENDING
12:30:33 INFO  State of operation 21385479 : EXECUTING
12:30:36 INFO  State of operation 21385479 : EXECUTING
12:30:38 INFO  State of operation 21385479 : EXECUTING
12:30:40 INFO  State of operation 21385479 : EXECUTING
12:30:42 INFO  State of operation 21385479 : EXECUTING
12:30:45 INFO  State of operation 21385479 : EXECUTING
12:30:48 INFO  State of operation 21385479 : EXECUTING
12:30:51 INFO  State of operation 21385479 : EXECUTING
12:30:53 INFO  State of operation 21385479 : EXECUTING
12:30:55 INFO  State of operation 21385479 : EXECUTING
12:30:57 INFO  State of operation 21385479 : EXECUTING
12:31:00 INFO  State of operation 21385479 : EXECUTING
12:31:02 INFO  State of operation 21385479 : EXECUTING
12:31:04 INFO  State of operation 21385479 : EXECUTING
12:31:06 INFO  State of operation 21385479 : EXECUTING
12:31:09 INFO  State of operation 21385479 : EXECUTING
12:31:11 INFO  State of operation 21385479 : EXECUTING
12:31:14 INFO  State of operation 21385479 : EXECUTING
12:31:16 INFO  State of operation 21385479 : EXECUTING
12:31:18 INFO  State of operation 21385479 : EXECUTING
12:31:21 INFO  State of operation 21385479 : EXECUTING
12:31:23 INFO  State of operation 21385479 : EXECUTING
12:31:26 INFO  State of operation 21385479 : EXECUTING
12:31:28 INFO  State of operation 21385479 : EXECUTING
12:31:31 INFO  State of operation 21385479 : EXECUTING
12:31:33 INFO  State of operation 21385479 : EXECUTING
12:31:36 INFO  State of operation 21385479 : EXECUTING
12:31:38 INFO  State of operation 21385479 : EXECUTING
12:31:41 INFO  State of operation 21385479 : EXECUTING
12:31:43 INFO  State of operation 21385479 : EXECUTING
12:31:45 INFO  State of operation 21385479 : EXECUTING
12:31:47 INFO  State of operation 21385479 : EXECUTING
12:31:50 INFO  State of operation 21385479 : SUCCESSFUL
12:31:50 INFO  Assert that (False == value) with value=False ... passed
12:31:50 INFO  Package asciijump is installed
12:31:50 INFO  Assert that (True == value) with value=True ... passed
12:31:50 INFO  Package squirrel3 is installed
12:31:50 INFO  Assert that (True == value) with value=True ... passed
12:31:51 INFO  Package robotfindskitten is installed
12:31:51 INFO  Assert that (True == value) with value=True ... passed
12:31:51 INFO  Response status: 201
12:31:51 INFO  Response to action: {
    &quot;creationTime&quot;: &quot;2022-07-25T12:31:51.270Z&quot;,
    &quot;deviceId&quot;: &quot;21371117&quot;,
    &quot;deviceName&quot;: &quot;m32sd10c&quot;,
    &quot;self&quot;: &quot;https://t493319102.eu-latest.cumulocity.com/devicecontrol/operations/21385496&quot;,
    &quot;id&quot;: &quot;21385496&quot;,
    &quot;status&quot;: &quot;PENDING&quot;,
    &quot;description&quot;: &quot;Apply software changes, triggered from PySys: [{'action': 'delete', 'id': '5475369', 'name': 'asciijump', 'url': ' ', 'version': '::apt'}, {'action': 'delete', 'id': '5474869', 'name': 'robotfindskitten', 'url': ' ', 'version': '::apt'}, {'action': 'delete', 'id': '5475279', 'name': 'squirrel3', 'url': ' ', 'version': '::apt'}]&quot;,
    &quot;c8y_SoftwareUpdate&quot;: [
        {
            &quot;name&quot;: &quot;asciijump&quot;,
            &quot;action&quot;: &quot;delete&quot;,
            &quot;id&quot;: &quot;5475369&quot;,
            &quot;version&quot;: &quot;::apt&quot;,
            &quot;url&quot;: &quot; &quot;
        },
        {
            &quot;name&quot;: &quot;robotfindskitten&quot;,
            &quot;action&quot;: &quot;delete&quot;,
            &quot;id&quot;: &quot;5474869&quot;,
            &quot;version&quot;: &quot;::apt&quot;,
            &quot;url&quot;: &quot; &quot;
        },
        {
            &quot;name&quot;: &quot;squirrel3&quot;,
            &quot;action&quot;: &quot;delete&quot;,
            &quot;id&quot;: &quot;5475279&quot;,
            &quot;version&quot;: &quot;::apt&quot;,
            &quot;url&quot;: &quot; &quot;
        }
    ]
}
12:31:51 INFO  Started operation: {'creationTime': '2022-07-25T12:31:51.270Z', 'deviceId': '21371117', 'deviceName': 'm32sd10c', 'self': 'https://t493319102.eu-latest.cumulocity.com/devicecontrol/operations/21385496', 'id': '21385496', 'status': 'PENDING', 'description': &quot;Apply software changes, triggered from PySys: [{'action': 'delete', 'id': '5475369', 'name': 'asciijump', 'url': ' ', 'version': '::apt'}, {'action': 'delete', 'id': '5474869', 'name': 'robotfindskitten', 'url': ' ', 'version': '::apt'}, {'action': 'delete', 'id': '5475279', 'name': 'squirrel3', 'url': ' ', 'version': '::apt'}]&quot;, 'c8y_SoftwareUpdate': [{'name': 'asciijump', 'action': 'delete', 'id': '5475369', 'version': '::apt', 'url': ' '}, {'name': 'robotfindskitten', 'action': 'delete', 'id': '5474869', 'version': '::apt', 'url': ' '}, {'name': 'squirrel3', 'action': 'delete', 'id': '5475279', 'version': '::apt', 'url': ' '}]}
12:31:53 INFO  State of operation 21385496 : PENDING
12:31:55 INFO  State of operation 21385496 : EXECUTING
12:31:58 INFO  State of operation 21385496 : EXECUTING
12:32:00 INFO  State of operation 21385496 : EXECUTING
12:32:02 INFO  State of operation 21385496 : EXECUTING
12:32:04 INFO  State of operation 21385496 : EXECUTING
12:32:07 INFO  State of operation 21385496 : EXECUTING
12:32:10 INFO  State of operation 21385496 : EXECUTING
12:32:12 INFO  State of operation 21385496 : EXECUTING
12:32:15 INFO  State of operation 21385496 : EXECUTING
12:32:17 INFO  State of operation 21385496 : EXECUTING
12:32:19 INFO  State of operation 21385496 : EXECUTING
12:32:21 INFO  State of operation 21385496 : EXECUTING
12:32:24 INFO  State of operation 21385496 : EXECUTING
12:32:26 INFO  State of operation 21385496 : EXECUTING
12:32:28 INFO  State of operation 21385496 : EXECUTING
12:32:31 INFO  State of operation 21385496 : EXECUTING
12:32:33 INFO  State of operation 21385496 : EXECUTING
12:32:36 INFO  State of operation 21385496 : EXECUTING
12:32:38 INFO  State of operation 21385496 : EXECUTING
12:32:40 INFO  State of operation 21385496 : EXECUTING
12:32:42 INFO  State of operation 21385496 : EXECUTING
12:32:45 INFO  State of operation 21385496 : EXECUTING
12:32:47 INFO  State of operation 21385496 : EXECUTING
12:32:50 INFO  State of operation 21385496 : EXECUTING
12:32:52 INFO  State of operation 21385496 : EXECUTING
12:32:54 INFO  State of operation 21385496 : EXECUTING
12:32:57 INFO  State of operation 21385496 : EXECUTING
12:32:59 INFO  State of operation 21385496 : SUCCESSFUL
12:32:59 INFO  Assert that (False == value) with value=False ... passed
12:32:59 INFO  Assert that (False == value) with value=False ... passed
12:33:00 INFO  Assert that (False == value) with value=False ... passed
12:33:00 INFO  Assert that (False == value) with value=False ... passed
12:33:00 INFO  
12:33:00 INFO  cleanup:
12:33:04 INFO  Executed sudo&lt;tedge_disconnect_c8y&gt;, exit status 0
12:33:05 INFO  Executed systemctl&lt;serv_mapper5&gt;, exit status 3
12:33:05 INFO  
12:33:05 INFO  Test duration: 182.49 secs
12:33:05 INFO  Test final outcome:  FAILED
12:33:05 INFO  Test outcome reason: Assert that (False == value) with value=True
12:33:05 INFO  
</system-out>
	</testcase>
</testsuite>
