<?xml version="1.0" encoding="utf-8"?>
<testsuite failures="0" name="apt_prepare" skipped="0" tests="1" time="21.58" timestamp="2022-07-26T16:38:33">
	<testcase classname="AptPluginPrepare" name="apt_prepare"/>
</testsuite>
