<?xml version="1.0" encoding="utf-8"?>
<testsuite failures="1" name="SoftwareManagement.sm_apt_install_remove_multiple" skipped="0" tests="1" time="178.53" timestamp="2022-07-22T18:10:59">
	<testcase classname="PySysTest" name="SoftwareManagement.sm_apt_install_remove_multiple">
		<failure message="FAILED: Assert that (False == value) with value=True" type="FAILED"/>
		<system-out>18:08:00 INFO  ==============================================================
18:08:00 INFO  Id:    SoftwareManagement.sm_apt_install_remove_multiple
18:08:00 INFO  Dir:   software_management_end_to_end/
18:08:00 INFO  Title: Validate end to end behaviour for the apt plugin for multiple packages
18:08:00 INFO  ==============================================================
18:08:00 INFO  Using sw id database: {'asciijump': '5475369', 'robotfindskitten': '5474869', 'squirrel3': '5475279', 'rolldice': '5152439', 'moon-buggy': '5439204', 'apple': '5495053', 'banana': '5494888', 'cherry': '5495382', 'watermelon': '5494510', 'registry': '8018911', 'hello-world': '8021526', 'docker/getting-started': '8021973', 'alpine': '7991792'}
18:08:00 INFO  EnvironmentC8y Setup
18:08:01 INFO  Executed systemctl&lt;serv_mapper1&gt;, exit status 3
18:08:01 INFO  Restarting mosquitto too frequently in the last 10 seconds. It was only up for 5 seconds
18:08:01 INFO  Delaying execution by 6 seconds
18:08:21 INFO  Executed sudo&lt;tedge_connect_c8y&gt;, exit status 0, duration 13 secs
18:08:21 INFO  Executed sudo&lt;tedge_connect_c8y_test&gt;, exit status 0
18:08:22 INFO  Executed systemctl&lt;serv_mosq2&gt;, exit status 0
18:08:22 INFO  Executed systemctl&lt;serv_mapper3&gt;, exit status 0
18:08:25 INFO  State of current operation: SUCCESSFUL
18:08:25 INFO  Assert that (False == value) with value=False ... passed
18:08:25 INFO  Assert that (False == value) with value=False ... passed
18:08:25 INFO  Assert that (False == value) with value=False ... passed
18:08:26 INFO  Package robotfindskitten is installed
18:08:26 WARN  Assert that (False == value) with value=True ... failed 
18:08:26 INFO  Response status: 201
18:08:26 INFO  Response to action: {
    &quot;creationTime&quot;: &quot;2022-07-22T18:08:26.342Z&quot;,
    &quot;deviceId&quot;: &quot;21303241&quot;,
    &quot;deviceName&quot;: &quot;m32sd10c&quot;,
    &quot;self&quot;: &quot;https://t493319102.eu-latest.cumulocity.com/devicecontrol/operations/21313441&quot;,
    &quot;id&quot;: &quot;21313441&quot;,
    &quot;status&quot;: &quot;PENDING&quot;,
    &quot;description&quot;: &quot;Apply software changes, triggered from PySys: [{'action': 'install', 'id': '5475369', 'name': 'asciijump', 'url': ' ', 'version': '::apt'}, {'action': 'install', 'id': '5474869', 'name': 'robotfindskitten', 'url': ' ', 'version': '::apt'}, {'action': 'install', 'id': '5475279', 'name': 'squirrel3', 'url': ' ', 'version': '::apt'}]&quot;,
    &quot;c8y_SoftwareUpdate&quot;: [
        {
            &quot;name&quot;: &quot;asciijump&quot;,
            &quot;action&quot;: &quot;install&quot;,
            &quot;id&quot;: &quot;5475369&quot;,
            &quot;version&quot;: &quot;::apt&quot;,
            &quot;url&quot;: &quot; &quot;
        },
        {
            &quot;name&quot;: &quot;robotfindskitten&quot;,
            &quot;action&quot;: &quot;install&quot;,
            &quot;id&quot;: &quot;5474869&quot;,
            &quot;version&quot;: &quot;::apt&quot;,
            &quot;url&quot;: &quot; &quot;
        },
        {
            &quot;name&quot;: &quot;squirrel3&quot;,
            &quot;action&quot;: &quot;install&quot;,
            &quot;id&quot;: &quot;5475279&quot;,
            &quot;version&quot;: &quot;::apt&quot;,
            &quot;url&quot;: &quot; &quot;
        }
    ]
}
18:08:26 INFO  Started operation: {'creationTime': '2022-07-22T18:08:26.342Z', 'deviceId': '21303241', 'deviceName': 'm32sd10c', 'self': 'https://t493319102.eu-latest.cumulocity.com/devicecontrol/operations/21313441', 'id': '21313441', 'status': 'PENDING', 'description': &quot;Apply software changes, triggered from PySys: [{'action': 'install', 'id': '5475369', 'name': 'asciijump', 'url': ' ', 'version': '::apt'}, {'action': 'install', 'id': '5474869', 'name': 'robotfindskitten', 'url': ' ', 'version': '::apt'}, {'action': 'install', 'id': '5475279', 'name': 'squirrel3', 'url': ' ', 'version': '::apt'}]&quot;, 'c8y_SoftwareUpdate': [{'name': 'asciijump', 'action': 'install', 'id': '5475369', 'version': '::apt', 'url': ' '}, {'name': 'robotfindskitten', 'action': 'install', 'id': '5474869', 'version': '::apt', 'url': ' '}, {'name': 'squirrel3', 'action': 'install', 'id': '5475279', 'version': '::apt', 'url': ' '}]}
18:08:28 INFO  State of operation 21313441 : PENDING
18:08:30 INFO  State of operation 21313441 : EXECUTING
18:08:33 INFO  State of operation 21313441 : EXECUTING
18:08:35 INFO  State of operation 21313441 : EXECUTING
18:08:37 INFO  State of operation 21313441 : EXECUTING
18:08:39 INFO  State of operation 21313441 : EXECUTING
18:08:42 INFO  State of operation 21313441 : EXECUTING
18:08:45 INFO  State of operation 21313441 : EXECUTING
18:08:47 INFO  State of operation 21313441 : EXECUTING
18:08:50 INFO  State of operation 21313441 : EXECUTING
18:08:52 INFO  State of operation 21313441 : EXECUTING
18:08:54 INFO  State of operation 21313441 : EXECUTING
18:08:56 INFO  State of operation 21313441 : EXECUTING
18:08:59 INFO  State of operation 21313441 : EXECUTING
18:09:01 INFO  State of operation 21313441 : EXECUTING
18:09:03 INFO  State of operation 21313441 : EXECUTING
18:09:06 INFO  State of operation 21313441 : EXECUTING
18:09:08 INFO  State of operation 21313441 : EXECUTING
18:09:11 INFO  State of operation 21313441 : EXECUTING
18:09:13 INFO  State of operation 21313441 : EXECUTING
18:09:15 INFO  State of operation 21313441 : EXECUTING
18:09:18 INFO  State of operation 21313441 : EXECUTING
18:09:20 INFO  State of operation 21313441 : EXECUTING
18:09:23 INFO  State of operation 21313441 : EXECUTING
18:09:25 INFO  State of operation 21313441 : EXECUTING
18:09:28 INFO  State of operation 21313441 : EXECUTING
18:09:30 INFO  State of operation 21313441 : EXECUTING
18:09:33 INFO  State of operation 21313441 : EXECUTING
18:09:35 INFO  State of operation 21313441 : EXECUTING
18:09:38 INFO  State of operation 21313441 : EXECUTING
18:09:40 INFO  State of operation 21313441 : EXECUTING
18:09:42 INFO  State of operation 21313441 : EXECUTING
18:09:44 INFO  State of operation 21313441 : EXECUTING
18:09:46 INFO  State of operation 21313441 : SUCCESSFUL
18:09:47 INFO  Assert that (False == value) with value=False ... passed
18:09:47 INFO  Package asciijump is installed
18:09:47 INFO  Assert that (True == value) with value=True ... passed
18:09:47 INFO  Package squirrel3 is installed
18:09:47 INFO  Assert that (True == value) with value=True ... passed
18:09:47 INFO  Package robotfindskitten is installed
18:09:47 INFO  Assert that (True == value) with value=True ... passed
18:09:48 INFO  Response status: 201
18:09:48 INFO  Response to action: {
    &quot;creationTime&quot;: &quot;2022-07-22T18:09:48.081Z&quot;,
    &quot;deviceId&quot;: &quot;21303241&quot;,
    &quot;deviceName&quot;: &quot;m32sd10c&quot;,
    &quot;self&quot;: &quot;https://t493319102.eu-latest.cumulocity.com/devicecontrol/operations/21313447&quot;,
    &quot;id&quot;: &quot;21313447&quot;,
    &quot;status&quot;: &quot;PENDING&quot;,
    &quot;description&quot;: &quot;Apply software changes, triggered from PySys: [{'action': 'delete', 'id': '5475369', 'name': 'asciijump', 'url': ' ', 'version': '::apt'}, {'action': 'delete', 'id': '5474869', 'name': 'robotfindskitten', 'url': ' ', 'version': '::apt'}, {'action': 'delete', 'id': '5475279', 'name': 'squirrel3', 'url': ' ', 'version': '::apt'}]&quot;,
    &quot;c8y_SoftwareUpdate&quot;: [
        {
            &quot;name&quot;: &quot;asciijump&quot;,
            &quot;action&quot;: &quot;delete&quot;,
            &quot;id&quot;: &quot;5475369&quot;,
            &quot;version&quot;: &quot;::apt&quot;,
            &quot;url&quot;: &quot; &quot;
        },
        {
            &quot;name&quot;: &quot;robotfindskitten&quot;,
            &quot;action&quot;: &quot;delete&quot;,
            &quot;id&quot;: &quot;5474869&quot;,
            &quot;version&quot;: &quot;::apt&quot;,
            &quot;url&quot;: &quot; &quot;
        },
        {
            &quot;name&quot;: &quot;squirrel3&quot;,
            &quot;action&quot;: &quot;delete&quot;,
            &quot;id&quot;: &quot;5475279&quot;,
            &quot;version&quot;: &quot;::apt&quot;,
            &quot;url&quot;: &quot; &quot;
        }
    ]
}
18:09:48 INFO  Started operation: {'creationTime': '2022-07-22T18:09:48.081Z', 'deviceId': '21303241', 'deviceName': 'm32sd10c', 'self': 'https://t493319102.eu-latest.cumulocity.com/devicecontrol/operations/21313447', 'id': '21313447', 'status': 'PENDING', 'description': &quot;Apply software changes, triggered from PySys: [{'action': 'delete', 'id': '5475369', 'name': 'asciijump', 'url': ' ', 'version': '::apt'}, {'action': 'delete', 'id': '5474869', 'name': 'robotfindskitten', 'url': ' ', 'version': '::apt'}, {'action': 'delete', 'id': '5475279', 'name': 'squirrel3', 'url': ' ', 'version': '::apt'}]&quot;, 'c8y_SoftwareUpdate': [{'name': 'asciijump', 'action': 'delete', 'id': '5475369', 'version': '::apt', 'url': ' '}, {'name': 'robotfindskitten', 'action': 'delete', 'id': '5474869', 'version': '::apt', 'url': ' '}, {'name': 'squirrel3', 'action': 'delete', 'id': '5475279', 'version': '::apt', 'url': ' '}]}
18:09:50 INFO  State of operation 21313447 : PENDING
18:09:52 INFO  State of operation 21313447 : EXECUTING
18:09:54 INFO  State of operation 21313447 : EXECUTING
18:09:57 INFO  State of operation 21313447 : EXECUTING
18:09:59 INFO  State of operation 21313447 : EXECUTING
18:10:01 INFO  State of operation 21313447 : EXECUTING
18:10:04 INFO  State of operation 21313447 : EXECUTING
18:10:07 INFO  State of operation 21313447 : EXECUTING
18:10:09 INFO  State of operation 21313447 : EXECUTING
18:10:11 INFO  State of operation 21313447 : EXECUTING
18:10:14 INFO  State of operation 21313447 : EXECUTING
18:10:16 INFO  State of operation 21313447 : EXECUTING
18:10:18 INFO  State of operation 21313447 : EXECUTING
18:10:20 INFO  State of operation 21313447 : EXECUTING
18:10:23 INFO  State of operation 21313447 : EXECUTING
18:10:25 INFO  State of operation 21313447 : EXECUTING
18:10:27 INFO  State of operation 21313447 : EXECUTING
18:10:30 INFO  State of operation 21313447 : EXECUTING
18:10:32 INFO  State of operation 21313447 : EXECUTING
18:10:35 INFO  State of operation 21313447 : EXECUTING
18:10:37 INFO  State of operation 21313447 : EXECUTING
18:10:39 INFO  State of operation 21313447 : EXECUTING
18:10:41 INFO  State of operation 21313447 : EXECUTING
18:10:44 INFO  State of operation 21313447 : EXECUTING
18:10:46 INFO  State of operation 21313447 : EXECUTING
18:10:49 INFO  State of operation 21313447 : EXECUTING
18:10:51 INFO  State of operation 21313447 : EXECUTING
18:10:53 INFO  State of operation 21313447 : SUCCESSFUL
18:10:53 INFO  Assert that (False == value) with value=False ... passed
18:10:54 INFO  Assert that (False == value) with value=False ... passed
18:10:54 INFO  Assert that (False == value) with value=False ... passed
18:10:54 INFO  Assert that (False == value) with value=False ... passed
18:10:54 INFO  
18:10:54 INFO  cleanup:
18:10:58 INFO  Executed sudo&lt;tedge_disconnect_c8y&gt;, exit status 0
18:10:59 INFO  Executed systemctl&lt;serv_mapper5&gt;, exit status 3
18:10:59 INFO  
18:10:59 INFO  Test duration: 178.53 secs
18:10:59 INFO  Test final outcome:  FAILED
18:10:59 INFO  Test outcome reason: Assert that (False == value) with value=True
18:10:59 INFO  
</system-out>
	</testcase>
</testsuite>
