<?xml version="1.0" encoding="utf-8"?>
<testsuite failures="0" name="apt_prepare" skipped="0" tests="1" time="22.08" timestamp="2022-05-23T17:08:41">
	<testcase classname="AptPluginPrepare" name="apt_prepare"/>
</testsuite>
