<?xml version="1.0" encoding="utf-8"?>
<testsuite failures="1" name="SoftwareManagement.sm_apt_install_remove_with_version" skipped="0" tests="1" time="166.56" timestamp="2022-05-23T15:49:57">
	<testcase classname="PySysTest" name="SoftwareManagement.sm_apt_install_remove_with_version">
		<failure message="BLOCKED: SystemError: Timeout while waiting for status FAILED or SUCCESSFUL" type="BLOCKED"/>
		<system-out>15:47:10 INFO  ==============================================================
15:47:10 INFO  Id:    SoftwareManagement.sm_apt_install_remove_with_version
15:47:10 INFO  Dir:   software_management_end_to_end/
15:47:10 INFO  Title: Validate end to end behaviour for the apt plugin for packages with version
15:47:10 INFO  ==============================================================
15:47:10 INFO  Using sw id database: {'asciijump': '5475369', 'robotfindskitten': '5474869', 'squirrel3': '5475279', 'rolldice': '5152439', 'moon-buggy': '5439204', 'apple': '5495053', 'banana': '5494888', 'cherry': '5495382', 'watermelon': '5494510', 'registry': '8018911', 'hello-world': '8021526', 'docker/getting-started': '8021973', 'alpine': '7991792'}
15:47:10 INFO  EnvironmentC8y Setup
15:47:11 INFO  Executed systemctl&lt;serv_mapper1&gt;, exit status 3
15:47:11 INFO  Restarting mosquitto too frequently in the last 10 seconds. It was only up for 4 seconds
15:47:11 INFO  Delaying execution by 7 seconds
15:47:32 INFO  Executed sudo&lt;tedge_connect_c8y&gt;, exit status 0, duration 13 secs
15:47:33 INFO  Executed sudo&lt;tedge_connect_c8y_test&gt;, exit status 0
15:47:33 INFO  Executed systemctl&lt;serv_mosq2&gt;, exit status 0
15:47:34 INFO  Executed systemctl&lt;serv_mapper3&gt;, exit status 0
15:47:36 INFO  State of current operation: PENDING
15:47:38 INFO  State of current operation: PENDING
15:47:40 INFO  State of current operation: PENDING
15:47:43 INFO  State of current operation: PENDING
15:47:45 INFO  State of current operation: PENDING
15:47:47 INFO  State of current operation: PENDING
15:47:49 INFO  State of current operation: PENDING
15:47:52 INFO  State of current operation: PENDING
15:47:54 INFO  State of current operation: PENDING
15:47:56 INFO  State of current operation: PENDING
15:47:58 INFO  State of current operation: PENDING
15:48:00 INFO  State of current operation: PENDING
15:48:03 INFO  State of current operation: PENDING
15:48:05 INFO  State of current operation: PENDING
15:48:07 INFO  State of current operation: PENDING
15:48:09 INFO  State of current operation: PENDING
15:48:12 INFO  State of current operation: PENDING
15:48:14 INFO  State of current operation: PENDING
15:48:16 INFO  State of current operation: PENDING
15:48:18 INFO  State of current operation: PENDING
15:48:21 INFO  State of current operation: PENDING
15:48:23 INFO  State of current operation: PENDING
15:48:25 INFO  State of current operation: PENDING
15:48:27 INFO  State of current operation: PENDING
15:48:29 INFO  State of current operation: PENDING
15:48:32 INFO  State of current operation: PENDING
15:48:34 INFO  State of current operation: PENDING
15:48:36 INFO  State of current operation: PENDING
15:48:38 INFO  State of current operation: PENDING
15:48:41 INFO  State of current operation: PENDING
15:48:43 INFO  State of current operation: PENDING
15:48:45 INFO  State of current operation: PENDING
15:48:48 INFO  State of current operation: PENDING
15:48:50 INFO  State of current operation: PENDING
15:48:52 INFO  State of current operation: PENDING
15:48:54 INFO  State of current operation: PENDING
15:48:56 INFO  State of current operation: PENDING
15:48:59 INFO  State of current operation: PENDING
15:49:01 INFO  State of current operation: PENDING
15:49:03 INFO  State of current operation: PENDING
15:49:05 INFO  State of current operation: PENDING
15:49:08 INFO  State of current operation: PENDING
15:49:10 INFO  State of current operation: PENDING
15:49:12 INFO  State of current operation: PENDING
15:49:15 INFO  State of current operation: PENDING
15:49:17 INFO  State of current operation: PENDING
15:49:19 INFO  State of current operation: PENDING
15:49:21 INFO  State of current operation: PENDING
15:49:24 INFO  State of current operation: PENDING
15:49:26 INFO  State of current operation: PENDING
15:49:28 INFO  State of current operation: PENDING
15:49:30 INFO  State of current operation: PENDING
15:49:32 INFO  State of current operation: PENDING
15:49:35 INFO  State of current operation: PENDING
15:49:37 INFO  State of current operation: PENDING
15:49:39 INFO  State of current operation: PENDING
15:49:41 INFO  State of current operation: PENDING
15:49:44 INFO  State of current operation: PENDING
15:49:46 INFO  State of current operation: PENDING
15:49:48 INFO  State of current operation: PENDING
15:49:50 INFO  State of current operation: PENDING
15:49:52 WARN  SystemError occurred while running test - Timeout while waiting for status FAILED or SUCCESSFUL
Traceback (most recent call last):
  File &quot;/home/pi/env-pysys/lib/python3.7/site-packages/pysys/baserunner.py&quot;, line 1292, in __call__
    self.testObj.setup()
  File &quot;/home/pi/actions-runner/_work/thin-edge.io/thin-edge.io/tests/PySys/software_management_end_to_end/sm_apt_install_remove_with_version/run.py&quot;, line 27, in setup
    super().setup()
  File &quot;/home/pi/actions-runner/_work/thin-edge.io/thin-edge.io/tests/PySys/software_management_end_to_end/environment_sm_management.py&quot;, line 151, in setup
    self.wait_until_end()
  File &quot;/home/pi/actions-runner/_work/thin-edge.io/thin-edge.io/tests/PySys/software_management_end_to_end/environment_sm_management.py&quot;, line 332, in wait_until_end
    self.wait_until_status(&quot;FAILED&quot;, &quot;SUCCESSFUL&quot;)
  File &quot;/home/pi/actions-runner/_work/thin-edge.io/thin-edge.io/tests/PySys/software_management_end_to_end/environment_sm_management.py&quot;, line 381, in wait_until_status
    &quot;Timeout while waiting for status %s or %s&quot; % (status, status2)
SystemError: Timeout while waiting for status FAILED or SUCCESSFUL
15:49:52 WARN  SystemError: Timeout while waiting for status FAILED or SUCCESSFUL ... blocked 
15:49:52 INFO  
15:49:52 INFO  cleanup:
15:49:56 INFO  Executed sudo&lt;tedge_disconnect_c8y&gt;, exit status 0
15:49:57 INFO  Executed systemctl&lt;serv_mapper5&gt;, exit status 3
15:49:57 INFO  
15:49:57 INFO  Test duration: 166.56 secs
15:49:57 INFO  Test final outcome:  BLOCKED
15:49:57 INFO  Test outcome reason: SystemError: Timeout while waiting for status FAILED or SUCCESSFUL
15:49:57 INFO  
</system-out>
	</testcase>
</testsuite>
