<?xml version="1.0" encoding="utf-8"?>
<testsuite failures="1" name="SoftwareManagement.sm_apt_install_remove_multiple" skipped="0" tests="1" time="180.76" timestamp="2022-07-22T04:35:51">
	<testcase classname="PySysTest" name="SoftwareManagement.sm_apt_install_remove_multiple">
		<failure message="FAILED: Assert that (False == value) with value=True" type="FAILED"/>
		<system-out>04:32:50 INFO  ==============================================================
04:32:50 INFO  Id:    SoftwareManagement.sm_apt_install_remove_multiple
04:32:50 INFO  Dir:   software_management_end_to_end/
04:32:50 INFO  Title: Validate end to end behaviour for the apt plugin for multiple packages
04:32:50 INFO  ==============================================================
04:32:50 INFO  Using sw id database: {'asciijump': '5475369', 'robotfindskitten': '5474869', 'squirrel3': '5475279', 'rolldice': '5152439', 'moon-buggy': '5439204', 'apple': '5495053', 'banana': '5494888', 'cherry': '5495382', 'watermelon': '5494510', 'registry': '8018911', 'hello-world': '8021526', 'docker/getting-started': '8021973', 'alpine': '7991792'}
04:32:50 INFO  EnvironmentC8y Setup
04:32:50 INFO  Executed systemctl&lt;serv_mapper1&gt;, exit status 3
04:32:51 INFO  Restarting mosquitto too frequently in the last 10 seconds. It was only up for 4 seconds
04:32:51 INFO  Delaying execution by 7 seconds
04:33:12 INFO  Executed sudo&lt;tedge_connect_c8y&gt;, exit status 0, duration 14 secs
04:33:12 INFO  Executed sudo&lt;tedge_connect_c8y_test&gt;, exit status 0
04:33:13 INFO  Executed systemctl&lt;serv_mosq2&gt;, exit status 0
04:33:13 INFO  Executed systemctl&lt;serv_mapper3&gt;, exit status 0
04:33:15 INFO  State of current operation: SUCCESSFUL
04:33:16 INFO  Assert that (False == value) with value=False ... passed
04:33:16 INFO  Assert that (False == value) with value=False ... passed
04:33:16 INFO  Assert that (False == value) with value=False ... passed
04:33:16 INFO  Package robotfindskitten is installed
04:33:16 WARN  Assert that (False == value) with value=True ... failed 
04:33:17 INFO  Response status: 201
04:33:17 INFO  Response to action: {
    &quot;creationTime&quot;: &quot;2022-07-22T04:33:17.058Z&quot;,
    &quot;deviceId&quot;: &quot;21231608&quot;,
    &quot;deviceName&quot;: &quot;m32sd10c&quot;,
    &quot;self&quot;: &quot;https://t493319102.eu-latest.cumulocity.com/devicecontrol/operations/21239056&quot;,
    &quot;id&quot;: &quot;21239056&quot;,
    &quot;status&quot;: &quot;PENDING&quot;,
    &quot;description&quot;: &quot;Apply software changes, triggered from PySys: [{'action': 'install', 'id': '5475369', 'name': 'asciijump', 'url': ' ', 'version': '::apt'}, {'action': 'install', 'id': '5474869', 'name': 'robotfindskitten', 'url': ' ', 'version': '::apt'}, {'action': 'install', 'id': '5475279', 'name': 'squirrel3', 'url': ' ', 'version': '::apt'}]&quot;,
    &quot;c8y_SoftwareUpdate&quot;: [
        {
            &quot;name&quot;: &quot;asciijump&quot;,
            &quot;action&quot;: &quot;install&quot;,
            &quot;id&quot;: &quot;5475369&quot;,
            &quot;version&quot;: &quot;::apt&quot;,
            &quot;url&quot;: &quot; &quot;
        },
        {
            &quot;name&quot;: &quot;robotfindskitten&quot;,
            &quot;action&quot;: &quot;install&quot;,
            &quot;id&quot;: &quot;5474869&quot;,
            &quot;version&quot;: &quot;::apt&quot;,
            &quot;url&quot;: &quot; &quot;
        },
        {
            &quot;name&quot;: &quot;squirrel3&quot;,
            &quot;action&quot;: &quot;install&quot;,
            &quot;id&quot;: &quot;5475279&quot;,
            &quot;version&quot;: &quot;::apt&quot;,
            &quot;url&quot;: &quot; &quot;
        }
    ]
}
04:33:17 INFO  Started operation: {'creationTime': '2022-07-22T04:33:17.058Z', 'deviceId': '21231608', 'deviceName': 'm32sd10c', 'self': 'https://t493319102.eu-latest.cumulocity.com/devicecontrol/operations/21239056', 'id': '21239056', 'status': 'PENDING', 'description': &quot;Apply software changes, triggered from PySys: [{'action': 'install', 'id': '5475369', 'name': 'asciijump', 'url': ' ', 'version': '::apt'}, {'action': 'install', 'id': '5474869', 'name': 'robotfindskitten', 'url': ' ', 'version': '::apt'}, {'action': 'install', 'id': '5475279', 'name': 'squirrel3', 'url': ' ', 'version': '::apt'}]&quot;, 'c8y_SoftwareUpdate': [{'name': 'asciijump', 'action': 'install', 'id': '5475369', 'version': '::apt', 'url': ' '}, {'name': 'robotfindskitten', 'action': 'install', 'id': '5474869', 'version': '::apt', 'url': ' '}, {'name': 'squirrel3', 'action': 'install', 'id': '5475279', 'version': '::apt', 'url': ' '}]}
04:33:19 INFO  State of operation 21239056 : PENDING
04:33:21 INFO  State of operation 21239056 : EXECUTING
04:33:23 INFO  State of operation 21239056 : EXECUTING
04:33:26 INFO  State of operation 21239056 : EXECUTING
04:33:28 INFO  State of operation 21239056 : EXECUTING
04:33:30 INFO  State of operation 21239056 : EXECUTING
04:33:33 INFO  State of operation 21239056 : EXECUTING
04:33:36 INFO  State of operation 21239056 : EXECUTING
04:33:38 INFO  State of operation 21239056 : EXECUTING
04:33:40 INFO  State of operation 21239056 : EXECUTING
04:33:43 INFO  State of operation 21239056 : EXECUTING
04:33:45 INFO  State of operation 21239056 : EXECUTING
04:33:47 INFO  State of operation 21239056 : EXECUTING
04:33:49 INFO  State of operation 21239056 : EXECUTING
04:33:52 INFO  State of operation 21239056 : EXECUTING
04:33:54 INFO  State of operation 21239056 : EXECUTING
04:33:56 INFO  State of operation 21239056 : EXECUTING
04:33:59 INFO  State of operation 21239056 : EXECUTING
04:34:01 INFO  State of operation 21239056 : EXECUTING
04:34:03 INFO  State of operation 21239056 : EXECUTING
04:34:06 INFO  State of operation 21239056 : EXECUTING
04:34:08 INFO  State of operation 21239056 : EXECUTING
04:34:11 INFO  State of operation 21239056 : EXECUTING
04:34:14 INFO  State of operation 21239056 : EXECUTING
04:34:16 INFO  State of operation 21239056 : EXECUTING
04:34:19 INFO  State of operation 21239056 : EXECUTING
04:34:21 INFO  State of operation 21239056 : EXECUTING
04:34:24 INFO  State of operation 21239056 : EXECUTING
04:34:26 INFO  State of operation 21239056 : EXECUTING
04:34:29 INFO  State of operation 21239056 : EXECUTING
04:34:31 INFO  State of operation 21239056 : EXECUTING
04:34:33 INFO  State of operation 21239056 : EXECUTING
04:34:35 INFO  State of operation 21239056 : EXECUTING
04:34:38 INFO  State of operation 21239056 : SUCCESSFUL
04:34:38 INFO  Assert that (False == value) with value=False ... passed
04:34:38 INFO  Package asciijump is installed
04:34:38 INFO  Assert that (True == value) with value=True ... passed
04:34:38 INFO  Package squirrel3 is installed
04:34:38 INFO  Assert that (True == value) with value=True ... passed
04:34:39 INFO  Package robotfindskitten is installed
04:34:39 INFO  Assert that (True == value) with value=True ... passed
04:34:39 INFO  Response status: 201
04:34:39 INFO  Response to action: {
    &quot;creationTime&quot;: &quot;2022-07-22T04:34:39.230Z&quot;,
    &quot;deviceId&quot;: &quot;21231608&quot;,
    &quot;deviceName&quot;: &quot;m32sd10c&quot;,
    &quot;self&quot;: &quot;https://t493319102.eu-latest.cumulocity.com/devicecontrol/operations/21239072&quot;,
    &quot;id&quot;: &quot;21239072&quot;,
    &quot;status&quot;: &quot;PENDING&quot;,
    &quot;description&quot;: &quot;Apply software changes, triggered from PySys: [{'action': 'delete', 'id': '5475369', 'name': 'asciijump', 'url': ' ', 'version': '::apt'}, {'action': 'delete', 'id': '5474869', 'name': 'robotfindskitten', 'url': ' ', 'version': '::apt'}, {'action': 'delete', 'id': '5475279', 'name': 'squirrel3', 'url': ' ', 'version': '::apt'}]&quot;,
    &quot;c8y_SoftwareUpdate&quot;: [
        {
            &quot;name&quot;: &quot;asciijump&quot;,
            &quot;action&quot;: &quot;delete&quot;,
            &quot;id&quot;: &quot;5475369&quot;,
            &quot;version&quot;: &quot;::apt&quot;,
            &quot;url&quot;: &quot; &quot;
        },
        {
            &quot;name&quot;: &quot;robotfindskitten&quot;,
            &quot;action&quot;: &quot;delete&quot;,
            &quot;id&quot;: &quot;5474869&quot;,
            &quot;version&quot;: &quot;::apt&quot;,
            &quot;url&quot;: &quot; &quot;
        },
        {
            &quot;name&quot;: &quot;squirrel3&quot;,
            &quot;action&quot;: &quot;delete&quot;,
            &quot;id&quot;: &quot;5475279&quot;,
            &quot;version&quot;: &quot;::apt&quot;,
            &quot;url&quot;: &quot; &quot;
        }
    ]
}
04:34:39 INFO  Started operation: {'creationTime': '2022-07-22T04:34:39.230Z', 'deviceId': '21231608', 'deviceName': 'm32sd10c', 'self': 'https://t493319102.eu-latest.cumulocity.com/devicecontrol/operations/21239072', 'id': '21239072', 'status': 'PENDING', 'description': &quot;Apply software changes, triggered from PySys: [{'action': 'delete', 'id': '5475369', 'name': 'asciijump', 'url': ' ', 'version': '::apt'}, {'action': 'delete', 'id': '5474869', 'name': 'robotfindskitten', 'url': ' ', 'version': '::apt'}, {'action': 'delete', 'id': '5475279', 'name': 'squirrel3', 'url': ' ', 'version': '::apt'}]&quot;, 'c8y_SoftwareUpdate': [{'name': 'asciijump', 'action': 'delete', 'id': '5475369', 'version': '::apt', 'url': ' '}, {'name': 'robotfindskitten', 'action': 'delete', 'id': '5474869', 'version': '::apt', 'url': ' '}, {'name': 'squirrel3', 'action': 'delete', 'id': '5475279', 'version': '::apt', 'url': ' '}]}
04:34:41 INFO  State of operation 21239072 : PENDING
04:34:43 INFO  State of operation 21239072 : EXECUTING
04:34:45 INFO  State of operation 21239072 : EXECUTING
04:34:48 INFO  State of operation 21239072 : EXECUTING
04:34:50 INFO  State of operation 21239072 : EXECUTING
04:34:52 INFO  State of operation 21239072 : EXECUTING
04:34:55 INFO  State of operation 21239072 : EXECUTING
04:34:58 INFO  State of operation 21239072 : EXECUTING
04:35:00 INFO  State of operation 21239072 : EXECUTING
04:35:03 INFO  State of operation 21239072 : EXECUTING
04:35:05 INFO  State of operation 21239072 : EXECUTING
04:35:07 INFO  State of operation 21239072 : EXECUTING
04:35:09 INFO  State of operation 21239072 : EXECUTING
04:35:12 INFO  State of operation 21239072 : EXECUTING
04:35:14 INFO  State of operation 21239072 : EXECUTING
04:35:17 INFO  State of operation 21239072 : EXECUTING
04:35:19 INFO  State of operation 21239072 : EXECUTING
04:35:22 INFO  State of operation 21239072 : EXECUTING
04:35:24 INFO  State of operation 21239072 : EXECUTING
04:35:27 INFO  State of operation 21239072 : EXECUTING
04:35:29 INFO  State of operation 21239072 : EXECUTING
04:35:31 INFO  State of operation 21239072 : EXECUTING
04:35:33 INFO  State of operation 21239072 : EXECUTING
04:35:36 INFO  State of operation 21239072 : EXECUTING
04:35:38 INFO  State of operation 21239072 : EXECUTING
04:35:41 INFO  State of operation 21239072 : EXECUTING
04:35:43 INFO  State of operation 21239072 : EXECUTING
04:35:45 INFO  State of operation 21239072 : SUCCESSFUL
04:35:45 INFO  Assert that (False == value) with value=False ... passed
04:35:46 INFO  Assert that (False == value) with value=False ... passed
04:35:46 INFO  Assert that (False == value) with value=False ... passed
04:35:46 INFO  Assert that (False == value) with value=False ... passed
04:35:46 INFO  
04:35:46 INFO  cleanup:
04:35:50 INFO  Executed sudo&lt;tedge_disconnect_c8y&gt;, exit status 0
04:35:51 INFO  Executed systemctl&lt;serv_mapper5&gt;, exit status 3
04:35:51 INFO  
04:35:51 INFO  Test duration: 180.76 secs
04:35:51 INFO  Test final outcome:  FAILED
04:35:51 INFO  Test outcome reason: Assert that (False == value) with value=True
04:35:51 INFO  
</system-out>
	</testcase>
</testsuite>
