<?xml version="1.0" encoding="utf-8"?>
<testsuite failures="0" name="apt_install" skipped="0" tests="1" time="64.85" timestamp="2022-07-25T15:21:04">
	<testcase classname="AptPluginInstallDense" name="apt_install"/>
</testsuite>
