<?xml version="1.0" encoding="utf-8"?>
<testsuite failures="1" name="SoftwareManagement.sm_apt_install_remove_multiple" skipped="0" tests="1" time="180.07" timestamp="2022-06-17T09:21:02">
	<testcase classname="PySysTest" name="SoftwareManagement.sm_apt_install_remove_multiple">
		<failure message="FAILED: Assert that (False == value) with value=True" type="FAILED"/>
		<system-out>09:18:02 INFO  ==============================================================
09:18:02 INFO  Id:    SoftwareManagement.sm_apt_install_remove_multiple
09:18:02 INFO  Dir:   software_management_end_to_end/
09:18:02 INFO  Title: Validate end to end behaviour for the apt plugin for multiple packages
09:18:02 INFO  ==============================================================
09:18:02 INFO  Using sw id database: {'asciijump': '5475369', 'robotfindskitten': '5474869', 'squirrel3': '5475279', 'rolldice': '5152439', 'moon-buggy': '5439204', 'apple': '5495053', 'banana': '5494888', 'cherry': '5495382', 'watermelon': '5494510', 'registry': '8018911', 'hello-world': '8021526', 'docker/getting-started': '8021973', 'alpine': '7991792'}
09:18:02 INFO  EnvironmentC8y Setup
09:18:03 INFO  Executed systemctl&lt;serv_mapper1&gt;, exit status 3
09:18:03 INFO  Restarting mosquitto too frequently in the last 10 seconds. It was only up for 5 seconds
09:18:03 INFO  Delaying execution by 6 seconds
09:18:23 INFO  Executed sudo&lt;tedge_connect_c8y&gt;, exit status 0, duration 13 secs
09:18:23 INFO  Executed sudo&lt;tedge_connect_c8y_test&gt;, exit status 0
09:18:24 INFO  Executed systemctl&lt;serv_mosq2&gt;, exit status 0
09:18:24 INFO  Executed systemctl&lt;serv_mapper3&gt;, exit status 0
09:18:27 INFO  State of current operation: SUCCESSFUL
09:18:27 INFO  Assert that (False == value) with value=False ... passed
09:18:27 INFO  Assert that (False == value) with value=False ... passed
09:18:27 INFO  Assert that (False == value) with value=False ... passed
09:18:28 INFO  Package robotfindskitten is installed
09:18:28 WARN  Assert that (False == value) with value=True ... failed 
09:18:28 INFO  Response status: 201
09:18:28 INFO  Response to action: {
    &quot;creationTime&quot;: &quot;2022-06-17T09:18:28.321Z&quot;,
    &quot;deviceName&quot;: &quot;m32sd10c&quot;,
    &quot;deviceId&quot;: &quot;20260753&quot;,
    &quot;self&quot;: &quot;https://t493319102.eu-latest.cumulocity.com/devicecontrol/operations/20282405&quot;,
    &quot;id&quot;: &quot;20282405&quot;,
    &quot;status&quot;: &quot;PENDING&quot;,
    &quot;description&quot;: &quot;Apply software changes, triggered from PySys: [{'action': 'install', 'id': '5475369', 'name': 'asciijump', 'url': ' ', 'version': '::apt'}, {'action': 'install', 'id': '5474869', 'name': 'robotfindskitten', 'url': ' ', 'version': '::apt'}, {'action': 'install', 'id': '5475279', 'name': 'squirrel3', 'url': ' ', 'version': '::apt'}]&quot;,
    &quot;c8y_SoftwareUpdate&quot;: [
        {
            &quot;name&quot;: &quot;asciijump&quot;,
            &quot;action&quot;: &quot;install&quot;,
            &quot;id&quot;: &quot;5475369&quot;,
            &quot;version&quot;: &quot;::apt&quot;,
            &quot;url&quot;: &quot; &quot;
        },
        {
            &quot;name&quot;: &quot;robotfindskitten&quot;,
            &quot;action&quot;: &quot;install&quot;,
            &quot;id&quot;: &quot;5474869&quot;,
            &quot;version&quot;: &quot;::apt&quot;,
            &quot;url&quot;: &quot; &quot;
        },
        {
            &quot;name&quot;: &quot;squirrel3&quot;,
            &quot;action&quot;: &quot;install&quot;,
            &quot;id&quot;: &quot;5475279&quot;,
            &quot;version&quot;: &quot;::apt&quot;,
            &quot;url&quot;: &quot; &quot;
        }
    ]
}
09:18:28 INFO  Started operation: {'creationTime': '2022-06-17T09:18:28.321Z', 'deviceName': 'm32sd10c', 'deviceId': '20260753', 'self': 'https://t493319102.eu-latest.cumulocity.com/devicecontrol/operations/20282405', 'id': '20282405', 'status': 'PENDING', 'description': &quot;Apply software changes, triggered from PySys: [{'action': 'install', 'id': '5475369', 'name': 'asciijump', 'url': ' ', 'version': '::apt'}, {'action': 'install', 'id': '5474869', 'name': 'robotfindskitten', 'url': ' ', 'version': '::apt'}, {'action': 'install', 'id': '5475279', 'name': 'squirrel3', 'url': ' ', 'version': '::apt'}]&quot;, 'c8y_SoftwareUpdate': [{'name': 'asciijump', 'action': 'install', 'id': '5475369', 'version': '::apt', 'url': ' '}, {'name': 'robotfindskitten', 'action': 'install', 'id': '5474869', 'version': '::apt', 'url': ' '}, {'name': 'squirrel3', 'action': 'install', 'id': '5475279', 'version': '::apt', 'url': ' '}]}
09:18:30 INFO  State of operation 20282405 : PENDING
09:18:32 INFO  State of operation 20282405 : EXECUTING
09:18:35 INFO  State of operation 20282405 : EXECUTING
09:18:37 INFO  State of operation 20282405 : EXECUTING
09:18:39 INFO  State of operation 20282405 : EXECUTING
09:18:41 INFO  State of operation 20282405 : EXECUTING
09:18:44 INFO  State of operation 20282405 : EXECUTING
09:18:47 INFO  State of operation 20282405 : EXECUTING
09:18:49 INFO  State of operation 20282405 : EXECUTING
09:18:52 INFO  State of operation 20282405 : EXECUTING
09:18:54 INFO  State of operation 20282405 : EXECUTING
09:18:56 INFO  State of operation 20282405 : EXECUTING
09:18:58 INFO  State of operation 20282405 : EXECUTING
09:19:00 INFO  State of operation 20282405 : EXECUTING
09:19:03 INFO  State of operation 20282405 : EXECUTING
09:19:05 INFO  State of operation 20282405 : EXECUTING
09:19:07 INFO  State of operation 20282405 : EXECUTING
09:19:10 INFO  State of operation 20282405 : EXECUTING
09:19:12 INFO  State of operation 20282405 : EXECUTING
09:19:15 INFO  State of operation 20282405 : EXECUTING
09:19:17 INFO  State of operation 20282405 : EXECUTING
09:19:19 INFO  State of operation 20282405 : EXECUTING
09:19:22 INFO  State of operation 20282405 : EXECUTING
09:19:24 INFO  State of operation 20282405 : EXECUTING
09:19:26 INFO  State of operation 20282405 : EXECUTING
09:19:29 INFO  State of operation 20282405 : EXECUTING
09:19:31 INFO  State of operation 20282405 : EXECUTING
09:19:33 INFO  State of operation 20282405 : EXECUTING
09:19:36 INFO  State of operation 20282405 : EXECUTING
09:19:38 INFO  State of operation 20282405 : EXECUTING
09:19:40 INFO  State of operation 20282405 : EXECUTING
09:19:43 INFO  State of operation 20282405 : EXECUTING
09:19:45 INFO  State of operation 20282405 : EXECUTING
09:19:47 INFO  State of operation 20282405 : EXECUTING
09:19:49 INFO  State of operation 20282405 : SUCCESSFUL
09:19:50 INFO  Assert that (False == value) with value=False ... passed
09:19:50 INFO  Package asciijump is installed
09:19:50 INFO  Assert that (True == value) with value=True ... passed
09:19:50 INFO  Package squirrel3 is installed
09:19:50 INFO  Assert that (True == value) with value=True ... passed
09:19:50 INFO  Package robotfindskitten is installed
09:19:50 INFO  Assert that (True == value) with value=True ... passed
09:19:51 INFO  Response status: 201
09:19:51 INFO  Response to action: {
    &quot;creationTime&quot;: &quot;2022-06-17T09:19:51.006Z&quot;,
    &quot;deviceName&quot;: &quot;m32sd10c&quot;,
    &quot;deviceId&quot;: &quot;20260753&quot;,
    &quot;self&quot;: &quot;https://t493319102.eu-latest.cumulocity.com/devicecontrol/operations/20282419&quot;,
    &quot;id&quot;: &quot;20282419&quot;,
    &quot;status&quot;: &quot;PENDING&quot;,
    &quot;description&quot;: &quot;Apply software changes, triggered from PySys: [{'action': 'delete', 'id': '5475369', 'name': 'asciijump', 'url': ' ', 'version': '::apt'}, {'action': 'delete', 'id': '5474869', 'name': 'robotfindskitten', 'url': ' ', 'version': '::apt'}, {'action': 'delete', 'id': '5475279', 'name': 'squirrel3', 'url': ' ', 'version': '::apt'}]&quot;,
    &quot;c8y_SoftwareUpdate&quot;: [
        {
            &quot;name&quot;: &quot;asciijump&quot;,
            &quot;action&quot;: &quot;delete&quot;,
            &quot;id&quot;: &quot;5475369&quot;,
            &quot;version&quot;: &quot;::apt&quot;,
            &quot;url&quot;: &quot; &quot;
        },
        {
            &quot;name&quot;: &quot;robotfindskitten&quot;,
            &quot;action&quot;: &quot;delete&quot;,
            &quot;id&quot;: &quot;5474869&quot;,
            &quot;version&quot;: &quot;::apt&quot;,
            &quot;url&quot;: &quot; &quot;
        },
        {
            &quot;name&quot;: &quot;squirrel3&quot;,
            &quot;action&quot;: &quot;delete&quot;,
            &quot;id&quot;: &quot;5475279&quot;,
            &quot;version&quot;: &quot;::apt&quot;,
            &quot;url&quot;: &quot; &quot;
        }
    ]
}
09:19:51 INFO  Started operation: {'creationTime': '2022-06-17T09:19:51.006Z', 'deviceName': 'm32sd10c', 'deviceId': '20260753', 'self': 'https://t493319102.eu-latest.cumulocity.com/devicecontrol/operations/20282419', 'id': '20282419', 'status': 'PENDING', 'description': &quot;Apply software changes, triggered from PySys: [{'action': 'delete', 'id': '5475369', 'name': 'asciijump', 'url': ' ', 'version': '::apt'}, {'action': 'delete', 'id': '5474869', 'name': 'robotfindskitten', 'url': ' ', 'version': '::apt'}, {'action': 'delete', 'id': '5475279', 'name': 'squirrel3', 'url': ' ', 'version': '::apt'}]&quot;, 'c8y_SoftwareUpdate': [{'name': 'asciijump', 'action': 'delete', 'id': '5475369', 'version': '::apt', 'url': ' '}, {'name': 'robotfindskitten', 'action': 'delete', 'id': '5474869', 'version': '::apt', 'url': ' '}, {'name': 'squirrel3', 'action': 'delete', 'id': '5475279', 'version': '::apt', 'url': ' '}]}
09:19:53 INFO  State of operation 20282419 : PENDING
09:19:55 INFO  State of operation 20282419 : EXECUTING
09:19:57 INFO  State of operation 20282419 : EXECUTING
09:19:59 INFO  State of operation 20282419 : EXECUTING
09:20:02 INFO  State of operation 20282419 : EXECUTING
09:20:04 INFO  State of operation 20282419 : EXECUTING
09:20:07 INFO  State of operation 20282419 : EXECUTING
09:20:10 INFO  State of operation 20282419 : EXECUTING
09:20:12 INFO  State of operation 20282419 : EXECUTING
09:20:14 INFO  State of operation 20282419 : EXECUTING
09:20:17 INFO  State of operation 20282419 : EXECUTING
09:20:19 INFO  State of operation 20282419 : EXECUTING
09:20:21 INFO  State of operation 20282419 : EXECUTING
09:20:23 INFO  State of operation 20282419 : EXECUTING
09:20:26 INFO  State of operation 20282419 : EXECUTING
09:20:28 INFO  State of operation 20282419 : EXECUTING
09:20:30 INFO  State of operation 20282419 : EXECUTING
09:20:33 INFO  State of operation 20282419 : EXECUTING
09:20:36 INFO  State of operation 20282419 : EXECUTING
09:20:38 INFO  State of operation 20282419 : EXECUTING
09:20:40 INFO  State of operation 20282419 : EXECUTING
09:20:42 INFO  State of operation 20282419 : EXECUTING
09:20:45 INFO  State of operation 20282419 : EXECUTING
09:20:47 INFO  State of operation 20282419 : EXECUTING
09:20:50 INFO  State of operation 20282419 : EXECUTING
09:20:52 INFO  State of operation 20282419 : EXECUTING
09:20:54 INFO  State of operation 20282419 : EXECUTING
09:20:57 INFO  State of operation 20282419 : SUCCESSFUL
09:20:57 INFO  Assert that (False == value) with value=False ... passed
09:20:57 INFO  Assert that (False == value) with value=False ... passed
09:20:57 INFO  Assert that (False == value) with value=False ... passed
09:20:57 INFO  Assert that (False == value) with value=False ... passed
09:20:57 INFO  
09:20:57 INFO  cleanup:
09:21:02 INFO  Executed sudo&lt;tedge_disconnect_c8y&gt;, exit status 0
09:21:02 INFO  Executed systemctl&lt;serv_mapper5&gt;, exit status 3
09:21:02 INFO  
09:21:02 INFO  Test duration: 180.07 secs
09:21:02 INFO  Test final outcome:  FAILED
09:21:02 INFO  Test outcome reason: Assert that (False == value) with value=True
09:21:02 INFO  
</system-out>
	</testcase>
</testsuite>
