<?xml version="1.0" encoding="utf-8"?>
<testsuite failures="1" name="SoftwareManagement.sm_apt_install_remove_multiple" skipped="0" tests="1" time="179.76" timestamp="2022-07-22T08:09:28">
	<testcase classname="PySysTest" name="SoftwareManagement.sm_apt_install_remove_multiple">
		<failure message="FAILED: Assert that (False == value) with value=True" type="FAILED"/>
		<system-out>08:06:28 INFO  ==============================================================
08:06:28 INFO  Id:    SoftwareManagement.sm_apt_install_remove_multiple
08:06:28 INFO  Dir:   software_management_end_to_end/
08:06:28 INFO  Title: Validate end to end behaviour for the apt plugin for multiple packages
08:06:28 INFO  ==============================================================
08:06:28 INFO  Using sw id database: {'asciijump': '5475369', 'robotfindskitten': '5474869', 'squirrel3': '5475279', 'rolldice': '5152439', 'moon-buggy': '5439204', 'apple': '5495053', 'banana': '5494888', 'cherry': '5495382', 'watermelon': '5494510', 'registry': '8018911', 'hello-world': '8021526', 'docker/getting-started': '8021973', 'alpine': '7991792'}
08:06:28 INFO  EnvironmentC8y Setup
08:06:29 INFO  Executed systemctl&lt;serv_mapper1&gt;, exit status 3
08:06:29 INFO  Restarting mosquitto too frequently in the last 10 seconds. It was only up for 5 seconds
08:06:29 INFO  Delaying execution by 6 seconds
08:06:49 INFO  Executed sudo&lt;tedge_connect_c8y&gt;, exit status 0, duration 14 secs
08:06:50 INFO  Executed sudo&lt;tedge_connect_c8y_test&gt;, exit status 0
08:06:50 INFO  Executed systemctl&lt;serv_mosq2&gt;, exit status 0
08:06:51 INFO  Executed systemctl&lt;serv_mapper3&gt;, exit status 0
08:06:53 INFO  State of current operation: SUCCESSFUL
08:06:53 INFO  Assert that (False == value) with value=False ... passed
08:06:53 INFO  Assert that (False == value) with value=False ... passed
08:06:54 INFO  Assert that (False == value) with value=False ... passed
08:06:54 INFO  Package robotfindskitten is installed
08:06:54 WARN  Assert that (False == value) with value=True ... failed 
08:06:54 INFO  Response status: 201
08:06:54 INFO  Response to action: {
    &quot;creationTime&quot;: &quot;2022-07-22T08:06:54.448Z&quot;,
    &quot;deviceId&quot;: &quot;21231608&quot;,
    &quot;deviceName&quot;: &quot;m32sd10c&quot;,
    &quot;self&quot;: &quot;https://t493319102.eu-latest.cumulocity.com/devicecontrol/operations/21261040&quot;,
    &quot;id&quot;: &quot;21261040&quot;,
    &quot;status&quot;: &quot;PENDING&quot;,
    &quot;description&quot;: &quot;Apply software changes, triggered from PySys: [{'action': 'install', 'id': '5475369', 'name': 'asciijump', 'url': ' ', 'version': '::apt'}, {'action': 'install', 'id': '5474869', 'name': 'robotfindskitten', 'url': ' ', 'version': '::apt'}, {'action': 'install', 'id': '5475279', 'name': 'squirrel3', 'url': ' ', 'version': '::apt'}]&quot;,
    &quot;c8y_SoftwareUpdate&quot;: [
        {
            &quot;name&quot;: &quot;asciijump&quot;,
            &quot;action&quot;: &quot;install&quot;,
            &quot;id&quot;: &quot;5475369&quot;,
            &quot;version&quot;: &quot;::apt&quot;,
            &quot;url&quot;: &quot; &quot;
        },
        {
            &quot;name&quot;: &quot;robotfindskitten&quot;,
            &quot;action&quot;: &quot;install&quot;,
            &quot;id&quot;: &quot;5474869&quot;,
            &quot;version&quot;: &quot;::apt&quot;,
            &quot;url&quot;: &quot; &quot;
        },
        {
            &quot;name&quot;: &quot;squirrel3&quot;,
            &quot;action&quot;: &quot;install&quot;,
            &quot;id&quot;: &quot;5475279&quot;,
            &quot;version&quot;: &quot;::apt&quot;,
            &quot;url&quot;: &quot; &quot;
        }
    ]
}
08:06:54 INFO  Started operation: {'creationTime': '2022-07-22T08:06:54.448Z', 'deviceId': '21231608', 'deviceName': 'm32sd10c', 'self': 'https://t493319102.eu-latest.cumulocity.com/devicecontrol/operations/21261040', 'id': '21261040', 'status': 'PENDING', 'description': &quot;Apply software changes, triggered from PySys: [{'action': 'install', 'id': '5475369', 'name': 'asciijump', 'url': ' ', 'version': '::apt'}, {'action': 'install', 'id': '5474869', 'name': 'robotfindskitten', 'url': ' ', 'version': '::apt'}, {'action': 'install', 'id': '5475279', 'name': 'squirrel3', 'url': ' ', 'version': '::apt'}]&quot;, 'c8y_SoftwareUpdate': [{'name': 'asciijump', 'action': 'install', 'id': '5475369', 'version': '::apt', 'url': ' '}, {'name': 'robotfindskitten', 'action': 'install', 'id': '5474869', 'version': '::apt', 'url': ' '}, {'name': 'squirrel3', 'action': 'install', 'id': '5475279', 'version': '::apt', 'url': ' '}]}
08:06:56 INFO  State of operation 21261040 : PENDING
08:06:58 INFO  State of operation 21261040 : EXECUTING
08:07:01 INFO  State of operation 21261040 : EXECUTING
08:07:03 INFO  State of operation 21261040 : EXECUTING
08:07:05 INFO  State of operation 21261040 : EXECUTING
08:07:07 INFO  State of operation 21261040 : EXECUTING
08:07:10 INFO  State of operation 21261040 : EXECUTING
08:07:13 INFO  State of operation 21261040 : EXECUTING
08:07:15 INFO  State of operation 21261040 : EXECUTING
08:07:18 INFO  State of operation 21261040 : EXECUTING
08:07:20 INFO  State of operation 21261040 : EXECUTING
08:07:22 INFO  State of operation 21261040 : EXECUTING
08:07:24 INFO  State of operation 21261040 : EXECUTING
08:07:27 INFO  State of operation 21261040 : EXECUTING
08:07:29 INFO  State of operation 21261040 : EXECUTING
08:07:31 INFO  State of operation 21261040 : EXECUTING
08:07:34 INFO  State of operation 21261040 : EXECUTING
08:07:36 INFO  State of operation 21261040 : EXECUTING
08:07:39 INFO  State of operation 21261040 : EXECUTING
08:07:41 INFO  State of operation 21261040 : EXECUTING
08:07:43 INFO  State of operation 21261040 : EXECUTING
08:07:46 INFO  State of operation 21261040 : EXECUTING
08:07:48 INFO  State of operation 21261040 : EXECUTING
08:07:50 INFO  State of operation 21261040 : EXECUTING
08:07:53 INFO  State of operation 21261040 : EXECUTING
08:07:55 INFO  State of operation 21261040 : EXECUTING
08:07:57 INFO  State of operation 21261040 : EXECUTING
08:08:00 INFO  State of operation 21261040 : EXECUTING
08:08:02 INFO  State of operation 21261040 : EXECUTING
08:08:04 INFO  State of operation 21261040 : EXECUTING
08:08:07 INFO  State of operation 21261040 : EXECUTING
08:08:09 INFO  State of operation 21261040 : EXECUTING
08:08:11 INFO  State of operation 21261040 : EXECUTING
08:08:13 INFO  State of operation 21261040 : EXECUTING
08:08:15 INFO  State of operation 21261040 : SUCCESSFUL
08:08:16 INFO  Assert that (False == value) with value=False ... passed
08:08:16 INFO  Package asciijump is installed
08:08:16 INFO  Assert that (True == value) with value=True ... passed
08:08:16 INFO  Package squirrel3 is installed
08:08:16 INFO  Assert that (True == value) with value=True ... passed
08:08:16 INFO  Package robotfindskitten is installed
08:08:16 INFO  Assert that (True == value) with value=True ... passed
08:08:17 INFO  Response status: 201
08:08:17 INFO  Response to action: {
    &quot;creationTime&quot;: &quot;2022-07-22T08:08:17.098Z&quot;,
    &quot;deviceId&quot;: &quot;21231608&quot;,
    &quot;deviceName&quot;: &quot;m32sd10c&quot;,
    &quot;self&quot;: &quot;https://t493319102.eu-latest.cumulocity.com/devicecontrol/operations/21261052&quot;,
    &quot;id&quot;: &quot;21261052&quot;,
    &quot;status&quot;: &quot;PENDING&quot;,
    &quot;description&quot;: &quot;Apply software changes, triggered from PySys: [{'action': 'delete', 'id': '5475369', 'name': 'asciijump', 'url': ' ', 'version': '::apt'}, {'action': 'delete', 'id': '5474869', 'name': 'robotfindskitten', 'url': ' ', 'version': '::apt'}, {'action': 'delete', 'id': '5475279', 'name': 'squirrel3', 'url': ' ', 'version': '::apt'}]&quot;,
    &quot;c8y_SoftwareUpdate&quot;: [
        {
            &quot;name&quot;: &quot;asciijump&quot;,
            &quot;action&quot;: &quot;delete&quot;,
            &quot;id&quot;: &quot;5475369&quot;,
            &quot;version&quot;: &quot;::apt&quot;,
            &quot;url&quot;: &quot; &quot;
        },
        {
            &quot;name&quot;: &quot;robotfindskitten&quot;,
            &quot;action&quot;: &quot;delete&quot;,
            &quot;id&quot;: &quot;5474869&quot;,
            &quot;version&quot;: &quot;::apt&quot;,
            &quot;url&quot;: &quot; &quot;
        },
        {
            &quot;name&quot;: &quot;squirrel3&quot;,
            &quot;action&quot;: &quot;delete&quot;,
            &quot;id&quot;: &quot;5475279&quot;,
            &quot;version&quot;: &quot;::apt&quot;,
            &quot;url&quot;: &quot; &quot;
        }
    ]
}
08:08:17 INFO  Started operation: {'creationTime': '2022-07-22T08:08:17.098Z', 'deviceId': '21231608', 'deviceName': 'm32sd10c', 'self': 'https://t493319102.eu-latest.cumulocity.com/devicecontrol/operations/21261052', 'id': '21261052', 'status': 'PENDING', 'description': &quot;Apply software changes, triggered from PySys: [{'action': 'delete', 'id': '5475369', 'name': 'asciijump', 'url': ' ', 'version': '::apt'}, {'action': 'delete', 'id': '5474869', 'name': 'robotfindskitten', 'url': ' ', 'version': '::apt'}, {'action': 'delete', 'id': '5475279', 'name': 'squirrel3', 'url': ' ', 'version': '::apt'}]&quot;, 'c8y_SoftwareUpdate': [{'name': 'asciijump', 'action': 'delete', 'id': '5475369', 'version': '::apt', 'url': ' '}, {'name': 'robotfindskitten', 'action': 'delete', 'id': '5474869', 'version': '::apt', 'url': ' '}, {'name': 'squirrel3', 'action': 'delete', 'id': '5475279', 'version': '::apt', 'url': ' '}]}
08:08:19 INFO  State of operation 21261052 : PENDING
08:08:21 INFO  State of operation 21261052 : EXECUTING
08:08:23 INFO  State of operation 21261052 : EXECUTING
08:08:26 INFO  State of operation 21261052 : EXECUTING
08:08:28 INFO  State of operation 21261052 : EXECUTING
08:08:30 INFO  State of operation 21261052 : EXECUTING
08:08:33 INFO  State of operation 21261052 : EXECUTING
08:08:36 INFO  State of operation 21261052 : EXECUTING
08:08:38 INFO  State of operation 21261052 : EXECUTING
08:08:40 INFO  State of operation 21261052 : EXECUTING
08:08:43 INFO  State of operation 21261052 : EXECUTING
08:08:45 INFO  State of operation 21261052 : EXECUTING
08:08:47 INFO  State of operation 21261052 : EXECUTING
08:08:49 INFO  State of operation 21261052 : EXECUTING
08:08:52 INFO  State of operation 21261052 : EXECUTING
08:08:54 INFO  State of operation 21261052 : EXECUTING
08:08:56 INFO  State of operation 21261052 : EXECUTING
08:08:59 INFO  State of operation 21261052 : EXECUTING
08:09:01 INFO  State of operation 21261052 : EXECUTING
08:09:04 INFO  State of operation 21261052 : EXECUTING
08:09:06 INFO  State of operation 21261052 : EXECUTING
08:09:08 INFO  State of operation 21261052 : EXECUTING
08:09:10 INFO  State of operation 21261052 : EXECUTING
08:09:13 INFO  State of operation 21261052 : EXECUTING
08:09:15 INFO  State of operation 21261052 : EXECUTING
08:09:18 INFO  State of operation 21261052 : EXECUTING
08:09:20 INFO  State of operation 21261052 : EXECUTING
08:09:22 INFO  State of operation 21261052 : SUCCESSFUL
08:09:23 INFO  Assert that (False == value) with value=False ... passed
08:09:23 INFO  Assert that (False == value) with value=False ... passed
08:09:23 INFO  Assert that (False == value) with value=False ... passed
08:09:23 INFO  Assert that (False == value) with value=False ... passed
08:09:23 INFO  
08:09:23 INFO  cleanup:
08:09:27 INFO  Executed sudo&lt;tedge_disconnect_c8y&gt;, exit status 0
08:09:28 INFO  Executed systemctl&lt;serv_mapper5&gt;, exit status 3
08:09:28 INFO  
08:09:28 INFO  Test duration: 179.76 secs
08:09:28 INFO  Test final outcome:  FAILED
08:09:28 INFO  Test outcome reason: Assert that (False == value) with value=True
08:09:28 INFO  
</system-out>
	</testcase>
</testsuite>
