<?xml version="1.0" encoding="utf-8"?>
<testsuite failures="1" name="SoftwareManagement.sm_apt_install_remove_multiple" skipped="0" tests="1" time="179.03" timestamp="2022-07-25T14:17:22">
	<testcase classname="PySysTest" name="SoftwareManagement.sm_apt_install_remove_multiple">
		<failure message="FAILED: Assert that (False == value) with value=True" type="FAILED"/>
		<system-out>14:14:23 INFO  ==============================================================
14:14:23 INFO  Id:    SoftwareManagement.sm_apt_install_remove_multiple
14:14:23 INFO  Dir:   software_management_end_to_end/
14:14:23 INFO  Title: Validate end to end behaviour for the apt plugin for multiple packages
14:14:23 INFO  ==============================================================
14:14:23 INFO  Using sw id database: {'asciijump': '5475369', 'robotfindskitten': '5474869', 'squirrel3': '5475279', 'rolldice': '5152439', 'moon-buggy': '5439204', 'apple': '5495053', 'banana': '5494888', 'cherry': '5495382', 'watermelon': '5494510', 'registry': '8018911', 'hello-world': '8021526', 'docker/getting-started': '8021973', 'alpine': '7991792'}
14:14:23 INFO  EnvironmentC8y Setup
14:14:24 INFO  Executed systemctl&lt;serv_mapper1&gt;, exit status 3
14:14:24 INFO  Restarting mosquitto too frequently in the last 10 seconds. It was only up for 5 seconds
14:14:24 INFO  Delaying execution by 6 seconds
14:14:44 INFO  Executed sudo&lt;tedge_connect_c8y&gt;, exit status 0, duration 14 secs
14:14:45 INFO  Executed sudo&lt;tedge_connect_c8y_test&gt;, exit status 0
14:14:46 INFO  Executed systemctl&lt;serv_mosq2&gt;, exit status 0
14:14:46 INFO  Executed systemctl&lt;serv_mapper3&gt;, exit status 0
14:14:48 INFO  State of current operation: SUCCESSFUL
14:14:49 INFO  Assert that (False == value) with value=False ... passed
14:14:49 INFO  Assert that (False == value) with value=False ... passed
14:14:49 INFO  Assert that (False == value) with value=False ... passed
14:14:49 INFO  Package robotfindskitten is installed
14:14:49 WARN  Assert that (False == value) with value=True ... failed 
14:14:49 INFO  Response status: 201
14:14:49 INFO  Response to action: {
    &quot;creationTime&quot;: &quot;2022-07-25T14:14:49.900Z&quot;,
    &quot;deviceId&quot;: &quot;21389727&quot;,
    &quot;deviceName&quot;: &quot;m32sd10c&quot;,
    &quot;self&quot;: &quot;https://t493319102.eu-latest.cumulocity.com/devicecontrol/operations/21402402&quot;,
    &quot;id&quot;: &quot;21402402&quot;,
    &quot;status&quot;: &quot;PENDING&quot;,
    &quot;description&quot;: &quot;Apply software changes, triggered from PySys: [{'action': 'install', 'id': '5475369', 'name': 'asciijump', 'url': ' ', 'version': '::apt'}, {'action': 'install', 'id': '5474869', 'name': 'robotfindskitten', 'url': ' ', 'version': '::apt'}, {'action': 'install', 'id': '5475279', 'name': 'squirrel3', 'url': ' ', 'version': '::apt'}]&quot;,
    &quot;c8y_SoftwareUpdate&quot;: [
        {
            &quot;name&quot;: &quot;asciijump&quot;,
            &quot;action&quot;: &quot;install&quot;,
            &quot;id&quot;: &quot;5475369&quot;,
            &quot;version&quot;: &quot;::apt&quot;,
            &quot;url&quot;: &quot; &quot;
        },
        {
            &quot;name&quot;: &quot;robotfindskitten&quot;,
            &quot;action&quot;: &quot;install&quot;,
            &quot;id&quot;: &quot;5474869&quot;,
            &quot;version&quot;: &quot;::apt&quot;,
            &quot;url&quot;: &quot; &quot;
        },
        {
            &quot;name&quot;: &quot;squirrel3&quot;,
            &quot;action&quot;: &quot;install&quot;,
            &quot;id&quot;: &quot;5475279&quot;,
            &quot;version&quot;: &quot;::apt&quot;,
            &quot;url&quot;: &quot; &quot;
        }
    ]
}
14:14:49 INFO  Started operation: {'creationTime': '2022-07-25T14:14:49.900Z', 'deviceId': '21389727', 'deviceName': 'm32sd10c', 'self': 'https://t493319102.eu-latest.cumulocity.com/devicecontrol/operations/21402402', 'id': '21402402', 'status': 'PENDING', 'description': &quot;Apply software changes, triggered from PySys: [{'action': 'install', 'id': '5475369', 'name': 'asciijump', 'url': ' ', 'version': '::apt'}, {'action': 'install', 'id': '5474869', 'name': 'robotfindskitten', 'url': ' ', 'version': '::apt'}, {'action': 'install', 'id': '5475279', 'name': 'squirrel3', 'url': ' ', 'version': '::apt'}]&quot;, 'c8y_SoftwareUpdate': [{'name': 'asciijump', 'action': 'install', 'id': '5475369', 'version': '::apt', 'url': ' '}, {'name': 'robotfindskitten', 'action': 'install', 'id': '5474869', 'version': '::apt', 'url': ' '}, {'name': 'squirrel3', 'action': 'install', 'id': '5475279', 'version': '::apt', 'url': ' '}]}
14:14:52 INFO  State of operation 21402402 : PENDING
14:14:54 INFO  State of operation 21402402 : EXECUTING
14:14:56 INFO  State of operation 21402402 : EXECUTING
14:14:58 INFO  State of operation 21402402 : EXECUTING
14:15:01 INFO  State of operation 21402402 : EXECUTING
14:15:03 INFO  State of operation 21402402 : EXECUTING
14:15:06 INFO  State of operation 21402402 : EXECUTING
14:15:08 INFO  State of operation 21402402 : EXECUTING
14:15:11 INFO  State of operation 21402402 : EXECUTING
14:15:13 INFO  State of operation 21402402 : EXECUTING
14:15:15 INFO  State of operation 21402402 : EXECUTING
14:15:18 INFO  State of operation 21402402 : EXECUTING
14:15:20 INFO  State of operation 21402402 : EXECUTING
14:15:22 INFO  State of operation 21402402 : EXECUTING
14:15:24 INFO  State of operation 21402402 : EXECUTING
14:15:27 INFO  State of operation 21402402 : EXECUTING
14:15:29 INFO  State of operation 21402402 : EXECUTING
14:15:32 INFO  State of operation 21402402 : EXECUTING
14:15:34 INFO  State of operation 21402402 : EXECUTING
14:15:36 INFO  State of operation 21402402 : EXECUTING
14:15:38 INFO  State of operation 21402402 : EXECUTING
14:15:41 INFO  State of operation 21402402 : EXECUTING
14:15:43 INFO  State of operation 21402402 : EXECUTING
14:15:46 INFO  State of operation 21402402 : EXECUTING
14:15:49 INFO  State of operation 21402402 : EXECUTING
14:15:51 INFO  State of operation 21402402 : EXECUTING
14:15:54 INFO  State of operation 21402402 : EXECUTING
14:15:57 INFO  State of operation 21402402 : EXECUTING
14:15:59 INFO  State of operation 21402402 : EXECUTING
14:16:01 INFO  State of operation 21402402 : EXECUTING
14:16:03 INFO  State of operation 21402402 : EXECUTING
14:16:06 INFO  State of operation 21402402 : EXECUTING
14:16:08 INFO  State of operation 21402402 : EXECUTING
14:16:10 INFO  State of operation 21402402 : SUCCESSFUL
14:16:10 INFO  Assert that (False == value) with value=False ... passed
14:16:11 INFO  Package asciijump is installed
14:16:11 INFO  Assert that (True == value) with value=True ... passed
14:16:11 INFO  Package squirrel3 is installed
14:16:11 INFO  Assert that (True == value) with value=True ... passed
14:16:11 INFO  Package robotfindskitten is installed
14:16:11 INFO  Assert that (True == value) with value=True ... passed
14:16:11 INFO  Response status: 201
14:16:11 INFO  Response to action: {
    &quot;creationTime&quot;: &quot;2022-07-25T14:16:11.702Z&quot;,
    &quot;deviceId&quot;: &quot;21389727&quot;,
    &quot;deviceName&quot;: &quot;m32sd10c&quot;,
    &quot;self&quot;: &quot;https://t493319102.eu-latest.cumulocity.com/devicecontrol/operations/21402410&quot;,
    &quot;id&quot;: &quot;21402410&quot;,
    &quot;status&quot;: &quot;PENDING&quot;,
    &quot;description&quot;: &quot;Apply software changes, triggered from PySys: [{'action': 'delete', 'id': '5475369', 'name': 'asciijump', 'url': ' ', 'version': '::apt'}, {'action': 'delete', 'id': '5474869', 'name': 'robotfindskitten', 'url': ' ', 'version': '::apt'}, {'action': 'delete', 'id': '5475279', 'name': 'squirrel3', 'url': ' ', 'version': '::apt'}]&quot;,
    &quot;c8y_SoftwareUpdate&quot;: [
        {
            &quot;name&quot;: &quot;asciijump&quot;,
            &quot;action&quot;: &quot;delete&quot;,
            &quot;id&quot;: &quot;5475369&quot;,
            &quot;version&quot;: &quot;::apt&quot;,
            &quot;url&quot;: &quot; &quot;
        },
        {
            &quot;name&quot;: &quot;robotfindskitten&quot;,
            &quot;action&quot;: &quot;delete&quot;,
            &quot;id&quot;: &quot;5474869&quot;,
            &quot;version&quot;: &quot;::apt&quot;,
            &quot;url&quot;: &quot; &quot;
        },
        {
            &quot;name&quot;: &quot;squirrel3&quot;,
            &quot;action&quot;: &quot;delete&quot;,
            &quot;id&quot;: &quot;5475279&quot;,
            &quot;version&quot;: &quot;::apt&quot;,
            &quot;url&quot;: &quot; &quot;
        }
    ]
}
14:16:11 INFO  Started operation: {'creationTime': '2022-07-25T14:16:11.702Z', 'deviceId': '21389727', 'deviceName': 'm32sd10c', 'self': 'https://t493319102.eu-latest.cumulocity.com/devicecontrol/operations/21402410', 'id': '21402410', 'status': 'PENDING', 'description': &quot;Apply software changes, triggered from PySys: [{'action': 'delete', 'id': '5475369', 'name': 'asciijump', 'url': ' ', 'version': '::apt'}, {'action': 'delete', 'id': '5474869', 'name': 'robotfindskitten', 'url': ' ', 'version': '::apt'}, {'action': 'delete', 'id': '5475279', 'name': 'squirrel3', 'url': ' ', 'version': '::apt'}]&quot;, 'c8y_SoftwareUpdate': [{'name': 'asciijump', 'action': 'delete', 'id': '5475369', 'version': '::apt', 'url': ' '}, {'name': 'robotfindskitten', 'action': 'delete', 'id': '5474869', 'version': '::apt', 'url': ' '}, {'name': 'squirrel3', 'action': 'delete', 'id': '5475279', 'version': '::apt', 'url': ' '}]}
14:16:13 INFO  State of operation 21402410 : PENDING
14:16:16 INFO  State of operation 21402410 : EXECUTING
14:16:18 INFO  State of operation 21402410 : EXECUTING
14:16:20 INFO  State of operation 21402410 : EXECUTING
14:16:22 INFO  State of operation 21402410 : EXECUTING
14:16:25 INFO  State of operation 21402410 : EXECUTING
14:16:27 INFO  State of operation 21402410 : EXECUTING
14:16:30 INFO  State of operation 21402410 : EXECUTING
14:16:33 INFO  State of operation 21402410 : EXECUTING
14:16:35 INFO  State of operation 21402410 : EXECUTING
14:16:37 INFO  State of operation 21402410 : EXECUTING
14:16:39 INFO  State of operation 21402410 : EXECUTING
14:16:42 INFO  State of operation 21402410 : EXECUTING
14:16:44 INFO  State of operation 21402410 : EXECUTING
14:16:46 INFO  State of operation 21402410 : EXECUTING
14:16:49 INFO  State of operation 21402410 : EXECUTING
14:16:51 INFO  State of operation 21402410 : EXECUTING
14:16:54 INFO  State of operation 21402410 : EXECUTING
14:16:56 INFO  State of operation 21402410 : EXECUTING
14:16:58 INFO  State of operation 21402410 : EXECUTING
14:17:01 INFO  State of operation 21402410 : EXECUTING
14:17:03 INFO  State of operation 21402410 : EXECUTING
14:17:05 INFO  State of operation 21402410 : EXECUTING
14:17:07 INFO  State of operation 21402410 : EXECUTING
14:17:10 INFO  State of operation 21402410 : EXECUTING
14:17:12 INFO  State of operation 21402410 : EXECUTING
14:17:15 INFO  State of operation 21402410 : EXECUTING
14:17:17 INFO  State of operation 21402410 : SUCCESSFUL
14:17:17 INFO  Assert that (False == value) with value=False ... passed
14:17:17 INFO  Assert that (False == value) with value=False ... passed
14:17:17 INFO  Assert that (False == value) with value=False ... passed
14:17:18 INFO  Assert that (False == value) with value=False ... passed
14:17:18 INFO  
14:17:18 INFO  cleanup:
14:17:22 INFO  Executed sudo&lt;tedge_disconnect_c8y&gt;, exit status 0
14:17:22 INFO  Executed systemctl&lt;serv_mapper5&gt;, exit status 3
14:17:22 INFO  
14:17:22 INFO  Test duration: 179.03 secs
14:17:22 INFO  Test final outcome:  FAILED
14:17:22 INFO  Test outcome reason: Assert that (False == value) with value=True
14:17:22 INFO  
</system-out>
	</testcase>
</testsuite>
