<?xml version="1.0" encoding="utf-8"?>
<testsuite failures="1" name="SoftwareManagement.sm_apt_install_remove_multiple_mixed" skipped="0" tests="1" time="165.63" timestamp="2022-07-22T02:48:07">
	<testcase classname="PySysTest" name="SoftwareManagement.sm_apt_install_remove_multiple_mixed">
		<failure message="BLOCKED: SystemError: Timeout while waiting for status FAILED or SUCCESSFUL" type="BLOCKED"/>
		<system-out>02:45:21 INFO  ==============================================================
02:45:21 INFO  Id:    SoftwareManagement.sm_apt_install_remove_multiple_mixed
02:45:21 INFO  Dir:   software_management_end_to_end/
02:45:21 INFO  Title: Validate end to end behaviour for the apt plugin for multiple packages with mixed versions
02:45:21 INFO  ==============================================================
02:45:21 INFO  Using sw id database: {'asciijump': '5475369', 'robotfindskitten': '5474869', 'squirrel3': '5475279', 'rolldice': '5152439', 'moon-buggy': '5439204', 'apple': '5495053', 'banana': '5494888', 'cherry': '5495382', 'watermelon': '5494510', 'registry': '8018911', 'hello-world': '8021526', 'docker/getting-started': '8021973', 'alpine': '7991792'}
02:45:21 INFO  EnvironmentC8y Setup
02:45:21 INFO  Executed systemctl&lt;serv_mapper1&gt;, exit status 3
02:45:22 INFO  Restarting mosquitto too frequently in the last 10 seconds. It was only up for 4 seconds
02:45:22 INFO  Delaying execution by 7 seconds
02:45:43 INFO  Executed sudo&lt;tedge_connect_c8y&gt;, exit status 0, duration 14 secs
02:45:43 INFO  Executed sudo&lt;tedge_connect_c8y_test&gt;, exit status 0
02:45:44 INFO  Executed systemctl&lt;serv_mosq2&gt;, exit status 0
02:45:44 INFO  Executed systemctl&lt;serv_mapper3&gt;, exit status 0
02:45:47 INFO  State of current operation: EXECUTING
02:45:49 INFO  State of current operation: EXECUTING
02:45:51 INFO  State of current operation: EXECUTING
02:45:53 INFO  State of current operation: EXECUTING
02:45:55 INFO  State of current operation: EXECUTING
02:45:58 INFO  State of current operation: EXECUTING
02:46:00 INFO  State of current operation: EXECUTING
02:46:02 INFO  State of current operation: EXECUTING
02:46:04 INFO  State of current operation: EXECUTING
02:46:07 INFO  State of current operation: EXECUTING
02:46:09 INFO  State of current operation: EXECUTING
02:46:11 INFO  State of current operation: EXECUTING
02:46:13 INFO  State of current operation: EXECUTING
02:46:15 INFO  State of current operation: EXECUTING
02:46:18 INFO  State of current operation: EXECUTING
02:46:20 INFO  State of current operation: EXECUTING
02:46:22 INFO  State of current operation: EXECUTING
02:46:24 INFO  State of current operation: EXECUTING
02:46:27 INFO  State of current operation: EXECUTING
02:46:29 INFO  State of current operation: EXECUTING
02:46:31 INFO  State of current operation: EXECUTING
02:46:33 INFO  State of current operation: EXECUTING
02:46:35 INFO  State of current operation: EXECUTING
02:46:38 INFO  State of current operation: EXECUTING
02:46:40 INFO  State of current operation: EXECUTING
02:46:42 INFO  State of current operation: EXECUTING
02:46:44 INFO  State of current operation: EXECUTING
02:46:47 INFO  State of current operation: EXECUTING
02:46:49 INFO  State of current operation: EXECUTING
02:46:51 INFO  State of current operation: EXECUTING
02:46:53 INFO  State of current operation: EXECUTING
02:46:55 INFO  State of current operation: EXECUTING
02:46:58 INFO  State of current operation: EXECUTING
02:47:00 INFO  State of current operation: EXECUTING
02:47:02 INFO  State of current operation: EXECUTING
02:47:04 INFO  State of current operation: EXECUTING
02:47:06 INFO  State of current operation: EXECUTING
02:47:09 INFO  State of current operation: EXECUTING
02:47:11 INFO  State of current operation: EXECUTING
02:47:13 INFO  State of current operation: EXECUTING
02:47:15 INFO  State of current operation: EXECUTING
02:47:18 INFO  State of current operation: EXECUTING
02:47:20 INFO  State of current operation: EXECUTING
02:47:22 INFO  State of current operation: EXECUTING
02:47:24 INFO  State of current operation: EXECUTING
02:47:26 INFO  State of current operation: EXECUTING
02:47:29 INFO  State of current operation: EXECUTING
02:47:31 INFO  State of current operation: EXECUTING
02:47:33 INFO  State of current operation: EXECUTING
02:47:35 INFO  State of current operation: EXECUTING
02:47:38 INFO  State of current operation: EXECUTING
02:47:40 INFO  State of current operation: EXECUTING
02:47:42 INFO  State of current operation: EXECUTING
02:47:44 INFO  State of current operation: EXECUTING
02:47:46 INFO  State of current operation: EXECUTING
02:47:49 INFO  State of current operation: EXECUTING
02:47:51 INFO  State of current operation: EXECUTING
02:47:53 INFO  State of current operation: EXECUTING
02:47:55 INFO  State of current operation: EXECUTING
02:47:58 INFO  State of current operation: EXECUTING
02:48:00 INFO  State of current operation: EXECUTING
02:48:02 WARN  SystemError occurred while running test - Timeout while waiting for status FAILED or SUCCESSFUL
Traceback (most recent call last):
  File &quot;/home/pi/env-pysys/lib/python3.7/site-packages/pysys/baserunner.py&quot;, line 1292, in __call__
    self.testObj.setup()
  File &quot;/home/pi/actions-runner/_work/thin-edge.io/thin-edge.io/tests/PySys/software_management_end_to_end/sm_apt_install_remove_multiple_mixed/run.py&quot;, line 73, in setup
    super().setup()
  File &quot;/home/pi/actions-runner/_work/thin-edge.io/thin-edge.io/tests/PySys/software_management_end_to_end/environment_sm_management.py&quot;, line 151, in setup
    self.wait_until_end()
  File &quot;/home/pi/actions-runner/_work/thin-edge.io/thin-edge.io/tests/PySys/software_management_end_to_end/environment_sm_management.py&quot;, line 332, in wait_until_end
    self.wait_until_status(&quot;FAILED&quot;, &quot;SUCCESSFUL&quot;)
  File &quot;/home/pi/actions-runner/_work/thin-edge.io/thin-edge.io/tests/PySys/software_management_end_to_end/environment_sm_management.py&quot;, line 381, in wait_until_status
    &quot;Timeout while waiting for status %s or %s&quot; % (status, status2)
SystemError: Timeout while waiting for status FAILED or SUCCESSFUL
02:48:02 WARN  SystemError: Timeout while waiting for status FAILED or SUCCESSFUL ... blocked 
02:48:02 INFO  
02:48:02 INFO  cleanup:
02:48:06 INFO  Executed sudo&lt;tedge_disconnect_c8y&gt;, exit status 0
02:48:07 INFO  Executed systemctl&lt;serv_mapper5&gt;, exit status 3
02:48:07 INFO  
02:48:07 INFO  Test duration: 165.63 secs
02:48:07 INFO  Test final outcome:  BLOCKED
02:48:07 INFO  Test outcome reason: SystemError: Timeout while waiting for status FAILED or SUCCESSFUL
02:48:07 INFO  
</system-out>
	</testcase>
</testsuite>
