<?xml version="1.0" encoding="utf-8"?>
<testsuite failures="1" name="SoftwareManagement.sm_apt_install_remove_multiple" skipped="0" tests="1" time="179.87" timestamp="2022-06-20T15:43:34">
	<testcase classname="PySysTest" name="SoftwareManagement.sm_apt_install_remove_multiple">
		<failure message="FAILED: Assert that (False == value) with value=True" type="FAILED"/>
		<system-out>15:40:34 INFO  ==============================================================
15:40:34 INFO  Id:    SoftwareManagement.sm_apt_install_remove_multiple
15:40:34 INFO  Dir:   software_management_end_to_end/
15:40:34 INFO  Title: Validate end to end behaviour for the apt plugin for multiple packages
15:40:34 INFO  ==============================================================
15:40:34 INFO  Using sw id database: {'asciijump': '5475369', 'robotfindskitten': '5474869', 'squirrel3': '5475279', 'rolldice': '5152439', 'moon-buggy': '5439204', 'apple': '5495053', 'banana': '5494888', 'cherry': '5495382', 'watermelon': '5494510', 'registry': '8018911', 'hello-world': '8021526', 'docker/getting-started': '8021973', 'alpine': '7991792'}
15:40:34 INFO  EnvironmentC8y Setup
15:40:35 INFO  Executed systemctl&lt;serv_mapper1&gt;, exit status 3
15:40:35 INFO  Restarting mosquitto too frequently in the last 10 seconds. It was only up for 4 seconds
15:40:35 INFO  Delaying execution by 7 seconds
15:40:56 INFO  Executed sudo&lt;tedge_connect_c8y&gt;, exit status 0, duration 14 secs
15:40:56 INFO  Executed sudo&lt;tedge_connect_c8y_test&gt;, exit status 0
15:40:57 INFO  Executed systemctl&lt;serv_mosq2&gt;, exit status 0
15:40:57 INFO  Executed systemctl&lt;serv_mapper3&gt;, exit status 0
15:41:00 INFO  State of current operation: SUCCESSFUL
15:41:00 INFO  Assert that (False == value) with value=False ... passed
15:41:00 INFO  Assert that (False == value) with value=False ... passed
15:41:00 INFO  Assert that (False == value) with value=False ... passed
15:41:01 INFO  Package robotfindskitten is installed
15:41:01 WARN  Assert that (False == value) with value=True ... failed 
15:41:01 INFO  Response status: 201
15:41:01 INFO  Response to action: {
    &quot;delivery&quot;: {
        &quot;log&quot;: [],
        &quot;time&quot;: &quot;2022-06-20T15:41:01.296Z&quot;,
        &quot;status&quot;: &quot;PENDING&quot;
    },
    &quot;creationTime&quot;: &quot;2022-06-20T15:41:01.280Z&quot;,
    &quot;deviceName&quot;: &quot;m32sd10c&quot;,
    &quot;deviceId&quot;: &quot;20342831&quot;,
    &quot;self&quot;: &quot;https://t493319102.eu-latest.cumulocity.com/devicecontrol/operations/20349686&quot;,
    &quot;id&quot;: &quot;20349686&quot;,
    &quot;status&quot;: &quot;PENDING&quot;,
    &quot;description&quot;: &quot;Apply software changes, triggered from PySys: [{'action': 'install', 'id': '5475369', 'name': 'asciijump', 'url': ' ', 'version': '::apt'}, {'action': 'install', 'id': '5474869', 'name': 'robotfindskitten', 'url': ' ', 'version': '::apt'}, {'action': 'install', 'id': '5475279', 'name': 'squirrel3', 'url': ' ', 'version': '::apt'}]&quot;,
    &quot;c8y_SoftwareUpdate&quot;: [
        {
            &quot;name&quot;: &quot;asciijump&quot;,
            &quot;action&quot;: &quot;install&quot;,
            &quot;id&quot;: &quot;5475369&quot;,
            &quot;version&quot;: &quot;::apt&quot;,
            &quot;url&quot;: &quot; &quot;
        },
        {
            &quot;name&quot;: &quot;robotfindskitten&quot;,
            &quot;action&quot;: &quot;install&quot;,
            &quot;id&quot;: &quot;5474869&quot;,
            &quot;version&quot;: &quot;::apt&quot;,
            &quot;url&quot;: &quot; &quot;
        },
        {
            &quot;name&quot;: &quot;squirrel3&quot;,
            &quot;action&quot;: &quot;install&quot;,
            &quot;id&quot;: &quot;5475279&quot;,
            &quot;version&quot;: &quot;::apt&quot;,
            &quot;url&quot;: &quot; &quot;
        }
    ]
}
15:41:01 INFO  Started operation: {'delivery': {'log': [], 'time': '2022-06-20T15:41:01.296Z', 'status': 'PENDING'}, 'creationTime': '2022-06-20T15:41:01.280Z', 'deviceName': 'm32sd10c', 'deviceId': '20342831', 'self': 'https://t493319102.eu-latest.cumulocity.com/devicecontrol/operations/20349686', 'id': '20349686', 'status': 'PENDING', 'description': &quot;Apply software changes, triggered from PySys: [{'action': 'install', 'id': '5475369', 'name': 'asciijump', 'url': ' ', 'version': '::apt'}, {'action': 'install', 'id': '5474869', 'name': 'robotfindskitten', 'url': ' ', 'version': '::apt'}, {'action': 'install', 'id': '5475279', 'name': 'squirrel3', 'url': ' ', 'version': '::apt'}]&quot;, 'c8y_SoftwareUpdate': [{'name': 'asciijump', 'action': 'install', 'id': '5475369', 'version': '::apt', 'url': ' '}, {'name': 'robotfindskitten', 'action': 'install', 'id': '5474869', 'version': '::apt', 'url': ' '}, {'name': 'squirrel3', 'action': 'install', 'id': '5475279', 'version': '::apt', 'url': ' '}]}
15:41:03 INFO  State of operation 20349686 : PENDING
15:41:05 INFO  State of operation 20349686 : EXECUTING
15:41:08 INFO  State of operation 20349686 : EXECUTING
15:41:10 INFO  State of operation 20349686 : EXECUTING
15:41:12 INFO  State of operation 20349686 : EXECUTING
15:41:14 INFO  State of operation 20349686 : EXECUTING
15:41:17 INFO  State of operation 20349686 : EXECUTING
15:41:20 INFO  State of operation 20349686 : EXECUTING
15:41:22 INFO  State of operation 20349686 : EXECUTING
15:41:25 INFO  State of operation 20349686 : EXECUTING
15:41:27 INFO  State of operation 20349686 : EXECUTING
15:41:29 INFO  State of operation 20349686 : EXECUTING
15:41:31 INFO  State of operation 20349686 : EXECUTING
15:41:34 INFO  State of operation 20349686 : EXECUTING
15:41:36 INFO  State of operation 20349686 : EXECUTING
15:41:38 INFO  State of operation 20349686 : EXECUTING
15:41:40 INFO  State of operation 20349686 : EXECUTING
15:41:43 INFO  State of operation 20349686 : EXECUTING
15:41:45 INFO  State of operation 20349686 : EXECUTING
15:41:48 INFO  State of operation 20349686 : EXECUTING
15:41:50 INFO  State of operation 20349686 : EXECUTING
15:41:53 INFO  State of operation 20349686 : EXECUTING
15:41:55 INFO  State of operation 20349686 : EXECUTING
15:41:58 INFO  State of operation 20349686 : EXECUTING
15:42:00 INFO  State of operation 20349686 : EXECUTING
15:42:03 INFO  State of operation 20349686 : EXECUTING
15:42:06 INFO  State of operation 20349686 : EXECUTING
15:42:08 INFO  State of operation 20349686 : EXECUTING
15:42:11 INFO  State of operation 20349686 : EXECUTING
15:42:13 INFO  State of operation 20349686 : EXECUTING
15:42:15 INFO  State of operation 20349686 : EXECUTING
15:42:17 INFO  State of operation 20349686 : EXECUTING
15:42:20 INFO  State of operation 20349686 : EXECUTING
15:42:22 INFO  State of operation 20349686 : SUCCESSFUL
15:42:22 INFO  Assert that (False == value) with value=False ... passed
15:42:22 INFO  Package asciijump is installed
15:42:22 INFO  Assert that (True == value) with value=True ... passed
15:42:23 INFO  Package squirrel3 is installed
15:42:23 INFO  Assert that (True == value) with value=True ... passed
15:42:23 INFO  Package robotfindskitten is installed
15:42:23 INFO  Assert that (True == value) with value=True ... passed
15:42:23 INFO  Response status: 201
15:42:23 INFO  Response to action: {
    &quot;delivery&quot;: {
        &quot;log&quot;: [],
        &quot;time&quot;: &quot;2022-06-20T15:42:23.515Z&quot;,
        &quot;status&quot;: &quot;PENDING&quot;
    },
    &quot;creationTime&quot;: &quot;2022-06-20T15:42:23.500Z&quot;,
    &quot;deviceName&quot;: &quot;m32sd10c&quot;,
    &quot;deviceId&quot;: &quot;20342831&quot;,
    &quot;self&quot;: &quot;https://t493319102.eu-latest.cumulocity.com/devicecontrol/operations/20349698&quot;,
    &quot;id&quot;: &quot;20349698&quot;,
    &quot;status&quot;: &quot;PENDING&quot;,
    &quot;description&quot;: &quot;Apply software changes, triggered from PySys: [{'action': 'delete', 'id': '5475369', 'name': 'asciijump', 'url': ' ', 'version': '::apt'}, {'action': 'delete', 'id': '5474869', 'name': 'robotfindskitten', 'url': ' ', 'version': '::apt'}, {'action': 'delete', 'id': '5475279', 'name': 'squirrel3', 'url': ' ', 'version': '::apt'}]&quot;,
    &quot;c8y_SoftwareUpdate&quot;: [
        {
            &quot;name&quot;: &quot;asciijump&quot;,
            &quot;action&quot;: &quot;delete&quot;,
            &quot;id&quot;: &quot;5475369&quot;,
            &quot;version&quot;: &quot;::apt&quot;,
            &quot;url&quot;: &quot; &quot;
        },
        {
            &quot;name&quot;: &quot;robotfindskitten&quot;,
            &quot;action&quot;: &quot;delete&quot;,
            &quot;id&quot;: &quot;5474869&quot;,
            &quot;version&quot;: &quot;::apt&quot;,
            &quot;url&quot;: &quot; &quot;
        },
        {
            &quot;name&quot;: &quot;squirrel3&quot;,
            &quot;action&quot;: &quot;delete&quot;,
            &quot;id&quot;: &quot;5475279&quot;,
            &quot;version&quot;: &quot;::apt&quot;,
            &quot;url&quot;: &quot; &quot;
        }
    ]
}
15:42:23 INFO  Started operation: {'delivery': {'log': [], 'time': '2022-06-20T15:42:23.515Z', 'status': 'PENDING'}, 'creationTime': '2022-06-20T15:42:23.500Z', 'deviceName': 'm32sd10c', 'deviceId': '20342831', 'self': 'https://t493319102.eu-latest.cumulocity.com/devicecontrol/operations/20349698', 'id': '20349698', 'status': 'PENDING', 'description': &quot;Apply software changes, triggered from PySys: [{'action': 'delete', 'id': '5475369', 'name': 'asciijump', 'url': ' ', 'version': '::apt'}, {'action': 'delete', 'id': '5474869', 'name': 'robotfindskitten', 'url': ' ', 'version': '::apt'}, {'action': 'delete', 'id': '5475279', 'name': 'squirrel3', 'url': ' ', 'version': '::apt'}]&quot;, 'c8y_SoftwareUpdate': [{'name': 'asciijump', 'action': 'delete', 'id': '5475369', 'version': '::apt', 'url': ' '}, {'name': 'robotfindskitten', 'action': 'delete', 'id': '5474869', 'version': '::apt', 'url': ' '}, {'name': 'squirrel3', 'action': 'delete', 'id': '5475279', 'version': '::apt', 'url': ' '}]}
15:42:25 INFO  State of operation 20349698 : PENDING
15:42:27 INFO  State of operation 20349698 : EXECUTING
15:42:30 INFO  State of operation 20349698 : EXECUTING
15:42:32 INFO  State of operation 20349698 : EXECUTING
15:42:34 INFO  State of operation 20349698 : EXECUTING
15:42:37 INFO  State of operation 20349698 : EXECUTING
15:42:39 INFO  State of operation 20349698 : EXECUTING
15:42:42 INFO  State of operation 20349698 : EXECUTING
15:42:44 INFO  State of operation 20349698 : EXECUTING
15:42:47 INFO  State of operation 20349698 : EXECUTING
15:42:49 INFO  State of operation 20349698 : EXECUTING
15:42:51 INFO  State of operation 20349698 : EXECUTING
15:42:53 INFO  State of operation 20349698 : EXECUTING
15:42:55 INFO  State of operation 20349698 : EXECUTING
15:42:58 INFO  State of operation 20349698 : EXECUTING
15:43:00 INFO  State of operation 20349698 : EXECUTING
15:43:03 INFO  State of operation 20349698 : EXECUTING
15:43:05 INFO  State of operation 20349698 : EXECUTING
15:43:08 INFO  State of operation 20349698 : EXECUTING
15:43:10 INFO  State of operation 20349698 : EXECUTING
15:43:12 INFO  State of operation 20349698 : EXECUTING
15:43:14 INFO  State of operation 20349698 : EXECUTING
15:43:17 INFO  State of operation 20349698 : EXECUTING
15:43:19 INFO  State of operation 20349698 : EXECUTING
15:43:22 INFO  State of operation 20349698 : EXECUTING
15:43:24 INFO  State of operation 20349698 : EXECUTING
15:43:26 INFO  State of operation 20349698 : EXECUTING
15:43:28 INFO  State of operation 20349698 : SUCCESSFUL
15:43:29 INFO  Assert that (False == value) with value=False ... passed
15:43:29 INFO  Assert that (False == value) with value=False ... passed
15:43:29 INFO  Assert that (False == value) with value=False ... passed
15:43:29 INFO  Assert that (False == value) with value=False ... passed
15:43:29 INFO  
15:43:29 INFO  cleanup:
15:43:33 INFO  Executed sudo&lt;tedge_disconnect_c8y&gt;, exit status 0
15:43:34 INFO  Executed systemctl&lt;serv_mapper5&gt;, exit status 3
15:43:34 INFO  
15:43:34 INFO  Test duration: 179.87 secs
15:43:34 INFO  Test final outcome:  FAILED
15:43:34 INFO  Test outcome reason: Assert that (False == value) with value=True
15:43:34 INFO  
</system-out>
	</testcase>
</testsuite>
