<?xml version="1.0" encoding="utf-8"?>
<testsuite failures="1" name="SoftwareManagement.sm_apt_install_download_path" skipped="0" tests="1" time="54.49" timestamp="2022-07-26T07:51:27">
	<testcase classname="AptInstallWithDownloadPath" name="SoftwareManagement.sm_apt_install_download_path">
		<failure message="BLOCKED: SystemError: The Sofware list is empty !!!" type="BLOCKED"/>
		<system-out>07:50:33 INFO  ==============================================================
07:50:33 INFO  Id:    SoftwareManagement.sm_apt_install_download_path
07:50:33 INFO  Dir:   software_management_end_to_end/
07:50:33 INFO  Title: Install package to directory specified in tedge config set tmp.path
07:50:33 INFO  ==============================================================
07:50:33 INFO  Using sw id database: {'asciijump': '5475369', 'robotfindskitten': '5474869', 'squirrel3': '5475279', 'rolldice': '5152439', 'moon-buggy': '5439204', 'apple': '5495053', 'banana': '5494888', 'cherry': '5495382', 'watermelon': '5494510', 'registry': '8018911', 'hello-world': '8021526', 'docker/getting-started': '8021973', 'alpine': '7991792'}
07:50:33 INFO  EnvironmentC8y Setup
07:50:34 INFO  Executed systemctl&lt;serv_mapper1&gt;, exit status 3
07:50:48 INFO  Executed sudo&lt;tedge_connect_c8y&gt;, exit status 0, duration 14 secs
07:50:50 INFO  Executed sudo&lt;tedge_connect_c8y_test&gt;, exit status 0
07:50:51 INFO  Executed systemctl&lt;serv_mosq2&gt;, exit status 0
07:50:51 INFO  Executed systemctl&lt;serv_mapper3&gt;, exit status 0
07:50:54 ERROR No operations found, assuming it passed
07:50:54 WARN  SystemError occurred while running test - The Sofware list is empty !!!
Traceback (most recent call last):
  File &quot;/home/pi/env-pysys/lib/python3.7/site-packages/pysys/baserunner.py&quot;, line 1292, in __call__
    self.testObj.setup()
  File &quot;/home/pi/actions-runner/_work/thin-edge.io/thin-edge.io/tests/PySys/software_management_end_to_end/sm_apt_install_download_path/run.py&quot;, line 49, in setup
    self.assertThat(&quot;False == value&quot;, value=self.check_is_installed(&quot;rolldice&quot;))
  File &quot;/home/pi/actions-runner/_work/thin-edge.io/thin-edge.io/tests/PySys/software_management_end_to_end/environment_sm_management.py&quot;, line 399, in check_is_installed
    raise SystemError(&quot;The Sofware list is empty !!!&quot;)
SystemError: The Sofware list is empty !!!
07:50:54 WARN  SystemError: The Sofware list is empty !!! ... blocked 
07:50:54 INFO  
07:50:54 INFO  cleanup:
07:50:55 INFO  Executed sudo, exit status 0
07:50:55 INFO  Executed sudo, exit status 0
07:50:59 INFO  Executed sudo&lt;tedge_disconnect_c8y&gt;, exit status 0
07:50:59 INFO  Restarting mosquitto too frequently in the last 10 seconds. It was only up for 3 seconds
07:50:59 INFO  Delaying execution by 8 seconds
07:51:22 INFO  Executed sudo&lt;tedge_connect_c8y&gt;, exit status 0, duration 15 secs
07:51:27 INFO  Executed sudo&lt;tedge_disconnect_c8y&gt;, exit status 0
07:51:27 INFO  Executed systemctl&lt;serv_mapper5&gt;, exit status 3
07:51:27 INFO  
07:51:27 INFO  Test duration: 54.49 secs
07:51:27 INFO  Test final outcome:  BLOCKED
07:51:27 INFO  Test outcome reason: SystemError: The Sofware list is empty !!!
07:51:27 INFO  
</system-out>
	</testcase>
</testsuite>
