<?xml version="1.0" encoding="utf-8"?>
<testsuite failures="1" name="SoftwareManagement.sm_apt_install_remove_multiple" skipped="0" tests="1" time="179.4" timestamp="2022-06-10T09:57:39">
	<testcase classname="PySysTest" name="SoftwareManagement.sm_apt_install_remove_multiple">
		<failure message="FAILED: Assert that (False == value) with value=True" type="FAILED"/>
		<system-out>09:54:39 INFO  ==============================================================
09:54:39 INFO  Id:    SoftwareManagement.sm_apt_install_remove_multiple
09:54:39 INFO  Dir:   software_management_end_to_end/
09:54:39 INFO  Title: Validate end to end behaviour for the apt plugin for multiple packages
09:54:39 INFO  ==============================================================
09:54:39 INFO  Using sw id database: {'asciijump': '5475369', 'robotfindskitten': '5474869', 'squirrel3': '5475279', 'rolldice': '5152439', 'moon-buggy': '5439204', 'apple': '5495053', 'banana': '5494888', 'cherry': '5495382', 'watermelon': '5494510', 'registry': '8018911', 'hello-world': '8021526', 'docker/getting-started': '8021973', 'alpine': '7991792'}
09:54:39 INFO  EnvironmentC8y Setup
09:54:40 INFO  Executed systemctl&lt;serv_mapper1&gt;, exit status 3
09:54:40 INFO  Restarting mosquitto too frequently in the last 10 seconds. It was only up for 5 seconds
09:54:40 INFO  Delaying execution by 6 seconds
09:55:00 INFO  Executed sudo&lt;tedge_connect_c8y&gt;, exit status 0, duration 13 secs
09:55:01 INFO  Executed sudo&lt;tedge_connect_c8y_test&gt;, exit status 0
09:55:01 INFO  Executed systemctl&lt;serv_mosq2&gt;, exit status 0
09:55:02 INFO  Executed systemctl&lt;serv_mapper3&gt;, exit status 0
09:55:04 INFO  State of current operation: SUCCESSFUL
09:55:04 INFO  Assert that (False == value) with value=False ... passed
09:55:04 INFO  Assert that (False == value) with value=False ... passed
09:55:04 INFO  Assert that (False == value) with value=False ... passed
09:55:05 INFO  Package robotfindskitten is installed
09:55:05 WARN  Assert that (False == value) with value=True ... failed 
09:55:05 INFO  Response status: 201
09:55:05 INFO  Response to action: {
    &quot;delivery&quot;: {
        &quot;log&quot;: [],
        &quot;time&quot;: &quot;2022-06-10T09:55:05.484Z&quot;,
        &quot;status&quot;: &quot;PENDING&quot;
    },
    &quot;creationTime&quot;: &quot;2022-06-10T09:55:05.465Z&quot;,
    &quot;deviceId&quot;: &quot;20113554&quot;,
    &quot;deviceName&quot;: &quot;m32sd10c&quot;,
    &quot;self&quot;: &quot;https://t493319102.eu-latest.cumulocity.com/devicecontrol/operations/20121839&quot;,
    &quot;id&quot;: &quot;20121839&quot;,
    &quot;status&quot;: &quot;PENDING&quot;,
    &quot;description&quot;: &quot;Apply software changes, triggered from PySys: [{'action': 'install', 'id': '5475369', 'name': 'asciijump', 'url': ' ', 'version': '::apt'}, {'action': 'install', 'id': '5474869', 'name': 'robotfindskitten', 'url': ' ', 'version': '::apt'}, {'action': 'install', 'id': '5475279', 'name': 'squirrel3', 'url': ' ', 'version': '::apt'}]&quot;,
    &quot;c8y_SoftwareUpdate&quot;: [
        {
            &quot;name&quot;: &quot;asciijump&quot;,
            &quot;action&quot;: &quot;install&quot;,
            &quot;id&quot;: &quot;5475369&quot;,
            &quot;version&quot;: &quot;::apt&quot;,
            &quot;url&quot;: &quot; &quot;
        },
        {
            &quot;name&quot;: &quot;robotfindskitten&quot;,
            &quot;action&quot;: &quot;install&quot;,
            &quot;id&quot;: &quot;5474869&quot;,
            &quot;version&quot;: &quot;::apt&quot;,
            &quot;url&quot;: &quot; &quot;
        },
        {
            &quot;name&quot;: &quot;squirrel3&quot;,
            &quot;action&quot;: &quot;install&quot;,
            &quot;id&quot;: &quot;5475279&quot;,
            &quot;version&quot;: &quot;::apt&quot;,
            &quot;url&quot;: &quot; &quot;
        }
    ]
}
09:55:05 INFO  Started operation: {'delivery': {'log': [], 'time': '2022-06-10T09:55:05.484Z', 'status': 'PENDING'}, 'creationTime': '2022-06-10T09:55:05.465Z', 'deviceId': '20113554', 'deviceName': 'm32sd10c', 'self': 'https://t493319102.eu-latest.cumulocity.com/devicecontrol/operations/20121839', 'id': '20121839', 'status': 'PENDING', 'description': &quot;Apply software changes, triggered from PySys: [{'action': 'install', 'id': '5475369', 'name': 'asciijump', 'url': ' ', 'version': '::apt'}, {'action': 'install', 'id': '5474869', 'name': 'robotfindskitten', 'url': ' ', 'version': '::apt'}, {'action': 'install', 'id': '5475279', 'name': 'squirrel3', 'url': ' ', 'version': '::apt'}]&quot;, 'c8y_SoftwareUpdate': [{'name': 'asciijump', 'action': 'install', 'id': '5475369', 'version': '::apt', 'url': ' '}, {'name': 'robotfindskitten', 'action': 'install', 'id': '5474869', 'version': '::apt', 'url': ' '}, {'name': 'squirrel3', 'action': 'install', 'id': '5475279', 'version': '::apt', 'url': ' '}]}
09:55:07 INFO  State of operation 20121839 : PENDING
09:55:09 INFO  State of operation 20121839 : EXECUTING
09:55:12 INFO  State of operation 20121839 : EXECUTING
09:55:14 INFO  State of operation 20121839 : EXECUTING
09:55:16 INFO  State of operation 20121839 : EXECUTING
09:55:18 INFO  State of operation 20121839 : EXECUTING
09:55:21 INFO  State of operation 20121839 : EXECUTING
09:55:24 INFO  State of operation 20121839 : EXECUTING
09:55:26 INFO  State of operation 20121839 : EXECUTING
09:55:28 INFO  State of operation 20121839 : EXECUTING
09:55:31 INFO  State of operation 20121839 : EXECUTING
09:55:33 INFO  State of operation 20121839 : EXECUTING
09:55:35 INFO  State of operation 20121839 : EXECUTING
09:55:37 INFO  State of operation 20121839 : EXECUTING
09:55:40 INFO  State of operation 20121839 : EXECUTING
09:55:42 INFO  State of operation 20121839 : EXECUTING
09:55:44 INFO  State of operation 20121839 : EXECUTING
09:55:47 INFO  State of operation 20121839 : EXECUTING
09:55:49 INFO  State of operation 20121839 : EXECUTING
09:55:52 INFO  State of operation 20121839 : EXECUTING
09:55:54 INFO  State of operation 20121839 : EXECUTING
09:55:56 INFO  State of operation 20121839 : EXECUTING
09:55:59 INFO  State of operation 20121839 : EXECUTING
09:56:01 INFO  State of operation 20121839 : EXECUTING
09:56:03 INFO  State of operation 20121839 : EXECUTING
09:56:05 INFO  State of operation 20121839 : EXECUTING
09:56:08 INFO  State of operation 20121839 : EXECUTING
09:56:10 INFO  State of operation 20121839 : EXECUTING
09:56:13 INFO  State of operation 20121839 : EXECUTING
09:56:15 INFO  State of operation 20121839 : EXECUTING
09:56:17 INFO  State of operation 20121839 : EXECUTING
09:56:20 INFO  State of operation 20121839 : EXECUTING
09:56:22 INFO  State of operation 20121839 : EXECUTING
09:56:24 INFO  State of operation 20121839 : EXECUTING
09:56:26 INFO  State of operation 20121839 : SUCCESSFUL
09:56:26 INFO  Assert that (False == value) with value=False ... passed
09:56:27 INFO  Package asciijump is installed
09:56:27 INFO  Assert that (True == value) with value=True ... passed
09:56:27 INFO  Package squirrel3 is installed
09:56:27 INFO  Assert that (True == value) with value=True ... passed
09:56:27 INFO  Package robotfindskitten is installed
09:56:27 INFO  Assert that (True == value) with value=True ... passed
09:56:27 INFO  Response status: 201
09:56:27 INFO  Response to action: {
    &quot;delivery&quot;: {
        &quot;log&quot;: [],
        &quot;time&quot;: &quot;2022-06-10T09:56:27.906Z&quot;,
        &quot;status&quot;: &quot;PENDING&quot;
    },
    &quot;creationTime&quot;: &quot;2022-06-10T09:56:27.889Z&quot;,
    &quot;deviceId&quot;: &quot;20113554&quot;,
    &quot;deviceName&quot;: &quot;m32sd10c&quot;,
    &quot;self&quot;: &quot;https://t493319102.eu-latest.cumulocity.com/devicecontrol/operations/20121867&quot;,
    &quot;id&quot;: &quot;20121867&quot;,
    &quot;status&quot;: &quot;PENDING&quot;,
    &quot;description&quot;: &quot;Apply software changes, triggered from PySys: [{'action': 'delete', 'id': '5475369', 'name': 'asciijump', 'url': ' ', 'version': '::apt'}, {'action': 'delete', 'id': '5474869', 'name': 'robotfindskitten', 'url': ' ', 'version': '::apt'}, {'action': 'delete', 'id': '5475279', 'name': 'squirrel3', 'url': ' ', 'version': '::apt'}]&quot;,
    &quot;c8y_SoftwareUpdate&quot;: [
        {
            &quot;name&quot;: &quot;asciijump&quot;,
            &quot;action&quot;: &quot;delete&quot;,
            &quot;id&quot;: &quot;5475369&quot;,
            &quot;version&quot;: &quot;::apt&quot;,
            &quot;url&quot;: &quot; &quot;
        },
        {
            &quot;name&quot;: &quot;robotfindskitten&quot;,
            &quot;action&quot;: &quot;delete&quot;,
            &quot;id&quot;: &quot;5474869&quot;,
            &quot;version&quot;: &quot;::apt&quot;,
            &quot;url&quot;: &quot; &quot;
        },
        {
            &quot;name&quot;: &quot;squirrel3&quot;,
            &quot;action&quot;: &quot;delete&quot;,
            &quot;id&quot;: &quot;5475279&quot;,
            &quot;version&quot;: &quot;::apt&quot;,
            &quot;url&quot;: &quot; &quot;
        }
    ]
}
09:56:27 INFO  Started operation: {'delivery': {'log': [], 'time': '2022-06-10T09:56:27.906Z', 'status': 'PENDING'}, 'creationTime': '2022-06-10T09:56:27.889Z', 'deviceId': '20113554', 'deviceName': 'm32sd10c', 'self': 'https://t493319102.eu-latest.cumulocity.com/devicecontrol/operations/20121867', 'id': '20121867', 'status': 'PENDING', 'description': &quot;Apply software changes, triggered from PySys: [{'action': 'delete', 'id': '5475369', 'name': 'asciijump', 'url': ' ', 'version': '::apt'}, {'action': 'delete', 'id': '5474869', 'name': 'robotfindskitten', 'url': ' ', 'version': '::apt'}, {'action': 'delete', 'id': '5475279', 'name': 'squirrel3', 'url': ' ', 'version': '::apt'}]&quot;, 'c8y_SoftwareUpdate': [{'name': 'asciijump', 'action': 'delete', 'id': '5475369', 'version': '::apt', 'url': ' '}, {'name': 'robotfindskitten', 'action': 'delete', 'id': '5474869', 'version': '::apt', 'url': ' '}, {'name': 'squirrel3', 'action': 'delete', 'id': '5475279', 'version': '::apt', 'url': ' '}]}
09:56:30 INFO  State of operation 20121867 : PENDING
09:56:32 INFO  State of operation 20121867 : EXECUTING
09:56:34 INFO  State of operation 20121867 : EXECUTING
09:56:36 INFO  State of operation 20121867 : EXECUTING
09:56:39 INFO  State of operation 20121867 : EXECUTING
09:56:41 INFO  State of operation 20121867 : EXECUTING
09:56:44 INFO  State of operation 20121867 : EXECUTING
09:56:47 INFO  State of operation 20121867 : EXECUTING
09:56:49 INFO  State of operation 20121867 : EXECUTING
09:56:51 INFO  State of operation 20121867 : EXECUTING
09:56:54 INFO  State of operation 20121867 : EXECUTING
09:56:56 INFO  State of operation 20121867 : EXECUTING
09:56:58 INFO  State of operation 20121867 : EXECUTING
09:57:00 INFO  State of operation 20121867 : EXECUTING
09:57:03 INFO  State of operation 20121867 : EXECUTING
09:57:05 INFO  State of operation 20121867 : EXECUTING
09:57:07 INFO  State of operation 20121867 : EXECUTING
09:57:10 INFO  State of operation 20121867 : EXECUTING
09:57:12 INFO  State of operation 20121867 : EXECUTING
09:57:15 INFO  State of operation 20121867 : EXECUTING
09:57:17 INFO  State of operation 20121867 : EXECUTING
09:57:19 INFO  State of operation 20121867 : EXECUTING
09:57:21 INFO  State of operation 20121867 : EXECUTING
09:57:24 INFO  State of operation 20121867 : EXECUTING
09:57:26 INFO  State of operation 20121867 : EXECUTING
09:57:29 INFO  State of operation 20121867 : EXECUTING
09:57:31 INFO  State of operation 20121867 : EXECUTING
09:57:33 INFO  State of operation 20121867 : SUCCESSFUL
09:57:33 INFO  Assert that (False == value) with value=False ... passed
09:57:34 INFO  Assert that (False == value) with value=False ... passed
09:57:34 INFO  Assert that (False == value) with value=False ... passed
09:57:34 INFO  Assert that (False == value) with value=False ... passed
09:57:34 INFO  
09:57:34 INFO  cleanup:
09:57:38 INFO  Executed sudo&lt;tedge_disconnect_c8y&gt;, exit status 0
09:57:39 INFO  Executed systemctl&lt;serv_mapper5&gt;, exit status 3
09:57:39 INFO  
09:57:39 INFO  Test duration: 179.40 secs
09:57:39 INFO  Test final outcome:  FAILED
09:57:39 INFO  Test outcome reason: Assert that (False == value) with value=True
09:57:39 INFO  
</system-out>
	</testcase>
</testsuite>
