<?xml version="1.0" encoding="utf-8"?>
<testsuite failures="1" name="SoftwareManagement.sm_apt_install_remove" skipped="0" tests="1" time="165.24" timestamp="2022-05-23T15:38:52">
	<testcase classname="PySysTest" name="SoftwareManagement.sm_apt_install_remove">
		<failure message="BLOCKED: SystemError: Timeout while waiting for status FAILED or SUCCESSFUL" type="BLOCKED"/>
		<system-out>15:36:07 INFO  ==============================================================
15:36:07 INFO  Id:    SoftwareManagement.sm_apt_install_remove
15:36:07 INFO  Dir:   software_management_end_to_end/
15:36:07 INFO  Title: Validate end to end behaviour for the apt plugin for installation and removal of packages
15:36:07 INFO  ==============================================================
15:36:07 INFO  Using sw id database: {'asciijump': '5475369', 'robotfindskitten': '5474869', 'squirrel3': '5475279', 'rolldice': '5152439', 'moon-buggy': '5439204', 'apple': '5495053', 'banana': '5494888', 'cherry': '5495382', 'watermelon': '5494510', 'registry': '8018911', 'hello-world': '8021526', 'docker/getting-started': '8021973', 'alpine': '7991792'}
15:36:07 INFO  EnvironmentC8y Setup
15:36:07 INFO  Executed systemctl&lt;serv_mapper1&gt;, exit status 3
15:36:08 INFO  Restarting mosquitto too frequently in the last 10 seconds. It was only up for 5 seconds
15:36:08 INFO  Delaying execution by 6 seconds
15:36:28 INFO  Executed sudo&lt;tedge_connect_c8y&gt;, exit status 0, duration 13 secs
15:36:28 INFO  Executed sudo&lt;tedge_connect_c8y_test&gt;, exit status 0
15:36:29 INFO  Executed systemctl&lt;serv_mosq2&gt;, exit status 0
15:36:29 INFO  Executed systemctl&lt;serv_mapper3&gt;, exit status 0
15:36:31 INFO  State of current operation: PENDING
15:36:34 INFO  State of current operation: PENDING
15:36:36 INFO  State of current operation: PENDING
15:36:38 INFO  State of current operation: PENDING
15:36:40 INFO  State of current operation: PENDING
15:36:42 INFO  State of current operation: PENDING
15:36:45 INFO  State of current operation: PENDING
15:36:47 INFO  State of current operation: PENDING
15:36:49 INFO  State of current operation: PENDING
15:36:52 INFO  State of current operation: PENDING
15:36:54 INFO  State of current operation: PENDING
15:36:56 INFO  State of current operation: PENDING
15:36:58 INFO  State of current operation: PENDING
15:37:00 INFO  State of current operation: PENDING
15:37:03 INFO  State of current operation: PENDING
15:37:05 INFO  State of current operation: PENDING
15:37:07 INFO  State of current operation: PENDING
15:37:09 INFO  State of current operation: PENDING
15:37:12 INFO  State of current operation: PENDING
15:37:14 INFO  State of current operation: PENDING
15:37:16 INFO  State of current operation: PENDING
15:37:18 INFO  State of current operation: PENDING
15:37:20 INFO  State of current operation: PENDING
15:37:23 INFO  State of current operation: PENDING
15:37:25 INFO  State of current operation: PENDING
15:37:27 INFO  State of current operation: PENDING
15:37:29 INFO  State of current operation: PENDING
15:37:32 INFO  State of current operation: PENDING
15:37:34 INFO  State of current operation: PENDING
15:37:36 INFO  State of current operation: PENDING
15:37:38 INFO  State of current operation: PENDING
15:37:41 INFO  State of current operation: PENDING
15:37:43 INFO  State of current operation: PENDING
15:37:45 INFO  State of current operation: PENDING
15:37:47 INFO  State of current operation: PENDING
15:37:49 INFO  State of current operation: PENDING
15:37:52 INFO  State of current operation: PENDING
15:37:54 INFO  State of current operation: PENDING
15:37:56 INFO  State of current operation: PENDING
15:37:58 INFO  State of current operation: PENDING
15:38:01 INFO  State of current operation: PENDING
15:38:03 INFO  State of current operation: PENDING
15:38:05 INFO  State of current operation: PENDING
15:38:07 INFO  State of current operation: PENDING
15:38:10 INFO  State of current operation: PENDING
15:38:12 INFO  State of current operation: PENDING
15:38:14 INFO  State of current operation: PENDING
15:38:16 INFO  State of current operation: PENDING
15:38:19 INFO  State of current operation: PENDING
15:38:21 INFO  State of current operation: PENDING
15:38:23 INFO  State of current operation: PENDING
15:38:25 INFO  State of current operation: PENDING
15:38:28 INFO  State of current operation: PENDING
15:38:30 INFO  State of current operation: PENDING
15:38:32 INFO  State of current operation: PENDING
15:38:34 INFO  State of current operation: PENDING
15:38:36 INFO  State of current operation: PENDING
15:38:39 INFO  State of current operation: PENDING
15:38:41 INFO  State of current operation: PENDING
15:38:43 INFO  State of current operation: PENDING
15:38:45 INFO  State of current operation: PENDING
15:38:47 WARN  SystemError occurred while running test - Timeout while waiting for status FAILED or SUCCESSFUL
Traceback (most recent call last):
  File &quot;/home/pi/env-pysys/lib/python3.7/site-packages/pysys/baserunner.py&quot;, line 1292, in __call__
    self.testObj.setup()
  File &quot;/home/pi/actions-runner/_work/thin-edge.io/thin-edge.io/tests/PySys/software_management_end_to_end/sm_apt_install_remove/run.py&quot;, line 27, in setup
    super().setup()
  File &quot;/home/pi/actions-runner/_work/thin-edge.io/thin-edge.io/tests/PySys/software_management_end_to_end/environment_sm_management.py&quot;, line 151, in setup
    self.wait_until_end()
  File &quot;/home/pi/actions-runner/_work/thin-edge.io/thin-edge.io/tests/PySys/software_management_end_to_end/environment_sm_management.py&quot;, line 332, in wait_until_end
    self.wait_until_status(&quot;FAILED&quot;, &quot;SUCCESSFUL&quot;)
  File &quot;/home/pi/actions-runner/_work/thin-edge.io/thin-edge.io/tests/PySys/software_management_end_to_end/environment_sm_management.py&quot;, line 381, in wait_until_status
    &quot;Timeout while waiting for status %s or %s&quot; % (status, status2)
SystemError: Timeout while waiting for status FAILED or SUCCESSFUL
15:38:47 WARN  SystemError: Timeout while waiting for status FAILED or SUCCESSFUL ... blocked 
15:38:47 INFO  
15:38:47 INFO  cleanup:
15:38:51 INFO  Executed sudo&lt;tedge_disconnect_c8y&gt;, exit status 0
15:38:52 INFO  Executed systemctl&lt;serv_mapper5&gt;, exit status 3
15:38:52 INFO  
15:38:52 INFO  Test duration: 165.24 secs
15:38:52 INFO  Test final outcome:  BLOCKED
15:38:52 INFO  Test outcome reason: SystemError: Timeout while waiting for status FAILED or SUCCESSFUL
15:38:52 INFO  
</system-out>
	</testcase>
</testsuite>
