<?xml version="1.0" encoding="utf-8"?>
<testsuite failures="1" name="SoftwareManagement.sm_apt_install_remove_multiple" skipped="0" tests="1" time="179.28" timestamp="2022-05-20T11:58:42">
	<testcase classname="PySysTest" name="SoftwareManagement.sm_apt_install_remove_multiple">
		<failure message="FAILED: Assert that (False == value) with value=True" type="FAILED"/>
		<system-out>11:55:42 INFO  ==============================================================
11:55:42 INFO  Id:    SoftwareManagement.sm_apt_install_remove_multiple
11:55:42 INFO  Dir:   software_management_end_to_end/
11:55:42 INFO  Title: Validate end to end behaviour for the apt plugin for multiple packages
11:55:42 INFO  ==============================================================
11:55:42 INFO  Using sw id database: {'asciijump': '5475369', 'robotfindskitten': '5474869', 'squirrel3': '5475279', 'rolldice': '5152439', 'moon-buggy': '5439204', 'apple': '5495053', 'banana': '5494888', 'cherry': '5495382', 'watermelon': '5494510', 'registry': '8018911', 'hello-world': '8021526', 'docker/getting-started': '8021973', 'alpine': '7991792'}
11:55:42 INFO  EnvironmentC8y Setup
11:55:43 INFO  Executed systemctl&lt;serv_mapper1&gt;, exit status 3
11:55:43 INFO  Restarting mosquitto too frequently in the last 10 seconds. It was only up for 4 seconds
11:55:43 INFO  Delaying execution by 7 seconds
11:56:04 INFO  Executed sudo&lt;tedge_connect_c8y&gt;, exit status 0, duration 13 secs
11:56:05 INFO  Executed sudo&lt;tedge_connect_c8y_test&gt;, exit status 0
11:56:05 INFO  Executed systemctl&lt;serv_mosq2&gt;, exit status 0
11:56:06 INFO  Executed systemctl&lt;serv_mapper3&gt;, exit status 0
11:56:08 INFO  State of current operation: SUCCESSFUL
11:56:08 INFO  Assert that (False == value) with value=False ... passed
11:56:08 INFO  Assert that (False == value) with value=False ... passed
11:56:09 INFO  Assert that (False == value) with value=False ... passed
11:56:09 INFO  Package robotfindskitten is installed
11:56:09 WARN  Assert that (False == value) with value=True ... failed 
11:56:09 INFO  Response status: 201
11:56:09 INFO  Response to action: {
    &quot;creationTime&quot;: &quot;2022-05-20T11:56:09.467Z&quot;,
    &quot;deviceId&quot;: &quot;19394849&quot;,
    &quot;deviceName&quot;: &quot;m32sd10c&quot;,
    &quot;self&quot;: &quot;https://t493319102.eu-latest.cumulocity.com/devicecontrol/operations/19409293&quot;,
    &quot;id&quot;: &quot;19409293&quot;,
    &quot;status&quot;: &quot;PENDING&quot;,
    &quot;description&quot;: &quot;Apply software changes, triggered from PySys: [{'action': 'install', 'id': '5475369', 'name': 'asciijump', 'url': ' ', 'version': '::apt'}, {'action': 'install', 'id': '5474869', 'name': 'robotfindskitten', 'url': ' ', 'version': '::apt'}, {'action': 'install', 'id': '5475279', 'name': 'squirrel3', 'url': ' ', 'version': '::apt'}]&quot;,
    &quot;c8y_SoftwareUpdate&quot;: [
        {
            &quot;name&quot;: &quot;asciijump&quot;,
            &quot;action&quot;: &quot;install&quot;,
            &quot;id&quot;: &quot;5475369&quot;,
            &quot;version&quot;: &quot;::apt&quot;,
            &quot;url&quot;: &quot; &quot;
        },
        {
            &quot;name&quot;: &quot;robotfindskitten&quot;,
            &quot;action&quot;: &quot;install&quot;,
            &quot;id&quot;: &quot;5474869&quot;,
            &quot;version&quot;: &quot;::apt&quot;,
            &quot;url&quot;: &quot; &quot;
        },
        {
            &quot;name&quot;: &quot;squirrel3&quot;,
            &quot;action&quot;: &quot;install&quot;,
            &quot;id&quot;: &quot;5475279&quot;,
            &quot;version&quot;: &quot;::apt&quot;,
            &quot;url&quot;: &quot; &quot;
        }
    ]
}
11:56:09 INFO  Started operation: {'creationTime': '2022-05-20T11:56:09.467Z', 'deviceId': '19394849', 'deviceName': 'm32sd10c', 'self': 'https://t493319102.eu-latest.cumulocity.com/devicecontrol/operations/19409293', 'id': '19409293', 'status': 'PENDING', 'description': &quot;Apply software changes, triggered from PySys: [{'action': 'install', 'id': '5475369', 'name': 'asciijump', 'url': ' ', 'version': '::apt'}, {'action': 'install', 'id': '5474869', 'name': 'robotfindskitten', 'url': ' ', 'version': '::apt'}, {'action': 'install', 'id': '5475279', 'name': 'squirrel3', 'url': ' ', 'version': '::apt'}]&quot;, 'c8y_SoftwareUpdate': [{'name': 'asciijump', 'action': 'install', 'id': '5475369', 'version': '::apt', 'url': ' '}, {'name': 'robotfindskitten', 'action': 'install', 'id': '5474869', 'version': '::apt', 'url': ' '}, {'name': 'squirrel3', 'action': 'install', 'id': '5475279', 'version': '::apt', 'url': ' '}]}
11:56:11 INFO  State of operation 19409293 : PENDING
11:56:13 INFO  State of operation 19409293 : EXECUTING
11:56:16 INFO  State of operation 19409293 : EXECUTING
11:56:18 INFO  State of operation 19409293 : EXECUTING
11:56:20 INFO  State of operation 19409293 : EXECUTING
11:56:23 INFO  State of operation 19409293 : EXECUTING
11:56:25 INFO  State of operation 19409293 : EXECUTING
11:56:28 INFO  State of operation 19409293 : EXECUTING
11:56:31 INFO  State of operation 19409293 : EXECUTING
11:56:33 INFO  State of operation 19409293 : EXECUTING
11:56:35 INFO  State of operation 19409293 : EXECUTING
11:56:37 INFO  State of operation 19409293 : EXECUTING
11:56:40 INFO  State of operation 19409293 : EXECUTING
11:56:42 INFO  State of operation 19409293 : EXECUTING
11:56:44 INFO  State of operation 19409293 : EXECUTING
11:56:46 INFO  State of operation 19409293 : EXECUTING
11:56:49 INFO  State of operation 19409293 : EXECUTING
11:56:51 INFO  State of operation 19409293 : EXECUTING
11:56:54 INFO  State of operation 19409293 : EXECUTING
11:56:56 INFO  State of operation 19409293 : EXECUTING
11:56:58 INFO  State of operation 19409293 : EXECUTING
11:57:01 INFO  State of operation 19409293 : EXECUTING
11:57:03 INFO  State of operation 19409293 : EXECUTING
11:57:06 INFO  State of operation 19409293 : EXECUTING
11:57:08 INFO  State of operation 19409293 : EXECUTING
11:57:11 INFO  State of operation 19409293 : EXECUTING
11:57:13 INFO  State of operation 19409293 : EXECUTING
11:57:16 INFO  State of operation 19409293 : EXECUTING
11:57:18 INFO  State of operation 19409293 : EXECUTING
11:57:21 INFO  State of operation 19409293 : EXECUTING
11:57:23 INFO  State of operation 19409293 : EXECUTING
11:57:25 INFO  State of operation 19409293 : EXECUTING
11:57:27 INFO  State of operation 19409293 : EXECUTING
11:57:30 INFO  State of operation 19409293 : SUCCESSFUL
11:57:30 INFO  Assert that (False == value) with value=False ... passed
11:57:30 INFO  Package asciijump is installed
11:57:30 INFO  Assert that (True == value) with value=True ... passed
11:57:30 INFO  Package squirrel3 is installed
11:57:30 INFO  Assert that (True == value) with value=True ... passed
11:57:31 INFO  Package robotfindskitten is installed
11:57:31 INFO  Assert that (True == value) with value=True ... passed
11:57:31 INFO  Response status: 201
11:57:31 INFO  Response to action: {
    &quot;creationTime&quot;: &quot;2022-05-20T11:57:31.273Z&quot;,
    &quot;deviceId&quot;: &quot;19394849&quot;,
    &quot;deviceName&quot;: &quot;m32sd10c&quot;,
    &quot;self&quot;: &quot;https://t493319102.eu-latest.cumulocity.com/devicecontrol/operations/19409306&quot;,
    &quot;id&quot;: &quot;19409306&quot;,
    &quot;status&quot;: &quot;PENDING&quot;,
    &quot;description&quot;: &quot;Apply software changes, triggered from PySys: [{'action': 'delete', 'id': '5475369', 'name': 'asciijump', 'url': ' ', 'version': '::apt'}, {'action': 'delete', 'id': '5474869', 'name': 'robotfindskitten', 'url': ' ', 'version': '::apt'}, {'action': 'delete', 'id': '5475279', 'name': 'squirrel3', 'url': ' ', 'version': '::apt'}]&quot;,
    &quot;c8y_SoftwareUpdate&quot;: [
        {
            &quot;name&quot;: &quot;asciijump&quot;,
            &quot;action&quot;: &quot;delete&quot;,
            &quot;id&quot;: &quot;5475369&quot;,
            &quot;version&quot;: &quot;::apt&quot;,
            &quot;url&quot;: &quot; &quot;
        },
        {
            &quot;name&quot;: &quot;robotfindskitten&quot;,
            &quot;action&quot;: &quot;delete&quot;,
            &quot;id&quot;: &quot;5474869&quot;,
            &quot;version&quot;: &quot;::apt&quot;,
            &quot;url&quot;: &quot; &quot;
        },
        {
            &quot;name&quot;: &quot;squirrel3&quot;,
            &quot;action&quot;: &quot;delete&quot;,
            &quot;id&quot;: &quot;5475279&quot;,
            &quot;version&quot;: &quot;::apt&quot;,
            &quot;url&quot;: &quot; &quot;
        }
    ]
}
11:57:31 INFO  Started operation: {'creationTime': '2022-05-20T11:57:31.273Z', 'deviceId': '19394849', 'deviceName': 'm32sd10c', 'self': 'https://t493319102.eu-latest.cumulocity.com/devicecontrol/operations/19409306', 'id': '19409306', 'status': 'PENDING', 'description': &quot;Apply software changes, triggered from PySys: [{'action': 'delete', 'id': '5475369', 'name': 'asciijump', 'url': ' ', 'version': '::apt'}, {'action': 'delete', 'id': '5474869', 'name': 'robotfindskitten', 'url': ' ', 'version': '::apt'}, {'action': 'delete', 'id': '5475279', 'name': 'squirrel3', 'url': ' ', 'version': '::apt'}]&quot;, 'c8y_SoftwareUpdate': [{'name': 'asciijump', 'action': 'delete', 'id': '5475369', 'version': '::apt', 'url': ' '}, {'name': 'robotfindskitten', 'action': 'delete', 'id': '5474869', 'version': '::apt', 'url': ' '}, {'name': 'squirrel3', 'action': 'delete', 'id': '5475279', 'version': '::apt', 'url': ' '}]}
11:57:33 INFO  State of operation 19409306 : PENDING
11:57:35 INFO  State of operation 19409306 : EXECUTING
11:57:38 INFO  State of operation 19409306 : EXECUTING
11:57:40 INFO  State of operation 19409306 : EXECUTING
11:57:42 INFO  State of operation 19409306 : EXECUTING
11:57:44 INFO  State of operation 19409306 : EXECUTING
11:57:47 INFO  State of operation 19409306 : EXECUTING
11:57:50 INFO  State of operation 19409306 : EXECUTING
11:57:52 INFO  State of operation 19409306 : EXECUTING
11:57:54 INFO  State of operation 19409306 : EXECUTING
11:57:57 INFO  State of operation 19409306 : EXECUTING
11:57:59 INFO  State of operation 19409306 : EXECUTING
11:58:01 INFO  State of operation 19409306 : EXECUTING
11:58:03 INFO  State of operation 19409306 : EXECUTING
11:58:06 INFO  State of operation 19409306 : EXECUTING
11:58:08 INFO  State of operation 19409306 : EXECUTING
11:58:10 INFO  State of operation 19409306 : EXECUTING
11:58:13 INFO  State of operation 19409306 : EXECUTING
11:58:16 INFO  State of operation 19409306 : EXECUTING
11:58:18 INFO  State of operation 19409306 : EXECUTING
11:58:20 INFO  State of operation 19409306 : EXECUTING
11:58:22 INFO  State of operation 19409306 : EXECUTING
11:58:24 INFO  State of operation 19409306 : EXECUTING
11:58:27 INFO  State of operation 19409306 : EXECUTING
11:58:29 INFO  State of operation 19409306 : EXECUTING
11:58:32 INFO  State of operation 19409306 : EXECUTING
11:58:34 INFO  State of operation 19409306 : EXECUTING
11:58:36 INFO  State of operation 19409306 : SUCCESSFUL
11:58:36 INFO  Assert that (False == value) with value=False ... passed
11:58:37 INFO  Assert that (False == value) with value=False ... passed
11:58:37 INFO  Assert that (False == value) with value=False ... passed
11:58:37 INFO  Assert that (False == value) with value=False ... passed
11:58:37 INFO  
11:58:37 INFO  cleanup:
11:58:41 INFO  Executed sudo&lt;tedge_disconnect_c8y&gt;, exit status 0
11:58:42 INFO  Executed systemctl&lt;serv_mapper5&gt;, exit status 3
11:58:42 INFO  
11:58:42 INFO  Test duration: 179.28 secs
11:58:42 INFO  Test final outcome:  FAILED
11:58:42 INFO  Test outcome reason: Assert that (False == value) with value=True
11:58:42 INFO  
</system-out>
	</testcase>
</testsuite>
