<?xml version="1.0" encoding="utf-8"?>
<testsuite failures="1" name="SoftwareManagement.sm_apt_install_fail" skipped="0" tests="1" time="165.3" timestamp="2022-05-23T19:46:05">
	<testcase classname="PySysTest" name="SoftwareManagement.sm_apt_install_fail">
		<failure message="BLOCKED: SystemError: Timeout while waiting for status FAILED or SUCCESSFUL" type="BLOCKED"/>
		<system-out>19:43:20 INFO  ==============================================================
19:43:20 INFO  Id:    SoftwareManagement.sm_apt_install_fail
19:43:20 INFO  Dir:   software_management_end_to_end/
19:43:20 INFO  Title: Validate end to end behaviour for a failing installation
19:43:20 INFO  ==============================================================
19:43:20 INFO  Using sw id database: {'asciijump': '5475369', 'robotfindskitten': '5474869', 'squirrel3': '5475279', 'rolldice': '5152439', 'moon-buggy': '5439204', 'apple': '5495053', 'banana': '5494888', 'cherry': '5495382', 'watermelon': '5494510', 'registry': '8018911', 'hello-world': '8021526', 'docker/getting-started': '8021973', 'alpine': '7991792'}
19:43:20 INFO  EnvironmentC8y Setup
19:43:21 INFO  Executed systemctl&lt;serv_mapper1&gt;, exit status 3
19:43:21 INFO  Restarting mosquitto too frequently in the last 10 seconds. It was only up for 5 seconds
19:43:21 INFO  Delaying execution by 6 seconds
19:43:41 INFO  Executed sudo&lt;tedge_connect_c8y&gt;, exit status 0, duration 14 secs
19:43:42 INFO  Executed sudo&lt;tedge_connect_c8y_test&gt;, exit status 0
19:43:42 INFO  Executed systemctl&lt;serv_mosq2&gt;, exit status 0
19:43:42 INFO  Executed systemctl&lt;serv_mapper3&gt;, exit status 0
19:43:45 INFO  State of current operation: PENDING
19:43:47 INFO  State of current operation: PENDING
19:43:49 INFO  State of current operation: PENDING
19:43:51 INFO  State of current operation: PENDING
19:43:54 INFO  State of current operation: PENDING
19:43:56 INFO  State of current operation: PENDING
19:43:58 INFO  State of current operation: PENDING
19:44:00 INFO  State of current operation: PENDING
19:44:02 INFO  State of current operation: PENDING
19:44:05 INFO  State of current operation: PENDING
19:44:07 INFO  State of current operation: PENDING
19:44:09 INFO  State of current operation: PENDING
19:44:11 INFO  State of current operation: PENDING
19:44:14 INFO  State of current operation: PENDING
19:44:16 INFO  State of current operation: PENDING
19:44:18 INFO  State of current operation: PENDING
19:44:20 INFO  State of current operation: PENDING
19:44:23 INFO  State of current operation: PENDING
19:44:25 INFO  State of current operation: PENDING
19:44:27 INFO  State of current operation: PENDING
19:44:29 INFO  State of current operation: PENDING
19:44:31 INFO  State of current operation: PENDING
19:44:34 INFO  State of current operation: PENDING
19:44:36 INFO  State of current operation: PENDING
19:44:38 INFO  State of current operation: PENDING
19:44:40 INFO  State of current operation: PENDING
19:44:43 INFO  State of current operation: PENDING
19:44:45 INFO  State of current operation: PENDING
19:44:47 INFO  State of current operation: PENDING
19:44:49 INFO  State of current operation: PENDING
19:44:51 INFO  State of current operation: PENDING
19:44:54 INFO  State of current operation: PENDING
19:44:56 INFO  State of current operation: PENDING
19:44:58 INFO  State of current operation: PENDING
19:45:01 INFO  State of current operation: PENDING
19:45:03 INFO  State of current operation: PENDING
19:45:05 INFO  State of current operation: PENDING
19:45:07 INFO  State of current operation: PENDING
19:45:10 INFO  State of current operation: PENDING
19:45:12 INFO  State of current operation: PENDING
19:45:14 INFO  State of current operation: PENDING
19:45:16 INFO  State of current operation: PENDING
19:45:18 INFO  State of current operation: PENDING
19:45:21 INFO  State of current operation: PENDING
19:45:23 INFO  State of current operation: PENDING
19:45:25 INFO  State of current operation: PENDING
19:45:27 INFO  State of current operation: PENDING
19:45:30 INFO  State of current operation: PENDING
19:45:32 INFO  State of current operation: PENDING
19:45:34 INFO  State of current operation: PENDING
19:45:36 INFO  State of current operation: PENDING
19:45:38 INFO  State of current operation: PENDING
19:45:41 INFO  State of current operation: PENDING
19:45:43 INFO  State of current operation: PENDING
19:45:45 INFO  State of current operation: PENDING
19:45:47 INFO  State of current operation: PENDING
19:45:50 INFO  State of current operation: PENDING
19:45:52 INFO  State of current operation: PENDING
19:45:54 INFO  State of current operation: PENDING
19:45:56 INFO  State of current operation: PENDING
19:45:59 INFO  State of current operation: PENDING
19:46:01 WARN  SystemError occurred while running test - Timeout while waiting for status FAILED or SUCCESSFUL
Traceback (most recent call last):
  File &quot;/home/pi/env-pysys/lib/python3.7/site-packages/pysys/baserunner.py&quot;, line 1292, in __call__
    self.testObj.setup()
  File &quot;/home/pi/actions-runner/_work/thin-edge.io/thin-edge.io/tests/PySys/software_management_end_to_end/sm_apt_install_fail/run.py&quot;, line 20, in setup
    super().setup()
  File &quot;/home/pi/actions-runner/_work/thin-edge.io/thin-edge.io/tests/PySys/software_management_end_to_end/environment_sm_management.py&quot;, line 151, in setup
    self.wait_until_end()
  File &quot;/home/pi/actions-runner/_work/thin-edge.io/thin-edge.io/tests/PySys/software_management_end_to_end/environment_sm_management.py&quot;, line 332, in wait_until_end
    self.wait_until_status(&quot;FAILED&quot;, &quot;SUCCESSFUL&quot;)
  File &quot;/home/pi/actions-runner/_work/thin-edge.io/thin-edge.io/tests/PySys/software_management_end_to_end/environment_sm_management.py&quot;, line 381, in wait_until_status
    &quot;Timeout while waiting for status %s or %s&quot; % (status, status2)
SystemError: Timeout while waiting for status FAILED or SUCCESSFUL
19:46:01 WARN  SystemError: Timeout while waiting for status FAILED or SUCCESSFUL ... blocked 
19:46:01 INFO  
19:46:01 INFO  cleanup:
19:46:05 INFO  Executed sudo&lt;tedge_disconnect_c8y&gt;, exit status 0
19:46:05 INFO  Executed systemctl&lt;serv_mapper5&gt;, exit status 3
19:46:05 INFO  
19:46:05 INFO  Test duration: 165.30 secs
19:46:05 INFO  Test final outcome:  BLOCKED
19:46:05 INFO  Test outcome reason: SystemError: Timeout while waiting for status FAILED or SUCCESSFUL
19:46:05 INFO  
</system-out>
	</testcase>
</testsuite>
