<?xml version="1.0" encoding="utf-8"?>
<testsuite failures="1" name="SoftwareManagement.sm_apt_install_remove_multiple_mixed" skipped="0" tests="1" time="179.48" timestamp="2022-06-09T07:45:19">
	<testcase classname="PySysTest" name="SoftwareManagement.sm_apt_install_remove_multiple_mixed">
		<failure message="BLOCKED: SystemError: Timeout while waiting for status SUCCESSFUL or False" type="BLOCKED"/>
		<system-out>07:42:19 INFO  ==============================================================
07:42:19 INFO  Id:    SoftwareManagement.sm_apt_install_remove_multiple_mixed
07:42:19 INFO  Dir:   software_management_end_to_end/
07:42:19 INFO  Title: Validate end to end behaviour for the apt plugin for multiple packages with mixed versions
07:42:19 INFO  ==============================================================
07:42:19 INFO  Using sw id database: {'asciijump': '5475369', 'robotfindskitten': '5474869', 'squirrel3': '5475279', 'rolldice': '5152439', 'moon-buggy': '5439204', 'apple': '5495053', 'banana': '5494888', 'cherry': '5495382', 'watermelon': '5494510', 'registry': '8018911', 'hello-world': '8021526', 'docker/getting-started': '8021973', 'alpine': '7991792'}
07:42:19 INFO  EnvironmentC8y Setup
07:42:20 INFO  Executed systemctl&lt;serv_mapper1&gt;, exit status 3
07:42:20 INFO  Restarting mosquitto too frequently in the last 10 seconds. It was only up for 5 seconds
07:42:20 INFO  Delaying execution by 6 seconds
07:42:40 INFO  Executed sudo&lt;tedge_connect_c8y&gt;, exit status 0, duration 13 secs
07:42:41 INFO  Executed sudo&lt;tedge_connect_c8y_test&gt;, exit status 0
07:42:41 INFO  Executed systemctl&lt;serv_mosq2&gt;, exit status 0
07:42:41 INFO  Executed systemctl&lt;serv_mapper3&gt;, exit status 0
07:42:44 INFO  State of current operation: SUCCESSFUL
07:42:44 INFO  Assert that (False == value) with value=False ... passed
07:42:44 INFO  Assert that (False == value) with value=False ... passed
07:42:45 INFO  Assert that (False == value) with value=False ... passed
07:42:45 INFO  Assert that (False == value) with value=False ... passed
07:42:45 INFO  Assert that (False == value) with value=False ... passed
07:42:47 INFO  Response status: 201
07:42:47 INFO  Response to action: {
    &quot;creationTime&quot;: &quot;2022-06-09T07:42:47.064Z&quot;,
    &quot;deviceId&quot;: &quot;20072100&quot;,
    &quot;deviceName&quot;: &quot;m32sd10c&quot;,
    &quot;self&quot;: &quot;https://t493319102.eu-latest.cumulocity.com/devicecontrol/operations/20084364&quot;,
    &quot;id&quot;: &quot;20084364&quot;,
    &quot;status&quot;: &quot;PENDING&quot;,
    &quot;description&quot;: &quot;Apply software changes, triggered from PySys: [{'action': 'install', 'id': '5475369', 'name': 'asciijump', 'url': ' ', 'version': '::apt'}, {'action': 'install', 'id': '5474869', 'name': 'robotfindskitten', 'url': ' ', 'version': ' '}, {'action': 'install', 'id': '5475279', 'name': 'squirrel3', 'url': ' ', 'version': '3.1-7::apt'}, {'action': 'install', 'id': '5152439', 'name': 'rolldice', 'url': ' ', 'version': '1.16-1+b1'}, {'action': 'install', 'id': '5439204', 'name': 'moon-buggy', 'url': ' ', 'version': '1:1.0.51-12'}, {'action': 'install', 'id': '5475369', 'name': 'asciijump', 'url': ' ', 'version': '::apt'}]&quot;,
    &quot;c8y_SoftwareUpdate&quot;: [
        {
            &quot;name&quot;: &quot;asciijump&quot;,
            &quot;action&quot;: &quot;install&quot;,
            &quot;id&quot;: &quot;5475369&quot;,
            &quot;version&quot;: &quot;::apt&quot;,
            &quot;url&quot;: &quot; &quot;
        },
        {
            &quot;name&quot;: &quot;robotfindskitten&quot;,
            &quot;action&quot;: &quot;install&quot;,
            &quot;id&quot;: &quot;5474869&quot;,
            &quot;version&quot;: &quot; &quot;,
            &quot;url&quot;: &quot; &quot;
        },
        {
            &quot;name&quot;: &quot;squirrel3&quot;,
            &quot;action&quot;: &quot;install&quot;,
            &quot;id&quot;: &quot;5475279&quot;,
            &quot;version&quot;: &quot;3.1-7::apt&quot;,
            &quot;url&quot;: &quot; &quot;
        },
        {
            &quot;name&quot;: &quot;rolldice&quot;,
            &quot;action&quot;: &quot;install&quot;,
            &quot;id&quot;: &quot;5152439&quot;,
            &quot;version&quot;: &quot;1.16-1+b1&quot;,
            &quot;url&quot;: &quot; &quot;
        },
        {
            &quot;name&quot;: &quot;moon-buggy&quot;,
            &quot;action&quot;: &quot;install&quot;,
            &quot;id&quot;: &quot;5439204&quot;,
            &quot;version&quot;: &quot;1:1.0.51-12&quot;,
            &quot;url&quot;: &quot; &quot;
        },
        {
            &quot;name&quot;: &quot;asciijump&quot;,
            &quot;action&quot;: &quot;install&quot;,
            &quot;id&quot;: &quot;5475369&quot;,
            &quot;version&quot;: &quot;::apt&quot;,
            &quot;url&quot;: &quot; &quot;
        }
    ]
}
07:42:47 INFO  Started operation: {'creationTime': '2022-06-09T07:42:47.064Z', 'deviceId': '20072100', 'deviceName': 'm32sd10c', 'self': 'https://t493319102.eu-latest.cumulocity.com/devicecontrol/operations/20084364', 'id': '20084364', 'status': 'PENDING', 'description': &quot;Apply software changes, triggered from PySys: [{'action': 'install', 'id': '5475369', 'name': 'asciijump', 'url': ' ', 'version': '::apt'}, {'action': 'install', 'id': '5474869', 'name': 'robotfindskitten', 'url': ' ', 'version': ' '}, {'action': 'install', 'id': '5475279', 'name': 'squirrel3', 'url': ' ', 'version': '3.1-7::apt'}, {'action': 'install', 'id': '5152439', 'name': 'rolldice', 'url': ' ', 'version': '1.16-1+b1'}, {'action': 'install', 'id': '5439204', 'name': 'moon-buggy', 'url': ' ', 'version': '1:1.0.51-12'}, {'action': 'install', 'id': '5475369', 'name': 'asciijump', 'url': ' ', 'version': '::apt'}]&quot;, 'c8y_SoftwareUpdate': [{'name': 'asciijump', 'action': 'install', 'id': '5475369', 'version': '::apt', 'url': ' '}, {'name': 'robotfindskitten', 'action': 'install', 'id': '5474869', 'version': ' ', 'url': ' '}, {'name': 'squirrel3', 'action': 'install', 'id': '5475279', 'version': '3.1-7::apt', 'url': ' '}, {'name': 'rolldice', 'action': 'install', 'id': '5152439', 'version': '1.16-1+b1', 'url': ' '}, {'name': 'moon-buggy', 'action': 'install', 'id': '5439204', 'version': '1:1.0.51-12', 'url': ' '}, {'name': 'asciijump', 'action': 'install', 'id': '5475369', 'version': '::apt', 'url': ' '}]}
07:42:49 INFO  State of operation 20084364 : PENDING
07:42:51 INFO  State of operation 20084364 : EXECUTING
07:42:53 INFO  State of operation 20084364 : EXECUTING
07:42:56 INFO  State of operation 20084364 : EXECUTING
07:42:58 INFO  State of operation 20084364 : EXECUTING
07:43:00 INFO  State of operation 20084364 : EXECUTING
07:43:03 INFO  State of operation 20084364 : EXECUTING
07:43:05 INFO  State of operation 20084364 : EXECUTING
07:43:08 INFO  State of operation 20084364 : EXECUTING
07:43:10 INFO  State of operation 20084364 : EXECUTING
07:43:13 INFO  State of operation 20084364 : EXECUTING
07:43:15 INFO  State of operation 20084364 : EXECUTING
07:43:17 INFO  State of operation 20084364 : EXECUTING
07:43:19 INFO  State of operation 20084364 : EXECUTING
07:43:22 INFO  State of operation 20084364 : EXECUTING
07:43:24 INFO  State of operation 20084364 : EXECUTING
07:43:26 INFO  State of operation 20084364 : EXECUTING
07:43:29 INFO  State of operation 20084364 : EXECUTING
07:43:31 INFO  State of operation 20084364 : EXECUTING
07:43:33 INFO  State of operation 20084364 : EXECUTING
07:43:36 INFO  State of operation 20084364 : EXECUTING
07:43:38 INFO  State of operation 20084364 : EXECUTING
07:43:41 INFO  State of operation 20084364 : EXECUTING
07:43:43 INFO  State of operation 20084364 : EXECUTING
07:43:46 INFO  State of operation 20084364 : EXECUTING
07:43:48 INFO  State of operation 20084364 : EXECUTING
07:43:50 INFO  State of operation 20084364 : EXECUTING
07:43:52 INFO  State of operation 20084364 : EXECUTING
07:43:54 INFO  State of operation 20084364 : EXECUTING
07:43:57 INFO  State of operation 20084364 : EXECUTING
07:43:59 INFO  State of operation 20084364 : EXECUTING
07:44:01 INFO  State of operation 20084364 : EXECUTING
07:44:04 INFO  State of operation 20084364 : EXECUTING
07:44:06 INFO  State of operation 20084364 : EXECUTING
07:44:08 INFO  State of operation 20084364 : EXECUTING
07:44:10 INFO  State of operation 20084364 : EXECUTING
07:44:12 INFO  State of operation 20084364 : EXECUTING
07:44:15 INFO  State of operation 20084364 : EXECUTING
07:44:18 INFO  State of operation 20084364 : EXECUTING
07:44:20 INFO  State of operation 20084364 : EXECUTING
07:44:23 INFO  State of operation 20084364 : EXECUTING
07:44:25 INFO  State of operation 20084364 : EXECUTING
07:44:27 INFO  State of operation 20084364 : EXECUTING
07:44:29 INFO  State of operation 20084364 : EXECUTING
07:44:32 INFO  State of operation 20084364 : EXECUTING
07:44:34 INFO  State of operation 20084364 : EXECUTING
07:44:36 INFO  State of operation 20084364 : EXECUTING
07:44:38 INFO  State of operation 20084364 : EXECUTING
07:44:41 INFO  State of operation 20084364 : EXECUTING
07:44:43 INFO  State of operation 20084364 : EXECUTING
07:44:46 INFO  State of operation 20084364 : EXECUTING
07:44:48 INFO  State of operation 20084364 : EXECUTING
07:44:51 INFO  State of operation 20084364 : EXECUTING
07:44:53 INFO  State of operation 20084364 : EXECUTING
07:44:55 INFO  State of operation 20084364 : EXECUTING
07:44:58 INFO  State of operation 20084364 : EXECUTING
07:45:00 INFO  State of operation 20084364 : EXECUTING
07:45:02 INFO  State of operation 20084364 : EXECUTING
07:45:05 INFO  State of operation 20084364 : EXECUTING
07:45:07 INFO  State of operation 20084364 : EXECUTING
07:45:09 INFO  State of operation 20084364 : EXECUTING
07:45:11 WARN  SystemError occurred while running test - Timeout while waiting for status SUCCESSFUL or False
Traceback (most recent call last):
  File &quot;/home/pi/env-pysys/lib/python3.7/site-packages/pysys/baserunner.py&quot;, line 1294, in __call__
    self.testObj.execute()
  File &quot;/home/pi/actions-runner/_work/thin-edge.io/thin-edge.io/tests/PySys/software_management_end_to_end/sm_apt_install_remove_multiple_mixed/run.py&quot;, line 89, in execute
    self.wait_until_succcess()
  File &quot;/home/pi/actions-runner/_work/thin-edge.io/thin-edge.io/tests/PySys/software_management_end_to_end/environment_sm_management.py&quot;, line 324, in wait_until_succcess
    self.wait_until_status(&quot;SUCCESSFUL&quot;)
  File &quot;/home/pi/actions-runner/_work/thin-edge.io/thin-edge.io/tests/PySys/software_management_end_to_end/environment_sm_management.py&quot;, line 381, in wait_until_status
    &quot;Timeout while waiting for status %s or %s&quot; % (status, status2)
SystemError: Timeout while waiting for status SUCCESSFUL or False
07:45:11 WARN  SystemError: Timeout while waiting for status SUCCESSFUL or False ... blocked 
07:45:11 INFO  
07:45:11 INFO  cleanup:
07:45:18 INFO  Executed sudo&lt;tedge_disconnect_c8y&gt;, exit status 0
07:45:19 INFO  Executed systemctl&lt;serv_mapper5&gt;, exit status 3
07:45:19 INFO  
07:45:19 INFO  Test duration: 179.48 secs
07:45:19 INFO  Test final outcome:  BLOCKED
07:45:19 INFO  Test outcome reason: SystemError: Timeout while waiting for status SUCCESSFUL or False
07:45:19 INFO  
</system-out>
	</testcase>
</testsuite>
