<?xml version="1.0" encoding="utf-8"?>
<testsuite failures="1" name="SoftwareManagement.sm_apt_install_remove_multiple_mixed" skipped="0" tests="1" time="164.85" timestamp="2022-05-23T19:57:08">
	<testcase classname="PySysTest" name="SoftwareManagement.sm_apt_install_remove_multiple_mixed">
		<failure message="BLOCKED: SystemError: Timeout while waiting for status FAILED or SUCCESSFUL" type="BLOCKED"/>
		<system-out>19:54:23 INFO  ==============================================================
19:54:23 INFO  Id:    SoftwareManagement.sm_apt_install_remove_multiple_mixed
19:54:23 INFO  Dir:   software_management_end_to_end/
19:54:23 INFO  Title: Validate end to end behaviour for the apt plugin for multiple packages with mixed versions
19:54:23 INFO  ==============================================================
19:54:23 INFO  Using sw id database: {'asciijump': '5475369', 'robotfindskitten': '5474869', 'squirrel3': '5475279', 'rolldice': '5152439', 'moon-buggy': '5439204', 'apple': '5495053', 'banana': '5494888', 'cherry': '5495382', 'watermelon': '5494510', 'registry': '8018911', 'hello-world': '8021526', 'docker/getting-started': '8021973', 'alpine': '7991792'}
19:54:23 INFO  EnvironmentC8y Setup
19:54:23 INFO  Executed systemctl&lt;serv_mapper1&gt;, exit status 3
19:54:23 INFO  Restarting mosquitto too frequently in the last 10 seconds. It was only up for 5 seconds
19:54:23 INFO  Delaying execution by 6 seconds
19:54:43 INFO  Executed sudo&lt;tedge_connect_c8y&gt;, exit status 0, duration 13 secs
19:54:44 INFO  Executed sudo&lt;tedge_connect_c8y_test&gt;, exit status 0
19:54:44 INFO  Executed systemctl&lt;serv_mosq2&gt;, exit status 0
19:54:45 INFO  Executed systemctl&lt;serv_mapper3&gt;, exit status 0
19:54:47 INFO  State of current operation: PENDING
19:54:49 INFO  State of current operation: PENDING
19:54:52 INFO  State of current operation: PENDING
19:54:54 INFO  State of current operation: PENDING
19:54:56 INFO  State of current operation: PENDING
19:54:58 INFO  State of current operation: PENDING
19:55:00 INFO  State of current operation: PENDING
19:55:03 INFO  State of current operation: PENDING
19:55:05 INFO  State of current operation: PENDING
19:55:07 INFO  State of current operation: PENDING
19:55:09 INFO  State of current operation: PENDING
19:55:12 INFO  State of current operation: PENDING
19:55:14 INFO  State of current operation: PENDING
19:55:16 INFO  State of current operation: PENDING
19:55:18 INFO  State of current operation: PENDING
19:55:21 INFO  State of current operation: PENDING
19:55:23 INFO  State of current operation: PENDING
19:55:25 INFO  State of current operation: PENDING
19:55:27 INFO  State of current operation: PENDING
19:55:29 INFO  State of current operation: PENDING
19:55:32 INFO  State of current operation: PENDING
19:55:34 INFO  State of current operation: PENDING
19:55:36 INFO  State of current operation: PENDING
19:55:38 INFO  State of current operation: PENDING
19:55:41 INFO  State of current operation: PENDING
19:55:43 INFO  State of current operation: PENDING
19:55:45 INFO  State of current operation: PENDING
19:55:47 INFO  State of current operation: PENDING
19:55:50 INFO  State of current operation: PENDING
19:55:52 INFO  State of current operation: PENDING
19:55:54 INFO  State of current operation: PENDING
19:55:56 INFO  State of current operation: PENDING
19:55:58 INFO  State of current operation: PENDING
19:56:01 INFO  State of current operation: PENDING
19:56:03 INFO  State of current operation: PENDING
19:56:05 INFO  State of current operation: PENDING
19:56:07 INFO  State of current operation: PENDING
19:56:10 INFO  State of current operation: PENDING
19:56:12 INFO  State of current operation: PENDING
19:56:14 INFO  State of current operation: PENDING
19:56:16 INFO  State of current operation: PENDING
19:56:18 INFO  State of current operation: PENDING
19:56:21 INFO  State of current operation: PENDING
19:56:23 INFO  State of current operation: PENDING
19:56:25 INFO  State of current operation: PENDING
19:56:27 INFO  State of current operation: PENDING
19:56:30 INFO  State of current operation: PENDING
19:56:32 INFO  State of current operation: PENDING
19:56:34 INFO  State of current operation: PENDING
19:56:36 INFO  State of current operation: PENDING
19:56:39 INFO  State of current operation: PENDING
19:56:41 INFO  State of current operation: PENDING
19:56:43 INFO  State of current operation: PENDING
19:56:45 INFO  State of current operation: PENDING
19:56:47 INFO  State of current operation: PENDING
19:56:50 INFO  State of current operation: PENDING
19:56:52 INFO  State of current operation: PENDING
19:56:54 INFO  State of current operation: PENDING
19:56:56 INFO  State of current operation: PENDING
19:56:59 INFO  State of current operation: PENDING
19:57:01 INFO  State of current operation: PENDING
19:57:03 WARN  SystemError occurred while running test - Timeout while waiting for status FAILED or SUCCESSFUL
Traceback (most recent call last):
  File &quot;/home/pi/env-pysys/lib/python3.7/site-packages/pysys/baserunner.py&quot;, line 1292, in __call__
    self.testObj.setup()
  File &quot;/home/pi/actions-runner/_work/thin-edge.io/thin-edge.io/tests/PySys/software_management_end_to_end/sm_apt_install_remove_multiple_mixed/run.py&quot;, line 73, in setup
    super().setup()
  File &quot;/home/pi/actions-runner/_work/thin-edge.io/thin-edge.io/tests/PySys/software_management_end_to_end/environment_sm_management.py&quot;, line 151, in setup
    self.wait_until_end()
  File &quot;/home/pi/actions-runner/_work/thin-edge.io/thin-edge.io/tests/PySys/software_management_end_to_end/environment_sm_management.py&quot;, line 332, in wait_until_end
    self.wait_until_status(&quot;FAILED&quot;, &quot;SUCCESSFUL&quot;)
  File &quot;/home/pi/actions-runner/_work/thin-edge.io/thin-edge.io/tests/PySys/software_management_end_to_end/environment_sm_management.py&quot;, line 381, in wait_until_status
    &quot;Timeout while waiting for status %s or %s&quot; % (status, status2)
SystemError: Timeout while waiting for status FAILED or SUCCESSFUL
19:57:03 WARN  SystemError: Timeout while waiting for status FAILED or SUCCESSFUL ... blocked 
19:57:03 INFO  
19:57:03 INFO  cleanup:
19:57:07 INFO  Executed sudo&lt;tedge_disconnect_c8y&gt;, exit status 0
19:57:08 INFO  Executed systemctl&lt;serv_mapper5&gt;, exit status 3
19:57:08 INFO  
19:57:08 INFO  Test duration: 164.85 secs
19:57:08 INFO  Test final outcome:  BLOCKED
19:57:08 INFO  Test outcome reason: SystemError: Timeout while waiting for status FAILED or SUCCESSFUL
19:57:08 INFO  
</system-out>
	</testcase>
</testsuite>
