<?xml version="1.0" encoding="utf-8"?>
<testsuite failures="0" name="apt_finalize" skipped="0" tests="1" time="150.32" timestamp="2022-06-22T14:11:43">
	<testcase classname="AptPluginFinalize" name="apt_finalize"/>
</testsuite>
