<?xml version="1.0" encoding="utf-8"?>
<testsuite failures="0" name="apt_install_fail" skipped="0" tests="1" time="11.58" timestamp="2022-06-08T13:18:22">
	<testcase classname="AptPluginInstallFail" name="apt_install_fail"/>
</testsuite>
