<?xml version="1.0" encoding="utf-8"?>
<testsuite failures="1" name="SoftwareManagement.sm_apt_install_fail" skipped="0" tests="1" time="165.11" timestamp="2022-05-23T15:36:07">
	<testcase classname="PySysTest" name="SoftwareManagement.sm_apt_install_fail">
		<failure message="BLOCKED: SystemError: Timeout while waiting for status FAILED or SUCCESSFUL" type="BLOCKED"/>
		<system-out>15:33:22 INFO  ==============================================================
15:33:22 INFO  Id:    SoftwareManagement.sm_apt_install_fail
15:33:22 INFO  Dir:   software_management_end_to_end/
15:33:22 INFO  Title: Validate end to end behaviour for a failing installation
15:33:22 INFO  ==============================================================
15:33:22 INFO  Using sw id database: {'asciijump': '5475369', 'robotfindskitten': '5474869', 'squirrel3': '5475279', 'rolldice': '5152439', 'moon-buggy': '5439204', 'apple': '5495053', 'banana': '5494888', 'cherry': '5495382', 'watermelon': '5494510', 'registry': '8018911', 'hello-world': '8021526', 'docker/getting-started': '8021973', 'alpine': '7991792'}
15:33:22 INFO  EnvironmentC8y Setup
15:33:22 INFO  Executed systemctl&lt;serv_mapper1&gt;, exit status 3
15:33:22 INFO  Restarting mosquitto too frequently in the last 10 seconds. It was only up for 5 seconds
15:33:22 INFO  Delaying execution by 6 seconds
15:33:42 INFO  Executed sudo&lt;tedge_connect_c8y&gt;, exit status 0, duration 13 secs
15:33:43 INFO  Executed sudo&lt;tedge_connect_c8y_test&gt;, exit status 0
15:33:43 INFO  Executed systemctl&lt;serv_mosq2&gt;, exit status 0
15:33:44 INFO  Executed systemctl&lt;serv_mapper3&gt;, exit status 0
15:33:46 INFO  State of current operation: PENDING
15:33:48 INFO  State of current operation: PENDING
15:33:50 INFO  State of current operation: PENDING
15:33:53 INFO  State of current operation: PENDING
15:33:55 INFO  State of current operation: PENDING
15:33:57 INFO  State of current operation: PENDING
15:33:59 INFO  State of current operation: PENDING
15:34:01 INFO  State of current operation: PENDING
15:34:04 INFO  State of current operation: PENDING
15:34:06 INFO  State of current operation: PENDING
15:34:08 INFO  State of current operation: PENDING
15:34:10 INFO  State of current operation: PENDING
15:34:13 INFO  State of current operation: PENDING
15:34:15 INFO  State of current operation: PENDING
15:34:17 INFO  State of current operation: PENDING
15:34:19 INFO  State of current operation: PENDING
15:34:22 INFO  State of current operation: PENDING
15:34:24 INFO  State of current operation: PENDING
15:34:26 INFO  State of current operation: PENDING
15:34:28 INFO  State of current operation: PENDING
15:34:30 INFO  State of current operation: PENDING
15:34:33 INFO  State of current operation: PENDING
15:34:35 INFO  State of current operation: PENDING
15:34:37 INFO  State of current operation: PENDING
15:34:39 INFO  State of current operation: PENDING
15:34:42 INFO  State of current operation: PENDING
15:34:44 INFO  State of current operation: PENDING
15:34:46 INFO  State of current operation: PENDING
15:34:49 INFO  State of current operation: PENDING
15:34:51 INFO  State of current operation: PENDING
15:34:53 INFO  State of current operation: PENDING
15:34:55 INFO  State of current operation: PENDING
15:34:58 INFO  State of current operation: PENDING
15:35:00 INFO  State of current operation: PENDING
15:35:02 INFO  State of current operation: PENDING
15:35:04 INFO  State of current operation: PENDING
15:35:06 INFO  State of current operation: PENDING
15:35:09 INFO  State of current operation: PENDING
15:35:11 INFO  State of current operation: PENDING
15:35:13 INFO  State of current operation: PENDING
15:35:15 INFO  State of current operation: PENDING
15:35:18 INFO  State of current operation: PENDING
15:35:20 INFO  State of current operation: PENDING
15:35:22 INFO  State of current operation: PENDING
15:35:24 INFO  State of current operation: PENDING
15:35:27 INFO  State of current operation: PENDING
15:35:29 INFO  State of current operation: PENDING
15:35:31 INFO  State of current operation: PENDING
15:35:33 INFO  State of current operation: PENDING
15:35:36 INFO  State of current operation: PENDING
15:35:38 INFO  State of current operation: PENDING
15:35:40 INFO  State of current operation: PENDING
15:35:42 INFO  State of current operation: PENDING
15:35:44 INFO  State of current operation: PENDING
15:35:47 INFO  State of current operation: PENDING
15:35:49 INFO  State of current operation: PENDING
15:35:51 INFO  State of current operation: PENDING
15:35:53 INFO  State of current operation: PENDING
15:35:56 INFO  State of current operation: PENDING
15:35:58 INFO  State of current operation: PENDING
15:36:00 INFO  State of current operation: PENDING
15:36:02 WARN  SystemError occurred while running test - Timeout while waiting for status FAILED or SUCCESSFUL
Traceback (most recent call last):
  File &quot;/home/pi/env-pysys/lib/python3.7/site-packages/pysys/baserunner.py&quot;, line 1292, in __call__
    self.testObj.setup()
  File &quot;/home/pi/actions-runner/_work/thin-edge.io/thin-edge.io/tests/PySys/software_management_end_to_end/sm_apt_install_fail/run.py&quot;, line 20, in setup
    super().setup()
  File &quot;/home/pi/actions-runner/_work/thin-edge.io/thin-edge.io/tests/PySys/software_management_end_to_end/environment_sm_management.py&quot;, line 151, in setup
    self.wait_until_end()
  File &quot;/home/pi/actions-runner/_work/thin-edge.io/thin-edge.io/tests/PySys/software_management_end_to_end/environment_sm_management.py&quot;, line 332, in wait_until_end
    self.wait_until_status(&quot;FAILED&quot;, &quot;SUCCESSFUL&quot;)
  File &quot;/home/pi/actions-runner/_work/thin-edge.io/thin-edge.io/tests/PySys/software_management_end_to_end/environment_sm_management.py&quot;, line 381, in wait_until_status
    &quot;Timeout while waiting for status %s or %s&quot; % (status, status2)
SystemError: Timeout while waiting for status FAILED or SUCCESSFUL
15:36:02 WARN  SystemError: Timeout while waiting for status FAILED or SUCCESSFUL ... blocked 
15:36:02 INFO  
15:36:02 INFO  cleanup:
15:36:06 INFO  Executed sudo&lt;tedge_disconnect_c8y&gt;, exit status 0
15:36:07 INFO  Executed systemctl&lt;serv_mapper5&gt;, exit status 3
15:36:07 INFO  
15:36:07 INFO  Test duration: 165.11 secs
15:36:07 INFO  Test final outcome:  BLOCKED
15:36:07 INFO  Test outcome reason: SystemError: Timeout while waiting for status FAILED or SUCCESSFUL
15:36:07 INFO  
</system-out>
	</testcase>
</testsuite>
