<?xml version="1.0" encoding="utf-8"?>
<testsuite failures="0" name="apt_remove" skipped="0" tests="1" time="65.38" timestamp="2022-06-16T14:32:14">
	<testcase classname="AptPluginRemoveDense" name="apt_remove"/>
</testsuite>
