<?xml version="1.0" encoding="utf-8"?>
<testsuite failures="0" name="apt_install_local_file_fail" skipped="0" tests="1" time="22.24" timestamp="2022-07-26T16:36:46">
	<testcase classname="AptPluginInstallFromLocalFileFail" name="apt_install_local_file_fail"/>
</testsuite>
