<?xml version="1.0" encoding="utf-8"?>
<testsuite failures="0" name="apt_prepare" skipped="0" tests="1" time="19.96" timestamp="2022-07-21T20:21:00">
	<testcase classname="AptPluginPrepare" name="apt_prepare"/>
</testsuite>
