<?xml version="1.0" encoding="utf-8"?>
<testsuite failures="0" name="apt_install_local_file_fail" skipped="0" tests="1" time="22.32" timestamp="2022-07-22T02:22:06">
	<testcase classname="AptPluginInstallFromLocalFileFail" name="apt_install_local_file_fail"/>
</testsuite>
