<?xml version="1.0" encoding="utf-8"?>
<testsuite failures="1" name="SoftwareManagement.sm_apt_install_remove_multiple" skipped="0" tests="1" time="185.86" timestamp="2022-07-21T20:43:43">
	<testcase classname="PySysTest" name="SoftwareManagement.sm_apt_install_remove_multiple">
		<failure message="FAILED: Assert that (False == value) with value=True" type="FAILED"/>
		<system-out>20:40:38 INFO  ==============================================================
20:40:38 INFO  Id:    SoftwareManagement.sm_apt_install_remove_multiple
20:40:38 INFO  Dir:   software_management_end_to_end/
20:40:38 INFO  Title: Validate end to end behaviour for the apt plugin for multiple packages
20:40:38 INFO  ==============================================================
20:40:38 INFO  Using sw id database: {'asciijump': '5475369', 'robotfindskitten': '5474869', 'squirrel3': '5475279', 'rolldice': '5152439', 'moon-buggy': '5439204', 'apple': '5495053', 'banana': '5494888', 'cherry': '5495382', 'watermelon': '5494510', 'registry': '8018911', 'hello-world': '8021526', 'docker/getting-started': '8021973', 'alpine': '7991792'}
20:40:38 INFO  EnvironmentC8y Setup
20:40:38 INFO  Executed systemctl&lt;serv_mapper1&gt;, exit status 3
20:40:38 INFO  Restarting mosquitto too frequently in the last 10 seconds. It was only up for 5 seconds
20:40:38 INFO  Delaying execution by 6 seconds
20:40:58 INFO  Executed sudo&lt;tedge_connect_c8y&gt;, exit status 0, duration 13 secs
20:40:59 INFO  Executed sudo&lt;tedge_connect_c8y_test&gt;, exit status 0
20:40:59 INFO  Executed systemctl&lt;serv_mosq2&gt;, exit status 0
20:41:00 INFO  Executed systemctl&lt;serv_mapper3&gt;, exit status 0
20:41:02 INFO  State of current operation: SUCCESSFUL
20:41:02 INFO  Assert that (False == value) with value=False ... passed
20:41:03 INFO  Assert that (False == value) with value=False ... passed
20:41:03 INFO  Assert that (False == value) with value=False ... passed
20:41:03 INFO  Package robotfindskitten is installed
20:41:03 WARN  Assert that (False == value) with value=True ... failed 
20:41:03 INFO  Response status: 201
20:41:03 INFO  Response to action: {
    &quot;delivery&quot;: {
        &quot;log&quot;: [],
        &quot;time&quot;: &quot;2022-07-21T20:41:03.725Z&quot;,
        &quot;status&quot;: &quot;PENDING&quot;
    },
    &quot;creationTime&quot;: &quot;2022-07-21T20:41:03.705Z&quot;,
    &quot;deviceId&quot;: &quot;21167114&quot;,
    &quot;deviceName&quot;: &quot;m32sd10c&quot;,
    &quot;self&quot;: &quot;https://t493319102.eu-latest.cumulocity.com/devicecontrol/operations/21187782&quot;,
    &quot;id&quot;: &quot;21187782&quot;,
    &quot;status&quot;: &quot;PENDING&quot;,
    &quot;description&quot;: &quot;Apply software changes, triggered from PySys: [{'action': 'install', 'id': '5475369', 'name': 'asciijump', 'url': ' ', 'version': '::apt'}, {'action': 'install', 'id': '5474869', 'name': 'robotfindskitten', 'url': ' ', 'version': '::apt'}, {'action': 'install', 'id': '5475279', 'name': 'squirrel3', 'url': ' ', 'version': '::apt'}]&quot;,
    &quot;c8y_SoftwareUpdate&quot;: [
        {
            &quot;name&quot;: &quot;asciijump&quot;,
            &quot;action&quot;: &quot;install&quot;,
            &quot;id&quot;: &quot;5475369&quot;,
            &quot;version&quot;: &quot;::apt&quot;,
            &quot;url&quot;: &quot; &quot;
        },
        {
            &quot;name&quot;: &quot;robotfindskitten&quot;,
            &quot;action&quot;: &quot;install&quot;,
            &quot;id&quot;: &quot;5474869&quot;,
            &quot;version&quot;: &quot;::apt&quot;,
            &quot;url&quot;: &quot; &quot;
        },
        {
            &quot;name&quot;: &quot;squirrel3&quot;,
            &quot;action&quot;: &quot;install&quot;,
            &quot;id&quot;: &quot;5475279&quot;,
            &quot;version&quot;: &quot;::apt&quot;,
            &quot;url&quot;: &quot; &quot;
        }
    ]
}
20:41:03 INFO  Started operation: {'delivery': {'log': [], 'time': '2022-07-21T20:41:03.725Z', 'status': 'PENDING'}, 'creationTime': '2022-07-21T20:41:03.705Z', 'deviceId': '21167114', 'deviceName': 'm32sd10c', 'self': 'https://t493319102.eu-latest.cumulocity.com/devicecontrol/operations/21187782', 'id': '21187782', 'status': 'PENDING', 'description': &quot;Apply software changes, triggered from PySys: [{'action': 'install', 'id': '5475369', 'name': 'asciijump', 'url': ' ', 'version': '::apt'}, {'action': 'install', 'id': '5474869', 'name': 'robotfindskitten', 'url': ' ', 'version': '::apt'}, {'action': 'install', 'id': '5475279', 'name': 'squirrel3', 'url': ' ', 'version': '::apt'}]&quot;, 'c8y_SoftwareUpdate': [{'name': 'asciijump', 'action': 'install', 'id': '5475369', 'version': '::apt', 'url': ' '}, {'name': 'robotfindskitten', 'action': 'install', 'id': '5474869', 'version': '::apt', 'url': ' '}, {'name': 'squirrel3', 'action': 'install', 'id': '5475279', 'version': '::apt', 'url': ' '}]}
20:41:05 INFO  State of operation 21187782 : PENDING
20:41:08 INFO  State of operation 21187782 : EXECUTING
20:41:10 INFO  State of operation 21187782 : EXECUTING
20:41:12 INFO  State of operation 21187782 : EXECUTING
20:41:14 INFO  State of operation 21187782 : EXECUTING
20:41:17 INFO  State of operation 21187782 : EXECUTING
20:41:19 INFO  State of operation 21187782 : EXECUTING
20:41:22 INFO  State of operation 21187782 : EXECUTING
20:41:25 INFO  State of operation 21187782 : EXECUTING
20:41:27 INFO  State of operation 21187782 : EXECUTING
20:41:29 INFO  State of operation 21187782 : EXECUTING
20:41:31 INFO  State of operation 21187782 : EXECUTING
20:41:34 INFO  State of operation 21187782 : EXECUTING
20:41:36 INFO  State of operation 21187782 : EXECUTING
20:41:38 INFO  State of operation 21187782 : EXECUTING
20:41:40 INFO  State of operation 21187782 : EXECUTING
20:41:43 INFO  State of operation 21187782 : EXECUTING
20:41:45 INFO  State of operation 21187782 : EXECUTING
20:41:48 INFO  State of operation 21187782 : EXECUTING
20:41:50 INFO  State of operation 21187782 : EXECUTING
20:41:52 INFO  State of operation 21187782 : EXECUTING
20:41:55 INFO  State of operation 21187782 : EXECUTING
20:41:57 INFO  State of operation 21187782 : EXECUTING
20:42:00 INFO  State of operation 21187782 : EXECUTING
20:42:02 INFO  State of operation 21187782 : EXECUTING
20:42:04 INFO  State of operation 21187782 : EXECUTING
20:42:07 INFO  State of operation 21187782 : EXECUTING
20:42:10 INFO  State of operation 21187782 : EXECUTING
20:42:12 INFO  State of operation 21187782 : EXECUTING
20:42:15 INFO  State of operation 21187782 : EXECUTING
20:42:17 INFO  State of operation 21187782 : EXECUTING
20:42:19 INFO  State of operation 21187782 : EXECUTING
20:42:21 INFO  State of operation 21187782 : EXECUTING
20:42:24 INFO  State of operation 21187782 : EXECUTING
20:42:26 INFO  State of operation 21187782 : EXECUTING
20:42:28 INFO  State of operation 21187782 : SUCCESSFUL
20:42:29 INFO  Assert that (False == value) with value=False ... passed
20:42:29 INFO  Package asciijump is installed
20:42:29 INFO  Assert that (True == value) with value=True ... passed
20:42:29 INFO  Package squirrel3 is installed
20:42:29 INFO  Assert that (True == value) with value=True ... passed
20:42:29 INFO  Package robotfindskitten is installed
20:42:29 INFO  Assert that (True == value) with value=True ... passed
20:42:30 INFO  Response status: 201
20:42:30 INFO  Response to action: {
    &quot;delivery&quot;: {
        &quot;log&quot;: [],
        &quot;time&quot;: &quot;2022-07-21T20:42:30.143Z&quot;,
        &quot;status&quot;: &quot;PENDING&quot;
    },
    &quot;creationTime&quot;: &quot;2022-07-21T20:42:30.127Z&quot;,
    &quot;deviceId&quot;: &quot;21167114&quot;,
    &quot;deviceName&quot;: &quot;m32sd10c&quot;,
    &quot;self&quot;: &quot;https://t493319102.eu-latest.cumulocity.com/devicecontrol/operations/21187794&quot;,
    &quot;id&quot;: &quot;21187794&quot;,
    &quot;status&quot;: &quot;PENDING&quot;,
    &quot;description&quot;: &quot;Apply software changes, triggered from PySys: [{'action': 'delete', 'id': '5475369', 'name': 'asciijump', 'url': ' ', 'version': '::apt'}, {'action': 'delete', 'id': '5474869', 'name': 'robotfindskitten', 'url': ' ', 'version': '::apt'}, {'action': 'delete', 'id': '5475279', 'name': 'squirrel3', 'url': ' ', 'version': '::apt'}]&quot;,
    &quot;c8y_SoftwareUpdate&quot;: [
        {
            &quot;name&quot;: &quot;asciijump&quot;,
            &quot;action&quot;: &quot;delete&quot;,
            &quot;id&quot;: &quot;5475369&quot;,
            &quot;version&quot;: &quot;::apt&quot;,
            &quot;url&quot;: &quot; &quot;
        },
        {
            &quot;name&quot;: &quot;robotfindskitten&quot;,
            &quot;action&quot;: &quot;delete&quot;,
            &quot;id&quot;: &quot;5474869&quot;,
            &quot;version&quot;: &quot;::apt&quot;,
            &quot;url&quot;: &quot; &quot;
        },
        {
            &quot;name&quot;: &quot;squirrel3&quot;,
            &quot;action&quot;: &quot;delete&quot;,
            &quot;id&quot;: &quot;5475279&quot;,
            &quot;version&quot;: &quot;::apt&quot;,
            &quot;url&quot;: &quot; &quot;
        }
    ]
}
20:42:30 INFO  Started operation: {'delivery': {'log': [], 'time': '2022-07-21T20:42:30.143Z', 'status': 'PENDING'}, 'creationTime': '2022-07-21T20:42:30.127Z', 'deviceId': '21167114', 'deviceName': 'm32sd10c', 'self': 'https://t493319102.eu-latest.cumulocity.com/devicecontrol/operations/21187794', 'id': '21187794', 'status': 'PENDING', 'description': &quot;Apply software changes, triggered from PySys: [{'action': 'delete', 'id': '5475369', 'name': 'asciijump', 'url': ' ', 'version': '::apt'}, {'action': 'delete', 'id': '5474869', 'name': 'robotfindskitten', 'url': ' ', 'version': '::apt'}, {'action': 'delete', 'id': '5475279', 'name': 'squirrel3', 'url': ' ', 'version': '::apt'}]&quot;, 'c8y_SoftwareUpdate': [{'name': 'asciijump', 'action': 'delete', 'id': '5475369', 'version': '::apt', 'url': ' '}, {'name': 'robotfindskitten', 'action': 'delete', 'id': '5474869', 'version': '::apt', 'url': ' '}, {'name': 'squirrel3', 'action': 'delete', 'id': '5475279', 'version': '::apt', 'url': ' '}]}
20:42:32 INFO  State of operation 21187794 : PENDING
20:42:34 INFO  State of operation 21187794 : EXECUTING
20:42:36 INFO  State of operation 21187794 : EXECUTING
20:42:39 INFO  State of operation 21187794 : EXECUTING
20:42:41 INFO  State of operation 21187794 : EXECUTING
20:42:43 INFO  State of operation 21187794 : EXECUTING
20:42:46 INFO  State of operation 21187794 : EXECUTING
20:42:49 INFO  State of operation 21187794 : EXECUTING
20:42:51 INFO  State of operation 21187794 : EXECUTING
20:42:53 INFO  State of operation 21187794 : EXECUTING
20:42:55 INFO  State of operation 21187794 : EXECUTING
20:42:58 INFO  State of operation 21187794 : EXECUTING
20:43:00 INFO  State of operation 21187794 : EXECUTING
20:43:02 INFO  State of operation 21187794 : EXECUTING
20:43:04 INFO  State of operation 21187794 : EXECUTING
20:43:07 INFO  State of operation 21187794 : EXECUTING
20:43:09 INFO  State of operation 21187794 : EXECUTING
20:43:11 INFO  State of operation 21187794 : EXECUTING
20:43:14 INFO  State of operation 21187794 : EXECUTING
20:43:16 INFO  State of operation 21187794 : EXECUTING
20:43:19 INFO  State of operation 21187794 : EXECUTING
20:43:21 INFO  State of operation 21187794 : EXECUTING
20:43:23 INFO  State of operation 21187794 : EXECUTING
20:43:25 INFO  State of operation 21187794 : EXECUTING
20:43:28 INFO  State of operation 21187794 : EXECUTING
20:43:31 INFO  State of operation 21187794 : EXECUTING
20:43:33 INFO  State of operation 21187794 : EXECUTING
20:43:35 INFO  State of operation 21187794 : EXECUTING
20:43:38 INFO  State of operation 21187794 : SUCCESSFUL
20:43:38 INFO  Assert that (False == value) with value=False ... passed
20:43:38 INFO  Assert that (False == value) with value=False ... passed
20:43:38 INFO  Assert that (False == value) with value=False ... passed
20:43:38 INFO  Assert that (False == value) with value=False ... passed
20:43:38 INFO  
20:43:38 INFO  cleanup:
20:43:43 INFO  Executed sudo&lt;tedge_disconnect_c8y&gt;, exit status 0
20:43:43 INFO  Executed systemctl&lt;serv_mapper5&gt;, exit status 3
20:43:43 INFO  
20:43:43 INFO  Test duration: 185.86 secs
20:43:43 INFO  Test final outcome:  FAILED
20:43:43 INFO  Test outcome reason: Assert that (False == value) with value=True
20:43:43 INFO  
</system-out>
	</testcase>
</testsuite>
