<?xml version="1.0" encoding="utf-8"?>
<testsuite failures="0" name="apt_install_fail" skipped="0" tests="1" time="11.53" timestamp="2022-05-20T09:54:28">
	<testcase classname="AptPluginInstallFail" name="apt_install_fail"/>
</testsuite>
