<?xml version="1.0" encoding="utf-8"?>
<testsuite failures="0" name="apt_install_local_file_fail" skipped="0" tests="1" time="21.95" timestamp="2022-05-25T13:02:25">
	<testcase classname="AptPluginInstallFromLocalFileFail" name="apt_install_local_file_fail"/>
</testsuite>
