<?xml version="1.0" encoding="utf-8"?>
<testsuite failures="1" name="SoftwareManagement.sm_apt_install_remove_multiple_mixed" skipped="0" tests="1" time="179.74" timestamp="2022-07-25T15:49:50">
	<testcase classname="PySysTest" name="SoftwareManagement.sm_apt_install_remove_multiple_mixed">
		<failure message="BLOCKED: SystemError: Timeout while waiting for status SUCCESSFUL or False" type="BLOCKED"/>
		<system-out>15:46:50 INFO  ==============================================================
15:46:50 INFO  Id:    SoftwareManagement.sm_apt_install_remove_multiple_mixed
15:46:50 INFO  Dir:   software_management_end_to_end/
15:46:50 INFO  Title: Validate end to end behaviour for the apt plugin for multiple packages with mixed versions
15:46:50 INFO  ==============================================================
15:46:50 INFO  Using sw id database: {'asciijump': '5475369', 'robotfindskitten': '5474869', 'squirrel3': '5475279', 'rolldice': '5152439', 'moon-buggy': '5439204', 'apple': '5495053', 'banana': '5494888', 'cherry': '5495382', 'watermelon': '5494510', 'registry': '8018911', 'hello-world': '8021526', 'docker/getting-started': '8021973', 'alpine': '7991792'}
15:46:50 INFO  EnvironmentC8y Setup
15:46:51 INFO  Executed systemctl&lt;serv_mapper1&gt;, exit status 3
15:46:51 INFO  Restarting mosquitto too frequently in the last 10 seconds. It was only up for 4 seconds
15:46:51 INFO  Delaying execution by 7 seconds
15:47:12 INFO  Executed sudo&lt;tedge_connect_c8y&gt;, exit status 0, duration 14 secs
15:47:12 INFO  Executed sudo&lt;tedge_connect_c8y_test&gt;, exit status 0
15:47:13 INFO  Executed systemctl&lt;serv_mosq2&gt;, exit status 0
15:47:13 INFO  Executed systemctl&lt;serv_mapper3&gt;, exit status 0
15:47:16 INFO  State of current operation: SUCCESSFUL
15:47:16 INFO  Assert that (False == value) with value=False ... passed
15:47:16 INFO  Assert that (False == value) with value=False ... passed
15:47:16 INFO  Assert that (False == value) with value=False ... passed
15:47:17 INFO  Assert that (False == value) with value=False ... passed
15:47:17 INFO  Assert that (False == value) with value=False ... passed
15:47:18 INFO  Response status: 201
15:47:18 INFO  Response to action: {
    &quot;creationTime&quot;: &quot;2022-07-25T15:47:18.607Z&quot;,
    &quot;deviceId&quot;: &quot;21389727&quot;,
    &quot;deviceName&quot;: &quot;m32sd10c&quot;,
    &quot;self&quot;: &quot;https://t493319102.eu-latest.cumulocity.com/devicecontrol/operations/21415164&quot;,
    &quot;id&quot;: &quot;21415164&quot;,
    &quot;status&quot;: &quot;PENDING&quot;,
    &quot;description&quot;: &quot;Apply software changes, triggered from PySys: [{'action': 'install', 'id': '5475369', 'name': 'asciijump', 'url': ' ', 'version': '::apt'}, {'action': 'install', 'id': '5474869', 'name': 'robotfindskitten', 'url': ' ', 'version': ' '}, {'action': 'install', 'id': '5475279', 'name': 'squirrel3', 'url': ' ', 'version': '3.1-7::apt'}, {'action': 'install', 'id': '5152439', 'name': 'rolldice', 'url': ' ', 'version': '1.16-1+b1'}, {'action': 'install', 'id': '5439204', 'name': 'moon-buggy', 'url': ' ', 'version': '1:1.0.51-12'}, {'action': 'install', 'id': '5475369', 'name': 'asciijump', 'url': ' ', 'version': '::apt'}]&quot;,
    &quot;c8y_SoftwareUpdate&quot;: [
        {
            &quot;name&quot;: &quot;asciijump&quot;,
            &quot;action&quot;: &quot;install&quot;,
            &quot;id&quot;: &quot;5475369&quot;,
            &quot;version&quot;: &quot;::apt&quot;,
            &quot;url&quot;: &quot; &quot;
        },
        {
            &quot;name&quot;: &quot;robotfindskitten&quot;,
            &quot;action&quot;: &quot;install&quot;,
            &quot;id&quot;: &quot;5474869&quot;,
            &quot;version&quot;: &quot; &quot;,
            &quot;url&quot;: &quot; &quot;
        },
        {
            &quot;name&quot;: &quot;squirrel3&quot;,
            &quot;action&quot;: &quot;install&quot;,
            &quot;id&quot;: &quot;5475279&quot;,
            &quot;version&quot;: &quot;3.1-7::apt&quot;,
            &quot;url&quot;: &quot; &quot;
        },
        {
            &quot;name&quot;: &quot;rolldice&quot;,
            &quot;action&quot;: &quot;install&quot;,
            &quot;id&quot;: &quot;5152439&quot;,
            &quot;version&quot;: &quot;1.16-1+b1&quot;,
            &quot;url&quot;: &quot; &quot;
        },
        {
            &quot;name&quot;: &quot;moon-buggy&quot;,
            &quot;action&quot;: &quot;install&quot;,
            &quot;id&quot;: &quot;5439204&quot;,
            &quot;version&quot;: &quot;1:1.0.51-12&quot;,
            &quot;url&quot;: &quot; &quot;
        },
        {
            &quot;name&quot;: &quot;asciijump&quot;,
            &quot;action&quot;: &quot;install&quot;,
            &quot;id&quot;: &quot;5475369&quot;,
            &quot;version&quot;: &quot;::apt&quot;,
            &quot;url&quot;: &quot; &quot;
        }
    ]
}
15:47:18 INFO  Started operation: {'creationTime': '2022-07-25T15:47:18.607Z', 'deviceId': '21389727', 'deviceName': 'm32sd10c', 'self': 'https://t493319102.eu-latest.cumulocity.com/devicecontrol/operations/21415164', 'id': '21415164', 'status': 'PENDING', 'description': &quot;Apply software changes, triggered from PySys: [{'action': 'install', 'id': '5475369', 'name': 'asciijump', 'url': ' ', 'version': '::apt'}, {'action': 'install', 'id': '5474869', 'name': 'robotfindskitten', 'url': ' ', 'version': ' '}, {'action': 'install', 'id': '5475279', 'name': 'squirrel3', 'url': ' ', 'version': '3.1-7::apt'}, {'action': 'install', 'id': '5152439', 'name': 'rolldice', 'url': ' ', 'version': '1.16-1+b1'}, {'action': 'install', 'id': '5439204', 'name': 'moon-buggy', 'url': ' ', 'version': '1:1.0.51-12'}, {'action': 'install', 'id': '5475369', 'name': 'asciijump', 'url': ' ', 'version': '::apt'}]&quot;, 'c8y_SoftwareUpdate': [{'name': 'asciijump', 'action': 'install', 'id': '5475369', 'version': '::apt', 'url': ' '}, {'name': 'robotfindskitten', 'action': 'install', 'id': '5474869', 'version': ' ', 'url': ' '}, {'name': 'squirrel3', 'action': 'install', 'id': '5475279', 'version': '3.1-7::apt', 'url': ' '}, {'name': 'rolldice', 'action': 'install', 'id': '5152439', 'version': '1.16-1+b1', 'url': ' '}, {'name': 'moon-buggy', 'action': 'install', 'id': '5439204', 'version': '1:1.0.51-12', 'url': ' '}, {'name': 'asciijump', 'action': 'install', 'id': '5475369', 'version': '::apt', 'url': ' '}]}
15:47:20 INFO  State of operation 21415164 : PENDING
15:47:23 INFO  State of operation 21415164 : EXECUTING
15:47:25 INFO  State of operation 21415164 : EXECUTING
15:47:27 INFO  State of operation 21415164 : EXECUTING
15:47:29 INFO  State of operation 21415164 : EXECUTING
15:47:31 INFO  State of operation 21415164 : EXECUTING
15:47:34 INFO  State of operation 21415164 : EXECUTING
15:47:37 INFO  State of operation 21415164 : EXECUTING
15:47:39 INFO  State of operation 21415164 : EXECUTING
15:47:42 INFO  State of operation 21415164 : EXECUTING
15:47:44 INFO  State of operation 21415164 : EXECUTING
15:47:46 INFO  State of operation 21415164 : EXECUTING
15:47:48 INFO  State of operation 21415164 : EXECUTING
15:47:51 INFO  State of operation 21415164 : EXECUTING
15:47:53 INFO  State of operation 21415164 : EXECUTING
15:47:55 INFO  State of operation 21415164 : EXECUTING
15:47:58 INFO  State of operation 21415164 : EXECUTING
15:48:00 INFO  State of operation 21415164 : EXECUTING
15:48:03 INFO  State of operation 21415164 : EXECUTING
15:48:05 INFO  State of operation 21415164 : EXECUTING
15:48:07 INFO  State of operation 21415164 : EXECUTING
15:48:10 INFO  State of operation 21415164 : EXECUTING
15:48:12 INFO  State of operation 21415164 : EXECUTING
15:48:15 INFO  State of operation 21415164 : EXECUTING
15:48:18 INFO  State of operation 21415164 : EXECUTING
15:48:20 INFO  State of operation 21415164 : EXECUTING
15:48:22 INFO  State of operation 21415164 : EXECUTING
15:48:24 INFO  State of operation 21415164 : EXECUTING
15:48:27 INFO  State of operation 21415164 : EXECUTING
15:48:29 INFO  State of operation 21415164 : EXECUTING
15:48:31 INFO  State of operation 21415164 : EXECUTING
15:48:34 INFO  State of operation 21415164 : EXECUTING
15:48:36 INFO  State of operation 21415164 : EXECUTING
15:48:38 INFO  State of operation 21415164 : EXECUTING
15:48:40 INFO  State of operation 21415164 : EXECUTING
15:48:43 INFO  State of operation 21415164 : EXECUTING
15:48:45 INFO  State of operation 21415164 : EXECUTING
15:48:48 INFO  State of operation 21415164 : EXECUTING
15:48:50 INFO  State of operation 21415164 : EXECUTING
15:48:53 INFO  State of operation 21415164 : EXECUTING
15:48:55 INFO  State of operation 21415164 : EXECUTING
15:48:57 INFO  State of operation 21415164 : EXECUTING
15:49:00 INFO  State of operation 21415164 : EXECUTING
15:49:02 INFO  State of operation 21415164 : EXECUTING
15:49:04 INFO  State of operation 21415164 : EXECUTING
15:49:06 INFO  State of operation 21415164 : EXECUTING
15:49:08 INFO  State of operation 21415164 : EXECUTING
15:49:11 INFO  State of operation 21415164 : EXECUTING
15:49:13 INFO  State of operation 21415164 : EXECUTING
15:49:16 INFO  State of operation 21415164 : EXECUTING
15:49:18 INFO  State of operation 21415164 : EXECUTING
15:49:20 INFO  State of operation 21415164 : EXECUTING
15:49:23 INFO  State of operation 21415164 : EXECUTING
15:49:25 INFO  State of operation 21415164 : EXECUTING
15:49:27 INFO  State of operation 21415164 : EXECUTING
15:49:30 INFO  State of operation 21415164 : EXECUTING
15:49:32 INFO  State of operation 21415164 : EXECUTING
15:49:35 INFO  State of operation 21415164 : EXECUTING
15:49:37 INFO  State of operation 21415164 : EXECUTING
15:49:40 INFO  State of operation 21415164 : EXECUTING
15:49:42 INFO  State of operation 21415164 : EXECUTING
15:49:44 WARN  SystemError occurred while running test - Timeout while waiting for status SUCCESSFUL or False
Traceback (most recent call last):
  File &quot;/home/pi/env-pysys/lib/python3.7/site-packages/pysys/baserunner.py&quot;, line 1294, in __call__
    self.testObj.execute()
  File &quot;/home/pi/actions-runner/_work/thin-edge.io/thin-edge.io/tests/PySys/software_management_end_to_end/sm_apt_install_remove_multiple_mixed/run.py&quot;, line 89, in execute
    self.wait_until_succcess()
  File &quot;/home/pi/actions-runner/_work/thin-edge.io/thin-edge.io/tests/PySys/software_management_end_to_end/environment_sm_management.py&quot;, line 324, in wait_until_succcess
    self.wait_until_status(&quot;SUCCESSFUL&quot;)
  File &quot;/home/pi/actions-runner/_work/thin-edge.io/thin-edge.io/tests/PySys/software_management_end_to_end/environment_sm_management.py&quot;, line 381, in wait_until_status
    &quot;Timeout while waiting for status %s or %s&quot; % (status, status2)
SystemError: Timeout while waiting for status SUCCESSFUL or False
15:49:44 WARN  SystemError: Timeout while waiting for status SUCCESSFUL or False ... blocked 
15:49:44 INFO  
15:49:44 INFO  cleanup:
15:49:49 INFO  Executed sudo&lt;tedge_disconnect_c8y&gt;, exit status 0
15:49:50 INFO  Executed systemctl&lt;serv_mapper5&gt;, exit status 3
15:49:50 INFO  
15:49:50 INFO  Test duration: 179.74 secs
15:49:50 INFO  Test final outcome:  BLOCKED
15:49:50 INFO  Test outcome reason: SystemError: Timeout while waiting for status SUCCESSFUL or False
15:49:50 INFO  
</system-out>
	</testcase>
</testsuite>
