<?xml version="1.0" encoding="utf-8"?>
<testsuite failures="0" name="apt_install" skipped="0" tests="1" time="64.12" timestamp="2022-05-23T15:16:03">
	<testcase classname="AptPluginInstallDense" name="apt_install"/>
</testsuite>
