<?xml version="1.0" encoding="utf-8"?>
<testsuite failures="0" name="apt_remove_fail" skipped="0" tests="1" time="8.66" timestamp="2022-07-22T07:50:35">
	<testcase classname="AptPluginRemoveFails" name="apt_remove_fail"/>
</testsuite>
