<?xml version="1.0" encoding="utf-8"?>
<testsuite failures="1" name="SoftwareManagement.sm_apt_install_remove_multiple" skipped="0" tests="1" time="179.32" timestamp="2022-07-18T14:44:00">
	<testcase classname="PySysTest" name="SoftwareManagement.sm_apt_install_remove_multiple">
		<failure message="FAILED: Assert that (False == value) with value=True" type="FAILED"/>
		<system-out>14:41:00 INFO  ==============================================================
14:41:00 INFO  Id:    SoftwareManagement.sm_apt_install_remove_multiple
14:41:00 INFO  Dir:   software_management_end_to_end/
14:41:00 INFO  Title: Validate end to end behaviour for the apt plugin for multiple packages
14:41:00 INFO  ==============================================================
14:41:00 INFO  Using sw id database: {'asciijump': '5475369', 'robotfindskitten': '5474869', 'squirrel3': '5475279', 'rolldice': '5152439', 'moon-buggy': '5439204', 'apple': '5495053', 'banana': '5494888', 'cherry': '5495382', 'watermelon': '5494510', 'registry': '8018911', 'hello-world': '8021526', 'docker/getting-started': '8021973', 'alpine': '7991792'}
14:41:00 INFO  EnvironmentC8y Setup
14:41:01 INFO  Executed systemctl&lt;serv_mapper1&gt;, exit status 3
14:41:01 INFO  Restarting mosquitto too frequently in the last 10 seconds. It was only up for 5 seconds
14:41:01 INFO  Delaying execution by 6 seconds
14:41:21 INFO  Executed sudo&lt;tedge_connect_c8y&gt;, exit status 0, duration 14 secs
14:41:22 INFO  Executed sudo&lt;tedge_connect_c8y_test&gt;, exit status 0
14:41:22 INFO  Executed systemctl&lt;serv_mosq2&gt;, exit status 0
14:41:22 INFO  Executed systemctl&lt;serv_mapper3&gt;, exit status 0
14:41:25 INFO  State of current operation: SUCCESSFUL
14:41:25 INFO  Assert that (False == value) with value=False ... passed
14:41:25 INFO  Assert that (False == value) with value=False ... passed
14:41:25 INFO  Assert that (False == value) with value=False ... passed
14:41:26 INFO  Package robotfindskitten is installed
14:41:26 WARN  Assert that (False == value) with value=True ... failed 
14:41:26 INFO  Response status: 201
14:41:26 INFO  Response to action: {
    &quot;creationTime&quot;: &quot;2022-07-18T14:41:26.395Z&quot;,
    &quot;deviceName&quot;: &quot;m32sd10c&quot;,
    &quot;deviceId&quot;: &quot;20973778&quot;,
    &quot;self&quot;: &quot;https://t493319102.eu-latest.cumulocity.com/devicecontrol/operations/21015807&quot;,
    &quot;id&quot;: &quot;21015807&quot;,
    &quot;status&quot;: &quot;PENDING&quot;,
    &quot;description&quot;: &quot;Apply software changes, triggered from PySys: [{'action': 'install', 'id': '5475369', 'name': 'asciijump', 'url': ' ', 'version': '::apt'}, {'action': 'install', 'id': '5474869', 'name': 'robotfindskitten', 'url': ' ', 'version': '::apt'}, {'action': 'install', 'id': '5475279', 'name': 'squirrel3', 'url': ' ', 'version': '::apt'}]&quot;,
    &quot;c8y_SoftwareUpdate&quot;: [
        {
            &quot;name&quot;: &quot;asciijump&quot;,
            &quot;action&quot;: &quot;install&quot;,
            &quot;id&quot;: &quot;5475369&quot;,
            &quot;version&quot;: &quot;::apt&quot;,
            &quot;url&quot;: &quot; &quot;
        },
        {
            &quot;name&quot;: &quot;robotfindskitten&quot;,
            &quot;action&quot;: &quot;install&quot;,
            &quot;id&quot;: &quot;5474869&quot;,
            &quot;version&quot;: &quot;::apt&quot;,
            &quot;url&quot;: &quot; &quot;
        },
        {
            &quot;name&quot;: &quot;squirrel3&quot;,
            &quot;action&quot;: &quot;install&quot;,
            &quot;id&quot;: &quot;5475279&quot;,
            &quot;version&quot;: &quot;::apt&quot;,
            &quot;url&quot;: &quot; &quot;
        }
    ]
}
14:41:26 INFO  Started operation: {'creationTime': '2022-07-18T14:41:26.395Z', 'deviceName': 'm32sd10c', 'deviceId': '20973778', 'self': 'https://t493319102.eu-latest.cumulocity.com/devicecontrol/operations/21015807', 'id': '21015807', 'status': 'PENDING', 'description': &quot;Apply software changes, triggered from PySys: [{'action': 'install', 'id': '5475369', 'name': 'asciijump', 'url': ' ', 'version': '::apt'}, {'action': 'install', 'id': '5474869', 'name': 'robotfindskitten', 'url': ' ', 'version': '::apt'}, {'action': 'install', 'id': '5475279', 'name': 'squirrel3', 'url': ' ', 'version': '::apt'}]&quot;, 'c8y_SoftwareUpdate': [{'name': 'asciijump', 'action': 'install', 'id': '5475369', 'version': '::apt', 'url': ' '}, {'name': 'robotfindskitten', 'action': 'install', 'id': '5474869', 'version': '::apt', 'url': ' '}, {'name': 'squirrel3', 'action': 'install', 'id': '5475279', 'version': '::apt', 'url': ' '}]}
14:41:28 INFO  State of operation 21015807 : PENDING
14:41:30 INFO  State of operation 21015807 : EXECUTING
14:41:33 INFO  State of operation 21015807 : EXECUTING
14:41:35 INFO  State of operation 21015807 : EXECUTING
14:41:37 INFO  State of operation 21015807 : EXECUTING
14:41:39 INFO  State of operation 21015807 : EXECUTING
14:41:42 INFO  State of operation 21015807 : EXECUTING
14:41:45 INFO  State of operation 21015807 : EXECUTING
14:41:47 INFO  State of operation 21015807 : EXECUTING
14:41:50 INFO  State of operation 21015807 : EXECUTING
14:41:52 INFO  State of operation 21015807 : EXECUTING
14:41:54 INFO  State of operation 21015807 : EXECUTING
14:41:56 INFO  State of operation 21015807 : EXECUTING
14:41:59 INFO  State of operation 21015807 : EXECUTING
14:42:01 INFO  State of operation 21015807 : EXECUTING
14:42:03 INFO  State of operation 21015807 : EXECUTING
14:42:06 INFO  State of operation 21015807 : EXECUTING
14:42:08 INFO  State of operation 21015807 : EXECUTING
14:42:10 INFO  State of operation 21015807 : EXECUTING
14:42:13 INFO  State of operation 21015807 : EXECUTING
14:42:15 INFO  State of operation 21015807 : EXECUTING
14:42:18 INFO  State of operation 21015807 : EXECUTING
14:42:20 INFO  State of operation 21015807 : EXECUTING
14:42:23 INFO  State of operation 21015807 : EXECUTING
14:42:25 INFO  State of operation 21015807 : EXECUTING
14:42:28 INFO  State of operation 21015807 : EXECUTING
14:42:31 INFO  State of operation 21015807 : EXECUTING
14:42:33 INFO  State of operation 21015807 : EXECUTING
14:42:36 INFO  State of operation 21015807 : EXECUTING
14:42:38 INFO  State of operation 21015807 : EXECUTING
14:42:40 INFO  State of operation 21015807 : EXECUTING
14:42:42 INFO  State of operation 21015807 : EXECUTING
14:42:45 INFO  State of operation 21015807 : EXECUTING
14:42:47 INFO  State of operation 21015807 : SUCCESSFUL
14:42:47 INFO  Assert that (False == value) with value=False ... passed
14:42:47 INFO  Package asciijump is installed
14:42:47 INFO  Assert that (True == value) with value=True ... passed
14:42:48 INFO  Package squirrel3 is installed
14:42:48 INFO  Assert that (True == value) with value=True ... passed
14:42:48 INFO  Package robotfindskitten is installed
14:42:48 INFO  Assert that (True == value) with value=True ... passed
14:42:48 INFO  Response status: 201
14:42:48 INFO  Response to action: {
    &quot;creationTime&quot;: &quot;2022-07-18T14:42:48.425Z&quot;,
    &quot;deviceName&quot;: &quot;m32sd10c&quot;,
    &quot;deviceId&quot;: &quot;20973778&quot;,
    &quot;self&quot;: &quot;https://t493319102.eu-latest.cumulocity.com/devicecontrol/operations/21015818&quot;,
    &quot;id&quot;: &quot;21015818&quot;,
    &quot;status&quot;: &quot;PENDING&quot;,
    &quot;description&quot;: &quot;Apply software changes, triggered from PySys: [{'action': 'delete', 'id': '5475369', 'name': 'asciijump', 'url': ' ', 'version': '::apt'}, {'action': 'delete', 'id': '5474869', 'name': 'robotfindskitten', 'url': ' ', 'version': '::apt'}, {'action': 'delete', 'id': '5475279', 'name': 'squirrel3', 'url': ' ', 'version': '::apt'}]&quot;,
    &quot;c8y_SoftwareUpdate&quot;: [
        {
            &quot;name&quot;: &quot;asciijump&quot;,
            &quot;action&quot;: &quot;delete&quot;,
            &quot;id&quot;: &quot;5475369&quot;,
            &quot;version&quot;: &quot;::apt&quot;,
            &quot;url&quot;: &quot; &quot;
        },
        {
            &quot;name&quot;: &quot;robotfindskitten&quot;,
            &quot;action&quot;: &quot;delete&quot;,
            &quot;id&quot;: &quot;5474869&quot;,
            &quot;version&quot;: &quot;::apt&quot;,
            &quot;url&quot;: &quot; &quot;
        },
        {
            &quot;name&quot;: &quot;squirrel3&quot;,
            &quot;action&quot;: &quot;delete&quot;,
            &quot;id&quot;: &quot;5475279&quot;,
            &quot;version&quot;: &quot;::apt&quot;,
            &quot;url&quot;: &quot; &quot;
        }
    ]
}
14:42:48 INFO  Started operation: {'creationTime': '2022-07-18T14:42:48.425Z', 'deviceName': 'm32sd10c', 'deviceId': '20973778', 'self': 'https://t493319102.eu-latest.cumulocity.com/devicecontrol/operations/21015818', 'id': '21015818', 'status': 'PENDING', 'description': &quot;Apply software changes, triggered from PySys: [{'action': 'delete', 'id': '5475369', 'name': 'asciijump', 'url': ' ', 'version': '::apt'}, {'action': 'delete', 'id': '5474869', 'name': 'robotfindskitten', 'url': ' ', 'version': '::apt'}, {'action': 'delete', 'id': '5475279', 'name': 'squirrel3', 'url': ' ', 'version': '::apt'}]&quot;, 'c8y_SoftwareUpdate': [{'name': 'asciijump', 'action': 'delete', 'id': '5475369', 'version': '::apt', 'url': ' '}, {'name': 'robotfindskitten', 'action': 'delete', 'id': '5474869', 'version': '::apt', 'url': ' '}, {'name': 'squirrel3', 'action': 'delete', 'id': '5475279', 'version': '::apt', 'url': ' '}]}
14:42:50 INFO  State of operation 21015818 : PENDING
14:42:53 INFO  State of operation 21015818 : EXECUTING
14:42:55 INFO  State of operation 21015818 : EXECUTING
14:42:57 INFO  State of operation 21015818 : EXECUTING
14:42:59 INFO  State of operation 21015818 : EXECUTING
14:43:02 INFO  State of operation 21015818 : EXECUTING
14:43:04 INFO  State of operation 21015818 : EXECUTING
14:43:07 INFO  State of operation 21015818 : EXECUTING
14:43:10 INFO  State of operation 21015818 : EXECUTING
14:43:12 INFO  State of operation 21015818 : EXECUTING
14:43:14 INFO  State of operation 21015818 : EXECUTING
14:43:16 INFO  State of operation 21015818 : EXECUTING
14:43:19 INFO  State of operation 21015818 : EXECUTING
14:43:21 INFO  State of operation 21015818 : EXECUTING
14:43:23 INFO  State of operation 21015818 : EXECUTING
14:43:26 INFO  State of operation 21015818 : EXECUTING
14:43:28 INFO  State of operation 21015818 : EXECUTING
14:43:31 INFO  State of operation 21015818 : EXECUTING
14:43:33 INFO  State of operation 21015818 : EXECUTING
14:43:35 INFO  State of operation 21015818 : EXECUTING
14:43:38 INFO  State of operation 21015818 : EXECUTING
14:43:40 INFO  State of operation 21015818 : EXECUTING
14:43:42 INFO  State of operation 21015818 : EXECUTING
14:43:45 INFO  State of operation 21015818 : EXECUTING
14:43:47 INFO  State of operation 21015818 : EXECUTING
14:43:50 INFO  State of operation 21015818 : EXECUTING
14:43:52 INFO  State of operation 21015818 : EXECUTING
14:43:54 INFO  State of operation 21015818 : SUCCESSFUL
14:43:54 INFO  Assert that (False == value) with value=False ... passed
14:43:55 INFO  Assert that (False == value) with value=False ... passed
14:43:55 INFO  Assert that (False == value) with value=False ... passed
14:43:55 INFO  Assert that (False == value) with value=False ... passed
14:43:55 INFO  
14:43:55 INFO  cleanup:
14:43:59 INFO  Executed sudo&lt;tedge_disconnect_c8y&gt;, exit status 0
14:43:59 INFO  Executed systemctl&lt;serv_mapper5&gt;, exit status 3
14:43:59 INFO  
14:43:59 INFO  Test duration: 179.32 secs
14:43:59 INFO  Test final outcome:  FAILED
14:43:59 INFO  Test outcome reason: Assert that (False == value) with value=True
14:43:59 INFO  
</system-out>
	</testcase>
</testsuite>
