<?xml version="1.0" encoding="utf-8"?>
<testsuite failures="1" name="SoftwareManagement.sm_apt_install_remove_multiple" skipped="0" tests="1" time="178.93" timestamp="2022-07-01T07:36:32">
	<testcase classname="PySysTest" name="SoftwareManagement.sm_apt_install_remove_multiple">
		<failure message="FAILED: Assert that (False == value) with value=True" type="FAILED"/>
		<system-out>07:33:33 INFO  ==============================================================
07:33:33 INFO  Id:    SoftwareManagement.sm_apt_install_remove_multiple
07:33:33 INFO  Dir:   software_management_end_to_end/
07:33:33 INFO  Title: Validate end to end behaviour for the apt plugin for multiple packages
07:33:33 INFO  ==============================================================
07:33:33 INFO  Using sw id database: {'asciijump': '5475369', 'robotfindskitten': '5474869', 'squirrel3': '5475279', 'rolldice': '5152439', 'moon-buggy': '5439204', 'apple': '5495053', 'banana': '5494888', 'cherry': '5495382', 'watermelon': '5494510', 'registry': '8018911', 'hello-world': '8021526', 'docker/getting-started': '8021973', 'alpine': '7991792'}
07:33:33 INFO  EnvironmentC8y Setup
07:33:34 INFO  Executed systemctl&lt;serv_mapper1&gt;, exit status 3
07:33:34 INFO  Restarting mosquitto too frequently in the last 10 seconds. It was only up for 5 seconds
07:33:34 INFO  Delaying execution by 6 seconds
07:33:54 INFO  Executed sudo&lt;tedge_connect_c8y&gt;, exit status 0, duration 14 secs
07:33:55 INFO  Executed sudo&lt;tedge_connect_c8y_test&gt;, exit status 0
07:33:55 INFO  Executed systemctl&lt;serv_mosq2&gt;, exit status 0
07:33:56 INFO  Executed systemctl&lt;serv_mapper3&gt;, exit status 0
07:33:58 INFO  State of current operation: SUCCESSFUL
07:33:58 INFO  Assert that (False == value) with value=False ... passed
07:33:58 INFO  Assert that (False == value) with value=False ... passed
07:33:59 INFO  Assert that (False == value) with value=False ... passed
07:33:59 INFO  Package robotfindskitten is installed
07:33:59 WARN  Assert that (False == value) with value=True ... failed 
07:33:59 INFO  Response status: 201
07:33:59 INFO  Response to action: {
    &quot;creationTime&quot;: &quot;2022-07-01T07:33:59.511Z&quot;,
    &quot;deviceId&quot;: &quot;20627470&quot;,
    &quot;deviceName&quot;: &quot;m32sd10c&quot;,
    &quot;self&quot;: &quot;https://t493319102.eu-latest.cumulocity.com/devicecontrol/operations/20660968&quot;,
    &quot;id&quot;: &quot;20660968&quot;,
    &quot;status&quot;: &quot;PENDING&quot;,
    &quot;description&quot;: &quot;Apply software changes, triggered from PySys: [{'action': 'install', 'id': '5475369', 'name': 'asciijump', 'url': ' ', 'version': '::apt'}, {'action': 'install', 'id': '5474869', 'name': 'robotfindskitten', 'url': ' ', 'version': '::apt'}, {'action': 'install', 'id': '5475279', 'name': 'squirrel3', 'url': ' ', 'version': '::apt'}]&quot;,
    &quot;c8y_SoftwareUpdate&quot;: [
        {
            &quot;name&quot;: &quot;asciijump&quot;,
            &quot;action&quot;: &quot;install&quot;,
            &quot;id&quot;: &quot;5475369&quot;,
            &quot;version&quot;: &quot;::apt&quot;,
            &quot;url&quot;: &quot; &quot;
        },
        {
            &quot;name&quot;: &quot;robotfindskitten&quot;,
            &quot;action&quot;: &quot;install&quot;,
            &quot;id&quot;: &quot;5474869&quot;,
            &quot;version&quot;: &quot;::apt&quot;,
            &quot;url&quot;: &quot; &quot;
        },
        {
            &quot;name&quot;: &quot;squirrel3&quot;,
            &quot;action&quot;: &quot;install&quot;,
            &quot;id&quot;: &quot;5475279&quot;,
            &quot;version&quot;: &quot;::apt&quot;,
            &quot;url&quot;: &quot; &quot;
        }
    ]
}
07:33:59 INFO  Started operation: {'creationTime': '2022-07-01T07:33:59.511Z', 'deviceId': '20627470', 'deviceName': 'm32sd10c', 'self': 'https://t493319102.eu-latest.cumulocity.com/devicecontrol/operations/20660968', 'id': '20660968', 'status': 'PENDING', 'description': &quot;Apply software changes, triggered from PySys: [{'action': 'install', 'id': '5475369', 'name': 'asciijump', 'url': ' ', 'version': '::apt'}, {'action': 'install', 'id': '5474869', 'name': 'robotfindskitten', 'url': ' ', 'version': '::apt'}, {'action': 'install', 'id': '5475279', 'name': 'squirrel3', 'url': ' ', 'version': '::apt'}]&quot;, 'c8y_SoftwareUpdate': [{'name': 'asciijump', 'action': 'install', 'id': '5475369', 'version': '::apt', 'url': ' '}, {'name': 'robotfindskitten', 'action': 'install', 'id': '5474869', 'version': '::apt', 'url': ' '}, {'name': 'squirrel3', 'action': 'install', 'id': '5475279', 'version': '::apt', 'url': ' '}]}
07:34:01 INFO  State of operation 20660968 : PENDING
07:34:04 INFO  State of operation 20660968 : EXECUTING
07:34:06 INFO  State of operation 20660968 : EXECUTING
07:34:08 INFO  State of operation 20660968 : EXECUTING
07:34:10 INFO  State of operation 20660968 : EXECUTING
07:34:12 INFO  State of operation 20660968 : EXECUTING
07:34:16 INFO  State of operation 20660968 : EXECUTING
07:34:18 INFO  State of operation 20660968 : EXECUTING
07:34:21 INFO  State of operation 20660968 : EXECUTING
07:34:23 INFO  State of operation 20660968 : EXECUTING
07:34:25 INFO  State of operation 20660968 : EXECUTING
07:34:28 INFO  State of operation 20660968 : EXECUTING
07:34:30 INFO  State of operation 20660968 : EXECUTING
07:34:32 INFO  State of operation 20660968 : EXECUTING
07:34:34 INFO  State of operation 20660968 : EXECUTING
07:34:37 INFO  State of operation 20660968 : EXECUTING
07:34:39 INFO  State of operation 20660968 : EXECUTING
07:34:42 INFO  State of operation 20660968 : EXECUTING
07:34:44 INFO  State of operation 20660968 : EXECUTING
07:34:47 INFO  State of operation 20660968 : EXECUTING
07:34:49 INFO  State of operation 20660968 : EXECUTING
07:34:51 INFO  State of operation 20660968 : EXECUTING
07:34:53 INFO  State of operation 20660968 : EXECUTING
07:34:56 INFO  State of operation 20660968 : EXECUTING
07:34:59 INFO  State of operation 20660968 : EXECUTING
07:35:01 INFO  State of operation 20660968 : EXECUTING
07:35:04 INFO  State of operation 20660968 : EXECUTING
07:35:06 INFO  State of operation 20660968 : EXECUTING
07:35:08 INFO  State of operation 20660968 : EXECUTING
07:35:10 INFO  State of operation 20660968 : EXECUTING
07:35:13 INFO  State of operation 20660968 : EXECUTING
07:35:15 INFO  State of operation 20660968 : EXECUTING
07:35:17 INFO  State of operation 20660968 : EXECUTING
07:35:19 INFO  State of operation 20660968 : SUCCESSFUL
07:35:20 INFO  Assert that (False == value) with value=False ... passed
07:35:20 INFO  Package asciijump is installed
07:35:20 INFO  Assert that (True == value) with value=True ... passed
07:35:20 INFO  Package squirrel3 is installed
07:35:20 INFO  Assert that (True == value) with value=True ... passed
07:35:21 INFO  Package robotfindskitten is installed
07:35:21 INFO  Assert that (True == value) with value=True ... passed
07:35:21 INFO  Response status: 201
07:35:21 INFO  Response to action: {
    &quot;creationTime&quot;: &quot;2022-07-01T07:35:21.239Z&quot;,
    &quot;deviceId&quot;: &quot;20627470&quot;,
    &quot;deviceName&quot;: &quot;m32sd10c&quot;,
    &quot;self&quot;: &quot;https://t493319102.eu-latest.cumulocity.com/devicecontrol/operations/20660976&quot;,
    &quot;id&quot;: &quot;20660976&quot;,
    &quot;status&quot;: &quot;PENDING&quot;,
    &quot;description&quot;: &quot;Apply software changes, triggered from PySys: [{'action': 'delete', 'id': '5475369', 'name': 'asciijump', 'url': ' ', 'version': '::apt'}, {'action': 'delete', 'id': '5474869', 'name': 'robotfindskitten', 'url': ' ', 'version': '::apt'}, {'action': 'delete', 'id': '5475279', 'name': 'squirrel3', 'url': ' ', 'version': '::apt'}]&quot;,
    &quot;c8y_SoftwareUpdate&quot;: [
        {
            &quot;name&quot;: &quot;asciijump&quot;,
            &quot;action&quot;: &quot;delete&quot;,
            &quot;id&quot;: &quot;5475369&quot;,
            &quot;version&quot;: &quot;::apt&quot;,
            &quot;url&quot;: &quot; &quot;
        },
        {
            &quot;name&quot;: &quot;robotfindskitten&quot;,
            &quot;action&quot;: &quot;delete&quot;,
            &quot;id&quot;: &quot;5474869&quot;,
            &quot;version&quot;: &quot;::apt&quot;,
            &quot;url&quot;: &quot; &quot;
        },
        {
            &quot;name&quot;: &quot;squirrel3&quot;,
            &quot;action&quot;: &quot;delete&quot;,
            &quot;id&quot;: &quot;5475279&quot;,
            &quot;version&quot;: &quot;::apt&quot;,
            &quot;url&quot;: &quot; &quot;
        }
    ]
}
07:35:21 INFO  Started operation: {'creationTime': '2022-07-01T07:35:21.239Z', 'deviceId': '20627470', 'deviceName': 'm32sd10c', 'self': 'https://t493319102.eu-latest.cumulocity.com/devicecontrol/operations/20660976', 'id': '20660976', 'status': 'PENDING', 'description': &quot;Apply software changes, triggered from PySys: [{'action': 'delete', 'id': '5475369', 'name': 'asciijump', 'url': ' ', 'version': '::apt'}, {'action': 'delete', 'id': '5474869', 'name': 'robotfindskitten', 'url': ' ', 'version': '::apt'}, {'action': 'delete', 'id': '5475279', 'name': 'squirrel3', 'url': ' ', 'version': '::apt'}]&quot;, 'c8y_SoftwareUpdate': [{'name': 'asciijump', 'action': 'delete', 'id': '5475369', 'version': '::apt', 'url': ' '}, {'name': 'robotfindskitten', 'action': 'delete', 'id': '5474869', 'version': '::apt', 'url': ' '}, {'name': 'squirrel3', 'action': 'delete', 'id': '5475279', 'version': '::apt', 'url': ' '}]}
07:35:23 INFO  State of operation 20660976 : PENDING
07:35:25 INFO  State of operation 20660976 : EXECUTING
07:35:28 INFO  State of operation 20660976 : EXECUTING
07:35:30 INFO  State of operation 20660976 : EXECUTING
07:35:32 INFO  State of operation 20660976 : EXECUTING
07:35:34 INFO  State of operation 20660976 : EXECUTING
07:35:37 INFO  State of operation 20660976 : EXECUTING
07:35:40 INFO  State of operation 20660976 : EXECUTING
07:35:42 INFO  State of operation 20660976 : EXECUTING
07:35:45 INFO  State of operation 20660976 : EXECUTING
07:35:47 INFO  State of operation 20660976 : EXECUTING
07:35:49 INFO  State of operation 20660976 : EXECUTING
07:35:51 INFO  State of operation 20660976 : EXECUTING
07:35:54 INFO  State of operation 20660976 : EXECUTING
07:35:56 INFO  State of operation 20660976 : EXECUTING
07:35:58 INFO  State of operation 20660976 : EXECUTING
07:36:01 INFO  State of operation 20660976 : EXECUTING
07:36:03 INFO  State of operation 20660976 : EXECUTING
07:36:06 INFO  State of operation 20660976 : EXECUTING
07:36:08 INFO  State of operation 20660976 : EXECUTING
07:36:10 INFO  State of operation 20660976 : EXECUTING
07:36:12 INFO  State of operation 20660976 : EXECUTING
07:36:15 INFO  State of operation 20660976 : EXECUTING
07:36:17 INFO  State of operation 20660976 : EXECUTING
07:36:20 INFO  State of operation 20660976 : EXECUTING
07:36:22 INFO  State of operation 20660976 : EXECUTING
07:36:24 INFO  State of operation 20660976 : EXECUTING
07:36:26 INFO  State of operation 20660976 : SUCCESSFUL
07:36:27 INFO  Assert that (False == value) with value=False ... passed
07:36:27 INFO  Assert that (False == value) with value=False ... passed
07:36:27 INFO  Assert that (False == value) with value=False ... passed
07:36:28 INFO  Assert that (False == value) with value=False ... passed
07:36:28 INFO  
07:36:28 INFO  cleanup:
07:36:32 INFO  Executed sudo&lt;tedge_disconnect_c8y&gt;, exit status 0
07:36:32 INFO  Executed systemctl&lt;serv_mapper5&gt;, exit status 3
07:36:32 INFO  
07:36:32 INFO  Test duration: 178.93 secs
07:36:32 INFO  Test final outcome:  FAILED
07:36:32 INFO  Test outcome reason: Assert that (False == value) with value=True
07:36:32 INFO  
</system-out>
	</testcase>
</testsuite>
