<?xml version="1.0" encoding="utf-8"?>
<testsuite failures="1" name="SoftwareManagement.sm_apt_install_remove_multiple" skipped="0" tests="1" time="166.57" timestamp="2022-05-24T16:24:29">
	<testcase classname="PySysTest" name="SoftwareManagement.sm_apt_install_remove_multiple">
		<failure message="BLOCKED: SystemError: Timeout while waiting for status FAILED or SUCCESSFUL" type="BLOCKED"/>
		<system-out>16:21:42 INFO  ==============================================================
16:21:42 INFO  Id:    SoftwareManagement.sm_apt_install_remove_multiple
16:21:42 INFO  Dir:   software_management_end_to_end/
16:21:42 INFO  Title: Validate end to end behaviour for the apt plugin for multiple packages
16:21:42 INFO  ==============================================================
16:21:42 INFO  Using sw id database: {'asciijump': '5475369', 'robotfindskitten': '5474869', 'squirrel3': '5475279', 'rolldice': '5152439', 'moon-buggy': '5439204', 'apple': '5495053', 'banana': '5494888', 'cherry': '5495382', 'watermelon': '5494510', 'registry': '8018911', 'hello-world': '8021526', 'docker/getting-started': '8021973', 'alpine': '7991792'}
16:21:42 INFO  EnvironmentC8y Setup
16:21:43 INFO  Executed systemctl&lt;serv_mapper1&gt;, exit status 3
16:21:43 INFO  Restarting mosquitto too frequently in the last 10 seconds. It was only up for 4 seconds
16:21:43 INFO  Delaying execution by 7 seconds
16:22:04 INFO  Executed sudo&lt;tedge_connect_c8y&gt;, exit status 0, duration 13 secs
16:22:04 INFO  Executed sudo&lt;tedge_connect_c8y_test&gt;, exit status 0
16:22:05 INFO  Executed systemctl&lt;serv_mosq2&gt;, exit status 0
16:22:05 INFO  Executed systemctl&lt;serv_mapper3&gt;, exit status 0
16:22:07 INFO  State of current operation: PENDING
16:22:10 INFO  State of current operation: PENDING
16:22:12 INFO  State of current operation: PENDING
16:22:14 INFO  State of current operation: PENDING
16:22:16 INFO  State of current operation: PENDING
16:22:19 INFO  State of current operation: PENDING
16:22:21 INFO  State of current operation: PENDING
16:22:23 INFO  State of current operation: PENDING
16:22:25 INFO  State of current operation: PENDING
16:22:28 INFO  State of current operation: PENDING
16:22:30 INFO  State of current operation: PENDING
16:22:32 INFO  State of current operation: PENDING
16:22:34 INFO  State of current operation: PENDING
16:22:37 INFO  State of current operation: PENDING
16:22:39 INFO  State of current operation: PENDING
16:22:41 INFO  State of current operation: PENDING
16:22:43 INFO  State of current operation: PENDING
16:22:46 INFO  State of current operation: PENDING
16:22:48 INFO  State of current operation: PENDING
16:22:50 INFO  State of current operation: PENDING
16:22:52 INFO  State of current operation: PENDING
16:22:54 INFO  State of current operation: PENDING
16:22:57 INFO  State of current operation: PENDING
16:22:59 INFO  State of current operation: PENDING
16:23:01 INFO  State of current operation: PENDING
16:23:03 INFO  State of current operation: PENDING
16:23:06 INFO  State of current operation: PENDING
16:23:08 INFO  State of current operation: PENDING
16:23:10 INFO  State of current operation: PENDING
16:23:12 INFO  State of current operation: PENDING
16:23:15 INFO  State of current operation: PENDING
16:23:17 INFO  State of current operation: PENDING
16:23:19 INFO  State of current operation: PENDING
16:23:21 INFO  State of current operation: PENDING
16:23:23 INFO  State of current operation: PENDING
16:23:26 INFO  State of current operation: PENDING
16:23:28 INFO  State of current operation: PENDING
16:23:30 INFO  State of current operation: PENDING
16:23:33 INFO  State of current operation: PENDING
16:23:35 INFO  State of current operation: PENDING
16:23:37 INFO  State of current operation: PENDING
16:23:40 INFO  State of current operation: PENDING
16:23:42 INFO  State of current operation: PENDING
16:23:44 INFO  State of current operation: PENDING
16:23:46 INFO  State of current operation: PENDING
16:23:48 INFO  State of current operation: PENDING
16:23:51 INFO  State of current operation: PENDING
16:23:53 INFO  State of current operation: PENDING
16:23:55 INFO  State of current operation: PENDING
16:23:57 INFO  State of current operation: PENDING
16:24:00 INFO  State of current operation: PENDING
16:24:02 INFO  State of current operation: PENDING
16:24:04 INFO  State of current operation: PENDING
16:24:06 INFO  State of current operation: PENDING
16:24:09 INFO  State of current operation: PENDING
16:24:11 INFO  State of current operation: PENDING
16:24:13 INFO  State of current operation: PENDING
16:24:15 INFO  State of current operation: PENDING
16:24:18 INFO  State of current operation: PENDING
16:24:20 INFO  State of current operation: PENDING
16:24:22 INFO  State of current operation: PENDING
16:24:24 WARN  SystemError occurred while running test - Timeout while waiting for status FAILED or SUCCESSFUL
Traceback (most recent call last):
  File &quot;/home/pi/env-pysys/lib/python3.7/site-packages/pysys/baserunner.py&quot;, line 1292, in __call__
    self.testObj.setup()
  File &quot;/home/pi/actions-runner/_work/thin-edge.io/thin-edge.io/tests/PySys/software_management_end_to_end/sm_apt_install_remove_multiple/run.py&quot;, line 52, in setup
    super().setup()
  File &quot;/home/pi/actions-runner/_work/thin-edge.io/thin-edge.io/tests/PySys/software_management_end_to_end/environment_sm_management.py&quot;, line 151, in setup
    self.wait_until_end()
  File &quot;/home/pi/actions-runner/_work/thin-edge.io/thin-edge.io/tests/PySys/software_management_end_to_end/environment_sm_management.py&quot;, line 332, in wait_until_end
    self.wait_until_status(&quot;FAILED&quot;, &quot;SUCCESSFUL&quot;)
  File &quot;/home/pi/actions-runner/_work/thin-edge.io/thin-edge.io/tests/PySys/software_management_end_to_end/environment_sm_management.py&quot;, line 381, in wait_until_status
    &quot;Timeout while waiting for status %s or %s&quot; % (status, status2)
SystemError: Timeout while waiting for status FAILED or SUCCESSFUL
16:24:24 WARN  SystemError: Timeout while waiting for status FAILED or SUCCESSFUL ... blocked 
16:24:24 INFO  
16:24:24 INFO  cleanup:
16:24:28 INFO  Executed sudo&lt;tedge_disconnect_c8y&gt;, exit status 0
16:24:29 INFO  Executed systemctl&lt;serv_mapper5&gt;, exit status 3
16:24:29 INFO  
16:24:29 INFO  Test duration: 166.57 secs
16:24:29 INFO  Test final outcome:  BLOCKED
16:24:29 INFO  Test outcome reason: SystemError: Timeout while waiting for status FAILED or SUCCESSFUL
16:24:29 INFO  
</system-out>
	</testcase>
</testsuite>
