<?xml version="1.0" encoding="utf-8"?>
<testsuite failures="0" name="apt_finalize" skipped="0" tests="1" time="129.2" timestamp="2022-07-22T00:49:48">
	<testcase classname="AptPluginFinalize" name="apt_finalize"/>
</testsuite>
