<?xml version="1.0" encoding="utf-8"?>
<testsuite failures="1" name="SoftwareManagement.sm_apt_install_remove" skipped="0" tests="1" time="165.42" timestamp="2022-05-25T11:33:06">
	<testcase classname="PySysTest" name="SoftwareManagement.sm_apt_install_remove">
		<failure message="BLOCKED: SystemError: Timeout while waiting for status FAILED or SUCCESSFUL" type="BLOCKED"/>
		<system-out>11:30:21 INFO  ==============================================================
11:30:21 INFO  Id:    SoftwareManagement.sm_apt_install_remove
11:30:21 INFO  Dir:   software_management_end_to_end/
11:30:21 INFO  Title: Validate end to end behaviour for the apt plugin for installation and removal of packages
11:30:21 INFO  ==============================================================
11:30:21 INFO  Using sw id database: {'asciijump': '5475369', 'robotfindskitten': '5474869', 'squirrel3': '5475279', 'rolldice': '5152439', 'moon-buggy': '5439204', 'apple': '5495053', 'banana': '5494888', 'cherry': '5495382', 'watermelon': '5494510', 'registry': '8018911', 'hello-world': '8021526', 'docker/getting-started': '8021973', 'alpine': '7991792'}
11:30:21 INFO  EnvironmentC8y Setup
11:30:22 INFO  Executed systemctl&lt;serv_mapper1&gt;, exit status 3
11:30:22 INFO  Restarting mosquitto too frequently in the last 10 seconds. It was only up for 5 seconds
11:30:22 INFO  Delaying execution by 6 seconds
11:30:42 INFO  Executed sudo&lt;tedge_connect_c8y&gt;, exit status 0, duration 13 secs
11:30:42 INFO  Executed sudo&lt;tedge_connect_c8y_test&gt;, exit status 0
11:30:43 INFO  Executed systemctl&lt;serv_mosq2&gt;, exit status 0
11:30:43 INFO  Executed systemctl&lt;serv_mapper3&gt;, exit status 0
11:30:45 INFO  State of current operation: PENDING
11:30:48 INFO  State of current operation: PENDING
11:30:50 INFO  State of current operation: PENDING
11:30:52 INFO  State of current operation: PENDING
11:30:54 INFO  State of current operation: PENDING
11:30:57 INFO  State of current operation: PENDING
11:30:59 INFO  State of current operation: PENDING
11:31:01 INFO  State of current operation: PENDING
11:31:03 INFO  State of current operation: PENDING
11:31:05 INFO  State of current operation: PENDING
11:31:08 INFO  State of current operation: PENDING
11:31:10 INFO  State of current operation: PENDING
11:31:12 INFO  State of current operation: PENDING
11:31:15 INFO  State of current operation: PENDING
11:31:17 INFO  State of current operation: PENDING
11:31:19 INFO  State of current operation: PENDING
11:31:21 INFO  State of current operation: PENDING
11:31:24 INFO  State of current operation: PENDING
11:31:26 INFO  State of current operation: PENDING
11:31:28 INFO  State of current operation: PENDING
11:31:30 INFO  State of current operation: PENDING
11:31:32 INFO  State of current operation: PENDING
11:31:35 INFO  State of current operation: PENDING
11:31:37 INFO  State of current operation: PENDING
11:31:39 INFO  State of current operation: PENDING
11:31:41 INFO  State of current operation: PENDING
11:31:44 INFO  State of current operation: PENDING
11:31:46 INFO  State of current operation: PENDING
11:31:48 INFO  State of current operation: PENDING
11:31:50 INFO  State of current operation: PENDING
11:31:53 INFO  State of current operation: PENDING
11:31:55 INFO  State of current operation: PENDING
11:31:57 INFO  State of current operation: PENDING
11:31:59 INFO  State of current operation: PENDING
11:32:02 INFO  State of current operation: PENDING
11:32:04 INFO  State of current operation: PENDING
11:32:06 INFO  State of current operation: PENDING
11:32:09 INFO  State of current operation: PENDING
11:32:11 INFO  State of current operation: PENDING
11:32:13 INFO  State of current operation: PENDING
11:32:15 INFO  State of current operation: PENDING
11:32:17 INFO  State of current operation: PENDING
11:32:20 INFO  State of current operation: PENDING
11:32:22 INFO  State of current operation: PENDING
11:32:24 INFO  State of current operation: PENDING
11:32:26 INFO  State of current operation: PENDING
11:32:29 INFO  State of current operation: PENDING
11:32:31 INFO  State of current operation: PENDING
11:32:33 INFO  State of current operation: PENDING
11:32:35 INFO  State of current operation: PENDING
11:32:37 INFO  State of current operation: PENDING
11:32:40 INFO  State of current operation: PENDING
11:32:42 INFO  State of current operation: PENDING
11:32:44 INFO  State of current operation: PENDING
11:32:46 INFO  State of current operation: PENDING
11:32:49 INFO  State of current operation: PENDING
11:32:51 INFO  State of current operation: PENDING
11:32:53 INFO  State of current operation: PENDING
11:32:55 INFO  State of current operation: PENDING
11:32:58 INFO  State of current operation: PENDING
11:33:00 INFO  State of current operation: PENDING
11:33:02 WARN  SystemError occurred while running test - Timeout while waiting for status FAILED or SUCCESSFUL
Traceback (most recent call last):
  File &quot;/home/pi/env-pysys/lib/python3.7/site-packages/pysys/baserunner.py&quot;, line 1292, in __call__
    self.testObj.setup()
  File &quot;/home/pi/actions-runner/_work/thin-edge.io/thin-edge.io/tests/PySys/software_management_end_to_end/sm_apt_install_remove/run.py&quot;, line 27, in setup
    super().setup()
  File &quot;/home/pi/actions-runner/_work/thin-edge.io/thin-edge.io/tests/PySys/software_management_end_to_end/environment_sm_management.py&quot;, line 151, in setup
    self.wait_until_end()
  File &quot;/home/pi/actions-runner/_work/thin-edge.io/thin-edge.io/tests/PySys/software_management_end_to_end/environment_sm_management.py&quot;, line 332, in wait_until_end
    self.wait_until_status(&quot;FAILED&quot;, &quot;SUCCESSFUL&quot;)
  File &quot;/home/pi/actions-runner/_work/thin-edge.io/thin-edge.io/tests/PySys/software_management_end_to_end/environment_sm_management.py&quot;, line 381, in wait_until_status
    &quot;Timeout while waiting for status %s or %s&quot; % (status, status2)
SystemError: Timeout while waiting for status FAILED or SUCCESSFUL
11:33:02 WARN  SystemError: Timeout while waiting for status FAILED or SUCCESSFUL ... blocked 
11:33:02 INFO  
11:33:02 INFO  cleanup:
11:33:06 INFO  Executed sudo&lt;tedge_disconnect_c8y&gt;, exit status 0
11:33:06 INFO  Executed systemctl&lt;serv_mapper5&gt;, exit status 3
11:33:06 INFO  
11:33:06 INFO  Test duration: 165.42 secs
11:33:06 INFO  Test final outcome:  BLOCKED
11:33:06 INFO  Test outcome reason: SystemError: Timeout while waiting for status FAILED or SUCCESSFUL
11:33:06 INFO  
</system-out>
	</testcase>
</testsuite>
