<?xml version="1.0" encoding="utf-8"?>
<testsuite failures="1" name="SoftwareManagement.sm_apt_install_remove_multiple" skipped="0" tests="1" time="182.65" timestamp="2022-06-08T13:44:25">
	<testcase classname="PySysTest" name="SoftwareManagement.sm_apt_install_remove_multiple">
		<failure message="FAILED: Assert that (False == value) with value=True" type="FAILED"/>
		<system-out>13:41:22 INFO  ==============================================================
13:41:22 INFO  Id:    SoftwareManagement.sm_apt_install_remove_multiple
13:41:22 INFO  Dir:   software_management_end_to_end/
13:41:22 INFO  Title: Validate end to end behaviour for the apt plugin for multiple packages
13:41:22 INFO  ==============================================================
13:41:22 INFO  Using sw id database: {'asciijump': '5475369', 'robotfindskitten': '5474869', 'squirrel3': '5475279', 'rolldice': '5152439', 'moon-buggy': '5439204', 'apple': '5495053', 'banana': '5494888', 'cherry': '5495382', 'watermelon': '5494510', 'registry': '8018911', 'hello-world': '8021526', 'docker/getting-started': '8021973', 'alpine': '7991792'}
13:41:22 INFO  EnvironmentC8y Setup
13:41:23 INFO  Executed systemctl&lt;serv_mapper1&gt;, exit status 3
13:41:23 INFO  Restarting mosquitto too frequently in the last 10 seconds. It was only up for 5 seconds
13:41:23 INFO  Delaying execution by 6 seconds
13:41:44 INFO  Executed sudo&lt;tedge_connect_c8y&gt;, exit status 0, duration 14 secs
13:41:44 INFO  Executed sudo&lt;tedge_connect_c8y_test&gt;, exit status 0
13:41:45 INFO  Executed systemctl&lt;serv_mosq2&gt;, exit status 0
13:41:45 INFO  Executed systemctl&lt;serv_mapper3&gt;, exit status 0
13:41:47 INFO  State of current operation: SUCCESSFUL
13:41:48 INFO  Assert that (False == value) with value=False ... passed
13:41:48 INFO  Assert that (False == value) with value=False ... passed
13:41:48 INFO  Assert that (False == value) with value=False ... passed
13:41:48 INFO  Package robotfindskitten is installed
13:41:48 WARN  Assert that (False == value) with value=True ... failed 
13:41:49 INFO  Response status: 201
13:41:49 INFO  Response to action: {
    &quot;creationTime&quot;: &quot;2022-06-08T13:41:49.030Z&quot;,
    &quot;deviceId&quot;: &quot;20012510&quot;,
    &quot;deviceName&quot;: &quot;m32sd10c&quot;,
    &quot;self&quot;: &quot;https://t493319102.eu-latest.cumulocity.com/devicecontrol/operations/20054751&quot;,
    &quot;id&quot;: &quot;20054751&quot;,
    &quot;status&quot;: &quot;PENDING&quot;,
    &quot;description&quot;: &quot;Apply software changes, triggered from PySys: [{'action': 'install', 'id': '5475369', 'name': 'asciijump', 'url': ' ', 'version': '::apt'}, {'action': 'install', 'id': '5474869', 'name': 'robotfindskitten', 'url': ' ', 'version': '::apt'}, {'action': 'install', 'id': '5475279', 'name': 'squirrel3', 'url': ' ', 'version': '::apt'}]&quot;,
    &quot;c8y_SoftwareUpdate&quot;: [
        {
            &quot;name&quot;: &quot;asciijump&quot;,
            &quot;action&quot;: &quot;install&quot;,
            &quot;id&quot;: &quot;5475369&quot;,
            &quot;version&quot;: &quot;::apt&quot;,
            &quot;url&quot;: &quot; &quot;
        },
        {
            &quot;name&quot;: &quot;robotfindskitten&quot;,
            &quot;action&quot;: &quot;install&quot;,
            &quot;id&quot;: &quot;5474869&quot;,
            &quot;version&quot;: &quot;::apt&quot;,
            &quot;url&quot;: &quot; &quot;
        },
        {
            &quot;name&quot;: &quot;squirrel3&quot;,
            &quot;action&quot;: &quot;install&quot;,
            &quot;id&quot;: &quot;5475279&quot;,
            &quot;version&quot;: &quot;::apt&quot;,
            &quot;url&quot;: &quot; &quot;
        }
    ]
}
13:41:49 INFO  Started operation: {'creationTime': '2022-06-08T13:41:49.030Z', 'deviceId': '20012510', 'deviceName': 'm32sd10c', 'self': 'https://t493319102.eu-latest.cumulocity.com/devicecontrol/operations/20054751', 'id': '20054751', 'status': 'PENDING', 'description': &quot;Apply software changes, triggered from PySys: [{'action': 'install', 'id': '5475369', 'name': 'asciijump', 'url': ' ', 'version': '::apt'}, {'action': 'install', 'id': '5474869', 'name': 'robotfindskitten', 'url': ' ', 'version': '::apt'}, {'action': 'install', 'id': '5475279', 'name': 'squirrel3', 'url': ' ', 'version': '::apt'}]&quot;, 'c8y_SoftwareUpdate': [{'name': 'asciijump', 'action': 'install', 'id': '5475369', 'version': '::apt', 'url': ' '}, {'name': 'robotfindskitten', 'action': 'install', 'id': '5474869', 'version': '::apt', 'url': ' '}, {'name': 'squirrel3', 'action': 'install', 'id': '5475279', 'version': '::apt', 'url': ' '}]}
13:41:51 INFO  State of operation 20054751 : PENDING
13:41:53 INFO  State of operation 20054751 : EXECUTING
13:41:55 INFO  State of operation 20054751 : EXECUTING
13:41:58 INFO  State of operation 20054751 : EXECUTING
13:42:00 INFO  State of operation 20054751 : EXECUTING
13:42:02 INFO  State of operation 20054751 : EXECUTING
13:42:05 INFO  State of operation 20054751 : EXECUTING
13:42:08 INFO  State of operation 20054751 : EXECUTING
13:42:10 INFO  State of operation 20054751 : EXECUTING
13:42:12 INFO  State of operation 20054751 : EXECUTING
13:42:15 INFO  State of operation 20054751 : EXECUTING
13:42:17 INFO  State of operation 20054751 : EXECUTING
13:42:19 INFO  State of operation 20054751 : EXECUTING
13:42:21 INFO  State of operation 20054751 : EXECUTING
13:42:24 INFO  State of operation 20054751 : EXECUTING
13:42:26 INFO  State of operation 20054751 : EXECUTING
13:42:28 INFO  State of operation 20054751 : EXECUTING
13:42:31 INFO  State of operation 20054751 : EXECUTING
13:42:33 INFO  State of operation 20054751 : EXECUTING
13:42:35 INFO  State of operation 20054751 : EXECUTING
13:42:38 INFO  State of operation 20054751 : EXECUTING
13:42:40 INFO  State of operation 20054751 : EXECUTING
13:42:43 INFO  State of operation 20054751 : EXECUTING
13:42:45 INFO  State of operation 20054751 : EXECUTING
13:42:47 INFO  State of operation 20054751 : EXECUTING
13:42:49 INFO  State of operation 20054751 : EXECUTING
13:42:52 INFO  State of operation 20054751 : EXECUTING
13:42:54 INFO  State of operation 20054751 : EXECUTING
13:42:56 INFO  State of operation 20054751 : EXECUTING
13:42:59 INFO  State of operation 20054751 : EXECUTING
13:43:01 INFO  State of operation 20054751 : EXECUTING
13:43:03 INFO  State of operation 20054751 : EXECUTING
13:43:05 INFO  State of operation 20054751 : EXECUTING
13:43:08 INFO  State of operation 20054751 : EXECUTING
13:43:10 INFO  State of operation 20054751 : SUCCESSFUL
13:43:10 INFO  Assert that (False == value) with value=False ... passed
13:43:10 INFO  Package asciijump is installed
13:43:10 INFO  Assert that (True == value) with value=True ... passed
13:43:11 INFO  Package squirrel3 is installed
13:43:11 INFO  Assert that (True == value) with value=True ... passed
13:43:11 INFO  Package robotfindskitten is installed
13:43:11 INFO  Assert that (True == value) with value=True ... passed
13:43:11 INFO  Response status: 201
13:43:11 INFO  Response to action: {
    &quot;creationTime&quot;: &quot;2022-06-08T13:43:11.446Z&quot;,
    &quot;deviceId&quot;: &quot;20012510&quot;,
    &quot;deviceName&quot;: &quot;m32sd10c&quot;,
    &quot;self&quot;: &quot;https://t493319102.eu-latest.cumulocity.com/devicecontrol/operations/20054763&quot;,
    &quot;id&quot;: &quot;20054763&quot;,
    &quot;status&quot;: &quot;PENDING&quot;,
    &quot;description&quot;: &quot;Apply software changes, triggered from PySys: [{'action': 'delete', 'id': '5475369', 'name': 'asciijump', 'url': ' ', 'version': '::apt'}, {'action': 'delete', 'id': '5474869', 'name': 'robotfindskitten', 'url': ' ', 'version': '::apt'}, {'action': 'delete', 'id': '5475279', 'name': 'squirrel3', 'url': ' ', 'version': '::apt'}]&quot;,
    &quot;c8y_SoftwareUpdate&quot;: [
        {
            &quot;name&quot;: &quot;asciijump&quot;,
            &quot;action&quot;: &quot;delete&quot;,
            &quot;id&quot;: &quot;5475369&quot;,
            &quot;version&quot;: &quot;::apt&quot;,
            &quot;url&quot;: &quot; &quot;
        },
        {
            &quot;name&quot;: &quot;robotfindskitten&quot;,
            &quot;action&quot;: &quot;delete&quot;,
            &quot;id&quot;: &quot;5474869&quot;,
            &quot;version&quot;: &quot;::apt&quot;,
            &quot;url&quot;: &quot; &quot;
        },
        {
            &quot;name&quot;: &quot;squirrel3&quot;,
            &quot;action&quot;: &quot;delete&quot;,
            &quot;id&quot;: &quot;5475279&quot;,
            &quot;version&quot;: &quot;::apt&quot;,
            &quot;url&quot;: &quot; &quot;
        }
    ]
}
13:43:11 INFO  Started operation: {'creationTime': '2022-06-08T13:43:11.446Z', 'deviceId': '20012510', 'deviceName': 'm32sd10c', 'self': 'https://t493319102.eu-latest.cumulocity.com/devicecontrol/operations/20054763', 'id': '20054763', 'status': 'PENDING', 'description': &quot;Apply software changes, triggered from PySys: [{'action': 'delete', 'id': '5475369', 'name': 'asciijump', 'url': ' ', 'version': '::apt'}, {'action': 'delete', 'id': '5474869', 'name': 'robotfindskitten', 'url': ' ', 'version': '::apt'}, {'action': 'delete', 'id': '5475279', 'name': 'squirrel3', 'url': ' ', 'version': '::apt'}]&quot;, 'c8y_SoftwareUpdate': [{'name': 'asciijump', 'action': 'delete', 'id': '5475369', 'version': '::apt', 'url': ' '}, {'name': 'robotfindskitten', 'action': 'delete', 'id': '5474869', 'version': '::apt', 'url': ' '}, {'name': 'squirrel3', 'action': 'delete', 'id': '5475279', 'version': '::apt', 'url': ' '}]}
13:43:13 INFO  State of operation 20054763 : PENDING
13:43:16 INFO  State of operation 20054763 : EXECUTING
13:43:18 INFO  State of operation 20054763 : EXECUTING
13:43:20 INFO  State of operation 20054763 : EXECUTING
13:43:22 INFO  State of operation 20054763 : EXECUTING
13:43:25 INFO  State of operation 20054763 : EXECUTING
13:43:27 INFO  State of operation 20054763 : EXECUTING
13:43:30 INFO  State of operation 20054763 : EXECUTING
13:43:33 INFO  State of operation 20054763 : EXECUTING
13:43:35 INFO  State of operation 20054763 : EXECUTING
13:43:37 INFO  State of operation 20054763 : EXECUTING
13:43:39 INFO  State of operation 20054763 : EXECUTING
13:43:42 INFO  State of operation 20054763 : EXECUTING
13:43:44 INFO  State of operation 20054763 : EXECUTING
13:43:46 INFO  State of operation 20054763 : EXECUTING
13:43:48 INFO  State of operation 20054763 : EXECUTING
13:43:51 INFO  State of operation 20054763 : EXECUTING
13:43:53 INFO  State of operation 20054763 : EXECUTING
13:43:56 INFO  State of operation 20054763 : EXECUTING
13:43:58 INFO  State of operation 20054763 : EXECUTING
13:44:00 INFO  State of operation 20054763 : EXECUTING
13:44:03 INFO  State of operation 20054763 : EXECUTING
13:44:05 INFO  State of operation 20054763 : EXECUTING
13:44:07 INFO  State of operation 20054763 : EXECUTING
13:44:09 INFO  State of operation 20054763 : EXECUTING
13:44:12 INFO  State of operation 20054763 : EXECUTING
13:44:15 INFO  State of operation 20054763 : EXECUTING
13:44:17 INFO  State of operation 20054763 : EXECUTING
13:44:19 INFO  State of operation 20054763 : SUCCESSFUL
13:44:19 INFO  Assert that (False == value) with value=False ... passed
13:44:19 INFO  Assert that (False == value) with value=False ... passed
13:44:20 INFO  Assert that (False == value) with value=False ... passed
13:44:20 INFO  Assert that (False == value) with value=False ... passed
13:44:20 INFO  
13:44:20 INFO  cleanup:
13:44:24 INFO  Executed sudo&lt;tedge_disconnect_c8y&gt;, exit status 0
13:44:25 INFO  Executed systemctl&lt;serv_mapper5&gt;, exit status 3
13:44:25 INFO  
13:44:25 INFO  Test duration: 182.65 secs
13:44:25 INFO  Test final outcome:  FAILED
13:44:25 INFO  Test outcome reason: Assert that (False == value) with value=True
13:44:25 INFO  
</system-out>
	</testcase>
</testsuite>
