<?xml version="1.0" encoding="utf-8"?>
<testsuite failures="0" name="apt_update_list" skipped="0" tests="1" time="151.71" timestamp="2022-05-23T13:52:10">
	<testcase classname="AptPluginUpdateList" name="apt_update_list"/>
</testsuite>
