<?xml version="1.0" encoding="utf-8"?>
<testsuite failures="1" name="SoftwareManagement.sm_apt_install_remove_multiple" skipped="0" tests="1" time="179.34" timestamp="2022-06-22T16:33:51">
	<testcase classname="PySysTest" name="SoftwareManagement.sm_apt_install_remove_multiple">
		<failure message="FAILED: Assert that (False == value) with value=True" type="FAILED"/>
		<system-out>16:30:51 INFO  ==============================================================
16:30:51 INFO  Id:    SoftwareManagement.sm_apt_install_remove_multiple
16:30:51 INFO  Dir:   software_management_end_to_end/
16:30:51 INFO  Title: Validate end to end behaviour for the apt plugin for multiple packages
16:30:51 INFO  ==============================================================
16:30:51 INFO  Using sw id database: {'asciijump': '5475369', 'robotfindskitten': '5474869', 'squirrel3': '5475279', 'rolldice': '5152439', 'moon-buggy': '5439204', 'apple': '5495053', 'banana': '5494888', 'cherry': '5495382', 'watermelon': '5494510', 'registry': '8018911', 'hello-world': '8021526', 'docker/getting-started': '8021973', 'alpine': '7991792'}
16:30:51 INFO  EnvironmentC8y Setup
16:30:52 INFO  Executed systemctl&lt;serv_mapper1&gt;, exit status 3
16:30:52 INFO  Restarting mosquitto too frequently in the last 10 seconds. It was only up for 5 seconds
16:30:52 INFO  Delaying execution by 6 seconds
16:31:12 INFO  Executed sudo&lt;tedge_connect_c8y&gt;, exit status 0, duration 14 secs
16:31:13 INFO  Executed sudo&lt;tedge_connect_c8y_test&gt;, exit status 0
16:31:13 INFO  Executed systemctl&lt;serv_mosq2&gt;, exit status 0
16:31:14 INFO  Executed systemctl&lt;serv_mapper3&gt;, exit status 0
16:31:16 INFO  State of current operation: SUCCESSFUL
16:31:16 INFO  Assert that (False == value) with value=False ... passed
16:31:17 INFO  Assert that (False == value) with value=False ... passed
16:31:17 INFO  Assert that (False == value) with value=False ... passed
16:31:17 INFO  Package robotfindskitten is installed
16:31:17 WARN  Assert that (False == value) with value=True ... failed 
16:31:17 INFO  Response status: 201
16:31:17 INFO  Response to action: {
    &quot;creationTime&quot;: &quot;2022-06-22T16:31:17.688Z&quot;,
    &quot;deviceName&quot;: &quot;m32sd10c&quot;,
    &quot;deviceId&quot;: &quot;20416696&quot;,
    &quot;self&quot;: &quot;https://t493319102.eu-latest.cumulocity.com/devicecontrol/operations/20427363&quot;,
    &quot;id&quot;: &quot;20427363&quot;,
    &quot;status&quot;: &quot;PENDING&quot;,
    &quot;description&quot;: &quot;Apply software changes, triggered from PySys: [{'action': 'install', 'id': '5475369', 'name': 'asciijump', 'url': ' ', 'version': '::apt'}, {'action': 'install', 'id': '5474869', 'name': 'robotfindskitten', 'url': ' ', 'version': '::apt'}, {'action': 'install', 'id': '5475279', 'name': 'squirrel3', 'url': ' ', 'version': '::apt'}]&quot;,
    &quot;c8y_SoftwareUpdate&quot;: [
        {
            &quot;name&quot;: &quot;asciijump&quot;,
            &quot;action&quot;: &quot;install&quot;,
            &quot;id&quot;: &quot;5475369&quot;,
            &quot;version&quot;: &quot;::apt&quot;,
            &quot;url&quot;: &quot; &quot;
        },
        {
            &quot;name&quot;: &quot;robotfindskitten&quot;,
            &quot;action&quot;: &quot;install&quot;,
            &quot;id&quot;: &quot;5474869&quot;,
            &quot;version&quot;: &quot;::apt&quot;,
            &quot;url&quot;: &quot; &quot;
        },
        {
            &quot;name&quot;: &quot;squirrel3&quot;,
            &quot;action&quot;: &quot;install&quot;,
            &quot;id&quot;: &quot;5475279&quot;,
            &quot;version&quot;: &quot;::apt&quot;,
            &quot;url&quot;: &quot; &quot;
        }
    ]
}
16:31:17 INFO  Started operation: {'creationTime': '2022-06-22T16:31:17.688Z', 'deviceName': 'm32sd10c', 'deviceId': '20416696', 'self': 'https://t493319102.eu-latest.cumulocity.com/devicecontrol/operations/20427363', 'id': '20427363', 'status': 'PENDING', 'description': &quot;Apply software changes, triggered from PySys: [{'action': 'install', 'id': '5475369', 'name': 'asciijump', 'url': ' ', 'version': '::apt'}, {'action': 'install', 'id': '5474869', 'name': 'robotfindskitten', 'url': ' ', 'version': '::apt'}, {'action': 'install', 'id': '5475279', 'name': 'squirrel3', 'url': ' ', 'version': '::apt'}]&quot;, 'c8y_SoftwareUpdate': [{'name': 'asciijump', 'action': 'install', 'id': '5475369', 'version': '::apt', 'url': ' '}, {'name': 'robotfindskitten', 'action': 'install', 'id': '5474869', 'version': '::apt', 'url': ' '}, {'name': 'squirrel3', 'action': 'install', 'id': '5475279', 'version': '::apt', 'url': ' '}]}
16:31:20 INFO  State of operation 20427363 : PENDING
16:31:22 INFO  State of operation 20427363 : EXECUTING
16:31:24 INFO  State of operation 20427363 : EXECUTING
16:31:26 INFO  State of operation 20427363 : EXECUTING
16:31:28 INFO  State of operation 20427363 : EXECUTING
16:31:31 INFO  State of operation 20427363 : EXECUTING
16:31:34 INFO  State of operation 20427363 : EXECUTING
16:31:36 INFO  State of operation 20427363 : EXECUTING
16:31:39 INFO  State of operation 20427363 : EXECUTING
16:31:41 INFO  State of operation 20427363 : EXECUTING
16:31:43 INFO  State of operation 20427363 : EXECUTING
16:31:46 INFO  State of operation 20427363 : EXECUTING
16:31:48 INFO  State of operation 20427363 : EXECUTING
16:31:50 INFO  State of operation 20427363 : EXECUTING
16:31:52 INFO  State of operation 20427363 : EXECUTING
16:31:55 INFO  State of operation 20427363 : EXECUTING
16:31:57 INFO  State of operation 20427363 : EXECUTING
16:32:00 INFO  State of operation 20427363 : EXECUTING
16:32:02 INFO  State of operation 20427363 : EXECUTING
16:32:04 INFO  State of operation 20427363 : EXECUTING
16:32:06 INFO  State of operation 20427363 : EXECUTING
16:32:09 INFO  State of operation 20427363 : EXECUTING
16:32:11 INFO  State of operation 20427363 : EXECUTING
16:32:14 INFO  State of operation 20427363 : EXECUTING
16:32:17 INFO  State of operation 20427363 : EXECUTING
16:32:20 INFO  State of operation 20427363 : EXECUTING
16:32:22 INFO  State of operation 20427363 : EXECUTING
16:32:25 INFO  State of operation 20427363 : EXECUTING
16:32:27 INFO  State of operation 20427363 : EXECUTING
16:32:29 INFO  State of operation 20427363 : EXECUTING
16:32:31 INFO  State of operation 20427363 : EXECUTING
16:32:34 INFO  State of operation 20427363 : EXECUTING
16:32:36 INFO  State of operation 20427363 : EXECUTING
16:32:38 INFO  State of operation 20427363 : SUCCESSFUL
16:32:38 INFO  Assert that (False == value) with value=False ... passed
16:32:39 INFO  Package asciijump is installed
16:32:39 INFO  Assert that (True == value) with value=True ... passed
16:32:39 INFO  Package squirrel3 is installed
16:32:39 INFO  Assert that (True == value) with value=True ... passed
16:32:39 INFO  Package robotfindskitten is installed
16:32:39 INFO  Assert that (True == value) with value=True ... passed
16:32:39 INFO  Response status: 201
16:32:39 INFO  Response to action: {
    &quot;creationTime&quot;: &quot;2022-06-22T16:32:39.708Z&quot;,
    &quot;deviceName&quot;: &quot;m32sd10c&quot;,
    &quot;deviceId&quot;: &quot;20416696&quot;,
    &quot;self&quot;: &quot;https://t493319102.eu-latest.cumulocity.com/devicecontrol/operations/20427374&quot;,
    &quot;id&quot;: &quot;20427374&quot;,
    &quot;status&quot;: &quot;PENDING&quot;,
    &quot;description&quot;: &quot;Apply software changes, triggered from PySys: [{'action': 'delete', 'id': '5475369', 'name': 'asciijump', 'url': ' ', 'version': '::apt'}, {'action': 'delete', 'id': '5474869', 'name': 'robotfindskitten', 'url': ' ', 'version': '::apt'}, {'action': 'delete', 'id': '5475279', 'name': 'squirrel3', 'url': ' ', 'version': '::apt'}]&quot;,
    &quot;c8y_SoftwareUpdate&quot;: [
        {
            &quot;name&quot;: &quot;asciijump&quot;,
            &quot;action&quot;: &quot;delete&quot;,
            &quot;id&quot;: &quot;5475369&quot;,
            &quot;version&quot;: &quot;::apt&quot;,
            &quot;url&quot;: &quot; &quot;
        },
        {
            &quot;name&quot;: &quot;robotfindskitten&quot;,
            &quot;action&quot;: &quot;delete&quot;,
            &quot;id&quot;: &quot;5474869&quot;,
            &quot;version&quot;: &quot;::apt&quot;,
            &quot;url&quot;: &quot; &quot;
        },
        {
            &quot;name&quot;: &quot;squirrel3&quot;,
            &quot;action&quot;: &quot;delete&quot;,
            &quot;id&quot;: &quot;5475279&quot;,
            &quot;version&quot;: &quot;::apt&quot;,
            &quot;url&quot;: &quot; &quot;
        }
    ]
}
16:32:39 INFO  Started operation: {'creationTime': '2022-06-22T16:32:39.708Z', 'deviceName': 'm32sd10c', 'deviceId': '20416696', 'self': 'https://t493319102.eu-latest.cumulocity.com/devicecontrol/operations/20427374', 'id': '20427374', 'status': 'PENDING', 'description': &quot;Apply software changes, triggered from PySys: [{'action': 'delete', 'id': '5475369', 'name': 'asciijump', 'url': ' ', 'version': '::apt'}, {'action': 'delete', 'id': '5474869', 'name': 'robotfindskitten', 'url': ' ', 'version': '::apt'}, {'action': 'delete', 'id': '5475279', 'name': 'squirrel3', 'url': ' ', 'version': '::apt'}]&quot;, 'c8y_SoftwareUpdate': [{'name': 'asciijump', 'action': 'delete', 'id': '5475369', 'version': '::apt', 'url': ' '}, {'name': 'robotfindskitten', 'action': 'delete', 'id': '5474869', 'version': '::apt', 'url': ' '}, {'name': 'squirrel3', 'action': 'delete', 'id': '5475279', 'version': '::apt', 'url': ' '}]}
16:32:41 INFO  State of operation 20427374 : PENDING
16:32:44 INFO  State of operation 20427374 : EXECUTING
16:32:46 INFO  State of operation 20427374 : EXECUTING
16:32:48 INFO  State of operation 20427374 : EXECUTING
16:32:50 INFO  State of operation 20427374 : EXECUTING
16:32:53 INFO  State of operation 20427374 : EXECUTING
16:32:55 INFO  State of operation 20427374 : EXECUTING
16:32:59 INFO  State of operation 20427374 : EXECUTING
16:33:01 INFO  State of operation 20427374 : EXECUTING
16:33:03 INFO  State of operation 20427374 : EXECUTING
16:33:06 INFO  State of operation 20427374 : EXECUTING
16:33:08 INFO  State of operation 20427374 : EXECUTING
16:33:10 INFO  State of operation 20427374 : EXECUTING
16:33:12 INFO  State of operation 20427374 : EXECUTING
16:33:15 INFO  State of operation 20427374 : EXECUTING
16:33:17 INFO  State of operation 20427374 : EXECUTING
16:33:19 INFO  State of operation 20427374 : EXECUTING
16:33:22 INFO  State of operation 20427374 : EXECUTING
16:33:24 INFO  State of operation 20427374 : EXECUTING
16:33:27 INFO  State of operation 20427374 : EXECUTING
16:33:29 INFO  State of operation 20427374 : EXECUTING
16:33:31 INFO  State of operation 20427374 : EXECUTING
16:33:33 INFO  State of operation 20427374 : EXECUTING
16:33:36 INFO  State of operation 20427374 : EXECUTING
16:33:38 INFO  State of operation 20427374 : EXECUTING
16:33:41 INFO  State of operation 20427374 : EXECUTING
16:33:43 INFO  State of operation 20427374 : EXECUTING
16:33:45 INFO  State of operation 20427374 : SUCCESSFUL
16:33:45 INFO  Assert that (False == value) with value=False ... passed
16:33:46 INFO  Assert that (False == value) with value=False ... passed
16:33:46 INFO  Assert that (False == value) with value=False ... passed
16:33:46 INFO  Assert that (False == value) with value=False ... passed
16:33:46 INFO  
16:33:46 INFO  cleanup:
16:33:50 INFO  Executed sudo&lt;tedge_disconnect_c8y&gt;, exit status 0
16:33:51 INFO  Executed systemctl&lt;serv_mapper5&gt;, exit status 3
16:33:51 INFO  
16:33:51 INFO  Test duration: 179.34 secs
16:33:51 INFO  Test final outcome:  FAILED
16:33:51 INFO  Test outcome reason: Assert that (False == value) with value=True
16:33:51 INFO  
</system-out>
	</testcase>
</testsuite>
