<?xml version="1.0" encoding="utf-8"?>
<testsuite failures="1" name="SoftwareManagement.sm_apt_install_remove_multiple_mixed" skipped="0" tests="1" time="180.35" timestamp="2022-07-16T12:19:09">
	<testcase classname="PySysTest" name="SoftwareManagement.sm_apt_install_remove_multiple_mixed">
		<failure message="BLOCKED: SystemError: Timeout while waiting for status SUCCESSFUL or False" type="BLOCKED"/>
		<system-out>12:16:09 INFO  ==============================================================
12:16:09 INFO  Id:    SoftwareManagement.sm_apt_install_remove_multiple_mixed
12:16:09 INFO  Dir:   software_management_end_to_end/
12:16:09 INFO  Title: Validate end to end behaviour for the apt plugin for multiple packages with mixed versions
12:16:09 INFO  ==============================================================
12:16:09 INFO  Using sw id database: {'asciijump': '5475369', 'robotfindskitten': '5474869', 'squirrel3': '5475279', 'rolldice': '5152439', 'moon-buggy': '5439204', 'apple': '5495053', 'banana': '5494888', 'cherry': '5495382', 'watermelon': '5494510', 'registry': '8018911', 'hello-world': '8021526', 'docker/getting-started': '8021973', 'alpine': '7991792'}
12:16:09 INFO  EnvironmentC8y Setup
12:16:09 INFO  Executed systemctl&lt;serv_mapper1&gt;, exit status 3
12:16:10 INFO  Restarting mosquitto too frequently in the last 10 seconds. It was only up for 4 seconds
12:16:10 INFO  Delaying execution by 7 seconds
12:16:30 INFO  Executed sudo&lt;tedge_connect_c8y&gt;, exit status 0, duration 13 secs
12:16:31 INFO  Executed sudo&lt;tedge_connect_c8y_test&gt;, exit status 0
12:16:31 INFO  Executed systemctl&lt;serv_mosq2&gt;, exit status 0
12:16:32 INFO  Executed systemctl&lt;serv_mapper3&gt;, exit status 0
12:16:34 INFO  State of current operation: SUCCESSFUL
12:16:34 INFO  Assert that (False == value) with value=False ... passed
12:16:35 INFO  Assert that (False == value) with value=False ... passed
12:16:35 INFO  Assert that (False == value) with value=False ... passed
12:16:35 INFO  Assert that (False == value) with value=False ... passed
12:16:35 INFO  Assert that (False == value) with value=False ... passed
12:16:37 INFO  Response status: 201
12:16:37 INFO  Response to action: {
    &quot;delivery&quot;: {
        &quot;log&quot;: [],
        &quot;time&quot;: &quot;2022-07-16T12:16:36.984Z&quot;,
        &quot;status&quot;: &quot;PENDING&quot;
    },
    &quot;creationTime&quot;: &quot;2022-07-16T12:16:36.963Z&quot;,
    &quot;deviceName&quot;: &quot;m32sd10c&quot;,
    &quot;deviceId&quot;: &quot;20950541&quot;,
    &quot;self&quot;: &quot;https://t493319102.eu-latest.cumulocity.com/devicecontrol/operations/20954081&quot;,
    &quot;id&quot;: &quot;20954081&quot;,
    &quot;status&quot;: &quot;PENDING&quot;,
    &quot;description&quot;: &quot;Apply software changes, triggered from PySys: [{'action': 'install', 'id': '5475369', 'name': 'asciijump', 'url': ' ', 'version': '::apt'}, {'action': 'install', 'id': '5474869', 'name': 'robotfindskitten', 'url': ' ', 'version': ' '}, {'action': 'install', 'id': '5475279', 'name': 'squirrel3', 'url': ' ', 'version': '3.1-7::apt'}, {'action': 'install', 'id': '5152439', 'name': 'rolldice', 'url': ' ', 'version': '1.16-1+b1'}, {'action': 'install', 'id': '5439204', 'name': 'moon-buggy', 'url': ' ', 'version': '1:1.0.51-12'}, {'action': 'install', 'id': '5475369', 'name': 'asciijump', 'url': ' ', 'version': '::apt'}]&quot;,
    &quot;c8y_SoftwareUpdate&quot;: [
        {
            &quot;name&quot;: &quot;asciijump&quot;,
            &quot;action&quot;: &quot;install&quot;,
            &quot;id&quot;: &quot;5475369&quot;,
            &quot;version&quot;: &quot;::apt&quot;,
            &quot;url&quot;: &quot; &quot;
        },
        {
            &quot;name&quot;: &quot;robotfindskitten&quot;,
            &quot;action&quot;: &quot;install&quot;,
            &quot;id&quot;: &quot;5474869&quot;,
            &quot;version&quot;: &quot; &quot;,
            &quot;url&quot;: &quot; &quot;
        },
        {
            &quot;name&quot;: &quot;squirrel3&quot;,
            &quot;action&quot;: &quot;install&quot;,
            &quot;id&quot;: &quot;5475279&quot;,
            &quot;version&quot;: &quot;3.1-7::apt&quot;,
            &quot;url&quot;: &quot; &quot;
        },
        {
            &quot;name&quot;: &quot;rolldice&quot;,
            &quot;action&quot;: &quot;install&quot;,
            &quot;id&quot;: &quot;5152439&quot;,
            &quot;version&quot;: &quot;1.16-1+b1&quot;,
            &quot;url&quot;: &quot; &quot;
        },
        {
            &quot;name&quot;: &quot;moon-buggy&quot;,
            &quot;action&quot;: &quot;install&quot;,
            &quot;id&quot;: &quot;5439204&quot;,
            &quot;version&quot;: &quot;1:1.0.51-12&quot;,
            &quot;url&quot;: &quot; &quot;
        },
        {
            &quot;name&quot;: &quot;asciijump&quot;,
            &quot;action&quot;: &quot;install&quot;,
            &quot;id&quot;: &quot;5475369&quot;,
            &quot;version&quot;: &quot;::apt&quot;,
            &quot;url&quot;: &quot; &quot;
        }
    ]
}
12:16:37 INFO  Started operation: {'delivery': {'log': [], 'time': '2022-07-16T12:16:36.984Z', 'status': 'PENDING'}, 'creationTime': '2022-07-16T12:16:36.963Z', 'deviceName': 'm32sd10c', 'deviceId': '20950541', 'self': 'https://t493319102.eu-latest.cumulocity.com/devicecontrol/operations/20954081', 'id': '20954081', 'status': 'PENDING', 'description': &quot;Apply software changes, triggered from PySys: [{'action': 'install', 'id': '5475369', 'name': 'asciijump', 'url': ' ', 'version': '::apt'}, {'action': 'install', 'id': '5474869', 'name': 'robotfindskitten', 'url': ' ', 'version': ' '}, {'action': 'install', 'id': '5475279', 'name': 'squirrel3', 'url': ' ', 'version': '3.1-7::apt'}, {'action': 'install', 'id': '5152439', 'name': 'rolldice', 'url': ' ', 'version': '1.16-1+b1'}, {'action': 'install', 'id': '5439204', 'name': 'moon-buggy', 'url': ' ', 'version': '1:1.0.51-12'}, {'action': 'install', 'id': '5475369', 'name': 'asciijump', 'url': ' ', 'version': '::apt'}]&quot;, 'c8y_SoftwareUpdate': [{'name': 'asciijump', 'action': 'install', 'id': '5475369', 'version': '::apt', 'url': ' '}, {'name': 'robotfindskitten', 'action': 'install', 'id': '5474869', 'version': ' ', 'url': ' '}, {'name': 'squirrel3', 'action': 'install', 'id': '5475279', 'version': '3.1-7::apt', 'url': ' '}, {'name': 'rolldice', 'action': 'install', 'id': '5152439', 'version': '1.16-1+b1', 'url': ' '}, {'name': 'moon-buggy', 'action': 'install', 'id': '5439204', 'version': '1:1.0.51-12', 'url': ' '}, {'name': 'asciijump', 'action': 'install', 'id': '5475369', 'version': '::apt', 'url': ' '}]}
12:16:39 INFO  State of operation 20954081 : PENDING
12:16:41 INFO  State of operation 20954081 : EXECUTING
12:16:43 INFO  State of operation 20954081 : EXECUTING
12:16:46 INFO  State of operation 20954081 : EXECUTING
12:16:48 INFO  State of operation 20954081 : EXECUTING
12:16:50 INFO  State of operation 20954081 : EXECUTING
12:16:53 INFO  State of operation 20954081 : EXECUTING
12:16:56 INFO  State of operation 20954081 : EXECUTING
12:16:58 INFO  State of operation 20954081 : EXECUTING
12:17:00 INFO  State of operation 20954081 : EXECUTING
12:17:03 INFO  State of operation 20954081 : EXECUTING
12:17:05 INFO  State of operation 20954081 : EXECUTING
12:17:07 INFO  State of operation 20954081 : EXECUTING
12:17:09 INFO  State of operation 20954081 : EXECUTING
12:17:12 INFO  State of operation 20954081 : EXECUTING
12:17:14 INFO  State of operation 20954081 : EXECUTING
12:17:16 INFO  State of operation 20954081 : EXECUTING
12:17:19 INFO  State of operation 20954081 : EXECUTING
12:17:21 INFO  State of operation 20954081 : EXECUTING
12:17:24 INFO  State of operation 20954081 : EXECUTING
12:17:26 INFO  State of operation 20954081 : EXECUTING
12:17:29 INFO  State of operation 20954081 : EXECUTING
12:17:31 INFO  State of operation 20954081 : EXECUTING
12:17:34 INFO  State of operation 20954081 : EXECUTING
12:17:36 INFO  State of operation 20954081 : EXECUTING
12:17:39 INFO  State of operation 20954081 : EXECUTING
12:17:41 INFO  State of operation 20954081 : EXECUTING
12:17:43 INFO  State of operation 20954081 : EXECUTING
12:17:46 INFO  State of operation 20954081 : EXECUTING
12:17:48 INFO  State of operation 20954081 : EXECUTING
12:17:50 INFO  State of operation 20954081 : EXECUTING
12:17:53 INFO  State of operation 20954081 : EXECUTING
12:17:55 INFO  State of operation 20954081 : EXECUTING
12:17:57 INFO  State of operation 20954081 : EXECUTING
12:17:59 INFO  State of operation 20954081 : EXECUTING
12:18:02 INFO  State of operation 20954081 : EXECUTING
12:18:04 INFO  State of operation 20954081 : EXECUTING
12:18:06 INFO  State of operation 20954081 : EXECUTING
12:18:09 INFO  State of operation 20954081 : EXECUTING
12:18:12 INFO  State of operation 20954081 : EXECUTING
12:18:14 INFO  State of operation 20954081 : EXECUTING
12:18:16 INFO  State of operation 20954081 : EXECUTING
12:18:18 INFO  State of operation 20954081 : EXECUTING
12:18:21 INFO  State of operation 20954081 : EXECUTING
12:18:23 INFO  State of operation 20954081 : EXECUTING
12:18:25 INFO  State of operation 20954081 : EXECUTING
12:18:27 INFO  State of operation 20954081 : EXECUTING
12:18:30 INFO  State of operation 20954081 : EXECUTING
12:18:32 INFO  State of operation 20954081 : EXECUTING
12:18:35 INFO  State of operation 20954081 : EXECUTING
12:18:37 INFO  State of operation 20954081 : EXECUTING
12:18:39 INFO  State of operation 20954081 : EXECUTING
12:18:42 INFO  State of operation 20954081 : EXECUTING
12:18:44 INFO  State of operation 20954081 : EXECUTING
12:18:47 INFO  State of operation 20954081 : EXECUTING
12:18:49 INFO  State of operation 20954081 : EXECUTING
12:18:52 INFO  State of operation 20954081 : EXECUTING
12:18:54 INFO  State of operation 20954081 : EXECUTING
12:18:56 INFO  State of operation 20954081 : EXECUTING
12:18:58 INFO  State of operation 20954081 : EXECUTING
12:19:01 INFO  State of operation 20954081 : EXECUTING
12:19:03 WARN  SystemError occurred while running test - Timeout while waiting for status SUCCESSFUL or False
Traceback (most recent call last):
  File &quot;/home/pi/env-pysys/lib/python3.7/site-packages/pysys/baserunner.py&quot;, line 1294, in __call__
    self.testObj.execute()
  File &quot;/home/pi/actions-runner/_work/thin-edge.io/thin-edge.io/tests/PySys/software_management_end_to_end/sm_apt_install_remove_multiple_mixed/run.py&quot;, line 89, in execute
    self.wait_until_succcess()
  File &quot;/home/pi/actions-runner/_work/thin-edge.io/thin-edge.io/tests/PySys/software_management_end_to_end/environment_sm_management.py&quot;, line 324, in wait_until_succcess
    self.wait_until_status(&quot;SUCCESSFUL&quot;)
  File &quot;/home/pi/actions-runner/_work/thin-edge.io/thin-edge.io/tests/PySys/software_management_end_to_end/environment_sm_management.py&quot;, line 381, in wait_until_status
    &quot;Timeout while waiting for status %s or %s&quot; % (status, status2)
SystemError: Timeout while waiting for status SUCCESSFUL or False
12:19:03 WARN  SystemError: Timeout while waiting for status SUCCESSFUL or False ... blocked 
12:19:03 INFO  
12:19:03 INFO  cleanup:
12:19:09 INFO  Executed sudo&lt;tedge_disconnect_c8y&gt;, exit status 0
12:19:09 INFO  Executed systemctl&lt;serv_mapper5&gt;, exit status 3
12:19:09 INFO  
12:19:09 INFO  Test duration: 180.35 secs
12:19:09 INFO  Test final outcome:  BLOCKED
12:19:09 INFO  Test outcome reason: SystemError: Timeout while waiting for status SUCCESSFUL or False
12:19:09 INFO  
</system-out>
	</testcase>
</testsuite>
