<?xml version="1.0" encoding="utf-8"?>
<testsuite failures="1" name="SoftwareManagement.sm_apt_install_remove_default" skipped="0" tests="1" time="30.37" timestamp="2022-07-26T07:53:47">
	<testcase classname="PySysTest" name="SoftwareManagement.sm_apt_install_remove_default">
		<failure message="BLOCKED: SystemError: The Sofware list is empty !!!" type="BLOCKED"/>
		<system-out>07:53:17 INFO  ==============================================================
07:53:17 INFO  Id:    SoftwareManagement.sm_apt_install_remove_default
07:53:17 INFO  Dir:   software_management_end_to_end/
07:53:17 INFO  Title: Validate end to end behaviour for the default plugin for installation and removal of packages
07:53:17 INFO  ==============================================================
07:53:17 INFO  Using sw id database: {'asciijump': '5475369', 'robotfindskitten': '5474869', 'squirrel3': '5475279', 'rolldice': '5152439', 'moon-buggy': '5439204', 'apple': '5495053', 'banana': '5494888', 'cherry': '5495382', 'watermelon': '5494510', 'registry': '8018911', 'hello-world': '8021526', 'docker/getting-started': '8021973', 'alpine': '7991792'}
07:53:17 INFO  EnvironmentC8y Setup
07:53:17 INFO  Executed systemctl&lt;serv_mapper1&gt;, exit status 3
07:53:17 INFO  Restarting mosquitto too frequently in the last 10 seconds. It was only up for 4 seconds
07:53:17 INFO  Delaying execution by 7 seconds
07:53:38 INFO  Executed sudo&lt;tedge_connect_c8y&gt;, exit status 0, duration 13 secs
07:53:39 INFO  Executed sudo&lt;tedge_connect_c8y_test&gt;, exit status 0
07:53:39 INFO  Executed systemctl&lt;serv_mosq2&gt;, exit status 0
07:53:40 INFO  Executed systemctl&lt;serv_mapper3&gt;, exit status 0
07:53:42 INFO  State of current operation: FAILED
07:53:42 WARN  SystemError occurred while running test - The Sofware list is empty !!!
Traceback (most recent call last):
  File &quot;/home/pi/env-pysys/lib/python3.7/site-packages/pysys/baserunner.py&quot;, line 1292, in __call__
    self.testObj.setup()
  File &quot;/home/pi/actions-runner/_work/thin-edge.io/thin-edge.io/tests/PySys/software_management_end_to_end/sm_apt_install_remove_default/run.py&quot;, line 27, in setup
    self.assertThat(&quot;False == value&quot;, value=self.check_is_installed(&quot;rolldice&quot;))
  File &quot;/home/pi/actions-runner/_work/thin-edge.io/thin-edge.io/tests/PySys/software_management_end_to_end/environment_sm_management.py&quot;, line 399, in check_is_installed
    raise SystemError(&quot;The Sofware list is empty !!!&quot;)
SystemError: The Sofware list is empty !!!
07:53:42 WARN  SystemError: The Sofware list is empty !!! ... blocked 
07:53:42 INFO  
07:53:42 INFO  cleanup:
07:53:46 INFO  Executed sudo&lt;tedge_disconnect_c8y&gt;, exit status 0
07:53:47 INFO  Executed systemctl&lt;serv_mapper5&gt;, exit status 3
07:53:47 INFO  
07:53:47 INFO  Test duration: 30.37 secs
07:53:47 INFO  Test final outcome:  BLOCKED
07:53:47 INFO  Test outcome reason: SystemError: The Sofware list is empty !!!
07:53:47 INFO  
</system-out>
	</testcase>
</testsuite>
