<?xml version="1.0" encoding="utf-8"?>
<testsuite failures="0" name="apt_prepare" skipped="0" tests="1" time="18.09" timestamp="2022-07-01T07:14:07">
	<testcase classname="AptPluginPrepare" name="apt_prepare"/>
</testsuite>
