<?xml version="1.0" encoding="utf-8"?>
<testsuite failures="0" name="apt_prepare" skipped="0" tests="1" time="21.1" timestamp="2022-06-15T11:16:56">
	<testcase classname="AptPluginPrepare" name="apt_prepare"/>
</testsuite>
