<?xml version="1.0" encoding="utf-8"?>
<testsuite failures="1" name="SoftwareManagement.sm_apt_install_remove_multiple" skipped="0" tests="1" time="180.24" timestamp="2022-05-20T10:19:19">
	<testcase classname="PySysTest" name="SoftwareManagement.sm_apt_install_remove_multiple">
		<failure message="FAILED: Assert that (False == value) with value=True" type="FAILED"/>
		<system-out>10:16:18 INFO  ==============================================================
10:16:18 INFO  Id:    SoftwareManagement.sm_apt_install_remove_multiple
10:16:18 INFO  Dir:   software_management_end_to_end/
10:16:18 INFO  Title: Validate end to end behaviour for the apt plugin for multiple packages
10:16:18 INFO  ==============================================================
10:16:18 INFO  Using sw id database: {'asciijump': '5475369', 'robotfindskitten': '5474869', 'squirrel3': '5475279', 'rolldice': '5152439', 'moon-buggy': '5439204', 'apple': '5495053', 'banana': '5494888', 'cherry': '5495382', 'watermelon': '5494510', 'registry': '8018911', 'hello-world': '8021526', 'docker/getting-started': '8021973', 'alpine': '7991792'}
10:16:18 INFO  EnvironmentC8y Setup
10:16:19 INFO  Executed systemctl&lt;serv_mapper1&gt;, exit status 3
10:16:19 INFO  Restarting mosquitto too frequently in the last 10 seconds. It was only up for 4 seconds
10:16:19 INFO  Delaying execution by 7 seconds
10:16:40 INFO  Executed sudo&lt;tedge_connect_c8y&gt;, exit status 0, duration 14 secs
10:16:41 INFO  Executed sudo&lt;tedge_connect_c8y_test&gt;, exit status 0
10:16:41 INFO  Executed systemctl&lt;serv_mosq2&gt;, exit status 0
10:16:42 INFO  Executed systemctl&lt;serv_mapper3&gt;, exit status 0
10:16:44 INFO  State of current operation: SUCCESSFUL
10:16:44 INFO  Assert that (False == value) with value=False ... passed
10:16:44 INFO  Assert that (False == value) with value=False ... passed
10:16:45 INFO  Assert that (False == value) with value=False ... passed
10:16:45 INFO  Package robotfindskitten is installed
10:16:45 WARN  Assert that (False == value) with value=True ... failed 
10:16:45 INFO  Response status: 201
10:16:45 INFO  Response to action: {
    &quot;creationTime&quot;: &quot;2022-05-20T10:16:45.634Z&quot;,
    &quot;deviceId&quot;: &quot;19331444&quot;,
    &quot;deviceName&quot;: &quot;m32sd10c&quot;,
    &quot;self&quot;: &quot;https://t493319102.eu-latest.cumulocity.com/devicecontrol/operations/19394420&quot;,
    &quot;id&quot;: &quot;19394420&quot;,
    &quot;status&quot;: &quot;PENDING&quot;,
    &quot;description&quot;: &quot;Apply software changes, triggered from PySys: [{'action': 'install', 'id': '5475369', 'name': 'asciijump', 'url': ' ', 'version': '::apt'}, {'action': 'install', 'id': '5474869', 'name': 'robotfindskitten', 'url': ' ', 'version': '::apt'}, {'action': 'install', 'id': '5475279', 'name': 'squirrel3', 'url': ' ', 'version': '::apt'}]&quot;,
    &quot;c8y_SoftwareUpdate&quot;: [
        {
            &quot;name&quot;: &quot;asciijump&quot;,
            &quot;action&quot;: &quot;install&quot;,
            &quot;id&quot;: &quot;5475369&quot;,
            &quot;version&quot;: &quot;::apt&quot;,
            &quot;url&quot;: &quot; &quot;
        },
        {
            &quot;name&quot;: &quot;robotfindskitten&quot;,
            &quot;action&quot;: &quot;install&quot;,
            &quot;id&quot;: &quot;5474869&quot;,
            &quot;version&quot;: &quot;::apt&quot;,
            &quot;url&quot;: &quot; &quot;
        },
        {
            &quot;name&quot;: &quot;squirrel3&quot;,
            &quot;action&quot;: &quot;install&quot;,
            &quot;id&quot;: &quot;5475279&quot;,
            &quot;version&quot;: &quot;::apt&quot;,
            &quot;url&quot;: &quot; &quot;
        }
    ]
}
10:16:45 INFO  Started operation: {'creationTime': '2022-05-20T10:16:45.634Z', 'deviceId': '19331444', 'deviceName': 'm32sd10c', 'self': 'https://t493319102.eu-latest.cumulocity.com/devicecontrol/operations/19394420', 'id': '19394420', 'status': 'PENDING', 'description': &quot;Apply software changes, triggered from PySys: [{'action': 'install', 'id': '5475369', 'name': 'asciijump', 'url': ' ', 'version': '::apt'}, {'action': 'install', 'id': '5474869', 'name': 'robotfindskitten', 'url': ' ', 'version': '::apt'}, {'action': 'install', 'id': '5475279', 'name': 'squirrel3', 'url': ' ', 'version': '::apt'}]&quot;, 'c8y_SoftwareUpdate': [{'name': 'asciijump', 'action': 'install', 'id': '5475369', 'version': '::apt', 'url': ' '}, {'name': 'robotfindskitten', 'action': 'install', 'id': '5474869', 'version': '::apt', 'url': ' '}, {'name': 'squirrel3', 'action': 'install', 'id': '5475279', 'version': '::apt', 'url': ' '}]}
10:16:47 INFO  State of operation 19394420 : PENDING
10:16:50 INFO  State of operation 19394420 : EXECUTING
10:16:52 INFO  State of operation 19394420 : EXECUTING
10:16:54 INFO  State of operation 19394420 : EXECUTING
10:16:56 INFO  State of operation 19394420 : EXECUTING
10:16:59 INFO  State of operation 19394420 : EXECUTING
10:17:01 INFO  State of operation 19394420 : EXECUTING
10:17:04 INFO  State of operation 19394420 : EXECUTING
10:17:06 INFO  State of operation 19394420 : EXECUTING
10:17:09 INFO  State of operation 19394420 : EXECUTING
10:17:11 INFO  State of operation 19394420 : EXECUTING
10:17:13 INFO  State of operation 19394420 : EXECUTING
10:17:15 INFO  State of operation 19394420 : EXECUTING
10:17:18 INFO  State of operation 19394420 : EXECUTING
10:17:20 INFO  State of operation 19394420 : EXECUTING
10:17:22 INFO  State of operation 19394420 : EXECUTING
10:17:25 INFO  State of operation 19394420 : EXECUTING
10:17:27 INFO  State of operation 19394420 : EXECUTING
10:17:30 INFO  State of operation 19394420 : EXECUTING
10:17:32 INFO  State of operation 19394420 : EXECUTING
10:17:34 INFO  State of operation 19394420 : EXECUTING
10:17:37 INFO  State of operation 19394420 : EXECUTING
10:17:39 INFO  State of operation 19394420 : EXECUTING
10:17:42 INFO  State of operation 19394420 : EXECUTING
10:17:44 INFO  State of operation 19394420 : EXECUTING
10:17:47 INFO  State of operation 19394420 : EXECUTING
10:17:50 INFO  State of operation 19394420 : EXECUTING
10:17:52 INFO  State of operation 19394420 : EXECUTING
10:17:54 INFO  State of operation 19394420 : EXECUTING
10:17:57 INFO  State of operation 19394420 : EXECUTING
10:17:59 INFO  State of operation 19394420 : EXECUTING
10:18:01 INFO  State of operation 19394420 : EXECUTING
10:18:04 INFO  State of operation 19394420 : EXECUTING
10:18:06 INFO  State of operation 19394420 : SUCCESSFUL
10:18:06 INFO  Assert that (False == value) with value=False ... passed
10:18:06 INFO  Package asciijump is installed
10:18:06 INFO  Assert that (True == value) with value=True ... passed
10:18:07 INFO  Package squirrel3 is installed
10:18:07 INFO  Assert that (True == value) with value=True ... passed
10:18:07 INFO  Package robotfindskitten is installed
10:18:07 INFO  Assert that (True == value) with value=True ... passed
10:18:07 INFO  Response status: 201
10:18:07 INFO  Response to action: {
    &quot;creationTime&quot;: &quot;2022-05-20T10:18:07.444Z&quot;,
    &quot;deviceId&quot;: &quot;19331444&quot;,
    &quot;deviceName&quot;: &quot;m32sd10c&quot;,
    &quot;self&quot;: &quot;https://t493319102.eu-latest.cumulocity.com/devicecontrol/operations/19394433&quot;,
    &quot;id&quot;: &quot;19394433&quot;,
    &quot;status&quot;: &quot;PENDING&quot;,
    &quot;description&quot;: &quot;Apply software changes, triggered from PySys: [{'action': 'delete', 'id': '5475369', 'name': 'asciijump', 'url': ' ', 'version': '::apt'}, {'action': 'delete', 'id': '5474869', 'name': 'robotfindskitten', 'url': ' ', 'version': '::apt'}, {'action': 'delete', 'id': '5475279', 'name': 'squirrel3', 'url': ' ', 'version': '::apt'}]&quot;,
    &quot;c8y_SoftwareUpdate&quot;: [
        {
            &quot;name&quot;: &quot;asciijump&quot;,
            &quot;action&quot;: &quot;delete&quot;,
            &quot;id&quot;: &quot;5475369&quot;,
            &quot;version&quot;: &quot;::apt&quot;,
            &quot;url&quot;: &quot; &quot;
        },
        {
            &quot;name&quot;: &quot;robotfindskitten&quot;,
            &quot;action&quot;: &quot;delete&quot;,
            &quot;id&quot;: &quot;5474869&quot;,
            &quot;version&quot;: &quot;::apt&quot;,
            &quot;url&quot;: &quot; &quot;
        },
        {
            &quot;name&quot;: &quot;squirrel3&quot;,
            &quot;action&quot;: &quot;delete&quot;,
            &quot;id&quot;: &quot;5475279&quot;,
            &quot;version&quot;: &quot;::apt&quot;,
            &quot;url&quot;: &quot; &quot;
        }
    ]
}
10:18:07 INFO  Started operation: {'creationTime': '2022-05-20T10:18:07.444Z', 'deviceId': '19331444', 'deviceName': 'm32sd10c', 'self': 'https://t493319102.eu-latest.cumulocity.com/devicecontrol/operations/19394433', 'id': '19394433', 'status': 'PENDING', 'description': &quot;Apply software changes, triggered from PySys: [{'action': 'delete', 'id': '5475369', 'name': 'asciijump', 'url': ' ', 'version': '::apt'}, {'action': 'delete', 'id': '5474869', 'name': 'robotfindskitten', 'url': ' ', 'version': '::apt'}, {'action': 'delete', 'id': '5475279', 'name': 'squirrel3', 'url': ' ', 'version': '::apt'}]&quot;, 'c8y_SoftwareUpdate': [{'name': 'asciijump', 'action': 'delete', 'id': '5475369', 'version': '::apt', 'url': ' '}, {'name': 'robotfindskitten', 'action': 'delete', 'id': '5474869', 'version': '::apt', 'url': ' '}, {'name': 'squirrel3', 'action': 'delete', 'id': '5475279', 'version': '::apt', 'url': ' '}]}
10:18:09 INFO  State of operation 19394433 : PENDING
10:18:11 INFO  State of operation 19394433 : EXECUTING
10:18:14 INFO  State of operation 19394433 : EXECUTING
10:18:16 INFO  State of operation 19394433 : EXECUTING
10:18:18 INFO  State of operation 19394433 : EXECUTING
10:18:20 INFO  State of operation 19394433 : EXECUTING
10:18:23 INFO  State of operation 19394433 : EXECUTING
10:18:27 INFO  State of operation 19394433 : EXECUTING
10:18:29 INFO  State of operation 19394433 : EXECUTING
10:18:31 INFO  State of operation 19394433 : EXECUTING
10:18:33 INFO  State of operation 19394433 : EXECUTING
10:18:36 INFO  State of operation 19394433 : EXECUTING
10:18:38 INFO  State of operation 19394433 : EXECUTING
10:18:40 INFO  State of operation 19394433 : EXECUTING
10:18:42 INFO  State of operation 19394433 : EXECUTING
10:18:45 INFO  State of operation 19394433 : EXECUTING
10:18:47 INFO  State of operation 19394433 : EXECUTING
10:18:50 INFO  State of operation 19394433 : EXECUTING
10:18:52 INFO  State of operation 19394433 : EXECUTING
10:18:54 INFO  State of operation 19394433 : EXECUTING
10:18:57 INFO  State of operation 19394433 : EXECUTING
10:18:59 INFO  State of operation 19394433 : EXECUTING
10:19:01 INFO  State of operation 19394433 : EXECUTING
10:19:03 INFO  State of operation 19394433 : EXECUTING
10:19:06 INFO  State of operation 19394433 : EXECUTING
10:19:08 INFO  State of operation 19394433 : EXECUTING
10:19:11 INFO  State of operation 19394433 : EXECUTING
10:19:13 INFO  State of operation 19394433 : SUCCESSFUL
10:19:13 INFO  Assert that (False == value) with value=False ... passed
10:19:13 INFO  Assert that (False == value) with value=False ... passed
10:19:14 INFO  Assert that (False == value) with value=False ... passed
10:19:14 INFO  Assert that (False == value) with value=False ... passed
10:19:14 INFO  
10:19:14 INFO  cleanup:
10:19:18 INFO  Executed sudo&lt;tedge_disconnect_c8y&gt;, exit status 0
10:19:19 INFO  Executed systemctl&lt;serv_mapper5&gt;, exit status 3
10:19:19 INFO  
10:19:19 INFO  Test duration: 180.24 secs
10:19:19 INFO  Test final outcome:  FAILED
10:19:19 INFO  Test outcome reason: Assert that (False == value) with value=True
10:19:19 INFO  
</system-out>
	</testcase>
</testsuite>
