<?xml version="1.0" encoding="utf-8"?>
<testsuite failures="0" name="apt_finalize" skipped="0" tests="1" time="151.46" timestamp="2022-07-18T14:17:11">
	<testcase classname="AptPluginFinalize" name="apt_finalize"/>
</testsuite>
