<?xml version="1.0" encoding="utf-8"?>
<testsuite failures="1" name="SoftwareManagement.sm_apt_install_remove_multiple" skipped="0" tests="1" time="177.81" timestamp="2022-07-22T01:16:35">
	<testcase classname="PySysTest" name="SoftwareManagement.sm_apt_install_remove_multiple">
		<failure message="FAILED: Assert that (False == value) with value=True" type="FAILED"/>
		<system-out>01:13:37 INFO  ==============================================================
01:13:37 INFO  Id:    SoftwareManagement.sm_apt_install_remove_multiple
01:13:37 INFO  Dir:   software_management_end_to_end/
01:13:37 INFO  Title: Validate end to end behaviour for the apt plugin for multiple packages
01:13:37 INFO  ==============================================================
01:13:37 INFO  Using sw id database: {'asciijump': '5475369', 'robotfindskitten': '5474869', 'squirrel3': '5475279', 'rolldice': '5152439', 'moon-buggy': '5439204', 'apple': '5495053', 'banana': '5494888', 'cherry': '5495382', 'watermelon': '5494510', 'registry': '8018911', 'hello-world': '8021526', 'docker/getting-started': '8021973', 'alpine': '7991792'}
01:13:37 INFO  EnvironmentC8y Setup
01:13:38 INFO  Executed systemctl&lt;serv_mapper1&gt;, exit status 3
01:13:38 INFO  Restarting mosquitto too frequently in the last 10 seconds. It was only up for 5 seconds
01:13:38 INFO  Delaying execution by 6 seconds
01:13:58 INFO  Executed sudo&lt;tedge_connect_c8y&gt;, exit status 0, duration 13 secs
01:13:58 INFO  Executed sudo&lt;tedge_connect_c8y_test&gt;, exit status 0
01:13:59 INFO  Executed systemctl&lt;serv_mosq2&gt;, exit status 0
01:13:59 INFO  Executed systemctl&lt;serv_mapper3&gt;, exit status 0
01:14:02 INFO  State of current operation: SUCCESSFUL
01:14:02 INFO  Assert that (False == value) with value=False ... passed
01:14:02 INFO  Assert that (False == value) with value=False ... passed
01:14:02 INFO  Assert that (False == value) with value=False ... passed
01:14:03 INFO  Package robotfindskitten is installed
01:14:03 WARN  Assert that (False == value) with value=True ... failed 
01:14:03 INFO  Response status: 201
01:14:03 INFO  Response to action: {
    &quot;creationTime&quot;: &quot;2022-07-22T01:14:03.283Z&quot;,
    &quot;deviceId&quot;: &quot;21167114&quot;,
    &quot;deviceName&quot;: &quot;m32sd10c&quot;,
    &quot;self&quot;: &quot;https://t493319102.eu-latest.cumulocity.com/devicecontrol/operations/21213908&quot;,
    &quot;id&quot;: &quot;21213908&quot;,
    &quot;status&quot;: &quot;PENDING&quot;,
    &quot;description&quot;: &quot;Apply software changes, triggered from PySys: [{'action': 'install', 'id': '5475369', 'name': 'asciijump', 'url': ' ', 'version': '::apt'}, {'action': 'install', 'id': '5474869', 'name': 'robotfindskitten', 'url': ' ', 'version': '::apt'}, {'action': 'install', 'id': '5475279', 'name': 'squirrel3', 'url': ' ', 'version': '::apt'}]&quot;,
    &quot;c8y_SoftwareUpdate&quot;: [
        {
            &quot;name&quot;: &quot;asciijump&quot;,
            &quot;action&quot;: &quot;install&quot;,
            &quot;id&quot;: &quot;5475369&quot;,
            &quot;version&quot;: &quot;::apt&quot;,
            &quot;url&quot;: &quot; &quot;
        },
        {
            &quot;name&quot;: &quot;robotfindskitten&quot;,
            &quot;action&quot;: &quot;install&quot;,
            &quot;id&quot;: &quot;5474869&quot;,
            &quot;version&quot;: &quot;::apt&quot;,
            &quot;url&quot;: &quot; &quot;
        },
        {
            &quot;name&quot;: &quot;squirrel3&quot;,
            &quot;action&quot;: &quot;install&quot;,
            &quot;id&quot;: &quot;5475279&quot;,
            &quot;version&quot;: &quot;::apt&quot;,
            &quot;url&quot;: &quot; &quot;
        }
    ]
}
01:14:03 INFO  Started operation: {'creationTime': '2022-07-22T01:14:03.283Z', 'deviceId': '21167114', 'deviceName': 'm32sd10c', 'self': 'https://t493319102.eu-latest.cumulocity.com/devicecontrol/operations/21213908', 'id': '21213908', 'status': 'PENDING', 'description': &quot;Apply software changes, triggered from PySys: [{'action': 'install', 'id': '5475369', 'name': 'asciijump', 'url': ' ', 'version': '::apt'}, {'action': 'install', 'id': '5474869', 'name': 'robotfindskitten', 'url': ' ', 'version': '::apt'}, {'action': 'install', 'id': '5475279', 'name': 'squirrel3', 'url': ' ', 'version': '::apt'}]&quot;, 'c8y_SoftwareUpdate': [{'name': 'asciijump', 'action': 'install', 'id': '5475369', 'version': '::apt', 'url': ' '}, {'name': 'robotfindskitten', 'action': 'install', 'id': '5474869', 'version': '::apt', 'url': ' '}, {'name': 'squirrel3', 'action': 'install', 'id': '5475279', 'version': '::apt', 'url': ' '}]}
01:14:05 INFO  State of operation 21213908 : PENDING
01:14:07 INFO  State of operation 21213908 : EXECUTING
01:14:10 INFO  State of operation 21213908 : EXECUTING
01:14:12 INFO  State of operation 21213908 : EXECUTING
01:14:14 INFO  State of operation 21213908 : EXECUTING
01:14:16 INFO  State of operation 21213908 : EXECUTING
01:14:19 INFO  State of operation 21213908 : EXECUTING
01:14:22 INFO  State of operation 21213908 : EXECUTING
01:14:24 INFO  State of operation 21213908 : EXECUTING
01:14:27 INFO  State of operation 21213908 : EXECUTING
01:14:29 INFO  State of operation 21213908 : EXECUTING
01:14:31 INFO  State of operation 21213908 : EXECUTING
01:14:33 INFO  State of operation 21213908 : EXECUTING
01:14:36 INFO  State of operation 21213908 : EXECUTING
01:14:38 INFO  State of operation 21213908 : EXECUTING
01:14:40 INFO  State of operation 21213908 : EXECUTING
01:14:43 INFO  State of operation 21213908 : EXECUTING
01:14:46 INFO  State of operation 21213908 : EXECUTING
01:14:48 INFO  State of operation 21213908 : EXECUTING
01:14:50 INFO  State of operation 21213908 : EXECUTING
01:14:52 INFO  State of operation 21213908 : EXECUTING
01:14:55 INFO  State of operation 21213908 : EXECUTING
01:14:57 INFO  State of operation 21213908 : EXECUTING
01:15:00 INFO  State of operation 21213908 : EXECUTING
01:15:03 INFO  State of operation 21213908 : EXECUTING
01:15:05 INFO  State of operation 21213908 : EXECUTING
01:15:07 INFO  State of operation 21213908 : EXECUTING
01:15:09 INFO  State of operation 21213908 : EXECUTING
01:15:12 INFO  State of operation 21213908 : EXECUTING
01:15:14 INFO  State of operation 21213908 : EXECUTING
01:15:16 INFO  State of operation 21213908 : EXECUTING
01:15:19 INFO  State of operation 21213908 : EXECUTING
01:15:21 INFO  State of operation 21213908 : EXECUTING
01:15:23 INFO  State of operation 21213908 : SUCCESSFUL
01:15:23 INFO  Assert that (False == value) with value=False ... passed
01:15:23 INFO  Package asciijump is installed
01:15:23 INFO  Assert that (True == value) with value=True ... passed
01:15:24 INFO  Package squirrel3 is installed
01:15:24 INFO  Assert that (True == value) with value=True ... passed
01:15:24 INFO  Package robotfindskitten is installed
01:15:24 INFO  Assert that (True == value) with value=True ... passed
01:15:24 INFO  Response status: 201
01:15:24 INFO  Response to action: {
    &quot;creationTime&quot;: &quot;2022-07-22T01:15:24.578Z&quot;,
    &quot;deviceId&quot;: &quot;21167114&quot;,
    &quot;deviceName&quot;: &quot;m32sd10c&quot;,
    &quot;self&quot;: &quot;https://t493319102.eu-latest.cumulocity.com/devicecontrol/operations/21213915&quot;,
    &quot;id&quot;: &quot;21213915&quot;,
    &quot;status&quot;: &quot;PENDING&quot;,
    &quot;description&quot;: &quot;Apply software changes, triggered from PySys: [{'action': 'delete', 'id': '5475369', 'name': 'asciijump', 'url': ' ', 'version': '::apt'}, {'action': 'delete', 'id': '5474869', 'name': 'robotfindskitten', 'url': ' ', 'version': '::apt'}, {'action': 'delete', 'id': '5475279', 'name': 'squirrel3', 'url': ' ', 'version': '::apt'}]&quot;,
    &quot;c8y_SoftwareUpdate&quot;: [
        {
            &quot;name&quot;: &quot;asciijump&quot;,
            &quot;action&quot;: &quot;delete&quot;,
            &quot;id&quot;: &quot;5475369&quot;,
            &quot;version&quot;: &quot;::apt&quot;,
            &quot;url&quot;: &quot; &quot;
        },
        {
            &quot;name&quot;: &quot;robotfindskitten&quot;,
            &quot;action&quot;: &quot;delete&quot;,
            &quot;id&quot;: &quot;5474869&quot;,
            &quot;version&quot;: &quot;::apt&quot;,
            &quot;url&quot;: &quot; &quot;
        },
        {
            &quot;name&quot;: &quot;squirrel3&quot;,
            &quot;action&quot;: &quot;delete&quot;,
            &quot;id&quot;: &quot;5475279&quot;,
            &quot;version&quot;: &quot;::apt&quot;,
            &quot;url&quot;: &quot; &quot;
        }
    ]
}
01:15:24 INFO  Started operation: {'creationTime': '2022-07-22T01:15:24.578Z', 'deviceId': '21167114', 'deviceName': 'm32sd10c', 'self': 'https://t493319102.eu-latest.cumulocity.com/devicecontrol/operations/21213915', 'id': '21213915', 'status': 'PENDING', 'description': &quot;Apply software changes, triggered from PySys: [{'action': 'delete', 'id': '5475369', 'name': 'asciijump', 'url': ' ', 'version': '::apt'}, {'action': 'delete', 'id': '5474869', 'name': 'robotfindskitten', 'url': ' ', 'version': '::apt'}, {'action': 'delete', 'id': '5475279', 'name': 'squirrel3', 'url': ' ', 'version': '::apt'}]&quot;, 'c8y_SoftwareUpdate': [{'name': 'asciijump', 'action': 'delete', 'id': '5475369', 'version': '::apt', 'url': ' '}, {'name': 'robotfindskitten', 'action': 'delete', 'id': '5474869', 'version': '::apt', 'url': ' '}, {'name': 'squirrel3', 'action': 'delete', 'id': '5475279', 'version': '::apt', 'url': ' '}]}
01:15:26 INFO  State of operation 21213915 : PENDING
01:15:29 INFO  State of operation 21213915 : EXECUTING
01:15:31 INFO  State of operation 21213915 : EXECUTING
01:15:33 INFO  State of operation 21213915 : EXECUTING
01:15:35 INFO  State of operation 21213915 : EXECUTING
01:15:37 INFO  State of operation 21213915 : EXECUTING
01:15:40 INFO  State of operation 21213915 : EXECUTING
01:15:43 INFO  State of operation 21213915 : EXECUTING
01:15:45 INFO  State of operation 21213915 : EXECUTING
01:15:48 INFO  State of operation 21213915 : EXECUTING
01:15:50 INFO  State of operation 21213915 : EXECUTING
01:15:52 INFO  State of operation 21213915 : EXECUTING
01:15:54 INFO  State of operation 21213915 : EXECUTING
01:15:57 INFO  State of operation 21213915 : EXECUTING
01:15:59 INFO  State of operation 21213915 : EXECUTING
01:16:01 INFO  State of operation 21213915 : EXECUTING
01:16:04 INFO  State of operation 21213915 : EXECUTING
01:16:06 INFO  State of operation 21213915 : EXECUTING
01:16:09 INFO  State of operation 21213915 : EXECUTING
01:16:11 INFO  State of operation 21213915 : EXECUTING
01:16:13 INFO  State of operation 21213915 : EXECUTING
01:16:16 INFO  State of operation 21213915 : EXECUTING
01:16:18 INFO  State of operation 21213915 : EXECUTING
01:16:20 INFO  State of operation 21213915 : EXECUTING
01:16:23 INFO  State of operation 21213915 : EXECUTING
01:16:25 INFO  State of operation 21213915 : EXECUTING
01:16:27 INFO  State of operation 21213915 : EXECUTING
01:16:29 INFO  State of operation 21213915 : SUCCESSFUL
01:16:30 INFO  Assert that (False == value) with value=False ... passed
01:16:30 INFO  Assert that (False == value) with value=False ... passed
01:16:30 INFO  Assert that (False == value) with value=False ... passed
01:16:30 INFO  Assert that (False == value) with value=False ... passed
01:16:30 INFO  
01:16:30 INFO  cleanup:
01:16:34 INFO  Executed sudo&lt;tedge_disconnect_c8y&gt;, exit status 0
01:16:35 INFO  Executed systemctl&lt;serv_mapper5&gt;, exit status 3
01:16:35 INFO  
01:16:35 INFO  Test duration: 177.81 secs
01:16:35 INFO  Test final outcome:  FAILED
01:16:35 INFO  Test outcome reason: Assert that (False == value) with value=True
01:16:35 INFO  
</system-out>
	</testcase>
</testsuite>
