<?xml version="1.0" encoding="utf-8"?>
<testsuite failures="0" name="apt_finalize" skipped="0" tests="1" time="149.49" timestamp="2022-06-29T17:14:22">
	<testcase classname="AptPluginFinalize" name="apt_finalize"/>
</testsuite>
