<?xml version="1.0" encoding="utf-8"?>
<testsuite failures="0" name="apt_finalize" skipped="0" tests="1" time="100.56" timestamp="2022-05-23T11:26:54">
	<testcase classname="AptPluginFinalize" name="apt_finalize"/>
</testsuite>
