<?xml version="1.0" encoding="utf-8"?>
<testsuite failures="0" name="apt_remove_fail" skipped="0" tests="1" time="8.52" timestamp="2022-05-24T11:07:45">
	<testcase classname="AptPluginRemoveFails" name="apt_remove_fail"/>
</testsuite>
