<?xml version="1.0" encoding="utf-8"?>
<testsuite failures="1" name="SoftwareManagement.sm_apt_install_remove_multiple" skipped="0" tests="1" time="177.93" timestamp="2022-06-16T14:51:55">
	<testcase classname="PySysTest" name="SoftwareManagement.sm_apt_install_remove_multiple">
		<failure message="FAILED: Assert that (False == value) with value=True" type="FAILED"/>
		<system-out>14:48:57 INFO  ==============================================================
14:48:57 INFO  Id:    SoftwareManagement.sm_apt_install_remove_multiple
14:48:57 INFO  Dir:   software_management_end_to_end/
14:48:57 INFO  Title: Validate end to end behaviour for the apt plugin for multiple packages
14:48:57 INFO  ==============================================================
14:48:57 INFO  Using sw id database: {'asciijump': '5475369', 'robotfindskitten': '5474869', 'squirrel3': '5475279', 'rolldice': '5152439', 'moon-buggy': '5439204', 'apple': '5495053', 'banana': '5494888', 'cherry': '5495382', 'watermelon': '5494510', 'registry': '8018911', 'hello-world': '8021526', 'docker/getting-started': '8021973', 'alpine': '7991792'}
14:48:57 INFO  EnvironmentC8y Setup
14:48:58 INFO  Executed systemctl&lt;serv_mapper1&gt;, exit status 3
14:48:58 INFO  Restarting mosquitto too frequently in the last 10 seconds. It was only up for 5 seconds
14:48:58 INFO  Delaying execution by 6 seconds
14:49:18 INFO  Executed sudo&lt;tedge_connect_c8y&gt;, exit status 0, duration 13 secs
14:49:18 INFO  Executed sudo&lt;tedge_connect_c8y_test&gt;, exit status 0
14:49:19 INFO  Executed systemctl&lt;serv_mosq2&gt;, exit status 0
14:49:19 INFO  Executed systemctl&lt;serv_mapper3&gt;, exit status 0
14:49:22 INFO  State of current operation: SUCCESSFUL
14:49:22 INFO  Assert that (False == value) with value=False ... passed
14:49:22 INFO  Assert that (False == value) with value=False ... passed
14:49:22 INFO  Assert that (False == value) with value=False ... passed
14:49:22 INFO  Package robotfindskitten is installed
14:49:22 WARN  Assert that (False == value) with value=True ... failed 
14:49:23 INFO  Response status: 201
14:49:23 INFO  Response to action: {
    &quot;creationTime&quot;: &quot;2022-06-16T14:49:23.131Z&quot;,
    &quot;deviceName&quot;: &quot;m32sd10c&quot;,
    &quot;deviceId&quot;: &quot;20235219&quot;,
    &quot;self&quot;: &quot;https://t493319102.eu-latest.cumulocity.com/devicecontrol/operations/20259403&quot;,
    &quot;id&quot;: &quot;20259403&quot;,
    &quot;status&quot;: &quot;PENDING&quot;,
    &quot;description&quot;: &quot;Apply software changes, triggered from PySys: [{'action': 'install', 'id': '5475369', 'name': 'asciijump', 'url': ' ', 'version': '::apt'}, {'action': 'install', 'id': '5474869', 'name': 'robotfindskitten', 'url': ' ', 'version': '::apt'}, {'action': 'install', 'id': '5475279', 'name': 'squirrel3', 'url': ' ', 'version': '::apt'}]&quot;,
    &quot;c8y_SoftwareUpdate&quot;: [
        {
            &quot;name&quot;: &quot;asciijump&quot;,
            &quot;action&quot;: &quot;install&quot;,
            &quot;id&quot;: &quot;5475369&quot;,
            &quot;version&quot;: &quot;::apt&quot;,
            &quot;url&quot;: &quot; &quot;
        },
        {
            &quot;name&quot;: &quot;robotfindskitten&quot;,
            &quot;action&quot;: &quot;install&quot;,
            &quot;id&quot;: &quot;5474869&quot;,
            &quot;version&quot;: &quot;::apt&quot;,
            &quot;url&quot;: &quot; &quot;
        },
        {
            &quot;name&quot;: &quot;squirrel3&quot;,
            &quot;action&quot;: &quot;install&quot;,
            &quot;id&quot;: &quot;5475279&quot;,
            &quot;version&quot;: &quot;::apt&quot;,
            &quot;url&quot;: &quot; &quot;
        }
    ]
}
14:49:23 INFO  Started operation: {'creationTime': '2022-06-16T14:49:23.131Z', 'deviceName': 'm32sd10c', 'deviceId': '20235219', 'self': 'https://t493319102.eu-latest.cumulocity.com/devicecontrol/operations/20259403', 'id': '20259403', 'status': 'PENDING', 'description': &quot;Apply software changes, triggered from PySys: [{'action': 'install', 'id': '5475369', 'name': 'asciijump', 'url': ' ', 'version': '::apt'}, {'action': 'install', 'id': '5474869', 'name': 'robotfindskitten', 'url': ' ', 'version': '::apt'}, {'action': 'install', 'id': '5475279', 'name': 'squirrel3', 'url': ' ', 'version': '::apt'}]&quot;, 'c8y_SoftwareUpdate': [{'name': 'asciijump', 'action': 'install', 'id': '5475369', 'version': '::apt', 'url': ' '}, {'name': 'robotfindskitten', 'action': 'install', 'id': '5474869', 'version': '::apt', 'url': ' '}, {'name': 'squirrel3', 'action': 'install', 'id': '5475279', 'version': '::apt', 'url': ' '}]}
14:49:25 INFO  State of operation 20259403 : PENDING
14:49:27 INFO  State of operation 20259403 : EXECUTING
14:49:29 INFO  State of operation 20259403 : EXECUTING
14:49:32 INFO  State of operation 20259403 : EXECUTING
14:49:34 INFO  State of operation 20259403 : EXECUTING
14:49:36 INFO  State of operation 20259403 : EXECUTING
14:49:39 INFO  State of operation 20259403 : EXECUTING
14:49:41 INFO  State of operation 20259403 : EXECUTING
14:49:44 INFO  State of operation 20259403 : EXECUTING
14:49:46 INFO  State of operation 20259403 : EXECUTING
14:49:48 INFO  State of operation 20259403 : EXECUTING
14:49:51 INFO  State of operation 20259403 : EXECUTING
14:49:53 INFO  State of operation 20259403 : EXECUTING
14:49:55 INFO  State of operation 20259403 : EXECUTING
14:49:57 INFO  State of operation 20259403 : EXECUTING
14:50:00 INFO  State of operation 20259403 : EXECUTING
14:50:02 INFO  State of operation 20259403 : EXECUTING
14:50:05 INFO  State of operation 20259403 : EXECUTING
14:50:07 INFO  State of operation 20259403 : EXECUTING
14:50:09 INFO  State of operation 20259403 : EXECUTING
14:50:12 INFO  State of operation 20259403 : EXECUTING
14:50:14 INFO  State of operation 20259403 : EXECUTING
14:50:17 INFO  State of operation 20259403 : EXECUTING
14:50:20 INFO  State of operation 20259403 : EXECUTING
14:50:22 INFO  State of operation 20259403 : EXECUTING
14:50:25 INFO  State of operation 20259403 : EXECUTING
14:50:27 INFO  State of operation 20259403 : EXECUTING
14:50:30 INFO  State of operation 20259403 : EXECUTING
14:50:32 INFO  State of operation 20259403 : EXECUTING
14:50:34 INFO  State of operation 20259403 : EXECUTING
14:50:36 INFO  State of operation 20259403 : EXECUTING
14:50:39 INFO  State of operation 20259403 : EXECUTING
14:50:41 INFO  State of operation 20259403 : EXECUTING
14:50:43 INFO  State of operation 20259403 : SUCCESSFUL
14:50:43 INFO  Assert that (False == value) with value=False ... passed
14:50:43 INFO  Package asciijump is installed
14:50:43 INFO  Assert that (True == value) with value=True ... passed
14:50:44 INFO  Package squirrel3 is installed
14:50:44 INFO  Assert that (True == value) with value=True ... passed
14:50:44 INFO  Package robotfindskitten is installed
14:50:44 INFO  Assert that (True == value) with value=True ... passed
14:50:44 INFO  Response status: 201
14:50:44 INFO  Response to action: {
    &quot;creationTime&quot;: &quot;2022-06-16T14:50:44.602Z&quot;,
    &quot;deviceName&quot;: &quot;m32sd10c&quot;,
    &quot;deviceId&quot;: &quot;20235219&quot;,
    &quot;self&quot;: &quot;https://t493319102.eu-latest.cumulocity.com/devicecontrol/operations/20259411&quot;,
    &quot;id&quot;: &quot;20259411&quot;,
    &quot;status&quot;: &quot;PENDING&quot;,
    &quot;description&quot;: &quot;Apply software changes, triggered from PySys: [{'action': 'delete', 'id': '5475369', 'name': 'asciijump', 'url': ' ', 'version': '::apt'}, {'action': 'delete', 'id': '5474869', 'name': 'robotfindskitten', 'url': ' ', 'version': '::apt'}, {'action': 'delete', 'id': '5475279', 'name': 'squirrel3', 'url': ' ', 'version': '::apt'}]&quot;,
    &quot;c8y_SoftwareUpdate&quot;: [
        {
            &quot;name&quot;: &quot;asciijump&quot;,
            &quot;action&quot;: &quot;delete&quot;,
            &quot;id&quot;: &quot;5475369&quot;,
            &quot;version&quot;: &quot;::apt&quot;,
            &quot;url&quot;: &quot; &quot;
        },
        {
            &quot;name&quot;: &quot;robotfindskitten&quot;,
            &quot;action&quot;: &quot;delete&quot;,
            &quot;id&quot;: &quot;5474869&quot;,
            &quot;version&quot;: &quot;::apt&quot;,
            &quot;url&quot;: &quot; &quot;
        },
        {
            &quot;name&quot;: &quot;squirrel3&quot;,
            &quot;action&quot;: &quot;delete&quot;,
            &quot;id&quot;: &quot;5475279&quot;,
            &quot;version&quot;: &quot;::apt&quot;,
            &quot;url&quot;: &quot; &quot;
        }
    ]
}
14:50:44 INFO  Started operation: {'creationTime': '2022-06-16T14:50:44.602Z', 'deviceName': 'm32sd10c', 'deviceId': '20235219', 'self': 'https://t493319102.eu-latest.cumulocity.com/devicecontrol/operations/20259411', 'id': '20259411', 'status': 'PENDING', 'description': &quot;Apply software changes, triggered from PySys: [{'action': 'delete', 'id': '5475369', 'name': 'asciijump', 'url': ' ', 'version': '::apt'}, {'action': 'delete', 'id': '5474869', 'name': 'robotfindskitten', 'url': ' ', 'version': '::apt'}, {'action': 'delete', 'id': '5475279', 'name': 'squirrel3', 'url': ' ', 'version': '::apt'}]&quot;, 'c8y_SoftwareUpdate': [{'name': 'asciijump', 'action': 'delete', 'id': '5475369', 'version': '::apt', 'url': ' '}, {'name': 'robotfindskitten', 'action': 'delete', 'id': '5474869', 'version': '::apt', 'url': ' '}, {'name': 'squirrel3', 'action': 'delete', 'id': '5475279', 'version': '::apt', 'url': ' '}]}
14:50:46 INFO  State of operation 20259411 : PENDING
14:50:49 INFO  State of operation 20259411 : EXECUTING
14:50:51 INFO  State of operation 20259411 : EXECUTING
14:50:53 INFO  State of operation 20259411 : EXECUTING
14:50:55 INFO  State of operation 20259411 : EXECUTING
14:50:58 INFO  State of operation 20259411 : EXECUTING
14:51:00 INFO  State of operation 20259411 : EXECUTING
14:51:03 INFO  State of operation 20259411 : EXECUTING
14:51:06 INFO  State of operation 20259411 : EXECUTING
14:51:08 INFO  State of operation 20259411 : EXECUTING
14:51:10 INFO  State of operation 20259411 : EXECUTING
14:51:12 INFO  State of operation 20259411 : EXECUTING
14:51:15 INFO  State of operation 20259411 : EXECUTING
14:51:17 INFO  State of operation 20259411 : EXECUTING
14:51:19 INFO  State of operation 20259411 : EXECUTING
14:51:21 INFO  State of operation 20259411 : EXECUTING
14:51:24 INFO  State of operation 20259411 : EXECUTING
14:51:27 INFO  State of operation 20259411 : EXECUTING
14:51:29 INFO  State of operation 20259411 : EXECUTING
14:51:31 INFO  State of operation 20259411 : EXECUTING
14:51:33 INFO  State of operation 20259411 : EXECUTING
14:51:36 INFO  State of operation 20259411 : EXECUTING
14:51:38 INFO  State of operation 20259411 : EXECUTING
14:51:40 INFO  State of operation 20259411 : EXECUTING
14:51:43 INFO  State of operation 20259411 : EXECUTING
14:51:45 INFO  State of operation 20259411 : EXECUTING
14:51:47 INFO  State of operation 20259411 : EXECUTING
14:51:50 INFO  State of operation 20259411 : SUCCESSFUL
14:51:50 INFO  Assert that (False == value) with value=False ... passed
14:51:50 INFO  Assert that (False == value) with value=False ... passed
14:51:50 INFO  Assert that (False == value) with value=False ... passed
14:51:51 INFO  Assert that (False == value) with value=False ... passed
14:51:51 INFO  
14:51:51 INFO  cleanup:
14:51:55 INFO  Executed sudo&lt;tedge_disconnect_c8y&gt;, exit status 0
14:51:55 INFO  Executed systemctl&lt;serv_mapper5&gt;, exit status 3
14:51:55 INFO  
14:51:55 INFO  Test duration: 177.93 secs
14:51:55 INFO  Test final outcome:  FAILED
14:51:55 INFO  Test outcome reason: Assert that (False == value) with value=True
14:51:55 INFO  
</system-out>
	</testcase>
</testsuite>
