<?xml version="1.0" encoding="utf-8"?>
<testsuite failures="1" name="SoftwareManagement.sm_apt_install_fail" skipped="0" tests="1" time="165.67" timestamp="2022-06-02T09:12:43">
	<testcase classname="PySysTest" name="SoftwareManagement.sm_apt_install_fail">
		<failure message="BLOCKED: SystemError: Timeout while waiting for status FAILED or SUCCESSFUL" type="BLOCKED"/>
		<system-out>09:09:57 INFO  ==============================================================
09:09:57 INFO  Id:    SoftwareManagement.sm_apt_install_fail
09:09:57 INFO  Dir:   software_management_end_to_end/
09:09:57 INFO  Title: Validate end to end behaviour for a failing installation
09:09:57 INFO  ==============================================================
09:09:57 INFO  Using sw id database: {'asciijump': '5475369', 'robotfindskitten': '5474869', 'squirrel3': '5475279', 'rolldice': '5152439', 'moon-buggy': '5439204', 'apple': '5495053', 'banana': '5494888', 'cherry': '5495382', 'watermelon': '5494510', 'registry': '8018911', 'hello-world': '8021526', 'docker/getting-started': '8021973', 'alpine': '7991792'}
09:09:57 INFO  EnvironmentC8y Setup
09:09:58 INFO  Executed systemctl&lt;serv_mapper1&gt;, exit status 3
09:09:58 INFO  Restarting mosquitto too frequently in the last 10 seconds. It was only up for 5 seconds
09:09:58 INFO  Delaying execution by 6 seconds
09:10:18 INFO  Executed sudo&lt;tedge_connect_c8y&gt;, exit status 0, duration 13 secs
09:10:19 INFO  Executed sudo&lt;tedge_connect_c8y_test&gt;, exit status 0
09:10:19 INFO  Executed systemctl&lt;serv_mosq2&gt;, exit status 0
09:10:20 INFO  Executed systemctl&lt;serv_mapper3&gt;, exit status 0
09:10:22 INFO  State of current operation: PENDING
09:10:24 INFO  State of current operation: PENDING
09:10:26 INFO  State of current operation: PENDING
09:10:29 INFO  State of current operation: PENDING
09:10:31 INFO  State of current operation: PENDING
09:10:33 INFO  State of current operation: PENDING
09:10:35 INFO  State of current operation: PENDING
09:10:37 INFO  State of current operation: PENDING
09:10:40 INFO  State of current operation: PENDING
09:10:42 INFO  State of current operation: PENDING
09:10:44 INFO  State of current operation: PENDING
09:10:46 INFO  State of current operation: PENDING
09:10:49 INFO  State of current operation: PENDING
09:10:51 INFO  State of current operation: PENDING
09:10:53 INFO  State of current operation: PENDING
09:10:55 INFO  State of current operation: PENDING
09:10:58 INFO  State of current operation: PENDING
09:11:00 INFO  State of current operation: PENDING
09:11:02 INFO  State of current operation: PENDING
09:11:05 INFO  State of current operation: PENDING
09:11:07 INFO  State of current operation: PENDING
09:11:09 INFO  State of current operation: PENDING
09:11:11 INFO  State of current operation: PENDING
09:11:13 INFO  State of current operation: PENDING
09:11:16 INFO  State of current operation: PENDING
09:11:18 INFO  State of current operation: PENDING
09:11:20 INFO  State of current operation: PENDING
09:11:22 INFO  State of current operation: PENDING
09:11:25 INFO  State of current operation: PENDING
09:11:27 INFO  State of current operation: PENDING
09:11:29 INFO  State of current operation: PENDING
09:11:31 INFO  State of current operation: PENDING
09:11:34 INFO  State of current operation: PENDING
09:11:36 INFO  State of current operation: PENDING
09:11:38 INFO  State of current operation: PENDING
09:11:40 INFO  State of current operation: PENDING
09:11:43 INFO  State of current operation: PENDING
09:11:45 INFO  State of current operation: PENDING
09:11:47 INFO  State of current operation: PENDING
09:11:49 INFO  State of current operation: PENDING
09:11:52 INFO  State of current operation: PENDING
09:11:54 INFO  State of current operation: PENDING
09:11:56 INFO  State of current operation: PENDING
09:11:58 INFO  State of current operation: PENDING
09:12:01 INFO  State of current operation: PENDING
09:12:03 INFO  State of current operation: PENDING
09:12:05 INFO  State of current operation: PENDING
09:12:07 INFO  State of current operation: PENDING
09:12:10 INFO  State of current operation: PENDING
09:12:12 INFO  State of current operation: PENDING
09:12:14 INFO  State of current operation: PENDING
09:12:16 INFO  State of current operation: PENDING
09:12:19 INFO  State of current operation: PENDING
09:12:21 INFO  State of current operation: PENDING
09:12:23 INFO  State of current operation: PENDING
09:12:25 INFO  State of current operation: PENDING
09:12:27 INFO  State of current operation: PENDING
09:12:30 INFO  State of current operation: PENDING
09:12:32 INFO  State of current operation: PENDING
09:12:34 INFO  State of current operation: PENDING
09:12:36 INFO  State of current operation: PENDING
09:12:38 WARN  SystemError occurred while running test - Timeout while waiting for status FAILED or SUCCESSFUL
Traceback (most recent call last):
  File &quot;/home/pi/env-pysys/lib/python3.7/site-packages/pysys/baserunner.py&quot;, line 1292, in __call__
    self.testObj.setup()
  File &quot;/home/pi/actions-runner/_work/thin-edge.io/thin-edge.io/tests/PySys/software_management_end_to_end/sm_apt_install_fail/run.py&quot;, line 20, in setup
    super().setup()
  File &quot;/home/pi/actions-runner/_work/thin-edge.io/thin-edge.io/tests/PySys/software_management_end_to_end/environment_sm_management.py&quot;, line 151, in setup
    self.wait_until_end()
  File &quot;/home/pi/actions-runner/_work/thin-edge.io/thin-edge.io/tests/PySys/software_management_end_to_end/environment_sm_management.py&quot;, line 332, in wait_until_end
    self.wait_until_status(&quot;FAILED&quot;, &quot;SUCCESSFUL&quot;)
  File &quot;/home/pi/actions-runner/_work/thin-edge.io/thin-edge.io/tests/PySys/software_management_end_to_end/environment_sm_management.py&quot;, line 381, in wait_until_status
    &quot;Timeout while waiting for status %s or %s&quot; % (status, status2)
SystemError: Timeout while waiting for status FAILED or SUCCESSFUL
09:12:38 WARN  SystemError: Timeout while waiting for status FAILED or SUCCESSFUL ... blocked 
09:12:38 INFO  
09:12:38 INFO  cleanup:
09:12:43 INFO  Executed sudo&lt;tedge_disconnect_c8y&gt;, exit status 0
09:12:43 INFO  Executed systemctl&lt;serv_mapper5&gt;, exit status 3
09:12:43 INFO  
09:12:43 INFO  Test duration: 165.67 secs
09:12:43 INFO  Test final outcome:  BLOCKED
09:12:43 INFO  Test outcome reason: SystemError: Timeout while waiting for status FAILED or SUCCESSFUL
09:12:43 INFO  
</system-out>
	</testcase>
</testsuite>
