<?xml version="1.0" encoding="utf-8"?>
<testsuite failures="1" name="SoftwareManagement.sm_apt_install_remove_multiple" skipped="0" tests="1" time="181.69" timestamp="2022-07-18T16:35:03">
	<testcase classname="PySysTest" name="SoftwareManagement.sm_apt_install_remove_multiple">
		<failure message="FAILED: Assert that (False == value) with value=True" type="FAILED"/>
		<system-out>16:32:01 INFO  ==============================================================
16:32:01 INFO  Id:    SoftwareManagement.sm_apt_install_remove_multiple
16:32:01 INFO  Dir:   software_management_end_to_end/
16:32:01 INFO  Title: Validate end to end behaviour for the apt plugin for multiple packages
16:32:01 INFO  ==============================================================
16:32:01 INFO  Using sw id database: {'asciijump': '5475369', 'robotfindskitten': '5474869', 'squirrel3': '5475279', 'rolldice': '5152439', 'moon-buggy': '5439204', 'apple': '5495053', 'banana': '5494888', 'cherry': '5495382', 'watermelon': '5494510', 'registry': '8018911', 'hello-world': '8021526', 'docker/getting-started': '8021973', 'alpine': '7991792'}
16:32:01 INFO  EnvironmentC8y Setup
16:32:02 INFO  Executed systemctl&lt;serv_mapper1&gt;, exit status 3
16:32:02 INFO  Restarting mosquitto too frequently in the last 10 seconds. It was only up for 5 seconds
16:32:02 INFO  Delaying execution by 6 seconds
16:32:22 INFO  Executed sudo&lt;tedge_connect_c8y&gt;, exit status 0, duration 14 secs
16:32:23 INFO  Executed sudo&lt;tedge_connect_c8y_test&gt;, exit status 0
16:32:23 INFO  Executed systemctl&lt;serv_mosq2&gt;, exit status 0
16:32:24 INFO  Executed systemctl&lt;serv_mapper3&gt;, exit status 0
16:32:26 INFO  State of current operation: SUCCESSFUL
16:32:26 INFO  Assert that (False == value) with value=False ... passed
16:32:27 INFO  Assert that (False == value) with value=False ... passed
16:32:27 INFO  Assert that (False == value) with value=False ... passed
16:32:27 INFO  Package robotfindskitten is installed
16:32:27 WARN  Assert that (False == value) with value=True ... failed 
16:32:27 INFO  Response status: 201
16:32:27 INFO  Response to action: {
    &quot;creationTime&quot;: &quot;2022-07-18T16:32:27.828Z&quot;,
    &quot;deviceName&quot;: &quot;m32sd10c&quot;,
    &quot;deviceId&quot;: &quot;21018696&quot;,
    &quot;self&quot;: &quot;https://t493319102.eu-latest.cumulocity.com/devicecontrol/operations/21027452&quot;,
    &quot;id&quot;: &quot;21027452&quot;,
    &quot;status&quot;: &quot;PENDING&quot;,
    &quot;description&quot;: &quot;Apply software changes, triggered from PySys: [{'action': 'install', 'id': '5475369', 'name': 'asciijump', 'url': ' ', 'version': '::apt'}, {'action': 'install', 'id': '5474869', 'name': 'robotfindskitten', 'url': ' ', 'version': '::apt'}, {'action': 'install', 'id': '5475279', 'name': 'squirrel3', 'url': ' ', 'version': '::apt'}]&quot;,
    &quot;c8y_SoftwareUpdate&quot;: [
        {
            &quot;name&quot;: &quot;asciijump&quot;,
            &quot;action&quot;: &quot;install&quot;,
            &quot;id&quot;: &quot;5475369&quot;,
            &quot;version&quot;: &quot;::apt&quot;,
            &quot;url&quot;: &quot; &quot;
        },
        {
            &quot;name&quot;: &quot;robotfindskitten&quot;,
            &quot;action&quot;: &quot;install&quot;,
            &quot;id&quot;: &quot;5474869&quot;,
            &quot;version&quot;: &quot;::apt&quot;,
            &quot;url&quot;: &quot; &quot;
        },
        {
            &quot;name&quot;: &quot;squirrel3&quot;,
            &quot;action&quot;: &quot;install&quot;,
            &quot;id&quot;: &quot;5475279&quot;,
            &quot;version&quot;: &quot;::apt&quot;,
            &quot;url&quot;: &quot; &quot;
        }
    ]
}
16:32:27 INFO  Started operation: {'creationTime': '2022-07-18T16:32:27.828Z', 'deviceName': 'm32sd10c', 'deviceId': '21018696', 'self': 'https://t493319102.eu-latest.cumulocity.com/devicecontrol/operations/21027452', 'id': '21027452', 'status': 'PENDING', 'description': &quot;Apply software changes, triggered from PySys: [{'action': 'install', 'id': '5475369', 'name': 'asciijump', 'url': ' ', 'version': '::apt'}, {'action': 'install', 'id': '5474869', 'name': 'robotfindskitten', 'url': ' ', 'version': '::apt'}, {'action': 'install', 'id': '5475279', 'name': 'squirrel3', 'url': ' ', 'version': '::apt'}]&quot;, 'c8y_SoftwareUpdate': [{'name': 'asciijump', 'action': 'install', 'id': '5475369', 'version': '::apt', 'url': ' '}, {'name': 'robotfindskitten', 'action': 'install', 'id': '5474869', 'version': '::apt', 'url': ' '}, {'name': 'squirrel3', 'action': 'install', 'id': '5475279', 'version': '::apt', 'url': ' '}]}
16:32:30 INFO  State of operation 21027452 : PENDING
16:32:32 INFO  State of operation 21027452 : EXECUTING
16:32:34 INFO  State of operation 21027452 : EXECUTING
16:32:36 INFO  State of operation 21027452 : EXECUTING
16:32:39 INFO  State of operation 21027452 : EXECUTING
16:32:41 INFO  State of operation 21027452 : EXECUTING
16:32:44 INFO  State of operation 21027452 : EXECUTING
16:32:47 INFO  State of operation 21027452 : EXECUTING
16:32:49 INFO  State of operation 21027452 : EXECUTING
16:32:51 INFO  State of operation 21027452 : EXECUTING
16:32:54 INFO  State of operation 21027452 : EXECUTING
16:32:56 INFO  State of operation 21027452 : EXECUTING
16:32:58 INFO  State of operation 21027452 : EXECUTING
16:33:00 INFO  State of operation 21027452 : EXECUTING
16:33:03 INFO  State of operation 21027452 : EXECUTING
16:33:05 INFO  State of operation 21027452 : EXECUTING
16:33:07 INFO  State of operation 21027452 : EXECUTING
16:33:10 INFO  State of operation 21027452 : EXECUTING
16:33:12 INFO  State of operation 21027452 : EXECUTING
16:33:15 INFO  State of operation 21027452 : EXECUTING
16:33:17 INFO  State of operation 21027452 : EXECUTING
16:33:20 INFO  State of operation 21027452 : EXECUTING
16:33:22 INFO  State of operation 21027452 : EXECUTING
16:33:25 INFO  State of operation 21027452 : EXECUTING
16:33:27 INFO  State of operation 21027452 : EXECUTING
16:33:29 INFO  State of operation 21027452 : EXECUTING
16:33:31 INFO  State of operation 21027452 : EXECUTING
16:33:34 INFO  State of operation 21027452 : EXECUTING
16:33:36 INFO  State of operation 21027452 : EXECUTING
16:33:38 INFO  State of operation 21027452 : EXECUTING
16:33:40 INFO  State of operation 21027452 : EXECUTING
16:33:43 INFO  State of operation 21027452 : EXECUTING
16:33:45 INFO  State of operation 21027452 : EXECUTING
16:33:47 INFO  State of operation 21027452 : EXECUTING
16:33:49 INFO  State of operation 21027452 : SUCCESSFUL
16:33:49 INFO  Assert that (False == value) with value=False ... passed
16:33:50 INFO  Package asciijump is installed
16:33:50 INFO  Assert that (True == value) with value=True ... passed
16:33:50 INFO  Package squirrel3 is installed
16:33:50 INFO  Assert that (True == value) with value=True ... passed
16:33:50 INFO  Package robotfindskitten is installed
16:33:50 INFO  Assert that (True == value) with value=True ... passed
16:33:50 INFO  Response status: 201
16:33:50 INFO  Response to action: {
    &quot;creationTime&quot;: &quot;2022-07-18T16:33:50.860Z&quot;,
    &quot;deviceName&quot;: &quot;m32sd10c&quot;,
    &quot;deviceId&quot;: &quot;21018696&quot;,
    &quot;self&quot;: &quot;https://t493319102.eu-latest.cumulocity.com/devicecontrol/operations/21027460&quot;,
    &quot;id&quot;: &quot;21027460&quot;,
    &quot;status&quot;: &quot;PENDING&quot;,
    &quot;description&quot;: &quot;Apply software changes, triggered from PySys: [{'action': 'delete', 'id': '5475369', 'name': 'asciijump', 'url': ' ', 'version': '::apt'}, {'action': 'delete', 'id': '5474869', 'name': 'robotfindskitten', 'url': ' ', 'version': '::apt'}, {'action': 'delete', 'id': '5475279', 'name': 'squirrel3', 'url': ' ', 'version': '::apt'}]&quot;,
    &quot;c8y_SoftwareUpdate&quot;: [
        {
            &quot;name&quot;: &quot;asciijump&quot;,
            &quot;action&quot;: &quot;delete&quot;,
            &quot;id&quot;: &quot;5475369&quot;,
            &quot;version&quot;: &quot;::apt&quot;,
            &quot;url&quot;: &quot; &quot;
        },
        {
            &quot;name&quot;: &quot;robotfindskitten&quot;,
            &quot;action&quot;: &quot;delete&quot;,
            &quot;id&quot;: &quot;5474869&quot;,
            &quot;version&quot;: &quot;::apt&quot;,
            &quot;url&quot;: &quot; &quot;
        },
        {
            &quot;name&quot;: &quot;squirrel3&quot;,
            &quot;action&quot;: &quot;delete&quot;,
            &quot;id&quot;: &quot;5475279&quot;,
            &quot;version&quot;: &quot;::apt&quot;,
            &quot;url&quot;: &quot; &quot;
        }
    ]
}
16:33:50 INFO  Started operation: {'creationTime': '2022-07-18T16:33:50.860Z', 'deviceName': 'm32sd10c', 'deviceId': '21018696', 'self': 'https://t493319102.eu-latest.cumulocity.com/devicecontrol/operations/21027460', 'id': '21027460', 'status': 'PENDING', 'description': &quot;Apply software changes, triggered from PySys: [{'action': 'delete', 'id': '5475369', 'name': 'asciijump', 'url': ' ', 'version': '::apt'}, {'action': 'delete', 'id': '5474869', 'name': 'robotfindskitten', 'url': ' ', 'version': '::apt'}, {'action': 'delete', 'id': '5475279', 'name': 'squirrel3', 'url': ' ', 'version': '::apt'}]&quot;, 'c8y_SoftwareUpdate': [{'name': 'asciijump', 'action': 'delete', 'id': '5475369', 'version': '::apt', 'url': ' '}, {'name': 'robotfindskitten', 'action': 'delete', 'id': '5474869', 'version': '::apt', 'url': ' '}, {'name': 'squirrel3', 'action': 'delete', 'id': '5475279', 'version': '::apt', 'url': ' '}]}
16:33:53 INFO  State of operation 21027460 : PENDING
16:33:55 INFO  State of operation 21027460 : EXECUTING
16:33:57 INFO  State of operation 21027460 : EXECUTING
16:34:00 INFO  State of operation 21027460 : EXECUTING
16:34:02 INFO  State of operation 21027460 : EXECUTING
16:34:04 INFO  State of operation 21027460 : EXECUTING
16:34:07 INFO  State of operation 21027460 : EXECUTING
16:34:10 INFO  State of operation 21027460 : EXECUTING
16:34:12 INFO  State of operation 21027460 : EXECUTING
16:34:14 INFO  State of operation 21027460 : EXECUTING
16:34:17 INFO  State of operation 21027460 : EXECUTING
16:34:19 INFO  State of operation 21027460 : EXECUTING
16:34:21 INFO  State of operation 21027460 : EXECUTING
16:34:23 INFO  State of operation 21027460 : EXECUTING
16:34:26 INFO  State of operation 21027460 : EXECUTING
16:34:28 INFO  State of operation 21027460 : EXECUTING
16:34:30 INFO  State of operation 21027460 : EXECUTING
16:34:33 INFO  State of operation 21027460 : EXECUTING
16:34:36 INFO  State of operation 21027460 : EXECUTING
16:34:38 INFO  State of operation 21027460 : EXECUTING
16:34:40 INFO  State of operation 21027460 : EXECUTING
16:34:42 INFO  State of operation 21027460 : EXECUTING
16:34:45 INFO  State of operation 21027460 : EXECUTING
16:34:47 INFO  State of operation 21027460 : EXECUTING
16:34:50 INFO  State of operation 21027460 : EXECUTING
16:34:52 INFO  State of operation 21027460 : EXECUTING
16:34:54 INFO  State of operation 21027460 : EXECUTING
16:34:57 INFO  State of operation 21027460 : SUCCESSFUL
16:34:57 INFO  Assert that (False == value) with value=False ... passed
16:34:57 INFO  Assert that (False == value) with value=False ... passed
16:34:58 INFO  Assert that (False == value) with value=False ... passed
16:34:58 INFO  Assert that (False == value) with value=False ... passed
16:34:58 INFO  
16:34:58 INFO  cleanup:
16:35:02 INFO  Executed sudo&lt;tedge_disconnect_c8y&gt;, exit status 0
16:35:03 INFO  Executed systemctl&lt;serv_mapper5&gt;, exit status 3
16:35:03 INFO  
16:35:03 INFO  Test duration: 181.69 secs
16:35:03 INFO  Test final outcome:  FAILED
16:35:03 INFO  Test outcome reason: Assert that (False == value) with value=True
16:35:03 INFO  
</system-out>
	</testcase>
</testsuite>
