<?xml version="1.0" encoding="utf-8"?>
<testsuite failures="1" name="SoftwareManagement.sm_apt_install_fail" skipped="0" tests="1" time="166.5" timestamp="2022-05-23T13:58:07">
	<testcase classname="PySysTest" name="SoftwareManagement.sm_apt_install_fail">
		<failure message="BLOCKED: SystemError: Timeout while waiting for status FAILED or SUCCESSFUL" type="BLOCKED"/>
		<system-out>13:55:20 INFO  ==============================================================
13:55:20 INFO  Id:    SoftwareManagement.sm_apt_install_fail
13:55:20 INFO  Dir:   software_management_end_to_end/
13:55:20 INFO  Title: Validate end to end behaviour for a failing installation
13:55:20 INFO  ==============================================================
13:55:20 INFO  Using sw id database: {'asciijump': '5475369', 'robotfindskitten': '5474869', 'squirrel3': '5475279', 'rolldice': '5152439', 'moon-buggy': '5439204', 'apple': '5495053', 'banana': '5494888', 'cherry': '5495382', 'watermelon': '5494510', 'registry': '8018911', 'hello-world': '8021526', 'docker/getting-started': '8021973', 'alpine': '7991792'}
13:55:20 INFO  EnvironmentC8y Setup
13:55:21 INFO  Executed systemctl&lt;serv_mapper1&gt;, exit status 3
13:55:21 INFO  Restarting mosquitto too frequently in the last 10 seconds. It was only up for 4 seconds
13:55:21 INFO  Delaying execution by 7 seconds
13:55:42 INFO  Executed sudo&lt;tedge_connect_c8y&gt;, exit status 0, duration 13 secs
13:55:43 INFO  Executed sudo&lt;tedge_connect_c8y_test&gt;, exit status 0
13:55:43 INFO  Executed systemctl&lt;serv_mosq2&gt;, exit status 0
13:55:44 INFO  Executed systemctl&lt;serv_mapper3&gt;, exit status 0
13:55:46 INFO  State of current operation: PENDING
13:55:48 INFO  State of current operation: PENDING
13:55:50 INFO  State of current operation: PENDING
13:55:53 INFO  State of current operation: PENDING
13:55:55 INFO  State of current operation: PENDING
13:55:57 INFO  State of current operation: PENDING
13:55:59 INFO  State of current operation: PENDING
13:56:01 INFO  State of current operation: PENDING
13:56:04 INFO  State of current operation: PENDING
13:56:06 INFO  State of current operation: PENDING
13:56:08 INFO  State of current operation: PENDING
13:56:11 INFO  State of current operation: PENDING
13:56:13 INFO  State of current operation: PENDING
13:56:15 INFO  State of current operation: PENDING
13:56:18 INFO  State of current operation: PENDING
13:56:20 INFO  State of current operation: PENDING
13:56:22 INFO  State of current operation: PENDING
13:56:24 INFO  State of current operation: PENDING
13:56:27 INFO  State of current operation: PENDING
13:56:29 INFO  State of current operation: PENDING
13:56:31 INFO  State of current operation: PENDING
13:56:33 INFO  State of current operation: PENDING
13:56:36 INFO  State of current operation: PENDING
13:56:38 INFO  State of current operation: PENDING
13:56:40 INFO  State of current operation: PENDING
13:56:42 INFO  State of current operation: PENDING
13:56:44 INFO  State of current operation: PENDING
13:56:47 INFO  State of current operation: PENDING
13:56:49 INFO  State of current operation: PENDING
13:56:51 INFO  State of current operation: PENDING
13:56:53 INFO  State of current operation: PENDING
13:56:56 INFO  State of current operation: PENDING
13:56:58 INFO  State of current operation: PENDING
13:57:00 INFO  State of current operation: PENDING
13:57:02 INFO  State of current operation: PENDING
13:57:04 INFO  State of current operation: PENDING
13:57:07 INFO  State of current operation: PENDING
13:57:09 INFO  State of current operation: PENDING
13:57:11 INFO  State of current operation: PENDING
13:57:13 INFO  State of current operation: PENDING
13:57:16 INFO  State of current operation: PENDING
13:57:18 INFO  State of current operation: PENDING
13:57:20 INFO  State of current operation: PENDING
13:57:22 INFO  State of current operation: PENDING
13:57:25 INFO  State of current operation: PENDING
13:57:27 INFO  State of current operation: PENDING
13:57:29 INFO  State of current operation: PENDING
13:57:31 INFO  State of current operation: PENDING
13:57:34 INFO  State of current operation: PENDING
13:57:36 INFO  State of current operation: PENDING
13:57:38 INFO  State of current operation: PENDING
13:57:40 INFO  State of current operation: PENDING
13:57:43 INFO  State of current operation: PENDING
13:57:45 INFO  State of current operation: PENDING
13:57:47 INFO  State of current operation: PENDING
13:57:49 INFO  State of current operation: PENDING
13:57:51 INFO  State of current operation: PENDING
13:57:54 INFO  State of current operation: PENDING
13:57:56 INFO  State of current operation: PENDING
13:57:58 INFO  State of current operation: PENDING
13:58:00 INFO  State of current operation: PENDING
13:58:02 WARN  SystemError occurred while running test - Timeout while waiting for status FAILED or SUCCESSFUL
Traceback (most recent call last):
  File &quot;/home/pi/env-pysys/lib/python3.7/site-packages/pysys/baserunner.py&quot;, line 1292, in __call__
    self.testObj.setup()
  File &quot;/home/pi/actions-runner/_work/thin-edge.io/thin-edge.io/tests/PySys/software_management_end_to_end/sm_apt_install_fail/run.py&quot;, line 20, in setup
    super().setup()
  File &quot;/home/pi/actions-runner/_work/thin-edge.io/thin-edge.io/tests/PySys/software_management_end_to_end/environment_sm_management.py&quot;, line 151, in setup
    self.wait_until_end()
  File &quot;/home/pi/actions-runner/_work/thin-edge.io/thin-edge.io/tests/PySys/software_management_end_to_end/environment_sm_management.py&quot;, line 332, in wait_until_end
    self.wait_until_status(&quot;FAILED&quot;, &quot;SUCCESSFUL&quot;)
  File &quot;/home/pi/actions-runner/_work/thin-edge.io/thin-edge.io/tests/PySys/software_management_end_to_end/environment_sm_management.py&quot;, line 381, in wait_until_status
    &quot;Timeout while waiting for status %s or %s&quot; % (status, status2)
SystemError: Timeout while waiting for status FAILED or SUCCESSFUL
13:58:02 WARN  SystemError: Timeout while waiting for status FAILED or SUCCESSFUL ... blocked 
13:58:02 INFO  
13:58:02 INFO  cleanup:
13:58:06 INFO  Executed sudo&lt;tedge_disconnect_c8y&gt;, exit status 0
13:58:07 INFO  Executed systemctl&lt;serv_mapper5&gt;, exit status 3
13:58:07 INFO  
13:58:07 INFO  Test duration: 166.50 secs
13:58:07 INFO  Test final outcome:  BLOCKED
13:58:07 INFO  Test outcome reason: SystemError: Timeout while waiting for status FAILED or SUCCESSFUL
13:58:07 INFO  
</system-out>
	</testcase>
</testsuite>
