<?xml version="1.0" encoding="utf-8"?>
<testsuite failures="1" name="SoftwareManagement.sm_apt_install_remove_multiple" skipped="0" tests="1" time="165.4" timestamp="2022-05-25T13:29:27">
	<testcase classname="PySysTest" name="SoftwareManagement.sm_apt_install_remove_multiple">
		<failure message="BLOCKED: SystemError: Timeout while waiting for status FAILED or SUCCESSFUL" type="BLOCKED"/>
		<system-out>13:26:42 INFO  ==============================================================
13:26:42 INFO  Id:    SoftwareManagement.sm_apt_install_remove_multiple
13:26:42 INFO  Dir:   software_management_end_to_end/
13:26:42 INFO  Title: Validate end to end behaviour for the apt plugin for multiple packages
13:26:42 INFO  ==============================================================
13:26:42 INFO  Using sw id database: {'asciijump': '5475369', 'robotfindskitten': '5474869', 'squirrel3': '5475279', 'rolldice': '5152439', 'moon-buggy': '5439204', 'apple': '5495053', 'banana': '5494888', 'cherry': '5495382', 'watermelon': '5494510', 'registry': '8018911', 'hello-world': '8021526', 'docker/getting-started': '8021973', 'alpine': '7991792'}
13:26:42 INFO  EnvironmentC8y Setup
13:26:42 INFO  Executed systemctl&lt;serv_mapper1&gt;, exit status 3
13:26:42 INFO  Restarting mosquitto too frequently in the last 10 seconds. It was only up for 5 seconds
13:26:42 INFO  Delaying execution by 6 seconds
13:27:02 INFO  Executed sudo&lt;tedge_connect_c8y&gt;, exit status 0, duration 13 secs
13:27:03 INFO  Executed sudo&lt;tedge_connect_c8y_test&gt;, exit status 0
13:27:03 INFO  Executed systemctl&lt;serv_mosq2&gt;, exit status 0
13:27:04 INFO  Executed systemctl&lt;serv_mapper3&gt;, exit status 0
13:27:06 INFO  State of current operation: PENDING
13:27:08 INFO  State of current operation: PENDING
13:27:10 INFO  State of current operation: PENDING
13:27:13 INFO  State of current operation: PENDING
13:27:15 INFO  State of current operation: PENDING
13:27:17 INFO  State of current operation: PENDING
13:27:19 INFO  State of current operation: PENDING
13:27:22 INFO  State of current operation: PENDING
13:27:24 INFO  State of current operation: PENDING
13:27:26 INFO  State of current operation: PENDING
13:27:28 INFO  State of current operation: PENDING
13:27:31 INFO  State of current operation: PENDING
13:27:33 INFO  State of current operation: PENDING
13:27:35 INFO  State of current operation: PENDING
13:27:37 INFO  State of current operation: PENDING
13:27:40 INFO  State of current operation: PENDING
13:27:42 INFO  State of current operation: PENDING
13:27:44 INFO  State of current operation: PENDING
13:27:46 INFO  State of current operation: PENDING
13:27:48 INFO  State of current operation: PENDING
13:27:51 INFO  State of current operation: PENDING
13:27:53 INFO  State of current operation: PENDING
13:27:55 INFO  State of current operation: PENDING
13:27:57 INFO  State of current operation: PENDING
13:28:00 INFO  State of current operation: PENDING
13:28:02 INFO  State of current operation: PENDING
13:28:04 INFO  State of current operation: PENDING
13:28:06 INFO  State of current operation: PENDING
13:28:09 INFO  State of current operation: PENDING
13:28:11 INFO  State of current operation: PENDING
13:28:13 INFO  State of current operation: PENDING
13:28:15 INFO  State of current operation: PENDING
13:28:18 INFO  State of current operation: PENDING
13:28:20 INFO  State of current operation: PENDING
13:28:22 INFO  State of current operation: PENDING
13:28:24 INFO  State of current operation: PENDING
13:28:26 INFO  State of current operation: PENDING
13:28:29 INFO  State of current operation: PENDING
13:28:31 INFO  State of current operation: PENDING
13:28:33 INFO  State of current operation: PENDING
13:28:35 INFO  State of current operation: PENDING
13:28:38 INFO  State of current operation: PENDING
13:28:40 INFO  State of current operation: PENDING
13:28:42 INFO  State of current operation: PENDING
13:28:44 INFO  State of current operation: PENDING
13:28:46 INFO  State of current operation: PENDING
13:28:49 INFO  State of current operation: PENDING
13:28:51 INFO  State of current operation: PENDING
13:28:53 INFO  State of current operation: PENDING
13:28:55 INFO  State of current operation: PENDING
13:28:58 INFO  State of current operation: PENDING
13:29:00 INFO  State of current operation: PENDING
13:29:02 INFO  State of current operation: PENDING
13:29:04 INFO  State of current operation: PENDING
13:29:06 INFO  State of current operation: PENDING
13:29:09 INFO  State of current operation: PENDING
13:29:11 INFO  State of current operation: PENDING
13:29:14 INFO  State of current operation: PENDING
13:29:16 INFO  State of current operation: PENDING
13:29:18 INFO  State of current operation: PENDING
13:29:20 INFO  State of current operation: PENDING
13:29:22 WARN  SystemError occurred while running test - Timeout while waiting for status FAILED or SUCCESSFUL
Traceback (most recent call last):
  File &quot;/home/pi/env-pysys/lib/python3.7/site-packages/pysys/baserunner.py&quot;, line 1292, in __call__
    self.testObj.setup()
  File &quot;/home/pi/actions-runner/_work/thin-edge.io/thin-edge.io/tests/PySys/software_management_end_to_end/sm_apt_install_remove_multiple/run.py&quot;, line 52, in setup
    super().setup()
  File &quot;/home/pi/actions-runner/_work/thin-edge.io/thin-edge.io/tests/PySys/software_management_end_to_end/environment_sm_management.py&quot;, line 151, in setup
    self.wait_until_end()
  File &quot;/home/pi/actions-runner/_work/thin-edge.io/thin-edge.io/tests/PySys/software_management_end_to_end/environment_sm_management.py&quot;, line 332, in wait_until_end
    self.wait_until_status(&quot;FAILED&quot;, &quot;SUCCESSFUL&quot;)
  File &quot;/home/pi/actions-runner/_work/thin-edge.io/thin-edge.io/tests/PySys/software_management_end_to_end/environment_sm_management.py&quot;, line 381, in wait_until_status
    &quot;Timeout while waiting for status %s or %s&quot; % (status, status2)
SystemError: Timeout while waiting for status FAILED or SUCCESSFUL
13:29:22 WARN  SystemError: Timeout while waiting for status FAILED or SUCCESSFUL ... blocked 
13:29:22 INFO  
13:29:22 INFO  cleanup:
13:29:26 INFO  Executed sudo&lt;tedge_disconnect_c8y&gt;, exit status 0
13:29:27 INFO  Executed systemctl&lt;serv_mapper5&gt;, exit status 3
13:29:27 INFO  
13:29:27 INFO  Test duration: 165.40 secs
13:29:27 INFO  Test final outcome:  BLOCKED
13:29:27 INFO  Test outcome reason: SystemError: Timeout while waiting for status FAILED or SUCCESSFUL
13:29:27 INFO  
</system-out>
	</testcase>
</testsuite>
