<?xml version="1.0" encoding="utf-8"?>
<testsuite failures="1" name="SoftwareManagement.sm_apt_install_remove_multiple" skipped="0" tests="1" time="180.77" timestamp="2022-07-25T09:15:11">
	<testcase classname="PySysTest" name="SoftwareManagement.sm_apt_install_remove_multiple">
		<failure message="FAILED: Assert that (False == value) with value=True" type="FAILED"/>
		<system-out>09:12:10 INFO  ==============================================================
09:12:10 INFO  Id:    SoftwareManagement.sm_apt_install_remove_multiple
09:12:10 INFO  Dir:   software_management_end_to_end/
09:12:10 INFO  Title: Validate end to end behaviour for the apt plugin for multiple packages
09:12:10 INFO  ==============================================================
09:12:10 INFO  Using sw id database: {'asciijump': '5475369', 'robotfindskitten': '5474869', 'squirrel3': '5475279', 'rolldice': '5152439', 'moon-buggy': '5439204', 'apple': '5495053', 'banana': '5494888', 'cherry': '5495382', 'watermelon': '5494510', 'registry': '8018911', 'hello-world': '8021526', 'docker/getting-started': '8021973', 'alpine': '7991792'}
09:12:10 INFO  EnvironmentC8y Setup
09:12:11 INFO  Executed systemctl&lt;serv_mapper1&gt;, exit status 3
09:12:11 INFO  Restarting mosquitto too frequently in the last 10 seconds. It was only up for 4 seconds
09:12:11 INFO  Delaying execution by 7 seconds
09:12:32 INFO  Executed sudo&lt;tedge_connect_c8y&gt;, exit status 0, duration 13 secs
09:12:32 INFO  Executed sudo&lt;tedge_connect_c8y_test&gt;, exit status 0
09:12:33 INFO  Executed systemctl&lt;serv_mosq2&gt;, exit status 0
09:12:33 INFO  Executed systemctl&lt;serv_mapper3&gt;, exit status 0
09:12:36 INFO  State of current operation: SUCCESSFUL
09:12:36 INFO  Assert that (False == value) with value=False ... passed
09:12:36 INFO  Assert that (False == value) with value=False ... passed
09:12:36 INFO  Assert that (False == value) with value=False ... passed
09:12:36 INFO  Package robotfindskitten is installed
09:12:37 WARN  Assert that (False == value) with value=True ... failed 
09:12:37 INFO  Response status: 201
09:12:37 INFO  Response to action: {
    &quot;delivery&quot;: {
        &quot;log&quot;: [],
        &quot;time&quot;: &quot;2022-07-25T09:12:37.244Z&quot;,
        &quot;status&quot;: &quot;PENDING&quot;
    },
    &quot;creationTime&quot;: &quot;2022-07-25T09:12:37.223Z&quot;,
    &quot;deviceId&quot;: &quot;21313780&quot;,
    &quot;deviceName&quot;: &quot;m32sd10c&quot;,
    &quot;self&quot;: &quot;https://t493319102.eu-latest.cumulocity.com/devicecontrol/operations/21368378&quot;,
    &quot;id&quot;: &quot;21368378&quot;,
    &quot;status&quot;: &quot;PENDING&quot;,
    &quot;description&quot;: &quot;Apply software changes, triggered from PySys: [{'action': 'install', 'id': '5475369', 'name': 'asciijump', 'url': ' ', 'version': '::apt'}, {'action': 'install', 'id': '5474869', 'name': 'robotfindskitten', 'url': ' ', 'version': '::apt'}, {'action': 'install', 'id': '5475279', 'name': 'squirrel3', 'url': ' ', 'version': '::apt'}]&quot;,
    &quot;c8y_SoftwareUpdate&quot;: [
        {
            &quot;name&quot;: &quot;asciijump&quot;,
            &quot;action&quot;: &quot;install&quot;,
            &quot;id&quot;: &quot;5475369&quot;,
            &quot;version&quot;: &quot;::apt&quot;,
            &quot;url&quot;: &quot; &quot;
        },
        {
            &quot;name&quot;: &quot;robotfindskitten&quot;,
            &quot;action&quot;: &quot;install&quot;,
            &quot;id&quot;: &quot;5474869&quot;,
            &quot;version&quot;: &quot;::apt&quot;,
            &quot;url&quot;: &quot; &quot;
        },
        {
            &quot;name&quot;: &quot;squirrel3&quot;,
            &quot;action&quot;: &quot;install&quot;,
            &quot;id&quot;: &quot;5475279&quot;,
            &quot;version&quot;: &quot;::apt&quot;,
            &quot;url&quot;: &quot; &quot;
        }
    ]
}
09:12:37 INFO  Started operation: {'delivery': {'log': [], 'time': '2022-07-25T09:12:37.244Z', 'status': 'PENDING'}, 'creationTime': '2022-07-25T09:12:37.223Z', 'deviceId': '21313780', 'deviceName': 'm32sd10c', 'self': 'https://t493319102.eu-latest.cumulocity.com/devicecontrol/operations/21368378', 'id': '21368378', 'status': 'PENDING', 'description': &quot;Apply software changes, triggered from PySys: [{'action': 'install', 'id': '5475369', 'name': 'asciijump', 'url': ' ', 'version': '::apt'}, {'action': 'install', 'id': '5474869', 'name': 'robotfindskitten', 'url': ' ', 'version': '::apt'}, {'action': 'install', 'id': '5475279', 'name': 'squirrel3', 'url': ' ', 'version': '::apt'}]&quot;, 'c8y_SoftwareUpdate': [{'name': 'asciijump', 'action': 'install', 'id': '5475369', 'version': '::apt', 'url': ' '}, {'name': 'robotfindskitten', 'action': 'install', 'id': '5474869', 'version': '::apt', 'url': ' '}, {'name': 'squirrel3', 'action': 'install', 'id': '5475279', 'version': '::apt', 'url': ' '}]}
09:12:39 INFO  State of operation 21368378 : PENDING
09:12:41 INFO  State of operation 21368378 : EXECUTING
09:12:43 INFO  State of operation 21368378 : EXECUTING
09:12:46 INFO  State of operation 21368378 : EXECUTING
09:12:48 INFO  State of operation 21368378 : EXECUTING
09:12:50 INFO  State of operation 21368378 : EXECUTING
09:12:53 INFO  State of operation 21368378 : EXECUTING
09:12:56 INFO  State of operation 21368378 : EXECUTING
09:12:59 INFO  State of operation 21368378 : EXECUTING
09:13:01 INFO  State of operation 21368378 : EXECUTING
09:13:03 INFO  State of operation 21368378 : EXECUTING
09:13:06 INFO  State of operation 21368378 : EXECUTING
09:13:08 INFO  State of operation 21368378 : EXECUTING
09:13:10 INFO  State of operation 21368378 : EXECUTING
09:13:12 INFO  State of operation 21368378 : EXECUTING
09:13:14 INFO  State of operation 21368378 : EXECUTING
09:13:17 INFO  State of operation 21368378 : EXECUTING
09:13:20 INFO  State of operation 21368378 : EXECUTING
09:13:22 INFO  State of operation 21368378 : EXECUTING
09:13:24 INFO  State of operation 21368378 : EXECUTING
09:13:26 INFO  State of operation 21368378 : EXECUTING
09:13:29 INFO  State of operation 21368378 : EXECUTING
09:13:31 INFO  State of operation 21368378 : EXECUTING
09:13:34 INFO  State of operation 21368378 : EXECUTING
09:13:37 INFO  State of operation 21368378 : EXECUTING
09:13:39 INFO  State of operation 21368378 : EXECUTING
09:13:42 INFO  State of operation 21368378 : EXECUTING
09:13:45 INFO  State of operation 21368378 : EXECUTING
09:13:47 INFO  State of operation 21368378 : EXECUTING
09:13:49 INFO  State of operation 21368378 : EXECUTING
09:13:52 INFO  State of operation 21368378 : EXECUTING
09:13:54 INFO  State of operation 21368378 : EXECUTING
09:13:56 INFO  State of operation 21368378 : EXECUTING
09:13:58 INFO  State of operation 21368378 : SUCCESSFUL
09:13:58 INFO  Assert that (False == value) with value=False ... passed
09:13:59 INFO  Package asciijump is installed
09:13:59 INFO  Assert that (True == value) with value=True ... passed
09:13:59 INFO  Package squirrel3 is installed
09:13:59 INFO  Assert that (True == value) with value=True ... passed
09:13:59 INFO  Package robotfindskitten is installed
09:13:59 INFO  Assert that (True == value) with value=True ... passed
09:13:59 INFO  Response status: 201
09:13:59 INFO  Response to action: {
    &quot;delivery&quot;: {
        &quot;log&quot;: [],
        &quot;time&quot;: &quot;2022-07-25T09:13:59.863Z&quot;,
        &quot;status&quot;: &quot;PENDING&quot;
    },
    &quot;creationTime&quot;: &quot;2022-07-25T09:13:59.819Z&quot;,
    &quot;deviceId&quot;: &quot;21313780&quot;,
    &quot;deviceName&quot;: &quot;m32sd10c&quot;,
    &quot;self&quot;: &quot;https://t493319102.eu-latest.cumulocity.com/devicecontrol/operations/21368388&quot;,
    &quot;id&quot;: &quot;21368388&quot;,
    &quot;status&quot;: &quot;PENDING&quot;,
    &quot;description&quot;: &quot;Apply software changes, triggered from PySys: [{'action': 'delete', 'id': '5475369', 'name': 'asciijump', 'url': ' ', 'version': '::apt'}, {'action': 'delete', 'id': '5474869', 'name': 'robotfindskitten', 'url': ' ', 'version': '::apt'}, {'action': 'delete', 'id': '5475279', 'name': 'squirrel3', 'url': ' ', 'version': '::apt'}]&quot;,
    &quot;c8y_SoftwareUpdate&quot;: [
        {
            &quot;name&quot;: &quot;asciijump&quot;,
            &quot;action&quot;: &quot;delete&quot;,
            &quot;id&quot;: &quot;5475369&quot;,
            &quot;version&quot;: &quot;::apt&quot;,
            &quot;url&quot;: &quot; &quot;
        },
        {
            &quot;name&quot;: &quot;robotfindskitten&quot;,
            &quot;action&quot;: &quot;delete&quot;,
            &quot;id&quot;: &quot;5474869&quot;,
            &quot;version&quot;: &quot;::apt&quot;,
            &quot;url&quot;: &quot; &quot;
        },
        {
            &quot;name&quot;: &quot;squirrel3&quot;,
            &quot;action&quot;: &quot;delete&quot;,
            &quot;id&quot;: &quot;5475279&quot;,
            &quot;version&quot;: &quot;::apt&quot;,
            &quot;url&quot;: &quot; &quot;
        }
    ]
}
09:13:59 INFO  Started operation: {'delivery': {'log': [], 'time': '2022-07-25T09:13:59.863Z', 'status': 'PENDING'}, 'creationTime': '2022-07-25T09:13:59.819Z', 'deviceId': '21313780', 'deviceName': 'm32sd10c', 'self': 'https://t493319102.eu-latest.cumulocity.com/devicecontrol/operations/21368388', 'id': '21368388', 'status': 'PENDING', 'description': &quot;Apply software changes, triggered from PySys: [{'action': 'delete', 'id': '5475369', 'name': 'asciijump', 'url': ' ', 'version': '::apt'}, {'action': 'delete', 'id': '5474869', 'name': 'robotfindskitten', 'url': ' ', 'version': '::apt'}, {'action': 'delete', 'id': '5475279', 'name': 'squirrel3', 'url': ' ', 'version': '::apt'}]&quot;, 'c8y_SoftwareUpdate': [{'name': 'asciijump', 'action': 'delete', 'id': '5475369', 'version': '::apt', 'url': ' '}, {'name': 'robotfindskitten', 'action': 'delete', 'id': '5474869', 'version': '::apt', 'url': ' '}, {'name': 'squirrel3', 'action': 'delete', 'id': '5475279', 'version': '::apt', 'url': ' '}]}
09:14:02 INFO  State of operation 21368388 : PENDING
09:14:04 INFO  State of operation 21368388 : EXECUTING
09:14:06 INFO  State of operation 21368388 : EXECUTING
09:14:08 INFO  State of operation 21368388 : EXECUTING
09:14:11 INFO  State of operation 21368388 : EXECUTING
09:14:13 INFO  State of operation 21368388 : EXECUTING
09:14:16 INFO  State of operation 21368388 : EXECUTING
09:14:19 INFO  State of operation 21368388 : EXECUTING
09:14:21 INFO  State of operation 21368388 : EXECUTING
09:14:23 INFO  State of operation 21368388 : EXECUTING
09:14:26 INFO  State of operation 21368388 : EXECUTING
09:14:28 INFO  State of operation 21368388 : EXECUTING
09:14:30 INFO  State of operation 21368388 : EXECUTING
09:14:32 INFO  State of operation 21368388 : EXECUTING
09:14:35 INFO  State of operation 21368388 : EXECUTING
09:14:37 INFO  State of operation 21368388 : EXECUTING
09:14:40 INFO  State of operation 21368388 : EXECUTING
09:14:42 INFO  State of operation 21368388 : EXECUTING
09:14:45 INFO  State of operation 21368388 : EXECUTING
09:14:47 INFO  State of operation 21368388 : EXECUTING
09:14:49 INFO  State of operation 21368388 : EXECUTING
09:14:51 INFO  State of operation 21368388 : EXECUTING
09:14:53 INFO  State of operation 21368388 : EXECUTING
09:14:56 INFO  State of operation 21368388 : EXECUTING
09:14:58 INFO  State of operation 21368388 : EXECUTING
09:15:01 INFO  State of operation 21368388 : EXECUTING
09:15:03 INFO  State of operation 21368388 : EXECUTING
09:15:05 INFO  State of operation 21368388 : SUCCESSFUL
09:15:06 INFO  Assert that (False == value) with value=False ... passed
09:15:06 INFO  Assert that (False == value) with value=False ... passed
09:15:06 INFO  Assert that (False == value) with value=False ... passed
09:15:06 INFO  Assert that (False == value) with value=False ... passed
09:15:06 INFO  
09:15:06 INFO  cleanup:
09:15:10 INFO  Executed sudo&lt;tedge_disconnect_c8y&gt;, exit status 0
09:15:11 INFO  Executed systemctl&lt;serv_mapper5&gt;, exit status 3
09:15:11 INFO  
09:15:11 INFO  Test duration: 180.77 secs
09:15:11 INFO  Test final outcome:  FAILED
09:15:11 INFO  Test outcome reason: Assert that (False == value) with value=True
09:15:11 INFO  
</system-out>
	</testcase>
</testsuite>
