<?xml version="1.0" encoding="utf-8"?>
<testsuite failures="1" name="SoftwareManagement.sm_apt_install_remove_with_version" skipped="0" tests="1" time="164.91" timestamp="2022-05-23T09:19:49">
	<testcase classname="PySysTest" name="SoftwareManagement.sm_apt_install_remove_with_version">
		<failure message="BLOCKED: SystemError: Timeout while waiting for status FAILED or SUCCESSFUL" type="BLOCKED"/>
		<system-out>09:17:04 INFO  ==============================================================
09:17:04 INFO  Id:    SoftwareManagement.sm_apt_install_remove_with_version
09:17:04 INFO  Dir:   software_management_end_to_end/
09:17:04 INFO  Title: Validate end to end behaviour for the apt plugin for packages with version
09:17:04 INFO  ==============================================================
09:17:04 INFO  Using sw id database: {'asciijump': '5475369', 'robotfindskitten': '5474869', 'squirrel3': '5475279', 'rolldice': '5152439', 'moon-buggy': '5439204', 'apple': '5495053', 'banana': '5494888', 'cherry': '5495382', 'watermelon': '5494510', 'registry': '8018911', 'hello-world': '8021526', 'docker/getting-started': '8021973', 'alpine': '7991792'}
09:17:04 INFO  EnvironmentC8y Setup
09:17:05 INFO  Executed systemctl&lt;serv_mapper1&gt;, exit status 3
09:17:05 INFO  Restarting mosquitto too frequently in the last 10 seconds. It was only up for 5 seconds
09:17:05 INFO  Delaying execution by 6 seconds
09:17:24 INFO  Executed sudo&lt;tedge_connect_c8y&gt;, exit status 0, duration 13 secs
09:17:25 INFO  Executed sudo&lt;tedge_connect_c8y_test&gt;, exit status 0
09:17:26 INFO  Executed systemctl&lt;serv_mosq2&gt;, exit status 0
09:17:26 INFO  Executed systemctl&lt;serv_mapper3&gt;, exit status 0
09:17:28 INFO  State of current operation: PENDING
09:17:30 INFO  State of current operation: PENDING
09:17:33 INFO  State of current operation: PENDING
09:17:35 INFO  State of current operation: PENDING
09:17:37 INFO  State of current operation: PENDING
09:17:39 INFO  State of current operation: PENDING
09:17:42 INFO  State of current operation: PENDING
09:17:44 INFO  State of current operation: PENDING
09:17:46 INFO  State of current operation: PENDING
09:17:48 INFO  State of current operation: PENDING
09:17:51 INFO  State of current operation: PENDING
09:17:53 INFO  State of current operation: PENDING
09:17:55 INFO  State of current operation: PENDING
09:17:57 INFO  State of current operation: PENDING
09:18:00 INFO  State of current operation: PENDING
09:18:02 INFO  State of current operation: PENDING
09:18:04 INFO  State of current operation: PENDING
09:18:06 INFO  State of current operation: PENDING
09:18:09 INFO  State of current operation: PENDING
09:18:11 INFO  State of current operation: PENDING
09:18:13 INFO  State of current operation: PENDING
09:18:15 INFO  State of current operation: PENDING
09:18:17 INFO  State of current operation: PENDING
09:18:20 INFO  State of current operation: PENDING
09:18:22 INFO  State of current operation: PENDING
09:18:24 INFO  State of current operation: PENDING
09:18:26 INFO  State of current operation: PENDING
09:18:29 INFO  State of current operation: PENDING
09:18:31 INFO  State of current operation: PENDING
09:18:33 INFO  State of current operation: PENDING
09:18:35 INFO  State of current operation: PENDING
09:18:38 INFO  State of current operation: PENDING
09:18:40 INFO  State of current operation: PENDING
09:18:42 INFO  State of current operation: PENDING
09:18:44 INFO  State of current operation: PENDING
09:18:46 INFO  State of current operation: PENDING
09:18:49 INFO  State of current operation: PENDING
09:18:51 INFO  State of current operation: PENDING
09:18:53 INFO  State of current operation: PENDING
09:18:55 INFO  State of current operation: PENDING
09:18:58 INFO  State of current operation: PENDING
09:19:00 INFO  State of current operation: PENDING
09:19:02 INFO  State of current operation: PENDING
09:19:04 INFO  State of current operation: PENDING
09:19:07 INFO  State of current operation: PENDING
09:19:09 INFO  State of current operation: PENDING
09:19:11 INFO  State of current operation: PENDING
09:19:13 INFO  State of current operation: PENDING
09:19:16 INFO  State of current operation: PENDING
09:19:18 INFO  State of current operation: PENDING
09:19:20 INFO  State of current operation: PENDING
09:19:22 INFO  State of current operation: PENDING
09:19:24 INFO  State of current operation: PENDING
09:19:27 INFO  State of current operation: PENDING
09:19:29 INFO  State of current operation: PENDING
09:19:31 INFO  State of current operation: PENDING
09:19:33 INFO  State of current operation: PENDING
09:19:36 INFO  State of current operation: PENDING
09:19:38 INFO  State of current operation: PENDING
09:19:40 INFO  State of current operation: PENDING
09:19:42 INFO  State of current operation: PENDING
09:19:44 WARN  SystemError occurred while running test - Timeout while waiting for status FAILED or SUCCESSFUL
Traceback (most recent call last):
  File &quot;/home/pi/env-pysys/lib/python3.7/site-packages/pysys/baserunner.py&quot;, line 1292, in __call__
    self.testObj.setup()
  File &quot;/home/pi/actions-runner/_work/thin-edge.io/thin-edge.io/tests/PySys/software_management_end_to_end/sm_apt_install_remove_with_version/run.py&quot;, line 27, in setup
    super().setup()
  File &quot;/home/pi/actions-runner/_work/thin-edge.io/thin-edge.io/tests/PySys/software_management_end_to_end/environment_sm_management.py&quot;, line 151, in setup
    self.wait_until_end()
  File &quot;/home/pi/actions-runner/_work/thin-edge.io/thin-edge.io/tests/PySys/software_management_end_to_end/environment_sm_management.py&quot;, line 332, in wait_until_end
    self.wait_until_status(&quot;FAILED&quot;, &quot;SUCCESSFUL&quot;)
  File &quot;/home/pi/actions-runner/_work/thin-edge.io/thin-edge.io/tests/PySys/software_management_end_to_end/environment_sm_management.py&quot;, line 381, in wait_until_status
    &quot;Timeout while waiting for status %s or %s&quot; % (status, status2)
SystemError: Timeout while waiting for status FAILED or SUCCESSFUL
09:19:44 WARN  SystemError: Timeout while waiting for status FAILED or SUCCESSFUL ... blocked 
09:19:44 INFO  
09:19:44 INFO  cleanup:
09:19:48 INFO  Executed sudo&lt;tedge_disconnect_c8y&gt;, exit status 0
09:19:49 INFO  Executed systemctl&lt;serv_mapper5&gt;, exit status 3
09:19:49 INFO  
09:19:49 INFO  Test duration: 164.91 secs
09:19:49 INFO  Test final outcome:  BLOCKED
09:19:49 INFO  Test outcome reason: SystemError: Timeout while waiting for status FAILED or SUCCESSFUL
09:19:49 INFO  
</system-out>
	</testcase>
</testsuite>
