<?xml version="1.0" encoding="utf-8"?>
<testsuite failures="0" name="apt_update_list" skipped="0" tests="1" time="151.88" timestamp="2022-05-24T16:10:14">
	<testcase classname="AptPluginUpdateList" name="apt_update_list"/>
</testsuite>
