<?xml version="1.0" encoding="utf-8"?>
<testsuite failures="1" name="SoftwareManagement.sm_apt_install_remove_default" skipped="0" tests="1" time="166.64" timestamp="2022-05-23T09:11:32">
	<testcase classname="PySysTest" name="SoftwareManagement.sm_apt_install_remove_default">
		<failure message="BLOCKED: SystemError: Timeout while waiting for status FAILED or SUCCESSFUL" type="BLOCKED"/>
		<system-out>09:08:45 INFO  ==============================================================
09:08:45 INFO  Id:    SoftwareManagement.sm_apt_install_remove_default
09:08:45 INFO  Dir:   software_management_end_to_end/
09:08:45 INFO  Title: Validate end to end behaviour for the default plugin for installation and removal of packages
09:08:45 INFO  ==============================================================
09:08:45 INFO  Using sw id database: {'asciijump': '5475369', 'robotfindskitten': '5474869', 'squirrel3': '5475279', 'rolldice': '5152439', 'moon-buggy': '5439204', 'apple': '5495053', 'banana': '5494888', 'cherry': '5495382', 'watermelon': '5494510', 'registry': '8018911', 'hello-world': '8021526', 'docker/getting-started': '8021973', 'alpine': '7991792'}
09:08:45 INFO  EnvironmentC8y Setup
09:08:46 INFO  Executed systemctl&lt;serv_mapper1&gt;, exit status 3
09:08:46 INFO  Restarting mosquitto too frequently in the last 10 seconds. It was only up for 4 seconds
09:08:46 INFO  Delaying execution by 7 seconds
09:09:08 INFO  Executed sudo&lt;tedge_connect_c8y&gt;, exit status 0, duration 14 secs
09:09:08 INFO  Executed sudo&lt;tedge_connect_c8y_test&gt;, exit status 0
09:09:09 INFO  Executed systemctl&lt;serv_mosq2&gt;, exit status 0
09:09:09 INFO  Executed systemctl&lt;serv_mapper3&gt;, exit status 0
09:09:11 INFO  State of current operation: PENDING
09:09:14 INFO  State of current operation: PENDING
09:09:16 INFO  State of current operation: PENDING
09:09:18 INFO  State of current operation: PENDING
09:09:20 INFO  State of current operation: PENDING
09:09:23 INFO  State of current operation: PENDING
09:09:25 INFO  State of current operation: PENDING
09:09:27 INFO  State of current operation: PENDING
09:09:29 INFO  State of current operation: PENDING
09:09:32 INFO  State of current operation: PENDING
09:09:34 INFO  State of current operation: PENDING
09:09:36 INFO  State of current operation: PENDING
09:09:38 INFO  State of current operation: PENDING
09:09:40 INFO  State of current operation: PENDING
09:09:43 INFO  State of current operation: PENDING
09:09:45 INFO  State of current operation: PENDING
09:09:47 INFO  State of current operation: PENDING
09:09:49 INFO  State of current operation: PENDING
09:09:52 INFO  State of current operation: PENDING
09:09:54 INFO  State of current operation: PENDING
09:09:56 INFO  State of current operation: PENDING
09:09:58 INFO  State of current operation: PENDING
09:10:01 INFO  State of current operation: PENDING
09:10:03 INFO  State of current operation: PENDING
09:10:05 INFO  State of current operation: PENDING
09:10:07 INFO  State of current operation: PENDING
09:10:09 INFO  State of current operation: PENDING
09:10:12 INFO  State of current operation: PENDING
09:10:14 INFO  State of current operation: PENDING
09:10:16 INFO  State of current operation: PENDING
09:10:18 INFO  State of current operation: PENDING
09:10:21 INFO  State of current operation: PENDING
09:10:23 INFO  State of current operation: PENDING
09:10:25 INFO  State of current operation: PENDING
09:10:27 INFO  State of current operation: PENDING
09:10:30 INFO  State of current operation: PENDING
09:10:32 INFO  State of current operation: PENDING
09:10:34 INFO  State of current operation: PENDING
09:10:36 INFO  State of current operation: PENDING
09:10:38 INFO  State of current operation: PENDING
09:10:41 INFO  State of current operation: PENDING
09:10:43 INFO  State of current operation: PENDING
09:10:45 INFO  State of current operation: PENDING
09:10:47 INFO  State of current operation: PENDING
09:10:50 INFO  State of current operation: PENDING
09:10:52 INFO  State of current operation: PENDING
09:10:54 INFO  State of current operation: PENDING
09:10:56 INFO  State of current operation: PENDING
09:10:59 INFO  State of current operation: PENDING
09:11:01 INFO  State of current operation: PENDING
09:11:03 INFO  State of current operation: PENDING
09:11:05 INFO  State of current operation: PENDING
09:11:07 INFO  State of current operation: PENDING
09:11:10 INFO  State of current operation: PENDING
09:11:12 INFO  State of current operation: PENDING
09:11:14 INFO  State of current operation: PENDING
09:11:16 INFO  State of current operation: PENDING
09:11:19 INFO  State of current operation: PENDING
09:11:21 INFO  State of current operation: PENDING
09:11:23 INFO  State of current operation: PENDING
09:11:25 INFO  State of current operation: PENDING
09:11:27 WARN  SystemError occurred while running test - Timeout while waiting for status FAILED or SUCCESSFUL
Traceback (most recent call last):
  File &quot;/home/pi/env-pysys/lib/python3.7/site-packages/pysys/baserunner.py&quot;, line 1292, in __call__
    self.testObj.setup()
  File &quot;/home/pi/actions-runner/_work/thin-edge.io/thin-edge.io/tests/PySys/software_management_end_to_end/sm_apt_install_remove_default/run.py&quot;, line 26, in setup
    super().setup()
  File &quot;/home/pi/actions-runner/_work/thin-edge.io/thin-edge.io/tests/PySys/software_management_end_to_end/environment_sm_management.py&quot;, line 151, in setup
    self.wait_until_end()
  File &quot;/home/pi/actions-runner/_work/thin-edge.io/thin-edge.io/tests/PySys/software_management_end_to_end/environment_sm_management.py&quot;, line 332, in wait_until_end
    self.wait_until_status(&quot;FAILED&quot;, &quot;SUCCESSFUL&quot;)
  File &quot;/home/pi/actions-runner/_work/thin-edge.io/thin-edge.io/tests/PySys/software_management_end_to_end/environment_sm_management.py&quot;, line 381, in wait_until_status
    &quot;Timeout while waiting for status %s or %s&quot; % (status, status2)
SystemError: Timeout while waiting for status FAILED or SUCCESSFUL
09:11:27 WARN  SystemError: Timeout while waiting for status FAILED or SUCCESSFUL ... blocked 
09:11:27 INFO  
09:11:27 INFO  cleanup:
09:11:31 INFO  Executed sudo&lt;tedge_disconnect_c8y&gt;, exit status 0
09:11:32 INFO  Executed systemctl&lt;serv_mapper5&gt;, exit status 3
09:11:32 INFO  
09:11:32 INFO  Test duration: 166.64 secs
09:11:32 INFO  Test final outcome:  BLOCKED
09:11:32 INFO  Test outcome reason: SystemError: Timeout while waiting for status FAILED or SUCCESSFUL
09:11:32 INFO  
</system-out>
	</testcase>
</testsuite>
