<?xml version="1.0" encoding="utf-8"?>
<testsuite failures="0" name="apt_remove" skipped="0" tests="1" time="66.81" timestamp="2022-07-13T12:01:08">
	<testcase classname="AptPluginRemoveDense" name="apt_remove"/>
</testsuite>
