<?xml version="1.0" encoding="utf-8"?>
<testsuite failures="1" name="SoftwareManagement.sm_apt_install_remove_multiple" skipped="0" tests="1" time="164.9" timestamp="2022-05-23T09:14:17">
	<testcase classname="PySysTest" name="SoftwareManagement.sm_apt_install_remove_multiple">
		<failure message="BLOCKED: SystemError: Timeout while waiting for status FAILED or SUCCESSFUL" type="BLOCKED"/>
		<system-out>09:11:32 INFO  ==============================================================
09:11:32 INFO  Id:    SoftwareManagement.sm_apt_install_remove_multiple
09:11:32 INFO  Dir:   software_management_end_to_end/
09:11:32 INFO  Title: Validate end to end behaviour for the apt plugin for multiple packages
09:11:32 INFO  ==============================================================
09:11:32 INFO  Using sw id database: {'asciijump': '5475369', 'robotfindskitten': '5474869', 'squirrel3': '5475279', 'rolldice': '5152439', 'moon-buggy': '5439204', 'apple': '5495053', 'banana': '5494888', 'cherry': '5495382', 'watermelon': '5494510', 'registry': '8018911', 'hello-world': '8021526', 'docker/getting-started': '8021973', 'alpine': '7991792'}
09:11:32 INFO  EnvironmentC8y Setup
09:11:33 INFO  Executed systemctl&lt;serv_mapper1&gt;, exit status 3
09:11:33 INFO  Restarting mosquitto too frequently in the last 10 seconds. It was only up for 5 seconds
09:11:33 INFO  Delaying execution by 6 seconds
09:11:53 INFO  Executed sudo&lt;tedge_connect_c8y&gt;, exit status 0, duration 13 secs
09:11:53 INFO  Executed sudo&lt;tedge_connect_c8y_test&gt;, exit status 0
09:11:54 INFO  Executed systemctl&lt;serv_mosq2&gt;, exit status 0
09:11:54 INFO  Executed systemctl&lt;serv_mapper3&gt;, exit status 0
09:11:56 INFO  State of current operation: PENDING
09:11:59 INFO  State of current operation: PENDING
09:12:01 INFO  State of current operation: PENDING
09:12:03 INFO  State of current operation: PENDING
09:12:05 INFO  State of current operation: PENDING
09:12:08 INFO  State of current operation: PENDING
09:12:10 INFO  State of current operation: PENDING
09:12:12 INFO  State of current operation: PENDING
09:12:14 INFO  State of current operation: PENDING
09:12:16 INFO  State of current operation: PENDING
09:12:19 INFO  State of current operation: PENDING
09:12:21 INFO  State of current operation: PENDING
09:12:23 INFO  State of current operation: PENDING
09:12:25 INFO  State of current operation: PENDING
09:12:28 INFO  State of current operation: PENDING
09:12:30 INFO  State of current operation: PENDING
09:12:32 INFO  State of current operation: PENDING
09:12:34 INFO  State of current operation: PENDING
09:12:37 INFO  State of current operation: PENDING
09:12:39 INFO  State of current operation: PENDING
09:12:41 INFO  State of current operation: PENDING
09:12:43 INFO  State of current operation: PENDING
09:12:45 INFO  State of current operation: PENDING
09:12:48 INFO  State of current operation: PENDING
09:12:50 INFO  State of current operation: PENDING
09:12:52 INFO  State of current operation: PENDING
09:12:54 INFO  State of current operation: PENDING
09:12:57 INFO  State of current operation: PENDING
09:12:59 INFO  State of current operation: PENDING
09:13:01 INFO  State of current operation: PENDING
09:13:03 INFO  State of current operation: PENDING
09:13:06 INFO  State of current operation: PENDING
09:13:08 INFO  State of current operation: PENDING
09:13:10 INFO  State of current operation: PENDING
09:13:12 INFO  State of current operation: PENDING
09:13:14 INFO  State of current operation: PENDING
09:13:17 INFO  State of current operation: PENDING
09:13:19 INFO  State of current operation: PENDING
09:13:21 INFO  State of current operation: PENDING
09:13:23 INFO  State of current operation: PENDING
09:13:26 INFO  State of current operation: PENDING
09:13:28 INFO  State of current operation: PENDING
09:13:30 INFO  State of current operation: PENDING
09:13:32 INFO  State of current operation: PENDING
09:13:35 INFO  State of current operation: PENDING
09:13:37 INFO  State of current operation: PENDING
09:13:39 INFO  State of current operation: PENDING
09:13:41 INFO  State of current operation: PENDING
09:13:44 INFO  State of current operation: PENDING
09:13:46 INFO  State of current operation: PENDING
09:13:48 INFO  State of current operation: PENDING
09:13:50 INFO  State of current operation: PENDING
09:13:52 INFO  State of current operation: PENDING
09:13:55 INFO  State of current operation: PENDING
09:13:57 INFO  State of current operation: PENDING
09:13:59 INFO  State of current operation: PENDING
09:14:01 INFO  State of current operation: PENDING
09:14:04 INFO  State of current operation: PENDING
09:14:06 INFO  State of current operation: PENDING
09:14:08 INFO  State of current operation: PENDING
09:14:10 INFO  State of current operation: PENDING
09:14:12 WARN  SystemError occurred while running test - Timeout while waiting for status FAILED or SUCCESSFUL
Traceback (most recent call last):
  File &quot;/home/pi/env-pysys/lib/python3.7/site-packages/pysys/baserunner.py&quot;, line 1292, in __call__
    self.testObj.setup()
  File &quot;/home/pi/actions-runner/_work/thin-edge.io/thin-edge.io/tests/PySys/software_management_end_to_end/sm_apt_install_remove_multiple/run.py&quot;, line 52, in setup
    super().setup()
  File &quot;/home/pi/actions-runner/_work/thin-edge.io/thin-edge.io/tests/PySys/software_management_end_to_end/environment_sm_management.py&quot;, line 151, in setup
    self.wait_until_end()
  File &quot;/home/pi/actions-runner/_work/thin-edge.io/thin-edge.io/tests/PySys/software_management_end_to_end/environment_sm_management.py&quot;, line 332, in wait_until_end
    self.wait_until_status(&quot;FAILED&quot;, &quot;SUCCESSFUL&quot;)
  File &quot;/home/pi/actions-runner/_work/thin-edge.io/thin-edge.io/tests/PySys/software_management_end_to_end/environment_sm_management.py&quot;, line 381, in wait_until_status
    &quot;Timeout while waiting for status %s or %s&quot; % (status, status2)
SystemError: Timeout while waiting for status FAILED or SUCCESSFUL
09:14:12 WARN  SystemError: Timeout while waiting for status FAILED or SUCCESSFUL ... blocked 
09:14:12 INFO  
09:14:12 INFO  cleanup:
09:14:16 INFO  Executed sudo&lt;tedge_disconnect_c8y&gt;, exit status 0
09:14:17 INFO  Executed systemctl&lt;serv_mapper5&gt;, exit status 3
09:14:17 INFO  
09:14:17 INFO  Test duration: 164.90 secs
09:14:17 INFO  Test final outcome:  BLOCKED
09:14:17 INFO  Test outcome reason: SystemError: Timeout while waiting for status FAILED or SUCCESSFUL
09:14:17 INFO  
</system-out>
	</testcase>
</testsuite>
