<?xml version="1.0" encoding="utf-8"?>
<testsuite failures="0" name="apt_remove" skipped="0" tests="1" time="66.1" timestamp="2022-05-25T13:06:53">
	<testcase classname="AptPluginRemoveDense" name="apt_remove"/>
</testsuite>
