<?xml version="1.0" encoding="utf-8"?>
<testsuite failures="1" name="SoftwareManagement.sm_apt_install_remove_multiple" skipped="0" tests="1" time="184.34" timestamp="2022-07-20T13:37:30">
	<testcase classname="PySysTest" name="SoftwareManagement.sm_apt_install_remove_multiple">
		<failure message="FAILED: Assert that (False == value) with value=True" type="FAILED"/>
		<system-out>13:34:25 INFO  ==============================================================
13:34:25 INFO  Id:    SoftwareManagement.sm_apt_install_remove_multiple
13:34:25 INFO  Dir:   software_management_end_to_end/
13:34:25 INFO  Title: Validate end to end behaviour for the apt plugin for multiple packages
13:34:25 INFO  ==============================================================
13:34:25 INFO  Using sw id database: {'asciijump': '5475369', 'robotfindskitten': '5474869', 'squirrel3': '5475279', 'rolldice': '5152439', 'moon-buggy': '5439204', 'apple': '5495053', 'banana': '5494888', 'cherry': '5495382', 'watermelon': '5494510', 'registry': '8018911', 'hello-world': '8021526', 'docker/getting-started': '8021973', 'alpine': '7991792'}
13:34:25 INFO  EnvironmentC8y Setup
13:34:26 INFO  Executed systemctl&lt;serv_mapper1&gt;, exit status 3
13:34:26 INFO  Restarting mosquitto too frequently in the last 10 seconds. It was only up for 5 seconds
13:34:26 INFO  Delaying execution by 6 seconds
13:34:46 INFO  Executed sudo&lt;tedge_connect_c8y&gt;, exit status 0, duration 13 secs
13:34:46 INFO  Executed sudo&lt;tedge_connect_c8y_test&gt;, exit status 0
13:34:47 INFO  Executed systemctl&lt;serv_mosq2&gt;, exit status 0
13:34:47 INFO  Executed systemctl&lt;serv_mapper3&gt;, exit status 0
13:34:49 INFO  State of current operation: SUCCESSFUL
13:34:50 INFO  Assert that (False == value) with value=False ... passed
13:34:50 INFO  Assert that (False == value) with value=False ... passed
13:34:50 INFO  Assert that (False == value) with value=False ... passed
13:34:50 INFO  Package robotfindskitten is installed
13:34:50 WARN  Assert that (False == value) with value=True ... failed 
13:34:51 INFO  Response status: 201
13:34:51 INFO  Response to action: {
    &quot;creationTime&quot;: &quot;2022-07-20T13:34:51.065Z&quot;,
    &quot;deviceId&quot;: &quot;21081466&quot;,
    &quot;deviceName&quot;: &quot;m32sd10c&quot;,
    &quot;self&quot;: &quot;https://t493319102.eu-latest.cumulocity.com/devicecontrol/operations/21093570&quot;,
    &quot;id&quot;: &quot;21093570&quot;,
    &quot;status&quot;: &quot;PENDING&quot;,
    &quot;description&quot;: &quot;Apply software changes, triggered from PySys: [{'action': 'install', 'id': '5475369', 'name': 'asciijump', 'url': ' ', 'version': '::apt'}, {'action': 'install', 'id': '5474869', 'name': 'robotfindskitten', 'url': ' ', 'version': '::apt'}, {'action': 'install', 'id': '5475279', 'name': 'squirrel3', 'url': ' ', 'version': '::apt'}]&quot;,
    &quot;c8y_SoftwareUpdate&quot;: [
        {
            &quot;name&quot;: &quot;asciijump&quot;,
            &quot;action&quot;: &quot;install&quot;,
            &quot;id&quot;: &quot;5475369&quot;,
            &quot;version&quot;: &quot;::apt&quot;,
            &quot;url&quot;: &quot; &quot;
        },
        {
            &quot;name&quot;: &quot;robotfindskitten&quot;,
            &quot;action&quot;: &quot;install&quot;,
            &quot;id&quot;: &quot;5474869&quot;,
            &quot;version&quot;: &quot;::apt&quot;,
            &quot;url&quot;: &quot; &quot;
        },
        {
            &quot;name&quot;: &quot;squirrel3&quot;,
            &quot;action&quot;: &quot;install&quot;,
            &quot;id&quot;: &quot;5475279&quot;,
            &quot;version&quot;: &quot;::apt&quot;,
            &quot;url&quot;: &quot; &quot;
        }
    ]
}
13:34:51 INFO  Started operation: {'creationTime': '2022-07-20T13:34:51.065Z', 'deviceId': '21081466', 'deviceName': 'm32sd10c', 'self': 'https://t493319102.eu-latest.cumulocity.com/devicecontrol/operations/21093570', 'id': '21093570', 'status': 'PENDING', 'description': &quot;Apply software changes, triggered from PySys: [{'action': 'install', 'id': '5475369', 'name': 'asciijump', 'url': ' ', 'version': '::apt'}, {'action': 'install', 'id': '5474869', 'name': 'robotfindskitten', 'url': ' ', 'version': '::apt'}, {'action': 'install', 'id': '5475279', 'name': 'squirrel3', 'url': ' ', 'version': '::apt'}]&quot;, 'c8y_SoftwareUpdate': [{'name': 'asciijump', 'action': 'install', 'id': '5475369', 'version': '::apt', 'url': ' '}, {'name': 'robotfindskitten', 'action': 'install', 'id': '5474869', 'version': '::apt', 'url': ' '}, {'name': 'squirrel3', 'action': 'install', 'id': '5475279', 'version': '::apt', 'url': ' '}]}
13:34:53 INFO  State of operation 21093570 : PENDING
13:34:55 INFO  State of operation 21093570 : EXECUTING
13:34:57 INFO  State of operation 21093570 : EXECUTING
13:35:00 INFO  State of operation 21093570 : EXECUTING
13:35:02 INFO  State of operation 21093570 : EXECUTING
13:35:04 INFO  State of operation 21093570 : EXECUTING
13:35:07 INFO  State of operation 21093570 : EXECUTING
13:35:09 INFO  State of operation 21093570 : EXECUTING
13:35:13 INFO  State of operation 21093570 : EXECUTING
13:35:15 INFO  State of operation 21093570 : EXECUTING
13:35:17 INFO  State of operation 21093570 : EXECUTING
13:35:20 INFO  State of operation 21093570 : EXECUTING
13:35:22 INFO  State of operation 21093570 : EXECUTING
13:35:24 INFO  State of operation 21093570 : EXECUTING
13:35:26 INFO  State of operation 21093570 : EXECUTING
13:35:29 INFO  State of operation 21093570 : EXECUTING
13:35:31 INFO  State of operation 21093570 : EXECUTING
13:35:34 INFO  State of operation 21093570 : EXECUTING
13:35:36 INFO  State of operation 21093570 : EXECUTING
13:35:38 INFO  State of operation 21093570 : EXECUTING
13:35:41 INFO  State of operation 21093570 : EXECUTING
13:35:43 INFO  State of operation 21093570 : EXECUTING
13:35:45 INFO  State of operation 21093570 : EXECUTING
13:35:48 INFO  State of operation 21093570 : EXECUTING
13:35:50 INFO  State of operation 21093570 : EXECUTING
13:35:53 INFO  State of operation 21093570 : EXECUTING
13:35:55 INFO  State of operation 21093570 : EXECUTING
13:35:58 INFO  State of operation 21093570 : EXECUTING
13:36:00 INFO  State of operation 21093570 : EXECUTING
13:36:02 INFO  State of operation 21093570 : EXECUTING
13:36:05 INFO  State of operation 21093570 : EXECUTING
13:36:07 INFO  State of operation 21093570 : EXECUTING
13:36:09 INFO  State of operation 21093570 : EXECUTING
13:36:11 INFO  State of operation 21093570 : EXECUTING
13:36:14 INFO  State of operation 21093570 : SUCCESSFUL
13:36:14 INFO  Assert that (False == value) with value=False ... passed
13:36:14 INFO  Package asciijump is installed
13:36:14 INFO  Assert that (True == value) with value=True ... passed
13:36:14 INFO  Package squirrel3 is installed
13:36:14 INFO  Assert that (True == value) with value=True ... passed
13:36:15 INFO  Package robotfindskitten is installed
13:36:15 INFO  Assert that (True == value) with value=True ... passed
13:36:15 INFO  Response status: 201
13:36:15 INFO  Response to action: {
    &quot;creationTime&quot;: &quot;2022-07-20T13:36:15.258Z&quot;,
    &quot;deviceId&quot;: &quot;21081466&quot;,
    &quot;deviceName&quot;: &quot;m32sd10c&quot;,
    &quot;self&quot;: &quot;https://t493319102.eu-latest.cumulocity.com/devicecontrol/operations/21093578&quot;,
    &quot;id&quot;: &quot;21093578&quot;,
    &quot;status&quot;: &quot;PENDING&quot;,
    &quot;description&quot;: &quot;Apply software changes, triggered from PySys: [{'action': 'delete', 'id': '5475369', 'name': 'asciijump', 'url': ' ', 'version': '::apt'}, {'action': 'delete', 'id': '5474869', 'name': 'robotfindskitten', 'url': ' ', 'version': '::apt'}, {'action': 'delete', 'id': '5475279', 'name': 'squirrel3', 'url': ' ', 'version': '::apt'}]&quot;,
    &quot;c8y_SoftwareUpdate&quot;: [
        {
            &quot;name&quot;: &quot;asciijump&quot;,
            &quot;action&quot;: &quot;delete&quot;,
            &quot;id&quot;: &quot;5475369&quot;,
            &quot;version&quot;: &quot;::apt&quot;,
            &quot;url&quot;: &quot; &quot;
        },
        {
            &quot;name&quot;: &quot;robotfindskitten&quot;,
            &quot;action&quot;: &quot;delete&quot;,
            &quot;id&quot;: &quot;5474869&quot;,
            &quot;version&quot;: &quot;::apt&quot;,
            &quot;url&quot;: &quot; &quot;
        },
        {
            &quot;name&quot;: &quot;squirrel3&quot;,
            &quot;action&quot;: &quot;delete&quot;,
            &quot;id&quot;: &quot;5475279&quot;,
            &quot;version&quot;: &quot;::apt&quot;,
            &quot;url&quot;: &quot; &quot;
        }
    ]
}
13:36:15 INFO  Started operation: {'creationTime': '2022-07-20T13:36:15.258Z', 'deviceId': '21081466', 'deviceName': 'm32sd10c', 'self': 'https://t493319102.eu-latest.cumulocity.com/devicecontrol/operations/21093578', 'id': '21093578', 'status': 'PENDING', 'description': &quot;Apply software changes, triggered from PySys: [{'action': 'delete', 'id': '5475369', 'name': 'asciijump', 'url': ' ', 'version': '::apt'}, {'action': 'delete', 'id': '5474869', 'name': 'robotfindskitten', 'url': ' ', 'version': '::apt'}, {'action': 'delete', 'id': '5475279', 'name': 'squirrel3', 'url': ' ', 'version': '::apt'}]&quot;, 'c8y_SoftwareUpdate': [{'name': 'asciijump', 'action': 'delete', 'id': '5475369', 'version': '::apt', 'url': ' '}, {'name': 'robotfindskitten', 'action': 'delete', 'id': '5474869', 'version': '::apt', 'url': ' '}, {'name': 'squirrel3', 'action': 'delete', 'id': '5475279', 'version': '::apt', 'url': ' '}]}
13:36:17 INFO  State of operation 21093578 : PENDING
13:36:19 INFO  State of operation 21093578 : EXECUTING
13:36:22 INFO  State of operation 21093578 : EXECUTING
13:36:24 INFO  State of operation 21093578 : EXECUTING
13:36:26 INFO  State of operation 21093578 : EXECUTING
13:36:28 INFO  State of operation 21093578 : EXECUTING
13:36:31 INFO  State of operation 21093578 : EXECUTING
13:36:34 INFO  State of operation 21093578 : EXECUTING
13:36:37 INFO  State of operation 21093578 : EXECUTING
13:36:39 INFO  State of operation 21093578 : EXECUTING
13:36:41 INFO  State of operation 21093578 : EXECUTING
13:36:43 INFO  State of operation 21093578 : EXECUTING
13:36:46 INFO  State of operation 21093578 : EXECUTING
13:36:48 INFO  State of operation 21093578 : EXECUTING
13:36:50 INFO  State of operation 21093578 : EXECUTING
13:36:52 INFO  State of operation 21093578 : EXECUTING
13:36:55 INFO  State of operation 21093578 : EXECUTING
13:36:57 INFO  State of operation 21093578 : EXECUTING
13:37:00 INFO  State of operation 21093578 : EXECUTING
13:37:02 INFO  State of operation 21093578 : EXECUTING
13:37:04 INFO  State of operation 21093578 : EXECUTING
13:37:07 INFO  State of operation 21093578 : EXECUTING
13:37:09 INFO  State of operation 21093578 : EXECUTING
13:37:11 INFO  State of operation 21093578 : EXECUTING
13:37:14 INFO  State of operation 21093578 : EXECUTING
13:37:16 INFO  State of operation 21093578 : EXECUTING
13:37:19 INFO  State of operation 21093578 : EXECUTING
13:37:21 INFO  State of operation 21093578 : EXECUTING
13:37:23 INFO  State of operation 21093578 : SUCCESSFUL
13:37:24 INFO  Assert that (False == value) with value=False ... passed
13:37:24 INFO  Assert that (False == value) with value=False ... passed
13:37:24 INFO  Assert that (False == value) with value=False ... passed
13:37:24 INFO  Assert that (False == value) with value=False ... passed
13:37:24 INFO  
13:37:24 INFO  cleanup:
13:37:29 INFO  Executed sudo&lt;tedge_disconnect_c8y&gt;, exit status 0
13:37:29 INFO  Executed systemctl&lt;serv_mapper5&gt;, exit status 3
13:37:29 INFO  
13:37:29 INFO  Test duration: 184.34 secs
13:37:29 INFO  Test final outcome:  FAILED
13:37:29 INFO  Test outcome reason: Assert that (False == value) with value=True
13:37:30 INFO  
</system-out>
	</testcase>
</testsuite>
