<?xml version="1.0" encoding="utf-8"?>
<testsuite failures="1" name="SoftwareManagement.sm_apt_install_remove_multiple_mixed" skipped="0" tests="1" time="180.87" timestamp="2022-06-10T13:48:59">
	<testcase classname="PySysTest" name="SoftwareManagement.sm_apt_install_remove_multiple_mixed">
		<failure message="BLOCKED: SystemError: Timeout while waiting for status SUCCESSFUL or False" type="BLOCKED"/>
		<system-out>13:45:58 INFO  ==============================================================
13:45:58 INFO  Id:    SoftwareManagement.sm_apt_install_remove_multiple_mixed
13:45:58 INFO  Dir:   software_management_end_to_end/
13:45:58 INFO  Title: Validate end to end behaviour for the apt plugin for multiple packages with mixed versions
13:45:58 INFO  ==============================================================
13:45:58 INFO  Using sw id database: {'asciijump': '5475369', 'robotfindskitten': '5474869', 'squirrel3': '5475279', 'rolldice': '5152439', 'moon-buggy': '5439204', 'apple': '5495053', 'banana': '5494888', 'cherry': '5495382', 'watermelon': '5494510', 'registry': '8018911', 'hello-world': '8021526', 'docker/getting-started': '8021973', 'alpine': '7991792'}
13:45:58 INFO  EnvironmentC8y Setup
13:45:58 INFO  Executed systemctl&lt;serv_mapper1&gt;, exit status 3
13:45:59 INFO  Restarting mosquitto too frequently in the last 10 seconds. It was only up for 4 seconds
13:45:59 INFO  Delaying execution by 7 seconds
13:46:19 INFO  Executed sudo&lt;tedge_connect_c8y&gt;, exit status 0, duration 13 secs
13:46:20 INFO  Executed sudo&lt;tedge_connect_c8y_test&gt;, exit status 0
13:46:21 INFO  Executed systemctl&lt;serv_mosq2&gt;, exit status 0
13:46:21 INFO  Executed systemctl&lt;serv_mapper3&gt;, exit status 0
13:46:23 INFO  State of current operation: SUCCESSFUL
13:46:24 INFO  Assert that (False == value) with value=False ... passed
13:46:24 INFO  Assert that (False == value) with value=False ... passed
13:46:24 INFO  Assert that (False == value) with value=False ... passed
13:46:24 INFO  Assert that (False == value) with value=False ... passed
13:46:25 INFO  Assert that (False == value) with value=False ... passed
13:46:26 INFO  Response status: 201
13:46:26 INFO  Response to action: {
    &quot;creationTime&quot;: &quot;2022-06-10T13:46:26.239Z&quot;,
    &quot;deviceId&quot;: &quot;20122281&quot;,
    &quot;deviceName&quot;: &quot;m32sd10c&quot;,
    &quot;self&quot;: &quot;https://t493319102.eu-latest.cumulocity.com/devicecontrol/operations/20136392&quot;,
    &quot;id&quot;: &quot;20136392&quot;,
    &quot;status&quot;: &quot;PENDING&quot;,
    &quot;description&quot;: &quot;Apply software changes, triggered from PySys: [{'action': 'install', 'id': '5475369', 'name': 'asciijump', 'url': ' ', 'version': '::apt'}, {'action': 'install', 'id': '5474869', 'name': 'robotfindskitten', 'url': ' ', 'version': ' '}, {'action': 'install', 'id': '5475279', 'name': 'squirrel3', 'url': ' ', 'version': '3.1-7::apt'}, {'action': 'install', 'id': '5152439', 'name': 'rolldice', 'url': ' ', 'version': '1.16-1+b1'}, {'action': 'install', 'id': '5439204', 'name': 'moon-buggy', 'url': ' ', 'version': '1:1.0.51-12'}, {'action': 'install', 'id': '5475369', 'name': 'asciijump', 'url': ' ', 'version': '::apt'}]&quot;,
    &quot;c8y_SoftwareUpdate&quot;: [
        {
            &quot;name&quot;: &quot;asciijump&quot;,
            &quot;action&quot;: &quot;install&quot;,
            &quot;id&quot;: &quot;5475369&quot;,
            &quot;version&quot;: &quot;::apt&quot;,
            &quot;url&quot;: &quot; &quot;
        },
        {
            &quot;name&quot;: &quot;robotfindskitten&quot;,
            &quot;action&quot;: &quot;install&quot;,
            &quot;id&quot;: &quot;5474869&quot;,
            &quot;version&quot;: &quot; &quot;,
            &quot;url&quot;: &quot; &quot;
        },
        {
            &quot;name&quot;: &quot;squirrel3&quot;,
            &quot;action&quot;: &quot;install&quot;,
            &quot;id&quot;: &quot;5475279&quot;,
            &quot;version&quot;: &quot;3.1-7::apt&quot;,
            &quot;url&quot;: &quot; &quot;
        },
        {
            &quot;name&quot;: &quot;rolldice&quot;,
            &quot;action&quot;: &quot;install&quot;,
            &quot;id&quot;: &quot;5152439&quot;,
            &quot;version&quot;: &quot;1.16-1+b1&quot;,
            &quot;url&quot;: &quot; &quot;
        },
        {
            &quot;name&quot;: &quot;moon-buggy&quot;,
            &quot;action&quot;: &quot;install&quot;,
            &quot;id&quot;: &quot;5439204&quot;,
            &quot;version&quot;: &quot;1:1.0.51-12&quot;,
            &quot;url&quot;: &quot; &quot;
        },
        {
            &quot;name&quot;: &quot;asciijump&quot;,
            &quot;action&quot;: &quot;install&quot;,
            &quot;id&quot;: &quot;5475369&quot;,
            &quot;version&quot;: &quot;::apt&quot;,
            &quot;url&quot;: &quot; &quot;
        }
    ]
}
13:46:26 INFO  Started operation: {'creationTime': '2022-06-10T13:46:26.239Z', 'deviceId': '20122281', 'deviceName': 'm32sd10c', 'self': 'https://t493319102.eu-latest.cumulocity.com/devicecontrol/operations/20136392', 'id': '20136392', 'status': 'PENDING', 'description': &quot;Apply software changes, triggered from PySys: [{'action': 'install', 'id': '5475369', 'name': 'asciijump', 'url': ' ', 'version': '::apt'}, {'action': 'install', 'id': '5474869', 'name': 'robotfindskitten', 'url': ' ', 'version': ' '}, {'action': 'install', 'id': '5475279', 'name': 'squirrel3', 'url': ' ', 'version': '3.1-7::apt'}, {'action': 'install', 'id': '5152439', 'name': 'rolldice', 'url': ' ', 'version': '1.16-1+b1'}, {'action': 'install', 'id': '5439204', 'name': 'moon-buggy', 'url': ' ', 'version': '1:1.0.51-12'}, {'action': 'install', 'id': '5475369', 'name': 'asciijump', 'url': ' ', 'version': '::apt'}]&quot;, 'c8y_SoftwareUpdate': [{'name': 'asciijump', 'action': 'install', 'id': '5475369', 'version': '::apt', 'url': ' '}, {'name': 'robotfindskitten', 'action': 'install', 'id': '5474869', 'version': ' ', 'url': ' '}, {'name': 'squirrel3', 'action': 'install', 'id': '5475279', 'version': '3.1-7::apt', 'url': ' '}, {'name': 'rolldice', 'action': 'install', 'id': '5152439', 'version': '1.16-1+b1', 'url': ' '}, {'name': 'moon-buggy', 'action': 'install', 'id': '5439204', 'version': '1:1.0.51-12', 'url': ' '}, {'name': 'asciijump', 'action': 'install', 'id': '5475369', 'version': '::apt', 'url': ' '}]}
13:46:28 INFO  State of operation 20136392 : PENDING
13:46:30 INFO  State of operation 20136392 : EXECUTING
13:46:32 INFO  State of operation 20136392 : EXECUTING
13:46:35 INFO  State of operation 20136392 : EXECUTING
13:46:37 INFO  State of operation 20136392 : EXECUTING
13:46:39 INFO  State of operation 20136392 : EXECUTING
13:46:42 INFO  State of operation 20136392 : EXECUTING
13:46:45 INFO  State of operation 20136392 : EXECUTING
13:46:47 INFO  State of operation 20136392 : EXECUTING
13:46:49 INFO  State of operation 20136392 : EXECUTING
13:46:52 INFO  State of operation 20136392 : EXECUTING
13:46:54 INFO  State of operation 20136392 : EXECUTING
13:46:56 INFO  State of operation 20136392 : EXECUTING
13:46:58 INFO  State of operation 20136392 : EXECUTING
13:47:00 INFO  State of operation 20136392 : EXECUTING
13:47:03 INFO  State of operation 20136392 : EXECUTING
13:47:05 INFO  State of operation 20136392 : EXECUTING
13:47:08 INFO  State of operation 20136392 : EXECUTING
13:47:10 INFO  State of operation 20136392 : EXECUTING
13:47:12 INFO  State of operation 20136392 : EXECUTING
13:47:15 INFO  State of operation 20136392 : EXECUTING
13:47:17 INFO  State of operation 20136392 : EXECUTING
13:47:20 INFO  State of operation 20136392 : EXECUTING
13:47:22 INFO  State of operation 20136392 : EXECUTING
13:47:25 INFO  State of operation 20136392 : EXECUTING
13:47:27 INFO  State of operation 20136392 : EXECUTING
13:47:30 INFO  State of operation 20136392 : EXECUTING
13:47:32 INFO  State of operation 20136392 : EXECUTING
13:47:35 INFO  State of operation 20136392 : EXECUTING
13:47:37 INFO  State of operation 20136392 : EXECUTING
13:47:39 INFO  State of operation 20136392 : EXECUTING
13:47:41 INFO  State of operation 20136392 : EXECUTING
13:47:44 INFO  State of operation 20136392 : EXECUTING
13:47:46 INFO  State of operation 20136392 : EXECUTING
13:47:48 INFO  State of operation 20136392 : EXECUTING
13:47:50 INFO  State of operation 20136392 : EXECUTING
13:47:53 INFO  State of operation 20136392 : EXECUTING
13:47:55 INFO  State of operation 20136392 : EXECUTING
13:47:58 INFO  State of operation 20136392 : EXECUTING
13:48:01 INFO  State of operation 20136392 : EXECUTING
13:48:03 INFO  State of operation 20136392 : EXECUTING
13:48:05 INFO  State of operation 20136392 : EXECUTING
13:48:07 INFO  State of operation 20136392 : EXECUTING
13:48:10 INFO  State of operation 20136392 : EXECUTING
13:48:12 INFO  State of operation 20136392 : EXECUTING
13:48:14 INFO  State of operation 20136392 : EXECUTING
13:48:16 INFO  State of operation 20136392 : EXECUTING
13:48:19 INFO  State of operation 20136392 : EXECUTING
13:48:21 INFO  State of operation 20136392 : EXECUTING
13:48:24 INFO  State of operation 20136392 : EXECUTING
13:48:26 INFO  State of operation 20136392 : EXECUTING
13:48:28 INFO  State of operation 20136392 : EXECUTING
13:48:32 INFO  State of operation 20136392 : EXECUTING
13:48:34 INFO  State of operation 20136392 : EXECUTING
13:48:37 INFO  State of operation 20136392 : EXECUTING
13:48:39 INFO  State of operation 20136392 : EXECUTING
13:48:42 INFO  State of operation 20136392 : EXECUTING
13:48:44 INFO  State of operation 20136392 : EXECUTING
13:48:47 INFO  State of operation 20136392 : EXECUTING
13:48:49 INFO  State of operation 20136392 : EXECUTING
13:48:51 INFO  State of operation 20136392 : EXECUTING
13:48:53 WARN  SystemError occurred while running test - Timeout while waiting for status SUCCESSFUL or False
Traceback (most recent call last):
  File &quot;/home/pi/env-pysys/lib/python3.7/site-packages/pysys/baserunner.py&quot;, line 1294, in __call__
    self.testObj.execute()
  File &quot;/home/pi/actions-runner/_work/thin-edge.io/thin-edge.io/tests/PySys/software_management_end_to_end/sm_apt_install_remove_multiple_mixed/run.py&quot;, line 89, in execute
    self.wait_until_succcess()
  File &quot;/home/pi/actions-runner/_work/thin-edge.io/thin-edge.io/tests/PySys/software_management_end_to_end/environment_sm_management.py&quot;, line 324, in wait_until_succcess
    self.wait_until_status(&quot;SUCCESSFUL&quot;)
  File &quot;/home/pi/actions-runner/_work/thin-edge.io/thin-edge.io/tests/PySys/software_management_end_to_end/environment_sm_management.py&quot;, line 381, in wait_until_status
    &quot;Timeout while waiting for status %s or %s&quot; % (status, status2)
SystemError: Timeout while waiting for status SUCCESSFUL or False
13:48:53 WARN  SystemError: Timeout while waiting for status SUCCESSFUL or False ... blocked 
13:48:53 INFO  
13:48:53 INFO  cleanup:
13:48:58 INFO  Executed sudo&lt;tedge_disconnect_c8y&gt;, exit status 0
13:48:59 INFO  Executed systemctl&lt;serv_mapper5&gt;, exit status 3
13:48:59 INFO  
13:48:59 INFO  Test duration: 180.87 secs
13:48:59 INFO  Test final outcome:  BLOCKED
13:48:59 INFO  Test outcome reason: SystemError: Timeout while waiting for status SUCCESSFUL or False
13:48:59 INFO  
</system-out>
	</testcase>
</testsuite>
