<?xml version="1.0" encoding="utf-8"?>
<testsuite failures="1" name="SoftwareManagement.sm_apt_install_remove_multiple" skipped="0" tests="1" time="181.2" timestamp="2022-06-22T10:28:11">
	<testcase classname="PySysTest" name="SoftwareManagement.sm_apt_install_remove_multiple">
		<failure message="FAILED: Assert that (False == value) with value=True" type="FAILED"/>
		<system-out>10:25:10 INFO  ==============================================================
10:25:10 INFO  Id:    SoftwareManagement.sm_apt_install_remove_multiple
10:25:10 INFO  Dir:   software_management_end_to_end/
10:25:10 INFO  Title: Validate end to end behaviour for the apt plugin for multiple packages
10:25:10 INFO  ==============================================================
10:25:10 INFO  Using sw id database: {'asciijump': '5475369', 'robotfindskitten': '5474869', 'squirrel3': '5475279', 'rolldice': '5152439', 'moon-buggy': '5439204', 'apple': '5495053', 'banana': '5494888', 'cherry': '5495382', 'watermelon': '5494510', 'registry': '8018911', 'hello-world': '8021526', 'docker/getting-started': '8021973', 'alpine': '7991792'}
10:25:10 INFO  EnvironmentC8y Setup
10:25:11 INFO  Executed systemctl&lt;serv_mapper1&gt;, exit status 3
10:25:11 INFO  Restarting mosquitto too frequently in the last 10 seconds. It was only up for 4 seconds
10:25:11 INFO  Delaying execution by 7 seconds
10:25:32 INFO  Executed sudo&lt;tedge_connect_c8y&gt;, exit status 0, duration 13 secs
10:25:32 INFO  Executed sudo&lt;tedge_connect_c8y_test&gt;, exit status 0
10:25:33 INFO  Executed systemctl&lt;serv_mosq2&gt;, exit status 0
10:25:33 INFO  Executed systemctl&lt;serv_mapper3&gt;, exit status 0
10:25:35 INFO  State of current operation: SUCCESSFUL
10:25:36 INFO  Assert that (False == value) with value=False ... passed
10:25:36 INFO  Assert that (False == value) with value=False ... passed
10:25:36 INFO  Assert that (False == value) with value=False ... passed
10:25:36 INFO  Package robotfindskitten is installed
10:25:36 WARN  Assert that (False == value) with value=True ... failed 
10:25:37 INFO  Response status: 201
10:25:37 INFO  Response to action: {
    &quot;delivery&quot;: {
        &quot;log&quot;: [],
        &quot;time&quot;: &quot;2022-06-22T10:25:37.136Z&quot;,
        &quot;status&quot;: &quot;PENDING&quot;
    },
    &quot;creationTime&quot;: &quot;2022-06-22T10:25:37.118Z&quot;,
    &quot;deviceName&quot;: &quot;m32sd10c&quot;,
    &quot;deviceId&quot;: &quot;20363029&quot;,
    &quot;self&quot;: &quot;https://t493319102.eu-latest.cumulocity.com/devicecontrol/operations/20403401&quot;,
    &quot;id&quot;: &quot;20403401&quot;,
    &quot;status&quot;: &quot;PENDING&quot;,
    &quot;description&quot;: &quot;Apply software changes, triggered from PySys: [{'action': 'install', 'id': '5475369', 'name': 'asciijump', 'url': ' ', 'version': '::apt'}, {'action': 'install', 'id': '5474869', 'name': 'robotfindskitten', 'url': ' ', 'version': '::apt'}, {'action': 'install', 'id': '5475279', 'name': 'squirrel3', 'url': ' ', 'version': '::apt'}]&quot;,
    &quot;c8y_SoftwareUpdate&quot;: [
        {
            &quot;name&quot;: &quot;asciijump&quot;,
            &quot;action&quot;: &quot;install&quot;,
            &quot;id&quot;: &quot;5475369&quot;,
            &quot;version&quot;: &quot;::apt&quot;,
            &quot;url&quot;: &quot; &quot;
        },
        {
            &quot;name&quot;: &quot;robotfindskitten&quot;,
            &quot;action&quot;: &quot;install&quot;,
            &quot;id&quot;: &quot;5474869&quot;,
            &quot;version&quot;: &quot;::apt&quot;,
            &quot;url&quot;: &quot; &quot;
        },
        {
            &quot;name&quot;: &quot;squirrel3&quot;,
            &quot;action&quot;: &quot;install&quot;,
            &quot;id&quot;: &quot;5475279&quot;,
            &quot;version&quot;: &quot;::apt&quot;,
            &quot;url&quot;: &quot; &quot;
        }
    ]
}
10:25:37 INFO  Started operation: {'delivery': {'log': [], 'time': '2022-06-22T10:25:37.136Z', 'status': 'PENDING'}, 'creationTime': '2022-06-22T10:25:37.118Z', 'deviceName': 'm32sd10c', 'deviceId': '20363029', 'self': 'https://t493319102.eu-latest.cumulocity.com/devicecontrol/operations/20403401', 'id': '20403401', 'status': 'PENDING', 'description': &quot;Apply software changes, triggered from PySys: [{'action': 'install', 'id': '5475369', 'name': 'asciijump', 'url': ' ', 'version': '::apt'}, {'action': 'install', 'id': '5474869', 'name': 'robotfindskitten', 'url': ' ', 'version': '::apt'}, {'action': 'install', 'id': '5475279', 'name': 'squirrel3', 'url': ' ', 'version': '::apt'}]&quot;, 'c8y_SoftwareUpdate': [{'name': 'asciijump', 'action': 'install', 'id': '5475369', 'version': '::apt', 'url': ' '}, {'name': 'robotfindskitten', 'action': 'install', 'id': '5474869', 'version': '::apt', 'url': ' '}, {'name': 'squirrel3', 'action': 'install', 'id': '5475279', 'version': '::apt', 'url': ' '}]}
10:25:39 INFO  State of operation 20403401 : PENDING
10:25:41 INFO  State of operation 20403401 : EXECUTING
10:25:43 INFO  State of operation 20403401 : EXECUTING
10:25:46 INFO  State of operation 20403401 : EXECUTING
10:25:48 INFO  State of operation 20403401 : EXECUTING
10:25:50 INFO  State of operation 20403401 : EXECUTING
10:25:53 INFO  State of operation 20403401 : EXECUTING
10:25:56 INFO  State of operation 20403401 : EXECUTING
10:25:58 INFO  State of operation 20403401 : EXECUTING
10:26:00 INFO  State of operation 20403401 : EXECUTING
10:26:03 INFO  State of operation 20403401 : EXECUTING
10:26:05 INFO  State of operation 20403401 : EXECUTING
10:26:07 INFO  State of operation 20403401 : EXECUTING
10:26:09 INFO  State of operation 20403401 : EXECUTING
10:26:12 INFO  State of operation 20403401 : EXECUTING
10:26:14 INFO  State of operation 20403401 : EXECUTING
10:26:16 INFO  State of operation 20403401 : EXECUTING
10:26:19 INFO  State of operation 20403401 : EXECUTING
10:26:21 INFO  State of operation 20403401 : EXECUTING
10:26:23 INFO  State of operation 20403401 : EXECUTING
10:26:26 INFO  State of operation 20403401 : EXECUTING
10:26:28 INFO  State of operation 20403401 : EXECUTING
10:26:31 INFO  State of operation 20403401 : EXECUTING
10:26:33 INFO  State of operation 20403401 : EXECUTING
10:26:36 INFO  State of operation 20403401 : EXECUTING
10:26:38 INFO  State of operation 20403401 : EXECUTING
10:26:40 INFO  State of operation 20403401 : EXECUTING
10:26:42 INFO  State of operation 20403401 : EXECUTING
10:26:45 INFO  State of operation 20403401 : EXECUTING
10:26:47 INFO  State of operation 20403401 : EXECUTING
10:26:49 INFO  State of operation 20403401 : EXECUTING
10:26:52 INFO  State of operation 20403401 : EXECUTING
10:26:54 INFO  State of operation 20403401 : EXECUTING
10:26:56 INFO  State of operation 20403401 : EXECUTING
10:26:58 INFO  State of operation 20403401 : SUCCESSFUL
10:26:58 INFO  Assert that (False == value) with value=False ... passed
10:26:59 INFO  Package asciijump is installed
10:26:59 INFO  Assert that (True == value) with value=True ... passed
10:26:59 INFO  Package squirrel3 is installed
10:26:59 INFO  Assert that (True == value) with value=True ... passed
10:26:59 INFO  Package robotfindskitten is installed
10:26:59 INFO  Assert that (True == value) with value=True ... passed
10:26:59 INFO  Response status: 201
10:26:59 INFO  Response to action: {
    &quot;delivery&quot;: {
        &quot;log&quot;: [],
        &quot;time&quot;: &quot;2022-06-22T10:26:59.959Z&quot;,
        &quot;status&quot;: &quot;PENDING&quot;
    },
    &quot;creationTime&quot;: &quot;2022-06-22T10:26:59.939Z&quot;,
    &quot;deviceName&quot;: &quot;m32sd10c&quot;,
    &quot;deviceId&quot;: &quot;20363029&quot;,
    &quot;self&quot;: &quot;https://t493319102.eu-latest.cumulocity.com/devicecontrol/operations/20403413&quot;,
    &quot;id&quot;: &quot;20403413&quot;,
    &quot;status&quot;: &quot;PENDING&quot;,
    &quot;description&quot;: &quot;Apply software changes, triggered from PySys: [{'action': 'delete', 'id': '5475369', 'name': 'asciijump', 'url': ' ', 'version': '::apt'}, {'action': 'delete', 'id': '5474869', 'name': 'robotfindskitten', 'url': ' ', 'version': '::apt'}, {'action': 'delete', 'id': '5475279', 'name': 'squirrel3', 'url': ' ', 'version': '::apt'}]&quot;,
    &quot;c8y_SoftwareUpdate&quot;: [
        {
            &quot;name&quot;: &quot;asciijump&quot;,
            &quot;action&quot;: &quot;delete&quot;,
            &quot;id&quot;: &quot;5475369&quot;,
            &quot;version&quot;: &quot;::apt&quot;,
            &quot;url&quot;: &quot; &quot;
        },
        {
            &quot;name&quot;: &quot;robotfindskitten&quot;,
            &quot;action&quot;: &quot;delete&quot;,
            &quot;id&quot;: &quot;5474869&quot;,
            &quot;version&quot;: &quot;::apt&quot;,
            &quot;url&quot;: &quot; &quot;
        },
        {
            &quot;name&quot;: &quot;squirrel3&quot;,
            &quot;action&quot;: &quot;delete&quot;,
            &quot;id&quot;: &quot;5475279&quot;,
            &quot;version&quot;: &quot;::apt&quot;,
            &quot;url&quot;: &quot; &quot;
        }
    ]
}
10:26:59 INFO  Started operation: {'delivery': {'log': [], 'time': '2022-06-22T10:26:59.959Z', 'status': 'PENDING'}, 'creationTime': '2022-06-22T10:26:59.939Z', 'deviceName': 'm32sd10c', 'deviceId': '20363029', 'self': 'https://t493319102.eu-latest.cumulocity.com/devicecontrol/operations/20403413', 'id': '20403413', 'status': 'PENDING', 'description': &quot;Apply software changes, triggered from PySys: [{'action': 'delete', 'id': '5475369', 'name': 'asciijump', 'url': ' ', 'version': '::apt'}, {'action': 'delete', 'id': '5474869', 'name': 'robotfindskitten', 'url': ' ', 'version': '::apt'}, {'action': 'delete', 'id': '5475279', 'name': 'squirrel3', 'url': ' ', 'version': '::apt'}]&quot;, 'c8y_SoftwareUpdate': [{'name': 'asciijump', 'action': 'delete', 'id': '5475369', 'version': '::apt', 'url': ' '}, {'name': 'robotfindskitten', 'action': 'delete', 'id': '5474869', 'version': '::apt', 'url': ' '}, {'name': 'squirrel3', 'action': 'delete', 'id': '5475279', 'version': '::apt', 'url': ' '}]}
10:27:02 INFO  State of operation 20403413 : PENDING
10:27:04 INFO  State of operation 20403413 : EXECUTING
10:27:06 INFO  State of operation 20403413 : EXECUTING
10:27:08 INFO  State of operation 20403413 : EXECUTING
10:27:11 INFO  State of operation 20403413 : EXECUTING
10:27:13 INFO  State of operation 20403413 : EXECUTING
10:27:16 INFO  State of operation 20403413 : EXECUTING
10:27:18 INFO  State of operation 20403413 : EXECUTING
10:27:21 INFO  State of operation 20403413 : EXECUTING
10:27:23 INFO  State of operation 20403413 : EXECUTING
10:27:25 INFO  State of operation 20403413 : EXECUTING
10:27:28 INFO  State of operation 20403413 : EXECUTING
10:27:30 INFO  State of operation 20403413 : EXECUTING
10:27:33 INFO  State of operation 20403413 : EXECUTING
10:27:35 INFO  State of operation 20403413 : EXECUTING
10:27:37 INFO  State of operation 20403413 : EXECUTING
10:27:40 INFO  State of operation 20403413 : EXECUTING
10:27:42 INFO  State of operation 20403413 : EXECUTING
10:27:45 INFO  State of operation 20403413 : EXECUTING
10:27:47 INFO  State of operation 20403413 : EXECUTING
10:27:49 INFO  State of operation 20403413 : EXECUTING
10:27:51 INFO  State of operation 20403413 : EXECUTING
10:27:54 INFO  State of operation 20403413 : EXECUTING
10:27:56 INFO  State of operation 20403413 : EXECUTING
10:27:59 INFO  State of operation 20403413 : EXECUTING
10:28:01 INFO  State of operation 20403413 : EXECUTING
10:28:03 INFO  State of operation 20403413 : EXECUTING
10:28:06 INFO  State of operation 20403413 : SUCCESSFUL
10:28:06 INFO  Assert that (False == value) with value=False ... passed
10:28:06 INFO  Assert that (False == value) with value=False ... passed
10:28:06 INFO  Assert that (False == value) with value=False ... passed
10:28:07 INFO  Assert that (False == value) with value=False ... passed
10:28:07 INFO  
10:28:07 INFO  cleanup:
10:28:11 INFO  Executed sudo&lt;tedge_disconnect_c8y&gt;, exit status 0
10:28:11 INFO  Executed systemctl&lt;serv_mapper5&gt;, exit status 3
10:28:11 INFO  
10:28:11 INFO  Test duration: 181.20 secs
10:28:11 INFO  Test final outcome:  FAILED
10:28:11 INFO  Test outcome reason: Assert that (False == value) with value=True
10:28:11 INFO  
</system-out>
	</testcase>
</testsuite>
