<?xml version="1.0" encoding="utf-8"?>
<testsuite failures="1" name="SoftwareManagement.sm_apt_install_remove_multiple_mixed" skipped="0" tests="1" time="178.94" timestamp="2022-07-21T20:46:42">
	<testcase classname="PySysTest" name="SoftwareManagement.sm_apt_install_remove_multiple_mixed">
		<failure message="BLOCKED: SystemError: Timeout while waiting for status SUCCESSFUL or False" type="BLOCKED"/>
		<system-out>20:43:43 INFO  ==============================================================
20:43:43 INFO  Id:    SoftwareManagement.sm_apt_install_remove_multiple_mixed
20:43:43 INFO  Dir:   software_management_end_to_end/
20:43:43 INFO  Title: Validate end to end behaviour for the apt plugin for multiple packages with mixed versions
20:43:43 INFO  ==============================================================
20:43:43 INFO  Using sw id database: {'asciijump': '5475369', 'robotfindskitten': '5474869', 'squirrel3': '5475279', 'rolldice': '5152439', 'moon-buggy': '5439204', 'apple': '5495053', 'banana': '5494888', 'cherry': '5495382', 'watermelon': '5494510', 'registry': '8018911', 'hello-world': '8021526', 'docker/getting-started': '8021973', 'alpine': '7991792'}
20:43:43 INFO  EnvironmentC8y Setup
20:43:44 INFO  Executed systemctl&lt;serv_mapper1&gt;, exit status 3
20:43:44 INFO  Restarting mosquitto too frequently in the last 10 seconds. It was only up for 5 seconds
20:43:44 INFO  Delaying execution by 6 seconds
20:44:05 INFO  Executed sudo&lt;tedge_connect_c8y&gt;, exit status 0, duration 14 secs
20:44:05 INFO  Executed sudo&lt;tedge_connect_c8y_test&gt;, exit status 0
20:44:06 INFO  Executed systemctl&lt;serv_mosq2&gt;, exit status 0
20:44:06 INFO  Executed systemctl&lt;serv_mapper3&gt;, exit status 0
20:44:09 INFO  State of current operation: SUCCESSFUL
20:44:09 INFO  Assert that (False == value) with value=False ... passed
20:44:09 INFO  Assert that (False == value) with value=False ... passed
20:44:09 INFO  Assert that (False == value) with value=False ... passed
20:44:10 INFO  Assert that (False == value) with value=False ... passed
20:44:10 INFO  Assert that (False == value) with value=False ... passed
20:44:11 INFO  Response status: 201
20:44:11 INFO  Response to action: {
    &quot;creationTime&quot;: &quot;2022-07-21T20:44:11.497Z&quot;,
    &quot;deviceId&quot;: &quot;21167114&quot;,
    &quot;deviceName&quot;: &quot;m32sd10c&quot;,
    &quot;self&quot;: &quot;https://t493319102.eu-latest.cumulocity.com/devicecontrol/operations/21187806&quot;,
    &quot;id&quot;: &quot;21187806&quot;,
    &quot;status&quot;: &quot;PENDING&quot;,
    &quot;description&quot;: &quot;Apply software changes, triggered from PySys: [{'action': 'install', 'id': '5475369', 'name': 'asciijump', 'url': ' ', 'version': '::apt'}, {'action': 'install', 'id': '5474869', 'name': 'robotfindskitten', 'url': ' ', 'version': ' '}, {'action': 'install', 'id': '5475279', 'name': 'squirrel3', 'url': ' ', 'version': '3.1-7::apt'}, {'action': 'install', 'id': '5152439', 'name': 'rolldice', 'url': ' ', 'version': '1.16-1+b1'}, {'action': 'install', 'id': '5439204', 'name': 'moon-buggy', 'url': ' ', 'version': '1:1.0.51-12'}, {'action': 'install', 'id': '5475369', 'name': 'asciijump', 'url': ' ', 'version': '::apt'}]&quot;,
    &quot;c8y_SoftwareUpdate&quot;: [
        {
            &quot;name&quot;: &quot;asciijump&quot;,
            &quot;action&quot;: &quot;install&quot;,
            &quot;id&quot;: &quot;5475369&quot;,
            &quot;version&quot;: &quot;::apt&quot;,
            &quot;url&quot;: &quot; &quot;
        },
        {
            &quot;name&quot;: &quot;robotfindskitten&quot;,
            &quot;action&quot;: &quot;install&quot;,
            &quot;id&quot;: &quot;5474869&quot;,
            &quot;version&quot;: &quot; &quot;,
            &quot;url&quot;: &quot; &quot;
        },
        {
            &quot;name&quot;: &quot;squirrel3&quot;,
            &quot;action&quot;: &quot;install&quot;,
            &quot;id&quot;: &quot;5475279&quot;,
            &quot;version&quot;: &quot;3.1-7::apt&quot;,
            &quot;url&quot;: &quot; &quot;
        },
        {
            &quot;name&quot;: &quot;rolldice&quot;,
            &quot;action&quot;: &quot;install&quot;,
            &quot;id&quot;: &quot;5152439&quot;,
            &quot;version&quot;: &quot;1.16-1+b1&quot;,
            &quot;url&quot;: &quot; &quot;
        },
        {
            &quot;name&quot;: &quot;moon-buggy&quot;,
            &quot;action&quot;: &quot;install&quot;,
            &quot;id&quot;: &quot;5439204&quot;,
            &quot;version&quot;: &quot;1:1.0.51-12&quot;,
            &quot;url&quot;: &quot; &quot;
        },
        {
            &quot;name&quot;: &quot;asciijump&quot;,
            &quot;action&quot;: &quot;install&quot;,
            &quot;id&quot;: &quot;5475369&quot;,
            &quot;version&quot;: &quot;::apt&quot;,
            &quot;url&quot;: &quot; &quot;
        }
    ]
}
20:44:11 INFO  Started operation: {'creationTime': '2022-07-21T20:44:11.497Z', 'deviceId': '21167114', 'deviceName': 'm32sd10c', 'self': 'https://t493319102.eu-latest.cumulocity.com/devicecontrol/operations/21187806', 'id': '21187806', 'status': 'PENDING', 'description': &quot;Apply software changes, triggered from PySys: [{'action': 'install', 'id': '5475369', 'name': 'asciijump', 'url': ' ', 'version': '::apt'}, {'action': 'install', 'id': '5474869', 'name': 'robotfindskitten', 'url': ' ', 'version': ' '}, {'action': 'install', 'id': '5475279', 'name': 'squirrel3', 'url': ' ', 'version': '3.1-7::apt'}, {'action': 'install', 'id': '5152439', 'name': 'rolldice', 'url': ' ', 'version': '1.16-1+b1'}, {'action': 'install', 'id': '5439204', 'name': 'moon-buggy', 'url': ' ', 'version': '1:1.0.51-12'}, {'action': 'install', 'id': '5475369', 'name': 'asciijump', 'url': ' ', 'version': '::apt'}]&quot;, 'c8y_SoftwareUpdate': [{'name': 'asciijump', 'action': 'install', 'id': '5475369', 'version': '::apt', 'url': ' '}, {'name': 'robotfindskitten', 'action': 'install', 'id': '5474869', 'version': ' ', 'url': ' '}, {'name': 'squirrel3', 'action': 'install', 'id': '5475279', 'version': '3.1-7::apt', 'url': ' '}, {'name': 'rolldice', 'action': 'install', 'id': '5152439', 'version': '1.16-1+b1', 'url': ' '}, {'name': 'moon-buggy', 'action': 'install', 'id': '5439204', 'version': '1:1.0.51-12', 'url': ' '}, {'name': 'asciijump', 'action': 'install', 'id': '5475369', 'version': '::apt', 'url': ' '}]}
20:44:13 INFO  State of operation 21187806 : PENDING
20:44:15 INFO  State of operation 21187806 : EXECUTING
20:44:18 INFO  State of operation 21187806 : EXECUTING
20:44:20 INFO  State of operation 21187806 : EXECUTING
20:44:22 INFO  State of operation 21187806 : EXECUTING
20:44:24 INFO  State of operation 21187806 : EXECUTING
20:44:27 INFO  State of operation 21187806 : EXECUTING
20:44:30 INFO  State of operation 21187806 : EXECUTING
20:44:32 INFO  State of operation 21187806 : EXECUTING
20:44:35 INFO  State of operation 21187806 : EXECUTING
20:44:37 INFO  State of operation 21187806 : EXECUTING
20:44:39 INFO  State of operation 21187806 : EXECUTING
20:44:42 INFO  State of operation 21187806 : EXECUTING
20:44:44 INFO  State of operation 21187806 : EXECUTING
20:44:46 INFO  State of operation 21187806 : EXECUTING
20:44:48 INFO  State of operation 21187806 : EXECUTING
20:44:51 INFO  State of operation 21187806 : EXECUTING
20:44:54 INFO  State of operation 21187806 : EXECUTING
20:44:56 INFO  State of operation 21187806 : EXECUTING
20:44:58 INFO  State of operation 21187806 : EXECUTING
20:45:00 INFO  State of operation 21187806 : EXECUTING
20:45:03 INFO  State of operation 21187806 : EXECUTING
20:45:05 INFO  State of operation 21187806 : EXECUTING
20:45:08 INFO  State of operation 21187806 : EXECUTING
20:45:10 INFO  State of operation 21187806 : EXECUTING
20:45:12 INFO  State of operation 21187806 : EXECUTING
20:45:15 INFO  State of operation 21187806 : EXECUTING
20:45:17 INFO  State of operation 21187806 : EXECUTING
20:45:19 INFO  State of operation 21187806 : EXECUTING
20:45:21 INFO  State of operation 21187806 : EXECUTING
20:45:24 INFO  State of operation 21187806 : EXECUTING
20:45:26 INFO  State of operation 21187806 : EXECUTING
20:45:28 INFO  State of operation 21187806 : EXECUTING
20:45:30 INFO  State of operation 21187806 : EXECUTING
20:45:33 INFO  State of operation 21187806 : EXECUTING
20:45:35 INFO  State of operation 21187806 : EXECUTING
20:45:37 INFO  State of operation 21187806 : EXECUTING
20:45:39 INFO  State of operation 21187806 : EXECUTING
20:45:42 INFO  State of operation 21187806 : EXECUTING
20:45:45 INFO  State of operation 21187806 : EXECUTING
20:45:47 INFO  State of operation 21187806 : EXECUTING
20:45:49 INFO  State of operation 21187806 : EXECUTING
20:45:52 INFO  State of operation 21187806 : EXECUTING
20:45:54 INFO  State of operation 21187806 : EXECUTING
20:45:56 INFO  State of operation 21187806 : EXECUTING
20:45:58 INFO  State of operation 21187806 : EXECUTING
20:46:00 INFO  State of operation 21187806 : EXECUTING
20:46:03 INFO  State of operation 21187806 : EXECUTING
20:46:05 INFO  State of operation 21187806 : EXECUTING
20:46:07 INFO  State of operation 21187806 : EXECUTING
20:46:10 INFO  State of operation 21187806 : EXECUTING
20:46:12 INFO  State of operation 21187806 : EXECUTING
20:46:14 INFO  State of operation 21187806 : EXECUTING
20:46:17 INFO  State of operation 21187806 : EXECUTING
20:46:20 INFO  State of operation 21187806 : EXECUTING
20:46:22 INFO  State of operation 21187806 : EXECUTING
20:46:24 INFO  State of operation 21187806 : EXECUTING
20:46:26 INFO  State of operation 21187806 : EXECUTING
20:46:29 INFO  State of operation 21187806 : EXECUTING
20:46:31 INFO  State of operation 21187806 : EXECUTING
20:46:33 INFO  State of operation 21187806 : EXECUTING
20:46:35 WARN  SystemError occurred while running test - Timeout while waiting for status SUCCESSFUL or False
Traceback (most recent call last):
  File &quot;/home/pi/env-pysys/lib/python3.7/site-packages/pysys/baserunner.py&quot;, line 1294, in __call__
    self.testObj.execute()
  File &quot;/home/pi/actions-runner/_work/thin-edge.io/thin-edge.io/tests/PySys/software_management_end_to_end/sm_apt_install_remove_multiple_mixed/run.py&quot;, line 89, in execute
    self.wait_until_succcess()
  File &quot;/home/pi/actions-runner/_work/thin-edge.io/thin-edge.io/tests/PySys/software_management_end_to_end/environment_sm_management.py&quot;, line 324, in wait_until_succcess
    self.wait_until_status(&quot;SUCCESSFUL&quot;)
  File &quot;/home/pi/actions-runner/_work/thin-edge.io/thin-edge.io/tests/PySys/software_management_end_to_end/environment_sm_management.py&quot;, line 381, in wait_until_status
    &quot;Timeout while waiting for status %s or %s&quot; % (status, status2)
SystemError: Timeout while waiting for status SUCCESSFUL or False
20:46:35 WARN  SystemError: Timeout while waiting for status SUCCESSFUL or False ... blocked 
20:46:35 INFO  
20:46:35 INFO  cleanup:
20:46:42 INFO  Executed sudo&lt;tedge_disconnect_c8y&gt;, exit status 0
20:46:42 INFO  Executed systemctl&lt;serv_mapper5&gt;, exit status 3
20:46:42 INFO  
20:46:42 INFO  Test duration: 178.94 secs
20:46:42 INFO  Test final outcome:  BLOCKED
20:46:42 INFO  Test outcome reason: SystemError: Timeout while waiting for status SUCCESSFUL or False
20:46:42 INFO  
</system-out>
	</testcase>
</testsuite>
