<?xml version="1.0" encoding="utf-8"?>
<testsuite failures="0" name="apt_update_list" skipped="0" tests="1" time="170.45" timestamp="2022-06-08T13:32:55">
	<testcase classname="AptPluginUpdateList" name="apt_update_list"/>
</testsuite>
