<?xml version="1.0" encoding="utf-8"?>
<testsuite failures="0" name="apt_prepare" skipped="0" tests="1" time="19.87" timestamp="2022-06-09T07:19:50">
	<testcase classname="AptPluginPrepare" name="apt_prepare"/>
</testsuite>
