<?xml version="1.0" encoding="utf-8"?>
<testsuite failures="1" name="SoftwareManagement.sm_apt_install_download_path" skipped="0" tests="1" time="189.34" timestamp="2022-05-23T11:45:43">
	<testcase classname="AptInstallWithDownloadPath" name="SoftwareManagement.sm_apt_install_download_path">
		<failure message="BLOCKED: SystemError: Timeout while waiting for status FAILED or SUCCESSFUL" type="BLOCKED"/>
		<system-out>11:42:33 INFO  ==============================================================
11:42:33 INFO  Id:    SoftwareManagement.sm_apt_install_download_path
11:42:33 INFO  Dir:   software_management_end_to_end/
11:42:33 INFO  Title: Install package to directory specified in tedge config set tmp.path
11:42:33 INFO  ==============================================================
11:42:33 INFO  Using sw id database: {'asciijump': '5475369', 'robotfindskitten': '5474869', 'squirrel3': '5475279', 'rolldice': '5152439', 'moon-buggy': '5439204', 'apple': '5495053', 'banana': '5494888', 'cherry': '5495382', 'watermelon': '5494510', 'registry': '8018911', 'hello-world': '8021526', 'docker/getting-started': '8021973', 'alpine': '7991792'}
11:42:33 INFO  EnvironmentC8y Setup
11:42:34 INFO  Executed systemctl&lt;serv_mapper1&gt;, exit status 3
11:42:48 INFO  Executed sudo&lt;tedge_connect_c8y&gt;, exit status 0, duration 14 secs
11:42:50 INFO  Executed sudo&lt;tedge_connect_c8y_test&gt;, exit status 0
11:42:51 INFO  Executed systemctl&lt;serv_mosq2&gt;, exit status 0
11:42:52 INFO  Executed systemctl&lt;serv_mapper3&gt;, exit status 0
11:42:54 INFO  State of current operation: PENDING
11:42:56 INFO  State of current operation: PENDING
11:42:59 INFO  State of current operation: PENDING
11:43:01 INFO  State of current operation: PENDING
11:43:03 INFO  State of current operation: PENDING
11:43:05 INFO  State of current operation: PENDING
11:43:08 INFO  State of current operation: PENDING
11:43:10 INFO  State of current operation: PENDING
11:43:12 INFO  State of current operation: PENDING
11:43:14 INFO  State of current operation: PENDING
11:43:17 INFO  State of current operation: PENDING
11:43:19 INFO  State of current operation: PENDING
11:43:21 INFO  State of current operation: PENDING
11:43:23 INFO  State of current operation: PENDING
11:43:25 INFO  State of current operation: PENDING
11:43:28 INFO  State of current operation: PENDING
11:43:30 INFO  State of current operation: PENDING
11:43:32 INFO  State of current operation: PENDING
11:43:34 INFO  State of current operation: PENDING
11:43:37 INFO  State of current operation: PENDING
11:43:39 INFO  State of current operation: PENDING
11:43:41 INFO  State of current operation: PENDING
11:43:43 INFO  State of current operation: PENDING
11:43:46 INFO  State of current operation: PENDING
11:43:48 INFO  State of current operation: PENDING
11:43:50 INFO  State of current operation: PENDING
11:43:52 INFO  State of current operation: PENDING
11:43:54 INFO  State of current operation: PENDING
11:43:57 INFO  State of current operation: PENDING
11:43:59 INFO  State of current operation: PENDING
11:44:01 INFO  State of current operation: PENDING
11:44:03 INFO  State of current operation: PENDING
11:44:06 INFO  State of current operation: PENDING
11:44:08 INFO  State of current operation: PENDING
11:44:10 INFO  State of current operation: PENDING
11:44:12 INFO  State of current operation: PENDING
11:44:15 INFO  State of current operation: PENDING
11:44:17 INFO  State of current operation: PENDING
11:44:19 INFO  State of current operation: PENDING
11:44:21 INFO  State of current operation: PENDING
11:44:23 INFO  State of current operation: PENDING
11:44:26 INFO  State of current operation: PENDING
11:44:28 INFO  State of current operation: PENDING
11:44:30 INFO  State of current operation: PENDING
11:44:32 INFO  State of current operation: PENDING
11:44:35 INFO  State of current operation: PENDING
11:44:37 INFO  State of current operation: PENDING
11:44:39 INFO  State of current operation: PENDING
11:44:41 INFO  State of current operation: PENDING
11:44:44 INFO  State of current operation: PENDING
11:44:46 INFO  State of current operation: PENDING
11:44:48 INFO  State of current operation: PENDING
11:44:50 INFO  State of current operation: PENDING
11:44:53 INFO  State of current operation: PENDING
11:44:55 INFO  State of current operation: PENDING
11:44:57 INFO  State of current operation: PENDING
11:44:59 INFO  State of current operation: PENDING
11:45:02 INFO  State of current operation: PENDING
11:45:04 INFO  State of current operation: PENDING
11:45:06 INFO  State of current operation: PENDING
11:45:08 INFO  State of current operation: PENDING
11:45:10 WARN  SystemError occurred while running test - Timeout while waiting for status FAILED or SUCCESSFUL
Traceback (most recent call last):
  File &quot;/home/pi/env-pysys/lib/python3.7/site-packages/pysys/baserunner.py&quot;, line 1292, in __call__
    self.testObj.setup()
  File &quot;/home/pi/actions-runner/_work/thin-edge.io/thin-edge.io/tests/PySys/software_management_end_to_end/sm_apt_install_download_path/run.py&quot;, line 48, in setup
    super().setup()
  File &quot;/home/pi/actions-runner/_work/thin-edge.io/thin-edge.io/tests/PySys/software_management_end_to_end/environment_sm_management.py&quot;, line 151, in setup
    self.wait_until_end()
  File &quot;/home/pi/actions-runner/_work/thin-edge.io/thin-edge.io/tests/PySys/software_management_end_to_end/environment_sm_management.py&quot;, line 332, in wait_until_end
    self.wait_until_status(&quot;FAILED&quot;, &quot;SUCCESSFUL&quot;)
  File &quot;/home/pi/actions-runner/_work/thin-edge.io/thin-edge.io/tests/PySys/software_management_end_to_end/environment_sm_management.py&quot;, line 381, in wait_until_status
    &quot;Timeout while waiting for status %s or %s&quot; % (status, status2)
SystemError: Timeout while waiting for status FAILED or SUCCESSFUL
11:45:11 WARN  SystemError: Timeout while waiting for status FAILED or SUCCESSFUL ... blocked 
11:45:11 INFO  
11:45:11 INFO  cleanup:
11:45:11 INFO  Executed sudo, exit status 0
11:45:12 INFO  Executed sudo, exit status 0
11:45:16 INFO  Executed sudo&lt;tedge_disconnect_c8y&gt;, exit status 0
11:45:16 INFO  Restarting mosquitto too frequently in the last 10 seconds. It was only up for 4 seconds
11:45:16 INFO  Delaying execution by 7 seconds
11:45:38 INFO  Executed sudo&lt;tedge_connect_c8y&gt;, exit status 0, duration 14 secs
11:45:42 INFO  Executed sudo&lt;tedge_disconnect_c8y&gt;, exit status 0
11:45:43 INFO  Executed systemctl&lt;serv_mapper5&gt;, exit status 3
11:45:43 INFO  
11:45:43 INFO  Test duration: 189.34 secs
11:45:43 INFO  Test final outcome:  BLOCKED
11:45:43 INFO  Test outcome reason: SystemError: Timeout while waiting for status FAILED or SUCCESSFUL
11:45:43 INFO  
</system-out>
	</testcase>
</testsuite>
