<?xml version="1.0" encoding="utf-8"?>
<testsuite failures="1" name="SoftwareManagement.sm_apt_install_remove_multiple" skipped="0" tests="1" time="181.12" timestamp="2022-07-27T10:01:14">
	<testcase classname="PySysTest" name="SoftwareManagement.sm_apt_install_remove_multiple">
		<failure message="FAILED: Assert that (False == value) with value=True" type="FAILED"/>
		<system-out>09:58:13 INFO  ==============================================================
09:58:13 INFO  Id:    SoftwareManagement.sm_apt_install_remove_multiple
09:58:13 INFO  Dir:   software_management_end_to_end/
09:58:13 INFO  Title: Validate end to end behaviour for the apt plugin for multiple packages
09:58:13 INFO  ==============================================================
09:58:13 INFO  Using sw id database: {'asciijump': '5475369', 'robotfindskitten': '5474869', 'squirrel3': '5475279', 'rolldice': '5152439', 'moon-buggy': '5439204', 'apple': '5495053', 'banana': '5494888', 'cherry': '5495382', 'watermelon': '5494510', 'registry': '8018911', 'hello-world': '8021526', 'docker/getting-started': '8021973', 'alpine': '7991792'}
09:58:13 INFO  EnvironmentC8y Setup
09:58:14 INFO  Executed systemctl&lt;serv_mapper1&gt;, exit status 3
09:58:14 INFO  Restarting mosquitto too frequently in the last 10 seconds. It was only up for 5 seconds
09:58:14 INFO  Delaying execution by 6 seconds
09:58:34 INFO  Executed sudo&lt;tedge_connect_c8y&gt;, exit status 0, duration 13 secs
09:58:34 INFO  Executed sudo&lt;tedge_connect_c8y_test&gt;, exit status 0
09:58:35 INFO  Executed systemctl&lt;serv_mosq2&gt;, exit status 0
09:58:35 INFO  Executed systemctl&lt;serv_mapper3&gt;, exit status 0
09:58:38 INFO  State of current operation: SUCCESSFUL
09:58:38 INFO  Assert that (False == value) with value=False ... passed
09:58:38 INFO  Assert that (False == value) with value=False ... passed
09:58:38 INFO  Assert that (False == value) with value=False ... passed
09:58:39 INFO  Package robotfindskitten is installed
09:58:39 WARN  Assert that (False == value) with value=True ... failed 
09:58:39 INFO  Response status: 201
09:58:39 INFO  Response to action: {
    &quot;creationTime&quot;: &quot;2022-07-27T09:58:39.260Z&quot;,
    &quot;deviceId&quot;: &quot;21445683&quot;,
    &quot;deviceName&quot;: &quot;m32sd10c&quot;,
    &quot;self&quot;: &quot;https://t493319102.eu-latest.cumulocity.com/devicecontrol/operations/21474239&quot;,
    &quot;id&quot;: &quot;21474239&quot;,
    &quot;status&quot;: &quot;PENDING&quot;,
    &quot;description&quot;: &quot;Apply software changes, triggered from PySys: [{'action': 'install', 'id': '5475369', 'name': 'asciijump', 'url': ' ', 'version': '::apt'}, {'action': 'install', 'id': '5474869', 'name': 'robotfindskitten', 'url': ' ', 'version': '::apt'}, {'action': 'install', 'id': '5475279', 'name': 'squirrel3', 'url': ' ', 'version': '::apt'}]&quot;,
    &quot;c8y_SoftwareUpdate&quot;: [
        {
            &quot;name&quot;: &quot;asciijump&quot;,
            &quot;action&quot;: &quot;install&quot;,
            &quot;id&quot;: &quot;5475369&quot;,
            &quot;version&quot;: &quot;::apt&quot;,
            &quot;url&quot;: &quot; &quot;
        },
        {
            &quot;name&quot;: &quot;robotfindskitten&quot;,
            &quot;action&quot;: &quot;install&quot;,
            &quot;id&quot;: &quot;5474869&quot;,
            &quot;version&quot;: &quot;::apt&quot;,
            &quot;url&quot;: &quot; &quot;
        },
        {
            &quot;name&quot;: &quot;squirrel3&quot;,
            &quot;action&quot;: &quot;install&quot;,
            &quot;id&quot;: &quot;5475279&quot;,
            &quot;version&quot;: &quot;::apt&quot;,
            &quot;url&quot;: &quot; &quot;
        }
    ]
}
09:58:39 INFO  Started operation: {'creationTime': '2022-07-27T09:58:39.260Z', 'deviceId': '21445683', 'deviceName': 'm32sd10c', 'self': 'https://t493319102.eu-latest.cumulocity.com/devicecontrol/operations/21474239', 'id': '21474239', 'status': 'PENDING', 'description': &quot;Apply software changes, triggered from PySys: [{'action': 'install', 'id': '5475369', 'name': 'asciijump', 'url': ' ', 'version': '::apt'}, {'action': 'install', 'id': '5474869', 'name': 'robotfindskitten', 'url': ' ', 'version': '::apt'}, {'action': 'install', 'id': '5475279', 'name': 'squirrel3', 'url': ' ', 'version': '::apt'}]&quot;, 'c8y_SoftwareUpdate': [{'name': 'asciijump', 'action': 'install', 'id': '5475369', 'version': '::apt', 'url': ' '}, {'name': 'robotfindskitten', 'action': 'install', 'id': '5474869', 'version': '::apt', 'url': ' '}, {'name': 'squirrel3', 'action': 'install', 'id': '5475279', 'version': '::apt', 'url': ' '}]}
09:58:41 INFO  State of operation 21474239 : PENDING
09:58:43 INFO  State of operation 21474239 : EXECUTING
09:58:46 INFO  State of operation 21474239 : EXECUTING
09:58:48 INFO  State of operation 21474239 : EXECUTING
09:58:50 INFO  State of operation 21474239 : EXECUTING
09:58:52 INFO  State of operation 21474239 : EXECUTING
09:58:55 INFO  State of operation 21474239 : EXECUTING
09:58:58 INFO  State of operation 21474239 : EXECUTING
09:59:00 INFO  State of operation 21474239 : EXECUTING
09:59:03 INFO  State of operation 21474239 : EXECUTING
09:59:05 INFO  State of operation 21474239 : EXECUTING
09:59:07 INFO  State of operation 21474239 : EXECUTING
09:59:09 INFO  State of operation 21474239 : EXECUTING
09:59:11 INFO  State of operation 21474239 : EXECUTING
09:59:14 INFO  State of operation 21474239 : EXECUTING
09:59:16 INFO  State of operation 21474239 : EXECUTING
09:59:18 INFO  State of operation 21474239 : EXECUTING
09:59:21 INFO  State of operation 21474239 : EXECUTING
09:59:23 INFO  State of operation 21474239 : EXECUTING
09:59:26 INFO  State of operation 21474239 : EXECUTING
09:59:28 INFO  State of operation 21474239 : EXECUTING
09:59:31 INFO  State of operation 21474239 : EXECUTING
09:59:33 INFO  State of operation 21474239 : EXECUTING
09:59:36 INFO  State of operation 21474239 : EXECUTING
09:59:38 INFO  State of operation 21474239 : EXECUTING
09:59:41 INFO  State of operation 21474239 : EXECUTING
09:59:43 INFO  State of operation 21474239 : EXECUTING
09:59:46 INFO  State of operation 21474239 : EXECUTING
09:59:48 INFO  State of operation 21474239 : EXECUTING
09:59:50 INFO  State of operation 21474239 : EXECUTING
09:59:53 INFO  State of operation 21474239 : EXECUTING
09:59:55 INFO  State of operation 21474239 : EXECUTING
09:59:57 INFO  State of operation 21474239 : EXECUTING
09:59:59 INFO  State of operation 21474239 : SUCCESSFUL
10:00:00 INFO  Assert that (False == value) with value=False ... passed
10:00:00 INFO  Package asciijump is installed
10:00:00 INFO  Assert that (True == value) with value=True ... passed
10:00:00 INFO  Package squirrel3 is installed
10:00:00 INFO  Assert that (True == value) with value=True ... passed
10:00:01 INFO  Package robotfindskitten is installed
10:00:01 INFO  Assert that (True == value) with value=True ... passed
10:00:01 INFO  Response status: 201
10:00:01 INFO  Response to action: {
    &quot;creationTime&quot;: &quot;2022-07-27T10:00:01.230Z&quot;,
    &quot;deviceId&quot;: &quot;21445683&quot;,
    &quot;deviceName&quot;: &quot;m32sd10c&quot;,
    &quot;self&quot;: &quot;https://t493319102.eu-latest.cumulocity.com/devicecontrol/operations/21474251&quot;,
    &quot;id&quot;: &quot;21474251&quot;,
    &quot;status&quot;: &quot;PENDING&quot;,
    &quot;description&quot;: &quot;Apply software changes, triggered from PySys: [{'action': 'delete', 'id': '5475369', 'name': 'asciijump', 'url': ' ', 'version': '::apt'}, {'action': 'delete', 'id': '5474869', 'name': 'robotfindskitten', 'url': ' ', 'version': '::apt'}, {'action': 'delete', 'id': '5475279', 'name': 'squirrel3', 'url': ' ', 'version': '::apt'}]&quot;,
    &quot;c8y_SoftwareUpdate&quot;: [
        {
            &quot;name&quot;: &quot;asciijump&quot;,
            &quot;action&quot;: &quot;delete&quot;,
            &quot;id&quot;: &quot;5475369&quot;,
            &quot;version&quot;: &quot;::apt&quot;,
            &quot;url&quot;: &quot; &quot;
        },
        {
            &quot;name&quot;: &quot;robotfindskitten&quot;,
            &quot;action&quot;: &quot;delete&quot;,
            &quot;id&quot;: &quot;5474869&quot;,
            &quot;version&quot;: &quot;::apt&quot;,
            &quot;url&quot;: &quot; &quot;
        },
        {
            &quot;name&quot;: &quot;squirrel3&quot;,
            &quot;action&quot;: &quot;delete&quot;,
            &quot;id&quot;: &quot;5475279&quot;,
            &quot;version&quot;: &quot;::apt&quot;,
            &quot;url&quot;: &quot; &quot;
        }
    ]
}
10:00:01 INFO  Started operation: {'creationTime': '2022-07-27T10:00:01.230Z', 'deviceId': '21445683', 'deviceName': 'm32sd10c', 'self': 'https://t493319102.eu-latest.cumulocity.com/devicecontrol/operations/21474251', 'id': '21474251', 'status': 'PENDING', 'description': &quot;Apply software changes, triggered from PySys: [{'action': 'delete', 'id': '5475369', 'name': 'asciijump', 'url': ' ', 'version': '::apt'}, {'action': 'delete', 'id': '5474869', 'name': 'robotfindskitten', 'url': ' ', 'version': '::apt'}, {'action': 'delete', 'id': '5475279', 'name': 'squirrel3', 'url': ' ', 'version': '::apt'}]&quot;, 'c8y_SoftwareUpdate': [{'name': 'asciijump', 'action': 'delete', 'id': '5475369', 'version': '::apt', 'url': ' '}, {'name': 'robotfindskitten', 'action': 'delete', 'id': '5474869', 'version': '::apt', 'url': ' '}, {'name': 'squirrel3', 'action': 'delete', 'id': '5475279', 'version': '::apt', 'url': ' '}]}
10:00:03 INFO  State of operation 21474251 : PENDING
10:00:05 INFO  State of operation 21474251 : EXECUTING
10:00:08 INFO  State of operation 21474251 : EXECUTING
10:00:10 INFO  State of operation 21474251 : EXECUTING
10:00:12 INFO  State of operation 21474251 : EXECUTING
10:00:14 INFO  State of operation 21474251 : EXECUTING
10:00:17 INFO  State of operation 21474251 : EXECUTING
10:00:20 INFO  State of operation 21474251 : EXECUTING
10:00:22 INFO  State of operation 21474251 : EXECUTING
10:00:24 INFO  State of operation 21474251 : EXECUTING
10:00:27 INFO  State of operation 21474251 : EXECUTING
10:00:29 INFO  State of operation 21474251 : EXECUTING
10:00:31 INFO  State of operation 21474251 : EXECUTING
10:00:33 INFO  State of operation 21474251 : EXECUTING
10:00:36 INFO  State of operation 21474251 : EXECUTING
10:00:38 INFO  State of operation 21474251 : EXECUTING
10:00:40 INFO  State of operation 21474251 : EXECUTING
10:00:43 INFO  State of operation 21474251 : EXECUTING
10:00:45 INFO  State of operation 21474251 : EXECUTING
10:00:48 INFO  State of operation 21474251 : EXECUTING
10:00:50 INFO  State of operation 21474251 : EXECUTING
10:00:52 INFO  State of operation 21474251 : EXECUTING
10:00:55 INFO  State of operation 21474251 : EXECUTING
10:00:57 INFO  State of operation 21474251 : EXECUTING
10:01:00 INFO  State of operation 21474251 : EXECUTING
10:01:02 INFO  State of operation 21474251 : EXECUTING
10:01:04 INFO  State of operation 21474251 : EXECUTING
10:01:07 INFO  State of operation 21474251 : EXECUTING
10:01:09 INFO  State of operation 21474251 : SUCCESSFUL
10:01:09 INFO  Assert that (False == value) with value=False ... passed
10:01:09 INFO  Assert that (False == value) with value=False ... passed
10:01:10 INFO  Assert that (False == value) with value=False ... passed
10:01:10 INFO  Assert that (False == value) with value=False ... passed
10:01:10 INFO  
10:01:10 INFO  cleanup:
10:01:14 INFO  Executed sudo&lt;tedge_disconnect_c8y&gt;, exit status 0
10:01:14 INFO  Executed systemctl&lt;serv_mapper5&gt;, exit status 3
10:01:14 INFO  
10:01:14 INFO  Test duration: 181.12 secs
10:01:14 INFO  Test final outcome:  FAILED
10:01:14 INFO  Test outcome reason: Assert that (False == value) with value=True
10:01:14 INFO  
</system-out>
	</testcase>
</testsuite>
