<?xml version="1.0" encoding="utf-8"?>
<testsuite failures="1" name="SoftwareManagement.sm_apt_install_remove_multiple_mixed" skipped="0" tests="1" time="165.2" timestamp="2022-05-25T13:32:12">
	<testcase classname="PySysTest" name="SoftwareManagement.sm_apt_install_remove_multiple_mixed">
		<failure message="BLOCKED: SystemError: Timeout while waiting for status FAILED or SUCCESSFUL" type="BLOCKED"/>
		<system-out>13:29:27 INFO  ==============================================================
13:29:27 INFO  Id:    SoftwareManagement.sm_apt_install_remove_multiple_mixed
13:29:27 INFO  Dir:   software_management_end_to_end/
13:29:27 INFO  Title: Validate end to end behaviour for the apt plugin for multiple packages with mixed versions
13:29:27 INFO  ==============================================================
13:29:27 INFO  Using sw id database: {'asciijump': '5475369', 'robotfindskitten': '5474869', 'squirrel3': '5475279', 'rolldice': '5152439', 'moon-buggy': '5439204', 'apple': '5495053', 'banana': '5494888', 'cherry': '5495382', 'watermelon': '5494510', 'registry': '8018911', 'hello-world': '8021526', 'docker/getting-started': '8021973', 'alpine': '7991792'}
13:29:27 INFO  EnvironmentC8y Setup
13:29:28 INFO  Executed systemctl&lt;serv_mapper1&gt;, exit status 3
13:29:28 INFO  Restarting mosquitto too frequently in the last 10 seconds. It was only up for 5 seconds
13:29:28 INFO  Delaying execution by 6 seconds
13:29:48 INFO  Executed sudo&lt;tedge_connect_c8y&gt;, exit status 0, duration 14 secs
13:29:48 INFO  Executed sudo&lt;tedge_connect_c8y_test&gt;, exit status 0
13:29:49 INFO  Executed systemctl&lt;serv_mosq2&gt;, exit status 0
13:29:49 INFO  Executed systemctl&lt;serv_mapper3&gt;, exit status 0
13:29:52 INFO  State of current operation: PENDING
13:29:54 INFO  State of current operation: PENDING
13:29:56 INFO  State of current operation: PENDING
13:29:58 INFO  State of current operation: PENDING
13:30:00 INFO  State of current operation: PENDING
13:30:03 INFO  State of current operation: PENDING
13:30:05 INFO  State of current operation: PENDING
13:30:07 INFO  State of current operation: PENDING
13:30:09 INFO  State of current operation: PENDING
13:30:12 INFO  State of current operation: PENDING
13:30:14 INFO  State of current operation: PENDING
13:30:16 INFO  State of current operation: PENDING
13:30:18 INFO  State of current operation: PENDING
13:30:21 INFO  State of current operation: PENDING
13:30:23 INFO  State of current operation: PENDING
13:30:25 INFO  State of current operation: PENDING
13:30:27 INFO  State of current operation: PENDING
13:30:29 INFO  State of current operation: PENDING
13:30:32 INFO  State of current operation: PENDING
13:30:34 INFO  State of current operation: PENDING
13:30:36 INFO  State of current operation: PENDING
13:30:38 INFO  State of current operation: PENDING
13:30:41 INFO  State of current operation: PENDING
13:30:43 INFO  State of current operation: PENDING
13:30:45 INFO  State of current operation: PENDING
13:30:47 INFO  State of current operation: PENDING
13:30:50 INFO  State of current operation: PENDING
13:30:52 INFO  State of current operation: PENDING
13:30:54 INFO  State of current operation: PENDING
13:30:56 INFO  State of current operation: PENDING
13:30:58 INFO  State of current operation: PENDING
13:31:01 INFO  State of current operation: PENDING
13:31:03 INFO  State of current operation: PENDING
13:31:05 INFO  State of current operation: PENDING
13:31:07 INFO  State of current operation: PENDING
13:31:10 INFO  State of current operation: PENDING
13:31:12 INFO  State of current operation: PENDING
13:31:14 INFO  State of current operation: PENDING
13:31:16 INFO  State of current operation: PENDING
13:31:19 INFO  State of current operation: PENDING
13:31:21 INFO  State of current operation: PENDING
13:31:23 INFO  State of current operation: PENDING
13:31:25 INFO  State of current operation: PENDING
13:31:27 INFO  State of current operation: PENDING
13:31:30 INFO  State of current operation: PENDING
13:31:32 INFO  State of current operation: PENDING
13:31:34 INFO  State of current operation: PENDING
13:31:36 INFO  State of current operation: PENDING
13:31:39 INFO  State of current operation: PENDING
13:31:41 INFO  State of current operation: PENDING
13:31:43 INFO  State of current operation: PENDING
13:31:45 INFO  State of current operation: PENDING
13:31:47 INFO  State of current operation: PENDING
13:31:50 INFO  State of current operation: PENDING
13:31:52 INFO  State of current operation: PENDING
13:31:54 INFO  State of current operation: PENDING
13:31:56 INFO  State of current operation: PENDING
13:31:59 INFO  State of current operation: PENDING
13:32:01 INFO  State of current operation: PENDING
13:32:03 INFO  State of current operation: PENDING
13:32:06 INFO  State of current operation: PENDING
13:32:08 WARN  SystemError occurred while running test - Timeout while waiting for status FAILED or SUCCESSFUL
Traceback (most recent call last):
  File &quot;/home/pi/env-pysys/lib/python3.7/site-packages/pysys/baserunner.py&quot;, line 1292, in __call__
    self.testObj.setup()
  File &quot;/home/pi/actions-runner/_work/thin-edge.io/thin-edge.io/tests/PySys/software_management_end_to_end/sm_apt_install_remove_multiple_mixed/run.py&quot;, line 73, in setup
    super().setup()
  File &quot;/home/pi/actions-runner/_work/thin-edge.io/thin-edge.io/tests/PySys/software_management_end_to_end/environment_sm_management.py&quot;, line 151, in setup
    self.wait_until_end()
  File &quot;/home/pi/actions-runner/_work/thin-edge.io/thin-edge.io/tests/PySys/software_management_end_to_end/environment_sm_management.py&quot;, line 332, in wait_until_end
    self.wait_until_status(&quot;FAILED&quot;, &quot;SUCCESSFUL&quot;)
  File &quot;/home/pi/actions-runner/_work/thin-edge.io/thin-edge.io/tests/PySys/software_management_end_to_end/environment_sm_management.py&quot;, line 381, in wait_until_status
    &quot;Timeout while waiting for status %s or %s&quot; % (status, status2)
SystemError: Timeout while waiting for status FAILED or SUCCESSFUL
13:32:08 WARN  SystemError: Timeout while waiting for status FAILED or SUCCESSFUL ... blocked 
13:32:08 INFO  
13:32:08 INFO  cleanup:
13:32:12 INFO  Executed sudo&lt;tedge_disconnect_c8y&gt;, exit status 0
13:32:12 INFO  Executed systemctl&lt;serv_mapper5&gt;, exit status 3
13:32:12 INFO  
13:32:12 INFO  Test duration: 165.20 secs
13:32:12 INFO  Test final outcome:  BLOCKED
13:32:12 INFO  Test outcome reason: SystemError: Timeout while waiting for status FAILED or SUCCESSFUL
13:32:12 INFO  
</system-out>
	</testcase>
</testsuite>
