<?xml version="1.0" encoding="utf-8"?>
<testsuite failures="0" name="apt_prepare" skipped="0" tests="1" time="21.5" timestamp="2022-05-24T15:59:16">
	<testcase classname="AptPluginPrepare" name="apt_prepare"/>
</testsuite>
