<?xml version="1.0" encoding="utf-8"?>
<testsuite failures="1" name="SoftwareManagement.sm_apt_install_remove_multiple_mixed" skipped="0" tests="1" time="177.39" timestamp="2022-06-15T11:42:17">
	<testcase classname="PySysTest" name="SoftwareManagement.sm_apt_install_remove_multiple_mixed">
		<failure message="BLOCKED: SystemError: Timeout while waiting for status SUCCESSFUL or False" type="BLOCKED"/>
		<system-out>11:39:20 INFO  ==============================================================
11:39:20 INFO  Id:    SoftwareManagement.sm_apt_install_remove_multiple_mixed
11:39:20 INFO  Dir:   software_management_end_to_end/
11:39:20 INFO  Title: Validate end to end behaviour for the apt plugin for multiple packages with mixed versions
11:39:20 INFO  ==============================================================
11:39:20 INFO  Using sw id database: {'asciijump': '5475369', 'robotfindskitten': '5474869', 'squirrel3': '5475279', 'rolldice': '5152439', 'moon-buggy': '5439204', 'apple': '5495053', 'banana': '5494888', 'cherry': '5495382', 'watermelon': '5494510', 'registry': '8018911', 'hello-world': '8021526', 'docker/getting-started': '8021973', 'alpine': '7991792'}
11:39:20 INFO  EnvironmentC8y Setup
11:39:20 INFO  Executed systemctl&lt;serv_mapper1&gt;, exit status 3
11:39:20 INFO  Restarting mosquitto too frequently in the last 10 seconds. It was only up for 5 seconds
11:39:20 INFO  Delaying execution by 6 seconds
11:39:40 INFO  Executed sudo&lt;tedge_connect_c8y&gt;, exit status 0, duration 13 secs
11:39:41 INFO  Executed sudo&lt;tedge_connect_c8y_test&gt;, exit status 0
11:39:41 INFO  Executed systemctl&lt;serv_mosq2&gt;, exit status 0
11:39:42 INFO  Executed systemctl&lt;serv_mapper3&gt;, exit status 0
11:39:44 INFO  State of current operation: SUCCESSFUL
11:39:44 INFO  Assert that (False == value) with value=False ... passed
11:39:44 INFO  Assert that (False == value) with value=False ... passed
11:39:44 INFO  Assert that (False == value) with value=False ... passed
11:39:45 INFO  Assert that (False == value) with value=False ... passed
11:39:45 INFO  Assert that (False == value) with value=False ... passed
11:39:46 INFO  Response status: 201
11:39:46 INFO  Response to action: {
    &quot;delivery&quot;: {
        &quot;log&quot;: [],
        &quot;time&quot;: &quot;2022-06-15T11:39:46.641Z&quot;,
        &quot;status&quot;: &quot;PENDING&quot;
    },
    &quot;creationTime&quot;: &quot;2022-06-15T11:39:46.625Z&quot;,
    &quot;deviceName&quot;: &quot;m32sd10c&quot;,
    &quot;deviceId&quot;: &quot;20129645&quot;,
    &quot;self&quot;: &quot;https://t493319102.eu-latest.cumulocity.com/devicecontrol/operations/20232175&quot;,
    &quot;id&quot;: &quot;20232175&quot;,
    &quot;status&quot;: &quot;PENDING&quot;,
    &quot;description&quot;: &quot;Apply software changes, triggered from PySys: [{'action': 'install', 'id': '5475369', 'name': 'asciijump', 'url': ' ', 'version': '::apt'}, {'action': 'install', 'id': '5474869', 'name': 'robotfindskitten', 'url': ' ', 'version': ' '}, {'action': 'install', 'id': '5475279', 'name': 'squirrel3', 'url': ' ', 'version': '3.1-7::apt'}, {'action': 'install', 'id': '5152439', 'name': 'rolldice', 'url': ' ', 'version': '1.16-1+b1'}, {'action': 'install', 'id': '5439204', 'name': 'moon-buggy', 'url': ' ', 'version': '1:1.0.51-12'}, {'action': 'install', 'id': '5475369', 'name': 'asciijump', 'url': ' ', 'version': '::apt'}]&quot;,
    &quot;c8y_SoftwareUpdate&quot;: [
        {
            &quot;name&quot;: &quot;asciijump&quot;,
            &quot;action&quot;: &quot;install&quot;,
            &quot;id&quot;: &quot;5475369&quot;,
            &quot;version&quot;: &quot;::apt&quot;,
            &quot;url&quot;: &quot; &quot;
        },
        {
            &quot;name&quot;: &quot;robotfindskitten&quot;,
            &quot;action&quot;: &quot;install&quot;,
            &quot;id&quot;: &quot;5474869&quot;,
            &quot;version&quot;: &quot; &quot;,
            &quot;url&quot;: &quot; &quot;
        },
        {
            &quot;name&quot;: &quot;squirrel3&quot;,
            &quot;action&quot;: &quot;install&quot;,
            &quot;id&quot;: &quot;5475279&quot;,
            &quot;version&quot;: &quot;3.1-7::apt&quot;,
            &quot;url&quot;: &quot; &quot;
        },
        {
            &quot;name&quot;: &quot;rolldice&quot;,
            &quot;action&quot;: &quot;install&quot;,
            &quot;id&quot;: &quot;5152439&quot;,
            &quot;version&quot;: &quot;1.16-1+b1&quot;,
            &quot;url&quot;: &quot; &quot;
        },
        {
            &quot;name&quot;: &quot;moon-buggy&quot;,
            &quot;action&quot;: &quot;install&quot;,
            &quot;id&quot;: &quot;5439204&quot;,
            &quot;version&quot;: &quot;1:1.0.51-12&quot;,
            &quot;url&quot;: &quot; &quot;
        },
        {
            &quot;name&quot;: &quot;asciijump&quot;,
            &quot;action&quot;: &quot;install&quot;,
            &quot;id&quot;: &quot;5475369&quot;,
            &quot;version&quot;: &quot;::apt&quot;,
            &quot;url&quot;: &quot; &quot;
        }
    ]
}
11:39:46 INFO  Started operation: {'delivery': {'log': [], 'time': '2022-06-15T11:39:46.641Z', 'status': 'PENDING'}, 'creationTime': '2022-06-15T11:39:46.625Z', 'deviceName': 'm32sd10c', 'deviceId': '20129645', 'self': 'https://t493319102.eu-latest.cumulocity.com/devicecontrol/operations/20232175', 'id': '20232175', 'status': 'PENDING', 'description': &quot;Apply software changes, triggered from PySys: [{'action': 'install', 'id': '5475369', 'name': 'asciijump', 'url': ' ', 'version': '::apt'}, {'action': 'install', 'id': '5474869', 'name': 'robotfindskitten', 'url': ' ', 'version': ' '}, {'action': 'install', 'id': '5475279', 'name': 'squirrel3', 'url': ' ', 'version': '3.1-7::apt'}, {'action': 'install', 'id': '5152439', 'name': 'rolldice', 'url': ' ', 'version': '1.16-1+b1'}, {'action': 'install', 'id': '5439204', 'name': 'moon-buggy', 'url': ' ', 'version': '1:1.0.51-12'}, {'action': 'install', 'id': '5475369', 'name': 'asciijump', 'url': ' ', 'version': '::apt'}]&quot;, 'c8y_SoftwareUpdate': [{'name': 'asciijump', 'action': 'install', 'id': '5475369', 'version': '::apt', 'url': ' '}, {'name': 'robotfindskitten', 'action': 'install', 'id': '5474869', 'version': ' ', 'url': ' '}, {'name': 'squirrel3', 'action': 'install', 'id': '5475279', 'version': '3.1-7::apt', 'url': ' '}, {'name': 'rolldice', 'action': 'install', 'id': '5152439', 'version': '1.16-1+b1', 'url': ' '}, {'name': 'moon-buggy', 'action': 'install', 'id': '5439204', 'version': '1:1.0.51-12', 'url': ' '}, {'name': 'asciijump', 'action': 'install', 'id': '5475369', 'version': '::apt', 'url': ' '}]}
11:39:48 INFO  State of operation 20232175 : PENDING
11:39:51 INFO  State of operation 20232175 : EXECUTING
11:39:53 INFO  State of operation 20232175 : EXECUTING
11:39:55 INFO  State of operation 20232175 : EXECUTING
11:39:57 INFO  State of operation 20232175 : EXECUTING
11:40:00 INFO  State of operation 20232175 : EXECUTING
11:40:02 INFO  State of operation 20232175 : EXECUTING
11:40:05 INFO  State of operation 20232175 : EXECUTING
11:40:07 INFO  State of operation 20232175 : EXECUTING
11:40:10 INFO  State of operation 20232175 : EXECUTING
11:40:12 INFO  State of operation 20232175 : EXECUTING
11:40:14 INFO  State of operation 20232175 : EXECUTING
11:40:16 INFO  State of operation 20232175 : EXECUTING
11:40:19 INFO  State of operation 20232175 : EXECUTING
11:40:21 INFO  State of operation 20232175 : EXECUTING
11:40:23 INFO  State of operation 20232175 : EXECUTING
11:40:26 INFO  State of operation 20232175 : EXECUTING
11:40:28 INFO  State of operation 20232175 : EXECUTING
11:40:30 INFO  State of operation 20232175 : EXECUTING
11:40:33 INFO  State of operation 20232175 : EXECUTING
11:40:35 INFO  State of operation 20232175 : EXECUTING
11:40:38 INFO  State of operation 20232175 : EXECUTING
11:40:40 INFO  State of operation 20232175 : EXECUTING
11:40:42 INFO  State of operation 20232175 : EXECUTING
11:40:44 INFO  State of operation 20232175 : EXECUTING
11:40:46 INFO  State of operation 20232175 : EXECUTING
11:40:49 INFO  State of operation 20232175 : EXECUTING
11:40:51 INFO  State of operation 20232175 : EXECUTING
11:40:53 INFO  State of operation 20232175 : EXECUTING
11:40:56 INFO  State of operation 20232175 : EXECUTING
11:40:58 INFO  State of operation 20232175 : EXECUTING
11:41:00 INFO  State of operation 20232175 : EXECUTING
11:41:02 INFO  State of operation 20232175 : EXECUTING
11:41:05 INFO  State of operation 20232175 : EXECUTING
11:41:07 INFO  State of operation 20232175 : EXECUTING
11:41:09 INFO  State of operation 20232175 : EXECUTING
11:41:11 INFO  State of operation 20232175 : EXECUTING
11:41:13 INFO  State of operation 20232175 : EXECUTING
11:41:17 INFO  State of operation 20232175 : EXECUTING
11:41:19 INFO  State of operation 20232175 : EXECUTING
11:41:22 INFO  State of operation 20232175 : EXECUTING
11:41:24 INFO  State of operation 20232175 : EXECUTING
11:41:26 INFO  State of operation 20232175 : EXECUTING
11:41:28 INFO  State of operation 20232175 : EXECUTING
11:41:31 INFO  State of operation 20232175 : EXECUTING
11:41:33 INFO  State of operation 20232175 : EXECUTING
11:41:35 INFO  State of operation 20232175 : EXECUTING
11:41:37 INFO  State of operation 20232175 : EXECUTING
11:41:40 INFO  State of operation 20232175 : EXECUTING
11:41:43 INFO  State of operation 20232175 : EXECUTING
11:41:45 INFO  State of operation 20232175 : EXECUTING
11:41:47 INFO  State of operation 20232175 : EXECUTING
11:41:49 INFO  State of operation 20232175 : EXECUTING
11:41:52 INFO  State of operation 20232175 : EXECUTING
11:41:54 INFO  State of operation 20232175 : EXECUTING
11:41:57 INFO  State of operation 20232175 : EXECUTING
11:41:59 INFO  State of operation 20232175 : EXECUTING
11:42:02 INFO  State of operation 20232175 : EXECUTING
11:42:04 INFO  State of operation 20232175 : EXECUTING
11:42:06 INFO  State of operation 20232175 : EXECUTING
11:42:08 INFO  State of operation 20232175 : EXECUTING
11:42:10 WARN  SystemError occurred while running test - Timeout while waiting for status SUCCESSFUL or False
Traceback (most recent call last):
  File &quot;/home/pi/env-pysys/lib/python3.7/site-packages/pysys/baserunner.py&quot;, line 1294, in __call__
    self.testObj.execute()
  File &quot;/home/pi/actions-runner/_work/thin-edge.io/thin-edge.io/tests/PySys/software_management_end_to_end/sm_apt_install_remove_multiple_mixed/run.py&quot;, line 89, in execute
    self.wait_until_succcess()
  File &quot;/home/pi/actions-runner/_work/thin-edge.io/thin-edge.io/tests/PySys/software_management_end_to_end/environment_sm_management.py&quot;, line 324, in wait_until_succcess
    self.wait_until_status(&quot;SUCCESSFUL&quot;)
  File &quot;/home/pi/actions-runner/_work/thin-edge.io/thin-edge.io/tests/PySys/software_management_end_to_end/environment_sm_management.py&quot;, line 381, in wait_until_status
    &quot;Timeout while waiting for status %s or %s&quot; % (status, status2)
SystemError: Timeout while waiting for status SUCCESSFUL or False
11:42:11 WARN  SystemError: Timeout while waiting for status SUCCESSFUL or False ... blocked 
11:42:11 INFO  
11:42:11 INFO  cleanup:
11:42:16 INFO  Executed sudo&lt;tedge_disconnect_c8y&gt;, exit status 0
11:42:17 INFO  Executed systemctl&lt;serv_mapper5&gt;, exit status 3
11:42:17 INFO  
11:42:17 INFO  Test duration: 177.39 secs
11:42:17 INFO  Test final outcome:  BLOCKED
11:42:17 INFO  Test outcome reason: SystemError: Timeout while waiting for status SUCCESSFUL or False
11:42:17 INFO  
</system-out>
	</testcase>
</testsuite>
