<?xml version="1.0" encoding="utf-8"?>
<testsuite failures="1" name="SoftwareManagement.sm_apt_install_remove_multiple" skipped="0" tests="1" time="180.22" timestamp="2022-07-25T15:46:50">
	<testcase classname="PySysTest" name="SoftwareManagement.sm_apt_install_remove_multiple">
		<failure message="FAILED: Assert that (False == value) with value=True" type="FAILED"/>
		<system-out>15:43:50 INFO  ==============================================================
15:43:50 INFO  Id:    SoftwareManagement.sm_apt_install_remove_multiple
15:43:50 INFO  Dir:   software_management_end_to_end/
15:43:50 INFO  Title: Validate end to end behaviour for the apt plugin for multiple packages
15:43:50 INFO  ==============================================================
15:43:50 INFO  Using sw id database: {'asciijump': '5475369', 'robotfindskitten': '5474869', 'squirrel3': '5475279', 'rolldice': '5152439', 'moon-buggy': '5439204', 'apple': '5495053', 'banana': '5494888', 'cherry': '5495382', 'watermelon': '5494510', 'registry': '8018911', 'hello-world': '8021526', 'docker/getting-started': '8021973', 'alpine': '7991792'}
15:43:50 INFO  EnvironmentC8y Setup
15:43:50 INFO  Executed systemctl&lt;serv_mapper1&gt;, exit status 3
15:43:50 INFO  Restarting mosquitto too frequently in the last 10 seconds. It was only up for 4 seconds
15:43:50 INFO  Delaying execution by 7 seconds
15:44:11 INFO  Executed sudo&lt;tedge_connect_c8y&gt;, exit status 0, duration 14 secs
15:44:12 INFO  Executed sudo&lt;tedge_connect_c8y_test&gt;, exit status 0
15:44:12 INFO  Executed systemctl&lt;serv_mosq2&gt;, exit status 0
15:44:13 INFO  Executed systemctl&lt;serv_mapper3&gt;, exit status 0
15:44:15 INFO  State of current operation: SUCCESSFUL
15:44:15 INFO  Assert that (False == value) with value=False ... passed
15:44:16 INFO  Assert that (False == value) with value=False ... passed
15:44:16 INFO  Assert that (False == value) with value=False ... passed
15:44:16 INFO  Package robotfindskitten is installed
15:44:16 WARN  Assert that (False == value) with value=True ... failed 
15:44:16 INFO  Response status: 201
15:44:16 INFO  Response to action: {
    &quot;creationTime&quot;: &quot;2022-07-25T15:44:16.768Z&quot;,
    &quot;deviceId&quot;: &quot;21389727&quot;,
    &quot;deviceName&quot;: &quot;m32sd10c&quot;,
    &quot;self&quot;: &quot;https://t493319102.eu-latest.cumulocity.com/devicecontrol/operations/21415139&quot;,
    &quot;id&quot;: &quot;21415139&quot;,
    &quot;status&quot;: &quot;PENDING&quot;,
    &quot;description&quot;: &quot;Apply software changes, triggered from PySys: [{'action': 'install', 'id': '5475369', 'name': 'asciijump', 'url': ' ', 'version': '::apt'}, {'action': 'install', 'id': '5474869', 'name': 'robotfindskitten', 'url': ' ', 'version': '::apt'}, {'action': 'install', 'id': '5475279', 'name': 'squirrel3', 'url': ' ', 'version': '::apt'}]&quot;,
    &quot;c8y_SoftwareUpdate&quot;: [
        {
            &quot;name&quot;: &quot;asciijump&quot;,
            &quot;action&quot;: &quot;install&quot;,
            &quot;id&quot;: &quot;5475369&quot;,
            &quot;version&quot;: &quot;::apt&quot;,
            &quot;url&quot;: &quot; &quot;
        },
        {
            &quot;name&quot;: &quot;robotfindskitten&quot;,
            &quot;action&quot;: &quot;install&quot;,
            &quot;id&quot;: &quot;5474869&quot;,
            &quot;version&quot;: &quot;::apt&quot;,
            &quot;url&quot;: &quot; &quot;
        },
        {
            &quot;name&quot;: &quot;squirrel3&quot;,
            &quot;action&quot;: &quot;install&quot;,
            &quot;id&quot;: &quot;5475279&quot;,
            &quot;version&quot;: &quot;::apt&quot;,
            &quot;url&quot;: &quot; &quot;
        }
    ]
}
15:44:16 INFO  Started operation: {'creationTime': '2022-07-25T15:44:16.768Z', 'deviceId': '21389727', 'deviceName': 'm32sd10c', 'self': 'https://t493319102.eu-latest.cumulocity.com/devicecontrol/operations/21415139', 'id': '21415139', 'status': 'PENDING', 'description': &quot;Apply software changes, triggered from PySys: [{'action': 'install', 'id': '5475369', 'name': 'asciijump', 'url': ' ', 'version': '::apt'}, {'action': 'install', 'id': '5474869', 'name': 'robotfindskitten', 'url': ' ', 'version': '::apt'}, {'action': 'install', 'id': '5475279', 'name': 'squirrel3', 'url': ' ', 'version': '::apt'}]&quot;, 'c8y_SoftwareUpdate': [{'name': 'asciijump', 'action': 'install', 'id': '5475369', 'version': '::apt', 'url': ' '}, {'name': 'robotfindskitten', 'action': 'install', 'id': '5474869', 'version': '::apt', 'url': ' '}, {'name': 'squirrel3', 'action': 'install', 'id': '5475279', 'version': '::apt', 'url': ' '}]}
15:44:19 INFO  State of operation 21415139 : PENDING
15:44:21 INFO  State of operation 21415139 : EXECUTING
15:44:23 INFO  State of operation 21415139 : EXECUTING
15:44:25 INFO  State of operation 21415139 : EXECUTING
15:44:27 INFO  State of operation 21415139 : EXECUTING
15:44:30 INFO  State of operation 21415139 : EXECUTING
15:44:32 INFO  State of operation 21415139 : EXECUTING
15:44:35 INFO  State of operation 21415139 : EXECUTING
15:44:37 INFO  State of operation 21415139 : EXECUTING
15:44:40 INFO  State of operation 21415139 : EXECUTING
15:44:42 INFO  State of operation 21415139 : EXECUTING
15:44:44 INFO  State of operation 21415139 : EXECUTING
15:44:46 INFO  State of operation 21415139 : EXECUTING
15:44:48 INFO  State of operation 21415139 : EXECUTING
15:44:51 INFO  State of operation 21415139 : EXECUTING
15:44:53 INFO  State of operation 21415139 : EXECUTING
15:44:55 INFO  State of operation 21415139 : EXECUTING
15:44:58 INFO  State of operation 21415139 : EXECUTING
15:45:00 INFO  State of operation 21415139 : EXECUTING
15:45:03 INFO  State of operation 21415139 : EXECUTING
15:45:05 INFO  State of operation 21415139 : EXECUTING
15:45:07 INFO  State of operation 21415139 : EXECUTING
15:45:10 INFO  State of operation 21415139 : EXECUTING
15:45:12 INFO  State of operation 21415139 : EXECUTING
15:45:14 INFO  State of operation 21415139 : EXECUTING
15:45:16 INFO  State of operation 21415139 : EXECUTING
15:45:19 INFO  State of operation 21415139 : EXECUTING
15:45:21 INFO  State of operation 21415139 : EXECUTING
15:45:23 INFO  State of operation 21415139 : EXECUTING
15:45:26 INFO  State of operation 21415139 : EXECUTING
15:45:28 INFO  State of operation 21415139 : EXECUTING
15:45:30 INFO  State of operation 21415139 : EXECUTING
15:45:32 INFO  State of operation 21415139 : EXECUTING
15:45:35 INFO  State of operation 21415139 : EXECUTING
15:45:37 INFO  State of operation 21415139 : SUCCESSFUL
15:45:37 INFO  Assert that (False == value) with value=False ... passed
15:45:37 INFO  Package asciijump is installed
15:45:37 INFO  Assert that (True == value) with value=True ... passed
15:45:38 INFO  Package squirrel3 is installed
15:45:38 INFO  Assert that (True == value) with value=True ... passed
15:45:38 INFO  Package robotfindskitten is installed
15:45:38 INFO  Assert that (True == value) with value=True ... passed
15:45:38 INFO  Response status: 201
15:45:38 INFO  Response to action: {
    &quot;creationTime&quot;: &quot;2022-07-25T15:45:38.523Z&quot;,
    &quot;deviceId&quot;: &quot;21389727&quot;,
    &quot;deviceName&quot;: &quot;m32sd10c&quot;,
    &quot;self&quot;: &quot;https://t493319102.eu-latest.cumulocity.com/devicecontrol/operations/21415152&quot;,
    &quot;id&quot;: &quot;21415152&quot;,
    &quot;status&quot;: &quot;PENDING&quot;,
    &quot;description&quot;: &quot;Apply software changes, triggered from PySys: [{'action': 'delete', 'id': '5475369', 'name': 'asciijump', 'url': ' ', 'version': '::apt'}, {'action': 'delete', 'id': '5474869', 'name': 'robotfindskitten', 'url': ' ', 'version': '::apt'}, {'action': 'delete', 'id': '5475279', 'name': 'squirrel3', 'url': ' ', 'version': '::apt'}]&quot;,
    &quot;c8y_SoftwareUpdate&quot;: [
        {
            &quot;name&quot;: &quot;asciijump&quot;,
            &quot;action&quot;: &quot;delete&quot;,
            &quot;id&quot;: &quot;5475369&quot;,
            &quot;version&quot;: &quot;::apt&quot;,
            &quot;url&quot;: &quot; &quot;
        },
        {
            &quot;name&quot;: &quot;robotfindskitten&quot;,
            &quot;action&quot;: &quot;delete&quot;,
            &quot;id&quot;: &quot;5474869&quot;,
            &quot;version&quot;: &quot;::apt&quot;,
            &quot;url&quot;: &quot; &quot;
        },
        {
            &quot;name&quot;: &quot;squirrel3&quot;,
            &quot;action&quot;: &quot;delete&quot;,
            &quot;id&quot;: &quot;5475279&quot;,
            &quot;version&quot;: &quot;::apt&quot;,
            &quot;url&quot;: &quot; &quot;
        }
    ]
}
15:45:38 INFO  Started operation: {'creationTime': '2022-07-25T15:45:38.523Z', 'deviceId': '21389727', 'deviceName': 'm32sd10c', 'self': 'https://t493319102.eu-latest.cumulocity.com/devicecontrol/operations/21415152', 'id': '21415152', 'status': 'PENDING', 'description': &quot;Apply software changes, triggered from PySys: [{'action': 'delete', 'id': '5475369', 'name': 'asciijump', 'url': ' ', 'version': '::apt'}, {'action': 'delete', 'id': '5474869', 'name': 'robotfindskitten', 'url': ' ', 'version': '::apt'}, {'action': 'delete', 'id': '5475279', 'name': 'squirrel3', 'url': ' ', 'version': '::apt'}]&quot;, 'c8y_SoftwareUpdate': [{'name': 'asciijump', 'action': 'delete', 'id': '5475369', 'version': '::apt', 'url': ' '}, {'name': 'robotfindskitten', 'action': 'delete', 'id': '5474869', 'version': '::apt', 'url': ' '}, {'name': 'squirrel3', 'action': 'delete', 'id': '5475279', 'version': '::apt', 'url': ' '}]}
15:45:40 INFO  State of operation 21415152 : PENDING
15:45:43 INFO  State of operation 21415152 : EXECUTING
15:45:45 INFO  State of operation 21415152 : EXECUTING
15:45:47 INFO  State of operation 21415152 : EXECUTING
15:45:49 INFO  State of operation 21415152 : EXECUTING
15:45:51 INFO  State of operation 21415152 : EXECUTING
15:45:54 INFO  State of operation 21415152 : EXECUTING
15:45:57 INFO  State of operation 21415152 : EXECUTING
15:46:00 INFO  State of operation 21415152 : EXECUTING
15:46:02 INFO  State of operation 21415152 : EXECUTING
15:46:04 INFO  State of operation 21415152 : EXECUTING
15:46:06 INFO  State of operation 21415152 : EXECUTING
15:46:09 INFO  State of operation 21415152 : EXECUTING
15:46:11 INFO  State of operation 21415152 : EXECUTING
15:46:13 INFO  State of operation 21415152 : EXECUTING
15:46:16 INFO  State of operation 21415152 : EXECUTING
15:46:18 INFO  State of operation 21415152 : EXECUTING
15:46:21 INFO  State of operation 21415152 : EXECUTING
15:46:23 INFO  State of operation 21415152 : EXECUTING
15:46:25 INFO  State of operation 21415152 : EXECUTING
15:46:28 INFO  State of operation 21415152 : EXECUTING
15:46:30 INFO  State of operation 21415152 : EXECUTING
15:46:32 INFO  State of operation 21415152 : EXECUTING
15:46:34 INFO  State of operation 21415152 : EXECUTING
15:46:37 INFO  State of operation 21415152 : EXECUTING
15:46:40 INFO  State of operation 21415152 : EXECUTING
15:46:42 INFO  State of operation 21415152 : EXECUTING
15:46:44 INFO  State of operation 21415152 : SUCCESSFUL
15:46:44 INFO  Assert that (False == value) with value=False ... passed
15:46:45 INFO  Assert that (False == value) with value=False ... passed
15:46:45 INFO  Assert that (False == value) with value=False ... passed
15:46:45 INFO  Assert that (False == value) with value=False ... passed
15:46:45 INFO  
15:46:45 INFO  cleanup:
15:46:49 INFO  Executed sudo&lt;tedge_disconnect_c8y&gt;, exit status 0
15:46:50 INFO  Executed systemctl&lt;serv_mapper5&gt;, exit status 3
15:46:50 INFO  
15:46:50 INFO  Test duration: 180.22 secs
15:46:50 INFO  Test final outcome:  FAILED
15:46:50 INFO  Test outcome reason: Assert that (False == value) with value=True
15:46:50 INFO  
</system-out>
	</testcase>
</testsuite>
