<?xml version="1.0" encoding="utf-8"?>
<testsuite failures="1" name="SoftwareManagement.sm_apt_install_remove_multiple_mixed" skipped="0" tests="1" time="166.27" timestamp="2022-05-23T14:09:11">
	<testcase classname="PySysTest" name="SoftwareManagement.sm_apt_install_remove_multiple_mixed">
		<failure message="BLOCKED: SystemError: Timeout while waiting for status FAILED or SUCCESSFUL" type="BLOCKED"/>
		<system-out>14:06:24 INFO  ==============================================================
14:06:24 INFO  Id:    SoftwareManagement.sm_apt_install_remove_multiple_mixed
14:06:24 INFO  Dir:   software_management_end_to_end/
14:06:24 INFO  Title: Validate end to end behaviour for the apt plugin for multiple packages with mixed versions
14:06:24 INFO  ==============================================================
14:06:24 INFO  Using sw id database: {'asciijump': '5475369', 'robotfindskitten': '5474869', 'squirrel3': '5475279', 'rolldice': '5152439', 'moon-buggy': '5439204', 'apple': '5495053', 'banana': '5494888', 'cherry': '5495382', 'watermelon': '5494510', 'registry': '8018911', 'hello-world': '8021526', 'docker/getting-started': '8021973', 'alpine': '7991792'}
14:06:24 INFO  EnvironmentC8y Setup
14:06:25 INFO  Executed systemctl&lt;serv_mapper1&gt;, exit status 3
14:06:25 INFO  Restarting mosquitto too frequently in the last 10 seconds. It was only up for 4 seconds
14:06:25 INFO  Delaying execution by 7 seconds
14:06:46 INFO  Executed sudo&lt;tedge_connect_c8y&gt;, exit status 0, duration 13 secs
14:06:47 INFO  Executed sudo&lt;tedge_connect_c8y_test&gt;, exit status 0
14:06:47 INFO  Executed systemctl&lt;serv_mosq2&gt;, exit status 0
14:06:48 INFO  Executed systemctl&lt;serv_mapper3&gt;, exit status 0
14:06:50 INFO  State of current operation: PENDING
14:06:52 INFO  State of current operation: PENDING
14:06:54 INFO  State of current operation: PENDING
14:06:57 INFO  State of current operation: PENDING
14:06:59 INFO  State of current operation: PENDING
14:07:01 INFO  State of current operation: PENDING
14:07:03 INFO  State of current operation: PENDING
14:07:05 INFO  State of current operation: PENDING
14:07:08 INFO  State of current operation: PENDING
14:07:10 INFO  State of current operation: PENDING
14:07:12 INFO  State of current operation: PENDING
14:07:14 INFO  State of current operation: PENDING
14:07:17 INFO  State of current operation: PENDING
14:07:19 INFO  State of current operation: PENDING
14:07:21 INFO  State of current operation: PENDING
14:07:23 INFO  State of current operation: PENDING
14:07:26 INFO  State of current operation: PENDING
14:07:28 INFO  State of current operation: PENDING
14:07:30 INFO  State of current operation: PENDING
14:07:32 INFO  State of current operation: PENDING
14:07:34 INFO  State of current operation: PENDING
14:07:37 INFO  State of current operation: PENDING
14:07:39 INFO  State of current operation: PENDING
14:07:41 INFO  State of current operation: PENDING
14:07:43 INFO  State of current operation: PENDING
14:07:46 INFO  State of current operation: PENDING
14:07:48 INFO  State of current operation: PENDING
14:07:50 INFO  State of current operation: PENDING
14:07:52 INFO  State of current operation: PENDING
14:07:54 INFO  State of current operation: PENDING
14:07:57 INFO  State of current operation: PENDING
14:07:59 INFO  State of current operation: PENDING
14:08:01 INFO  State of current operation: PENDING
14:08:03 INFO  State of current operation: PENDING
14:08:06 INFO  State of current operation: PENDING
14:08:08 INFO  State of current operation: PENDING
14:08:10 INFO  State of current operation: PENDING
14:08:12 INFO  State of current operation: PENDING
14:08:15 INFO  State of current operation: PENDING
14:08:17 INFO  State of current operation: PENDING
14:08:19 INFO  State of current operation: PENDING
14:08:21 INFO  State of current operation: PENDING
14:08:24 INFO  State of current operation: PENDING
14:08:26 INFO  State of current operation: PENDING
14:08:28 INFO  State of current operation: PENDING
14:08:30 INFO  State of current operation: PENDING
14:08:32 INFO  State of current operation: PENDING
14:08:35 INFO  State of current operation: PENDING
14:08:37 INFO  State of current operation: PENDING
14:08:39 INFO  State of current operation: PENDING
14:08:42 INFO  State of current operation: PENDING
14:08:44 INFO  State of current operation: PENDING
14:08:46 INFO  State of current operation: PENDING
14:08:48 INFO  State of current operation: PENDING
14:08:50 INFO  State of current operation: PENDING
14:08:53 INFO  State of current operation: PENDING
14:08:55 INFO  State of current operation: PENDING
14:08:57 INFO  State of current operation: PENDING
14:08:59 INFO  State of current operation: PENDING
14:09:02 INFO  State of current operation: PENDING
14:09:04 INFO  State of current operation: PENDING
14:09:06 WARN  SystemError occurred while running test - Timeout while waiting for status FAILED or SUCCESSFUL
Traceback (most recent call last):
  File &quot;/home/pi/env-pysys/lib/python3.7/site-packages/pysys/baserunner.py&quot;, line 1292, in __call__
    self.testObj.setup()
  File &quot;/home/pi/actions-runner/_work/thin-edge.io/thin-edge.io/tests/PySys/software_management_end_to_end/sm_apt_install_remove_multiple_mixed/run.py&quot;, line 73, in setup
    super().setup()
  File &quot;/home/pi/actions-runner/_work/thin-edge.io/thin-edge.io/tests/PySys/software_management_end_to_end/environment_sm_management.py&quot;, line 151, in setup
    self.wait_until_end()
  File &quot;/home/pi/actions-runner/_work/thin-edge.io/thin-edge.io/tests/PySys/software_management_end_to_end/environment_sm_management.py&quot;, line 332, in wait_until_end
    self.wait_until_status(&quot;FAILED&quot;, &quot;SUCCESSFUL&quot;)
  File &quot;/home/pi/actions-runner/_work/thin-edge.io/thin-edge.io/tests/PySys/software_management_end_to_end/environment_sm_management.py&quot;, line 381, in wait_until_status
    &quot;Timeout while waiting for status %s or %s&quot; % (status, status2)
SystemError: Timeout while waiting for status FAILED or SUCCESSFUL
14:09:06 WARN  SystemError: Timeout while waiting for status FAILED or SUCCESSFUL ... blocked 
14:09:06 INFO  
14:09:06 INFO  cleanup:
14:09:10 INFO  Executed sudo&lt;tedge_disconnect_c8y&gt;, exit status 0
14:09:11 INFO  Executed systemctl&lt;serv_mapper5&gt;, exit status 3
14:09:11 INFO  
14:09:11 INFO  Test duration: 166.27 secs
14:09:11 INFO  Test final outcome:  BLOCKED
14:09:11 INFO  Test outcome reason: SystemError: Timeout while waiting for status FAILED or SUCCESSFUL
14:09:11 INFO  
</system-out>
	</testcase>
</testsuite>
