<?xml version="1.0" encoding="utf-8"?>
<testsuite failures="1" name="SoftwareManagement.sm_apt_install_remove_multiple" skipped="0" tests="1" time="197.22" timestamp="2022-07-21T23:44:25">
	<testcase classname="PySysTest" name="SoftwareManagement.sm_apt_install_remove_multiple">
		<failure message="FAILED: Assert that (False == value) with value=True" type="FAILED"/>
		<system-out>23:41:08 INFO  ==============================================================
23:41:08 INFO  Id:    SoftwareManagement.sm_apt_install_remove_multiple
23:41:08 INFO  Dir:   software_management_end_to_end/
23:41:08 INFO  Title: Validate end to end behaviour for the apt plugin for multiple packages
23:41:08 INFO  ==============================================================
23:41:08 INFO  Using sw id database: {'asciijump': '5475369', 'robotfindskitten': '5474869', 'squirrel3': '5475279', 'rolldice': '5152439', 'moon-buggy': '5439204', 'apple': '5495053', 'banana': '5494888', 'cherry': '5495382', 'watermelon': '5494510', 'registry': '8018911', 'hello-world': '8021526', 'docker/getting-started': '8021973', 'alpine': '7991792'}
23:41:08 INFO  EnvironmentC8y Setup
23:41:08 INFO  Executed systemctl&lt;serv_mapper1&gt;, exit status 3
23:41:08 INFO  Restarting mosquitto too frequently in the last 10 seconds. It was only up for 5 seconds
23:41:08 INFO  Delaying execution by 6 seconds
23:41:29 INFO  Executed sudo&lt;tedge_connect_c8y&gt;, exit status 0, duration 15 secs
23:41:30 INFO  Executed sudo&lt;tedge_connect_c8y_test&gt;, exit status 0
23:41:31 INFO  Executed systemctl&lt;serv_mosq2&gt;, exit status 0
23:41:31 INFO  Executed systemctl&lt;serv_mapper3&gt;, exit status 0
23:41:33 INFO  State of current operation: SUCCESSFUL
23:41:34 INFO  Assert that (False == value) with value=False ... passed
23:41:34 INFO  Assert that (False == value) with value=False ... passed
23:41:34 INFO  Assert that (False == value) with value=False ... passed
23:41:34 INFO  Package robotfindskitten is installed
23:41:34 WARN  Assert that (False == value) with value=True ... failed 
23:41:35 INFO  Response status: 201
23:41:35 INFO  Response to action: {
    &quot;creationTime&quot;: &quot;2022-07-21T23:41:35.163Z&quot;,
    &quot;deviceId&quot;: &quot;21167114&quot;,
    &quot;deviceName&quot;: &quot;m32sd10c&quot;,
    &quot;self&quot;: &quot;https://t493319102.eu-latest.cumulocity.com/devicecontrol/operations/21210686&quot;,
    &quot;id&quot;: &quot;21210686&quot;,
    &quot;status&quot;: &quot;PENDING&quot;,
    &quot;description&quot;: &quot;Apply software changes, triggered from PySys: [{'action': 'install', 'id': '5475369', 'name': 'asciijump', 'url': ' ', 'version': '::apt'}, {'action': 'install', 'id': '5474869', 'name': 'robotfindskitten', 'url': ' ', 'version': '::apt'}, {'action': 'install', 'id': '5475279', 'name': 'squirrel3', 'url': ' ', 'version': '::apt'}]&quot;,
    &quot;c8y_SoftwareUpdate&quot;: [
        {
            &quot;name&quot;: &quot;asciijump&quot;,
            &quot;action&quot;: &quot;install&quot;,
            &quot;id&quot;: &quot;5475369&quot;,
            &quot;version&quot;: &quot;::apt&quot;,
            &quot;url&quot;: &quot; &quot;
        },
        {
            &quot;name&quot;: &quot;robotfindskitten&quot;,
            &quot;action&quot;: &quot;install&quot;,
            &quot;id&quot;: &quot;5474869&quot;,
            &quot;version&quot;: &quot;::apt&quot;,
            &quot;url&quot;: &quot; &quot;
        },
        {
            &quot;name&quot;: &quot;squirrel3&quot;,
            &quot;action&quot;: &quot;install&quot;,
            &quot;id&quot;: &quot;5475279&quot;,
            &quot;version&quot;: &quot;::apt&quot;,
            &quot;url&quot;: &quot; &quot;
        }
    ]
}
23:41:35 INFO  Started operation: {'creationTime': '2022-07-21T23:41:35.163Z', 'deviceId': '21167114', 'deviceName': 'm32sd10c', 'self': 'https://t493319102.eu-latest.cumulocity.com/devicecontrol/operations/21210686', 'id': '21210686', 'status': 'PENDING', 'description': &quot;Apply software changes, triggered from PySys: [{'action': 'install', 'id': '5475369', 'name': 'asciijump', 'url': ' ', 'version': '::apt'}, {'action': 'install', 'id': '5474869', 'name': 'robotfindskitten', 'url': ' ', 'version': '::apt'}, {'action': 'install', 'id': '5475279', 'name': 'squirrel3', 'url': ' ', 'version': '::apt'}]&quot;, 'c8y_SoftwareUpdate': [{'name': 'asciijump', 'action': 'install', 'id': '5475369', 'version': '::apt', 'url': ' '}, {'name': 'robotfindskitten', 'action': 'install', 'id': '5474869', 'version': '::apt', 'url': ' '}, {'name': 'squirrel3', 'action': 'install', 'id': '5475279', 'version': '::apt', 'url': ' '}]}
23:41:37 INFO  State of operation 21210686 : PENDING
23:41:39 INFO  State of operation 21210686 : EXECUTING
23:41:41 INFO  State of operation 21210686 : EXECUTING
23:41:44 INFO  State of operation 21210686 : EXECUTING
23:41:46 INFO  State of operation 21210686 : EXECUTING
23:41:48 INFO  State of operation 21210686 : EXECUTING
23:41:51 INFO  State of operation 21210686 : EXECUTING
23:41:54 INFO  State of operation 21210686 : EXECUTING
23:41:57 INFO  State of operation 21210686 : EXECUTING
23:41:59 INFO  State of operation 21210686 : EXECUTING
23:42:01 INFO  State of operation 21210686 : EXECUTING
23:42:04 INFO  State of operation 21210686 : EXECUTING
23:42:06 INFO  State of operation 21210686 : EXECUTING
23:42:08 INFO  State of operation 21210686 : EXECUTING
23:42:10 INFO  State of operation 21210686 : EXECUTING
23:42:13 INFO  State of operation 21210686 : EXECUTING
23:42:15 INFO  State of operation 21210686 : EXECUTING
23:42:17 INFO  State of operation 21210686 : EXECUTING
23:42:20 INFO  State of operation 21210686 : EXECUTING
23:42:22 INFO  State of operation 21210686 : EXECUTING
23:42:25 INFO  State of operation 21210686 : EXECUTING
23:42:27 INFO  State of operation 21210686 : EXECUTING
23:42:29 INFO  State of operation 21210686 : EXECUTING
23:42:31 INFO  State of operation 21210686 : EXECUTING
23:42:34 INFO  State of operation 21210686 : EXECUTING
23:42:36 INFO  State of operation 21210686 : EXECUTING
23:42:39 INFO  State of operation 21210686 : EXECUTING
23:42:41 INFO  State of operation 21210686 : EXECUTING
23:42:44 INFO  State of operation 21210686 : EXECUTING
23:42:46 INFO  State of operation 21210686 : EXECUTING
23:42:49 INFO  State of operation 21210686 : EXECUTING
23:42:52 INFO  State of operation 21210686 : EXECUTING
23:42:54 INFO  State of operation 21210686 : EXECUTING
23:42:56 INFO  State of operation 21210686 : EXECUTING
23:42:59 INFO  State of operation 21210686 : EXECUTING
23:43:01 INFO  State of operation 21210686 : EXECUTING
23:43:03 INFO  State of operation 21210686 : SUCCESSFUL
23:43:03 INFO  Assert that (False == value) with value=False ... passed
23:43:03 INFO  Package asciijump is installed
23:43:03 INFO  Assert that (True == value) with value=True ... passed
23:43:04 INFO  Package squirrel3 is installed
23:43:04 INFO  Assert that (True == value) with value=True ... passed
23:43:04 INFO  Package robotfindskitten is installed
23:43:04 INFO  Assert that (True == value) with value=True ... passed
23:43:04 INFO  Response status: 201
23:43:04 INFO  Response to action: {
    &quot;creationTime&quot;: &quot;2022-07-21T23:43:04.573Z&quot;,
    &quot;deviceId&quot;: &quot;21167114&quot;,
    &quot;deviceName&quot;: &quot;m32sd10c&quot;,
    &quot;self&quot;: &quot;https://t493319102.eu-latest.cumulocity.com/devicecontrol/operations/21210697&quot;,
    &quot;id&quot;: &quot;21210697&quot;,
    &quot;status&quot;: &quot;PENDING&quot;,
    &quot;description&quot;: &quot;Apply software changes, triggered from PySys: [{'action': 'delete', 'id': '5475369', 'name': 'asciijump', 'url': ' ', 'version': '::apt'}, {'action': 'delete', 'id': '5474869', 'name': 'robotfindskitten', 'url': ' ', 'version': '::apt'}, {'action': 'delete', 'id': '5475279', 'name': 'squirrel3', 'url': ' ', 'version': '::apt'}]&quot;,
    &quot;c8y_SoftwareUpdate&quot;: [
        {
            &quot;name&quot;: &quot;asciijump&quot;,
            &quot;action&quot;: &quot;delete&quot;,
            &quot;id&quot;: &quot;5475369&quot;,
            &quot;version&quot;: &quot;::apt&quot;,
            &quot;url&quot;: &quot; &quot;
        },
        {
            &quot;name&quot;: &quot;robotfindskitten&quot;,
            &quot;action&quot;: &quot;delete&quot;,
            &quot;id&quot;: &quot;5474869&quot;,
            &quot;version&quot;: &quot;::apt&quot;,
            &quot;url&quot;: &quot; &quot;
        },
        {
            &quot;name&quot;: &quot;squirrel3&quot;,
            &quot;action&quot;: &quot;delete&quot;,
            &quot;id&quot;: &quot;5475279&quot;,
            &quot;version&quot;: &quot;::apt&quot;,
            &quot;url&quot;: &quot; &quot;
        }
    ]
}
23:43:04 INFO  Started operation: {'creationTime': '2022-07-21T23:43:04.573Z', 'deviceId': '21167114', 'deviceName': 'm32sd10c', 'self': 'https://t493319102.eu-latest.cumulocity.com/devicecontrol/operations/21210697', 'id': '21210697', 'status': 'PENDING', 'description': &quot;Apply software changes, triggered from PySys: [{'action': 'delete', 'id': '5475369', 'name': 'asciijump', 'url': ' ', 'version': '::apt'}, {'action': 'delete', 'id': '5474869', 'name': 'robotfindskitten', 'url': ' ', 'version': '::apt'}, {'action': 'delete', 'id': '5475279', 'name': 'squirrel3', 'url': ' ', 'version': '::apt'}]&quot;, 'c8y_SoftwareUpdate': [{'name': 'asciijump', 'action': 'delete', 'id': '5475369', 'version': '::apt', 'url': ' '}, {'name': 'robotfindskitten', 'action': 'delete', 'id': '5474869', 'version': '::apt', 'url': ' '}, {'name': 'squirrel3', 'action': 'delete', 'id': '5475279', 'version': '::apt', 'url': ' '}]}
23:43:06 INFO  State of operation 21210697 : PENDING
23:43:09 INFO  State of operation 21210697 : EXECUTING
23:43:11 INFO  State of operation 21210697 : EXECUTING
23:43:13 INFO  State of operation 21210697 : EXECUTING
23:43:15 INFO  State of operation 21210697 : EXECUTING
23:43:17 INFO  State of operation 21210697 : EXECUTING
23:43:20 INFO  State of operation 21210697 : EXECUTING
23:43:23 INFO  State of operation 21210697 : EXECUTING
23:43:26 INFO  State of operation 21210697 : EXECUTING
23:43:28 INFO  State of operation 21210697 : EXECUTING
23:43:31 INFO  State of operation 21210697 : EXECUTING
23:43:33 INFO  State of operation 21210697 : EXECUTING
23:43:35 INFO  State of operation 21210697 : EXECUTING
23:43:37 INFO  State of operation 21210697 : EXECUTING
23:43:39 INFO  State of operation 21210697 : EXECUTING
23:43:42 INFO  State of operation 21210697 : EXECUTING
23:43:44 INFO  State of operation 21210697 : EXECUTING
23:43:46 INFO  State of operation 21210697 : EXECUTING
23:43:49 INFO  State of operation 21210697 : EXECUTING
23:43:52 INFO  State of operation 21210697 : EXECUTING
23:43:54 INFO  State of operation 21210697 : EXECUTING
23:43:57 INFO  State of operation 21210697 : EXECUTING
23:43:59 INFO  State of operation 21210697 : EXECUTING
23:44:01 INFO  State of operation 21210697 : EXECUTING
23:44:03 INFO  State of operation 21210697 : EXECUTING
23:44:05 INFO  State of operation 21210697 : EXECUTING
23:44:08 INFO  State of operation 21210697 : EXECUTING
23:44:11 INFO  State of operation 21210697 : EXECUTING
23:44:13 INFO  State of operation 21210697 : EXECUTING
23:44:16 INFO  State of operation 21210697 : EXECUTING
23:44:18 INFO  State of operation 21210697 : SUCCESSFUL
23:44:18 INFO  Assert that (False == value) with value=False ... passed
23:44:18 INFO  Assert that (False == value) with value=False ... passed
23:44:18 INFO  Assert that (False == value) with value=False ... passed
23:44:19 INFO  Assert that (False == value) with value=False ... passed
23:44:19 INFO  
23:44:19 INFO  cleanup:
23:44:24 INFO  Executed sudo&lt;tedge_disconnect_c8y&gt;, exit status 0
23:44:25 INFO  Executed systemctl&lt;serv_mapper5&gt;, exit status 3
23:44:25 INFO  
23:44:25 INFO  Test duration: 197.22 secs
23:44:25 INFO  Test final outcome:  FAILED
23:44:25 INFO  Test outcome reason: Assert that (False == value) with value=True
23:44:25 INFO  
</system-out>
	</testcase>
</testsuite>
