<?xml version="1.0" encoding="utf-8"?>
<testsuite failures="1" name="SoftwareManagement.sm_apt_install_remove_multiple" skipped="0" tests="1" time="166.1" timestamp="2022-05-23T14:06:24">
	<testcase classname="PySysTest" name="SoftwareManagement.sm_apt_install_remove_multiple">
		<failure message="BLOCKED: SystemError: Timeout while waiting for status FAILED or SUCCESSFUL" type="BLOCKED"/>
		<system-out>14:03:38 INFO  ==============================================================
14:03:38 INFO  Id:    SoftwareManagement.sm_apt_install_remove_multiple
14:03:38 INFO  Dir:   software_management_end_to_end/
14:03:38 INFO  Title: Validate end to end behaviour for the apt plugin for multiple packages
14:03:38 INFO  ==============================================================
14:03:38 INFO  Using sw id database: {'asciijump': '5475369', 'robotfindskitten': '5474869', 'squirrel3': '5475279', 'rolldice': '5152439', 'moon-buggy': '5439204', 'apple': '5495053', 'banana': '5494888', 'cherry': '5495382', 'watermelon': '5494510', 'registry': '8018911', 'hello-world': '8021526', 'docker/getting-started': '8021973', 'alpine': '7991792'}
14:03:38 INFO  EnvironmentC8y Setup
14:03:39 INFO  Executed systemctl&lt;serv_mapper1&gt;, exit status 3
14:03:39 INFO  Restarting mosquitto too frequently in the last 10 seconds. It was only up for 4 seconds
14:03:39 INFO  Delaying execution by 7 seconds
14:04:00 INFO  Executed sudo&lt;tedge_connect_c8y&gt;, exit status 0, duration 13 secs
14:04:00 INFO  Executed sudo&lt;tedge_connect_c8y_test&gt;, exit status 0
14:04:01 INFO  Executed systemctl&lt;serv_mosq2&gt;, exit status 0
14:04:01 INFO  Executed systemctl&lt;serv_mapper3&gt;, exit status 0
14:04:04 INFO  State of current operation: PENDING
14:04:06 INFO  State of current operation: PENDING
14:04:08 INFO  State of current operation: PENDING
14:04:10 INFO  State of current operation: PENDING
14:04:13 INFO  State of current operation: PENDING
14:04:15 INFO  State of current operation: PENDING
14:04:17 INFO  State of current operation: PENDING
14:04:19 INFO  State of current operation: PENDING
14:04:21 INFO  State of current operation: PENDING
14:04:24 INFO  State of current operation: PENDING
14:04:26 INFO  State of current operation: PENDING
14:04:28 INFO  State of current operation: PENDING
14:04:30 INFO  State of current operation: PENDING
14:04:33 INFO  State of current operation: PENDING
14:04:35 INFO  State of current operation: PENDING
14:04:37 INFO  State of current operation: PENDING
14:04:39 INFO  State of current operation: PENDING
14:04:42 INFO  State of current operation: PENDING
14:04:44 INFO  State of current operation: PENDING
14:04:46 INFO  State of current operation: PENDING
14:04:48 INFO  State of current operation: PENDING
14:04:50 INFO  State of current operation: PENDING
14:04:53 INFO  State of current operation: PENDING
14:04:55 INFO  State of current operation: PENDING
14:04:57 INFO  State of current operation: PENDING
14:04:59 INFO  State of current operation: PENDING
14:05:02 INFO  State of current operation: PENDING
14:05:04 INFO  State of current operation: PENDING
14:05:06 INFO  State of current operation: PENDING
14:05:08 INFO  State of current operation: PENDING
14:05:11 INFO  State of current operation: PENDING
14:05:13 INFO  State of current operation: PENDING
14:05:15 INFO  State of current operation: PENDING
14:05:17 INFO  State of current operation: PENDING
14:05:19 INFO  State of current operation: PENDING
14:05:22 INFO  State of current operation: PENDING
14:05:24 INFO  State of current operation: PENDING
14:05:26 INFO  State of current operation: PENDING
14:05:28 INFO  State of current operation: PENDING
14:05:31 INFO  State of current operation: PENDING
14:05:33 INFO  State of current operation: PENDING
14:05:35 INFO  State of current operation: PENDING
14:05:37 INFO  State of current operation: PENDING
14:05:40 INFO  State of current operation: PENDING
14:05:42 INFO  State of current operation: PENDING
14:05:44 INFO  State of current operation: PENDING
14:05:46 INFO  State of current operation: PENDING
14:05:48 INFO  State of current operation: PENDING
14:05:51 INFO  State of current operation: PENDING
14:05:53 INFO  State of current operation: PENDING
14:05:55 INFO  State of current operation: PENDING
14:05:57 INFO  State of current operation: PENDING
14:06:00 INFO  State of current operation: PENDING
14:06:02 INFO  State of current operation: PENDING
14:06:04 INFO  State of current operation: PENDING
14:06:06 INFO  State of current operation: PENDING
14:06:09 INFO  State of current operation: PENDING
14:06:11 INFO  State of current operation: PENDING
14:06:13 INFO  State of current operation: PENDING
14:06:15 INFO  State of current operation: PENDING
14:06:18 INFO  State of current operation: PENDING
14:06:20 WARN  SystemError occurred while running test - Timeout while waiting for status FAILED or SUCCESSFUL
Traceback (most recent call last):
  File &quot;/home/pi/env-pysys/lib/python3.7/site-packages/pysys/baserunner.py&quot;, line 1292, in __call__
    self.testObj.setup()
  File &quot;/home/pi/actions-runner/_work/thin-edge.io/thin-edge.io/tests/PySys/software_management_end_to_end/sm_apt_install_remove_multiple/run.py&quot;, line 52, in setup
    super().setup()
  File &quot;/home/pi/actions-runner/_work/thin-edge.io/thin-edge.io/tests/PySys/software_management_end_to_end/environment_sm_management.py&quot;, line 151, in setup
    self.wait_until_end()
  File &quot;/home/pi/actions-runner/_work/thin-edge.io/thin-edge.io/tests/PySys/software_management_end_to_end/environment_sm_management.py&quot;, line 332, in wait_until_end
    self.wait_until_status(&quot;FAILED&quot;, &quot;SUCCESSFUL&quot;)
  File &quot;/home/pi/actions-runner/_work/thin-edge.io/thin-edge.io/tests/PySys/software_management_end_to_end/environment_sm_management.py&quot;, line 381, in wait_until_status
    &quot;Timeout while waiting for status %s or %s&quot; % (status, status2)
SystemError: Timeout while waiting for status FAILED or SUCCESSFUL
14:06:20 WARN  SystemError: Timeout while waiting for status FAILED or SUCCESSFUL ... blocked 
14:06:20 INFO  
14:06:20 INFO  cleanup:
14:06:24 INFO  Executed sudo&lt;tedge_disconnect_c8y&gt;, exit status 0
14:06:24 INFO  Executed systemctl&lt;serv_mapper5&gt;, exit status 3
14:06:24 INFO  
14:06:24 INFO  Test duration: 166.10 secs
14:06:24 INFO  Test final outcome:  BLOCKED
14:06:24 INFO  Test outcome reason: SystemError: Timeout while waiting for status FAILED or SUCCESSFUL
14:06:24 INFO  
</system-out>
	</testcase>
</testsuite>
