<?xml version="1.0" encoding="utf-8"?>
<testsuite failures="0" name="apt_finalize" skipped="0" tests="1" time="151.25" timestamp="2022-06-08T11:45:24">
	<testcase classname="AptPluginFinalize" name="apt_finalize"/>
</testsuite>
