<?xml version="1.0" encoding="utf-8"?>
<testsuite failures="1" name="SoftwareManagement.sm_apt_install_fail" skipped="0" tests="1" time="165.91" timestamp="2022-05-23T09:06:00">
	<testcase classname="PySysTest" name="SoftwareManagement.sm_apt_install_fail">
		<failure message="BLOCKED: SystemError: Timeout while waiting for status FAILED or SUCCESSFUL" type="BLOCKED"/>
		<system-out>09:03:14 INFO  ==============================================================
09:03:14 INFO  Id:    SoftwareManagement.sm_apt_install_fail
09:03:14 INFO  Dir:   software_management_end_to_end/
09:03:14 INFO  Title: Validate end to end behaviour for a failing installation
09:03:14 INFO  ==============================================================
09:03:14 INFO  Using sw id database: {'asciijump': '5475369', 'robotfindskitten': '5474869', 'squirrel3': '5475279', 'rolldice': '5152439', 'moon-buggy': '5439204', 'apple': '5495053', 'banana': '5494888', 'cherry': '5495382', 'watermelon': '5494510', 'registry': '8018911', 'hello-world': '8021526', 'docker/getting-started': '8021973', 'alpine': '7991792'}
09:03:14 INFO  EnvironmentC8y Setup
09:03:15 INFO  Executed systemctl&lt;serv_mapper1&gt;, exit status 3
09:03:15 INFO  Restarting mosquitto too frequently in the last 10 seconds. It was only up for 5 seconds
09:03:15 INFO  Delaying execution by 6 seconds
09:03:35 INFO  Executed sudo&lt;tedge_connect_c8y&gt;, exit status 0, duration 13 secs
09:03:35 INFO  Executed sudo&lt;tedge_connect_c8y_test&gt;, exit status 0
09:03:36 INFO  Executed systemctl&lt;serv_mosq2&gt;, exit status 0
09:03:36 INFO  Executed systemctl&lt;serv_mapper3&gt;, exit status 0
09:03:38 INFO  State of current operation: PENDING
09:03:41 INFO  State of current operation: PENDING
09:03:43 INFO  State of current operation: PENDING
09:03:45 INFO  State of current operation: PENDING
09:03:47 INFO  State of current operation: PENDING
09:03:50 INFO  State of current operation: PENDING
09:03:52 INFO  State of current operation: PENDING
09:03:54 INFO  State of current operation: PENDING
09:03:56 INFO  State of current operation: PENDING
09:03:59 INFO  State of current operation: PENDING
09:04:01 INFO  State of current operation: PENDING
09:04:03 INFO  State of current operation: PENDING
09:04:05 INFO  State of current operation: PENDING
09:04:08 INFO  State of current operation: PENDING
09:04:10 INFO  State of current operation: PENDING
09:04:12 INFO  State of current operation: PENDING
09:04:14 INFO  State of current operation: PENDING
09:04:16 INFO  State of current operation: PENDING
09:04:19 INFO  State of current operation: PENDING
09:04:21 INFO  State of current operation: PENDING
09:04:23 INFO  State of current operation: PENDING
09:04:25 INFO  State of current operation: PENDING
09:04:28 INFO  State of current operation: PENDING
09:04:30 INFO  State of current operation: PENDING
09:04:32 INFO  State of current operation: PENDING
09:04:34 INFO  State of current operation: PENDING
09:04:37 INFO  State of current operation: PENDING
09:04:39 INFO  State of current operation: PENDING
09:04:42 INFO  State of current operation: PENDING
09:04:44 INFO  State of current operation: PENDING
09:04:46 INFO  State of current operation: PENDING
09:04:48 INFO  State of current operation: PENDING
09:04:51 INFO  State of current operation: PENDING
09:04:53 INFO  State of current operation: PENDING
09:04:55 INFO  State of current operation: PENDING
09:04:57 INFO  State of current operation: PENDING
09:04:59 INFO  State of current operation: PENDING
09:05:02 INFO  State of current operation: PENDING
09:05:04 INFO  State of current operation: PENDING
09:05:06 INFO  State of current operation: PENDING
09:05:08 INFO  State of current operation: PENDING
09:05:11 INFO  State of current operation: PENDING
09:05:13 INFO  State of current operation: PENDING
09:05:15 INFO  State of current operation: PENDING
09:05:18 INFO  State of current operation: PENDING
09:05:20 INFO  State of current operation: PENDING
09:05:22 INFO  State of current operation: PENDING
09:05:24 INFO  State of current operation: PENDING
09:05:26 INFO  State of current operation: PENDING
09:05:29 INFO  State of current operation: PENDING
09:05:31 INFO  State of current operation: PENDING
09:05:33 INFO  State of current operation: PENDING
09:05:35 INFO  State of current operation: PENDING
09:05:38 INFO  State of current operation: PENDING
09:05:40 INFO  State of current operation: PENDING
09:05:42 INFO  State of current operation: PENDING
09:05:44 INFO  State of current operation: PENDING
09:05:47 INFO  State of current operation: PENDING
09:05:49 INFO  State of current operation: PENDING
09:05:51 INFO  State of current operation: PENDING
09:05:53 INFO  State of current operation: PENDING
09:05:55 WARN  SystemError occurred while running test - Timeout while waiting for status FAILED or SUCCESSFUL
Traceback (most recent call last):
  File &quot;/home/pi/env-pysys/lib/python3.7/site-packages/pysys/baserunner.py&quot;, line 1292, in __call__
    self.testObj.setup()
  File &quot;/home/pi/actions-runner/_work/thin-edge.io/thin-edge.io/tests/PySys/software_management_end_to_end/sm_apt_install_fail/run.py&quot;, line 20, in setup
    super().setup()
  File &quot;/home/pi/actions-runner/_work/thin-edge.io/thin-edge.io/tests/PySys/software_management_end_to_end/environment_sm_management.py&quot;, line 151, in setup
    self.wait_until_end()
  File &quot;/home/pi/actions-runner/_work/thin-edge.io/thin-edge.io/tests/PySys/software_management_end_to_end/environment_sm_management.py&quot;, line 332, in wait_until_end
    self.wait_until_status(&quot;FAILED&quot;, &quot;SUCCESSFUL&quot;)
  File &quot;/home/pi/actions-runner/_work/thin-edge.io/thin-edge.io/tests/PySys/software_management_end_to_end/environment_sm_management.py&quot;, line 381, in wait_until_status
    &quot;Timeout while waiting for status %s or %s&quot; % (status, status2)
SystemError: Timeout while waiting for status FAILED or SUCCESSFUL
09:05:55 WARN  SystemError: Timeout while waiting for status FAILED or SUCCESSFUL ... blocked 
09:05:55 INFO  
09:05:55 INFO  cleanup:
09:05:59 INFO  Executed sudo&lt;tedge_disconnect_c8y&gt;, exit status 0
09:06:00 INFO  Executed systemctl&lt;serv_mapper5&gt;, exit status 3
09:06:00 INFO  
09:06:00 INFO  Test duration: 165.91 secs
09:06:00 INFO  Test final outcome:  BLOCKED
09:06:00 INFO  Test outcome reason: SystemError: Timeout while waiting for status FAILED or SUCCESSFUL
09:06:00 INFO  
</system-out>
	</testcase>
</testsuite>
