<?xml version="1.0" encoding="utf-8"?>
<testsuite failures="0" name="apt_prepare" skipped="0" tests="1" time="43.07" timestamp="2022-06-20T15:21:07">
	<testcase classname="AptPluginPrepare" name="apt_prepare"/>
</testsuite>
