<?xml version="1.0" encoding="utf-8"?>
<testsuite failures="1" name="SoftwareManagement.sm_apt_install_remove_multiple" skipped="0" tests="1" time="178.65" timestamp="2022-07-22T10:06:19">
	<testcase classname="PySysTest" name="SoftwareManagement.sm_apt_install_remove_multiple">
		<failure message="FAILED: Assert that (False == value) with value=True" type="FAILED"/>
		<system-out>10:03:21 INFO  ==============================================================
10:03:21 INFO  Id:    SoftwareManagement.sm_apt_install_remove_multiple
10:03:21 INFO  Dir:   software_management_end_to_end/
10:03:21 INFO  Title: Validate end to end behaviour for the apt plugin for multiple packages
10:03:21 INFO  ==============================================================
10:03:21 INFO  Using sw id database: {'asciijump': '5475369', 'robotfindskitten': '5474869', 'squirrel3': '5475279', 'rolldice': '5152439', 'moon-buggy': '5439204', 'apple': '5495053', 'banana': '5494888', 'cherry': '5495382', 'watermelon': '5494510', 'registry': '8018911', 'hello-world': '8021526', 'docker/getting-started': '8021973', 'alpine': '7991792'}
10:03:21 INFO  EnvironmentC8y Setup
10:03:21 INFO  Executed systemctl&lt;serv_mapper1&gt;, exit status 3
10:03:21 INFO  Restarting mosquitto too frequently in the last 10 seconds. It was only up for 4 seconds
10:03:21 INFO  Delaying execution by 7 seconds
10:03:42 INFO  Executed sudo&lt;tedge_connect_c8y&gt;, exit status 0, duration 13 secs
10:03:43 INFO  Executed sudo&lt;tedge_connect_c8y_test&gt;, exit status 0
10:03:44 INFO  Executed systemctl&lt;serv_mosq2&gt;, exit status 0
10:03:44 INFO  Executed systemctl&lt;serv_mapper3&gt;, exit status 0
10:03:46 INFO  State of current operation: SUCCESSFUL
10:03:47 INFO  Assert that (False == value) with value=False ... passed
10:03:47 INFO  Assert that (False == value) with value=False ... passed
10:03:47 INFO  Assert that (False == value) with value=False ... passed
10:03:47 INFO  Package robotfindskitten is installed
10:03:47 WARN  Assert that (False == value) with value=True ... failed 
10:03:48 INFO  Response status: 201
10:03:48 INFO  Response to action: {
    &quot;delivery&quot;: {
        &quot;log&quot;: [],
        &quot;time&quot;: &quot;2022-07-22T10:03:47.978Z&quot;,
        &quot;status&quot;: &quot;PENDING&quot;
    },
    &quot;creationTime&quot;: &quot;2022-07-22T10:03:47.959Z&quot;,
    &quot;deviceId&quot;: &quot;21266402&quot;,
    &quot;deviceName&quot;: &quot;m32sd10c&quot;,
    &quot;self&quot;: &quot;https://t493319102.eu-latest.cumulocity.com/devicecontrol/operations/21274809&quot;,
    &quot;id&quot;: &quot;21274809&quot;,
    &quot;status&quot;: &quot;PENDING&quot;,
    &quot;description&quot;: &quot;Apply software changes, triggered from PySys: [{'action': 'install', 'id': '5475369', 'name': 'asciijump', 'url': ' ', 'version': '::apt'}, {'action': 'install', 'id': '5474869', 'name': 'robotfindskitten', 'url': ' ', 'version': '::apt'}, {'action': 'install', 'id': '5475279', 'name': 'squirrel3', 'url': ' ', 'version': '::apt'}]&quot;,
    &quot;c8y_SoftwareUpdate&quot;: [
        {
            &quot;name&quot;: &quot;asciijump&quot;,
            &quot;action&quot;: &quot;install&quot;,
            &quot;id&quot;: &quot;5475369&quot;,
            &quot;version&quot;: &quot;::apt&quot;,
            &quot;url&quot;: &quot; &quot;
        },
        {
            &quot;name&quot;: &quot;robotfindskitten&quot;,
            &quot;action&quot;: &quot;install&quot;,
            &quot;id&quot;: &quot;5474869&quot;,
            &quot;version&quot;: &quot;::apt&quot;,
            &quot;url&quot;: &quot; &quot;
        },
        {
            &quot;name&quot;: &quot;squirrel3&quot;,
            &quot;action&quot;: &quot;install&quot;,
            &quot;id&quot;: &quot;5475279&quot;,
            &quot;version&quot;: &quot;::apt&quot;,
            &quot;url&quot;: &quot; &quot;
        }
    ]
}
10:03:48 INFO  Started operation: {'delivery': {'log': [], 'time': '2022-07-22T10:03:47.978Z', 'status': 'PENDING'}, 'creationTime': '2022-07-22T10:03:47.959Z', 'deviceId': '21266402', 'deviceName': 'm32sd10c', 'self': 'https://t493319102.eu-latest.cumulocity.com/devicecontrol/operations/21274809', 'id': '21274809', 'status': 'PENDING', 'description': &quot;Apply software changes, triggered from PySys: [{'action': 'install', 'id': '5475369', 'name': 'asciijump', 'url': ' ', 'version': '::apt'}, {'action': 'install', 'id': '5474869', 'name': 'robotfindskitten', 'url': ' ', 'version': '::apt'}, {'action': 'install', 'id': '5475279', 'name': 'squirrel3', 'url': ' ', 'version': '::apt'}]&quot;, 'c8y_SoftwareUpdate': [{'name': 'asciijump', 'action': 'install', 'id': '5475369', 'version': '::apt', 'url': ' '}, {'name': 'robotfindskitten', 'action': 'install', 'id': '5474869', 'version': '::apt', 'url': ' '}, {'name': 'squirrel3', 'action': 'install', 'id': '5475279', 'version': '::apt', 'url': ' '}]}
10:03:50 INFO  State of operation 21274809 : PENDING
10:03:52 INFO  State of operation 21274809 : EXECUTING
10:03:54 INFO  State of operation 21274809 : EXECUTING
10:03:56 INFO  State of operation 21274809 : EXECUTING
10:03:59 INFO  State of operation 21274809 : EXECUTING
10:04:01 INFO  State of operation 21274809 : EXECUTING
10:04:04 INFO  State of operation 21274809 : EXECUTING
10:04:06 INFO  State of operation 21274809 : EXECUTING
10:04:09 INFO  State of operation 21274809 : EXECUTING
10:04:11 INFO  State of operation 21274809 : EXECUTING
10:04:13 INFO  State of operation 21274809 : EXECUTING
10:04:15 INFO  State of operation 21274809 : EXECUTING
10:04:18 INFO  State of operation 21274809 : EXECUTING
10:04:20 INFO  State of operation 21274809 : EXECUTING
10:04:22 INFO  State of operation 21274809 : EXECUTING
10:04:25 INFO  State of operation 21274809 : EXECUTING
10:04:27 INFO  State of operation 21274809 : EXECUTING
10:04:30 INFO  State of operation 21274809 : EXECUTING
10:04:32 INFO  State of operation 21274809 : EXECUTING
10:04:34 INFO  State of operation 21274809 : EXECUTING
10:04:36 INFO  State of operation 21274809 : EXECUTING
10:04:39 INFO  State of operation 21274809 : EXECUTING
10:04:41 INFO  State of operation 21274809 : EXECUTING
10:04:44 INFO  State of operation 21274809 : EXECUTING
10:04:46 INFO  State of operation 21274809 : EXECUTING
10:04:49 INFO  State of operation 21274809 : EXECUTING
10:04:51 INFO  State of operation 21274809 : EXECUTING
10:04:54 INFO  State of operation 21274809 : EXECUTING
10:04:56 INFO  State of operation 21274809 : EXECUTING
10:04:58 INFO  State of operation 21274809 : EXECUTING
10:05:00 INFO  State of operation 21274809 : EXECUTING
10:05:03 INFO  State of operation 21274809 : EXECUTING
10:05:05 INFO  State of operation 21274809 : EXECUTING
10:05:07 INFO  State of operation 21274809 : SUCCESSFUL
10:05:07 INFO  Assert that (False == value) with value=False ... passed
10:05:08 INFO  Package asciijump is installed
10:05:08 INFO  Assert that (True == value) with value=True ... passed
10:05:08 INFO  Package squirrel3 is installed
10:05:08 INFO  Assert that (True == value) with value=True ... passed
10:05:08 INFO  Package robotfindskitten is installed
10:05:08 INFO  Assert that (True == value) with value=True ... passed
10:05:08 INFO  Response status: 201
10:05:08 INFO  Response to action: {
    &quot;delivery&quot;: {
        &quot;log&quot;: [],
        &quot;time&quot;: &quot;2022-07-22T10:05:08.902Z&quot;,
        &quot;status&quot;: &quot;PENDING&quot;
    },
    &quot;creationTime&quot;: &quot;2022-07-22T10:05:08.878Z&quot;,
    &quot;deviceId&quot;: &quot;21266402&quot;,
    &quot;deviceName&quot;: &quot;m32sd10c&quot;,
    &quot;self&quot;: &quot;https://t493319102.eu-latest.cumulocity.com/devicecontrol/operations/21274819&quot;,
    &quot;id&quot;: &quot;21274819&quot;,
    &quot;status&quot;: &quot;PENDING&quot;,
    &quot;description&quot;: &quot;Apply software changes, triggered from PySys: [{'action': 'delete', 'id': '5475369', 'name': 'asciijump', 'url': ' ', 'version': '::apt'}, {'action': 'delete', 'id': '5474869', 'name': 'robotfindskitten', 'url': ' ', 'version': '::apt'}, {'action': 'delete', 'id': '5475279', 'name': 'squirrel3', 'url': ' ', 'version': '::apt'}]&quot;,
    &quot;c8y_SoftwareUpdate&quot;: [
        {
            &quot;name&quot;: &quot;asciijump&quot;,
            &quot;action&quot;: &quot;delete&quot;,
            &quot;id&quot;: &quot;5475369&quot;,
            &quot;version&quot;: &quot;::apt&quot;,
            &quot;url&quot;: &quot; &quot;
        },
        {
            &quot;name&quot;: &quot;robotfindskitten&quot;,
            &quot;action&quot;: &quot;delete&quot;,
            &quot;id&quot;: &quot;5474869&quot;,
            &quot;version&quot;: &quot;::apt&quot;,
            &quot;url&quot;: &quot; &quot;
        },
        {
            &quot;name&quot;: &quot;squirrel3&quot;,
            &quot;action&quot;: &quot;delete&quot;,
            &quot;id&quot;: &quot;5475279&quot;,
            &quot;version&quot;: &quot;::apt&quot;,
            &quot;url&quot;: &quot; &quot;
        }
    ]
}
10:05:08 INFO  Started operation: {'delivery': {'log': [], 'time': '2022-07-22T10:05:08.902Z', 'status': 'PENDING'}, 'creationTime': '2022-07-22T10:05:08.878Z', 'deviceId': '21266402', 'deviceName': 'm32sd10c', 'self': 'https://t493319102.eu-latest.cumulocity.com/devicecontrol/operations/21274819', 'id': '21274819', 'status': 'PENDING', 'description': &quot;Apply software changes, triggered from PySys: [{'action': 'delete', 'id': '5475369', 'name': 'asciijump', 'url': ' ', 'version': '::apt'}, {'action': 'delete', 'id': '5474869', 'name': 'robotfindskitten', 'url': ' ', 'version': '::apt'}, {'action': 'delete', 'id': '5475279', 'name': 'squirrel3', 'url': ' ', 'version': '::apt'}]&quot;, 'c8y_SoftwareUpdate': [{'name': 'asciijump', 'action': 'delete', 'id': '5475369', 'version': '::apt', 'url': ' '}, {'name': 'robotfindskitten', 'action': 'delete', 'id': '5474869', 'version': '::apt', 'url': ' '}, {'name': 'squirrel3', 'action': 'delete', 'id': '5475279', 'version': '::apt', 'url': ' '}]}
10:05:11 INFO  State of operation 21274819 : PENDING
10:05:13 INFO  State of operation 21274819 : EXECUTING
10:05:15 INFO  State of operation 21274819 : EXECUTING
10:05:17 INFO  State of operation 21274819 : EXECUTING
10:05:20 INFO  State of operation 21274819 : EXECUTING
10:05:22 INFO  State of operation 21274819 : EXECUTING
10:05:25 INFO  State of operation 21274819 : EXECUTING
10:05:27 INFO  State of operation 21274819 : EXECUTING
10:05:30 INFO  State of operation 21274819 : EXECUTING
10:05:32 INFO  State of operation 21274819 : EXECUTING
10:05:34 INFO  State of operation 21274819 : EXECUTING
10:05:36 INFO  State of operation 21274819 : EXECUTING
10:05:39 INFO  State of operation 21274819 : EXECUTING
10:05:41 INFO  State of operation 21274819 : EXECUTING
10:05:43 INFO  State of operation 21274819 : EXECUTING
10:05:46 INFO  State of operation 21274819 : EXECUTING
10:05:48 INFO  State of operation 21274819 : EXECUTING
10:05:51 INFO  State of operation 21274819 : EXECUTING
10:05:53 INFO  State of operation 21274819 : EXECUTING
10:05:55 INFO  State of operation 21274819 : EXECUTING
10:05:58 INFO  State of operation 21274819 : EXECUTING
10:06:00 INFO  State of operation 21274819 : EXECUTING
10:06:02 INFO  State of operation 21274819 : EXECUTING
10:06:04 INFO  State of operation 21274819 : EXECUTING
10:06:07 INFO  State of operation 21274819 : EXECUTING
10:06:09 INFO  State of operation 21274819 : EXECUTING
10:06:12 INFO  State of operation 21274819 : EXECUTING
10:06:14 INFO  State of operation 21274819 : SUCCESSFUL
10:06:14 INFO  Assert that (False == value) with value=False ... passed
10:06:14 INFO  Assert that (False == value) with value=False ... passed
10:06:15 INFO  Assert that (False == value) with value=False ... passed
10:06:15 INFO  Assert that (False == value) with value=False ... passed
10:06:15 INFO  
10:06:15 INFO  cleanup:
10:06:19 INFO  Executed sudo&lt;tedge_disconnect_c8y&gt;, exit status 0
10:06:19 INFO  Executed systemctl&lt;serv_mapper5&gt;, exit status 3
10:06:19 INFO  
10:06:19 INFO  Test duration: 178.65 secs
10:06:19 INFO  Test final outcome:  FAILED
10:06:19 INFO  Test outcome reason: Assert that (False == value) with value=True
10:06:19 INFO  
</system-out>
	</testcase>
</testsuite>
