<?xml version="1.0" encoding="utf-8"?>
<testsuite failures="1" name="SoftwareManagement.sm_apt_install_download_path" skipped="0" tests="1" time="188.47" timestamp="2022-05-23T19:43:20">
	<testcase classname="AptInstallWithDownloadPath" name="SoftwareManagement.sm_apt_install_download_path">
		<failure message="BLOCKED: SystemError: Timeout while waiting for status FAILED or SUCCESSFUL" type="BLOCKED"/>
		<system-out>19:40:11 INFO  ==============================================================
19:40:11 INFO  Id:    SoftwareManagement.sm_apt_install_download_path
19:40:11 INFO  Dir:   software_management_end_to_end/
19:40:11 INFO  Title: Install package to directory specified in tedge config set tmp.path
19:40:11 INFO  ==============================================================
19:40:12 INFO  Using sw id database: {'asciijump': '5475369', 'robotfindskitten': '5474869', 'squirrel3': '5475279', 'rolldice': '5152439', 'moon-buggy': '5439204', 'apple': '5495053', 'banana': '5494888', 'cherry': '5495382', 'watermelon': '5494510', 'registry': '8018911', 'hello-world': '8021526', 'docker/getting-started': '8021973', 'alpine': '7991792'}
19:40:12 INFO  EnvironmentC8y Setup
19:40:12 INFO  Executed systemctl&lt;serv_mapper1&gt;, exit status 3
19:40:27 INFO  Executed sudo&lt;tedge_connect_c8y&gt;, exit status 0, duration 14 secs
19:40:28 INFO  Executed sudo&lt;tedge_connect_c8y_test&gt;, exit status 0
19:40:29 INFO  Executed systemctl&lt;serv_mosq2&gt;, exit status 0
19:40:30 INFO  Executed systemctl&lt;serv_mapper3&gt;, exit status 0
19:40:32 INFO  State of current operation: PENDING
19:40:34 INFO  State of current operation: PENDING
19:40:36 INFO  State of current operation: PENDING
19:40:39 INFO  State of current operation: PENDING
19:40:41 INFO  State of current operation: PENDING
19:40:43 INFO  State of current operation: PENDING
19:40:45 INFO  State of current operation: PENDING
19:40:48 INFO  State of current operation: PENDING
19:40:50 INFO  State of current operation: PENDING
19:40:53 INFO  State of current operation: PENDING
19:40:55 INFO  State of current operation: PENDING
19:40:57 INFO  State of current operation: PENDING
19:40:59 INFO  State of current operation: PENDING
19:41:02 INFO  State of current operation: PENDING
19:41:04 INFO  State of current operation: PENDING
19:41:06 INFO  State of current operation: PENDING
19:41:08 INFO  State of current operation: PENDING
19:41:11 INFO  State of current operation: PENDING
19:41:13 INFO  State of current operation: PENDING
19:41:15 INFO  State of current operation: PENDING
19:41:17 INFO  State of current operation: PENDING
19:41:20 INFO  State of current operation: PENDING
19:41:22 INFO  State of current operation: PENDING
19:41:24 INFO  State of current operation: PENDING
19:41:26 INFO  State of current operation: PENDING
19:41:28 INFO  State of current operation: PENDING
19:41:31 INFO  State of current operation: PENDING
19:41:33 INFO  State of current operation: PENDING
19:41:35 INFO  State of current operation: PENDING
19:41:37 INFO  State of current operation: PENDING
19:41:40 INFO  State of current operation: PENDING
19:41:42 INFO  State of current operation: PENDING
19:41:44 INFO  State of current operation: PENDING
19:41:46 INFO  State of current operation: PENDING
19:41:49 INFO  State of current operation: PENDING
19:41:51 INFO  State of current operation: PENDING
19:41:53 INFO  State of current operation: PENDING
19:41:55 INFO  State of current operation: PENDING
19:41:57 INFO  State of current operation: PENDING
19:42:00 INFO  State of current operation: PENDING
19:42:02 INFO  State of current operation: PENDING
19:42:04 INFO  State of current operation: PENDING
19:42:06 INFO  State of current operation: PENDING
19:42:09 INFO  State of current operation: PENDING
19:42:11 INFO  State of current operation: PENDING
19:42:13 INFO  State of current operation: PENDING
19:42:15 INFO  State of current operation: PENDING
19:42:18 INFO  State of current operation: PENDING
19:42:20 INFO  State of current operation: PENDING
19:42:22 INFO  State of current operation: PENDING
19:42:24 INFO  State of current operation: PENDING
19:42:27 INFO  State of current operation: PENDING
19:42:29 INFO  State of current operation: PENDING
19:42:31 INFO  State of current operation: PENDING
19:42:33 INFO  State of current operation: PENDING
19:42:36 INFO  State of current operation: PENDING
19:42:38 INFO  State of current operation: PENDING
19:42:40 INFO  State of current operation: PENDING
19:42:42 INFO  State of current operation: PENDING
19:42:44 INFO  State of current operation: PENDING
19:42:47 INFO  State of current operation: PENDING
19:42:49 WARN  SystemError occurred while running test - Timeout while waiting for status FAILED or SUCCESSFUL
Traceback (most recent call last):
  File &quot;/home/pi/env-pysys/lib/python3.7/site-packages/pysys/baserunner.py&quot;, line 1292, in __call__
    self.testObj.setup()
  File &quot;/home/pi/actions-runner/_work/thin-edge.io/thin-edge.io/tests/PySys/software_management_end_to_end/sm_apt_install_download_path/run.py&quot;, line 48, in setup
    super().setup()
  File &quot;/home/pi/actions-runner/_work/thin-edge.io/thin-edge.io/tests/PySys/software_management_end_to_end/environment_sm_management.py&quot;, line 151, in setup
    self.wait_until_end()
  File &quot;/home/pi/actions-runner/_work/thin-edge.io/thin-edge.io/tests/PySys/software_management_end_to_end/environment_sm_management.py&quot;, line 332, in wait_until_end
    self.wait_until_status(&quot;FAILED&quot;, &quot;SUCCESSFUL&quot;)
  File &quot;/home/pi/actions-runner/_work/thin-edge.io/thin-edge.io/tests/PySys/software_management_end_to_end/environment_sm_management.py&quot;, line 381, in wait_until_status
    &quot;Timeout while waiting for status %s or %s&quot; % (status, status2)
SystemError: Timeout while waiting for status FAILED or SUCCESSFUL
19:42:49 WARN  SystemError: Timeout while waiting for status FAILED or SUCCESSFUL ... blocked 
19:42:49 INFO  
19:42:49 INFO  cleanup:
19:42:50 INFO  Executed sudo, exit status 0
19:42:50 INFO  Executed sudo, exit status 0
19:42:54 INFO  Executed sudo&lt;tedge_disconnect_c8y&gt;, exit status 0
19:42:54 INFO  Restarting mosquitto too frequently in the last 10 seconds. It was only up for 4 seconds
19:42:54 INFO  Delaying execution by 7 seconds
19:43:15 INFO  Executed sudo&lt;tedge_connect_c8y&gt;, exit status 0, duration 13 secs
19:43:19 INFO  Executed sudo&lt;tedge_disconnect_c8y&gt;, exit status 0
19:43:20 INFO  Executed systemctl&lt;serv_mapper5&gt;, exit status 3
19:43:20 INFO  
19:43:20 INFO  Test duration: 188.47 secs
19:43:20 INFO  Test final outcome:  BLOCKED
19:43:20 INFO  Test outcome reason: SystemError: Timeout while waiting for status FAILED or SUCCESSFUL
19:43:20 INFO  
</system-out>
	</testcase>
</testsuite>
