<?xml version="1.0" encoding="utf-8"?>
<testsuite failures="0" name="apt_remove" skipped="0" tests="1" time="64.94" timestamp="2022-05-23T15:21:55">
	<testcase classname="AptPluginRemoveDense" name="apt_remove"/>
</testsuite>
