<?xml version="1.0" encoding="utf-8"?>
<testsuite failures="1" name="SoftwareManagement.sm_apt_install_remove" skipped="0" tests="1" time="163.92" timestamp="2022-07-22T08:03:48">
	<testcase classname="PySysTest" name="SoftwareManagement.sm_apt_install_remove">
		<failure message="FAILED: Assert that (False == value) with value=True" type="FAILED"/>
		<system-out>08:01:04 INFO  ==============================================================
08:01:04 INFO  Id:    SoftwareManagement.sm_apt_install_remove
08:01:04 INFO  Dir:   software_management_end_to_end/
08:01:04 INFO  Title: Validate end to end behaviour for the apt plugin for installation and removal of packages
08:01:04 INFO  ==============================================================
08:01:04 INFO  Using sw id database: {'asciijump': '5475369', 'robotfindskitten': '5474869', 'squirrel3': '5475279', 'rolldice': '5152439', 'moon-buggy': '5439204', 'apple': '5495053', 'banana': '5494888', 'cherry': '5495382', 'watermelon': '5494510', 'registry': '8018911', 'hello-world': '8021526', 'docker/getting-started': '8021973', 'alpine': '7991792'}
08:01:04 INFO  EnvironmentC8y Setup
08:01:05 INFO  Executed systemctl&lt;serv_mapper1&gt;, exit status 3
08:01:05 INFO  Restarting mosquitto too frequently in the last 10 seconds. It was only up for 4 seconds
08:01:05 INFO  Delaying execution by 7 seconds
08:01:26 INFO  Executed sudo&lt;tedge_connect_c8y&gt;, exit status 0, duration 14 secs
08:01:27 INFO  Executed sudo&lt;tedge_connect_c8y_test&gt;, exit status 0
08:01:27 INFO  Executed systemctl&lt;serv_mosq2&gt;, exit status 0
08:01:28 INFO  Executed systemctl&lt;serv_mapper3&gt;, exit status 0
08:01:30 INFO  State of current operation: FAILED
08:01:30 INFO  Package rolldice is installed
08:01:35 INFO  Package rolldice is installed
08:01:35 WARN  Assert that (False == value) with value=True ... failed 
08:01:35 INFO  Response status: 201
08:01:35 INFO  Response to action: {
    &quot;creationTime&quot;: &quot;2022-07-22T08:01:35.292Z&quot;,
    &quot;deviceId&quot;: &quot;21231608&quot;,
    &quot;deviceName&quot;: &quot;m32sd10c&quot;,
    &quot;self&quot;: &quot;https://t493319102.eu-latest.cumulocity.com/devicecontrol/operations/21261000&quot;,
    &quot;id&quot;: &quot;21261000&quot;,
    &quot;status&quot;: &quot;PENDING&quot;,
    &quot;description&quot;: &quot;Apply software changes, triggered from PySys: [{'name': 'rolldice', 'id': '5152439', 'version': '::apt', 'url': '', 'action': 'install'}]&quot;,
    &quot;c8y_SoftwareUpdate&quot;: [
        {
            &quot;name&quot;: &quot;rolldice&quot;,
            &quot;action&quot;: &quot;install&quot;,
            &quot;id&quot;: &quot;5152439&quot;,
            &quot;version&quot;: &quot;::apt&quot;,
            &quot;url&quot;: &quot;&quot;
        }
    ]
}
08:01:35 INFO  Started operation: {'creationTime': '2022-07-22T08:01:35.292Z', 'deviceId': '21231608', 'deviceName': 'm32sd10c', 'self': 'https://t493319102.eu-latest.cumulocity.com/devicecontrol/operations/21261000', 'id': '21261000', 'status': 'PENDING', 'description': &quot;Apply software changes, triggered from PySys: [{'name': 'rolldice', 'id': '5152439', 'version': '::apt', 'url': '', 'action': 'install'}]&quot;, 'c8y_SoftwareUpdate': [{'name': 'rolldice', 'action': 'install', 'id': '5152439', 'version': '::apt', 'url': ''}]}
08:01:37 INFO  State of operation 21261000 : PENDING
08:01:39 INFO  State of operation 21261000 : EXECUTING
08:01:41 INFO  State of operation 21261000 : EXECUTING
08:01:44 INFO  State of operation 21261000 : EXECUTING
08:01:46 INFO  State of operation 21261000 : EXECUTING
08:01:48 INFO  State of operation 21261000 : EXECUTING
08:01:51 INFO  State of operation 21261000 : EXECUTING
08:01:54 INFO  State of operation 21261000 : EXECUTING
08:01:56 INFO  State of operation 21261000 : EXECUTING
08:01:58 INFO  State of operation 21261000 : EXECUTING
08:02:01 INFO  State of operation 21261000 : EXECUTING
08:02:03 INFO  State of operation 21261000 : EXECUTING
08:02:05 INFO  State of operation 21261000 : EXECUTING
08:02:07 INFO  State of operation 21261000 : EXECUTING
08:02:10 INFO  State of operation 21261000 : EXECUTING
08:02:13 INFO  State of operation 21261000 : EXECUTING
08:02:15 INFO  State of operation 21261000 : EXECUTING
08:02:17 INFO  State of operation 21261000 : EXECUTING
08:02:20 INFO  State of operation 21261000 : EXECUTING
08:02:22 INFO  State of operation 21261000 : EXECUTING
08:02:25 INFO  State of operation 21261000 : EXECUTING
08:02:27 INFO  State of operation 21261000 : EXECUTING
08:02:30 INFO  State of operation 21261000 : EXECUTING
08:02:33 INFO  State of operation 21261000 : EXECUTING
08:02:35 INFO  State of operation 21261000 : EXECUTING
08:02:38 INFO  State of operation 21261000 : EXECUTING
08:02:40 INFO  State of operation 21261000 : EXECUTING
08:02:42 INFO  State of operation 21261000 : EXECUTING
08:02:45 INFO  State of operation 21261000 : EXECUTING
08:02:47 INFO  State of operation 21261000 : EXECUTING
08:02:49 INFO  State of operation 21261000 : EXECUTING
08:02:51 INFO  State of operation 21261000 : SUCCESSFUL
08:02:52 INFO  Package rolldice is installed
08:02:52 INFO  Assert that (True == value) with value=True ... passed
08:02:52 INFO  Response status: 201
08:02:52 INFO  Response to action: {
    &quot;creationTime&quot;: &quot;2022-07-22T08:02:52.290Z&quot;,
    &quot;deviceId&quot;: &quot;21231608&quot;,
    &quot;deviceName&quot;: &quot;m32sd10c&quot;,
    &quot;self&quot;: &quot;https://t493319102.eu-latest.cumulocity.com/devicecontrol/operations/21261008&quot;,
    &quot;id&quot;: &quot;21261008&quot;,
    &quot;status&quot;: &quot;PENDING&quot;,
    &quot;description&quot;: &quot;Apply software changes, triggered from PySys: [{'name': 'rolldice', 'id': '5152439', 'version': '::apt', 'url': '', 'action': 'delete'}]&quot;,
    &quot;c8y_SoftwareUpdate&quot;: [
        {
            &quot;name&quot;: &quot;rolldice&quot;,
            &quot;action&quot;: &quot;delete&quot;,
            &quot;id&quot;: &quot;5152439&quot;,
            &quot;version&quot;: &quot;::apt&quot;,
            &quot;url&quot;: &quot;&quot;
        }
    ]
}
08:02:52 INFO  Started operation: {'creationTime': '2022-07-22T08:02:52.290Z', 'deviceId': '21231608', 'deviceName': 'm32sd10c', 'self': 'https://t493319102.eu-latest.cumulocity.com/devicecontrol/operations/21261008', 'id': '21261008', 'status': 'PENDING', 'description': &quot;Apply software changes, triggered from PySys: [{'name': 'rolldice', 'id': '5152439', 'version': '::apt', 'url': '', 'action': 'delete'}]&quot;, 'c8y_SoftwareUpdate': [{'name': 'rolldice', 'action': 'delete', 'id': '5152439', 'version': '::apt', 'url': ''}]}
08:02:54 INFO  State of operation 21261008 : PENDING
08:02:56 INFO  State of operation 21261008 : EXECUTING
08:02:59 INFO  State of operation 21261008 : EXECUTING
08:03:01 INFO  State of operation 21261008 : EXECUTING
08:03:03 INFO  State of operation 21261008 : EXECUTING
08:03:05 INFO  State of operation 21261008 : EXECUTING
08:03:08 INFO  State of operation 21261008 : EXECUTING
08:03:11 INFO  State of operation 21261008 : EXECUTING
08:03:13 INFO  State of operation 21261008 : EXECUTING
08:03:16 INFO  State of operation 21261008 : EXECUTING
08:03:20 INFO  State of operation 21261008 : EXECUTING
08:03:22 INFO  State of operation 21261008 : EXECUTING
08:03:25 INFO  State of operation 21261008 : EXECUTING
08:03:27 INFO  State of operation 21261008 : EXECUTING
08:03:30 INFO  State of operation 21261008 : EXECUTING
08:03:32 INFO  State of operation 21261008 : EXECUTING
08:03:34 INFO  State of operation 21261008 : EXECUTING
08:03:36 INFO  State of operation 21261008 : EXECUTING
08:03:39 INFO  State of operation 21261008 : EXECUTING
08:03:41 INFO  State of operation 21261008 : EXECUTING
08:03:43 INFO  State of operation 21261008 : SUCCESSFUL
08:03:43 INFO  Assert that (False == value) with value=False ... passed
08:03:43 INFO  
08:03:43 INFO  cleanup:
08:03:47 INFO  Executed sudo&lt;tedge_disconnect_c8y&gt;, exit status 0
08:03:48 INFO  Executed systemctl&lt;serv_mapper5&gt;, exit status 3
08:03:48 INFO  
08:03:48 INFO  Test duration: 163.92 secs
08:03:48 INFO  Test final outcome:  FAILED
08:03:48 INFO  Test outcome reason: Assert that (False == value) with value=True
08:03:48 INFO  
</system-out>
	</testcase>
</testsuite>
