<?xml version="1.0" encoding="utf-8"?>
<testsuite failures="0" name="apt_remove_fail" skipped="0" tests="1" time="8.64" timestamp="2022-07-27T09:41:14">
	<testcase classname="AptPluginRemoveFails" name="apt_remove_fail"/>
</testsuite>
