<?xml version="1.0" encoding="utf-8"?>
<testsuite failures="1" name="SoftwareManagement.sm_apt_install_remove_multiple" skipped="0" tests="1" time="164.84" timestamp="2022-05-23T19:54:06">
	<testcase classname="PySysTest" name="SoftwareManagement.sm_apt_install_remove_multiple">
		<failure message="BLOCKED: SystemError: Timeout while waiting for status FAILED or SUCCESSFUL" type="BLOCKED"/>
		<system-out>19:51:21 INFO  ==============================================================
19:51:21 INFO  Id:    SoftwareManagement.sm_apt_install_remove_multiple
19:51:21 INFO  Dir:   software_management_end_to_end/
19:51:21 INFO  Title: Validate end to end behaviour for the apt plugin for multiple packages
19:51:21 INFO  ==============================================================
19:51:21 INFO  Using sw id database: {'asciijump': '5475369', 'robotfindskitten': '5474869', 'squirrel3': '5475279', 'rolldice': '5152439', 'moon-buggy': '5439204', 'apple': '5495053', 'banana': '5494888', 'cherry': '5495382', 'watermelon': '5494510', 'registry': '8018911', 'hello-world': '8021526', 'docker/getting-started': '8021973', 'alpine': '7991792'}
19:51:21 INFO  EnvironmentC8y Setup
19:51:22 INFO  Executed systemctl&lt;serv_mapper1&gt;, exit status 3
19:51:22 INFO  Restarting mosquitto too frequently in the last 10 seconds. It was only up for 5 seconds
19:51:22 INFO  Delaying execution by 6 seconds
19:51:42 INFO  Executed sudo&lt;tedge_connect_c8y&gt;, exit status 0, duration 13 secs
19:51:42 INFO  Executed sudo&lt;tedge_connect_c8y_test&gt;, exit status 0
19:51:43 INFO  Executed systemctl&lt;serv_mosq2&gt;, exit status 0
19:51:43 INFO  Executed systemctl&lt;serv_mapper3&gt;, exit status 0
19:51:46 INFO  State of current operation: PENDING
19:51:48 INFO  State of current operation: PENDING
19:51:50 INFO  State of current operation: PENDING
19:51:52 INFO  State of current operation: PENDING
19:51:55 INFO  State of current operation: PENDING
19:51:57 INFO  State of current operation: PENDING
19:51:59 INFO  State of current operation: PENDING
19:52:01 INFO  State of current operation: PENDING
19:52:04 INFO  State of current operation: PENDING
19:52:06 INFO  State of current operation: PENDING
19:52:08 INFO  State of current operation: PENDING
19:52:10 INFO  State of current operation: PENDING
19:52:12 INFO  State of current operation: PENDING
19:52:15 INFO  State of current operation: PENDING
19:52:17 INFO  State of current operation: PENDING
19:52:19 INFO  State of current operation: PENDING
19:52:21 INFO  State of current operation: PENDING
19:52:24 INFO  State of current operation: PENDING
19:52:26 INFO  State of current operation: PENDING
19:52:28 INFO  State of current operation: PENDING
19:52:30 INFO  State of current operation: PENDING
19:52:32 INFO  State of current operation: PENDING
19:52:35 INFO  State of current operation: PENDING
19:52:37 INFO  State of current operation: PENDING
19:52:39 INFO  State of current operation: PENDING
19:52:41 INFO  State of current operation: PENDING
19:52:44 INFO  State of current operation: PENDING
19:52:46 INFO  State of current operation: PENDING
19:52:48 INFO  State of current operation: PENDING
19:52:50 INFO  State of current operation: PENDING
19:52:53 INFO  State of current operation: PENDING
19:52:55 INFO  State of current operation: PENDING
19:52:57 INFO  State of current operation: PENDING
19:52:59 INFO  State of current operation: PENDING
19:53:01 INFO  State of current operation: PENDING
19:53:04 INFO  State of current operation: PENDING
19:53:06 INFO  State of current operation: PENDING
19:53:08 INFO  State of current operation: PENDING
19:53:10 INFO  State of current operation: PENDING
19:53:13 INFO  State of current operation: PENDING
19:53:15 INFO  State of current operation: PENDING
19:53:17 INFO  State of current operation: PENDING
19:53:19 INFO  State of current operation: PENDING
19:53:22 INFO  State of current operation: PENDING
19:53:24 INFO  State of current operation: PENDING
19:53:26 INFO  State of current operation: PENDING
19:53:28 INFO  State of current operation: PENDING
19:53:30 INFO  State of current operation: PENDING
19:53:33 INFO  State of current operation: PENDING
19:53:35 INFO  State of current operation: PENDING
19:53:37 INFO  State of current operation: PENDING
19:53:40 INFO  State of current operation: PENDING
19:53:42 INFO  State of current operation: PENDING
19:53:44 INFO  State of current operation: PENDING
19:53:46 INFO  State of current operation: PENDING
19:53:48 INFO  State of current operation: PENDING
19:53:51 INFO  State of current operation: PENDING
19:53:53 INFO  State of current operation: PENDING
19:53:55 INFO  State of current operation: PENDING
19:53:57 INFO  State of current operation: PENDING
19:54:00 INFO  State of current operation: PENDING
19:54:02 WARN  SystemError occurred while running test - Timeout while waiting for status FAILED or SUCCESSFUL
Traceback (most recent call last):
  File &quot;/home/pi/env-pysys/lib/python3.7/site-packages/pysys/baserunner.py&quot;, line 1292, in __call__
    self.testObj.setup()
  File &quot;/home/pi/actions-runner/_work/thin-edge.io/thin-edge.io/tests/PySys/software_management_end_to_end/sm_apt_install_remove_multiple/run.py&quot;, line 52, in setup
    super().setup()
  File &quot;/home/pi/actions-runner/_work/thin-edge.io/thin-edge.io/tests/PySys/software_management_end_to_end/environment_sm_management.py&quot;, line 151, in setup
    self.wait_until_end()
  File &quot;/home/pi/actions-runner/_work/thin-edge.io/thin-edge.io/tests/PySys/software_management_end_to_end/environment_sm_management.py&quot;, line 332, in wait_until_end
    self.wait_until_status(&quot;FAILED&quot;, &quot;SUCCESSFUL&quot;)
  File &quot;/home/pi/actions-runner/_work/thin-edge.io/thin-edge.io/tests/PySys/software_management_end_to_end/environment_sm_management.py&quot;, line 381, in wait_until_status
    &quot;Timeout while waiting for status %s or %s&quot; % (status, status2)
SystemError: Timeout while waiting for status FAILED or SUCCESSFUL
19:54:02 WARN  SystemError: Timeout while waiting for status FAILED or SUCCESSFUL ... blocked 
19:54:02 INFO  
19:54:02 INFO  cleanup:
19:54:06 INFO  Executed sudo&lt;tedge_disconnect_c8y&gt;, exit status 0
19:54:06 INFO  Executed systemctl&lt;serv_mapper5&gt;, exit status 3
19:54:06 INFO  
19:54:06 INFO  Test duration: 164.84 secs
19:54:06 INFO  Test final outcome:  BLOCKED
19:54:06 INFO  Test outcome reason: SystemError: Timeout while waiting for status FAILED or SUCCESSFUL
19:54:06 INFO  
</system-out>
	</testcase>
</testsuite>
