<?xml version="1.0" encoding="utf-8"?>
<testsuite failures="1" name="SoftwareManagement.sm_apt_install_remove_multiple" skipped="0" tests="1" time="183.65" timestamp="2022-06-08T12:12:00">
	<testcase classname="PySysTest" name="SoftwareManagement.sm_apt_install_remove_multiple">
		<failure message="FAILED: Assert that (False == value) with value=True" type="FAILED"/>
		<system-out>12:08:57 INFO  ==============================================================
12:08:57 INFO  Id:    SoftwareManagement.sm_apt_install_remove_multiple
12:08:57 INFO  Dir:   software_management_end_to_end/
12:08:57 INFO  Title: Validate end to end behaviour for the apt plugin for multiple packages
12:08:57 INFO  ==============================================================
12:08:57 INFO  Using sw id database: {'asciijump': '5475369', 'robotfindskitten': '5474869', 'squirrel3': '5475279', 'rolldice': '5152439', 'moon-buggy': '5439204', 'apple': '5495053', 'banana': '5494888', 'cherry': '5495382', 'watermelon': '5494510', 'registry': '8018911', 'hello-world': '8021526', 'docker/getting-started': '8021973', 'alpine': '7991792'}
12:08:57 INFO  EnvironmentC8y Setup
12:08:57 INFO  Executed systemctl&lt;serv_mapper1&gt;, exit status 3
12:08:57 INFO  Restarting mosquitto too frequently in the last 10 seconds. It was only up for 4 seconds
12:08:57 INFO  Delaying execution by 7 seconds
12:09:19 INFO  Executed sudo&lt;tedge_connect_c8y&gt;, exit status 0, duration 14 secs
12:09:19 INFO  Executed sudo&lt;tedge_connect_c8y_test&gt;, exit status 0
12:09:20 INFO  Executed systemctl&lt;serv_mosq2&gt;, exit status 0
12:09:20 INFO  Executed systemctl&lt;serv_mapper3&gt;, exit status 0
12:09:22 INFO  State of current operation: SUCCESSFUL
12:09:23 INFO  Assert that (False == value) with value=False ... passed
12:09:23 INFO  Assert that (False == value) with value=False ... passed
12:09:23 INFO  Assert that (False == value) with value=False ... passed
12:09:23 INFO  Package robotfindskitten is installed
12:09:23 WARN  Assert that (False == value) with value=True ... failed 
12:09:24 INFO  Response status: 201
12:09:24 INFO  Response to action: {
    &quot;creationTime&quot;: &quot;2022-06-08T12:09:24.157Z&quot;,
    &quot;deviceId&quot;: &quot;20034146&quot;,
    &quot;deviceName&quot;: &quot;m32sd10d&quot;,
    &quot;self&quot;: &quot;https://t493319102.eu-latest.cumulocity.com/devicecontrol/operations/20043056&quot;,
    &quot;id&quot;: &quot;20043056&quot;,
    &quot;status&quot;: &quot;PENDING&quot;,
    &quot;description&quot;: &quot;Apply software changes, triggered from PySys: [{'action': 'install', 'id': '5475369', 'name': 'asciijump', 'url': ' ', 'version': '::apt'}, {'action': 'install', 'id': '5474869', 'name': 'robotfindskitten', 'url': ' ', 'version': '::apt'}, {'action': 'install', 'id': '5475279', 'name': 'squirrel3', 'url': ' ', 'version': '::apt'}]&quot;,
    &quot;c8y_SoftwareUpdate&quot;: [
        {
            &quot;name&quot;: &quot;asciijump&quot;,
            &quot;action&quot;: &quot;install&quot;,
            &quot;id&quot;: &quot;5475369&quot;,
            &quot;version&quot;: &quot;::apt&quot;,
            &quot;url&quot;: &quot; &quot;
        },
        {
            &quot;name&quot;: &quot;robotfindskitten&quot;,
            &quot;action&quot;: &quot;install&quot;,
            &quot;id&quot;: &quot;5474869&quot;,
            &quot;version&quot;: &quot;::apt&quot;,
            &quot;url&quot;: &quot; &quot;
        },
        {
            &quot;name&quot;: &quot;squirrel3&quot;,
            &quot;action&quot;: &quot;install&quot;,
            &quot;id&quot;: &quot;5475279&quot;,
            &quot;version&quot;: &quot;::apt&quot;,
            &quot;url&quot;: &quot; &quot;
        }
    ]
}
12:09:24 INFO  Started operation: {'creationTime': '2022-06-08T12:09:24.157Z', 'deviceId': '20034146', 'deviceName': 'm32sd10d', 'self': 'https://t493319102.eu-latest.cumulocity.com/devicecontrol/operations/20043056', 'id': '20043056', 'status': 'PENDING', 'description': &quot;Apply software changes, triggered from PySys: [{'action': 'install', 'id': '5475369', 'name': 'asciijump', 'url': ' ', 'version': '::apt'}, {'action': 'install', 'id': '5474869', 'name': 'robotfindskitten', 'url': ' ', 'version': '::apt'}, {'action': 'install', 'id': '5475279', 'name': 'squirrel3', 'url': ' ', 'version': '::apt'}]&quot;, 'c8y_SoftwareUpdate': [{'name': 'asciijump', 'action': 'install', 'id': '5475369', 'version': '::apt', 'url': ' '}, {'name': 'robotfindskitten', 'action': 'install', 'id': '5474869', 'version': '::apt', 'url': ' '}, {'name': 'squirrel3', 'action': 'install', 'id': '5475279', 'version': '::apt', 'url': ' '}]}
12:09:26 INFO  State of operation 20043056 : PENDING
12:09:28 INFO  State of operation 20043056 : EXECUTING
12:09:30 INFO  State of operation 20043056 : EXECUTING
12:09:33 INFO  State of operation 20043056 : EXECUTING
12:09:35 INFO  State of operation 20043056 : EXECUTING
12:09:37 INFO  State of operation 20043056 : EXECUTING
12:09:40 INFO  State of operation 20043056 : EXECUTING
12:09:43 INFO  State of operation 20043056 : EXECUTING
12:09:45 INFO  State of operation 20043056 : EXECUTING
12:09:48 INFO  State of operation 20043056 : EXECUTING
12:09:50 INFO  State of operation 20043056 : EXECUTING
12:09:52 INFO  State of operation 20043056 : EXECUTING
12:09:54 INFO  State of operation 20043056 : EXECUTING
12:09:57 INFO  State of operation 20043056 : EXECUTING
12:09:59 INFO  State of operation 20043056 : EXECUTING
12:10:01 INFO  State of operation 20043056 : EXECUTING
12:10:04 INFO  State of operation 20043056 : EXECUTING
12:10:07 INFO  State of operation 20043056 : EXECUTING
12:10:09 INFO  State of operation 20043056 : EXECUTING
12:10:12 INFO  State of operation 20043056 : EXECUTING
12:10:14 INFO  State of operation 20043056 : EXECUTING
12:10:16 INFO  State of operation 20043056 : EXECUTING
12:10:18 INFO  State of operation 20043056 : EXECUTING
12:10:21 INFO  State of operation 20043056 : EXECUTING
12:10:23 INFO  State of operation 20043056 : EXECUTING
12:10:26 INFO  State of operation 20043056 : EXECUTING
12:10:28 INFO  State of operation 20043056 : EXECUTING
12:10:31 INFO  State of operation 20043056 : EXECUTING
12:10:33 INFO  State of operation 20043056 : EXECUTING
12:10:36 INFO  State of operation 20043056 : EXECUTING
12:10:38 INFO  State of operation 20043056 : EXECUTING
12:10:40 INFO  State of operation 20043056 : EXECUTING
12:10:42 INFO  State of operation 20043056 : EXECUTING
12:10:45 INFO  State of operation 20043056 : EXECUTING
12:10:47 INFO  State of operation 20043056 : SUCCESSFUL
12:10:47 INFO  Assert that (False == value) with value=False ... passed
12:10:47 INFO  Package asciijump is installed
12:10:47 INFO  Assert that (True == value) with value=True ... passed
12:10:48 INFO  Package squirrel3 is installed
12:10:48 INFO  Assert that (True == value) with value=True ... passed
12:10:48 INFO  Package robotfindskitten is installed
12:10:48 INFO  Assert that (True == value) with value=True ... passed
12:10:48 INFO  Response status: 201
12:10:48 INFO  Response to action: {
    &quot;creationTime&quot;: &quot;2022-06-08T12:10:48.787Z&quot;,
    &quot;deviceId&quot;: &quot;20034146&quot;,
    &quot;deviceName&quot;: &quot;m32sd10d&quot;,
    &quot;self&quot;: &quot;https://t493319102.eu-latest.cumulocity.com/devicecontrol/operations/20043067&quot;,
    &quot;id&quot;: &quot;20043067&quot;,
    &quot;status&quot;: &quot;PENDING&quot;,
    &quot;description&quot;: &quot;Apply software changes, triggered from PySys: [{'action': 'delete', 'id': '5475369', 'name': 'asciijump', 'url': ' ', 'version': '::apt'}, {'action': 'delete', 'id': '5474869', 'name': 'robotfindskitten', 'url': ' ', 'version': '::apt'}, {'action': 'delete', 'id': '5475279', 'name': 'squirrel3', 'url': ' ', 'version': '::apt'}]&quot;,
    &quot;c8y_SoftwareUpdate&quot;: [
        {
            &quot;name&quot;: &quot;asciijump&quot;,
            &quot;action&quot;: &quot;delete&quot;,
            &quot;id&quot;: &quot;5475369&quot;,
            &quot;version&quot;: &quot;::apt&quot;,
            &quot;url&quot;: &quot; &quot;
        },
        {
            &quot;name&quot;: &quot;robotfindskitten&quot;,
            &quot;action&quot;: &quot;delete&quot;,
            &quot;id&quot;: &quot;5474869&quot;,
            &quot;version&quot;: &quot;::apt&quot;,
            &quot;url&quot;: &quot; &quot;
        },
        {
            &quot;name&quot;: &quot;squirrel3&quot;,
            &quot;action&quot;: &quot;delete&quot;,
            &quot;id&quot;: &quot;5475279&quot;,
            &quot;version&quot;: &quot;::apt&quot;,
            &quot;url&quot;: &quot; &quot;
        }
    ]
}
12:10:48 INFO  Started operation: {'creationTime': '2022-06-08T12:10:48.787Z', 'deviceId': '20034146', 'deviceName': 'm32sd10d', 'self': 'https://t493319102.eu-latest.cumulocity.com/devicecontrol/operations/20043067', 'id': '20043067', 'status': 'PENDING', 'description': &quot;Apply software changes, triggered from PySys: [{'action': 'delete', 'id': '5475369', 'name': 'asciijump', 'url': ' ', 'version': '::apt'}, {'action': 'delete', 'id': '5474869', 'name': 'robotfindskitten', 'url': ' ', 'version': '::apt'}, {'action': 'delete', 'id': '5475279', 'name': 'squirrel3', 'url': ' ', 'version': '::apt'}]&quot;, 'c8y_SoftwareUpdate': [{'name': 'asciijump', 'action': 'delete', 'id': '5475369', 'version': '::apt', 'url': ' '}, {'name': 'robotfindskitten', 'action': 'delete', 'id': '5474869', 'version': '::apt', 'url': ' '}, {'name': 'squirrel3', 'action': 'delete', 'id': '5475279', 'version': '::apt', 'url': ' '}]}
12:10:51 INFO  State of operation 20043067 : PENDING
12:10:53 INFO  State of operation 20043067 : EXECUTING
12:10:55 INFO  State of operation 20043067 : EXECUTING
12:10:57 INFO  State of operation 20043067 : EXECUTING
12:11:00 INFO  State of operation 20043067 : EXECUTING
12:11:02 INFO  State of operation 20043067 : EXECUTING
12:11:05 INFO  State of operation 20043067 : EXECUTING
12:11:08 INFO  State of operation 20043067 : EXECUTING
12:11:10 INFO  State of operation 20043067 : EXECUTING
12:11:12 INFO  State of operation 20043067 : EXECUTING
12:11:15 INFO  State of operation 20043067 : EXECUTING
12:11:17 INFO  State of operation 20043067 : EXECUTING
12:11:19 INFO  State of operation 20043067 : EXECUTING
12:11:21 INFO  State of operation 20043067 : EXECUTING
12:11:24 INFO  State of operation 20043067 : EXECUTING
12:11:26 INFO  State of operation 20043067 : EXECUTING
12:11:28 INFO  State of operation 20043067 : EXECUTING
12:11:31 INFO  State of operation 20043067 : EXECUTING
12:11:33 INFO  State of operation 20043067 : EXECUTING
12:11:36 INFO  State of operation 20043067 : EXECUTING
12:11:38 INFO  State of operation 20043067 : EXECUTING
12:11:40 INFO  State of operation 20043067 : EXECUTING
12:11:43 INFO  State of operation 20043067 : EXECUTING
12:11:45 INFO  State of operation 20043067 : EXECUTING
12:11:48 INFO  State of operation 20043067 : EXECUTING
12:11:50 INFO  State of operation 20043067 : EXECUTING
12:11:52 INFO  State of operation 20043067 : EXECUTING
12:11:54 INFO  State of operation 20043067 : SUCCESSFUL
12:11:55 INFO  Assert that (False == value) with value=False ... passed
12:11:55 INFO  Assert that (False == value) with value=False ... passed
12:11:55 INFO  Assert that (False == value) with value=False ... passed
12:11:55 INFO  Assert that (False == value) with value=False ... passed
12:11:55 INFO  
12:11:55 INFO  cleanup:
12:12:00 INFO  Executed sudo&lt;tedge_disconnect_c8y&gt;, exit status 0
12:12:00 INFO  Executed systemctl&lt;serv_mapper5&gt;, exit status 3
12:12:00 INFO  
12:12:00 INFO  Test duration: 183.65 secs
12:12:00 INFO  Test final outcome:  FAILED
12:12:00 INFO  Test outcome reason: Assert that (False == value) with value=True
12:12:00 INFO  
</system-out>
	</testcase>
</testsuite>
