<?xml version="1.0" encoding="utf-8"?>
<testsuite failures="0" name="apt_remove" skipped="0" tests="1" time="64.87" timestamp="2022-07-20T11:10:20">
	<testcase classname="AptPluginRemoveDense" name="apt_remove"/>
</testsuite>
