<?xml version="1.0" encoding="utf-8"?>
<testsuite failures="1" name="SoftwareManagement.sm_apt_install_fail" skipped="0" tests="1" time="165.71" timestamp="2022-05-23T15:36:13">
	<testcase classname="PySysTest" name="SoftwareManagement.sm_apt_install_fail">
		<failure message="BLOCKED: SystemError: Timeout while waiting for status FAILED or SUCCESSFUL" type="BLOCKED"/>
		<system-out>15:33:27 INFO  ==============================================================
15:33:27 INFO  Id:    SoftwareManagement.sm_apt_install_fail
15:33:27 INFO  Dir:   software_management_end_to_end/
15:33:27 INFO  Title: Validate end to end behaviour for a failing installation
15:33:27 INFO  ==============================================================
15:33:27 INFO  Using sw id database: {'asciijump': '5475369', 'robotfindskitten': '5474869', 'squirrel3': '5475279', 'rolldice': '5152439', 'moon-buggy': '5439204', 'apple': '5495053', 'banana': '5494888', 'cherry': '5495382', 'watermelon': '5494510', 'registry': '8018911', 'hello-world': '8021526', 'docker/getting-started': '8021973', 'alpine': '7991792'}
15:33:27 INFO  EnvironmentC8y Setup
15:33:28 INFO  Executed systemctl&lt;serv_mapper1&gt;, exit status 3
15:33:28 INFO  Restarting mosquitto too frequently in the last 10 seconds. It was only up for 4 seconds
15:33:28 INFO  Delaying execution by 7 seconds
15:33:48 INFO  Executed sudo&lt;tedge_connect_c8y&gt;, exit status 0, duration 13 secs
15:33:49 INFO  Executed sudo&lt;tedge_connect_c8y_test&gt;, exit status 0
15:33:50 INFO  Executed systemctl&lt;serv_mosq2&gt;, exit status 0
15:33:50 INFO  Executed systemctl&lt;serv_mapper3&gt;, exit status 0
15:33:52 INFO  State of current operation: PENDING
15:33:55 INFO  State of current operation: PENDING
15:33:57 INFO  State of current operation: PENDING
15:33:59 INFO  State of current operation: PENDING
15:34:01 INFO  State of current operation: PENDING
15:34:03 INFO  State of current operation: PENDING
15:34:06 INFO  State of current operation: PENDING
15:34:08 INFO  State of current operation: PENDING
15:34:10 INFO  State of current operation: PENDING
15:34:12 INFO  State of current operation: PENDING
15:34:15 INFO  State of current operation: PENDING
15:34:17 INFO  State of current operation: PENDING
15:34:19 INFO  State of current operation: PENDING
15:34:21 INFO  State of current operation: PENDING
15:34:24 INFO  State of current operation: PENDING
15:34:26 INFO  State of current operation: PENDING
15:34:28 INFO  State of current operation: PENDING
15:34:30 INFO  State of current operation: PENDING
15:34:32 INFO  State of current operation: PENDING
15:34:35 INFO  State of current operation: PENDING
15:34:37 INFO  State of current operation: PENDING
15:34:39 INFO  State of current operation: PENDING
15:34:41 INFO  State of current operation: PENDING
15:34:44 INFO  State of current operation: PENDING
15:34:46 INFO  State of current operation: PENDING
15:34:48 INFO  State of current operation: PENDING
15:34:50 INFO  State of current operation: PENDING
15:34:52 INFO  State of current operation: PENDING
15:34:55 INFO  State of current operation: PENDING
15:34:57 INFO  State of current operation: PENDING
15:34:59 INFO  State of current operation: PENDING
15:35:01 INFO  State of current operation: PENDING
15:35:04 INFO  State of current operation: PENDING
15:35:06 INFO  State of current operation: PENDING
15:35:08 INFO  State of current operation: PENDING
15:35:10 INFO  State of current operation: PENDING
15:35:13 INFO  State of current operation: PENDING
15:35:15 INFO  State of current operation: PENDING
15:35:17 INFO  State of current operation: PENDING
15:35:19 INFO  State of current operation: PENDING
15:35:21 INFO  State of current operation: PENDING
15:35:24 INFO  State of current operation: PENDING
15:35:26 INFO  State of current operation: PENDING
15:35:28 INFO  State of current operation: PENDING
15:35:30 INFO  State of current operation: PENDING
15:35:33 INFO  State of current operation: PENDING
15:35:35 INFO  State of current operation: PENDING
15:35:37 INFO  State of current operation: PENDING
15:35:39 INFO  State of current operation: PENDING
15:35:42 INFO  State of current operation: PENDING
15:35:44 INFO  State of current operation: PENDING
15:35:46 INFO  State of current operation: PENDING
15:35:48 INFO  State of current operation: PENDING
15:35:50 INFO  State of current operation: PENDING
15:35:53 INFO  State of current operation: PENDING
15:35:55 INFO  State of current operation: PENDING
15:35:57 INFO  State of current operation: PENDING
15:35:59 INFO  State of current operation: PENDING
15:36:02 INFO  State of current operation: PENDING
15:36:04 INFO  State of current operation: PENDING
15:36:06 INFO  State of current operation: PENDING
15:36:08 WARN  SystemError occurred while running test - Timeout while waiting for status FAILED or SUCCESSFUL
Traceback (most recent call last):
  File &quot;/home/pi/env-pysys/lib/python3.7/site-packages/pysys/baserunner.py&quot;, line 1292, in __call__
    self.testObj.setup()
  File &quot;/home/pi/actions-runner/_work/thin-edge.io/thin-edge.io/tests/PySys/software_management_end_to_end/sm_apt_install_fail/run.py&quot;, line 20, in setup
    super().setup()
  File &quot;/home/pi/actions-runner/_work/thin-edge.io/thin-edge.io/tests/PySys/software_management_end_to_end/environment_sm_management.py&quot;, line 151, in setup
    self.wait_until_end()
  File &quot;/home/pi/actions-runner/_work/thin-edge.io/thin-edge.io/tests/PySys/software_management_end_to_end/environment_sm_management.py&quot;, line 332, in wait_until_end
    self.wait_until_status(&quot;FAILED&quot;, &quot;SUCCESSFUL&quot;)
  File &quot;/home/pi/actions-runner/_work/thin-edge.io/thin-edge.io/tests/PySys/software_management_end_to_end/environment_sm_management.py&quot;, line 381, in wait_until_status
    &quot;Timeout while waiting for status %s or %s&quot; % (status, status2)
SystemError: Timeout while waiting for status FAILED or SUCCESSFUL
15:36:08 WARN  SystemError: Timeout while waiting for status FAILED or SUCCESSFUL ... blocked 
15:36:08 INFO  
15:36:08 INFO  cleanup:
15:36:12 INFO  Executed sudo&lt;tedge_disconnect_c8y&gt;, exit status 0
15:36:13 INFO  Executed systemctl&lt;serv_mapper5&gt;, exit status 3
15:36:13 INFO  
15:36:13 INFO  Test duration: 165.71 secs
15:36:13 INFO  Test final outcome:  BLOCKED
15:36:13 INFO  Test outcome reason: SystemError: Timeout while waiting for status FAILED or SUCCESSFUL
15:36:13 INFO  
</system-out>
	</testcase>
</testsuite>
