<?xml version="1.0" encoding="utf-8"?>
<testsuite failures="1" name="SoftwareManagement.sm_apt_install_remove_multiple" skipped="0" tests="1" time="179.13" timestamp="2022-07-21T15:33:54">
	<testcase classname="PySysTest" name="SoftwareManagement.sm_apt_install_remove_multiple">
		<failure message="FAILED: Assert that (False == value) with value=True" type="FAILED"/>
		<system-out>15:30:55 INFO  ==============================================================
15:30:55 INFO  Id:    SoftwareManagement.sm_apt_install_remove_multiple
15:30:55 INFO  Dir:   software_management_end_to_end/
15:30:55 INFO  Title: Validate end to end behaviour for the apt plugin for multiple packages
15:30:55 INFO  ==============================================================
15:30:55 INFO  Using sw id database: {'asciijump': '5475369', 'robotfindskitten': '5474869', 'squirrel3': '5475279', 'rolldice': '5152439', 'moon-buggy': '5439204', 'apple': '5495053', 'banana': '5494888', 'cherry': '5495382', 'watermelon': '5494510', 'registry': '8018911', 'hello-world': '8021526', 'docker/getting-started': '8021973', 'alpine': '7991792'}
15:30:55 INFO  EnvironmentC8y Setup
15:30:56 INFO  Executed systemctl&lt;serv_mapper1&gt;, exit status 3
15:30:56 INFO  Restarting mosquitto too frequently in the last 10 seconds. It was only up for 5 seconds
15:30:56 INFO  Delaying execution by 6 seconds
15:31:15 INFO  Executed sudo&lt;tedge_connect_c8y&gt;, exit status 0, duration 13 secs
15:31:16 INFO  Executed sudo&lt;tedge_connect_c8y_test&gt;, exit status 0
15:31:17 INFO  Executed systemctl&lt;serv_mosq2&gt;, exit status 0
15:31:17 INFO  Executed systemctl&lt;serv_mapper3&gt;, exit status 0
15:31:19 INFO  State of current operation: SUCCESSFUL
15:31:19 INFO  Assert that (False == value) with value=False ... passed
15:31:20 INFO  Assert that (False == value) with value=False ... passed
15:31:20 INFO  Assert that (False == value) with value=False ... passed
15:31:20 INFO  Package robotfindskitten is installed
15:31:20 WARN  Assert that (False == value) with value=True ... failed 
15:31:20 INFO  Response status: 201
15:31:20 INFO  Response to action: {
    &quot;creationTime&quot;: &quot;2022-07-21T15:31:20.924Z&quot;,
    &quot;deviceId&quot;: &quot;21121273&quot;,
    &quot;deviceName&quot;: &quot;m32sd10d&quot;,
    &quot;self&quot;: &quot;https://t493319102.eu-latest.cumulocity.com/devicecontrol/operations/21144887&quot;,
    &quot;id&quot;: &quot;21144887&quot;,
    &quot;status&quot;: &quot;PENDING&quot;,
    &quot;description&quot;: &quot;Apply software changes, triggered from PySys: [{'action': 'install', 'id': '5475369', 'name': 'asciijump', 'url': ' ', 'version': '::apt'}, {'action': 'install', 'id': '5474869', 'name': 'robotfindskitten', 'url': ' ', 'version': '::apt'}, {'action': 'install', 'id': '5475279', 'name': 'squirrel3', 'url': ' ', 'version': '::apt'}]&quot;,
    &quot;c8y_SoftwareUpdate&quot;: [
        {
            &quot;name&quot;: &quot;asciijump&quot;,
            &quot;action&quot;: &quot;install&quot;,
            &quot;id&quot;: &quot;5475369&quot;,
            &quot;version&quot;: &quot;::apt&quot;,
            &quot;url&quot;: &quot; &quot;
        },
        {
            &quot;name&quot;: &quot;robotfindskitten&quot;,
            &quot;action&quot;: &quot;install&quot;,
            &quot;id&quot;: &quot;5474869&quot;,
            &quot;version&quot;: &quot;::apt&quot;,
            &quot;url&quot;: &quot; &quot;
        },
        {
            &quot;name&quot;: &quot;squirrel3&quot;,
            &quot;action&quot;: &quot;install&quot;,
            &quot;id&quot;: &quot;5475279&quot;,
            &quot;version&quot;: &quot;::apt&quot;,
            &quot;url&quot;: &quot; &quot;
        }
    ]
}
15:31:20 INFO  Started operation: {'creationTime': '2022-07-21T15:31:20.924Z', 'deviceId': '21121273', 'deviceName': 'm32sd10d', 'self': 'https://t493319102.eu-latest.cumulocity.com/devicecontrol/operations/21144887', 'id': '21144887', 'status': 'PENDING', 'description': &quot;Apply software changes, triggered from PySys: [{'action': 'install', 'id': '5475369', 'name': 'asciijump', 'url': ' ', 'version': '::apt'}, {'action': 'install', 'id': '5474869', 'name': 'robotfindskitten', 'url': ' ', 'version': '::apt'}, {'action': 'install', 'id': '5475279', 'name': 'squirrel3', 'url': ' ', 'version': '::apt'}]&quot;, 'c8y_SoftwareUpdate': [{'name': 'asciijump', 'action': 'install', 'id': '5475369', 'version': '::apt', 'url': ' '}, {'name': 'robotfindskitten', 'action': 'install', 'id': '5474869', 'version': '::apt', 'url': ' '}, {'name': 'squirrel3', 'action': 'install', 'id': '5475279', 'version': '::apt', 'url': ' '}]}
15:31:23 INFO  State of operation 21144887 : PENDING
15:31:25 INFO  State of operation 21144887 : EXECUTING
15:31:27 INFO  State of operation 21144887 : EXECUTING
15:31:29 INFO  State of operation 21144887 : EXECUTING
15:31:32 INFO  State of operation 21144887 : EXECUTING
15:31:34 INFO  State of operation 21144887 : EXECUTING
15:31:37 INFO  State of operation 21144887 : EXECUTING
15:31:39 INFO  State of operation 21144887 : EXECUTING
15:31:42 INFO  State of operation 21144887 : EXECUTING
15:31:44 INFO  State of operation 21144887 : EXECUTING
15:31:47 INFO  State of operation 21144887 : EXECUTING
15:31:49 INFO  State of operation 21144887 : EXECUTING
15:31:51 INFO  State of operation 21144887 : EXECUTING
15:31:53 INFO  State of operation 21144887 : EXECUTING
15:31:55 INFO  State of operation 21144887 : EXECUTING
15:31:58 INFO  State of operation 21144887 : EXECUTING
15:32:00 INFO  State of operation 21144887 : EXECUTING
15:32:02 INFO  State of operation 21144887 : EXECUTING
15:32:05 INFO  State of operation 21144887 : EXECUTING
15:32:07 INFO  State of operation 21144887 : EXECUTING
15:32:09 INFO  State of operation 21144887 : EXECUTING
15:32:12 INFO  State of operation 21144887 : EXECUTING
15:32:14 INFO  State of operation 21144887 : EXECUTING
15:32:17 INFO  State of operation 21144887 : EXECUTING
15:32:19 INFO  State of operation 21144887 : EXECUTING
15:32:21 INFO  State of operation 21144887 : EXECUTING
15:32:24 INFO  State of operation 21144887 : EXECUTING
15:32:26 INFO  State of operation 21144887 : EXECUTING
15:32:28 INFO  State of operation 21144887 : EXECUTING
15:32:30 INFO  State of operation 21144887 : EXECUTING
15:32:33 INFO  State of operation 21144887 : EXECUTING
15:32:35 INFO  State of operation 21144887 : EXECUTING
15:32:37 INFO  State of operation 21144887 : EXECUTING
15:32:40 INFO  State of operation 21144887 : EXECUTING
15:32:42 INFO  State of operation 21144887 : SUCCESSFUL
15:32:42 INFO  Assert that (False == value) with value=False ... passed
15:32:42 INFO  Package asciijump is installed
15:32:42 INFO  Assert that (True == value) with value=True ... passed
15:32:43 INFO  Package squirrel3 is installed
15:32:43 INFO  Assert that (True == value) with value=True ... passed
15:32:43 INFO  Package robotfindskitten is installed
15:32:43 INFO  Assert that (True == value) with value=True ... passed
15:32:43 INFO  Response status: 201
15:32:43 INFO  Response to action: {
    &quot;creationTime&quot;: &quot;2022-07-21T15:32:43.497Z&quot;,
    &quot;deviceId&quot;: &quot;21121273&quot;,
    &quot;deviceName&quot;: &quot;m32sd10d&quot;,
    &quot;self&quot;: &quot;https://t493319102.eu-latest.cumulocity.com/devicecontrol/operations/21144898&quot;,
    &quot;id&quot;: &quot;21144898&quot;,
    &quot;status&quot;: &quot;PENDING&quot;,
    &quot;description&quot;: &quot;Apply software changes, triggered from PySys: [{'action': 'delete', 'id': '5475369', 'name': 'asciijump', 'url': ' ', 'version': '::apt'}, {'action': 'delete', 'id': '5474869', 'name': 'robotfindskitten', 'url': ' ', 'version': '::apt'}, {'action': 'delete', 'id': '5475279', 'name': 'squirrel3', 'url': ' ', 'version': '::apt'}]&quot;,
    &quot;c8y_SoftwareUpdate&quot;: [
        {
            &quot;name&quot;: &quot;asciijump&quot;,
            &quot;action&quot;: &quot;delete&quot;,
            &quot;id&quot;: &quot;5475369&quot;,
            &quot;version&quot;: &quot;::apt&quot;,
            &quot;url&quot;: &quot; &quot;
        },
        {
            &quot;name&quot;: &quot;robotfindskitten&quot;,
            &quot;action&quot;: &quot;delete&quot;,
            &quot;id&quot;: &quot;5474869&quot;,
            &quot;version&quot;: &quot;::apt&quot;,
            &quot;url&quot;: &quot; &quot;
        },
        {
            &quot;name&quot;: &quot;squirrel3&quot;,
            &quot;action&quot;: &quot;delete&quot;,
            &quot;id&quot;: &quot;5475279&quot;,
            &quot;version&quot;: &quot;::apt&quot;,
            &quot;url&quot;: &quot; &quot;
        }
    ]
}
15:32:43 INFO  Started operation: {'creationTime': '2022-07-21T15:32:43.497Z', 'deviceId': '21121273', 'deviceName': 'm32sd10d', 'self': 'https://t493319102.eu-latest.cumulocity.com/devicecontrol/operations/21144898', 'id': '21144898', 'status': 'PENDING', 'description': &quot;Apply software changes, triggered from PySys: [{'action': 'delete', 'id': '5475369', 'name': 'asciijump', 'url': ' ', 'version': '::apt'}, {'action': 'delete', 'id': '5474869', 'name': 'robotfindskitten', 'url': ' ', 'version': '::apt'}, {'action': 'delete', 'id': '5475279', 'name': 'squirrel3', 'url': ' ', 'version': '::apt'}]&quot;, 'c8y_SoftwareUpdate': [{'name': 'asciijump', 'action': 'delete', 'id': '5475369', 'version': '::apt', 'url': ' '}, {'name': 'robotfindskitten', 'action': 'delete', 'id': '5474869', 'version': '::apt', 'url': ' '}, {'name': 'squirrel3', 'action': 'delete', 'id': '5475279', 'version': '::apt', 'url': ' '}]}
15:32:45 INFO  State of operation 21144898 : PENDING
15:32:48 INFO  State of operation 21144898 : EXECUTING
15:32:50 INFO  State of operation 21144898 : EXECUTING
15:32:52 INFO  State of operation 21144898 : EXECUTING
15:32:54 INFO  State of operation 21144898 : EXECUTING
15:32:56 INFO  State of operation 21144898 : EXECUTING
15:32:59 INFO  State of operation 21144898 : EXECUTING
15:33:02 INFO  State of operation 21144898 : EXECUTING
15:33:04 INFO  State of operation 21144898 : EXECUTING
15:33:07 INFO  State of operation 21144898 : EXECUTING
15:33:09 INFO  State of operation 21144898 : EXECUTING
15:33:11 INFO  State of operation 21144898 : EXECUTING
15:33:13 INFO  State of operation 21144898 : EXECUTING
15:33:16 INFO  State of operation 21144898 : EXECUTING
15:33:18 INFO  State of operation 21144898 : EXECUTING
15:33:20 INFO  State of operation 21144898 : EXECUTING
15:33:23 INFO  State of operation 21144898 : EXECUTING
15:33:25 INFO  State of operation 21144898 : EXECUTING
15:33:28 INFO  State of operation 21144898 : EXECUTING
15:33:30 INFO  State of operation 21144898 : EXECUTING
15:33:32 INFO  State of operation 21144898 : EXECUTING
15:33:34 INFO  State of operation 21144898 : EXECUTING
15:33:37 INFO  State of operation 21144898 : EXECUTING
15:33:39 INFO  State of operation 21144898 : EXECUTING
15:33:42 INFO  State of operation 21144898 : EXECUTING
15:33:44 INFO  State of operation 21144898 : EXECUTING
15:33:46 INFO  State of operation 21144898 : EXECUTING
15:33:49 INFO  State of operation 21144898 : SUCCESSFUL
15:33:49 INFO  Assert that (False == value) with value=False ... passed
15:33:49 INFO  Assert that (False == value) with value=False ... passed
15:33:49 INFO  Assert that (False == value) with value=False ... passed
15:33:49 INFO  Assert that (False == value) with value=False ... passed
15:33:49 INFO  
15:33:49 INFO  cleanup:
15:33:53 INFO  Executed sudo&lt;tedge_disconnect_c8y&gt;, exit status 0
15:33:54 INFO  Executed systemctl&lt;serv_mapper5&gt;, exit status 3
15:33:54 INFO  
15:33:54 INFO  Test duration: 179.13 secs
15:33:54 INFO  Test final outcome:  FAILED
15:33:54 INFO  Test outcome reason: Assert that (False == value) with value=True
15:33:54 INFO  
</system-out>
	</testcase>
</testsuite>
