<?xml version="1.0" encoding="utf-8"?>
<testsuite failures="1" name="SoftwareManagement.sm_apt_install_fail" skipped="0" tests="1" time="165.99" timestamp="2022-06-02T09:12:40">
	<testcase classname="PySysTest" name="SoftwareManagement.sm_apt_install_fail">
		<failure message="BLOCKED: SystemError: Timeout while waiting for status FAILED or SUCCESSFUL" type="BLOCKED"/>
		<system-out>09:09:54 INFO  ==============================================================
09:09:54 INFO  Id:    SoftwareManagement.sm_apt_install_fail
09:09:54 INFO  Dir:   software_management_end_to_end/
09:09:54 INFO  Title: Validate end to end behaviour for a failing installation
09:09:54 INFO  ==============================================================
09:09:54 INFO  Using sw id database: {'asciijump': '5475369', 'robotfindskitten': '5474869', 'squirrel3': '5475279', 'rolldice': '5152439', 'moon-buggy': '5439204', 'apple': '5495053', 'banana': '5494888', 'cherry': '5495382', 'watermelon': '5494510', 'registry': '8018911', 'hello-world': '8021526', 'docker/getting-started': '8021973', 'alpine': '7991792'}
09:09:54 INFO  EnvironmentC8y Setup
09:09:54 INFO  Executed systemctl&lt;serv_mapper1&gt;, exit status 3
09:09:55 INFO  Restarting mosquitto too frequently in the last 10 seconds. It was only up for 4 seconds
09:09:55 INFO  Delaying execution by 7 seconds
09:10:16 INFO  Executed sudo&lt;tedge_connect_c8y&gt;, exit status 0, duration 13 secs
09:10:16 INFO  Executed sudo&lt;tedge_connect_c8y_test&gt;, exit status 0
09:10:17 INFO  Executed systemctl&lt;serv_mosq2&gt;, exit status 0
09:10:17 INFO  Executed systemctl&lt;serv_mapper3&gt;, exit status 0
09:10:19 INFO  State of current operation: PENDING
09:10:22 INFO  State of current operation: PENDING
09:10:24 INFO  State of current operation: PENDING
09:10:26 INFO  State of current operation: PENDING
09:10:28 INFO  State of current operation: PENDING
09:10:30 INFO  State of current operation: PENDING
09:10:33 INFO  State of current operation: PENDING
09:10:35 INFO  State of current operation: PENDING
09:10:37 INFO  State of current operation: PENDING
09:10:39 INFO  State of current operation: PENDING
09:10:42 INFO  State of current operation: PENDING
09:10:44 INFO  State of current operation: PENDING
09:10:46 INFO  State of current operation: PENDING
09:10:48 INFO  State of current operation: PENDING
09:10:51 INFO  State of current operation: PENDING
09:10:53 INFO  State of current operation: PENDING
09:10:55 INFO  State of current operation: PENDING
09:10:57 INFO  State of current operation: PENDING
09:10:59 INFO  State of current operation: PENDING
09:11:02 INFO  State of current operation: PENDING
09:11:04 INFO  State of current operation: PENDING
09:11:06 INFO  State of current operation: PENDING
09:11:08 INFO  State of current operation: PENDING
09:11:11 INFO  State of current operation: PENDING
09:11:13 INFO  State of current operation: PENDING
09:11:15 INFO  State of current operation: PENDING
09:11:17 INFO  State of current operation: PENDING
09:11:20 INFO  State of current operation: PENDING
09:11:22 INFO  State of current operation: PENDING
09:11:24 INFO  State of current operation: PENDING
09:11:26 INFO  State of current operation: PENDING
09:11:29 INFO  State of current operation: PENDING
09:11:31 INFO  State of current operation: PENDING
09:11:33 INFO  State of current operation: PENDING
09:11:35 INFO  State of current operation: PENDING
09:11:37 INFO  State of current operation: PENDING
09:11:40 INFO  State of current operation: PENDING
09:11:42 INFO  State of current operation: PENDING
09:11:44 INFO  State of current operation: PENDING
09:11:46 INFO  State of current operation: PENDING
09:11:49 INFO  State of current operation: PENDING
09:11:51 INFO  State of current operation: PENDING
09:11:53 INFO  State of current operation: PENDING
09:11:55 INFO  State of current operation: PENDING
09:11:58 INFO  State of current operation: PENDING
09:12:00 INFO  State of current operation: PENDING
09:12:02 INFO  State of current operation: PENDING
09:12:04 INFO  State of current operation: PENDING
09:12:06 INFO  State of current operation: PENDING
09:12:09 INFO  State of current operation: PENDING
09:12:11 INFO  State of current operation: PENDING
09:12:13 INFO  State of current operation: PENDING
09:12:15 INFO  State of current operation: PENDING
09:12:18 INFO  State of current operation: PENDING
09:12:20 INFO  State of current operation: PENDING
09:12:22 INFO  State of current operation: PENDING
09:12:24 INFO  State of current operation: PENDING
09:12:26 INFO  State of current operation: PENDING
09:12:29 INFO  State of current operation: PENDING
09:12:31 INFO  State of current operation: PENDING
09:12:33 INFO  State of current operation: PENDING
09:12:35 WARN  SystemError occurred while running test - Timeout while waiting for status FAILED or SUCCESSFUL
Traceback (most recent call last):
  File &quot;/home/pi/env-pysys/lib/python3.7/site-packages/pysys/baserunner.py&quot;, line 1292, in __call__
    self.testObj.setup()
  File &quot;/home/pi/actions-runner/_work/thin-edge.io/thin-edge.io/tests/PySys/software_management_end_to_end/sm_apt_install_fail/run.py&quot;, line 20, in setup
    super().setup()
  File &quot;/home/pi/actions-runner/_work/thin-edge.io/thin-edge.io/tests/PySys/software_management_end_to_end/environment_sm_management.py&quot;, line 151, in setup
    self.wait_until_end()
  File &quot;/home/pi/actions-runner/_work/thin-edge.io/thin-edge.io/tests/PySys/software_management_end_to_end/environment_sm_management.py&quot;, line 332, in wait_until_end
    self.wait_until_status(&quot;FAILED&quot;, &quot;SUCCESSFUL&quot;)
  File &quot;/home/pi/actions-runner/_work/thin-edge.io/thin-edge.io/tests/PySys/software_management_end_to_end/environment_sm_management.py&quot;, line 381, in wait_until_status
    &quot;Timeout while waiting for status %s or %s&quot; % (status, status2)
SystemError: Timeout while waiting for status FAILED or SUCCESSFUL
09:12:35 WARN  SystemError: Timeout while waiting for status FAILED or SUCCESSFUL ... blocked 
09:12:35 INFO  
09:12:35 INFO  cleanup:
09:12:39 INFO  Executed sudo&lt;tedge_disconnect_c8y&gt;, exit status 0
09:12:40 INFO  Executed systemctl&lt;serv_mapper5&gt;, exit status 3
09:12:40 INFO  
09:12:40 INFO  Test duration: 165.99 secs
09:12:40 INFO  Test final outcome:  BLOCKED
09:12:40 INFO  Test outcome reason: SystemError: Timeout while waiting for status FAILED or SUCCESSFUL
09:12:40 INFO  
</system-out>
	</testcase>
</testsuite>
