<?xml version="1.0" encoding="utf-8"?>
<testsuite failures="0" name="apt_prepare" skipped="0" tests="1" time="22.1" timestamp="2022-06-29T12:16:51">
	<testcase classname="AptPluginPrepare" name="apt_prepare"/>
</testsuite>
