<?xml version="1.0" encoding="utf-8"?>
<testsuite failures="1" name="SoftwareManagement.sm_apt_install_remove_multiple_mixed" skipped="0" tests="1" time="178.38" timestamp="2022-06-22T18:06:24">
	<testcase classname="PySysTest" name="SoftwareManagement.sm_apt_install_remove_multiple_mixed">
		<failure message="BLOCKED: SystemError: Timeout while waiting for status SUCCESSFUL or False" type="BLOCKED"/>
		<system-out>18:03:26 INFO  ==============================================================
18:03:26 INFO  Id:    SoftwareManagement.sm_apt_install_remove_multiple_mixed
18:03:26 INFO  Dir:   software_management_end_to_end/
18:03:26 INFO  Title: Validate end to end behaviour for the apt plugin for multiple packages with mixed versions
18:03:26 INFO  ==============================================================
18:03:26 INFO  Using sw id database: {'asciijump': '5475369', 'robotfindskitten': '5474869', 'squirrel3': '5475279', 'rolldice': '5152439', 'moon-buggy': '5439204', 'apple': '5495053', 'banana': '5494888', 'cherry': '5495382', 'watermelon': '5494510', 'registry': '8018911', 'hello-world': '8021526', 'docker/getting-started': '8021973', 'alpine': '7991792'}
18:03:26 INFO  EnvironmentC8y Setup
18:03:26 INFO  Executed systemctl&lt;serv_mapper1&gt;, exit status 3
18:03:27 INFO  Restarting mosquitto too frequently in the last 10 seconds. It was only up for 5 seconds
18:03:27 INFO  Delaying execution by 6 seconds
18:03:47 INFO  Executed sudo&lt;tedge_connect_c8y&gt;, exit status 0, duration 14 secs
18:03:47 INFO  Executed sudo&lt;tedge_connect_c8y_test&gt;, exit status 0
18:03:48 INFO  Executed systemctl&lt;serv_mosq2&gt;, exit status 0
18:03:48 INFO  Executed systemctl&lt;serv_mapper3&gt;, exit status 0
18:03:51 INFO  State of current operation: SUCCESSFUL
18:03:51 INFO  Assert that (False == value) with value=False ... passed
18:03:51 INFO  Assert that (False == value) with value=False ... passed
18:03:51 INFO  Assert that (False == value) with value=False ... passed
18:03:52 INFO  Assert that (False == value) with value=False ... passed
18:03:52 INFO  Assert that (False == value) with value=False ... passed
18:03:53 INFO  Response status: 201
18:03:53 INFO  Response to action: {
    &quot;creationTime&quot;: &quot;2022-06-22T18:03:53.435Z&quot;,
    &quot;deviceName&quot;: &quot;m32sd10d&quot;,
    &quot;deviceId&quot;: &quot;20418361&quot;,
    &quot;self&quot;: &quot;https://t493319102.eu-latest.cumulocity.com/devicecontrol/operations/20433728&quot;,
    &quot;id&quot;: &quot;20433728&quot;,
    &quot;status&quot;: &quot;PENDING&quot;,
    &quot;description&quot;: &quot;Apply software changes, triggered from PySys: [{'action': 'install', 'id': '5475369', 'name': 'asciijump', 'url': ' ', 'version': '::apt'}, {'action': 'install', 'id': '5474869', 'name': 'robotfindskitten', 'url': ' ', 'version': ' '}, {'action': 'install', 'id': '5475279', 'name': 'squirrel3', 'url': ' ', 'version': '3.1-7::apt'}, {'action': 'install', 'id': '5152439', 'name': 'rolldice', 'url': ' ', 'version': '1.16-1+b1'}, {'action': 'install', 'id': '5439204', 'name': 'moon-buggy', 'url': ' ', 'version': '1:1.0.51-12'}, {'action': 'install', 'id': '5475369', 'name': 'asciijump', 'url': ' ', 'version': '::apt'}]&quot;,
    &quot;c8y_SoftwareUpdate&quot;: [
        {
            &quot;name&quot;: &quot;asciijump&quot;,
            &quot;action&quot;: &quot;install&quot;,
            &quot;id&quot;: &quot;5475369&quot;,
            &quot;version&quot;: &quot;::apt&quot;,
            &quot;url&quot;: &quot; &quot;
        },
        {
            &quot;name&quot;: &quot;robotfindskitten&quot;,
            &quot;action&quot;: &quot;install&quot;,
            &quot;id&quot;: &quot;5474869&quot;,
            &quot;version&quot;: &quot; &quot;,
            &quot;url&quot;: &quot; &quot;
        },
        {
            &quot;name&quot;: &quot;squirrel3&quot;,
            &quot;action&quot;: &quot;install&quot;,
            &quot;id&quot;: &quot;5475279&quot;,
            &quot;version&quot;: &quot;3.1-7::apt&quot;,
            &quot;url&quot;: &quot; &quot;
        },
        {
            &quot;name&quot;: &quot;rolldice&quot;,
            &quot;action&quot;: &quot;install&quot;,
            &quot;id&quot;: &quot;5152439&quot;,
            &quot;version&quot;: &quot;1.16-1+b1&quot;,
            &quot;url&quot;: &quot; &quot;
        },
        {
            &quot;name&quot;: &quot;moon-buggy&quot;,
            &quot;action&quot;: &quot;install&quot;,
            &quot;id&quot;: &quot;5439204&quot;,
            &quot;version&quot;: &quot;1:1.0.51-12&quot;,
            &quot;url&quot;: &quot; &quot;
        },
        {
            &quot;name&quot;: &quot;asciijump&quot;,
            &quot;action&quot;: &quot;install&quot;,
            &quot;id&quot;: &quot;5475369&quot;,
            &quot;version&quot;: &quot;::apt&quot;,
            &quot;url&quot;: &quot; &quot;
        }
    ]
}
18:03:53 INFO  Started operation: {'creationTime': '2022-06-22T18:03:53.435Z', 'deviceName': 'm32sd10d', 'deviceId': '20418361', 'self': 'https://t493319102.eu-latest.cumulocity.com/devicecontrol/operations/20433728', 'id': '20433728', 'status': 'PENDING', 'description': &quot;Apply software changes, triggered from PySys: [{'action': 'install', 'id': '5475369', 'name': 'asciijump', 'url': ' ', 'version': '::apt'}, {'action': 'install', 'id': '5474869', 'name': 'robotfindskitten', 'url': ' ', 'version': ' '}, {'action': 'install', 'id': '5475279', 'name': 'squirrel3', 'url': ' ', 'version': '3.1-7::apt'}, {'action': 'install', 'id': '5152439', 'name': 'rolldice', 'url': ' ', 'version': '1.16-1+b1'}, {'action': 'install', 'id': '5439204', 'name': 'moon-buggy', 'url': ' ', 'version': '1:1.0.51-12'}, {'action': 'install', 'id': '5475369', 'name': 'asciijump', 'url': ' ', 'version': '::apt'}]&quot;, 'c8y_SoftwareUpdate': [{'name': 'asciijump', 'action': 'install', 'id': '5475369', 'version': '::apt', 'url': ' '}, {'name': 'robotfindskitten', 'action': 'install', 'id': '5474869', 'version': ' ', 'url': ' '}, {'name': 'squirrel3', 'action': 'install', 'id': '5475279', 'version': '3.1-7::apt', 'url': ' '}, {'name': 'rolldice', 'action': 'install', 'id': '5152439', 'version': '1.16-1+b1', 'url': ' '}, {'name': 'moon-buggy', 'action': 'install', 'id': '5439204', 'version': '1:1.0.51-12', 'url': ' '}, {'name': 'asciijump', 'action': 'install', 'id': '5475369', 'version': '::apt', 'url': ' '}]}
18:03:55 INFO  State of operation 20433728 : PENDING
18:03:58 INFO  State of operation 20433728 : EXECUTING
18:04:00 INFO  State of operation 20433728 : EXECUTING
18:04:02 INFO  State of operation 20433728 : EXECUTING
18:04:04 INFO  State of operation 20433728 : EXECUTING
18:04:06 INFO  State of operation 20433728 : EXECUTING
18:04:09 INFO  State of operation 20433728 : EXECUTING
18:04:12 INFO  State of operation 20433728 : EXECUTING
18:04:15 INFO  State of operation 20433728 : EXECUTING
18:04:17 INFO  State of operation 20433728 : EXECUTING
18:04:19 INFO  State of operation 20433728 : EXECUTING
18:04:21 INFO  State of operation 20433728 : EXECUTING
18:04:23 INFO  State of operation 20433728 : EXECUTING
18:04:26 INFO  State of operation 20433728 : EXECUTING
18:04:28 INFO  State of operation 20433728 : EXECUTING
18:04:30 INFO  State of operation 20433728 : EXECUTING
18:04:33 INFO  State of operation 20433728 : EXECUTING
18:04:35 INFO  State of operation 20433728 : EXECUTING
18:04:38 INFO  State of operation 20433728 : EXECUTING
18:04:40 INFO  State of operation 20433728 : EXECUTING
18:04:42 INFO  State of operation 20433728 : EXECUTING
18:04:45 INFO  State of operation 20433728 : EXECUTING
18:04:47 INFO  State of operation 20433728 : EXECUTING
18:04:50 INFO  State of operation 20433728 : EXECUTING
18:04:52 INFO  State of operation 20433728 : EXECUTING
18:04:54 INFO  State of operation 20433728 : EXECUTING
18:04:56 INFO  State of operation 20433728 : EXECUTING
18:04:59 INFO  State of operation 20433728 : EXECUTING
18:05:01 INFO  State of operation 20433728 : EXECUTING
18:05:03 INFO  State of operation 20433728 : EXECUTING
18:05:05 INFO  State of operation 20433728 : EXECUTING
18:05:08 INFO  State of operation 20433728 : EXECUTING
18:05:10 INFO  State of operation 20433728 : EXECUTING
18:05:12 INFO  State of operation 20433728 : EXECUTING
18:05:14 INFO  State of operation 20433728 : EXECUTING
18:05:17 INFO  State of operation 20433728 : EXECUTING
18:05:19 INFO  State of operation 20433728 : EXECUTING
18:05:21 INFO  State of operation 20433728 : EXECUTING
18:05:24 INFO  State of operation 20433728 : EXECUTING
18:05:27 INFO  State of operation 20433728 : EXECUTING
18:05:29 INFO  State of operation 20433728 : EXECUTING
18:05:32 INFO  State of operation 20433728 : EXECUTING
18:05:34 INFO  State of operation 20433728 : EXECUTING
18:05:36 INFO  State of operation 20433728 : EXECUTING
18:05:38 INFO  State of operation 20433728 : EXECUTING
18:05:41 INFO  State of operation 20433728 : EXECUTING
18:05:43 INFO  State of operation 20433728 : EXECUTING
18:05:45 INFO  State of operation 20433728 : EXECUTING
18:05:48 INFO  State of operation 20433728 : EXECUTING
18:05:50 INFO  State of operation 20433728 : EXECUTING
18:05:53 INFO  State of operation 20433728 : EXECUTING
18:05:55 INFO  State of operation 20433728 : EXECUTING
18:05:57 INFO  State of operation 20433728 : EXECUTING
18:06:00 INFO  State of operation 20433728 : EXECUTING
18:06:02 INFO  State of operation 20433728 : EXECUTING
18:06:05 INFO  State of operation 20433728 : EXECUTING
18:06:07 INFO  State of operation 20433728 : EXECUTING
18:06:09 INFO  State of operation 20433728 : EXECUTING
18:06:12 INFO  State of operation 20433728 : EXECUTING
18:06:14 INFO  State of operation 20433728 : EXECUTING
18:06:17 INFO  State of operation 20433728 : EXECUTING
18:06:19 WARN  SystemError occurred while running test - Timeout while waiting for status SUCCESSFUL or False
Traceback (most recent call last):
  File &quot;/home/pi/env-pysys/lib/python3.7/site-packages/pysys/baserunner.py&quot;, line 1294, in __call__
    self.testObj.execute()
  File &quot;/home/pi/actions-runner/_work/thin-edge.io/thin-edge.io/tests/PySys/software_management_end_to_end/sm_apt_install_remove_multiple_mixed/run.py&quot;, line 89, in execute
    self.wait_until_succcess()
  File &quot;/home/pi/actions-runner/_work/thin-edge.io/thin-edge.io/tests/PySys/software_management_end_to_end/environment_sm_management.py&quot;, line 324, in wait_until_succcess
    self.wait_until_status(&quot;SUCCESSFUL&quot;)
  File &quot;/home/pi/actions-runner/_work/thin-edge.io/thin-edge.io/tests/PySys/software_management_end_to_end/environment_sm_management.py&quot;, line 381, in wait_until_status
    &quot;Timeout while waiting for status %s or %s&quot; % (status, status2)
SystemError: Timeout while waiting for status SUCCESSFUL or False
18:06:19 WARN  SystemError: Timeout while waiting for status SUCCESSFUL or False ... blocked 
18:06:19 INFO  
18:06:19 INFO  cleanup:
18:06:24 INFO  Executed sudo&lt;tedge_disconnect_c8y&gt;, exit status 0
18:06:24 INFO  Executed systemctl&lt;serv_mapper5&gt;, exit status 3
18:06:24 INFO  
18:06:24 INFO  Test duration: 178.38 secs
18:06:24 INFO  Test final outcome:  BLOCKED
18:06:24 INFO  Test outcome reason: SystemError: Timeout while waiting for status SUCCESSFUL or False
18:06:24 INFO  
</system-out>
	</testcase>
</testsuite>
