<?xml version="1.0" encoding="utf-8"?>
<testsuite failures="0" name="apt_finalize" skipped="0" tests="1" time="103.21" timestamp="2022-05-23T13:36:58">
	<testcase classname="AptPluginFinalize" name="apt_finalize"/>
</testsuite>
