<?xml version="1.0" encoding="utf-8"?>
<testsuite failures="1" name="SoftwareManagement.sm_apt_install_remove_multiple_mixed" skipped="0" tests="1" time="177.89" timestamp="2022-07-16T18:03:56">
	<testcase classname="PySysTest" name="SoftwareManagement.sm_apt_install_remove_multiple_mixed">
		<failure message="BLOCKED: SystemError: Timeout while waiting for status SUCCESSFUL or False" type="BLOCKED"/>
		<system-out>18:00:58 INFO  ==============================================================
18:00:58 INFO  Id:    SoftwareManagement.sm_apt_install_remove_multiple_mixed
18:00:58 INFO  Dir:   software_management_end_to_end/
18:00:58 INFO  Title: Validate end to end behaviour for the apt plugin for multiple packages with mixed versions
18:00:58 INFO  ==============================================================
18:00:58 INFO  Using sw id database: {'asciijump': '5475369', 'robotfindskitten': '5474869', 'squirrel3': '5475279', 'rolldice': '5152439', 'moon-buggy': '5439204', 'apple': '5495053', 'banana': '5494888', 'cherry': '5495382', 'watermelon': '5494510', 'registry': '8018911', 'hello-world': '8021526', 'docker/getting-started': '8021973', 'alpine': '7991792'}
18:00:58 INFO  EnvironmentC8y Setup
18:00:59 INFO  Executed systemctl&lt;serv_mapper1&gt;, exit status 3
18:00:59 INFO  Restarting mosquitto too frequently in the last 10 seconds. It was only up for 5 seconds
18:00:59 INFO  Delaying execution by 6 seconds
18:01:19 INFO  Executed sudo&lt;tedge_connect_c8y&gt;, exit status 0, duration 13 secs
18:01:19 INFO  Executed sudo&lt;tedge_connect_c8y_test&gt;, exit status 0
18:01:20 INFO  Executed systemctl&lt;serv_mosq2&gt;, exit status 0
18:01:20 INFO  Executed systemctl&lt;serv_mapper3&gt;, exit status 0
18:01:22 INFO  State of current operation: SUCCESSFUL
18:01:23 INFO  Assert that (False == value) with value=False ... passed
18:01:23 INFO  Assert that (False == value) with value=False ... passed
18:01:23 INFO  Assert that (False == value) with value=False ... passed
18:01:23 INFO  Assert that (False == value) with value=False ... passed
18:01:24 INFO  Assert that (False == value) with value=False ... passed
18:01:25 INFO  Response status: 201
18:01:25 INFO  Response to action: {
    &quot;creationTime&quot;: &quot;2022-07-16T18:01:25.205Z&quot;,
    &quot;deviceName&quot;: &quot;m32sd10d&quot;,
    &quot;deviceId&quot;: &quot;20956973&quot;,
    &quot;self&quot;: &quot;https://t493319102.eu-latest.cumulocity.com/devicecontrol/operations/20974222&quot;,
    &quot;id&quot;: &quot;20974222&quot;,
    &quot;status&quot;: &quot;PENDING&quot;,
    &quot;description&quot;: &quot;Apply software changes, triggered from PySys: [{'action': 'install', 'id': '5475369', 'name': 'asciijump', 'url': ' ', 'version': '::apt'}, {'action': 'install', 'id': '5474869', 'name': 'robotfindskitten', 'url': ' ', 'version': ' '}, {'action': 'install', 'id': '5475279', 'name': 'squirrel3', 'url': ' ', 'version': '3.1-7::apt'}, {'action': 'install', 'id': '5152439', 'name': 'rolldice', 'url': ' ', 'version': '1.16-1+b1'}, {'action': 'install', 'id': '5439204', 'name': 'moon-buggy', 'url': ' ', 'version': '1:1.0.51-12'}, {'action': 'install', 'id': '5475369', 'name': 'asciijump', 'url': ' ', 'version': '::apt'}]&quot;,
    &quot;c8y_SoftwareUpdate&quot;: [
        {
            &quot;name&quot;: &quot;asciijump&quot;,
            &quot;action&quot;: &quot;install&quot;,
            &quot;id&quot;: &quot;5475369&quot;,
            &quot;version&quot;: &quot;::apt&quot;,
            &quot;url&quot;: &quot; &quot;
        },
        {
            &quot;name&quot;: &quot;robotfindskitten&quot;,
            &quot;action&quot;: &quot;install&quot;,
            &quot;id&quot;: &quot;5474869&quot;,
            &quot;version&quot;: &quot; &quot;,
            &quot;url&quot;: &quot; &quot;
        },
        {
            &quot;name&quot;: &quot;squirrel3&quot;,
            &quot;action&quot;: &quot;install&quot;,
            &quot;id&quot;: &quot;5475279&quot;,
            &quot;version&quot;: &quot;3.1-7::apt&quot;,
            &quot;url&quot;: &quot; &quot;
        },
        {
            &quot;name&quot;: &quot;rolldice&quot;,
            &quot;action&quot;: &quot;install&quot;,
            &quot;id&quot;: &quot;5152439&quot;,
            &quot;version&quot;: &quot;1.16-1+b1&quot;,
            &quot;url&quot;: &quot; &quot;
        },
        {
            &quot;name&quot;: &quot;moon-buggy&quot;,
            &quot;action&quot;: &quot;install&quot;,
            &quot;id&quot;: &quot;5439204&quot;,
            &quot;version&quot;: &quot;1:1.0.51-12&quot;,
            &quot;url&quot;: &quot; &quot;
        },
        {
            &quot;name&quot;: &quot;asciijump&quot;,
            &quot;action&quot;: &quot;install&quot;,
            &quot;id&quot;: &quot;5475369&quot;,
            &quot;version&quot;: &quot;::apt&quot;,
            &quot;url&quot;: &quot; &quot;
        }
    ]
}
18:01:25 INFO  Started operation: {'creationTime': '2022-07-16T18:01:25.205Z', 'deviceName': 'm32sd10d', 'deviceId': '20956973', 'self': 'https://t493319102.eu-latest.cumulocity.com/devicecontrol/operations/20974222', 'id': '20974222', 'status': 'PENDING', 'description': &quot;Apply software changes, triggered from PySys: [{'action': 'install', 'id': '5475369', 'name': 'asciijump', 'url': ' ', 'version': '::apt'}, {'action': 'install', 'id': '5474869', 'name': 'robotfindskitten', 'url': ' ', 'version': ' '}, {'action': 'install', 'id': '5475279', 'name': 'squirrel3', 'url': ' ', 'version': '3.1-7::apt'}, {'action': 'install', 'id': '5152439', 'name': 'rolldice', 'url': ' ', 'version': '1.16-1+b1'}, {'action': 'install', 'id': '5439204', 'name': 'moon-buggy', 'url': ' ', 'version': '1:1.0.51-12'}, {'action': 'install', 'id': '5475369', 'name': 'asciijump', 'url': ' ', 'version': '::apt'}]&quot;, 'c8y_SoftwareUpdate': [{'name': 'asciijump', 'action': 'install', 'id': '5475369', 'version': '::apt', 'url': ' '}, {'name': 'robotfindskitten', 'action': 'install', 'id': '5474869', 'version': ' ', 'url': ' '}, {'name': 'squirrel3', 'action': 'install', 'id': '5475279', 'version': '3.1-7::apt', 'url': ' '}, {'name': 'rolldice', 'action': 'install', 'id': '5152439', 'version': '1.16-1+b1', 'url': ' '}, {'name': 'moon-buggy', 'action': 'install', 'id': '5439204', 'version': '1:1.0.51-12', 'url': ' '}, {'name': 'asciijump', 'action': 'install', 'id': '5475369', 'version': '::apt', 'url': ' '}]}
18:01:27 INFO  State of operation 20974222 : PENDING
18:01:29 INFO  State of operation 20974222 : EXECUTING
18:01:31 INFO  State of operation 20974222 : EXECUTING
18:01:34 INFO  State of operation 20974222 : EXECUTING
18:01:36 INFO  State of operation 20974222 : EXECUTING
18:01:38 INFO  State of operation 20974222 : EXECUTING
18:01:41 INFO  State of operation 20974222 : EXECUTING
18:01:44 INFO  State of operation 20974222 : EXECUTING
18:01:47 INFO  State of operation 20974222 : EXECUTING
18:01:49 INFO  State of operation 20974222 : EXECUTING
18:01:51 INFO  State of operation 20974222 : EXECUTING
18:01:53 INFO  State of operation 20974222 : EXECUTING
18:01:55 INFO  State of operation 20974222 : EXECUTING
18:01:58 INFO  State of operation 20974222 : EXECUTING
18:02:00 INFO  State of operation 20974222 : EXECUTING
18:02:02 INFO  State of operation 20974222 : EXECUTING
18:02:05 INFO  State of operation 20974222 : EXECUTING
18:02:07 INFO  State of operation 20974222 : EXECUTING
18:02:10 INFO  State of operation 20974222 : EXECUTING
18:02:12 INFO  State of operation 20974222 : EXECUTING
18:02:14 INFO  State of operation 20974222 : EXECUTING
18:02:17 INFO  State of operation 20974222 : EXECUTING
18:02:19 INFO  State of operation 20974222 : EXECUTING
18:02:22 INFO  State of operation 20974222 : EXECUTING
18:02:24 INFO  State of operation 20974222 : EXECUTING
18:02:26 INFO  State of operation 20974222 : EXECUTING
18:02:29 INFO  State of operation 20974222 : EXECUTING
18:02:31 INFO  State of operation 20974222 : EXECUTING
18:02:33 INFO  State of operation 20974222 : EXECUTING
18:02:36 INFO  State of operation 20974222 : EXECUTING
18:02:38 INFO  State of operation 20974222 : EXECUTING
18:02:40 INFO  State of operation 20974222 : EXECUTING
18:02:42 INFO  State of operation 20974222 : EXECUTING
18:02:45 INFO  State of operation 20974222 : EXECUTING
18:02:47 INFO  State of operation 20974222 : EXECUTING
18:02:49 INFO  State of operation 20974222 : EXECUTING
18:02:51 INFO  State of operation 20974222 : EXECUTING
18:02:54 INFO  State of operation 20974222 : EXECUTING
18:02:57 INFO  State of operation 20974222 : EXECUTING
18:02:59 INFO  State of operation 20974222 : EXECUTING
18:03:01 INFO  State of operation 20974222 : EXECUTING
18:03:04 INFO  State of operation 20974222 : EXECUTING
18:03:06 INFO  State of operation 20974222 : EXECUTING
18:03:08 INFO  State of operation 20974222 : EXECUTING
18:03:10 INFO  State of operation 20974222 : EXECUTING
18:03:13 INFO  State of operation 20974222 : EXECUTING
18:03:15 INFO  State of operation 20974222 : EXECUTING
18:03:17 INFO  State of operation 20974222 : EXECUTING
18:03:19 INFO  State of operation 20974222 : EXECUTING
18:03:22 INFO  State of operation 20974222 : EXECUTING
18:03:24 INFO  State of operation 20974222 : EXECUTING
18:03:27 INFO  State of operation 20974222 : EXECUTING
18:03:29 INFO  State of operation 20974222 : EXECUTING
18:03:31 INFO  State of operation 20974222 : EXECUTING
18:03:33 INFO  State of operation 20974222 : EXECUTING
18:03:36 INFO  State of operation 20974222 : EXECUTING
18:03:38 INFO  State of operation 20974222 : EXECUTING
18:03:41 INFO  State of operation 20974222 : EXECUTING
18:03:43 INFO  State of operation 20974222 : EXECUTING
18:03:46 INFO  State of operation 20974222 : EXECUTING
18:03:48 INFO  State of operation 20974222 : EXECUTING
18:03:50 WARN  SystemError occurred while running test - Timeout while waiting for status SUCCESSFUL or False
Traceback (most recent call last):
  File &quot;/home/pi/env-pysys/lib/python3.7/site-packages/pysys/baserunner.py&quot;, line 1294, in __call__
    self.testObj.execute()
  File &quot;/home/pi/actions-runner/_work/thin-edge.io/thin-edge.io/tests/PySys/software_management_end_to_end/sm_apt_install_remove_multiple_mixed/run.py&quot;, line 89, in execute
    self.wait_until_succcess()
  File &quot;/home/pi/actions-runner/_work/thin-edge.io/thin-edge.io/tests/PySys/software_management_end_to_end/environment_sm_management.py&quot;, line 324, in wait_until_succcess
    self.wait_until_status(&quot;SUCCESSFUL&quot;)
  File &quot;/home/pi/actions-runner/_work/thin-edge.io/thin-edge.io/tests/PySys/software_management_end_to_end/environment_sm_management.py&quot;, line 381, in wait_until_status
    &quot;Timeout while waiting for status %s or %s&quot; % (status, status2)
SystemError: Timeout while waiting for status SUCCESSFUL or False
18:03:51 WARN  SystemError: Timeout while waiting for status SUCCESSFUL or False ... blocked 
18:03:51 INFO  
18:03:51 INFO  cleanup:
18:03:55 INFO  Executed sudo&lt;tedge_disconnect_c8y&gt;, exit status 0
18:03:56 INFO  Executed systemctl&lt;serv_mapper5&gt;, exit status 3
18:03:56 INFO  
18:03:56 INFO  Test duration: 177.89 secs
18:03:56 INFO  Test final outcome:  BLOCKED
18:03:56 INFO  Test outcome reason: SystemError: Timeout while waiting for status SUCCESSFUL or False
18:03:56 INFO  
</system-out>
	</testcase>
</testsuite>
