<?xml version="1.0" encoding="utf-8"?>
<testsuite failures="1" name="SoftwareManagement.sm_apt_install_fail" skipped="0" tests="1" time="165.02" timestamp="2022-05-23T13:58:10">
	<testcase classname="PySysTest" name="SoftwareManagement.sm_apt_install_fail">
		<failure message="BLOCKED: SystemError: Timeout while waiting for status FAILED or SUCCESSFUL" type="BLOCKED"/>
		<system-out>13:55:25 INFO  ==============================================================
13:55:25 INFO  Id:    SoftwareManagement.sm_apt_install_fail
13:55:25 INFO  Dir:   software_management_end_to_end/
13:55:25 INFO  Title: Validate end to end behaviour for a failing installation
13:55:25 INFO  ==============================================================
13:55:25 INFO  Using sw id database: {'asciijump': '5475369', 'robotfindskitten': '5474869', 'squirrel3': '5475279', 'rolldice': '5152439', 'moon-buggy': '5439204', 'apple': '5495053', 'banana': '5494888', 'cherry': '5495382', 'watermelon': '5494510', 'registry': '8018911', 'hello-world': '8021526', 'docker/getting-started': '8021973', 'alpine': '7991792'}
13:55:25 INFO  EnvironmentC8y Setup
13:55:26 INFO  Executed systemctl&lt;serv_mapper1&gt;, exit status 3
13:55:26 INFO  Restarting mosquitto too frequently in the last 10 seconds. It was only up for 5 seconds
13:55:26 INFO  Delaying execution by 6 seconds
13:55:46 INFO  Executed sudo&lt;tedge_connect_c8y&gt;, exit status 0, duration 14 secs
13:55:47 INFO  Executed sudo&lt;tedge_connect_c8y_test&gt;, exit status 0
13:55:47 INFO  Executed systemctl&lt;serv_mosq2&gt;, exit status 0
13:55:47 INFO  Executed systemctl&lt;serv_mapper3&gt;, exit status 0
13:55:50 INFO  State of current operation: PENDING
13:55:52 INFO  State of current operation: PENDING
13:55:54 INFO  State of current operation: PENDING
13:55:56 INFO  State of current operation: PENDING
13:55:59 INFO  State of current operation: PENDING
13:56:01 INFO  State of current operation: PENDING
13:56:03 INFO  State of current operation: PENDING
13:56:05 INFO  State of current operation: PENDING
13:56:08 INFO  State of current operation: PENDING
13:56:10 INFO  State of current operation: PENDING
13:56:12 INFO  State of current operation: PENDING
13:56:14 INFO  State of current operation: PENDING
13:56:17 INFO  State of current operation: PENDING
13:56:19 INFO  State of current operation: PENDING
13:56:21 INFO  State of current operation: PENDING
13:56:23 INFO  State of current operation: PENDING
13:56:26 INFO  State of current operation: PENDING
13:56:28 INFO  State of current operation: PENDING
13:56:30 INFO  State of current operation: PENDING
13:56:32 INFO  State of current operation: PENDING
13:56:34 INFO  State of current operation: PENDING
13:56:37 INFO  State of current operation: PENDING
13:56:39 INFO  State of current operation: PENDING
13:56:41 INFO  State of current operation: PENDING
13:56:43 INFO  State of current operation: PENDING
13:56:46 INFO  State of current operation: PENDING
13:56:48 INFO  State of current operation: PENDING
13:56:50 INFO  State of current operation: PENDING
13:56:52 INFO  State of current operation: PENDING
13:56:54 INFO  State of current operation: PENDING
13:56:57 INFO  State of current operation: PENDING
13:56:59 INFO  State of current operation: PENDING
13:57:01 INFO  State of current operation: PENDING
13:57:03 INFO  State of current operation: PENDING
13:57:06 INFO  State of current operation: PENDING
13:57:08 INFO  State of current operation: PENDING
13:57:10 INFO  State of current operation: PENDING
13:57:12 INFO  State of current operation: PENDING
13:57:15 INFO  State of current operation: PENDING
13:57:17 INFO  State of current operation: PENDING
13:57:19 INFO  State of current operation: PENDING
13:57:21 INFO  State of current operation: PENDING
13:57:23 INFO  State of current operation: PENDING
13:57:26 INFO  State of current operation: PENDING
13:57:28 INFO  State of current operation: PENDING
13:57:30 INFO  State of current operation: PENDING
13:57:32 INFO  State of current operation: PENDING
13:57:35 INFO  State of current operation: PENDING
13:57:37 INFO  State of current operation: PENDING
13:57:39 INFO  State of current operation: PENDING
13:57:41 INFO  State of current operation: PENDING
13:57:43 INFO  State of current operation: PENDING
13:57:46 INFO  State of current operation: PENDING
13:57:48 INFO  State of current operation: PENDING
13:57:50 INFO  State of current operation: PENDING
13:57:52 INFO  State of current operation: PENDING
13:57:55 INFO  State of current operation: PENDING
13:57:57 INFO  State of current operation: PENDING
13:57:59 INFO  State of current operation: PENDING
13:58:01 INFO  State of current operation: PENDING
13:58:04 INFO  State of current operation: PENDING
13:58:06 WARN  SystemError occurred while running test - Timeout while waiting for status FAILED or SUCCESSFUL
Traceback (most recent call last):
  File &quot;/home/pi/env-pysys/lib/python3.7/site-packages/pysys/baserunner.py&quot;, line 1292, in __call__
    self.testObj.setup()
  File &quot;/home/pi/actions-runner/_work/thin-edge.io/thin-edge.io/tests/PySys/software_management_end_to_end/sm_apt_install_fail/run.py&quot;, line 20, in setup
    super().setup()
  File &quot;/home/pi/actions-runner/_work/thin-edge.io/thin-edge.io/tests/PySys/software_management_end_to_end/environment_sm_management.py&quot;, line 151, in setup
    self.wait_until_end()
  File &quot;/home/pi/actions-runner/_work/thin-edge.io/thin-edge.io/tests/PySys/software_management_end_to_end/environment_sm_management.py&quot;, line 332, in wait_until_end
    self.wait_until_status(&quot;FAILED&quot;, &quot;SUCCESSFUL&quot;)
  File &quot;/home/pi/actions-runner/_work/thin-edge.io/thin-edge.io/tests/PySys/software_management_end_to_end/environment_sm_management.py&quot;, line 381, in wait_until_status
    &quot;Timeout while waiting for status %s or %s&quot; % (status, status2)
SystemError: Timeout while waiting for status FAILED or SUCCESSFUL
13:58:06 WARN  SystemError: Timeout while waiting for status FAILED or SUCCESSFUL ... blocked 
13:58:06 INFO  
13:58:06 INFO  cleanup:
13:58:10 INFO  Executed sudo&lt;tedge_disconnect_c8y&gt;, exit status 0
13:58:10 INFO  Executed systemctl&lt;serv_mapper5&gt;, exit status 3
13:58:10 INFO  
13:58:10 INFO  Test duration: 165.02 secs
13:58:10 INFO  Test final outcome:  BLOCKED
13:58:10 INFO  Test outcome reason: SystemError: Timeout while waiting for status FAILED or SUCCESSFUL
13:58:10 INFO  
</system-out>
	</testcase>
</testsuite>
