<?xml version="1.0" encoding="utf-8"?>
<testsuite failures="1" name="SoftwareManagement.sm_apt_install_remove_multiple_mixed" skipped="0" tests="1" time="179.2" timestamp="2022-07-21T22:02:24">
	<testcase classname="PySysTest" name="SoftwareManagement.sm_apt_install_remove_multiple_mixed">
		<failure message="BLOCKED: SystemError: Timeout while waiting for status SUCCESSFUL or False" type="BLOCKED"/>
		<system-out>21:59:25 INFO  ==============================================================
21:59:25 INFO  Id:    SoftwareManagement.sm_apt_install_remove_multiple_mixed
21:59:25 INFO  Dir:   software_management_end_to_end/
21:59:25 INFO  Title: Validate end to end behaviour for the apt plugin for multiple packages with mixed versions
21:59:25 INFO  ==============================================================
21:59:25 INFO  Using sw id database: {'asciijump': '5475369', 'robotfindskitten': '5474869', 'squirrel3': '5475279', 'rolldice': '5152439', 'moon-buggy': '5439204', 'apple': '5495053', 'banana': '5494888', 'cherry': '5495382', 'watermelon': '5494510', 'registry': '8018911', 'hello-world': '8021526', 'docker/getting-started': '8021973', 'alpine': '7991792'}
21:59:25 INFO  EnvironmentC8y Setup
21:59:26 INFO  Executed systemctl&lt;serv_mapper1&gt;, exit status 3
21:59:26 INFO  Restarting mosquitto too frequently in the last 10 seconds. It was only up for 5 seconds
21:59:26 INFO  Delaying execution by 6 seconds
21:59:46 INFO  Executed sudo&lt;tedge_connect_c8y&gt;, exit status 0, duration 13 secs
21:59:46 INFO  Executed sudo&lt;tedge_connect_c8y_test&gt;, exit status 0
21:59:47 INFO  Executed systemctl&lt;serv_mosq2&gt;, exit status 0
21:59:47 INFO  Executed systemctl&lt;serv_mapper3&gt;, exit status 0
21:59:50 INFO  State of current operation: SUCCESSFUL
21:59:50 INFO  Assert that (False == value) with value=False ... passed
21:59:50 INFO  Assert that (False == value) with value=False ... passed
21:59:50 INFO  Assert that (False == value) with value=False ... passed
21:59:51 INFO  Assert that (False == value) with value=False ... passed
21:59:51 INFO  Assert that (False == value) with value=False ... passed
21:59:52 INFO  Response status: 201
21:59:52 INFO  Response to action: {
    &quot;creationTime&quot;: &quot;2022-07-21T21:59:52.422Z&quot;,
    &quot;deviceId&quot;: &quot;21166555&quot;,
    &quot;deviceName&quot;: &quot;m32sd10d&quot;,
    &quot;self&quot;: &quot;https://t493319102.eu-latest.cumulocity.com/devicecontrol/operations/21191879&quot;,
    &quot;id&quot;: &quot;21191879&quot;,
    &quot;status&quot;: &quot;PENDING&quot;,
    &quot;description&quot;: &quot;Apply software changes, triggered from PySys: [{'action': 'install', 'id': '5475369', 'name': 'asciijump', 'url': ' ', 'version': '::apt'}, {'action': 'install', 'id': '5474869', 'name': 'robotfindskitten', 'url': ' ', 'version': ' '}, {'action': 'install', 'id': '5475279', 'name': 'squirrel3', 'url': ' ', 'version': '3.1-7::apt'}, {'action': 'install', 'id': '5152439', 'name': 'rolldice', 'url': ' ', 'version': '1.16-1+b1'}, {'action': 'install', 'id': '5439204', 'name': 'moon-buggy', 'url': ' ', 'version': '1:1.0.51-12'}, {'action': 'install', 'id': '5475369', 'name': 'asciijump', 'url': ' ', 'version': '::apt'}]&quot;,
    &quot;c8y_SoftwareUpdate&quot;: [
        {
            &quot;name&quot;: &quot;asciijump&quot;,
            &quot;action&quot;: &quot;install&quot;,
            &quot;id&quot;: &quot;5475369&quot;,
            &quot;version&quot;: &quot;::apt&quot;,
            &quot;url&quot;: &quot; &quot;
        },
        {
            &quot;name&quot;: &quot;robotfindskitten&quot;,
            &quot;action&quot;: &quot;install&quot;,
            &quot;id&quot;: &quot;5474869&quot;,
            &quot;version&quot;: &quot; &quot;,
            &quot;url&quot;: &quot; &quot;
        },
        {
            &quot;name&quot;: &quot;squirrel3&quot;,
            &quot;action&quot;: &quot;install&quot;,
            &quot;id&quot;: &quot;5475279&quot;,
            &quot;version&quot;: &quot;3.1-7::apt&quot;,
            &quot;url&quot;: &quot; &quot;
        },
        {
            &quot;name&quot;: &quot;rolldice&quot;,
            &quot;action&quot;: &quot;install&quot;,
            &quot;id&quot;: &quot;5152439&quot;,
            &quot;version&quot;: &quot;1.16-1+b1&quot;,
            &quot;url&quot;: &quot; &quot;
        },
        {
            &quot;name&quot;: &quot;moon-buggy&quot;,
            &quot;action&quot;: &quot;install&quot;,
            &quot;id&quot;: &quot;5439204&quot;,
            &quot;version&quot;: &quot;1:1.0.51-12&quot;,
            &quot;url&quot;: &quot; &quot;
        },
        {
            &quot;name&quot;: &quot;asciijump&quot;,
            &quot;action&quot;: &quot;install&quot;,
            &quot;id&quot;: &quot;5475369&quot;,
            &quot;version&quot;: &quot;::apt&quot;,
            &quot;url&quot;: &quot; &quot;
        }
    ]
}
21:59:52 INFO  Started operation: {'creationTime': '2022-07-21T21:59:52.422Z', 'deviceId': '21166555', 'deviceName': 'm32sd10d', 'self': 'https://t493319102.eu-latest.cumulocity.com/devicecontrol/operations/21191879', 'id': '21191879', 'status': 'PENDING', 'description': &quot;Apply software changes, triggered from PySys: [{'action': 'install', 'id': '5475369', 'name': 'asciijump', 'url': ' ', 'version': '::apt'}, {'action': 'install', 'id': '5474869', 'name': 'robotfindskitten', 'url': ' ', 'version': ' '}, {'action': 'install', 'id': '5475279', 'name': 'squirrel3', 'url': ' ', 'version': '3.1-7::apt'}, {'action': 'install', 'id': '5152439', 'name': 'rolldice', 'url': ' ', 'version': '1.16-1+b1'}, {'action': 'install', 'id': '5439204', 'name': 'moon-buggy', 'url': ' ', 'version': '1:1.0.51-12'}, {'action': 'install', 'id': '5475369', 'name': 'asciijump', 'url': ' ', 'version': '::apt'}]&quot;, 'c8y_SoftwareUpdate': [{'name': 'asciijump', 'action': 'install', 'id': '5475369', 'version': '::apt', 'url': ' '}, {'name': 'robotfindskitten', 'action': 'install', 'id': '5474869', 'version': ' ', 'url': ' '}, {'name': 'squirrel3', 'action': 'install', 'id': '5475279', 'version': '3.1-7::apt', 'url': ' '}, {'name': 'rolldice', 'action': 'install', 'id': '5152439', 'version': '1.16-1+b1', 'url': ' '}, {'name': 'moon-buggy', 'action': 'install', 'id': '5439204', 'version': '1:1.0.51-12', 'url': ' '}, {'name': 'asciijump', 'action': 'install', 'id': '5475369', 'version': '::apt', 'url': ' '}]}
21:59:54 INFO  State of operation 21191879 : PENDING
21:59:56 INFO  State of operation 21191879 : EXECUTING
21:59:59 INFO  State of operation 21191879 : EXECUTING
22:00:01 INFO  State of operation 21191879 : EXECUTING
22:00:03 INFO  State of operation 21191879 : EXECUTING
22:00:05 INFO  State of operation 21191879 : EXECUTING
22:00:08 INFO  State of operation 21191879 : EXECUTING
22:00:11 INFO  State of operation 21191879 : EXECUTING
22:00:14 INFO  State of operation 21191879 : EXECUTING
22:00:16 INFO  State of operation 21191879 : EXECUTING
22:00:18 INFO  State of operation 21191879 : EXECUTING
22:00:21 INFO  State of operation 21191879 : EXECUTING
22:00:23 INFO  State of operation 21191879 : EXECUTING
22:00:25 INFO  State of operation 21191879 : EXECUTING
22:00:27 INFO  State of operation 21191879 : EXECUTING
22:00:30 INFO  State of operation 21191879 : EXECUTING
22:00:32 INFO  State of operation 21191879 : EXECUTING
22:00:35 INFO  State of operation 21191879 : EXECUTING
22:00:37 INFO  State of operation 21191879 : EXECUTING
22:00:39 INFO  State of operation 21191879 : EXECUTING
22:00:41 INFO  State of operation 21191879 : EXECUTING
22:00:44 INFO  State of operation 21191879 : EXECUTING
22:00:46 INFO  State of operation 21191879 : EXECUTING
22:00:49 INFO  State of operation 21191879 : EXECUTING
22:00:51 INFO  State of operation 21191879 : EXECUTING
22:00:54 INFO  State of operation 21191879 : EXECUTING
22:00:56 INFO  State of operation 21191879 : EXECUTING
22:00:59 INFO  State of operation 21191879 : EXECUTING
22:01:01 INFO  State of operation 21191879 : EXECUTING
22:01:04 INFO  State of operation 21191879 : EXECUTING
22:01:06 INFO  State of operation 21191879 : EXECUTING
22:01:08 INFO  State of operation 21191879 : EXECUTING
22:01:10 INFO  State of operation 21191879 : EXECUTING
22:01:13 INFO  State of operation 21191879 : EXECUTING
22:01:15 INFO  State of operation 21191879 : EXECUTING
22:01:17 INFO  State of operation 21191879 : EXECUTING
22:01:19 INFO  State of operation 21191879 : EXECUTING
22:01:22 INFO  State of operation 21191879 : EXECUTING
22:01:25 INFO  State of operation 21191879 : EXECUTING
22:01:27 INFO  State of operation 21191879 : EXECUTING
22:01:30 INFO  State of operation 21191879 : EXECUTING
22:01:32 INFO  State of operation 21191879 : EXECUTING
22:01:34 INFO  State of operation 21191879 : EXECUTING
22:01:36 INFO  State of operation 21191879 : EXECUTING
22:01:39 INFO  State of operation 21191879 : EXECUTING
22:01:41 INFO  State of operation 21191879 : EXECUTING
22:01:43 INFO  State of operation 21191879 : EXECUTING
22:01:45 INFO  State of operation 21191879 : EXECUTING
22:01:48 INFO  State of operation 21191879 : EXECUTING
22:01:50 INFO  State of operation 21191879 : EXECUTING
22:01:53 INFO  State of operation 21191879 : EXECUTING
22:01:55 INFO  State of operation 21191879 : EXECUTING
22:01:57 INFO  State of operation 21191879 : EXECUTING
22:01:59 INFO  State of operation 21191879 : EXECUTING
22:02:02 INFO  State of operation 21191879 : EXECUTING
22:02:05 INFO  State of operation 21191879 : EXECUTING
22:02:07 INFO  State of operation 21191879 : EXECUTING
22:02:10 INFO  State of operation 21191879 : EXECUTING
22:02:12 INFO  State of operation 21191879 : EXECUTING
22:02:15 INFO  State of operation 21191879 : EXECUTING
22:02:17 INFO  State of operation 21191879 : EXECUTING
22:02:19 WARN  SystemError occurred while running test - Timeout while waiting for status SUCCESSFUL or False
Traceback (most recent call last):
  File &quot;/home/pi/env-pysys/lib/python3.7/site-packages/pysys/baserunner.py&quot;, line 1294, in __call__
    self.testObj.execute()
  File &quot;/home/pi/actions-runner/_work/thin-edge.io/thin-edge.io/tests/PySys/software_management_end_to_end/sm_apt_install_remove_multiple_mixed/run.py&quot;, line 89, in execute
    self.wait_until_succcess()
  File &quot;/home/pi/actions-runner/_work/thin-edge.io/thin-edge.io/tests/PySys/software_management_end_to_end/environment_sm_management.py&quot;, line 324, in wait_until_succcess
    self.wait_until_status(&quot;SUCCESSFUL&quot;)
  File &quot;/home/pi/actions-runner/_work/thin-edge.io/thin-edge.io/tests/PySys/software_management_end_to_end/environment_sm_management.py&quot;, line 381, in wait_until_status
    &quot;Timeout while waiting for status %s or %s&quot; % (status, status2)
SystemError: Timeout while waiting for status SUCCESSFUL or False
22:02:19 WARN  SystemError: Timeout while waiting for status SUCCESSFUL or False ... blocked 
22:02:19 INFO  
22:02:19 INFO  cleanup:
22:02:24 INFO  Executed sudo&lt;tedge_disconnect_c8y&gt;, exit status 0
22:02:24 INFO  Executed systemctl&lt;serv_mapper5&gt;, exit status 3
22:02:24 INFO  
22:02:24 INFO  Test duration: 179.20 secs
22:02:24 INFO  Test final outcome:  BLOCKED
22:02:24 INFO  Test outcome reason: SystemError: Timeout while waiting for status SUCCESSFUL or False
22:02:24 INFO  
</system-out>
	</testcase>
</testsuite>
