<?xml version="1.0" encoding="utf-8"?>
<testsuite failures="0" name="apt_finalize" skipped="0" tests="1" time="102.33" timestamp="2022-05-24T11:00:36">
	<testcase classname="AptPluginFinalize" name="apt_finalize"/>
</testsuite>
