<?xml version="1.0" encoding="utf-8"?>
<testsuite failures="1" name="SoftwareManagement.sm_apt_install_remove_with_version" skipped="0" tests="1" time="166.03" timestamp="2022-05-23T15:50:07">
	<testcase classname="PySysTest" name="SoftwareManagement.sm_apt_install_remove_with_version">
		<failure message="BLOCKED: SystemError: Timeout while waiting for status FAILED or SUCCESSFUL" type="BLOCKED"/>
		<system-out>15:47:21 INFO  ==============================================================
15:47:21 INFO  Id:    SoftwareManagement.sm_apt_install_remove_with_version
15:47:21 INFO  Dir:   software_management_end_to_end/
15:47:21 INFO  Title: Validate end to end behaviour for the apt plugin for packages with version
15:47:21 INFO  ==============================================================
15:47:21 INFO  Using sw id database: {'asciijump': '5475369', 'robotfindskitten': '5474869', 'squirrel3': '5475279', 'rolldice': '5152439', 'moon-buggy': '5439204', 'apple': '5495053', 'banana': '5494888', 'cherry': '5495382', 'watermelon': '5494510', 'registry': '8018911', 'hello-world': '8021526', 'docker/getting-started': '8021973', 'alpine': '7991792'}
15:47:21 INFO  EnvironmentC8y Setup
15:47:21 INFO  Executed systemctl&lt;serv_mapper1&gt;, exit status 3
15:47:21 INFO  Restarting mosquitto too frequently in the last 10 seconds. It was only up for 4 seconds
15:47:21 INFO  Delaying execution by 7 seconds
15:47:42 INFO  Executed sudo&lt;tedge_connect_c8y&gt;, exit status 0, duration 13 secs
15:47:43 INFO  Executed sudo&lt;tedge_connect_c8y_test&gt;, exit status 0
15:47:43 INFO  Executed systemctl&lt;serv_mosq2&gt;, exit status 0
15:47:44 INFO  Executed systemctl&lt;serv_mapper3&gt;, exit status 0
15:47:46 INFO  State of current operation: PENDING
15:47:48 INFO  State of current operation: PENDING
15:47:50 INFO  State of current operation: PENDING
15:47:53 INFO  State of current operation: PENDING
15:47:55 INFO  State of current operation: PENDING
15:47:57 INFO  State of current operation: PENDING
15:47:59 INFO  State of current operation: PENDING
15:48:02 INFO  State of current operation: PENDING
15:48:04 INFO  State of current operation: PENDING
15:48:06 INFO  State of current operation: PENDING
15:48:08 INFO  State of current operation: PENDING
15:48:10 INFO  State of current operation: PENDING
15:48:13 INFO  State of current operation: PENDING
15:48:15 INFO  State of current operation: PENDING
15:48:17 INFO  State of current operation: PENDING
15:48:19 INFO  State of current operation: PENDING
15:48:22 INFO  State of current operation: PENDING
15:48:24 INFO  State of current operation: PENDING
15:48:26 INFO  State of current operation: PENDING
15:48:28 INFO  State of current operation: PENDING
15:48:31 INFO  State of current operation: PENDING
15:48:33 INFO  State of current operation: PENDING
15:48:35 INFO  State of current operation: PENDING
15:48:37 INFO  State of current operation: PENDING
15:48:40 INFO  State of current operation: PENDING
15:48:42 INFO  State of current operation: PENDING
15:48:44 INFO  State of current operation: PENDING
15:48:46 INFO  State of current operation: PENDING
15:48:48 INFO  State of current operation: PENDING
15:48:51 INFO  State of current operation: PENDING
15:48:53 INFO  State of current operation: PENDING
15:48:55 INFO  State of current operation: PENDING
15:48:57 INFO  State of current operation: PENDING
15:49:00 INFO  State of current operation: PENDING
15:49:02 INFO  State of current operation: PENDING
15:49:04 INFO  State of current operation: PENDING
15:49:06 INFO  State of current operation: PENDING
15:49:09 INFO  State of current operation: PENDING
15:49:11 INFO  State of current operation: PENDING
15:49:13 INFO  State of current operation: PENDING
15:49:15 INFO  State of current operation: PENDING
15:49:17 INFO  State of current operation: PENDING
15:49:20 INFO  State of current operation: PENDING
15:49:22 INFO  State of current operation: PENDING
15:49:24 INFO  State of current operation: PENDING
15:49:26 INFO  State of current operation: PENDING
15:49:29 INFO  State of current operation: PENDING
15:49:31 INFO  State of current operation: PENDING
15:49:33 INFO  State of current operation: PENDING
15:49:35 INFO  State of current operation: PENDING
15:49:37 INFO  State of current operation: PENDING
15:49:40 INFO  State of current operation: PENDING
15:49:42 INFO  State of current operation: PENDING
15:49:44 INFO  State of current operation: PENDING
15:49:46 INFO  State of current operation: PENDING
15:49:49 INFO  State of current operation: PENDING
15:49:51 INFO  State of current operation: PENDING
15:49:53 INFO  State of current operation: PENDING
15:49:55 INFO  State of current operation: PENDING
15:49:58 INFO  State of current operation: PENDING
15:50:00 INFO  State of current operation: PENDING
15:50:02 WARN  SystemError occurred while running test - Timeout while waiting for status FAILED or SUCCESSFUL
Traceback (most recent call last):
  File &quot;/home/pi/env-pysys/lib/python3.7/site-packages/pysys/baserunner.py&quot;, line 1292, in __call__
    self.testObj.setup()
  File &quot;/home/pi/actions-runner/_work/thin-edge.io/thin-edge.io/tests/PySys/software_management_end_to_end/sm_apt_install_remove_with_version/run.py&quot;, line 27, in setup
    super().setup()
  File &quot;/home/pi/actions-runner/_work/thin-edge.io/thin-edge.io/tests/PySys/software_management_end_to_end/environment_sm_management.py&quot;, line 151, in setup
    self.wait_until_end()
  File &quot;/home/pi/actions-runner/_work/thin-edge.io/thin-edge.io/tests/PySys/software_management_end_to_end/environment_sm_management.py&quot;, line 332, in wait_until_end
    self.wait_until_status(&quot;FAILED&quot;, &quot;SUCCESSFUL&quot;)
  File &quot;/home/pi/actions-runner/_work/thin-edge.io/thin-edge.io/tests/PySys/software_management_end_to_end/environment_sm_management.py&quot;, line 381, in wait_until_status
    &quot;Timeout while waiting for status %s or %s&quot; % (status, status2)
SystemError: Timeout while waiting for status FAILED or SUCCESSFUL
15:50:02 WARN  SystemError: Timeout while waiting for status FAILED or SUCCESSFUL ... blocked 
15:50:02 INFO  
15:50:02 INFO  cleanup:
15:50:06 INFO  Executed sudo&lt;tedge_disconnect_c8y&gt;, exit status 0
15:50:07 INFO  Executed systemctl&lt;serv_mapper5&gt;, exit status 3
15:50:07 INFO  
15:50:07 INFO  Test duration: 166.03 secs
15:50:07 INFO  Test final outcome:  BLOCKED
15:50:07 INFO  Test outcome reason: SystemError: Timeout while waiting for status FAILED or SUCCESSFUL
15:50:07 INFO  
</system-out>
	</testcase>
</testsuite>
