<?xml version="1.0" encoding="utf-8"?>
<testsuite failures="0" name="apt_prepare" skipped="0" tests="1" time="18.53" timestamp="2022-06-22T16:11:18">
	<testcase classname="AptPluginPrepare" name="apt_prepare"/>
</testsuite>
