<?xml version="1.0" encoding="utf-8"?>
<testsuite failures="0" name="apt_install" skipped="0" tests="1" time="64.33" timestamp="2022-06-16T14:26:27">
	<testcase classname="AptPluginInstallDense" name="apt_install"/>
</testsuite>
