<?xml version="1.0" encoding="utf-8"?>
<testsuite failures="0" name="apt_remove" skipped="0" tests="1" time="65.26" timestamp="2022-05-20T10:00:25">
	<testcase classname="AptPluginRemoveDense" name="apt_remove"/>
</testsuite>
