<?xml version="1.0" encoding="utf-8"?>
<testsuite failures="1" name="SoftwareManagement.sm_apt_install_remove_multiple" skipped="0" tests="1" time="182.72" timestamp="2022-07-21T20:29:13">
	<testcase classname="PySysTest" name="SoftwareManagement.sm_apt_install_remove_multiple">
		<failure message="FAILED: Assert that (False == value) with value=True" type="FAILED"/>
		<system-out>20:26:11 INFO  ==============================================================
20:26:11 INFO  Id:    SoftwareManagement.sm_apt_install_remove_multiple
20:26:11 INFO  Dir:   software_management_end_to_end/
20:26:11 INFO  Title: Validate end to end behaviour for the apt plugin for multiple packages
20:26:11 INFO  ==============================================================
20:26:11 INFO  Using sw id database: {'asciijump': '5475369', 'robotfindskitten': '5474869', 'squirrel3': '5475279', 'rolldice': '5152439', 'moon-buggy': '5439204', 'apple': '5495053', 'banana': '5494888', 'cherry': '5495382', 'watermelon': '5494510', 'registry': '8018911', 'hello-world': '8021526', 'docker/getting-started': '8021973', 'alpine': '7991792'}
20:26:11 INFO  EnvironmentC8y Setup
20:26:11 INFO  Executed systemctl&lt;serv_mapper1&gt;, exit status 3
20:26:11 INFO  Restarting mosquitto too frequently in the last 10 seconds. It was only up for 4 seconds
20:26:11 INFO  Delaying execution by 7 seconds
20:26:32 INFO  Executed sudo&lt;tedge_connect_c8y&gt;, exit status 0, duration 14 secs
20:26:33 INFO  Executed sudo&lt;tedge_connect_c8y_test&gt;, exit status 0
20:26:33 INFO  Executed systemctl&lt;serv_mosq2&gt;, exit status 0
20:26:34 INFO  Executed systemctl&lt;serv_mapper3&gt;, exit status 0
20:26:36 INFO  State of current operation: SUCCESSFUL
20:26:36 INFO  Assert that (False == value) with value=False ... passed
20:26:37 INFO  Assert that (False == value) with value=False ... passed
20:26:37 INFO  Assert that (False == value) with value=False ... passed
20:26:37 INFO  Package robotfindskitten is installed
20:26:37 WARN  Assert that (False == value) with value=True ... failed 
20:26:38 INFO  Response status: 201
20:26:38 INFO  Response to action: {
    &quot;creationTime&quot;: &quot;2022-07-21T20:26:37.950Z&quot;,
    &quot;deviceId&quot;: &quot;21166555&quot;,
    &quot;deviceName&quot;: &quot;m32sd10d&quot;,
    &quot;self&quot;: &quot;https://t493319102.eu-latest.cumulocity.com/devicecontrol/operations/21187724&quot;,
    &quot;id&quot;: &quot;21187724&quot;,
    &quot;status&quot;: &quot;PENDING&quot;,
    &quot;description&quot;: &quot;Apply software changes, triggered from PySys: [{'action': 'install', 'id': '5475369', 'name': 'asciijump', 'url': ' ', 'version': '::apt'}, {'action': 'install', 'id': '5474869', 'name': 'robotfindskitten', 'url': ' ', 'version': '::apt'}, {'action': 'install', 'id': '5475279', 'name': 'squirrel3', 'url': ' ', 'version': '::apt'}]&quot;,
    &quot;c8y_SoftwareUpdate&quot;: [
        {
            &quot;name&quot;: &quot;asciijump&quot;,
            &quot;action&quot;: &quot;install&quot;,
            &quot;id&quot;: &quot;5475369&quot;,
            &quot;version&quot;: &quot;::apt&quot;,
            &quot;url&quot;: &quot; &quot;
        },
        {
            &quot;name&quot;: &quot;robotfindskitten&quot;,
            &quot;action&quot;: &quot;install&quot;,
            &quot;id&quot;: &quot;5474869&quot;,
            &quot;version&quot;: &quot;::apt&quot;,
            &quot;url&quot;: &quot; &quot;
        },
        {
            &quot;name&quot;: &quot;squirrel3&quot;,
            &quot;action&quot;: &quot;install&quot;,
            &quot;id&quot;: &quot;5475279&quot;,
            &quot;version&quot;: &quot;::apt&quot;,
            &quot;url&quot;: &quot; &quot;
        }
    ]
}
20:26:38 INFO  Started operation: {'creationTime': '2022-07-21T20:26:37.950Z', 'deviceId': '21166555', 'deviceName': 'm32sd10d', 'self': 'https://t493319102.eu-latest.cumulocity.com/devicecontrol/operations/21187724', 'id': '21187724', 'status': 'PENDING', 'description': &quot;Apply software changes, triggered from PySys: [{'action': 'install', 'id': '5475369', 'name': 'asciijump', 'url': ' ', 'version': '::apt'}, {'action': 'install', 'id': '5474869', 'name': 'robotfindskitten', 'url': ' ', 'version': '::apt'}, {'action': 'install', 'id': '5475279', 'name': 'squirrel3', 'url': ' ', 'version': '::apt'}]&quot;, 'c8y_SoftwareUpdate': [{'name': 'asciijump', 'action': 'install', 'id': '5475369', 'version': '::apt', 'url': ' '}, {'name': 'robotfindskitten', 'action': 'install', 'id': '5474869', 'version': '::apt', 'url': ' '}, {'name': 'squirrel3', 'action': 'install', 'id': '5475279', 'version': '::apt', 'url': ' '}]}
20:26:40 INFO  State of operation 21187724 : PENDING
20:26:42 INFO  State of operation 21187724 : EXECUTING
20:26:44 INFO  State of operation 21187724 : EXECUTING
20:26:46 INFO  State of operation 21187724 : EXECUTING
20:26:49 INFO  State of operation 21187724 : EXECUTING
20:26:51 INFO  State of operation 21187724 : EXECUTING
20:26:53 INFO  State of operation 21187724 : EXECUTING
20:26:56 INFO  State of operation 21187724 : EXECUTING
20:26:59 INFO  State of operation 21187724 : EXECUTING
20:27:01 INFO  State of operation 21187724 : EXECUTING
20:27:03 INFO  State of operation 21187724 : EXECUTING
20:27:05 INFO  State of operation 21187724 : EXECUTING
20:27:08 INFO  State of operation 21187724 : EXECUTING
20:27:10 INFO  State of operation 21187724 : EXECUTING
20:27:12 INFO  State of operation 21187724 : EXECUTING
20:27:14 INFO  State of operation 21187724 : EXECUTING
20:27:17 INFO  State of operation 21187724 : EXECUTING
20:27:19 INFO  State of operation 21187724 : EXECUTING
20:27:22 INFO  State of operation 21187724 : EXECUTING
20:27:24 INFO  State of operation 21187724 : EXECUTING
20:27:26 INFO  State of operation 21187724 : EXECUTING
20:27:29 INFO  State of operation 21187724 : EXECUTING
20:27:31 INFO  State of operation 21187724 : EXECUTING
20:27:33 INFO  State of operation 21187724 : EXECUTING
20:27:36 INFO  State of operation 21187724 : EXECUTING
20:27:38 INFO  State of operation 21187724 : EXECUTING
20:27:40 INFO  State of operation 21187724 : EXECUTING
20:27:43 INFO  State of operation 21187724 : EXECUTING
20:27:45 INFO  State of operation 21187724 : EXECUTING
20:27:47 INFO  State of operation 21187724 : EXECUTING
20:27:50 INFO  State of operation 21187724 : EXECUTING
20:27:52 INFO  State of operation 21187724 : EXECUTING
20:27:54 INFO  State of operation 21187724 : EXECUTING
20:27:56 INFO  State of operation 21187724 : EXECUTING
20:27:58 INFO  State of operation 21187724 : SUCCESSFUL
20:27:59 INFO  Assert that (False == value) with value=False ... passed
20:27:59 INFO  Package asciijump is installed
20:27:59 INFO  Assert that (True == value) with value=True ... passed
20:27:59 INFO  Package squirrel3 is installed
20:27:59 INFO  Assert that (True == value) with value=True ... passed
20:27:59 INFO  Package robotfindskitten is installed
20:27:59 INFO  Assert that (True == value) with value=True ... passed
20:28:00 INFO  Response status: 201
20:28:00 INFO  Response to action: {
    &quot;creationTime&quot;: &quot;2022-07-21T20:28:00.102Z&quot;,
    &quot;deviceId&quot;: &quot;21166555&quot;,
    &quot;deviceName&quot;: &quot;m32sd10d&quot;,
    &quot;self&quot;: &quot;https://t493319102.eu-latest.cumulocity.com/devicecontrol/operations/21187726&quot;,
    &quot;id&quot;: &quot;21187726&quot;,
    &quot;status&quot;: &quot;PENDING&quot;,
    &quot;description&quot;: &quot;Apply software changes, triggered from PySys: [{'action': 'delete', 'id': '5475369', 'name': 'asciijump', 'url': ' ', 'version': '::apt'}, {'action': 'delete', 'id': '5474869', 'name': 'robotfindskitten', 'url': ' ', 'version': '::apt'}, {'action': 'delete', 'id': '5475279', 'name': 'squirrel3', 'url': ' ', 'version': '::apt'}]&quot;,
    &quot;c8y_SoftwareUpdate&quot;: [
        {
            &quot;name&quot;: &quot;asciijump&quot;,
            &quot;action&quot;: &quot;delete&quot;,
            &quot;id&quot;: &quot;5475369&quot;,
            &quot;version&quot;: &quot;::apt&quot;,
            &quot;url&quot;: &quot; &quot;
        },
        {
            &quot;name&quot;: &quot;robotfindskitten&quot;,
            &quot;action&quot;: &quot;delete&quot;,
            &quot;id&quot;: &quot;5474869&quot;,
            &quot;version&quot;: &quot;::apt&quot;,
            &quot;url&quot;: &quot; &quot;
        },
        {
            &quot;name&quot;: &quot;squirrel3&quot;,
            &quot;action&quot;: &quot;delete&quot;,
            &quot;id&quot;: &quot;5475279&quot;,
            &quot;version&quot;: &quot;::apt&quot;,
            &quot;url&quot;: &quot; &quot;
        }
    ]
}
20:28:00 INFO  Started operation: {'creationTime': '2022-07-21T20:28:00.102Z', 'deviceId': '21166555', 'deviceName': 'm32sd10d', 'self': 'https://t493319102.eu-latest.cumulocity.com/devicecontrol/operations/21187726', 'id': '21187726', 'status': 'PENDING', 'description': &quot;Apply software changes, triggered from PySys: [{'action': 'delete', 'id': '5475369', 'name': 'asciijump', 'url': ' ', 'version': '::apt'}, {'action': 'delete', 'id': '5474869', 'name': 'robotfindskitten', 'url': ' ', 'version': '::apt'}, {'action': 'delete', 'id': '5475279', 'name': 'squirrel3', 'url': ' ', 'version': '::apt'}]&quot;, 'c8y_SoftwareUpdate': [{'name': 'asciijump', 'action': 'delete', 'id': '5475369', 'version': '::apt', 'url': ' '}, {'name': 'robotfindskitten', 'action': 'delete', 'id': '5474869', 'version': '::apt', 'url': ' '}, {'name': 'squirrel3', 'action': 'delete', 'id': '5475279', 'version': '::apt', 'url': ' '}]}
20:28:02 INFO  State of operation 21187726 : PENDING
20:28:04 INFO  State of operation 21187726 : EXECUTING
20:28:06 INFO  State of operation 21187726 : EXECUTING
20:28:09 INFO  State of operation 21187726 : EXECUTING
20:28:11 INFO  State of operation 21187726 : EXECUTING
20:28:13 INFO  State of operation 21187726 : EXECUTING
20:28:16 INFO  State of operation 21187726 : EXECUTING
20:28:19 INFO  State of operation 21187726 : EXECUTING
20:28:21 INFO  State of operation 21187726 : EXECUTING
20:28:23 INFO  State of operation 21187726 : EXECUTING
20:28:26 INFO  State of operation 21187726 : EXECUTING
20:28:28 INFO  State of operation 21187726 : EXECUTING
20:28:30 INFO  State of operation 21187726 : EXECUTING
20:28:33 INFO  State of operation 21187726 : EXECUTING
20:28:35 INFO  State of operation 21187726 : EXECUTING
20:28:37 INFO  State of operation 21187726 : EXECUTING
20:28:40 INFO  State of operation 21187726 : EXECUTING
20:28:42 INFO  State of operation 21187726 : EXECUTING
20:28:44 INFO  State of operation 21187726 : EXECUTING
20:28:47 INFO  State of operation 21187726 : EXECUTING
20:28:49 INFO  State of operation 21187726 : EXECUTING
20:28:51 INFO  State of operation 21187726 : EXECUTING
20:28:54 INFO  State of operation 21187726 : EXECUTING
20:28:56 INFO  State of operation 21187726 : EXECUTING
20:28:59 INFO  State of operation 21187726 : EXECUTING
20:29:01 INFO  State of operation 21187726 : EXECUTING
20:29:03 INFO  State of operation 21187726 : EXECUTING
20:29:05 INFO  State of operation 21187726 : EXECUTING
20:29:08 INFO  State of operation 21187726 : SUCCESSFUL
20:29:08 INFO  Assert that (False == value) with value=False ... passed
20:29:08 INFO  Assert that (False == value) with value=False ... passed
20:29:08 INFO  Assert that (False == value) with value=False ... passed
20:29:09 INFO  Assert that (False == value) with value=False ... passed
20:29:09 INFO  
20:29:09 INFO  cleanup:
20:29:13 INFO  Executed sudo&lt;tedge_disconnect_c8y&gt;, exit status 0
20:29:13 INFO  Executed systemctl&lt;serv_mapper5&gt;, exit status 3
20:29:13 INFO  
20:29:13 INFO  Test duration: 182.72 secs
20:29:13 INFO  Test final outcome:  FAILED
20:29:13 INFO  Test outcome reason: Assert that (False == value) with value=True
20:29:13 INFO  
</system-out>
	</testcase>
</testsuite>
