<?xml version="1.0" encoding="utf-8"?>
<testsuite failures="0" name="apt_finalize" skipped="0" tests="1" time="129.92" timestamp="2022-07-22T00:35:03">
	<testcase classname="AptPluginFinalize" name="apt_finalize"/>
</testsuite>
