<?xml version="1.0" encoding="utf-8"?>
<testsuite failures="0" name="apt_remove" skipped="0" tests="1" time="64.9" timestamp="2022-05-23T13:43:57">
	<testcase classname="AptPluginRemoveDense" name="apt_remove"/>
</testsuite>
