<?xml version="1.0" encoding="utf-8"?>
<testsuite failures="1" name="SoftwareManagement.sm_apt_install_remove_default" skipped="0" tests="1" time="165.56" timestamp="2022-05-23T11:53:30">
	<testcase classname="PySysTest" name="SoftwareManagement.sm_apt_install_remove_default">
		<failure message="BLOCKED: SystemError: Timeout while waiting for status FAILED or SUCCESSFUL" type="BLOCKED"/>
		<system-out>11:50:45 INFO  ==============================================================
11:50:45 INFO  Id:    SoftwareManagement.sm_apt_install_remove_default
11:50:45 INFO  Dir:   software_management_end_to_end/
11:50:45 INFO  Title: Validate end to end behaviour for the default plugin for installation and removal of packages
11:50:45 INFO  ==============================================================
11:50:45 INFO  Using sw id database: {'asciijump': '5475369', 'robotfindskitten': '5474869', 'squirrel3': '5475279', 'rolldice': '5152439', 'moon-buggy': '5439204', 'apple': '5495053', 'banana': '5494888', 'cherry': '5495382', 'watermelon': '5494510', 'registry': '8018911', 'hello-world': '8021526', 'docker/getting-started': '8021973', 'alpine': '7991792'}
11:50:45 INFO  EnvironmentC8y Setup
11:50:45 INFO  Executed systemctl&lt;serv_mapper1&gt;, exit status 3
11:50:45 INFO  Restarting mosquitto too frequently in the last 10 seconds. It was only up for 5 seconds
11:50:45 INFO  Delaying execution by 6 seconds
11:51:06 INFO  Executed sudo&lt;tedge_connect_c8y&gt;, exit status 0, duration 14 secs
11:51:06 INFO  Executed sudo&lt;tedge_connect_c8y_test&gt;, exit status 0
11:51:07 INFO  Executed systemctl&lt;serv_mosq2&gt;, exit status 0
11:51:07 INFO  Executed systemctl&lt;serv_mapper3&gt;, exit status 0
11:51:09 INFO  State of current operation: PENDING
11:51:12 INFO  State of current operation: PENDING
11:51:14 INFO  State of current operation: PENDING
11:51:16 INFO  State of current operation: PENDING
11:51:18 INFO  State of current operation: PENDING
11:51:21 INFO  State of current operation: PENDING
11:51:23 INFO  State of current operation: PENDING
11:51:25 INFO  State of current operation: PENDING
11:51:27 INFO  State of current operation: PENDING
11:51:29 INFO  State of current operation: PENDING
11:51:32 INFO  State of current operation: PENDING
11:51:34 INFO  State of current operation: PENDING
11:51:36 INFO  State of current operation: PENDING
11:51:38 INFO  State of current operation: PENDING
11:51:41 INFO  State of current operation: PENDING
11:51:43 INFO  State of current operation: PENDING
11:51:45 INFO  State of current operation: PENDING
11:51:47 INFO  State of current operation: PENDING
11:51:49 INFO  State of current operation: PENDING
11:51:52 INFO  State of current operation: PENDING
11:51:54 INFO  State of current operation: PENDING
11:51:56 INFO  State of current operation: PENDING
11:51:58 INFO  State of current operation: PENDING
11:52:01 INFO  State of current operation: PENDING
11:52:03 INFO  State of current operation: PENDING
11:52:05 INFO  State of current operation: PENDING
11:52:07 INFO  State of current operation: PENDING
11:52:10 INFO  State of current operation: PENDING
11:52:12 INFO  State of current operation: PENDING
11:52:14 INFO  State of current operation: PENDING
11:52:16 INFO  State of current operation: PENDING
11:52:19 INFO  State of current operation: PENDING
11:52:21 INFO  State of current operation: PENDING
11:52:23 INFO  State of current operation: PENDING
11:52:25 INFO  State of current operation: PENDING
11:52:28 INFO  State of current operation: PENDING
11:52:30 INFO  State of current operation: PENDING
11:52:32 INFO  State of current operation: PENDING
11:52:34 INFO  State of current operation: PENDING
11:52:37 INFO  State of current operation: PENDING
11:52:39 INFO  State of current operation: PENDING
11:52:41 INFO  State of current operation: PENDING
11:52:43 INFO  State of current operation: PENDING
11:52:46 INFO  State of current operation: PENDING
11:52:48 INFO  State of current operation: PENDING
11:52:50 INFO  State of current operation: PENDING
11:52:52 INFO  State of current operation: PENDING
11:52:55 INFO  State of current operation: PENDING
11:52:57 INFO  State of current operation: PENDING
11:52:59 INFO  State of current operation: PENDING
11:53:01 INFO  State of current operation: PENDING
11:53:03 INFO  State of current operation: PENDING
11:53:06 INFO  State of current operation: PENDING
11:53:08 INFO  State of current operation: PENDING
11:53:10 INFO  State of current operation: PENDING
11:53:12 INFO  State of current operation: PENDING
11:53:15 INFO  State of current operation: PENDING
11:53:17 INFO  State of current operation: PENDING
11:53:19 INFO  State of current operation: PENDING
11:53:21 INFO  State of current operation: PENDING
11:53:24 INFO  State of current operation: PENDING
11:53:26 WARN  SystemError occurred while running test - Timeout while waiting for status FAILED or SUCCESSFUL
Traceback (most recent call last):
  File &quot;/home/pi/env-pysys/lib/python3.7/site-packages/pysys/baserunner.py&quot;, line 1292, in __call__
    self.testObj.setup()
  File &quot;/home/pi/actions-runner/_work/thin-edge.io/thin-edge.io/tests/PySys/software_management_end_to_end/sm_apt_install_remove_default/run.py&quot;, line 26, in setup
    super().setup()
  File &quot;/home/pi/actions-runner/_work/thin-edge.io/thin-edge.io/tests/PySys/software_management_end_to_end/environment_sm_management.py&quot;, line 151, in setup
    self.wait_until_end()
  File &quot;/home/pi/actions-runner/_work/thin-edge.io/thin-edge.io/tests/PySys/software_management_end_to_end/environment_sm_management.py&quot;, line 332, in wait_until_end
    self.wait_until_status(&quot;FAILED&quot;, &quot;SUCCESSFUL&quot;)
  File &quot;/home/pi/actions-runner/_work/thin-edge.io/thin-edge.io/tests/PySys/software_management_end_to_end/environment_sm_management.py&quot;, line 381, in wait_until_status
    &quot;Timeout while waiting for status %s or %s&quot; % (status, status2)
SystemError: Timeout while waiting for status FAILED or SUCCESSFUL
11:53:26 WARN  SystemError: Timeout while waiting for status FAILED or SUCCESSFUL ... blocked 
11:53:26 INFO  
11:53:26 INFO  cleanup:
11:53:30 INFO  Executed sudo&lt;tedge_disconnect_c8y&gt;, exit status 0
11:53:30 INFO  Executed systemctl&lt;serv_mapper5&gt;, exit status 3
11:53:30 INFO  
11:53:30 INFO  Test duration: 165.56 secs
11:53:30 INFO  Test final outcome:  BLOCKED
11:53:30 INFO  Test outcome reason: SystemError: Timeout while waiting for status FAILED or SUCCESSFUL
11:53:30 INFO  
</system-out>
	</testcase>
</testsuite>
