<?xml version="1.0" encoding="utf-8"?>
<testsuite failures="0" name="apt_finalize" skipped="0" tests="1" time="150.08" timestamp="2022-07-16T17:34:12">
	<testcase classname="AptPluginFinalize" name="apt_finalize"/>
</testsuite>
