<?xml version="1.0" encoding="utf-8"?>
<testsuite failures="1" name="SoftwareManagement.sm_apt_install_remove_default" skipped="0" tests="1" time="167.71" timestamp="2022-05-25T13:27:09">
	<testcase classname="PySysTest" name="SoftwareManagement.sm_apt_install_remove_default">
		<failure message="BLOCKED: SystemError: Timeout while waiting for status FAILED or SUCCESSFUL" type="BLOCKED"/>
		<system-out>13:24:22 INFO  ==============================================================
13:24:22 INFO  Id:    SoftwareManagement.sm_apt_install_remove_default
13:24:22 INFO  Dir:   software_management_end_to_end/
13:24:22 INFO  Title: Validate end to end behaviour for the default plugin for installation and removal of packages
13:24:22 INFO  ==============================================================
13:24:22 INFO  Using sw id database: {'asciijump': '5475369', 'robotfindskitten': '5474869', 'squirrel3': '5475279', 'rolldice': '5152439', 'moon-buggy': '5439204', 'apple': '5495053', 'banana': '5494888', 'cherry': '5495382', 'watermelon': '5494510', 'registry': '8018911', 'hello-world': '8021526', 'docker/getting-started': '8021973', 'alpine': '7991792'}
13:24:22 INFO  EnvironmentC8y Setup
13:24:22 INFO  Executed systemctl&lt;serv_mapper1&gt;, exit status 3
13:24:22 INFO  Restarting mosquitto too frequently in the last 10 seconds. It was only up for 4 seconds
13:24:22 INFO  Delaying execution by 7 seconds
13:24:43 INFO  Executed sudo&lt;tedge_connect_c8y&gt;, exit status 0, duration 14 secs
13:24:44 INFO  Executed sudo&lt;tedge_connect_c8y_test&gt;, exit status 0
13:24:45 INFO  Executed systemctl&lt;serv_mosq2&gt;, exit status 0
13:24:45 INFO  Executed systemctl&lt;serv_mapper3&gt;, exit status 0
13:24:47 INFO  State of current operation: PENDING
13:24:50 INFO  State of current operation: PENDING
13:24:52 INFO  State of current operation: PENDING
13:24:54 INFO  State of current operation: PENDING
13:24:56 INFO  State of current operation: PENDING
13:24:59 INFO  State of current operation: PENDING
13:25:01 INFO  State of current operation: PENDING
13:25:04 INFO  State of current operation: PENDING
13:25:06 INFO  State of current operation: PENDING
13:25:08 INFO  State of current operation: PENDING
13:25:10 INFO  State of current operation: PENDING
13:25:12 INFO  State of current operation: PENDING
13:25:15 INFO  State of current operation: PENDING
13:25:17 INFO  State of current operation: PENDING
13:25:19 INFO  State of current operation: PENDING
13:25:21 INFO  State of current operation: PENDING
13:25:24 INFO  State of current operation: PENDING
13:25:26 INFO  State of current operation: PENDING
13:25:28 INFO  State of current operation: PENDING
13:25:30 INFO  State of current operation: PENDING
13:25:33 INFO  State of current operation: PENDING
13:25:35 INFO  State of current operation: PENDING
13:25:37 INFO  State of current operation: PENDING
13:25:39 INFO  State of current operation: PENDING
13:25:42 INFO  State of current operation: PENDING
13:25:44 INFO  State of current operation: PENDING
13:25:46 INFO  State of current operation: PENDING
13:25:48 INFO  State of current operation: PENDING
13:25:51 INFO  State of current operation: PENDING
13:25:53 INFO  State of current operation: PENDING
13:25:55 INFO  State of current operation: PENDING
13:25:57 INFO  State of current operation: PENDING
13:26:00 INFO  State of current operation: PENDING
13:26:02 INFO  State of current operation: PENDING
13:26:04 INFO  State of current operation: PENDING
13:26:06 INFO  State of current operation: PENDING
13:26:08 INFO  State of current operation: PENDING
13:26:11 INFO  State of current operation: PENDING
13:26:13 INFO  State of current operation: PENDING
13:26:15 INFO  State of current operation: PENDING
13:26:17 INFO  State of current operation: PENDING
13:26:20 INFO  State of current operation: PENDING
13:26:22 INFO  State of current operation: PENDING
13:26:24 INFO  State of current operation: PENDING
13:26:26 INFO  State of current operation: PENDING
13:26:29 INFO  State of current operation: PENDING
13:26:31 INFO  State of current operation: PENDING
13:26:33 INFO  State of current operation: PENDING
13:26:35 INFO  State of current operation: PENDING
13:26:38 INFO  State of current operation: PENDING
13:26:40 INFO  State of current operation: PENDING
13:26:43 INFO  State of current operation: PENDING
13:26:45 INFO  State of current operation: PENDING
13:26:47 INFO  State of current operation: PENDING
13:26:49 INFO  State of current operation: PENDING
13:26:52 INFO  State of current operation: PENDING
13:26:54 INFO  State of current operation: PENDING
13:26:56 INFO  State of current operation: PENDING
13:26:58 INFO  State of current operation: PENDING
13:27:01 INFO  State of current operation: PENDING
13:27:03 INFO  State of current operation: PENDING
13:27:05 WARN  SystemError occurred while running test - Timeout while waiting for status FAILED or SUCCESSFUL
Traceback (most recent call last):
  File &quot;/home/pi/env-pysys/lib/python3.7/site-packages/pysys/baserunner.py&quot;, line 1292, in __call__
    self.testObj.setup()
  File &quot;/home/pi/actions-runner/_work/thin-edge.io/thin-edge.io/tests/PySys/software_management_end_to_end/sm_apt_install_remove_default/run.py&quot;, line 26, in setup
    super().setup()
  File &quot;/home/pi/actions-runner/_work/thin-edge.io/thin-edge.io/tests/PySys/software_management_end_to_end/environment_sm_management.py&quot;, line 151, in setup
    self.wait_until_end()
  File &quot;/home/pi/actions-runner/_work/thin-edge.io/thin-edge.io/tests/PySys/software_management_end_to_end/environment_sm_management.py&quot;, line 332, in wait_until_end
    self.wait_until_status(&quot;FAILED&quot;, &quot;SUCCESSFUL&quot;)
  File &quot;/home/pi/actions-runner/_work/thin-edge.io/thin-edge.io/tests/PySys/software_management_end_to_end/environment_sm_management.py&quot;, line 381, in wait_until_status
    &quot;Timeout while waiting for status %s or %s&quot; % (status, status2)
SystemError: Timeout while waiting for status FAILED or SUCCESSFUL
13:27:05 WARN  SystemError: Timeout while waiting for status FAILED or SUCCESSFUL ... blocked 
13:27:05 INFO  
13:27:05 INFO  cleanup:
13:27:09 INFO  Executed sudo&lt;tedge_disconnect_c8y&gt;, exit status 0
13:27:09 INFO  Executed systemctl&lt;serv_mapper5&gt;, exit status 3
13:27:09 INFO  
13:27:09 INFO  Test duration: 167.71 secs
13:27:09 INFO  Test final outcome:  BLOCKED
13:27:09 INFO  Test outcome reason: SystemError: Timeout while waiting for status FAILED or SUCCESSFUL
13:27:09 INFO  
</system-out>
	</testcase>
</testsuite>
