<?xml version="1.0" encoding="utf-8"?>
<testsuite failures="1" name="SoftwareManagement.sm_apt_install_remove_multiple" skipped="0" tests="1" time="178.79" timestamp="2022-07-25T15:46:37">
	<testcase classname="PySysTest" name="SoftwareManagement.sm_apt_install_remove_multiple">
		<failure message="FAILED: Assert that (False == value) with value=True" type="FAILED"/>
		<system-out>15:43:38 INFO  ==============================================================
15:43:38 INFO  Id:    SoftwareManagement.sm_apt_install_remove_multiple
15:43:38 INFO  Dir:   software_management_end_to_end/
15:43:38 INFO  Title: Validate end to end behaviour for the apt plugin for multiple packages
15:43:38 INFO  ==============================================================
15:43:38 INFO  Using sw id database: {'asciijump': '5475369', 'robotfindskitten': '5474869', 'squirrel3': '5475279', 'rolldice': '5152439', 'moon-buggy': '5439204', 'apple': '5495053', 'banana': '5494888', 'cherry': '5495382', 'watermelon': '5494510', 'registry': '8018911', 'hello-world': '8021526', 'docker/getting-started': '8021973', 'alpine': '7991792'}
15:43:38 INFO  EnvironmentC8y Setup
15:43:39 INFO  Executed systemctl&lt;serv_mapper1&gt;, exit status 3
15:43:39 INFO  Restarting mosquitto too frequently in the last 10 seconds. It was only up for 5 seconds
15:43:39 INFO  Delaying execution by 6 seconds
15:43:59 INFO  Executed sudo&lt;tedge_connect_c8y&gt;, exit status 0, duration 14 secs
15:44:00 INFO  Executed sudo&lt;tedge_connect_c8y_test&gt;, exit status 0
15:44:00 INFO  Executed systemctl&lt;serv_mosq2&gt;, exit status 0
15:44:01 INFO  Executed systemctl&lt;serv_mapper3&gt;, exit status 0
15:44:03 INFO  State of current operation: SUCCESSFUL
15:44:03 INFO  Assert that (False == value) with value=False ... passed
15:44:03 INFO  Assert that (False == value) with value=False ... passed
15:44:03 INFO  Assert that (False == value) with value=False ... passed
15:44:04 INFO  Package robotfindskitten is installed
15:44:04 WARN  Assert that (False == value) with value=True ... failed 
15:44:04 INFO  Response status: 201
15:44:04 INFO  Response to action: {
    &quot;creationTime&quot;: &quot;2022-07-25T15:44:04.411Z&quot;,
    &quot;deviceId&quot;: &quot;21391559&quot;,
    &quot;deviceName&quot;: &quot;m32sd10d&quot;,
    &quot;self&quot;: &quot;https://t493319102.eu-latest.cumulocity.com/devicecontrol/operations/21415132&quot;,
    &quot;id&quot;: &quot;21415132&quot;,
    &quot;status&quot;: &quot;PENDING&quot;,
    &quot;description&quot;: &quot;Apply software changes, triggered from PySys: [{'action': 'install', 'id': '5475369', 'name': 'asciijump', 'url': ' ', 'version': '::apt'}, {'action': 'install', 'id': '5474869', 'name': 'robotfindskitten', 'url': ' ', 'version': '::apt'}, {'action': 'install', 'id': '5475279', 'name': 'squirrel3', 'url': ' ', 'version': '::apt'}]&quot;,
    &quot;c8y_SoftwareUpdate&quot;: [
        {
            &quot;name&quot;: &quot;asciijump&quot;,
            &quot;action&quot;: &quot;install&quot;,
            &quot;id&quot;: &quot;5475369&quot;,
            &quot;version&quot;: &quot;::apt&quot;,
            &quot;url&quot;: &quot; &quot;
        },
        {
            &quot;name&quot;: &quot;robotfindskitten&quot;,
            &quot;action&quot;: &quot;install&quot;,
            &quot;id&quot;: &quot;5474869&quot;,
            &quot;version&quot;: &quot;::apt&quot;,
            &quot;url&quot;: &quot; &quot;
        },
        {
            &quot;name&quot;: &quot;squirrel3&quot;,
            &quot;action&quot;: &quot;install&quot;,
            &quot;id&quot;: &quot;5475279&quot;,
            &quot;version&quot;: &quot;::apt&quot;,
            &quot;url&quot;: &quot; &quot;
        }
    ]
}
15:44:04 INFO  Started operation: {'creationTime': '2022-07-25T15:44:04.411Z', 'deviceId': '21391559', 'deviceName': 'm32sd10d', 'self': 'https://t493319102.eu-latest.cumulocity.com/devicecontrol/operations/21415132', 'id': '21415132', 'status': 'PENDING', 'description': &quot;Apply software changes, triggered from PySys: [{'action': 'install', 'id': '5475369', 'name': 'asciijump', 'url': ' ', 'version': '::apt'}, {'action': 'install', 'id': '5474869', 'name': 'robotfindskitten', 'url': ' ', 'version': '::apt'}, {'action': 'install', 'id': '5475279', 'name': 'squirrel3', 'url': ' ', 'version': '::apt'}]&quot;, 'c8y_SoftwareUpdate': [{'name': 'asciijump', 'action': 'install', 'id': '5475369', 'version': '::apt', 'url': ' '}, {'name': 'robotfindskitten', 'action': 'install', 'id': '5474869', 'version': '::apt', 'url': ' '}, {'name': 'squirrel3', 'action': 'install', 'id': '5475279', 'version': '::apt', 'url': ' '}]}
15:44:06 INFO  State of operation 21415132 : PENDING
15:44:08 INFO  State of operation 21415132 : EXECUTING
15:44:11 INFO  State of operation 21415132 : EXECUTING
15:44:13 INFO  State of operation 21415132 : EXECUTING
15:44:15 INFO  State of operation 21415132 : EXECUTING
15:44:17 INFO  State of operation 21415132 : EXECUTING
15:44:20 INFO  State of operation 21415132 : EXECUTING
15:44:23 INFO  State of operation 21415132 : EXECUTING
15:44:25 INFO  State of operation 21415132 : EXECUTING
15:44:27 INFO  State of operation 21415132 : EXECUTING
15:44:30 INFO  State of operation 21415132 : EXECUTING
15:44:32 INFO  State of operation 21415132 : EXECUTING
15:44:34 INFO  State of operation 21415132 : EXECUTING
15:44:36 INFO  State of operation 21415132 : EXECUTING
15:44:39 INFO  State of operation 21415132 : EXECUTING
15:44:41 INFO  State of operation 21415132 : EXECUTING
15:44:43 INFO  State of operation 21415132 : EXECUTING
15:44:46 INFO  State of operation 21415132 : EXECUTING
15:44:48 INFO  State of operation 21415132 : EXECUTING
15:44:51 INFO  State of operation 21415132 : EXECUTING
15:44:53 INFO  State of operation 21415132 : EXECUTING
15:44:56 INFO  State of operation 21415132 : EXECUTING
15:44:58 INFO  State of operation 21415132 : EXECUTING
15:45:01 INFO  State of operation 21415132 : EXECUTING
15:45:03 INFO  State of operation 21415132 : EXECUTING
15:45:06 INFO  State of operation 21415132 : EXECUTING
15:45:08 INFO  State of operation 21415132 : EXECUTING
15:45:11 INFO  State of operation 21415132 : EXECUTING
15:45:13 INFO  State of operation 21415132 : EXECUTING
15:45:15 INFO  State of operation 21415132 : EXECUTING
15:45:18 INFO  State of operation 21415132 : EXECUTING
15:45:20 INFO  State of operation 21415132 : EXECUTING
15:45:22 INFO  State of operation 21415132 : EXECUTING
15:45:24 INFO  State of operation 21415132 : SUCCESSFUL
15:45:25 INFO  Assert that (False == value) with value=False ... passed
15:45:25 INFO  Package asciijump is installed
15:45:25 INFO  Assert that (True == value) with value=True ... passed
15:45:25 INFO  Package squirrel3 is installed
15:45:25 INFO  Assert that (True == value) with value=True ... passed
15:45:25 INFO  Package robotfindskitten is installed
15:45:25 INFO  Assert that (True == value) with value=True ... passed
15:45:26 INFO  Response status: 201
15:45:26 INFO  Response to action: {
    &quot;creationTime&quot;: &quot;2022-07-25T15:45:26.087Z&quot;,
    &quot;deviceId&quot;: &quot;21391559&quot;,
    &quot;deviceName&quot;: &quot;m32sd10d&quot;,
    &quot;self&quot;: &quot;https://t493319102.eu-latest.cumulocity.com/devicecontrol/operations/21415145&quot;,
    &quot;id&quot;: &quot;21415145&quot;,
    &quot;status&quot;: &quot;PENDING&quot;,
    &quot;description&quot;: &quot;Apply software changes, triggered from PySys: [{'action': 'delete', 'id': '5475369', 'name': 'asciijump', 'url': ' ', 'version': '::apt'}, {'action': 'delete', 'id': '5474869', 'name': 'robotfindskitten', 'url': ' ', 'version': '::apt'}, {'action': 'delete', 'id': '5475279', 'name': 'squirrel3', 'url': ' ', 'version': '::apt'}]&quot;,
    &quot;c8y_SoftwareUpdate&quot;: [
        {
            &quot;name&quot;: &quot;asciijump&quot;,
            &quot;action&quot;: &quot;delete&quot;,
            &quot;id&quot;: &quot;5475369&quot;,
            &quot;version&quot;: &quot;::apt&quot;,
            &quot;url&quot;: &quot; &quot;
        },
        {
            &quot;name&quot;: &quot;robotfindskitten&quot;,
            &quot;action&quot;: &quot;delete&quot;,
            &quot;id&quot;: &quot;5474869&quot;,
            &quot;version&quot;: &quot;::apt&quot;,
            &quot;url&quot;: &quot; &quot;
        },
        {
            &quot;name&quot;: &quot;squirrel3&quot;,
            &quot;action&quot;: &quot;delete&quot;,
            &quot;id&quot;: &quot;5475279&quot;,
            &quot;version&quot;: &quot;::apt&quot;,
            &quot;url&quot;: &quot; &quot;
        }
    ]
}
15:45:26 INFO  Started operation: {'creationTime': '2022-07-25T15:45:26.087Z', 'deviceId': '21391559', 'deviceName': 'm32sd10d', 'self': 'https://t493319102.eu-latest.cumulocity.com/devicecontrol/operations/21415145', 'id': '21415145', 'status': 'PENDING', 'description': &quot;Apply software changes, triggered from PySys: [{'action': 'delete', 'id': '5475369', 'name': 'asciijump', 'url': ' ', 'version': '::apt'}, {'action': 'delete', 'id': '5474869', 'name': 'robotfindskitten', 'url': ' ', 'version': '::apt'}, {'action': 'delete', 'id': '5475279', 'name': 'squirrel3', 'url': ' ', 'version': '::apt'}]&quot;, 'c8y_SoftwareUpdate': [{'name': 'asciijump', 'action': 'delete', 'id': '5475369', 'version': '::apt', 'url': ' '}, {'name': 'robotfindskitten', 'action': 'delete', 'id': '5474869', 'version': '::apt', 'url': ' '}, {'name': 'squirrel3', 'action': 'delete', 'id': '5475279', 'version': '::apt', 'url': ' '}]}
15:45:28 INFO  State of operation 21415145 : PENDING
15:45:30 INFO  State of operation 21415145 : EXECUTING
15:45:32 INFO  State of operation 21415145 : EXECUTING
15:45:35 INFO  State of operation 21415145 : EXECUTING
15:45:37 INFO  State of operation 21415145 : EXECUTING
15:45:39 INFO  State of operation 21415145 : EXECUTING
15:45:42 INFO  State of operation 21415145 : EXECUTING
15:45:45 INFO  State of operation 21415145 : EXECUTING
15:45:47 INFO  State of operation 21415145 : EXECUTING
15:45:49 INFO  State of operation 21415145 : EXECUTING
15:45:51 INFO  State of operation 21415145 : EXECUTING
15:45:54 INFO  State of operation 21415145 : EXECUTING
15:45:56 INFO  State of operation 21415145 : EXECUTING
15:45:58 INFO  State of operation 21415145 : EXECUTING
15:46:00 INFO  State of operation 21415145 : EXECUTING
15:46:03 INFO  State of operation 21415145 : EXECUTING
15:46:05 INFO  State of operation 21415145 : EXECUTING
15:46:08 INFO  State of operation 21415145 : EXECUTING
15:46:11 INFO  State of operation 21415145 : EXECUTING
15:46:13 INFO  State of operation 21415145 : EXECUTING
15:46:15 INFO  State of operation 21415145 : EXECUTING
15:46:17 INFO  State of operation 21415145 : EXECUTING
15:46:20 INFO  State of operation 21415145 : EXECUTING
15:46:22 INFO  State of operation 21415145 : EXECUTING
15:46:25 INFO  State of operation 21415145 : EXECUTING
15:46:27 INFO  State of operation 21415145 : EXECUTING
15:46:29 INFO  State of operation 21415145 : EXECUTING
15:46:31 INFO  State of operation 21415145 : SUCCESSFUL
15:46:32 INFO  Assert that (False == value) with value=False ... passed
15:46:32 INFO  Assert that (False == value) with value=False ... passed
15:46:32 INFO  Assert that (False == value) with value=False ... passed
15:46:32 INFO  Assert that (False == value) with value=False ... passed
15:46:32 INFO  
15:46:32 INFO  cleanup:
15:46:36 INFO  Executed sudo&lt;tedge_disconnect_c8y&gt;, exit status 0
15:46:37 INFO  Executed systemctl&lt;serv_mapper5&gt;, exit status 3
15:46:37 INFO  
15:46:37 INFO  Test duration: 178.79 secs
15:46:37 INFO  Test final outcome:  FAILED
15:46:37 INFO  Test outcome reason: Assert that (False == value) with value=True
15:46:37 INFO  
</system-out>
	</testcase>
</testsuite>
