<?xml version="1.0" encoding="utf-8"?>
<testsuite failures="0" name="apt_install" skipped="0" tests="1" time="65.32" timestamp="2022-07-25T12:07:17">
	<testcase classname="AptPluginInstallDense" name="apt_install"/>
</testsuite>
