<?xml version="1.0" encoding="utf-8"?>
<testsuite failures="1" name="SoftwareManagement.sm_apt_install_remove_multiple_mixed" skipped="0" tests="1" time="180.39" timestamp="2022-07-25T12:35:56">
	<testcase classname="PySysTest" name="SoftwareManagement.sm_apt_install_remove_multiple_mixed">
		<failure message="BLOCKED: SystemError: Timeout while waiting for status SUCCESSFUL or False" type="BLOCKED"/>
		<system-out>12:32:56 INFO  ==============================================================
12:32:56 INFO  Id:    SoftwareManagement.sm_apt_install_remove_multiple_mixed
12:32:56 INFO  Dir:   software_management_end_to_end/
12:32:56 INFO  Title: Validate end to end behaviour for the apt plugin for multiple packages with mixed versions
12:32:56 INFO  ==============================================================
12:32:56 INFO  Using sw id database: {'asciijump': '5475369', 'robotfindskitten': '5474869', 'squirrel3': '5475279', 'rolldice': '5152439', 'moon-buggy': '5439204', 'apple': '5495053', 'banana': '5494888', 'cherry': '5495382', 'watermelon': '5494510', 'registry': '8018911', 'hello-world': '8021526', 'docker/getting-started': '8021973', 'alpine': '7991792'}
12:32:56 INFO  EnvironmentC8y Setup
12:32:56 INFO  Executed systemctl&lt;serv_mapper1&gt;, exit status 3
12:32:57 INFO  Restarting mosquitto too frequently in the last 10 seconds. It was only up for 5 seconds
12:32:57 INFO  Delaying execution by 6 seconds
12:33:17 INFO  Executed sudo&lt;tedge_connect_c8y&gt;, exit status 0, duration 14 secs
12:33:18 INFO  Executed sudo&lt;tedge_connect_c8y_test&gt;, exit status 0
12:33:18 INFO  Executed systemctl&lt;serv_mosq2&gt;, exit status 0
12:33:19 INFO  Executed systemctl&lt;serv_mapper3&gt;, exit status 0
12:33:21 INFO  State of current operation: SUCCESSFUL
12:33:21 INFO  Assert that (False == value) with value=False ... passed
12:33:21 INFO  Assert that (False == value) with value=False ... passed
12:33:22 INFO  Assert that (False == value) with value=False ... passed
12:33:22 INFO  Assert that (False == value) with value=False ... passed
12:33:22 INFO  Assert that (False == value) with value=False ... passed
12:33:23 INFO  Response status: 201
12:33:23 INFO  Response to action: {
    &quot;creationTime&quot;: &quot;2022-07-25T12:33:23.659Z&quot;,
    &quot;deviceId&quot;: &quot;21360362&quot;,
    &quot;deviceName&quot;: &quot;m32sd10d&quot;,
    &quot;self&quot;: &quot;https://t493319102.eu-latest.cumulocity.com/devicecontrol/operations/21385504&quot;,
    &quot;id&quot;: &quot;21385504&quot;,
    &quot;status&quot;: &quot;PENDING&quot;,
    &quot;description&quot;: &quot;Apply software changes, triggered from PySys: [{'action': 'install', 'id': '5475369', 'name': 'asciijump', 'url': ' ', 'version': '::apt'}, {'action': 'install', 'id': '5474869', 'name': 'robotfindskitten', 'url': ' ', 'version': ' '}, {'action': 'install', 'id': '5475279', 'name': 'squirrel3', 'url': ' ', 'version': '3.1-7::apt'}, {'action': 'install', 'id': '5152439', 'name': 'rolldice', 'url': ' ', 'version': '1.16-1+b1'}, {'action': 'install', 'id': '5439204', 'name': 'moon-buggy', 'url': ' ', 'version': '1:1.0.51-12'}, {'action': 'install', 'id': '5475369', 'name': 'asciijump', 'url': ' ', 'version': '::apt'}]&quot;,
    &quot;c8y_SoftwareUpdate&quot;: [
        {
            &quot;name&quot;: &quot;asciijump&quot;,
            &quot;action&quot;: &quot;install&quot;,
            &quot;id&quot;: &quot;5475369&quot;,
            &quot;version&quot;: &quot;::apt&quot;,
            &quot;url&quot;: &quot; &quot;
        },
        {
            &quot;name&quot;: &quot;robotfindskitten&quot;,
            &quot;action&quot;: &quot;install&quot;,
            &quot;id&quot;: &quot;5474869&quot;,
            &quot;version&quot;: &quot; &quot;,
            &quot;url&quot;: &quot; &quot;
        },
        {
            &quot;name&quot;: &quot;squirrel3&quot;,
            &quot;action&quot;: &quot;install&quot;,
            &quot;id&quot;: &quot;5475279&quot;,
            &quot;version&quot;: &quot;3.1-7::apt&quot;,
            &quot;url&quot;: &quot; &quot;
        },
        {
            &quot;name&quot;: &quot;rolldice&quot;,
            &quot;action&quot;: &quot;install&quot;,
            &quot;id&quot;: &quot;5152439&quot;,
            &quot;version&quot;: &quot;1.16-1+b1&quot;,
            &quot;url&quot;: &quot; &quot;
        },
        {
            &quot;name&quot;: &quot;moon-buggy&quot;,
            &quot;action&quot;: &quot;install&quot;,
            &quot;id&quot;: &quot;5439204&quot;,
            &quot;version&quot;: &quot;1:1.0.51-12&quot;,
            &quot;url&quot;: &quot; &quot;
        },
        {
            &quot;name&quot;: &quot;asciijump&quot;,
            &quot;action&quot;: &quot;install&quot;,
            &quot;id&quot;: &quot;5475369&quot;,
            &quot;version&quot;: &quot;::apt&quot;,
            &quot;url&quot;: &quot; &quot;
        }
    ]
}
12:33:23 INFO  Started operation: {'creationTime': '2022-07-25T12:33:23.659Z', 'deviceId': '21360362', 'deviceName': 'm32sd10d', 'self': 'https://t493319102.eu-latest.cumulocity.com/devicecontrol/operations/21385504', 'id': '21385504', 'status': 'PENDING', 'description': &quot;Apply software changes, triggered from PySys: [{'action': 'install', 'id': '5475369', 'name': 'asciijump', 'url': ' ', 'version': '::apt'}, {'action': 'install', 'id': '5474869', 'name': 'robotfindskitten', 'url': ' ', 'version': ' '}, {'action': 'install', 'id': '5475279', 'name': 'squirrel3', 'url': ' ', 'version': '3.1-7::apt'}, {'action': 'install', 'id': '5152439', 'name': 'rolldice', 'url': ' ', 'version': '1.16-1+b1'}, {'action': 'install', 'id': '5439204', 'name': 'moon-buggy', 'url': ' ', 'version': '1:1.0.51-12'}, {'action': 'install', 'id': '5475369', 'name': 'asciijump', 'url': ' ', 'version': '::apt'}]&quot;, 'c8y_SoftwareUpdate': [{'name': 'asciijump', 'action': 'install', 'id': '5475369', 'version': '::apt', 'url': ' '}, {'name': 'robotfindskitten', 'action': 'install', 'id': '5474869', 'version': ' ', 'url': ' '}, {'name': 'squirrel3', 'action': 'install', 'id': '5475279', 'version': '3.1-7::apt', 'url': ' '}, {'name': 'rolldice', 'action': 'install', 'id': '5152439', 'version': '1.16-1+b1', 'url': ' '}, {'name': 'moon-buggy', 'action': 'install', 'id': '5439204', 'version': '1:1.0.51-12', 'url': ' '}, {'name': 'asciijump', 'action': 'install', 'id': '5475369', 'version': '::apt', 'url': ' '}]}
12:33:25 INFO  State of operation 21385504 : PENDING
12:33:28 INFO  State of operation 21385504 : EXECUTING
12:33:30 INFO  State of operation 21385504 : EXECUTING
12:33:32 INFO  State of operation 21385504 : EXECUTING
12:33:34 INFO  State of operation 21385504 : EXECUTING
12:33:37 INFO  State of operation 21385504 : EXECUTING
12:33:39 INFO  State of operation 21385504 : EXECUTING
12:33:42 INFO  State of operation 21385504 : EXECUTING
12:33:45 INFO  State of operation 21385504 : EXECUTING
12:33:47 INFO  State of operation 21385504 : EXECUTING
12:33:49 INFO  State of operation 21385504 : EXECUTING
12:33:51 INFO  State of operation 21385504 : EXECUTING
12:33:54 INFO  State of operation 21385504 : EXECUTING
12:33:56 INFO  State of operation 21385504 : EXECUTING
12:33:58 INFO  State of operation 21385504 : EXECUTING
12:34:01 INFO  State of operation 21385504 : EXECUTING
12:34:03 INFO  State of operation 21385504 : EXECUTING
12:34:05 INFO  State of operation 21385504 : EXECUTING
12:34:08 INFO  State of operation 21385504 : EXECUTING
12:34:10 INFO  State of operation 21385504 : EXECUTING
12:34:13 INFO  State of operation 21385504 : EXECUTING
12:34:15 INFO  State of operation 21385504 : EXECUTING
12:34:18 INFO  State of operation 21385504 : EXECUTING
12:34:20 INFO  State of operation 21385504 : EXECUTING
12:34:23 INFO  State of operation 21385504 : EXECUTING
12:34:25 INFO  State of operation 21385504 : EXECUTING
12:34:27 INFO  State of operation 21385504 : EXECUTING
12:34:29 INFO  State of operation 21385504 : EXECUTING
12:34:31 INFO  State of operation 21385504 : EXECUTING
12:34:34 INFO  State of operation 21385504 : EXECUTING
12:34:36 INFO  State of operation 21385504 : EXECUTING
12:34:38 INFO  State of operation 21385504 : EXECUTING
12:34:41 INFO  State of operation 21385504 : EXECUTING
12:34:43 INFO  State of operation 21385504 : EXECUTING
12:34:45 INFO  State of operation 21385504 : EXECUTING
12:34:47 INFO  State of operation 21385504 : EXECUTING
12:34:49 INFO  State of operation 21385504 : EXECUTING
12:34:52 INFO  State of operation 21385504 : EXECUTING
12:34:54 INFO  State of operation 21385504 : EXECUTING
12:34:57 INFO  State of operation 21385504 : EXECUTING
12:35:00 INFO  State of operation 21385504 : EXECUTING
12:35:02 INFO  State of operation 21385504 : EXECUTING
12:35:04 INFO  State of operation 21385504 : EXECUTING
12:35:06 INFO  State of operation 21385504 : EXECUTING
12:35:09 INFO  State of operation 21385504 : EXECUTING
12:35:11 INFO  State of operation 21385504 : EXECUTING
12:35:13 INFO  State of operation 21385504 : EXECUTING
12:35:16 INFO  State of operation 21385504 : EXECUTING
12:35:18 INFO  State of operation 21385504 : EXECUTING
12:35:20 INFO  State of operation 21385504 : EXECUTING
12:35:24 INFO  State of operation 21385504 : EXECUTING
12:35:26 INFO  State of operation 21385504 : EXECUTING
12:35:28 INFO  State of operation 21385504 : EXECUTING
12:35:31 INFO  State of operation 21385504 : EXECUTING
12:35:33 INFO  State of operation 21385504 : EXECUTING
12:35:35 INFO  State of operation 21385504 : EXECUTING
12:35:38 INFO  State of operation 21385504 : EXECUTING
12:35:40 INFO  State of operation 21385504 : EXECUTING
12:35:42 INFO  State of operation 21385504 : EXECUTING
12:35:44 INFO  State of operation 21385504 : EXECUTING
12:35:47 INFO  State of operation 21385504 : EXECUTING
12:35:49 WARN  SystemError occurred while running test - Timeout while waiting for status SUCCESSFUL or False
Traceback (most recent call last):
  File &quot;/home/pi/env-pysys/lib/python3.7/site-packages/pysys/baserunner.py&quot;, line 1294, in __call__
    self.testObj.execute()
  File &quot;/home/pi/actions-runner/_work/thin-edge.io/thin-edge.io/tests/PySys/software_management_end_to_end/sm_apt_install_remove_multiple_mixed/run.py&quot;, line 89, in execute
    self.wait_until_succcess()
  File &quot;/home/pi/actions-runner/_work/thin-edge.io/thin-edge.io/tests/PySys/software_management_end_to_end/environment_sm_management.py&quot;, line 324, in wait_until_succcess
    self.wait_until_status(&quot;SUCCESSFUL&quot;)
  File &quot;/home/pi/actions-runner/_work/thin-edge.io/thin-edge.io/tests/PySys/software_management_end_to_end/environment_sm_management.py&quot;, line 381, in wait_until_status
    &quot;Timeout while waiting for status %s or %s&quot; % (status, status2)
SystemError: Timeout while waiting for status SUCCESSFUL or False
12:35:49 WARN  SystemError: Timeout while waiting for status SUCCESSFUL or False ... blocked 
12:35:49 INFO  
12:35:49 INFO  cleanup:
12:35:56 INFO  Executed sudo&lt;tedge_disconnect_c8y&gt;, exit status 0
12:35:56 INFO  Executed systemctl&lt;serv_mapper5&gt;, exit status 3
12:35:56 INFO  
12:35:56 INFO  Test duration: 180.39 secs
12:35:56 INFO  Test final outcome:  BLOCKED
12:35:56 INFO  Test outcome reason: SystemError: Timeout while waiting for status SUCCESSFUL or False
12:35:56 INFO  
</system-out>
	</testcase>
</testsuite>
