<?xml version="1.0" encoding="utf-8"?>
<testsuite failures="0" name="apt_finalize" skipped="0" tests="1" time="101.26" timestamp="2022-06-07T11:44:43">
	<testcase classname="AptPluginFinalize" name="apt_finalize"/>
</testsuite>
