<?xml version="1.0" encoding="utf-8"?>
<testsuite failures="1" name="SoftwareManagement.sm_apt_install_remove_multiple" skipped="0" tests="1" time="179.48" timestamp="2022-06-07T12:11:08">
	<testcase classname="PySysTest" name="SoftwareManagement.sm_apt_install_remove_multiple">
		<failure message="FAILED: Assert that (False == value) with value=True" type="FAILED"/>
		<system-out>12:08:09 INFO  ==============================================================
12:08:09 INFO  Id:    SoftwareManagement.sm_apt_install_remove_multiple
12:08:09 INFO  Dir:   software_management_end_to_end/
12:08:09 INFO  Title: Validate end to end behaviour for the apt plugin for multiple packages
12:08:09 INFO  ==============================================================
12:08:09 INFO  Using sw id database: {'asciijump': '5475369', 'robotfindskitten': '5474869', 'squirrel3': '5475279', 'rolldice': '5152439', 'moon-buggy': '5439204', 'apple': '5495053', 'banana': '5494888', 'cherry': '5495382', 'watermelon': '5494510', 'registry': '8018911', 'hello-world': '8021526', 'docker/getting-started': '8021973', 'alpine': '7991792'}
12:08:09 INFO  EnvironmentC8y Setup
12:08:10 INFO  Executed systemctl&lt;serv_mapper1&gt;, exit status 3
12:08:10 INFO  Restarting mosquitto too frequently in the last 10 seconds. It was only up for 5 seconds
12:08:10 INFO  Delaying execution by 6 seconds
12:08:30 INFO  Executed sudo&lt;tedge_connect_c8y&gt;, exit status 0, duration 14 secs
12:08:30 INFO  Executed sudo&lt;tedge_connect_c8y_test&gt;, exit status 0
12:08:31 INFO  Executed systemctl&lt;serv_mosq2&gt;, exit status 0
12:08:31 INFO  Executed systemctl&lt;serv_mapper3&gt;, exit status 0
12:08:33 INFO  State of current operation: SUCCESSFUL
12:08:34 INFO  Assert that (False == value) with value=False ... passed
12:08:34 INFO  Assert that (False == value) with value=False ... passed
12:08:34 INFO  Assert that (False == value) with value=False ... passed
12:08:35 INFO  Package robotfindskitten is installed
12:08:35 WARN  Assert that (False == value) with value=True ... failed 
12:08:35 INFO  Response status: 201
12:08:35 INFO  Response to action: {
    &quot;creationTime&quot;: &quot;2022-06-07T12:08:35.437Z&quot;,
    &quot;deviceId&quot;: &quot;19915518&quot;,
    &quot;deviceName&quot;: &quot;m32sd10d&quot;,
    &quot;self&quot;: &quot;https://t493319102.eu-latest.cumulocity.com/devicecontrol/operations/20014246&quot;,
    &quot;id&quot;: &quot;20014246&quot;,
    &quot;status&quot;: &quot;PENDING&quot;,
    &quot;description&quot;: &quot;Apply software changes, triggered from PySys: [{'action': 'install', 'id': '5475369', 'name': 'asciijump', 'url': ' ', 'version': '::apt'}, {'action': 'install', 'id': '5474869', 'name': 'robotfindskitten', 'url': ' ', 'version': '::apt'}, {'action': 'install', 'id': '5475279', 'name': 'squirrel3', 'url': ' ', 'version': '::apt'}]&quot;,
    &quot;c8y_SoftwareUpdate&quot;: [
        {
            &quot;name&quot;: &quot;asciijump&quot;,
            &quot;action&quot;: &quot;install&quot;,
            &quot;id&quot;: &quot;5475369&quot;,
            &quot;version&quot;: &quot;::apt&quot;,
            &quot;url&quot;: &quot; &quot;
        },
        {
            &quot;name&quot;: &quot;robotfindskitten&quot;,
            &quot;action&quot;: &quot;install&quot;,
            &quot;id&quot;: &quot;5474869&quot;,
            &quot;version&quot;: &quot;::apt&quot;,
            &quot;url&quot;: &quot; &quot;
        },
        {
            &quot;name&quot;: &quot;squirrel3&quot;,
            &quot;action&quot;: &quot;install&quot;,
            &quot;id&quot;: &quot;5475279&quot;,
            &quot;version&quot;: &quot;::apt&quot;,
            &quot;url&quot;: &quot; &quot;
        }
    ]
}
12:08:35 INFO  Started operation: {'creationTime': '2022-06-07T12:08:35.437Z', 'deviceId': '19915518', 'deviceName': 'm32sd10d', 'self': 'https://t493319102.eu-latest.cumulocity.com/devicecontrol/operations/20014246', 'id': '20014246', 'status': 'PENDING', 'description': &quot;Apply software changes, triggered from PySys: [{'action': 'install', 'id': '5475369', 'name': 'asciijump', 'url': ' ', 'version': '::apt'}, {'action': 'install', 'id': '5474869', 'name': 'robotfindskitten', 'url': ' ', 'version': '::apt'}, {'action': 'install', 'id': '5475279', 'name': 'squirrel3', 'url': ' ', 'version': '::apt'}]&quot;, 'c8y_SoftwareUpdate': [{'name': 'asciijump', 'action': 'install', 'id': '5475369', 'version': '::apt', 'url': ' '}, {'name': 'robotfindskitten', 'action': 'install', 'id': '5474869', 'version': '::apt', 'url': ' '}, {'name': 'squirrel3', 'action': 'install', 'id': '5475279', 'version': '::apt', 'url': ' '}]}
12:08:37 INFO  State of operation 20014246 : PENDING
12:08:39 INFO  State of operation 20014246 : EXECUTING
12:08:42 INFO  State of operation 20014246 : EXECUTING
12:08:44 INFO  State of operation 20014246 : EXECUTING
12:08:46 INFO  State of operation 20014246 : EXECUTING
12:08:48 INFO  State of operation 20014246 : EXECUTING
12:08:51 INFO  State of operation 20014246 : EXECUTING
12:08:54 INFO  State of operation 20014246 : EXECUTING
12:08:56 INFO  State of operation 20014246 : EXECUTING
12:08:59 INFO  State of operation 20014246 : EXECUTING
12:09:01 INFO  State of operation 20014246 : EXECUTING
12:09:03 INFO  State of operation 20014246 : EXECUTING
12:09:05 INFO  State of operation 20014246 : EXECUTING
12:09:08 INFO  State of operation 20014246 : EXECUTING
12:09:10 INFO  State of operation 20014246 : EXECUTING
12:09:12 INFO  State of operation 20014246 : EXECUTING
12:09:15 INFO  State of operation 20014246 : EXECUTING
12:09:17 INFO  State of operation 20014246 : EXECUTING
12:09:19 INFO  State of operation 20014246 : EXECUTING
12:09:22 INFO  State of operation 20014246 : EXECUTING
12:09:24 INFO  State of operation 20014246 : EXECUTING
12:09:27 INFO  State of operation 20014246 : EXECUTING
12:09:29 INFO  State of operation 20014246 : EXECUTING
12:09:31 INFO  State of operation 20014246 : EXECUTING
12:09:34 INFO  State of operation 20014246 : EXECUTING
12:09:36 INFO  State of operation 20014246 : EXECUTING
12:09:38 INFO  State of operation 20014246 : EXECUTING
12:09:40 INFO  State of operation 20014246 : EXECUTING
12:09:43 INFO  State of operation 20014246 : EXECUTING
12:09:45 INFO  State of operation 20014246 : EXECUTING
12:09:47 INFO  State of operation 20014246 : EXECUTING
12:09:49 INFO  State of operation 20014246 : EXECUTING
12:09:52 INFO  State of operation 20014246 : EXECUTING
12:09:54 INFO  State of operation 20014246 : EXECUTING
12:09:56 INFO  State of operation 20014246 : SUCCESSFUL
12:09:56 INFO  Assert that (False == value) with value=False ... passed
12:09:57 INFO  Package asciijump is installed
12:09:57 INFO  Assert that (True == value) with value=True ... passed
12:09:57 INFO  Package squirrel3 is installed
12:09:57 INFO  Assert that (True == value) with value=True ... passed
12:09:57 INFO  Package robotfindskitten is installed
12:09:57 INFO  Assert that (True == value) with value=True ... passed
12:09:57 INFO  Response status: 201
12:09:57 INFO  Response to action: {
    &quot;creationTime&quot;: &quot;2022-06-07T12:09:57.791Z&quot;,
    &quot;deviceId&quot;: &quot;19915518&quot;,
    &quot;deviceName&quot;: &quot;m32sd10d&quot;,
    &quot;self&quot;: &quot;https://t493319102.eu-latest.cumulocity.com/devicecontrol/operations/20014257&quot;,
    &quot;id&quot;: &quot;20014257&quot;,
    &quot;status&quot;: &quot;PENDING&quot;,
    &quot;description&quot;: &quot;Apply software changes, triggered from PySys: [{'action': 'delete', 'id': '5475369', 'name': 'asciijump', 'url': ' ', 'version': '::apt'}, {'action': 'delete', 'id': '5474869', 'name': 'robotfindskitten', 'url': ' ', 'version': '::apt'}, {'action': 'delete', 'id': '5475279', 'name': 'squirrel3', 'url': ' ', 'version': '::apt'}]&quot;,
    &quot;c8y_SoftwareUpdate&quot;: [
        {
            &quot;name&quot;: &quot;asciijump&quot;,
            &quot;action&quot;: &quot;delete&quot;,
            &quot;id&quot;: &quot;5475369&quot;,
            &quot;version&quot;: &quot;::apt&quot;,
            &quot;url&quot;: &quot; &quot;
        },
        {
            &quot;name&quot;: &quot;robotfindskitten&quot;,
            &quot;action&quot;: &quot;delete&quot;,
            &quot;id&quot;: &quot;5474869&quot;,
            &quot;version&quot;: &quot;::apt&quot;,
            &quot;url&quot;: &quot; &quot;
        },
        {
            &quot;name&quot;: &quot;squirrel3&quot;,
            &quot;action&quot;: &quot;delete&quot;,
            &quot;id&quot;: &quot;5475279&quot;,
            &quot;version&quot;: &quot;::apt&quot;,
            &quot;url&quot;: &quot; &quot;
        }
    ]
}
12:09:57 INFO  Started operation: {'creationTime': '2022-06-07T12:09:57.791Z', 'deviceId': '19915518', 'deviceName': 'm32sd10d', 'self': 'https://t493319102.eu-latest.cumulocity.com/devicecontrol/operations/20014257', 'id': '20014257', 'status': 'PENDING', 'description': &quot;Apply software changes, triggered from PySys: [{'action': 'delete', 'id': '5475369', 'name': 'asciijump', 'url': ' ', 'version': '::apt'}, {'action': 'delete', 'id': '5474869', 'name': 'robotfindskitten', 'url': ' ', 'version': '::apt'}, {'action': 'delete', 'id': '5475279', 'name': 'squirrel3', 'url': ' ', 'version': '::apt'}]&quot;, 'c8y_SoftwareUpdate': [{'name': 'asciijump', 'action': 'delete', 'id': '5475369', 'version': '::apt', 'url': ' '}, {'name': 'robotfindskitten', 'action': 'delete', 'id': '5474869', 'version': '::apt', 'url': ' '}, {'name': 'squirrel3', 'action': 'delete', 'id': '5475279', 'version': '::apt', 'url': ' '}]}
12:10:00 INFO  State of operation 20014257 : PENDING
12:10:02 INFO  State of operation 20014257 : EXECUTING
12:10:04 INFO  State of operation 20014257 : EXECUTING
12:10:06 INFO  State of operation 20014257 : EXECUTING
12:10:08 INFO  State of operation 20014257 : EXECUTING
12:10:11 INFO  State of operation 20014257 : EXECUTING
12:10:13 INFO  State of operation 20014257 : EXECUTING
12:10:16 INFO  State of operation 20014257 : EXECUTING
12:10:18 INFO  State of operation 20014257 : EXECUTING
12:10:21 INFO  State of operation 20014257 : EXECUTING
12:10:23 INFO  State of operation 20014257 : EXECUTING
12:10:25 INFO  State of operation 20014257 : EXECUTING
12:10:27 INFO  State of operation 20014257 : EXECUTING
12:10:30 INFO  State of operation 20014257 : EXECUTING
12:10:32 INFO  State of operation 20014257 : EXECUTING
12:10:34 INFO  State of operation 20014257 : EXECUTING
12:10:37 INFO  State of operation 20014257 : EXECUTING
12:10:40 INFO  State of operation 20014257 : EXECUTING
12:10:42 INFO  State of operation 20014257 : EXECUTING
12:10:44 INFO  State of operation 20014257 : EXECUTING
12:10:47 INFO  State of operation 20014257 : EXECUTING
12:10:49 INFO  State of operation 20014257 : EXECUTING
12:10:51 INFO  State of operation 20014257 : EXECUTING
12:10:53 INFO  State of operation 20014257 : EXECUTING
12:10:56 INFO  State of operation 20014257 : EXECUTING
12:10:58 INFO  State of operation 20014257 : EXECUTING
12:11:00 INFO  State of operation 20014257 : EXECUTING
12:11:03 INFO  State of operation 20014257 : SUCCESSFUL
12:11:03 INFO  Assert that (False == value) with value=False ... passed
12:11:03 INFO  Assert that (False == value) with value=False ... passed
12:11:03 INFO  Assert that (False == value) with value=False ... passed
12:11:04 INFO  Assert that (False == value) with value=False ... passed
12:11:04 INFO  
12:11:04 INFO  cleanup:
12:11:08 INFO  Executed sudo&lt;tedge_disconnect_c8y&gt;, exit status 0
12:11:08 INFO  Executed systemctl&lt;serv_mapper5&gt;, exit status 3
12:11:08 INFO  
12:11:08 INFO  Test duration: 179.48 secs
12:11:08 INFO  Test final outcome:  FAILED
12:11:08 INFO  Test outcome reason: Assert that (False == value) with value=True
12:11:08 INFO  
</system-out>
	</testcase>
</testsuite>
