<?xml version="1.0" encoding="utf-8"?>
<testsuite failures="1" name="SoftwareManagement.sm_apt_install_remove_multiple_mixed" skipped="0" tests="1" time="179.13" timestamp="2022-07-21T14:07:49">
	<testcase classname="PySysTest" name="SoftwareManagement.sm_apt_install_remove_multiple_mixed">
		<failure message="BLOCKED: SystemError: Timeout while waiting for status SUCCESSFUL or False" type="BLOCKED"/>
		<system-out>14:04:50 INFO  ==============================================================
14:04:50 INFO  Id:    SoftwareManagement.sm_apt_install_remove_multiple_mixed
14:04:50 INFO  Dir:   software_management_end_to_end/
14:04:50 INFO  Title: Validate end to end behaviour for the apt plugin for multiple packages with mixed versions
14:04:50 INFO  ==============================================================
14:04:50 INFO  Using sw id database: {'asciijump': '5475369', 'robotfindskitten': '5474869', 'squirrel3': '5475279', 'rolldice': '5152439', 'moon-buggy': '5439204', 'apple': '5495053', 'banana': '5494888', 'cherry': '5495382', 'watermelon': '5494510', 'registry': '8018911', 'hello-world': '8021526', 'docker/getting-started': '8021973', 'alpine': '7991792'}
14:04:50 INFO  EnvironmentC8y Setup
14:04:50 INFO  Executed systemctl&lt;serv_mapper1&gt;, exit status 3
14:04:51 INFO  Restarting mosquitto too frequently in the last 10 seconds. It was only up for 5 seconds
14:04:51 INFO  Delaying execution by 6 seconds
14:05:10 INFO  Executed sudo&lt;tedge_connect_c8y&gt;, exit status 0, duration 13 secs
14:05:11 INFO  Executed sudo&lt;tedge_connect_c8y_test&gt;, exit status 0
14:05:11 INFO  Executed systemctl&lt;serv_mosq2&gt;, exit status 0
14:05:12 INFO  Executed systemctl&lt;serv_mapper3&gt;, exit status 0
14:05:14 INFO  State of current operation: SUCCESSFUL
14:05:14 INFO  Assert that (False == value) with value=False ... passed
14:05:15 INFO  Assert that (False == value) with value=False ... passed
14:05:15 INFO  Assert that (False == value) with value=False ... passed
14:05:15 INFO  Assert that (False == value) with value=False ... passed
14:05:15 INFO  Assert that (False == value) with value=False ... passed
14:05:16 INFO  Response status: 201
14:05:16 INFO  Response to action: {
    &quot;creationTime&quot;: &quot;2022-07-21T14:05:16.936Z&quot;,
    &quot;deviceId&quot;: &quot;21121273&quot;,
    &quot;deviceName&quot;: &quot;m32sd10d&quot;,
    &quot;self&quot;: &quot;https://t493319102.eu-latest.cumulocity.com/devicecontrol/operations/21139846&quot;,
    &quot;id&quot;: &quot;21139846&quot;,
    &quot;status&quot;: &quot;PENDING&quot;,
    &quot;description&quot;: &quot;Apply software changes, triggered from PySys: [{'action': 'install', 'id': '5475369', 'name': 'asciijump', 'url': ' ', 'version': '::apt'}, {'action': 'install', 'id': '5474869', 'name': 'robotfindskitten', 'url': ' ', 'version': ' '}, {'action': 'install', 'id': '5475279', 'name': 'squirrel3', 'url': ' ', 'version': '3.1-7::apt'}, {'action': 'install', 'id': '5152439', 'name': 'rolldice', 'url': ' ', 'version': '1.16-1+b1'}, {'action': 'install', 'id': '5439204', 'name': 'moon-buggy', 'url': ' ', 'version': '1:1.0.51-12'}, {'action': 'install', 'id': '5475369', 'name': 'asciijump', 'url': ' ', 'version': '::apt'}]&quot;,
    &quot;c8y_SoftwareUpdate&quot;: [
        {
            &quot;name&quot;: &quot;asciijump&quot;,
            &quot;action&quot;: &quot;install&quot;,
            &quot;id&quot;: &quot;5475369&quot;,
            &quot;version&quot;: &quot;::apt&quot;,
            &quot;url&quot;: &quot; &quot;
        },
        {
            &quot;name&quot;: &quot;robotfindskitten&quot;,
            &quot;action&quot;: &quot;install&quot;,
            &quot;id&quot;: &quot;5474869&quot;,
            &quot;version&quot;: &quot; &quot;,
            &quot;url&quot;: &quot; &quot;
        },
        {
            &quot;name&quot;: &quot;squirrel3&quot;,
            &quot;action&quot;: &quot;install&quot;,
            &quot;id&quot;: &quot;5475279&quot;,
            &quot;version&quot;: &quot;3.1-7::apt&quot;,
            &quot;url&quot;: &quot; &quot;
        },
        {
            &quot;name&quot;: &quot;rolldice&quot;,
            &quot;action&quot;: &quot;install&quot;,
            &quot;id&quot;: &quot;5152439&quot;,
            &quot;version&quot;: &quot;1.16-1+b1&quot;,
            &quot;url&quot;: &quot; &quot;
        },
        {
            &quot;name&quot;: &quot;moon-buggy&quot;,
            &quot;action&quot;: &quot;install&quot;,
            &quot;id&quot;: &quot;5439204&quot;,
            &quot;version&quot;: &quot;1:1.0.51-12&quot;,
            &quot;url&quot;: &quot; &quot;
        },
        {
            &quot;name&quot;: &quot;asciijump&quot;,
            &quot;action&quot;: &quot;install&quot;,
            &quot;id&quot;: &quot;5475369&quot;,
            &quot;version&quot;: &quot;::apt&quot;,
            &quot;url&quot;: &quot; &quot;
        }
    ]
}
14:05:16 INFO  Started operation: {'creationTime': '2022-07-21T14:05:16.936Z', 'deviceId': '21121273', 'deviceName': 'm32sd10d', 'self': 'https://t493319102.eu-latest.cumulocity.com/devicecontrol/operations/21139846', 'id': '21139846', 'status': 'PENDING', 'description': &quot;Apply software changes, triggered from PySys: [{'action': 'install', 'id': '5475369', 'name': 'asciijump', 'url': ' ', 'version': '::apt'}, {'action': 'install', 'id': '5474869', 'name': 'robotfindskitten', 'url': ' ', 'version': ' '}, {'action': 'install', 'id': '5475279', 'name': 'squirrel3', 'url': ' ', 'version': '3.1-7::apt'}, {'action': 'install', 'id': '5152439', 'name': 'rolldice', 'url': ' ', 'version': '1.16-1+b1'}, {'action': 'install', 'id': '5439204', 'name': 'moon-buggy', 'url': ' ', 'version': '1:1.0.51-12'}, {'action': 'install', 'id': '5475369', 'name': 'asciijump', 'url': ' ', 'version': '::apt'}]&quot;, 'c8y_SoftwareUpdate': [{'name': 'asciijump', 'action': 'install', 'id': '5475369', 'version': '::apt', 'url': ' '}, {'name': 'robotfindskitten', 'action': 'install', 'id': '5474869', 'version': ' ', 'url': ' '}, {'name': 'squirrel3', 'action': 'install', 'id': '5475279', 'version': '3.1-7::apt', 'url': ' '}, {'name': 'rolldice', 'action': 'install', 'id': '5152439', 'version': '1.16-1+b1', 'url': ' '}, {'name': 'moon-buggy', 'action': 'install', 'id': '5439204', 'version': '1:1.0.51-12', 'url': ' '}, {'name': 'asciijump', 'action': 'install', 'id': '5475369', 'version': '::apt', 'url': ' '}]}
14:05:19 INFO  State of operation 21139846 : PENDING
14:05:21 INFO  State of operation 21139846 : EXECUTING
14:05:23 INFO  State of operation 21139846 : EXECUTING
14:05:25 INFO  State of operation 21139846 : EXECUTING
14:05:28 INFO  State of operation 21139846 : EXECUTING
14:05:30 INFO  State of operation 21139846 : EXECUTING
14:05:33 INFO  State of operation 21139846 : EXECUTING
14:05:36 INFO  State of operation 21139846 : EXECUTING
14:05:38 INFO  State of operation 21139846 : EXECUTING
14:05:40 INFO  State of operation 21139846 : EXECUTING
14:05:43 INFO  State of operation 21139846 : EXECUTING
14:05:45 INFO  State of operation 21139846 : EXECUTING
14:05:47 INFO  State of operation 21139846 : EXECUTING
14:05:49 INFO  State of operation 21139846 : EXECUTING
14:05:52 INFO  State of operation 21139846 : EXECUTING
14:05:54 INFO  State of operation 21139846 : EXECUTING
14:05:56 INFO  State of operation 21139846 : EXECUTING
14:05:59 INFO  State of operation 21139846 : EXECUTING
14:06:01 INFO  State of operation 21139846 : EXECUTING
14:06:03 INFO  State of operation 21139846 : EXECUTING
14:06:06 INFO  State of operation 21139846 : EXECUTING
14:06:08 INFO  State of operation 21139846 : EXECUTING
14:06:11 INFO  State of operation 21139846 : EXECUTING
14:06:13 INFO  State of operation 21139846 : EXECUTING
14:06:15 INFO  State of operation 21139846 : EXECUTING
14:06:18 INFO  State of operation 21139846 : EXECUTING
14:06:21 INFO  State of operation 21139846 : EXECUTING
14:06:23 INFO  State of operation 21139846 : EXECUTING
14:06:26 INFO  State of operation 21139846 : EXECUTING
14:06:28 INFO  State of operation 21139846 : EXECUTING
14:06:30 INFO  State of operation 21139846 : EXECUTING
14:06:32 INFO  State of operation 21139846 : EXECUTING
14:06:35 INFO  State of operation 21139846 : EXECUTING
14:06:37 INFO  State of operation 21139846 : EXECUTING
14:06:39 INFO  State of operation 21139846 : EXECUTING
14:06:41 INFO  State of operation 21139846 : EXECUTING
14:06:43 INFO  State of operation 21139846 : EXECUTING
14:06:46 INFO  State of operation 21139846 : EXECUTING
14:06:49 INFO  State of operation 21139846 : EXECUTING
14:06:52 INFO  State of operation 21139846 : EXECUTING
14:06:54 INFO  State of operation 21139846 : EXECUTING
14:06:56 INFO  State of operation 21139846 : EXECUTING
14:06:59 INFO  State of operation 21139846 : EXECUTING
14:07:01 INFO  State of operation 21139846 : EXECUTING
14:07:03 INFO  State of operation 21139846 : EXECUTING
14:07:05 INFO  State of operation 21139846 : EXECUTING
14:07:08 INFO  State of operation 21139846 : EXECUTING
14:07:10 INFO  State of operation 21139846 : EXECUTING
14:07:13 INFO  State of operation 21139846 : EXECUTING
14:07:15 INFO  State of operation 21139846 : EXECUTING
14:07:17 INFO  State of operation 21139846 : EXECUTING
14:07:19 INFO  State of operation 21139846 : EXECUTING
14:07:23 INFO  State of operation 21139846 : EXECUTING
14:07:25 INFO  State of operation 21139846 : EXECUTING
14:07:28 INFO  State of operation 21139846 : EXECUTING
14:07:30 INFO  State of operation 21139846 : EXECUTING
14:07:33 INFO  State of operation 21139846 : EXECUTING
14:07:35 INFO  State of operation 21139846 : EXECUTING
14:07:37 INFO  State of operation 21139846 : EXECUTING
14:07:40 INFO  State of operation 21139846 : EXECUTING
14:07:42 INFO  State of operation 21139846 : EXECUTING
14:07:44 WARN  SystemError occurred while running test - Timeout while waiting for status SUCCESSFUL or False
Traceback (most recent call last):
  File &quot;/home/pi/env-pysys/lib/python3.7/site-packages/pysys/baserunner.py&quot;, line 1294, in __call__
    self.testObj.execute()
  File &quot;/home/pi/actions-runner/_work/thin-edge.io/thin-edge.io/tests/PySys/software_management_end_to_end/sm_apt_install_remove_multiple_mixed/run.py&quot;, line 89, in execute
    self.wait_until_succcess()
  File &quot;/home/pi/actions-runner/_work/thin-edge.io/thin-edge.io/tests/PySys/software_management_end_to_end/environment_sm_management.py&quot;, line 324, in wait_until_succcess
    self.wait_until_status(&quot;SUCCESSFUL&quot;)
  File &quot;/home/pi/actions-runner/_work/thin-edge.io/thin-edge.io/tests/PySys/software_management_end_to_end/environment_sm_management.py&quot;, line 381, in wait_until_status
    &quot;Timeout while waiting for status %s or %s&quot; % (status, status2)
SystemError: Timeout while waiting for status SUCCESSFUL or False
14:07:44 WARN  SystemError: Timeout while waiting for status SUCCESSFUL or False ... blocked 
14:07:44 INFO  
14:07:44 INFO  cleanup:
14:07:48 INFO  Executed sudo&lt;tedge_disconnect_c8y&gt;, exit status 0
14:07:49 INFO  Executed systemctl&lt;serv_mapper5&gt;, exit status 3
14:07:49 INFO  
14:07:49 INFO  Test duration: 179.13 secs
14:07:49 INFO  Test final outcome:  BLOCKED
14:07:49 INFO  Test outcome reason: SystemError: Timeout while waiting for status SUCCESSFUL or False
14:07:49 INFO  
</system-out>
	</testcase>
</testsuite>
