<?xml version="1.0" encoding="utf-8"?>
<testsuite failures="1" name="SoftwareManagement.sm_apt_install_remove_with_version" skipped="0" tests="1" time="166.12" timestamp="2022-05-23T17:39:28">
	<testcase classname="PySysTest" name="SoftwareManagement.sm_apt_install_remove_with_version">
		<failure message="BLOCKED: SystemError: Timeout while waiting for status FAILED or SUCCESSFUL" type="BLOCKED"/>
		<system-out>17:36:42 INFO  ==============================================================
17:36:42 INFO  Id:    SoftwareManagement.sm_apt_install_remove_with_version
17:36:42 INFO  Dir:   software_management_end_to_end/
17:36:42 INFO  Title: Validate end to end behaviour for the apt plugin for packages with version
17:36:42 INFO  ==============================================================
17:36:42 INFO  Using sw id database: {'asciijump': '5475369', 'robotfindskitten': '5474869', 'squirrel3': '5475279', 'rolldice': '5152439', 'moon-buggy': '5439204', 'apple': '5495053', 'banana': '5494888', 'cherry': '5495382', 'watermelon': '5494510', 'registry': '8018911', 'hello-world': '8021526', 'docker/getting-started': '8021973', 'alpine': '7991792'}
17:36:42 INFO  EnvironmentC8y Setup
17:36:43 INFO  Executed systemctl&lt;serv_mapper1&gt;, exit status 3
17:36:43 INFO  Restarting mosquitto too frequently in the last 10 seconds. It was only up for 4 seconds
17:36:43 INFO  Delaying execution by 7 seconds
17:37:03 INFO  Executed sudo&lt;tedge_connect_c8y&gt;, exit status 0, duration 13 secs
17:37:04 INFO  Executed sudo&lt;tedge_connect_c8y_test&gt;, exit status 0
17:37:04 INFO  Executed systemctl&lt;serv_mosq2&gt;, exit status 0
17:37:05 INFO  Executed systemctl&lt;serv_mapper3&gt;, exit status 0
17:37:07 INFO  State of current operation: PENDING
17:37:09 INFO  State of current operation: PENDING
17:37:12 INFO  State of current operation: PENDING
17:37:14 INFO  State of current operation: PENDING
17:37:16 INFO  State of current operation: PENDING
17:37:18 INFO  State of current operation: PENDING
17:37:21 INFO  State of current operation: PENDING
17:37:23 INFO  State of current operation: PENDING
17:37:25 INFO  State of current operation: PENDING
17:37:27 INFO  State of current operation: PENDING
17:37:29 INFO  State of current operation: PENDING
17:37:32 INFO  State of current operation: PENDING
17:37:34 INFO  State of current operation: PENDING
17:37:36 INFO  State of current operation: PENDING
17:37:39 INFO  State of current operation: PENDING
17:37:41 INFO  State of current operation: PENDING
17:37:43 INFO  State of current operation: PENDING
17:37:45 INFO  State of current operation: PENDING
17:37:47 INFO  State of current operation: PENDING
17:37:50 INFO  State of current operation: PENDING
17:37:52 INFO  State of current operation: PENDING
17:37:54 INFO  State of current operation: PENDING
17:37:56 INFO  State of current operation: PENDING
17:37:59 INFO  State of current operation: PENDING
17:38:01 INFO  State of current operation: PENDING
17:38:03 INFO  State of current operation: PENDING
17:38:05 INFO  State of current operation: PENDING
17:38:07 INFO  State of current operation: PENDING
17:38:10 INFO  State of current operation: PENDING
17:38:12 INFO  State of current operation: PENDING
17:38:14 INFO  State of current operation: PENDING
17:38:16 INFO  State of current operation: PENDING
17:38:19 INFO  State of current operation: PENDING
17:38:21 INFO  State of current operation: PENDING
17:38:23 INFO  State of current operation: PENDING
17:38:25 INFO  State of current operation: PENDING
17:38:28 INFO  State of current operation: PENDING
17:38:30 INFO  State of current operation: PENDING
17:38:32 INFO  State of current operation: PENDING
17:38:34 INFO  State of current operation: PENDING
17:38:37 INFO  State of current operation: PENDING
17:38:39 INFO  State of current operation: PENDING
17:38:41 INFO  State of current operation: PENDING
17:38:43 INFO  State of current operation: PENDING
17:38:45 INFO  State of current operation: PENDING
17:38:48 INFO  State of current operation: PENDING
17:38:50 INFO  State of current operation: PENDING
17:38:52 INFO  State of current operation: PENDING
17:38:54 INFO  State of current operation: PENDING
17:38:57 INFO  State of current operation: PENDING
17:38:59 INFO  State of current operation: PENDING
17:39:01 INFO  State of current operation: PENDING
17:39:03 INFO  State of current operation: PENDING
17:39:06 INFO  State of current operation: PENDING
17:39:08 INFO  State of current operation: PENDING
17:39:10 INFO  State of current operation: PENDING
17:39:12 INFO  State of current operation: PENDING
17:39:15 INFO  State of current operation: PENDING
17:39:17 INFO  State of current operation: PENDING
17:39:19 INFO  State of current operation: PENDING
17:39:21 INFO  State of current operation: PENDING
17:39:23 WARN  SystemError occurred while running test - Timeout while waiting for status FAILED or SUCCESSFUL
Traceback (most recent call last):
  File &quot;/home/pi/env-pysys/lib/python3.7/site-packages/pysys/baserunner.py&quot;, line 1292, in __call__
    self.testObj.setup()
  File &quot;/home/pi/actions-runner/_work/thin-edge.io/thin-edge.io/tests/PySys/software_management_end_to_end/sm_apt_install_remove_with_version/run.py&quot;, line 27, in setup
    super().setup()
  File &quot;/home/pi/actions-runner/_work/thin-edge.io/thin-edge.io/tests/PySys/software_management_end_to_end/environment_sm_management.py&quot;, line 151, in setup
    self.wait_until_end()
  File &quot;/home/pi/actions-runner/_work/thin-edge.io/thin-edge.io/tests/PySys/software_management_end_to_end/environment_sm_management.py&quot;, line 332, in wait_until_end
    self.wait_until_status(&quot;FAILED&quot;, &quot;SUCCESSFUL&quot;)
  File &quot;/home/pi/actions-runner/_work/thin-edge.io/thin-edge.io/tests/PySys/software_management_end_to_end/environment_sm_management.py&quot;, line 381, in wait_until_status
    &quot;Timeout while waiting for status %s or %s&quot; % (status, status2)
SystemError: Timeout while waiting for status FAILED or SUCCESSFUL
17:39:23 WARN  SystemError: Timeout while waiting for status FAILED or SUCCESSFUL ... blocked 
17:39:23 INFO  
17:39:23 INFO  cleanup:
17:39:27 INFO  Executed sudo&lt;tedge_disconnect_c8y&gt;, exit status 0
17:39:28 INFO  Executed systemctl&lt;serv_mapper5&gt;, exit status 3
17:39:28 INFO  
17:39:28 INFO  Test duration: 166.12 secs
17:39:28 INFO  Test final outcome:  BLOCKED
17:39:28 INFO  Test outcome reason: SystemError: Timeout while waiting for status FAILED or SUCCESSFUL
17:39:28 INFO  
</system-out>
	</testcase>
</testsuite>
