<?xml version="1.0" encoding="utf-8"?>
<testsuite failures="1" name="SoftwareManagement.sm_apt_install_remove_default" skipped="0" tests="1" time="166.33" timestamp="2022-05-23T17:31:11">
	<testcase classname="PySysTest" name="SoftwareManagement.sm_apt_install_remove_default">
		<failure message="BLOCKED: SystemError: Timeout while waiting for status FAILED or SUCCESSFUL" type="BLOCKED"/>
		<system-out>17:28:25 INFO  ==============================================================
17:28:25 INFO  Id:    SoftwareManagement.sm_apt_install_remove_default
17:28:25 INFO  Dir:   software_management_end_to_end/
17:28:25 INFO  Title: Validate end to end behaviour for the default plugin for installation and removal of packages
17:28:25 INFO  ==============================================================
17:28:25 INFO  Using sw id database: {'asciijump': '5475369', 'robotfindskitten': '5474869', 'squirrel3': '5475279', 'rolldice': '5152439', 'moon-buggy': '5439204', 'apple': '5495053', 'banana': '5494888', 'cherry': '5495382', 'watermelon': '5494510', 'registry': '8018911', 'hello-world': '8021526', 'docker/getting-started': '8021973', 'alpine': '7991792'}
17:28:25 INFO  EnvironmentC8y Setup
17:28:26 INFO  Executed systemctl&lt;serv_mapper1&gt;, exit status 3
17:28:26 INFO  Restarting mosquitto too frequently in the last 10 seconds. It was only up for 4 seconds
17:28:26 INFO  Delaying execution by 7 seconds
17:28:47 INFO  Executed sudo&lt;tedge_connect_c8y&gt;, exit status 0, duration 13 secs
17:28:47 INFO  Executed sudo&lt;tedge_connect_c8y_test&gt;, exit status 0
17:28:48 INFO  Executed systemctl&lt;serv_mosq2&gt;, exit status 0
17:28:48 INFO  Executed systemctl&lt;serv_mapper3&gt;, exit status 0
17:28:51 INFO  State of current operation: PENDING
17:28:53 INFO  State of current operation: PENDING
17:28:55 INFO  State of current operation: PENDING
17:28:57 INFO  State of current operation: PENDING
17:28:59 INFO  State of current operation: PENDING
17:29:02 INFO  State of current operation: PENDING
17:29:04 INFO  State of current operation: PENDING
17:29:06 INFO  State of current operation: PENDING
17:29:09 INFO  State of current operation: PENDING
17:29:11 INFO  State of current operation: PENDING
17:29:13 INFO  State of current operation: PENDING
17:29:15 INFO  State of current operation: PENDING
17:29:17 INFO  State of current operation: PENDING
17:29:20 INFO  State of current operation: PENDING
17:29:22 INFO  State of current operation: PENDING
17:29:24 INFO  State of current operation: PENDING
17:29:26 INFO  State of current operation: PENDING
17:29:29 INFO  State of current operation: PENDING
17:29:31 INFO  State of current operation: PENDING
17:29:33 INFO  State of current operation: PENDING
17:29:35 INFO  State of current operation: PENDING
17:29:37 INFO  State of current operation: PENDING
17:29:40 INFO  State of current operation: PENDING
17:29:42 INFO  State of current operation: PENDING
17:29:44 INFO  State of current operation: PENDING
17:29:46 INFO  State of current operation: PENDING
17:29:49 INFO  State of current operation: PENDING
17:29:51 INFO  State of current operation: PENDING
17:29:53 INFO  State of current operation: PENDING
17:29:55 INFO  State of current operation: PENDING
17:29:58 INFO  State of current operation: PENDING
17:30:00 INFO  State of current operation: PENDING
17:30:02 INFO  State of current operation: PENDING
17:30:04 INFO  State of current operation: PENDING
17:30:07 INFO  State of current operation: PENDING
17:30:09 INFO  State of current operation: PENDING
17:30:11 INFO  State of current operation: PENDING
17:30:13 INFO  State of current operation: PENDING
17:30:15 INFO  State of current operation: PENDING
17:30:18 INFO  State of current operation: PENDING
17:30:20 INFO  State of current operation: PENDING
17:30:22 INFO  State of current operation: PENDING
17:30:24 INFO  State of current operation: PENDING
17:30:27 INFO  State of current operation: PENDING
17:30:29 INFO  State of current operation: PENDING
17:30:31 INFO  State of current operation: PENDING
17:30:33 INFO  State of current operation: PENDING
17:30:35 INFO  State of current operation: PENDING
17:30:38 INFO  State of current operation: PENDING
17:30:40 INFO  State of current operation: PENDING
17:30:42 INFO  State of current operation: PENDING
17:30:44 INFO  State of current operation: PENDING
17:30:47 INFO  State of current operation: PENDING
17:30:49 INFO  State of current operation: PENDING
17:30:51 INFO  State of current operation: PENDING
17:30:53 INFO  State of current operation: PENDING
17:30:56 INFO  State of current operation: PENDING
17:30:58 INFO  State of current operation: PENDING
17:31:00 INFO  State of current operation: PENDING
17:31:02 INFO  State of current operation: PENDING
17:31:05 INFO  State of current operation: PENDING
17:31:07 WARN  SystemError occurred while running test - Timeout while waiting for status FAILED or SUCCESSFUL
Traceback (most recent call last):
  File &quot;/home/pi/env-pysys/lib/python3.7/site-packages/pysys/baserunner.py&quot;, line 1292, in __call__
    self.testObj.setup()
  File &quot;/home/pi/actions-runner/_work/thin-edge.io/thin-edge.io/tests/PySys/software_management_end_to_end/sm_apt_install_remove_default/run.py&quot;, line 26, in setup
    super().setup()
  File &quot;/home/pi/actions-runner/_work/thin-edge.io/thin-edge.io/tests/PySys/software_management_end_to_end/environment_sm_management.py&quot;, line 151, in setup
    self.wait_until_end()
  File &quot;/home/pi/actions-runner/_work/thin-edge.io/thin-edge.io/tests/PySys/software_management_end_to_end/environment_sm_management.py&quot;, line 332, in wait_until_end
    self.wait_until_status(&quot;FAILED&quot;, &quot;SUCCESSFUL&quot;)
  File &quot;/home/pi/actions-runner/_work/thin-edge.io/thin-edge.io/tests/PySys/software_management_end_to_end/environment_sm_management.py&quot;, line 381, in wait_until_status
    &quot;Timeout while waiting for status %s or %s&quot; % (status, status2)
SystemError: Timeout while waiting for status FAILED or SUCCESSFUL
17:31:07 WARN  SystemError: Timeout while waiting for status FAILED or SUCCESSFUL ... blocked 
17:31:07 INFO  
17:31:07 INFO  cleanup:
17:31:11 INFO  Executed sudo&lt;tedge_disconnect_c8y&gt;, exit status 0
17:31:11 INFO  Executed systemctl&lt;serv_mapper5&gt;, exit status 3
17:31:11 INFO  
17:31:11 INFO  Test duration: 166.33 secs
17:31:11 INFO  Test final outcome:  BLOCKED
17:31:11 INFO  Test outcome reason: SystemError: Timeout while waiting for status FAILED or SUCCESSFUL
17:31:11 INFO  
</system-out>
	</testcase>
</testsuite>
