<?xml version="1.0" encoding="utf-8"?>
<testsuite failures="1" name="SoftwareManagement.sm_apt_install_remove_multiple_mixed" skipped="0" tests="1" time="179.36" timestamp="2022-07-26T17:03:32">
	<testcase classname="PySysTest" name="SoftwareManagement.sm_apt_install_remove_multiple_mixed">
		<failure message="BLOCKED: SystemError: Timeout while waiting for status SUCCESSFUL or False" type="BLOCKED"/>
		<system-out>17:00:33 INFO  ==============================================================
17:00:33 INFO  Id:    SoftwareManagement.sm_apt_install_remove_multiple_mixed
17:00:33 INFO  Dir:   software_management_end_to_end/
17:00:33 INFO  Title: Validate end to end behaviour for the apt plugin for multiple packages with mixed versions
17:00:33 INFO  ==============================================================
17:00:33 INFO  Using sw id database: {'asciijump': '5475369', 'robotfindskitten': '5474869', 'squirrel3': '5475279', 'rolldice': '5152439', 'moon-buggy': '5439204', 'apple': '5495053', 'banana': '5494888', 'cherry': '5495382', 'watermelon': '5494510', 'registry': '8018911', 'hello-world': '8021526', 'docker/getting-started': '8021973', 'alpine': '7991792'}
17:00:33 INFO  EnvironmentC8y Setup
17:00:33 INFO  Executed systemctl&lt;serv_mapper1&gt;, exit status 3
17:00:33 INFO  Restarting mosquitto too frequently in the last 10 seconds. It was only up for 4 seconds
17:00:33 INFO  Delaying execution by 7 seconds
17:00:54 INFO  Executed sudo&lt;tedge_connect_c8y&gt;, exit status 0, duration 13 secs
17:00:55 INFO  Executed sudo&lt;tedge_connect_c8y_test&gt;, exit status 0
17:00:55 INFO  Executed systemctl&lt;serv_mosq2&gt;, exit status 0
17:00:56 INFO  Executed systemctl&lt;serv_mapper3&gt;, exit status 0
17:00:58 INFO  State of current operation: SUCCESSFUL
17:00:58 INFO  Assert that (False == value) with value=False ... passed
17:00:58 INFO  Assert that (False == value) with value=False ... passed
17:00:59 INFO  Assert that (False == value) with value=False ... passed
17:00:59 INFO  Assert that (False == value) with value=False ... passed
17:00:59 INFO  Assert that (False == value) with value=False ... passed
17:01:00 INFO  Response status: 201
17:01:00 INFO  Response to action: {
    &quot;delivery&quot;: {
        &quot;log&quot;: [],
        &quot;time&quot;: &quot;2022-07-26T17:01:00.667Z&quot;,
        &quot;status&quot;: &quot;PENDING&quot;
    },
    &quot;creationTime&quot;: &quot;2022-07-26T17:01:00.649Z&quot;,
    &quot;deviceId&quot;: &quot;21435313&quot;,
    &quot;deviceName&quot;: &quot;m32sd10d&quot;,
    &quot;self&quot;: &quot;https://t493319102.eu-latest.cumulocity.com/devicecontrol/operations/21453160&quot;,
    &quot;id&quot;: &quot;21453160&quot;,
    &quot;status&quot;: &quot;PENDING&quot;,
    &quot;description&quot;: &quot;Apply software changes, triggered from PySys: [{'action': 'install', 'id': '5475369', 'name': 'asciijump', 'url': ' ', 'version': '::apt'}, {'action': 'install', 'id': '5474869', 'name': 'robotfindskitten', 'url': ' ', 'version': ' '}, {'action': 'install', 'id': '5475279', 'name': 'squirrel3', 'url': ' ', 'version': '3.1-7::apt'}, {'action': 'install', 'id': '5152439', 'name': 'rolldice', 'url': ' ', 'version': '1.16-1+b1'}, {'action': 'install', 'id': '5439204', 'name': 'moon-buggy', 'url': ' ', 'version': '1:1.0.51-12'}, {'action': 'install', 'id': '5475369', 'name': 'asciijump', 'url': ' ', 'version': '::apt'}]&quot;,
    &quot;c8y_SoftwareUpdate&quot;: [
        {
            &quot;name&quot;: &quot;asciijump&quot;,
            &quot;action&quot;: &quot;install&quot;,
            &quot;id&quot;: &quot;5475369&quot;,
            &quot;version&quot;: &quot;::apt&quot;,
            &quot;url&quot;: &quot; &quot;
        },
        {
            &quot;name&quot;: &quot;robotfindskitten&quot;,
            &quot;action&quot;: &quot;install&quot;,
            &quot;id&quot;: &quot;5474869&quot;,
            &quot;version&quot;: &quot; &quot;,
            &quot;url&quot;: &quot; &quot;
        },
        {
            &quot;name&quot;: &quot;squirrel3&quot;,
            &quot;action&quot;: &quot;install&quot;,
            &quot;id&quot;: &quot;5475279&quot;,
            &quot;version&quot;: &quot;3.1-7::apt&quot;,
            &quot;url&quot;: &quot; &quot;
        },
        {
            &quot;name&quot;: &quot;rolldice&quot;,
            &quot;action&quot;: &quot;install&quot;,
            &quot;id&quot;: &quot;5152439&quot;,
            &quot;version&quot;: &quot;1.16-1+b1&quot;,
            &quot;url&quot;: &quot; &quot;
        },
        {
            &quot;name&quot;: &quot;moon-buggy&quot;,
            &quot;action&quot;: &quot;install&quot;,
            &quot;id&quot;: &quot;5439204&quot;,
            &quot;version&quot;: &quot;1:1.0.51-12&quot;,
            &quot;url&quot;: &quot; &quot;
        },
        {
            &quot;name&quot;: &quot;asciijump&quot;,
            &quot;action&quot;: &quot;install&quot;,
            &quot;id&quot;: &quot;5475369&quot;,
            &quot;version&quot;: &quot;::apt&quot;,
            &quot;url&quot;: &quot; &quot;
        }
    ]
}
17:01:00 INFO  Started operation: {'delivery': {'log': [], 'time': '2022-07-26T17:01:00.667Z', 'status': 'PENDING'}, 'creationTime': '2022-07-26T17:01:00.649Z', 'deviceId': '21435313', 'deviceName': 'm32sd10d', 'self': 'https://t493319102.eu-latest.cumulocity.com/devicecontrol/operations/21453160', 'id': '21453160', 'status': 'PENDING', 'description': &quot;Apply software changes, triggered from PySys: [{'action': 'install', 'id': '5475369', 'name': 'asciijump', 'url': ' ', 'version': '::apt'}, {'action': 'install', 'id': '5474869', 'name': 'robotfindskitten', 'url': ' ', 'version': ' '}, {'action': 'install', 'id': '5475279', 'name': 'squirrel3', 'url': ' ', 'version': '3.1-7::apt'}, {'action': 'install', 'id': '5152439', 'name': 'rolldice', 'url': ' ', 'version': '1.16-1+b1'}, {'action': 'install', 'id': '5439204', 'name': 'moon-buggy', 'url': ' ', 'version': '1:1.0.51-12'}, {'action': 'install', 'id': '5475369', 'name': 'asciijump', 'url': ' ', 'version': '::apt'}]&quot;, 'c8y_SoftwareUpdate': [{'name': 'asciijump', 'action': 'install', 'id': '5475369', 'version': '::apt', 'url': ' '}, {'name': 'robotfindskitten', 'action': 'install', 'id': '5474869', 'version': ' ', 'url': ' '}, {'name': 'squirrel3', 'action': 'install', 'id': '5475279', 'version': '3.1-7::apt', 'url': ' '}, {'name': 'rolldice', 'action': 'install', 'id': '5152439', 'version': '1.16-1+b1', 'url': ' '}, {'name': 'moon-buggy', 'action': 'install', 'id': '5439204', 'version': '1:1.0.51-12', 'url': ' '}, {'name': 'asciijump', 'action': 'install', 'id': '5475369', 'version': '::apt', 'url': ' '}]}
17:01:02 INFO  State of operation 21453160 : PENDING
17:01:05 INFO  State of operation 21453160 : EXECUTING
17:01:07 INFO  State of operation 21453160 : EXECUTING
17:01:09 INFO  State of operation 21453160 : EXECUTING
17:01:11 INFO  State of operation 21453160 : EXECUTING
17:01:14 INFO  State of operation 21453160 : EXECUTING
17:01:16 INFO  State of operation 21453160 : EXECUTING
17:01:19 INFO  State of operation 21453160 : EXECUTING
17:01:21 INFO  State of operation 21453160 : EXECUTING
17:01:24 INFO  State of operation 21453160 : EXECUTING
17:01:26 INFO  State of operation 21453160 : EXECUTING
17:01:28 INFO  State of operation 21453160 : EXECUTING
17:01:30 INFO  State of operation 21453160 : EXECUTING
17:01:33 INFO  State of operation 21453160 : EXECUTING
17:01:35 INFO  State of operation 21453160 : EXECUTING
17:01:37 INFO  State of operation 21453160 : EXECUTING
17:01:40 INFO  State of operation 21453160 : EXECUTING
17:01:42 INFO  State of operation 21453160 : EXECUTING
17:01:45 INFO  State of operation 21453160 : EXECUTING
17:01:47 INFO  State of operation 21453160 : EXECUTING
17:01:49 INFO  State of operation 21453160 : EXECUTING
17:01:52 INFO  State of operation 21453160 : EXECUTING
17:01:54 INFO  State of operation 21453160 : EXECUTING
17:01:57 INFO  State of operation 21453160 : EXECUTING
17:01:59 INFO  State of operation 21453160 : EXECUTING
17:02:02 INFO  State of operation 21453160 : EXECUTING
17:02:04 INFO  State of operation 21453160 : EXECUTING
17:02:07 INFO  State of operation 21453160 : EXECUTING
17:02:09 INFO  State of operation 21453160 : EXECUTING
17:02:11 INFO  State of operation 21453160 : EXECUTING
17:02:14 INFO  State of operation 21453160 : EXECUTING
17:02:16 INFO  State of operation 21453160 : EXECUTING
17:02:18 INFO  State of operation 21453160 : EXECUTING
17:02:20 INFO  State of operation 21453160 : EXECUTING
17:02:23 INFO  State of operation 21453160 : EXECUTING
17:02:25 INFO  State of operation 21453160 : EXECUTING
17:02:27 INFO  State of operation 21453160 : EXECUTING
17:02:30 INFO  State of operation 21453160 : EXECUTING
17:02:33 INFO  State of operation 21453160 : EXECUTING
17:02:35 INFO  State of operation 21453160 : EXECUTING
17:02:37 INFO  State of operation 21453160 : EXECUTING
17:02:40 INFO  State of operation 21453160 : EXECUTING
17:02:42 INFO  State of operation 21453160 : EXECUTING
17:02:44 INFO  State of operation 21453160 : EXECUTING
17:02:46 INFO  State of operation 21453160 : EXECUTING
17:02:48 INFO  State of operation 21453160 : EXECUTING
17:02:51 INFO  State of operation 21453160 : EXECUTING
17:02:53 INFO  State of operation 21453160 : EXECUTING
17:02:56 INFO  State of operation 21453160 : EXECUTING
17:02:58 INFO  State of operation 21453160 : EXECUTING
17:03:00 INFO  State of operation 21453160 : EXECUTING
17:03:02 INFO  State of operation 21453160 : EXECUTING
17:03:06 INFO  State of operation 21453160 : EXECUTING
17:03:08 INFO  State of operation 21453160 : EXECUTING
17:03:11 INFO  State of operation 21453160 : EXECUTING
17:03:13 INFO  State of operation 21453160 : EXECUTING
17:03:16 INFO  State of operation 21453160 : EXECUTING
17:03:18 INFO  State of operation 21453160 : EXECUTING
17:03:21 INFO  State of operation 21453160 : EXECUTING
17:03:23 INFO  State of operation 21453160 : EXECUTING
17:03:25 INFO  State of operation 21453160 : EXECUTING
17:03:27 WARN  SystemError occurred while running test - Timeout while waiting for status SUCCESSFUL or False
Traceback (most recent call last):
  File &quot;/home/pi/env-pysys/lib/python3.7/site-packages/pysys/baserunner.py&quot;, line 1294, in __call__
    self.testObj.execute()
  File &quot;/home/pi/actions-runner/_work/thin-edge.io/thin-edge.io/tests/PySys/software_management_end_to_end/sm_apt_install_remove_multiple_mixed/run.py&quot;, line 89, in execute
    self.wait_until_succcess()
  File &quot;/home/pi/actions-runner/_work/thin-edge.io/thin-edge.io/tests/PySys/software_management_end_to_end/environment_sm_management.py&quot;, line 324, in wait_until_succcess
    self.wait_until_status(&quot;SUCCESSFUL&quot;)
  File &quot;/home/pi/actions-runner/_work/thin-edge.io/thin-edge.io/tests/PySys/software_management_end_to_end/environment_sm_management.py&quot;, line 381, in wait_until_status
    &quot;Timeout while waiting for status %s or %s&quot; % (status, status2)
SystemError: Timeout while waiting for status SUCCESSFUL or False
17:03:27 WARN  SystemError: Timeout while waiting for status SUCCESSFUL or False ... blocked 
17:03:27 INFO  
17:03:27 INFO  cleanup:
17:03:31 INFO  Executed sudo&lt;tedge_disconnect_c8y&gt;, exit status 0
17:03:32 INFO  Executed systemctl&lt;serv_mapper5&gt;, exit status 3
17:03:32 INFO  
17:03:32 INFO  Test duration: 179.36 secs
17:03:32 INFO  Test final outcome:  BLOCKED
17:03:32 INFO  Test outcome reason: SystemError: Timeout while waiting for status SUCCESSFUL or False
17:03:32 INFO  
</system-out>
	</testcase>
</testsuite>
