<?xml version="1.0" encoding="utf-8"?>
<testsuite failures="1" name="SoftwareManagement.sm_apt_install_remove_multiple" skipped="0" tests="1" time="182.43" timestamp="2022-06-08T13:43:49">
	<testcase classname="PySysTest" name="SoftwareManagement.sm_apt_install_remove_multiple">
		<failure message="FAILED: Assert that (False == value) with value=True" type="FAILED"/>
		<system-out>13:40:47 INFO  ==============================================================
13:40:47 INFO  Id:    SoftwareManagement.sm_apt_install_remove_multiple
13:40:47 INFO  Dir:   software_management_end_to_end/
13:40:47 INFO  Title: Validate end to end behaviour for the apt plugin for multiple packages
13:40:47 INFO  ==============================================================
13:40:47 INFO  Using sw id database: {'asciijump': '5475369', 'robotfindskitten': '5474869', 'squirrel3': '5475279', 'rolldice': '5152439', 'moon-buggy': '5439204', 'apple': '5495053', 'banana': '5494888', 'cherry': '5495382', 'watermelon': '5494510', 'registry': '8018911', 'hello-world': '8021526', 'docker/getting-started': '8021973', 'alpine': '7991792'}
13:40:47 INFO  EnvironmentC8y Setup
13:40:48 INFO  Executed systemctl&lt;serv_mapper1&gt;, exit status 3
13:40:48 INFO  Restarting mosquitto too frequently in the last 10 seconds. It was only up for 5 seconds
13:40:48 INFO  Delaying execution by 6 seconds
13:41:08 INFO  Executed sudo&lt;tedge_connect_c8y&gt;, exit status 0, duration 14 secs
13:41:09 INFO  Executed sudo&lt;tedge_connect_c8y_test&gt;, exit status 0
13:41:09 INFO  Executed systemctl&lt;serv_mosq2&gt;, exit status 0
13:41:10 INFO  Executed systemctl&lt;serv_mapper3&gt;, exit status 0
13:41:12 INFO  State of current operation: SUCCESSFUL
13:41:12 INFO  Assert that (False == value) with value=False ... passed
13:41:13 INFO  Assert that (False == value) with value=False ... passed
13:41:13 INFO  Assert that (False == value) with value=False ... passed
13:41:13 INFO  Package robotfindskitten is installed
13:41:13 WARN  Assert that (False == value) with value=True ... failed 
13:41:13 INFO  Response status: 201
13:41:13 INFO  Response to action: {
    &quot;delivery&quot;: {
        &quot;log&quot;: [],
        &quot;time&quot;: &quot;2022-06-08T13:41:13.934Z&quot;,
        &quot;status&quot;: &quot;PENDING&quot;
    },
    &quot;creationTime&quot;: &quot;2022-06-08T13:41:13.911Z&quot;,
    &quot;deviceId&quot;: &quot;20034146&quot;,
    &quot;deviceName&quot;: &quot;m32sd10d&quot;,
    &quot;self&quot;: &quot;https://t493319102.eu-latest.cumulocity.com/devicecontrol/operations/20054746&quot;,
    &quot;id&quot;: &quot;20054746&quot;,
    &quot;status&quot;: &quot;PENDING&quot;,
    &quot;description&quot;: &quot;Apply software changes, triggered from PySys: [{'action': 'install', 'id': '5475369', 'name': 'asciijump', 'url': ' ', 'version': '::apt'}, {'action': 'install', 'id': '5474869', 'name': 'robotfindskitten', 'url': ' ', 'version': '::apt'}, {'action': 'install', 'id': '5475279', 'name': 'squirrel3', 'url': ' ', 'version': '::apt'}]&quot;,
    &quot;c8y_SoftwareUpdate&quot;: [
        {
            &quot;name&quot;: &quot;asciijump&quot;,
            &quot;action&quot;: &quot;install&quot;,
            &quot;id&quot;: &quot;5475369&quot;,
            &quot;version&quot;: &quot;::apt&quot;,
            &quot;url&quot;: &quot; &quot;
        },
        {
            &quot;name&quot;: &quot;robotfindskitten&quot;,
            &quot;action&quot;: &quot;install&quot;,
            &quot;id&quot;: &quot;5474869&quot;,
            &quot;version&quot;: &quot;::apt&quot;,
            &quot;url&quot;: &quot; &quot;
        },
        {
            &quot;name&quot;: &quot;squirrel3&quot;,
            &quot;action&quot;: &quot;install&quot;,
            &quot;id&quot;: &quot;5475279&quot;,
            &quot;version&quot;: &quot;::apt&quot;,
            &quot;url&quot;: &quot; &quot;
        }
    ]
}
13:41:13 INFO  Started operation: {'delivery': {'log': [], 'time': '2022-06-08T13:41:13.934Z', 'status': 'PENDING'}, 'creationTime': '2022-06-08T13:41:13.911Z', 'deviceId': '20034146', 'deviceName': 'm32sd10d', 'self': 'https://t493319102.eu-latest.cumulocity.com/devicecontrol/operations/20054746', 'id': '20054746', 'status': 'PENDING', 'description': &quot;Apply software changes, triggered from PySys: [{'action': 'install', 'id': '5475369', 'name': 'asciijump', 'url': ' ', 'version': '::apt'}, {'action': 'install', 'id': '5474869', 'name': 'robotfindskitten', 'url': ' ', 'version': '::apt'}, {'action': 'install', 'id': '5475279', 'name': 'squirrel3', 'url': ' ', 'version': '::apt'}]&quot;, 'c8y_SoftwareUpdate': [{'name': 'asciijump', 'action': 'install', 'id': '5475369', 'version': '::apt', 'url': ' '}, {'name': 'robotfindskitten', 'action': 'install', 'id': '5474869', 'version': '::apt', 'url': ' '}, {'name': 'squirrel3', 'action': 'install', 'id': '5475279', 'version': '::apt', 'url': ' '}]}
13:41:16 INFO  State of operation 20054746 : PENDING
13:41:18 INFO  State of operation 20054746 : EXECUTING
13:41:20 INFO  State of operation 20054746 : EXECUTING
13:41:22 INFO  State of operation 20054746 : EXECUTING
13:41:25 INFO  State of operation 20054746 : EXECUTING
13:41:27 INFO  State of operation 20054746 : EXECUTING
13:41:30 INFO  State of operation 20054746 : EXECUTING
13:41:32 INFO  State of operation 20054746 : EXECUTING
13:41:35 INFO  State of operation 20054746 : EXECUTING
13:41:37 INFO  State of operation 20054746 : EXECUTING
13:41:39 INFO  State of operation 20054746 : EXECUTING
13:41:42 INFO  State of operation 20054746 : EXECUTING
13:41:44 INFO  State of operation 20054746 : EXECUTING
13:41:46 INFO  State of operation 20054746 : EXECUTING
13:41:48 INFO  State of operation 20054746 : EXECUTING
13:41:51 INFO  State of operation 20054746 : EXECUTING
13:41:53 INFO  State of operation 20054746 : EXECUTING
13:41:56 INFO  State of operation 20054746 : EXECUTING
13:41:58 INFO  State of operation 20054746 : EXECUTING
13:42:00 INFO  State of operation 20054746 : EXECUTING
13:42:03 INFO  State of operation 20054746 : EXECUTING
13:42:05 INFO  State of operation 20054746 : EXECUTING
13:42:08 INFO  State of operation 20054746 : EXECUTING
13:42:11 INFO  State of operation 20054746 : EXECUTING
13:42:13 INFO  State of operation 20054746 : EXECUTING
13:42:16 INFO  State of operation 20054746 : EXECUTING
13:42:18 INFO  State of operation 20054746 : EXECUTING
13:42:21 INFO  State of operation 20054746 : EXECUTING
13:42:23 INFO  State of operation 20054746 : EXECUTING
13:42:25 INFO  State of operation 20054746 : EXECUTING
13:42:28 INFO  State of operation 20054746 : EXECUTING
13:42:30 INFO  State of operation 20054746 : EXECUTING
13:42:32 INFO  State of operation 20054746 : EXECUTING
13:42:34 INFO  State of operation 20054746 : SUCCESSFUL
13:42:34 INFO  Assert that (False == value) with value=False ... passed
13:42:35 INFO  Package asciijump is installed
13:42:35 INFO  Assert that (True == value) with value=True ... passed
13:42:36 INFO  Package squirrel3 is installed
13:42:36 INFO  Assert that (True == value) with value=True ... passed
13:42:36 INFO  Package robotfindskitten is installed
13:42:36 INFO  Assert that (True == value) with value=True ... passed
13:42:36 INFO  Response status: 201
13:42:36 INFO  Response to action: {
    &quot;delivery&quot;: {
        &quot;log&quot;: [],
        &quot;time&quot;: &quot;2022-06-08T13:42:36.627Z&quot;,
        &quot;status&quot;: &quot;PENDING&quot;
    },
    &quot;creationTime&quot;: &quot;2022-06-08T13:42:36.610Z&quot;,
    &quot;deviceId&quot;: &quot;20034146&quot;,
    &quot;deviceName&quot;: &quot;m32sd10d&quot;,
    &quot;self&quot;: &quot;https://t493319102.eu-latest.cumulocity.com/devicecontrol/operations/20054758&quot;,
    &quot;id&quot;: &quot;20054758&quot;,
    &quot;status&quot;: &quot;PENDING&quot;,
    &quot;description&quot;: &quot;Apply software changes, triggered from PySys: [{'action': 'delete', 'id': '5475369', 'name': 'asciijump', 'url': ' ', 'version': '::apt'}, {'action': 'delete', 'id': '5474869', 'name': 'robotfindskitten', 'url': ' ', 'version': '::apt'}, {'action': 'delete', 'id': '5475279', 'name': 'squirrel3', 'url': ' ', 'version': '::apt'}]&quot;,
    &quot;c8y_SoftwareUpdate&quot;: [
        {
            &quot;name&quot;: &quot;asciijump&quot;,
            &quot;action&quot;: &quot;delete&quot;,
            &quot;id&quot;: &quot;5475369&quot;,
            &quot;version&quot;: &quot;::apt&quot;,
            &quot;url&quot;: &quot; &quot;
        },
        {
            &quot;name&quot;: &quot;robotfindskitten&quot;,
            &quot;action&quot;: &quot;delete&quot;,
            &quot;id&quot;: &quot;5474869&quot;,
            &quot;version&quot;: &quot;::apt&quot;,
            &quot;url&quot;: &quot; &quot;
        },
        {
            &quot;name&quot;: &quot;squirrel3&quot;,
            &quot;action&quot;: &quot;delete&quot;,
            &quot;id&quot;: &quot;5475279&quot;,
            &quot;version&quot;: &quot;::apt&quot;,
            &quot;url&quot;: &quot; &quot;
        }
    ]
}
13:42:36 INFO  Started operation: {'delivery': {'log': [], 'time': '2022-06-08T13:42:36.627Z', 'status': 'PENDING'}, 'creationTime': '2022-06-08T13:42:36.610Z', 'deviceId': '20034146', 'deviceName': 'm32sd10d', 'self': 'https://t493319102.eu-latest.cumulocity.com/devicecontrol/operations/20054758', 'id': '20054758', 'status': 'PENDING', 'description': &quot;Apply software changes, triggered from PySys: [{'action': 'delete', 'id': '5475369', 'name': 'asciijump', 'url': ' ', 'version': '::apt'}, {'action': 'delete', 'id': '5474869', 'name': 'robotfindskitten', 'url': ' ', 'version': '::apt'}, {'action': 'delete', 'id': '5475279', 'name': 'squirrel3', 'url': ' ', 'version': '::apt'}]&quot;, 'c8y_SoftwareUpdate': [{'name': 'asciijump', 'action': 'delete', 'id': '5475369', 'version': '::apt', 'url': ' '}, {'name': 'robotfindskitten', 'action': 'delete', 'id': '5474869', 'version': '::apt', 'url': ' '}, {'name': 'squirrel3', 'action': 'delete', 'id': '5475279', 'version': '::apt', 'url': ' '}]}
13:42:38 INFO  State of operation 20054758 : PENDING
13:42:41 INFO  State of operation 20054758 : EXECUTING
13:42:43 INFO  State of operation 20054758 : EXECUTING
13:42:45 INFO  State of operation 20054758 : EXECUTING
13:42:48 INFO  State of operation 20054758 : EXECUTING
13:42:50 INFO  State of operation 20054758 : EXECUTING
13:42:53 INFO  State of operation 20054758 : EXECUTING
13:42:55 INFO  State of operation 20054758 : EXECUTING
13:42:58 INFO  State of operation 20054758 : EXECUTING
13:43:00 INFO  State of operation 20054758 : EXECUTING
13:43:02 INFO  State of operation 20054758 : EXECUTING
13:43:04 INFO  State of operation 20054758 : EXECUTING
13:43:07 INFO  State of operation 20054758 : EXECUTING
13:43:09 INFO  State of operation 20054758 : EXECUTING
13:43:11 INFO  State of operation 20054758 : EXECUTING
13:43:14 INFO  State of operation 20054758 : EXECUTING
13:43:16 INFO  State of operation 20054758 : EXECUTING
13:43:19 INFO  State of operation 20054758 : EXECUTING
13:43:21 INFO  State of operation 20054758 : EXECUTING
13:43:24 INFO  State of operation 20054758 : EXECUTING
13:43:26 INFO  State of operation 20054758 : EXECUTING
13:43:28 INFO  State of operation 20054758 : EXECUTING
13:43:31 INFO  State of operation 20054758 : EXECUTING
13:43:33 INFO  State of operation 20054758 : EXECUTING
13:43:36 INFO  State of operation 20054758 : EXECUTING
13:43:38 INFO  State of operation 20054758 : EXECUTING
13:43:40 INFO  State of operation 20054758 : EXECUTING
13:43:43 INFO  State of operation 20054758 : SUCCESSFUL
13:43:43 INFO  Assert that (False == value) with value=False ... passed
13:43:43 INFO  Assert that (False == value) with value=False ... passed
13:43:43 INFO  Assert that (False == value) with value=False ... passed
13:43:44 INFO  Assert that (False == value) with value=False ... passed
13:43:44 INFO  
13:43:44 INFO  cleanup:
13:43:48 INFO  Executed sudo&lt;tedge_disconnect_c8y&gt;, exit status 0
13:43:49 INFO  Executed systemctl&lt;serv_mapper5&gt;, exit status 3
13:43:49 INFO  
13:43:49 INFO  Test duration: 182.43 secs
13:43:49 INFO  Test final outcome:  FAILED
13:43:49 INFO  Test outcome reason: Assert that (False == value) with value=True
13:43:49 INFO  
</system-out>
	</testcase>
</testsuite>
