<?xml version="1.0" encoding="utf-8"?>
<testsuite failures="1" name="SoftwareManagement.sm_apt_install_remove_multiple_mixed" skipped="0" tests="1" time="180.35" timestamp="2022-07-21T23:32:30">
	<testcase classname="PySysTest" name="SoftwareManagement.sm_apt_install_remove_multiple_mixed">
		<failure message="BLOCKED: SystemError: Timeout while waiting for status SUCCESSFUL or False" type="BLOCKED"/>
		<system-out>23:29:30 INFO  ==============================================================
23:29:30 INFO  Id:    SoftwareManagement.sm_apt_install_remove_multiple_mixed
23:29:30 INFO  Dir:   software_management_end_to_end/
23:29:30 INFO  Title: Validate end to end behaviour for the apt plugin for multiple packages with mixed versions
23:29:30 INFO  ==============================================================
23:29:30 INFO  Using sw id database: {'asciijump': '5475369', 'robotfindskitten': '5474869', 'squirrel3': '5475279', 'rolldice': '5152439', 'moon-buggy': '5439204', 'apple': '5495053', 'banana': '5494888', 'cherry': '5495382', 'watermelon': '5494510', 'registry': '8018911', 'hello-world': '8021526', 'docker/getting-started': '8021973', 'alpine': '7991792'}
23:29:30 INFO  EnvironmentC8y Setup
23:29:30 INFO  Executed systemctl&lt;serv_mapper1&gt;, exit status 3
23:29:30 INFO  Restarting mosquitto too frequently in the last 10 seconds. It was only up for 4 seconds
23:29:30 INFO  Delaying execution by 7 seconds
23:29:51 INFO  Executed sudo&lt;tedge_connect_c8y&gt;, exit status 0, duration 13 secs
23:29:52 INFO  Executed sudo&lt;tedge_connect_c8y_test&gt;, exit status 0
23:29:52 INFO  Executed systemctl&lt;serv_mosq2&gt;, exit status 0
23:29:53 INFO  Executed systemctl&lt;serv_mapper3&gt;, exit status 0
23:29:55 INFO  State of current operation: SUCCESSFUL
23:29:55 INFO  Assert that (False == value) with value=False ... passed
23:29:55 INFO  Assert that (False == value) with value=False ... passed
23:29:56 INFO  Assert that (False == value) with value=False ... passed
23:29:56 INFO  Assert that (False == value) with value=False ... passed
23:29:56 INFO  Assert that (False == value) with value=False ... passed
23:29:57 INFO  Response status: 201
23:29:57 INFO  Response to action: {
    &quot;creationTime&quot;: &quot;2022-07-21T23:29:57.751Z&quot;,
    &quot;deviceId&quot;: &quot;21166555&quot;,
    &quot;deviceName&quot;: &quot;m32sd10d&quot;,
    &quot;self&quot;: &quot;https://t493319102.eu-latest.cumulocity.com/devicecontrol/operations/21210607&quot;,
    &quot;id&quot;: &quot;21210607&quot;,
    &quot;status&quot;: &quot;PENDING&quot;,
    &quot;description&quot;: &quot;Apply software changes, triggered from PySys: [{'action': 'install', 'id': '5475369', 'name': 'asciijump', 'url': ' ', 'version': '::apt'}, {'action': 'install', 'id': '5474869', 'name': 'robotfindskitten', 'url': ' ', 'version': ' '}, {'action': 'install', 'id': '5475279', 'name': 'squirrel3', 'url': ' ', 'version': '3.1-7::apt'}, {'action': 'install', 'id': '5152439', 'name': 'rolldice', 'url': ' ', 'version': '1.16-1+b1'}, {'action': 'install', 'id': '5439204', 'name': 'moon-buggy', 'url': ' ', 'version': '1:1.0.51-12'}, {'action': 'install', 'id': '5475369', 'name': 'asciijump', 'url': ' ', 'version': '::apt'}]&quot;,
    &quot;c8y_SoftwareUpdate&quot;: [
        {
            &quot;name&quot;: &quot;asciijump&quot;,
            &quot;action&quot;: &quot;install&quot;,
            &quot;id&quot;: &quot;5475369&quot;,
            &quot;version&quot;: &quot;::apt&quot;,
            &quot;url&quot;: &quot; &quot;
        },
        {
            &quot;name&quot;: &quot;robotfindskitten&quot;,
            &quot;action&quot;: &quot;install&quot;,
            &quot;id&quot;: &quot;5474869&quot;,
            &quot;version&quot;: &quot; &quot;,
            &quot;url&quot;: &quot; &quot;
        },
        {
            &quot;name&quot;: &quot;squirrel3&quot;,
            &quot;action&quot;: &quot;install&quot;,
            &quot;id&quot;: &quot;5475279&quot;,
            &quot;version&quot;: &quot;3.1-7::apt&quot;,
            &quot;url&quot;: &quot; &quot;
        },
        {
            &quot;name&quot;: &quot;rolldice&quot;,
            &quot;action&quot;: &quot;install&quot;,
            &quot;id&quot;: &quot;5152439&quot;,
            &quot;version&quot;: &quot;1.16-1+b1&quot;,
            &quot;url&quot;: &quot; &quot;
        },
        {
            &quot;name&quot;: &quot;moon-buggy&quot;,
            &quot;action&quot;: &quot;install&quot;,
            &quot;id&quot;: &quot;5439204&quot;,
            &quot;version&quot;: &quot;1:1.0.51-12&quot;,
            &quot;url&quot;: &quot; &quot;
        },
        {
            &quot;name&quot;: &quot;asciijump&quot;,
            &quot;action&quot;: &quot;install&quot;,
            &quot;id&quot;: &quot;5475369&quot;,
            &quot;version&quot;: &quot;::apt&quot;,
            &quot;url&quot;: &quot; &quot;
        }
    ]
}
23:29:57 INFO  Started operation: {'creationTime': '2022-07-21T23:29:57.751Z', 'deviceId': '21166555', 'deviceName': 'm32sd10d', 'self': 'https://t493319102.eu-latest.cumulocity.com/devicecontrol/operations/21210607', 'id': '21210607', 'status': 'PENDING', 'description': &quot;Apply software changes, triggered from PySys: [{'action': 'install', 'id': '5475369', 'name': 'asciijump', 'url': ' ', 'version': '::apt'}, {'action': 'install', 'id': '5474869', 'name': 'robotfindskitten', 'url': ' ', 'version': ' '}, {'action': 'install', 'id': '5475279', 'name': 'squirrel3', 'url': ' ', 'version': '3.1-7::apt'}, {'action': 'install', 'id': '5152439', 'name': 'rolldice', 'url': ' ', 'version': '1.16-1+b1'}, {'action': 'install', 'id': '5439204', 'name': 'moon-buggy', 'url': ' ', 'version': '1:1.0.51-12'}, {'action': 'install', 'id': '5475369', 'name': 'asciijump', 'url': ' ', 'version': '::apt'}]&quot;, 'c8y_SoftwareUpdate': [{'name': 'asciijump', 'action': 'install', 'id': '5475369', 'version': '::apt', 'url': ' '}, {'name': 'robotfindskitten', 'action': 'install', 'id': '5474869', 'version': ' ', 'url': ' '}, {'name': 'squirrel3', 'action': 'install', 'id': '5475279', 'version': '3.1-7::apt', 'url': ' '}, {'name': 'rolldice', 'action': 'install', 'id': '5152439', 'version': '1.16-1+b1', 'url': ' '}, {'name': 'moon-buggy', 'action': 'install', 'id': '5439204', 'version': '1:1.0.51-12', 'url': ' '}, {'name': 'asciijump', 'action': 'install', 'id': '5475369', 'version': '::apt', 'url': ' '}]}
23:30:00 INFO  State of operation 21210607 : PENDING
23:30:02 INFO  State of operation 21210607 : EXECUTING
23:30:04 INFO  State of operation 21210607 : EXECUTING
23:30:06 INFO  State of operation 21210607 : EXECUTING
23:30:08 INFO  State of operation 21210607 : EXECUTING
23:30:11 INFO  State of operation 21210607 : EXECUTING
23:30:14 INFO  State of operation 21210607 : EXECUTING
23:30:16 INFO  State of operation 21210607 : EXECUTING
23:30:19 INFO  State of operation 21210607 : EXECUTING
23:30:21 INFO  State of operation 21210607 : EXECUTING
23:30:23 INFO  State of operation 21210607 : EXECUTING
23:30:25 INFO  State of operation 21210607 : EXECUTING
23:30:28 INFO  State of operation 21210607 : EXECUTING
23:30:30 INFO  State of operation 21210607 : EXECUTING
23:30:32 INFO  State of operation 21210607 : EXECUTING
23:30:34 INFO  State of operation 21210607 : EXECUTING
23:30:37 INFO  State of operation 21210607 : EXECUTING
23:30:39 INFO  State of operation 21210607 : EXECUTING
23:30:42 INFO  State of operation 21210607 : EXECUTING
23:30:44 INFO  State of operation 21210607 : EXECUTING
23:30:46 INFO  State of operation 21210607 : EXECUTING
23:30:49 INFO  State of operation 21210607 : EXECUTING
23:30:51 INFO  State of operation 21210607 : EXECUTING
23:30:54 INFO  State of operation 21210607 : EXECUTING
23:30:56 INFO  State of operation 21210607 : EXECUTING
23:30:59 INFO  State of operation 21210607 : EXECUTING
23:31:01 INFO  State of operation 21210607 : EXECUTING
23:31:04 INFO  State of operation 21210607 : EXECUTING
23:31:06 INFO  State of operation 21210607 : EXECUTING
23:31:08 INFO  State of operation 21210607 : EXECUTING
23:31:11 INFO  State of operation 21210607 : EXECUTING
23:31:13 INFO  State of operation 21210607 : EXECUTING
23:31:15 INFO  State of operation 21210607 : EXECUTING
23:31:17 INFO  State of operation 21210607 : EXECUTING
23:31:19 INFO  State of operation 21210607 : EXECUTING
23:31:22 INFO  State of operation 21210607 : EXECUTING
23:31:24 INFO  State of operation 21210607 : EXECUTING
23:31:27 INFO  State of operation 21210607 : EXECUTING
23:31:30 INFO  State of operation 21210607 : EXECUTING
23:31:33 INFO  State of operation 21210607 : EXECUTING
23:31:35 INFO  State of operation 21210607 : EXECUTING
23:31:37 INFO  State of operation 21210607 : EXECUTING
23:31:39 INFO  State of operation 21210607 : EXECUTING
23:31:42 INFO  State of operation 21210607 : EXECUTING
23:31:44 INFO  State of operation 21210607 : EXECUTING
23:31:46 INFO  State of operation 21210607 : EXECUTING
23:31:48 INFO  State of operation 21210607 : EXECUTING
23:31:51 INFO  State of operation 21210607 : EXECUTING
23:31:53 INFO  State of operation 21210607 : EXECUTING
23:31:56 INFO  State of operation 21210607 : EXECUTING
23:31:58 INFO  State of operation 21210607 : EXECUTING
23:32:00 INFO  State of operation 21210607 : EXECUTING
23:32:02 INFO  State of operation 21210607 : EXECUTING
23:32:05 INFO  State of operation 21210607 : EXECUTING
23:32:07 INFO  State of operation 21210607 : EXECUTING
23:32:10 INFO  State of operation 21210607 : EXECUTING
23:32:12 INFO  State of operation 21210607 : EXECUTING
23:32:15 INFO  State of operation 21210607 : EXECUTING
23:32:17 INFO  State of operation 21210607 : EXECUTING
23:32:20 INFO  State of operation 21210607 : EXECUTING
23:32:22 INFO  State of operation 21210607 : EXECUTING
23:32:24 WARN  SystemError occurred while running test - Timeout while waiting for status SUCCESSFUL or False
Traceback (most recent call last):
  File &quot;/home/pi/env-pysys/lib/python3.7/site-packages/pysys/baserunner.py&quot;, line 1294, in __call__
    self.testObj.execute()
  File &quot;/home/pi/actions-runner/_work/thin-edge.io/thin-edge.io/tests/PySys/software_management_end_to_end/sm_apt_install_remove_multiple_mixed/run.py&quot;, line 89, in execute
    self.wait_until_succcess()
  File &quot;/home/pi/actions-runner/_work/thin-edge.io/thin-edge.io/tests/PySys/software_management_end_to_end/environment_sm_management.py&quot;, line 324, in wait_until_succcess
    self.wait_until_status(&quot;SUCCESSFUL&quot;)
  File &quot;/home/pi/actions-runner/_work/thin-edge.io/thin-edge.io/tests/PySys/software_management_end_to_end/environment_sm_management.py&quot;, line 381, in wait_until_status
    &quot;Timeout while waiting for status %s or %s&quot; % (status, status2)
SystemError: Timeout while waiting for status SUCCESSFUL or False
23:32:25 WARN  SystemError: Timeout while waiting for status SUCCESSFUL or False ... blocked 
23:32:25 INFO  
23:32:25 INFO  cleanup:
23:32:30 INFO  Executed sudo&lt;tedge_disconnect_c8y&gt;, exit status 0
23:32:30 INFO  Executed systemctl&lt;serv_mapper5&gt;, exit status 3
23:32:30 INFO  
23:32:30 INFO  Test duration: 180.35 secs
23:32:30 INFO  Test final outcome:  BLOCKED
23:32:30 INFO  Test outcome reason: SystemError: Timeout while waiting for status SUCCESSFUL or False
23:32:30 INFO  
</system-out>
	</testcase>
</testsuite>
