<?xml version="1.0" encoding="utf-8"?>
<testsuite failures="0" name="apt_fail_noarg" skipped="0" tests="1" time="6.26" timestamp="2022-06-29T17:11:39">
	<testcase classname="AptPluginFailNoArg" name="apt_fail_noarg"/>
</testsuite>
