<?xml version="1.0" encoding="utf-8"?>
<testsuite failures="1" name="SoftwareManagement.sm_apt_install_download_path" skipped="0" tests="1" time="188.14" timestamp="2022-05-23T17:22:53">
	<testcase classname="AptInstallWithDownloadPath" name="SoftwareManagement.sm_apt_install_download_path">
		<failure message="BLOCKED: SystemError: Timeout while waiting for status FAILED or SUCCESSFUL" type="BLOCKED"/>
		<system-out>17:19:45 INFO  ==============================================================
17:19:45 INFO  Id:    SoftwareManagement.sm_apt_install_download_path
17:19:45 INFO  Dir:   software_management_end_to_end/
17:19:45 INFO  Title: Install package to directory specified in tedge config set tmp.path
17:19:45 INFO  ==============================================================
17:19:45 INFO  Using sw id database: {'asciijump': '5475369', 'robotfindskitten': '5474869', 'squirrel3': '5475279', 'rolldice': '5152439', 'moon-buggy': '5439204', 'apple': '5495053', 'banana': '5494888', 'cherry': '5495382', 'watermelon': '5494510', 'registry': '8018911', 'hello-world': '8021526', 'docker/getting-started': '8021973', 'alpine': '7991792'}
17:19:45 INFO  EnvironmentC8y Setup
17:19:45 INFO  Executed systemctl&lt;serv_mapper1&gt;, exit status 3
17:20:00 INFO  Executed sudo&lt;tedge_connect_c8y&gt;, exit status 0, duration 14 secs
17:20:02 INFO  Executed sudo&lt;tedge_connect_c8y_test&gt;, exit status 0
17:20:03 INFO  Executed systemctl&lt;serv_mosq2&gt;, exit status 0
17:20:03 INFO  Executed systemctl&lt;serv_mapper3&gt;, exit status 0
17:20:05 INFO  State of current operation: PENDING
17:20:08 INFO  State of current operation: PENDING
17:20:10 INFO  State of current operation: PENDING
17:20:12 INFO  State of current operation: PENDING
17:20:14 INFO  State of current operation: PENDING
17:20:16 INFO  State of current operation: PENDING
17:20:19 INFO  State of current operation: PENDING
17:20:21 INFO  State of current operation: PENDING
17:20:23 INFO  State of current operation: PENDING
17:20:25 INFO  State of current operation: PENDING
17:20:28 INFO  State of current operation: PENDING
17:20:30 INFO  State of current operation: PENDING
17:20:32 INFO  State of current operation: PENDING
17:20:34 INFO  State of current operation: PENDING
17:20:37 INFO  State of current operation: PENDING
17:20:39 INFO  State of current operation: PENDING
17:20:41 INFO  State of current operation: PENDING
17:20:43 INFO  State of current operation: PENDING
17:20:45 INFO  State of current operation: PENDING
17:20:48 INFO  State of current operation: PENDING
17:20:50 INFO  State of current operation: PENDING
17:20:52 INFO  State of current operation: PENDING
17:20:54 INFO  State of current operation: PENDING
17:20:57 INFO  State of current operation: PENDING
17:20:59 INFO  State of current operation: PENDING
17:21:01 INFO  State of current operation: PENDING
17:21:03 INFO  State of current operation: PENDING
17:21:06 INFO  State of current operation: PENDING
17:21:08 INFO  State of current operation: PENDING
17:21:10 INFO  State of current operation: PENDING
17:21:12 INFO  State of current operation: PENDING
17:21:14 INFO  State of current operation: PENDING
17:21:17 INFO  State of current operation: PENDING
17:21:19 INFO  State of current operation: PENDING
17:21:21 INFO  State of current operation: PENDING
17:21:23 INFO  State of current operation: PENDING
17:21:26 INFO  State of current operation: PENDING
17:21:28 INFO  State of current operation: PENDING
17:21:30 INFO  State of current operation: PENDING
17:21:32 INFO  State of current operation: PENDING
17:21:35 INFO  State of current operation: PENDING
17:21:37 INFO  State of current operation: PENDING
17:21:39 INFO  State of current operation: PENDING
17:21:41 INFO  State of current operation: PENDING
17:21:44 INFO  State of current operation: PENDING
17:21:46 INFO  State of current operation: PENDING
17:21:48 INFO  State of current operation: PENDING
17:21:50 INFO  State of current operation: PENDING
17:21:53 INFO  State of current operation: PENDING
17:21:55 INFO  State of current operation: PENDING
17:21:57 INFO  State of current operation: PENDING
17:21:59 INFO  State of current operation: PENDING
17:22:01 INFO  State of current operation: PENDING
17:22:04 INFO  State of current operation: PENDING
17:22:06 INFO  State of current operation: PENDING
17:22:08 INFO  State of current operation: PENDING
17:22:10 INFO  State of current operation: PENDING
17:22:13 INFO  State of current operation: PENDING
17:22:15 INFO  State of current operation: PENDING
17:22:17 INFO  State of current operation: PENDING
17:22:19 INFO  State of current operation: PENDING
17:22:21 WARN  SystemError occurred while running test - Timeout while waiting for status FAILED or SUCCESSFUL
Traceback (most recent call last):
  File &quot;/home/pi/env-pysys/lib/python3.7/site-packages/pysys/baserunner.py&quot;, line 1292, in __call__
    self.testObj.setup()
  File &quot;/home/pi/actions-runner/_work/thin-edge.io/thin-edge.io/tests/PySys/software_management_end_to_end/sm_apt_install_download_path/run.py&quot;, line 48, in setup
    super().setup()
  File &quot;/home/pi/actions-runner/_work/thin-edge.io/thin-edge.io/tests/PySys/software_management_end_to_end/environment_sm_management.py&quot;, line 151, in setup
    self.wait_until_end()
  File &quot;/home/pi/actions-runner/_work/thin-edge.io/thin-edge.io/tests/PySys/software_management_end_to_end/environment_sm_management.py&quot;, line 332, in wait_until_end
    self.wait_until_status(&quot;FAILED&quot;, &quot;SUCCESSFUL&quot;)
  File &quot;/home/pi/actions-runner/_work/thin-edge.io/thin-edge.io/tests/PySys/software_management_end_to_end/environment_sm_management.py&quot;, line 381, in wait_until_status
    &quot;Timeout while waiting for status %s or %s&quot; % (status, status2)
SystemError: Timeout while waiting for status FAILED or SUCCESSFUL
17:22:22 WARN  SystemError: Timeout while waiting for status FAILED or SUCCESSFUL ... blocked 
17:22:22 INFO  
17:22:22 INFO  cleanup:
17:22:22 INFO  Executed sudo, exit status 0
17:22:23 INFO  Executed sudo, exit status 0
17:22:27 INFO  Executed sudo&lt;tedge_disconnect_c8y&gt;, exit status 0
17:22:27 INFO  Restarting mosquitto too frequently in the last 10 seconds. It was only up for 4 seconds
17:22:27 INFO  Delaying execution by 7 seconds
17:22:48 INFO  Executed sudo&lt;tedge_connect_c8y&gt;, exit status 0, duration 14 secs
17:22:52 INFO  Executed sudo&lt;tedge_disconnect_c8y&gt;, exit status 0
17:22:53 INFO  Executed systemctl&lt;serv_mapper5&gt;, exit status 3
17:22:53 INFO  
17:22:53 INFO  Test duration: 188.14 secs
17:22:53 INFO  Test final outcome:  BLOCKED
17:22:53 INFO  Test outcome reason: SystemError: Timeout while waiting for status FAILED or SUCCESSFUL
17:22:53 INFO  
</system-out>
	</testcase>
</testsuite>
