<?xml version="1.0" encoding="utf-8"?>
<testsuite failures="1" name="SoftwareManagement.sm_apt_install_fail" skipped="0" tests="1" time="168.34" timestamp="2022-05-24T11:21:53">
	<testcase classname="PySysTest" name="SoftwareManagement.sm_apt_install_fail">
		<failure message="BLOCKED: SystemError: Timeout while waiting for status FAILED or SUCCESSFUL" type="BLOCKED"/>
		<system-out>11:19:05 INFO  ==============================================================
11:19:05 INFO  Id:    SoftwareManagement.sm_apt_install_fail
11:19:05 INFO  Dir:   software_management_end_to_end/
11:19:05 INFO  Title: Validate end to end behaviour for a failing installation
11:19:05 INFO  ==============================================================
11:19:05 INFO  Using sw id database: {'asciijump': '5475369', 'robotfindskitten': '5474869', 'squirrel3': '5475279', 'rolldice': '5152439', 'moon-buggy': '5439204', 'apple': '5495053', 'banana': '5494888', 'cherry': '5495382', 'watermelon': '5494510', 'registry': '8018911', 'hello-world': '8021526', 'docker/getting-started': '8021973', 'alpine': '7991792'}
11:19:05 INFO  EnvironmentC8y Setup
11:19:06 INFO  Executed systemctl&lt;serv_mapper1&gt;, exit status 3
11:19:06 INFO  Restarting mosquitto too frequently in the last 10 seconds. It was only up for 4 seconds
11:19:06 INFO  Delaying execution by 7 seconds
11:19:26 INFO  Executed sudo&lt;tedge_connect_c8y&gt;, exit status 0, duration 13 secs
11:19:27 INFO  Executed sudo&lt;tedge_connect_c8y_test&gt;, exit status 0
11:19:28 INFO  Executed systemctl&lt;serv_mosq2&gt;, exit status 0
11:19:28 INFO  Executed systemctl&lt;serv_mapper3&gt;, exit status 0
11:19:30 INFO  State of current operation: PENDING
11:19:33 INFO  State of current operation: PENDING
11:19:35 INFO  State of current operation: PENDING
11:19:37 INFO  State of current operation: PENDING
11:19:39 INFO  State of current operation: PENDING
11:19:41 INFO  State of current operation: PENDING
11:19:44 INFO  State of current operation: PENDING
11:19:46 INFO  State of current operation: PENDING
11:19:48 INFO  State of current operation: PENDING
11:19:51 INFO  State of current operation: PENDING
11:19:53 INFO  State of current operation: PENDING
11:19:55 INFO  State of current operation: PENDING
11:19:57 INFO  State of current operation: PENDING
11:20:00 INFO  State of current operation: PENDING
11:20:02 INFO  State of current operation: PENDING
11:20:04 INFO  State of current operation: PENDING
11:20:06 INFO  State of current operation: PENDING
11:20:09 INFO  State of current operation: PENDING
11:20:11 INFO  State of current operation: PENDING
11:20:13 INFO  State of current operation: PENDING
11:20:15 INFO  State of current operation: PENDING
11:20:18 INFO  State of current operation: PENDING
11:20:20 INFO  State of current operation: PENDING
11:20:22 INFO  State of current operation: PENDING
11:20:25 INFO  State of current operation: PENDING
11:20:27 INFO  State of current operation: PENDING
11:20:29 INFO  State of current operation: PENDING
11:20:33 INFO  State of current operation: PENDING
11:20:35 INFO  State of current operation: PENDING
11:20:37 INFO  State of current operation: PENDING
11:20:39 INFO  State of current operation: PENDING
11:20:41 INFO  State of current operation: PENDING
11:20:44 INFO  State of current operation: PENDING
11:20:46 INFO  State of current operation: PENDING
11:20:48 INFO  State of current operation: PENDING
11:20:50 INFO  State of current operation: PENDING
11:20:53 INFO  State of current operation: PENDING
11:20:55 INFO  State of current operation: PENDING
11:20:57 INFO  State of current operation: PENDING
11:21:00 INFO  State of current operation: PENDING
11:21:02 INFO  State of current operation: PENDING
11:21:04 INFO  State of current operation: PENDING
11:21:06 INFO  State of current operation: PENDING
11:21:09 INFO  State of current operation: PENDING
11:21:11 INFO  State of current operation: PENDING
11:21:13 INFO  State of current operation: PENDING
11:21:15 INFO  State of current operation: PENDING
11:21:18 INFO  State of current operation: PENDING
11:21:20 INFO  State of current operation: PENDING
11:21:22 INFO  State of current operation: PENDING
11:21:24 INFO  State of current operation: PENDING
11:21:27 INFO  State of current operation: PENDING
11:21:29 INFO  State of current operation: PENDING
11:21:31 INFO  State of current operation: PENDING
11:21:33 INFO  State of current operation: PENDING
11:21:35 INFO  State of current operation: PENDING
11:21:38 INFO  State of current operation: PENDING
11:21:40 INFO  State of current operation: PENDING
11:21:42 INFO  State of current operation: PENDING
11:21:44 INFO  State of current operation: PENDING
11:21:47 INFO  State of current operation: PENDING
11:21:49 WARN  SystemError occurred while running test - Timeout while waiting for status FAILED or SUCCESSFUL
Traceback (most recent call last):
  File &quot;/home/pi/env-pysys/lib/python3.7/site-packages/pysys/baserunner.py&quot;, line 1292, in __call__
    self.testObj.setup()
  File &quot;/home/pi/actions-runner/_work/thin-edge.io/thin-edge.io/tests/PySys/software_management_end_to_end/sm_apt_install_fail/run.py&quot;, line 20, in setup
    super().setup()
  File &quot;/home/pi/actions-runner/_work/thin-edge.io/thin-edge.io/tests/PySys/software_management_end_to_end/environment_sm_management.py&quot;, line 151, in setup
    self.wait_until_end()
  File &quot;/home/pi/actions-runner/_work/thin-edge.io/thin-edge.io/tests/PySys/software_management_end_to_end/environment_sm_management.py&quot;, line 332, in wait_until_end
    self.wait_until_status(&quot;FAILED&quot;, &quot;SUCCESSFUL&quot;)
  File &quot;/home/pi/actions-runner/_work/thin-edge.io/thin-edge.io/tests/PySys/software_management_end_to_end/environment_sm_management.py&quot;, line 381, in wait_until_status
    &quot;Timeout while waiting for status %s or %s&quot; % (status, status2)
SystemError: Timeout while waiting for status FAILED or SUCCESSFUL
11:21:49 WARN  SystemError: Timeout while waiting for status FAILED or SUCCESSFUL ... blocked 
11:21:49 INFO  
11:21:49 INFO  cleanup:
11:21:53 INFO  Executed sudo&lt;tedge_disconnect_c8y&gt;, exit status 0
11:21:53 INFO  Executed systemctl&lt;serv_mapper5&gt;, exit status 3
11:21:53 INFO  
11:21:53 INFO  Test duration: 168.34 secs
11:21:53 INFO  Test final outcome:  BLOCKED
11:21:53 INFO  Test outcome reason: SystemError: Timeout while waiting for status FAILED or SUCCESSFUL
11:21:53 INFO  
</system-out>
	</testcase>
</testsuite>
