<?xml version="1.0" encoding="utf-8"?>
<testsuite failures="1" name="SoftwareManagement.sm_apt_install_remove_multiple" skipped="0" tests="1" time="178.44" timestamp="2022-07-19T14:23:32">
	<testcase classname="PySysTest" name="SoftwareManagement.sm_apt_install_remove_multiple">
		<failure message="FAILED: Assert that (False == value) with value=True" type="FAILED"/>
		<system-out>14:20:33 INFO  ==============================================================
14:20:33 INFO  Id:    SoftwareManagement.sm_apt_install_remove_multiple
14:20:33 INFO  Dir:   software_management_end_to_end/
14:20:33 INFO  Title: Validate end to end behaviour for the apt plugin for multiple packages
14:20:33 INFO  ==============================================================
14:20:33 INFO  Using sw id database: {'asciijump': '5475369', 'robotfindskitten': '5474869', 'squirrel3': '5475279', 'rolldice': '5152439', 'moon-buggy': '5439204', 'apple': '5495053', 'banana': '5494888', 'cherry': '5495382', 'watermelon': '5494510', 'registry': '8018911', 'hello-world': '8021526', 'docker/getting-started': '8021973', 'alpine': '7991792'}
14:20:33 INFO  EnvironmentC8y Setup
14:20:34 INFO  Executed systemctl&lt;serv_mapper1&gt;, exit status 3
14:20:34 INFO  Restarting mosquitto too frequently in the last 10 seconds. It was only up for 5 seconds
14:20:34 INFO  Delaying execution by 6 seconds
14:20:54 INFO  Executed sudo&lt;tedge_connect_c8y&gt;, exit status 0, duration 13 secs
14:20:54 INFO  Executed sudo&lt;tedge_connect_c8y_test&gt;, exit status 0
14:20:55 INFO  Executed systemctl&lt;serv_mosq2&gt;, exit status 0
14:20:55 INFO  Executed systemctl&lt;serv_mapper3&gt;, exit status 0
14:20:58 INFO  State of current operation: SUCCESSFUL
14:20:58 INFO  Assert that (False == value) with value=False ... passed
14:20:58 INFO  Assert that (False == value) with value=False ... passed
14:20:58 INFO  Assert that (False == value) with value=False ... passed
14:20:58 INFO  Package robotfindskitten is installed
14:20:58 WARN  Assert that (False == value) with value=True ... failed 
14:20:59 INFO  Response status: 201
14:20:59 INFO  Response to action: {
    &quot;creationTime&quot;: &quot;2022-07-19T14:20:59.114Z&quot;,
    &quot;deviceId&quot;: &quot;21039781&quot;,
    &quot;deviceName&quot;: &quot;m32sd10d&quot;,
    &quot;self&quot;: &quot;https://t493319102.eu-latest.cumulocity.com/devicecontrol/operations/21054933&quot;,
    &quot;id&quot;: &quot;21054933&quot;,
    &quot;status&quot;: &quot;PENDING&quot;,
    &quot;description&quot;: &quot;Apply software changes, triggered from PySys: [{'action': 'install', 'id': '5475369', 'name': 'asciijump', 'url': ' ', 'version': '::apt'}, {'action': 'install', 'id': '5474869', 'name': 'robotfindskitten', 'url': ' ', 'version': '::apt'}, {'action': 'install', 'id': '5475279', 'name': 'squirrel3', 'url': ' ', 'version': '::apt'}]&quot;,
    &quot;c8y_SoftwareUpdate&quot;: [
        {
            &quot;name&quot;: &quot;asciijump&quot;,
            &quot;action&quot;: &quot;install&quot;,
            &quot;id&quot;: &quot;5475369&quot;,
            &quot;version&quot;: &quot;::apt&quot;,
            &quot;url&quot;: &quot; &quot;
        },
        {
            &quot;name&quot;: &quot;robotfindskitten&quot;,
            &quot;action&quot;: &quot;install&quot;,
            &quot;id&quot;: &quot;5474869&quot;,
            &quot;version&quot;: &quot;::apt&quot;,
            &quot;url&quot;: &quot; &quot;
        },
        {
            &quot;name&quot;: &quot;squirrel3&quot;,
            &quot;action&quot;: &quot;install&quot;,
            &quot;id&quot;: &quot;5475279&quot;,
            &quot;version&quot;: &quot;::apt&quot;,
            &quot;url&quot;: &quot; &quot;
        }
    ]
}
14:20:59 INFO  Started operation: {'creationTime': '2022-07-19T14:20:59.114Z', 'deviceId': '21039781', 'deviceName': 'm32sd10d', 'self': 'https://t493319102.eu-latest.cumulocity.com/devicecontrol/operations/21054933', 'id': '21054933', 'status': 'PENDING', 'description': &quot;Apply software changes, triggered from PySys: [{'action': 'install', 'id': '5475369', 'name': 'asciijump', 'url': ' ', 'version': '::apt'}, {'action': 'install', 'id': '5474869', 'name': 'robotfindskitten', 'url': ' ', 'version': '::apt'}, {'action': 'install', 'id': '5475279', 'name': 'squirrel3', 'url': ' ', 'version': '::apt'}]&quot;, 'c8y_SoftwareUpdate': [{'name': 'asciijump', 'action': 'install', 'id': '5475369', 'version': '::apt', 'url': ' '}, {'name': 'robotfindskitten', 'action': 'install', 'id': '5474869', 'version': '::apt', 'url': ' '}, {'name': 'squirrel3', 'action': 'install', 'id': '5475279', 'version': '::apt', 'url': ' '}]}
14:21:01 INFO  State of operation 21054933 : PENDING
14:21:03 INFO  State of operation 21054933 : EXECUTING
14:21:05 INFO  State of operation 21054933 : EXECUTING
14:21:08 INFO  State of operation 21054933 : EXECUTING
14:21:10 INFO  State of operation 21054933 : EXECUTING
14:21:12 INFO  State of operation 21054933 : EXECUTING
14:21:15 INFO  State of operation 21054933 : EXECUTING
14:21:18 INFO  State of operation 21054933 : EXECUTING
14:21:20 INFO  State of operation 21054933 : EXECUTING
14:21:22 INFO  State of operation 21054933 : EXECUTING
14:21:24 INFO  State of operation 21054933 : EXECUTING
14:21:27 INFO  State of operation 21054933 : EXECUTING
14:21:29 INFO  State of operation 21054933 : EXECUTING
14:21:31 INFO  State of operation 21054933 : EXECUTING
14:21:33 INFO  State of operation 21054933 : EXECUTING
14:21:36 INFO  State of operation 21054933 : EXECUTING
14:21:38 INFO  State of operation 21054933 : EXECUTING
14:21:41 INFO  State of operation 21054933 : EXECUTING
14:21:43 INFO  State of operation 21054933 : EXECUTING
14:21:45 INFO  State of operation 21054933 : EXECUTING
14:21:48 INFO  State of operation 21054933 : EXECUTING
14:21:50 INFO  State of operation 21054933 : EXECUTING
14:21:53 INFO  State of operation 21054933 : EXECUTING
14:21:56 INFO  State of operation 21054933 : EXECUTING
14:21:58 INFO  State of operation 21054933 : EXECUTING
14:22:01 INFO  State of operation 21054933 : EXECUTING
14:22:03 INFO  State of operation 21054933 : EXECUTING
14:22:06 INFO  State of operation 21054933 : EXECUTING
14:22:08 INFO  State of operation 21054933 : EXECUTING
14:22:10 INFO  State of operation 21054933 : EXECUTING
14:22:13 INFO  State of operation 21054933 : EXECUTING
14:22:15 INFO  State of operation 21054933 : EXECUTING
14:22:17 INFO  State of operation 21054933 : EXECUTING
14:22:19 INFO  State of operation 21054933 : SUCCESSFUL
14:22:20 INFO  Assert that (False == value) with value=False ... passed
14:22:20 INFO  Package asciijump is installed
14:22:20 INFO  Assert that (True == value) with value=True ... passed
14:22:20 INFO  Package squirrel3 is installed
14:22:20 INFO  Assert that (True == value) with value=True ... passed
14:22:20 INFO  Package robotfindskitten is installed
14:22:20 INFO  Assert that (True == value) with value=True ... passed
14:22:20 INFO  Response status: 201
14:22:20 INFO  Response to action: {
    &quot;creationTime&quot;: &quot;2022-07-19T14:22:20.897Z&quot;,
    &quot;deviceId&quot;: &quot;21039781&quot;,
    &quot;deviceName&quot;: &quot;m32sd10d&quot;,
    &quot;self&quot;: &quot;https://t493319102.eu-latest.cumulocity.com/devicecontrol/operations/21054941&quot;,
    &quot;id&quot;: &quot;21054941&quot;,
    &quot;status&quot;: &quot;PENDING&quot;,
    &quot;description&quot;: &quot;Apply software changes, triggered from PySys: [{'action': 'delete', 'id': '5475369', 'name': 'asciijump', 'url': ' ', 'version': '::apt'}, {'action': 'delete', 'id': '5474869', 'name': 'robotfindskitten', 'url': ' ', 'version': '::apt'}, {'action': 'delete', 'id': '5475279', 'name': 'squirrel3', 'url': ' ', 'version': '::apt'}]&quot;,
    &quot;c8y_SoftwareUpdate&quot;: [
        {
            &quot;name&quot;: &quot;asciijump&quot;,
            &quot;action&quot;: &quot;delete&quot;,
            &quot;id&quot;: &quot;5475369&quot;,
            &quot;version&quot;: &quot;::apt&quot;,
            &quot;url&quot;: &quot; &quot;
        },
        {
            &quot;name&quot;: &quot;robotfindskitten&quot;,
            &quot;action&quot;: &quot;delete&quot;,
            &quot;id&quot;: &quot;5474869&quot;,
            &quot;version&quot;: &quot;::apt&quot;,
            &quot;url&quot;: &quot; &quot;
        },
        {
            &quot;name&quot;: &quot;squirrel3&quot;,
            &quot;action&quot;: &quot;delete&quot;,
            &quot;id&quot;: &quot;5475279&quot;,
            &quot;version&quot;: &quot;::apt&quot;,
            &quot;url&quot;: &quot; &quot;
        }
    ]
}
14:22:20 INFO  Started operation: {'creationTime': '2022-07-19T14:22:20.897Z', 'deviceId': '21039781', 'deviceName': 'm32sd10d', 'self': 'https://t493319102.eu-latest.cumulocity.com/devicecontrol/operations/21054941', 'id': '21054941', 'status': 'PENDING', 'description': &quot;Apply software changes, triggered from PySys: [{'action': 'delete', 'id': '5475369', 'name': 'asciijump', 'url': ' ', 'version': '::apt'}, {'action': 'delete', 'id': '5474869', 'name': 'robotfindskitten', 'url': ' ', 'version': '::apt'}, {'action': 'delete', 'id': '5475279', 'name': 'squirrel3', 'url': ' ', 'version': '::apt'}]&quot;, 'c8y_SoftwareUpdate': [{'name': 'asciijump', 'action': 'delete', 'id': '5475369', 'version': '::apt', 'url': ' '}, {'name': 'robotfindskitten', 'action': 'delete', 'id': '5474869', 'version': '::apt', 'url': ' '}, {'name': 'squirrel3', 'action': 'delete', 'id': '5475279', 'version': '::apt', 'url': ' '}]}
14:22:23 INFO  State of operation 21054941 : PENDING
14:22:25 INFO  State of operation 21054941 : EXECUTING
14:22:27 INFO  State of operation 21054941 : EXECUTING
14:22:29 INFO  State of operation 21054941 : EXECUTING
14:22:32 INFO  State of operation 21054941 : EXECUTING
14:22:34 INFO  State of operation 21054941 : EXECUTING
14:22:37 INFO  State of operation 21054941 : EXECUTING
14:22:39 INFO  State of operation 21054941 : EXECUTING
14:22:42 INFO  State of operation 21054941 : EXECUTING
14:22:44 INFO  State of operation 21054941 : EXECUTING
14:22:46 INFO  State of operation 21054941 : EXECUTING
14:22:49 INFO  State of operation 21054941 : EXECUTING
14:22:51 INFO  State of operation 21054941 : EXECUTING
14:22:53 INFO  State of operation 21054941 : EXECUTING
14:22:55 INFO  State of operation 21054941 : EXECUTING
14:22:58 INFO  State of operation 21054941 : EXECUTING
14:23:00 INFO  State of operation 21054941 : EXECUTING
14:23:03 INFO  State of operation 21054941 : EXECUTING
14:23:05 INFO  State of operation 21054941 : EXECUTING
14:23:08 INFO  State of operation 21054941 : EXECUTING
14:23:10 INFO  State of operation 21054941 : EXECUTING
14:23:12 INFO  State of operation 21054941 : EXECUTING
14:23:14 INFO  State of operation 21054941 : EXECUTING
14:23:16 INFO  State of operation 21054941 : EXECUTING
14:23:19 INFO  State of operation 21054941 : EXECUTING
14:23:22 INFO  State of operation 21054941 : EXECUTING
14:23:24 INFO  State of operation 21054941 : EXECUTING
14:23:26 INFO  State of operation 21054941 : SUCCESSFUL
14:23:26 INFO  Assert that (False == value) with value=False ... passed
14:23:27 INFO  Assert that (False == value) with value=False ... passed
14:23:27 INFO  Assert that (False == value) with value=False ... passed
14:23:27 INFO  Assert that (False == value) with value=False ... passed
14:23:27 INFO  
14:23:27 INFO  cleanup:
14:23:31 INFO  Executed sudo&lt;tedge_disconnect_c8y&gt;, exit status 0
14:23:32 INFO  Executed systemctl&lt;serv_mapper5&gt;, exit status 3
14:23:32 INFO  
14:23:32 INFO  Test duration: 178.44 secs
14:23:32 INFO  Test final outcome:  FAILED
14:23:32 INFO  Test outcome reason: Assert that (False == value) with value=True
14:23:32 INFO  
</system-out>
	</testcase>
</testsuite>
