<?xml version="1.0" encoding="utf-8"?>
<testsuite failures="1" name="SoftwareManagement.sm_apt_install_remove_multiple" skipped="0" tests="1" time="179.98" timestamp="2022-07-21T21:59:25">
	<testcase classname="PySysTest" name="SoftwareManagement.sm_apt_install_remove_multiple">
		<failure message="FAILED: Assert that (False == value) with value=True" type="FAILED"/>
		<system-out>21:56:25 INFO  ==============================================================
21:56:25 INFO  Id:    SoftwareManagement.sm_apt_install_remove_multiple
21:56:25 INFO  Dir:   software_management_end_to_end/
21:56:25 INFO  Title: Validate end to end behaviour for the apt plugin for multiple packages
21:56:25 INFO  ==============================================================
21:56:25 INFO  Using sw id database: {'asciijump': '5475369', 'robotfindskitten': '5474869', 'squirrel3': '5475279', 'rolldice': '5152439', 'moon-buggy': '5439204', 'apple': '5495053', 'banana': '5494888', 'cherry': '5495382', 'watermelon': '5494510', 'registry': '8018911', 'hello-world': '8021526', 'docker/getting-started': '8021973', 'alpine': '7991792'}
21:56:25 INFO  EnvironmentC8y Setup
21:56:26 INFO  Executed systemctl&lt;serv_mapper1&gt;, exit status 3
21:56:26 INFO  Restarting mosquitto too frequently in the last 10 seconds. It was only up for 5 seconds
21:56:26 INFO  Delaying execution by 6 seconds
21:56:46 INFO  Executed sudo&lt;tedge_connect_c8y&gt;, exit status 0, duration 14 secs
21:56:47 INFO  Executed sudo&lt;tedge_connect_c8y_test&gt;, exit status 0
21:56:47 INFO  Executed systemctl&lt;serv_mosq2&gt;, exit status 0
21:56:48 INFO  Executed systemctl&lt;serv_mapper3&gt;, exit status 0
21:56:50 INFO  State of current operation: SUCCESSFUL
21:56:50 INFO  Assert that (False == value) with value=False ... passed
21:56:50 INFO  Assert that (False == value) with value=False ... passed
21:56:51 INFO  Assert that (False == value) with value=False ... passed
21:56:51 INFO  Package robotfindskitten is installed
21:56:51 WARN  Assert that (False == value) with value=True ... failed 
21:56:51 INFO  Response status: 201
21:56:51 INFO  Response to action: {
    &quot;creationTime&quot;: &quot;2022-07-21T21:56:51.603Z&quot;,
    &quot;deviceId&quot;: &quot;21166555&quot;,
    &quot;deviceName&quot;: &quot;m32sd10d&quot;,
    &quot;self&quot;: &quot;https://t493319102.eu-latest.cumulocity.com/devicecontrol/operations/21191875&quot;,
    &quot;id&quot;: &quot;21191875&quot;,
    &quot;status&quot;: &quot;PENDING&quot;,
    &quot;description&quot;: &quot;Apply software changes, triggered from PySys: [{'action': 'install', 'id': '5475369', 'name': 'asciijump', 'url': ' ', 'version': '::apt'}, {'action': 'install', 'id': '5474869', 'name': 'robotfindskitten', 'url': ' ', 'version': '::apt'}, {'action': 'install', 'id': '5475279', 'name': 'squirrel3', 'url': ' ', 'version': '::apt'}]&quot;,
    &quot;c8y_SoftwareUpdate&quot;: [
        {
            &quot;name&quot;: &quot;asciijump&quot;,
            &quot;action&quot;: &quot;install&quot;,
            &quot;id&quot;: &quot;5475369&quot;,
            &quot;version&quot;: &quot;::apt&quot;,
            &quot;url&quot;: &quot; &quot;
        },
        {
            &quot;name&quot;: &quot;robotfindskitten&quot;,
            &quot;action&quot;: &quot;install&quot;,
            &quot;id&quot;: &quot;5474869&quot;,
            &quot;version&quot;: &quot;::apt&quot;,
            &quot;url&quot;: &quot; &quot;
        },
        {
            &quot;name&quot;: &quot;squirrel3&quot;,
            &quot;action&quot;: &quot;install&quot;,
            &quot;id&quot;: &quot;5475279&quot;,
            &quot;version&quot;: &quot;::apt&quot;,
            &quot;url&quot;: &quot; &quot;
        }
    ]
}
21:56:51 INFO  Started operation: {'creationTime': '2022-07-21T21:56:51.603Z', 'deviceId': '21166555', 'deviceName': 'm32sd10d', 'self': 'https://t493319102.eu-latest.cumulocity.com/devicecontrol/operations/21191875', 'id': '21191875', 'status': 'PENDING', 'description': &quot;Apply software changes, triggered from PySys: [{'action': 'install', 'id': '5475369', 'name': 'asciijump', 'url': ' ', 'version': '::apt'}, {'action': 'install', 'id': '5474869', 'name': 'robotfindskitten', 'url': ' ', 'version': '::apt'}, {'action': 'install', 'id': '5475279', 'name': 'squirrel3', 'url': ' ', 'version': '::apt'}]&quot;, 'c8y_SoftwareUpdate': [{'name': 'asciijump', 'action': 'install', 'id': '5475369', 'version': '::apt', 'url': ' '}, {'name': 'robotfindskitten', 'action': 'install', 'id': '5474869', 'version': '::apt', 'url': ' '}, {'name': 'squirrel3', 'action': 'install', 'id': '5475279', 'version': '::apt', 'url': ' '}]}
21:56:53 INFO  State of operation 21191875 : PENDING
21:56:56 INFO  State of operation 21191875 : EXECUTING
21:56:58 INFO  State of operation 21191875 : EXECUTING
21:57:00 INFO  State of operation 21191875 : EXECUTING
21:57:02 INFO  State of operation 21191875 : EXECUTING
21:57:05 INFO  State of operation 21191875 : EXECUTING
21:57:07 INFO  State of operation 21191875 : EXECUTING
21:57:10 INFO  State of operation 21191875 : EXECUTING
21:57:13 INFO  State of operation 21191875 : EXECUTING
21:57:15 INFO  State of operation 21191875 : EXECUTING
21:57:17 INFO  State of operation 21191875 : EXECUTING
21:57:19 INFO  State of operation 21191875 : EXECUTING
21:57:22 INFO  State of operation 21191875 : EXECUTING
21:57:24 INFO  State of operation 21191875 : EXECUTING
21:57:26 INFO  State of operation 21191875 : EXECUTING
21:57:28 INFO  State of operation 21191875 : EXECUTING
21:57:31 INFO  State of operation 21191875 : EXECUTING
21:57:33 INFO  State of operation 21191875 : EXECUTING
21:57:36 INFO  State of operation 21191875 : EXECUTING
21:57:38 INFO  State of operation 21191875 : EXECUTING
21:57:40 INFO  State of operation 21191875 : EXECUTING
21:57:43 INFO  State of operation 21191875 : EXECUTING
21:57:45 INFO  State of operation 21191875 : EXECUTING
21:57:48 INFO  State of operation 21191875 : EXECUTING
21:57:50 INFO  State of operation 21191875 : EXECUTING
21:57:53 INFO  State of operation 21191875 : EXECUTING
21:57:55 INFO  State of operation 21191875 : EXECUTING
21:57:58 INFO  State of operation 21191875 : EXECUTING
21:58:00 INFO  State of operation 21191875 : EXECUTING
21:58:03 INFO  State of operation 21191875 : EXECUTING
21:58:05 INFO  State of operation 21191875 : EXECUTING
21:58:07 INFO  State of operation 21191875 : EXECUTING
21:58:10 INFO  State of operation 21191875 : EXECUTING
21:58:12 INFO  State of operation 21191875 : SUCCESSFUL
21:58:12 INFO  Assert that (False == value) with value=False ... passed
21:58:12 INFO  Package asciijump is installed
21:58:12 INFO  Assert that (True == value) with value=True ... passed
21:58:12 INFO  Package squirrel3 is installed
21:58:12 INFO  Assert that (True == value) with value=True ... passed
21:58:13 INFO  Package robotfindskitten is installed
21:58:13 INFO  Assert that (True == value) with value=True ... passed
21:58:13 INFO  Response status: 201
21:58:13 INFO  Response to action: {
    &quot;creationTime&quot;: &quot;2022-07-21T21:58:13.535Z&quot;,
    &quot;deviceId&quot;: &quot;21166555&quot;,
    &quot;deviceName&quot;: &quot;m32sd10d&quot;,
    &quot;self&quot;: &quot;https://t493319102.eu-latest.cumulocity.com/devicecontrol/operations/21191877&quot;,
    &quot;id&quot;: &quot;21191877&quot;,
    &quot;status&quot;: &quot;PENDING&quot;,
    &quot;description&quot;: &quot;Apply software changes, triggered from PySys: [{'action': 'delete', 'id': '5475369', 'name': 'asciijump', 'url': ' ', 'version': '::apt'}, {'action': 'delete', 'id': '5474869', 'name': 'robotfindskitten', 'url': ' ', 'version': '::apt'}, {'action': 'delete', 'id': '5475279', 'name': 'squirrel3', 'url': ' ', 'version': '::apt'}]&quot;,
    &quot;c8y_SoftwareUpdate&quot;: [
        {
            &quot;name&quot;: &quot;asciijump&quot;,
            &quot;action&quot;: &quot;delete&quot;,
            &quot;id&quot;: &quot;5475369&quot;,
            &quot;version&quot;: &quot;::apt&quot;,
            &quot;url&quot;: &quot; &quot;
        },
        {
            &quot;name&quot;: &quot;robotfindskitten&quot;,
            &quot;action&quot;: &quot;delete&quot;,
            &quot;id&quot;: &quot;5474869&quot;,
            &quot;version&quot;: &quot;::apt&quot;,
            &quot;url&quot;: &quot; &quot;
        },
        {
            &quot;name&quot;: &quot;squirrel3&quot;,
            &quot;action&quot;: &quot;delete&quot;,
            &quot;id&quot;: &quot;5475279&quot;,
            &quot;version&quot;: &quot;::apt&quot;,
            &quot;url&quot;: &quot; &quot;
        }
    ]
}
21:58:13 INFO  Started operation: {'creationTime': '2022-07-21T21:58:13.535Z', 'deviceId': '21166555', 'deviceName': 'm32sd10d', 'self': 'https://t493319102.eu-latest.cumulocity.com/devicecontrol/operations/21191877', 'id': '21191877', 'status': 'PENDING', 'description': &quot;Apply software changes, triggered from PySys: [{'action': 'delete', 'id': '5475369', 'name': 'asciijump', 'url': ' ', 'version': '::apt'}, {'action': 'delete', 'id': '5474869', 'name': 'robotfindskitten', 'url': ' ', 'version': '::apt'}, {'action': 'delete', 'id': '5475279', 'name': 'squirrel3', 'url': ' ', 'version': '::apt'}]&quot;, 'c8y_SoftwareUpdate': [{'name': 'asciijump', 'action': 'delete', 'id': '5475369', 'version': '::apt', 'url': ' '}, {'name': 'robotfindskitten', 'action': 'delete', 'id': '5474869', 'version': '::apt', 'url': ' '}, {'name': 'squirrel3', 'action': 'delete', 'id': '5475279', 'version': '::apt', 'url': ' '}]}
21:58:15 INFO  State of operation 21191877 : PENDING
21:58:18 INFO  State of operation 21191877 : EXECUTING
21:58:20 INFO  State of operation 21191877 : EXECUTING
21:58:22 INFO  State of operation 21191877 : EXECUTING
21:58:24 INFO  State of operation 21191877 : EXECUTING
21:58:26 INFO  State of operation 21191877 : EXECUTING
21:58:29 INFO  State of operation 21191877 : EXECUTING
21:58:32 INFO  State of operation 21191877 : EXECUTING
21:58:35 INFO  State of operation 21191877 : EXECUTING
21:58:37 INFO  State of operation 21191877 : EXECUTING
21:58:39 INFO  State of operation 21191877 : EXECUTING
21:58:41 INFO  State of operation 21191877 : EXECUTING
21:58:44 INFO  State of operation 21191877 : EXECUTING
21:58:46 INFO  State of operation 21191877 : EXECUTING
21:58:48 INFO  State of operation 21191877 : EXECUTING
21:58:51 INFO  State of operation 21191877 : EXECUTING
21:58:53 INFO  State of operation 21191877 : EXECUTING
21:58:56 INFO  State of operation 21191877 : EXECUTING
21:58:58 INFO  State of operation 21191877 : EXECUTING
21:59:00 INFO  State of operation 21191877 : EXECUTING
21:59:02 INFO  State of operation 21191877 : EXECUTING
21:59:05 INFO  State of operation 21191877 : EXECUTING
21:59:07 INFO  State of operation 21191877 : EXECUTING
21:59:10 INFO  State of operation 21191877 : EXECUTING
21:59:12 INFO  State of operation 21191877 : EXECUTING
21:59:15 INFO  State of operation 21191877 : EXECUTING
21:59:17 INFO  State of operation 21191877 : EXECUTING
21:59:19 INFO  State of operation 21191877 : SUCCESSFUL
21:59:20 INFO  Assert that (False == value) with value=False ... passed
21:59:20 INFO  Assert that (False == value) with value=False ... passed
21:59:20 INFO  Assert that (False == value) with value=False ... passed
21:59:20 INFO  Assert that (False == value) with value=False ... passed
21:59:20 INFO  
21:59:20 INFO  cleanup:
21:59:24 INFO  Executed sudo&lt;tedge_disconnect_c8y&gt;, exit status 0
21:59:25 INFO  Executed systemctl&lt;serv_mapper5&gt;, exit status 3
21:59:25 INFO  
21:59:25 INFO  Test duration: 179.98 secs
21:59:25 INFO  Test final outcome:  FAILED
21:59:25 INFO  Test outcome reason: Assert that (False == value) with value=True
21:59:25 INFO  
</system-out>
	</testcase>
</testsuite>
