<?xml version="1.0" encoding="utf-8"?>
<testsuite failures="1" name="SoftwareManagement.sm_apt_install_remove_multiple" skipped="0" tests="1" time="178.59" timestamp="2022-06-22T16:33:43">
	<testcase classname="PySysTest" name="SoftwareManagement.sm_apt_install_remove_multiple">
		<failure message="FAILED: Assert that (False == value) with value=True" type="FAILED"/>
		<system-out>16:30:44 INFO  ==============================================================
16:30:44 INFO  Id:    SoftwareManagement.sm_apt_install_remove_multiple
16:30:44 INFO  Dir:   software_management_end_to_end/
16:30:44 INFO  Title: Validate end to end behaviour for the apt plugin for multiple packages
16:30:44 INFO  ==============================================================
16:30:44 INFO  Using sw id database: {'asciijump': '5475369', 'robotfindskitten': '5474869', 'squirrel3': '5475279', 'rolldice': '5152439', 'moon-buggy': '5439204', 'apple': '5495053', 'banana': '5494888', 'cherry': '5495382', 'watermelon': '5494510', 'registry': '8018911', 'hello-world': '8021526', 'docker/getting-started': '8021973', 'alpine': '7991792'}
16:30:44 INFO  EnvironmentC8y Setup
16:30:45 INFO  Executed systemctl&lt;serv_mapper1&gt;, exit status 3
16:30:45 INFO  Restarting mosquitto too frequently in the last 10 seconds. It was only up for 5 seconds
16:30:45 INFO  Delaying execution by 6 seconds
16:31:04 INFO  Executed sudo&lt;tedge_connect_c8y&gt;, exit status 0, duration 13 secs
16:31:05 INFO  Executed sudo&lt;tedge_connect_c8y_test&gt;, exit status 0
16:31:06 INFO  Executed systemctl&lt;serv_mosq2&gt;, exit status 0
16:31:06 INFO  Executed systemctl&lt;serv_mapper3&gt;, exit status 0
16:31:08 INFO  State of current operation: SUCCESSFUL
16:31:09 INFO  Assert that (False == value) with value=False ... passed
16:31:09 INFO  Assert that (False == value) with value=False ... passed
16:31:09 INFO  Assert that (False == value) with value=False ... passed
16:31:09 INFO  Package robotfindskitten is installed
16:31:09 WARN  Assert that (False == value) with value=True ... failed 
16:31:09 INFO  Response status: 201
16:31:09 INFO  Response to action: {
    &quot;creationTime&quot;: &quot;2022-06-22T16:31:09.934Z&quot;,
    &quot;deviceName&quot;: &quot;m32sd10d&quot;,
    &quot;deviceId&quot;: &quot;20418361&quot;,
    &quot;self&quot;: &quot;https://t493319102.eu-latest.cumulocity.com/devicecontrol/operations/20427361&quot;,
    &quot;id&quot;: &quot;20427361&quot;,
    &quot;status&quot;: &quot;PENDING&quot;,
    &quot;description&quot;: &quot;Apply software changes, triggered from PySys: [{'action': 'install', 'id': '5475369', 'name': 'asciijump', 'url': ' ', 'version': '::apt'}, {'action': 'install', 'id': '5474869', 'name': 'robotfindskitten', 'url': ' ', 'version': '::apt'}, {'action': 'install', 'id': '5475279', 'name': 'squirrel3', 'url': ' ', 'version': '::apt'}]&quot;,
    &quot;c8y_SoftwareUpdate&quot;: [
        {
            &quot;name&quot;: &quot;asciijump&quot;,
            &quot;action&quot;: &quot;install&quot;,
            &quot;id&quot;: &quot;5475369&quot;,
            &quot;version&quot;: &quot;::apt&quot;,
            &quot;url&quot;: &quot; &quot;
        },
        {
            &quot;name&quot;: &quot;robotfindskitten&quot;,
            &quot;action&quot;: &quot;install&quot;,
            &quot;id&quot;: &quot;5474869&quot;,
            &quot;version&quot;: &quot;::apt&quot;,
            &quot;url&quot;: &quot; &quot;
        },
        {
            &quot;name&quot;: &quot;squirrel3&quot;,
            &quot;action&quot;: &quot;install&quot;,
            &quot;id&quot;: &quot;5475279&quot;,
            &quot;version&quot;: &quot;::apt&quot;,
            &quot;url&quot;: &quot; &quot;
        }
    ]
}
16:31:09 INFO  Started operation: {'creationTime': '2022-06-22T16:31:09.934Z', 'deviceName': 'm32sd10d', 'deviceId': '20418361', 'self': 'https://t493319102.eu-latest.cumulocity.com/devicecontrol/operations/20427361', 'id': '20427361', 'status': 'PENDING', 'description': &quot;Apply software changes, triggered from PySys: [{'action': 'install', 'id': '5475369', 'name': 'asciijump', 'url': ' ', 'version': '::apt'}, {'action': 'install', 'id': '5474869', 'name': 'robotfindskitten', 'url': ' ', 'version': '::apt'}, {'action': 'install', 'id': '5475279', 'name': 'squirrel3', 'url': ' ', 'version': '::apt'}]&quot;, 'c8y_SoftwareUpdate': [{'name': 'asciijump', 'action': 'install', 'id': '5475369', 'version': '::apt', 'url': ' '}, {'name': 'robotfindskitten', 'action': 'install', 'id': '5474869', 'version': '::apt', 'url': ' '}, {'name': 'squirrel3', 'action': 'install', 'id': '5475279', 'version': '::apt', 'url': ' '}]}
16:31:12 INFO  State of operation 20427361 : PENDING
16:31:14 INFO  State of operation 20427361 : EXECUTING
16:31:16 INFO  State of operation 20427361 : EXECUTING
16:31:18 INFO  State of operation 20427361 : EXECUTING
16:31:21 INFO  State of operation 20427361 : EXECUTING
16:31:23 INFO  State of operation 20427361 : EXECUTING
16:31:26 INFO  State of operation 20427361 : EXECUTING
16:31:28 INFO  State of operation 20427361 : EXECUTING
16:31:31 INFO  State of operation 20427361 : EXECUTING
16:31:33 INFO  State of operation 20427361 : EXECUTING
16:31:35 INFO  State of operation 20427361 : EXECUTING
16:31:37 INFO  State of operation 20427361 : EXECUTING
16:31:40 INFO  State of operation 20427361 : EXECUTING
16:31:42 INFO  State of operation 20427361 : EXECUTING
16:31:44 INFO  State of operation 20427361 : EXECUTING
16:31:46 INFO  State of operation 20427361 : EXECUTING
16:31:49 INFO  State of operation 20427361 : EXECUTING
16:31:52 INFO  State of operation 20427361 : EXECUTING
16:31:54 INFO  State of operation 20427361 : EXECUTING
16:31:56 INFO  State of operation 20427361 : EXECUTING
16:31:58 INFO  State of operation 20427361 : EXECUTING
16:32:01 INFO  State of operation 20427361 : EXECUTING
16:32:03 INFO  State of operation 20427361 : EXECUTING
16:32:06 INFO  State of operation 20427361 : EXECUTING
16:32:08 INFO  State of operation 20427361 : EXECUTING
16:32:11 INFO  State of operation 20427361 : EXECUTING
16:32:13 INFO  State of operation 20427361 : EXECUTING
16:32:16 INFO  State of operation 20427361 : EXECUTING
16:32:18 INFO  State of operation 20427361 : EXECUTING
16:32:21 INFO  State of operation 20427361 : EXECUTING
16:32:23 INFO  State of operation 20427361 : EXECUTING
16:32:25 INFO  State of operation 20427361 : EXECUTING
16:32:28 INFO  State of operation 20427361 : EXECUTING
16:32:30 INFO  State of operation 20427361 : SUCCESSFUL
16:32:30 INFO  Assert that (False == value) with value=False ... passed
16:32:31 INFO  Package asciijump is installed
16:32:31 INFO  Assert that (True == value) with value=True ... passed
16:32:31 INFO  Package squirrel3 is installed
16:32:31 INFO  Assert that (True == value) with value=True ... passed
16:32:31 INFO  Package robotfindskitten is installed
16:32:31 INFO  Assert that (True == value) with value=True ... passed
16:32:31 INFO  Response status: 201
16:32:31 INFO  Response to action: {
    &quot;creationTime&quot;: &quot;2022-06-22T16:32:31.650Z&quot;,
    &quot;deviceName&quot;: &quot;m32sd10d&quot;,
    &quot;deviceId&quot;: &quot;20418361&quot;,
    &quot;self&quot;: &quot;https://t493319102.eu-latest.cumulocity.com/devicecontrol/operations/20427372&quot;,
    &quot;id&quot;: &quot;20427372&quot;,
    &quot;status&quot;: &quot;PENDING&quot;,
    &quot;description&quot;: &quot;Apply software changes, triggered from PySys: [{'action': 'delete', 'id': '5475369', 'name': 'asciijump', 'url': ' ', 'version': '::apt'}, {'action': 'delete', 'id': '5474869', 'name': 'robotfindskitten', 'url': ' ', 'version': '::apt'}, {'action': 'delete', 'id': '5475279', 'name': 'squirrel3', 'url': ' ', 'version': '::apt'}]&quot;,
    &quot;c8y_SoftwareUpdate&quot;: [
        {
            &quot;name&quot;: &quot;asciijump&quot;,
            &quot;action&quot;: &quot;delete&quot;,
            &quot;id&quot;: &quot;5475369&quot;,
            &quot;version&quot;: &quot;::apt&quot;,
            &quot;url&quot;: &quot; &quot;
        },
        {
            &quot;name&quot;: &quot;robotfindskitten&quot;,
            &quot;action&quot;: &quot;delete&quot;,
            &quot;id&quot;: &quot;5474869&quot;,
            &quot;version&quot;: &quot;::apt&quot;,
            &quot;url&quot;: &quot; &quot;
        },
        {
            &quot;name&quot;: &quot;squirrel3&quot;,
            &quot;action&quot;: &quot;delete&quot;,
            &quot;id&quot;: &quot;5475279&quot;,
            &quot;version&quot;: &quot;::apt&quot;,
            &quot;url&quot;: &quot; &quot;
        }
    ]
}
16:32:31 INFO  Started operation: {'creationTime': '2022-06-22T16:32:31.650Z', 'deviceName': 'm32sd10d', 'deviceId': '20418361', 'self': 'https://t493319102.eu-latest.cumulocity.com/devicecontrol/operations/20427372', 'id': '20427372', 'status': 'PENDING', 'description': &quot;Apply software changes, triggered from PySys: [{'action': 'delete', 'id': '5475369', 'name': 'asciijump', 'url': ' ', 'version': '::apt'}, {'action': 'delete', 'id': '5474869', 'name': 'robotfindskitten', 'url': ' ', 'version': '::apt'}, {'action': 'delete', 'id': '5475279', 'name': 'squirrel3', 'url': ' ', 'version': '::apt'}]&quot;, 'c8y_SoftwareUpdate': [{'name': 'asciijump', 'action': 'delete', 'id': '5475369', 'version': '::apt', 'url': ' '}, {'name': 'robotfindskitten', 'action': 'delete', 'id': '5474869', 'version': '::apt', 'url': ' '}, {'name': 'squirrel3', 'action': 'delete', 'id': '5475279', 'version': '::apt', 'url': ' '}]}
16:32:33 INFO  State of operation 20427372 : PENDING
16:32:36 INFO  State of operation 20427372 : EXECUTING
16:32:38 INFO  State of operation 20427372 : EXECUTING
16:32:40 INFO  State of operation 20427372 : EXECUTING
16:32:42 INFO  State of operation 20427372 : EXECUTING
16:32:45 INFO  State of operation 20427372 : EXECUTING
16:32:47 INFO  State of operation 20427372 : EXECUTING
16:32:50 INFO  State of operation 20427372 : EXECUTING
16:32:53 INFO  State of operation 20427372 : EXECUTING
16:32:55 INFO  State of operation 20427372 : EXECUTING
16:32:57 INFO  State of operation 20427372 : EXECUTING
16:33:00 INFO  State of operation 20427372 : EXECUTING
16:33:02 INFO  State of operation 20427372 : EXECUTING
16:33:04 INFO  State of operation 20427372 : EXECUTING
16:33:06 INFO  State of operation 20427372 : EXECUTING
16:33:09 INFO  State of operation 20427372 : EXECUTING
16:33:11 INFO  State of operation 20427372 : EXECUTING
16:33:14 INFO  State of operation 20427372 : EXECUTING
16:33:16 INFO  State of operation 20427372 : EXECUTING
16:33:18 INFO  State of operation 20427372 : EXECUTING
16:33:21 INFO  State of operation 20427372 : EXECUTING
16:33:23 INFO  State of operation 20427372 : EXECUTING
16:33:25 INFO  State of operation 20427372 : EXECUTING
16:33:27 INFO  State of operation 20427372 : EXECUTING
16:33:30 INFO  State of operation 20427372 : EXECUTING
16:33:32 INFO  State of operation 20427372 : EXECUTING
16:33:35 INFO  State of operation 20427372 : EXECUTING
16:33:37 INFO  State of operation 20427372 : SUCCESSFUL
16:33:37 INFO  Assert that (False == value) with value=False ... passed
16:33:37 INFO  Assert that (False == value) with value=False ... passed
16:33:38 INFO  Assert that (False == value) with value=False ... passed
16:33:38 INFO  Assert that (False == value) with value=False ... passed
16:33:38 INFO  
16:33:38 INFO  cleanup:
16:33:42 INFO  Executed sudo&lt;tedge_disconnect_c8y&gt;, exit status 0
16:33:43 INFO  Executed systemctl&lt;serv_mapper5&gt;, exit status 3
16:33:43 INFO  
16:33:43 INFO  Test duration: 178.59 secs
16:33:43 INFO  Test final outcome:  FAILED
16:33:43 INFO  Test outcome reason: Assert that (False == value) with value=True
16:33:43 INFO  
</system-out>
	</testcase>
</testsuite>
