<?xml version="1.0" encoding="utf-8"?>
<testsuite failures="1" name="SoftwareManagement.sm_apt_install_remove_multiple" skipped="0" tests="1" time="166.05" timestamp="2022-05-23T09:15:09">
	<testcase classname="PySysTest" name="SoftwareManagement.sm_apt_install_remove_multiple">
		<failure message="BLOCKED: SystemError: Timeout while waiting for status FAILED or SUCCESSFUL" type="BLOCKED"/>
		<system-out>09:12:23 INFO  ==============================================================
09:12:23 INFO  Id:    SoftwareManagement.sm_apt_install_remove_multiple
09:12:23 INFO  Dir:   software_management_end_to_end/
09:12:23 INFO  Title: Validate end to end behaviour for the apt plugin for multiple packages
09:12:23 INFO  ==============================================================
09:12:23 INFO  Using sw id database: {'asciijump': '5475369', 'robotfindskitten': '5474869', 'squirrel3': '5475279', 'rolldice': '5152439', 'moon-buggy': '5439204', 'apple': '5495053', 'banana': '5494888', 'cherry': '5495382', 'watermelon': '5494510', 'registry': '8018911', 'hello-world': '8021526', 'docker/getting-started': '8021973', 'alpine': '7991792'}
09:12:23 INFO  EnvironmentC8y Setup
09:12:24 INFO  Executed systemctl&lt;serv_mapper1&gt;, exit status 3
09:12:24 INFO  Restarting mosquitto too frequently in the last 10 seconds. It was only up for 5 seconds
09:12:24 INFO  Delaying execution by 6 seconds
09:12:44 INFO  Executed sudo&lt;tedge_connect_c8y&gt;, exit status 0, duration 14 secs
09:12:45 INFO  Executed sudo&lt;tedge_connect_c8y_test&gt;, exit status 0
09:12:45 INFO  Executed systemctl&lt;serv_mosq2&gt;, exit status 0
09:12:46 INFO  Executed systemctl&lt;serv_mapper3&gt;, exit status 0
09:12:48 INFO  State of current operation: PENDING
09:12:50 INFO  State of current operation: PENDING
09:12:53 INFO  State of current operation: PENDING
09:12:55 INFO  State of current operation: PENDING
09:12:57 INFO  State of current operation: PENDING
09:12:59 INFO  State of current operation: PENDING
09:13:01 INFO  State of current operation: PENDING
09:13:04 INFO  State of current operation: PENDING
09:13:06 INFO  State of current operation: PENDING
09:13:08 INFO  State of current operation: PENDING
09:13:10 INFO  State of current operation: PENDING
09:13:13 INFO  State of current operation: PENDING
09:13:15 INFO  State of current operation: PENDING
09:13:17 INFO  State of current operation: PENDING
09:13:19 INFO  State of current operation: PENDING
09:13:21 INFO  State of current operation: PENDING
09:13:24 INFO  State of current operation: PENDING
09:13:26 INFO  State of current operation: PENDING
09:13:28 INFO  State of current operation: PENDING
09:13:30 INFO  State of current operation: PENDING
09:13:33 INFO  State of current operation: PENDING
09:13:35 INFO  State of current operation: PENDING
09:13:37 INFO  State of current operation: PENDING
09:13:39 INFO  State of current operation: PENDING
09:13:42 INFO  State of current operation: PENDING
09:13:44 INFO  State of current operation: PENDING
09:13:46 INFO  State of current operation: PENDING
09:13:48 INFO  State of current operation: PENDING
09:13:51 INFO  State of current operation: PENDING
09:13:53 INFO  State of current operation: PENDING
09:13:55 INFO  State of current operation: PENDING
09:13:57 INFO  State of current operation: PENDING
09:14:00 INFO  State of current operation: PENDING
09:14:02 INFO  State of current operation: PENDING
09:14:04 INFO  State of current operation: PENDING
09:14:07 INFO  State of current operation: PENDING
09:14:09 INFO  State of current operation: PENDING
09:14:11 INFO  State of current operation: PENDING
09:14:13 INFO  State of current operation: PENDING
09:14:15 INFO  State of current operation: PENDING
09:14:18 INFO  State of current operation: PENDING
09:14:20 INFO  State of current operation: PENDING
09:14:22 INFO  State of current operation: PENDING
09:14:24 INFO  State of current operation: PENDING
09:14:27 INFO  State of current operation: PENDING
09:14:29 INFO  State of current operation: PENDING
09:14:31 INFO  State of current operation: PENDING
09:14:33 INFO  State of current operation: PENDING
09:14:36 INFO  State of current operation: PENDING
09:14:38 INFO  State of current operation: PENDING
09:14:40 INFO  State of current operation: PENDING
09:14:42 INFO  State of current operation: PENDING
09:14:44 INFO  State of current operation: PENDING
09:14:47 INFO  State of current operation: PENDING
09:14:49 INFO  State of current operation: PENDING
09:14:51 INFO  State of current operation: PENDING
09:14:53 INFO  State of current operation: PENDING
09:14:56 INFO  State of current operation: PENDING
09:14:58 INFO  State of current operation: PENDING
09:15:00 INFO  State of current operation: PENDING
09:15:02 INFO  State of current operation: PENDING
09:15:04 WARN  SystemError occurred while running test - Timeout while waiting for status FAILED or SUCCESSFUL
Traceback (most recent call last):
  File &quot;/home/pi/env-pysys/lib/python3.7/site-packages/pysys/baserunner.py&quot;, line 1292, in __call__
    self.testObj.setup()
  File &quot;/home/pi/actions-runner/_work/thin-edge.io/thin-edge.io/tests/PySys/software_management_end_to_end/sm_apt_install_remove_multiple/run.py&quot;, line 52, in setup
    super().setup()
  File &quot;/home/pi/actions-runner/_work/thin-edge.io/thin-edge.io/tests/PySys/software_management_end_to_end/environment_sm_management.py&quot;, line 151, in setup
    self.wait_until_end()
  File &quot;/home/pi/actions-runner/_work/thin-edge.io/thin-edge.io/tests/PySys/software_management_end_to_end/environment_sm_management.py&quot;, line 332, in wait_until_end
    self.wait_until_status(&quot;FAILED&quot;, &quot;SUCCESSFUL&quot;)
  File &quot;/home/pi/actions-runner/_work/thin-edge.io/thin-edge.io/tests/PySys/software_management_end_to_end/environment_sm_management.py&quot;, line 381, in wait_until_status
    &quot;Timeout while waiting for status %s or %s&quot; % (status, status2)
SystemError: Timeout while waiting for status FAILED or SUCCESSFUL
09:15:04 WARN  SystemError: Timeout while waiting for status FAILED or SUCCESSFUL ... blocked 
09:15:04 INFO  
09:15:04 INFO  cleanup:
09:15:09 INFO  Executed sudo&lt;tedge_disconnect_c8y&gt;, exit status 0
09:15:09 INFO  Executed systemctl&lt;serv_mapper5&gt;, exit status 3
09:15:09 INFO  
09:15:09 INFO  Test duration: 166.05 secs
09:15:09 INFO  Test final outcome:  BLOCKED
09:15:09 INFO  Test outcome reason: SystemError: Timeout while waiting for status FAILED or SUCCESSFUL
09:15:09 INFO  
</system-out>
	</testcase>
</testsuite>
