<?xml version="1.0" encoding="utf-8"?>
<testsuite failures="1" name="SoftwareManagement.sm_apt_install_remove_with_version" skipped="0" tests="1" time="165.95" timestamp="2022-06-02T09:26:32">
	<testcase classname="PySysTest" name="SoftwareManagement.sm_apt_install_remove_with_version">
		<failure message="BLOCKED: SystemError: Timeout while waiting for status FAILED or SUCCESSFUL" type="BLOCKED"/>
		<system-out>09:23:46 INFO  ==============================================================
09:23:46 INFO  Id:    SoftwareManagement.sm_apt_install_remove_with_version
09:23:46 INFO  Dir:   software_management_end_to_end/
09:23:46 INFO  Title: Validate end to end behaviour for the apt plugin for packages with version
09:23:46 INFO  ==============================================================
09:23:46 INFO  Using sw id database: {'asciijump': '5475369', 'robotfindskitten': '5474869', 'squirrel3': '5475279', 'rolldice': '5152439', 'moon-buggy': '5439204', 'apple': '5495053', 'banana': '5494888', 'cherry': '5495382', 'watermelon': '5494510', 'registry': '8018911', 'hello-world': '8021526', 'docker/getting-started': '8021973', 'alpine': '7991792'}
09:23:46 INFO  EnvironmentC8y Setup
09:23:47 INFO  Executed systemctl&lt;serv_mapper1&gt;, exit status 3
09:23:47 INFO  Restarting mosquitto too frequently in the last 10 seconds. It was only up for 5 seconds
09:23:47 INFO  Delaying execution by 6 seconds
09:24:06 INFO  Executed sudo&lt;tedge_connect_c8y&gt;, exit status 0, duration 13 secs
09:24:07 INFO  Executed sudo&lt;tedge_connect_c8y_test&gt;, exit status 0
09:24:07 INFO  Executed systemctl&lt;serv_mosq2&gt;, exit status 0
09:24:08 INFO  Executed systemctl&lt;serv_mapper3&gt;, exit status 0
09:24:10 INFO  State of current operation: PENDING
09:24:13 INFO  State of current operation: PENDING
09:24:15 INFO  State of current operation: PENDING
09:24:17 INFO  State of current operation: PENDING
09:24:19 INFO  State of current operation: PENDING
09:24:22 INFO  State of current operation: PENDING
09:24:24 INFO  State of current operation: PENDING
09:24:26 INFO  State of current operation: PENDING
09:24:28 INFO  State of current operation: PENDING
09:24:30 INFO  State of current operation: PENDING
09:24:33 INFO  State of current operation: PENDING
09:24:35 INFO  State of current operation: PENDING
09:24:37 INFO  State of current operation: PENDING
09:24:39 INFO  State of current operation: PENDING
09:24:42 INFO  State of current operation: PENDING
09:24:44 INFO  State of current operation: PENDING
09:24:46 INFO  State of current operation: PENDING
09:24:48 INFO  State of current operation: PENDING
09:24:51 INFO  State of current operation: PENDING
09:24:53 INFO  State of current operation: PENDING
09:24:55 INFO  State of current operation: PENDING
09:24:57 INFO  State of current operation: PENDING
09:25:00 INFO  State of current operation: PENDING
09:25:02 INFO  State of current operation: PENDING
09:25:04 INFO  State of current operation: PENDING
09:25:06 INFO  State of current operation: PENDING
09:25:09 INFO  State of current operation: PENDING
09:25:11 INFO  State of current operation: PENDING
09:25:13 INFO  State of current operation: PENDING
09:25:15 INFO  State of current operation: PENDING
09:25:18 INFO  State of current operation: PENDING
09:25:20 INFO  State of current operation: PENDING
09:25:23 INFO  State of current operation: PENDING
09:25:25 INFO  State of current operation: PENDING
09:25:27 INFO  State of current operation: PENDING
09:25:29 INFO  State of current operation: PENDING
09:25:32 INFO  State of current operation: PENDING
09:25:34 INFO  State of current operation: PENDING
09:25:36 INFO  State of current operation: PENDING
09:25:38 INFO  State of current operation: PENDING
09:25:41 INFO  State of current operation: PENDING
09:25:43 INFO  State of current operation: PENDING
09:25:45 INFO  State of current operation: PENDING
09:25:47 INFO  State of current operation: PENDING
09:25:50 INFO  State of current operation: PENDING
09:25:52 INFO  State of current operation: PENDING
09:25:54 INFO  State of current operation: PENDING
09:25:56 INFO  State of current operation: PENDING
09:25:58 INFO  State of current operation: PENDING
09:26:01 INFO  State of current operation: PENDING
09:26:03 INFO  State of current operation: PENDING
09:26:05 INFO  State of current operation: PENDING
09:26:07 INFO  State of current operation: PENDING
09:26:10 INFO  State of current operation: PENDING
09:26:12 INFO  State of current operation: PENDING
09:26:14 INFO  State of current operation: PENDING
09:26:16 INFO  State of current operation: PENDING
09:26:19 INFO  State of current operation: PENDING
09:26:21 INFO  State of current operation: PENDING
09:26:23 INFO  State of current operation: PENDING
09:26:25 INFO  State of current operation: PENDING
09:26:27 WARN  SystemError occurred while running test - Timeout while waiting for status FAILED or SUCCESSFUL
Traceback (most recent call last):
  File &quot;/home/pi/env-pysys/lib/python3.7/site-packages/pysys/baserunner.py&quot;, line 1292, in __call__
    self.testObj.setup()
  File &quot;/home/pi/actions-runner/_work/thin-edge.io/thin-edge.io/tests/PySys/software_management_end_to_end/sm_apt_install_remove_with_version/run.py&quot;, line 27, in setup
    super().setup()
  File &quot;/home/pi/actions-runner/_work/thin-edge.io/thin-edge.io/tests/PySys/software_management_end_to_end/environment_sm_management.py&quot;, line 151, in setup
    self.wait_until_end()
  File &quot;/home/pi/actions-runner/_work/thin-edge.io/thin-edge.io/tests/PySys/software_management_end_to_end/environment_sm_management.py&quot;, line 332, in wait_until_end
    self.wait_until_status(&quot;FAILED&quot;, &quot;SUCCESSFUL&quot;)
  File &quot;/home/pi/actions-runner/_work/thin-edge.io/thin-edge.io/tests/PySys/software_management_end_to_end/environment_sm_management.py&quot;, line 381, in wait_until_status
    &quot;Timeout while waiting for status %s or %s&quot; % (status, status2)
SystemError: Timeout while waiting for status FAILED or SUCCESSFUL
09:26:27 WARN  SystemError: Timeout while waiting for status FAILED or SUCCESSFUL ... blocked 
09:26:27 INFO  
09:26:27 INFO  cleanup:
09:26:31 INFO  Executed sudo&lt;tedge_disconnect_c8y&gt;, exit status 0
09:26:32 INFO  Executed systemctl&lt;serv_mapper5&gt;, exit status 3
09:26:32 INFO  
09:26:32 INFO  Test duration: 165.95 secs
09:26:32 INFO  Test final outcome:  BLOCKED
09:26:32 INFO  Test outcome reason: SystemError: Timeout while waiting for status FAILED or SUCCESSFUL
09:26:32 INFO  
</system-out>
	</testcase>
</testsuite>
