<?xml version="1.0" encoding="utf-8"?>
<testsuite failures="1" name="SoftwareManagement.sm_apt_install_remove_multiple" skipped="0" tests="1" time="178.89" timestamp="2022-07-26T08:01:37">
	<testcase classname="PySysTest" name="SoftwareManagement.sm_apt_install_remove_multiple">
		<failure message="FAILED: Assert that (False == value) with value=True" type="FAILED"/>
		<system-out>07:58:38 INFO  ==============================================================
07:58:38 INFO  Id:    SoftwareManagement.sm_apt_install_remove_multiple
07:58:38 INFO  Dir:   software_management_end_to_end/
07:58:38 INFO  Title: Validate end to end behaviour for the apt plugin for multiple packages
07:58:38 INFO  ==============================================================
07:58:38 INFO  Using sw id database: {'asciijump': '5475369', 'robotfindskitten': '5474869', 'squirrel3': '5475279', 'rolldice': '5152439', 'moon-buggy': '5439204', 'apple': '5495053', 'banana': '5494888', 'cherry': '5495382', 'watermelon': '5494510', 'registry': '8018911', 'hello-world': '8021526', 'docker/getting-started': '8021973', 'alpine': '7991792'}
07:58:38 INFO  EnvironmentC8y Setup
07:58:39 INFO  Executed systemctl&lt;serv_mapper1&gt;, exit status 3
07:58:39 INFO  Restarting mosquitto too frequently in the last 10 seconds. It was only up for 5 seconds
07:58:39 INFO  Delaying execution by 6 seconds
07:58:59 INFO  Executed sudo&lt;tedge_connect_c8y&gt;, exit status 0, duration 13 secs
07:58:59 INFO  Executed sudo&lt;tedge_connect_c8y_test&gt;, exit status 0
07:59:00 INFO  Executed systemctl&lt;serv_mosq2&gt;, exit status 0
07:59:00 INFO  Executed systemctl&lt;serv_mapper3&gt;, exit status 0
07:59:02 INFO  State of current operation: SUCCESSFUL
07:59:03 INFO  Assert that (False == value) with value=False ... passed
07:59:03 INFO  Assert that (False == value) with value=False ... passed
07:59:03 INFO  Assert that (False == value) with value=False ... passed
07:59:03 INFO  Package robotfindskitten is installed
07:59:03 WARN  Assert that (False == value) with value=True ... failed 
07:59:04 INFO  Response status: 201
07:59:04 INFO  Response to action: {
    &quot;creationTime&quot;: &quot;2022-07-26T07:59:04.055Z&quot;,
    &quot;deviceId&quot;: &quot;21413442&quot;,
    &quot;deviceName&quot;: &quot;m32sd10d&quot;,
    &quot;self&quot;: &quot;https://t493319102.eu-latest.cumulocity.com/devicecontrol/operations/21434500&quot;,
    &quot;id&quot;: &quot;21434500&quot;,
    &quot;status&quot;: &quot;PENDING&quot;,
    &quot;description&quot;: &quot;Apply software changes, triggered from PySys: [{'action': 'install', 'id': '5475369', 'name': 'asciijump', 'url': ' ', 'version': '::apt'}, {'action': 'install', 'id': '5474869', 'name': 'robotfindskitten', 'url': ' ', 'version': '::apt'}, {'action': 'install', 'id': '5475279', 'name': 'squirrel3', 'url': ' ', 'version': '::apt'}]&quot;,
    &quot;c8y_SoftwareUpdate&quot;: [
        {
            &quot;name&quot;: &quot;asciijump&quot;,
            &quot;action&quot;: &quot;install&quot;,
            &quot;id&quot;: &quot;5475369&quot;,
            &quot;version&quot;: &quot;::apt&quot;,
            &quot;url&quot;: &quot; &quot;
        },
        {
            &quot;name&quot;: &quot;robotfindskitten&quot;,
            &quot;action&quot;: &quot;install&quot;,
            &quot;id&quot;: &quot;5474869&quot;,
            &quot;version&quot;: &quot;::apt&quot;,
            &quot;url&quot;: &quot; &quot;
        },
        {
            &quot;name&quot;: &quot;squirrel3&quot;,
            &quot;action&quot;: &quot;install&quot;,
            &quot;id&quot;: &quot;5475279&quot;,
            &quot;version&quot;: &quot;::apt&quot;,
            &quot;url&quot;: &quot; &quot;
        }
    ]
}
07:59:04 INFO  Started operation: {'creationTime': '2022-07-26T07:59:04.055Z', 'deviceId': '21413442', 'deviceName': 'm32sd10d', 'self': 'https://t493319102.eu-latest.cumulocity.com/devicecontrol/operations/21434500', 'id': '21434500', 'status': 'PENDING', 'description': &quot;Apply software changes, triggered from PySys: [{'action': 'install', 'id': '5475369', 'name': 'asciijump', 'url': ' ', 'version': '::apt'}, {'action': 'install', 'id': '5474869', 'name': 'robotfindskitten', 'url': ' ', 'version': '::apt'}, {'action': 'install', 'id': '5475279', 'name': 'squirrel3', 'url': ' ', 'version': '::apt'}]&quot;, 'c8y_SoftwareUpdate': [{'name': 'asciijump', 'action': 'install', 'id': '5475369', 'version': '::apt', 'url': ' '}, {'name': 'robotfindskitten', 'action': 'install', 'id': '5474869', 'version': '::apt', 'url': ' '}, {'name': 'squirrel3', 'action': 'install', 'id': '5475279', 'version': '::apt', 'url': ' '}]}
07:59:06 INFO  State of operation 21434500 : PENDING
07:59:08 INFO  State of operation 21434500 : EXECUTING
07:59:10 INFO  State of operation 21434500 : EXECUTING
07:59:12 INFO  State of operation 21434500 : EXECUTING
07:59:15 INFO  State of operation 21434500 : EXECUTING
07:59:17 INFO  State of operation 21434500 : EXECUTING
07:59:20 INFO  State of operation 21434500 : EXECUTING
07:59:22 INFO  State of operation 21434500 : EXECUTING
07:59:25 INFO  State of operation 21434500 : EXECUTING
07:59:27 INFO  State of operation 21434500 : EXECUTING
07:59:29 INFO  State of operation 21434500 : EXECUTING
07:59:32 INFO  State of operation 21434500 : EXECUTING
07:59:34 INFO  State of operation 21434500 : EXECUTING
07:59:36 INFO  State of operation 21434500 : EXECUTING
07:59:38 INFO  State of operation 21434500 : EXECUTING
07:59:41 INFO  State of operation 21434500 : EXECUTING
07:59:43 INFO  State of operation 21434500 : EXECUTING
07:59:46 INFO  State of operation 21434500 : EXECUTING
07:59:48 INFO  State of operation 21434500 : EXECUTING
07:59:50 INFO  State of operation 21434500 : EXECUTING
07:59:52 INFO  State of operation 21434500 : EXECUTING
07:59:55 INFO  State of operation 21434500 : EXECUTING
07:59:57 INFO  State of operation 21434500 : EXECUTING
08:00:01 INFO  State of operation 21434500 : EXECUTING
08:00:03 INFO  State of operation 21434500 : EXECUTING
08:00:05 INFO  State of operation 21434500 : EXECUTING
08:00:08 INFO  State of operation 21434500 : EXECUTING
08:00:11 INFO  State of operation 21434500 : EXECUTING
08:00:13 INFO  State of operation 21434500 : EXECUTING
08:00:15 INFO  State of operation 21434500 : EXECUTING
08:00:18 INFO  State of operation 21434500 : EXECUTING
08:00:20 INFO  State of operation 21434500 : EXECUTING
08:00:22 INFO  State of operation 21434500 : EXECUTING
08:00:24 INFO  State of operation 21434500 : SUCCESSFUL
08:00:24 INFO  Assert that (False == value) with value=False ... passed
08:00:25 INFO  Package asciijump is installed
08:00:25 INFO  Assert that (True == value) with value=True ... passed
08:00:25 INFO  Package squirrel3 is installed
08:00:25 INFO  Assert that (True == value) with value=True ... passed
08:00:25 INFO  Package robotfindskitten is installed
08:00:25 INFO  Assert that (True == value) with value=True ... passed
08:00:25 INFO  Response status: 201
08:00:25 INFO  Response to action: {
    &quot;creationTime&quot;: &quot;2022-07-26T08:00:25.820Z&quot;,
    &quot;deviceId&quot;: &quot;21413442&quot;,
    &quot;deviceName&quot;: &quot;m32sd10d&quot;,
    &quot;self&quot;: &quot;https://t493319102.eu-latest.cumulocity.com/devicecontrol/operations/21434506&quot;,
    &quot;id&quot;: &quot;21434506&quot;,
    &quot;status&quot;: &quot;PENDING&quot;,
    &quot;description&quot;: &quot;Apply software changes, triggered from PySys: [{'action': 'delete', 'id': '5475369', 'name': 'asciijump', 'url': ' ', 'version': '::apt'}, {'action': 'delete', 'id': '5474869', 'name': 'robotfindskitten', 'url': ' ', 'version': '::apt'}, {'action': 'delete', 'id': '5475279', 'name': 'squirrel3', 'url': ' ', 'version': '::apt'}]&quot;,
    &quot;c8y_SoftwareUpdate&quot;: [
        {
            &quot;name&quot;: &quot;asciijump&quot;,
            &quot;action&quot;: &quot;delete&quot;,
            &quot;id&quot;: &quot;5475369&quot;,
            &quot;version&quot;: &quot;::apt&quot;,
            &quot;url&quot;: &quot; &quot;
        },
        {
            &quot;name&quot;: &quot;robotfindskitten&quot;,
            &quot;action&quot;: &quot;delete&quot;,
            &quot;id&quot;: &quot;5474869&quot;,
            &quot;version&quot;: &quot;::apt&quot;,
            &quot;url&quot;: &quot; &quot;
        },
        {
            &quot;name&quot;: &quot;squirrel3&quot;,
            &quot;action&quot;: &quot;delete&quot;,
            &quot;id&quot;: &quot;5475279&quot;,
            &quot;version&quot;: &quot;::apt&quot;,
            &quot;url&quot;: &quot; &quot;
        }
    ]
}
08:00:25 INFO  Started operation: {'creationTime': '2022-07-26T08:00:25.820Z', 'deviceId': '21413442', 'deviceName': 'm32sd10d', 'self': 'https://t493319102.eu-latest.cumulocity.com/devicecontrol/operations/21434506', 'id': '21434506', 'status': 'PENDING', 'description': &quot;Apply software changes, triggered from PySys: [{'action': 'delete', 'id': '5475369', 'name': 'asciijump', 'url': ' ', 'version': '::apt'}, {'action': 'delete', 'id': '5474869', 'name': 'robotfindskitten', 'url': ' ', 'version': '::apt'}, {'action': 'delete', 'id': '5475279', 'name': 'squirrel3', 'url': ' ', 'version': '::apt'}]&quot;, 'c8y_SoftwareUpdate': [{'name': 'asciijump', 'action': 'delete', 'id': '5475369', 'version': '::apt', 'url': ' '}, {'name': 'robotfindskitten', 'action': 'delete', 'id': '5474869', 'version': '::apt', 'url': ' '}, {'name': 'squirrel3', 'action': 'delete', 'id': '5475279', 'version': '::apt', 'url': ' '}]}
08:00:28 INFO  State of operation 21434506 : PENDING
08:00:30 INFO  State of operation 21434506 : EXECUTING
08:00:32 INFO  State of operation 21434506 : EXECUTING
08:00:34 INFO  State of operation 21434506 : EXECUTING
08:00:37 INFO  State of operation 21434506 : EXECUTING
08:00:39 INFO  State of operation 21434506 : EXECUTING
08:00:41 INFO  State of operation 21434506 : EXECUTING
08:00:44 INFO  State of operation 21434506 : EXECUTING
08:00:47 INFO  State of operation 21434506 : EXECUTING
08:00:49 INFO  State of operation 21434506 : EXECUTING
08:00:51 INFO  State of operation 21434506 : EXECUTING
08:00:54 INFO  State of operation 21434506 : EXECUTING
08:00:56 INFO  State of operation 21434506 : EXECUTING
08:00:58 INFO  State of operation 21434506 : EXECUTING
08:01:00 INFO  State of operation 21434506 : EXECUTING
08:01:03 INFO  State of operation 21434506 : EXECUTING
08:01:05 INFO  State of operation 21434506 : EXECUTING
08:01:08 INFO  State of operation 21434506 : EXECUTING
08:01:10 INFO  State of operation 21434506 : EXECUTING
08:01:12 INFO  State of operation 21434506 : EXECUTING
08:01:15 INFO  State of operation 21434506 : EXECUTING
08:01:17 INFO  State of operation 21434506 : EXECUTING
08:01:19 INFO  State of operation 21434506 : EXECUTING
08:01:21 INFO  State of operation 21434506 : EXECUTING
08:01:24 INFO  State of operation 21434506 : EXECUTING
08:01:27 INFO  State of operation 21434506 : EXECUTING
08:01:29 INFO  State of operation 21434506 : EXECUTING
08:01:31 INFO  State of operation 21434506 : SUCCESSFUL
08:01:31 INFO  Assert that (False == value) with value=False ... passed
08:01:32 INFO  Assert that (False == value) with value=False ... passed
08:01:32 INFO  Assert that (False == value) with value=False ... passed
08:01:32 INFO  Assert that (False == value) with value=False ... passed
08:01:32 INFO  
08:01:32 INFO  cleanup:
08:01:36 INFO  Executed sudo&lt;tedge_disconnect_c8y&gt;, exit status 0
08:01:37 INFO  Executed systemctl&lt;serv_mapper5&gt;, exit status 3
08:01:37 INFO  
08:01:37 INFO  Test duration: 178.89 secs
08:01:37 INFO  Test final outcome:  FAILED
08:01:37 INFO  Test outcome reason: Assert that (False == value) with value=True
08:01:37 INFO  
</system-out>
	</testcase>
</testsuite>
