<?xml version="1.0" encoding="utf-8"?>
<testsuite failures="1" name="SoftwareManagement.sm_apt_install_remove_multiple" skipped="0" tests="1" time="178.2" timestamp="2022-07-21T10:42:32">
	<testcase classname="PySysTest" name="SoftwareManagement.sm_apt_install_remove_multiple">
		<failure message="FAILED: Assert that (False == value) with value=True" type="FAILED"/>
		<system-out>10:39:34 INFO  ==============================================================
10:39:34 INFO  Id:    SoftwareManagement.sm_apt_install_remove_multiple
10:39:34 INFO  Dir:   software_management_end_to_end/
10:39:34 INFO  Title: Validate end to end behaviour for the apt plugin for multiple packages
10:39:34 INFO  ==============================================================
10:39:34 INFO  Using sw id database: {'asciijump': '5475369', 'robotfindskitten': '5474869', 'squirrel3': '5475279', 'rolldice': '5152439', 'moon-buggy': '5439204', 'apple': '5495053', 'banana': '5494888', 'cherry': '5495382', 'watermelon': '5494510', 'registry': '8018911', 'hello-world': '8021526', 'docker/getting-started': '8021973', 'alpine': '7991792'}
10:39:34 INFO  EnvironmentC8y Setup
10:39:35 INFO  Executed systemctl&lt;serv_mapper1&gt;, exit status 3
10:39:35 INFO  Restarting mosquitto too frequently in the last 10 seconds. It was only up for 5 seconds
10:39:35 INFO  Delaying execution by 6 seconds
10:39:55 INFO  Executed sudo&lt;tedge_connect_c8y&gt;, exit status 0, duration 14 secs
10:39:56 INFO  Executed sudo&lt;tedge_connect_c8y_test&gt;, exit status 0
10:39:56 INFO  Executed systemctl&lt;serv_mosq2&gt;, exit status 0
10:39:57 INFO  Executed systemctl&lt;serv_mapper3&gt;, exit status 0
10:39:59 INFO  State of current operation: SUCCESSFUL
10:39:59 INFO  Assert that (False == value) with value=False ... passed
10:39:59 INFO  Assert that (False == value) with value=False ... passed
10:39:59 INFO  Assert that (False == value) with value=False ... passed
10:40:00 INFO  Package robotfindskitten is installed
10:40:00 WARN  Assert that (False == value) with value=True ... failed 
10:40:00 INFO  Response status: 201
10:40:00 INFO  Response to action: {
    &quot;creationTime&quot;: &quot;2022-07-21T10:40:00.398Z&quot;,
    &quot;deviceId&quot;: &quot;21094418&quot;,
    &quot;deviceName&quot;: &quot;m32sd10d&quot;,
    &quot;self&quot;: &quot;https://t493319102.eu-latest.cumulocity.com/devicecontrol/operations/21118206&quot;,
    &quot;id&quot;: &quot;21118206&quot;,
    &quot;status&quot;: &quot;PENDING&quot;,
    &quot;description&quot;: &quot;Apply software changes, triggered from PySys: [{'action': 'install', 'id': '5475369', 'name': 'asciijump', 'url': ' ', 'version': '::apt'}, {'action': 'install', 'id': '5474869', 'name': 'robotfindskitten', 'url': ' ', 'version': '::apt'}, {'action': 'install', 'id': '5475279', 'name': 'squirrel3', 'url': ' ', 'version': '::apt'}]&quot;,
    &quot;c8y_SoftwareUpdate&quot;: [
        {
            &quot;name&quot;: &quot;asciijump&quot;,
            &quot;action&quot;: &quot;install&quot;,
            &quot;id&quot;: &quot;5475369&quot;,
            &quot;version&quot;: &quot;::apt&quot;,
            &quot;url&quot;: &quot; &quot;
        },
        {
            &quot;name&quot;: &quot;robotfindskitten&quot;,
            &quot;action&quot;: &quot;install&quot;,
            &quot;id&quot;: &quot;5474869&quot;,
            &quot;version&quot;: &quot;::apt&quot;,
            &quot;url&quot;: &quot; &quot;
        },
        {
            &quot;name&quot;: &quot;squirrel3&quot;,
            &quot;action&quot;: &quot;install&quot;,
            &quot;id&quot;: &quot;5475279&quot;,
            &quot;version&quot;: &quot;::apt&quot;,
            &quot;url&quot;: &quot; &quot;
        }
    ]
}
10:40:00 INFO  Started operation: {'creationTime': '2022-07-21T10:40:00.398Z', 'deviceId': '21094418', 'deviceName': 'm32sd10d', 'self': 'https://t493319102.eu-latest.cumulocity.com/devicecontrol/operations/21118206', 'id': '21118206', 'status': 'PENDING', 'description': &quot;Apply software changes, triggered from PySys: [{'action': 'install', 'id': '5475369', 'name': 'asciijump', 'url': ' ', 'version': '::apt'}, {'action': 'install', 'id': '5474869', 'name': 'robotfindskitten', 'url': ' ', 'version': '::apt'}, {'action': 'install', 'id': '5475279', 'name': 'squirrel3', 'url': ' ', 'version': '::apt'}]&quot;, 'c8y_SoftwareUpdate': [{'name': 'asciijump', 'action': 'install', 'id': '5475369', 'version': '::apt', 'url': ' '}, {'name': 'robotfindskitten', 'action': 'install', 'id': '5474869', 'version': '::apt', 'url': ' '}, {'name': 'squirrel3', 'action': 'install', 'id': '5475279', 'version': '::apt', 'url': ' '}]}
10:40:02 INFO  State of operation 21118206 : PENDING
10:40:04 INFO  State of operation 21118206 : EXECUTING
10:40:07 INFO  State of operation 21118206 : EXECUTING
10:40:09 INFO  State of operation 21118206 : EXECUTING
10:40:11 INFO  State of operation 21118206 : EXECUTING
10:40:13 INFO  State of operation 21118206 : EXECUTING
10:40:16 INFO  State of operation 21118206 : EXECUTING
10:40:19 INFO  State of operation 21118206 : EXECUTING
10:40:21 INFO  State of operation 21118206 : EXECUTING
10:40:24 INFO  State of operation 21118206 : EXECUTING
10:40:26 INFO  State of operation 21118206 : EXECUTING
10:40:28 INFO  State of operation 21118206 : EXECUTING
10:40:30 INFO  State of operation 21118206 : EXECUTING
10:40:33 INFO  State of operation 21118206 : EXECUTING
10:40:35 INFO  State of operation 21118206 : EXECUTING
10:40:37 INFO  State of operation 21118206 : EXECUTING
10:40:40 INFO  State of operation 21118206 : EXECUTING
10:40:42 INFO  State of operation 21118206 : EXECUTING
10:40:44 INFO  State of operation 21118206 : EXECUTING
10:40:47 INFO  State of operation 21118206 : EXECUTING
10:40:49 INFO  State of operation 21118206 : EXECUTING
10:40:52 INFO  State of operation 21118206 : EXECUTING
10:40:54 INFO  State of operation 21118206 : EXECUTING
10:40:57 INFO  State of operation 21118206 : EXECUTING
10:40:59 INFO  State of operation 21118206 : EXECUTING
10:41:02 INFO  State of operation 21118206 : EXECUTING
10:41:04 INFO  State of operation 21118206 : EXECUTING
10:41:07 INFO  State of operation 21118206 : EXECUTING
10:41:09 INFO  State of operation 21118206 : EXECUTING
10:41:12 INFO  State of operation 21118206 : EXECUTING
10:41:14 INFO  State of operation 21118206 : EXECUTING
10:41:16 INFO  State of operation 21118206 : EXECUTING
10:41:18 INFO  State of operation 21118206 : EXECUTING
10:41:20 INFO  State of operation 21118206 : SUCCESSFUL
10:41:21 INFO  Assert that (False == value) with value=False ... passed
10:41:21 INFO  Package asciijump is installed
10:41:21 INFO  Assert that (True == value) with value=True ... passed
10:41:21 INFO  Package squirrel3 is installed
10:41:21 INFO  Assert that (True == value) with value=True ... passed
10:41:21 INFO  Package robotfindskitten is installed
10:41:21 INFO  Assert that (True == value) with value=True ... passed
10:41:22 INFO  Response status: 201
10:41:22 INFO  Response to action: {
    &quot;creationTime&quot;: &quot;2022-07-21T10:41:22.004Z&quot;,
    &quot;deviceId&quot;: &quot;21094418&quot;,
    &quot;deviceName&quot;: &quot;m32sd10d&quot;,
    &quot;self&quot;: &quot;https://t493319102.eu-latest.cumulocity.com/devicecontrol/operations/21118214&quot;,
    &quot;id&quot;: &quot;21118214&quot;,
    &quot;status&quot;: &quot;PENDING&quot;,
    &quot;description&quot;: &quot;Apply software changes, triggered from PySys: [{'action': 'delete', 'id': '5475369', 'name': 'asciijump', 'url': ' ', 'version': '::apt'}, {'action': 'delete', 'id': '5474869', 'name': 'robotfindskitten', 'url': ' ', 'version': '::apt'}, {'action': 'delete', 'id': '5475279', 'name': 'squirrel3', 'url': ' ', 'version': '::apt'}]&quot;,
    &quot;c8y_SoftwareUpdate&quot;: [
        {
            &quot;name&quot;: &quot;asciijump&quot;,
            &quot;action&quot;: &quot;delete&quot;,
            &quot;id&quot;: &quot;5475369&quot;,
            &quot;version&quot;: &quot;::apt&quot;,
            &quot;url&quot;: &quot; &quot;
        },
        {
            &quot;name&quot;: &quot;robotfindskitten&quot;,
            &quot;action&quot;: &quot;delete&quot;,
            &quot;id&quot;: &quot;5474869&quot;,
            &quot;version&quot;: &quot;::apt&quot;,
            &quot;url&quot;: &quot; &quot;
        },
        {
            &quot;name&quot;: &quot;squirrel3&quot;,
            &quot;action&quot;: &quot;delete&quot;,
            &quot;id&quot;: &quot;5475279&quot;,
            &quot;version&quot;: &quot;::apt&quot;,
            &quot;url&quot;: &quot; &quot;
        }
    ]
}
10:41:22 INFO  Started operation: {'creationTime': '2022-07-21T10:41:22.004Z', 'deviceId': '21094418', 'deviceName': 'm32sd10d', 'self': 'https://t493319102.eu-latest.cumulocity.com/devicecontrol/operations/21118214', 'id': '21118214', 'status': 'PENDING', 'description': &quot;Apply software changes, triggered from PySys: [{'action': 'delete', 'id': '5475369', 'name': 'asciijump', 'url': ' ', 'version': '::apt'}, {'action': 'delete', 'id': '5474869', 'name': 'robotfindskitten', 'url': ' ', 'version': '::apt'}, {'action': 'delete', 'id': '5475279', 'name': 'squirrel3', 'url': ' ', 'version': '::apt'}]&quot;, 'c8y_SoftwareUpdate': [{'name': 'asciijump', 'action': 'delete', 'id': '5475369', 'version': '::apt', 'url': ' '}, {'name': 'robotfindskitten', 'action': 'delete', 'id': '5474869', 'version': '::apt', 'url': ' '}, {'name': 'squirrel3', 'action': 'delete', 'id': '5475279', 'version': '::apt', 'url': ' '}]}
10:41:24 INFO  State of operation 21118214 : PENDING
10:41:26 INFO  State of operation 21118214 : EXECUTING
10:41:28 INFO  State of operation 21118214 : EXECUTING
10:41:30 INFO  State of operation 21118214 : EXECUTING
10:41:33 INFO  State of operation 21118214 : EXECUTING
10:41:35 INFO  State of operation 21118214 : EXECUTING
10:41:38 INFO  State of operation 21118214 : EXECUTING
10:41:40 INFO  State of operation 21118214 : EXECUTING
10:41:43 INFO  State of operation 21118214 : EXECUTING
10:41:45 INFO  State of operation 21118214 : EXECUTING
10:41:47 INFO  State of operation 21118214 : EXECUTING
10:41:50 INFO  State of operation 21118214 : EXECUTING
10:41:52 INFO  State of operation 21118214 : EXECUTING
10:41:54 INFO  State of operation 21118214 : EXECUTING
10:41:57 INFO  State of operation 21118214 : EXECUTING
10:41:59 INFO  State of operation 21118214 : EXECUTING
10:42:01 INFO  State of operation 21118214 : EXECUTING
10:42:04 INFO  State of operation 21118214 : EXECUTING
10:42:06 INFO  State of operation 21118214 : EXECUTING
10:42:09 INFO  State of operation 21118214 : EXECUTING
10:42:11 INFO  State of operation 21118214 : EXECUTING
10:42:13 INFO  State of operation 21118214 : EXECUTING
10:42:15 INFO  State of operation 21118214 : EXECUTING
10:42:18 INFO  State of operation 21118214 : EXECUTING
10:42:20 INFO  State of operation 21118214 : EXECUTING
10:42:23 INFO  State of operation 21118214 : EXECUTING
10:42:25 INFO  State of operation 21118214 : EXECUTING
10:42:27 INFO  State of operation 21118214 : SUCCESSFUL
10:42:27 INFO  Assert that (False == value) with value=False ... passed
10:42:28 INFO  Assert that (False == value) with value=False ... passed
10:42:28 INFO  Assert that (False == value) with value=False ... passed
10:42:28 INFO  Assert that (False == value) with value=False ... passed
10:42:28 INFO  
10:42:28 INFO  cleanup:
10:42:32 INFO  Executed sudo&lt;tedge_disconnect_c8y&gt;, exit status 0
10:42:32 INFO  Executed systemctl&lt;serv_mapper5&gt;, exit status 3
10:42:32 INFO  
10:42:32 INFO  Test duration: 178.20 secs
10:42:32 INFO  Test final outcome:  FAILED
10:42:32 INFO  Test outcome reason: Assert that (False == value) with value=True
10:42:32 INFO  
</system-out>
	</testcase>
</testsuite>
