<?xml version="1.0" encoding="utf-8"?>
<testsuite failures="0" name="apt_finalize" skipped="0" tests="1" time="154.56" timestamp="2022-07-13T11:53:32">
	<testcase classname="AptPluginFinalize" name="apt_finalize"/>
</testsuite>
