<?xml version="1.0" encoding="utf-8"?>
<testsuite failures="0" name="apt_finalize" skipped="0" tests="1" time="149.78" timestamp="2022-07-20T13:10:24">
	<testcase classname="AptPluginFinalize" name="apt_finalize"/>
</testsuite>
