<?xml version="1.0" encoding="utf-8"?>
<testsuite failures="1" name="SoftwareManagement.sm_apt_install_remove_multiple" skipped="0" tests="1" time="180.62" timestamp="2022-05-20T10:19:29">
	<testcase classname="PySysTest" name="SoftwareManagement.sm_apt_install_remove_multiple">
		<failure message="FAILED: Assert that (False == value) with value=True" type="FAILED"/>
		<system-out>10:16:29 INFO  ==============================================================
10:16:29 INFO  Id:    SoftwareManagement.sm_apt_install_remove_multiple
10:16:29 INFO  Dir:   software_management_end_to_end/
10:16:29 INFO  Title: Validate end to end behaviour for the apt plugin for multiple packages
10:16:29 INFO  ==============================================================
10:16:29 INFO  Using sw id database: {'asciijump': '5475369', 'robotfindskitten': '5474869', 'squirrel3': '5475279', 'rolldice': '5152439', 'moon-buggy': '5439204', 'apple': '5495053', 'banana': '5494888', 'cherry': '5495382', 'watermelon': '5494510', 'registry': '8018911', 'hello-world': '8021526', 'docker/getting-started': '8021973', 'alpine': '7991792'}
10:16:29 INFO  EnvironmentC8y Setup
10:16:29 INFO  Executed systemctl&lt;serv_mapper1&gt;, exit status 3
10:16:30 INFO  Restarting mosquitto too frequently in the last 10 seconds. It was only up for 4 seconds
10:16:30 INFO  Delaying execution by 7 seconds
10:16:50 INFO  Executed sudo&lt;tedge_connect_c8y&gt;, exit status 0, duration 13 secs
10:16:51 INFO  Executed sudo&lt;tedge_connect_c8y_test&gt;, exit status 0
10:16:52 INFO  Executed systemctl&lt;serv_mosq2&gt;, exit status 0
10:16:52 INFO  Executed systemctl&lt;serv_mapper3&gt;, exit status 0
10:16:54 INFO  State of current operation: SUCCESSFUL
10:16:55 INFO  Assert that (False == value) with value=False ... passed
10:16:55 INFO  Assert that (False == value) with value=False ... passed
10:16:55 INFO  Assert that (False == value) with value=False ... passed
10:16:55 INFO  Package robotfindskitten is installed
10:16:55 WARN  Assert that (False == value) with value=True ... failed 
10:16:56 INFO  Response status: 201
10:16:56 INFO  Response to action: {
    &quot;delivery&quot;: {
        &quot;log&quot;: [],
        &quot;time&quot;: &quot;2022-05-20T10:16:56.042Z&quot;,
        &quot;status&quot;: &quot;PENDING&quot;
    },
    &quot;creationTime&quot;: &quot;2022-05-20T10:16:56.026Z&quot;,
    &quot;deviceId&quot;: &quot;19314048&quot;,
    &quot;deviceName&quot;: &quot;m32sd10d&quot;,
    &quot;self&quot;: &quot;https://t493319102.eu-latest.cumulocity.com/devicecontrol/operations/19394424&quot;,
    &quot;id&quot;: &quot;19394424&quot;,
    &quot;status&quot;: &quot;PENDING&quot;,
    &quot;description&quot;: &quot;Apply software changes, triggered from PySys: [{'action': 'install', 'id': '5475369', 'name': 'asciijump', 'url': ' ', 'version': '::apt'}, {'action': 'install', 'id': '5474869', 'name': 'robotfindskitten', 'url': ' ', 'version': '::apt'}, {'action': 'install', 'id': '5475279', 'name': 'squirrel3', 'url': ' ', 'version': '::apt'}]&quot;,
    &quot;c8y_SoftwareUpdate&quot;: [
        {
            &quot;name&quot;: &quot;asciijump&quot;,
            &quot;action&quot;: &quot;install&quot;,
            &quot;id&quot;: &quot;5475369&quot;,
            &quot;version&quot;: &quot;::apt&quot;,
            &quot;url&quot;: &quot; &quot;
        },
        {
            &quot;name&quot;: &quot;robotfindskitten&quot;,
            &quot;action&quot;: &quot;install&quot;,
            &quot;id&quot;: &quot;5474869&quot;,
            &quot;version&quot;: &quot;::apt&quot;,
            &quot;url&quot;: &quot; &quot;
        },
        {
            &quot;name&quot;: &quot;squirrel3&quot;,
            &quot;action&quot;: &quot;install&quot;,
            &quot;id&quot;: &quot;5475279&quot;,
            &quot;version&quot;: &quot;::apt&quot;,
            &quot;url&quot;: &quot; &quot;
        }
    ]
}
10:16:56 INFO  Started operation: {'delivery': {'log': [], 'time': '2022-05-20T10:16:56.042Z', 'status': 'PENDING'}, 'creationTime': '2022-05-20T10:16:56.026Z', 'deviceId': '19314048', 'deviceName': 'm32sd10d', 'self': 'https://t493319102.eu-latest.cumulocity.com/devicecontrol/operations/19394424', 'id': '19394424', 'status': 'PENDING', 'description': &quot;Apply software changes, triggered from PySys: [{'action': 'install', 'id': '5475369', 'name': 'asciijump', 'url': ' ', 'version': '::apt'}, {'action': 'install', 'id': '5474869', 'name': 'robotfindskitten', 'url': ' ', 'version': '::apt'}, {'action': 'install', 'id': '5475279', 'name': 'squirrel3', 'url': ' ', 'version': '::apt'}]&quot;, 'c8y_SoftwareUpdate': [{'name': 'asciijump', 'action': 'install', 'id': '5475369', 'version': '::apt', 'url': ' '}, {'name': 'robotfindskitten', 'action': 'install', 'id': '5474869', 'version': '::apt', 'url': ' '}, {'name': 'squirrel3', 'action': 'install', 'id': '5475279', 'version': '::apt', 'url': ' '}]}
10:16:58 INFO  State of operation 19394424 : PENDING
10:17:00 INFO  State of operation 19394424 : EXECUTING
10:17:02 INFO  State of operation 19394424 : EXECUTING
10:17:04 INFO  State of operation 19394424 : EXECUTING
10:17:07 INFO  State of operation 19394424 : EXECUTING
10:17:09 INFO  State of operation 19394424 : EXECUTING
10:17:12 INFO  State of operation 19394424 : EXECUTING
10:17:14 INFO  State of operation 19394424 : EXECUTING
10:17:17 INFO  State of operation 19394424 : EXECUTING
10:17:19 INFO  State of operation 19394424 : EXECUTING
10:17:21 INFO  State of operation 19394424 : EXECUTING
10:17:24 INFO  State of operation 19394424 : EXECUTING
10:17:26 INFO  State of operation 19394424 : EXECUTING
10:17:28 INFO  State of operation 19394424 : EXECUTING
10:17:30 INFO  State of operation 19394424 : EXECUTING
10:17:33 INFO  State of operation 19394424 : EXECUTING
10:17:35 INFO  State of operation 19394424 : EXECUTING
10:17:38 INFO  State of operation 19394424 : EXECUTING
10:17:40 INFO  State of operation 19394424 : EXECUTING
10:17:42 INFO  State of operation 19394424 : EXECUTING
10:17:45 INFO  State of operation 19394424 : EXECUTING
10:17:47 INFO  State of operation 19394424 : EXECUTING
10:17:50 INFO  State of operation 19394424 : EXECUTING
10:17:52 INFO  State of operation 19394424 : EXECUTING
10:17:55 INFO  State of operation 19394424 : EXECUTING
10:17:57 INFO  State of operation 19394424 : EXECUTING
10:17:59 INFO  State of operation 19394424 : EXECUTING
10:18:01 INFO  State of operation 19394424 : EXECUTING
10:18:03 INFO  State of operation 19394424 : EXECUTING
10:18:06 INFO  State of operation 19394424 : EXECUTING
10:18:08 INFO  State of operation 19394424 : EXECUTING
10:18:10 INFO  State of operation 19394424 : EXECUTING
10:18:12 INFO  State of operation 19394424 : EXECUTING
10:18:15 INFO  State of operation 19394424 : EXECUTING
10:18:17 INFO  State of operation 19394424 : SUCCESSFUL
10:18:17 INFO  Assert that (False == value) with value=False ... passed
10:18:17 INFO  Package asciijump is installed
10:18:17 INFO  Assert that (True == value) with value=True ... passed
10:18:18 INFO  Package squirrel3 is installed
10:18:18 INFO  Assert that (True == value) with value=True ... passed
10:18:18 INFO  Package robotfindskitten is installed
10:18:18 INFO  Assert that (True == value) with value=True ... passed
10:18:18 INFO  Response status: 201
10:18:18 INFO  Response to action: {
    &quot;delivery&quot;: {
        &quot;log&quot;: [],
        &quot;time&quot;: &quot;2022-05-20T10:18:18.529Z&quot;,
        &quot;status&quot;: &quot;PENDING&quot;
    },
    &quot;creationTime&quot;: &quot;2022-05-20T10:18:18.512Z&quot;,
    &quot;deviceId&quot;: &quot;19314048&quot;,
    &quot;deviceName&quot;: &quot;m32sd10d&quot;,
    &quot;self&quot;: &quot;https://t493319102.eu-latest.cumulocity.com/devicecontrol/operations/19394438&quot;,
    &quot;id&quot;: &quot;19394438&quot;,
    &quot;status&quot;: &quot;PENDING&quot;,
    &quot;description&quot;: &quot;Apply software changes, triggered from PySys: [{'action': 'delete', 'id': '5475369', 'name': 'asciijump', 'url': ' ', 'version': '::apt'}, {'action': 'delete', 'id': '5474869', 'name': 'robotfindskitten', 'url': ' ', 'version': '::apt'}, {'action': 'delete', 'id': '5475279', 'name': 'squirrel3', 'url': ' ', 'version': '::apt'}]&quot;,
    &quot;c8y_SoftwareUpdate&quot;: [
        {
            &quot;name&quot;: &quot;asciijump&quot;,
            &quot;action&quot;: &quot;delete&quot;,
            &quot;id&quot;: &quot;5475369&quot;,
            &quot;version&quot;: &quot;::apt&quot;,
            &quot;url&quot;: &quot; &quot;
        },
        {
            &quot;name&quot;: &quot;robotfindskitten&quot;,
            &quot;action&quot;: &quot;delete&quot;,
            &quot;id&quot;: &quot;5474869&quot;,
            &quot;version&quot;: &quot;::apt&quot;,
            &quot;url&quot;: &quot; &quot;
        },
        {
            &quot;name&quot;: &quot;squirrel3&quot;,
            &quot;action&quot;: &quot;delete&quot;,
            &quot;id&quot;: &quot;5475279&quot;,
            &quot;version&quot;: &quot;::apt&quot;,
            &quot;url&quot;: &quot; &quot;
        }
    ]
}
10:18:18 INFO  Started operation: {'delivery': {'log': [], 'time': '2022-05-20T10:18:18.529Z', 'status': 'PENDING'}, 'creationTime': '2022-05-20T10:18:18.512Z', 'deviceId': '19314048', 'deviceName': 'm32sd10d', 'self': 'https://t493319102.eu-latest.cumulocity.com/devicecontrol/operations/19394438', 'id': '19394438', 'status': 'PENDING', 'description': &quot;Apply software changes, triggered from PySys: [{'action': 'delete', 'id': '5475369', 'name': 'asciijump', 'url': ' ', 'version': '::apt'}, {'action': 'delete', 'id': '5474869', 'name': 'robotfindskitten', 'url': ' ', 'version': '::apt'}, {'action': 'delete', 'id': '5475279', 'name': 'squirrel3', 'url': ' ', 'version': '::apt'}]&quot;, 'c8y_SoftwareUpdate': [{'name': 'asciijump', 'action': 'delete', 'id': '5475369', 'version': '::apt', 'url': ' '}, {'name': 'robotfindskitten', 'action': 'delete', 'id': '5474869', 'version': '::apt', 'url': ' '}, {'name': 'squirrel3', 'action': 'delete', 'id': '5475279', 'version': '::apt', 'url': ' '}]}
10:18:20 INFO  State of operation 19394438 : PENDING
10:18:23 INFO  State of operation 19394438 : EXECUTING
10:18:25 INFO  State of operation 19394438 : EXECUTING
10:18:27 INFO  State of operation 19394438 : EXECUTING
10:18:29 INFO  State of operation 19394438 : EXECUTING
10:18:31 INFO  State of operation 19394438 : EXECUTING
10:18:34 INFO  State of operation 19394438 : EXECUTING
10:18:37 INFO  State of operation 19394438 : EXECUTING
10:18:40 INFO  State of operation 19394438 : EXECUTING
10:18:42 INFO  State of operation 19394438 : EXECUTING
10:18:44 INFO  State of operation 19394438 : EXECUTING
10:18:46 INFO  State of operation 19394438 : EXECUTING
10:18:49 INFO  State of operation 19394438 : EXECUTING
10:18:51 INFO  State of operation 19394438 : EXECUTING
10:18:53 INFO  State of operation 19394438 : EXECUTING
10:18:56 INFO  State of operation 19394438 : EXECUTING
10:18:58 INFO  State of operation 19394438 : EXECUTING
10:19:01 INFO  State of operation 19394438 : EXECUTING
10:19:03 INFO  State of operation 19394438 : EXECUTING
10:19:05 INFO  State of operation 19394438 : EXECUTING
10:19:07 INFO  State of operation 19394438 : EXECUTING
10:19:10 INFO  State of operation 19394438 : EXECUTING
10:19:12 INFO  State of operation 19394438 : EXECUTING
10:19:14 INFO  State of operation 19394438 : EXECUTING
10:19:17 INFO  State of operation 19394438 : EXECUTING
10:19:19 INFO  State of operation 19394438 : EXECUTING
10:19:22 INFO  State of operation 19394438 : EXECUTING
10:19:24 INFO  State of operation 19394438 : SUCCESSFUL
10:19:24 INFO  Assert that (False == value) with value=False ... passed
10:19:24 INFO  Assert that (False == value) with value=False ... passed
10:19:25 INFO  Assert that (False == value) with value=False ... passed
10:19:25 INFO  Assert that (False == value) with value=False ... passed
10:19:25 INFO  
10:19:25 INFO  cleanup:
10:19:29 INFO  Executed sudo&lt;tedge_disconnect_c8y&gt;, exit status 0
10:19:29 INFO  Executed systemctl&lt;serv_mapper5&gt;, exit status 3
10:19:29 INFO  
10:19:29 INFO  Test duration: 180.62 secs
10:19:29 INFO  Test final outcome:  FAILED
10:19:29 INFO  Test outcome reason: Assert that (False == value) with value=True
10:19:29 INFO  
</system-out>
	</testcase>
</testsuite>
