<?xml version="1.0" encoding="utf-8"?>
<testsuite failures="0" name="apt_prepare" skipped="0" tests="1" time="44.04" timestamp="2022-07-16T11:53:36">
	<testcase classname="AptPluginPrepare" name="apt_prepare"/>
</testsuite>
