<?xml version="1.0" encoding="utf-8"?>
<testsuite failures="1" name="SoftwareManagement.sm_apt_install_remove_multiple_mixed" skipped="0" tests="1" time="180.12" timestamp="2022-05-20T12:01:57">
	<testcase classname="PySysTest" name="SoftwareManagement.sm_apt_install_remove_multiple_mixed">
		<failure message="BLOCKED: SystemError: Timeout while waiting for status SUCCESSFUL or False" type="BLOCKED"/>
		<system-out>11:58:57 INFO  ==============================================================
11:58:57 INFO  Id:    SoftwareManagement.sm_apt_install_remove_multiple_mixed
11:58:57 INFO  Dir:   software_management_end_to_end/
11:58:57 INFO  Title: Validate end to end behaviour for the apt plugin for multiple packages with mixed versions
11:58:57 INFO  ==============================================================
11:58:57 INFO  Using sw id database: {'asciijump': '5475369', 'robotfindskitten': '5474869', 'squirrel3': '5475279', 'rolldice': '5152439', 'moon-buggy': '5439204', 'apple': '5495053', 'banana': '5494888', 'cherry': '5495382', 'watermelon': '5494510', 'registry': '8018911', 'hello-world': '8021526', 'docker/getting-started': '8021973', 'alpine': '7991792'}
11:58:57 INFO  EnvironmentC8y Setup
11:58:57 INFO  Executed systemctl&lt;serv_mapper1&gt;, exit status 3
11:58:57 INFO  Restarting mosquitto too frequently in the last 10 seconds. It was only up for 4 seconds
11:58:57 INFO  Delaying execution by 7 seconds
11:59:18 INFO  Executed sudo&lt;tedge_connect_c8y&gt;, exit status 0, duration 13 secs
11:59:19 INFO  Executed sudo&lt;tedge_connect_c8y_test&gt;, exit status 0
11:59:19 INFO  Executed systemctl&lt;serv_mosq2&gt;, exit status 0
11:59:20 INFO  Executed systemctl&lt;serv_mapper3&gt;, exit status 0
11:59:22 INFO  State of current operation: SUCCESSFUL
11:59:22 INFO  Assert that (False == value) with value=False ... passed
11:59:22 INFO  Assert that (False == value) with value=False ... passed
11:59:23 INFO  Assert that (False == value) with value=False ... passed
11:59:23 INFO  Assert that (False == value) with value=False ... passed
11:59:23 INFO  Assert that (False == value) with value=False ... passed
11:59:24 INFO  Response status: 201
11:59:24 INFO  Response to action: {
    &quot;creationTime&quot;: &quot;2022-05-20T11:59:24.809Z&quot;,
    &quot;deviceId&quot;: &quot;19397480&quot;,
    &quot;deviceName&quot;: &quot;m32sd10d&quot;,
    &quot;self&quot;: &quot;https://t493319102.eu-latest.cumulocity.com/devicecontrol/operations/19409325&quot;,
    &quot;id&quot;: &quot;19409325&quot;,
    &quot;status&quot;: &quot;PENDING&quot;,
    &quot;description&quot;: &quot;Apply software changes, triggered from PySys: [{'action': 'install', 'id': '5475369', 'name': 'asciijump', 'url': ' ', 'version': '::apt'}, {'action': 'install', 'id': '5474869', 'name': 'robotfindskitten', 'url': ' ', 'version': ' '}, {'action': 'install', 'id': '5475279', 'name': 'squirrel3', 'url': ' ', 'version': '3.1-7::apt'}, {'action': 'install', 'id': '5152439', 'name': 'rolldice', 'url': ' ', 'version': '1.16-1+b1'}, {'action': 'install', 'id': '5439204', 'name': 'moon-buggy', 'url': ' ', 'version': '1:1.0.51-12'}, {'action': 'install', 'id': '5475369', 'name': 'asciijump', 'url': ' ', 'version': '::apt'}]&quot;,
    &quot;c8y_SoftwareUpdate&quot;: [
        {
            &quot;name&quot;: &quot;asciijump&quot;,
            &quot;action&quot;: &quot;install&quot;,
            &quot;id&quot;: &quot;5475369&quot;,
            &quot;version&quot;: &quot;::apt&quot;,
            &quot;url&quot;: &quot; &quot;
        },
        {
            &quot;name&quot;: &quot;robotfindskitten&quot;,
            &quot;action&quot;: &quot;install&quot;,
            &quot;id&quot;: &quot;5474869&quot;,
            &quot;version&quot;: &quot; &quot;,
            &quot;url&quot;: &quot; &quot;
        },
        {
            &quot;name&quot;: &quot;squirrel3&quot;,
            &quot;action&quot;: &quot;install&quot;,
            &quot;id&quot;: &quot;5475279&quot;,
            &quot;version&quot;: &quot;3.1-7::apt&quot;,
            &quot;url&quot;: &quot; &quot;
        },
        {
            &quot;name&quot;: &quot;rolldice&quot;,
            &quot;action&quot;: &quot;install&quot;,
            &quot;id&quot;: &quot;5152439&quot;,
            &quot;version&quot;: &quot;1.16-1+b1&quot;,
            &quot;url&quot;: &quot; &quot;
        },
        {
            &quot;name&quot;: &quot;moon-buggy&quot;,
            &quot;action&quot;: &quot;install&quot;,
            &quot;id&quot;: &quot;5439204&quot;,
            &quot;version&quot;: &quot;1:1.0.51-12&quot;,
            &quot;url&quot;: &quot; &quot;
        },
        {
            &quot;name&quot;: &quot;asciijump&quot;,
            &quot;action&quot;: &quot;install&quot;,
            &quot;id&quot;: &quot;5475369&quot;,
            &quot;version&quot;: &quot;::apt&quot;,
            &quot;url&quot;: &quot; &quot;
        }
    ]
}
11:59:24 INFO  Started operation: {'creationTime': '2022-05-20T11:59:24.809Z', 'deviceId': '19397480', 'deviceName': 'm32sd10d', 'self': 'https://t493319102.eu-latest.cumulocity.com/devicecontrol/operations/19409325', 'id': '19409325', 'status': 'PENDING', 'description': &quot;Apply software changes, triggered from PySys: [{'action': 'install', 'id': '5475369', 'name': 'asciijump', 'url': ' ', 'version': '::apt'}, {'action': 'install', 'id': '5474869', 'name': 'robotfindskitten', 'url': ' ', 'version': ' '}, {'action': 'install', 'id': '5475279', 'name': 'squirrel3', 'url': ' ', 'version': '3.1-7::apt'}, {'action': 'install', 'id': '5152439', 'name': 'rolldice', 'url': ' ', 'version': '1.16-1+b1'}, {'action': 'install', 'id': '5439204', 'name': 'moon-buggy', 'url': ' ', 'version': '1:1.0.51-12'}, {'action': 'install', 'id': '5475369', 'name': 'asciijump', 'url': ' ', 'version': '::apt'}]&quot;, 'c8y_SoftwareUpdate': [{'name': 'asciijump', 'action': 'install', 'id': '5475369', 'version': '::apt', 'url': ' '}, {'name': 'robotfindskitten', 'action': 'install', 'id': '5474869', 'version': ' ', 'url': ' '}, {'name': 'squirrel3', 'action': 'install', 'id': '5475279', 'version': '3.1-7::apt', 'url': ' '}, {'name': 'rolldice', 'action': 'install', 'id': '5152439', 'version': '1.16-1+b1', 'url': ' '}, {'name': 'moon-buggy', 'action': 'install', 'id': '5439204', 'version': '1:1.0.51-12', 'url': ' '}, {'name': 'asciijump', 'action': 'install', 'id': '5475369', 'version': '::apt', 'url': ' '}]}
11:59:27 INFO  State of operation 19409325 : PENDING
11:59:29 INFO  State of operation 19409325 : EXECUTING
11:59:31 INFO  State of operation 19409325 : EXECUTING
11:59:33 INFO  State of operation 19409325 : EXECUTING
11:59:35 INFO  State of operation 19409325 : EXECUTING
11:59:38 INFO  State of operation 19409325 : EXECUTING
11:59:41 INFO  State of operation 19409325 : EXECUTING
11:59:43 INFO  State of operation 19409325 : EXECUTING
11:59:46 INFO  State of operation 19409325 : EXECUTING
11:59:48 INFO  State of operation 19409325 : EXECUTING
11:59:50 INFO  State of operation 19409325 : EXECUTING
11:59:52 INFO  State of operation 19409325 : EXECUTING
11:59:55 INFO  State of operation 19409325 : EXECUTING
11:59:57 INFO  State of operation 19409325 : EXECUTING
11:59:59 INFO  State of operation 19409325 : EXECUTING
12:00:01 INFO  State of operation 19409325 : EXECUTING
12:00:04 INFO  State of operation 19409325 : EXECUTING
12:00:07 INFO  State of operation 19409325 : EXECUTING
12:00:09 INFO  State of operation 19409325 : EXECUTING
12:00:11 INFO  State of operation 19409325 : EXECUTING
12:00:13 INFO  State of operation 19409325 : EXECUTING
12:00:16 INFO  State of operation 19409325 : EXECUTING
12:00:18 INFO  State of operation 19409325 : EXECUTING
12:00:21 INFO  State of operation 19409325 : EXECUTING
12:00:23 INFO  State of operation 19409325 : EXECUTING
12:00:26 INFO  State of operation 19409325 : EXECUTING
12:00:28 INFO  State of operation 19409325 : EXECUTING
12:00:31 INFO  State of operation 19409325 : EXECUTING
12:00:33 INFO  State of operation 19409325 : EXECUTING
12:00:36 INFO  State of operation 19409325 : EXECUTING
12:00:38 INFO  State of operation 19409325 : EXECUTING
12:00:40 INFO  State of operation 19409325 : EXECUTING
12:00:42 INFO  State of operation 19409325 : EXECUTING
12:00:45 INFO  State of operation 19409325 : EXECUTING
12:00:47 INFO  State of operation 19409325 : EXECUTING
12:00:49 INFO  State of operation 19409325 : EXECUTING
12:00:51 INFO  State of operation 19409325 : EXECUTING
12:00:54 INFO  State of operation 19409325 : EXECUTING
12:00:57 INFO  State of operation 19409325 : EXECUTING
12:00:59 INFO  State of operation 19409325 : EXECUTING
12:01:01 INFO  State of operation 19409325 : EXECUTING
12:01:04 INFO  State of operation 19409325 : EXECUTING
12:01:06 INFO  State of operation 19409325 : EXECUTING
12:01:08 INFO  State of operation 19409325 : EXECUTING
12:01:10 INFO  State of operation 19409325 : EXECUTING
12:01:13 INFO  State of operation 19409325 : EXECUTING
12:01:15 INFO  State of operation 19409325 : EXECUTING
12:01:17 INFO  State of operation 19409325 : EXECUTING
12:01:19 INFO  State of operation 19409325 : EXECUTING
12:01:22 INFO  State of operation 19409325 : EXECUTING
12:01:24 INFO  State of operation 19409325 : EXECUTING
12:01:27 INFO  State of operation 19409325 : EXECUTING
12:01:30 INFO  State of operation 19409325 : EXECUTING
12:01:32 INFO  State of operation 19409325 : EXECUTING
12:01:35 INFO  State of operation 19409325 : EXECUTING
12:01:37 INFO  State of operation 19409325 : EXECUTING
12:01:40 INFO  State of operation 19409325 : EXECUTING
12:01:43 INFO  State of operation 19409325 : EXECUTING
12:01:45 INFO  State of operation 19409325 : EXECUTING
12:01:47 INFO  State of operation 19409325 : EXECUTING
12:01:50 INFO  State of operation 19409325 : EXECUTING
12:01:52 WARN  SystemError occurred while running test - Timeout while waiting for status SUCCESSFUL or False
Traceback (most recent call last):
  File &quot;/home/pi/env-pysys/lib/python3.7/site-packages/pysys/baserunner.py&quot;, line 1294, in __call__
    self.testObj.execute()
  File &quot;/home/pi/actions-runner/_work/thin-edge.io/thin-edge.io/tests/PySys/software_management_end_to_end/sm_apt_install_remove_multiple_mixed/run.py&quot;, line 89, in execute
    self.wait_until_succcess()
  File &quot;/home/pi/actions-runner/_work/thin-edge.io/thin-edge.io/tests/PySys/software_management_end_to_end/environment_sm_management.py&quot;, line 324, in wait_until_succcess
    self.wait_until_status(&quot;SUCCESSFUL&quot;)
  File &quot;/home/pi/actions-runner/_work/thin-edge.io/thin-edge.io/tests/PySys/software_management_end_to_end/environment_sm_management.py&quot;, line 381, in wait_until_status
    &quot;Timeout while waiting for status %s or %s&quot; % (status, status2)
SystemError: Timeout while waiting for status SUCCESSFUL or False
12:01:52 WARN  SystemError: Timeout while waiting for status SUCCESSFUL or False ... blocked 
12:01:52 INFO  
12:01:52 INFO  cleanup:
12:01:56 INFO  Executed sudo&lt;tedge_disconnect_c8y&gt;, exit status 0
12:01:57 INFO  Executed systemctl&lt;serv_mapper5&gt;, exit status 3
12:01:57 INFO  
12:01:57 INFO  Test duration: 180.12 secs
12:01:57 INFO  Test final outcome:  BLOCKED
12:01:57 INFO  Test outcome reason: SystemError: Timeout while waiting for status SUCCESSFUL or False
12:01:57 INFO  
</system-out>
	</testcase>
</testsuite>
