<?xml version="1.0" encoding="utf-8"?>
<testsuite failures="0" name="apt_remove" skipped="0" tests="1" time="65.07" timestamp="2022-07-25T08:55:36">
	<testcase classname="AptPluginRemoveDense" name="apt_remove"/>
</testsuite>
