<?xml version="1.0" encoding="utf-8"?>
<testsuite failures="1" name="SoftwareManagement.sm_apt_install_remove_multiple_mixed" skipped="0" tests="1" time="177.61" timestamp="2022-07-01T07:39:03">
	<testcase classname="PySysTest" name="SoftwareManagement.sm_apt_install_remove_multiple_mixed">
		<failure message="BLOCKED: SystemError: Timeout while waiting for status SUCCESSFUL or False" type="BLOCKED"/>
		<system-out>07:36:05 INFO  ==============================================================
07:36:05 INFO  Id:    SoftwareManagement.sm_apt_install_remove_multiple_mixed
07:36:05 INFO  Dir:   software_management_end_to_end/
07:36:05 INFO  Title: Validate end to end behaviour for the apt plugin for multiple packages with mixed versions
07:36:05 INFO  ==============================================================
07:36:05 INFO  Using sw id database: {'asciijump': '5475369', 'robotfindskitten': '5474869', 'squirrel3': '5475279', 'rolldice': '5152439', 'moon-buggy': '5439204', 'apple': '5495053', 'banana': '5494888', 'cherry': '5495382', 'watermelon': '5494510', 'registry': '8018911', 'hello-world': '8021526', 'docker/getting-started': '8021973', 'alpine': '7991792'}
07:36:05 INFO  EnvironmentC8y Setup
07:36:06 INFO  Executed systemctl&lt;serv_mapper1&gt;, exit status 3
07:36:06 INFO  Restarting mosquitto too frequently in the last 10 seconds. It was only up for 5 seconds
07:36:06 INFO  Delaying execution by 6 seconds
07:36:25 INFO  Executed sudo&lt;tedge_connect_c8y&gt;, exit status 0, duration 13 secs
07:36:26 INFO  Executed sudo&lt;tedge_connect_c8y_test&gt;, exit status 0
07:36:26 INFO  Executed systemctl&lt;serv_mosq2&gt;, exit status 0
07:36:27 INFO  Executed systemctl&lt;serv_mapper3&gt;, exit status 0
07:36:29 INFO  State of current operation: SUCCESSFUL
07:36:29 INFO  Assert that (False == value) with value=False ... passed
07:36:30 INFO  Assert that (False == value) with value=False ... passed
07:36:30 INFO  Assert that (False == value) with value=False ... passed
07:36:30 INFO  Assert that (False == value) with value=False ... passed
07:36:30 INFO  Assert that (False == value) with value=False ... passed
07:36:32 INFO  Response status: 201
07:36:32 INFO  Response to action: {
    &quot;delivery&quot;: {
        &quot;log&quot;: [],
        &quot;time&quot;: &quot;2022-07-01T07:36:32.078Z&quot;,
        &quot;status&quot;: &quot;PENDING&quot;
    },
    &quot;creationTime&quot;: &quot;2022-07-01T07:36:32.061Z&quot;,
    &quot;deviceId&quot;: &quot;20623832&quot;,
    &quot;deviceName&quot;: &quot;m32sd10d&quot;,
    &quot;self&quot;: &quot;https://t493319102.eu-latest.cumulocity.com/devicecontrol/operations/20660980&quot;,
    &quot;id&quot;: &quot;20660980&quot;,
    &quot;status&quot;: &quot;PENDING&quot;,
    &quot;description&quot;: &quot;Apply software changes, triggered from PySys: [{'action': 'install', 'id': '5475369', 'name': 'asciijump', 'url': ' ', 'version': '::apt'}, {'action': 'install', 'id': '5474869', 'name': 'robotfindskitten', 'url': ' ', 'version': ' '}, {'action': 'install', 'id': '5475279', 'name': 'squirrel3', 'url': ' ', 'version': '3.1-7::apt'}, {'action': 'install', 'id': '5152439', 'name': 'rolldice', 'url': ' ', 'version': '1.16-1+b1'}, {'action': 'install', 'id': '5439204', 'name': 'moon-buggy', 'url': ' ', 'version': '1:1.0.51-12'}, {'action': 'install', 'id': '5475369', 'name': 'asciijump', 'url': ' ', 'version': '::apt'}]&quot;,
    &quot;c8y_SoftwareUpdate&quot;: [
        {
            &quot;name&quot;: &quot;asciijump&quot;,
            &quot;action&quot;: &quot;install&quot;,
            &quot;id&quot;: &quot;5475369&quot;,
            &quot;version&quot;: &quot;::apt&quot;,
            &quot;url&quot;: &quot; &quot;
        },
        {
            &quot;name&quot;: &quot;robotfindskitten&quot;,
            &quot;action&quot;: &quot;install&quot;,
            &quot;id&quot;: &quot;5474869&quot;,
            &quot;version&quot;: &quot; &quot;,
            &quot;url&quot;: &quot; &quot;
        },
        {
            &quot;name&quot;: &quot;squirrel3&quot;,
            &quot;action&quot;: &quot;install&quot;,
            &quot;id&quot;: &quot;5475279&quot;,
            &quot;version&quot;: &quot;3.1-7::apt&quot;,
            &quot;url&quot;: &quot; &quot;
        },
        {
            &quot;name&quot;: &quot;rolldice&quot;,
            &quot;action&quot;: &quot;install&quot;,
            &quot;id&quot;: &quot;5152439&quot;,
            &quot;version&quot;: &quot;1.16-1+b1&quot;,
            &quot;url&quot;: &quot; &quot;
        },
        {
            &quot;name&quot;: &quot;moon-buggy&quot;,
            &quot;action&quot;: &quot;install&quot;,
            &quot;id&quot;: &quot;5439204&quot;,
            &quot;version&quot;: &quot;1:1.0.51-12&quot;,
            &quot;url&quot;: &quot; &quot;
        },
        {
            &quot;name&quot;: &quot;asciijump&quot;,
            &quot;action&quot;: &quot;install&quot;,
            &quot;id&quot;: &quot;5475369&quot;,
            &quot;version&quot;: &quot;::apt&quot;,
            &quot;url&quot;: &quot; &quot;
        }
    ]
}
07:36:32 INFO  Started operation: {'delivery': {'log': [], 'time': '2022-07-01T07:36:32.078Z', 'status': 'PENDING'}, 'creationTime': '2022-07-01T07:36:32.061Z', 'deviceId': '20623832', 'deviceName': 'm32sd10d', 'self': 'https://t493319102.eu-latest.cumulocity.com/devicecontrol/operations/20660980', 'id': '20660980', 'status': 'PENDING', 'description': &quot;Apply software changes, triggered from PySys: [{'action': 'install', 'id': '5475369', 'name': 'asciijump', 'url': ' ', 'version': '::apt'}, {'action': 'install', 'id': '5474869', 'name': 'robotfindskitten', 'url': ' ', 'version': ' '}, {'action': 'install', 'id': '5475279', 'name': 'squirrel3', 'url': ' ', 'version': '3.1-7::apt'}, {'action': 'install', 'id': '5152439', 'name': 'rolldice', 'url': ' ', 'version': '1.16-1+b1'}, {'action': 'install', 'id': '5439204', 'name': 'moon-buggy', 'url': ' ', 'version': '1:1.0.51-12'}, {'action': 'install', 'id': '5475369', 'name': 'asciijump', 'url': ' ', 'version': '::apt'}]&quot;, 'c8y_SoftwareUpdate': [{'name': 'asciijump', 'action': 'install', 'id': '5475369', 'version': '::apt', 'url': ' '}, {'name': 'robotfindskitten', 'action': 'install', 'id': '5474869', 'version': ' ', 'url': ' '}, {'name': 'squirrel3', 'action': 'install', 'id': '5475279', 'version': '3.1-7::apt', 'url': ' '}, {'name': 'rolldice', 'action': 'install', 'id': '5152439', 'version': '1.16-1+b1', 'url': ' '}, {'name': 'moon-buggy', 'action': 'install', 'id': '5439204', 'version': '1:1.0.51-12', 'url': ' '}, {'name': 'asciijump', 'action': 'install', 'id': '5475369', 'version': '::apt', 'url': ' '}]}
07:36:34 INFO  State of operation 20660980 : PENDING
07:36:36 INFO  State of operation 20660980 : EXECUTING
07:36:38 INFO  State of operation 20660980 : EXECUTING
07:36:41 INFO  State of operation 20660980 : EXECUTING
07:36:43 INFO  State of operation 20660980 : EXECUTING
07:36:45 INFO  State of operation 20660980 : EXECUTING
07:36:48 INFO  State of operation 20660980 : EXECUTING
07:36:50 INFO  State of operation 20660980 : EXECUTING
07:36:53 INFO  State of operation 20660980 : EXECUTING
07:36:55 INFO  State of operation 20660980 : EXECUTING
07:36:58 INFO  State of operation 20660980 : EXECUTING
07:37:00 INFO  State of operation 20660980 : EXECUTING
07:37:02 INFO  State of operation 20660980 : EXECUTING
07:37:04 INFO  State of operation 20660980 : EXECUTING
07:37:07 INFO  State of operation 20660980 : EXECUTING
07:37:09 INFO  State of operation 20660980 : EXECUTING
07:37:11 INFO  State of operation 20660980 : EXECUTING
07:37:14 INFO  State of operation 20660980 : EXECUTING
07:37:16 INFO  State of operation 20660980 : EXECUTING
07:37:18 INFO  State of operation 20660980 : EXECUTING
07:37:21 INFO  State of operation 20660980 : EXECUTING
07:37:23 INFO  State of operation 20660980 : EXECUTING
07:37:25 INFO  State of operation 20660980 : EXECUTING
07:37:28 INFO  State of operation 20660980 : EXECUTING
07:37:30 INFO  State of operation 20660980 : EXECUTING
07:37:32 INFO  State of operation 20660980 : EXECUTING
07:37:34 INFO  State of operation 20660980 : EXECUTING
07:37:37 INFO  State of operation 20660980 : EXECUTING
07:37:39 INFO  State of operation 20660980 : EXECUTING
07:37:41 INFO  State of operation 20660980 : EXECUTING
07:37:44 INFO  State of operation 20660980 : EXECUTING
07:37:46 INFO  State of operation 20660980 : EXECUTING
07:37:48 INFO  State of operation 20660980 : EXECUTING
07:37:50 INFO  State of operation 20660980 : EXECUTING
07:37:52 INFO  State of operation 20660980 : EXECUTING
07:37:55 INFO  State of operation 20660980 : EXECUTING
07:37:57 INFO  State of operation 20660980 : EXECUTING
07:37:59 INFO  State of operation 20660980 : EXECUTING
07:38:02 INFO  State of operation 20660980 : EXECUTING
07:38:05 INFO  State of operation 20660980 : EXECUTING
07:38:07 INFO  State of operation 20660980 : EXECUTING
07:38:09 INFO  State of operation 20660980 : EXECUTING
07:38:12 INFO  State of operation 20660980 : EXECUTING
07:38:14 INFO  State of operation 20660980 : EXECUTING
07:38:16 INFO  State of operation 20660980 : EXECUTING
07:38:18 INFO  State of operation 20660980 : EXECUTING
07:38:20 INFO  State of operation 20660980 : EXECUTING
07:38:23 INFO  State of operation 20660980 : EXECUTING
07:38:25 INFO  State of operation 20660980 : EXECUTING
07:38:28 INFO  State of operation 20660980 : EXECUTING
07:38:30 INFO  State of operation 20660980 : EXECUTING
07:38:32 INFO  State of operation 20660980 : EXECUTING
07:38:35 INFO  State of operation 20660980 : EXECUTING
07:38:37 INFO  State of operation 20660980 : EXECUTING
07:38:40 INFO  State of operation 20660980 : EXECUTING
07:38:42 INFO  State of operation 20660980 : EXECUTING
07:38:45 INFO  State of operation 20660980 : EXECUTING
07:38:47 INFO  State of operation 20660980 : EXECUTING
07:38:49 INFO  State of operation 20660980 : EXECUTING
07:38:51 INFO  State of operation 20660980 : EXECUTING
07:38:53 INFO  State of operation 20660980 : EXECUTING
07:38:55 WARN  SystemError occurred while running test - Timeout while waiting for status SUCCESSFUL or False
Traceback (most recent call last):
  File &quot;/home/pi/env-pysys/lib/python3.7/site-packages/pysys/baserunner.py&quot;, line 1294, in __call__
    self.testObj.execute()
  File &quot;/home/pi/actions-runner/_work/thin-edge.io/thin-edge.io/tests/PySys/software_management_end_to_end/sm_apt_install_remove_multiple_mixed/run.py&quot;, line 89, in execute
    self.wait_until_succcess()
  File &quot;/home/pi/actions-runner/_work/thin-edge.io/thin-edge.io/tests/PySys/software_management_end_to_end/environment_sm_management.py&quot;, line 324, in wait_until_succcess
    self.wait_until_status(&quot;SUCCESSFUL&quot;)
  File &quot;/home/pi/actions-runner/_work/thin-edge.io/thin-edge.io/tests/PySys/software_management_end_to_end/environment_sm_management.py&quot;, line 381, in wait_until_status
    &quot;Timeout while waiting for status %s or %s&quot; % (status, status2)
SystemError: Timeout while waiting for status SUCCESSFUL or False
07:38:56 WARN  SystemError: Timeout while waiting for status SUCCESSFUL or False ... blocked 
07:38:56 INFO  
07:38:56 INFO  cleanup:
07:39:02 INFO  Executed sudo&lt;tedge_disconnect_c8y&gt;, exit status 0
07:39:02 INFO  Executed systemctl&lt;serv_mapper5&gt;, exit status 3
07:39:02 INFO  
07:39:02 INFO  Test duration: 177.61 secs
07:39:02 INFO  Test final outcome:  BLOCKED
07:39:02 INFO  Test outcome reason: SystemError: Timeout while waiting for status SUCCESSFUL or False
07:39:02 INFO  
</system-out>
	</testcase>
</testsuite>
