<?xml version="1.0" encoding="utf-8"?>
<testsuite failures="1" name="SoftwareManagement.sm_apt_install_fail" skipped="0" tests="1" time="165.2" timestamp="2022-05-25T11:30:42">
	<testcase classname="PySysTest" name="SoftwareManagement.sm_apt_install_fail">
		<failure message="BLOCKED: SystemError: Timeout while waiting for status FAILED or SUCCESSFUL" type="BLOCKED"/>
		<system-out>11:27:57 INFO  ==============================================================
11:27:57 INFO  Id:    SoftwareManagement.sm_apt_install_fail
11:27:57 INFO  Dir:   software_management_end_to_end/
11:27:57 INFO  Title: Validate end to end behaviour for a failing installation
11:27:57 INFO  ==============================================================
11:27:57 INFO  Using sw id database: {'asciijump': '5475369', 'robotfindskitten': '5474869', 'squirrel3': '5475279', 'rolldice': '5152439', 'moon-buggy': '5439204', 'apple': '5495053', 'banana': '5494888', 'cherry': '5495382', 'watermelon': '5494510', 'registry': '8018911', 'hello-world': '8021526', 'docker/getting-started': '8021973', 'alpine': '7991792'}
11:27:57 INFO  EnvironmentC8y Setup
11:27:58 INFO  Executed systemctl&lt;serv_mapper1&gt;, exit status 3
11:27:58 INFO  Restarting mosquitto too frequently in the last 10 seconds. It was only up for 5 seconds
11:27:58 INFO  Delaying execution by 6 seconds
11:28:17 INFO  Executed sudo&lt;tedge_connect_c8y&gt;, exit status 0, duration 13 secs
11:28:18 INFO  Executed sudo&lt;tedge_connect_c8y_test&gt;, exit status 0
11:28:18 INFO  Executed systemctl&lt;serv_mosq2&gt;, exit status 0
11:28:19 INFO  Executed systemctl&lt;serv_mapper3&gt;, exit status 0
11:28:21 INFO  State of current operation: PENDING
11:28:23 INFO  State of current operation: PENDING
11:28:26 INFO  State of current operation: PENDING
11:28:28 INFO  State of current operation: PENDING
11:28:30 INFO  State of current operation: PENDING
11:28:32 INFO  State of current operation: PENDING
11:28:35 INFO  State of current operation: PENDING
11:28:37 INFO  State of current operation: PENDING
11:28:39 INFO  State of current operation: PENDING
11:28:41 INFO  State of current operation: PENDING
11:28:43 INFO  State of current operation: PENDING
11:28:46 INFO  State of current operation: PENDING
11:28:48 INFO  State of current operation: PENDING
11:28:50 INFO  State of current operation: PENDING
11:28:52 INFO  State of current operation: PENDING
11:28:55 INFO  State of current operation: PENDING
11:28:57 INFO  State of current operation: PENDING
11:28:59 INFO  State of current operation: PENDING
11:29:01 INFO  State of current operation: PENDING
11:29:04 INFO  State of current operation: PENDING
11:29:06 INFO  State of current operation: PENDING
11:29:08 INFO  State of current operation: PENDING
11:29:10 INFO  State of current operation: PENDING
11:29:12 INFO  State of current operation: PENDING
11:29:15 INFO  State of current operation: PENDING
11:29:17 INFO  State of current operation: PENDING
11:29:19 INFO  State of current operation: PENDING
11:29:21 INFO  State of current operation: PENDING
11:29:24 INFO  State of current operation: PENDING
11:29:26 INFO  State of current operation: PENDING
11:29:28 INFO  State of current operation: PENDING
11:29:30 INFO  State of current operation: PENDING
11:29:33 INFO  State of current operation: PENDING
11:29:35 INFO  State of current operation: PENDING
11:29:37 INFO  State of current operation: PENDING
11:29:39 INFO  State of current operation: PENDING
11:29:41 INFO  State of current operation: PENDING
11:29:44 INFO  State of current operation: PENDING
11:29:46 INFO  State of current operation: PENDING
11:29:48 INFO  State of current operation: PENDING
11:29:50 INFO  State of current operation: PENDING
11:29:53 INFO  State of current operation: PENDING
11:29:55 INFO  State of current operation: PENDING
11:29:57 INFO  State of current operation: PENDING
11:29:59 INFO  State of current operation: PENDING
11:30:02 INFO  State of current operation: PENDING
11:30:04 INFO  State of current operation: PENDING
11:30:06 INFO  State of current operation: PENDING
11:30:08 INFO  State of current operation: PENDING
11:30:11 INFO  State of current operation: PENDING
11:30:13 INFO  State of current operation: PENDING
11:30:15 INFO  State of current operation: PENDING
11:30:18 INFO  State of current operation: PENDING
11:30:20 INFO  State of current operation: PENDING
11:30:22 INFO  State of current operation: PENDING
11:30:24 INFO  State of current operation: PENDING
11:30:27 INFO  State of current operation: PENDING
11:30:29 INFO  State of current operation: PENDING
11:30:31 INFO  State of current operation: PENDING
11:30:33 INFO  State of current operation: PENDING
11:30:36 INFO  State of current operation: PENDING
11:30:38 WARN  SystemError occurred while running test - Timeout while waiting for status FAILED or SUCCESSFUL
Traceback (most recent call last):
  File &quot;/home/pi/env-pysys/lib/python3.7/site-packages/pysys/baserunner.py&quot;, line 1292, in __call__
    self.testObj.setup()
  File &quot;/home/pi/actions-runner/_work/thin-edge.io/thin-edge.io/tests/PySys/software_management_end_to_end/sm_apt_install_fail/run.py&quot;, line 20, in setup
    super().setup()
  File &quot;/home/pi/actions-runner/_work/thin-edge.io/thin-edge.io/tests/PySys/software_management_end_to_end/environment_sm_management.py&quot;, line 151, in setup
    self.wait_until_end()
  File &quot;/home/pi/actions-runner/_work/thin-edge.io/thin-edge.io/tests/PySys/software_management_end_to_end/environment_sm_management.py&quot;, line 332, in wait_until_end
    self.wait_until_status(&quot;FAILED&quot;, &quot;SUCCESSFUL&quot;)
  File &quot;/home/pi/actions-runner/_work/thin-edge.io/thin-edge.io/tests/PySys/software_management_end_to_end/environment_sm_management.py&quot;, line 381, in wait_until_status
    &quot;Timeout while waiting for status %s or %s&quot; % (status, status2)
SystemError: Timeout while waiting for status FAILED or SUCCESSFUL
11:30:38 WARN  SystemError: Timeout while waiting for status FAILED or SUCCESSFUL ... blocked 
11:30:38 INFO  
11:30:38 INFO  cleanup:
11:30:42 INFO  Executed sudo&lt;tedge_disconnect_c8y&gt;, exit status 0
11:30:42 INFO  Executed systemctl&lt;serv_mapper5&gt;, exit status 3
11:30:42 INFO  
11:30:42 INFO  Test duration: 165.20 secs
11:30:42 INFO  Test final outcome:  BLOCKED
11:30:42 INFO  Test outcome reason: SystemError: Timeout while waiting for status FAILED or SUCCESSFUL
11:30:42 INFO  
</system-out>
	</testcase>
</testsuite>
