<?xml version="1.0" encoding="utf-8"?>
<testsuite failures="1" name="SoftwareManagement.sm_apt_install_download_path" skipped="0" tests="1" time="53.74" timestamp="2022-07-22T18:00:19">
	<testcase classname="AptInstallWithDownloadPath" name="SoftwareManagement.sm_apt_install_download_path">
		<failure message="BLOCKED: SystemError: The Sofware list is empty !!!" type="BLOCKED"/>
		<system-out>17:59:25 INFO  ==============================================================
17:59:25 INFO  Id:    SoftwareManagement.sm_apt_install_download_path
17:59:25 INFO  Dir:   software_management_end_to_end/
17:59:25 INFO  Title: Install package to directory specified in tedge config set tmp.path
17:59:25 INFO  ==============================================================
17:59:25 INFO  Using sw id database: {'asciijump': '5475369', 'robotfindskitten': '5474869', 'squirrel3': '5475279', 'rolldice': '5152439', 'moon-buggy': '5439204', 'apple': '5495053', 'banana': '5494888', 'cherry': '5495382', 'watermelon': '5494510', 'registry': '8018911', 'hello-world': '8021526', 'docker/getting-started': '8021973', 'alpine': '7991792'}
17:59:25 INFO  EnvironmentC8y Setup
17:59:26 INFO  Executed systemctl&lt;serv_mapper1&gt;, exit status 3
17:59:40 INFO  Executed sudo&lt;tedge_connect_c8y&gt;, exit status 0, duration 14 secs
17:59:42 INFO  Executed sudo&lt;tedge_connect_c8y_test&gt;, exit status 0
17:59:43 INFO  Executed systemctl&lt;serv_mosq2&gt;, exit status 0
17:59:44 INFO  Executed systemctl&lt;serv_mapper3&gt;, exit status 0
17:59:46 ERROR No operations found, assuming it passed
17:59:47 WARN  SystemError occurred while running test - The Sofware list is empty !!!
Traceback (most recent call last):
  File &quot;/home/pi/env-pysys/lib/python3.7/site-packages/pysys/baserunner.py&quot;, line 1292, in __call__
    self.testObj.setup()
  File &quot;/home/pi/actions-runner/_work/thin-edge.io/thin-edge.io/tests/PySys/software_management_end_to_end/sm_apt_install_download_path/run.py&quot;, line 49, in setup
    self.assertThat(&quot;False == value&quot;, value=self.check_is_installed(&quot;rolldice&quot;))
  File &quot;/home/pi/actions-runner/_work/thin-edge.io/thin-edge.io/tests/PySys/software_management_end_to_end/environment_sm_management.py&quot;, line 399, in check_is_installed
    raise SystemError(&quot;The Sofware list is empty !!!&quot;)
SystemError: The Sofware list is empty !!!
17:59:47 WARN  SystemError: The Sofware list is empty !!! ... blocked 
17:59:47 INFO  
17:59:47 INFO  cleanup:
17:59:48 INFO  Executed sudo, exit status 0
17:59:48 INFO  Executed sudo, exit status 0
17:59:52 INFO  Executed sudo&lt;tedge_disconnect_c8y&gt;, exit status 0
17:59:52 INFO  Restarting mosquitto too frequently in the last 10 seconds. It was only up for 3 seconds
17:59:52 INFO  Delaying execution by 8 seconds
18:00:14 INFO  Executed sudo&lt;tedge_connect_c8y&gt;, exit status 0, duration 13 secs
18:00:18 INFO  Executed sudo&lt;tedge_disconnect_c8y&gt;, exit status 0
18:00:19 INFO  Executed systemctl&lt;serv_mapper5&gt;, exit status 3
18:00:19 INFO  
18:00:19 INFO  Test duration: 53.74 secs
18:00:19 INFO  Test final outcome:  BLOCKED
18:00:19 INFO  Test outcome reason: SystemError: The Sofware list is empty !!!
18:00:19 INFO  
</system-out>
	</testcase>
</testsuite>
