<?xml version="1.0" encoding="utf-8"?>
<testsuite failures="0" name="apt_prepare" skipped="0" tests="1" time="18.84" timestamp="2022-06-29T17:18:26">
	<testcase classname="AptPluginPrepare" name="apt_prepare"/>
</testsuite>
