<?xml version="1.0" encoding="utf-8"?>
<testsuite failures="1" name="SoftwareManagement.sm_apt_install_remove_multiple" skipped="0" tests="1" time="164.7" timestamp="2022-05-23T15:44:30">
	<testcase classname="PySysTest" name="SoftwareManagement.sm_apt_install_remove_multiple">
		<failure message="BLOCKED: SystemError: Timeout while waiting for status FAILED or SUCCESSFUL" type="BLOCKED"/>
		<system-out>15:41:45 INFO  ==============================================================
15:41:45 INFO  Id:    SoftwareManagement.sm_apt_install_remove_multiple
15:41:45 INFO  Dir:   software_management_end_to_end/
15:41:45 INFO  Title: Validate end to end behaviour for the apt plugin for multiple packages
15:41:45 INFO  ==============================================================
15:41:45 INFO  Using sw id database: {'asciijump': '5475369', 'robotfindskitten': '5474869', 'squirrel3': '5475279', 'rolldice': '5152439', 'moon-buggy': '5439204', 'apple': '5495053', 'banana': '5494888', 'cherry': '5495382', 'watermelon': '5494510', 'registry': '8018911', 'hello-world': '8021526', 'docker/getting-started': '8021973', 'alpine': '7991792'}
15:41:45 INFO  EnvironmentC8y Setup
15:41:46 INFO  Executed systemctl&lt;serv_mapper1&gt;, exit status 3
15:41:46 INFO  Restarting mosquitto too frequently in the last 10 seconds. It was only up for 5 seconds
15:41:46 INFO  Delaying execution by 6 seconds
15:42:06 INFO  Executed sudo&lt;tedge_connect_c8y&gt;, exit status 0, duration 13 secs
15:42:06 INFO  Executed sudo&lt;tedge_connect_c8y_test&gt;, exit status 0
15:42:07 INFO  Executed systemctl&lt;serv_mosq2&gt;, exit status 0
15:42:07 INFO  Executed systemctl&lt;serv_mapper3&gt;, exit status 0
15:42:09 INFO  State of current operation: PENDING
15:42:12 INFO  State of current operation: PENDING
15:42:14 INFO  State of current operation: PENDING
15:42:16 INFO  State of current operation: PENDING
15:42:18 INFO  State of current operation: PENDING
15:42:21 INFO  State of current operation: PENDING
15:42:23 INFO  State of current operation: PENDING
15:42:25 INFO  State of current operation: PENDING
15:42:27 INFO  State of current operation: PENDING
15:42:30 INFO  State of current operation: PENDING
15:42:32 INFO  State of current operation: PENDING
15:42:34 INFO  State of current operation: PENDING
15:42:36 INFO  State of current operation: PENDING
15:42:39 INFO  State of current operation: PENDING
15:42:41 INFO  State of current operation: PENDING
15:42:43 INFO  State of current operation: PENDING
15:42:45 INFO  State of current operation: PENDING
15:42:47 INFO  State of current operation: PENDING
15:42:50 INFO  State of current operation: PENDING
15:42:52 INFO  State of current operation: PENDING
15:42:54 INFO  State of current operation: PENDING
15:42:56 INFO  State of current operation: PENDING
15:42:59 INFO  State of current operation: PENDING
15:43:01 INFO  State of current operation: PENDING
15:43:03 INFO  State of current operation: PENDING
15:43:05 INFO  State of current operation: PENDING
15:43:08 INFO  State of current operation: PENDING
15:43:10 INFO  State of current operation: PENDING
15:43:12 INFO  State of current operation: PENDING
15:43:14 INFO  State of current operation: PENDING
15:43:16 INFO  State of current operation: PENDING
15:43:19 INFO  State of current operation: PENDING
15:43:21 INFO  State of current operation: PENDING
15:43:23 INFO  State of current operation: PENDING
15:43:25 INFO  State of current operation: PENDING
15:43:28 INFO  State of current operation: PENDING
15:43:30 INFO  State of current operation: PENDING
15:43:32 INFO  State of current operation: PENDING
15:43:34 INFO  State of current operation: PENDING
15:43:36 INFO  State of current operation: PENDING
15:43:39 INFO  State of current operation: PENDING
15:43:41 INFO  State of current operation: PENDING
15:43:43 INFO  State of current operation: PENDING
15:43:45 INFO  State of current operation: PENDING
15:43:48 INFO  State of current operation: PENDING
15:43:50 INFO  State of current operation: PENDING
15:43:52 INFO  State of current operation: PENDING
15:43:54 INFO  State of current operation: PENDING
15:43:57 INFO  State of current operation: PENDING
15:43:59 INFO  State of current operation: PENDING
15:44:01 INFO  State of current operation: PENDING
15:44:03 INFO  State of current operation: PENDING
15:44:06 INFO  State of current operation: PENDING
15:44:08 INFO  State of current operation: PENDING
15:44:10 INFO  State of current operation: PENDING
15:44:12 INFO  State of current operation: PENDING
15:44:14 INFO  State of current operation: PENDING
15:44:17 INFO  State of current operation: PENDING
15:44:19 INFO  State of current operation: PENDING
15:44:21 INFO  State of current operation: PENDING
15:44:23 INFO  State of current operation: PENDING
15:44:25 WARN  SystemError occurred while running test - Timeout while waiting for status FAILED or SUCCESSFUL
Traceback (most recent call last):
  File &quot;/home/pi/env-pysys/lib/python3.7/site-packages/pysys/baserunner.py&quot;, line 1292, in __call__
    self.testObj.setup()
  File &quot;/home/pi/actions-runner/_work/thin-edge.io/thin-edge.io/tests/PySys/software_management_end_to_end/sm_apt_install_remove_multiple/run.py&quot;, line 52, in setup
    super().setup()
  File &quot;/home/pi/actions-runner/_work/thin-edge.io/thin-edge.io/tests/PySys/software_management_end_to_end/environment_sm_management.py&quot;, line 151, in setup
    self.wait_until_end()
  File &quot;/home/pi/actions-runner/_work/thin-edge.io/thin-edge.io/tests/PySys/software_management_end_to_end/environment_sm_management.py&quot;, line 332, in wait_until_end
    self.wait_until_status(&quot;FAILED&quot;, &quot;SUCCESSFUL&quot;)
  File &quot;/home/pi/actions-runner/_work/thin-edge.io/thin-edge.io/tests/PySys/software_management_end_to_end/environment_sm_management.py&quot;, line 381, in wait_until_status
    &quot;Timeout while waiting for status %s or %s&quot; % (status, status2)
SystemError: Timeout while waiting for status FAILED or SUCCESSFUL
15:44:25 WARN  SystemError: Timeout while waiting for status FAILED or SUCCESSFUL ... blocked 
15:44:25 INFO  
15:44:25 INFO  cleanup:
15:44:29 INFO  Executed sudo&lt;tedge_disconnect_c8y&gt;, exit status 0
15:44:30 INFO  Executed systemctl&lt;serv_mapper5&gt;, exit status 3
15:44:30 INFO  
15:44:30 INFO  Test duration: 164.70 secs
15:44:30 INFO  Test final outcome:  BLOCKED
15:44:30 INFO  Test outcome reason: SystemError: Timeout while waiting for status FAILED or SUCCESSFUL
15:44:30 INFO  
</system-out>
	</testcase>
</testsuite>
