<?xml version="1.0" encoding="utf-8"?>
<testsuite failures="1" name="SoftwareManagement.sm_apt_install_remove_multiple_mixed" skipped="0" tests="1" time="178.55" timestamp="2022-07-21T15:36:53">
	<testcase classname="PySysTest" name="SoftwareManagement.sm_apt_install_remove_multiple_mixed">
		<failure message="BLOCKED: SystemError: Timeout while waiting for status SUCCESSFUL or False" type="BLOCKED"/>
		<system-out>15:33:54 INFO  ==============================================================
15:33:54 INFO  Id:    SoftwareManagement.sm_apt_install_remove_multiple_mixed
15:33:54 INFO  Dir:   software_management_end_to_end/
15:33:54 INFO  Title: Validate end to end behaviour for the apt plugin for multiple packages with mixed versions
15:33:54 INFO  ==============================================================
15:33:54 INFO  Using sw id database: {'asciijump': '5475369', 'robotfindskitten': '5474869', 'squirrel3': '5475279', 'rolldice': '5152439', 'moon-buggy': '5439204', 'apple': '5495053', 'banana': '5494888', 'cherry': '5495382', 'watermelon': '5494510', 'registry': '8018911', 'hello-world': '8021526', 'docker/getting-started': '8021973', 'alpine': '7991792'}
15:33:54 INFO  EnvironmentC8y Setup
15:33:55 INFO  Executed systemctl&lt;serv_mapper1&gt;, exit status 3
15:33:55 INFO  Restarting mosquitto too frequently in the last 10 seconds. It was only up for 5 seconds
15:33:55 INFO  Delaying execution by 6 seconds
15:34:15 INFO  Executed sudo&lt;tedge_connect_c8y&gt;, exit status 0, duration 13 secs
15:34:15 INFO  Executed sudo&lt;tedge_connect_c8y_test&gt;, exit status 0
15:34:16 INFO  Executed systemctl&lt;serv_mosq2&gt;, exit status 0
15:34:16 INFO  Executed systemctl&lt;serv_mapper3&gt;, exit status 0
15:34:18 INFO  State of current operation: SUCCESSFUL
15:34:19 INFO  Assert that (False == value) with value=False ... passed
15:34:19 INFO  Assert that (False == value) with value=False ... passed
15:34:19 INFO  Assert that (False == value) with value=False ... passed
15:34:19 INFO  Assert that (False == value) with value=False ... passed
15:34:20 INFO  Assert that (False == value) with value=False ... passed
15:34:21 INFO  Response status: 201
15:34:21 INFO  Response to action: {
    &quot;creationTime&quot;: &quot;2022-07-21T15:34:21.195Z&quot;,
    &quot;deviceId&quot;: &quot;21121273&quot;,
    &quot;deviceName&quot;: &quot;m32sd10d&quot;,
    &quot;self&quot;: &quot;https://t493319102.eu-latest.cumulocity.com/devicecontrol/operations/21144904&quot;,
    &quot;id&quot;: &quot;21144904&quot;,
    &quot;status&quot;: &quot;PENDING&quot;,
    &quot;description&quot;: &quot;Apply software changes, triggered from PySys: [{'action': 'install', 'id': '5475369', 'name': 'asciijump', 'url': ' ', 'version': '::apt'}, {'action': 'install', 'id': '5474869', 'name': 'robotfindskitten', 'url': ' ', 'version': ' '}, {'action': 'install', 'id': '5475279', 'name': 'squirrel3', 'url': ' ', 'version': '3.1-7::apt'}, {'action': 'install', 'id': '5152439', 'name': 'rolldice', 'url': ' ', 'version': '1.16-1+b1'}, {'action': 'install', 'id': '5439204', 'name': 'moon-buggy', 'url': ' ', 'version': '1:1.0.51-12'}, {'action': 'install', 'id': '5475369', 'name': 'asciijump', 'url': ' ', 'version': '::apt'}]&quot;,
    &quot;c8y_SoftwareUpdate&quot;: [
        {
            &quot;name&quot;: &quot;asciijump&quot;,
            &quot;action&quot;: &quot;install&quot;,
            &quot;id&quot;: &quot;5475369&quot;,
            &quot;version&quot;: &quot;::apt&quot;,
            &quot;url&quot;: &quot; &quot;
        },
        {
            &quot;name&quot;: &quot;robotfindskitten&quot;,
            &quot;action&quot;: &quot;install&quot;,
            &quot;id&quot;: &quot;5474869&quot;,
            &quot;version&quot;: &quot; &quot;,
            &quot;url&quot;: &quot; &quot;
        },
        {
            &quot;name&quot;: &quot;squirrel3&quot;,
            &quot;action&quot;: &quot;install&quot;,
            &quot;id&quot;: &quot;5475279&quot;,
            &quot;version&quot;: &quot;3.1-7::apt&quot;,
            &quot;url&quot;: &quot; &quot;
        },
        {
            &quot;name&quot;: &quot;rolldice&quot;,
            &quot;action&quot;: &quot;install&quot;,
            &quot;id&quot;: &quot;5152439&quot;,
            &quot;version&quot;: &quot;1.16-1+b1&quot;,
            &quot;url&quot;: &quot; &quot;
        },
        {
            &quot;name&quot;: &quot;moon-buggy&quot;,
            &quot;action&quot;: &quot;install&quot;,
            &quot;id&quot;: &quot;5439204&quot;,
            &quot;version&quot;: &quot;1:1.0.51-12&quot;,
            &quot;url&quot;: &quot; &quot;
        },
        {
            &quot;name&quot;: &quot;asciijump&quot;,
            &quot;action&quot;: &quot;install&quot;,
            &quot;id&quot;: &quot;5475369&quot;,
            &quot;version&quot;: &quot;::apt&quot;,
            &quot;url&quot;: &quot; &quot;
        }
    ]
}
15:34:21 INFO  Started operation: {'creationTime': '2022-07-21T15:34:21.195Z', 'deviceId': '21121273', 'deviceName': 'm32sd10d', 'self': 'https://t493319102.eu-latest.cumulocity.com/devicecontrol/operations/21144904', 'id': '21144904', 'status': 'PENDING', 'description': &quot;Apply software changes, triggered from PySys: [{'action': 'install', 'id': '5475369', 'name': 'asciijump', 'url': ' ', 'version': '::apt'}, {'action': 'install', 'id': '5474869', 'name': 'robotfindskitten', 'url': ' ', 'version': ' '}, {'action': 'install', 'id': '5475279', 'name': 'squirrel3', 'url': ' ', 'version': '3.1-7::apt'}, {'action': 'install', 'id': '5152439', 'name': 'rolldice', 'url': ' ', 'version': '1.16-1+b1'}, {'action': 'install', 'id': '5439204', 'name': 'moon-buggy', 'url': ' ', 'version': '1:1.0.51-12'}, {'action': 'install', 'id': '5475369', 'name': 'asciijump', 'url': ' ', 'version': '::apt'}]&quot;, 'c8y_SoftwareUpdate': [{'name': 'asciijump', 'action': 'install', 'id': '5475369', 'version': '::apt', 'url': ' '}, {'name': 'robotfindskitten', 'action': 'install', 'id': '5474869', 'version': ' ', 'url': ' '}, {'name': 'squirrel3', 'action': 'install', 'id': '5475279', 'version': '3.1-7::apt', 'url': ' '}, {'name': 'rolldice', 'action': 'install', 'id': '5152439', 'version': '1.16-1+b1', 'url': ' '}, {'name': 'moon-buggy', 'action': 'install', 'id': '5439204', 'version': '1:1.0.51-12', 'url': ' '}, {'name': 'asciijump', 'action': 'install', 'id': '5475369', 'version': '::apt', 'url': ' '}]}
15:34:23 INFO  State of operation 21144904 : PENDING
15:34:25 INFO  State of operation 21144904 : EXECUTING
15:34:27 INFO  State of operation 21144904 : EXECUTING
15:34:30 INFO  State of operation 21144904 : EXECUTING
15:34:32 INFO  State of operation 21144904 : EXECUTING
15:34:34 INFO  State of operation 21144904 : EXECUTING
15:34:37 INFO  State of operation 21144904 : EXECUTING
15:34:40 INFO  State of operation 21144904 : EXECUTING
15:34:42 INFO  State of operation 21144904 : EXECUTING
15:34:45 INFO  State of operation 21144904 : EXECUTING
15:34:47 INFO  State of operation 21144904 : EXECUTING
15:34:49 INFO  State of operation 21144904 : EXECUTING
15:34:51 INFO  State of operation 21144904 : EXECUTING
15:34:54 INFO  State of operation 21144904 : EXECUTING
15:34:56 INFO  State of operation 21144904 : EXECUTING
15:34:58 INFO  State of operation 21144904 : EXECUTING
15:35:01 INFO  State of operation 21144904 : EXECUTING
15:35:03 INFO  State of operation 21144904 : EXECUTING
15:35:06 INFO  State of operation 21144904 : EXECUTING
15:35:08 INFO  State of operation 21144904 : EXECUTING
15:35:10 INFO  State of operation 21144904 : EXECUTING
15:35:13 INFO  State of operation 21144904 : EXECUTING
15:35:15 INFO  State of operation 21144904 : EXECUTING
15:35:18 INFO  State of operation 21144904 : EXECUTING
15:35:20 INFO  State of operation 21144904 : EXECUTING
15:35:22 INFO  State of operation 21144904 : EXECUTING
15:35:25 INFO  State of operation 21144904 : EXECUTING
15:35:28 INFO  State of operation 21144904 : EXECUTING
15:35:30 INFO  State of operation 21144904 : EXECUTING
15:35:32 INFO  State of operation 21144904 : EXECUTING
15:35:34 INFO  State of operation 21144904 : EXECUTING
15:35:37 INFO  State of operation 21144904 : EXECUTING
15:35:39 INFO  State of operation 21144904 : EXECUTING
15:35:41 INFO  State of operation 21144904 : EXECUTING
15:35:44 INFO  State of operation 21144904 : EXECUTING
15:35:46 INFO  State of operation 21144904 : EXECUTING
15:35:48 INFO  State of operation 21144904 : EXECUTING
15:35:51 INFO  State of operation 21144904 : EXECUTING
15:35:54 INFO  State of operation 21144904 : EXECUTING
15:35:56 INFO  State of operation 21144904 : EXECUTING
15:35:58 INFO  State of operation 21144904 : EXECUTING
15:36:01 INFO  State of operation 21144904 : EXECUTING
15:36:03 INFO  State of operation 21144904 : EXECUTING
15:36:05 INFO  State of operation 21144904 : EXECUTING
15:36:07 INFO  State of operation 21144904 : EXECUTING
15:36:10 INFO  State of operation 21144904 : EXECUTING
15:36:12 INFO  State of operation 21144904 : EXECUTING
15:36:14 INFO  State of operation 21144904 : EXECUTING
15:36:16 INFO  State of operation 21144904 : EXECUTING
15:36:19 INFO  State of operation 21144904 : EXECUTING
15:36:21 INFO  State of operation 21144904 : EXECUTING
15:36:24 INFO  State of operation 21144904 : EXECUTING
15:36:26 INFO  State of operation 21144904 : EXECUTING
15:36:28 INFO  State of operation 21144904 : EXECUTING
15:36:30 INFO  State of operation 21144904 : EXECUTING
15:36:33 INFO  State of operation 21144904 : EXECUTING
15:36:35 INFO  State of operation 21144904 : EXECUTING
15:36:38 INFO  State of operation 21144904 : EXECUTING
15:36:40 INFO  State of operation 21144904 : EXECUTING
15:36:42 INFO  State of operation 21144904 : EXECUTING
15:36:44 INFO  State of operation 21144904 : EXECUTING
15:36:46 WARN  SystemError occurred while running test - Timeout while waiting for status SUCCESSFUL or False
Traceback (most recent call last):
  File &quot;/home/pi/env-pysys/lib/python3.7/site-packages/pysys/baserunner.py&quot;, line 1294, in __call__
    self.testObj.execute()
  File &quot;/home/pi/actions-runner/_work/thin-edge.io/thin-edge.io/tests/PySys/software_management_end_to_end/sm_apt_install_remove_multiple_mixed/run.py&quot;, line 89, in execute
    self.wait_until_succcess()
  File &quot;/home/pi/actions-runner/_work/thin-edge.io/thin-edge.io/tests/PySys/software_management_end_to_end/environment_sm_management.py&quot;, line 324, in wait_until_succcess
    self.wait_until_status(&quot;SUCCESSFUL&quot;)
  File &quot;/home/pi/actions-runner/_work/thin-edge.io/thin-edge.io/tests/PySys/software_management_end_to_end/environment_sm_management.py&quot;, line 381, in wait_until_status
    &quot;Timeout while waiting for status %s or %s&quot; % (status, status2)
SystemError: Timeout while waiting for status SUCCESSFUL or False
15:36:46 WARN  SystemError: Timeout while waiting for status SUCCESSFUL or False ... blocked 
15:36:46 INFO  
15:36:46 INFO  cleanup:
15:36:52 INFO  Executed sudo&lt;tedge_disconnect_c8y&gt;, exit status 0
15:36:53 INFO  Executed systemctl&lt;serv_mapper5&gt;, exit status 3
15:36:53 INFO  
15:36:53 INFO  Test duration: 178.55 secs
15:36:53 INFO  Test final outcome:  BLOCKED
15:36:53 INFO  Test outcome reason: SystemError: Timeout while waiting for status SUCCESSFUL or False
15:36:53 INFO  
</system-out>
	</testcase>
</testsuite>
