<?xml version="1.0" encoding="utf-8"?>
<testsuite failures="1" name="SoftwareManagement.sm_apt_install_remove_multiple" skipped="0" tests="1" time="179.14" timestamp="2022-06-10T13:46:01">
	<testcase classname="PySysTest" name="SoftwareManagement.sm_apt_install_remove_multiple">
		<failure message="FAILED: Assert that (False == value) with value=True" type="FAILED"/>
		<system-out>13:43:01 INFO  ==============================================================
13:43:01 INFO  Id:    SoftwareManagement.sm_apt_install_remove_multiple
13:43:01 INFO  Dir:   software_management_end_to_end/
13:43:01 INFO  Title: Validate end to end behaviour for the apt plugin for multiple packages
13:43:01 INFO  ==============================================================
13:43:02 INFO  Using sw id database: {'asciijump': '5475369', 'robotfindskitten': '5474869', 'squirrel3': '5475279', 'rolldice': '5152439', 'moon-buggy': '5439204', 'apple': '5495053', 'banana': '5494888', 'cherry': '5495382', 'watermelon': '5494510', 'registry': '8018911', 'hello-world': '8021526', 'docker/getting-started': '8021973', 'alpine': '7991792'}
13:43:02 INFO  EnvironmentC8y Setup
13:43:02 INFO  Executed systemctl&lt;serv_mapper1&gt;, exit status 3
13:43:02 INFO  Restarting mosquitto too frequently in the last 10 seconds. It was only up for 5 seconds
13:43:02 INFO  Delaying execution by 6 seconds
13:43:22 INFO  Executed sudo&lt;tedge_connect_c8y&gt;, exit status 0, duration 13 secs
13:43:23 INFO  Executed sudo&lt;tedge_connect_c8y_test&gt;, exit status 0
13:43:23 INFO  Executed systemctl&lt;serv_mosq2&gt;, exit status 0
13:43:24 INFO  Executed systemctl&lt;serv_mapper3&gt;, exit status 0
13:43:26 INFO  State of current operation: SUCCESSFUL
13:43:26 INFO  Assert that (False == value) with value=False ... passed
13:43:26 INFO  Assert that (False == value) with value=False ... passed
13:43:27 INFO  Assert that (False == value) with value=False ... passed
13:43:27 INFO  Package robotfindskitten is installed
13:43:27 WARN  Assert that (False == value) with value=True ... failed 
13:43:27 INFO  Response status: 201
13:43:27 INFO  Response to action: {
    &quot;creationTime&quot;: &quot;2022-06-10T13:43:27.771Z&quot;,
    &quot;deviceId&quot;: &quot;20115668&quot;,
    &quot;deviceName&quot;: &quot;m32sd10d&quot;,
    &quot;self&quot;: &quot;https://t493319102.eu-latest.cumulocity.com/devicecontrol/operations/20136342&quot;,
    &quot;id&quot;: &quot;20136342&quot;,
    &quot;status&quot;: &quot;PENDING&quot;,
    &quot;description&quot;: &quot;Apply software changes, triggered from PySys: [{'action': 'install', 'id': '5475369', 'name': 'asciijump', 'url': ' ', 'version': '::apt'}, {'action': 'install', 'id': '5474869', 'name': 'robotfindskitten', 'url': ' ', 'version': '::apt'}, {'action': 'install', 'id': '5475279', 'name': 'squirrel3', 'url': ' ', 'version': '::apt'}]&quot;,
    &quot;c8y_SoftwareUpdate&quot;: [
        {
            &quot;name&quot;: &quot;asciijump&quot;,
            &quot;action&quot;: &quot;install&quot;,
            &quot;id&quot;: &quot;5475369&quot;,
            &quot;version&quot;: &quot;::apt&quot;,
            &quot;url&quot;: &quot; &quot;
        },
        {
            &quot;name&quot;: &quot;robotfindskitten&quot;,
            &quot;action&quot;: &quot;install&quot;,
            &quot;id&quot;: &quot;5474869&quot;,
            &quot;version&quot;: &quot;::apt&quot;,
            &quot;url&quot;: &quot; &quot;
        },
        {
            &quot;name&quot;: &quot;squirrel3&quot;,
            &quot;action&quot;: &quot;install&quot;,
            &quot;id&quot;: &quot;5475279&quot;,
            &quot;version&quot;: &quot;::apt&quot;,
            &quot;url&quot;: &quot; &quot;
        }
    ]
}
13:43:27 INFO  Started operation: {'creationTime': '2022-06-10T13:43:27.771Z', 'deviceId': '20115668', 'deviceName': 'm32sd10d', 'self': 'https://t493319102.eu-latest.cumulocity.com/devicecontrol/operations/20136342', 'id': '20136342', 'status': 'PENDING', 'description': &quot;Apply software changes, triggered from PySys: [{'action': 'install', 'id': '5475369', 'name': 'asciijump', 'url': ' ', 'version': '::apt'}, {'action': 'install', 'id': '5474869', 'name': 'robotfindskitten', 'url': ' ', 'version': '::apt'}, {'action': 'install', 'id': '5475279', 'name': 'squirrel3', 'url': ' ', 'version': '::apt'}]&quot;, 'c8y_SoftwareUpdate': [{'name': 'asciijump', 'action': 'install', 'id': '5475369', 'version': '::apt', 'url': ' '}, {'name': 'robotfindskitten', 'action': 'install', 'id': '5474869', 'version': '::apt', 'url': ' '}, {'name': 'squirrel3', 'action': 'install', 'id': '5475279', 'version': '::apt', 'url': ' '}]}
13:43:30 INFO  State of operation 20136342 : PENDING
13:43:32 INFO  State of operation 20136342 : EXECUTING
13:43:34 INFO  State of operation 20136342 : EXECUTING
13:43:36 INFO  State of operation 20136342 : EXECUTING
13:43:38 INFO  State of operation 20136342 : EXECUTING
13:43:41 INFO  State of operation 20136342 : EXECUTING
13:43:44 INFO  State of operation 20136342 : EXECUTING
13:43:46 INFO  State of operation 20136342 : EXECUTING
13:43:48 INFO  State of operation 20136342 : EXECUTING
13:43:51 INFO  State of operation 20136342 : EXECUTING
13:43:53 INFO  State of operation 20136342 : EXECUTING
13:43:55 INFO  State of operation 20136342 : EXECUTING
13:43:57 INFO  State of operation 20136342 : EXECUTING
13:44:00 INFO  State of operation 20136342 : EXECUTING
13:44:02 INFO  State of operation 20136342 : EXECUTING
13:44:04 INFO  State of operation 20136342 : EXECUTING
13:44:07 INFO  State of operation 20136342 : EXECUTING
13:44:09 INFO  State of operation 20136342 : EXECUTING
13:44:12 INFO  State of operation 20136342 : EXECUTING
13:44:14 INFO  State of operation 20136342 : EXECUTING
13:44:16 INFO  State of operation 20136342 : EXECUTING
13:44:19 INFO  State of operation 20136342 : EXECUTING
13:44:21 INFO  State of operation 20136342 : EXECUTING
13:44:23 INFO  State of operation 20136342 : EXECUTING
13:44:25 INFO  State of operation 20136342 : EXECUTING
13:44:28 INFO  State of operation 20136342 : EXECUTING
13:44:30 INFO  State of operation 20136342 : EXECUTING
13:44:32 INFO  State of operation 20136342 : EXECUTING
13:44:34 INFO  State of operation 20136342 : EXECUTING
13:44:37 INFO  State of operation 20136342 : EXECUTING
13:44:39 INFO  State of operation 20136342 : EXECUTING
13:44:42 INFO  State of operation 20136342 : EXECUTING
13:44:44 INFO  State of operation 20136342 : EXECUTING
13:44:46 INFO  State of operation 20136342 : EXECUTING
13:44:48 INFO  State of operation 20136342 : SUCCESSFUL
13:44:49 INFO  Assert that (False == value) with value=False ... passed
13:44:49 INFO  Package asciijump is installed
13:44:49 INFO  Assert that (True == value) with value=True ... passed
13:44:49 INFO  Package squirrel3 is installed
13:44:49 INFO  Assert that (True == value) with value=True ... passed
13:44:49 INFO  Package robotfindskitten is installed
13:44:49 INFO  Assert that (True == value) with value=True ... passed
13:44:49 INFO  Response status: 201
13:44:49 INFO  Response to action: {
    &quot;creationTime&quot;: &quot;2022-06-10T13:44:49.921Z&quot;,
    &quot;deviceId&quot;: &quot;20115668&quot;,
    &quot;deviceName&quot;: &quot;m32sd10d&quot;,
    &quot;self&quot;: &quot;https://t493319102.eu-latest.cumulocity.com/devicecontrol/operations/20136366&quot;,
    &quot;id&quot;: &quot;20136366&quot;,
    &quot;status&quot;: &quot;PENDING&quot;,
    &quot;description&quot;: &quot;Apply software changes, triggered from PySys: [{'action': 'delete', 'id': '5475369', 'name': 'asciijump', 'url': ' ', 'version': '::apt'}, {'action': 'delete', 'id': '5474869', 'name': 'robotfindskitten', 'url': ' ', 'version': '::apt'}, {'action': 'delete', 'id': '5475279', 'name': 'squirrel3', 'url': ' ', 'version': '::apt'}]&quot;,
    &quot;c8y_SoftwareUpdate&quot;: [
        {
            &quot;name&quot;: &quot;asciijump&quot;,
            &quot;action&quot;: &quot;delete&quot;,
            &quot;id&quot;: &quot;5475369&quot;,
            &quot;version&quot;: &quot;::apt&quot;,
            &quot;url&quot;: &quot; &quot;
        },
        {
            &quot;name&quot;: &quot;robotfindskitten&quot;,
            &quot;action&quot;: &quot;delete&quot;,
            &quot;id&quot;: &quot;5474869&quot;,
            &quot;version&quot;: &quot;::apt&quot;,
            &quot;url&quot;: &quot; &quot;
        },
        {
            &quot;name&quot;: &quot;squirrel3&quot;,
            &quot;action&quot;: &quot;delete&quot;,
            &quot;id&quot;: &quot;5475279&quot;,
            &quot;version&quot;: &quot;::apt&quot;,
            &quot;url&quot;: &quot; &quot;
        }
    ]
}
13:44:49 INFO  Started operation: {'creationTime': '2022-06-10T13:44:49.921Z', 'deviceId': '20115668', 'deviceName': 'm32sd10d', 'self': 'https://t493319102.eu-latest.cumulocity.com/devicecontrol/operations/20136366', 'id': '20136366', 'status': 'PENDING', 'description': &quot;Apply software changes, triggered from PySys: [{'action': 'delete', 'id': '5475369', 'name': 'asciijump', 'url': ' ', 'version': '::apt'}, {'action': 'delete', 'id': '5474869', 'name': 'robotfindskitten', 'url': ' ', 'version': '::apt'}, {'action': 'delete', 'id': '5475279', 'name': 'squirrel3', 'url': ' ', 'version': '::apt'}]&quot;, 'c8y_SoftwareUpdate': [{'name': 'asciijump', 'action': 'delete', 'id': '5475369', 'version': '::apt', 'url': ' '}, {'name': 'robotfindskitten', 'action': 'delete', 'id': '5474869', 'version': '::apt', 'url': ' '}, {'name': 'squirrel3', 'action': 'delete', 'id': '5475279', 'version': '::apt', 'url': ' '}]}
13:44:52 INFO  State of operation 20136366 : PENDING
13:44:54 INFO  State of operation 20136366 : EXECUTING
13:44:56 INFO  State of operation 20136366 : EXECUTING
13:44:58 INFO  State of operation 20136366 : EXECUTING
13:45:01 INFO  State of operation 20136366 : EXECUTING
13:45:03 INFO  State of operation 20136366 : EXECUTING
13:45:06 INFO  State of operation 20136366 : EXECUTING
13:45:09 INFO  State of operation 20136366 : EXECUTING
13:45:11 INFO  State of operation 20136366 : EXECUTING
13:45:13 INFO  State of operation 20136366 : EXECUTING
13:45:15 INFO  State of operation 20136366 : EXECUTING
13:45:18 INFO  State of operation 20136366 : EXECUTING
13:45:20 INFO  State of operation 20136366 : EXECUTING
13:45:22 INFO  State of operation 20136366 : EXECUTING
13:45:24 INFO  State of operation 20136366 : EXECUTING
13:45:27 INFO  State of operation 20136366 : EXECUTING
13:45:29 INFO  State of operation 20136366 : EXECUTING
13:45:32 INFO  State of operation 20136366 : EXECUTING
13:45:34 INFO  State of operation 20136366 : EXECUTING
13:45:36 INFO  State of operation 20136366 : EXECUTING
13:45:39 INFO  State of operation 20136366 : EXECUTING
13:45:41 INFO  State of operation 20136366 : EXECUTING
13:45:43 INFO  State of operation 20136366 : EXECUTING
13:45:46 INFO  State of operation 20136366 : EXECUTING
13:45:48 INFO  State of operation 20136366 : EXECUTING
13:45:51 INFO  State of operation 20136366 : EXECUTING
13:45:53 INFO  State of operation 20136366 : EXECUTING
13:45:55 INFO  State of operation 20136366 : SUCCESSFUL
13:45:55 INFO  Assert that (False == value) with value=False ... passed
13:45:56 INFO  Assert that (False == value) with value=False ... passed
13:45:56 INFO  Assert that (False == value) with value=False ... passed
13:45:56 INFO  Assert that (False == value) with value=False ... passed
13:45:56 INFO  
13:45:56 INFO  cleanup:
13:46:00 INFO  Executed sudo&lt;tedge_disconnect_c8y&gt;, exit status 0
13:46:01 INFO  Executed systemctl&lt;serv_mapper5&gt;, exit status 3
13:46:01 INFO  
13:46:01 INFO  Test duration: 179.14 secs
13:46:01 INFO  Test final outcome:  FAILED
13:46:01 INFO  Test outcome reason: Assert that (False == value) with value=True
13:46:01 INFO  
</system-out>
	</testcase>
</testsuite>
