<?xml version="1.0" encoding="utf-8"?>
<testsuite failures="0" name="apt_finalize" skipped="0" tests="1" time="131.02" timestamp="2022-06-08T13:16:38">
	<testcase classname="AptPluginFinalize" name="apt_finalize"/>
</testsuite>
