<?xml version="1.0" encoding="utf-8"?>
<testsuite failures="0" name="apt_update_list" skipped="0" tests="1" time="125.53" timestamp="2022-06-22T19:19:03">
	<testcase classname="AptPluginUpdateList" name="apt_update_list"/>
</testsuite>
