<?xml version="1.0" encoding="utf-8"?>
<testsuite failures="0" name="apt_prepare" skipped="0" tests="1" time="18.82" timestamp="2022-05-23T19:28:56">
	<testcase classname="AptPluginPrepare" name="apt_prepare"/>
</testsuite>
