<?xml version="1.0" encoding="utf-8"?>
<testsuite failures="1" name="SoftwareManagement.sm_apt_install_remove" skipped="0" tests="1" time="160.31" timestamp="2022-07-27T09:55:22">
	<testcase classname="PySysTest" name="SoftwareManagement.sm_apt_install_remove">
		<failure message="FAILED: Assert that (False == value) with value=True" type="FAILED"/>
		<system-out>09:52:41 INFO  ==============================================================
09:52:41 INFO  Id:    SoftwareManagement.sm_apt_install_remove
09:52:41 INFO  Dir:   software_management_end_to_end/
09:52:41 INFO  Title: Validate end to end behaviour for the apt plugin for installation and removal of packages
09:52:41 INFO  ==============================================================
09:52:41 INFO  Using sw id database: {'asciijump': '5475369', 'robotfindskitten': '5474869', 'squirrel3': '5475279', 'rolldice': '5152439', 'moon-buggy': '5439204', 'apple': '5495053', 'banana': '5494888', 'cherry': '5495382', 'watermelon': '5494510', 'registry': '8018911', 'hello-world': '8021526', 'docker/getting-started': '8021973', 'alpine': '7991792'}
09:52:41 INFO  EnvironmentC8y Setup
09:52:42 INFO  Executed systemctl&lt;serv_mapper1&gt;, exit status 3
09:52:42 INFO  Restarting mosquitto too frequently in the last 10 seconds. It was only up for 5 seconds
09:52:42 INFO  Delaying execution by 6 seconds
09:53:02 INFO  Executed sudo&lt;tedge_connect_c8y&gt;, exit status 0, duration 13 secs
09:53:03 INFO  Executed sudo&lt;tedge_connect_c8y_test&gt;, exit status 0
09:53:03 INFO  Executed systemctl&lt;serv_mosq2&gt;, exit status 0
09:53:04 INFO  Executed systemctl&lt;serv_mapper3&gt;, exit status 0
09:53:06 INFO  State of current operation: FAILED
09:53:06 INFO  Package rolldice is installed
09:53:11 INFO  Package rolldice is installed
09:53:11 WARN  Assert that (False == value) with value=True ... failed 
09:53:11 INFO  Response status: 201
09:53:11 INFO  Response to action: {
    &quot;delivery&quot;: {
        &quot;log&quot;: [],
        &quot;time&quot;: &quot;2022-07-27T09:53:11.322Z&quot;,
        &quot;status&quot;: &quot;PENDING&quot;
    },
    &quot;creationTime&quot;: &quot;2022-07-27T09:53:11.292Z&quot;,
    &quot;deviceId&quot;: &quot;21453471&quot;,
    &quot;deviceName&quot;: &quot;m32sd10d&quot;,
    &quot;self&quot;: &quot;https://t493319102.eu-latest.cumulocity.com/devicecontrol/operations/21474194&quot;,
    &quot;id&quot;: &quot;21474194&quot;,
    &quot;status&quot;: &quot;PENDING&quot;,
    &quot;description&quot;: &quot;Apply software changes, triggered from PySys: [{'name': 'rolldice', 'id': '5152439', 'version': '::apt', 'url': '', 'action': 'install'}]&quot;,
    &quot;c8y_SoftwareUpdate&quot;: [
        {
            &quot;name&quot;: &quot;rolldice&quot;,
            &quot;action&quot;: &quot;install&quot;,
            &quot;id&quot;: &quot;5152439&quot;,
            &quot;version&quot;: &quot;::apt&quot;,
            &quot;url&quot;: &quot;&quot;
        }
    ]
}
09:53:11 INFO  Started operation: {'delivery': {'log': [], 'time': '2022-07-27T09:53:11.322Z', 'status': 'PENDING'}, 'creationTime': '2022-07-27T09:53:11.292Z', 'deviceId': '21453471', 'deviceName': 'm32sd10d', 'self': 'https://t493319102.eu-latest.cumulocity.com/devicecontrol/operations/21474194', 'id': '21474194', 'status': 'PENDING', 'description': &quot;Apply software changes, triggered from PySys: [{'name': 'rolldice', 'id': '5152439', 'version': '::apt', 'url': '', 'action': 'install'}]&quot;, 'c8y_SoftwareUpdate': [{'name': 'rolldice', 'action': 'install', 'id': '5152439', 'version': '::apt', 'url': ''}]}
09:53:13 INFO  State of operation 21474194 : PENDING
09:53:15 INFO  State of operation 21474194 : EXECUTING
09:53:18 INFO  State of operation 21474194 : EXECUTING
09:53:20 INFO  State of operation 21474194 : EXECUTING
09:53:22 INFO  State of operation 21474194 : EXECUTING
09:53:24 INFO  State of operation 21474194 : EXECUTING
09:53:27 INFO  State of operation 21474194 : EXECUTING
09:53:30 INFO  State of operation 21474194 : EXECUTING
09:53:32 INFO  State of operation 21474194 : EXECUTING
09:53:34 INFO  State of operation 21474194 : EXECUTING
09:53:37 INFO  State of operation 21474194 : EXECUTING
09:53:39 INFO  State of operation 21474194 : EXECUTING
09:53:41 INFO  State of operation 21474194 : EXECUTING
09:53:43 INFO  State of operation 21474194 : EXECUTING
09:53:46 INFO  State of operation 21474194 : EXECUTING
09:53:49 INFO  State of operation 21474194 : EXECUTING
09:53:51 INFO  State of operation 21474194 : EXECUTING
09:53:53 INFO  State of operation 21474194 : EXECUTING
09:53:55 INFO  State of operation 21474194 : EXECUTING
09:53:58 INFO  State of operation 21474194 : EXECUTING
09:54:00 INFO  State of operation 21474194 : EXECUTING
09:54:03 INFO  State of operation 21474194 : EXECUTING
09:54:05 INFO  State of operation 21474194 : EXECUTING
09:54:08 INFO  State of operation 21474194 : EXECUTING
09:54:10 INFO  State of operation 21474194 : EXECUTING
09:54:13 INFO  State of operation 21474194 : EXECUTING
09:54:15 INFO  State of operation 21474194 : EXECUTING
09:54:18 INFO  State of operation 21474194 : EXECUTING
09:54:20 INFO  State of operation 21474194 : EXECUTING
09:54:22 INFO  State of operation 21474194 : EXECUTING
09:54:24 INFO  State of operation 21474194 : EXECUTING
09:54:27 INFO  State of operation 21474194 : SUCCESSFUL
09:54:27 INFO  Package rolldice is installed
09:54:27 INFO  Assert that (True == value) with value=True ... passed
09:54:27 INFO  Response status: 201
09:54:27 INFO  Response to action: {
    &quot;delivery&quot;: {
        &quot;log&quot;: [],
        &quot;time&quot;: &quot;2022-07-27T09:54:27.634Z&quot;,
        &quot;status&quot;: &quot;PENDING&quot;
    },
    &quot;creationTime&quot;: &quot;2022-07-27T09:54:27.585Z&quot;,
    &quot;deviceId&quot;: &quot;21453471&quot;,
    &quot;deviceName&quot;: &quot;m32sd10d&quot;,
    &quot;self&quot;: &quot;https://t493319102.eu-latest.cumulocity.com/devicecontrol/operations/21474206&quot;,
    &quot;id&quot;: &quot;21474206&quot;,
    &quot;status&quot;: &quot;PENDING&quot;,
    &quot;description&quot;: &quot;Apply software changes, triggered from PySys: [{'name': 'rolldice', 'id': '5152439', 'version': '::apt', 'url': '', 'action': 'delete'}]&quot;,
    &quot;c8y_SoftwareUpdate&quot;: [
        {
            &quot;name&quot;: &quot;rolldice&quot;,
            &quot;action&quot;: &quot;delete&quot;,
            &quot;id&quot;: &quot;5152439&quot;,
            &quot;version&quot;: &quot;::apt&quot;,
            &quot;url&quot;: &quot;&quot;
        }
    ]
}
09:54:27 INFO  Started operation: {'delivery': {'log': [], 'time': '2022-07-27T09:54:27.634Z', 'status': 'PENDING'}, 'creationTime': '2022-07-27T09:54:27.585Z', 'deviceId': '21453471', 'deviceName': 'm32sd10d', 'self': 'https://t493319102.eu-latest.cumulocity.com/devicecontrol/operations/21474206', 'id': '21474206', 'status': 'PENDING', 'description': &quot;Apply software changes, triggered from PySys: [{'name': 'rolldice', 'id': '5152439', 'version': '::apt', 'url': '', 'action': 'delete'}]&quot;, 'c8y_SoftwareUpdate': [{'name': 'rolldice', 'action': 'delete', 'id': '5152439', 'version': '::apt', 'url': ''}]}
09:54:29 INFO  State of operation 21474206 : PENDING
09:54:32 INFO  State of operation 21474206 : EXECUTING
09:54:34 INFO  State of operation 21474206 : EXECUTING
09:54:36 INFO  State of operation 21474206 : EXECUTING
09:54:38 INFO  State of operation 21474206 : EXECUTING
09:54:40 INFO  State of operation 21474206 : EXECUTING
09:54:43 INFO  State of operation 21474206 : EXECUTING
09:54:46 INFO  State of operation 21474206 : EXECUTING
09:54:49 INFO  State of operation 21474206 : EXECUTING
09:54:51 INFO  State of operation 21474206 : EXECUTING
09:54:53 INFO  State of operation 21474206 : EXECUTING
09:54:56 INFO  State of operation 21474206 : EXECUTING
09:54:58 INFO  State of operation 21474206 : EXECUTING
09:55:00 INFO  State of operation 21474206 : EXECUTING
09:55:03 INFO  State of operation 21474206 : EXECUTING
09:55:05 INFO  State of operation 21474206 : EXECUTING
09:55:08 INFO  State of operation 21474206 : EXECUTING
09:55:10 INFO  State of operation 21474206 : EXECUTING
09:55:12 INFO  State of operation 21474206 : EXECUTING
09:55:15 INFO  State of operation 21474206 : EXECUTING
09:55:17 INFO  State of operation 21474206 : SUCCESSFUL
09:55:17 INFO  Assert that (False == value) with value=False ... passed
09:55:17 INFO  
09:55:17 INFO  cleanup:
09:55:21 INFO  Executed sudo&lt;tedge_disconnect_c8y&gt;, exit status 0
09:55:22 INFO  Executed systemctl&lt;serv_mapper5&gt;, exit status 3
09:55:22 INFO  
09:55:22 INFO  Test duration: 160.31 secs
09:55:22 INFO  Test final outcome:  FAILED
09:55:22 INFO  Test outcome reason: Assert that (False == value) with value=True
09:55:22 INFO  
</system-out>
	</testcase>
</testsuite>
