<?xml version="1.0" encoding="utf-8"?>
<testsuite failures="1" name="SoftwareManagement.sm_apt_install_remove_multiple" skipped="0" tests="1" time="180.43" timestamp="2022-06-29T17:40:48">
	<testcase classname="PySysTest" name="SoftwareManagement.sm_apt_install_remove_multiple">
		<failure message="FAILED: Assert that (False == value) with value=True" type="FAILED"/>
		<system-out>17:37:48 INFO  ==============================================================
17:37:48 INFO  Id:    SoftwareManagement.sm_apt_install_remove_multiple
17:37:48 INFO  Dir:   software_management_end_to_end/
17:37:48 INFO  Title: Validate end to end behaviour for the apt plugin for multiple packages
17:37:48 INFO  ==============================================================
17:37:48 INFO  Using sw id database: {'asciijump': '5475369', 'robotfindskitten': '5474869', 'squirrel3': '5475279', 'rolldice': '5152439', 'moon-buggy': '5439204', 'apple': '5495053', 'banana': '5494888', 'cherry': '5495382', 'watermelon': '5494510', 'registry': '8018911', 'hello-world': '8021526', 'docker/getting-started': '8021973', 'alpine': '7991792'}
17:37:48 INFO  EnvironmentC8y Setup
17:37:48 INFO  Executed systemctl&lt;serv_mapper1&gt;, exit status 3
17:37:48 INFO  Restarting mosquitto too frequently in the last 10 seconds. It was only up for 4 seconds
17:37:48 INFO  Delaying execution by 7 seconds
17:38:09 INFO  Executed sudo&lt;tedge_connect_c8y&gt;, exit status 0, duration 14 secs
17:38:10 INFO  Executed sudo&lt;tedge_connect_c8y_test&gt;, exit status 0
17:38:10 INFO  Executed systemctl&lt;serv_mosq2&gt;, exit status 0
17:38:11 INFO  Executed systemctl&lt;serv_mapper3&gt;, exit status 0
17:38:13 INFO  State of current operation: SUCCESSFUL
17:38:13 INFO  Assert that (False == value) with value=False ... passed
17:38:14 INFO  Assert that (False == value) with value=False ... passed
17:38:14 INFO  Assert that (False == value) with value=False ... passed
17:38:14 INFO  Package robotfindskitten is installed
17:38:14 WARN  Assert that (False == value) with value=True ... failed 
17:38:14 INFO  Response status: 201
17:38:14 INFO  Response to action: {
    &quot;creationTime&quot;: &quot;2022-06-29T17:38:14.849Z&quot;,
    &quot;deviceId&quot;: &quot;20610793&quot;,
    &quot;deviceName&quot;: &quot;m32sd10d&quot;,
    &quot;self&quot;: &quot;https://t493319102.eu-latest.cumulocity.com/devicecontrol/operations/20626546&quot;,
    &quot;id&quot;: &quot;20626546&quot;,
    &quot;status&quot;: &quot;PENDING&quot;,
    &quot;description&quot;: &quot;Apply software changes, triggered from PySys: [{'action': 'install', 'id': '5475369', 'name': 'asciijump', 'url': ' ', 'version': '::apt'}, {'action': 'install', 'id': '5474869', 'name': 'robotfindskitten', 'url': ' ', 'version': '::apt'}, {'action': 'install', 'id': '5475279', 'name': 'squirrel3', 'url': ' ', 'version': '::apt'}]&quot;,
    &quot;c8y_SoftwareUpdate&quot;: [
        {
            &quot;name&quot;: &quot;asciijump&quot;,
            &quot;action&quot;: &quot;install&quot;,
            &quot;id&quot;: &quot;5475369&quot;,
            &quot;version&quot;: &quot;::apt&quot;,
            &quot;url&quot;: &quot; &quot;
        },
        {
            &quot;name&quot;: &quot;robotfindskitten&quot;,
            &quot;action&quot;: &quot;install&quot;,
            &quot;id&quot;: &quot;5474869&quot;,
            &quot;version&quot;: &quot;::apt&quot;,
            &quot;url&quot;: &quot; &quot;
        },
        {
            &quot;name&quot;: &quot;squirrel3&quot;,
            &quot;action&quot;: &quot;install&quot;,
            &quot;id&quot;: &quot;5475279&quot;,
            &quot;version&quot;: &quot;::apt&quot;,
            &quot;url&quot;: &quot; &quot;
        }
    ]
}
17:38:14 INFO  Started operation: {'creationTime': '2022-06-29T17:38:14.849Z', 'deviceId': '20610793', 'deviceName': 'm32sd10d', 'self': 'https://t493319102.eu-latest.cumulocity.com/devicecontrol/operations/20626546', 'id': '20626546', 'status': 'PENDING', 'description': &quot;Apply software changes, triggered from PySys: [{'action': 'install', 'id': '5475369', 'name': 'asciijump', 'url': ' ', 'version': '::apt'}, {'action': 'install', 'id': '5474869', 'name': 'robotfindskitten', 'url': ' ', 'version': '::apt'}, {'action': 'install', 'id': '5475279', 'name': 'squirrel3', 'url': ' ', 'version': '::apt'}]&quot;, 'c8y_SoftwareUpdate': [{'name': 'asciijump', 'action': 'install', 'id': '5475369', 'version': '::apt', 'url': ' '}, {'name': 'robotfindskitten', 'action': 'install', 'id': '5474869', 'version': '::apt', 'url': ' '}, {'name': 'squirrel3', 'action': 'install', 'id': '5475279', 'version': '::apt', 'url': ' '}]}
17:38:17 INFO  State of operation 20626546 : PENDING
17:38:19 INFO  State of operation 20626546 : EXECUTING
17:38:21 INFO  State of operation 20626546 : EXECUTING
17:38:23 INFO  State of operation 20626546 : EXECUTING
17:38:26 INFO  State of operation 20626546 : EXECUTING
17:38:28 INFO  State of operation 20626546 : EXECUTING
17:38:30 INFO  State of operation 20626546 : EXECUTING
17:38:33 INFO  State of operation 20626546 : EXECUTING
17:38:36 INFO  State of operation 20626546 : EXECUTING
17:38:38 INFO  State of operation 20626546 : EXECUTING
17:38:40 INFO  State of operation 20626546 : EXECUTING
17:38:42 INFO  State of operation 20626546 : EXECUTING
17:38:45 INFO  State of operation 20626546 : EXECUTING
17:38:47 INFO  State of operation 20626546 : EXECUTING
17:38:49 INFO  State of operation 20626546 : EXECUTING
17:38:51 INFO  State of operation 20626546 : EXECUTING
17:38:54 INFO  State of operation 20626546 : EXECUTING
17:38:57 INFO  State of operation 20626546 : EXECUTING
17:38:59 INFO  State of operation 20626546 : EXECUTING
17:39:01 INFO  State of operation 20626546 : EXECUTING
17:39:03 INFO  State of operation 20626546 : EXECUTING
17:39:06 INFO  State of operation 20626546 : EXECUTING
17:39:08 INFO  State of operation 20626546 : EXECUTING
17:39:12 INFO  State of operation 20626546 : EXECUTING
17:39:14 INFO  State of operation 20626546 : EXECUTING
17:39:17 INFO  State of operation 20626546 : EXECUTING
17:39:19 INFO  State of operation 20626546 : EXECUTING
17:39:21 INFO  State of operation 20626546 : EXECUTING
17:39:24 INFO  State of operation 20626546 : EXECUTING
17:39:26 INFO  State of operation 20626546 : EXECUTING
17:39:29 INFO  State of operation 20626546 : EXECUTING
17:39:31 INFO  State of operation 20626546 : EXECUTING
17:39:33 INFO  State of operation 20626546 : EXECUTING
17:39:35 INFO  State of operation 20626546 : SUCCESSFUL
17:39:35 INFO  Assert that (False == value) with value=False ... passed
17:39:36 INFO  Package asciijump is installed
17:39:36 INFO  Assert that (True == value) with value=True ... passed
17:39:36 INFO  Package squirrel3 is installed
17:39:36 INFO  Assert that (True == value) with value=True ... passed
17:39:36 INFO  Package robotfindskitten is installed
17:39:36 INFO  Assert that (True == value) with value=True ... passed
17:39:36 INFO  Response status: 201
17:39:36 INFO  Response to action: {
    &quot;creationTime&quot;: &quot;2022-06-29T17:39:36.820Z&quot;,
    &quot;deviceId&quot;: &quot;20610793&quot;,
    &quot;deviceName&quot;: &quot;m32sd10d&quot;,
    &quot;self&quot;: &quot;https://t493319102.eu-latest.cumulocity.com/devicecontrol/operations/20626554&quot;,
    &quot;id&quot;: &quot;20626554&quot;,
    &quot;status&quot;: &quot;PENDING&quot;,
    &quot;description&quot;: &quot;Apply software changes, triggered from PySys: [{'action': 'delete', 'id': '5475369', 'name': 'asciijump', 'url': ' ', 'version': '::apt'}, {'action': 'delete', 'id': '5474869', 'name': 'robotfindskitten', 'url': ' ', 'version': '::apt'}, {'action': 'delete', 'id': '5475279', 'name': 'squirrel3', 'url': ' ', 'version': '::apt'}]&quot;,
    &quot;c8y_SoftwareUpdate&quot;: [
        {
            &quot;name&quot;: &quot;asciijump&quot;,
            &quot;action&quot;: &quot;delete&quot;,
            &quot;id&quot;: &quot;5475369&quot;,
            &quot;version&quot;: &quot;::apt&quot;,
            &quot;url&quot;: &quot; &quot;
        },
        {
            &quot;name&quot;: &quot;robotfindskitten&quot;,
            &quot;action&quot;: &quot;delete&quot;,
            &quot;id&quot;: &quot;5474869&quot;,
            &quot;version&quot;: &quot;::apt&quot;,
            &quot;url&quot;: &quot; &quot;
        },
        {
            &quot;name&quot;: &quot;squirrel3&quot;,
            &quot;action&quot;: &quot;delete&quot;,
            &quot;id&quot;: &quot;5475279&quot;,
            &quot;version&quot;: &quot;::apt&quot;,
            &quot;url&quot;: &quot; &quot;
        }
    ]
}
17:39:36 INFO  Started operation: {'creationTime': '2022-06-29T17:39:36.820Z', 'deviceId': '20610793', 'deviceName': 'm32sd10d', 'self': 'https://t493319102.eu-latest.cumulocity.com/devicecontrol/operations/20626554', 'id': '20626554', 'status': 'PENDING', 'description': &quot;Apply software changes, triggered from PySys: [{'action': 'delete', 'id': '5475369', 'name': 'asciijump', 'url': ' ', 'version': '::apt'}, {'action': 'delete', 'id': '5474869', 'name': 'robotfindskitten', 'url': ' ', 'version': '::apt'}, {'action': 'delete', 'id': '5475279', 'name': 'squirrel3', 'url': ' ', 'version': '::apt'}]&quot;, 'c8y_SoftwareUpdate': [{'name': 'asciijump', 'action': 'delete', 'id': '5475369', 'version': '::apt', 'url': ' '}, {'name': 'robotfindskitten', 'action': 'delete', 'id': '5474869', 'version': '::apt', 'url': ' '}, {'name': 'squirrel3', 'action': 'delete', 'id': '5475279', 'version': '::apt', 'url': ' '}]}
17:39:39 INFO  State of operation 20626554 : PENDING
17:39:41 INFO  State of operation 20626554 : EXECUTING
17:39:43 INFO  State of operation 20626554 : EXECUTING
17:39:45 INFO  State of operation 20626554 : EXECUTING
17:39:48 INFO  State of operation 20626554 : EXECUTING
17:39:50 INFO  State of operation 20626554 : EXECUTING
17:39:53 INFO  State of operation 20626554 : EXECUTING
17:39:56 INFO  State of operation 20626554 : EXECUTING
17:39:58 INFO  State of operation 20626554 : EXECUTING
17:40:00 INFO  State of operation 20626554 : EXECUTING
17:40:03 INFO  State of operation 20626554 : EXECUTING
17:40:05 INFO  State of operation 20626554 : EXECUTING
17:40:07 INFO  State of operation 20626554 : EXECUTING
17:40:09 INFO  State of operation 20626554 : EXECUTING
17:40:12 INFO  State of operation 20626554 : EXECUTING
17:40:14 INFO  State of operation 20626554 : EXECUTING
17:40:16 INFO  State of operation 20626554 : EXECUTING
17:40:19 INFO  State of operation 20626554 : EXECUTING
17:40:21 INFO  State of operation 20626554 : EXECUTING
17:40:24 INFO  State of operation 20626554 : EXECUTING
17:40:26 INFO  State of operation 20626554 : EXECUTING
17:40:28 INFO  State of operation 20626554 : EXECUTING
17:40:30 INFO  State of operation 20626554 : EXECUTING
17:40:34 INFO  State of operation 20626554 : EXECUTING
17:40:36 INFO  State of operation 20626554 : EXECUTING
17:40:38 INFO  State of operation 20626554 : EXECUTING
17:40:40 INFO  State of operation 20626554 : EXECUTING
17:40:43 INFO  State of operation 20626554 : SUCCESSFUL
17:40:43 INFO  Assert that (False == value) with value=False ... passed
17:40:43 INFO  Assert that (False == value) with value=False ... passed
17:40:43 INFO  Assert that (False == value) with value=False ... passed
17:40:44 INFO  Assert that (False == value) with value=False ... passed
17:40:44 INFO  
17:40:44 INFO  cleanup:
17:40:48 INFO  Executed sudo&lt;tedge_disconnect_c8y&gt;, exit status 0
17:40:48 INFO  Executed systemctl&lt;serv_mapper5&gt;, exit status 3
17:40:48 INFO  
17:40:48 INFO  Test duration: 180.43 secs
17:40:48 INFO  Test final outcome:  FAILED
17:40:48 INFO  Test outcome reason: Assert that (False == value) with value=True
17:40:48 INFO  
</system-out>
	</testcase>
</testsuite>
