<?xml version="1.0" encoding="utf-8"?>
<testsuite failures="0" name="apt_install" skipped="0" tests="1" time="64.32" timestamp="2022-06-29T17:15:13">
	<testcase classname="AptPluginInstallDense" name="apt_install"/>
</testsuite>
