<?xml version="1.0" encoding="utf-8"?>
<testsuite failures="1" name="SoftwareManagement.sm_apt_install_remove_multiple" skipped="0" tests="1" time="182.03" timestamp="2022-07-13T12:20:26">
	<testcase classname="PySysTest" name="SoftwareManagement.sm_apt_install_remove_multiple">
		<failure message="FAILED: Assert that (False == value) with value=True" type="FAILED"/>
		<system-out>12:17:24 INFO  ==============================================================
12:17:24 INFO  Id:    SoftwareManagement.sm_apt_install_remove_multiple
12:17:24 INFO  Dir:   software_management_end_to_end/
12:17:24 INFO  Title: Validate end to end behaviour for the apt plugin for multiple packages
12:17:24 INFO  ==============================================================
12:17:24 INFO  Using sw id database: {'asciijump': '5475369', 'robotfindskitten': '5474869', 'squirrel3': '5475279', 'rolldice': '5152439', 'moon-buggy': '5439204', 'apple': '5495053', 'banana': '5494888', 'cherry': '5495382', 'watermelon': '5494510', 'registry': '8018911', 'hello-world': '8021526', 'docker/getting-started': '8021973', 'alpine': '7991792'}
12:17:24 INFO  EnvironmentC8y Setup
12:17:24 INFO  Executed systemctl&lt;serv_mapper1&gt;, exit status 3
12:17:24 INFO  Restarting mosquitto too frequently in the last 10 seconds. It was only up for 4 seconds
12:17:24 INFO  Delaying execution by 7 seconds
12:17:46 INFO  Executed sudo&lt;tedge_connect_c8y&gt;, exit status 0, duration 14 secs
12:17:46 INFO  Executed sudo&lt;tedge_connect_c8y_test&gt;, exit status 0
12:17:47 INFO  Executed systemctl&lt;serv_mosq2&gt;, exit status 0
12:17:47 INFO  Executed systemctl&lt;serv_mapper3&gt;, exit status 0
12:17:49 INFO  State of current operation: SUCCESSFUL
12:17:50 INFO  Assert that (False == value) with value=False ... passed
12:17:50 INFO  Assert that (False == value) with value=False ... passed
12:17:50 INFO  Assert that (False == value) with value=False ... passed
12:17:50 INFO  Package robotfindskitten is installed
12:17:50 WARN  Assert that (False == value) with value=True ... failed 
12:17:51 INFO  Response status: 201
12:17:51 INFO  Response to action: {
    &quot;creationTime&quot;: &quot;2022-07-13T12:17:51.163Z&quot;,
    &quot;deviceName&quot;: &quot;m32sd10d&quot;,
    &quot;deviceId&quot;: &quot;20879107&quot;,
    &quot;self&quot;: &quot;https://t493319102.eu-latest.cumulocity.com/devicecontrol/operations/20885416&quot;,
    &quot;id&quot;: &quot;20885416&quot;,
    &quot;status&quot;: &quot;PENDING&quot;,
    &quot;description&quot;: &quot;Apply software changes, triggered from PySys: [{'action': 'install', 'id': '5475369', 'name': 'asciijump', 'url': ' ', 'version': '::apt'}, {'action': 'install', 'id': '5474869', 'name': 'robotfindskitten', 'url': ' ', 'version': '::apt'}, {'action': 'install', 'id': '5475279', 'name': 'squirrel3', 'url': ' ', 'version': '::apt'}]&quot;,
    &quot;c8y_SoftwareUpdate&quot;: [
        {
            &quot;name&quot;: &quot;asciijump&quot;,
            &quot;action&quot;: &quot;install&quot;,
            &quot;id&quot;: &quot;5475369&quot;,
            &quot;version&quot;: &quot;::apt&quot;,
            &quot;url&quot;: &quot; &quot;
        },
        {
            &quot;name&quot;: &quot;robotfindskitten&quot;,
            &quot;action&quot;: &quot;install&quot;,
            &quot;id&quot;: &quot;5474869&quot;,
            &quot;version&quot;: &quot;::apt&quot;,
            &quot;url&quot;: &quot; &quot;
        },
        {
            &quot;name&quot;: &quot;squirrel3&quot;,
            &quot;action&quot;: &quot;install&quot;,
            &quot;id&quot;: &quot;5475279&quot;,
            &quot;version&quot;: &quot;::apt&quot;,
            &quot;url&quot;: &quot; &quot;
        }
    ]
}
12:17:51 INFO  Started operation: {'creationTime': '2022-07-13T12:17:51.163Z', 'deviceName': 'm32sd10d', 'deviceId': '20879107', 'self': 'https://t493319102.eu-latest.cumulocity.com/devicecontrol/operations/20885416', 'id': '20885416', 'status': 'PENDING', 'description': &quot;Apply software changes, triggered from PySys: [{'action': 'install', 'id': '5475369', 'name': 'asciijump', 'url': ' ', 'version': '::apt'}, {'action': 'install', 'id': '5474869', 'name': 'robotfindskitten', 'url': ' ', 'version': '::apt'}, {'action': 'install', 'id': '5475279', 'name': 'squirrel3', 'url': ' ', 'version': '::apt'}]&quot;, 'c8y_SoftwareUpdate': [{'name': 'asciijump', 'action': 'install', 'id': '5475369', 'version': '::apt', 'url': ' '}, {'name': 'robotfindskitten', 'action': 'install', 'id': '5474869', 'version': '::apt', 'url': ' '}, {'name': 'squirrel3', 'action': 'install', 'id': '5475279', 'version': '::apt', 'url': ' '}]}
12:17:53 INFO  State of operation 20885416 : PENDING
12:17:55 INFO  State of operation 20885416 : EXECUTING
12:17:58 INFO  State of operation 20885416 : EXECUTING
12:18:00 INFO  State of operation 20885416 : EXECUTING
12:18:02 INFO  State of operation 20885416 : EXECUTING
12:18:04 INFO  State of operation 20885416 : EXECUTING
12:18:07 INFO  State of operation 20885416 : EXECUTING
12:18:10 INFO  State of operation 20885416 : EXECUTING
12:18:12 INFO  State of operation 20885416 : EXECUTING
12:18:15 INFO  State of operation 20885416 : EXECUTING
12:18:17 INFO  State of operation 20885416 : EXECUTING
12:18:19 INFO  State of operation 20885416 : EXECUTING
12:18:21 INFO  State of operation 20885416 : EXECUTING
12:18:24 INFO  State of operation 20885416 : EXECUTING
12:18:26 INFO  State of operation 20885416 : EXECUTING
12:18:28 INFO  State of operation 20885416 : EXECUTING
12:18:31 INFO  State of operation 20885416 : EXECUTING
12:18:33 INFO  State of operation 20885416 : EXECUTING
12:18:36 INFO  State of operation 20885416 : EXECUTING
12:18:38 INFO  State of operation 20885416 : EXECUTING
12:18:40 INFO  State of operation 20885416 : EXECUTING
12:18:43 INFO  State of operation 20885416 : EXECUTING
12:18:45 INFO  State of operation 20885416 : EXECUTING
12:18:48 INFO  State of operation 20885416 : EXECUTING
12:18:50 INFO  State of operation 20885416 : EXECUTING
12:18:53 INFO  State of operation 20885416 : EXECUTING
12:18:55 INFO  State of operation 20885416 : EXECUTING
12:18:57 INFO  State of operation 20885416 : EXECUTING
12:18:59 INFO  State of operation 20885416 : EXECUTING
12:19:02 INFO  State of operation 20885416 : EXECUTING
12:19:04 INFO  State of operation 20885416 : EXECUTING
12:19:06 INFO  State of operation 20885416 : EXECUTING
12:19:09 INFO  State of operation 20885416 : EXECUTING
12:19:11 INFO  State of operation 20885416 : SUCCESSFUL
12:19:11 INFO  Assert that (False == value) with value=False ... passed
12:19:11 INFO  Package asciijump is installed
12:19:11 INFO  Assert that (True == value) with value=True ... passed
12:19:12 INFO  Package squirrel3 is installed
12:19:12 INFO  Assert that (True == value) with value=True ... passed
12:19:12 INFO  Package robotfindskitten is installed
12:19:12 INFO  Assert that (True == value) with value=True ... passed
12:19:12 INFO  Response status: 201
12:19:12 INFO  Response to action: {
    &quot;creationTime&quot;: &quot;2022-07-13T12:19:12.467Z&quot;,
    &quot;deviceName&quot;: &quot;m32sd10d&quot;,
    &quot;deviceId&quot;: &quot;20879107&quot;,
    &quot;self&quot;: &quot;https://t493319102.eu-latest.cumulocity.com/devicecontrol/operations/20885427&quot;,
    &quot;id&quot;: &quot;20885427&quot;,
    &quot;status&quot;: &quot;PENDING&quot;,
    &quot;description&quot;: &quot;Apply software changes, triggered from PySys: [{'action': 'delete', 'id': '5475369', 'name': 'asciijump', 'url': ' ', 'version': '::apt'}, {'action': 'delete', 'id': '5474869', 'name': 'robotfindskitten', 'url': ' ', 'version': '::apt'}, {'action': 'delete', 'id': '5475279', 'name': 'squirrel3', 'url': ' ', 'version': '::apt'}]&quot;,
    &quot;c8y_SoftwareUpdate&quot;: [
        {
            &quot;name&quot;: &quot;asciijump&quot;,
            &quot;action&quot;: &quot;delete&quot;,
            &quot;id&quot;: &quot;5475369&quot;,
            &quot;version&quot;: &quot;::apt&quot;,
            &quot;url&quot;: &quot; &quot;
        },
        {
            &quot;name&quot;: &quot;robotfindskitten&quot;,
            &quot;action&quot;: &quot;delete&quot;,
            &quot;id&quot;: &quot;5474869&quot;,
            &quot;version&quot;: &quot;::apt&quot;,
            &quot;url&quot;: &quot; &quot;
        },
        {
            &quot;name&quot;: &quot;squirrel3&quot;,
            &quot;action&quot;: &quot;delete&quot;,
            &quot;id&quot;: &quot;5475279&quot;,
            &quot;version&quot;: &quot;::apt&quot;,
            &quot;url&quot;: &quot; &quot;
        }
    ]
}
12:19:12 INFO  Started operation: {'creationTime': '2022-07-13T12:19:12.467Z', 'deviceName': 'm32sd10d', 'deviceId': '20879107', 'self': 'https://t493319102.eu-latest.cumulocity.com/devicecontrol/operations/20885427', 'id': '20885427', 'status': 'PENDING', 'description': &quot;Apply software changes, triggered from PySys: [{'action': 'delete', 'id': '5475369', 'name': 'asciijump', 'url': ' ', 'version': '::apt'}, {'action': 'delete', 'id': '5474869', 'name': 'robotfindskitten', 'url': ' ', 'version': '::apt'}, {'action': 'delete', 'id': '5475279', 'name': 'squirrel3', 'url': ' ', 'version': '::apt'}]&quot;, 'c8y_SoftwareUpdate': [{'name': 'asciijump', 'action': 'delete', 'id': '5475369', 'version': '::apt', 'url': ' '}, {'name': 'robotfindskitten', 'action': 'delete', 'id': '5474869', 'version': '::apt', 'url': ' '}, {'name': 'squirrel3', 'action': 'delete', 'id': '5475279', 'version': '::apt', 'url': ' '}]}
12:19:14 INFO  State of operation 20885427 : PENDING
12:19:16 INFO  State of operation 20885427 : EXECUTING
12:19:19 INFO  State of operation 20885427 : EXECUTING
12:19:21 INFO  State of operation 20885427 : EXECUTING
12:19:23 INFO  State of operation 20885427 : EXECUTING
12:19:25 INFO  State of operation 20885427 : EXECUTING
12:19:28 INFO  State of operation 20885427 : EXECUTING
12:19:31 INFO  State of operation 20885427 : EXECUTING
12:19:33 INFO  State of operation 20885427 : EXECUTING
12:19:36 INFO  State of operation 20885427 : EXECUTING
12:19:38 INFO  State of operation 20885427 : EXECUTING
12:19:40 INFO  State of operation 20885427 : EXECUTING
12:19:42 INFO  State of operation 20885427 : EXECUTING
12:19:45 INFO  State of operation 20885427 : EXECUTING
12:19:47 INFO  State of operation 20885427 : EXECUTING
12:19:49 INFO  State of operation 20885427 : EXECUTING
12:19:52 INFO  State of operation 20885427 : EXECUTING
12:19:54 INFO  State of operation 20885427 : EXECUTING
12:19:56 INFO  State of operation 20885427 : EXECUTING
12:19:59 INFO  State of operation 20885427 : EXECUTING
12:20:01 INFO  State of operation 20885427 : EXECUTING
12:20:04 INFO  State of operation 20885427 : EXECUTING
12:20:06 INFO  State of operation 20885427 : EXECUTING
12:20:08 INFO  State of operation 20885427 : EXECUTING
12:20:11 INFO  State of operation 20885427 : EXECUTING
12:20:13 INFO  State of operation 20885427 : EXECUTING
12:20:15 INFO  State of operation 20885427 : EXECUTING
12:20:18 INFO  State of operation 20885427 : EXECUTING
12:20:20 INFO  State of operation 20885427 : SUCCESSFUL
12:20:20 INFO  Assert that (False == value) with value=False ... passed
12:20:20 INFO  Assert that (False == value) with value=False ... passed
12:20:21 INFO  Assert that (False == value) with value=False ... passed
12:20:21 INFO  Assert that (False == value) with value=False ... passed
12:20:21 INFO  
12:20:21 INFO  cleanup:
12:20:25 INFO  Executed sudo&lt;tedge_disconnect_c8y&gt;, exit status 0
12:20:26 INFO  Executed systemctl&lt;serv_mapper5&gt;, exit status 3
12:20:26 INFO  
12:20:26 INFO  Test duration: 182.03 secs
12:20:26 INFO  Test final outcome:  FAILED
12:20:26 INFO  Test outcome reason: Assert that (False == value) with value=True
12:20:26 INFO  
</system-out>
	</testcase>
</testsuite>
