<?xml version="1.0" encoding="utf-8"?>
<testsuite failures="1" name="SoftwareManagement.sm_apt_install_remove_multiple" skipped="0" tests="1" time="178.91" timestamp="2022-07-21T12:35:37">
	<testcase classname="PySysTest" name="SoftwareManagement.sm_apt_install_remove_multiple">
		<failure message="FAILED: Assert that (False == value) with value=True" type="FAILED"/>
		<system-out>12:32:38 INFO  ==============================================================
12:32:38 INFO  Id:    SoftwareManagement.sm_apt_install_remove_multiple
12:32:38 INFO  Dir:   software_management_end_to_end/
12:32:38 INFO  Title: Validate end to end behaviour for the apt plugin for multiple packages
12:32:38 INFO  ==============================================================
12:32:38 INFO  Using sw id database: {'asciijump': '5475369', 'robotfindskitten': '5474869', 'squirrel3': '5475279', 'rolldice': '5152439', 'moon-buggy': '5439204', 'apple': '5495053', 'banana': '5494888', 'cherry': '5495382', 'watermelon': '5494510', 'registry': '8018911', 'hello-world': '8021526', 'docker/getting-started': '8021973', 'alpine': '7991792'}
12:32:38 INFO  EnvironmentC8y Setup
12:32:39 INFO  Executed systemctl&lt;serv_mapper1&gt;, exit status 3
12:32:39 INFO  Restarting mosquitto too frequently in the last 10 seconds. It was only up for 5 seconds
12:32:39 INFO  Delaying execution by 6 seconds
12:32:59 INFO  Executed sudo&lt;tedge_connect_c8y&gt;, exit status 0, duration 14 secs
12:33:00 INFO  Executed sudo&lt;tedge_connect_c8y_test&gt;, exit status 0
12:33:00 INFO  Executed systemctl&lt;serv_mosq2&gt;, exit status 0
12:33:01 INFO  Executed systemctl&lt;serv_mapper3&gt;, exit status 0
12:33:03 INFO  State of current operation: SUCCESSFUL
12:33:03 INFO  Assert that (False == value) with value=False ... passed
12:33:03 INFO  Assert that (False == value) with value=False ... passed
12:33:04 INFO  Assert that (False == value) with value=False ... passed
12:33:04 INFO  Package robotfindskitten is installed
12:33:04 WARN  Assert that (False == value) with value=True ... failed 
12:33:04 INFO  Response status: 201
12:33:04 INFO  Response to action: {
    &quot;creationTime&quot;: &quot;2022-07-21T12:33:04.646Z&quot;,
    &quot;deviceId&quot;: &quot;21121273&quot;,
    &quot;deviceName&quot;: &quot;m32sd10d&quot;,
    &quot;self&quot;: &quot;https://t493319102.eu-latest.cumulocity.com/devicecontrol/operations/21131910&quot;,
    &quot;id&quot;: &quot;21131910&quot;,
    &quot;status&quot;: &quot;PENDING&quot;,
    &quot;description&quot;: &quot;Apply software changes, triggered from PySys: [{'action': 'install', 'id': '5475369', 'name': 'asciijump', 'url': ' ', 'version': '::apt'}, {'action': 'install', 'id': '5474869', 'name': 'robotfindskitten', 'url': ' ', 'version': '::apt'}, {'action': 'install', 'id': '5475279', 'name': 'squirrel3', 'url': ' ', 'version': '::apt'}]&quot;,
    &quot;c8y_SoftwareUpdate&quot;: [
        {
            &quot;name&quot;: &quot;asciijump&quot;,
            &quot;action&quot;: &quot;install&quot;,
            &quot;id&quot;: &quot;5475369&quot;,
            &quot;version&quot;: &quot;::apt&quot;,
            &quot;url&quot;: &quot; &quot;
        },
        {
            &quot;name&quot;: &quot;robotfindskitten&quot;,
            &quot;action&quot;: &quot;install&quot;,
            &quot;id&quot;: &quot;5474869&quot;,
            &quot;version&quot;: &quot;::apt&quot;,
            &quot;url&quot;: &quot; &quot;
        },
        {
            &quot;name&quot;: &quot;squirrel3&quot;,
            &quot;action&quot;: &quot;install&quot;,
            &quot;id&quot;: &quot;5475279&quot;,
            &quot;version&quot;: &quot;::apt&quot;,
            &quot;url&quot;: &quot; &quot;
        }
    ]
}
12:33:04 INFO  Started operation: {'creationTime': '2022-07-21T12:33:04.646Z', 'deviceId': '21121273', 'deviceName': 'm32sd10d', 'self': 'https://t493319102.eu-latest.cumulocity.com/devicecontrol/operations/21131910', 'id': '21131910', 'status': 'PENDING', 'description': &quot;Apply software changes, triggered from PySys: [{'action': 'install', 'id': '5475369', 'name': 'asciijump', 'url': ' ', 'version': '::apt'}, {'action': 'install', 'id': '5474869', 'name': 'robotfindskitten', 'url': ' ', 'version': '::apt'}, {'action': 'install', 'id': '5475279', 'name': 'squirrel3', 'url': ' ', 'version': '::apt'}]&quot;, 'c8y_SoftwareUpdate': [{'name': 'asciijump', 'action': 'install', 'id': '5475369', 'version': '::apt', 'url': ' '}, {'name': 'robotfindskitten', 'action': 'install', 'id': '5474869', 'version': '::apt', 'url': ' '}, {'name': 'squirrel3', 'action': 'install', 'id': '5475279', 'version': '::apt', 'url': ' '}]}
12:33:06 INFO  State of operation 21131910 : PENDING
12:33:09 INFO  State of operation 21131910 : EXECUTING
12:33:11 INFO  State of operation 21131910 : EXECUTING
12:33:13 INFO  State of operation 21131910 : EXECUTING
12:33:15 INFO  State of operation 21131910 : EXECUTING
12:33:18 INFO  State of operation 21131910 : EXECUTING
12:33:20 INFO  State of operation 21131910 : EXECUTING
12:33:23 INFO  State of operation 21131910 : EXECUTING
12:33:25 INFO  State of operation 21131910 : EXECUTING
12:33:28 INFO  State of operation 21131910 : EXECUTING
12:33:30 INFO  State of operation 21131910 : EXECUTING
12:33:32 INFO  State of operation 21131910 : EXECUTING
12:33:34 INFO  State of operation 21131910 : EXECUTING
12:33:37 INFO  State of operation 21131910 : EXECUTING
12:33:39 INFO  State of operation 21131910 : EXECUTING
12:33:41 INFO  State of operation 21131910 : EXECUTING
12:33:44 INFO  State of operation 21131910 : EXECUTING
12:33:46 INFO  State of operation 21131910 : EXECUTING
12:33:49 INFO  State of operation 21131910 : EXECUTING
12:33:51 INFO  State of operation 21131910 : EXECUTING
12:33:53 INFO  State of operation 21131910 : EXECUTING
12:33:56 INFO  State of operation 21131910 : EXECUTING
12:33:58 INFO  State of operation 21131910 : EXECUTING
12:34:01 INFO  State of operation 21131910 : EXECUTING
12:34:03 INFO  State of operation 21131910 : EXECUTING
12:34:06 INFO  State of operation 21131910 : EXECUTING
12:34:08 INFO  State of operation 21131910 : EXECUTING
12:34:11 INFO  State of operation 21131910 : EXECUTING
12:34:13 INFO  State of operation 21131910 : EXECUTING
12:34:16 INFO  State of operation 21131910 : EXECUTING
12:34:18 INFO  State of operation 21131910 : EXECUTING
12:34:20 INFO  State of operation 21131910 : EXECUTING
12:34:22 INFO  State of operation 21131910 : EXECUTING
12:34:25 INFO  State of operation 21131910 : SUCCESSFUL
12:34:25 INFO  Assert that (False == value) with value=False ... passed
12:34:25 INFO  Package asciijump is installed
12:34:25 INFO  Assert that (True == value) with value=True ... passed
12:34:25 INFO  Package squirrel3 is installed
12:34:25 INFO  Assert that (True == value) with value=True ... passed
12:34:26 INFO  Package robotfindskitten is installed
12:34:26 INFO  Assert that (True == value) with value=True ... passed
12:34:26 INFO  Response status: 201
12:34:26 INFO  Response to action: {
    &quot;creationTime&quot;: &quot;2022-07-21T12:34:26.291Z&quot;,
    &quot;deviceId&quot;: &quot;21121273&quot;,
    &quot;deviceName&quot;: &quot;m32sd10d&quot;,
    &quot;self&quot;: &quot;https://t493319102.eu-latest.cumulocity.com/devicecontrol/operations/21131916&quot;,
    &quot;id&quot;: &quot;21131916&quot;,
    &quot;status&quot;: &quot;PENDING&quot;,
    &quot;description&quot;: &quot;Apply software changes, triggered from PySys: [{'action': 'delete', 'id': '5475369', 'name': 'asciijump', 'url': ' ', 'version': '::apt'}, {'action': 'delete', 'id': '5474869', 'name': 'robotfindskitten', 'url': ' ', 'version': '::apt'}, {'action': 'delete', 'id': '5475279', 'name': 'squirrel3', 'url': ' ', 'version': '::apt'}]&quot;,
    &quot;c8y_SoftwareUpdate&quot;: [
        {
            &quot;name&quot;: &quot;asciijump&quot;,
            &quot;action&quot;: &quot;delete&quot;,
            &quot;id&quot;: &quot;5475369&quot;,
            &quot;version&quot;: &quot;::apt&quot;,
            &quot;url&quot;: &quot; &quot;
        },
        {
            &quot;name&quot;: &quot;robotfindskitten&quot;,
            &quot;action&quot;: &quot;delete&quot;,
            &quot;id&quot;: &quot;5474869&quot;,
            &quot;version&quot;: &quot;::apt&quot;,
            &quot;url&quot;: &quot; &quot;
        },
        {
            &quot;name&quot;: &quot;squirrel3&quot;,
            &quot;action&quot;: &quot;delete&quot;,
            &quot;id&quot;: &quot;5475279&quot;,
            &quot;version&quot;: &quot;::apt&quot;,
            &quot;url&quot;: &quot; &quot;
        }
    ]
}
12:34:26 INFO  Started operation: {'creationTime': '2022-07-21T12:34:26.291Z', 'deviceId': '21121273', 'deviceName': 'm32sd10d', 'self': 'https://t493319102.eu-latest.cumulocity.com/devicecontrol/operations/21131916', 'id': '21131916', 'status': 'PENDING', 'description': &quot;Apply software changes, triggered from PySys: [{'action': 'delete', 'id': '5475369', 'name': 'asciijump', 'url': ' ', 'version': '::apt'}, {'action': 'delete', 'id': '5474869', 'name': 'robotfindskitten', 'url': ' ', 'version': '::apt'}, {'action': 'delete', 'id': '5475279', 'name': 'squirrel3', 'url': ' ', 'version': '::apt'}]&quot;, 'c8y_SoftwareUpdate': [{'name': 'asciijump', 'action': 'delete', 'id': '5475369', 'version': '::apt', 'url': ' '}, {'name': 'robotfindskitten', 'action': 'delete', 'id': '5474869', 'version': '::apt', 'url': ' '}, {'name': 'squirrel3', 'action': 'delete', 'id': '5475279', 'version': '::apt', 'url': ' '}]}
12:34:28 INFO  State of operation 21131916 : PENDING
12:34:30 INFO  State of operation 21131916 : EXECUTING
12:34:33 INFO  State of operation 21131916 : EXECUTING
12:34:35 INFO  State of operation 21131916 : EXECUTING
12:34:37 INFO  State of operation 21131916 : EXECUTING
12:34:39 INFO  State of operation 21131916 : EXECUTING
12:34:42 INFO  State of operation 21131916 : EXECUTING
12:34:45 INFO  State of operation 21131916 : EXECUTING
12:34:47 INFO  State of operation 21131916 : EXECUTING
12:34:50 INFO  State of operation 21131916 : EXECUTING
12:34:52 INFO  State of operation 21131916 : EXECUTING
12:34:54 INFO  State of operation 21131916 : EXECUTING
12:34:56 INFO  State of operation 21131916 : EXECUTING
12:34:59 INFO  State of operation 21131916 : EXECUTING
12:35:01 INFO  State of operation 21131916 : EXECUTING
12:35:03 INFO  State of operation 21131916 : EXECUTING
12:35:06 INFO  State of operation 21131916 : EXECUTING
12:35:08 INFO  State of operation 21131916 : EXECUTING
12:35:11 INFO  State of operation 21131916 : EXECUTING
12:35:13 INFO  State of operation 21131916 : EXECUTING
12:35:15 INFO  State of operation 21131916 : EXECUTING
12:35:18 INFO  State of operation 21131916 : EXECUTING
12:35:20 INFO  State of operation 21131916 : EXECUTING
12:35:22 INFO  State of operation 21131916 : EXECUTING
12:35:25 INFO  State of operation 21131916 : EXECUTING
12:35:27 INFO  State of operation 21131916 : EXECUTING
12:35:29 INFO  State of operation 21131916 : EXECUTING
12:35:32 INFO  State of operation 21131916 : SUCCESSFUL
12:35:32 INFO  Assert that (False == value) with value=False ... passed
12:35:32 INFO  Assert that (False == value) with value=False ... passed
12:35:32 INFO  Assert that (False == value) with value=False ... passed
12:35:33 INFO  Assert that (False == value) with value=False ... passed
12:35:33 INFO  
12:35:33 INFO  cleanup:
12:35:37 INFO  Executed sudo&lt;tedge_disconnect_c8y&gt;, exit status 0
12:35:37 INFO  Executed systemctl&lt;serv_mapper5&gt;, exit status 3
12:35:37 INFO  
12:35:37 INFO  Test duration: 178.91 secs
12:35:37 INFO  Test final outcome:  FAILED
12:35:37 INFO  Test outcome reason: Assert that (False == value) with value=True
12:35:37 INFO  
</system-out>
	</testcase>
</testsuite>
