<?xml version="1.0" encoding="utf-8"?>
<testsuite failures="0" name="apt_install" skipped="0" tests="1" time="64.93" timestamp="2022-05-20T13:40:33">
	<testcase classname="AptPluginInstallDense" name="apt_install"/>
</testsuite>
