<?xml version="1.0" encoding="utf-8"?>
<testsuite failures="1" name="SoftwareManagement.sm_apt_install_fail" skipped="0" tests="1" time="79.74" timestamp="2022-07-22T09:57:32">
	<testcase classname="PySysTest" name="SoftwareManagement.sm_apt_install_fail">
		<failure message="BLOCKED: SystemError: The Sofware list is empty !!!" type="BLOCKED"/>
		<system-out>09:56:13 INFO  ==============================================================
09:56:13 INFO  Id:    SoftwareManagement.sm_apt_install_fail
09:56:13 INFO  Dir:   software_management_end_to_end/
09:56:13 INFO  Title: Validate end to end behaviour for a failing installation
09:56:13 INFO  ==============================================================
09:56:13 INFO  Using sw id database: {'asciijump': '5475369', 'robotfindskitten': '5474869', 'squirrel3': '5475279', 'rolldice': '5152439', 'moon-buggy': '5439204', 'apple': '5495053', 'banana': '5494888', 'cherry': '5495382', 'watermelon': '5494510', 'registry': '8018911', 'hello-world': '8021526', 'docker/getting-started': '8021973', 'alpine': '7991792'}
09:56:13 INFO  EnvironmentC8y Setup
09:56:13 INFO  Executed systemctl&lt;serv_mapper1&gt;, exit status 3
09:56:13 INFO  Restarting mosquitto too frequently in the last 10 seconds. It was only up for 4 seconds
09:56:13 INFO  Delaying execution by 7 seconds
09:56:34 INFO  Executed sudo&lt;tedge_connect_c8y&gt;, exit status 0, duration 13 secs
09:56:35 INFO  Executed sudo&lt;tedge_connect_c8y_test&gt;, exit status 0
09:56:35 INFO  Executed systemctl&lt;serv_mosq2&gt;, exit status 0
09:56:36 INFO  Executed systemctl&lt;serv_mapper3&gt;, exit status 0
09:56:38 ERROR No operations found, assuming it passed
09:56:38 INFO  Response status: 201
09:56:38 INFO  Response to action: {
    &quot;delivery&quot;: {
        &quot;log&quot;: [],
        &quot;time&quot;: &quot;2022-07-22T09:56:38.728Z&quot;,
        &quot;status&quot;: &quot;PENDING&quot;
    },
    &quot;creationTime&quot;: &quot;2022-07-22T09:56:38.653Z&quot;,
    &quot;deviceId&quot;: &quot;21261801&quot;,
    &quot;deviceName&quot;: &quot;m32sd10d&quot;,
    &quot;self&quot;: &quot;https://t493319102.eu-latest.cumulocity.com/devicecontrol/operations/21274761&quot;,
    &quot;id&quot;: &quot;21274761&quot;,
    &quot;status&quot;: &quot;PENDING&quot;,
    &quot;description&quot;: &quot;Apply software changes, triggered from PySys: [{'name': 'does_not_exist', 'id': '5446165', 'version': '::apt', 'url': '', 'action': 'install'}]&quot;,
    &quot;c8y_SoftwareUpdate&quot;: [
        {
            &quot;name&quot;: &quot;does_not_exist&quot;,
            &quot;action&quot;: &quot;install&quot;,
            &quot;id&quot;: &quot;5446165&quot;,
            &quot;version&quot;: &quot;::apt&quot;,
            &quot;url&quot;: &quot;&quot;
        }
    ]
}
09:56:38 INFO  Started operation: {'delivery': {'log': [], 'time': '2022-07-22T09:56:38.728Z', 'status': 'PENDING'}, 'creationTime': '2022-07-22T09:56:38.653Z', 'deviceId': '21261801', 'deviceName': 'm32sd10d', 'self': 'https://t493319102.eu-latest.cumulocity.com/devicecontrol/operations/21274761', 'id': '21274761', 'status': 'PENDING', 'description': &quot;Apply software changes, triggered from PySys: [{'name': 'does_not_exist', 'id': '5446165', 'version': '::apt', 'url': '', 'action': 'install'}]&quot;, 'c8y_SoftwareUpdate': [{'name': 'does_not_exist', 'action': 'install', 'id': '5446165', 'version': '::apt', 'url': ''}]}
09:56:41 INFO  State of operation 21274761 : PENDING
09:56:43 INFO  State of operation 21274761 : EXECUTING
09:56:45 INFO  State of operation 21274761 : EXECUTING
09:56:47 INFO  State of operation 21274761 : EXECUTING
09:56:49 INFO  State of operation 21274761 : EXECUTING
09:56:52 INFO  State of operation 21274761 : EXECUTING
09:56:55 INFO  State of operation 21274761 : EXECUTING
09:56:57 INFO  State of operation 21274761 : EXECUTING
09:57:00 INFO  State of operation 21274761 : EXECUTING
09:57:02 INFO  State of operation 21274761 : EXECUTING
09:57:04 INFO  State of operation 21274761 : EXECUTING
09:57:06 INFO  State of operation 21274761 : EXECUTING
09:57:09 INFO  State of operation 21274761 : EXECUTING
09:57:11 INFO  State of operation 21274761 : EXECUTING
09:57:13 INFO  State of operation 21274761 : EXECUTING
09:57:16 INFO  State of operation 21274761 : EXECUTING
09:57:18 INFO  State of operation 21274761 : EXECUTING
09:57:21 INFO  State of operation 21274761 : EXECUTING
09:57:23 INFO  State of operation 21274761 : EXECUTING
09:57:25 INFO  State of operation 21274761 : EXECUTING
09:57:28 INFO  State of operation 21274761 : FAILED
09:57:28 WARN  SystemError occurred while running test - The Sofware list is empty !!!
Traceback (most recent call last):
  File &quot;/home/pi/env-pysys/lib/python3.7/site-packages/pysys/baserunner.py&quot;, line 1296, in __call__
    self.testObj.validate()
  File &quot;/home/pi/actions-runner/_work/thin-edge.io/thin-edge.io/tests/PySys/software_management_end_to_end/sm_apt_install_fail/run.py&quot;, line 31, in validate
    &quot;False == value&quot;, value=self.check_is_installed(&quot;does_not_exist&quot;)
  File &quot;/home/pi/actions-runner/_work/thin-edge.io/thin-edge.io/tests/PySys/software_management_end_to_end/environment_sm_management.py&quot;, line 399, in check_is_installed
    raise SystemError(&quot;The Sofware list is empty !!!&quot;)
SystemError: The Sofware list is empty !!!
09:57:28 WARN  SystemError: The Sofware list is empty !!! ... blocked 
09:57:28 INFO  
09:57:28 INFO  cleanup:
09:57:32 INFO  Executed sudo&lt;tedge_disconnect_c8y&gt;, exit status 0
09:57:32 INFO  Executed systemctl&lt;serv_mapper5&gt;, exit status 3
09:57:32 INFO  
09:57:32 INFO  Test duration: 79.74 secs
09:57:32 INFO  Test final outcome:  BLOCKED
09:57:32 INFO  Test outcome reason: SystemError: The Sofware list is empty !!!
09:57:32 INFO  
</system-out>
	</testcase>
</testsuite>
