<?xml version="1.0" encoding="utf-8"?>
<testsuite failures="0" name="apt_prepare_install_finalize" skipped="0" tests="1" time="95.02" timestamp="2022-05-23T13:42:52">
	<testcase classname="AptPluginPrepareInstallFinalize" name="apt_prepare_install_finalize"/>
</testsuite>
