<?xml version="1.0" encoding="utf-8"?>
<testsuite failures="1" name="SoftwareManagement.sm_apt_install_remove_multiple_mixed" skipped="0" tests="1" time="178.66" timestamp="2022-07-21T17:06:51">
	<testcase classname="PySysTest" name="SoftwareManagement.sm_apt_install_remove_multiple_mixed">
		<failure message="BLOCKED: SystemError: Timeout while waiting for status SUCCESSFUL or False" type="BLOCKED"/>
		<system-out>17:03:52 INFO  ==============================================================
17:03:52 INFO  Id:    SoftwareManagement.sm_apt_install_remove_multiple_mixed
17:03:52 INFO  Dir:   software_management_end_to_end/
17:03:52 INFO  Title: Validate end to end behaviour for the apt plugin for multiple packages with mixed versions
17:03:52 INFO  ==============================================================
17:03:52 INFO  Using sw id database: {'asciijump': '5475369', 'robotfindskitten': '5474869', 'squirrel3': '5475279', 'rolldice': '5152439', 'moon-buggy': '5439204', 'apple': '5495053', 'banana': '5494888', 'cherry': '5495382', 'watermelon': '5494510', 'registry': '8018911', 'hello-world': '8021526', 'docker/getting-started': '8021973', 'alpine': '7991792'}
17:03:52 INFO  EnvironmentC8y Setup
17:03:53 INFO  Executed systemctl&lt;serv_mapper1&gt;, exit status 3
17:03:53 INFO  Restarting mosquitto too frequently in the last 10 seconds. It was only up for 5 seconds
17:03:53 INFO  Delaying execution by 6 seconds
17:04:13 INFO  Executed sudo&lt;tedge_connect_c8y&gt;, exit status 0, duration 13 secs
17:04:13 INFO  Executed sudo&lt;tedge_connect_c8y_test&gt;, exit status 0
17:04:14 INFO  Executed systemctl&lt;serv_mosq2&gt;, exit status 0
17:04:14 INFO  Executed systemctl&lt;serv_mapper3&gt;, exit status 0
17:04:17 INFO  State of current operation: SUCCESSFUL
17:04:17 INFO  Assert that (False == value) with value=False ... passed
17:04:17 INFO  Assert that (False == value) with value=False ... passed
17:04:17 INFO  Assert that (False == value) with value=False ... passed
17:04:17 INFO  Assert that (False == value) with value=False ... passed
17:04:18 INFO  Assert that (False == value) with value=False ... passed
17:04:19 INFO  Response status: 201
17:04:19 INFO  Response to action: {
    &quot;delivery&quot;: {
        &quot;log&quot;: [],
        &quot;time&quot;: &quot;2022-07-21T17:04:19.365Z&quot;,
        &quot;status&quot;: &quot;PENDING&quot;
    },
    &quot;creationTime&quot;: &quot;2022-07-21T17:04:19.341Z&quot;,
    &quot;deviceId&quot;: &quot;21121273&quot;,
    &quot;deviceName&quot;: &quot;m32sd10d&quot;,
    &quot;self&quot;: &quot;https://t493319102.eu-latest.cumulocity.com/devicecontrol/operations/21163534&quot;,
    &quot;id&quot;: &quot;21163534&quot;,
    &quot;status&quot;: &quot;PENDING&quot;,
    &quot;description&quot;: &quot;Apply software changes, triggered from PySys: [{'action': 'install', 'id': '5475369', 'name': 'asciijump', 'url': ' ', 'version': '::apt'}, {'action': 'install', 'id': '5474869', 'name': 'robotfindskitten', 'url': ' ', 'version': ' '}, {'action': 'install', 'id': '5475279', 'name': 'squirrel3', 'url': ' ', 'version': '3.1-7::apt'}, {'action': 'install', 'id': '5152439', 'name': 'rolldice', 'url': ' ', 'version': '1.16-1+b1'}, {'action': 'install', 'id': '5439204', 'name': 'moon-buggy', 'url': ' ', 'version': '1:1.0.51-12'}, {'action': 'install', 'id': '5475369', 'name': 'asciijump', 'url': ' ', 'version': '::apt'}]&quot;,
    &quot;c8y_SoftwareUpdate&quot;: [
        {
            &quot;name&quot;: &quot;asciijump&quot;,
            &quot;action&quot;: &quot;install&quot;,
            &quot;id&quot;: &quot;5475369&quot;,
            &quot;version&quot;: &quot;::apt&quot;,
            &quot;url&quot;: &quot; &quot;
        },
        {
            &quot;name&quot;: &quot;robotfindskitten&quot;,
            &quot;action&quot;: &quot;install&quot;,
            &quot;id&quot;: &quot;5474869&quot;,
            &quot;version&quot;: &quot; &quot;,
            &quot;url&quot;: &quot; &quot;
        },
        {
            &quot;name&quot;: &quot;squirrel3&quot;,
            &quot;action&quot;: &quot;install&quot;,
            &quot;id&quot;: &quot;5475279&quot;,
            &quot;version&quot;: &quot;3.1-7::apt&quot;,
            &quot;url&quot;: &quot; &quot;
        },
        {
            &quot;name&quot;: &quot;rolldice&quot;,
            &quot;action&quot;: &quot;install&quot;,
            &quot;id&quot;: &quot;5152439&quot;,
            &quot;version&quot;: &quot;1.16-1+b1&quot;,
            &quot;url&quot;: &quot; &quot;
        },
        {
            &quot;name&quot;: &quot;moon-buggy&quot;,
            &quot;action&quot;: &quot;install&quot;,
            &quot;id&quot;: &quot;5439204&quot;,
            &quot;version&quot;: &quot;1:1.0.51-12&quot;,
            &quot;url&quot;: &quot; &quot;
        },
        {
            &quot;name&quot;: &quot;asciijump&quot;,
            &quot;action&quot;: &quot;install&quot;,
            &quot;id&quot;: &quot;5475369&quot;,
            &quot;version&quot;: &quot;::apt&quot;,
            &quot;url&quot;: &quot; &quot;
        }
    ]
}
17:04:19 INFO  Started operation: {'delivery': {'log': [], 'time': '2022-07-21T17:04:19.365Z', 'status': 'PENDING'}, 'creationTime': '2022-07-21T17:04:19.341Z', 'deviceId': '21121273', 'deviceName': 'm32sd10d', 'self': 'https://t493319102.eu-latest.cumulocity.com/devicecontrol/operations/21163534', 'id': '21163534', 'status': 'PENDING', 'description': &quot;Apply software changes, triggered from PySys: [{'action': 'install', 'id': '5475369', 'name': 'asciijump', 'url': ' ', 'version': '::apt'}, {'action': 'install', 'id': '5474869', 'name': 'robotfindskitten', 'url': ' ', 'version': ' '}, {'action': 'install', 'id': '5475279', 'name': 'squirrel3', 'url': ' ', 'version': '3.1-7::apt'}, {'action': 'install', 'id': '5152439', 'name': 'rolldice', 'url': ' ', 'version': '1.16-1+b1'}, {'action': 'install', 'id': '5439204', 'name': 'moon-buggy', 'url': ' ', 'version': '1:1.0.51-12'}, {'action': 'install', 'id': '5475369', 'name': 'asciijump', 'url': ' ', 'version': '::apt'}]&quot;, 'c8y_SoftwareUpdate': [{'name': 'asciijump', 'action': 'install', 'id': '5475369', 'version': '::apt', 'url': ' '}, {'name': 'robotfindskitten', 'action': 'install', 'id': '5474869', 'version': ' ', 'url': ' '}, {'name': 'squirrel3', 'action': 'install', 'id': '5475279', 'version': '3.1-7::apt', 'url': ' '}, {'name': 'rolldice', 'action': 'install', 'id': '5152439', 'version': '1.16-1+b1', 'url': ' '}, {'name': 'moon-buggy', 'action': 'install', 'id': '5439204', 'version': '1:1.0.51-12', 'url': ' '}, {'name': 'asciijump', 'action': 'install', 'id': '5475369', 'version': '::apt', 'url': ' '}]}
17:04:21 INFO  State of operation 21163534 : PENDING
17:04:23 INFO  State of operation 21163534 : EXECUTING
17:04:26 INFO  State of operation 21163534 : EXECUTING
17:04:28 INFO  State of operation 21163534 : EXECUTING
17:04:30 INFO  State of operation 21163534 : EXECUTING
17:04:32 INFO  State of operation 21163534 : EXECUTING
17:04:35 INFO  State of operation 21163534 : EXECUTING
17:04:38 INFO  State of operation 21163534 : EXECUTING
17:04:40 INFO  State of operation 21163534 : EXECUTING
17:04:43 INFO  State of operation 21163534 : EXECUTING
17:04:45 INFO  State of operation 21163534 : EXECUTING
17:04:47 INFO  State of operation 21163534 : EXECUTING
17:04:49 INFO  State of operation 21163534 : EXECUTING
17:04:52 INFO  State of operation 21163534 : EXECUTING
17:04:54 INFO  State of operation 21163534 : EXECUTING
17:04:56 INFO  State of operation 21163534 : EXECUTING
17:04:59 INFO  State of operation 21163534 : EXECUTING
17:05:01 INFO  State of operation 21163534 : EXECUTING
17:05:03 INFO  State of operation 21163534 : EXECUTING
17:05:06 INFO  State of operation 21163534 : EXECUTING
17:05:08 INFO  State of operation 21163534 : EXECUTING
17:05:11 INFO  State of operation 21163534 : EXECUTING
17:05:13 INFO  State of operation 21163534 : EXECUTING
17:05:16 INFO  State of operation 21163534 : EXECUTING
17:05:18 INFO  State of operation 21163534 : EXECUTING
17:05:21 INFO  State of operation 21163534 : EXECUTING
17:05:23 INFO  State of operation 21163534 : EXECUTING
17:05:26 INFO  State of operation 21163534 : EXECUTING
17:05:28 INFO  State of operation 21163534 : EXECUTING
17:05:30 INFO  State of operation 21163534 : EXECUTING
17:05:32 INFO  State of operation 21163534 : EXECUTING
17:05:35 INFO  State of operation 21163534 : EXECUTING
17:05:37 INFO  State of operation 21163534 : EXECUTING
17:05:39 INFO  State of operation 21163534 : EXECUTING
17:05:41 INFO  State of operation 21163534 : EXECUTING
17:05:44 INFO  State of operation 21163534 : EXECUTING
17:05:46 INFO  State of operation 21163534 : EXECUTING
17:05:49 INFO  State of operation 21163534 : EXECUTING
17:05:52 INFO  State of operation 21163534 : EXECUTING
17:05:54 INFO  State of operation 21163534 : EXECUTING
17:05:56 INFO  State of operation 21163534 : EXECUTING
17:05:58 INFO  State of operation 21163534 : EXECUTING
17:06:01 INFO  State of operation 21163534 : EXECUTING
17:06:03 INFO  State of operation 21163534 : EXECUTING
17:06:05 INFO  State of operation 21163534 : EXECUTING
17:06:07 INFO  State of operation 21163534 : EXECUTING
17:06:10 INFO  State of operation 21163534 : EXECUTING
17:06:12 INFO  State of operation 21163534 : EXECUTING
17:06:15 INFO  State of operation 21163534 : EXECUTING
17:06:17 INFO  State of operation 21163534 : EXECUTING
17:06:19 INFO  State of operation 21163534 : EXECUTING
17:06:21 INFO  State of operation 21163534 : EXECUTING
17:06:25 INFO  State of operation 21163534 : EXECUTING
17:06:27 INFO  State of operation 21163534 : EXECUTING
17:06:30 INFO  State of operation 21163534 : EXECUTING
17:06:32 INFO  State of operation 21163534 : EXECUTING
17:06:35 INFO  State of operation 21163534 : EXECUTING
17:06:37 INFO  State of operation 21163534 : EXECUTING
17:06:40 INFO  State of operation 21163534 : EXECUTING
17:06:42 INFO  State of operation 21163534 : EXECUTING
17:06:44 INFO  State of operation 21163534 : EXECUTING
17:06:46 WARN  SystemError occurred while running test - Timeout while waiting for status SUCCESSFUL or False
Traceback (most recent call last):
  File &quot;/home/pi/env-pysys/lib/python3.7/site-packages/pysys/baserunner.py&quot;, line 1294, in __call__
    self.testObj.execute()
  File &quot;/home/pi/actions-runner/_work/thin-edge.io/thin-edge.io/tests/PySys/software_management_end_to_end/sm_apt_install_remove_multiple_mixed/run.py&quot;, line 89, in execute
    self.wait_until_succcess()
  File &quot;/home/pi/actions-runner/_work/thin-edge.io/thin-edge.io/tests/PySys/software_management_end_to_end/environment_sm_management.py&quot;, line 324, in wait_until_succcess
    self.wait_until_status(&quot;SUCCESSFUL&quot;)
  File &quot;/home/pi/actions-runner/_work/thin-edge.io/thin-edge.io/tests/PySys/software_management_end_to_end/environment_sm_management.py&quot;, line 381, in wait_until_status
    &quot;Timeout while waiting for status %s or %s&quot; % (status, status2)
SystemError: Timeout while waiting for status SUCCESSFUL or False
17:06:46 WARN  SystemError: Timeout while waiting for status SUCCESSFUL or False ... blocked 
17:06:46 INFO  
17:06:46 INFO  cleanup:
17:06:50 INFO  Executed sudo&lt;tedge_disconnect_c8y&gt;, exit status 0
17:06:51 INFO  Executed systemctl&lt;serv_mapper5&gt;, exit status 3
17:06:51 INFO  
17:06:51 INFO  Test duration: 178.66 secs
17:06:51 INFO  Test final outcome:  BLOCKED
17:06:51 INFO  Test outcome reason: SystemError: Timeout while waiting for status SUCCESSFUL or False
17:06:51 INFO  
</system-out>
	</testcase>
</testsuite>
