<?xml version="1.0" encoding="utf-8"?>
<testsuite failures="1" name="SoftwareManagement.sm_apt_install_remove_multiple_mixed" skipped="0" tests="1" time="29.29" timestamp="2022-07-15T08:18:07">
	<testcase classname="PySysTest" name="SoftwareManagement.sm_apt_install_remove_multiple_mixed">
		<failure message="BLOCKED: SystemError: The Sofware list is empty !!!" type="BLOCKED"/>
		<system-out>08:17:37 INFO  ==============================================================
08:17:37 INFO  Id:    SoftwareManagement.sm_apt_install_remove_multiple_mixed
08:17:37 INFO  Dir:   software_management_end_to_end/
08:17:37 INFO  Title: Validate end to end behaviour for the apt plugin for multiple packages with mixed versions
08:17:37 INFO  ==============================================================
08:17:37 INFO  Using sw id database: {'asciijump': '5475369', 'robotfindskitten': '5474869', 'squirrel3': '5475279', 'rolldice': '5152439', 'moon-buggy': '5439204', 'apple': '5495053', 'banana': '5494888', 'cherry': '5495382', 'watermelon': '5494510', 'registry': '8018911', 'hello-world': '8021526', 'docker/getting-started': '8021973', 'alpine': '7991792'}
08:17:37 INFO  EnvironmentC8y Setup
08:17:38 INFO  Executed systemctl&lt;serv_mapper1&gt;, exit status 3
08:17:38 INFO  Restarting mosquitto too frequently in the last 10 seconds. It was only up for 5 seconds
08:17:38 INFO  Delaying execution by 6 seconds
08:17:58 INFO  Executed sudo&lt;tedge_connect_c8y&gt;, exit status 0, duration 14 secs
08:17:59 INFO  Executed sudo&lt;tedge_connect_c8y_test&gt;, exit status 0
08:17:59 INFO  Executed systemctl&lt;serv_mosq2&gt;, exit status 0
08:18:00 INFO  Executed systemctl&lt;serv_mapper3&gt;, exit status 0
08:18:02 INFO  State of current operation: FAILED
08:18:02 WARN  SystemError occurred while running test - The Sofware list is empty !!!
Traceback (most recent call last):
  File &quot;/home/pi/env-pysys/lib/python3.7/site-packages/pysys/baserunner.py&quot;, line 1292, in __call__
    self.testObj.setup()
  File &quot;/home/pi/actions-runner/_work/thin-edge.io/thin-edge.io/tests/PySys/software_management_end_to_end/sm_apt_install_remove_multiple_mixed/run.py&quot;, line 75, in setup
    self.assertThat(&quot;False == value&quot;, value=self.check_is_installed(&quot;asciijump&quot;))
  File &quot;/home/pi/actions-runner/_work/thin-edge.io/thin-edge.io/tests/PySys/software_management_end_to_end/environment_sm_management.py&quot;, line 399, in check_is_installed
    raise SystemError(&quot;The Sofware list is empty !!!&quot;)
SystemError: The Sofware list is empty !!!
08:18:02 WARN  SystemError: The Sofware list is empty !!! ... blocked 
08:18:02 INFO  
08:18:02 INFO  cleanup:
08:18:06 INFO  Executed sudo&lt;tedge_disconnect_c8y&gt;, exit status 0
08:18:07 INFO  Executed systemctl&lt;serv_mapper5&gt;, exit status 3
08:18:07 INFO  
08:18:07 INFO  Test duration: 29.29 secs
08:18:07 INFO  Test final outcome:  BLOCKED
08:18:07 INFO  Test outcome reason: SystemError: The Sofware list is empty !!!
08:18:07 INFO  
</system-out>
	</testcase>
</testsuite>
