<?xml version="1.0" encoding="utf-8"?>
<testsuite failures="1" name="SoftwareManagement.sm_apt_install_remove_multiple_mixed" skipped="0" tests="1" time="170.4" timestamp="2022-05-23T15:47:20">
	<testcase classname="PySysTest" name="SoftwareManagement.sm_apt_install_remove_multiple_mixed">
		<failure message="BLOCKED: SystemError: Timeout while waiting for status FAILED or SUCCESSFUL" type="BLOCKED"/>
		<system-out>15:44:30 INFO  ==============================================================
15:44:30 INFO  Id:    SoftwareManagement.sm_apt_install_remove_multiple_mixed
15:44:30 INFO  Dir:   software_management_end_to_end/
15:44:30 INFO  Title: Validate end to end behaviour for the apt plugin for multiple packages with mixed versions
15:44:30 INFO  ==============================================================
15:44:30 INFO  Using sw id database: {'asciijump': '5475369', 'robotfindskitten': '5474869', 'squirrel3': '5475279', 'rolldice': '5152439', 'moon-buggy': '5439204', 'apple': '5495053', 'banana': '5494888', 'cherry': '5495382', 'watermelon': '5494510', 'registry': '8018911', 'hello-world': '8021526', 'docker/getting-started': '8021973', 'alpine': '7991792'}
15:44:30 INFO  EnvironmentC8y Setup
15:44:31 INFO  Executed systemctl&lt;serv_mapper1&gt;, exit status 3
15:44:31 INFO  Restarting mosquitto too frequently in the last 10 seconds. It was only up for 5 seconds
15:44:31 INFO  Delaying execution by 6 seconds
15:44:51 INFO  Executed sudo&lt;tedge_connect_c8y&gt;, exit status 0, duration 14 secs
15:44:51 INFO  Executed sudo&lt;tedge_connect_c8y_test&gt;, exit status 0
15:44:52 INFO  Executed systemctl&lt;serv_mosq2&gt;, exit status 0
15:44:52 INFO  Executed systemctl&lt;serv_mapper3&gt;, exit status 0
15:44:55 INFO  State of current operation: PENDING
15:44:57 INFO  State of current operation: PENDING
15:44:59 INFO  State of current operation: PENDING
15:45:01 INFO  State of current operation: PENDING
15:45:03 INFO  State of current operation: PENDING
15:45:06 INFO  State of current operation: PENDING
15:45:08 INFO  State of current operation: PENDING
15:45:10 INFO  State of current operation: PENDING
15:45:12 INFO  State of current operation: PENDING
15:45:15 INFO  State of current operation: PENDING
15:45:17 INFO  State of current operation: PENDING
15:45:19 INFO  State of current operation: PENDING
15:45:21 INFO  State of current operation: PENDING
15:45:24 INFO  State of current operation: PENDING
15:45:26 INFO  State of current operation: PENDING
15:45:28 INFO  State of current operation: PENDING
15:45:30 INFO  State of current operation: PENDING
15:45:33 INFO  State of current operation: PENDING
15:45:35 INFO  State of current operation: PENDING
15:45:37 INFO  State of current operation: PENDING
15:45:39 INFO  State of current operation: PENDING
15:45:41 INFO  State of current operation: PENDING
15:45:44 INFO  State of current operation: PENDING
15:45:46 INFO  State of current operation: PENDING
15:45:48 INFO  State of current operation: PENDING
15:45:50 INFO  State of current operation: PENDING
15:45:53 INFO  State of current operation: PENDING
15:45:55 INFO  State of current operation: PENDING
15:45:57 INFO  State of current operation: PENDING
15:45:59 INFO  State of current operation: PENDING
15:46:02 INFO  State of current operation: PENDING
15:46:04 INFO  State of current operation: PENDING
15:46:06 INFO  State of current operation: PENDING
15:46:08 INFO  State of current operation: PENDING
15:46:11 INFO  State of current operation: PENDING
15:46:13 INFO  State of current operation: PENDING
15:46:15 INFO  State of current operation: PENDING
15:46:17 INFO  State of current operation: PENDING
15:46:19 INFO  State of current operation: PENDING
15:46:22 INFO  State of current operation: PENDING
15:46:24 INFO  State of current operation: PENDING
15:46:26 INFO  State of current operation: PENDING
15:46:29 INFO  State of current operation: PENDING
15:46:31 INFO  State of current operation: PENDING
15:46:33 INFO  State of current operation: PENDING
15:46:35 INFO  State of current operation: PENDING
15:46:37 INFO  State of current operation: PENDING
15:46:40 INFO  State of current operation: PENDING
15:46:42 INFO  State of current operation: PENDING
15:46:44 INFO  State of current operation: PENDING
15:46:51 INFO  State of current operation: PENDING
15:46:54 INFO  State of current operation: PENDING
15:46:56 INFO  State of current operation: PENDING
15:46:58 INFO  State of current operation: PENDING
15:47:00 INFO  State of current operation: PENDING
15:47:03 INFO  State of current operation: PENDING
15:47:05 INFO  State of current operation: PENDING
15:47:07 INFO  State of current operation: PENDING
15:47:09 INFO  State of current operation: PENDING
15:47:12 INFO  State of current operation: PENDING
15:47:14 INFO  State of current operation: PENDING
15:47:16 WARN  SystemError occurred while running test - Timeout while waiting for status FAILED or SUCCESSFUL
Traceback (most recent call last):
  File &quot;/home/pi/env-pysys/lib/python3.7/site-packages/pysys/baserunner.py&quot;, line 1292, in __call__
    self.testObj.setup()
  File &quot;/home/pi/actions-runner/_work/thin-edge.io/thin-edge.io/tests/PySys/software_management_end_to_end/sm_apt_install_remove_multiple_mixed/run.py&quot;, line 73, in setup
    super().setup()
  File &quot;/home/pi/actions-runner/_work/thin-edge.io/thin-edge.io/tests/PySys/software_management_end_to_end/environment_sm_management.py&quot;, line 151, in setup
    self.wait_until_end()
  File &quot;/home/pi/actions-runner/_work/thin-edge.io/thin-edge.io/tests/PySys/software_management_end_to_end/environment_sm_management.py&quot;, line 332, in wait_until_end
    self.wait_until_status(&quot;FAILED&quot;, &quot;SUCCESSFUL&quot;)
  File &quot;/home/pi/actions-runner/_work/thin-edge.io/thin-edge.io/tests/PySys/software_management_end_to_end/environment_sm_management.py&quot;, line 381, in wait_until_status
    &quot;Timeout while waiting for status %s or %s&quot; % (status, status2)
SystemError: Timeout while waiting for status FAILED or SUCCESSFUL
15:47:16 WARN  SystemError: Timeout while waiting for status FAILED or SUCCESSFUL ... blocked 
15:47:16 INFO  
15:47:16 INFO  cleanup:
15:47:20 INFO  Executed sudo&lt;tedge_disconnect_c8y&gt;, exit status 0
15:47:20 INFO  Executed systemctl&lt;serv_mapper5&gt;, exit status 3
15:47:20 INFO  
15:47:20 INFO  Test duration: 170.40 secs
15:47:20 INFO  Test final outcome:  BLOCKED
15:47:20 INFO  Test outcome reason: SystemError: Timeout while waiting for status FAILED or SUCCESSFUL
15:47:20 INFO  
</system-out>
	</testcase>
</testsuite>
