<?xml version="1.0" encoding="utf-8"?>
<testsuite failures="1" name="SoftwareManagement.sm_apt_install_remove_multiple" skipped="0" tests="1" time="178.95" timestamp="2022-07-20T11:29:58">
	<testcase classname="PySysTest" name="SoftwareManagement.sm_apt_install_remove_multiple">
		<failure message="FAILED: Assert that (False == value) with value=True" type="FAILED"/>
		<system-out>11:26:59 INFO  ==============================================================
11:26:59 INFO  Id:    SoftwareManagement.sm_apt_install_remove_multiple
11:26:59 INFO  Dir:   software_management_end_to_end/
11:26:59 INFO  Title: Validate end to end behaviour for the apt plugin for multiple packages
11:26:59 INFO  ==============================================================
11:27:00 INFO  Using sw id database: {'asciijump': '5475369', 'robotfindskitten': '5474869', 'squirrel3': '5475279', 'rolldice': '5152439', 'moon-buggy': '5439204', 'apple': '5495053', 'banana': '5494888', 'cherry': '5495382', 'watermelon': '5494510', 'registry': '8018911', 'hello-world': '8021526', 'docker/getting-started': '8021973', 'alpine': '7991792'}
11:27:00 INFO  EnvironmentC8y Setup
11:27:00 INFO  Executed systemctl&lt;serv_mapper1&gt;, exit status 3
11:27:00 INFO  Restarting mosquitto too frequently in the last 10 seconds. It was only up for 4 seconds
11:27:00 INFO  Delaying execution by 7 seconds
11:27:21 INFO  Executed sudo&lt;tedge_connect_c8y&gt;, exit status 0, duration 14 secs
11:27:22 INFO  Executed sudo&lt;tedge_connect_c8y_test&gt;, exit status 0
11:27:22 INFO  Executed systemctl&lt;serv_mosq2&gt;, exit status 0
11:27:23 INFO  Executed systemctl&lt;serv_mapper3&gt;, exit status 0
11:27:25 INFO  State of current operation: SUCCESSFUL
11:27:25 INFO  Assert that (False == value) with value=False ... passed
11:27:25 INFO  Assert that (False == value) with value=False ... passed
11:27:26 INFO  Assert that (False == value) with value=False ... passed
11:27:26 INFO  Package robotfindskitten is installed
11:27:26 WARN  Assert that (False == value) with value=True ... failed 
11:27:26 INFO  Response status: 201
11:27:26 INFO  Response to action: {
    &quot;creationTime&quot;: &quot;2022-07-20T11:27:26.689Z&quot;,
    &quot;deviceId&quot;: &quot;21056369&quot;,
    &quot;deviceName&quot;: &quot;m32sd10d&quot;,
    &quot;self&quot;: &quot;https://t493319102.eu-latest.cumulocity.com/devicecontrol/operations/21082353&quot;,
    &quot;id&quot;: &quot;21082353&quot;,
    &quot;status&quot;: &quot;PENDING&quot;,
    &quot;description&quot;: &quot;Apply software changes, triggered from PySys: [{'action': 'install', 'id': '5475369', 'name': 'asciijump', 'url': ' ', 'version': '::apt'}, {'action': 'install', 'id': '5474869', 'name': 'robotfindskitten', 'url': ' ', 'version': '::apt'}, {'action': 'install', 'id': '5475279', 'name': 'squirrel3', 'url': ' ', 'version': '::apt'}]&quot;,
    &quot;c8y_SoftwareUpdate&quot;: [
        {
            &quot;name&quot;: &quot;asciijump&quot;,
            &quot;action&quot;: &quot;install&quot;,
            &quot;id&quot;: &quot;5475369&quot;,
            &quot;version&quot;: &quot;::apt&quot;,
            &quot;url&quot;: &quot; &quot;
        },
        {
            &quot;name&quot;: &quot;robotfindskitten&quot;,
            &quot;action&quot;: &quot;install&quot;,
            &quot;id&quot;: &quot;5474869&quot;,
            &quot;version&quot;: &quot;::apt&quot;,
            &quot;url&quot;: &quot; &quot;
        },
        {
            &quot;name&quot;: &quot;squirrel3&quot;,
            &quot;action&quot;: &quot;install&quot;,
            &quot;id&quot;: &quot;5475279&quot;,
            &quot;version&quot;: &quot;::apt&quot;,
            &quot;url&quot;: &quot; &quot;
        }
    ]
}
11:27:26 INFO  Started operation: {'creationTime': '2022-07-20T11:27:26.689Z', 'deviceId': '21056369', 'deviceName': 'm32sd10d', 'self': 'https://t493319102.eu-latest.cumulocity.com/devicecontrol/operations/21082353', 'id': '21082353', 'status': 'PENDING', 'description': &quot;Apply software changes, triggered from PySys: [{'action': 'install', 'id': '5475369', 'name': 'asciijump', 'url': ' ', 'version': '::apt'}, {'action': 'install', 'id': '5474869', 'name': 'robotfindskitten', 'url': ' ', 'version': '::apt'}, {'action': 'install', 'id': '5475279', 'name': 'squirrel3', 'url': ' ', 'version': '::apt'}]&quot;, 'c8y_SoftwareUpdate': [{'name': 'asciijump', 'action': 'install', 'id': '5475369', 'version': '::apt', 'url': ' '}, {'name': 'robotfindskitten', 'action': 'install', 'id': '5474869', 'version': '::apt', 'url': ' '}, {'name': 'squirrel3', 'action': 'install', 'id': '5475279', 'version': '::apt', 'url': ' '}]}
11:27:28 INFO  State of operation 21082353 : PENDING
11:27:31 INFO  State of operation 21082353 : EXECUTING
11:27:33 INFO  State of operation 21082353 : EXECUTING
11:27:35 INFO  State of operation 21082353 : EXECUTING
11:27:37 INFO  State of operation 21082353 : EXECUTING
11:27:40 INFO  State of operation 21082353 : EXECUTING
11:27:42 INFO  State of operation 21082353 : EXECUTING
11:27:45 INFO  State of operation 21082353 : EXECUTING
11:27:48 INFO  State of operation 21082353 : EXECUTING
11:27:50 INFO  State of operation 21082353 : EXECUTING
11:27:52 INFO  State of operation 21082353 : EXECUTING
11:27:54 INFO  State of operation 21082353 : EXECUTING
11:27:57 INFO  State of operation 21082353 : EXECUTING
11:27:59 INFO  State of operation 21082353 : EXECUTING
11:28:01 INFO  State of operation 21082353 : EXECUTING
11:28:03 INFO  State of operation 21082353 : EXECUTING
11:28:06 INFO  State of operation 21082353 : EXECUTING
11:28:08 INFO  State of operation 21082353 : EXECUTING
11:28:11 INFO  State of operation 21082353 : EXECUTING
11:28:13 INFO  State of operation 21082353 : EXECUTING
11:28:15 INFO  State of operation 21082353 : EXECUTING
11:28:18 INFO  State of operation 21082353 : EXECUTING
11:28:20 INFO  State of operation 21082353 : EXECUTING
11:28:23 INFO  State of operation 21082353 : EXECUTING
11:28:25 INFO  State of operation 21082353 : EXECUTING
11:28:28 INFO  State of operation 21082353 : EXECUTING
11:28:30 INFO  State of operation 21082353 : EXECUTING
11:28:33 INFO  State of operation 21082353 : EXECUTING
11:28:35 INFO  State of operation 21082353 : EXECUTING
11:28:38 INFO  State of operation 21082353 : EXECUTING
11:28:40 INFO  State of operation 21082353 : EXECUTING
11:28:42 INFO  State of operation 21082353 : EXECUTING
11:28:44 INFO  State of operation 21082353 : EXECUTING
11:28:47 INFO  State of operation 21082353 : SUCCESSFUL
11:28:47 INFO  Assert that (False == value) with value=False ... passed
11:28:47 INFO  Package asciijump is installed
11:28:47 INFO  Assert that (True == value) with value=True ... passed
11:28:47 INFO  Package squirrel3 is installed
11:28:47 INFO  Assert that (True == value) with value=True ... passed
11:28:48 INFO  Package robotfindskitten is installed
11:28:48 INFO  Assert that (True == value) with value=True ... passed
11:28:48 INFO  Response status: 201
11:28:48 INFO  Response to action: {
    &quot;creationTime&quot;: &quot;2022-07-20T11:28:48.199Z&quot;,
    &quot;deviceId&quot;: &quot;21056369&quot;,
    &quot;deviceName&quot;: &quot;m32sd10d&quot;,
    &quot;self&quot;: &quot;https://t493319102.eu-latest.cumulocity.com/devicecontrol/operations/21082369&quot;,
    &quot;id&quot;: &quot;21082369&quot;,
    &quot;status&quot;: &quot;PENDING&quot;,
    &quot;description&quot;: &quot;Apply software changes, triggered from PySys: [{'action': 'delete', 'id': '5475369', 'name': 'asciijump', 'url': ' ', 'version': '::apt'}, {'action': 'delete', 'id': '5474869', 'name': 'robotfindskitten', 'url': ' ', 'version': '::apt'}, {'action': 'delete', 'id': '5475279', 'name': 'squirrel3', 'url': ' ', 'version': '::apt'}]&quot;,
    &quot;c8y_SoftwareUpdate&quot;: [
        {
            &quot;name&quot;: &quot;asciijump&quot;,
            &quot;action&quot;: &quot;delete&quot;,
            &quot;id&quot;: &quot;5475369&quot;,
            &quot;version&quot;: &quot;::apt&quot;,
            &quot;url&quot;: &quot; &quot;
        },
        {
            &quot;name&quot;: &quot;robotfindskitten&quot;,
            &quot;action&quot;: &quot;delete&quot;,
            &quot;id&quot;: &quot;5474869&quot;,
            &quot;version&quot;: &quot;::apt&quot;,
            &quot;url&quot;: &quot; &quot;
        },
        {
            &quot;name&quot;: &quot;squirrel3&quot;,
            &quot;action&quot;: &quot;delete&quot;,
            &quot;id&quot;: &quot;5475279&quot;,
            &quot;version&quot;: &quot;::apt&quot;,
            &quot;url&quot;: &quot; &quot;
        }
    ]
}
11:28:48 INFO  Started operation: {'creationTime': '2022-07-20T11:28:48.199Z', 'deviceId': '21056369', 'deviceName': 'm32sd10d', 'self': 'https://t493319102.eu-latest.cumulocity.com/devicecontrol/operations/21082369', 'id': '21082369', 'status': 'PENDING', 'description': &quot;Apply software changes, triggered from PySys: [{'action': 'delete', 'id': '5475369', 'name': 'asciijump', 'url': ' ', 'version': '::apt'}, {'action': 'delete', 'id': '5474869', 'name': 'robotfindskitten', 'url': ' ', 'version': '::apt'}, {'action': 'delete', 'id': '5475279', 'name': 'squirrel3', 'url': ' ', 'version': '::apt'}]&quot;, 'c8y_SoftwareUpdate': [{'name': 'asciijump', 'action': 'delete', 'id': '5475369', 'version': '::apt', 'url': ' '}, {'name': 'robotfindskitten', 'action': 'delete', 'id': '5474869', 'version': '::apt', 'url': ' '}, {'name': 'squirrel3', 'action': 'delete', 'id': '5475279', 'version': '::apt', 'url': ' '}]}
11:28:50 INFO  State of operation 21082369 : PENDING
11:28:52 INFO  State of operation 21082369 : EXECUTING
11:28:54 INFO  State of operation 21082369 : EXECUTING
11:28:57 INFO  State of operation 21082369 : EXECUTING
11:28:59 INFO  State of operation 21082369 : EXECUTING
11:29:01 INFO  State of operation 21082369 : EXECUTING
11:29:04 INFO  State of operation 21082369 : EXECUTING
11:29:07 INFO  State of operation 21082369 : EXECUTING
11:29:09 INFO  State of operation 21082369 : EXECUTING
11:29:11 INFO  State of operation 21082369 : EXECUTING
11:29:14 INFO  State of operation 21082369 : EXECUTING
11:29:16 INFO  State of operation 21082369 : EXECUTING
11:29:18 INFO  State of operation 21082369 : EXECUTING
11:29:20 INFO  State of operation 21082369 : EXECUTING
11:29:23 INFO  State of operation 21082369 : EXECUTING
11:29:25 INFO  State of operation 21082369 : EXECUTING
11:29:27 INFO  State of operation 21082369 : EXECUTING
11:29:30 INFO  State of operation 21082369 : EXECUTING
11:29:32 INFO  State of operation 21082369 : EXECUTING
11:29:35 INFO  State of operation 21082369 : EXECUTING
11:29:37 INFO  State of operation 21082369 : EXECUTING
11:29:39 INFO  State of operation 21082369 : EXECUTING
11:29:41 INFO  State of operation 21082369 : EXECUTING
11:29:43 INFO  State of operation 21082369 : EXECUTING
11:29:46 INFO  State of operation 21082369 : EXECUTING
11:29:49 INFO  State of operation 21082369 : EXECUTING
11:29:51 INFO  State of operation 21082369 : EXECUTING
11:29:53 INFO  State of operation 21082369 : SUCCESSFUL
11:29:53 INFO  Assert that (False == value) with value=False ... passed
11:29:53 INFO  Assert that (False == value) with value=False ... passed
11:29:54 INFO  Assert that (False == value) with value=False ... passed
11:29:54 INFO  Assert that (False == value) with value=False ... passed
11:29:54 INFO  
11:29:54 INFO  cleanup:
11:29:58 INFO  Executed sudo&lt;tedge_disconnect_c8y&gt;, exit status 0
11:29:58 INFO  Executed systemctl&lt;serv_mapper5&gt;, exit status 3
11:29:58 INFO  
11:29:58 INFO  Test duration: 178.95 secs
11:29:58 INFO  Test final outcome:  FAILED
11:29:58 INFO  Test outcome reason: Assert that (False == value) with value=True
11:29:58 INFO  
</system-out>
	</testcase>
</testsuite>
