<?xml version="1.0" encoding="utf-8"?>
<testsuite failures="1" name="SoftwareManagement.sm_apt_install_remove_multiple" skipped="0" tests="1" time="165.01" timestamp="2022-05-25T13:29:54">
	<testcase classname="PySysTest" name="SoftwareManagement.sm_apt_install_remove_multiple">
		<failure message="BLOCKED: SystemError: Timeout while waiting for status FAILED or SUCCESSFUL" type="BLOCKED"/>
		<system-out>13:27:09 INFO  ==============================================================
13:27:09 INFO  Id:    SoftwareManagement.sm_apt_install_remove_multiple
13:27:09 INFO  Dir:   software_management_end_to_end/
13:27:09 INFO  Title: Validate end to end behaviour for the apt plugin for multiple packages
13:27:09 INFO  ==============================================================
13:27:09 INFO  Using sw id database: {'asciijump': '5475369', 'robotfindskitten': '5474869', 'squirrel3': '5475279', 'rolldice': '5152439', 'moon-buggy': '5439204', 'apple': '5495053', 'banana': '5494888', 'cherry': '5495382', 'watermelon': '5494510', 'registry': '8018911', 'hello-world': '8021526', 'docker/getting-started': '8021973', 'alpine': '7991792'}
13:27:09 INFO  EnvironmentC8y Setup
13:27:10 INFO  Executed systemctl&lt;serv_mapper1&gt;, exit status 3
13:27:10 INFO  Restarting mosquitto too frequently in the last 10 seconds. It was only up for 5 seconds
13:27:10 INFO  Delaying execution by 6 seconds
13:27:30 INFO  Executed sudo&lt;tedge_connect_c8y&gt;, exit status 0, duration 13 secs
13:27:30 INFO  Executed sudo&lt;tedge_connect_c8y_test&gt;, exit status 0
13:27:31 INFO  Executed systemctl&lt;serv_mosq2&gt;, exit status 0
13:27:31 INFO  Executed systemctl&lt;serv_mapper3&gt;, exit status 0
13:27:34 INFO  State of current operation: PENDING
13:27:36 INFO  State of current operation: PENDING
13:27:38 INFO  State of current operation: PENDING
13:27:40 INFO  State of current operation: PENDING
13:27:42 INFO  State of current operation: PENDING
13:27:45 INFO  State of current operation: PENDING
13:27:47 INFO  State of current operation: PENDING
13:27:49 INFO  State of current operation: PENDING
13:27:51 INFO  State of current operation: PENDING
13:27:54 INFO  State of current operation: PENDING
13:27:56 INFO  State of current operation: PENDING
13:27:58 INFO  State of current operation: PENDING
13:28:00 INFO  State of current operation: PENDING
13:28:03 INFO  State of current operation: PENDING
13:28:05 INFO  State of current operation: PENDING
13:28:07 INFO  State of current operation: PENDING
13:28:09 INFO  State of current operation: PENDING
13:28:12 INFO  State of current operation: PENDING
13:28:14 INFO  State of current operation: PENDING
13:28:16 INFO  State of current operation: PENDING
13:28:18 INFO  State of current operation: PENDING
13:28:21 INFO  State of current operation: PENDING
13:28:23 INFO  State of current operation: PENDING
13:28:25 INFO  State of current operation: PENDING
13:28:27 INFO  State of current operation: PENDING
13:28:30 INFO  State of current operation: PENDING
13:28:32 INFO  State of current operation: PENDING
13:28:34 INFO  State of current operation: PENDING
13:28:36 INFO  State of current operation: PENDING
13:28:39 INFO  State of current operation: PENDING
13:28:41 INFO  State of current operation: PENDING
13:28:43 INFO  State of current operation: PENDING
13:28:45 INFO  State of current operation: PENDING
13:28:47 INFO  State of current operation: PENDING
13:28:50 INFO  State of current operation: PENDING
13:28:52 INFO  State of current operation: PENDING
13:28:54 INFO  State of current operation: PENDING
13:28:56 INFO  State of current operation: PENDING
13:28:59 INFO  State of current operation: PENDING
13:29:01 INFO  State of current operation: PENDING
13:29:03 INFO  State of current operation: PENDING
13:29:05 INFO  State of current operation: PENDING
13:29:08 INFO  State of current operation: PENDING
13:29:10 INFO  State of current operation: PENDING
13:29:12 INFO  State of current operation: PENDING
13:29:14 INFO  State of current operation: PENDING
13:29:16 INFO  State of current operation: PENDING
13:29:19 INFO  State of current operation: PENDING
13:29:21 INFO  State of current operation: PENDING
13:29:23 INFO  State of current operation: PENDING
13:29:25 INFO  State of current operation: PENDING
13:29:28 INFO  State of current operation: PENDING
13:29:30 INFO  State of current operation: PENDING
13:29:32 INFO  State of current operation: PENDING
13:29:34 INFO  State of current operation: PENDING
13:29:37 INFO  State of current operation: PENDING
13:29:39 INFO  State of current operation: PENDING
13:29:41 INFO  State of current operation: PENDING
13:29:43 INFO  State of current operation: PENDING
13:29:45 INFO  State of current operation: PENDING
13:29:48 INFO  State of current operation: PENDING
13:29:50 WARN  SystemError occurred while running test - Timeout while waiting for status FAILED or SUCCESSFUL
Traceback (most recent call last):
  File &quot;/home/pi/env-pysys/lib/python3.7/site-packages/pysys/baserunner.py&quot;, line 1292, in __call__
    self.testObj.setup()
  File &quot;/home/pi/actions-runner/_work/thin-edge.io/thin-edge.io/tests/PySys/software_management_end_to_end/sm_apt_install_remove_multiple/run.py&quot;, line 52, in setup
    super().setup()
  File &quot;/home/pi/actions-runner/_work/thin-edge.io/thin-edge.io/tests/PySys/software_management_end_to_end/environment_sm_management.py&quot;, line 151, in setup
    self.wait_until_end()
  File &quot;/home/pi/actions-runner/_work/thin-edge.io/thin-edge.io/tests/PySys/software_management_end_to_end/environment_sm_management.py&quot;, line 332, in wait_until_end
    self.wait_until_status(&quot;FAILED&quot;, &quot;SUCCESSFUL&quot;)
  File &quot;/home/pi/actions-runner/_work/thin-edge.io/thin-edge.io/tests/PySys/software_management_end_to_end/environment_sm_management.py&quot;, line 381, in wait_until_status
    &quot;Timeout while waiting for status %s or %s&quot; % (status, status2)
SystemError: Timeout while waiting for status FAILED or SUCCESSFUL
13:29:50 WARN  SystemError: Timeout while waiting for status FAILED or SUCCESSFUL ... blocked 
13:29:50 INFO  
13:29:50 INFO  cleanup:
13:29:54 INFO  Executed sudo&lt;tedge_disconnect_c8y&gt;, exit status 0
13:29:54 INFO  Executed systemctl&lt;serv_mapper5&gt;, exit status 3
13:29:54 INFO  
13:29:54 INFO  Test duration: 165.01 secs
13:29:54 INFO  Test final outcome:  BLOCKED
13:29:54 INFO  Test outcome reason: SystemError: Timeout while waiting for status FAILED or SUCCESSFUL
13:29:54 INFO  
</system-out>
	</testcase>
</testsuite>
