<?xml version="1.0" encoding="utf-8"?>
<testsuite failures="1" name="SoftwareManagement.sm_apt_install_download_path" skipped="0" tests="1" time="190.51" timestamp="2022-05-24T11:19:05">
	<testcase classname="AptInstallWithDownloadPath" name="SoftwareManagement.sm_apt_install_download_path">
		<failure message="BLOCKED: SystemError: Timeout while waiting for status FAILED or SUCCESSFUL" type="BLOCKED"/>
		<system-out>11:15:54 INFO  ==============================================================
11:15:54 INFO  Id:    SoftwareManagement.sm_apt_install_download_path
11:15:54 INFO  Dir:   software_management_end_to_end/
11:15:54 INFO  Title: Install package to directory specified in tedge config set tmp.path
11:15:54 INFO  ==============================================================
11:15:55 INFO  Using sw id database: {'asciijump': '5475369', 'robotfindskitten': '5474869', 'squirrel3': '5475279', 'rolldice': '5152439', 'moon-buggy': '5439204', 'apple': '5495053', 'banana': '5494888', 'cherry': '5495382', 'watermelon': '5494510', 'registry': '8018911', 'hello-world': '8021526', 'docker/getting-started': '8021973', 'alpine': '7991792'}
11:15:55 INFO  EnvironmentC8y Setup
11:15:55 INFO  Executed systemctl&lt;serv_mapper1&gt;, exit status 3
11:16:10 INFO  Executed sudo&lt;tedge_connect_c8y&gt;, exit status 0, duration 14 secs
11:16:11 INFO  Executed sudo&lt;tedge_connect_c8y_test&gt;, exit status 0
11:16:13 INFO  Executed systemctl&lt;serv_mosq2&gt;, exit status 0
11:16:13 INFO  Executed systemctl&lt;serv_mapper3&gt;, exit status 0
11:16:15 INFO  State of current operation: PENDING
11:16:18 INFO  State of current operation: PENDING
11:16:20 INFO  State of current operation: PENDING
11:16:22 INFO  State of current operation: PENDING
11:16:24 INFO  State of current operation: PENDING
11:16:27 INFO  State of current operation: PENDING
11:16:29 INFO  State of current operation: PENDING
11:16:31 INFO  State of current operation: PENDING
11:16:33 INFO  State of current operation: PENDING
11:16:36 INFO  State of current operation: PENDING
11:16:38 INFO  State of current operation: PENDING
11:16:40 INFO  State of current operation: PENDING
11:16:42 INFO  State of current operation: PENDING
11:16:44 INFO  State of current operation: PENDING
11:16:47 INFO  State of current operation: PENDING
11:16:49 INFO  State of current operation: PENDING
11:16:51 INFO  State of current operation: PENDING
11:16:53 INFO  State of current operation: PENDING
11:16:56 INFO  State of current operation: PENDING
11:16:58 INFO  State of current operation: PENDING
11:17:00 INFO  State of current operation: PENDING
11:17:02 INFO  State of current operation: PENDING
11:17:04 INFO  State of current operation: PENDING
11:17:07 INFO  State of current operation: PENDING
11:17:09 INFO  State of current operation: PENDING
11:17:11 INFO  State of current operation: PENDING
11:17:13 INFO  State of current operation: PENDING
11:17:16 INFO  State of current operation: PENDING
11:17:18 INFO  State of current operation: PENDING
11:17:20 INFO  State of current operation: PENDING
11:17:23 INFO  State of current operation: PENDING
11:17:25 INFO  State of current operation: PENDING
11:17:27 INFO  State of current operation: PENDING
11:17:29 INFO  State of current operation: PENDING
11:17:31 INFO  State of current operation: PENDING
11:17:34 INFO  State of current operation: PENDING
11:17:36 INFO  State of current operation: PENDING
11:17:38 INFO  State of current operation: PENDING
11:17:40 INFO  State of current operation: PENDING
11:17:43 INFO  State of current operation: PENDING
11:17:45 INFO  State of current operation: PENDING
11:17:47 INFO  State of current operation: PENDING
11:17:49 INFO  State of current operation: PENDING
11:17:51 INFO  State of current operation: PENDING
11:17:54 INFO  State of current operation: PENDING
11:17:56 INFO  State of current operation: PENDING
11:17:58 INFO  State of current operation: PENDING
11:18:00 INFO  State of current operation: PENDING
11:18:03 INFO  State of current operation: PENDING
11:18:05 INFO  State of current operation: PENDING
11:18:07 INFO  State of current operation: PENDING
11:18:10 INFO  State of current operation: PENDING
11:18:12 INFO  State of current operation: PENDING
11:18:14 INFO  State of current operation: PENDING
11:18:16 INFO  State of current operation: PENDING
11:18:18 INFO  State of current operation: PENDING
11:18:21 INFO  State of current operation: PENDING
11:18:23 INFO  State of current operation: PENDING
11:18:25 INFO  State of current operation: PENDING
11:18:27 INFO  State of current operation: PENDING
11:18:30 INFO  State of current operation: PENDING
11:18:32 WARN  SystemError occurred while running test - Timeout while waiting for status FAILED or SUCCESSFUL
Traceback (most recent call last):
  File &quot;/home/pi/env-pysys/lib/python3.7/site-packages/pysys/baserunner.py&quot;, line 1292, in __call__
    self.testObj.setup()
  File &quot;/home/pi/actions-runner/_work/thin-edge.io/thin-edge.io/tests/PySys/software_management_end_to_end/sm_apt_install_download_path/run.py&quot;, line 48, in setup
    super().setup()
  File &quot;/home/pi/actions-runner/_work/thin-edge.io/thin-edge.io/tests/PySys/software_management_end_to_end/environment_sm_management.py&quot;, line 151, in setup
    self.wait_until_end()
  File &quot;/home/pi/actions-runner/_work/thin-edge.io/thin-edge.io/tests/PySys/software_management_end_to_end/environment_sm_management.py&quot;, line 332, in wait_until_end
    self.wait_until_status(&quot;FAILED&quot;, &quot;SUCCESSFUL&quot;)
  File &quot;/home/pi/actions-runner/_work/thin-edge.io/thin-edge.io/tests/PySys/software_management_end_to_end/environment_sm_management.py&quot;, line 381, in wait_until_status
    &quot;Timeout while waiting for status %s or %s&quot; % (status, status2)
SystemError: Timeout while waiting for status FAILED or SUCCESSFUL
11:18:32 WARN  SystemError: Timeout while waiting for status FAILED or SUCCESSFUL ... blocked 
11:18:32 INFO  
11:18:32 INFO  cleanup:
11:18:33 INFO  Executed sudo, exit status 0
11:18:33 INFO  Executed sudo, exit status 0
11:18:37 INFO  Executed sudo&lt;tedge_disconnect_c8y&gt;, exit status 0
11:18:37 INFO  Restarting mosquitto too frequently in the last 10 seconds. It was only up for 3 seconds
11:18:37 INFO  Delaying execution by 8 seconds
11:19:00 INFO  Executed sudo&lt;tedge_connect_c8y&gt;, exit status 0, duration 14 secs
11:19:04 INFO  Executed sudo&lt;tedge_disconnect_c8y&gt;, exit status 0
11:19:05 INFO  Executed systemctl&lt;serv_mapper5&gt;, exit status 3
11:19:05 INFO  
11:19:05 INFO  Test duration: 190.51 secs
11:19:05 INFO  Test final outcome:  BLOCKED
11:19:05 INFO  Test outcome reason: SystemError: Timeout while waiting for status FAILED or SUCCESSFUL
11:19:05 INFO  
</system-out>
	</testcase>
</testsuite>
