<?xml version="1.0" encoding="utf-8"?>
<testsuite failures="1" name="SoftwareManagement.sm_apt_install_remove_multiple" skipped="0" tests="1" time="178.61" timestamp="2022-07-16T18:00:58">
	<testcase classname="PySysTest" name="SoftwareManagement.sm_apt_install_remove_multiple">
		<failure message="FAILED: Assert that (False == value) with value=True" type="FAILED"/>
		<system-out>17:57:59 INFO  ==============================================================
17:57:59 INFO  Id:    SoftwareManagement.sm_apt_install_remove_multiple
17:57:59 INFO  Dir:   software_management_end_to_end/
17:57:59 INFO  Title: Validate end to end behaviour for the apt plugin for multiple packages
17:57:59 INFO  ==============================================================
17:57:59 INFO  Using sw id database: {'asciijump': '5475369', 'robotfindskitten': '5474869', 'squirrel3': '5475279', 'rolldice': '5152439', 'moon-buggy': '5439204', 'apple': '5495053', 'banana': '5494888', 'cherry': '5495382', 'watermelon': '5494510', 'registry': '8018911', 'hello-world': '8021526', 'docker/getting-started': '8021973', 'alpine': '7991792'}
17:57:59 INFO  EnvironmentC8y Setup
17:58:00 INFO  Executed systemctl&lt;serv_mapper1&gt;, exit status 3
17:58:00 INFO  Restarting mosquitto too frequently in the last 10 seconds. It was only up for 5 seconds
17:58:00 INFO  Delaying execution by 6 seconds
17:58:20 INFO  Executed sudo&lt;tedge_connect_c8y&gt;, exit status 0, duration 14 secs
17:58:21 INFO  Executed sudo&lt;tedge_connect_c8y_test&gt;, exit status 0
17:58:21 INFO  Executed systemctl&lt;serv_mosq2&gt;, exit status 0
17:58:22 INFO  Executed systemctl&lt;serv_mapper3&gt;, exit status 0
17:58:24 INFO  State of current operation: SUCCESSFUL
17:58:24 INFO  Assert that (False == value) with value=False ... passed
17:58:24 INFO  Assert that (False == value) with value=False ... passed
17:58:25 INFO  Assert that (False == value) with value=False ... passed
17:58:25 INFO  Package robotfindskitten is installed
17:58:25 WARN  Assert that (False == value) with value=True ... failed 
17:58:25 INFO  Response status: 201
17:58:25 INFO  Response to action: {
    &quot;creationTime&quot;: &quot;2022-07-16T17:58:25.703Z&quot;,
    &quot;deviceName&quot;: &quot;m32sd10d&quot;,
    &quot;deviceId&quot;: &quot;20956973&quot;,
    &quot;self&quot;: &quot;https://t493319102.eu-latest.cumulocity.com/devicecontrol/operations/20974198&quot;,
    &quot;id&quot;: &quot;20974198&quot;,
    &quot;status&quot;: &quot;PENDING&quot;,
    &quot;description&quot;: &quot;Apply software changes, triggered from PySys: [{'action': 'install', 'id': '5475369', 'name': 'asciijump', 'url': ' ', 'version': '::apt'}, {'action': 'install', 'id': '5474869', 'name': 'robotfindskitten', 'url': ' ', 'version': '::apt'}, {'action': 'install', 'id': '5475279', 'name': 'squirrel3', 'url': ' ', 'version': '::apt'}]&quot;,
    &quot;c8y_SoftwareUpdate&quot;: [
        {
            &quot;name&quot;: &quot;asciijump&quot;,
            &quot;action&quot;: &quot;install&quot;,
            &quot;id&quot;: &quot;5475369&quot;,
            &quot;version&quot;: &quot;::apt&quot;,
            &quot;url&quot;: &quot; &quot;
        },
        {
            &quot;name&quot;: &quot;robotfindskitten&quot;,
            &quot;action&quot;: &quot;install&quot;,
            &quot;id&quot;: &quot;5474869&quot;,
            &quot;version&quot;: &quot;::apt&quot;,
            &quot;url&quot;: &quot; &quot;
        },
        {
            &quot;name&quot;: &quot;squirrel3&quot;,
            &quot;action&quot;: &quot;install&quot;,
            &quot;id&quot;: &quot;5475279&quot;,
            &quot;version&quot;: &quot;::apt&quot;,
            &quot;url&quot;: &quot; &quot;
        }
    ]
}
17:58:25 INFO  Started operation: {'creationTime': '2022-07-16T17:58:25.703Z', 'deviceName': 'm32sd10d', 'deviceId': '20956973', 'self': 'https://t493319102.eu-latest.cumulocity.com/devicecontrol/operations/20974198', 'id': '20974198', 'status': 'PENDING', 'description': &quot;Apply software changes, triggered from PySys: [{'action': 'install', 'id': '5475369', 'name': 'asciijump', 'url': ' ', 'version': '::apt'}, {'action': 'install', 'id': '5474869', 'name': 'robotfindskitten', 'url': ' ', 'version': '::apt'}, {'action': 'install', 'id': '5475279', 'name': 'squirrel3', 'url': ' ', 'version': '::apt'}]&quot;, 'c8y_SoftwareUpdate': [{'name': 'asciijump', 'action': 'install', 'id': '5475369', 'version': '::apt', 'url': ' '}, {'name': 'robotfindskitten', 'action': 'install', 'id': '5474869', 'version': '::apt', 'url': ' '}, {'name': 'squirrel3', 'action': 'install', 'id': '5475279', 'version': '::apt', 'url': ' '}]}
17:58:27 INFO  State of operation 20974198 : PENDING
17:58:30 INFO  State of operation 20974198 : EXECUTING
17:58:32 INFO  State of operation 20974198 : EXECUTING
17:58:34 INFO  State of operation 20974198 : EXECUTING
17:58:36 INFO  State of operation 20974198 : EXECUTING
17:58:39 INFO  State of operation 20974198 : EXECUTING
17:58:41 INFO  State of operation 20974198 : EXECUTING
17:58:44 INFO  State of operation 20974198 : EXECUTING
17:58:46 INFO  State of operation 20974198 : EXECUTING
17:58:49 INFO  State of operation 20974198 : EXECUTING
17:58:51 INFO  State of operation 20974198 : EXECUTING
17:58:53 INFO  State of operation 20974198 : EXECUTING
17:58:56 INFO  State of operation 20974198 : EXECUTING
17:58:58 INFO  State of operation 20974198 : EXECUTING
17:59:00 INFO  State of operation 20974198 : EXECUTING
17:59:02 INFO  State of operation 20974198 : EXECUTING
17:59:05 INFO  State of operation 20974198 : EXECUTING
17:59:07 INFO  State of operation 20974198 : EXECUTING
17:59:10 INFO  State of operation 20974198 : EXECUTING
17:59:12 INFO  State of operation 20974198 : EXECUTING
17:59:14 INFO  State of operation 20974198 : EXECUTING
17:59:17 INFO  State of operation 20974198 : EXECUTING
17:59:19 INFO  State of operation 20974198 : EXECUTING
17:59:22 INFO  State of operation 20974198 : EXECUTING
17:59:24 INFO  State of operation 20974198 : EXECUTING
17:59:26 INFO  State of operation 20974198 : EXECUTING
17:59:28 INFO  State of operation 20974198 : EXECUTING
17:59:30 INFO  State of operation 20974198 : EXECUTING
17:59:33 INFO  State of operation 20974198 : EXECUTING
17:59:35 INFO  State of operation 20974198 : EXECUTING
17:59:38 INFO  State of operation 20974198 : EXECUTING
17:59:40 INFO  State of operation 20974198 : EXECUTING
17:59:42 INFO  State of operation 20974198 : EXECUTING
17:59:45 INFO  State of operation 20974198 : EXECUTING
17:59:47 INFO  State of operation 20974198 : SUCCESSFUL
17:59:47 INFO  Assert that (False == value) with value=False ... passed
17:59:47 INFO  Package asciijump is installed
17:59:47 INFO  Assert that (True == value) with value=True ... passed
17:59:47 INFO  Package squirrel3 is installed
17:59:47 INFO  Assert that (True == value) with value=True ... passed
17:59:48 INFO  Package robotfindskitten is installed
17:59:48 INFO  Assert that (True == value) with value=True ... passed
17:59:48 INFO  Response status: 201
17:59:48 INFO  Response to action: {
    &quot;creationTime&quot;: &quot;2022-07-16T17:59:48.392Z&quot;,
    &quot;deviceName&quot;: &quot;m32sd10d&quot;,
    &quot;deviceId&quot;: &quot;20956973&quot;,
    &quot;self&quot;: &quot;https://t493319102.eu-latest.cumulocity.com/devicecontrol/operations/20974209&quot;,
    &quot;id&quot;: &quot;20974209&quot;,
    &quot;status&quot;: &quot;PENDING&quot;,
    &quot;description&quot;: &quot;Apply software changes, triggered from PySys: [{'action': 'delete', 'id': '5475369', 'name': 'asciijump', 'url': ' ', 'version': '::apt'}, {'action': 'delete', 'id': '5474869', 'name': 'robotfindskitten', 'url': ' ', 'version': '::apt'}, {'action': 'delete', 'id': '5475279', 'name': 'squirrel3', 'url': ' ', 'version': '::apt'}]&quot;,
    &quot;c8y_SoftwareUpdate&quot;: [
        {
            &quot;name&quot;: &quot;asciijump&quot;,
            &quot;action&quot;: &quot;delete&quot;,
            &quot;id&quot;: &quot;5475369&quot;,
            &quot;version&quot;: &quot;::apt&quot;,
            &quot;url&quot;: &quot; &quot;
        },
        {
            &quot;name&quot;: &quot;robotfindskitten&quot;,
            &quot;action&quot;: &quot;delete&quot;,
            &quot;id&quot;: &quot;5474869&quot;,
            &quot;version&quot;: &quot;::apt&quot;,
            &quot;url&quot;: &quot; &quot;
        },
        {
            &quot;name&quot;: &quot;squirrel3&quot;,
            &quot;action&quot;: &quot;delete&quot;,
            &quot;id&quot;: &quot;5475279&quot;,
            &quot;version&quot;: &quot;::apt&quot;,
            &quot;url&quot;: &quot; &quot;
        }
    ]
}
17:59:48 INFO  Started operation: {'creationTime': '2022-07-16T17:59:48.392Z', 'deviceName': 'm32sd10d', 'deviceId': '20956973', 'self': 'https://t493319102.eu-latest.cumulocity.com/devicecontrol/operations/20974209', 'id': '20974209', 'status': 'PENDING', 'description': &quot;Apply software changes, triggered from PySys: [{'action': 'delete', 'id': '5475369', 'name': 'asciijump', 'url': ' ', 'version': '::apt'}, {'action': 'delete', 'id': '5474869', 'name': 'robotfindskitten', 'url': ' ', 'version': '::apt'}, {'action': 'delete', 'id': '5475279', 'name': 'squirrel3', 'url': ' ', 'version': '::apt'}]&quot;, 'c8y_SoftwareUpdate': [{'name': 'asciijump', 'action': 'delete', 'id': '5475369', 'version': '::apt', 'url': ' '}, {'name': 'robotfindskitten', 'action': 'delete', 'id': '5474869', 'version': '::apt', 'url': ' '}, {'name': 'squirrel3', 'action': 'delete', 'id': '5475279', 'version': '::apt', 'url': ' '}]}
17:59:50 INFO  State of operation 20974209 : PENDING
17:59:52 INFO  State of operation 20974209 : EXECUTING
17:59:55 INFO  State of operation 20974209 : EXECUTING
17:59:57 INFO  State of operation 20974209 : EXECUTING
17:59:59 INFO  State of operation 20974209 : EXECUTING
18:00:01 INFO  State of operation 20974209 : EXECUTING
18:00:05 INFO  State of operation 20974209 : EXECUTING
18:00:08 INFO  State of operation 20974209 : EXECUTING
18:00:10 INFO  State of operation 20974209 : EXECUTING
18:00:12 INFO  State of operation 20974209 : EXECUTING
18:00:14 INFO  State of operation 20974209 : EXECUTING
18:00:17 INFO  State of operation 20974209 : EXECUTING
18:00:20 INFO  State of operation 20974209 : EXECUTING
18:00:22 INFO  State of operation 20974209 : EXECUTING
18:00:24 INFO  State of operation 20974209 : EXECUTING
18:00:27 INFO  State of operation 20974209 : EXECUTING
18:00:29 INFO  State of operation 20974209 : EXECUTING
18:00:32 INFO  State of operation 20974209 : EXECUTING
18:00:34 INFO  State of operation 20974209 : EXECUTING
18:00:36 INFO  State of operation 20974209 : EXECUTING
18:00:38 INFO  State of operation 20974209 : EXECUTING
18:00:41 INFO  State of operation 20974209 : EXECUTING
18:00:43 INFO  State of operation 20974209 : EXECUTING
18:00:46 INFO  State of operation 20974209 : EXECUTING
18:00:48 INFO  State of operation 20974209 : EXECUTING
18:00:50 INFO  State of operation 20974209 : EXECUTING
18:00:53 INFO  State of operation 20974209 : SUCCESSFUL
18:00:53 INFO  Assert that (False == value) with value=False ... passed
18:00:53 INFO  Assert that (False == value) with value=False ... passed
18:00:53 INFO  Assert that (False == value) with value=False ... passed
18:00:53 INFO  Assert that (False == value) with value=False ... passed
18:00:53 INFO  
18:00:53 INFO  cleanup:
18:00:57 INFO  Executed sudo&lt;tedge_disconnect_c8y&gt;, exit status 0
18:00:58 INFO  Executed systemctl&lt;serv_mapper5&gt;, exit status 3
18:00:58 INFO  
18:00:58 INFO  Test duration: 178.61 secs
18:00:58 INFO  Test final outcome:  FAILED
18:00:58 INFO  Test outcome reason: Assert that (False == value) with value=True
18:00:58 INFO  
</system-out>
	</testcase>
</testsuite>
