<?xml version="1.0" encoding="utf-8"?>
<testsuite failures="0" name="apt_install_local_file" skipped="0" tests="1" time="56.44" timestamp="2022-07-21T18:44:42">
	<testcase classname="AptPluginInstallFromLocalFile" name="apt_install_local_file"/>
</testsuite>
