<?xml version="1.0" encoding="utf-8"?>
<testsuite failures="1" name="SoftwareManagement.sm_apt_install_remove" skipped="0" tests="1" time="165.25" timestamp="2022-05-23T14:00:55">
	<testcase classname="PySysTest" name="SoftwareManagement.sm_apt_install_remove">
		<failure message="BLOCKED: SystemError: Timeout while waiting for status FAILED or SUCCESSFUL" type="BLOCKED"/>
		<system-out>13:58:10 INFO  ==============================================================
13:58:10 INFO  Id:    SoftwareManagement.sm_apt_install_remove
13:58:10 INFO  Dir:   software_management_end_to_end/
13:58:10 INFO  Title: Validate end to end behaviour for the apt plugin for installation and removal of packages
13:58:10 INFO  ==============================================================
13:58:10 INFO  Using sw id database: {'asciijump': '5475369', 'robotfindskitten': '5474869', 'squirrel3': '5475279', 'rolldice': '5152439', 'moon-buggy': '5439204', 'apple': '5495053', 'banana': '5494888', 'cherry': '5495382', 'watermelon': '5494510', 'registry': '8018911', 'hello-world': '8021526', 'docker/getting-started': '8021973', 'alpine': '7991792'}
13:58:10 INFO  EnvironmentC8y Setup
13:58:11 INFO  Executed systemctl&lt;serv_mapper1&gt;, exit status 3
13:58:11 INFO  Restarting mosquitto too frequently in the last 10 seconds. It was only up for 5 seconds
13:58:11 INFO  Delaying execution by 6 seconds
13:58:31 INFO  Executed sudo&lt;tedge_connect_c8y&gt;, exit status 0, duration 13 secs
13:58:31 INFO  Executed sudo&lt;tedge_connect_c8y_test&gt;, exit status 0
13:58:32 INFO  Executed systemctl&lt;serv_mosq2&gt;, exit status 0
13:58:32 INFO  Executed systemctl&lt;serv_mapper3&gt;, exit status 0
13:58:35 INFO  State of current operation: PENDING
13:58:37 INFO  State of current operation: PENDING
13:58:39 INFO  State of current operation: PENDING
13:58:41 INFO  State of current operation: PENDING
13:58:44 INFO  State of current operation: PENDING
13:58:46 INFO  State of current operation: PENDING
13:58:48 INFO  State of current operation: PENDING
13:58:50 INFO  State of current operation: PENDING
13:58:53 INFO  State of current operation: PENDING
13:58:55 INFO  State of current operation: PENDING
13:58:57 INFO  State of current operation: PENDING
13:58:59 INFO  State of current operation: PENDING
13:59:02 INFO  State of current operation: PENDING
13:59:04 INFO  State of current operation: PENDING
13:59:06 INFO  State of current operation: PENDING
13:59:08 INFO  State of current operation: PENDING
13:59:10 INFO  State of current operation: PENDING
13:59:13 INFO  State of current operation: PENDING
13:59:15 INFO  State of current operation: PENDING
13:59:17 INFO  State of current operation: PENDING
13:59:19 INFO  State of current operation: PENDING
13:59:22 INFO  State of current operation: PENDING
13:59:24 INFO  State of current operation: PENDING
13:59:26 INFO  State of current operation: PENDING
13:59:28 INFO  State of current operation: PENDING
13:59:31 INFO  State of current operation: PENDING
13:59:33 INFO  State of current operation: PENDING
13:59:35 INFO  State of current operation: PENDING
13:59:37 INFO  State of current operation: PENDING
13:59:39 INFO  State of current operation: PENDING
13:59:42 INFO  State of current operation: PENDING
13:59:44 INFO  State of current operation: PENDING
13:59:46 INFO  State of current operation: PENDING
13:59:48 INFO  State of current operation: PENDING
13:59:51 INFO  State of current operation: PENDING
13:59:53 INFO  State of current operation: PENDING
13:59:55 INFO  State of current operation: PENDING
13:59:57 INFO  State of current operation: PENDING
14:00:00 INFO  State of current operation: PENDING
14:00:02 INFO  State of current operation: PENDING
14:00:04 INFO  State of current operation: PENDING
14:00:06 INFO  State of current operation: PENDING
14:00:08 INFO  State of current operation: PENDING
14:00:11 INFO  State of current operation: PENDING
14:00:13 INFO  State of current operation: PENDING
14:00:15 INFO  State of current operation: PENDING
14:00:17 INFO  State of current operation: PENDING
14:00:20 INFO  State of current operation: PENDING
14:00:22 INFO  State of current operation: PENDING
14:00:24 INFO  State of current operation: PENDING
14:00:26 INFO  State of current operation: PENDING
14:00:29 INFO  State of current operation: PENDING
14:00:31 INFO  State of current operation: PENDING
14:00:33 INFO  State of current operation: PENDING
14:00:35 INFO  State of current operation: PENDING
14:00:37 INFO  State of current operation: PENDING
14:00:40 INFO  State of current operation: PENDING
14:00:42 INFO  State of current operation: PENDING
14:00:44 INFO  State of current operation: PENDING
14:00:47 INFO  State of current operation: PENDING
14:00:49 INFO  State of current operation: PENDING
14:00:51 WARN  SystemError occurred while running test - Timeout while waiting for status FAILED or SUCCESSFUL
Traceback (most recent call last):
  File &quot;/home/pi/env-pysys/lib/python3.7/site-packages/pysys/baserunner.py&quot;, line 1292, in __call__
    self.testObj.setup()
  File &quot;/home/pi/actions-runner/_work/thin-edge.io/thin-edge.io/tests/PySys/software_management_end_to_end/sm_apt_install_remove/run.py&quot;, line 27, in setup
    super().setup()
  File &quot;/home/pi/actions-runner/_work/thin-edge.io/thin-edge.io/tests/PySys/software_management_end_to_end/environment_sm_management.py&quot;, line 151, in setup
    self.wait_until_end()
  File &quot;/home/pi/actions-runner/_work/thin-edge.io/thin-edge.io/tests/PySys/software_management_end_to_end/environment_sm_management.py&quot;, line 332, in wait_until_end
    self.wait_until_status(&quot;FAILED&quot;, &quot;SUCCESSFUL&quot;)
  File &quot;/home/pi/actions-runner/_work/thin-edge.io/thin-edge.io/tests/PySys/software_management_end_to_end/environment_sm_management.py&quot;, line 381, in wait_until_status
    &quot;Timeout while waiting for status %s or %s&quot; % (status, status2)
SystemError: Timeout while waiting for status FAILED or SUCCESSFUL
14:00:51 WARN  SystemError: Timeout while waiting for status FAILED or SUCCESSFUL ... blocked 
14:00:51 INFO  
14:00:51 INFO  cleanup:
14:00:55 INFO  Executed sudo&lt;tedge_disconnect_c8y&gt;, exit status 0
14:00:55 INFO  Executed systemctl&lt;serv_mapper5&gt;, exit status 3
14:00:55 INFO  
14:00:55 INFO  Test duration: 165.25 secs
14:00:55 INFO  Test final outcome:  BLOCKED
14:00:55 INFO  Test outcome reason: SystemError: Timeout while waiting for status FAILED or SUCCESSFUL
14:00:55 INFO  
</system-out>
	</testcase>
</testsuite>
