<?xml version="1.0" encoding="utf-8"?>
<testsuite failures="1" name="SoftwareManagement.sm_apt_install_remove_multiple" skipped="0" tests="1" time="178.66" timestamp="2022-06-29T12:39:09">
	<testcase classname="PySysTest" name="SoftwareManagement.sm_apt_install_remove_multiple">
		<failure message="FAILED: Assert that (False == value) with value=True" type="FAILED"/>
		<system-out>12:36:10 INFO  ==============================================================
12:36:10 INFO  Id:    SoftwareManagement.sm_apt_install_remove_multiple
12:36:10 INFO  Dir:   software_management_end_to_end/
12:36:10 INFO  Title: Validate end to end behaviour for the apt plugin for multiple packages
12:36:10 INFO  ==============================================================
12:36:10 INFO  Using sw id database: {'asciijump': '5475369', 'robotfindskitten': '5474869', 'squirrel3': '5475279', 'rolldice': '5152439', 'moon-buggy': '5439204', 'apple': '5495053', 'banana': '5494888', 'cherry': '5495382', 'watermelon': '5494510', 'registry': '8018911', 'hello-world': '8021526', 'docker/getting-started': '8021973', 'alpine': '7991792'}
12:36:10 INFO  EnvironmentC8y Setup
12:36:11 INFO  Executed systemctl&lt;serv_mapper1&gt;, exit status 3
12:36:11 INFO  Restarting mosquitto too frequently in the last 10 seconds. It was only up for 5 seconds
12:36:11 INFO  Delaying execution by 6 seconds
12:36:31 INFO  Executed sudo&lt;tedge_connect_c8y&gt;, exit status 0, duration 13 secs
12:36:32 INFO  Executed sudo&lt;tedge_connect_c8y_test&gt;, exit status 0
12:36:32 INFO  Executed systemctl&lt;serv_mosq2&gt;, exit status 0
12:36:33 INFO  Executed systemctl&lt;serv_mapper3&gt;, exit status 0
12:36:35 INFO  State of current operation: SUCCESSFUL
12:36:35 INFO  Assert that (False == value) with value=False ... passed
12:36:35 INFO  Assert that (False == value) with value=False ... passed
12:36:36 INFO  Assert that (False == value) with value=False ... passed
12:36:36 INFO  Package robotfindskitten is installed
12:36:36 WARN  Assert that (False == value) with value=True ... failed 
12:36:36 INFO  Response status: 201
12:36:36 INFO  Response to action: {
    &quot;delivery&quot;: {
        &quot;log&quot;: [],
        &quot;time&quot;: &quot;2022-06-29T12:36:36.491Z&quot;,
        &quot;status&quot;: &quot;PENDING&quot;
    },
    &quot;creationTime&quot;: &quot;2022-06-29T12:36:36.475Z&quot;,
    &quot;deviceId&quot;: &quot;20555342&quot;,
    &quot;deviceName&quot;: &quot;m32sd10d&quot;,
    &quot;self&quot;: &quot;https://t493319102.eu-latest.cumulocity.com/devicecontrol/operations/20610470&quot;,
    &quot;id&quot;: &quot;20610470&quot;,
    &quot;status&quot;: &quot;PENDING&quot;,
    &quot;description&quot;: &quot;Apply software changes, triggered from PySys: [{'action': 'install', 'id': '5475369', 'name': 'asciijump', 'url': ' ', 'version': '::apt'}, {'action': 'install', 'id': '5474869', 'name': 'robotfindskitten', 'url': ' ', 'version': '::apt'}, {'action': 'install', 'id': '5475279', 'name': 'squirrel3', 'url': ' ', 'version': '::apt'}]&quot;,
    &quot;c8y_SoftwareUpdate&quot;: [
        {
            &quot;name&quot;: &quot;asciijump&quot;,
            &quot;action&quot;: &quot;install&quot;,
            &quot;id&quot;: &quot;5475369&quot;,
            &quot;version&quot;: &quot;::apt&quot;,
            &quot;url&quot;: &quot; &quot;
        },
        {
            &quot;name&quot;: &quot;robotfindskitten&quot;,
            &quot;action&quot;: &quot;install&quot;,
            &quot;id&quot;: &quot;5474869&quot;,
            &quot;version&quot;: &quot;::apt&quot;,
            &quot;url&quot;: &quot; &quot;
        },
        {
            &quot;name&quot;: &quot;squirrel3&quot;,
            &quot;action&quot;: &quot;install&quot;,
            &quot;id&quot;: &quot;5475279&quot;,
            &quot;version&quot;: &quot;::apt&quot;,
            &quot;url&quot;: &quot; &quot;
        }
    ]
}
12:36:36 INFO  Started operation: {'delivery': {'log': [], 'time': '2022-06-29T12:36:36.491Z', 'status': 'PENDING'}, 'creationTime': '2022-06-29T12:36:36.475Z', 'deviceId': '20555342', 'deviceName': 'm32sd10d', 'self': 'https://t493319102.eu-latest.cumulocity.com/devicecontrol/operations/20610470', 'id': '20610470', 'status': 'PENDING', 'description': &quot;Apply software changes, triggered from PySys: [{'action': 'install', 'id': '5475369', 'name': 'asciijump', 'url': ' ', 'version': '::apt'}, {'action': 'install', 'id': '5474869', 'name': 'robotfindskitten', 'url': ' ', 'version': '::apt'}, {'action': 'install', 'id': '5475279', 'name': 'squirrel3', 'url': ' ', 'version': '::apt'}]&quot;, 'c8y_SoftwareUpdate': [{'name': 'asciijump', 'action': 'install', 'id': '5475369', 'version': '::apt', 'url': ' '}, {'name': 'robotfindskitten', 'action': 'install', 'id': '5474869', 'version': '::apt', 'url': ' '}, {'name': 'squirrel3', 'action': 'install', 'id': '5475279', 'version': '::apt', 'url': ' '}]}
12:36:38 INFO  State of operation 20610470 : PENDING
12:36:40 INFO  State of operation 20610470 : EXECUTING
12:36:43 INFO  State of operation 20610470 : EXECUTING
12:36:45 INFO  State of operation 20610470 : EXECUTING
12:36:47 INFO  State of operation 20610470 : EXECUTING
12:36:49 INFO  State of operation 20610470 : EXECUTING
12:36:52 INFO  State of operation 20610470 : EXECUTING
12:36:55 INFO  State of operation 20610470 : EXECUTING
12:36:57 INFO  State of operation 20610470 : EXECUTING
12:36:59 INFO  State of operation 20610470 : EXECUTING
12:37:02 INFO  State of operation 20610470 : EXECUTING
12:37:04 INFO  State of operation 20610470 : EXECUTING
12:37:06 INFO  State of operation 20610470 : EXECUTING
12:37:08 INFO  State of operation 20610470 : EXECUTING
12:37:11 INFO  State of operation 20610470 : EXECUTING
12:37:13 INFO  State of operation 20610470 : EXECUTING
12:37:15 INFO  State of operation 20610470 : EXECUTING
12:37:18 INFO  State of operation 20610470 : EXECUTING
12:37:20 INFO  State of operation 20610470 : EXECUTING
12:37:22 INFO  State of operation 20610470 : EXECUTING
12:37:25 INFO  State of operation 20610470 : EXECUTING
12:37:27 INFO  State of operation 20610470 : EXECUTING
12:37:29 INFO  State of operation 20610470 : EXECUTING
12:37:32 INFO  State of operation 20610470 : EXECUTING
12:37:34 INFO  State of operation 20610470 : EXECUTING
12:37:36 INFO  State of operation 20610470 : EXECUTING
12:37:39 INFO  State of operation 20610470 : EXECUTING
12:37:41 INFO  State of operation 20610470 : EXECUTING
12:37:43 INFO  State of operation 20610470 : EXECUTING
12:37:45 INFO  State of operation 20610470 : EXECUTING
12:37:48 INFO  State of operation 20610470 : EXECUTING
12:37:50 INFO  State of operation 20610470 : EXECUTING
12:37:52 INFO  State of operation 20610470 : EXECUTING
12:37:54 INFO  State of operation 20610470 : EXECUTING
12:37:56 INFO  State of operation 20610470 : SUCCESSFUL
12:37:57 INFO  Assert that (False == value) with value=False ... passed
12:37:57 INFO  Package asciijump is installed
12:37:57 INFO  Assert that (True == value) with value=True ... passed
12:37:57 INFO  Package squirrel3 is installed
12:37:57 INFO  Assert that (True == value) with value=True ... passed
12:37:57 INFO  Package robotfindskitten is installed
12:37:57 INFO  Assert that (True == value) with value=True ... passed
12:37:58 INFO  Response status: 201
12:37:58 INFO  Response to action: {
    &quot;delivery&quot;: {
        &quot;log&quot;: [],
        &quot;time&quot;: &quot;2022-06-29T12:37:58.150Z&quot;,
        &quot;status&quot;: &quot;PENDING&quot;
    },
    &quot;creationTime&quot;: &quot;2022-06-29T12:37:58.131Z&quot;,
    &quot;deviceId&quot;: &quot;20555342&quot;,
    &quot;deviceName&quot;: &quot;m32sd10d&quot;,
    &quot;self&quot;: &quot;https://t493319102.eu-latest.cumulocity.com/devicecontrol/operations/20610487&quot;,
    &quot;id&quot;: &quot;20610487&quot;,
    &quot;status&quot;: &quot;PENDING&quot;,
    &quot;description&quot;: &quot;Apply software changes, triggered from PySys: [{'action': 'delete', 'id': '5475369', 'name': 'asciijump', 'url': ' ', 'version': '::apt'}, {'action': 'delete', 'id': '5474869', 'name': 'robotfindskitten', 'url': ' ', 'version': '::apt'}, {'action': 'delete', 'id': '5475279', 'name': 'squirrel3', 'url': ' ', 'version': '::apt'}]&quot;,
    &quot;c8y_SoftwareUpdate&quot;: [
        {
            &quot;name&quot;: &quot;asciijump&quot;,
            &quot;action&quot;: &quot;delete&quot;,
            &quot;id&quot;: &quot;5475369&quot;,
            &quot;version&quot;: &quot;::apt&quot;,
            &quot;url&quot;: &quot; &quot;
        },
        {
            &quot;name&quot;: &quot;robotfindskitten&quot;,
            &quot;action&quot;: &quot;delete&quot;,
            &quot;id&quot;: &quot;5474869&quot;,
            &quot;version&quot;: &quot;::apt&quot;,
            &quot;url&quot;: &quot; &quot;
        },
        {
            &quot;name&quot;: &quot;squirrel3&quot;,
            &quot;action&quot;: &quot;delete&quot;,
            &quot;id&quot;: &quot;5475279&quot;,
            &quot;version&quot;: &quot;::apt&quot;,
            &quot;url&quot;: &quot; &quot;
        }
    ]
}
12:37:58 INFO  Started operation: {'delivery': {'log': [], 'time': '2022-06-29T12:37:58.150Z', 'status': 'PENDING'}, 'creationTime': '2022-06-29T12:37:58.131Z', 'deviceId': '20555342', 'deviceName': 'm32sd10d', 'self': 'https://t493319102.eu-latest.cumulocity.com/devicecontrol/operations/20610487', 'id': '20610487', 'status': 'PENDING', 'description': &quot;Apply software changes, triggered from PySys: [{'action': 'delete', 'id': '5475369', 'name': 'asciijump', 'url': ' ', 'version': '::apt'}, {'action': 'delete', 'id': '5474869', 'name': 'robotfindskitten', 'url': ' ', 'version': '::apt'}, {'action': 'delete', 'id': '5475279', 'name': 'squirrel3', 'url': ' ', 'version': '::apt'}]&quot;, 'c8y_SoftwareUpdate': [{'name': 'asciijump', 'action': 'delete', 'id': '5475369', 'version': '::apt', 'url': ' '}, {'name': 'robotfindskitten', 'action': 'delete', 'id': '5474869', 'version': '::apt', 'url': ' '}, {'name': 'squirrel3', 'action': 'delete', 'id': '5475279', 'version': '::apt', 'url': ' '}]}
12:38:00 INFO  State of operation 20610487 : PENDING
12:38:02 INFO  State of operation 20610487 : EXECUTING
12:38:04 INFO  State of operation 20610487 : EXECUTING
12:38:07 INFO  State of operation 20610487 : EXECUTING
12:38:09 INFO  State of operation 20610487 : EXECUTING
12:38:11 INFO  State of operation 20610487 : EXECUTING
12:38:14 INFO  State of operation 20610487 : EXECUTING
12:38:17 INFO  State of operation 20610487 : EXECUTING
12:38:19 INFO  State of operation 20610487 : EXECUTING
12:38:21 INFO  State of operation 20610487 : EXECUTING
12:38:24 INFO  State of operation 20610487 : EXECUTING
12:38:26 INFO  State of operation 20610487 : EXECUTING
12:38:28 INFO  State of operation 20610487 : EXECUTING
12:38:30 INFO  State of operation 20610487 : EXECUTING
12:38:33 INFO  State of operation 20610487 : EXECUTING
12:38:35 INFO  State of operation 20610487 : EXECUTING
12:38:38 INFO  State of operation 20610487 : EXECUTING
12:38:40 INFO  State of operation 20610487 : EXECUTING
12:38:43 INFO  State of operation 20610487 : EXECUTING
12:38:45 INFO  State of operation 20610487 : EXECUTING
12:38:47 INFO  State of operation 20610487 : EXECUTING
12:38:49 INFO  State of operation 20610487 : EXECUTING
12:38:52 INFO  State of operation 20610487 : EXECUTING
12:38:54 INFO  State of operation 20610487 : EXECUTING
12:38:57 INFO  State of operation 20610487 : EXECUTING
12:38:59 INFO  State of operation 20610487 : EXECUTING
12:39:01 INFO  State of operation 20610487 : EXECUTING
12:39:03 INFO  State of operation 20610487 : SUCCESSFUL
12:39:04 INFO  Assert that (False == value) with value=False ... passed
12:39:04 INFO  Assert that (False == value) with value=False ... passed
12:39:04 INFO  Assert that (False == value) with value=False ... passed
12:39:05 INFO  Assert that (False == value) with value=False ... passed
12:39:05 INFO  
12:39:05 INFO  cleanup:
12:39:09 INFO  Executed sudo&lt;tedge_disconnect_c8y&gt;, exit status 0
12:39:09 INFO  Executed systemctl&lt;serv_mapper5&gt;, exit status 3
12:39:09 INFO  
12:39:09 INFO  Test duration: 178.66 secs
12:39:09 INFO  Test final outcome:  FAILED
12:39:09 INFO  Test outcome reason: Assert that (False == value) with value=True
12:39:09 INFO  
</system-out>
	</testcase>
</testsuite>
