<?xml version="1.0" encoding="utf-8"?>
<testsuite failures="1" name="SoftwareManagement.sm_apt_install_remove" skipped="0" tests="1" time="164.98" timestamp="2022-05-25T11:33:27">
	<testcase classname="PySysTest" name="SoftwareManagement.sm_apt_install_remove">
		<failure message="BLOCKED: SystemError: Timeout while waiting for status FAILED or SUCCESSFUL" type="BLOCKED"/>
		<system-out>11:30:42 INFO  ==============================================================
11:30:42 INFO  Id:    SoftwareManagement.sm_apt_install_remove
11:30:42 INFO  Dir:   software_management_end_to_end/
11:30:42 INFO  Title: Validate end to end behaviour for the apt plugin for installation and removal of packages
11:30:42 INFO  ==============================================================
11:30:42 INFO  Using sw id database: {'asciijump': '5475369', 'robotfindskitten': '5474869', 'squirrel3': '5475279', 'rolldice': '5152439', 'moon-buggy': '5439204', 'apple': '5495053', 'banana': '5494888', 'cherry': '5495382', 'watermelon': '5494510', 'registry': '8018911', 'hello-world': '8021526', 'docker/getting-started': '8021973', 'alpine': '7991792'}
11:30:42 INFO  EnvironmentC8y Setup
11:30:43 INFO  Executed systemctl&lt;serv_mapper1&gt;, exit status 3
11:30:43 INFO  Restarting mosquitto too frequently in the last 10 seconds. It was only up for 5 seconds
11:30:43 INFO  Delaying execution by 6 seconds
11:31:03 INFO  Executed sudo&lt;tedge_connect_c8y&gt;, exit status 0, duration 13 secs
11:31:04 INFO  Executed sudo&lt;tedge_connect_c8y_test&gt;, exit status 0
11:31:04 INFO  Executed systemctl&lt;serv_mosq2&gt;, exit status 0
11:31:04 INFO  Executed systemctl&lt;serv_mapper3&gt;, exit status 0
11:31:07 INFO  State of current operation: PENDING
11:31:09 INFO  State of current operation: PENDING
11:31:11 INFO  State of current operation: PENDING
11:31:13 INFO  State of current operation: PENDING
11:31:16 INFO  State of current operation: PENDING
11:31:18 INFO  State of current operation: PENDING
11:31:20 INFO  State of current operation: PENDING
11:31:22 INFO  State of current operation: PENDING
11:31:25 INFO  State of current operation: PENDING
11:31:27 INFO  State of current operation: PENDING
11:31:29 INFO  State of current operation: PENDING
11:31:31 INFO  State of current operation: PENDING
11:31:33 INFO  State of current operation: PENDING
11:31:36 INFO  State of current operation: PENDING
11:31:38 INFO  State of current operation: PENDING
11:31:40 INFO  State of current operation: PENDING
11:31:42 INFO  State of current operation: PENDING
11:31:45 INFO  State of current operation: PENDING
11:31:47 INFO  State of current operation: PENDING
11:31:49 INFO  State of current operation: PENDING
11:31:51 INFO  State of current operation: PENDING
11:31:54 INFO  State of current operation: PENDING
11:31:56 INFO  State of current operation: PENDING
11:31:58 INFO  State of current operation: PENDING
11:32:00 INFO  State of current operation: PENDING
11:32:02 INFO  State of current operation: PENDING
11:32:05 INFO  State of current operation: PENDING
11:32:07 INFO  State of current operation: PENDING
11:32:09 INFO  State of current operation: PENDING
11:32:11 INFO  State of current operation: PENDING
11:32:14 INFO  State of current operation: PENDING
11:32:16 INFO  State of current operation: PENDING
11:32:18 INFO  State of current operation: PENDING
11:32:20 INFO  State of current operation: PENDING
11:32:23 INFO  State of current operation: PENDING
11:32:25 INFO  State of current operation: PENDING
11:32:27 INFO  State of current operation: PENDING
11:32:29 INFO  State of current operation: PENDING
11:32:31 INFO  State of current operation: PENDING
11:32:34 INFO  State of current operation: PENDING
11:32:36 INFO  State of current operation: PENDING
11:32:38 INFO  State of current operation: PENDING
11:32:40 INFO  State of current operation: PENDING
11:32:43 INFO  State of current operation: PENDING
11:32:45 INFO  State of current operation: PENDING
11:32:47 INFO  State of current operation: PENDING
11:32:49 INFO  State of current operation: PENDING
11:32:52 INFO  State of current operation: PENDING
11:32:54 INFO  State of current operation: PENDING
11:32:56 INFO  State of current operation: PENDING
11:32:58 INFO  State of current operation: PENDING
11:33:00 INFO  State of current operation: PENDING
11:33:03 INFO  State of current operation: PENDING
11:33:05 INFO  State of current operation: PENDING
11:33:07 INFO  State of current operation: PENDING
11:33:09 INFO  State of current operation: PENDING
11:33:12 INFO  State of current operation: PENDING
11:33:14 INFO  State of current operation: PENDING
11:33:16 INFO  State of current operation: PENDING
11:33:18 INFO  State of current operation: PENDING
11:33:21 INFO  State of current operation: PENDING
11:33:23 WARN  SystemError occurred while running test - Timeout while waiting for status FAILED or SUCCESSFUL
Traceback (most recent call last):
  File &quot;/home/pi/env-pysys/lib/python3.7/site-packages/pysys/baserunner.py&quot;, line 1292, in __call__
    self.testObj.setup()
  File &quot;/home/pi/actions-runner/_work/thin-edge.io/thin-edge.io/tests/PySys/software_management_end_to_end/sm_apt_install_remove/run.py&quot;, line 27, in setup
    super().setup()
  File &quot;/home/pi/actions-runner/_work/thin-edge.io/thin-edge.io/tests/PySys/software_management_end_to_end/environment_sm_management.py&quot;, line 151, in setup
    self.wait_until_end()
  File &quot;/home/pi/actions-runner/_work/thin-edge.io/thin-edge.io/tests/PySys/software_management_end_to_end/environment_sm_management.py&quot;, line 332, in wait_until_end
    self.wait_until_status(&quot;FAILED&quot;, &quot;SUCCESSFUL&quot;)
  File &quot;/home/pi/actions-runner/_work/thin-edge.io/thin-edge.io/tests/PySys/software_management_end_to_end/environment_sm_management.py&quot;, line 381, in wait_until_status
    &quot;Timeout while waiting for status %s or %s&quot; % (status, status2)
SystemError: Timeout while waiting for status FAILED or SUCCESSFUL
11:33:23 WARN  SystemError: Timeout while waiting for status FAILED or SUCCESSFUL ... blocked 
11:33:23 INFO  
11:33:23 INFO  cleanup:
11:33:27 INFO  Executed sudo&lt;tedge_disconnect_c8y&gt;, exit status 0
11:33:27 INFO  Executed systemctl&lt;serv_mapper5&gt;, exit status 3
11:33:27 INFO  
11:33:27 INFO  Test duration: 164.98 secs
11:33:27 INFO  Test final outcome:  BLOCKED
11:33:27 INFO  Test outcome reason: SystemError: Timeout while waiting for status FAILED or SUCCESSFUL
11:33:27 INFO  
</system-out>
	</testcase>
</testsuite>
