<?xml version="1.0" encoding="utf-8"?>
<testsuite failures="1" name="SoftwareManagement.sm_apt_install_remove_multiple_mixed" skipped="0" tests="1" time="177.89" timestamp="2022-06-09T17:20:40">
	<testcase classname="PySysTest" name="SoftwareManagement.sm_apt_install_remove_multiple_mixed">
		<failure message="BLOCKED: SystemError: Timeout while waiting for status SUCCESSFUL or False" type="BLOCKED"/>
		<system-out>17:17:42 INFO  ==============================================================
17:17:42 INFO  Id:    SoftwareManagement.sm_apt_install_remove_multiple_mixed
17:17:42 INFO  Dir:   software_management_end_to_end/
17:17:42 INFO  Title: Validate end to end behaviour for the apt plugin for multiple packages with mixed versions
17:17:42 INFO  ==============================================================
17:17:42 INFO  Using sw id database: {'asciijump': '5475369', 'robotfindskitten': '5474869', 'squirrel3': '5475279', 'rolldice': '5152439', 'moon-buggy': '5439204', 'apple': '5495053', 'banana': '5494888', 'cherry': '5495382', 'watermelon': '5494510', 'registry': '8018911', 'hello-world': '8021526', 'docker/getting-started': '8021973', 'alpine': '7991792'}
17:17:42 INFO  EnvironmentC8y Setup
17:17:42 INFO  Executed systemctl&lt;serv_mapper1&gt;, exit status 3
17:17:43 INFO  Restarting mosquitto too frequently in the last 10 seconds. It was only up for 5 seconds
17:17:43 INFO  Delaying execution by 6 seconds
17:18:02 INFO  Executed sudo&lt;tedge_connect_c8y&gt;, exit status 0, duration 13 secs
17:18:03 INFO  Executed sudo&lt;tedge_connect_c8y_test&gt;, exit status 0
17:18:03 INFO  Executed systemctl&lt;serv_mosq2&gt;, exit status 0
17:18:04 INFO  Executed systemctl&lt;serv_mapper3&gt;, exit status 0
17:18:06 INFO  State of current operation: SUCCESSFUL
17:18:06 INFO  Assert that (False == value) with value=False ... passed
17:18:07 INFO  Assert that (False == value) with value=False ... passed
17:18:07 INFO  Assert that (False == value) with value=False ... passed
17:18:07 INFO  Assert that (False == value) with value=False ... passed
17:18:07 INFO  Assert that (False == value) with value=False ... passed
17:18:09 INFO  Response status: 201
17:18:09 INFO  Response to action: {
    &quot;creationTime&quot;: &quot;2022-06-09T17:18:09.031Z&quot;,
    &quot;deviceId&quot;: &quot;20083228&quot;,
    &quot;deviceName&quot;: &quot;m32sd10d&quot;,
    &quot;self&quot;: &quot;https://t493319102.eu-latest.cumulocity.com/devicecontrol/operations/20100891&quot;,
    &quot;id&quot;: &quot;20100891&quot;,
    &quot;status&quot;: &quot;PENDING&quot;,
    &quot;description&quot;: &quot;Apply software changes, triggered from PySys: [{'action': 'install', 'id': '5475369', 'name': 'asciijump', 'url': ' ', 'version': '::apt'}, {'action': 'install', 'id': '5474869', 'name': 'robotfindskitten', 'url': ' ', 'version': ' '}, {'action': 'install', 'id': '5475279', 'name': 'squirrel3', 'url': ' ', 'version': '3.1-7::apt'}, {'action': 'install', 'id': '5152439', 'name': 'rolldice', 'url': ' ', 'version': '1.16-1+b1'}, {'action': 'install', 'id': '5439204', 'name': 'moon-buggy', 'url': ' ', 'version': '1:1.0.51-12'}, {'action': 'install', 'id': '5475369', 'name': 'asciijump', 'url': ' ', 'version': '::apt'}]&quot;,
    &quot;c8y_SoftwareUpdate&quot;: [
        {
            &quot;name&quot;: &quot;asciijump&quot;,
            &quot;action&quot;: &quot;install&quot;,
            &quot;id&quot;: &quot;5475369&quot;,
            &quot;version&quot;: &quot;::apt&quot;,
            &quot;url&quot;: &quot; &quot;
        },
        {
            &quot;name&quot;: &quot;robotfindskitten&quot;,
            &quot;action&quot;: &quot;install&quot;,
            &quot;id&quot;: &quot;5474869&quot;,
            &quot;version&quot;: &quot; &quot;,
            &quot;url&quot;: &quot; &quot;
        },
        {
            &quot;name&quot;: &quot;squirrel3&quot;,
            &quot;action&quot;: &quot;install&quot;,
            &quot;id&quot;: &quot;5475279&quot;,
            &quot;version&quot;: &quot;3.1-7::apt&quot;,
            &quot;url&quot;: &quot; &quot;
        },
        {
            &quot;name&quot;: &quot;rolldice&quot;,
            &quot;action&quot;: &quot;install&quot;,
            &quot;id&quot;: &quot;5152439&quot;,
            &quot;version&quot;: &quot;1.16-1+b1&quot;,
            &quot;url&quot;: &quot; &quot;
        },
        {
            &quot;name&quot;: &quot;moon-buggy&quot;,
            &quot;action&quot;: &quot;install&quot;,
            &quot;id&quot;: &quot;5439204&quot;,
            &quot;version&quot;: &quot;1:1.0.51-12&quot;,
            &quot;url&quot;: &quot; &quot;
        },
        {
            &quot;name&quot;: &quot;asciijump&quot;,
            &quot;action&quot;: &quot;install&quot;,
            &quot;id&quot;: &quot;5475369&quot;,
            &quot;version&quot;: &quot;::apt&quot;,
            &quot;url&quot;: &quot; &quot;
        }
    ]
}
17:18:09 INFO  Started operation: {'creationTime': '2022-06-09T17:18:09.031Z', 'deviceId': '20083228', 'deviceName': 'm32sd10d', 'self': 'https://t493319102.eu-latest.cumulocity.com/devicecontrol/operations/20100891', 'id': '20100891', 'status': 'PENDING', 'description': &quot;Apply software changes, triggered from PySys: [{'action': 'install', 'id': '5475369', 'name': 'asciijump', 'url': ' ', 'version': '::apt'}, {'action': 'install', 'id': '5474869', 'name': 'robotfindskitten', 'url': ' ', 'version': ' '}, {'action': 'install', 'id': '5475279', 'name': 'squirrel3', 'url': ' ', 'version': '3.1-7::apt'}, {'action': 'install', 'id': '5152439', 'name': 'rolldice', 'url': ' ', 'version': '1.16-1+b1'}, {'action': 'install', 'id': '5439204', 'name': 'moon-buggy', 'url': ' ', 'version': '1:1.0.51-12'}, {'action': 'install', 'id': '5475369', 'name': 'asciijump', 'url': ' ', 'version': '::apt'}]&quot;, 'c8y_SoftwareUpdate': [{'name': 'asciijump', 'action': 'install', 'id': '5475369', 'version': '::apt', 'url': ' '}, {'name': 'robotfindskitten', 'action': 'install', 'id': '5474869', 'version': ' ', 'url': ' '}, {'name': 'squirrel3', 'action': 'install', 'id': '5475279', 'version': '3.1-7::apt', 'url': ' '}, {'name': 'rolldice', 'action': 'install', 'id': '5152439', 'version': '1.16-1+b1', 'url': ' '}, {'name': 'moon-buggy', 'action': 'install', 'id': '5439204', 'version': '1:1.0.51-12', 'url': ' '}, {'name': 'asciijump', 'action': 'install', 'id': '5475369', 'version': '::apt', 'url': ' '}]}
17:18:11 INFO  State of operation 20100891 : PENDING
17:18:13 INFO  State of operation 20100891 : EXECUTING
17:18:15 INFO  State of operation 20100891 : EXECUTING
17:18:18 INFO  State of operation 20100891 : EXECUTING
17:18:20 INFO  State of operation 20100891 : EXECUTING
17:18:22 INFO  State of operation 20100891 : EXECUTING
17:18:25 INFO  State of operation 20100891 : EXECUTING
17:18:28 INFO  State of operation 20100891 : EXECUTING
17:18:30 INFO  State of operation 20100891 : EXECUTING
17:18:32 INFO  State of operation 20100891 : EXECUTING
17:18:35 INFO  State of operation 20100891 : EXECUTING
17:18:37 INFO  State of operation 20100891 : EXECUTING
17:18:39 INFO  State of operation 20100891 : EXECUTING
17:18:41 INFO  State of operation 20100891 : EXECUTING
17:18:44 INFO  State of operation 20100891 : EXECUTING
17:18:46 INFO  State of operation 20100891 : EXECUTING
17:18:48 INFO  State of operation 20100891 : EXECUTING
17:18:51 INFO  State of operation 20100891 : EXECUTING
17:18:53 INFO  State of operation 20100891 : EXECUTING
17:18:56 INFO  State of operation 20100891 : EXECUTING
17:18:58 INFO  State of operation 20100891 : EXECUTING
17:19:01 INFO  State of operation 20100891 : EXECUTING
17:19:03 INFO  State of operation 20100891 : EXECUTING
17:19:05 INFO  State of operation 20100891 : EXECUTING
17:19:08 INFO  State of operation 20100891 : EXECUTING
17:19:10 INFO  State of operation 20100891 : EXECUTING
17:19:13 INFO  State of operation 20100891 : EXECUTING
17:19:16 INFO  State of operation 20100891 : EXECUTING
17:19:18 INFO  State of operation 20100891 : EXECUTING
17:19:20 INFO  State of operation 20100891 : EXECUTING
17:19:22 INFO  State of operation 20100891 : EXECUTING
17:19:25 INFO  State of operation 20100891 : EXECUTING
17:19:27 INFO  State of operation 20100891 : EXECUTING
17:19:29 INFO  State of operation 20100891 : EXECUTING
17:19:31 INFO  State of operation 20100891 : EXECUTING
17:19:34 INFO  State of operation 20100891 : EXECUTING
17:19:36 INFO  State of operation 20100891 : EXECUTING
17:19:38 INFO  State of operation 20100891 : EXECUTING
17:19:41 INFO  State of operation 20100891 : EXECUTING
17:19:43 INFO  State of operation 20100891 : EXECUTING
17:19:46 INFO  State of operation 20100891 : EXECUTING
17:19:48 INFO  State of operation 20100891 : EXECUTING
17:19:50 INFO  State of operation 20100891 : EXECUTING
17:19:52 INFO  State of operation 20100891 : EXECUTING
17:19:55 INFO  State of operation 20100891 : EXECUTING
17:19:57 INFO  State of operation 20100891 : EXECUTING
17:19:59 INFO  State of operation 20100891 : EXECUTING
17:20:01 INFO  State of operation 20100891 : EXECUTING
17:20:04 INFO  State of operation 20100891 : EXECUTING
17:20:06 INFO  State of operation 20100891 : EXECUTING
17:20:09 INFO  State of operation 20100891 : EXECUTING
17:20:11 INFO  State of operation 20100891 : EXECUTING
17:20:14 INFO  State of operation 20100891 : EXECUTING
17:20:16 INFO  State of operation 20100891 : EXECUTING
17:20:19 INFO  State of operation 20100891 : EXECUTING
17:20:21 INFO  State of operation 20100891 : EXECUTING
17:20:23 INFO  State of operation 20100891 : EXECUTING
17:20:26 INFO  State of operation 20100891 : EXECUTING
17:20:28 INFO  State of operation 20100891 : EXECUTING
17:20:30 INFO  State of operation 20100891 : EXECUTING
17:20:32 INFO  State of operation 20100891 : EXECUTING
17:20:34 WARN  SystemError occurred while running test - Timeout while waiting for status SUCCESSFUL or False
Traceback (most recent call last):
  File &quot;/home/pi/env-pysys/lib/python3.7/site-packages/pysys/baserunner.py&quot;, line 1294, in __call__
    self.testObj.execute()
  File &quot;/home/pi/actions-runner/_work/thin-edge.io/thin-edge.io/tests/PySys/software_management_end_to_end/sm_apt_install_remove_multiple_mixed/run.py&quot;, line 89, in execute
    self.wait_until_succcess()
  File &quot;/home/pi/actions-runner/_work/thin-edge.io/thin-edge.io/tests/PySys/software_management_end_to_end/environment_sm_management.py&quot;, line 324, in wait_until_succcess
    self.wait_until_status(&quot;SUCCESSFUL&quot;)
  File &quot;/home/pi/actions-runner/_work/thin-edge.io/thin-edge.io/tests/PySys/software_management_end_to_end/environment_sm_management.py&quot;, line 381, in wait_until_status
    &quot;Timeout while waiting for status %s or %s&quot; % (status, status2)
SystemError: Timeout while waiting for status SUCCESSFUL or False
17:20:35 WARN  SystemError: Timeout while waiting for status SUCCESSFUL or False ... blocked 
17:20:35 INFO  
17:20:35 INFO  cleanup:
17:20:39 INFO  Executed sudo&lt;tedge_disconnect_c8y&gt;, exit status 0
17:20:40 INFO  Executed systemctl&lt;serv_mapper5&gt;, exit status 3
17:20:40 INFO  
17:20:40 INFO  Test duration: 177.89 secs
17:20:40 INFO  Test final outcome:  BLOCKED
17:20:40 INFO  Test outcome reason: SystemError: Timeout while waiting for status SUCCESSFUL or False
17:20:40 INFO  
</system-out>
	</testcase>
</testsuite>
