<?xml version="1.0" encoding="utf-8"?>
<testsuite failures="1" name="SoftwareManagement.sm_apt_install_download_path" skipped="0" tests="1" time="189.26" timestamp="2022-05-23T15:33:27">
	<testcase classname="AptInstallWithDownloadPath" name="SoftwareManagement.sm_apt_install_download_path">
		<failure message="BLOCKED: SystemError: Timeout while waiting for status FAILED or SUCCESSFUL" type="BLOCKED"/>
		<system-out>15:30:18 INFO  ==============================================================
15:30:18 INFO  Id:    SoftwareManagement.sm_apt_install_download_path
15:30:18 INFO  Dir:   software_management_end_to_end/
15:30:18 INFO  Title: Install package to directory specified in tedge config set tmp.path
15:30:18 INFO  ==============================================================
15:30:18 INFO  Using sw id database: {'asciijump': '5475369', 'robotfindskitten': '5474869', 'squirrel3': '5475279', 'rolldice': '5152439', 'moon-buggy': '5439204', 'apple': '5495053', 'banana': '5494888', 'cherry': '5495382', 'watermelon': '5494510', 'registry': '8018911', 'hello-world': '8021526', 'docker/getting-started': '8021973', 'alpine': '7991792'}
15:30:18 INFO  EnvironmentC8y Setup
15:30:18 INFO  Executed systemctl&lt;serv_mapper1&gt;, exit status 3
15:30:33 INFO  Executed sudo&lt;tedge_connect_c8y&gt;, exit status 0, duration 14 secs
15:30:35 INFO  Executed sudo&lt;tedge_connect_c8y_test&gt;, exit status 0
15:30:36 INFO  Executed systemctl&lt;serv_mosq2&gt;, exit status 0
15:30:36 INFO  Executed systemctl&lt;serv_mapper3&gt;, exit status 0
15:30:38 INFO  State of current operation: PENDING
15:30:41 INFO  State of current operation: PENDING
15:30:43 INFO  State of current operation: PENDING
15:30:45 INFO  State of current operation: PENDING
15:30:47 INFO  State of current operation: PENDING
15:30:50 INFO  State of current operation: PENDING
15:30:52 INFO  State of current operation: PENDING
15:30:54 INFO  State of current operation: PENDING
15:30:56 INFO  State of current operation: PENDING
15:30:58 INFO  State of current operation: PENDING
15:31:01 INFO  State of current operation: PENDING
15:31:03 INFO  State of current operation: PENDING
15:31:05 INFO  State of current operation: PENDING
15:31:07 INFO  State of current operation: PENDING
15:31:10 INFO  State of current operation: PENDING
15:31:12 INFO  State of current operation: PENDING
15:31:14 INFO  State of current operation: PENDING
15:31:16 INFO  State of current operation: PENDING
15:31:19 INFO  State of current operation: PENDING
15:31:21 INFO  State of current operation: PENDING
15:31:23 INFO  State of current operation: PENDING
15:31:25 INFO  State of current operation: PENDING
15:31:27 INFO  State of current operation: PENDING
15:31:30 INFO  State of current operation: PENDING
15:31:32 INFO  State of current operation: PENDING
15:31:34 INFO  State of current operation: PENDING
15:31:36 INFO  State of current operation: PENDING
15:31:39 INFO  State of current operation: PENDING
15:31:41 INFO  State of current operation: PENDING
15:31:43 INFO  State of current operation: PENDING
15:31:45 INFO  State of current operation: PENDING
15:31:47 INFO  State of current operation: PENDING
15:31:50 INFO  State of current operation: PENDING
15:31:52 INFO  State of current operation: PENDING
15:31:54 INFO  State of current operation: PENDING
15:31:56 INFO  State of current operation: PENDING
15:31:59 INFO  State of current operation: PENDING
15:32:01 INFO  State of current operation: PENDING
15:32:03 INFO  State of current operation: PENDING
15:32:05 INFO  State of current operation: PENDING
15:32:08 INFO  State of current operation: PENDING
15:32:10 INFO  State of current operation: PENDING
15:32:12 INFO  State of current operation: PENDING
15:32:14 INFO  State of current operation: PENDING
15:32:17 INFO  State of current operation: PENDING
15:32:19 INFO  State of current operation: PENDING
15:32:21 INFO  State of current operation: PENDING
15:32:23 INFO  State of current operation: PENDING
15:32:26 INFO  State of current operation: PENDING
15:32:28 INFO  State of current operation: PENDING
15:32:30 INFO  State of current operation: PENDING
15:32:32 INFO  State of current operation: PENDING
15:32:34 INFO  State of current operation: PENDING
15:32:37 INFO  State of current operation: PENDING
15:32:39 INFO  State of current operation: PENDING
15:32:41 INFO  State of current operation: PENDING
15:32:43 INFO  State of current operation: PENDING
15:32:46 INFO  State of current operation: PENDING
15:32:48 INFO  State of current operation: PENDING
15:32:50 INFO  State of current operation: PENDING
15:32:52 INFO  State of current operation: PENDING
15:32:54 WARN  SystemError occurred while running test - Timeout while waiting for status FAILED or SUCCESSFUL
Traceback (most recent call last):
  File &quot;/home/pi/env-pysys/lib/python3.7/site-packages/pysys/baserunner.py&quot;, line 1292, in __call__
    self.testObj.setup()
  File &quot;/home/pi/actions-runner/_work/thin-edge.io/thin-edge.io/tests/PySys/software_management_end_to_end/sm_apt_install_download_path/run.py&quot;, line 48, in setup
    super().setup()
  File &quot;/home/pi/actions-runner/_work/thin-edge.io/thin-edge.io/tests/PySys/software_management_end_to_end/environment_sm_management.py&quot;, line 151, in setup
    self.wait_until_end()
  File &quot;/home/pi/actions-runner/_work/thin-edge.io/thin-edge.io/tests/PySys/software_management_end_to_end/environment_sm_management.py&quot;, line 332, in wait_until_end
    self.wait_until_status(&quot;FAILED&quot;, &quot;SUCCESSFUL&quot;)
  File &quot;/home/pi/actions-runner/_work/thin-edge.io/thin-edge.io/tests/PySys/software_management_end_to_end/environment_sm_management.py&quot;, line 381, in wait_until_status
    &quot;Timeout while waiting for status %s or %s&quot; % (status, status2)
SystemError: Timeout while waiting for status FAILED or SUCCESSFUL
15:32:55 WARN  SystemError: Timeout while waiting for status FAILED or SUCCESSFUL ... blocked 
15:32:55 INFO  
15:32:55 INFO  cleanup:
15:32:55 INFO  Executed sudo, exit status 0
15:32:56 INFO  Executed sudo, exit status 0
15:33:00 INFO  Executed sudo&lt;tedge_disconnect_c8y&gt;, exit status 0
15:33:00 INFO  Restarting mosquitto too frequently in the last 10 seconds. It was only up for 3 seconds
15:33:00 INFO  Delaying execution by 8 seconds
15:33:22 INFO  Executed sudo&lt;tedge_connect_c8y&gt;, exit status 0, duration 13 secs
15:33:26 INFO  Executed sudo&lt;tedge_disconnect_c8y&gt;, exit status 0
15:33:27 INFO  Executed systemctl&lt;serv_mapper5&gt;, exit status 3
15:33:27 INFO  
15:33:27 INFO  Test duration: 189.26 secs
15:33:27 INFO  Test final outcome:  BLOCKED
15:33:27 INFO  Test outcome reason: SystemError: Timeout while waiting for status FAILED or SUCCESSFUL
15:33:27 INFO  
</system-out>
	</testcase>
</testsuite>
