<?xml version="1.0" encoding="utf-8"?>
<testsuite failures="1" name="SoftwareManagement.sm_apt_install_remove_multiple" skipped="0" tests="1" time="178.97" timestamp="2022-06-22T10:28:22">
	<testcase classname="PySysTest" name="SoftwareManagement.sm_apt_install_remove_multiple">
		<failure message="FAILED: Assert that (False == value) with value=True" type="FAILED"/>
		<system-out>10:25:23 INFO  ==============================================================
10:25:23 INFO  Id:    SoftwareManagement.sm_apt_install_remove_multiple
10:25:23 INFO  Dir:   software_management_end_to_end/
10:25:23 INFO  Title: Validate end to end behaviour for the apt plugin for multiple packages
10:25:23 INFO  ==============================================================
10:25:23 INFO  Using sw id database: {'asciijump': '5475369', 'robotfindskitten': '5474869', 'squirrel3': '5475279', 'rolldice': '5152439', 'moon-buggy': '5439204', 'apple': '5495053', 'banana': '5494888', 'cherry': '5495382', 'watermelon': '5494510', 'registry': '8018911', 'hello-world': '8021526', 'docker/getting-started': '8021973', 'alpine': '7991792'}
10:25:23 INFO  EnvironmentC8y Setup
10:25:24 INFO  Executed systemctl&lt;serv_mapper1&gt;, exit status 3
10:25:24 INFO  Restarting mosquitto too frequently in the last 10 seconds. It was only up for 5 seconds
10:25:24 INFO  Delaying execution by 6 seconds
10:25:44 INFO  Executed sudo&lt;tedge_connect_c8y&gt;, exit status 0, duration 14 secs
10:25:45 INFO  Executed sudo&lt;tedge_connect_c8y_test&gt;, exit status 0
10:25:45 INFO  Executed systemctl&lt;serv_mosq2&gt;, exit status 0
10:25:46 INFO  Executed systemctl&lt;serv_mapper3&gt;, exit status 0
10:25:48 INFO  State of current operation: SUCCESSFUL
10:25:48 INFO  Assert that (False == value) with value=False ... passed
10:25:49 INFO  Assert that (False == value) with value=False ... passed
10:25:49 INFO  Assert that (False == value) with value=False ... passed
10:25:49 INFO  Package robotfindskitten is installed
10:25:49 WARN  Assert that (False == value) with value=True ... failed 
10:25:49 INFO  Response status: 201
10:25:49 INFO  Response to action: {
    &quot;creationTime&quot;: &quot;2022-06-22T10:25:49.870Z&quot;,
    &quot;deviceName&quot;: &quot;m32sd10d&quot;,
    &quot;deviceId&quot;: &quot;20363028&quot;,
    &quot;self&quot;: &quot;https://t493319102.eu-latest.cumulocity.com/devicecontrol/operations/20403408&quot;,
    &quot;id&quot;: &quot;20403408&quot;,
    &quot;status&quot;: &quot;PENDING&quot;,
    &quot;description&quot;: &quot;Apply software changes, triggered from PySys: [{'action': 'install', 'id': '5475369', 'name': 'asciijump', 'url': ' ', 'version': '::apt'}, {'action': 'install', 'id': '5474869', 'name': 'robotfindskitten', 'url': ' ', 'version': '::apt'}, {'action': 'install', 'id': '5475279', 'name': 'squirrel3', 'url': ' ', 'version': '::apt'}]&quot;,
    &quot;c8y_SoftwareUpdate&quot;: [
        {
            &quot;name&quot;: &quot;asciijump&quot;,
            &quot;action&quot;: &quot;install&quot;,
            &quot;id&quot;: &quot;5475369&quot;,
            &quot;version&quot;: &quot;::apt&quot;,
            &quot;url&quot;: &quot; &quot;
        },
        {
            &quot;name&quot;: &quot;robotfindskitten&quot;,
            &quot;action&quot;: &quot;install&quot;,
            &quot;id&quot;: &quot;5474869&quot;,
            &quot;version&quot;: &quot;::apt&quot;,
            &quot;url&quot;: &quot; &quot;
        },
        {
            &quot;name&quot;: &quot;squirrel3&quot;,
            &quot;action&quot;: &quot;install&quot;,
            &quot;id&quot;: &quot;5475279&quot;,
            &quot;version&quot;: &quot;::apt&quot;,
            &quot;url&quot;: &quot; &quot;
        }
    ]
}
10:25:49 INFO  Started operation: {'creationTime': '2022-06-22T10:25:49.870Z', 'deviceName': 'm32sd10d', 'deviceId': '20363028', 'self': 'https://t493319102.eu-latest.cumulocity.com/devicecontrol/operations/20403408', 'id': '20403408', 'status': 'PENDING', 'description': &quot;Apply software changes, triggered from PySys: [{'action': 'install', 'id': '5475369', 'name': 'asciijump', 'url': ' ', 'version': '::apt'}, {'action': 'install', 'id': '5474869', 'name': 'robotfindskitten', 'url': ' ', 'version': '::apt'}, {'action': 'install', 'id': '5475279', 'name': 'squirrel3', 'url': ' ', 'version': '::apt'}]&quot;, 'c8y_SoftwareUpdate': [{'name': 'asciijump', 'action': 'install', 'id': '5475369', 'version': '::apt', 'url': ' '}, {'name': 'robotfindskitten', 'action': 'install', 'id': '5474869', 'version': '::apt', 'url': ' '}, {'name': 'squirrel3', 'action': 'install', 'id': '5475279', 'version': '::apt', 'url': ' '}]}
10:25:52 INFO  State of operation 20403408 : PENDING
10:25:54 INFO  State of operation 20403408 : EXECUTING
10:25:56 INFO  State of operation 20403408 : EXECUTING
10:25:59 INFO  State of operation 20403408 : EXECUTING
10:26:01 INFO  State of operation 20403408 : EXECUTING
10:26:03 INFO  State of operation 20403408 : EXECUTING
10:26:06 INFO  State of operation 20403408 : EXECUTING
10:26:09 INFO  State of operation 20403408 : EXECUTING
10:26:11 INFO  State of operation 20403408 : EXECUTING
10:26:13 INFO  State of operation 20403408 : EXECUTING
10:26:16 INFO  State of operation 20403408 : EXECUTING
10:26:18 INFO  State of operation 20403408 : EXECUTING
10:26:20 INFO  State of operation 20403408 : EXECUTING
10:26:22 INFO  State of operation 20403408 : EXECUTING
10:26:25 INFO  State of operation 20403408 : EXECUTING
10:26:27 INFO  State of operation 20403408 : EXECUTING
10:26:29 INFO  State of operation 20403408 : EXECUTING
10:26:32 INFO  State of operation 20403408 : EXECUTING
10:26:34 INFO  State of operation 20403408 : EXECUTING
10:26:37 INFO  State of operation 20403408 : EXECUTING
10:26:39 INFO  State of operation 20403408 : EXECUTING
10:26:41 INFO  State of operation 20403408 : EXECUTING
10:26:44 INFO  State of operation 20403408 : EXECUTING
10:26:47 INFO  State of operation 20403408 : EXECUTING
10:26:49 INFO  State of operation 20403408 : EXECUTING
10:26:52 INFO  State of operation 20403408 : EXECUTING
10:26:54 INFO  State of operation 20403408 : EXECUTING
10:26:57 INFO  State of operation 20403408 : EXECUTING
10:26:59 INFO  State of operation 20403408 : EXECUTING
10:27:01 INFO  State of operation 20403408 : EXECUTING
10:27:03 INFO  State of operation 20403408 : EXECUTING
10:27:06 INFO  State of operation 20403408 : EXECUTING
10:27:08 INFO  State of operation 20403408 : EXECUTING
10:27:10 INFO  State of operation 20403408 : SUCCESSFUL
10:27:10 INFO  Assert that (False == value) with value=False ... passed
10:27:11 INFO  Package asciijump is installed
10:27:11 INFO  Assert that (True == value) with value=True ... passed
10:27:11 INFO  Package squirrel3 is installed
10:27:11 INFO  Assert that (True == value) with value=True ... passed
10:27:11 INFO  Package robotfindskitten is installed
10:27:11 INFO  Assert that (True == value) with value=True ... passed
10:27:11 INFO  Response status: 201
10:27:11 INFO  Response to action: {
    &quot;creationTime&quot;: &quot;2022-06-22T10:27:11.654Z&quot;,
    &quot;deviceName&quot;: &quot;m32sd10d&quot;,
    &quot;deviceId&quot;: &quot;20363028&quot;,
    &quot;self&quot;: &quot;https://t493319102.eu-latest.cumulocity.com/devicecontrol/operations/20403420&quot;,
    &quot;id&quot;: &quot;20403420&quot;,
    &quot;status&quot;: &quot;PENDING&quot;,
    &quot;description&quot;: &quot;Apply software changes, triggered from PySys: [{'action': 'delete', 'id': '5475369', 'name': 'asciijump', 'url': ' ', 'version': '::apt'}, {'action': 'delete', 'id': '5474869', 'name': 'robotfindskitten', 'url': ' ', 'version': '::apt'}, {'action': 'delete', 'id': '5475279', 'name': 'squirrel3', 'url': ' ', 'version': '::apt'}]&quot;,
    &quot;c8y_SoftwareUpdate&quot;: [
        {
            &quot;name&quot;: &quot;asciijump&quot;,
            &quot;action&quot;: &quot;delete&quot;,
            &quot;id&quot;: &quot;5475369&quot;,
            &quot;version&quot;: &quot;::apt&quot;,
            &quot;url&quot;: &quot; &quot;
        },
        {
            &quot;name&quot;: &quot;robotfindskitten&quot;,
            &quot;action&quot;: &quot;delete&quot;,
            &quot;id&quot;: &quot;5474869&quot;,
            &quot;version&quot;: &quot;::apt&quot;,
            &quot;url&quot;: &quot; &quot;
        },
        {
            &quot;name&quot;: &quot;squirrel3&quot;,
            &quot;action&quot;: &quot;delete&quot;,
            &quot;id&quot;: &quot;5475279&quot;,
            &quot;version&quot;: &quot;::apt&quot;,
            &quot;url&quot;: &quot; &quot;
        }
    ]
}
10:27:11 INFO  Started operation: {'creationTime': '2022-06-22T10:27:11.654Z', 'deviceName': 'm32sd10d', 'deviceId': '20363028', 'self': 'https://t493319102.eu-latest.cumulocity.com/devicecontrol/operations/20403420', 'id': '20403420', 'status': 'PENDING', 'description': &quot;Apply software changes, triggered from PySys: [{'action': 'delete', 'id': '5475369', 'name': 'asciijump', 'url': ' ', 'version': '::apt'}, {'action': 'delete', 'id': '5474869', 'name': 'robotfindskitten', 'url': ' ', 'version': '::apt'}, {'action': 'delete', 'id': '5475279', 'name': 'squirrel3', 'url': ' ', 'version': '::apt'}]&quot;, 'c8y_SoftwareUpdate': [{'name': 'asciijump', 'action': 'delete', 'id': '5475369', 'version': '::apt', 'url': ' '}, {'name': 'robotfindskitten', 'action': 'delete', 'id': '5474869', 'version': '::apt', 'url': ' '}, {'name': 'squirrel3', 'action': 'delete', 'id': '5475279', 'version': '::apt', 'url': ' '}]}
10:27:13 INFO  State of operation 20403420 : PENDING
10:27:16 INFO  State of operation 20403420 : EXECUTING
10:27:18 INFO  State of operation 20403420 : EXECUTING
10:27:20 INFO  State of operation 20403420 : EXECUTING
10:27:22 INFO  State of operation 20403420 : EXECUTING
10:27:25 INFO  State of operation 20403420 : EXECUTING
10:27:27 INFO  State of operation 20403420 : EXECUTING
10:27:30 INFO  State of operation 20403420 : EXECUTING
10:27:33 INFO  State of operation 20403420 : EXECUTING
10:27:35 INFO  State of operation 20403420 : EXECUTING
10:27:37 INFO  State of operation 20403420 : EXECUTING
10:27:39 INFO  State of operation 20403420 : EXECUTING
10:27:42 INFO  State of operation 20403420 : EXECUTING
10:27:44 INFO  State of operation 20403420 : EXECUTING
10:27:46 INFO  State of operation 20403420 : EXECUTING
10:27:49 INFO  State of operation 20403420 : EXECUTING
10:27:51 INFO  State of operation 20403420 : EXECUTING
10:27:54 INFO  State of operation 20403420 : EXECUTING
10:27:56 INFO  State of operation 20403420 : EXECUTING
10:27:58 INFO  State of operation 20403420 : EXECUTING
10:28:01 INFO  State of operation 20403420 : EXECUTING
10:28:03 INFO  State of operation 20403420 : EXECUTING
10:28:05 INFO  State of operation 20403420 : EXECUTING
10:28:07 INFO  State of operation 20403420 : EXECUTING
10:28:10 INFO  State of operation 20403420 : EXECUTING
10:28:13 INFO  State of operation 20403420 : EXECUTING
10:28:15 INFO  State of operation 20403420 : EXECUTING
10:28:17 INFO  State of operation 20403420 : SUCCESSFUL
10:28:17 INFO  Assert that (False == value) with value=False ... passed
10:28:17 INFO  Assert that (False == value) with value=False ... passed
10:28:18 INFO  Assert that (False == value) with value=False ... passed
10:28:18 INFO  Assert that (False == value) with value=False ... passed
10:28:18 INFO  
10:28:18 INFO  cleanup:
10:28:22 INFO  Executed sudo&lt;tedge_disconnect_c8y&gt;, exit status 0
10:28:22 INFO  Executed systemctl&lt;serv_mapper5&gt;, exit status 3
10:28:22 INFO  
10:28:22 INFO  Test duration: 178.97 secs
10:28:22 INFO  Test final outcome:  FAILED
10:28:22 INFO  Test outcome reason: Assert that (False == value) with value=True
10:28:22 INFO  
</system-out>
	</testcase>
</testsuite>
