<?xml version="1.0" encoding="utf-8"?>
<testsuite failures="0" name="apt_install" skipped="0" tests="1" time="64.07" timestamp="2022-06-20T16:56:18">
	<testcase classname="AptPluginInstallDense" name="apt_install"/>
</testsuite>
