<?xml version="1.0" encoding="utf-8"?>
<testsuite failures="0" name="apt_remove" skipped="0" tests="1" time="65.19" timestamp="2022-07-22T09:46:49">
	<testcase classname="AptPluginRemoveDense" name="apt_remove"/>
</testsuite>
