<?xml version="1.0" encoding="utf-8"?>
<testsuite failures="0" name="apt_update_list" skipped="0" tests="1" time="163.96" timestamp="2022-06-15T11:28:09">
	<testcase classname="AptPluginUpdateList" name="apt_update_list"/>
</testsuite>
