<?xml version="1.0" encoding="utf-8"?>
<testsuite failures="0" name="apt_prepare_install_finalize" skipped="0" tests="1" time="95.35" timestamp="2022-06-20T17:01:08">
	<testcase classname="AptPluginPrepareInstallFinalize" name="apt_prepare_install_finalize"/>
</testsuite>
