<?xml version="1.0" encoding="utf-8"?>
<testsuite failures="1" name="SoftwareManagement.sm_apt_install_remove_multiple_mixed" skipped="0" tests="1" time="180.42" timestamp="2022-06-22T14:41:20">
	<testcase classname="PySysTest" name="SoftwareManagement.sm_apt_install_remove_multiple_mixed">
		<failure message="BLOCKED: SystemError: Timeout while waiting for status SUCCESSFUL or False" type="BLOCKED"/>
		<system-out>14:38:20 INFO  ==============================================================
14:38:20 INFO  Id:    SoftwareManagement.sm_apt_install_remove_multiple_mixed
14:38:20 INFO  Dir:   software_management_end_to_end/
14:38:20 INFO  Title: Validate end to end behaviour for the apt plugin for multiple packages with mixed versions
14:38:20 INFO  ==============================================================
14:38:20 INFO  Using sw id database: {'asciijump': '5475369', 'robotfindskitten': '5474869', 'squirrel3': '5475279', 'rolldice': '5152439', 'moon-buggy': '5439204', 'apple': '5495053', 'banana': '5494888', 'cherry': '5495382', 'watermelon': '5494510', 'registry': '8018911', 'hello-world': '8021526', 'docker/getting-started': '8021973', 'alpine': '7991792'}
14:38:20 INFO  EnvironmentC8y Setup
14:38:20 INFO  Executed systemctl&lt;serv_mapper1&gt;, exit status 3
14:38:21 INFO  Restarting mosquitto too frequently in the last 10 seconds. It was only up for 4 seconds
14:38:21 INFO  Delaying execution by 7 seconds
14:38:41 INFO  Executed sudo&lt;tedge_connect_c8y&gt;, exit status 0, duration 13 secs
14:38:42 INFO  Executed sudo&lt;tedge_connect_c8y_test&gt;, exit status 0
14:38:42 INFO  Executed systemctl&lt;serv_mosq2&gt;, exit status 0
14:38:43 INFO  Executed systemctl&lt;serv_mapper3&gt;, exit status 0
14:38:45 INFO  State of current operation: SUCCESSFUL
14:38:45 INFO  Assert that (False == value) with value=False ... passed
14:38:46 INFO  Assert that (False == value) with value=False ... passed
14:38:46 INFO  Assert that (False == value) with value=False ... passed
14:38:46 INFO  Assert that (False == value) with value=False ... passed
14:38:46 INFO  Assert that (False == value) with value=False ... passed
14:38:48 INFO  Response status: 201
14:38:48 INFO  Response to action: {
    &quot;delivery&quot;: {
        &quot;log&quot;: [],
        &quot;time&quot;: &quot;2022-06-22T14:38:48.035Z&quot;,
        &quot;status&quot;: &quot;PENDING&quot;
    },
    &quot;creationTime&quot;: &quot;2022-06-22T14:38:48.016Z&quot;,
    &quot;deviceName&quot;: &quot;m32sd10d&quot;,
    &quot;deviceId&quot;: &quot;20404325&quot;,
    &quot;self&quot;: &quot;https://t493319102.eu-latest.cumulocity.com/devicecontrol/operations/20413659&quot;,
    &quot;id&quot;: &quot;20413659&quot;,
    &quot;status&quot;: &quot;PENDING&quot;,
    &quot;description&quot;: &quot;Apply software changes, triggered from PySys: [{'action': 'install', 'id': '5475369', 'name': 'asciijump', 'url': ' ', 'version': '::apt'}, {'action': 'install', 'id': '5474869', 'name': 'robotfindskitten', 'url': ' ', 'version': ' '}, {'action': 'install', 'id': '5475279', 'name': 'squirrel3', 'url': ' ', 'version': '3.1-7::apt'}, {'action': 'install', 'id': '5152439', 'name': 'rolldice', 'url': ' ', 'version': '1.16-1+b1'}, {'action': 'install', 'id': '5439204', 'name': 'moon-buggy', 'url': ' ', 'version': '1:1.0.51-12'}, {'action': 'install', 'id': '5475369', 'name': 'asciijump', 'url': ' ', 'version': '::apt'}]&quot;,
    &quot;c8y_SoftwareUpdate&quot;: [
        {
            &quot;name&quot;: &quot;asciijump&quot;,
            &quot;action&quot;: &quot;install&quot;,
            &quot;id&quot;: &quot;5475369&quot;,
            &quot;version&quot;: &quot;::apt&quot;,
            &quot;url&quot;: &quot; &quot;
        },
        {
            &quot;name&quot;: &quot;robotfindskitten&quot;,
            &quot;action&quot;: &quot;install&quot;,
            &quot;id&quot;: &quot;5474869&quot;,
            &quot;version&quot;: &quot; &quot;,
            &quot;url&quot;: &quot; &quot;
        },
        {
            &quot;name&quot;: &quot;squirrel3&quot;,
            &quot;action&quot;: &quot;install&quot;,
            &quot;id&quot;: &quot;5475279&quot;,
            &quot;version&quot;: &quot;3.1-7::apt&quot;,
            &quot;url&quot;: &quot; &quot;
        },
        {
            &quot;name&quot;: &quot;rolldice&quot;,
            &quot;action&quot;: &quot;install&quot;,
            &quot;id&quot;: &quot;5152439&quot;,
            &quot;version&quot;: &quot;1.16-1+b1&quot;,
            &quot;url&quot;: &quot; &quot;
        },
        {
            &quot;name&quot;: &quot;moon-buggy&quot;,
            &quot;action&quot;: &quot;install&quot;,
            &quot;id&quot;: &quot;5439204&quot;,
            &quot;version&quot;: &quot;1:1.0.51-12&quot;,
            &quot;url&quot;: &quot; &quot;
        },
        {
            &quot;name&quot;: &quot;asciijump&quot;,
            &quot;action&quot;: &quot;install&quot;,
            &quot;id&quot;: &quot;5475369&quot;,
            &quot;version&quot;: &quot;::apt&quot;,
            &quot;url&quot;: &quot; &quot;
        }
    ]
}
14:38:48 INFO  Started operation: {'delivery': {'log': [], 'time': '2022-06-22T14:38:48.035Z', 'status': 'PENDING'}, 'creationTime': '2022-06-22T14:38:48.016Z', 'deviceName': 'm32sd10d', 'deviceId': '20404325', 'self': 'https://t493319102.eu-latest.cumulocity.com/devicecontrol/operations/20413659', 'id': '20413659', 'status': 'PENDING', 'description': &quot;Apply software changes, triggered from PySys: [{'action': 'install', 'id': '5475369', 'name': 'asciijump', 'url': ' ', 'version': '::apt'}, {'action': 'install', 'id': '5474869', 'name': 'robotfindskitten', 'url': ' ', 'version': ' '}, {'action': 'install', 'id': '5475279', 'name': 'squirrel3', 'url': ' ', 'version': '3.1-7::apt'}, {'action': 'install', 'id': '5152439', 'name': 'rolldice', 'url': ' ', 'version': '1.16-1+b1'}, {'action': 'install', 'id': '5439204', 'name': 'moon-buggy', 'url': ' ', 'version': '1:1.0.51-12'}, {'action': 'install', 'id': '5475369', 'name': 'asciijump', 'url': ' ', 'version': '::apt'}]&quot;, 'c8y_SoftwareUpdate': [{'name': 'asciijump', 'action': 'install', 'id': '5475369', 'version': '::apt', 'url': ' '}, {'name': 'robotfindskitten', 'action': 'install', 'id': '5474869', 'version': ' ', 'url': ' '}, {'name': 'squirrel3', 'action': 'install', 'id': '5475279', 'version': '3.1-7::apt', 'url': ' '}, {'name': 'rolldice', 'action': 'install', 'id': '5152439', 'version': '1.16-1+b1', 'url': ' '}, {'name': 'moon-buggy', 'action': 'install', 'id': '5439204', 'version': '1:1.0.51-12', 'url': ' '}, {'name': 'asciijump', 'action': 'install', 'id': '5475369', 'version': '::apt', 'url': ' '}]}
14:38:50 INFO  State of operation 20413659 : PENDING
14:38:52 INFO  State of operation 20413659 : EXECUTING
14:38:54 INFO  State of operation 20413659 : EXECUTING
14:38:56 INFO  State of operation 20413659 : EXECUTING
14:38:59 INFO  State of operation 20413659 : EXECUTING
14:39:01 INFO  State of operation 20413659 : EXECUTING
14:39:04 INFO  State of operation 20413659 : EXECUTING
14:39:07 INFO  State of operation 20413659 : EXECUTING
14:39:09 INFO  State of operation 20413659 : EXECUTING
14:39:11 INFO  State of operation 20413659 : EXECUTING
14:39:13 INFO  State of operation 20413659 : EXECUTING
14:39:16 INFO  State of operation 20413659 : EXECUTING
14:39:18 INFO  State of operation 20413659 : EXECUTING
14:39:20 INFO  State of operation 20413659 : EXECUTING
14:39:22 INFO  State of operation 20413659 : EXECUTING
14:39:25 INFO  State of operation 20413659 : EXECUTING
14:39:27 INFO  State of operation 20413659 : EXECUTING
14:39:30 INFO  State of operation 20413659 : EXECUTING
14:39:32 INFO  State of operation 20413659 : EXECUTING
14:39:34 INFO  State of operation 20413659 : EXECUTING
14:39:37 INFO  State of operation 20413659 : EXECUTING
14:39:39 INFO  State of operation 20413659 : EXECUTING
14:39:42 INFO  State of operation 20413659 : EXECUTING
14:39:44 INFO  State of operation 20413659 : EXECUTING
14:39:47 INFO  State of operation 20413659 : EXECUTING
14:39:50 INFO  State of operation 20413659 : EXECUTING
14:39:52 INFO  State of operation 20413659 : EXECUTING
14:39:54 INFO  State of operation 20413659 : EXECUTING
14:39:57 INFO  State of operation 20413659 : EXECUTING
14:40:00 INFO  State of operation 20413659 : EXECUTING
14:40:02 INFO  State of operation 20413659 : EXECUTING
14:40:04 INFO  State of operation 20413659 : EXECUTING
14:40:07 INFO  State of operation 20413659 : EXECUTING
14:40:09 INFO  State of operation 20413659 : EXECUTING
14:40:11 INFO  State of operation 20413659 : EXECUTING
14:40:13 INFO  State of operation 20413659 : EXECUTING
14:40:16 INFO  State of operation 20413659 : EXECUTING
14:40:19 INFO  State of operation 20413659 : EXECUTING
14:40:21 INFO  State of operation 20413659 : EXECUTING
14:40:24 INFO  State of operation 20413659 : EXECUTING
14:40:26 INFO  State of operation 20413659 : EXECUTING
14:40:28 INFO  State of operation 20413659 : EXECUTING
14:40:31 INFO  State of operation 20413659 : EXECUTING
14:40:33 INFO  State of operation 20413659 : EXECUTING
14:40:35 INFO  State of operation 20413659 : EXECUTING
14:40:37 INFO  State of operation 20413659 : EXECUTING
14:40:39 INFO  State of operation 20413659 : EXECUTING
14:40:42 INFO  State of operation 20413659 : EXECUTING
14:40:45 INFO  State of operation 20413659 : EXECUTING
14:40:47 INFO  State of operation 20413659 : EXECUTING
14:40:49 INFO  State of operation 20413659 : EXECUTING
14:40:51 INFO  State of operation 20413659 : EXECUTING
14:40:54 INFO  State of operation 20413659 : EXECUTING
14:40:56 INFO  State of operation 20413659 : EXECUTING
14:40:59 INFO  State of operation 20413659 : EXECUTING
14:41:01 INFO  State of operation 20413659 : EXECUTING
14:41:04 INFO  State of operation 20413659 : EXECUTING
14:41:06 INFO  State of operation 20413659 : EXECUTING
14:41:09 INFO  State of operation 20413659 : EXECUTING
14:41:11 INFO  State of operation 20413659 : EXECUTING
14:41:13 INFO  State of operation 20413659 : EXECUTING
14:41:15 WARN  SystemError occurred while running test - Timeout while waiting for status SUCCESSFUL or False
Traceback (most recent call last):
  File &quot;/home/pi/env-pysys/lib/python3.7/site-packages/pysys/baserunner.py&quot;, line 1294, in __call__
    self.testObj.execute()
  File &quot;/home/pi/actions-runner/_work/thin-edge.io/thin-edge.io/tests/PySys/software_management_end_to_end/sm_apt_install_remove_multiple_mixed/run.py&quot;, line 89, in execute
    self.wait_until_succcess()
  File &quot;/home/pi/actions-runner/_work/thin-edge.io/thin-edge.io/tests/PySys/software_management_end_to_end/environment_sm_management.py&quot;, line 324, in wait_until_succcess
    self.wait_until_status(&quot;SUCCESSFUL&quot;)
  File &quot;/home/pi/actions-runner/_work/thin-edge.io/thin-edge.io/tests/PySys/software_management_end_to_end/environment_sm_management.py&quot;, line 381, in wait_until_status
    &quot;Timeout while waiting for status %s or %s&quot; % (status, status2)
SystemError: Timeout while waiting for status SUCCESSFUL or False
14:41:15 WARN  SystemError: Timeout while waiting for status SUCCESSFUL or False ... blocked 
14:41:15 INFO  
14:41:15 INFO  cleanup:
14:41:20 INFO  Executed sudo&lt;tedge_disconnect_c8y&gt;, exit status 0
14:41:20 INFO  Executed systemctl&lt;serv_mapper5&gt;, exit status 3
14:41:20 INFO  
14:41:20 INFO  Test duration: 180.42 secs
14:41:20 INFO  Test final outcome:  BLOCKED
14:41:20 INFO  Test outcome reason: SystemError: Timeout while waiting for status SUCCESSFUL or False
14:41:20 INFO  
</system-out>
	</testcase>
</testsuite>
