<?xml version="1.0" encoding="utf-8"?>
<testsuite failures="1" name="SoftwareManagement.sm_apt_install_remove_multiple" skipped="0" tests="1" time="178.71" timestamp="2022-05-20T11:58:57">
	<testcase classname="PySysTest" name="SoftwareManagement.sm_apt_install_remove_multiple">
		<failure message="FAILED: Assert that (False == value) with value=True" type="FAILED"/>
		<system-out>11:55:58 INFO  ==============================================================
11:55:58 INFO  Id:    SoftwareManagement.sm_apt_install_remove_multiple
11:55:58 INFO  Dir:   software_management_end_to_end/
11:55:58 INFO  Title: Validate end to end behaviour for the apt plugin for multiple packages
11:55:58 INFO  ==============================================================
11:55:58 INFO  Using sw id database: {'asciijump': '5475369', 'robotfindskitten': '5474869', 'squirrel3': '5475279', 'rolldice': '5152439', 'moon-buggy': '5439204', 'apple': '5495053', 'banana': '5494888', 'cherry': '5495382', 'watermelon': '5494510', 'registry': '8018911', 'hello-world': '8021526', 'docker/getting-started': '8021973', 'alpine': '7991792'}
11:55:58 INFO  EnvironmentC8y Setup
11:55:59 INFO  Executed systemctl&lt;serv_mapper1&gt;, exit status 3
11:55:59 INFO  Restarting mosquitto too frequently in the last 10 seconds. It was only up for 4 seconds
11:55:59 INFO  Delaying execution by 7 seconds
11:56:19 INFO  Executed sudo&lt;tedge_connect_c8y&gt;, exit status 0, duration 13 secs
11:56:20 INFO  Executed sudo&lt;tedge_connect_c8y_test&gt;, exit status 0
11:56:21 INFO  Executed systemctl&lt;serv_mosq2&gt;, exit status 0
11:56:21 INFO  Executed systemctl&lt;serv_mapper3&gt;, exit status 0
11:56:23 INFO  State of current operation: SUCCESSFUL
11:56:23 INFO  Assert that (False == value) with value=False ... passed
11:56:24 INFO  Assert that (False == value) with value=False ... passed
11:56:24 INFO  Assert that (False == value) with value=False ... passed
11:56:24 INFO  Package robotfindskitten is installed
11:56:24 WARN  Assert that (False == value) with value=True ... failed 
11:56:24 INFO  Response status: 201
11:56:24 INFO  Response to action: {
    &quot;delivery&quot;: {
        &quot;log&quot;: [],
        &quot;time&quot;: &quot;2022-05-20T11:56:24.914Z&quot;,
        &quot;status&quot;: &quot;PENDING&quot;
    },
    &quot;creationTime&quot;: &quot;2022-05-20T11:56:24.859Z&quot;,
    &quot;deviceId&quot;: &quot;19397480&quot;,
    &quot;deviceName&quot;: &quot;m32sd10d&quot;,
    &quot;self&quot;: &quot;https://t493319102.eu-latest.cumulocity.com/devicecontrol/operations/19409295&quot;,
    &quot;id&quot;: &quot;19409295&quot;,
    &quot;status&quot;: &quot;PENDING&quot;,
    &quot;description&quot;: &quot;Apply software changes, triggered from PySys: [{'action': 'install', 'id': '5475369', 'name': 'asciijump', 'url': ' ', 'version': '::apt'}, {'action': 'install', 'id': '5474869', 'name': 'robotfindskitten', 'url': ' ', 'version': '::apt'}, {'action': 'install', 'id': '5475279', 'name': 'squirrel3', 'url': ' ', 'version': '::apt'}]&quot;,
    &quot;c8y_SoftwareUpdate&quot;: [
        {
            &quot;name&quot;: &quot;asciijump&quot;,
            &quot;action&quot;: &quot;install&quot;,
            &quot;id&quot;: &quot;5475369&quot;,
            &quot;version&quot;: &quot;::apt&quot;,
            &quot;url&quot;: &quot; &quot;
        },
        {
            &quot;name&quot;: &quot;robotfindskitten&quot;,
            &quot;action&quot;: &quot;install&quot;,
            &quot;id&quot;: &quot;5474869&quot;,
            &quot;version&quot;: &quot;::apt&quot;,
            &quot;url&quot;: &quot; &quot;
        },
        {
            &quot;name&quot;: &quot;squirrel3&quot;,
            &quot;action&quot;: &quot;install&quot;,
            &quot;id&quot;: &quot;5475279&quot;,
            &quot;version&quot;: &quot;::apt&quot;,
            &quot;url&quot;: &quot; &quot;
        }
    ]
}
11:56:24 INFO  Started operation: {'delivery': {'log': [], 'time': '2022-05-20T11:56:24.914Z', 'status': 'PENDING'}, 'creationTime': '2022-05-20T11:56:24.859Z', 'deviceId': '19397480', 'deviceName': 'm32sd10d', 'self': 'https://t493319102.eu-latest.cumulocity.com/devicecontrol/operations/19409295', 'id': '19409295', 'status': 'PENDING', 'description': &quot;Apply software changes, triggered from PySys: [{'action': 'install', 'id': '5475369', 'name': 'asciijump', 'url': ' ', 'version': '::apt'}, {'action': 'install', 'id': '5474869', 'name': 'robotfindskitten', 'url': ' ', 'version': '::apt'}, {'action': 'install', 'id': '5475279', 'name': 'squirrel3', 'url': ' ', 'version': '::apt'}]&quot;, 'c8y_SoftwareUpdate': [{'name': 'asciijump', 'action': 'install', 'id': '5475369', 'version': '::apt', 'url': ' '}, {'name': 'robotfindskitten', 'action': 'install', 'id': '5474869', 'version': '::apt', 'url': ' '}, {'name': 'squirrel3', 'action': 'install', 'id': '5475279', 'version': '::apt', 'url': ' '}]}
11:56:27 INFO  State of operation 19409295 : PENDING
11:56:29 INFO  State of operation 19409295 : EXECUTING
11:56:31 INFO  State of operation 19409295 : EXECUTING
11:56:33 INFO  State of operation 19409295 : EXECUTING
11:56:36 INFO  State of operation 19409295 : EXECUTING
11:56:38 INFO  State of operation 19409295 : EXECUTING
11:56:41 INFO  State of operation 19409295 : EXECUTING
11:56:44 INFO  State of operation 19409295 : EXECUTING
11:56:46 INFO  State of operation 19409295 : EXECUTING
11:56:48 INFO  State of operation 19409295 : EXECUTING
11:56:50 INFO  State of operation 19409295 : EXECUTING
11:56:53 INFO  State of operation 19409295 : EXECUTING
11:56:55 INFO  State of operation 19409295 : EXECUTING
11:56:57 INFO  State of operation 19409295 : EXECUTING
11:56:59 INFO  State of operation 19409295 : EXECUTING
11:57:02 INFO  State of operation 19409295 : EXECUTING
11:57:04 INFO  State of operation 19409295 : EXECUTING
11:57:07 INFO  State of operation 19409295 : EXECUTING
11:57:09 INFO  State of operation 19409295 : EXECUTING
11:57:11 INFO  State of operation 19409295 : EXECUTING
11:57:13 INFO  State of operation 19409295 : EXECUTING
11:57:16 INFO  State of operation 19409295 : EXECUTING
11:57:18 INFO  State of operation 19409295 : EXECUTING
11:57:22 INFO  State of operation 19409295 : EXECUTING
11:57:24 INFO  State of operation 19409295 : EXECUTING
11:57:27 INFO  State of operation 19409295 : EXECUTING
11:57:29 INFO  State of operation 19409295 : EXECUTING
11:57:31 INFO  State of operation 19409295 : EXECUTING
11:57:34 INFO  State of operation 19409295 : EXECUTING
11:57:36 INFO  State of operation 19409295 : EXECUTING
11:57:38 INFO  State of operation 19409295 : EXECUTING
11:57:40 INFO  State of operation 19409295 : EXECUTING
11:57:43 INFO  State of operation 19409295 : EXECUTING
11:57:45 INFO  State of operation 19409295 : SUCCESSFUL
11:57:45 INFO  Assert that (False == value) with value=False ... passed
11:57:45 INFO  Package asciijump is installed
11:57:45 INFO  Assert that (True == value) with value=True ... passed
11:57:46 INFO  Package squirrel3 is installed
11:57:46 INFO  Assert that (True == value) with value=True ... passed
11:57:46 INFO  Package robotfindskitten is installed
11:57:46 INFO  Assert that (True == value) with value=True ... passed
11:57:46 INFO  Response status: 201
11:57:46 INFO  Response to action: {
    &quot;delivery&quot;: {
        &quot;log&quot;: [],
        &quot;time&quot;: &quot;2022-05-20T11:57:46.574Z&quot;,
        &quot;status&quot;: &quot;PENDING&quot;
    },
    &quot;creationTime&quot;: &quot;2022-05-20T11:57:46.558Z&quot;,
    &quot;deviceId&quot;: &quot;19397480&quot;,
    &quot;deviceName&quot;: &quot;m32sd10d&quot;,
    &quot;self&quot;: &quot;https://t493319102.eu-latest.cumulocity.com/devicecontrol/operations/19409309&quot;,
    &quot;id&quot;: &quot;19409309&quot;,
    &quot;status&quot;: &quot;PENDING&quot;,
    &quot;description&quot;: &quot;Apply software changes, triggered from PySys: [{'action': 'delete', 'id': '5475369', 'name': 'asciijump', 'url': ' ', 'version': '::apt'}, {'action': 'delete', 'id': '5474869', 'name': 'robotfindskitten', 'url': ' ', 'version': '::apt'}, {'action': 'delete', 'id': '5475279', 'name': 'squirrel3', 'url': ' ', 'version': '::apt'}]&quot;,
    &quot;c8y_SoftwareUpdate&quot;: [
        {
            &quot;name&quot;: &quot;asciijump&quot;,
            &quot;action&quot;: &quot;delete&quot;,
            &quot;id&quot;: &quot;5475369&quot;,
            &quot;version&quot;: &quot;::apt&quot;,
            &quot;url&quot;: &quot; &quot;
        },
        {
            &quot;name&quot;: &quot;robotfindskitten&quot;,
            &quot;action&quot;: &quot;delete&quot;,
            &quot;id&quot;: &quot;5474869&quot;,
            &quot;version&quot;: &quot;::apt&quot;,
            &quot;url&quot;: &quot; &quot;
        },
        {
            &quot;name&quot;: &quot;squirrel3&quot;,
            &quot;action&quot;: &quot;delete&quot;,
            &quot;id&quot;: &quot;5475279&quot;,
            &quot;version&quot;: &quot;::apt&quot;,
            &quot;url&quot;: &quot; &quot;
        }
    ]
}
11:57:46 INFO  Started operation: {'delivery': {'log': [], 'time': '2022-05-20T11:57:46.574Z', 'status': 'PENDING'}, 'creationTime': '2022-05-20T11:57:46.558Z', 'deviceId': '19397480', 'deviceName': 'm32sd10d', 'self': 'https://t493319102.eu-latest.cumulocity.com/devicecontrol/operations/19409309', 'id': '19409309', 'status': 'PENDING', 'description': &quot;Apply software changes, triggered from PySys: [{'action': 'delete', 'id': '5475369', 'name': 'asciijump', 'url': ' ', 'version': '::apt'}, {'action': 'delete', 'id': '5474869', 'name': 'robotfindskitten', 'url': ' ', 'version': '::apt'}, {'action': 'delete', 'id': '5475279', 'name': 'squirrel3', 'url': ' ', 'version': '::apt'}]&quot;, 'c8y_SoftwareUpdate': [{'name': 'asciijump', 'action': 'delete', 'id': '5475369', 'version': '::apt', 'url': ' '}, {'name': 'robotfindskitten', 'action': 'delete', 'id': '5474869', 'version': '::apt', 'url': ' '}, {'name': 'squirrel3', 'action': 'delete', 'id': '5475279', 'version': '::apt', 'url': ' '}]}
11:57:48 INFO  State of operation 19409309 : PENDING
11:57:51 INFO  State of operation 19409309 : EXECUTING
11:57:53 INFO  State of operation 19409309 : EXECUTING
11:57:55 INFO  State of operation 19409309 : EXECUTING
11:57:57 INFO  State of operation 19409309 : EXECUTING
11:57:59 INFO  State of operation 19409309 : EXECUTING
11:58:02 INFO  State of operation 19409309 : EXECUTING
11:58:05 INFO  State of operation 19409309 : EXECUTING
11:58:07 INFO  State of operation 19409309 : EXECUTING
11:58:10 INFO  State of operation 19409309 : EXECUTING
11:58:12 INFO  State of operation 19409309 : EXECUTING
11:58:14 INFO  State of operation 19409309 : EXECUTING
11:58:16 INFO  State of operation 19409309 : EXECUTING
11:58:19 INFO  State of operation 19409309 : EXECUTING
11:58:21 INFO  State of operation 19409309 : EXECUTING
11:58:23 INFO  State of operation 19409309 : EXECUTING
11:58:25 INFO  State of operation 19409309 : EXECUTING
11:58:28 INFO  State of operation 19409309 : EXECUTING
11:58:30 INFO  State of operation 19409309 : EXECUTING
11:58:33 INFO  State of operation 19409309 : EXECUTING
11:58:35 INFO  State of operation 19409309 : EXECUTING
11:58:37 INFO  State of operation 19409309 : EXECUTING
11:58:39 INFO  State of operation 19409309 : EXECUTING
11:58:42 INFO  State of operation 19409309 : EXECUTING
11:58:44 INFO  State of operation 19409309 : EXECUTING
11:58:47 INFO  State of operation 19409309 : EXECUTING
11:58:49 INFO  State of operation 19409309 : EXECUTING
11:58:51 INFO  State of operation 19409309 : SUCCESSFUL
11:58:51 INFO  Assert that (False == value) with value=False ... passed
11:58:52 INFO  Assert that (False == value) with value=False ... passed
11:58:52 INFO  Assert that (False == value) with value=False ... passed
11:58:52 INFO  Assert that (False == value) with value=False ... passed
11:58:52 INFO  
11:58:52 INFO  cleanup:
11:58:56 INFO  Executed sudo&lt;tedge_disconnect_c8y&gt;, exit status 0
11:58:57 INFO  Executed systemctl&lt;serv_mapper5&gt;, exit status 3
11:58:57 INFO  
11:58:57 INFO  Test duration: 178.71 secs
11:58:57 INFO  Test final outcome:  FAILED
11:58:57 INFO  Test outcome reason: Assert that (False == value) with value=True
11:58:57 INFO  
</system-out>
	</testcase>
</testsuite>
