<?xml version="1.0" encoding="utf-8"?>
<testsuite failures="1" name="SoftwareManagement.sm_apt_install_remove_multiple" skipped="0" tests="1" time="179.09" timestamp="2022-07-21T23:29:30">
	<testcase classname="PySysTest" name="SoftwareManagement.sm_apt_install_remove_multiple">
		<failure message="FAILED: Assert that (False == value) with value=True" type="FAILED"/>
		<system-out>23:26:31 INFO  ==============================================================
23:26:31 INFO  Id:    SoftwareManagement.sm_apt_install_remove_multiple
23:26:31 INFO  Dir:   software_management_end_to_end/
23:26:31 INFO  Title: Validate end to end behaviour for the apt plugin for multiple packages
23:26:31 INFO  ==============================================================
23:26:31 INFO  Using sw id database: {'asciijump': '5475369', 'robotfindskitten': '5474869', 'squirrel3': '5475279', 'rolldice': '5152439', 'moon-buggy': '5439204', 'apple': '5495053', 'banana': '5494888', 'cherry': '5495382', 'watermelon': '5494510', 'registry': '8018911', 'hello-world': '8021526', 'docker/getting-started': '8021973', 'alpine': '7991792'}
23:26:31 INFO  EnvironmentC8y Setup
23:26:31 INFO  Executed systemctl&lt;serv_mapper1&gt;, exit status 3
23:26:31 INFO  Restarting mosquitto too frequently in the last 10 seconds. It was only up for 5 seconds
23:26:31 INFO  Delaying execution by 6 seconds
23:26:52 INFO  Executed sudo&lt;tedge_connect_c8y&gt;, exit status 0, duration 14 secs
23:26:52 INFO  Executed sudo&lt;tedge_connect_c8y_test&gt;, exit status 0
23:26:53 INFO  Executed systemctl&lt;serv_mosq2&gt;, exit status 0
23:26:53 INFO  Executed systemctl&lt;serv_mapper3&gt;, exit status 0
23:26:55 INFO  State of current operation: SUCCESSFUL
23:26:56 INFO  Assert that (False == value) with value=False ... passed
23:26:56 INFO  Assert that (False == value) with value=False ... passed
23:26:56 INFO  Assert that (False == value) with value=False ... passed
23:26:56 INFO  Package robotfindskitten is installed
23:26:56 WARN  Assert that (False == value) with value=True ... failed 
23:26:57 INFO  Response status: 201
23:26:57 INFO  Response to action: {
    &quot;delivery&quot;: {
        &quot;log&quot;: [],
        &quot;time&quot;: &quot;2022-07-21T23:26:57.105Z&quot;,
        &quot;status&quot;: &quot;PENDING&quot;
    },
    &quot;creationTime&quot;: &quot;2022-07-21T23:26:57.091Z&quot;,
    &quot;deviceId&quot;: &quot;21166555&quot;,
    &quot;deviceName&quot;: &quot;m32sd10d&quot;,
    &quot;self&quot;: &quot;https://t493319102.eu-latest.cumulocity.com/devicecontrol/operations/21210591&quot;,
    &quot;id&quot;: &quot;21210591&quot;,
    &quot;status&quot;: &quot;PENDING&quot;,
    &quot;description&quot;: &quot;Apply software changes, triggered from PySys: [{'action': 'install', 'id': '5475369', 'name': 'asciijump', 'url': ' ', 'version': '::apt'}, {'action': 'install', 'id': '5474869', 'name': 'robotfindskitten', 'url': ' ', 'version': '::apt'}, {'action': 'install', 'id': '5475279', 'name': 'squirrel3', 'url': ' ', 'version': '::apt'}]&quot;,
    &quot;c8y_SoftwareUpdate&quot;: [
        {
            &quot;name&quot;: &quot;asciijump&quot;,
            &quot;action&quot;: &quot;install&quot;,
            &quot;id&quot;: &quot;5475369&quot;,
            &quot;version&quot;: &quot;::apt&quot;,
            &quot;url&quot;: &quot; &quot;
        },
        {
            &quot;name&quot;: &quot;robotfindskitten&quot;,
            &quot;action&quot;: &quot;install&quot;,
            &quot;id&quot;: &quot;5474869&quot;,
            &quot;version&quot;: &quot;::apt&quot;,
            &quot;url&quot;: &quot; &quot;
        },
        {
            &quot;name&quot;: &quot;squirrel3&quot;,
            &quot;action&quot;: &quot;install&quot;,
            &quot;id&quot;: &quot;5475279&quot;,
            &quot;version&quot;: &quot;::apt&quot;,
            &quot;url&quot;: &quot; &quot;
        }
    ]
}
23:26:57 INFO  Started operation: {'delivery': {'log': [], 'time': '2022-07-21T23:26:57.105Z', 'status': 'PENDING'}, 'creationTime': '2022-07-21T23:26:57.091Z', 'deviceId': '21166555', 'deviceName': 'm32sd10d', 'self': 'https://t493319102.eu-latest.cumulocity.com/devicecontrol/operations/21210591', 'id': '21210591', 'status': 'PENDING', 'description': &quot;Apply software changes, triggered from PySys: [{'action': 'install', 'id': '5475369', 'name': 'asciijump', 'url': ' ', 'version': '::apt'}, {'action': 'install', 'id': '5474869', 'name': 'robotfindskitten', 'url': ' ', 'version': '::apt'}, {'action': 'install', 'id': '5475279', 'name': 'squirrel3', 'url': ' ', 'version': '::apt'}]&quot;, 'c8y_SoftwareUpdate': [{'name': 'asciijump', 'action': 'install', 'id': '5475369', 'version': '::apt', 'url': ' '}, {'name': 'robotfindskitten', 'action': 'install', 'id': '5474869', 'version': '::apt', 'url': ' '}, {'name': 'squirrel3', 'action': 'install', 'id': '5475279', 'version': '::apt', 'url': ' '}]}
23:26:59 INFO  State of operation 21210591 : PENDING
23:27:01 INFO  State of operation 21210591 : EXECUTING
23:27:03 INFO  State of operation 21210591 : EXECUTING
23:27:06 INFO  State of operation 21210591 : EXECUTING
23:27:08 INFO  State of operation 21210591 : EXECUTING
23:27:10 INFO  State of operation 21210591 : EXECUTING
23:27:13 INFO  State of operation 21210591 : EXECUTING
23:27:16 INFO  State of operation 21210591 : EXECUTING
23:27:18 INFO  State of operation 21210591 : EXECUTING
23:27:20 INFO  State of operation 21210591 : EXECUTING
23:27:22 INFO  State of operation 21210591 : EXECUTING
23:27:25 INFO  State of operation 21210591 : EXECUTING
23:27:27 INFO  State of operation 21210591 : EXECUTING
23:27:29 INFO  State of operation 21210591 : EXECUTING
23:27:31 INFO  State of operation 21210591 : EXECUTING
23:27:34 INFO  State of operation 21210591 : EXECUTING
23:27:36 INFO  State of operation 21210591 : EXECUTING
23:27:39 INFO  State of operation 21210591 : EXECUTING
23:27:41 INFO  State of operation 21210591 : EXECUTING
23:27:43 INFO  State of operation 21210591 : EXECUTING
23:27:46 INFO  State of operation 21210591 : EXECUTING
23:27:48 INFO  State of operation 21210591 : EXECUTING
23:27:50 INFO  State of operation 21210591 : EXECUTING
23:27:54 INFO  State of operation 21210591 : EXECUTING
23:27:56 INFO  State of operation 21210591 : EXECUTING
23:27:59 INFO  State of operation 21210591 : EXECUTING
23:28:01 INFO  State of operation 21210591 : EXECUTING
23:28:03 INFO  State of operation 21210591 : EXECUTING
23:28:06 INFO  State of operation 21210591 : EXECUTING
23:28:08 INFO  State of operation 21210591 : EXECUTING
23:28:10 INFO  State of operation 21210591 : EXECUTING
23:28:13 INFO  State of operation 21210591 : EXECUTING
23:28:15 INFO  State of operation 21210591 : EXECUTING
23:28:17 INFO  State of operation 21210591 : SUCCESSFUL
23:28:17 INFO  Assert that (False == value) with value=False ... passed
23:28:17 INFO  Package asciijump is installed
23:28:17 INFO  Assert that (True == value) with value=True ... passed
23:28:18 INFO  Package squirrel3 is installed
23:28:18 INFO  Assert that (True == value) with value=True ... passed
23:28:18 INFO  Package robotfindskitten is installed
23:28:18 INFO  Assert that (True == value) with value=True ... passed
23:28:18 INFO  Response status: 201
23:28:18 INFO  Response to action: {
    &quot;delivery&quot;: {
        &quot;log&quot;: [],
        &quot;time&quot;: &quot;2022-07-21T23:28:18.614Z&quot;,
        &quot;status&quot;: &quot;PENDING&quot;
    },
    &quot;creationTime&quot;: &quot;2022-07-21T23:28:18.598Z&quot;,
    &quot;deviceId&quot;: &quot;21166555&quot;,
    &quot;deviceName&quot;: &quot;m32sd10d&quot;,
    &quot;self&quot;: &quot;https://t493319102.eu-latest.cumulocity.com/devicecontrol/operations/21210597&quot;,
    &quot;id&quot;: &quot;21210597&quot;,
    &quot;status&quot;: &quot;PENDING&quot;,
    &quot;description&quot;: &quot;Apply software changes, triggered from PySys: [{'action': 'delete', 'id': '5475369', 'name': 'asciijump', 'url': ' ', 'version': '::apt'}, {'action': 'delete', 'id': '5474869', 'name': 'robotfindskitten', 'url': ' ', 'version': '::apt'}, {'action': 'delete', 'id': '5475279', 'name': 'squirrel3', 'url': ' ', 'version': '::apt'}]&quot;,
    &quot;c8y_SoftwareUpdate&quot;: [
        {
            &quot;name&quot;: &quot;asciijump&quot;,
            &quot;action&quot;: &quot;delete&quot;,
            &quot;id&quot;: &quot;5475369&quot;,
            &quot;version&quot;: &quot;::apt&quot;,
            &quot;url&quot;: &quot; &quot;
        },
        {
            &quot;name&quot;: &quot;robotfindskitten&quot;,
            &quot;action&quot;: &quot;delete&quot;,
            &quot;id&quot;: &quot;5474869&quot;,
            &quot;version&quot;: &quot;::apt&quot;,
            &quot;url&quot;: &quot; &quot;
        },
        {
            &quot;name&quot;: &quot;squirrel3&quot;,
            &quot;action&quot;: &quot;delete&quot;,
            &quot;id&quot;: &quot;5475279&quot;,
            &quot;version&quot;: &quot;::apt&quot;,
            &quot;url&quot;: &quot; &quot;
        }
    ]
}
23:28:18 INFO  Started operation: {'delivery': {'log': [], 'time': '2022-07-21T23:28:18.614Z', 'status': 'PENDING'}, 'creationTime': '2022-07-21T23:28:18.598Z', 'deviceId': '21166555', 'deviceName': 'm32sd10d', 'self': 'https://t493319102.eu-latest.cumulocity.com/devicecontrol/operations/21210597', 'id': '21210597', 'status': 'PENDING', 'description': &quot;Apply software changes, triggered from PySys: [{'action': 'delete', 'id': '5475369', 'name': 'asciijump', 'url': ' ', 'version': '::apt'}, {'action': 'delete', 'id': '5474869', 'name': 'robotfindskitten', 'url': ' ', 'version': '::apt'}, {'action': 'delete', 'id': '5475279', 'name': 'squirrel3', 'url': ' ', 'version': '::apt'}]&quot;, 'c8y_SoftwareUpdate': [{'name': 'asciijump', 'action': 'delete', 'id': '5475369', 'version': '::apt', 'url': ' '}, {'name': 'robotfindskitten', 'action': 'delete', 'id': '5474869', 'version': '::apt', 'url': ' '}, {'name': 'squirrel3', 'action': 'delete', 'id': '5475279', 'version': '::apt', 'url': ' '}]}
23:28:20 INFO  State of operation 21210597 : PENDING
23:28:23 INFO  State of operation 21210597 : EXECUTING
23:28:25 INFO  State of operation 21210597 : EXECUTING
23:28:27 INFO  State of operation 21210597 : EXECUTING
23:28:29 INFO  State of operation 21210597 : EXECUTING
23:28:31 INFO  State of operation 21210597 : EXECUTING
23:28:34 INFO  State of operation 21210597 : EXECUTING
23:28:37 INFO  State of operation 21210597 : EXECUTING
23:28:39 INFO  State of operation 21210597 : EXECUTING
23:28:42 INFO  State of operation 21210597 : EXECUTING
23:28:44 INFO  State of operation 21210597 : EXECUTING
23:28:46 INFO  State of operation 21210597 : EXECUTING
23:28:48 INFO  State of operation 21210597 : EXECUTING
23:28:51 INFO  State of operation 21210597 : EXECUTING
23:28:53 INFO  State of operation 21210597 : EXECUTING
23:28:56 INFO  State of operation 21210597 : EXECUTING
23:28:58 INFO  State of operation 21210597 : EXECUTING
23:29:01 INFO  State of operation 21210597 : EXECUTING
23:29:03 INFO  State of operation 21210597 : EXECUTING
23:29:06 INFO  State of operation 21210597 : EXECUTING
23:29:08 INFO  State of operation 21210597 : EXECUTING
23:29:10 INFO  State of operation 21210597 : EXECUTING
23:29:12 INFO  State of operation 21210597 : EXECUTING
23:29:15 INFO  State of operation 21210597 : EXECUTING
23:29:17 INFO  State of operation 21210597 : EXECUTING
23:29:20 INFO  State of operation 21210597 : EXECUTING
23:29:22 INFO  State of operation 21210597 : EXECUTING
23:29:24 INFO  State of operation 21210597 : SUCCESSFUL
23:29:24 INFO  Assert that (False == value) with value=False ... passed
23:29:25 INFO  Assert that (False == value) with value=False ... passed
23:29:25 INFO  Assert that (False == value) with value=False ... passed
23:29:25 INFO  Assert that (False == value) with value=False ... passed
23:29:25 INFO  
23:29:25 INFO  cleanup:
23:29:29 INFO  Executed sudo&lt;tedge_disconnect_c8y&gt;, exit status 0
23:29:30 INFO  Executed systemctl&lt;serv_mapper5&gt;, exit status 3
23:29:30 INFO  
23:29:30 INFO  Test duration: 179.09 secs
23:29:30 INFO  Test final outcome:  FAILED
23:29:30 INFO  Test outcome reason: Assert that (False == value) with value=True
23:29:30 INFO  
</system-out>
	</testcase>
</testsuite>
