<?xml version="1.0" encoding="utf-8"?>
<testsuite failures="0" name="apt_update_list" skipped="0" tests="1" time="164.12" timestamp="2022-06-20T15:32:12">
	<testcase classname="AptPluginUpdateList" name="apt_update_list"/>
</testsuite>
