<?xml version="1.0" encoding="utf-8"?>
<testsuite failures="0" name="apt_finalize" skipped="0" tests="1" time="99.92" timestamp="2022-06-02T08:51:32">
	<testcase classname="AptPluginFinalize" name="apt_finalize"/>
</testsuite>
