<?xml version="1.0" encoding="utf-8"?>
<testsuite failures="1" name="SoftwareManagement.sm_apt_install_remove_default" skipped="0" tests="1" time="166.22" timestamp="2022-05-25T11:36:14">
	<testcase classname="PySysTest" name="SoftwareManagement.sm_apt_install_remove_default">
		<failure message="BLOCKED: SystemError: Timeout while waiting for status FAILED or SUCCESSFUL" type="BLOCKED"/>
		<system-out>11:33:27 INFO  ==============================================================
11:33:27 INFO  Id:    SoftwareManagement.sm_apt_install_remove_default
11:33:27 INFO  Dir:   software_management_end_to_end/
11:33:27 INFO  Title: Validate end to end behaviour for the default plugin for installation and removal of packages
11:33:27 INFO  ==============================================================
11:33:27 INFO  Using sw id database: {'asciijump': '5475369', 'robotfindskitten': '5474869', 'squirrel3': '5475279', 'rolldice': '5152439', 'moon-buggy': '5439204', 'apple': '5495053', 'banana': '5494888', 'cherry': '5495382', 'watermelon': '5494510', 'registry': '8018911', 'hello-world': '8021526', 'docker/getting-started': '8021973', 'alpine': '7991792'}
11:33:27 INFO  EnvironmentC8y Setup
11:33:28 INFO  Executed systemctl&lt;serv_mapper1&gt;, exit status 3
11:33:28 INFO  Restarting mosquitto too frequently in the last 10 seconds. It was only up for 5 seconds
11:33:28 INFO  Delaying execution by 6 seconds
11:33:48 INFO  Executed sudo&lt;tedge_connect_c8y&gt;, exit status 0, duration 13 secs
11:33:49 INFO  Executed sudo&lt;tedge_connect_c8y_test&gt;, exit status 0
11:33:49 INFO  Executed systemctl&lt;serv_mosq2&gt;, exit status 0
11:33:50 INFO  Executed systemctl&lt;serv_mapper3&gt;, exit status 0
11:33:52 INFO  State of current operation: PENDING
11:33:54 INFO  State of current operation: PENDING
11:33:56 INFO  State of current operation: PENDING
11:33:59 INFO  State of current operation: PENDING
11:34:01 INFO  State of current operation: PENDING
11:34:03 INFO  State of current operation: PENDING
11:34:06 INFO  State of current operation: PENDING
11:34:08 INFO  State of current operation: PENDING
11:34:10 INFO  State of current operation: PENDING
11:34:12 INFO  State of current operation: PENDING
11:34:15 INFO  State of current operation: PENDING
11:34:17 INFO  State of current operation: PENDING
11:34:19 INFO  State of current operation: PENDING
11:34:21 INFO  State of current operation: PENDING
11:34:24 INFO  State of current operation: PENDING
11:34:26 INFO  State of current operation: PENDING
11:34:28 INFO  State of current operation: PENDING
11:34:30 INFO  State of current operation: PENDING
11:34:32 INFO  State of current operation: PENDING
11:34:35 INFO  State of current operation: PENDING
11:34:37 INFO  State of current operation: PENDING
11:34:39 INFO  State of current operation: PENDING
11:34:41 INFO  State of current operation: PENDING
11:34:44 INFO  State of current operation: PENDING
11:34:46 INFO  State of current operation: PENDING
11:34:48 INFO  State of current operation: PENDING
11:34:50 INFO  State of current operation: PENDING
11:34:52 INFO  State of current operation: PENDING
11:34:55 INFO  State of current operation: PENDING
11:34:57 INFO  State of current operation: PENDING
11:34:59 INFO  State of current operation: PENDING
11:35:01 INFO  State of current operation: PENDING
11:35:04 INFO  State of current operation: PENDING
11:35:06 INFO  State of current operation: PENDING
11:35:08 INFO  State of current operation: PENDING
11:35:11 INFO  State of current operation: PENDING
11:35:13 INFO  State of current operation: PENDING
11:35:15 INFO  State of current operation: PENDING
11:35:17 INFO  State of current operation: PENDING
11:35:20 INFO  State of current operation: PENDING
11:35:22 INFO  State of current operation: PENDING
11:35:24 INFO  State of current operation: PENDING
11:35:26 INFO  State of current operation: PENDING
11:35:29 INFO  State of current operation: PENDING
11:35:31 INFO  State of current operation: PENDING
11:35:33 INFO  State of current operation: PENDING
11:35:36 INFO  State of current operation: PENDING
11:35:38 INFO  State of current operation: PENDING
11:35:40 INFO  State of current operation: PENDING
11:35:42 INFO  State of current operation: PENDING
11:35:45 INFO  State of current operation: PENDING
11:35:47 INFO  State of current operation: PENDING
11:35:49 INFO  State of current operation: PENDING
11:35:51 INFO  State of current operation: PENDING
11:35:54 INFO  State of current operation: PENDING
11:35:56 INFO  State of current operation: PENDING
11:35:58 INFO  State of current operation: PENDING
11:36:00 INFO  State of current operation: PENDING
11:36:02 INFO  State of current operation: PENDING
11:36:05 INFO  State of current operation: PENDING
11:36:07 INFO  State of current operation: PENDING
11:36:09 WARN  SystemError occurred while running test - Timeout while waiting for status FAILED or SUCCESSFUL
Traceback (most recent call last):
  File &quot;/home/pi/env-pysys/lib/python3.7/site-packages/pysys/baserunner.py&quot;, line 1292, in __call__
    self.testObj.setup()
  File &quot;/home/pi/actions-runner/_work/thin-edge.io/thin-edge.io/tests/PySys/software_management_end_to_end/sm_apt_install_remove_default/run.py&quot;, line 26, in setup
    super().setup()
  File &quot;/home/pi/actions-runner/_work/thin-edge.io/thin-edge.io/tests/PySys/software_management_end_to_end/environment_sm_management.py&quot;, line 151, in setup
    self.wait_until_end()
  File &quot;/home/pi/actions-runner/_work/thin-edge.io/thin-edge.io/tests/PySys/software_management_end_to_end/environment_sm_management.py&quot;, line 332, in wait_until_end
    self.wait_until_status(&quot;FAILED&quot;, &quot;SUCCESSFUL&quot;)
  File &quot;/home/pi/actions-runner/_work/thin-edge.io/thin-edge.io/tests/PySys/software_management_end_to_end/environment_sm_management.py&quot;, line 381, in wait_until_status
    &quot;Timeout while waiting for status %s or %s&quot; % (status, status2)
SystemError: Timeout while waiting for status FAILED or SUCCESSFUL
11:36:09 WARN  SystemError: Timeout while waiting for status FAILED or SUCCESSFUL ... blocked 
11:36:09 INFO  
11:36:09 INFO  cleanup:
11:36:13 INFO  Executed sudo&lt;tedge_disconnect_c8y&gt;, exit status 0
11:36:14 INFO  Executed systemctl&lt;serv_mapper5&gt;, exit status 3
11:36:14 INFO  
11:36:14 INFO  Test duration: 166.22 secs
11:36:14 INFO  Test final outcome:  BLOCKED
11:36:14 INFO  Test outcome reason: SystemError: Timeout while waiting for status FAILED or SUCCESSFUL
11:36:14 INFO  
</system-out>
	</testcase>
</testsuite>
