<?xml version="1.0" encoding="utf-8"?>
<testsuite failures="1" name="SoftwareManagement.sm_apt_install_remove_multiple" skipped="0" tests="1" time="179.3" timestamp="2022-07-21T14:04:50">
	<testcase classname="PySysTest" name="SoftwareManagement.sm_apt_install_remove_multiple">
		<failure message="FAILED: Assert that (False == value) with value=True" type="FAILED"/>
		<system-out>14:01:51 INFO  ==============================================================
14:01:51 INFO  Id:    SoftwareManagement.sm_apt_install_remove_multiple
14:01:51 INFO  Dir:   software_management_end_to_end/
14:01:51 INFO  Title: Validate end to end behaviour for the apt plugin for multiple packages
14:01:51 INFO  ==============================================================
14:01:51 INFO  Using sw id database: {'asciijump': '5475369', 'robotfindskitten': '5474869', 'squirrel3': '5475279', 'rolldice': '5152439', 'moon-buggy': '5439204', 'apple': '5495053', 'banana': '5494888', 'cherry': '5495382', 'watermelon': '5494510', 'registry': '8018911', 'hello-world': '8021526', 'docker/getting-started': '8021973', 'alpine': '7991792'}
14:01:51 INFO  EnvironmentC8y Setup
14:01:51 INFO  Executed systemctl&lt;serv_mapper1&gt;, exit status 3
14:01:51 INFO  Restarting mosquitto too frequently in the last 10 seconds. It was only up for 4 seconds
14:01:51 INFO  Delaying execution by 7 seconds
14:02:12 INFO  Executed sudo&lt;tedge_connect_c8y&gt;, exit status 0, duration 13 secs
14:02:13 INFO  Executed sudo&lt;tedge_connect_c8y_test&gt;, exit status 0
14:02:13 INFO  Executed systemctl&lt;serv_mosq2&gt;, exit status 0
14:02:14 INFO  Executed systemctl&lt;serv_mapper3&gt;, exit status 0
14:02:16 INFO  State of current operation: SUCCESSFUL
14:02:16 INFO  Assert that (False == value) with value=False ... passed
14:02:16 INFO  Assert that (False == value) with value=False ... passed
14:02:17 INFO  Assert that (False == value) with value=False ... passed
14:02:17 INFO  Package robotfindskitten is installed
14:02:17 WARN  Assert that (False == value) with value=True ... failed 
14:02:17 INFO  Response status: 201
14:02:17 INFO  Response to action: {
    &quot;creationTime&quot;: &quot;2022-07-21T14:02:17.516Z&quot;,
    &quot;deviceId&quot;: &quot;21121273&quot;,
    &quot;deviceName&quot;: &quot;m32sd10d&quot;,
    &quot;self&quot;: &quot;https://t493319102.eu-latest.cumulocity.com/devicecontrol/operations/21139832&quot;,
    &quot;id&quot;: &quot;21139832&quot;,
    &quot;status&quot;: &quot;PENDING&quot;,
    &quot;description&quot;: &quot;Apply software changes, triggered from PySys: [{'action': 'install', 'id': '5475369', 'name': 'asciijump', 'url': ' ', 'version': '::apt'}, {'action': 'install', 'id': '5474869', 'name': 'robotfindskitten', 'url': ' ', 'version': '::apt'}, {'action': 'install', 'id': '5475279', 'name': 'squirrel3', 'url': ' ', 'version': '::apt'}]&quot;,
    &quot;c8y_SoftwareUpdate&quot;: [
        {
            &quot;name&quot;: &quot;asciijump&quot;,
            &quot;action&quot;: &quot;install&quot;,
            &quot;id&quot;: &quot;5475369&quot;,
            &quot;version&quot;: &quot;::apt&quot;,
            &quot;url&quot;: &quot; &quot;
        },
        {
            &quot;name&quot;: &quot;robotfindskitten&quot;,
            &quot;action&quot;: &quot;install&quot;,
            &quot;id&quot;: &quot;5474869&quot;,
            &quot;version&quot;: &quot;::apt&quot;,
            &quot;url&quot;: &quot; &quot;
        },
        {
            &quot;name&quot;: &quot;squirrel3&quot;,
            &quot;action&quot;: &quot;install&quot;,
            &quot;id&quot;: &quot;5475279&quot;,
            &quot;version&quot;: &quot;::apt&quot;,
            &quot;url&quot;: &quot; &quot;
        }
    ]
}
14:02:17 INFO  Started operation: {'creationTime': '2022-07-21T14:02:17.516Z', 'deviceId': '21121273', 'deviceName': 'm32sd10d', 'self': 'https://t493319102.eu-latest.cumulocity.com/devicecontrol/operations/21139832', 'id': '21139832', 'status': 'PENDING', 'description': &quot;Apply software changes, triggered from PySys: [{'action': 'install', 'id': '5475369', 'name': 'asciijump', 'url': ' ', 'version': '::apt'}, {'action': 'install', 'id': '5474869', 'name': 'robotfindskitten', 'url': ' ', 'version': '::apt'}, {'action': 'install', 'id': '5475279', 'name': 'squirrel3', 'url': ' ', 'version': '::apt'}]&quot;, 'c8y_SoftwareUpdate': [{'name': 'asciijump', 'action': 'install', 'id': '5475369', 'version': '::apt', 'url': ' '}, {'name': 'robotfindskitten', 'action': 'install', 'id': '5474869', 'version': '::apt', 'url': ' '}, {'name': 'squirrel3', 'action': 'install', 'id': '5475279', 'version': '::apt', 'url': ' '}]}
14:02:19 INFO  State of operation 21139832 : PENDING
14:02:22 INFO  State of operation 21139832 : EXECUTING
14:02:24 INFO  State of operation 21139832 : EXECUTING
14:02:26 INFO  State of operation 21139832 : EXECUTING
14:02:28 INFO  State of operation 21139832 : EXECUTING
14:02:30 INFO  State of operation 21139832 : EXECUTING
14:02:33 INFO  State of operation 21139832 : EXECUTING
14:02:36 INFO  State of operation 21139832 : EXECUTING
14:02:39 INFO  State of operation 21139832 : EXECUTING
14:02:41 INFO  State of operation 21139832 : EXECUTING
14:02:43 INFO  State of operation 21139832 : EXECUTING
14:02:45 INFO  State of operation 21139832 : EXECUTING
14:02:48 INFO  State of operation 21139832 : EXECUTING
14:02:50 INFO  State of operation 21139832 : EXECUTING
14:02:52 INFO  State of operation 21139832 : EXECUTING
14:02:54 INFO  State of operation 21139832 : EXECUTING
14:02:57 INFO  State of operation 21139832 : EXECUTING
14:02:59 INFO  State of operation 21139832 : EXECUTING
14:03:02 INFO  State of operation 21139832 : EXECUTING
14:03:04 INFO  State of operation 21139832 : EXECUTING
14:03:06 INFO  State of operation 21139832 : EXECUTING
14:03:09 INFO  State of operation 21139832 : EXECUTING
14:03:11 INFO  State of operation 21139832 : EXECUTING
14:03:14 INFO  State of operation 21139832 : EXECUTING
14:03:16 INFO  State of operation 21139832 : EXECUTING
14:03:19 INFO  State of operation 21139832 : EXECUTING
14:03:22 INFO  State of operation 21139832 : EXECUTING
14:03:24 INFO  State of operation 21139832 : EXECUTING
14:03:26 INFO  State of operation 21139832 : EXECUTING
14:03:29 INFO  State of operation 21139832 : EXECUTING
14:03:31 INFO  State of operation 21139832 : EXECUTING
14:03:33 INFO  State of operation 21139832 : EXECUTING
14:03:35 INFO  State of operation 21139832 : EXECUTING
14:03:37 INFO  State of operation 21139832 : SUCCESSFUL
14:03:38 INFO  Assert that (False == value) with value=False ... passed
14:03:38 INFO  Package asciijump is installed
14:03:38 INFO  Assert that (True == value) with value=True ... passed
14:03:38 INFO  Package squirrel3 is installed
14:03:38 INFO  Assert that (True == value) with value=True ... passed
14:03:38 INFO  Package robotfindskitten is installed
14:03:38 INFO  Assert that (True == value) with value=True ... passed
14:03:39 INFO  Response status: 201
14:03:39 INFO  Response to action: {
    &quot;creationTime&quot;: &quot;2022-07-21T14:03:39.017Z&quot;,
    &quot;deviceId&quot;: &quot;21121273&quot;,
    &quot;deviceName&quot;: &quot;m32sd10d&quot;,
    &quot;self&quot;: &quot;https://t493319102.eu-latest.cumulocity.com/devicecontrol/operations/21139838&quot;,
    &quot;id&quot;: &quot;21139838&quot;,
    &quot;status&quot;: &quot;PENDING&quot;,
    &quot;description&quot;: &quot;Apply software changes, triggered from PySys: [{'action': 'delete', 'id': '5475369', 'name': 'asciijump', 'url': ' ', 'version': '::apt'}, {'action': 'delete', 'id': '5474869', 'name': 'robotfindskitten', 'url': ' ', 'version': '::apt'}, {'action': 'delete', 'id': '5475279', 'name': 'squirrel3', 'url': ' ', 'version': '::apt'}]&quot;,
    &quot;c8y_SoftwareUpdate&quot;: [
        {
            &quot;name&quot;: &quot;asciijump&quot;,
            &quot;action&quot;: &quot;delete&quot;,
            &quot;id&quot;: &quot;5475369&quot;,
            &quot;version&quot;: &quot;::apt&quot;,
            &quot;url&quot;: &quot; &quot;
        },
        {
            &quot;name&quot;: &quot;robotfindskitten&quot;,
            &quot;action&quot;: &quot;delete&quot;,
            &quot;id&quot;: &quot;5474869&quot;,
            &quot;version&quot;: &quot;::apt&quot;,
            &quot;url&quot;: &quot; &quot;
        },
        {
            &quot;name&quot;: &quot;squirrel3&quot;,
            &quot;action&quot;: &quot;delete&quot;,
            &quot;id&quot;: &quot;5475279&quot;,
            &quot;version&quot;: &quot;::apt&quot;,
            &quot;url&quot;: &quot; &quot;
        }
    ]
}
14:03:39 INFO  Started operation: {'creationTime': '2022-07-21T14:03:39.017Z', 'deviceId': '21121273', 'deviceName': 'm32sd10d', 'self': 'https://t493319102.eu-latest.cumulocity.com/devicecontrol/operations/21139838', 'id': '21139838', 'status': 'PENDING', 'description': &quot;Apply software changes, triggered from PySys: [{'action': 'delete', 'id': '5475369', 'name': 'asciijump', 'url': ' ', 'version': '::apt'}, {'action': 'delete', 'id': '5474869', 'name': 'robotfindskitten', 'url': ' ', 'version': '::apt'}, {'action': 'delete', 'id': '5475279', 'name': 'squirrel3', 'url': ' ', 'version': '::apt'}]&quot;, 'c8y_SoftwareUpdate': [{'name': 'asciijump', 'action': 'delete', 'id': '5475369', 'version': '::apt', 'url': ' '}, {'name': 'robotfindskitten', 'action': 'delete', 'id': '5474869', 'version': '::apt', 'url': ' '}, {'name': 'squirrel3', 'action': 'delete', 'id': '5475279', 'version': '::apt', 'url': ' '}]}
14:03:41 INFO  State of operation 21139838 : PENDING
14:03:43 INFO  State of operation 21139838 : EXECUTING
14:03:45 INFO  State of operation 21139838 : EXECUTING
14:03:47 INFO  State of operation 21139838 : EXECUTING
14:03:50 INFO  State of operation 21139838 : EXECUTING
14:03:52 INFO  State of operation 21139838 : EXECUTING
14:03:55 INFO  State of operation 21139838 : EXECUTING
14:03:58 INFO  State of operation 21139838 : EXECUTING
14:04:00 INFO  State of operation 21139838 : EXECUTING
14:04:02 INFO  State of operation 21139838 : EXECUTING
14:04:04 INFO  State of operation 21139838 : EXECUTING
14:04:07 INFO  State of operation 21139838 : EXECUTING
14:04:09 INFO  State of operation 21139838 : EXECUTING
14:04:11 INFO  State of operation 21139838 : EXECUTING
14:04:13 INFO  State of operation 21139838 : EXECUTING
14:04:16 INFO  State of operation 21139838 : EXECUTING
14:04:18 INFO  State of operation 21139838 : EXECUTING
14:04:21 INFO  State of operation 21139838 : EXECUTING
14:04:23 INFO  State of operation 21139838 : EXECUTING
14:04:26 INFO  State of operation 21139838 : EXECUTING
14:04:28 INFO  State of operation 21139838 : EXECUTING
14:04:30 INFO  State of operation 21139838 : EXECUTING
14:04:32 INFO  State of operation 21139838 : EXECUTING
14:04:35 INFO  State of operation 21139838 : EXECUTING
14:04:37 INFO  State of operation 21139838 : EXECUTING
14:04:40 INFO  State of operation 21139838 : EXECUTING
14:04:42 INFO  State of operation 21139838 : EXECUTING
14:04:44 INFO  State of operation 21139838 : SUCCESSFUL
14:04:44 INFO  Assert that (False == value) with value=False ... passed
14:04:45 INFO  Assert that (False == value) with value=False ... passed
14:04:45 INFO  Assert that (False == value) with value=False ... passed
14:04:45 INFO  Assert that (False == value) with value=False ... passed
14:04:45 INFO  
14:04:45 INFO  cleanup:
14:04:49 INFO  Executed sudo&lt;tedge_disconnect_c8y&gt;, exit status 0
14:04:50 INFO  Executed systemctl&lt;serv_mapper5&gt;, exit status 3
14:04:50 INFO  
14:04:50 INFO  Test duration: 179.30 secs
14:04:50 INFO  Test final outcome:  FAILED
14:04:50 INFO  Test outcome reason: Assert that (False == value) with value=True
14:04:50 INFO  
</system-out>
	</testcase>
</testsuite>
