<?xml version="1.0" encoding="utf-8"?>
<testsuite failures="0" name="apt_install_local_file" skipped="0" tests="1" time="55.98" timestamp="2022-05-24T15:57:09">
	<testcase classname="AptPluginInstallFromLocalFile" name="apt_install_local_file"/>
</testsuite>
