<?xml version="1.0" encoding="utf-8"?>
<testsuite failures="0" name="apt_list_format" skipped="0" tests="1" time="3.08" timestamp="2022-05-23T17:08:22">
	<testcase classname="AptPluginListFormat" name="apt_list_format"/>
</testsuite>
