<?xml version="1.0" encoding="utf-8"?>
<testsuite failures="0" name="apt_remove" skipped="0" tests="1" time="65.13" timestamp="2022-06-22T10:08:39">
	<testcase classname="AptPluginRemoveDense" name="apt_remove"/>
</testsuite>
