<?xml version="1.0" encoding="utf-8"?>
<testsuite failures="0" name="apt_finalize" skipped="0" tests="1" time="149.77" timestamp="2022-07-22T17:43:56">
	<testcase classname="AptPluginFinalize" name="apt_finalize"/>
</testsuite>
