<?xml version="1.0" encoding="utf-8"?>
<testsuite failures="0" name="apt_install" skipped="0" tests="1" time="64.32" timestamp="2022-05-20T11:33:23">
	<testcase classname="AptPluginInstallDense" name="apt_install"/>
</testsuite>
