<?xml version="1.0" encoding="utf-8"?>
<testsuite failures="0" name="apt_prepare" skipped="0" tests="1" time="18.67" timestamp="2022-06-07T11:49:00">
	<testcase classname="AptPluginPrepare" name="apt_prepare"/>
</testsuite>
