<?xml version="1.0" encoding="utf-8"?>
<testsuite failures="0" name="apt_fail_noarg" skipped="0" tests="1" time="6.23" timestamp="2022-05-20T09:50:55">
	<testcase classname="AptPluginFailNoArg" name="apt_fail_noarg"/>
</testsuite>
