<?xml version="1.0" encoding="utf-8"?>
<testsuite failures="1" name="SoftwareManagement.sm_apt_install_remove_multiple" skipped="0" tests="1" time="179.16" timestamp="2022-07-27T10:00:57">
	<testcase classname="PySysTest" name="SoftwareManagement.sm_apt_install_remove_multiple">
		<failure message="FAILED: Assert that (False == value) with value=True" type="FAILED"/>
		<system-out>09:57:58 INFO  ==============================================================
09:57:58 INFO  Id:    SoftwareManagement.sm_apt_install_remove_multiple
09:57:58 INFO  Dir:   software_management_end_to_end/
09:57:58 INFO  Title: Validate end to end behaviour for the apt plugin for multiple packages
09:57:58 INFO  ==============================================================
09:57:58 INFO  Using sw id database: {'asciijump': '5475369', 'robotfindskitten': '5474869', 'squirrel3': '5475279', 'rolldice': '5152439', 'moon-buggy': '5439204', 'apple': '5495053', 'banana': '5494888', 'cherry': '5495382', 'watermelon': '5494510', 'registry': '8018911', 'hello-world': '8021526', 'docker/getting-started': '8021973', 'alpine': '7991792'}
09:57:58 INFO  EnvironmentC8y Setup
09:57:59 INFO  Executed systemctl&lt;serv_mapper1&gt;, exit status 3
09:57:59 INFO  Restarting mosquitto too frequently in the last 10 seconds. It was only up for 5 seconds
09:57:59 INFO  Delaying execution by 6 seconds
09:58:20 INFO  Executed sudo&lt;tedge_connect_c8y&gt;, exit status 0, duration 15 secs
09:58:21 INFO  Executed sudo&lt;tedge_connect_c8y_test&gt;, exit status 0
09:58:21 INFO  Executed systemctl&lt;serv_mosq2&gt;, exit status 0
09:58:22 INFO  Executed systemctl&lt;serv_mapper3&gt;, exit status 0
09:58:24 INFO  State of current operation: SUCCESSFUL
09:58:24 INFO  Assert that (False == value) with value=False ... passed
09:58:24 INFO  Assert that (False == value) with value=False ... passed
09:58:24 INFO  Assert that (False == value) with value=False ... passed
09:58:25 INFO  Package robotfindskitten is installed
09:58:25 WARN  Assert that (False == value) with value=True ... failed 
09:58:25 INFO  Response status: 201
09:58:25 INFO  Response to action: {
    &quot;delivery&quot;: {
        &quot;log&quot;: [],
        &quot;time&quot;: &quot;2022-07-27T09:58:25.433Z&quot;,
        &quot;status&quot;: &quot;PENDING&quot;
    },
    &quot;creationTime&quot;: &quot;2022-07-27T09:58:25.415Z&quot;,
    &quot;deviceId&quot;: &quot;21453471&quot;,
    &quot;deviceName&quot;: &quot;m32sd10d&quot;,
    &quot;self&quot;: &quot;https://t493319102.eu-latest.cumulocity.com/devicecontrol/operations/21474234&quot;,
    &quot;id&quot;: &quot;21474234&quot;,
    &quot;status&quot;: &quot;PENDING&quot;,
    &quot;description&quot;: &quot;Apply software changes, triggered from PySys: [{'action': 'install', 'id': '5475369', 'name': 'asciijump', 'url': ' ', 'version': '::apt'}, {'action': 'install', 'id': '5474869', 'name': 'robotfindskitten', 'url': ' ', 'version': '::apt'}, {'action': 'install', 'id': '5475279', 'name': 'squirrel3', 'url': ' ', 'version': '::apt'}]&quot;,
    &quot;c8y_SoftwareUpdate&quot;: [
        {
            &quot;name&quot;: &quot;asciijump&quot;,
            &quot;action&quot;: &quot;install&quot;,
            &quot;id&quot;: &quot;5475369&quot;,
            &quot;version&quot;: &quot;::apt&quot;,
            &quot;url&quot;: &quot; &quot;
        },
        {
            &quot;name&quot;: &quot;robotfindskitten&quot;,
            &quot;action&quot;: &quot;install&quot;,
            &quot;id&quot;: &quot;5474869&quot;,
            &quot;version&quot;: &quot;::apt&quot;,
            &quot;url&quot;: &quot; &quot;
        },
        {
            &quot;name&quot;: &quot;squirrel3&quot;,
            &quot;action&quot;: &quot;install&quot;,
            &quot;id&quot;: &quot;5475279&quot;,
            &quot;version&quot;: &quot;::apt&quot;,
            &quot;url&quot;: &quot; &quot;
        }
    ]
}
09:58:25 INFO  Started operation: {'delivery': {'log': [], 'time': '2022-07-27T09:58:25.433Z', 'status': 'PENDING'}, 'creationTime': '2022-07-27T09:58:25.415Z', 'deviceId': '21453471', 'deviceName': 'm32sd10d', 'self': 'https://t493319102.eu-latest.cumulocity.com/devicecontrol/operations/21474234', 'id': '21474234', 'status': 'PENDING', 'description': &quot;Apply software changes, triggered from PySys: [{'action': 'install', 'id': '5475369', 'name': 'asciijump', 'url': ' ', 'version': '::apt'}, {'action': 'install', 'id': '5474869', 'name': 'robotfindskitten', 'url': ' ', 'version': '::apt'}, {'action': 'install', 'id': '5475279', 'name': 'squirrel3', 'url': ' ', 'version': '::apt'}]&quot;, 'c8y_SoftwareUpdate': [{'name': 'asciijump', 'action': 'install', 'id': '5475369', 'version': '::apt', 'url': ' '}, {'name': 'robotfindskitten', 'action': 'install', 'id': '5474869', 'version': '::apt', 'url': ' '}, {'name': 'squirrel3', 'action': 'install', 'id': '5475279', 'version': '::apt', 'url': ' '}]}
09:58:27 INFO  State of operation 21474234 : PENDING
09:58:29 INFO  State of operation 21474234 : EXECUTING
09:58:32 INFO  State of operation 21474234 : EXECUTING
09:58:34 INFO  State of operation 21474234 : EXECUTING
09:58:36 INFO  State of operation 21474234 : EXECUTING
09:58:38 INFO  State of operation 21474234 : EXECUTING
09:58:41 INFO  State of operation 21474234 : EXECUTING
09:58:44 INFO  State of operation 21474234 : EXECUTING
09:58:46 INFO  State of operation 21474234 : EXECUTING
09:58:49 INFO  State of operation 21474234 : EXECUTING
09:58:51 INFO  State of operation 21474234 : EXECUTING
09:58:53 INFO  State of operation 21474234 : EXECUTING
09:58:56 INFO  State of operation 21474234 : EXECUTING
09:58:58 INFO  State of operation 21474234 : EXECUTING
09:59:00 INFO  State of operation 21474234 : EXECUTING
09:59:02 INFO  State of operation 21474234 : EXECUTING
09:59:05 INFO  State of operation 21474234 : EXECUTING
09:59:08 INFO  State of operation 21474234 : EXECUTING
09:59:10 INFO  State of operation 21474234 : EXECUTING
09:59:12 INFO  State of operation 21474234 : EXECUTING
09:59:15 INFO  State of operation 21474234 : EXECUTING
09:59:17 INFO  State of operation 21474234 : EXECUTING
09:59:19 INFO  State of operation 21474234 : EXECUTING
09:59:22 INFO  State of operation 21474234 : EXECUTING
09:59:24 INFO  State of operation 21474234 : EXECUTING
09:59:27 INFO  State of operation 21474234 : EXECUTING
09:59:29 INFO  State of operation 21474234 : EXECUTING
09:59:32 INFO  State of operation 21474234 : EXECUTING
09:59:34 INFO  State of operation 21474234 : EXECUTING
09:59:36 INFO  State of operation 21474234 : EXECUTING
09:59:38 INFO  State of operation 21474234 : EXECUTING
09:59:41 INFO  State of operation 21474234 : EXECUTING
09:59:43 INFO  State of operation 21474234 : EXECUTING
09:59:45 INFO  State of operation 21474234 : SUCCESSFUL
09:59:45 INFO  Assert that (False == value) with value=False ... passed
09:59:46 INFO  Package asciijump is installed
09:59:46 INFO  Assert that (True == value) with value=True ... passed
09:59:46 INFO  Package squirrel3 is installed
09:59:46 INFO  Assert that (True == value) with value=True ... passed
09:59:46 INFO  Package robotfindskitten is installed
09:59:46 INFO  Assert that (True == value) with value=True ... passed
09:59:46 INFO  Response status: 201
09:59:46 INFO  Response to action: {
    &quot;delivery&quot;: {
        &quot;log&quot;: [],
        &quot;time&quot;: &quot;2022-07-27T09:59:46.730Z&quot;,
        &quot;status&quot;: &quot;PENDING&quot;
    },
    &quot;creationTime&quot;: &quot;2022-07-27T09:59:46.714Z&quot;,
    &quot;deviceId&quot;: &quot;21453471&quot;,
    &quot;deviceName&quot;: &quot;m32sd10d&quot;,
    &quot;self&quot;: &quot;https://t493319102.eu-latest.cumulocity.com/devicecontrol/operations/21474246&quot;,
    &quot;id&quot;: &quot;21474246&quot;,
    &quot;status&quot;: &quot;PENDING&quot;,
    &quot;description&quot;: &quot;Apply software changes, triggered from PySys: [{'action': 'delete', 'id': '5475369', 'name': 'asciijump', 'url': ' ', 'version': '::apt'}, {'action': 'delete', 'id': '5474869', 'name': 'robotfindskitten', 'url': ' ', 'version': '::apt'}, {'action': 'delete', 'id': '5475279', 'name': 'squirrel3', 'url': ' ', 'version': '::apt'}]&quot;,
    &quot;c8y_SoftwareUpdate&quot;: [
        {
            &quot;name&quot;: &quot;asciijump&quot;,
            &quot;action&quot;: &quot;delete&quot;,
            &quot;id&quot;: &quot;5475369&quot;,
            &quot;version&quot;: &quot;::apt&quot;,
            &quot;url&quot;: &quot; &quot;
        },
        {
            &quot;name&quot;: &quot;robotfindskitten&quot;,
            &quot;action&quot;: &quot;delete&quot;,
            &quot;id&quot;: &quot;5474869&quot;,
            &quot;version&quot;: &quot;::apt&quot;,
            &quot;url&quot;: &quot; &quot;
        },
        {
            &quot;name&quot;: &quot;squirrel3&quot;,
            &quot;action&quot;: &quot;delete&quot;,
            &quot;id&quot;: &quot;5475279&quot;,
            &quot;version&quot;: &quot;::apt&quot;,
            &quot;url&quot;: &quot; &quot;
        }
    ]
}
09:59:46 INFO  Started operation: {'delivery': {'log': [], 'time': '2022-07-27T09:59:46.730Z', 'status': 'PENDING'}, 'creationTime': '2022-07-27T09:59:46.714Z', 'deviceId': '21453471', 'deviceName': 'm32sd10d', 'self': 'https://t493319102.eu-latest.cumulocity.com/devicecontrol/operations/21474246', 'id': '21474246', 'status': 'PENDING', 'description': &quot;Apply software changes, triggered from PySys: [{'action': 'delete', 'id': '5475369', 'name': 'asciijump', 'url': ' ', 'version': '::apt'}, {'action': 'delete', 'id': '5474869', 'name': 'robotfindskitten', 'url': ' ', 'version': '::apt'}, {'action': 'delete', 'id': '5475279', 'name': 'squirrel3', 'url': ' ', 'version': '::apt'}]&quot;, 'c8y_SoftwareUpdate': [{'name': 'asciijump', 'action': 'delete', 'id': '5475369', 'version': '::apt', 'url': ' '}, {'name': 'robotfindskitten', 'action': 'delete', 'id': '5474869', 'version': '::apt', 'url': ' '}, {'name': 'squirrel3', 'action': 'delete', 'id': '5475279', 'version': '::apt', 'url': ' '}]}
09:59:48 INFO  State of operation 21474246 : PENDING
09:59:51 INFO  State of operation 21474246 : EXECUTING
09:59:53 INFO  State of operation 21474246 : EXECUTING
09:59:55 INFO  State of operation 21474246 : EXECUTING
09:59:57 INFO  State of operation 21474246 : EXECUTING
10:00:00 INFO  State of operation 21474246 : EXECUTING
10:00:02 INFO  State of operation 21474246 : EXECUTING
10:00:05 INFO  State of operation 21474246 : EXECUTING
10:00:07 INFO  State of operation 21474246 : EXECUTING
10:00:10 INFO  State of operation 21474246 : EXECUTING
10:00:12 INFO  State of operation 21474246 : EXECUTING
10:00:14 INFO  State of operation 21474246 : EXECUTING
10:00:16 INFO  State of operation 21474246 : EXECUTING
10:00:19 INFO  State of operation 21474246 : EXECUTING
10:00:21 INFO  State of operation 21474246 : EXECUTING
10:00:23 INFO  State of operation 21474246 : EXECUTING
10:00:26 INFO  State of operation 21474246 : EXECUTING
10:00:29 INFO  State of operation 21474246 : EXECUTING
10:00:31 INFO  State of operation 21474246 : EXECUTING
10:00:33 INFO  State of operation 21474246 : EXECUTING
10:00:35 INFO  State of operation 21474246 : EXECUTING
10:00:38 INFO  State of operation 21474246 : EXECUTING
10:00:40 INFO  State of operation 21474246 : EXECUTING
10:00:42 INFO  State of operation 21474246 : EXECUTING
10:00:45 INFO  State of operation 21474246 : EXECUTING
10:00:47 INFO  State of operation 21474246 : EXECUTING
10:00:49 INFO  State of operation 21474246 : EXECUTING
10:00:52 INFO  State of operation 21474246 : SUCCESSFUL
10:00:52 INFO  Assert that (False == value) with value=False ... passed
10:00:52 INFO  Assert that (False == value) with value=False ... passed
10:00:52 INFO  Assert that (False == value) with value=False ... passed
10:00:53 INFO  Assert that (False == value) with value=False ... passed
10:00:53 INFO  
10:00:53 INFO  cleanup:
10:00:57 INFO  Executed sudo&lt;tedge_disconnect_c8y&gt;, exit status 0
10:00:57 INFO  Executed systemctl&lt;serv_mapper5&gt;, exit status 3
10:00:57 INFO  
10:00:57 INFO  Test duration: 179.16 secs
10:00:57 INFO  Test final outcome:  FAILED
10:00:57 INFO  Test outcome reason: Assert that (False == value) with value=True
10:00:57 INFO  
</system-out>
	</testcase>
</testsuite>
