<?xml version="1.0" encoding="utf-8"?>
<testsuite failures="1" name="SoftwareManagement.sm_apt_install_remove_multiple" skipped="0" tests="1" time="178.75" timestamp="2022-07-22T02:31:21">
	<testcase classname="PySysTest" name="SoftwareManagement.sm_apt_install_remove_multiple">
		<failure message="FAILED: Assert that (False == value) with value=True" type="FAILED"/>
		<system-out>02:28:22 INFO  ==============================================================
02:28:22 INFO  Id:    SoftwareManagement.sm_apt_install_remove_multiple
02:28:22 INFO  Dir:   software_management_end_to_end/
02:28:22 INFO  Title: Validate end to end behaviour for the apt plugin for multiple packages
02:28:22 INFO  ==============================================================
02:28:22 INFO  Using sw id database: {'asciijump': '5475369', 'robotfindskitten': '5474869', 'squirrel3': '5475279', 'rolldice': '5152439', 'moon-buggy': '5439204', 'apple': '5495053', 'banana': '5494888', 'cherry': '5495382', 'watermelon': '5494510', 'registry': '8018911', 'hello-world': '8021526', 'docker/getting-started': '8021973', 'alpine': '7991792'}
02:28:22 INFO  EnvironmentC8y Setup
02:28:23 INFO  Executed systemctl&lt;serv_mapper1&gt;, exit status 3
02:28:23 INFO  Restarting mosquitto too frequently in the last 10 seconds. It was only up for 5 seconds
02:28:23 INFO  Delaying execution by 6 seconds
02:28:43 INFO  Executed sudo&lt;tedge_connect_c8y&gt;, exit status 0, duration 14 secs
02:28:43 INFO  Executed sudo&lt;tedge_connect_c8y_test&gt;, exit status 0
02:28:44 INFO  Executed systemctl&lt;serv_mosq2&gt;, exit status 0
02:28:44 INFO  Executed systemctl&lt;serv_mapper3&gt;, exit status 0
02:28:46 INFO  State of current operation: SUCCESSFUL
02:28:47 INFO  Assert that (False == value) with value=False ... passed
02:28:47 INFO  Assert that (False == value) with value=False ... passed
02:28:47 INFO  Assert that (False == value) with value=False ... passed
02:28:47 INFO  Package robotfindskitten is installed
02:28:47 WARN  Assert that (False == value) with value=True ... failed 
02:28:48 INFO  Response status: 201
02:28:48 INFO  Response to action: {
    &quot;creationTime&quot;: &quot;2022-07-22T02:28:48.128Z&quot;,
    &quot;deviceId&quot;: &quot;21166555&quot;,
    &quot;deviceName&quot;: &quot;m32sd10d&quot;,
    &quot;self&quot;: &quot;https://t493319102.eu-latest.cumulocity.com/devicecontrol/operations/21230759&quot;,
    &quot;id&quot;: &quot;21230759&quot;,
    &quot;status&quot;: &quot;PENDING&quot;,
    &quot;description&quot;: &quot;Apply software changes, triggered from PySys: [{'action': 'install', 'id': '5475369', 'name': 'asciijump', 'url': ' ', 'version': '::apt'}, {'action': 'install', 'id': '5474869', 'name': 'robotfindskitten', 'url': ' ', 'version': '::apt'}, {'action': 'install', 'id': '5475279', 'name': 'squirrel3', 'url': ' ', 'version': '::apt'}]&quot;,
    &quot;c8y_SoftwareUpdate&quot;: [
        {
            &quot;name&quot;: &quot;asciijump&quot;,
            &quot;action&quot;: &quot;install&quot;,
            &quot;id&quot;: &quot;5475369&quot;,
            &quot;version&quot;: &quot;::apt&quot;,
            &quot;url&quot;: &quot; &quot;
        },
        {
            &quot;name&quot;: &quot;robotfindskitten&quot;,
            &quot;action&quot;: &quot;install&quot;,
            &quot;id&quot;: &quot;5474869&quot;,
            &quot;version&quot;: &quot;::apt&quot;,
            &quot;url&quot;: &quot; &quot;
        },
        {
            &quot;name&quot;: &quot;squirrel3&quot;,
            &quot;action&quot;: &quot;install&quot;,
            &quot;id&quot;: &quot;5475279&quot;,
            &quot;version&quot;: &quot;::apt&quot;,
            &quot;url&quot;: &quot; &quot;
        }
    ]
}
02:28:48 INFO  Started operation: {'creationTime': '2022-07-22T02:28:48.128Z', 'deviceId': '21166555', 'deviceName': 'm32sd10d', 'self': 'https://t493319102.eu-latest.cumulocity.com/devicecontrol/operations/21230759', 'id': '21230759', 'status': 'PENDING', 'description': &quot;Apply software changes, triggered from PySys: [{'action': 'install', 'id': '5475369', 'name': 'asciijump', 'url': ' ', 'version': '::apt'}, {'action': 'install', 'id': '5474869', 'name': 'robotfindskitten', 'url': ' ', 'version': '::apt'}, {'action': 'install', 'id': '5475279', 'name': 'squirrel3', 'url': ' ', 'version': '::apt'}]&quot;, 'c8y_SoftwareUpdate': [{'name': 'asciijump', 'action': 'install', 'id': '5475369', 'version': '::apt', 'url': ' '}, {'name': 'robotfindskitten', 'action': 'install', 'id': '5474869', 'version': '::apt', 'url': ' '}, {'name': 'squirrel3', 'action': 'install', 'id': '5475279', 'version': '::apt', 'url': ' '}]}
02:28:50 INFO  State of operation 21230759 : PENDING
02:28:52 INFO  State of operation 21230759 : EXECUTING
02:28:54 INFO  State of operation 21230759 : EXECUTING
02:28:57 INFO  State of operation 21230759 : EXECUTING
02:28:59 INFO  State of operation 21230759 : EXECUTING
02:29:01 INFO  State of operation 21230759 : EXECUTING
02:29:04 INFO  State of operation 21230759 : EXECUTING
02:29:06 INFO  State of operation 21230759 : EXECUTING
02:29:09 INFO  State of operation 21230759 : EXECUTING
02:29:11 INFO  State of operation 21230759 : EXECUTING
02:29:13 INFO  State of operation 21230759 : EXECUTING
02:29:16 INFO  State of operation 21230759 : EXECUTING
02:29:18 INFO  State of operation 21230759 : EXECUTING
02:29:20 INFO  State of operation 21230759 : EXECUTING
02:29:22 INFO  State of operation 21230759 : EXECUTING
02:29:25 INFO  State of operation 21230759 : EXECUTING
02:29:27 INFO  State of operation 21230759 : EXECUTING
02:29:30 INFO  State of operation 21230759 : EXECUTING
02:29:32 INFO  State of operation 21230759 : EXECUTING
02:29:34 INFO  State of operation 21230759 : EXECUTING
02:29:37 INFO  State of operation 21230759 : EXECUTING
02:29:39 INFO  State of operation 21230759 : EXECUTING
02:29:42 INFO  State of operation 21230759 : EXECUTING
02:29:45 INFO  State of operation 21230759 : EXECUTING
02:29:47 INFO  State of operation 21230759 : EXECUTING
02:29:50 INFO  State of operation 21230759 : EXECUTING
02:29:52 INFO  State of operation 21230759 : EXECUTING
02:29:55 INFO  State of operation 21230759 : EXECUTING
02:29:57 INFO  State of operation 21230759 : EXECUTING
02:30:00 INFO  State of operation 21230759 : EXECUTING
02:30:02 INFO  State of operation 21230759 : EXECUTING
02:30:04 INFO  State of operation 21230759 : EXECUTING
02:30:06 INFO  State of operation 21230759 : EXECUTING
02:30:09 INFO  State of operation 21230759 : SUCCESSFUL
02:30:09 INFO  Assert that (False == value) with value=False ... passed
02:30:09 INFO  Package asciijump is installed
02:30:09 INFO  Assert that (True == value) with value=True ... passed
02:30:09 INFO  Package squirrel3 is installed
02:30:09 INFO  Assert that (True == value) with value=True ... passed
02:30:09 INFO  Package robotfindskitten is installed
02:30:09 INFO  Assert that (True == value) with value=True ... passed
02:30:10 INFO  Response status: 201
02:30:10 INFO  Response to action: {
    &quot;creationTime&quot;: &quot;2022-07-22T02:30:10.097Z&quot;,
    &quot;deviceId&quot;: &quot;21166555&quot;,
    &quot;deviceName&quot;: &quot;m32sd10d&quot;,
    &quot;self&quot;: &quot;https://t493319102.eu-latest.cumulocity.com/devicecontrol/operations/21230761&quot;,
    &quot;id&quot;: &quot;21230761&quot;,
    &quot;status&quot;: &quot;PENDING&quot;,
    &quot;description&quot;: &quot;Apply software changes, triggered from PySys: [{'action': 'delete', 'id': '5475369', 'name': 'asciijump', 'url': ' ', 'version': '::apt'}, {'action': 'delete', 'id': '5474869', 'name': 'robotfindskitten', 'url': ' ', 'version': '::apt'}, {'action': 'delete', 'id': '5475279', 'name': 'squirrel3', 'url': ' ', 'version': '::apt'}]&quot;,
    &quot;c8y_SoftwareUpdate&quot;: [
        {
            &quot;name&quot;: &quot;asciijump&quot;,
            &quot;action&quot;: &quot;delete&quot;,
            &quot;id&quot;: &quot;5475369&quot;,
            &quot;version&quot;: &quot;::apt&quot;,
            &quot;url&quot;: &quot; &quot;
        },
        {
            &quot;name&quot;: &quot;robotfindskitten&quot;,
            &quot;action&quot;: &quot;delete&quot;,
            &quot;id&quot;: &quot;5474869&quot;,
            &quot;version&quot;: &quot;::apt&quot;,
            &quot;url&quot;: &quot; &quot;
        },
        {
            &quot;name&quot;: &quot;squirrel3&quot;,
            &quot;action&quot;: &quot;delete&quot;,
            &quot;id&quot;: &quot;5475279&quot;,
            &quot;version&quot;: &quot;::apt&quot;,
            &quot;url&quot;: &quot; &quot;
        }
    ]
}
02:30:10 INFO  Started operation: {'creationTime': '2022-07-22T02:30:10.097Z', 'deviceId': '21166555', 'deviceName': 'm32sd10d', 'self': 'https://t493319102.eu-latest.cumulocity.com/devicecontrol/operations/21230761', 'id': '21230761', 'status': 'PENDING', 'description': &quot;Apply software changes, triggered from PySys: [{'action': 'delete', 'id': '5475369', 'name': 'asciijump', 'url': ' ', 'version': '::apt'}, {'action': 'delete', 'id': '5474869', 'name': 'robotfindskitten', 'url': ' ', 'version': '::apt'}, {'action': 'delete', 'id': '5475279', 'name': 'squirrel3', 'url': ' ', 'version': '::apt'}]&quot;, 'c8y_SoftwareUpdate': [{'name': 'asciijump', 'action': 'delete', 'id': '5475369', 'version': '::apt', 'url': ' '}, {'name': 'robotfindskitten', 'action': 'delete', 'id': '5474869', 'version': '::apt', 'url': ' '}, {'name': 'squirrel3', 'action': 'delete', 'id': '5475279', 'version': '::apt', 'url': ' '}]}
02:30:12 INFO  State of operation 21230761 : PENDING
02:30:14 INFO  State of operation 21230761 : EXECUTING
02:30:17 INFO  State of operation 21230761 : EXECUTING
02:30:19 INFO  State of operation 21230761 : EXECUTING
02:30:21 INFO  State of operation 21230761 : EXECUTING
02:30:23 INFO  State of operation 21230761 : EXECUTING
02:30:26 INFO  State of operation 21230761 : EXECUTING
02:30:29 INFO  State of operation 21230761 : EXECUTING
02:30:31 INFO  State of operation 21230761 : EXECUTING
02:30:34 INFO  State of operation 21230761 : EXECUTING
02:30:36 INFO  State of operation 21230761 : EXECUTING
02:30:38 INFO  State of operation 21230761 : EXECUTING
02:30:40 INFO  State of operation 21230761 : EXECUTING
02:30:42 INFO  State of operation 21230761 : EXECUTING
02:30:45 INFO  State of operation 21230761 : EXECUTING
02:30:47 INFO  State of operation 21230761 : EXECUTING
02:30:49 INFO  State of operation 21230761 : EXECUTING
02:30:52 INFO  State of operation 21230761 : EXECUTING
02:30:55 INFO  State of operation 21230761 : EXECUTING
02:30:57 INFO  State of operation 21230761 : EXECUTING
02:30:59 INFO  State of operation 21230761 : EXECUTING
02:31:01 INFO  State of operation 21230761 : EXECUTING
02:31:04 INFO  State of operation 21230761 : EXECUTING
02:31:06 INFO  State of operation 21230761 : EXECUTING
02:31:08 INFO  State of operation 21230761 : EXECUTING
02:31:11 INFO  State of operation 21230761 : EXECUTING
02:31:13 INFO  State of operation 21230761 : EXECUTING
02:31:15 INFO  State of operation 21230761 : SUCCESSFUL
02:31:15 INFO  Assert that (False == value) with value=False ... passed
02:31:16 INFO  Assert that (False == value) with value=False ... passed
02:31:16 INFO  Assert that (False == value) with value=False ... passed
02:31:16 INFO  Assert that (False == value) with value=False ... passed
02:31:16 INFO  
02:31:16 INFO  cleanup:
02:31:20 INFO  Executed sudo&lt;tedge_disconnect_c8y&gt;, exit status 0
02:31:21 INFO  Executed systemctl&lt;serv_mapper5&gt;, exit status 3
02:31:21 INFO  
02:31:21 INFO  Test duration: 178.75 secs
02:31:21 INFO  Test final outcome:  FAILED
02:31:21 INFO  Test outcome reason: Assert that (False == value) with value=True
02:31:21 INFO  
</system-out>
	</testcase>
</testsuite>
