<?xml version="1.0" encoding="utf-8"?>
<testsuite failures="1" name="SoftwareManagement.sm_apt_install_remove_multiple" skipped="0" tests="1" time="178.89" timestamp="2022-07-22T15:02:57">
	<testcase classname="PySysTest" name="SoftwareManagement.sm_apt_install_remove_multiple">
		<failure message="FAILED: Assert that (False == value) with value=True" type="FAILED"/>
		<system-out>14:59:59 INFO  ==============================================================
14:59:59 INFO  Id:    SoftwareManagement.sm_apt_install_remove_multiple
14:59:59 INFO  Dir:   software_management_end_to_end/
14:59:59 INFO  Title: Validate end to end behaviour for the apt plugin for multiple packages
14:59:59 INFO  ==============================================================
14:59:59 INFO  Using sw id database: {'asciijump': '5475369', 'robotfindskitten': '5474869', 'squirrel3': '5475279', 'rolldice': '5152439', 'moon-buggy': '5439204', 'apple': '5495053', 'banana': '5494888', 'cherry': '5495382', 'watermelon': '5494510', 'registry': '8018911', 'hello-world': '8021526', 'docker/getting-started': '8021973', 'alpine': '7991792'}
14:59:59 INFO  EnvironmentC8y Setup
14:59:59 INFO  Executed systemctl&lt;serv_mapper1&gt;, exit status 3
14:59:59 INFO  Restarting mosquitto too frequently in the last 10 seconds. It was only up for 4 seconds
14:59:59 INFO  Delaying execution by 7 seconds
15:00:20 INFO  Executed sudo&lt;tedge_connect_c8y&gt;, exit status 0, duration 13 secs
15:00:21 INFO  Executed sudo&lt;tedge_connect_c8y_test&gt;, exit status 0
15:00:21 INFO  Executed systemctl&lt;serv_mosq2&gt;, exit status 0
15:00:22 INFO  Executed systemctl&lt;serv_mapper3&gt;, exit status 0
15:00:24 INFO  State of current operation: SUCCESSFUL
15:00:24 INFO  Assert that (False == value) with value=False ... passed
15:00:24 INFO  Assert that (False == value) with value=False ... passed
15:00:25 INFO  Assert that (False == value) with value=False ... passed
15:00:25 INFO  Package robotfindskitten is installed
15:00:25 WARN  Assert that (False == value) with value=True ... failed 
15:00:25 INFO  Response status: 201
15:00:25 INFO  Response to action: {
    &quot;delivery&quot;: {
        &quot;log&quot;: [],
        &quot;time&quot;: &quot;2022-07-22T15:00:25.568Z&quot;,
        &quot;status&quot;: &quot;PENDING&quot;
    },
    &quot;creationTime&quot;: &quot;2022-07-22T15:00:25.541Z&quot;,
    &quot;deviceId&quot;: &quot;21278192&quot;,
    &quot;deviceName&quot;: &quot;m32sd10d&quot;,
    &quot;self&quot;: &quot;https://t493319102.eu-latest.cumulocity.com/devicecontrol/operations/21290342&quot;,
    &quot;id&quot;: &quot;21290342&quot;,
    &quot;status&quot;: &quot;PENDING&quot;,
    &quot;description&quot;: &quot;Apply software changes, triggered from PySys: [{'action': 'install', 'id': '5475369', 'name': 'asciijump', 'url': ' ', 'version': '::apt'}, {'action': 'install', 'id': '5474869', 'name': 'robotfindskitten', 'url': ' ', 'version': '::apt'}, {'action': 'install', 'id': '5475279', 'name': 'squirrel3', 'url': ' ', 'version': '::apt'}]&quot;,
    &quot;c8y_SoftwareUpdate&quot;: [
        {
            &quot;name&quot;: &quot;asciijump&quot;,
            &quot;action&quot;: &quot;install&quot;,
            &quot;id&quot;: &quot;5475369&quot;,
            &quot;version&quot;: &quot;::apt&quot;,
            &quot;url&quot;: &quot; &quot;
        },
        {
            &quot;name&quot;: &quot;robotfindskitten&quot;,
            &quot;action&quot;: &quot;install&quot;,
            &quot;id&quot;: &quot;5474869&quot;,
            &quot;version&quot;: &quot;::apt&quot;,
            &quot;url&quot;: &quot; &quot;
        },
        {
            &quot;name&quot;: &quot;squirrel3&quot;,
            &quot;action&quot;: &quot;install&quot;,
            &quot;id&quot;: &quot;5475279&quot;,
            &quot;version&quot;: &quot;::apt&quot;,
            &quot;url&quot;: &quot; &quot;
        }
    ]
}
15:00:25 INFO  Started operation: {'delivery': {'log': [], 'time': '2022-07-22T15:00:25.568Z', 'status': 'PENDING'}, 'creationTime': '2022-07-22T15:00:25.541Z', 'deviceId': '21278192', 'deviceName': 'm32sd10d', 'self': 'https://t493319102.eu-latest.cumulocity.com/devicecontrol/operations/21290342', 'id': '21290342', 'status': 'PENDING', 'description': &quot;Apply software changes, triggered from PySys: [{'action': 'install', 'id': '5475369', 'name': 'asciijump', 'url': ' ', 'version': '::apt'}, {'action': 'install', 'id': '5474869', 'name': 'robotfindskitten', 'url': ' ', 'version': '::apt'}, {'action': 'install', 'id': '5475279', 'name': 'squirrel3', 'url': ' ', 'version': '::apt'}]&quot;, 'c8y_SoftwareUpdate': [{'name': 'asciijump', 'action': 'install', 'id': '5475369', 'version': '::apt', 'url': ' '}, {'name': 'robotfindskitten', 'action': 'install', 'id': '5474869', 'version': '::apt', 'url': ' '}, {'name': 'squirrel3', 'action': 'install', 'id': '5475279', 'version': '::apt', 'url': ' '}]}
15:00:27 INFO  State of operation 21290342 : PENDING
15:00:30 INFO  State of operation 21290342 : EXECUTING
15:00:32 INFO  State of operation 21290342 : EXECUTING
15:00:34 INFO  State of operation 21290342 : EXECUTING
15:00:36 INFO  State of operation 21290342 : EXECUTING
15:00:38 INFO  State of operation 21290342 : EXECUTING
15:00:41 INFO  State of operation 21290342 : EXECUTING
15:00:44 INFO  State of operation 21290342 : EXECUTING
15:00:47 INFO  State of operation 21290342 : EXECUTING
15:00:49 INFO  State of operation 21290342 : EXECUTING
15:00:51 INFO  State of operation 21290342 : EXECUTING
15:00:53 INFO  State of operation 21290342 : EXECUTING
15:00:56 INFO  State of operation 21290342 : EXECUTING
15:00:58 INFO  State of operation 21290342 : EXECUTING
15:01:00 INFO  State of operation 21290342 : EXECUTING
15:01:02 INFO  State of operation 21290342 : EXECUTING
15:01:05 INFO  State of operation 21290342 : EXECUTING
15:01:07 INFO  State of operation 21290342 : EXECUTING
15:01:10 INFO  State of operation 21290342 : EXECUTING
15:01:12 INFO  State of operation 21290342 : EXECUTING
15:01:14 INFO  State of operation 21290342 : EXECUTING
15:01:17 INFO  State of operation 21290342 : EXECUTING
15:01:19 INFO  State of operation 21290342 : EXECUTING
15:01:22 INFO  State of operation 21290342 : EXECUTING
15:01:24 INFO  State of operation 21290342 : EXECUTING
15:01:27 INFO  State of operation 21290342 : EXECUTING
15:01:29 INFO  State of operation 21290342 : EXECUTING
15:01:32 INFO  State of operation 21290342 : EXECUTING
15:01:34 INFO  State of operation 21290342 : EXECUTING
15:01:37 INFO  State of operation 21290342 : EXECUTING
15:01:39 INFO  State of operation 21290342 : EXECUTING
15:01:41 INFO  State of operation 21290342 : EXECUTING
15:01:43 INFO  State of operation 21290342 : EXECUTING
15:01:45 INFO  State of operation 21290342 : SUCCESSFUL
15:01:46 INFO  Assert that (False == value) with value=False ... passed
15:01:46 INFO  Package asciijump is installed
15:01:46 INFO  Assert that (True == value) with value=True ... passed
15:01:46 INFO  Package squirrel3 is installed
15:01:46 INFO  Assert that (True == value) with value=True ... passed
15:01:46 INFO  Package robotfindskitten is installed
15:01:46 INFO  Assert that (True == value) with value=True ... passed
15:01:47 INFO  Response status: 201
15:01:47 INFO  Response to action: {
    &quot;delivery&quot;: {
        &quot;log&quot;: [],
        &quot;time&quot;: &quot;2022-07-22T15:01:46.985Z&quot;,
        &quot;status&quot;: &quot;PENDING&quot;
    },
    &quot;creationTime&quot;: &quot;2022-07-22T15:01:46.969Z&quot;,
    &quot;deviceId&quot;: &quot;21278192&quot;,
    &quot;deviceName&quot;: &quot;m32sd10d&quot;,
    &quot;self&quot;: &quot;https://t493319102.eu-latest.cumulocity.com/devicecontrol/operations/21290354&quot;,
    &quot;id&quot;: &quot;21290354&quot;,
    &quot;status&quot;: &quot;PENDING&quot;,
    &quot;description&quot;: &quot;Apply software changes, triggered from PySys: [{'action': 'delete', 'id': '5475369', 'name': 'asciijump', 'url': ' ', 'version': '::apt'}, {'action': 'delete', 'id': '5474869', 'name': 'robotfindskitten', 'url': ' ', 'version': '::apt'}, {'action': 'delete', 'id': '5475279', 'name': 'squirrel3', 'url': ' ', 'version': '::apt'}]&quot;,
    &quot;c8y_SoftwareUpdate&quot;: [
        {
            &quot;name&quot;: &quot;asciijump&quot;,
            &quot;action&quot;: &quot;delete&quot;,
            &quot;id&quot;: &quot;5475369&quot;,
            &quot;version&quot;: &quot;::apt&quot;,
            &quot;url&quot;: &quot; &quot;
        },
        {
            &quot;name&quot;: &quot;robotfindskitten&quot;,
            &quot;action&quot;: &quot;delete&quot;,
            &quot;id&quot;: &quot;5474869&quot;,
            &quot;version&quot;: &quot;::apt&quot;,
            &quot;url&quot;: &quot; &quot;
        },
        {
            &quot;name&quot;: &quot;squirrel3&quot;,
            &quot;action&quot;: &quot;delete&quot;,
            &quot;id&quot;: &quot;5475279&quot;,
            &quot;version&quot;: &quot;::apt&quot;,
            &quot;url&quot;: &quot; &quot;
        }
    ]
}
15:01:47 INFO  Started operation: {'delivery': {'log': [], 'time': '2022-07-22T15:01:46.985Z', 'status': 'PENDING'}, 'creationTime': '2022-07-22T15:01:46.969Z', 'deviceId': '21278192', 'deviceName': 'm32sd10d', 'self': 'https://t493319102.eu-latest.cumulocity.com/devicecontrol/operations/21290354', 'id': '21290354', 'status': 'PENDING', 'description': &quot;Apply software changes, triggered from PySys: [{'action': 'delete', 'id': '5475369', 'name': 'asciijump', 'url': ' ', 'version': '::apt'}, {'action': 'delete', 'id': '5474869', 'name': 'robotfindskitten', 'url': ' ', 'version': '::apt'}, {'action': 'delete', 'id': '5475279', 'name': 'squirrel3', 'url': ' ', 'version': '::apt'}]&quot;, 'c8y_SoftwareUpdate': [{'name': 'asciijump', 'action': 'delete', 'id': '5475369', 'version': '::apt', 'url': ' '}, {'name': 'robotfindskitten', 'action': 'delete', 'id': '5474869', 'version': '::apt', 'url': ' '}, {'name': 'squirrel3', 'action': 'delete', 'id': '5475279', 'version': '::apt', 'url': ' '}]}
15:01:49 INFO  State of operation 21290354 : PENDING
15:01:51 INFO  State of operation 21290354 : EXECUTING
15:01:53 INFO  State of operation 21290354 : EXECUTING
15:01:55 INFO  State of operation 21290354 : EXECUTING
15:01:58 INFO  State of operation 21290354 : EXECUTING
15:02:00 INFO  State of operation 21290354 : EXECUTING
15:02:03 INFO  State of operation 21290354 : EXECUTING
15:02:06 INFO  State of operation 21290354 : EXECUTING
15:02:08 INFO  State of operation 21290354 : EXECUTING
15:02:10 INFO  State of operation 21290354 : EXECUTING
15:02:12 INFO  State of operation 21290354 : EXECUTING
15:02:15 INFO  State of operation 21290354 : EXECUTING
15:02:17 INFO  State of operation 21290354 : EXECUTING
15:02:19 INFO  State of operation 21290354 : EXECUTING
15:02:22 INFO  State of operation 21290354 : EXECUTING
15:02:24 INFO  State of operation 21290354 : EXECUTING
15:02:26 INFO  State of operation 21290354 : EXECUTING
15:02:29 INFO  State of operation 21290354 : EXECUTING
15:02:31 INFO  State of operation 21290354 : EXECUTING
15:02:33 INFO  State of operation 21290354 : EXECUTING
15:02:36 INFO  State of operation 21290354 : EXECUTING
15:02:38 INFO  State of operation 21290354 : EXECUTING
15:02:40 INFO  State of operation 21290354 : EXECUTING
15:02:42 INFO  State of operation 21290354 : EXECUTING
15:02:45 INFO  State of operation 21290354 : EXECUTING
15:02:48 INFO  State of operation 21290354 : EXECUTING
15:02:50 INFO  State of operation 21290354 : EXECUTING
15:02:52 INFO  State of operation 21290354 : SUCCESSFUL
15:02:52 INFO  Assert that (False == value) with value=False ... passed
15:02:52 INFO  Assert that (False == value) with value=False ... passed
15:02:53 INFO  Assert that (False == value) with value=False ... passed
15:02:53 INFO  Assert that (False == value) with value=False ... passed
15:02:53 INFO  
15:02:53 INFO  cleanup:
15:02:57 INFO  Executed sudo&lt;tedge_disconnect_c8y&gt;, exit status 0
15:02:57 INFO  Executed systemctl&lt;serv_mapper5&gt;, exit status 3
15:02:57 INFO  
15:02:57 INFO  Test duration: 178.89 secs
15:02:57 INFO  Test final outcome:  FAILED
15:02:57 INFO  Test outcome reason: Assert that (False == value) with value=True
15:02:57 INFO  
</system-out>
	</testcase>
</testsuite>
