<?xml version="1.0" encoding="utf-8"?>
<testsuite failures="1" name="SoftwareManagement.sm_apt_install_remove_multiple_mixed" skipped="0" tests="1" time="180.57" timestamp="2022-06-22T10:31:23">
	<testcase classname="PySysTest" name="SoftwareManagement.sm_apt_install_remove_multiple_mixed">
		<failure message="BLOCKED: SystemError: Timeout while waiting for status SUCCESSFUL or False" type="BLOCKED"/>
		<system-out>10:28:22 INFO  ==============================================================
10:28:22 INFO  Id:    SoftwareManagement.sm_apt_install_remove_multiple_mixed
10:28:22 INFO  Dir:   software_management_end_to_end/
10:28:22 INFO  Title: Validate end to end behaviour for the apt plugin for multiple packages with mixed versions
10:28:22 INFO  ==============================================================
10:28:23 INFO  Using sw id database: {'asciijump': '5475369', 'robotfindskitten': '5474869', 'squirrel3': '5475279', 'rolldice': '5152439', 'moon-buggy': '5439204', 'apple': '5495053', 'banana': '5494888', 'cherry': '5495382', 'watermelon': '5494510', 'registry': '8018911', 'hello-world': '8021526', 'docker/getting-started': '8021973', 'alpine': '7991792'}
10:28:23 INFO  EnvironmentC8y Setup
10:28:23 INFO  Executed systemctl&lt;serv_mapper1&gt;, exit status 3
10:28:23 INFO  Restarting mosquitto too frequently in the last 10 seconds. It was only up for 4 seconds
10:28:23 INFO  Delaying execution by 7 seconds
10:28:44 INFO  Executed sudo&lt;tedge_connect_c8y&gt;, exit status 0, duration 13 secs
10:28:45 INFO  Executed sudo&lt;tedge_connect_c8y_test&gt;, exit status 0
10:28:45 INFO  Executed systemctl&lt;serv_mosq2&gt;, exit status 0
10:28:46 INFO  Executed systemctl&lt;serv_mapper3&gt;, exit status 0
10:28:48 INFO  State of current operation: SUCCESSFUL
10:28:48 INFO  Assert that (False == value) with value=False ... passed
10:28:48 INFO  Assert that (False == value) with value=False ... passed
10:28:49 INFO  Assert that (False == value) with value=False ... passed
10:28:49 INFO  Assert that (False == value) with value=False ... passed
10:28:49 INFO  Assert that (False == value) with value=False ... passed
10:28:50 INFO  Response status: 201
10:28:50 INFO  Response to action: {
    &quot;creationTime&quot;: &quot;2022-06-22T10:28:50.713Z&quot;,
    &quot;deviceName&quot;: &quot;m32sd10d&quot;,
    &quot;deviceId&quot;: &quot;20363028&quot;,
    &quot;self&quot;: &quot;https://t493319102.eu-latest.cumulocity.com/devicecontrol/operations/20403429&quot;,
    &quot;id&quot;: &quot;20403429&quot;,
    &quot;status&quot;: &quot;PENDING&quot;,
    &quot;description&quot;: &quot;Apply software changes, triggered from PySys: [{'action': 'install', 'id': '5475369', 'name': 'asciijump', 'url': ' ', 'version': '::apt'}, {'action': 'install', 'id': '5474869', 'name': 'robotfindskitten', 'url': ' ', 'version': ' '}, {'action': 'install', 'id': '5475279', 'name': 'squirrel3', 'url': ' ', 'version': '3.1-7::apt'}, {'action': 'install', 'id': '5152439', 'name': 'rolldice', 'url': ' ', 'version': '1.16-1+b1'}, {'action': 'install', 'id': '5439204', 'name': 'moon-buggy', 'url': ' ', 'version': '1:1.0.51-12'}, {'action': 'install', 'id': '5475369', 'name': 'asciijump', 'url': ' ', 'version': '::apt'}]&quot;,
    &quot;c8y_SoftwareUpdate&quot;: [
        {
            &quot;name&quot;: &quot;asciijump&quot;,
            &quot;action&quot;: &quot;install&quot;,
            &quot;id&quot;: &quot;5475369&quot;,
            &quot;version&quot;: &quot;::apt&quot;,
            &quot;url&quot;: &quot; &quot;
        },
        {
            &quot;name&quot;: &quot;robotfindskitten&quot;,
            &quot;action&quot;: &quot;install&quot;,
            &quot;id&quot;: &quot;5474869&quot;,
            &quot;version&quot;: &quot; &quot;,
            &quot;url&quot;: &quot; &quot;
        },
        {
            &quot;name&quot;: &quot;squirrel3&quot;,
            &quot;action&quot;: &quot;install&quot;,
            &quot;id&quot;: &quot;5475279&quot;,
            &quot;version&quot;: &quot;3.1-7::apt&quot;,
            &quot;url&quot;: &quot; &quot;
        },
        {
            &quot;name&quot;: &quot;rolldice&quot;,
            &quot;action&quot;: &quot;install&quot;,
            &quot;id&quot;: &quot;5152439&quot;,
            &quot;version&quot;: &quot;1.16-1+b1&quot;,
            &quot;url&quot;: &quot; &quot;
        },
        {
            &quot;name&quot;: &quot;moon-buggy&quot;,
            &quot;action&quot;: &quot;install&quot;,
            &quot;id&quot;: &quot;5439204&quot;,
            &quot;version&quot;: &quot;1:1.0.51-12&quot;,
            &quot;url&quot;: &quot; &quot;
        },
        {
            &quot;name&quot;: &quot;asciijump&quot;,
            &quot;action&quot;: &quot;install&quot;,
            &quot;id&quot;: &quot;5475369&quot;,
            &quot;version&quot;: &quot;::apt&quot;,
            &quot;url&quot;: &quot; &quot;
        }
    ]
}
10:28:50 INFO  Started operation: {'creationTime': '2022-06-22T10:28:50.713Z', 'deviceName': 'm32sd10d', 'deviceId': '20363028', 'self': 'https://t493319102.eu-latest.cumulocity.com/devicecontrol/operations/20403429', 'id': '20403429', 'status': 'PENDING', 'description': &quot;Apply software changes, triggered from PySys: [{'action': 'install', 'id': '5475369', 'name': 'asciijump', 'url': ' ', 'version': '::apt'}, {'action': 'install', 'id': '5474869', 'name': 'robotfindskitten', 'url': ' ', 'version': ' '}, {'action': 'install', 'id': '5475279', 'name': 'squirrel3', 'url': ' ', 'version': '3.1-7::apt'}, {'action': 'install', 'id': '5152439', 'name': 'rolldice', 'url': ' ', 'version': '1.16-1+b1'}, {'action': 'install', 'id': '5439204', 'name': 'moon-buggy', 'url': ' ', 'version': '1:1.0.51-12'}, {'action': 'install', 'id': '5475369', 'name': 'asciijump', 'url': ' ', 'version': '::apt'}]&quot;, 'c8y_SoftwareUpdate': [{'name': 'asciijump', 'action': 'install', 'id': '5475369', 'version': '::apt', 'url': ' '}, {'name': 'robotfindskitten', 'action': 'install', 'id': '5474869', 'version': ' ', 'url': ' '}, {'name': 'squirrel3', 'action': 'install', 'id': '5475279', 'version': '3.1-7::apt', 'url': ' '}, {'name': 'rolldice', 'action': 'install', 'id': '5152439', 'version': '1.16-1+b1', 'url': ' '}, {'name': 'moon-buggy', 'action': 'install', 'id': '5439204', 'version': '1:1.0.51-12', 'url': ' '}, {'name': 'asciijump', 'action': 'install', 'id': '5475369', 'version': '::apt', 'url': ' '}]}
10:28:52 INFO  State of operation 20403429 : PENDING
10:28:55 INFO  State of operation 20403429 : EXECUTING
10:28:57 INFO  State of operation 20403429 : EXECUTING
10:28:59 INFO  State of operation 20403429 : EXECUTING
10:29:01 INFO  State of operation 20403429 : EXECUTING
10:29:04 INFO  State of operation 20403429 : EXECUTING
10:29:07 INFO  State of operation 20403429 : EXECUTING
10:29:09 INFO  State of operation 20403429 : EXECUTING
10:29:12 INFO  State of operation 20403429 : EXECUTING
10:29:14 INFO  State of operation 20403429 : EXECUTING
10:29:16 INFO  State of operation 20403429 : EXECUTING
10:29:19 INFO  State of operation 20403429 : EXECUTING
10:29:21 INFO  State of operation 20403429 : EXECUTING
10:29:23 INFO  State of operation 20403429 : EXECUTING
10:29:25 INFO  State of operation 20403429 : EXECUTING
10:29:28 INFO  State of operation 20403429 : EXECUTING
10:29:30 INFO  State of operation 20403429 : EXECUTING
10:29:33 INFO  State of operation 20403429 : EXECUTING
10:29:35 INFO  State of operation 20403429 : EXECUTING
10:29:37 INFO  State of operation 20403429 : EXECUTING
10:29:40 INFO  State of operation 20403429 : EXECUTING
10:29:42 INFO  State of operation 20403429 : EXECUTING
10:29:44 INFO  State of operation 20403429 : EXECUTING
10:29:47 INFO  State of operation 20403429 : EXECUTING
10:29:49 INFO  State of operation 20403429 : EXECUTING
10:29:52 INFO  State of operation 20403429 : EXECUTING
10:29:54 INFO  State of operation 20403429 : EXECUTING
10:29:57 INFO  State of operation 20403429 : EXECUTING
10:29:59 INFO  State of operation 20403429 : EXECUTING
10:30:02 INFO  State of operation 20403429 : EXECUTING
10:30:04 INFO  State of operation 20403429 : EXECUTING
10:30:06 INFO  State of operation 20403429 : EXECUTING
10:30:08 INFO  State of operation 20403429 : EXECUTING
10:30:11 INFO  State of operation 20403429 : EXECUTING
10:30:13 INFO  State of operation 20403429 : EXECUTING
10:30:15 INFO  State of operation 20403429 : EXECUTING
10:30:17 INFO  State of operation 20403429 : EXECUTING
10:30:20 INFO  State of operation 20403429 : EXECUTING
10:30:23 INFO  State of operation 20403429 : EXECUTING
10:30:25 INFO  State of operation 20403429 : EXECUTING
10:30:27 INFO  State of operation 20403429 : EXECUTING
10:30:30 INFO  State of operation 20403429 : EXECUTING
10:30:32 INFO  State of operation 20403429 : EXECUTING
10:30:34 INFO  State of operation 20403429 : EXECUTING
10:30:36 INFO  State of operation 20403429 : EXECUTING
10:30:39 INFO  State of operation 20403429 : EXECUTING
10:30:41 INFO  State of operation 20403429 : EXECUTING
10:30:44 INFO  State of operation 20403429 : EXECUTING
10:30:46 INFO  State of operation 20403429 : EXECUTING
10:30:49 INFO  State of operation 20403429 : EXECUTING
10:30:51 INFO  State of operation 20403429 : EXECUTING
10:30:53 INFO  State of operation 20403429 : EXECUTING
10:30:57 INFO  State of operation 20403429 : EXECUTING
10:30:59 INFO  State of operation 20403429 : EXECUTING
10:31:02 INFO  State of operation 20403429 : EXECUTING
10:31:04 INFO  State of operation 20403429 : EXECUTING
10:31:07 INFO  State of operation 20403429 : EXECUTING
10:31:09 INFO  State of operation 20403429 : EXECUTING
10:31:11 INFO  State of operation 20403429 : EXECUTING
10:31:13 INFO  State of operation 20403429 : EXECUTING
10:31:16 INFO  State of operation 20403429 : EXECUTING
10:31:18 WARN  SystemError occurred while running test - Timeout while waiting for status SUCCESSFUL or False
Traceback (most recent call last):
  File &quot;/home/pi/env-pysys/lib/python3.7/site-packages/pysys/baserunner.py&quot;, line 1294, in __call__
    self.testObj.execute()
  File &quot;/home/pi/actions-runner/_work/thin-edge.io/thin-edge.io/tests/PySys/software_management_end_to_end/sm_apt_install_remove_multiple_mixed/run.py&quot;, line 89, in execute
    self.wait_until_succcess()
  File &quot;/home/pi/actions-runner/_work/thin-edge.io/thin-edge.io/tests/PySys/software_management_end_to_end/environment_sm_management.py&quot;, line 324, in wait_until_succcess
    self.wait_until_status(&quot;SUCCESSFUL&quot;)
  File &quot;/home/pi/actions-runner/_work/thin-edge.io/thin-edge.io/tests/PySys/software_management_end_to_end/environment_sm_management.py&quot;, line 381, in wait_until_status
    &quot;Timeout while waiting for status %s or %s&quot; % (status, status2)
SystemError: Timeout while waiting for status SUCCESSFUL or False
10:31:18 WARN  SystemError: Timeout while waiting for status SUCCESSFUL or False ... blocked 
10:31:18 INFO  
10:31:18 INFO  cleanup:
10:31:22 INFO  Executed sudo&lt;tedge_disconnect_c8y&gt;, exit status 0
10:31:23 INFO  Executed systemctl&lt;serv_mapper5&gt;, exit status 3
10:31:23 INFO  
10:31:23 INFO  Test duration: 180.57 secs
10:31:23 INFO  Test final outcome:  BLOCKED
10:31:23 INFO  Test outcome reason: SystemError: Timeout while waiting for status SUCCESSFUL or False
10:31:23 INFO  
</system-out>
	</testcase>
</testsuite>
