<?xml version="1.0" encoding="utf-8"?>
<testsuite failures="1" name="SoftwareManagement.sm_apt_install_download_path" skipped="0" tests="1" time="188.69" timestamp="2022-05-25T13:18:49">
	<testcase classname="AptInstallWithDownloadPath" name="SoftwareManagement.sm_apt_install_download_path">
		<failure message="BLOCKED: SystemError: Timeout while waiting for status FAILED or SUCCESSFUL" type="BLOCKED"/>
		<system-out>13:15:40 INFO  ==============================================================
13:15:40 INFO  Id:    SoftwareManagement.sm_apt_install_download_path
13:15:40 INFO  Dir:   software_management_end_to_end/
13:15:40 INFO  Title: Install package to directory specified in tedge config set tmp.path
13:15:40 INFO  ==============================================================
13:15:40 INFO  Using sw id database: {'asciijump': '5475369', 'robotfindskitten': '5474869', 'squirrel3': '5475279', 'rolldice': '5152439', 'moon-buggy': '5439204', 'apple': '5495053', 'banana': '5494888', 'cherry': '5495382', 'watermelon': '5494510', 'registry': '8018911', 'hello-world': '8021526', 'docker/getting-started': '8021973', 'alpine': '7991792'}
13:15:40 INFO  EnvironmentC8y Setup
13:15:41 INFO  Executed systemctl&lt;serv_mapper1&gt;, exit status 3
13:15:56 INFO  Executed sudo&lt;tedge_connect_c8y&gt;, exit status 0, duration 14 secs
13:15:57 INFO  Executed sudo&lt;tedge_connect_c8y_test&gt;, exit status 0
13:15:58 INFO  Executed systemctl&lt;serv_mosq2&gt;, exit status 0
13:15:59 INFO  Executed systemctl&lt;serv_mapper3&gt;, exit status 0
13:16:01 INFO  State of current operation: PENDING
13:16:03 INFO  State of current operation: PENDING
13:16:06 INFO  State of current operation: PENDING
13:16:08 INFO  State of current operation: PENDING
13:16:10 INFO  State of current operation: PENDING
13:16:12 INFO  State of current operation: PENDING
13:16:15 INFO  State of current operation: PENDING
13:16:17 INFO  State of current operation: PENDING
13:16:19 INFO  State of current operation: PENDING
13:16:21 INFO  State of current operation: PENDING
13:16:24 INFO  State of current operation: PENDING
13:16:26 INFO  State of current operation: PENDING
13:16:28 INFO  State of current operation: PENDING
13:16:30 INFO  State of current operation: PENDING
13:16:33 INFO  State of current operation: PENDING
13:16:35 INFO  State of current operation: PENDING
13:16:37 INFO  State of current operation: PENDING
13:16:39 INFO  State of current operation: PENDING
13:16:42 INFO  State of current operation: PENDING
13:16:44 INFO  State of current operation: PENDING
13:16:46 INFO  State of current operation: PENDING
13:16:48 INFO  State of current operation: PENDING
13:16:50 INFO  State of current operation: PENDING
13:16:53 INFO  State of current operation: PENDING
13:16:55 INFO  State of current operation: PENDING
13:16:57 INFO  State of current operation: PENDING
13:16:59 INFO  State of current operation: PENDING
13:17:02 INFO  State of current operation: PENDING
13:17:04 INFO  State of current operation: PENDING
13:17:06 INFO  State of current operation: PENDING
13:17:08 INFO  State of current operation: PENDING
13:17:10 INFO  State of current operation: PENDING
13:17:13 INFO  State of current operation: PENDING
13:17:15 INFO  State of current operation: PENDING
13:17:17 INFO  State of current operation: PENDING
13:17:19 INFO  State of current operation: PENDING
13:17:22 INFO  State of current operation: PENDING
13:17:24 INFO  State of current operation: PENDING
13:17:26 INFO  State of current operation: PENDING
13:17:28 INFO  State of current operation: PENDING
13:17:31 INFO  State of current operation: PENDING
13:17:33 INFO  State of current operation: PENDING
13:17:35 INFO  State of current operation: PENDING
13:17:37 INFO  State of current operation: PENDING
13:17:40 INFO  State of current operation: PENDING
13:17:42 INFO  State of current operation: PENDING
13:17:44 INFO  State of current operation: PENDING
13:17:46 INFO  State of current operation: PENDING
13:17:48 INFO  State of current operation: PENDING
13:17:51 INFO  State of current operation: PENDING
13:17:53 INFO  State of current operation: PENDING
13:17:55 INFO  State of current operation: PENDING
13:17:57 INFO  State of current operation: PENDING
13:18:00 INFO  State of current operation: PENDING
13:18:02 INFO  State of current operation: PENDING
13:18:04 INFO  State of current operation: PENDING
13:18:06 INFO  State of current operation: PENDING
13:18:09 INFO  State of current operation: PENDING
13:18:11 INFO  State of current operation: PENDING
13:18:13 INFO  State of current operation: PENDING
13:18:15 INFO  State of current operation: PENDING
13:18:17 WARN  SystemError occurred while running test - Timeout while waiting for status FAILED or SUCCESSFUL
Traceback (most recent call last):
  File &quot;/home/pi/env-pysys/lib/python3.7/site-packages/pysys/baserunner.py&quot;, line 1292, in __call__
    self.testObj.setup()
  File &quot;/home/pi/actions-runner/_work/thin-edge.io/thin-edge.io/tests/PySys/software_management_end_to_end/sm_apt_install_download_path/run.py&quot;, line 48, in setup
    super().setup()
  File &quot;/home/pi/actions-runner/_work/thin-edge.io/thin-edge.io/tests/PySys/software_management_end_to_end/environment_sm_management.py&quot;, line 151, in setup
    self.wait_until_end()
  File &quot;/home/pi/actions-runner/_work/thin-edge.io/thin-edge.io/tests/PySys/software_management_end_to_end/environment_sm_management.py&quot;, line 332, in wait_until_end
    self.wait_until_status(&quot;FAILED&quot;, &quot;SUCCESSFUL&quot;)
  File &quot;/home/pi/actions-runner/_work/thin-edge.io/thin-edge.io/tests/PySys/software_management_end_to_end/environment_sm_management.py&quot;, line 381, in wait_until_status
    &quot;Timeout while waiting for status %s or %s&quot; % (status, status2)
SystemError: Timeout while waiting for status FAILED or SUCCESSFUL
13:18:18 WARN  SystemError: Timeout while waiting for status FAILED or SUCCESSFUL ... blocked 
13:18:18 INFO  
13:18:18 INFO  cleanup:
13:18:18 INFO  Executed sudo, exit status 0
13:18:19 INFO  Executed sudo, exit status 0
13:18:23 INFO  Executed sudo&lt;tedge_disconnect_c8y&gt;, exit status 0
13:18:23 INFO  Restarting mosquitto too frequently in the last 10 seconds. It was only up for 4 seconds
13:18:23 INFO  Delaying execution by 7 seconds
13:18:44 INFO  Executed sudo&lt;tedge_connect_c8y&gt;, exit status 0, duration 14 secs
13:18:48 INFO  Executed sudo&lt;tedge_disconnect_c8y&gt;, exit status 0
13:18:49 INFO  Executed systemctl&lt;serv_mapper5&gt;, exit status 3
13:18:49 INFO  
13:18:49 INFO  Test duration: 188.69 secs
13:18:49 INFO  Test final outcome:  BLOCKED
13:18:49 INFO  Test outcome reason: SystemError: Timeout while waiting for status FAILED or SUCCESSFUL
13:18:49 INFO  
</system-out>
	</testcase>
</testsuite>
