<?xml version="1.0" encoding="utf-8"?>
<testsuite failures="1" name="SoftwareManagement.sm_apt_install_remove_multiple" skipped="0" tests="1" time="179.76" timestamp="2022-07-26T17:00:33">
	<testcase classname="PySysTest" name="SoftwareManagement.sm_apt_install_remove_multiple">
		<failure message="FAILED: Assert that (False == value) with value=True" type="FAILED"/>
		<system-out>16:57:33 INFO  ==============================================================
16:57:33 INFO  Id:    SoftwareManagement.sm_apt_install_remove_multiple
16:57:33 INFO  Dir:   software_management_end_to_end/
16:57:33 INFO  Title: Validate end to end behaviour for the apt plugin for multiple packages
16:57:33 INFO  ==============================================================
16:57:33 INFO  Using sw id database: {'asciijump': '5475369', 'robotfindskitten': '5474869', 'squirrel3': '5475279', 'rolldice': '5152439', 'moon-buggy': '5439204', 'apple': '5495053', 'banana': '5494888', 'cherry': '5495382', 'watermelon': '5494510', 'registry': '8018911', 'hello-world': '8021526', 'docker/getting-started': '8021973', 'alpine': '7991792'}
16:57:33 INFO  EnvironmentC8y Setup
16:57:33 INFO  Executed systemctl&lt;serv_mapper1&gt;, exit status 3
16:57:34 INFO  Restarting mosquitto too frequently in the last 10 seconds. It was only up for 4 seconds
16:57:34 INFO  Delaying execution by 7 seconds
16:57:55 INFO  Executed sudo&lt;tedge_connect_c8y&gt;, exit status 0, duration 14 secs
16:57:56 INFO  Executed sudo&lt;tedge_connect_c8y_test&gt;, exit status 0
16:57:56 INFO  Executed systemctl&lt;serv_mosq2&gt;, exit status 0
16:57:57 INFO  Executed systemctl&lt;serv_mapper3&gt;, exit status 0
16:57:59 INFO  State of current operation: SUCCESSFUL
16:57:59 INFO  Assert that (False == value) with value=False ... passed
16:57:59 INFO  Assert that (False == value) with value=False ... passed
16:57:59 INFO  Assert that (False == value) with value=False ... passed
16:58:00 INFO  Package robotfindskitten is installed
16:58:00 WARN  Assert that (False == value) with value=True ... failed 
16:58:00 INFO  Response status: 201
16:58:00 INFO  Response to action: {
    &quot;creationTime&quot;: &quot;2022-07-26T16:58:00.408Z&quot;,
    &quot;deviceId&quot;: &quot;21435313&quot;,
    &quot;deviceName&quot;: &quot;m32sd10d&quot;,
    &quot;self&quot;: &quot;https://t493319102.eu-latest.cumulocity.com/devicecontrol/operations/21453131&quot;,
    &quot;id&quot;: &quot;21453131&quot;,
    &quot;status&quot;: &quot;PENDING&quot;,
    &quot;description&quot;: &quot;Apply software changes, triggered from PySys: [{'action': 'install', 'id': '5475369', 'name': 'asciijump', 'url': ' ', 'version': '::apt'}, {'action': 'install', 'id': '5474869', 'name': 'robotfindskitten', 'url': ' ', 'version': '::apt'}, {'action': 'install', 'id': '5475279', 'name': 'squirrel3', 'url': ' ', 'version': '::apt'}]&quot;,
    &quot;c8y_SoftwareUpdate&quot;: [
        {
            &quot;name&quot;: &quot;asciijump&quot;,
            &quot;action&quot;: &quot;install&quot;,
            &quot;id&quot;: &quot;5475369&quot;,
            &quot;version&quot;: &quot;::apt&quot;,
            &quot;url&quot;: &quot; &quot;
        },
        {
            &quot;name&quot;: &quot;robotfindskitten&quot;,
            &quot;action&quot;: &quot;install&quot;,
            &quot;id&quot;: &quot;5474869&quot;,
            &quot;version&quot;: &quot;::apt&quot;,
            &quot;url&quot;: &quot; &quot;
        },
        {
            &quot;name&quot;: &quot;squirrel3&quot;,
            &quot;action&quot;: &quot;install&quot;,
            &quot;id&quot;: &quot;5475279&quot;,
            &quot;version&quot;: &quot;::apt&quot;,
            &quot;url&quot;: &quot; &quot;
        }
    ]
}
16:58:00 INFO  Started operation: {'creationTime': '2022-07-26T16:58:00.408Z', 'deviceId': '21435313', 'deviceName': 'm32sd10d', 'self': 'https://t493319102.eu-latest.cumulocity.com/devicecontrol/operations/21453131', 'id': '21453131', 'status': 'PENDING', 'description': &quot;Apply software changes, triggered from PySys: [{'action': 'install', 'id': '5475369', 'name': 'asciijump', 'url': ' ', 'version': '::apt'}, {'action': 'install', 'id': '5474869', 'name': 'robotfindskitten', 'url': ' ', 'version': '::apt'}, {'action': 'install', 'id': '5475279', 'name': 'squirrel3', 'url': ' ', 'version': '::apt'}]&quot;, 'c8y_SoftwareUpdate': [{'name': 'asciijump', 'action': 'install', 'id': '5475369', 'version': '::apt', 'url': ' '}, {'name': 'robotfindskitten', 'action': 'install', 'id': '5474869', 'version': '::apt', 'url': ' '}, {'name': 'squirrel3', 'action': 'install', 'id': '5475279', 'version': '::apt', 'url': ' '}]}
16:58:02 INFO  State of operation 21453131 : PENDING
16:58:04 INFO  State of operation 21453131 : EXECUTING
16:58:07 INFO  State of operation 21453131 : EXECUTING
16:58:09 INFO  State of operation 21453131 : EXECUTING
16:58:11 INFO  State of operation 21453131 : EXECUTING
16:58:13 INFO  State of operation 21453131 : EXECUTING
16:58:16 INFO  State of operation 21453131 : EXECUTING
16:58:19 INFO  State of operation 21453131 : EXECUTING
16:58:21 INFO  State of operation 21453131 : EXECUTING
16:58:24 INFO  State of operation 21453131 : EXECUTING
16:58:26 INFO  State of operation 21453131 : EXECUTING
16:58:28 INFO  State of operation 21453131 : EXECUTING
16:58:30 INFO  State of operation 21453131 : EXECUTING
16:58:33 INFO  State of operation 21453131 : EXECUTING
16:58:35 INFO  State of operation 21453131 : EXECUTING
16:58:37 INFO  State of operation 21453131 : EXECUTING
16:58:40 INFO  State of operation 21453131 : EXECUTING
16:58:42 INFO  State of operation 21453131 : EXECUTING
16:58:45 INFO  State of operation 21453131 : EXECUTING
16:58:47 INFO  State of operation 21453131 : EXECUTING
16:58:49 INFO  State of operation 21453131 : EXECUTING
16:58:52 INFO  State of operation 21453131 : EXECUTING
16:58:54 INFO  State of operation 21453131 : EXECUTING
16:58:57 INFO  State of operation 21453131 : EXECUTING
16:58:59 INFO  State of operation 21453131 : EXECUTING
16:59:02 INFO  State of operation 21453131 : EXECUTING
16:59:04 INFO  State of operation 21453131 : EXECUTING
16:59:07 INFO  State of operation 21453131 : EXECUTING
16:59:09 INFO  State of operation 21453131 : EXECUTING
16:59:12 INFO  State of operation 21453131 : EXECUTING
16:59:14 INFO  State of operation 21453131 : EXECUTING
16:59:16 INFO  State of operation 21453131 : EXECUTING
16:59:18 INFO  State of operation 21453131 : EXECUTING
16:59:20 INFO  State of operation 21453131 : SUCCESSFUL
16:59:21 INFO  Assert that (False == value) with value=False ... passed
16:59:21 INFO  Package asciijump is installed
16:59:21 INFO  Assert that (True == value) with value=True ... passed
16:59:21 INFO  Package squirrel3 is installed
16:59:21 INFO  Assert that (True == value) with value=True ... passed
16:59:21 INFO  Package robotfindskitten is installed
16:59:21 INFO  Assert that (True == value) with value=True ... passed
16:59:22 INFO  Response status: 201
16:59:22 INFO  Response to action: {
    &quot;creationTime&quot;: &quot;2022-07-26T16:59:22.037Z&quot;,
    &quot;deviceId&quot;: &quot;21435313&quot;,
    &quot;deviceName&quot;: &quot;m32sd10d&quot;,
    &quot;self&quot;: &quot;https://t493319102.eu-latest.cumulocity.com/devicecontrol/operations/21453146&quot;,
    &quot;id&quot;: &quot;21453146&quot;,
    &quot;status&quot;: &quot;PENDING&quot;,
    &quot;description&quot;: &quot;Apply software changes, triggered from PySys: [{'action': 'delete', 'id': '5475369', 'name': 'asciijump', 'url': ' ', 'version': '::apt'}, {'action': 'delete', 'id': '5474869', 'name': 'robotfindskitten', 'url': ' ', 'version': '::apt'}, {'action': 'delete', 'id': '5475279', 'name': 'squirrel3', 'url': ' ', 'version': '::apt'}]&quot;,
    &quot;c8y_SoftwareUpdate&quot;: [
        {
            &quot;name&quot;: &quot;asciijump&quot;,
            &quot;action&quot;: &quot;delete&quot;,
            &quot;id&quot;: &quot;5475369&quot;,
            &quot;version&quot;: &quot;::apt&quot;,
            &quot;url&quot;: &quot; &quot;
        },
        {
            &quot;name&quot;: &quot;robotfindskitten&quot;,
            &quot;action&quot;: &quot;delete&quot;,
            &quot;id&quot;: &quot;5474869&quot;,
            &quot;version&quot;: &quot;::apt&quot;,
            &quot;url&quot;: &quot; &quot;
        },
        {
            &quot;name&quot;: &quot;squirrel3&quot;,
            &quot;action&quot;: &quot;delete&quot;,
            &quot;id&quot;: &quot;5475279&quot;,
            &quot;version&quot;: &quot;::apt&quot;,
            &quot;url&quot;: &quot; &quot;
        }
    ]
}
16:59:22 INFO  Started operation: {'creationTime': '2022-07-26T16:59:22.037Z', 'deviceId': '21435313', 'deviceName': 'm32sd10d', 'self': 'https://t493319102.eu-latest.cumulocity.com/devicecontrol/operations/21453146', 'id': '21453146', 'status': 'PENDING', 'description': &quot;Apply software changes, triggered from PySys: [{'action': 'delete', 'id': '5475369', 'name': 'asciijump', 'url': ' ', 'version': '::apt'}, {'action': 'delete', 'id': '5474869', 'name': 'robotfindskitten', 'url': ' ', 'version': '::apt'}, {'action': 'delete', 'id': '5475279', 'name': 'squirrel3', 'url': ' ', 'version': '::apt'}]&quot;, 'c8y_SoftwareUpdate': [{'name': 'asciijump', 'action': 'delete', 'id': '5475369', 'version': '::apt', 'url': ' '}, {'name': 'robotfindskitten', 'action': 'delete', 'id': '5474869', 'version': '::apt', 'url': ' '}, {'name': 'squirrel3', 'action': 'delete', 'id': '5475279', 'version': '::apt', 'url': ' '}]}
16:59:24 INFO  State of operation 21453146 : PENDING
16:59:26 INFO  State of operation 21453146 : EXECUTING
16:59:28 INFO  State of operation 21453146 : EXECUTING
16:59:30 INFO  State of operation 21453146 : EXECUTING
16:59:33 INFO  State of operation 21453146 : EXECUTING
16:59:35 INFO  State of operation 21453146 : EXECUTING
16:59:38 INFO  State of operation 21453146 : EXECUTING
16:59:41 INFO  State of operation 21453146 : EXECUTING
16:59:43 INFO  State of operation 21453146 : EXECUTING
16:59:45 INFO  State of operation 21453146 : EXECUTING
16:59:48 INFO  State of operation 21453146 : EXECUTING
16:59:50 INFO  State of operation 21453146 : EXECUTING
16:59:52 INFO  State of operation 21453146 : EXECUTING
16:59:54 INFO  State of operation 21453146 : EXECUTING
16:59:57 INFO  State of operation 21453146 : EXECUTING
16:59:59 INFO  State of operation 21453146 : EXECUTING
17:00:01 INFO  State of operation 21453146 : EXECUTING
17:00:04 INFO  State of operation 21453146 : EXECUTING
17:00:06 INFO  State of operation 21453146 : EXECUTING
17:00:09 INFO  State of operation 21453146 : EXECUTING
17:00:11 INFO  State of operation 21453146 : EXECUTING
17:00:13 INFO  State of operation 21453146 : EXECUTING
17:00:15 INFO  State of operation 21453146 : EXECUTING
17:00:17 INFO  State of operation 21453146 : EXECUTING
17:00:20 INFO  State of operation 21453146 : EXECUTING
17:00:23 INFO  State of operation 21453146 : EXECUTING
17:00:25 INFO  State of operation 21453146 : EXECUTING
17:00:27 INFO  State of operation 21453146 : SUCCESSFUL
17:00:27 INFO  Assert that (False == value) with value=False ... passed
17:00:28 INFO  Assert that (False == value) with value=False ... passed
17:00:28 INFO  Assert that (False == value) with value=False ... passed
17:00:28 INFO  Assert that (False == value) with value=False ... passed
17:00:28 INFO  
17:00:28 INFO  cleanup:
17:00:32 INFO  Executed sudo&lt;tedge_disconnect_c8y&gt;, exit status 0
17:00:33 INFO  Executed systemctl&lt;serv_mapper5&gt;, exit status 3
17:00:33 INFO  
17:00:33 INFO  Test duration: 179.76 secs
17:00:33 INFO  Test final outcome:  FAILED
17:00:33 INFO  Test outcome reason: Assert that (False == value) with value=True
17:00:33 INFO  
</system-out>
	</testcase>
</testsuite>
