<?xml version="1.0" encoding="utf-8"?>
<testsuite failures="0" name="apt_remove_fail" skipped="0" tests="1" time="8.58" timestamp="2022-06-22T14:18:44">
	<testcase classname="AptPluginRemoveFails" name="apt_remove_fail"/>
</testsuite>
