<?xml version="1.0" encoding="utf-8"?>
<testsuite failures="1" name="SoftwareManagement.sm_apt_install_remove_multiple" skipped="0" tests="1" time="180.29" timestamp="2022-06-22T14:38:20">
	<testcase classname="PySysTest" name="SoftwareManagement.sm_apt_install_remove_multiple">
		<failure message="FAILED: Assert that (False == value) with value=True" type="FAILED"/>
		<system-out>14:35:20 INFO  ==============================================================
14:35:20 INFO  Id:    SoftwareManagement.sm_apt_install_remove_multiple
14:35:20 INFO  Dir:   software_management_end_to_end/
14:35:20 INFO  Title: Validate end to end behaviour for the apt plugin for multiple packages
14:35:20 INFO  ==============================================================
14:35:20 INFO  Using sw id database: {'asciijump': '5475369', 'robotfindskitten': '5474869', 'squirrel3': '5475279', 'rolldice': '5152439', 'moon-buggy': '5439204', 'apple': '5495053', 'banana': '5494888', 'cherry': '5495382', 'watermelon': '5494510', 'registry': '8018911', 'hello-world': '8021526', 'docker/getting-started': '8021973', 'alpine': '7991792'}
14:35:20 INFO  EnvironmentC8y Setup
14:35:20 INFO  Executed systemctl&lt;serv_mapper1&gt;, exit status 3
14:35:20 INFO  Restarting mosquitto too frequently in the last 10 seconds. It was only up for 4 seconds
14:35:20 INFO  Delaying execution by 7 seconds
14:35:41 INFO  Executed sudo&lt;tedge_connect_c8y&gt;, exit status 0, duration 13 secs
14:35:42 INFO  Executed sudo&lt;tedge_connect_c8y_test&gt;, exit status 0
14:35:42 INFO  Executed systemctl&lt;serv_mosq2&gt;, exit status 0
14:35:43 INFO  Executed systemctl&lt;serv_mapper3&gt;, exit status 0
14:35:45 INFO  State of current operation: SUCCESSFUL
14:35:45 INFO  Assert that (False == value) with value=False ... passed
14:35:45 INFO  Assert that (False == value) with value=False ... passed
14:35:46 INFO  Assert that (False == value) with value=False ... passed
14:35:46 INFO  Package robotfindskitten is installed
14:35:46 WARN  Assert that (False == value) with value=True ... failed 
14:35:46 INFO  Response status: 201
14:35:46 INFO  Response to action: {
    &quot;creationTime&quot;: &quot;2022-06-22T14:35:46.584Z&quot;,
    &quot;deviceName&quot;: &quot;m32sd10d&quot;,
    &quot;deviceId&quot;: &quot;20404325&quot;,
    &quot;self&quot;: &quot;https://t493319102.eu-latest.cumulocity.com/devicecontrol/operations/20413643&quot;,
    &quot;id&quot;: &quot;20413643&quot;,
    &quot;status&quot;: &quot;PENDING&quot;,
    &quot;description&quot;: &quot;Apply software changes, triggered from PySys: [{'action': 'install', 'id': '5475369', 'name': 'asciijump', 'url': ' ', 'version': '::apt'}, {'action': 'install', 'id': '5474869', 'name': 'robotfindskitten', 'url': ' ', 'version': '::apt'}, {'action': 'install', 'id': '5475279', 'name': 'squirrel3', 'url': ' ', 'version': '::apt'}]&quot;,
    &quot;c8y_SoftwareUpdate&quot;: [
        {
            &quot;name&quot;: &quot;asciijump&quot;,
            &quot;action&quot;: &quot;install&quot;,
            &quot;id&quot;: &quot;5475369&quot;,
            &quot;version&quot;: &quot;::apt&quot;,
            &quot;url&quot;: &quot; &quot;
        },
        {
            &quot;name&quot;: &quot;robotfindskitten&quot;,
            &quot;action&quot;: &quot;install&quot;,
            &quot;id&quot;: &quot;5474869&quot;,
            &quot;version&quot;: &quot;::apt&quot;,
            &quot;url&quot;: &quot; &quot;
        },
        {
            &quot;name&quot;: &quot;squirrel3&quot;,
            &quot;action&quot;: &quot;install&quot;,
            &quot;id&quot;: &quot;5475279&quot;,
            &quot;version&quot;: &quot;::apt&quot;,
            &quot;url&quot;: &quot; &quot;
        }
    ]
}
14:35:46 INFO  Started operation: {'creationTime': '2022-06-22T14:35:46.584Z', 'deviceName': 'm32sd10d', 'deviceId': '20404325', 'self': 'https://t493319102.eu-latest.cumulocity.com/devicecontrol/operations/20413643', 'id': '20413643', 'status': 'PENDING', 'description': &quot;Apply software changes, triggered from PySys: [{'action': 'install', 'id': '5475369', 'name': 'asciijump', 'url': ' ', 'version': '::apt'}, {'action': 'install', 'id': '5474869', 'name': 'robotfindskitten', 'url': ' ', 'version': '::apt'}, {'action': 'install', 'id': '5475279', 'name': 'squirrel3', 'url': ' ', 'version': '::apt'}]&quot;, 'c8y_SoftwareUpdate': [{'name': 'asciijump', 'action': 'install', 'id': '5475369', 'version': '::apt', 'url': ' '}, {'name': 'robotfindskitten', 'action': 'install', 'id': '5474869', 'version': '::apt', 'url': ' '}, {'name': 'squirrel3', 'action': 'install', 'id': '5475279', 'version': '::apt', 'url': ' '}]}
14:35:48 INFO  State of operation 20413643 : PENDING
14:35:51 INFO  State of operation 20413643 : EXECUTING
14:35:53 INFO  State of operation 20413643 : EXECUTING
14:35:55 INFO  State of operation 20413643 : EXECUTING
14:35:58 INFO  State of operation 20413643 : EXECUTING
14:36:00 INFO  State of operation 20413643 : EXECUTING
14:36:03 INFO  State of operation 20413643 : EXECUTING
14:36:06 INFO  State of operation 20413643 : EXECUTING
14:36:08 INFO  State of operation 20413643 : EXECUTING
14:36:10 INFO  State of operation 20413643 : EXECUTING
14:36:13 INFO  State of operation 20413643 : EXECUTING
14:36:15 INFO  State of operation 20413643 : EXECUTING
14:36:17 INFO  State of operation 20413643 : EXECUTING
14:36:19 INFO  State of operation 20413643 : EXECUTING
14:36:22 INFO  State of operation 20413643 : EXECUTING
14:36:24 INFO  State of operation 20413643 : EXECUTING
14:36:26 INFO  State of operation 20413643 : EXECUTING
14:36:29 INFO  State of operation 20413643 : EXECUTING
14:36:31 INFO  State of operation 20413643 : EXECUTING
14:36:33 INFO  State of operation 20413643 : EXECUTING
14:36:36 INFO  State of operation 20413643 : EXECUTING
14:36:38 INFO  State of operation 20413643 : EXECUTING
14:36:41 INFO  State of operation 20413643 : EXECUTING
14:36:44 INFO  State of operation 20413643 : EXECUTING
14:36:46 INFO  State of operation 20413643 : EXECUTING
14:36:49 INFO  State of operation 20413643 : EXECUTING
14:36:51 INFO  State of operation 20413643 : EXECUTING
14:36:54 INFO  State of operation 20413643 : EXECUTING
14:36:56 INFO  State of operation 20413643 : EXECUTING
14:36:58 INFO  State of operation 20413643 : EXECUTING
14:37:00 INFO  State of operation 20413643 : EXECUTING
14:37:03 INFO  State of operation 20413643 : EXECUTING
14:37:05 INFO  State of operation 20413643 : EXECUTING
14:37:07 INFO  State of operation 20413643 : SUCCESSFUL
14:37:07 INFO  Assert that (False == value) with value=False ... passed
14:37:08 INFO  Package asciijump is installed
14:37:08 INFO  Assert that (True == value) with value=True ... passed
14:37:08 INFO  Package squirrel3 is installed
14:37:08 INFO  Assert that (True == value) with value=True ... passed
14:37:08 INFO  Package robotfindskitten is installed
14:37:08 INFO  Assert that (True == value) with value=True ... passed
14:37:08 INFO  Response status: 201
14:37:08 INFO  Response to action: {
    &quot;creationTime&quot;: &quot;2022-06-22T14:37:08.745Z&quot;,
    &quot;deviceName&quot;: &quot;m32sd10d&quot;,
    &quot;deviceId&quot;: &quot;20404325&quot;,
    &quot;self&quot;: &quot;https://t493319102.eu-latest.cumulocity.com/devicecontrol/operations/20413651&quot;,
    &quot;id&quot;: &quot;20413651&quot;,
    &quot;status&quot;: &quot;PENDING&quot;,
    &quot;description&quot;: &quot;Apply software changes, triggered from PySys: [{'action': 'delete', 'id': '5475369', 'name': 'asciijump', 'url': ' ', 'version': '::apt'}, {'action': 'delete', 'id': '5474869', 'name': 'robotfindskitten', 'url': ' ', 'version': '::apt'}, {'action': 'delete', 'id': '5475279', 'name': 'squirrel3', 'url': ' ', 'version': '::apt'}]&quot;,
    &quot;c8y_SoftwareUpdate&quot;: [
        {
            &quot;name&quot;: &quot;asciijump&quot;,
            &quot;action&quot;: &quot;delete&quot;,
            &quot;id&quot;: &quot;5475369&quot;,
            &quot;version&quot;: &quot;::apt&quot;,
            &quot;url&quot;: &quot; &quot;
        },
        {
            &quot;name&quot;: &quot;robotfindskitten&quot;,
            &quot;action&quot;: &quot;delete&quot;,
            &quot;id&quot;: &quot;5474869&quot;,
            &quot;version&quot;: &quot;::apt&quot;,
            &quot;url&quot;: &quot; &quot;
        },
        {
            &quot;name&quot;: &quot;squirrel3&quot;,
            &quot;action&quot;: &quot;delete&quot;,
            &quot;id&quot;: &quot;5475279&quot;,
            &quot;version&quot;: &quot;::apt&quot;,
            &quot;url&quot;: &quot; &quot;
        }
    ]
}
14:37:08 INFO  Started operation: {'creationTime': '2022-06-22T14:37:08.745Z', 'deviceName': 'm32sd10d', 'deviceId': '20404325', 'self': 'https://t493319102.eu-latest.cumulocity.com/devicecontrol/operations/20413651', 'id': '20413651', 'status': 'PENDING', 'description': &quot;Apply software changes, triggered from PySys: [{'action': 'delete', 'id': '5475369', 'name': 'asciijump', 'url': ' ', 'version': '::apt'}, {'action': 'delete', 'id': '5474869', 'name': 'robotfindskitten', 'url': ' ', 'version': '::apt'}, {'action': 'delete', 'id': '5475279', 'name': 'squirrel3', 'url': ' ', 'version': '::apt'}]&quot;, 'c8y_SoftwareUpdate': [{'name': 'asciijump', 'action': 'delete', 'id': '5475369', 'version': '::apt', 'url': ' '}, {'name': 'robotfindskitten', 'action': 'delete', 'id': '5474869', 'version': '::apt', 'url': ' '}, {'name': 'squirrel3', 'action': 'delete', 'id': '5475279', 'version': '::apt', 'url': ' '}]}
14:37:11 INFO  State of operation 20413651 : PENDING
14:37:13 INFO  State of operation 20413651 : EXECUTING
14:37:15 INFO  State of operation 20413651 : EXECUTING
14:37:17 INFO  State of operation 20413651 : EXECUTING
14:37:19 INFO  State of operation 20413651 : EXECUTING
14:37:22 INFO  State of operation 20413651 : EXECUTING
14:37:25 INFO  State of operation 20413651 : EXECUTING
14:37:28 INFO  State of operation 20413651 : EXECUTING
14:37:30 INFO  State of operation 20413651 : EXECUTING
14:37:32 INFO  State of operation 20413651 : EXECUTING
14:37:34 INFO  State of operation 20413651 : EXECUTING
14:37:36 INFO  State of operation 20413651 : EXECUTING
14:37:39 INFO  State of operation 20413651 : EXECUTING
14:37:41 INFO  State of operation 20413651 : EXECUTING
14:37:43 INFO  State of operation 20413651 : EXECUTING
14:37:46 INFO  State of operation 20413651 : EXECUTING
14:37:48 INFO  State of operation 20413651 : EXECUTING
14:37:51 INFO  State of operation 20413651 : EXECUTING
14:37:53 INFO  State of operation 20413651 : EXECUTING
14:37:55 INFO  State of operation 20413651 : EXECUTING
14:37:58 INFO  State of operation 20413651 : EXECUTING
14:38:00 INFO  State of operation 20413651 : EXECUTING
14:38:02 INFO  State of operation 20413651 : EXECUTING
14:38:05 INFO  State of operation 20413651 : EXECUTING
14:38:07 INFO  State of operation 20413651 : EXECUTING
14:38:10 INFO  State of operation 20413651 : EXECUTING
14:38:12 INFO  State of operation 20413651 : EXECUTING
14:38:14 INFO  State of operation 20413651 : SUCCESSFUL
14:38:14 INFO  Assert that (False == value) with value=False ... passed
14:38:15 INFO  Assert that (False == value) with value=False ... passed
14:38:15 INFO  Assert that (False == value) with value=False ... passed
14:38:15 INFO  Assert that (False == value) with value=False ... passed
14:38:15 INFO  
14:38:15 INFO  cleanup:
14:38:19 INFO  Executed sudo&lt;tedge_disconnect_c8y&gt;, exit status 0
14:38:20 INFO  Executed systemctl&lt;serv_mapper5&gt;, exit status 3
14:38:20 INFO  
14:38:20 INFO  Test duration: 180.29 secs
14:38:20 INFO  Test final outcome:  FAILED
14:38:20 INFO  Test outcome reason: Assert that (False == value) with value=True
14:38:20 INFO  
</system-out>
	</testcase>
</testsuite>
