<?xml version="1.0" encoding="utf-8"?>
<testsuite failures="1" name="SoftwareManagement.sm_apt_install_remove_with_version" skipped="0" tests="1" time="152.79" timestamp="2022-07-25T14:22:57">
	<testcase classname="PySysTest" name="SoftwareManagement.sm_apt_install_remove_with_version">
		<failure message="FAILED: Assert that (False == value) with value=True" type="FAILED"/>
		<system-out>14:20:25 INFO  ==============================================================
14:20:25 INFO  Id:    SoftwareManagement.sm_apt_install_remove_with_version
14:20:25 INFO  Dir:   software_management_end_to_end/
14:20:25 INFO  Title: Validate end to end behaviour for the apt plugin for packages with version
14:20:25 INFO  ==============================================================
14:20:25 INFO  Using sw id database: {'asciijump': '5475369', 'robotfindskitten': '5474869', 'squirrel3': '5475279', 'rolldice': '5152439', 'moon-buggy': '5439204', 'apple': '5495053', 'banana': '5494888', 'cherry': '5495382', 'watermelon': '5494510', 'registry': '8018911', 'hello-world': '8021526', 'docker/getting-started': '8021973', 'alpine': '7991792'}
14:20:25 INFO  EnvironmentC8y Setup
14:20:25 INFO  Executed systemctl&lt;serv_mapper1&gt;, exit status 3
14:20:25 INFO  Restarting mosquitto too frequently in the last 10 seconds. It was only up for 4 seconds
14:20:25 INFO  Delaying execution by 7 seconds
14:20:46 INFO  Executed sudo&lt;tedge_connect_c8y&gt;, exit status 0, duration 14 secs
14:20:47 INFO  Executed sudo&lt;tedge_connect_c8y_test&gt;, exit status 0
14:20:48 INFO  Executed systemctl&lt;serv_mosq2&gt;, exit status 0
14:20:48 INFO  Executed systemctl&lt;serv_mapper3&gt;, exit status 0
14:20:50 INFO  State of current operation: SUCCESSFUL
14:20:50 INFO  Package rolldice is installed
14:20:51 WARN  Assert that (False == value) with value=True ... failed 
14:20:51 INFO  Response status: 201
14:20:51 INFO  Response to action: {
    &quot;creationTime&quot;: &quot;2022-07-25T14:20:51.539Z&quot;,
    &quot;deviceId&quot;: &quot;21391559&quot;,
    &quot;deviceName&quot;: &quot;m32sd10d&quot;,
    &quot;self&quot;: &quot;https://t493319102.eu-latest.cumulocity.com/devicecontrol/operations/21402433&quot;,
    &quot;id&quot;: &quot;21402433&quot;,
    &quot;status&quot;: &quot;PENDING&quot;,
    &quot;description&quot;: &quot;Apply software changes, triggered from PySys: [{'name': 'rolldice', 'id': '5152439', 'version': '1.16-1+b1', 'url': '', 'action': 'install'}]&quot;,
    &quot;c8y_SoftwareUpdate&quot;: [
        {
            &quot;name&quot;: &quot;rolldice&quot;,
            &quot;action&quot;: &quot;install&quot;,
            &quot;id&quot;: &quot;5152439&quot;,
            &quot;version&quot;: &quot;1.16-1+b1&quot;,
            &quot;url&quot;: &quot;&quot;
        }
    ]
}
14:20:51 INFO  Started operation: {'creationTime': '2022-07-25T14:20:51.539Z', 'deviceId': '21391559', 'deviceName': 'm32sd10d', 'self': 'https://t493319102.eu-latest.cumulocity.com/devicecontrol/operations/21402433', 'id': '21402433', 'status': 'PENDING', 'description': &quot;Apply software changes, triggered from PySys: [{'name': 'rolldice', 'id': '5152439', 'version': '1.16-1+b1', 'url': '', 'action': 'install'}]&quot;, 'c8y_SoftwareUpdate': [{'name': 'rolldice', 'action': 'install', 'id': '5152439', 'version': '1.16-1+b1', 'url': ''}]}
14:20:53 INFO  State of operation 21402433 : PENDING
14:20:56 INFO  State of operation 21402433 : EXECUTING
14:20:58 INFO  State of operation 21402433 : EXECUTING
14:21:00 INFO  State of operation 21402433 : EXECUTING
14:21:02 INFO  State of operation 21402433 : EXECUTING
14:21:04 INFO  State of operation 21402433 : EXECUTING
14:21:07 INFO  State of operation 21402433 : EXECUTING
14:21:10 INFO  State of operation 21402433 : EXECUTING
14:21:13 INFO  State of operation 21402433 : EXECUTING
14:21:15 INFO  State of operation 21402433 : EXECUTING
14:21:17 INFO  State of operation 21402433 : EXECUTING
14:21:19 INFO  State of operation 21402433 : EXECUTING
14:21:22 INFO  State of operation 21402433 : EXECUTING
14:21:24 INFO  State of operation 21402433 : EXECUTING
14:21:26 INFO  State of operation 21402433 : SUCCESSFUL
14:21:26 INFO  Package rolldice is installed
14:21:26 INFO  Assert that (True == value) with value=True ... passed
14:21:26 INFO  Response status: 201
14:21:26 INFO  Response to action: {
    &quot;creationTime&quot;: &quot;2022-07-25T14:21:26.843Z&quot;,
    &quot;deviceId&quot;: &quot;21391559&quot;,
    &quot;deviceName&quot;: &quot;m32sd10d&quot;,
    &quot;self&quot;: &quot;https://t493319102.eu-latest.cumulocity.com/devicecontrol/operations/21402443&quot;,
    &quot;id&quot;: &quot;21402443&quot;,
    &quot;status&quot;: &quot;PENDING&quot;,
    &quot;description&quot;: &quot;Apply software changes, triggered from PySys: [{'name': 'rolldice', 'id': '5152439', 'version': '88::apt', 'url': '', 'action': 'delete'}]&quot;,
    &quot;c8y_SoftwareUpdate&quot;: [
        {
            &quot;name&quot;: &quot;rolldice&quot;,
            &quot;action&quot;: &quot;delete&quot;,
            &quot;id&quot;: &quot;5152439&quot;,
            &quot;version&quot;: &quot;88::apt&quot;,
            &quot;url&quot;: &quot;&quot;
        }
    ]
}
14:21:26 INFO  Started operation: {'creationTime': '2022-07-25T14:21:26.843Z', 'deviceId': '21391559', 'deviceName': 'm32sd10d', 'self': 'https://t493319102.eu-latest.cumulocity.com/devicecontrol/operations/21402443', 'id': '21402443', 'status': 'PENDING', 'description': &quot;Apply software changes, triggered from PySys: [{'name': 'rolldice', 'id': '5152439', 'version': '88::apt', 'url': '', 'action': 'delete'}]&quot;, 'c8y_SoftwareUpdate': [{'name': 'rolldice', 'action': 'delete', 'id': '5152439', 'version': '88::apt', 'url': ''}]}
14:21:29 INFO  State of operation 21402443 : PENDING
14:21:31 INFO  State of operation 21402443 : EXECUTING
14:21:33 INFO  State of operation 21402443 : EXECUTING
14:21:35 INFO  State of operation 21402443 : EXECUTING
14:21:37 INFO  State of operation 21402443 : EXECUTING
14:21:40 INFO  State of operation 21402443 : EXECUTING
14:21:43 INFO  State of operation 21402443 : EXECUTING
14:21:45 INFO  State of operation 21402443 : EXECUTING
14:21:48 INFO  State of operation 21402443 : EXECUTING
14:21:50 INFO  State of operation 21402443 : EXECUTING
14:21:52 INFO  State of operation 21402443 : EXECUTING
14:21:54 INFO  State of operation 21402443 : EXECUTING
14:21:57 INFO  State of operation 21402443 : EXECUTING
14:21:59 INFO  State of operation 21402443 : FAILED
14:21:59 INFO  Package rolldice is installed
14:21:59 INFO  Assert that (True == value) with value=True ... passed
14:22:00 INFO  Response status: 201
14:22:00 INFO  Response to action: {
    &quot;creationTime&quot;: &quot;2022-07-25T14:22:00.150Z&quot;,
    &quot;deviceId&quot;: &quot;21391559&quot;,
    &quot;deviceName&quot;: &quot;m32sd10d&quot;,
    &quot;self&quot;: &quot;https://t493319102.eu-latest.cumulocity.com/devicecontrol/operations/21402455&quot;,
    &quot;id&quot;: &quot;21402455&quot;,
    &quot;status&quot;: &quot;PENDING&quot;,
    &quot;description&quot;: &quot;Apply software changes, triggered from PySys: [{'name': 'rolldice', 'id': '5152439', 'version': '1.16-1+b1', 'url': '', 'action': 'delete'}]&quot;,
    &quot;c8y_SoftwareUpdate&quot;: [
        {
            &quot;name&quot;: &quot;rolldice&quot;,
            &quot;action&quot;: &quot;delete&quot;,
            &quot;id&quot;: &quot;5152439&quot;,
            &quot;version&quot;: &quot;1.16-1+b1&quot;,
            &quot;url&quot;: &quot;&quot;
        }
    ]
}
14:22:00 INFO  Started operation: {'creationTime': '2022-07-25T14:22:00.150Z', 'deviceId': '21391559', 'deviceName': 'm32sd10d', 'self': 'https://t493319102.eu-latest.cumulocity.com/devicecontrol/operations/21402455', 'id': '21402455', 'status': 'PENDING', 'description': &quot;Apply software changes, triggered from PySys: [{'name': 'rolldice', 'id': '5152439', 'version': '1.16-1+b1', 'url': '', 'action': 'delete'}]&quot;, 'c8y_SoftwareUpdate': [{'name': 'rolldice', 'action': 'delete', 'id': '5152439', 'version': '1.16-1+b1', 'url': ''}]}
14:22:02 INFO  State of operation 21402455 : PENDING
14:22:04 INFO  State of operation 21402455 : EXECUTING
14:22:07 INFO  State of operation 21402455 : EXECUTING
14:22:09 INFO  State of operation 21402455 : EXECUTING
14:22:11 INFO  State of operation 21402455 : EXECUTING
14:22:13 INFO  State of operation 21402455 : EXECUTING
14:22:16 INFO  State of operation 21402455 : EXECUTING
14:22:19 INFO  State of operation 21402455 : EXECUTING
14:22:21 INFO  State of operation 21402455 : EXECUTING
14:22:23 INFO  State of operation 21402455 : EXECUTING
14:22:26 INFO  State of operation 21402455 : EXECUTING
14:22:28 INFO  State of operation 21402455 : EXECUTING
14:22:36 INFO  State of operation 21402455 : EXECUTING
14:22:38 INFO  State of operation 21402455 : EXECUTING
14:22:41 INFO  State of operation 21402455 : EXECUTING
14:22:43 INFO  State of operation 21402455 : EXECUTING
14:22:46 INFO  State of operation 21402455 : EXECUTING
14:22:48 INFO  State of operation 21402455 : EXECUTING
14:22:50 INFO  State of operation 21402455 : EXECUTING
14:22:52 INFO  State of operation 21402455 : SUCCESSFUL
14:22:53 INFO  Assert that (False == value) with value=False ... passed
14:22:53 INFO  
14:22:53 INFO  cleanup:
14:22:57 INFO  Executed sudo&lt;tedge_disconnect_c8y&gt;, exit status 0
14:22:57 INFO  Executed systemctl&lt;serv_mapper5&gt;, exit status 3
14:22:57 INFO  
14:22:57 INFO  Test duration: 152.79 secs
14:22:57 INFO  Test final outcome:  FAILED
14:22:57 INFO  Test outcome reason: Assert that (False == value) with value=True
14:22:57 INFO  
</system-out>
	</testcase>
</testsuite>
