<?xml version="1.0" encoding="utf-8"?>
<testsuite failures="1" name="SoftwareManagement.sm_apt_install_remove_multiple" skipped="0" tests="1" time="179.25" timestamp="2022-06-22T19:30:17">
	<testcase classname="PySysTest" name="SoftwareManagement.sm_apt_install_remove_multiple">
		<failure message="FAILED: Assert that (False == value) with value=True" type="FAILED"/>
		<system-out>19:27:18 INFO  ==============================================================
19:27:18 INFO  Id:    SoftwareManagement.sm_apt_install_remove_multiple
19:27:18 INFO  Dir:   software_management_end_to_end/
19:27:18 INFO  Title: Validate end to end behaviour for the apt plugin for multiple packages
19:27:18 INFO  ==============================================================
19:27:18 INFO  Using sw id database: {'asciijump': '5475369', 'robotfindskitten': '5474869', 'squirrel3': '5475279', 'rolldice': '5152439', 'moon-buggy': '5439204', 'apple': '5495053', 'banana': '5494888', 'cherry': '5495382', 'watermelon': '5494510', 'registry': '8018911', 'hello-world': '8021526', 'docker/getting-started': '8021973', 'alpine': '7991792'}
19:27:18 INFO  EnvironmentC8y Setup
19:27:19 INFO  Executed systemctl&lt;serv_mapper1&gt;, exit status 3
19:27:19 INFO  Restarting mosquitto too frequently in the last 10 seconds. It was only up for 5 seconds
19:27:19 INFO  Delaying execution by 6 seconds
19:27:39 INFO  Executed sudo&lt;tedge_connect_c8y&gt;, exit status 0, duration 13 secs
19:27:39 INFO  Executed sudo&lt;tedge_connect_c8y_test&gt;, exit status 0
19:27:40 INFO  Executed systemctl&lt;serv_mosq2&gt;, exit status 0
19:27:40 INFO  Executed systemctl&lt;serv_mapper3&gt;, exit status 0
19:27:42 INFO  State of current operation: SUCCESSFUL
19:27:43 INFO  Assert that (False == value) with value=False ... passed
19:27:43 INFO  Assert that (False == value) with value=False ... passed
19:27:43 INFO  Assert that (False == value) with value=False ... passed
19:27:43 INFO  Package robotfindskitten is installed
19:27:43 WARN  Assert that (False == value) with value=True ... failed 
19:27:45 INFO  Response status: 201
19:27:45 INFO  Response to action: {
    &quot;creationTime&quot;: &quot;2022-06-22T19:27:44.758Z&quot;,
    &quot;deviceName&quot;: &quot;m32sd10d&quot;,
    &quot;deviceId&quot;: &quot;20418361&quot;,
    &quot;self&quot;: &quot;https://t493319102.eu-latest.cumulocity.com/devicecontrol/operations/20449347&quot;,
    &quot;id&quot;: &quot;20449347&quot;,
    &quot;status&quot;: &quot;PENDING&quot;,
    &quot;description&quot;: &quot;Apply software changes, triggered from PySys: [{'action': 'install', 'id': '5475369', 'name': 'asciijump', 'url': ' ', 'version': '::apt'}, {'action': 'install', 'id': '5474869', 'name': 'robotfindskitten', 'url': ' ', 'version': '::apt'}, {'action': 'install', 'id': '5475279', 'name': 'squirrel3', 'url': ' ', 'version': '::apt'}]&quot;,
    &quot;c8y_SoftwareUpdate&quot;: [
        {
            &quot;name&quot;: &quot;asciijump&quot;,
            &quot;action&quot;: &quot;install&quot;,
            &quot;id&quot;: &quot;5475369&quot;,
            &quot;version&quot;: &quot;::apt&quot;,
            &quot;url&quot;: &quot; &quot;
        },
        {
            &quot;name&quot;: &quot;robotfindskitten&quot;,
            &quot;action&quot;: &quot;install&quot;,
            &quot;id&quot;: &quot;5474869&quot;,
            &quot;version&quot;: &quot;::apt&quot;,
            &quot;url&quot;: &quot; &quot;
        },
        {
            &quot;name&quot;: &quot;squirrel3&quot;,
            &quot;action&quot;: &quot;install&quot;,
            &quot;id&quot;: &quot;5475279&quot;,
            &quot;version&quot;: &quot;::apt&quot;,
            &quot;url&quot;: &quot; &quot;
        }
    ]
}
19:27:45 INFO  Started operation: {'creationTime': '2022-06-22T19:27:44.758Z', 'deviceName': 'm32sd10d', 'deviceId': '20418361', 'self': 'https://t493319102.eu-latest.cumulocity.com/devicecontrol/operations/20449347', 'id': '20449347', 'status': 'PENDING', 'description': &quot;Apply software changes, triggered from PySys: [{'action': 'install', 'id': '5475369', 'name': 'asciijump', 'url': ' ', 'version': '::apt'}, {'action': 'install', 'id': '5474869', 'name': 'robotfindskitten', 'url': ' ', 'version': '::apt'}, {'action': 'install', 'id': '5475279', 'name': 'squirrel3', 'url': ' ', 'version': '::apt'}]&quot;, 'c8y_SoftwareUpdate': [{'name': 'asciijump', 'action': 'install', 'id': '5475369', 'version': '::apt', 'url': ' '}, {'name': 'robotfindskitten', 'action': 'install', 'id': '5474869', 'version': '::apt', 'url': ' '}, {'name': 'squirrel3', 'action': 'install', 'id': '5475279', 'version': '::apt', 'url': ' '}]}
19:27:47 INFO  State of operation 20449347 : PENDING
19:27:49 INFO  State of operation 20449347 : EXECUTING
19:27:51 INFO  State of operation 20449347 : EXECUTING
19:27:53 INFO  State of operation 20449347 : EXECUTING
19:27:56 INFO  State of operation 20449347 : EXECUTING
19:27:58 INFO  State of operation 20449347 : EXECUTING
19:28:01 INFO  State of operation 20449347 : EXECUTING
19:28:04 INFO  State of operation 20449347 : EXECUTING
19:28:06 INFO  State of operation 20449347 : EXECUTING
19:28:08 INFO  State of operation 20449347 : EXECUTING
19:28:11 INFO  State of operation 20449347 : EXECUTING
19:28:13 INFO  State of operation 20449347 : EXECUTING
19:28:15 INFO  State of operation 20449347 : EXECUTING
19:28:17 INFO  State of operation 20449347 : EXECUTING
19:28:20 INFO  State of operation 20449347 : EXECUTING
19:28:22 INFO  State of operation 20449347 : EXECUTING
19:28:24 INFO  State of operation 20449347 : EXECUTING
19:28:27 INFO  State of operation 20449347 : EXECUTING
19:28:29 INFO  State of operation 20449347 : EXECUTING
19:28:32 INFO  State of operation 20449347 : EXECUTING
19:28:34 INFO  State of operation 20449347 : EXECUTING
19:28:36 INFO  State of operation 20449347 : EXECUTING
19:28:39 INFO  State of operation 20449347 : EXECUTING
19:28:42 INFO  State of operation 20449347 : EXECUTING
19:28:44 INFO  State of operation 20449347 : EXECUTING
19:28:46 INFO  State of operation 20449347 : EXECUTING
19:28:49 INFO  State of operation 20449347 : EXECUTING
19:28:51 INFO  State of operation 20449347 : EXECUTING
19:28:54 INFO  State of operation 20449347 : EXECUTING
19:28:56 INFO  State of operation 20449347 : EXECUTING
19:28:59 INFO  State of operation 20449347 : EXECUTING
19:29:01 INFO  State of operation 20449347 : EXECUTING
19:29:03 INFO  State of operation 20449347 : EXECUTING
19:29:05 INFO  State of operation 20449347 : SUCCESSFUL
19:29:05 INFO  Assert that (False == value) with value=False ... passed
19:29:06 INFO  Package asciijump is installed
19:29:06 INFO  Assert that (True == value) with value=True ... passed
19:29:06 INFO  Package squirrel3 is installed
19:29:06 INFO  Assert that (True == value) with value=True ... passed
19:29:06 INFO  Package robotfindskitten is installed
19:29:06 INFO  Assert that (True == value) with value=True ... passed
19:29:06 INFO  Response status: 201
19:29:06 INFO  Response to action: {
    &quot;creationTime&quot;: &quot;2022-06-22T19:29:06.791Z&quot;,
    &quot;deviceName&quot;: &quot;m32sd10d&quot;,
    &quot;deviceId&quot;: &quot;20418361&quot;,
    &quot;self&quot;: &quot;https://t493319102.eu-latest.cumulocity.com/devicecontrol/operations/20449363&quot;,
    &quot;id&quot;: &quot;20449363&quot;,
    &quot;status&quot;: &quot;PENDING&quot;,
    &quot;description&quot;: &quot;Apply software changes, triggered from PySys: [{'action': 'delete', 'id': '5475369', 'name': 'asciijump', 'url': ' ', 'version': '::apt'}, {'action': 'delete', 'id': '5474869', 'name': 'robotfindskitten', 'url': ' ', 'version': '::apt'}, {'action': 'delete', 'id': '5475279', 'name': 'squirrel3', 'url': ' ', 'version': '::apt'}]&quot;,
    &quot;c8y_SoftwareUpdate&quot;: [
        {
            &quot;name&quot;: &quot;asciijump&quot;,
            &quot;action&quot;: &quot;delete&quot;,
            &quot;id&quot;: &quot;5475369&quot;,
            &quot;version&quot;: &quot;::apt&quot;,
            &quot;url&quot;: &quot; &quot;
        },
        {
            &quot;name&quot;: &quot;robotfindskitten&quot;,
            &quot;action&quot;: &quot;delete&quot;,
            &quot;id&quot;: &quot;5474869&quot;,
            &quot;version&quot;: &quot;::apt&quot;,
            &quot;url&quot;: &quot; &quot;
        },
        {
            &quot;name&quot;: &quot;squirrel3&quot;,
            &quot;action&quot;: &quot;delete&quot;,
            &quot;id&quot;: &quot;5475279&quot;,
            &quot;version&quot;: &quot;::apt&quot;,
            &quot;url&quot;: &quot; &quot;
        }
    ]
}
19:29:06 INFO  Started operation: {'creationTime': '2022-06-22T19:29:06.791Z', 'deviceName': 'm32sd10d', 'deviceId': '20418361', 'self': 'https://t493319102.eu-latest.cumulocity.com/devicecontrol/operations/20449363', 'id': '20449363', 'status': 'PENDING', 'description': &quot;Apply software changes, triggered from PySys: [{'action': 'delete', 'id': '5475369', 'name': 'asciijump', 'url': ' ', 'version': '::apt'}, {'action': 'delete', 'id': '5474869', 'name': 'robotfindskitten', 'url': ' ', 'version': '::apt'}, {'action': 'delete', 'id': '5475279', 'name': 'squirrel3', 'url': ' ', 'version': '::apt'}]&quot;, 'c8y_SoftwareUpdate': [{'name': 'asciijump', 'action': 'delete', 'id': '5475369', 'version': '::apt', 'url': ' '}, {'name': 'robotfindskitten', 'action': 'delete', 'id': '5474869', 'version': '::apt', 'url': ' '}, {'name': 'squirrel3', 'action': 'delete', 'id': '5475279', 'version': '::apt', 'url': ' '}]}
19:29:09 INFO  State of operation 20449363 : PENDING
19:29:11 INFO  State of operation 20449363 : EXECUTING
19:29:13 INFO  State of operation 20449363 : EXECUTING
19:29:15 INFO  State of operation 20449363 : EXECUTING
19:29:17 INFO  State of operation 20449363 : EXECUTING
19:29:20 INFO  State of operation 20449363 : EXECUTING
19:29:22 INFO  State of operation 20449363 : EXECUTING
19:29:25 INFO  State of operation 20449363 : EXECUTING
19:29:28 INFO  State of operation 20449363 : EXECUTING
19:29:30 INFO  State of operation 20449363 : EXECUTING
19:29:32 INFO  State of operation 20449363 : EXECUTING
19:29:34 INFO  State of operation 20449363 : EXECUTING
19:29:37 INFO  State of operation 20449363 : EXECUTING
19:29:39 INFO  State of operation 20449363 : EXECUTING
19:29:41 INFO  State of operation 20449363 : EXECUTING
19:29:44 INFO  State of operation 20449363 : EXECUTING
19:29:46 INFO  State of operation 20449363 : EXECUTING
19:29:49 INFO  State of operation 20449363 : EXECUTING
19:29:51 INFO  State of operation 20449363 : EXECUTING
19:29:53 INFO  State of operation 20449363 : EXECUTING
19:29:55 INFO  State of operation 20449363 : EXECUTING
19:29:58 INFO  State of operation 20449363 : EXECUTING
19:30:00 INFO  State of operation 20449363 : EXECUTING
19:30:03 INFO  State of operation 20449363 : EXECUTING
19:30:05 INFO  State of operation 20449363 : EXECUTING
19:30:07 INFO  State of operation 20449363 : EXECUTING
19:30:09 INFO  State of operation 20449363 : EXECUTING
19:30:12 INFO  State of operation 20449363 : SUCCESSFUL
19:30:12 INFO  Assert that (False == value) with value=False ... passed
19:30:12 INFO  Assert that (False == value) with value=False ... passed
19:30:12 INFO  Assert that (False == value) with value=False ... passed
19:30:13 INFO  Assert that (False == value) with value=False ... passed
19:30:13 INFO  
19:30:13 INFO  cleanup:
19:30:17 INFO  Executed sudo&lt;tedge_disconnect_c8y&gt;, exit status 0
19:30:17 INFO  Executed systemctl&lt;serv_mapper5&gt;, exit status 3
19:30:17 INFO  
19:30:17 INFO  Test duration: 179.25 secs
19:30:17 INFO  Test final outcome:  FAILED
19:30:17 INFO  Test outcome reason: Assert that (False == value) with value=True
19:30:17 INFO  
</system-out>
	</testcase>
</testsuite>
