<?xml version="1.0" encoding="utf-8"?>
<testsuite failures="0" name="apt_install_fail" skipped="0" tests="1" time="11.38" timestamp="2022-06-10T09:31:12">
	<testcase classname="AptPluginInstallFail" name="apt_install_fail"/>
</testsuite>
