<?xml version="1.0" encoding="utf-8"?>
<testsuite failures="1" name="SoftwareManagement.sm_apt_install_remove_multiple" skipped="0" tests="1" time="177.91" timestamp="2022-07-25T14:17:21">
	<testcase classname="PySysTest" name="SoftwareManagement.sm_apt_install_remove_multiple">
		<failure message="FAILED: Assert that (False == value) with value=True" type="FAILED"/>
		<system-out>14:14:23 INFO  ==============================================================
14:14:23 INFO  Id:    SoftwareManagement.sm_apt_install_remove_multiple
14:14:23 INFO  Dir:   software_management_end_to_end/
14:14:23 INFO  Title: Validate end to end behaviour for the apt plugin for multiple packages
14:14:23 INFO  ==============================================================
14:14:23 INFO  Using sw id database: {'asciijump': '5475369', 'robotfindskitten': '5474869', 'squirrel3': '5475279', 'rolldice': '5152439', 'moon-buggy': '5439204', 'apple': '5495053', 'banana': '5494888', 'cherry': '5495382', 'watermelon': '5494510', 'registry': '8018911', 'hello-world': '8021526', 'docker/getting-started': '8021973', 'alpine': '7991792'}
14:14:23 INFO  EnvironmentC8y Setup
14:14:24 INFO  Executed systemctl&lt;serv_mapper1&gt;, exit status 3
14:14:24 INFO  Restarting mosquitto too frequently in the last 10 seconds. It was only up for 5 seconds
14:14:24 INFO  Delaying execution by 6 seconds
14:14:44 INFO  Executed sudo&lt;tedge_connect_c8y&gt;, exit status 0, duration 13 secs
14:14:44 INFO  Executed sudo&lt;tedge_connect_c8y_test&gt;, exit status 0
14:14:45 INFO  Executed systemctl&lt;serv_mosq2&gt;, exit status 0
14:14:45 INFO  Executed systemctl&lt;serv_mapper3&gt;, exit status 0
14:14:48 INFO  State of current operation: SUCCESSFUL
14:14:48 INFO  Assert that (False == value) with value=False ... passed
14:14:48 INFO  Assert that (False == value) with value=False ... passed
14:14:48 INFO  Assert that (False == value) with value=False ... passed
14:14:49 INFO  Package robotfindskitten is installed
14:14:49 WARN  Assert that (False == value) with value=True ... failed 
14:14:49 INFO  Response status: 201
14:14:49 INFO  Response to action: {
    &quot;creationTime&quot;: &quot;2022-07-25T14:14:49.306Z&quot;,
    &quot;deviceId&quot;: &quot;21391559&quot;,
    &quot;deviceName&quot;: &quot;m32sd10d&quot;,
    &quot;self&quot;: &quot;https://t493319102.eu-latest.cumulocity.com/devicecontrol/operations/21402400&quot;,
    &quot;id&quot;: &quot;21402400&quot;,
    &quot;status&quot;: &quot;PENDING&quot;,
    &quot;description&quot;: &quot;Apply software changes, triggered from PySys: [{'action': 'install', 'id': '5475369', 'name': 'asciijump', 'url': ' ', 'version': '::apt'}, {'action': 'install', 'id': '5474869', 'name': 'robotfindskitten', 'url': ' ', 'version': '::apt'}, {'action': 'install', 'id': '5475279', 'name': 'squirrel3', 'url': ' ', 'version': '::apt'}]&quot;,
    &quot;c8y_SoftwareUpdate&quot;: [
        {
            &quot;name&quot;: &quot;asciijump&quot;,
            &quot;action&quot;: &quot;install&quot;,
            &quot;id&quot;: &quot;5475369&quot;,
            &quot;version&quot;: &quot;::apt&quot;,
            &quot;url&quot;: &quot; &quot;
        },
        {
            &quot;name&quot;: &quot;robotfindskitten&quot;,
            &quot;action&quot;: &quot;install&quot;,
            &quot;id&quot;: &quot;5474869&quot;,
            &quot;version&quot;: &quot;::apt&quot;,
            &quot;url&quot;: &quot; &quot;
        },
        {
            &quot;name&quot;: &quot;squirrel3&quot;,
            &quot;action&quot;: &quot;install&quot;,
            &quot;id&quot;: &quot;5475279&quot;,
            &quot;version&quot;: &quot;::apt&quot;,
            &quot;url&quot;: &quot; &quot;
        }
    ]
}
14:14:49 INFO  Started operation: {'creationTime': '2022-07-25T14:14:49.306Z', 'deviceId': '21391559', 'deviceName': 'm32sd10d', 'self': 'https://t493319102.eu-latest.cumulocity.com/devicecontrol/operations/21402400', 'id': '21402400', 'status': 'PENDING', 'description': &quot;Apply software changes, triggered from PySys: [{'action': 'install', 'id': '5475369', 'name': 'asciijump', 'url': ' ', 'version': '::apt'}, {'action': 'install', 'id': '5474869', 'name': 'robotfindskitten', 'url': ' ', 'version': '::apt'}, {'action': 'install', 'id': '5475279', 'name': 'squirrel3', 'url': ' ', 'version': '::apt'}]&quot;, 'c8y_SoftwareUpdate': [{'name': 'asciijump', 'action': 'install', 'id': '5475369', 'version': '::apt', 'url': ' '}, {'name': 'robotfindskitten', 'action': 'install', 'id': '5474869', 'version': '::apt', 'url': ' '}, {'name': 'squirrel3', 'action': 'install', 'id': '5475279', 'version': '::apt', 'url': ' '}]}
14:14:51 INFO  State of operation 21402400 : PENDING
14:14:53 INFO  State of operation 21402400 : EXECUTING
14:14:56 INFO  State of operation 21402400 : EXECUTING
14:14:58 INFO  State of operation 21402400 : EXECUTING
14:15:00 INFO  State of operation 21402400 : EXECUTING
14:15:02 INFO  State of operation 21402400 : EXECUTING
14:15:05 INFO  State of operation 21402400 : EXECUTING
14:15:08 INFO  State of operation 21402400 : EXECUTING
14:15:10 INFO  State of operation 21402400 : EXECUTING
14:15:13 INFO  State of operation 21402400 : EXECUTING
14:15:15 INFO  State of operation 21402400 : EXECUTING
14:15:17 INFO  State of operation 21402400 : EXECUTING
14:15:19 INFO  State of operation 21402400 : EXECUTING
14:15:22 INFO  State of operation 21402400 : EXECUTING
14:15:24 INFO  State of operation 21402400 : EXECUTING
14:15:26 INFO  State of operation 21402400 : EXECUTING
14:15:28 INFO  State of operation 21402400 : EXECUTING
14:15:31 INFO  State of operation 21402400 : EXECUTING
14:15:33 INFO  State of operation 21402400 : EXECUTING
14:15:36 INFO  State of operation 21402400 : EXECUTING
14:15:38 INFO  State of operation 21402400 : EXECUTING
14:15:41 INFO  State of operation 21402400 : EXECUTING
14:15:43 INFO  State of operation 21402400 : EXECUTING
14:15:46 INFO  State of operation 21402400 : EXECUTING
14:15:48 INFO  State of operation 21402400 : EXECUTING
14:15:51 INFO  State of operation 21402400 : EXECUTING
14:15:53 INFO  State of operation 21402400 : EXECUTING
14:15:56 INFO  State of operation 21402400 : EXECUTING
14:15:58 INFO  State of operation 21402400 : EXECUTING
14:16:00 INFO  State of operation 21402400 : EXECUTING
14:16:02 INFO  State of operation 21402400 : EXECUTING
14:16:05 INFO  State of operation 21402400 : EXECUTING
14:16:07 INFO  State of operation 21402400 : EXECUTING
14:16:09 INFO  State of operation 21402400 : SUCCESSFUL
14:16:09 INFO  Assert that (False == value) with value=False ... passed
14:16:10 INFO  Package asciijump is installed
14:16:10 INFO  Assert that (True == value) with value=True ... passed
14:16:10 INFO  Package squirrel3 is installed
14:16:10 INFO  Assert that (True == value) with value=True ... passed
14:16:10 INFO  Package robotfindskitten is installed
14:16:10 INFO  Assert that (True == value) with value=True ... passed
14:16:10 INFO  Response status: 201
14:16:10 INFO  Response to action: {
    &quot;creationTime&quot;: &quot;2022-07-25T14:16:10.682Z&quot;,
    &quot;deviceId&quot;: &quot;21391559&quot;,
    &quot;deviceName&quot;: &quot;m32sd10d&quot;,
    &quot;self&quot;: &quot;https://t493319102.eu-latest.cumulocity.com/devicecontrol/operations/21402408&quot;,
    &quot;id&quot;: &quot;21402408&quot;,
    &quot;status&quot;: &quot;PENDING&quot;,
    &quot;description&quot;: &quot;Apply software changes, triggered from PySys: [{'action': 'delete', 'id': '5475369', 'name': 'asciijump', 'url': ' ', 'version': '::apt'}, {'action': 'delete', 'id': '5474869', 'name': 'robotfindskitten', 'url': ' ', 'version': '::apt'}, {'action': 'delete', 'id': '5475279', 'name': 'squirrel3', 'url': ' ', 'version': '::apt'}]&quot;,
    &quot;c8y_SoftwareUpdate&quot;: [
        {
            &quot;name&quot;: &quot;asciijump&quot;,
            &quot;action&quot;: &quot;delete&quot;,
            &quot;id&quot;: &quot;5475369&quot;,
            &quot;version&quot;: &quot;::apt&quot;,
            &quot;url&quot;: &quot; &quot;
        },
        {
            &quot;name&quot;: &quot;robotfindskitten&quot;,
            &quot;action&quot;: &quot;delete&quot;,
            &quot;id&quot;: &quot;5474869&quot;,
            &quot;version&quot;: &quot;::apt&quot;,
            &quot;url&quot;: &quot; &quot;
        },
        {
            &quot;name&quot;: &quot;squirrel3&quot;,
            &quot;action&quot;: &quot;delete&quot;,
            &quot;id&quot;: &quot;5475279&quot;,
            &quot;version&quot;: &quot;::apt&quot;,
            &quot;url&quot;: &quot; &quot;
        }
    ]
}
14:16:10 INFO  Started operation: {'creationTime': '2022-07-25T14:16:10.682Z', 'deviceId': '21391559', 'deviceName': 'm32sd10d', 'self': 'https://t493319102.eu-latest.cumulocity.com/devicecontrol/operations/21402408', 'id': '21402408', 'status': 'PENDING', 'description': &quot;Apply software changes, triggered from PySys: [{'action': 'delete', 'id': '5475369', 'name': 'asciijump', 'url': ' ', 'version': '::apt'}, {'action': 'delete', 'id': '5474869', 'name': 'robotfindskitten', 'url': ' ', 'version': '::apt'}, {'action': 'delete', 'id': '5475279', 'name': 'squirrel3', 'url': ' ', 'version': '::apt'}]&quot;, 'c8y_SoftwareUpdate': [{'name': 'asciijump', 'action': 'delete', 'id': '5475369', 'version': '::apt', 'url': ' '}, {'name': 'robotfindskitten', 'action': 'delete', 'id': '5474869', 'version': '::apt', 'url': ' '}, {'name': 'squirrel3', 'action': 'delete', 'id': '5475279', 'version': '::apt', 'url': ' '}]}
14:16:12 INFO  State of operation 21402408 : PENDING
14:16:15 INFO  State of operation 21402408 : EXECUTING
14:16:17 INFO  State of operation 21402408 : EXECUTING
14:16:19 INFO  State of operation 21402408 : EXECUTING
14:16:21 INFO  State of operation 21402408 : EXECUTING
14:16:24 INFO  State of operation 21402408 : EXECUTING
14:16:26 INFO  State of operation 21402408 : EXECUTING
14:16:29 INFO  State of operation 21402408 : EXECUTING
14:16:32 INFO  State of operation 21402408 : EXECUTING
14:16:34 INFO  State of operation 21402408 : EXECUTING
14:16:36 INFO  State of operation 21402408 : EXECUTING
14:16:38 INFO  State of operation 21402408 : EXECUTING
14:16:41 INFO  State of operation 21402408 : EXECUTING
14:16:43 INFO  State of operation 21402408 : EXECUTING
14:16:45 INFO  State of operation 21402408 : EXECUTING
14:16:48 INFO  State of operation 21402408 : EXECUTING
14:16:50 INFO  State of operation 21402408 : EXECUTING
14:16:53 INFO  State of operation 21402408 : EXECUTING
14:16:55 INFO  State of operation 21402408 : EXECUTING
14:16:57 INFO  State of operation 21402408 : EXECUTING
14:16:59 INFO  State of operation 21402408 : EXECUTING
14:17:02 INFO  State of operation 21402408 : EXECUTING
14:17:04 INFO  State of operation 21402408 : EXECUTING
14:17:06 INFO  State of operation 21402408 : EXECUTING
14:17:09 INFO  State of operation 21402408 : EXECUTING
14:17:11 INFO  State of operation 21402408 : EXECUTING
14:17:13 INFO  State of operation 21402408 : EXECUTING
14:17:16 INFO  State of operation 21402408 : SUCCESSFUL
14:17:16 INFO  Assert that (False == value) with value=False ... passed
14:17:16 INFO  Assert that (False == value) with value=False ... passed
14:17:16 INFO  Assert that (False == value) with value=False ... passed
14:17:16 INFO  Assert that (False == value) with value=False ... passed
14:17:16 INFO  
14:17:16 INFO  cleanup:
14:17:20 INFO  Executed sudo&lt;tedge_disconnect_c8y&gt;, exit status 0
14:17:21 INFO  Executed systemctl&lt;serv_mapper5&gt;, exit status 3
14:17:21 INFO  
14:17:21 INFO  Test duration: 177.91 secs
14:17:21 INFO  Test final outcome:  FAILED
14:17:21 INFO  Test outcome reason: Assert that (False == value) with value=True
14:17:21 INFO  
</system-out>
	</testcase>
</testsuite>
