<?xml version="1.0" encoding="utf-8"?>
<testsuite failures="0" name="apt_remove" skipped="0" tests="1" time="64.95" timestamp="2022-07-19T14:03:49">
	<testcase classname="AptPluginRemoveDense" name="apt_remove"/>
</testsuite>
