<?xml version="1.0" encoding="utf-8"?>
<testsuite failures="1" name="SoftwareManagement.sm_apt_install_remove_multiple" skipped="0" tests="1" time="180.43" timestamp="2022-07-22T01:01:49">
	<testcase classname="PySysTest" name="SoftwareManagement.sm_apt_install_remove_multiple">
		<failure message="FAILED: Assert that (False == value) with value=True" type="FAILED"/>
		<system-out>00:58:49 INFO  ==============================================================
00:58:49 INFO  Id:    SoftwareManagement.sm_apt_install_remove_multiple
00:58:49 INFO  Dir:   software_management_end_to_end/
00:58:49 INFO  Title: Validate end to end behaviour for the apt plugin for multiple packages
00:58:49 INFO  ==============================================================
00:58:49 INFO  Using sw id database: {'asciijump': '5475369', 'robotfindskitten': '5474869', 'squirrel3': '5475279', 'rolldice': '5152439', 'moon-buggy': '5439204', 'apple': '5495053', 'banana': '5494888', 'cherry': '5495382', 'watermelon': '5494510', 'registry': '8018911', 'hello-world': '8021526', 'docker/getting-started': '8021973', 'alpine': '7991792'}
00:58:49 INFO  EnvironmentC8y Setup
00:58:49 INFO  Executed systemctl&lt;serv_mapper1&gt;, exit status 3
00:58:49 INFO  Restarting mosquitto too frequently in the last 10 seconds. It was only up for 4 seconds
00:58:49 INFO  Delaying execution by 7 seconds
00:59:10 INFO  Executed sudo&lt;tedge_connect_c8y&gt;, exit status 0, duration 13 secs
00:59:11 INFO  Executed sudo&lt;tedge_connect_c8y_test&gt;, exit status 0
00:59:11 INFO  Executed systemctl&lt;serv_mosq2&gt;, exit status 0
00:59:12 INFO  Executed systemctl&lt;serv_mapper3&gt;, exit status 0
00:59:14 INFO  State of current operation: SUCCESSFUL
00:59:14 INFO  Assert that (False == value) with value=False ... passed
00:59:14 INFO  Assert that (False == value) with value=False ... passed
00:59:15 INFO  Assert that (False == value) with value=False ... passed
00:59:15 INFO  Package robotfindskitten is installed
00:59:15 WARN  Assert that (False == value) with value=True ... failed 
00:59:15 INFO  Response status: 201
00:59:15 INFO  Response to action: {
    &quot;creationTime&quot;: &quot;2022-07-22T00:59:15.511Z&quot;,
    &quot;deviceId&quot;: &quot;21166555&quot;,
    &quot;deviceName&quot;: &quot;m32sd10d&quot;,
    &quot;self&quot;: &quot;https://t493319102.eu-latest.cumulocity.com/devicecontrol/operations/21213820&quot;,
    &quot;id&quot;: &quot;21213820&quot;,
    &quot;status&quot;: &quot;PENDING&quot;,
    &quot;description&quot;: &quot;Apply software changes, triggered from PySys: [{'action': 'install', 'id': '5475369', 'name': 'asciijump', 'url': ' ', 'version': '::apt'}, {'action': 'install', 'id': '5474869', 'name': 'robotfindskitten', 'url': ' ', 'version': '::apt'}, {'action': 'install', 'id': '5475279', 'name': 'squirrel3', 'url': ' ', 'version': '::apt'}]&quot;,
    &quot;c8y_SoftwareUpdate&quot;: [
        {
            &quot;name&quot;: &quot;asciijump&quot;,
            &quot;action&quot;: &quot;install&quot;,
            &quot;id&quot;: &quot;5475369&quot;,
            &quot;version&quot;: &quot;::apt&quot;,
            &quot;url&quot;: &quot; &quot;
        },
        {
            &quot;name&quot;: &quot;robotfindskitten&quot;,
            &quot;action&quot;: &quot;install&quot;,
            &quot;id&quot;: &quot;5474869&quot;,
            &quot;version&quot;: &quot;::apt&quot;,
            &quot;url&quot;: &quot; &quot;
        },
        {
            &quot;name&quot;: &quot;squirrel3&quot;,
            &quot;action&quot;: &quot;install&quot;,
            &quot;id&quot;: &quot;5475279&quot;,
            &quot;version&quot;: &quot;::apt&quot;,
            &quot;url&quot;: &quot; &quot;
        }
    ]
}
00:59:15 INFO  Started operation: {'creationTime': '2022-07-22T00:59:15.511Z', 'deviceId': '21166555', 'deviceName': 'm32sd10d', 'self': 'https://t493319102.eu-latest.cumulocity.com/devicecontrol/operations/21213820', 'id': '21213820', 'status': 'PENDING', 'description': &quot;Apply software changes, triggered from PySys: [{'action': 'install', 'id': '5475369', 'name': 'asciijump', 'url': ' ', 'version': '::apt'}, {'action': 'install', 'id': '5474869', 'name': 'robotfindskitten', 'url': ' ', 'version': '::apt'}, {'action': 'install', 'id': '5475279', 'name': 'squirrel3', 'url': ' ', 'version': '::apt'}]&quot;, 'c8y_SoftwareUpdate': [{'name': 'asciijump', 'action': 'install', 'id': '5475369', 'version': '::apt', 'url': ' '}, {'name': 'robotfindskitten', 'action': 'install', 'id': '5474869', 'version': '::apt', 'url': ' '}, {'name': 'squirrel3', 'action': 'install', 'id': '5475279', 'version': '::apt', 'url': ' '}]}
00:59:17 INFO  State of operation 21213820 : PENDING
00:59:19 INFO  State of operation 21213820 : EXECUTING
00:59:22 INFO  State of operation 21213820 : EXECUTING
00:59:24 INFO  State of operation 21213820 : EXECUTING
00:59:26 INFO  State of operation 21213820 : EXECUTING
00:59:28 INFO  State of operation 21213820 : EXECUTING
00:59:31 INFO  State of operation 21213820 : EXECUTING
00:59:34 INFO  State of operation 21213820 : EXECUTING
00:59:36 INFO  State of operation 21213820 : EXECUTING
00:59:38 INFO  State of operation 21213820 : EXECUTING
00:59:41 INFO  State of operation 21213820 : EXECUTING
00:59:43 INFO  State of operation 21213820 : EXECUTING
00:59:45 INFO  State of operation 21213820 : EXECUTING
00:59:47 INFO  State of operation 21213820 : EXECUTING
00:59:50 INFO  State of operation 21213820 : EXECUTING
00:59:52 INFO  State of operation 21213820 : EXECUTING
00:59:54 INFO  State of operation 21213820 : EXECUTING
00:59:57 INFO  State of operation 21213820 : EXECUTING
00:59:59 INFO  State of operation 21213820 : EXECUTING
01:00:02 INFO  State of operation 21213820 : EXECUTING
01:00:04 INFO  State of operation 21213820 : EXECUTING
01:00:07 INFO  State of operation 21213820 : EXECUTING
01:00:09 INFO  State of operation 21213820 : EXECUTING
01:00:12 INFO  State of operation 21213820 : EXECUTING
01:00:14 INFO  State of operation 21213820 : EXECUTING
01:00:16 INFO  State of operation 21213820 : EXECUTING
01:00:18 INFO  State of operation 21213820 : EXECUTING
01:00:21 INFO  State of operation 21213820 : EXECUTING
01:00:23 INFO  State of operation 21213820 : EXECUTING
01:00:25 INFO  State of operation 21213820 : EXECUTING
01:00:28 INFO  State of operation 21213820 : EXECUTING
01:00:30 INFO  State of operation 21213820 : EXECUTING
01:00:32 INFO  State of operation 21213820 : EXECUTING
01:00:34 INFO  State of operation 21213820 : EXECUTING
01:00:37 INFO  State of operation 21213820 : SUCCESSFUL
01:00:37 INFO  Assert that (False == value) with value=False ... passed
01:00:37 INFO  Package asciijump is installed
01:00:37 INFO  Assert that (True == value) with value=True ... passed
01:00:37 INFO  Package squirrel3 is installed
01:00:37 INFO  Assert that (True == value) with value=True ... passed
01:00:38 INFO  Package robotfindskitten is installed
01:00:38 INFO  Assert that (True == value) with value=True ... passed
01:00:38 INFO  Response status: 201
01:00:38 INFO  Response to action: {
    &quot;creationTime&quot;: &quot;2022-07-22T01:00:38.225Z&quot;,
    &quot;deviceId&quot;: &quot;21166555&quot;,
    &quot;deviceName&quot;: &quot;m32sd10d&quot;,
    &quot;self&quot;: &quot;https://t493319102.eu-latest.cumulocity.com/devicecontrol/operations/21213822&quot;,
    &quot;id&quot;: &quot;21213822&quot;,
    &quot;status&quot;: &quot;PENDING&quot;,
    &quot;description&quot;: &quot;Apply software changes, triggered from PySys: [{'action': 'delete', 'id': '5475369', 'name': 'asciijump', 'url': ' ', 'version': '::apt'}, {'action': 'delete', 'id': '5474869', 'name': 'robotfindskitten', 'url': ' ', 'version': '::apt'}, {'action': 'delete', 'id': '5475279', 'name': 'squirrel3', 'url': ' ', 'version': '::apt'}]&quot;,
    &quot;c8y_SoftwareUpdate&quot;: [
        {
            &quot;name&quot;: &quot;asciijump&quot;,
            &quot;action&quot;: &quot;delete&quot;,
            &quot;id&quot;: &quot;5475369&quot;,
            &quot;version&quot;: &quot;::apt&quot;,
            &quot;url&quot;: &quot; &quot;
        },
        {
            &quot;name&quot;: &quot;robotfindskitten&quot;,
            &quot;action&quot;: &quot;delete&quot;,
            &quot;id&quot;: &quot;5474869&quot;,
            &quot;version&quot;: &quot;::apt&quot;,
            &quot;url&quot;: &quot; &quot;
        },
        {
            &quot;name&quot;: &quot;squirrel3&quot;,
            &quot;action&quot;: &quot;delete&quot;,
            &quot;id&quot;: &quot;5475279&quot;,
            &quot;version&quot;: &quot;::apt&quot;,
            &quot;url&quot;: &quot; &quot;
        }
    ]
}
01:00:38 INFO  Started operation: {'creationTime': '2022-07-22T01:00:38.225Z', 'deviceId': '21166555', 'deviceName': 'm32sd10d', 'self': 'https://t493319102.eu-latest.cumulocity.com/devicecontrol/operations/21213822', 'id': '21213822', 'status': 'PENDING', 'description': &quot;Apply software changes, triggered from PySys: [{'action': 'delete', 'id': '5475369', 'name': 'asciijump', 'url': ' ', 'version': '::apt'}, {'action': 'delete', 'id': '5474869', 'name': 'robotfindskitten', 'url': ' ', 'version': '::apt'}, {'action': 'delete', 'id': '5475279', 'name': 'squirrel3', 'url': ' ', 'version': '::apt'}]&quot;, 'c8y_SoftwareUpdate': [{'name': 'asciijump', 'action': 'delete', 'id': '5475369', 'version': '::apt', 'url': ' '}, {'name': 'robotfindskitten', 'action': 'delete', 'id': '5474869', 'version': '::apt', 'url': ' '}, {'name': 'squirrel3', 'action': 'delete', 'id': '5475279', 'version': '::apt', 'url': ' '}]}
01:00:40 INFO  State of operation 21213822 : PENDING
01:00:42 INFO  State of operation 21213822 : EXECUTING
01:00:45 INFO  State of operation 21213822 : EXECUTING
01:00:47 INFO  State of operation 21213822 : EXECUTING
01:00:49 INFO  State of operation 21213822 : EXECUTING
01:00:51 INFO  State of operation 21213822 : EXECUTING
01:00:54 INFO  State of operation 21213822 : EXECUTING
01:00:57 INFO  State of operation 21213822 : EXECUTING
01:01:00 INFO  State of operation 21213822 : EXECUTING
01:01:02 INFO  State of operation 21213822 : EXECUTING
01:01:04 INFO  State of operation 21213822 : EXECUTING
01:01:06 INFO  State of operation 21213822 : EXECUTING
01:01:08 INFO  State of operation 21213822 : EXECUTING
01:01:11 INFO  State of operation 21213822 : EXECUTING
01:01:13 INFO  State of operation 21213822 : EXECUTING
01:01:15 INFO  State of operation 21213822 : EXECUTING
01:01:18 INFO  State of operation 21213822 : EXECUTING
01:01:20 INFO  State of operation 21213822 : EXECUTING
01:01:23 INFO  State of operation 21213822 : EXECUTING
01:01:25 INFO  State of operation 21213822 : EXECUTING
01:01:27 INFO  State of operation 21213822 : EXECUTING
01:01:30 INFO  State of operation 21213822 : EXECUTING
01:01:32 INFO  State of operation 21213822 : EXECUTING
01:01:34 INFO  State of operation 21213822 : EXECUTING
01:01:37 INFO  State of operation 21213822 : EXECUTING
01:01:39 INFO  State of operation 21213822 : EXECUTING
01:01:41 INFO  State of operation 21213822 : EXECUTING
01:01:44 INFO  State of operation 21213822 : SUCCESSFUL
01:01:44 INFO  Assert that (False == value) with value=False ... passed
01:01:44 INFO  Assert that (False == value) with value=False ... passed
01:01:44 INFO  Assert that (False == value) with value=False ... passed
01:01:45 INFO  Assert that (False == value) with value=False ... passed
01:01:45 INFO  
01:01:45 INFO  cleanup:
01:01:48 INFO  Executed sudo&lt;tedge_disconnect_c8y&gt;, exit status 0
01:01:49 INFO  Executed systemctl&lt;serv_mapper5&gt;, exit status 3
01:01:49 INFO  
01:01:49 INFO  Test duration: 180.43 secs
01:01:49 INFO  Test final outcome:  FAILED
01:01:49 INFO  Test outcome reason: Assert that (False == value) with value=True
01:01:49 INFO  
</system-out>
	</testcase>
</testsuite>
