<?xml version="1.0" encoding="utf-8"?>
<testsuite failures="1" name="SoftwareManagement.sm_apt_install_remove_multiple_mixed" skipped="0" tests="1" time="166.75" timestamp="2022-05-23T14:09:15">
	<testcase classname="PySysTest" name="SoftwareManagement.sm_apt_install_remove_multiple_mixed">
		<failure message="BLOCKED: SystemError: Timeout while waiting for status FAILED or SUCCESSFUL" type="BLOCKED"/>
		<system-out>14:06:28 INFO  ==============================================================
14:06:28 INFO  Id:    SoftwareManagement.sm_apt_install_remove_multiple_mixed
14:06:28 INFO  Dir:   software_management_end_to_end/
14:06:28 INFO  Title: Validate end to end behaviour for the apt plugin for multiple packages with mixed versions
14:06:28 INFO  ==============================================================
14:06:28 INFO  Using sw id database: {'asciijump': '5475369', 'robotfindskitten': '5474869', 'squirrel3': '5475279', 'rolldice': '5152439', 'moon-buggy': '5439204', 'apple': '5495053', 'banana': '5494888', 'cherry': '5495382', 'watermelon': '5494510', 'registry': '8018911', 'hello-world': '8021526', 'docker/getting-started': '8021973', 'alpine': '7991792'}
14:06:28 INFO  EnvironmentC8y Setup
14:06:28 INFO  Executed systemctl&lt;serv_mapper1&gt;, exit status 3
14:06:28 INFO  Restarting mosquitto too frequently in the last 10 seconds. It was only up for 4 seconds
14:06:28 INFO  Delaying execution by 7 seconds
14:06:49 INFO  Executed sudo&lt;tedge_connect_c8y&gt;, exit status 0, duration 13 secs
14:06:50 INFO  Executed sudo&lt;tedge_connect_c8y_test&gt;, exit status 0
14:06:50 INFO  Executed systemctl&lt;serv_mosq2&gt;, exit status 0
14:06:51 INFO  Executed systemctl&lt;serv_mapper3&gt;, exit status 0
14:06:53 INFO  State of current operation: PENDING
14:06:55 INFO  State of current operation: PENDING
14:06:58 INFO  State of current operation: PENDING
14:07:00 INFO  State of current operation: PENDING
14:07:02 INFO  State of current operation: PENDING
14:07:04 INFO  State of current operation: PENDING
14:07:07 INFO  State of current operation: PENDING
14:07:09 INFO  State of current operation: PENDING
14:07:11 INFO  State of current operation: PENDING
14:07:13 INFO  State of current operation: PENDING
14:07:15 INFO  State of current operation: PENDING
14:07:18 INFO  State of current operation: PENDING
14:07:20 INFO  State of current operation: PENDING
14:07:22 INFO  State of current operation: PENDING
14:07:24 INFO  State of current operation: PENDING
14:07:27 INFO  State of current operation: PENDING
14:07:29 INFO  State of current operation: PENDING
14:07:31 INFO  State of current operation: PENDING
14:07:33 INFO  State of current operation: PENDING
14:07:36 INFO  State of current operation: PENDING
14:07:38 INFO  State of current operation: PENDING
14:07:40 INFO  State of current operation: PENDING
14:07:43 INFO  State of current operation: PENDING
14:07:45 INFO  State of current operation: PENDING
14:07:47 INFO  State of current operation: PENDING
14:07:49 INFO  State of current operation: PENDING
14:07:51 INFO  State of current operation: PENDING
14:07:54 INFO  State of current operation: PENDING
14:07:56 INFO  State of current operation: PENDING
14:07:58 INFO  State of current operation: PENDING
14:08:00 INFO  State of current operation: PENDING
14:08:03 INFO  State of current operation: PENDING
14:08:05 INFO  State of current operation: PENDING
14:08:07 INFO  State of current operation: PENDING
14:08:10 INFO  State of current operation: PENDING
14:08:12 INFO  State of current operation: PENDING
14:08:14 INFO  State of current operation: PENDING
14:08:16 INFO  State of current operation: PENDING
14:08:18 INFO  State of current operation: PENDING
14:08:21 INFO  State of current operation: PENDING
14:08:23 INFO  State of current operation: PENDING
14:08:25 INFO  State of current operation: PENDING
14:08:27 INFO  State of current operation: PENDING
14:08:30 INFO  State of current operation: PENDING
14:08:32 INFO  State of current operation: PENDING
14:08:34 INFO  State of current operation: PENDING
14:08:36 INFO  State of current operation: PENDING
14:08:39 INFO  State of current operation: PENDING
14:08:41 INFO  State of current operation: PENDING
14:08:43 INFO  State of current operation: PENDING
14:08:45 INFO  State of current operation: PENDING
14:08:48 INFO  State of current operation: PENDING
14:08:50 INFO  State of current operation: PENDING
14:08:52 INFO  State of current operation: PENDING
14:08:54 INFO  State of current operation: PENDING
14:08:57 INFO  State of current operation: PENDING
14:08:59 INFO  State of current operation: PENDING
14:09:01 INFO  State of current operation: PENDING
14:09:03 INFO  State of current operation: PENDING
14:09:05 INFO  State of current operation: PENDING
14:09:08 INFO  State of current operation: PENDING
14:09:10 WARN  SystemError occurred while running test - Timeout while waiting for status FAILED or SUCCESSFUL
Traceback (most recent call last):
  File &quot;/home/pi/env-pysys/lib/python3.7/site-packages/pysys/baserunner.py&quot;, line 1292, in __call__
    self.testObj.setup()
  File &quot;/home/pi/actions-runner/_work/thin-edge.io/thin-edge.io/tests/PySys/software_management_end_to_end/sm_apt_install_remove_multiple_mixed/run.py&quot;, line 73, in setup
    super().setup()
  File &quot;/home/pi/actions-runner/_work/thin-edge.io/thin-edge.io/tests/PySys/software_management_end_to_end/environment_sm_management.py&quot;, line 151, in setup
    self.wait_until_end()
  File &quot;/home/pi/actions-runner/_work/thin-edge.io/thin-edge.io/tests/PySys/software_management_end_to_end/environment_sm_management.py&quot;, line 332, in wait_until_end
    self.wait_until_status(&quot;FAILED&quot;, &quot;SUCCESSFUL&quot;)
  File &quot;/home/pi/actions-runner/_work/thin-edge.io/thin-edge.io/tests/PySys/software_management_end_to_end/environment_sm_management.py&quot;, line 381, in wait_until_status
    &quot;Timeout while waiting for status %s or %s&quot; % (status, status2)
SystemError: Timeout while waiting for status FAILED or SUCCESSFUL
14:09:10 WARN  SystemError: Timeout while waiting for status FAILED or SUCCESSFUL ... blocked 
14:09:10 INFO  
14:09:10 INFO  cleanup:
14:09:14 INFO  Executed sudo&lt;tedge_disconnect_c8y&gt;, exit status 0
14:09:15 INFO  Executed systemctl&lt;serv_mapper5&gt;, exit status 3
14:09:15 INFO  
14:09:15 INFO  Test duration: 166.75 secs
14:09:15 INFO  Test final outcome:  BLOCKED
14:09:15 INFO  Test outcome reason: SystemError: Timeout while waiting for status FAILED or SUCCESSFUL
14:09:15 INFO  
</system-out>
	</testcase>
</testsuite>
