<?xml version="1.0" encoding="utf-8"?>
<testsuite failures="1" name="SoftwareManagement.sm_apt_install_remove_multiple" skipped="0" tests="1" time="178.34" timestamp="2022-06-17T09:21:14">
	<testcase classname="PySysTest" name="SoftwareManagement.sm_apt_install_remove_multiple">
		<failure message="FAILED: Assert that (False == value) with value=True" type="FAILED"/>
		<system-out>09:18:15 INFO  ==============================================================
09:18:15 INFO  Id:    SoftwareManagement.sm_apt_install_remove_multiple
09:18:15 INFO  Dir:   software_management_end_to_end/
09:18:15 INFO  Title: Validate end to end behaviour for the apt plugin for multiple packages
09:18:15 INFO  ==============================================================
09:18:15 INFO  Using sw id database: {'asciijump': '5475369', 'robotfindskitten': '5474869', 'squirrel3': '5475279', 'rolldice': '5152439', 'moon-buggy': '5439204', 'apple': '5495053', 'banana': '5494888', 'cherry': '5495382', 'watermelon': '5494510', 'registry': '8018911', 'hello-world': '8021526', 'docker/getting-started': '8021973', 'alpine': '7991792'}
09:18:15 INFO  EnvironmentC8y Setup
09:18:16 INFO  Executed systemctl&lt;serv_mapper1&gt;, exit status 3
09:18:16 INFO  Restarting mosquitto too frequently in the last 10 seconds. It was only up for 5 seconds
09:18:16 INFO  Delaying execution by 6 seconds
09:18:36 INFO  Executed sudo&lt;tedge_connect_c8y&gt;, exit status 0, duration 13 secs
09:18:37 INFO  Executed sudo&lt;tedge_connect_c8y_test&gt;, exit status 0
09:18:37 INFO  Executed systemctl&lt;serv_mosq2&gt;, exit status 0
09:18:38 INFO  Executed systemctl&lt;serv_mapper3&gt;, exit status 0
09:18:40 INFO  State of current operation: SUCCESSFUL
09:18:40 INFO  Assert that (False == value) with value=False ... passed
09:18:40 INFO  Assert that (False == value) with value=False ... passed
09:18:41 INFO  Assert that (False == value) with value=False ... passed
09:18:41 INFO  Package robotfindskitten is installed
09:18:41 WARN  Assert that (False == value) with value=True ... failed 
09:18:41 INFO  Response status: 201
09:18:41 INFO  Response to action: {
    &quot;delivery&quot;: {
        &quot;log&quot;: [],
        &quot;time&quot;: &quot;2022-06-17T09:18:41.529Z&quot;,
        &quot;status&quot;: &quot;PENDING&quot;
    },
    &quot;creationTime&quot;: &quot;2022-06-17T09:18:41.514Z&quot;,
    &quot;deviceName&quot;: &quot;m32sd10d&quot;,
    &quot;deviceId&quot;: &quot;20259762&quot;,
    &quot;self&quot;: &quot;https://t493319102.eu-latest.cumulocity.com/devicecontrol/operations/20282407&quot;,
    &quot;id&quot;: &quot;20282407&quot;,
    &quot;status&quot;: &quot;PENDING&quot;,
    &quot;description&quot;: &quot;Apply software changes, triggered from PySys: [{'action': 'install', 'id': '5475369', 'name': 'asciijump', 'url': ' ', 'version': '::apt'}, {'action': 'install', 'id': '5474869', 'name': 'robotfindskitten', 'url': ' ', 'version': '::apt'}, {'action': 'install', 'id': '5475279', 'name': 'squirrel3', 'url': ' ', 'version': '::apt'}]&quot;,
    &quot;c8y_SoftwareUpdate&quot;: [
        {
            &quot;name&quot;: &quot;asciijump&quot;,
            &quot;action&quot;: &quot;install&quot;,
            &quot;id&quot;: &quot;5475369&quot;,
            &quot;version&quot;: &quot;::apt&quot;,
            &quot;url&quot;: &quot; &quot;
        },
        {
            &quot;name&quot;: &quot;robotfindskitten&quot;,
            &quot;action&quot;: &quot;install&quot;,
            &quot;id&quot;: &quot;5474869&quot;,
            &quot;version&quot;: &quot;::apt&quot;,
            &quot;url&quot;: &quot; &quot;
        },
        {
            &quot;name&quot;: &quot;squirrel3&quot;,
            &quot;action&quot;: &quot;install&quot;,
            &quot;id&quot;: &quot;5475279&quot;,
            &quot;version&quot;: &quot;::apt&quot;,
            &quot;url&quot;: &quot; &quot;
        }
    ]
}
09:18:41 INFO  Started operation: {'delivery': {'log': [], 'time': '2022-06-17T09:18:41.529Z', 'status': 'PENDING'}, 'creationTime': '2022-06-17T09:18:41.514Z', 'deviceName': 'm32sd10d', 'deviceId': '20259762', 'self': 'https://t493319102.eu-latest.cumulocity.com/devicecontrol/operations/20282407', 'id': '20282407', 'status': 'PENDING', 'description': &quot;Apply software changes, triggered from PySys: [{'action': 'install', 'id': '5475369', 'name': 'asciijump', 'url': ' ', 'version': '::apt'}, {'action': 'install', 'id': '5474869', 'name': 'robotfindskitten', 'url': ' ', 'version': '::apt'}, {'action': 'install', 'id': '5475279', 'name': 'squirrel3', 'url': ' ', 'version': '::apt'}]&quot;, 'c8y_SoftwareUpdate': [{'name': 'asciijump', 'action': 'install', 'id': '5475369', 'version': '::apt', 'url': ' '}, {'name': 'robotfindskitten', 'action': 'install', 'id': '5474869', 'version': '::apt', 'url': ' '}, {'name': 'squirrel3', 'action': 'install', 'id': '5475279', 'version': '::apt', 'url': ' '}]}
09:18:43 INFO  State of operation 20282407 : PENDING
09:18:46 INFO  State of operation 20282407 : EXECUTING
09:18:48 INFO  State of operation 20282407 : EXECUTING
09:18:50 INFO  State of operation 20282407 : EXECUTING
09:18:52 INFO  State of operation 20282407 : EXECUTING
09:18:54 INFO  State of operation 20282407 : EXECUTING
09:18:57 INFO  State of operation 20282407 : EXECUTING
09:19:00 INFO  State of operation 20282407 : EXECUTING
09:19:02 INFO  State of operation 20282407 : EXECUTING
09:19:04 INFO  State of operation 20282407 : EXECUTING
09:19:07 INFO  State of operation 20282407 : EXECUTING
09:19:09 INFO  State of operation 20282407 : EXECUTING
09:19:11 INFO  State of operation 20282407 : EXECUTING
09:19:13 INFO  State of operation 20282407 : EXECUTING
09:19:16 INFO  State of operation 20282407 : EXECUTING
09:19:18 INFO  State of operation 20282407 : EXECUTING
09:19:20 INFO  State of operation 20282407 : EXECUTING
09:19:23 INFO  State of operation 20282407 : EXECUTING
09:19:25 INFO  State of operation 20282407 : EXECUTING
09:19:27 INFO  State of operation 20282407 : EXECUTING
09:19:30 INFO  State of operation 20282407 : EXECUTING
09:19:32 INFO  State of operation 20282407 : EXECUTING
09:19:34 INFO  State of operation 20282407 : EXECUTING
09:19:37 INFO  State of operation 20282407 : EXECUTING
09:19:39 INFO  State of operation 20282407 : EXECUTING
09:19:41 INFO  State of operation 20282407 : EXECUTING
09:19:44 INFO  State of operation 20282407 : EXECUTING
09:19:46 INFO  State of operation 20282407 : EXECUTING
09:19:48 INFO  State of operation 20282407 : EXECUTING
09:19:50 INFO  State of operation 20282407 : EXECUTING
09:19:53 INFO  State of operation 20282407 : EXECUTING
09:19:55 INFO  State of operation 20282407 : EXECUTING
09:19:57 INFO  State of operation 20282407 : EXECUTING
09:20:00 INFO  State of operation 20282407 : EXECUTING
09:20:02 INFO  State of operation 20282407 : SUCCESSFUL
09:20:02 INFO  Assert that (False == value) with value=False ... passed
09:20:02 INFO  Package asciijump is installed
09:20:02 INFO  Assert that (True == value) with value=True ... passed
09:20:02 INFO  Package squirrel3 is installed
09:20:02 INFO  Assert that (True == value) with value=True ... passed
09:20:03 INFO  Package robotfindskitten is installed
09:20:03 INFO  Assert that (True == value) with value=True ... passed
09:20:03 INFO  Response status: 201
09:20:03 INFO  Response to action: {
    &quot;delivery&quot;: {
        &quot;log&quot;: [],
        &quot;time&quot;: &quot;2022-06-17T09:20:03.397Z&quot;,
        &quot;status&quot;: &quot;PENDING&quot;
    },
    &quot;creationTime&quot;: &quot;2022-06-17T09:20:03.378Z&quot;,
    &quot;deviceName&quot;: &quot;m32sd10d&quot;,
    &quot;deviceId&quot;: &quot;20259762&quot;,
    &quot;self&quot;: &quot;https://t493319102.eu-latest.cumulocity.com/devicecontrol/operations/20282422&quot;,
    &quot;id&quot;: &quot;20282422&quot;,
    &quot;status&quot;: &quot;PENDING&quot;,
    &quot;description&quot;: &quot;Apply software changes, triggered from PySys: [{'action': 'delete', 'id': '5475369', 'name': 'asciijump', 'url': ' ', 'version': '::apt'}, {'action': 'delete', 'id': '5474869', 'name': 'robotfindskitten', 'url': ' ', 'version': '::apt'}, {'action': 'delete', 'id': '5475279', 'name': 'squirrel3', 'url': ' ', 'version': '::apt'}]&quot;,
    &quot;c8y_SoftwareUpdate&quot;: [
        {
            &quot;name&quot;: &quot;asciijump&quot;,
            &quot;action&quot;: &quot;delete&quot;,
            &quot;id&quot;: &quot;5475369&quot;,
            &quot;version&quot;: &quot;::apt&quot;,
            &quot;url&quot;: &quot; &quot;
        },
        {
            &quot;name&quot;: &quot;robotfindskitten&quot;,
            &quot;action&quot;: &quot;delete&quot;,
            &quot;id&quot;: &quot;5474869&quot;,
            &quot;version&quot;: &quot;::apt&quot;,
            &quot;url&quot;: &quot; &quot;
        },
        {
            &quot;name&quot;: &quot;squirrel3&quot;,
            &quot;action&quot;: &quot;delete&quot;,
            &quot;id&quot;: &quot;5475279&quot;,
            &quot;version&quot;: &quot;::apt&quot;,
            &quot;url&quot;: &quot; &quot;
        }
    ]
}
09:20:03 INFO  Started operation: {'delivery': {'log': [], 'time': '2022-06-17T09:20:03.397Z', 'status': 'PENDING'}, 'creationTime': '2022-06-17T09:20:03.378Z', 'deviceName': 'm32sd10d', 'deviceId': '20259762', 'self': 'https://t493319102.eu-latest.cumulocity.com/devicecontrol/operations/20282422', 'id': '20282422', 'status': 'PENDING', 'description': &quot;Apply software changes, triggered from PySys: [{'action': 'delete', 'id': '5475369', 'name': 'asciijump', 'url': ' ', 'version': '::apt'}, {'action': 'delete', 'id': '5474869', 'name': 'robotfindskitten', 'url': ' ', 'version': '::apt'}, {'action': 'delete', 'id': '5475279', 'name': 'squirrel3', 'url': ' ', 'version': '::apt'}]&quot;, 'c8y_SoftwareUpdate': [{'name': 'asciijump', 'action': 'delete', 'id': '5475369', 'version': '::apt', 'url': ' '}, {'name': 'robotfindskitten', 'action': 'delete', 'id': '5474869', 'version': '::apt', 'url': ' '}, {'name': 'squirrel3', 'action': 'delete', 'id': '5475279', 'version': '::apt', 'url': ' '}]}
09:20:05 INFO  State of operation 20282422 : PENDING
09:20:07 INFO  State of operation 20282422 : EXECUTING
09:20:10 INFO  State of operation 20282422 : EXECUTING
09:20:12 INFO  State of operation 20282422 : EXECUTING
09:20:14 INFO  State of operation 20282422 : EXECUTING
09:20:16 INFO  State of operation 20282422 : EXECUTING
09:20:19 INFO  State of operation 20282422 : EXECUTING
09:20:22 INFO  State of operation 20282422 : EXECUTING
09:20:24 INFO  State of operation 20282422 : EXECUTING
09:20:26 INFO  State of operation 20282422 : EXECUTING
09:20:29 INFO  State of operation 20282422 : EXECUTING
09:20:31 INFO  State of operation 20282422 : EXECUTING
09:20:33 INFO  State of operation 20282422 : EXECUTING
09:20:35 INFO  State of operation 20282422 : EXECUTING
09:20:38 INFO  State of operation 20282422 : EXECUTING
09:20:40 INFO  State of operation 20282422 : EXECUTING
09:20:42 INFO  State of operation 20282422 : EXECUTING
09:20:45 INFO  State of operation 20282422 : EXECUTING
09:20:48 INFO  State of operation 20282422 : EXECUTING
09:20:50 INFO  State of operation 20282422 : EXECUTING
09:20:52 INFO  State of operation 20282422 : EXECUTING
09:20:54 INFO  State of operation 20282422 : EXECUTING
09:20:57 INFO  State of operation 20282422 : EXECUTING
09:20:59 INFO  State of operation 20282422 : EXECUTING
09:21:01 INFO  State of operation 20282422 : EXECUTING
09:21:04 INFO  State of operation 20282422 : EXECUTING
09:21:06 INFO  State of operation 20282422 : EXECUTING
09:21:08 INFO  State of operation 20282422 : SUCCESSFUL
09:21:08 INFO  Assert that (False == value) with value=False ... passed
09:21:09 INFO  Assert that (False == value) with value=False ... passed
09:21:09 INFO  Assert that (False == value) with value=False ... passed
09:21:09 INFO  Assert that (False == value) with value=False ... passed
09:21:09 INFO  
09:21:09 INFO  cleanup:
09:21:13 INFO  Executed sudo&lt;tedge_disconnect_c8y&gt;, exit status 0
09:21:14 INFO  Executed systemctl&lt;serv_mapper5&gt;, exit status 3
09:21:14 INFO  
09:21:14 INFO  Test duration: 178.34 secs
09:21:14 INFO  Test final outcome:  FAILED
09:21:14 INFO  Test outcome reason: Assert that (False == value) with value=True
09:21:14 INFO  
</system-out>
	</testcase>
</testsuite>
