<?xml version="1.0" encoding="utf-8"?>
<testsuite failures="0" name="docker_plugin_install" skipped="0" tests="1" time="34.08" timestamp="2022-07-22T15:11:19">
	<testcase classname="DockerPluginInstallTest" name="docker_plugin_install"/>
</testsuite>
