<?xml version="1.0" encoding="utf-8"?>
<testsuite failures="1" name="docker_plugin_install_with_version" skipped="0" tests="1" time="6.57" timestamp="2022-05-23T14:14:19">
	<testcase classname="DockerPluginInstallWithVersionTest" name="docker_plugin_install_with_version">
		<failure message="BLOCKED: sudo&lt;plugin_install&gt; returned non-zero exit code 2 (+1 other failures)" type="BLOCKED"/>
		<system-out>14:14:13 INFO  ==============================================================
14:14:13 INFO  Id:    docker_plugin_install_with_version
14:14:13 INFO  Dir:   plugin_docker/
14:14:13 INFO  Title: Validate docker plugin install
14:14:13 INFO  ==============================================================
14:14:14 INFO  Executed sudo&lt;docker_images&gt;, exit status 0
14:14:14 INFO  Grep on file /home/pi/actions-runner/_work/thin-edge.io/thin-edge.io/tests/PySys/plugin_docker/docker_plugin_install_with_version/Output/linux/docker_images.out ... passed
14:14:16 WARN  Executed sudo&lt;plugin_install&gt;, exit status 2
14:14:16 WARN  sudo&lt;plugin_install&gt; returned non-zero exit code 2 ... blocked [environment_docker_plugin.py:136,environment_docker_plugin.py:144,run.py:24]
14:14:17 INFO  Executed sudo&lt;docker_ps_latest&gt;, exit status 0
14:14:18 INFO  Executed sudo&lt;docker_ps&gt;, exit status 0
14:14:18 WARN  Grep on /home/pi/actions-runner/_work/thin-edge.io/thin-edge.io/tests/PySys/plugin_docker/docker_plugin_install_with_version/Output/linux/docker_ps.out contains &quot;registry:2.7.1&quot; ... failed [environment_docker_plugin.py:49,run.py:28]
14:14:18 INFO  
14:14:18 INFO  cleanup:
14:14:18 INFO  Removing containers scheduled to be cleaned up: ['', '']
14:14:19 WARN  Executed sudo&lt;containers_for_cleanup&gt;, exit status 1
14:14:19 INFO  Removing images scheduled to be cleaned up: ['registry', 'registry:2.7.1']
14:14:19 INFO  Executed sudo&lt;containers_for_cleanup&gt;, exit status 0
14:14:19 INFO  
14:14:19 INFO  Test duration: 6.57 secs
14:14:19 INFO  Test final outcome:  BLOCKED
14:14:19 INFO  Test outcome reason: sudo&lt;plugin_install&gt; returned non-zero exit code 2 (+1 other failures)
14:14:19 INFO  
</system-out>
	</testcase>
</testsuite>
