<?xml version="1.0" encoding="utf-8"?>
<testsuite failures="0" name="docker_plugin_install" skipped="0" tests="1" time="33.7" timestamp="2022-07-26T08:10:19">
	<testcase classname="DockerPluginInstallTest" name="docker_plugin_install"/>
</testsuite>
