<?xml version="1.0" encoding="utf-8"?>
<testsuite failures="0" name="docker_plugin_install_with_version" skipped="0" tests="1" time="33.58" timestamp="2022-05-24T11:39:38">
	<testcase classname="DockerPluginInstallWithVersionTest" name="docker_plugin_install_with_version"/>
</testsuite>
