<?xml version="1.0" encoding="utf-8"?>
<testsuite failures="0" name="docker_plugin_update" skipped="0" tests="1" time="62.52" timestamp="2022-07-21T22:23:28">
	<testcase classname="DockerPluginUpdateTest" name="docker_plugin_update"/>
</testsuite>
