<?xml version="1.0" encoding="utf-8"?>
<testsuite failures="1" name="docker_plugin_install_with_version" skipped="0" tests="1" time="6.86" timestamp="2022-05-20T12:08:04">
	<testcase classname="DockerPluginInstallWithVersionTest" name="docker_plugin_install_with_version">
		<failure message="BLOCKED: sudo&lt;plugin_install&gt; returned non-zero exit code 2 (+1 other failures)" type="BLOCKED"/>
		<system-out>12:07:57 INFO  ==============================================================
12:07:57 INFO  Id:    docker_plugin_install_with_version
12:07:57 INFO  Dir:   plugin_docker/
12:07:57 INFO  Title: Validate docker plugin install
12:07:57 INFO  ==============================================================
12:07:58 INFO  Executed sudo&lt;docker_images&gt;, exit status 0
12:07:58 INFO  Grep on file /home/pi/actions-runner/_work/thin-edge.io/thin-edge.io/tests/PySys/plugin_docker/docker_plugin_install_with_version/Output/linux/docker_images.out ... passed
12:08:00 WARN  Executed sudo&lt;plugin_install&gt;, exit status 2
12:08:00 WARN  sudo&lt;plugin_install&gt; returned non-zero exit code 2 ... blocked [environment_docker_plugin.py:136,environment_docker_plugin.py:144,run.py:24]
12:08:01 INFO  Executed sudo&lt;docker_ps_latest&gt;, exit status 0
12:08:02 INFO  Executed sudo&lt;docker_ps&gt;, exit status 0
12:08:02 WARN  Grep on /home/pi/actions-runner/_work/thin-edge.io/thin-edge.io/tests/PySys/plugin_docker/docker_plugin_install_with_version/Output/linux/docker_ps.out contains &quot;registry:2.7.1&quot; ... failed [environment_docker_plugin.py:49,run.py:28]
12:08:02 INFO  
12:08:02 INFO  cleanup:
12:08:02 INFO  Removing containers scheduled to be cleaned up: ['61e24d2cedbf', '']
12:08:03 WARN  Executed sudo&lt;containers_for_cleanup&gt;, exit status 1
12:08:03 INFO  Removing images scheduled to be cleaned up: ['registry', 'registry', 'registry:2.7.1']
12:08:04 INFO  Executed sudo&lt;containers_for_cleanup&gt;, exit status 0
12:08:04 INFO  
12:08:04 INFO  Test duration: 6.86 secs
12:08:04 INFO  Test final outcome:  BLOCKED
12:08:04 INFO  Test outcome reason: sudo&lt;plugin_install&gt; returned non-zero exit code 2 (+1 other failures)
12:08:04 INFO  
</system-out>
	</testcase>
</testsuite>
