<?xml version="1.0" encoding="utf-8"?>
<testsuite failures="1" name="SoftwareManagement.sm_docker_install_remove_multiple" skipped="0" tests="1" time="160.9" timestamp="2022-05-23T12:07:20">
	<testcase classname="SMDockerInstallRemove" name="SoftwareManagement.sm_docker_install_remove_multiple">
		<failure message="BLOCKED: SystemError: Timeout while waiting for status FAILED or SUCCESSFUL" type="BLOCKED"/>
		<system-out>12:04:40 INFO  ==============================================================
12:04:40 INFO  Id:    SoftwareManagement.sm_docker_install_remove_multiple
12:04:40 INFO  Dir:   software_management_end_to_end/
12:04:40 INFO  Title: Validate end to end behaviour for the docker plugin for multiple docker images with mixed versions
12:04:40 INFO  ==============================================================
12:04:41 INFO  Using sw id database: {'asciijump': '5475369', 'robotfindskitten': '5474869', 'squirrel3': '5475279', 'rolldice': '5152439', 'moon-buggy': '5439204', 'apple': '5495053', 'banana': '5494888', 'cherry': '5495382', 'watermelon': '5494510', 'registry': '8018911', 'hello-world': '8021526', 'docker/getting-started': '8021973', 'alpine': '7991792'}
12:04:41 INFO  EnvironmentC8y Setup
12:04:42 INFO  Executed systemctl&lt;serv_mapper1&gt;, exit status 3
12:04:56 INFO  Executed sudo&lt;tedge_connect_c8y&gt;, exit status 0, duration 14 secs
12:04:56 INFO  Executed sudo&lt;tedge_connect_c8y_test&gt;, exit status 0
12:04:57 INFO  Executed systemctl&lt;serv_mosq2&gt;, exit status 0
12:04:57 INFO  Executed systemctl&lt;serv_mapper3&gt;, exit status 0
12:05:00 INFO  State of current operation: PENDING
12:05:02 INFO  State of current operation: PENDING
12:05:04 INFO  State of current operation: PENDING
12:05:06 INFO  State of current operation: PENDING
12:05:09 INFO  State of current operation: PENDING
12:05:11 INFO  State of current operation: PENDING
12:05:13 INFO  State of current operation: PENDING
12:05:15 INFO  State of current operation: PENDING
12:05:17 INFO  State of current operation: PENDING
12:05:20 INFO  State of current operation: PENDING
12:05:22 INFO  State of current operation: PENDING
12:05:24 INFO  State of current operation: PENDING
12:05:26 INFO  State of current operation: PENDING
12:05:29 INFO  State of current operation: PENDING
12:05:31 INFO  State of current operation: PENDING
12:05:33 INFO  State of current operation: PENDING
12:05:35 INFO  State of current operation: PENDING
12:05:38 INFO  State of current operation: PENDING
12:05:40 INFO  State of current operation: PENDING
12:05:42 INFO  State of current operation: PENDING
12:05:45 INFO  State of current operation: PENDING
12:05:47 INFO  State of current operation: PENDING
12:05:49 INFO  State of current operation: PENDING
12:05:51 INFO  State of current operation: PENDING
12:05:54 INFO  State of current operation: PENDING
12:05:56 INFO  State of current operation: PENDING
12:05:58 INFO  State of current operation: PENDING
12:06:00 INFO  State of current operation: PENDING
12:06:02 INFO  State of current operation: PENDING
12:06:05 INFO  State of current operation: PENDING
12:06:07 INFO  State of current operation: PENDING
12:06:09 INFO  State of current operation: PENDING
12:06:11 INFO  State of current operation: PENDING
12:06:14 INFO  State of current operation: PENDING
12:06:16 INFO  State of current operation: PENDING
12:06:18 INFO  State of current operation: PENDING
12:06:20 INFO  State of current operation: PENDING
12:06:23 INFO  State of current operation: PENDING
12:06:25 INFO  State of current operation: PENDING
12:06:27 INFO  State of current operation: PENDING
12:06:29 INFO  State of current operation: PENDING
12:06:31 INFO  State of current operation: PENDING
12:06:34 INFO  State of current operation: PENDING
12:06:36 INFO  State of current operation: PENDING
12:06:38 INFO  State of current operation: PENDING
12:06:40 INFO  State of current operation: PENDING
12:06:43 INFO  State of current operation: PENDING
12:06:45 INFO  State of current operation: PENDING
12:06:47 INFO  State of current operation: PENDING
12:06:49 INFO  State of current operation: PENDING
12:06:51 INFO  State of current operation: PENDING
12:06:54 INFO  State of current operation: PENDING
12:06:56 INFO  State of current operation: PENDING
12:06:58 INFO  State of current operation: PENDING
12:07:00 INFO  State of current operation: PENDING
12:07:03 INFO  State of current operation: PENDING
12:07:05 INFO  State of current operation: PENDING
12:07:07 INFO  State of current operation: PENDING
12:07:09 INFO  State of current operation: PENDING
12:07:12 INFO  State of current operation: PENDING
12:07:14 INFO  State of current operation: PENDING
12:07:16 WARN  SystemError occurred while running test - Timeout while waiting for status FAILED or SUCCESSFUL
Traceback (most recent call last):
  File &quot;/home/pi/env-pysys/lib/python3.7/site-packages/pysys/baserunner.py&quot;, line 1292, in __call__
    self.testObj.setup()
  File &quot;/home/pi/actions-runner/_work/thin-edge.io/thin-edge.io/tests/PySys/software_management_end_to_end/sm_docker_install_remove_multiple/run.py&quot;, line 29, in setup
    super().setup()
  File &quot;/home/pi/actions-runner/_work/thin-edge.io/thin-edge.io/tests/PySys/software_management_end_to_end/environment_sm_management.py&quot;, line 151, in setup
    self.wait_until_end()
  File &quot;/home/pi/actions-runner/_work/thin-edge.io/thin-edge.io/tests/PySys/software_management_end_to_end/environment_sm_management.py&quot;, line 332, in wait_until_end
    self.wait_until_status(&quot;FAILED&quot;, &quot;SUCCESSFUL&quot;)
  File &quot;/home/pi/actions-runner/_work/thin-edge.io/thin-edge.io/tests/PySys/software_management_end_to_end/environment_sm_management.py&quot;, line 381, in wait_until_status
    &quot;Timeout while waiting for status %s or %s&quot; % (status, status2)
SystemError: Timeout while waiting for status FAILED or SUCCESSFUL
12:07:16 WARN  SystemError: Timeout while waiting for status FAILED or SUCCESSFUL ... blocked 
12:07:16 INFO  
12:07:16 INFO  cleanup:
12:07:20 INFO  Executed sudo&lt;tedge_disconnect_c8y&gt;, exit status 0
12:07:20 INFO  Executed systemctl&lt;serv_mapper5&gt;, exit status 3
12:07:20 INFO  
12:07:20 INFO  Test duration: 160.90 secs
12:07:20 INFO  Test final outcome:  BLOCKED
12:07:20 INFO  Test outcome reason: SystemError: Timeout while waiting for status FAILED or SUCCESSFUL
12:07:20 INFO  
</system-out>
	</testcase>
</testsuite>
