<?xml version="1.0" encoding="utf-8"?>
<testsuite failures="1" name="SoftwareManagement.sm_docker_install_remove_multiple" skipped="0" tests="1" time="161.95" timestamp="2022-05-23T14:17:15">
	<testcase classname="SMDockerInstallRemove" name="SoftwareManagement.sm_docker_install_remove_multiple">
		<failure message="BLOCKED: SystemError: Timeout while waiting for status FAILED or SUCCESSFUL" type="BLOCKED"/>
		<system-out>14:14:33 INFO  ==============================================================
14:14:33 INFO  Id:    SoftwareManagement.sm_docker_install_remove_multiple
14:14:33 INFO  Dir:   software_management_end_to_end/
14:14:33 INFO  Title: Validate end to end behaviour for the docker plugin for multiple docker images with mixed versions
14:14:33 INFO  ==============================================================
14:14:35 INFO  Using sw id database: {'asciijump': '5475369', 'robotfindskitten': '5474869', 'squirrel3': '5475279', 'rolldice': '5152439', 'moon-buggy': '5439204', 'apple': '5495053', 'banana': '5494888', 'cherry': '5495382', 'watermelon': '5494510', 'registry': '8018911', 'hello-world': '8021526', 'docker/getting-started': '8021973', 'alpine': '7991792'}
14:14:35 INFO  EnvironmentC8y Setup
14:14:35 INFO  Executed systemctl&lt;serv_mapper1&gt;, exit status 3
14:14:50 INFO  Executed sudo&lt;tedge_connect_c8y&gt;, exit status 0, duration 14 secs
14:14:50 INFO  Executed sudo&lt;tedge_connect_c8y_test&gt;, exit status 0
14:14:51 INFO  Executed systemctl&lt;serv_mosq2&gt;, exit status 0
14:14:51 INFO  Executed systemctl&lt;serv_mapper3&gt;, exit status 0
14:14:53 INFO  State of current operation: PENDING
14:14:56 INFO  State of current operation: PENDING
14:14:58 INFO  State of current operation: PENDING
14:15:00 INFO  State of current operation: PENDING
14:15:02 INFO  State of current operation: PENDING
14:15:05 INFO  State of current operation: PENDING
14:15:07 INFO  State of current operation: PENDING
14:15:09 INFO  State of current operation: PENDING
14:15:11 INFO  State of current operation: PENDING
14:15:13 INFO  State of current operation: PENDING
14:15:16 INFO  State of current operation: PENDING
14:15:18 INFO  State of current operation: PENDING
14:15:20 INFO  State of current operation: PENDING
14:15:22 INFO  State of current operation: PENDING
14:15:25 INFO  State of current operation: PENDING
14:15:27 INFO  State of current operation: PENDING
14:15:29 INFO  State of current operation: PENDING
14:15:31 INFO  State of current operation: PENDING
14:15:34 INFO  State of current operation: PENDING
14:15:36 INFO  State of current operation: PENDING
14:15:38 INFO  State of current operation: PENDING
14:15:41 INFO  State of current operation: PENDING
14:15:43 INFO  State of current operation: PENDING
14:15:45 INFO  State of current operation: PENDING
14:15:47 INFO  State of current operation: PENDING
14:15:50 INFO  State of current operation: PENDING
14:15:52 INFO  State of current operation: PENDING
14:15:54 INFO  State of current operation: PENDING
14:15:56 INFO  State of current operation: PENDING
14:15:58 INFO  State of current operation: PENDING
14:16:01 INFO  State of current operation: PENDING
14:16:03 INFO  State of current operation: PENDING
14:16:05 INFO  State of current operation: PENDING
14:16:07 INFO  State of current operation: PENDING
14:16:10 INFO  State of current operation: PENDING
14:16:12 INFO  State of current operation: PENDING
14:16:14 INFO  State of current operation: PENDING
14:16:16 INFO  State of current operation: PENDING
14:16:19 INFO  State of current operation: PENDING
14:16:21 INFO  State of current operation: PENDING
14:16:23 INFO  State of current operation: PENDING
14:16:25 INFO  State of current operation: PENDING
14:16:28 INFO  State of current operation: PENDING
14:16:30 INFO  State of current operation: PENDING
14:16:32 INFO  State of current operation: PENDING
14:16:34 INFO  State of current operation: PENDING
14:16:37 INFO  State of current operation: PENDING
14:16:39 INFO  State of current operation: PENDING
14:16:41 INFO  State of current operation: PENDING
14:16:43 INFO  State of current operation: PENDING
14:16:46 INFO  State of current operation: PENDING
14:16:48 INFO  State of current operation: PENDING
14:16:50 INFO  State of current operation: PENDING
14:16:52 INFO  State of current operation: PENDING
14:16:55 INFO  State of current operation: PENDING
14:16:57 INFO  State of current operation: PENDING
14:16:59 INFO  State of current operation: PENDING
14:17:02 INFO  State of current operation: PENDING
14:17:04 INFO  State of current operation: PENDING
14:17:06 INFO  State of current operation: PENDING
14:17:09 INFO  State of current operation: PENDING
14:17:11 WARN  SystemError occurred while running test - Timeout while waiting for status FAILED or SUCCESSFUL
Traceback (most recent call last):
  File &quot;/home/pi/env-pysys/lib/python3.7/site-packages/pysys/baserunner.py&quot;, line 1292, in __call__
    self.testObj.setup()
  File &quot;/home/pi/actions-runner/_work/thin-edge.io/thin-edge.io/tests/PySys/software_management_end_to_end/sm_docker_install_remove_multiple/run.py&quot;, line 29, in setup
    super().setup()
  File &quot;/home/pi/actions-runner/_work/thin-edge.io/thin-edge.io/tests/PySys/software_management_end_to_end/environment_sm_management.py&quot;, line 151, in setup
    self.wait_until_end()
  File &quot;/home/pi/actions-runner/_work/thin-edge.io/thin-edge.io/tests/PySys/software_management_end_to_end/environment_sm_management.py&quot;, line 332, in wait_until_end
    self.wait_until_status(&quot;FAILED&quot;, &quot;SUCCESSFUL&quot;)
  File &quot;/home/pi/actions-runner/_work/thin-edge.io/thin-edge.io/tests/PySys/software_management_end_to_end/environment_sm_management.py&quot;, line 381, in wait_until_status
    &quot;Timeout while waiting for status %s or %s&quot; % (status, status2)
SystemError: Timeout while waiting for status FAILED or SUCCESSFUL
14:17:11 WARN  SystemError: Timeout while waiting for status FAILED or SUCCESSFUL ... blocked 
14:17:11 INFO  
14:17:11 INFO  cleanup:
14:17:15 INFO  Executed sudo&lt;tedge_disconnect_c8y&gt;, exit status 0
14:17:15 INFO  Executed systemctl&lt;serv_mapper5&gt;, exit status 3
14:17:15 INFO  
14:17:15 INFO  Test duration: 161.95 secs
14:17:15 INFO  Test final outcome:  BLOCKED
14:17:15 INFO  Test outcome reason: SystemError: Timeout while waiting for status FAILED or SUCCESSFUL
14:17:15 INFO  
</system-out>
	</testcase>
</testsuite>
