<?xml version="1.0" encoding="utf-8"?>
<testsuite failures="1" name="docker_plugin_update" skipped="0" tests="1" time="4.59" timestamp="2022-05-20T12:08:18">
	<testcase classname="DockerPluginUpdateTest" name="docker_plugin_update">
		<failure message="BLOCKED: sudo&lt;docker_run&gt; returned non-zero exit code 125" type="BLOCKED"/>
		<system-out>12:08:13 INFO  ==============================================================
12:08:13 INFO  Id:    docker_plugin_update
12:08:13 INFO  Dir:   plugin_docker/
12:08:13 INFO  Title: Validate docker plugin install updates existing containers
12:08:13 INFO  ==============================================================
12:08:14 INFO  Executed sudo&lt;docker_images&gt;, exit status 0
12:08:14 INFO  Grep on file /home/pi/actions-runner/_work/thin-edge.io/thin-edge.io/tests/PySys/plugin_docker/docker_plugin_update/Output/linux/docker_images.out ... passed
12:08:16 WARN  Executed sudo&lt;docker_run&gt;, exit status 125
12:08:16 INFO  Contents of docker_run.err: 
  Unable to find image 'registry:2.6.2' locally
  docker: Error response from daemon: toomanyrequests: You have reached your pull rate limit. You may increase the limit by authenticating and upgrading: https://www.docker.com/increase-rate-limit.
  See 'docker run --help'.
  -----

12:08:16 WARN  sudo&lt;docker_run&gt; returned non-zero exit code 125 ... blocked 
12:08:16 WARN  Aborted test due to BLOCKED outcome
12:08:16 INFO  
12:08:16 INFO  cleanup:
12:08:16 INFO  Removing containers scheduled to be cleaned up: ['61e24d2cedbf', '']
12:08:17 WARN  Executed sudo&lt;containers_for_cleanup&gt;, exit status 1
12:08:17 INFO  Removing images scheduled to be cleaned up: ['registry', 'registry', 'registry:2.7.1']
12:08:18 INFO  Executed sudo&lt;containers_for_cleanup&gt;, exit status 0
12:08:18 INFO  
12:08:18 INFO  Test duration: 4.59 secs
12:08:18 INFO  Test final outcome:  BLOCKED
12:08:18 INFO  Test outcome reason: sudo&lt;docker_run&gt; returned non-zero exit code 125
12:08:18 INFO  
</system-out>
	</testcase>
</testsuite>
