<?xml version="1.0" encoding="utf-8"?>
<testsuite failures="0" name="docker_plugin_install_with_version" skipped="0" tests="1" time="33.2" timestamp="2022-06-22T16:43:11">
	<testcase classname="DockerPluginInstallWithVersionTest" name="docker_plugin_install_with_version"/>
</testsuite>
