<?xml version="1.0" encoding="utf-8"?>
<testsuite failures="1" name="SoftwareManagement.sm_docker_install_remove_multiple" skipped="0" tests="1" time="164.43" timestamp="2022-05-24T16:38:26">
	<testcase classname="SMDockerInstallRemove" name="SoftwareManagement.sm_docker_install_remove_multiple">
		<failure message="BLOCKED: SystemError: Timeout while waiting for status FAILED or SUCCESSFUL" type="BLOCKED"/>
		<system-out>16:35:42 INFO  ==============================================================
16:35:42 INFO  Id:    SoftwareManagement.sm_docker_install_remove_multiple
16:35:42 INFO  Dir:   software_management_end_to_end/
16:35:42 INFO  Title: Validate end to end behaviour for the docker plugin for multiple docker images with mixed versions
16:35:42 INFO  ==============================================================
16:35:44 INFO  Using sw id database: {'asciijump': '5475369', 'robotfindskitten': '5474869', 'squirrel3': '5475279', 'rolldice': '5152439', 'moon-buggy': '5439204', 'apple': '5495053', 'banana': '5494888', 'cherry': '5495382', 'watermelon': '5494510', 'registry': '8018911', 'hello-world': '8021526', 'docker/getting-started': '8021973', 'alpine': '7991792'}
16:35:44 INFO  EnvironmentC8y Setup
16:35:45 INFO  Executed systemctl&lt;serv_mapper1&gt;, exit status 3
16:36:01 INFO  Executed sudo&lt;tedge_connect_c8y&gt;, exit status 0, duration 15 secs
16:36:01 INFO  Executed sudo&lt;tedge_connect_c8y_test&gt;, exit status 0
16:36:02 INFO  Executed systemctl&lt;serv_mosq2&gt;, exit status 0
16:36:03 INFO  Executed systemctl&lt;serv_mapper3&gt;, exit status 0
16:36:05 INFO  State of current operation: PENDING
16:36:07 INFO  State of current operation: PENDING
16:36:09 INFO  State of current operation: PENDING
16:36:12 INFO  State of current operation: PENDING
16:36:14 INFO  State of current operation: PENDING
16:36:16 INFO  State of current operation: PENDING
16:36:18 INFO  State of current operation: PENDING
16:36:21 INFO  State of current operation: PENDING
16:36:23 INFO  State of current operation: PENDING
16:36:25 INFO  State of current operation: PENDING
16:36:27 INFO  State of current operation: PENDING
16:36:30 INFO  State of current operation: PENDING
16:36:32 INFO  State of current operation: PENDING
16:36:34 INFO  State of current operation: PENDING
16:36:36 INFO  State of current operation: PENDING
16:36:38 INFO  State of current operation: PENDING
16:36:41 INFO  State of current operation: PENDING
16:36:43 INFO  State of current operation: PENDING
16:36:45 INFO  State of current operation: PENDING
16:36:47 INFO  State of current operation: PENDING
16:36:50 INFO  State of current operation: PENDING
16:36:52 INFO  State of current operation: PENDING
16:36:54 INFO  State of current operation: PENDING
16:36:56 INFO  State of current operation: PENDING
16:36:58 INFO  State of current operation: PENDING
16:37:01 INFO  State of current operation: PENDING
16:37:03 INFO  State of current operation: PENDING
16:37:05 INFO  State of current operation: PENDING
16:37:07 INFO  State of current operation: PENDING
16:37:10 INFO  State of current operation: PENDING
16:37:12 INFO  State of current operation: PENDING
16:37:14 INFO  State of current operation: PENDING
16:37:16 INFO  State of current operation: PENDING
16:37:19 INFO  State of current operation: PENDING
16:37:21 INFO  State of current operation: PENDING
16:37:23 INFO  State of current operation: PENDING
16:37:25 INFO  State of current operation: PENDING
16:37:27 INFO  State of current operation: PENDING
16:37:30 INFO  State of current operation: PENDING
16:37:32 INFO  State of current operation: PENDING
16:37:34 INFO  State of current operation: PENDING
16:37:36 INFO  State of current operation: PENDING
16:37:39 INFO  State of current operation: PENDING
16:37:41 INFO  State of current operation: PENDING
16:37:43 INFO  State of current operation: PENDING
16:37:45 INFO  State of current operation: PENDING
16:37:47 INFO  State of current operation: PENDING
16:37:50 INFO  State of current operation: PENDING
16:37:52 INFO  State of current operation: PENDING
16:37:54 INFO  State of current operation: PENDING
16:37:56 INFO  State of current operation: PENDING
16:37:59 INFO  State of current operation: PENDING
16:38:01 INFO  State of current operation: PENDING
16:38:03 INFO  State of current operation: PENDING
16:38:05 INFO  State of current operation: PENDING
16:38:08 INFO  State of current operation: PENDING
16:38:10 INFO  State of current operation: PENDING
16:38:12 INFO  State of current operation: PENDING
16:38:14 INFO  State of current operation: PENDING
16:38:16 INFO  State of current operation: PENDING
16:38:19 INFO  State of current operation: PENDING
16:38:21 WARN  SystemError occurred while running test - Timeout while waiting for status FAILED or SUCCESSFUL
Traceback (most recent call last):
  File &quot;/home/pi/env-pysys/lib/python3.7/site-packages/pysys/baserunner.py&quot;, line 1292, in __call__
    self.testObj.setup()
  File &quot;/home/pi/actions-runner/_work/thin-edge.io/thin-edge.io/tests/PySys/software_management_end_to_end/sm_docker_install_remove_multiple/run.py&quot;, line 29, in setup
    super().setup()
  File &quot;/home/pi/actions-runner/_work/thin-edge.io/thin-edge.io/tests/PySys/software_management_end_to_end/environment_sm_management.py&quot;, line 151, in setup
    self.wait_until_end()
  File &quot;/home/pi/actions-runner/_work/thin-edge.io/thin-edge.io/tests/PySys/software_management_end_to_end/environment_sm_management.py&quot;, line 332, in wait_until_end
    self.wait_until_status(&quot;FAILED&quot;, &quot;SUCCESSFUL&quot;)
  File &quot;/home/pi/actions-runner/_work/thin-edge.io/thin-edge.io/tests/PySys/software_management_end_to_end/environment_sm_management.py&quot;, line 381, in wait_until_status
    &quot;Timeout while waiting for status %s or %s&quot; % (status, status2)
SystemError: Timeout while waiting for status FAILED or SUCCESSFUL
16:38:21 WARN  SystemError: Timeout while waiting for status FAILED or SUCCESSFUL ... blocked 
16:38:21 INFO  
16:38:21 INFO  cleanup:
16:38:25 INFO  Executed sudo&lt;tedge_disconnect_c8y&gt;, exit status 0
16:38:26 INFO  Executed systemctl&lt;serv_mapper5&gt;, exit status 3
16:38:26 INFO  
16:38:26 INFO  Test duration: 164.43 secs
16:38:26 INFO  Test final outcome:  BLOCKED
16:38:26 INFO  Test outcome reason: SystemError: Timeout while waiting for status FAILED or SUCCESSFUL
16:38:26 INFO  
</system-out>
	</testcase>
</testsuite>
