<?xml version="1.0" encoding="utf-8"?>
<testsuite failures="0" name="docker_plugin_install" skipped="0" tests="1" time="34.52" timestamp="2022-05-20T10:27:58">
	<testcase classname="DockerPluginInstallTest" name="docker_plugin_install"/>
</testsuite>
