<?xml version="1.0" encoding="utf-8"?>
<testsuite failures="1" name="docker_plugin_update" skipped="0" tests="1" time="4.64" timestamp="2022-05-23T12:04:40">
	<testcase classname="DockerPluginUpdateTest" name="docker_plugin_update">
		<failure message="BLOCKED: sudo&lt;docker_run&gt; returned non-zero exit code 125" type="BLOCKED"/>
		<system-out>12:04:35 INFO  ==============================================================
12:04:35 INFO  Id:    docker_plugin_update
12:04:35 INFO  Dir:   plugin_docker/
12:04:35 INFO  Title: Validate docker plugin install updates existing containers
12:04:35 INFO  ==============================================================
12:04:36 INFO  Executed sudo&lt;docker_images&gt;, exit status 0
12:04:36 INFO  Grep on file /home/pi/actions-runner/_work/thin-edge.io/thin-edge.io/tests/PySys/plugin_docker/docker_plugin_update/Output/linux/docker_images.out ... passed
12:04:38 WARN  Executed sudo&lt;docker_run&gt;, exit status 125
12:04:38 INFO  Contents of docker_run.err: 
  Unable to find image 'registry:2.6.2' locally
  docker: Error response from daemon: toomanyrequests: You have reached your pull rate limit. You may increase the limit by authenticating and upgrading: https://www.docker.com/increase-rate-limit.
  See 'docker run --help'.
  -----

12:04:38 WARN  sudo&lt;docker_run&gt; returned non-zero exit code 125 ... blocked 
12:04:38 WARN  Aborted test due to BLOCKED outcome
12:04:38 INFO  
12:04:38 INFO  cleanup:
12:04:38 INFO  Removing containers scheduled to be cleaned up: ['', '']
12:04:39 WARN  Executed sudo&lt;containers_for_cleanup&gt;, exit status 1
12:04:39 INFO  Removing images scheduled to be cleaned up: ['registry', 'registry:2.7.1']
12:04:40 INFO  Executed sudo&lt;containers_for_cleanup&gt;, exit status 0
12:04:40 INFO  
12:04:40 INFO  Test duration: 4.64 secs
12:04:40 INFO  Test final outcome:  BLOCKED
12:04:40 INFO  Test outcome reason: sudo&lt;docker_run&gt; returned non-zero exit code 125
12:04:40 INFO  
</system-out>
	</testcase>
</testsuite>
