<?xml version="1.0" encoding="utf-8"?>
<testsuite failures="0" name="docker_plugin_install" skipped="0" tests="1" time="35.5" timestamp="2022-06-07T12:19:22">
	<testcase classname="DockerPluginInstallTest" name="docker_plugin_install"/>
</testsuite>
