<?xml version="1.0" encoding="utf-8"?>
<testsuite failures="1" name="SoftwareManagement.sm_docker_install_remove_multiple" skipped="0" tests="1" time="165.34" timestamp="2022-05-23T09:28:54">
	<testcase classname="SMDockerInstallRemove" name="SoftwareManagement.sm_docker_install_remove_multiple">
		<failure message="BLOCKED: SystemError: Timeout while waiting for status FAILED or SUCCESSFUL" type="BLOCKED"/>
		<system-out>09:26:08 INFO  ==============================================================
09:26:08 INFO  Id:    SoftwareManagement.sm_docker_install_remove_multiple
09:26:08 INFO  Dir:   software_management_end_to_end/
09:26:08 INFO  Title: Validate end to end behaviour for the docker plugin for multiple docker images with mixed versions
09:26:08 INFO  ==============================================================
09:26:11 INFO  Using sw id database: {'asciijump': '5475369', 'robotfindskitten': '5474869', 'squirrel3': '5475279', 'rolldice': '5152439', 'moon-buggy': '5439204', 'apple': '5495053', 'banana': '5494888', 'cherry': '5495382', 'watermelon': '5494510', 'registry': '8018911', 'hello-world': '8021526', 'docker/getting-started': '8021973', 'alpine': '7991792'}
09:26:11 INFO  EnvironmentC8y Setup
09:26:11 INFO  Executed systemctl&lt;serv_mapper1&gt;, exit status 3
09:26:28 INFO  Executed sudo&lt;tedge_connect_c8y&gt;, exit status 0, duration 16 secs
09:26:29 INFO  Executed sudo&lt;tedge_connect_c8y_test&gt;, exit status 0
09:26:29 INFO  Executed systemctl&lt;serv_mosq2&gt;, exit status 0
09:26:29 INFO  Executed systemctl&lt;serv_mapper3&gt;, exit status 0
09:26:32 INFO  State of current operation: PENDING
09:26:34 INFO  State of current operation: PENDING
09:26:36 INFO  State of current operation: PENDING
09:26:38 INFO  State of current operation: PENDING
09:26:41 INFO  State of current operation: PENDING
09:26:43 INFO  State of current operation: PENDING
09:26:45 INFO  State of current operation: PENDING
09:26:47 INFO  State of current operation: PENDING
09:26:50 INFO  State of current operation: PENDING
09:26:52 INFO  State of current operation: PENDING
09:26:54 INFO  State of current operation: PENDING
09:26:56 INFO  State of current operation: PENDING
09:26:58 INFO  State of current operation: PENDING
09:27:01 INFO  State of current operation: PENDING
09:27:03 INFO  State of current operation: PENDING
09:27:05 INFO  State of current operation: PENDING
09:27:08 INFO  State of current operation: PENDING
09:27:10 INFO  State of current operation: PENDING
09:27:12 INFO  State of current operation: PENDING
09:27:14 INFO  State of current operation: PENDING
09:27:17 INFO  State of current operation: PENDING
09:27:19 INFO  State of current operation: PENDING
09:27:21 INFO  State of current operation: PENDING
09:27:23 INFO  State of current operation: PENDING
09:27:26 INFO  State of current operation: PENDING
09:27:28 INFO  State of current operation: PENDING
09:27:30 INFO  State of current operation: PENDING
09:27:32 INFO  State of current operation: PENDING
09:27:35 INFO  State of current operation: PENDING
09:27:37 INFO  State of current operation: PENDING
09:27:39 INFO  State of current operation: PENDING
09:27:41 INFO  State of current operation: PENDING
09:27:43 INFO  State of current operation: PENDING
09:27:46 INFO  State of current operation: PENDING
09:27:48 INFO  State of current operation: PENDING
09:27:50 INFO  State of current operation: PENDING
09:27:52 INFO  State of current operation: PENDING
09:27:55 INFO  State of current operation: PENDING
09:27:57 INFO  State of current operation: PENDING
09:27:59 INFO  State of current operation: PENDING
09:28:01 INFO  State of current operation: PENDING
09:28:04 INFO  State of current operation: PENDING
09:28:06 INFO  State of current operation: PENDING
09:28:08 INFO  State of current operation: PENDING
09:28:10 INFO  State of current operation: PENDING
09:28:13 INFO  State of current operation: PENDING
09:28:15 INFO  State of current operation: PENDING
09:28:17 INFO  State of current operation: PENDING
09:28:19 INFO  State of current operation: PENDING
09:28:22 INFO  State of current operation: PENDING
09:28:24 INFO  State of current operation: PENDING
09:28:26 INFO  State of current operation: PENDING
09:28:28 INFO  State of current operation: PENDING
09:28:30 INFO  State of current operation: PENDING
09:28:33 INFO  State of current operation: PENDING
09:28:35 INFO  State of current operation: PENDING
09:28:37 INFO  State of current operation: PENDING
09:28:39 INFO  State of current operation: PENDING
09:28:42 INFO  State of current operation: PENDING
09:28:44 INFO  State of current operation: PENDING
09:28:46 INFO  State of current operation: PENDING
09:28:48 WARN  SystemError occurred while running test - Timeout while waiting for status FAILED or SUCCESSFUL
Traceback (most recent call last):
  File &quot;/home/pi/env-pysys/lib/python3.7/site-packages/pysys/baserunner.py&quot;, line 1292, in __call__
    self.testObj.setup()
  File &quot;/home/pi/actions-runner/_work/thin-edge.io/thin-edge.io/tests/PySys/software_management_end_to_end/sm_docker_install_remove_multiple/run.py&quot;, line 29, in setup
    super().setup()
  File &quot;/home/pi/actions-runner/_work/thin-edge.io/thin-edge.io/tests/PySys/software_management_end_to_end/environment_sm_management.py&quot;, line 151, in setup
    self.wait_until_end()
  File &quot;/home/pi/actions-runner/_work/thin-edge.io/thin-edge.io/tests/PySys/software_management_end_to_end/environment_sm_management.py&quot;, line 332, in wait_until_end
    self.wait_until_status(&quot;FAILED&quot;, &quot;SUCCESSFUL&quot;)
  File &quot;/home/pi/actions-runner/_work/thin-edge.io/thin-edge.io/tests/PySys/software_management_end_to_end/environment_sm_management.py&quot;, line 381, in wait_until_status
    &quot;Timeout while waiting for status %s or %s&quot; % (status, status2)
SystemError: Timeout while waiting for status FAILED or SUCCESSFUL
09:28:49 WARN  SystemError: Timeout while waiting for status FAILED or SUCCESSFUL ... blocked 
09:28:49 INFO  
09:28:49 INFO  cleanup:
09:28:53 INFO  Executed sudo&lt;tedge_disconnect_c8y&gt;, exit status 0
09:28:54 INFO  Executed systemctl&lt;serv_mapper5&gt;, exit status 3
09:28:54 INFO  
09:28:54 INFO  Test duration: 165.34 secs
09:28:54 INFO  Test final outcome:  BLOCKED
09:28:54 INFO  Test outcome reason: SystemError: Timeout while waiting for status FAILED or SUCCESSFUL
09:28:54 INFO  
</system-out>
	</testcase>
</testsuite>
