<?xml version="1.0" encoding="utf-8"?>
<testsuite failures="0" name="docker_plugin_install_with_version" skipped="0" tests="1" time="33.25" timestamp="2022-07-21T19:20:42">
	<testcase classname="DockerPluginInstallWithVersionTest" name="docker_plugin_install_with_version"/>
</testsuite>
