<?xml version="1.0" encoding="utf-8"?>
<testsuite failures="1" name="docker_plugin_finalize" skipped="0" tests="1" time="3.24" timestamp="2022-05-23T14:14:06">
	<testcase classname="DockerPluginFinalizeTest" name="docker_plugin_finalize">
		<failure message="BLOCKED: sudo&lt;docker_pull&gt; returned non-zero exit code 1" type="BLOCKED"/>
		<system-out>14:14:03 INFO  ==============================================================
14:14:03 INFO  Id:    docker_plugin_finalize
14:14:03 INFO  Dir:   plugin_docker/
14:14:03 INFO  Title: Validate docker plugin finalize command
14:14:03 INFO  ==============================================================
14:14:04 INFO  Executed sudo&lt;docker_images&gt;, exit status 0
14:14:04 INFO  Grep on file /home/pi/actions-runner/_work/thin-edge.io/thin-edge.io/tests/PySys/plugin_docker/docker_plugin_finalize/Output/linux/docker_images.out ... passed
14:14:06 WARN  Executed sudo&lt;docker_pull&gt;, exit status 1
14:14:06 INFO  Contents of docker_pull.err: 
  Error response from daemon: toomanyrequests: You have reached your pull rate limit. You may increase the limit by authenticating and upgrading: https://www.docker.com/increase-rate-limit
  -----

14:14:06 WARN  sudo&lt;docker_pull&gt; returned non-zero exit code 1 ... blocked 
14:14:06 WARN  Aborted test due to BLOCKED outcome
14:14:06 INFO  
14:14:06 INFO  cleanup:
14:14:06 INFO  
14:14:06 INFO  Test duration: 3.24 secs
14:14:06 INFO  Test final outcome:  BLOCKED
14:14:06 INFO  Test outcome reason: sudo&lt;docker_pull&gt; returned non-zero exit code 1
14:14:06 INFO  
</system-out>
	</testcase>
</testsuite>
