<?xml version="1.0" encoding="utf-8"?>
<testsuite failures="1" name="SoftwareManagement.sm_docker_install_remove_multiple" skipped="0" tests="1" time="165.12" timestamp="2022-05-25T13:44:15">
	<testcase classname="SMDockerInstallRemove" name="SoftwareManagement.sm_docker_install_remove_multiple">
		<failure message="BLOCKED: SystemError: Timeout while waiting for status FAILED or SUCCESSFUL" type="BLOCKED"/>
		<system-out>13:41:30 INFO  ==============================================================
13:41:30 INFO  Id:    SoftwareManagement.sm_docker_install_remove_multiple
13:41:30 INFO  Dir:   software_management_end_to_end/
13:41:30 INFO  Title: Validate end to end behaviour for the docker plugin for multiple docker images with mixed versions
13:41:30 INFO  ==============================================================
13:41:32 INFO  Using sw id database: {'asciijump': '5475369', 'robotfindskitten': '5474869', 'squirrel3': '5475279', 'rolldice': '5152439', 'moon-buggy': '5439204', 'apple': '5495053', 'banana': '5494888', 'cherry': '5495382', 'watermelon': '5494510', 'registry': '8018911', 'hello-world': '8021526', 'docker/getting-started': '8021973', 'alpine': '7991792'}
13:41:32 INFO  EnvironmentC8y Setup
13:41:33 INFO  Executed systemctl&lt;serv_mapper1&gt;, exit status 3
13:41:49 INFO  Executed sudo&lt;tedge_connect_c8y&gt;, exit status 0, duration 15 secs
13:41:50 INFO  Executed sudo&lt;tedge_connect_c8y_test&gt;, exit status 0
13:41:50 INFO  Executed systemctl&lt;serv_mosq2&gt;, exit status 0
13:41:51 INFO  Executed systemctl&lt;serv_mapper3&gt;, exit status 0
13:41:53 INFO  State of current operation: PENDING
13:41:55 INFO  State of current operation: PENDING
13:41:58 INFO  State of current operation: PENDING
13:42:00 INFO  State of current operation: PENDING
13:42:02 INFO  State of current operation: PENDING
13:42:04 INFO  State of current operation: PENDING
13:42:06 INFO  State of current operation: PENDING
13:42:09 INFO  State of current operation: PENDING
13:42:11 INFO  State of current operation: PENDING
13:42:13 INFO  State of current operation: PENDING
13:42:15 INFO  State of current operation: PENDING
13:42:18 INFO  State of current operation: PENDING
13:42:20 INFO  State of current operation: PENDING
13:42:22 INFO  State of current operation: PENDING
13:42:24 INFO  State of current operation: PENDING
13:42:27 INFO  State of current operation: PENDING
13:42:29 INFO  State of current operation: PENDING
13:42:31 INFO  State of current operation: PENDING
13:42:33 INFO  State of current operation: PENDING
13:42:35 INFO  State of current operation: PENDING
13:42:38 INFO  State of current operation: PENDING
13:42:40 INFO  State of current operation: PENDING
13:42:42 INFO  State of current operation: PENDING
13:42:44 INFO  State of current operation: PENDING
13:42:47 INFO  State of current operation: PENDING
13:42:49 INFO  State of current operation: PENDING
13:42:51 INFO  State of current operation: PENDING
13:42:53 INFO  State of current operation: PENDING
13:42:56 INFO  State of current operation: PENDING
13:42:58 INFO  State of current operation: PENDING
13:43:00 INFO  State of current operation: PENDING
13:43:02 INFO  State of current operation: PENDING
13:43:05 INFO  State of current operation: PENDING
13:43:07 INFO  State of current operation: PENDING
13:43:09 INFO  State of current operation: PENDING
13:43:11 INFO  State of current operation: PENDING
13:43:14 INFO  State of current operation: PENDING
13:43:16 INFO  State of current operation: PENDING
13:43:18 INFO  State of current operation: PENDING
13:43:20 INFO  State of current operation: PENDING
13:43:23 INFO  State of current operation: PENDING
13:43:25 INFO  State of current operation: PENDING
13:43:27 INFO  State of current operation: PENDING
13:43:29 INFO  State of current operation: PENDING
13:43:32 INFO  State of current operation: PENDING
13:43:34 INFO  State of current operation: PENDING
13:43:36 INFO  State of current operation: PENDING
13:43:38 INFO  State of current operation: PENDING
13:43:40 INFO  State of current operation: PENDING
13:43:43 INFO  State of current operation: PENDING
13:43:45 INFO  State of current operation: PENDING
13:43:47 INFO  State of current operation: PENDING
13:43:49 INFO  State of current operation: PENDING
13:43:52 INFO  State of current operation: PENDING
13:43:54 INFO  State of current operation: PENDING
13:43:56 INFO  State of current operation: PENDING
13:43:58 INFO  State of current operation: PENDING
13:44:01 INFO  State of current operation: PENDING
13:44:03 INFO  State of current operation: PENDING
13:44:06 INFO  State of current operation: PENDING
13:44:08 INFO  State of current operation: PENDING
13:44:10 WARN  SystemError occurred while running test - Timeout while waiting for status FAILED or SUCCESSFUL
Traceback (most recent call last):
  File &quot;/home/pi/env-pysys/lib/python3.7/site-packages/pysys/baserunner.py&quot;, line 1292, in __call__
    self.testObj.setup()
  File &quot;/home/pi/actions-runner/_work/thin-edge.io/thin-edge.io/tests/PySys/software_management_end_to_end/sm_docker_install_remove_multiple/run.py&quot;, line 29, in setup
    super().setup()
  File &quot;/home/pi/actions-runner/_work/thin-edge.io/thin-edge.io/tests/PySys/software_management_end_to_end/environment_sm_management.py&quot;, line 151, in setup
    self.wait_until_end()
  File &quot;/home/pi/actions-runner/_work/thin-edge.io/thin-edge.io/tests/PySys/software_management_end_to_end/environment_sm_management.py&quot;, line 332, in wait_until_end
    self.wait_until_status(&quot;FAILED&quot;, &quot;SUCCESSFUL&quot;)
  File &quot;/home/pi/actions-runner/_work/thin-edge.io/thin-edge.io/tests/PySys/software_management_end_to_end/environment_sm_management.py&quot;, line 381, in wait_until_status
    &quot;Timeout while waiting for status %s or %s&quot; % (status, status2)
SystemError: Timeout while waiting for status FAILED or SUCCESSFUL
13:44:10 WARN  SystemError: Timeout while waiting for status FAILED or SUCCESSFUL ... blocked 
13:44:10 INFO  
13:44:10 INFO  cleanup:
13:44:15 INFO  Executed sudo&lt;tedge_disconnect_c8y&gt;, exit status 0
13:44:15 INFO  Executed systemctl&lt;serv_mapper5&gt;, exit status 3
13:44:15 INFO  
13:44:15 INFO  Test duration: 165.12 secs
13:44:15 INFO  Test final outcome:  BLOCKED
13:44:15 INFO  Test outcome reason: SystemError: Timeout while waiting for status FAILED or SUCCESSFUL
13:44:15 INFO  
</system-out>
	</testcase>
</testsuite>
