<?xml version="1.0" encoding="utf-8"?>
<testsuite failures="1" name="docker_plugin_remove_with_version" skipped="0" tests="1" time="5.02" timestamp="2022-05-23T15:54:54">
	<testcase classname="DockerPluginRemoveWithVersionTest" name="docker_plugin_remove_with_version">
		<failure message="BLOCKED: sudo&lt;docker_run&gt; returned non-zero exit code 125" type="BLOCKED"/>
		<system-out>15:54:49 INFO  ==============================================================
15:54:49 INFO  Id:    docker_plugin_remove_with_version
15:54:49 INFO  Dir:   plugin_docker/
15:54:49 INFO  Title: Validate docker plugin remove with version
15:54:49 INFO  ==============================================================
15:54:50 INFO  Executed sudo&lt;docker_images&gt;, exit status 0
15:54:50 INFO  Grep on file /home/pi/actions-runner/_work/thin-edge.io/thin-edge.io/tests/PySys/plugin_docker/docker_plugin_remove_with_version/Output/linux/docker_images.out ... passed
15:54:52 WARN  Executed sudo&lt;docker_run&gt;, exit status 125
15:54:52 INFO  Contents of docker_run.err: 
  Unable to find image 'registry:2.7.1' locally
  docker: Error response from daemon: toomanyrequests: You have reached your pull rate limit. You may increase the limit by authenticating and upgrading: https://www.docker.com/increase-rate-limit.
  See 'docker run --help'.
  -----

15:54:52 WARN  sudo&lt;docker_run&gt; returned non-zero exit code 125 ... blocked 
15:54:52 WARN  Aborted test due to BLOCKED outcome
15:54:52 INFO  
15:54:52 INFO  cleanup:
15:54:52 INFO  Removing containers scheduled to be cleaned up: ['d61ddda46480', '508e8573549f', '21be483a1849382060dee50ddad18035cc8a9733b549151c6a53678d68a6a7bf\n']
15:54:53 WARN  Executed sudo&lt;containers_for_cleanup&gt;, exit status 1
15:54:53 INFO  Removing images scheduled to be cleaned up: ['registry', 'registry', 'registry:2.7.1', 'registry']
15:54:54 INFO  Executed sudo&lt;containers_for_cleanup&gt;, exit status 0
15:54:54 INFO  
15:54:54 INFO  Test duration: 5.02 secs
15:54:54 INFO  Test final outcome:  BLOCKED
15:54:54 INFO  Test outcome reason: sudo&lt;docker_run&gt; returned non-zero exit code 125
15:54:54 INFO  
</system-out>
	</testcase>
</testsuite>
