<?xml version="1.0" encoding="utf-8"?>
<testsuite failures="0" name="docker_plugin_install_with_version" skipped="0" tests="1" time="37.17" timestamp="2022-06-08T13:54:08">
	<testcase classname="DockerPluginInstallWithVersionTest" name="docker_plugin_install_with_version"/>
</testsuite>
