<?xml version="1.0" encoding="utf-8"?>
<testsuite failures="1" name="SoftwareManagement.Plugin.apama_plugin_update" skipped="0" tests="1" time="21.74" timestamp="2022-06-08T13:51:11">
	<testcase classname="ApamaPluginUpdateTest" name="SoftwareManagement.Plugin.apama_plugin_update">
		<failure message="BLOCKED: sudo&lt;plugin_install&gt; returned non-zero exit code 2" type="BLOCKED"/>
		<system-out>13:50:49 INFO  ==============================================================
13:50:49 INFO  Id:    SoftwareManagement.Plugin.apama_plugin_update
13:50:49 INFO  Dir:   plugin_apama/
13:50:49 INFO  Title: Validate apama plugin updating one project with another
13:50:49 INFO  ==============================================================
13:50:49 INFO  Assertion that path exists=False for &quot;/etc/tedge/apama/project&quot; ... passed
13:50:50 INFO  Executed sudo&lt;create_project_dir&gt;, exit status 0
13:50:50 INFO  Executed sudo&lt;unzip_apama_project&gt;, exit status 0
13:50:51 INFO  Executed sudo&lt;move_apama_project&gt;, exit status 0
13:50:52 INFO  Executed sudo&lt;restart_apama_service&gt;, exit status 0
13:50:52 INFO  Executed sudo&lt;apama_correlator_wait&gt;, exit status 0
13:50:52 INFO  Assertion that path exists=True for &quot;/etc/tedge/apama/project&quot; ... passed
13:50:53 INFO  Executed sudo&lt;apama_list_monitors&gt;, exit status 0
13:50:53 INFO  Grep on file /home/pi/actions-runner/_work/thin-edge.io/thin-edge.io/tests/PySys/plugin_apama/apama_plugin_update/Output/linux/apama_list_monitors.out ... passed
13:50:54 WARN  Executed sudo&lt;plugin_install&gt;, exit status 2
13:50:54 INFO  Contents of plugin_install.err: 
  ERROR: Directory not empty (os error 39)
  -----

13:50:54 WARN  sudo&lt;plugin_install&gt; returned non-zero exit code 2 ... blocked [run.py:35]
13:50:54 WARN  Aborted test due to BLOCKED outcome
13:50:54 INFO  
13:50:54 INFO  cleanup:
13:50:54 INFO  Removing apama project
13:51:10 INFO  Executed sudo&lt;stop_apama_service&gt;, exit status 0, duration 15 secs
13:51:10 INFO  Executed sudo&lt;remove_apama_project&gt;, exit status 0
13:51:11 INFO  Executed sudo&lt;remove_apama_tmp_dir&gt;, exit status 0
13:51:11 INFO  
13:51:11 INFO  Test duration: 21.74 secs
13:51:11 INFO  Test final outcome:  BLOCKED
13:51:11 INFO  Test outcome reason: sudo&lt;plugin_install&gt; returned non-zero exit code 2
13:51:11 INFO  
</system-out>
	</testcase>
</testsuite>
