<?xml version="1.0" encoding="utf-8"?>
<testsuite failures="1" name="SoftwareManagement.Plugin.apama_plugin_update" skipped="0" tests="1" time="21.92" timestamp="2022-07-21T17:10:58">
	<testcase classname="ApamaPluginUpdateTest" name="SoftwareManagement.Plugin.apama_plugin_update">
		<failure message="BLOCKED: sudo&lt;plugin_install&gt; returned non-zero exit code 2" type="BLOCKED"/>
		<system-out>17:10:36 INFO  ==============================================================
17:10:36 INFO  Id:    SoftwareManagement.Plugin.apama_plugin_update
17:10:36 INFO  Dir:   plugin_apama/
17:10:36 INFO  Title: Validate apama plugin updating one project with another
17:10:36 INFO  ==============================================================
17:10:36 INFO  Assertion that path exists=False for &quot;/etc/tedge/apama/project&quot; ... passed
17:10:37 INFO  Executed sudo&lt;create_project_dir&gt;, exit status 0
17:10:37 INFO  Executed sudo&lt;unzip_apama_project&gt;, exit status 0
17:10:38 INFO  Executed sudo&lt;move_apama_project&gt;, exit status 0
17:10:39 INFO  Executed sudo&lt;restart_apama_service&gt;, exit status 0
17:10:40 INFO  Executed sudo&lt;apama_correlator_wait&gt;, exit status 0
17:10:40 INFO  Assertion that path exists=True for &quot;/etc/tedge/apama/project&quot; ... passed
17:10:40 INFO  Executed sudo&lt;apama_list_monitors&gt;, exit status 0
17:10:40 INFO  Grep on file /home/pi/actions-runner/_work/thin-edge.io/thin-edge.io/tests/PySys/plugin_apama/apama_plugin_update/Output/linux/apama_list_monitors.out ... passed
17:10:41 WARN  Executed sudo&lt;plugin_install&gt;, exit status 2
17:10:41 INFO  Contents of plugin_install.err: 
  ERROR: Directory not empty (os error 39)
  -----

17:10:41 WARN  sudo&lt;plugin_install&gt; returned non-zero exit code 2 ... blocked [run.py:35]
17:10:41 WARN  Aborted test due to BLOCKED outcome
17:10:41 INFO  
17:10:41 INFO  cleanup:
17:10:41 INFO  Removing apama project
17:10:57 INFO  Executed sudo&lt;stop_apama_service&gt;, exit status 0, duration 16 secs
17:10:58 INFO  Executed sudo&lt;remove_apama_project&gt;, exit status 0
17:10:58 INFO  Executed sudo&lt;remove_apama_tmp_dir&gt;, exit status 0
17:10:58 INFO  
17:10:58 INFO  Test duration: 21.92 secs
17:10:58 INFO  Test final outcome:  BLOCKED
17:10:58 INFO  Test outcome reason: sudo&lt;plugin_install&gt; returned non-zero exit code 2
17:10:58 INFO  
</system-out>
	</testcase>
</testsuite>
