<?xml version="1.0" encoding="utf-8"?>
<testsuite failures="1" name="SoftwareManagement.Plugin.apama_plugin_update" skipped="0" tests="1" time="21.68" timestamp="2022-06-29T17:47:49">
	<testcase classname="ApamaPluginUpdateTest" name="SoftwareManagement.Plugin.apama_plugin_update">
		<failure message="BLOCKED: sudo&lt;plugin_install&gt; returned non-zero exit code 2" type="BLOCKED"/>
		<system-out>17:47:27 INFO  ==============================================================
17:47:27 INFO  Id:    SoftwareManagement.Plugin.apama_plugin_update
17:47:27 INFO  Dir:   plugin_apama/
17:47:27 INFO  Title: Validate apama plugin updating one project with another
17:47:27 INFO  ==============================================================
17:47:27 INFO  Assertion that path exists=False for &quot;/etc/tedge/apama/project&quot; ... passed
17:47:28 INFO  Executed sudo&lt;create_project_dir&gt;, exit status 0
17:47:28 INFO  Executed sudo&lt;unzip_apama_project&gt;, exit status 0
17:47:29 INFO  Executed sudo&lt;move_apama_project&gt;, exit status 0
17:47:30 INFO  Executed sudo&lt;restart_apama_service&gt;, exit status 0
17:47:30 INFO  Executed sudo&lt;apama_correlator_wait&gt;, exit status 0
17:47:30 INFO  Assertion that path exists=True for &quot;/etc/tedge/apama/project&quot; ... passed
17:47:31 INFO  Executed sudo&lt;apama_list_monitors&gt;, exit status 0
17:47:31 INFO  Grep on file /home/pi/actions-runner/_work/thin-edge.io/thin-edge.io/tests/PySys/plugin_apama/apama_plugin_update/Output/linux/apama_list_monitors.out ... passed
17:47:32 WARN  Executed sudo&lt;plugin_install&gt;, exit status 2
17:47:32 INFO  Contents of plugin_install.err: 
  ERROR: Directory not empty (os error 39)
  -----

17:47:32 WARN  sudo&lt;plugin_install&gt; returned non-zero exit code 2 ... blocked [run.py:35]
17:47:32 WARN  Aborted test due to BLOCKED outcome
17:47:32 INFO  
17:47:32 INFO  cleanup:
17:47:32 INFO  Removing apama project
17:47:48 INFO  Executed sudo&lt;stop_apama_service&gt;, exit status 0, duration 15 secs
17:47:48 INFO  Executed sudo&lt;remove_apama_project&gt;, exit status 0
17:47:49 INFO  Executed sudo&lt;remove_apama_tmp_dir&gt;, exit status 0
17:47:49 INFO  
17:47:49 INFO  Test duration: 21.68 secs
17:47:49 INFO  Test final outcome:  BLOCKED
17:47:49 INFO  Test outcome reason: sudo&lt;plugin_install&gt; returned non-zero exit code 2
17:47:49 INFO  
</system-out>
	</testcase>
</testsuite>
