<?xml version="1.0" encoding="utf-8"?>
<testsuite failures="1" name="SoftwareManagement.Plugin.apama_plugin_update" skipped="0" tests="1" time="21.66" timestamp="2022-07-22T08:16:41">
	<testcase classname="ApamaPluginUpdateTest" name="SoftwareManagement.Plugin.apama_plugin_update">
		<failure message="BLOCKED: sudo&lt;plugin_install&gt; returned non-zero exit code 2" type="BLOCKED"/>
		<system-out>08:16:19 INFO  ==============================================================
08:16:19 INFO  Id:    SoftwareManagement.Plugin.apama_plugin_update
08:16:19 INFO  Dir:   plugin_apama/
08:16:19 INFO  Title: Validate apama plugin updating one project with another
08:16:19 INFO  ==============================================================
08:16:19 INFO  Assertion that path exists=False for &quot;/etc/tedge/apama/project&quot; ... passed
08:16:19 INFO  Executed sudo&lt;create_project_dir&gt;, exit status 0
08:16:20 INFO  Executed sudo&lt;unzip_apama_project&gt;, exit status 0
08:16:21 INFO  Executed sudo&lt;move_apama_project&gt;, exit status 0
08:16:21 INFO  Executed sudo&lt;restart_apama_service&gt;, exit status 0
08:16:22 INFO  Executed sudo&lt;apama_correlator_wait&gt;, exit status 0
08:16:22 INFO  Assertion that path exists=True for &quot;/etc/tedge/apama/project&quot; ... passed
08:16:23 INFO  Executed sudo&lt;apama_list_monitors&gt;, exit status 0
08:16:23 INFO  Grep on file /home/pi/actions-runner/_work/thin-edge.io/thin-edge.io/tests/PySys/plugin_apama/apama_plugin_update/Output/linux/apama_list_monitors.out ... passed
08:16:23 WARN  Executed sudo&lt;plugin_install&gt;, exit status 2
08:16:23 INFO  Contents of plugin_install.err: 
  ERROR: Directory not empty (os error 39)
  -----

08:16:24 WARN  sudo&lt;plugin_install&gt; returned non-zero exit code 2 ... blocked [run.py:35]
08:16:24 WARN  Aborted test due to BLOCKED outcome
08:16:24 INFO  
08:16:24 INFO  cleanup:
08:16:24 INFO  Removing apama project
08:16:40 INFO  Executed sudo&lt;stop_apama_service&gt;, exit status 0, duration 15 secs
08:16:40 INFO  Executed sudo&lt;remove_apama_project&gt;, exit status 0
08:16:41 INFO  Executed sudo&lt;remove_apama_tmp_dir&gt;, exit status 0
08:16:41 INFO  
08:16:41 INFO  Test duration: 21.66 secs
08:16:41 INFO  Test final outcome:  BLOCKED
08:16:41 INFO  Test outcome reason: sudo&lt;plugin_install&gt; returned non-zero exit code 2
08:16:41 INFO  
</system-out>
	</testcase>
</testsuite>
