<?xml version="1.0" encoding="utf-8"?>
<testsuite failures="1" name="SoftwareManagement.Plugin.apama_plugin_update" skipped="0" tests="1" time="21.5" timestamp="2022-07-22T10:13:48">
	<testcase classname="ApamaPluginUpdateTest" name="SoftwareManagement.Plugin.apama_plugin_update">
		<failure message="BLOCKED: sudo&lt;plugin_install&gt; returned non-zero exit code 2" type="BLOCKED"/>
		<system-out>10:13:26 INFO  ==============================================================
10:13:26 INFO  Id:    SoftwareManagement.Plugin.apama_plugin_update
10:13:26 INFO  Dir:   plugin_apama/
10:13:26 INFO  Title: Validate apama plugin updating one project with another
10:13:26 INFO  ==============================================================
10:13:27 INFO  Assertion that path exists=False for &quot;/etc/tedge/apama/project&quot; ... passed
10:13:27 INFO  Executed sudo&lt;create_project_dir&gt;, exit status 0
10:13:28 INFO  Executed sudo&lt;unzip_apama_project&gt;, exit status 0
10:13:28 INFO  Executed sudo&lt;move_apama_project&gt;, exit status 0
10:13:29 INFO  Executed sudo&lt;restart_apama_service&gt;, exit status 0
10:13:30 INFO  Executed sudo&lt;apama_correlator_wait&gt;, exit status 0
10:13:30 INFO  Assertion that path exists=True for &quot;/etc/tedge/apama/project&quot; ... passed
10:13:30 INFO  Executed sudo&lt;apama_list_monitors&gt;, exit status 0
10:13:30 INFO  Grep on file /home/pi/actions-runner/_work/thin-edge.io/thin-edge.io/tests/PySys/plugin_apama/apama_plugin_update/Output/linux/apama_list_monitors.out ... passed
10:13:31 WARN  Executed sudo&lt;plugin_install&gt;, exit status 2
10:13:31 INFO  Contents of plugin_install.err: 
  ERROR: Directory not empty (os error 39)
  -----

10:13:31 WARN  sudo&lt;plugin_install&gt; returned non-zero exit code 2 ... blocked [run.py:35]
10:13:31 WARN  Aborted test due to BLOCKED outcome
10:13:31 INFO  
10:13:31 INFO  cleanup:
10:13:31 INFO  Removing apama project
10:13:47 INFO  Executed sudo&lt;stop_apama_service&gt;, exit status 0, duration 15 secs
10:13:47 INFO  Executed sudo&lt;remove_apama_project&gt;, exit status 0
10:13:48 INFO  Executed sudo&lt;remove_apama_tmp_dir&gt;, exit status 0
10:13:48 INFO  
10:13:48 INFO  Test duration: 21.50 secs
10:13:48 INFO  Test final outcome:  BLOCKED
10:13:48 INFO  Test outcome reason: sudo&lt;plugin_install&gt; returned non-zero exit code 2
10:13:48 INFO  
</system-out>
	</testcase>
</testsuite>
