<?xml version="1.0" encoding="utf-8"?>
<testsuite failures="1" name="SoftwareManagement.Plugin.apama_plugin_update" skipped="0" tests="1" time="21.42" timestamp="2022-05-20T14:12:22">
	<testcase classname="ApamaPluginUpdateTest" name="SoftwareManagement.Plugin.apama_plugin_update">
		<failure message="BLOCKED: sudo&lt;plugin_install&gt; returned non-zero exit code 2" type="BLOCKED"/>
		<system-out>14:12:01 INFO  ==============================================================
14:12:01 INFO  Id:    SoftwareManagement.Plugin.apama_plugin_update
14:12:01 INFO  Dir:   plugin_apama/
14:12:01 INFO  Title: Validate apama plugin updating one project with another
14:12:01 INFO  ==============================================================
14:12:01 INFO  Assertion that path exists=False for &quot;/etc/tedge/apama/project&quot; ... passed
14:12:01 INFO  Executed sudo&lt;create_project_dir&gt;, exit status 0
14:12:02 INFO  Executed sudo&lt;unzip_apama_project&gt;, exit status 0
14:12:02 INFO  Executed sudo&lt;move_apama_project&gt;, exit status 0
14:12:03 INFO  Executed sudo&lt;restart_apama_service&gt;, exit status 0
14:12:04 INFO  Executed sudo&lt;apama_correlator_wait&gt;, exit status 0
14:12:04 INFO  Assertion that path exists=True for &quot;/etc/tedge/apama/project&quot; ... passed
14:12:05 INFO  Executed sudo&lt;apama_list_monitors&gt;, exit status 0
14:12:05 INFO  Grep on file /home/pi/actions-runner/_work/thin-edge.io/thin-edge.io/tests/PySys/plugin_apama/apama_plugin_update/Output/linux/apama_list_monitors.out ... passed
14:12:05 WARN  Executed sudo&lt;plugin_install&gt;, exit status 2
14:12:05 INFO  Contents of plugin_install.err: 
  ERROR: Directory not empty (os error 39)
  -----

14:12:05 WARN  sudo&lt;plugin_install&gt; returned non-zero exit code 2 ... blocked [run.py:35]
14:12:05 WARN  Aborted test due to BLOCKED outcome
14:12:05 INFO  
14:12:05 INFO  cleanup:
14:12:05 INFO  Removing apama project
14:12:21 INFO  Executed sudo&lt;stop_apama_service&gt;, exit status 0, duration 15 secs
14:12:21 INFO  Executed sudo&lt;remove_apama_project&gt;, exit status 0
14:12:22 INFO  Executed sudo&lt;remove_apama_tmp_dir&gt;, exit status 0
14:12:22 INFO  
14:12:22 INFO  Test duration: 21.42 secs
14:12:22 INFO  Test final outcome:  BLOCKED
14:12:22 INFO  Test outcome reason: sudo&lt;plugin_install&gt; returned non-zero exit code 2
14:12:22 INFO  
</system-out>
	</testcase>
</testsuite>
