<?xml version="1.0" encoding="utf-8"?>
<testsuite failures="1" name="SoftwareManagement.sm_mixed_install_remove_multiple" skipped="0" tests="1" time="167.84" timestamp="2022-06-20T16:21:46">
	<testcase classname="PySysTest" name="SoftwareManagement.sm_mixed_install_remove_multiple">
		<failure message="FAILED: Assert that (False == value) with value=True" type="FAILED"/>
		<system-out>16:18:58 INFO  ==============================================================
16:18:58 INFO  Id:    SoftwareManagement.sm_mixed_install_remove_multiple
16:18:58 INFO  Dir:   software_management_end_to_end/
16:18:58 INFO  Title: Validate end to end behaviour for the dummy-plugin for multiple packages with mixed versions
16:18:58 INFO  ==============================================================
16:18:59 INFO  Using sw id database: {'asciijump': '5475369', 'robotfindskitten': '5474869', 'squirrel3': '5475279', 'rolldice': '5152439', 'moon-buggy': '5439204', 'apple': '5495053', 'banana': '5494888', 'cherry': '5495382', 'watermelon': '5494510', 'registry': '8018911', 'hello-world': '8021526', 'docker/getting-started': '8021973', 'alpine': '7991792'}
16:18:59 INFO  EnvironmentC8y Setup
16:18:59 INFO  Executed systemctl&lt;serv_mapper1&gt;, exit status 3
16:18:59 INFO  Restarting mosquitto too frequently in the last 10 seconds. It was only up for 4 seconds
16:18:59 INFO  Delaying execution by 7 seconds
16:19:20 INFO  Executed sudo&lt;tedge_connect_c8y&gt;, exit status 0, duration 13 secs
16:19:21 INFO  Executed sudo&lt;tedge_connect_c8y_test&gt;, exit status 0
16:19:21 INFO  Executed systemctl&lt;serv_mosq2&gt;, exit status 0
16:19:22 INFO  Executed systemctl&lt;serv_mapper3&gt;, exit status 0
16:19:24 INFO  State of current operation: SUCCESSFUL
16:19:24 INFO  Package apple is installed
16:19:24 INFO  Assert that (True == value) with value=True ... passed
16:19:25 INFO  Package banana is installed
16:19:25 INFO  Assert that (True == value) with value=True ... passed
16:19:25 INFO  Package cherry is installed
16:19:25 INFO  Assert that (True == value) with value=True ... passed
16:19:25 INFO  Package asciijump is installed
16:19:25 WARN  Assert that (False == value) with value=True ... failed 
16:19:25 INFO  Assert that (False == value) with value=False ... passed
16:19:25 INFO  Response status: 201
16:19:25 INFO  Response to action: {
    &quot;creationTime&quot;: &quot;2022-06-20T16:19:25.926Z&quot;,
    &quot;deviceName&quot;: &quot;m32sd10d&quot;,
    &quot;deviceId&quot;: &quot;20286482&quot;,
    &quot;self&quot;: &quot;https://t493319102.eu-latest.cumulocity.com/devicecontrol/operations/20350003&quot;,
    &quot;id&quot;: &quot;20350003&quot;,
    &quot;status&quot;: &quot;PENDING&quot;,
    &quot;description&quot;: &quot;Apply software changes, triggered from PySys: [{'action': 'install', 'id': '5495053', 'name': 'apple', 'url': ' ', 'version': '::fruits'}, {'action': 'install', 'id': '5494888', 'name': 'banana', 'url': ' ', 'version': '::fruits'}, {'action': 'install', 'id': '5475369', 'name': 'asciijump', 'url': ' ', 'version': '::apt'}, {'action': 'install', 'id': '5495382', 'name': 'cherry', 'url': ' ', 'version': '::fruits'}, {'action': 'install', 'id': '8018911', 'name': 'registry', 'url': ' ', 'version': '::docker'}]&quot;,
    &quot;c8y_SoftwareUpdate&quot;: [
        {
            &quot;name&quot;: &quot;apple&quot;,
            &quot;action&quot;: &quot;install&quot;,
            &quot;id&quot;: &quot;5495053&quot;,
            &quot;version&quot;: &quot;::fruits&quot;,
            &quot;url&quot;: &quot; &quot;
        },
        {
            &quot;name&quot;: &quot;banana&quot;,
            &quot;action&quot;: &quot;install&quot;,
            &quot;id&quot;: &quot;5494888&quot;,
            &quot;version&quot;: &quot;::fruits&quot;,
            &quot;url&quot;: &quot; &quot;
        },
        {
            &quot;name&quot;: &quot;asciijump&quot;,
            &quot;action&quot;: &quot;install&quot;,
            &quot;id&quot;: &quot;5475369&quot;,
            &quot;version&quot;: &quot;::apt&quot;,
            &quot;url&quot;: &quot; &quot;
        },
        {
            &quot;name&quot;: &quot;cherry&quot;,
            &quot;action&quot;: &quot;install&quot;,
            &quot;id&quot;: &quot;5495382&quot;,
            &quot;version&quot;: &quot;::fruits&quot;,
            &quot;url&quot;: &quot; &quot;
        },
        {
            &quot;name&quot;: &quot;registry&quot;,
            &quot;action&quot;: &quot;install&quot;,
            &quot;id&quot;: &quot;8018911&quot;,
            &quot;version&quot;: &quot;::docker&quot;,
            &quot;url&quot;: &quot; &quot;
        }
    ]
}
16:19:25 INFO  Started operation: {'creationTime': '2022-06-20T16:19:25.926Z', 'deviceName': 'm32sd10d', 'deviceId': '20286482', 'self': 'https://t493319102.eu-latest.cumulocity.com/devicecontrol/operations/20350003', 'id': '20350003', 'status': 'PENDING', 'description': &quot;Apply software changes, triggered from PySys: [{'action': 'install', 'id': '5495053', 'name': 'apple', 'url': ' ', 'version': '::fruits'}, {'action': 'install', 'id': '5494888', 'name': 'banana', 'url': ' ', 'version': '::fruits'}, {'action': 'install', 'id': '5475369', 'name': 'asciijump', 'url': ' ', 'version': '::apt'}, {'action': 'install', 'id': '5495382', 'name': 'cherry', 'url': ' ', 'version': '::fruits'}, {'action': 'install', 'id': '8018911', 'name': 'registry', 'url': ' ', 'version': '::docker'}]&quot;, 'c8y_SoftwareUpdate': [{'name': 'apple', 'action': 'install', 'id': '5495053', 'version': '::fruits', 'url': ' '}, {'name': 'banana', 'action': 'install', 'id': '5494888', 'version': '::fruits', 'url': ' '}, {'name': 'asciijump', 'action': 'install', 'id': '5475369', 'version': '::apt', 'url': ' '}, {'name': 'cherry', 'action': 'install', 'id': '5495382', 'version': '::fruits', 'url': ' '}, {'name': 'registry', 'action': 'install', 'id': '8018911', 'version': '::docker', 'url': ' '}]}
16:19:28 INFO  State of operation 20350003 : PENDING
16:19:30 INFO  State of operation 20350003 : EXECUTING
16:19:32 INFO  State of operation 20350003 : EXECUTING
16:19:34 INFO  State of operation 20350003 : EXECUTING
16:19:37 INFO  State of operation 20350003 : EXECUTING
16:19:39 INFO  State of operation 20350003 : EXECUTING
16:19:41 INFO  State of operation 20350003 : EXECUTING
16:19:44 INFO  State of operation 20350003 : EXECUTING
16:19:47 INFO  State of operation 20350003 : EXECUTING
16:19:49 INFO  State of operation 20350003 : EXECUTING
16:19:51 INFO  State of operation 20350003 : EXECUTING
16:19:53 INFO  State of operation 20350003 : EXECUTING
16:19:56 INFO  State of operation 20350003 : EXECUTING
16:19:58 INFO  State of operation 20350003 : EXECUTING
16:20:00 INFO  State of operation 20350003 : EXECUTING
16:20:02 INFO  State of operation 20350003 : EXECUTING
16:20:05 INFO  State of operation 20350003 : EXECUTING
16:20:07 INFO  State of operation 20350003 : EXECUTING
16:20:10 INFO  State of operation 20350003 : EXECUTING
16:20:12 INFO  State of operation 20350003 : EXECUTING
16:20:14 INFO  State of operation 20350003 : EXECUTING
16:20:16 INFO  State of operation 20350003 : EXECUTING
16:20:19 INFO  State of operation 20350003 : EXECUTING
16:20:21 INFO  State of operation 20350003 : EXECUTING
16:20:23 INFO  State of operation 20350003 : EXECUTING
16:20:25 INFO  State of operation 20350003 : EXECUTING
16:20:28 INFO  State of operation 20350003 : SUCCESSFUL
16:20:28 INFO  Package apple is installed
16:20:28 INFO  Assert that (True == value) with value=True ... passed
16:20:28 INFO  Package banana is installed
16:20:28 INFO  Assert that (True == value) with value=True ... passed
16:20:28 INFO  Package cherry is installed
16:20:28 INFO  Assert that (True == value) with value=True ... passed
16:20:29 INFO  Package asciijump is installed
16:20:29 INFO  Assert that (True == value) with value=True ... passed
16:20:29 INFO  Package registry is installed
16:20:29 INFO  Assert that (True == value) with value=True ... passed
16:20:29 INFO  Response status: 201
16:20:29 INFO  Response to action: {
    &quot;creationTime&quot;: &quot;2022-06-20T16:20:29.550Z&quot;,
    &quot;deviceName&quot;: &quot;m32sd10d&quot;,
    &quot;deviceId&quot;: &quot;20286482&quot;,
    &quot;self&quot;: &quot;https://t493319102.eu-latest.cumulocity.com/devicecontrol/operations/20350011&quot;,
    &quot;id&quot;: &quot;20350011&quot;,
    &quot;status&quot;: &quot;PENDING&quot;,
    &quot;description&quot;: &quot;Apply software changes, triggered from PySys: [{'action': 'delete', 'id': '5495053', 'name': 'apple', 'url': ' ', 'version': '::fruits'}, {'action': 'delete', 'id': '5494888', 'name': 'banana', 'url': ' ', 'version': '::fruits'}, {'action': 'delete', 'id': '5475369', 'name': 'asciijump', 'url': ' ', 'version': '::apt'}, {'action': 'delete', 'id': '5495382', 'name': 'cherry', 'url': ' ', 'version': '::fruits'}, {'action': 'delete', 'id': '8018911', 'name': 'registry', 'url': ' ', 'version': '::docker'}]&quot;,
    &quot;c8y_SoftwareUpdate&quot;: [
        {
            &quot;name&quot;: &quot;apple&quot;,
            &quot;action&quot;: &quot;delete&quot;,
            &quot;id&quot;: &quot;5495053&quot;,
            &quot;version&quot;: &quot;::fruits&quot;,
            &quot;url&quot;: &quot; &quot;
        },
        {
            &quot;name&quot;: &quot;banana&quot;,
            &quot;action&quot;: &quot;delete&quot;,
            &quot;id&quot;: &quot;5494888&quot;,
            &quot;version&quot;: &quot;::fruits&quot;,
            &quot;url&quot;: &quot; &quot;
        },
        {
            &quot;name&quot;: &quot;asciijump&quot;,
            &quot;action&quot;: &quot;delete&quot;,
            &quot;id&quot;: &quot;5475369&quot;,
            &quot;version&quot;: &quot;::apt&quot;,
            &quot;url&quot;: &quot; &quot;
        },
        {
            &quot;name&quot;: &quot;cherry&quot;,
            &quot;action&quot;: &quot;delete&quot;,
            &quot;id&quot;: &quot;5495382&quot;,
            &quot;version&quot;: &quot;::fruits&quot;,
            &quot;url&quot;: &quot; &quot;
        },
        {
            &quot;name&quot;: &quot;registry&quot;,
            &quot;action&quot;: &quot;delete&quot;,
            &quot;id&quot;: &quot;8018911&quot;,
            &quot;version&quot;: &quot;::docker&quot;,
            &quot;url&quot;: &quot; &quot;
        }
    ]
}
16:20:29 INFO  Started operation: {'creationTime': '2022-06-20T16:20:29.550Z', 'deviceName': 'm32sd10d', 'deviceId': '20286482', 'self': 'https://t493319102.eu-latest.cumulocity.com/devicecontrol/operations/20350011', 'id': '20350011', 'status': 'PENDING', 'description': &quot;Apply software changes, triggered from PySys: [{'action': 'delete', 'id': '5495053', 'name': 'apple', 'url': ' ', 'version': '::fruits'}, {'action': 'delete', 'id': '5494888', 'name': 'banana', 'url': ' ', 'version': '::fruits'}, {'action': 'delete', 'id': '5475369', 'name': 'asciijump', 'url': ' ', 'version': '::apt'}, {'action': 'delete', 'id': '5495382', 'name': 'cherry', 'url': ' ', 'version': '::fruits'}, {'action': 'delete', 'id': '8018911', 'name': 'registry', 'url': ' ', 'version': '::docker'}]&quot;, 'c8y_SoftwareUpdate': [{'name': 'apple', 'action': 'delete', 'id': '5495053', 'version': '::fruits', 'url': ' '}, {'name': 'banana', 'action': 'delete', 'id': '5494888', 'version': '::fruits', 'url': ' '}, {'name': 'asciijump', 'action': 'delete', 'id': '5475369', 'version': '::apt', 'url': ' '}, {'name': 'cherry', 'action': 'delete', 'id': '5495382', 'version': '::fruits', 'url': ' '}, {'name': 'registry', 'action': 'delete', 'id': '8018911', 'version': '::docker', 'url': ' '}]}
16:20:31 INFO  State of operation 20350011 : PENDING
16:20:34 INFO  State of operation 20350011 : EXECUTING
16:20:36 INFO  State of operation 20350011 : EXECUTING
16:20:38 INFO  State of operation 20350011 : EXECUTING
16:20:40 INFO  State of operation 20350011 : EXECUTING
16:20:42 INFO  State of operation 20350011 : EXECUTING
16:20:45 INFO  State of operation 20350011 : EXECUTING
16:20:48 INFO  State of operation 20350011 : EXECUTING
16:20:50 INFO  State of operation 20350011 : EXECUTING
16:20:53 INFO  State of operation 20350011 : EXECUTING
16:20:55 INFO  State of operation 20350011 : EXECUTING
16:20:57 INFO  State of operation 20350011 : EXECUTING
16:20:59 INFO  State of operation 20350011 : EXECUTING
16:21:02 INFO  State of operation 20350011 : EXECUTING
16:21:04 INFO  State of operation 20350011 : EXECUTING
16:21:06 INFO  State of operation 20350011 : EXECUTING
16:21:10 INFO  State of operation 20350011 : EXECUTING
16:21:13 INFO  State of operation 20350011 : EXECUTING
16:21:15 INFO  State of operation 20350011 : EXECUTING
16:21:17 INFO  State of operation 20350011 : EXECUTING
16:21:19 INFO  State of operation 20350011 : EXECUTING
16:21:21 INFO  State of operation 20350011 : EXECUTING
16:21:24 INFO  State of operation 20350011 : EXECUTING
16:21:26 INFO  State of operation 20350011 : EXECUTING
16:21:29 INFO  State of operation 20350011 : EXECUTING
16:21:31 INFO  State of operation 20350011 : EXECUTING
16:21:33 INFO  State of operation 20350011 : EXECUTING
16:21:36 INFO  State of operation 20350011 : EXECUTING
16:21:38 INFO  State of operation 20350011 : EXECUTING
16:21:40 INFO  State of operation 20350011 : SUCCESSFUL
16:21:40 INFO  Package apple is installed
16:21:40 INFO  Assert that (True == value) with value=True ... passed
16:21:41 INFO  Package banana is installed
16:21:41 INFO  Assert that (True == value) with value=True ... passed
16:21:41 INFO  Package cherry is installed
16:21:41 INFO  Assert that (True == value) with value=True ... passed
16:21:41 INFO  Assert that (False == value) with value=False ... passed
16:21:41 INFO  Assert that (False == value) with value=False ... passed
16:21:41 INFO  
16:21:41 INFO  cleanup:
16:21:46 INFO  Executed sudo&lt;tedge_disconnect_c8y&gt;, exit status 0
16:21:46 INFO  Executed systemctl&lt;serv_mapper5&gt;, exit status 3
16:21:46 INFO  
16:21:46 INFO  Test duration: 167.84 secs
16:21:46 INFO  Test final outcome:  FAILED
16:21:46 INFO  Test outcome reason: Assert that (False == value) with value=True
16:21:46 INFO  
</system-out>
	</testcase>
</testsuite>
