<?xml version="1.0" encoding="utf-8"?>
<testsuite failures="1" name="SoftwareManagement.sm_apt_install_remove_multiple" skipped="0" tests="1" time="138.09" timestamp="2022-07-22T02:57:37">
	<testcase classname="PySysTest" name="SoftwareManagement.sm_apt_install_remove_multiple">
		<failure message="FAILED: Assert that (False == value) with value=True (+2 other failures)" type="FAILED"/>
		<system-out>02:55:19 INFO  ==============================================================
02:55:19 INFO  Id:    SoftwareManagement.sm_apt_install_remove_multiple
02:55:19 INFO  Dir:   software_management_end_to_end/
02:55:19 INFO  Title: Validate end to end behaviour for the apt plugin for multiple packages
02:55:19 INFO  ==============================================================
02:55:19 INFO  Using sw id database: {'asciijump': '5475369', 'robotfindskitten': '5474869', 'squirrel3': '5475279', 'rolldice': '5152439', 'moon-buggy': '5439204', 'apple': '5495053', 'banana': '5494888', 'cherry': '5495382', 'watermelon': '5494510', 'registry': '8018911', 'hello-world': '8021526', 'docker/getting-started': '8021973', 'alpine': '7991792'}
02:55:19 INFO  EnvironmentC8y Setup
02:55:20 INFO  Executed systemctl&lt;serv_mapper1&gt;, exit status 3
02:55:20 INFO  Restarting mosquitto too frequently in the last 10 seconds. It was only up for 5 seconds
02:55:20 INFO  Delaying execution by 6 seconds
02:55:40 INFO  Executed sudo&lt;tedge_connect_c8y&gt;, exit status 0, duration 13 secs
02:55:40 INFO  Executed sudo&lt;tedge_connect_c8y_test&gt;, exit status 0
02:55:41 INFO  Executed systemctl&lt;serv_mosq2&gt;, exit status 0
02:55:41 INFO  Executed systemctl&lt;serv_mapper3&gt;, exit status 0
02:55:43 INFO  State of current operation: SUCCESSFUL
02:55:44 INFO  Assert that (False == value) with value=False ... passed
02:55:44 INFO  Package asciijump is installed
02:55:44 WARN  Assert that (False == value) with value=True ... failed 
02:55:44 INFO  Package squirrel3 is installed
02:55:44 WARN  Assert that (False == value) with value=True ... failed 
02:55:45 INFO  Package robotfindskitten is installed
02:55:45 WARN  Assert that (False == value) with value=True ... failed 
02:55:45 INFO  Response status: 201
02:55:45 INFO  Response to action: {
    &quot;creationTime&quot;: &quot;2022-07-22T02:55:45.393Z&quot;,
    &quot;deviceId&quot;: &quot;21166555&quot;,
    &quot;deviceName&quot;: &quot;m32sd10d&quot;,
    &quot;self&quot;: &quot;https://t493319102.eu-latest.cumulocity.com/devicecontrol/operations/21230880&quot;,
    &quot;id&quot;: &quot;21230880&quot;,
    &quot;status&quot;: &quot;PENDING&quot;,
    &quot;description&quot;: &quot;Apply software changes, triggered from PySys: [{'action': 'install', 'id': '5475369', 'name': 'asciijump', 'url': ' ', 'version': '::apt'}, {'action': 'install', 'id': '5474869', 'name': 'robotfindskitten', 'url': ' ', 'version': '::apt'}, {'action': 'install', 'id': '5475279', 'name': 'squirrel3', 'url': ' ', 'version': '::apt'}]&quot;,
    &quot;c8y_SoftwareUpdate&quot;: [
        {
            &quot;name&quot;: &quot;asciijump&quot;,
            &quot;action&quot;: &quot;install&quot;,
            &quot;id&quot;: &quot;5475369&quot;,
            &quot;version&quot;: &quot;::apt&quot;,
            &quot;url&quot;: &quot; &quot;
        },
        {
            &quot;name&quot;: &quot;robotfindskitten&quot;,
            &quot;action&quot;: &quot;install&quot;,
            &quot;id&quot;: &quot;5474869&quot;,
            &quot;version&quot;: &quot;::apt&quot;,
            &quot;url&quot;: &quot; &quot;
        },
        {
            &quot;name&quot;: &quot;squirrel3&quot;,
            &quot;action&quot;: &quot;install&quot;,
            &quot;id&quot;: &quot;5475279&quot;,
            &quot;version&quot;: &quot;::apt&quot;,
            &quot;url&quot;: &quot; &quot;
        }
    ]
}
02:55:45 INFO  Started operation: {'creationTime': '2022-07-22T02:55:45.393Z', 'deviceId': '21166555', 'deviceName': 'm32sd10d', 'self': 'https://t493319102.eu-latest.cumulocity.com/devicecontrol/operations/21230880', 'id': '21230880', 'status': 'PENDING', 'description': &quot;Apply software changes, triggered from PySys: [{'action': 'install', 'id': '5475369', 'name': 'asciijump', 'url': ' ', 'version': '::apt'}, {'action': 'install', 'id': '5474869', 'name': 'robotfindskitten', 'url': ' ', 'version': '::apt'}, {'action': 'install', 'id': '5475279', 'name': 'squirrel3', 'url': ' ', 'version': '::apt'}]&quot;, 'c8y_SoftwareUpdate': [{'name': 'asciijump', 'action': 'install', 'id': '5475369', 'version': '::apt', 'url': ' '}, {'name': 'robotfindskitten', 'action': 'install', 'id': '5474869', 'version': '::apt', 'url': ' '}, {'name': 'squirrel3', 'action': 'install', 'id': '5475279', 'version': '::apt', 'url': ' '}]}
02:55:47 INFO  State of operation 21230880 : PENDING
02:55:49 INFO  State of operation 21230880 : EXECUTING
02:55:52 INFO  State of operation 21230880 : EXECUTING
02:55:54 INFO  State of operation 21230880 : EXECUTING
02:55:56 INFO  State of operation 21230880 : EXECUTING
02:55:58 INFO  State of operation 21230880 : EXECUTING
02:56:01 INFO  State of operation 21230880 : EXECUTING
02:56:04 INFO  State of operation 21230880 : EXECUTING
02:56:07 INFO  State of operation 21230880 : EXECUTING
02:56:09 INFO  State of operation 21230880 : EXECUTING
02:56:11 INFO  State of operation 21230880 : EXECUTING
02:56:13 INFO  State of operation 21230880 : EXECUTING
02:56:16 INFO  State of operation 21230880 : EXECUTING
02:56:18 INFO  State of operation 21230880 : EXECUTING
02:56:20 INFO  State of operation 21230880 : EXECUTING
02:56:22 INFO  State of operation 21230880 : SUCCESSFUL
02:56:22 INFO  Assert that (False == value) with value=False ... passed
02:56:23 INFO  Package asciijump is installed
02:56:23 INFO  Assert that (True == value) with value=True ... passed
02:56:23 INFO  Package squirrel3 is installed
02:56:23 INFO  Assert that (True == value) with value=True ... passed
02:56:23 INFO  Package robotfindskitten is installed
02:56:23 INFO  Assert that (True == value) with value=True ... passed
02:56:23 INFO  Response status: 201
02:56:23 INFO  Response to action: {
    &quot;creationTime&quot;: &quot;2022-07-22T02:56:23.825Z&quot;,
    &quot;deviceId&quot;: &quot;21166555&quot;,
    &quot;deviceName&quot;: &quot;m32sd10d&quot;,
    &quot;self&quot;: &quot;https://t493319102.eu-latest.cumulocity.com/devicecontrol/operations/21230884&quot;,
    &quot;id&quot;: &quot;21230884&quot;,
    &quot;status&quot;: &quot;PENDING&quot;,
    &quot;description&quot;: &quot;Apply software changes, triggered from PySys: [{'action': 'delete', 'id': '5475369', 'name': 'asciijump', 'url': ' ', 'version': '::apt'}, {'action': 'delete', 'id': '5474869', 'name': 'robotfindskitten', 'url': ' ', 'version': '::apt'}, {'action': 'delete', 'id': '5475279', 'name': 'squirrel3', 'url': ' ', 'version': '::apt'}]&quot;,
    &quot;c8y_SoftwareUpdate&quot;: [
        {
            &quot;name&quot;: &quot;asciijump&quot;,
            &quot;action&quot;: &quot;delete&quot;,
            &quot;id&quot;: &quot;5475369&quot;,
            &quot;version&quot;: &quot;::apt&quot;,
            &quot;url&quot;: &quot; &quot;
        },
        {
            &quot;name&quot;: &quot;robotfindskitten&quot;,
            &quot;action&quot;: &quot;delete&quot;,
            &quot;id&quot;: &quot;5474869&quot;,
            &quot;version&quot;: &quot;::apt&quot;,
            &quot;url&quot;: &quot; &quot;
        },
        {
            &quot;name&quot;: &quot;squirrel3&quot;,
            &quot;action&quot;: &quot;delete&quot;,
            &quot;id&quot;: &quot;5475279&quot;,
            &quot;version&quot;: &quot;::apt&quot;,
            &quot;url&quot;: &quot; &quot;
        }
    ]
}
02:56:23 INFO  Started operation: {'creationTime': '2022-07-22T02:56:23.825Z', 'deviceId': '21166555', 'deviceName': 'm32sd10d', 'self': 'https://t493319102.eu-latest.cumulocity.com/devicecontrol/operations/21230884', 'id': '21230884', 'status': 'PENDING', 'description': &quot;Apply software changes, triggered from PySys: [{'action': 'delete', 'id': '5475369', 'name': 'asciijump', 'url': ' ', 'version': '::apt'}, {'action': 'delete', 'id': '5474869', 'name': 'robotfindskitten', 'url': ' ', 'version': '::apt'}, {'action': 'delete', 'id': '5475279', 'name': 'squirrel3', 'url': ' ', 'version': '::apt'}]&quot;, 'c8y_SoftwareUpdate': [{'name': 'asciijump', 'action': 'delete', 'id': '5475369', 'version': '::apt', 'url': ' '}, {'name': 'robotfindskitten', 'action': 'delete', 'id': '5474869', 'version': '::apt', 'url': ' '}, {'name': 'squirrel3', 'action': 'delete', 'id': '5475279', 'version': '::apt', 'url': ' '}]}
02:56:26 INFO  State of operation 21230884 : PENDING
02:56:28 INFO  State of operation 21230884 : EXECUTING
02:56:30 INFO  State of operation 21230884 : EXECUTING
02:56:33 INFO  State of operation 21230884 : EXECUTING
02:56:35 INFO  State of operation 21230884 : EXECUTING
02:56:37 INFO  State of operation 21230884 : EXECUTING
02:56:40 INFO  State of operation 21230884 : EXECUTING
02:56:43 INFO  State of operation 21230884 : EXECUTING
02:56:45 INFO  State of operation 21230884 : EXECUTING
02:56:48 INFO  State of operation 21230884 : EXECUTING
02:56:50 INFO  State of operation 21230884 : EXECUTING
02:56:52 INFO  State of operation 21230884 : EXECUTING
02:56:54 INFO  State of operation 21230884 : EXECUTING
02:56:56 INFO  State of operation 21230884 : EXECUTING
02:56:59 INFO  State of operation 21230884 : EXECUTING
02:57:01 INFO  State of operation 21230884 : EXECUTING
02:57:03 INFO  State of operation 21230884 : EXECUTING
02:57:06 INFO  State of operation 21230884 : EXECUTING
02:57:08 INFO  State of operation 21230884 : EXECUTING
02:57:11 INFO  State of operation 21230884 : EXECUTING
02:57:13 INFO  State of operation 21230884 : EXECUTING
02:57:15 INFO  State of operation 21230884 : EXECUTING
02:57:18 INFO  State of operation 21230884 : EXECUTING
02:57:20 INFO  State of operation 21230884 : EXECUTING
02:57:22 INFO  State of operation 21230884 : EXECUTING
02:57:25 INFO  State of operation 21230884 : EXECUTING
02:57:27 INFO  State of operation 21230884 : EXECUTING
02:57:29 INFO  State of operation 21230884 : EXECUTING
02:57:32 INFO  State of operation 21230884 : SUCCESSFUL
02:57:32 INFO  Assert that (False == value) with value=False ... passed
02:57:32 INFO  Assert that (False == value) with value=False ... passed
02:57:32 INFO  Assert that (False == value) with value=False ... passed
02:57:32 INFO  Assert that (False == value) with value=False ... passed
02:57:32 INFO  
02:57:32 INFO  cleanup:
02:57:36 INFO  Executed sudo&lt;tedge_disconnect_c8y&gt;, exit status 0
02:57:37 INFO  Executed systemctl&lt;serv_mapper5&gt;, exit status 3
02:57:37 INFO  
02:57:37 INFO  Test duration: 138.09 secs
02:57:37 INFO  Test final outcome:  FAILED
02:57:37 INFO  Test outcome reason: Assert that (False == value) with value=True (+2 other failures)
02:57:37 INFO  
</system-out>
	</testcase>
</testsuite>
