<?xml version="1.0" encoding="utf-8"?>
<testsuite failures="1" name="SoftwareManagement.sm_apt_install_remove_default" skipped="0" tests="1" time="206.46" timestamp="2022-05-25T13:58:01">
	<testcase classname="PySysTest" name="SoftwareManagement.sm_apt_install_remove_default">
		<failure message="BLOCKED: SystemError: Timeout while waiting for status FAILED or SUCCESSFUL" type="BLOCKED"/>
		<system-out>13:54:35 INFO  ==============================================================
13:54:35 INFO  Id:    SoftwareManagement.sm_apt_install_remove_default
13:54:35 INFO  Dir:   software_management_end_to_end/
13:54:35 INFO  Title: Validate end to end behaviour for the default plugin for installation and removal of packages
13:54:35 INFO  ==============================================================
13:54:35 INFO  Using sw id database: {'asciijump': '5475369', 'robotfindskitten': '5474869', 'squirrel3': '5475279', 'rolldice': '5152439', 'moon-buggy': '5439204', 'apple': '5495053', 'banana': '5494888', 'cherry': '5495382', 'watermelon': '5494510', 'registry': '8018911', 'hello-world': '8021526', 'docker/getting-started': '8021973', 'alpine': '7991792'}
13:54:35 INFO  EnvironmentC8y Setup
13:54:35 INFO  Executed systemctl&lt;serv_mapper1&gt;, exit status 3
13:54:35 INFO  Restarting mosquitto too frequently in the last 10 seconds. It was only up for 4 seconds
13:54:35 INFO  Delaying execution by 7 seconds
13:54:56 INFO  Executed sudo&lt;tedge_connect_c8y&gt;, exit status 0, duration 13 secs
13:54:57 INFO  Executed sudo&lt;tedge_connect_c8y_test&gt;, exit status 0
13:54:57 INFO  Executed systemctl&lt;serv_mosq2&gt;, exit status 0
13:54:58 INFO  Executed systemctl&lt;serv_mapper3&gt;, exit status 0
13:55:00 INFO  State of current operation: PENDING
13:55:02 INFO  State of current operation: PENDING
13:55:04 INFO  State of current operation: PENDING
13:55:07 INFO  State of current operation: PENDING
13:55:09 INFO  State of current operation: PENDING
13:55:11 INFO  State of current operation: PENDING
13:55:13 INFO  State of current operation: PENDING
13:55:16 INFO  State of current operation: PENDING
13:55:18 INFO  State of current operation: PENDING
13:55:24 INFO  State of current operation: PENDING
13:55:28 INFO  State of current operation: PENDING
13:55:41 INFO  State of current operation: PENDING
13:55:45 INFO  State of current operation: PENDING
13:55:48 INFO  State of current operation: PENDING
13:55:50 INFO  State of current operation: PENDING
13:55:52 INFO  State of current operation: PENDING
13:55:54 INFO  State of current operation: PENDING
13:55:57 INFO  State of current operation: PENDING
13:56:19 INFO  State of current operation: PENDING
13:56:22 INFO  State of current operation: PENDING
13:56:24 INFO  State of current operation: PENDING
13:56:26 INFO  State of current operation: PENDING
13:56:28 INFO  State of current operation: PENDING
13:56:31 INFO  State of current operation: PENDING
13:56:33 INFO  State of current operation: PENDING
13:56:35 INFO  State of current operation: PENDING
13:56:37 INFO  State of current operation: PENDING
13:56:40 INFO  State of current operation: PENDING
13:56:42 INFO  State of current operation: PENDING
13:56:44 INFO  State of current operation: PENDING
13:56:46 INFO  State of current operation: PENDING
13:56:49 INFO  State of current operation: PENDING
13:56:51 INFO  State of current operation: PENDING
13:56:53 INFO  State of current operation: PENDING
13:56:56 INFO  State of current operation: PENDING
13:56:58 INFO  State of current operation: PENDING
13:57:00 INFO  State of current operation: PENDING
13:57:03 INFO  State of current operation: PENDING
13:57:05 INFO  State of current operation: PENDING
13:57:07 INFO  State of current operation: PENDING
13:57:10 INFO  State of current operation: PENDING
13:57:12 INFO  State of current operation: PENDING
13:57:14 INFO  State of current operation: PENDING
13:57:16 INFO  State of current operation: PENDING
13:57:19 INFO  State of current operation: PENDING
13:57:21 INFO  State of current operation: PENDING
13:57:23 INFO  State of current operation: PENDING
13:57:25 INFO  State of current operation: PENDING
13:57:27 INFO  State of current operation: PENDING
13:57:30 INFO  State of current operation: PENDING
13:57:32 INFO  State of current operation: PENDING
13:57:34 INFO  State of current operation: PENDING
13:57:36 INFO  State of current operation: PENDING
13:57:39 INFO  State of current operation: PENDING
13:57:41 INFO  State of current operation: PENDING
13:57:43 INFO  State of current operation: PENDING
13:57:45 INFO  State of current operation: PENDING
13:57:48 INFO  State of current operation: PENDING
13:57:50 INFO  State of current operation: PENDING
13:57:52 INFO  State of current operation: PENDING
13:57:54 INFO  State of current operation: PENDING
13:57:56 WARN  SystemError occurred while running test - Timeout while waiting for status FAILED or SUCCESSFUL
Traceback (most recent call last):
  File &quot;/home/pi/env-pysys/lib/python3.7/site-packages/pysys/baserunner.py&quot;, line 1292, in __call__
    self.testObj.setup()
  File &quot;/home/pi/actions-runner/_work/thin-edge.io/thin-edge.io/tests/PySys/software_management_end_to_end/sm_apt_install_remove_default/run.py&quot;, line 26, in setup
    super().setup()
  File &quot;/home/pi/actions-runner/_work/thin-edge.io/thin-edge.io/tests/PySys/software_management_end_to_end/environment_sm_management.py&quot;, line 151, in setup
    self.wait_until_end()
  File &quot;/home/pi/actions-runner/_work/thin-edge.io/thin-edge.io/tests/PySys/software_management_end_to_end/environment_sm_management.py&quot;, line 332, in wait_until_end
    self.wait_until_status(&quot;FAILED&quot;, &quot;SUCCESSFUL&quot;)
  File &quot;/home/pi/actions-runner/_work/thin-edge.io/thin-edge.io/tests/PySys/software_management_end_to_end/environment_sm_management.py&quot;, line 381, in wait_until_status
    &quot;Timeout while waiting for status %s or %s&quot; % (status, status2)
SystemError: Timeout while waiting for status FAILED or SUCCESSFUL
13:57:56 WARN  SystemError: Timeout while waiting for status FAILED or SUCCESSFUL ... blocked 
13:57:56 INFO  
13:57:56 INFO  cleanup:
13:58:00 INFO  Executed sudo&lt;tedge_disconnect_c8y&gt;, exit status 0
13:58:01 INFO  Executed systemctl&lt;serv_mapper5&gt;, exit status 3
13:58:01 INFO  
13:58:01 INFO  Test duration: 206.46 secs
13:58:01 INFO  Test final outcome:  BLOCKED
13:58:01 INFO  Test outcome reason: SystemError: Timeout while waiting for status FAILED or SUCCESSFUL
13:58:01 INFO  
</system-out>
	</testcase>
</testsuite>
