<?xml version="1.0" encoding="utf-8"?>
<testsuite failures="1" name="SoftwareManagement.sm_mixed_install_remove_multiple" skipped="0" tests="1" time="164.01" timestamp="2022-06-22T15:16:54">
	<testcase classname="PySysTest" name="SoftwareManagement.sm_mixed_install_remove_multiple">
		<failure message="FAILED: Assert that (False == value) with value=True" type="FAILED"/>
		<system-out>15:14:10 INFO  ==============================================================
15:14:10 INFO  Id:    SoftwareManagement.sm_mixed_install_remove_multiple
15:14:10 INFO  Dir:   software_management_end_to_end/
15:14:10 INFO  Title: Validate end to end behaviour for the dummy-plugin for multiple packages with mixed versions
15:14:10 INFO  ==============================================================
15:14:10 INFO  Using sw id database: {'asciijump': '5475369', 'robotfindskitten': '5474869', 'squirrel3': '5475279', 'rolldice': '5152439', 'moon-buggy': '5439204', 'apple': '5495053', 'banana': '5494888', 'cherry': '5495382', 'watermelon': '5494510', 'registry': '8018911', 'hello-world': '8021526', 'docker/getting-started': '8021973', 'alpine': '7991792'}
15:14:10 INFO  EnvironmentC8y Setup
15:14:11 INFO  Executed systemctl&lt;serv_mapper1&gt;, exit status 3
15:14:11 INFO  Restarting mosquitto too frequently in the last 10 seconds. It was only up for 5 seconds
15:14:11 INFO  Delaying execution by 6 seconds
15:14:31 INFO  Executed sudo&lt;tedge_connect_c8y&gt;, exit status 0, duration 13 secs
15:14:31 INFO  Executed sudo&lt;tedge_connect_c8y_test&gt;, exit status 0
15:14:32 INFO  Executed systemctl&lt;serv_mosq2&gt;, exit status 0
15:14:32 INFO  Executed systemctl&lt;serv_mapper3&gt;, exit status 0
15:14:35 INFO  State of current operation: SUCCESSFUL
15:14:35 INFO  Package apple is installed
15:14:35 INFO  Assert that (True == value) with value=True ... passed
15:14:35 INFO  Package banana is installed
15:14:35 INFO  Assert that (True == value) with value=True ... passed
15:14:35 INFO  Package cherry is installed
15:14:35 INFO  Assert that (True == value) with value=True ... passed
15:14:36 INFO  Package asciijump is installed
15:14:36 WARN  Assert that (False == value) with value=True ... failed 
15:14:36 INFO  Assert that (False == value) with value=False ... passed
15:14:36 INFO  Response status: 201
15:14:36 INFO  Response to action: {
    &quot;creationTime&quot;: &quot;2022-06-22T15:14:36.452Z&quot;,
    &quot;deviceName&quot;: &quot;m32sd10d&quot;,
    &quot;deviceId&quot;: &quot;20404325&quot;,
    &quot;self&quot;: &quot;https://t493319102.eu-latest.cumulocity.com/devicecontrol/operations/20413932&quot;,
    &quot;id&quot;: &quot;20413932&quot;,
    &quot;status&quot;: &quot;PENDING&quot;,
    &quot;description&quot;: &quot;Apply software changes, triggered from PySys: [{'action': 'install', 'id': '5495053', 'name': 'apple', 'url': ' ', 'version': '::fruits'}, {'action': 'install', 'id': '5494888', 'name': 'banana', 'url': ' ', 'version': '::fruits'}, {'action': 'install', 'id': '5475369', 'name': 'asciijump', 'url': ' ', 'version': '::apt'}, {'action': 'install', 'id': '5495382', 'name': 'cherry', 'url': ' ', 'version': '::fruits'}, {'action': 'install', 'id': '8018911', 'name': 'registry', 'url': ' ', 'version': '::docker'}]&quot;,
    &quot;c8y_SoftwareUpdate&quot;: [
        {
            &quot;name&quot;: &quot;apple&quot;,
            &quot;action&quot;: &quot;install&quot;,
            &quot;id&quot;: &quot;5495053&quot;,
            &quot;version&quot;: &quot;::fruits&quot;,
            &quot;url&quot;: &quot; &quot;
        },
        {
            &quot;name&quot;: &quot;banana&quot;,
            &quot;action&quot;: &quot;install&quot;,
            &quot;id&quot;: &quot;5494888&quot;,
            &quot;version&quot;: &quot;::fruits&quot;,
            &quot;url&quot;: &quot; &quot;
        },
        {
            &quot;name&quot;: &quot;asciijump&quot;,
            &quot;action&quot;: &quot;install&quot;,
            &quot;id&quot;: &quot;5475369&quot;,
            &quot;version&quot;: &quot;::apt&quot;,
            &quot;url&quot;: &quot; &quot;
        },
        {
            &quot;name&quot;: &quot;cherry&quot;,
            &quot;action&quot;: &quot;install&quot;,
            &quot;id&quot;: &quot;5495382&quot;,
            &quot;version&quot;: &quot;::fruits&quot;,
            &quot;url&quot;: &quot; &quot;
        },
        {
            &quot;name&quot;: &quot;registry&quot;,
            &quot;action&quot;: &quot;install&quot;,
            &quot;id&quot;: &quot;8018911&quot;,
            &quot;version&quot;: &quot;::docker&quot;,
            &quot;url&quot;: &quot; &quot;
        }
    ]
}
15:14:36 INFO  Started operation: {'creationTime': '2022-06-22T15:14:36.452Z', 'deviceName': 'm32sd10d', 'deviceId': '20404325', 'self': 'https://t493319102.eu-latest.cumulocity.com/devicecontrol/operations/20413932', 'id': '20413932', 'status': 'PENDING', 'description': &quot;Apply software changes, triggered from PySys: [{'action': 'install', 'id': '5495053', 'name': 'apple', 'url': ' ', 'version': '::fruits'}, {'action': 'install', 'id': '5494888', 'name': 'banana', 'url': ' ', 'version': '::fruits'}, {'action': 'install', 'id': '5475369', 'name': 'asciijump', 'url': ' ', 'version': '::apt'}, {'action': 'install', 'id': '5495382', 'name': 'cherry', 'url': ' ', 'version': '::fruits'}, {'action': 'install', 'id': '8018911', 'name': 'registry', 'url': ' ', 'version': '::docker'}]&quot;, 'c8y_SoftwareUpdate': [{'name': 'apple', 'action': 'install', 'id': '5495053', 'version': '::fruits', 'url': ' '}, {'name': 'banana', 'action': 'install', 'id': '5494888', 'version': '::fruits', 'url': ' '}, {'name': 'asciijump', 'action': 'install', 'id': '5475369', 'version': '::apt', 'url': ' '}, {'name': 'cherry', 'action': 'install', 'id': '5495382', 'version': '::fruits', 'url': ' '}, {'name': 'registry', 'action': 'install', 'id': '8018911', 'version': '::docker', 'url': ' '}]}
15:14:38 INFO  State of operation 20413932 : PENDING
15:14:40 INFO  State of operation 20413932 : EXECUTING
15:14:43 INFO  State of operation 20413932 : EXECUTING
15:14:45 INFO  State of operation 20413932 : EXECUTING
15:14:47 INFO  State of operation 20413932 : EXECUTING
15:14:49 INFO  State of operation 20413932 : EXECUTING
15:14:52 INFO  State of operation 20413932 : EXECUTING
15:14:55 INFO  State of operation 20413932 : EXECUTING
15:14:57 INFO  State of operation 20413932 : EXECUTING
15:15:00 INFO  State of operation 20413932 : EXECUTING
15:15:02 INFO  State of operation 20413932 : EXECUTING
15:15:04 INFO  State of operation 20413932 : EXECUTING
15:15:06 INFO  State of operation 20413932 : EXECUTING
15:15:09 INFO  State of operation 20413932 : EXECUTING
15:15:11 INFO  State of operation 20413932 : EXECUTING
15:15:13 INFO  State of operation 20413932 : EXECUTING
15:15:15 INFO  State of operation 20413932 : EXECUTING
15:15:18 INFO  State of operation 20413932 : EXECUTING
15:15:20 INFO  State of operation 20413932 : EXECUTING
15:15:22 INFO  State of operation 20413932 : EXECUTING
15:15:24 INFO  State of operation 20413932 : EXECUTING
15:15:27 INFO  State of operation 20413932 : EXECUTING
15:15:29 INFO  State of operation 20413932 : EXECUTING
15:15:31 INFO  State of operation 20413932 : EXECUTING
15:15:33 INFO  State of operation 20413932 : EXECUTING
15:15:36 INFO  State of operation 20413932 : SUCCESSFUL
15:15:36 INFO  Package apple is installed
15:15:36 INFO  Assert that (True == value) with value=True ... passed
15:15:36 INFO  Package banana is installed
15:15:36 INFO  Assert that (True == value) with value=True ... passed
15:15:36 INFO  Package cherry is installed
15:15:36 INFO  Assert that (True == value) with value=True ... passed
15:15:36 INFO  Package asciijump is installed
15:15:36 INFO  Assert that (True == value) with value=True ... passed
15:15:37 INFO  Package registry is installed
15:15:37 INFO  Assert that (True == value) with value=True ... passed
15:15:37 INFO  Response status: 201
15:15:37 INFO  Response to action: {
    &quot;creationTime&quot;: &quot;2022-06-22T15:15:37.335Z&quot;,
    &quot;deviceName&quot;: &quot;m32sd10d&quot;,
    &quot;deviceId&quot;: &quot;20404325&quot;,
    &quot;self&quot;: &quot;https://t493319102.eu-latest.cumulocity.com/devicecontrol/operations/20413947&quot;,
    &quot;id&quot;: &quot;20413947&quot;,
    &quot;status&quot;: &quot;PENDING&quot;,
    &quot;description&quot;: &quot;Apply software changes, triggered from PySys: [{'action': 'delete', 'id': '5495053', 'name': 'apple', 'url': ' ', 'version': '::fruits'}, {'action': 'delete', 'id': '5494888', 'name': 'banana', 'url': ' ', 'version': '::fruits'}, {'action': 'delete', 'id': '5475369', 'name': 'asciijump', 'url': ' ', 'version': '::apt'}, {'action': 'delete', 'id': '5495382', 'name': 'cherry', 'url': ' ', 'version': '::fruits'}, {'action': 'delete', 'id': '8018911', 'name': 'registry', 'url': ' ', 'version': '::docker'}]&quot;,
    &quot;c8y_SoftwareUpdate&quot;: [
        {
            &quot;name&quot;: &quot;apple&quot;,
            &quot;action&quot;: &quot;delete&quot;,
            &quot;id&quot;: &quot;5495053&quot;,
            &quot;version&quot;: &quot;::fruits&quot;,
            &quot;url&quot;: &quot; &quot;
        },
        {
            &quot;name&quot;: &quot;banana&quot;,
            &quot;action&quot;: &quot;delete&quot;,
            &quot;id&quot;: &quot;5494888&quot;,
            &quot;version&quot;: &quot;::fruits&quot;,
            &quot;url&quot;: &quot; &quot;
        },
        {
            &quot;name&quot;: &quot;asciijump&quot;,
            &quot;action&quot;: &quot;delete&quot;,
            &quot;id&quot;: &quot;5475369&quot;,
            &quot;version&quot;: &quot;::apt&quot;,
            &quot;url&quot;: &quot; &quot;
        },
        {
            &quot;name&quot;: &quot;cherry&quot;,
            &quot;action&quot;: &quot;delete&quot;,
            &quot;id&quot;: &quot;5495382&quot;,
            &quot;version&quot;: &quot;::fruits&quot;,
            &quot;url&quot;: &quot; &quot;
        },
        {
            &quot;name&quot;: &quot;registry&quot;,
            &quot;action&quot;: &quot;delete&quot;,
            &quot;id&quot;: &quot;8018911&quot;,
            &quot;version&quot;: &quot;::docker&quot;,
            &quot;url&quot;: &quot; &quot;
        }
    ]
}
15:15:37 INFO  Started operation: {'creationTime': '2022-06-22T15:15:37.335Z', 'deviceName': 'm32sd10d', 'deviceId': '20404325', 'self': 'https://t493319102.eu-latest.cumulocity.com/devicecontrol/operations/20413947', 'id': '20413947', 'status': 'PENDING', 'description': &quot;Apply software changes, triggered from PySys: [{'action': 'delete', 'id': '5495053', 'name': 'apple', 'url': ' ', 'version': '::fruits'}, {'action': 'delete', 'id': '5494888', 'name': 'banana', 'url': ' ', 'version': '::fruits'}, {'action': 'delete', 'id': '5475369', 'name': 'asciijump', 'url': ' ', 'version': '::apt'}, {'action': 'delete', 'id': '5495382', 'name': 'cherry', 'url': ' ', 'version': '::fruits'}, {'action': 'delete', 'id': '8018911', 'name': 'registry', 'url': ' ', 'version': '::docker'}]&quot;, 'c8y_SoftwareUpdate': [{'name': 'apple', 'action': 'delete', 'id': '5495053', 'version': '::fruits', 'url': ' '}, {'name': 'banana', 'action': 'delete', 'id': '5494888', 'version': '::fruits', 'url': ' '}, {'name': 'asciijump', 'action': 'delete', 'id': '5475369', 'version': '::apt', 'url': ' '}, {'name': 'cherry', 'action': 'delete', 'id': '5495382', 'version': '::fruits', 'url': ' '}, {'name': 'registry', 'action': 'delete', 'id': '8018911', 'version': '::docker', 'url': ' '}]}
15:15:39 INFO  State of operation 20413947 : PENDING
15:15:41 INFO  State of operation 20413947 : EXECUTING
15:15:44 INFO  State of operation 20413947 : EXECUTING
15:15:46 INFO  State of operation 20413947 : EXECUTING
15:15:48 INFO  State of operation 20413947 : EXECUTING
15:15:50 INFO  State of operation 20413947 : EXECUTING
15:15:53 INFO  State of operation 20413947 : EXECUTING
15:15:56 INFO  State of operation 20413947 : EXECUTING
15:15:58 INFO  State of operation 20413947 : EXECUTING
15:16:00 INFO  State of operation 20413947 : EXECUTING
15:16:03 INFO  State of operation 20413947 : EXECUTING
15:16:05 INFO  State of operation 20413947 : EXECUTING
15:16:07 INFO  State of operation 20413947 : EXECUTING
15:16:09 INFO  State of operation 20413947 : EXECUTING
15:16:12 INFO  State of operation 20413947 : EXECUTING
15:16:14 INFO  State of operation 20413947 : EXECUTING
15:16:18 INFO  State of operation 20413947 : EXECUTING
15:16:20 INFO  State of operation 20413947 : EXECUTING
15:16:22 INFO  State of operation 20413947 : EXECUTING
15:16:25 INFO  State of operation 20413947 : EXECUTING
15:16:27 INFO  State of operation 20413947 : EXECUTING
15:16:29 INFO  State of operation 20413947 : EXECUTING
15:16:32 INFO  State of operation 20413947 : EXECUTING
15:16:34 INFO  State of operation 20413947 : EXECUTING
15:16:36 INFO  State of operation 20413947 : EXECUTING
15:16:39 INFO  State of operation 20413947 : EXECUTING
15:16:41 INFO  State of operation 20413947 : EXECUTING
15:16:44 INFO  State of operation 20413947 : EXECUTING
15:16:46 INFO  State of operation 20413947 : EXECUTING
15:16:48 INFO  State of operation 20413947 : SUCCESSFUL
15:16:48 INFO  Package apple is installed
15:16:48 INFO  Assert that (True == value) with value=True ... passed
15:16:48 INFO  Package banana is installed
15:16:48 INFO  Assert that (True == value) with value=True ... passed
15:16:49 INFO  Package cherry is installed
15:16:49 INFO  Assert that (True == value) with value=True ... passed
15:16:49 INFO  Assert that (False == value) with value=False ... passed
15:16:49 INFO  Assert that (False == value) with value=False ... passed
15:16:49 INFO  
15:16:49 INFO  cleanup:
15:16:53 INFO  Executed sudo&lt;tedge_disconnect_c8y&gt;, exit status 0
15:16:54 INFO  Executed systemctl&lt;serv_mapper5&gt;, exit status 3
15:16:54 INFO  
15:16:54 INFO  Test duration: 164.01 secs
15:16:54 INFO  Test final outcome:  FAILED
15:16:54 INFO  Test outcome reason: Assert that (False == value) with value=True
15:16:54 INFO  
</system-out>
	</testcase>
</testsuite>
