<?xml version="1.0" encoding="utf-8"?>
<testsuite failures="1" name="SoftwareManagement.sm_mixed_install_remove_multiple" skipped="0" tests="1" time="162.81" timestamp="2022-07-20T14:15:16">
	<testcase classname="PySysTest" name="SoftwareManagement.sm_mixed_install_remove_multiple">
		<failure message="FAILED: Assert that (False == value) with value=True" type="FAILED"/>
		<system-out>14:12:33 INFO  ==============================================================
14:12:33 INFO  Id:    SoftwareManagement.sm_mixed_install_remove_multiple
14:12:33 INFO  Dir:   software_management_end_to_end/
14:12:33 INFO  Title: Validate end to end behaviour for the dummy-plugin for multiple packages with mixed versions
14:12:33 INFO  ==============================================================
14:12:33 INFO  Using sw id database: {'asciijump': '5475369', 'robotfindskitten': '5474869', 'squirrel3': '5475279', 'rolldice': '5152439', 'moon-buggy': '5439204', 'apple': '5495053', 'banana': '5494888', 'cherry': '5495382', 'watermelon': '5494510', 'registry': '8018911', 'hello-world': '8021526', 'docker/getting-started': '8021973', 'alpine': '7991792'}
14:12:33 INFO  EnvironmentC8y Setup
14:12:34 INFO  Executed systemctl&lt;serv_mapper1&gt;, exit status 3
14:12:34 INFO  Restarting mosquitto too frequently in the last 10 seconds. It was only up for 5 seconds
14:12:34 INFO  Delaying execution by 6 seconds
14:12:54 INFO  Executed sudo&lt;tedge_connect_c8y&gt;, exit status 0, duration 14 secs
14:12:55 INFO  Executed sudo&lt;tedge_connect_c8y_test&gt;, exit status 0
14:12:55 INFO  Executed systemctl&lt;serv_mosq2&gt;, exit status 0
14:12:56 INFO  Executed systemctl&lt;serv_mapper3&gt;, exit status 0
14:12:58 INFO  State of current operation: SUCCESSFUL
14:12:58 INFO  Package apple is installed
14:12:58 INFO  Assert that (True == value) with value=True ... passed
14:12:58 INFO  Package banana is installed
14:12:58 INFO  Assert that (True == value) with value=True ... passed
14:12:59 INFO  Package cherry is installed
14:12:59 INFO  Assert that (True == value) with value=True ... passed
14:12:59 INFO  Package asciijump is installed
14:12:59 WARN  Assert that (False == value) with value=True ... failed 
14:12:59 INFO  Assert that (False == value) with value=False ... passed
14:12:59 INFO  Response status: 201
14:12:59 INFO  Response to action: {
    &quot;delivery&quot;: {
        &quot;log&quot;: [],
        &quot;time&quot;: &quot;2022-07-20T14:12:59.709Z&quot;,
        &quot;status&quot;: &quot;PENDING&quot;
    },
    &quot;creationTime&quot;: &quot;2022-07-20T14:12:59.690Z&quot;,
    &quot;deviceId&quot;: &quot;21079878&quot;,
    &quot;deviceName&quot;: &quot;m32sd10d&quot;,
    &quot;self&quot;: &quot;https://t493319102.eu-latest.cumulocity.com/devicecontrol/operations/21093854&quot;,
    &quot;id&quot;: &quot;21093854&quot;,
    &quot;status&quot;: &quot;PENDING&quot;,
    &quot;description&quot;: &quot;Apply software changes, triggered from PySys: [{'action': 'install', 'id': '5495053', 'name': 'apple', 'url': ' ', 'version': '::fruits'}, {'action': 'install', 'id': '5494888', 'name': 'banana', 'url': ' ', 'version': '::fruits'}, {'action': 'install', 'id': '5475369', 'name': 'asciijump', 'url': ' ', 'version': '::apt'}, {'action': 'install', 'id': '5495382', 'name': 'cherry', 'url': ' ', 'version': '::fruits'}, {'action': 'install', 'id': '8018911', 'name': 'registry', 'url': ' ', 'version': '::docker'}]&quot;,
    &quot;c8y_SoftwareUpdate&quot;: [
        {
            &quot;name&quot;: &quot;apple&quot;,
            &quot;action&quot;: &quot;install&quot;,
            &quot;id&quot;: &quot;5495053&quot;,
            &quot;version&quot;: &quot;::fruits&quot;,
            &quot;url&quot;: &quot; &quot;
        },
        {
            &quot;name&quot;: &quot;banana&quot;,
            &quot;action&quot;: &quot;install&quot;,
            &quot;id&quot;: &quot;5494888&quot;,
            &quot;version&quot;: &quot;::fruits&quot;,
            &quot;url&quot;: &quot; &quot;
        },
        {
            &quot;name&quot;: &quot;asciijump&quot;,
            &quot;action&quot;: &quot;install&quot;,
            &quot;id&quot;: &quot;5475369&quot;,
            &quot;version&quot;: &quot;::apt&quot;,
            &quot;url&quot;: &quot; &quot;
        },
        {
            &quot;name&quot;: &quot;cherry&quot;,
            &quot;action&quot;: &quot;install&quot;,
            &quot;id&quot;: &quot;5495382&quot;,
            &quot;version&quot;: &quot;::fruits&quot;,
            &quot;url&quot;: &quot; &quot;
        },
        {
            &quot;name&quot;: &quot;registry&quot;,
            &quot;action&quot;: &quot;install&quot;,
            &quot;id&quot;: &quot;8018911&quot;,
            &quot;version&quot;: &quot;::docker&quot;,
            &quot;url&quot;: &quot; &quot;
        }
    ]
}
14:12:59 INFO  Started operation: {'delivery': {'log': [], 'time': '2022-07-20T14:12:59.709Z', 'status': 'PENDING'}, 'creationTime': '2022-07-20T14:12:59.690Z', 'deviceId': '21079878', 'deviceName': 'm32sd10d', 'self': 'https://t493319102.eu-latest.cumulocity.com/devicecontrol/operations/21093854', 'id': '21093854', 'status': 'PENDING', 'description': &quot;Apply software changes, triggered from PySys: [{'action': 'install', 'id': '5495053', 'name': 'apple', 'url': ' ', 'version': '::fruits'}, {'action': 'install', 'id': '5494888', 'name': 'banana', 'url': ' ', 'version': '::fruits'}, {'action': 'install', 'id': '5475369', 'name': 'asciijump', 'url': ' ', 'version': '::apt'}, {'action': 'install', 'id': '5495382', 'name': 'cherry', 'url': ' ', 'version': '::fruits'}, {'action': 'install', 'id': '8018911', 'name': 'registry', 'url': ' ', 'version': '::docker'}]&quot;, 'c8y_SoftwareUpdate': [{'name': 'apple', 'action': 'install', 'id': '5495053', 'version': '::fruits', 'url': ' '}, {'name': 'banana', 'action': 'install', 'id': '5494888', 'version': '::fruits', 'url': ' '}, {'name': 'asciijump', 'action': 'install', 'id': '5475369', 'version': '::apt', 'url': ' '}, {'name': 'cherry', 'action': 'install', 'id': '5495382', 'version': '::fruits', 'url': ' '}, {'name': 'registry', 'action': 'install', 'id': '8018911', 'version': '::docker', 'url': ' '}]}
14:13:01 INFO  State of operation 21093854 : PENDING
14:13:04 INFO  State of operation 21093854 : EXECUTING
14:13:06 INFO  State of operation 21093854 : EXECUTING
14:13:08 INFO  State of operation 21093854 : EXECUTING
14:13:10 INFO  State of operation 21093854 : EXECUTING
14:13:13 INFO  State of operation 21093854 : EXECUTING
14:13:15 INFO  State of operation 21093854 : EXECUTING
14:13:18 INFO  State of operation 21093854 : EXECUTING
14:13:20 INFO  State of operation 21093854 : EXECUTING
14:13:23 INFO  State of operation 21093854 : EXECUTING
14:13:25 INFO  State of operation 21093854 : EXECUTING
14:13:27 INFO  State of operation 21093854 : EXECUTING
14:13:30 INFO  State of operation 21093854 : EXECUTING
14:13:32 INFO  State of operation 21093854 : EXECUTING
14:13:34 INFO  State of operation 21093854 : EXECUTING
14:13:36 INFO  State of operation 21093854 : EXECUTING
14:13:38 INFO  State of operation 21093854 : EXECUTING
14:13:41 INFO  State of operation 21093854 : EXECUTING
14:13:43 INFO  State of operation 21093854 : EXECUTING
14:13:45 INFO  State of operation 21093854 : EXECUTING
14:13:48 INFO  State of operation 21093854 : EXECUTING
14:13:50 INFO  State of operation 21093854 : EXECUTING
14:13:52 INFO  State of operation 21093854 : EXECUTING
14:13:54 INFO  State of operation 21093854 : EXECUTING
14:13:57 INFO  State of operation 21093854 : EXECUTING
14:13:59 INFO  State of operation 21093854 : SUCCESSFUL
14:13:59 INFO  Package apple is installed
14:13:59 INFO  Assert that (True == value) with value=True ... passed
14:13:59 INFO  Package banana is installed
14:13:59 INFO  Assert that (True == value) with value=True ... passed
14:13:59 INFO  Package cherry is installed
14:13:59 INFO  Assert that (True == value) with value=True ... passed
14:14:00 INFO  Package asciijump is installed
14:14:00 INFO  Assert that (True == value) with value=True ... passed
14:14:00 INFO  Package registry is installed
14:14:00 INFO  Assert that (True == value) with value=True ... passed
14:14:00 INFO  Response status: 201
14:14:00 INFO  Response to action: {
    &quot;delivery&quot;: {
        &quot;log&quot;: [],
        &quot;time&quot;: &quot;2022-07-20T14:14:00.595Z&quot;,
        &quot;status&quot;: &quot;PENDING&quot;
    },
    &quot;creationTime&quot;: &quot;2022-07-20T14:14:00.573Z&quot;,
    &quot;deviceId&quot;: &quot;21079878&quot;,
    &quot;deviceName&quot;: &quot;m32sd10d&quot;,
    &quot;self&quot;: &quot;https://t493319102.eu-latest.cumulocity.com/devicecontrol/operations/21093870&quot;,
    &quot;id&quot;: &quot;21093870&quot;,
    &quot;status&quot;: &quot;PENDING&quot;,
    &quot;description&quot;: &quot;Apply software changes, triggered from PySys: [{'action': 'delete', 'id': '5495053', 'name': 'apple', 'url': ' ', 'version': '::fruits'}, {'action': 'delete', 'id': '5494888', 'name': 'banana', 'url': ' ', 'version': '::fruits'}, {'action': 'delete', 'id': '5475369', 'name': 'asciijump', 'url': ' ', 'version': '::apt'}, {'action': 'delete', 'id': '5495382', 'name': 'cherry', 'url': ' ', 'version': '::fruits'}, {'action': 'delete', 'id': '8018911', 'name': 'registry', 'url': ' ', 'version': '::docker'}]&quot;,
    &quot;c8y_SoftwareUpdate&quot;: [
        {
            &quot;name&quot;: &quot;apple&quot;,
            &quot;action&quot;: &quot;delete&quot;,
            &quot;id&quot;: &quot;5495053&quot;,
            &quot;version&quot;: &quot;::fruits&quot;,
            &quot;url&quot;: &quot; &quot;
        },
        {
            &quot;name&quot;: &quot;banana&quot;,
            &quot;action&quot;: &quot;delete&quot;,
            &quot;id&quot;: &quot;5494888&quot;,
            &quot;version&quot;: &quot;::fruits&quot;,
            &quot;url&quot;: &quot; &quot;
        },
        {
            &quot;name&quot;: &quot;asciijump&quot;,
            &quot;action&quot;: &quot;delete&quot;,
            &quot;id&quot;: &quot;5475369&quot;,
            &quot;version&quot;: &quot;::apt&quot;,
            &quot;url&quot;: &quot; &quot;
        },
        {
            &quot;name&quot;: &quot;cherry&quot;,
            &quot;action&quot;: &quot;delete&quot;,
            &quot;id&quot;: &quot;5495382&quot;,
            &quot;version&quot;: &quot;::fruits&quot;,
            &quot;url&quot;: &quot; &quot;
        },
        {
            &quot;name&quot;: &quot;registry&quot;,
            &quot;action&quot;: &quot;delete&quot;,
            &quot;id&quot;: &quot;8018911&quot;,
            &quot;version&quot;: &quot;::docker&quot;,
            &quot;url&quot;: &quot; &quot;
        }
    ]
}
14:14:00 INFO  Started operation: {'delivery': {'log': [], 'time': '2022-07-20T14:14:00.595Z', 'status': 'PENDING'}, 'creationTime': '2022-07-20T14:14:00.573Z', 'deviceId': '21079878', 'deviceName': 'm32sd10d', 'self': 'https://t493319102.eu-latest.cumulocity.com/devicecontrol/operations/21093870', 'id': '21093870', 'status': 'PENDING', 'description': &quot;Apply software changes, triggered from PySys: [{'action': 'delete', 'id': '5495053', 'name': 'apple', 'url': ' ', 'version': '::fruits'}, {'action': 'delete', 'id': '5494888', 'name': 'banana', 'url': ' ', 'version': '::fruits'}, {'action': 'delete', 'id': '5475369', 'name': 'asciijump', 'url': ' ', 'version': '::apt'}, {'action': 'delete', 'id': '5495382', 'name': 'cherry', 'url': ' ', 'version': '::fruits'}, {'action': 'delete', 'id': '8018911', 'name': 'registry', 'url': ' ', 'version': '::docker'}]&quot;, 'c8y_SoftwareUpdate': [{'name': 'apple', 'action': 'delete', 'id': '5495053', 'version': '::fruits', 'url': ' '}, {'name': 'banana', 'action': 'delete', 'id': '5494888', 'version': '::fruits', 'url': ' '}, {'name': 'asciijump', 'action': 'delete', 'id': '5475369', 'version': '::apt', 'url': ' '}, {'name': 'cherry', 'action': 'delete', 'id': '5495382', 'version': '::fruits', 'url': ' '}, {'name': 'registry', 'action': 'delete', 'id': '8018911', 'version': '::docker', 'url': ' '}]}
14:14:02 INFO  State of operation 21093870 : PENDING
14:14:05 INFO  State of operation 21093870 : EXECUTING
14:14:07 INFO  State of operation 21093870 : EXECUTING
14:14:09 INFO  State of operation 21093870 : EXECUTING
14:14:11 INFO  State of operation 21093870 : EXECUTING
14:14:13 INFO  State of operation 21093870 : EXECUTING
14:14:16 INFO  State of operation 21093870 : EXECUTING
14:14:19 INFO  State of operation 21093870 : EXECUTING
14:14:21 INFO  State of operation 21093870 : EXECUTING
14:14:24 INFO  State of operation 21093870 : EXECUTING
14:14:26 INFO  State of operation 21093870 : EXECUTING
14:14:28 INFO  State of operation 21093870 : EXECUTING
14:14:30 INFO  State of operation 21093870 : EXECUTING
14:14:33 INFO  State of operation 21093870 : EXECUTING
14:14:35 INFO  State of operation 21093870 : EXECUTING
14:14:37 INFO  State of operation 21093870 : EXECUTING
14:14:40 INFO  State of operation 21093870 : EXECUTING
14:14:43 INFO  State of operation 21093870 : EXECUTING
14:14:45 INFO  State of operation 21093870 : EXECUTING
14:14:47 INFO  State of operation 21093870 : EXECUTING
14:14:49 INFO  State of operation 21093870 : EXECUTING
14:14:51 INFO  State of operation 21093870 : EXECUTING
14:14:54 INFO  State of operation 21093870 : EXECUTING
14:14:57 INFO  State of operation 21093870 : EXECUTING
14:14:59 INFO  State of operation 21093870 : EXECUTING
14:15:01 INFO  State of operation 21093870 : EXECUTING
14:15:03 INFO  State of operation 21093870 : EXECUTING
14:15:06 INFO  State of operation 21093870 : EXECUTING
14:15:08 INFO  State of operation 21093870 : EXECUTING
14:15:10 INFO  State of operation 21093870 : SUCCESSFUL
14:15:10 INFO  Package apple is installed
14:15:10 INFO  Assert that (True == value) with value=True ... passed
14:15:11 INFO  Package banana is installed
14:15:11 INFO  Assert that (True == value) with value=True ... passed
14:15:11 INFO  Package cherry is installed
14:15:11 INFO  Assert that (True == value) with value=True ... passed
14:15:11 INFO  Assert that (False == value) with value=False ... passed
14:15:11 INFO  Assert that (False == value) with value=False ... passed
14:15:11 INFO  
14:15:11 INFO  cleanup:
14:15:15 INFO  Executed sudo&lt;tedge_disconnect_c8y&gt;, exit status 0
14:15:16 INFO  Executed systemctl&lt;serv_mapper5&gt;, exit status 3
14:15:16 INFO  
14:15:16 INFO  Test duration: 162.81 secs
14:15:16 INFO  Test final outcome:  FAILED
14:15:16 INFO  Test outcome reason: Assert that (False == value) with value=True
14:15:16 INFO  
</system-out>
	</testcase>
</testsuite>
