<?xml version="1.0" encoding="utf-8"?>
<testsuite failures="0" name="SoftwareManagement.sm_apt_install_remove_default" skipped="0" tests="1" time="157.66" timestamp="2022-07-21T19:21:58">
	<testcase classname="PySysTest" name="SoftwareManagement.sm_apt_install_remove_default"/>
</testsuite>
