<?xml version="1.0" encoding="utf-8"?>
<testsuite failures="1" name="SoftwareManagement.sm_fake_install_remove_multiple" skipped="0" tests="1" time="165.22" timestamp="2022-06-02T10:05:05">
	<testcase classname="PySysTest" name="SoftwareManagement.sm_fake_install_remove_multiple">
		<failure message="BLOCKED: SystemError: Timeout while waiting for status FAILED or SUCCESSFUL" type="BLOCKED"/>
		<system-out>10:02:19 INFO  ==============================================================
10:02:19 INFO  Id:    SoftwareManagement.sm_fake_install_remove_multiple
10:02:19 INFO  Dir:   software_management_end_to_end/
10:02:19 INFO  Title: Validate end to end behaviour for the dummy-plugin for multiple packages
10:02:19 INFO  ==============================================================
10:02:19 INFO  Using sw id database: {'asciijump': '5475369', 'robotfindskitten': '5474869', 'squirrel3': '5475279', 'rolldice': '5152439', 'moon-buggy': '5439204', 'apple': '5495053', 'banana': '5494888', 'cherry': '5495382', 'watermelon': '5494510', 'registry': '8018911', 'hello-world': '8021526', 'docker/getting-started': '8021973', 'alpine': '7991792'}
10:02:19 INFO  EnvironmentC8y Setup
10:02:20 INFO  Executed systemctl&lt;serv_mapper1&gt;, exit status 3
10:02:20 INFO  Restarting mosquitto too frequently in the last 10 seconds. It was only up for 5 seconds
10:02:20 INFO  Delaying execution by 6 seconds
10:02:40 INFO  Executed sudo&lt;tedge_connect_c8y&gt;, exit status 0, duration 13 secs
10:02:40 INFO  Executed sudo&lt;tedge_connect_c8y_test&gt;, exit status 0
10:02:41 INFO  Executed systemctl&lt;serv_mosq2&gt;, exit status 0
10:02:41 INFO  Executed systemctl&lt;serv_mapper3&gt;, exit status 0
10:02:44 INFO  State of current operation: PENDING
10:02:46 INFO  State of current operation: PENDING
10:02:48 INFO  State of current operation: PENDING
10:02:50 INFO  State of current operation: PENDING
10:02:53 INFO  State of current operation: PENDING
10:02:55 INFO  State of current operation: PENDING
10:02:57 INFO  State of current operation: PENDING
10:02:59 INFO  State of current operation: PENDING
10:03:02 INFO  State of current operation: PENDING
10:03:04 INFO  State of current operation: PENDING
10:03:06 INFO  State of current operation: PENDING
10:03:08 INFO  State of current operation: PENDING
10:03:10 INFO  State of current operation: PENDING
10:03:13 INFO  State of current operation: PENDING
10:03:15 INFO  State of current operation: PENDING
10:03:17 INFO  State of current operation: PENDING
10:03:19 INFO  State of current operation: PENDING
10:03:22 INFO  State of current operation: PENDING
10:03:24 INFO  State of current operation: PENDING
10:03:26 INFO  State of current operation: PENDING
10:03:28 INFO  State of current operation: PENDING
10:03:31 INFO  State of current operation: PENDING
10:03:33 INFO  State of current operation: PENDING
10:03:35 INFO  State of current operation: PENDING
10:03:37 INFO  State of current operation: PENDING
10:03:40 INFO  State of current operation: PENDING
10:03:42 INFO  State of current operation: PENDING
10:03:44 INFO  State of current operation: PENDING
10:03:46 INFO  State of current operation: PENDING
10:03:48 INFO  State of current operation: PENDING
10:03:51 INFO  State of current operation: PENDING
10:03:53 INFO  State of current operation: PENDING
10:03:55 INFO  State of current operation: PENDING
10:03:57 INFO  State of current operation: PENDING
10:04:00 INFO  State of current operation: PENDING
10:04:02 INFO  State of current operation: PENDING
10:04:04 INFO  State of current operation: PENDING
10:04:06 INFO  State of current operation: PENDING
10:04:09 INFO  State of current operation: PENDING
10:04:11 INFO  State of current operation: PENDING
10:04:13 INFO  State of current operation: PENDING
10:04:15 INFO  State of current operation: PENDING
10:04:18 INFO  State of current operation: PENDING
10:04:20 INFO  State of current operation: PENDING
10:04:22 INFO  State of current operation: PENDING
10:04:24 INFO  State of current operation: PENDING
10:04:27 INFO  State of current operation: PENDING
10:04:29 INFO  State of current operation: PENDING
10:04:31 INFO  State of current operation: PENDING
10:04:33 INFO  State of current operation: PENDING
10:04:36 INFO  State of current operation: PENDING
10:04:38 INFO  State of current operation: PENDING
10:04:40 INFO  State of current operation: PENDING
10:04:42 INFO  State of current operation: PENDING
10:04:44 INFO  State of current operation: PENDING
10:04:47 INFO  State of current operation: PENDING
10:04:49 INFO  State of current operation: PENDING
10:04:51 INFO  State of current operation: PENDING
10:04:53 INFO  State of current operation: PENDING
10:04:56 INFO  State of current operation: PENDING
10:04:58 INFO  State of current operation: PENDING
10:05:00 WARN  SystemError occurred while running test - Timeout while waiting for status FAILED or SUCCESSFUL
Traceback (most recent call last):
  File &quot;/home/pi/env-pysys/lib/python3.7/site-packages/pysys/baserunner.py&quot;, line 1292, in __call__
    self.testObj.setup()
  File &quot;/home/pi/actions-runner/_work/thin-edge.io/thin-edge.io/tests/PySys/software_management_end_to_end/sm_fake_install_remove_multiple/run.py&quot;, line 68, in setup
    super().setup()
  File &quot;/home/pi/actions-runner/_work/thin-edge.io/thin-edge.io/tests/PySys/software_management_end_to_end/environment_sm_management.py&quot;, line 151, in setup
    self.wait_until_end()
  File &quot;/home/pi/actions-runner/_work/thin-edge.io/thin-edge.io/tests/PySys/software_management_end_to_end/environment_sm_management.py&quot;, line 332, in wait_until_end
    self.wait_until_status(&quot;FAILED&quot;, &quot;SUCCESSFUL&quot;)
  File &quot;/home/pi/actions-runner/_work/thin-edge.io/thin-edge.io/tests/PySys/software_management_end_to_end/environment_sm_management.py&quot;, line 381, in wait_until_status
    &quot;Timeout while waiting for status %s or %s&quot; % (status, status2)
SystemError: Timeout while waiting for status FAILED or SUCCESSFUL
10:05:00 WARN  SystemError: Timeout while waiting for status FAILED or SUCCESSFUL ... blocked 
10:05:00 INFO  
10:05:00 INFO  cleanup:
10:05:04 INFO  Executed sudo&lt;tedge_disconnect_c8y&gt;, exit status 0
10:05:05 INFO  Executed systemctl&lt;serv_mapper5&gt;, exit status 3
10:05:05 INFO  
10:05:05 INFO  Test duration: 165.22 secs
10:05:05 INFO  Test final outcome:  BLOCKED
10:05:05 INFO  Test outcome reason: SystemError: Timeout while waiting for status FAILED or SUCCESSFUL
10:05:05 INFO  
</system-out>
	</testcase>
</testsuite>
