<?xml version="1.0" encoding="utf-8"?>
<testsuite failures="1" name="SoftwareManagement.sm_apt_install_remove_multiple_mixed" skipped="0" tests="1" time="180.82" timestamp="2022-06-08T12:41:57">
	<testcase classname="PySysTest" name="SoftwareManagement.sm_apt_install_remove_multiple_mixed">
		<failure message="BLOCKED: SystemError: Timeout while waiting for status SUCCESSFUL or False (+1 other failures)" type="BLOCKED"/>
		<system-out>12:38:56 INFO  ==============================================================
12:38:56 INFO  Id:    SoftwareManagement.sm_apt_install_remove_multiple_mixed
12:38:56 INFO  Dir:   software_management_end_to_end/
12:38:56 INFO  Title: Validate end to end behaviour for the apt plugin for multiple packages with mixed versions
12:38:56 INFO  ==============================================================
12:38:56 INFO  Using sw id database: {'asciijump': '5475369', 'robotfindskitten': '5474869', 'squirrel3': '5475279', 'rolldice': '5152439', 'moon-buggy': '5439204', 'apple': '5495053', 'banana': '5494888', 'cherry': '5495382', 'watermelon': '5494510', 'registry': '8018911', 'hello-world': '8021526', 'docker/getting-started': '8021973', 'alpine': '7991792'}
12:38:56 INFO  EnvironmentC8y Setup
12:38:57 INFO  Executed systemctl&lt;serv_mapper1&gt;, exit status 3
12:38:57 INFO  Restarting mosquitto too frequently in the last 10 seconds. It was only up for 5 seconds
12:38:57 INFO  Delaying execution by 6 seconds
12:39:17 INFO  Executed sudo&lt;tedge_connect_c8y&gt;, exit status 0, duration 14 secs
12:39:18 INFO  Executed sudo&lt;tedge_connect_c8y_test&gt;, exit status 0
12:39:18 INFO  Executed systemctl&lt;serv_mosq2&gt;, exit status 0
12:39:19 INFO  Executed systemctl&lt;serv_mapper3&gt;, exit status 0
12:39:21 INFO  State of current operation: SUCCESSFUL
12:39:21 INFO  Assert that (False == value) with value=False ... passed
12:39:22 INFO  Assert that (False == value) with value=False ... passed
12:39:22 INFO  Assert that (False == value) with value=False ... passed
12:39:22 INFO  Assert that (False == value) with value=False ... passed
12:39:22 INFO  Package moon-buggy is installed
12:39:22 WARN  Assert that (False == value) with value=True ... failed 
12:39:24 INFO  Response status: 201
12:39:24 INFO  Response to action: {
    &quot;creationTime&quot;: &quot;2022-06-08T12:39:24.177Z&quot;,
    &quot;deviceId&quot;: &quot;20034146&quot;,
    &quot;deviceName&quot;: &quot;m32sd10d&quot;,
    &quot;self&quot;: &quot;https://t493319102.eu-latest.cumulocity.com/devicecontrol/operations/20046267&quot;,
    &quot;id&quot;: &quot;20046267&quot;,
    &quot;status&quot;: &quot;PENDING&quot;,
    &quot;description&quot;: &quot;Apply software changes, triggered from PySys: [{'action': 'install', 'id': '5475369', 'name': 'asciijump', 'url': ' ', 'version': '::apt'}, {'action': 'install', 'id': '5474869', 'name': 'robotfindskitten', 'url': ' ', 'version': ' '}, {'action': 'install', 'id': '5475279', 'name': 'squirrel3', 'url': ' ', 'version': '3.1-7::apt'}, {'action': 'install', 'id': '5152439', 'name': 'rolldice', 'url': ' ', 'version': '1.16-1+b1'}, {'action': 'install', 'id': '5439204', 'name': 'moon-buggy', 'url': ' ', 'version': '1:1.0.51-12'}, {'action': 'install', 'id': '5475369', 'name': 'asciijump', 'url': ' ', 'version': '::apt'}]&quot;,
    &quot;c8y_SoftwareUpdate&quot;: [
        {
            &quot;name&quot;: &quot;asciijump&quot;,
            &quot;action&quot;: &quot;install&quot;,
            &quot;id&quot;: &quot;5475369&quot;,
            &quot;version&quot;: &quot;::apt&quot;,
            &quot;url&quot;: &quot; &quot;
        },
        {
            &quot;name&quot;: &quot;robotfindskitten&quot;,
            &quot;action&quot;: &quot;install&quot;,
            &quot;id&quot;: &quot;5474869&quot;,
            &quot;version&quot;: &quot; &quot;,
            &quot;url&quot;: &quot; &quot;
        },
        {
            &quot;name&quot;: &quot;squirrel3&quot;,
            &quot;action&quot;: &quot;install&quot;,
            &quot;id&quot;: &quot;5475279&quot;,
            &quot;version&quot;: &quot;3.1-7::apt&quot;,
            &quot;url&quot;: &quot; &quot;
        },
        {
            &quot;name&quot;: &quot;rolldice&quot;,
            &quot;action&quot;: &quot;install&quot;,
            &quot;id&quot;: &quot;5152439&quot;,
            &quot;version&quot;: &quot;1.16-1+b1&quot;,
            &quot;url&quot;: &quot; &quot;
        },
        {
            &quot;name&quot;: &quot;moon-buggy&quot;,
            &quot;action&quot;: &quot;install&quot;,
            &quot;id&quot;: &quot;5439204&quot;,
            &quot;version&quot;: &quot;1:1.0.51-12&quot;,
            &quot;url&quot;: &quot; &quot;
        },
        {
            &quot;name&quot;: &quot;asciijump&quot;,
            &quot;action&quot;: &quot;install&quot;,
            &quot;id&quot;: &quot;5475369&quot;,
            &quot;version&quot;: &quot;::apt&quot;,
            &quot;url&quot;: &quot; &quot;
        }
    ]
}
12:39:24 INFO  Started operation: {'creationTime': '2022-06-08T12:39:24.177Z', 'deviceId': '20034146', 'deviceName': 'm32sd10d', 'self': 'https://t493319102.eu-latest.cumulocity.com/devicecontrol/operations/20046267', 'id': '20046267', 'status': 'PENDING', 'description': &quot;Apply software changes, triggered from PySys: [{'action': 'install', 'id': '5475369', 'name': 'asciijump', 'url': ' ', 'version': '::apt'}, {'action': 'install', 'id': '5474869', 'name': 'robotfindskitten', 'url': ' ', 'version': ' '}, {'action': 'install', 'id': '5475279', 'name': 'squirrel3', 'url': ' ', 'version': '3.1-7::apt'}, {'action': 'install', 'id': '5152439', 'name': 'rolldice', 'url': ' ', 'version': '1.16-1+b1'}, {'action': 'install', 'id': '5439204', 'name': 'moon-buggy', 'url': ' ', 'version': '1:1.0.51-12'}, {'action': 'install', 'id': '5475369', 'name': 'asciijump', 'url': ' ', 'version': '::apt'}]&quot;, 'c8y_SoftwareUpdate': [{'name': 'asciijump', 'action': 'install', 'id': '5475369', 'version': '::apt', 'url': ' '}, {'name': 'robotfindskitten', 'action': 'install', 'id': '5474869', 'version': ' ', 'url': ' '}, {'name': 'squirrel3', 'action': 'install', 'id': '5475279', 'version': '3.1-7::apt', 'url': ' '}, {'name': 'rolldice', 'action': 'install', 'id': '5152439', 'version': '1.16-1+b1', 'url': ' '}, {'name': 'moon-buggy', 'action': 'install', 'id': '5439204', 'version': '1:1.0.51-12', 'url': ' '}, {'name': 'asciijump', 'action': 'install', 'id': '5475369', 'version': '::apt', 'url': ' '}]}
12:39:26 INFO  State of operation 20046267 : PENDING
12:39:28 INFO  State of operation 20046267 : EXECUTING
12:39:30 INFO  State of operation 20046267 : EXECUTING
12:39:33 INFO  State of operation 20046267 : EXECUTING
12:39:35 INFO  State of operation 20046267 : EXECUTING
12:39:37 INFO  State of operation 20046267 : EXECUTING
12:39:40 INFO  State of operation 20046267 : EXECUTING
12:39:43 INFO  State of operation 20046267 : EXECUTING
12:39:45 INFO  State of operation 20046267 : EXECUTING
12:39:47 INFO  State of operation 20046267 : EXECUTING
12:39:50 INFO  State of operation 20046267 : EXECUTING
12:39:52 INFO  State of operation 20046267 : EXECUTING
12:39:54 INFO  State of operation 20046267 : EXECUTING
12:39:56 INFO  State of operation 20046267 : EXECUTING
12:39:58 INFO  State of operation 20046267 : EXECUTING
12:40:01 INFO  State of operation 20046267 : EXECUTING
12:40:03 INFO  State of operation 20046267 : EXECUTING
12:40:06 INFO  State of operation 20046267 : EXECUTING
12:40:09 INFO  State of operation 20046267 : EXECUTING
12:40:12 INFO  State of operation 20046267 : EXECUTING
12:40:14 INFO  State of operation 20046267 : EXECUTING
12:40:16 INFO  State of operation 20046267 : EXECUTING
12:40:19 INFO  State of operation 20046267 : EXECUTING
12:40:21 INFO  State of operation 20046267 : EXECUTING
12:40:23 INFO  State of operation 20046267 : EXECUTING
12:40:25 INFO  State of operation 20046267 : EXECUTING
12:40:28 INFO  State of operation 20046267 : EXECUTING
12:40:30 INFO  State of operation 20046267 : EXECUTING
12:40:33 INFO  State of operation 20046267 : EXECUTING
12:40:35 INFO  State of operation 20046267 : EXECUTING
12:40:38 INFO  State of operation 20046267 : EXECUTING
12:40:40 INFO  State of operation 20046267 : EXECUTING
12:40:42 INFO  State of operation 20046267 : EXECUTING
12:40:44 INFO  State of operation 20046267 : EXECUTING
12:40:47 INFO  State of operation 20046267 : EXECUTING
12:40:49 INFO  State of operation 20046267 : EXECUTING
12:40:51 INFO  State of operation 20046267 : EXECUTING
12:40:53 INFO  State of operation 20046267 : EXECUTING
12:40:56 INFO  State of operation 20046267 : EXECUTING
12:40:59 INFO  State of operation 20046267 : EXECUTING
12:41:01 INFO  State of operation 20046267 : EXECUTING
12:41:04 INFO  State of operation 20046267 : EXECUTING
12:41:06 INFO  State of operation 20046267 : EXECUTING
12:41:08 INFO  State of operation 20046267 : EXECUTING
12:41:10 INFO  State of operation 20046267 : EXECUTING
12:41:13 INFO  State of operation 20046267 : EXECUTING
12:41:16 INFO  State of operation 20046267 : EXECUTING
12:41:18 INFO  State of operation 20046267 : EXECUTING
12:41:21 INFO  State of operation 20046267 : EXECUTING
12:41:23 INFO  State of operation 20046267 : EXECUTING
12:41:25 INFO  State of operation 20046267 : EXECUTING
12:41:28 INFO  State of operation 20046267 : EXECUTING
12:41:31 INFO  State of operation 20046267 : EXECUTING
12:41:33 INFO  State of operation 20046267 : EXECUTING
12:41:35 INFO  State of operation 20046267 : EXECUTING
12:41:38 INFO  State of operation 20046267 : EXECUTING
12:41:40 INFO  State of operation 20046267 : EXECUTING
12:41:43 INFO  State of operation 20046267 : EXECUTING
12:41:45 INFO  State of operation 20046267 : EXECUTING
12:41:48 INFO  State of operation 20046267 : EXECUTING
12:41:50 INFO  State of operation 20046267 : EXECUTING
12:41:52 WARN  SystemError occurred while running test - Timeout while waiting for status SUCCESSFUL or False
Traceback (most recent call last):
  File &quot;/home/pi/env-pysys/lib/python3.7/site-packages/pysys/baserunner.py&quot;, line 1294, in __call__
    self.testObj.execute()
  File &quot;/home/pi/actions-runner/_work/thin-edge.io/thin-edge.io/tests/PySys/software_management_end_to_end/sm_apt_install_remove_multiple_mixed/run.py&quot;, line 89, in execute
    self.wait_until_succcess()
  File &quot;/home/pi/actions-runner/_work/thin-edge.io/thin-edge.io/tests/PySys/software_management_end_to_end/environment_sm_management.py&quot;, line 324, in wait_until_succcess
    self.wait_until_status(&quot;SUCCESSFUL&quot;)
  File &quot;/home/pi/actions-runner/_work/thin-edge.io/thin-edge.io/tests/PySys/software_management_end_to_end/environment_sm_management.py&quot;, line 381, in wait_until_status
    &quot;Timeout while waiting for status %s or %s&quot; % (status, status2)
SystemError: Timeout while waiting for status SUCCESSFUL or False
12:41:52 WARN  SystemError: Timeout while waiting for status SUCCESSFUL or False ... blocked 
12:41:52 INFO  
12:41:52 INFO  cleanup:
12:41:56 INFO  Executed sudo&lt;tedge_disconnect_c8y&gt;, exit status 0
12:41:57 INFO  Executed systemctl&lt;serv_mapper5&gt;, exit status 3
12:41:57 INFO  
12:41:57 INFO  Test duration: 180.82 secs
12:41:57 INFO  Test final outcome:  BLOCKED
12:41:57 INFO  Test outcome reason: SystemError: Timeout while waiting for status SUCCESSFUL or False (+1 other failures)
12:41:57 INFO  
</system-out>
	</testcase>
</testsuite>
