<?xml version="1.0" encoding="utf-8"?>
<testsuite failures="1" name="SoftwareManagement.sm_apt_install_remove_multiple_mixed" skipped="0" tests="1" time="166.08" timestamp="2022-05-24T16:57:34">
	<testcase classname="PySysTest" name="SoftwareManagement.sm_apt_install_remove_multiple_mixed">
		<failure message="BLOCKED: SystemError: Timeout while waiting for status FAILED or SUCCESSFUL" type="BLOCKED"/>
		<system-out>16:54:48 INFO  ==============================================================
16:54:48 INFO  Id:    SoftwareManagement.sm_apt_install_remove_multiple_mixed
16:54:48 INFO  Dir:   software_management_end_to_end/
16:54:48 INFO  Title: Validate end to end behaviour for the apt plugin for multiple packages with mixed versions
16:54:48 INFO  ==============================================================
16:54:48 INFO  Using sw id database: {'asciijump': '5475369', 'robotfindskitten': '5474869', 'squirrel3': '5475279', 'rolldice': '5152439', 'moon-buggy': '5439204', 'apple': '5495053', 'banana': '5494888', 'cherry': '5495382', 'watermelon': '5494510', 'registry': '8018911', 'hello-world': '8021526', 'docker/getting-started': '8021973', 'alpine': '7991792'}
16:54:48 INFO  EnvironmentC8y Setup
16:54:49 INFO  Executed systemctl&lt;serv_mapper1&gt;, exit status 3
16:54:49 INFO  Restarting mosquitto too frequently in the last 10 seconds. It was only up for 5 seconds
16:54:49 INFO  Delaying execution by 6 seconds
16:55:09 INFO  Executed sudo&lt;tedge_connect_c8y&gt;, exit status 0, duration 13 secs
16:55:10 INFO  Executed sudo&lt;tedge_connect_c8y_test&gt;, exit status 0
16:55:10 INFO  Executed systemctl&lt;serv_mosq2&gt;, exit status 0
16:55:11 INFO  Executed systemctl&lt;serv_mapper3&gt;, exit status 0
16:55:13 INFO  State of current operation: PENDING
16:55:15 INFO  State of current operation: PENDING
16:55:17 INFO  State of current operation: PENDING
16:55:20 INFO  State of current operation: PENDING
16:55:22 INFO  State of current operation: PENDING
16:55:24 INFO  State of current operation: PENDING
16:55:26 INFO  State of current operation: PENDING
16:55:28 INFO  State of current operation: PENDING
16:55:31 INFO  State of current operation: PENDING
16:55:33 INFO  State of current operation: PENDING
16:55:35 INFO  State of current operation: PENDING
16:55:37 INFO  State of current operation: PENDING
16:55:40 INFO  State of current operation: PENDING
16:55:42 INFO  State of current operation: PENDING
16:55:44 INFO  State of current operation: PENDING
16:55:46 INFO  State of current operation: PENDING
16:55:49 INFO  State of current operation: PENDING
16:55:51 INFO  State of current operation: PENDING
16:55:53 INFO  State of current operation: PENDING
16:55:56 INFO  State of current operation: PENDING
16:55:58 INFO  State of current operation: PENDING
16:56:00 INFO  State of current operation: PENDING
16:56:02 INFO  State of current operation: PENDING
16:56:05 INFO  State of current operation: PENDING
16:56:07 INFO  State of current operation: PENDING
16:56:09 INFO  State of current operation: PENDING
16:56:12 INFO  State of current operation: PENDING
16:56:14 INFO  State of current operation: PENDING
16:56:16 INFO  State of current operation: PENDING
16:56:18 INFO  State of current operation: PENDING
16:56:21 INFO  State of current operation: PENDING
16:56:23 INFO  State of current operation: PENDING
16:56:25 INFO  State of current operation: PENDING
16:56:27 INFO  State of current operation: PENDING
16:56:30 INFO  State of current operation: PENDING
16:56:32 INFO  State of current operation: PENDING
16:56:34 INFO  State of current operation: PENDING
16:56:36 INFO  State of current operation: PENDING
16:56:39 INFO  State of current operation: PENDING
16:56:41 INFO  State of current operation: PENDING
16:56:43 INFO  State of current operation: PENDING
16:56:45 INFO  State of current operation: PENDING
16:56:48 INFO  State of current operation: PENDING
16:56:50 INFO  State of current operation: PENDING
16:56:52 INFO  State of current operation: PENDING
16:56:54 INFO  State of current operation: PENDING
16:56:56 INFO  State of current operation: PENDING
16:56:59 INFO  State of current operation: PENDING
16:57:01 INFO  State of current operation: PENDING
16:57:03 INFO  State of current operation: PENDING
16:57:05 INFO  State of current operation: PENDING
16:57:08 INFO  State of current operation: PENDING
16:57:10 INFO  State of current operation: PENDING
16:57:12 INFO  State of current operation: PENDING
16:57:14 INFO  State of current operation: PENDING
16:57:17 INFO  State of current operation: PENDING
16:57:19 INFO  State of current operation: PENDING
16:57:21 INFO  State of current operation: PENDING
16:57:23 INFO  State of current operation: PENDING
16:57:26 INFO  State of current operation: PENDING
16:57:28 INFO  State of current operation: PENDING
16:57:30 WARN  SystemError occurred while running test - Timeout while waiting for status FAILED or SUCCESSFUL
Traceback (most recent call last):
  File &quot;/home/pi/env-pysys/lib/python3.7/site-packages/pysys/baserunner.py&quot;, line 1292, in __call__
    self.testObj.setup()
  File &quot;/home/pi/actions-runner/_work/thin-edge.io/thin-edge.io/tests/PySys/software_management_end_to_end/sm_apt_install_remove_multiple_mixed/run.py&quot;, line 73, in setup
    super().setup()
  File &quot;/home/pi/actions-runner/_work/thin-edge.io/thin-edge.io/tests/PySys/software_management_end_to_end/environment_sm_management.py&quot;, line 151, in setup
    self.wait_until_end()
  File &quot;/home/pi/actions-runner/_work/thin-edge.io/thin-edge.io/tests/PySys/software_management_end_to_end/environment_sm_management.py&quot;, line 332, in wait_until_end
    self.wait_until_status(&quot;FAILED&quot;, &quot;SUCCESSFUL&quot;)
  File &quot;/home/pi/actions-runner/_work/thin-edge.io/thin-edge.io/tests/PySys/software_management_end_to_end/environment_sm_management.py&quot;, line 381, in wait_until_status
    &quot;Timeout while waiting for status %s or %s&quot; % (status, status2)
SystemError: Timeout while waiting for status FAILED or SUCCESSFUL
16:57:30 WARN  SystemError: Timeout while waiting for status FAILED or SUCCESSFUL ... blocked 
16:57:30 INFO  
16:57:30 INFO  cleanup:
16:57:34 INFO  Executed sudo&lt;tedge_disconnect_c8y&gt;, exit status 0
16:57:34 INFO  Executed systemctl&lt;serv_mapper5&gt;, exit status 3
16:57:34 INFO  
16:57:34 INFO  Test duration: 166.08 secs
16:57:34 INFO  Test final outcome:  BLOCKED
16:57:34 INFO  Test outcome reason: SystemError: Timeout while waiting for status FAILED or SUCCESSFUL
16:57:34 INFO  
</system-out>
	</testcase>
</testsuite>
