<?xml version="1.0" encoding="utf-8"?>
<testsuite failures="1" name="SoftwareManagement.sm_apt_install_remove_multiple" skipped="0" tests="1" time="139.26" timestamp="2022-07-26T17:26:33">
	<testcase classname="PySysTest" name="SoftwareManagement.sm_apt_install_remove_multiple">
		<failure message="FAILED: Assert that (False == value) with value=True (+2 other failures)" type="FAILED"/>
		<system-out>17:24:14 INFO  ==============================================================
17:24:14 INFO  Id:    SoftwareManagement.sm_apt_install_remove_multiple
17:24:14 INFO  Dir:   software_management_end_to_end/
17:24:14 INFO  Title: Validate end to end behaviour for the apt plugin for multiple packages
17:24:14 INFO  ==============================================================
17:24:14 INFO  Using sw id database: {'asciijump': '5475369', 'robotfindskitten': '5474869', 'squirrel3': '5475279', 'rolldice': '5152439', 'moon-buggy': '5439204', 'apple': '5495053', 'banana': '5494888', 'cherry': '5495382', 'watermelon': '5494510', 'registry': '8018911', 'hello-world': '8021526', 'docker/getting-started': '8021973', 'alpine': '7991792'}
17:24:14 INFO  EnvironmentC8y Setup
17:24:14 INFO  Executed systemctl&lt;serv_mapper1&gt;, exit status 3
17:24:14 INFO  Restarting mosquitto too frequently in the last 10 seconds. It was only up for 4 seconds
17:24:14 INFO  Delaying execution by 7 seconds
17:24:36 INFO  Executed sudo&lt;tedge_connect_c8y&gt;, exit status 0, duration 14 secs
17:24:37 INFO  Executed sudo&lt;tedge_connect_c8y_test&gt;, exit status 0
17:24:37 INFO  Executed systemctl&lt;serv_mosq2&gt;, exit status 0
17:24:38 INFO  Executed systemctl&lt;serv_mapper3&gt;, exit status 0
17:24:40 INFO  State of current operation: SUCCESSFUL
17:24:40 INFO  Assert that (False == value) with value=False ... passed
17:24:40 INFO  Package asciijump is installed
17:24:41 WARN  Assert that (False == value) with value=True ... failed 
17:24:41 INFO  Package squirrel3 is installed
17:24:41 WARN  Assert that (False == value) with value=True ... failed 
17:24:41 INFO  Package robotfindskitten is installed
17:24:41 WARN  Assert that (False == value) with value=True ... failed 
17:24:41 INFO  Response status: 201
17:24:41 INFO  Response to action: {
    &quot;creationTime&quot;: &quot;2022-07-26T17:24:41.787Z&quot;,
    &quot;deviceId&quot;: &quot;21435313&quot;,
    &quot;deviceName&quot;: &quot;m32sd10d&quot;,
    &quot;self&quot;: &quot;https://t493319102.eu-latest.cumulocity.com/devicecontrol/operations/21453300&quot;,
    &quot;id&quot;: &quot;21453300&quot;,
    &quot;status&quot;: &quot;PENDING&quot;,
    &quot;description&quot;: &quot;Apply software changes, triggered from PySys: [{'action': 'install', 'id': '5475369', 'name': 'asciijump', 'url': ' ', 'version': '::apt'}, {'action': 'install', 'id': '5474869', 'name': 'robotfindskitten', 'url': ' ', 'version': '::apt'}, {'action': 'install', 'id': '5475279', 'name': 'squirrel3', 'url': ' ', 'version': '::apt'}]&quot;,
    &quot;c8y_SoftwareUpdate&quot;: [
        {
            &quot;name&quot;: &quot;asciijump&quot;,
            &quot;action&quot;: &quot;install&quot;,
            &quot;id&quot;: &quot;5475369&quot;,
            &quot;version&quot;: &quot;::apt&quot;,
            &quot;url&quot;: &quot; &quot;
        },
        {
            &quot;name&quot;: &quot;robotfindskitten&quot;,
            &quot;action&quot;: &quot;install&quot;,
            &quot;id&quot;: &quot;5474869&quot;,
            &quot;version&quot;: &quot;::apt&quot;,
            &quot;url&quot;: &quot; &quot;
        },
        {
            &quot;name&quot;: &quot;squirrel3&quot;,
            &quot;action&quot;: &quot;install&quot;,
            &quot;id&quot;: &quot;5475279&quot;,
            &quot;version&quot;: &quot;::apt&quot;,
            &quot;url&quot;: &quot; &quot;
        }
    ]
}
17:24:41 INFO  Started operation: {'creationTime': '2022-07-26T17:24:41.787Z', 'deviceId': '21435313', 'deviceName': 'm32sd10d', 'self': 'https://t493319102.eu-latest.cumulocity.com/devicecontrol/operations/21453300', 'id': '21453300', 'status': 'PENDING', 'description': &quot;Apply software changes, triggered from PySys: [{'action': 'install', 'id': '5475369', 'name': 'asciijump', 'url': ' ', 'version': '::apt'}, {'action': 'install', 'id': '5474869', 'name': 'robotfindskitten', 'url': ' ', 'version': '::apt'}, {'action': 'install', 'id': '5475279', 'name': 'squirrel3', 'url': ' ', 'version': '::apt'}]&quot;, 'c8y_SoftwareUpdate': [{'name': 'asciijump', 'action': 'install', 'id': '5475369', 'version': '::apt', 'url': ' '}, {'name': 'robotfindskitten', 'action': 'install', 'id': '5474869', 'version': '::apt', 'url': ' '}, {'name': 'squirrel3', 'action': 'install', 'id': '5475279', 'version': '::apt', 'url': ' '}]}
17:24:44 INFO  State of operation 21453300 : PENDING
17:24:46 INFO  State of operation 21453300 : EXECUTING
17:24:48 INFO  State of operation 21453300 : EXECUTING
17:24:50 INFO  State of operation 21453300 : EXECUTING
17:24:52 INFO  State of operation 21453300 : EXECUTING
17:24:55 INFO  State of operation 21453300 : EXECUTING
17:24:57 INFO  State of operation 21453300 : EXECUTING
17:25:00 INFO  State of operation 21453300 : EXECUTING
17:25:02 INFO  State of operation 21453300 : EXECUTING
17:25:05 INFO  State of operation 21453300 : EXECUTING
17:25:07 INFO  State of operation 21453300 : EXECUTING
17:25:09 INFO  State of operation 21453300 : EXECUTING
17:25:11 INFO  State of operation 21453300 : EXECUTING
17:25:14 INFO  State of operation 21453300 : EXECUTING
17:25:16 INFO  State of operation 21453300 : EXECUTING
17:25:18 INFO  State of operation 21453300 : SUCCESSFUL
17:25:19 INFO  Assert that (False == value) with value=False ... passed
17:25:19 INFO  Package asciijump is installed
17:25:19 INFO  Assert that (True == value) with value=True ... passed
17:25:19 INFO  Package squirrel3 is installed
17:25:19 INFO  Assert that (True == value) with value=True ... passed
17:25:19 INFO  Package robotfindskitten is installed
17:25:19 INFO  Assert that (True == value) with value=True ... passed
17:25:19 INFO  Response status: 201
17:25:19 INFO  Response to action: {
    &quot;creationTime&quot;: &quot;2022-07-26T17:25:19.870Z&quot;,
    &quot;deviceId&quot;: &quot;21435313&quot;,
    &quot;deviceName&quot;: &quot;m32sd10d&quot;,
    &quot;self&quot;: &quot;https://t493319102.eu-latest.cumulocity.com/devicecontrol/operations/21453312&quot;,
    &quot;id&quot;: &quot;21453312&quot;,
    &quot;status&quot;: &quot;PENDING&quot;,
    &quot;description&quot;: &quot;Apply software changes, triggered from PySys: [{'action': 'delete', 'id': '5475369', 'name': 'asciijump', 'url': ' ', 'version': '::apt'}, {'action': 'delete', 'id': '5474869', 'name': 'robotfindskitten', 'url': ' ', 'version': '::apt'}, {'action': 'delete', 'id': '5475279', 'name': 'squirrel3', 'url': ' ', 'version': '::apt'}]&quot;,
    &quot;c8y_SoftwareUpdate&quot;: [
        {
            &quot;name&quot;: &quot;asciijump&quot;,
            &quot;action&quot;: &quot;delete&quot;,
            &quot;id&quot;: &quot;5475369&quot;,
            &quot;version&quot;: &quot;::apt&quot;,
            &quot;url&quot;: &quot; &quot;
        },
        {
            &quot;name&quot;: &quot;robotfindskitten&quot;,
            &quot;action&quot;: &quot;delete&quot;,
            &quot;id&quot;: &quot;5474869&quot;,
            &quot;version&quot;: &quot;::apt&quot;,
            &quot;url&quot;: &quot; &quot;
        },
        {
            &quot;name&quot;: &quot;squirrel3&quot;,
            &quot;action&quot;: &quot;delete&quot;,
            &quot;id&quot;: &quot;5475279&quot;,
            &quot;version&quot;: &quot;::apt&quot;,
            &quot;url&quot;: &quot; &quot;
        }
    ]
}
17:25:19 INFO  Started operation: {'creationTime': '2022-07-26T17:25:19.870Z', 'deviceId': '21435313', 'deviceName': 'm32sd10d', 'self': 'https://t493319102.eu-latest.cumulocity.com/devicecontrol/operations/21453312', 'id': '21453312', 'status': 'PENDING', 'description': &quot;Apply software changes, triggered from PySys: [{'action': 'delete', 'id': '5475369', 'name': 'asciijump', 'url': ' ', 'version': '::apt'}, {'action': 'delete', 'id': '5474869', 'name': 'robotfindskitten', 'url': ' ', 'version': '::apt'}, {'action': 'delete', 'id': '5475279', 'name': 'squirrel3', 'url': ' ', 'version': '::apt'}]&quot;, 'c8y_SoftwareUpdate': [{'name': 'asciijump', 'action': 'delete', 'id': '5475369', 'version': '::apt', 'url': ' '}, {'name': 'robotfindskitten', 'action': 'delete', 'id': '5474869', 'version': '::apt', 'url': ' '}, {'name': 'squirrel3', 'action': 'delete', 'id': '5475279', 'version': '::apt', 'url': ' '}]}
17:25:22 INFO  State of operation 21453312 : PENDING
17:25:24 INFO  State of operation 21453312 : EXECUTING
17:25:26 INFO  State of operation 21453312 : EXECUTING
17:25:28 INFO  State of operation 21453312 : EXECUTING
17:25:31 INFO  State of operation 21453312 : EXECUTING
17:25:33 INFO  State of operation 21453312 : EXECUTING
17:25:36 INFO  State of operation 21453312 : EXECUTING
17:25:39 INFO  State of operation 21453312 : EXECUTING
17:25:41 INFO  State of operation 21453312 : EXECUTING
17:25:43 INFO  State of operation 21453312 : EXECUTING
17:25:46 INFO  State of operation 21453312 : EXECUTING
17:25:48 INFO  State of operation 21453312 : EXECUTING
17:25:50 INFO  State of operation 21453312 : EXECUTING
17:25:52 INFO  State of operation 21453312 : EXECUTING
17:25:54 INFO  State of operation 21453312 : EXECUTING
17:25:57 INFO  State of operation 21453312 : EXECUTING
17:25:59 INFO  State of operation 21453312 : EXECUTING
17:26:02 INFO  State of operation 21453312 : EXECUTING
17:26:04 INFO  State of operation 21453312 : EXECUTING
17:26:07 INFO  State of operation 21453312 : EXECUTING
17:26:09 INFO  State of operation 21453312 : EXECUTING
17:26:11 INFO  State of operation 21453312 : EXECUTING
17:26:13 INFO  State of operation 21453312 : EXECUTING
17:26:16 INFO  State of operation 21453312 : EXECUTING
17:26:18 INFO  State of operation 21453312 : EXECUTING
17:26:21 INFO  State of operation 21453312 : EXECUTING
17:26:23 INFO  State of operation 21453312 : EXECUTING
17:26:25 INFO  State of operation 21453312 : EXECUTING
17:26:27 INFO  State of operation 21453312 : SUCCESSFUL
17:26:28 INFO  Assert that (False == value) with value=False ... passed
17:26:28 INFO  Assert that (False == value) with value=False ... passed
17:26:28 INFO  Assert that (False == value) with value=False ... passed
17:26:28 INFO  Assert that (False == value) with value=False ... passed
17:26:28 INFO  
17:26:28 INFO  cleanup:
17:26:32 INFO  Executed sudo&lt;tedge_disconnect_c8y&gt;, exit status 0
17:26:33 INFO  Executed systemctl&lt;serv_mapper5&gt;, exit status 3
17:26:33 INFO  
17:26:33 INFO  Test duration: 139.26 secs
17:26:33 INFO  Test final outcome:  FAILED
17:26:33 INFO  Test outcome reason: Assert that (False == value) with value=True (+2 other failures)
17:26:33 INFO  
</system-out>
	</testcase>
</testsuite>
