<?xml version="1.0" encoding="utf-8"?>
<testsuite failures="1" name="SoftwareManagement.sm_fake_install_remove" skipped="0" tests="1" time="165.55" timestamp="2022-05-23T16:24:45">
	<testcase classname="PySysTest" name="SoftwareManagement.sm_fake_install_remove">
		<failure message="BLOCKED: SystemError: Timeout while waiting for status FAILED or SUCCESSFUL" type="BLOCKED"/>
		<system-out>16:21:59 INFO  ==============================================================
16:21:59 INFO  Id:    SoftwareManagement.sm_fake_install_remove
16:21:59 INFO  Dir:   software_management_end_to_end/
16:21:59 INFO  Title: Validate end to end behaviour for the dummy plugin for installation and removal of packages
16:21:59 INFO  ==============================================================
16:21:59 INFO  Using sw id database: {'asciijump': '5475369', 'robotfindskitten': '5474869', 'squirrel3': '5475279', 'rolldice': '5152439', 'moon-buggy': '5439204', 'apple': '5495053', 'banana': '5494888', 'cherry': '5495382', 'watermelon': '5494510', 'registry': '8018911', 'hello-world': '8021526', 'docker/getting-started': '8021973', 'alpine': '7991792'}
16:21:59 INFO  EnvironmentC8y Setup
16:22:00 INFO  Executed systemctl&lt;serv_mapper1&gt;, exit status 3
16:22:00 INFO  Restarting mosquitto too frequently in the last 10 seconds. It was only up for 5 seconds
16:22:00 INFO  Delaying execution by 6 seconds
16:22:20 INFO  Executed sudo&lt;tedge_connect_c8y&gt;, exit status 0, duration 14 secs
16:22:21 INFO  Executed sudo&lt;tedge_connect_c8y_test&gt;, exit status 0
16:22:21 INFO  Executed systemctl&lt;serv_mosq2&gt;, exit status 0
16:22:22 INFO  Executed systemctl&lt;serv_mapper3&gt;, exit status 0
16:22:24 INFO  State of current operation: PENDING
16:22:26 INFO  State of current operation: PENDING
16:22:28 INFO  State of current operation: PENDING
16:22:31 INFO  State of current operation: PENDING
16:22:33 INFO  State of current operation: PENDING
16:22:35 INFO  State of current operation: PENDING
16:22:37 INFO  State of current operation: PENDING
16:22:40 INFO  State of current operation: PENDING
16:22:42 INFO  State of current operation: PENDING
16:22:44 INFO  State of current operation: PENDING
16:22:46 INFO  State of current operation: PENDING
16:22:48 INFO  State of current operation: PENDING
16:22:51 INFO  State of current operation: PENDING
16:22:53 INFO  State of current operation: PENDING
16:22:55 INFO  State of current operation: PENDING
16:22:57 INFO  State of current operation: PENDING
16:23:00 INFO  State of current operation: PENDING
16:23:02 INFO  State of current operation: PENDING
16:23:04 INFO  State of current operation: PENDING
16:23:06 INFO  State of current operation: PENDING
16:23:09 INFO  State of current operation: PENDING
16:23:11 INFO  State of current operation: PENDING
16:23:13 INFO  State of current operation: PENDING
16:23:15 INFO  State of current operation: PENDING
16:23:17 INFO  State of current operation: PENDING
16:23:20 INFO  State of current operation: PENDING
16:23:22 INFO  State of current operation: PENDING
16:23:24 INFO  State of current operation: PENDING
16:23:26 INFO  State of current operation: PENDING
16:23:29 INFO  State of current operation: PENDING
16:23:31 INFO  State of current operation: PENDING
16:23:33 INFO  State of current operation: PENDING
16:23:35 INFO  State of current operation: PENDING
16:23:38 INFO  State of current operation: PENDING
16:23:40 INFO  State of current operation: PENDING
16:23:42 INFO  State of current operation: PENDING
16:23:44 INFO  State of current operation: PENDING
16:23:47 INFO  State of current operation: PENDING
16:23:49 INFO  State of current operation: PENDING
16:23:51 INFO  State of current operation: PENDING
16:23:53 INFO  State of current operation: PENDING
16:23:56 INFO  State of current operation: PENDING
16:23:58 INFO  State of current operation: PENDING
16:24:00 INFO  State of current operation: PENDING
16:24:02 INFO  State of current operation: PENDING
16:24:05 INFO  State of current operation: PENDING
16:24:07 INFO  State of current operation: PENDING
16:24:09 INFO  State of current operation: PENDING
16:24:11 INFO  State of current operation: PENDING
16:24:14 INFO  State of current operation: PENDING
16:24:16 INFO  State of current operation: PENDING
16:24:18 INFO  State of current operation: PENDING
16:24:20 INFO  State of current operation: PENDING
16:24:23 INFO  State of current operation: PENDING
16:24:25 INFO  State of current operation: PENDING
16:24:27 INFO  State of current operation: PENDING
16:24:29 INFO  State of current operation: PENDING
16:24:32 INFO  State of current operation: PENDING
16:24:34 INFO  State of current operation: PENDING
16:24:36 INFO  State of current operation: PENDING
16:24:38 INFO  State of current operation: PENDING
16:24:40 WARN  SystemError occurred while running test - Timeout while waiting for status FAILED or SUCCESSFUL
Traceback (most recent call last):
  File &quot;/home/pi/env-pysys/lib/python3.7/site-packages/pysys/baserunner.py&quot;, line 1292, in __call__
    self.testObj.setup()
  File &quot;/home/pi/actions-runner/_work/thin-edge.io/thin-edge.io/tests/PySys/software_management_end_to_end/sm_fake_install_remove/run.py&quot;, line 38, in setup
    super().setup()
  File &quot;/home/pi/actions-runner/_work/thin-edge.io/thin-edge.io/tests/PySys/software_management_end_to_end/environment_sm_management.py&quot;, line 151, in setup
    self.wait_until_end()
  File &quot;/home/pi/actions-runner/_work/thin-edge.io/thin-edge.io/tests/PySys/software_management_end_to_end/environment_sm_management.py&quot;, line 332, in wait_until_end
    self.wait_until_status(&quot;FAILED&quot;, &quot;SUCCESSFUL&quot;)
  File &quot;/home/pi/actions-runner/_work/thin-edge.io/thin-edge.io/tests/PySys/software_management_end_to_end/environment_sm_management.py&quot;, line 381, in wait_until_status
    &quot;Timeout while waiting for status %s or %s&quot; % (status, status2)
SystemError: Timeout while waiting for status FAILED or SUCCESSFUL
16:24:40 WARN  SystemError: Timeout while waiting for status FAILED or SUCCESSFUL ... blocked 
16:24:40 INFO  
16:24:40 INFO  cleanup:
16:24:44 INFO  Executed sudo&lt;tedge_disconnect_c8y&gt;, exit status 0
16:24:45 INFO  Executed systemctl&lt;serv_mapper5&gt;, exit status 3
16:24:45 INFO  
16:24:45 INFO  Test duration: 165.55 secs
16:24:45 INFO  Test final outcome:  BLOCKED
16:24:45 INFO  Test outcome reason: SystemError: Timeout while waiting for status FAILED or SUCCESSFUL
16:24:45 INFO  
</system-out>
	</testcase>
</testsuite>
