<?xml version="1.0" encoding="utf-8"?>
<testsuite failures="0" name="SoftwareManagement.sm_mapper_fail_and_reconnect" skipped="1" tests="1" time="0.07" timestamp="2022-07-18T17:11:16">
	<testcase classname="MapperC8yReceiveLastMessageOnRestart" name="SoftwareManagement.sm_mapper_fail_and_reconnect">
		<skipped message="SKIPPED: instable https://github.com/thin-edge/thin-edge.io/issues/752"/>
		<system-out>17:11:16 INFO  ==============================================================
17:11:16 INFO  Id:    SoftwareManagement.sm_mapper_fail_and_reconnect
17:11:16 INFO  Dir:   software_management_end_to_end/
17:11:16 INFO  Title: Validate the tedge-mapper-sm-c8y for receiving the last message on restart
17:11:16 INFO  ==============================================================
17:11:16 INFO  instable https://github.com/thin-edge/thin-edge.io/issues/752 ... skipped
17:11:16 INFO  
17:11:16 INFO  Test duration: 0.07 secs
17:11:16 INFO  Test final outcome:  SKIPPED
17:11:16 INFO  Test outcome reason: instable https://github.com/thin-edge/thin-edge.io/issues/752
17:11:16 INFO  
</system-out>
	</testcase>
</testsuite>
