<?xml version="1.0" encoding="utf-8"?>
<testsuite failures="1" name="SoftwareManagement.sm_apt_install_remove_default" skipped="0" tests="1" time="166.8" timestamp="2022-05-23T16:10:54">
	<testcase classname="PySysTest" name="SoftwareManagement.sm_apt_install_remove_default">
		<failure message="BLOCKED: SystemError: Timeout while waiting for status FAILED or SUCCESSFUL" type="BLOCKED"/>
		<system-out>16:08:07 INFO  ==============================================================
16:08:07 INFO  Id:    SoftwareManagement.sm_apt_install_remove_default
16:08:07 INFO  Dir:   software_management_end_to_end/
16:08:07 INFO  Title: Validate end to end behaviour for the default plugin for installation and removal of packages
16:08:07 INFO  ==============================================================
16:08:07 INFO  Using sw id database: {'asciijump': '5475369', 'robotfindskitten': '5474869', 'squirrel3': '5475279', 'rolldice': '5152439', 'moon-buggy': '5439204', 'apple': '5495053', 'banana': '5494888', 'cherry': '5495382', 'watermelon': '5494510', 'registry': '8018911', 'hello-world': '8021526', 'docker/getting-started': '8021973', 'alpine': '7991792'}
16:08:07 INFO  EnvironmentC8y Setup
16:08:07 INFO  Executed systemctl&lt;serv_mapper1&gt;, exit status 3
16:08:08 INFO  Restarting mosquitto too frequently in the last 10 seconds. It was only up for 4 seconds
16:08:08 INFO  Delaying execution by 7 seconds
16:08:28 INFO  Executed sudo&lt;tedge_connect_c8y&gt;, exit status 0, duration 13 secs
16:08:29 INFO  Executed sudo&lt;tedge_connect_c8y_test&gt;, exit status 0
16:08:29 INFO  Executed systemctl&lt;serv_mosq2&gt;, exit status 0
16:08:30 INFO  Executed systemctl&lt;serv_mapper3&gt;, exit status 0
16:08:32 INFO  State of current operation: PENDING
16:08:34 INFO  State of current operation: PENDING
16:08:37 INFO  State of current operation: PENDING
16:08:39 INFO  State of current operation: PENDING
16:08:41 INFO  State of current operation: PENDING
16:08:44 INFO  State of current operation: PENDING
16:08:46 INFO  State of current operation: PENDING
16:08:48 INFO  State of current operation: PENDING
16:08:50 INFO  State of current operation: PENDING
16:08:53 INFO  State of current operation: PENDING
16:08:55 INFO  State of current operation: PENDING
16:08:57 INFO  State of current operation: PENDING
16:08:59 INFO  State of current operation: PENDING
16:09:02 INFO  State of current operation: PENDING
16:09:04 INFO  State of current operation: PENDING
16:09:06 INFO  State of current operation: PENDING
16:09:08 INFO  State of current operation: PENDING
16:09:10 INFO  State of current operation: PENDING
16:09:13 INFO  State of current operation: PENDING
16:09:15 INFO  State of current operation: PENDING
16:09:18 INFO  State of current operation: PENDING
16:09:20 INFO  State of current operation: PENDING
16:09:22 INFO  State of current operation: PENDING
16:09:24 INFO  State of current operation: PENDING
16:09:26 INFO  State of current operation: PENDING
16:09:29 INFO  State of current operation: PENDING
16:09:31 INFO  State of current operation: PENDING
16:09:33 INFO  State of current operation: PENDING
16:09:35 INFO  State of current operation: PENDING
16:09:38 INFO  State of current operation: PENDING
16:09:40 INFO  State of current operation: PENDING
16:09:42 INFO  State of current operation: PENDING
16:09:44 INFO  State of current operation: PENDING
16:09:47 INFO  State of current operation: PENDING
16:09:49 INFO  State of current operation: PENDING
16:09:51 INFO  State of current operation: PENDING
16:09:53 INFO  State of current operation: PENDING
16:09:55 INFO  State of current operation: PENDING
16:09:58 INFO  State of current operation: PENDING
16:10:00 INFO  State of current operation: PENDING
16:10:02 INFO  State of current operation: PENDING
16:10:04 INFO  State of current operation: PENDING
16:10:07 INFO  State of current operation: PENDING
16:10:09 INFO  State of current operation: PENDING
16:10:11 INFO  State of current operation: PENDING
16:10:13 INFO  State of current operation: PENDING
16:10:16 INFO  State of current operation: PENDING
16:10:18 INFO  State of current operation: PENDING
16:10:20 INFO  State of current operation: PENDING
16:10:22 INFO  State of current operation: PENDING
16:10:25 INFO  State of current operation: PENDING
16:10:27 INFO  State of current operation: PENDING
16:10:29 INFO  State of current operation: PENDING
16:10:31 INFO  State of current operation: PENDING
16:10:34 INFO  State of current operation: PENDING
16:10:36 INFO  State of current operation: PENDING
16:10:38 INFO  State of current operation: PENDING
16:10:40 INFO  State of current operation: PENDING
16:10:43 INFO  State of current operation: PENDING
16:10:45 INFO  State of current operation: PENDING
16:10:47 INFO  State of current operation: PENDING
16:10:49 WARN  SystemError occurred while running test - Timeout while waiting for status FAILED or SUCCESSFUL
Traceback (most recent call last):
  File &quot;/home/pi/env-pysys/lib/python3.7/site-packages/pysys/baserunner.py&quot;, line 1292, in __call__
    self.testObj.setup()
  File &quot;/home/pi/actions-runner/_work/thin-edge.io/thin-edge.io/tests/PySys/software_management_end_to_end/sm_apt_install_remove_default/run.py&quot;, line 26, in setup
    super().setup()
  File &quot;/home/pi/actions-runner/_work/thin-edge.io/thin-edge.io/tests/PySys/software_management_end_to_end/environment_sm_management.py&quot;, line 151, in setup
    self.wait_until_end()
  File &quot;/home/pi/actions-runner/_work/thin-edge.io/thin-edge.io/tests/PySys/software_management_end_to_end/environment_sm_management.py&quot;, line 332, in wait_until_end
    self.wait_until_status(&quot;FAILED&quot;, &quot;SUCCESSFUL&quot;)
  File &quot;/home/pi/actions-runner/_work/thin-edge.io/thin-edge.io/tests/PySys/software_management_end_to_end/environment_sm_management.py&quot;, line 381, in wait_until_status
    &quot;Timeout while waiting for status %s or %s&quot; % (status, status2)
SystemError: Timeout while waiting for status FAILED or SUCCESSFUL
16:10:49 WARN  SystemError: Timeout while waiting for status FAILED or SUCCESSFUL ... blocked 
16:10:49 INFO  
16:10:49 INFO  cleanup:
16:10:53 INFO  Executed sudo&lt;tedge_disconnect_c8y&gt;, exit status 0
16:10:54 INFO  Executed systemctl&lt;serv_mapper5&gt;, exit status 3
16:10:54 INFO  
16:10:54 INFO  Test duration: 166.80 secs
16:10:54 INFO  Test final outcome:  BLOCKED
16:10:54 INFO  Test outcome reason: SystemError: Timeout while waiting for status FAILED or SUCCESSFUL
16:10:54 INFO  
</system-out>
	</testcase>
</testsuite>
