<?xml version="1.0" encoding="utf-8"?>
<testsuite failures="1" name="SoftwareManagement.sm_mixed_install_remove_multiple" skipped="0" tests="1" time="164.46" timestamp="2022-07-21T17:41:58">
	<testcase classname="PySysTest" name="SoftwareManagement.sm_mixed_install_remove_multiple">
		<failure message="FAILED: Assert that (False == value) with value=True" type="FAILED"/>
		<system-out>17:39:13 INFO  ==============================================================
17:39:13 INFO  Id:    SoftwareManagement.sm_mixed_install_remove_multiple
17:39:13 INFO  Dir:   software_management_end_to_end/
17:39:13 INFO  Title: Validate end to end behaviour for the dummy-plugin for multiple packages with mixed versions
17:39:13 INFO  ==============================================================
17:39:13 INFO  Using sw id database: {'asciijump': '5475369', 'robotfindskitten': '5474869', 'squirrel3': '5475279', 'rolldice': '5152439', 'moon-buggy': '5439204', 'apple': '5495053', 'banana': '5494888', 'cherry': '5495382', 'watermelon': '5494510', 'registry': '8018911', 'hello-world': '8021526', 'docker/getting-started': '8021973', 'alpine': '7991792'}
17:39:13 INFO  EnvironmentC8y Setup
17:39:14 INFO  Executed systemctl&lt;serv_mapper1&gt;, exit status 3
17:39:14 INFO  Restarting mosquitto too frequently in the last 10 seconds. It was only up for 5 seconds
17:39:14 INFO  Delaying execution by 6 seconds
17:39:34 INFO  Executed sudo&lt;tedge_connect_c8y&gt;, exit status 0, duration 13 secs
17:39:34 INFO  Executed sudo&lt;tedge_connect_c8y_test&gt;, exit status 0
17:39:35 INFO  Executed systemctl&lt;serv_mosq2&gt;, exit status 0
17:39:35 INFO  Executed systemctl&lt;serv_mapper3&gt;, exit status 0
17:39:37 INFO  State of current operation: SUCCESSFUL
17:39:38 INFO  Package apple is installed
17:39:38 INFO  Assert that (True == value) with value=True ... passed
17:39:38 INFO  Package banana is installed
17:39:38 INFO  Assert that (True == value) with value=True ... passed
17:39:38 INFO  Package cherry is installed
17:39:38 INFO  Assert that (True == value) with value=True ... passed
17:39:38 INFO  Package asciijump is installed
17:39:38 WARN  Assert that (False == value) with value=True ... failed 
17:39:39 INFO  Assert that (False == value) with value=False ... passed
17:39:39 INFO  Response status: 201
17:39:39 INFO  Response to action: {
    &quot;creationTime&quot;: &quot;2022-07-21T17:39:39.321Z&quot;,
    &quot;deviceId&quot;: &quot;21121273&quot;,
    &quot;deviceName&quot;: &quot;m32sd10d&quot;,
    &quot;self&quot;: &quot;https://t493319102.eu-latest.cumulocity.com/devicecontrol/operations/21163770&quot;,
    &quot;id&quot;: &quot;21163770&quot;,
    &quot;status&quot;: &quot;PENDING&quot;,
    &quot;description&quot;: &quot;Apply software changes, triggered from PySys: [{'action': 'install', 'id': '5495053', 'name': 'apple', 'url': ' ', 'version': '::fruits'}, {'action': 'install', 'id': '5494888', 'name': 'banana', 'url': ' ', 'version': '::fruits'}, {'action': 'install', 'id': '5475369', 'name': 'asciijump', 'url': ' ', 'version': '::apt'}, {'action': 'install', 'id': '5495382', 'name': 'cherry', 'url': ' ', 'version': '::fruits'}, {'action': 'install', 'id': '8018911', 'name': 'registry', 'url': ' ', 'version': '::docker'}]&quot;,
    &quot;c8y_SoftwareUpdate&quot;: [
        {
            &quot;name&quot;: &quot;apple&quot;,
            &quot;action&quot;: &quot;install&quot;,
            &quot;id&quot;: &quot;5495053&quot;,
            &quot;version&quot;: &quot;::fruits&quot;,
            &quot;url&quot;: &quot; &quot;
        },
        {
            &quot;name&quot;: &quot;banana&quot;,
            &quot;action&quot;: &quot;install&quot;,
            &quot;id&quot;: &quot;5494888&quot;,
            &quot;version&quot;: &quot;::fruits&quot;,
            &quot;url&quot;: &quot; &quot;
        },
        {
            &quot;name&quot;: &quot;asciijump&quot;,
            &quot;action&quot;: &quot;install&quot;,
            &quot;id&quot;: &quot;5475369&quot;,
            &quot;version&quot;: &quot;::apt&quot;,
            &quot;url&quot;: &quot; &quot;
        },
        {
            &quot;name&quot;: &quot;cherry&quot;,
            &quot;action&quot;: &quot;install&quot;,
            &quot;id&quot;: &quot;5495382&quot;,
            &quot;version&quot;: &quot;::fruits&quot;,
            &quot;url&quot;: &quot; &quot;
        },
        {
            &quot;name&quot;: &quot;registry&quot;,
            &quot;action&quot;: &quot;install&quot;,
            &quot;id&quot;: &quot;8018911&quot;,
            &quot;version&quot;: &quot;::docker&quot;,
            &quot;url&quot;: &quot; &quot;
        }
    ]
}
17:39:39 INFO  Started operation: {'creationTime': '2022-07-21T17:39:39.321Z', 'deviceId': '21121273', 'deviceName': 'm32sd10d', 'self': 'https://t493319102.eu-latest.cumulocity.com/devicecontrol/operations/21163770', 'id': '21163770', 'status': 'PENDING', 'description': &quot;Apply software changes, triggered from PySys: [{'action': 'install', 'id': '5495053', 'name': 'apple', 'url': ' ', 'version': '::fruits'}, {'action': 'install', 'id': '5494888', 'name': 'banana', 'url': ' ', 'version': '::fruits'}, {'action': 'install', 'id': '5475369', 'name': 'asciijump', 'url': ' ', 'version': '::apt'}, {'action': 'install', 'id': '5495382', 'name': 'cherry', 'url': ' ', 'version': '::fruits'}, {'action': 'install', 'id': '8018911', 'name': 'registry', 'url': ' ', 'version': '::docker'}]&quot;, 'c8y_SoftwareUpdate': [{'name': 'apple', 'action': 'install', 'id': '5495053', 'version': '::fruits', 'url': ' '}, {'name': 'banana', 'action': 'install', 'id': '5494888', 'version': '::fruits', 'url': ' '}, {'name': 'asciijump', 'action': 'install', 'id': '5475369', 'version': '::apt', 'url': ' '}, {'name': 'cherry', 'action': 'install', 'id': '5495382', 'version': '::fruits', 'url': ' '}, {'name': 'registry', 'action': 'install', 'id': '8018911', 'version': '::docker', 'url': ' '}]}
17:39:41 INFO  State of operation 21163770 : PENDING
17:39:43 INFO  State of operation 21163770 : EXECUTING
17:39:46 INFO  State of operation 21163770 : EXECUTING
17:39:48 INFO  State of operation 21163770 : EXECUTING
17:39:50 INFO  State of operation 21163770 : EXECUTING
17:39:52 INFO  State of operation 21163770 : EXECUTING
17:39:56 INFO  State of operation 21163770 : EXECUTING
17:39:59 INFO  State of operation 21163770 : EXECUTING
17:40:01 INFO  State of operation 21163770 : EXECUTING
17:40:03 INFO  State of operation 21163770 : EXECUTING
17:40:06 INFO  State of operation 21163770 : EXECUTING
17:40:08 INFO  State of operation 21163770 : EXECUTING
17:40:10 INFO  State of operation 21163770 : EXECUTING
17:40:12 INFO  State of operation 21163770 : EXECUTING
17:40:15 INFO  State of operation 21163770 : EXECUTING
17:40:17 INFO  State of operation 21163770 : EXECUTING
17:40:19 INFO  State of operation 21163770 : EXECUTING
17:40:21 INFO  State of operation 21163770 : EXECUTING
17:40:24 INFO  State of operation 21163770 : EXECUTING
17:40:26 INFO  State of operation 21163770 : EXECUTING
17:40:29 INFO  State of operation 21163770 : EXECUTING
17:40:31 INFO  State of operation 21163770 : EXECUTING
17:40:33 INFO  State of operation 21163770 : EXECUTING
17:40:35 INFO  State of operation 21163770 : EXECUTING
17:40:38 INFO  State of operation 21163770 : SUCCESSFUL
17:40:38 INFO  Package apple is installed
17:40:38 INFO  Assert that (True == value) with value=True ... passed
17:40:38 INFO  Package banana is installed
17:40:38 INFO  Assert that (True == value) with value=True ... passed
17:40:38 INFO  Package cherry is installed
17:40:38 INFO  Assert that (True == value) with value=True ... passed
17:40:38 INFO  Package asciijump is installed
17:40:38 INFO  Assert that (True == value) with value=True ... passed
17:40:39 INFO  Package registry is installed
17:40:39 INFO  Assert that (True == value) with value=True ... passed
17:40:39 INFO  Response status: 201
17:40:39 INFO  Response to action: {
    &quot;creationTime&quot;: &quot;2022-07-21T17:40:39.388Z&quot;,
    &quot;deviceId&quot;: &quot;21121273&quot;,
    &quot;deviceName&quot;: &quot;m32sd10d&quot;,
    &quot;self&quot;: &quot;https://t493319102.eu-latest.cumulocity.com/devicecontrol/operations/21163776&quot;,
    &quot;id&quot;: &quot;21163776&quot;,
    &quot;status&quot;: &quot;PENDING&quot;,
    &quot;description&quot;: &quot;Apply software changes, triggered from PySys: [{'action': 'delete', 'id': '5495053', 'name': 'apple', 'url': ' ', 'version': '::fruits'}, {'action': 'delete', 'id': '5494888', 'name': 'banana', 'url': ' ', 'version': '::fruits'}, {'action': 'delete', 'id': '5475369', 'name': 'asciijump', 'url': ' ', 'version': '::apt'}, {'action': 'delete', 'id': '5495382', 'name': 'cherry', 'url': ' ', 'version': '::fruits'}, {'action': 'delete', 'id': '8018911', 'name': 'registry', 'url': ' ', 'version': '::docker'}]&quot;,
    &quot;c8y_SoftwareUpdate&quot;: [
        {
            &quot;name&quot;: &quot;apple&quot;,
            &quot;action&quot;: &quot;delete&quot;,
            &quot;id&quot;: &quot;5495053&quot;,
            &quot;version&quot;: &quot;::fruits&quot;,
            &quot;url&quot;: &quot; &quot;
        },
        {
            &quot;name&quot;: &quot;banana&quot;,
            &quot;action&quot;: &quot;delete&quot;,
            &quot;id&quot;: &quot;5494888&quot;,
            &quot;version&quot;: &quot;::fruits&quot;,
            &quot;url&quot;: &quot; &quot;
        },
        {
            &quot;name&quot;: &quot;asciijump&quot;,
            &quot;action&quot;: &quot;delete&quot;,
            &quot;id&quot;: &quot;5475369&quot;,
            &quot;version&quot;: &quot;::apt&quot;,
            &quot;url&quot;: &quot; &quot;
        },
        {
            &quot;name&quot;: &quot;cherry&quot;,
            &quot;action&quot;: &quot;delete&quot;,
            &quot;id&quot;: &quot;5495382&quot;,
            &quot;version&quot;: &quot;::fruits&quot;,
            &quot;url&quot;: &quot; &quot;
        },
        {
            &quot;name&quot;: &quot;registry&quot;,
            &quot;action&quot;: &quot;delete&quot;,
            &quot;id&quot;: &quot;8018911&quot;,
            &quot;version&quot;: &quot;::docker&quot;,
            &quot;url&quot;: &quot; &quot;
        }
    ]
}
17:40:39 INFO  Started operation: {'creationTime': '2022-07-21T17:40:39.388Z', 'deviceId': '21121273', 'deviceName': 'm32sd10d', 'self': 'https://t493319102.eu-latest.cumulocity.com/devicecontrol/operations/21163776', 'id': '21163776', 'status': 'PENDING', 'description': &quot;Apply software changes, triggered from PySys: [{'action': 'delete', 'id': '5495053', 'name': 'apple', 'url': ' ', 'version': '::fruits'}, {'action': 'delete', 'id': '5494888', 'name': 'banana', 'url': ' ', 'version': '::fruits'}, {'action': 'delete', 'id': '5475369', 'name': 'asciijump', 'url': ' ', 'version': '::apt'}, {'action': 'delete', 'id': '5495382', 'name': 'cherry', 'url': ' ', 'version': '::fruits'}, {'action': 'delete', 'id': '8018911', 'name': 'registry', 'url': ' ', 'version': '::docker'}]&quot;, 'c8y_SoftwareUpdate': [{'name': 'apple', 'action': 'delete', 'id': '5495053', 'version': '::fruits', 'url': ' '}, {'name': 'banana', 'action': 'delete', 'id': '5494888', 'version': '::fruits', 'url': ' '}, {'name': 'asciijump', 'action': 'delete', 'id': '5475369', 'version': '::apt', 'url': ' '}, {'name': 'cherry', 'action': 'delete', 'id': '5495382', 'version': '::fruits', 'url': ' '}, {'name': 'registry', 'action': 'delete', 'id': '8018911', 'version': '::docker', 'url': ' '}]}
17:40:41 INFO  State of operation 21163776 : PENDING
17:40:43 INFO  State of operation 21163776 : EXECUTING
17:40:46 INFO  State of operation 21163776 : EXECUTING
17:40:48 INFO  State of operation 21163776 : EXECUTING
17:40:50 INFO  State of operation 21163776 : EXECUTING
17:40:52 INFO  State of operation 21163776 : EXECUTING
17:40:56 INFO  State of operation 21163776 : EXECUTING
17:40:59 INFO  State of operation 21163776 : EXECUTING
17:41:01 INFO  State of operation 21163776 : EXECUTING
17:41:03 INFO  State of operation 21163776 : EXECUTING
17:41:06 INFO  State of operation 21163776 : EXECUTING
17:41:08 INFO  State of operation 21163776 : EXECUTING
17:41:10 INFO  State of operation 21163776 : EXECUTING
17:41:12 INFO  State of operation 21163776 : EXECUTING
17:41:15 INFO  State of operation 21163776 : EXECUTING
17:41:17 INFO  State of operation 21163776 : EXECUTING
17:41:20 INFO  State of operation 21163776 : EXECUTING
17:41:22 INFO  State of operation 21163776 : EXECUTING
17:41:24 INFO  State of operation 21163776 : EXECUTING
17:41:26 INFO  State of operation 21163776 : EXECUTING
17:41:29 INFO  State of operation 21163776 : EXECUTING
17:41:31 INFO  State of operation 21163776 : EXECUTING
17:41:33 INFO  State of operation 21163776 : EXECUTING
17:41:36 INFO  State of operation 21163776 : EXECUTING
17:41:38 INFO  State of operation 21163776 : EXECUTING
17:41:40 INFO  State of operation 21163776 : EXECUTING
17:41:42 INFO  State of operation 21163776 : EXECUTING
17:41:45 INFO  State of operation 21163776 : EXECUTING
17:41:47 INFO  State of operation 21163776 : EXECUTING
17:41:49 INFO  State of operation 21163776 : EXECUTING
17:41:52 INFO  State of operation 21163776 : SUCCESSFUL
17:41:52 INFO  Package apple is installed
17:41:52 INFO  Assert that (True == value) with value=True ... passed
17:41:52 INFO  Package banana is installed
17:41:52 INFO  Assert that (True == value) with value=True ... passed
17:41:52 INFO  Package cherry is installed
17:41:52 INFO  Assert that (True == value) with value=True ... passed
17:41:52 INFO  Assert that (False == value) with value=False ... passed
17:41:53 INFO  Assert that (False == value) with value=False ... passed
17:41:53 INFO  
17:41:53 INFO  cleanup:
17:41:57 INFO  Executed sudo&lt;tedge_disconnect_c8y&gt;, exit status 0
17:41:58 INFO  Executed systemctl&lt;serv_mapper5&gt;, exit status 3
17:41:58 INFO  
17:41:58 INFO  Test duration: 164.46 secs
17:41:58 INFO  Test final outcome:  FAILED
17:41:58 INFO  Test outcome reason: Assert that (False == value) with value=True
17:41:58 INFO  
</system-out>
	</testcase>
</testsuite>
