<?xml version="1.0" encoding="utf-8"?>
<testsuite failures="1" name="SoftwareManagement.sm_mixed_install_remove_multiple" skipped="0" tests="1" time="169.55" timestamp="2022-07-22T00:10:03">
	<testcase classname="PySysTest" name="SoftwareManagement.sm_mixed_install_remove_multiple">
		<failure message="FAILED: Assert that (False == value) with value=True" type="FAILED"/>
		<system-out>00:07:13 INFO  ==============================================================
00:07:13 INFO  Id:    SoftwareManagement.sm_mixed_install_remove_multiple
00:07:13 INFO  Dir:   software_management_end_to_end/
00:07:13 INFO  Title: Validate end to end behaviour for the dummy-plugin for multiple packages with mixed versions
00:07:13 INFO  ==============================================================
00:07:13 INFO  Using sw id database: {'asciijump': '5475369', 'robotfindskitten': '5474869', 'squirrel3': '5475279', 'rolldice': '5152439', 'moon-buggy': '5439204', 'apple': '5495053', 'banana': '5494888', 'cherry': '5495382', 'watermelon': '5494510', 'registry': '8018911', 'hello-world': '8021526', 'docker/getting-started': '8021973', 'alpine': '7991792'}
00:07:13 INFO  EnvironmentC8y Setup
00:07:14 INFO  Executed systemctl&lt;serv_mapper1&gt;, exit status 3
00:07:14 INFO  Restarting mosquitto too frequently in the last 10 seconds. It was only up for 5 seconds
00:07:14 INFO  Delaying execution by 6 seconds
00:07:34 INFO  Executed sudo&lt;tedge_connect_c8y&gt;, exit status 0, duration 14 secs
00:07:35 INFO  Executed sudo&lt;tedge_connect_c8y_test&gt;, exit status 0
00:07:36 INFO  Executed systemctl&lt;serv_mosq2&gt;, exit status 0
00:07:36 INFO  Executed systemctl&lt;serv_mapper3&gt;, exit status 0
00:07:38 INFO  State of current operation: SUCCESSFUL
00:07:39 INFO  Package apple is installed
00:07:39 INFO  Assert that (True == value) with value=True ... passed
00:07:39 INFO  Package banana is installed
00:07:39 INFO  Assert that (True == value) with value=True ... passed
00:07:39 INFO  Package cherry is installed
00:07:39 INFO  Assert that (True == value) with value=True ... passed
00:07:39 INFO  Package asciijump is installed
00:07:39 WARN  Assert that (False == value) with value=True ... failed 
00:07:40 INFO  Assert that (False == value) with value=False ... passed
00:07:40 INFO  Response status: 201
00:07:40 INFO  Response to action: {
    &quot;creationTime&quot;: &quot;2022-07-22T00:07:40.186Z&quot;,
    &quot;deviceId&quot;: &quot;21166555&quot;,
    &quot;deviceName&quot;: &quot;m32sd10d&quot;,
    &quot;self&quot;: &quot;https://t493319102.eu-latest.cumulocity.com/devicecontrol/operations/21210848&quot;,
    &quot;id&quot;: &quot;21210848&quot;,
    &quot;status&quot;: &quot;PENDING&quot;,
    &quot;description&quot;: &quot;Apply software changes, triggered from PySys: [{'action': 'install', 'id': '5495053', 'name': 'apple', 'url': ' ', 'version': '::fruits'}, {'action': 'install', 'id': '5494888', 'name': 'banana', 'url': ' ', 'version': '::fruits'}, {'action': 'install', 'id': '5475369', 'name': 'asciijump', 'url': ' ', 'version': '::apt'}, {'action': 'install', 'id': '5495382', 'name': 'cherry', 'url': ' ', 'version': '::fruits'}, {'action': 'install', 'id': '8018911', 'name': 'registry', 'url': ' ', 'version': '::docker'}]&quot;,
    &quot;c8y_SoftwareUpdate&quot;: [
        {
            &quot;name&quot;: &quot;apple&quot;,
            &quot;action&quot;: &quot;install&quot;,
            &quot;id&quot;: &quot;5495053&quot;,
            &quot;version&quot;: &quot;::fruits&quot;,
            &quot;url&quot;: &quot; &quot;
        },
        {
            &quot;name&quot;: &quot;banana&quot;,
            &quot;action&quot;: &quot;install&quot;,
            &quot;id&quot;: &quot;5494888&quot;,
            &quot;version&quot;: &quot;::fruits&quot;,
            &quot;url&quot;: &quot; &quot;
        },
        {
            &quot;name&quot;: &quot;asciijump&quot;,
            &quot;action&quot;: &quot;install&quot;,
            &quot;id&quot;: &quot;5475369&quot;,
            &quot;version&quot;: &quot;::apt&quot;,
            &quot;url&quot;: &quot; &quot;
        },
        {
            &quot;name&quot;: &quot;cherry&quot;,
            &quot;action&quot;: &quot;install&quot;,
            &quot;id&quot;: &quot;5495382&quot;,
            &quot;version&quot;: &quot;::fruits&quot;,
            &quot;url&quot;: &quot; &quot;
        },
        {
            &quot;name&quot;: &quot;registry&quot;,
            &quot;action&quot;: &quot;install&quot;,
            &quot;id&quot;: &quot;8018911&quot;,
            &quot;version&quot;: &quot;::docker&quot;,
            &quot;url&quot;: &quot; &quot;
        }
    ]
}
00:07:40 INFO  Started operation: {'creationTime': '2022-07-22T00:07:40.186Z', 'deviceId': '21166555', 'deviceName': 'm32sd10d', 'self': 'https://t493319102.eu-latest.cumulocity.com/devicecontrol/operations/21210848', 'id': '21210848', 'status': 'PENDING', 'description': &quot;Apply software changes, triggered from PySys: [{'action': 'install', 'id': '5495053', 'name': 'apple', 'url': ' ', 'version': '::fruits'}, {'action': 'install', 'id': '5494888', 'name': 'banana', 'url': ' ', 'version': '::fruits'}, {'action': 'install', 'id': '5475369', 'name': 'asciijump', 'url': ' ', 'version': '::apt'}, {'action': 'install', 'id': '5495382', 'name': 'cherry', 'url': ' ', 'version': '::fruits'}, {'action': 'install', 'id': '8018911', 'name': 'registry', 'url': ' ', 'version': '::docker'}]&quot;, 'c8y_SoftwareUpdate': [{'name': 'apple', 'action': 'install', 'id': '5495053', 'version': '::fruits', 'url': ' '}, {'name': 'banana', 'action': 'install', 'id': '5494888', 'version': '::fruits', 'url': ' '}, {'name': 'asciijump', 'action': 'install', 'id': '5475369', 'version': '::apt', 'url': ' '}, {'name': 'cherry', 'action': 'install', 'id': '5495382', 'version': '::fruits', 'url': ' '}, {'name': 'registry', 'action': 'install', 'id': '8018911', 'version': '::docker', 'url': ' '}]}
00:07:42 INFO  State of operation 21210848 : PENDING
00:07:44 INFO  State of operation 21210848 : EXECUTING
00:07:46 INFO  State of operation 21210848 : EXECUTING
00:07:49 INFO  State of operation 21210848 : EXECUTING
00:07:51 INFO  State of operation 21210848 : EXECUTING
00:07:53 INFO  State of operation 21210848 : EXECUTING
00:07:55 INFO  State of operation 21210848 : EXECUTING
00:07:58 INFO  State of operation 21210848 : EXECUTING
00:08:01 INFO  State of operation 21210848 : EXECUTING
00:08:04 INFO  State of operation 21210848 : EXECUTING
00:08:06 INFO  State of operation 21210848 : EXECUTING
00:08:08 INFO  State of operation 21210848 : EXECUTING
00:08:10 INFO  State of operation 21210848 : EXECUTING
00:08:13 INFO  State of operation 21210848 : EXECUTING
00:08:15 INFO  State of operation 21210848 : EXECUTING
00:08:17 INFO  State of operation 21210848 : EXECUTING
00:08:19 INFO  State of operation 21210848 : EXECUTING
00:08:22 INFO  State of operation 21210848 : EXECUTING
00:08:24 INFO  State of operation 21210848 : EXECUTING
00:08:26 INFO  State of operation 21210848 : EXECUTING
00:08:28 INFO  State of operation 21210848 : EXECUTING
00:08:31 INFO  State of operation 21210848 : EXECUTING
00:08:33 INFO  State of operation 21210848 : EXECUTING
00:08:36 INFO  State of operation 21210848 : EXECUTING
00:08:38 INFO  State of operation 21210848 : EXECUTING
00:08:40 INFO  State of operation 21210848 : EXECUTING
00:08:42 INFO  State of operation 21210848 : SUCCESSFUL
00:08:43 INFO  Package apple is installed
00:08:43 INFO  Assert that (True == value) with value=True ... passed
00:08:43 INFO  Package banana is installed
00:08:43 INFO  Assert that (True == value) with value=True ... passed
00:08:43 INFO  Package cherry is installed
00:08:43 INFO  Assert that (True == value) with value=True ... passed
00:08:43 INFO  Package asciijump is installed
00:08:43 INFO  Assert that (True == value) with value=True ... passed
00:08:44 INFO  Package registry is installed
00:08:44 INFO  Assert that (True == value) with value=True ... passed
00:08:44 INFO  Response status: 201
00:08:44 INFO  Response to action: {
    &quot;creationTime&quot;: &quot;2022-07-22T00:08:44.192Z&quot;,
    &quot;deviceId&quot;: &quot;21166555&quot;,
    &quot;deviceName&quot;: &quot;m32sd10d&quot;,
    &quot;self&quot;: &quot;https://t493319102.eu-latest.cumulocity.com/devicecontrol/operations/21210854&quot;,
    &quot;id&quot;: &quot;21210854&quot;,
    &quot;status&quot;: &quot;PENDING&quot;,
    &quot;description&quot;: &quot;Apply software changes, triggered from PySys: [{'action': 'delete', 'id': '5495053', 'name': 'apple', 'url': ' ', 'version': '::fruits'}, {'action': 'delete', 'id': '5494888', 'name': 'banana', 'url': ' ', 'version': '::fruits'}, {'action': 'delete', 'id': '5475369', 'name': 'asciijump', 'url': ' ', 'version': '::apt'}, {'action': 'delete', 'id': '5495382', 'name': 'cherry', 'url': ' ', 'version': '::fruits'}, {'action': 'delete', 'id': '8018911', 'name': 'registry', 'url': ' ', 'version': '::docker'}]&quot;,
    &quot;c8y_SoftwareUpdate&quot;: [
        {
            &quot;name&quot;: &quot;apple&quot;,
            &quot;action&quot;: &quot;delete&quot;,
            &quot;id&quot;: &quot;5495053&quot;,
            &quot;version&quot;: &quot;::fruits&quot;,
            &quot;url&quot;: &quot; &quot;
        },
        {
            &quot;name&quot;: &quot;banana&quot;,
            &quot;action&quot;: &quot;delete&quot;,
            &quot;id&quot;: &quot;5494888&quot;,
            &quot;version&quot;: &quot;::fruits&quot;,
            &quot;url&quot;: &quot; &quot;
        },
        {
            &quot;name&quot;: &quot;asciijump&quot;,
            &quot;action&quot;: &quot;delete&quot;,
            &quot;id&quot;: &quot;5475369&quot;,
            &quot;version&quot;: &quot;::apt&quot;,
            &quot;url&quot;: &quot; &quot;
        },
        {
            &quot;name&quot;: &quot;cherry&quot;,
            &quot;action&quot;: &quot;delete&quot;,
            &quot;id&quot;: &quot;5495382&quot;,
            &quot;version&quot;: &quot;::fruits&quot;,
            &quot;url&quot;: &quot; &quot;
        },
        {
            &quot;name&quot;: &quot;registry&quot;,
            &quot;action&quot;: &quot;delete&quot;,
            &quot;id&quot;: &quot;8018911&quot;,
            &quot;version&quot;: &quot;::docker&quot;,
            &quot;url&quot;: &quot; &quot;
        }
    ]
}
00:08:44 INFO  Started operation: {'creationTime': '2022-07-22T00:08:44.192Z', 'deviceId': '21166555', 'deviceName': 'm32sd10d', 'self': 'https://t493319102.eu-latest.cumulocity.com/devicecontrol/operations/21210854', 'id': '21210854', 'status': 'PENDING', 'description': &quot;Apply software changes, triggered from PySys: [{'action': 'delete', 'id': '5495053', 'name': 'apple', 'url': ' ', 'version': '::fruits'}, {'action': 'delete', 'id': '5494888', 'name': 'banana', 'url': ' ', 'version': '::fruits'}, {'action': 'delete', 'id': '5475369', 'name': 'asciijump', 'url': ' ', 'version': '::apt'}, {'action': 'delete', 'id': '5495382', 'name': 'cherry', 'url': ' ', 'version': '::fruits'}, {'action': 'delete', 'id': '8018911', 'name': 'registry', 'url': ' ', 'version': '::docker'}]&quot;, 'c8y_SoftwareUpdate': [{'name': 'apple', 'action': 'delete', 'id': '5495053', 'version': '::fruits', 'url': ' '}, {'name': 'banana', 'action': 'delete', 'id': '5494888', 'version': '::fruits', 'url': ' '}, {'name': 'asciijump', 'action': 'delete', 'id': '5475369', 'version': '::apt', 'url': ' '}, {'name': 'cherry', 'action': 'delete', 'id': '5495382', 'version': '::fruits', 'url': ' '}, {'name': 'registry', 'action': 'delete', 'id': '8018911', 'version': '::docker', 'url': ' '}]}
00:08:46 INFO  State of operation 21210854 : PENDING
00:08:48 INFO  State of operation 21210854 : EXECUTING
00:08:50 INFO  State of operation 21210854 : EXECUTING
00:08:53 INFO  State of operation 21210854 : EXECUTING
00:08:55 INFO  State of operation 21210854 : EXECUTING
00:08:57 INFO  State of operation 21210854 : EXECUTING
00:09:00 INFO  State of operation 21210854 : EXECUTING
00:09:03 INFO  State of operation 21210854 : EXECUTING
00:09:06 INFO  State of operation 21210854 : EXECUTING
00:09:08 INFO  State of operation 21210854 : EXECUTING
00:09:10 INFO  State of operation 21210854 : EXECUTING
00:09:12 INFO  State of operation 21210854 : EXECUTING
00:09:14 INFO  State of operation 21210854 : EXECUTING
00:09:17 INFO  State of operation 21210854 : EXECUTING
00:09:19 INFO  State of operation 21210854 : EXECUTING
00:09:21 INFO  State of operation 21210854 : EXECUTING
00:09:24 INFO  State of operation 21210854 : EXECUTING
00:09:26 INFO  State of operation 21210854 : EXECUTING
00:09:29 INFO  State of operation 21210854 : EXECUTING
00:09:31 INFO  State of operation 21210854 : EXECUTING
00:09:33 INFO  State of operation 21210854 : EXECUTING
00:09:36 INFO  State of operation 21210854 : EXECUTING
00:09:38 INFO  State of operation 21210854 : EXECUTING
00:09:41 INFO  State of operation 21210854 : EXECUTING
00:09:43 INFO  State of operation 21210854 : EXECUTING
00:09:45 INFO  State of operation 21210854 : EXECUTING
00:09:47 INFO  State of operation 21210854 : EXECUTING
00:09:50 INFO  State of operation 21210854 : EXECUTING
00:09:52 INFO  State of operation 21210854 : EXECUTING
00:09:54 INFO  State of operation 21210854 : EXECUTING
00:09:57 INFO  State of operation 21210854 : SUCCESSFUL
00:09:57 INFO  Package apple is installed
00:09:57 INFO  Assert that (True == value) with value=True ... passed
00:09:57 INFO  Package banana is installed
00:09:57 INFO  Assert that (True == value) with value=True ... passed
00:09:57 INFO  Package cherry is installed
00:09:57 INFO  Assert that (True == value) with value=True ... passed
00:09:57 INFO  Assert that (False == value) with value=False ... passed
00:09:58 INFO  Assert that (False == value) with value=False ... passed
00:09:58 INFO  
00:09:58 INFO  cleanup:
00:10:02 INFO  Executed sudo&lt;tedge_disconnect_c8y&gt;, exit status 0
00:10:03 INFO  Executed systemctl&lt;serv_mapper5&gt;, exit status 3
00:10:03 INFO  
00:10:03 INFO  Test duration: 169.55 secs
00:10:03 INFO  Test final outcome:  FAILED
00:10:03 INFO  Test outcome reason: Assert that (False == value) with value=True
00:10:03 INFO  
</system-out>
	</testcase>
</testsuite>
