<?xml version="1.0" encoding="utf-8"?>
<testsuite failures="1" name="SoftwareManagement.sm_mixed_install_remove_multiple" skipped="0" tests="1" time="164.25" timestamp="2022-07-21T14:43:01">
	<testcase classname="PySysTest" name="SoftwareManagement.sm_mixed_install_remove_multiple">
		<failure message="FAILED: Assert that (False == value) with value=True" type="FAILED"/>
		<system-out>14:40:17 INFO  ==============================================================
14:40:17 INFO  Id:    SoftwareManagement.sm_mixed_install_remove_multiple
14:40:17 INFO  Dir:   software_management_end_to_end/
14:40:17 INFO  Title: Validate end to end behaviour for the dummy-plugin for multiple packages with mixed versions
14:40:17 INFO  ==============================================================
14:40:17 INFO  Using sw id database: {'asciijump': '5475369', 'robotfindskitten': '5474869', 'squirrel3': '5475279', 'rolldice': '5152439', 'moon-buggy': '5439204', 'apple': '5495053', 'banana': '5494888', 'cherry': '5495382', 'watermelon': '5494510', 'registry': '8018911', 'hello-world': '8021526', 'docker/getting-started': '8021973', 'alpine': '7991792'}
14:40:17 INFO  EnvironmentC8y Setup
14:40:17 INFO  Executed systemctl&lt;serv_mapper1&gt;, exit status 3
14:40:17 INFO  Restarting mosquitto too frequently in the last 10 seconds. It was only up for 4 seconds
14:40:17 INFO  Delaying execution by 7 seconds
14:40:39 INFO  Executed sudo&lt;tedge_connect_c8y&gt;, exit status 0, duration 14 secs
14:40:39 INFO  Executed sudo&lt;tedge_connect_c8y_test&gt;, exit status 0
14:40:40 INFO  Executed systemctl&lt;serv_mosq2&gt;, exit status 0
14:40:40 INFO  Executed systemctl&lt;serv_mapper3&gt;, exit status 0
14:40:42 INFO  State of current operation: SUCCESSFUL
14:40:43 INFO  Package apple is installed
14:40:43 INFO  Assert that (True == value) with value=True ... passed
14:40:43 INFO  Package banana is installed
14:40:43 INFO  Assert that (True == value) with value=True ... passed
14:40:43 INFO  Package cherry is installed
14:40:43 INFO  Assert that (True == value) with value=True ... passed
14:40:43 INFO  Package asciijump is installed
14:40:43 WARN  Assert that (False == value) with value=True ... failed 
14:40:44 INFO  Assert that (False == value) with value=False ... passed
14:40:44 INFO  Response status: 201
14:40:44 INFO  Response to action: {
    &quot;delivery&quot;: {
        &quot;log&quot;: [],
        &quot;time&quot;: &quot;2022-07-21T14:40:44.269Z&quot;,
        &quot;status&quot;: &quot;PENDING&quot;
    },
    &quot;creationTime&quot;: &quot;2022-07-21T14:40:44.254Z&quot;,
    &quot;deviceId&quot;: &quot;21121273&quot;,
    &quot;deviceName&quot;: &quot;m32sd10d&quot;,
    &quot;self&quot;: &quot;https://t493319102.eu-latest.cumulocity.com/devicecontrol/operations/21144137&quot;,
    &quot;id&quot;: &quot;21144137&quot;,
    &quot;status&quot;: &quot;PENDING&quot;,
    &quot;description&quot;: &quot;Apply software changes, triggered from PySys: [{'action': 'install', 'id': '5495053', 'name': 'apple', 'url': ' ', 'version': '::fruits'}, {'action': 'install', 'id': '5494888', 'name': 'banana', 'url': ' ', 'version': '::fruits'}, {'action': 'install', 'id': '5475369', 'name': 'asciijump', 'url': ' ', 'version': '::apt'}, {'action': 'install', 'id': '5495382', 'name': 'cherry', 'url': ' ', 'version': '::fruits'}, {'action': 'install', 'id': '8018911', 'name': 'registry', 'url': ' ', 'version': '::docker'}]&quot;,
    &quot;c8y_SoftwareUpdate&quot;: [
        {
            &quot;name&quot;: &quot;apple&quot;,
            &quot;action&quot;: &quot;install&quot;,
            &quot;id&quot;: &quot;5495053&quot;,
            &quot;version&quot;: &quot;::fruits&quot;,
            &quot;url&quot;: &quot; &quot;
        },
        {
            &quot;name&quot;: &quot;banana&quot;,
            &quot;action&quot;: &quot;install&quot;,
            &quot;id&quot;: &quot;5494888&quot;,
            &quot;version&quot;: &quot;::fruits&quot;,
            &quot;url&quot;: &quot; &quot;
        },
        {
            &quot;name&quot;: &quot;asciijump&quot;,
            &quot;action&quot;: &quot;install&quot;,
            &quot;id&quot;: &quot;5475369&quot;,
            &quot;version&quot;: &quot;::apt&quot;,
            &quot;url&quot;: &quot; &quot;
        },
        {
            &quot;name&quot;: &quot;cherry&quot;,
            &quot;action&quot;: &quot;install&quot;,
            &quot;id&quot;: &quot;5495382&quot;,
            &quot;version&quot;: &quot;::fruits&quot;,
            &quot;url&quot;: &quot; &quot;
        },
        {
            &quot;name&quot;: &quot;registry&quot;,
            &quot;action&quot;: &quot;install&quot;,
            &quot;id&quot;: &quot;8018911&quot;,
            &quot;version&quot;: &quot;::docker&quot;,
            &quot;url&quot;: &quot; &quot;
        }
    ]
}
14:40:44 INFO  Started operation: {'delivery': {'log': [], 'time': '2022-07-21T14:40:44.269Z', 'status': 'PENDING'}, 'creationTime': '2022-07-21T14:40:44.254Z', 'deviceId': '21121273', 'deviceName': 'm32sd10d', 'self': 'https://t493319102.eu-latest.cumulocity.com/devicecontrol/operations/21144137', 'id': '21144137', 'status': 'PENDING', 'description': &quot;Apply software changes, triggered from PySys: [{'action': 'install', 'id': '5495053', 'name': 'apple', 'url': ' ', 'version': '::fruits'}, {'action': 'install', 'id': '5494888', 'name': 'banana', 'url': ' ', 'version': '::fruits'}, {'action': 'install', 'id': '5475369', 'name': 'asciijump', 'url': ' ', 'version': '::apt'}, {'action': 'install', 'id': '5495382', 'name': 'cherry', 'url': ' ', 'version': '::fruits'}, {'action': 'install', 'id': '8018911', 'name': 'registry', 'url': ' ', 'version': '::docker'}]&quot;, 'c8y_SoftwareUpdate': [{'name': 'apple', 'action': 'install', 'id': '5495053', 'version': '::fruits', 'url': ' '}, {'name': 'banana', 'action': 'install', 'id': '5494888', 'version': '::fruits', 'url': ' '}, {'name': 'asciijump', 'action': 'install', 'id': '5475369', 'version': '::apt', 'url': ' '}, {'name': 'cherry', 'action': 'install', 'id': '5495382', 'version': '::fruits', 'url': ' '}, {'name': 'registry', 'action': 'install', 'id': '8018911', 'version': '::docker', 'url': ' '}]}
14:40:46 INFO  State of operation 21144137 : PENDING
14:40:48 INFO  State of operation 21144137 : EXECUTING
14:40:50 INFO  State of operation 21144137 : EXECUTING
14:40:53 INFO  State of operation 21144137 : EXECUTING
14:40:55 INFO  State of operation 21144137 : EXECUTING
14:40:57 INFO  State of operation 21144137 : EXECUTING
14:41:00 INFO  State of operation 21144137 : EXECUTING
14:41:03 INFO  State of operation 21144137 : EXECUTING
14:41:05 INFO  State of operation 21144137 : EXECUTING
14:41:08 INFO  State of operation 21144137 : EXECUTING
14:41:10 INFO  State of operation 21144137 : EXECUTING
14:41:12 INFO  State of operation 21144137 : EXECUTING
14:41:14 INFO  State of operation 21144137 : EXECUTING
14:41:16 INFO  State of operation 21144137 : EXECUTING
14:41:19 INFO  State of operation 21144137 : EXECUTING
14:41:21 INFO  State of operation 21144137 : EXECUTING
14:41:23 INFO  State of operation 21144137 : EXECUTING
14:41:25 INFO  State of operation 21144137 : EXECUTING
14:41:28 INFO  State of operation 21144137 : EXECUTING
14:41:30 INFO  State of operation 21144137 : EXECUTING
14:41:32 INFO  State of operation 21144137 : EXECUTING
14:41:35 INFO  State of operation 21144137 : EXECUTING
14:41:37 INFO  State of operation 21144137 : EXECUTING
14:41:39 INFO  State of operation 21144137 : EXECUTING
14:41:41 INFO  State of operation 21144137 : EXECUTING
14:41:44 INFO  State of operation 21144137 : SUCCESSFUL
14:41:44 INFO  Package apple is installed
14:41:44 INFO  Assert that (True == value) with value=True ... passed
14:41:44 INFO  Package banana is installed
14:41:44 INFO  Assert that (True == value) with value=True ... passed
14:41:44 INFO  Package cherry is installed
14:41:44 INFO  Assert that (True == value) with value=True ... passed
14:41:45 INFO  Package asciijump is installed
14:41:45 INFO  Assert that (True == value) with value=True ... passed
14:41:45 INFO  Package registry is installed
14:41:45 INFO  Assert that (True == value) with value=True ... passed
14:41:45 INFO  Response status: 201
14:41:45 INFO  Response to action: {
    &quot;delivery&quot;: {
        &quot;log&quot;: [],
        &quot;time&quot;: &quot;2022-07-21T14:41:45.798Z&quot;,
        &quot;status&quot;: &quot;PENDING&quot;
    },
    &quot;creationTime&quot;: &quot;2022-07-21T14:41:45.783Z&quot;,
    &quot;deviceId&quot;: &quot;21121273&quot;,
    &quot;deviceName&quot;: &quot;m32sd10d&quot;,
    &quot;self&quot;: &quot;https://t493319102.eu-latest.cumulocity.com/devicecontrol/operations/21144149&quot;,
    &quot;id&quot;: &quot;21144149&quot;,
    &quot;status&quot;: &quot;PENDING&quot;,
    &quot;description&quot;: &quot;Apply software changes, triggered from PySys: [{'action': 'delete', 'id': '5495053', 'name': 'apple', 'url': ' ', 'version': '::fruits'}, {'action': 'delete', 'id': '5494888', 'name': 'banana', 'url': ' ', 'version': '::fruits'}, {'action': 'delete', 'id': '5475369', 'name': 'asciijump', 'url': ' ', 'version': '::apt'}, {'action': 'delete', 'id': '5495382', 'name': 'cherry', 'url': ' ', 'version': '::fruits'}, {'action': 'delete', 'id': '8018911', 'name': 'registry', 'url': ' ', 'version': '::docker'}]&quot;,
    &quot;c8y_SoftwareUpdate&quot;: [
        {
            &quot;name&quot;: &quot;apple&quot;,
            &quot;action&quot;: &quot;delete&quot;,
            &quot;id&quot;: &quot;5495053&quot;,
            &quot;version&quot;: &quot;::fruits&quot;,
            &quot;url&quot;: &quot; &quot;
        },
        {
            &quot;name&quot;: &quot;banana&quot;,
            &quot;action&quot;: &quot;delete&quot;,
            &quot;id&quot;: &quot;5494888&quot;,
            &quot;version&quot;: &quot;::fruits&quot;,
            &quot;url&quot;: &quot; &quot;
        },
        {
            &quot;name&quot;: &quot;asciijump&quot;,
            &quot;action&quot;: &quot;delete&quot;,
            &quot;id&quot;: &quot;5475369&quot;,
            &quot;version&quot;: &quot;::apt&quot;,
            &quot;url&quot;: &quot; &quot;
        },
        {
            &quot;name&quot;: &quot;cherry&quot;,
            &quot;action&quot;: &quot;delete&quot;,
            &quot;id&quot;: &quot;5495382&quot;,
            &quot;version&quot;: &quot;::fruits&quot;,
            &quot;url&quot;: &quot; &quot;
        },
        {
            &quot;name&quot;: &quot;registry&quot;,
            &quot;action&quot;: &quot;delete&quot;,
            &quot;id&quot;: &quot;8018911&quot;,
            &quot;version&quot;: &quot;::docker&quot;,
            &quot;url&quot;: &quot; &quot;
        }
    ]
}
14:41:45 INFO  Started operation: {'delivery': {'log': [], 'time': '2022-07-21T14:41:45.798Z', 'status': 'PENDING'}, 'creationTime': '2022-07-21T14:41:45.783Z', 'deviceId': '21121273', 'deviceName': 'm32sd10d', 'self': 'https://t493319102.eu-latest.cumulocity.com/devicecontrol/operations/21144149', 'id': '21144149', 'status': 'PENDING', 'description': &quot;Apply software changes, triggered from PySys: [{'action': 'delete', 'id': '5495053', 'name': 'apple', 'url': ' ', 'version': '::fruits'}, {'action': 'delete', 'id': '5494888', 'name': 'banana', 'url': ' ', 'version': '::fruits'}, {'action': 'delete', 'id': '5475369', 'name': 'asciijump', 'url': ' ', 'version': '::apt'}, {'action': 'delete', 'id': '5495382', 'name': 'cherry', 'url': ' ', 'version': '::fruits'}, {'action': 'delete', 'id': '8018911', 'name': 'registry', 'url': ' ', 'version': '::docker'}]&quot;, 'c8y_SoftwareUpdate': [{'name': 'apple', 'action': 'delete', 'id': '5495053', 'version': '::fruits', 'url': ' '}, {'name': 'banana', 'action': 'delete', 'id': '5494888', 'version': '::fruits', 'url': ' '}, {'name': 'asciijump', 'action': 'delete', 'id': '5475369', 'version': '::apt', 'url': ' '}, {'name': 'cherry', 'action': 'delete', 'id': '5495382', 'version': '::fruits', 'url': ' '}, {'name': 'registry', 'action': 'delete', 'id': '8018911', 'version': '::docker', 'url': ' '}]}
14:41:48 INFO  State of operation 21144149 : PENDING
14:41:50 INFO  State of operation 21144149 : EXECUTING
14:41:52 INFO  State of operation 21144149 : EXECUTING
14:41:54 INFO  State of operation 21144149 : EXECUTING
14:41:56 INFO  State of operation 21144149 : EXECUTING
14:41:59 INFO  State of operation 21144149 : EXECUTING
14:42:01 INFO  State of operation 21144149 : EXECUTING
14:42:04 INFO  State of operation 21144149 : EXECUTING
14:42:06 INFO  State of operation 21144149 : EXECUTING
14:42:09 INFO  State of operation 21144149 : EXECUTING
14:42:11 INFO  State of operation 21144149 : EXECUTING
14:42:13 INFO  State of operation 21144149 : EXECUTING
14:42:16 INFO  State of operation 21144149 : EXECUTING
14:42:18 INFO  State of operation 21144149 : EXECUTING
14:42:20 INFO  State of operation 21144149 : EXECUTING
14:42:22 INFO  State of operation 21144149 : EXECUTING
14:42:25 INFO  State of operation 21144149 : EXECUTING
14:42:28 INFO  State of operation 21144149 : EXECUTING
14:42:30 INFO  State of operation 21144149 : EXECUTING
14:42:32 INFO  State of operation 21144149 : EXECUTING
14:42:34 INFO  State of operation 21144149 : EXECUTING
14:42:37 INFO  State of operation 21144149 : EXECUTING
14:42:39 INFO  State of operation 21144149 : EXECUTING
14:42:42 INFO  State of operation 21144149 : EXECUTING
14:42:44 INFO  State of operation 21144149 : EXECUTING
14:42:46 INFO  State of operation 21144149 : EXECUTING
14:42:48 INFO  State of operation 21144149 : EXECUTING
14:42:51 INFO  State of operation 21144149 : EXECUTING
14:42:53 INFO  State of operation 21144149 : EXECUTING
14:42:55 INFO  State of operation 21144149 : SUCCESSFUL
14:42:55 INFO  Package apple is installed
14:42:55 INFO  Assert that (True == value) with value=True ... passed
14:42:56 INFO  Package banana is installed
14:42:56 INFO  Assert that (True == value) with value=True ... passed
14:42:56 INFO  Package cherry is installed
14:42:56 INFO  Assert that (True == value) with value=True ... passed
14:42:56 INFO  Assert that (False == value) with value=False ... passed
14:42:56 INFO  Assert that (False == value) with value=False ... passed
14:42:56 INFO  
14:42:56 INFO  cleanup:
14:43:00 INFO  Executed sudo&lt;tedge_disconnect_c8y&gt;, exit status 0
14:43:01 INFO  Executed systemctl&lt;serv_mapper5&gt;, exit status 3
14:43:01 INFO  
14:43:01 INFO  Test duration: 164.25 secs
14:43:01 INFO  Test final outcome:  FAILED
14:43:01 INFO  Test outcome reason: Assert that (False == value) with value=True
14:43:01 INFO  
</system-out>
	</testcase>
</testsuite>
