<?xml version="1.0" encoding="utf-8"?>
<testsuite failures="1" name="SoftwareManagement.sm_mixed_install_remove_multiple" skipped="0" tests="1" time="165.32" timestamp="2022-05-20T10:57:49">
	<testcase classname="PySysTest" name="SoftwareManagement.sm_mixed_install_remove_multiple">
		<failure message="FAILED: Assert that (False == value) with value=True" type="FAILED"/>
		<system-out>10:55:04 INFO  ==============================================================
10:55:04 INFO  Id:    SoftwareManagement.sm_mixed_install_remove_multiple
10:55:04 INFO  Dir:   software_management_end_to_end/
10:55:04 INFO  Title: Validate end to end behaviour for the dummy-plugin for multiple packages with mixed versions
10:55:04 INFO  ==============================================================
10:55:04 INFO  Using sw id database: {'asciijump': '5475369', 'robotfindskitten': '5474869', 'squirrel3': '5475279', 'rolldice': '5152439', 'moon-buggy': '5439204', 'apple': '5495053', 'banana': '5494888', 'cherry': '5495382', 'watermelon': '5494510', 'registry': '8018911', 'hello-world': '8021526', 'docker/getting-started': '8021973', 'alpine': '7991792'}
10:55:04 INFO  EnvironmentC8y Setup
10:55:04 INFO  Executed systemctl&lt;serv_mapper1&gt;, exit status 3
10:55:05 INFO  Restarting mosquitto too frequently in the last 10 seconds. It was only up for 4 seconds
10:55:05 INFO  Delaying execution by 7 seconds
10:55:26 INFO  Executed sudo&lt;tedge_connect_c8y&gt;, exit status 0, duration 14 secs
10:55:26 INFO  Executed sudo&lt;tedge_connect_c8y_test&gt;, exit status 0
10:55:27 INFO  Executed systemctl&lt;serv_mosq2&gt;, exit status 0
10:55:27 INFO  Executed systemctl&lt;serv_mapper3&gt;, exit status 0
10:55:30 INFO  State of current operation: SUCCESSFUL
10:55:30 INFO  Package apple is installed
10:55:30 INFO  Assert that (True == value) with value=True ... passed
10:55:30 INFO  Package banana is installed
10:55:30 INFO  Assert that (True == value) with value=True ... passed
10:55:30 INFO  Package cherry is installed
10:55:30 INFO  Assert that (True == value) with value=True ... passed
10:55:31 INFO  Package asciijump is installed
10:55:31 WARN  Assert that (False == value) with value=True ... failed 
10:55:31 INFO  Assert that (False == value) with value=False ... passed
10:55:31 INFO  Response status: 201
10:55:31 INFO  Response to action: {
    &quot;creationTime&quot;: &quot;2022-05-20T10:55:31.595Z&quot;,
    &quot;deviceId&quot;: &quot;19314048&quot;,
    &quot;deviceName&quot;: &quot;m32sd10d&quot;,
    &quot;self&quot;: &quot;https://t493319102.eu-latest.cumulocity.com/devicecontrol/operations/19394809&quot;,
    &quot;id&quot;: &quot;19394809&quot;,
    &quot;status&quot;: &quot;PENDING&quot;,
    &quot;description&quot;: &quot;Apply software changes, triggered from PySys: [{'action': 'install', 'id': '5495053', 'name': 'apple', 'url': ' ', 'version': '::fruits'}, {'action': 'install', 'id': '5494888', 'name': 'banana', 'url': ' ', 'version': '::fruits'}, {'action': 'install', 'id': '5475369', 'name': 'asciijump', 'url': ' ', 'version': '::apt'}, {'action': 'install', 'id': '5495382', 'name': 'cherry', 'url': ' ', 'version': '::fruits'}, {'action': 'install', 'id': '8018911', 'name': 'registry', 'url': ' ', 'version': '::docker'}]&quot;,
    &quot;c8y_SoftwareUpdate&quot;: [
        {
            &quot;name&quot;: &quot;apple&quot;,
            &quot;action&quot;: &quot;install&quot;,
            &quot;id&quot;: &quot;5495053&quot;,
            &quot;version&quot;: &quot;::fruits&quot;,
            &quot;url&quot;: &quot; &quot;
        },
        {
            &quot;name&quot;: &quot;banana&quot;,
            &quot;action&quot;: &quot;install&quot;,
            &quot;id&quot;: &quot;5494888&quot;,
            &quot;version&quot;: &quot;::fruits&quot;,
            &quot;url&quot;: &quot; &quot;
        },
        {
            &quot;name&quot;: &quot;asciijump&quot;,
            &quot;action&quot;: &quot;install&quot;,
            &quot;id&quot;: &quot;5475369&quot;,
            &quot;version&quot;: &quot;::apt&quot;,
            &quot;url&quot;: &quot; &quot;
        },
        {
            &quot;name&quot;: &quot;cherry&quot;,
            &quot;action&quot;: &quot;install&quot;,
            &quot;id&quot;: &quot;5495382&quot;,
            &quot;version&quot;: &quot;::fruits&quot;,
            &quot;url&quot;: &quot; &quot;
        },
        {
            &quot;name&quot;: &quot;registry&quot;,
            &quot;action&quot;: &quot;install&quot;,
            &quot;id&quot;: &quot;8018911&quot;,
            &quot;version&quot;: &quot;::docker&quot;,
            &quot;url&quot;: &quot; &quot;
        }
    ]
}
10:55:31 INFO  Started operation: {'creationTime': '2022-05-20T10:55:31.595Z', 'deviceId': '19314048', 'deviceName': 'm32sd10d', 'self': 'https://t493319102.eu-latest.cumulocity.com/devicecontrol/operations/19394809', 'id': '19394809', 'status': 'PENDING', 'description': &quot;Apply software changes, triggered from PySys: [{'action': 'install', 'id': '5495053', 'name': 'apple', 'url': ' ', 'version': '::fruits'}, {'action': 'install', 'id': '5494888', 'name': 'banana', 'url': ' ', 'version': '::fruits'}, {'action': 'install', 'id': '5475369', 'name': 'asciijump', 'url': ' ', 'version': '::apt'}, {'action': 'install', 'id': '5495382', 'name': 'cherry', 'url': ' ', 'version': '::fruits'}, {'action': 'install', 'id': '8018911', 'name': 'registry', 'url': ' ', 'version': '::docker'}]&quot;, 'c8y_SoftwareUpdate': [{'name': 'apple', 'action': 'install', 'id': '5495053', 'version': '::fruits', 'url': ' '}, {'name': 'banana', 'action': 'install', 'id': '5494888', 'version': '::fruits', 'url': ' '}, {'name': 'asciijump', 'action': 'install', 'id': '5475369', 'version': '::apt', 'url': ' '}, {'name': 'cherry', 'action': 'install', 'id': '5495382', 'version': '::fruits', 'url': ' '}, {'name': 'registry', 'action': 'install', 'id': '8018911', 'version': '::docker', 'url': ' '}]}
10:55:33 INFO  State of operation 19394809 : PENDING
10:55:36 INFO  State of operation 19394809 : EXECUTING
10:55:38 INFO  State of operation 19394809 : EXECUTING
10:55:40 INFO  State of operation 19394809 : EXECUTING
10:55:42 INFO  State of operation 19394809 : EXECUTING
10:55:45 INFO  State of operation 19394809 : EXECUTING
10:55:47 INFO  State of operation 19394809 : EXECUTING
10:55:50 INFO  State of operation 19394809 : EXECUTING
10:55:52 INFO  State of operation 19394809 : EXECUTING
10:55:55 INFO  State of operation 19394809 : EXECUTING
10:55:57 INFO  State of operation 19394809 : EXECUTING
10:55:59 INFO  State of operation 19394809 : EXECUTING
10:56:02 INFO  State of operation 19394809 : EXECUTING
10:56:04 INFO  State of operation 19394809 : EXECUTING
10:56:06 INFO  State of operation 19394809 : EXECUTING
10:56:08 INFO  State of operation 19394809 : EXECUTING
10:56:11 INFO  State of operation 19394809 : EXECUTING
10:56:13 INFO  State of operation 19394809 : EXECUTING
10:56:15 INFO  State of operation 19394809 : EXECUTING
10:56:17 INFO  State of operation 19394809 : EXECUTING
10:56:20 INFO  State of operation 19394809 : EXECUTING
10:56:22 INFO  State of operation 19394809 : EXECUTING
10:56:24 INFO  State of operation 19394809 : EXECUTING
10:56:27 INFO  State of operation 19394809 : EXECUTING
10:56:29 INFO  State of operation 19394809 : EXECUTING
10:56:31 INFO  State of operation 19394809 : SUCCESSFUL
10:56:31 INFO  Package apple is installed
10:56:31 INFO  Assert that (True == value) with value=True ... passed
10:56:32 INFO  Package banana is installed
10:56:32 INFO  Assert that (True == value) with value=True ... passed
10:56:32 INFO  Package cherry is installed
10:56:32 INFO  Assert that (True == value) with value=True ... passed
10:56:32 INFO  Package asciijump is installed
10:56:32 INFO  Assert that (True == value) with value=True ... passed
10:56:32 INFO  Package registry is installed
10:56:32 INFO  Assert that (True == value) with value=True ... passed
10:56:32 INFO  Response status: 201
10:56:32 INFO  Response to action: {
    &quot;creationTime&quot;: &quot;2022-05-20T10:56:32.942Z&quot;,
    &quot;deviceId&quot;: &quot;19314048&quot;,
    &quot;deviceName&quot;: &quot;m32sd10d&quot;,
    &quot;self&quot;: &quot;https://t493319102.eu-latest.cumulocity.com/devicecontrol/operations/19394833&quot;,
    &quot;id&quot;: &quot;19394833&quot;,
    &quot;status&quot;: &quot;PENDING&quot;,
    &quot;description&quot;: &quot;Apply software changes, triggered from PySys: [{'action': 'delete', 'id': '5495053', 'name': 'apple', 'url': ' ', 'version': '::fruits'}, {'action': 'delete', 'id': '5494888', 'name': 'banana', 'url': ' ', 'version': '::fruits'}, {'action': 'delete', 'id': '5475369', 'name': 'asciijump', 'url': ' ', 'version': '::apt'}, {'action': 'delete', 'id': '5495382', 'name': 'cherry', 'url': ' ', 'version': '::fruits'}, {'action': 'delete', 'id': '8018911', 'name': 'registry', 'url': ' ', 'version': '::docker'}]&quot;,
    &quot;c8y_SoftwareUpdate&quot;: [
        {
            &quot;name&quot;: &quot;apple&quot;,
            &quot;action&quot;: &quot;delete&quot;,
            &quot;id&quot;: &quot;5495053&quot;,
            &quot;version&quot;: &quot;::fruits&quot;,
            &quot;url&quot;: &quot; &quot;
        },
        {
            &quot;name&quot;: &quot;banana&quot;,
            &quot;action&quot;: &quot;delete&quot;,
            &quot;id&quot;: &quot;5494888&quot;,
            &quot;version&quot;: &quot;::fruits&quot;,
            &quot;url&quot;: &quot; &quot;
        },
        {
            &quot;name&quot;: &quot;asciijump&quot;,
            &quot;action&quot;: &quot;delete&quot;,
            &quot;id&quot;: &quot;5475369&quot;,
            &quot;version&quot;: &quot;::apt&quot;,
            &quot;url&quot;: &quot; &quot;
        },
        {
            &quot;name&quot;: &quot;cherry&quot;,
            &quot;action&quot;: &quot;delete&quot;,
            &quot;id&quot;: &quot;5495382&quot;,
            &quot;version&quot;: &quot;::fruits&quot;,
            &quot;url&quot;: &quot; &quot;
        },
        {
            &quot;name&quot;: &quot;registry&quot;,
            &quot;action&quot;: &quot;delete&quot;,
            &quot;id&quot;: &quot;8018911&quot;,
            &quot;version&quot;: &quot;::docker&quot;,
            &quot;url&quot;: &quot; &quot;
        }
    ]
}
10:56:32 INFO  Started operation: {'creationTime': '2022-05-20T10:56:32.942Z', 'deviceId': '19314048', 'deviceName': 'm32sd10d', 'self': 'https://t493319102.eu-latest.cumulocity.com/devicecontrol/operations/19394833', 'id': '19394833', 'status': 'PENDING', 'description': &quot;Apply software changes, triggered from PySys: [{'action': 'delete', 'id': '5495053', 'name': 'apple', 'url': ' ', 'version': '::fruits'}, {'action': 'delete', 'id': '5494888', 'name': 'banana', 'url': ' ', 'version': '::fruits'}, {'action': 'delete', 'id': '5475369', 'name': 'asciijump', 'url': ' ', 'version': '::apt'}, {'action': 'delete', 'id': '5495382', 'name': 'cherry', 'url': ' ', 'version': '::fruits'}, {'action': 'delete', 'id': '8018911', 'name': 'registry', 'url': ' ', 'version': '::docker'}]&quot;, 'c8y_SoftwareUpdate': [{'name': 'apple', 'action': 'delete', 'id': '5495053', 'version': '::fruits', 'url': ' '}, {'name': 'banana', 'action': 'delete', 'id': '5494888', 'version': '::fruits', 'url': ' '}, {'name': 'asciijump', 'action': 'delete', 'id': '5475369', 'version': '::apt', 'url': ' '}, {'name': 'cherry', 'action': 'delete', 'id': '5495382', 'version': '::fruits', 'url': ' '}, {'name': 'registry', 'action': 'delete', 'id': '8018911', 'version': '::docker', 'url': ' '}]}
10:56:35 INFO  State of operation 19394833 : PENDING
10:56:37 INFO  State of operation 19394833 : EXECUTING
10:56:39 INFO  State of operation 19394833 : EXECUTING
10:56:42 INFO  State of operation 19394833 : EXECUTING
10:56:44 INFO  State of operation 19394833 : EXECUTING
10:56:46 INFO  State of operation 19394833 : EXECUTING
10:56:49 INFO  State of operation 19394833 : EXECUTING
10:56:51 INFO  State of operation 19394833 : EXECUTING
10:56:54 INFO  State of operation 19394833 : EXECUTING
10:56:56 INFO  State of operation 19394833 : EXECUTING
10:56:58 INFO  State of operation 19394833 : EXECUTING
10:57:00 INFO  State of operation 19394833 : EXECUTING
10:57:03 INFO  State of operation 19394833 : EXECUTING
10:57:05 INFO  State of operation 19394833 : EXECUTING
10:57:07 INFO  State of operation 19394833 : EXECUTING
10:57:10 INFO  State of operation 19394833 : EXECUTING
10:57:13 INFO  State of operation 19394833 : EXECUTING
10:57:16 INFO  State of operation 19394833 : EXECUTING
10:57:18 INFO  State of operation 19394833 : EXECUTING
10:57:20 INFO  State of operation 19394833 : EXECUTING
10:57:22 INFO  State of operation 19394833 : EXECUTING
10:57:25 INFO  State of operation 19394833 : EXECUTING
10:57:27 INFO  State of operation 19394833 : EXECUTING
10:57:30 INFO  State of operation 19394833 : EXECUTING
10:57:32 INFO  State of operation 19394833 : EXECUTING
10:57:34 INFO  State of operation 19394833 : EXECUTING
10:57:37 INFO  State of operation 19394833 : EXECUTING
10:57:39 INFO  State of operation 19394833 : EXECUTING
10:57:41 INFO  State of operation 19394833 : EXECUTING
10:57:43 INFO  State of operation 19394833 : SUCCESSFUL
10:57:44 INFO  Package apple is installed
10:57:44 INFO  Assert that (True == value) with value=True ... passed
10:57:44 INFO  Package banana is installed
10:57:44 INFO  Assert that (True == value) with value=True ... passed
10:57:44 INFO  Package cherry is installed
10:57:44 INFO  Assert that (True == value) with value=True ... passed
10:57:44 INFO  Assert that (False == value) with value=False ... passed
10:57:45 INFO  Assert that (False == value) with value=False ... passed
10:57:45 INFO  
10:57:45 INFO  cleanup:
10:57:49 INFO  Executed sudo&lt;tedge_disconnect_c8y&gt;, exit status 0
10:57:49 INFO  Executed systemctl&lt;serv_mapper5&gt;, exit status 3
10:57:49 INFO  
10:57:49 INFO  Test duration: 165.32 secs
10:57:49 INFO  Test final outcome:  FAILED
10:57:49 INFO  Test outcome reason: Assert that (False == value) with value=True
10:57:49 INFO  
</system-out>
	</testcase>
</testsuite>
