<?xml version="1.0" encoding="utf-8"?>
<testsuite failures="1" name="SoftwareManagement.sm_apt_install_remove_multiple_mixed" skipped="0" tests="1" time="176.49" timestamp="2022-06-17T09:50:05">
	<testcase classname="PySysTest" name="SoftwareManagement.sm_apt_install_remove_multiple_mixed">
		<failure message="BLOCKED: SystemError: Timeout while waiting for status SUCCESSFUL or False (+1 other failures)" type="BLOCKED"/>
		<system-out>09:47:08 INFO  ==============================================================
09:47:08 INFO  Id:    SoftwareManagement.sm_apt_install_remove_multiple_mixed
09:47:08 INFO  Dir:   software_management_end_to_end/
09:47:08 INFO  Title: Validate end to end behaviour for the apt plugin for multiple packages with mixed versions
09:47:08 INFO  ==============================================================
09:47:08 INFO  Using sw id database: {'asciijump': '5475369', 'robotfindskitten': '5474869', 'squirrel3': '5475279', 'rolldice': '5152439', 'moon-buggy': '5439204', 'apple': '5495053', 'banana': '5494888', 'cherry': '5495382', 'watermelon': '5494510', 'registry': '8018911', 'hello-world': '8021526', 'docker/getting-started': '8021973', 'alpine': '7991792'}
09:47:08 INFO  EnvironmentC8y Setup
09:47:09 INFO  Executed systemctl&lt;serv_mapper1&gt;, exit status 3
09:47:09 INFO  Restarting mosquitto too frequently in the last 10 seconds. It was only up for 5 seconds
09:47:09 INFO  Delaying execution by 6 seconds
09:47:29 INFO  Executed sudo&lt;tedge_connect_c8y&gt;, exit status 0, duration 13 secs
09:47:29 INFO  Executed sudo&lt;tedge_connect_c8y_test&gt;, exit status 0
09:47:30 INFO  Executed systemctl&lt;serv_mosq2&gt;, exit status 0
09:47:30 INFO  Executed systemctl&lt;serv_mapper3&gt;, exit status 0
09:47:33 INFO  State of current operation: SUCCESSFUL
09:47:33 INFO  Assert that (False == value) with value=False ... passed
09:47:33 INFO  Assert that (False == value) with value=False ... passed
09:47:33 INFO  Assert that (False == value) with value=False ... passed
09:47:33 INFO  Assert that (False == value) with value=False ... passed
09:47:34 INFO  Package moon-buggy is installed
09:47:34 WARN  Assert that (False == value) with value=True ... failed 
09:47:35 INFO  Response status: 201
09:47:35 INFO  Response to action: {
    &quot;creationTime&quot;: &quot;2022-06-17T09:47:35.457Z&quot;,
    &quot;deviceName&quot;: &quot;m32sd10d&quot;,
    &quot;deviceId&quot;: &quot;20259762&quot;,
    &quot;self&quot;: &quot;https://t493319102.eu-latest.cumulocity.com/devicecontrol/operations/20282607&quot;,
    &quot;id&quot;: &quot;20282607&quot;,
    &quot;status&quot;: &quot;PENDING&quot;,
    &quot;description&quot;: &quot;Apply software changes, triggered from PySys: [{'action': 'install', 'id': '5475369', 'name': 'asciijump', 'url': ' ', 'version': '::apt'}, {'action': 'install', 'id': '5474869', 'name': 'robotfindskitten', 'url': ' ', 'version': ' '}, {'action': 'install', 'id': '5475279', 'name': 'squirrel3', 'url': ' ', 'version': '3.1-7::apt'}, {'action': 'install', 'id': '5152439', 'name': 'rolldice', 'url': ' ', 'version': '1.16-1+b1'}, {'action': 'install', 'id': '5439204', 'name': 'moon-buggy', 'url': ' ', 'version': '1:1.0.51-12'}, {'action': 'install', 'id': '5475369', 'name': 'asciijump', 'url': ' ', 'version': '::apt'}]&quot;,
    &quot;c8y_SoftwareUpdate&quot;: [
        {
            &quot;name&quot;: &quot;asciijump&quot;,
            &quot;action&quot;: &quot;install&quot;,
            &quot;id&quot;: &quot;5475369&quot;,
            &quot;version&quot;: &quot;::apt&quot;,
            &quot;url&quot;: &quot; &quot;
        },
        {
            &quot;name&quot;: &quot;robotfindskitten&quot;,
            &quot;action&quot;: &quot;install&quot;,
            &quot;id&quot;: &quot;5474869&quot;,
            &quot;version&quot;: &quot; &quot;,
            &quot;url&quot;: &quot; &quot;
        },
        {
            &quot;name&quot;: &quot;squirrel3&quot;,
            &quot;action&quot;: &quot;install&quot;,
            &quot;id&quot;: &quot;5475279&quot;,
            &quot;version&quot;: &quot;3.1-7::apt&quot;,
            &quot;url&quot;: &quot; &quot;
        },
        {
            &quot;name&quot;: &quot;rolldice&quot;,
            &quot;action&quot;: &quot;install&quot;,
            &quot;id&quot;: &quot;5152439&quot;,
            &quot;version&quot;: &quot;1.16-1+b1&quot;,
            &quot;url&quot;: &quot; &quot;
        },
        {
            &quot;name&quot;: &quot;moon-buggy&quot;,
            &quot;action&quot;: &quot;install&quot;,
            &quot;id&quot;: &quot;5439204&quot;,
            &quot;version&quot;: &quot;1:1.0.51-12&quot;,
            &quot;url&quot;: &quot; &quot;
        },
        {
            &quot;name&quot;: &quot;asciijump&quot;,
            &quot;action&quot;: &quot;install&quot;,
            &quot;id&quot;: &quot;5475369&quot;,
            &quot;version&quot;: &quot;::apt&quot;,
            &quot;url&quot;: &quot; &quot;
        }
    ]
}
09:47:35 INFO  Started operation: {'creationTime': '2022-06-17T09:47:35.457Z', 'deviceName': 'm32sd10d', 'deviceId': '20259762', 'self': 'https://t493319102.eu-latest.cumulocity.com/devicecontrol/operations/20282607', 'id': '20282607', 'status': 'PENDING', 'description': &quot;Apply software changes, triggered from PySys: [{'action': 'install', 'id': '5475369', 'name': 'asciijump', 'url': ' ', 'version': '::apt'}, {'action': 'install', 'id': '5474869', 'name': 'robotfindskitten', 'url': ' ', 'version': ' '}, {'action': 'install', 'id': '5475279', 'name': 'squirrel3', 'url': ' ', 'version': '3.1-7::apt'}, {'action': 'install', 'id': '5152439', 'name': 'rolldice', 'url': ' ', 'version': '1.16-1+b1'}, {'action': 'install', 'id': '5439204', 'name': 'moon-buggy', 'url': ' ', 'version': '1:1.0.51-12'}, {'action': 'install', 'id': '5475369', 'name': 'asciijump', 'url': ' ', 'version': '::apt'}]&quot;, 'c8y_SoftwareUpdate': [{'name': 'asciijump', 'action': 'install', 'id': '5475369', 'version': '::apt', 'url': ' '}, {'name': 'robotfindskitten', 'action': 'install', 'id': '5474869', 'version': ' ', 'url': ' '}, {'name': 'squirrel3', 'action': 'install', 'id': '5475279', 'version': '3.1-7::apt', 'url': ' '}, {'name': 'rolldice', 'action': 'install', 'id': '5152439', 'version': '1.16-1+b1', 'url': ' '}, {'name': 'moon-buggy', 'action': 'install', 'id': '5439204', 'version': '1:1.0.51-12', 'url': ' '}, {'name': 'asciijump', 'action': 'install', 'id': '5475369', 'version': '::apt', 'url': ' '}]}
09:47:37 INFO  State of operation 20282607 : PENDING
09:47:39 INFO  State of operation 20282607 : EXECUTING
09:47:42 INFO  State of operation 20282607 : EXECUTING
09:47:44 INFO  State of operation 20282607 : EXECUTING
09:47:46 INFO  State of operation 20282607 : EXECUTING
09:47:48 INFO  State of operation 20282607 : EXECUTING
09:47:51 INFO  State of operation 20282607 : EXECUTING
09:47:54 INFO  State of operation 20282607 : EXECUTING
09:47:56 INFO  State of operation 20282607 : EXECUTING
09:47:59 INFO  State of operation 20282607 : EXECUTING
09:48:01 INFO  State of operation 20282607 : EXECUTING
09:48:03 INFO  State of operation 20282607 : EXECUTING
09:48:06 INFO  State of operation 20282607 : EXECUTING
09:48:08 INFO  State of operation 20282607 : EXECUTING
09:48:10 INFO  State of operation 20282607 : EXECUTING
09:48:12 INFO  State of operation 20282607 : EXECUTING
09:48:15 INFO  State of operation 20282607 : EXECUTING
09:48:18 INFO  State of operation 20282607 : EXECUTING
09:48:20 INFO  State of operation 20282607 : EXECUTING
09:48:22 INFO  State of operation 20282607 : EXECUTING
09:48:24 INFO  State of operation 20282607 : EXECUTING
09:48:27 INFO  State of operation 20282607 : EXECUTING
09:48:29 INFO  State of operation 20282607 : EXECUTING
09:48:32 INFO  State of operation 20282607 : EXECUTING
09:48:34 INFO  State of operation 20282607 : EXECUTING
09:48:36 INFO  State of operation 20282607 : EXECUTING
09:48:38 INFO  State of operation 20282607 : EXECUTING
09:48:41 INFO  State of operation 20282607 : EXECUTING
09:48:43 INFO  State of operation 20282607 : EXECUTING
09:48:45 INFO  State of operation 20282607 : EXECUTING
09:48:48 INFO  State of operation 20282607 : EXECUTING
09:48:50 INFO  State of operation 20282607 : EXECUTING
09:48:52 INFO  State of operation 20282607 : EXECUTING
09:48:54 INFO  State of operation 20282607 : EXECUTING
09:48:56 INFO  State of operation 20282607 : EXECUTING
09:48:59 INFO  State of operation 20282607 : EXECUTING
09:49:01 INFO  State of operation 20282607 : EXECUTING
09:49:03 INFO  State of operation 20282607 : EXECUTING
09:49:06 INFO  State of operation 20282607 : EXECUTING
09:49:09 INFO  State of operation 20282607 : EXECUTING
09:49:11 INFO  State of operation 20282607 : EXECUTING
09:49:13 INFO  State of operation 20282607 : EXECUTING
09:49:15 INFO  State of operation 20282607 : EXECUTING
09:49:18 INFO  State of operation 20282607 : EXECUTING
09:49:20 INFO  State of operation 20282607 : EXECUTING
09:49:22 INFO  State of operation 20282607 : EXECUTING
09:49:24 INFO  State of operation 20282607 : EXECUTING
09:49:27 INFO  State of operation 20282607 : EXECUTING
09:49:30 INFO  State of operation 20282607 : EXECUTING
09:49:32 INFO  State of operation 20282607 : EXECUTING
09:49:34 INFO  State of operation 20282607 : EXECUTING
09:49:36 INFO  State of operation 20282607 : EXECUTING
09:49:39 INFO  State of operation 20282607 : EXECUTING
09:49:41 INFO  State of operation 20282607 : EXECUTING
09:49:44 INFO  State of operation 20282607 : EXECUTING
09:49:46 INFO  State of operation 20282607 : EXECUTING
09:49:49 INFO  State of operation 20282607 : EXECUTING
09:49:51 INFO  State of operation 20282607 : EXECUTING
09:49:53 INFO  State of operation 20282607 : EXECUTING
09:49:55 INFO  State of operation 20282607 : EXECUTING
09:49:58 INFO  State of operation 20282607 : EXECUTING
09:50:00 WARN  SystemError occurred while running test - Timeout while waiting for status SUCCESSFUL or False
Traceback (most recent call last):
  File &quot;/home/pi/env-pysys/lib/python3.7/site-packages/pysys/baserunner.py&quot;, line 1294, in __call__
    self.testObj.execute()
  File &quot;/home/pi/actions-runner/_work/thin-edge.io/thin-edge.io/tests/PySys/software_management_end_to_end/sm_apt_install_remove_multiple_mixed/run.py&quot;, line 89, in execute
    self.wait_until_succcess()
  File &quot;/home/pi/actions-runner/_work/thin-edge.io/thin-edge.io/tests/PySys/software_management_end_to_end/environment_sm_management.py&quot;, line 324, in wait_until_succcess
    self.wait_until_status(&quot;SUCCESSFUL&quot;)
  File &quot;/home/pi/actions-runner/_work/thin-edge.io/thin-edge.io/tests/PySys/software_management_end_to_end/environment_sm_management.py&quot;, line 381, in wait_until_status
    &quot;Timeout while waiting for status %s or %s&quot; % (status, status2)
SystemError: Timeout while waiting for status SUCCESSFUL or False
09:50:00 WARN  SystemError: Timeout while waiting for status SUCCESSFUL or False ... blocked 
09:50:00 INFO  
09:50:00 INFO  cleanup:
09:50:04 INFO  Executed sudo&lt;tedge_disconnect_c8y&gt;, exit status 0
09:50:05 INFO  Executed systemctl&lt;serv_mapper5&gt;, exit status 3
09:50:05 INFO  
09:50:05 INFO  Test duration: 176.49 secs
09:50:05 INFO  Test final outcome:  BLOCKED
09:50:05 INFO  Test outcome reason: SystemError: Timeout while waiting for status SUCCESSFUL or False (+1 other failures)
09:50:05 INFO  
</system-out>
	</testcase>
</testsuite>
