<?xml version="1.0" encoding="utf-8"?>
<testsuite failures="1" name="SoftwareManagement.sm_mixed_install_remove_multiple" skipped="0" tests="1" time="164.01" timestamp="2022-06-07T12:49:35">
	<testcase classname="PySysTest" name="SoftwareManagement.sm_mixed_install_remove_multiple">
		<failure message="FAILED: Assert that (False == value) with value=True" type="FAILED"/>
		<system-out>12:46:51 INFO  ==============================================================
12:46:51 INFO  Id:    SoftwareManagement.sm_mixed_install_remove_multiple
12:46:51 INFO  Dir:   software_management_end_to_end/
12:46:51 INFO  Title: Validate end to end behaviour for the dummy-plugin for multiple packages with mixed versions
12:46:51 INFO  ==============================================================
12:46:51 INFO  Using sw id database: {'asciijump': '5475369', 'robotfindskitten': '5474869', 'squirrel3': '5475279', 'rolldice': '5152439', 'moon-buggy': '5439204', 'apple': '5495053', 'banana': '5494888', 'cherry': '5495382', 'watermelon': '5494510', 'registry': '8018911', 'hello-world': '8021526', 'docker/getting-started': '8021973', 'alpine': '7991792'}
12:46:51 INFO  EnvironmentC8y Setup
12:46:51 INFO  Executed systemctl&lt;serv_mapper1&gt;, exit status 3
12:46:52 INFO  Restarting mosquitto too frequently in the last 10 seconds. It was only up for 4 seconds
12:46:52 INFO  Delaying execution by 7 seconds
12:47:13 INFO  Executed sudo&lt;tedge_connect_c8y&gt;, exit status 0, duration 14 secs
12:47:13 INFO  Executed sudo&lt;tedge_connect_c8y_test&gt;, exit status 0
12:47:14 INFO  Executed systemctl&lt;serv_mosq2&gt;, exit status 0
12:47:14 INFO  Executed systemctl&lt;serv_mapper3&gt;, exit status 0
12:47:16 INFO  State of current operation: SUCCESSFUL
12:47:17 INFO  Package apple is installed
12:47:17 INFO  Assert that (True == value) with value=True ... passed
12:47:17 INFO  Package banana is installed
12:47:17 INFO  Assert that (True == value) with value=True ... passed
12:47:17 INFO  Package cherry is installed
12:47:17 INFO  Assert that (True == value) with value=True ... passed
12:47:17 INFO  Package asciijump is installed
12:47:17 WARN  Assert that (False == value) with value=True ... failed 
12:47:18 INFO  Assert that (False == value) with value=False ... passed
12:47:18 INFO  Response status: 201
12:47:18 INFO  Response to action: {
    &quot;creationTime&quot;: &quot;2022-06-07T12:47:18.388Z&quot;,
    &quot;deviceId&quot;: &quot;19915518&quot;,
    &quot;deviceName&quot;: &quot;m32sd10d&quot;,
    &quot;self&quot;: &quot;https://t493319102.eu-latest.cumulocity.com/devicecontrol/operations/20014565&quot;,
    &quot;id&quot;: &quot;20014565&quot;,
    &quot;status&quot;: &quot;PENDING&quot;,
    &quot;description&quot;: &quot;Apply software changes, triggered from PySys: [{'action': 'install', 'id': '5495053', 'name': 'apple', 'url': ' ', 'version': '::fruits'}, {'action': 'install', 'id': '5494888', 'name': 'banana', 'url': ' ', 'version': '::fruits'}, {'action': 'install', 'id': '5475369', 'name': 'asciijump', 'url': ' ', 'version': '::apt'}, {'action': 'install', 'id': '5495382', 'name': 'cherry', 'url': ' ', 'version': '::fruits'}, {'action': 'install', 'id': '8018911', 'name': 'registry', 'url': ' ', 'version': '::docker'}]&quot;,
    &quot;c8y_SoftwareUpdate&quot;: [
        {
            &quot;name&quot;: &quot;apple&quot;,
            &quot;action&quot;: &quot;install&quot;,
            &quot;id&quot;: &quot;5495053&quot;,
            &quot;version&quot;: &quot;::fruits&quot;,
            &quot;url&quot;: &quot; &quot;
        },
        {
            &quot;name&quot;: &quot;banana&quot;,
            &quot;action&quot;: &quot;install&quot;,
            &quot;id&quot;: &quot;5494888&quot;,
            &quot;version&quot;: &quot;::fruits&quot;,
            &quot;url&quot;: &quot; &quot;
        },
        {
            &quot;name&quot;: &quot;asciijump&quot;,
            &quot;action&quot;: &quot;install&quot;,
            &quot;id&quot;: &quot;5475369&quot;,
            &quot;version&quot;: &quot;::apt&quot;,
            &quot;url&quot;: &quot; &quot;
        },
        {
            &quot;name&quot;: &quot;cherry&quot;,
            &quot;action&quot;: &quot;install&quot;,
            &quot;id&quot;: &quot;5495382&quot;,
            &quot;version&quot;: &quot;::fruits&quot;,
            &quot;url&quot;: &quot; &quot;
        },
        {
            &quot;name&quot;: &quot;registry&quot;,
            &quot;action&quot;: &quot;install&quot;,
            &quot;id&quot;: &quot;8018911&quot;,
            &quot;version&quot;: &quot;::docker&quot;,
            &quot;url&quot;: &quot; &quot;
        }
    ]
}
12:47:18 INFO  Started operation: {'creationTime': '2022-06-07T12:47:18.388Z', 'deviceId': '19915518', 'deviceName': 'm32sd10d', 'self': 'https://t493319102.eu-latest.cumulocity.com/devicecontrol/operations/20014565', 'id': '20014565', 'status': 'PENDING', 'description': &quot;Apply software changes, triggered from PySys: [{'action': 'install', 'id': '5495053', 'name': 'apple', 'url': ' ', 'version': '::fruits'}, {'action': 'install', 'id': '5494888', 'name': 'banana', 'url': ' ', 'version': '::fruits'}, {'action': 'install', 'id': '5475369', 'name': 'asciijump', 'url': ' ', 'version': '::apt'}, {'action': 'install', 'id': '5495382', 'name': 'cherry', 'url': ' ', 'version': '::fruits'}, {'action': 'install', 'id': '8018911', 'name': 'registry', 'url': ' ', 'version': '::docker'}]&quot;, 'c8y_SoftwareUpdate': [{'name': 'apple', 'action': 'install', 'id': '5495053', 'version': '::fruits', 'url': ' '}, {'name': 'banana', 'action': 'install', 'id': '5494888', 'version': '::fruits', 'url': ' '}, {'name': 'asciijump', 'action': 'install', 'id': '5475369', 'version': '::apt', 'url': ' '}, {'name': 'cherry', 'action': 'install', 'id': '5495382', 'version': '::fruits', 'url': ' '}, {'name': 'registry', 'action': 'install', 'id': '8018911', 'version': '::docker', 'url': ' '}]}
12:47:20 INFO  State of operation 20014565 : PENDING
12:47:22 INFO  State of operation 20014565 : EXECUTING
12:47:25 INFO  State of operation 20014565 : EXECUTING
12:47:27 INFO  State of operation 20014565 : EXECUTING
12:47:29 INFO  State of operation 20014565 : EXECUTING
12:47:31 INFO  State of operation 20014565 : EXECUTING
12:47:33 INFO  State of operation 20014565 : EXECUTING
12:47:36 INFO  State of operation 20014565 : EXECUTING
12:47:39 INFO  State of operation 20014565 : EXECUTING
12:47:41 INFO  State of operation 20014565 : EXECUTING
12:47:44 INFO  State of operation 20014565 : EXECUTING
12:47:46 INFO  State of operation 20014565 : EXECUTING
12:47:48 INFO  State of operation 20014565 : EXECUTING
12:47:50 INFO  State of operation 20014565 : EXECUTING
12:47:53 INFO  State of operation 20014565 : EXECUTING
12:47:55 INFO  State of operation 20014565 : EXECUTING
12:47:57 INFO  State of operation 20014565 : EXECUTING
12:48:00 INFO  State of operation 20014565 : EXECUTING
12:48:02 INFO  State of operation 20014565 : EXECUTING
12:48:04 INFO  State of operation 20014565 : EXECUTING
12:48:06 INFO  State of operation 20014565 : EXECUTING
12:48:09 INFO  State of operation 20014565 : EXECUTING
12:48:11 INFO  State of operation 20014565 : EXECUTING
12:48:13 INFO  State of operation 20014565 : EXECUTING
12:48:15 INFO  State of operation 20014565 : EXECUTING
12:48:18 INFO  State of operation 20014565 : SUCCESSFUL
12:48:18 INFO  Package apple is installed
12:48:18 INFO  Assert that (True == value) with value=True ... passed
12:48:18 INFO  Package banana is installed
12:48:18 INFO  Assert that (True == value) with value=True ... passed
12:48:18 INFO  Package cherry is installed
12:48:18 INFO  Assert that (True == value) with value=True ... passed
12:48:19 INFO  Package asciijump is installed
12:48:19 INFO  Assert that (True == value) with value=True ... passed
12:48:19 INFO  Package registry is installed
12:48:19 INFO  Assert that (True == value) with value=True ... passed
12:48:19 INFO  Response status: 201
12:48:19 INFO  Response to action: {
    &quot;creationTime&quot;: &quot;2022-06-07T12:48:19.504Z&quot;,
    &quot;deviceId&quot;: &quot;19915518&quot;,
    &quot;deviceName&quot;: &quot;m32sd10d&quot;,
    &quot;self&quot;: &quot;https://t493319102.eu-latest.cumulocity.com/devicecontrol/operations/20014575&quot;,
    &quot;id&quot;: &quot;20014575&quot;,
    &quot;status&quot;: &quot;PENDING&quot;,
    &quot;description&quot;: &quot;Apply software changes, triggered from PySys: [{'action': 'delete', 'id': '5495053', 'name': 'apple', 'url': ' ', 'version': '::fruits'}, {'action': 'delete', 'id': '5494888', 'name': 'banana', 'url': ' ', 'version': '::fruits'}, {'action': 'delete', 'id': '5475369', 'name': 'asciijump', 'url': ' ', 'version': '::apt'}, {'action': 'delete', 'id': '5495382', 'name': 'cherry', 'url': ' ', 'version': '::fruits'}, {'action': 'delete', 'id': '8018911', 'name': 'registry', 'url': ' ', 'version': '::docker'}]&quot;,
    &quot;c8y_SoftwareUpdate&quot;: [
        {
            &quot;name&quot;: &quot;apple&quot;,
            &quot;action&quot;: &quot;delete&quot;,
            &quot;id&quot;: &quot;5495053&quot;,
            &quot;version&quot;: &quot;::fruits&quot;,
            &quot;url&quot;: &quot; &quot;
        },
        {
            &quot;name&quot;: &quot;banana&quot;,
            &quot;action&quot;: &quot;delete&quot;,
            &quot;id&quot;: &quot;5494888&quot;,
            &quot;version&quot;: &quot;::fruits&quot;,
            &quot;url&quot;: &quot; &quot;
        },
        {
            &quot;name&quot;: &quot;asciijump&quot;,
            &quot;action&quot;: &quot;delete&quot;,
            &quot;id&quot;: &quot;5475369&quot;,
            &quot;version&quot;: &quot;::apt&quot;,
            &quot;url&quot;: &quot; &quot;
        },
        {
            &quot;name&quot;: &quot;cherry&quot;,
            &quot;action&quot;: &quot;delete&quot;,
            &quot;id&quot;: &quot;5495382&quot;,
            &quot;version&quot;: &quot;::fruits&quot;,
            &quot;url&quot;: &quot; &quot;
        },
        {
            &quot;name&quot;: &quot;registry&quot;,
            &quot;action&quot;: &quot;delete&quot;,
            &quot;id&quot;: &quot;8018911&quot;,
            &quot;version&quot;: &quot;::docker&quot;,
            &quot;url&quot;: &quot; &quot;
        }
    ]
}
12:48:19 INFO  Started operation: {'creationTime': '2022-06-07T12:48:19.504Z', 'deviceId': '19915518', 'deviceName': 'm32sd10d', 'self': 'https://t493319102.eu-latest.cumulocity.com/devicecontrol/operations/20014575', 'id': '20014575', 'status': 'PENDING', 'description': &quot;Apply software changes, triggered from PySys: [{'action': 'delete', 'id': '5495053', 'name': 'apple', 'url': ' ', 'version': '::fruits'}, {'action': 'delete', 'id': '5494888', 'name': 'banana', 'url': ' ', 'version': '::fruits'}, {'action': 'delete', 'id': '5475369', 'name': 'asciijump', 'url': ' ', 'version': '::apt'}, {'action': 'delete', 'id': '5495382', 'name': 'cherry', 'url': ' ', 'version': '::fruits'}, {'action': 'delete', 'id': '8018911', 'name': 'registry', 'url': ' ', 'version': '::docker'}]&quot;, 'c8y_SoftwareUpdate': [{'name': 'apple', 'action': 'delete', 'id': '5495053', 'version': '::fruits', 'url': ' '}, {'name': 'banana', 'action': 'delete', 'id': '5494888', 'version': '::fruits', 'url': ' '}, {'name': 'asciijump', 'action': 'delete', 'id': '5475369', 'version': '::apt', 'url': ' '}, {'name': 'cherry', 'action': 'delete', 'id': '5495382', 'version': '::fruits', 'url': ' '}, {'name': 'registry', 'action': 'delete', 'id': '8018911', 'version': '::docker', 'url': ' '}]}
12:48:21 INFO  State of operation 20014575 : PENDING
12:48:24 INFO  State of operation 20014575 : EXECUTING
12:48:26 INFO  State of operation 20014575 : EXECUTING
12:48:28 INFO  State of operation 20014575 : EXECUTING
12:48:30 INFO  State of operation 20014575 : EXECUTING
12:48:32 INFO  State of operation 20014575 : EXECUTING
12:48:35 INFO  State of operation 20014575 : EXECUTING
12:48:38 INFO  State of operation 20014575 : EXECUTING
12:48:40 INFO  State of operation 20014575 : EXECUTING
12:48:42 INFO  State of operation 20014575 : EXECUTING
12:48:45 INFO  State of operation 20014575 : EXECUTING
12:48:47 INFO  State of operation 20014575 : EXECUTING
12:48:49 INFO  State of operation 20014575 : EXECUTING
12:48:51 INFO  State of operation 20014575 : EXECUTING
12:48:53 INFO  State of operation 20014575 : EXECUTING
12:48:56 INFO  State of operation 20014575 : EXECUTING
12:48:59 INFO  State of operation 20014575 : EXECUTING
12:49:01 INFO  State of operation 20014575 : EXECUTING
12:49:03 INFO  State of operation 20014575 : EXECUTING
12:49:06 INFO  State of operation 20014575 : EXECUTING
12:49:08 INFO  State of operation 20014575 : EXECUTING
12:49:10 INFO  State of operation 20014575 : EXECUTING
12:49:12 INFO  State of operation 20014575 : EXECUTING
12:49:15 INFO  State of operation 20014575 : EXECUTING
12:49:17 INFO  State of operation 20014575 : EXECUTING
12:49:20 INFO  State of operation 20014575 : EXECUTING
12:49:22 INFO  State of operation 20014575 : EXECUTING
12:49:24 INFO  State of operation 20014575 : EXECUTING
12:49:26 INFO  State of operation 20014575 : EXECUTING
12:49:29 INFO  State of operation 20014575 : SUCCESSFUL
12:49:29 INFO  Package apple is installed
12:49:29 INFO  Assert that (True == value) with value=True ... passed
12:49:29 INFO  Package banana is installed
12:49:29 INFO  Assert that (True == value) with value=True ... passed
12:49:30 INFO  Package cherry is installed
12:49:30 INFO  Assert that (True == value) with value=True ... passed
12:49:30 INFO  Assert that (False == value) with value=False ... passed
12:49:30 INFO  Assert that (False == value) with value=False ... passed
12:49:30 INFO  
12:49:30 INFO  cleanup:
12:49:34 INFO  Executed sudo&lt;tedge_disconnect_c8y&gt;, exit status 0
12:49:35 INFO  Executed systemctl&lt;serv_mapper5&gt;, exit status 3
12:49:35 INFO  
12:49:35 INFO  Test duration: 164.01 secs
12:49:35 INFO  Test final outcome:  FAILED
12:49:35 INFO  Test outcome reason: Assert that (False == value) with value=True
12:49:35 INFO  
</system-out>
	</testcase>
</testsuite>
