<?xml version="1.0" encoding="utf-8"?>
<testsuite failures="1" name="SoftwareManagement.sm_mixed_install_remove_multiple" skipped="0" tests="1" time="163.96" timestamp="2022-07-22T05:13:59">
	<testcase classname="PySysTest" name="SoftwareManagement.sm_mixed_install_remove_multiple">
		<failure message="FAILED: Assert that (False == value) with value=True" type="FAILED"/>
		<system-out>05:11:15 INFO  ==============================================================
05:11:15 INFO  Id:    SoftwareManagement.sm_mixed_install_remove_multiple
05:11:15 INFO  Dir:   software_management_end_to_end/
05:11:15 INFO  Title: Validate end to end behaviour for the dummy-plugin for multiple packages with mixed versions
05:11:15 INFO  ==============================================================
05:11:15 INFO  Using sw id database: {'asciijump': '5475369', 'robotfindskitten': '5474869', 'squirrel3': '5475279', 'rolldice': '5152439', 'moon-buggy': '5439204', 'apple': '5495053', 'banana': '5494888', 'cherry': '5495382', 'watermelon': '5494510', 'registry': '8018911', 'hello-world': '8021526', 'docker/getting-started': '8021973', 'alpine': '7991792'}
05:11:15 INFO  EnvironmentC8y Setup
05:11:16 INFO  Executed systemctl&lt;serv_mapper1&gt;, exit status 3
05:11:16 INFO  Restarting mosquitto too frequently in the last 10 seconds. It was only up for 5 seconds
05:11:16 INFO  Delaying execution by 6 seconds
05:11:36 INFO  Executed sudo&lt;tedge_connect_c8y&gt;, exit status 0, duration 14 secs
05:11:37 INFO  Executed sudo&lt;tedge_connect_c8y_test&gt;, exit status 0
05:11:37 INFO  Executed systemctl&lt;serv_mosq2&gt;, exit status 0
05:11:38 INFO  Executed systemctl&lt;serv_mapper3&gt;, exit status 0
05:11:40 INFO  State of current operation: SUCCESSFUL
05:11:40 INFO  Package apple is installed
05:11:40 INFO  Assert that (True == value) with value=True ... passed
05:11:40 INFO  Package banana is installed
05:11:40 INFO  Assert that (True == value) with value=True ... passed
05:11:41 INFO  Package cherry is installed
05:11:41 INFO  Assert that (True == value) with value=True ... passed
05:11:41 INFO  Package asciijump is installed
05:11:41 WARN  Assert that (False == value) with value=True ... failed 
05:11:41 INFO  Assert that (False == value) with value=False ... passed
05:11:41 INFO  Response status: 201
05:11:41 INFO  Response to action: {
    &quot;creationTime&quot;: &quot;2022-07-22T05:11:41.825Z&quot;,
    &quot;deviceId&quot;: &quot;21231014&quot;,
    &quot;deviceName&quot;: &quot;m32sd10d&quot;,
    &quot;self&quot;: &quot;https://t493319102.eu-latest.cumulocity.com/devicecontrol/operations/21244415&quot;,
    &quot;id&quot;: &quot;21244415&quot;,
    &quot;status&quot;: &quot;PENDING&quot;,
    &quot;description&quot;: &quot;Apply software changes, triggered from PySys: [{'action': 'install', 'id': '5495053', 'name': 'apple', 'url': ' ', 'version': '::fruits'}, {'action': 'install', 'id': '5494888', 'name': 'banana', 'url': ' ', 'version': '::fruits'}, {'action': 'install', 'id': '5475369', 'name': 'asciijump', 'url': ' ', 'version': '::apt'}, {'action': 'install', 'id': '5495382', 'name': 'cherry', 'url': ' ', 'version': '::fruits'}, {'action': 'install', 'id': '8018911', 'name': 'registry', 'url': ' ', 'version': '::docker'}]&quot;,
    &quot;c8y_SoftwareUpdate&quot;: [
        {
            &quot;name&quot;: &quot;apple&quot;,
            &quot;action&quot;: &quot;install&quot;,
            &quot;id&quot;: &quot;5495053&quot;,
            &quot;version&quot;: &quot;::fruits&quot;,
            &quot;url&quot;: &quot; &quot;
        },
        {
            &quot;name&quot;: &quot;banana&quot;,
            &quot;action&quot;: &quot;install&quot;,
            &quot;id&quot;: &quot;5494888&quot;,
            &quot;version&quot;: &quot;::fruits&quot;,
            &quot;url&quot;: &quot; &quot;
        },
        {
            &quot;name&quot;: &quot;asciijump&quot;,
            &quot;action&quot;: &quot;install&quot;,
            &quot;id&quot;: &quot;5475369&quot;,
            &quot;version&quot;: &quot;::apt&quot;,
            &quot;url&quot;: &quot; &quot;
        },
        {
            &quot;name&quot;: &quot;cherry&quot;,
            &quot;action&quot;: &quot;install&quot;,
            &quot;id&quot;: &quot;5495382&quot;,
            &quot;version&quot;: &quot;::fruits&quot;,
            &quot;url&quot;: &quot; &quot;
        },
        {
            &quot;name&quot;: &quot;registry&quot;,
            &quot;action&quot;: &quot;install&quot;,
            &quot;id&quot;: &quot;8018911&quot;,
            &quot;version&quot;: &quot;::docker&quot;,
            &quot;url&quot;: &quot; &quot;
        }
    ]
}
05:11:41 INFO  Started operation: {'creationTime': '2022-07-22T05:11:41.825Z', 'deviceId': '21231014', 'deviceName': 'm32sd10d', 'self': 'https://t493319102.eu-latest.cumulocity.com/devicecontrol/operations/21244415', 'id': '21244415', 'status': 'PENDING', 'description': &quot;Apply software changes, triggered from PySys: [{'action': 'install', 'id': '5495053', 'name': 'apple', 'url': ' ', 'version': '::fruits'}, {'action': 'install', 'id': '5494888', 'name': 'banana', 'url': ' ', 'version': '::fruits'}, {'action': 'install', 'id': '5475369', 'name': 'asciijump', 'url': ' ', 'version': '::apt'}, {'action': 'install', 'id': '5495382', 'name': 'cherry', 'url': ' ', 'version': '::fruits'}, {'action': 'install', 'id': '8018911', 'name': 'registry', 'url': ' ', 'version': '::docker'}]&quot;, 'c8y_SoftwareUpdate': [{'name': 'apple', 'action': 'install', 'id': '5495053', 'version': '::fruits', 'url': ' '}, {'name': 'banana', 'action': 'install', 'id': '5494888', 'version': '::fruits', 'url': ' '}, {'name': 'asciijump', 'action': 'install', 'id': '5475369', 'version': '::apt', 'url': ' '}, {'name': 'cherry', 'action': 'install', 'id': '5495382', 'version': '::fruits', 'url': ' '}, {'name': 'registry', 'action': 'install', 'id': '8018911', 'version': '::docker', 'url': ' '}]}
05:11:44 INFO  State of operation 21244415 : PENDING
05:11:46 INFO  State of operation 21244415 : EXECUTING
05:11:48 INFO  State of operation 21244415 : EXECUTING
05:11:50 INFO  State of operation 21244415 : EXECUTING
05:11:52 INFO  State of operation 21244415 : EXECUTING
05:11:55 INFO  State of operation 21244415 : EXECUTING
05:11:57 INFO  State of operation 21244415 : EXECUTING
05:12:00 INFO  State of operation 21244415 : EXECUTING
05:12:03 INFO  State of operation 21244415 : EXECUTING
05:12:05 INFO  State of operation 21244415 : EXECUTING
05:12:07 INFO  State of operation 21244415 : EXECUTING
05:12:09 INFO  State of operation 21244415 : EXECUTING
05:12:12 INFO  State of operation 21244415 : EXECUTING
05:12:14 INFO  State of operation 21244415 : EXECUTING
05:12:16 INFO  State of operation 21244415 : EXECUTING
05:12:18 INFO  State of operation 21244415 : EXECUTING
05:12:21 INFO  State of operation 21244415 : EXECUTING
05:12:23 INFO  State of operation 21244415 : EXECUTING
05:12:25 INFO  State of operation 21244415 : EXECUTING
05:12:27 INFO  State of operation 21244415 : EXECUTING
05:12:30 INFO  State of operation 21244415 : EXECUTING
05:12:32 INFO  State of operation 21244415 : EXECUTING
05:12:34 INFO  State of operation 21244415 : EXECUTING
05:12:37 INFO  State of operation 21244415 : EXECUTING
05:12:39 INFO  State of operation 21244415 : EXECUTING
05:12:41 INFO  State of operation 21244415 : SUCCESSFUL
05:12:41 INFO  Package apple is installed
05:12:41 INFO  Assert that (True == value) with value=True ... passed
05:12:41 INFO  Package banana is installed
05:12:41 INFO  Assert that (True == value) with value=True ... passed
05:12:42 INFO  Package cherry is installed
05:12:42 INFO  Assert that (True == value) with value=True ... passed
05:12:42 INFO  Package asciijump is installed
05:12:42 INFO  Assert that (True == value) with value=True ... passed
05:12:42 INFO  Package registry is installed
05:12:42 INFO  Assert that (True == value) with value=True ... passed
05:12:42 INFO  Response status: 201
05:12:42 INFO  Response to action: {
    &quot;creationTime&quot;: &quot;2022-07-22T05:12:42.863Z&quot;,
    &quot;deviceId&quot;: &quot;21231014&quot;,
    &quot;deviceName&quot;: &quot;m32sd10d&quot;,
    &quot;self&quot;: &quot;https://t493319102.eu-latest.cumulocity.com/devicecontrol/operations/21244425&quot;,
    &quot;id&quot;: &quot;21244425&quot;,
    &quot;status&quot;: &quot;PENDING&quot;,
    &quot;description&quot;: &quot;Apply software changes, triggered from PySys: [{'action': 'delete', 'id': '5495053', 'name': 'apple', 'url': ' ', 'version': '::fruits'}, {'action': 'delete', 'id': '5494888', 'name': 'banana', 'url': ' ', 'version': '::fruits'}, {'action': 'delete', 'id': '5475369', 'name': 'asciijump', 'url': ' ', 'version': '::apt'}, {'action': 'delete', 'id': '5495382', 'name': 'cherry', 'url': ' ', 'version': '::fruits'}, {'action': 'delete', 'id': '8018911', 'name': 'registry', 'url': ' ', 'version': '::docker'}]&quot;,
    &quot;c8y_SoftwareUpdate&quot;: [
        {
            &quot;name&quot;: &quot;apple&quot;,
            &quot;action&quot;: &quot;delete&quot;,
            &quot;id&quot;: &quot;5495053&quot;,
            &quot;version&quot;: &quot;::fruits&quot;,
            &quot;url&quot;: &quot; &quot;
        },
        {
            &quot;name&quot;: &quot;banana&quot;,
            &quot;action&quot;: &quot;delete&quot;,
            &quot;id&quot;: &quot;5494888&quot;,
            &quot;version&quot;: &quot;::fruits&quot;,
            &quot;url&quot;: &quot; &quot;
        },
        {
            &quot;name&quot;: &quot;asciijump&quot;,
            &quot;action&quot;: &quot;delete&quot;,
            &quot;id&quot;: &quot;5475369&quot;,
            &quot;version&quot;: &quot;::apt&quot;,
            &quot;url&quot;: &quot; &quot;
        },
        {
            &quot;name&quot;: &quot;cherry&quot;,
            &quot;action&quot;: &quot;delete&quot;,
            &quot;id&quot;: &quot;5495382&quot;,
            &quot;version&quot;: &quot;::fruits&quot;,
            &quot;url&quot;: &quot; &quot;
        },
        {
            &quot;name&quot;: &quot;registry&quot;,
            &quot;action&quot;: &quot;delete&quot;,
            &quot;id&quot;: &quot;8018911&quot;,
            &quot;version&quot;: &quot;::docker&quot;,
            &quot;url&quot;: &quot; &quot;
        }
    ]
}
05:12:42 INFO  Started operation: {'creationTime': '2022-07-22T05:12:42.863Z', 'deviceId': '21231014', 'deviceName': 'm32sd10d', 'self': 'https://t493319102.eu-latest.cumulocity.com/devicecontrol/operations/21244425', 'id': '21244425', 'status': 'PENDING', 'description': &quot;Apply software changes, triggered from PySys: [{'action': 'delete', 'id': '5495053', 'name': 'apple', 'url': ' ', 'version': '::fruits'}, {'action': 'delete', 'id': '5494888', 'name': 'banana', 'url': ' ', 'version': '::fruits'}, {'action': 'delete', 'id': '5475369', 'name': 'asciijump', 'url': ' ', 'version': '::apt'}, {'action': 'delete', 'id': '5495382', 'name': 'cherry', 'url': ' ', 'version': '::fruits'}, {'action': 'delete', 'id': '8018911', 'name': 'registry', 'url': ' ', 'version': '::docker'}]&quot;, 'c8y_SoftwareUpdate': [{'name': 'apple', 'action': 'delete', 'id': '5495053', 'version': '::fruits', 'url': ' '}, {'name': 'banana', 'action': 'delete', 'id': '5494888', 'version': '::fruits', 'url': ' '}, {'name': 'asciijump', 'action': 'delete', 'id': '5475369', 'version': '::apt', 'url': ' '}, {'name': 'cherry', 'action': 'delete', 'id': '5495382', 'version': '::fruits', 'url': ' '}, {'name': 'registry', 'action': 'delete', 'id': '8018911', 'version': '::docker', 'url': ' '}]}
05:12:45 INFO  State of operation 21244425 : PENDING
05:12:47 INFO  State of operation 21244425 : EXECUTING
05:12:49 INFO  State of operation 21244425 : EXECUTING
05:12:51 INFO  State of operation 21244425 : EXECUTING
05:12:54 INFO  State of operation 21244425 : EXECUTING
05:12:56 INFO  State of operation 21244425 : EXECUTING
05:12:59 INFO  State of operation 21244425 : EXECUTING
05:13:01 INFO  State of operation 21244425 : EXECUTING
05:13:03 INFO  State of operation 21244425 : EXECUTING
05:13:06 INFO  State of operation 21244425 : EXECUTING
05:13:08 INFO  State of operation 21244425 : EXECUTING
05:13:10 INFO  State of operation 21244425 : EXECUTING
05:13:12 INFO  State of operation 21244425 : EXECUTING
05:13:15 INFO  State of operation 21244425 : EXECUTING
05:13:17 INFO  State of operation 21244425 : EXECUTING
05:13:19 INFO  State of operation 21244425 : EXECUTING
05:13:23 INFO  State of operation 21244425 : EXECUTING
05:13:26 INFO  State of operation 21244425 : EXECUTING
05:13:28 INFO  State of operation 21244425 : EXECUTING
05:13:30 INFO  State of operation 21244425 : EXECUTING
05:13:32 INFO  State of operation 21244425 : EXECUTING
05:13:35 INFO  State of operation 21244425 : EXECUTING
05:13:37 INFO  State of operation 21244425 : EXECUTING
05:13:40 INFO  State of operation 21244425 : EXECUTING
05:13:42 INFO  State of operation 21244425 : EXECUTING
05:13:44 INFO  State of operation 21244425 : EXECUTING
05:13:46 INFO  State of operation 21244425 : EXECUTING
05:13:49 INFO  State of operation 21244425 : EXECUTING
05:13:51 INFO  State of operation 21244425 : EXECUTING
05:13:53 INFO  State of operation 21244425 : SUCCESSFUL
05:13:54 INFO  Package apple is installed
05:13:54 INFO  Assert that (True == value) with value=True ... passed
05:13:54 INFO  Package banana is installed
05:13:54 INFO  Assert that (True == value) with value=True ... passed
05:13:54 INFO  Package cherry is installed
05:13:54 INFO  Assert that (True == value) with value=True ... passed
05:13:54 INFO  Assert that (False == value) with value=False ... passed
05:13:54 INFO  Assert that (False == value) with value=False ... passed
05:13:54 INFO  
05:13:54 INFO  cleanup:
05:13:59 INFO  Executed sudo&lt;tedge_disconnect_c8y&gt;, exit status 0
05:13:59 INFO  Executed systemctl&lt;serv_mapper5&gt;, exit status 3
05:13:59 INFO  
05:13:59 INFO  Test duration: 163.96 secs
05:13:59 INFO  Test final outcome:  FAILED
05:13:59 INFO  Test outcome reason: Assert that (False == value) with value=True
05:13:59 INFO  
</system-out>
	</testcase>
</testsuite>
