<?xml version="1.0" encoding="utf-8"?>
<testsuite failures="1" name="SoftwareManagement.sm_fake_install_remove_multiple" skipped="0" tests="1" time="166.39" timestamp="2022-05-23T16:27:31">
	<testcase classname="PySysTest" name="SoftwareManagement.sm_fake_install_remove_multiple">
		<failure message="BLOCKED: SystemError: Timeout while waiting for status FAILED or SUCCESSFUL" type="BLOCKED"/>
		<system-out>16:24:45 INFO  ==============================================================
16:24:45 INFO  Id:    SoftwareManagement.sm_fake_install_remove_multiple
16:24:45 INFO  Dir:   software_management_end_to_end/
16:24:45 INFO  Title: Validate end to end behaviour for the dummy-plugin for multiple packages
16:24:45 INFO  ==============================================================
16:24:45 INFO  Using sw id database: {'asciijump': '5475369', 'robotfindskitten': '5474869', 'squirrel3': '5475279', 'rolldice': '5152439', 'moon-buggy': '5439204', 'apple': '5495053', 'banana': '5494888', 'cherry': '5495382', 'watermelon': '5494510', 'registry': '8018911', 'hello-world': '8021526', 'docker/getting-started': '8021973', 'alpine': '7991792'}
16:24:45 INFO  EnvironmentC8y Setup
16:24:46 INFO  Executed systemctl&lt;serv_mapper1&gt;, exit status 3
16:24:46 INFO  Restarting mosquitto too frequently in the last 10 seconds. It was only up for 4 seconds
16:24:46 INFO  Delaying execution by 7 seconds
16:25:06 INFO  Executed sudo&lt;tedge_connect_c8y&gt;, exit status 0, duration 13 secs
16:25:07 INFO  Executed sudo&lt;tedge_connect_c8y_test&gt;, exit status 0
16:25:08 INFO  Executed systemctl&lt;serv_mosq2&gt;, exit status 0
16:25:08 INFO  Executed systemctl&lt;serv_mapper3&gt;, exit status 0
16:25:10 INFO  State of current operation: PENDING
16:25:12 INFO  State of current operation: PENDING
16:25:15 INFO  State of current operation: PENDING
16:25:17 INFO  State of current operation: PENDING
16:25:19 INFO  State of current operation: PENDING
16:25:21 INFO  State of current operation: PENDING
16:25:24 INFO  State of current operation: PENDING
16:25:26 INFO  State of current operation: PENDING
16:25:28 INFO  State of current operation: PENDING
16:25:30 INFO  State of current operation: PENDING
16:25:33 INFO  State of current operation: PENDING
16:25:35 INFO  State of current operation: PENDING
16:25:37 INFO  State of current operation: PENDING
16:25:39 INFO  State of current operation: PENDING
16:25:42 INFO  State of current operation: PENDING
16:25:44 INFO  State of current operation: PENDING
16:25:46 INFO  State of current operation: PENDING
16:25:48 INFO  State of current operation: PENDING
16:25:50 INFO  State of current operation: PENDING
16:25:53 INFO  State of current operation: PENDING
16:25:55 INFO  State of current operation: PENDING
16:25:57 INFO  State of current operation: PENDING
16:25:59 INFO  State of current operation: PENDING
16:26:02 INFO  State of current operation: PENDING
16:26:04 INFO  State of current operation: PENDING
16:26:06 INFO  State of current operation: PENDING
16:26:08 INFO  State of current operation: PENDING
16:26:11 INFO  State of current operation: PENDING
16:26:13 INFO  State of current operation: PENDING
16:26:15 INFO  State of current operation: PENDING
16:26:17 INFO  State of current operation: PENDING
16:26:19 INFO  State of current operation: PENDING
16:26:22 INFO  State of current operation: PENDING
16:26:24 INFO  State of current operation: PENDING
16:26:26 INFO  State of current operation: PENDING
16:26:28 INFO  State of current operation: PENDING
16:26:31 INFO  State of current operation: PENDING
16:26:33 INFO  State of current operation: PENDING
16:26:35 INFO  State of current operation: PENDING
16:26:37 INFO  State of current operation: PENDING
16:26:40 INFO  State of current operation: PENDING
16:26:42 INFO  State of current operation: PENDING
16:26:44 INFO  State of current operation: PENDING
16:26:46 INFO  State of current operation: PENDING
16:26:49 INFO  State of current operation: PENDING
16:26:51 INFO  State of current operation: PENDING
16:26:53 INFO  State of current operation: PENDING
16:26:55 INFO  State of current operation: PENDING
16:26:58 INFO  State of current operation: PENDING
16:27:00 INFO  State of current operation: PENDING
16:27:02 INFO  State of current operation: PENDING
16:27:04 INFO  State of current operation: PENDING
16:27:07 INFO  State of current operation: PENDING
16:27:09 INFO  State of current operation: PENDING
16:27:11 INFO  State of current operation: PENDING
16:27:13 INFO  State of current operation: PENDING
16:27:16 INFO  State of current operation: PENDING
16:27:18 INFO  State of current operation: PENDING
16:27:20 INFO  State of current operation: PENDING
16:27:22 INFO  State of current operation: PENDING
16:27:25 INFO  State of current operation: PENDING
16:27:27 WARN  SystemError occurred while running test - Timeout while waiting for status FAILED or SUCCESSFUL
Traceback (most recent call last):
  File &quot;/home/pi/env-pysys/lib/python3.7/site-packages/pysys/baserunner.py&quot;, line 1292, in __call__
    self.testObj.setup()
  File &quot;/home/pi/actions-runner/_work/thin-edge.io/thin-edge.io/tests/PySys/software_management_end_to_end/sm_fake_install_remove_multiple/run.py&quot;, line 68, in setup
    super().setup()
  File &quot;/home/pi/actions-runner/_work/thin-edge.io/thin-edge.io/tests/PySys/software_management_end_to_end/environment_sm_management.py&quot;, line 151, in setup
    self.wait_until_end()
  File &quot;/home/pi/actions-runner/_work/thin-edge.io/thin-edge.io/tests/PySys/software_management_end_to_end/environment_sm_management.py&quot;, line 332, in wait_until_end
    self.wait_until_status(&quot;FAILED&quot;, &quot;SUCCESSFUL&quot;)
  File &quot;/home/pi/actions-runner/_work/thin-edge.io/thin-edge.io/tests/PySys/software_management_end_to_end/environment_sm_management.py&quot;, line 381, in wait_until_status
    &quot;Timeout while waiting for status %s or %s&quot; % (status, status2)
SystemError: Timeout while waiting for status FAILED or SUCCESSFUL
16:27:27 WARN  SystemError: Timeout while waiting for status FAILED or SUCCESSFUL ... blocked 
16:27:27 INFO  
16:27:27 INFO  cleanup:
16:27:31 INFO  Executed sudo&lt;tedge_disconnect_c8y&gt;, exit status 0
16:27:31 INFO  Executed systemctl&lt;serv_mapper5&gt;, exit status 3
16:27:31 INFO  
16:27:31 INFO  Test duration: 166.39 secs
16:27:31 INFO  Test final outcome:  BLOCKED
16:27:31 INFO  Test outcome reason: SystemError: Timeout while waiting for status FAILED or SUCCESSFUL
16:27:31 INFO  
</system-out>
	</testcase>
</testsuite>
