<?xml version="1.0" encoding="utf-8"?>
<testsuite failures="1" name="SoftwareManagement.sm_apt_install_remove_multiple" skipped="0" tests="1" time="139.12" timestamp="2022-07-22T05:01:38">
	<testcase classname="PySysTest" name="SoftwareManagement.sm_apt_install_remove_multiple">
		<failure message="FAILED: Assert that (False == value) with value=True (+2 other failures)" type="FAILED"/>
		<system-out>04:59:19 INFO  ==============================================================
04:59:19 INFO  Id:    SoftwareManagement.sm_apt_install_remove_multiple
04:59:19 INFO  Dir:   software_management_end_to_end/
04:59:19 INFO  Title: Validate end to end behaviour for the apt plugin for multiple packages
04:59:19 INFO  ==============================================================
04:59:19 INFO  Using sw id database: {'asciijump': '5475369', 'robotfindskitten': '5474869', 'squirrel3': '5475279', 'rolldice': '5152439', 'moon-buggy': '5439204', 'apple': '5495053', 'banana': '5494888', 'cherry': '5495382', 'watermelon': '5494510', 'registry': '8018911', 'hello-world': '8021526', 'docker/getting-started': '8021973', 'alpine': '7991792'}
04:59:19 INFO  EnvironmentC8y Setup
04:59:19 INFO  Executed systemctl&lt;serv_mapper1&gt;, exit status 3
04:59:19 INFO  Restarting mosquitto too frequently in the last 10 seconds. It was only up for 4 seconds
04:59:19 INFO  Delaying execution by 7 seconds
04:59:41 INFO  Executed sudo&lt;tedge_connect_c8y&gt;, exit status 0, duration 14 secs
04:59:41 INFO  Executed sudo&lt;tedge_connect_c8y_test&gt;, exit status 0
04:59:42 INFO  Executed systemctl&lt;serv_mosq2&gt;, exit status 0
04:59:42 INFO  Executed systemctl&lt;serv_mapper3&gt;, exit status 0
04:59:45 INFO  State of current operation: SUCCESSFUL
04:59:45 INFO  Assert that (False == value) with value=False ... passed
04:59:45 INFO  Package asciijump is installed
04:59:45 WARN  Assert that (False == value) with value=True ... failed 
04:59:46 INFO  Package squirrel3 is installed
04:59:46 WARN  Assert that (False == value) with value=True ... failed 
04:59:46 INFO  Package robotfindskitten is installed
04:59:46 WARN  Assert that (False == value) with value=True ... failed 
04:59:46 INFO  Response status: 201
04:59:46 INFO  Response to action: {
    &quot;creationTime&quot;: &quot;2022-07-22T04:59:46.509Z&quot;,
    &quot;deviceId&quot;: &quot;21231014&quot;,
    &quot;deviceName&quot;: &quot;m32sd10d&quot;,
    &quot;self&quot;: &quot;https://t493319102.eu-latest.cumulocity.com/devicecontrol/operations/21244239&quot;,
    &quot;id&quot;: &quot;21244239&quot;,
    &quot;status&quot;: &quot;PENDING&quot;,
    &quot;description&quot;: &quot;Apply software changes, triggered from PySys: [{'action': 'install', 'id': '5475369', 'name': 'asciijump', 'url': ' ', 'version': '::apt'}, {'action': 'install', 'id': '5474869', 'name': 'robotfindskitten', 'url': ' ', 'version': '::apt'}, {'action': 'install', 'id': '5475279', 'name': 'squirrel3', 'url': ' ', 'version': '::apt'}]&quot;,
    &quot;c8y_SoftwareUpdate&quot;: [
        {
            &quot;name&quot;: &quot;asciijump&quot;,
            &quot;action&quot;: &quot;install&quot;,
            &quot;id&quot;: &quot;5475369&quot;,
            &quot;version&quot;: &quot;::apt&quot;,
            &quot;url&quot;: &quot; &quot;
        },
        {
            &quot;name&quot;: &quot;robotfindskitten&quot;,
            &quot;action&quot;: &quot;install&quot;,
            &quot;id&quot;: &quot;5474869&quot;,
            &quot;version&quot;: &quot;::apt&quot;,
            &quot;url&quot;: &quot; &quot;
        },
        {
            &quot;name&quot;: &quot;squirrel3&quot;,
            &quot;action&quot;: &quot;install&quot;,
            &quot;id&quot;: &quot;5475279&quot;,
            &quot;version&quot;: &quot;::apt&quot;,
            &quot;url&quot;: &quot; &quot;
        }
    ]
}
04:59:46 INFO  Started operation: {'creationTime': '2022-07-22T04:59:46.509Z', 'deviceId': '21231014', 'deviceName': 'm32sd10d', 'self': 'https://t493319102.eu-latest.cumulocity.com/devicecontrol/operations/21244239', 'id': '21244239', 'status': 'PENDING', 'description': &quot;Apply software changes, triggered from PySys: [{'action': 'install', 'id': '5475369', 'name': 'asciijump', 'url': ' ', 'version': '::apt'}, {'action': 'install', 'id': '5474869', 'name': 'robotfindskitten', 'url': ' ', 'version': '::apt'}, {'action': 'install', 'id': '5475279', 'name': 'squirrel3', 'url': ' ', 'version': '::apt'}]&quot;, 'c8y_SoftwareUpdate': [{'name': 'asciijump', 'action': 'install', 'id': '5475369', 'version': '::apt', 'url': ' '}, {'name': 'robotfindskitten', 'action': 'install', 'id': '5474869', 'version': '::apt', 'url': ' '}, {'name': 'squirrel3', 'action': 'install', 'id': '5475279', 'version': '::apt', 'url': ' '}]}
04:59:48 INFO  State of operation 21244239 : PENDING
04:59:51 INFO  State of operation 21244239 : EXECUTING
04:59:53 INFO  State of operation 21244239 : EXECUTING
04:59:55 INFO  State of operation 21244239 : EXECUTING
04:59:57 INFO  State of operation 21244239 : EXECUTING
04:59:59 INFO  State of operation 21244239 : EXECUTING
05:00:02 INFO  State of operation 21244239 : EXECUTING
05:00:05 INFO  State of operation 21244239 : EXECUTING
05:00:07 INFO  State of operation 21244239 : EXECUTING
05:00:10 INFO  State of operation 21244239 : EXECUTING
05:00:12 INFO  State of operation 21244239 : EXECUTING
05:00:14 INFO  State of operation 21244239 : EXECUTING
05:00:17 INFO  State of operation 21244239 : EXECUTING
05:00:19 INFO  State of operation 21244239 : EXECUTING
05:00:21 INFO  State of operation 21244239 : EXECUTING
05:00:23 INFO  State of operation 21244239 : SUCCESSFUL
05:00:23 INFO  Assert that (False == value) with value=False ... passed
05:00:24 INFO  Package asciijump is installed
05:00:24 INFO  Assert that (True == value) with value=True ... passed
05:00:24 INFO  Package squirrel3 is installed
05:00:24 INFO  Assert that (True == value) with value=True ... passed
05:00:24 INFO  Package robotfindskitten is installed
05:00:24 INFO  Assert that (True == value) with value=True ... passed
05:00:24 INFO  Response status: 201
05:00:24 INFO  Response to action: {
    &quot;creationTime&quot;: &quot;2022-07-22T05:00:24.813Z&quot;,
    &quot;deviceId&quot;: &quot;21231014&quot;,
    &quot;deviceName&quot;: &quot;m32sd10d&quot;,
    &quot;self&quot;: &quot;https://t493319102.eu-latest.cumulocity.com/devicecontrol/operations/21244251&quot;,
    &quot;id&quot;: &quot;21244251&quot;,
    &quot;status&quot;: &quot;PENDING&quot;,
    &quot;description&quot;: &quot;Apply software changes, triggered from PySys: [{'action': 'delete', 'id': '5475369', 'name': 'asciijump', 'url': ' ', 'version': '::apt'}, {'action': 'delete', 'id': '5474869', 'name': 'robotfindskitten', 'url': ' ', 'version': '::apt'}, {'action': 'delete', 'id': '5475279', 'name': 'squirrel3', 'url': ' ', 'version': '::apt'}]&quot;,
    &quot;c8y_SoftwareUpdate&quot;: [
        {
            &quot;name&quot;: &quot;asciijump&quot;,
            &quot;action&quot;: &quot;delete&quot;,
            &quot;id&quot;: &quot;5475369&quot;,
            &quot;version&quot;: &quot;::apt&quot;,
            &quot;url&quot;: &quot; &quot;
        },
        {
            &quot;name&quot;: &quot;robotfindskitten&quot;,
            &quot;action&quot;: &quot;delete&quot;,
            &quot;id&quot;: &quot;5474869&quot;,
            &quot;version&quot;: &quot;::apt&quot;,
            &quot;url&quot;: &quot; &quot;
        },
        {
            &quot;name&quot;: &quot;squirrel3&quot;,
            &quot;action&quot;: &quot;delete&quot;,
            &quot;id&quot;: &quot;5475279&quot;,
            &quot;version&quot;: &quot;::apt&quot;,
            &quot;url&quot;: &quot; &quot;
        }
    ]
}
05:00:24 INFO  Started operation: {'creationTime': '2022-07-22T05:00:24.813Z', 'deviceId': '21231014', 'deviceName': 'm32sd10d', 'self': 'https://t493319102.eu-latest.cumulocity.com/devicecontrol/operations/21244251', 'id': '21244251', 'status': 'PENDING', 'description': &quot;Apply software changes, triggered from PySys: [{'action': 'delete', 'id': '5475369', 'name': 'asciijump', 'url': ' ', 'version': '::apt'}, {'action': 'delete', 'id': '5474869', 'name': 'robotfindskitten', 'url': ' ', 'version': '::apt'}, {'action': 'delete', 'id': '5475279', 'name': 'squirrel3', 'url': ' ', 'version': '::apt'}]&quot;, 'c8y_SoftwareUpdate': [{'name': 'asciijump', 'action': 'delete', 'id': '5475369', 'version': '::apt', 'url': ' '}, {'name': 'robotfindskitten', 'action': 'delete', 'id': '5474869', 'version': '::apt', 'url': ' '}, {'name': 'squirrel3', 'action': 'delete', 'id': '5475279', 'version': '::apt', 'url': ' '}]}
05:00:27 INFO  State of operation 21244251 : PENDING
05:00:29 INFO  State of operation 21244251 : EXECUTING
05:00:31 INFO  State of operation 21244251 : EXECUTING
05:00:33 INFO  State of operation 21244251 : EXECUTING
05:00:36 INFO  State of operation 21244251 : EXECUTING
05:00:38 INFO  State of operation 21244251 : EXECUTING
05:00:41 INFO  State of operation 21244251 : EXECUTING
05:00:43 INFO  State of operation 21244251 : EXECUTING
05:00:46 INFO  State of operation 21244251 : EXECUTING
05:00:48 INFO  State of operation 21244251 : EXECUTING
05:00:50 INFO  State of operation 21244251 : EXECUTING
05:00:53 INFO  State of operation 21244251 : EXECUTING
05:00:55 INFO  State of operation 21244251 : EXECUTING
05:00:57 INFO  State of operation 21244251 : EXECUTING
05:00:59 INFO  State of operation 21244251 : EXECUTING
05:01:02 INFO  State of operation 21244251 : EXECUTING
05:01:04 INFO  State of operation 21244251 : EXECUTING
05:01:07 INFO  State of operation 21244251 : EXECUTING
05:01:09 INFO  State of operation 21244251 : EXECUTING
05:01:12 INFO  State of operation 21244251 : EXECUTING
05:01:14 INFO  State of operation 21244251 : EXECUTING
05:01:16 INFO  State of operation 21244251 : EXECUTING
05:01:18 INFO  State of operation 21244251 : EXECUTING
05:01:21 INFO  State of operation 21244251 : EXECUTING
05:01:23 INFO  State of operation 21244251 : EXECUTING
05:01:25 INFO  State of operation 21244251 : EXECUTING
05:01:28 INFO  State of operation 21244251 : EXECUTING
05:01:30 INFO  State of operation 21244251 : EXECUTING
05:01:32 INFO  State of operation 21244251 : SUCCESSFUL
05:01:33 INFO  Assert that (False == value) with value=False ... passed
05:01:33 INFO  Assert that (False == value) with value=False ... passed
05:01:33 INFO  Assert that (False == value) with value=False ... passed
05:01:33 INFO  Assert that (False == value) with value=False ... passed
05:01:33 INFO  
05:01:33 INFO  cleanup:
05:01:37 INFO  Executed sudo&lt;tedge_disconnect_c8y&gt;, exit status 0
05:01:38 INFO  Executed systemctl&lt;serv_mapper5&gt;, exit status 3
05:01:38 INFO  
05:01:38 INFO  Test duration: 139.12 secs
05:01:38 INFO  Test final outcome:  FAILED
05:01:38 INFO  Test outcome reason: Assert that (False == value) with value=True (+2 other failures)
05:01:38 INFO  
</system-out>
	</testcase>
</testsuite>
