<?xml version="1.0" encoding="utf-8"?>
<testsuite failures="1" name="SoftwareManagement.sm_mixed_install_remove_multiple" skipped="0" tests="1" time="166.55" timestamp="2022-07-21T19:37:31">
	<testcase classname="PySysTest" name="SoftwareManagement.sm_mixed_install_remove_multiple">
		<failure message="FAILED: Assert that (False == value) with value=True" type="FAILED"/>
		<system-out>19:34:45 INFO  ==============================================================
19:34:45 INFO  Id:    SoftwareManagement.sm_mixed_install_remove_multiple
19:34:45 INFO  Dir:   software_management_end_to_end/
19:34:45 INFO  Title: Validate end to end behaviour for the dummy-plugin for multiple packages with mixed versions
19:34:45 INFO  ==============================================================
19:34:45 INFO  Using sw id database: {'asciijump': '5475369', 'robotfindskitten': '5474869', 'squirrel3': '5475279', 'rolldice': '5152439', 'moon-buggy': '5439204', 'apple': '5495053', 'banana': '5494888', 'cherry': '5495382', 'watermelon': '5494510', 'registry': '8018911', 'hello-world': '8021526', 'docker/getting-started': '8021973', 'alpine': '7991792'}
19:34:45 INFO  EnvironmentC8y Setup
19:34:46 INFO  Executed systemctl&lt;serv_mapper1&gt;, exit status 3
19:34:46 INFO  Restarting mosquitto too frequently in the last 10 seconds. It was only up for 5 seconds
19:34:46 INFO  Delaying execution by 6 seconds
19:35:06 INFO  Executed sudo&lt;tedge_connect_c8y&gt;, exit status 0, duration 13 secs
19:35:06 INFO  Executed sudo&lt;tedge_connect_c8y_test&gt;, exit status 0
19:35:07 INFO  Executed systemctl&lt;serv_mosq2&gt;, exit status 0
19:35:07 INFO  Executed systemctl&lt;serv_mapper3&gt;, exit status 0
19:35:09 INFO  State of current operation: SUCCESSFUL
19:35:10 INFO  Package apple is installed
19:35:10 INFO  Assert that (True == value) with value=True ... passed
19:35:10 INFO  Package banana is installed
19:35:10 INFO  Assert that (True == value) with value=True ... passed
19:35:10 INFO  Package cherry is installed
19:35:10 INFO  Assert that (True == value) with value=True ... passed
19:35:10 INFO  Package asciijump is installed
19:35:10 WARN  Assert that (False == value) with value=True ... failed 
19:35:11 INFO  Assert that (False == value) with value=False ... passed
19:35:11 INFO  Response status: 201
19:35:11 INFO  Response to action: {
    &quot;creationTime&quot;: &quot;2022-07-21T19:35:11.347Z&quot;,
    &quot;deviceId&quot;: &quot;21166555&quot;,
    &quot;deviceName&quot;: &quot;m32sd10d&quot;,
    &quot;self&quot;: &quot;https://t493319102.eu-latest.cumulocity.com/devicecontrol/operations/21172732&quot;,
    &quot;id&quot;: &quot;21172732&quot;,
    &quot;status&quot;: &quot;PENDING&quot;,
    &quot;description&quot;: &quot;Apply software changes, triggered from PySys: [{'action': 'install', 'id': '5495053', 'name': 'apple', 'url': ' ', 'version': '::fruits'}, {'action': 'install', 'id': '5494888', 'name': 'banana', 'url': ' ', 'version': '::fruits'}, {'action': 'install', 'id': '5475369', 'name': 'asciijump', 'url': ' ', 'version': '::apt'}, {'action': 'install', 'id': '5495382', 'name': 'cherry', 'url': ' ', 'version': '::fruits'}, {'action': 'install', 'id': '8018911', 'name': 'registry', 'url': ' ', 'version': '::docker'}]&quot;,
    &quot;c8y_SoftwareUpdate&quot;: [
        {
            &quot;name&quot;: &quot;apple&quot;,
            &quot;action&quot;: &quot;install&quot;,
            &quot;id&quot;: &quot;5495053&quot;,
            &quot;version&quot;: &quot;::fruits&quot;,
            &quot;url&quot;: &quot; &quot;
        },
        {
            &quot;name&quot;: &quot;banana&quot;,
            &quot;action&quot;: &quot;install&quot;,
            &quot;id&quot;: &quot;5494888&quot;,
            &quot;version&quot;: &quot;::fruits&quot;,
            &quot;url&quot;: &quot; &quot;
        },
        {
            &quot;name&quot;: &quot;asciijump&quot;,
            &quot;action&quot;: &quot;install&quot;,
            &quot;id&quot;: &quot;5475369&quot;,
            &quot;version&quot;: &quot;::apt&quot;,
            &quot;url&quot;: &quot; &quot;
        },
        {
            &quot;name&quot;: &quot;cherry&quot;,
            &quot;action&quot;: &quot;install&quot;,
            &quot;id&quot;: &quot;5495382&quot;,
            &quot;version&quot;: &quot;::fruits&quot;,
            &quot;url&quot;: &quot; &quot;
        },
        {
            &quot;name&quot;: &quot;registry&quot;,
            &quot;action&quot;: &quot;install&quot;,
            &quot;id&quot;: &quot;8018911&quot;,
            &quot;version&quot;: &quot;::docker&quot;,
            &quot;url&quot;: &quot; &quot;
        }
    ]
}
19:35:11 INFO  Started operation: {'creationTime': '2022-07-21T19:35:11.347Z', 'deviceId': '21166555', 'deviceName': 'm32sd10d', 'self': 'https://t493319102.eu-latest.cumulocity.com/devicecontrol/operations/21172732', 'id': '21172732', 'status': 'PENDING', 'description': &quot;Apply software changes, triggered from PySys: [{'action': 'install', 'id': '5495053', 'name': 'apple', 'url': ' ', 'version': '::fruits'}, {'action': 'install', 'id': '5494888', 'name': 'banana', 'url': ' ', 'version': '::fruits'}, {'action': 'install', 'id': '5475369', 'name': 'asciijump', 'url': ' ', 'version': '::apt'}, {'action': 'install', 'id': '5495382', 'name': 'cherry', 'url': ' ', 'version': '::fruits'}, {'action': 'install', 'id': '8018911', 'name': 'registry', 'url': ' ', 'version': '::docker'}]&quot;, 'c8y_SoftwareUpdate': [{'name': 'apple', 'action': 'install', 'id': '5495053', 'version': '::fruits', 'url': ' '}, {'name': 'banana', 'action': 'install', 'id': '5494888', 'version': '::fruits', 'url': ' '}, {'name': 'asciijump', 'action': 'install', 'id': '5475369', 'version': '::apt', 'url': ' '}, {'name': 'cherry', 'action': 'install', 'id': '5495382', 'version': '::fruits', 'url': ' '}, {'name': 'registry', 'action': 'install', 'id': '8018911', 'version': '::docker', 'url': ' '}]}
19:35:13 INFO  State of operation 21172732 : PENDING
19:35:15 INFO  State of operation 21172732 : EXECUTING
19:35:18 INFO  State of operation 21172732 : EXECUTING
19:35:20 INFO  State of operation 21172732 : EXECUTING
19:35:22 INFO  State of operation 21172732 : EXECUTING
19:35:24 INFO  State of operation 21172732 : EXECUTING
19:35:27 INFO  State of operation 21172732 : EXECUTING
19:35:30 INFO  State of operation 21172732 : EXECUTING
19:35:32 INFO  State of operation 21172732 : EXECUTING
19:35:34 INFO  State of operation 21172732 : EXECUTING
19:35:37 INFO  State of operation 21172732 : EXECUTING
19:35:39 INFO  State of operation 21172732 : EXECUTING
19:35:41 INFO  State of operation 21172732 : EXECUTING
19:35:43 INFO  State of operation 21172732 : EXECUTING
19:35:46 INFO  State of operation 21172732 : EXECUTING
19:35:48 INFO  State of operation 21172732 : EXECUTING
19:35:50 INFO  State of operation 21172732 : EXECUTING
19:35:53 INFO  State of operation 21172732 : EXECUTING
19:35:55 INFO  State of operation 21172732 : EXECUTING
19:35:57 INFO  State of operation 21172732 : EXECUTING
19:36:00 INFO  State of operation 21172732 : EXECUTING
19:36:02 INFO  State of operation 21172732 : EXECUTING
19:36:04 INFO  State of operation 21172732 : EXECUTING
19:36:06 INFO  State of operation 21172732 : EXECUTING
19:36:09 INFO  State of operation 21172732 : EXECUTING
19:36:11 INFO  State of operation 21172732 : EXECUTING
19:36:13 INFO  State of operation 21172732 : SUCCESSFUL
19:36:13 INFO  Package apple is installed
19:36:13 INFO  Assert that (True == value) with value=True ... passed
19:36:14 INFO  Package banana is installed
19:36:14 INFO  Assert that (True == value) with value=True ... passed
19:36:14 INFO  Package cherry is installed
19:36:14 INFO  Assert that (True == value) with value=True ... passed
19:36:14 INFO  Package asciijump is installed
19:36:14 INFO  Assert that (True == value) with value=True ... passed
19:36:14 INFO  Package registry is installed
19:36:14 INFO  Assert that (True == value) with value=True ... passed
19:36:15 INFO  Response status: 201
19:36:15 INFO  Response to action: {
    &quot;creationTime&quot;: &quot;2022-07-21T19:36:15.107Z&quot;,
    &quot;deviceId&quot;: &quot;21166555&quot;,
    &quot;deviceName&quot;: &quot;m32sd10d&quot;,
    &quot;self&quot;: &quot;https://t493319102.eu-latest.cumulocity.com/devicecontrol/operations/21172736&quot;,
    &quot;id&quot;: &quot;21172736&quot;,
    &quot;status&quot;: &quot;PENDING&quot;,
    &quot;description&quot;: &quot;Apply software changes, triggered from PySys: [{'action': 'delete', 'id': '5495053', 'name': 'apple', 'url': ' ', 'version': '::fruits'}, {'action': 'delete', 'id': '5494888', 'name': 'banana', 'url': ' ', 'version': '::fruits'}, {'action': 'delete', 'id': '5475369', 'name': 'asciijump', 'url': ' ', 'version': '::apt'}, {'action': 'delete', 'id': '5495382', 'name': 'cherry', 'url': ' ', 'version': '::fruits'}, {'action': 'delete', 'id': '8018911', 'name': 'registry', 'url': ' ', 'version': '::docker'}]&quot;,
    &quot;c8y_SoftwareUpdate&quot;: [
        {
            &quot;name&quot;: &quot;apple&quot;,
            &quot;action&quot;: &quot;delete&quot;,
            &quot;id&quot;: &quot;5495053&quot;,
            &quot;version&quot;: &quot;::fruits&quot;,
            &quot;url&quot;: &quot; &quot;
        },
        {
            &quot;name&quot;: &quot;banana&quot;,
            &quot;action&quot;: &quot;delete&quot;,
            &quot;id&quot;: &quot;5494888&quot;,
            &quot;version&quot;: &quot;::fruits&quot;,
            &quot;url&quot;: &quot; &quot;
        },
        {
            &quot;name&quot;: &quot;asciijump&quot;,
            &quot;action&quot;: &quot;delete&quot;,
            &quot;id&quot;: &quot;5475369&quot;,
            &quot;version&quot;: &quot;::apt&quot;,
            &quot;url&quot;: &quot; &quot;
        },
        {
            &quot;name&quot;: &quot;cherry&quot;,
            &quot;action&quot;: &quot;delete&quot;,
            &quot;id&quot;: &quot;5495382&quot;,
            &quot;version&quot;: &quot;::fruits&quot;,
            &quot;url&quot;: &quot; &quot;
        },
        {
            &quot;name&quot;: &quot;registry&quot;,
            &quot;action&quot;: &quot;delete&quot;,
            &quot;id&quot;: &quot;8018911&quot;,
            &quot;version&quot;: &quot;::docker&quot;,
            &quot;url&quot;: &quot; &quot;
        }
    ]
}
19:36:15 INFO  Started operation: {'creationTime': '2022-07-21T19:36:15.107Z', 'deviceId': '21166555', 'deviceName': 'm32sd10d', 'self': 'https://t493319102.eu-latest.cumulocity.com/devicecontrol/operations/21172736', 'id': '21172736', 'status': 'PENDING', 'description': &quot;Apply software changes, triggered from PySys: [{'action': 'delete', 'id': '5495053', 'name': 'apple', 'url': ' ', 'version': '::fruits'}, {'action': 'delete', 'id': '5494888', 'name': 'banana', 'url': ' ', 'version': '::fruits'}, {'action': 'delete', 'id': '5475369', 'name': 'asciijump', 'url': ' ', 'version': '::apt'}, {'action': 'delete', 'id': '5495382', 'name': 'cherry', 'url': ' ', 'version': '::fruits'}, {'action': 'delete', 'id': '8018911', 'name': 'registry', 'url': ' ', 'version': '::docker'}]&quot;, 'c8y_SoftwareUpdate': [{'name': 'apple', 'action': 'delete', 'id': '5495053', 'version': '::fruits', 'url': ' '}, {'name': 'banana', 'action': 'delete', 'id': '5494888', 'version': '::fruits', 'url': ' '}, {'name': 'asciijump', 'action': 'delete', 'id': '5475369', 'version': '::apt', 'url': ' '}, {'name': 'cherry', 'action': 'delete', 'id': '5495382', 'version': '::fruits', 'url': ' '}, {'name': 'registry', 'action': 'delete', 'id': '8018911', 'version': '::docker', 'url': ' '}]}
19:36:17 INFO  State of operation 21172736 : PENDING
19:36:19 INFO  State of operation 21172736 : EXECUTING
19:36:21 INFO  State of operation 21172736 : EXECUTING
19:36:24 INFO  State of operation 21172736 : EXECUTING
19:36:26 INFO  State of operation 21172736 : EXECUTING
19:36:28 INFO  State of operation 21172736 : EXECUTING
19:36:31 INFO  State of operation 21172736 : EXECUTING
19:36:33 INFO  State of operation 21172736 : EXECUTING
19:36:36 INFO  State of operation 21172736 : EXECUTING
19:36:38 INFO  State of operation 21172736 : EXECUTING
19:36:40 INFO  State of operation 21172736 : EXECUTING
19:36:42 INFO  State of operation 21172736 : EXECUTING
19:36:45 INFO  State of operation 21172736 : EXECUTING
19:36:47 INFO  State of operation 21172736 : EXECUTING
19:36:49 INFO  State of operation 21172736 : EXECUTING
19:36:52 INFO  State of operation 21172736 : EXECUTING
19:36:55 INFO  State of operation 21172736 : EXECUTING
19:36:58 INFO  State of operation 21172736 : EXECUTING
19:37:00 INFO  State of operation 21172736 : EXECUTING
19:37:02 INFO  State of operation 21172736 : EXECUTING
19:37:05 INFO  State of operation 21172736 : EXECUTING
19:37:07 INFO  State of operation 21172736 : EXECUTING
19:37:10 INFO  State of operation 21172736 : EXECUTING
19:37:12 INFO  State of operation 21172736 : EXECUTING
19:37:14 INFO  State of operation 21172736 : EXECUTING
19:37:16 INFO  State of operation 21172736 : EXECUTING
19:37:19 INFO  State of operation 21172736 : EXECUTING
19:37:21 INFO  State of operation 21172736 : EXECUTING
19:37:23 INFO  State of operation 21172736 : EXECUTING
19:37:25 INFO  State of operation 21172736 : SUCCESSFUL
19:37:26 INFO  Package apple is installed
19:37:26 INFO  Assert that (True == value) with value=True ... passed
19:37:26 INFO  Package banana is installed
19:37:26 INFO  Assert that (True == value) with value=True ... passed
19:37:26 INFO  Package cherry is installed
19:37:26 INFO  Assert that (True == value) with value=True ... passed
19:37:26 INFO  Assert that (False == value) with value=False ... passed
19:37:27 INFO  Assert that (False == value) with value=False ... passed
19:37:27 INFO  
19:37:27 INFO  cleanup:
19:37:31 INFO  Executed sudo&lt;tedge_disconnect_c8y&gt;, exit status 0
19:37:31 INFO  Executed systemctl&lt;serv_mapper5&gt;, exit status 3
19:37:31 INFO  
19:37:31 INFO  Test duration: 166.55 secs
19:37:31 INFO  Test final outcome:  FAILED
19:37:31 INFO  Test outcome reason: Assert that (False == value) with value=True
19:37:31 INFO  
</system-out>
	</testcase>
</testsuite>
