<?xml version="1.0" encoding="utf-8"?>
<testsuite failures="1" name="SoftwareManagement.sm_apt_install_remove_multiple" skipped="0" tests="1" time="137.92" timestamp="2022-07-22T16:57:50">
	<testcase classname="PySysTest" name="SoftwareManagement.sm_apt_install_remove_multiple">
		<failure message="FAILED: Assert that (False == value) with value=True (+2 other failures)" type="FAILED"/>
		<system-out>16:55:32 INFO  ==============================================================
16:55:32 INFO  Id:    SoftwareManagement.sm_apt_install_remove_multiple
16:55:32 INFO  Dir:   software_management_end_to_end/
16:55:32 INFO  Title: Validate end to end behaviour for the apt plugin for multiple packages
16:55:32 INFO  ==============================================================
16:55:32 INFO  Using sw id database: {'asciijump': '5475369', 'robotfindskitten': '5474869', 'squirrel3': '5475279', 'rolldice': '5152439', 'moon-buggy': '5439204', 'apple': '5495053', 'banana': '5494888', 'cherry': '5495382', 'watermelon': '5494510', 'registry': '8018911', 'hello-world': '8021526', 'docker/getting-started': '8021973', 'alpine': '7991792'}
16:55:32 INFO  EnvironmentC8y Setup
16:55:33 INFO  Executed systemctl&lt;serv_mapper1&gt;, exit status 3
16:55:33 INFO  Restarting mosquitto too frequently in the last 10 seconds. It was only up for 5 seconds
16:55:33 INFO  Delaying execution by 6 seconds
16:55:53 INFO  Executed sudo&lt;tedge_connect_c8y&gt;, exit status 0, duration 14 secs
16:55:54 INFO  Executed sudo&lt;tedge_connect_c8y_test&gt;, exit status 0
16:55:54 INFO  Executed systemctl&lt;serv_mosq2&gt;, exit status 0
16:55:55 INFO  Executed systemctl&lt;serv_mapper3&gt;, exit status 0
16:55:57 INFO  State of current operation: SUCCESSFUL
16:55:57 INFO  Assert that (False == value) with value=False ... passed
16:55:57 INFO  Package asciijump is installed
16:55:58 WARN  Assert that (False == value) with value=True ... failed 
16:55:58 INFO  Package squirrel3 is installed
16:55:58 WARN  Assert that (False == value) with value=True ... failed 
16:55:58 INFO  Package robotfindskitten is installed
16:55:58 WARN  Assert that (False == value) with value=True ... failed 
16:55:58 INFO  Response status: 201
16:55:58 INFO  Response to action: {
    &quot;delivery&quot;: {
        &quot;log&quot;: [],
        &quot;time&quot;: &quot;2022-07-22T16:55:58.883Z&quot;,
        &quot;status&quot;: &quot;PENDING&quot;
    },
    &quot;creationTime&quot;: &quot;2022-07-22T16:55:58.806Z&quot;,
    &quot;deviceId&quot;: &quot;21278192&quot;,
    &quot;deviceName&quot;: &quot;m32sd10d&quot;,
    &quot;self&quot;: &quot;https://t493319102.eu-latest.cumulocity.com/devicecontrol/operations/21301533&quot;,
    &quot;id&quot;: &quot;21301533&quot;,
    &quot;status&quot;: &quot;PENDING&quot;,
    &quot;description&quot;: &quot;Apply software changes, triggered from PySys: [{'action': 'install', 'id': '5475369', 'name': 'asciijump', 'url': ' ', 'version': '::apt'}, {'action': 'install', 'id': '5474869', 'name': 'robotfindskitten', 'url': ' ', 'version': '::apt'}, {'action': 'install', 'id': '5475279', 'name': 'squirrel3', 'url': ' ', 'version': '::apt'}]&quot;,
    &quot;c8y_SoftwareUpdate&quot;: [
        {
            &quot;name&quot;: &quot;asciijump&quot;,
            &quot;action&quot;: &quot;install&quot;,
            &quot;id&quot;: &quot;5475369&quot;,
            &quot;version&quot;: &quot;::apt&quot;,
            &quot;url&quot;: &quot; &quot;
        },
        {
            &quot;name&quot;: &quot;robotfindskitten&quot;,
            &quot;action&quot;: &quot;install&quot;,
            &quot;id&quot;: &quot;5474869&quot;,
            &quot;version&quot;: &quot;::apt&quot;,
            &quot;url&quot;: &quot; &quot;
        },
        {
            &quot;name&quot;: &quot;squirrel3&quot;,
            &quot;action&quot;: &quot;install&quot;,
            &quot;id&quot;: &quot;5475279&quot;,
            &quot;version&quot;: &quot;::apt&quot;,
            &quot;url&quot;: &quot; &quot;
        }
    ]
}
16:55:58 INFO  Started operation: {'delivery': {'log': [], 'time': '2022-07-22T16:55:58.883Z', 'status': 'PENDING'}, 'creationTime': '2022-07-22T16:55:58.806Z', 'deviceId': '21278192', 'deviceName': 'm32sd10d', 'self': 'https://t493319102.eu-latest.cumulocity.com/devicecontrol/operations/21301533', 'id': '21301533', 'status': 'PENDING', 'description': &quot;Apply software changes, triggered from PySys: [{'action': 'install', 'id': '5475369', 'name': 'asciijump', 'url': ' ', 'version': '::apt'}, {'action': 'install', 'id': '5474869', 'name': 'robotfindskitten', 'url': ' ', 'version': '::apt'}, {'action': 'install', 'id': '5475279', 'name': 'squirrel3', 'url': ' ', 'version': '::apt'}]&quot;, 'c8y_SoftwareUpdate': [{'name': 'asciijump', 'action': 'install', 'id': '5475369', 'version': '::apt', 'url': ' '}, {'name': 'robotfindskitten', 'action': 'install', 'id': '5474869', 'version': '::apt', 'url': ' '}, {'name': 'squirrel3', 'action': 'install', 'id': '5475279', 'version': '::apt', 'url': ' '}]}
16:56:01 INFO  State of operation 21301533 : PENDING
16:56:03 INFO  State of operation 21301533 : EXECUTING
16:56:05 INFO  State of operation 21301533 : EXECUTING
16:56:07 INFO  State of operation 21301533 : EXECUTING
16:56:10 INFO  State of operation 21301533 : EXECUTING
16:56:12 INFO  State of operation 21301533 : EXECUTING
16:56:15 INFO  State of operation 21301533 : EXECUTING
16:56:17 INFO  State of operation 21301533 : EXECUTING
16:56:20 INFO  State of operation 21301533 : EXECUTING
16:56:22 INFO  State of operation 21301533 : EXECUTING
16:56:24 INFO  State of operation 21301533 : EXECUTING
16:56:27 INFO  State of operation 21301533 : EXECUTING
16:56:29 INFO  State of operation 21301533 : EXECUTING
16:56:31 INFO  State of operation 21301533 : EXECUTING
16:56:33 INFO  State of operation 21301533 : EXECUTING
16:56:36 INFO  State of operation 21301533 : SUCCESSFUL
16:56:36 INFO  Assert that (False == value) with value=False ... passed
16:56:36 INFO  Package asciijump is installed
16:56:36 INFO  Assert that (True == value) with value=True ... passed
16:56:36 INFO  Package squirrel3 is installed
16:56:36 INFO  Assert that (True == value) with value=True ... passed
16:56:36 INFO  Package robotfindskitten is installed
16:56:36 INFO  Assert that (True == value) with value=True ... passed
16:56:37 INFO  Response status: 201
16:56:37 INFO  Response to action: {
    &quot;delivery&quot;: {
        &quot;log&quot;: [],
        &quot;time&quot;: &quot;2022-07-22T16:56:37.186Z&quot;,
        &quot;status&quot;: &quot;PENDING&quot;
    },
    &quot;creationTime&quot;: &quot;2022-07-22T16:56:37.166Z&quot;,
    &quot;deviceId&quot;: &quot;21278192&quot;,
    &quot;deviceName&quot;: &quot;m32sd10d&quot;,
    &quot;self&quot;: &quot;https://t493319102.eu-latest.cumulocity.com/devicecontrol/operations/21301543&quot;,
    &quot;id&quot;: &quot;21301543&quot;,
    &quot;status&quot;: &quot;PENDING&quot;,
    &quot;description&quot;: &quot;Apply software changes, triggered from PySys: [{'action': 'delete', 'id': '5475369', 'name': 'asciijump', 'url': ' ', 'version': '::apt'}, {'action': 'delete', 'id': '5474869', 'name': 'robotfindskitten', 'url': ' ', 'version': '::apt'}, {'action': 'delete', 'id': '5475279', 'name': 'squirrel3', 'url': ' ', 'version': '::apt'}]&quot;,
    &quot;c8y_SoftwareUpdate&quot;: [
        {
            &quot;name&quot;: &quot;asciijump&quot;,
            &quot;action&quot;: &quot;delete&quot;,
            &quot;id&quot;: &quot;5475369&quot;,
            &quot;version&quot;: &quot;::apt&quot;,
            &quot;url&quot;: &quot; &quot;
        },
        {
            &quot;name&quot;: &quot;robotfindskitten&quot;,
            &quot;action&quot;: &quot;delete&quot;,
            &quot;id&quot;: &quot;5474869&quot;,
            &quot;version&quot;: &quot;::apt&quot;,
            &quot;url&quot;: &quot; &quot;
        },
        {
            &quot;name&quot;: &quot;squirrel3&quot;,
            &quot;action&quot;: &quot;delete&quot;,
            &quot;id&quot;: &quot;5475279&quot;,
            &quot;version&quot;: &quot;::apt&quot;,
            &quot;url&quot;: &quot; &quot;
        }
    ]
}
16:56:37 INFO  Started operation: {'delivery': {'log': [], 'time': '2022-07-22T16:56:37.186Z', 'status': 'PENDING'}, 'creationTime': '2022-07-22T16:56:37.166Z', 'deviceId': '21278192', 'deviceName': 'm32sd10d', 'self': 'https://t493319102.eu-latest.cumulocity.com/devicecontrol/operations/21301543', 'id': '21301543', 'status': 'PENDING', 'description': &quot;Apply software changes, triggered from PySys: [{'action': 'delete', 'id': '5475369', 'name': 'asciijump', 'url': ' ', 'version': '::apt'}, {'action': 'delete', 'id': '5474869', 'name': 'robotfindskitten', 'url': ' ', 'version': '::apt'}, {'action': 'delete', 'id': '5475279', 'name': 'squirrel3', 'url': ' ', 'version': '::apt'}]&quot;, 'c8y_SoftwareUpdate': [{'name': 'asciijump', 'action': 'delete', 'id': '5475369', 'version': '::apt', 'url': ' '}, {'name': 'robotfindskitten', 'action': 'delete', 'id': '5474869', 'version': '::apt', 'url': ' '}, {'name': 'squirrel3', 'action': 'delete', 'id': '5475279', 'version': '::apt', 'url': ' '}]}
16:56:39 INFO  State of operation 21301543 : PENDING
16:56:41 INFO  State of operation 21301543 : EXECUTING
16:56:43 INFO  State of operation 21301543 : EXECUTING
16:56:46 INFO  State of operation 21301543 : EXECUTING
16:56:48 INFO  State of operation 21301543 : EXECUTING
16:56:50 INFO  State of operation 21301543 : EXECUTING
16:56:53 INFO  State of operation 21301543 : EXECUTING
16:56:56 INFO  State of operation 21301543 : EXECUTING
16:56:58 INFO  State of operation 21301543 : EXECUTING
16:57:00 INFO  State of operation 21301543 : EXECUTING
16:57:02 INFO  State of operation 21301543 : EXECUTING
16:57:05 INFO  State of operation 21301543 : EXECUTING
16:57:07 INFO  State of operation 21301543 : EXECUTING
16:57:09 INFO  State of operation 21301543 : EXECUTING
16:57:11 INFO  State of operation 21301543 : EXECUTING
16:57:14 INFO  State of operation 21301543 : EXECUTING
16:57:16 INFO  State of operation 21301543 : EXECUTING
16:57:19 INFO  State of operation 21301543 : EXECUTING
16:57:21 INFO  State of operation 21301543 : EXECUTING
16:57:24 INFO  State of operation 21301543 : EXECUTING
16:57:26 INFO  State of operation 21301543 : EXECUTING
16:57:28 INFO  State of operation 21301543 : EXECUTING
16:57:30 INFO  State of operation 21301543 : EXECUTING
16:57:33 INFO  State of operation 21301543 : EXECUTING
16:57:35 INFO  State of operation 21301543 : EXECUTING
16:57:38 INFO  State of operation 21301543 : EXECUTING
16:57:40 INFO  State of operation 21301543 : EXECUTING
16:57:42 INFO  State of operation 21301543 : EXECUTING
16:57:44 INFO  State of operation 21301543 : SUCCESSFUL
16:57:45 INFO  Assert that (False == value) with value=False ... passed
16:57:45 INFO  Assert that (False == value) with value=False ... passed
16:57:45 INFO  Assert that (False == value) with value=False ... passed
16:57:45 INFO  Assert that (False == value) with value=False ... passed
16:57:45 INFO  
16:57:45 INFO  cleanup:
16:57:49 INFO  Executed sudo&lt;tedge_disconnect_c8y&gt;, exit status 0
16:57:50 INFO  Executed systemctl&lt;serv_mapper5&gt;, exit status 3
16:57:50 INFO  
16:57:50 INFO  Test duration: 137.92 secs
16:57:50 INFO  Test final outcome:  FAILED
16:57:50 INFO  Test outcome reason: Assert that (False == value) with value=True (+2 other failures)
16:57:50 INFO  
</system-out>
	</testcase>
</testsuite>
