<?xml version="1.0" encoding="utf-8"?>
<testsuite failures="1" name="SoftwareManagement.sm_fake_install_remove" skipped="0" tests="1" time="165.89" timestamp="2022-05-25T12:20:27">
	<testcase classname="PySysTest" name="SoftwareManagement.sm_fake_install_remove">
		<failure message="BLOCKED: SystemError: Timeout while waiting for status FAILED or SUCCESSFUL" type="BLOCKED"/>
		<system-out>12:17:41 INFO  ==============================================================
12:17:41 INFO  Id:    SoftwareManagement.sm_fake_install_remove
12:17:41 INFO  Dir:   software_management_end_to_end/
12:17:41 INFO  Title: Validate end to end behaviour for the dummy plugin for installation and removal of packages
12:17:41 INFO  ==============================================================
12:17:41 INFO  Using sw id database: {'asciijump': '5475369', 'robotfindskitten': '5474869', 'squirrel3': '5475279', 'rolldice': '5152439', 'moon-buggy': '5439204', 'apple': '5495053', 'banana': '5494888', 'cherry': '5495382', 'watermelon': '5494510', 'registry': '8018911', 'hello-world': '8021526', 'docker/getting-started': '8021973', 'alpine': '7991792'}
12:17:41 INFO  EnvironmentC8y Setup
12:17:42 INFO  Executed systemctl&lt;serv_mapper1&gt;, exit status 3
12:17:42 INFO  Restarting mosquitto too frequently in the last 10 seconds. It was only up for 5 seconds
12:17:42 INFO  Delaying execution by 6 seconds
12:18:02 INFO  Executed sudo&lt;tedge_connect_c8y&gt;, exit status 0, duration 14 secs
12:18:03 INFO  Executed sudo&lt;tedge_connect_c8y_test&gt;, exit status 0
12:18:03 INFO  Executed systemctl&lt;serv_mosq2&gt;, exit status 0
12:18:04 INFO  Executed systemctl&lt;serv_mapper3&gt;, exit status 0
12:18:06 INFO  State of current operation: PENDING
12:18:08 INFO  State of current operation: PENDING
12:18:10 INFO  State of current operation: PENDING
12:18:13 INFO  State of current operation: PENDING
12:18:15 INFO  State of current operation: PENDING
12:18:17 INFO  State of current operation: PENDING
12:18:19 INFO  State of current operation: PENDING
12:18:21 INFO  State of current operation: PENDING
12:18:24 INFO  State of current operation: PENDING
12:18:26 INFO  State of current operation: PENDING
12:18:28 INFO  State of current operation: PENDING
12:18:30 INFO  State of current operation: PENDING
12:18:33 INFO  State of current operation: PENDING
12:18:35 INFO  State of current operation: PENDING
12:18:37 INFO  State of current operation: PENDING
12:18:39 INFO  State of current operation: PENDING
12:18:42 INFO  State of current operation: PENDING
12:18:44 INFO  State of current operation: PENDING
12:18:46 INFO  State of current operation: PENDING
12:18:48 INFO  State of current operation: PENDING
12:18:51 INFO  State of current operation: PENDING
12:18:53 INFO  State of current operation: PENDING
12:18:55 INFO  State of current operation: PENDING
12:18:58 INFO  State of current operation: PENDING
12:19:00 INFO  State of current operation: PENDING
12:19:02 INFO  State of current operation: PENDING
12:19:04 INFO  State of current operation: PENDING
12:19:07 INFO  State of current operation: PENDING
12:19:09 INFO  State of current operation: PENDING
12:19:11 INFO  State of current operation: PENDING
12:19:13 INFO  State of current operation: PENDING
12:19:16 INFO  State of current operation: PENDING
12:19:18 INFO  State of current operation: PENDING
12:19:20 INFO  State of current operation: PENDING
12:19:22 INFO  State of current operation: PENDING
12:19:25 INFO  State of current operation: PENDING
12:19:27 INFO  State of current operation: PENDING
12:19:29 INFO  State of current operation: PENDING
12:19:31 INFO  State of current operation: PENDING
12:19:34 INFO  State of current operation: PENDING
12:19:36 INFO  State of current operation: PENDING
12:19:38 INFO  State of current operation: PENDING
12:19:40 INFO  State of current operation: PENDING
12:19:42 INFO  State of current operation: PENDING
12:19:45 INFO  State of current operation: PENDING
12:19:47 INFO  State of current operation: PENDING
12:19:49 INFO  State of current operation: PENDING
12:19:51 INFO  State of current operation: PENDING
12:19:54 INFO  State of current operation: PENDING
12:19:56 INFO  State of current operation: PENDING
12:19:58 INFO  State of current operation: PENDING
12:20:00 INFO  State of current operation: PENDING
12:20:03 INFO  State of current operation: PENDING
12:20:05 INFO  State of current operation: PENDING
12:20:07 INFO  State of current operation: PENDING
12:20:09 INFO  State of current operation: PENDING
12:20:12 INFO  State of current operation: PENDING
12:20:14 INFO  State of current operation: PENDING
12:20:16 INFO  State of current operation: PENDING
12:20:18 INFO  State of current operation: PENDING
12:20:20 INFO  State of current operation: PENDING
12:20:22 WARN  SystemError occurred while running test - Timeout while waiting for status FAILED or SUCCESSFUL
Traceback (most recent call last):
  File &quot;/home/pi/env-pysys/lib/python3.7/site-packages/pysys/baserunner.py&quot;, line 1292, in __call__
    self.testObj.setup()
  File &quot;/home/pi/actions-runner/_work/thin-edge.io/thin-edge.io/tests/PySys/software_management_end_to_end/sm_fake_install_remove/run.py&quot;, line 38, in setup
    super().setup()
  File &quot;/home/pi/actions-runner/_work/thin-edge.io/thin-edge.io/tests/PySys/software_management_end_to_end/environment_sm_management.py&quot;, line 151, in setup
    self.wait_until_end()
  File &quot;/home/pi/actions-runner/_work/thin-edge.io/thin-edge.io/tests/PySys/software_management_end_to_end/environment_sm_management.py&quot;, line 332, in wait_until_end
    self.wait_until_status(&quot;FAILED&quot;, &quot;SUCCESSFUL&quot;)
  File &quot;/home/pi/actions-runner/_work/thin-edge.io/thin-edge.io/tests/PySys/software_management_end_to_end/environment_sm_management.py&quot;, line 381, in wait_until_status
    &quot;Timeout while waiting for status %s or %s&quot; % (status, status2)
SystemError: Timeout while waiting for status FAILED or SUCCESSFUL
12:20:23 WARN  SystemError: Timeout while waiting for status FAILED or SUCCESSFUL ... blocked 
12:20:23 INFO  
12:20:23 INFO  cleanup:
12:20:27 INFO  Executed sudo&lt;tedge_disconnect_c8y&gt;, exit status 0
12:20:27 INFO  Executed systemctl&lt;serv_mapper5&gt;, exit status 3
12:20:27 INFO  
12:20:27 INFO  Test duration: 165.89 secs
12:20:27 INFO  Test final outcome:  BLOCKED
12:20:27 INFO  Test outcome reason: SystemError: Timeout while waiting for status FAILED or SUCCESSFUL
12:20:27 INFO  
</system-out>
	</testcase>
</testsuite>
