<?xml version="1.0" encoding="utf-8"?>
<testsuite failures="1" name="SoftwareManagement.sm_docker_install_remove_multiple" skipped="0" tests="1" time="165.07" timestamp="2022-05-23T14:41:32">
	<testcase classname="SMDockerInstallRemove" name="SoftwareManagement.sm_docker_install_remove_multiple">
		<failure message="BLOCKED: SystemError: Timeout while waiting for status FAILED or SUCCESSFUL" type="BLOCKED"/>
		<system-out>14:38:46 INFO  ==============================================================
14:38:46 INFO  Id:    SoftwareManagement.sm_docker_install_remove_multiple
14:38:46 INFO  Dir:   software_management_end_to_end/
14:38:46 INFO  Title: Validate end to end behaviour for the docker plugin for multiple docker images with mixed versions
14:38:46 INFO  ==============================================================
14:38:46 INFO  Using sw id database: {'asciijump': '5475369', 'robotfindskitten': '5474869', 'squirrel3': '5475279', 'rolldice': '5152439', 'moon-buggy': '5439204', 'apple': '5495053', 'banana': '5494888', 'cherry': '5495382', 'watermelon': '5494510', 'registry': '8018911', 'hello-world': '8021526', 'docker/getting-started': '8021973', 'alpine': '7991792'}
14:38:46 INFO  EnvironmentC8y Setup
14:38:47 INFO  Executed systemctl&lt;serv_mapper1&gt;, exit status 3
14:38:47 INFO  Restarting mosquitto too frequently in the last 10 seconds. It was only up for 5 seconds
14:38:47 INFO  Delaying execution by 6 seconds
14:39:07 INFO  Executed sudo&lt;tedge_connect_c8y&gt;, exit status 0, duration 13 secs
14:39:08 INFO  Executed sudo&lt;tedge_connect_c8y_test&gt;, exit status 0
14:39:08 INFO  Executed systemctl&lt;serv_mosq2&gt;, exit status 0
14:39:08 INFO  Executed systemctl&lt;serv_mapper3&gt;, exit status 0
14:39:11 INFO  State of current operation: PENDING
14:39:13 INFO  State of current operation: PENDING
14:39:15 INFO  State of current operation: PENDING
14:39:17 INFO  State of current operation: PENDING
14:39:20 INFO  State of current operation: PENDING
14:39:22 INFO  State of current operation: PENDING
14:39:24 INFO  State of current operation: PENDING
14:39:26 INFO  State of current operation: PENDING
14:39:29 INFO  State of current operation: PENDING
14:39:31 INFO  State of current operation: PENDING
14:39:33 INFO  State of current operation: PENDING
14:39:35 INFO  State of current operation: PENDING
14:39:38 INFO  State of current operation: PENDING
14:39:40 INFO  State of current operation: PENDING
14:39:42 INFO  State of current operation: PENDING
14:39:44 INFO  State of current operation: PENDING
14:39:47 INFO  State of current operation: PENDING
14:39:49 INFO  State of current operation: PENDING
14:39:51 INFO  State of current operation: PENDING
14:39:53 INFO  State of current operation: PENDING
14:39:55 INFO  State of current operation: PENDING
14:39:58 INFO  State of current operation: PENDING
14:40:00 INFO  State of current operation: PENDING
14:40:02 INFO  State of current operation: PENDING
14:40:04 INFO  State of current operation: PENDING
14:40:07 INFO  State of current operation: PENDING
14:40:09 INFO  State of current operation: PENDING
14:40:11 INFO  State of current operation: PENDING
14:40:13 INFO  State of current operation: PENDING
14:40:16 INFO  State of current operation: PENDING
14:40:18 INFO  State of current operation: PENDING
14:40:20 INFO  State of current operation: PENDING
14:40:22 INFO  State of current operation: PENDING
14:40:25 INFO  State of current operation: PENDING
14:40:27 INFO  State of current operation: PENDING
14:40:29 INFO  State of current operation: PENDING
14:40:31 INFO  State of current operation: PENDING
14:40:33 INFO  State of current operation: PENDING
14:40:36 INFO  State of current operation: PENDING
14:40:38 INFO  State of current operation: PENDING
14:40:40 INFO  State of current operation: PENDING
14:40:42 INFO  State of current operation: PENDING
14:40:45 INFO  State of current operation: PENDING
14:40:47 INFO  State of current operation: PENDING
14:40:49 INFO  State of current operation: PENDING
14:40:51 INFO  State of current operation: PENDING
14:40:54 INFO  State of current operation: PENDING
14:40:56 INFO  State of current operation: PENDING
14:40:58 INFO  State of current operation: PENDING
14:41:00 INFO  State of current operation: PENDING
14:41:03 INFO  State of current operation: PENDING
14:41:05 INFO  State of current operation: PENDING
14:41:07 INFO  State of current operation: PENDING
14:41:09 INFO  State of current operation: PENDING
14:41:11 INFO  State of current operation: PENDING
14:41:14 INFO  State of current operation: PENDING
14:41:16 INFO  State of current operation: PENDING
14:41:18 INFO  State of current operation: PENDING
14:41:20 INFO  State of current operation: PENDING
14:41:23 INFO  State of current operation: PENDING
14:41:25 INFO  State of current operation: PENDING
14:41:27 WARN  SystemError occurred while running test - Timeout while waiting for status FAILED or SUCCESSFUL
Traceback (most recent call last):
  File &quot;/home/pi/env-pysys/lib/python3.7/site-packages/pysys/baserunner.py&quot;, line 1292, in __call__
    self.testObj.setup()
  File &quot;/home/pi/actions-runner/_work/thin-edge.io/thin-edge.io/tests/PySys/software_management_end_to_end/sm_docker_install_remove_multiple/run.py&quot;, line 29, in setup
    super().setup()
  File &quot;/home/pi/actions-runner/_work/thin-edge.io/thin-edge.io/tests/PySys/software_management_end_to_end/environment_sm_management.py&quot;, line 151, in setup
    self.wait_until_end()
  File &quot;/home/pi/actions-runner/_work/thin-edge.io/thin-edge.io/tests/PySys/software_management_end_to_end/environment_sm_management.py&quot;, line 332, in wait_until_end
    self.wait_until_status(&quot;FAILED&quot;, &quot;SUCCESSFUL&quot;)
  File &quot;/home/pi/actions-runner/_work/thin-edge.io/thin-edge.io/tests/PySys/software_management_end_to_end/environment_sm_management.py&quot;, line 381, in wait_until_status
    &quot;Timeout while waiting for status %s or %s&quot; % (status, status2)
SystemError: Timeout while waiting for status FAILED or SUCCESSFUL
14:41:27 WARN  SystemError: Timeout while waiting for status FAILED or SUCCESSFUL ... blocked 
14:41:27 INFO  
14:41:27 INFO  cleanup:
14:41:31 INFO  Executed sudo&lt;tedge_disconnect_c8y&gt;, exit status 0
14:41:31 INFO  Executed systemctl&lt;serv_mapper5&gt;, exit status 3
14:41:31 INFO  
14:41:31 INFO  Test duration: 165.07 secs
14:41:31 INFO  Test final outcome:  BLOCKED
14:41:32 INFO  Test outcome reason: SystemError: Timeout while waiting for status FAILED or SUCCESSFUL
14:41:32 INFO  
</system-out>
	</testcase>
</testsuite>
