<?xml version="1.0" encoding="utf-8"?>
<testsuite failures="1" name="SoftwareManagement.sm_apt_install_remove_multiple" skipped="0" tests="1" time="165.49" timestamp="2022-06-02T09:51:15">
	<testcase classname="PySysTest" name="SoftwareManagement.sm_apt_install_remove_multiple">
		<failure message="BLOCKED: SystemError: Timeout while waiting for status FAILED or SUCCESSFUL" type="BLOCKED"/>
		<system-out>09:48:30 INFO  ==============================================================
09:48:30 INFO  Id:    SoftwareManagement.sm_apt_install_remove_multiple
09:48:30 INFO  Dir:   software_management_end_to_end/
09:48:30 INFO  Title: Validate end to end behaviour for the apt plugin for multiple packages
09:48:30 INFO  ==============================================================
09:48:30 INFO  Using sw id database: {'asciijump': '5475369', 'robotfindskitten': '5474869', 'squirrel3': '5475279', 'rolldice': '5152439', 'moon-buggy': '5439204', 'apple': '5495053', 'banana': '5494888', 'cherry': '5495382', 'watermelon': '5494510', 'registry': '8018911', 'hello-world': '8021526', 'docker/getting-started': '8021973', 'alpine': '7991792'}
09:48:30 INFO  EnvironmentC8y Setup
09:48:31 INFO  Executed systemctl&lt;serv_mapper1&gt;, exit status 3
09:48:31 INFO  Restarting mosquitto too frequently in the last 10 seconds. It was only up for 5 seconds
09:48:31 INFO  Delaying execution by 6 seconds
09:48:51 INFO  Executed sudo&lt;tedge_connect_c8y&gt;, exit status 0, duration 13 secs
09:48:51 INFO  Executed sudo&lt;tedge_connect_c8y_test&gt;, exit status 0
09:48:52 INFO  Executed systemctl&lt;serv_mosq2&gt;, exit status 0
09:48:52 INFO  Executed systemctl&lt;serv_mapper3&gt;, exit status 0
09:48:54 INFO  State of current operation: PENDING
09:48:57 INFO  State of current operation: PENDING
09:48:59 INFO  State of current operation: PENDING
09:49:01 INFO  State of current operation: PENDING
09:49:03 INFO  State of current operation: PENDING
09:49:06 INFO  State of current operation: PENDING
09:49:08 INFO  State of current operation: PENDING
09:49:10 INFO  State of current operation: PENDING
09:49:12 INFO  State of current operation: PENDING
09:49:14 INFO  State of current operation: PENDING
09:49:17 INFO  State of current operation: PENDING
09:49:19 INFO  State of current operation: PENDING
09:49:21 INFO  State of current operation: PENDING
09:49:23 INFO  State of current operation: PENDING
09:49:26 INFO  State of current operation: PENDING
09:49:28 INFO  State of current operation: PENDING
09:49:30 INFO  State of current operation: PENDING
09:49:32 INFO  State of current operation: PENDING
09:49:35 INFO  State of current operation: PENDING
09:49:37 INFO  State of current operation: PENDING
09:49:39 INFO  State of current operation: PENDING
09:49:41 INFO  State of current operation: PENDING
09:49:44 INFO  State of current operation: PENDING
09:49:46 INFO  State of current operation: PENDING
09:49:48 INFO  State of current operation: PENDING
09:49:50 INFO  State of current operation: PENDING
09:49:53 INFO  State of current operation: PENDING
09:49:55 INFO  State of current operation: PENDING
09:49:57 INFO  State of current operation: PENDING
09:49:59 INFO  State of current operation: PENDING
09:50:02 INFO  State of current operation: PENDING
09:50:04 INFO  State of current operation: PENDING
09:50:06 INFO  State of current operation: PENDING
09:50:08 INFO  State of current operation: PENDING
09:50:10 INFO  State of current operation: PENDING
09:50:13 INFO  State of current operation: PENDING
09:50:15 INFO  State of current operation: PENDING
09:50:17 INFO  State of current operation: PENDING
09:50:19 INFO  State of current operation: PENDING
09:50:22 INFO  State of current operation: PENDING
09:50:24 INFO  State of current operation: PENDING
09:50:26 INFO  State of current operation: PENDING
09:50:28 INFO  State of current operation: PENDING
09:50:31 INFO  State of current operation: PENDING
09:50:33 INFO  State of current operation: PENDING
09:50:35 INFO  State of current operation: PENDING
09:50:37 INFO  State of current operation: PENDING
09:50:40 INFO  State of current operation: PENDING
09:50:42 INFO  State of current operation: PENDING
09:50:44 INFO  State of current operation: PENDING
09:50:46 INFO  State of current operation: PENDING
09:50:49 INFO  State of current operation: PENDING
09:50:51 INFO  State of current operation: PENDING
09:50:53 INFO  State of current operation: PENDING
09:50:55 INFO  State of current operation: PENDING
09:50:58 INFO  State of current operation: PENDING
09:51:00 INFO  State of current operation: PENDING
09:51:02 INFO  State of current operation: PENDING
09:51:04 INFO  State of current operation: PENDING
09:51:07 INFO  State of current operation: PENDING
09:51:09 INFO  State of current operation: PENDING
09:51:11 WARN  SystemError occurred while running test - Timeout while waiting for status FAILED or SUCCESSFUL
Traceback (most recent call last):
  File &quot;/home/pi/env-pysys/lib/python3.7/site-packages/pysys/baserunner.py&quot;, line 1292, in __call__
    self.testObj.setup()
  File &quot;/home/pi/actions-runner/_work/thin-edge.io/thin-edge.io/tests/PySys/software_management_end_to_end/sm_apt_install_remove_multiple/run.py&quot;, line 52, in setup
    super().setup()
  File &quot;/home/pi/actions-runner/_work/thin-edge.io/thin-edge.io/tests/PySys/software_management_end_to_end/environment_sm_management.py&quot;, line 151, in setup
    self.wait_until_end()
  File &quot;/home/pi/actions-runner/_work/thin-edge.io/thin-edge.io/tests/PySys/software_management_end_to_end/environment_sm_management.py&quot;, line 332, in wait_until_end
    self.wait_until_status(&quot;FAILED&quot;, &quot;SUCCESSFUL&quot;)
  File &quot;/home/pi/actions-runner/_work/thin-edge.io/thin-edge.io/tests/PySys/software_management_end_to_end/environment_sm_management.py&quot;, line 381, in wait_until_status
    &quot;Timeout while waiting for status %s or %s&quot; % (status, status2)
SystemError: Timeout while waiting for status FAILED or SUCCESSFUL
09:51:11 WARN  SystemError: Timeout while waiting for status FAILED or SUCCESSFUL ... blocked 
09:51:11 INFO  
09:51:11 INFO  cleanup:
09:51:15 INFO  Executed sudo&lt;tedge_disconnect_c8y&gt;, exit status 0
09:51:15 INFO  Executed systemctl&lt;serv_mapper5&gt;, exit status 3
09:51:15 INFO  
09:51:15 INFO  Test duration: 165.49 secs
09:51:15 INFO  Test final outcome:  BLOCKED
09:51:15 INFO  Test outcome reason: SystemError: Timeout while waiting for status FAILED or SUCCESSFUL
09:51:15 INFO  
</system-out>
	</testcase>
</testsuite>
