<?xml version="1.0" encoding="utf-8"?>
<testsuite failures="1" name="SoftwareManagement.sm_mixed_install_remove_multiple" skipped="0" tests="1" time="167.8" timestamp="2022-07-18T17:14:04">
	<testcase classname="PySysTest" name="SoftwareManagement.sm_mixed_install_remove_multiple">
		<failure message="FAILED: Assert that (False == value) with value=True" type="FAILED"/>
		<system-out>17:11:16 INFO  ==============================================================
17:11:16 INFO  Id:    SoftwareManagement.sm_mixed_install_remove_multiple
17:11:16 INFO  Dir:   software_management_end_to_end/
17:11:16 INFO  Title: Validate end to end behaviour for the dummy-plugin for multiple packages with mixed versions
17:11:16 INFO  ==============================================================
17:11:16 INFO  Using sw id database: {'asciijump': '5475369', 'robotfindskitten': '5474869', 'squirrel3': '5475279', 'rolldice': '5152439', 'moon-buggy': '5439204', 'apple': '5495053', 'banana': '5494888', 'cherry': '5495382', 'watermelon': '5494510', 'registry': '8018911', 'hello-world': '8021526', 'docker/getting-started': '8021973', 'alpine': '7991792'}
17:11:16 INFO  EnvironmentC8y Setup
17:11:17 INFO  Executed systemctl&lt;serv_mapper1&gt;, exit status 3
17:11:17 INFO  Restarting mosquitto too frequently in the last 10 seconds. It was only up for 5 seconds
17:11:17 INFO  Delaying execution by 6 seconds
17:11:37 INFO  Executed sudo&lt;tedge_connect_c8y&gt;, exit status 0, duration 14 secs
17:11:38 INFO  Executed sudo&lt;tedge_connect_c8y_test&gt;, exit status 0
17:11:39 INFO  Executed systemctl&lt;serv_mosq2&gt;, exit status 0
17:11:39 INFO  Executed systemctl&lt;serv_mapper3&gt;, exit status 0
17:11:41 INFO  State of current operation: SUCCESSFUL
17:11:42 INFO  Package apple is installed
17:11:42 INFO  Assert that (True == value) with value=True ... passed
17:11:42 INFO  Package banana is installed
17:11:42 INFO  Assert that (True == value) with value=True ... passed
17:11:42 INFO  Package cherry is installed
17:11:42 INFO  Assert that (True == value) with value=True ... passed
17:11:42 INFO  Package asciijump is installed
17:11:42 WARN  Assert that (False == value) with value=True ... failed 
17:11:43 INFO  Assert that (False == value) with value=False ... passed
17:11:43 INFO  Response status: 201
17:11:43 INFO  Response to action: {
    &quot;delivery&quot;: {
        &quot;log&quot;: [],
        &quot;time&quot;: &quot;2022-07-18T17:11:43.288Z&quot;,
        &quot;status&quot;: &quot;PENDING&quot;
    },
    &quot;creationTime&quot;: &quot;2022-07-18T17:11:43.269Z&quot;,
    &quot;deviceName&quot;: &quot;m32sd10d&quot;,
    &quot;deviceId&quot;: &quot;21014707&quot;,
    &quot;self&quot;: &quot;https://t493319102.eu-latest.cumulocity.com/devicecontrol/operations/21027766&quot;,
    &quot;id&quot;: &quot;21027766&quot;,
    &quot;status&quot;: &quot;PENDING&quot;,
    &quot;description&quot;: &quot;Apply software changes, triggered from PySys: [{'action': 'install', 'id': '5495053', 'name': 'apple', 'url': ' ', 'version': '::fruits'}, {'action': 'install', 'id': '5494888', 'name': 'banana', 'url': ' ', 'version': '::fruits'}, {'action': 'install', 'id': '5475369', 'name': 'asciijump', 'url': ' ', 'version': '::apt'}, {'action': 'install', 'id': '5495382', 'name': 'cherry', 'url': ' ', 'version': '::fruits'}, {'action': 'install', 'id': '8018911', 'name': 'registry', 'url': ' ', 'version': '::docker'}]&quot;,
    &quot;c8y_SoftwareUpdate&quot;: [
        {
            &quot;name&quot;: &quot;apple&quot;,
            &quot;action&quot;: &quot;install&quot;,
            &quot;id&quot;: &quot;5495053&quot;,
            &quot;version&quot;: &quot;::fruits&quot;,
            &quot;url&quot;: &quot; &quot;
        },
        {
            &quot;name&quot;: &quot;banana&quot;,
            &quot;action&quot;: &quot;install&quot;,
            &quot;id&quot;: &quot;5494888&quot;,
            &quot;version&quot;: &quot;::fruits&quot;,
            &quot;url&quot;: &quot; &quot;
        },
        {
            &quot;name&quot;: &quot;asciijump&quot;,
            &quot;action&quot;: &quot;install&quot;,
            &quot;id&quot;: &quot;5475369&quot;,
            &quot;version&quot;: &quot;::apt&quot;,
            &quot;url&quot;: &quot; &quot;
        },
        {
            &quot;name&quot;: &quot;cherry&quot;,
            &quot;action&quot;: &quot;install&quot;,
            &quot;id&quot;: &quot;5495382&quot;,
            &quot;version&quot;: &quot;::fruits&quot;,
            &quot;url&quot;: &quot; &quot;
        },
        {
            &quot;name&quot;: &quot;registry&quot;,
            &quot;action&quot;: &quot;install&quot;,
            &quot;id&quot;: &quot;8018911&quot;,
            &quot;version&quot;: &quot;::docker&quot;,
            &quot;url&quot;: &quot; &quot;
        }
    ]
}
17:11:43 INFO  Started operation: {'delivery': {'log': [], 'time': '2022-07-18T17:11:43.288Z', 'status': 'PENDING'}, 'creationTime': '2022-07-18T17:11:43.269Z', 'deviceName': 'm32sd10d', 'deviceId': '21014707', 'self': 'https://t493319102.eu-latest.cumulocity.com/devicecontrol/operations/21027766', 'id': '21027766', 'status': 'PENDING', 'description': &quot;Apply software changes, triggered from PySys: [{'action': 'install', 'id': '5495053', 'name': 'apple', 'url': ' ', 'version': '::fruits'}, {'action': 'install', 'id': '5494888', 'name': 'banana', 'url': ' ', 'version': '::fruits'}, {'action': 'install', 'id': '5475369', 'name': 'asciijump', 'url': ' ', 'version': '::apt'}, {'action': 'install', 'id': '5495382', 'name': 'cherry', 'url': ' ', 'version': '::fruits'}, {'action': 'install', 'id': '8018911', 'name': 'registry', 'url': ' ', 'version': '::docker'}]&quot;, 'c8y_SoftwareUpdate': [{'name': 'apple', 'action': 'install', 'id': '5495053', 'version': '::fruits', 'url': ' '}, {'name': 'banana', 'action': 'install', 'id': '5494888', 'version': '::fruits', 'url': ' '}, {'name': 'asciijump', 'action': 'install', 'id': '5475369', 'version': '::apt', 'url': ' '}, {'name': 'cherry', 'action': 'install', 'id': '5495382', 'version': '::fruits', 'url': ' '}, {'name': 'registry', 'action': 'install', 'id': '8018911', 'version': '::docker', 'url': ' '}]}
17:11:45 INFO  State of operation 21027766 : PENDING
17:11:47 INFO  State of operation 21027766 : EXECUTING
17:11:50 INFO  State of operation 21027766 : EXECUTING
17:11:52 INFO  State of operation 21027766 : EXECUTING
17:11:54 INFO  State of operation 21027766 : EXECUTING
17:11:56 INFO  State of operation 21027766 : EXECUTING
17:11:59 INFO  State of operation 21027766 : EXECUTING
17:12:02 INFO  State of operation 21027766 : EXECUTING
17:12:04 INFO  State of operation 21027766 : EXECUTING
17:12:07 INFO  State of operation 21027766 : EXECUTING
17:12:09 INFO  State of operation 21027766 : EXECUTING
17:12:11 INFO  State of operation 21027766 : EXECUTING
17:12:13 INFO  State of operation 21027766 : EXECUTING
17:12:16 INFO  State of operation 21027766 : EXECUTING
17:12:18 INFO  State of operation 21027766 : EXECUTING
17:12:20 INFO  State of operation 21027766 : EXECUTING
17:12:22 INFO  State of operation 21027766 : EXECUTING
17:12:25 INFO  State of operation 21027766 : EXECUTING
17:12:27 INFO  State of operation 21027766 : EXECUTING
17:12:29 INFO  State of operation 21027766 : EXECUTING
17:12:32 INFO  State of operation 21027766 : EXECUTING
17:12:34 INFO  State of operation 21027766 : EXECUTING
17:12:36 INFO  State of operation 21027766 : EXECUTING
17:12:38 INFO  State of operation 21027766 : EXECUTING
17:12:41 INFO  State of operation 21027766 : EXECUTING
17:12:43 INFO  State of operation 21027766 : EXECUTING
17:12:45 INFO  State of operation 21027766 : SUCCESSFUL
17:12:46 INFO  Package apple is installed
17:12:46 INFO  Assert that (True == value) with value=True ... passed
17:12:46 INFO  Package banana is installed
17:12:46 INFO  Assert that (True == value) with value=True ... passed
17:12:46 INFO  Package cherry is installed
17:12:46 INFO  Assert that (True == value) with value=True ... passed
17:12:46 INFO  Package asciijump is installed
17:12:46 INFO  Assert that (True == value) with value=True ... passed
17:12:47 INFO  Package registry is installed
17:12:47 INFO  Assert that (True == value) with value=True ... passed
17:12:47 INFO  Response status: 201
17:12:47 INFO  Response to action: {
    &quot;delivery&quot;: {
        &quot;log&quot;: [],
        &quot;time&quot;: &quot;2022-07-18T17:12:47.383Z&quot;,
        &quot;status&quot;: &quot;PENDING&quot;
    },
    &quot;creationTime&quot;: &quot;2022-07-18T17:12:47.366Z&quot;,
    &quot;deviceName&quot;: &quot;m32sd10d&quot;,
    &quot;deviceId&quot;: &quot;21014707&quot;,
    &quot;self&quot;: &quot;https://t493319102.eu-latest.cumulocity.com/devicecontrol/operations/21027778&quot;,
    &quot;id&quot;: &quot;21027778&quot;,
    &quot;status&quot;: &quot;PENDING&quot;,
    &quot;description&quot;: &quot;Apply software changes, triggered from PySys: [{'action': 'delete', 'id': '5495053', 'name': 'apple', 'url': ' ', 'version': '::fruits'}, {'action': 'delete', 'id': '5494888', 'name': 'banana', 'url': ' ', 'version': '::fruits'}, {'action': 'delete', 'id': '5475369', 'name': 'asciijump', 'url': ' ', 'version': '::apt'}, {'action': 'delete', 'id': '5495382', 'name': 'cherry', 'url': ' ', 'version': '::fruits'}, {'action': 'delete', 'id': '8018911', 'name': 'registry', 'url': ' ', 'version': '::docker'}]&quot;,
    &quot;c8y_SoftwareUpdate&quot;: [
        {
            &quot;name&quot;: &quot;apple&quot;,
            &quot;action&quot;: &quot;delete&quot;,
            &quot;id&quot;: &quot;5495053&quot;,
            &quot;version&quot;: &quot;::fruits&quot;,
            &quot;url&quot;: &quot; &quot;
        },
        {
            &quot;name&quot;: &quot;banana&quot;,
            &quot;action&quot;: &quot;delete&quot;,
            &quot;id&quot;: &quot;5494888&quot;,
            &quot;version&quot;: &quot;::fruits&quot;,
            &quot;url&quot;: &quot; &quot;
        },
        {
            &quot;name&quot;: &quot;asciijump&quot;,
            &quot;action&quot;: &quot;delete&quot;,
            &quot;id&quot;: &quot;5475369&quot;,
            &quot;version&quot;: &quot;::apt&quot;,
            &quot;url&quot;: &quot; &quot;
        },
        {
            &quot;name&quot;: &quot;cherry&quot;,
            &quot;action&quot;: &quot;delete&quot;,
            &quot;id&quot;: &quot;5495382&quot;,
            &quot;version&quot;: &quot;::fruits&quot;,
            &quot;url&quot;: &quot; &quot;
        },
        {
            &quot;name&quot;: &quot;registry&quot;,
            &quot;action&quot;: &quot;delete&quot;,
            &quot;id&quot;: &quot;8018911&quot;,
            &quot;version&quot;: &quot;::docker&quot;,
            &quot;url&quot;: &quot; &quot;
        }
    ]
}
17:12:47 INFO  Started operation: {'delivery': {'log': [], 'time': '2022-07-18T17:12:47.383Z', 'status': 'PENDING'}, 'creationTime': '2022-07-18T17:12:47.366Z', 'deviceName': 'm32sd10d', 'deviceId': '21014707', 'self': 'https://t493319102.eu-latest.cumulocity.com/devicecontrol/operations/21027778', 'id': '21027778', 'status': 'PENDING', 'description': &quot;Apply software changes, triggered from PySys: [{'action': 'delete', 'id': '5495053', 'name': 'apple', 'url': ' ', 'version': '::fruits'}, {'action': 'delete', 'id': '5494888', 'name': 'banana', 'url': ' ', 'version': '::fruits'}, {'action': 'delete', 'id': '5475369', 'name': 'asciijump', 'url': ' ', 'version': '::apt'}, {'action': 'delete', 'id': '5495382', 'name': 'cherry', 'url': ' ', 'version': '::fruits'}, {'action': 'delete', 'id': '8018911', 'name': 'registry', 'url': ' ', 'version': '::docker'}]&quot;, 'c8y_SoftwareUpdate': [{'name': 'apple', 'action': 'delete', 'id': '5495053', 'version': '::fruits', 'url': ' '}, {'name': 'banana', 'action': 'delete', 'id': '5494888', 'version': '::fruits', 'url': ' '}, {'name': 'asciijump', 'action': 'delete', 'id': '5475369', 'version': '::apt', 'url': ' '}, {'name': 'cherry', 'action': 'delete', 'id': '5495382', 'version': '::fruits', 'url': ' '}, {'name': 'registry', 'action': 'delete', 'id': '8018911', 'version': '::docker', 'url': ' '}]}
17:12:49 INFO  State of operation 21027778 : PENDING
17:12:51 INFO  State of operation 21027778 : EXECUTING
17:12:54 INFO  State of operation 21027778 : EXECUTING
17:12:56 INFO  State of operation 21027778 : EXECUTING
17:12:58 INFO  State of operation 21027778 : EXECUTING
17:13:00 INFO  State of operation 21027778 : EXECUTING
17:13:03 INFO  State of operation 21027778 : EXECUTING
17:13:06 INFO  State of operation 21027778 : EXECUTING
17:13:08 INFO  State of operation 21027778 : EXECUTING
17:13:11 INFO  State of operation 21027778 : EXECUTING
17:13:13 INFO  State of operation 21027778 : EXECUTING
17:13:15 INFO  State of operation 21027778 : EXECUTING
17:13:17 INFO  State of operation 21027778 : EXECUTING
17:13:20 INFO  State of operation 21027778 : EXECUTING
17:13:22 INFO  State of operation 21027778 : EXECUTING
17:13:24 INFO  State of operation 21027778 : EXECUTING
17:13:28 INFO  State of operation 21027778 : EXECUTING
17:13:30 INFO  State of operation 21027778 : EXECUTING
17:13:33 INFO  State of operation 21027778 : EXECUTING
17:13:35 INFO  State of operation 21027778 : EXECUTING
17:13:37 INFO  State of operation 21027778 : EXECUTING
17:13:39 INFO  State of operation 21027778 : EXECUTING
17:13:42 INFO  State of operation 21027778 : EXECUTING
17:13:44 INFO  State of operation 21027778 : EXECUTING
17:13:47 INFO  State of operation 21027778 : EXECUTING
17:13:49 INFO  State of operation 21027778 : EXECUTING
17:13:51 INFO  State of operation 21027778 : EXECUTING
17:13:54 INFO  State of operation 21027778 : EXECUTING
17:13:56 INFO  State of operation 21027778 : EXECUTING
17:13:58 INFO  State of operation 21027778 : SUCCESSFUL
17:13:58 INFO  Package apple is installed
17:13:58 INFO  Assert that (True == value) with value=True ... passed
17:13:58 INFO  Package banana is installed
17:13:58 INFO  Assert that (True == value) with value=True ... passed
17:13:59 INFO  Package cherry is installed
17:13:59 INFO  Assert that (True == value) with value=True ... passed
17:13:59 INFO  Assert that (False == value) with value=False ... passed
17:13:59 INFO  Assert that (False == value) with value=False ... passed
17:13:59 INFO  
17:13:59 INFO  cleanup:
17:14:03 INFO  Executed sudo&lt;tedge_disconnect_c8y&gt;, exit status 0
17:14:04 INFO  Executed systemctl&lt;serv_mapper5&gt;, exit status 3
17:14:04 INFO  
17:14:04 INFO  Test duration: 167.80 secs
17:14:04 INFO  Test final outcome:  FAILED
17:14:04 INFO  Test outcome reason: Assert that (False == value) with value=True
17:14:04 INFO  
</system-out>
	</testcase>
</testsuite>
