<?xml version="1.0" encoding="utf-8"?>
<testsuite failures="0" name="SoftwareManagement.sm_mapper_fail_and_reconnect" skipped="1" tests="1" time="0.04" timestamp="2022-07-01T08:11:38">
	<testcase classname="MapperC8yReceiveLastMessageOnRestart" name="SoftwareManagement.sm_mapper_fail_and_reconnect">
		<skipped message="SKIPPED: instable https://github.com/thin-edge/thin-edge.io/issues/752"/>
		<system-out>08:11:38 INFO  ==============================================================
08:11:38 INFO  Id:    SoftwareManagement.sm_mapper_fail_and_reconnect
08:11:38 INFO  Dir:   software_management_end_to_end/
08:11:38 INFO  Title: Validate the tedge-mapper-sm-c8y for receiving the last message on restart
08:11:38 INFO  ==============================================================
08:11:38 INFO  instable https://github.com/thin-edge/thin-edge.io/issues/752 ... skipped
08:11:38 INFO  
08:11:38 INFO  Test duration: 0.04 secs
08:11:38 INFO  Test final outcome:  SKIPPED
08:11:38 INFO  Test outcome reason: instable https://github.com/thin-edge/thin-edge.io/issues/752
08:11:38 INFO  
</system-out>
	</testcase>
</testsuite>
