<?xml version="1.0" encoding="utf-8"?>
<testsuite failures="1" name="SoftwareManagement.sm_mixed_install_remove_multiple" skipped="0" tests="1" time="164.09" timestamp="2022-07-21T16:12:04">
	<testcase classname="PySysTest" name="SoftwareManagement.sm_mixed_install_remove_multiple">
		<failure message="FAILED: Assert that (False == value) with value=True" type="FAILED"/>
		<system-out>16:09:19 INFO  ==============================================================
16:09:19 INFO  Id:    SoftwareManagement.sm_mixed_install_remove_multiple
16:09:19 INFO  Dir:   software_management_end_to_end/
16:09:19 INFO  Title: Validate end to end behaviour for the dummy-plugin for multiple packages with mixed versions
16:09:19 INFO  ==============================================================
16:09:19 INFO  Using sw id database: {'asciijump': '5475369', 'robotfindskitten': '5474869', 'squirrel3': '5475279', 'rolldice': '5152439', 'moon-buggy': '5439204', 'apple': '5495053', 'banana': '5494888', 'cherry': '5495382', 'watermelon': '5494510', 'registry': '8018911', 'hello-world': '8021526', 'docker/getting-started': '8021973', 'alpine': '7991792'}
16:09:19 INFO  EnvironmentC8y Setup
16:09:20 INFO  Executed systemctl&lt;serv_mapper1&gt;, exit status 3
16:09:20 INFO  Restarting mosquitto too frequently in the last 10 seconds. It was only up for 4 seconds
16:09:20 INFO  Delaying execution by 7 seconds
16:09:41 INFO  Executed sudo&lt;tedge_connect_c8y&gt;, exit status 0, duration 13 secs
16:09:42 INFO  Executed sudo&lt;tedge_connect_c8y_test&gt;, exit status 0
16:09:42 INFO  Executed systemctl&lt;serv_mosq2&gt;, exit status 0
16:09:42 INFO  Executed systemctl&lt;serv_mapper3&gt;, exit status 0
16:09:45 INFO  State of current operation: SUCCESSFUL
16:09:45 INFO  Package apple is installed
16:09:45 INFO  Assert that (True == value) with value=True ... passed
16:09:45 INFO  Package banana is installed
16:09:45 INFO  Assert that (True == value) with value=True ... passed
16:09:45 INFO  Package cherry is installed
16:09:45 INFO  Assert that (True == value) with value=True ... passed
16:09:46 INFO  Package asciijump is installed
16:09:46 WARN  Assert that (False == value) with value=True ... failed 
16:09:46 INFO  Assert that (False == value) with value=False ... passed
16:09:46 INFO  Response status: 201
16:09:46 INFO  Response to action: {
    &quot;creationTime&quot;: &quot;2022-07-21T16:09:46.603Z&quot;,
    &quot;deviceId&quot;: &quot;21121273&quot;,
    &quot;deviceName&quot;: &quot;m32sd10d&quot;,
    &quot;self&quot;: &quot;https://t493319102.eu-latest.cumulocity.com/devicecontrol/operations/21156166&quot;,
    &quot;id&quot;: &quot;21156166&quot;,
    &quot;status&quot;: &quot;PENDING&quot;,
    &quot;description&quot;: &quot;Apply software changes, triggered from PySys: [{'action': 'install', 'id': '5495053', 'name': 'apple', 'url': ' ', 'version': '::fruits'}, {'action': 'install', 'id': '5494888', 'name': 'banana', 'url': ' ', 'version': '::fruits'}, {'action': 'install', 'id': '5475369', 'name': 'asciijump', 'url': ' ', 'version': '::apt'}, {'action': 'install', 'id': '5495382', 'name': 'cherry', 'url': ' ', 'version': '::fruits'}, {'action': 'install', 'id': '8018911', 'name': 'registry', 'url': ' ', 'version': '::docker'}]&quot;,
    &quot;c8y_SoftwareUpdate&quot;: [
        {
            &quot;name&quot;: &quot;apple&quot;,
            &quot;action&quot;: &quot;install&quot;,
            &quot;id&quot;: &quot;5495053&quot;,
            &quot;version&quot;: &quot;::fruits&quot;,
            &quot;url&quot;: &quot; &quot;
        },
        {
            &quot;name&quot;: &quot;banana&quot;,
            &quot;action&quot;: &quot;install&quot;,
            &quot;id&quot;: &quot;5494888&quot;,
            &quot;version&quot;: &quot;::fruits&quot;,
            &quot;url&quot;: &quot; &quot;
        },
        {
            &quot;name&quot;: &quot;asciijump&quot;,
            &quot;action&quot;: &quot;install&quot;,
            &quot;id&quot;: &quot;5475369&quot;,
            &quot;version&quot;: &quot;::apt&quot;,
            &quot;url&quot;: &quot; &quot;
        },
        {
            &quot;name&quot;: &quot;cherry&quot;,
            &quot;action&quot;: &quot;install&quot;,
            &quot;id&quot;: &quot;5495382&quot;,
            &quot;version&quot;: &quot;::fruits&quot;,
            &quot;url&quot;: &quot; &quot;
        },
        {
            &quot;name&quot;: &quot;registry&quot;,
            &quot;action&quot;: &quot;install&quot;,
            &quot;id&quot;: &quot;8018911&quot;,
            &quot;version&quot;: &quot;::docker&quot;,
            &quot;url&quot;: &quot; &quot;
        }
    ]
}
16:09:46 INFO  Started operation: {'creationTime': '2022-07-21T16:09:46.603Z', 'deviceId': '21121273', 'deviceName': 'm32sd10d', 'self': 'https://t493319102.eu-latest.cumulocity.com/devicecontrol/operations/21156166', 'id': '21156166', 'status': 'PENDING', 'description': &quot;Apply software changes, triggered from PySys: [{'action': 'install', 'id': '5495053', 'name': 'apple', 'url': ' ', 'version': '::fruits'}, {'action': 'install', 'id': '5494888', 'name': 'banana', 'url': ' ', 'version': '::fruits'}, {'action': 'install', 'id': '5475369', 'name': 'asciijump', 'url': ' ', 'version': '::apt'}, {'action': 'install', 'id': '5495382', 'name': 'cherry', 'url': ' ', 'version': '::fruits'}, {'action': 'install', 'id': '8018911', 'name': 'registry', 'url': ' ', 'version': '::docker'}]&quot;, 'c8y_SoftwareUpdate': [{'name': 'apple', 'action': 'install', 'id': '5495053', 'version': '::fruits', 'url': ' '}, {'name': 'banana', 'action': 'install', 'id': '5494888', 'version': '::fruits', 'url': ' '}, {'name': 'asciijump', 'action': 'install', 'id': '5475369', 'version': '::apt', 'url': ' '}, {'name': 'cherry', 'action': 'install', 'id': '5495382', 'version': '::fruits', 'url': ' '}, {'name': 'registry', 'action': 'install', 'id': '8018911', 'version': '::docker', 'url': ' '}]}
16:09:48 INFO  State of operation 21156166 : PENDING
16:09:51 INFO  State of operation 21156166 : EXECUTING
16:09:53 INFO  State of operation 21156166 : EXECUTING
16:09:55 INFO  State of operation 21156166 : EXECUTING
16:09:57 INFO  State of operation 21156166 : EXECUTING
16:10:00 INFO  State of operation 21156166 : EXECUTING
16:10:02 INFO  State of operation 21156166 : EXECUTING
16:10:05 INFO  State of operation 21156166 : EXECUTING
16:10:08 INFO  State of operation 21156166 : EXECUTING
16:10:10 INFO  State of operation 21156166 : EXECUTING
16:10:12 INFO  State of operation 21156166 : EXECUTING
16:10:15 INFO  State of operation 21156166 : EXECUTING
16:10:17 INFO  State of operation 21156166 : EXECUTING
16:10:19 INFO  State of operation 21156166 : EXECUTING
16:10:21 INFO  State of operation 21156166 : EXECUTING
16:10:23 INFO  State of operation 21156166 : EXECUTING
16:10:26 INFO  State of operation 21156166 : EXECUTING
16:10:28 INFO  State of operation 21156166 : EXECUTING
16:10:30 INFO  State of operation 21156166 : EXECUTING
16:10:32 INFO  State of operation 21156166 : EXECUTING
16:10:35 INFO  State of operation 21156166 : EXECUTING
16:10:37 INFO  State of operation 21156166 : EXECUTING
16:10:39 INFO  State of operation 21156166 : EXECUTING
16:10:42 INFO  State of operation 21156166 : EXECUTING
16:10:44 INFO  State of operation 21156166 : EXECUTING
16:10:46 INFO  State of operation 21156166 : SUCCESSFUL
16:10:46 INFO  Package apple is installed
16:10:46 INFO  Assert that (True == value) with value=True ... passed
16:10:47 INFO  Package banana is installed
16:10:47 INFO  Assert that (True == value) with value=True ... passed
16:10:47 INFO  Package cherry is installed
16:10:47 INFO  Assert that (True == value) with value=True ... passed
16:10:47 INFO  Package asciijump is installed
16:10:47 INFO  Assert that (True == value) with value=True ... passed
16:10:48 INFO  Package registry is installed
16:10:48 INFO  Assert that (True == value) with value=True ... passed
16:10:48 INFO  Response status: 201
16:10:48 INFO  Response to action: {
    &quot;creationTime&quot;: &quot;2022-07-21T16:10:48.340Z&quot;,
    &quot;deviceId&quot;: &quot;21121273&quot;,
    &quot;deviceName&quot;: &quot;m32sd10d&quot;,
    &quot;self&quot;: &quot;https://t493319102.eu-latest.cumulocity.com/devicecontrol/operations/21156177&quot;,
    &quot;id&quot;: &quot;21156177&quot;,
    &quot;status&quot;: &quot;PENDING&quot;,
    &quot;description&quot;: &quot;Apply software changes, triggered from PySys: [{'action': 'delete', 'id': '5495053', 'name': 'apple', 'url': ' ', 'version': '::fruits'}, {'action': 'delete', 'id': '5494888', 'name': 'banana', 'url': ' ', 'version': '::fruits'}, {'action': 'delete', 'id': '5475369', 'name': 'asciijump', 'url': ' ', 'version': '::apt'}, {'action': 'delete', 'id': '5495382', 'name': 'cherry', 'url': ' ', 'version': '::fruits'}, {'action': 'delete', 'id': '8018911', 'name': 'registry', 'url': ' ', 'version': '::docker'}]&quot;,
    &quot;c8y_SoftwareUpdate&quot;: [
        {
            &quot;name&quot;: &quot;apple&quot;,
            &quot;action&quot;: &quot;delete&quot;,
            &quot;id&quot;: &quot;5495053&quot;,
            &quot;version&quot;: &quot;::fruits&quot;,
            &quot;url&quot;: &quot; &quot;
        },
        {
            &quot;name&quot;: &quot;banana&quot;,
            &quot;action&quot;: &quot;delete&quot;,
            &quot;id&quot;: &quot;5494888&quot;,
            &quot;version&quot;: &quot;::fruits&quot;,
            &quot;url&quot;: &quot; &quot;
        },
        {
            &quot;name&quot;: &quot;asciijump&quot;,
            &quot;action&quot;: &quot;delete&quot;,
            &quot;id&quot;: &quot;5475369&quot;,
            &quot;version&quot;: &quot;::apt&quot;,
            &quot;url&quot;: &quot; &quot;
        },
        {
            &quot;name&quot;: &quot;cherry&quot;,
            &quot;action&quot;: &quot;delete&quot;,
            &quot;id&quot;: &quot;5495382&quot;,
            &quot;version&quot;: &quot;::fruits&quot;,
            &quot;url&quot;: &quot; &quot;
        },
        {
            &quot;name&quot;: &quot;registry&quot;,
            &quot;action&quot;: &quot;delete&quot;,
            &quot;id&quot;: &quot;8018911&quot;,
            &quot;version&quot;: &quot;::docker&quot;,
            &quot;url&quot;: &quot; &quot;
        }
    ]
}
16:10:48 INFO  Started operation: {'creationTime': '2022-07-21T16:10:48.340Z', 'deviceId': '21121273', 'deviceName': 'm32sd10d', 'self': 'https://t493319102.eu-latest.cumulocity.com/devicecontrol/operations/21156177', 'id': '21156177', 'status': 'PENDING', 'description': &quot;Apply software changes, triggered from PySys: [{'action': 'delete', 'id': '5495053', 'name': 'apple', 'url': ' ', 'version': '::fruits'}, {'action': 'delete', 'id': '5494888', 'name': 'banana', 'url': ' ', 'version': '::fruits'}, {'action': 'delete', 'id': '5475369', 'name': 'asciijump', 'url': ' ', 'version': '::apt'}, {'action': 'delete', 'id': '5495382', 'name': 'cherry', 'url': ' ', 'version': '::fruits'}, {'action': 'delete', 'id': '8018911', 'name': 'registry', 'url': ' ', 'version': '::docker'}]&quot;, 'c8y_SoftwareUpdate': [{'name': 'apple', 'action': 'delete', 'id': '5495053', 'version': '::fruits', 'url': ' '}, {'name': 'banana', 'action': 'delete', 'id': '5494888', 'version': '::fruits', 'url': ' '}, {'name': 'asciijump', 'action': 'delete', 'id': '5475369', 'version': '::apt', 'url': ' '}, {'name': 'cherry', 'action': 'delete', 'id': '5495382', 'version': '::fruits', 'url': ' '}, {'name': 'registry', 'action': 'delete', 'id': '8018911', 'version': '::docker', 'url': ' '}]}
16:10:50 INFO  State of operation 21156177 : PENDING
16:10:52 INFO  State of operation 21156177 : EXECUTING
16:10:55 INFO  State of operation 21156177 : EXECUTING
16:10:57 INFO  State of operation 21156177 : EXECUTING
16:10:59 INFO  State of operation 21156177 : EXECUTING
16:11:01 INFO  State of operation 21156177 : EXECUTING
16:11:04 INFO  State of operation 21156177 : EXECUTING
16:11:07 INFO  State of operation 21156177 : EXECUTING
16:11:09 INFO  State of operation 21156177 : EXECUTING
16:11:11 INFO  State of operation 21156177 : EXECUTING
16:11:14 INFO  State of operation 21156177 : EXECUTING
16:11:16 INFO  State of operation 21156177 : EXECUTING
16:11:18 INFO  State of operation 21156177 : EXECUTING
16:11:20 INFO  State of operation 21156177 : EXECUTING
16:11:23 INFO  State of operation 21156177 : EXECUTING
16:11:25 INFO  State of operation 21156177 : EXECUTING
16:11:28 INFO  State of operation 21156177 : EXECUTING
16:11:30 INFO  State of operation 21156177 : EXECUTING
16:11:33 INFO  State of operation 21156177 : EXECUTING
16:11:35 INFO  State of operation 21156177 : EXECUTING
16:11:37 INFO  State of operation 21156177 : EXECUTING
16:11:39 INFO  State of operation 21156177 : EXECUTING
16:11:42 INFO  State of operation 21156177 : EXECUTING
16:11:44 INFO  State of operation 21156177 : EXECUTING
16:11:46 INFO  State of operation 21156177 : EXECUTING
16:11:49 INFO  State of operation 21156177 : EXECUTING
16:11:51 INFO  State of operation 21156177 : EXECUTING
16:11:53 INFO  State of operation 21156177 : EXECUTING
16:11:55 INFO  State of operation 21156177 : EXECUTING
16:11:58 INFO  State of operation 21156177 : SUCCESSFUL
16:11:58 INFO  Package apple is installed
16:11:58 INFO  Assert that (True == value) with value=True ... passed
16:11:58 INFO  Package banana is installed
16:11:58 INFO  Assert that (True == value) with value=True ... passed
16:11:58 INFO  Package cherry is installed
16:11:58 INFO  Assert that (True == value) with value=True ... passed
16:11:59 INFO  Assert that (False == value) with value=False ... passed
16:11:59 INFO  Assert that (False == value) with value=False ... passed
16:11:59 INFO  
16:11:59 INFO  cleanup:
16:12:03 INFO  Executed sudo&lt;tedge_disconnect_c8y&gt;, exit status 0
16:12:03 INFO  Executed systemctl&lt;serv_mapper5&gt;, exit status 3
16:12:04 INFO  
16:12:04 INFO  Test duration: 164.09 secs
16:12:04 INFO  Test final outcome:  FAILED
16:12:04 INFO  Test outcome reason: Assert that (False == value) with value=True
16:12:04 INFO  
</system-out>
	</testcase>
</testsuite>
