<?xml version="1.0" encoding="utf-8"?>
<testsuite failures="1" name="SoftwareManagement.sm_apt_install_remove_multiple" skipped="0" tests="1" time="167.08" timestamp="2022-05-23T18:04:05">
	<testcase classname="PySysTest" name="SoftwareManagement.sm_apt_install_remove_multiple">
		<failure message="BLOCKED: SystemError: Timeout while waiting for status FAILED or SUCCESSFUL" type="BLOCKED"/>
		<system-out>18:01:18 INFO  ==============================================================
18:01:18 INFO  Id:    SoftwareManagement.sm_apt_install_remove_multiple
18:01:18 INFO  Dir:   software_management_end_to_end/
18:01:18 INFO  Title: Validate end to end behaviour for the apt plugin for multiple packages
18:01:18 INFO  ==============================================================
18:01:18 INFO  Using sw id database: {'asciijump': '5475369', 'robotfindskitten': '5474869', 'squirrel3': '5475279', 'rolldice': '5152439', 'moon-buggy': '5439204', 'apple': '5495053', 'banana': '5494888', 'cherry': '5495382', 'watermelon': '5494510', 'registry': '8018911', 'hello-world': '8021526', 'docker/getting-started': '8021973', 'alpine': '7991792'}
18:01:18 INFO  EnvironmentC8y Setup
18:01:18 INFO  Executed systemctl&lt;serv_mapper1&gt;, exit status 3
18:01:19 INFO  Restarting mosquitto too frequently in the last 10 seconds. It was only up for 4 seconds
18:01:19 INFO  Delaying execution by 7 seconds
18:01:40 INFO  Executed sudo&lt;tedge_connect_c8y&gt;, exit status 0, duration 14 secs
18:01:40 INFO  Executed sudo&lt;tedge_connect_c8y_test&gt;, exit status 0
18:01:41 INFO  Executed systemctl&lt;serv_mosq2&gt;, exit status 0
18:01:41 INFO  Executed systemctl&lt;serv_mapper3&gt;, exit status 0
18:01:43 INFO  State of current operation: PENDING
18:01:46 INFO  State of current operation: PENDING
18:01:48 INFO  State of current operation: PENDING
18:01:50 INFO  State of current operation: PENDING
18:01:52 INFO  State of current operation: PENDING
18:01:55 INFO  State of current operation: PENDING
18:01:57 INFO  State of current operation: PENDING
18:01:59 INFO  State of current operation: PENDING
18:02:01 INFO  State of current operation: PENDING
18:02:04 INFO  State of current operation: PENDING
18:02:06 INFO  State of current operation: PENDING
18:02:08 INFO  State of current operation: PENDING
18:02:10 INFO  State of current operation: PENDING
18:02:13 INFO  State of current operation: PENDING
18:02:15 INFO  State of current operation: PENDING
18:02:17 INFO  State of current operation: PENDING
18:02:19 INFO  State of current operation: PENDING
18:02:22 INFO  State of current operation: PENDING
18:02:24 INFO  State of current operation: PENDING
18:02:26 INFO  State of current operation: PENDING
18:02:28 INFO  State of current operation: PENDING
18:02:30 INFO  State of current operation: PENDING
18:02:33 INFO  State of current operation: PENDING
18:02:35 INFO  State of current operation: PENDING
18:02:37 INFO  State of current operation: PENDING
18:02:39 INFO  State of current operation: PENDING
18:02:42 INFO  State of current operation: PENDING
18:02:44 INFO  State of current operation: PENDING
18:02:46 INFO  State of current operation: PENDING
18:02:48 INFO  State of current operation: PENDING
18:02:51 INFO  State of current operation: PENDING
18:02:53 INFO  State of current operation: PENDING
18:02:55 INFO  State of current operation: PENDING
18:02:57 INFO  State of current operation: PENDING
18:02:59 INFO  State of current operation: PENDING
18:03:02 INFO  State of current operation: PENDING
18:03:04 INFO  State of current operation: PENDING
18:03:06 INFO  State of current operation: PENDING
18:03:08 INFO  State of current operation: PENDING
18:03:11 INFO  State of current operation: PENDING
18:03:13 INFO  State of current operation: PENDING
18:03:15 INFO  State of current operation: PENDING
18:03:17 INFO  State of current operation: PENDING
18:03:19 INFO  State of current operation: PENDING
18:03:22 INFO  State of current operation: PENDING
18:03:24 INFO  State of current operation: PENDING
18:03:27 INFO  State of current operation: PENDING
18:03:29 INFO  State of current operation: PENDING
18:03:31 INFO  State of current operation: PENDING
18:03:33 INFO  State of current operation: PENDING
18:03:36 INFO  State of current operation: PENDING
18:03:38 INFO  State of current operation: PENDING
18:03:40 INFO  State of current operation: PENDING
18:03:42 INFO  State of current operation: PENDING
18:03:45 INFO  State of current operation: PENDING
18:03:47 INFO  State of current operation: PENDING
18:03:49 INFO  State of current operation: PENDING
18:03:51 INFO  State of current operation: PENDING
18:03:54 INFO  State of current operation: PENDING
18:03:56 INFO  State of current operation: PENDING
18:03:58 INFO  State of current operation: PENDING
18:04:00 WARN  SystemError occurred while running test - Timeout while waiting for status FAILED or SUCCESSFUL
Traceback (most recent call last):
  File &quot;/home/pi/env-pysys/lib/python3.7/site-packages/pysys/baserunner.py&quot;, line 1292, in __call__
    self.testObj.setup()
  File &quot;/home/pi/actions-runner/_work/thin-edge.io/thin-edge.io/tests/PySys/software_management_end_to_end/sm_apt_install_remove_multiple/run.py&quot;, line 52, in setup
    super().setup()
  File &quot;/home/pi/actions-runner/_work/thin-edge.io/thin-edge.io/tests/PySys/software_management_end_to_end/environment_sm_management.py&quot;, line 151, in setup
    self.wait_until_end()
  File &quot;/home/pi/actions-runner/_work/thin-edge.io/thin-edge.io/tests/PySys/software_management_end_to_end/environment_sm_management.py&quot;, line 332, in wait_until_end
    self.wait_until_status(&quot;FAILED&quot;, &quot;SUCCESSFUL&quot;)
  File &quot;/home/pi/actions-runner/_work/thin-edge.io/thin-edge.io/tests/PySys/software_management_end_to_end/environment_sm_management.py&quot;, line 381, in wait_until_status
    &quot;Timeout while waiting for status %s or %s&quot; % (status, status2)
SystemError: Timeout while waiting for status FAILED or SUCCESSFUL
18:04:00 WARN  SystemError: Timeout while waiting for status FAILED or SUCCESSFUL ... blocked 
18:04:00 INFO  
18:04:00 INFO  cleanup:
18:04:04 INFO  Executed sudo&lt;tedge_disconnect_c8y&gt;, exit status 0
18:04:05 INFO  Executed systemctl&lt;serv_mapper5&gt;, exit status 3
18:04:05 INFO  
18:04:05 INFO  Test duration: 167.08 secs
18:04:05 INFO  Test final outcome:  BLOCKED
18:04:05 INFO  Test outcome reason: SystemError: Timeout while waiting for status FAILED or SUCCESSFUL
18:04:05 INFO  
</system-out>
	</testcase>
</testsuite>
