<?xml version="1.0" encoding="utf-8"?>
<testsuite failures="1" name="SoftwareManagement.sm_apt_install_remove_with_version" skipped="0" tests="1" time="165.27" timestamp="2022-05-23T12:28:35">
	<testcase classname="PySysTest" name="SoftwareManagement.sm_apt_install_remove_with_version">
		<failure message="BLOCKED: SystemError: Timeout while waiting for status FAILED or SUCCESSFUL" type="BLOCKED"/>
		<system-out>12:25:50 INFO  ==============================================================
12:25:50 INFO  Id:    SoftwareManagement.sm_apt_install_remove_with_version
12:25:50 INFO  Dir:   software_management_end_to_end/
12:25:50 INFO  Title: Validate end to end behaviour for the apt plugin for packages with version
12:25:50 INFO  ==============================================================
12:25:50 INFO  Using sw id database: {'asciijump': '5475369', 'robotfindskitten': '5474869', 'squirrel3': '5475279', 'rolldice': '5152439', 'moon-buggy': '5439204', 'apple': '5495053', 'banana': '5494888', 'cherry': '5495382', 'watermelon': '5494510', 'registry': '8018911', 'hello-world': '8021526', 'docker/getting-started': '8021973', 'alpine': '7991792'}
12:25:50 INFO  EnvironmentC8y Setup
12:25:51 INFO  Executed systemctl&lt;serv_mapper1&gt;, exit status 3
12:25:51 INFO  Restarting mosquitto too frequently in the last 10 seconds. It was only up for 5 seconds
12:25:51 INFO  Delaying execution by 6 seconds
12:26:11 INFO  Executed sudo&lt;tedge_connect_c8y&gt;, exit status 0, duration 14 secs
12:26:11 INFO  Executed sudo&lt;tedge_connect_c8y_test&gt;, exit status 0
12:26:12 INFO  Executed systemctl&lt;serv_mosq2&gt;, exit status 0
12:26:12 INFO  Executed systemctl&lt;serv_mapper3&gt;, exit status 0
12:26:15 INFO  State of current operation: PENDING
12:26:17 INFO  State of current operation: PENDING
12:26:19 INFO  State of current operation: PENDING
12:26:21 INFO  State of current operation: PENDING
12:26:23 INFO  State of current operation: PENDING
12:26:26 INFO  State of current operation: PENDING
12:26:28 INFO  State of current operation: PENDING
12:26:30 INFO  State of current operation: PENDING
12:26:32 INFO  State of current operation: PENDING
12:26:35 INFO  State of current operation: PENDING
12:26:37 INFO  State of current operation: PENDING
12:26:39 INFO  State of current operation: PENDING
12:26:41 INFO  State of current operation: PENDING
12:26:44 INFO  State of current operation: PENDING
12:26:46 INFO  State of current operation: PENDING
12:26:48 INFO  State of current operation: PENDING
12:26:50 INFO  State of current operation: PENDING
12:26:53 INFO  State of current operation: PENDING
12:26:55 INFO  State of current operation: PENDING
12:26:57 INFO  State of current operation: PENDING
12:26:59 INFO  State of current operation: PENDING
12:27:01 INFO  State of current operation: PENDING
12:27:04 INFO  State of current operation: PENDING
12:27:06 INFO  State of current operation: PENDING
12:27:08 INFO  State of current operation: PENDING
12:27:10 INFO  State of current operation: PENDING
12:27:13 INFO  State of current operation: PENDING
12:27:15 INFO  State of current operation: PENDING
12:27:17 INFO  State of current operation: PENDING
12:27:19 INFO  State of current operation: PENDING
12:27:22 INFO  State of current operation: PENDING
12:27:24 INFO  State of current operation: PENDING
12:27:26 INFO  State of current operation: PENDING
12:27:28 INFO  State of current operation: PENDING
12:27:31 INFO  State of current operation: PENDING
12:27:33 INFO  State of current operation: PENDING
12:27:35 INFO  State of current operation: PENDING
12:27:37 INFO  State of current operation: PENDING
12:27:40 INFO  State of current operation: PENDING
12:27:42 INFO  State of current operation: PENDING
12:27:44 INFO  State of current operation: PENDING
12:27:46 INFO  State of current operation: PENDING
12:27:48 INFO  State of current operation: PENDING
12:27:51 INFO  State of current operation: PENDING
12:27:53 INFO  State of current operation: PENDING
12:27:55 INFO  State of current operation: PENDING
12:27:57 INFO  State of current operation: PENDING
12:28:00 INFO  State of current operation: PENDING
12:28:02 INFO  State of current operation: PENDING
12:28:04 INFO  State of current operation: PENDING
12:28:06 INFO  State of current operation: PENDING
12:28:09 INFO  State of current operation: PENDING
12:28:11 INFO  State of current operation: PENDING
12:28:13 INFO  State of current operation: PENDING
12:28:15 INFO  State of current operation: PENDING
12:28:17 INFO  State of current operation: PENDING
12:28:20 INFO  State of current operation: PENDING
12:28:22 INFO  State of current operation: PENDING
12:28:24 INFO  State of current operation: PENDING
12:28:26 INFO  State of current operation: PENDING
12:28:29 INFO  State of current operation: PENDING
12:28:31 WARN  SystemError occurred while running test - Timeout while waiting for status FAILED or SUCCESSFUL
Traceback (most recent call last):
  File &quot;/home/pi/env-pysys/lib/python3.7/site-packages/pysys/baserunner.py&quot;, line 1292, in __call__
    self.testObj.setup()
  File &quot;/home/pi/actions-runner/_work/thin-edge.io/thin-edge.io/tests/PySys/software_management_end_to_end/sm_apt_install_remove_with_version/run.py&quot;, line 27, in setup
    super().setup()
  File &quot;/home/pi/actions-runner/_work/thin-edge.io/thin-edge.io/tests/PySys/software_management_end_to_end/environment_sm_management.py&quot;, line 151, in setup
    self.wait_until_end()
  File &quot;/home/pi/actions-runner/_work/thin-edge.io/thin-edge.io/tests/PySys/software_management_end_to_end/environment_sm_management.py&quot;, line 332, in wait_until_end
    self.wait_until_status(&quot;FAILED&quot;, &quot;SUCCESSFUL&quot;)
  File &quot;/home/pi/actions-runner/_work/thin-edge.io/thin-edge.io/tests/PySys/software_management_end_to_end/environment_sm_management.py&quot;, line 381, in wait_until_status
    &quot;Timeout while waiting for status %s or %s&quot; % (status, status2)
SystemError: Timeout while waiting for status FAILED or SUCCESSFUL
12:28:31 WARN  SystemError: Timeout while waiting for status FAILED or SUCCESSFUL ... blocked 
12:28:31 INFO  
12:28:31 INFO  cleanup:
12:28:35 INFO  Executed sudo&lt;tedge_disconnect_c8y&gt;, exit status 0
12:28:35 INFO  Executed systemctl&lt;serv_mapper5&gt;, exit status 3
12:28:35 INFO  
12:28:35 INFO  Test duration: 165.27 secs
12:28:35 INFO  Test final outcome:  BLOCKED
12:28:35 INFO  Test outcome reason: SystemError: Timeout while waiting for status FAILED or SUCCESSFUL
12:28:35 INFO  
</system-out>
	</testcase>
</testsuite>
