<?xml version="1.0" encoding="utf-8"?>
<testsuite failures="1" name="SoftwareManagement.sm_apt_install_remove_multiple" skipped="0" tests="1" time="137.65" timestamp="2022-06-17T09:47:08">
	<testcase classname="PySysTest" name="SoftwareManagement.sm_apt_install_remove_multiple">
		<failure message="FAILED: Assert that (False == value) with value=True (+2 other failures)" type="FAILED"/>
		<system-out>09:44:50 INFO  ==============================================================
09:44:50 INFO  Id:    SoftwareManagement.sm_apt_install_remove_multiple
09:44:50 INFO  Dir:   software_management_end_to_end/
09:44:50 INFO  Title: Validate end to end behaviour for the apt plugin for multiple packages
09:44:50 INFO  ==============================================================
09:44:50 INFO  Using sw id database: {'asciijump': '5475369', 'robotfindskitten': '5474869', 'squirrel3': '5475279', 'rolldice': '5152439', 'moon-buggy': '5439204', 'apple': '5495053', 'banana': '5494888', 'cherry': '5495382', 'watermelon': '5494510', 'registry': '8018911', 'hello-world': '8021526', 'docker/getting-started': '8021973', 'alpine': '7991792'}
09:44:50 INFO  EnvironmentC8y Setup
09:44:51 INFO  Executed systemctl&lt;serv_mapper1&gt;, exit status 3
09:44:51 INFO  Restarting mosquitto too frequently in the last 10 seconds. It was only up for 5 seconds
09:44:51 INFO  Delaying execution by 6 seconds
09:45:11 INFO  Executed sudo&lt;tedge_connect_c8y&gt;, exit status 0, duration 14 secs
09:45:12 INFO  Executed sudo&lt;tedge_connect_c8y_test&gt;, exit status 0
09:45:12 INFO  Executed systemctl&lt;serv_mosq2&gt;, exit status 0
09:45:13 INFO  Executed systemctl&lt;serv_mapper3&gt;, exit status 0
09:45:15 INFO  State of current operation: SUCCESSFUL
09:45:15 INFO  Assert that (False == value) with value=False ... passed
09:45:15 INFO  Package asciijump is installed
09:45:16 WARN  Assert that (False == value) with value=True ... failed 
09:45:16 INFO  Package squirrel3 is installed
09:45:16 WARN  Assert that (False == value) with value=True ... failed 
09:45:16 INFO  Package robotfindskitten is installed
09:45:16 WARN  Assert that (False == value) with value=True ... failed 
09:45:16 INFO  Response status: 201
09:45:16 INFO  Response to action: {
    &quot;delivery&quot;: {
        &quot;log&quot;: [],
        &quot;time&quot;: &quot;2022-06-17T09:45:16.951Z&quot;,
        &quot;status&quot;: &quot;PENDING&quot;
    },
    &quot;creationTime&quot;: &quot;2022-06-17T09:45:16.934Z&quot;,
    &quot;deviceName&quot;: &quot;m32sd10d&quot;,
    &quot;deviceId&quot;: &quot;20259762&quot;,
    &quot;self&quot;: &quot;https://t493319102.eu-latest.cumulocity.com/devicecontrol/operations/20282580&quot;,
    &quot;id&quot;: &quot;20282580&quot;,
    &quot;status&quot;: &quot;PENDING&quot;,
    &quot;description&quot;: &quot;Apply software changes, triggered from PySys: [{'action': 'install', 'id': '5475369', 'name': 'asciijump', 'url': ' ', 'version': '::apt'}, {'action': 'install', 'id': '5474869', 'name': 'robotfindskitten', 'url': ' ', 'version': '::apt'}, {'action': 'install', 'id': '5475279', 'name': 'squirrel3', 'url': ' ', 'version': '::apt'}]&quot;,
    &quot;c8y_SoftwareUpdate&quot;: [
        {
            &quot;name&quot;: &quot;asciijump&quot;,
            &quot;action&quot;: &quot;install&quot;,
            &quot;id&quot;: &quot;5475369&quot;,
            &quot;version&quot;: &quot;::apt&quot;,
            &quot;url&quot;: &quot; &quot;
        },
        {
            &quot;name&quot;: &quot;robotfindskitten&quot;,
            &quot;action&quot;: &quot;install&quot;,
            &quot;id&quot;: &quot;5474869&quot;,
            &quot;version&quot;: &quot;::apt&quot;,
            &quot;url&quot;: &quot; &quot;
        },
        {
            &quot;name&quot;: &quot;squirrel3&quot;,
            &quot;action&quot;: &quot;install&quot;,
            &quot;id&quot;: &quot;5475279&quot;,
            &quot;version&quot;: &quot;::apt&quot;,
            &quot;url&quot;: &quot; &quot;
        }
    ]
}
09:45:16 INFO  Started operation: {'delivery': {'log': [], 'time': '2022-06-17T09:45:16.951Z', 'status': 'PENDING'}, 'creationTime': '2022-06-17T09:45:16.934Z', 'deviceName': 'm32sd10d', 'deviceId': '20259762', 'self': 'https://t493319102.eu-latest.cumulocity.com/devicecontrol/operations/20282580', 'id': '20282580', 'status': 'PENDING', 'description': &quot;Apply software changes, triggered from PySys: [{'action': 'install', 'id': '5475369', 'name': 'asciijump', 'url': ' ', 'version': '::apt'}, {'action': 'install', 'id': '5474869', 'name': 'robotfindskitten', 'url': ' ', 'version': '::apt'}, {'action': 'install', 'id': '5475279', 'name': 'squirrel3', 'url': ' ', 'version': '::apt'}]&quot;, 'c8y_SoftwareUpdate': [{'name': 'asciijump', 'action': 'install', 'id': '5475369', 'version': '::apt', 'url': ' '}, {'name': 'robotfindskitten', 'action': 'install', 'id': '5474869', 'version': '::apt', 'url': ' '}, {'name': 'squirrel3', 'action': 'install', 'id': '5475279', 'version': '::apt', 'url': ' '}]}
09:45:19 INFO  State of operation 20282580 : PENDING
09:45:21 INFO  State of operation 20282580 : EXECUTING
09:45:23 INFO  State of operation 20282580 : EXECUTING
09:45:25 INFO  State of operation 20282580 : EXECUTING
09:45:28 INFO  State of operation 20282580 : EXECUTING
09:45:30 INFO  State of operation 20282580 : EXECUTING
09:45:33 INFO  State of operation 20282580 : EXECUTING
09:45:35 INFO  State of operation 20282580 : EXECUTING
09:45:38 INFO  State of operation 20282580 : EXECUTING
09:45:40 INFO  State of operation 20282580 : EXECUTING
09:45:42 INFO  State of operation 20282580 : EXECUTING
09:45:44 INFO  State of operation 20282580 : EXECUTING
09:45:47 INFO  State of operation 20282580 : EXECUTING
09:45:49 INFO  State of operation 20282580 : EXECUTING
09:45:52 INFO  State of operation 20282580 : EXECUTING
09:45:54 INFO  State of operation 20282580 : SUCCESSFUL
09:45:54 INFO  Assert that (False == value) with value=False ... passed
09:45:54 INFO  Package asciijump is installed
09:45:54 INFO  Assert that (True == value) with value=True ... passed
09:45:54 INFO  Package squirrel3 is installed
09:45:54 INFO  Assert that (True == value) with value=True ... passed
09:45:55 INFO  Package robotfindskitten is installed
09:45:55 INFO  Assert that (True == value) with value=True ... passed
09:45:55 INFO  Response status: 201
09:45:55 INFO  Response to action: {
    &quot;delivery&quot;: {
        &quot;log&quot;: [],
        &quot;time&quot;: &quot;2022-06-17T09:45:55.431Z&quot;,
        &quot;status&quot;: &quot;PENDING&quot;
    },
    &quot;creationTime&quot;: &quot;2022-06-17T09:45:55.411Z&quot;,
    &quot;deviceName&quot;: &quot;m32sd10d&quot;,
    &quot;deviceId&quot;: &quot;20259762&quot;,
    &quot;self&quot;: &quot;https://t493319102.eu-latest.cumulocity.com/devicecontrol/operations/20282592&quot;,
    &quot;id&quot;: &quot;20282592&quot;,
    &quot;status&quot;: &quot;PENDING&quot;,
    &quot;description&quot;: &quot;Apply software changes, triggered from PySys: [{'action': 'delete', 'id': '5475369', 'name': 'asciijump', 'url': ' ', 'version': '::apt'}, {'action': 'delete', 'id': '5474869', 'name': 'robotfindskitten', 'url': ' ', 'version': '::apt'}, {'action': 'delete', 'id': '5475279', 'name': 'squirrel3', 'url': ' ', 'version': '::apt'}]&quot;,
    &quot;c8y_SoftwareUpdate&quot;: [
        {
            &quot;name&quot;: &quot;asciijump&quot;,
            &quot;action&quot;: &quot;delete&quot;,
            &quot;id&quot;: &quot;5475369&quot;,
            &quot;version&quot;: &quot;::apt&quot;,
            &quot;url&quot;: &quot; &quot;
        },
        {
            &quot;name&quot;: &quot;robotfindskitten&quot;,
            &quot;action&quot;: &quot;delete&quot;,
            &quot;id&quot;: &quot;5474869&quot;,
            &quot;version&quot;: &quot;::apt&quot;,
            &quot;url&quot;: &quot; &quot;
        },
        {
            &quot;name&quot;: &quot;squirrel3&quot;,
            &quot;action&quot;: &quot;delete&quot;,
            &quot;id&quot;: &quot;5475279&quot;,
            &quot;version&quot;: &quot;::apt&quot;,
            &quot;url&quot;: &quot; &quot;
        }
    ]
}
09:45:55 INFO  Started operation: {'delivery': {'log': [], 'time': '2022-06-17T09:45:55.431Z', 'status': 'PENDING'}, 'creationTime': '2022-06-17T09:45:55.411Z', 'deviceName': 'm32sd10d', 'deviceId': '20259762', 'self': 'https://t493319102.eu-latest.cumulocity.com/devicecontrol/operations/20282592', 'id': '20282592', 'status': 'PENDING', 'description': &quot;Apply software changes, triggered from PySys: [{'action': 'delete', 'id': '5475369', 'name': 'asciijump', 'url': ' ', 'version': '::apt'}, {'action': 'delete', 'id': '5474869', 'name': 'robotfindskitten', 'url': ' ', 'version': '::apt'}, {'action': 'delete', 'id': '5475279', 'name': 'squirrel3', 'url': ' ', 'version': '::apt'}]&quot;, 'c8y_SoftwareUpdate': [{'name': 'asciijump', 'action': 'delete', 'id': '5475369', 'version': '::apt', 'url': ' '}, {'name': 'robotfindskitten', 'action': 'delete', 'id': '5474869', 'version': '::apt', 'url': ' '}, {'name': 'squirrel3', 'action': 'delete', 'id': '5475279', 'version': '::apt', 'url': ' '}]}
09:45:57 INFO  State of operation 20282592 : PENDING
09:45:59 INFO  State of operation 20282592 : EXECUTING
09:46:02 INFO  State of operation 20282592 : EXECUTING
09:46:04 INFO  State of operation 20282592 : EXECUTING
09:46:06 INFO  State of operation 20282592 : EXECUTING
09:46:08 INFO  State of operation 20282592 : EXECUTING
09:46:11 INFO  State of operation 20282592 : EXECUTING
09:46:14 INFO  State of operation 20282592 : EXECUTING
09:46:16 INFO  State of operation 20282592 : EXECUTING
09:46:18 INFO  State of operation 20282592 : EXECUTING
09:46:21 INFO  State of operation 20282592 : EXECUTING
09:46:23 INFO  State of operation 20282592 : EXECUTING
09:46:25 INFO  State of operation 20282592 : EXECUTING
09:46:27 INFO  State of operation 20282592 : EXECUTING
09:46:30 INFO  State of operation 20282592 : EXECUTING
09:46:32 INFO  State of operation 20282592 : EXECUTING
09:46:34 INFO  State of operation 20282592 : EXECUTING
09:46:37 INFO  State of operation 20282592 : EXECUTING
09:46:39 INFO  State of operation 20282592 : EXECUTING
09:46:42 INFO  State of operation 20282592 : EXECUTING
09:46:44 INFO  State of operation 20282592 : EXECUTING
09:46:46 INFO  State of operation 20282592 : EXECUTING
09:46:48 INFO  State of operation 20282592 : EXECUTING
09:46:51 INFO  State of operation 20282592 : EXECUTING
09:46:53 INFO  State of operation 20282592 : EXECUTING
09:46:56 INFO  State of operation 20282592 : EXECUTING
09:46:58 INFO  State of operation 20282592 : EXECUTING
09:47:00 INFO  State of operation 20282592 : EXECUTING
09:47:03 INFO  State of operation 20282592 : SUCCESSFUL
09:47:03 INFO  Assert that (False == value) with value=False ... passed
09:47:03 INFO  Assert that (False == value) with value=False ... passed
09:47:03 INFO  Assert that (False == value) with value=False ... passed
09:47:04 INFO  Assert that (False == value) with value=False ... passed
09:47:04 INFO  
09:47:04 INFO  cleanup:
09:47:07 INFO  Executed sudo&lt;tedge_disconnect_c8y&gt;, exit status 0
09:47:08 INFO  Executed systemctl&lt;serv_mapper5&gt;, exit status 3
09:47:08 INFO  
09:47:08 INFO  Test duration: 137.65 secs
09:47:08 INFO  Test final outcome:  FAILED
09:47:08 INFO  Test outcome reason: Assert that (False == value) with value=True (+2 other failures)
09:47:08 INFO  
</system-out>
	</testcase>
</testsuite>
