<?xml version="1.0" encoding="utf-8"?>
<testsuite failures="1" name="SoftwareManagement.sm_fake_install_remove_multiple" skipped="0" tests="1" time="166.07" timestamp="2022-05-25T14:14:42">
	<testcase classname="PySysTest" name="SoftwareManagement.sm_fake_install_remove_multiple">
		<failure message="BLOCKED: SystemError: Timeout while waiting for status FAILED or SUCCESSFUL" type="BLOCKED"/>
		<system-out>14:11:56 INFO  ==============================================================
14:11:56 INFO  Id:    SoftwareManagement.sm_fake_install_remove_multiple
14:11:56 INFO  Dir:   software_management_end_to_end/
14:11:56 INFO  Title: Validate end to end behaviour for the dummy-plugin for multiple packages
14:11:56 INFO  ==============================================================
14:11:56 INFO  Using sw id database: {'asciijump': '5475369', 'robotfindskitten': '5474869', 'squirrel3': '5475279', 'rolldice': '5152439', 'moon-buggy': '5439204', 'apple': '5495053', 'banana': '5494888', 'cherry': '5495382', 'watermelon': '5494510', 'registry': '8018911', 'hello-world': '8021526', 'docker/getting-started': '8021973', 'alpine': '7991792'}
14:11:56 INFO  EnvironmentC8y Setup
14:11:57 INFO  Executed systemctl&lt;serv_mapper1&gt;, exit status 3
14:11:57 INFO  Restarting mosquitto too frequently in the last 10 seconds. It was only up for 5 seconds
14:11:57 INFO  Delaying execution by 6 seconds
14:12:17 INFO  Executed sudo&lt;tedge_connect_c8y&gt;, exit status 0, duration 13 secs
14:12:17 INFO  Executed sudo&lt;tedge_connect_c8y_test&gt;, exit status 0
14:12:18 INFO  Executed systemctl&lt;serv_mosq2&gt;, exit status 0
14:12:18 INFO  Executed systemctl&lt;serv_mapper3&gt;, exit status 0
14:12:20 INFO  State of current operation: PENDING
14:12:23 INFO  State of current operation: PENDING
14:12:25 INFO  State of current operation: PENDING
14:12:27 INFO  State of current operation: PENDING
14:12:29 INFO  State of current operation: PENDING
14:12:32 INFO  State of current operation: PENDING
14:12:34 INFO  State of current operation: PENDING
14:12:36 INFO  State of current operation: PENDING
14:12:38 INFO  State of current operation: PENDING
14:12:41 INFO  State of current operation: PENDING
14:12:43 INFO  State of current operation: PENDING
14:12:45 INFO  State of current operation: PENDING
14:12:47 INFO  State of current operation: PENDING
14:12:49 INFO  State of current operation: PENDING
14:12:52 INFO  State of current operation: PENDING
14:12:54 INFO  State of current operation: PENDING
14:12:56 INFO  State of current operation: PENDING
14:12:58 INFO  State of current operation: PENDING
14:13:01 INFO  State of current operation: PENDING
14:13:03 INFO  State of current operation: PENDING
14:13:05 INFO  State of current operation: PENDING
14:13:07 INFO  State of current operation: PENDING
14:13:10 INFO  State of current operation: PENDING
14:13:12 INFO  State of current operation: PENDING
14:13:14 INFO  State of current operation: PENDING
14:13:16 INFO  State of current operation: PENDING
14:13:19 INFO  State of current operation: PENDING
14:13:21 INFO  State of current operation: PENDING
14:13:23 INFO  State of current operation: PENDING
14:13:25 INFO  State of current operation: PENDING
14:13:28 INFO  State of current operation: PENDING
14:13:30 INFO  State of current operation: PENDING
14:13:32 INFO  State of current operation: PENDING
14:13:34 INFO  State of current operation: PENDING
14:13:36 INFO  State of current operation: PENDING
14:13:39 INFO  State of current operation: PENDING
14:13:41 INFO  State of current operation: PENDING
14:13:43 INFO  State of current operation: PENDING
14:13:45 INFO  State of current operation: PENDING
14:13:48 INFO  State of current operation: PENDING
14:13:51 INFO  State of current operation: PENDING
14:13:53 INFO  State of current operation: PENDING
14:13:55 INFO  State of current operation: PENDING
14:13:57 INFO  State of current operation: PENDING
14:13:59 INFO  State of current operation: PENDING
14:14:02 INFO  State of current operation: PENDING
14:14:04 INFO  State of current operation: PENDING
14:14:06 INFO  State of current operation: PENDING
14:14:09 INFO  State of current operation: PENDING
14:14:11 INFO  State of current operation: PENDING
14:14:13 INFO  State of current operation: PENDING
14:14:15 INFO  State of current operation: PENDING
14:14:18 INFO  State of current operation: PENDING
14:14:20 INFO  State of current operation: PENDING
14:14:22 INFO  State of current operation: PENDING
14:14:24 INFO  State of current operation: PENDING
14:14:27 INFO  State of current operation: PENDING
14:14:29 INFO  State of current operation: PENDING
14:14:31 INFO  State of current operation: PENDING
14:14:33 INFO  State of current operation: PENDING
14:14:35 INFO  State of current operation: PENDING
14:14:37 WARN  SystemError occurred while running test - Timeout while waiting for status FAILED or SUCCESSFUL
Traceback (most recent call last):
  File &quot;/home/pi/env-pysys/lib/python3.7/site-packages/pysys/baserunner.py&quot;, line 1292, in __call__
    self.testObj.setup()
  File &quot;/home/pi/actions-runner/_work/thin-edge.io/thin-edge.io/tests/PySys/software_management_end_to_end/sm_fake_install_remove_multiple/run.py&quot;, line 68, in setup
    super().setup()
  File &quot;/home/pi/actions-runner/_work/thin-edge.io/thin-edge.io/tests/PySys/software_management_end_to_end/environment_sm_management.py&quot;, line 151, in setup
    self.wait_until_end()
  File &quot;/home/pi/actions-runner/_work/thin-edge.io/thin-edge.io/tests/PySys/software_management_end_to_end/environment_sm_management.py&quot;, line 332, in wait_until_end
    self.wait_until_status(&quot;FAILED&quot;, &quot;SUCCESSFUL&quot;)
  File &quot;/home/pi/actions-runner/_work/thin-edge.io/thin-edge.io/tests/PySys/software_management_end_to_end/environment_sm_management.py&quot;, line 381, in wait_until_status
    &quot;Timeout while waiting for status %s or %s&quot; % (status, status2)
SystemError: Timeout while waiting for status FAILED or SUCCESSFUL
14:14:38 WARN  SystemError: Timeout while waiting for status FAILED or SUCCESSFUL ... blocked 
14:14:38 INFO  
14:14:38 INFO  cleanup:
14:14:42 INFO  Executed sudo&lt;tedge_disconnect_c8y&gt;, exit status 0
14:14:42 INFO  Executed systemctl&lt;serv_mapper5&gt;, exit status 3
14:14:42 INFO  
14:14:42 INFO  Test duration: 166.07 secs
14:14:42 INFO  Test final outcome:  BLOCKED
14:14:42 INFO  Test outcome reason: SystemError: Timeout while waiting for status FAILED or SUCCESSFUL
14:14:42 INFO  
</system-out>
	</testcase>
</testsuite>
