<?xml version="1.0" encoding="utf-8"?>
<testsuite failures="1" name="SoftwareManagement.sm_apt_install_remove_multiple" skipped="0" tests="1" time="137.75" timestamp="2022-07-20T14:02:52">
	<testcase classname="PySysTest" name="SoftwareManagement.sm_apt_install_remove_multiple">
		<failure message="FAILED: Assert that (False == value) with value=True (+2 other failures)" type="FAILED"/>
		<system-out>14:00:34 INFO  ==============================================================
14:00:34 INFO  Id:    SoftwareManagement.sm_apt_install_remove_multiple
14:00:34 INFO  Dir:   software_management_end_to_end/
14:00:34 INFO  Title: Validate end to end behaviour for the apt plugin for multiple packages
14:00:34 INFO  ==============================================================
14:00:34 INFO  Using sw id database: {'asciijump': '5475369', 'robotfindskitten': '5474869', 'squirrel3': '5475279', 'rolldice': '5152439', 'moon-buggy': '5439204', 'apple': '5495053', 'banana': '5494888', 'cherry': '5495382', 'watermelon': '5494510', 'registry': '8018911', 'hello-world': '8021526', 'docker/getting-started': '8021973', 'alpine': '7991792'}
14:00:34 INFO  EnvironmentC8y Setup
14:00:34 INFO  Executed systemctl&lt;serv_mapper1&gt;, exit status 3
14:00:35 INFO  Restarting mosquitto too frequently in the last 10 seconds. It was only up for 4 seconds
14:00:35 INFO  Delaying execution by 7 seconds
14:00:55 INFO  Executed sudo&lt;tedge_connect_c8y&gt;, exit status 0, duration 13 secs
14:00:56 INFO  Executed sudo&lt;tedge_connect_c8y_test&gt;, exit status 0
14:00:56 INFO  Executed systemctl&lt;serv_mosq2&gt;, exit status 0
14:00:57 INFO  Executed systemctl&lt;serv_mapper3&gt;, exit status 0
14:00:59 INFO  State of current operation: SUCCESSFUL
14:00:59 INFO  Assert that (False == value) with value=False ... passed
14:01:00 INFO  Package asciijump is installed
14:01:00 WARN  Assert that (False == value) with value=True ... failed 
14:01:00 INFO  Package squirrel3 is installed
14:01:00 WARN  Assert that (False == value) with value=True ... failed 
14:01:00 INFO  Package robotfindskitten is installed
14:01:01 WARN  Assert that (False == value) with value=True ... failed 
14:01:01 INFO  Response status: 201
14:01:01 INFO  Response to action: {
    &quot;creationTime&quot;: &quot;2022-07-20T14:01:01.200Z&quot;,
    &quot;deviceId&quot;: &quot;21079878&quot;,
    &quot;deviceName&quot;: &quot;m32sd10d&quot;,
    &quot;self&quot;: &quot;https://t493319102.eu-latest.cumulocity.com/devicecontrol/operations/21093713&quot;,
    &quot;id&quot;: &quot;21093713&quot;,
    &quot;status&quot;: &quot;PENDING&quot;,
    &quot;description&quot;: &quot;Apply software changes, triggered from PySys: [{'action': 'install', 'id': '5475369', 'name': 'asciijump', 'url': ' ', 'version': '::apt'}, {'action': 'install', 'id': '5474869', 'name': 'robotfindskitten', 'url': ' ', 'version': '::apt'}, {'action': 'install', 'id': '5475279', 'name': 'squirrel3', 'url': ' ', 'version': '::apt'}]&quot;,
    &quot;c8y_SoftwareUpdate&quot;: [
        {
            &quot;name&quot;: &quot;asciijump&quot;,
            &quot;action&quot;: &quot;install&quot;,
            &quot;id&quot;: &quot;5475369&quot;,
            &quot;version&quot;: &quot;::apt&quot;,
            &quot;url&quot;: &quot; &quot;
        },
        {
            &quot;name&quot;: &quot;robotfindskitten&quot;,
            &quot;action&quot;: &quot;install&quot;,
            &quot;id&quot;: &quot;5474869&quot;,
            &quot;version&quot;: &quot;::apt&quot;,
            &quot;url&quot;: &quot; &quot;
        },
        {
            &quot;name&quot;: &quot;squirrel3&quot;,
            &quot;action&quot;: &quot;install&quot;,
            &quot;id&quot;: &quot;5475279&quot;,
            &quot;version&quot;: &quot;::apt&quot;,
            &quot;url&quot;: &quot; &quot;
        }
    ]
}
14:01:01 INFO  Started operation: {'creationTime': '2022-07-20T14:01:01.200Z', 'deviceId': '21079878', 'deviceName': 'm32sd10d', 'self': 'https://t493319102.eu-latest.cumulocity.com/devicecontrol/operations/21093713', 'id': '21093713', 'status': 'PENDING', 'description': &quot;Apply software changes, triggered from PySys: [{'action': 'install', 'id': '5475369', 'name': 'asciijump', 'url': ' ', 'version': '::apt'}, {'action': 'install', 'id': '5474869', 'name': 'robotfindskitten', 'url': ' ', 'version': '::apt'}, {'action': 'install', 'id': '5475279', 'name': 'squirrel3', 'url': ' ', 'version': '::apt'}]&quot;, 'c8y_SoftwareUpdate': [{'name': 'asciijump', 'action': 'install', 'id': '5475369', 'version': '::apt', 'url': ' '}, {'name': 'robotfindskitten', 'action': 'install', 'id': '5474869', 'version': '::apt', 'url': ' '}, {'name': 'squirrel3', 'action': 'install', 'id': '5475279', 'version': '::apt', 'url': ' '}]}
14:01:03 INFO  State of operation 21093713 : PENDING
14:01:05 INFO  State of operation 21093713 : EXECUTING
14:01:07 INFO  State of operation 21093713 : EXECUTING
14:01:10 INFO  State of operation 21093713 : EXECUTING
14:01:12 INFO  State of operation 21093713 : EXECUTING
14:01:14 INFO  State of operation 21093713 : EXECUTING
14:01:17 INFO  State of operation 21093713 : EXECUTING
14:01:19 INFO  State of operation 21093713 : EXECUTING
14:01:22 INFO  State of operation 21093713 : EXECUTING
14:01:24 INFO  State of operation 21093713 : EXECUTING
14:01:26 INFO  State of operation 21093713 : EXECUTING
14:01:29 INFO  State of operation 21093713 : EXECUTING
14:01:31 INFO  State of operation 21093713 : EXECUTING
14:01:33 INFO  State of operation 21093713 : EXECUTING
14:01:35 INFO  State of operation 21093713 : EXECUTING
14:01:38 INFO  State of operation 21093713 : SUCCESSFUL
14:01:38 INFO  Assert that (False == value) with value=False ... passed
14:01:38 INFO  Package asciijump is installed
14:01:38 INFO  Assert that (True == value) with value=True ... passed
14:01:38 INFO  Package squirrel3 is installed
14:01:38 INFO  Assert that (True == value) with value=True ... passed
14:01:38 INFO  Package robotfindskitten is installed
14:01:38 INFO  Assert that (True == value) with value=True ... passed
14:01:39 INFO  Response status: 201
14:01:39 INFO  Response to action: {
    &quot;creationTime&quot;: &quot;2022-07-20T14:01:39.154Z&quot;,
    &quot;deviceId&quot;: &quot;21079878&quot;,
    &quot;deviceName&quot;: &quot;m32sd10d&quot;,
    &quot;self&quot;: &quot;https://t493319102.eu-latest.cumulocity.com/devicecontrol/operations/21093721&quot;,
    &quot;id&quot;: &quot;21093721&quot;,
    &quot;status&quot;: &quot;PENDING&quot;,
    &quot;description&quot;: &quot;Apply software changes, triggered from PySys: [{'action': 'delete', 'id': '5475369', 'name': 'asciijump', 'url': ' ', 'version': '::apt'}, {'action': 'delete', 'id': '5474869', 'name': 'robotfindskitten', 'url': ' ', 'version': '::apt'}, {'action': 'delete', 'id': '5475279', 'name': 'squirrel3', 'url': ' ', 'version': '::apt'}]&quot;,
    &quot;c8y_SoftwareUpdate&quot;: [
        {
            &quot;name&quot;: &quot;asciijump&quot;,
            &quot;action&quot;: &quot;delete&quot;,
            &quot;id&quot;: &quot;5475369&quot;,
            &quot;version&quot;: &quot;::apt&quot;,
            &quot;url&quot;: &quot; &quot;
        },
        {
            &quot;name&quot;: &quot;robotfindskitten&quot;,
            &quot;action&quot;: &quot;delete&quot;,
            &quot;id&quot;: &quot;5474869&quot;,
            &quot;version&quot;: &quot;::apt&quot;,
            &quot;url&quot;: &quot; &quot;
        },
        {
            &quot;name&quot;: &quot;squirrel3&quot;,
            &quot;action&quot;: &quot;delete&quot;,
            &quot;id&quot;: &quot;5475279&quot;,
            &quot;version&quot;: &quot;::apt&quot;,
            &quot;url&quot;: &quot; &quot;
        }
    ]
}
14:01:39 INFO  Started operation: {'creationTime': '2022-07-20T14:01:39.154Z', 'deviceId': '21079878', 'deviceName': 'm32sd10d', 'self': 'https://t493319102.eu-latest.cumulocity.com/devicecontrol/operations/21093721', 'id': '21093721', 'status': 'PENDING', 'description': &quot;Apply software changes, triggered from PySys: [{'action': 'delete', 'id': '5475369', 'name': 'asciijump', 'url': ' ', 'version': '::apt'}, {'action': 'delete', 'id': '5474869', 'name': 'robotfindskitten', 'url': ' ', 'version': '::apt'}, {'action': 'delete', 'id': '5475279', 'name': 'squirrel3', 'url': ' ', 'version': '::apt'}]&quot;, 'c8y_SoftwareUpdate': [{'name': 'asciijump', 'action': 'delete', 'id': '5475369', 'version': '::apt', 'url': ' '}, {'name': 'robotfindskitten', 'action': 'delete', 'id': '5474869', 'version': '::apt', 'url': ' '}, {'name': 'squirrel3', 'action': 'delete', 'id': '5475279', 'version': '::apt', 'url': ' '}]}
14:01:41 INFO  State of operation 21093721 : PENDING
14:01:43 INFO  State of operation 21093721 : EXECUTING
14:01:45 INFO  State of operation 21093721 : EXECUTING
14:01:48 INFO  State of operation 21093721 : EXECUTING
14:01:50 INFO  State of operation 21093721 : EXECUTING
14:01:52 INFO  State of operation 21093721 : EXECUTING
14:01:55 INFO  State of operation 21093721 : EXECUTING
14:01:57 INFO  State of operation 21093721 : EXECUTING
14:02:00 INFO  State of operation 21093721 : EXECUTING
14:02:02 INFO  State of operation 21093721 : EXECUTING
14:02:04 INFO  State of operation 21093721 : EXECUTING
14:02:07 INFO  State of operation 21093721 : EXECUTING
14:02:09 INFO  State of operation 21093721 : EXECUTING
14:02:11 INFO  State of operation 21093721 : EXECUTING
14:02:13 INFO  State of operation 21093721 : EXECUTING
14:02:15 INFO  State of operation 21093721 : EXECUTING
14:02:18 INFO  State of operation 21093721 : EXECUTING
14:02:20 INFO  State of operation 21093721 : EXECUTING
14:02:23 INFO  State of operation 21093721 : EXECUTING
14:02:25 INFO  State of operation 21093721 : EXECUTING
14:02:27 INFO  State of operation 21093721 : EXECUTING
14:02:30 INFO  State of operation 21093721 : EXECUTING
14:02:32 INFO  State of operation 21093721 : EXECUTING
14:02:34 INFO  State of operation 21093721 : EXECUTING
14:02:36 INFO  State of operation 21093721 : EXECUTING
14:02:39 INFO  State of operation 21093721 : EXECUTING
14:02:42 INFO  State of operation 21093721 : EXECUTING
14:02:44 INFO  State of operation 21093721 : EXECUTING
14:02:46 INFO  State of operation 21093721 : SUCCESSFUL
14:02:46 INFO  Assert that (False == value) with value=False ... passed
14:02:47 INFO  Assert that (False == value) with value=False ... passed
14:02:47 INFO  Assert that (False == value) with value=False ... passed
14:02:47 INFO  Assert that (False == value) with value=False ... passed
14:02:47 INFO  
14:02:47 INFO  cleanup:
14:02:51 INFO  Executed sudo&lt;tedge_disconnect_c8y&gt;, exit status 0
14:02:52 INFO  Executed systemctl&lt;serv_mapper5&gt;, exit status 3
14:02:52 INFO  
14:02:52 INFO  Test duration: 137.75 secs
14:02:52 INFO  Test final outcome:  FAILED
14:02:52 INFO  Test outcome reason: Assert that (False == value) with value=True (+2 other failures)
14:02:52 INFO  
</system-out>
	</testcase>
</testsuite>
