<?xml version="1.0" encoding="utf-8"?>
<testsuite failures="1" name="SoftwareManagement.sm_apt_install_remove_multiple" skipped="0" tests="1" time="137.13" timestamp="2022-07-25T16:12:28">
	<testcase classname="PySysTest" name="SoftwareManagement.sm_apt_install_remove_multiple">
		<failure message="FAILED: Assert that (False == value) with value=True (+2 other failures)" type="FAILED"/>
		<system-out>16:10:11 INFO  ==============================================================
16:10:11 INFO  Id:    SoftwareManagement.sm_apt_install_remove_multiple
16:10:11 INFO  Dir:   software_management_end_to_end/
16:10:11 INFO  Title: Validate end to end behaviour for the apt plugin for multiple packages
16:10:11 INFO  ==============================================================
16:10:11 INFO  Using sw id database: {'asciijump': '5475369', 'robotfindskitten': '5474869', 'squirrel3': '5475279', 'rolldice': '5152439', 'moon-buggy': '5439204', 'apple': '5495053', 'banana': '5494888', 'cherry': '5495382', 'watermelon': '5494510', 'registry': '8018911', 'hello-world': '8021526', 'docker/getting-started': '8021973', 'alpine': '7991792'}
16:10:11 INFO  EnvironmentC8y Setup
16:10:12 INFO  Executed systemctl&lt;serv_mapper1&gt;, exit status 3
16:10:12 INFO  Restarting mosquitto too frequently in the last 10 seconds. It was only up for 5 seconds
16:10:12 INFO  Delaying execution by 6 seconds
16:10:32 INFO  Executed sudo&lt;tedge_connect_c8y&gt;, exit status 0, duration 13 secs
16:10:32 INFO  Executed sudo&lt;tedge_connect_c8y_test&gt;, exit status 0
16:10:33 INFO  Executed systemctl&lt;serv_mosq2&gt;, exit status 0
16:10:33 INFO  Executed systemctl&lt;serv_mapper3&gt;, exit status 0
16:10:36 INFO  State of current operation: SUCCESSFUL
16:10:36 INFO  Assert that (False == value) with value=False ... passed
16:10:36 INFO  Package asciijump is installed
16:10:36 WARN  Assert that (False == value) with value=True ... failed 
16:10:37 INFO  Package squirrel3 is installed
16:10:37 WARN  Assert that (False == value) with value=True ... failed 
16:10:37 INFO  Package robotfindskitten is installed
16:10:37 WARN  Assert that (False == value) with value=True ... failed 
16:10:37 INFO  Response status: 201
16:10:37 INFO  Response to action: {
    &quot;delivery&quot;: {
        &quot;log&quot;: [],
        &quot;time&quot;: &quot;2022-07-25T16:10:37.671Z&quot;,
        &quot;status&quot;: &quot;PENDING&quot;
    },
    &quot;creationTime&quot;: &quot;2022-07-25T16:10:37.655Z&quot;,
    &quot;deviceId&quot;: &quot;21391559&quot;,
    &quot;deviceName&quot;: &quot;m32sd10d&quot;,
    &quot;self&quot;: &quot;https://t493319102.eu-latest.cumulocity.com/devicecontrol/operations/21415299&quot;,
    &quot;id&quot;: &quot;21415299&quot;,
    &quot;status&quot;: &quot;PENDING&quot;,
    &quot;description&quot;: &quot;Apply software changes, triggered from PySys: [{'action': 'install', 'id': '5475369', 'name': 'asciijump', 'url': ' ', 'version': '::apt'}, {'action': 'install', 'id': '5474869', 'name': 'robotfindskitten', 'url': ' ', 'version': '::apt'}, {'action': 'install', 'id': '5475279', 'name': 'squirrel3', 'url': ' ', 'version': '::apt'}]&quot;,
    &quot;c8y_SoftwareUpdate&quot;: [
        {
            &quot;name&quot;: &quot;asciijump&quot;,
            &quot;action&quot;: &quot;install&quot;,
            &quot;id&quot;: &quot;5475369&quot;,
            &quot;version&quot;: &quot;::apt&quot;,
            &quot;url&quot;: &quot; &quot;
        },
        {
            &quot;name&quot;: &quot;robotfindskitten&quot;,
            &quot;action&quot;: &quot;install&quot;,
            &quot;id&quot;: &quot;5474869&quot;,
            &quot;version&quot;: &quot;::apt&quot;,
            &quot;url&quot;: &quot; &quot;
        },
        {
            &quot;name&quot;: &quot;squirrel3&quot;,
            &quot;action&quot;: &quot;install&quot;,
            &quot;id&quot;: &quot;5475279&quot;,
            &quot;version&quot;: &quot;::apt&quot;,
            &quot;url&quot;: &quot; &quot;
        }
    ]
}
16:10:37 INFO  Started operation: {'delivery': {'log': [], 'time': '2022-07-25T16:10:37.671Z', 'status': 'PENDING'}, 'creationTime': '2022-07-25T16:10:37.655Z', 'deviceId': '21391559', 'deviceName': 'm32sd10d', 'self': 'https://t493319102.eu-latest.cumulocity.com/devicecontrol/operations/21415299', 'id': '21415299', 'status': 'PENDING', 'description': &quot;Apply software changes, triggered from PySys: [{'action': 'install', 'id': '5475369', 'name': 'asciijump', 'url': ' ', 'version': '::apt'}, {'action': 'install', 'id': '5474869', 'name': 'robotfindskitten', 'url': ' ', 'version': '::apt'}, {'action': 'install', 'id': '5475279', 'name': 'squirrel3', 'url': ' ', 'version': '::apt'}]&quot;, 'c8y_SoftwareUpdate': [{'name': 'asciijump', 'action': 'install', 'id': '5475369', 'version': '::apt', 'url': ' '}, {'name': 'robotfindskitten', 'action': 'install', 'id': '5474869', 'version': '::apt', 'url': ' '}, {'name': 'squirrel3', 'action': 'install', 'id': '5475279', 'version': '::apt', 'url': ' '}]}
16:10:39 INFO  State of operation 21415299 : PENDING
16:10:42 INFO  State of operation 21415299 : EXECUTING
16:10:44 INFO  State of operation 21415299 : EXECUTING
16:10:46 INFO  State of operation 21415299 : EXECUTING
16:10:48 INFO  State of operation 21415299 : EXECUTING
16:10:51 INFO  State of operation 21415299 : EXECUTING
16:10:53 INFO  State of operation 21415299 : EXECUTING
16:10:56 INFO  State of operation 21415299 : EXECUTING
16:10:58 INFO  State of operation 21415299 : EXECUTING
16:11:01 INFO  State of operation 21415299 : EXECUTING
16:11:03 INFO  State of operation 21415299 : EXECUTING
16:11:05 INFO  State of operation 21415299 : EXECUTING
16:11:08 INFO  State of operation 21415299 : EXECUTING
16:11:10 INFO  State of operation 21415299 : EXECUTING
16:11:12 INFO  State of operation 21415299 : EXECUTING
16:11:14 INFO  State of operation 21415299 : SUCCESSFUL
16:11:15 INFO  Assert that (False == value) with value=False ... passed
16:11:15 INFO  Package asciijump is installed
16:11:15 INFO  Assert that (True == value) with value=True ... passed
16:11:15 INFO  Package squirrel3 is installed
16:11:15 INFO  Assert that (True == value) with value=True ... passed
16:11:15 INFO  Package robotfindskitten is installed
16:11:15 INFO  Assert that (True == value) with value=True ... passed
16:11:16 INFO  Response status: 201
16:11:16 INFO  Response to action: {
    &quot;delivery&quot;: {
        &quot;log&quot;: [],
        &quot;time&quot;: &quot;2022-07-25T16:11:16.068Z&quot;,
        &quot;status&quot;: &quot;PENDING&quot;
    },
    &quot;creationTime&quot;: &quot;2022-07-25T16:11:16.050Z&quot;,
    &quot;deviceId&quot;: &quot;21391559&quot;,
    &quot;deviceName&quot;: &quot;m32sd10d&quot;,
    &quot;self&quot;: &quot;https://t493319102.eu-latest.cumulocity.com/devicecontrol/operations/21415309&quot;,
    &quot;id&quot;: &quot;21415309&quot;,
    &quot;status&quot;: &quot;PENDING&quot;,
    &quot;description&quot;: &quot;Apply software changes, triggered from PySys: [{'action': 'delete', 'id': '5475369', 'name': 'asciijump', 'url': ' ', 'version': '::apt'}, {'action': 'delete', 'id': '5474869', 'name': 'robotfindskitten', 'url': ' ', 'version': '::apt'}, {'action': 'delete', 'id': '5475279', 'name': 'squirrel3', 'url': ' ', 'version': '::apt'}]&quot;,
    &quot;c8y_SoftwareUpdate&quot;: [
        {
            &quot;name&quot;: &quot;asciijump&quot;,
            &quot;action&quot;: &quot;delete&quot;,
            &quot;id&quot;: &quot;5475369&quot;,
            &quot;version&quot;: &quot;::apt&quot;,
            &quot;url&quot;: &quot; &quot;
        },
        {
            &quot;name&quot;: &quot;robotfindskitten&quot;,
            &quot;action&quot;: &quot;delete&quot;,
            &quot;id&quot;: &quot;5474869&quot;,
            &quot;version&quot;: &quot;::apt&quot;,
            &quot;url&quot;: &quot; &quot;
        },
        {
            &quot;name&quot;: &quot;squirrel3&quot;,
            &quot;action&quot;: &quot;delete&quot;,
            &quot;id&quot;: &quot;5475279&quot;,
            &quot;version&quot;: &quot;::apt&quot;,
            &quot;url&quot;: &quot; &quot;
        }
    ]
}
16:11:16 INFO  Started operation: {'delivery': {'log': [], 'time': '2022-07-25T16:11:16.068Z', 'status': 'PENDING'}, 'creationTime': '2022-07-25T16:11:16.050Z', 'deviceId': '21391559', 'deviceName': 'm32sd10d', 'self': 'https://t493319102.eu-latest.cumulocity.com/devicecontrol/operations/21415309', 'id': '21415309', 'status': 'PENDING', 'description': &quot;Apply software changes, triggered from PySys: [{'action': 'delete', 'id': '5475369', 'name': 'asciijump', 'url': ' ', 'version': '::apt'}, {'action': 'delete', 'id': '5474869', 'name': 'robotfindskitten', 'url': ' ', 'version': '::apt'}, {'action': 'delete', 'id': '5475279', 'name': 'squirrel3', 'url': ' ', 'version': '::apt'}]&quot;, 'c8y_SoftwareUpdate': [{'name': 'asciijump', 'action': 'delete', 'id': '5475369', 'version': '::apt', 'url': ' '}, {'name': 'robotfindskitten', 'action': 'delete', 'id': '5474869', 'version': '::apt', 'url': ' '}, {'name': 'squirrel3', 'action': 'delete', 'id': '5475279', 'version': '::apt', 'url': ' '}]}
16:11:18 INFO  State of operation 21415309 : PENDING
16:11:20 INFO  State of operation 21415309 : EXECUTING
16:11:22 INFO  State of operation 21415309 : EXECUTING
16:11:24 INFO  State of operation 21415309 : EXECUTING
16:11:27 INFO  State of operation 21415309 : EXECUTING
16:11:29 INFO  State of operation 21415309 : EXECUTING
16:11:32 INFO  State of operation 21415309 : EXECUTING
16:11:34 INFO  State of operation 21415309 : EXECUTING
16:11:37 INFO  State of operation 21415309 : EXECUTING
16:11:39 INFO  State of operation 21415309 : EXECUTING
16:11:41 INFO  State of operation 21415309 : EXECUTING
16:11:43 INFO  State of operation 21415309 : EXECUTING
16:11:46 INFO  State of operation 21415309 : EXECUTING
16:11:48 INFO  State of operation 21415309 : EXECUTING
16:11:50 INFO  State of operation 21415309 : EXECUTING
16:11:52 INFO  State of operation 21415309 : EXECUTING
16:11:55 INFO  State of operation 21415309 : EXECUTING
16:11:57 INFO  State of operation 21415309 : EXECUTING
16:12:00 INFO  State of operation 21415309 : EXECUTING
16:12:02 INFO  State of operation 21415309 : EXECUTING
16:12:04 INFO  State of operation 21415309 : EXECUTING
16:12:06 INFO  State of operation 21415309 : EXECUTING
16:12:09 INFO  State of operation 21415309 : EXECUTING
16:12:11 INFO  State of operation 21415309 : EXECUTING
16:12:13 INFO  State of operation 21415309 : EXECUTING
16:12:16 INFO  State of operation 21415309 : EXECUTING
16:12:18 INFO  State of operation 21415309 : EXECUTING
16:12:21 INFO  State of operation 21415309 : EXECUTING
16:12:23 INFO  State of operation 21415309 : SUCCESSFUL
16:12:23 INFO  Assert that (False == value) with value=False ... passed
16:12:23 INFO  Assert that (False == value) with value=False ... passed
16:12:23 INFO  Assert that (False == value) with value=False ... passed
16:12:24 INFO  Assert that (False == value) with value=False ... passed
16:12:24 INFO  
16:12:24 INFO  cleanup:
16:12:28 INFO  Executed sudo&lt;tedge_disconnect_c8y&gt;, exit status 0
16:12:28 INFO  Executed systemctl&lt;serv_mapper5&gt;, exit status 3
16:12:28 INFO  
16:12:28 INFO  Test duration: 137.13 secs
16:12:28 INFO  Test final outcome:  FAILED
16:12:28 INFO  Test outcome reason: Assert that (False == value) with value=True (+2 other failures)
16:12:28 INFO  
</system-out>
	</testcase>
</testsuite>
