<?xml version="1.0" encoding="utf-8"?>
<testsuite failures="1" name="SoftwareManagement.sm_mixed_install_remove_multiple" skipped="0" tests="1" time="165.62" timestamp="2022-07-27T10:39:38">
	<testcase classname="PySysTest" name="SoftwareManagement.sm_mixed_install_remove_multiple">
		<failure message="FAILED: Assert that (False == value) with value=True" type="FAILED"/>
		<system-out>10:36:52 INFO  ==============================================================
10:36:52 INFO  Id:    SoftwareManagement.sm_mixed_install_remove_multiple
10:36:52 INFO  Dir:   software_management_end_to_end/
10:36:52 INFO  Title: Validate end to end behaviour for the dummy-plugin for multiple packages with mixed versions
10:36:52 INFO  ==============================================================
10:36:52 INFO  Using sw id database: {'asciijump': '5475369', 'robotfindskitten': '5474869', 'squirrel3': '5475279', 'rolldice': '5152439', 'moon-buggy': '5439204', 'apple': '5495053', 'banana': '5494888', 'cherry': '5495382', 'watermelon': '5494510', 'registry': '8018911', 'hello-world': '8021526', 'docker/getting-started': '8021973', 'alpine': '7991792'}
10:36:52 INFO  EnvironmentC8y Setup
10:36:53 INFO  Executed systemctl&lt;serv_mapper1&gt;, exit status 3
10:36:53 INFO  Restarting mosquitto too frequently in the last 10 seconds. It was only up for 5 seconds
10:36:53 INFO  Delaying execution by 6 seconds
10:37:13 INFO  Executed sudo&lt;tedge_connect_c8y&gt;, exit status 0, duration 14 secs
10:37:14 INFO  Executed sudo&lt;tedge_connect_c8y_test&gt;, exit status 0
10:37:14 INFO  Executed systemctl&lt;serv_mosq2&gt;, exit status 0
10:37:15 INFO  Executed systemctl&lt;serv_mapper3&gt;, exit status 0
10:37:17 INFO  State of current operation: SUCCESSFUL
10:37:17 INFO  Package apple is installed
10:37:17 INFO  Assert that (True == value) with value=True ... passed
10:37:18 INFO  Package banana is installed
10:37:18 INFO  Assert that (True == value) with value=True ... passed
10:37:18 INFO  Package cherry is installed
10:37:18 INFO  Assert that (True == value) with value=True ... passed
10:37:18 INFO  Package asciijump is installed
10:37:18 WARN  Assert that (False == value) with value=True ... failed 
10:37:18 INFO  Assert that (False == value) with value=False ... passed
10:37:19 INFO  Response status: 201
10:37:19 INFO  Response to action: {
    &quot;creationTime&quot;: &quot;2022-07-27T10:37:18.997Z&quot;,
    &quot;deviceId&quot;: &quot;21453471&quot;,
    &quot;deviceName&quot;: &quot;m32sd10d&quot;,
    &quot;self&quot;: &quot;https://t493319102.eu-latest.cumulocity.com/devicecontrol/operations/21474538&quot;,
    &quot;id&quot;: &quot;21474538&quot;,
    &quot;status&quot;: &quot;PENDING&quot;,
    &quot;description&quot;: &quot;Apply software changes, triggered from PySys: [{'action': 'install', 'id': '5495053', 'name': 'apple', 'url': ' ', 'version': '::fruits'}, {'action': 'install', 'id': '5494888', 'name': 'banana', 'url': ' ', 'version': '::fruits'}, {'action': 'install', 'id': '5475369', 'name': 'asciijump', 'url': ' ', 'version': '::apt'}, {'action': 'install', 'id': '5495382', 'name': 'cherry', 'url': ' ', 'version': '::fruits'}, {'action': 'install', 'id': '8018911', 'name': 'registry', 'url': ' ', 'version': '::docker'}]&quot;,
    &quot;c8y_SoftwareUpdate&quot;: [
        {
            &quot;name&quot;: &quot;apple&quot;,
            &quot;action&quot;: &quot;install&quot;,
            &quot;id&quot;: &quot;5495053&quot;,
            &quot;version&quot;: &quot;::fruits&quot;,
            &quot;url&quot;: &quot; &quot;
        },
        {
            &quot;name&quot;: &quot;banana&quot;,
            &quot;action&quot;: &quot;install&quot;,
            &quot;id&quot;: &quot;5494888&quot;,
            &quot;version&quot;: &quot;::fruits&quot;,
            &quot;url&quot;: &quot; &quot;
        },
        {
            &quot;name&quot;: &quot;asciijump&quot;,
            &quot;action&quot;: &quot;install&quot;,
            &quot;id&quot;: &quot;5475369&quot;,
            &quot;version&quot;: &quot;::apt&quot;,
            &quot;url&quot;: &quot; &quot;
        },
        {
            &quot;name&quot;: &quot;cherry&quot;,
            &quot;action&quot;: &quot;install&quot;,
            &quot;id&quot;: &quot;5495382&quot;,
            &quot;version&quot;: &quot;::fruits&quot;,
            &quot;url&quot;: &quot; &quot;
        },
        {
            &quot;name&quot;: &quot;registry&quot;,
            &quot;action&quot;: &quot;install&quot;,
            &quot;id&quot;: &quot;8018911&quot;,
            &quot;version&quot;: &quot;::docker&quot;,
            &quot;url&quot;: &quot; &quot;
        }
    ]
}
10:37:19 INFO  Started operation: {'creationTime': '2022-07-27T10:37:18.997Z', 'deviceId': '21453471', 'deviceName': 'm32sd10d', 'self': 'https://t493319102.eu-latest.cumulocity.com/devicecontrol/operations/21474538', 'id': '21474538', 'status': 'PENDING', 'description': &quot;Apply software changes, triggered from PySys: [{'action': 'install', 'id': '5495053', 'name': 'apple', 'url': ' ', 'version': '::fruits'}, {'action': 'install', 'id': '5494888', 'name': 'banana', 'url': ' ', 'version': '::fruits'}, {'action': 'install', 'id': '5475369', 'name': 'asciijump', 'url': ' ', 'version': '::apt'}, {'action': 'install', 'id': '5495382', 'name': 'cherry', 'url': ' ', 'version': '::fruits'}, {'action': 'install', 'id': '8018911', 'name': 'registry', 'url': ' ', 'version': '::docker'}]&quot;, 'c8y_SoftwareUpdate': [{'name': 'apple', 'action': 'install', 'id': '5495053', 'version': '::fruits', 'url': ' '}, {'name': 'banana', 'action': 'install', 'id': '5494888', 'version': '::fruits', 'url': ' '}, {'name': 'asciijump', 'action': 'install', 'id': '5475369', 'version': '::apt', 'url': ' '}, {'name': 'cherry', 'action': 'install', 'id': '5495382', 'version': '::fruits', 'url': ' '}, {'name': 'registry', 'action': 'install', 'id': '8018911', 'version': '::docker', 'url': ' '}]}
10:37:21 INFO  State of operation 21474538 : PENDING
10:37:23 INFO  State of operation 21474538 : EXECUTING
10:37:25 INFO  State of operation 21474538 : EXECUTING
10:37:27 INFO  State of operation 21474538 : EXECUTING
10:37:30 INFO  State of operation 21474538 : EXECUTING
10:37:32 INFO  State of operation 21474538 : EXECUTING
10:37:35 INFO  State of operation 21474538 : EXECUTING
10:37:37 INFO  State of operation 21474538 : EXECUTING
10:37:40 INFO  State of operation 21474538 : EXECUTING
10:37:42 INFO  State of operation 21474538 : EXECUTING
10:37:44 INFO  State of operation 21474538 : EXECUTING
10:37:47 INFO  State of operation 21474538 : EXECUTING
10:37:49 INFO  State of operation 21474538 : EXECUTING
10:37:51 INFO  State of operation 21474538 : EXECUTING
10:37:53 INFO  State of operation 21474538 : EXECUTING
10:37:56 INFO  State of operation 21474538 : EXECUTING
10:37:58 INFO  State of operation 21474538 : EXECUTING
10:38:00 INFO  State of operation 21474538 : EXECUTING
10:38:03 INFO  State of operation 21474538 : EXECUTING
10:38:05 INFO  State of operation 21474538 : EXECUTING
10:38:07 INFO  State of operation 21474538 : EXECUTING
10:38:09 INFO  State of operation 21474538 : EXECUTING
10:38:12 INFO  State of operation 21474538 : EXECUTING
10:38:14 INFO  State of operation 21474538 : EXECUTING
10:38:16 INFO  State of operation 21474538 : EXECUTING
10:38:18 INFO  State of operation 21474538 : SUCCESSFUL
10:38:19 INFO  Package apple is installed
10:38:19 INFO  Assert that (True == value) with value=True ... passed
10:38:19 INFO  Package banana is installed
10:38:19 INFO  Assert that (True == value) with value=True ... passed
10:38:19 INFO  Package cherry is installed
10:38:19 INFO  Assert that (True == value) with value=True ... passed
10:38:19 INFO  Package asciijump is installed
10:38:19 INFO  Assert that (True == value) with value=True ... passed
10:38:20 INFO  Package registry is installed
10:38:20 INFO  Assert that (True == value) with value=True ... passed
10:38:20 INFO  Response status: 201
10:38:20 INFO  Response to action: {
    &quot;creationTime&quot;: &quot;2022-07-27T10:38:20.215Z&quot;,
    &quot;deviceId&quot;: &quot;21453471&quot;,
    &quot;deviceName&quot;: &quot;m32sd10d&quot;,
    &quot;self&quot;: &quot;https://t493319102.eu-latest.cumulocity.com/devicecontrol/operations/21474550&quot;,
    &quot;id&quot;: &quot;21474550&quot;,
    &quot;status&quot;: &quot;PENDING&quot;,
    &quot;description&quot;: &quot;Apply software changes, triggered from PySys: [{'action': 'delete', 'id': '5495053', 'name': 'apple', 'url': ' ', 'version': '::fruits'}, {'action': 'delete', 'id': '5494888', 'name': 'banana', 'url': ' ', 'version': '::fruits'}, {'action': 'delete', 'id': '5475369', 'name': 'asciijump', 'url': ' ', 'version': '::apt'}, {'action': 'delete', 'id': '5495382', 'name': 'cherry', 'url': ' ', 'version': '::fruits'}, {'action': 'delete', 'id': '8018911', 'name': 'registry', 'url': ' ', 'version': '::docker'}]&quot;,
    &quot;c8y_SoftwareUpdate&quot;: [
        {
            &quot;name&quot;: &quot;apple&quot;,
            &quot;action&quot;: &quot;delete&quot;,
            &quot;id&quot;: &quot;5495053&quot;,
            &quot;version&quot;: &quot;::fruits&quot;,
            &quot;url&quot;: &quot; &quot;
        },
        {
            &quot;name&quot;: &quot;banana&quot;,
            &quot;action&quot;: &quot;delete&quot;,
            &quot;id&quot;: &quot;5494888&quot;,
            &quot;version&quot;: &quot;::fruits&quot;,
            &quot;url&quot;: &quot; &quot;
        },
        {
            &quot;name&quot;: &quot;asciijump&quot;,
            &quot;action&quot;: &quot;delete&quot;,
            &quot;id&quot;: &quot;5475369&quot;,
            &quot;version&quot;: &quot;::apt&quot;,
            &quot;url&quot;: &quot; &quot;
        },
        {
            &quot;name&quot;: &quot;cherry&quot;,
            &quot;action&quot;: &quot;delete&quot;,
            &quot;id&quot;: &quot;5495382&quot;,
            &quot;version&quot;: &quot;::fruits&quot;,
            &quot;url&quot;: &quot; &quot;
        },
        {
            &quot;name&quot;: &quot;registry&quot;,
            &quot;action&quot;: &quot;delete&quot;,
            &quot;id&quot;: &quot;8018911&quot;,
            &quot;version&quot;: &quot;::docker&quot;,
            &quot;url&quot;: &quot; &quot;
        }
    ]
}
10:38:20 INFO  Started operation: {'creationTime': '2022-07-27T10:38:20.215Z', 'deviceId': '21453471', 'deviceName': 'm32sd10d', 'self': 'https://t493319102.eu-latest.cumulocity.com/devicecontrol/operations/21474550', 'id': '21474550', 'status': 'PENDING', 'description': &quot;Apply software changes, triggered from PySys: [{'action': 'delete', 'id': '5495053', 'name': 'apple', 'url': ' ', 'version': '::fruits'}, {'action': 'delete', 'id': '5494888', 'name': 'banana', 'url': ' ', 'version': '::fruits'}, {'action': 'delete', 'id': '5475369', 'name': 'asciijump', 'url': ' ', 'version': '::apt'}, {'action': 'delete', 'id': '5495382', 'name': 'cherry', 'url': ' ', 'version': '::fruits'}, {'action': 'delete', 'id': '8018911', 'name': 'registry', 'url': ' ', 'version': '::docker'}]&quot;, 'c8y_SoftwareUpdate': [{'name': 'apple', 'action': 'delete', 'id': '5495053', 'version': '::fruits', 'url': ' '}, {'name': 'banana', 'action': 'delete', 'id': '5494888', 'version': '::fruits', 'url': ' '}, {'name': 'asciijump', 'action': 'delete', 'id': '5475369', 'version': '::apt', 'url': ' '}, {'name': 'cherry', 'action': 'delete', 'id': '5495382', 'version': '::fruits', 'url': ' '}, {'name': 'registry', 'action': 'delete', 'id': '8018911', 'version': '::docker', 'url': ' '}]}
10:38:22 INFO  State of operation 21474550 : PENDING
10:38:24 INFO  State of operation 21474550 : EXECUTING
10:38:26 INFO  State of operation 21474550 : EXECUTING
10:38:29 INFO  State of operation 21474550 : EXECUTING
10:38:31 INFO  State of operation 21474550 : EXECUTING
10:38:33 INFO  State of operation 21474550 : EXECUTING
10:38:36 INFO  State of operation 21474550 : EXECUTING
10:38:39 INFO  State of operation 21474550 : EXECUTING
10:38:41 INFO  State of operation 21474550 : EXECUTING
10:38:43 INFO  State of operation 21474550 : EXECUTING
10:38:46 INFO  State of operation 21474550 : EXECUTING
10:38:48 INFO  State of operation 21474550 : EXECUTING
10:38:50 INFO  State of operation 21474550 : EXECUTING
10:38:52 INFO  State of operation 21474550 : EXECUTING
10:38:55 INFO  State of operation 21474550 : EXECUTING
10:38:57 INFO  State of operation 21474550 : EXECUTING
10:39:00 INFO  State of operation 21474550 : EXECUTING
10:39:02 INFO  State of operation 21474550 : EXECUTING
10:39:04 INFO  State of operation 21474550 : EXECUTING
10:39:07 INFO  State of operation 21474550 : EXECUTING
10:39:09 INFO  State of operation 21474550 : EXECUTING
10:39:11 INFO  State of operation 21474550 : EXECUTING
10:39:13 INFO  State of operation 21474550 : EXECUTING
10:39:16 INFO  State of operation 21474550 : EXECUTING
10:39:18 INFO  State of operation 21474550 : EXECUTING
10:39:21 INFO  State of operation 21474550 : EXECUTING
10:39:23 INFO  State of operation 21474550 : EXECUTING
10:39:25 INFO  State of operation 21474550 : EXECUTING
10:39:27 INFO  State of operation 21474550 : EXECUTING
10:39:30 INFO  State of operation 21474550 : EXECUTING
10:39:32 INFO  State of operation 21474550 : SUCCESSFUL
10:39:32 INFO  Package apple is installed
10:39:32 INFO  Assert that (True == value) with value=True ... passed
10:39:32 INFO  Package banana is installed
10:39:32 INFO  Assert that (True == value) with value=True ... passed
10:39:33 INFO  Package cherry is installed
10:39:33 INFO  Assert that (True == value) with value=True ... passed
10:39:33 INFO  Assert that (False == value) with value=False ... passed
10:39:33 INFO  Assert that (False == value) with value=False ... passed
10:39:33 INFO  
10:39:33 INFO  cleanup:
10:39:37 INFO  Executed sudo&lt;tedge_disconnect_c8y&gt;, exit status 0
10:39:38 INFO  Executed systemctl&lt;serv_mapper5&gt;, exit status 3
10:39:38 INFO  
10:39:38 INFO  Test duration: 165.62 secs
10:39:38 INFO  Test final outcome:  FAILED
10:39:38 INFO  Test outcome reason: Assert that (False == value) with value=True
10:39:38 INFO  
</system-out>
	</testcase>
</testsuite>
