<?xml version="1.0" encoding="utf-8"?>
<testsuite failures="1" name="SoftwareManagement.sm_apt_install_remove_multiple" skipped="0" tests="1" time="138.73" timestamp="2022-07-21T11:08:24">
	<testcase classname="PySysTest" name="SoftwareManagement.sm_apt_install_remove_multiple">
		<failure message="FAILED: Assert that (False == value) with value=True (+2 other failures)" type="FAILED"/>
		<system-out>11:06:05 INFO  ==============================================================
11:06:05 INFO  Id:    SoftwareManagement.sm_apt_install_remove_multiple
11:06:05 INFO  Dir:   software_management_end_to_end/
11:06:05 INFO  Title: Validate end to end behaviour for the apt plugin for multiple packages
11:06:05 INFO  ==============================================================
11:06:05 INFO  Using sw id database: {'asciijump': '5475369', 'robotfindskitten': '5474869', 'squirrel3': '5475279', 'rolldice': '5152439', 'moon-buggy': '5439204', 'apple': '5495053', 'banana': '5494888', 'cherry': '5495382', 'watermelon': '5494510', 'registry': '8018911', 'hello-world': '8021526', 'docker/getting-started': '8021973', 'alpine': '7991792'}
11:06:05 INFO  EnvironmentC8y Setup
11:06:05 INFO  Executed systemctl&lt;serv_mapper1&gt;, exit status 3
11:06:06 INFO  Restarting mosquitto too frequently in the last 10 seconds. It was only up for 4 seconds
11:06:06 INFO  Delaying execution by 7 seconds
11:06:27 INFO  Executed sudo&lt;tedge_connect_c8y&gt;, exit status 0, duration 13 secs
11:06:27 INFO  Executed sudo&lt;tedge_connect_c8y_test&gt;, exit status 0
11:06:28 INFO  Executed systemctl&lt;serv_mosq2&gt;, exit status 0
11:06:28 INFO  Executed systemctl&lt;serv_mapper3&gt;, exit status 0
11:06:30 INFO  State of current operation: SUCCESSFUL
11:06:31 INFO  Assert that (False == value) with value=False ... passed
11:06:31 INFO  Package asciijump is installed
11:06:31 WARN  Assert that (False == value) with value=True ... failed 
11:06:31 INFO  Package squirrel3 is installed
11:06:31 WARN  Assert that (False == value) with value=True ... failed 
11:06:32 INFO  Package robotfindskitten is installed
11:06:32 WARN  Assert that (False == value) with value=True ... failed 
11:06:32 INFO  Response status: 201
11:06:32 INFO  Response to action: {
    &quot;creationTime&quot;: &quot;2022-07-21T11:06:32.444Z&quot;,
    &quot;deviceId&quot;: &quot;21094418&quot;,
    &quot;deviceName&quot;: &quot;m32sd10d&quot;,
    &quot;self&quot;: &quot;https://t493319102.eu-latest.cumulocity.com/devicecontrol/operations/21118373&quot;,
    &quot;id&quot;: &quot;21118373&quot;,
    &quot;status&quot;: &quot;PENDING&quot;,
    &quot;description&quot;: &quot;Apply software changes, triggered from PySys: [{'action': 'install', 'id': '5475369', 'name': 'asciijump', 'url': ' ', 'version': '::apt'}, {'action': 'install', 'id': '5474869', 'name': 'robotfindskitten', 'url': ' ', 'version': '::apt'}, {'action': 'install', 'id': '5475279', 'name': 'squirrel3', 'url': ' ', 'version': '::apt'}]&quot;,
    &quot;c8y_SoftwareUpdate&quot;: [
        {
            &quot;name&quot;: &quot;asciijump&quot;,
            &quot;action&quot;: &quot;install&quot;,
            &quot;id&quot;: &quot;5475369&quot;,
            &quot;version&quot;: &quot;::apt&quot;,
            &quot;url&quot;: &quot; &quot;
        },
        {
            &quot;name&quot;: &quot;robotfindskitten&quot;,
            &quot;action&quot;: &quot;install&quot;,
            &quot;id&quot;: &quot;5474869&quot;,
            &quot;version&quot;: &quot;::apt&quot;,
            &quot;url&quot;: &quot; &quot;
        },
        {
            &quot;name&quot;: &quot;squirrel3&quot;,
            &quot;action&quot;: &quot;install&quot;,
            &quot;id&quot;: &quot;5475279&quot;,
            &quot;version&quot;: &quot;::apt&quot;,
            &quot;url&quot;: &quot; &quot;
        }
    ]
}
11:06:32 INFO  Started operation: {'creationTime': '2022-07-21T11:06:32.444Z', 'deviceId': '21094418', 'deviceName': 'm32sd10d', 'self': 'https://t493319102.eu-latest.cumulocity.com/devicecontrol/operations/21118373', 'id': '21118373', 'status': 'PENDING', 'description': &quot;Apply software changes, triggered from PySys: [{'action': 'install', 'id': '5475369', 'name': 'asciijump', 'url': ' ', 'version': '::apt'}, {'action': 'install', 'id': '5474869', 'name': 'robotfindskitten', 'url': ' ', 'version': '::apt'}, {'action': 'install', 'id': '5475279', 'name': 'squirrel3', 'url': ' ', 'version': '::apt'}]&quot;, 'c8y_SoftwareUpdate': [{'name': 'asciijump', 'action': 'install', 'id': '5475369', 'version': '::apt', 'url': ' '}, {'name': 'robotfindskitten', 'action': 'install', 'id': '5474869', 'version': '::apt', 'url': ' '}, {'name': 'squirrel3', 'action': 'install', 'id': '5475279', 'version': '::apt', 'url': ' '}]}
11:06:34 INFO  State of operation 21118373 : PENDING
11:06:36 INFO  State of operation 21118373 : EXECUTING
11:06:39 INFO  State of operation 21118373 : EXECUTING
11:06:41 INFO  State of operation 21118373 : EXECUTING
11:06:43 INFO  State of operation 21118373 : EXECUTING
11:06:45 INFO  State of operation 21118373 : EXECUTING
11:06:48 INFO  State of operation 21118373 : EXECUTING
11:06:51 INFO  State of operation 21118373 : EXECUTING
11:06:53 INFO  State of operation 21118373 : EXECUTING
11:06:56 INFO  State of operation 21118373 : EXECUTING
11:06:58 INFO  State of operation 21118373 : EXECUTING
11:07:00 INFO  State of operation 21118373 : EXECUTING
11:07:03 INFO  State of operation 21118373 : EXECUTING
11:07:05 INFO  State of operation 21118373 : EXECUTING
11:07:07 INFO  State of operation 21118373 : EXECUTING
11:07:09 INFO  State of operation 21118373 : SUCCESSFUL
11:07:09 INFO  Assert that (False == value) with value=False ... passed
11:07:10 INFO  Package asciijump is installed
11:07:10 INFO  Assert that (True == value) with value=True ... passed
11:07:10 INFO  Package squirrel3 is installed
11:07:10 INFO  Assert that (True == value) with value=True ... passed
11:07:10 INFO  Package robotfindskitten is installed
11:07:10 INFO  Assert that (True == value) with value=True ... passed
11:07:10 INFO  Response status: 201
11:07:10 INFO  Response to action: {
    &quot;creationTime&quot;: &quot;2022-07-21T11:07:10.797Z&quot;,
    &quot;deviceId&quot;: &quot;21094418&quot;,
    &quot;deviceName&quot;: &quot;m32sd10d&quot;,
    &quot;self&quot;: &quot;https://t493319102.eu-latest.cumulocity.com/devicecontrol/operations/21118384&quot;,
    &quot;id&quot;: &quot;21118384&quot;,
    &quot;status&quot;: &quot;PENDING&quot;,
    &quot;description&quot;: &quot;Apply software changes, triggered from PySys: [{'action': 'delete', 'id': '5475369', 'name': 'asciijump', 'url': ' ', 'version': '::apt'}, {'action': 'delete', 'id': '5474869', 'name': 'robotfindskitten', 'url': ' ', 'version': '::apt'}, {'action': 'delete', 'id': '5475279', 'name': 'squirrel3', 'url': ' ', 'version': '::apt'}]&quot;,
    &quot;c8y_SoftwareUpdate&quot;: [
        {
            &quot;name&quot;: &quot;asciijump&quot;,
            &quot;action&quot;: &quot;delete&quot;,
            &quot;id&quot;: &quot;5475369&quot;,
            &quot;version&quot;: &quot;::apt&quot;,
            &quot;url&quot;: &quot; &quot;
        },
        {
            &quot;name&quot;: &quot;robotfindskitten&quot;,
            &quot;action&quot;: &quot;delete&quot;,
            &quot;id&quot;: &quot;5474869&quot;,
            &quot;version&quot;: &quot;::apt&quot;,
            &quot;url&quot;: &quot; &quot;
        },
        {
            &quot;name&quot;: &quot;squirrel3&quot;,
            &quot;action&quot;: &quot;delete&quot;,
            &quot;id&quot;: &quot;5475279&quot;,
            &quot;version&quot;: &quot;::apt&quot;,
            &quot;url&quot;: &quot; &quot;
        }
    ]
}
11:07:10 INFO  Started operation: {'creationTime': '2022-07-21T11:07:10.797Z', 'deviceId': '21094418', 'deviceName': 'm32sd10d', 'self': 'https://t493319102.eu-latest.cumulocity.com/devicecontrol/operations/21118384', 'id': '21118384', 'status': 'PENDING', 'description': &quot;Apply software changes, triggered from PySys: [{'action': 'delete', 'id': '5475369', 'name': 'asciijump', 'url': ' ', 'version': '::apt'}, {'action': 'delete', 'id': '5474869', 'name': 'robotfindskitten', 'url': ' ', 'version': '::apt'}, {'action': 'delete', 'id': '5475279', 'name': 'squirrel3', 'url': ' ', 'version': '::apt'}]&quot;, 'c8y_SoftwareUpdate': [{'name': 'asciijump', 'action': 'delete', 'id': '5475369', 'version': '::apt', 'url': ' '}, {'name': 'robotfindskitten', 'action': 'delete', 'id': '5474869', 'version': '::apt', 'url': ' '}, {'name': 'squirrel3', 'action': 'delete', 'id': '5475279', 'version': '::apt', 'url': ' '}]}
11:07:13 INFO  State of operation 21118384 : PENDING
11:07:15 INFO  State of operation 21118384 : EXECUTING
11:07:17 INFO  State of operation 21118384 : EXECUTING
11:07:19 INFO  State of operation 21118384 : EXECUTING
11:07:21 INFO  State of operation 21118384 : EXECUTING
11:07:24 INFO  State of operation 21118384 : EXECUTING
11:07:26 INFO  State of operation 21118384 : EXECUTING
11:07:29 INFO  State of operation 21118384 : EXECUTING
11:07:32 INFO  State of operation 21118384 : EXECUTING
11:07:34 INFO  State of operation 21118384 : EXECUTING
11:07:36 INFO  State of operation 21118384 : EXECUTING
11:07:39 INFO  State of operation 21118384 : EXECUTING
11:07:41 INFO  State of operation 21118384 : EXECUTING
11:07:43 INFO  State of operation 21118384 : EXECUTING
11:07:45 INFO  State of operation 21118384 : EXECUTING
11:07:48 INFO  State of operation 21118384 : EXECUTING
11:07:50 INFO  State of operation 21118384 : EXECUTING
11:07:52 INFO  State of operation 21118384 : EXECUTING
11:07:55 INFO  State of operation 21118384 : EXECUTING
11:07:57 INFO  State of operation 21118384 : EXECUTING
11:08:00 INFO  State of operation 21118384 : EXECUTING
11:08:02 INFO  State of operation 21118384 : EXECUTING
11:08:04 INFO  State of operation 21118384 : EXECUTING
11:08:06 INFO  State of operation 21118384 : EXECUTING
11:08:09 INFO  State of operation 21118384 : EXECUTING
11:08:11 INFO  State of operation 21118384 : EXECUTING
11:08:14 INFO  State of operation 21118384 : EXECUTING
11:08:16 INFO  State of operation 21118384 : EXECUTING
11:08:18 INFO  State of operation 21118384 : SUCCESSFUL
11:08:18 INFO  Assert that (False == value) with value=False ... passed
11:08:19 INFO  Assert that (False == value) with value=False ... passed
11:08:19 INFO  Assert that (False == value) with value=False ... passed
11:08:19 INFO  Assert that (False == value) with value=False ... passed
11:08:19 INFO  
11:08:19 INFO  cleanup:
11:08:23 INFO  Executed sudo&lt;tedge_disconnect_c8y&gt;, exit status 0
11:08:24 INFO  Executed systemctl&lt;serv_mapper5&gt;, exit status 3
11:08:24 INFO  
11:08:24 INFO  Test duration: 138.73 secs
11:08:24 INFO  Test final outcome:  FAILED
11:08:24 INFO  Test outcome reason: Assert that (False == value) with value=True (+2 other failures)
11:08:24 INFO  
</system-out>
	</testcase>
</testsuite>
