<?xml version="1.0" encoding="utf-8"?>
<testsuite failures="1" name="SoftwareManagement.sm_apt_install_remove_multiple" skipped="0" tests="1" time="167.16" timestamp="2022-05-25T12:09:22">
	<testcase classname="PySysTest" name="SoftwareManagement.sm_apt_install_remove_multiple">
		<failure message="BLOCKED: SystemError: Timeout while waiting for status FAILED or SUCCESSFUL" type="BLOCKED"/>
		<system-out>12:06:35 INFO  ==============================================================
12:06:35 INFO  Id:    SoftwareManagement.sm_apt_install_remove_multiple
12:06:35 INFO  Dir:   software_management_end_to_end/
12:06:35 INFO  Title: Validate end to end behaviour for the apt plugin for multiple packages
12:06:35 INFO  ==============================================================
12:06:35 INFO  Using sw id database: {'asciijump': '5475369', 'robotfindskitten': '5474869', 'squirrel3': '5475279', 'rolldice': '5152439', 'moon-buggy': '5439204', 'apple': '5495053', 'banana': '5494888', 'cherry': '5495382', 'watermelon': '5494510', 'registry': '8018911', 'hello-world': '8021526', 'docker/getting-started': '8021973', 'alpine': '7991792'}
12:06:35 INFO  EnvironmentC8y Setup
12:06:35 INFO  Executed systemctl&lt;serv_mapper1&gt;, exit status 3
12:06:35 INFO  Restarting mosquitto too frequently in the last 10 seconds. It was only up for 4 seconds
12:06:35 INFO  Delaying execution by 7 seconds
12:06:57 INFO  Executed sudo&lt;tedge_connect_c8y&gt;, exit status 0, duration 14 secs
12:06:57 INFO  Executed sudo&lt;tedge_connect_c8y_test&gt;, exit status 0
12:06:58 INFO  Executed systemctl&lt;serv_mosq2&gt;, exit status 0
12:06:58 INFO  Executed systemctl&lt;serv_mapper3&gt;, exit status 0
12:07:00 INFO  State of current operation: PENDING
12:07:03 INFO  State of current operation: PENDING
12:07:05 INFO  State of current operation: PENDING
12:07:07 INFO  State of current operation: PENDING
12:07:09 INFO  State of current operation: PENDING
12:07:12 INFO  State of current operation: PENDING
12:07:14 INFO  State of current operation: PENDING
12:07:16 INFO  State of current operation: PENDING
12:07:18 INFO  State of current operation: PENDING
12:07:21 INFO  State of current operation: PENDING
12:07:23 INFO  State of current operation: PENDING
12:07:25 INFO  State of current operation: PENDING
12:07:27 INFO  State of current operation: PENDING
12:07:29 INFO  State of current operation: PENDING
12:07:32 INFO  State of current operation: PENDING
12:07:34 INFO  State of current operation: PENDING
12:07:36 INFO  State of current operation: PENDING
12:07:38 INFO  State of current operation: PENDING
12:07:41 INFO  State of current operation: PENDING
12:07:43 INFO  State of current operation: PENDING
12:07:45 INFO  State of current operation: PENDING
12:07:47 INFO  State of current operation: PENDING
12:07:49 INFO  State of current operation: PENDING
12:07:52 INFO  State of current operation: PENDING
12:07:54 INFO  State of current operation: PENDING
12:07:56 INFO  State of current operation: PENDING
12:07:58 INFO  State of current operation: PENDING
12:08:01 INFO  State of current operation: PENDING
12:08:03 INFO  State of current operation: PENDING
12:08:05 INFO  State of current operation: PENDING
12:08:08 INFO  State of current operation: PENDING
12:08:10 INFO  State of current operation: PENDING
12:08:12 INFO  State of current operation: PENDING
12:08:14 INFO  State of current operation: PENDING
12:08:17 INFO  State of current operation: PENDING
12:08:19 INFO  State of current operation: PENDING
12:08:21 INFO  State of current operation: PENDING
12:08:23 INFO  State of current operation: PENDING
12:08:25 INFO  State of current operation: PENDING
12:08:28 INFO  State of current operation: PENDING
12:08:30 INFO  State of current operation: PENDING
12:08:32 INFO  State of current operation: PENDING
12:08:34 INFO  State of current operation: PENDING
12:08:37 INFO  State of current operation: PENDING
12:08:39 INFO  State of current operation: PENDING
12:08:41 INFO  State of current operation: PENDING
12:08:43 INFO  State of current operation: PENDING
12:08:46 INFO  State of current operation: PENDING
12:08:48 INFO  State of current operation: PENDING
12:08:50 INFO  State of current operation: PENDING
12:08:52 INFO  State of current operation: PENDING
12:08:55 INFO  State of current operation: PENDING
12:08:57 INFO  State of current operation: PENDING
12:08:59 INFO  State of current operation: PENDING
12:09:01 INFO  State of current operation: PENDING
12:09:04 INFO  State of current operation: PENDING
12:09:06 INFO  State of current operation: PENDING
12:09:08 INFO  State of current operation: PENDING
12:09:10 INFO  State of current operation: PENDING
12:09:13 INFO  State of current operation: PENDING
12:09:15 INFO  State of current operation: PENDING
12:09:17 WARN  SystemError occurred while running test - Timeout while waiting for status FAILED or SUCCESSFUL
Traceback (most recent call last):
  File &quot;/home/pi/env-pysys/lib/python3.7/site-packages/pysys/baserunner.py&quot;, line 1292, in __call__
    self.testObj.setup()
  File &quot;/home/pi/actions-runner/_work/thin-edge.io/thin-edge.io/tests/PySys/software_management_end_to_end/sm_apt_install_remove_multiple/run.py&quot;, line 52, in setup
    super().setup()
  File &quot;/home/pi/actions-runner/_work/thin-edge.io/thin-edge.io/tests/PySys/software_management_end_to_end/environment_sm_management.py&quot;, line 151, in setup
    self.wait_until_end()
  File &quot;/home/pi/actions-runner/_work/thin-edge.io/thin-edge.io/tests/PySys/software_management_end_to_end/environment_sm_management.py&quot;, line 332, in wait_until_end
    self.wait_until_status(&quot;FAILED&quot;, &quot;SUCCESSFUL&quot;)
  File &quot;/home/pi/actions-runner/_work/thin-edge.io/thin-edge.io/tests/PySys/software_management_end_to_end/environment_sm_management.py&quot;, line 381, in wait_until_status
    &quot;Timeout while waiting for status %s or %s&quot; % (status, status2)
SystemError: Timeout while waiting for status FAILED or SUCCESSFUL
12:09:17 WARN  SystemError: Timeout while waiting for status FAILED or SUCCESSFUL ... blocked 
12:09:17 INFO  
12:09:17 INFO  cleanup:
12:09:21 INFO  Executed sudo&lt;tedge_disconnect_c8y&gt;, exit status 0
12:09:22 INFO  Executed systemctl&lt;serv_mapper5&gt;, exit status 3
12:09:22 INFO  
12:09:22 INFO  Test duration: 167.16 secs
12:09:22 INFO  Test final outcome:  BLOCKED
12:09:22 INFO  Test outcome reason: SystemError: Timeout while waiting for status FAILED or SUCCESSFUL
12:09:22 INFO  
</system-out>
	</testcase>
</testsuite>
