<?xml version="1.0" encoding="utf-8"?>
<testsuite failures="1" name="SoftwareManagement.sm_mixed_install_remove_multiple" skipped="0" tests="1" time="162.49" timestamp="2022-07-22T18:37:20">
	<testcase classname="PySysTest" name="SoftwareManagement.sm_mixed_install_remove_multiple">
		<failure message="FAILED: Assert that (False == value) with value=True" type="FAILED"/>
		<system-out>18:34:38 INFO  ==============================================================
18:34:38 INFO  Id:    SoftwareManagement.sm_mixed_install_remove_multiple
18:34:38 INFO  Dir:   software_management_end_to_end/
18:34:38 INFO  Title: Validate end to end behaviour for the dummy-plugin for multiple packages with mixed versions
18:34:38 INFO  ==============================================================
18:34:38 INFO  Using sw id database: {'asciijump': '5475369', 'robotfindskitten': '5474869', 'squirrel3': '5475279', 'rolldice': '5152439', 'moon-buggy': '5439204', 'apple': '5495053', 'banana': '5494888', 'cherry': '5495382', 'watermelon': '5494510', 'registry': '8018911', 'hello-world': '8021526', 'docker/getting-started': '8021973', 'alpine': '7991792'}
18:34:38 INFO  EnvironmentC8y Setup
18:34:39 INFO  Executed systemctl&lt;serv_mapper1&gt;, exit status 3
18:34:39 INFO  Restarting mosquitto too frequently in the last 10 seconds. It was only up for 5 seconds
18:34:39 INFO  Delaying execution by 6 seconds
18:34:59 INFO  Executed sudo&lt;tedge_connect_c8y&gt;, exit status 0, duration 14 secs
18:34:59 INFO  Executed sudo&lt;tedge_connect_c8y_test&gt;, exit status 0
18:35:00 INFO  Executed systemctl&lt;serv_mosq2&gt;, exit status 0
18:35:00 INFO  Executed systemctl&lt;serv_mapper3&gt;, exit status 0
18:35:02 INFO  State of current operation: SUCCESSFUL
18:35:03 INFO  Package apple is installed
18:35:03 INFO  Assert that (True == value) with value=True ... passed
18:35:03 INFO  Package banana is installed
18:35:03 INFO  Assert that (True == value) with value=True ... passed
18:35:03 INFO  Package cherry is installed
18:35:03 INFO  Assert that (True == value) with value=True ... passed
18:35:03 INFO  Package asciijump is installed
18:35:03 WARN  Assert that (False == value) with value=True ... failed 
18:35:04 INFO  Assert that (False == value) with value=False ... passed
18:35:04 INFO  Response status: 201
18:35:04 INFO  Response to action: {
    &quot;creationTime&quot;: &quot;2022-07-22T18:35:04.398Z&quot;,
    &quot;deviceId&quot;: &quot;21300464&quot;,
    &quot;deviceName&quot;: &quot;m32sd10d&quot;,
    &quot;self&quot;: &quot;https://t493319102.eu-latest.cumulocity.com/devicecontrol/operations/21313629&quot;,
    &quot;id&quot;: &quot;21313629&quot;,
    &quot;status&quot;: &quot;PENDING&quot;,
    &quot;description&quot;: &quot;Apply software changes, triggered from PySys: [{'action': 'install', 'id': '5495053', 'name': 'apple', 'url': ' ', 'version': '::fruits'}, {'action': 'install', 'id': '5494888', 'name': 'banana', 'url': ' ', 'version': '::fruits'}, {'action': 'install', 'id': '5475369', 'name': 'asciijump', 'url': ' ', 'version': '::apt'}, {'action': 'install', 'id': '5495382', 'name': 'cherry', 'url': ' ', 'version': '::fruits'}, {'action': 'install', 'id': '8018911', 'name': 'registry', 'url': ' ', 'version': '::docker'}]&quot;,
    &quot;c8y_SoftwareUpdate&quot;: [
        {
            &quot;name&quot;: &quot;apple&quot;,
            &quot;action&quot;: &quot;install&quot;,
            &quot;id&quot;: &quot;5495053&quot;,
            &quot;version&quot;: &quot;::fruits&quot;,
            &quot;url&quot;: &quot; &quot;
        },
        {
            &quot;name&quot;: &quot;banana&quot;,
            &quot;action&quot;: &quot;install&quot;,
            &quot;id&quot;: &quot;5494888&quot;,
            &quot;version&quot;: &quot;::fruits&quot;,
            &quot;url&quot;: &quot; &quot;
        },
        {
            &quot;name&quot;: &quot;asciijump&quot;,
            &quot;action&quot;: &quot;install&quot;,
            &quot;id&quot;: &quot;5475369&quot;,
            &quot;version&quot;: &quot;::apt&quot;,
            &quot;url&quot;: &quot; &quot;
        },
        {
            &quot;name&quot;: &quot;cherry&quot;,
            &quot;action&quot;: &quot;install&quot;,
            &quot;id&quot;: &quot;5495382&quot;,
            &quot;version&quot;: &quot;::fruits&quot;,
            &quot;url&quot;: &quot; &quot;
        },
        {
            &quot;name&quot;: &quot;registry&quot;,
            &quot;action&quot;: &quot;install&quot;,
            &quot;id&quot;: &quot;8018911&quot;,
            &quot;version&quot;: &quot;::docker&quot;,
            &quot;url&quot;: &quot; &quot;
        }
    ]
}
18:35:04 INFO  Started operation: {'creationTime': '2022-07-22T18:35:04.398Z', 'deviceId': '21300464', 'deviceName': 'm32sd10d', 'self': 'https://t493319102.eu-latest.cumulocity.com/devicecontrol/operations/21313629', 'id': '21313629', 'status': 'PENDING', 'description': &quot;Apply software changes, triggered from PySys: [{'action': 'install', 'id': '5495053', 'name': 'apple', 'url': ' ', 'version': '::fruits'}, {'action': 'install', 'id': '5494888', 'name': 'banana', 'url': ' ', 'version': '::fruits'}, {'action': 'install', 'id': '5475369', 'name': 'asciijump', 'url': ' ', 'version': '::apt'}, {'action': 'install', 'id': '5495382', 'name': 'cherry', 'url': ' ', 'version': '::fruits'}, {'action': 'install', 'id': '8018911', 'name': 'registry', 'url': ' ', 'version': '::docker'}]&quot;, 'c8y_SoftwareUpdate': [{'name': 'apple', 'action': 'install', 'id': '5495053', 'version': '::fruits', 'url': ' '}, {'name': 'banana', 'action': 'install', 'id': '5494888', 'version': '::fruits', 'url': ' '}, {'name': 'asciijump', 'action': 'install', 'id': '5475369', 'version': '::apt', 'url': ' '}, {'name': 'cherry', 'action': 'install', 'id': '5495382', 'version': '::fruits', 'url': ' '}, {'name': 'registry', 'action': 'install', 'id': '8018911', 'version': '::docker', 'url': ' '}]}
18:35:06 INFO  State of operation 21313629 : PENDING
18:35:08 INFO  State of operation 21313629 : EXECUTING
18:35:11 INFO  State of operation 21313629 : EXECUTING
18:35:13 INFO  State of operation 21313629 : EXECUTING
18:35:15 INFO  State of operation 21313629 : EXECUTING
18:35:17 INFO  State of operation 21313629 : EXECUTING
18:35:20 INFO  State of operation 21313629 : EXECUTING
18:35:23 INFO  State of operation 21313629 : EXECUTING
18:35:26 INFO  State of operation 21313629 : EXECUTING
18:35:28 INFO  State of operation 21313629 : EXECUTING
18:35:30 INFO  State of operation 21313629 : EXECUTING
18:35:33 INFO  State of operation 21313629 : EXECUTING
18:35:35 INFO  State of operation 21313629 : EXECUTING
18:35:37 INFO  State of operation 21313629 : EXECUTING
18:35:39 INFO  State of operation 21313629 : EXECUTING
18:35:42 INFO  State of operation 21313629 : EXECUTING
18:35:44 INFO  State of operation 21313629 : EXECUTING
18:35:47 INFO  State of operation 21313629 : EXECUTING
18:35:49 INFO  State of operation 21313629 : EXECUTING
18:35:51 INFO  State of operation 21313629 : EXECUTING
18:35:54 INFO  State of operation 21313629 : EXECUTING
18:35:56 INFO  State of operation 21313629 : EXECUTING
18:35:58 INFO  State of operation 21313629 : EXECUTING
18:36:00 INFO  State of operation 21313629 : EXECUTING
18:36:03 INFO  State of operation 21313629 : SUCCESSFUL
18:36:03 INFO  Package apple is installed
18:36:03 INFO  Assert that (True == value) with value=True ... passed
18:36:03 INFO  Package banana is installed
18:36:03 INFO  Assert that (True == value) with value=True ... passed
18:36:03 INFO  Package cherry is installed
18:36:03 INFO  Assert that (True == value) with value=True ... passed
18:36:04 INFO  Package asciijump is installed
18:36:04 INFO  Assert that (True == value) with value=True ... passed
18:36:04 INFO  Package registry is installed
18:36:04 INFO  Assert that (True == value) with value=True ... passed
18:36:04 INFO  Response status: 201
18:36:04 INFO  Response to action: {
    &quot;creationTime&quot;: &quot;2022-07-22T18:36:04.412Z&quot;,
    &quot;deviceId&quot;: &quot;21300464&quot;,
    &quot;deviceName&quot;: &quot;m32sd10d&quot;,
    &quot;self&quot;: &quot;https://t493319102.eu-latest.cumulocity.com/devicecontrol/operations/21313649&quot;,
    &quot;id&quot;: &quot;21313649&quot;,
    &quot;status&quot;: &quot;PENDING&quot;,
    &quot;description&quot;: &quot;Apply software changes, triggered from PySys: [{'action': 'delete', 'id': '5495053', 'name': 'apple', 'url': ' ', 'version': '::fruits'}, {'action': 'delete', 'id': '5494888', 'name': 'banana', 'url': ' ', 'version': '::fruits'}, {'action': 'delete', 'id': '5475369', 'name': 'asciijump', 'url': ' ', 'version': '::apt'}, {'action': 'delete', 'id': '5495382', 'name': 'cherry', 'url': ' ', 'version': '::fruits'}, {'action': 'delete', 'id': '8018911', 'name': 'registry', 'url': ' ', 'version': '::docker'}]&quot;,
    &quot;c8y_SoftwareUpdate&quot;: [
        {
            &quot;name&quot;: &quot;apple&quot;,
            &quot;action&quot;: &quot;delete&quot;,
            &quot;id&quot;: &quot;5495053&quot;,
            &quot;version&quot;: &quot;::fruits&quot;,
            &quot;url&quot;: &quot; &quot;
        },
        {
            &quot;name&quot;: &quot;banana&quot;,
            &quot;action&quot;: &quot;delete&quot;,
            &quot;id&quot;: &quot;5494888&quot;,
            &quot;version&quot;: &quot;::fruits&quot;,
            &quot;url&quot;: &quot; &quot;
        },
        {
            &quot;name&quot;: &quot;asciijump&quot;,
            &quot;action&quot;: &quot;delete&quot;,
            &quot;id&quot;: &quot;5475369&quot;,
            &quot;version&quot;: &quot;::apt&quot;,
            &quot;url&quot;: &quot; &quot;
        },
        {
            &quot;name&quot;: &quot;cherry&quot;,
            &quot;action&quot;: &quot;delete&quot;,
            &quot;id&quot;: &quot;5495382&quot;,
            &quot;version&quot;: &quot;::fruits&quot;,
            &quot;url&quot;: &quot; &quot;
        },
        {
            &quot;name&quot;: &quot;registry&quot;,
            &quot;action&quot;: &quot;delete&quot;,
            &quot;id&quot;: &quot;8018911&quot;,
            &quot;version&quot;: &quot;::docker&quot;,
            &quot;url&quot;: &quot; &quot;
        }
    ]
}
18:36:04 INFO  Started operation: {'creationTime': '2022-07-22T18:36:04.412Z', 'deviceId': '21300464', 'deviceName': 'm32sd10d', 'self': 'https://t493319102.eu-latest.cumulocity.com/devicecontrol/operations/21313649', 'id': '21313649', 'status': 'PENDING', 'description': &quot;Apply software changes, triggered from PySys: [{'action': 'delete', 'id': '5495053', 'name': 'apple', 'url': ' ', 'version': '::fruits'}, {'action': 'delete', 'id': '5494888', 'name': 'banana', 'url': ' ', 'version': '::fruits'}, {'action': 'delete', 'id': '5475369', 'name': 'asciijump', 'url': ' ', 'version': '::apt'}, {'action': 'delete', 'id': '5495382', 'name': 'cherry', 'url': ' ', 'version': '::fruits'}, {'action': 'delete', 'id': '8018911', 'name': 'registry', 'url': ' ', 'version': '::docker'}]&quot;, 'c8y_SoftwareUpdate': [{'name': 'apple', 'action': 'delete', 'id': '5495053', 'version': '::fruits', 'url': ' '}, {'name': 'banana', 'action': 'delete', 'id': '5494888', 'version': '::fruits', 'url': ' '}, {'name': 'asciijump', 'action': 'delete', 'id': '5475369', 'version': '::apt', 'url': ' '}, {'name': 'cherry', 'action': 'delete', 'id': '5495382', 'version': '::fruits', 'url': ' '}, {'name': 'registry', 'action': 'delete', 'id': '8018911', 'version': '::docker', 'url': ' '}]}
18:36:06 INFO  State of operation 21313649 : PENDING
18:36:08 INFO  State of operation 21313649 : EXECUTING
18:36:11 INFO  State of operation 21313649 : EXECUTING
18:36:13 INFO  State of operation 21313649 : EXECUTING
18:36:15 INFO  State of operation 21313649 : EXECUTING
18:36:17 INFO  State of operation 21313649 : EXECUTING
18:36:20 INFO  State of operation 21313649 : EXECUTING
18:36:23 INFO  State of operation 21313649 : EXECUTING
18:36:25 INFO  State of operation 21313649 : EXECUTING
18:36:28 INFO  State of operation 21313649 : EXECUTING
18:36:30 INFO  State of operation 21313649 : EXECUTING
18:36:32 INFO  State of operation 21313649 : EXECUTING
18:36:34 INFO  State of operation 21313649 : EXECUTING
18:36:37 INFO  State of operation 21313649 : EXECUTING
18:36:39 INFO  State of operation 21313649 : EXECUTING
18:36:41 INFO  State of operation 21313649 : EXECUTING
18:36:45 INFO  State of operation 21313649 : EXECUTING
18:36:47 INFO  State of operation 21313649 : EXECUTING
18:36:49 INFO  State of operation 21313649 : EXECUTING
18:36:52 INFO  State of operation 21313649 : EXECUTING
18:36:54 INFO  State of operation 21313649 : EXECUTING
18:36:56 INFO  State of operation 21313649 : EXECUTING
18:36:59 INFO  State of operation 21313649 : EXECUTING
18:37:01 INFO  State of operation 21313649 : EXECUTING
18:37:03 INFO  State of operation 21313649 : EXECUTING
18:37:06 INFO  State of operation 21313649 : EXECUTING
18:37:08 INFO  State of operation 21313649 : EXECUTING
18:37:10 INFO  State of operation 21313649 : EXECUTING
18:37:12 INFO  State of operation 21313649 : EXECUTING
18:37:15 INFO  State of operation 21313649 : SUCCESSFUL
18:37:15 INFO  Package apple is installed
18:37:15 INFO  Assert that (True == value) with value=True ... passed
18:37:15 INFO  Package banana is installed
18:37:15 INFO  Assert that (True == value) with value=True ... passed
18:37:15 INFO  Package cherry is installed
18:37:15 INFO  Assert that (True == value) with value=True ... passed
18:37:15 INFO  Assert that (False == value) with value=False ... passed
18:37:16 INFO  Assert that (False == value) with value=False ... passed
18:37:16 INFO  
18:37:16 INFO  cleanup:
18:37:20 INFO  Executed sudo&lt;tedge_disconnect_c8y&gt;, exit status 0
18:37:20 INFO  Executed systemctl&lt;serv_mapper5&gt;, exit status 3
18:37:20 INFO  
18:37:20 INFO  Test duration: 162.49 secs
18:37:20 INFO  Test final outcome:  FAILED
18:37:20 INFO  Test outcome reason: Assert that (False == value) with value=True
18:37:20 INFO  
</system-out>
	</testcase>
</testsuite>
