<?xml version="1.0" encoding="utf-8"?>
<testsuite failures="1" name="SoftwareManagement.sm_mixed_install_remove_multiple" skipped="0" tests="1" time="163.74" timestamp="2022-07-22T01:39:58">
	<testcase classname="PySysTest" name="SoftwareManagement.sm_mixed_install_remove_multiple">
		<failure message="FAILED: Assert that (False == value) with value=True" type="FAILED"/>
		<system-out>01:37:14 INFO  ==============================================================
01:37:14 INFO  Id:    SoftwareManagement.sm_mixed_install_remove_multiple
01:37:14 INFO  Dir:   software_management_end_to_end/
01:37:14 INFO  Title: Validate end to end behaviour for the dummy-plugin for multiple packages with mixed versions
01:37:14 INFO  ==============================================================
01:37:14 INFO  Using sw id database: {'asciijump': '5475369', 'robotfindskitten': '5474869', 'squirrel3': '5475279', 'rolldice': '5152439', 'moon-buggy': '5439204', 'apple': '5495053', 'banana': '5494888', 'cherry': '5495382', 'watermelon': '5494510', 'registry': '8018911', 'hello-world': '8021526', 'docker/getting-started': '8021973', 'alpine': '7991792'}
01:37:14 INFO  EnvironmentC8y Setup
01:37:15 INFO  Executed systemctl&lt;serv_mapper1&gt;, exit status 3
01:37:15 INFO  Restarting mosquitto too frequently in the last 10 seconds. It was only up for 5 seconds
01:37:15 INFO  Delaying execution by 6 seconds
01:37:35 INFO  Executed sudo&lt;tedge_connect_c8y&gt;, exit status 0, duration 13 secs
01:37:35 INFO  Executed sudo&lt;tedge_connect_c8y_test&gt;, exit status 0
01:37:36 INFO  Executed systemctl&lt;serv_mosq2&gt;, exit status 0
01:37:36 INFO  Executed systemctl&lt;serv_mapper3&gt;, exit status 0
01:37:38 INFO  State of current operation: SUCCESSFUL
01:37:39 INFO  Package apple is installed
01:37:39 INFO  Assert that (True == value) with value=True ... passed
01:37:39 INFO  Package banana is installed
01:37:39 INFO  Assert that (True == value) with value=True ... passed
01:37:39 INFO  Package cherry is installed
01:37:39 INFO  Assert that (True == value) with value=True ... passed
01:37:39 INFO  Package asciijump is installed
01:37:40 WARN  Assert that (False == value) with value=True ... failed 
01:37:40 INFO  Assert that (False == value) with value=False ... passed
01:37:40 INFO  Response status: 201
01:37:40 INFO  Response to action: {
    &quot;creationTime&quot;: &quot;2022-07-22T01:37:40.423Z&quot;,
    &quot;deviceId&quot;: &quot;21166555&quot;,
    &quot;deviceName&quot;: &quot;m32sd10d&quot;,
    &quot;self&quot;: &quot;https://t493319102.eu-latest.cumulocity.com/devicecontrol/operations/21214068&quot;,
    &quot;id&quot;: &quot;21214068&quot;,
    &quot;status&quot;: &quot;PENDING&quot;,
    &quot;description&quot;: &quot;Apply software changes, triggered from PySys: [{'action': 'install', 'id': '5495053', 'name': 'apple', 'url': ' ', 'version': '::fruits'}, {'action': 'install', 'id': '5494888', 'name': 'banana', 'url': ' ', 'version': '::fruits'}, {'action': 'install', 'id': '5475369', 'name': 'asciijump', 'url': ' ', 'version': '::apt'}, {'action': 'install', 'id': '5495382', 'name': 'cherry', 'url': ' ', 'version': '::fruits'}, {'action': 'install', 'id': '8018911', 'name': 'registry', 'url': ' ', 'version': '::docker'}]&quot;,
    &quot;c8y_SoftwareUpdate&quot;: [
        {
            &quot;name&quot;: &quot;apple&quot;,
            &quot;action&quot;: &quot;install&quot;,
            &quot;id&quot;: &quot;5495053&quot;,
            &quot;version&quot;: &quot;::fruits&quot;,
            &quot;url&quot;: &quot; &quot;
        },
        {
            &quot;name&quot;: &quot;banana&quot;,
            &quot;action&quot;: &quot;install&quot;,
            &quot;id&quot;: &quot;5494888&quot;,
            &quot;version&quot;: &quot;::fruits&quot;,
            &quot;url&quot;: &quot; &quot;
        },
        {
            &quot;name&quot;: &quot;asciijump&quot;,
            &quot;action&quot;: &quot;install&quot;,
            &quot;id&quot;: &quot;5475369&quot;,
            &quot;version&quot;: &quot;::apt&quot;,
            &quot;url&quot;: &quot; &quot;
        },
        {
            &quot;name&quot;: &quot;cherry&quot;,
            &quot;action&quot;: &quot;install&quot;,
            &quot;id&quot;: &quot;5495382&quot;,
            &quot;version&quot;: &quot;::fruits&quot;,
            &quot;url&quot;: &quot; &quot;
        },
        {
            &quot;name&quot;: &quot;registry&quot;,
            &quot;action&quot;: &quot;install&quot;,
            &quot;id&quot;: &quot;8018911&quot;,
            &quot;version&quot;: &quot;::docker&quot;,
            &quot;url&quot;: &quot; &quot;
        }
    ]
}
01:37:40 INFO  Started operation: {'creationTime': '2022-07-22T01:37:40.423Z', 'deviceId': '21166555', 'deviceName': 'm32sd10d', 'self': 'https://t493319102.eu-latest.cumulocity.com/devicecontrol/operations/21214068', 'id': '21214068', 'status': 'PENDING', 'description': &quot;Apply software changes, triggered from PySys: [{'action': 'install', 'id': '5495053', 'name': 'apple', 'url': ' ', 'version': '::fruits'}, {'action': 'install', 'id': '5494888', 'name': 'banana', 'url': ' ', 'version': '::fruits'}, {'action': 'install', 'id': '5475369', 'name': 'asciijump', 'url': ' ', 'version': '::apt'}, {'action': 'install', 'id': '5495382', 'name': 'cherry', 'url': ' ', 'version': '::fruits'}, {'action': 'install', 'id': '8018911', 'name': 'registry', 'url': ' ', 'version': '::docker'}]&quot;, 'c8y_SoftwareUpdate': [{'name': 'apple', 'action': 'install', 'id': '5495053', 'version': '::fruits', 'url': ' '}, {'name': 'banana', 'action': 'install', 'id': '5494888', 'version': '::fruits', 'url': ' '}, {'name': 'asciijump', 'action': 'install', 'id': '5475369', 'version': '::apt', 'url': ' '}, {'name': 'cherry', 'action': 'install', 'id': '5495382', 'version': '::fruits', 'url': ' '}, {'name': 'registry', 'action': 'install', 'id': '8018911', 'version': '::docker', 'url': ' '}]}
01:37:42 INFO  State of operation 21214068 : PENDING
01:37:44 INFO  State of operation 21214068 : EXECUTING
01:37:47 INFO  State of operation 21214068 : EXECUTING
01:37:49 INFO  State of operation 21214068 : EXECUTING
01:37:51 INFO  State of operation 21214068 : EXECUTING
01:37:53 INFO  State of operation 21214068 : EXECUTING
01:37:56 INFO  State of operation 21214068 : EXECUTING
01:37:59 INFO  State of operation 21214068 : EXECUTING
01:38:01 INFO  State of operation 21214068 : EXECUTING
01:38:04 INFO  State of operation 21214068 : EXECUTING
01:38:06 INFO  State of operation 21214068 : EXECUTING
01:38:08 INFO  State of operation 21214068 : EXECUTING
01:38:10 INFO  State of operation 21214068 : EXECUTING
01:38:12 INFO  State of operation 21214068 : EXECUTING
01:38:15 INFO  State of operation 21214068 : EXECUTING
01:38:17 INFO  State of operation 21214068 : EXECUTING
01:38:19 INFO  State of operation 21214068 : EXECUTING
01:38:21 INFO  State of operation 21214068 : EXECUTING
01:38:24 INFO  State of operation 21214068 : EXECUTING
01:38:26 INFO  State of operation 21214068 : EXECUTING
01:38:28 INFO  State of operation 21214068 : EXECUTING
01:38:30 INFO  State of operation 21214068 : EXECUTING
01:38:32 INFO  State of operation 21214068 : EXECUTING
01:38:35 INFO  State of operation 21214068 : EXECUTING
01:38:37 INFO  State of operation 21214068 : EXECUTING
01:38:39 INFO  State of operation 21214068 : SUCCESSFUL
01:38:39 INFO  Package apple is installed
01:38:39 INFO  Assert that (True == value) with value=True ... passed
01:38:40 INFO  Package banana is installed
01:38:40 INFO  Assert that (True == value) with value=True ... passed
01:38:40 INFO  Package cherry is installed
01:38:40 INFO  Assert that (True == value) with value=True ... passed
01:38:40 INFO  Package asciijump is installed
01:38:40 INFO  Assert that (True == value) with value=True ... passed
01:38:40 INFO  Package registry is installed
01:38:40 INFO  Assert that (True == value) with value=True ... passed
01:38:40 INFO  Response status: 201
01:38:40 INFO  Response to action: {
    &quot;creationTime&quot;: &quot;2022-07-22T01:38:40.934Z&quot;,
    &quot;deviceId&quot;: &quot;21166555&quot;,
    &quot;deviceName&quot;: &quot;m32sd10d&quot;,
    &quot;self&quot;: &quot;https://t493319102.eu-latest.cumulocity.com/devicecontrol/operations/21214078&quot;,
    &quot;id&quot;: &quot;21214078&quot;,
    &quot;status&quot;: &quot;PENDING&quot;,
    &quot;description&quot;: &quot;Apply software changes, triggered from PySys: [{'action': 'delete', 'id': '5495053', 'name': 'apple', 'url': ' ', 'version': '::fruits'}, {'action': 'delete', 'id': '5494888', 'name': 'banana', 'url': ' ', 'version': '::fruits'}, {'action': 'delete', 'id': '5475369', 'name': 'asciijump', 'url': ' ', 'version': '::apt'}, {'action': 'delete', 'id': '5495382', 'name': 'cherry', 'url': ' ', 'version': '::fruits'}, {'action': 'delete', 'id': '8018911', 'name': 'registry', 'url': ' ', 'version': '::docker'}]&quot;,
    &quot;c8y_SoftwareUpdate&quot;: [
        {
            &quot;name&quot;: &quot;apple&quot;,
            &quot;action&quot;: &quot;delete&quot;,
            &quot;id&quot;: &quot;5495053&quot;,
            &quot;version&quot;: &quot;::fruits&quot;,
            &quot;url&quot;: &quot; &quot;
        },
        {
            &quot;name&quot;: &quot;banana&quot;,
            &quot;action&quot;: &quot;delete&quot;,
            &quot;id&quot;: &quot;5494888&quot;,
            &quot;version&quot;: &quot;::fruits&quot;,
            &quot;url&quot;: &quot; &quot;
        },
        {
            &quot;name&quot;: &quot;asciijump&quot;,
            &quot;action&quot;: &quot;delete&quot;,
            &quot;id&quot;: &quot;5475369&quot;,
            &quot;version&quot;: &quot;::apt&quot;,
            &quot;url&quot;: &quot; &quot;
        },
        {
            &quot;name&quot;: &quot;cherry&quot;,
            &quot;action&quot;: &quot;delete&quot;,
            &quot;id&quot;: &quot;5495382&quot;,
            &quot;version&quot;: &quot;::fruits&quot;,
            &quot;url&quot;: &quot; &quot;
        },
        {
            &quot;name&quot;: &quot;registry&quot;,
            &quot;action&quot;: &quot;delete&quot;,
            &quot;id&quot;: &quot;8018911&quot;,
            &quot;version&quot;: &quot;::docker&quot;,
            &quot;url&quot;: &quot; &quot;
        }
    ]
}
01:38:40 INFO  Started operation: {'creationTime': '2022-07-22T01:38:40.934Z', 'deviceId': '21166555', 'deviceName': 'm32sd10d', 'self': 'https://t493319102.eu-latest.cumulocity.com/devicecontrol/operations/21214078', 'id': '21214078', 'status': 'PENDING', 'description': &quot;Apply software changes, triggered from PySys: [{'action': 'delete', 'id': '5495053', 'name': 'apple', 'url': ' ', 'version': '::fruits'}, {'action': 'delete', 'id': '5494888', 'name': 'banana', 'url': ' ', 'version': '::fruits'}, {'action': 'delete', 'id': '5475369', 'name': 'asciijump', 'url': ' ', 'version': '::apt'}, {'action': 'delete', 'id': '5495382', 'name': 'cherry', 'url': ' ', 'version': '::fruits'}, {'action': 'delete', 'id': '8018911', 'name': 'registry', 'url': ' ', 'version': '::docker'}]&quot;, 'c8y_SoftwareUpdate': [{'name': 'apple', 'action': 'delete', 'id': '5495053', 'version': '::fruits', 'url': ' '}, {'name': 'banana', 'action': 'delete', 'id': '5494888', 'version': '::fruits', 'url': ' '}, {'name': 'asciijump', 'action': 'delete', 'id': '5475369', 'version': '::apt', 'url': ' '}, {'name': 'cherry', 'action': 'delete', 'id': '5495382', 'version': '::fruits', 'url': ' '}, {'name': 'registry', 'action': 'delete', 'id': '8018911', 'version': '::docker', 'url': ' '}]}
01:38:43 INFO  State of operation 21214078 : PENDING
01:38:45 INFO  State of operation 21214078 : EXECUTING
01:38:47 INFO  State of operation 21214078 : EXECUTING
01:38:49 INFO  State of operation 21214078 : EXECUTING
01:38:52 INFO  State of operation 21214078 : EXECUTING
01:38:54 INFO  State of operation 21214078 : EXECUTING
01:38:57 INFO  State of operation 21214078 : EXECUTING
01:38:59 INFO  State of operation 21214078 : EXECUTING
01:39:01 INFO  State of operation 21214078 : EXECUTING
01:39:04 INFO  State of operation 21214078 : EXECUTING
01:39:06 INFO  State of operation 21214078 : EXECUTING
01:39:08 INFO  State of operation 21214078 : EXECUTING
01:39:11 INFO  State of operation 21214078 : EXECUTING
01:39:13 INFO  State of operation 21214078 : EXECUTING
01:39:15 INFO  State of operation 21214078 : EXECUTING
01:39:17 INFO  State of operation 21214078 : EXECUTING
01:39:21 INFO  State of operation 21214078 : EXECUTING
01:39:24 INFO  State of operation 21214078 : EXECUTING
01:39:26 INFO  State of operation 21214078 : EXECUTING
01:39:28 INFO  State of operation 21214078 : EXECUTING
01:39:31 INFO  State of operation 21214078 : EXECUTING
01:39:33 INFO  State of operation 21214078 : EXECUTING
01:39:36 INFO  State of operation 21214078 : EXECUTING
01:39:38 INFO  State of operation 21214078 : EXECUTING
01:39:40 INFO  State of operation 21214078 : EXECUTING
01:39:42 INFO  State of operation 21214078 : EXECUTING
01:39:45 INFO  State of operation 21214078 : EXECUTING
01:39:47 INFO  State of operation 21214078 : EXECUTING
01:39:49 INFO  State of operation 21214078 : EXECUTING
01:39:52 INFO  State of operation 21214078 : SUCCESSFUL
01:39:52 INFO  Package apple is installed
01:39:52 INFO  Assert that (True == value) with value=True ... passed
01:39:52 INFO  Package banana is installed
01:39:52 INFO  Assert that (True == value) with value=True ... passed
01:39:52 INFO  Package cherry is installed
01:39:52 INFO  Assert that (True == value) with value=True ... passed
01:39:53 INFO  Assert that (False == value) with value=False ... passed
01:39:53 INFO  Assert that (False == value) with value=False ... passed
01:39:53 INFO  
01:39:53 INFO  cleanup:
01:39:57 INFO  Executed sudo&lt;tedge_disconnect_c8y&gt;, exit status 0
01:39:58 INFO  Executed systemctl&lt;serv_mapper5&gt;, exit status 3
01:39:58 INFO  
01:39:58 INFO  Test duration: 163.74 secs
01:39:58 INFO  Test final outcome:  FAILED
01:39:58 INFO  Test outcome reason: Assert that (False == value) with value=True
01:39:58 INFO  
</system-out>
	</testcase>
</testsuite>
