<?xml version="1.0" encoding="utf-8"?>
<testsuite failures="1" name="SoftwareManagement.sm_apt_install_remove_default" skipped="0" tests="1" time="165.92" timestamp="2022-05-23T18:01:18">
	<testcase classname="PySysTest" name="SoftwareManagement.sm_apt_install_remove_default">
		<failure message="BLOCKED: SystemError: Timeout while waiting for status FAILED or SUCCESSFUL" type="BLOCKED"/>
		<system-out>17:58:32 INFO  ==============================================================
17:58:32 INFO  Id:    SoftwareManagement.sm_apt_install_remove_default
17:58:32 INFO  Dir:   software_management_end_to_end/
17:58:32 INFO  Title: Validate end to end behaviour for the default plugin for installation and removal of packages
17:58:32 INFO  ==============================================================
17:58:32 INFO  Using sw id database: {'asciijump': '5475369', 'robotfindskitten': '5474869', 'squirrel3': '5475279', 'rolldice': '5152439', 'moon-buggy': '5439204', 'apple': '5495053', 'banana': '5494888', 'cherry': '5495382', 'watermelon': '5494510', 'registry': '8018911', 'hello-world': '8021526', 'docker/getting-started': '8021973', 'alpine': '7991792'}
17:58:32 INFO  EnvironmentC8y Setup
17:58:33 INFO  Executed systemctl&lt;serv_mapper1&gt;, exit status 3
17:58:33 INFO  Restarting mosquitto too frequently in the last 10 seconds. It was only up for 4 seconds
17:58:33 INFO  Delaying execution by 7 seconds
17:58:53 INFO  Executed sudo&lt;tedge_connect_c8y&gt;, exit status 0, duration 13 secs
17:58:54 INFO  Executed sudo&lt;tedge_connect_c8y_test&gt;, exit status 0
17:58:54 INFO  Executed systemctl&lt;serv_mosq2&gt;, exit status 0
17:58:55 INFO  Executed systemctl&lt;serv_mapper3&gt;, exit status 0
17:58:57 INFO  State of current operation: PENDING
17:58:59 INFO  State of current operation: PENDING
17:59:02 INFO  State of current operation: PENDING
17:59:04 INFO  State of current operation: PENDING
17:59:06 INFO  State of current operation: PENDING
17:59:08 INFO  State of current operation: PENDING
17:59:11 INFO  State of current operation: PENDING
17:59:13 INFO  State of current operation: PENDING
17:59:15 INFO  State of current operation: PENDING
17:59:17 INFO  State of current operation: PENDING
17:59:20 INFO  State of current operation: PENDING
17:59:22 INFO  State of current operation: PENDING
17:59:24 INFO  State of current operation: PENDING
17:59:26 INFO  State of current operation: PENDING
17:59:28 INFO  State of current operation: PENDING
17:59:31 INFO  State of current operation: PENDING
17:59:33 INFO  State of current operation: PENDING
17:59:35 INFO  State of current operation: PENDING
17:59:37 INFO  State of current operation: PENDING
17:59:40 INFO  State of current operation: PENDING
17:59:42 INFO  State of current operation: PENDING
17:59:44 INFO  State of current operation: PENDING
17:59:46 INFO  State of current operation: PENDING
17:59:49 INFO  State of current operation: PENDING
17:59:51 INFO  State of current operation: PENDING
17:59:53 INFO  State of current operation: PENDING
17:59:55 INFO  State of current operation: PENDING
17:59:57 INFO  State of current operation: PENDING
18:00:00 INFO  State of current operation: PENDING
18:00:02 INFO  State of current operation: PENDING
18:00:04 INFO  State of current operation: PENDING
18:00:06 INFO  State of current operation: PENDING
18:00:09 INFO  State of current operation: PENDING
18:00:11 INFO  State of current operation: PENDING
18:00:13 INFO  State of current operation: PENDING
18:00:15 INFO  State of current operation: PENDING
18:00:18 INFO  State of current operation: PENDING
18:00:20 INFO  State of current operation: PENDING
18:00:22 INFO  State of current operation: PENDING
18:00:24 INFO  State of current operation: PENDING
18:00:26 INFO  State of current operation: PENDING
18:00:29 INFO  State of current operation: PENDING
18:00:31 INFO  State of current operation: PENDING
18:00:33 INFO  State of current operation: PENDING
18:00:36 INFO  State of current operation: PENDING
18:00:38 INFO  State of current operation: PENDING
18:00:40 INFO  State of current operation: PENDING
18:00:42 INFO  State of current operation: PENDING
18:00:44 INFO  State of current operation: PENDING
18:00:47 INFO  State of current operation: PENDING
18:00:49 INFO  State of current operation: PENDING
18:00:51 INFO  State of current operation: PENDING
18:00:53 INFO  State of current operation: PENDING
18:00:56 INFO  State of current operation: PENDING
18:00:58 INFO  State of current operation: PENDING
18:01:00 INFO  State of current operation: PENDING
18:01:02 INFO  State of current operation: PENDING
18:01:05 INFO  State of current operation: PENDING
18:01:07 INFO  State of current operation: PENDING
18:01:09 INFO  State of current operation: PENDING
18:01:11 INFO  State of current operation: PENDING
18:01:13 WARN  SystemError occurred while running test - Timeout while waiting for status FAILED or SUCCESSFUL
Traceback (most recent call last):
  File &quot;/home/pi/env-pysys/lib/python3.7/site-packages/pysys/baserunner.py&quot;, line 1292, in __call__
    self.testObj.setup()
  File &quot;/home/pi/actions-runner/_work/thin-edge.io/thin-edge.io/tests/PySys/software_management_end_to_end/sm_apt_install_remove_default/run.py&quot;, line 26, in setup
    super().setup()
  File &quot;/home/pi/actions-runner/_work/thin-edge.io/thin-edge.io/tests/PySys/software_management_end_to_end/environment_sm_management.py&quot;, line 151, in setup
    self.wait_until_end()
  File &quot;/home/pi/actions-runner/_work/thin-edge.io/thin-edge.io/tests/PySys/software_management_end_to_end/environment_sm_management.py&quot;, line 332, in wait_until_end
    self.wait_until_status(&quot;FAILED&quot;, &quot;SUCCESSFUL&quot;)
  File &quot;/home/pi/actions-runner/_work/thin-edge.io/thin-edge.io/tests/PySys/software_management_end_to_end/environment_sm_management.py&quot;, line 381, in wait_until_status
    &quot;Timeout while waiting for status %s or %s&quot; % (status, status2)
SystemError: Timeout while waiting for status FAILED or SUCCESSFUL
18:01:13 WARN  SystemError: Timeout while waiting for status FAILED or SUCCESSFUL ... blocked 
18:01:13 INFO  
18:01:13 INFO  cleanup:
18:01:17 INFO  Executed sudo&lt;tedge_disconnect_c8y&gt;, exit status 0
18:01:18 INFO  Executed systemctl&lt;serv_mapper5&gt;, exit status 3
18:01:18 INFO  
18:01:18 INFO  Test duration: 165.92 secs
18:01:18 INFO  Test final outcome:  BLOCKED
18:01:18 INFO  Test outcome reason: SystemError: Timeout while waiting for status FAILED or SUCCESSFUL
18:01:18 INFO  
</system-out>
	</testcase>
</testsuite>
