<?xml version="1.0" encoding="utf-8"?>
<testsuite failures="1" name="SoftwareManagement.sm_mixed_install_remove_multiple" skipped="0" tests="1" time="164.31" timestamp="2022-06-29T13:17:34">
	<testcase classname="PySysTest" name="SoftwareManagement.sm_mixed_install_remove_multiple">
		<failure message="FAILED: Assert that (False == value) with value=True" type="FAILED"/>
		<system-out>13:14:50 INFO  ==============================================================
13:14:50 INFO  Id:    SoftwareManagement.sm_mixed_install_remove_multiple
13:14:50 INFO  Dir:   software_management_end_to_end/
13:14:50 INFO  Title: Validate end to end behaviour for the dummy-plugin for multiple packages with mixed versions
13:14:50 INFO  ==============================================================
13:14:50 INFO  Using sw id database: {'asciijump': '5475369', 'robotfindskitten': '5474869', 'squirrel3': '5475279', 'rolldice': '5152439', 'moon-buggy': '5439204', 'apple': '5495053', 'banana': '5494888', 'cherry': '5495382', 'watermelon': '5494510', 'registry': '8018911', 'hello-world': '8021526', 'docker/getting-started': '8021973', 'alpine': '7991792'}
13:14:50 INFO  EnvironmentC8y Setup
13:14:51 INFO  Executed systemctl&lt;serv_mapper1&gt;, exit status 3
13:14:51 INFO  Restarting mosquitto too frequently in the last 10 seconds. It was only up for 5 seconds
13:14:51 INFO  Delaying execution by 6 seconds
13:15:11 INFO  Executed sudo&lt;tedge_connect_c8y&gt;, exit status 0, duration 14 secs
13:15:11 INFO  Executed sudo&lt;tedge_connect_c8y_test&gt;, exit status 0
13:15:12 INFO  Executed systemctl&lt;serv_mosq2&gt;, exit status 0
13:15:12 INFO  Executed systemctl&lt;serv_mapper3&gt;, exit status 0
13:15:15 INFO  State of current operation: SUCCESSFUL
13:15:15 INFO  Package apple is installed
13:15:15 INFO  Assert that (True == value) with value=True ... passed
13:15:15 INFO  Package banana is installed
13:15:15 INFO  Assert that (True == value) with value=True ... passed
13:15:15 INFO  Package cherry is installed
13:15:15 INFO  Assert that (True == value) with value=True ... passed
13:15:16 INFO  Package asciijump is installed
13:15:16 WARN  Assert that (False == value) with value=True ... failed 
13:15:16 INFO  Assert that (False == value) with value=False ... passed
13:15:16 INFO  Response status: 201
13:15:16 INFO  Response to action: {
    &quot;creationTime&quot;: &quot;2022-06-29T13:15:16.513Z&quot;,
    &quot;deviceId&quot;: &quot;20555342&quot;,
    &quot;deviceName&quot;: &quot;m32sd10d&quot;,
    &quot;self&quot;: &quot;https://t493319102.eu-latest.cumulocity.com/devicecontrol/operations/20610765&quot;,
    &quot;id&quot;: &quot;20610765&quot;,
    &quot;status&quot;: &quot;PENDING&quot;,
    &quot;description&quot;: &quot;Apply software changes, triggered from PySys: [{'action': 'install', 'id': '5495053', 'name': 'apple', 'url': ' ', 'version': '::fruits'}, {'action': 'install', 'id': '5494888', 'name': 'banana', 'url': ' ', 'version': '::fruits'}, {'action': 'install', 'id': '5475369', 'name': 'asciijump', 'url': ' ', 'version': '::apt'}, {'action': 'install', 'id': '5495382', 'name': 'cherry', 'url': ' ', 'version': '::fruits'}, {'action': 'install', 'id': '8018911', 'name': 'registry', 'url': ' ', 'version': '::docker'}]&quot;,
    &quot;c8y_SoftwareUpdate&quot;: [
        {
            &quot;name&quot;: &quot;apple&quot;,
            &quot;action&quot;: &quot;install&quot;,
            &quot;id&quot;: &quot;5495053&quot;,
            &quot;version&quot;: &quot;::fruits&quot;,
            &quot;url&quot;: &quot; &quot;
        },
        {
            &quot;name&quot;: &quot;banana&quot;,
            &quot;action&quot;: &quot;install&quot;,
            &quot;id&quot;: &quot;5494888&quot;,
            &quot;version&quot;: &quot;::fruits&quot;,
            &quot;url&quot;: &quot; &quot;
        },
        {
            &quot;name&quot;: &quot;asciijump&quot;,
            &quot;action&quot;: &quot;install&quot;,
            &quot;id&quot;: &quot;5475369&quot;,
            &quot;version&quot;: &quot;::apt&quot;,
            &quot;url&quot;: &quot; &quot;
        },
        {
            &quot;name&quot;: &quot;cherry&quot;,
            &quot;action&quot;: &quot;install&quot;,
            &quot;id&quot;: &quot;5495382&quot;,
            &quot;version&quot;: &quot;::fruits&quot;,
            &quot;url&quot;: &quot; &quot;
        },
        {
            &quot;name&quot;: &quot;registry&quot;,
            &quot;action&quot;: &quot;install&quot;,
            &quot;id&quot;: &quot;8018911&quot;,
            &quot;version&quot;: &quot;::docker&quot;,
            &quot;url&quot;: &quot; &quot;
        }
    ]
}
13:15:16 INFO  Started operation: {'creationTime': '2022-06-29T13:15:16.513Z', 'deviceId': '20555342', 'deviceName': 'm32sd10d', 'self': 'https://t493319102.eu-latest.cumulocity.com/devicecontrol/operations/20610765', 'id': '20610765', 'status': 'PENDING', 'description': &quot;Apply software changes, triggered from PySys: [{'action': 'install', 'id': '5495053', 'name': 'apple', 'url': ' ', 'version': '::fruits'}, {'action': 'install', 'id': '5494888', 'name': 'banana', 'url': ' ', 'version': '::fruits'}, {'action': 'install', 'id': '5475369', 'name': 'asciijump', 'url': ' ', 'version': '::apt'}, {'action': 'install', 'id': '5495382', 'name': 'cherry', 'url': ' ', 'version': '::fruits'}, {'action': 'install', 'id': '8018911', 'name': 'registry', 'url': ' ', 'version': '::docker'}]&quot;, 'c8y_SoftwareUpdate': [{'name': 'apple', 'action': 'install', 'id': '5495053', 'version': '::fruits', 'url': ' '}, {'name': 'banana', 'action': 'install', 'id': '5494888', 'version': '::fruits', 'url': ' '}, {'name': 'asciijump', 'action': 'install', 'id': '5475369', 'version': '::apt', 'url': ' '}, {'name': 'cherry', 'action': 'install', 'id': '5495382', 'version': '::fruits', 'url': ' '}, {'name': 'registry', 'action': 'install', 'id': '8018911', 'version': '::docker', 'url': ' '}]}
13:15:18 INFO  State of operation 20610765 : PENDING
13:15:21 INFO  State of operation 20610765 : EXECUTING
13:15:23 INFO  State of operation 20610765 : EXECUTING
13:15:25 INFO  State of operation 20610765 : EXECUTING
13:15:27 INFO  State of operation 20610765 : EXECUTING
13:15:29 INFO  State of operation 20610765 : EXECUTING
13:15:32 INFO  State of operation 20610765 : EXECUTING
13:15:35 INFO  State of operation 20610765 : EXECUTING
13:15:37 INFO  State of operation 20610765 : EXECUTING
13:15:40 INFO  State of operation 20610765 : EXECUTING
13:15:42 INFO  State of operation 20610765 : EXECUTING
13:15:44 INFO  State of operation 20610765 : EXECUTING
13:15:47 INFO  State of operation 20610765 : EXECUTING
13:15:49 INFO  State of operation 20610765 : EXECUTING
13:15:51 INFO  State of operation 20610765 : EXECUTING
13:15:53 INFO  State of operation 20610765 : EXECUTING
13:15:55 INFO  State of operation 20610765 : EXECUTING
13:15:58 INFO  State of operation 20610765 : EXECUTING
13:16:00 INFO  State of operation 20610765 : EXECUTING
13:16:02 INFO  State of operation 20610765 : EXECUTING
13:16:05 INFO  State of operation 20610765 : EXECUTING
13:16:07 INFO  State of operation 20610765 : EXECUTING
13:16:09 INFO  State of operation 20610765 : EXECUTING
13:16:11 INFO  State of operation 20610765 : EXECUTING
13:16:14 INFO  State of operation 20610765 : EXECUTING
13:16:16 INFO  State of operation 20610765 : SUCCESSFUL
13:16:16 INFO  Package apple is installed
13:16:16 INFO  Assert that (True == value) with value=True ... passed
13:16:16 INFO  Package banana is installed
13:16:16 INFO  Assert that (True == value) with value=True ... passed
13:16:17 INFO  Package cherry is installed
13:16:17 INFO  Assert that (True == value) with value=True ... passed
13:16:17 INFO  Package asciijump is installed
13:16:17 INFO  Assert that (True == value) with value=True ... passed
13:16:17 INFO  Package registry is installed
13:16:17 INFO  Assert that (True == value) with value=True ... passed
13:16:17 INFO  Response status: 201
13:16:17 INFO  Response to action: {
    &quot;creationTime&quot;: &quot;2022-06-29T13:16:17.693Z&quot;,
    &quot;deviceId&quot;: &quot;20555342&quot;,
    &quot;deviceName&quot;: &quot;m32sd10d&quot;,
    &quot;self&quot;: &quot;https://t493319102.eu-latest.cumulocity.com/devicecontrol/operations/20610775&quot;,
    &quot;id&quot;: &quot;20610775&quot;,
    &quot;status&quot;: &quot;PENDING&quot;,
    &quot;description&quot;: &quot;Apply software changes, triggered from PySys: [{'action': 'delete', 'id': '5495053', 'name': 'apple', 'url': ' ', 'version': '::fruits'}, {'action': 'delete', 'id': '5494888', 'name': 'banana', 'url': ' ', 'version': '::fruits'}, {'action': 'delete', 'id': '5475369', 'name': 'asciijump', 'url': ' ', 'version': '::apt'}, {'action': 'delete', 'id': '5495382', 'name': 'cherry', 'url': ' ', 'version': '::fruits'}, {'action': 'delete', 'id': '8018911', 'name': 'registry', 'url': ' ', 'version': '::docker'}]&quot;,
    &quot;c8y_SoftwareUpdate&quot;: [
        {
            &quot;name&quot;: &quot;apple&quot;,
            &quot;action&quot;: &quot;delete&quot;,
            &quot;id&quot;: &quot;5495053&quot;,
            &quot;version&quot;: &quot;::fruits&quot;,
            &quot;url&quot;: &quot; &quot;
        },
        {
            &quot;name&quot;: &quot;banana&quot;,
            &quot;action&quot;: &quot;delete&quot;,
            &quot;id&quot;: &quot;5494888&quot;,
            &quot;version&quot;: &quot;::fruits&quot;,
            &quot;url&quot;: &quot; &quot;
        },
        {
            &quot;name&quot;: &quot;asciijump&quot;,
            &quot;action&quot;: &quot;delete&quot;,
            &quot;id&quot;: &quot;5475369&quot;,
            &quot;version&quot;: &quot;::apt&quot;,
            &quot;url&quot;: &quot; &quot;
        },
        {
            &quot;name&quot;: &quot;cherry&quot;,
            &quot;action&quot;: &quot;delete&quot;,
            &quot;id&quot;: &quot;5495382&quot;,
            &quot;version&quot;: &quot;::fruits&quot;,
            &quot;url&quot;: &quot; &quot;
        },
        {
            &quot;name&quot;: &quot;registry&quot;,
            &quot;action&quot;: &quot;delete&quot;,
            &quot;id&quot;: &quot;8018911&quot;,
            &quot;version&quot;: &quot;::docker&quot;,
            &quot;url&quot;: &quot; &quot;
        }
    ]
}
13:16:17 INFO  Started operation: {'creationTime': '2022-06-29T13:16:17.693Z', 'deviceId': '20555342', 'deviceName': 'm32sd10d', 'self': 'https://t493319102.eu-latest.cumulocity.com/devicecontrol/operations/20610775', 'id': '20610775', 'status': 'PENDING', 'description': &quot;Apply software changes, triggered from PySys: [{'action': 'delete', 'id': '5495053', 'name': 'apple', 'url': ' ', 'version': '::fruits'}, {'action': 'delete', 'id': '5494888', 'name': 'banana', 'url': ' ', 'version': '::fruits'}, {'action': 'delete', 'id': '5475369', 'name': 'asciijump', 'url': ' ', 'version': '::apt'}, {'action': 'delete', 'id': '5495382', 'name': 'cherry', 'url': ' ', 'version': '::fruits'}, {'action': 'delete', 'id': '8018911', 'name': 'registry', 'url': ' ', 'version': '::docker'}]&quot;, 'c8y_SoftwareUpdate': [{'name': 'apple', 'action': 'delete', 'id': '5495053', 'version': '::fruits', 'url': ' '}, {'name': 'banana', 'action': 'delete', 'id': '5494888', 'version': '::fruits', 'url': ' '}, {'name': 'asciijump', 'action': 'delete', 'id': '5475369', 'version': '::apt', 'url': ' '}, {'name': 'cherry', 'action': 'delete', 'id': '5495382', 'version': '::fruits', 'url': ' '}, {'name': 'registry', 'action': 'delete', 'id': '8018911', 'version': '::docker', 'url': ' '}]}
13:16:19 INFO  State of operation 20610775 : PENDING
13:16:22 INFO  State of operation 20610775 : EXECUTING
13:16:24 INFO  State of operation 20610775 : EXECUTING
13:16:26 INFO  State of operation 20610775 : EXECUTING
13:16:28 INFO  State of operation 20610775 : EXECUTING
13:16:31 INFO  State of operation 20610775 : EXECUTING
13:16:33 INFO  State of operation 20610775 : EXECUTING
13:16:37 INFO  State of operation 20610775 : EXECUTING
13:16:39 INFO  State of operation 20610775 : EXECUTING
13:16:42 INFO  State of operation 20610775 : EXECUTING
13:16:44 INFO  State of operation 20610775 : EXECUTING
13:16:46 INFO  State of operation 20610775 : EXECUTING
13:16:49 INFO  State of operation 20610775 : EXECUTING
13:16:51 INFO  State of operation 20610775 : EXECUTING
13:16:53 INFO  State of operation 20610775 : EXECUTING
13:16:56 INFO  State of operation 20610775 : EXECUTING
13:16:58 INFO  State of operation 20610775 : EXECUTING
13:17:01 INFO  State of operation 20610775 : EXECUTING
13:17:03 INFO  State of operation 20610775 : EXECUTING
13:17:05 INFO  State of operation 20610775 : EXECUTING
13:17:07 INFO  State of operation 20610775 : EXECUTING
13:17:10 INFO  State of operation 20610775 : EXECUTING
13:17:13 INFO  State of operation 20610775 : EXECUTING
13:17:15 INFO  State of operation 20610775 : EXECUTING
13:17:17 INFO  State of operation 20610775 : EXECUTING
13:17:19 INFO  State of operation 20610775 : EXECUTING
13:17:22 INFO  State of operation 20610775 : EXECUTING
13:17:24 INFO  State of operation 20610775 : EXECUTING
13:17:26 INFO  State of operation 20610775 : EXECUTING
13:17:29 INFO  State of operation 20610775 : SUCCESSFUL
13:17:29 INFO  Package apple is installed
13:17:29 INFO  Assert that (True == value) with value=True ... passed
13:17:29 INFO  Package banana is installed
13:17:29 INFO  Assert that (True == value) with value=True ... passed
13:17:29 INFO  Package cherry is installed
13:17:29 INFO  Assert that (True == value) with value=True ... passed
13:17:29 INFO  Assert that (False == value) with value=False ... passed
13:17:30 INFO  Assert that (False == value) with value=False ... passed
13:17:30 INFO  
13:17:30 INFO  cleanup:
13:17:34 INFO  Executed sudo&lt;tedge_disconnect_c8y&gt;, exit status 0
13:17:34 INFO  Executed systemctl&lt;serv_mapper5&gt;, exit status 3
13:17:34 INFO  
13:17:34 INFO  Test duration: 164.31 secs
13:17:34 INFO  Test final outcome:  FAILED
13:17:34 INFO  Test outcome reason: Assert that (False == value) with value=True
13:17:34 INFO  
</system-out>
	</testcase>
</testsuite>
