<?xml version="1.0" encoding="utf-8"?>
<testsuite failures="1" name="SoftwareManagement.sm_mixed_install_remove_multiple" skipped="0" tests="1" time="165.75" timestamp="2022-06-10T10:35:47">
	<testcase classname="PySysTest" name="SoftwareManagement.sm_mixed_install_remove_multiple">
		<failure message="FAILED: Assert that (False == value) with value=True" type="FAILED"/>
		<system-out>10:33:01 INFO  ==============================================================
10:33:01 INFO  Id:    SoftwareManagement.sm_mixed_install_remove_multiple
10:33:01 INFO  Dir:   software_management_end_to_end/
10:33:01 INFO  Title: Validate end to end behaviour for the dummy-plugin for multiple packages with mixed versions
10:33:01 INFO  ==============================================================
10:33:01 INFO  Using sw id database: {'asciijump': '5475369', 'robotfindskitten': '5474869', 'squirrel3': '5475279', 'rolldice': '5152439', 'moon-buggy': '5439204', 'apple': '5495053', 'banana': '5494888', 'cherry': '5495382', 'watermelon': '5494510', 'registry': '8018911', 'hello-world': '8021526', 'docker/getting-started': '8021973', 'alpine': '7991792'}
10:33:01 INFO  EnvironmentC8y Setup
10:33:02 INFO  Executed systemctl&lt;serv_mapper1&gt;, exit status 3
10:33:02 INFO  Restarting mosquitto too frequently in the last 10 seconds. It was only up for 5 seconds
10:33:02 INFO  Delaying execution by 6 seconds
10:33:22 INFO  Executed sudo&lt;tedge_connect_c8y&gt;, exit status 0, duration 14 secs
10:33:22 INFO  Executed sudo&lt;tedge_connect_c8y_test&gt;, exit status 0
10:33:23 INFO  Executed systemctl&lt;serv_mosq2&gt;, exit status 0
10:33:23 INFO  Executed systemctl&lt;serv_mapper3&gt;, exit status 0
10:33:26 INFO  State of current operation: SUCCESSFUL
10:33:26 INFO  Package apple is installed
10:33:26 INFO  Assert that (True == value) with value=True ... passed
10:33:26 INFO  Package banana is installed
10:33:26 INFO  Assert that (True == value) with value=True ... passed
10:33:26 INFO  Package cherry is installed
10:33:26 INFO  Assert that (True == value) with value=True ... passed
10:33:27 INFO  Package asciijump is installed
10:33:27 WARN  Assert that (False == value) with value=True ... failed 
10:33:27 INFO  Assert that (False == value) with value=False ... passed
10:33:27 INFO  Response status: 201
10:33:27 INFO  Response to action: {
    &quot;creationTime&quot;: &quot;2022-06-10T10:33:27.463Z&quot;,
    &quot;deviceId&quot;: &quot;20113552&quot;,
    &quot;deviceName&quot;: &quot;m32sd10d&quot;,
    &quot;self&quot;: &quot;https://t493319102.eu-latest.cumulocity.com/devicecontrol/operations/20124580&quot;,
    &quot;id&quot;: &quot;20124580&quot;,
    &quot;status&quot;: &quot;PENDING&quot;,
    &quot;description&quot;: &quot;Apply software changes, triggered from PySys: [{'action': 'install', 'id': '5495053', 'name': 'apple', 'url': ' ', 'version': '::fruits'}, {'action': 'install', 'id': '5494888', 'name': 'banana', 'url': ' ', 'version': '::fruits'}, {'action': 'install', 'id': '5475369', 'name': 'asciijump', 'url': ' ', 'version': '::apt'}, {'action': 'install', 'id': '5495382', 'name': 'cherry', 'url': ' ', 'version': '::fruits'}, {'action': 'install', 'id': '8018911', 'name': 'registry', 'url': ' ', 'version': '::docker'}]&quot;,
    &quot;c8y_SoftwareUpdate&quot;: [
        {
            &quot;name&quot;: &quot;apple&quot;,
            &quot;action&quot;: &quot;install&quot;,
            &quot;id&quot;: &quot;5495053&quot;,
            &quot;version&quot;: &quot;::fruits&quot;,
            &quot;url&quot;: &quot; &quot;
        },
        {
            &quot;name&quot;: &quot;banana&quot;,
            &quot;action&quot;: &quot;install&quot;,
            &quot;id&quot;: &quot;5494888&quot;,
            &quot;version&quot;: &quot;::fruits&quot;,
            &quot;url&quot;: &quot; &quot;
        },
        {
            &quot;name&quot;: &quot;asciijump&quot;,
            &quot;action&quot;: &quot;install&quot;,
            &quot;id&quot;: &quot;5475369&quot;,
            &quot;version&quot;: &quot;::apt&quot;,
            &quot;url&quot;: &quot; &quot;
        },
        {
            &quot;name&quot;: &quot;cherry&quot;,
            &quot;action&quot;: &quot;install&quot;,
            &quot;id&quot;: &quot;5495382&quot;,
            &quot;version&quot;: &quot;::fruits&quot;,
            &quot;url&quot;: &quot; &quot;
        },
        {
            &quot;name&quot;: &quot;registry&quot;,
            &quot;action&quot;: &quot;install&quot;,
            &quot;id&quot;: &quot;8018911&quot;,
            &quot;version&quot;: &quot;::docker&quot;,
            &quot;url&quot;: &quot; &quot;
        }
    ]
}
10:33:27 INFO  Started operation: {'creationTime': '2022-06-10T10:33:27.463Z', 'deviceId': '20113552', 'deviceName': 'm32sd10d', 'self': 'https://t493319102.eu-latest.cumulocity.com/devicecontrol/operations/20124580', 'id': '20124580', 'status': 'PENDING', 'description': &quot;Apply software changes, triggered from PySys: [{'action': 'install', 'id': '5495053', 'name': 'apple', 'url': ' ', 'version': '::fruits'}, {'action': 'install', 'id': '5494888', 'name': 'banana', 'url': ' ', 'version': '::fruits'}, {'action': 'install', 'id': '5475369', 'name': 'asciijump', 'url': ' ', 'version': '::apt'}, {'action': 'install', 'id': '5495382', 'name': 'cherry', 'url': ' ', 'version': '::fruits'}, {'action': 'install', 'id': '8018911', 'name': 'registry', 'url': ' ', 'version': '::docker'}]&quot;, 'c8y_SoftwareUpdate': [{'name': 'apple', 'action': 'install', 'id': '5495053', 'version': '::fruits', 'url': ' '}, {'name': 'banana', 'action': 'install', 'id': '5494888', 'version': '::fruits', 'url': ' '}, {'name': 'asciijump', 'action': 'install', 'id': '5475369', 'version': '::apt', 'url': ' '}, {'name': 'cherry', 'action': 'install', 'id': '5495382', 'version': '::fruits', 'url': ' '}, {'name': 'registry', 'action': 'install', 'id': '8018911', 'version': '::docker', 'url': ' '}]}
10:33:29 INFO  State of operation 20124580 : PENDING
10:33:31 INFO  State of operation 20124580 : EXECUTING
10:33:34 INFO  State of operation 20124580 : EXECUTING
10:33:36 INFO  State of operation 20124580 : EXECUTING
10:33:38 INFO  State of operation 20124580 : EXECUTING
10:33:40 INFO  State of operation 20124580 : EXECUTING
10:33:43 INFO  State of operation 20124580 : EXECUTING
10:33:46 INFO  State of operation 20124580 : EXECUTING
10:33:48 INFO  State of operation 20124580 : EXECUTING
10:33:50 INFO  State of operation 20124580 : EXECUTING
10:33:53 INFO  State of operation 20124580 : EXECUTING
10:33:55 INFO  State of operation 20124580 : EXECUTING
10:33:57 INFO  State of operation 20124580 : EXECUTING
10:33:59 INFO  State of operation 20124580 : EXECUTING
10:34:01 INFO  State of operation 20124580 : EXECUTING
10:34:04 INFO  State of operation 20124580 : EXECUTING
10:34:06 INFO  State of operation 20124580 : EXECUTING
10:34:08 INFO  State of operation 20124580 : EXECUTING
10:34:10 INFO  State of operation 20124580 : EXECUTING
10:34:13 INFO  State of operation 20124580 : EXECUTING
10:34:15 INFO  State of operation 20124580 : EXECUTING
10:34:17 INFO  State of operation 20124580 : EXECUTING
10:34:19 INFO  State of operation 20124580 : EXECUTING
10:34:22 INFO  State of operation 20124580 : EXECUTING
10:34:24 INFO  State of operation 20124580 : EXECUTING
10:34:26 INFO  State of operation 20124580 : SUCCESSFUL
10:34:26 INFO  Package apple is installed
10:34:26 INFO  Assert that (True == value) with value=True ... passed
10:34:27 INFO  Package banana is installed
10:34:27 INFO  Assert that (True == value) with value=True ... passed
10:34:27 INFO  Package cherry is installed
10:34:27 INFO  Assert that (True == value) with value=True ... passed
10:34:27 INFO  Package asciijump is installed
10:34:27 INFO  Assert that (True == value) with value=True ... passed
10:34:27 INFO  Package registry is installed
10:34:27 INFO  Assert that (True == value) with value=True ... passed
10:34:27 INFO  Response status: 201
10:34:27 INFO  Response to action: {
    &quot;creationTime&quot;: &quot;2022-06-10T10:34:27.911Z&quot;,
    &quot;deviceId&quot;: &quot;20113552&quot;,
    &quot;deviceName&quot;: &quot;m32sd10d&quot;,
    &quot;self&quot;: &quot;https://t493319102.eu-latest.cumulocity.com/devicecontrol/operations/20124603&quot;,
    &quot;id&quot;: &quot;20124603&quot;,
    &quot;status&quot;: &quot;PENDING&quot;,
    &quot;description&quot;: &quot;Apply software changes, triggered from PySys: [{'action': 'delete', 'id': '5495053', 'name': 'apple', 'url': ' ', 'version': '::fruits'}, {'action': 'delete', 'id': '5494888', 'name': 'banana', 'url': ' ', 'version': '::fruits'}, {'action': 'delete', 'id': '5475369', 'name': 'asciijump', 'url': ' ', 'version': '::apt'}, {'action': 'delete', 'id': '5495382', 'name': 'cherry', 'url': ' ', 'version': '::fruits'}, {'action': 'delete', 'id': '8018911', 'name': 'registry', 'url': ' ', 'version': '::docker'}]&quot;,
    &quot;c8y_SoftwareUpdate&quot;: [
        {
            &quot;name&quot;: &quot;apple&quot;,
            &quot;action&quot;: &quot;delete&quot;,
            &quot;id&quot;: &quot;5495053&quot;,
            &quot;version&quot;: &quot;::fruits&quot;,
            &quot;url&quot;: &quot; &quot;
        },
        {
            &quot;name&quot;: &quot;banana&quot;,
            &quot;action&quot;: &quot;delete&quot;,
            &quot;id&quot;: &quot;5494888&quot;,
            &quot;version&quot;: &quot;::fruits&quot;,
            &quot;url&quot;: &quot; &quot;
        },
        {
            &quot;name&quot;: &quot;asciijump&quot;,
            &quot;action&quot;: &quot;delete&quot;,
            &quot;id&quot;: &quot;5475369&quot;,
            &quot;version&quot;: &quot;::apt&quot;,
            &quot;url&quot;: &quot; &quot;
        },
        {
            &quot;name&quot;: &quot;cherry&quot;,
            &quot;action&quot;: &quot;delete&quot;,
            &quot;id&quot;: &quot;5495382&quot;,
            &quot;version&quot;: &quot;::fruits&quot;,
            &quot;url&quot;: &quot; &quot;
        },
        {
            &quot;name&quot;: &quot;registry&quot;,
            &quot;action&quot;: &quot;delete&quot;,
            &quot;id&quot;: &quot;8018911&quot;,
            &quot;version&quot;: &quot;::docker&quot;,
            &quot;url&quot;: &quot; &quot;
        }
    ]
}
10:34:27 INFO  Started operation: {'creationTime': '2022-06-10T10:34:27.911Z', 'deviceId': '20113552', 'deviceName': 'm32sd10d', 'self': 'https://t493319102.eu-latest.cumulocity.com/devicecontrol/operations/20124603', 'id': '20124603', 'status': 'PENDING', 'description': &quot;Apply software changes, triggered from PySys: [{'action': 'delete', 'id': '5495053', 'name': 'apple', 'url': ' ', 'version': '::fruits'}, {'action': 'delete', 'id': '5494888', 'name': 'banana', 'url': ' ', 'version': '::fruits'}, {'action': 'delete', 'id': '5475369', 'name': 'asciijump', 'url': ' ', 'version': '::apt'}, {'action': 'delete', 'id': '5495382', 'name': 'cherry', 'url': ' ', 'version': '::fruits'}, {'action': 'delete', 'id': '8018911', 'name': 'registry', 'url': ' ', 'version': '::docker'}]&quot;, 'c8y_SoftwareUpdate': [{'name': 'apple', 'action': 'delete', 'id': '5495053', 'version': '::fruits', 'url': ' '}, {'name': 'banana', 'action': 'delete', 'id': '5494888', 'version': '::fruits', 'url': ' '}, {'name': 'asciijump', 'action': 'delete', 'id': '5475369', 'version': '::apt', 'url': ' '}, {'name': 'cherry', 'action': 'delete', 'id': '5495382', 'version': '::fruits', 'url': ' '}, {'name': 'registry', 'action': 'delete', 'id': '8018911', 'version': '::docker', 'url': ' '}]}
10:34:30 INFO  State of operation 20124603 : PENDING
10:34:32 INFO  State of operation 20124603 : EXECUTING
10:34:34 INFO  State of operation 20124603 : EXECUTING
10:34:36 INFO  State of operation 20124603 : EXECUTING
10:34:39 INFO  State of operation 20124603 : EXECUTING
10:34:41 INFO  State of operation 20124603 : EXECUTING
10:34:44 INFO  State of operation 20124603 : EXECUTING
10:34:46 INFO  State of operation 20124603 : EXECUTING
10:34:49 INFO  State of operation 20124603 : EXECUTING
10:34:51 INFO  State of operation 20124603 : EXECUTING
10:34:53 INFO  State of operation 20124603 : EXECUTING
10:34:55 INFO  State of operation 20124603 : EXECUTING
10:34:58 INFO  State of operation 20124603 : EXECUTING
10:35:00 INFO  State of operation 20124603 : EXECUTING
10:35:02 INFO  State of operation 20124603 : EXECUTING
10:35:04 INFO  State of operation 20124603 : EXECUTING
10:35:09 INFO  State of operation 20124603 : EXECUTING
10:35:11 INFO  State of operation 20124603 : EXECUTING
10:35:13 INFO  State of operation 20124603 : EXECUTING
10:35:15 INFO  State of operation 20124603 : EXECUTING
10:35:18 INFO  State of operation 20124603 : EXECUTING
10:35:20 INFO  State of operation 20124603 : EXECUTING
10:35:23 INFO  State of operation 20124603 : EXECUTING
10:35:25 INFO  State of operation 20124603 : EXECUTING
10:35:27 INFO  State of operation 20124603 : EXECUTING
10:35:30 INFO  State of operation 20124603 : EXECUTING
10:35:32 INFO  State of operation 20124603 : EXECUTING
10:35:34 INFO  State of operation 20124603 : EXECUTING
10:35:36 INFO  State of operation 20124603 : EXECUTING
10:35:39 INFO  State of operation 20124603 : EXECUTING
10:35:41 INFO  State of operation 20124603 : SUCCESSFUL
10:35:41 INFO  Package apple is installed
10:35:41 INFO  Assert that (True == value) with value=True ... passed
10:35:41 INFO  Package banana is installed
10:35:41 INFO  Assert that (True == value) with value=True ... passed
10:35:42 INFO  Package cherry is installed
10:35:42 INFO  Assert that (True == value) with value=True ... passed
10:35:42 INFO  Assert that (False == value) with value=False ... passed
10:35:42 INFO  Assert that (False == value) with value=False ... passed
10:35:42 INFO  
10:35:42 INFO  cleanup:
10:35:46 INFO  Executed sudo&lt;tedge_disconnect_c8y&gt;, exit status 0
10:35:47 INFO  Executed systemctl&lt;serv_mapper5&gt;, exit status 3
10:35:47 INFO  
10:35:47 INFO  Test duration: 165.75 secs
10:35:47 INFO  Test final outcome:  FAILED
10:35:47 INFO  Test outcome reason: Assert that (False == value) with value=True
10:35:47 INFO  
</system-out>
	</testcase>
</testsuite>
