<?xml version="1.0" encoding="utf-8"?>
<testsuite failures="1" name="SoftwareManagement.sm_apt_install_remove_multiple" skipped="0" tests="1" time="138.24" timestamp="2022-06-16T15:18:00">
	<testcase classname="PySysTest" name="SoftwareManagement.sm_apt_install_remove_multiple">
		<failure message="FAILED: Assert that (False == value) with value=True (+2 other failures)" type="FAILED"/>
		<system-out>15:15:42 INFO  ==============================================================
15:15:42 INFO  Id:    SoftwareManagement.sm_apt_install_remove_multiple
15:15:42 INFO  Dir:   software_management_end_to_end/
15:15:42 INFO  Title: Validate end to end behaviour for the apt plugin for multiple packages
15:15:42 INFO  ==============================================================
15:15:42 INFO  Using sw id database: {'asciijump': '5475369', 'robotfindskitten': '5474869', 'squirrel3': '5475279', 'rolldice': '5152439', 'moon-buggy': '5439204', 'apple': '5495053', 'banana': '5494888', 'cherry': '5495382', 'watermelon': '5494510', 'registry': '8018911', 'hello-world': '8021526', 'docker/getting-started': '8021973', 'alpine': '7991792'}
15:15:42 INFO  EnvironmentC8y Setup
15:15:42 INFO  Executed systemctl&lt;serv_mapper1&gt;, exit status 3
15:15:42 INFO  Restarting mosquitto too frequently in the last 10 seconds. It was only up for 4 seconds
15:15:42 INFO  Delaying execution by 7 seconds
15:16:03 INFO  Executed sudo&lt;tedge_connect_c8y&gt;, exit status 0, duration 14 secs
15:16:04 INFO  Executed sudo&lt;tedge_connect_c8y_test&gt;, exit status 0
15:16:04 INFO  Executed systemctl&lt;serv_mosq2&gt;, exit status 0
15:16:05 INFO  Executed systemctl&lt;serv_mapper3&gt;, exit status 0
15:16:07 INFO  State of current operation: SUCCESSFUL
15:16:07 INFO  Assert that (False == value) with value=False ... passed
15:16:08 INFO  Package asciijump is installed
15:16:08 WARN  Assert that (False == value) with value=True ... failed 
15:16:08 INFO  Package squirrel3 is installed
15:16:08 WARN  Assert that (False == value) with value=True ... failed 
15:16:08 INFO  Package robotfindskitten is installed
15:16:08 WARN  Assert that (False == value) with value=True ... failed 
15:16:09 INFO  Response status: 201
15:16:09 INFO  Response to action: {
    &quot;creationTime&quot;: &quot;2022-06-16T15:16:09.122Z&quot;,
    &quot;deviceName&quot;: &quot;m32sd10d&quot;,
    &quot;deviceId&quot;: &quot;20232486&quot;,
    &quot;self&quot;: &quot;https://t493319102.eu-latest.cumulocity.com/devicecontrol/operations/20259583&quot;,
    &quot;id&quot;: &quot;20259583&quot;,
    &quot;status&quot;: &quot;PENDING&quot;,
    &quot;description&quot;: &quot;Apply software changes, triggered from PySys: [{'action': 'install', 'id': '5475369', 'name': 'asciijump', 'url': ' ', 'version': '::apt'}, {'action': 'install', 'id': '5474869', 'name': 'robotfindskitten', 'url': ' ', 'version': '::apt'}, {'action': 'install', 'id': '5475279', 'name': 'squirrel3', 'url': ' ', 'version': '::apt'}]&quot;,
    &quot;c8y_SoftwareUpdate&quot;: [
        {
            &quot;name&quot;: &quot;asciijump&quot;,
            &quot;action&quot;: &quot;install&quot;,
            &quot;id&quot;: &quot;5475369&quot;,
            &quot;version&quot;: &quot;::apt&quot;,
            &quot;url&quot;: &quot; &quot;
        },
        {
            &quot;name&quot;: &quot;robotfindskitten&quot;,
            &quot;action&quot;: &quot;install&quot;,
            &quot;id&quot;: &quot;5474869&quot;,
            &quot;version&quot;: &quot;::apt&quot;,
            &quot;url&quot;: &quot; &quot;
        },
        {
            &quot;name&quot;: &quot;squirrel3&quot;,
            &quot;action&quot;: &quot;install&quot;,
            &quot;id&quot;: &quot;5475279&quot;,
            &quot;version&quot;: &quot;::apt&quot;,
            &quot;url&quot;: &quot; &quot;
        }
    ]
}
15:16:09 INFO  Started operation: {'creationTime': '2022-06-16T15:16:09.122Z', 'deviceName': 'm32sd10d', 'deviceId': '20232486', 'self': 'https://t493319102.eu-latest.cumulocity.com/devicecontrol/operations/20259583', 'id': '20259583', 'status': 'PENDING', 'description': &quot;Apply software changes, triggered from PySys: [{'action': 'install', 'id': '5475369', 'name': 'asciijump', 'url': ' ', 'version': '::apt'}, {'action': 'install', 'id': '5474869', 'name': 'robotfindskitten', 'url': ' ', 'version': '::apt'}, {'action': 'install', 'id': '5475279', 'name': 'squirrel3', 'url': ' ', 'version': '::apt'}]&quot;, 'c8y_SoftwareUpdate': [{'name': 'asciijump', 'action': 'install', 'id': '5475369', 'version': '::apt', 'url': ' '}, {'name': 'robotfindskitten', 'action': 'install', 'id': '5474869', 'version': '::apt', 'url': ' '}, {'name': 'squirrel3', 'action': 'install', 'id': '5475279', 'version': '::apt', 'url': ' '}]}
15:16:11 INFO  State of operation 20259583 : PENDING
15:16:13 INFO  State of operation 20259583 : EXECUTING
15:16:15 INFO  State of operation 20259583 : EXECUTING
15:16:18 INFO  State of operation 20259583 : EXECUTING
15:16:20 INFO  State of operation 20259583 : EXECUTING
15:16:22 INFO  State of operation 20259583 : EXECUTING
15:16:25 INFO  State of operation 20259583 : EXECUTING
15:16:27 INFO  State of operation 20259583 : EXECUTING
15:16:30 INFO  State of operation 20259583 : EXECUTING
15:16:32 INFO  State of operation 20259583 : EXECUTING
15:16:35 INFO  State of operation 20259583 : EXECUTING
15:16:37 INFO  State of operation 20259583 : EXECUTING
15:16:39 INFO  State of operation 20259583 : EXECUTING
15:16:41 INFO  State of operation 20259583 : EXECUTING
15:16:44 INFO  State of operation 20259583 : EXECUTING
15:16:46 INFO  State of operation 20259583 : SUCCESSFUL
15:16:46 INFO  Assert that (False == value) with value=False ... passed
15:16:46 INFO  Package asciijump is installed
15:16:46 INFO  Assert that (True == value) with value=True ... passed
15:16:46 INFO  Package squirrel3 is installed
15:16:46 INFO  Assert that (True == value) with value=True ... passed
15:16:47 INFO  Package robotfindskitten is installed
15:16:47 INFO  Assert that (True == value) with value=True ... passed
15:16:47 INFO  Response status: 201
15:16:47 INFO  Response to action: {
    &quot;creationTime&quot;: &quot;2022-06-16T15:16:47.380Z&quot;,
    &quot;deviceName&quot;: &quot;m32sd10d&quot;,
    &quot;deviceId&quot;: &quot;20232486&quot;,
    &quot;self&quot;: &quot;https://t493319102.eu-latest.cumulocity.com/devicecontrol/operations/20259591&quot;,
    &quot;id&quot;: &quot;20259591&quot;,
    &quot;status&quot;: &quot;PENDING&quot;,
    &quot;description&quot;: &quot;Apply software changes, triggered from PySys: [{'action': 'delete', 'id': '5475369', 'name': 'asciijump', 'url': ' ', 'version': '::apt'}, {'action': 'delete', 'id': '5474869', 'name': 'robotfindskitten', 'url': ' ', 'version': '::apt'}, {'action': 'delete', 'id': '5475279', 'name': 'squirrel3', 'url': ' ', 'version': '::apt'}]&quot;,
    &quot;c8y_SoftwareUpdate&quot;: [
        {
            &quot;name&quot;: &quot;asciijump&quot;,
            &quot;action&quot;: &quot;delete&quot;,
            &quot;id&quot;: &quot;5475369&quot;,
            &quot;version&quot;: &quot;::apt&quot;,
            &quot;url&quot;: &quot; &quot;
        },
        {
            &quot;name&quot;: &quot;robotfindskitten&quot;,
            &quot;action&quot;: &quot;delete&quot;,
            &quot;id&quot;: &quot;5474869&quot;,
            &quot;version&quot;: &quot;::apt&quot;,
            &quot;url&quot;: &quot; &quot;
        },
        {
            &quot;name&quot;: &quot;squirrel3&quot;,
            &quot;action&quot;: &quot;delete&quot;,
            &quot;id&quot;: &quot;5475279&quot;,
            &quot;version&quot;: &quot;::apt&quot;,
            &quot;url&quot;: &quot; &quot;
        }
    ]
}
15:16:47 INFO  Started operation: {'creationTime': '2022-06-16T15:16:47.380Z', 'deviceName': 'm32sd10d', 'deviceId': '20232486', 'self': 'https://t493319102.eu-latest.cumulocity.com/devicecontrol/operations/20259591', 'id': '20259591', 'status': 'PENDING', 'description': &quot;Apply software changes, triggered from PySys: [{'action': 'delete', 'id': '5475369', 'name': 'asciijump', 'url': ' ', 'version': '::apt'}, {'action': 'delete', 'id': '5474869', 'name': 'robotfindskitten', 'url': ' ', 'version': '::apt'}, {'action': 'delete', 'id': '5475279', 'name': 'squirrel3', 'url': ' ', 'version': '::apt'}]&quot;, 'c8y_SoftwareUpdate': [{'name': 'asciijump', 'action': 'delete', 'id': '5475369', 'version': '::apt', 'url': ' '}, {'name': 'robotfindskitten', 'action': 'delete', 'id': '5474869', 'version': '::apt', 'url': ' '}, {'name': 'squirrel3', 'action': 'delete', 'id': '5475279', 'version': '::apt', 'url': ' '}]}
15:16:49 INFO  State of operation 20259591 : PENDING
15:16:51 INFO  State of operation 20259591 : EXECUTING
15:16:54 INFO  State of operation 20259591 : EXECUTING
15:16:56 INFO  State of operation 20259591 : EXECUTING
15:16:58 INFO  State of operation 20259591 : EXECUTING
15:17:00 INFO  State of operation 20259591 : EXECUTING
15:17:03 INFO  State of operation 20259591 : EXECUTING
15:17:06 INFO  State of operation 20259591 : EXECUTING
15:17:08 INFO  State of operation 20259591 : EXECUTING
15:17:11 INFO  State of operation 20259591 : EXECUTING
15:17:13 INFO  State of operation 20259591 : EXECUTING
15:17:15 INFO  State of operation 20259591 : EXECUTING
15:17:17 INFO  State of operation 20259591 : EXECUTING
15:17:20 INFO  State of operation 20259591 : EXECUTING
15:17:22 INFO  State of operation 20259591 : EXECUTING
15:17:24 INFO  State of operation 20259591 : EXECUTING
15:17:26 INFO  State of operation 20259591 : EXECUTING
15:17:29 INFO  State of operation 20259591 : EXECUTING
15:17:31 INFO  State of operation 20259591 : EXECUTING
15:17:34 INFO  State of operation 20259591 : EXECUTING
15:17:36 INFO  State of operation 20259591 : EXECUTING
15:17:38 INFO  State of operation 20259591 : EXECUTING
15:17:40 INFO  State of operation 20259591 : EXECUTING
15:17:43 INFO  State of operation 20259591 : EXECUTING
15:17:45 INFO  State of operation 20259591 : EXECUTING
15:17:47 INFO  State of operation 20259591 : EXECUTING
15:17:50 INFO  State of operation 20259591 : EXECUTING
15:17:52 INFO  State of operation 20259591 : EXECUTING
15:17:54 INFO  State of operation 20259591 : SUCCESSFUL
15:17:55 INFO  Assert that (False == value) with value=False ... passed
15:17:55 INFO  Assert that (False == value) with value=False ... passed
15:17:55 INFO  Assert that (False == value) with value=False ... passed
15:17:55 INFO  Assert that (False == value) with value=False ... passed
15:17:55 INFO  
15:17:55 INFO  cleanup:
15:17:59 INFO  Executed sudo&lt;tedge_disconnect_c8y&gt;, exit status 0
15:18:00 INFO  Executed systemctl&lt;serv_mapper5&gt;, exit status 3
15:18:00 INFO  
15:18:00 INFO  Test duration: 138.24 secs
15:18:00 INFO  Test final outcome:  FAILED
15:18:00 INFO  Test outcome reason: Assert that (False == value) with value=True (+2 other failures)
15:18:00 INFO  
</system-out>
	</testcase>
</testsuite>
