<?xml version="1.0" encoding="utf-8"?>
<testsuite failures="1" name="SoftwareManagement.sm_apt_install_remove_multiple" skipped="0" tests="1" time="182.4" timestamp="2022-07-22T10:21:32">
	<testcase classname="PySysTest" name="SoftwareManagement.sm_apt_install_remove_multiple">
		<failure message="FAILED: Assert that (False == value) with value=True" type="FAILED"/>
		<system-out>10:18:29 INFO  ==============================================================
10:18:29 INFO  Id:    SoftwareManagement.sm_apt_install_remove_multiple
10:18:29 INFO  Dir:   software_management_end_to_end/
10:18:29 INFO  Title: Validate end to end behaviour for the apt plugin for multiple packages
10:18:29 INFO  ==============================================================
10:18:29 INFO  Using sw id database: {'asciijump': '5475369', 'robotfindskitten': '5474869', 'squirrel3': '5475279', 'rolldice': '5152439', 'moon-buggy': '5439204', 'apple': '5495053', 'banana': '5494888', 'cherry': '5495382', 'watermelon': '5494510', 'registry': '8018911', 'hello-world': '8021526', 'docker/getting-started': '8021973', 'alpine': '7991792'}
10:18:29 INFO  EnvironmentC8y Setup
10:18:30 INFO  Executed systemctl&lt;serv_mapper1&gt;, exit status 3
10:18:30 INFO  Restarting mosquitto too frequently in the last 10 seconds. It was only up for 5 seconds
10:18:30 INFO  Delaying execution by 6 seconds
10:18:50 INFO  Executed sudo&lt;tedge_connect_c8y&gt;, exit status 0, duration 13 secs
10:18:51 INFO  Executed sudo&lt;tedge_connect_c8y_test&gt;, exit status 0
10:18:51 INFO  Executed systemctl&lt;serv_mosq2&gt;, exit status 0
10:18:52 INFO  Executed systemctl&lt;serv_mapper3&gt;, exit status 0
10:18:54 INFO  State of current operation: SUCCESSFUL
10:18:54 INFO  Assert that (False == value) with value=False ... passed
10:18:54 INFO  Assert that (False == value) with value=False ... passed
10:18:55 INFO  Assert that (False == value) with value=False ... passed
10:18:55 INFO  Package robotfindskitten is installed
10:18:55 WARN  Assert that (False == value) with value=True ... failed 
10:18:55 INFO  Response status: 201
10:18:55 INFO  Response to action: {
    &quot;creationTime&quot;: &quot;2022-07-22T10:18:55.823Z&quot;,
    &quot;deviceId&quot;: &quot;21261801&quot;,
    &quot;deviceName&quot;: &quot;m32sd10d&quot;,
    &quot;self&quot;: &quot;https://t493319102.eu-latest.cumulocity.com/devicecontrol/operations/21274904&quot;,
    &quot;id&quot;: &quot;21274904&quot;,
    &quot;status&quot;: &quot;PENDING&quot;,
    &quot;description&quot;: &quot;Apply software changes, triggered from PySys: [{'action': 'install', 'id': '5475369', 'name': 'asciijump', 'url': ' ', 'version': '::apt'}, {'action': 'install', 'id': '5474869', 'name': 'robotfindskitten', 'url': ' ', 'version': '::apt'}, {'action': 'install', 'id': '5475279', 'name': 'squirrel3', 'url': ' ', 'version': '::apt'}]&quot;,
    &quot;c8y_SoftwareUpdate&quot;: [
        {
            &quot;name&quot;: &quot;asciijump&quot;,
            &quot;action&quot;: &quot;install&quot;,
            &quot;id&quot;: &quot;5475369&quot;,
            &quot;version&quot;: &quot;::apt&quot;,
            &quot;url&quot;: &quot; &quot;
        },
        {
            &quot;name&quot;: &quot;robotfindskitten&quot;,
            &quot;action&quot;: &quot;install&quot;,
            &quot;id&quot;: &quot;5474869&quot;,
            &quot;version&quot;: &quot;::apt&quot;,
            &quot;url&quot;: &quot; &quot;
        },
        {
            &quot;name&quot;: &quot;squirrel3&quot;,
            &quot;action&quot;: &quot;install&quot;,
            &quot;id&quot;: &quot;5475279&quot;,
            &quot;version&quot;: &quot;::apt&quot;,
            &quot;url&quot;: &quot; &quot;
        }
    ]
}
10:18:55 INFO  Started operation: {'creationTime': '2022-07-22T10:18:55.823Z', 'deviceId': '21261801', 'deviceName': 'm32sd10d', 'self': 'https://t493319102.eu-latest.cumulocity.com/devicecontrol/operations/21274904', 'id': '21274904', 'status': 'PENDING', 'description': &quot;Apply software changes, triggered from PySys: [{'action': 'install', 'id': '5475369', 'name': 'asciijump', 'url': ' ', 'version': '::apt'}, {'action': 'install', 'id': '5474869', 'name': 'robotfindskitten', 'url': ' ', 'version': '::apt'}, {'action': 'install', 'id': '5475279', 'name': 'squirrel3', 'url': ' ', 'version': '::apt'}]&quot;, 'c8y_SoftwareUpdate': [{'name': 'asciijump', 'action': 'install', 'id': '5475369', 'version': '::apt', 'url': ' '}, {'name': 'robotfindskitten', 'action': 'install', 'id': '5474869', 'version': '::apt', 'url': ' '}, {'name': 'squirrel3', 'action': 'install', 'id': '5475279', 'version': '::apt', 'url': ' '}]}
10:18:58 INFO  State of operation 21274904 : PENDING
10:19:00 INFO  State of operation 21274904 : EXECUTING
10:19:02 INFO  State of operation 21274904 : EXECUTING
10:19:04 INFO  State of operation 21274904 : EXECUTING
10:19:06 INFO  State of operation 21274904 : EXECUTING
10:19:09 INFO  State of operation 21274904 : EXECUTING
10:19:12 INFO  State of operation 21274904 : EXECUTING
10:19:15 INFO  State of operation 21274904 : EXECUTING
10:19:17 INFO  State of operation 21274904 : EXECUTING
10:19:19 INFO  State of operation 21274904 : EXECUTING
10:19:22 INFO  State of operation 21274904 : EXECUTING
10:19:24 INFO  State of operation 21274904 : EXECUTING
10:19:26 INFO  State of operation 21274904 : EXECUTING
10:19:28 INFO  State of operation 21274904 : EXECUTING
10:19:31 INFO  State of operation 21274904 : EXECUTING
10:19:33 INFO  State of operation 21274904 : EXECUTING
10:19:35 INFO  State of operation 21274904 : EXECUTING
10:19:38 INFO  State of operation 21274904 : EXECUTING
10:19:40 INFO  State of operation 21274904 : EXECUTING
10:19:42 INFO  State of operation 21274904 : EXECUTING
10:19:45 INFO  State of operation 21274904 : EXECUTING
10:19:47 INFO  State of operation 21274904 : EXECUTING
10:19:49 INFO  State of operation 21274904 : EXECUTING
10:19:51 INFO  State of operation 21274904 : EXECUTING
10:19:54 INFO  State of operation 21274904 : EXECUTING
10:19:56 INFO  State of operation 21274904 : EXECUTING
10:19:59 INFO  State of operation 21274904 : EXECUTING
10:20:01 INFO  State of operation 21274904 : EXECUTING
10:20:03 INFO  State of operation 21274904 : EXECUTING
10:20:06 INFO  State of operation 21274904 : EXECUTING
10:20:08 INFO  State of operation 21274904 : EXECUTING
10:20:10 INFO  State of operation 21274904 : EXECUTING
10:20:13 INFO  State of operation 21274904 : EXECUTING
10:20:15 INFO  State of operation 21274904 : EXECUTING
10:20:17 INFO  State of operation 21274904 : EXECUTING
10:20:19 INFO  State of operation 21274904 : SUCCESSFUL
10:20:19 INFO  Assert that (False == value) with value=False ... passed
10:20:20 INFO  Package asciijump is installed
10:20:20 INFO  Assert that (True == value) with value=True ... passed
10:20:20 INFO  Package squirrel3 is installed
10:20:20 INFO  Assert that (True == value) with value=True ... passed
10:20:20 INFO  Package robotfindskitten is installed
10:20:20 INFO  Assert that (True == value) with value=True ... passed
10:20:20 INFO  Response status: 201
10:20:20 INFO  Response to action: {
    &quot;creationTime&quot;: &quot;2022-07-22T10:20:20.843Z&quot;,
    &quot;deviceId&quot;: &quot;21261801&quot;,
    &quot;deviceName&quot;: &quot;m32sd10d&quot;,
    &quot;self&quot;: &quot;https://t493319102.eu-latest.cumulocity.com/devicecontrol/operations/21274922&quot;,
    &quot;id&quot;: &quot;21274922&quot;,
    &quot;status&quot;: &quot;PENDING&quot;,
    &quot;description&quot;: &quot;Apply software changes, triggered from PySys: [{'action': 'delete', 'id': '5475369', 'name': 'asciijump', 'url': ' ', 'version': '::apt'}, {'action': 'delete', 'id': '5474869', 'name': 'robotfindskitten', 'url': ' ', 'version': '::apt'}, {'action': 'delete', 'id': '5475279', 'name': 'squirrel3', 'url': ' ', 'version': '::apt'}]&quot;,
    &quot;c8y_SoftwareUpdate&quot;: [
        {
            &quot;name&quot;: &quot;asciijump&quot;,
            &quot;action&quot;: &quot;delete&quot;,
            &quot;id&quot;: &quot;5475369&quot;,
            &quot;version&quot;: &quot;::apt&quot;,
            &quot;url&quot;: &quot; &quot;
        },
        {
            &quot;name&quot;: &quot;robotfindskitten&quot;,
            &quot;action&quot;: &quot;delete&quot;,
            &quot;id&quot;: &quot;5474869&quot;,
            &quot;version&quot;: &quot;::apt&quot;,
            &quot;url&quot;: &quot; &quot;
        },
        {
            &quot;name&quot;: &quot;squirrel3&quot;,
            &quot;action&quot;: &quot;delete&quot;,
            &quot;id&quot;: &quot;5475279&quot;,
            &quot;version&quot;: &quot;::apt&quot;,
            &quot;url&quot;: &quot; &quot;
        }
    ]
}
10:20:20 INFO  Started operation: {'creationTime': '2022-07-22T10:20:20.843Z', 'deviceId': '21261801', 'deviceName': 'm32sd10d', 'self': 'https://t493319102.eu-latest.cumulocity.com/devicecontrol/operations/21274922', 'id': '21274922', 'status': 'PENDING', 'description': &quot;Apply software changes, triggered from PySys: [{'action': 'delete', 'id': '5475369', 'name': 'asciijump', 'url': ' ', 'version': '::apt'}, {'action': 'delete', 'id': '5474869', 'name': 'robotfindskitten', 'url': ' ', 'version': '::apt'}, {'action': 'delete', 'id': '5475279', 'name': 'squirrel3', 'url': ' ', 'version': '::apt'}]&quot;, 'c8y_SoftwareUpdate': [{'name': 'asciijump', 'action': 'delete', 'id': '5475369', 'version': '::apt', 'url': ' '}, {'name': 'robotfindskitten', 'action': 'delete', 'id': '5474869', 'version': '::apt', 'url': ' '}, {'name': 'squirrel3', 'action': 'delete', 'id': '5475279', 'version': '::apt', 'url': ' '}]}
10:20:23 INFO  State of operation 21274922 : PENDING
10:20:25 INFO  State of operation 21274922 : EXECUTING
10:20:27 INFO  State of operation 21274922 : EXECUTING
10:20:29 INFO  State of operation 21274922 : EXECUTING
10:20:32 INFO  State of operation 21274922 : EXECUTING
10:20:34 INFO  State of operation 21274922 : EXECUTING
10:20:37 INFO  State of operation 21274922 : EXECUTING
10:20:40 INFO  State of operation 21274922 : EXECUTING
10:20:42 INFO  State of operation 21274922 : EXECUTING
10:20:44 INFO  State of operation 21274922 : EXECUTING
10:20:47 INFO  State of operation 21274922 : EXECUTING
10:20:49 INFO  State of operation 21274922 : EXECUTING
10:20:51 INFO  State of operation 21274922 : EXECUTING
10:20:53 INFO  State of operation 21274922 : EXECUTING
10:20:56 INFO  State of operation 21274922 : EXECUTING
10:20:58 INFO  State of operation 21274922 : EXECUTING
10:21:00 INFO  State of operation 21274922 : EXECUTING
10:21:03 INFO  State of operation 21274922 : EXECUTING
10:21:06 INFO  State of operation 21274922 : EXECUTING
10:21:08 INFO  State of operation 21274922 : EXECUTING
10:21:10 INFO  State of operation 21274922 : EXECUTING
10:21:12 INFO  State of operation 21274922 : EXECUTING
10:21:14 INFO  State of operation 21274922 : EXECUTING
10:21:17 INFO  State of operation 21274922 : EXECUTING
10:21:20 INFO  State of operation 21274922 : EXECUTING
10:21:22 INFO  State of operation 21274922 : EXECUTING
10:21:24 INFO  State of operation 21274922 : EXECUTING
10:21:26 INFO  State of operation 21274922 : SUCCESSFUL
10:21:27 INFO  Assert that (False == value) with value=False ... passed
10:21:27 INFO  Assert that (False == value) with value=False ... passed
10:21:27 INFO  Assert that (False == value) with value=False ... passed
10:21:27 INFO  Assert that (False == value) with value=False ... passed
10:21:27 INFO  
10:21:27 INFO  cleanup:
10:21:31 INFO  Executed sudo&lt;tedge_disconnect_c8y&gt;, exit status 0
10:21:32 INFO  Executed systemctl&lt;serv_mapper5&gt;, exit status 3
10:21:32 INFO  
10:21:32 INFO  Test duration: 182.40 secs
10:21:32 INFO  Test final outcome:  FAILED
10:21:32 INFO  Test outcome reason: Assert that (False == value) with value=True
10:21:32 INFO  
</system-out>
	</testcase>
</testsuite>
