<?xml version="1.0" encoding="utf-8"?>
<testsuite failures="1" name="SoftwareManagement.sm_apt_install_download_path" skipped="0" tests="1" time="188.25" timestamp="2022-06-02T09:40:12">
	<testcase classname="AptInstallWithDownloadPath" name="SoftwareManagement.sm_apt_install_download_path">
		<failure message="BLOCKED: SystemError: Timeout while waiting for status FAILED or SUCCESSFUL" type="BLOCKED"/>
		<system-out>09:37:03 INFO  ==============================================================
09:37:03 INFO  Id:    SoftwareManagement.sm_apt_install_download_path
09:37:03 INFO  Dir:   software_management_end_to_end/
09:37:03 INFO  Title: Install package to directory specified in tedge config set tmp.path
09:37:03 INFO  ==============================================================
09:37:05 INFO  Using sw id database: {'asciijump': '5475369', 'robotfindskitten': '5474869', 'squirrel3': '5475279', 'rolldice': '5152439', 'moon-buggy': '5439204', 'apple': '5495053', 'banana': '5494888', 'cherry': '5495382', 'watermelon': '5494510', 'registry': '8018911', 'hello-world': '8021526', 'docker/getting-started': '8021973', 'alpine': '7991792'}
09:37:05 INFO  EnvironmentC8y Setup
09:37:05 INFO  Executed systemctl&lt;serv_mapper1&gt;, exit status 3
09:37:20 INFO  Executed sudo&lt;tedge_connect_c8y&gt;, exit status 0, duration 14 secs
09:37:21 INFO  Executed sudo&lt;tedge_connect_c8y_test&gt;, exit status 0
09:37:21 INFO  Executed systemctl&lt;serv_mosq2&gt;, exit status 0
09:37:22 INFO  Executed systemctl&lt;serv_mapper3&gt;, exit status 0
09:37:24 INFO  State of current operation: PENDING
09:37:26 INFO  State of current operation: PENDING
09:37:28 INFO  State of current operation: PENDING
09:37:31 INFO  State of current operation: PENDING
09:37:33 INFO  State of current operation: PENDING
09:37:35 INFO  State of current operation: PENDING
09:37:37 INFO  State of current operation: PENDING
09:37:40 INFO  State of current operation: PENDING
09:37:42 INFO  State of current operation: PENDING
09:37:44 INFO  State of current operation: PENDING
09:37:46 INFO  State of current operation: PENDING
09:37:49 INFO  State of current operation: PENDING
09:37:51 INFO  State of current operation: PENDING
09:37:53 INFO  State of current operation: PENDING
09:37:55 INFO  State of current operation: PENDING
09:37:58 INFO  State of current operation: PENDING
09:38:00 INFO  State of current operation: PENDING
09:38:02 INFO  State of current operation: PENDING
09:38:04 INFO  State of current operation: PENDING
09:38:06 INFO  State of current operation: PENDING
09:38:09 INFO  State of current operation: PENDING
09:38:11 INFO  State of current operation: PENDING
09:38:13 INFO  State of current operation: PENDING
09:38:15 INFO  State of current operation: PENDING
09:38:18 INFO  State of current operation: PENDING
09:38:20 INFO  State of current operation: PENDING
09:38:22 INFO  State of current operation: PENDING
09:38:24 INFO  State of current operation: PENDING
09:38:27 INFO  State of current operation: PENDING
09:38:29 INFO  State of current operation: PENDING
09:38:31 INFO  State of current operation: PENDING
09:38:33 INFO  State of current operation: PENDING
09:38:35 INFO  State of current operation: PENDING
09:38:38 INFO  State of current operation: PENDING
09:38:40 INFO  State of current operation: PENDING
09:38:42 INFO  State of current operation: PENDING
09:38:44 INFO  State of current operation: PENDING
09:38:47 INFO  State of current operation: PENDING
09:38:49 INFO  State of current operation: PENDING
09:38:51 INFO  State of current operation: PENDING
09:38:53 INFO  State of current operation: PENDING
09:38:56 INFO  State of current operation: PENDING
09:38:58 INFO  State of current operation: PENDING
09:39:00 INFO  State of current operation: PENDING
09:39:02 INFO  State of current operation: PENDING
09:39:05 INFO  State of current operation: PENDING
09:39:07 INFO  State of current operation: PENDING
09:39:09 INFO  State of current operation: PENDING
09:39:11 INFO  State of current operation: PENDING
09:39:13 INFO  State of current operation: PENDING
09:39:16 INFO  State of current operation: PENDING
09:39:18 INFO  State of current operation: PENDING
09:39:20 INFO  State of current operation: PENDING
09:39:22 INFO  State of current operation: PENDING
09:39:25 INFO  State of current operation: PENDING
09:39:27 INFO  State of current operation: PENDING
09:39:29 INFO  State of current operation: PENDING
09:39:31 INFO  State of current operation: PENDING
09:39:34 INFO  State of current operation: PENDING
09:39:36 INFO  State of current operation: PENDING
09:39:38 INFO  State of current operation: PENDING
09:39:40 WARN  SystemError occurred while running test - Timeout while waiting for status FAILED or SUCCESSFUL
Traceback (most recent call last):
  File &quot;/home/pi/env-pysys/lib/python3.7/site-packages/pysys/baserunner.py&quot;, line 1292, in __call__
    self.testObj.setup()
  File &quot;/home/pi/actions-runner/_work/thin-edge.io/thin-edge.io/tests/PySys/software_management_end_to_end/sm_apt_install_download_path/run.py&quot;, line 48, in setup
    super().setup()
  File &quot;/home/pi/actions-runner/_work/thin-edge.io/thin-edge.io/tests/PySys/software_management_end_to_end/environment_sm_management.py&quot;, line 151, in setup
    self.wait_until_end()
  File &quot;/home/pi/actions-runner/_work/thin-edge.io/thin-edge.io/tests/PySys/software_management_end_to_end/environment_sm_management.py&quot;, line 332, in wait_until_end
    self.wait_until_status(&quot;FAILED&quot;, &quot;SUCCESSFUL&quot;)
  File &quot;/home/pi/actions-runner/_work/thin-edge.io/thin-edge.io/tests/PySys/software_management_end_to_end/environment_sm_management.py&quot;, line 381, in wait_until_status
    &quot;Timeout while waiting for status %s or %s&quot; % (status, status2)
SystemError: Timeout while waiting for status FAILED or SUCCESSFUL
09:39:40 WARN  SystemError: Timeout while waiting for status FAILED or SUCCESSFUL ... blocked 
09:39:40 INFO  
09:39:40 INFO  cleanup:
09:39:41 INFO  Executed sudo, exit status 0
09:39:41 INFO  Executed sudo, exit status 0
09:39:45 INFO  Executed sudo&lt;tedge_disconnect_c8y&gt;, exit status 0
09:39:45 INFO  Restarting mosquitto too frequently in the last 10 seconds. It was only up for 3 seconds
09:39:45 INFO  Delaying execution by 8 seconds
09:40:07 INFO  Executed sudo&lt;tedge_connect_c8y&gt;, exit status 0, duration 13 secs
09:40:11 INFO  Executed sudo&lt;tedge_disconnect_c8y&gt;, exit status 0
09:40:12 INFO  Executed systemctl&lt;serv_mapper5&gt;, exit status 3
09:40:12 INFO  
09:40:12 INFO  Test duration: 188.25 secs
09:40:12 INFO  Test final outcome:  BLOCKED
09:40:12 INFO  Test outcome reason: SystemError: Timeout while waiting for status FAILED or SUCCESSFUL
09:40:12 INFO  
</system-out>
	</testcase>
</testsuite>
