<?xml version="1.0" encoding="utf-8"?>
<testsuite failures="1" name="SoftwareManagement.sm_apt_install_remove_multiple_mixed" skipped="0" tests="1" time="166.44" timestamp="2022-05-23T12:25:50">
	<testcase classname="PySysTest" name="SoftwareManagement.sm_apt_install_remove_multiple_mixed">
		<failure message="BLOCKED: SystemError: Timeout while waiting for status FAILED or SUCCESSFUL" type="BLOCKED"/>
		<system-out>12:23:04 INFO  ==============================================================
12:23:04 INFO  Id:    SoftwareManagement.sm_apt_install_remove_multiple_mixed
12:23:04 INFO  Dir:   software_management_end_to_end/
12:23:04 INFO  Title: Validate end to end behaviour for the apt plugin for multiple packages with mixed versions
12:23:04 INFO  ==============================================================
12:23:04 INFO  Using sw id database: {'asciijump': '5475369', 'robotfindskitten': '5474869', 'squirrel3': '5475279', 'rolldice': '5152439', 'moon-buggy': '5439204', 'apple': '5495053', 'banana': '5494888', 'cherry': '5495382', 'watermelon': '5494510', 'registry': '8018911', 'hello-world': '8021526', 'docker/getting-started': '8021973', 'alpine': '7991792'}
12:23:04 INFO  EnvironmentC8y Setup
12:23:04 INFO  Executed systemctl&lt;serv_mapper1&gt;, exit status 3
12:23:04 INFO  Restarting mosquitto too frequently in the last 10 seconds. It was only up for 4 seconds
12:23:04 INFO  Delaying execution by 7 seconds
12:23:25 INFO  Executed sudo&lt;tedge_connect_c8y&gt;, exit status 0, duration 13 secs
12:23:26 INFO  Executed sudo&lt;tedge_connect_c8y_test&gt;, exit status 0
12:23:26 INFO  Executed systemctl&lt;serv_mosq2&gt;, exit status 0
12:23:27 INFO  Executed systemctl&lt;serv_mapper3&gt;, exit status 0
12:23:29 INFO  State of current operation: PENDING
12:23:31 INFO  State of current operation: PENDING
12:23:33 INFO  State of current operation: PENDING
12:23:36 INFO  State of current operation: PENDING
12:23:38 INFO  State of current operation: PENDING
12:23:40 INFO  State of current operation: PENDING
12:23:42 INFO  State of current operation: PENDING
12:23:45 INFO  State of current operation: PENDING
12:23:47 INFO  State of current operation: PENDING
12:23:49 INFO  State of current operation: PENDING
12:23:51 INFO  State of current operation: PENDING
12:23:53 INFO  State of current operation: PENDING
12:23:56 INFO  State of current operation: PENDING
12:23:58 INFO  State of current operation: PENDING
12:24:00 INFO  State of current operation: PENDING
12:24:02 INFO  State of current operation: PENDING
12:24:05 INFO  State of current operation: PENDING
12:24:07 INFO  State of current operation: PENDING
12:24:09 INFO  State of current operation: PENDING
12:24:12 INFO  State of current operation: PENDING
12:24:14 INFO  State of current operation: PENDING
12:24:16 INFO  State of current operation: PENDING
12:24:18 INFO  State of current operation: PENDING
12:24:21 INFO  State of current operation: PENDING
12:24:23 INFO  State of current operation: PENDING
12:24:25 INFO  State of current operation: PENDING
12:24:27 INFO  State of current operation: PENDING
12:24:29 INFO  State of current operation: PENDING
12:24:32 INFO  State of current operation: PENDING
12:24:34 INFO  State of current operation: PENDING
12:24:36 INFO  State of current operation: PENDING
12:24:38 INFO  State of current operation: PENDING
12:24:41 INFO  State of current operation: PENDING
12:24:43 INFO  State of current operation: PENDING
12:24:45 INFO  State of current operation: PENDING
12:24:47 INFO  State of current operation: PENDING
12:24:50 INFO  State of current operation: PENDING
12:24:52 INFO  State of current operation: PENDING
12:24:54 INFO  State of current operation: PENDING
12:24:56 INFO  State of current operation: PENDING
12:24:59 INFO  State of current operation: PENDING
12:25:01 INFO  State of current operation: PENDING
12:25:03 INFO  State of current operation: PENDING
12:25:05 INFO  State of current operation: PENDING
12:25:07 INFO  State of current operation: PENDING
12:25:10 INFO  State of current operation: PENDING
12:25:12 INFO  State of current operation: PENDING
12:25:14 INFO  State of current operation: PENDING
12:25:16 INFO  State of current operation: PENDING
12:25:19 INFO  State of current operation: PENDING
12:25:21 INFO  State of current operation: PENDING
12:25:23 INFO  State of current operation: PENDING
12:25:25 INFO  State of current operation: PENDING
12:25:28 INFO  State of current operation: PENDING
12:25:30 INFO  State of current operation: PENDING
12:25:32 INFO  State of current operation: PENDING
12:25:34 INFO  State of current operation: PENDING
12:25:37 INFO  State of current operation: PENDING
12:25:39 INFO  State of current operation: PENDING
12:25:41 INFO  State of current operation: PENDING
12:25:43 INFO  State of current operation: PENDING
12:25:45 WARN  SystemError occurred while running test - Timeout while waiting for status FAILED or SUCCESSFUL
Traceback (most recent call last):
  File &quot;/home/pi/env-pysys/lib/python3.7/site-packages/pysys/baserunner.py&quot;, line 1292, in __call__
    self.testObj.setup()
  File &quot;/home/pi/actions-runner/_work/thin-edge.io/thin-edge.io/tests/PySys/software_management_end_to_end/sm_apt_install_remove_multiple_mixed/run.py&quot;, line 73, in setup
    super().setup()
  File &quot;/home/pi/actions-runner/_work/thin-edge.io/thin-edge.io/tests/PySys/software_management_end_to_end/environment_sm_management.py&quot;, line 151, in setup
    self.wait_until_end()
  File &quot;/home/pi/actions-runner/_work/thin-edge.io/thin-edge.io/tests/PySys/software_management_end_to_end/environment_sm_management.py&quot;, line 332, in wait_until_end
    self.wait_until_status(&quot;FAILED&quot;, &quot;SUCCESSFUL&quot;)
  File &quot;/home/pi/actions-runner/_work/thin-edge.io/thin-edge.io/tests/PySys/software_management_end_to_end/environment_sm_management.py&quot;, line 381, in wait_until_status
    &quot;Timeout while waiting for status %s or %s&quot; % (status, status2)
SystemError: Timeout while waiting for status FAILED or SUCCESSFUL
12:25:45 WARN  SystemError: Timeout while waiting for status FAILED or SUCCESSFUL ... blocked 
12:25:45 INFO  
12:25:45 INFO  cleanup:
12:25:49 INFO  Executed sudo&lt;tedge_disconnect_c8y&gt;, exit status 0
12:25:50 INFO  Executed systemctl&lt;serv_mapper5&gt;, exit status 3
12:25:50 INFO  
12:25:50 INFO  Test duration: 166.44 secs
12:25:50 INFO  Test final outcome:  BLOCKED
12:25:50 INFO  Test outcome reason: SystemError: Timeout while waiting for status FAILED or SUCCESSFUL
12:25:50 INFO  
</system-out>
	</testcase>
</testsuite>
