<?xml version="1.0" encoding="utf-8"?>
<testsuite failures="1" name="SoftwareManagement.sm_mixed_install_remove_multiple" skipped="0" tests="1" time="164.6" timestamp="2022-07-21T22:38:01">
	<testcase classname="PySysTest" name="SoftwareManagement.sm_mixed_install_remove_multiple">
		<failure message="FAILED: Assert that (False == value) with value=True" type="FAILED"/>
		<system-out>22:35:16 INFO  ==============================================================
22:35:16 INFO  Id:    SoftwareManagement.sm_mixed_install_remove_multiple
22:35:16 INFO  Dir:   software_management_end_to_end/
22:35:16 INFO  Title: Validate end to end behaviour for the dummy-plugin for multiple packages with mixed versions
22:35:16 INFO  ==============================================================
22:35:17 INFO  Using sw id database: {'asciijump': '5475369', 'robotfindskitten': '5474869', 'squirrel3': '5475279', 'rolldice': '5152439', 'moon-buggy': '5439204', 'apple': '5495053', 'banana': '5494888', 'cherry': '5495382', 'watermelon': '5494510', 'registry': '8018911', 'hello-world': '8021526', 'docker/getting-started': '8021973', 'alpine': '7991792'}
22:35:17 INFO  EnvironmentC8y Setup
22:35:17 INFO  Executed systemctl&lt;serv_mapper1&gt;, exit status 3
22:35:17 INFO  Restarting mosquitto too frequently in the last 10 seconds. It was only up for 4 seconds
22:35:17 INFO  Delaying execution by 7 seconds
22:35:38 INFO  Executed sudo&lt;tedge_connect_c8y&gt;, exit status 0, duration 13 secs
22:35:39 INFO  Executed sudo&lt;tedge_connect_c8y_test&gt;, exit status 0
22:35:39 INFO  Executed systemctl&lt;serv_mosq2&gt;, exit status 0
22:35:40 INFO  Executed systemctl&lt;serv_mapper3&gt;, exit status 0
22:35:42 INFO  State of current operation: SUCCESSFUL
22:35:42 INFO  Package apple is installed
22:35:42 INFO  Assert that (True == value) with value=True ... passed
22:35:42 INFO  Package banana is installed
22:35:42 INFO  Assert that (True == value) with value=True ... passed
22:35:43 INFO  Package cherry is installed
22:35:43 INFO  Assert that (True == value) with value=True ... passed
22:35:43 INFO  Package asciijump is installed
22:35:43 WARN  Assert that (False == value) with value=True ... failed 
22:35:43 INFO  Assert that (False == value) with value=False ... passed
22:35:43 INFO  Response status: 201
22:35:43 INFO  Response to action: {
    &quot;creationTime&quot;: &quot;2022-07-21T22:35:43.848Z&quot;,
    &quot;deviceId&quot;: &quot;21166555&quot;,
    &quot;deviceName&quot;: &quot;m32sd10d&quot;,
    &quot;self&quot;: &quot;https://t493319102.eu-latest.cumulocity.com/devicecontrol/operations/21201118&quot;,
    &quot;id&quot;: &quot;21201118&quot;,
    &quot;status&quot;: &quot;PENDING&quot;,
    &quot;description&quot;: &quot;Apply software changes, triggered from PySys: [{'action': 'install', 'id': '5495053', 'name': 'apple', 'url': ' ', 'version': '::fruits'}, {'action': 'install', 'id': '5494888', 'name': 'banana', 'url': ' ', 'version': '::fruits'}, {'action': 'install', 'id': '5475369', 'name': 'asciijump', 'url': ' ', 'version': '::apt'}, {'action': 'install', 'id': '5495382', 'name': 'cherry', 'url': ' ', 'version': '::fruits'}, {'action': 'install', 'id': '8018911', 'name': 'registry', 'url': ' ', 'version': '::docker'}]&quot;,
    &quot;c8y_SoftwareUpdate&quot;: [
        {
            &quot;name&quot;: &quot;apple&quot;,
            &quot;action&quot;: &quot;install&quot;,
            &quot;id&quot;: &quot;5495053&quot;,
            &quot;version&quot;: &quot;::fruits&quot;,
            &quot;url&quot;: &quot; &quot;
        },
        {
            &quot;name&quot;: &quot;banana&quot;,
            &quot;action&quot;: &quot;install&quot;,
            &quot;id&quot;: &quot;5494888&quot;,
            &quot;version&quot;: &quot;::fruits&quot;,
            &quot;url&quot;: &quot; &quot;
        },
        {
            &quot;name&quot;: &quot;asciijump&quot;,
            &quot;action&quot;: &quot;install&quot;,
            &quot;id&quot;: &quot;5475369&quot;,
            &quot;version&quot;: &quot;::apt&quot;,
            &quot;url&quot;: &quot; &quot;
        },
        {
            &quot;name&quot;: &quot;cherry&quot;,
            &quot;action&quot;: &quot;install&quot;,
            &quot;id&quot;: &quot;5495382&quot;,
            &quot;version&quot;: &quot;::fruits&quot;,
            &quot;url&quot;: &quot; &quot;
        },
        {
            &quot;name&quot;: &quot;registry&quot;,
            &quot;action&quot;: &quot;install&quot;,
            &quot;id&quot;: &quot;8018911&quot;,
            &quot;version&quot;: &quot;::docker&quot;,
            &quot;url&quot;: &quot; &quot;
        }
    ]
}
22:35:43 INFO  Started operation: {'creationTime': '2022-07-21T22:35:43.848Z', 'deviceId': '21166555', 'deviceName': 'm32sd10d', 'self': 'https://t493319102.eu-latest.cumulocity.com/devicecontrol/operations/21201118', 'id': '21201118', 'status': 'PENDING', 'description': &quot;Apply software changes, triggered from PySys: [{'action': 'install', 'id': '5495053', 'name': 'apple', 'url': ' ', 'version': '::fruits'}, {'action': 'install', 'id': '5494888', 'name': 'banana', 'url': ' ', 'version': '::fruits'}, {'action': 'install', 'id': '5475369', 'name': 'asciijump', 'url': ' ', 'version': '::apt'}, {'action': 'install', 'id': '5495382', 'name': 'cherry', 'url': ' ', 'version': '::fruits'}, {'action': 'install', 'id': '8018911', 'name': 'registry', 'url': ' ', 'version': '::docker'}]&quot;, 'c8y_SoftwareUpdate': [{'name': 'apple', 'action': 'install', 'id': '5495053', 'version': '::fruits', 'url': ' '}, {'name': 'banana', 'action': 'install', 'id': '5494888', 'version': '::fruits', 'url': ' '}, {'name': 'asciijump', 'action': 'install', 'id': '5475369', 'version': '::apt', 'url': ' '}, {'name': 'cherry', 'action': 'install', 'id': '5495382', 'version': '::fruits', 'url': ' '}, {'name': 'registry', 'action': 'install', 'id': '8018911', 'version': '::docker', 'url': ' '}]}
22:35:46 INFO  State of operation 21201118 : PENDING
22:35:48 INFO  State of operation 21201118 : EXECUTING
22:35:50 INFO  State of operation 21201118 : EXECUTING
22:35:52 INFO  State of operation 21201118 : EXECUTING
22:35:55 INFO  State of operation 21201118 : EXECUTING
22:35:57 INFO  State of operation 21201118 : EXECUTING
22:35:59 INFO  State of operation 21201118 : EXECUTING
22:36:02 INFO  State of operation 21201118 : EXECUTING
22:36:05 INFO  State of operation 21201118 : EXECUTING
22:36:07 INFO  State of operation 21201118 : EXECUTING
22:36:09 INFO  State of operation 21201118 : EXECUTING
22:36:12 INFO  State of operation 21201118 : EXECUTING
22:36:14 INFO  State of operation 21201118 : EXECUTING
22:36:16 INFO  State of operation 21201118 : EXECUTING
22:36:18 INFO  State of operation 21201118 : EXECUTING
22:36:20 INFO  State of operation 21201118 : EXECUTING
22:36:23 INFO  State of operation 21201118 : EXECUTING
22:36:25 INFO  State of operation 21201118 : EXECUTING
22:36:27 INFO  State of operation 21201118 : EXECUTING
22:36:29 INFO  State of operation 21201118 : EXECUTING
22:36:32 INFO  State of operation 21201118 : EXECUTING
22:36:34 INFO  State of operation 21201118 : EXECUTING
22:36:36 INFO  State of operation 21201118 : EXECUTING
22:36:38 INFO  State of operation 21201118 : EXECUTING
22:36:41 INFO  State of operation 21201118 : EXECUTING
22:36:43 INFO  State of operation 21201118 : SUCCESSFUL
22:36:43 INFO  Package apple is installed
22:36:43 INFO  Assert that (True == value) with value=True ... passed
22:36:43 INFO  Package banana is installed
22:36:43 INFO  Assert that (True == value) with value=True ... passed
22:36:44 INFO  Package cherry is installed
22:36:44 INFO  Assert that (True == value) with value=True ... passed
22:36:44 INFO  Package asciijump is installed
22:36:44 INFO  Assert that (True == value) with value=True ... passed
22:36:44 INFO  Package registry is installed
22:36:44 INFO  Assert that (True == value) with value=True ... passed
22:36:44 INFO  Response status: 201
22:36:44 INFO  Response to action: {
    &quot;creationTime&quot;: &quot;2022-07-21T22:36:44.778Z&quot;,
    &quot;deviceId&quot;: &quot;21166555&quot;,
    &quot;deviceName&quot;: &quot;m32sd10d&quot;,
    &quot;self&quot;: &quot;https://t493319102.eu-latest.cumulocity.com/devicecontrol/operations/21201126&quot;,
    &quot;id&quot;: &quot;21201126&quot;,
    &quot;status&quot;: &quot;PENDING&quot;,
    &quot;description&quot;: &quot;Apply software changes, triggered from PySys: [{'action': 'delete', 'id': '5495053', 'name': 'apple', 'url': ' ', 'version': '::fruits'}, {'action': 'delete', 'id': '5494888', 'name': 'banana', 'url': ' ', 'version': '::fruits'}, {'action': 'delete', 'id': '5475369', 'name': 'asciijump', 'url': ' ', 'version': '::apt'}, {'action': 'delete', 'id': '5495382', 'name': 'cherry', 'url': ' ', 'version': '::fruits'}, {'action': 'delete', 'id': '8018911', 'name': 'registry', 'url': ' ', 'version': '::docker'}]&quot;,
    &quot;c8y_SoftwareUpdate&quot;: [
        {
            &quot;name&quot;: &quot;apple&quot;,
            &quot;action&quot;: &quot;delete&quot;,
            &quot;id&quot;: &quot;5495053&quot;,
            &quot;version&quot;: &quot;::fruits&quot;,
            &quot;url&quot;: &quot; &quot;
        },
        {
            &quot;name&quot;: &quot;banana&quot;,
            &quot;action&quot;: &quot;delete&quot;,
            &quot;id&quot;: &quot;5494888&quot;,
            &quot;version&quot;: &quot;::fruits&quot;,
            &quot;url&quot;: &quot; &quot;
        },
        {
            &quot;name&quot;: &quot;asciijump&quot;,
            &quot;action&quot;: &quot;delete&quot;,
            &quot;id&quot;: &quot;5475369&quot;,
            &quot;version&quot;: &quot;::apt&quot;,
            &quot;url&quot;: &quot; &quot;
        },
        {
            &quot;name&quot;: &quot;cherry&quot;,
            &quot;action&quot;: &quot;delete&quot;,
            &quot;id&quot;: &quot;5495382&quot;,
            &quot;version&quot;: &quot;::fruits&quot;,
            &quot;url&quot;: &quot; &quot;
        },
        {
            &quot;name&quot;: &quot;registry&quot;,
            &quot;action&quot;: &quot;delete&quot;,
            &quot;id&quot;: &quot;8018911&quot;,
            &quot;version&quot;: &quot;::docker&quot;,
            &quot;url&quot;: &quot; &quot;
        }
    ]
}
22:36:44 INFO  Started operation: {'creationTime': '2022-07-21T22:36:44.778Z', 'deviceId': '21166555', 'deviceName': 'm32sd10d', 'self': 'https://t493319102.eu-latest.cumulocity.com/devicecontrol/operations/21201126', 'id': '21201126', 'status': 'PENDING', 'description': &quot;Apply software changes, triggered from PySys: [{'action': 'delete', 'id': '5495053', 'name': 'apple', 'url': ' ', 'version': '::fruits'}, {'action': 'delete', 'id': '5494888', 'name': 'banana', 'url': ' ', 'version': '::fruits'}, {'action': 'delete', 'id': '5475369', 'name': 'asciijump', 'url': ' ', 'version': '::apt'}, {'action': 'delete', 'id': '5495382', 'name': 'cherry', 'url': ' ', 'version': '::fruits'}, {'action': 'delete', 'id': '8018911', 'name': 'registry', 'url': ' ', 'version': '::docker'}]&quot;, 'c8y_SoftwareUpdate': [{'name': 'apple', 'action': 'delete', 'id': '5495053', 'version': '::fruits', 'url': ' '}, {'name': 'banana', 'action': 'delete', 'id': '5494888', 'version': '::fruits', 'url': ' '}, {'name': 'asciijump', 'action': 'delete', 'id': '5475369', 'version': '::apt', 'url': ' '}, {'name': 'cherry', 'action': 'delete', 'id': '5495382', 'version': '::fruits', 'url': ' '}, {'name': 'registry', 'action': 'delete', 'id': '8018911', 'version': '::docker', 'url': ' '}]}
22:36:47 INFO  State of operation 21201126 : PENDING
22:36:49 INFO  State of operation 21201126 : EXECUTING
22:36:51 INFO  State of operation 21201126 : EXECUTING
22:36:53 INFO  State of operation 21201126 : EXECUTING
22:36:55 INFO  State of operation 21201126 : EXECUTING
22:36:58 INFO  State of operation 21201126 : EXECUTING
22:37:01 INFO  State of operation 21201126 : EXECUTING
22:37:03 INFO  State of operation 21201126 : EXECUTING
22:37:05 INFO  State of operation 21201126 : EXECUTING
22:37:08 INFO  State of operation 21201126 : EXECUTING
22:37:10 INFO  State of operation 21201126 : EXECUTING
22:37:12 INFO  State of operation 21201126 : EXECUTING
22:37:14 INFO  State of operation 21201126 : EXECUTING
22:37:16 INFO  State of operation 21201126 : EXECUTING
22:37:19 INFO  State of operation 21201126 : EXECUTING
22:37:21 INFO  State of operation 21201126 : EXECUTING
22:37:25 INFO  State of operation 21201126 : EXECUTING
22:37:27 INFO  State of operation 21201126 : EXECUTING
22:37:30 INFO  State of operation 21201126 : EXECUTING
22:37:32 INFO  State of operation 21201126 : EXECUTING
22:37:34 INFO  State of operation 21201126 : EXECUTING
22:37:36 INFO  State of operation 21201126 : EXECUTING
22:37:39 INFO  State of operation 21201126 : EXECUTING
22:37:41 INFO  State of operation 21201126 : EXECUTING
22:37:44 INFO  State of operation 21201126 : EXECUTING
22:37:46 INFO  State of operation 21201126 : EXECUTING
22:37:48 INFO  State of operation 21201126 : EXECUTING
22:37:51 INFO  State of operation 21201126 : EXECUTING
22:37:53 INFO  State of operation 21201126 : EXECUTING
22:37:55 INFO  State of operation 21201126 : SUCCESSFUL
22:37:55 INFO  Package apple is installed
22:37:55 INFO  Assert that (True == value) with value=True ... passed
22:37:56 INFO  Package banana is installed
22:37:56 INFO  Assert that (True == value) with value=True ... passed
22:37:56 INFO  Package cherry is installed
22:37:56 INFO  Assert that (True == value) with value=True ... passed
22:37:56 INFO  Assert that (False == value) with value=False ... passed
22:37:56 INFO  Assert that (False == value) with value=False ... passed
22:37:56 INFO  
22:37:56 INFO  cleanup:
22:38:00 INFO  Executed sudo&lt;tedge_disconnect_c8y&gt;, exit status 0
22:38:01 INFO  Executed systemctl&lt;serv_mapper5&gt;, exit status 3
22:38:01 INFO  
22:38:01 INFO  Test duration: 164.60 secs
22:38:01 INFO  Test final outcome:  FAILED
22:38:01 INFO  Test outcome reason: Assert that (False == value) with value=True
22:38:01 INFO  
</system-out>
	</testcase>
</testsuite>
