<?xml version="1.0" encoding="utf-8"?>
<testsuite failures="1" name="SoftwareManagement.sm_apt_install_download_path" skipped="0" tests="1" time="187.58" timestamp="2022-05-23T20:13:13">
	<testcase classname="AptInstallWithDownloadPath" name="SoftwareManagement.sm_apt_install_download_path">
		<failure message="BLOCKED: SystemError: Timeout while waiting for status FAILED or SUCCESSFUL" type="BLOCKED"/>
		<system-out>20:10:06 INFO  ==============================================================
20:10:06 INFO  Id:    SoftwareManagement.sm_apt_install_download_path
20:10:06 INFO  Dir:   software_management_end_to_end/
20:10:06 INFO  Title: Install package to directory specified in tedge config set tmp.path
20:10:06 INFO  ==============================================================
20:10:07 INFO  Using sw id database: {'asciijump': '5475369', 'robotfindskitten': '5474869', 'squirrel3': '5475279', 'rolldice': '5152439', 'moon-buggy': '5439204', 'apple': '5495053', 'banana': '5494888', 'cherry': '5495382', 'watermelon': '5494510', 'registry': '8018911', 'hello-world': '8021526', 'docker/getting-started': '8021973', 'alpine': '7991792'}
20:10:07 INFO  EnvironmentC8y Setup
20:10:07 INFO  Executed systemctl&lt;serv_mapper1&gt;, exit status 3
20:10:22 INFO  Executed sudo&lt;tedge_connect_c8y&gt;, exit status 0, duration 14 secs
20:10:22 INFO  Executed sudo&lt;tedge_connect_c8y_test&gt;, exit status 0
20:10:23 INFO  Executed systemctl&lt;serv_mosq2&gt;, exit status 0
20:10:23 INFO  Executed systemctl&lt;serv_mapper3&gt;, exit status 0
20:10:25 INFO  State of current operation: PENDING
20:10:28 INFO  State of current operation: PENDING
20:10:30 INFO  State of current operation: PENDING
20:10:32 INFO  State of current operation: PENDING
20:10:34 INFO  State of current operation: PENDING
20:10:37 INFO  State of current operation: PENDING
20:10:39 INFO  State of current operation: PENDING
20:10:41 INFO  State of current operation: PENDING
20:10:43 INFO  State of current operation: PENDING
20:10:45 INFO  State of current operation: PENDING
20:10:48 INFO  State of current operation: PENDING
20:10:50 INFO  State of current operation: PENDING
20:10:52 INFO  State of current operation: PENDING
20:10:54 INFO  State of current operation: PENDING
20:10:57 INFO  State of current operation: PENDING
20:10:59 INFO  State of current operation: PENDING
20:11:01 INFO  State of current operation: PENDING
20:11:03 INFO  State of current operation: PENDING
20:11:06 INFO  State of current operation: PENDING
20:11:08 INFO  State of current operation: PENDING
20:11:10 INFO  State of current operation: PENDING
20:11:12 INFO  State of current operation: PENDING
20:11:14 INFO  State of current operation: PENDING
20:11:17 INFO  State of current operation: PENDING
20:11:19 INFO  State of current operation: PENDING
20:11:21 INFO  State of current operation: PENDING
20:11:23 INFO  State of current operation: PENDING
20:11:26 INFO  State of current operation: PENDING
20:11:28 INFO  State of current operation: PENDING
20:11:30 INFO  State of current operation: PENDING
20:11:32 INFO  State of current operation: PENDING
20:11:35 INFO  State of current operation: PENDING
20:11:37 INFO  State of current operation: PENDING
20:11:39 INFO  State of current operation: PENDING
20:11:41 INFO  State of current operation: PENDING
20:11:43 INFO  State of current operation: PENDING
20:11:46 INFO  State of current operation: PENDING
20:11:48 INFO  State of current operation: PENDING
20:11:50 INFO  State of current operation: PENDING
20:11:52 INFO  State of current operation: PENDING
20:11:55 INFO  State of current operation: PENDING
20:11:57 INFO  State of current operation: PENDING
20:11:59 INFO  State of current operation: PENDING
20:12:01 INFO  State of current operation: PENDING
20:12:04 INFO  State of current operation: PENDING
20:12:06 INFO  State of current operation: PENDING
20:12:08 INFO  State of current operation: PENDING
20:12:10 INFO  State of current operation: PENDING
20:12:12 INFO  State of current operation: PENDING
20:12:15 INFO  State of current operation: PENDING
20:12:17 INFO  State of current operation: PENDING
20:12:19 INFO  State of current operation: PENDING
20:12:21 INFO  State of current operation: PENDING
20:12:24 INFO  State of current operation: PENDING
20:12:26 INFO  State of current operation: PENDING
20:12:28 INFO  State of current operation: PENDING
20:12:30 INFO  State of current operation: PENDING
20:12:32 INFO  State of current operation: PENDING
20:12:35 INFO  State of current operation: PENDING
20:12:37 INFO  State of current operation: PENDING
20:12:39 INFO  State of current operation: PENDING
20:12:41 WARN  SystemError occurred while running test - Timeout while waiting for status FAILED or SUCCESSFUL
Traceback (most recent call last):
  File &quot;/home/pi/env-pysys/lib/python3.7/site-packages/pysys/baserunner.py&quot;, line 1292, in __call__
    self.testObj.setup()
  File &quot;/home/pi/actions-runner/_work/thin-edge.io/thin-edge.io/tests/PySys/software_management_end_to_end/sm_apt_install_download_path/run.py&quot;, line 48, in setup
    super().setup()
  File &quot;/home/pi/actions-runner/_work/thin-edge.io/thin-edge.io/tests/PySys/software_management_end_to_end/environment_sm_management.py&quot;, line 151, in setup
    self.wait_until_end()
  File &quot;/home/pi/actions-runner/_work/thin-edge.io/thin-edge.io/tests/PySys/software_management_end_to_end/environment_sm_management.py&quot;, line 332, in wait_until_end
    self.wait_until_status(&quot;FAILED&quot;, &quot;SUCCESSFUL&quot;)
  File &quot;/home/pi/actions-runner/_work/thin-edge.io/thin-edge.io/tests/PySys/software_management_end_to_end/environment_sm_management.py&quot;, line 381, in wait_until_status
    &quot;Timeout while waiting for status %s or %s&quot; % (status, status2)
SystemError: Timeout while waiting for status FAILED or SUCCESSFUL
20:12:41 WARN  SystemError: Timeout while waiting for status FAILED or SUCCESSFUL ... blocked 
20:12:41 INFO  
20:12:41 INFO  cleanup:
20:12:42 INFO  Executed sudo, exit status 0
20:12:42 INFO  Executed sudo, exit status 0
20:12:46 INFO  Executed sudo&lt;tedge_disconnect_c8y&gt;, exit status 0
20:12:46 INFO  Restarting mosquitto too frequently in the last 10 seconds. It was only up for 3 seconds
20:12:46 INFO  Delaying execution by 8 seconds
20:13:08 INFO  Executed sudo&lt;tedge_connect_c8y&gt;, exit status 0, duration 14 secs
20:13:13 INFO  Executed sudo&lt;tedge_disconnect_c8y&gt;, exit status 0
20:13:13 INFO  Executed systemctl&lt;serv_mapper5&gt;, exit status 3
20:13:13 INFO  
20:13:13 INFO  Test duration: 187.58 secs
20:13:13 INFO  Test final outcome:  BLOCKED
20:13:13 INFO  Test outcome reason: SystemError: Timeout while waiting for status FAILED or SUCCESSFUL
20:13:13 INFO  
</system-out>
	</testcase>
</testsuite>
