<?xml version="1.0" encoding="utf-8"?>
<testsuite failures="1" name="SoftwareManagement.sm_mixed_install_remove_multiple" skipped="0" tests="1" time="163.93" timestamp="2022-06-15T12:17:39">
	<testcase classname="PySysTest" name="SoftwareManagement.sm_mixed_install_remove_multiple">
		<failure message="FAILED: Assert that (False == value) with value=True" type="FAILED"/>
		<system-out>12:14:55 INFO  ==============================================================
12:14:55 INFO  Id:    SoftwareManagement.sm_mixed_install_remove_multiple
12:14:55 INFO  Dir:   software_management_end_to_end/
12:14:55 INFO  Title: Validate end to end behaviour for the dummy-plugin for multiple packages with mixed versions
12:14:55 INFO  ==============================================================
12:14:55 INFO  Using sw id database: {'asciijump': '5475369', 'robotfindskitten': '5474869', 'squirrel3': '5475279', 'rolldice': '5152439', 'moon-buggy': '5439204', 'apple': '5495053', 'banana': '5494888', 'cherry': '5495382', 'watermelon': '5494510', 'registry': '8018911', 'hello-world': '8021526', 'docker/getting-started': '8021973', 'alpine': '7991792'}
12:14:55 INFO  EnvironmentC8y Setup
12:14:56 INFO  Executed systemctl&lt;serv_mapper1&gt;, exit status 3
12:14:56 INFO  Restarting mosquitto too frequently in the last 10 seconds. It was only up for 4 seconds
12:14:56 INFO  Delaying execution by 7 seconds
12:15:17 INFO  Executed sudo&lt;tedge_connect_c8y&gt;, exit status 0, duration 14 secs
12:15:18 INFO  Executed sudo&lt;tedge_connect_c8y_test&gt;, exit status 0
12:15:18 INFO  Executed systemctl&lt;serv_mosq2&gt;, exit status 0
12:15:19 INFO  Executed systemctl&lt;serv_mapper3&gt;, exit status 0
12:15:21 INFO  State of current operation: SUCCESSFUL
12:15:21 INFO  Package apple is installed
12:15:21 INFO  Assert that (True == value) with value=True ... passed
12:15:21 INFO  Package banana is installed
12:15:21 INFO  Assert that (True == value) with value=True ... passed
12:15:22 INFO  Package cherry is installed
12:15:22 INFO  Assert that (True == value) with value=True ... passed
12:15:22 INFO  Package asciijump is installed
12:15:22 WARN  Assert that (False == value) with value=True ... failed 
12:15:22 INFO  Assert that (False == value) with value=False ... passed
12:15:22 INFO  Response status: 201
12:15:22 INFO  Response to action: {
    &quot;creationTime&quot;: &quot;2022-06-15T12:15:22.688Z&quot;,
    &quot;deviceName&quot;: &quot;m32sd10d&quot;,
    &quot;deviceId&quot;: &quot;20220945&quot;,
    &quot;self&quot;: &quot;https://t493319102.eu-latest.cumulocity.com/devicecontrol/operations/20232458&quot;,
    &quot;id&quot;: &quot;20232458&quot;,
    &quot;status&quot;: &quot;PENDING&quot;,
    &quot;description&quot;: &quot;Apply software changes, triggered from PySys: [{'action': 'install', 'id': '5495053', 'name': 'apple', 'url': ' ', 'version': '::fruits'}, {'action': 'install', 'id': '5494888', 'name': 'banana', 'url': ' ', 'version': '::fruits'}, {'action': 'install', 'id': '5475369', 'name': 'asciijump', 'url': ' ', 'version': '::apt'}, {'action': 'install', 'id': '5495382', 'name': 'cherry', 'url': ' ', 'version': '::fruits'}, {'action': 'install', 'id': '8018911', 'name': 'registry', 'url': ' ', 'version': '::docker'}]&quot;,
    &quot;c8y_SoftwareUpdate&quot;: [
        {
            &quot;name&quot;: &quot;apple&quot;,
            &quot;action&quot;: &quot;install&quot;,
            &quot;id&quot;: &quot;5495053&quot;,
            &quot;version&quot;: &quot;::fruits&quot;,
            &quot;url&quot;: &quot; &quot;
        },
        {
            &quot;name&quot;: &quot;banana&quot;,
            &quot;action&quot;: &quot;install&quot;,
            &quot;id&quot;: &quot;5494888&quot;,
            &quot;version&quot;: &quot;::fruits&quot;,
            &quot;url&quot;: &quot; &quot;
        },
        {
            &quot;name&quot;: &quot;asciijump&quot;,
            &quot;action&quot;: &quot;install&quot;,
            &quot;id&quot;: &quot;5475369&quot;,
            &quot;version&quot;: &quot;::apt&quot;,
            &quot;url&quot;: &quot; &quot;
        },
        {
            &quot;name&quot;: &quot;cherry&quot;,
            &quot;action&quot;: &quot;install&quot;,
            &quot;id&quot;: &quot;5495382&quot;,
            &quot;version&quot;: &quot;::fruits&quot;,
            &quot;url&quot;: &quot; &quot;
        },
        {
            &quot;name&quot;: &quot;registry&quot;,
            &quot;action&quot;: &quot;install&quot;,
            &quot;id&quot;: &quot;8018911&quot;,
            &quot;version&quot;: &quot;::docker&quot;,
            &quot;url&quot;: &quot; &quot;
        }
    ]
}
12:15:22 INFO  Started operation: {'creationTime': '2022-06-15T12:15:22.688Z', 'deviceName': 'm32sd10d', 'deviceId': '20220945', 'self': 'https://t493319102.eu-latest.cumulocity.com/devicecontrol/operations/20232458', 'id': '20232458', 'status': 'PENDING', 'description': &quot;Apply software changes, triggered from PySys: [{'action': 'install', 'id': '5495053', 'name': 'apple', 'url': ' ', 'version': '::fruits'}, {'action': 'install', 'id': '5494888', 'name': 'banana', 'url': ' ', 'version': '::fruits'}, {'action': 'install', 'id': '5475369', 'name': 'asciijump', 'url': ' ', 'version': '::apt'}, {'action': 'install', 'id': '5495382', 'name': 'cherry', 'url': ' ', 'version': '::fruits'}, {'action': 'install', 'id': '8018911', 'name': 'registry', 'url': ' ', 'version': '::docker'}]&quot;, 'c8y_SoftwareUpdate': [{'name': 'apple', 'action': 'install', 'id': '5495053', 'version': '::fruits', 'url': ' '}, {'name': 'banana', 'action': 'install', 'id': '5494888', 'version': '::fruits', 'url': ' '}, {'name': 'asciijump', 'action': 'install', 'id': '5475369', 'version': '::apt', 'url': ' '}, {'name': 'cherry', 'action': 'install', 'id': '5495382', 'version': '::fruits', 'url': ' '}, {'name': 'registry', 'action': 'install', 'id': '8018911', 'version': '::docker', 'url': ' '}]}
12:15:24 INFO  State of operation 20232458 : PENDING
12:15:27 INFO  State of operation 20232458 : EXECUTING
12:15:29 INFO  State of operation 20232458 : EXECUTING
12:15:31 INFO  State of operation 20232458 : EXECUTING
12:15:33 INFO  State of operation 20232458 : EXECUTING
12:15:36 INFO  State of operation 20232458 : EXECUTING
12:15:38 INFO  State of operation 20232458 : EXECUTING
12:15:41 INFO  State of operation 20232458 : EXECUTING
12:15:43 INFO  State of operation 20232458 : EXECUTING
12:15:46 INFO  State of operation 20232458 : EXECUTING
12:15:48 INFO  State of operation 20232458 : EXECUTING
12:15:50 INFO  State of operation 20232458 : EXECUTING
12:15:53 INFO  State of operation 20232458 : EXECUTING
12:15:55 INFO  State of operation 20232458 : EXECUTING
12:15:57 INFO  State of operation 20232458 : EXECUTING
12:15:59 INFO  State of operation 20232458 : EXECUTING
12:16:01 INFO  State of operation 20232458 : EXECUTING
12:16:04 INFO  State of operation 20232458 : EXECUTING
12:16:06 INFO  State of operation 20232458 : EXECUTING
12:16:08 INFO  State of operation 20232458 : EXECUTING
12:16:11 INFO  State of operation 20232458 : EXECUTING
12:16:13 INFO  State of operation 20232458 : EXECUTING
12:16:15 INFO  State of operation 20232458 : EXECUTING
12:16:17 INFO  State of operation 20232458 : EXECUTING
12:16:20 INFO  State of operation 20232458 : EXECUTING
12:16:22 INFO  State of operation 20232458 : SUCCESSFUL
12:16:22 INFO  Package apple is installed
12:16:22 INFO  Assert that (True == value) with value=True ... passed
12:16:22 INFO  Package banana is installed
12:16:22 INFO  Assert that (True == value) with value=True ... passed
12:16:22 INFO  Package cherry is installed
12:16:22 INFO  Assert that (True == value) with value=True ... passed
12:16:23 INFO  Package asciijump is installed
12:16:23 INFO  Assert that (True == value) with value=True ... passed
12:16:23 INFO  Package registry is installed
12:16:23 INFO  Assert that (True == value) with value=True ... passed
12:16:23 INFO  Response status: 201
12:16:23 INFO  Response to action: {
    &quot;creationTime&quot;: &quot;2022-06-15T12:16:23.545Z&quot;,
    &quot;deviceName&quot;: &quot;m32sd10d&quot;,
    &quot;deviceId&quot;: &quot;20220945&quot;,
    &quot;self&quot;: &quot;https://t493319102.eu-latest.cumulocity.com/devicecontrol/operations/20232469&quot;,
    &quot;id&quot;: &quot;20232469&quot;,
    &quot;status&quot;: &quot;PENDING&quot;,
    &quot;description&quot;: &quot;Apply software changes, triggered from PySys: [{'action': 'delete', 'id': '5495053', 'name': 'apple', 'url': ' ', 'version': '::fruits'}, {'action': 'delete', 'id': '5494888', 'name': 'banana', 'url': ' ', 'version': '::fruits'}, {'action': 'delete', 'id': '5475369', 'name': 'asciijump', 'url': ' ', 'version': '::apt'}, {'action': 'delete', 'id': '5495382', 'name': 'cherry', 'url': ' ', 'version': '::fruits'}, {'action': 'delete', 'id': '8018911', 'name': 'registry', 'url': ' ', 'version': '::docker'}]&quot;,
    &quot;c8y_SoftwareUpdate&quot;: [
        {
            &quot;name&quot;: &quot;apple&quot;,
            &quot;action&quot;: &quot;delete&quot;,
            &quot;id&quot;: &quot;5495053&quot;,
            &quot;version&quot;: &quot;::fruits&quot;,
            &quot;url&quot;: &quot; &quot;
        },
        {
            &quot;name&quot;: &quot;banana&quot;,
            &quot;action&quot;: &quot;delete&quot;,
            &quot;id&quot;: &quot;5494888&quot;,
            &quot;version&quot;: &quot;::fruits&quot;,
            &quot;url&quot;: &quot; &quot;
        },
        {
            &quot;name&quot;: &quot;asciijump&quot;,
            &quot;action&quot;: &quot;delete&quot;,
            &quot;id&quot;: &quot;5475369&quot;,
            &quot;version&quot;: &quot;::apt&quot;,
            &quot;url&quot;: &quot; &quot;
        },
        {
            &quot;name&quot;: &quot;cherry&quot;,
            &quot;action&quot;: &quot;delete&quot;,
            &quot;id&quot;: &quot;5495382&quot;,
            &quot;version&quot;: &quot;::fruits&quot;,
            &quot;url&quot;: &quot; &quot;
        },
        {
            &quot;name&quot;: &quot;registry&quot;,
            &quot;action&quot;: &quot;delete&quot;,
            &quot;id&quot;: &quot;8018911&quot;,
            &quot;version&quot;: &quot;::docker&quot;,
            &quot;url&quot;: &quot; &quot;
        }
    ]
}
12:16:23 INFO  Started operation: {'creationTime': '2022-06-15T12:16:23.545Z', 'deviceName': 'm32sd10d', 'deviceId': '20220945', 'self': 'https://t493319102.eu-latest.cumulocity.com/devicecontrol/operations/20232469', 'id': '20232469', 'status': 'PENDING', 'description': &quot;Apply software changes, triggered from PySys: [{'action': 'delete', 'id': '5495053', 'name': 'apple', 'url': ' ', 'version': '::fruits'}, {'action': 'delete', 'id': '5494888', 'name': 'banana', 'url': ' ', 'version': '::fruits'}, {'action': 'delete', 'id': '5475369', 'name': 'asciijump', 'url': ' ', 'version': '::apt'}, {'action': 'delete', 'id': '5495382', 'name': 'cherry', 'url': ' ', 'version': '::fruits'}, {'action': 'delete', 'id': '8018911', 'name': 'registry', 'url': ' ', 'version': '::docker'}]&quot;, 'c8y_SoftwareUpdate': [{'name': 'apple', 'action': 'delete', 'id': '5495053', 'version': '::fruits', 'url': ' '}, {'name': 'banana', 'action': 'delete', 'id': '5494888', 'version': '::fruits', 'url': ' '}, {'name': 'asciijump', 'action': 'delete', 'id': '5475369', 'version': '::apt', 'url': ' '}, {'name': 'cherry', 'action': 'delete', 'id': '5495382', 'version': '::fruits', 'url': ' '}, {'name': 'registry', 'action': 'delete', 'id': '8018911', 'version': '::docker', 'url': ' '}]}
12:16:25 INFO  State of operation 20232469 : PENDING
12:16:28 INFO  State of operation 20232469 : EXECUTING
12:16:30 INFO  State of operation 20232469 : EXECUTING
12:16:32 INFO  State of operation 20232469 : EXECUTING
12:16:34 INFO  State of operation 20232469 : EXECUTING
12:16:36 INFO  State of operation 20232469 : EXECUTING
12:16:39 INFO  State of operation 20232469 : EXECUTING
12:16:42 INFO  State of operation 20232469 : EXECUTING
12:16:44 INFO  State of operation 20232469 : EXECUTING
12:16:47 INFO  State of operation 20232469 : EXECUTING
12:16:49 INFO  State of operation 20232469 : EXECUTING
12:16:51 INFO  State of operation 20232469 : EXECUTING
12:16:54 INFO  State of operation 20232469 : EXECUTING
12:16:56 INFO  State of operation 20232469 : EXECUTING
12:16:58 INFO  State of operation 20232469 : EXECUTING
12:17:00 INFO  State of operation 20232469 : EXECUTING
12:17:03 INFO  State of operation 20232469 : EXECUTING
12:17:06 INFO  State of operation 20232469 : EXECUTING
12:17:08 INFO  State of operation 20232469 : EXECUTING
12:17:10 INFO  State of operation 20232469 : EXECUTING
12:17:12 INFO  State of operation 20232469 : EXECUTING
12:17:14 INFO  State of operation 20232469 : EXECUTING
12:17:17 INFO  State of operation 20232469 : EXECUTING
12:17:19 INFO  State of operation 20232469 : EXECUTING
12:17:22 INFO  State of operation 20232469 : EXECUTING
12:17:24 INFO  State of operation 20232469 : EXECUTING
12:17:26 INFO  State of operation 20232469 : EXECUTING
12:17:29 INFO  State of operation 20232469 : EXECUTING
12:17:31 INFO  State of operation 20232469 : EXECUTING
12:17:33 INFO  State of operation 20232469 : SUCCESSFUL
12:17:33 INFO  Package apple is installed
12:17:33 INFO  Assert that (True == value) with value=True ... passed
12:17:34 INFO  Package banana is installed
12:17:34 INFO  Assert that (True == value) with value=True ... passed
12:17:34 INFO  Package cherry is installed
12:17:34 INFO  Assert that (True == value) with value=True ... passed
12:17:34 INFO  Assert that (False == value) with value=False ... passed
12:17:34 INFO  Assert that (False == value) with value=False ... passed
12:17:34 INFO  
12:17:34 INFO  cleanup:
12:17:39 INFO  Executed sudo&lt;tedge_disconnect_c8y&gt;, exit status 0
12:17:39 INFO  Executed systemctl&lt;serv_mapper5&gt;, exit status 3
12:17:39 INFO  
12:17:39 INFO  Test duration: 163.93 secs
12:17:39 INFO  Test final outcome:  FAILED
12:17:39 INFO  Test outcome reason: Assert that (False == value) with value=True
12:17:39 INFO  
</system-out>
	</testcase>
</testsuite>
