<?xml version="1.0" encoding="utf-8"?>
<testsuite failures="1" name="SoftwareManagement.sm_apt_install_remove_multiple" skipped="0" tests="1" time="136.01" timestamp="2022-05-20T12:20:50">
	<testcase classname="PySysTest" name="SoftwareManagement.sm_apt_install_remove_multiple">
		<failure message="FAILED: Assert that (False == value) with value=True (+2 other failures)" type="FAILED"/>
		<system-out>12:18:34 INFO  ==============================================================
12:18:34 INFO  Id:    SoftwareManagement.sm_apt_install_remove_multiple
12:18:34 INFO  Dir:   software_management_end_to_end/
12:18:34 INFO  Title: Validate end to end behaviour for the apt plugin for multiple packages
12:18:34 INFO  ==============================================================
12:18:34 INFO  Using sw id database: {'asciijump': '5475369', 'robotfindskitten': '5474869', 'squirrel3': '5475279', 'rolldice': '5152439', 'moon-buggy': '5439204', 'apple': '5495053', 'banana': '5494888', 'cherry': '5495382', 'watermelon': '5494510', 'registry': '8018911', 'hello-world': '8021526', 'docker/getting-started': '8021973', 'alpine': '7991792'}
12:18:34 INFO  EnvironmentC8y Setup
12:18:35 INFO  Executed systemctl&lt;serv_mapper1&gt;, exit status 3
12:18:35 INFO  Restarting mosquitto too frequently in the last 10 seconds. It was only up for 5 seconds
12:18:35 INFO  Delaying execution by 6 seconds
12:18:55 INFO  Executed sudo&lt;tedge_connect_c8y&gt;, exit status 0, duration 13 secs
12:18:56 INFO  Executed sudo&lt;tedge_connect_c8y_test&gt;, exit status 0
12:18:56 INFO  Executed systemctl&lt;serv_mosq2&gt;, exit status 0
12:18:56 INFO  Executed systemctl&lt;serv_mapper3&gt;, exit status 0
12:18:59 INFO  State of current operation: SUCCESSFUL
12:18:59 INFO  Assert that (False == value) with value=False ... passed
12:18:59 INFO  Package asciijump is installed
12:18:59 WARN  Assert that (False == value) with value=True ... failed 
12:19:00 INFO  Package squirrel3 is installed
12:19:00 WARN  Assert that (False == value) with value=True ... failed 
12:19:00 INFO  Package robotfindskitten is installed
12:19:00 WARN  Assert that (False == value) with value=True ... failed 
12:19:00 INFO  Response status: 201
12:19:00 INFO  Response to action: {
    &quot;creationTime&quot;: &quot;2022-05-20T12:19:00.649Z&quot;,
    &quot;deviceId&quot;: &quot;19397480&quot;,
    &quot;deviceName&quot;: &quot;m32sd10d&quot;,
    &quot;self&quot;: &quot;https://t493319102.eu-latest.cumulocity.com/devicecontrol/operations/19409480&quot;,
    &quot;id&quot;: &quot;19409480&quot;,
    &quot;status&quot;: &quot;PENDING&quot;,
    &quot;description&quot;: &quot;Apply software changes, triggered from PySys: [{'action': 'install', 'id': '5475369', 'name': 'asciijump', 'url': ' ', 'version': '::apt'}, {'action': 'install', 'id': '5474869', 'name': 'robotfindskitten', 'url': ' ', 'version': '::apt'}, {'action': 'install', 'id': '5475279', 'name': 'squirrel3', 'url': ' ', 'version': '::apt'}]&quot;,
    &quot;c8y_SoftwareUpdate&quot;: [
        {
            &quot;name&quot;: &quot;asciijump&quot;,
            &quot;action&quot;: &quot;install&quot;,
            &quot;id&quot;: &quot;5475369&quot;,
            &quot;version&quot;: &quot;::apt&quot;,
            &quot;url&quot;: &quot; &quot;
        },
        {
            &quot;name&quot;: &quot;robotfindskitten&quot;,
            &quot;action&quot;: &quot;install&quot;,
            &quot;id&quot;: &quot;5474869&quot;,
            &quot;version&quot;: &quot;::apt&quot;,
            &quot;url&quot;: &quot; &quot;
        },
        {
            &quot;name&quot;: &quot;squirrel3&quot;,
            &quot;action&quot;: &quot;install&quot;,
            &quot;id&quot;: &quot;5475279&quot;,
            &quot;version&quot;: &quot;::apt&quot;,
            &quot;url&quot;: &quot; &quot;
        }
    ]
}
12:19:00 INFO  Started operation: {'creationTime': '2022-05-20T12:19:00.649Z', 'deviceId': '19397480', 'deviceName': 'm32sd10d', 'self': 'https://t493319102.eu-latest.cumulocity.com/devicecontrol/operations/19409480', 'id': '19409480', 'status': 'PENDING', 'description': &quot;Apply software changes, triggered from PySys: [{'action': 'install', 'id': '5475369', 'name': 'asciijump', 'url': ' ', 'version': '::apt'}, {'action': 'install', 'id': '5474869', 'name': 'robotfindskitten', 'url': ' ', 'version': '::apt'}, {'action': 'install', 'id': '5475279', 'name': 'squirrel3', 'url': ' ', 'version': '::apt'}]&quot;, 'c8y_SoftwareUpdate': [{'name': 'asciijump', 'action': 'install', 'id': '5475369', 'version': '::apt', 'url': ' '}, {'name': 'robotfindskitten', 'action': 'install', 'id': '5474869', 'version': '::apt', 'url': ' '}, {'name': 'squirrel3', 'action': 'install', 'id': '5475279', 'version': '::apt', 'url': ' '}]}
12:19:02 INFO  State of operation 19409480 : PENDING
12:19:05 INFO  State of operation 19409480 : EXECUTING
12:19:07 INFO  State of operation 19409480 : EXECUTING
12:19:09 INFO  State of operation 19409480 : EXECUTING
12:19:11 INFO  State of operation 19409480 : EXECUTING
12:19:14 INFO  State of operation 19409480 : EXECUTING
12:19:16 INFO  State of operation 19409480 : EXECUTING
12:19:19 INFO  State of operation 19409480 : EXECUTING
12:19:21 INFO  State of operation 19409480 : EXECUTING
12:19:24 INFO  State of operation 19409480 : EXECUTING
12:19:26 INFO  State of operation 19409480 : EXECUTING
12:19:28 INFO  State of operation 19409480 : EXECUTING
12:19:30 INFO  State of operation 19409480 : EXECUTING
12:19:33 INFO  State of operation 19409480 : EXECUTING
12:19:35 INFO  State of operation 19409480 : EXECUTING
12:19:37 INFO  State of operation 19409480 : SUCCESSFUL
12:19:37 INFO  Assert that (False == value) with value=False ... passed
12:19:38 INFO  Package asciijump is installed
12:19:38 INFO  Assert that (True == value) with value=True ... passed
12:19:38 INFO  Package squirrel3 is installed
12:19:38 INFO  Assert that (True == value) with value=True ... passed
12:19:38 INFO  Package robotfindskitten is installed
12:19:38 INFO  Assert that (True == value) with value=True ... passed
12:19:38 INFO  Response status: 201
12:19:38 INFO  Response to action: {
    &quot;creationTime&quot;: &quot;2022-05-20T12:19:38.653Z&quot;,
    &quot;deviceId&quot;: &quot;19397480&quot;,
    &quot;deviceName&quot;: &quot;m32sd10d&quot;,
    &quot;self&quot;: &quot;https://t493319102.eu-latest.cumulocity.com/devicecontrol/operations/19409488&quot;,
    &quot;id&quot;: &quot;19409488&quot;,
    &quot;status&quot;: &quot;PENDING&quot;,
    &quot;description&quot;: &quot;Apply software changes, triggered from PySys: [{'action': 'delete', 'id': '5475369', 'name': 'asciijump', 'url': ' ', 'version': '::apt'}, {'action': 'delete', 'id': '5474869', 'name': 'robotfindskitten', 'url': ' ', 'version': '::apt'}, {'action': 'delete', 'id': '5475279', 'name': 'squirrel3', 'url': ' ', 'version': '::apt'}]&quot;,
    &quot;c8y_SoftwareUpdate&quot;: [
        {
            &quot;name&quot;: &quot;asciijump&quot;,
            &quot;action&quot;: &quot;delete&quot;,
            &quot;id&quot;: &quot;5475369&quot;,
            &quot;version&quot;: &quot;::apt&quot;,
            &quot;url&quot;: &quot; &quot;
        },
        {
            &quot;name&quot;: &quot;robotfindskitten&quot;,
            &quot;action&quot;: &quot;delete&quot;,
            &quot;id&quot;: &quot;5474869&quot;,
            &quot;version&quot;: &quot;::apt&quot;,
            &quot;url&quot;: &quot; &quot;
        },
        {
            &quot;name&quot;: &quot;squirrel3&quot;,
            &quot;action&quot;: &quot;delete&quot;,
            &quot;id&quot;: &quot;5475279&quot;,
            &quot;version&quot;: &quot;::apt&quot;,
            &quot;url&quot;: &quot; &quot;
        }
    ]
}
12:19:38 INFO  Started operation: {'creationTime': '2022-05-20T12:19:38.653Z', 'deviceId': '19397480', 'deviceName': 'm32sd10d', 'self': 'https://t493319102.eu-latest.cumulocity.com/devicecontrol/operations/19409488', 'id': '19409488', 'status': 'PENDING', 'description': &quot;Apply software changes, triggered from PySys: [{'action': 'delete', 'id': '5475369', 'name': 'asciijump', 'url': ' ', 'version': '::apt'}, {'action': 'delete', 'id': '5474869', 'name': 'robotfindskitten', 'url': ' ', 'version': '::apt'}, {'action': 'delete', 'id': '5475279', 'name': 'squirrel3', 'url': ' ', 'version': '::apt'}]&quot;, 'c8y_SoftwareUpdate': [{'name': 'asciijump', 'action': 'delete', 'id': '5475369', 'version': '::apt', 'url': ' '}, {'name': 'robotfindskitten', 'action': 'delete', 'id': '5474869', 'version': '::apt', 'url': ' '}, {'name': 'squirrel3', 'action': 'delete', 'id': '5475279', 'version': '::apt', 'url': ' '}]}
12:19:40 INFO  State of operation 19409488 : PENDING
12:19:43 INFO  State of operation 19409488 : EXECUTING
12:19:45 INFO  State of operation 19409488 : EXECUTING
12:19:47 INFO  State of operation 19409488 : EXECUTING
12:19:49 INFO  State of operation 19409488 : EXECUTING
12:19:52 INFO  State of operation 19409488 : EXECUTING
12:19:54 INFO  State of operation 19409488 : EXECUTING
12:19:58 INFO  State of operation 19409488 : EXECUTING
12:20:00 INFO  State of operation 19409488 : EXECUTING
12:20:02 INFO  State of operation 19409488 : EXECUTING
12:20:05 INFO  State of operation 19409488 : EXECUTING
12:20:07 INFO  State of operation 19409488 : EXECUTING
12:20:09 INFO  State of operation 19409488 : EXECUTING
12:20:11 INFO  State of operation 19409488 : EXECUTING
12:20:14 INFO  State of operation 19409488 : EXECUTING
12:20:16 INFO  State of operation 19409488 : EXECUTING
12:20:18 INFO  State of operation 19409488 : EXECUTING
12:20:21 INFO  State of operation 19409488 : EXECUTING
12:20:24 INFO  State of operation 19409488 : EXECUTING
12:20:26 INFO  State of operation 19409488 : EXECUTING
12:20:28 INFO  State of operation 19409488 : EXECUTING
12:20:30 INFO  State of operation 19409488 : EXECUTING
12:20:33 INFO  State of operation 19409488 : EXECUTING
12:20:35 INFO  State of operation 19409488 : EXECUTING
12:20:38 INFO  State of operation 19409488 : EXECUTING
12:20:40 INFO  State of operation 19409488 : EXECUTING
12:20:43 INFO  State of operation 19409488 : EXECUTING
12:20:45 INFO  State of operation 19409488 : SUCCESSFUL
12:20:45 INFO  Assert that (False == value) with value=False ... passed
12:20:45 INFO  Assert that (False == value) with value=False ... passed
12:20:46 INFO  Assert that (False == value) with value=False ... passed
12:20:46 INFO  Assert that (False == value) with value=False ... passed
12:20:46 INFO  
12:20:46 INFO  cleanup:
12:20:50 INFO  Executed sudo&lt;tedge_disconnect_c8y&gt;, exit status 0
12:20:50 INFO  Executed systemctl&lt;serv_mapper5&gt;, exit status 3
12:20:50 INFO  
12:20:50 INFO  Test duration: 136.01 secs
12:20:50 INFO  Test final outcome:  FAILED
12:20:50 INFO  Test outcome reason: Assert that (False == value) with value=True (+2 other failures)
12:20:50 INFO  
</system-out>
	</testcase>
</testsuite>
