<?xml version="1.0" encoding="utf-8"?>
<testsuite failures="1" name="SoftwareManagement.sm_docker_install_remove_multiple" skipped="0" tests="1" time="166.82" timestamp="2022-05-23T16:21:59">
	<testcase classname="SMDockerInstallRemove" name="SoftwareManagement.sm_docker_install_remove_multiple">
		<failure message="BLOCKED: SystemError: Timeout while waiting for status FAILED or SUCCESSFUL" type="BLOCKED"/>
		<system-out>16:19:13 INFO  ==============================================================
16:19:13 INFO  Id:    SoftwareManagement.sm_docker_install_remove_multiple
16:19:13 INFO  Dir:   software_management_end_to_end/
16:19:13 INFO  Title: Validate end to end behaviour for the docker plugin for multiple docker images with mixed versions
16:19:13 INFO  ==============================================================
16:19:13 INFO  Using sw id database: {'asciijump': '5475369', 'robotfindskitten': '5474869', 'squirrel3': '5475279', 'rolldice': '5152439', 'moon-buggy': '5439204', 'apple': '5495053', 'banana': '5494888', 'cherry': '5495382', 'watermelon': '5494510', 'registry': '8018911', 'hello-world': '8021526', 'docker/getting-started': '8021973', 'alpine': '7991792'}
16:19:13 INFO  EnvironmentC8y Setup
16:19:13 INFO  Executed systemctl&lt;serv_mapper1&gt;, exit status 3
16:19:13 INFO  Restarting mosquitto too frequently in the last 10 seconds. It was only up for 4 seconds
16:19:13 INFO  Delaying execution by 7 seconds
16:19:34 INFO  Executed sudo&lt;tedge_connect_c8y&gt;, exit status 0, duration 14 secs
16:19:35 INFO  Executed sudo&lt;tedge_connect_c8y_test&gt;, exit status 0
16:19:35 INFO  Executed systemctl&lt;serv_mosq2&gt;, exit status 0
16:19:36 INFO  Executed systemctl&lt;serv_mapper3&gt;, exit status 0
16:19:38 INFO  State of current operation: PENDING
16:19:40 INFO  State of current operation: PENDING
16:19:43 INFO  State of current operation: PENDING
16:19:45 INFO  State of current operation: PENDING
16:19:47 INFO  State of current operation: PENDING
16:19:49 INFO  State of current operation: PENDING
16:19:52 INFO  State of current operation: PENDING
16:19:54 INFO  State of current operation: PENDING
16:19:56 INFO  State of current operation: PENDING
16:19:58 INFO  State of current operation: PENDING
16:20:01 INFO  State of current operation: PENDING
16:20:03 INFO  State of current operation: PENDING
16:20:05 INFO  State of current operation: PENDING
16:20:07 INFO  State of current operation: PENDING
16:20:10 INFO  State of current operation: PENDING
16:20:12 INFO  State of current operation: PENDING
16:20:14 INFO  State of current operation: PENDING
16:20:16 INFO  State of current operation: PENDING
16:20:18 INFO  State of current operation: PENDING
16:20:21 INFO  State of current operation: PENDING
16:20:23 INFO  State of current operation: PENDING
16:20:25 INFO  State of current operation: PENDING
16:20:27 INFO  State of current operation: PENDING
16:20:30 INFO  State of current operation: PENDING
16:20:32 INFO  State of current operation: PENDING
16:20:34 INFO  State of current operation: PENDING
16:20:36 INFO  State of current operation: PENDING
16:20:39 INFO  State of current operation: PENDING
16:20:41 INFO  State of current operation: PENDING
16:20:43 INFO  State of current operation: PENDING
16:20:45 INFO  State of current operation: PENDING
16:20:47 INFO  State of current operation: PENDING
16:20:50 INFO  State of current operation: PENDING
16:20:52 INFO  State of current operation: PENDING
16:20:54 INFO  State of current operation: PENDING
16:20:56 INFO  State of current operation: PENDING
16:20:59 INFO  State of current operation: PENDING
16:21:01 INFO  State of current operation: PENDING
16:21:03 INFO  State of current operation: PENDING
16:21:05 INFO  State of current operation: PENDING
16:21:08 INFO  State of current operation: PENDING
16:21:10 INFO  State of current operation: PENDING
16:21:12 INFO  State of current operation: PENDING
16:21:14 INFO  State of current operation: PENDING
16:21:16 INFO  State of current operation: PENDING
16:21:19 INFO  State of current operation: PENDING
16:21:21 INFO  State of current operation: PENDING
16:21:23 INFO  State of current operation: PENDING
16:21:26 INFO  State of current operation: PENDING
16:21:28 INFO  State of current operation: PENDING
16:21:30 INFO  State of current operation: PENDING
16:21:32 INFO  State of current operation: PENDING
16:21:34 INFO  State of current operation: PENDING
16:21:37 INFO  State of current operation: PENDING
16:21:39 INFO  State of current operation: PENDING
16:21:41 INFO  State of current operation: PENDING
16:21:44 INFO  State of current operation: PENDING
16:21:46 INFO  State of current operation: PENDING
16:21:48 INFO  State of current operation: PENDING
16:21:50 INFO  State of current operation: PENDING
16:21:53 INFO  State of current operation: PENDING
16:21:55 WARN  SystemError occurred while running test - Timeout while waiting for status FAILED or SUCCESSFUL
Traceback (most recent call last):
  File &quot;/home/pi/env-pysys/lib/python3.7/site-packages/pysys/baserunner.py&quot;, line 1292, in __call__
    self.testObj.setup()
  File &quot;/home/pi/actions-runner/_work/thin-edge.io/thin-edge.io/tests/PySys/software_management_end_to_end/sm_docker_install_remove_multiple/run.py&quot;, line 29, in setup
    super().setup()
  File &quot;/home/pi/actions-runner/_work/thin-edge.io/thin-edge.io/tests/PySys/software_management_end_to_end/environment_sm_management.py&quot;, line 151, in setup
    self.wait_until_end()
  File &quot;/home/pi/actions-runner/_work/thin-edge.io/thin-edge.io/tests/PySys/software_management_end_to_end/environment_sm_management.py&quot;, line 332, in wait_until_end
    self.wait_until_status(&quot;FAILED&quot;, &quot;SUCCESSFUL&quot;)
  File &quot;/home/pi/actions-runner/_work/thin-edge.io/thin-edge.io/tests/PySys/software_management_end_to_end/environment_sm_management.py&quot;, line 381, in wait_until_status
    &quot;Timeout while waiting for status %s or %s&quot; % (status, status2)
SystemError: Timeout while waiting for status FAILED or SUCCESSFUL
16:21:55 WARN  SystemError: Timeout while waiting for status FAILED or SUCCESSFUL ... blocked 
16:21:55 INFO  
16:21:55 INFO  cleanup:
16:21:59 INFO  Executed sudo&lt;tedge_disconnect_c8y&gt;, exit status 0
16:21:59 INFO  Executed systemctl&lt;serv_mapper5&gt;, exit status 3
16:21:59 INFO  
16:21:59 INFO  Test duration: 166.82 secs
16:21:59 INFO  Test final outcome:  BLOCKED
16:21:59 INFO  Test outcome reason: SystemError: Timeout while waiting for status FAILED or SUCCESSFUL
16:21:59 INFO  
</system-out>
	</testcase>
</testsuite>
