<?xml version="1.0" encoding="utf-8"?>
<testsuite failures="1" name="SoftwareManagement.sm_apt_install_remove_multiple" skipped="0" tests="1" time="139.26" timestamp="2022-06-29T18:06:40">
	<testcase classname="PySysTest" name="SoftwareManagement.sm_apt_install_remove_multiple">
		<failure message="FAILED: Assert that (False == value) with value=True (+2 other failures)" type="FAILED"/>
		<system-out>18:04:21 INFO  ==============================================================
18:04:21 INFO  Id:    SoftwareManagement.sm_apt_install_remove_multiple
18:04:21 INFO  Dir:   software_management_end_to_end/
18:04:21 INFO  Title: Validate end to end behaviour for the apt plugin for multiple packages
18:04:21 INFO  ==============================================================
18:04:21 INFO  Using sw id database: {'asciijump': '5475369', 'robotfindskitten': '5474869', 'squirrel3': '5475279', 'rolldice': '5152439', 'moon-buggy': '5439204', 'apple': '5495053', 'banana': '5494888', 'cherry': '5495382', 'watermelon': '5494510', 'registry': '8018911', 'hello-world': '8021526', 'docker/getting-started': '8021973', 'alpine': '7991792'}
18:04:21 INFO  EnvironmentC8y Setup
18:04:21 INFO  Executed systemctl&lt;serv_mapper1&gt;, exit status 3
18:04:21 INFO  Restarting mosquitto too frequently in the last 10 seconds. It was only up for 4 seconds
18:04:21 INFO  Delaying execution by 7 seconds
18:04:42 INFO  Executed sudo&lt;tedge_connect_c8y&gt;, exit status 0, duration 13 secs
18:04:43 INFO  Executed sudo&lt;tedge_connect_c8y_test&gt;, exit status 0
18:04:43 INFO  Executed systemctl&lt;serv_mosq2&gt;, exit status 0
18:04:44 INFO  Executed systemctl&lt;serv_mapper3&gt;, exit status 0
18:04:46 INFO  State of current operation: SUCCESSFUL
18:04:46 INFO  Assert that (False == value) with value=False ... passed
18:04:47 INFO  Package asciijump is installed
18:04:47 WARN  Assert that (False == value) with value=True ... failed 
18:04:47 INFO  Package squirrel3 is installed
18:04:47 WARN  Assert that (False == value) with value=True ... failed 
18:04:47 INFO  Package robotfindskitten is installed
18:04:47 WARN  Assert that (False == value) with value=True ... failed 
18:04:48 INFO  Response status: 201
18:04:48 INFO  Response to action: {
    &quot;creationTime&quot;: &quot;2022-06-29T18:04:48.146Z&quot;,
    &quot;deviceId&quot;: &quot;20610793&quot;,
    &quot;deviceName&quot;: &quot;m32sd10d&quot;,
    &quot;self&quot;: &quot;https://t493319102.eu-latest.cumulocity.com/devicecontrol/operations/20626703&quot;,
    &quot;id&quot;: &quot;20626703&quot;,
    &quot;status&quot;: &quot;PENDING&quot;,
    &quot;description&quot;: &quot;Apply software changes, triggered from PySys: [{'action': 'install', 'id': '5475369', 'name': 'asciijump', 'url': ' ', 'version': '::apt'}, {'action': 'install', 'id': '5474869', 'name': 'robotfindskitten', 'url': ' ', 'version': '::apt'}, {'action': 'install', 'id': '5475279', 'name': 'squirrel3', 'url': ' ', 'version': '::apt'}]&quot;,
    &quot;c8y_SoftwareUpdate&quot;: [
        {
            &quot;name&quot;: &quot;asciijump&quot;,
            &quot;action&quot;: &quot;install&quot;,
            &quot;id&quot;: &quot;5475369&quot;,
            &quot;version&quot;: &quot;::apt&quot;,
            &quot;url&quot;: &quot; &quot;
        },
        {
            &quot;name&quot;: &quot;robotfindskitten&quot;,
            &quot;action&quot;: &quot;install&quot;,
            &quot;id&quot;: &quot;5474869&quot;,
            &quot;version&quot;: &quot;::apt&quot;,
            &quot;url&quot;: &quot; &quot;
        },
        {
            &quot;name&quot;: &quot;squirrel3&quot;,
            &quot;action&quot;: &quot;install&quot;,
            &quot;id&quot;: &quot;5475279&quot;,
            &quot;version&quot;: &quot;::apt&quot;,
            &quot;url&quot;: &quot; &quot;
        }
    ]
}
18:04:48 INFO  Started operation: {'creationTime': '2022-06-29T18:04:48.146Z', 'deviceId': '20610793', 'deviceName': 'm32sd10d', 'self': 'https://t493319102.eu-latest.cumulocity.com/devicecontrol/operations/20626703', 'id': '20626703', 'status': 'PENDING', 'description': &quot;Apply software changes, triggered from PySys: [{'action': 'install', 'id': '5475369', 'name': 'asciijump', 'url': ' ', 'version': '::apt'}, {'action': 'install', 'id': '5474869', 'name': 'robotfindskitten', 'url': ' ', 'version': '::apt'}, {'action': 'install', 'id': '5475279', 'name': 'squirrel3', 'url': ' ', 'version': '::apt'}]&quot;, 'c8y_SoftwareUpdate': [{'name': 'asciijump', 'action': 'install', 'id': '5475369', 'version': '::apt', 'url': ' '}, {'name': 'robotfindskitten', 'action': 'install', 'id': '5474869', 'version': '::apt', 'url': ' '}, {'name': 'squirrel3', 'action': 'install', 'id': '5475279', 'version': '::apt', 'url': ' '}]}
18:04:50 INFO  State of operation 20626703 : PENDING
18:04:52 INFO  State of operation 20626703 : EXECUTING
18:04:54 INFO  State of operation 20626703 : EXECUTING
18:04:57 INFO  State of operation 20626703 : EXECUTING
18:04:59 INFO  State of operation 20626703 : EXECUTING
18:05:01 INFO  State of operation 20626703 : EXECUTING
18:05:04 INFO  State of operation 20626703 : EXECUTING
18:05:07 INFO  State of operation 20626703 : EXECUTING
18:05:09 INFO  State of operation 20626703 : EXECUTING
18:05:12 INFO  State of operation 20626703 : EXECUTING
18:05:14 INFO  State of operation 20626703 : EXECUTING
18:05:16 INFO  State of operation 20626703 : EXECUTING
18:05:18 INFO  State of operation 20626703 : EXECUTING
18:05:21 INFO  State of operation 20626703 : EXECUTING
18:05:23 INFO  State of operation 20626703 : EXECUTING
18:05:25 INFO  State of operation 20626703 : SUCCESSFUL
18:05:25 INFO  Assert that (False == value) with value=False ... passed
18:05:25 INFO  Package asciijump is installed
18:05:25 INFO  Assert that (True == value) with value=True ... passed
18:05:26 INFO  Package squirrel3 is installed
18:05:26 INFO  Assert that (True == value) with value=True ... passed
18:05:26 INFO  Package robotfindskitten is installed
18:05:26 INFO  Assert that (True == value) with value=True ... passed
18:05:26 INFO  Response status: 201
18:05:26 INFO  Response to action: {
    &quot;creationTime&quot;: &quot;2022-06-29T18:05:26.607Z&quot;,
    &quot;deviceId&quot;: &quot;20610793&quot;,
    &quot;deviceName&quot;: &quot;m32sd10d&quot;,
    &quot;self&quot;: &quot;https://t493319102.eu-latest.cumulocity.com/devicecontrol/operations/20626711&quot;,
    &quot;id&quot;: &quot;20626711&quot;,
    &quot;status&quot;: &quot;PENDING&quot;,
    &quot;description&quot;: &quot;Apply software changes, triggered from PySys: [{'action': 'delete', 'id': '5475369', 'name': 'asciijump', 'url': ' ', 'version': '::apt'}, {'action': 'delete', 'id': '5474869', 'name': 'robotfindskitten', 'url': ' ', 'version': '::apt'}, {'action': 'delete', 'id': '5475279', 'name': 'squirrel3', 'url': ' ', 'version': '::apt'}]&quot;,
    &quot;c8y_SoftwareUpdate&quot;: [
        {
            &quot;name&quot;: &quot;asciijump&quot;,
            &quot;action&quot;: &quot;delete&quot;,
            &quot;id&quot;: &quot;5475369&quot;,
            &quot;version&quot;: &quot;::apt&quot;,
            &quot;url&quot;: &quot; &quot;
        },
        {
            &quot;name&quot;: &quot;robotfindskitten&quot;,
            &quot;action&quot;: &quot;delete&quot;,
            &quot;id&quot;: &quot;5474869&quot;,
            &quot;version&quot;: &quot;::apt&quot;,
            &quot;url&quot;: &quot; &quot;
        },
        {
            &quot;name&quot;: &quot;squirrel3&quot;,
            &quot;action&quot;: &quot;delete&quot;,
            &quot;id&quot;: &quot;5475279&quot;,
            &quot;version&quot;: &quot;::apt&quot;,
            &quot;url&quot;: &quot; &quot;
        }
    ]
}
18:05:26 INFO  Started operation: {'creationTime': '2022-06-29T18:05:26.607Z', 'deviceId': '20610793', 'deviceName': 'm32sd10d', 'self': 'https://t493319102.eu-latest.cumulocity.com/devicecontrol/operations/20626711', 'id': '20626711', 'status': 'PENDING', 'description': &quot;Apply software changes, triggered from PySys: [{'action': 'delete', 'id': '5475369', 'name': 'asciijump', 'url': ' ', 'version': '::apt'}, {'action': 'delete', 'id': '5474869', 'name': 'robotfindskitten', 'url': ' ', 'version': '::apt'}, {'action': 'delete', 'id': '5475279', 'name': 'squirrel3', 'url': ' ', 'version': '::apt'}]&quot;, 'c8y_SoftwareUpdate': [{'name': 'asciijump', 'action': 'delete', 'id': '5475369', 'version': '::apt', 'url': ' '}, {'name': 'robotfindskitten', 'action': 'delete', 'id': '5474869', 'version': '::apt', 'url': ' '}, {'name': 'squirrel3', 'action': 'delete', 'id': '5475279', 'version': '::apt', 'url': ' '}]}
18:05:29 INFO  State of operation 20626711 : PENDING
18:05:31 INFO  State of operation 20626711 : EXECUTING
18:05:33 INFO  State of operation 20626711 : EXECUTING
18:05:35 INFO  State of operation 20626711 : EXECUTING
18:05:38 INFO  State of operation 20626711 : EXECUTING
18:05:40 INFO  State of operation 20626711 : EXECUTING
18:05:43 INFO  State of operation 20626711 : EXECUTING
18:05:45 INFO  State of operation 20626711 : EXECUTING
18:05:48 INFO  State of operation 20626711 : EXECUTING
18:05:50 INFO  State of operation 20626711 : EXECUTING
18:05:52 INFO  State of operation 20626711 : EXECUTING
18:05:54 INFO  State of operation 20626711 : EXECUTING
18:05:57 INFO  State of operation 20626711 : EXECUTING
18:05:59 INFO  State of operation 20626711 : EXECUTING
18:06:01 INFO  State of operation 20626711 : EXECUTING
18:06:03 INFO  State of operation 20626711 : EXECUTING
18:06:06 INFO  State of operation 20626711 : EXECUTING
18:06:09 INFO  State of operation 20626711 : EXECUTING
18:06:11 INFO  State of operation 20626711 : EXECUTING
18:06:13 INFO  State of operation 20626711 : EXECUTING
18:06:16 INFO  State of operation 20626711 : EXECUTING
18:06:18 INFO  State of operation 20626711 : EXECUTING
18:06:20 INFO  State of operation 20626711 : EXECUTING
18:06:22 INFO  State of operation 20626711 : EXECUTING
18:06:25 INFO  State of operation 20626711 : EXECUTING
18:06:27 INFO  State of operation 20626711 : EXECUTING
18:06:30 INFO  State of operation 20626711 : EXECUTING
18:06:32 INFO  State of operation 20626711 : EXECUTING
18:06:34 INFO  State of operation 20626711 : SUCCESSFUL
18:06:35 INFO  Assert that (False == value) with value=False ... passed
18:06:35 INFO  Assert that (False == value) with value=False ... passed
18:06:35 INFO  Assert that (False == value) with value=False ... passed
18:06:35 INFO  Assert that (False == value) with value=False ... passed
18:06:35 INFO  
18:06:35 INFO  cleanup:
18:06:39 INFO  Executed sudo&lt;tedge_disconnect_c8y&gt;, exit status 0
18:06:40 INFO  Executed systemctl&lt;serv_mapper5&gt;, exit status 3
18:06:40 INFO  
18:06:40 INFO  Test duration: 139.26 secs
18:06:40 INFO  Test final outcome:  FAILED
18:06:40 INFO  Test outcome reason: Assert that (False == value) with value=True (+2 other failures)
18:06:40 INFO  
</system-out>
	</testcase>
</testsuite>
