<?xml version="1.0" encoding="utf-8"?>
<testsuite failures="1" name="SoftwareManagement.sm_apt_install_remove_default" skipped="0" tests="1" time="116.77" timestamp="2022-07-25T09:37:45">
	<testcase classname="PySysTest" name="SoftwareManagement.sm_apt_install_remove_default">
		<failure message="FAILED: Assert that (False == value) with value=True" type="FAILED"/>
		<system-out>09:35:48 INFO  ==============================================================
09:35:48 INFO  Id:    SoftwareManagement.sm_apt_install_remove_default
09:35:48 INFO  Dir:   software_management_end_to_end/
09:35:48 INFO  Title: Validate end to end behaviour for the default plugin for installation and removal of packages
09:35:48 INFO  ==============================================================
09:35:48 INFO  Using sw id database: {'asciijump': '5475369', 'robotfindskitten': '5474869', 'squirrel3': '5475279', 'rolldice': '5152439', 'moon-buggy': '5439204', 'apple': '5495053', 'banana': '5494888', 'cherry': '5495382', 'watermelon': '5494510', 'registry': '8018911', 'hello-world': '8021526', 'docker/getting-started': '8021973', 'alpine': '7991792'}
09:35:48 INFO  EnvironmentC8y Setup
09:35:49 INFO  Executed systemctl&lt;serv_mapper1&gt;, exit status 3
09:35:49 INFO  Restarting mosquitto too frequently in the last 10 seconds. It was only up for 7 seconds
09:35:49 INFO  Delaying execution by 4 seconds
09:36:07 INFO  Executed sudo&lt;tedge_connect_c8y&gt;, exit status 0, duration 13 secs
09:36:07 INFO  Executed sudo&lt;tedge_connect_c8y_test&gt;, exit status 0
09:36:08 INFO  Executed systemctl&lt;serv_mosq2&gt;, exit status 0
09:36:08 INFO  Executed systemctl&lt;serv_mapper3&gt;, exit status 0
09:36:10 INFO  State of current operation: FAILED
09:36:11 INFO  Package rolldice is installed
09:36:11 WARN  Assert that (False == value) with value=True ... failed 
09:36:11 INFO  Response status: 201
09:36:11 INFO  Response to action: {
    &quot;creationTime&quot;: &quot;2022-07-25T09:36:11.769Z&quot;,
    &quot;deviceId&quot;: &quot;21358818&quot;,
    &quot;deviceName&quot;: &quot;m32sd10d&quot;,
    &quot;self&quot;: &quot;https://t493319102.eu-latest.cumulocity.com/devicecontrol/operations/21368554&quot;,
    &quot;id&quot;: &quot;21368554&quot;,
    &quot;status&quot;: &quot;PENDING&quot;,
    &quot;description&quot;: &quot;Apply software changes, triggered from PySys: [{'name': 'rolldice', 'id': '5152439', 'version': ' ', 'url': '', 'action': 'install'}]&quot;,
    &quot;c8y_SoftwareUpdate&quot;: [
        {
            &quot;name&quot;: &quot;rolldice&quot;,
            &quot;action&quot;: &quot;install&quot;,
            &quot;id&quot;: &quot;5152439&quot;,
            &quot;version&quot;: &quot; &quot;,
            &quot;url&quot;: &quot;&quot;
        }
    ]
}
09:36:11 INFO  Started operation: {'creationTime': '2022-07-25T09:36:11.769Z', 'deviceId': '21358818', 'deviceName': 'm32sd10d', 'self': 'https://t493319102.eu-latest.cumulocity.com/devicecontrol/operations/21368554', 'id': '21368554', 'status': 'PENDING', 'description': &quot;Apply software changes, triggered from PySys: [{'name': 'rolldice', 'id': '5152439', 'version': ' ', 'url': '', 'action': 'install'}]&quot;, 'c8y_SoftwareUpdate': [{'name': 'rolldice', 'action': 'install', 'id': '5152439', 'version': ' ', 'url': ''}]}
09:36:14 INFO  State of operation 21368554 : PENDING
09:36:16 INFO  State of operation 21368554 : EXECUTING
09:36:18 INFO  State of operation 21368554 : EXECUTING
09:36:20 INFO  State of operation 21368554 : EXECUTING
09:36:22 INFO  State of operation 21368554 : EXECUTING
09:36:25 INFO  State of operation 21368554 : EXECUTING
09:36:27 INFO  State of operation 21368554 : EXECUTING
09:36:30 INFO  State of operation 21368554 : EXECUTING
09:36:32 INFO  State of operation 21368554 : EXECUTING
09:36:35 INFO  State of operation 21368554 : EXECUTING
09:36:37 INFO  State of operation 21368554 : EXECUTING
09:36:39 INFO  State of operation 21368554 : EXECUTING
09:36:42 INFO  State of operation 21368554 : EXECUTING
09:36:44 INFO  State of operation 21368554 : EXECUTING
09:36:46 INFO  State of operation 21368554 : EXECUTING
09:36:48 INFO  State of operation 21368554 : SUCCESSFUL
09:36:48 INFO  Package rolldice is installed
09:36:48 INFO  Assert that (True == value) with value=True ... passed
09:36:49 INFO  Response status: 201
09:36:49 INFO  Response to action: {
    &quot;creationTime&quot;: &quot;2022-07-25T09:36:49.115Z&quot;,
    &quot;deviceId&quot;: &quot;21358818&quot;,
    &quot;deviceName&quot;: &quot;m32sd10d&quot;,
    &quot;self&quot;: &quot;https://t493319102.eu-latest.cumulocity.com/devicecontrol/operations/21368560&quot;,
    &quot;id&quot;: &quot;21368560&quot;,
    &quot;status&quot;: &quot;PENDING&quot;,
    &quot;description&quot;: &quot;Apply software changes, triggered from PySys: [{'name': 'rolldice', 'id': '5152439', 'version': ' ', 'url': '', 'action': 'delete'}]&quot;,
    &quot;c8y_SoftwareUpdate&quot;: [
        {
            &quot;name&quot;: &quot;rolldice&quot;,
            &quot;action&quot;: &quot;delete&quot;,
            &quot;id&quot;: &quot;5152439&quot;,
            &quot;version&quot;: &quot; &quot;,
            &quot;url&quot;: &quot;&quot;
        }
    ]
}
09:36:49 INFO  Started operation: {'creationTime': '2022-07-25T09:36:49.115Z', 'deviceId': '21358818', 'deviceName': 'm32sd10d', 'self': 'https://t493319102.eu-latest.cumulocity.com/devicecontrol/operations/21368560', 'id': '21368560', 'status': 'PENDING', 'description': &quot;Apply software changes, triggered from PySys: [{'name': 'rolldice', 'id': '5152439', 'version': ' ', 'url': '', 'action': 'delete'}]&quot;, 'c8y_SoftwareUpdate': [{'name': 'rolldice', 'action': 'delete', 'id': '5152439', 'version': ' ', 'url': ''}]}
09:36:51 INFO  State of operation 21368560 : PENDING
09:36:53 INFO  State of operation 21368560 : EXECUTING
09:36:55 INFO  State of operation 21368560 : EXECUTING
09:36:58 INFO  State of operation 21368560 : EXECUTING
09:37:00 INFO  State of operation 21368560 : EXECUTING
09:37:02 INFO  State of operation 21368560 : EXECUTING
09:37:05 INFO  State of operation 21368560 : EXECUTING
09:37:08 INFO  State of operation 21368560 : EXECUTING
09:37:10 INFO  State of operation 21368560 : EXECUTING
09:37:12 INFO  State of operation 21368560 : EXECUTING
09:37:15 INFO  State of operation 21368560 : EXECUTING
09:37:17 INFO  State of operation 21368560 : EXECUTING
09:37:19 INFO  State of operation 21368560 : EXECUTING
09:37:21 INFO  State of operation 21368560 : EXECUTING
09:37:24 INFO  State of operation 21368560 : EXECUTING
09:37:26 INFO  State of operation 21368560 : EXECUTING
09:37:29 INFO  State of operation 21368560 : EXECUTING
09:37:31 INFO  State of operation 21368560 : EXECUTING
09:37:33 INFO  State of operation 21368560 : EXECUTING
09:37:36 INFO  State of operation 21368560 : EXECUTING
09:37:38 INFO  State of operation 21368560 : EXECUTING
09:37:40 INFO  State of operation 21368560 : SUCCESSFUL
09:37:40 INFO  Assert that (False == value) with value=False ... passed
09:37:40 INFO  
09:37:40 INFO  cleanup:
09:37:44 INFO  Executed sudo&lt;tedge_disconnect_c8y&gt;, exit status 0
09:37:45 INFO  Executed systemctl&lt;serv_mapper5&gt;, exit status 3
09:37:45 INFO  
09:37:45 INFO  Test duration: 116.77 secs
09:37:45 INFO  Test final outcome:  FAILED
09:37:45 INFO  Test outcome reason: Assert that (False == value) with value=True
09:37:45 INFO  
</system-out>
	</testcase>
</testsuite>
