<?xml version="1.0" encoding="utf-8"?>
<testsuite failures="1" name="SoftwareManagement.sm_mixed_install_remove_multiple" skipped="0" tests="1" time="163.95" timestamp="2022-07-22T08:47:57">
	<testcase classname="PySysTest" name="SoftwareManagement.sm_mixed_install_remove_multiple">
		<failure message="FAILED: Assert that (False == value) with value=True" type="FAILED"/>
		<system-out>08:45:13 INFO  ==============================================================
08:45:13 INFO  Id:    SoftwareManagement.sm_mixed_install_remove_multiple
08:45:13 INFO  Dir:   software_management_end_to_end/
08:45:13 INFO  Title: Validate end to end behaviour for the dummy-plugin for multiple packages with mixed versions
08:45:13 INFO  ==============================================================
08:45:13 INFO  Using sw id database: {'asciijump': '5475369', 'robotfindskitten': '5474869', 'squirrel3': '5475279', 'rolldice': '5152439', 'moon-buggy': '5439204', 'apple': '5495053', 'banana': '5494888', 'cherry': '5495382', 'watermelon': '5494510', 'registry': '8018911', 'hello-world': '8021526', 'docker/getting-started': '8021973', 'alpine': '7991792'}
08:45:13 INFO  EnvironmentC8y Setup
08:45:14 INFO  Executed systemctl&lt;serv_mapper1&gt;, exit status 3
08:45:14 INFO  Restarting mosquitto too frequently in the last 10 seconds. It was only up for 5 seconds
08:45:14 INFO  Delaying execution by 6 seconds
08:45:34 INFO  Executed sudo&lt;tedge_connect_c8y&gt;, exit status 0, duration 13 secs
08:45:35 INFO  Executed sudo&lt;tedge_connect_c8y_test&gt;, exit status 0
08:45:35 INFO  Executed systemctl&lt;serv_mosq2&gt;, exit status 0
08:45:36 INFO  Executed systemctl&lt;serv_mapper3&gt;, exit status 0
08:45:38 INFO  State of current operation: SUCCESSFUL
08:45:38 INFO  Package apple is installed
08:45:38 INFO  Assert that (True == value) with value=True ... passed
08:45:38 INFO  Package banana is installed
08:45:38 INFO  Assert that (True == value) with value=True ... passed
08:45:39 INFO  Package cherry is installed
08:45:39 INFO  Assert that (True == value) with value=True ... passed
08:45:39 INFO  Package asciijump is installed
08:45:39 WARN  Assert that (False == value) with value=True ... failed 
08:45:39 INFO  Assert that (False == value) with value=False ... passed
08:45:39 INFO  Response status: 201
08:45:39 INFO  Response to action: {
    &quot;creationTime&quot;: &quot;2022-07-22T08:45:39.779Z&quot;,
    &quot;deviceId&quot;: &quot;21231014&quot;,
    &quot;deviceName&quot;: &quot;m32sd10d&quot;,
    &quot;self&quot;: &quot;https://t493319102.eu-latest.cumulocity.com/devicecontrol/operations/21266380&quot;,
    &quot;id&quot;: &quot;21266380&quot;,
    &quot;status&quot;: &quot;PENDING&quot;,
    &quot;description&quot;: &quot;Apply software changes, triggered from PySys: [{'action': 'install', 'id': '5495053', 'name': 'apple', 'url': ' ', 'version': '::fruits'}, {'action': 'install', 'id': '5494888', 'name': 'banana', 'url': ' ', 'version': '::fruits'}, {'action': 'install', 'id': '5475369', 'name': 'asciijump', 'url': ' ', 'version': '::apt'}, {'action': 'install', 'id': '5495382', 'name': 'cherry', 'url': ' ', 'version': '::fruits'}, {'action': 'install', 'id': '8018911', 'name': 'registry', 'url': ' ', 'version': '::docker'}]&quot;,
    &quot;c8y_SoftwareUpdate&quot;: [
        {
            &quot;name&quot;: &quot;apple&quot;,
            &quot;action&quot;: &quot;install&quot;,
            &quot;id&quot;: &quot;5495053&quot;,
            &quot;version&quot;: &quot;::fruits&quot;,
            &quot;url&quot;: &quot; &quot;
        },
        {
            &quot;name&quot;: &quot;banana&quot;,
            &quot;action&quot;: &quot;install&quot;,
            &quot;id&quot;: &quot;5494888&quot;,
            &quot;version&quot;: &quot;::fruits&quot;,
            &quot;url&quot;: &quot; &quot;
        },
        {
            &quot;name&quot;: &quot;asciijump&quot;,
            &quot;action&quot;: &quot;install&quot;,
            &quot;id&quot;: &quot;5475369&quot;,
            &quot;version&quot;: &quot;::apt&quot;,
            &quot;url&quot;: &quot; &quot;
        },
        {
            &quot;name&quot;: &quot;cherry&quot;,
            &quot;action&quot;: &quot;install&quot;,
            &quot;id&quot;: &quot;5495382&quot;,
            &quot;version&quot;: &quot;::fruits&quot;,
            &quot;url&quot;: &quot; &quot;
        },
        {
            &quot;name&quot;: &quot;registry&quot;,
            &quot;action&quot;: &quot;install&quot;,
            &quot;id&quot;: &quot;8018911&quot;,
            &quot;version&quot;: &quot;::docker&quot;,
            &quot;url&quot;: &quot; &quot;
        }
    ]
}
08:45:39 INFO  Started operation: {'creationTime': '2022-07-22T08:45:39.779Z', 'deviceId': '21231014', 'deviceName': 'm32sd10d', 'self': 'https://t493319102.eu-latest.cumulocity.com/devicecontrol/operations/21266380', 'id': '21266380', 'status': 'PENDING', 'description': &quot;Apply software changes, triggered from PySys: [{'action': 'install', 'id': '5495053', 'name': 'apple', 'url': ' ', 'version': '::fruits'}, {'action': 'install', 'id': '5494888', 'name': 'banana', 'url': ' ', 'version': '::fruits'}, {'action': 'install', 'id': '5475369', 'name': 'asciijump', 'url': ' ', 'version': '::apt'}, {'action': 'install', 'id': '5495382', 'name': 'cherry', 'url': ' ', 'version': '::fruits'}, {'action': 'install', 'id': '8018911', 'name': 'registry', 'url': ' ', 'version': '::docker'}]&quot;, 'c8y_SoftwareUpdate': [{'name': 'apple', 'action': 'install', 'id': '5495053', 'version': '::fruits', 'url': ' '}, {'name': 'banana', 'action': 'install', 'id': '5494888', 'version': '::fruits', 'url': ' '}, {'name': 'asciijump', 'action': 'install', 'id': '5475369', 'version': '::apt', 'url': ' '}, {'name': 'cherry', 'action': 'install', 'id': '5495382', 'version': '::fruits', 'url': ' '}, {'name': 'registry', 'action': 'install', 'id': '8018911', 'version': '::docker', 'url': ' '}]}
08:45:42 INFO  State of operation 21266380 : PENDING
08:45:44 INFO  State of operation 21266380 : EXECUTING
08:45:46 INFO  State of operation 21266380 : EXECUTING
08:45:48 INFO  State of operation 21266380 : EXECUTING
08:45:50 INFO  State of operation 21266380 : EXECUTING
08:45:53 INFO  State of operation 21266380 : EXECUTING
08:45:56 INFO  State of operation 21266380 : EXECUTING
08:45:58 INFO  State of operation 21266380 : EXECUTING
08:46:01 INFO  State of operation 21266380 : EXECUTING
08:46:03 INFO  State of operation 21266380 : EXECUTING
08:46:05 INFO  State of operation 21266380 : EXECUTING
08:46:08 INFO  State of operation 21266380 : EXECUTING
08:46:10 INFO  State of operation 21266380 : EXECUTING
08:46:12 INFO  State of operation 21266380 : EXECUTING
08:46:14 INFO  State of operation 21266380 : EXECUTING
08:46:17 INFO  State of operation 21266380 : EXECUTING
08:46:19 INFO  State of operation 21266380 : EXECUTING
08:46:21 INFO  State of operation 21266380 : EXECUTING
08:46:24 INFO  State of operation 21266380 : EXECUTING
08:46:26 INFO  State of operation 21266380 : EXECUTING
08:46:28 INFO  State of operation 21266380 : EXECUTING
08:46:30 INFO  State of operation 21266380 : EXECUTING
08:46:33 INFO  State of operation 21266380 : EXECUTING
08:46:35 INFO  State of operation 21266380 : EXECUTING
08:46:37 INFO  State of operation 21266380 : EXECUTING
08:46:39 INFO  State of operation 21266380 : SUCCESSFUL
08:46:40 INFO  Package apple is installed
08:46:40 INFO  Assert that (True == value) with value=True ... passed
08:46:40 INFO  Package banana is installed
08:46:40 INFO  Assert that (True == value) with value=True ... passed
08:46:40 INFO  Package cherry is installed
08:46:40 INFO  Assert that (True == value) with value=True ... passed
08:46:40 INFO  Package asciijump is installed
08:46:40 INFO  Assert that (True == value) with value=True ... passed
08:46:40 INFO  Package registry is installed
08:46:40 INFO  Assert that (True == value) with value=True ... passed
08:46:41 INFO  Response status: 201
08:46:41 INFO  Response to action: {
    &quot;creationTime&quot;: &quot;2022-07-22T08:46:41.176Z&quot;,
    &quot;deviceId&quot;: &quot;21231014&quot;,
    &quot;deviceName&quot;: &quot;m32sd10d&quot;,
    &quot;self&quot;: &quot;https://t493319102.eu-latest.cumulocity.com/devicecontrol/operations/21266390&quot;,
    &quot;id&quot;: &quot;21266390&quot;,
    &quot;status&quot;: &quot;PENDING&quot;,
    &quot;description&quot;: &quot;Apply software changes, triggered from PySys: [{'action': 'delete', 'id': '5495053', 'name': 'apple', 'url': ' ', 'version': '::fruits'}, {'action': 'delete', 'id': '5494888', 'name': 'banana', 'url': ' ', 'version': '::fruits'}, {'action': 'delete', 'id': '5475369', 'name': 'asciijump', 'url': ' ', 'version': '::apt'}, {'action': 'delete', 'id': '5495382', 'name': 'cherry', 'url': ' ', 'version': '::fruits'}, {'action': 'delete', 'id': '8018911', 'name': 'registry', 'url': ' ', 'version': '::docker'}]&quot;,
    &quot;c8y_SoftwareUpdate&quot;: [
        {
            &quot;name&quot;: &quot;apple&quot;,
            &quot;action&quot;: &quot;delete&quot;,
            &quot;id&quot;: &quot;5495053&quot;,
            &quot;version&quot;: &quot;::fruits&quot;,
            &quot;url&quot;: &quot; &quot;
        },
        {
            &quot;name&quot;: &quot;banana&quot;,
            &quot;action&quot;: &quot;delete&quot;,
            &quot;id&quot;: &quot;5494888&quot;,
            &quot;version&quot;: &quot;::fruits&quot;,
            &quot;url&quot;: &quot; &quot;
        },
        {
            &quot;name&quot;: &quot;asciijump&quot;,
            &quot;action&quot;: &quot;delete&quot;,
            &quot;id&quot;: &quot;5475369&quot;,
            &quot;version&quot;: &quot;::apt&quot;,
            &quot;url&quot;: &quot; &quot;
        },
        {
            &quot;name&quot;: &quot;cherry&quot;,
            &quot;action&quot;: &quot;delete&quot;,
            &quot;id&quot;: &quot;5495382&quot;,
            &quot;version&quot;: &quot;::fruits&quot;,
            &quot;url&quot;: &quot; &quot;
        },
        {
            &quot;name&quot;: &quot;registry&quot;,
            &quot;action&quot;: &quot;delete&quot;,
            &quot;id&quot;: &quot;8018911&quot;,
            &quot;version&quot;: &quot;::docker&quot;,
            &quot;url&quot;: &quot; &quot;
        }
    ]
}
08:46:41 INFO  Started operation: {'creationTime': '2022-07-22T08:46:41.176Z', 'deviceId': '21231014', 'deviceName': 'm32sd10d', 'self': 'https://t493319102.eu-latest.cumulocity.com/devicecontrol/operations/21266390', 'id': '21266390', 'status': 'PENDING', 'description': &quot;Apply software changes, triggered from PySys: [{'action': 'delete', 'id': '5495053', 'name': 'apple', 'url': ' ', 'version': '::fruits'}, {'action': 'delete', 'id': '5494888', 'name': 'banana', 'url': ' ', 'version': '::fruits'}, {'action': 'delete', 'id': '5475369', 'name': 'asciijump', 'url': ' ', 'version': '::apt'}, {'action': 'delete', 'id': '5495382', 'name': 'cherry', 'url': ' ', 'version': '::fruits'}, {'action': 'delete', 'id': '8018911', 'name': 'registry', 'url': ' ', 'version': '::docker'}]&quot;, 'c8y_SoftwareUpdate': [{'name': 'apple', 'action': 'delete', 'id': '5495053', 'version': '::fruits', 'url': ' '}, {'name': 'banana', 'action': 'delete', 'id': '5494888', 'version': '::fruits', 'url': ' '}, {'name': 'asciijump', 'action': 'delete', 'id': '5475369', 'version': '::apt', 'url': ' '}, {'name': 'cherry', 'action': 'delete', 'id': '5495382', 'version': '::fruits', 'url': ' '}, {'name': 'registry', 'action': 'delete', 'id': '8018911', 'version': '::docker', 'url': ' '}]}
08:46:43 INFO  State of operation 21266390 : PENDING
08:46:45 INFO  State of operation 21266390 : EXECUTING
08:46:47 INFO  State of operation 21266390 : EXECUTING
08:46:50 INFO  State of operation 21266390 : EXECUTING
08:46:52 INFO  State of operation 21266390 : EXECUTING
08:46:54 INFO  State of operation 21266390 : EXECUTING
08:46:57 INFO  State of operation 21266390 : EXECUTING
08:47:00 INFO  State of operation 21266390 : EXECUTING
08:47:02 INFO  State of operation 21266390 : EXECUTING
08:47:04 INFO  State of operation 21266390 : EXECUTING
08:47:07 INFO  State of operation 21266390 : EXECUTING
08:47:09 INFO  State of operation 21266390 : EXECUTING
08:47:11 INFO  State of operation 21266390 : EXECUTING
08:47:13 INFO  State of operation 21266390 : EXECUTING
08:47:15 INFO  State of operation 21266390 : EXECUTING
08:47:18 INFO  State of operation 21266390 : EXECUTING
08:47:21 INFO  State of operation 21266390 : EXECUTING
08:47:24 INFO  State of operation 21266390 : EXECUTING
08:47:26 INFO  State of operation 21266390 : EXECUTING
08:47:28 INFO  State of operation 21266390 : EXECUTING
08:47:31 INFO  State of operation 21266390 : EXECUTING
08:47:33 INFO  State of operation 21266390 : EXECUTING
08:47:36 INFO  State of operation 21266390 : EXECUTING
08:47:38 INFO  State of operation 21266390 : EXECUTING
08:47:40 INFO  State of operation 21266390 : EXECUTING
08:47:42 INFO  State of operation 21266390 : EXECUTING
08:47:45 INFO  State of operation 21266390 : EXECUTING
08:47:47 INFO  State of operation 21266390 : EXECUTING
08:47:49 INFO  State of operation 21266390 : EXECUTING
08:47:51 INFO  State of operation 21266390 : SUCCESSFUL
08:47:52 INFO  Package apple is installed
08:47:52 INFO  Assert that (True == value) with value=True ... passed
08:47:52 INFO  Package banana is installed
08:47:52 INFO  Assert that (True == value) with value=True ... passed
08:47:52 INFO  Package cherry is installed
08:47:52 INFO  Assert that (True == value) with value=True ... passed
08:47:52 INFO  Assert that (False == value) with value=False ... passed
08:47:52 INFO  Assert that (False == value) with value=False ... passed
08:47:52 INFO  
08:47:52 INFO  cleanup:
08:47:57 INFO  Executed sudo&lt;tedge_disconnect_c8y&gt;, exit status 0
08:47:57 INFO  Executed systemctl&lt;serv_mapper5&gt;, exit status 3
08:47:57 INFO  
08:47:57 INFO  Test duration: 163.95 secs
08:47:57 INFO  Test final outcome:  FAILED
08:47:57 INFO  Test outcome reason: Assert that (False == value) with value=True
08:47:57 INFO  
</system-out>
	</testcase>
</testsuite>
