<?xml version="1.0" encoding="utf-8"?>
<testsuite failures="1" name="SoftwareManagement.sm_apt_install_remove" skipped="0" tests="1" time="166.71" timestamp="2022-05-23T14:27:39">
	<testcase classname="PySysTest" name="SoftwareManagement.sm_apt_install_remove">
		<failure message="BLOCKED: SystemError: Timeout while waiting for status FAILED or SUCCESSFUL" type="BLOCKED"/>
		<system-out>14:24:53 INFO  ==============================================================
14:24:53 INFO  Id:    SoftwareManagement.sm_apt_install_remove
14:24:53 INFO  Dir:   software_management_end_to_end/
14:24:53 INFO  Title: Validate end to end behaviour for the apt plugin for installation and removal of packages
14:24:53 INFO  ==============================================================
14:24:53 INFO  Using sw id database: {'asciijump': '5475369', 'robotfindskitten': '5474869', 'squirrel3': '5475279', 'rolldice': '5152439', 'moon-buggy': '5439204', 'apple': '5495053', 'banana': '5494888', 'cherry': '5495382', 'watermelon': '5494510', 'registry': '8018911', 'hello-world': '8021526', 'docker/getting-started': '8021973', 'alpine': '7991792'}
14:24:53 INFO  EnvironmentC8y Setup
14:24:53 INFO  Executed systemctl&lt;serv_mapper1&gt;, exit status 3
14:24:53 INFO  Restarting mosquitto too frequently in the last 10 seconds. It was only up for 4 seconds
14:24:53 INFO  Delaying execution by 7 seconds
14:25:14 INFO  Executed sudo&lt;tedge_connect_c8y&gt;, exit status 0, duration 14 secs
14:25:15 INFO  Executed sudo&lt;tedge_connect_c8y_test&gt;, exit status 0
14:25:16 INFO  Executed systemctl&lt;serv_mosq2&gt;, exit status 0
14:25:16 INFO  Executed systemctl&lt;serv_mapper3&gt;, exit status 0
14:25:18 INFO  State of current operation: PENDING
14:25:20 INFO  State of current operation: PENDING
14:25:23 INFO  State of current operation: PENDING
14:25:25 INFO  State of current operation: PENDING
14:25:27 INFO  State of current operation: PENDING
14:25:29 INFO  State of current operation: PENDING
14:25:32 INFO  State of current operation: PENDING
14:25:34 INFO  State of current operation: PENDING
14:25:36 INFO  State of current operation: PENDING
14:25:38 INFO  State of current operation: PENDING
14:25:41 INFO  State of current operation: PENDING
14:25:43 INFO  State of current operation: PENDING
14:25:45 INFO  State of current operation: PENDING
14:25:47 INFO  State of current operation: PENDING
14:25:50 INFO  State of current operation: PENDING
14:25:52 INFO  State of current operation: PENDING
14:25:54 INFO  State of current operation: PENDING
14:25:56 INFO  State of current operation: PENDING
14:25:59 INFO  State of current operation: PENDING
14:26:01 INFO  State of current operation: PENDING
14:26:03 INFO  State of current operation: PENDING
14:26:05 INFO  State of current operation: PENDING
14:26:07 INFO  State of current operation: PENDING
14:26:10 INFO  State of current operation: PENDING
14:26:12 INFO  State of current operation: PENDING
14:26:14 INFO  State of current operation: PENDING
14:26:16 INFO  State of current operation: PENDING
14:26:19 INFO  State of current operation: PENDING
14:26:21 INFO  State of current operation: PENDING
14:26:23 INFO  State of current operation: PENDING
14:26:26 INFO  State of current operation: PENDING
14:26:28 INFO  State of current operation: PENDING
14:26:30 INFO  State of current operation: PENDING
14:26:32 INFO  State of current operation: PENDING
14:26:35 INFO  State of current operation: PENDING
14:26:37 INFO  State of current operation: PENDING
14:26:39 INFO  State of current operation: PENDING
14:26:41 INFO  State of current operation: PENDING
14:26:44 INFO  State of current operation: PENDING
14:26:46 INFO  State of current operation: PENDING
14:26:48 INFO  State of current operation: PENDING
14:26:50 INFO  State of current operation: PENDING
14:26:52 INFO  State of current operation: PENDING
14:26:55 INFO  State of current operation: PENDING
14:26:57 INFO  State of current operation: PENDING
14:26:59 INFO  State of current operation: PENDING
14:27:01 INFO  State of current operation: PENDING
14:27:04 INFO  State of current operation: PENDING
14:27:06 INFO  State of current operation: PENDING
14:27:08 INFO  State of current operation: PENDING
14:27:10 INFO  State of current operation: PENDING
14:27:13 INFO  State of current operation: PENDING
14:27:15 INFO  State of current operation: PENDING
14:27:17 INFO  State of current operation: PENDING
14:27:19 INFO  State of current operation: PENDING
14:27:22 INFO  State of current operation: PENDING
14:27:24 INFO  State of current operation: PENDING
14:27:26 INFO  State of current operation: PENDING
14:27:28 INFO  State of current operation: PENDING
14:27:30 INFO  State of current operation: PENDING
14:27:33 INFO  State of current operation: PENDING
14:27:35 WARN  SystemError occurred while running test - Timeout while waiting for status FAILED or SUCCESSFUL
Traceback (most recent call last):
  File &quot;/home/pi/env-pysys/lib/python3.7/site-packages/pysys/baserunner.py&quot;, line 1292, in __call__
    self.testObj.setup()
  File &quot;/home/pi/actions-runner/_work/thin-edge.io/thin-edge.io/tests/PySys/software_management_end_to_end/sm_apt_install_remove/run.py&quot;, line 27, in setup
    super().setup()
  File &quot;/home/pi/actions-runner/_work/thin-edge.io/thin-edge.io/tests/PySys/software_management_end_to_end/environment_sm_management.py&quot;, line 151, in setup
    self.wait_until_end()
  File &quot;/home/pi/actions-runner/_work/thin-edge.io/thin-edge.io/tests/PySys/software_management_end_to_end/environment_sm_management.py&quot;, line 332, in wait_until_end
    self.wait_until_status(&quot;FAILED&quot;, &quot;SUCCESSFUL&quot;)
  File &quot;/home/pi/actions-runner/_work/thin-edge.io/thin-edge.io/tests/PySys/software_management_end_to_end/environment_sm_management.py&quot;, line 381, in wait_until_status
    &quot;Timeout while waiting for status %s or %s&quot; % (status, status2)
SystemError: Timeout while waiting for status FAILED or SUCCESSFUL
14:27:35 WARN  SystemError: Timeout while waiting for status FAILED or SUCCESSFUL ... blocked 
14:27:35 INFO  
14:27:35 INFO  cleanup:
14:27:39 INFO  Executed sudo&lt;tedge_disconnect_c8y&gt;, exit status 0
14:27:39 INFO  Executed systemctl&lt;serv_mapper5&gt;, exit status 3
14:27:39 INFO  
14:27:39 INFO  Test duration: 166.71 secs
14:27:39 INFO  Test final outcome:  BLOCKED
14:27:39 INFO  Test outcome reason: SystemError: Timeout while waiting for status FAILED or SUCCESSFUL
14:27:39 INFO  
</system-out>
	</testcase>
</testsuite>
