<?xml version="1.0" encoding="utf-8"?>
<testsuite failures="1" name="SoftwareManagement.sm_apt_install_remove_multiple" skipped="0" tests="1" time="138.24" timestamp="2022-07-25T12:59:06">
	<testcase classname="PySysTest" name="SoftwareManagement.sm_apt_install_remove_multiple">
		<failure message="FAILED: Assert that (False == value) with value=True (+2 other failures)" type="FAILED"/>
		<system-out>12:56:47 INFO  ==============================================================
12:56:47 INFO  Id:    SoftwareManagement.sm_apt_install_remove_multiple
12:56:47 INFO  Dir:   software_management_end_to_end/
12:56:47 INFO  Title: Validate end to end behaviour for the apt plugin for multiple packages
12:56:47 INFO  ==============================================================
12:56:47 INFO  Using sw id database: {'asciijump': '5475369', 'robotfindskitten': '5474869', 'squirrel3': '5475279', 'rolldice': '5152439', 'moon-buggy': '5439204', 'apple': '5495053', 'banana': '5494888', 'cherry': '5495382', 'watermelon': '5494510', 'registry': '8018911', 'hello-world': '8021526', 'docker/getting-started': '8021973', 'alpine': '7991792'}
12:56:47 INFO  EnvironmentC8y Setup
12:56:48 INFO  Executed systemctl&lt;serv_mapper1&gt;, exit status 3
12:56:48 INFO  Restarting mosquitto too frequently in the last 10 seconds. It was only up for 5 seconds
12:56:48 INFO  Delaying execution by 6 seconds
12:57:08 INFO  Executed sudo&lt;tedge_connect_c8y&gt;, exit status 0, duration 13 secs
12:57:09 INFO  Executed sudo&lt;tedge_connect_c8y_test&gt;, exit status 0
12:57:09 INFO  Executed systemctl&lt;serv_mosq2&gt;, exit status 0
12:57:09 INFO  Executed systemctl&lt;serv_mapper3&gt;, exit status 0
12:57:12 INFO  State of current operation: SUCCESSFUL
12:57:12 INFO  Assert that (False == value) with value=False ... passed
12:57:12 INFO  Package asciijump is installed
12:57:13 WARN  Assert that (False == value) with value=True ... failed 
12:57:13 INFO  Package squirrel3 is installed
12:57:13 WARN  Assert that (False == value) with value=True ... failed 
12:57:13 INFO  Package robotfindskitten is installed
12:57:13 WARN  Assert that (False == value) with value=True ... failed 
12:57:13 INFO  Response status: 201
12:57:13 INFO  Response to action: {
    &quot;creationTime&quot;: &quot;2022-07-25T12:57:13.732Z&quot;,
    &quot;deviceId&quot;: &quot;21360362&quot;,
    &quot;deviceName&quot;: &quot;m32sd10d&quot;,
    &quot;self&quot;: &quot;https://t493319102.eu-latest.cumulocity.com/devicecontrol/operations/21385650&quot;,
    &quot;id&quot;: &quot;21385650&quot;,
    &quot;status&quot;: &quot;PENDING&quot;,
    &quot;description&quot;: &quot;Apply software changes, triggered from PySys: [{'action': 'install', 'id': '5475369', 'name': 'asciijump', 'url': ' ', 'version': '::apt'}, {'action': 'install', 'id': '5474869', 'name': 'robotfindskitten', 'url': ' ', 'version': '::apt'}, {'action': 'install', 'id': '5475279', 'name': 'squirrel3', 'url': ' ', 'version': '::apt'}]&quot;,
    &quot;c8y_SoftwareUpdate&quot;: [
        {
            &quot;name&quot;: &quot;asciijump&quot;,
            &quot;action&quot;: &quot;install&quot;,
            &quot;id&quot;: &quot;5475369&quot;,
            &quot;version&quot;: &quot;::apt&quot;,
            &quot;url&quot;: &quot; &quot;
        },
        {
            &quot;name&quot;: &quot;robotfindskitten&quot;,
            &quot;action&quot;: &quot;install&quot;,
            &quot;id&quot;: &quot;5474869&quot;,
            &quot;version&quot;: &quot;::apt&quot;,
            &quot;url&quot;: &quot; &quot;
        },
        {
            &quot;name&quot;: &quot;squirrel3&quot;,
            &quot;action&quot;: &quot;install&quot;,
            &quot;id&quot;: &quot;5475279&quot;,
            &quot;version&quot;: &quot;::apt&quot;,
            &quot;url&quot;: &quot; &quot;
        }
    ]
}
12:57:13 INFO  Started operation: {'creationTime': '2022-07-25T12:57:13.732Z', 'deviceId': '21360362', 'deviceName': 'm32sd10d', 'self': 'https://t493319102.eu-latest.cumulocity.com/devicecontrol/operations/21385650', 'id': '21385650', 'status': 'PENDING', 'description': &quot;Apply software changes, triggered from PySys: [{'action': 'install', 'id': '5475369', 'name': 'asciijump', 'url': ' ', 'version': '::apt'}, {'action': 'install', 'id': '5474869', 'name': 'robotfindskitten', 'url': ' ', 'version': '::apt'}, {'action': 'install', 'id': '5475279', 'name': 'squirrel3', 'url': ' ', 'version': '::apt'}]&quot;, 'c8y_SoftwareUpdate': [{'name': 'asciijump', 'action': 'install', 'id': '5475369', 'version': '::apt', 'url': ' '}, {'name': 'robotfindskitten', 'action': 'install', 'id': '5474869', 'version': '::apt', 'url': ' '}, {'name': 'squirrel3', 'action': 'install', 'id': '5475279', 'version': '::apt', 'url': ' '}]}
12:57:16 INFO  State of operation 21385650 : PENDING
12:57:18 INFO  State of operation 21385650 : EXECUTING
12:57:20 INFO  State of operation 21385650 : EXECUTING
12:57:22 INFO  State of operation 21385650 : EXECUTING
12:57:24 INFO  State of operation 21385650 : EXECUTING
12:57:27 INFO  State of operation 21385650 : EXECUTING
12:57:29 INFO  State of operation 21385650 : EXECUTING
12:57:32 INFO  State of operation 21385650 : EXECUTING
12:57:35 INFO  State of operation 21385650 : EXECUTING
12:57:37 INFO  State of operation 21385650 : EXECUTING
12:57:39 INFO  State of operation 21385650 : EXECUTING
12:57:42 INFO  State of operation 21385650 : EXECUTING
12:57:44 INFO  State of operation 21385650 : EXECUTING
12:57:46 INFO  State of operation 21385650 : EXECUTING
12:57:48 INFO  State of operation 21385650 : EXECUTING
12:57:51 INFO  State of operation 21385650 : SUCCESSFUL
12:57:51 INFO  Assert that (False == value) with value=False ... passed
12:57:51 INFO  Package asciijump is installed
12:57:51 INFO  Assert that (True == value) with value=True ... passed
12:57:51 INFO  Package squirrel3 is installed
12:57:51 INFO  Assert that (True == value) with value=True ... passed
12:57:51 INFO  Package robotfindskitten is installed
12:57:52 INFO  Assert that (True == value) with value=True ... passed
12:57:52 INFO  Response status: 201
12:57:52 INFO  Response to action: {
    &quot;creationTime&quot;: &quot;2022-07-25T12:57:52.181Z&quot;,
    &quot;deviceId&quot;: &quot;21360362&quot;,
    &quot;deviceName&quot;: &quot;m32sd10d&quot;,
    &quot;self&quot;: &quot;https://t493319102.eu-latest.cumulocity.com/devicecontrol/operations/21385658&quot;,
    &quot;id&quot;: &quot;21385658&quot;,
    &quot;status&quot;: &quot;PENDING&quot;,
    &quot;description&quot;: &quot;Apply software changes, triggered from PySys: [{'action': 'delete', 'id': '5475369', 'name': 'asciijump', 'url': ' ', 'version': '::apt'}, {'action': 'delete', 'id': '5474869', 'name': 'robotfindskitten', 'url': ' ', 'version': '::apt'}, {'action': 'delete', 'id': '5475279', 'name': 'squirrel3', 'url': ' ', 'version': '::apt'}]&quot;,
    &quot;c8y_SoftwareUpdate&quot;: [
        {
            &quot;name&quot;: &quot;asciijump&quot;,
            &quot;action&quot;: &quot;delete&quot;,
            &quot;id&quot;: &quot;5475369&quot;,
            &quot;version&quot;: &quot;::apt&quot;,
            &quot;url&quot;: &quot; &quot;
        },
        {
            &quot;name&quot;: &quot;robotfindskitten&quot;,
            &quot;action&quot;: &quot;delete&quot;,
            &quot;id&quot;: &quot;5474869&quot;,
            &quot;version&quot;: &quot;::apt&quot;,
            &quot;url&quot;: &quot; &quot;
        },
        {
            &quot;name&quot;: &quot;squirrel3&quot;,
            &quot;action&quot;: &quot;delete&quot;,
            &quot;id&quot;: &quot;5475279&quot;,
            &quot;version&quot;: &quot;::apt&quot;,
            &quot;url&quot;: &quot; &quot;
        }
    ]
}
12:57:52 INFO  Started operation: {'creationTime': '2022-07-25T12:57:52.181Z', 'deviceId': '21360362', 'deviceName': 'm32sd10d', 'self': 'https://t493319102.eu-latest.cumulocity.com/devicecontrol/operations/21385658', 'id': '21385658', 'status': 'PENDING', 'description': &quot;Apply software changes, triggered from PySys: [{'action': 'delete', 'id': '5475369', 'name': 'asciijump', 'url': ' ', 'version': '::apt'}, {'action': 'delete', 'id': '5474869', 'name': 'robotfindskitten', 'url': ' ', 'version': '::apt'}, {'action': 'delete', 'id': '5475279', 'name': 'squirrel3', 'url': ' ', 'version': '::apt'}]&quot;, 'c8y_SoftwareUpdate': [{'name': 'asciijump', 'action': 'delete', 'id': '5475369', 'version': '::apt', 'url': ' '}, {'name': 'robotfindskitten', 'action': 'delete', 'id': '5474869', 'version': '::apt', 'url': ' '}, {'name': 'squirrel3', 'action': 'delete', 'id': '5475279', 'version': '::apt', 'url': ' '}]}
12:57:54 INFO  State of operation 21385658 : PENDING
12:57:56 INFO  State of operation 21385658 : EXECUTING
12:57:59 INFO  State of operation 21385658 : EXECUTING
12:58:01 INFO  State of operation 21385658 : EXECUTING
12:58:03 INFO  State of operation 21385658 : EXECUTING
12:58:05 INFO  State of operation 21385658 : EXECUTING
12:58:08 INFO  State of operation 21385658 : EXECUTING
12:58:11 INFO  State of operation 21385658 : EXECUTING
12:58:13 INFO  State of operation 21385658 : EXECUTING
12:58:16 INFO  State of operation 21385658 : EXECUTING
12:58:18 INFO  State of operation 21385658 : EXECUTING
12:58:20 INFO  State of operation 21385658 : EXECUTING
12:58:22 INFO  State of operation 21385658 : EXECUTING
12:58:25 INFO  State of operation 21385658 : EXECUTING
12:58:27 INFO  State of operation 21385658 : EXECUTING
12:58:29 INFO  State of operation 21385658 : EXECUTING
12:58:31 INFO  State of operation 21385658 : EXECUTING
12:58:35 INFO  State of operation 21385658 : EXECUTING
12:58:37 INFO  State of operation 21385658 : EXECUTING
12:58:39 INFO  State of operation 21385658 : EXECUTING
12:58:41 INFO  State of operation 21385658 : EXECUTING
12:58:44 INFO  State of operation 21385658 : EXECUTING
12:58:46 INFO  State of operation 21385658 : EXECUTING
12:58:48 INFO  State of operation 21385658 : EXECUTING
12:58:51 INFO  State of operation 21385658 : EXECUTING
12:58:53 INFO  State of operation 21385658 : EXECUTING
12:58:56 INFO  State of operation 21385658 : EXECUTING
12:58:58 INFO  State of operation 21385658 : EXECUTING
12:59:00 INFO  State of operation 21385658 : SUCCESSFUL
12:59:00 INFO  Assert that (False == value) with value=False ... passed
12:59:01 INFO  Assert that (False == value) with value=False ... passed
12:59:01 INFO  Assert that (False == value) with value=False ... passed
12:59:01 INFO  Assert that (False == value) with value=False ... passed
12:59:01 INFO  
12:59:01 INFO  cleanup:
12:59:05 INFO  Executed sudo&lt;tedge_disconnect_c8y&gt;, exit status 0
12:59:06 INFO  Executed systemctl&lt;serv_mapper5&gt;, exit status 3
12:59:06 INFO  
12:59:06 INFO  Test duration: 138.24 secs
12:59:06 INFO  Test final outcome:  FAILED
12:59:06 INFO  Test outcome reason: Assert that (False == value) with value=True (+2 other failures)
12:59:06 INFO  
</system-out>
	</testcase>
</testsuite>
