<?xml version="1.0" encoding="utf-8"?>
<testsuite failures="1" name="SoftwareManagement.sm_mixed_install_remove_multiple" skipped="0" tests="1" time="166.11" timestamp="2022-06-29T18:19:06">
	<testcase classname="PySysTest" name="SoftwareManagement.sm_mixed_install_remove_multiple">
		<failure message="FAILED: Assert that (False == value) with value=True" type="FAILED"/>
		<system-out>18:16:20 INFO  ==============================================================
18:16:20 INFO  Id:    SoftwareManagement.sm_mixed_install_remove_multiple
18:16:20 INFO  Dir:   software_management_end_to_end/
18:16:20 INFO  Title: Validate end to end behaviour for the dummy-plugin for multiple packages with mixed versions
18:16:20 INFO  ==============================================================
18:16:20 INFO  Using sw id database: {'asciijump': '5475369', 'robotfindskitten': '5474869', 'squirrel3': '5475279', 'rolldice': '5152439', 'moon-buggy': '5439204', 'apple': '5495053', 'banana': '5494888', 'cherry': '5495382', 'watermelon': '5494510', 'registry': '8018911', 'hello-world': '8021526', 'docker/getting-started': '8021973', 'alpine': '7991792'}
18:16:20 INFO  EnvironmentC8y Setup
18:16:20 INFO  Executed systemctl&lt;serv_mapper1&gt;, exit status 3
18:16:21 INFO  Restarting mosquitto too frequently in the last 10 seconds. It was only up for 4 seconds
18:16:21 INFO  Delaying execution by 7 seconds
18:16:41 INFO  Executed sudo&lt;tedge_connect_c8y&gt;, exit status 0, duration 13 secs
18:16:42 INFO  Executed sudo&lt;tedge_connect_c8y_test&gt;, exit status 0
18:16:43 INFO  Executed systemctl&lt;serv_mosq2&gt;, exit status 0
18:16:43 INFO  Executed systemctl&lt;serv_mapper3&gt;, exit status 0
18:16:45 INFO  State of current operation: SUCCESSFUL
18:16:45 INFO  Package apple is installed
18:16:45 INFO  Assert that (True == value) with value=True ... passed
18:16:46 INFO  Package banana is installed
18:16:46 INFO  Assert that (True == value) with value=True ... passed
18:16:46 INFO  Package cherry is installed
18:16:46 INFO  Assert that (True == value) with value=True ... passed
18:16:46 INFO  Package asciijump is installed
18:16:46 WARN  Assert that (False == value) with value=True ... failed 
18:16:47 INFO  Assert that (False == value) with value=False ... passed
18:16:47 INFO  Response status: 201
18:16:47 INFO  Response to action: {
    &quot;creationTime&quot;: &quot;2022-06-29T18:16:47.260Z&quot;,
    &quot;deviceId&quot;: &quot;20610793&quot;,
    &quot;deviceName&quot;: &quot;m32sd10d&quot;,
    &quot;self&quot;: &quot;https://t493319102.eu-latest.cumulocity.com/devicecontrol/operations/20626836&quot;,
    &quot;id&quot;: &quot;20626836&quot;,
    &quot;status&quot;: &quot;PENDING&quot;,
    &quot;description&quot;: &quot;Apply software changes, triggered from PySys: [{'action': 'install', 'id': '5495053', 'name': 'apple', 'url': ' ', 'version': '::fruits'}, {'action': 'install', 'id': '5494888', 'name': 'banana', 'url': ' ', 'version': '::fruits'}, {'action': 'install', 'id': '5475369', 'name': 'asciijump', 'url': ' ', 'version': '::apt'}, {'action': 'install', 'id': '5495382', 'name': 'cherry', 'url': ' ', 'version': '::fruits'}, {'action': 'install', 'id': '8018911', 'name': 'registry', 'url': ' ', 'version': '::docker'}]&quot;,
    &quot;c8y_SoftwareUpdate&quot;: [
        {
            &quot;name&quot;: &quot;apple&quot;,
            &quot;action&quot;: &quot;install&quot;,
            &quot;id&quot;: &quot;5495053&quot;,
            &quot;version&quot;: &quot;::fruits&quot;,
            &quot;url&quot;: &quot; &quot;
        },
        {
            &quot;name&quot;: &quot;banana&quot;,
            &quot;action&quot;: &quot;install&quot;,
            &quot;id&quot;: &quot;5494888&quot;,
            &quot;version&quot;: &quot;::fruits&quot;,
            &quot;url&quot;: &quot; &quot;
        },
        {
            &quot;name&quot;: &quot;asciijump&quot;,
            &quot;action&quot;: &quot;install&quot;,
            &quot;id&quot;: &quot;5475369&quot;,
            &quot;version&quot;: &quot;::apt&quot;,
            &quot;url&quot;: &quot; &quot;
        },
        {
            &quot;name&quot;: &quot;cherry&quot;,
            &quot;action&quot;: &quot;install&quot;,
            &quot;id&quot;: &quot;5495382&quot;,
            &quot;version&quot;: &quot;::fruits&quot;,
            &quot;url&quot;: &quot; &quot;
        },
        {
            &quot;name&quot;: &quot;registry&quot;,
            &quot;action&quot;: &quot;install&quot;,
            &quot;id&quot;: &quot;8018911&quot;,
            &quot;version&quot;: &quot;::docker&quot;,
            &quot;url&quot;: &quot; &quot;
        }
    ]
}
18:16:47 INFO  Started operation: {'creationTime': '2022-06-29T18:16:47.260Z', 'deviceId': '20610793', 'deviceName': 'm32sd10d', 'self': 'https://t493319102.eu-latest.cumulocity.com/devicecontrol/operations/20626836', 'id': '20626836', 'status': 'PENDING', 'description': &quot;Apply software changes, triggered from PySys: [{'action': 'install', 'id': '5495053', 'name': 'apple', 'url': ' ', 'version': '::fruits'}, {'action': 'install', 'id': '5494888', 'name': 'banana', 'url': ' ', 'version': '::fruits'}, {'action': 'install', 'id': '5475369', 'name': 'asciijump', 'url': ' ', 'version': '::apt'}, {'action': 'install', 'id': '5495382', 'name': 'cherry', 'url': ' ', 'version': '::fruits'}, {'action': 'install', 'id': '8018911', 'name': 'registry', 'url': ' ', 'version': '::docker'}]&quot;, 'c8y_SoftwareUpdate': [{'name': 'apple', 'action': 'install', 'id': '5495053', 'version': '::fruits', 'url': ' '}, {'name': 'banana', 'action': 'install', 'id': '5494888', 'version': '::fruits', 'url': ' '}, {'name': 'asciijump', 'action': 'install', 'id': '5475369', 'version': '::apt', 'url': ' '}, {'name': 'cherry', 'action': 'install', 'id': '5495382', 'version': '::fruits', 'url': ' '}, {'name': 'registry', 'action': 'install', 'id': '8018911', 'version': '::docker', 'url': ' '}]}
18:16:49 INFO  State of operation 20626836 : PENDING
18:16:51 INFO  State of operation 20626836 : EXECUTING
18:16:53 INFO  State of operation 20626836 : EXECUTING
18:16:56 INFO  State of operation 20626836 : EXECUTING
18:16:58 INFO  State of operation 20626836 : EXECUTING
18:17:00 INFO  State of operation 20626836 : EXECUTING
18:17:03 INFO  State of operation 20626836 : EXECUTING
18:17:06 INFO  State of operation 20626836 : EXECUTING
18:17:08 INFO  State of operation 20626836 : EXECUTING
18:17:11 INFO  State of operation 20626836 : EXECUTING
18:17:13 INFO  State of operation 20626836 : EXECUTING
18:17:15 INFO  State of operation 20626836 : EXECUTING
18:17:17 INFO  State of operation 20626836 : EXECUTING
18:17:19 INFO  State of operation 20626836 : EXECUTING
18:17:22 INFO  State of operation 20626836 : EXECUTING
18:17:24 INFO  State of operation 20626836 : EXECUTING
18:17:26 INFO  State of operation 20626836 : EXECUTING
18:17:28 INFO  State of operation 20626836 : EXECUTING
18:17:31 INFO  State of operation 20626836 : EXECUTING
18:17:33 INFO  State of operation 20626836 : EXECUTING
18:17:35 INFO  State of operation 20626836 : EXECUTING
18:17:37 INFO  State of operation 20626836 : EXECUTING
18:17:40 INFO  State of operation 20626836 : EXECUTING
18:17:42 INFO  State of operation 20626836 : EXECUTING
18:17:44 INFO  State of operation 20626836 : EXECUTING
18:17:47 INFO  State of operation 20626836 : SUCCESSFUL
18:17:47 INFO  Package apple is installed
18:17:47 INFO  Assert that (True == value) with value=True ... passed
18:17:47 INFO  Package banana is installed
18:17:47 INFO  Assert that (True == value) with value=True ... passed
18:17:47 INFO  Package cherry is installed
18:17:47 INFO  Assert that (True == value) with value=True ... passed
18:17:47 INFO  Package asciijump is installed
18:17:47 INFO  Assert that (True == value) with value=True ... passed
18:17:48 INFO  Package registry is installed
18:17:48 INFO  Assert that (True == value) with value=True ... passed
18:17:48 INFO  Response status: 201
18:17:48 INFO  Response to action: {
    &quot;creationTime&quot;: &quot;2022-06-29T18:17:48.419Z&quot;,
    &quot;deviceId&quot;: &quot;20610793&quot;,
    &quot;deviceName&quot;: &quot;m32sd10d&quot;,
    &quot;self&quot;: &quot;https://t493319102.eu-latest.cumulocity.com/devicecontrol/operations/20626844&quot;,
    &quot;id&quot;: &quot;20626844&quot;,
    &quot;status&quot;: &quot;PENDING&quot;,
    &quot;description&quot;: &quot;Apply software changes, triggered from PySys: [{'action': 'delete', 'id': '5495053', 'name': 'apple', 'url': ' ', 'version': '::fruits'}, {'action': 'delete', 'id': '5494888', 'name': 'banana', 'url': ' ', 'version': '::fruits'}, {'action': 'delete', 'id': '5475369', 'name': 'asciijump', 'url': ' ', 'version': '::apt'}, {'action': 'delete', 'id': '5495382', 'name': 'cherry', 'url': ' ', 'version': '::fruits'}, {'action': 'delete', 'id': '8018911', 'name': 'registry', 'url': ' ', 'version': '::docker'}]&quot;,
    &quot;c8y_SoftwareUpdate&quot;: [
        {
            &quot;name&quot;: &quot;apple&quot;,
            &quot;action&quot;: &quot;delete&quot;,
            &quot;id&quot;: &quot;5495053&quot;,
            &quot;version&quot;: &quot;::fruits&quot;,
            &quot;url&quot;: &quot; &quot;
        },
        {
            &quot;name&quot;: &quot;banana&quot;,
            &quot;action&quot;: &quot;delete&quot;,
            &quot;id&quot;: &quot;5494888&quot;,
            &quot;version&quot;: &quot;::fruits&quot;,
            &quot;url&quot;: &quot; &quot;
        },
        {
            &quot;name&quot;: &quot;asciijump&quot;,
            &quot;action&quot;: &quot;delete&quot;,
            &quot;id&quot;: &quot;5475369&quot;,
            &quot;version&quot;: &quot;::apt&quot;,
            &quot;url&quot;: &quot; &quot;
        },
        {
            &quot;name&quot;: &quot;cherry&quot;,
            &quot;action&quot;: &quot;delete&quot;,
            &quot;id&quot;: &quot;5495382&quot;,
            &quot;version&quot;: &quot;::fruits&quot;,
            &quot;url&quot;: &quot; &quot;
        },
        {
            &quot;name&quot;: &quot;registry&quot;,
            &quot;action&quot;: &quot;delete&quot;,
            &quot;id&quot;: &quot;8018911&quot;,
            &quot;version&quot;: &quot;::docker&quot;,
            &quot;url&quot;: &quot; &quot;
        }
    ]
}
18:17:48 INFO  Started operation: {'creationTime': '2022-06-29T18:17:48.419Z', 'deviceId': '20610793', 'deviceName': 'm32sd10d', 'self': 'https://t493319102.eu-latest.cumulocity.com/devicecontrol/operations/20626844', 'id': '20626844', 'status': 'PENDING', 'description': &quot;Apply software changes, triggered from PySys: [{'action': 'delete', 'id': '5495053', 'name': 'apple', 'url': ' ', 'version': '::fruits'}, {'action': 'delete', 'id': '5494888', 'name': 'banana', 'url': ' ', 'version': '::fruits'}, {'action': 'delete', 'id': '5475369', 'name': 'asciijump', 'url': ' ', 'version': '::apt'}, {'action': 'delete', 'id': '5495382', 'name': 'cherry', 'url': ' ', 'version': '::fruits'}, {'action': 'delete', 'id': '8018911', 'name': 'registry', 'url': ' ', 'version': '::docker'}]&quot;, 'c8y_SoftwareUpdate': [{'name': 'apple', 'action': 'delete', 'id': '5495053', 'version': '::fruits', 'url': ' '}, {'name': 'banana', 'action': 'delete', 'id': '5494888', 'version': '::fruits', 'url': ' '}, {'name': 'asciijump', 'action': 'delete', 'id': '5475369', 'version': '::apt', 'url': ' '}, {'name': 'cherry', 'action': 'delete', 'id': '5495382', 'version': '::fruits', 'url': ' '}, {'name': 'registry', 'action': 'delete', 'id': '8018911', 'version': '::docker', 'url': ' '}]}
18:17:50 INFO  State of operation 20626844 : PENDING
18:17:52 INFO  State of operation 20626844 : EXECUTING
18:17:55 INFO  State of operation 20626844 : EXECUTING
18:17:57 INFO  State of operation 20626844 : EXECUTING
18:17:59 INFO  State of operation 20626844 : EXECUTING
18:18:01 INFO  State of operation 20626844 : EXECUTING
18:18:04 INFO  State of operation 20626844 : EXECUTING
18:18:07 INFO  State of operation 20626844 : EXECUTING
18:18:09 INFO  State of operation 20626844 : EXECUTING
18:18:12 INFO  State of operation 20626844 : EXECUTING
18:18:14 INFO  State of operation 20626844 : EXECUTING
18:18:16 INFO  State of operation 20626844 : EXECUTING
18:18:18 INFO  State of operation 20626844 : EXECUTING
18:18:21 INFO  State of operation 20626844 : EXECUTING
18:18:23 INFO  State of operation 20626844 : EXECUTING
18:18:25 INFO  State of operation 20626844 : EXECUTING
18:18:28 INFO  State of operation 20626844 : EXECUTING
18:18:30 INFO  State of operation 20626844 : EXECUTING
18:18:33 INFO  State of operation 20626844 : EXECUTING
18:18:35 INFO  State of operation 20626844 : EXECUTING
18:18:37 INFO  State of operation 20626844 : EXECUTING
18:18:39 INFO  State of operation 20626844 : EXECUTING
18:18:42 INFO  State of operation 20626844 : EXECUTING
18:18:44 INFO  State of operation 20626844 : EXECUTING
18:18:47 INFO  State of operation 20626844 : EXECUTING
18:18:49 INFO  State of operation 20626844 : EXECUTING
18:18:51 INFO  State of operation 20626844 : EXECUTING
18:18:53 INFO  State of operation 20626844 : EXECUTING
18:18:56 INFO  State of operation 20626844 : EXECUTING
18:18:58 INFO  State of operation 20626844 : EXECUTING
18:19:00 INFO  State of operation 20626844 : SUCCESSFUL
18:19:00 INFO  Package apple is installed
18:19:00 INFO  Assert that (True == value) with value=True ... passed
18:19:01 INFO  Package banana is installed
18:19:01 INFO  Assert that (True == value) with value=True ... passed
18:19:01 INFO  Package cherry is installed
18:19:01 INFO  Assert that (True == value) with value=True ... passed
18:19:01 INFO  Assert that (False == value) with value=False ... passed
18:19:01 INFO  Assert that (False == value) with value=False ... passed
18:19:01 INFO  
18:19:01 INFO  cleanup:
18:19:05 INFO  Executed sudo&lt;tedge_disconnect_c8y&gt;, exit status 0
18:19:06 INFO  Executed systemctl&lt;serv_mapper5&gt;, exit status 3
18:19:06 INFO  
18:19:06 INFO  Test duration: 166.11 secs
18:19:06 INFO  Test final outcome:  FAILED
18:19:06 INFO  Test outcome reason: Assert that (False == value) with value=True
18:19:06 INFO  
</system-out>
	</testcase>
</testsuite>
