<?xml version="1.0" encoding="utf-8"?>
<testsuite failures="1" name="SoftwareManagement.sm_mixed_install_remove_multiple" skipped="0" tests="1" time="172.37" timestamp="2022-06-08T12:51:35">
	<testcase classname="PySysTest" name="SoftwareManagement.sm_mixed_install_remove_multiple">
		<failure message="FAILED: Assert that (False == value) with value=True" type="FAILED"/>
		<system-out>12:48:43 INFO  ==============================================================
12:48:43 INFO  Id:    SoftwareManagement.sm_mixed_install_remove_multiple
12:48:43 INFO  Dir:   software_management_end_to_end/
12:48:43 INFO  Title: Validate end to end behaviour for the dummy-plugin for multiple packages with mixed versions
12:48:43 INFO  ==============================================================
12:48:43 INFO  Using sw id database: {'asciijump': '5475369', 'robotfindskitten': '5474869', 'squirrel3': '5475279', 'rolldice': '5152439', 'moon-buggy': '5439204', 'apple': '5495053', 'banana': '5494888', 'cherry': '5495382', 'watermelon': '5494510', 'registry': '8018911', 'hello-world': '8021526', 'docker/getting-started': '8021973', 'alpine': '7991792'}
12:48:43 INFO  EnvironmentC8y Setup
12:48:43 INFO  Executed systemctl&lt;serv_mapper1&gt;, exit status 3
12:48:43 INFO  Restarting mosquitto too frequently in the last 10 seconds. It was only up for 5 seconds
12:48:43 INFO  Delaying execution by 6 seconds
12:49:03 INFO  Executed sudo&lt;tedge_connect_c8y&gt;, exit status 0, duration 14 secs
12:49:04 INFO  Executed sudo&lt;tedge_connect_c8y_test&gt;, exit status 0
12:49:05 INFO  Executed systemctl&lt;serv_mosq2&gt;, exit status 0
12:49:05 INFO  Executed systemctl&lt;serv_mapper3&gt;, exit status 0
12:49:07 INFO  State of current operation: SUCCESSFUL
12:49:08 INFO  Package apple is installed
12:49:08 INFO  Assert that (True == value) with value=True ... passed
12:49:08 INFO  Package banana is installed
12:49:08 INFO  Assert that (True == value) with value=True ... passed
12:49:08 INFO  Package cherry is installed
12:49:08 INFO  Assert that (True == value) with value=True ... passed
12:49:08 INFO  Package asciijump is installed
12:49:08 WARN  Assert that (False == value) with value=True ... failed 
12:49:09 INFO  Assert that (False == value) with value=False ... passed
12:49:09 INFO  Response status: 201
12:49:09 INFO  Response to action: {
    &quot;creationTime&quot;: &quot;2022-06-08T12:49:09.235Z&quot;,
    &quot;deviceId&quot;: &quot;20034146&quot;,
    &quot;deviceName&quot;: &quot;m32sd10d&quot;,
    &quot;self&quot;: &quot;https://t493319102.eu-latest.cumulocity.com/devicecontrol/operations/20046383&quot;,
    &quot;id&quot;: &quot;20046383&quot;,
    &quot;status&quot;: &quot;PENDING&quot;,
    &quot;description&quot;: &quot;Apply software changes, triggered from PySys: [{'action': 'install', 'id': '5495053', 'name': 'apple', 'url': ' ', 'version': '::fruits'}, {'action': 'install', 'id': '5494888', 'name': 'banana', 'url': ' ', 'version': '::fruits'}, {'action': 'install', 'id': '5475369', 'name': 'asciijump', 'url': ' ', 'version': '::apt'}, {'action': 'install', 'id': '5495382', 'name': 'cherry', 'url': ' ', 'version': '::fruits'}, {'action': 'install', 'id': '8018911', 'name': 'registry', 'url': ' ', 'version': '::docker'}]&quot;,
    &quot;c8y_SoftwareUpdate&quot;: [
        {
            &quot;name&quot;: &quot;apple&quot;,
            &quot;action&quot;: &quot;install&quot;,
            &quot;id&quot;: &quot;5495053&quot;,
            &quot;version&quot;: &quot;::fruits&quot;,
            &quot;url&quot;: &quot; &quot;
        },
        {
            &quot;name&quot;: &quot;banana&quot;,
            &quot;action&quot;: &quot;install&quot;,
            &quot;id&quot;: &quot;5494888&quot;,
            &quot;version&quot;: &quot;::fruits&quot;,
            &quot;url&quot;: &quot; &quot;
        },
        {
            &quot;name&quot;: &quot;asciijump&quot;,
            &quot;action&quot;: &quot;install&quot;,
            &quot;id&quot;: &quot;5475369&quot;,
            &quot;version&quot;: &quot;::apt&quot;,
            &quot;url&quot;: &quot; &quot;
        },
        {
            &quot;name&quot;: &quot;cherry&quot;,
            &quot;action&quot;: &quot;install&quot;,
            &quot;id&quot;: &quot;5495382&quot;,
            &quot;version&quot;: &quot;::fruits&quot;,
            &quot;url&quot;: &quot; &quot;
        },
        {
            &quot;name&quot;: &quot;registry&quot;,
            &quot;action&quot;: &quot;install&quot;,
            &quot;id&quot;: &quot;8018911&quot;,
            &quot;version&quot;: &quot;::docker&quot;,
            &quot;url&quot;: &quot; &quot;
        }
    ]
}
12:49:09 INFO  Started operation: {'creationTime': '2022-06-08T12:49:09.235Z', 'deviceId': '20034146', 'deviceName': 'm32sd10d', 'self': 'https://t493319102.eu-latest.cumulocity.com/devicecontrol/operations/20046383', 'id': '20046383', 'status': 'PENDING', 'description': &quot;Apply software changes, triggered from PySys: [{'action': 'install', 'id': '5495053', 'name': 'apple', 'url': ' ', 'version': '::fruits'}, {'action': 'install', 'id': '5494888', 'name': 'banana', 'url': ' ', 'version': '::fruits'}, {'action': 'install', 'id': '5475369', 'name': 'asciijump', 'url': ' ', 'version': '::apt'}, {'action': 'install', 'id': '5495382', 'name': 'cherry', 'url': ' ', 'version': '::fruits'}, {'action': 'install', 'id': '8018911', 'name': 'registry', 'url': ' ', 'version': '::docker'}]&quot;, 'c8y_SoftwareUpdate': [{'name': 'apple', 'action': 'install', 'id': '5495053', 'version': '::fruits', 'url': ' '}, {'name': 'banana', 'action': 'install', 'id': '5494888', 'version': '::fruits', 'url': ' '}, {'name': 'asciijump', 'action': 'install', 'id': '5475369', 'version': '::apt', 'url': ' '}, {'name': 'cherry', 'action': 'install', 'id': '5495382', 'version': '::fruits', 'url': ' '}, {'name': 'registry', 'action': 'install', 'id': '8018911', 'version': '::docker', 'url': ' '}]}
12:49:11 INFO  State of operation 20046383 : PENDING
12:49:14 INFO  State of operation 20046383 : EXECUTING
12:49:16 INFO  State of operation 20046383 : EXECUTING
12:49:18 INFO  State of operation 20046383 : EXECUTING
12:49:20 INFO  State of operation 20046383 : EXECUTING
12:49:23 INFO  State of operation 20046383 : EXECUTING
12:49:25 INFO  State of operation 20046383 : EXECUTING
12:49:28 INFO  State of operation 20046383 : EXECUTING
12:49:30 INFO  State of operation 20046383 : EXECUTING
12:49:33 INFO  State of operation 20046383 : EXECUTING
12:49:35 INFO  State of operation 20046383 : EXECUTING
12:49:37 INFO  State of operation 20046383 : EXECUTING
12:49:39 INFO  State of operation 20046383 : EXECUTING
12:49:42 INFO  State of operation 20046383 : EXECUTING
12:49:44 INFO  State of operation 20046383 : EXECUTING
12:49:47 INFO  State of operation 20046383 : EXECUTING
12:49:49 INFO  State of operation 20046383 : EXECUTING
12:49:51 INFO  State of operation 20046383 : EXECUTING
12:49:54 INFO  State of operation 20046383 : EXECUTING
12:49:56 INFO  State of operation 20046383 : EXECUTING
12:49:59 INFO  State of operation 20046383 : EXECUTING
12:50:01 INFO  State of operation 20046383 : EXECUTING
12:50:03 INFO  State of operation 20046383 : EXECUTING
12:50:05 INFO  State of operation 20046383 : EXECUTING
12:50:08 INFO  State of operation 20046383 : SUCCESSFUL
12:50:08 INFO  Package apple is installed
12:50:08 INFO  Assert that (True == value) with value=True ... passed
12:50:08 INFO  Package banana is installed
12:50:08 INFO  Assert that (True == value) with value=True ... passed
12:50:08 INFO  Package cherry is installed
12:50:08 INFO  Assert that (True == value) with value=True ... passed
12:50:09 INFO  Package asciijump is installed
12:50:09 INFO  Assert that (True == value) with value=True ... passed
12:50:09 INFO  Package registry is installed
12:50:09 INFO  Assert that (True == value) with value=True ... passed
12:50:10 INFO  Response status: 201
12:50:10 INFO  Response to action: {
    &quot;creationTime&quot;: &quot;2022-06-08T12:50:09.626Z&quot;,
    &quot;deviceId&quot;: &quot;20034146&quot;,
    &quot;deviceName&quot;: &quot;m32sd10d&quot;,
    &quot;self&quot;: &quot;https://t493319102.eu-latest.cumulocity.com/devicecontrol/operations/20046395&quot;,
    &quot;id&quot;: &quot;20046395&quot;,
    &quot;status&quot;: &quot;PENDING&quot;,
    &quot;description&quot;: &quot;Apply software changes, triggered from PySys: [{'action': 'delete', 'id': '5495053', 'name': 'apple', 'url': ' ', 'version': '::fruits'}, {'action': 'delete', 'id': '5494888', 'name': 'banana', 'url': ' ', 'version': '::fruits'}, {'action': 'delete', 'id': '5475369', 'name': 'asciijump', 'url': ' ', 'version': '::apt'}, {'action': 'delete', 'id': '5495382', 'name': 'cherry', 'url': ' ', 'version': '::fruits'}, {'action': 'delete', 'id': '8018911', 'name': 'registry', 'url': ' ', 'version': '::docker'}]&quot;,
    &quot;c8y_SoftwareUpdate&quot;: [
        {
            &quot;name&quot;: &quot;apple&quot;,
            &quot;action&quot;: &quot;delete&quot;,
            &quot;id&quot;: &quot;5495053&quot;,
            &quot;version&quot;: &quot;::fruits&quot;,
            &quot;url&quot;: &quot; &quot;
        },
        {
            &quot;name&quot;: &quot;banana&quot;,
            &quot;action&quot;: &quot;delete&quot;,
            &quot;id&quot;: &quot;5494888&quot;,
            &quot;version&quot;: &quot;::fruits&quot;,
            &quot;url&quot;: &quot; &quot;
        },
        {
            &quot;name&quot;: &quot;asciijump&quot;,
            &quot;action&quot;: &quot;delete&quot;,
            &quot;id&quot;: &quot;5475369&quot;,
            &quot;version&quot;: &quot;::apt&quot;,
            &quot;url&quot;: &quot; &quot;
        },
        {
            &quot;name&quot;: &quot;cherry&quot;,
            &quot;action&quot;: &quot;delete&quot;,
            &quot;id&quot;: &quot;5495382&quot;,
            &quot;version&quot;: &quot;::fruits&quot;,
            &quot;url&quot;: &quot; &quot;
        },
        {
            &quot;name&quot;: &quot;registry&quot;,
            &quot;action&quot;: &quot;delete&quot;,
            &quot;id&quot;: &quot;8018911&quot;,
            &quot;version&quot;: &quot;::docker&quot;,
            &quot;url&quot;: &quot; &quot;
        }
    ]
}
12:50:10 INFO  Started operation: {'creationTime': '2022-06-08T12:50:09.626Z', 'deviceId': '20034146', 'deviceName': 'm32sd10d', 'self': 'https://t493319102.eu-latest.cumulocity.com/devicecontrol/operations/20046395', 'id': '20046395', 'status': 'PENDING', 'description': &quot;Apply software changes, triggered from PySys: [{'action': 'delete', 'id': '5495053', 'name': 'apple', 'url': ' ', 'version': '::fruits'}, {'action': 'delete', 'id': '5494888', 'name': 'banana', 'url': ' ', 'version': '::fruits'}, {'action': 'delete', 'id': '5475369', 'name': 'asciijump', 'url': ' ', 'version': '::apt'}, {'action': 'delete', 'id': '5495382', 'name': 'cherry', 'url': ' ', 'version': '::fruits'}, {'action': 'delete', 'id': '8018911', 'name': 'registry', 'url': ' ', 'version': '::docker'}]&quot;, 'c8y_SoftwareUpdate': [{'name': 'apple', 'action': 'delete', 'id': '5495053', 'version': '::fruits', 'url': ' '}, {'name': 'banana', 'action': 'delete', 'id': '5494888', 'version': '::fruits', 'url': ' '}, {'name': 'asciijump', 'action': 'delete', 'id': '5475369', 'version': '::apt', 'url': ' '}, {'name': 'cherry', 'action': 'delete', 'id': '5495382', 'version': '::fruits', 'url': ' '}, {'name': 'registry', 'action': 'delete', 'id': '8018911', 'version': '::docker', 'url': ' '}]}
12:50:12 INFO  State of operation 20046395 : PENDING
12:50:14 INFO  State of operation 20046395 : EXECUTING
12:50:16 INFO  State of operation 20046395 : EXECUTING
12:50:19 INFO  State of operation 20046395 : EXECUTING
12:50:21 INFO  State of operation 20046395 : EXECUTING
12:50:23 INFO  State of operation 20046395 : EXECUTING
12:50:25 INFO  State of operation 20046395 : EXECUTING
12:50:28 INFO  State of operation 20046395 : EXECUTING
12:50:30 INFO  State of operation 20046395 : EXECUTING
12:50:33 INFO  State of operation 20046395 : EXECUTING
12:50:36 INFO  State of operation 20046395 : EXECUTING
12:50:38 INFO  State of operation 20046395 : EXECUTING
12:50:41 INFO  State of operation 20046395 : EXECUTING
12:50:43 INFO  State of operation 20046395 : EXECUTING
12:50:45 INFO  State of operation 20046395 : EXECUTING
12:50:47 INFO  State of operation 20046395 : EXECUTING
12:50:50 INFO  State of operation 20046395 : EXECUTING
12:50:52 INFO  State of operation 20046395 : EXECUTING
12:50:55 INFO  State of operation 20046395 : EXECUTING
12:50:58 INFO  State of operation 20046395 : EXECUTING
12:51:00 INFO  State of operation 20046395 : EXECUTING
12:51:02 INFO  State of operation 20046395 : EXECUTING
12:51:04 INFO  State of operation 20046395 : EXECUTING
12:51:07 INFO  State of operation 20046395 : EXECUTING
12:51:10 INFO  State of operation 20046395 : EXECUTING
12:51:12 INFO  State of operation 20046395 : EXECUTING
12:51:14 INFO  State of operation 20046395 : EXECUTING
12:51:17 INFO  State of operation 20046395 : EXECUTING
12:51:19 INFO  State of operation 20046395 : EXECUTING
12:51:21 INFO  State of operation 20046395 : EXECUTING
12:51:23 INFO  State of operation 20046395 : EXECUTING
12:51:26 INFO  State of operation 20046395 : EXECUTING
12:51:28 INFO  State of operation 20046395 : SUCCESSFUL
12:51:28 INFO  Package apple is installed
12:51:28 INFO  Assert that (True == value) with value=True ... passed
12:51:28 INFO  Package banana is installed
12:51:28 INFO  Assert that (True == value) with value=True ... passed
12:51:29 INFO  Package cherry is installed
12:51:29 INFO  Assert that (True == value) with value=True ... passed
12:51:29 INFO  Assert that (False == value) with value=False ... passed
12:51:29 INFO  Assert that (False == value) with value=False ... passed
12:51:29 INFO  
12:51:29 INFO  cleanup:
12:51:34 INFO  Executed sudo&lt;tedge_disconnect_c8y&gt;, exit status 0
12:51:35 INFO  Executed systemctl&lt;serv_mapper5&gt;, exit status 3
12:51:35 INFO  
12:51:35 INFO  Test duration: 172.37 secs
12:51:35 INFO  Test final outcome:  FAILED
12:51:35 INFO  Test outcome reason: Assert that (False == value) with value=True
12:51:35 INFO  
</system-out>
	</testcase>
</testsuite>
