<?xml version="1.0" encoding="utf-8"?>
<testsuite failures="1" name="SoftwareManagement.sm_apt_install_remove_multiple" skipped="0" tests="1" time="137.76" timestamp="2022-07-19T14:49:52">
	<testcase classname="PySysTest" name="SoftwareManagement.sm_apt_install_remove_multiple">
		<failure message="FAILED: Assert that (False == value) with value=True (+2 other failures)" type="FAILED"/>
		<system-out>14:47:34 INFO  ==============================================================
14:47:34 INFO  Id:    SoftwareManagement.sm_apt_install_remove_multiple
14:47:34 INFO  Dir:   software_management_end_to_end/
14:47:34 INFO  Title: Validate end to end behaviour for the apt plugin for multiple packages
14:47:34 INFO  ==============================================================
14:47:34 INFO  Using sw id database: {'asciijump': '5475369', 'robotfindskitten': '5474869', 'squirrel3': '5475279', 'rolldice': '5152439', 'moon-buggy': '5439204', 'apple': '5495053', 'banana': '5494888', 'cherry': '5495382', 'watermelon': '5494510', 'registry': '8018911', 'hello-world': '8021526', 'docker/getting-started': '8021973', 'alpine': '7991792'}
14:47:34 INFO  EnvironmentC8y Setup
14:47:35 INFO  Executed systemctl&lt;serv_mapper1&gt;, exit status 3
14:47:35 INFO  Restarting mosquitto too frequently in the last 10 seconds. It was only up for 5 seconds
14:47:35 INFO  Delaying execution by 6 seconds
14:47:55 INFO  Executed sudo&lt;tedge_connect_c8y&gt;, exit status 0, duration 13 secs
14:47:56 INFO  Executed sudo&lt;tedge_connect_c8y_test&gt;, exit status 0
14:47:56 INFO  Executed systemctl&lt;serv_mosq2&gt;, exit status 0
14:47:57 INFO  Executed systemctl&lt;serv_mapper3&gt;, exit status 0
14:47:59 INFO  State of current operation: SUCCESSFUL
14:47:59 INFO  Assert that (False == value) with value=False ... passed
14:47:59 INFO  Package asciijump is installed
14:48:00 WARN  Assert that (False == value) with value=True ... failed 
14:48:00 INFO  Package squirrel3 is installed
14:48:00 WARN  Assert that (False == value) with value=True ... failed 
14:48:00 INFO  Package robotfindskitten is installed
14:48:00 WARN  Assert that (False == value) with value=True ... failed 
14:48:00 INFO  Response status: 201
14:48:00 INFO  Response to action: {
    &quot;creationTime&quot;: &quot;2022-07-19T14:48:00.749Z&quot;,
    &quot;deviceId&quot;: &quot;21039781&quot;,
    &quot;deviceName&quot;: &quot;m32sd10d&quot;,
    &quot;self&quot;: &quot;https://t493319102.eu-latest.cumulocity.com/devicecontrol/operations/21058115&quot;,
    &quot;id&quot;: &quot;21058115&quot;,
    &quot;status&quot;: &quot;PENDING&quot;,
    &quot;description&quot;: &quot;Apply software changes, triggered from PySys: [{'action': 'install', 'id': '5475369', 'name': 'asciijump', 'url': ' ', 'version': '::apt'}, {'action': 'install', 'id': '5474869', 'name': 'robotfindskitten', 'url': ' ', 'version': '::apt'}, {'action': 'install', 'id': '5475279', 'name': 'squirrel3', 'url': ' ', 'version': '::apt'}]&quot;,
    &quot;c8y_SoftwareUpdate&quot;: [
        {
            &quot;name&quot;: &quot;asciijump&quot;,
            &quot;action&quot;: &quot;install&quot;,
            &quot;id&quot;: &quot;5475369&quot;,
            &quot;version&quot;: &quot;::apt&quot;,
            &quot;url&quot;: &quot; &quot;
        },
        {
            &quot;name&quot;: &quot;robotfindskitten&quot;,
            &quot;action&quot;: &quot;install&quot;,
            &quot;id&quot;: &quot;5474869&quot;,
            &quot;version&quot;: &quot;::apt&quot;,
            &quot;url&quot;: &quot; &quot;
        },
        {
            &quot;name&quot;: &quot;squirrel3&quot;,
            &quot;action&quot;: &quot;install&quot;,
            &quot;id&quot;: &quot;5475279&quot;,
            &quot;version&quot;: &quot;::apt&quot;,
            &quot;url&quot;: &quot; &quot;
        }
    ]
}
14:48:00 INFO  Started operation: {'creationTime': '2022-07-19T14:48:00.749Z', 'deviceId': '21039781', 'deviceName': 'm32sd10d', 'self': 'https://t493319102.eu-latest.cumulocity.com/devicecontrol/operations/21058115', 'id': '21058115', 'status': 'PENDING', 'description': &quot;Apply software changes, triggered from PySys: [{'action': 'install', 'id': '5475369', 'name': 'asciijump', 'url': ' ', 'version': '::apt'}, {'action': 'install', 'id': '5474869', 'name': 'robotfindskitten', 'url': ' ', 'version': '::apt'}, {'action': 'install', 'id': '5475279', 'name': 'squirrel3', 'url': ' ', 'version': '::apt'}]&quot;, 'c8y_SoftwareUpdate': [{'name': 'asciijump', 'action': 'install', 'id': '5475369', 'version': '::apt', 'url': ' '}, {'name': 'robotfindskitten', 'action': 'install', 'id': '5474869', 'version': '::apt', 'url': ' '}, {'name': 'squirrel3', 'action': 'install', 'id': '5475279', 'version': '::apt', 'url': ' '}]}
14:48:03 INFO  State of operation 21058115 : PENDING
14:48:05 INFO  State of operation 21058115 : EXECUTING
14:48:07 INFO  State of operation 21058115 : EXECUTING
14:48:09 INFO  State of operation 21058115 : EXECUTING
14:48:11 INFO  State of operation 21058115 : EXECUTING
14:48:14 INFO  State of operation 21058115 : EXECUTING
14:48:16 INFO  State of operation 21058115 : EXECUTING
14:48:19 INFO  State of operation 21058115 : EXECUTING
14:48:22 INFO  State of operation 21058115 : EXECUTING
14:48:24 INFO  State of operation 21058115 : EXECUTING
14:48:26 INFO  State of operation 21058115 : EXECUTING
14:48:29 INFO  State of operation 21058115 : EXECUTING
14:48:31 INFO  State of operation 21058115 : EXECUTING
14:48:33 INFO  State of operation 21058115 : EXECUTING
14:48:35 INFO  State of operation 21058115 : EXECUTING
14:48:38 INFO  State of operation 21058115 : SUCCESSFUL
14:48:38 INFO  Assert that (False == value) with value=False ... passed
14:48:38 INFO  Package asciijump is installed
14:48:38 INFO  Assert that (True == value) with value=True ... passed
14:48:38 INFO  Package squirrel3 is installed
14:48:38 INFO  Assert that (True == value) with value=True ... passed
14:48:38 INFO  Package robotfindskitten is installed
14:48:38 INFO  Assert that (True == value) with value=True ... passed
14:48:39 INFO  Response status: 201
14:48:39 INFO  Response to action: {
    &quot;creationTime&quot;: &quot;2022-07-19T14:48:39.083Z&quot;,
    &quot;deviceId&quot;: &quot;21039781&quot;,
    &quot;deviceName&quot;: &quot;m32sd10d&quot;,
    &quot;self&quot;: &quot;https://t493319102.eu-latest.cumulocity.com/devicecontrol/operations/21058128&quot;,
    &quot;id&quot;: &quot;21058128&quot;,
    &quot;status&quot;: &quot;PENDING&quot;,
    &quot;description&quot;: &quot;Apply software changes, triggered from PySys: [{'action': 'delete', 'id': '5475369', 'name': 'asciijump', 'url': ' ', 'version': '::apt'}, {'action': 'delete', 'id': '5474869', 'name': 'robotfindskitten', 'url': ' ', 'version': '::apt'}, {'action': 'delete', 'id': '5475279', 'name': 'squirrel3', 'url': ' ', 'version': '::apt'}]&quot;,
    &quot;c8y_SoftwareUpdate&quot;: [
        {
            &quot;name&quot;: &quot;asciijump&quot;,
            &quot;action&quot;: &quot;delete&quot;,
            &quot;id&quot;: &quot;5475369&quot;,
            &quot;version&quot;: &quot;::apt&quot;,
            &quot;url&quot;: &quot; &quot;
        },
        {
            &quot;name&quot;: &quot;robotfindskitten&quot;,
            &quot;action&quot;: &quot;delete&quot;,
            &quot;id&quot;: &quot;5474869&quot;,
            &quot;version&quot;: &quot;::apt&quot;,
            &quot;url&quot;: &quot; &quot;
        },
        {
            &quot;name&quot;: &quot;squirrel3&quot;,
            &quot;action&quot;: &quot;delete&quot;,
            &quot;id&quot;: &quot;5475279&quot;,
            &quot;version&quot;: &quot;::apt&quot;,
            &quot;url&quot;: &quot; &quot;
        }
    ]
}
14:48:39 INFO  Started operation: {'creationTime': '2022-07-19T14:48:39.083Z', 'deviceId': '21039781', 'deviceName': 'm32sd10d', 'self': 'https://t493319102.eu-latest.cumulocity.com/devicecontrol/operations/21058128', 'id': '21058128', 'status': 'PENDING', 'description': &quot;Apply software changes, triggered from PySys: [{'action': 'delete', 'id': '5475369', 'name': 'asciijump', 'url': ' ', 'version': '::apt'}, {'action': 'delete', 'id': '5474869', 'name': 'robotfindskitten', 'url': ' ', 'version': '::apt'}, {'action': 'delete', 'id': '5475279', 'name': 'squirrel3', 'url': ' ', 'version': '::apt'}]&quot;, 'c8y_SoftwareUpdate': [{'name': 'asciijump', 'action': 'delete', 'id': '5475369', 'version': '::apt', 'url': ' '}, {'name': 'robotfindskitten', 'action': 'delete', 'id': '5474869', 'version': '::apt', 'url': ' '}, {'name': 'squirrel3', 'action': 'delete', 'id': '5475279', 'version': '::apt', 'url': ' '}]}
14:48:41 INFO  State of operation 21058128 : PENDING
14:48:43 INFO  State of operation 21058128 : EXECUTING
14:48:45 INFO  State of operation 21058128 : EXECUTING
14:48:48 INFO  State of operation 21058128 : EXECUTING
14:48:50 INFO  State of operation 21058128 : EXECUTING
14:48:52 INFO  State of operation 21058128 : EXECUTING
14:48:55 INFO  State of operation 21058128 : EXECUTING
14:48:58 INFO  State of operation 21058128 : EXECUTING
14:49:00 INFO  State of operation 21058128 : EXECUTING
14:49:03 INFO  State of operation 21058128 : EXECUTING
14:49:05 INFO  State of operation 21058128 : EXECUTING
14:49:07 INFO  State of operation 21058128 : EXECUTING
14:49:09 INFO  State of operation 21058128 : EXECUTING
14:49:12 INFO  State of operation 21058128 : EXECUTING
14:49:14 INFO  State of operation 21058128 : EXECUTING
14:49:16 INFO  State of operation 21058128 : EXECUTING
14:49:18 INFO  State of operation 21058128 : EXECUTING
14:49:21 INFO  State of operation 21058128 : EXECUTING
14:49:23 INFO  State of operation 21058128 : EXECUTING
14:49:26 INFO  State of operation 21058128 : EXECUTING
14:49:28 INFO  State of operation 21058128 : EXECUTING
14:49:30 INFO  State of operation 21058128 : EXECUTING
14:49:32 INFO  State of operation 21058128 : EXECUTING
14:49:35 INFO  State of operation 21058128 : EXECUTING
14:49:37 INFO  State of operation 21058128 : EXECUTING
14:49:40 INFO  State of operation 21058128 : EXECUTING
14:49:42 INFO  State of operation 21058128 : EXECUTING
14:49:44 INFO  State of operation 21058128 : EXECUTING
14:49:47 INFO  State of operation 21058128 : SUCCESSFUL
14:49:47 INFO  Assert that (False == value) with value=False ... passed
14:49:47 INFO  Assert that (False == value) with value=False ... passed
14:49:47 INFO  Assert that (False == value) with value=False ... passed
14:49:47 INFO  Assert that (False == value) with value=False ... passed
14:49:47 INFO  
14:49:47 INFO  cleanup:
14:49:52 INFO  Executed sudo&lt;tedge_disconnect_c8y&gt;, exit status 0
14:49:52 INFO  Executed systemctl&lt;serv_mapper5&gt;, exit status 3
14:49:52 INFO  
14:49:52 INFO  Test duration: 137.76 secs
14:49:52 INFO  Test final outcome:  FAILED
14:49:52 INFO  Test outcome reason: Assert that (False == value) with value=True (+2 other failures)
14:49:52 INFO  
</system-out>
	</testcase>
</testsuite>
