<?xml version="1.0" encoding="utf-8"?>
<testsuite failures="1" name="SoftwareManagement.sm_apt_install_remove" skipped="0" tests="1" time="166.58" timestamp="2022-05-23T20:18:45">
	<testcase classname="PySysTest" name="SoftwareManagement.sm_apt_install_remove">
		<failure message="BLOCKED: SystemError: Timeout while waiting for status FAILED or SUCCESSFUL" type="BLOCKED"/>
		<system-out>20:15:59 INFO  ==============================================================
20:15:59 INFO  Id:    SoftwareManagement.sm_apt_install_remove
20:15:59 INFO  Dir:   software_management_end_to_end/
20:15:59 INFO  Title: Validate end to end behaviour for the apt plugin for installation and removal of packages
20:15:59 INFO  ==============================================================
20:15:59 INFO  Using sw id database: {'asciijump': '5475369', 'robotfindskitten': '5474869', 'squirrel3': '5475279', 'rolldice': '5152439', 'moon-buggy': '5439204', 'apple': '5495053', 'banana': '5494888', 'cherry': '5495382', 'watermelon': '5494510', 'registry': '8018911', 'hello-world': '8021526', 'docker/getting-started': '8021973', 'alpine': '7991792'}
20:15:59 INFO  EnvironmentC8y Setup
20:15:59 INFO  Executed systemctl&lt;serv_mapper1&gt;, exit status 3
20:15:59 INFO  Restarting mosquitto too frequently in the last 10 seconds. It was only up for 4 seconds
20:15:59 INFO  Delaying execution by 7 seconds
20:16:21 INFO  Executed sudo&lt;tedge_connect_c8y&gt;, exit status 0, duration 14 secs
20:16:21 INFO  Executed sudo&lt;tedge_connect_c8y_test&gt;, exit status 0
20:16:22 INFO  Executed systemctl&lt;serv_mosq2&gt;, exit status 0
20:16:22 INFO  Executed systemctl&lt;serv_mapper3&gt;, exit status 0
20:16:24 INFO  State of current operation: PENDING
20:16:27 INFO  State of current operation: PENDING
20:16:29 INFO  State of current operation: PENDING
20:16:31 INFO  State of current operation: PENDING
20:16:33 INFO  State of current operation: PENDING
20:16:36 INFO  State of current operation: PENDING
20:16:38 INFO  State of current operation: PENDING
20:16:40 INFO  State of current operation: PENDING
20:16:42 INFO  State of current operation: PENDING
20:16:45 INFO  State of current operation: PENDING
20:16:47 INFO  State of current operation: PENDING
20:16:49 INFO  State of current operation: PENDING
20:16:51 INFO  State of current operation: PENDING
20:16:54 INFO  State of current operation: PENDING
20:16:56 INFO  State of current operation: PENDING
20:16:58 INFO  State of current operation: PENDING
20:17:00 INFO  State of current operation: PENDING
20:17:03 INFO  State of current operation: PENDING
20:17:05 INFO  State of current operation: PENDING
20:17:07 INFO  State of current operation: PENDING
20:17:09 INFO  State of current operation: PENDING
20:17:11 INFO  State of current operation: PENDING
20:17:14 INFO  State of current operation: PENDING
20:17:16 INFO  State of current operation: PENDING
20:17:18 INFO  State of current operation: PENDING
20:17:20 INFO  State of current operation: PENDING
20:17:23 INFO  State of current operation: PENDING
20:17:25 INFO  State of current operation: PENDING
20:17:27 INFO  State of current operation: PENDING
20:17:29 INFO  State of current operation: PENDING
20:17:32 INFO  State of current operation: PENDING
20:17:34 INFO  State of current operation: PENDING
20:17:36 INFO  State of current operation: PENDING
20:17:38 INFO  State of current operation: PENDING
20:17:41 INFO  State of current operation: PENDING
20:17:43 INFO  State of current operation: PENDING
20:17:45 INFO  State of current operation: PENDING
20:17:47 INFO  State of current operation: PENDING
20:17:49 INFO  State of current operation: PENDING
20:17:52 INFO  State of current operation: PENDING
20:17:54 INFO  State of current operation: PENDING
20:17:56 INFO  State of current operation: PENDING
20:17:58 INFO  State of current operation: PENDING
20:18:01 INFO  State of current operation: PENDING
20:18:03 INFO  State of current operation: PENDING
20:18:05 INFO  State of current operation: PENDING
20:18:07 INFO  State of current operation: PENDING
20:18:10 INFO  State of current operation: PENDING
20:18:12 INFO  State of current operation: PENDING
20:18:14 INFO  State of current operation: PENDING
20:18:16 INFO  State of current operation: PENDING
20:18:19 INFO  State of current operation: PENDING
20:18:21 INFO  State of current operation: PENDING
20:18:23 INFO  State of current operation: PENDING
20:18:25 INFO  State of current operation: PENDING
20:18:27 INFO  State of current operation: PENDING
20:18:30 INFO  State of current operation: PENDING
20:18:32 INFO  State of current operation: PENDING
20:18:34 INFO  State of current operation: PENDING
20:18:36 INFO  State of current operation: PENDING
20:18:39 INFO  State of current operation: PENDING
20:18:41 WARN  SystemError occurred while running test - Timeout while waiting for status FAILED or SUCCESSFUL
Traceback (most recent call last):
  File &quot;/home/pi/env-pysys/lib/python3.7/site-packages/pysys/baserunner.py&quot;, line 1292, in __call__
    self.testObj.setup()
  File &quot;/home/pi/actions-runner/_work/thin-edge.io/thin-edge.io/tests/PySys/software_management_end_to_end/sm_apt_install_remove/run.py&quot;, line 27, in setup
    super().setup()
  File &quot;/home/pi/actions-runner/_work/thin-edge.io/thin-edge.io/tests/PySys/software_management_end_to_end/environment_sm_management.py&quot;, line 151, in setup
    self.wait_until_end()
  File &quot;/home/pi/actions-runner/_work/thin-edge.io/thin-edge.io/tests/PySys/software_management_end_to_end/environment_sm_management.py&quot;, line 332, in wait_until_end
    self.wait_until_status(&quot;FAILED&quot;, &quot;SUCCESSFUL&quot;)
  File &quot;/home/pi/actions-runner/_work/thin-edge.io/thin-edge.io/tests/PySys/software_management_end_to_end/environment_sm_management.py&quot;, line 381, in wait_until_status
    &quot;Timeout while waiting for status %s or %s&quot; % (status, status2)
SystemError: Timeout while waiting for status FAILED or SUCCESSFUL
20:18:41 WARN  SystemError: Timeout while waiting for status FAILED or SUCCESSFUL ... blocked 
20:18:41 INFO  
20:18:41 INFO  cleanup:
20:18:45 INFO  Executed sudo&lt;tedge_disconnect_c8y&gt;, exit status 0
20:18:45 INFO  Executed systemctl&lt;serv_mapper5&gt;, exit status 3
20:18:45 INFO  
20:18:45 INFO  Test duration: 166.58 secs
20:18:45 INFO  Test final outcome:  BLOCKED
20:18:45 INFO  Test outcome reason: SystemError: Timeout while waiting for status FAILED or SUCCESSFUL
20:18:45 INFO  
</system-out>
	</testcase>
</testsuite>
