<?xml version="1.0" encoding="utf-8"?>
<testsuite failures="1" name="SoftwareManagement.sm_apt_install_remove_multiple_mixed" skipped="0" tests="1" time="178.17" timestamp="2022-06-29T18:09:38">
	<testcase classname="PySysTest" name="SoftwareManagement.sm_apt_install_remove_multiple_mixed">
		<failure message="BLOCKED: SystemError: Timeout while waiting for status SUCCESSFUL or False (+1 other failures)" type="BLOCKED"/>
		<system-out>18:06:40 INFO  ==============================================================
18:06:40 INFO  Id:    SoftwareManagement.sm_apt_install_remove_multiple_mixed
18:06:40 INFO  Dir:   software_management_end_to_end/
18:06:40 INFO  Title: Validate end to end behaviour for the apt plugin for multiple packages with mixed versions
18:06:40 INFO  ==============================================================
18:06:40 INFO  Using sw id database: {'asciijump': '5475369', 'robotfindskitten': '5474869', 'squirrel3': '5475279', 'rolldice': '5152439', 'moon-buggy': '5439204', 'apple': '5495053', 'banana': '5494888', 'cherry': '5495382', 'watermelon': '5494510', 'registry': '8018911', 'hello-world': '8021526', 'docker/getting-started': '8021973', 'alpine': '7991792'}
18:06:40 INFO  EnvironmentC8y Setup
18:06:41 INFO  Executed systemctl&lt;serv_mapper1&gt;, exit status 3
18:06:41 INFO  Restarting mosquitto too frequently in the last 10 seconds. It was only up for 5 seconds
18:06:41 INFO  Delaying execution by 6 seconds
18:07:01 INFO  Executed sudo&lt;tedge_connect_c8y&gt;, exit status 0, duration 13 secs
18:07:01 INFO  Executed sudo&lt;tedge_connect_c8y_test&gt;, exit status 0
18:07:02 INFO  Executed systemctl&lt;serv_mosq2&gt;, exit status 0
18:07:02 INFO  Executed systemctl&lt;serv_mapper3&gt;, exit status 0
18:07:04 INFO  State of current operation: SUCCESSFUL
18:07:05 INFO  Assert that (False == value) with value=False ... passed
18:07:05 INFO  Assert that (False == value) with value=False ... passed
18:07:05 INFO  Assert that (False == value) with value=False ... passed
18:07:05 INFO  Assert that (False == value) with value=False ... passed
18:07:06 INFO  Package moon-buggy is installed
18:07:06 WARN  Assert that (False == value) with value=True ... failed 
18:07:07 INFO  Response status: 201
18:07:07 INFO  Response to action: {
    &quot;creationTime&quot;: &quot;2022-06-29T18:07:07.386Z&quot;,
    &quot;deviceId&quot;: &quot;20610793&quot;,
    &quot;deviceName&quot;: &quot;m32sd10d&quot;,
    &quot;self&quot;: &quot;https://t493319102.eu-latest.cumulocity.com/devicecontrol/operations/20626719&quot;,
    &quot;id&quot;: &quot;20626719&quot;,
    &quot;status&quot;: &quot;PENDING&quot;,
    &quot;description&quot;: &quot;Apply software changes, triggered from PySys: [{'action': 'install', 'id': '5475369', 'name': 'asciijump', 'url': ' ', 'version': '::apt'}, {'action': 'install', 'id': '5474869', 'name': 'robotfindskitten', 'url': ' ', 'version': ' '}, {'action': 'install', 'id': '5475279', 'name': 'squirrel3', 'url': ' ', 'version': '3.1-7::apt'}, {'action': 'install', 'id': '5152439', 'name': 'rolldice', 'url': ' ', 'version': '1.16-1+b1'}, {'action': 'install', 'id': '5439204', 'name': 'moon-buggy', 'url': ' ', 'version': '1:1.0.51-12'}, {'action': 'install', 'id': '5475369', 'name': 'asciijump', 'url': ' ', 'version': '::apt'}]&quot;,
    &quot;c8y_SoftwareUpdate&quot;: [
        {
            &quot;name&quot;: &quot;asciijump&quot;,
            &quot;action&quot;: &quot;install&quot;,
            &quot;id&quot;: &quot;5475369&quot;,
            &quot;version&quot;: &quot;::apt&quot;,
            &quot;url&quot;: &quot; &quot;
        },
        {
            &quot;name&quot;: &quot;robotfindskitten&quot;,
            &quot;action&quot;: &quot;install&quot;,
            &quot;id&quot;: &quot;5474869&quot;,
            &quot;version&quot;: &quot; &quot;,
            &quot;url&quot;: &quot; &quot;
        },
        {
            &quot;name&quot;: &quot;squirrel3&quot;,
            &quot;action&quot;: &quot;install&quot;,
            &quot;id&quot;: &quot;5475279&quot;,
            &quot;version&quot;: &quot;3.1-7::apt&quot;,
            &quot;url&quot;: &quot; &quot;
        },
        {
            &quot;name&quot;: &quot;rolldice&quot;,
            &quot;action&quot;: &quot;install&quot;,
            &quot;id&quot;: &quot;5152439&quot;,
            &quot;version&quot;: &quot;1.16-1+b1&quot;,
            &quot;url&quot;: &quot; &quot;
        },
        {
            &quot;name&quot;: &quot;moon-buggy&quot;,
            &quot;action&quot;: &quot;install&quot;,
            &quot;id&quot;: &quot;5439204&quot;,
            &quot;version&quot;: &quot;1:1.0.51-12&quot;,
            &quot;url&quot;: &quot; &quot;
        },
        {
            &quot;name&quot;: &quot;asciijump&quot;,
            &quot;action&quot;: &quot;install&quot;,
            &quot;id&quot;: &quot;5475369&quot;,
            &quot;version&quot;: &quot;::apt&quot;,
            &quot;url&quot;: &quot; &quot;
        }
    ]
}
18:07:07 INFO  Started operation: {'creationTime': '2022-06-29T18:07:07.386Z', 'deviceId': '20610793', 'deviceName': 'm32sd10d', 'self': 'https://t493319102.eu-latest.cumulocity.com/devicecontrol/operations/20626719', 'id': '20626719', 'status': 'PENDING', 'description': &quot;Apply software changes, triggered from PySys: [{'action': 'install', 'id': '5475369', 'name': 'asciijump', 'url': ' ', 'version': '::apt'}, {'action': 'install', 'id': '5474869', 'name': 'robotfindskitten', 'url': ' ', 'version': ' '}, {'action': 'install', 'id': '5475279', 'name': 'squirrel3', 'url': ' ', 'version': '3.1-7::apt'}, {'action': 'install', 'id': '5152439', 'name': 'rolldice', 'url': ' ', 'version': '1.16-1+b1'}, {'action': 'install', 'id': '5439204', 'name': 'moon-buggy', 'url': ' ', 'version': '1:1.0.51-12'}, {'action': 'install', 'id': '5475369', 'name': 'asciijump', 'url': ' ', 'version': '::apt'}]&quot;, 'c8y_SoftwareUpdate': [{'name': 'asciijump', 'action': 'install', 'id': '5475369', 'version': '::apt', 'url': ' '}, {'name': 'robotfindskitten', 'action': 'install', 'id': '5474869', 'version': ' ', 'url': ' '}, {'name': 'squirrel3', 'action': 'install', 'id': '5475279', 'version': '3.1-7::apt', 'url': ' '}, {'name': 'rolldice', 'action': 'install', 'id': '5152439', 'version': '1.16-1+b1', 'url': ' '}, {'name': 'moon-buggy', 'action': 'install', 'id': '5439204', 'version': '1:1.0.51-12', 'url': ' '}, {'name': 'asciijump', 'action': 'install', 'id': '5475369', 'version': '::apt', 'url': ' '}]}
18:07:09 INFO  State of operation 20626719 : PENDING
18:07:11 INFO  State of operation 20626719 : EXECUTING
18:07:14 INFO  State of operation 20626719 : EXECUTING
18:07:16 INFO  State of operation 20626719 : EXECUTING
18:07:18 INFO  State of operation 20626719 : EXECUTING
18:07:20 INFO  State of operation 20626719 : EXECUTING
18:07:23 INFO  State of operation 20626719 : EXECUTING
18:07:26 INFO  State of operation 20626719 : EXECUTING
18:07:28 INFO  State of operation 20626719 : EXECUTING
18:07:30 INFO  State of operation 20626719 : EXECUTING
18:07:33 INFO  State of operation 20626719 : EXECUTING
18:07:35 INFO  State of operation 20626719 : EXECUTING
18:07:37 INFO  State of operation 20626719 : EXECUTING
18:07:39 INFO  State of operation 20626719 : EXECUTING
18:07:42 INFO  State of operation 20626719 : EXECUTING
18:07:44 INFO  State of operation 20626719 : EXECUTING
18:07:46 INFO  State of operation 20626719 : EXECUTING
18:07:49 INFO  State of operation 20626719 : EXECUTING
18:07:51 INFO  State of operation 20626719 : EXECUTING
18:07:54 INFO  State of operation 20626719 : EXECUTING
18:07:56 INFO  State of operation 20626719 : EXECUTING
18:07:59 INFO  State of operation 20626719 : EXECUTING
18:08:01 INFO  State of operation 20626719 : EXECUTING
18:08:03 INFO  State of operation 20626719 : EXECUTING
18:08:05 INFO  State of operation 20626719 : EXECUTING
18:08:07 INFO  State of operation 20626719 : EXECUTING
18:08:10 INFO  State of operation 20626719 : EXECUTING
18:08:12 INFO  State of operation 20626719 : EXECUTING
18:08:15 INFO  State of operation 20626719 : EXECUTING
18:08:17 INFO  State of operation 20626719 : EXECUTING
18:08:19 INFO  State of operation 20626719 : EXECUTING
18:08:22 INFO  State of operation 20626719 : EXECUTING
18:08:24 INFO  State of operation 20626719 : EXECUTING
18:08:26 INFO  State of operation 20626719 : EXECUTING
18:08:29 INFO  State of operation 20626719 : EXECUTING
18:08:31 INFO  State of operation 20626719 : EXECUTING
18:08:34 INFO  State of operation 20626719 : EXECUTING
18:08:36 INFO  State of operation 20626719 : EXECUTING
18:08:39 INFO  State of operation 20626719 : EXECUTING
18:08:41 INFO  State of operation 20626719 : EXECUTING
18:08:44 INFO  State of operation 20626719 : EXECUTING
18:08:46 INFO  State of operation 20626719 : EXECUTING
18:08:48 INFO  State of operation 20626719 : EXECUTING
18:08:51 INFO  State of operation 20626719 : EXECUTING
18:08:53 INFO  State of operation 20626719 : EXECUTING
18:08:55 INFO  State of operation 20626719 : EXECUTING
18:08:57 INFO  State of operation 20626719 : EXECUTING
18:09:00 INFO  State of operation 20626719 : EXECUTING
18:09:03 INFO  State of operation 20626719 : EXECUTING
18:09:05 INFO  State of operation 20626719 : EXECUTING
18:09:07 INFO  State of operation 20626719 : EXECUTING
18:09:10 INFO  State of operation 20626719 : EXECUTING
18:09:12 INFO  State of operation 20626719 : EXECUTING
18:09:16 INFO  State of operation 20626719 : EXECUTING
18:09:18 INFO  State of operation 20626719 : EXECUTING
18:09:20 INFO  State of operation 20626719 : EXECUTING
18:09:22 INFO  State of operation 20626719 : EXECUTING
18:09:24 INFO  State of operation 20626719 : EXECUTING
18:09:27 INFO  State of operation 20626719 : EXECUTING
18:09:29 INFO  State of operation 20626719 : EXECUTING
18:09:31 INFO  State of operation 20626719 : EXECUTING
18:09:33 WARN  SystemError occurred while running test - Timeout while waiting for status SUCCESSFUL or False
Traceback (most recent call last):
  File &quot;/home/pi/env-pysys/lib/python3.7/site-packages/pysys/baserunner.py&quot;, line 1294, in __call__
    self.testObj.execute()
  File &quot;/home/pi/actions-runner/_work/thin-edge.io/thin-edge.io/tests/PySys/software_management_end_to_end/sm_apt_install_remove_multiple_mixed/run.py&quot;, line 89, in execute
    self.wait_until_succcess()
  File &quot;/home/pi/actions-runner/_work/thin-edge.io/thin-edge.io/tests/PySys/software_management_end_to_end/environment_sm_management.py&quot;, line 324, in wait_until_succcess
    self.wait_until_status(&quot;SUCCESSFUL&quot;)
  File &quot;/home/pi/actions-runner/_work/thin-edge.io/thin-edge.io/tests/PySys/software_management_end_to_end/environment_sm_management.py&quot;, line 381, in wait_until_status
    &quot;Timeout while waiting for status %s or %s&quot; % (status, status2)
SystemError: Timeout while waiting for status SUCCESSFUL or False
18:09:33 WARN  SystemError: Timeout while waiting for status SUCCESSFUL or False ... blocked 
18:09:33 INFO  
18:09:33 INFO  cleanup:
18:09:38 INFO  Executed sudo&lt;tedge_disconnect_c8y&gt;, exit status 0
18:09:38 INFO  Executed systemctl&lt;serv_mapper5&gt;, exit status 3
18:09:38 INFO  
18:09:38 INFO  Test duration: 178.17 secs
18:09:38 INFO  Test final outcome:  BLOCKED
18:09:38 INFO  Test outcome reason: SystemError: Timeout while waiting for status SUCCESSFUL or False (+1 other failures)
18:09:38 INFO  
</system-out>
	</testcase>
</testsuite>
