<?xml version="1.0" encoding="utf-8"?>
<testsuite failures="1" name="SoftwareManagement.sm_mixed_install_remove_multiple" skipped="0" tests="1" time="167.26" timestamp="2022-07-25T13:11:34">
	<testcase classname="PySysTest" name="SoftwareManagement.sm_mixed_install_remove_multiple">
		<failure message="FAILED: Assert that (False == value) with value=True" type="FAILED"/>
		<system-out>13:08:46 INFO  ==============================================================
13:08:46 INFO  Id:    SoftwareManagement.sm_mixed_install_remove_multiple
13:08:46 INFO  Dir:   software_management_end_to_end/
13:08:46 INFO  Title: Validate end to end behaviour for the dummy-plugin for multiple packages with mixed versions
13:08:46 INFO  ==============================================================
13:08:46 INFO  Using sw id database: {'asciijump': '5475369', 'robotfindskitten': '5474869', 'squirrel3': '5475279', 'rolldice': '5152439', 'moon-buggy': '5439204', 'apple': '5495053', 'banana': '5494888', 'cherry': '5495382', 'watermelon': '5494510', 'registry': '8018911', 'hello-world': '8021526', 'docker/getting-started': '8021973', 'alpine': '7991792'}
13:08:46 INFO  EnvironmentC8y Setup
13:08:47 INFO  Executed systemctl&lt;serv_mapper1&gt;, exit status 3
13:08:47 INFO  Restarting mosquitto too frequently in the last 10 seconds. It was only up for 4 seconds
13:08:47 INFO  Delaying execution by 7 seconds
13:09:08 INFO  Executed sudo&lt;tedge_connect_c8y&gt;, exit status 0, duration 14 secs
13:09:09 INFO  Executed sudo&lt;tedge_connect_c8y_test&gt;, exit status 0
13:09:09 INFO  Executed systemctl&lt;serv_mosq2&gt;, exit status 0
13:09:10 INFO  Executed systemctl&lt;serv_mapper3&gt;, exit status 0
13:09:12 INFO  State of current operation: SUCCESSFUL
13:09:12 INFO  Package apple is installed
13:09:12 INFO  Assert that (True == value) with value=True ... passed
13:09:13 INFO  Package banana is installed
13:09:13 INFO  Assert that (True == value) with value=True ... passed
13:09:13 INFO  Package cherry is installed
13:09:13 INFO  Assert that (True == value) with value=True ... passed
13:09:13 INFO  Package asciijump is installed
13:09:13 WARN  Assert that (False == value) with value=True ... failed 
13:09:13 INFO  Assert that (False == value) with value=False ... passed
13:09:14 INFO  Response status: 201
13:09:14 INFO  Response to action: {
    &quot;creationTime&quot;: &quot;2022-07-25T13:09:14.032Z&quot;,
    &quot;deviceId&quot;: &quot;21360362&quot;,
    &quot;deviceName&quot;: &quot;m32sd10d&quot;,
    &quot;self&quot;: &quot;https://t493319102.eu-latest.cumulocity.com/devicecontrol/operations/21385795&quot;,
    &quot;id&quot;: &quot;21385795&quot;,
    &quot;status&quot;: &quot;PENDING&quot;,
    &quot;description&quot;: &quot;Apply software changes, triggered from PySys: [{'action': 'install', 'id': '5495053', 'name': 'apple', 'url': ' ', 'version': '::fruits'}, {'action': 'install', 'id': '5494888', 'name': 'banana', 'url': ' ', 'version': '::fruits'}, {'action': 'install', 'id': '5475369', 'name': 'asciijump', 'url': ' ', 'version': '::apt'}, {'action': 'install', 'id': '5495382', 'name': 'cherry', 'url': ' ', 'version': '::fruits'}, {'action': 'install', 'id': '8018911', 'name': 'registry', 'url': ' ', 'version': '::docker'}]&quot;,
    &quot;c8y_SoftwareUpdate&quot;: [
        {
            &quot;name&quot;: &quot;apple&quot;,
            &quot;action&quot;: &quot;install&quot;,
            &quot;id&quot;: &quot;5495053&quot;,
            &quot;version&quot;: &quot;::fruits&quot;,
            &quot;url&quot;: &quot; &quot;
        },
        {
            &quot;name&quot;: &quot;banana&quot;,
            &quot;action&quot;: &quot;install&quot;,
            &quot;id&quot;: &quot;5494888&quot;,
            &quot;version&quot;: &quot;::fruits&quot;,
            &quot;url&quot;: &quot; &quot;
        },
        {
            &quot;name&quot;: &quot;asciijump&quot;,
            &quot;action&quot;: &quot;install&quot;,
            &quot;id&quot;: &quot;5475369&quot;,
            &quot;version&quot;: &quot;::apt&quot;,
            &quot;url&quot;: &quot; &quot;
        },
        {
            &quot;name&quot;: &quot;cherry&quot;,
            &quot;action&quot;: &quot;install&quot;,
            &quot;id&quot;: &quot;5495382&quot;,
            &quot;version&quot;: &quot;::fruits&quot;,
            &quot;url&quot;: &quot; &quot;
        },
        {
            &quot;name&quot;: &quot;registry&quot;,
            &quot;action&quot;: &quot;install&quot;,
            &quot;id&quot;: &quot;8018911&quot;,
            &quot;version&quot;: &quot;::docker&quot;,
            &quot;url&quot;: &quot; &quot;
        }
    ]
}
13:09:14 INFO  Started operation: {'creationTime': '2022-07-25T13:09:14.032Z', 'deviceId': '21360362', 'deviceName': 'm32sd10d', 'self': 'https://t493319102.eu-latest.cumulocity.com/devicecontrol/operations/21385795', 'id': '21385795', 'status': 'PENDING', 'description': &quot;Apply software changes, triggered from PySys: [{'action': 'install', 'id': '5495053', 'name': 'apple', 'url': ' ', 'version': '::fruits'}, {'action': 'install', 'id': '5494888', 'name': 'banana', 'url': ' ', 'version': '::fruits'}, {'action': 'install', 'id': '5475369', 'name': 'asciijump', 'url': ' ', 'version': '::apt'}, {'action': 'install', 'id': '5495382', 'name': 'cherry', 'url': ' ', 'version': '::fruits'}, {'action': 'install', 'id': '8018911', 'name': 'registry', 'url': ' ', 'version': '::docker'}]&quot;, 'c8y_SoftwareUpdate': [{'name': 'apple', 'action': 'install', 'id': '5495053', 'version': '::fruits', 'url': ' '}, {'name': 'banana', 'action': 'install', 'id': '5494888', 'version': '::fruits', 'url': ' '}, {'name': 'asciijump', 'action': 'install', 'id': '5475369', 'version': '::apt', 'url': ' '}, {'name': 'cherry', 'action': 'install', 'id': '5495382', 'version': '::fruits', 'url': ' '}, {'name': 'registry', 'action': 'install', 'id': '8018911', 'version': '::docker', 'url': ' '}]}
13:09:16 INFO  State of operation 21385795 : PENDING
13:09:18 INFO  State of operation 21385795 : EXECUTING
13:09:20 INFO  State of operation 21385795 : EXECUTING
13:09:22 INFO  State of operation 21385795 : EXECUTING
13:09:25 INFO  State of operation 21385795 : EXECUTING
13:09:27 INFO  State of operation 21385795 : EXECUTING
13:09:30 INFO  State of operation 21385795 : EXECUTING
13:09:32 INFO  State of operation 21385795 : EXECUTING
13:09:35 INFO  State of operation 21385795 : EXECUTING
13:09:37 INFO  State of operation 21385795 : EXECUTING
13:09:40 INFO  State of operation 21385795 : EXECUTING
13:09:42 INFO  State of operation 21385795 : EXECUTING
13:09:44 INFO  State of operation 21385795 : EXECUTING
13:09:46 INFO  State of operation 21385795 : EXECUTING
13:09:49 INFO  State of operation 21385795 : EXECUTING
13:09:51 INFO  State of operation 21385795 : EXECUTING
13:09:53 INFO  State of operation 21385795 : EXECUTING
13:09:55 INFO  State of operation 21385795 : EXECUTING
13:09:57 INFO  State of operation 21385795 : EXECUTING
13:10:00 INFO  State of operation 21385795 : EXECUTING
13:10:02 INFO  State of operation 21385795 : EXECUTING
13:10:04 INFO  State of operation 21385795 : EXECUTING
13:10:07 INFO  State of operation 21385795 : EXECUTING
13:10:09 INFO  State of operation 21385795 : EXECUTING
13:10:11 INFO  State of operation 21385795 : EXECUTING
13:10:14 INFO  State of operation 21385795 : SUCCESSFUL
13:10:14 INFO  Package apple is installed
13:10:14 INFO  Assert that (True == value) with value=True ... passed
13:10:14 INFO  Package banana is installed
13:10:14 INFO  Assert that (True == value) with value=True ... passed
13:10:14 INFO  Package cherry is installed
13:10:14 INFO  Assert that (True == value) with value=True ... passed
13:10:14 INFO  Package asciijump is installed
13:10:14 INFO  Assert that (True == value) with value=True ... passed
13:10:15 INFO  Package registry is installed
13:10:15 INFO  Assert that (True == value) with value=True ... passed
13:10:15 INFO  Response status: 201
13:10:15 INFO  Response to action: {
    &quot;creationTime&quot;: &quot;2022-07-25T13:10:15.318Z&quot;,
    &quot;deviceId&quot;: &quot;21360362&quot;,
    &quot;deviceName&quot;: &quot;m32sd10d&quot;,
    &quot;self&quot;: &quot;https://t493319102.eu-latest.cumulocity.com/devicecontrol/operations/21385813&quot;,
    &quot;id&quot;: &quot;21385813&quot;,
    &quot;status&quot;: &quot;PENDING&quot;,
    &quot;description&quot;: &quot;Apply software changes, triggered from PySys: [{'action': 'delete', 'id': '5495053', 'name': 'apple', 'url': ' ', 'version': '::fruits'}, {'action': 'delete', 'id': '5494888', 'name': 'banana', 'url': ' ', 'version': '::fruits'}, {'action': 'delete', 'id': '5475369', 'name': 'asciijump', 'url': ' ', 'version': '::apt'}, {'action': 'delete', 'id': '5495382', 'name': 'cherry', 'url': ' ', 'version': '::fruits'}, {'action': 'delete', 'id': '8018911', 'name': 'registry', 'url': ' ', 'version': '::docker'}]&quot;,
    &quot;c8y_SoftwareUpdate&quot;: [
        {
            &quot;name&quot;: &quot;apple&quot;,
            &quot;action&quot;: &quot;delete&quot;,
            &quot;id&quot;: &quot;5495053&quot;,
            &quot;version&quot;: &quot;::fruits&quot;,
            &quot;url&quot;: &quot; &quot;
        },
        {
            &quot;name&quot;: &quot;banana&quot;,
            &quot;action&quot;: &quot;delete&quot;,
            &quot;id&quot;: &quot;5494888&quot;,
            &quot;version&quot;: &quot;::fruits&quot;,
            &quot;url&quot;: &quot; &quot;
        },
        {
            &quot;name&quot;: &quot;asciijump&quot;,
            &quot;action&quot;: &quot;delete&quot;,
            &quot;id&quot;: &quot;5475369&quot;,
            &quot;version&quot;: &quot;::apt&quot;,
            &quot;url&quot;: &quot; &quot;
        },
        {
            &quot;name&quot;: &quot;cherry&quot;,
            &quot;action&quot;: &quot;delete&quot;,
            &quot;id&quot;: &quot;5495382&quot;,
            &quot;version&quot;: &quot;::fruits&quot;,
            &quot;url&quot;: &quot; &quot;
        },
        {
            &quot;name&quot;: &quot;registry&quot;,
            &quot;action&quot;: &quot;delete&quot;,
            &quot;id&quot;: &quot;8018911&quot;,
            &quot;version&quot;: &quot;::docker&quot;,
            &quot;url&quot;: &quot; &quot;
        }
    ]
}
13:10:15 INFO  Started operation: {'creationTime': '2022-07-25T13:10:15.318Z', 'deviceId': '21360362', 'deviceName': 'm32sd10d', 'self': 'https://t493319102.eu-latest.cumulocity.com/devicecontrol/operations/21385813', 'id': '21385813', 'status': 'PENDING', 'description': &quot;Apply software changes, triggered from PySys: [{'action': 'delete', 'id': '5495053', 'name': 'apple', 'url': ' ', 'version': '::fruits'}, {'action': 'delete', 'id': '5494888', 'name': 'banana', 'url': ' ', 'version': '::fruits'}, {'action': 'delete', 'id': '5475369', 'name': 'asciijump', 'url': ' ', 'version': '::apt'}, {'action': 'delete', 'id': '5495382', 'name': 'cherry', 'url': ' ', 'version': '::fruits'}, {'action': 'delete', 'id': '8018911', 'name': 'registry', 'url': ' ', 'version': '::docker'}]&quot;, 'c8y_SoftwareUpdate': [{'name': 'apple', 'action': 'delete', 'id': '5495053', 'version': '::fruits', 'url': ' '}, {'name': 'banana', 'action': 'delete', 'id': '5494888', 'version': '::fruits', 'url': ' '}, {'name': 'asciijump', 'action': 'delete', 'id': '5475369', 'version': '::apt', 'url': ' '}, {'name': 'cherry', 'action': 'delete', 'id': '5495382', 'version': '::fruits', 'url': ' '}, {'name': 'registry', 'action': 'delete', 'id': '8018911', 'version': '::docker', 'url': ' '}]}
13:10:17 INFO  State of operation 21385813 : PENDING
13:10:19 INFO  State of operation 21385813 : EXECUTING
13:10:22 INFO  State of operation 21385813 : EXECUTING
13:10:24 INFO  State of operation 21385813 : EXECUTING
13:10:26 INFO  State of operation 21385813 : EXECUTING
13:10:28 INFO  State of operation 21385813 : EXECUTING
13:10:31 INFO  State of operation 21385813 : EXECUTING
13:10:34 INFO  State of operation 21385813 : EXECUTING
13:10:36 INFO  State of operation 21385813 : EXECUTING
13:10:38 INFO  State of operation 21385813 : EXECUTING
13:10:41 INFO  State of operation 21385813 : EXECUTING
13:10:43 INFO  State of operation 21385813 : EXECUTING
13:10:45 INFO  State of operation 21385813 : EXECUTING
13:10:47 INFO  State of operation 21385813 : EXECUTING
13:10:50 INFO  State of operation 21385813 : EXECUTING
13:10:52 INFO  State of operation 21385813 : EXECUTING
13:10:55 INFO  State of operation 21385813 : EXECUTING
13:10:57 INFO  State of operation 21385813 : EXECUTING
13:10:59 INFO  State of operation 21385813 : EXECUTING
13:11:02 INFO  State of operation 21385813 : EXECUTING
13:11:04 INFO  State of operation 21385813 : EXECUTING
13:11:06 INFO  State of operation 21385813 : EXECUTING
13:11:08 INFO  State of operation 21385813 : EXECUTING
13:11:11 INFO  State of operation 21385813 : EXECUTING
13:11:14 INFO  State of operation 21385813 : EXECUTING
13:11:16 INFO  State of operation 21385813 : EXECUTING
13:11:18 INFO  State of operation 21385813 : EXECUTING
13:11:21 INFO  State of operation 21385813 : EXECUTING
13:11:23 INFO  State of operation 21385813 : EXECUTING
13:11:25 INFO  State of operation 21385813 : EXECUTING
13:11:28 INFO  State of operation 21385813 : SUCCESSFUL
13:11:28 INFO  Package apple is installed
13:11:28 INFO  Assert that (True == value) with value=True ... passed
13:11:28 INFO  Package banana is installed
13:11:28 INFO  Assert that (True == value) with value=True ... passed
13:11:28 INFO  Package cherry is installed
13:11:28 INFO  Assert that (True == value) with value=True ... passed
13:11:29 INFO  Assert that (False == value) with value=False ... passed
13:11:29 INFO  Assert that (False == value) with value=False ... passed
13:11:29 INFO  
13:11:29 INFO  cleanup:
13:11:33 INFO  Executed sudo&lt;tedge_disconnect_c8y&gt;, exit status 0
13:11:34 INFO  Executed systemctl&lt;serv_mapper5&gt;, exit status 3
13:11:34 INFO  
13:11:34 INFO  Test duration: 167.26 secs
13:11:34 INFO  Test final outcome:  FAILED
13:11:34 INFO  Test outcome reason: Assert that (False == value) with value=True
13:11:34 INFO  
</system-out>
	</testcase>
</testsuite>
