<?xml version="1.0" encoding="utf-8"?>
<testsuite failures="1" name="SoftwareManagement.sm_docker_install_remove_multiple" skipped="0" tests="1" time="165.28" timestamp="2022-05-23T12:31:21">
	<testcase classname="SMDockerInstallRemove" name="SoftwareManagement.sm_docker_install_remove_multiple">
		<failure message="BLOCKED: SystemError: Timeout while waiting for status FAILED or SUCCESSFUL" type="BLOCKED"/>
		<system-out>12:28:35 INFO  ==============================================================
12:28:35 INFO  Id:    SoftwareManagement.sm_docker_install_remove_multiple
12:28:35 INFO  Dir:   software_management_end_to_end/
12:28:35 INFO  Title: Validate end to end behaviour for the docker plugin for multiple docker images with mixed versions
12:28:35 INFO  ==============================================================
12:28:35 INFO  Using sw id database: {'asciijump': '5475369', 'robotfindskitten': '5474869', 'squirrel3': '5475279', 'rolldice': '5152439', 'moon-buggy': '5439204', 'apple': '5495053', 'banana': '5494888', 'cherry': '5495382', 'watermelon': '5494510', 'registry': '8018911', 'hello-world': '8021526', 'docker/getting-started': '8021973', 'alpine': '7991792'}
12:28:35 INFO  EnvironmentC8y Setup
12:28:36 INFO  Executed systemctl&lt;serv_mapper1&gt;, exit status 3
12:28:36 INFO  Restarting mosquitto too frequently in the last 10 seconds. It was only up for 5 seconds
12:28:36 INFO  Delaying execution by 6 seconds
12:28:56 INFO  Executed sudo&lt;tedge_connect_c8y&gt;, exit status 0, duration 13 secs
12:28:56 INFO  Executed sudo&lt;tedge_connect_c8y_test&gt;, exit status 0
12:28:57 INFO  Executed systemctl&lt;serv_mosq2&gt;, exit status 0
12:28:57 INFO  Executed systemctl&lt;serv_mapper3&gt;, exit status 0
12:29:00 INFO  State of current operation: PENDING
12:29:02 INFO  State of current operation: PENDING
12:29:04 INFO  State of current operation: PENDING
12:29:07 INFO  State of current operation: PENDING
12:29:09 INFO  State of current operation: PENDING
12:29:11 INFO  State of current operation: PENDING
12:29:13 INFO  State of current operation: PENDING
12:29:15 INFO  State of current operation: PENDING
12:29:18 INFO  State of current operation: PENDING
12:29:20 INFO  State of current operation: PENDING
12:29:22 INFO  State of current operation: PENDING
12:29:24 INFO  State of current operation: PENDING
12:29:27 INFO  State of current operation: PENDING
12:29:29 INFO  State of current operation: PENDING
12:29:31 INFO  State of current operation: PENDING
12:29:33 INFO  State of current operation: PENDING
12:29:36 INFO  State of current operation: PENDING
12:29:38 INFO  State of current operation: PENDING
12:29:40 INFO  State of current operation: PENDING
12:29:42 INFO  State of current operation: PENDING
12:29:45 INFO  State of current operation: PENDING
12:29:47 INFO  State of current operation: PENDING
12:29:49 INFO  State of current operation: PENDING
12:29:51 INFO  State of current operation: PENDING
12:29:54 INFO  State of current operation: PENDING
12:29:56 INFO  State of current operation: PENDING
12:29:58 INFO  State of current operation: PENDING
12:30:00 INFO  State of current operation: PENDING
12:30:03 INFO  State of current operation: PENDING
12:30:05 INFO  State of current operation: PENDING
12:30:07 INFO  State of current operation: PENDING
12:30:09 INFO  State of current operation: PENDING
12:30:11 INFO  State of current operation: PENDING
12:30:14 INFO  State of current operation: PENDING
12:30:16 INFO  State of current operation: PENDING
12:30:18 INFO  State of current operation: PENDING
12:30:20 INFO  State of current operation: PENDING
12:30:23 INFO  State of current operation: PENDING
12:30:25 INFO  State of current operation: PENDING
12:30:27 INFO  State of current operation: PENDING
12:30:29 INFO  State of current operation: PENDING
12:30:32 INFO  State of current operation: PENDING
12:30:34 INFO  State of current operation: PENDING
12:30:36 INFO  State of current operation: PENDING
12:30:38 INFO  State of current operation: PENDING
12:30:40 INFO  State of current operation: PENDING
12:30:43 INFO  State of current operation: PENDING
12:30:45 INFO  State of current operation: PENDING
12:30:47 INFO  State of current operation: PENDING
12:30:49 INFO  State of current operation: PENDING
12:30:52 INFO  State of current operation: PENDING
12:30:54 INFO  State of current operation: PENDING
12:30:56 INFO  State of current operation: PENDING
12:30:58 INFO  State of current operation: PENDING
12:31:01 INFO  State of current operation: PENDING
12:31:03 INFO  State of current operation: PENDING
12:31:05 INFO  State of current operation: PENDING
12:31:07 INFO  State of current operation: PENDING
12:31:10 INFO  State of current operation: PENDING
12:31:12 INFO  State of current operation: PENDING
12:31:14 INFO  State of current operation: PENDING
12:31:16 WARN  SystemError occurred while running test - Timeout while waiting for status FAILED or SUCCESSFUL
Traceback (most recent call last):
  File &quot;/home/pi/env-pysys/lib/python3.7/site-packages/pysys/baserunner.py&quot;, line 1292, in __call__
    self.testObj.setup()
  File &quot;/home/pi/actions-runner/_work/thin-edge.io/thin-edge.io/tests/PySys/software_management_end_to_end/sm_docker_install_remove_multiple/run.py&quot;, line 29, in setup
    super().setup()
  File &quot;/home/pi/actions-runner/_work/thin-edge.io/thin-edge.io/tests/PySys/software_management_end_to_end/environment_sm_management.py&quot;, line 151, in setup
    self.wait_until_end()
  File &quot;/home/pi/actions-runner/_work/thin-edge.io/thin-edge.io/tests/PySys/software_management_end_to_end/environment_sm_management.py&quot;, line 332, in wait_until_end
    self.wait_until_status(&quot;FAILED&quot;, &quot;SUCCESSFUL&quot;)
  File &quot;/home/pi/actions-runner/_work/thin-edge.io/thin-edge.io/tests/PySys/software_management_end_to_end/environment_sm_management.py&quot;, line 381, in wait_until_status
    &quot;Timeout while waiting for status %s or %s&quot; % (status, status2)
SystemError: Timeout while waiting for status FAILED or SUCCESSFUL
12:31:16 WARN  SystemError: Timeout while waiting for status FAILED or SUCCESSFUL ... blocked 
12:31:16 INFO  
12:31:16 INFO  cleanup:
12:31:20 INFO  Executed sudo&lt;tedge_disconnect_c8y&gt;, exit status 0
12:31:21 INFO  Executed systemctl&lt;serv_mapper5&gt;, exit status 3
12:31:21 INFO  
12:31:21 INFO  Test duration: 165.28 secs
12:31:21 INFO  Test final outcome:  BLOCKED
12:31:21 INFO  Test outcome reason: SystemError: Timeout while waiting for status FAILED or SUCCESSFUL
12:31:21 INFO  
</system-out>
	</testcase>
</testsuite>
