<?xml version="1.0" encoding="utf-8"?>
<testsuite failures="1" name="SoftwareManagement.sm_apt_install_remove_multiple" skipped="0" tests="1" time="138.67" timestamp="2022-07-18T15:08:38">
	<testcase classname="PySysTest" name="SoftwareManagement.sm_apt_install_remove_multiple">
		<failure message="FAILED: Assert that (False == value) with value=True (+2 other failures)" type="FAILED"/>
		<system-out>15:06:19 INFO  ==============================================================
15:06:19 INFO  Id:    SoftwareManagement.sm_apt_install_remove_multiple
15:06:19 INFO  Dir:   software_management_end_to_end/
15:06:19 INFO  Title: Validate end to end behaviour for the apt plugin for multiple packages
15:06:19 INFO  ==============================================================
15:06:19 INFO  Using sw id database: {'asciijump': '5475369', 'robotfindskitten': '5474869', 'squirrel3': '5475279', 'rolldice': '5152439', 'moon-buggy': '5439204', 'apple': '5495053', 'banana': '5494888', 'cherry': '5495382', 'watermelon': '5494510', 'registry': '8018911', 'hello-world': '8021526', 'docker/getting-started': '8021973', 'alpine': '7991792'}
15:06:19 INFO  EnvironmentC8y Setup
15:06:20 INFO  Executed systemctl&lt;serv_mapper1&gt;, exit status 3
15:06:20 INFO  Restarting mosquitto too frequently in the last 10 seconds. It was only up for 5 seconds
15:06:20 INFO  Delaying execution by 6 seconds
15:06:40 INFO  Executed sudo&lt;tedge_connect_c8y&gt;, exit status 0, duration 14 secs
15:06:41 INFO  Executed sudo&lt;tedge_connect_c8y_test&gt;, exit status 0
15:06:41 INFO  Executed systemctl&lt;serv_mosq2&gt;, exit status 0
15:06:42 INFO  Executed systemctl&lt;serv_mapper3&gt;, exit status 0
15:06:44 INFO  State of current operation: SUCCESSFUL
15:06:44 INFO  Assert that (False == value) with value=False ... passed
15:06:45 INFO  Package asciijump is installed
15:06:45 WARN  Assert that (False == value) with value=True ... failed 
15:06:45 INFO  Package squirrel3 is installed
15:06:45 WARN  Assert that (False == value) with value=True ... failed 
15:06:45 INFO  Package robotfindskitten is installed
15:06:45 WARN  Assert that (False == value) with value=True ... failed 
15:06:46 INFO  Response status: 201
15:06:46 INFO  Response to action: {
    &quot;delivery&quot;: {
        &quot;log&quot;: [],
        &quot;time&quot;: &quot;2022-07-18T15:06:46.164Z&quot;,
        &quot;status&quot;: &quot;PENDING&quot;
    },
    &quot;creationTime&quot;: &quot;2022-07-18T15:06:46.149Z&quot;,
    &quot;deviceName&quot;: &quot;m32sd10d&quot;,
    &quot;deviceId&quot;: &quot;20974520&quot;,
    &quot;self&quot;: &quot;https://t493319102.eu-latest.cumulocity.com/devicecontrol/operations/21015950&quot;,
    &quot;id&quot;: &quot;21015950&quot;,
    &quot;status&quot;: &quot;PENDING&quot;,
    &quot;description&quot;: &quot;Apply software changes, triggered from PySys: [{'action': 'install', 'id': '5475369', 'name': 'asciijump', 'url': ' ', 'version': '::apt'}, {'action': 'install', 'id': '5474869', 'name': 'robotfindskitten', 'url': ' ', 'version': '::apt'}, {'action': 'install', 'id': '5475279', 'name': 'squirrel3', 'url': ' ', 'version': '::apt'}]&quot;,
    &quot;c8y_SoftwareUpdate&quot;: [
        {
            &quot;name&quot;: &quot;asciijump&quot;,
            &quot;action&quot;: &quot;install&quot;,
            &quot;id&quot;: &quot;5475369&quot;,
            &quot;version&quot;: &quot;::apt&quot;,
            &quot;url&quot;: &quot; &quot;
        },
        {
            &quot;name&quot;: &quot;robotfindskitten&quot;,
            &quot;action&quot;: &quot;install&quot;,
            &quot;id&quot;: &quot;5474869&quot;,
            &quot;version&quot;: &quot;::apt&quot;,
            &quot;url&quot;: &quot; &quot;
        },
        {
            &quot;name&quot;: &quot;squirrel3&quot;,
            &quot;action&quot;: &quot;install&quot;,
            &quot;id&quot;: &quot;5475279&quot;,
            &quot;version&quot;: &quot;::apt&quot;,
            &quot;url&quot;: &quot; &quot;
        }
    ]
}
15:06:46 INFO  Started operation: {'delivery': {'log': [], 'time': '2022-07-18T15:06:46.164Z', 'status': 'PENDING'}, 'creationTime': '2022-07-18T15:06:46.149Z', 'deviceName': 'm32sd10d', 'deviceId': '20974520', 'self': 'https://t493319102.eu-latest.cumulocity.com/devicecontrol/operations/21015950', 'id': '21015950', 'status': 'PENDING', 'description': &quot;Apply software changes, triggered from PySys: [{'action': 'install', 'id': '5475369', 'name': 'asciijump', 'url': ' ', 'version': '::apt'}, {'action': 'install', 'id': '5474869', 'name': 'robotfindskitten', 'url': ' ', 'version': '::apt'}, {'action': 'install', 'id': '5475279', 'name': 'squirrel3', 'url': ' ', 'version': '::apt'}]&quot;, 'c8y_SoftwareUpdate': [{'name': 'asciijump', 'action': 'install', 'id': '5475369', 'version': '::apt', 'url': ' '}, {'name': 'robotfindskitten', 'action': 'install', 'id': '5474869', 'version': '::apt', 'url': ' '}, {'name': 'squirrel3', 'action': 'install', 'id': '5475279', 'version': '::apt', 'url': ' '}]}
15:06:48 INFO  State of operation 21015950 : PENDING
15:06:50 INFO  State of operation 21015950 : EXECUTING
15:06:52 INFO  State of operation 21015950 : EXECUTING
15:06:55 INFO  State of operation 21015950 : EXECUTING
15:06:57 INFO  State of operation 21015950 : EXECUTING
15:06:59 INFO  State of operation 21015950 : EXECUTING
15:07:02 INFO  State of operation 21015950 : EXECUTING
15:07:05 INFO  State of operation 21015950 : EXECUTING
15:07:07 INFO  State of operation 21015950 : EXECUTING
15:07:09 INFO  State of operation 21015950 : EXECUTING
15:07:12 INFO  State of operation 21015950 : EXECUTING
15:07:14 INFO  State of operation 21015950 : EXECUTING
15:07:16 INFO  State of operation 21015950 : EXECUTING
15:07:18 INFO  State of operation 21015950 : EXECUTING
15:07:21 INFO  State of operation 21015950 : EXECUTING
15:07:23 INFO  State of operation 21015950 : SUCCESSFUL
15:07:23 INFO  Assert that (False == value) with value=False ... passed
15:07:23 INFO  Package asciijump is installed
15:07:23 INFO  Assert that (True == value) with value=True ... passed
15:07:24 INFO  Package squirrel3 is installed
15:07:24 INFO  Assert that (True == value) with value=True ... passed
15:07:24 INFO  Package robotfindskitten is installed
15:07:24 INFO  Assert that (True == value) with value=True ... passed
15:07:24 INFO  Response status: 201
15:07:24 INFO  Response to action: {
    &quot;delivery&quot;: {
        &quot;log&quot;: [],
        &quot;time&quot;: &quot;2022-07-18T15:07:24.560Z&quot;,
        &quot;status&quot;: &quot;PENDING&quot;
    },
    &quot;creationTime&quot;: &quot;2022-07-18T15:07:24.523Z&quot;,
    &quot;deviceName&quot;: &quot;m32sd10d&quot;,
    &quot;deviceId&quot;: &quot;20974520&quot;,
    &quot;self&quot;: &quot;https://t493319102.eu-latest.cumulocity.com/devicecontrol/operations/21015960&quot;,
    &quot;id&quot;: &quot;21015960&quot;,
    &quot;status&quot;: &quot;PENDING&quot;,
    &quot;description&quot;: &quot;Apply software changes, triggered from PySys: [{'action': 'delete', 'id': '5475369', 'name': 'asciijump', 'url': ' ', 'version': '::apt'}, {'action': 'delete', 'id': '5474869', 'name': 'robotfindskitten', 'url': ' ', 'version': '::apt'}, {'action': 'delete', 'id': '5475279', 'name': 'squirrel3', 'url': ' ', 'version': '::apt'}]&quot;,
    &quot;c8y_SoftwareUpdate&quot;: [
        {
            &quot;name&quot;: &quot;asciijump&quot;,
            &quot;action&quot;: &quot;delete&quot;,
            &quot;id&quot;: &quot;5475369&quot;,
            &quot;version&quot;: &quot;::apt&quot;,
            &quot;url&quot;: &quot; &quot;
        },
        {
            &quot;name&quot;: &quot;robotfindskitten&quot;,
            &quot;action&quot;: &quot;delete&quot;,
            &quot;id&quot;: &quot;5474869&quot;,
            &quot;version&quot;: &quot;::apt&quot;,
            &quot;url&quot;: &quot; &quot;
        },
        {
            &quot;name&quot;: &quot;squirrel3&quot;,
            &quot;action&quot;: &quot;delete&quot;,
            &quot;id&quot;: &quot;5475279&quot;,
            &quot;version&quot;: &quot;::apt&quot;,
            &quot;url&quot;: &quot; &quot;
        }
    ]
}
15:07:24 INFO  Started operation: {'delivery': {'log': [], 'time': '2022-07-18T15:07:24.560Z', 'status': 'PENDING'}, 'creationTime': '2022-07-18T15:07:24.523Z', 'deviceName': 'm32sd10d', 'deviceId': '20974520', 'self': 'https://t493319102.eu-latest.cumulocity.com/devicecontrol/operations/21015960', 'id': '21015960', 'status': 'PENDING', 'description': &quot;Apply software changes, triggered from PySys: [{'action': 'delete', 'id': '5475369', 'name': 'asciijump', 'url': ' ', 'version': '::apt'}, {'action': 'delete', 'id': '5474869', 'name': 'robotfindskitten', 'url': ' ', 'version': '::apt'}, {'action': 'delete', 'id': '5475279', 'name': 'squirrel3', 'url': ' ', 'version': '::apt'}]&quot;, 'c8y_SoftwareUpdate': [{'name': 'asciijump', 'action': 'delete', 'id': '5475369', 'version': '::apt', 'url': ' '}, {'name': 'robotfindskitten', 'action': 'delete', 'id': '5474869', 'version': '::apt', 'url': ' '}, {'name': 'squirrel3', 'action': 'delete', 'id': '5475279', 'version': '::apt', 'url': ' '}]}
15:07:26 INFO  State of operation 21015960 : PENDING
15:07:29 INFO  State of operation 21015960 : EXECUTING
15:07:31 INFO  State of operation 21015960 : EXECUTING
15:07:33 INFO  State of operation 21015960 : EXECUTING
15:07:35 INFO  State of operation 21015960 : EXECUTING
15:07:37 INFO  State of operation 21015960 : EXECUTING
15:07:41 INFO  State of operation 21015960 : EXECUTING
15:07:43 INFO  State of operation 21015960 : EXECUTING
15:07:46 INFO  State of operation 21015960 : EXECUTING
15:07:48 INFO  State of operation 21015960 : EXECUTING
15:07:51 INFO  State of operation 21015960 : EXECUTING
15:07:53 INFO  State of operation 21015960 : EXECUTING
15:07:55 INFO  State of operation 21015960 : EXECUTING
15:07:57 INFO  State of operation 21015960 : EXECUTING
15:08:00 INFO  State of operation 21015960 : EXECUTING
15:08:02 INFO  State of operation 21015960 : EXECUTING
15:08:04 INFO  State of operation 21015960 : EXECUTING
15:08:07 INFO  State of operation 21015960 : EXECUTING
15:08:09 INFO  State of operation 21015960 : EXECUTING
15:08:12 INFO  State of operation 21015960 : EXECUTING
15:08:14 INFO  State of operation 21015960 : EXECUTING
15:08:16 INFO  State of operation 21015960 : EXECUTING
15:08:18 INFO  State of operation 21015960 : EXECUTING
15:08:21 INFO  State of operation 21015960 : EXECUTING
15:08:23 INFO  State of operation 21015960 : EXECUTING
15:08:26 INFO  State of operation 21015960 : EXECUTING
15:08:28 INFO  State of operation 21015960 : EXECUTING
15:08:30 INFO  State of operation 21015960 : EXECUTING
15:08:32 INFO  State of operation 21015960 : SUCCESSFUL
15:08:33 INFO  Assert that (False == value) with value=False ... passed
15:08:33 INFO  Assert that (False == value) with value=False ... passed
15:08:33 INFO  Assert that (False == value) with value=False ... passed
15:08:33 INFO  Assert that (False == value) with value=False ... passed
15:08:33 INFO  
15:08:33 INFO  cleanup:
15:08:37 INFO  Executed sudo&lt;tedge_disconnect_c8y&gt;, exit status 0
15:08:38 INFO  Executed systemctl&lt;serv_mapper5&gt;, exit status 3
15:08:38 INFO  
15:08:38 INFO  Test duration: 138.67 secs
15:08:38 INFO  Test final outcome:  FAILED
15:08:38 INFO  Test outcome reason: Assert that (False == value) with value=True (+2 other failures)
15:08:38 INFO  
</system-out>
	</testcase>
</testsuite>
