<?xml version="1.0" encoding="utf-8"?>
<testsuite failures="1" name="SoftwareManagement.sm_mixed_install_remove_multiple" skipped="0" tests="1" time="166.5" timestamp="2022-07-26T08:40:11">
	<testcase classname="PySysTest" name="SoftwareManagement.sm_mixed_install_remove_multiple">
		<failure message="FAILED: Assert that (False == value) with value=True" type="FAILED"/>
		<system-out>08:37:25 INFO  ==============================================================
08:37:25 INFO  Id:    SoftwareManagement.sm_mixed_install_remove_multiple
08:37:25 INFO  Dir:   software_management_end_to_end/
08:37:25 INFO  Title: Validate end to end behaviour for the dummy-plugin for multiple packages with mixed versions
08:37:25 INFO  ==============================================================
08:37:25 INFO  Using sw id database: {'asciijump': '5475369', 'robotfindskitten': '5474869', 'squirrel3': '5475279', 'rolldice': '5152439', 'moon-buggy': '5439204', 'apple': '5495053', 'banana': '5494888', 'cherry': '5495382', 'watermelon': '5494510', 'registry': '8018911', 'hello-world': '8021526', 'docker/getting-started': '8021973', 'alpine': '7991792'}
08:37:25 INFO  EnvironmentC8y Setup
08:37:26 INFO  Executed systemctl&lt;serv_mapper1&gt;, exit status 3
08:37:26 INFO  Restarting mosquitto too frequently in the last 10 seconds. It was only up for 5 seconds
08:37:26 INFO  Delaying execution by 6 seconds
08:37:46 INFO  Executed sudo&lt;tedge_connect_c8y&gt;, exit status 0, duration 14 secs
08:37:46 INFO  Executed sudo&lt;tedge_connect_c8y_test&gt;, exit status 0
08:37:47 INFO  Executed systemctl&lt;serv_mosq2&gt;, exit status 0
08:37:47 INFO  Executed systemctl&lt;serv_mapper3&gt;, exit status 0
08:37:49 INFO  State of current operation: SUCCESSFUL
08:37:50 INFO  Package apple is installed
08:37:50 INFO  Assert that (True == value) with value=True ... passed
08:37:50 INFO  Package banana is installed
08:37:50 INFO  Assert that (True == value) with value=True ... passed
08:37:50 INFO  Package cherry is installed
08:37:50 INFO  Assert that (True == value) with value=True ... passed
08:37:50 INFO  Package asciijump is installed
08:37:50 WARN  Assert that (False == value) with value=True ... failed 
08:37:51 INFO  Assert that (False == value) with value=False ... passed
08:37:51 INFO  Response status: 201
08:37:51 INFO  Response to action: {
    &quot;creationTime&quot;: &quot;2022-07-26T08:37:51.338Z&quot;,
    &quot;deviceId&quot;: &quot;21413442&quot;,
    &quot;deviceName&quot;: &quot;m32sd10d&quot;,
    &quot;self&quot;: &quot;https://t493319102.eu-latest.cumulocity.com/devicecontrol/operations/21434768&quot;,
    &quot;id&quot;: &quot;21434768&quot;,
    &quot;status&quot;: &quot;PENDING&quot;,
    &quot;description&quot;: &quot;Apply software changes, triggered from PySys: [{'action': 'install', 'id': '5495053', 'name': 'apple', 'url': ' ', 'version': '::fruits'}, {'action': 'install', 'id': '5494888', 'name': 'banana', 'url': ' ', 'version': '::fruits'}, {'action': 'install', 'id': '5475369', 'name': 'asciijump', 'url': ' ', 'version': '::apt'}, {'action': 'install', 'id': '5495382', 'name': 'cherry', 'url': ' ', 'version': '::fruits'}, {'action': 'install', 'id': '8018911', 'name': 'registry', 'url': ' ', 'version': '::docker'}]&quot;,
    &quot;c8y_SoftwareUpdate&quot;: [
        {
            &quot;name&quot;: &quot;apple&quot;,
            &quot;action&quot;: &quot;install&quot;,
            &quot;id&quot;: &quot;5495053&quot;,
            &quot;version&quot;: &quot;::fruits&quot;,
            &quot;url&quot;: &quot; &quot;
        },
        {
            &quot;name&quot;: &quot;banana&quot;,
            &quot;action&quot;: &quot;install&quot;,
            &quot;id&quot;: &quot;5494888&quot;,
            &quot;version&quot;: &quot;::fruits&quot;,
            &quot;url&quot;: &quot; &quot;
        },
        {
            &quot;name&quot;: &quot;asciijump&quot;,
            &quot;action&quot;: &quot;install&quot;,
            &quot;id&quot;: &quot;5475369&quot;,
            &quot;version&quot;: &quot;::apt&quot;,
            &quot;url&quot;: &quot; &quot;
        },
        {
            &quot;name&quot;: &quot;cherry&quot;,
            &quot;action&quot;: &quot;install&quot;,
            &quot;id&quot;: &quot;5495382&quot;,
            &quot;version&quot;: &quot;::fruits&quot;,
            &quot;url&quot;: &quot; &quot;
        },
        {
            &quot;name&quot;: &quot;registry&quot;,
            &quot;action&quot;: &quot;install&quot;,
            &quot;id&quot;: &quot;8018911&quot;,
            &quot;version&quot;: &quot;::docker&quot;,
            &quot;url&quot;: &quot; &quot;
        }
    ]
}
08:37:51 INFO  Started operation: {'creationTime': '2022-07-26T08:37:51.338Z', 'deviceId': '21413442', 'deviceName': 'm32sd10d', 'self': 'https://t493319102.eu-latest.cumulocity.com/devicecontrol/operations/21434768', 'id': '21434768', 'status': 'PENDING', 'description': &quot;Apply software changes, triggered from PySys: [{'action': 'install', 'id': '5495053', 'name': 'apple', 'url': ' ', 'version': '::fruits'}, {'action': 'install', 'id': '5494888', 'name': 'banana', 'url': ' ', 'version': '::fruits'}, {'action': 'install', 'id': '5475369', 'name': 'asciijump', 'url': ' ', 'version': '::apt'}, {'action': 'install', 'id': '5495382', 'name': 'cherry', 'url': ' ', 'version': '::fruits'}, {'action': 'install', 'id': '8018911', 'name': 'registry', 'url': ' ', 'version': '::docker'}]&quot;, 'c8y_SoftwareUpdate': [{'name': 'apple', 'action': 'install', 'id': '5495053', 'version': '::fruits', 'url': ' '}, {'name': 'banana', 'action': 'install', 'id': '5494888', 'version': '::fruits', 'url': ' '}, {'name': 'asciijump', 'action': 'install', 'id': '5475369', 'version': '::apt', 'url': ' '}, {'name': 'cherry', 'action': 'install', 'id': '5495382', 'version': '::fruits', 'url': ' '}, {'name': 'registry', 'action': 'install', 'id': '8018911', 'version': '::docker', 'url': ' '}]}
08:37:53 INFO  State of operation 21434768 : PENDING
08:37:55 INFO  State of operation 21434768 : EXECUTING
08:37:58 INFO  State of operation 21434768 : EXECUTING
08:38:00 INFO  State of operation 21434768 : EXECUTING
08:38:02 INFO  State of operation 21434768 : EXECUTING
08:38:04 INFO  State of operation 21434768 : EXECUTING
08:38:07 INFO  State of operation 21434768 : EXECUTING
08:38:10 INFO  State of operation 21434768 : EXECUTING
08:38:12 INFO  State of operation 21434768 : EXECUTING
08:38:14 INFO  State of operation 21434768 : EXECUTING
08:38:17 INFO  State of operation 21434768 : EXECUTING
08:38:19 INFO  State of operation 21434768 : EXECUTING
08:38:21 INFO  State of operation 21434768 : EXECUTING
08:38:23 INFO  State of operation 21434768 : EXECUTING
08:38:26 INFO  State of operation 21434768 : EXECUTING
08:38:28 INFO  State of operation 21434768 : EXECUTING
08:38:30 INFO  State of operation 21434768 : EXECUTING
08:38:32 INFO  State of operation 21434768 : EXECUTING
08:38:35 INFO  State of operation 21434768 : EXECUTING
08:38:37 INFO  State of operation 21434768 : EXECUTING
08:38:39 INFO  State of operation 21434768 : EXECUTING
08:38:42 INFO  State of operation 21434768 : EXECUTING
08:38:44 INFO  State of operation 21434768 : EXECUTING
08:38:46 INFO  State of operation 21434768 : EXECUTING
08:38:49 INFO  State of operation 21434768 : EXECUTING
08:38:51 INFO  State of operation 21434768 : EXECUTING
08:38:53 INFO  State of operation 21434768 : SUCCESSFUL
08:38:53 INFO  Package apple is installed
08:38:53 INFO  Assert that (True == value) with value=True ... passed
08:38:54 INFO  Package banana is installed
08:38:54 INFO  Assert that (True == value) with value=True ... passed
08:38:54 INFO  Package cherry is installed
08:38:54 INFO  Assert that (True == value) with value=True ... passed
08:38:54 INFO  Package asciijump is installed
08:38:54 INFO  Assert that (True == value) with value=True ... passed
08:38:54 INFO  Package registry is installed
08:38:54 INFO  Assert that (True == value) with value=True ... passed
08:38:54 INFO  Response status: 201
08:38:54 INFO  Response to action: {
    &quot;creationTime&quot;: &quot;2022-07-26T08:38:54.935Z&quot;,
    &quot;deviceId&quot;: &quot;21413442&quot;,
    &quot;deviceName&quot;: &quot;m32sd10d&quot;,
    &quot;self&quot;: &quot;https://t493319102.eu-latest.cumulocity.com/devicecontrol/operations/21434778&quot;,
    &quot;id&quot;: &quot;21434778&quot;,
    &quot;status&quot;: &quot;PENDING&quot;,
    &quot;description&quot;: &quot;Apply software changes, triggered from PySys: [{'action': 'delete', 'id': '5495053', 'name': 'apple', 'url': ' ', 'version': '::fruits'}, {'action': 'delete', 'id': '5494888', 'name': 'banana', 'url': ' ', 'version': '::fruits'}, {'action': 'delete', 'id': '5475369', 'name': 'asciijump', 'url': ' ', 'version': '::apt'}, {'action': 'delete', 'id': '5495382', 'name': 'cherry', 'url': ' ', 'version': '::fruits'}, {'action': 'delete', 'id': '8018911', 'name': 'registry', 'url': ' ', 'version': '::docker'}]&quot;,
    &quot;c8y_SoftwareUpdate&quot;: [
        {
            &quot;name&quot;: &quot;apple&quot;,
            &quot;action&quot;: &quot;delete&quot;,
            &quot;id&quot;: &quot;5495053&quot;,
            &quot;version&quot;: &quot;::fruits&quot;,
            &quot;url&quot;: &quot; &quot;
        },
        {
            &quot;name&quot;: &quot;banana&quot;,
            &quot;action&quot;: &quot;delete&quot;,
            &quot;id&quot;: &quot;5494888&quot;,
            &quot;version&quot;: &quot;::fruits&quot;,
            &quot;url&quot;: &quot; &quot;
        },
        {
            &quot;name&quot;: &quot;asciijump&quot;,
            &quot;action&quot;: &quot;delete&quot;,
            &quot;id&quot;: &quot;5475369&quot;,
            &quot;version&quot;: &quot;::apt&quot;,
            &quot;url&quot;: &quot; &quot;
        },
        {
            &quot;name&quot;: &quot;cherry&quot;,
            &quot;action&quot;: &quot;delete&quot;,
            &quot;id&quot;: &quot;5495382&quot;,
            &quot;version&quot;: &quot;::fruits&quot;,
            &quot;url&quot;: &quot; &quot;
        },
        {
            &quot;name&quot;: &quot;registry&quot;,
            &quot;action&quot;: &quot;delete&quot;,
            &quot;id&quot;: &quot;8018911&quot;,
            &quot;version&quot;: &quot;::docker&quot;,
            &quot;url&quot;: &quot; &quot;
        }
    ]
}
08:38:54 INFO  Started operation: {'creationTime': '2022-07-26T08:38:54.935Z', 'deviceId': '21413442', 'deviceName': 'm32sd10d', 'self': 'https://t493319102.eu-latest.cumulocity.com/devicecontrol/operations/21434778', 'id': '21434778', 'status': 'PENDING', 'description': &quot;Apply software changes, triggered from PySys: [{'action': 'delete', 'id': '5495053', 'name': 'apple', 'url': ' ', 'version': '::fruits'}, {'action': 'delete', 'id': '5494888', 'name': 'banana', 'url': ' ', 'version': '::fruits'}, {'action': 'delete', 'id': '5475369', 'name': 'asciijump', 'url': ' ', 'version': '::apt'}, {'action': 'delete', 'id': '5495382', 'name': 'cherry', 'url': ' ', 'version': '::fruits'}, {'action': 'delete', 'id': '8018911', 'name': 'registry', 'url': ' ', 'version': '::docker'}]&quot;, 'c8y_SoftwareUpdate': [{'name': 'apple', 'action': 'delete', 'id': '5495053', 'version': '::fruits', 'url': ' '}, {'name': 'banana', 'action': 'delete', 'id': '5494888', 'version': '::fruits', 'url': ' '}, {'name': 'asciijump', 'action': 'delete', 'id': '5475369', 'version': '::apt', 'url': ' '}, {'name': 'cherry', 'action': 'delete', 'id': '5495382', 'version': '::fruits', 'url': ' '}, {'name': 'registry', 'action': 'delete', 'id': '8018911', 'version': '::docker', 'url': ' '}]}
08:38:57 INFO  State of operation 21434778 : PENDING
08:38:59 INFO  State of operation 21434778 : EXECUTING
08:39:01 INFO  State of operation 21434778 : EXECUTING
08:39:03 INFO  State of operation 21434778 : EXECUTING
08:39:06 INFO  State of operation 21434778 : EXECUTING
08:39:08 INFO  State of operation 21434778 : EXECUTING
08:39:11 INFO  State of operation 21434778 : EXECUTING
08:39:13 INFO  State of operation 21434778 : EXECUTING
08:39:16 INFO  State of operation 21434778 : EXECUTING
08:39:18 INFO  State of operation 21434778 : EXECUTING
08:39:20 INFO  State of operation 21434778 : EXECUTING
08:39:22 INFO  State of operation 21434778 : EXECUTING
08:39:25 INFO  State of operation 21434778 : EXECUTING
08:39:27 INFO  State of operation 21434778 : EXECUTING
08:39:29 INFO  State of operation 21434778 : EXECUTING
08:39:31 INFO  State of operation 21434778 : EXECUTING
08:39:35 INFO  State of operation 21434778 : EXECUTING
08:39:38 INFO  State of operation 21434778 : EXECUTING
08:39:40 INFO  State of operation 21434778 : EXECUTING
08:39:42 INFO  State of operation 21434778 : EXECUTING
08:39:45 INFO  State of operation 21434778 : EXECUTING
08:39:47 INFO  State of operation 21434778 : EXECUTING
08:39:50 INFO  State of operation 21434778 : EXECUTING
08:39:52 INFO  State of operation 21434778 : EXECUTING
08:39:54 INFO  State of operation 21434778 : EXECUTING
08:39:57 INFO  State of operation 21434778 : EXECUTING
08:39:59 INFO  State of operation 21434778 : EXECUTING
08:40:01 INFO  State of operation 21434778 : EXECUTING
08:40:03 INFO  State of operation 21434778 : EXECUTING
08:40:06 INFO  State of operation 21434778 : SUCCESSFUL
08:40:06 INFO  Package apple is installed
08:40:06 INFO  Assert that (True == value) with value=True ... passed
08:40:06 INFO  Package banana is installed
08:40:06 INFO  Assert that (True == value) with value=True ... passed
08:40:06 INFO  Package cherry is installed
08:40:06 INFO  Assert that (True == value) with value=True ... passed
08:40:07 INFO  Assert that (False == value) with value=False ... passed
08:40:07 INFO  Assert that (False == value) with value=False ... passed
08:40:07 INFO  
08:40:07 INFO  cleanup:
08:40:11 INFO  Executed sudo&lt;tedge_disconnect_c8y&gt;, exit status 0
08:40:11 INFO  Executed systemctl&lt;serv_mapper5&gt;, exit status 3
08:40:11 INFO  
08:40:11 INFO  Test duration: 166.50 secs
08:40:11 INFO  Test final outcome:  FAILED
08:40:11 INFO  Test outcome reason: Assert that (False == value) with value=True
08:40:11 INFO  
</system-out>
	</testcase>
</testsuite>
