<?xml version="1.0" encoding="utf-8"?>
<testsuite failures="1" name="SoftwareManagement.sm_mixed_install_remove_multiple" skipped="0" tests="1" time="164.91" timestamp="2022-07-25T09:52:34">
	<testcase classname="PySysTest" name="SoftwareManagement.sm_mixed_install_remove_multiple">
		<failure message="FAILED: Assert that (False == value) with value=True" type="FAILED"/>
		<system-out>09:49:49 INFO  ==============================================================
09:49:49 INFO  Id:    SoftwareManagement.sm_mixed_install_remove_multiple
09:49:49 INFO  Dir:   software_management_end_to_end/
09:49:49 INFO  Title: Validate end to end behaviour for the dummy-plugin for multiple packages with mixed versions
09:49:49 INFO  ==============================================================
09:49:49 INFO  Using sw id database: {'asciijump': '5475369', 'robotfindskitten': '5474869', 'squirrel3': '5475279', 'rolldice': '5152439', 'moon-buggy': '5439204', 'apple': '5495053', 'banana': '5494888', 'cherry': '5495382', 'watermelon': '5494510', 'registry': '8018911', 'hello-world': '8021526', 'docker/getting-started': '8021973', 'alpine': '7991792'}
09:49:49 INFO  EnvironmentC8y Setup
09:49:50 INFO  Executed systemctl&lt;serv_mapper1&gt;, exit status 3
09:49:50 INFO  Restarting mosquitto too frequently in the last 10 seconds. It was only up for 5 seconds
09:49:50 INFO  Delaying execution by 6 seconds
09:50:10 INFO  Executed sudo&lt;tedge_connect_c8y&gt;, exit status 0, duration 13 secs
09:50:11 INFO  Executed sudo&lt;tedge_connect_c8y_test&gt;, exit status 0
09:50:11 INFO  Executed systemctl&lt;serv_mosq2&gt;, exit status 0
09:50:12 INFO  Executed systemctl&lt;serv_mapper3&gt;, exit status 0
09:50:14 INFO  State of current operation: SUCCESSFUL
09:50:14 INFO  Package apple is installed
09:50:14 INFO  Assert that (True == value) with value=True ... passed
09:50:14 INFO  Package banana is installed
09:50:14 INFO  Assert that (True == value) with value=True ... passed
09:50:15 INFO  Package cherry is installed
09:50:15 INFO  Assert that (True == value) with value=True ... passed
09:50:15 INFO  Package asciijump is installed
09:50:15 WARN  Assert that (False == value) with value=True ... failed 
09:50:15 INFO  Assert that (False == value) with value=False ... passed
09:50:16 INFO  Response status: 201
09:50:16 INFO  Response to action: {
    &quot;delivery&quot;: {
        &quot;log&quot;: [],
        &quot;time&quot;: &quot;2022-07-25T09:50:16.000Z&quot;,
        &quot;status&quot;: &quot;PENDING&quot;
    },
    &quot;creationTime&quot;: &quot;2022-07-25T09:50:15.947Z&quot;,
    &quot;deviceId&quot;: &quot;21358818&quot;,
    &quot;deviceName&quot;: &quot;m32sd10d&quot;,
    &quot;self&quot;: &quot;https://t493319102.eu-latest.cumulocity.com/devicecontrol/operations/21368689&quot;,
    &quot;id&quot;: &quot;21368689&quot;,
    &quot;status&quot;: &quot;PENDING&quot;,
    &quot;description&quot;: &quot;Apply software changes, triggered from PySys: [{'action': 'install', 'id': '5495053', 'name': 'apple', 'url': ' ', 'version': '::fruits'}, {'action': 'install', 'id': '5494888', 'name': 'banana', 'url': ' ', 'version': '::fruits'}, {'action': 'install', 'id': '5475369', 'name': 'asciijump', 'url': ' ', 'version': '::apt'}, {'action': 'install', 'id': '5495382', 'name': 'cherry', 'url': ' ', 'version': '::fruits'}, {'action': 'install', 'id': '8018911', 'name': 'registry', 'url': ' ', 'version': '::docker'}]&quot;,
    &quot;c8y_SoftwareUpdate&quot;: [
        {
            &quot;name&quot;: &quot;apple&quot;,
            &quot;action&quot;: &quot;install&quot;,
            &quot;id&quot;: &quot;5495053&quot;,
            &quot;version&quot;: &quot;::fruits&quot;,
            &quot;url&quot;: &quot; &quot;
        },
        {
            &quot;name&quot;: &quot;banana&quot;,
            &quot;action&quot;: &quot;install&quot;,
            &quot;id&quot;: &quot;5494888&quot;,
            &quot;version&quot;: &quot;::fruits&quot;,
            &quot;url&quot;: &quot; &quot;
        },
        {
            &quot;name&quot;: &quot;asciijump&quot;,
            &quot;action&quot;: &quot;install&quot;,
            &quot;id&quot;: &quot;5475369&quot;,
            &quot;version&quot;: &quot;::apt&quot;,
            &quot;url&quot;: &quot; &quot;
        },
        {
            &quot;name&quot;: &quot;cherry&quot;,
            &quot;action&quot;: &quot;install&quot;,
            &quot;id&quot;: &quot;5495382&quot;,
            &quot;version&quot;: &quot;::fruits&quot;,
            &quot;url&quot;: &quot; &quot;
        },
        {
            &quot;name&quot;: &quot;registry&quot;,
            &quot;action&quot;: &quot;install&quot;,
            &quot;id&quot;: &quot;8018911&quot;,
            &quot;version&quot;: &quot;::docker&quot;,
            &quot;url&quot;: &quot; &quot;
        }
    ]
}
09:50:16 INFO  Started operation: {'delivery': {'log': [], 'time': '2022-07-25T09:50:16.000Z', 'status': 'PENDING'}, 'creationTime': '2022-07-25T09:50:15.947Z', 'deviceId': '21358818', 'deviceName': 'm32sd10d', 'self': 'https://t493319102.eu-latest.cumulocity.com/devicecontrol/operations/21368689', 'id': '21368689', 'status': 'PENDING', 'description': &quot;Apply software changes, triggered from PySys: [{'action': 'install', 'id': '5495053', 'name': 'apple', 'url': ' ', 'version': '::fruits'}, {'action': 'install', 'id': '5494888', 'name': 'banana', 'url': ' ', 'version': '::fruits'}, {'action': 'install', 'id': '5475369', 'name': 'asciijump', 'url': ' ', 'version': '::apt'}, {'action': 'install', 'id': '5495382', 'name': 'cherry', 'url': ' ', 'version': '::fruits'}, {'action': 'install', 'id': '8018911', 'name': 'registry', 'url': ' ', 'version': '::docker'}]&quot;, 'c8y_SoftwareUpdate': [{'name': 'apple', 'action': 'install', 'id': '5495053', 'version': '::fruits', 'url': ' '}, {'name': 'banana', 'action': 'install', 'id': '5494888', 'version': '::fruits', 'url': ' '}, {'name': 'asciijump', 'action': 'install', 'id': '5475369', 'version': '::apt', 'url': ' '}, {'name': 'cherry', 'action': 'install', 'id': '5495382', 'version': '::fruits', 'url': ' '}, {'name': 'registry', 'action': 'install', 'id': '8018911', 'version': '::docker', 'url': ' '}]}
09:50:18 INFO  State of operation 21368689 : PENDING
09:50:20 INFO  State of operation 21368689 : EXECUTING
09:50:22 INFO  State of operation 21368689 : EXECUTING
09:50:24 INFO  State of operation 21368689 : EXECUTING
09:50:27 INFO  State of operation 21368689 : EXECUTING
09:50:29 INFO  State of operation 21368689 : EXECUTING
09:50:31 INFO  State of operation 21368689 : EXECUTING
09:50:34 INFO  State of operation 21368689 : EXECUTING
09:50:37 INFO  State of operation 21368689 : EXECUTING
09:50:39 INFO  State of operation 21368689 : EXECUTING
09:50:41 INFO  State of operation 21368689 : EXECUTING
09:50:43 INFO  State of operation 21368689 : EXECUTING
09:50:46 INFO  State of operation 21368689 : EXECUTING
09:50:48 INFO  State of operation 21368689 : EXECUTING
09:50:50 INFO  State of operation 21368689 : EXECUTING
09:50:52 INFO  State of operation 21368689 : EXECUTING
09:50:55 INFO  State of operation 21368689 : EXECUTING
09:50:57 INFO  State of operation 21368689 : EXECUTING
09:50:59 INFO  State of operation 21368689 : EXECUTING
09:51:01 INFO  State of operation 21368689 : EXECUTING
09:51:04 INFO  State of operation 21368689 : EXECUTING
09:51:06 INFO  State of operation 21368689 : EXECUTING
09:51:08 INFO  State of operation 21368689 : EXECUTING
09:51:10 INFO  State of operation 21368689 : EXECUTING
09:51:13 INFO  State of operation 21368689 : EXECUTING
09:51:15 INFO  State of operation 21368689 : SUCCESSFUL
09:51:15 INFO  Package apple is installed
09:51:15 INFO  Assert that (True == value) with value=True ... passed
09:51:15 INFO  Package banana is installed
09:51:15 INFO  Assert that (True == value) with value=True ... passed
09:51:16 INFO  Package cherry is installed
09:51:16 INFO  Assert that (True == value) with value=True ... passed
09:51:16 INFO  Package asciijump is installed
09:51:16 INFO  Assert that (True == value) with value=True ... passed
09:51:16 INFO  Package registry is installed
09:51:16 INFO  Assert that (True == value) with value=True ... passed
09:51:16 INFO  Response status: 201
09:51:16 INFO  Response to action: {
    &quot;delivery&quot;: {
        &quot;log&quot;: [],
        &quot;time&quot;: &quot;2022-07-25T09:51:16.673Z&quot;,
        &quot;status&quot;: &quot;PENDING&quot;
    },
    &quot;creationTime&quot;: &quot;2022-07-25T09:51:16.656Z&quot;,
    &quot;deviceId&quot;: &quot;21358818&quot;,
    &quot;deviceName&quot;: &quot;m32sd10d&quot;,
    &quot;self&quot;: &quot;https://t493319102.eu-latest.cumulocity.com/devicecontrol/operations/21368703&quot;,
    &quot;id&quot;: &quot;21368703&quot;,
    &quot;status&quot;: &quot;PENDING&quot;,
    &quot;description&quot;: &quot;Apply software changes, triggered from PySys: [{'action': 'delete', 'id': '5495053', 'name': 'apple', 'url': ' ', 'version': '::fruits'}, {'action': 'delete', 'id': '5494888', 'name': 'banana', 'url': ' ', 'version': '::fruits'}, {'action': 'delete', 'id': '5475369', 'name': 'asciijump', 'url': ' ', 'version': '::apt'}, {'action': 'delete', 'id': '5495382', 'name': 'cherry', 'url': ' ', 'version': '::fruits'}, {'action': 'delete', 'id': '8018911', 'name': 'registry', 'url': ' ', 'version': '::docker'}]&quot;,
    &quot;c8y_SoftwareUpdate&quot;: [
        {
            &quot;name&quot;: &quot;apple&quot;,
            &quot;action&quot;: &quot;delete&quot;,
            &quot;id&quot;: &quot;5495053&quot;,
            &quot;version&quot;: &quot;::fruits&quot;,
            &quot;url&quot;: &quot; &quot;
        },
        {
            &quot;name&quot;: &quot;banana&quot;,
            &quot;action&quot;: &quot;delete&quot;,
            &quot;id&quot;: &quot;5494888&quot;,
            &quot;version&quot;: &quot;::fruits&quot;,
            &quot;url&quot;: &quot; &quot;
        },
        {
            &quot;name&quot;: &quot;asciijump&quot;,
            &quot;action&quot;: &quot;delete&quot;,
            &quot;id&quot;: &quot;5475369&quot;,
            &quot;version&quot;: &quot;::apt&quot;,
            &quot;url&quot;: &quot; &quot;
        },
        {
            &quot;name&quot;: &quot;cherry&quot;,
            &quot;action&quot;: &quot;delete&quot;,
            &quot;id&quot;: &quot;5495382&quot;,
            &quot;version&quot;: &quot;::fruits&quot;,
            &quot;url&quot;: &quot; &quot;
        },
        {
            &quot;name&quot;: &quot;registry&quot;,
            &quot;action&quot;: &quot;delete&quot;,
            &quot;id&quot;: &quot;8018911&quot;,
            &quot;version&quot;: &quot;::docker&quot;,
            &quot;url&quot;: &quot; &quot;
        }
    ]
}
09:51:16 INFO  Started operation: {'delivery': {'log': [], 'time': '2022-07-25T09:51:16.673Z', 'status': 'PENDING'}, 'creationTime': '2022-07-25T09:51:16.656Z', 'deviceId': '21358818', 'deviceName': 'm32sd10d', 'self': 'https://t493319102.eu-latest.cumulocity.com/devicecontrol/operations/21368703', 'id': '21368703', 'status': 'PENDING', 'description': &quot;Apply software changes, triggered from PySys: [{'action': 'delete', 'id': '5495053', 'name': 'apple', 'url': ' ', 'version': '::fruits'}, {'action': 'delete', 'id': '5494888', 'name': 'banana', 'url': ' ', 'version': '::fruits'}, {'action': 'delete', 'id': '5475369', 'name': 'asciijump', 'url': ' ', 'version': '::apt'}, {'action': 'delete', 'id': '5495382', 'name': 'cherry', 'url': ' ', 'version': '::fruits'}, {'action': 'delete', 'id': '8018911', 'name': 'registry', 'url': ' ', 'version': '::docker'}]&quot;, 'c8y_SoftwareUpdate': [{'name': 'apple', 'action': 'delete', 'id': '5495053', 'version': '::fruits', 'url': ' '}, {'name': 'banana', 'action': 'delete', 'id': '5494888', 'version': '::fruits', 'url': ' '}, {'name': 'asciijump', 'action': 'delete', 'id': '5475369', 'version': '::apt', 'url': ' '}, {'name': 'cherry', 'action': 'delete', 'id': '5495382', 'version': '::fruits', 'url': ' '}, {'name': 'registry', 'action': 'delete', 'id': '8018911', 'version': '::docker', 'url': ' '}]}
09:51:18 INFO  State of operation 21368703 : PENDING
09:51:21 INFO  State of operation 21368703 : EXECUTING
09:51:23 INFO  State of operation 21368703 : EXECUTING
09:51:25 INFO  State of operation 21368703 : EXECUTING
09:51:27 INFO  State of operation 21368703 : EXECUTING
09:51:30 INFO  State of operation 21368703 : EXECUTING
09:51:32 INFO  State of operation 21368703 : EXECUTING
09:51:35 INFO  State of operation 21368703 : EXECUTING
09:51:37 INFO  State of operation 21368703 : EXECUTING
09:51:40 INFO  State of operation 21368703 : EXECUTING
09:51:42 INFO  State of operation 21368703 : EXECUTING
09:51:44 INFO  State of operation 21368703 : EXECUTING
09:51:46 INFO  State of operation 21368703 : EXECUTING
09:51:49 INFO  State of operation 21368703 : EXECUTING
09:51:51 INFO  State of operation 21368703 : EXECUTING
09:51:53 INFO  State of operation 21368703 : EXECUTING
09:51:56 INFO  State of operation 21368703 : EXECUTING
09:51:58 INFO  State of operation 21368703 : EXECUTING
09:52:01 INFO  State of operation 21368703 : EXECUTING
09:52:03 INFO  State of operation 21368703 : EXECUTING
09:52:05 INFO  State of operation 21368703 : EXECUTING
09:52:07 INFO  State of operation 21368703 : EXECUTING
09:52:10 INFO  State of operation 21368703 : EXECUTING
09:52:13 INFO  State of operation 21368703 : EXECUTING
09:52:15 INFO  State of operation 21368703 : EXECUTING
09:52:17 INFO  State of operation 21368703 : EXECUTING
09:52:19 INFO  State of operation 21368703 : EXECUTING
09:52:22 INFO  State of operation 21368703 : EXECUTING
09:52:24 INFO  State of operation 21368703 : EXECUTING
09:52:26 INFO  State of operation 21368703 : EXECUTING
09:52:28 INFO  State of operation 21368703 : SUCCESSFUL
09:52:29 INFO  Package apple is installed
09:52:29 INFO  Assert that (True == value) with value=True ... passed
09:52:29 INFO  Package banana is installed
09:52:29 INFO  Assert that (True == value) with value=True ... passed
09:52:29 INFO  Package cherry is installed
09:52:29 INFO  Assert that (True == value) with value=True ... passed
09:52:29 INFO  Assert that (False == value) with value=False ... passed
09:52:30 INFO  Assert that (False == value) with value=False ... passed
09:52:30 INFO  
09:52:30 INFO  cleanup:
09:52:34 INFO  Executed sudo&lt;tedge_disconnect_c8y&gt;, exit status 0
09:52:34 INFO  Executed systemctl&lt;serv_mapper5&gt;, exit status 3
09:52:34 INFO  
09:52:34 INFO  Test duration: 164.91 secs
09:52:34 INFO  Test final outcome:  FAILED
09:52:34 INFO  Test outcome reason: Assert that (False == value) with value=True
09:52:34 INFO  
</system-out>
	</testcase>
</testsuite>
