<?xml version="1.0" encoding="utf-8"?>
<testsuite failures="1" name="SoftwareManagement.sm_apt_install_remove_multiple" skipped="0" tests="1" time="138.59" timestamp="2022-06-10T14:12:01">
	<testcase classname="PySysTest" name="SoftwareManagement.sm_apt_install_remove_multiple">
		<failure message="FAILED: Assert that (False == value) with value=True (+2 other failures)" type="FAILED"/>
		<system-out>14:09:43 INFO  ==============================================================
14:09:43 INFO  Id:    SoftwareManagement.sm_apt_install_remove_multiple
14:09:43 INFO  Dir:   software_management_end_to_end/
14:09:43 INFO  Title: Validate end to end behaviour for the apt plugin for multiple packages
14:09:43 INFO  ==============================================================
14:09:43 INFO  Using sw id database: {'asciijump': '5475369', 'robotfindskitten': '5474869', 'squirrel3': '5475279', 'rolldice': '5152439', 'moon-buggy': '5439204', 'apple': '5495053', 'banana': '5494888', 'cherry': '5495382', 'watermelon': '5494510', 'registry': '8018911', 'hello-world': '8021526', 'docker/getting-started': '8021973', 'alpine': '7991792'}
14:09:43 INFO  EnvironmentC8y Setup
14:09:43 INFO  Executed systemctl&lt;serv_mapper1&gt;, exit status 3
14:09:44 INFO  Restarting mosquitto too frequently in the last 10 seconds. It was only up for 4 seconds
14:09:44 INFO  Delaying execution by 7 seconds
14:10:04 INFO  Executed sudo&lt;tedge_connect_c8y&gt;, exit status 0, duration 13 secs
14:10:05 INFO  Executed sudo&lt;tedge_connect_c8y_test&gt;, exit status 0
14:10:06 INFO  Executed systemctl&lt;serv_mosq2&gt;, exit status 0
14:10:06 INFO  Executed systemctl&lt;serv_mapper3&gt;, exit status 0
14:10:08 INFO  State of current operation: SUCCESSFUL
14:10:08 INFO  Assert that (False == value) with value=False ... passed
14:10:09 INFO  Package asciijump is installed
14:10:09 WARN  Assert that (False == value) with value=True ... failed 
14:10:09 INFO  Package squirrel3 is installed
14:10:09 WARN  Assert that (False == value) with value=True ... failed 
14:10:09 INFO  Package robotfindskitten is installed
14:10:10 WARN  Assert that (False == value) with value=True ... failed 
14:10:10 INFO  Response status: 201
14:10:10 INFO  Response to action: {
    &quot;delivery&quot;: {
        &quot;log&quot;: [],
        &quot;time&quot;: &quot;2022-06-10T14:10:10.203Z&quot;,
        &quot;status&quot;: &quot;PENDING&quot;
    },
    &quot;creationTime&quot;: &quot;2022-06-10T14:10:10.185Z&quot;,
    &quot;deviceId&quot;: &quot;20115668&quot;,
    &quot;deviceName&quot;: &quot;m32sd10d&quot;,
    &quot;self&quot;: &quot;https://t493319102.eu-latest.cumulocity.com/devicecontrol/operations/20136804&quot;,
    &quot;id&quot;: &quot;20136804&quot;,
    &quot;status&quot;: &quot;PENDING&quot;,
    &quot;description&quot;: &quot;Apply software changes, triggered from PySys: [{'action': 'install', 'id': '5475369', 'name': 'asciijump', 'url': ' ', 'version': '::apt'}, {'action': 'install', 'id': '5474869', 'name': 'robotfindskitten', 'url': ' ', 'version': '::apt'}, {'action': 'install', 'id': '5475279', 'name': 'squirrel3', 'url': ' ', 'version': '::apt'}]&quot;,
    &quot;c8y_SoftwareUpdate&quot;: [
        {
            &quot;name&quot;: &quot;asciijump&quot;,
            &quot;action&quot;: &quot;install&quot;,
            &quot;id&quot;: &quot;5475369&quot;,
            &quot;version&quot;: &quot;::apt&quot;,
            &quot;url&quot;: &quot; &quot;
        },
        {
            &quot;name&quot;: &quot;robotfindskitten&quot;,
            &quot;action&quot;: &quot;install&quot;,
            &quot;id&quot;: &quot;5474869&quot;,
            &quot;version&quot;: &quot;::apt&quot;,
            &quot;url&quot;: &quot; &quot;
        },
        {
            &quot;name&quot;: &quot;squirrel3&quot;,
            &quot;action&quot;: &quot;install&quot;,
            &quot;id&quot;: &quot;5475279&quot;,
            &quot;version&quot;: &quot;::apt&quot;,
            &quot;url&quot;: &quot; &quot;
        }
    ]
}
14:10:10 INFO  Started operation: {'delivery': {'log': [], 'time': '2022-06-10T14:10:10.203Z', 'status': 'PENDING'}, 'creationTime': '2022-06-10T14:10:10.185Z', 'deviceId': '20115668', 'deviceName': 'm32sd10d', 'self': 'https://t493319102.eu-latest.cumulocity.com/devicecontrol/operations/20136804', 'id': '20136804', 'status': 'PENDING', 'description': &quot;Apply software changes, triggered from PySys: [{'action': 'install', 'id': '5475369', 'name': 'asciijump', 'url': ' ', 'version': '::apt'}, {'action': 'install', 'id': '5474869', 'name': 'robotfindskitten', 'url': ' ', 'version': '::apt'}, {'action': 'install', 'id': '5475279', 'name': 'squirrel3', 'url': ' ', 'version': '::apt'}]&quot;, 'c8y_SoftwareUpdate': [{'name': 'asciijump', 'action': 'install', 'id': '5475369', 'version': '::apt', 'url': ' '}, {'name': 'robotfindskitten', 'action': 'install', 'id': '5474869', 'version': '::apt', 'url': ' '}, {'name': 'squirrel3', 'action': 'install', 'id': '5475279', 'version': '::apt', 'url': ' '}]}
14:10:12 INFO  State of operation 20136804 : PENDING
14:10:14 INFO  State of operation 20136804 : EXECUTING
14:10:16 INFO  State of operation 20136804 : EXECUTING
14:10:19 INFO  State of operation 20136804 : EXECUTING
14:10:21 INFO  State of operation 20136804 : EXECUTING
14:10:23 INFO  State of operation 20136804 : EXECUTING
14:10:26 INFO  State of operation 20136804 : EXECUTING
14:10:29 INFO  State of operation 20136804 : EXECUTING
14:10:31 INFO  State of operation 20136804 : EXECUTING
14:10:34 INFO  State of operation 20136804 : EXECUTING
14:10:36 INFO  State of operation 20136804 : EXECUTING
14:10:38 INFO  State of operation 20136804 : EXECUTING
14:10:40 INFO  State of operation 20136804 : EXECUTING
14:10:43 INFO  State of operation 20136804 : EXECUTING
14:10:45 INFO  State of operation 20136804 : EXECUTING
14:10:47 INFO  State of operation 20136804 : SUCCESSFUL
14:10:47 INFO  Assert that (False == value) with value=False ... passed
14:10:47 INFO  Package asciijump is installed
14:10:47 INFO  Assert that (True == value) with value=True ... passed
14:10:48 INFO  Package squirrel3 is installed
14:10:48 INFO  Assert that (True == value) with value=True ... passed
14:10:48 INFO  Package robotfindskitten is installed
14:10:48 INFO  Assert that (True == value) with value=True ... passed
14:10:48 INFO  Response status: 201
14:10:48 INFO  Response to action: {
    &quot;delivery&quot;: {
        &quot;log&quot;: [],
        &quot;time&quot;: &quot;2022-06-10T14:10:48.581Z&quot;,
        &quot;status&quot;: &quot;PENDING&quot;
    },
    &quot;creationTime&quot;: &quot;2022-06-10T14:10:48.565Z&quot;,
    &quot;deviceId&quot;: &quot;20115668&quot;,
    &quot;deviceName&quot;: &quot;m32sd10d&quot;,
    &quot;self&quot;: &quot;https://t493319102.eu-latest.cumulocity.com/devicecontrol/operations/20136824&quot;,
    &quot;id&quot;: &quot;20136824&quot;,
    &quot;status&quot;: &quot;PENDING&quot;,
    &quot;description&quot;: &quot;Apply software changes, triggered from PySys: [{'action': 'delete', 'id': '5475369', 'name': 'asciijump', 'url': ' ', 'version': '::apt'}, {'action': 'delete', 'id': '5474869', 'name': 'robotfindskitten', 'url': ' ', 'version': '::apt'}, {'action': 'delete', 'id': '5475279', 'name': 'squirrel3', 'url': ' ', 'version': '::apt'}]&quot;,
    &quot;c8y_SoftwareUpdate&quot;: [
        {
            &quot;name&quot;: &quot;asciijump&quot;,
            &quot;action&quot;: &quot;delete&quot;,
            &quot;id&quot;: &quot;5475369&quot;,
            &quot;version&quot;: &quot;::apt&quot;,
            &quot;url&quot;: &quot; &quot;
        },
        {
            &quot;name&quot;: &quot;robotfindskitten&quot;,
            &quot;action&quot;: &quot;delete&quot;,
            &quot;id&quot;: &quot;5474869&quot;,
            &quot;version&quot;: &quot;::apt&quot;,
            &quot;url&quot;: &quot; &quot;
        },
        {
            &quot;name&quot;: &quot;squirrel3&quot;,
            &quot;action&quot;: &quot;delete&quot;,
            &quot;id&quot;: &quot;5475279&quot;,
            &quot;version&quot;: &quot;::apt&quot;,
            &quot;url&quot;: &quot; &quot;
        }
    ]
}
14:10:48 INFO  Started operation: {'delivery': {'log': [], 'time': '2022-06-10T14:10:48.581Z', 'status': 'PENDING'}, 'creationTime': '2022-06-10T14:10:48.565Z', 'deviceId': '20115668', 'deviceName': 'm32sd10d', 'self': 'https://t493319102.eu-latest.cumulocity.com/devicecontrol/operations/20136824', 'id': '20136824', 'status': 'PENDING', 'description': &quot;Apply software changes, triggered from PySys: [{'action': 'delete', 'id': '5475369', 'name': 'asciijump', 'url': ' ', 'version': '::apt'}, {'action': 'delete', 'id': '5474869', 'name': 'robotfindskitten', 'url': ' ', 'version': '::apt'}, {'action': 'delete', 'id': '5475279', 'name': 'squirrel3', 'url': ' ', 'version': '::apt'}]&quot;, 'c8y_SoftwareUpdate': [{'name': 'asciijump', 'action': 'delete', 'id': '5475369', 'version': '::apt', 'url': ' '}, {'name': 'robotfindskitten', 'action': 'delete', 'id': '5474869', 'version': '::apt', 'url': ' '}, {'name': 'squirrel3', 'action': 'delete', 'id': '5475279', 'version': '::apt', 'url': ' '}]}
14:10:50 INFO  State of operation 20136824 : PENDING
14:10:53 INFO  State of operation 20136824 : EXECUTING
14:10:55 INFO  State of operation 20136824 : EXECUTING
14:10:57 INFO  State of operation 20136824 : EXECUTING
14:10:59 INFO  State of operation 20136824 : EXECUTING
14:11:01 INFO  State of operation 20136824 : EXECUTING
14:11:04 INFO  State of operation 20136824 : EXECUTING
14:11:07 INFO  State of operation 20136824 : EXECUTING
14:11:09 INFO  State of operation 20136824 : EXECUTING
14:11:12 INFO  State of operation 20136824 : EXECUTING
14:11:14 INFO  State of operation 20136824 : EXECUTING
14:11:16 INFO  State of operation 20136824 : EXECUTING
14:11:18 INFO  State of operation 20136824 : EXECUTING
14:11:21 INFO  State of operation 20136824 : EXECUTING
14:11:23 INFO  State of operation 20136824 : EXECUTING
14:11:25 INFO  State of operation 20136824 : EXECUTING
14:11:28 INFO  State of operation 20136824 : EXECUTING
14:11:30 INFO  State of operation 20136824 : EXECUTING
14:11:33 INFO  State of operation 20136824 : EXECUTING
14:11:35 INFO  State of operation 20136824 : EXECUTING
14:11:37 INFO  State of operation 20136824 : EXECUTING
14:11:39 INFO  State of operation 20136824 : EXECUTING
14:11:42 INFO  State of operation 20136824 : EXECUTING
14:11:44 INFO  State of operation 20136824 : EXECUTING
14:11:46 INFO  State of operation 20136824 : EXECUTING
14:11:49 INFO  State of operation 20136824 : EXECUTING
14:11:51 INFO  State of operation 20136824 : EXECUTING
14:11:54 INFO  State of operation 20136824 : EXECUTING
14:11:56 INFO  State of operation 20136824 : SUCCESSFUL
14:11:56 INFO  Assert that (False == value) with value=False ... passed
14:11:56 INFO  Assert that (False == value) with value=False ... passed
14:11:57 INFO  Assert that (False == value) with value=False ... passed
14:11:57 INFO  Assert that (False == value) with value=False ... passed
14:11:57 INFO  
14:11:57 INFO  cleanup:
14:12:01 INFO  Executed sudo&lt;tedge_disconnect_c8y&gt;, exit status 0
14:12:01 INFO  Executed systemctl&lt;serv_mapper5&gt;, exit status 3
14:12:01 INFO  
14:12:01 INFO  Test duration: 138.59 secs
14:12:01 INFO  Test final outcome:  FAILED
14:12:01 INFO  Test outcome reason: Assert that (False == value) with value=True (+2 other failures)
14:12:01 INFO  
</system-out>
	</testcase>
</testsuite>
