<?xml version="1.0" encoding="utf-8"?>
<testsuite failures="1" name="SoftwareManagement.sm_apt_install_remove_multiple" skipped="0" tests="1" time="141.94" timestamp="2022-06-08T12:38:56">
	<testcase classname="PySysTest" name="SoftwareManagement.sm_apt_install_remove_multiple">
		<failure message="FAILED: Assert that (False == value) with value=True (+2 other failures)" type="FAILED"/>
		<system-out>12:36:34 INFO  ==============================================================
12:36:34 INFO  Id:    SoftwareManagement.sm_apt_install_remove_multiple
12:36:34 INFO  Dir:   software_management_end_to_end/
12:36:34 INFO  Title: Validate end to end behaviour for the apt plugin for multiple packages
12:36:34 INFO  ==============================================================
12:36:34 INFO  Using sw id database: {'asciijump': '5475369', 'robotfindskitten': '5474869', 'squirrel3': '5475279', 'rolldice': '5152439', 'moon-buggy': '5439204', 'apple': '5495053', 'banana': '5494888', 'cherry': '5495382', 'watermelon': '5494510', 'registry': '8018911', 'hello-world': '8021526', 'docker/getting-started': '8021973', 'alpine': '7991792'}
12:36:34 INFO  EnvironmentC8y Setup
12:36:35 INFO  Executed systemctl&lt;serv_mapper1&gt;, exit status 3
12:36:35 INFO  Restarting mosquitto too frequently in the last 10 seconds. It was only up for 5 seconds
12:36:35 INFO  Delaying execution by 6 seconds
12:36:55 INFO  Executed sudo&lt;tedge_connect_c8y&gt;, exit status 0, duration 14 secs
12:36:56 INFO  Executed sudo&lt;tedge_connect_c8y_test&gt;, exit status 0
12:36:57 INFO  Executed systemctl&lt;serv_mosq2&gt;, exit status 0
12:36:57 INFO  Executed systemctl&lt;serv_mapper3&gt;, exit status 0
12:36:59 INFO  State of current operation: SUCCESSFUL
12:36:59 INFO  Assert that (False == value) with value=False ... passed
12:37:00 INFO  Package asciijump is installed
12:37:00 WARN  Assert that (False == value) with value=True ... failed 
12:37:01 INFO  Package squirrel3 is installed
12:37:01 WARN  Assert that (False == value) with value=True ... failed 
12:37:01 INFO  Package robotfindskitten is installed
12:37:01 WARN  Assert that (False == value) with value=True ... failed 
12:37:01 INFO  Response status: 201
12:37:01 INFO  Response to action: {
    &quot;delivery&quot;: {
        &quot;log&quot;: [],
        &quot;time&quot;: &quot;2022-06-08T12:37:01.678Z&quot;,
        &quot;status&quot;: &quot;PENDING&quot;
    },
    &quot;creationTime&quot;: &quot;2022-06-08T12:37:01.660Z&quot;,
    &quot;deviceId&quot;: &quot;20034146&quot;,
    &quot;deviceName&quot;: &quot;m32sd10d&quot;,
    &quot;self&quot;: &quot;https://t493319102.eu-latest.cumulocity.com/devicecontrol/operations/20046242&quot;,
    &quot;id&quot;: &quot;20046242&quot;,
    &quot;status&quot;: &quot;PENDING&quot;,
    &quot;description&quot;: &quot;Apply software changes, triggered from PySys: [{'action': 'install', 'id': '5475369', 'name': 'asciijump', 'url': ' ', 'version': '::apt'}, {'action': 'install', 'id': '5474869', 'name': 'robotfindskitten', 'url': ' ', 'version': '::apt'}, {'action': 'install', 'id': '5475279', 'name': 'squirrel3', 'url': ' ', 'version': '::apt'}]&quot;,
    &quot;c8y_SoftwareUpdate&quot;: [
        {
            &quot;name&quot;: &quot;asciijump&quot;,
            &quot;action&quot;: &quot;install&quot;,
            &quot;id&quot;: &quot;5475369&quot;,
            &quot;version&quot;: &quot;::apt&quot;,
            &quot;url&quot;: &quot; &quot;
        },
        {
            &quot;name&quot;: &quot;robotfindskitten&quot;,
            &quot;action&quot;: &quot;install&quot;,
            &quot;id&quot;: &quot;5474869&quot;,
            &quot;version&quot;: &quot;::apt&quot;,
            &quot;url&quot;: &quot; &quot;
        },
        {
            &quot;name&quot;: &quot;squirrel3&quot;,
            &quot;action&quot;: &quot;install&quot;,
            &quot;id&quot;: &quot;5475279&quot;,
            &quot;version&quot;: &quot;::apt&quot;,
            &quot;url&quot;: &quot; &quot;
        }
    ]
}
12:37:01 INFO  Started operation: {'delivery': {'log': [], 'time': '2022-06-08T12:37:01.678Z', 'status': 'PENDING'}, 'creationTime': '2022-06-08T12:37:01.660Z', 'deviceId': '20034146', 'deviceName': 'm32sd10d', 'self': 'https://t493319102.eu-latest.cumulocity.com/devicecontrol/operations/20046242', 'id': '20046242', 'status': 'PENDING', 'description': &quot;Apply software changes, triggered from PySys: [{'action': 'install', 'id': '5475369', 'name': 'asciijump', 'url': ' ', 'version': '::apt'}, {'action': 'install', 'id': '5474869', 'name': 'robotfindskitten', 'url': ' ', 'version': '::apt'}, {'action': 'install', 'id': '5475279', 'name': 'squirrel3', 'url': ' ', 'version': '::apt'}]&quot;, 'c8y_SoftwareUpdate': [{'name': 'asciijump', 'action': 'install', 'id': '5475369', 'version': '::apt', 'url': ' '}, {'name': 'robotfindskitten', 'action': 'install', 'id': '5474869', 'version': '::apt', 'url': ' '}, {'name': 'squirrel3', 'action': 'install', 'id': '5475279', 'version': '::apt', 'url': ' '}]}
12:37:03 INFO  State of operation 20046242 : PENDING
12:37:06 INFO  State of operation 20046242 : EXECUTING
12:37:08 INFO  State of operation 20046242 : EXECUTING
12:37:10 INFO  State of operation 20046242 : EXECUTING
12:37:12 INFO  State of operation 20046242 : EXECUTING
12:37:15 INFO  State of operation 20046242 : EXECUTING
12:37:17 INFO  State of operation 20046242 : EXECUTING
12:37:21 INFO  State of operation 20046242 : EXECUTING
12:37:24 INFO  State of operation 20046242 : EXECUTING
12:37:26 INFO  State of operation 20046242 : EXECUTING
12:37:28 INFO  State of operation 20046242 : EXECUTING
12:37:30 INFO  State of operation 20046242 : EXECUTING
12:37:32 INFO  State of operation 20046242 : EXECUTING
12:37:35 INFO  State of operation 20046242 : EXECUTING
12:37:37 INFO  State of operation 20046242 : EXECUTING
12:37:39 INFO  State of operation 20046242 : SUCCESSFUL
12:37:39 INFO  Assert that (False == value) with value=False ... passed
12:37:40 INFO  Package asciijump is installed
12:37:40 INFO  Assert that (True == value) with value=True ... passed
12:37:40 INFO  Package squirrel3 is installed
12:37:40 INFO  Assert that (True == value) with value=True ... passed
12:37:40 INFO  Package robotfindskitten is installed
12:37:40 INFO  Assert that (True == value) with value=True ... passed
12:37:40 INFO  Response status: 201
12:37:40 INFO  Response to action: {
    &quot;delivery&quot;: {
        &quot;log&quot;: [],
        &quot;time&quot;: &quot;2022-06-08T12:37:40.846Z&quot;,
        &quot;status&quot;: &quot;PENDING&quot;
    },
    &quot;creationTime&quot;: &quot;2022-06-08T12:37:40.823Z&quot;,
    &quot;deviceId&quot;: &quot;20034146&quot;,
    &quot;deviceName&quot;: &quot;m32sd10d&quot;,
    &quot;self&quot;: &quot;https://t493319102.eu-latest.cumulocity.com/devicecontrol/operations/20046251&quot;,
    &quot;id&quot;: &quot;20046251&quot;,
    &quot;status&quot;: &quot;PENDING&quot;,
    &quot;description&quot;: &quot;Apply software changes, triggered from PySys: [{'action': 'delete', 'id': '5475369', 'name': 'asciijump', 'url': ' ', 'version': '::apt'}, {'action': 'delete', 'id': '5474869', 'name': 'robotfindskitten', 'url': ' ', 'version': '::apt'}, {'action': 'delete', 'id': '5475279', 'name': 'squirrel3', 'url': ' ', 'version': '::apt'}]&quot;,
    &quot;c8y_SoftwareUpdate&quot;: [
        {
            &quot;name&quot;: &quot;asciijump&quot;,
            &quot;action&quot;: &quot;delete&quot;,
            &quot;id&quot;: &quot;5475369&quot;,
            &quot;version&quot;: &quot;::apt&quot;,
            &quot;url&quot;: &quot; &quot;
        },
        {
            &quot;name&quot;: &quot;robotfindskitten&quot;,
            &quot;action&quot;: &quot;delete&quot;,
            &quot;id&quot;: &quot;5474869&quot;,
            &quot;version&quot;: &quot;::apt&quot;,
            &quot;url&quot;: &quot; &quot;
        },
        {
            &quot;name&quot;: &quot;squirrel3&quot;,
            &quot;action&quot;: &quot;delete&quot;,
            &quot;id&quot;: &quot;5475279&quot;,
            &quot;version&quot;: &quot;::apt&quot;,
            &quot;url&quot;: &quot; &quot;
        }
    ]
}
12:37:40 INFO  Started operation: {'delivery': {'log': [], 'time': '2022-06-08T12:37:40.846Z', 'status': 'PENDING'}, 'creationTime': '2022-06-08T12:37:40.823Z', 'deviceId': '20034146', 'deviceName': 'm32sd10d', 'self': 'https://t493319102.eu-latest.cumulocity.com/devicecontrol/operations/20046251', 'id': '20046251', 'status': 'PENDING', 'description': &quot;Apply software changes, triggered from PySys: [{'action': 'delete', 'id': '5475369', 'name': 'asciijump', 'url': ' ', 'version': '::apt'}, {'action': 'delete', 'id': '5474869', 'name': 'robotfindskitten', 'url': ' ', 'version': '::apt'}, {'action': 'delete', 'id': '5475279', 'name': 'squirrel3', 'url': ' ', 'version': '::apt'}]&quot;, 'c8y_SoftwareUpdate': [{'name': 'asciijump', 'action': 'delete', 'id': '5475369', 'version': '::apt', 'url': ' '}, {'name': 'robotfindskitten', 'action': 'delete', 'id': '5474869', 'version': '::apt', 'url': ' '}, {'name': 'squirrel3', 'action': 'delete', 'id': '5475279', 'version': '::apt', 'url': ' '}]}
12:37:43 INFO  State of operation 20046251 : PENDING
12:37:45 INFO  State of operation 20046251 : EXECUTING
12:37:47 INFO  State of operation 20046251 : EXECUTING
12:37:49 INFO  State of operation 20046251 : EXECUTING
12:37:52 INFO  State of operation 20046251 : EXECUTING
12:37:54 INFO  State of operation 20046251 : EXECUTING
12:37:56 INFO  State of operation 20046251 : EXECUTING
12:37:59 INFO  State of operation 20046251 : EXECUTING
12:38:02 INFO  State of operation 20046251 : EXECUTING
12:38:04 INFO  State of operation 20046251 : EXECUTING
12:38:06 INFO  State of operation 20046251 : EXECUTING
12:38:08 INFO  State of operation 20046251 : EXECUTING
12:38:11 INFO  State of operation 20046251 : EXECUTING
12:38:13 INFO  State of operation 20046251 : EXECUTING
12:38:15 INFO  State of operation 20046251 : EXECUTING
12:38:18 INFO  State of operation 20046251 : EXECUTING
12:38:20 INFO  State of operation 20046251 : EXECUTING
12:38:22 INFO  State of operation 20046251 : EXECUTING
12:38:25 INFO  State of operation 20046251 : EXECUTING
12:38:27 INFO  State of operation 20046251 : EXECUTING
12:38:30 INFO  State of operation 20046251 : EXECUTING
12:38:32 INFO  State of operation 20046251 : EXECUTING
12:38:34 INFO  State of operation 20046251 : EXECUTING
12:38:36 INFO  State of operation 20046251 : EXECUTING
12:38:39 INFO  State of operation 20046251 : EXECUTING
12:38:41 INFO  State of operation 20046251 : EXECUTING
12:38:44 INFO  State of operation 20046251 : EXECUTING
12:38:46 INFO  State of operation 20046251 : EXECUTING
12:38:48 INFO  State of operation 20046251 : EXECUTING
12:38:50 INFO  State of operation 20046251 : SUCCESSFUL
12:38:51 INFO  Assert that (False == value) with value=False ... passed
12:38:51 INFO  Assert that (False == value) with value=False ... passed
12:38:51 INFO  Assert that (False == value) with value=False ... passed
12:38:51 INFO  Assert that (False == value) with value=False ... passed
12:38:51 INFO  
12:38:51 INFO  cleanup:
12:38:55 INFO  Executed sudo&lt;tedge_disconnect_c8y&gt;, exit status 0
12:38:56 INFO  Executed systemctl&lt;serv_mapper5&gt;, exit status 3
12:38:56 INFO  
12:38:56 INFO  Test duration: 141.94 secs
12:38:56 INFO  Test final outcome:  FAILED
12:38:56 INFO  Test outcome reason: Assert that (False == value) with value=True (+2 other failures)
12:38:56 INFO  
</system-out>
	</testcase>
</testsuite>
