<?xml version="1.0" encoding="utf-8"?>
<testsuite failures="1" name="SoftwareManagement.sm_fake_install_remove" skipped="0" tests="1" time="167.13" timestamp="2022-05-23T12:34:08">
	<testcase classname="PySysTest" name="SoftwareManagement.sm_fake_install_remove">
		<failure message="BLOCKED: SystemError: Timeout while waiting for status FAILED or SUCCESSFUL" type="BLOCKED"/>
		<system-out>12:31:21 INFO  ==============================================================
12:31:21 INFO  Id:    SoftwareManagement.sm_fake_install_remove
12:31:21 INFO  Dir:   software_management_end_to_end/
12:31:21 INFO  Title: Validate end to end behaviour for the dummy plugin for installation and removal of packages
12:31:21 INFO  ==============================================================
12:31:21 INFO  Using sw id database: {'asciijump': '5475369', 'robotfindskitten': '5474869', 'squirrel3': '5475279', 'rolldice': '5152439', 'moon-buggy': '5439204', 'apple': '5495053', 'banana': '5494888', 'cherry': '5495382', 'watermelon': '5494510', 'registry': '8018911', 'hello-world': '8021526', 'docker/getting-started': '8021973', 'alpine': '7991792'}
12:31:21 INFO  EnvironmentC8y Setup
12:31:21 INFO  Executed systemctl&lt;serv_mapper1&gt;, exit status 3
12:31:21 INFO  Restarting mosquitto too frequently in the last 10 seconds. It was only up for 4 seconds
12:31:21 INFO  Delaying execution by 7 seconds
12:31:43 INFO  Executed sudo&lt;tedge_connect_c8y&gt;, exit status 0, duration 14 secs
12:31:43 INFO  Executed sudo&lt;tedge_connect_c8y_test&gt;, exit status 0
12:31:44 INFO  Executed systemctl&lt;serv_mosq2&gt;, exit status 0
12:31:44 INFO  Executed systemctl&lt;serv_mapper3&gt;, exit status 0
12:31:46 INFO  State of current operation: PENDING
12:31:49 INFO  State of current operation: PENDING
12:31:51 INFO  State of current operation: PENDING
12:31:53 INFO  State of current operation: PENDING
12:31:55 INFO  State of current operation: PENDING
12:31:58 INFO  State of current operation: PENDING
12:32:00 INFO  State of current operation: PENDING
12:32:02 INFO  State of current operation: PENDING
12:32:04 INFO  State of current operation: PENDING
12:32:06 INFO  State of current operation: PENDING
12:32:09 INFO  State of current operation: PENDING
12:32:11 INFO  State of current operation: PENDING
12:32:14 INFO  State of current operation: PENDING
12:32:16 INFO  State of current operation: PENDING
12:32:18 INFO  State of current operation: PENDING
12:32:20 INFO  State of current operation: PENDING
12:32:23 INFO  State of current operation: PENDING
12:32:25 INFO  State of current operation: PENDING
12:32:27 INFO  State of current operation: PENDING
12:32:29 INFO  State of current operation: PENDING
12:32:32 INFO  State of current operation: PENDING
12:32:34 INFO  State of current operation: PENDING
12:32:36 INFO  State of current operation: PENDING
12:32:38 INFO  State of current operation: PENDING
12:32:40 INFO  State of current operation: PENDING
12:32:43 INFO  State of current operation: PENDING
12:32:45 INFO  State of current operation: PENDING
12:32:47 INFO  State of current operation: PENDING
12:32:49 INFO  State of current operation: PENDING
12:32:52 INFO  State of current operation: PENDING
12:32:54 INFO  State of current operation: PENDING
12:32:56 INFO  State of current operation: PENDING
12:32:58 INFO  State of current operation: PENDING
12:33:01 INFO  State of current operation: PENDING
12:33:03 INFO  State of current operation: PENDING
12:33:05 INFO  State of current operation: PENDING
12:33:07 INFO  State of current operation: PENDING
12:33:10 INFO  State of current operation: PENDING
12:33:12 INFO  State of current operation: PENDING
12:33:14 INFO  State of current operation: PENDING
12:33:16 INFO  State of current operation: PENDING
12:33:18 INFO  State of current operation: PENDING
12:33:21 INFO  State of current operation: PENDING
12:33:23 INFO  State of current operation: PENDING
12:33:25 INFO  State of current operation: PENDING
12:33:28 INFO  State of current operation: PENDING
12:33:30 INFO  State of current operation: PENDING
12:33:32 INFO  State of current operation: PENDING
12:33:34 INFO  State of current operation: PENDING
12:33:37 INFO  State of current operation: PENDING
12:33:39 INFO  State of current operation: PENDING
12:33:41 INFO  State of current operation: PENDING
12:33:43 INFO  State of current operation: PENDING
12:33:45 INFO  State of current operation: PENDING
12:33:48 INFO  State of current operation: PENDING
12:33:50 INFO  State of current operation: PENDING
12:33:52 INFO  State of current operation: PENDING
12:33:54 INFO  State of current operation: PENDING
12:33:57 INFO  State of current operation: PENDING
12:33:59 INFO  State of current operation: PENDING
12:34:01 INFO  State of current operation: PENDING
12:34:03 WARN  SystemError occurred while running test - Timeout while waiting for status FAILED or SUCCESSFUL
Traceback (most recent call last):
  File &quot;/home/pi/env-pysys/lib/python3.7/site-packages/pysys/baserunner.py&quot;, line 1292, in __call__
    self.testObj.setup()
  File &quot;/home/pi/actions-runner/_work/thin-edge.io/thin-edge.io/tests/PySys/software_management_end_to_end/sm_fake_install_remove/run.py&quot;, line 38, in setup
    super().setup()
  File &quot;/home/pi/actions-runner/_work/thin-edge.io/thin-edge.io/tests/PySys/software_management_end_to_end/environment_sm_management.py&quot;, line 151, in setup
    self.wait_until_end()
  File &quot;/home/pi/actions-runner/_work/thin-edge.io/thin-edge.io/tests/PySys/software_management_end_to_end/environment_sm_management.py&quot;, line 332, in wait_until_end
    self.wait_until_status(&quot;FAILED&quot;, &quot;SUCCESSFUL&quot;)
  File &quot;/home/pi/actions-runner/_work/thin-edge.io/thin-edge.io/tests/PySys/software_management_end_to_end/environment_sm_management.py&quot;, line 381, in wait_until_status
    &quot;Timeout while waiting for status %s or %s&quot; % (status, status2)
SystemError: Timeout while waiting for status FAILED or SUCCESSFUL
12:34:03 WARN  SystemError: Timeout while waiting for status FAILED or SUCCESSFUL ... blocked 
12:34:03 INFO  
12:34:03 INFO  cleanup:
12:34:07 INFO  Executed sudo&lt;tedge_disconnect_c8y&gt;, exit status 0
12:34:08 INFO  Executed systemctl&lt;serv_mapper5&gt;, exit status 3
12:34:08 INFO  
12:34:08 INFO  Test duration: 167.13 secs
12:34:08 INFO  Test final outcome:  BLOCKED
12:34:08 INFO  Test outcome reason: SystemError: Timeout while waiting for status FAILED or SUCCESSFUL
12:34:08 INFO  
</system-out>
	</testcase>
</testsuite>
