<?xml version="1.0" encoding="utf-8"?>
<testsuite failures="1" name="SoftwareManagement.sm_apt_install_remove_default" skipped="0" tests="1" time="165.87" timestamp="2022-05-24T11:57:55">
	<testcase classname="PySysTest" name="SoftwareManagement.sm_apt_install_remove_default">
		<failure message="BLOCKED: SystemError: Timeout while waiting for status FAILED or SUCCESSFUL" type="BLOCKED"/>
		<system-out>11:55:10 INFO  ==============================================================
11:55:10 INFO  Id:    SoftwareManagement.sm_apt_install_remove_default
11:55:10 INFO  Dir:   software_management_end_to_end/
11:55:10 INFO  Title: Validate end to end behaviour for the default plugin for installation and removal of packages
11:55:10 INFO  ==============================================================
11:55:10 INFO  Using sw id database: {'asciijump': '5475369', 'robotfindskitten': '5474869', 'squirrel3': '5475279', 'rolldice': '5152439', 'moon-buggy': '5439204', 'apple': '5495053', 'banana': '5494888', 'cherry': '5495382', 'watermelon': '5494510', 'registry': '8018911', 'hello-world': '8021526', 'docker/getting-started': '8021973', 'alpine': '7991792'}
11:55:10 INFO  EnvironmentC8y Setup
11:55:10 INFO  Executed systemctl&lt;serv_mapper1&gt;, exit status 3
11:55:10 INFO  Restarting mosquitto too frequently in the last 10 seconds. It was only up for 5 seconds
11:55:10 INFO  Delaying execution by 6 seconds
11:55:30 INFO  Executed sudo&lt;tedge_connect_c8y&gt;, exit status 0, duration 13 secs
11:55:31 INFO  Executed sudo&lt;tedge_connect_c8y_test&gt;, exit status 0
11:55:31 INFO  Executed systemctl&lt;serv_mosq2&gt;, exit status 0
11:55:32 INFO  Executed systemctl&lt;serv_mapper3&gt;, exit status 0
11:55:34 INFO  State of current operation: PENDING
11:55:36 INFO  State of current operation: PENDING
11:55:39 INFO  State of current operation: PENDING
11:55:41 INFO  State of current operation: PENDING
11:55:43 INFO  State of current operation: PENDING
11:55:45 INFO  State of current operation: PENDING
11:55:48 INFO  State of current operation: PENDING
11:55:50 INFO  State of current operation: PENDING
11:55:52 INFO  State of current operation: PENDING
11:55:54 INFO  State of current operation: PENDING
11:55:56 INFO  State of current operation: PENDING
11:55:59 INFO  State of current operation: PENDING
11:56:01 INFO  State of current operation: PENDING
11:56:03 INFO  State of current operation: PENDING
11:56:05 INFO  State of current operation: PENDING
11:56:08 INFO  State of current operation: PENDING
11:56:10 INFO  State of current operation: PENDING
11:56:12 INFO  State of current operation: PENDING
11:56:14 INFO  State of current operation: PENDING
11:56:17 INFO  State of current operation: PENDING
11:56:19 INFO  State of current operation: PENDING
11:56:21 INFO  State of current operation: PENDING
11:56:23 INFO  State of current operation: PENDING
11:56:25 INFO  State of current operation: PENDING
11:56:28 INFO  State of current operation: PENDING
11:56:30 INFO  State of current operation: PENDING
11:56:32 INFO  State of current operation: PENDING
11:56:34 INFO  State of current operation: PENDING
11:56:37 INFO  State of current operation: PENDING
11:56:39 INFO  State of current operation: PENDING
11:56:41 INFO  State of current operation: PENDING
11:56:43 INFO  State of current operation: PENDING
11:56:46 INFO  State of current operation: PENDING
11:56:48 INFO  State of current operation: PENDING
11:56:50 INFO  State of current operation: PENDING
11:56:52 INFO  State of current operation: PENDING
11:56:55 INFO  State of current operation: PENDING
11:56:57 INFO  State of current operation: PENDING
11:56:59 INFO  State of current operation: PENDING
11:57:01 INFO  State of current operation: PENDING
11:57:04 INFO  State of current operation: PENDING
11:57:06 INFO  State of current operation: PENDING
11:57:08 INFO  State of current operation: PENDING
11:57:11 INFO  State of current operation: PENDING
11:57:13 INFO  State of current operation: PENDING
11:57:15 INFO  State of current operation: PENDING
11:57:17 INFO  State of current operation: PENDING
11:57:20 INFO  State of current operation: PENDING
11:57:22 INFO  State of current operation: PENDING
11:57:24 INFO  State of current operation: PENDING
11:57:26 INFO  State of current operation: PENDING
11:57:29 INFO  State of current operation: PENDING
11:57:31 INFO  State of current operation: PENDING
11:57:33 INFO  State of current operation: PENDING
11:57:35 INFO  State of current operation: PENDING
11:57:38 INFO  State of current operation: PENDING
11:57:40 INFO  State of current operation: PENDING
11:57:42 INFO  State of current operation: PENDING
11:57:44 INFO  State of current operation: PENDING
11:57:47 INFO  State of current operation: PENDING
11:57:49 INFO  State of current operation: PENDING
11:57:51 WARN  SystemError occurred while running test - Timeout while waiting for status FAILED or SUCCESSFUL
Traceback (most recent call last):
  File &quot;/home/pi/env-pysys/lib/python3.7/site-packages/pysys/baserunner.py&quot;, line 1292, in __call__
    self.testObj.setup()
  File &quot;/home/pi/actions-runner/_work/thin-edge.io/thin-edge.io/tests/PySys/software_management_end_to_end/sm_apt_install_remove_default/run.py&quot;, line 26, in setup
    super().setup()
  File &quot;/home/pi/actions-runner/_work/thin-edge.io/thin-edge.io/tests/PySys/software_management_end_to_end/environment_sm_management.py&quot;, line 151, in setup
    self.wait_until_end()
  File &quot;/home/pi/actions-runner/_work/thin-edge.io/thin-edge.io/tests/PySys/software_management_end_to_end/environment_sm_management.py&quot;, line 332, in wait_until_end
    self.wait_until_status(&quot;FAILED&quot;, &quot;SUCCESSFUL&quot;)
  File &quot;/home/pi/actions-runner/_work/thin-edge.io/thin-edge.io/tests/PySys/software_management_end_to_end/environment_sm_management.py&quot;, line 381, in wait_until_status
    &quot;Timeout while waiting for status %s or %s&quot; % (status, status2)
SystemError: Timeout while waiting for status FAILED or SUCCESSFUL
11:57:51 WARN  SystemError: Timeout while waiting for status FAILED or SUCCESSFUL ... blocked 
11:57:51 INFO  
11:57:51 INFO  cleanup:
11:57:55 INFO  Executed sudo&lt;tedge_disconnect_c8y&gt;, exit status 0
11:57:55 INFO  Executed systemctl&lt;serv_mapper5&gt;, exit status 3
11:57:55 INFO  
11:57:55 INFO  Test duration: 165.87 secs
11:57:55 INFO  Test final outcome:  BLOCKED
11:57:55 INFO  Test outcome reason: SystemError: Timeout while waiting for status FAILED or SUCCESSFUL
11:57:55 INFO  
</system-out>
	</testcase>
</testsuite>
