<?xml version="1.0" encoding="utf-8"?>
<testsuite failures="1" name="SoftwareManagement.sm_apt_install_remove_multiple" skipped="0" tests="1" time="137.7" timestamp="2022-06-29T13:05:07">
	<testcase classname="PySysTest" name="SoftwareManagement.sm_apt_install_remove_multiple">
		<failure message="FAILED: Assert that (False == value) with value=True (+2 other failures)" type="FAILED"/>
		<system-out>13:02:49 INFO  ==============================================================
13:02:49 INFO  Id:    SoftwareManagement.sm_apt_install_remove_multiple
13:02:49 INFO  Dir:   software_management_end_to_end/
13:02:49 INFO  Title: Validate end to end behaviour for the apt plugin for multiple packages
13:02:49 INFO  ==============================================================
13:02:49 INFO  Using sw id database: {'asciijump': '5475369', 'robotfindskitten': '5474869', 'squirrel3': '5475279', 'rolldice': '5152439', 'moon-buggy': '5439204', 'apple': '5495053', 'banana': '5494888', 'cherry': '5495382', 'watermelon': '5494510', 'registry': '8018911', 'hello-world': '8021526', 'docker/getting-started': '8021973', 'alpine': '7991792'}
13:02:49 INFO  EnvironmentC8y Setup
13:02:50 INFO  Executed systemctl&lt;serv_mapper1&gt;, exit status 3
13:02:50 INFO  Restarting mosquitto too frequently in the last 10 seconds. It was only up for 5 seconds
13:02:50 INFO  Delaying execution by 6 seconds
13:03:09 INFO  Executed sudo&lt;tedge_connect_c8y&gt;, exit status 0, duration 13 secs
13:03:10 INFO  Executed sudo&lt;tedge_connect_c8y_test&gt;, exit status 0
13:03:11 INFO  Executed systemctl&lt;serv_mosq2&gt;, exit status 0
13:03:11 INFO  Executed systemctl&lt;serv_mapper3&gt;, exit status 0
13:03:13 INFO  State of current operation: SUCCESSFUL
13:03:14 INFO  Assert that (False == value) with value=False ... passed
13:03:14 INFO  Package asciijump is installed
13:03:14 WARN  Assert that (False == value) with value=True ... failed 
13:03:14 INFO  Package squirrel3 is installed
13:03:14 WARN  Assert that (False == value) with value=True ... failed 
13:03:15 INFO  Package robotfindskitten is installed
13:03:15 WARN  Assert that (False == value) with value=True ... failed 
13:03:15 INFO  Response status: 201
13:03:15 INFO  Response to action: {
    &quot;delivery&quot;: {
        &quot;log&quot;: [],
        &quot;time&quot;: &quot;2022-06-29T13:03:15.307Z&quot;,
        &quot;status&quot;: &quot;PENDING&quot;
    },
    &quot;creationTime&quot;: &quot;2022-06-29T13:03:15.289Z&quot;,
    &quot;deviceId&quot;: &quot;20555342&quot;,
    &quot;deviceName&quot;: &quot;m32sd10d&quot;,
    &quot;self&quot;: &quot;https://t493319102.eu-latest.cumulocity.com/devicecontrol/operations/20610643&quot;,
    &quot;id&quot;: &quot;20610643&quot;,
    &quot;status&quot;: &quot;PENDING&quot;,
    &quot;description&quot;: &quot;Apply software changes, triggered from PySys: [{'action': 'install', 'id': '5475369', 'name': 'asciijump', 'url': ' ', 'version': '::apt'}, {'action': 'install', 'id': '5474869', 'name': 'robotfindskitten', 'url': ' ', 'version': '::apt'}, {'action': 'install', 'id': '5475279', 'name': 'squirrel3', 'url': ' ', 'version': '::apt'}]&quot;,
    &quot;c8y_SoftwareUpdate&quot;: [
        {
            &quot;name&quot;: &quot;asciijump&quot;,
            &quot;action&quot;: &quot;install&quot;,
            &quot;id&quot;: &quot;5475369&quot;,
            &quot;version&quot;: &quot;::apt&quot;,
            &quot;url&quot;: &quot; &quot;
        },
        {
            &quot;name&quot;: &quot;robotfindskitten&quot;,
            &quot;action&quot;: &quot;install&quot;,
            &quot;id&quot;: &quot;5474869&quot;,
            &quot;version&quot;: &quot;::apt&quot;,
            &quot;url&quot;: &quot; &quot;
        },
        {
            &quot;name&quot;: &quot;squirrel3&quot;,
            &quot;action&quot;: &quot;install&quot;,
            &quot;id&quot;: &quot;5475279&quot;,
            &quot;version&quot;: &quot;::apt&quot;,
            &quot;url&quot;: &quot; &quot;
        }
    ]
}
13:03:15 INFO  Started operation: {'delivery': {'log': [], 'time': '2022-06-29T13:03:15.307Z', 'status': 'PENDING'}, 'creationTime': '2022-06-29T13:03:15.289Z', 'deviceId': '20555342', 'deviceName': 'm32sd10d', 'self': 'https://t493319102.eu-latest.cumulocity.com/devicecontrol/operations/20610643', 'id': '20610643', 'status': 'PENDING', 'description': &quot;Apply software changes, triggered from PySys: [{'action': 'install', 'id': '5475369', 'name': 'asciijump', 'url': ' ', 'version': '::apt'}, {'action': 'install', 'id': '5474869', 'name': 'robotfindskitten', 'url': ' ', 'version': '::apt'}, {'action': 'install', 'id': '5475279', 'name': 'squirrel3', 'url': ' ', 'version': '::apt'}]&quot;, 'c8y_SoftwareUpdate': [{'name': 'asciijump', 'action': 'install', 'id': '5475369', 'version': '::apt', 'url': ' '}, {'name': 'robotfindskitten', 'action': 'install', 'id': '5474869', 'version': '::apt', 'url': ' '}, {'name': 'squirrel3', 'action': 'install', 'id': '5475279', 'version': '::apt', 'url': ' '}]}
13:03:17 INFO  State of operation 20610643 : PENDING
13:03:19 INFO  State of operation 20610643 : EXECUTING
13:03:21 INFO  State of operation 20610643 : EXECUTING
13:03:24 INFO  State of operation 20610643 : EXECUTING
13:03:26 INFO  State of operation 20610643 : EXECUTING
13:03:28 INFO  State of operation 20610643 : EXECUTING
13:03:31 INFO  State of operation 20610643 : EXECUTING
13:03:34 INFO  State of operation 20610643 : EXECUTING
13:03:36 INFO  State of operation 20610643 : EXECUTING
13:03:39 INFO  State of operation 20610643 : EXECUTING
13:03:41 INFO  State of operation 20610643 : EXECUTING
13:03:43 INFO  State of operation 20610643 : EXECUTING
13:03:45 INFO  State of operation 20610643 : EXECUTING
13:03:47 INFO  State of operation 20610643 : EXECUTING
13:03:50 INFO  State of operation 20610643 : EXECUTING
13:03:52 INFO  State of operation 20610643 : SUCCESSFUL
13:03:52 INFO  Assert that (False == value) with value=False ... passed
13:03:52 INFO  Package asciijump is installed
13:03:52 INFO  Assert that (True == value) with value=True ... passed
13:03:53 INFO  Package squirrel3 is installed
13:03:53 INFO  Assert that (True == value) with value=True ... passed
13:03:53 INFO  Package robotfindskitten is installed
13:03:53 INFO  Assert that (True == value) with value=True ... passed
13:03:53 INFO  Response status: 201
13:03:53 INFO  Response to action: {
    &quot;delivery&quot;: {
        &quot;log&quot;: [],
        &quot;time&quot;: &quot;2022-06-29T13:03:53.660Z&quot;,
        &quot;status&quot;: &quot;PENDING&quot;
    },
    &quot;creationTime&quot;: &quot;2022-06-29T13:03:53.632Z&quot;,
    &quot;deviceId&quot;: &quot;20555342&quot;,
    &quot;deviceName&quot;: &quot;m32sd10d&quot;,
    &quot;self&quot;: &quot;https://t493319102.eu-latest.cumulocity.com/devicecontrol/operations/20610655&quot;,
    &quot;id&quot;: &quot;20610655&quot;,
    &quot;status&quot;: &quot;PENDING&quot;,
    &quot;description&quot;: &quot;Apply software changes, triggered from PySys: [{'action': 'delete', 'id': '5475369', 'name': 'asciijump', 'url': ' ', 'version': '::apt'}, {'action': 'delete', 'id': '5474869', 'name': 'robotfindskitten', 'url': ' ', 'version': '::apt'}, {'action': 'delete', 'id': '5475279', 'name': 'squirrel3', 'url': ' ', 'version': '::apt'}]&quot;,
    &quot;c8y_SoftwareUpdate&quot;: [
        {
            &quot;name&quot;: &quot;asciijump&quot;,
            &quot;action&quot;: &quot;delete&quot;,
            &quot;id&quot;: &quot;5475369&quot;,
            &quot;version&quot;: &quot;::apt&quot;,
            &quot;url&quot;: &quot; &quot;
        },
        {
            &quot;name&quot;: &quot;robotfindskitten&quot;,
            &quot;action&quot;: &quot;delete&quot;,
            &quot;id&quot;: &quot;5474869&quot;,
            &quot;version&quot;: &quot;::apt&quot;,
            &quot;url&quot;: &quot; &quot;
        },
        {
            &quot;name&quot;: &quot;squirrel3&quot;,
            &quot;action&quot;: &quot;delete&quot;,
            &quot;id&quot;: &quot;5475279&quot;,
            &quot;version&quot;: &quot;::apt&quot;,
            &quot;url&quot;: &quot; &quot;
        }
    ]
}
13:03:53 INFO  Started operation: {'delivery': {'log': [], 'time': '2022-06-29T13:03:53.660Z', 'status': 'PENDING'}, 'creationTime': '2022-06-29T13:03:53.632Z', 'deviceId': '20555342', 'deviceName': 'm32sd10d', 'self': 'https://t493319102.eu-latest.cumulocity.com/devicecontrol/operations/20610655', 'id': '20610655', 'status': 'PENDING', 'description': &quot;Apply software changes, triggered from PySys: [{'action': 'delete', 'id': '5475369', 'name': 'asciijump', 'url': ' ', 'version': '::apt'}, {'action': 'delete', 'id': '5474869', 'name': 'robotfindskitten', 'url': ' ', 'version': '::apt'}, {'action': 'delete', 'id': '5475279', 'name': 'squirrel3', 'url': ' ', 'version': '::apt'}]&quot;, 'c8y_SoftwareUpdate': [{'name': 'asciijump', 'action': 'delete', 'id': '5475369', 'version': '::apt', 'url': ' '}, {'name': 'robotfindskitten', 'action': 'delete', 'id': '5474869', 'version': '::apt', 'url': ' '}, {'name': 'squirrel3', 'action': 'delete', 'id': '5475279', 'version': '::apt', 'url': ' '}]}
13:03:55 INFO  State of operation 20610655 : PENDING
13:03:58 INFO  State of operation 20610655 : EXECUTING
13:04:00 INFO  State of operation 20610655 : EXECUTING
13:04:02 INFO  State of operation 20610655 : EXECUTING
13:04:04 INFO  State of operation 20610655 : EXECUTING
13:04:07 INFO  State of operation 20610655 : EXECUTING
13:04:09 INFO  State of operation 20610655 : EXECUTING
13:04:12 INFO  State of operation 20610655 : EXECUTING
13:04:14 INFO  State of operation 20610655 : EXECUTING
13:04:17 INFO  State of operation 20610655 : EXECUTING
13:04:19 INFO  State of operation 20610655 : EXECUTING
13:04:21 INFO  State of operation 20610655 : EXECUTING
13:04:24 INFO  State of operation 20610655 : EXECUTING
13:04:26 INFO  State of operation 20610655 : EXECUTING
13:04:28 INFO  State of operation 20610655 : EXECUTING
13:04:30 INFO  State of operation 20610655 : EXECUTING
13:04:33 INFO  State of operation 20610655 : EXECUTING
13:04:36 INFO  State of operation 20610655 : EXECUTING
13:04:38 INFO  State of operation 20610655 : EXECUTING
13:04:40 INFO  State of operation 20610655 : EXECUTING
13:04:43 INFO  State of operation 20610655 : EXECUTING
13:04:45 INFO  State of operation 20610655 : EXECUTING
13:04:47 INFO  State of operation 20610655 : EXECUTING
13:04:49 INFO  State of operation 20610655 : EXECUTING
13:04:52 INFO  State of operation 20610655 : EXECUTING
13:04:54 INFO  State of operation 20610655 : EXECUTING
13:04:57 INFO  State of operation 20610655 : EXECUTING
13:04:59 INFO  State of operation 20610655 : EXECUTING
13:05:01 INFO  State of operation 20610655 : SUCCESSFUL
13:05:01 INFO  Assert that (False == value) with value=False ... passed
13:05:02 INFO  Assert that (False == value) with value=False ... passed
13:05:02 INFO  Assert that (False == value) with value=False ... passed
13:05:02 INFO  Assert that (False == value) with value=False ... passed
13:05:02 INFO  
13:05:02 INFO  cleanup:
13:05:06 INFO  Executed sudo&lt;tedge_disconnect_c8y&gt;, exit status 0
13:05:07 INFO  Executed systemctl&lt;serv_mapper5&gt;, exit status 3
13:05:07 INFO  
13:05:07 INFO  Test duration: 137.70 secs
13:05:07 INFO  Test final outcome:  FAILED
13:05:07 INFO  Test outcome reason: Assert that (False == value) with value=True (+2 other failures)
13:05:07 INFO  
</system-out>
	</testcase>
</testsuite>
