<?xml version="1.0" encoding="utf-8"?>
<testsuite failures="1" name="SoftwareManagement.sm_apt_install_remove_multiple_mixed" skipped="0" tests="1" time="178.19" timestamp="2022-07-22T03:00:35">
	<testcase classname="PySysTest" name="SoftwareManagement.sm_apt_install_remove_multiple_mixed">
		<failure message="BLOCKED: SystemError: Timeout while waiting for status SUCCESSFUL or False (+1 other failures)" type="BLOCKED"/>
		<system-out>02:57:37 INFO  ==============================================================
02:57:37 INFO  Id:    SoftwareManagement.sm_apt_install_remove_multiple_mixed
02:57:37 INFO  Dir:   software_management_end_to_end/
02:57:37 INFO  Title: Validate end to end behaviour for the apt plugin for multiple packages with mixed versions
02:57:37 INFO  ==============================================================
02:57:37 INFO  Using sw id database: {'asciijump': '5475369', 'robotfindskitten': '5474869', 'squirrel3': '5475279', 'rolldice': '5152439', 'moon-buggy': '5439204', 'apple': '5495053', 'banana': '5494888', 'cherry': '5495382', 'watermelon': '5494510', 'registry': '8018911', 'hello-world': '8021526', 'docker/getting-started': '8021973', 'alpine': '7991792'}
02:57:37 INFO  EnvironmentC8y Setup
02:57:38 INFO  Executed systemctl&lt;serv_mapper1&gt;, exit status 3
02:57:38 INFO  Restarting mosquitto too frequently in the last 10 seconds. It was only up for 5 seconds
02:57:38 INFO  Delaying execution by 6 seconds
02:57:58 INFO  Executed sudo&lt;tedge_connect_c8y&gt;, exit status 0, duration 13 secs
02:57:58 INFO  Executed sudo&lt;tedge_connect_c8y_test&gt;, exit status 0
02:57:59 INFO  Executed systemctl&lt;serv_mosq2&gt;, exit status 0
02:57:59 INFO  Executed systemctl&lt;serv_mapper3&gt;, exit status 0
02:58:01 INFO  State of current operation: SUCCESSFUL
02:58:02 INFO  Assert that (False == value) with value=False ... passed
02:58:02 INFO  Assert that (False == value) with value=False ... passed
02:58:02 INFO  Assert that (False == value) with value=False ... passed
02:58:02 INFO  Assert that (False == value) with value=False ... passed
02:58:02 INFO  Package moon-buggy is installed
02:58:02 WARN  Assert that (False == value) with value=True ... failed 
02:58:04 INFO  Response status: 201
02:58:04 INFO  Response to action: {
    &quot;delivery&quot;: {
        &quot;log&quot;: [],
        &quot;time&quot;: &quot;2022-07-22T02:58:04.189Z&quot;,
        &quot;status&quot;: &quot;PENDING&quot;
    },
    &quot;creationTime&quot;: &quot;2022-07-22T02:58:04.173Z&quot;,
    &quot;deviceId&quot;: &quot;21166555&quot;,
    &quot;deviceName&quot;: &quot;m32sd10d&quot;,
    &quot;self&quot;: &quot;https://t493319102.eu-latest.cumulocity.com/devicecontrol/operations/21230890&quot;,
    &quot;id&quot;: &quot;21230890&quot;,
    &quot;status&quot;: &quot;PENDING&quot;,
    &quot;description&quot;: &quot;Apply software changes, triggered from PySys: [{'action': 'install', 'id': '5475369', 'name': 'asciijump', 'url': ' ', 'version': '::apt'}, {'action': 'install', 'id': '5474869', 'name': 'robotfindskitten', 'url': ' ', 'version': ' '}, {'action': 'install', 'id': '5475279', 'name': 'squirrel3', 'url': ' ', 'version': '3.1-7::apt'}, {'action': 'install', 'id': '5152439', 'name': 'rolldice', 'url': ' ', 'version': '1.16-1+b1'}, {'action': 'install', 'id': '5439204', 'name': 'moon-buggy', 'url': ' ', 'version': '1:1.0.51-12'}, {'action': 'install', 'id': '5475369', 'name': 'asciijump', 'url': ' ', 'version': '::apt'}]&quot;,
    &quot;c8y_SoftwareUpdate&quot;: [
        {
            &quot;name&quot;: &quot;asciijump&quot;,
            &quot;action&quot;: &quot;install&quot;,
            &quot;id&quot;: &quot;5475369&quot;,
            &quot;version&quot;: &quot;::apt&quot;,
            &quot;url&quot;: &quot; &quot;
        },
        {
            &quot;name&quot;: &quot;robotfindskitten&quot;,
            &quot;action&quot;: &quot;install&quot;,
            &quot;id&quot;: &quot;5474869&quot;,
            &quot;version&quot;: &quot; &quot;,
            &quot;url&quot;: &quot; &quot;
        },
        {
            &quot;name&quot;: &quot;squirrel3&quot;,
            &quot;action&quot;: &quot;install&quot;,
            &quot;id&quot;: &quot;5475279&quot;,
            &quot;version&quot;: &quot;3.1-7::apt&quot;,
            &quot;url&quot;: &quot; &quot;
        },
        {
            &quot;name&quot;: &quot;rolldice&quot;,
            &quot;action&quot;: &quot;install&quot;,
            &quot;id&quot;: &quot;5152439&quot;,
            &quot;version&quot;: &quot;1.16-1+b1&quot;,
            &quot;url&quot;: &quot; &quot;
        },
        {
            &quot;name&quot;: &quot;moon-buggy&quot;,
            &quot;action&quot;: &quot;install&quot;,
            &quot;id&quot;: &quot;5439204&quot;,
            &quot;version&quot;: &quot;1:1.0.51-12&quot;,
            &quot;url&quot;: &quot; &quot;
        },
        {
            &quot;name&quot;: &quot;asciijump&quot;,
            &quot;action&quot;: &quot;install&quot;,
            &quot;id&quot;: &quot;5475369&quot;,
            &quot;version&quot;: &quot;::apt&quot;,
            &quot;url&quot;: &quot; &quot;
        }
    ]
}
02:58:04 INFO  Started operation: {'delivery': {'log': [], 'time': '2022-07-22T02:58:04.189Z', 'status': 'PENDING'}, 'creationTime': '2022-07-22T02:58:04.173Z', 'deviceId': '21166555', 'deviceName': 'm32sd10d', 'self': 'https://t493319102.eu-latest.cumulocity.com/devicecontrol/operations/21230890', 'id': '21230890', 'status': 'PENDING', 'description': &quot;Apply software changes, triggered from PySys: [{'action': 'install', 'id': '5475369', 'name': 'asciijump', 'url': ' ', 'version': '::apt'}, {'action': 'install', 'id': '5474869', 'name': 'robotfindskitten', 'url': ' ', 'version': ' '}, {'action': 'install', 'id': '5475279', 'name': 'squirrel3', 'url': ' ', 'version': '3.1-7::apt'}, {'action': 'install', 'id': '5152439', 'name': 'rolldice', 'url': ' ', 'version': '1.16-1+b1'}, {'action': 'install', 'id': '5439204', 'name': 'moon-buggy', 'url': ' ', 'version': '1:1.0.51-12'}, {'action': 'install', 'id': '5475369', 'name': 'asciijump', 'url': ' ', 'version': '::apt'}]&quot;, 'c8y_SoftwareUpdate': [{'name': 'asciijump', 'action': 'install', 'id': '5475369', 'version': '::apt', 'url': ' '}, {'name': 'robotfindskitten', 'action': 'install', 'id': '5474869', 'version': ' ', 'url': ' '}, {'name': 'squirrel3', 'action': 'install', 'id': '5475279', 'version': '3.1-7::apt', 'url': ' '}, {'name': 'rolldice', 'action': 'install', 'id': '5152439', 'version': '1.16-1+b1', 'url': ' '}, {'name': 'moon-buggy', 'action': 'install', 'id': '5439204', 'version': '1:1.0.51-12', 'url': ' '}, {'name': 'asciijump', 'action': 'install', 'id': '5475369', 'version': '::apt', 'url': ' '}]}
02:58:06 INFO  State of operation 21230890 : PENDING
02:58:08 INFO  State of operation 21230890 : EXECUTING
02:58:10 INFO  State of operation 21230890 : EXECUTING
02:58:13 INFO  State of operation 21230890 : EXECUTING
02:58:15 INFO  State of operation 21230890 : EXECUTING
02:58:17 INFO  State of operation 21230890 : EXECUTING
02:58:20 INFO  State of operation 21230890 : EXECUTING
02:58:23 INFO  State of operation 21230890 : EXECUTING
02:58:25 INFO  State of operation 21230890 : EXECUTING
02:58:27 INFO  State of operation 21230890 : EXECUTING
02:58:30 INFO  State of operation 21230890 : EXECUTING
02:58:32 INFO  State of operation 21230890 : EXECUTING
02:58:34 INFO  State of operation 21230890 : EXECUTING
02:58:36 INFO  State of operation 21230890 : EXECUTING
02:58:39 INFO  State of operation 21230890 : EXECUTING
02:58:41 INFO  State of operation 21230890 : EXECUTING
02:58:43 INFO  State of operation 21230890 : EXECUTING
02:58:46 INFO  State of operation 21230890 : EXECUTING
02:58:48 INFO  State of operation 21230890 : EXECUTING
02:58:51 INFO  State of operation 21230890 : EXECUTING
02:58:53 INFO  State of operation 21230890 : EXECUTING
02:58:55 INFO  State of operation 21230890 : EXECUTING
02:58:57 INFO  State of operation 21230890 : EXECUTING
02:59:00 INFO  State of operation 21230890 : EXECUTING
02:59:02 INFO  State of operation 21230890 : EXECUTING
02:59:05 INFO  State of operation 21230890 : EXECUTING
02:59:07 INFO  State of operation 21230890 : EXECUTING
02:59:10 INFO  State of operation 21230890 : EXECUTING
02:59:12 INFO  State of operation 21230890 : EXECUTING
02:59:14 INFO  State of operation 21230890 : EXECUTING
02:59:17 INFO  State of operation 21230890 : EXECUTING
02:59:19 INFO  State of operation 21230890 : EXECUTING
02:59:21 INFO  State of operation 21230890 : EXECUTING
02:59:24 INFO  State of operation 21230890 : EXECUTING
02:59:26 INFO  State of operation 21230890 : EXECUTING
02:59:28 INFO  State of operation 21230890 : EXECUTING
02:59:30 INFO  State of operation 21230890 : EXECUTING
02:59:32 INFO  State of operation 21230890 : EXECUTING
02:59:35 INFO  State of operation 21230890 : EXECUTING
02:59:38 INFO  State of operation 21230890 : EXECUTING
02:59:40 INFO  State of operation 21230890 : EXECUTING
02:59:42 INFO  State of operation 21230890 : EXECUTING
02:59:45 INFO  State of operation 21230890 : EXECUTING
02:59:47 INFO  State of operation 21230890 : EXECUTING
02:59:49 INFO  State of operation 21230890 : EXECUTING
02:59:51 INFO  State of operation 21230890 : EXECUTING
02:59:54 INFO  State of operation 21230890 : EXECUTING
02:59:56 INFO  State of operation 21230890 : EXECUTING
02:59:59 INFO  State of operation 21230890 : EXECUTING
03:00:02 INFO  State of operation 21230890 : EXECUTING
03:00:04 INFO  State of operation 21230890 : EXECUTING
03:00:06 INFO  State of operation 21230890 : EXECUTING
03:00:09 INFO  State of operation 21230890 : EXECUTING
03:00:11 INFO  State of operation 21230890 : EXECUTING
03:00:14 INFO  State of operation 21230890 : EXECUTING
03:00:16 INFO  State of operation 21230890 : EXECUTING
03:00:19 INFO  State of operation 21230890 : EXECUTING
03:00:21 INFO  State of operation 21230890 : EXECUTING
03:00:24 INFO  State of operation 21230890 : EXECUTING
03:00:26 INFO  State of operation 21230890 : EXECUTING
03:00:28 INFO  State of operation 21230890 : EXECUTING
03:00:30 WARN  SystemError occurred while running test - Timeout while waiting for status SUCCESSFUL or False
Traceback (most recent call last):
  File &quot;/home/pi/env-pysys/lib/python3.7/site-packages/pysys/baserunner.py&quot;, line 1294, in __call__
    self.testObj.execute()
  File &quot;/home/pi/actions-runner/_work/thin-edge.io/thin-edge.io/tests/PySys/software_management_end_to_end/sm_apt_install_remove_multiple_mixed/run.py&quot;, line 89, in execute
    self.wait_until_succcess()
  File &quot;/home/pi/actions-runner/_work/thin-edge.io/thin-edge.io/tests/PySys/software_management_end_to_end/environment_sm_management.py&quot;, line 324, in wait_until_succcess
    self.wait_until_status(&quot;SUCCESSFUL&quot;)
  File &quot;/home/pi/actions-runner/_work/thin-edge.io/thin-edge.io/tests/PySys/software_management_end_to_end/environment_sm_management.py&quot;, line 381, in wait_until_status
    &quot;Timeout while waiting for status %s or %s&quot; % (status, status2)
SystemError: Timeout while waiting for status SUCCESSFUL or False
03:00:30 WARN  SystemError: Timeout while waiting for status SUCCESSFUL or False ... blocked 
03:00:30 INFO  
03:00:30 INFO  cleanup:
03:00:35 INFO  Executed sudo&lt;tedge_disconnect_c8y&gt;, exit status 0
03:00:35 INFO  Executed systemctl&lt;serv_mapper5&gt;, exit status 3
03:00:35 INFO  
03:00:35 INFO  Test duration: 178.19 secs
03:00:35 INFO  Test final outcome:  BLOCKED
03:00:35 INFO  Test outcome reason: SystemError: Timeout while waiting for status SUCCESSFUL or False (+1 other failures)
03:00:35 INFO  
</system-out>
	</testcase>
</testsuite>
