<?xml version="1.0" encoding="utf-8"?>
<testsuite failures="1" name="SoftwareManagement.sm_apt_install_remove_multiple" skipped="0" tests="1" time="138.47" timestamp="2022-07-22T01:27:38">
	<testcase classname="PySysTest" name="SoftwareManagement.sm_apt_install_remove_multiple">
		<failure message="FAILED: Assert that (False == value) with value=True (+2 other failures)" type="FAILED"/>
		<system-out>01:25:20 INFO  ==============================================================
01:25:20 INFO  Id:    SoftwareManagement.sm_apt_install_remove_multiple
01:25:20 INFO  Dir:   software_management_end_to_end/
01:25:20 INFO  Title: Validate end to end behaviour for the apt plugin for multiple packages
01:25:20 INFO  ==============================================================
01:25:20 INFO  Using sw id database: {'asciijump': '5475369', 'robotfindskitten': '5474869', 'squirrel3': '5475279', 'rolldice': '5152439', 'moon-buggy': '5439204', 'apple': '5495053', 'banana': '5494888', 'cherry': '5495382', 'watermelon': '5494510', 'registry': '8018911', 'hello-world': '8021526', 'docker/getting-started': '8021973', 'alpine': '7991792'}
01:25:20 INFO  EnvironmentC8y Setup
01:25:20 INFO  Executed systemctl&lt;serv_mapper1&gt;, exit status 3
01:25:20 INFO  Restarting mosquitto too frequently in the last 10 seconds. It was only up for 4 seconds
01:25:20 INFO  Delaying execution by 7 seconds
01:25:41 INFO  Executed sudo&lt;tedge_connect_c8y&gt;, exit status 0, duration 13 secs
01:25:42 INFO  Executed sudo&lt;tedge_connect_c8y_test&gt;, exit status 0
01:25:42 INFO  Executed systemctl&lt;serv_mosq2&gt;, exit status 0
01:25:43 INFO  Executed systemctl&lt;serv_mapper3&gt;, exit status 0
01:25:45 INFO  State of current operation: SUCCESSFUL
01:25:46 INFO  Assert that (False == value) with value=False ... passed
01:25:46 INFO  Package asciijump is installed
01:25:46 WARN  Assert that (False == value) with value=True ... failed 
01:25:46 INFO  Package squirrel3 is installed
01:25:46 WARN  Assert that (False == value) with value=True ... failed 
01:25:47 INFO  Package robotfindskitten is installed
01:25:47 WARN  Assert that (False == value) with value=True ... failed 
01:25:47 INFO  Response status: 201
01:25:47 INFO  Response to action: {
    &quot;delivery&quot;: {
        &quot;log&quot;: [],
        &quot;time&quot;: &quot;2022-07-22T01:25:47.316Z&quot;,
        &quot;status&quot;: &quot;PENDING&quot;
    },
    &quot;creationTime&quot;: &quot;2022-07-22T01:25:47.300Z&quot;,
    &quot;deviceId&quot;: &quot;21166555&quot;,
    &quot;deviceName&quot;: &quot;m32sd10d&quot;,
    &quot;self&quot;: &quot;https://t493319102.eu-latest.cumulocity.com/devicecontrol/operations/21213957&quot;,
    &quot;id&quot;: &quot;21213957&quot;,
    &quot;status&quot;: &quot;PENDING&quot;,
    &quot;description&quot;: &quot;Apply software changes, triggered from PySys: [{'action': 'install', 'id': '5475369', 'name': 'asciijump', 'url': ' ', 'version': '::apt'}, {'action': 'install', 'id': '5474869', 'name': 'robotfindskitten', 'url': ' ', 'version': '::apt'}, {'action': 'install', 'id': '5475279', 'name': 'squirrel3', 'url': ' ', 'version': '::apt'}]&quot;,
    &quot;c8y_SoftwareUpdate&quot;: [
        {
            &quot;name&quot;: &quot;asciijump&quot;,
            &quot;action&quot;: &quot;install&quot;,
            &quot;id&quot;: &quot;5475369&quot;,
            &quot;version&quot;: &quot;::apt&quot;,
            &quot;url&quot;: &quot; &quot;
        },
        {
            &quot;name&quot;: &quot;robotfindskitten&quot;,
            &quot;action&quot;: &quot;install&quot;,
            &quot;id&quot;: &quot;5474869&quot;,
            &quot;version&quot;: &quot;::apt&quot;,
            &quot;url&quot;: &quot; &quot;
        },
        {
            &quot;name&quot;: &quot;squirrel3&quot;,
            &quot;action&quot;: &quot;install&quot;,
            &quot;id&quot;: &quot;5475279&quot;,
            &quot;version&quot;: &quot;::apt&quot;,
            &quot;url&quot;: &quot; &quot;
        }
    ]
}
01:25:47 INFO  Started operation: {'delivery': {'log': [], 'time': '2022-07-22T01:25:47.316Z', 'status': 'PENDING'}, 'creationTime': '2022-07-22T01:25:47.300Z', 'deviceId': '21166555', 'deviceName': 'm32sd10d', 'self': 'https://t493319102.eu-latest.cumulocity.com/devicecontrol/operations/21213957', 'id': '21213957', 'status': 'PENDING', 'description': &quot;Apply software changes, triggered from PySys: [{'action': 'install', 'id': '5475369', 'name': 'asciijump', 'url': ' ', 'version': '::apt'}, {'action': 'install', 'id': '5474869', 'name': 'robotfindskitten', 'url': ' ', 'version': '::apt'}, {'action': 'install', 'id': '5475279', 'name': 'squirrel3', 'url': ' ', 'version': '::apt'}]&quot;, 'c8y_SoftwareUpdate': [{'name': 'asciijump', 'action': 'install', 'id': '5475369', 'version': '::apt', 'url': ' '}, {'name': 'robotfindskitten', 'action': 'install', 'id': '5474869', 'version': '::apt', 'url': ' '}, {'name': 'squirrel3', 'action': 'install', 'id': '5475279', 'version': '::apt', 'url': ' '}]}
01:25:49 INFO  State of operation 21213957 : PENDING
01:25:51 INFO  State of operation 21213957 : EXECUTING
01:25:54 INFO  State of operation 21213957 : EXECUTING
01:25:56 INFO  State of operation 21213957 : EXECUTING
01:25:58 INFO  State of operation 21213957 : EXECUTING
01:26:00 INFO  State of operation 21213957 : EXECUTING
01:26:03 INFO  State of operation 21213957 : EXECUTING
01:26:06 INFO  State of operation 21213957 : EXECUTING
01:26:08 INFO  State of operation 21213957 : EXECUTING
01:26:10 INFO  State of operation 21213957 : EXECUTING
01:26:13 INFO  State of operation 21213957 : EXECUTING
01:26:15 INFO  State of operation 21213957 : EXECUTING
01:26:17 INFO  State of operation 21213957 : EXECUTING
01:26:19 INFO  State of operation 21213957 : EXECUTING
01:26:22 INFO  State of operation 21213957 : EXECUTING
01:26:24 INFO  State of operation 21213957 : SUCCESSFUL
01:26:24 INFO  Assert that (False == value) with value=False ... passed
01:26:24 INFO  Package asciijump is installed
01:26:24 INFO  Assert that (True == value) with value=True ... passed
01:26:25 INFO  Package squirrel3 is installed
01:26:25 INFO  Assert that (True == value) with value=True ... passed
01:26:25 INFO  Package robotfindskitten is installed
01:26:25 INFO  Assert that (True == value) with value=True ... passed
01:26:25 INFO  Response status: 201
01:26:25 INFO  Response to action: {
    &quot;delivery&quot;: {
        &quot;log&quot;: [],
        &quot;time&quot;: &quot;2022-07-22T01:26:25.571Z&quot;,
        &quot;status&quot;: &quot;PENDING&quot;
    },
    &quot;creationTime&quot;: &quot;2022-07-22T01:26:25.556Z&quot;,
    &quot;deviceId&quot;: &quot;21166555&quot;,
    &quot;deviceName&quot;: &quot;m32sd10d&quot;,
    &quot;self&quot;: &quot;https://t493319102.eu-latest.cumulocity.com/devicecontrol/operations/21213965&quot;,
    &quot;id&quot;: &quot;21213965&quot;,
    &quot;status&quot;: &quot;PENDING&quot;,
    &quot;description&quot;: &quot;Apply software changes, triggered from PySys: [{'action': 'delete', 'id': '5475369', 'name': 'asciijump', 'url': ' ', 'version': '::apt'}, {'action': 'delete', 'id': '5474869', 'name': 'robotfindskitten', 'url': ' ', 'version': '::apt'}, {'action': 'delete', 'id': '5475279', 'name': 'squirrel3', 'url': ' ', 'version': '::apt'}]&quot;,
    &quot;c8y_SoftwareUpdate&quot;: [
        {
            &quot;name&quot;: &quot;asciijump&quot;,
            &quot;action&quot;: &quot;delete&quot;,
            &quot;id&quot;: &quot;5475369&quot;,
            &quot;version&quot;: &quot;::apt&quot;,
            &quot;url&quot;: &quot; &quot;
        },
        {
            &quot;name&quot;: &quot;robotfindskitten&quot;,
            &quot;action&quot;: &quot;delete&quot;,
            &quot;id&quot;: &quot;5474869&quot;,
            &quot;version&quot;: &quot;::apt&quot;,
            &quot;url&quot;: &quot; &quot;
        },
        {
            &quot;name&quot;: &quot;squirrel3&quot;,
            &quot;action&quot;: &quot;delete&quot;,
            &quot;id&quot;: &quot;5475279&quot;,
            &quot;version&quot;: &quot;::apt&quot;,
            &quot;url&quot;: &quot; &quot;
        }
    ]
}
01:26:25 INFO  Started operation: {'delivery': {'log': [], 'time': '2022-07-22T01:26:25.571Z', 'status': 'PENDING'}, 'creationTime': '2022-07-22T01:26:25.556Z', 'deviceId': '21166555', 'deviceName': 'm32sd10d', 'self': 'https://t493319102.eu-latest.cumulocity.com/devicecontrol/operations/21213965', 'id': '21213965', 'status': 'PENDING', 'description': &quot;Apply software changes, triggered from PySys: [{'action': 'delete', 'id': '5475369', 'name': 'asciijump', 'url': ' ', 'version': '::apt'}, {'action': 'delete', 'id': '5474869', 'name': 'robotfindskitten', 'url': ' ', 'version': '::apt'}, {'action': 'delete', 'id': '5475279', 'name': 'squirrel3', 'url': ' ', 'version': '::apt'}]&quot;, 'c8y_SoftwareUpdate': [{'name': 'asciijump', 'action': 'delete', 'id': '5475369', 'version': '::apt', 'url': ' '}, {'name': 'robotfindskitten', 'action': 'delete', 'id': '5474869', 'version': '::apt', 'url': ' '}, {'name': 'squirrel3', 'action': 'delete', 'id': '5475279', 'version': '::apt', 'url': ' '}]}
01:26:27 INFO  State of operation 21213965 : PENDING
01:26:30 INFO  State of operation 21213965 : EXECUTING
01:26:32 INFO  State of operation 21213965 : EXECUTING
01:26:34 INFO  State of operation 21213965 : EXECUTING
01:26:36 INFO  State of operation 21213965 : EXECUTING
01:26:38 INFO  State of operation 21213965 : EXECUTING
01:26:41 INFO  State of operation 21213965 : EXECUTING
01:26:44 INFO  State of operation 21213965 : EXECUTING
01:26:46 INFO  State of operation 21213965 : EXECUTING
01:26:49 INFO  State of operation 21213965 : EXECUTING
01:26:51 INFO  State of operation 21213965 : EXECUTING
01:26:53 INFO  State of operation 21213965 : EXECUTING
01:26:55 INFO  State of operation 21213965 : EXECUTING
01:26:58 INFO  State of operation 21213965 : EXECUTING
01:27:00 INFO  State of operation 21213965 : EXECUTING
01:27:02 INFO  State of operation 21213965 : EXECUTING
01:27:04 INFO  State of operation 21213965 : EXECUTING
01:27:07 INFO  State of operation 21213965 : EXECUTING
01:27:10 INFO  State of operation 21213965 : EXECUTING
01:27:12 INFO  State of operation 21213965 : EXECUTING
01:27:14 INFO  State of operation 21213965 : EXECUTING
01:27:16 INFO  State of operation 21213965 : EXECUTING
01:27:19 INFO  State of operation 21213965 : EXECUTING
01:27:21 INFO  State of operation 21213965 : EXECUTING
01:27:24 INFO  State of operation 21213965 : EXECUTING
01:27:26 INFO  State of operation 21213965 : EXECUTING
01:27:28 INFO  State of operation 21213965 : EXECUTING
01:27:31 INFO  State of operation 21213965 : EXECUTING
01:27:33 INFO  State of operation 21213965 : SUCCESSFUL
01:27:33 INFO  Assert that (False == value) with value=False ... passed
01:27:33 INFO  Assert that (False == value) with value=False ... passed
01:27:33 INFO  Assert that (False == value) with value=False ... passed
01:27:34 INFO  Assert that (False == value) with value=False ... passed
01:27:34 INFO  
01:27:34 INFO  cleanup:
01:27:38 INFO  Executed sudo&lt;tedge_disconnect_c8y&gt;, exit status 0
01:27:38 INFO  Executed systemctl&lt;serv_mapper5&gt;, exit status 3
01:27:38 INFO  
01:27:38 INFO  Test duration: 138.47 secs
01:27:38 INFO  Test final outcome:  FAILED
01:27:38 INFO  Test outcome reason: Assert that (False == value) with value=True (+2 other failures)
01:27:38 INFO  
</system-out>
	</testcase>
</testsuite>
