<?xml version="1.0" encoding="utf-8"?>
<testsuite failures="1" name="SoftwareManagement.sm_apt_install_remove_multiple" skipped="0" tests="1" time="143.86" timestamp="2022-07-21T23:56:31">
	<testcase classname="PySysTest" name="SoftwareManagement.sm_apt_install_remove_multiple">
		<failure message="FAILED: Assert that (False == value) with value=True (+2 other failures)" type="FAILED"/>
		<system-out>23:54:07 INFO  ==============================================================
23:54:07 INFO  Id:    SoftwareManagement.sm_apt_install_remove_multiple
23:54:07 INFO  Dir:   software_management_end_to_end/
23:54:07 INFO  Title: Validate end to end behaviour for the apt plugin for multiple packages
23:54:07 INFO  ==============================================================
23:54:07 INFO  Using sw id database: {'asciijump': '5475369', 'robotfindskitten': '5474869', 'squirrel3': '5475279', 'rolldice': '5152439', 'moon-buggy': '5439204', 'apple': '5495053', 'banana': '5494888', 'cherry': '5495382', 'watermelon': '5494510', 'registry': '8018911', 'hello-world': '8021526', 'docker/getting-started': '8021973', 'alpine': '7991792'}
23:54:07 INFO  EnvironmentC8y Setup
23:54:08 INFO  Executed systemctl&lt;serv_mapper1&gt;, exit status 3
23:54:08 INFO  Restarting mosquitto too frequently in the last 10 seconds. It was only up for 6 seconds
23:54:08 INFO  Delaying execution by 5 seconds
23:54:29 INFO  Executed sudo&lt;tedge_connect_c8y&gt;, exit status 0, duration 16 secs
23:54:30 INFO  Executed sudo&lt;tedge_connect_c8y_test&gt;, exit status 0
23:54:30 INFO  Executed systemctl&lt;serv_mosq2&gt;, exit status 0
23:54:31 INFO  Executed systemctl&lt;serv_mapper3&gt;, exit status 0
23:54:33 INFO  State of current operation: SUCCESSFUL
23:54:33 INFO  Assert that (False == value) with value=False ... passed
23:54:33 INFO  Package asciijump is installed
23:54:34 WARN  Assert that (False == value) with value=True ... failed 
23:54:34 INFO  Package squirrel3 is installed
23:54:34 WARN  Assert that (False == value) with value=True ... failed 
23:54:34 INFO  Package robotfindskitten is installed
23:54:34 WARN  Assert that (False == value) with value=True ... failed 
23:54:34 INFO  Response status: 201
23:54:34 INFO  Response to action: {
    &quot;creationTime&quot;: &quot;2022-07-21T23:54:34.929Z&quot;,
    &quot;deviceId&quot;: &quot;21166555&quot;,
    &quot;deviceName&quot;: &quot;m32sd10d&quot;,
    &quot;self&quot;: &quot;https://t493319102.eu-latest.cumulocity.com/devicecontrol/operations/21210747&quot;,
    &quot;id&quot;: &quot;21210747&quot;,
    &quot;status&quot;: &quot;PENDING&quot;,
    &quot;description&quot;: &quot;Apply software changes, triggered from PySys: [{'action': 'install', 'id': '5475369', 'name': 'asciijump', 'url': ' ', 'version': '::apt'}, {'action': 'install', 'id': '5474869', 'name': 'robotfindskitten', 'url': ' ', 'version': '::apt'}, {'action': 'install', 'id': '5475279', 'name': 'squirrel3', 'url': ' ', 'version': '::apt'}]&quot;,
    &quot;c8y_SoftwareUpdate&quot;: [
        {
            &quot;name&quot;: &quot;asciijump&quot;,
            &quot;action&quot;: &quot;install&quot;,
            &quot;id&quot;: &quot;5475369&quot;,
            &quot;version&quot;: &quot;::apt&quot;,
            &quot;url&quot;: &quot; &quot;
        },
        {
            &quot;name&quot;: &quot;robotfindskitten&quot;,
            &quot;action&quot;: &quot;install&quot;,
            &quot;id&quot;: &quot;5474869&quot;,
            &quot;version&quot;: &quot;::apt&quot;,
            &quot;url&quot;: &quot; &quot;
        },
        {
            &quot;name&quot;: &quot;squirrel3&quot;,
            &quot;action&quot;: &quot;install&quot;,
            &quot;id&quot;: &quot;5475279&quot;,
            &quot;version&quot;: &quot;::apt&quot;,
            &quot;url&quot;: &quot; &quot;
        }
    ]
}
23:54:34 INFO  Started operation: {'creationTime': '2022-07-21T23:54:34.929Z', 'deviceId': '21166555', 'deviceName': 'm32sd10d', 'self': 'https://t493319102.eu-latest.cumulocity.com/devicecontrol/operations/21210747', 'id': '21210747', 'status': 'PENDING', 'description': &quot;Apply software changes, triggered from PySys: [{'action': 'install', 'id': '5475369', 'name': 'asciijump', 'url': ' ', 'version': '::apt'}, {'action': 'install', 'id': '5474869', 'name': 'robotfindskitten', 'url': ' ', 'version': '::apt'}, {'action': 'install', 'id': '5475279', 'name': 'squirrel3', 'url': ' ', 'version': '::apt'}]&quot;, 'c8y_SoftwareUpdate': [{'name': 'asciijump', 'action': 'install', 'id': '5475369', 'version': '::apt', 'url': ' '}, {'name': 'robotfindskitten', 'action': 'install', 'id': '5474869', 'version': '::apt', 'url': ' '}, {'name': 'squirrel3', 'action': 'install', 'id': '5475279', 'version': '::apt', 'url': ' '}]}
23:54:37 INFO  State of operation 21210747 : PENDING
23:54:39 INFO  State of operation 21210747 : EXECUTING
23:54:41 INFO  State of operation 21210747 : EXECUTING
23:54:43 INFO  State of operation 21210747 : EXECUTING
23:54:46 INFO  State of operation 21210747 : EXECUTING
23:54:48 INFO  State of operation 21210747 : EXECUTING
23:54:51 INFO  State of operation 21210747 : EXECUTING
23:54:54 INFO  State of operation 21210747 : EXECUTING
23:54:56 INFO  State of operation 21210747 : EXECUTING
23:54:58 INFO  State of operation 21210747 : EXECUTING
23:55:01 INFO  State of operation 21210747 : EXECUTING
23:55:03 INFO  State of operation 21210747 : EXECUTING
23:55:05 INFO  State of operation 21210747 : EXECUTING
23:55:07 INFO  State of operation 21210747 : EXECUTING
23:55:09 INFO  State of operation 21210747 : EXECUTING
23:55:12 INFO  State of operation 21210747 : SUCCESSFUL
23:55:12 INFO  Assert that (False == value) with value=False ... passed
23:55:12 INFO  Package asciijump is installed
23:55:12 INFO  Assert that (True == value) with value=True ... passed
23:55:13 INFO  Package squirrel3 is installed
23:55:13 INFO  Assert that (True == value) with value=True ... passed
23:55:13 INFO  Package robotfindskitten is installed
23:55:13 INFO  Assert that (True == value) with value=True ... passed
23:55:13 INFO  Response status: 201
23:55:13 INFO  Response to action: {
    &quot;creationTime&quot;: &quot;2022-07-21T23:55:13.447Z&quot;,
    &quot;deviceId&quot;: &quot;21166555&quot;,
    &quot;deviceName&quot;: &quot;m32sd10d&quot;,
    &quot;self&quot;: &quot;https://t493319102.eu-latest.cumulocity.com/devicecontrol/operations/21210751&quot;,
    &quot;id&quot;: &quot;21210751&quot;,
    &quot;status&quot;: &quot;PENDING&quot;,
    &quot;description&quot;: &quot;Apply software changes, triggered from PySys: [{'action': 'delete', 'id': '5475369', 'name': 'asciijump', 'url': ' ', 'version': '::apt'}, {'action': 'delete', 'id': '5474869', 'name': 'robotfindskitten', 'url': ' ', 'version': '::apt'}, {'action': 'delete', 'id': '5475279', 'name': 'squirrel3', 'url': ' ', 'version': '::apt'}]&quot;,
    &quot;c8y_SoftwareUpdate&quot;: [
        {
            &quot;name&quot;: &quot;asciijump&quot;,
            &quot;action&quot;: &quot;delete&quot;,
            &quot;id&quot;: &quot;5475369&quot;,
            &quot;version&quot;: &quot;::apt&quot;,
            &quot;url&quot;: &quot; &quot;
        },
        {
            &quot;name&quot;: &quot;robotfindskitten&quot;,
            &quot;action&quot;: &quot;delete&quot;,
            &quot;id&quot;: &quot;5474869&quot;,
            &quot;version&quot;: &quot;::apt&quot;,
            &quot;url&quot;: &quot; &quot;
        },
        {
            &quot;name&quot;: &quot;squirrel3&quot;,
            &quot;action&quot;: &quot;delete&quot;,
            &quot;id&quot;: &quot;5475279&quot;,
            &quot;version&quot;: &quot;::apt&quot;,
            &quot;url&quot;: &quot; &quot;
        }
    ]
}
23:55:13 INFO  Started operation: {'creationTime': '2022-07-21T23:55:13.447Z', 'deviceId': '21166555', 'deviceName': 'm32sd10d', 'self': 'https://t493319102.eu-latest.cumulocity.com/devicecontrol/operations/21210751', 'id': '21210751', 'status': 'PENDING', 'description': &quot;Apply software changes, triggered from PySys: [{'action': 'delete', 'id': '5475369', 'name': 'asciijump', 'url': ' ', 'version': '::apt'}, {'action': 'delete', 'id': '5474869', 'name': 'robotfindskitten', 'url': ' ', 'version': '::apt'}, {'action': 'delete', 'id': '5475279', 'name': 'squirrel3', 'url': ' ', 'version': '::apt'}]&quot;, 'c8y_SoftwareUpdate': [{'name': 'asciijump', 'action': 'delete', 'id': '5475369', 'version': '::apt', 'url': ' '}, {'name': 'robotfindskitten', 'action': 'delete', 'id': '5474869', 'version': '::apt', 'url': ' '}, {'name': 'squirrel3', 'action': 'delete', 'id': '5475279', 'version': '::apt', 'url': ' '}]}
23:55:15 INFO  State of operation 21210751 : PENDING
23:55:17 INFO  State of operation 21210751 : EXECUTING
23:55:20 INFO  State of operation 21210751 : EXECUTING
23:55:22 INFO  State of operation 21210751 : EXECUTING
23:55:24 INFO  State of operation 21210751 : EXECUTING
23:55:26 INFO  State of operation 21210751 : EXECUTING
23:55:29 INFO  State of operation 21210751 : EXECUTING
23:55:32 INFO  State of operation 21210751 : EXECUTING
23:55:34 INFO  State of operation 21210751 : EXECUTING
23:55:36 INFO  State of operation 21210751 : EXECUTING
23:55:39 INFO  State of operation 21210751 : EXECUTING
23:55:41 INFO  State of operation 21210751 : EXECUTING
23:55:43 INFO  State of operation 21210751 : EXECUTING
23:55:45 INFO  State of operation 21210751 : EXECUTING
23:55:48 INFO  State of operation 21210751 : EXECUTING
23:55:50 INFO  State of operation 21210751 : EXECUTING
23:55:52 INFO  State of operation 21210751 : EXECUTING
23:55:55 INFO  State of operation 21210751 : EXECUTING
23:55:57 INFO  State of operation 21210751 : EXECUTING
23:56:00 INFO  State of operation 21210751 : EXECUTING
23:56:02 INFO  State of operation 21210751 : EXECUTING
23:56:04 INFO  State of operation 21210751 : EXECUTING
23:56:06 INFO  State of operation 21210751 : EXECUTING
23:56:09 INFO  State of operation 21210751 : EXECUTING
23:56:11 INFO  State of operation 21210751 : EXECUTING
23:56:13 INFO  State of operation 21210751 : EXECUTING
23:56:16 INFO  State of operation 21210751 : EXECUTING
23:56:18 INFO  State of operation 21210751 : EXECUTING
23:56:21 INFO  State of operation 21210751 : EXECUTING
23:56:23 INFO  State of operation 21210751 : EXECUTING
23:56:25 INFO  State of operation 21210751 : SUCCESSFUL
23:56:25 INFO  Assert that (False == value) with value=False ... passed
23:56:25 INFO  Assert that (False == value) with value=False ... passed
23:56:26 INFO  Assert that (False == value) with value=False ... passed
23:56:26 INFO  Assert that (False == value) with value=False ... passed
23:56:26 INFO  
23:56:26 INFO  cleanup:
23:56:30 INFO  Executed sudo&lt;tedge_disconnect_c8y&gt;, exit status 0
23:56:31 INFO  Executed systemctl&lt;serv_mapper5&gt;, exit status 3
23:56:31 INFO  
23:56:31 INFO  Test duration: 143.86 secs
23:56:31 INFO  Test final outcome:  FAILED
23:56:31 INFO  Test outcome reason: Assert that (False == value) with value=True (+2 other failures)
23:56:31 INFO  
</system-out>
	</testcase>
</testsuite>
