<?xml version="1.0" encoding="utf-8"?>
<testsuite failures="1" name="SoftwareManagement.sm_fake_install_remove_multiple" skipped="0" tests="1" time="166.39" timestamp="2022-05-24T12:14:35">
	<testcase classname="PySysTest" name="SoftwareManagement.sm_fake_install_remove_multiple">
		<failure message="BLOCKED: SystemError: Timeout while waiting for status FAILED or SUCCESSFUL" type="BLOCKED"/>
		<system-out>12:11:48 INFO  ==============================================================
12:11:48 INFO  Id:    SoftwareManagement.sm_fake_install_remove_multiple
12:11:48 INFO  Dir:   software_management_end_to_end/
12:11:48 INFO  Title: Validate end to end behaviour for the dummy-plugin for multiple packages
12:11:48 INFO  ==============================================================
12:11:48 INFO  Using sw id database: {'asciijump': '5475369', 'robotfindskitten': '5474869', 'squirrel3': '5475279', 'rolldice': '5152439', 'moon-buggy': '5439204', 'apple': '5495053', 'banana': '5494888', 'cherry': '5495382', 'watermelon': '5494510', 'registry': '8018911', 'hello-world': '8021526', 'docker/getting-started': '8021973', 'alpine': '7991792'}
12:11:48 INFO  EnvironmentC8y Setup
12:11:49 INFO  Executed systemctl&lt;serv_mapper1&gt;, exit status 3
12:11:49 INFO  Restarting mosquitto too frequently in the last 10 seconds. It was only up for 5 seconds
12:11:49 INFO  Delaying execution by 6 seconds
12:12:09 INFO  Executed sudo&lt;tedge_connect_c8y&gt;, exit status 0, duration 13 secs
12:12:09 INFO  Executed sudo&lt;tedge_connect_c8y_test&gt;, exit status 0
12:12:10 INFO  Executed systemctl&lt;serv_mosq2&gt;, exit status 0
12:12:10 INFO  Executed systemctl&lt;serv_mapper3&gt;, exit status 0
12:12:13 INFO  State of current operation: PENDING
12:12:15 INFO  State of current operation: PENDING
12:12:17 INFO  State of current operation: PENDING
12:12:20 INFO  State of current operation: PENDING
12:12:22 INFO  State of current operation: PENDING
12:12:24 INFO  State of current operation: PENDING
12:12:26 INFO  State of current operation: PENDING
12:12:29 INFO  State of current operation: PENDING
12:12:31 INFO  State of current operation: PENDING
12:12:33 INFO  State of current operation: PENDING
12:12:35 INFO  State of current operation: PENDING
12:12:38 INFO  State of current operation: PENDING
12:12:40 INFO  State of current operation: PENDING
12:12:42 INFO  State of current operation: PENDING
12:12:44 INFO  State of current operation: PENDING
12:12:47 INFO  State of current operation: PENDING
12:12:49 INFO  State of current operation: PENDING
12:12:51 INFO  State of current operation: PENDING
12:12:53 INFO  State of current operation: PENDING
12:12:56 INFO  State of current operation: PENDING
12:12:58 INFO  State of current operation: PENDING
12:13:00 INFO  State of current operation: PENDING
12:13:02 INFO  State of current operation: PENDING
12:13:04 INFO  State of current operation: PENDING
12:13:07 INFO  State of current operation: PENDING
12:13:09 INFO  State of current operation: PENDING
12:13:11 INFO  State of current operation: PENDING
12:13:13 INFO  State of current operation: PENDING
12:13:16 INFO  State of current operation: PENDING
12:13:18 INFO  State of current operation: PENDING
12:13:20 INFO  State of current operation: PENDING
12:13:22 INFO  State of current operation: PENDING
12:13:25 INFO  State of current operation: PENDING
12:13:27 INFO  State of current operation: PENDING
12:13:29 INFO  State of current operation: PENDING
12:13:31 INFO  State of current operation: PENDING
12:13:34 INFO  State of current operation: PENDING
12:13:36 INFO  State of current operation: PENDING
12:13:38 INFO  State of current operation: PENDING
12:13:40 INFO  State of current operation: PENDING
12:13:43 INFO  State of current operation: PENDING
12:13:45 INFO  State of current operation: PENDING
12:13:47 INFO  State of current operation: PENDING
12:13:50 INFO  State of current operation: PENDING
12:13:52 INFO  State of current operation: PENDING
12:13:54 INFO  State of current operation: PENDING
12:13:56 INFO  State of current operation: PENDING
12:13:59 INFO  State of current operation: PENDING
12:14:01 INFO  State of current operation: PENDING
12:14:03 INFO  State of current operation: PENDING
12:14:05 INFO  State of current operation: PENDING
12:14:08 INFO  State of current operation: PENDING
12:14:10 INFO  State of current operation: PENDING
12:14:12 INFO  State of current operation: PENDING
12:14:14 INFO  State of current operation: PENDING
12:14:16 INFO  State of current operation: PENDING
12:14:19 INFO  State of current operation: PENDING
12:14:21 INFO  State of current operation: PENDING
12:14:23 INFO  State of current operation: PENDING
12:14:26 INFO  State of current operation: PENDING
12:14:28 INFO  State of current operation: PENDING
12:14:30 WARN  SystemError occurred while running test - Timeout while waiting for status FAILED or SUCCESSFUL
Traceback (most recent call last):
  File &quot;/home/pi/env-pysys/lib/python3.7/site-packages/pysys/baserunner.py&quot;, line 1292, in __call__
    self.testObj.setup()
  File &quot;/home/pi/actions-runner/_work/thin-edge.io/thin-edge.io/tests/PySys/software_management_end_to_end/sm_fake_install_remove_multiple/run.py&quot;, line 68, in setup
    super().setup()
  File &quot;/home/pi/actions-runner/_work/thin-edge.io/thin-edge.io/tests/PySys/software_management_end_to_end/environment_sm_management.py&quot;, line 151, in setup
    self.wait_until_end()
  File &quot;/home/pi/actions-runner/_work/thin-edge.io/thin-edge.io/tests/PySys/software_management_end_to_end/environment_sm_management.py&quot;, line 332, in wait_until_end
    self.wait_until_status(&quot;FAILED&quot;, &quot;SUCCESSFUL&quot;)
  File &quot;/home/pi/actions-runner/_work/thin-edge.io/thin-edge.io/tests/PySys/software_management_end_to_end/environment_sm_management.py&quot;, line 381, in wait_until_status
    &quot;Timeout while waiting for status %s or %s&quot; % (status, status2)
SystemError: Timeout while waiting for status FAILED or SUCCESSFUL
12:14:30 WARN  SystemError: Timeout while waiting for status FAILED or SUCCESSFUL ... blocked 
12:14:30 INFO  
12:14:30 INFO  cleanup:
12:14:34 INFO  Executed sudo&lt;tedge_disconnect_c8y&gt;, exit status 0
12:14:35 INFO  Executed systemctl&lt;serv_mapper5&gt;, exit status 3
12:14:35 INFO  
12:14:35 INFO  Test duration: 166.39 secs
12:14:35 INFO  Test final outcome:  BLOCKED
12:14:35 INFO  Test outcome reason: SystemError: Timeout while waiting for status FAILED or SUCCESSFUL
12:14:35 INFO  
</system-out>
	</testcase>
</testsuite>
