<?xml version="1.0" encoding="utf-8"?>
<testsuite failures="1" name="SoftwareManagement.sm_apt_install_remove_multiple_mixed" skipped="0" tests="1" time="165.94" timestamp="2022-06-02T09:54:02">
	<testcase classname="PySysTest" name="SoftwareManagement.sm_apt_install_remove_multiple_mixed">
		<failure message="BLOCKED: SystemError: Timeout while waiting for status FAILED or SUCCESSFUL" type="BLOCKED"/>
		<system-out>09:51:16 INFO  ==============================================================
09:51:16 INFO  Id:    SoftwareManagement.sm_apt_install_remove_multiple_mixed
09:51:16 INFO  Dir:   software_management_end_to_end/
09:51:16 INFO  Title: Validate end to end behaviour for the apt plugin for multiple packages with mixed versions
09:51:16 INFO  ==============================================================
09:51:16 INFO  Using sw id database: {'asciijump': '5475369', 'robotfindskitten': '5474869', 'squirrel3': '5475279', 'rolldice': '5152439', 'moon-buggy': '5439204', 'apple': '5495053', 'banana': '5494888', 'cherry': '5495382', 'watermelon': '5494510', 'registry': '8018911', 'hello-world': '8021526', 'docker/getting-started': '8021973', 'alpine': '7991792'}
09:51:16 INFO  EnvironmentC8y Setup
09:51:16 INFO  Executed systemctl&lt;serv_mapper1&gt;, exit status 3
09:51:16 INFO  Restarting mosquitto too frequently in the last 10 seconds. It was only up for 4 seconds
09:51:16 INFO  Delaying execution by 7 seconds
09:51:37 INFO  Executed sudo&lt;tedge_connect_c8y&gt;, exit status 0, duration 13 secs
09:51:38 INFO  Executed sudo&lt;tedge_connect_c8y_test&gt;, exit status 0
09:51:38 INFO  Executed systemctl&lt;serv_mosq2&gt;, exit status 0
09:51:38 INFO  Executed systemctl&lt;serv_mapper3&gt;, exit status 0
09:51:41 INFO  State of current operation: PENDING
09:51:43 INFO  State of current operation: PENDING
09:51:45 INFO  State of current operation: PENDING
09:51:47 INFO  State of current operation: PENDING
09:51:50 INFO  State of current operation: PENDING
09:51:52 INFO  State of current operation: PENDING
09:51:54 INFO  State of current operation: PENDING
09:51:56 INFO  State of current operation: PENDING
09:51:59 INFO  State of current operation: PENDING
09:52:01 INFO  State of current operation: PENDING
09:52:03 INFO  State of current operation: PENDING
09:52:05 INFO  State of current operation: PENDING
09:52:08 INFO  State of current operation: PENDING
09:52:10 INFO  State of current operation: PENDING
09:52:12 INFO  State of current operation: PENDING
09:52:14 INFO  State of current operation: PENDING
09:52:16 INFO  State of current operation: PENDING
09:52:19 INFO  State of current operation: PENDING
09:52:21 INFO  State of current operation: PENDING
09:52:23 INFO  State of current operation: PENDING
09:52:26 INFO  State of current operation: PENDING
09:52:28 INFO  State of current operation: PENDING
09:52:30 INFO  State of current operation: PENDING
09:52:32 INFO  State of current operation: PENDING
09:52:34 INFO  State of current operation: PENDING
09:52:37 INFO  State of current operation: PENDING
09:52:39 INFO  State of current operation: PENDING
09:52:41 INFO  State of current operation: PENDING
09:52:43 INFO  State of current operation: PENDING
09:52:46 INFO  State of current operation: PENDING
09:52:48 INFO  State of current operation: PENDING
09:52:50 INFO  State of current operation: PENDING
09:52:52 INFO  State of current operation: PENDING
09:52:55 INFO  State of current operation: PENDING
09:52:57 INFO  State of current operation: PENDING
09:52:59 INFO  State of current operation: PENDING
09:53:01 INFO  State of current operation: PENDING
09:53:04 INFO  State of current operation: PENDING
09:53:06 INFO  State of current operation: PENDING
09:53:08 INFO  State of current operation: PENDING
09:53:10 INFO  State of current operation: PENDING
09:53:12 INFO  State of current operation: PENDING
09:53:15 INFO  State of current operation: PENDING
09:53:17 INFO  State of current operation: PENDING
09:53:19 INFO  State of current operation: PENDING
09:53:21 INFO  State of current operation: PENDING
09:53:24 INFO  State of current operation: PENDING
09:53:26 INFO  State of current operation: PENDING
09:53:28 INFO  State of current operation: PENDING
09:53:30 INFO  State of current operation: PENDING
09:53:33 INFO  State of current operation: PENDING
09:53:35 INFO  State of current operation: PENDING
09:53:37 INFO  State of current operation: PENDING
09:53:39 INFO  State of current operation: PENDING
09:53:41 INFO  State of current operation: PENDING
09:53:44 INFO  State of current operation: PENDING
09:53:46 INFO  State of current operation: PENDING
09:53:48 INFO  State of current operation: PENDING
09:53:50 INFO  State of current operation: PENDING
09:53:53 INFO  State of current operation: PENDING
09:53:55 INFO  State of current operation: PENDING
09:53:57 WARN  SystemError occurred while running test - Timeout while waiting for status FAILED or SUCCESSFUL
Traceback (most recent call last):
  File &quot;/home/pi/env-pysys/lib/python3.7/site-packages/pysys/baserunner.py&quot;, line 1292, in __call__
    self.testObj.setup()
  File &quot;/home/pi/actions-runner/_work/thin-edge.io/thin-edge.io/tests/PySys/software_management_end_to_end/sm_apt_install_remove_multiple_mixed/run.py&quot;, line 73, in setup
    super().setup()
  File &quot;/home/pi/actions-runner/_work/thin-edge.io/thin-edge.io/tests/PySys/software_management_end_to_end/environment_sm_management.py&quot;, line 151, in setup
    self.wait_until_end()
  File &quot;/home/pi/actions-runner/_work/thin-edge.io/thin-edge.io/tests/PySys/software_management_end_to_end/environment_sm_management.py&quot;, line 332, in wait_until_end
    self.wait_until_status(&quot;FAILED&quot;, &quot;SUCCESSFUL&quot;)
  File &quot;/home/pi/actions-runner/_work/thin-edge.io/thin-edge.io/tests/PySys/software_management_end_to_end/environment_sm_management.py&quot;, line 381, in wait_until_status
    &quot;Timeout while waiting for status %s or %s&quot; % (status, status2)
SystemError: Timeout while waiting for status FAILED or SUCCESSFUL
09:53:57 WARN  SystemError: Timeout while waiting for status FAILED or SUCCESSFUL ... blocked 
09:53:57 INFO  
09:53:57 INFO  cleanup:
09:54:01 INFO  Executed sudo&lt;tedge_disconnect_c8y&gt;, exit status 0
09:54:01 INFO  Executed systemctl&lt;serv_mapper5&gt;, exit status 3
09:54:01 INFO  
09:54:01 INFO  Test duration: 165.94 secs
09:54:01 INFO  Test final outcome:  BLOCKED
09:54:01 INFO  Test outcome reason: SystemError: Timeout while waiting for status FAILED or SUCCESSFUL
09:54:01 INFO  
</system-out>
	</testcase>
</testsuite>
