<?xml version="1.0" encoding="utf-8"?>
<testsuite failures="0" name="SoftwareManagement.sm_apt_install_remove_default" skipped="0" tests="1" time="158.92" timestamp="2022-05-20T14:23:45">
	<testcase classname="PySysTest" name="SoftwareManagement.sm_apt_install_remove_default"/>
</testsuite>
