<?xml version="1.0" encoding="utf-8"?>
<testsuite failures="1" name="SoftwareManagement.sm_apt_install_remove_multiple" skipped="0" tests="1" time="166.26" timestamp="2022-05-24T16:54:48">
	<testcase classname="PySysTest" name="SoftwareManagement.sm_apt_install_remove_multiple">
		<failure message="BLOCKED: SystemError: Timeout while waiting for status FAILED or SUCCESSFUL" type="BLOCKED"/>
		<system-out>16:52:02 INFO  ==============================================================
16:52:02 INFO  Id:    SoftwareManagement.sm_apt_install_remove_multiple
16:52:02 INFO  Dir:   software_management_end_to_end/
16:52:02 INFO  Title: Validate end to end behaviour for the apt plugin for multiple packages
16:52:02 INFO  ==============================================================
16:52:02 INFO  Using sw id database: {'asciijump': '5475369', 'robotfindskitten': '5474869', 'squirrel3': '5475279', 'rolldice': '5152439', 'moon-buggy': '5439204', 'apple': '5495053', 'banana': '5494888', 'cherry': '5495382', 'watermelon': '5494510', 'registry': '8018911', 'hello-world': '8021526', 'docker/getting-started': '8021973', 'alpine': '7991792'}
16:52:02 INFO  EnvironmentC8y Setup
16:52:03 INFO  Executed systemctl&lt;serv_mapper1&gt;, exit status 3
16:52:03 INFO  Restarting mosquitto too frequently in the last 10 seconds. It was only up for 5 seconds
16:52:03 INFO  Delaying execution by 6 seconds
16:52:23 INFO  Executed sudo&lt;tedge_connect_c8y&gt;, exit status 0, duration 13 secs
16:52:23 INFO  Executed sudo&lt;tedge_connect_c8y_test&gt;, exit status 0
16:52:24 INFO  Executed systemctl&lt;serv_mosq2&gt;, exit status 0
16:52:24 INFO  Executed systemctl&lt;serv_mapper3&gt;, exit status 0
16:52:26 INFO  State of current operation: PENDING
16:52:29 INFO  State of current operation: PENDING
16:52:31 INFO  State of current operation: PENDING
16:52:33 INFO  State of current operation: PENDING
16:52:35 INFO  State of current operation: PENDING
16:52:38 INFO  State of current operation: PENDING
16:52:40 INFO  State of current operation: PENDING
16:52:42 INFO  State of current operation: PENDING
16:52:44 INFO  State of current operation: PENDING
16:52:47 INFO  State of current operation: PENDING
16:52:49 INFO  State of current operation: PENDING
16:52:51 INFO  State of current operation: PENDING
16:52:53 INFO  State of current operation: PENDING
16:52:56 INFO  State of current operation: PENDING
16:52:58 INFO  State of current operation: PENDING
16:53:00 INFO  State of current operation: PENDING
16:53:02 INFO  State of current operation: PENDING
16:53:05 INFO  State of current operation: PENDING
16:53:07 INFO  State of current operation: PENDING
16:53:09 INFO  State of current operation: PENDING
16:53:11 INFO  State of current operation: PENDING
16:53:13 INFO  State of current operation: PENDING
16:53:16 INFO  State of current operation: PENDING
16:53:18 INFO  State of current operation: PENDING
16:53:21 INFO  State of current operation: PENDING
16:53:23 INFO  State of current operation: PENDING
16:53:25 INFO  State of current operation: PENDING
16:53:28 INFO  State of current operation: PENDING
16:53:30 INFO  State of current operation: PENDING
16:53:32 INFO  State of current operation: PENDING
16:53:34 INFO  State of current operation: PENDING
16:53:37 INFO  State of current operation: PENDING
16:53:39 INFO  State of current operation: PENDING
16:53:41 INFO  State of current operation: PENDING
16:53:43 INFO  State of current operation: PENDING
16:53:46 INFO  State of current operation: PENDING
16:53:48 INFO  State of current operation: PENDING
16:53:50 INFO  State of current operation: PENDING
16:53:52 INFO  State of current operation: PENDING
16:53:55 INFO  State of current operation: PENDING
16:53:57 INFO  State of current operation: PENDING
16:53:59 INFO  State of current operation: PENDING
16:54:01 INFO  State of current operation: PENDING
16:54:04 INFO  State of current operation: PENDING
16:54:06 INFO  State of current operation: PENDING
16:54:08 INFO  State of current operation: PENDING
16:54:10 INFO  State of current operation: PENDING
16:54:13 INFO  State of current operation: PENDING
16:54:15 INFO  State of current operation: PENDING
16:54:17 INFO  State of current operation: PENDING
16:54:19 INFO  State of current operation: PENDING
16:54:22 INFO  State of current operation: PENDING
16:54:24 INFO  State of current operation: PENDING
16:54:26 INFO  State of current operation: PENDING
16:54:28 INFO  State of current operation: PENDING
16:54:31 INFO  State of current operation: PENDING
16:54:33 INFO  State of current operation: PENDING
16:54:35 INFO  State of current operation: PENDING
16:54:37 INFO  State of current operation: PENDING
16:54:39 INFO  State of current operation: PENDING
16:54:42 INFO  State of current operation: PENDING
16:54:44 WARN  SystemError occurred while running test - Timeout while waiting for status FAILED or SUCCESSFUL
Traceback (most recent call last):
  File &quot;/home/pi/env-pysys/lib/python3.7/site-packages/pysys/baserunner.py&quot;, line 1292, in __call__
    self.testObj.setup()
  File &quot;/home/pi/actions-runner/_work/thin-edge.io/thin-edge.io/tests/PySys/software_management_end_to_end/sm_apt_install_remove_multiple/run.py&quot;, line 52, in setup
    super().setup()
  File &quot;/home/pi/actions-runner/_work/thin-edge.io/thin-edge.io/tests/PySys/software_management_end_to_end/environment_sm_management.py&quot;, line 151, in setup
    self.wait_until_end()
  File &quot;/home/pi/actions-runner/_work/thin-edge.io/thin-edge.io/tests/PySys/software_management_end_to_end/environment_sm_management.py&quot;, line 332, in wait_until_end
    self.wait_until_status(&quot;FAILED&quot;, &quot;SUCCESSFUL&quot;)
  File &quot;/home/pi/actions-runner/_work/thin-edge.io/thin-edge.io/tests/PySys/software_management_end_to_end/environment_sm_management.py&quot;, line 381, in wait_until_status
    &quot;Timeout while waiting for status %s or %s&quot; % (status, status2)
SystemError: Timeout while waiting for status FAILED or SUCCESSFUL
16:54:44 WARN  SystemError: Timeout while waiting for status FAILED or SUCCESSFUL ... blocked 
16:54:44 INFO  
16:54:44 INFO  cleanup:
16:54:48 INFO  Executed sudo&lt;tedge_disconnect_c8y&gt;, exit status 0
16:54:48 INFO  Executed systemctl&lt;serv_mapper5&gt;, exit status 3
16:54:48 INFO  
16:54:48 INFO  Test duration: 166.26 secs
16:54:48 INFO  Test final outcome:  BLOCKED
16:54:48 INFO  Test outcome reason: SystemError: Timeout while waiting for status FAILED or SUCCESSFUL
16:54:48 INFO  
</system-out>
	</testcase>
</testsuite>
