<?xml version="1.0" encoding="utf-8"?>
<testsuite failures="1" name="SoftwareManagement.sm_apt_install_remove_multiple" skipped="0" tests="1" time="140.25" timestamp="2022-07-26T08:27:43">
	<testcase classname="PySysTest" name="SoftwareManagement.sm_apt_install_remove_multiple">
		<failure message="FAILED: Assert that (False == value) with value=True (+2 other failures)" type="FAILED"/>
		<system-out>08:25:23 INFO  ==============================================================
08:25:23 INFO  Id:    SoftwareManagement.sm_apt_install_remove_multiple
08:25:23 INFO  Dir:   software_management_end_to_end/
08:25:23 INFO  Title: Validate end to end behaviour for the apt plugin for multiple packages
08:25:23 INFO  ==============================================================
08:25:23 INFO  Using sw id database: {'asciijump': '5475369', 'robotfindskitten': '5474869', 'squirrel3': '5475279', 'rolldice': '5152439', 'moon-buggy': '5439204', 'apple': '5495053', 'banana': '5494888', 'cherry': '5495382', 'watermelon': '5494510', 'registry': '8018911', 'hello-world': '8021526', 'docker/getting-started': '8021973', 'alpine': '7991792'}
08:25:23 INFO  EnvironmentC8y Setup
08:25:23 INFO  Executed systemctl&lt;serv_mapper1&gt;, exit status 3
08:25:23 INFO  Restarting mosquitto too frequently in the last 10 seconds. It was only up for 4 seconds
08:25:23 INFO  Delaying execution by 7 seconds
08:25:45 INFO  Executed sudo&lt;tedge_connect_c8y&gt;, exit status 0, duration 14 secs
08:25:45 INFO  Executed sudo&lt;tedge_connect_c8y_test&gt;, exit status 0
08:25:46 INFO  Executed systemctl&lt;serv_mosq2&gt;, exit status 0
08:25:46 INFO  Executed systemctl&lt;serv_mapper3&gt;, exit status 0
08:25:49 INFO  State of current operation: SUCCESSFUL
08:25:49 INFO  Assert that (False == value) with value=False ... passed
08:25:49 INFO  Package asciijump is installed
08:25:49 WARN  Assert that (False == value) with value=True ... failed 
08:25:50 INFO  Package squirrel3 is installed
08:25:50 WARN  Assert that (False == value) with value=True ... failed 
08:25:50 INFO  Package robotfindskitten is installed
08:25:50 WARN  Assert that (False == value) with value=True ... failed 
08:25:50 INFO  Response status: 201
08:25:50 INFO  Response to action: {
    &quot;delivery&quot;: {
        &quot;log&quot;: [],
        &quot;time&quot;: &quot;2022-07-26T08:25:50.560Z&quot;,
        &quot;status&quot;: &quot;PENDING&quot;
    },
    &quot;creationTime&quot;: &quot;2022-07-26T08:25:50.543Z&quot;,
    &quot;deviceId&quot;: &quot;21413442&quot;,
    &quot;deviceName&quot;: &quot;m32sd10d&quot;,
    &quot;self&quot;: &quot;https://t493319102.eu-latest.cumulocity.com/devicecontrol/operations/21434656&quot;,
    &quot;id&quot;: &quot;21434656&quot;,
    &quot;status&quot;: &quot;PENDING&quot;,
    &quot;description&quot;: &quot;Apply software changes, triggered from PySys: [{'action': 'install', 'id': '5475369', 'name': 'asciijump', 'url': ' ', 'version': '::apt'}, {'action': 'install', 'id': '5474869', 'name': 'robotfindskitten', 'url': ' ', 'version': '::apt'}, {'action': 'install', 'id': '5475279', 'name': 'squirrel3', 'url': ' ', 'version': '::apt'}]&quot;,
    &quot;c8y_SoftwareUpdate&quot;: [
        {
            &quot;name&quot;: &quot;asciijump&quot;,
            &quot;action&quot;: &quot;install&quot;,
            &quot;id&quot;: &quot;5475369&quot;,
            &quot;version&quot;: &quot;::apt&quot;,
            &quot;url&quot;: &quot; &quot;
        },
        {
            &quot;name&quot;: &quot;robotfindskitten&quot;,
            &quot;action&quot;: &quot;install&quot;,
            &quot;id&quot;: &quot;5474869&quot;,
            &quot;version&quot;: &quot;::apt&quot;,
            &quot;url&quot;: &quot; &quot;
        },
        {
            &quot;name&quot;: &quot;squirrel3&quot;,
            &quot;action&quot;: &quot;install&quot;,
            &quot;id&quot;: &quot;5475279&quot;,
            &quot;version&quot;: &quot;::apt&quot;,
            &quot;url&quot;: &quot; &quot;
        }
    ]
}
08:25:50 INFO  Started operation: {'delivery': {'log': [], 'time': '2022-07-26T08:25:50.560Z', 'status': 'PENDING'}, 'creationTime': '2022-07-26T08:25:50.543Z', 'deviceId': '21413442', 'deviceName': 'm32sd10d', 'self': 'https://t493319102.eu-latest.cumulocity.com/devicecontrol/operations/21434656', 'id': '21434656', 'status': 'PENDING', 'description': &quot;Apply software changes, triggered from PySys: [{'action': 'install', 'id': '5475369', 'name': 'asciijump', 'url': ' ', 'version': '::apt'}, {'action': 'install', 'id': '5474869', 'name': 'robotfindskitten', 'url': ' ', 'version': '::apt'}, {'action': 'install', 'id': '5475279', 'name': 'squirrel3', 'url': ' ', 'version': '::apt'}]&quot;, 'c8y_SoftwareUpdate': [{'name': 'asciijump', 'action': 'install', 'id': '5475369', 'version': '::apt', 'url': ' '}, {'name': 'robotfindskitten', 'action': 'install', 'id': '5474869', 'version': '::apt', 'url': ' '}, {'name': 'squirrel3', 'action': 'install', 'id': '5475279', 'version': '::apt', 'url': ' '}]}
08:25:52 INFO  State of operation 21434656 : PENDING
08:25:55 INFO  State of operation 21434656 : EXECUTING
08:25:57 INFO  State of operation 21434656 : EXECUTING
08:25:59 INFO  State of operation 21434656 : EXECUTING
08:26:01 INFO  State of operation 21434656 : EXECUTING
08:26:04 INFO  State of operation 21434656 : EXECUTING
08:26:06 INFO  State of operation 21434656 : EXECUTING
08:26:09 INFO  State of operation 21434656 : EXECUTING
08:26:11 INFO  State of operation 21434656 : EXECUTING
08:26:14 INFO  State of operation 21434656 : EXECUTING
08:26:16 INFO  State of operation 21434656 : EXECUTING
08:26:18 INFO  State of operation 21434656 : EXECUTING
08:26:21 INFO  State of operation 21434656 : EXECUTING
08:26:23 INFO  State of operation 21434656 : EXECUTING
08:26:25 INFO  State of operation 21434656 : EXECUTING
08:26:27 INFO  State of operation 21434656 : SUCCESSFUL
08:26:27 INFO  Assert that (False == value) with value=False ... passed
08:26:28 INFO  Package asciijump is installed
08:26:28 INFO  Assert that (True == value) with value=True ... passed
08:26:28 INFO  Package squirrel3 is installed
08:26:28 INFO  Assert that (True == value) with value=True ... passed
08:26:28 INFO  Package robotfindskitten is installed
08:26:28 INFO  Assert that (True == value) with value=True ... passed
08:26:28 INFO  Response status: 201
08:26:28 INFO  Response to action: {
    &quot;delivery&quot;: {
        &quot;log&quot;: [],
        &quot;time&quot;: &quot;2022-07-26T08:26:28.900Z&quot;,
        &quot;status&quot;: &quot;PENDING&quot;
    },
    &quot;creationTime&quot;: &quot;2022-07-26T08:26:28.884Z&quot;,
    &quot;deviceId&quot;: &quot;21413442&quot;,
    &quot;deviceName&quot;: &quot;m32sd10d&quot;,
    &quot;self&quot;: &quot;https://t493319102.eu-latest.cumulocity.com/devicecontrol/operations/21434666&quot;,
    &quot;id&quot;: &quot;21434666&quot;,
    &quot;status&quot;: &quot;PENDING&quot;,
    &quot;description&quot;: &quot;Apply software changes, triggered from PySys: [{'action': 'delete', 'id': '5475369', 'name': 'asciijump', 'url': ' ', 'version': '::apt'}, {'action': 'delete', 'id': '5474869', 'name': 'robotfindskitten', 'url': ' ', 'version': '::apt'}, {'action': 'delete', 'id': '5475279', 'name': 'squirrel3', 'url': ' ', 'version': '::apt'}]&quot;,
    &quot;c8y_SoftwareUpdate&quot;: [
        {
            &quot;name&quot;: &quot;asciijump&quot;,
            &quot;action&quot;: &quot;delete&quot;,
            &quot;id&quot;: &quot;5475369&quot;,
            &quot;version&quot;: &quot;::apt&quot;,
            &quot;url&quot;: &quot; &quot;
        },
        {
            &quot;name&quot;: &quot;robotfindskitten&quot;,
            &quot;action&quot;: &quot;delete&quot;,
            &quot;id&quot;: &quot;5474869&quot;,
            &quot;version&quot;: &quot;::apt&quot;,
            &quot;url&quot;: &quot; &quot;
        },
        {
            &quot;name&quot;: &quot;squirrel3&quot;,
            &quot;action&quot;: &quot;delete&quot;,
            &quot;id&quot;: &quot;5475279&quot;,
            &quot;version&quot;: &quot;::apt&quot;,
            &quot;url&quot;: &quot; &quot;
        }
    ]
}
08:26:28 INFO  Started operation: {'delivery': {'log': [], 'time': '2022-07-26T08:26:28.900Z', 'status': 'PENDING'}, 'creationTime': '2022-07-26T08:26:28.884Z', 'deviceId': '21413442', 'deviceName': 'm32sd10d', 'self': 'https://t493319102.eu-latest.cumulocity.com/devicecontrol/operations/21434666', 'id': '21434666', 'status': 'PENDING', 'description': &quot;Apply software changes, triggered from PySys: [{'action': 'delete', 'id': '5475369', 'name': 'asciijump', 'url': ' ', 'version': '::apt'}, {'action': 'delete', 'id': '5474869', 'name': 'robotfindskitten', 'url': ' ', 'version': '::apt'}, {'action': 'delete', 'id': '5475279', 'name': 'squirrel3', 'url': ' ', 'version': '::apt'}]&quot;, 'c8y_SoftwareUpdate': [{'name': 'asciijump', 'action': 'delete', 'id': '5475369', 'version': '::apt', 'url': ' '}, {'name': 'robotfindskitten', 'action': 'delete', 'id': '5474869', 'version': '::apt', 'url': ' '}, {'name': 'squirrel3', 'action': 'delete', 'id': '5475279', 'version': '::apt', 'url': ' '}]}
08:26:31 INFO  State of operation 21434666 : PENDING
08:26:33 INFO  State of operation 21434666 : EXECUTING
08:26:35 INFO  State of operation 21434666 : EXECUTING
08:26:38 INFO  State of operation 21434666 : EXECUTING
08:26:40 INFO  State of operation 21434666 : EXECUTING
08:26:42 INFO  State of operation 21434666 : EXECUTING
08:26:45 INFO  State of operation 21434666 : EXECUTING
08:26:48 INFO  State of operation 21434666 : EXECUTING
08:26:50 INFO  State of operation 21434666 : EXECUTING
08:26:53 INFO  State of operation 21434666 : EXECUTING
08:26:55 INFO  State of operation 21434666 : EXECUTING
08:26:57 INFO  State of operation 21434666 : EXECUTING
08:26:59 INFO  State of operation 21434666 : EXECUTING
08:27:02 INFO  State of operation 21434666 : EXECUTING
08:27:04 INFO  State of operation 21434666 : EXECUTING
08:27:06 INFO  State of operation 21434666 : EXECUTING
08:27:08 INFO  State of operation 21434666 : EXECUTING
08:27:11 INFO  State of operation 21434666 : EXECUTING
08:27:14 INFO  State of operation 21434666 : EXECUTING
08:27:16 INFO  State of operation 21434666 : EXECUTING
08:27:18 INFO  State of operation 21434666 : EXECUTING
08:27:20 INFO  State of operation 21434666 : EXECUTING
08:27:23 INFO  State of operation 21434666 : EXECUTING
08:27:25 INFO  State of operation 21434666 : EXECUTING
08:27:28 INFO  State of operation 21434666 : EXECUTING
08:27:30 INFO  State of operation 21434666 : EXECUTING
08:27:33 INFO  State of operation 21434666 : EXECUTING
08:27:35 INFO  State of operation 21434666 : EXECUTING
08:27:37 INFO  State of operation 21434666 : SUCCESSFUL
08:27:37 INFO  Assert that (False == value) with value=False ... passed
08:27:38 INFO  Assert that (False == value) with value=False ... passed
08:27:38 INFO  Assert that (False == value) with value=False ... passed
08:27:38 INFO  Assert that (False == value) with value=False ... passed
08:27:38 INFO  
08:27:38 INFO  cleanup:
08:27:42 INFO  Executed sudo&lt;tedge_disconnect_c8y&gt;, exit status 0
08:27:43 INFO  Executed systemctl&lt;serv_mapper5&gt;, exit status 3
08:27:43 INFO  
08:27:43 INFO  Test duration: 140.25 secs
08:27:43 INFO  Test final outcome:  FAILED
08:27:43 INFO  Test outcome reason: Assert that (False == value) with value=True (+2 other failures)
08:27:43 INFO  
</system-out>
	</testcase>
</testsuite>
