<?xml version="1.0" encoding="utf-8"?>
<testsuite failures="1" name="SoftwareManagement.sm_apt_install_remove_multiple_mixed" skipped="0" tests="1" time="178.16" timestamp="2022-07-22T05:04:36">
	<testcase classname="PySysTest" name="SoftwareManagement.sm_apt_install_remove_multiple_mixed">
		<failure message="BLOCKED: SystemError: Timeout while waiting for status SUCCESSFUL or False (+1 other failures)" type="BLOCKED"/>
		<system-out>05:01:38 INFO  ==============================================================
05:01:38 INFO  Id:    SoftwareManagement.sm_apt_install_remove_multiple_mixed
05:01:38 INFO  Dir:   software_management_end_to_end/
05:01:38 INFO  Title: Validate end to end behaviour for the apt plugin for multiple packages with mixed versions
05:01:38 INFO  ==============================================================
05:01:38 INFO  Using sw id database: {'asciijump': '5475369', 'robotfindskitten': '5474869', 'squirrel3': '5475279', 'rolldice': '5152439', 'moon-buggy': '5439204', 'apple': '5495053', 'banana': '5494888', 'cherry': '5495382', 'watermelon': '5494510', 'registry': '8018911', 'hello-world': '8021526', 'docker/getting-started': '8021973', 'alpine': '7991792'}
05:01:38 INFO  EnvironmentC8y Setup
05:01:39 INFO  Executed systemctl&lt;serv_mapper1&gt;, exit status 3
05:01:39 INFO  Restarting mosquitto too frequently in the last 10 seconds. It was only up for 5 seconds
05:01:39 INFO  Delaying execution by 6 seconds
05:01:59 INFO  Executed sudo&lt;tedge_connect_c8y&gt;, exit status 0, duration 13 secs
05:01:59 INFO  Executed sudo&lt;tedge_connect_c8y_test&gt;, exit status 0
05:02:00 INFO  Executed systemctl&lt;serv_mosq2&gt;, exit status 0
05:02:00 INFO  Executed systemctl&lt;serv_mapper3&gt;, exit status 0
05:02:02 INFO  State of current operation: SUCCESSFUL
05:02:03 INFO  Assert that (False == value) with value=False ... passed
05:02:03 INFO  Assert that (False == value) with value=False ... passed
05:02:03 INFO  Assert that (False == value) with value=False ... passed
05:02:03 INFO  Assert that (False == value) with value=False ... passed
05:02:03 INFO  Package moon-buggy is installed
05:02:03 WARN  Assert that (False == value) with value=True ... failed 
05:02:05 INFO  Response status: 201
05:02:05 INFO  Response to action: {
    &quot;delivery&quot;: {
        &quot;log&quot;: [],
        &quot;time&quot;: &quot;2022-07-22T05:02:05.279Z&quot;,
        &quot;status&quot;: &quot;PENDING&quot;
    },
    &quot;creationTime&quot;: &quot;2022-07-22T05:02:05.256Z&quot;,
    &quot;deviceId&quot;: &quot;21231014&quot;,
    &quot;deviceName&quot;: &quot;m32sd10d&quot;,
    &quot;self&quot;: &quot;https://t493319102.eu-latest.cumulocity.com/devicecontrol/operations/21244260&quot;,
    &quot;id&quot;: &quot;21244260&quot;,
    &quot;status&quot;: &quot;PENDING&quot;,
    &quot;description&quot;: &quot;Apply software changes, triggered from PySys: [{'action': 'install', 'id': '5475369', 'name': 'asciijump', 'url': ' ', 'version': '::apt'}, {'action': 'install', 'id': '5474869', 'name': 'robotfindskitten', 'url': ' ', 'version': ' '}, {'action': 'install', 'id': '5475279', 'name': 'squirrel3', 'url': ' ', 'version': '3.1-7::apt'}, {'action': 'install', 'id': '5152439', 'name': 'rolldice', 'url': ' ', 'version': '1.16-1+b1'}, {'action': 'install', 'id': '5439204', 'name': 'moon-buggy', 'url': ' ', 'version': '1:1.0.51-12'}, {'action': 'install', 'id': '5475369', 'name': 'asciijump', 'url': ' ', 'version': '::apt'}]&quot;,
    &quot;c8y_SoftwareUpdate&quot;: [
        {
            &quot;name&quot;: &quot;asciijump&quot;,
            &quot;action&quot;: &quot;install&quot;,
            &quot;id&quot;: &quot;5475369&quot;,
            &quot;version&quot;: &quot;::apt&quot;,
            &quot;url&quot;: &quot; &quot;
        },
        {
            &quot;name&quot;: &quot;robotfindskitten&quot;,
            &quot;action&quot;: &quot;install&quot;,
            &quot;id&quot;: &quot;5474869&quot;,
            &quot;version&quot;: &quot; &quot;,
            &quot;url&quot;: &quot; &quot;
        },
        {
            &quot;name&quot;: &quot;squirrel3&quot;,
            &quot;action&quot;: &quot;install&quot;,
            &quot;id&quot;: &quot;5475279&quot;,
            &quot;version&quot;: &quot;3.1-7::apt&quot;,
            &quot;url&quot;: &quot; &quot;
        },
        {
            &quot;name&quot;: &quot;rolldice&quot;,
            &quot;action&quot;: &quot;install&quot;,
            &quot;id&quot;: &quot;5152439&quot;,
            &quot;version&quot;: &quot;1.16-1+b1&quot;,
            &quot;url&quot;: &quot; &quot;
        },
        {
            &quot;name&quot;: &quot;moon-buggy&quot;,
            &quot;action&quot;: &quot;install&quot;,
            &quot;id&quot;: &quot;5439204&quot;,
            &quot;version&quot;: &quot;1:1.0.51-12&quot;,
            &quot;url&quot;: &quot; &quot;
        },
        {
            &quot;name&quot;: &quot;asciijump&quot;,
            &quot;action&quot;: &quot;install&quot;,
            &quot;id&quot;: &quot;5475369&quot;,
            &quot;version&quot;: &quot;::apt&quot;,
            &quot;url&quot;: &quot; &quot;
        }
    ]
}
05:02:05 INFO  Started operation: {'delivery': {'log': [], 'time': '2022-07-22T05:02:05.279Z', 'status': 'PENDING'}, 'creationTime': '2022-07-22T05:02:05.256Z', 'deviceId': '21231014', 'deviceName': 'm32sd10d', 'self': 'https://t493319102.eu-latest.cumulocity.com/devicecontrol/operations/21244260', 'id': '21244260', 'status': 'PENDING', 'description': &quot;Apply software changes, triggered from PySys: [{'action': 'install', 'id': '5475369', 'name': 'asciijump', 'url': ' ', 'version': '::apt'}, {'action': 'install', 'id': '5474869', 'name': 'robotfindskitten', 'url': ' ', 'version': ' '}, {'action': 'install', 'id': '5475279', 'name': 'squirrel3', 'url': ' ', 'version': '3.1-7::apt'}, {'action': 'install', 'id': '5152439', 'name': 'rolldice', 'url': ' ', 'version': '1.16-1+b1'}, {'action': 'install', 'id': '5439204', 'name': 'moon-buggy', 'url': ' ', 'version': '1:1.0.51-12'}, {'action': 'install', 'id': '5475369', 'name': 'asciijump', 'url': ' ', 'version': '::apt'}]&quot;, 'c8y_SoftwareUpdate': [{'name': 'asciijump', 'action': 'install', 'id': '5475369', 'version': '::apt', 'url': ' '}, {'name': 'robotfindskitten', 'action': 'install', 'id': '5474869', 'version': ' ', 'url': ' '}, {'name': 'squirrel3', 'action': 'install', 'id': '5475279', 'version': '3.1-7::apt', 'url': ' '}, {'name': 'rolldice', 'action': 'install', 'id': '5152439', 'version': '1.16-1+b1', 'url': ' '}, {'name': 'moon-buggy', 'action': 'install', 'id': '5439204', 'version': '1:1.0.51-12', 'url': ' '}, {'name': 'asciijump', 'action': 'install', 'id': '5475369', 'version': '::apt', 'url': ' '}]}
05:02:07 INFO  State of operation 21244260 : PENDING
05:02:09 INFO  State of operation 21244260 : EXECUTING
05:02:11 INFO  State of operation 21244260 : EXECUTING
05:02:14 INFO  State of operation 21244260 : EXECUTING
05:02:16 INFO  State of operation 21244260 : EXECUTING
05:02:18 INFO  State of operation 21244260 : EXECUTING
05:02:21 INFO  State of operation 21244260 : EXECUTING
05:02:24 INFO  State of operation 21244260 : EXECUTING
05:02:26 INFO  State of operation 21244260 : EXECUTING
05:02:29 INFO  State of operation 21244260 : EXECUTING
05:02:31 INFO  State of operation 21244260 : EXECUTING
05:02:33 INFO  State of operation 21244260 : EXECUTING
05:02:35 INFO  State of operation 21244260 : EXECUTING
05:02:38 INFO  State of operation 21244260 : EXECUTING
05:02:40 INFO  State of operation 21244260 : EXECUTING
05:02:42 INFO  State of operation 21244260 : EXECUTING
05:02:45 INFO  State of operation 21244260 : EXECUTING
05:02:47 INFO  State of operation 21244260 : EXECUTING
05:02:50 INFO  State of operation 21244260 : EXECUTING
05:02:52 INFO  State of operation 21244260 : EXECUTING
05:02:54 INFO  State of operation 21244260 : EXECUTING
05:02:57 INFO  State of operation 21244260 : EXECUTING
05:02:59 INFO  State of operation 21244260 : EXECUTING
05:03:02 INFO  State of operation 21244260 : EXECUTING
05:03:04 INFO  State of operation 21244260 : EXECUTING
05:03:06 INFO  State of operation 21244260 : EXECUTING
05:03:09 INFO  State of operation 21244260 : EXECUTING
05:03:11 INFO  State of operation 21244260 : EXECUTING
05:03:13 INFO  State of operation 21244260 : EXECUTING
05:03:15 INFO  State of operation 21244260 : EXECUTING
05:03:18 INFO  State of operation 21244260 : EXECUTING
05:03:20 INFO  State of operation 21244260 : EXECUTING
05:03:22 INFO  State of operation 21244260 : EXECUTING
05:03:24 INFO  State of operation 21244260 : EXECUTING
05:03:27 INFO  State of operation 21244260 : EXECUTING
05:03:29 INFO  State of operation 21244260 : EXECUTING
05:03:31 INFO  State of operation 21244260 : EXECUTING
05:03:33 INFO  State of operation 21244260 : EXECUTING
05:03:36 INFO  State of operation 21244260 : EXECUTING
05:03:39 INFO  State of operation 21244260 : EXECUTING
05:03:41 INFO  State of operation 21244260 : EXECUTING
05:03:43 INFO  State of operation 21244260 : EXECUTING
05:03:46 INFO  State of operation 21244260 : EXECUTING
05:03:48 INFO  State of operation 21244260 : EXECUTING
05:03:50 INFO  State of operation 21244260 : EXECUTING
05:03:52 INFO  State of operation 21244260 : EXECUTING
05:03:55 INFO  State of operation 21244260 : EXECUTING
05:03:57 INFO  State of operation 21244260 : EXECUTING
05:04:00 INFO  State of operation 21244260 : EXECUTING
05:04:02 INFO  State of operation 21244260 : EXECUTING
05:04:04 INFO  State of operation 21244260 : EXECUTING
05:04:06 INFO  State of operation 21244260 : EXECUTING
05:04:09 INFO  State of operation 21244260 : EXECUTING
05:04:11 INFO  State of operation 21244260 : EXECUTING
05:04:15 INFO  State of operation 21244260 : EXECUTING
05:04:17 INFO  State of operation 21244260 : EXECUTING
05:04:20 INFO  State of operation 21244260 : EXECUTING
05:04:22 INFO  State of operation 21244260 : EXECUTING
05:04:24 INFO  State of operation 21244260 : EXECUTING
05:04:27 INFO  State of operation 21244260 : EXECUTING
05:04:29 INFO  State of operation 21244260 : EXECUTING
05:04:31 WARN  SystemError occurred while running test - Timeout while waiting for status SUCCESSFUL or False
Traceback (most recent call last):
  File &quot;/home/pi/env-pysys/lib/python3.7/site-packages/pysys/baserunner.py&quot;, line 1294, in __call__
    self.testObj.execute()
  File &quot;/home/pi/actions-runner/_work/thin-edge.io/thin-edge.io/tests/PySys/software_management_end_to_end/sm_apt_install_remove_multiple_mixed/run.py&quot;, line 89, in execute
    self.wait_until_succcess()
  File &quot;/home/pi/actions-runner/_work/thin-edge.io/thin-edge.io/tests/PySys/software_management_end_to_end/environment_sm_management.py&quot;, line 324, in wait_until_succcess
    self.wait_until_status(&quot;SUCCESSFUL&quot;)
  File &quot;/home/pi/actions-runner/_work/thin-edge.io/thin-edge.io/tests/PySys/software_management_end_to_end/environment_sm_management.py&quot;, line 381, in wait_until_status
    &quot;Timeout while waiting for status %s or %s&quot; % (status, status2)
SystemError: Timeout while waiting for status SUCCESSFUL or False
05:04:31 WARN  SystemError: Timeout while waiting for status SUCCESSFUL or False ... blocked 
05:04:31 INFO  
05:04:31 INFO  cleanup:
05:04:36 INFO  Executed sudo&lt;tedge_disconnect_c8y&gt;, exit status 0
05:04:36 INFO  Executed systemctl&lt;serv_mapper5&gt;, exit status 3
05:04:36 INFO  
05:04:36 INFO  Test duration: 178.16 secs
05:04:36 INFO  Test final outcome:  BLOCKED
05:04:36 INFO  Test outcome reason: SystemError: Timeout while waiting for status SUCCESSFUL or False (+1 other failures)
05:04:36 INFO  
</system-out>
	</testcase>
</testsuite>
