<?xml version="1.0" encoding="utf-8"?>
<testsuite failures="1" name="SoftwareManagement.sm_apt_install_remove_multiple" skipped="0" tests="1" time="139.36" timestamp="2022-06-07T12:37:05">
	<testcase classname="PySysTest" name="SoftwareManagement.sm_apt_install_remove_multiple">
		<failure message="FAILED: Assert that (False == value) with value=True (+2 other failures)" type="FAILED"/>
		<system-out>12:34:46 INFO  ==============================================================
12:34:46 INFO  Id:    SoftwareManagement.sm_apt_install_remove_multiple
12:34:46 INFO  Dir:   software_management_end_to_end/
12:34:46 INFO  Title: Validate end to end behaviour for the apt plugin for multiple packages
12:34:46 INFO  ==============================================================
12:34:46 INFO  Using sw id database: {'asciijump': '5475369', 'robotfindskitten': '5474869', 'squirrel3': '5475279', 'rolldice': '5152439', 'moon-buggy': '5439204', 'apple': '5495053', 'banana': '5494888', 'cherry': '5495382', 'watermelon': '5494510', 'registry': '8018911', 'hello-world': '8021526', 'docker/getting-started': '8021973', 'alpine': '7991792'}
12:34:46 INFO  EnvironmentC8y Setup
12:34:46 INFO  Executed systemctl&lt;serv_mapper1&gt;, exit status 3
12:34:46 INFO  Restarting mosquitto too frequently in the last 10 seconds. It was only up for 4 seconds
12:34:47 INFO  Delaying execution by 7 seconds
12:35:08 INFO  Executed sudo&lt;tedge_connect_c8y&gt;, exit status 0, duration 14 secs
12:35:08 INFO  Executed sudo&lt;tedge_connect_c8y_test&gt;, exit status 0
12:35:09 INFO  Executed systemctl&lt;serv_mosq2&gt;, exit status 0
12:35:09 INFO  Executed systemctl&lt;serv_mapper3&gt;, exit status 0
12:35:12 INFO  State of current operation: SUCCESSFUL
12:35:12 INFO  Assert that (False == value) with value=False ... passed
12:35:12 INFO  Package asciijump is installed
12:35:12 WARN  Assert that (False == value) with value=True ... failed 
12:35:13 INFO  Package squirrel3 is installed
12:35:13 WARN  Assert that (False == value) with value=True ... failed 
12:35:13 INFO  Package robotfindskitten is installed
12:35:13 WARN  Assert that (False == value) with value=True ... failed 
12:35:13 INFO  Response status: 201
12:35:13 INFO  Response to action: {
    &quot;creationTime&quot;: &quot;2022-06-07T12:35:13.563Z&quot;,
    &quot;deviceId&quot;: &quot;19915518&quot;,
    &quot;deviceName&quot;: &quot;m32sd10d&quot;,
    &quot;self&quot;: &quot;https://t493319102.eu-latest.cumulocity.com/devicecontrol/operations/20014419&quot;,
    &quot;id&quot;: &quot;20014419&quot;,
    &quot;status&quot;: &quot;PENDING&quot;,
    &quot;description&quot;: &quot;Apply software changes, triggered from PySys: [{'action': 'install', 'id': '5475369', 'name': 'asciijump', 'url': ' ', 'version': '::apt'}, {'action': 'install', 'id': '5474869', 'name': 'robotfindskitten', 'url': ' ', 'version': '::apt'}, {'action': 'install', 'id': '5475279', 'name': 'squirrel3', 'url': ' ', 'version': '::apt'}]&quot;,
    &quot;c8y_SoftwareUpdate&quot;: [
        {
            &quot;name&quot;: &quot;asciijump&quot;,
            &quot;action&quot;: &quot;install&quot;,
            &quot;id&quot;: &quot;5475369&quot;,
            &quot;version&quot;: &quot;::apt&quot;,
            &quot;url&quot;: &quot; &quot;
        },
        {
            &quot;name&quot;: &quot;robotfindskitten&quot;,
            &quot;action&quot;: &quot;install&quot;,
            &quot;id&quot;: &quot;5474869&quot;,
            &quot;version&quot;: &quot;::apt&quot;,
            &quot;url&quot;: &quot; &quot;
        },
        {
            &quot;name&quot;: &quot;squirrel3&quot;,
            &quot;action&quot;: &quot;install&quot;,
            &quot;id&quot;: &quot;5475279&quot;,
            &quot;version&quot;: &quot;::apt&quot;,
            &quot;url&quot;: &quot; &quot;
        }
    ]
}
12:35:13 INFO  Started operation: {'creationTime': '2022-06-07T12:35:13.563Z', 'deviceId': '19915518', 'deviceName': 'm32sd10d', 'self': 'https://t493319102.eu-latest.cumulocity.com/devicecontrol/operations/20014419', 'id': '20014419', 'status': 'PENDING', 'description': &quot;Apply software changes, triggered from PySys: [{'action': 'install', 'id': '5475369', 'name': 'asciijump', 'url': ' ', 'version': '::apt'}, {'action': 'install', 'id': '5474869', 'name': 'robotfindskitten', 'url': ' ', 'version': '::apt'}, {'action': 'install', 'id': '5475279', 'name': 'squirrel3', 'url': ' ', 'version': '::apt'}]&quot;, 'c8y_SoftwareUpdate': [{'name': 'asciijump', 'action': 'install', 'id': '5475369', 'version': '::apt', 'url': ' '}, {'name': 'robotfindskitten', 'action': 'install', 'id': '5474869', 'version': '::apt', 'url': ' '}, {'name': 'squirrel3', 'action': 'install', 'id': '5475279', 'version': '::apt', 'url': ' '}]}
12:35:15 INFO  State of operation 20014419 : PENDING
12:35:18 INFO  State of operation 20014419 : EXECUTING
12:35:20 INFO  State of operation 20014419 : EXECUTING
12:35:22 INFO  State of operation 20014419 : EXECUTING
12:35:24 INFO  State of operation 20014419 : EXECUTING
12:35:26 INFO  State of operation 20014419 : EXECUTING
12:35:29 INFO  State of operation 20014419 : EXECUTING
12:35:32 INFO  State of operation 20014419 : EXECUTING
12:35:34 INFO  State of operation 20014419 : EXECUTING
12:35:37 INFO  State of operation 20014419 : EXECUTING
12:35:39 INFO  State of operation 20014419 : EXECUTING
12:35:41 INFO  State of operation 20014419 : EXECUTING
12:35:43 INFO  State of operation 20014419 : EXECUTING
12:35:46 INFO  State of operation 20014419 : EXECUTING
12:35:48 INFO  State of operation 20014419 : EXECUTING
12:35:50 INFO  State of operation 20014419 : SUCCESSFUL
12:35:50 INFO  Assert that (False == value) with value=False ... passed
12:35:51 INFO  Package asciijump is installed
12:35:51 INFO  Assert that (True == value) with value=True ... passed
12:35:51 INFO  Package squirrel3 is installed
12:35:51 INFO  Assert that (True == value) with value=True ... passed
12:35:51 INFO  Package robotfindskitten is installed
12:35:51 INFO  Assert that (True == value) with value=True ... passed
12:35:51 INFO  Response status: 201
12:35:51 INFO  Response to action: {
    &quot;creationTime&quot;: &quot;2022-06-07T12:35:51.739Z&quot;,
    &quot;deviceId&quot;: &quot;19915518&quot;,
    &quot;deviceName&quot;: &quot;m32sd10d&quot;,
    &quot;self&quot;: &quot;https://t493319102.eu-latest.cumulocity.com/devicecontrol/operations/20014430&quot;,
    &quot;id&quot;: &quot;20014430&quot;,
    &quot;status&quot;: &quot;PENDING&quot;,
    &quot;description&quot;: &quot;Apply software changes, triggered from PySys: [{'action': 'delete', 'id': '5475369', 'name': 'asciijump', 'url': ' ', 'version': '::apt'}, {'action': 'delete', 'id': '5474869', 'name': 'robotfindskitten', 'url': ' ', 'version': '::apt'}, {'action': 'delete', 'id': '5475279', 'name': 'squirrel3', 'url': ' ', 'version': '::apt'}]&quot;,
    &quot;c8y_SoftwareUpdate&quot;: [
        {
            &quot;name&quot;: &quot;asciijump&quot;,
            &quot;action&quot;: &quot;delete&quot;,
            &quot;id&quot;: &quot;5475369&quot;,
            &quot;version&quot;: &quot;::apt&quot;,
            &quot;url&quot;: &quot; &quot;
        },
        {
            &quot;name&quot;: &quot;robotfindskitten&quot;,
            &quot;action&quot;: &quot;delete&quot;,
            &quot;id&quot;: &quot;5474869&quot;,
            &quot;version&quot;: &quot;::apt&quot;,
            &quot;url&quot;: &quot; &quot;
        },
        {
            &quot;name&quot;: &quot;squirrel3&quot;,
            &quot;action&quot;: &quot;delete&quot;,
            &quot;id&quot;: &quot;5475279&quot;,
            &quot;version&quot;: &quot;::apt&quot;,
            &quot;url&quot;: &quot; &quot;
        }
    ]
}
12:35:51 INFO  Started operation: {'creationTime': '2022-06-07T12:35:51.739Z', 'deviceId': '19915518', 'deviceName': 'm32sd10d', 'self': 'https://t493319102.eu-latest.cumulocity.com/devicecontrol/operations/20014430', 'id': '20014430', 'status': 'PENDING', 'description': &quot;Apply software changes, triggered from PySys: [{'action': 'delete', 'id': '5475369', 'name': 'asciijump', 'url': ' ', 'version': '::apt'}, {'action': 'delete', 'id': '5474869', 'name': 'robotfindskitten', 'url': ' ', 'version': '::apt'}, {'action': 'delete', 'id': '5475279', 'name': 'squirrel3', 'url': ' ', 'version': '::apt'}]&quot;, 'c8y_SoftwareUpdate': [{'name': 'asciijump', 'action': 'delete', 'id': '5475369', 'version': '::apt', 'url': ' '}, {'name': 'robotfindskitten', 'action': 'delete', 'id': '5474869', 'version': '::apt', 'url': ' '}, {'name': 'squirrel3', 'action': 'delete', 'id': '5475279', 'version': '::apt', 'url': ' '}]}
12:35:54 INFO  State of operation 20014430 : PENDING
12:35:56 INFO  State of operation 20014430 : EXECUTING
12:35:58 INFO  State of operation 20014430 : EXECUTING
12:36:00 INFO  State of operation 20014430 : EXECUTING
12:36:03 INFO  State of operation 20014430 : EXECUTING
12:36:05 INFO  State of operation 20014430 : EXECUTING
12:36:08 INFO  State of operation 20014430 : EXECUTING
12:36:10 INFO  State of operation 20014430 : EXECUTING
12:36:13 INFO  State of operation 20014430 : EXECUTING
12:36:15 INFO  State of operation 20014430 : EXECUTING
12:36:18 INFO  State of operation 20014430 : EXECUTING
12:36:20 INFO  State of operation 20014430 : EXECUTING
12:36:22 INFO  State of operation 20014430 : EXECUTING
12:36:25 INFO  State of operation 20014430 : EXECUTING
12:36:27 INFO  State of operation 20014430 : EXECUTING
12:36:29 INFO  State of operation 20014430 : EXECUTING
12:36:31 INFO  State of operation 20014430 : EXECUTING
12:36:34 INFO  State of operation 20014430 : EXECUTING
12:36:36 INFO  State of operation 20014430 : EXECUTING
12:36:39 INFO  State of operation 20014430 : EXECUTING
12:36:41 INFO  State of operation 20014430 : EXECUTING
12:36:43 INFO  State of operation 20014430 : EXECUTING
12:36:46 INFO  State of operation 20014430 : EXECUTING
12:36:48 INFO  State of operation 20014430 : EXECUTING
12:36:50 INFO  State of operation 20014430 : EXECUTING
12:36:53 INFO  State of operation 20014430 : EXECUTING
12:36:55 INFO  State of operation 20014430 : EXECUTING
12:36:57 INFO  State of operation 20014430 : EXECUTING
12:37:00 INFO  State of operation 20014430 : SUCCESSFUL
12:37:00 INFO  Assert that (False == value) with value=False ... passed
12:37:00 INFO  Assert that (False == value) with value=False ... passed
12:37:00 INFO  Assert that (False == value) with value=False ... passed
12:37:01 INFO  Assert that (False == value) with value=False ... passed
12:37:01 INFO  
12:37:01 INFO  cleanup:
12:37:05 INFO  Executed sudo&lt;tedge_disconnect_c8y&gt;, exit status 0
12:37:05 INFO  Executed systemctl&lt;serv_mapper5&gt;, exit status 3
12:37:05 INFO  
12:37:05 INFO  Test duration: 139.36 secs
12:37:05 INFO  Test final outcome:  FAILED
12:37:05 INFO  Test outcome reason: Assert that (False == value) with value=True (+2 other failures)
12:37:05 INFO  
</system-out>
	</testcase>
</testsuite>
