<?xml version="1.0" encoding="utf-8"?>
<testsuite failures="1" name="SoftwareManagement.sm_mixed_install_remove_multiple" skipped="0" tests="1" time="166.66" timestamp="2022-06-02T10:07:51">
	<testcase classname="PySysTest" name="SoftwareManagement.sm_mixed_install_remove_multiple">
		<failure message="BLOCKED: SystemError: Timeout while waiting for status FAILED or SUCCESSFUL" type="BLOCKED"/>
		<system-out>10:05:05 INFO  ==============================================================
10:05:05 INFO  Id:    SoftwareManagement.sm_mixed_install_remove_multiple
10:05:05 INFO  Dir:   software_management_end_to_end/
10:05:05 INFO  Title: Validate end to end behaviour for the dummy-plugin for multiple packages with mixed versions
10:05:05 INFO  ==============================================================
10:05:05 INFO  Using sw id database: {'asciijump': '5475369', 'robotfindskitten': '5474869', 'squirrel3': '5475279', 'rolldice': '5152439', 'moon-buggy': '5439204', 'apple': '5495053', 'banana': '5494888', 'cherry': '5495382', 'watermelon': '5494510', 'registry': '8018911', 'hello-world': '8021526', 'docker/getting-started': '8021973', 'alpine': '7991792'}
10:05:05 INFO  EnvironmentC8y Setup
10:05:05 INFO  Executed systemctl&lt;serv_mapper1&gt;, exit status 3
10:05:05 INFO  Restarting mosquitto too frequently in the last 10 seconds. It was only up for 4 seconds
10:05:05 INFO  Delaying execution by 7 seconds
10:05:26 INFO  Executed sudo&lt;tedge_connect_c8y&gt;, exit status 0, duration 13 secs
10:05:27 INFO  Executed sudo&lt;tedge_connect_c8y_test&gt;, exit status 0
10:05:27 INFO  Executed systemctl&lt;serv_mosq2&gt;, exit status 0
10:05:28 INFO  Executed systemctl&lt;serv_mapper3&gt;, exit status 0
10:05:30 INFO  State of current operation: PENDING
10:05:32 INFO  State of current operation: PENDING
10:05:35 INFO  State of current operation: PENDING
10:05:37 INFO  State of current operation: PENDING
10:05:39 INFO  State of current operation: PENDING
10:05:41 INFO  State of current operation: PENDING
10:05:44 INFO  State of current operation: PENDING
10:05:46 INFO  State of current operation: PENDING
10:05:48 INFO  State of current operation: PENDING
10:05:50 INFO  State of current operation: PENDING
10:05:53 INFO  State of current operation: PENDING
10:05:55 INFO  State of current operation: PENDING
10:05:57 INFO  State of current operation: PENDING
10:05:59 INFO  State of current operation: PENDING
10:06:01 INFO  State of current operation: PENDING
10:06:04 INFO  State of current operation: PENDING
10:06:06 INFO  State of current operation: PENDING
10:06:08 INFO  State of current operation: PENDING
10:06:10 INFO  State of current operation: PENDING
10:06:13 INFO  State of current operation: PENDING
10:06:15 INFO  State of current operation: PENDING
10:06:17 INFO  State of current operation: PENDING
10:06:19 INFO  State of current operation: PENDING
10:06:22 INFO  State of current operation: PENDING
10:06:24 INFO  State of current operation: PENDING
10:06:26 INFO  State of current operation: PENDING
10:06:28 INFO  State of current operation: PENDING
10:06:31 INFO  State of current operation: PENDING
10:06:33 INFO  State of current operation: PENDING
10:06:35 INFO  State of current operation: PENDING
10:06:37 INFO  State of current operation: PENDING
10:06:40 INFO  State of current operation: PENDING
10:06:42 INFO  State of current operation: PENDING
10:06:44 INFO  State of current operation: PENDING
10:06:46 INFO  State of current operation: PENDING
10:06:49 INFO  State of current operation: PENDING
10:06:51 INFO  State of current operation: PENDING
10:06:53 INFO  State of current operation: PENDING
10:06:55 INFO  State of current operation: PENDING
10:06:58 INFO  State of current operation: PENDING
10:07:00 INFO  State of current operation: PENDING
10:07:02 INFO  State of current operation: PENDING
10:07:04 INFO  State of current operation: PENDING
10:07:07 INFO  State of current operation: PENDING
10:07:09 INFO  State of current operation: PENDING
10:07:11 INFO  State of current operation: PENDING
10:07:13 INFO  State of current operation: PENDING
10:07:16 INFO  State of current operation: PENDING
10:07:18 INFO  State of current operation: PENDING
10:07:20 INFO  State of current operation: PENDING
10:07:22 INFO  State of current operation: PENDING
10:07:24 INFO  State of current operation: PENDING
10:07:27 INFO  State of current operation: PENDING
10:07:29 INFO  State of current operation: PENDING
10:07:31 INFO  State of current operation: PENDING
10:07:33 INFO  State of current operation: PENDING
10:07:36 INFO  State of current operation: PENDING
10:07:38 INFO  State of current operation: PENDING
10:07:40 INFO  State of current operation: PENDING
10:07:42 INFO  State of current operation: PENDING
10:07:45 INFO  State of current operation: PENDING
10:07:47 WARN  SystemError occurred while running test - Timeout while waiting for status FAILED or SUCCESSFUL
Traceback (most recent call last):
  File &quot;/home/pi/env-pysys/lib/python3.7/site-packages/pysys/baserunner.py&quot;, line 1292, in __call__
    self.testObj.setup()
  File &quot;/home/pi/actions-runner/_work/thin-edge.io/thin-edge.io/tests/PySys/software_management_end_to_end/sm_mixed_install_remove_multiple/run.py&quot;, line 83, in setup
    super().setup()
  File &quot;/home/pi/actions-runner/_work/thin-edge.io/thin-edge.io/tests/PySys/software_management_end_to_end/environment_sm_management.py&quot;, line 151, in setup
    self.wait_until_end()
  File &quot;/home/pi/actions-runner/_work/thin-edge.io/thin-edge.io/tests/PySys/software_management_end_to_end/environment_sm_management.py&quot;, line 332, in wait_until_end
    self.wait_until_status(&quot;FAILED&quot;, &quot;SUCCESSFUL&quot;)
  File &quot;/home/pi/actions-runner/_work/thin-edge.io/thin-edge.io/tests/PySys/software_management_end_to_end/environment_sm_management.py&quot;, line 381, in wait_until_status
    &quot;Timeout while waiting for status %s or %s&quot; % (status, status2)
SystemError: Timeout while waiting for status FAILED or SUCCESSFUL
10:07:47 WARN  SystemError: Timeout while waiting for status FAILED or SUCCESSFUL ... blocked 
10:07:47 INFO  
10:07:47 INFO  cleanup:
10:07:51 INFO  Executed sudo&lt;tedge_disconnect_c8y&gt;, exit status 0
10:07:51 INFO  Executed systemctl&lt;serv_mapper5&gt;, exit status 3
10:07:51 INFO  
10:07:51 INFO  Test duration: 166.66 secs
10:07:51 INFO  Test final outcome:  BLOCKED
10:07:51 INFO  Test outcome reason: SystemError: Timeout while waiting for status FAILED or SUCCESSFUL
10:07:51 INFO  
</system-out>
	</testcase>
</testsuite>
