<?xml version="1.0" encoding="utf-8"?>
<testsuite failures="1" name="SoftwareManagement.sm_docker_install_remove_multiple" skipped="0" tests="1" time="165.23" timestamp="2022-06-02T09:59:33">
	<testcase classname="SMDockerInstallRemove" name="SoftwareManagement.sm_docker_install_remove_multiple">
		<failure message="BLOCKED: SystemError: Timeout while waiting for status FAILED or SUCCESSFUL" type="BLOCKED"/>
		<system-out>09:56:48 INFO  ==============================================================
09:56:48 INFO  Id:    SoftwareManagement.sm_docker_install_remove_multiple
09:56:48 INFO  Dir:   software_management_end_to_end/
09:56:48 INFO  Title: Validate end to end behaviour for the docker plugin for multiple docker images with mixed versions
09:56:48 INFO  ==============================================================
09:56:48 INFO  Using sw id database: {'asciijump': '5475369', 'robotfindskitten': '5474869', 'squirrel3': '5475279', 'rolldice': '5152439', 'moon-buggy': '5439204', 'apple': '5495053', 'banana': '5494888', 'cherry': '5495382', 'watermelon': '5494510', 'registry': '8018911', 'hello-world': '8021526', 'docker/getting-started': '8021973', 'alpine': '7991792'}
09:56:48 INFO  EnvironmentC8y Setup
09:56:49 INFO  Executed systemctl&lt;serv_mapper1&gt;, exit status 3
09:56:49 INFO  Restarting mosquitto too frequently in the last 10 seconds. It was only up for 5 seconds
09:56:49 INFO  Delaying execution by 6 seconds
09:57:08 INFO  Executed sudo&lt;tedge_connect_c8y&gt;, exit status 0, duration 13 secs
09:57:09 INFO  Executed sudo&lt;tedge_connect_c8y_test&gt;, exit status 0
09:57:10 INFO  Executed systemctl&lt;serv_mosq2&gt;, exit status 0
09:57:10 INFO  Executed systemctl&lt;serv_mapper3&gt;, exit status 0
09:57:12 INFO  State of current operation: PENDING
09:57:14 INFO  State of current operation: PENDING
09:57:17 INFO  State of current operation: PENDING
09:57:19 INFO  State of current operation: PENDING
09:57:21 INFO  State of current operation: PENDING
09:57:23 INFO  State of current operation: PENDING
09:57:26 INFO  State of current operation: PENDING
09:57:28 INFO  State of current operation: PENDING
09:57:30 INFO  State of current operation: PENDING
09:57:32 INFO  State of current operation: PENDING
09:57:35 INFO  State of current operation: PENDING
09:57:37 INFO  State of current operation: PENDING
09:57:39 INFO  State of current operation: PENDING
09:57:41 INFO  State of current operation: PENDING
09:57:44 INFO  State of current operation: PENDING
09:57:46 INFO  State of current operation: PENDING
09:57:48 INFO  State of current operation: PENDING
09:57:50 INFO  State of current operation: PENDING
09:57:52 INFO  State of current operation: PENDING
09:57:55 INFO  State of current operation: PENDING
09:57:57 INFO  State of current operation: PENDING
09:57:59 INFO  State of current operation: PENDING
09:58:01 INFO  State of current operation: PENDING
09:58:04 INFO  State of current operation: PENDING
09:58:06 INFO  State of current operation: PENDING
09:58:08 INFO  State of current operation: PENDING
09:58:10 INFO  State of current operation: PENDING
09:58:13 INFO  State of current operation: PENDING
09:58:15 INFO  State of current operation: PENDING
09:58:17 INFO  State of current operation: PENDING
09:58:19 INFO  State of current operation: PENDING
09:58:22 INFO  State of current operation: PENDING
09:58:24 INFO  State of current operation: PENDING
09:58:26 INFO  State of current operation: PENDING
09:58:28 INFO  State of current operation: PENDING
09:58:31 INFO  State of current operation: PENDING
09:58:33 INFO  State of current operation: PENDING
09:58:35 INFO  State of current operation: PENDING
09:58:37 INFO  State of current operation: PENDING
09:58:40 INFO  State of current operation: PENDING
09:58:42 INFO  State of current operation: PENDING
09:58:44 INFO  State of current operation: PENDING
09:58:46 INFO  State of current operation: PENDING
09:58:48 INFO  State of current operation: PENDING
09:58:51 INFO  State of current operation: PENDING
09:58:53 INFO  State of current operation: PENDING
09:58:55 INFO  State of current operation: PENDING
09:58:57 INFO  State of current operation: PENDING
09:59:00 INFO  State of current operation: PENDING
09:59:02 INFO  State of current operation: PENDING
09:59:04 INFO  State of current operation: PENDING
09:59:06 INFO  State of current operation: PENDING
09:59:09 INFO  State of current operation: PENDING
09:59:11 INFO  State of current operation: PENDING
09:59:13 INFO  State of current operation: PENDING
09:59:15 INFO  State of current operation: PENDING
09:59:18 INFO  State of current operation: PENDING
09:59:20 INFO  State of current operation: PENDING
09:59:22 INFO  State of current operation: PENDING
09:59:24 INFO  State of current operation: PENDING
09:59:27 INFO  State of current operation: PENDING
09:59:29 WARN  SystemError occurred while running test - Timeout while waiting for status FAILED or SUCCESSFUL
Traceback (most recent call last):
  File &quot;/home/pi/env-pysys/lib/python3.7/site-packages/pysys/baserunner.py&quot;, line 1292, in __call__
    self.testObj.setup()
  File &quot;/home/pi/actions-runner/_work/thin-edge.io/thin-edge.io/tests/PySys/software_management_end_to_end/sm_docker_install_remove_multiple/run.py&quot;, line 29, in setup
    super().setup()
  File &quot;/home/pi/actions-runner/_work/thin-edge.io/thin-edge.io/tests/PySys/software_management_end_to_end/environment_sm_management.py&quot;, line 151, in setup
    self.wait_until_end()
  File &quot;/home/pi/actions-runner/_work/thin-edge.io/thin-edge.io/tests/PySys/software_management_end_to_end/environment_sm_management.py&quot;, line 332, in wait_until_end
    self.wait_until_status(&quot;FAILED&quot;, &quot;SUCCESSFUL&quot;)
  File &quot;/home/pi/actions-runner/_work/thin-edge.io/thin-edge.io/tests/PySys/software_management_end_to_end/environment_sm_management.py&quot;, line 381, in wait_until_status
    &quot;Timeout while waiting for status %s or %s&quot; % (status, status2)
SystemError: Timeout while waiting for status FAILED or SUCCESSFUL
09:59:29 WARN  SystemError: Timeout while waiting for status FAILED or SUCCESSFUL ... blocked 
09:59:29 INFO  
09:59:29 INFO  cleanup:
09:59:33 INFO  Executed sudo&lt;tedge_disconnect_c8y&gt;, exit status 0
09:59:33 INFO  Executed systemctl&lt;serv_mapper5&gt;, exit status 3
09:59:33 INFO  
09:59:33 INFO  Test duration: 165.23 secs
09:59:33 INFO  Test final outcome:  BLOCKED
09:59:33 INFO  Test outcome reason: SystemError: Timeout while waiting for status FAILED or SUCCESSFUL
09:59:33 INFO  
</system-out>
	</testcase>
</testsuite>
