<?xml version="1.0" encoding="utf-8"?>
<testsuite failures="1" name="SoftwareManagement.sm_apt_install_fail" skipped="0" tests="1" time="165.3" timestamp="2022-05-24T16:46:30">
	<testcase classname="PySysTest" name="SoftwareManagement.sm_apt_install_fail">
		<failure message="BLOCKED: SystemError: Timeout while waiting for status FAILED or SUCCESSFUL" type="BLOCKED"/>
		<system-out>16:43:44 INFO  ==============================================================
16:43:44 INFO  Id:    SoftwareManagement.sm_apt_install_fail
16:43:44 INFO  Dir:   software_management_end_to_end/
16:43:44 INFO  Title: Validate end to end behaviour for a failing installation
16:43:44 INFO  ==============================================================
16:43:44 INFO  Using sw id database: {'asciijump': '5475369', 'robotfindskitten': '5474869', 'squirrel3': '5475279', 'rolldice': '5152439', 'moon-buggy': '5439204', 'apple': '5495053', 'banana': '5494888', 'cherry': '5495382', 'watermelon': '5494510', 'registry': '8018911', 'hello-world': '8021526', 'docker/getting-started': '8021973', 'alpine': '7991792'}
16:43:44 INFO  EnvironmentC8y Setup
16:43:45 INFO  Executed systemctl&lt;serv_mapper1&gt;, exit status 3
16:43:45 INFO  Restarting mosquitto too frequently in the last 10 seconds. It was only up for 5 seconds
16:43:45 INFO  Delaying execution by 6 seconds
16:44:05 INFO  Executed sudo&lt;tedge_connect_c8y&gt;, exit status 0, duration 13 secs
16:44:05 INFO  Executed sudo&lt;tedge_connect_c8y_test&gt;, exit status 0
16:44:06 INFO  Executed systemctl&lt;serv_mosq2&gt;, exit status 0
16:44:06 INFO  Executed systemctl&lt;serv_mapper3&gt;, exit status 0
16:44:09 INFO  State of current operation: PENDING
16:44:11 INFO  State of current operation: PENDING
16:44:13 INFO  State of current operation: PENDING
16:44:15 INFO  State of current operation: PENDING
16:44:18 INFO  State of current operation: PENDING
16:44:20 INFO  State of current operation: PENDING
16:44:22 INFO  State of current operation: PENDING
16:44:24 INFO  State of current operation: PENDING
16:44:27 INFO  State of current operation: PENDING
16:44:29 INFO  State of current operation: PENDING
16:44:31 INFO  State of current operation: PENDING
16:44:33 INFO  State of current operation: PENDING
16:44:35 INFO  State of current operation: PENDING
16:44:38 INFO  State of current operation: PENDING
16:44:40 INFO  State of current operation: PENDING
16:44:42 INFO  State of current operation: PENDING
16:44:44 INFO  State of current operation: PENDING
16:44:47 INFO  State of current operation: PENDING
16:44:49 INFO  State of current operation: PENDING
16:44:51 INFO  State of current operation: PENDING
16:44:53 INFO  State of current operation: PENDING
16:44:56 INFO  State of current operation: PENDING
16:44:58 INFO  State of current operation: PENDING
16:45:00 INFO  State of current operation: PENDING
16:45:02 INFO  State of current operation: PENDING
16:45:04 INFO  State of current operation: PENDING
16:45:07 INFO  State of current operation: PENDING
16:45:09 INFO  State of current operation: PENDING
16:45:12 INFO  State of current operation: PENDING
16:45:14 INFO  State of current operation: PENDING
16:45:16 INFO  State of current operation: PENDING
16:45:18 INFO  State of current operation: PENDING
16:45:20 INFO  State of current operation: PENDING
16:45:23 INFO  State of current operation: PENDING
16:45:25 INFO  State of current operation: PENDING
16:45:27 INFO  State of current operation: PENDING
16:45:29 INFO  State of current operation: PENDING
16:45:32 INFO  State of current operation: PENDING
16:45:34 INFO  State of current operation: PENDING
16:45:36 INFO  State of current operation: PENDING
16:45:38 INFO  State of current operation: PENDING
16:45:41 INFO  State of current operation: PENDING
16:45:43 INFO  State of current operation: PENDING
16:45:45 INFO  State of current operation: PENDING
16:45:47 INFO  State of current operation: PENDING
16:45:50 INFO  State of current operation: PENDING
16:45:52 INFO  State of current operation: PENDING
16:45:54 INFO  State of current operation: PENDING
16:45:56 INFO  State of current operation: PENDING
16:45:58 INFO  State of current operation: PENDING
16:46:01 INFO  State of current operation: PENDING
16:46:03 INFO  State of current operation: PENDING
16:46:05 INFO  State of current operation: PENDING
16:46:07 INFO  State of current operation: PENDING
16:46:10 INFO  State of current operation: PENDING
16:46:12 INFO  State of current operation: PENDING
16:46:14 INFO  State of current operation: PENDING
16:46:16 INFO  State of current operation: PENDING
16:46:19 INFO  State of current operation: PENDING
16:46:21 INFO  State of current operation: PENDING
16:46:23 INFO  State of current operation: PENDING
16:46:25 WARN  SystemError occurred while running test - Timeout while waiting for status FAILED or SUCCESSFUL
Traceback (most recent call last):
  File &quot;/home/pi/env-pysys/lib/python3.7/site-packages/pysys/baserunner.py&quot;, line 1292, in __call__
    self.testObj.setup()
  File &quot;/home/pi/actions-runner/_work/thin-edge.io/thin-edge.io/tests/PySys/software_management_end_to_end/sm_apt_install_fail/run.py&quot;, line 20, in setup
    super().setup()
  File &quot;/home/pi/actions-runner/_work/thin-edge.io/thin-edge.io/tests/PySys/software_management_end_to_end/environment_sm_management.py&quot;, line 151, in setup
    self.wait_until_end()
  File &quot;/home/pi/actions-runner/_work/thin-edge.io/thin-edge.io/tests/PySys/software_management_end_to_end/environment_sm_management.py&quot;, line 332, in wait_until_end
    self.wait_until_status(&quot;FAILED&quot;, &quot;SUCCESSFUL&quot;)
  File &quot;/home/pi/actions-runner/_work/thin-edge.io/thin-edge.io/tests/PySys/software_management_end_to_end/environment_sm_management.py&quot;, line 381, in wait_until_status
    &quot;Timeout while waiting for status %s or %s&quot; % (status, status2)
SystemError: Timeout while waiting for status FAILED or SUCCESSFUL
16:46:25 WARN  SystemError: Timeout while waiting for status FAILED or SUCCESSFUL ... blocked 
16:46:25 INFO  
16:46:25 INFO  cleanup:
16:46:29 INFO  Executed sudo&lt;tedge_disconnect_c8y&gt;, exit status 0
16:46:30 INFO  Executed systemctl&lt;serv_mapper5&gt;, exit status 3
16:46:30 INFO  
16:46:30 INFO  Test duration: 165.30 secs
16:46:30 INFO  Test final outcome:  BLOCKED
16:46:30 INFO  Test outcome reason: SystemError: Timeout while waiting for status FAILED or SUCCESSFUL
16:46:30 INFO  
</system-out>
	</testcase>
</testsuite>
