<?xml version="1.0" encoding="utf-8"?>
<testsuite failures="1" name="SoftwareManagement.sm_apt_install_remove_multiple" skipped="0" tests="1" time="139.15" timestamp="2022-06-22T19:51:43">
	<testcase classname="PySysTest" name="SoftwareManagement.sm_apt_install_remove_multiple">
		<failure message="FAILED: Assert that (False == value) with value=True (+2 other failures)" type="FAILED"/>
		<system-out>19:49:24 INFO  ==============================================================
19:49:24 INFO  Id:    SoftwareManagement.sm_apt_install_remove_multiple
19:49:24 INFO  Dir:   software_management_end_to_end/
19:49:24 INFO  Title: Validate end to end behaviour for the apt plugin for multiple packages
19:49:24 INFO  ==============================================================
19:49:24 INFO  Using sw id database: {'asciijump': '5475369', 'robotfindskitten': '5474869', 'squirrel3': '5475279', 'rolldice': '5152439', 'moon-buggy': '5439204', 'apple': '5495053', 'banana': '5494888', 'cherry': '5495382', 'watermelon': '5494510', 'registry': '8018911', 'hello-world': '8021526', 'docker/getting-started': '8021973', 'alpine': '7991792'}
19:49:24 INFO  EnvironmentC8y Setup
19:49:24 INFO  Executed systemctl&lt;serv_mapper1&gt;, exit status 3
19:49:24 INFO  Restarting mosquitto too frequently in the last 10 seconds. It was only up for 4 seconds
19:49:24 INFO  Delaying execution by 7 seconds
19:49:45 INFO  Executed sudo&lt;tedge_connect_c8y&gt;, exit status 0, duration 14 secs
19:49:46 INFO  Executed sudo&lt;tedge_connect_c8y_test&gt;, exit status 0
19:49:46 INFO  Executed systemctl&lt;serv_mosq2&gt;, exit status 0
19:49:47 INFO  Executed systemctl&lt;serv_mapper3&gt;, exit status 0
19:49:49 INFO  State of current operation: SUCCESSFUL
19:49:49 INFO  Assert that (False == value) with value=False ... passed
19:49:50 INFO  Package asciijump is installed
19:49:50 WARN  Assert that (False == value) with value=True ... failed 
19:49:50 INFO  Package squirrel3 is installed
19:49:50 WARN  Assert that (False == value) with value=True ... failed 
19:49:50 INFO  Package robotfindskitten is installed
19:49:50 WARN  Assert that (False == value) with value=True ... failed 
19:49:51 INFO  Response status: 201
19:49:51 INFO  Response to action: {
    &quot;creationTime&quot;: &quot;2022-06-22T19:49:51.129Z&quot;,
    &quot;deviceName&quot;: &quot;m32sd10d&quot;,
    &quot;deviceId&quot;: &quot;20418361&quot;,
    &quot;self&quot;: &quot;https://t493319102.eu-latest.cumulocity.com/devicecontrol/operations/20449518&quot;,
    &quot;id&quot;: &quot;20449518&quot;,
    &quot;status&quot;: &quot;PENDING&quot;,
    &quot;description&quot;: &quot;Apply software changes, triggered from PySys: [{'action': 'install', 'id': '5475369', 'name': 'asciijump', 'url': ' ', 'version': '::apt'}, {'action': 'install', 'id': '5474869', 'name': 'robotfindskitten', 'url': ' ', 'version': '::apt'}, {'action': 'install', 'id': '5475279', 'name': 'squirrel3', 'url': ' ', 'version': '::apt'}]&quot;,
    &quot;c8y_SoftwareUpdate&quot;: [
        {
            &quot;name&quot;: &quot;asciijump&quot;,
            &quot;action&quot;: &quot;install&quot;,
            &quot;id&quot;: &quot;5475369&quot;,
            &quot;version&quot;: &quot;::apt&quot;,
            &quot;url&quot;: &quot; &quot;
        },
        {
            &quot;name&quot;: &quot;robotfindskitten&quot;,
            &quot;action&quot;: &quot;install&quot;,
            &quot;id&quot;: &quot;5474869&quot;,
            &quot;version&quot;: &quot;::apt&quot;,
            &quot;url&quot;: &quot; &quot;
        },
        {
            &quot;name&quot;: &quot;squirrel3&quot;,
            &quot;action&quot;: &quot;install&quot;,
            &quot;id&quot;: &quot;5475279&quot;,
            &quot;version&quot;: &quot;::apt&quot;,
            &quot;url&quot;: &quot; &quot;
        }
    ]
}
19:49:51 INFO  Started operation: {'creationTime': '2022-06-22T19:49:51.129Z', 'deviceName': 'm32sd10d', 'deviceId': '20418361', 'self': 'https://t493319102.eu-latest.cumulocity.com/devicecontrol/operations/20449518', 'id': '20449518', 'status': 'PENDING', 'description': &quot;Apply software changes, triggered from PySys: [{'action': 'install', 'id': '5475369', 'name': 'asciijump', 'url': ' ', 'version': '::apt'}, {'action': 'install', 'id': '5474869', 'name': 'robotfindskitten', 'url': ' ', 'version': '::apt'}, {'action': 'install', 'id': '5475279', 'name': 'squirrel3', 'url': ' ', 'version': '::apt'}]&quot;, 'c8y_SoftwareUpdate': [{'name': 'asciijump', 'action': 'install', 'id': '5475369', 'version': '::apt', 'url': ' '}, {'name': 'robotfindskitten', 'action': 'install', 'id': '5474869', 'version': '::apt', 'url': ' '}, {'name': 'squirrel3', 'action': 'install', 'id': '5475279', 'version': '::apt', 'url': ' '}]}
19:49:53 INFO  State of operation 20449518 : PENDING
19:49:55 INFO  State of operation 20449518 : EXECUTING
19:49:57 INFO  State of operation 20449518 : EXECUTING
19:50:00 INFO  State of operation 20449518 : EXECUTING
19:50:02 INFO  State of operation 20449518 : EXECUTING
19:50:04 INFO  State of operation 20449518 : EXECUTING
19:50:07 INFO  State of operation 20449518 : EXECUTING
19:50:10 INFO  State of operation 20449518 : EXECUTING
19:50:12 INFO  State of operation 20449518 : EXECUTING
19:50:14 INFO  State of operation 20449518 : EXECUTING
19:50:17 INFO  State of operation 20449518 : EXECUTING
19:50:19 INFO  State of operation 20449518 : EXECUTING
19:50:21 INFO  State of operation 20449518 : EXECUTING
19:50:23 INFO  State of operation 20449518 : EXECUTING
19:50:25 INFO  State of operation 20449518 : EXECUTING
19:50:28 INFO  State of operation 20449518 : SUCCESSFUL
19:50:28 INFO  Assert that (False == value) with value=False ... passed
19:50:28 INFO  Package asciijump is installed
19:50:28 INFO  Assert that (True == value) with value=True ... passed
19:50:28 INFO  Package squirrel3 is installed
19:50:28 INFO  Assert that (True == value) with value=True ... passed
19:50:29 INFO  Package robotfindskitten is installed
19:50:29 INFO  Assert that (True == value) with value=True ... passed
19:50:29 INFO  Response status: 201
19:50:29 INFO  Response to action: {
    &quot;creationTime&quot;: &quot;2022-06-22T19:50:29.299Z&quot;,
    &quot;deviceName&quot;: &quot;m32sd10d&quot;,
    &quot;deviceId&quot;: &quot;20418361&quot;,
    &quot;self&quot;: &quot;https://t493319102.eu-latest.cumulocity.com/devicecontrol/operations/20449529&quot;,
    &quot;id&quot;: &quot;20449529&quot;,
    &quot;status&quot;: &quot;PENDING&quot;,
    &quot;description&quot;: &quot;Apply software changes, triggered from PySys: [{'action': 'delete', 'id': '5475369', 'name': 'asciijump', 'url': ' ', 'version': '::apt'}, {'action': 'delete', 'id': '5474869', 'name': 'robotfindskitten', 'url': ' ', 'version': '::apt'}, {'action': 'delete', 'id': '5475279', 'name': 'squirrel3', 'url': ' ', 'version': '::apt'}]&quot;,
    &quot;c8y_SoftwareUpdate&quot;: [
        {
            &quot;name&quot;: &quot;asciijump&quot;,
            &quot;action&quot;: &quot;delete&quot;,
            &quot;id&quot;: &quot;5475369&quot;,
            &quot;version&quot;: &quot;::apt&quot;,
            &quot;url&quot;: &quot; &quot;
        },
        {
            &quot;name&quot;: &quot;robotfindskitten&quot;,
            &quot;action&quot;: &quot;delete&quot;,
            &quot;id&quot;: &quot;5474869&quot;,
            &quot;version&quot;: &quot;::apt&quot;,
            &quot;url&quot;: &quot; &quot;
        },
        {
            &quot;name&quot;: &quot;squirrel3&quot;,
            &quot;action&quot;: &quot;delete&quot;,
            &quot;id&quot;: &quot;5475279&quot;,
            &quot;version&quot;: &quot;::apt&quot;,
            &quot;url&quot;: &quot; &quot;
        }
    ]
}
19:50:29 INFO  Started operation: {'creationTime': '2022-06-22T19:50:29.299Z', 'deviceName': 'm32sd10d', 'deviceId': '20418361', 'self': 'https://t493319102.eu-latest.cumulocity.com/devicecontrol/operations/20449529', 'id': '20449529', 'status': 'PENDING', 'description': &quot;Apply software changes, triggered from PySys: [{'action': 'delete', 'id': '5475369', 'name': 'asciijump', 'url': ' ', 'version': '::apt'}, {'action': 'delete', 'id': '5474869', 'name': 'robotfindskitten', 'url': ' ', 'version': '::apt'}, {'action': 'delete', 'id': '5475279', 'name': 'squirrel3', 'url': ' ', 'version': '::apt'}]&quot;, 'c8y_SoftwareUpdate': [{'name': 'asciijump', 'action': 'delete', 'id': '5475369', 'version': '::apt', 'url': ' '}, {'name': 'robotfindskitten', 'action': 'delete', 'id': '5474869', 'version': '::apt', 'url': ' '}, {'name': 'squirrel3', 'action': 'delete', 'id': '5475279', 'version': '::apt', 'url': ' '}]}
19:50:31 INFO  State of operation 20449529 : PENDING
19:50:33 INFO  State of operation 20449529 : EXECUTING
19:50:35 INFO  State of operation 20449529 : EXECUTING
19:50:38 INFO  State of operation 20449529 : EXECUTING
19:50:40 INFO  State of operation 20449529 : EXECUTING
19:50:42 INFO  State of operation 20449529 : EXECUTING
19:50:45 INFO  State of operation 20449529 : EXECUTING
19:50:48 INFO  State of operation 20449529 : EXECUTING
19:50:51 INFO  State of operation 20449529 : EXECUTING
19:50:53 INFO  State of operation 20449529 : EXECUTING
19:50:55 INFO  State of operation 20449529 : EXECUTING
19:50:57 INFO  State of operation 20449529 : EXECUTING
19:51:00 INFO  State of operation 20449529 : EXECUTING
19:51:02 INFO  State of operation 20449529 : EXECUTING
19:51:04 INFO  State of operation 20449529 : EXECUTING
19:51:06 INFO  State of operation 20449529 : EXECUTING
19:51:09 INFO  State of operation 20449529 : EXECUTING
19:51:12 INFO  State of operation 20449529 : EXECUTING
19:51:14 INFO  State of operation 20449529 : EXECUTING
19:51:16 INFO  State of operation 20449529 : EXECUTING
19:51:19 INFO  State of operation 20449529 : EXECUTING
19:51:21 INFO  State of operation 20449529 : EXECUTING
19:51:23 INFO  State of operation 20449529 : EXECUTING
19:51:25 INFO  State of operation 20449529 : EXECUTING
19:51:28 INFO  State of operation 20449529 : EXECUTING
19:51:30 INFO  State of operation 20449529 : EXECUTING
19:51:33 INFO  State of operation 20449529 : EXECUTING
19:51:35 INFO  State of operation 20449529 : EXECUTING
19:51:37 INFO  State of operation 20449529 : SUCCESSFUL
19:51:37 INFO  Assert that (False == value) with value=False ... passed
19:51:37 INFO  Assert that (False == value) with value=False ... passed
19:51:38 INFO  Assert that (False == value) with value=False ... passed
19:51:38 INFO  Assert that (False == value) with value=False ... passed
19:51:38 INFO  
19:51:38 INFO  cleanup:
19:51:42 INFO  Executed sudo&lt;tedge_disconnect_c8y&gt;, exit status 0
19:51:43 INFO  Executed systemctl&lt;serv_mapper5&gt;, exit status 3
19:51:43 INFO  
19:51:43 INFO  Test duration: 139.15 secs
19:51:43 INFO  Test final outcome:  FAILED
19:51:43 INFO  Test outcome reason: Assert that (False == value) with value=True (+2 other failures)
19:51:43 INFO  
</system-out>
	</testcase>
</testsuite>
