<?xml version="1.0" encoding="utf-8"?>
<testsuite failures="1" name="SoftwareManagement.Plugin.apama_plugin_update" skipped="0" tests="1" time="21.25" timestamp="2022-07-25T16:02:16">
	<testcase classname="ApamaPluginUpdateTest" name="SoftwareManagement.Plugin.apama_plugin_update">
		<failure message="BLOCKED: sudo&lt;plugin_install&gt; returned non-zero exit code 2" type="BLOCKED"/>
		<system-out>16:01:54 INFO  ==============================================================
16:01:54 INFO  Id:    SoftwareManagement.Plugin.apama_plugin_update
16:01:54 INFO  Dir:   plugin_apama/
16:01:54 INFO  Title: Validate apama plugin updating one project with another
16:01:54 INFO  ==============================================================
16:01:54 INFO  Assertion that path exists=False for &quot;/etc/tedge/apama/project&quot; ... passed
16:01:55 INFO  Executed sudo&lt;create_project_dir&gt;, exit status 0
16:01:55 INFO  Executed sudo&lt;unzip_apama_project&gt;, exit status 0
16:01:56 INFO  Executed sudo&lt;move_apama_project&gt;, exit status 0
16:01:57 INFO  Executed sudo&lt;restart_apama_service&gt;, exit status 0
16:01:58 INFO  Executed sudo&lt;apama_correlator_wait&gt;, exit status 0
16:01:58 INFO  Assertion that path exists=True for &quot;/etc/tedge/apama/project&quot; ... passed
16:01:58 INFO  Executed sudo&lt;apama_list_monitors&gt;, exit status 0
16:01:58 INFO  Grep on file /home/pi/actions-runner/_work/thin-edge.io/thin-edge.io/tests/PySys/plugin_apama/apama_plugin_update/Output/linux/apama_list_monitors.out ... passed
16:01:59 WARN  Executed sudo&lt;plugin_install&gt;, exit status 2
16:01:59 INFO  Contents of plugin_install.err: 
  ERROR: Directory not empty (os error 39)
  -----

16:01:59 WARN  sudo&lt;plugin_install&gt; returned non-zero exit code 2 ... blocked [run.py:35]
16:01:59 WARN  Aborted test due to BLOCKED outcome
16:01:59 INFO  
16:01:59 INFO  cleanup:
16:01:59 INFO  Removing apama project
16:02:15 INFO  Executed sudo&lt;stop_apama_service&gt;, exit status 0, duration 15 secs
16:02:15 INFO  Executed sudo&lt;remove_apama_project&gt;, exit status 0
16:02:16 INFO  Executed sudo&lt;remove_apama_tmp_dir&gt;, exit status 0
16:02:16 INFO  
16:02:16 INFO  Test duration: 21.25 secs
16:02:16 INFO  Test final outcome:  BLOCKED
16:02:16 INFO  Test outcome reason: sudo&lt;plugin_install&gt; returned non-zero exit code 2
16:02:16 INFO  
</system-out>
	</testcase>
</testsuite>
