<?xml version="1.0" encoding="utf-8"?>
<testsuite failures="0" name="SoftwareManagement.sm_apt_install_remove_default" skipped="0" tests="1" time="163.74" timestamp="2022-07-21T23:54:07">
	<testcase classname="PySysTest" name="SoftwareManagement.sm_apt_install_remove_default"/>
</testsuite>
