<?xml version="1.0" encoding="utf-8"?>
<testsuite failures="1" name="SoftwareManagement.sm_fake_install_remove_multiple" skipped="0" tests="1" time="166.1" timestamp="2022-05-23T18:18:05">
	<testcase classname="PySysTest" name="SoftwareManagement.sm_fake_install_remove_multiple">
		<failure message="BLOCKED: SystemError: Timeout while waiting for status FAILED or SUCCESSFUL" type="BLOCKED"/>
		<system-out>18:15:18 INFO  ==============================================================
18:15:18 INFO  Id:    SoftwareManagement.sm_fake_install_remove_multiple
18:15:18 INFO  Dir:   software_management_end_to_end/
18:15:18 INFO  Title: Validate end to end behaviour for the dummy-plugin for multiple packages
18:15:18 INFO  ==============================================================
18:15:18 INFO  Using sw id database: {'asciijump': '5475369', 'robotfindskitten': '5474869', 'squirrel3': '5475279', 'rolldice': '5152439', 'moon-buggy': '5439204', 'apple': '5495053', 'banana': '5494888', 'cherry': '5495382', 'watermelon': '5494510', 'registry': '8018911', 'hello-world': '8021526', 'docker/getting-started': '8021973', 'alpine': '7991792'}
18:15:18 INFO  EnvironmentC8y Setup
18:15:19 INFO  Executed systemctl&lt;serv_mapper1&gt;, exit status 3
18:15:19 INFO  Restarting mosquitto too frequently in the last 10 seconds. It was only up for 5 seconds
18:15:19 INFO  Delaying execution by 6 seconds
18:15:39 INFO  Executed sudo&lt;tedge_connect_c8y&gt;, exit status 0, duration 13 secs
18:15:40 INFO  Executed sudo&lt;tedge_connect_c8y_test&gt;, exit status 0
18:15:40 INFO  Executed systemctl&lt;serv_mosq2&gt;, exit status 0
18:15:41 INFO  Executed systemctl&lt;serv_mapper3&gt;, exit status 0
18:15:43 INFO  State of current operation: PENDING
18:15:45 INFO  State of current operation: PENDING
18:15:47 INFO  State of current operation: PENDING
18:15:50 INFO  State of current operation: PENDING
18:15:52 INFO  State of current operation: PENDING
18:15:54 INFO  State of current operation: PENDING
18:15:56 INFO  State of current operation: PENDING
18:15:58 INFO  State of current operation: PENDING
18:16:01 INFO  State of current operation: PENDING
18:16:03 INFO  State of current operation: PENDING
18:16:05 INFO  State of current operation: PENDING
18:16:07 INFO  State of current operation: PENDING
18:16:10 INFO  State of current operation: PENDING
18:16:12 INFO  State of current operation: PENDING
18:16:15 INFO  State of current operation: PENDING
18:16:17 INFO  State of current operation: PENDING
18:16:19 INFO  State of current operation: PENDING
18:16:21 INFO  State of current operation: PENDING
18:16:24 INFO  State of current operation: PENDING
18:16:26 INFO  State of current operation: PENDING
18:16:28 INFO  State of current operation: PENDING
18:16:30 INFO  State of current operation: PENDING
18:16:33 INFO  State of current operation: PENDING
18:16:35 INFO  State of current operation: PENDING
18:16:37 INFO  State of current operation: PENDING
18:16:39 INFO  State of current operation: PENDING
18:16:42 INFO  State of current operation: PENDING
18:16:44 INFO  State of current operation: PENDING
18:16:46 INFO  State of current operation: PENDING
18:16:48 INFO  State of current operation: PENDING
18:16:50 INFO  State of current operation: PENDING
18:16:53 INFO  State of current operation: PENDING
18:16:55 INFO  State of current operation: PENDING
18:16:57 INFO  State of current operation: PENDING
18:16:59 INFO  State of current operation: PENDING
18:17:02 INFO  State of current operation: PENDING
18:17:04 INFO  State of current operation: PENDING
18:17:06 INFO  State of current operation: PENDING
18:17:08 INFO  State of current operation: PENDING
18:17:11 INFO  State of current operation: PENDING
18:17:13 INFO  State of current operation: PENDING
18:17:15 INFO  State of current operation: PENDING
18:17:17 INFO  State of current operation: PENDING
18:17:20 INFO  State of current operation: PENDING
18:17:22 INFO  State of current operation: PENDING
18:17:24 INFO  State of current operation: PENDING
18:17:26 INFO  State of current operation: PENDING
18:17:28 INFO  State of current operation: PENDING
18:17:31 INFO  State of current operation: PENDING
18:17:33 INFO  State of current operation: PENDING
18:17:35 INFO  State of current operation: PENDING
18:17:37 INFO  State of current operation: PENDING
18:17:40 INFO  State of current operation: PENDING
18:17:42 INFO  State of current operation: PENDING
18:17:44 INFO  State of current operation: PENDING
18:17:47 INFO  State of current operation: PENDING
18:17:49 INFO  State of current operation: PENDING
18:17:51 INFO  State of current operation: PENDING
18:17:53 INFO  State of current operation: PENDING
18:17:56 INFO  State of current operation: PENDING
18:17:58 INFO  State of current operation: PENDING
18:18:00 WARN  SystemError occurred while running test - Timeout while waiting for status FAILED or SUCCESSFUL
Traceback (most recent call last):
  File &quot;/home/pi/env-pysys/lib/python3.7/site-packages/pysys/baserunner.py&quot;, line 1292, in __call__
    self.testObj.setup()
  File &quot;/home/pi/actions-runner/_work/thin-edge.io/thin-edge.io/tests/PySys/software_management_end_to_end/sm_fake_install_remove_multiple/run.py&quot;, line 68, in setup
    super().setup()
  File &quot;/home/pi/actions-runner/_work/thin-edge.io/thin-edge.io/tests/PySys/software_management_end_to_end/environment_sm_management.py&quot;, line 151, in setup
    self.wait_until_end()
  File &quot;/home/pi/actions-runner/_work/thin-edge.io/thin-edge.io/tests/PySys/software_management_end_to_end/environment_sm_management.py&quot;, line 332, in wait_until_end
    self.wait_until_status(&quot;FAILED&quot;, &quot;SUCCESSFUL&quot;)
  File &quot;/home/pi/actions-runner/_work/thin-edge.io/thin-edge.io/tests/PySys/software_management_end_to_end/environment_sm_management.py&quot;, line 381, in wait_until_status
    &quot;Timeout while waiting for status %s or %s&quot; % (status, status2)
SystemError: Timeout while waiting for status FAILED or SUCCESSFUL
18:18:00 WARN  SystemError: Timeout while waiting for status FAILED or SUCCESSFUL ... blocked 
18:18:00 INFO  
18:18:00 INFO  cleanup:
18:18:04 INFO  Executed sudo&lt;tedge_disconnect_c8y&gt;, exit status 0
18:18:05 INFO  Executed systemctl&lt;serv_mapper5&gt;, exit status 3
18:18:05 INFO  
18:18:05 INFO  Test duration: 166.10 secs
18:18:05 INFO  Test final outcome:  BLOCKED
18:18:05 INFO  Test outcome reason: SystemError: Timeout while waiting for status FAILED or SUCCESSFUL
18:18:05 INFO  
</system-out>
	</testcase>
</testsuite>
