<?xml version="1.0" encoding="utf-8"?>
<testsuite failures="1" name="SoftwareManagement.sm_mixed_install_remove_multiple" skipped="0" tests="1" time="165.87" timestamp="2022-07-22T03:10:00">
	<testcase classname="PySysTest" name="SoftwareManagement.sm_mixed_install_remove_multiple">
		<failure message="FAILED: Assert that (False == value) with value=True" type="FAILED"/>
		<system-out>03:07:14 INFO  ==============================================================
03:07:14 INFO  Id:    SoftwareManagement.sm_mixed_install_remove_multiple
03:07:14 INFO  Dir:   software_management_end_to_end/
03:07:14 INFO  Title: Validate end to end behaviour for the dummy-plugin for multiple packages with mixed versions
03:07:14 INFO  ==============================================================
03:07:14 INFO  Using sw id database: {'asciijump': '5475369', 'robotfindskitten': '5474869', 'squirrel3': '5475279', 'rolldice': '5152439', 'moon-buggy': '5439204', 'apple': '5495053', 'banana': '5494888', 'cherry': '5495382', 'watermelon': '5494510', 'registry': '8018911', 'hello-world': '8021526', 'docker/getting-started': '8021973', 'alpine': '7991792'}
03:07:14 INFO  EnvironmentC8y Setup
03:07:15 INFO  Executed systemctl&lt;serv_mapper1&gt;, exit status 3
03:07:15 INFO  Restarting mosquitto too frequently in the last 10 seconds. It was only up for 5 seconds
03:07:15 INFO  Delaying execution by 6 seconds
03:07:35 INFO  Executed sudo&lt;tedge_connect_c8y&gt;, exit status 0, duration 14 secs
03:07:35 INFO  Executed sudo&lt;tedge_connect_c8y_test&gt;, exit status 0
03:07:36 INFO  Executed systemctl&lt;serv_mosq2&gt;, exit status 0
03:07:36 INFO  Executed systemctl&lt;serv_mapper3&gt;, exit status 0
03:07:39 INFO  State of current operation: SUCCESSFUL
03:07:39 INFO  Package apple is installed
03:07:39 INFO  Assert that (True == value) with value=True ... passed
03:07:39 INFO  Package banana is installed
03:07:39 INFO  Assert that (True == value) with value=True ... passed
03:07:39 INFO  Package cherry is installed
03:07:39 INFO  Assert that (True == value) with value=True ... passed
03:07:40 INFO  Package asciijump is installed
03:07:40 WARN  Assert that (False == value) with value=True ... failed 
03:07:40 INFO  Assert that (False == value) with value=False ... passed
03:07:40 INFO  Response status: 201
03:07:40 INFO  Response to action: {
    &quot;creationTime&quot;: &quot;2022-07-22T03:07:40.502Z&quot;,
    &quot;deviceId&quot;: &quot;21166555&quot;,
    &quot;deviceName&quot;: &quot;m32sd10d&quot;,
    &quot;self&quot;: &quot;https://t493319102.eu-latest.cumulocity.com/devicecontrol/operations/21230970&quot;,
    &quot;id&quot;: &quot;21230970&quot;,
    &quot;status&quot;: &quot;PENDING&quot;,
    &quot;description&quot;: &quot;Apply software changes, triggered from PySys: [{'action': 'install', 'id': '5495053', 'name': 'apple', 'url': ' ', 'version': '::fruits'}, {'action': 'install', 'id': '5494888', 'name': 'banana', 'url': ' ', 'version': '::fruits'}, {'action': 'install', 'id': '5475369', 'name': 'asciijump', 'url': ' ', 'version': '::apt'}, {'action': 'install', 'id': '5495382', 'name': 'cherry', 'url': ' ', 'version': '::fruits'}, {'action': 'install', 'id': '8018911', 'name': 'registry', 'url': ' ', 'version': '::docker'}]&quot;,
    &quot;c8y_SoftwareUpdate&quot;: [
        {
            &quot;name&quot;: &quot;apple&quot;,
            &quot;action&quot;: &quot;install&quot;,
            &quot;id&quot;: &quot;5495053&quot;,
            &quot;version&quot;: &quot;::fruits&quot;,
            &quot;url&quot;: &quot; &quot;
        },
        {
            &quot;name&quot;: &quot;banana&quot;,
            &quot;action&quot;: &quot;install&quot;,
            &quot;id&quot;: &quot;5494888&quot;,
            &quot;version&quot;: &quot;::fruits&quot;,
            &quot;url&quot;: &quot; &quot;
        },
        {
            &quot;name&quot;: &quot;asciijump&quot;,
            &quot;action&quot;: &quot;install&quot;,
            &quot;id&quot;: &quot;5475369&quot;,
            &quot;version&quot;: &quot;::apt&quot;,
            &quot;url&quot;: &quot; &quot;
        },
        {
            &quot;name&quot;: &quot;cherry&quot;,
            &quot;action&quot;: &quot;install&quot;,
            &quot;id&quot;: &quot;5495382&quot;,
            &quot;version&quot;: &quot;::fruits&quot;,
            &quot;url&quot;: &quot; &quot;
        },
        {
            &quot;name&quot;: &quot;registry&quot;,
            &quot;action&quot;: &quot;install&quot;,
            &quot;id&quot;: &quot;8018911&quot;,
            &quot;version&quot;: &quot;::docker&quot;,
            &quot;url&quot;: &quot; &quot;
        }
    ]
}
03:07:40 INFO  Started operation: {'creationTime': '2022-07-22T03:07:40.502Z', 'deviceId': '21166555', 'deviceName': 'm32sd10d', 'self': 'https://t493319102.eu-latest.cumulocity.com/devicecontrol/operations/21230970', 'id': '21230970', 'status': 'PENDING', 'description': &quot;Apply software changes, triggered from PySys: [{'action': 'install', 'id': '5495053', 'name': 'apple', 'url': ' ', 'version': '::fruits'}, {'action': 'install', 'id': '5494888', 'name': 'banana', 'url': ' ', 'version': '::fruits'}, {'action': 'install', 'id': '5475369', 'name': 'asciijump', 'url': ' ', 'version': '::apt'}, {'action': 'install', 'id': '5495382', 'name': 'cherry', 'url': ' ', 'version': '::fruits'}, {'action': 'install', 'id': '8018911', 'name': 'registry', 'url': ' ', 'version': '::docker'}]&quot;, 'c8y_SoftwareUpdate': [{'name': 'apple', 'action': 'install', 'id': '5495053', 'version': '::fruits', 'url': ' '}, {'name': 'banana', 'action': 'install', 'id': '5494888', 'version': '::fruits', 'url': ' '}, {'name': 'asciijump', 'action': 'install', 'id': '5475369', 'version': '::apt', 'url': ' '}, {'name': 'cherry', 'action': 'install', 'id': '5495382', 'version': '::fruits', 'url': ' '}, {'name': 'registry', 'action': 'install', 'id': '8018911', 'version': '::docker', 'url': ' '}]}
03:07:42 INFO  State of operation 21230970 : PENDING
03:07:45 INFO  State of operation 21230970 : EXECUTING
03:07:47 INFO  State of operation 21230970 : EXECUTING
03:07:49 INFO  State of operation 21230970 : EXECUTING
03:07:51 INFO  State of operation 21230970 : EXECUTING
03:07:53 INFO  State of operation 21230970 : EXECUTING
03:07:57 INFO  State of operation 21230970 : EXECUTING
03:08:00 INFO  State of operation 21230970 : EXECUTING
03:08:02 INFO  State of operation 21230970 : EXECUTING
03:08:05 INFO  State of operation 21230970 : EXECUTING
03:08:07 INFO  State of operation 21230970 : EXECUTING
03:08:09 INFO  State of operation 21230970 : EXECUTING
03:08:11 INFO  State of operation 21230970 : EXECUTING
03:08:14 INFO  State of operation 21230970 : EXECUTING
03:08:16 INFO  State of operation 21230970 : EXECUTING
03:08:19 INFO  State of operation 21230970 : EXECUTING
03:08:21 INFO  State of operation 21230970 : EXECUTING
03:08:23 INFO  State of operation 21230970 : EXECUTING
03:08:25 INFO  State of operation 21230970 : EXECUTING
03:08:27 INFO  State of operation 21230970 : EXECUTING
03:08:30 INFO  State of operation 21230970 : EXECUTING
03:08:32 INFO  State of operation 21230970 : EXECUTING
03:08:35 INFO  State of operation 21230970 : EXECUTING
03:08:37 INFO  State of operation 21230970 : EXECUTING
03:08:39 INFO  State of operation 21230970 : EXECUTING
03:08:41 INFO  State of operation 21230970 : SUCCESSFUL
03:08:42 INFO  Package apple is installed
03:08:42 INFO  Assert that (True == value) with value=True ... passed
03:08:42 INFO  Package banana is installed
03:08:42 INFO  Assert that (True == value) with value=True ... passed
03:08:42 INFO  Package cherry is installed
03:08:42 INFO  Assert that (True == value) with value=True ... passed
03:08:42 INFO  Package asciijump is installed
03:08:42 INFO  Assert that (True == value) with value=True ... passed
03:08:43 INFO  Package registry is installed
03:08:43 INFO  Assert that (True == value) with value=True ... passed
03:08:43 INFO  Response status: 201
03:08:43 INFO  Response to action: {
    &quot;creationTime&quot;: &quot;2022-07-22T03:08:43.259Z&quot;,
    &quot;deviceId&quot;: &quot;21166555&quot;,
    &quot;deviceName&quot;: &quot;m32sd10d&quot;,
    &quot;self&quot;: &quot;https://t493319102.eu-latest.cumulocity.com/devicecontrol/operations/21230973&quot;,
    &quot;id&quot;: &quot;21230973&quot;,
    &quot;status&quot;: &quot;PENDING&quot;,
    &quot;description&quot;: &quot;Apply software changes, triggered from PySys: [{'action': 'delete', 'id': '5495053', 'name': 'apple', 'url': ' ', 'version': '::fruits'}, {'action': 'delete', 'id': '5494888', 'name': 'banana', 'url': ' ', 'version': '::fruits'}, {'action': 'delete', 'id': '5475369', 'name': 'asciijump', 'url': ' ', 'version': '::apt'}, {'action': 'delete', 'id': '5495382', 'name': 'cherry', 'url': ' ', 'version': '::fruits'}, {'action': 'delete', 'id': '8018911', 'name': 'registry', 'url': ' ', 'version': '::docker'}]&quot;,
    &quot;c8y_SoftwareUpdate&quot;: [
        {
            &quot;name&quot;: &quot;apple&quot;,
            &quot;action&quot;: &quot;delete&quot;,
            &quot;id&quot;: &quot;5495053&quot;,
            &quot;version&quot;: &quot;::fruits&quot;,
            &quot;url&quot;: &quot; &quot;
        },
        {
            &quot;name&quot;: &quot;banana&quot;,
            &quot;action&quot;: &quot;delete&quot;,
            &quot;id&quot;: &quot;5494888&quot;,
            &quot;version&quot;: &quot;::fruits&quot;,
            &quot;url&quot;: &quot; &quot;
        },
        {
            &quot;name&quot;: &quot;asciijump&quot;,
            &quot;action&quot;: &quot;delete&quot;,
            &quot;id&quot;: &quot;5475369&quot;,
            &quot;version&quot;: &quot;::apt&quot;,
            &quot;url&quot;: &quot; &quot;
        },
        {
            &quot;name&quot;: &quot;cherry&quot;,
            &quot;action&quot;: &quot;delete&quot;,
            &quot;id&quot;: &quot;5495382&quot;,
            &quot;version&quot;: &quot;::fruits&quot;,
            &quot;url&quot;: &quot; &quot;
        },
        {
            &quot;name&quot;: &quot;registry&quot;,
            &quot;action&quot;: &quot;delete&quot;,
            &quot;id&quot;: &quot;8018911&quot;,
            &quot;version&quot;: &quot;::docker&quot;,
            &quot;url&quot;: &quot; &quot;
        }
    ]
}
03:08:43 INFO  Started operation: {'creationTime': '2022-07-22T03:08:43.259Z', 'deviceId': '21166555', 'deviceName': 'm32sd10d', 'self': 'https://t493319102.eu-latest.cumulocity.com/devicecontrol/operations/21230973', 'id': '21230973', 'status': 'PENDING', 'description': &quot;Apply software changes, triggered from PySys: [{'action': 'delete', 'id': '5495053', 'name': 'apple', 'url': ' ', 'version': '::fruits'}, {'action': 'delete', 'id': '5494888', 'name': 'banana', 'url': ' ', 'version': '::fruits'}, {'action': 'delete', 'id': '5475369', 'name': 'asciijump', 'url': ' ', 'version': '::apt'}, {'action': 'delete', 'id': '5495382', 'name': 'cherry', 'url': ' ', 'version': '::fruits'}, {'action': 'delete', 'id': '8018911', 'name': 'registry', 'url': ' ', 'version': '::docker'}]&quot;, 'c8y_SoftwareUpdate': [{'name': 'apple', 'action': 'delete', 'id': '5495053', 'version': '::fruits', 'url': ' '}, {'name': 'banana', 'action': 'delete', 'id': '5494888', 'version': '::fruits', 'url': ' '}, {'name': 'asciijump', 'action': 'delete', 'id': '5475369', 'version': '::apt', 'url': ' '}, {'name': 'cherry', 'action': 'delete', 'id': '5495382', 'version': '::fruits', 'url': ' '}, {'name': 'registry', 'action': 'delete', 'id': '8018911', 'version': '::docker', 'url': ' '}]}
03:08:45 INFO  State of operation 21230973 : PENDING
03:08:47 INFO  State of operation 21230973 : EXECUTING
03:08:49 INFO  State of operation 21230973 : EXECUTING
03:08:52 INFO  State of operation 21230973 : EXECUTING
03:08:54 INFO  State of operation 21230973 : EXECUTING
03:08:56 INFO  State of operation 21230973 : EXECUTING
03:08:59 INFO  State of operation 21230973 : EXECUTING
03:09:02 INFO  State of operation 21230973 : EXECUTING
03:09:04 INFO  State of operation 21230973 : EXECUTING
03:09:07 INFO  State of operation 21230973 : EXECUTING
03:09:09 INFO  State of operation 21230973 : EXECUTING
03:09:11 INFO  State of operation 21230973 : EXECUTING
03:09:13 INFO  State of operation 21230973 : EXECUTING
03:09:15 INFO  State of operation 21230973 : EXECUTING
03:09:18 INFO  State of operation 21230973 : EXECUTING
03:09:20 INFO  State of operation 21230973 : EXECUTING
03:09:24 INFO  State of operation 21230973 : EXECUTING
03:09:26 INFO  State of operation 21230973 : EXECUTING
03:09:29 INFO  State of operation 21230973 : EXECUTING
03:09:31 INFO  State of operation 21230973 : EXECUTING
03:09:33 INFO  State of operation 21230973 : EXECUTING
03:09:35 INFO  State of operation 21230973 : EXECUTING
03:09:38 INFO  State of operation 21230973 : EXECUTING
03:09:40 INFO  State of operation 21230973 : EXECUTING
03:09:43 INFO  State of operation 21230973 : EXECUTING
03:09:45 INFO  State of operation 21230973 : EXECUTING
03:09:47 INFO  State of operation 21230973 : EXECUTING
03:09:50 INFO  State of operation 21230973 : EXECUTING
03:09:52 INFO  State of operation 21230973 : EXECUTING
03:09:54 INFO  State of operation 21230973 : SUCCESSFUL
03:09:54 INFO  Package apple is installed
03:09:54 INFO  Assert that (True == value) with value=True ... passed
03:09:54 INFO  Package banana is installed
03:09:54 INFO  Assert that (True == value) with value=True ... passed
03:09:55 INFO  Package cherry is installed
03:09:55 INFO  Assert that (True == value) with value=True ... passed
03:09:55 INFO  Assert that (False == value) with value=False ... passed
03:09:55 INFO  Assert that (False == value) with value=False ... passed
03:09:55 INFO  
03:09:55 INFO  cleanup:
03:09:59 INFO  Executed sudo&lt;tedge_disconnect_c8y&gt;, exit status 0
03:10:00 INFO  Executed systemctl&lt;serv_mapper5&gt;, exit status 3
03:10:00 INFO  
03:10:00 INFO  Test duration: 165.87 secs
03:10:00 INFO  Test final outcome:  FAILED
03:10:00 INFO  Test outcome reason: Assert that (False == value) with value=True
03:10:00 INFO  
</system-out>
	</testcase>
</testsuite>
