<?xml version="1.0" encoding="utf-8"?>
<testsuite failures="1" name="SoftwareManagement.sm_apt_install_remove_multiple" skipped="0" tests="1" time="140.36" timestamp="2022-05-20T10:45:28">
	<testcase classname="PySysTest" name="SoftwareManagement.sm_apt_install_remove_multiple">
		<failure message="FAILED: Assert that (False == value) with value=True (+2 other failures)" type="FAILED"/>
		<system-out>10:43:08 INFO  ==============================================================
10:43:08 INFO  Id:    SoftwareManagement.sm_apt_install_remove_multiple
10:43:08 INFO  Dir:   software_management_end_to_end/
10:43:08 INFO  Title: Validate end to end behaviour for the apt plugin for multiple packages
10:43:08 INFO  ==============================================================
10:43:08 INFO  Using sw id database: {'asciijump': '5475369', 'robotfindskitten': '5474869', 'squirrel3': '5475279', 'rolldice': '5152439', 'moon-buggy': '5439204', 'apple': '5495053', 'banana': '5494888', 'cherry': '5495382', 'watermelon': '5494510', 'registry': '8018911', 'hello-world': '8021526', 'docker/getting-started': '8021973', 'alpine': '7991792'}
10:43:08 INFO  EnvironmentC8y Setup
10:43:09 INFO  Executed systemctl&lt;serv_mapper1&gt;, exit status 3
10:43:09 INFO  Restarting mosquitto too frequently in the last 10 seconds. It was only up for 4 seconds
10:43:09 INFO  Delaying execution by 7 seconds
10:43:29 INFO  Executed sudo&lt;tedge_connect_c8y&gt;, exit status 0, duration 13 secs
10:43:30 INFO  Executed sudo&lt;tedge_connect_c8y_test&gt;, exit status 0
10:43:30 INFO  Executed systemctl&lt;serv_mosq2&gt;, exit status 0
10:43:31 INFO  Executed systemctl&lt;serv_mapper3&gt;, exit status 0
10:43:33 INFO  State of current operation: SUCCESSFUL
10:43:34 INFO  Assert that (False == value) with value=False ... passed
10:43:34 INFO  Package asciijump is installed
10:43:34 WARN  Assert that (False == value) with value=True ... failed 
10:43:34 INFO  Package squirrel3 is installed
10:43:34 WARN  Assert that (False == value) with value=True ... failed 
10:43:35 INFO  Package robotfindskitten is installed
10:43:35 WARN  Assert that (False == value) with value=True ... failed 
10:43:35 INFO  Response status: 201
10:43:35 INFO  Response to action: {
    &quot;creationTime&quot;: &quot;2022-05-20T10:43:35.244Z&quot;,
    &quot;deviceId&quot;: &quot;19314048&quot;,
    &quot;deviceName&quot;: &quot;m32sd10d&quot;,
    &quot;self&quot;: &quot;https://t493319102.eu-latest.cumulocity.com/devicecontrol/operations/19394652&quot;,
    &quot;id&quot;: &quot;19394652&quot;,
    &quot;status&quot;: &quot;PENDING&quot;,
    &quot;description&quot;: &quot;Apply software changes, triggered from PySys: [{'action': 'install', 'id': '5475369', 'name': 'asciijump', 'url': ' ', 'version': '::apt'}, {'action': 'install', 'id': '5474869', 'name': 'robotfindskitten', 'url': ' ', 'version': '::apt'}, {'action': 'install', 'id': '5475279', 'name': 'squirrel3', 'url': ' ', 'version': '::apt'}]&quot;,
    &quot;c8y_SoftwareUpdate&quot;: [
        {
            &quot;name&quot;: &quot;asciijump&quot;,
            &quot;action&quot;: &quot;install&quot;,
            &quot;id&quot;: &quot;5475369&quot;,
            &quot;version&quot;: &quot;::apt&quot;,
            &quot;url&quot;: &quot; &quot;
        },
        {
            &quot;name&quot;: &quot;robotfindskitten&quot;,
            &quot;action&quot;: &quot;install&quot;,
            &quot;id&quot;: &quot;5474869&quot;,
            &quot;version&quot;: &quot;::apt&quot;,
            &quot;url&quot;: &quot; &quot;
        },
        {
            &quot;name&quot;: &quot;squirrel3&quot;,
            &quot;action&quot;: &quot;install&quot;,
            &quot;id&quot;: &quot;5475279&quot;,
            &quot;version&quot;: &quot;::apt&quot;,
            &quot;url&quot;: &quot; &quot;
        }
    ]
}
10:43:35 INFO  Started operation: {'creationTime': '2022-05-20T10:43:35.244Z', 'deviceId': '19314048', 'deviceName': 'm32sd10d', 'self': 'https://t493319102.eu-latest.cumulocity.com/devicecontrol/operations/19394652', 'id': '19394652', 'status': 'PENDING', 'description': &quot;Apply software changes, triggered from PySys: [{'action': 'install', 'id': '5475369', 'name': 'asciijump', 'url': ' ', 'version': '::apt'}, {'action': 'install', 'id': '5474869', 'name': 'robotfindskitten', 'url': ' ', 'version': '::apt'}, {'action': 'install', 'id': '5475279', 'name': 'squirrel3', 'url': ' ', 'version': '::apt'}]&quot;, 'c8y_SoftwareUpdate': [{'name': 'asciijump', 'action': 'install', 'id': '5475369', 'version': '::apt', 'url': ' '}, {'name': 'robotfindskitten', 'action': 'install', 'id': '5474869', 'version': '::apt', 'url': ' '}, {'name': 'squirrel3', 'action': 'install', 'id': '5475279', 'version': '::apt', 'url': ' '}]}
10:43:37 INFO  State of operation 19394652 : PENDING
10:43:39 INFO  State of operation 19394652 : EXECUTING
10:43:41 INFO  State of operation 19394652 : EXECUTING
10:43:44 INFO  State of operation 19394652 : EXECUTING
10:43:46 INFO  State of operation 19394652 : EXECUTING
10:43:48 INFO  State of operation 19394652 : EXECUTING
10:43:51 INFO  State of operation 19394652 : EXECUTING
10:43:54 INFO  State of operation 19394652 : EXECUTING
10:43:56 INFO  State of operation 19394652 : EXECUTING
10:43:59 INFO  State of operation 19394652 : EXECUTING
10:44:01 INFO  State of operation 19394652 : EXECUTING
10:44:03 INFO  State of operation 19394652 : EXECUTING
10:44:05 INFO  State of operation 19394652 : EXECUTING
10:44:07 INFO  State of operation 19394652 : EXECUTING
10:44:10 INFO  State of operation 19394652 : EXECUTING
10:44:12 INFO  State of operation 19394652 : SUCCESSFUL
10:44:12 INFO  Assert that (False == value) with value=False ... passed
10:44:12 INFO  Package asciijump is installed
10:44:12 INFO  Assert that (True == value) with value=True ... passed
10:44:13 INFO  Package squirrel3 is installed
10:44:13 INFO  Assert that (True == value) with value=True ... passed
10:44:13 INFO  Package robotfindskitten is installed
10:44:13 INFO  Assert that (True == value) with value=True ... passed
10:44:13 INFO  Response status: 201
10:44:13 INFO  Response to action: {
    &quot;creationTime&quot;: &quot;2022-05-20T10:44:13.475Z&quot;,
    &quot;deviceId&quot;: &quot;19314048&quot;,
    &quot;deviceName&quot;: &quot;m32sd10d&quot;,
    &quot;self&quot;: &quot;https://t493319102.eu-latest.cumulocity.com/devicecontrol/operations/19394660&quot;,
    &quot;id&quot;: &quot;19394660&quot;,
    &quot;status&quot;: &quot;PENDING&quot;,
    &quot;description&quot;: &quot;Apply software changes, triggered from PySys: [{'action': 'delete', 'id': '5475369', 'name': 'asciijump', 'url': ' ', 'version': '::apt'}, {'action': 'delete', 'id': '5474869', 'name': 'robotfindskitten', 'url': ' ', 'version': '::apt'}, {'action': 'delete', 'id': '5475279', 'name': 'squirrel3', 'url': ' ', 'version': '::apt'}]&quot;,
    &quot;c8y_SoftwareUpdate&quot;: [
        {
            &quot;name&quot;: &quot;asciijump&quot;,
            &quot;action&quot;: &quot;delete&quot;,
            &quot;id&quot;: &quot;5475369&quot;,
            &quot;version&quot;: &quot;::apt&quot;,
            &quot;url&quot;: &quot; &quot;
        },
        {
            &quot;name&quot;: &quot;robotfindskitten&quot;,
            &quot;action&quot;: &quot;delete&quot;,
            &quot;id&quot;: &quot;5474869&quot;,
            &quot;version&quot;: &quot;::apt&quot;,
            &quot;url&quot;: &quot; &quot;
        },
        {
            &quot;name&quot;: &quot;squirrel3&quot;,
            &quot;action&quot;: &quot;delete&quot;,
            &quot;id&quot;: &quot;5475279&quot;,
            &quot;version&quot;: &quot;::apt&quot;,
            &quot;url&quot;: &quot; &quot;
        }
    ]
}
10:44:13 INFO  Started operation: {'creationTime': '2022-05-20T10:44:13.475Z', 'deviceId': '19314048', 'deviceName': 'm32sd10d', 'self': 'https://t493319102.eu-latest.cumulocity.com/devicecontrol/operations/19394660', 'id': '19394660', 'status': 'PENDING', 'description': &quot;Apply software changes, triggered from PySys: [{'action': 'delete', 'id': '5475369', 'name': 'asciijump', 'url': ' ', 'version': '::apt'}, {'action': 'delete', 'id': '5474869', 'name': 'robotfindskitten', 'url': ' ', 'version': '::apt'}, {'action': 'delete', 'id': '5475279', 'name': 'squirrel3', 'url': ' ', 'version': '::apt'}]&quot;, 'c8y_SoftwareUpdate': [{'name': 'asciijump', 'action': 'delete', 'id': '5475369', 'version': '::apt', 'url': ' '}, {'name': 'robotfindskitten', 'action': 'delete', 'id': '5474869', 'version': '::apt', 'url': ' '}, {'name': 'squirrel3', 'action': 'delete', 'id': '5475279', 'version': '::apt', 'url': ' '}]}
10:44:15 INFO  State of operation 19394660 : PENDING
10:44:17 INFO  State of operation 19394660 : EXECUTING
10:44:20 INFO  State of operation 19394660 : EXECUTING
10:44:22 INFO  State of operation 19394660 : EXECUTING
10:44:24 INFO  State of operation 19394660 : EXECUTING
10:44:26 INFO  State of operation 19394660 : EXECUTING
10:44:29 INFO  State of operation 19394660 : EXECUTING
10:44:32 INFO  State of operation 19394660 : EXECUTING
10:44:34 INFO  State of operation 19394660 : EXECUTING
10:44:37 INFO  State of operation 19394660 : EXECUTING
10:44:39 INFO  State of operation 19394660 : EXECUTING
10:44:41 INFO  State of operation 19394660 : EXECUTING
10:44:43 INFO  State of operation 19394660 : EXECUTING
10:44:46 INFO  State of operation 19394660 : EXECUTING
10:44:48 INFO  State of operation 19394660 : EXECUTING
10:44:50 INFO  State of operation 19394660 : EXECUTING
10:44:52 INFO  State of operation 19394660 : EXECUTING
10:44:55 INFO  State of operation 19394660 : EXECUTING
10:44:57 INFO  State of operation 19394660 : EXECUTING
10:45:00 INFO  State of operation 19394660 : EXECUTING
10:45:02 INFO  State of operation 19394660 : EXECUTING
10:45:04 INFO  State of operation 19394660 : EXECUTING
10:45:06 INFO  State of operation 19394660 : EXECUTING
10:45:09 INFO  State of operation 19394660 : EXECUTING
10:45:11 INFO  State of operation 19394660 : EXECUTING
10:45:14 INFO  State of operation 19394660 : EXECUTING
10:45:16 INFO  State of operation 19394660 : EXECUTING
10:45:18 INFO  State of operation 19394660 : EXECUTING
10:45:20 INFO  State of operation 19394660 : EXECUTING
10:45:23 INFO  State of operation 19394660 : SUCCESSFUL
10:45:23 INFO  Assert that (False == value) with value=False ... passed
10:45:23 INFO  Assert that (False == value) with value=False ... passed
10:45:23 INFO  Assert that (False == value) with value=False ... passed
10:45:24 INFO  Assert that (False == value) with value=False ... passed
10:45:24 INFO  
10:45:24 INFO  cleanup:
10:45:28 INFO  Executed sudo&lt;tedge_disconnect_c8y&gt;, exit status 0
10:45:28 INFO  Executed systemctl&lt;serv_mapper5&gt;, exit status 3
10:45:28 INFO  
10:45:28 INFO  Test duration: 140.36 secs
10:45:28 INFO  Test final outcome:  FAILED
10:45:28 INFO  Test outcome reason: Assert that (False == value) with value=True (+2 other failures)
10:45:28 INFO  
</system-out>
	</testcase>
</testsuite>
