<?xml version="1.0" encoding="utf-8"?>
<testsuite failures="1" name="SoftwareManagement.sm_apt_install_remove_with_version" skipped="0" tests="1" time="165.61" timestamp="2022-05-23T18:09:36">
	<testcase classname="PySysTest" name="SoftwareManagement.sm_apt_install_remove_with_version">
		<failure message="BLOCKED: SystemError: Timeout while waiting for status FAILED or SUCCESSFUL" type="BLOCKED"/>
		<system-out>18:06:50 INFO  ==============================================================
18:06:50 INFO  Id:    SoftwareManagement.sm_apt_install_remove_with_version
18:06:50 INFO  Dir:   software_management_end_to_end/
18:06:50 INFO  Title: Validate end to end behaviour for the apt plugin for packages with version
18:06:50 INFO  ==============================================================
18:06:50 INFO  Using sw id database: {'asciijump': '5475369', 'robotfindskitten': '5474869', 'squirrel3': '5475279', 'rolldice': '5152439', 'moon-buggy': '5439204', 'apple': '5495053', 'banana': '5494888', 'cherry': '5495382', 'watermelon': '5494510', 'registry': '8018911', 'hello-world': '8021526', 'docker/getting-started': '8021973', 'alpine': '7991792'}
18:06:50 INFO  EnvironmentC8y Setup
18:06:51 INFO  Executed systemctl&lt;serv_mapper1&gt;, exit status 3
18:06:51 INFO  Restarting mosquitto too frequently in the last 10 seconds. It was only up for 5 seconds
18:06:51 INFO  Delaying execution by 6 seconds
18:07:11 INFO  Executed sudo&lt;tedge_connect_c8y&gt;, exit status 0, duration 14 secs
18:07:12 INFO  Executed sudo&lt;tedge_connect_c8y_test&gt;, exit status 0
18:07:12 INFO  Executed systemctl&lt;serv_mosq2&gt;, exit status 0
18:07:13 INFO  Executed systemctl&lt;serv_mapper3&gt;, exit status 0
18:07:15 INFO  State of current operation: PENDING
18:07:17 INFO  State of current operation: PENDING
18:07:19 INFO  State of current operation: PENDING
18:07:22 INFO  State of current operation: PENDING
18:07:24 INFO  State of current operation: PENDING
18:07:26 INFO  State of current operation: PENDING
18:07:28 INFO  State of current operation: PENDING
18:07:31 INFO  State of current operation: PENDING
18:07:33 INFO  State of current operation: PENDING
18:07:35 INFO  State of current operation: PENDING
18:07:37 INFO  State of current operation: PENDING
18:07:39 INFO  State of current operation: PENDING
18:07:42 INFO  State of current operation: PENDING
18:07:44 INFO  State of current operation: PENDING
18:07:46 INFO  State of current operation: PENDING
18:07:48 INFO  State of current operation: PENDING
18:07:51 INFO  State of current operation: PENDING
18:07:53 INFO  State of current operation: PENDING
18:07:55 INFO  State of current operation: PENDING
18:07:58 INFO  State of current operation: PENDING
18:08:00 INFO  State of current operation: PENDING
18:08:02 INFO  State of current operation: PENDING
18:08:04 INFO  State of current operation: PENDING
18:08:07 INFO  State of current operation: PENDING
18:08:09 INFO  State of current operation: PENDING
18:08:11 INFO  State of current operation: PENDING
18:08:13 INFO  State of current operation: PENDING
18:08:15 INFO  State of current operation: PENDING
18:08:18 INFO  State of current operation: PENDING
18:08:20 INFO  State of current operation: PENDING
18:08:22 INFO  State of current operation: PENDING
18:08:24 INFO  State of current operation: PENDING
18:08:27 INFO  State of current operation: PENDING
18:08:29 INFO  State of current operation: PENDING
18:08:31 INFO  State of current operation: PENDING
18:08:33 INFO  State of current operation: PENDING
18:08:36 INFO  State of current operation: PENDING
18:08:38 INFO  State of current operation: PENDING
18:08:40 INFO  State of current operation: PENDING
18:08:42 INFO  State of current operation: PENDING
18:08:45 INFO  State of current operation: PENDING
18:08:47 INFO  State of current operation: PENDING
18:08:49 INFO  State of current operation: PENDING
18:08:51 INFO  State of current operation: PENDING
18:08:54 INFO  State of current operation: PENDING
18:08:56 INFO  State of current operation: PENDING
18:08:58 INFO  State of current operation: PENDING
18:09:00 INFO  State of current operation: PENDING
18:09:02 INFO  State of current operation: PENDING
18:09:05 INFO  State of current operation: PENDING
18:09:07 INFO  State of current operation: PENDING
18:09:09 INFO  State of current operation: PENDING
18:09:11 INFO  State of current operation: PENDING
18:09:14 INFO  State of current operation: PENDING
18:09:16 INFO  State of current operation: PENDING
18:09:18 INFO  State of current operation: PENDING
18:09:20 INFO  State of current operation: PENDING
18:09:23 INFO  State of current operation: PENDING
18:09:25 INFO  State of current operation: PENDING
18:09:27 INFO  State of current operation: PENDING
18:09:29 INFO  State of current operation: PENDING
18:09:31 WARN  SystemError occurred while running test - Timeout while waiting for status FAILED or SUCCESSFUL
Traceback (most recent call last):
  File &quot;/home/pi/env-pysys/lib/python3.7/site-packages/pysys/baserunner.py&quot;, line 1292, in __call__
    self.testObj.setup()
  File &quot;/home/pi/actions-runner/_work/thin-edge.io/thin-edge.io/tests/PySys/software_management_end_to_end/sm_apt_install_remove_with_version/run.py&quot;, line 27, in setup
    super().setup()
  File &quot;/home/pi/actions-runner/_work/thin-edge.io/thin-edge.io/tests/PySys/software_management_end_to_end/environment_sm_management.py&quot;, line 151, in setup
    self.wait_until_end()
  File &quot;/home/pi/actions-runner/_work/thin-edge.io/thin-edge.io/tests/PySys/software_management_end_to_end/environment_sm_management.py&quot;, line 332, in wait_until_end
    self.wait_until_status(&quot;FAILED&quot;, &quot;SUCCESSFUL&quot;)
  File &quot;/home/pi/actions-runner/_work/thin-edge.io/thin-edge.io/tests/PySys/software_management_end_to_end/environment_sm_management.py&quot;, line 381, in wait_until_status
    &quot;Timeout while waiting for status %s or %s&quot; % (status, status2)
SystemError: Timeout while waiting for status FAILED or SUCCESSFUL
18:09:31 WARN  SystemError: Timeout while waiting for status FAILED or SUCCESSFUL ... blocked 
18:09:31 INFO  
18:09:31 INFO  cleanup:
18:09:35 INFO  Executed sudo&lt;tedge_disconnect_c8y&gt;, exit status 0
18:09:36 INFO  Executed systemctl&lt;serv_mapper5&gt;, exit status 3
18:09:36 INFO  
18:09:36 INFO  Test duration: 165.61 secs
18:09:36 INFO  Test final outcome:  BLOCKED
18:09:36 INFO  Test outcome reason: SystemError: Timeout while waiting for status FAILED or SUCCESSFUL
18:09:36 INFO  
</system-out>
	</testcase>
</testsuite>
