<?xml version="1.0" encoding="utf-8"?>
<testsuite failures="1" name="SoftwareManagement.sm_apt_install_remove" skipped="0" tests="1" time="165.62" timestamp="2022-05-23T17:58:32">
	<testcase classname="PySysTest" name="SoftwareManagement.sm_apt_install_remove">
		<failure message="BLOCKED: SystemError: Timeout while waiting for status FAILED or SUCCESSFUL" type="BLOCKED"/>
		<system-out>17:55:46 INFO  ==============================================================
17:55:46 INFO  Id:    SoftwareManagement.sm_apt_install_remove
17:55:46 INFO  Dir:   software_management_end_to_end/
17:55:46 INFO  Title: Validate end to end behaviour for the apt plugin for installation and removal of packages
17:55:46 INFO  ==============================================================
17:55:46 INFO  Using sw id database: {'asciijump': '5475369', 'robotfindskitten': '5474869', 'squirrel3': '5475279', 'rolldice': '5152439', 'moon-buggy': '5439204', 'apple': '5495053', 'banana': '5494888', 'cherry': '5495382', 'watermelon': '5494510', 'registry': '8018911', 'hello-world': '8021526', 'docker/getting-started': '8021973', 'alpine': '7991792'}
17:55:46 INFO  EnvironmentC8y Setup
17:55:47 INFO  Executed systemctl&lt;serv_mapper1&gt;, exit status 3
17:55:47 INFO  Restarting mosquitto too frequently in the last 10 seconds. It was only up for 5 seconds
17:55:47 INFO  Delaying execution by 6 seconds
17:56:07 INFO  Executed sudo&lt;tedge_connect_c8y&gt;, exit status 0, duration 14 secs
17:56:08 INFO  Executed sudo&lt;tedge_connect_c8y_test&gt;, exit status 0
17:56:08 INFO  Executed systemctl&lt;serv_mosq2&gt;, exit status 0
17:56:09 INFO  Executed systemctl&lt;serv_mapper3&gt;, exit status 0
17:56:11 INFO  State of current operation: PENDING
17:56:13 INFO  State of current operation: PENDING
17:56:16 INFO  State of current operation: PENDING
17:56:18 INFO  State of current operation: PENDING
17:56:20 INFO  State of current operation: PENDING
17:56:22 INFO  State of current operation: PENDING
17:56:24 INFO  State of current operation: PENDING
17:56:27 INFO  State of current operation: PENDING
17:56:29 INFO  State of current operation: PENDING
17:56:31 INFO  State of current operation: PENDING
17:56:33 INFO  State of current operation: PENDING
17:56:36 INFO  State of current operation: PENDING
17:56:38 INFO  State of current operation: PENDING
17:56:40 INFO  State of current operation: PENDING
17:56:42 INFO  State of current operation: PENDING
17:56:44 INFO  State of current operation: PENDING
17:56:47 INFO  State of current operation: PENDING
17:56:49 INFO  State of current operation: PENDING
17:56:51 INFO  State of current operation: PENDING
17:56:53 INFO  State of current operation: PENDING
17:56:56 INFO  State of current operation: PENDING
17:56:58 INFO  State of current operation: PENDING
17:57:00 INFO  State of current operation: PENDING
17:57:02 INFO  State of current operation: PENDING
17:57:05 INFO  State of current operation: PENDING
17:57:07 INFO  State of current operation: PENDING
17:57:09 INFO  State of current operation: PENDING
17:57:11 INFO  State of current operation: PENDING
17:57:14 INFO  State of current operation: PENDING
17:57:16 INFO  State of current operation: PENDING
17:57:18 INFO  State of current operation: PENDING
17:57:20 INFO  State of current operation: PENDING
17:57:23 INFO  State of current operation: PENDING
17:57:25 INFO  State of current operation: PENDING
17:57:27 INFO  State of current operation: PENDING
17:57:29 INFO  State of current operation: PENDING
17:57:31 INFO  State of current operation: PENDING
17:57:34 INFO  State of current operation: PENDING
17:57:36 INFO  State of current operation: PENDING
17:57:38 INFO  State of current operation: PENDING
17:57:40 INFO  State of current operation: PENDING
17:57:43 INFO  State of current operation: PENDING
17:57:45 INFO  State of current operation: PENDING
17:57:47 INFO  State of current operation: PENDING
17:57:49 INFO  State of current operation: PENDING
17:57:51 INFO  State of current operation: PENDING
17:57:54 INFO  State of current operation: PENDING
17:57:56 INFO  State of current operation: PENDING
17:57:58 INFO  State of current operation: PENDING
17:58:00 INFO  State of current operation: PENDING
17:58:03 INFO  State of current operation: PENDING
17:58:05 INFO  State of current operation: PENDING
17:58:07 INFO  State of current operation: PENDING
17:58:09 INFO  State of current operation: PENDING
17:58:12 INFO  State of current operation: PENDING
17:58:14 INFO  State of current operation: PENDING
17:58:16 INFO  State of current operation: PENDING
17:58:18 INFO  State of current operation: PENDING
17:58:21 INFO  State of current operation: PENDING
17:58:23 INFO  State of current operation: PENDING
17:58:25 INFO  State of current operation: PENDING
17:58:27 WARN  SystemError occurred while running test - Timeout while waiting for status FAILED or SUCCESSFUL
Traceback (most recent call last):
  File &quot;/home/pi/env-pysys/lib/python3.7/site-packages/pysys/baserunner.py&quot;, line 1292, in __call__
    self.testObj.setup()
  File &quot;/home/pi/actions-runner/_work/thin-edge.io/thin-edge.io/tests/PySys/software_management_end_to_end/sm_apt_install_remove/run.py&quot;, line 27, in setup
    super().setup()
  File &quot;/home/pi/actions-runner/_work/thin-edge.io/thin-edge.io/tests/PySys/software_management_end_to_end/environment_sm_management.py&quot;, line 151, in setup
    self.wait_until_end()
  File &quot;/home/pi/actions-runner/_work/thin-edge.io/thin-edge.io/tests/PySys/software_management_end_to_end/environment_sm_management.py&quot;, line 332, in wait_until_end
    self.wait_until_status(&quot;FAILED&quot;, &quot;SUCCESSFUL&quot;)
  File &quot;/home/pi/actions-runner/_work/thin-edge.io/thin-edge.io/tests/PySys/software_management_end_to_end/environment_sm_management.py&quot;, line 381, in wait_until_status
    &quot;Timeout while waiting for status %s or %s&quot; % (status, status2)
SystemError: Timeout while waiting for status FAILED or SUCCESSFUL
17:58:27 WARN  SystemError: Timeout while waiting for status FAILED or SUCCESSFUL ... blocked 
17:58:27 INFO  
17:58:27 INFO  cleanup:
17:58:31 INFO  Executed sudo&lt;tedge_disconnect_c8y&gt;, exit status 0
17:58:32 INFO  Executed systemctl&lt;serv_mapper5&gt;, exit status 3
17:58:32 INFO  
17:58:32 INFO  Test duration: 165.62 secs
17:58:32 INFO  Test final outcome:  BLOCKED
17:58:32 INFO  Test outcome reason: SystemError: Timeout while waiting for status FAILED or SUCCESSFUL
17:58:32 INFO  
</system-out>
	</testcase>
</testsuite>
