<?xml version="1.0" encoding="utf-8"?>
<testsuite failures="0" name="SoftwareManagement.sm_mapper_fail_and_reconnect" skipped="1" tests="1" time="0.08" timestamp="2022-06-08T12:48:43">
	<testcase classname="MapperC8yReceiveLastMessageOnRestart" name="SoftwareManagement.sm_mapper_fail_and_reconnect">
		<skipped message="SKIPPED: instable https://github.com/thin-edge/thin-edge.io/issues/752"/>
		<system-out>12:48:43 INFO  ==============================================================
12:48:43 INFO  Id:    SoftwareManagement.sm_mapper_fail_and_reconnect
12:48:43 INFO  Dir:   software_management_end_to_end/
12:48:43 INFO  Title: Validate the tedge-mapper-sm-c8y for receiving the last message on restart
12:48:43 INFO  ==============================================================
12:48:43 INFO  instable https://github.com/thin-edge/thin-edge.io/issues/752 ... skipped
12:48:43 INFO  
12:48:43 INFO  Test duration: 0.08 secs
12:48:43 INFO  Test final outcome:  SKIPPED
12:48:43 INFO  Test outcome reason: instable https://github.com/thin-edge/thin-edge.io/issues/752
12:48:43 INFO  
</system-out>
	</testcase>
</testsuite>
