<?xml version="1.0" encoding="utf-8"?>
<testsuite failures="1" name="SoftwareManagement.sm_apt_install_remove_default" skipped="0" tests="1" time="165.06" timestamp="2022-05-23T20:21:30">
	<testcase classname="PySysTest" name="SoftwareManagement.sm_apt_install_remove_default">
		<failure message="BLOCKED: SystemError: Timeout while waiting for status FAILED or SUCCESSFUL" type="BLOCKED"/>
		<system-out>20:18:45 INFO  ==============================================================
20:18:45 INFO  Id:    SoftwareManagement.sm_apt_install_remove_default
20:18:45 INFO  Dir:   software_management_end_to_end/
20:18:45 INFO  Title: Validate end to end behaviour for the default plugin for installation and removal of packages
20:18:45 INFO  ==============================================================
20:18:45 INFO  Using sw id database: {'asciijump': '5475369', 'robotfindskitten': '5474869', 'squirrel3': '5475279', 'rolldice': '5152439', 'moon-buggy': '5439204', 'apple': '5495053', 'banana': '5494888', 'cherry': '5495382', 'watermelon': '5494510', 'registry': '8018911', 'hello-world': '8021526', 'docker/getting-started': '8021973', 'alpine': '7991792'}
20:18:45 INFO  EnvironmentC8y Setup
20:18:46 INFO  Executed systemctl&lt;serv_mapper1&gt;, exit status 3
20:18:46 INFO  Restarting mosquitto too frequently in the last 10 seconds. It was only up for 5 seconds
20:18:46 INFO  Delaying execution by 6 seconds
20:19:06 INFO  Executed sudo&lt;tedge_connect_c8y&gt;, exit status 0, duration 13 secs
20:19:06 INFO  Executed sudo&lt;tedge_connect_c8y_test&gt;, exit status 0
20:19:07 INFO  Executed systemctl&lt;serv_mosq2&gt;, exit status 0
20:19:07 INFO  Executed systemctl&lt;serv_mapper3&gt;, exit status 0
20:19:10 INFO  State of current operation: PENDING
20:19:12 INFO  State of current operation: PENDING
20:19:14 INFO  State of current operation: PENDING
20:19:16 INFO  State of current operation: PENDING
20:19:19 INFO  State of current operation: PENDING
20:19:21 INFO  State of current operation: PENDING
20:19:23 INFO  State of current operation: PENDING
20:19:25 INFO  State of current operation: PENDING
20:19:27 INFO  State of current operation: PENDING
20:19:30 INFO  State of current operation: PENDING
20:19:32 INFO  State of current operation: PENDING
20:19:34 INFO  State of current operation: PENDING
20:19:36 INFO  State of current operation: PENDING
20:19:39 INFO  State of current operation: PENDING
20:19:41 INFO  State of current operation: PENDING
20:19:43 INFO  State of current operation: PENDING
20:19:45 INFO  State of current operation: PENDING
20:19:48 INFO  State of current operation: PENDING
20:19:50 INFO  State of current operation: PENDING
20:19:52 INFO  State of current operation: PENDING
20:19:54 INFO  State of current operation: PENDING
20:19:57 INFO  State of current operation: PENDING
20:19:59 INFO  State of current operation: PENDING
20:20:01 INFO  State of current operation: PENDING
20:20:03 INFO  State of current operation: PENDING
20:20:06 INFO  State of current operation: PENDING
20:20:08 INFO  State of current operation: PENDING
20:20:10 INFO  State of current operation: PENDING
20:20:12 INFO  State of current operation: PENDING
20:20:14 INFO  State of current operation: PENDING
20:20:17 INFO  State of current operation: PENDING
20:20:19 INFO  State of current operation: PENDING
20:20:21 INFO  State of current operation: PENDING
20:20:23 INFO  State of current operation: PENDING
20:20:26 INFO  State of current operation: PENDING
20:20:28 INFO  State of current operation: PENDING
20:20:30 INFO  State of current operation: PENDING
20:20:32 INFO  State of current operation: PENDING
20:20:35 INFO  State of current operation: PENDING
20:20:37 INFO  State of current operation: PENDING
20:20:39 INFO  State of current operation: PENDING
20:20:41 INFO  State of current operation: PENDING
20:20:44 INFO  State of current operation: PENDING
20:20:46 INFO  State of current operation: PENDING
20:20:48 INFO  State of current operation: PENDING
20:20:50 INFO  State of current operation: PENDING
20:20:52 INFO  State of current operation: PENDING
20:20:55 INFO  State of current operation: PENDING
20:20:57 INFO  State of current operation: PENDING
20:20:59 INFO  State of current operation: PENDING
20:21:01 INFO  State of current operation: PENDING
20:21:04 INFO  State of current operation: PENDING
20:21:06 INFO  State of current operation: PENDING
20:21:08 INFO  State of current operation: PENDING
20:21:10 INFO  State of current operation: PENDING
20:21:13 INFO  State of current operation: PENDING
20:21:15 INFO  State of current operation: PENDING
20:21:17 INFO  State of current operation: PENDING
20:21:19 INFO  State of current operation: PENDING
20:21:22 INFO  State of current operation: PENDING
20:21:24 INFO  State of current operation: PENDING
20:21:26 WARN  SystemError occurred while running test - Timeout while waiting for status FAILED or SUCCESSFUL
Traceback (most recent call last):
  File &quot;/home/pi/env-pysys/lib/python3.7/site-packages/pysys/baserunner.py&quot;, line 1292, in __call__
    self.testObj.setup()
  File &quot;/home/pi/actions-runner/_work/thin-edge.io/thin-edge.io/tests/PySys/software_management_end_to_end/sm_apt_install_remove_default/run.py&quot;, line 26, in setup
    super().setup()
  File &quot;/home/pi/actions-runner/_work/thin-edge.io/thin-edge.io/tests/PySys/software_management_end_to_end/environment_sm_management.py&quot;, line 151, in setup
    self.wait_until_end()
  File &quot;/home/pi/actions-runner/_work/thin-edge.io/thin-edge.io/tests/PySys/software_management_end_to_end/environment_sm_management.py&quot;, line 332, in wait_until_end
    self.wait_until_status(&quot;FAILED&quot;, &quot;SUCCESSFUL&quot;)
  File &quot;/home/pi/actions-runner/_work/thin-edge.io/thin-edge.io/tests/PySys/software_management_end_to_end/environment_sm_management.py&quot;, line 381, in wait_until_status
    &quot;Timeout while waiting for status %s or %s&quot; % (status, status2)
SystemError: Timeout while waiting for status FAILED or SUCCESSFUL
20:21:26 WARN  SystemError: Timeout while waiting for status FAILED or SUCCESSFUL ... blocked 
20:21:26 INFO  
20:21:26 INFO  cleanup:
20:21:30 INFO  Executed sudo&lt;tedge_disconnect_c8y&gt;, exit status 0
20:21:30 INFO  Executed systemctl&lt;serv_mapper5&gt;, exit status 3
20:21:30 INFO  
20:21:30 INFO  Test duration: 165.06 secs
20:21:30 INFO  Test final outcome:  BLOCKED
20:21:30 INFO  Test outcome reason: SystemError: Timeout while waiting for status FAILED or SUCCESSFUL
20:21:30 INFO  
</system-out>
	</testcase>
</testsuite>
