<?xml version="1.0" encoding="utf-8"?>
<testsuite failures="1" name="SoftwareManagement.sm_mixed_install_remove_multiple" skipped="0" tests="1" time="163.7" timestamp="2022-07-22T15:41:08">
	<testcase classname="PySysTest" name="SoftwareManagement.sm_mixed_install_remove_multiple">
		<failure message="FAILED: Assert that (False == value) with value=True" type="FAILED"/>
		<system-out>15:38:25 INFO  ==============================================================
15:38:25 INFO  Id:    SoftwareManagement.sm_mixed_install_remove_multiple
15:38:25 INFO  Dir:   software_management_end_to_end/
15:38:25 INFO  Title: Validate end to end behaviour for the dummy-plugin for multiple packages with mixed versions
15:38:25 INFO  ==============================================================
15:38:25 INFO  Using sw id database: {'asciijump': '5475369', 'robotfindskitten': '5474869', 'squirrel3': '5475279', 'rolldice': '5152439', 'moon-buggy': '5439204', 'apple': '5495053', 'banana': '5494888', 'cherry': '5495382', 'watermelon': '5494510', 'registry': '8018911', 'hello-world': '8021526', 'docker/getting-started': '8021973', 'alpine': '7991792'}
15:38:25 INFO  EnvironmentC8y Setup
15:38:25 INFO  Executed systemctl&lt;serv_mapper1&gt;, exit status 3
15:38:25 INFO  Restarting mosquitto too frequently in the last 10 seconds. It was only up for 4 seconds
15:38:25 INFO  Delaying execution by 7 seconds
15:38:46 INFO  Executed sudo&lt;tedge_connect_c8y&gt;, exit status 0, duration 13 secs
15:38:47 INFO  Executed sudo&lt;tedge_connect_c8y_test&gt;, exit status 0
15:38:47 INFO  Executed systemctl&lt;serv_mosq2&gt;, exit status 0
15:38:48 INFO  Executed systemctl&lt;serv_mapper3&gt;, exit status 0
15:38:50 INFO  State of current operation: SUCCESSFUL
15:38:50 INFO  Package apple is installed
15:38:50 INFO  Assert that (True == value) with value=True ... passed
15:38:51 INFO  Package banana is installed
15:38:51 INFO  Assert that (True == value) with value=True ... passed
15:38:51 INFO  Package cherry is installed
15:38:51 INFO  Assert that (True == value) with value=True ... passed
15:38:51 INFO  Package asciijump is installed
15:38:51 WARN  Assert that (False == value) with value=True ... failed 
15:38:51 INFO  Assert that (False == value) with value=False ... passed
15:38:52 INFO  Response status: 201
15:38:52 INFO  Response to action: {
    &quot;creationTime&quot;: &quot;2022-07-22T15:38:52.075Z&quot;,
    &quot;deviceId&quot;: &quot;21278192&quot;,
    &quot;deviceName&quot;: &quot;m32sd10d&quot;,
    &quot;self&quot;: &quot;https://t493319102.eu-latest.cumulocity.com/devicecontrol/operations/21290664&quot;,
    &quot;id&quot;: &quot;21290664&quot;,
    &quot;status&quot;: &quot;PENDING&quot;,
    &quot;description&quot;: &quot;Apply software changes, triggered from PySys: [{'action': 'install', 'id': '5495053', 'name': 'apple', 'url': ' ', 'version': '::fruits'}, {'action': 'install', 'id': '5494888', 'name': 'banana', 'url': ' ', 'version': '::fruits'}, {'action': 'install', 'id': '5475369', 'name': 'asciijump', 'url': ' ', 'version': '::apt'}, {'action': 'install', 'id': '5495382', 'name': 'cherry', 'url': ' ', 'version': '::fruits'}, {'action': 'install', 'id': '8018911', 'name': 'registry', 'url': ' ', 'version': '::docker'}]&quot;,
    &quot;c8y_SoftwareUpdate&quot;: [
        {
            &quot;name&quot;: &quot;apple&quot;,
            &quot;action&quot;: &quot;install&quot;,
            &quot;id&quot;: &quot;5495053&quot;,
            &quot;version&quot;: &quot;::fruits&quot;,
            &quot;url&quot;: &quot; &quot;
        },
        {
            &quot;name&quot;: &quot;banana&quot;,
            &quot;action&quot;: &quot;install&quot;,
            &quot;id&quot;: &quot;5494888&quot;,
            &quot;version&quot;: &quot;::fruits&quot;,
            &quot;url&quot;: &quot; &quot;
        },
        {
            &quot;name&quot;: &quot;asciijump&quot;,
            &quot;action&quot;: &quot;install&quot;,
            &quot;id&quot;: &quot;5475369&quot;,
            &quot;version&quot;: &quot;::apt&quot;,
            &quot;url&quot;: &quot; &quot;
        },
        {
            &quot;name&quot;: &quot;cherry&quot;,
            &quot;action&quot;: &quot;install&quot;,
            &quot;id&quot;: &quot;5495382&quot;,
            &quot;version&quot;: &quot;::fruits&quot;,
            &quot;url&quot;: &quot; &quot;
        },
        {
            &quot;name&quot;: &quot;registry&quot;,
            &quot;action&quot;: &quot;install&quot;,
            &quot;id&quot;: &quot;8018911&quot;,
            &quot;version&quot;: &quot;::docker&quot;,
            &quot;url&quot;: &quot; &quot;
        }
    ]
}
15:38:52 INFO  Started operation: {'creationTime': '2022-07-22T15:38:52.075Z', 'deviceId': '21278192', 'deviceName': 'm32sd10d', 'self': 'https://t493319102.eu-latest.cumulocity.com/devicecontrol/operations/21290664', 'id': '21290664', 'status': 'PENDING', 'description': &quot;Apply software changes, triggered from PySys: [{'action': 'install', 'id': '5495053', 'name': 'apple', 'url': ' ', 'version': '::fruits'}, {'action': 'install', 'id': '5494888', 'name': 'banana', 'url': ' ', 'version': '::fruits'}, {'action': 'install', 'id': '5475369', 'name': 'asciijump', 'url': ' ', 'version': '::apt'}, {'action': 'install', 'id': '5495382', 'name': 'cherry', 'url': ' ', 'version': '::fruits'}, {'action': 'install', 'id': '8018911', 'name': 'registry', 'url': ' ', 'version': '::docker'}]&quot;, 'c8y_SoftwareUpdate': [{'name': 'apple', 'action': 'install', 'id': '5495053', 'version': '::fruits', 'url': ' '}, {'name': 'banana', 'action': 'install', 'id': '5494888', 'version': '::fruits', 'url': ' '}, {'name': 'asciijump', 'action': 'install', 'id': '5475369', 'version': '::apt', 'url': ' '}, {'name': 'cherry', 'action': 'install', 'id': '5495382', 'version': '::fruits', 'url': ' '}, {'name': 'registry', 'action': 'install', 'id': '8018911', 'version': '::docker', 'url': ' '}]}
15:38:54 INFO  State of operation 21290664 : PENDING
15:38:56 INFO  State of operation 21290664 : EXECUTING
15:38:58 INFO  State of operation 21290664 : EXECUTING
15:39:01 INFO  State of operation 21290664 : EXECUTING
15:39:03 INFO  State of operation 21290664 : EXECUTING
15:39:05 INFO  State of operation 21290664 : EXECUTING
15:39:08 INFO  State of operation 21290664 : EXECUTING
15:39:10 INFO  State of operation 21290664 : EXECUTING
15:39:13 INFO  State of operation 21290664 : EXECUTING
15:39:15 INFO  State of operation 21290664 : EXECUTING
15:39:18 INFO  State of operation 21290664 : EXECUTING
15:39:20 INFO  State of operation 21290664 : EXECUTING
15:39:22 INFO  State of operation 21290664 : EXECUTING
15:39:24 INFO  State of operation 21290664 : EXECUTING
15:39:26 INFO  State of operation 21290664 : EXECUTING
15:39:29 INFO  State of operation 21290664 : EXECUTING
15:39:31 INFO  State of operation 21290664 : EXECUTING
15:39:33 INFO  State of operation 21290664 : EXECUTING
15:39:36 INFO  State of operation 21290664 : EXECUTING
15:39:38 INFO  State of operation 21290664 : EXECUTING
15:39:40 INFO  State of operation 21290664 : EXECUTING
15:39:42 INFO  State of operation 21290664 : EXECUTING
15:39:44 INFO  State of operation 21290664 : EXECUTING
15:39:47 INFO  State of operation 21290664 : EXECUTING
15:39:49 INFO  State of operation 21290664 : EXECUTING
15:39:51 INFO  State of operation 21290664 : SUCCESSFUL
15:39:51 INFO  Package apple is installed
15:39:51 INFO  Assert that (True == value) with value=True ... passed
15:39:52 INFO  Package banana is installed
15:39:52 INFO  Assert that (True == value) with value=True ... passed
15:39:52 INFO  Package cherry is installed
15:39:52 INFO  Assert that (True == value) with value=True ... passed
15:39:52 INFO  Package asciijump is installed
15:39:52 INFO  Assert that (True == value) with value=True ... passed
15:39:52 INFO  Package registry is installed
15:39:52 INFO  Assert that (True == value) with value=True ... passed
15:39:53 INFO  Response status: 201
15:39:53 INFO  Response to action: {
    &quot;creationTime&quot;: &quot;2022-07-22T15:39:53.046Z&quot;,
    &quot;deviceId&quot;: &quot;21278192&quot;,
    &quot;deviceName&quot;: &quot;m32sd10d&quot;,
    &quot;self&quot;: &quot;https://t493319102.eu-latest.cumulocity.com/devicecontrol/operations/21290678&quot;,
    &quot;id&quot;: &quot;21290678&quot;,
    &quot;status&quot;: &quot;PENDING&quot;,
    &quot;description&quot;: &quot;Apply software changes, triggered from PySys: [{'action': 'delete', 'id': '5495053', 'name': 'apple', 'url': ' ', 'version': '::fruits'}, {'action': 'delete', 'id': '5494888', 'name': 'banana', 'url': ' ', 'version': '::fruits'}, {'action': 'delete', 'id': '5475369', 'name': 'asciijump', 'url': ' ', 'version': '::apt'}, {'action': 'delete', 'id': '5495382', 'name': 'cherry', 'url': ' ', 'version': '::fruits'}, {'action': 'delete', 'id': '8018911', 'name': 'registry', 'url': ' ', 'version': '::docker'}]&quot;,
    &quot;c8y_SoftwareUpdate&quot;: [
        {
            &quot;name&quot;: &quot;apple&quot;,
            &quot;action&quot;: &quot;delete&quot;,
            &quot;id&quot;: &quot;5495053&quot;,
            &quot;version&quot;: &quot;::fruits&quot;,
            &quot;url&quot;: &quot; &quot;
        },
        {
            &quot;name&quot;: &quot;banana&quot;,
            &quot;action&quot;: &quot;delete&quot;,
            &quot;id&quot;: &quot;5494888&quot;,
            &quot;version&quot;: &quot;::fruits&quot;,
            &quot;url&quot;: &quot; &quot;
        },
        {
            &quot;name&quot;: &quot;asciijump&quot;,
            &quot;action&quot;: &quot;delete&quot;,
            &quot;id&quot;: &quot;5475369&quot;,
            &quot;version&quot;: &quot;::apt&quot;,
            &quot;url&quot;: &quot; &quot;
        },
        {
            &quot;name&quot;: &quot;cherry&quot;,
            &quot;action&quot;: &quot;delete&quot;,
            &quot;id&quot;: &quot;5495382&quot;,
            &quot;version&quot;: &quot;::fruits&quot;,
            &quot;url&quot;: &quot; &quot;
        },
        {
            &quot;name&quot;: &quot;registry&quot;,
            &quot;action&quot;: &quot;delete&quot;,
            &quot;id&quot;: &quot;8018911&quot;,
            &quot;version&quot;: &quot;::docker&quot;,
            &quot;url&quot;: &quot; &quot;
        }
    ]
}
15:39:53 INFO  Started operation: {'creationTime': '2022-07-22T15:39:53.046Z', 'deviceId': '21278192', 'deviceName': 'm32sd10d', 'self': 'https://t493319102.eu-latest.cumulocity.com/devicecontrol/operations/21290678', 'id': '21290678', 'status': 'PENDING', 'description': &quot;Apply software changes, triggered from PySys: [{'action': 'delete', 'id': '5495053', 'name': 'apple', 'url': ' ', 'version': '::fruits'}, {'action': 'delete', 'id': '5494888', 'name': 'banana', 'url': ' ', 'version': '::fruits'}, {'action': 'delete', 'id': '5475369', 'name': 'asciijump', 'url': ' ', 'version': '::apt'}, {'action': 'delete', 'id': '5495382', 'name': 'cherry', 'url': ' ', 'version': '::fruits'}, {'action': 'delete', 'id': '8018911', 'name': 'registry', 'url': ' ', 'version': '::docker'}]&quot;, 'c8y_SoftwareUpdate': [{'name': 'apple', 'action': 'delete', 'id': '5495053', 'version': '::fruits', 'url': ' '}, {'name': 'banana', 'action': 'delete', 'id': '5494888', 'version': '::fruits', 'url': ' '}, {'name': 'asciijump', 'action': 'delete', 'id': '5475369', 'version': '::apt', 'url': ' '}, {'name': 'cherry', 'action': 'delete', 'id': '5495382', 'version': '::fruits', 'url': ' '}, {'name': 'registry', 'action': 'delete', 'id': '8018911', 'version': '::docker', 'url': ' '}]}
15:39:55 INFO  State of operation 21290678 : PENDING
15:39:57 INFO  State of operation 21290678 : EXECUTING
15:39:59 INFO  State of operation 21290678 : EXECUTING
15:40:02 INFO  State of operation 21290678 : EXECUTING
15:40:04 INFO  State of operation 21290678 : EXECUTING
15:40:06 INFO  State of operation 21290678 : EXECUTING
15:40:09 INFO  State of operation 21290678 : EXECUTING
15:40:12 INFO  State of operation 21290678 : EXECUTING
15:40:14 INFO  State of operation 21290678 : EXECUTING
15:40:16 INFO  State of operation 21290678 : EXECUTING
15:40:18 INFO  State of operation 21290678 : EXECUTING
15:40:21 INFO  State of operation 21290678 : EXECUTING
15:40:23 INFO  State of operation 21290678 : EXECUTING
15:40:25 INFO  State of operation 21290678 : EXECUTING
15:40:28 INFO  State of operation 21290678 : EXECUTING
15:40:30 INFO  State of operation 21290678 : EXECUTING
15:40:33 INFO  State of operation 21290678 : EXECUTING
15:40:35 INFO  State of operation 21290678 : EXECUTING
15:40:37 INFO  State of operation 21290678 : EXECUTING
15:40:40 INFO  State of operation 21290678 : EXECUTING
15:40:42 INFO  State of operation 21290678 : EXECUTING
15:40:44 INFO  State of operation 21290678 : EXECUTING
15:40:47 INFO  State of operation 21290678 : EXECUTING
15:40:49 INFO  State of operation 21290678 : EXECUTING
15:40:51 INFO  State of operation 21290678 : EXECUTING
15:40:53 INFO  State of operation 21290678 : EXECUTING
15:40:56 INFO  State of operation 21290678 : EXECUTING
15:40:58 INFO  State of operation 21290678 : EXECUTING
15:41:00 INFO  State of operation 21290678 : EXECUTING
15:41:02 INFO  State of operation 21290678 : SUCCESSFUL
15:41:03 INFO  Package apple is installed
15:41:03 INFO  Assert that (True == value) with value=True ... passed
15:41:03 INFO  Package banana is installed
15:41:03 INFO  Assert that (True == value) with value=True ... passed
15:41:03 INFO  Package cherry is installed
15:41:03 INFO  Assert that (True == value) with value=True ... passed
15:41:03 INFO  Assert that (False == value) with value=False ... passed
15:41:04 INFO  Assert that (False == value) with value=False ... passed
15:41:04 INFO  
15:41:04 INFO  cleanup:
15:41:08 INFO  Executed sudo&lt;tedge_disconnect_c8y&gt;, exit status 0
15:41:08 INFO  Executed systemctl&lt;serv_mapper5&gt;, exit status 3
15:41:08 INFO  
15:41:08 INFO  Test duration: 163.70 secs
15:41:08 INFO  Test final outcome:  FAILED
15:41:08 INFO  Test outcome reason: Assert that (False == value) with value=True
15:41:08 INFO  
</system-out>
	</testcase>
</testsuite>
