<?xml version="1.0" encoding="utf-8"?>
<testsuite failures="1" name="SoftwareManagement.sm_apt_install_remove_multiple" skipped="0" tests="1" time="136.92" timestamp="2022-06-22T15:04:23">
	<testcase classname="PySysTest" name="SoftwareManagement.sm_apt_install_remove_multiple">
		<failure message="FAILED: Assert that (False == value) with value=True (+2 other failures)" type="FAILED"/>
		<system-out>15:02:06 INFO  ==============================================================
15:02:06 INFO  Id:    SoftwareManagement.sm_apt_install_remove_multiple
15:02:06 INFO  Dir:   software_management_end_to_end/
15:02:06 INFO  Title: Validate end to end behaviour for the apt plugin for multiple packages
15:02:06 INFO  ==============================================================
15:02:06 INFO  Using sw id database: {'asciijump': '5475369', 'robotfindskitten': '5474869', 'squirrel3': '5475279', 'rolldice': '5152439', 'moon-buggy': '5439204', 'apple': '5495053', 'banana': '5494888', 'cherry': '5495382', 'watermelon': '5494510', 'registry': '8018911', 'hello-world': '8021526', 'docker/getting-started': '8021973', 'alpine': '7991792'}
15:02:06 INFO  EnvironmentC8y Setup
15:02:07 INFO  Executed systemctl&lt;serv_mapper1&gt;, exit status 3
15:02:07 INFO  Restarting mosquitto too frequently in the last 10 seconds. It was only up for 5 seconds
15:02:07 INFO  Delaying execution by 6 seconds
15:02:27 INFO  Executed sudo&lt;tedge_connect_c8y&gt;, exit status 0, duration 13 secs
15:02:27 INFO  Executed sudo&lt;tedge_connect_c8y_test&gt;, exit status 0
15:02:28 INFO  Executed systemctl&lt;serv_mosq2&gt;, exit status 0
15:02:28 INFO  Executed systemctl&lt;serv_mapper3&gt;, exit status 0
15:02:31 INFO  State of current operation: SUCCESSFUL
15:02:31 INFO  Assert that (False == value) with value=False ... passed
15:02:31 INFO  Package asciijump is installed
15:02:31 WARN  Assert that (False == value) with value=True ... failed 
15:02:32 INFO  Package squirrel3 is installed
15:02:32 WARN  Assert that (False == value) with value=True ... failed 
15:02:32 INFO  Package robotfindskitten is installed
15:02:32 WARN  Assert that (False == value) with value=True ... failed 
15:02:32 INFO  Response status: 201
15:02:32 INFO  Response to action: {
    &quot;creationTime&quot;: &quot;2022-06-22T15:02:32.503Z&quot;,
    &quot;deviceName&quot;: &quot;m32sd10d&quot;,
    &quot;deviceId&quot;: &quot;20404325&quot;,
    &quot;self&quot;: &quot;https://t493319102.eu-latest.cumulocity.com/devicecontrol/operations/20413802&quot;,
    &quot;id&quot;: &quot;20413802&quot;,
    &quot;status&quot;: &quot;PENDING&quot;,
    &quot;description&quot;: &quot;Apply software changes, triggered from PySys: [{'action': 'install', 'id': '5475369', 'name': 'asciijump', 'url': ' ', 'version': '::apt'}, {'action': 'install', 'id': '5474869', 'name': 'robotfindskitten', 'url': ' ', 'version': '::apt'}, {'action': 'install', 'id': '5475279', 'name': 'squirrel3', 'url': ' ', 'version': '::apt'}]&quot;,
    &quot;c8y_SoftwareUpdate&quot;: [
        {
            &quot;name&quot;: &quot;asciijump&quot;,
            &quot;action&quot;: &quot;install&quot;,
            &quot;id&quot;: &quot;5475369&quot;,
            &quot;version&quot;: &quot;::apt&quot;,
            &quot;url&quot;: &quot; &quot;
        },
        {
            &quot;name&quot;: &quot;robotfindskitten&quot;,
            &quot;action&quot;: &quot;install&quot;,
            &quot;id&quot;: &quot;5474869&quot;,
            &quot;version&quot;: &quot;::apt&quot;,
            &quot;url&quot;: &quot; &quot;
        },
        {
            &quot;name&quot;: &quot;squirrel3&quot;,
            &quot;action&quot;: &quot;install&quot;,
            &quot;id&quot;: &quot;5475279&quot;,
            &quot;version&quot;: &quot;::apt&quot;,
            &quot;url&quot;: &quot; &quot;
        }
    ]
}
15:02:32 INFO  Started operation: {'creationTime': '2022-06-22T15:02:32.503Z', 'deviceName': 'm32sd10d', 'deviceId': '20404325', 'self': 'https://t493319102.eu-latest.cumulocity.com/devicecontrol/operations/20413802', 'id': '20413802', 'status': 'PENDING', 'description': &quot;Apply software changes, triggered from PySys: [{'action': 'install', 'id': '5475369', 'name': 'asciijump', 'url': ' ', 'version': '::apt'}, {'action': 'install', 'id': '5474869', 'name': 'robotfindskitten', 'url': ' ', 'version': '::apt'}, {'action': 'install', 'id': '5475279', 'name': 'squirrel3', 'url': ' ', 'version': '::apt'}]&quot;, 'c8y_SoftwareUpdate': [{'name': 'asciijump', 'action': 'install', 'id': '5475369', 'version': '::apt', 'url': ' '}, {'name': 'robotfindskitten', 'action': 'install', 'id': '5474869', 'version': '::apt', 'url': ' '}, {'name': 'squirrel3', 'action': 'install', 'id': '5475279', 'version': '::apt', 'url': ' '}]}
15:02:34 INFO  State of operation 20413802 : PENDING
15:02:37 INFO  State of operation 20413802 : EXECUTING
15:02:39 INFO  State of operation 20413802 : EXECUTING
15:02:41 INFO  State of operation 20413802 : EXECUTING
15:02:43 INFO  State of operation 20413802 : EXECUTING
15:02:45 INFO  State of operation 20413802 : EXECUTING
15:02:48 INFO  State of operation 20413802 : EXECUTING
15:02:50 INFO  State of operation 20413802 : EXECUTING
15:02:53 INFO  State of operation 20413802 : EXECUTING
15:02:55 INFO  State of operation 20413802 : EXECUTING
15:02:58 INFO  State of operation 20413802 : EXECUTING
15:03:00 INFO  State of operation 20413802 : EXECUTING
15:03:02 INFO  State of operation 20413802 : EXECUTING
15:03:04 INFO  State of operation 20413802 : EXECUTING
15:03:07 INFO  State of operation 20413802 : EXECUTING
15:03:09 INFO  State of operation 20413802 : SUCCESSFUL
15:03:09 INFO  Assert that (False == value) with value=False ... passed
15:03:09 INFO  Package asciijump is installed
15:03:09 INFO  Assert that (True == value) with value=True ... passed
15:03:09 INFO  Package squirrel3 is installed
15:03:09 INFO  Assert that (True == value) with value=True ... passed
15:03:10 INFO  Package robotfindskitten is installed
15:03:10 INFO  Assert that (True == value) with value=True ... passed
15:03:10 INFO  Response status: 201
15:03:10 INFO  Response to action: {
    &quot;creationTime&quot;: &quot;2022-06-22T15:03:10.319Z&quot;,
    &quot;deviceName&quot;: &quot;m32sd10d&quot;,
    &quot;deviceId&quot;: &quot;20404325&quot;,
    &quot;self&quot;: &quot;https://t493319102.eu-latest.cumulocity.com/devicecontrol/operations/20413810&quot;,
    &quot;id&quot;: &quot;20413810&quot;,
    &quot;status&quot;: &quot;PENDING&quot;,
    &quot;description&quot;: &quot;Apply software changes, triggered from PySys: [{'action': 'delete', 'id': '5475369', 'name': 'asciijump', 'url': ' ', 'version': '::apt'}, {'action': 'delete', 'id': '5474869', 'name': 'robotfindskitten', 'url': ' ', 'version': '::apt'}, {'action': 'delete', 'id': '5475279', 'name': 'squirrel3', 'url': ' ', 'version': '::apt'}]&quot;,
    &quot;c8y_SoftwareUpdate&quot;: [
        {
            &quot;name&quot;: &quot;asciijump&quot;,
            &quot;action&quot;: &quot;delete&quot;,
            &quot;id&quot;: &quot;5475369&quot;,
            &quot;version&quot;: &quot;::apt&quot;,
            &quot;url&quot;: &quot; &quot;
        },
        {
            &quot;name&quot;: &quot;robotfindskitten&quot;,
            &quot;action&quot;: &quot;delete&quot;,
            &quot;id&quot;: &quot;5474869&quot;,
            &quot;version&quot;: &quot;::apt&quot;,
            &quot;url&quot;: &quot; &quot;
        },
        {
            &quot;name&quot;: &quot;squirrel3&quot;,
            &quot;action&quot;: &quot;delete&quot;,
            &quot;id&quot;: &quot;5475279&quot;,
            &quot;version&quot;: &quot;::apt&quot;,
            &quot;url&quot;: &quot; &quot;
        }
    ]
}
15:03:10 INFO  Started operation: {'creationTime': '2022-06-22T15:03:10.319Z', 'deviceName': 'm32sd10d', 'deviceId': '20404325', 'self': 'https://t493319102.eu-latest.cumulocity.com/devicecontrol/operations/20413810', 'id': '20413810', 'status': 'PENDING', 'description': &quot;Apply software changes, triggered from PySys: [{'action': 'delete', 'id': '5475369', 'name': 'asciijump', 'url': ' ', 'version': '::apt'}, {'action': 'delete', 'id': '5474869', 'name': 'robotfindskitten', 'url': ' ', 'version': '::apt'}, {'action': 'delete', 'id': '5475279', 'name': 'squirrel3', 'url': ' ', 'version': '::apt'}]&quot;, 'c8y_SoftwareUpdate': [{'name': 'asciijump', 'action': 'delete', 'id': '5475369', 'version': '::apt', 'url': ' '}, {'name': 'robotfindskitten', 'action': 'delete', 'id': '5474869', 'version': '::apt', 'url': ' '}, {'name': 'squirrel3', 'action': 'delete', 'id': '5475279', 'version': '::apt', 'url': ' '}]}
15:03:12 INFO  State of operation 20413810 : PENDING
15:03:14 INFO  State of operation 20413810 : EXECUTING
15:03:17 INFO  State of operation 20413810 : EXECUTING
15:03:19 INFO  State of operation 20413810 : EXECUTING
15:03:21 INFO  State of operation 20413810 : EXECUTING
15:03:23 INFO  State of operation 20413810 : EXECUTING
15:03:26 INFO  State of operation 20413810 : EXECUTING
15:03:29 INFO  State of operation 20413810 : EXECUTING
15:03:31 INFO  State of operation 20413810 : EXECUTING
15:03:34 INFO  State of operation 20413810 : EXECUTING
15:03:36 INFO  State of operation 20413810 : EXECUTING
15:03:38 INFO  State of operation 20413810 : EXECUTING
15:03:40 INFO  State of operation 20413810 : EXECUTING
15:03:43 INFO  State of operation 20413810 : EXECUTING
15:03:45 INFO  State of operation 20413810 : EXECUTING
15:03:47 INFO  State of operation 20413810 : EXECUTING
15:03:49 INFO  State of operation 20413810 : EXECUTING
15:03:52 INFO  State of operation 20413810 : EXECUTING
15:03:54 INFO  State of operation 20413810 : EXECUTING
15:03:57 INFO  State of operation 20413810 : EXECUTING
15:03:59 INFO  State of operation 20413810 : EXECUTING
15:04:01 INFO  State of operation 20413810 : EXECUTING
15:04:04 INFO  State of operation 20413810 : EXECUTING
15:04:06 INFO  State of operation 20413810 : EXECUTING
15:04:08 INFO  State of operation 20413810 : EXECUTING
15:04:11 INFO  State of operation 20413810 : EXECUTING
15:04:13 INFO  State of operation 20413810 : EXECUTING
15:04:15 INFO  State of operation 20413810 : EXECUTING
15:04:18 INFO  State of operation 20413810 : SUCCESSFUL
15:04:18 INFO  Assert that (False == value) with value=False ... passed
15:04:18 INFO  Assert that (False == value) with value=False ... passed
15:04:18 INFO  Assert that (False == value) with value=False ... passed
15:04:19 INFO  Assert that (False == value) with value=False ... passed
15:04:19 INFO  
15:04:19 INFO  cleanup:
15:04:23 INFO  Executed sudo&lt;tedge_disconnect_c8y&gt;, exit status 0
15:04:23 INFO  Executed systemctl&lt;serv_mapper5&gt;, exit status 3
15:04:23 INFO  
15:04:23 INFO  Test duration: 136.92 secs
15:04:23 INFO  Test final outcome:  FAILED
15:04:23 INFO  Test outcome reason: Assert that (False == value) with value=True (+2 other failures)
15:04:23 INFO  
</system-out>
	</testcase>
</testsuite>
