<?xml version="1.0" encoding="utf-8"?>
<testsuite failures="1" name="SoftwareManagement.sm_apt_install_remove_multiple" skipped="0" tests="1" time="137.92" timestamp="2022-07-21T22:25:33">
	<testcase classname="PySysTest" name="SoftwareManagement.sm_apt_install_remove_multiple">
		<failure message="FAILED: Assert that (False == value) with value=True (+2 other failures)" type="FAILED"/>
		<system-out>22:23:15 INFO  ==============================================================
22:23:15 INFO  Id:    SoftwareManagement.sm_apt_install_remove_multiple
22:23:15 INFO  Dir:   software_management_end_to_end/
22:23:15 INFO  Title: Validate end to end behaviour for the apt plugin for multiple packages
22:23:15 INFO  ==============================================================
22:23:15 INFO  Using sw id database: {'asciijump': '5475369', 'robotfindskitten': '5474869', 'squirrel3': '5475279', 'rolldice': '5152439', 'moon-buggy': '5439204', 'apple': '5495053', 'banana': '5494888', 'cherry': '5495382', 'watermelon': '5494510', 'registry': '8018911', 'hello-world': '8021526', 'docker/getting-started': '8021973', 'alpine': '7991792'}
22:23:15 INFO  EnvironmentC8y Setup
22:23:15 INFO  Executed systemctl&lt;serv_mapper1&gt;, exit status 3
22:23:16 INFO  Restarting mosquitto too frequently in the last 10 seconds. It was only up for 4 seconds
22:23:16 INFO  Delaying execution by 7 seconds
22:23:37 INFO  Executed sudo&lt;tedge_connect_c8y&gt;, exit status 0, duration 13 secs
22:23:37 INFO  Executed sudo&lt;tedge_connect_c8y_test&gt;, exit status 0
22:23:38 INFO  Executed systemctl&lt;serv_mosq2&gt;, exit status 0
22:23:38 INFO  Executed systemctl&lt;serv_mapper3&gt;, exit status 0
22:23:40 INFO  State of current operation: SUCCESSFUL
22:23:41 INFO  Assert that (False == value) with value=False ... passed
22:23:41 INFO  Package asciijump is installed
22:23:41 WARN  Assert that (False == value) with value=True ... failed 
22:23:41 INFO  Package squirrel3 is installed
22:23:41 WARN  Assert that (False == value) with value=True ... failed 
22:23:42 INFO  Package robotfindskitten is installed
22:23:42 WARN  Assert that (False == value) with value=True ... failed 
22:23:42 INFO  Response status: 201
22:23:42 INFO  Response to action: {
    &quot;creationTime&quot;: &quot;2022-07-21T22:23:42.369Z&quot;,
    &quot;deviceId&quot;: &quot;21166555&quot;,
    &quot;deviceName&quot;: &quot;m32sd10d&quot;,
    &quot;self&quot;: &quot;https://t493319102.eu-latest.cumulocity.com/devicecontrol/operations/21192005&quot;,
    &quot;id&quot;: &quot;21192005&quot;,
    &quot;status&quot;: &quot;PENDING&quot;,
    &quot;description&quot;: &quot;Apply software changes, triggered from PySys: [{'action': 'install', 'id': '5475369', 'name': 'asciijump', 'url': ' ', 'version': '::apt'}, {'action': 'install', 'id': '5474869', 'name': 'robotfindskitten', 'url': ' ', 'version': '::apt'}, {'action': 'install', 'id': '5475279', 'name': 'squirrel3', 'url': ' ', 'version': '::apt'}]&quot;,
    &quot;c8y_SoftwareUpdate&quot;: [
        {
            &quot;name&quot;: &quot;asciijump&quot;,
            &quot;action&quot;: &quot;install&quot;,
            &quot;id&quot;: &quot;5475369&quot;,
            &quot;version&quot;: &quot;::apt&quot;,
            &quot;url&quot;: &quot; &quot;
        },
        {
            &quot;name&quot;: &quot;robotfindskitten&quot;,
            &quot;action&quot;: &quot;install&quot;,
            &quot;id&quot;: &quot;5474869&quot;,
            &quot;version&quot;: &quot;::apt&quot;,
            &quot;url&quot;: &quot; &quot;
        },
        {
            &quot;name&quot;: &quot;squirrel3&quot;,
            &quot;action&quot;: &quot;install&quot;,
            &quot;id&quot;: &quot;5475279&quot;,
            &quot;version&quot;: &quot;::apt&quot;,
            &quot;url&quot;: &quot; &quot;
        }
    ]
}
22:23:42 INFO  Started operation: {'creationTime': '2022-07-21T22:23:42.369Z', 'deviceId': '21166555', 'deviceName': 'm32sd10d', 'self': 'https://t493319102.eu-latest.cumulocity.com/devicecontrol/operations/21192005', 'id': '21192005', 'status': 'PENDING', 'description': &quot;Apply software changes, triggered from PySys: [{'action': 'install', 'id': '5475369', 'name': 'asciijump', 'url': ' ', 'version': '::apt'}, {'action': 'install', 'id': '5474869', 'name': 'robotfindskitten', 'url': ' ', 'version': '::apt'}, {'action': 'install', 'id': '5475279', 'name': 'squirrel3', 'url': ' ', 'version': '::apt'}]&quot;, 'c8y_SoftwareUpdate': [{'name': 'asciijump', 'action': 'install', 'id': '5475369', 'version': '::apt', 'url': ' '}, {'name': 'robotfindskitten', 'action': 'install', 'id': '5474869', 'version': '::apt', 'url': ' '}, {'name': 'squirrel3', 'action': 'install', 'id': '5475279', 'version': '::apt', 'url': ' '}]}
22:23:44 INFO  State of operation 21192005 : PENDING
22:23:46 INFO  State of operation 21192005 : EXECUTING
22:23:49 INFO  State of operation 21192005 : EXECUTING
22:23:51 INFO  State of operation 21192005 : EXECUTING
22:23:53 INFO  State of operation 21192005 : EXECUTING
22:23:55 INFO  State of operation 21192005 : EXECUTING
22:23:58 INFO  State of operation 21192005 : EXECUTING
22:24:00 INFO  State of operation 21192005 : EXECUTING
22:24:02 INFO  State of operation 21192005 : EXECUTING
22:24:05 INFO  State of operation 21192005 : EXECUTING
22:24:07 INFO  State of operation 21192005 : EXECUTING
22:24:09 INFO  State of operation 21192005 : EXECUTING
22:24:12 INFO  State of operation 21192005 : EXECUTING
22:24:14 INFO  State of operation 21192005 : EXECUTING
22:24:16 INFO  State of operation 21192005 : EXECUTING
22:24:18 INFO  State of operation 21192005 : SUCCESSFUL
22:24:19 INFO  Assert that (False == value) with value=False ... passed
22:24:19 INFO  Package asciijump is installed
22:24:19 INFO  Assert that (True == value) with value=True ... passed
22:24:19 INFO  Package squirrel3 is installed
22:24:19 INFO  Assert that (True == value) with value=True ... passed
22:24:19 INFO  Package robotfindskitten is installed
22:24:19 INFO  Assert that (True == value) with value=True ... passed
22:24:19 INFO  Response status: 201
22:24:19 INFO  Response to action: {
    &quot;creationTime&quot;: &quot;2022-07-21T22:24:19.893Z&quot;,
    &quot;deviceId&quot;: &quot;21166555&quot;,
    &quot;deviceName&quot;: &quot;m32sd10d&quot;,
    &quot;self&quot;: &quot;https://t493319102.eu-latest.cumulocity.com/devicecontrol/operations/21192009&quot;,
    &quot;id&quot;: &quot;21192009&quot;,
    &quot;status&quot;: &quot;PENDING&quot;,
    &quot;description&quot;: &quot;Apply software changes, triggered from PySys: [{'action': 'delete', 'id': '5475369', 'name': 'asciijump', 'url': ' ', 'version': '::apt'}, {'action': 'delete', 'id': '5474869', 'name': 'robotfindskitten', 'url': ' ', 'version': '::apt'}, {'action': 'delete', 'id': '5475279', 'name': 'squirrel3', 'url': ' ', 'version': '::apt'}]&quot;,
    &quot;c8y_SoftwareUpdate&quot;: [
        {
            &quot;name&quot;: &quot;asciijump&quot;,
            &quot;action&quot;: &quot;delete&quot;,
            &quot;id&quot;: &quot;5475369&quot;,
            &quot;version&quot;: &quot;::apt&quot;,
            &quot;url&quot;: &quot; &quot;
        },
        {
            &quot;name&quot;: &quot;robotfindskitten&quot;,
            &quot;action&quot;: &quot;delete&quot;,
            &quot;id&quot;: &quot;5474869&quot;,
            &quot;version&quot;: &quot;::apt&quot;,
            &quot;url&quot;: &quot; &quot;
        },
        {
            &quot;name&quot;: &quot;squirrel3&quot;,
            &quot;action&quot;: &quot;delete&quot;,
            &quot;id&quot;: &quot;5475279&quot;,
            &quot;version&quot;: &quot;::apt&quot;,
            &quot;url&quot;: &quot; &quot;
        }
    ]
}
22:24:19 INFO  Started operation: {'creationTime': '2022-07-21T22:24:19.893Z', 'deviceId': '21166555', 'deviceName': 'm32sd10d', 'self': 'https://t493319102.eu-latest.cumulocity.com/devicecontrol/operations/21192009', 'id': '21192009', 'status': 'PENDING', 'description': &quot;Apply software changes, triggered from PySys: [{'action': 'delete', 'id': '5475369', 'name': 'asciijump', 'url': ' ', 'version': '::apt'}, {'action': 'delete', 'id': '5474869', 'name': 'robotfindskitten', 'url': ' ', 'version': '::apt'}, {'action': 'delete', 'id': '5475279', 'name': 'squirrel3', 'url': ' ', 'version': '::apt'}]&quot;, 'c8y_SoftwareUpdate': [{'name': 'asciijump', 'action': 'delete', 'id': '5475369', 'version': '::apt', 'url': ' '}, {'name': 'robotfindskitten', 'action': 'delete', 'id': '5474869', 'version': '::apt', 'url': ' '}, {'name': 'squirrel3', 'action': 'delete', 'id': '5475279', 'version': '::apt', 'url': ' '}]}
22:24:22 INFO  State of operation 21192009 : PENDING
22:24:24 INFO  State of operation 21192009 : EXECUTING
22:24:26 INFO  State of operation 21192009 : EXECUTING
22:24:28 INFO  State of operation 21192009 : EXECUTING
22:24:31 INFO  State of operation 21192009 : EXECUTING
22:24:33 INFO  State of operation 21192009 : EXECUTING
22:24:35 INFO  State of operation 21192009 : EXECUTING
22:24:38 INFO  State of operation 21192009 : EXECUTING
22:24:41 INFO  State of operation 21192009 : EXECUTING
22:24:43 INFO  State of operation 21192009 : EXECUTING
22:24:45 INFO  State of operation 21192009 : EXECUTING
22:24:48 INFO  State of operation 21192009 : EXECUTING
22:24:50 INFO  State of operation 21192009 : EXECUTING
22:24:52 INFO  State of operation 21192009 : EXECUTING
22:24:54 INFO  State of operation 21192009 : EXECUTING
22:24:57 INFO  State of operation 21192009 : EXECUTING
22:24:59 INFO  State of operation 21192009 : EXECUTING
22:25:01 INFO  State of operation 21192009 : EXECUTING
22:25:04 INFO  State of operation 21192009 : EXECUTING
22:25:06 INFO  State of operation 21192009 : EXECUTING
22:25:08 INFO  State of operation 21192009 : EXECUTING
22:25:11 INFO  State of operation 21192009 : EXECUTING
22:25:13 INFO  State of operation 21192009 : EXECUTING
22:25:15 INFO  State of operation 21192009 : EXECUTING
22:25:17 INFO  State of operation 21192009 : EXECUTING
22:25:20 INFO  State of operation 21192009 : EXECUTING
22:25:23 INFO  State of operation 21192009 : EXECUTING
22:25:25 INFO  State of operation 21192009 : EXECUTING
22:25:27 INFO  State of operation 21192009 : SUCCESSFUL
22:25:27 INFO  Assert that (False == value) with value=False ... passed
22:25:28 INFO  Assert that (False == value) with value=False ... passed
22:25:28 INFO  Assert that (False == value) with value=False ... passed
22:25:28 INFO  Assert that (False == value) with value=False ... passed
22:25:28 INFO  
22:25:28 INFO  cleanup:
22:25:32 INFO  Executed sudo&lt;tedge_disconnect_c8y&gt;, exit status 0
22:25:33 INFO  Executed systemctl&lt;serv_mapper5&gt;, exit status 3
22:25:33 INFO  
22:25:33 INFO  Test duration: 137.92 secs
22:25:33 INFO  Test final outcome:  FAILED
22:25:33 INFO  Test outcome reason: Assert that (False == value) with value=True (+2 other failures)
22:25:33 INFO  
</system-out>
	</testcase>
</testsuite>
