<?xml version="1.0" encoding="utf-8"?>
<testsuite failures="1" name="SoftwareManagement.sm_apt_install_remove_multiple" skipped="0" tests="1" time="142.17" timestamp="2022-06-08T14:10:27">
	<testcase classname="PySysTest" name="SoftwareManagement.sm_apt_install_remove_multiple">
		<failure message="FAILED: Assert that (False == value) with value=True (+2 other failures)" type="FAILED"/>
		<system-out>14:08:05 INFO  ==============================================================
14:08:05 INFO  Id:    SoftwareManagement.sm_apt_install_remove_multiple
14:08:05 INFO  Dir:   software_management_end_to_end/
14:08:05 INFO  Title: Validate end to end behaviour for the apt plugin for multiple packages
14:08:05 INFO  ==============================================================
14:08:05 INFO  Using sw id database: {'asciijump': '5475369', 'robotfindskitten': '5474869', 'squirrel3': '5475279', 'rolldice': '5152439', 'moon-buggy': '5439204', 'apple': '5495053', 'banana': '5494888', 'cherry': '5495382', 'watermelon': '5494510', 'registry': '8018911', 'hello-world': '8021526', 'docker/getting-started': '8021973', 'alpine': '7991792'}
14:08:05 INFO  EnvironmentC8y Setup
14:08:06 INFO  Executed systemctl&lt;serv_mapper1&gt;, exit status 3
14:08:06 INFO  Restarting mosquitto too frequently in the last 10 seconds. It was only up for 5 seconds
14:08:06 INFO  Delaying execution by 6 seconds
14:08:26 INFO  Executed sudo&lt;tedge_connect_c8y&gt;, exit status 0, duration 14 secs
14:08:27 INFO  Executed sudo&lt;tedge_connect_c8y_test&gt;, exit status 0
14:08:27 INFO  Executed systemctl&lt;serv_mosq2&gt;, exit status 0
14:08:28 INFO  Executed systemctl&lt;serv_mapper3&gt;, exit status 0
14:08:30 INFO  State of current operation: SUCCESSFUL
14:08:30 INFO  Assert that (False == value) with value=False ... passed
14:08:30 INFO  Package asciijump is installed
14:08:31 WARN  Assert that (False == value) with value=True ... failed 
14:08:31 INFO  Package squirrel3 is installed
14:08:31 WARN  Assert that (False == value) with value=True ... failed 
14:08:32 INFO  Package robotfindskitten is installed
14:08:32 WARN  Assert that (False == value) with value=True ... failed 
14:08:32 INFO  Response status: 201
14:08:32 INFO  Response to action: {
    &quot;delivery&quot;: {
        &quot;log&quot;: [],
        &quot;time&quot;: &quot;2022-06-08T14:08:32.444Z&quot;,
        &quot;status&quot;: &quot;PENDING&quot;
    },
    &quot;creationTime&quot;: &quot;2022-06-08T14:08:32.339Z&quot;,
    &quot;deviceId&quot;: &quot;20034146&quot;,
    &quot;deviceName&quot;: &quot;m32sd10d&quot;,
    &quot;self&quot;: &quot;https://t493319102.eu-latest.cumulocity.com/devicecontrol/operations/20054929&quot;,
    &quot;id&quot;: &quot;20054929&quot;,
    &quot;status&quot;: &quot;PENDING&quot;,
    &quot;description&quot;: &quot;Apply software changes, triggered from PySys: [{'action': 'install', 'id': '5475369', 'name': 'asciijump', 'url': ' ', 'version': '::apt'}, {'action': 'install', 'id': '5474869', 'name': 'robotfindskitten', 'url': ' ', 'version': '::apt'}, {'action': 'install', 'id': '5475279', 'name': 'squirrel3', 'url': ' ', 'version': '::apt'}]&quot;,
    &quot;c8y_SoftwareUpdate&quot;: [
        {
            &quot;name&quot;: &quot;asciijump&quot;,
            &quot;action&quot;: &quot;install&quot;,
            &quot;id&quot;: &quot;5475369&quot;,
            &quot;version&quot;: &quot;::apt&quot;,
            &quot;url&quot;: &quot; &quot;
        },
        {
            &quot;name&quot;: &quot;robotfindskitten&quot;,
            &quot;action&quot;: &quot;install&quot;,
            &quot;id&quot;: &quot;5474869&quot;,
            &quot;version&quot;: &quot;::apt&quot;,
            &quot;url&quot;: &quot; &quot;
        },
        {
            &quot;name&quot;: &quot;squirrel3&quot;,
            &quot;action&quot;: &quot;install&quot;,
            &quot;id&quot;: &quot;5475279&quot;,
            &quot;version&quot;: &quot;::apt&quot;,
            &quot;url&quot;: &quot; &quot;
        }
    ]
}
14:08:32 INFO  Started operation: {'delivery': {'log': [], 'time': '2022-06-08T14:08:32.444Z', 'status': 'PENDING'}, 'creationTime': '2022-06-08T14:08:32.339Z', 'deviceId': '20034146', 'deviceName': 'm32sd10d', 'self': 'https://t493319102.eu-latest.cumulocity.com/devicecontrol/operations/20054929', 'id': '20054929', 'status': 'PENDING', 'description': &quot;Apply software changes, triggered from PySys: [{'action': 'install', 'id': '5475369', 'name': 'asciijump', 'url': ' ', 'version': '::apt'}, {'action': 'install', 'id': '5474869', 'name': 'robotfindskitten', 'url': ' ', 'version': '::apt'}, {'action': 'install', 'id': '5475279', 'name': 'squirrel3', 'url': ' ', 'version': '::apt'}]&quot;, 'c8y_SoftwareUpdate': [{'name': 'asciijump', 'action': 'install', 'id': '5475369', 'version': '::apt', 'url': ' '}, {'name': 'robotfindskitten', 'action': 'install', 'id': '5474869', 'version': '::apt', 'url': ' '}, {'name': 'squirrel3', 'action': 'install', 'id': '5475279', 'version': '::apt', 'url': ' '}]}
14:08:34 INFO  State of operation 20054929 : PENDING
14:08:36 INFO  State of operation 20054929 : EXECUTING
14:08:39 INFO  State of operation 20054929 : EXECUTING
14:08:41 INFO  State of operation 20054929 : EXECUTING
14:08:43 INFO  State of operation 20054929 : EXECUTING
14:08:45 INFO  State of operation 20054929 : EXECUTING
14:08:48 INFO  State of operation 20054929 : EXECUTING
14:08:51 INFO  State of operation 20054929 : EXECUTING
14:08:54 INFO  State of operation 20054929 : EXECUTING
14:08:56 INFO  State of operation 20054929 : EXECUTING
14:08:58 INFO  State of operation 20054929 : EXECUTING
14:09:01 INFO  State of operation 20054929 : EXECUTING
14:09:03 INFO  State of operation 20054929 : EXECUTING
14:09:05 INFO  State of operation 20054929 : EXECUTING
14:09:07 INFO  State of operation 20054929 : EXECUTING
14:09:09 INFO  State of operation 20054929 : SUCCESSFUL
14:09:10 INFO  Assert that (False == value) with value=False ... passed
14:09:10 INFO  Package asciijump is installed
14:09:10 INFO  Assert that (True == value) with value=True ... passed
14:09:10 INFO  Package squirrel3 is installed
14:09:10 INFO  Assert that (True == value) with value=True ... passed
14:09:10 INFO  Package robotfindskitten is installed
14:09:10 INFO  Assert that (True == value) with value=True ... passed
14:09:11 INFO  Response status: 201
14:09:11 INFO  Response to action: {
    &quot;delivery&quot;: {
        &quot;log&quot;: [],
        &quot;time&quot;: &quot;2022-06-08T14:09:11.112Z&quot;,
        &quot;status&quot;: &quot;PENDING&quot;
    },
    &quot;creationTime&quot;: &quot;2022-06-08T14:09:11.095Z&quot;,
    &quot;deviceId&quot;: &quot;20034146&quot;,
    &quot;deviceName&quot;: &quot;m32sd10d&quot;,
    &quot;self&quot;: &quot;https://t493319102.eu-latest.cumulocity.com/devicecontrol/operations/20054939&quot;,
    &quot;id&quot;: &quot;20054939&quot;,
    &quot;status&quot;: &quot;PENDING&quot;,
    &quot;description&quot;: &quot;Apply software changes, triggered from PySys: [{'action': 'delete', 'id': '5475369', 'name': 'asciijump', 'url': ' ', 'version': '::apt'}, {'action': 'delete', 'id': '5474869', 'name': 'robotfindskitten', 'url': ' ', 'version': '::apt'}, {'action': 'delete', 'id': '5475279', 'name': 'squirrel3', 'url': ' ', 'version': '::apt'}]&quot;,
    &quot;c8y_SoftwareUpdate&quot;: [
        {
            &quot;name&quot;: &quot;asciijump&quot;,
            &quot;action&quot;: &quot;delete&quot;,
            &quot;id&quot;: &quot;5475369&quot;,
            &quot;version&quot;: &quot;::apt&quot;,
            &quot;url&quot;: &quot; &quot;
        },
        {
            &quot;name&quot;: &quot;robotfindskitten&quot;,
            &quot;action&quot;: &quot;delete&quot;,
            &quot;id&quot;: &quot;5474869&quot;,
            &quot;version&quot;: &quot;::apt&quot;,
            &quot;url&quot;: &quot; &quot;
        },
        {
            &quot;name&quot;: &quot;squirrel3&quot;,
            &quot;action&quot;: &quot;delete&quot;,
            &quot;id&quot;: &quot;5475279&quot;,
            &quot;version&quot;: &quot;::apt&quot;,
            &quot;url&quot;: &quot; &quot;
        }
    ]
}
14:09:11 INFO  Started operation: {'delivery': {'log': [], 'time': '2022-06-08T14:09:11.112Z', 'status': 'PENDING'}, 'creationTime': '2022-06-08T14:09:11.095Z', 'deviceId': '20034146', 'deviceName': 'm32sd10d', 'self': 'https://t493319102.eu-latest.cumulocity.com/devicecontrol/operations/20054939', 'id': '20054939', 'status': 'PENDING', 'description': &quot;Apply software changes, triggered from PySys: [{'action': 'delete', 'id': '5475369', 'name': 'asciijump', 'url': ' ', 'version': '::apt'}, {'action': 'delete', 'id': '5474869', 'name': 'robotfindskitten', 'url': ' ', 'version': '::apt'}, {'action': 'delete', 'id': '5475279', 'name': 'squirrel3', 'url': ' ', 'version': '::apt'}]&quot;, 'c8y_SoftwareUpdate': [{'name': 'asciijump', 'action': 'delete', 'id': '5475369', 'version': '::apt', 'url': ' '}, {'name': 'robotfindskitten', 'action': 'delete', 'id': '5474869', 'version': '::apt', 'url': ' '}, {'name': 'squirrel3', 'action': 'delete', 'id': '5475279', 'version': '::apt', 'url': ' '}]}
14:09:13 INFO  State of operation 20054939 : PENDING
14:09:15 INFO  State of operation 20054939 : EXECUTING
14:09:17 INFO  State of operation 20054939 : EXECUTING
14:09:20 INFO  State of operation 20054939 : EXECUTING
14:09:22 INFO  State of operation 20054939 : EXECUTING
14:09:24 INFO  State of operation 20054939 : EXECUTING
14:09:27 INFO  State of operation 20054939 : EXECUTING
14:09:29 INFO  State of operation 20054939 : EXECUTING
14:09:32 INFO  State of operation 20054939 : EXECUTING
14:09:34 INFO  State of operation 20054939 : EXECUTING
14:09:36 INFO  State of operation 20054939 : EXECUTING
14:09:39 INFO  State of operation 20054939 : EXECUTING
14:09:41 INFO  State of operation 20054939 : EXECUTING
14:09:43 INFO  State of operation 20054939 : EXECUTING
14:09:45 INFO  State of operation 20054939 : EXECUTING
14:09:48 INFO  State of operation 20054939 : EXECUTING
14:09:50 INFO  State of operation 20054939 : EXECUTING
14:09:53 INFO  State of operation 20054939 : EXECUTING
14:09:56 INFO  State of operation 20054939 : EXECUTING
14:09:58 INFO  State of operation 20054939 : EXECUTING
14:10:00 INFO  State of operation 20054939 : EXECUTING
14:10:03 INFO  State of operation 20054939 : EXECUTING
14:10:05 INFO  State of operation 20054939 : EXECUTING
14:10:07 INFO  State of operation 20054939 : EXECUTING
14:10:09 INFO  State of operation 20054939 : EXECUTING
14:10:12 INFO  State of operation 20054939 : EXECUTING
14:10:14 INFO  State of operation 20054939 : EXECUTING
14:10:17 INFO  State of operation 20054939 : EXECUTING
14:10:19 INFO  State of operation 20054939 : EXECUTING
14:10:22 INFO  State of operation 20054939 : SUCCESSFUL
14:10:22 INFO  Assert that (False == value) with value=False ... passed
14:10:22 INFO  Assert that (False == value) with value=False ... passed
14:10:22 INFO  Assert that (False == value) with value=False ... passed
14:10:23 INFO  Assert that (False == value) with value=False ... passed
14:10:23 INFO  
14:10:23 INFO  cleanup:
14:10:27 INFO  Executed sudo&lt;tedge_disconnect_c8y&gt;, exit status 0
14:10:27 INFO  Executed systemctl&lt;serv_mapper5&gt;, exit status 3
14:10:27 INFO  
14:10:27 INFO  Test duration: 142.17 secs
14:10:27 INFO  Test final outcome:  FAILED
14:10:27 INFO  Test outcome reason: Assert that (False == value) with value=True (+2 other failures)
14:10:27 INFO  
</system-out>
	</testcase>
</testsuite>
