<?xml version="1.0" encoding="utf-8"?>
<testsuite failures="1" name="SoftwareManagement.sm_apt_install_download_path" skipped="0" tests="1" time="188.28" timestamp="2022-05-23T09:34:24">
	<testcase classname="AptInstallWithDownloadPath" name="SoftwareManagement.sm_apt_install_download_path">
		<failure message="BLOCKED: SystemError: Timeout while waiting for status FAILED or SUCCESSFUL" type="BLOCKED"/>
		<system-out>09:31:16 INFO  ==============================================================
09:31:16 INFO  Id:    SoftwareManagement.sm_apt_install_download_path
09:31:16 INFO  Dir:   software_management_end_to_end/
09:31:16 INFO  Title: Install package to directory specified in tedge config set tmp.path
09:31:16 INFO  ==============================================================
09:31:17 INFO  Using sw id database: {'asciijump': '5475369', 'robotfindskitten': '5474869', 'squirrel3': '5475279', 'rolldice': '5152439', 'moon-buggy': '5439204', 'apple': '5495053', 'banana': '5494888', 'cherry': '5495382', 'watermelon': '5494510', 'registry': '8018911', 'hello-world': '8021526', 'docker/getting-started': '8021973', 'alpine': '7991792'}
09:31:17 INFO  EnvironmentC8y Setup
09:31:18 INFO  Executed systemctl&lt;serv_mapper1&gt;, exit status 3
09:31:32 INFO  Executed sudo&lt;tedge_connect_c8y&gt;, exit status 0, duration 14 secs
09:31:33 INFO  Executed sudo&lt;tedge_connect_c8y_test&gt;, exit status 0
09:31:33 INFO  Executed systemctl&lt;serv_mosq2&gt;, exit status 0
09:31:34 INFO  Executed systemctl&lt;serv_mapper3&gt;, exit status 0
09:31:36 INFO  State of current operation: PENDING
09:31:38 INFO  State of current operation: PENDING
09:31:41 INFO  State of current operation: PENDING
09:31:43 INFO  State of current operation: PENDING
09:31:45 INFO  State of current operation: PENDING
09:31:47 INFO  State of current operation: PENDING
09:31:49 INFO  State of current operation: PENDING
09:31:52 INFO  State of current operation: PENDING
09:31:54 INFO  State of current operation: PENDING
09:31:56 INFO  State of current operation: PENDING
09:31:58 INFO  State of current operation: PENDING
09:32:01 INFO  State of current operation: PENDING
09:32:03 INFO  State of current operation: PENDING
09:32:05 INFO  State of current operation: PENDING
09:32:07 INFO  State of current operation: PENDING
09:32:10 INFO  State of current operation: PENDING
09:32:12 INFO  State of current operation: PENDING
09:32:14 INFO  State of current operation: PENDING
09:32:16 INFO  State of current operation: PENDING
09:32:19 INFO  State of current operation: PENDING
09:32:21 INFO  State of current operation: PENDING
09:32:23 INFO  State of current operation: PENDING
09:32:25 INFO  State of current operation: PENDING
09:32:27 INFO  State of current operation: PENDING
09:32:30 INFO  State of current operation: PENDING
09:32:32 INFO  State of current operation: PENDING
09:32:34 INFO  State of current operation: PENDING
09:32:37 INFO  State of current operation: PENDING
09:32:39 INFO  State of current operation: PENDING
09:32:41 INFO  State of current operation: PENDING
09:32:43 INFO  State of current operation: PENDING
09:32:46 INFO  State of current operation: PENDING
09:32:48 INFO  State of current operation: PENDING
09:32:50 INFO  State of current operation: PENDING
09:32:52 INFO  State of current operation: PENDING
09:32:55 INFO  State of current operation: PENDING
09:32:57 INFO  State of current operation: PENDING
09:32:59 INFO  State of current operation: PENDING
09:33:01 INFO  State of current operation: PENDING
09:33:03 INFO  State of current operation: PENDING
09:33:06 INFO  State of current operation: PENDING
09:33:08 INFO  State of current operation: PENDING
09:33:10 INFO  State of current operation: PENDING
09:33:12 INFO  State of current operation: PENDING
09:33:15 INFO  State of current operation: PENDING
09:33:17 INFO  State of current operation: PENDING
09:33:19 INFO  State of current operation: PENDING
09:33:21 INFO  State of current operation: PENDING
09:33:24 INFO  State of current operation: PENDING
09:33:26 INFO  State of current operation: PENDING
09:33:28 INFO  State of current operation: PENDING
09:33:30 INFO  State of current operation: PENDING
09:33:33 INFO  State of current operation: PENDING
09:33:35 INFO  State of current operation: PENDING
09:33:37 INFO  State of current operation: PENDING
09:33:39 INFO  State of current operation: PENDING
09:33:41 INFO  State of current operation: PENDING
09:33:44 INFO  State of current operation: PENDING
09:33:46 INFO  State of current operation: PENDING
09:33:48 INFO  State of current operation: PENDING
09:33:50 INFO  State of current operation: PENDING
09:33:52 WARN  SystemError occurred while running test - Timeout while waiting for status FAILED or SUCCESSFUL
Traceback (most recent call last):
  File &quot;/home/pi/env-pysys/lib/python3.7/site-packages/pysys/baserunner.py&quot;, line 1292, in __call__
    self.testObj.setup()
  File &quot;/home/pi/actions-runner/_work/thin-edge.io/thin-edge.io/tests/PySys/software_management_end_to_end/sm_apt_install_download_path/run.py&quot;, line 48, in setup
    super().setup()
  File &quot;/home/pi/actions-runner/_work/thin-edge.io/thin-edge.io/tests/PySys/software_management_end_to_end/environment_sm_management.py&quot;, line 151, in setup
    self.wait_until_end()
  File &quot;/home/pi/actions-runner/_work/thin-edge.io/thin-edge.io/tests/PySys/software_management_end_to_end/environment_sm_management.py&quot;, line 332, in wait_until_end
    self.wait_until_status(&quot;FAILED&quot;, &quot;SUCCESSFUL&quot;)
  File &quot;/home/pi/actions-runner/_work/thin-edge.io/thin-edge.io/tests/PySys/software_management_end_to_end/environment_sm_management.py&quot;, line 381, in wait_until_status
    &quot;Timeout while waiting for status %s or %s&quot; % (status, status2)
SystemError: Timeout while waiting for status FAILED or SUCCESSFUL
09:33:52 WARN  SystemError: Timeout while waiting for status FAILED or SUCCESSFUL ... blocked 
09:33:52 INFO  
09:33:52 INFO  cleanup:
09:33:53 INFO  Executed sudo, exit status 0
09:33:53 INFO  Executed sudo, exit status 0
09:33:58 INFO  Executed sudo&lt;tedge_disconnect_c8y&gt;, exit status 0
09:33:58 INFO  Restarting mosquitto too frequently in the last 10 seconds. It was only up for 3 seconds
09:33:58 INFO  Delaying execution by 8 seconds
09:34:20 INFO  Executed sudo&lt;tedge_connect_c8y&gt;, exit status 0, duration 14 secs
09:34:24 INFO  Executed sudo&lt;tedge_disconnect_c8y&gt;, exit status 0
09:34:24 INFO  Executed systemctl&lt;serv_mapper5&gt;, exit status 3
09:34:24 INFO  
09:34:24 INFO  Test duration: 188.28 secs
09:34:24 INFO  Test final outcome:  BLOCKED
09:34:24 INFO  Test outcome reason: SystemError: Timeout while waiting for status FAILED or SUCCESSFUL
09:34:24 INFO  
</system-out>
	</testcase>
</testsuite>
