<?xml version="1.0" encoding="utf-8"?>
<testsuite failures="1" name="SoftwareManagement.sm_apt_install_remove_multiple_mixed" skipped="0" tests="1" time="165.37" timestamp="2022-05-23T09:48:15">
	<testcase classname="PySysTest" name="SoftwareManagement.sm_apt_install_remove_multiple_mixed">
		<failure message="BLOCKED: SystemError: Timeout while waiting for status FAILED or SUCCESSFUL" type="BLOCKED"/>
		<system-out>09:45:29 INFO  ==============================================================
09:45:29 INFO  Id:    SoftwareManagement.sm_apt_install_remove_multiple_mixed
09:45:29 INFO  Dir:   software_management_end_to_end/
09:45:29 INFO  Title: Validate end to end behaviour for the apt plugin for multiple packages with mixed versions
09:45:29 INFO  ==============================================================
09:45:29 INFO  Using sw id database: {'asciijump': '5475369', 'robotfindskitten': '5474869', 'squirrel3': '5475279', 'rolldice': '5152439', 'moon-buggy': '5439204', 'apple': '5495053', 'banana': '5494888', 'cherry': '5495382', 'watermelon': '5494510', 'registry': '8018911', 'hello-world': '8021526', 'docker/getting-started': '8021973', 'alpine': '7991792'}
09:45:29 INFO  EnvironmentC8y Setup
09:45:30 INFO  Executed systemctl&lt;serv_mapper1&gt;, exit status 3
09:45:30 INFO  Restarting mosquitto too frequently in the last 10 seconds. It was only up for 5 seconds
09:45:30 INFO  Delaying execution by 6 seconds
09:45:50 INFO  Executed sudo&lt;tedge_connect_c8y&gt;, exit status 0, duration 13 secs
09:45:51 INFO  Executed sudo&lt;tedge_connect_c8y_test&gt;, exit status 0
09:45:51 INFO  Executed systemctl&lt;serv_mosq2&gt;, exit status 0
09:45:52 INFO  Executed systemctl&lt;serv_mapper3&gt;, exit status 0
09:45:54 INFO  State of current operation: PENDING
09:45:56 INFO  State of current operation: PENDING
09:45:58 INFO  State of current operation: PENDING
09:46:00 INFO  State of current operation: PENDING
09:46:03 INFO  State of current operation: PENDING
09:46:05 INFO  State of current operation: PENDING
09:46:07 INFO  State of current operation: PENDING
09:46:10 INFO  State of current operation: PENDING
09:46:12 INFO  State of current operation: PENDING
09:46:14 INFO  State of current operation: PENDING
09:46:16 INFO  State of current operation: PENDING
09:46:18 INFO  State of current operation: PENDING
09:46:21 INFO  State of current operation: PENDING
09:46:23 INFO  State of current operation: PENDING
09:46:25 INFO  State of current operation: PENDING
09:46:27 INFO  State of current operation: PENDING
09:46:30 INFO  State of current operation: PENDING
09:46:32 INFO  State of current operation: PENDING
09:46:34 INFO  State of current operation: PENDING
09:46:36 INFO  State of current operation: PENDING
09:46:39 INFO  State of current operation: PENDING
09:46:41 INFO  State of current operation: PENDING
09:46:43 INFO  State of current operation: PENDING
09:46:45 INFO  State of current operation: PENDING
09:46:48 INFO  State of current operation: PENDING
09:46:50 INFO  State of current operation: PENDING
09:46:52 INFO  State of current operation: PENDING
09:46:54 INFO  State of current operation: PENDING
09:46:56 INFO  State of current operation: PENDING
09:46:59 INFO  State of current operation: PENDING
09:47:01 INFO  State of current operation: PENDING
09:47:03 INFO  State of current operation: PENDING
09:47:05 INFO  State of current operation: PENDING
09:47:08 INFO  State of current operation: PENDING
09:47:10 INFO  State of current operation: PENDING
09:47:12 INFO  State of current operation: PENDING
09:47:14 INFO  State of current operation: PENDING
09:47:17 INFO  State of current operation: PENDING
09:47:19 INFO  State of current operation: PENDING
09:47:21 INFO  State of current operation: PENDING
09:47:23 INFO  State of current operation: PENDING
09:47:26 INFO  State of current operation: PENDING
09:47:28 INFO  State of current operation: PENDING
09:47:30 INFO  State of current operation: PENDING
09:47:32 INFO  State of current operation: PENDING
09:47:34 INFO  State of current operation: PENDING
09:47:37 INFO  State of current operation: PENDING
09:47:39 INFO  State of current operation: PENDING
09:47:41 INFO  State of current operation: PENDING
09:47:43 INFO  State of current operation: PENDING
09:47:46 INFO  State of current operation: PENDING
09:47:48 INFO  State of current operation: PENDING
09:47:50 INFO  State of current operation: PENDING
09:47:52 INFO  State of current operation: PENDING
09:47:55 INFO  State of current operation: PENDING
09:47:57 INFO  State of current operation: PENDING
09:47:59 INFO  State of current operation: PENDING
09:48:01 INFO  State of current operation: PENDING
09:48:04 INFO  State of current operation: PENDING
09:48:06 INFO  State of current operation: PENDING
09:48:08 INFO  State of current operation: PENDING
09:48:10 WARN  SystemError occurred while running test - Timeout while waiting for status FAILED or SUCCESSFUL
Traceback (most recent call last):
  File &quot;/home/pi/env-pysys/lib/python3.7/site-packages/pysys/baserunner.py&quot;, line 1292, in __call__
    self.testObj.setup()
  File &quot;/home/pi/actions-runner/_work/thin-edge.io/thin-edge.io/tests/PySys/software_management_end_to_end/sm_apt_install_remove_multiple_mixed/run.py&quot;, line 73, in setup
    super().setup()
  File &quot;/home/pi/actions-runner/_work/thin-edge.io/thin-edge.io/tests/PySys/software_management_end_to_end/environment_sm_management.py&quot;, line 151, in setup
    self.wait_until_end()
  File &quot;/home/pi/actions-runner/_work/thin-edge.io/thin-edge.io/tests/PySys/software_management_end_to_end/environment_sm_management.py&quot;, line 332, in wait_until_end
    self.wait_until_status(&quot;FAILED&quot;, &quot;SUCCESSFUL&quot;)
  File &quot;/home/pi/actions-runner/_work/thin-edge.io/thin-edge.io/tests/PySys/software_management_end_to_end/environment_sm_management.py&quot;, line 381, in wait_until_status
    &quot;Timeout while waiting for status %s or %s&quot; % (status, status2)
SystemError: Timeout while waiting for status FAILED or SUCCESSFUL
09:48:10 WARN  SystemError: Timeout while waiting for status FAILED or SUCCESSFUL ... blocked 
09:48:10 INFO  
09:48:10 INFO  cleanup:
09:48:14 INFO  Executed sudo&lt;tedge_disconnect_c8y&gt;, exit status 0
09:48:15 INFO  Executed systemctl&lt;serv_mapper5&gt;, exit status 3
09:48:15 INFO  
09:48:15 INFO  Test duration: 165.37 secs
09:48:15 INFO  Test final outcome:  BLOCKED
09:48:15 INFO  Test outcome reason: SystemError: Timeout while waiting for status FAILED or SUCCESSFUL
09:48:15 INFO  
</system-out>
	</testcase>
</testsuite>
