<?xml version="1.0" encoding="utf-8"?>
<testsuite failures="1" name="SoftwareManagement.sm_apt_install_remove_multiple" skipped="0" tests="1" time="138.67" timestamp="2022-06-22T10:54:32">
	<testcase classname="PySysTest" name="SoftwareManagement.sm_apt_install_remove_multiple">
		<failure message="FAILED: Assert that (False == value) with value=True (+2 other failures)" type="FAILED"/>
		<system-out>10:52:14 INFO  ==============================================================
10:52:14 INFO  Id:    SoftwareManagement.sm_apt_install_remove_multiple
10:52:14 INFO  Dir:   software_management_end_to_end/
10:52:14 INFO  Title: Validate end to end behaviour for the apt plugin for multiple packages
10:52:14 INFO  ==============================================================
10:52:14 INFO  Using sw id database: {'asciijump': '5475369', 'robotfindskitten': '5474869', 'squirrel3': '5475279', 'rolldice': '5152439', 'moon-buggy': '5439204', 'apple': '5495053', 'banana': '5494888', 'cherry': '5495382', 'watermelon': '5494510', 'registry': '8018911', 'hello-world': '8021526', 'docker/getting-started': '8021973', 'alpine': '7991792'}
10:52:14 INFO  EnvironmentC8y Setup
10:52:14 INFO  Executed systemctl&lt;serv_mapper1&gt;, exit status 3
10:52:14 INFO  Restarting mosquitto too frequently in the last 10 seconds. It was only up for 4 seconds
10:52:14 INFO  Delaying execution by 7 seconds
10:52:36 INFO  Executed sudo&lt;tedge_connect_c8y&gt;, exit status 0, duration 14 secs
10:52:36 INFO  Executed sudo&lt;tedge_connect_c8y_test&gt;, exit status 0
10:52:37 INFO  Executed systemctl&lt;serv_mosq2&gt;, exit status 0
10:52:37 INFO  Executed systemctl&lt;serv_mapper3&gt;, exit status 0
10:52:39 INFO  State of current operation: SUCCESSFUL
10:52:40 INFO  Assert that (False == value) with value=False ... passed
10:52:40 INFO  Package asciijump is installed
10:52:40 WARN  Assert that (False == value) with value=True ... failed 
10:52:40 INFO  Package squirrel3 is installed
10:52:40 WARN  Assert that (False == value) with value=True ... failed 
10:52:41 INFO  Package robotfindskitten is installed
10:52:41 WARN  Assert that (False == value) with value=True ... failed 
10:52:41 INFO  Response status: 201
10:52:41 INFO  Response to action: {
    &quot;creationTime&quot;: &quot;2022-06-22T10:52:41.312Z&quot;,
    &quot;deviceName&quot;: &quot;m32sd10d&quot;,
    &quot;deviceId&quot;: &quot;20363028&quot;,
    &quot;self&quot;: &quot;https://t493319102.eu-latest.cumulocity.com/devicecontrol/operations/20403601&quot;,
    &quot;id&quot;: &quot;20403601&quot;,
    &quot;status&quot;: &quot;PENDING&quot;,
    &quot;description&quot;: &quot;Apply software changes, triggered from PySys: [{'action': 'install', 'id': '5475369', 'name': 'asciijump', 'url': ' ', 'version': '::apt'}, {'action': 'install', 'id': '5474869', 'name': 'robotfindskitten', 'url': ' ', 'version': '::apt'}, {'action': 'install', 'id': '5475279', 'name': 'squirrel3', 'url': ' ', 'version': '::apt'}]&quot;,
    &quot;c8y_SoftwareUpdate&quot;: [
        {
            &quot;name&quot;: &quot;asciijump&quot;,
            &quot;action&quot;: &quot;install&quot;,
            &quot;id&quot;: &quot;5475369&quot;,
            &quot;version&quot;: &quot;::apt&quot;,
            &quot;url&quot;: &quot; &quot;
        },
        {
            &quot;name&quot;: &quot;robotfindskitten&quot;,
            &quot;action&quot;: &quot;install&quot;,
            &quot;id&quot;: &quot;5474869&quot;,
            &quot;version&quot;: &quot;::apt&quot;,
            &quot;url&quot;: &quot; &quot;
        },
        {
            &quot;name&quot;: &quot;squirrel3&quot;,
            &quot;action&quot;: &quot;install&quot;,
            &quot;id&quot;: &quot;5475279&quot;,
            &quot;version&quot;: &quot;::apt&quot;,
            &quot;url&quot;: &quot; &quot;
        }
    ]
}
10:52:41 INFO  Started operation: {'creationTime': '2022-06-22T10:52:41.312Z', 'deviceName': 'm32sd10d', 'deviceId': '20363028', 'self': 'https://t493319102.eu-latest.cumulocity.com/devicecontrol/operations/20403601', 'id': '20403601', 'status': 'PENDING', 'description': &quot;Apply software changes, triggered from PySys: [{'action': 'install', 'id': '5475369', 'name': 'asciijump', 'url': ' ', 'version': '::apt'}, {'action': 'install', 'id': '5474869', 'name': 'robotfindskitten', 'url': ' ', 'version': '::apt'}, {'action': 'install', 'id': '5475279', 'name': 'squirrel3', 'url': ' ', 'version': '::apt'}]&quot;, 'c8y_SoftwareUpdate': [{'name': 'asciijump', 'action': 'install', 'id': '5475369', 'version': '::apt', 'url': ' '}, {'name': 'robotfindskitten', 'action': 'install', 'id': '5474869', 'version': '::apt', 'url': ' '}, {'name': 'squirrel3', 'action': 'install', 'id': '5475279', 'version': '::apt', 'url': ' '}]}
10:52:43 INFO  State of operation 20403601 : PENDING
10:52:45 INFO  State of operation 20403601 : EXECUTING
10:52:48 INFO  State of operation 20403601 : EXECUTING
10:52:50 INFO  State of operation 20403601 : EXECUTING
10:52:52 INFO  State of operation 20403601 : EXECUTING
10:52:54 INFO  State of operation 20403601 : EXECUTING
10:52:57 INFO  State of operation 20403601 : EXECUTING
10:53:00 INFO  State of operation 20403601 : EXECUTING
10:53:02 INFO  State of operation 20403601 : EXECUTING
10:53:04 INFO  State of operation 20403601 : EXECUTING
10:53:07 INFO  State of operation 20403601 : EXECUTING
10:53:09 INFO  State of operation 20403601 : EXECUTING
10:53:11 INFO  State of operation 20403601 : EXECUTING
10:53:13 INFO  State of operation 20403601 : EXECUTING
10:53:16 INFO  State of operation 20403601 : EXECUTING
10:53:18 INFO  State of operation 20403601 : SUCCESSFUL
10:53:18 INFO  Assert that (False == value) with value=False ... passed
10:53:18 INFO  Package asciijump is installed
10:53:18 INFO  Assert that (True == value) with value=True ... passed
10:53:18 INFO  Package squirrel3 is installed
10:53:18 INFO  Assert that (True == value) with value=True ... passed
10:53:19 INFO  Package robotfindskitten is installed
10:53:19 INFO  Assert that (True == value) with value=True ... passed
10:53:19 INFO  Response status: 201
10:53:19 INFO  Response to action: {
    &quot;creationTime&quot;: &quot;2022-06-22T10:53:19.339Z&quot;,
    &quot;deviceName&quot;: &quot;m32sd10d&quot;,
    &quot;deviceId&quot;: &quot;20363028&quot;,
    &quot;self&quot;: &quot;https://t493319102.eu-latest.cumulocity.com/devicecontrol/operations/20403613&quot;,
    &quot;id&quot;: &quot;20403613&quot;,
    &quot;status&quot;: &quot;PENDING&quot;,
    &quot;description&quot;: &quot;Apply software changes, triggered from PySys: [{'action': 'delete', 'id': '5475369', 'name': 'asciijump', 'url': ' ', 'version': '::apt'}, {'action': 'delete', 'id': '5474869', 'name': 'robotfindskitten', 'url': ' ', 'version': '::apt'}, {'action': 'delete', 'id': '5475279', 'name': 'squirrel3', 'url': ' ', 'version': '::apt'}]&quot;,
    &quot;c8y_SoftwareUpdate&quot;: [
        {
            &quot;name&quot;: &quot;asciijump&quot;,
            &quot;action&quot;: &quot;delete&quot;,
            &quot;id&quot;: &quot;5475369&quot;,
            &quot;version&quot;: &quot;::apt&quot;,
            &quot;url&quot;: &quot; &quot;
        },
        {
            &quot;name&quot;: &quot;robotfindskitten&quot;,
            &quot;action&quot;: &quot;delete&quot;,
            &quot;id&quot;: &quot;5474869&quot;,
            &quot;version&quot;: &quot;::apt&quot;,
            &quot;url&quot;: &quot; &quot;
        },
        {
            &quot;name&quot;: &quot;squirrel3&quot;,
            &quot;action&quot;: &quot;delete&quot;,
            &quot;id&quot;: &quot;5475279&quot;,
            &quot;version&quot;: &quot;::apt&quot;,
            &quot;url&quot;: &quot; &quot;
        }
    ]
}
10:53:19 INFO  Started operation: {'creationTime': '2022-06-22T10:53:19.339Z', 'deviceName': 'm32sd10d', 'deviceId': '20363028', 'self': 'https://t493319102.eu-latest.cumulocity.com/devicecontrol/operations/20403613', 'id': '20403613', 'status': 'PENDING', 'description': &quot;Apply software changes, triggered from PySys: [{'action': 'delete', 'id': '5475369', 'name': 'asciijump', 'url': ' ', 'version': '::apt'}, {'action': 'delete', 'id': '5474869', 'name': 'robotfindskitten', 'url': ' ', 'version': '::apt'}, {'action': 'delete', 'id': '5475279', 'name': 'squirrel3', 'url': ' ', 'version': '::apt'}]&quot;, 'c8y_SoftwareUpdate': [{'name': 'asciijump', 'action': 'delete', 'id': '5475369', 'version': '::apt', 'url': ' '}, {'name': 'robotfindskitten', 'action': 'delete', 'id': '5474869', 'version': '::apt', 'url': ' '}, {'name': 'squirrel3', 'action': 'delete', 'id': '5475279', 'version': '::apt', 'url': ' '}]}
10:53:21 INFO  State of operation 20403613 : PENDING
10:53:23 INFO  State of operation 20403613 : EXECUTING
10:53:26 INFO  State of operation 20403613 : EXECUTING
10:53:28 INFO  State of operation 20403613 : EXECUTING
10:53:30 INFO  State of operation 20403613 : EXECUTING
10:53:32 INFO  State of operation 20403613 : EXECUTING
10:53:35 INFO  State of operation 20403613 : EXECUTING
10:53:38 INFO  State of operation 20403613 : EXECUTING
10:53:41 INFO  State of operation 20403613 : EXECUTING
10:53:43 INFO  State of operation 20403613 : EXECUTING
10:53:45 INFO  State of operation 20403613 : EXECUTING
10:53:47 INFO  State of operation 20403613 : EXECUTING
10:53:50 INFO  State of operation 20403613 : EXECUTING
10:53:52 INFO  State of operation 20403613 : EXECUTING
10:53:54 INFO  State of operation 20403613 : EXECUTING
10:53:56 INFO  State of operation 20403613 : EXECUTING
10:53:59 INFO  State of operation 20403613 : EXECUTING
10:54:01 INFO  State of operation 20403613 : EXECUTING
10:54:04 INFO  State of operation 20403613 : EXECUTING
10:54:06 INFO  State of operation 20403613 : EXECUTING
10:54:08 INFO  State of operation 20403613 : EXECUTING
10:54:11 INFO  State of operation 20403613 : EXECUTING
10:54:13 INFO  State of operation 20403613 : EXECUTING
10:54:15 INFO  State of operation 20403613 : EXECUTING
10:54:18 INFO  State of operation 20403613 : EXECUTING
10:54:20 INFO  State of operation 20403613 : EXECUTING
10:54:23 INFO  State of operation 20403613 : EXECUTING
10:54:25 INFO  State of operation 20403613 : EXECUTING
10:54:27 INFO  State of operation 20403613 : SUCCESSFUL
10:54:27 INFO  Assert that (False == value) with value=False ... passed
10:54:27 INFO  Assert that (False == value) with value=False ... passed
10:54:28 INFO  Assert that (False == value) with value=False ... passed
10:54:28 INFO  Assert that (False == value) with value=False ... passed
10:54:28 INFO  
10:54:28 INFO  cleanup:
10:54:32 INFO  Executed sudo&lt;tedge_disconnect_c8y&gt;, exit status 0
10:54:32 INFO  Executed systemctl&lt;serv_mapper5&gt;, exit status 3
10:54:32 INFO  
10:54:32 INFO  Test duration: 138.67 secs
10:54:32 INFO  Test final outcome:  FAILED
10:54:32 INFO  Test outcome reason: Assert that (False == value) with value=True (+2 other failures)
10:54:32 INFO  
</system-out>
	</testcase>
</testsuite>
