<?xml version="1.0" encoding="utf-8"?>
<testsuite failures="1" name="SoftwareManagement.sm_mixed_install_remove_multiple" skipped="0" tests="1" time="165.63" timestamp="2022-07-20T12:08:36">
	<testcase classname="PySysTest" name="SoftwareManagement.sm_mixed_install_remove_multiple">
		<failure message="FAILED: Assert that (False == value) with value=True" type="FAILED"/>
		<system-out>12:05:51 INFO  ==============================================================
12:05:51 INFO  Id:    SoftwareManagement.sm_mixed_install_remove_multiple
12:05:51 INFO  Dir:   software_management_end_to_end/
12:05:51 INFO  Title: Validate end to end behaviour for the dummy-plugin for multiple packages with mixed versions
12:05:51 INFO  ==============================================================
12:05:51 INFO  Using sw id database: {'asciijump': '5475369', 'robotfindskitten': '5474869', 'squirrel3': '5475279', 'rolldice': '5152439', 'moon-buggy': '5439204', 'apple': '5495053', 'banana': '5494888', 'cherry': '5495382', 'watermelon': '5494510', 'registry': '8018911', 'hello-world': '8021526', 'docker/getting-started': '8021973', 'alpine': '7991792'}
12:05:51 INFO  EnvironmentC8y Setup
12:05:51 INFO  Executed systemctl&lt;serv_mapper1&gt;, exit status 3
12:05:51 INFO  Restarting mosquitto too frequently in the last 10 seconds. It was only up for 4 seconds
12:05:51 INFO  Delaying execution by 7 seconds
12:06:13 INFO  Executed sudo&lt;tedge_connect_c8y&gt;, exit status 0, duration 14 secs
12:06:13 INFO  Executed sudo&lt;tedge_connect_c8y_test&gt;, exit status 0
12:06:14 INFO  Executed systemctl&lt;serv_mosq2&gt;, exit status 0
12:06:14 INFO  Executed systemctl&lt;serv_mapper3&gt;, exit status 0
12:06:17 INFO  State of current operation: SUCCESSFUL
12:06:17 INFO  Package apple is installed
12:06:17 INFO  Assert that (True == value) with value=True ... passed
12:06:17 INFO  Package banana is installed
12:06:17 INFO  Assert that (True == value) with value=True ... passed
12:06:17 INFO  Package cherry is installed
12:06:17 INFO  Assert that (True == value) with value=True ... passed
12:06:17 INFO  Package asciijump is installed
12:06:18 WARN  Assert that (False == value) with value=True ... failed 
12:06:18 INFO  Assert that (False == value) with value=False ... passed
12:06:18 INFO  Response status: 201
12:06:18 INFO  Response to action: {
    &quot;creationTime&quot;: &quot;2022-07-20T12:06:18.438Z&quot;,
    &quot;deviceId&quot;: &quot;21056369&quot;,
    &quot;deviceName&quot;: &quot;m32sd10d&quot;,
    &quot;self&quot;: &quot;https://t493319102.eu-latest.cumulocity.com/devicecontrol/operations/21082624&quot;,
    &quot;id&quot;: &quot;21082624&quot;,
    &quot;status&quot;: &quot;PENDING&quot;,
    &quot;description&quot;: &quot;Apply software changes, triggered from PySys: [{'action': 'install', 'id': '5495053', 'name': 'apple', 'url': ' ', 'version': '::fruits'}, {'action': 'install', 'id': '5494888', 'name': 'banana', 'url': ' ', 'version': '::fruits'}, {'action': 'install', 'id': '5475369', 'name': 'asciijump', 'url': ' ', 'version': '::apt'}, {'action': 'install', 'id': '5495382', 'name': 'cherry', 'url': ' ', 'version': '::fruits'}, {'action': 'install', 'id': '8018911', 'name': 'registry', 'url': ' ', 'version': '::docker'}]&quot;,
    &quot;c8y_SoftwareUpdate&quot;: [
        {
            &quot;name&quot;: &quot;apple&quot;,
            &quot;action&quot;: &quot;install&quot;,
            &quot;id&quot;: &quot;5495053&quot;,
            &quot;version&quot;: &quot;::fruits&quot;,
            &quot;url&quot;: &quot; &quot;
        },
        {
            &quot;name&quot;: &quot;banana&quot;,
            &quot;action&quot;: &quot;install&quot;,
            &quot;id&quot;: &quot;5494888&quot;,
            &quot;version&quot;: &quot;::fruits&quot;,
            &quot;url&quot;: &quot; &quot;
        },
        {
            &quot;name&quot;: &quot;asciijump&quot;,
            &quot;action&quot;: &quot;install&quot;,
            &quot;id&quot;: &quot;5475369&quot;,
            &quot;version&quot;: &quot;::apt&quot;,
            &quot;url&quot;: &quot; &quot;
        },
        {
            &quot;name&quot;: &quot;cherry&quot;,
            &quot;action&quot;: &quot;install&quot;,
            &quot;id&quot;: &quot;5495382&quot;,
            &quot;version&quot;: &quot;::fruits&quot;,
            &quot;url&quot;: &quot; &quot;
        },
        {
            &quot;name&quot;: &quot;registry&quot;,
            &quot;action&quot;: &quot;install&quot;,
            &quot;id&quot;: &quot;8018911&quot;,
            &quot;version&quot;: &quot;::docker&quot;,
            &quot;url&quot;: &quot; &quot;
        }
    ]
}
12:06:18 INFO  Started operation: {'creationTime': '2022-07-20T12:06:18.438Z', 'deviceId': '21056369', 'deviceName': 'm32sd10d', 'self': 'https://t493319102.eu-latest.cumulocity.com/devicecontrol/operations/21082624', 'id': '21082624', 'status': 'PENDING', 'description': &quot;Apply software changes, triggered from PySys: [{'action': 'install', 'id': '5495053', 'name': 'apple', 'url': ' ', 'version': '::fruits'}, {'action': 'install', 'id': '5494888', 'name': 'banana', 'url': ' ', 'version': '::fruits'}, {'action': 'install', 'id': '5475369', 'name': 'asciijump', 'url': ' ', 'version': '::apt'}, {'action': 'install', 'id': '5495382', 'name': 'cherry', 'url': ' ', 'version': '::fruits'}, {'action': 'install', 'id': '8018911', 'name': 'registry', 'url': ' ', 'version': '::docker'}]&quot;, 'c8y_SoftwareUpdate': [{'name': 'apple', 'action': 'install', 'id': '5495053', 'version': '::fruits', 'url': ' '}, {'name': 'banana', 'action': 'install', 'id': '5494888', 'version': '::fruits', 'url': ' '}, {'name': 'asciijump', 'action': 'install', 'id': '5475369', 'version': '::apt', 'url': ' '}, {'name': 'cherry', 'action': 'install', 'id': '5495382', 'version': '::fruits', 'url': ' '}, {'name': 'registry', 'action': 'install', 'id': '8018911', 'version': '::docker', 'url': ' '}]}
12:06:20 INFO  State of operation 21082624 : PENDING
12:06:22 INFO  State of operation 21082624 : EXECUTING
12:06:25 INFO  State of operation 21082624 : EXECUTING
12:06:27 INFO  State of operation 21082624 : EXECUTING
12:06:29 INFO  State of operation 21082624 : EXECUTING
12:06:31 INFO  State of operation 21082624 : EXECUTING
12:06:34 INFO  State of operation 21082624 : EXECUTING
12:06:37 INFO  State of operation 21082624 : EXECUTING
12:06:39 INFO  State of operation 21082624 : EXECUTING
12:06:42 INFO  State of operation 21082624 : EXECUTING
12:06:44 INFO  State of operation 21082624 : EXECUTING
12:06:46 INFO  State of operation 21082624 : EXECUTING
12:06:48 INFO  State of operation 21082624 : EXECUTING
12:06:51 INFO  State of operation 21082624 : EXECUTING
12:06:53 INFO  State of operation 21082624 : EXECUTING
12:06:55 INFO  State of operation 21082624 : EXECUTING
12:06:57 INFO  State of operation 21082624 : EXECUTING
12:07:00 INFO  State of operation 21082624 : EXECUTING
12:07:02 INFO  State of operation 21082624 : EXECUTING
12:07:04 INFO  State of operation 21082624 : EXECUTING
12:07:06 INFO  State of operation 21082624 : EXECUTING
12:07:08 INFO  State of operation 21082624 : EXECUTING
12:07:11 INFO  State of operation 21082624 : EXECUTING
12:07:13 INFO  State of operation 21082624 : EXECUTING
12:07:15 INFO  State of operation 21082624 : EXECUTING
12:07:17 INFO  State of operation 21082624 : SUCCESSFUL
12:07:18 INFO  Package apple is installed
12:07:18 INFO  Assert that (True == value) with value=True ... passed
12:07:18 INFO  Package banana is installed
12:07:18 INFO  Assert that (True == value) with value=True ... passed
12:07:18 INFO  Package cherry is installed
12:07:18 INFO  Assert that (True == value) with value=True ... passed
12:07:18 INFO  Package asciijump is installed
12:07:18 INFO  Assert that (True == value) with value=True ... passed
12:07:19 INFO  Package registry is installed
12:07:19 INFO  Assert that (True == value) with value=True ... passed
12:07:19 INFO  Response status: 201
12:07:19 INFO  Response to action: {
    &quot;creationTime&quot;: &quot;2022-07-20T12:07:19.266Z&quot;,
    &quot;deviceId&quot;: &quot;21056369&quot;,
    &quot;deviceName&quot;: &quot;m32sd10d&quot;,
    &quot;self&quot;: &quot;https://t493319102.eu-latest.cumulocity.com/devicecontrol/operations/21082636&quot;,
    &quot;id&quot;: &quot;21082636&quot;,
    &quot;status&quot;: &quot;PENDING&quot;,
    &quot;description&quot;: &quot;Apply software changes, triggered from PySys: [{'action': 'delete', 'id': '5495053', 'name': 'apple', 'url': ' ', 'version': '::fruits'}, {'action': 'delete', 'id': '5494888', 'name': 'banana', 'url': ' ', 'version': '::fruits'}, {'action': 'delete', 'id': '5475369', 'name': 'asciijump', 'url': ' ', 'version': '::apt'}, {'action': 'delete', 'id': '5495382', 'name': 'cherry', 'url': ' ', 'version': '::fruits'}, {'action': 'delete', 'id': '8018911', 'name': 'registry', 'url': ' ', 'version': '::docker'}]&quot;,
    &quot;c8y_SoftwareUpdate&quot;: [
        {
            &quot;name&quot;: &quot;apple&quot;,
            &quot;action&quot;: &quot;delete&quot;,
            &quot;id&quot;: &quot;5495053&quot;,
            &quot;version&quot;: &quot;::fruits&quot;,
            &quot;url&quot;: &quot; &quot;
        },
        {
            &quot;name&quot;: &quot;banana&quot;,
            &quot;action&quot;: &quot;delete&quot;,
            &quot;id&quot;: &quot;5494888&quot;,
            &quot;version&quot;: &quot;::fruits&quot;,
            &quot;url&quot;: &quot; &quot;
        },
        {
            &quot;name&quot;: &quot;asciijump&quot;,
            &quot;action&quot;: &quot;delete&quot;,
            &quot;id&quot;: &quot;5475369&quot;,
            &quot;version&quot;: &quot;::apt&quot;,
            &quot;url&quot;: &quot; &quot;
        },
        {
            &quot;name&quot;: &quot;cherry&quot;,
            &quot;action&quot;: &quot;delete&quot;,
            &quot;id&quot;: &quot;5495382&quot;,
            &quot;version&quot;: &quot;::fruits&quot;,
            &quot;url&quot;: &quot; &quot;
        },
        {
            &quot;name&quot;: &quot;registry&quot;,
            &quot;action&quot;: &quot;delete&quot;,
            &quot;id&quot;: &quot;8018911&quot;,
            &quot;version&quot;: &quot;::docker&quot;,
            &quot;url&quot;: &quot; &quot;
        }
    ]
}
12:07:19 INFO  Started operation: {'creationTime': '2022-07-20T12:07:19.266Z', 'deviceId': '21056369', 'deviceName': 'm32sd10d', 'self': 'https://t493319102.eu-latest.cumulocity.com/devicecontrol/operations/21082636', 'id': '21082636', 'status': 'PENDING', 'description': &quot;Apply software changes, triggered from PySys: [{'action': 'delete', 'id': '5495053', 'name': 'apple', 'url': ' ', 'version': '::fruits'}, {'action': 'delete', 'id': '5494888', 'name': 'banana', 'url': ' ', 'version': '::fruits'}, {'action': 'delete', 'id': '5475369', 'name': 'asciijump', 'url': ' ', 'version': '::apt'}, {'action': 'delete', 'id': '5495382', 'name': 'cherry', 'url': ' ', 'version': '::fruits'}, {'action': 'delete', 'id': '8018911', 'name': 'registry', 'url': ' ', 'version': '::docker'}]&quot;, 'c8y_SoftwareUpdate': [{'name': 'apple', 'action': 'delete', 'id': '5495053', 'version': '::fruits', 'url': ' '}, {'name': 'banana', 'action': 'delete', 'id': '5494888', 'version': '::fruits', 'url': ' '}, {'name': 'asciijump', 'action': 'delete', 'id': '5475369', 'version': '::apt', 'url': ' '}, {'name': 'cherry', 'action': 'delete', 'id': '5495382', 'version': '::fruits', 'url': ' '}, {'name': 'registry', 'action': 'delete', 'id': '8018911', 'version': '::docker', 'url': ' '}]}
12:07:21 INFO  State of operation 21082636 : PENDING
12:07:23 INFO  State of operation 21082636 : EXECUTING
12:07:25 INFO  State of operation 21082636 : EXECUTING
12:07:28 INFO  State of operation 21082636 : EXECUTING
12:07:30 INFO  State of operation 21082636 : EXECUTING
12:07:32 INFO  State of operation 21082636 : EXECUTING
12:07:35 INFO  State of operation 21082636 : EXECUTING
12:07:38 INFO  State of operation 21082636 : EXECUTING
12:07:40 INFO  State of operation 21082636 : EXECUTING
12:07:42 INFO  State of operation 21082636 : EXECUTING
12:07:44 INFO  State of operation 21082636 : EXECUTING
12:07:47 INFO  State of operation 21082636 : EXECUTING
12:07:49 INFO  State of operation 21082636 : EXECUTING
12:07:51 INFO  State of operation 21082636 : EXECUTING
12:07:53 INFO  State of operation 21082636 : EXECUTING
12:07:56 INFO  State of operation 21082636 : EXECUTING
12:07:58 INFO  State of operation 21082636 : EXECUTING
12:08:01 INFO  State of operation 21082636 : EXECUTING
12:08:03 INFO  State of operation 21082636 : EXECUTING
12:08:05 INFO  State of operation 21082636 : EXECUTING
12:08:07 INFO  State of operation 21082636 : EXECUTING
12:08:10 INFO  State of operation 21082636 : EXECUTING
12:08:12 INFO  State of operation 21082636 : EXECUTING
12:08:14 INFO  State of operation 21082636 : EXECUTING
12:08:17 INFO  State of operation 21082636 : EXECUTING
12:08:19 INFO  State of operation 21082636 : EXECUTING
12:08:21 INFO  State of operation 21082636 : EXECUTING
12:08:24 INFO  State of operation 21082636 : EXECUTING
12:08:26 INFO  State of operation 21082636 : EXECUTING
12:08:28 INFO  State of operation 21082636 : EXECUTING
12:08:30 INFO  State of operation 21082636 : SUCCESSFUL
12:08:31 INFO  Package apple is installed
12:08:31 INFO  Assert that (True == value) with value=True ... passed
12:08:31 INFO  Package banana is installed
12:08:31 INFO  Assert that (True == value) with value=True ... passed
12:08:31 INFO  Package cherry is installed
12:08:31 INFO  Assert that (True == value) with value=True ... passed
12:08:31 INFO  Assert that (False == value) with value=False ... passed
12:08:32 INFO  Assert that (False == value) with value=False ... passed
12:08:32 INFO  
12:08:32 INFO  cleanup:
12:08:36 INFO  Executed sudo&lt;tedge_disconnect_c8y&gt;, exit status 0
12:08:36 INFO  Executed systemctl&lt;serv_mapper5&gt;, exit status 3
12:08:36 INFO  
12:08:36 INFO  Test duration: 165.63 secs
12:08:36 INFO  Test final outcome:  FAILED
12:08:36 INFO  Test outcome reason: Assert that (False == value) with value=True
12:08:36 INFO  
</system-out>
	</testcase>
</testsuite>
