<?xml version="1.0" encoding="utf-8"?>
<testsuite failures="1" name="SoftwareManagement.sm_mixed_install_remove_multiple" skipped="0" tests="1" time="172.81" timestamp="2022-06-08T14:23:05">
	<testcase classname="PySysTest" name="SoftwareManagement.sm_mixed_install_remove_multiple">
		<failure message="FAILED: Assert that (False == value) with value=True" type="FAILED"/>
		<system-out>14:20:13 INFO  ==============================================================
14:20:13 INFO  Id:    SoftwareManagement.sm_mixed_install_remove_multiple
14:20:13 INFO  Dir:   software_management_end_to_end/
14:20:13 INFO  Title: Validate end to end behaviour for the dummy-plugin for multiple packages with mixed versions
14:20:13 INFO  ==============================================================
14:20:13 INFO  Using sw id database: {'asciijump': '5475369', 'robotfindskitten': '5474869', 'squirrel3': '5475279', 'rolldice': '5152439', 'moon-buggy': '5439204', 'apple': '5495053', 'banana': '5494888', 'cherry': '5495382', 'watermelon': '5494510', 'registry': '8018911', 'hello-world': '8021526', 'docker/getting-started': '8021973', 'alpine': '7991792'}
14:20:13 INFO  EnvironmentC8y Setup
14:20:13 INFO  Executed systemctl&lt;serv_mapper1&gt;, exit status 3
14:20:13 INFO  Restarting mosquitto too frequently in the last 10 seconds. It was only up for 4 seconds
14:20:13 INFO  Delaying execution by 7 seconds
14:20:35 INFO  Executed sudo&lt;tedge_connect_c8y&gt;, exit status 0, duration 14 secs
14:20:36 INFO  Executed sudo&lt;tedge_connect_c8y_test&gt;, exit status 0
14:20:36 INFO  Executed systemctl&lt;serv_mosq2&gt;, exit status 0
14:20:37 INFO  Executed systemctl&lt;serv_mapper3&gt;, exit status 0
14:20:39 INFO  State of current operation: SUCCESSFUL
14:20:39 INFO  Package apple is installed
14:20:39 INFO  Assert that (True == value) with value=True ... passed
14:20:40 INFO  Package banana is installed
14:20:40 INFO  Assert that (True == value) with value=True ... passed
14:20:40 INFO  Package cherry is installed
14:20:40 INFO  Assert that (True == value) with value=True ... passed
14:20:40 INFO  Package asciijump is installed
14:20:40 WARN  Assert that (False == value) with value=True ... failed 
14:20:40 INFO  Assert that (False == value) with value=False ... passed
14:20:41 INFO  Response status: 201
14:20:41 INFO  Response to action: {
    &quot;creationTime&quot;: &quot;2022-06-08T14:20:41.150Z&quot;,
    &quot;deviceId&quot;: &quot;20034146&quot;,
    &quot;deviceName&quot;: &quot;m32sd10d&quot;,
    &quot;self&quot;: &quot;https://t493319102.eu-latest.cumulocity.com/devicecontrol/operations/20055050&quot;,
    &quot;id&quot;: &quot;20055050&quot;,
    &quot;status&quot;: &quot;PENDING&quot;,
    &quot;description&quot;: &quot;Apply software changes, triggered from PySys: [{'action': 'install', 'id': '5495053', 'name': 'apple', 'url': ' ', 'version': '::fruits'}, {'action': 'install', 'id': '5494888', 'name': 'banana', 'url': ' ', 'version': '::fruits'}, {'action': 'install', 'id': '5475369', 'name': 'asciijump', 'url': ' ', 'version': '::apt'}, {'action': 'install', 'id': '5495382', 'name': 'cherry', 'url': ' ', 'version': '::fruits'}, {'action': 'install', 'id': '8018911', 'name': 'registry', 'url': ' ', 'version': '::docker'}]&quot;,
    &quot;c8y_SoftwareUpdate&quot;: [
        {
            &quot;name&quot;: &quot;apple&quot;,
            &quot;action&quot;: &quot;install&quot;,
            &quot;id&quot;: &quot;5495053&quot;,
            &quot;version&quot;: &quot;::fruits&quot;,
            &quot;url&quot;: &quot; &quot;
        },
        {
            &quot;name&quot;: &quot;banana&quot;,
            &quot;action&quot;: &quot;install&quot;,
            &quot;id&quot;: &quot;5494888&quot;,
            &quot;version&quot;: &quot;::fruits&quot;,
            &quot;url&quot;: &quot; &quot;
        },
        {
            &quot;name&quot;: &quot;asciijump&quot;,
            &quot;action&quot;: &quot;install&quot;,
            &quot;id&quot;: &quot;5475369&quot;,
            &quot;version&quot;: &quot;::apt&quot;,
            &quot;url&quot;: &quot; &quot;
        },
        {
            &quot;name&quot;: &quot;cherry&quot;,
            &quot;action&quot;: &quot;install&quot;,
            &quot;id&quot;: &quot;5495382&quot;,
            &quot;version&quot;: &quot;::fruits&quot;,
            &quot;url&quot;: &quot; &quot;
        },
        {
            &quot;name&quot;: &quot;registry&quot;,
            &quot;action&quot;: &quot;install&quot;,
            &quot;id&quot;: &quot;8018911&quot;,
            &quot;version&quot;: &quot;::docker&quot;,
            &quot;url&quot;: &quot; &quot;
        }
    ]
}
14:20:41 INFO  Started operation: {'creationTime': '2022-06-08T14:20:41.150Z', 'deviceId': '20034146', 'deviceName': 'm32sd10d', 'self': 'https://t493319102.eu-latest.cumulocity.com/devicecontrol/operations/20055050', 'id': '20055050', 'status': 'PENDING', 'description': &quot;Apply software changes, triggered from PySys: [{'action': 'install', 'id': '5495053', 'name': 'apple', 'url': ' ', 'version': '::fruits'}, {'action': 'install', 'id': '5494888', 'name': 'banana', 'url': ' ', 'version': '::fruits'}, {'action': 'install', 'id': '5475369', 'name': 'asciijump', 'url': ' ', 'version': '::apt'}, {'action': 'install', 'id': '5495382', 'name': 'cherry', 'url': ' ', 'version': '::fruits'}, {'action': 'install', 'id': '8018911', 'name': 'registry', 'url': ' ', 'version': '::docker'}]&quot;, 'c8y_SoftwareUpdate': [{'name': 'apple', 'action': 'install', 'id': '5495053', 'version': '::fruits', 'url': ' '}, {'name': 'banana', 'action': 'install', 'id': '5494888', 'version': '::fruits', 'url': ' '}, {'name': 'asciijump', 'action': 'install', 'id': '5475369', 'version': '::apt', 'url': ' '}, {'name': 'cherry', 'action': 'install', 'id': '5495382', 'version': '::fruits', 'url': ' '}, {'name': 'registry', 'action': 'install', 'id': '8018911', 'version': '::docker', 'url': ' '}]}
14:20:43 INFO  State of operation 20055050 : PENDING
14:20:45 INFO  State of operation 20055050 : EXECUTING
14:20:47 INFO  State of operation 20055050 : EXECUTING
14:20:50 INFO  State of operation 20055050 : EXECUTING
14:20:52 INFO  State of operation 20055050 : EXECUTING
14:20:54 INFO  State of operation 20055050 : EXECUTING
14:20:57 INFO  State of operation 20055050 : EXECUTING
14:20:59 INFO  State of operation 20055050 : EXECUTING
14:21:02 INFO  State of operation 20055050 : EXECUTING
14:21:05 INFO  State of operation 20055050 : EXECUTING
14:21:07 INFO  State of operation 20055050 : EXECUTING
14:21:09 INFO  State of operation 20055050 : EXECUTING
14:21:11 INFO  State of operation 20055050 : EXECUTING
14:21:14 INFO  State of operation 20055050 : EXECUTING
14:21:16 INFO  State of operation 20055050 : EXECUTING
14:21:18 INFO  State of operation 20055050 : EXECUTING
14:21:20 INFO  State of operation 20055050 : EXECUTING
14:21:23 INFO  State of operation 20055050 : EXECUTING
14:21:25 INFO  State of operation 20055050 : EXECUTING
14:21:27 INFO  State of operation 20055050 : EXECUTING
14:21:29 INFO  State of operation 20055050 : EXECUTING
14:21:32 INFO  State of operation 20055050 : EXECUTING
14:21:34 INFO  State of operation 20055050 : EXECUTING
14:21:36 INFO  State of operation 20055050 : EXECUTING
14:21:38 INFO  State of operation 20055050 : EXECUTING
14:21:41 INFO  State of operation 20055050 : EXECUTING
14:21:43 INFO  State of operation 20055050 : EXECUTING
14:21:45 INFO  State of operation 20055050 : SUCCESSFUL
14:21:45 INFO  Package apple is installed
14:21:45 INFO  Assert that (True == value) with value=True ... passed
14:21:46 INFO  Package banana is installed
14:21:46 INFO  Assert that (True == value) with value=True ... passed
14:21:46 INFO  Package cherry is installed
14:21:46 INFO  Assert that (True == value) with value=True ... passed
14:21:46 INFO  Package asciijump is installed
14:21:46 INFO  Assert that (True == value) with value=True ... passed
14:21:46 INFO  Package registry is installed
14:21:46 INFO  Assert that (True == value) with value=True ... passed
14:21:47 INFO  Response status: 201
14:21:47 INFO  Response to action: {
    &quot;creationTime&quot;: &quot;2022-06-08T14:21:47.084Z&quot;,
    &quot;deviceId&quot;: &quot;20034146&quot;,
    &quot;deviceName&quot;: &quot;m32sd10d&quot;,
    &quot;self&quot;: &quot;https://t493319102.eu-latest.cumulocity.com/devicecontrol/operations/20055071&quot;,
    &quot;id&quot;: &quot;20055071&quot;,
    &quot;status&quot;: &quot;PENDING&quot;,
    &quot;description&quot;: &quot;Apply software changes, triggered from PySys: [{'action': 'delete', 'id': '5495053', 'name': 'apple', 'url': ' ', 'version': '::fruits'}, {'action': 'delete', 'id': '5494888', 'name': 'banana', 'url': ' ', 'version': '::fruits'}, {'action': 'delete', 'id': '5475369', 'name': 'asciijump', 'url': ' ', 'version': '::apt'}, {'action': 'delete', 'id': '5495382', 'name': 'cherry', 'url': ' ', 'version': '::fruits'}, {'action': 'delete', 'id': '8018911', 'name': 'registry', 'url': ' ', 'version': '::docker'}]&quot;,
    &quot;c8y_SoftwareUpdate&quot;: [
        {
            &quot;name&quot;: &quot;apple&quot;,
            &quot;action&quot;: &quot;delete&quot;,
            &quot;id&quot;: &quot;5495053&quot;,
            &quot;version&quot;: &quot;::fruits&quot;,
            &quot;url&quot;: &quot; &quot;
        },
        {
            &quot;name&quot;: &quot;banana&quot;,
            &quot;action&quot;: &quot;delete&quot;,
            &quot;id&quot;: &quot;5494888&quot;,
            &quot;version&quot;: &quot;::fruits&quot;,
            &quot;url&quot;: &quot; &quot;
        },
        {
            &quot;name&quot;: &quot;asciijump&quot;,
            &quot;action&quot;: &quot;delete&quot;,
            &quot;id&quot;: &quot;5475369&quot;,
            &quot;version&quot;: &quot;::apt&quot;,
            &quot;url&quot;: &quot; &quot;
        },
        {
            &quot;name&quot;: &quot;cherry&quot;,
            &quot;action&quot;: &quot;delete&quot;,
            &quot;id&quot;: &quot;5495382&quot;,
            &quot;version&quot;: &quot;::fruits&quot;,
            &quot;url&quot;: &quot; &quot;
        },
        {
            &quot;name&quot;: &quot;registry&quot;,
            &quot;action&quot;: &quot;delete&quot;,
            &quot;id&quot;: &quot;8018911&quot;,
            &quot;version&quot;: &quot;::docker&quot;,
            &quot;url&quot;: &quot; &quot;
        }
    ]
}
14:21:47 INFO  Started operation: {'creationTime': '2022-06-08T14:21:47.084Z', 'deviceId': '20034146', 'deviceName': 'm32sd10d', 'self': 'https://t493319102.eu-latest.cumulocity.com/devicecontrol/operations/20055071', 'id': '20055071', 'status': 'PENDING', 'description': &quot;Apply software changes, triggered from PySys: [{'action': 'delete', 'id': '5495053', 'name': 'apple', 'url': ' ', 'version': '::fruits'}, {'action': 'delete', 'id': '5494888', 'name': 'banana', 'url': ' ', 'version': '::fruits'}, {'action': 'delete', 'id': '5475369', 'name': 'asciijump', 'url': ' ', 'version': '::apt'}, {'action': 'delete', 'id': '5495382', 'name': 'cherry', 'url': ' ', 'version': '::fruits'}, {'action': 'delete', 'id': '8018911', 'name': 'registry', 'url': ' ', 'version': '::docker'}]&quot;, 'c8y_SoftwareUpdate': [{'name': 'apple', 'action': 'delete', 'id': '5495053', 'version': '::fruits', 'url': ' '}, {'name': 'banana', 'action': 'delete', 'id': '5494888', 'version': '::fruits', 'url': ' '}, {'name': 'asciijump', 'action': 'delete', 'id': '5475369', 'version': '::apt', 'url': ' '}, {'name': 'cherry', 'action': 'delete', 'id': '5495382', 'version': '::fruits', 'url': ' '}, {'name': 'registry', 'action': 'delete', 'id': '8018911', 'version': '::docker', 'url': ' '}]}
14:21:49 INFO  State of operation 20055071 : PENDING
14:21:51 INFO  State of operation 20055071 : EXECUTING
14:21:53 INFO  State of operation 20055071 : EXECUTING
14:21:56 INFO  State of operation 20055071 : EXECUTING
14:21:58 INFO  State of operation 20055071 : EXECUTING
14:22:00 INFO  State of operation 20055071 : EXECUTING
14:22:03 INFO  State of operation 20055071 : EXECUTING
14:22:05 INFO  State of operation 20055071 : EXECUTING
14:22:08 INFO  State of operation 20055071 : EXECUTING
14:22:10 INFO  State of operation 20055071 : EXECUTING
14:22:12 INFO  State of operation 20055071 : EXECUTING
14:22:15 INFO  State of operation 20055071 : EXECUTING
14:22:17 INFO  State of operation 20055071 : EXECUTING
14:22:19 INFO  State of operation 20055071 : EXECUTING
14:22:21 INFO  State of operation 20055071 : EXECUTING
14:22:24 INFO  State of operation 20055071 : EXECUTING
14:22:27 INFO  State of operation 20055071 : EXECUTING
14:22:29 INFO  State of operation 20055071 : EXECUTING
14:22:31 INFO  State of operation 20055071 : EXECUTING
14:22:33 INFO  State of operation 20055071 : EXECUTING
14:22:36 INFO  State of operation 20055071 : EXECUTING
14:22:38 INFO  State of operation 20055071 : EXECUTING
14:22:40 INFO  State of operation 20055071 : EXECUTING
14:22:43 INFO  State of operation 20055071 : EXECUTING
14:22:45 INFO  State of operation 20055071 : EXECUTING
14:22:47 INFO  State of operation 20055071 : EXECUTING
14:22:50 INFO  State of operation 20055071 : EXECUTING
14:22:52 INFO  State of operation 20055071 : EXECUTING
14:22:54 INFO  State of operation 20055071 : EXECUTING
14:22:57 INFO  State of operation 20055071 : EXECUTING
14:22:59 INFO  State of operation 20055071 : SUCCESSFUL
14:22:59 INFO  Package apple is installed
14:22:59 INFO  Assert that (True == value) with value=True ... passed
14:23:00 INFO  Package banana is installed
14:23:00 INFO  Assert that (True == value) with value=True ... passed
14:23:00 INFO  Package cherry is installed
14:23:00 INFO  Assert that (True == value) with value=True ... passed
14:23:00 INFO  Assert that (False == value) with value=False ... passed
14:23:00 INFO  Assert that (False == value) with value=False ... passed
14:23:00 INFO  
14:23:00 INFO  cleanup:
14:23:05 INFO  Executed sudo&lt;tedge_disconnect_c8y&gt;, exit status 0
14:23:05 INFO  Executed systemctl&lt;serv_mapper5&gt;, exit status 3
14:23:05 INFO  
14:23:05 INFO  Test duration: 172.81 secs
14:23:05 INFO  Test final outcome:  FAILED
14:23:05 INFO  Test outcome reason: Assert that (False == value) with value=True
14:23:05 INFO  
</system-out>
	</testcase>
</testsuite>
