<?xml version="1.0" encoding="utf-8"?>
<testsuite failures="1" name="SoftwareManagement.sm_apt_install_remove_with_version" skipped="0" tests="1" time="166.28" timestamp="2022-05-23T20:29:48">
	<testcase classname="PySysTest" name="SoftwareManagement.sm_apt_install_remove_with_version">
		<failure message="BLOCKED: SystemError: Timeout while waiting for status FAILED or SUCCESSFUL" type="BLOCKED"/>
		<system-out>20:27:02 INFO  ==============================================================
20:27:02 INFO  Id:    SoftwareManagement.sm_apt_install_remove_with_version
20:27:02 INFO  Dir:   software_management_end_to_end/
20:27:02 INFO  Title: Validate end to end behaviour for the apt plugin for packages with version
20:27:02 INFO  ==============================================================
20:27:02 INFO  Using sw id database: {'asciijump': '5475369', 'robotfindskitten': '5474869', 'squirrel3': '5475279', 'rolldice': '5152439', 'moon-buggy': '5439204', 'apple': '5495053', 'banana': '5494888', 'cherry': '5495382', 'watermelon': '5494510', 'registry': '8018911', 'hello-world': '8021526', 'docker/getting-started': '8021973', 'alpine': '7991792'}
20:27:02 INFO  EnvironmentC8y Setup
20:27:02 INFO  Executed systemctl&lt;serv_mapper1&gt;, exit status 3
20:27:02 INFO  Restarting mosquitto too frequently in the last 10 seconds. It was only up for 4 seconds
20:27:02 INFO  Delaying execution by 7 seconds
20:27:24 INFO  Executed sudo&lt;tedge_connect_c8y&gt;, exit status 0, duration 14 secs
20:27:24 INFO  Executed sudo&lt;tedge_connect_c8y_test&gt;, exit status 0
20:27:25 INFO  Executed systemctl&lt;serv_mosq2&gt;, exit status 0
20:27:25 INFO  Executed systemctl&lt;serv_mapper3&gt;, exit status 0
20:27:27 INFO  State of current operation: PENDING
20:27:30 INFO  State of current operation: PENDING
20:27:32 INFO  State of current operation: PENDING
20:27:34 INFO  State of current operation: PENDING
20:27:36 INFO  State of current operation: PENDING
20:27:39 INFO  State of current operation: PENDING
20:27:41 INFO  State of current operation: PENDING
20:27:43 INFO  State of current operation: PENDING
20:27:45 INFO  State of current operation: PENDING
20:27:47 INFO  State of current operation: PENDING
20:27:50 INFO  State of current operation: PENDING
20:27:52 INFO  State of current operation: PENDING
20:27:54 INFO  State of current operation: PENDING
20:27:56 INFO  State of current operation: PENDING
20:27:59 INFO  State of current operation: PENDING
20:28:01 INFO  State of current operation: PENDING
20:28:03 INFO  State of current operation: PENDING
20:28:05 INFO  State of current operation: PENDING
20:28:08 INFO  State of current operation: PENDING
20:28:10 INFO  State of current operation: PENDING
20:28:12 INFO  State of current operation: PENDING
20:28:14 INFO  State of current operation: PENDING
20:28:16 INFO  State of current operation: PENDING
20:28:19 INFO  State of current operation: PENDING
20:28:21 INFO  State of current operation: PENDING
20:28:23 INFO  State of current operation: PENDING
20:28:25 INFO  State of current operation: PENDING
20:28:28 INFO  State of current operation: PENDING
20:28:30 INFO  State of current operation: PENDING
20:28:32 INFO  State of current operation: PENDING
20:28:34 INFO  State of current operation: PENDING
20:28:37 INFO  State of current operation: PENDING
20:28:39 INFO  State of current operation: PENDING
20:28:41 INFO  State of current operation: PENDING
20:28:43 INFO  State of current operation: PENDING
20:28:46 INFO  State of current operation: PENDING
20:28:48 INFO  State of current operation: PENDING
20:28:50 INFO  State of current operation: PENDING
20:28:52 INFO  State of current operation: PENDING
20:28:54 INFO  State of current operation: PENDING
20:28:57 INFO  State of current operation: PENDING
20:28:59 INFO  State of current operation: PENDING
20:29:01 INFO  State of current operation: PENDING
20:29:03 INFO  State of current operation: PENDING
20:29:06 INFO  State of current operation: PENDING
20:29:08 INFO  State of current operation: PENDING
20:29:10 INFO  State of current operation: PENDING
20:29:12 INFO  State of current operation: PENDING
20:29:15 INFO  State of current operation: PENDING
20:29:17 INFO  State of current operation: PENDING
20:29:19 INFO  State of current operation: PENDING
20:29:21 INFO  State of current operation: PENDING
20:29:24 INFO  State of current operation: PENDING
20:29:26 INFO  State of current operation: PENDING
20:29:28 INFO  State of current operation: PENDING
20:29:30 INFO  State of current operation: PENDING
20:29:32 INFO  State of current operation: PENDING
20:29:35 INFO  State of current operation: PENDING
20:29:37 INFO  State of current operation: PENDING
20:29:39 INFO  State of current operation: PENDING
20:29:41 INFO  State of current operation: PENDING
20:29:43 WARN  SystemError occurred while running test - Timeout while waiting for status FAILED or SUCCESSFUL
Traceback (most recent call last):
  File &quot;/home/pi/env-pysys/lib/python3.7/site-packages/pysys/baserunner.py&quot;, line 1292, in __call__
    self.testObj.setup()
  File &quot;/home/pi/actions-runner/_work/thin-edge.io/thin-edge.io/tests/PySys/software_management_end_to_end/sm_apt_install_remove_with_version/run.py&quot;, line 27, in setup
    super().setup()
  File &quot;/home/pi/actions-runner/_work/thin-edge.io/thin-edge.io/tests/PySys/software_management_end_to_end/environment_sm_management.py&quot;, line 151, in setup
    self.wait_until_end()
  File &quot;/home/pi/actions-runner/_work/thin-edge.io/thin-edge.io/tests/PySys/software_management_end_to_end/environment_sm_management.py&quot;, line 332, in wait_until_end
    self.wait_until_status(&quot;FAILED&quot;, &quot;SUCCESSFUL&quot;)
  File &quot;/home/pi/actions-runner/_work/thin-edge.io/thin-edge.io/tests/PySys/software_management_end_to_end/environment_sm_management.py&quot;, line 381, in wait_until_status
    &quot;Timeout while waiting for status %s or %s&quot; % (status, status2)
SystemError: Timeout while waiting for status FAILED or SUCCESSFUL
20:29:43 WARN  SystemError: Timeout while waiting for status FAILED or SUCCESSFUL ... blocked 
20:29:43 INFO  
20:29:43 INFO  cleanup:
20:29:47 INFO  Executed sudo&lt;tedge_disconnect_c8y&gt;, exit status 0
20:29:48 INFO  Executed systemctl&lt;serv_mapper5&gt;, exit status 3
20:29:48 INFO  
20:29:48 INFO  Test duration: 166.28 secs
20:29:48 INFO  Test final outcome:  BLOCKED
20:29:48 INFO  Test outcome reason: SystemError: Timeout while waiting for status FAILED or SUCCESSFUL
20:29:48 INFO  
</system-out>
	</testcase>
</testsuite>
