<?xml version="1.0" encoding="utf-8"?>
<testsuite failures="1" name="SoftwareManagement.sm_apt_install_remove_multiple" skipped="0" tests="1" time="139.19" timestamp="2022-07-21T13:01:28">
	<testcase classname="PySysTest" name="SoftwareManagement.sm_apt_install_remove_multiple">
		<failure message="FAILED: Assert that (False == value) with value=True (+2 other failures)" type="FAILED"/>
		<system-out>12:59:09 INFO  ==============================================================
12:59:09 INFO  Id:    SoftwareManagement.sm_apt_install_remove_multiple
12:59:09 INFO  Dir:   software_management_end_to_end/
12:59:09 INFO  Title: Validate end to end behaviour for the apt plugin for multiple packages
12:59:09 INFO  ==============================================================
12:59:09 INFO  Using sw id database: {'asciijump': '5475369', 'robotfindskitten': '5474869', 'squirrel3': '5475279', 'rolldice': '5152439', 'moon-buggy': '5439204', 'apple': '5495053', 'banana': '5494888', 'cherry': '5495382', 'watermelon': '5494510', 'registry': '8018911', 'hello-world': '8021526', 'docker/getting-started': '8021973', 'alpine': '7991792'}
12:59:09 INFO  EnvironmentC8y Setup
12:59:09 INFO  Executed systemctl&lt;serv_mapper1&gt;, exit status 3
12:59:09 INFO  Restarting mosquitto too frequently in the last 10 seconds. It was only up for 4 seconds
12:59:09 INFO  Delaying execution by 7 seconds
12:59:30 INFO  Executed sudo&lt;tedge_connect_c8y&gt;, exit status 0, duration 13 secs
12:59:31 INFO  Executed sudo&lt;tedge_connect_c8y_test&gt;, exit status 0
12:59:31 INFO  Executed systemctl&lt;serv_mosq2&gt;, exit status 0
12:59:32 INFO  Executed systemctl&lt;serv_mapper3&gt;, exit status 0
12:59:34 INFO  State of current operation: SUCCESSFUL
12:59:34 INFO  Assert that (False == value) with value=False ... passed
12:59:34 INFO  Package asciijump is installed
12:59:35 WARN  Assert that (False == value) with value=True ... failed 
12:59:35 INFO  Package squirrel3 is installed
12:59:35 WARN  Assert that (False == value) with value=True ... failed 
12:59:35 INFO  Package robotfindskitten is installed
12:59:35 WARN  Assert that (False == value) with value=True ... failed 
12:59:36 INFO  Response status: 201
12:59:36 INFO  Response to action: {
    &quot;creationTime&quot;: &quot;2022-07-21T12:59:36.004Z&quot;,
    &quot;deviceId&quot;: &quot;21121273&quot;,
    &quot;deviceName&quot;: &quot;m32sd10d&quot;,
    &quot;self&quot;: &quot;https://t493319102.eu-latest.cumulocity.com/devicecontrol/operations/21132085&quot;,
    &quot;id&quot;: &quot;21132085&quot;,
    &quot;status&quot;: &quot;PENDING&quot;,
    &quot;description&quot;: &quot;Apply software changes, triggered from PySys: [{'action': 'install', 'id': '5475369', 'name': 'asciijump', 'url': ' ', 'version': '::apt'}, {'action': 'install', 'id': '5474869', 'name': 'robotfindskitten', 'url': ' ', 'version': '::apt'}, {'action': 'install', 'id': '5475279', 'name': 'squirrel3', 'url': ' ', 'version': '::apt'}]&quot;,
    &quot;c8y_SoftwareUpdate&quot;: [
        {
            &quot;name&quot;: &quot;asciijump&quot;,
            &quot;action&quot;: &quot;install&quot;,
            &quot;id&quot;: &quot;5475369&quot;,
            &quot;version&quot;: &quot;::apt&quot;,
            &quot;url&quot;: &quot; &quot;
        },
        {
            &quot;name&quot;: &quot;robotfindskitten&quot;,
            &quot;action&quot;: &quot;install&quot;,
            &quot;id&quot;: &quot;5474869&quot;,
            &quot;version&quot;: &quot;::apt&quot;,
            &quot;url&quot;: &quot; &quot;
        },
        {
            &quot;name&quot;: &quot;squirrel3&quot;,
            &quot;action&quot;: &quot;install&quot;,
            &quot;id&quot;: &quot;5475279&quot;,
            &quot;version&quot;: &quot;::apt&quot;,
            &quot;url&quot;: &quot; &quot;
        }
    ]
}
12:59:36 INFO  Started operation: {'creationTime': '2022-07-21T12:59:36.004Z', 'deviceId': '21121273', 'deviceName': 'm32sd10d', 'self': 'https://t493319102.eu-latest.cumulocity.com/devicecontrol/operations/21132085', 'id': '21132085', 'status': 'PENDING', 'description': &quot;Apply software changes, triggered from PySys: [{'action': 'install', 'id': '5475369', 'name': 'asciijump', 'url': ' ', 'version': '::apt'}, {'action': 'install', 'id': '5474869', 'name': 'robotfindskitten', 'url': ' ', 'version': '::apt'}, {'action': 'install', 'id': '5475279', 'name': 'squirrel3', 'url': ' ', 'version': '::apt'}]&quot;, 'c8y_SoftwareUpdate': [{'name': 'asciijump', 'action': 'install', 'id': '5475369', 'version': '::apt', 'url': ' '}, {'name': 'robotfindskitten', 'action': 'install', 'id': '5474869', 'version': '::apt', 'url': ' '}, {'name': 'squirrel3', 'action': 'install', 'id': '5475279', 'version': '::apt', 'url': ' '}]}
12:59:38 INFO  State of operation 21132085 : PENDING
12:59:40 INFO  State of operation 21132085 : EXECUTING
12:59:42 INFO  State of operation 21132085 : EXECUTING
12:59:44 INFO  State of operation 21132085 : EXECUTING
12:59:47 INFO  State of operation 21132085 : EXECUTING
12:59:49 INFO  State of operation 21132085 : EXECUTING
12:59:52 INFO  State of operation 21132085 : EXECUTING
12:59:54 INFO  State of operation 21132085 : EXECUTING
12:59:57 INFO  State of operation 21132085 : EXECUTING
12:59:59 INFO  State of operation 21132085 : EXECUTING
13:00:02 INFO  State of operation 21132085 : EXECUTING
13:00:04 INFO  State of operation 21132085 : EXECUTING
13:00:06 INFO  State of operation 21132085 : EXECUTING
13:00:08 INFO  State of operation 21132085 : EXECUTING
13:00:11 INFO  State of operation 21132085 : EXECUTING
13:00:13 INFO  State of operation 21132085 : SUCCESSFUL
13:00:13 INFO  Assert that (False == value) with value=False ... passed
13:00:13 INFO  Package asciijump is installed
13:00:13 INFO  Assert that (True == value) with value=True ... passed
13:00:13 INFO  Package squirrel3 is installed
13:00:13 INFO  Assert that (True == value) with value=True ... passed
13:00:14 INFO  Package robotfindskitten is installed
13:00:14 INFO  Assert that (True == value) with value=True ... passed
13:00:14 INFO  Response status: 201
13:00:14 INFO  Response to action: {
    &quot;creationTime&quot;: &quot;2022-07-21T13:00:14.598Z&quot;,
    &quot;deviceId&quot;: &quot;21121273&quot;,
    &quot;deviceName&quot;: &quot;m32sd10d&quot;,
    &quot;self&quot;: &quot;https://t493319102.eu-latest.cumulocity.com/devicecontrol/operations/21132099&quot;,
    &quot;id&quot;: &quot;21132099&quot;,
    &quot;status&quot;: &quot;PENDING&quot;,
    &quot;description&quot;: &quot;Apply software changes, triggered from PySys: [{'action': 'delete', 'id': '5475369', 'name': 'asciijump', 'url': ' ', 'version': '::apt'}, {'action': 'delete', 'id': '5474869', 'name': 'robotfindskitten', 'url': ' ', 'version': '::apt'}, {'action': 'delete', 'id': '5475279', 'name': 'squirrel3', 'url': ' ', 'version': '::apt'}]&quot;,
    &quot;c8y_SoftwareUpdate&quot;: [
        {
            &quot;name&quot;: &quot;asciijump&quot;,
            &quot;action&quot;: &quot;delete&quot;,
            &quot;id&quot;: &quot;5475369&quot;,
            &quot;version&quot;: &quot;::apt&quot;,
            &quot;url&quot;: &quot; &quot;
        },
        {
            &quot;name&quot;: &quot;robotfindskitten&quot;,
            &quot;action&quot;: &quot;delete&quot;,
            &quot;id&quot;: &quot;5474869&quot;,
            &quot;version&quot;: &quot;::apt&quot;,
            &quot;url&quot;: &quot; &quot;
        },
        {
            &quot;name&quot;: &quot;squirrel3&quot;,
            &quot;action&quot;: &quot;delete&quot;,
            &quot;id&quot;: &quot;5475279&quot;,
            &quot;version&quot;: &quot;::apt&quot;,
            &quot;url&quot;: &quot; &quot;
        }
    ]
}
13:00:14 INFO  Started operation: {'creationTime': '2022-07-21T13:00:14.598Z', 'deviceId': '21121273', 'deviceName': 'm32sd10d', 'self': 'https://t493319102.eu-latest.cumulocity.com/devicecontrol/operations/21132099', 'id': '21132099', 'status': 'PENDING', 'description': &quot;Apply software changes, triggered from PySys: [{'action': 'delete', 'id': '5475369', 'name': 'asciijump', 'url': ' ', 'version': '::apt'}, {'action': 'delete', 'id': '5474869', 'name': 'robotfindskitten', 'url': ' ', 'version': '::apt'}, {'action': 'delete', 'id': '5475279', 'name': 'squirrel3', 'url': ' ', 'version': '::apt'}]&quot;, 'c8y_SoftwareUpdate': [{'name': 'asciijump', 'action': 'delete', 'id': '5475369', 'version': '::apt', 'url': ' '}, {'name': 'robotfindskitten', 'action': 'delete', 'id': '5474869', 'version': '::apt', 'url': ' '}, {'name': 'squirrel3', 'action': 'delete', 'id': '5475279', 'version': '::apt', 'url': ' '}]}
13:00:17 INFO  State of operation 21132099 : PENDING
13:00:19 INFO  State of operation 21132099 : EXECUTING
13:00:21 INFO  State of operation 21132099 : EXECUTING
13:00:23 INFO  State of operation 21132099 : EXECUTING
13:00:26 INFO  State of operation 21132099 : EXECUTING
13:00:28 INFO  State of operation 21132099 : EXECUTING
13:00:30 INFO  State of operation 21132099 : EXECUTING
13:00:33 INFO  State of operation 21132099 : EXECUTING
13:00:35 INFO  State of operation 21132099 : EXECUTING
13:00:38 INFO  State of operation 21132099 : EXECUTING
13:00:40 INFO  State of operation 21132099 : EXECUTING
13:00:42 INFO  State of operation 21132099 : EXECUTING
13:00:44 INFO  State of operation 21132099 : EXECUTING
13:00:47 INFO  State of operation 21132099 : EXECUTING
13:00:49 INFO  State of operation 21132099 : EXECUTING
13:00:51 INFO  State of operation 21132099 : EXECUTING
13:00:54 INFO  State of operation 21132099 : EXECUTING
13:00:56 INFO  State of operation 21132099 : EXECUTING
13:00:59 INFO  State of operation 21132099 : EXECUTING
13:01:01 INFO  State of operation 21132099 : EXECUTING
13:01:03 INFO  State of operation 21132099 : EXECUTING
13:01:06 INFO  State of operation 21132099 : EXECUTING
13:01:08 INFO  State of operation 21132099 : EXECUTING
13:01:10 INFO  State of operation 21132099 : EXECUTING
13:01:12 INFO  State of operation 21132099 : EXECUTING
13:01:15 INFO  State of operation 21132099 : EXECUTING
13:01:17 INFO  State of operation 21132099 : EXECUTING
13:01:20 INFO  State of operation 21132099 : EXECUTING
13:01:22 INFO  State of operation 21132099 : SUCCESSFUL
13:01:22 INFO  Assert that (False == value) with value=False ... passed
13:01:23 INFO  Assert that (False == value) with value=False ... passed
13:01:23 INFO  Assert that (False == value) with value=False ... passed
13:01:23 INFO  Assert that (False == value) with value=False ... passed
13:01:23 INFO  
13:01:23 INFO  cleanup:
13:01:27 INFO  Executed sudo&lt;tedge_disconnect_c8y&gt;, exit status 0
13:01:28 INFO  Executed systemctl&lt;serv_mapper5&gt;, exit status 3
13:01:28 INFO  
13:01:28 INFO  Test duration: 139.19 secs
13:01:28 INFO  Test final outcome:  FAILED
13:01:28 INFO  Test outcome reason: Assert that (False == value) with value=True (+2 other failures)
13:01:28 INFO  
</system-out>
	</testcase>
</testsuite>
