<?xml version="1.0" encoding="utf-8"?>
<testsuite failures="1" name="SoftwareManagement.sm_apt_install_download_path" skipped="0" tests="1" time="87.81" timestamp="2022-06-08T14:01:28">
	<testcase classname="AptInstallWithDownloadPath" name="SoftwareManagement.sm_apt_install_download_path">
		<failure message="BLOCKED: AssertionError:" type="BLOCKED"/>
		<system-out>14:00:01 INFO  ==============================================================
14:00:01 INFO  Id:    SoftwareManagement.sm_apt_install_download_path
14:00:01 INFO  Dir:   software_management_end_to_end/
14:00:01 INFO  Title: Install package to directory specified in tedge config set tmp.path
14:00:01 INFO  ==============================================================
14:00:02 INFO  Using sw id database: {'asciijump': '5475369', 'robotfindskitten': '5474869', 'squirrel3': '5475279', 'rolldice': '5152439', 'moon-buggy': '5439204', 'apple': '5495053', 'banana': '5494888', 'cherry': '5495382', 'watermelon': '5494510', 'registry': '8018911', 'hello-world': '8021526', 'docker/getting-started': '8021973', 'alpine': '7991792'}
14:00:02 INFO  EnvironmentC8y Setup
14:00:02 INFO  Executed systemctl&lt;serv_mapper1&gt;, exit status 3
14:00:19 INFO  Executed sudo&lt;tedge_connect_c8y&gt;, exit status 0, duration 16 secs
14:00:20 INFO  Executed sudo&lt;tedge_connect_c8y_test&gt;, exit status 0
14:00:20 INFO  Executed systemctl&lt;serv_mosq2&gt;, exit status 0
14:00:21 INFO  Executed systemctl&lt;serv_mapper3&gt;, exit status 0
14:00:23 INFO  State of current operation: SUCCESSFUL
14:00:23 INFO  Assert that (False == value) with value=False ... passed
14:00:24 INFO  Executed sudo, exit status 0
14:00:24 INFO  Executed sudo, exit status 0
14:00:25 INFO  Executed sudo, exit status 0
14:00:30 INFO  Executed sudo&lt;tedge_disconnect_c8y&gt;, exit status 0
14:00:30 INFO  Restarting mosquitto too frequently in the last 10 seconds. It was only up for 4 seconds
14:00:30 INFO  Delaying execution by 7 seconds
14:00:51 INFO  Executed sudo&lt;tedge_connect_c8y&gt;, exit status 0, duration 13 secs
14:00:51 INFO  Response status: 201
14:00:51 INFO  Response to action: {
    &quot;delivery&quot;: {
        &quot;log&quot;: [],
        &quot;time&quot;: &quot;2022-06-08T14:00:51.607Z&quot;,
        &quot;status&quot;: &quot;PENDING&quot;
    },
    &quot;creationTime&quot;: &quot;2022-06-08T14:00:51.587Z&quot;,
    &quot;deviceId&quot;: &quot;20034146&quot;,
    &quot;deviceName&quot;: &quot;m32sd10d&quot;,
    &quot;self&quot;: &quot;https://t493319102.eu-latest.cumulocity.com/devicecontrol/operations/20054853&quot;,
    &quot;id&quot;: &quot;20054853&quot;,
    &quot;status&quot;: &quot;PENDING&quot;,
    &quot;description&quot;: &quot;Apply software changes, triggered from PySys: [{'name': 'rolldice', 'id': '5152439', 'version': '::apt', 'url': 'https://thin-edge-io.eu-latest.cumulocity.com/inventory/binaries/12435463', 'action': 'install'}]&quot;,
    &quot;c8y_SoftwareUpdate&quot;: [
        {
            &quot;name&quot;: &quot;rolldice&quot;,
            &quot;action&quot;: &quot;install&quot;,
            &quot;id&quot;: &quot;5152439&quot;,
            &quot;version&quot;: &quot;::apt&quot;,
            &quot;url&quot;: &quot;https://thin-edge-io.eu-latest.cumulocity.com/inventory/binaries/12435463&quot;
        }
    ]
}
14:00:51 INFO  Started operation: {'delivery': {'log': [], 'time': '2022-06-08T14:00:51.607Z', 'status': 'PENDING'}, 'creationTime': '2022-06-08T14:00:51.587Z', 'deviceId': '20034146', 'deviceName': 'm32sd10d', 'self': 'https://t493319102.eu-latest.cumulocity.com/devicecontrol/operations/20054853', 'id': '20054853', 'status': 'PENDING', 'description': &quot;Apply software changes, triggered from PySys: [{'name': 'rolldice', 'id': '5152439', 'version': '::apt', 'url': 'https://thin-edge-io.eu-latest.cumulocity.com/inventory/binaries/12435463', 'action': 'install'}]&quot;, 'c8y_SoftwareUpdate': [{'name': 'rolldice', 'action': 'install', 'id': '5152439', 'version': '::apt', 'url': 'https://thin-edge-io.eu-latest.cumulocity.com/inventory/binaries/12435463'}]}
14:00:51 WARN  , retrying in 0.5 seconds...
14:00:52 WARN  , retrying in 0.5 seconds...
14:00:52 WARN  , retrying in 0.5 seconds...
14:00:53 WARN  , retrying in 0.5 seconds...
14:00:53 WARN  , retrying in 0.5 seconds...
14:00:54 WARN  , retrying in 0.5 seconds...
14:00:54 WARN  , retrying in 0.5 seconds...
14:00:55 WARN  , retrying in 0.5 seconds...
14:00:55 WARN  , retrying in 0.5 seconds...
14:00:56 WARN  AssertionError occurred while running test - 
Traceback (most recent call last):
  File &quot;/home/pi/env-pysys/lib/python3.7/site-packages/pysys/baserunner.py&quot;, line 1294, in __call__
    self.testObj.execute()
  File &quot;/home/pi/actions-runner/_work/thin-edge.io/thin-edge.io/tests/PySys/software_management_end_to_end/sm_apt_install_download_path/run.py&quot;, line 83, in execute
    assert_install_in_download_path(install_directory=self.DOWNLOAD_DIR)
  File &quot;/home/pi/env-pysys/lib/python3.7/site-packages/decorator.py&quot;, line 232, in fun
    return caller(func, *(extras + args), **kw)
  File &quot;/home/pi/env-pysys/lib/python3.7/site-packages/retry/api.py&quot;, line 74, in retry_decorator
    logger)
  File &quot;/home/pi/env-pysys/lib/python3.7/site-packages/retry/api.py&quot;, line 33, in __retry_internal
    return f()
  File &quot;/home/pi/actions-runner/_work/thin-edge.io/thin-edge.io/tests/PySys/software_management_end_to_end/sm_apt_install_download_path/run.py&quot;, line 28, in assert_install_in_download_path
    assert &quot;rolldice&quot; in os.listdir(f&quot;{install_directory}&quot;)
AssertionError
14:00:57 WARN  AssertionError: ... blocked 
14:00:57 INFO  
14:00:57 INFO  cleanup:
14:00:58 INFO  Executed sudo, exit status 0
14:00:58 INFO  Executed sudo, exit status 0
14:01:03 INFO  Executed sudo&lt;tedge_disconnect_c8y&gt;, exit status 0
14:01:04 INFO  Restarting mosquitto too frequently in the last 10 seconds. It was only up for 5 seconds
14:01:04 INFO  Delaying execution by 6 seconds
14:01:24 INFO  Executed sudo&lt;tedge_connect_c8y&gt;, exit status 0, duration 14 secs
14:01:28 INFO  Executed sudo&lt;tedge_disconnect_c8y&gt;, exit status 0
14:01:28 INFO  Executed systemctl&lt;serv_mapper5&gt;, exit status 3
14:01:28 INFO  
14:01:28 INFO  Test duration: 87.81 secs
14:01:28 INFO  Test final outcome:  BLOCKED
14:01:28 INFO  Test outcome reason: AssertionError:
14:01:28 INFO  
</system-out>
	</testcase>
</testsuite>
