<?xml version="1.0" encoding="utf-8"?>
<testsuite failures="1" name="SoftwareManagement.sm_apt_install_download_path" skipped="0" tests="1" time="189.08" timestamp="2022-05-24T16:43:44">
	<testcase classname="AptInstallWithDownloadPath" name="SoftwareManagement.sm_apt_install_download_path">
		<failure message="BLOCKED: SystemError: Timeout while waiting for status FAILED or SUCCESSFUL" type="BLOCKED"/>
		<system-out>16:40:35 INFO  ==============================================================
16:40:35 INFO  Id:    SoftwareManagement.sm_apt_install_download_path
16:40:35 INFO  Dir:   software_management_end_to_end/
16:40:35 INFO  Title: Install package to directory specified in tedge config set tmp.path
16:40:35 INFO  ==============================================================
16:40:36 INFO  Using sw id database: {'asciijump': '5475369', 'robotfindskitten': '5474869', 'squirrel3': '5475279', 'rolldice': '5152439', 'moon-buggy': '5439204', 'apple': '5495053', 'banana': '5494888', 'cherry': '5495382', 'watermelon': '5494510', 'registry': '8018911', 'hello-world': '8021526', 'docker/getting-started': '8021973', 'alpine': '7991792'}
16:40:36 INFO  EnvironmentC8y Setup
16:40:37 INFO  Executed systemctl&lt;serv_mapper1&gt;, exit status 3
16:40:51 INFO  Executed sudo&lt;tedge_connect_c8y&gt;, exit status 0, duration 14 secs
16:40:52 INFO  Executed sudo&lt;tedge_connect_c8y_test&gt;, exit status 0
16:40:53 INFO  Executed systemctl&lt;serv_mosq2&gt;, exit status 0
16:40:53 INFO  Executed systemctl&lt;serv_mapper3&gt;, exit status 0
16:40:55 INFO  State of current operation: PENDING
16:40:58 INFO  State of current operation: PENDING
16:41:00 INFO  State of current operation: PENDING
16:41:02 INFO  State of current operation: PENDING
16:41:04 INFO  State of current operation: PENDING
16:41:06 INFO  State of current operation: PENDING
16:41:09 INFO  State of current operation: PENDING
16:41:11 INFO  State of current operation: PENDING
16:41:13 INFO  State of current operation: PENDING
16:41:15 INFO  State of current operation: PENDING
16:41:18 INFO  State of current operation: PENDING
16:41:20 INFO  State of current operation: PENDING
16:41:22 INFO  State of current operation: PENDING
16:41:24 INFO  State of current operation: PENDING
16:41:27 INFO  State of current operation: PENDING
16:41:29 INFO  State of current operation: PENDING
16:41:31 INFO  State of current operation: PENDING
16:41:33 INFO  State of current operation: PENDING
16:41:36 INFO  State of current operation: PENDING
16:41:38 INFO  State of current operation: PENDING
16:41:40 INFO  State of current operation: PENDING
16:41:42 INFO  State of current operation: PENDING
16:41:45 INFO  State of current operation: PENDING
16:41:47 INFO  State of current operation: PENDING
16:41:49 INFO  State of current operation: PENDING
16:41:51 INFO  State of current operation: PENDING
16:41:54 INFO  State of current operation: PENDING
16:41:56 INFO  State of current operation: PENDING
16:41:58 INFO  State of current operation: PENDING
16:42:00 INFO  State of current operation: PENDING
16:42:02 INFO  State of current operation: PENDING
16:42:05 INFO  State of current operation: PENDING
16:42:07 INFO  State of current operation: PENDING
16:42:09 INFO  State of current operation: PENDING
16:42:11 INFO  State of current operation: PENDING
16:42:14 INFO  State of current operation: PENDING
16:42:16 INFO  State of current operation: PENDING
16:42:18 INFO  State of current operation: PENDING
16:42:20 INFO  State of current operation: PENDING
16:42:23 INFO  State of current operation: PENDING
16:42:25 INFO  State of current operation: PENDING
16:42:27 INFO  State of current operation: PENDING
16:42:29 INFO  State of current operation: PENDING
16:42:32 INFO  State of current operation: PENDING
16:42:34 INFO  State of current operation: PENDING
16:42:36 INFO  State of current operation: PENDING
16:42:39 INFO  State of current operation: PENDING
16:42:41 INFO  State of current operation: PENDING
16:42:43 INFO  State of current operation: PENDING
16:42:45 INFO  State of current operation: PENDING
16:42:48 INFO  State of current operation: PENDING
16:42:50 INFO  State of current operation: PENDING
16:42:52 INFO  State of current operation: PENDING
16:42:54 INFO  State of current operation: PENDING
16:42:57 INFO  State of current operation: PENDING
16:42:59 INFO  State of current operation: PENDING
16:43:01 INFO  State of current operation: PENDING
16:43:03 INFO  State of current operation: PENDING
16:43:05 INFO  State of current operation: PENDING
16:43:08 INFO  State of current operation: PENDING
16:43:10 INFO  State of current operation: PENDING
16:43:12 WARN  SystemError occurred while running test - Timeout while waiting for status FAILED or SUCCESSFUL
Traceback (most recent call last):
  File &quot;/home/pi/env-pysys/lib/python3.7/site-packages/pysys/baserunner.py&quot;, line 1292, in __call__
    self.testObj.setup()
  File &quot;/home/pi/actions-runner/_work/thin-edge.io/thin-edge.io/tests/PySys/software_management_end_to_end/sm_apt_install_download_path/run.py&quot;, line 48, in setup
    super().setup()
  File &quot;/home/pi/actions-runner/_work/thin-edge.io/thin-edge.io/tests/PySys/software_management_end_to_end/environment_sm_management.py&quot;, line 151, in setup
    self.wait_until_end()
  File &quot;/home/pi/actions-runner/_work/thin-edge.io/thin-edge.io/tests/PySys/software_management_end_to_end/environment_sm_management.py&quot;, line 332, in wait_until_end
    self.wait_until_status(&quot;FAILED&quot;, &quot;SUCCESSFUL&quot;)
  File &quot;/home/pi/actions-runner/_work/thin-edge.io/thin-edge.io/tests/PySys/software_management_end_to_end/environment_sm_management.py&quot;, line 381, in wait_until_status
    &quot;Timeout while waiting for status %s or %s&quot; % (status, status2)
SystemError: Timeout while waiting for status FAILED or SUCCESSFUL
16:43:12 WARN  SystemError: Timeout while waiting for status FAILED or SUCCESSFUL ... blocked 
16:43:12 INFO  
16:43:12 INFO  cleanup:
16:43:12 INFO  Executed sudo, exit status 0
16:43:13 INFO  Executed sudo, exit status 0
16:43:17 INFO  Executed sudo&lt;tedge_disconnect_c8y&gt;, exit status 0
16:43:17 INFO  Restarting mosquitto too frequently in the last 10 seconds. It was only up for 3 seconds
16:43:17 INFO  Delaying execution by 8 seconds
16:43:39 INFO  Executed sudo&lt;tedge_connect_c8y&gt;, exit status 0, duration 14 secs
16:43:44 INFO  Executed sudo&lt;tedge_disconnect_c8y&gt;, exit status 0
16:43:44 INFO  Executed systemctl&lt;serv_mapper5&gt;, exit status 3
16:43:44 INFO  
16:43:44 INFO  Test duration: 189.08 secs
16:43:44 INFO  Test final outcome:  BLOCKED
16:43:44 INFO  Test outcome reason: SystemError: Timeout while waiting for status FAILED or SUCCESSFUL
16:43:44 INFO  
</system-out>
	</testcase>
</testsuite>
