<?xml version="1.0" encoding="utf-8"?>
<testsuite failures="1" name="SoftwareManagement.sm_apt_install_remove_multiple_mixed" skipped="0" tests="1" time="179.44" timestamp="2022-07-22T18:28:00">
	<testcase classname="PySysTest" name="SoftwareManagement.sm_apt_install_remove_multiple_mixed">
		<failure message="BLOCKED: SystemError: Timeout while waiting for status SUCCESSFUL or False" type="BLOCKED"/>
		<system-out>18:25:01 INFO  ==============================================================
18:25:01 INFO  Id:    SoftwareManagement.sm_apt_install_remove_multiple_mixed
18:25:01 INFO  Dir:   software_management_end_to_end/
18:25:01 INFO  Title: Validate end to end behaviour for the apt plugin for multiple packages with mixed versions
18:25:01 INFO  ==============================================================
18:25:01 INFO  Using sw id database: {'asciijump': '5475369', 'robotfindskitten': '5474869', 'squirrel3': '5475279', 'rolldice': '5152439', 'moon-buggy': '5439204', 'apple': '5495053', 'banana': '5494888', 'cherry': '5495382', 'watermelon': '5494510', 'registry': '8018911', 'hello-world': '8021526', 'docker/getting-started': '8021973', 'alpine': '7991792'}
18:25:01 INFO  EnvironmentC8y Setup
18:25:01 INFO  Executed systemctl&lt;serv_mapper1&gt;, exit status 3
18:25:01 INFO  Restarting mosquitto too frequently in the last 10 seconds. It was only up for 4 seconds
18:25:01 INFO  Delaying execution by 7 seconds
18:25:22 INFO  Executed sudo&lt;tedge_connect_c8y&gt;, exit status 0, duration 13 secs
18:25:23 INFO  Executed sudo&lt;tedge_connect_c8y_test&gt;, exit status 0
18:25:23 INFO  Executed systemctl&lt;serv_mosq2&gt;, exit status 0
18:25:24 INFO  Executed systemctl&lt;serv_mapper3&gt;, exit status 0
18:25:26 INFO  State of current operation: SUCCESSFUL
18:25:26 INFO  Assert that (False == value) with value=False ... passed
18:25:27 INFO  Assert that (False == value) with value=False ... passed
18:25:27 INFO  Assert that (False == value) with value=False ... passed
18:25:27 INFO  Assert that (False == value) with value=False ... passed
18:25:27 INFO  Assert that (False == value) with value=False ... passed
18:25:29 INFO  Response status: 201
18:25:29 INFO  Response to action: {
    &quot;delivery&quot;: {
        &quot;log&quot;: [],
        &quot;time&quot;: &quot;2022-07-22T18:25:28.999Z&quot;,
        &quot;status&quot;: &quot;PENDING&quot;
    },
    &quot;creationTime&quot;: &quot;2022-07-22T18:25:28.983Z&quot;,
    &quot;deviceId&quot;: &quot;21300464&quot;,
    &quot;deviceName&quot;: &quot;m32sd10d&quot;,
    &quot;self&quot;: &quot;https://t493319102.eu-latest.cumulocity.com/devicecontrol/operations/21313521&quot;,
    &quot;id&quot;: &quot;21313521&quot;,
    &quot;status&quot;: &quot;PENDING&quot;,
    &quot;description&quot;: &quot;Apply software changes, triggered from PySys: [{'action': 'install', 'id': '5475369', 'name': 'asciijump', 'url': ' ', 'version': '::apt'}, {'action': 'install', 'id': '5474869', 'name': 'robotfindskitten', 'url': ' ', 'version': ' '}, {'action': 'install', 'id': '5475279', 'name': 'squirrel3', 'url': ' ', 'version': '3.1-7::apt'}, {'action': 'install', 'id': '5152439', 'name': 'rolldice', 'url': ' ', 'version': '1.16-1+b1'}, {'action': 'install', 'id': '5439204', 'name': 'moon-buggy', 'url': ' ', 'version': '1:1.0.51-12'}, {'action': 'install', 'id': '5475369', 'name': 'asciijump', 'url': ' ', 'version': '::apt'}]&quot;,
    &quot;c8y_SoftwareUpdate&quot;: [
        {
            &quot;name&quot;: &quot;asciijump&quot;,
            &quot;action&quot;: &quot;install&quot;,
            &quot;id&quot;: &quot;5475369&quot;,
            &quot;version&quot;: &quot;::apt&quot;,
            &quot;url&quot;: &quot; &quot;
        },
        {
            &quot;name&quot;: &quot;robotfindskitten&quot;,
            &quot;action&quot;: &quot;install&quot;,
            &quot;id&quot;: &quot;5474869&quot;,
            &quot;version&quot;: &quot; &quot;,
            &quot;url&quot;: &quot; &quot;
        },
        {
            &quot;name&quot;: &quot;squirrel3&quot;,
            &quot;action&quot;: &quot;install&quot;,
            &quot;id&quot;: &quot;5475279&quot;,
            &quot;version&quot;: &quot;3.1-7::apt&quot;,
            &quot;url&quot;: &quot; &quot;
        },
        {
            &quot;name&quot;: &quot;rolldice&quot;,
            &quot;action&quot;: &quot;install&quot;,
            &quot;id&quot;: &quot;5152439&quot;,
            &quot;version&quot;: &quot;1.16-1+b1&quot;,
            &quot;url&quot;: &quot; &quot;
        },
        {
            &quot;name&quot;: &quot;moon-buggy&quot;,
            &quot;action&quot;: &quot;install&quot;,
            &quot;id&quot;: &quot;5439204&quot;,
            &quot;version&quot;: &quot;1:1.0.51-12&quot;,
            &quot;url&quot;: &quot; &quot;
        },
        {
            &quot;name&quot;: &quot;asciijump&quot;,
            &quot;action&quot;: &quot;install&quot;,
            &quot;id&quot;: &quot;5475369&quot;,
            &quot;version&quot;: &quot;::apt&quot;,
            &quot;url&quot;: &quot; &quot;
        }
    ]
}
18:25:29 INFO  Started operation: {'delivery': {'log': [], 'time': '2022-07-22T18:25:28.999Z', 'status': 'PENDING'}, 'creationTime': '2022-07-22T18:25:28.983Z', 'deviceId': '21300464', 'deviceName': 'm32sd10d', 'self': 'https://t493319102.eu-latest.cumulocity.com/devicecontrol/operations/21313521', 'id': '21313521', 'status': 'PENDING', 'description': &quot;Apply software changes, triggered from PySys: [{'action': 'install', 'id': '5475369', 'name': 'asciijump', 'url': ' ', 'version': '::apt'}, {'action': 'install', 'id': '5474869', 'name': 'robotfindskitten', 'url': ' ', 'version': ' '}, {'action': 'install', 'id': '5475279', 'name': 'squirrel3', 'url': ' ', 'version': '3.1-7::apt'}, {'action': 'install', 'id': '5152439', 'name': 'rolldice', 'url': ' ', 'version': '1.16-1+b1'}, {'action': 'install', 'id': '5439204', 'name': 'moon-buggy', 'url': ' ', 'version': '1:1.0.51-12'}, {'action': 'install', 'id': '5475369', 'name': 'asciijump', 'url': ' ', 'version': '::apt'}]&quot;, 'c8y_SoftwareUpdate': [{'name': 'asciijump', 'action': 'install', 'id': '5475369', 'version': '::apt', 'url': ' '}, {'name': 'robotfindskitten', 'action': 'install', 'id': '5474869', 'version': ' ', 'url': ' '}, {'name': 'squirrel3', 'action': 'install', 'id': '5475279', 'version': '3.1-7::apt', 'url': ' '}, {'name': 'rolldice', 'action': 'install', 'id': '5152439', 'version': '1.16-1+b1', 'url': ' '}, {'name': 'moon-buggy', 'action': 'install', 'id': '5439204', 'version': '1:1.0.51-12', 'url': ' '}, {'name': 'asciijump', 'action': 'install', 'id': '5475369', 'version': '::apt', 'url': ' '}]}
18:25:31 INFO  State of operation 21313521 : PENDING
18:25:33 INFO  State of operation 21313521 : EXECUTING
18:25:35 INFO  State of operation 21313521 : EXECUTING
18:25:37 INFO  State of operation 21313521 : EXECUTING
18:25:40 INFO  State of operation 21313521 : EXECUTING
18:25:42 INFO  State of operation 21313521 : EXECUTING
18:25:45 INFO  State of operation 21313521 : EXECUTING
18:25:48 INFO  State of operation 21313521 : EXECUTING
18:25:50 INFO  State of operation 21313521 : EXECUTING
18:25:52 INFO  State of operation 21313521 : EXECUTING
18:25:54 INFO  State of operation 21313521 : EXECUTING
18:25:57 INFO  State of operation 21313521 : EXECUTING
18:25:59 INFO  State of operation 21313521 : EXECUTING
18:26:01 INFO  State of operation 21313521 : EXECUTING
18:26:03 INFO  State of operation 21313521 : EXECUTING
18:26:06 INFO  State of operation 21313521 : EXECUTING
18:26:08 INFO  State of operation 21313521 : EXECUTING
18:26:11 INFO  State of operation 21313521 : EXECUTING
18:26:13 INFO  State of operation 21313521 : EXECUTING
18:26:16 INFO  State of operation 21313521 : EXECUTING
18:26:18 INFO  State of operation 21313521 : EXECUTING
18:26:21 INFO  State of operation 21313521 : EXECUTING
18:26:23 INFO  State of operation 21313521 : EXECUTING
18:26:25 INFO  State of operation 21313521 : EXECUTING
18:26:28 INFO  State of operation 21313521 : EXECUTING
18:26:30 INFO  State of operation 21313521 : EXECUTING
18:26:32 INFO  State of operation 21313521 : EXECUTING
18:26:34 INFO  State of operation 21313521 : EXECUTING
18:26:36 INFO  State of operation 21313521 : EXECUTING
18:26:39 INFO  State of operation 21313521 : EXECUTING
18:26:41 INFO  State of operation 21313521 : EXECUTING
18:26:43 INFO  State of operation 21313521 : EXECUTING
18:26:46 INFO  State of operation 21313521 : EXECUTING
18:26:48 INFO  State of operation 21313521 : EXECUTING
18:26:50 INFO  State of operation 21313521 : EXECUTING
18:26:52 INFO  State of operation 21313521 : EXECUTING
18:26:55 INFO  State of operation 21313521 : EXECUTING
18:26:58 INFO  State of operation 21313521 : EXECUTING
18:27:01 INFO  State of operation 21313521 : EXECUTING
18:27:03 INFO  State of operation 21313521 : EXECUTING
18:27:05 INFO  State of operation 21313521 : EXECUTING
18:27:08 INFO  State of operation 21313521 : EXECUTING
18:27:10 INFO  State of operation 21313521 : EXECUTING
18:27:12 INFO  State of operation 21313521 : EXECUTING
18:27:14 INFO  State of operation 21313521 : EXECUTING
18:27:17 INFO  State of operation 21313521 : EXECUTING
18:27:19 INFO  State of operation 21313521 : EXECUTING
18:27:21 INFO  State of operation 21313521 : EXECUTING
18:27:24 INFO  State of operation 21313521 : EXECUTING
18:27:26 INFO  State of operation 21313521 : EXECUTING
18:27:28 INFO  State of operation 21313521 : EXECUTING
18:27:31 INFO  State of operation 21313521 : EXECUTING
18:27:33 INFO  State of operation 21313521 : EXECUTING
18:27:35 INFO  State of operation 21313521 : EXECUTING
18:27:37 INFO  State of operation 21313521 : EXECUTING
18:27:40 INFO  State of operation 21313521 : EXECUTING
18:27:42 INFO  State of operation 21313521 : EXECUTING
18:27:45 INFO  State of operation 21313521 : EXECUTING
18:27:47 INFO  State of operation 21313521 : EXECUTING
18:27:50 INFO  State of operation 21313521 : EXECUTING
18:27:52 INFO  State of operation 21313521 : EXECUTING
18:27:54 WARN  SystemError occurred while running test - Timeout while waiting for status SUCCESSFUL or False
Traceback (most recent call last):
  File &quot;/home/pi/env-pysys/lib/python3.7/site-packages/pysys/baserunner.py&quot;, line 1294, in __call__
    self.testObj.execute()
  File &quot;/home/pi/actions-runner/_work/thin-edge.io/thin-edge.io/tests/PySys/software_management_end_to_end/sm_apt_install_remove_multiple_mixed/run.py&quot;, line 89, in execute
    self.wait_until_succcess()
  File &quot;/home/pi/actions-runner/_work/thin-edge.io/thin-edge.io/tests/PySys/software_management_end_to_end/environment_sm_management.py&quot;, line 324, in wait_until_succcess
    self.wait_until_status(&quot;SUCCESSFUL&quot;)
  File &quot;/home/pi/actions-runner/_work/thin-edge.io/thin-edge.io/tests/PySys/software_management_end_to_end/environment_sm_management.py&quot;, line 381, in wait_until_status
    &quot;Timeout while waiting for status %s or %s&quot; % (status, status2)
SystemError: Timeout while waiting for status SUCCESSFUL or False
18:27:55 WARN  SystemError: Timeout while waiting for status SUCCESSFUL or False ... blocked 
18:27:55 INFO  
18:27:55 INFO  cleanup:
18:27:59 INFO  Executed sudo&lt;tedge_disconnect_c8y&gt;, exit status 0
18:28:00 INFO  Executed systemctl&lt;serv_mapper5&gt;, exit status 3
18:28:00 INFO  
18:28:00 INFO  Test duration: 179.44 secs
18:28:00 INFO  Test final outcome:  BLOCKED
18:28:00 INFO  Test outcome reason: SystemError: Timeout while waiting for status SUCCESSFUL or False
18:28:00 INFO  
</system-out>
	</testcase>
</testsuite>
