<?xml version="1.0" encoding="utf-8"?>
<testsuite failures="1" name="SoftwareManagement.sm_apt_install_remove_multiple" skipped="0" tests="1" time="138.38" timestamp="2022-07-25T14:43:18">
	<testcase classname="PySysTest" name="SoftwareManagement.sm_apt_install_remove_multiple">
		<failure message="FAILED: Assert that (False == value) with value=True (+2 other failures)" type="FAILED"/>
		<system-out>14:41:00 INFO  ==============================================================
14:41:00 INFO  Id:    SoftwareManagement.sm_apt_install_remove_multiple
14:41:00 INFO  Dir:   software_management_end_to_end/
14:41:00 INFO  Title: Validate end to end behaviour for the apt plugin for multiple packages
14:41:00 INFO  ==============================================================
14:41:00 INFO  Using sw id database: {'asciijump': '5475369', 'robotfindskitten': '5474869', 'squirrel3': '5475279', 'rolldice': '5152439', 'moon-buggy': '5439204', 'apple': '5495053', 'banana': '5494888', 'cherry': '5495382', 'watermelon': '5494510', 'registry': '8018911', 'hello-world': '8021526', 'docker/getting-started': '8021973', 'alpine': '7991792'}
14:41:00 INFO  EnvironmentC8y Setup
14:41:00 INFO  Executed systemctl&lt;serv_mapper1&gt;, exit status 3
14:41:00 INFO  Restarting mosquitto too frequently in the last 10 seconds. It was only up for 4 seconds
14:41:00 INFO  Delaying execution by 7 seconds
14:41:21 INFO  Executed sudo&lt;tedge_connect_c8y&gt;, exit status 0, duration 13 secs
14:41:22 INFO  Executed sudo&lt;tedge_connect_c8y_test&gt;, exit status 0
14:41:22 INFO  Executed systemctl&lt;serv_mosq2&gt;, exit status 0
14:41:23 INFO  Executed systemctl&lt;serv_mapper3&gt;, exit status 0
14:41:25 INFO  State of current operation: SUCCESSFUL
14:41:25 INFO  Assert that (False == value) with value=False ... passed
14:41:25 INFO  Package asciijump is installed
14:41:26 WARN  Assert that (False == value) with value=True ... failed 
14:41:26 INFO  Package squirrel3 is installed
14:41:26 WARN  Assert that (False == value) with value=True ... failed 
14:41:26 INFO  Package robotfindskitten is installed
14:41:26 WARN  Assert that (False == value) with value=True ... failed 
14:41:27 INFO  Response status: 201
14:41:27 INFO  Response to action: {
    &quot;delivery&quot;: {
        &quot;log&quot;: [],
        &quot;time&quot;: &quot;2022-07-25T14:41:27.120Z&quot;,
        &quot;status&quot;: &quot;PENDING&quot;
    },
    &quot;creationTime&quot;: &quot;2022-07-25T14:41:27.102Z&quot;,
    &quot;deviceId&quot;: &quot;21391559&quot;,
    &quot;deviceName&quot;: &quot;m32sd10d&quot;,
    &quot;self&quot;: &quot;https://t493319102.eu-latest.cumulocity.com/devicecontrol/operations/21402574&quot;,
    &quot;id&quot;: &quot;21402574&quot;,
    &quot;status&quot;: &quot;PENDING&quot;,
    &quot;description&quot;: &quot;Apply software changes, triggered from PySys: [{'action': 'install', 'id': '5475369', 'name': 'asciijump', 'url': ' ', 'version': '::apt'}, {'action': 'install', 'id': '5474869', 'name': 'robotfindskitten', 'url': ' ', 'version': '::apt'}, {'action': 'install', 'id': '5475279', 'name': 'squirrel3', 'url': ' ', 'version': '::apt'}]&quot;,
    &quot;c8y_SoftwareUpdate&quot;: [
        {
            &quot;name&quot;: &quot;asciijump&quot;,
            &quot;action&quot;: &quot;install&quot;,
            &quot;id&quot;: &quot;5475369&quot;,
            &quot;version&quot;: &quot;::apt&quot;,
            &quot;url&quot;: &quot; &quot;
        },
        {
            &quot;name&quot;: &quot;robotfindskitten&quot;,
            &quot;action&quot;: &quot;install&quot;,
            &quot;id&quot;: &quot;5474869&quot;,
            &quot;version&quot;: &quot;::apt&quot;,
            &quot;url&quot;: &quot; &quot;
        },
        {
            &quot;name&quot;: &quot;squirrel3&quot;,
            &quot;action&quot;: &quot;install&quot;,
            &quot;id&quot;: &quot;5475279&quot;,
            &quot;version&quot;: &quot;::apt&quot;,
            &quot;url&quot;: &quot; &quot;
        }
    ]
}
14:41:27 INFO  Started operation: {'delivery': {'log': [], 'time': '2022-07-25T14:41:27.120Z', 'status': 'PENDING'}, 'creationTime': '2022-07-25T14:41:27.102Z', 'deviceId': '21391559', 'deviceName': 'm32sd10d', 'self': 'https://t493319102.eu-latest.cumulocity.com/devicecontrol/operations/21402574', 'id': '21402574', 'status': 'PENDING', 'description': &quot;Apply software changes, triggered from PySys: [{'action': 'install', 'id': '5475369', 'name': 'asciijump', 'url': ' ', 'version': '::apt'}, {'action': 'install', 'id': '5474869', 'name': 'robotfindskitten', 'url': ' ', 'version': '::apt'}, {'action': 'install', 'id': '5475279', 'name': 'squirrel3', 'url': ' ', 'version': '::apt'}]&quot;, 'c8y_SoftwareUpdate': [{'name': 'asciijump', 'action': 'install', 'id': '5475369', 'version': '::apt', 'url': ' '}, {'name': 'robotfindskitten', 'action': 'install', 'id': '5474869', 'version': '::apt', 'url': ' '}, {'name': 'squirrel3', 'action': 'install', 'id': '5475279', 'version': '::apt', 'url': ' '}]}
14:41:29 INFO  State of operation 21402574 : PENDING
14:41:31 INFO  State of operation 21402574 : EXECUTING
14:41:33 INFO  State of operation 21402574 : EXECUTING
14:41:36 INFO  State of operation 21402574 : EXECUTING
14:41:38 INFO  State of operation 21402574 : EXECUTING
14:41:40 INFO  State of operation 21402574 : EXECUTING
14:41:43 INFO  State of operation 21402574 : EXECUTING
14:41:46 INFO  State of operation 21402574 : EXECUTING
14:41:48 INFO  State of operation 21402574 : EXECUTING
14:41:50 INFO  State of operation 21402574 : EXECUTING
14:41:53 INFO  State of operation 21402574 : EXECUTING
14:41:55 INFO  State of operation 21402574 : EXECUTING
14:41:57 INFO  State of operation 21402574 : EXECUTING
14:41:59 INFO  State of operation 21402574 : EXECUTING
14:42:01 INFO  State of operation 21402574 : EXECUTING
14:42:04 INFO  State of operation 21402574 : SUCCESSFUL
14:42:04 INFO  Assert that (False == value) with value=False ... passed
14:42:04 INFO  Package asciijump is installed
14:42:04 INFO  Assert that (True == value) with value=True ... passed
14:42:04 INFO  Package squirrel3 is installed
14:42:04 INFO  Assert that (True == value) with value=True ... passed
14:42:05 INFO  Package robotfindskitten is installed
14:42:05 INFO  Assert that (True == value) with value=True ... passed
14:42:05 INFO  Response status: 201
14:42:05 INFO  Response to action: {
    &quot;delivery&quot;: {
        &quot;log&quot;: [],
        &quot;time&quot;: &quot;2022-07-25T14:42:05.247Z&quot;,
        &quot;status&quot;: &quot;PENDING&quot;
    },
    &quot;creationTime&quot;: &quot;2022-07-25T14:42:05.229Z&quot;,
    &quot;deviceId&quot;: &quot;21391559&quot;,
    &quot;deviceName&quot;: &quot;m32sd10d&quot;,
    &quot;self&quot;: &quot;https://t493319102.eu-latest.cumulocity.com/devicecontrol/operations/21402585&quot;,
    &quot;id&quot;: &quot;21402585&quot;,
    &quot;status&quot;: &quot;PENDING&quot;,
    &quot;description&quot;: &quot;Apply software changes, triggered from PySys: [{'action': 'delete', 'id': '5475369', 'name': 'asciijump', 'url': ' ', 'version': '::apt'}, {'action': 'delete', 'id': '5474869', 'name': 'robotfindskitten', 'url': ' ', 'version': '::apt'}, {'action': 'delete', 'id': '5475279', 'name': 'squirrel3', 'url': ' ', 'version': '::apt'}]&quot;,
    &quot;c8y_SoftwareUpdate&quot;: [
        {
            &quot;name&quot;: &quot;asciijump&quot;,
            &quot;action&quot;: &quot;delete&quot;,
            &quot;id&quot;: &quot;5475369&quot;,
            &quot;version&quot;: &quot;::apt&quot;,
            &quot;url&quot;: &quot; &quot;
        },
        {
            &quot;name&quot;: &quot;robotfindskitten&quot;,
            &quot;action&quot;: &quot;delete&quot;,
            &quot;id&quot;: &quot;5474869&quot;,
            &quot;version&quot;: &quot;::apt&quot;,
            &quot;url&quot;: &quot; &quot;
        },
        {
            &quot;name&quot;: &quot;squirrel3&quot;,
            &quot;action&quot;: &quot;delete&quot;,
            &quot;id&quot;: &quot;5475279&quot;,
            &quot;version&quot;: &quot;::apt&quot;,
            &quot;url&quot;: &quot; &quot;
        }
    ]
}
14:42:05 INFO  Started operation: {'delivery': {'log': [], 'time': '2022-07-25T14:42:05.247Z', 'status': 'PENDING'}, 'creationTime': '2022-07-25T14:42:05.229Z', 'deviceId': '21391559', 'deviceName': 'm32sd10d', 'self': 'https://t493319102.eu-latest.cumulocity.com/devicecontrol/operations/21402585', 'id': '21402585', 'status': 'PENDING', 'description': &quot;Apply software changes, triggered from PySys: [{'action': 'delete', 'id': '5475369', 'name': 'asciijump', 'url': ' ', 'version': '::apt'}, {'action': 'delete', 'id': '5474869', 'name': 'robotfindskitten', 'url': ' ', 'version': '::apt'}, {'action': 'delete', 'id': '5475279', 'name': 'squirrel3', 'url': ' ', 'version': '::apt'}]&quot;, 'c8y_SoftwareUpdate': [{'name': 'asciijump', 'action': 'delete', 'id': '5475369', 'version': '::apt', 'url': ' '}, {'name': 'robotfindskitten', 'action': 'delete', 'id': '5474869', 'version': '::apt', 'url': ' '}, {'name': 'squirrel3', 'action': 'delete', 'id': '5475279', 'version': '::apt', 'url': ' '}]}
14:42:07 INFO  State of operation 21402585 : PENDING
14:42:09 INFO  State of operation 21402585 : EXECUTING
14:42:11 INFO  State of operation 21402585 : EXECUTING
14:42:14 INFO  State of operation 21402585 : EXECUTING
14:42:16 INFO  State of operation 21402585 : EXECUTING
14:42:18 INFO  State of operation 21402585 : EXECUTING
14:42:21 INFO  State of operation 21402585 : EXECUTING
14:42:24 INFO  State of operation 21402585 : EXECUTING
14:42:26 INFO  State of operation 21402585 : EXECUTING
14:42:28 INFO  State of operation 21402585 : EXECUTING
14:42:31 INFO  State of operation 21402585 : EXECUTING
14:42:33 INFO  State of operation 21402585 : EXECUTING
14:42:35 INFO  State of operation 21402585 : EXECUTING
14:42:37 INFO  State of operation 21402585 : EXECUTING
14:42:40 INFO  State of operation 21402585 : EXECUTING
14:42:42 INFO  State of operation 21402585 : EXECUTING
14:42:44 INFO  State of operation 21402585 : EXECUTING
14:42:46 INFO  State of operation 21402585 : EXECUTING
14:42:49 INFO  State of operation 21402585 : EXECUTING
14:42:52 INFO  State of operation 21402585 : EXECUTING
14:42:54 INFO  State of operation 21402585 : EXECUTING
14:42:56 INFO  State of operation 21402585 : EXECUTING
14:42:58 INFO  State of operation 21402585 : EXECUTING
14:43:01 INFO  State of operation 21402585 : EXECUTING
14:43:03 INFO  State of operation 21402585 : EXECUTING
14:43:06 INFO  State of operation 21402585 : EXECUTING
14:43:08 INFO  State of operation 21402585 : EXECUTING
14:43:10 INFO  State of operation 21402585 : EXECUTING
14:43:12 INFO  State of operation 21402585 : SUCCESSFUL
14:43:13 INFO  Assert that (False == value) with value=False ... passed
14:43:13 INFO  Assert that (False == value) with value=False ... passed
14:43:13 INFO  Assert that (False == value) with value=False ... passed
14:43:13 INFO  Assert that (False == value) with value=False ... passed
14:43:13 INFO  
14:43:13 INFO  cleanup:
14:43:17 INFO  Executed sudo&lt;tedge_disconnect_c8y&gt;, exit status 0
14:43:18 INFO  Executed systemctl&lt;serv_mapper5&gt;, exit status 3
14:43:18 INFO  
14:43:18 INFO  Test duration: 138.38 secs
14:43:18 INFO  Test final outcome:  FAILED
14:43:18 INFO  Test outcome reason: Assert that (False == value) with value=True (+2 other failures)
14:43:18 INFO  
</system-out>
	</testcase>
</testsuite>
