<?xml version="1.0" encoding="utf-8"?>
<testsuite failures="1" name="SoftwareManagement.sm_apt_install_remove_multiple" skipped="0" tests="1" time="138.09" timestamp="2022-07-13T12:46:42">
	<testcase classname="PySysTest" name="SoftwareManagement.sm_apt_install_remove_multiple">
		<failure message="FAILED: Assert that (False == value) with value=True (+2 other failures)" type="FAILED"/>
		<system-out>12:44:24 INFO  ==============================================================
12:44:24 INFO  Id:    SoftwareManagement.sm_apt_install_remove_multiple
12:44:24 INFO  Dir:   software_management_end_to_end/
12:44:24 INFO  Title: Validate end to end behaviour for the apt plugin for multiple packages
12:44:24 INFO  ==============================================================
12:44:24 INFO  Using sw id database: {'asciijump': '5475369', 'robotfindskitten': '5474869', 'squirrel3': '5475279', 'rolldice': '5152439', 'moon-buggy': '5439204', 'apple': '5495053', 'banana': '5494888', 'cherry': '5495382', 'watermelon': '5494510', 'registry': '8018911', 'hello-world': '8021526', 'docker/getting-started': '8021973', 'alpine': '7991792'}
12:44:24 INFO  EnvironmentC8y Setup
12:44:25 INFO  Executed systemctl&lt;serv_mapper1&gt;, exit status 3
12:44:25 INFO  Restarting mosquitto too frequently in the last 10 seconds. It was only up for 5 seconds
12:44:25 INFO  Delaying execution by 6 seconds
12:44:45 INFO  Executed sudo&lt;tedge_connect_c8y&gt;, exit status 0, duration 13 secs
12:44:45 INFO  Executed sudo&lt;tedge_connect_c8y_test&gt;, exit status 0
12:44:46 INFO  Executed systemctl&lt;serv_mosq2&gt;, exit status 0
12:44:46 INFO  Executed systemctl&lt;serv_mapper3&gt;, exit status 0
12:44:49 INFO  State of current operation: SUCCESSFUL
12:44:49 INFO  Assert that (False == value) with value=False ... passed
12:44:49 INFO  Package asciijump is installed
12:44:50 WARN  Assert that (False == value) with value=True ... failed 
12:44:50 INFO  Package squirrel3 is installed
12:44:50 WARN  Assert that (False == value) with value=True ... failed 
12:44:50 INFO  Package robotfindskitten is installed
12:44:50 WARN  Assert that (False == value) with value=True ... failed 
12:44:50 INFO  Response status: 201
12:44:50 INFO  Response to action: {
    &quot;creationTime&quot;: &quot;2022-07-13T12:44:50.785Z&quot;,
    &quot;deviceName&quot;: &quot;m32sd10d&quot;,
    &quot;deviceId&quot;: &quot;20879107&quot;,
    &quot;self&quot;: &quot;https://t493319102.eu-latest.cumulocity.com/devicecontrol/operations/20885577&quot;,
    &quot;id&quot;: &quot;20885577&quot;,
    &quot;status&quot;: &quot;PENDING&quot;,
    &quot;description&quot;: &quot;Apply software changes, triggered from PySys: [{'action': 'install', 'id': '5475369', 'name': 'asciijump', 'url': ' ', 'version': '::apt'}, {'action': 'install', 'id': '5474869', 'name': 'robotfindskitten', 'url': ' ', 'version': '::apt'}, {'action': 'install', 'id': '5475279', 'name': 'squirrel3', 'url': ' ', 'version': '::apt'}]&quot;,
    &quot;c8y_SoftwareUpdate&quot;: [
        {
            &quot;name&quot;: &quot;asciijump&quot;,
            &quot;action&quot;: &quot;install&quot;,
            &quot;id&quot;: &quot;5475369&quot;,
            &quot;version&quot;: &quot;::apt&quot;,
            &quot;url&quot;: &quot; &quot;
        },
        {
            &quot;name&quot;: &quot;robotfindskitten&quot;,
            &quot;action&quot;: &quot;install&quot;,
            &quot;id&quot;: &quot;5474869&quot;,
            &quot;version&quot;: &quot;::apt&quot;,
            &quot;url&quot;: &quot; &quot;
        },
        {
            &quot;name&quot;: &quot;squirrel3&quot;,
            &quot;action&quot;: &quot;install&quot;,
            &quot;id&quot;: &quot;5475279&quot;,
            &quot;version&quot;: &quot;::apt&quot;,
            &quot;url&quot;: &quot; &quot;
        }
    ]
}
12:44:50 INFO  Started operation: {'creationTime': '2022-07-13T12:44:50.785Z', 'deviceName': 'm32sd10d', 'deviceId': '20879107', 'self': 'https://t493319102.eu-latest.cumulocity.com/devicecontrol/operations/20885577', 'id': '20885577', 'status': 'PENDING', 'description': &quot;Apply software changes, triggered from PySys: [{'action': 'install', 'id': '5475369', 'name': 'asciijump', 'url': ' ', 'version': '::apt'}, {'action': 'install', 'id': '5474869', 'name': 'robotfindskitten', 'url': ' ', 'version': '::apt'}, {'action': 'install', 'id': '5475279', 'name': 'squirrel3', 'url': ' ', 'version': '::apt'}]&quot;, 'c8y_SoftwareUpdate': [{'name': 'asciijump', 'action': 'install', 'id': '5475369', 'version': '::apt', 'url': ' '}, {'name': 'robotfindskitten', 'action': 'install', 'id': '5474869', 'version': '::apt', 'url': ' '}, {'name': 'squirrel3', 'action': 'install', 'id': '5475279', 'version': '::apt', 'url': ' '}]}
12:44:53 INFO  State of operation 20885577 : PENDING
12:44:55 INFO  State of operation 20885577 : EXECUTING
12:44:57 INFO  State of operation 20885577 : EXECUTING
12:44:59 INFO  State of operation 20885577 : EXECUTING
12:45:02 INFO  State of operation 20885577 : EXECUTING
12:45:04 INFO  State of operation 20885577 : EXECUTING
12:45:06 INFO  State of operation 20885577 : EXECUTING
12:45:09 INFO  State of operation 20885577 : EXECUTING
12:45:12 INFO  State of operation 20885577 : EXECUTING
12:45:14 INFO  State of operation 20885577 : EXECUTING
12:45:16 INFO  State of operation 20885577 : EXECUTING
12:45:18 INFO  State of operation 20885577 : EXECUTING
12:45:21 INFO  State of operation 20885577 : EXECUTING
12:45:23 INFO  State of operation 20885577 : EXECUTING
12:45:25 INFO  State of operation 20885577 : EXECUTING
12:45:27 INFO  State of operation 20885577 : SUCCESSFUL
12:45:28 INFO  Assert that (False == value) with value=False ... passed
12:45:28 INFO  Package asciijump is installed
12:45:28 INFO  Assert that (True == value) with value=True ... passed
12:45:28 INFO  Package squirrel3 is installed
12:45:28 INFO  Assert that (True == value) with value=True ... passed
12:45:28 INFO  Package robotfindskitten is installed
12:45:28 INFO  Assert that (True == value) with value=True ... passed
12:45:29 INFO  Response status: 201
12:45:29 INFO  Response to action: {
    &quot;creationTime&quot;: &quot;2022-07-13T12:45:29.049Z&quot;,
    &quot;deviceName&quot;: &quot;m32sd10d&quot;,
    &quot;deviceId&quot;: &quot;20879107&quot;,
    &quot;self&quot;: &quot;https://t493319102.eu-latest.cumulocity.com/devicecontrol/operations/20885587&quot;,
    &quot;id&quot;: &quot;20885587&quot;,
    &quot;status&quot;: &quot;PENDING&quot;,
    &quot;description&quot;: &quot;Apply software changes, triggered from PySys: [{'action': 'delete', 'id': '5475369', 'name': 'asciijump', 'url': ' ', 'version': '::apt'}, {'action': 'delete', 'id': '5474869', 'name': 'robotfindskitten', 'url': ' ', 'version': '::apt'}, {'action': 'delete', 'id': '5475279', 'name': 'squirrel3', 'url': ' ', 'version': '::apt'}]&quot;,
    &quot;c8y_SoftwareUpdate&quot;: [
        {
            &quot;name&quot;: &quot;asciijump&quot;,
            &quot;action&quot;: &quot;delete&quot;,
            &quot;id&quot;: &quot;5475369&quot;,
            &quot;version&quot;: &quot;::apt&quot;,
            &quot;url&quot;: &quot; &quot;
        },
        {
            &quot;name&quot;: &quot;robotfindskitten&quot;,
            &quot;action&quot;: &quot;delete&quot;,
            &quot;id&quot;: &quot;5474869&quot;,
            &quot;version&quot;: &quot;::apt&quot;,
            &quot;url&quot;: &quot; &quot;
        },
        {
            &quot;name&quot;: &quot;squirrel3&quot;,
            &quot;action&quot;: &quot;delete&quot;,
            &quot;id&quot;: &quot;5475279&quot;,
            &quot;version&quot;: &quot;::apt&quot;,
            &quot;url&quot;: &quot; &quot;
        }
    ]
}
12:45:29 INFO  Started operation: {'creationTime': '2022-07-13T12:45:29.049Z', 'deviceName': 'm32sd10d', 'deviceId': '20879107', 'self': 'https://t493319102.eu-latest.cumulocity.com/devicecontrol/operations/20885587', 'id': '20885587', 'status': 'PENDING', 'description': &quot;Apply software changes, triggered from PySys: [{'action': 'delete', 'id': '5475369', 'name': 'asciijump', 'url': ' ', 'version': '::apt'}, {'action': 'delete', 'id': '5474869', 'name': 'robotfindskitten', 'url': ' ', 'version': '::apt'}, {'action': 'delete', 'id': '5475279', 'name': 'squirrel3', 'url': ' ', 'version': '::apt'}]&quot;, 'c8y_SoftwareUpdate': [{'name': 'asciijump', 'action': 'delete', 'id': '5475369', 'version': '::apt', 'url': ' '}, {'name': 'robotfindskitten', 'action': 'delete', 'id': '5474869', 'version': '::apt', 'url': ' '}, {'name': 'squirrel3', 'action': 'delete', 'id': '5475279', 'version': '::apt', 'url': ' '}]}
12:45:31 INFO  State of operation 20885587 : PENDING
12:45:33 INFO  State of operation 20885587 : EXECUTING
12:45:35 INFO  State of operation 20885587 : EXECUTING
12:45:37 INFO  State of operation 20885587 : EXECUTING
12:45:40 INFO  State of operation 20885587 : EXECUTING
12:45:42 INFO  State of operation 20885587 : EXECUTING
12:45:45 INFO  State of operation 20885587 : EXECUTING
12:45:47 INFO  State of operation 20885587 : EXECUTING
12:45:50 INFO  State of operation 20885587 : EXECUTING
12:45:52 INFO  State of operation 20885587 : EXECUTING
12:45:54 INFO  State of operation 20885587 : EXECUTING
12:45:57 INFO  State of operation 20885587 : EXECUTING
12:45:59 INFO  State of operation 20885587 : EXECUTING
12:46:01 INFO  State of operation 20885587 : EXECUTING
12:46:03 INFO  State of operation 20885587 : EXECUTING
12:46:06 INFO  State of operation 20885587 : EXECUTING
12:46:08 INFO  State of operation 20885587 : EXECUTING
12:46:10 INFO  State of operation 20885587 : EXECUTING
12:46:13 INFO  State of operation 20885587 : EXECUTING
12:46:15 INFO  State of operation 20885587 : EXECUTING
12:46:17 INFO  State of operation 20885587 : EXECUTING
12:46:20 INFO  State of operation 20885587 : EXECUTING
12:46:22 INFO  State of operation 20885587 : EXECUTING
12:46:24 INFO  State of operation 20885587 : EXECUTING
12:46:27 INFO  State of operation 20885587 : EXECUTING
12:46:30 INFO  State of operation 20885587 : EXECUTING
12:46:32 INFO  State of operation 20885587 : EXECUTING
12:46:34 INFO  State of operation 20885587 : EXECUTING
12:46:37 INFO  State of operation 20885587 : SUCCESSFUL
12:46:37 INFO  Assert that (False == value) with value=False ... passed
12:46:37 INFO  Assert that (False == value) with value=False ... passed
12:46:37 INFO  Assert that (False == value) with value=False ... passed
12:46:38 INFO  Assert that (False == value) with value=False ... passed
12:46:38 INFO  
12:46:38 INFO  cleanup:
12:46:42 INFO  Executed sudo&lt;tedge_disconnect_c8y&gt;, exit status 0
12:46:42 INFO  Executed systemctl&lt;serv_mapper5&gt;, exit status 3
12:46:42 INFO  
12:46:42 INFO  Test duration: 138.09 secs
12:46:42 INFO  Test final outcome:  FAILED
12:46:42 INFO  Test outcome reason: Assert that (False == value) with value=True (+2 other failures)
12:46:42 INFO  
</system-out>
	</testcase>
</testsuite>
