<?xml version="1.0" encoding="utf-8"?>
<testsuite failures="1" name="SoftwareManagement.sm_apt_install_remove_multiple" skipped="0" tests="1" time="135.07" timestamp="2022-05-20T14:26:00">
	<testcase classname="PySysTest" name="SoftwareManagement.sm_apt_install_remove_multiple">
		<failure message="FAILED: Assert that (False == value) with value=True (+2 other failures)" type="FAILED"/>
		<system-out>14:23:45 INFO  ==============================================================
14:23:45 INFO  Id:    SoftwareManagement.sm_apt_install_remove_multiple
14:23:45 INFO  Dir:   software_management_end_to_end/
14:23:45 INFO  Title: Validate end to end behaviour for the apt plugin for multiple packages
14:23:45 INFO  ==============================================================
14:23:45 INFO  Using sw id database: {'asciijump': '5475369', 'robotfindskitten': '5474869', 'squirrel3': '5475279', 'rolldice': '5152439', 'moon-buggy': '5439204', 'apple': '5495053', 'banana': '5494888', 'cherry': '5495382', 'watermelon': '5494510', 'registry': '8018911', 'hello-world': '8021526', 'docker/getting-started': '8021973', 'alpine': '7991792'}
14:23:45 INFO  EnvironmentC8y Setup
14:23:46 INFO  Executed systemctl&lt;serv_mapper1&gt;, exit status 3
14:23:46 INFO  Restarting mosquitto too frequently in the last 10 seconds. It was only up for 5 seconds
14:23:46 INFO  Delaying execution by 6 seconds
14:24:06 INFO  Executed sudo&lt;tedge_connect_c8y&gt;, exit status 0, duration 13 secs
14:24:06 INFO  Executed sudo&lt;tedge_connect_c8y_test&gt;, exit status 0
14:24:07 INFO  Executed systemctl&lt;serv_mosq2&gt;, exit status 0
14:24:07 INFO  Executed systemctl&lt;serv_mapper3&gt;, exit status 0
14:24:10 INFO  State of current operation: SUCCESSFUL
14:24:10 INFO  Assert that (False == value) with value=False ... passed
14:24:10 INFO  Package asciijump is installed
14:24:10 WARN  Assert that (False == value) with value=True ... failed 
14:24:11 INFO  Package squirrel3 is installed
14:24:11 WARN  Assert that (False == value) with value=True ... failed 
14:24:11 INFO  Package robotfindskitten is installed
14:24:11 WARN  Assert that (False == value) with value=True ... failed 
14:24:11 INFO  Response status: 201
14:24:11 INFO  Response to action: {
    &quot;delivery&quot;: {
        &quot;log&quot;: [],
        &quot;time&quot;: &quot;2022-05-20T14:24:11.596Z&quot;,
        &quot;status&quot;: &quot;PENDING&quot;
    },
    &quot;creationTime&quot;: &quot;2022-05-20T14:24:11.570Z&quot;,
    &quot;deviceId&quot;: &quot;19409620&quot;,
    &quot;deviceName&quot;: &quot;m32sd10d&quot;,
    &quot;self&quot;: &quot;https://t493319102.eu-latest.cumulocity.com/devicecontrol/operations/19426287&quot;,
    &quot;id&quot;: &quot;19426287&quot;,
    &quot;status&quot;: &quot;PENDING&quot;,
    &quot;description&quot;: &quot;Apply software changes, triggered from PySys: [{'action': 'install', 'id': '5475369', 'name': 'asciijump', 'url': ' ', 'version': '::apt'}, {'action': 'install', 'id': '5474869', 'name': 'robotfindskitten', 'url': ' ', 'version': '::apt'}, {'action': 'install', 'id': '5475279', 'name': 'squirrel3', 'url': ' ', 'version': '::apt'}]&quot;,
    &quot;c8y_SoftwareUpdate&quot;: [
        {
            &quot;name&quot;: &quot;asciijump&quot;,
            &quot;action&quot;: &quot;install&quot;,
            &quot;id&quot;: &quot;5475369&quot;,
            &quot;version&quot;: &quot;::apt&quot;,
            &quot;url&quot;: &quot; &quot;
        },
        {
            &quot;name&quot;: &quot;robotfindskitten&quot;,
            &quot;action&quot;: &quot;install&quot;,
            &quot;id&quot;: &quot;5474869&quot;,
            &quot;version&quot;: &quot;::apt&quot;,
            &quot;url&quot;: &quot; &quot;
        },
        {
            &quot;name&quot;: &quot;squirrel3&quot;,
            &quot;action&quot;: &quot;install&quot;,
            &quot;id&quot;: &quot;5475279&quot;,
            &quot;version&quot;: &quot;::apt&quot;,
            &quot;url&quot;: &quot; &quot;
        }
    ]
}
14:24:11 INFO  Started operation: {'delivery': {'log': [], 'time': '2022-05-20T14:24:11.596Z', 'status': 'PENDING'}, 'creationTime': '2022-05-20T14:24:11.570Z', 'deviceId': '19409620', 'deviceName': 'm32sd10d', 'self': 'https://t493319102.eu-latest.cumulocity.com/devicecontrol/operations/19426287', 'id': '19426287', 'status': 'PENDING', 'description': &quot;Apply software changes, triggered from PySys: [{'action': 'install', 'id': '5475369', 'name': 'asciijump', 'url': ' ', 'version': '::apt'}, {'action': 'install', 'id': '5474869', 'name': 'robotfindskitten', 'url': ' ', 'version': '::apt'}, {'action': 'install', 'id': '5475279', 'name': 'squirrel3', 'url': ' ', 'version': '::apt'}]&quot;, 'c8y_SoftwareUpdate': [{'name': 'asciijump', 'action': 'install', 'id': '5475369', 'version': '::apt', 'url': ' '}, {'name': 'robotfindskitten', 'action': 'install', 'id': '5474869', 'version': '::apt', 'url': ' '}, {'name': 'squirrel3', 'action': 'install', 'id': '5475279', 'version': '::apt', 'url': ' '}]}
14:24:13 INFO  State of operation 19426287 : PENDING
14:24:16 INFO  State of operation 19426287 : EXECUTING
14:24:18 INFO  State of operation 19426287 : EXECUTING
14:24:20 INFO  State of operation 19426287 : EXECUTING
14:24:22 INFO  State of operation 19426287 : EXECUTING
14:24:24 INFO  State of operation 19426287 : EXECUTING
14:24:27 INFO  State of operation 19426287 : EXECUTING
14:24:30 INFO  State of operation 19426287 : EXECUTING
14:24:32 INFO  State of operation 19426287 : EXECUTING
14:24:35 INFO  State of operation 19426287 : EXECUTING
14:24:37 INFO  State of operation 19426287 : EXECUTING
14:24:39 INFO  State of operation 19426287 : EXECUTING
14:24:41 INFO  State of operation 19426287 : EXECUTING
14:24:44 INFO  State of operation 19426287 : EXECUTING
14:24:46 INFO  State of operation 19426287 : EXECUTING
14:24:48 INFO  State of operation 19426287 : SUCCESSFUL
14:24:48 INFO  Assert that (False == value) with value=False ... passed
14:24:48 INFO  Package asciijump is installed
14:24:48 INFO  Assert that (True == value) with value=True ... passed
14:24:49 INFO  Package squirrel3 is installed
14:24:49 INFO  Assert that (True == value) with value=True ... passed
14:24:49 INFO  Package robotfindskitten is installed
14:24:49 INFO  Assert that (True == value) with value=True ... passed
14:24:49 INFO  Response status: 201
14:24:49 INFO  Response to action: {
    &quot;delivery&quot;: {
        &quot;log&quot;: [],
        &quot;time&quot;: &quot;2022-05-20T14:24:49.534Z&quot;,
        &quot;status&quot;: &quot;PENDING&quot;
    },
    &quot;creationTime&quot;: &quot;2022-05-20T14:24:49.518Z&quot;,
    &quot;deviceId&quot;: &quot;19409620&quot;,
    &quot;deviceName&quot;: &quot;m32sd10d&quot;,
    &quot;self&quot;: &quot;https://t493319102.eu-latest.cumulocity.com/devicecontrol/operations/19426303&quot;,
    &quot;id&quot;: &quot;19426303&quot;,
    &quot;status&quot;: &quot;PENDING&quot;,
    &quot;description&quot;: &quot;Apply software changes, triggered from PySys: [{'action': 'delete', 'id': '5475369', 'name': 'asciijump', 'url': ' ', 'version': '::apt'}, {'action': 'delete', 'id': '5474869', 'name': 'robotfindskitten', 'url': ' ', 'version': '::apt'}, {'action': 'delete', 'id': '5475279', 'name': 'squirrel3', 'url': ' ', 'version': '::apt'}]&quot;,
    &quot;c8y_SoftwareUpdate&quot;: [
        {
            &quot;name&quot;: &quot;asciijump&quot;,
            &quot;action&quot;: &quot;delete&quot;,
            &quot;id&quot;: &quot;5475369&quot;,
            &quot;version&quot;: &quot;::apt&quot;,
            &quot;url&quot;: &quot; &quot;
        },
        {
            &quot;name&quot;: &quot;robotfindskitten&quot;,
            &quot;action&quot;: &quot;delete&quot;,
            &quot;id&quot;: &quot;5474869&quot;,
            &quot;version&quot;: &quot;::apt&quot;,
            &quot;url&quot;: &quot; &quot;
        },
        {
            &quot;name&quot;: &quot;squirrel3&quot;,
            &quot;action&quot;: &quot;delete&quot;,
            &quot;id&quot;: &quot;5475279&quot;,
            &quot;version&quot;: &quot;::apt&quot;,
            &quot;url&quot;: &quot; &quot;
        }
    ]
}
14:24:49 INFO  Started operation: {'delivery': {'log': [], 'time': '2022-05-20T14:24:49.534Z', 'status': 'PENDING'}, 'creationTime': '2022-05-20T14:24:49.518Z', 'deviceId': '19409620', 'deviceName': 'm32sd10d', 'self': 'https://t493319102.eu-latest.cumulocity.com/devicecontrol/operations/19426303', 'id': '19426303', 'status': 'PENDING', 'description': &quot;Apply software changes, triggered from PySys: [{'action': 'delete', 'id': '5475369', 'name': 'asciijump', 'url': ' ', 'version': '::apt'}, {'action': 'delete', 'id': '5474869', 'name': 'robotfindskitten', 'url': ' ', 'version': '::apt'}, {'action': 'delete', 'id': '5475279', 'name': 'squirrel3', 'url': ' ', 'version': '::apt'}]&quot;, 'c8y_SoftwareUpdate': [{'name': 'asciijump', 'action': 'delete', 'id': '5475369', 'version': '::apt', 'url': ' '}, {'name': 'robotfindskitten', 'action': 'delete', 'id': '5474869', 'version': '::apt', 'url': ' '}, {'name': 'squirrel3', 'action': 'delete', 'id': '5475279', 'version': '::apt', 'url': ' '}]}
14:24:51 INFO  State of operation 19426303 : PENDING
14:24:54 INFO  State of operation 19426303 : EXECUTING
14:24:56 INFO  State of operation 19426303 : EXECUTING
14:24:58 INFO  State of operation 19426303 : EXECUTING
14:25:00 INFO  State of operation 19426303 : EXECUTING
14:25:02 INFO  State of operation 19426303 : EXECUTING
14:25:05 INFO  State of operation 19426303 : EXECUTING
14:25:08 INFO  State of operation 19426303 : EXECUTING
14:25:11 INFO  State of operation 19426303 : EXECUTING
14:25:13 INFO  State of operation 19426303 : EXECUTING
14:25:15 INFO  State of operation 19426303 : EXECUTING
14:25:18 INFO  State of operation 19426303 : EXECUTING
14:25:20 INFO  State of operation 19426303 : EXECUTING
14:25:22 INFO  State of operation 19426303 : EXECUTING
14:25:24 INFO  State of operation 19426303 : EXECUTING
14:25:27 INFO  State of operation 19426303 : EXECUTING
14:25:29 INFO  State of operation 19426303 : EXECUTING
14:25:32 INFO  State of operation 19426303 : EXECUTING
14:25:34 INFO  State of operation 19426303 : EXECUTING
14:25:36 INFO  State of operation 19426303 : EXECUTING
14:25:39 INFO  State of operation 19426303 : EXECUTING
14:25:41 INFO  State of operation 19426303 : EXECUTING
14:25:43 INFO  State of operation 19426303 : EXECUTING
14:25:45 INFO  State of operation 19426303 : EXECUTING
14:25:48 INFO  State of operation 19426303 : EXECUTING
14:25:50 INFO  State of operation 19426303 : EXECUTING
14:25:53 INFO  State of operation 19426303 : EXECUTING
14:25:55 INFO  State of operation 19426303 : SUCCESSFUL
14:25:55 INFO  Assert that (False == value) with value=False ... passed
14:25:55 INFO  Assert that (False == value) with value=False ... passed
14:25:56 INFO  Assert that (False == value) with value=False ... passed
14:25:56 INFO  Assert that (False == value) with value=False ... passed
14:25:56 INFO  
14:25:56 INFO  cleanup:
14:26:00 INFO  Executed sudo&lt;tedge_disconnect_c8y&gt;, exit status 0
14:26:00 INFO  Executed systemctl&lt;serv_mapper5&gt;, exit status 3
14:26:00 INFO  
14:26:00 INFO  Test duration: 135.07 secs
14:26:00 INFO  Test final outcome:  FAILED
14:26:00 INFO  Test outcome reason: Assert that (False == value) with value=True (+2 other failures)
14:26:00 INFO  
</system-out>
	</testcase>
</testsuite>
