<?xml version="1.0" encoding="utf-8"?>
<testsuite failures="1" name="SoftwareManagement.sm_apt_install_remove_multiple_mixed" skipped="0" tests="1" time="178.76" timestamp="2022-06-22T19:54:41">
	<testcase classname="PySysTest" name="SoftwareManagement.sm_apt_install_remove_multiple_mixed">
		<failure message="BLOCKED: SystemError: Timeout while waiting for status SUCCESSFUL or False (+1 other failures)" type="BLOCKED"/>
		<system-out>19:51:43 INFO  ==============================================================
19:51:43 INFO  Id:    SoftwareManagement.sm_apt_install_remove_multiple_mixed
19:51:43 INFO  Dir:   software_management_end_to_end/
19:51:43 INFO  Title: Validate end to end behaviour for the apt plugin for multiple packages with mixed versions
19:51:43 INFO  ==============================================================
19:51:43 INFO  Using sw id database: {'asciijump': '5475369', 'robotfindskitten': '5474869', 'squirrel3': '5475279', 'rolldice': '5152439', 'moon-buggy': '5439204', 'apple': '5495053', 'banana': '5494888', 'cherry': '5495382', 'watermelon': '5494510', 'registry': '8018911', 'hello-world': '8021526', 'docker/getting-started': '8021973', 'alpine': '7991792'}
19:51:43 INFO  EnvironmentC8y Setup
19:51:43 INFO  Executed systemctl&lt;serv_mapper1&gt;, exit status 3
19:51:43 INFO  Restarting mosquitto too frequently in the last 10 seconds. It was only up for 4 seconds
19:51:43 INFO  Delaying execution by 7 seconds
19:52:04 INFO  Executed sudo&lt;tedge_connect_c8y&gt;, exit status 0, duration 13 secs
19:52:05 INFO  Executed sudo&lt;tedge_connect_c8y_test&gt;, exit status 0
19:52:05 INFO  Executed systemctl&lt;serv_mosq2&gt;, exit status 0
19:52:06 INFO  Executed systemctl&lt;serv_mapper3&gt;, exit status 0
19:52:08 INFO  State of current operation: SUCCESSFUL
19:52:08 INFO  Assert that (False == value) with value=False ... passed
19:52:09 INFO  Assert that (False == value) with value=False ... passed
19:52:09 INFO  Assert that (False == value) with value=False ... passed
19:52:09 INFO  Assert that (False == value) with value=False ... passed
19:52:09 INFO  Package moon-buggy is installed
19:52:09 WARN  Assert that (False == value) with value=True ... failed 
19:52:11 INFO  Response status: 201
19:52:11 INFO  Response to action: {
    &quot;creationTime&quot;: &quot;2022-06-22T19:52:10.966Z&quot;,
    &quot;deviceName&quot;: &quot;m32sd10d&quot;,
    &quot;deviceId&quot;: &quot;20418361&quot;,
    &quot;self&quot;: &quot;https://t493319102.eu-latest.cumulocity.com/devicecontrol/operations/20449545&quot;,
    &quot;id&quot;: &quot;20449545&quot;,
    &quot;status&quot;: &quot;PENDING&quot;,
    &quot;description&quot;: &quot;Apply software changes, triggered from PySys: [{'action': 'install', 'id': '5475369', 'name': 'asciijump', 'url': ' ', 'version': '::apt'}, {'action': 'install', 'id': '5474869', 'name': 'robotfindskitten', 'url': ' ', 'version': ' '}, {'action': 'install', 'id': '5475279', 'name': 'squirrel3', 'url': ' ', 'version': '3.1-7::apt'}, {'action': 'install', 'id': '5152439', 'name': 'rolldice', 'url': ' ', 'version': '1.16-1+b1'}, {'action': 'install', 'id': '5439204', 'name': 'moon-buggy', 'url': ' ', 'version': '1:1.0.51-12'}, {'action': 'install', 'id': '5475369', 'name': 'asciijump', 'url': ' ', 'version': '::apt'}]&quot;,
    &quot;c8y_SoftwareUpdate&quot;: [
        {
            &quot;name&quot;: &quot;asciijump&quot;,
            &quot;action&quot;: &quot;install&quot;,
            &quot;id&quot;: &quot;5475369&quot;,
            &quot;version&quot;: &quot;::apt&quot;,
            &quot;url&quot;: &quot; &quot;
        },
        {
            &quot;name&quot;: &quot;robotfindskitten&quot;,
            &quot;action&quot;: &quot;install&quot;,
            &quot;id&quot;: &quot;5474869&quot;,
            &quot;version&quot;: &quot; &quot;,
            &quot;url&quot;: &quot; &quot;
        },
        {
            &quot;name&quot;: &quot;squirrel3&quot;,
            &quot;action&quot;: &quot;install&quot;,
            &quot;id&quot;: &quot;5475279&quot;,
            &quot;version&quot;: &quot;3.1-7::apt&quot;,
            &quot;url&quot;: &quot; &quot;
        },
        {
            &quot;name&quot;: &quot;rolldice&quot;,
            &quot;action&quot;: &quot;install&quot;,
            &quot;id&quot;: &quot;5152439&quot;,
            &quot;version&quot;: &quot;1.16-1+b1&quot;,
            &quot;url&quot;: &quot; &quot;
        },
        {
            &quot;name&quot;: &quot;moon-buggy&quot;,
            &quot;action&quot;: &quot;install&quot;,
            &quot;id&quot;: &quot;5439204&quot;,
            &quot;version&quot;: &quot;1:1.0.51-12&quot;,
            &quot;url&quot;: &quot; &quot;
        },
        {
            &quot;name&quot;: &quot;asciijump&quot;,
            &quot;action&quot;: &quot;install&quot;,
            &quot;id&quot;: &quot;5475369&quot;,
            &quot;version&quot;: &quot;::apt&quot;,
            &quot;url&quot;: &quot; &quot;
        }
    ]
}
19:52:11 INFO  Started operation: {'creationTime': '2022-06-22T19:52:10.966Z', 'deviceName': 'm32sd10d', 'deviceId': '20418361', 'self': 'https://t493319102.eu-latest.cumulocity.com/devicecontrol/operations/20449545', 'id': '20449545', 'status': 'PENDING', 'description': &quot;Apply software changes, triggered from PySys: [{'action': 'install', 'id': '5475369', 'name': 'asciijump', 'url': ' ', 'version': '::apt'}, {'action': 'install', 'id': '5474869', 'name': 'robotfindskitten', 'url': ' ', 'version': ' '}, {'action': 'install', 'id': '5475279', 'name': 'squirrel3', 'url': ' ', 'version': '3.1-7::apt'}, {'action': 'install', 'id': '5152439', 'name': 'rolldice', 'url': ' ', 'version': '1.16-1+b1'}, {'action': 'install', 'id': '5439204', 'name': 'moon-buggy', 'url': ' ', 'version': '1:1.0.51-12'}, {'action': 'install', 'id': '5475369', 'name': 'asciijump', 'url': ' ', 'version': '::apt'}]&quot;, 'c8y_SoftwareUpdate': [{'name': 'asciijump', 'action': 'install', 'id': '5475369', 'version': '::apt', 'url': ' '}, {'name': 'robotfindskitten', 'action': 'install', 'id': '5474869', 'version': ' ', 'url': ' '}, {'name': 'squirrel3', 'action': 'install', 'id': '5475279', 'version': '3.1-7::apt', 'url': ' '}, {'name': 'rolldice', 'action': 'install', 'id': '5152439', 'version': '1.16-1+b1', 'url': ' '}, {'name': 'moon-buggy', 'action': 'install', 'id': '5439204', 'version': '1:1.0.51-12', 'url': ' '}, {'name': 'asciijump', 'action': 'install', 'id': '5475369', 'version': '::apt', 'url': ' '}]}
19:52:13 INFO  State of operation 20449545 : PENDING
19:52:15 INFO  State of operation 20449545 : EXECUTING
19:52:17 INFO  State of operation 20449545 : EXECUTING
19:52:19 INFO  State of operation 20449545 : EXECUTING
19:52:22 INFO  State of operation 20449545 : EXECUTING
19:52:24 INFO  State of operation 20449545 : EXECUTING
19:52:27 INFO  State of operation 20449545 : EXECUTING
19:52:29 INFO  State of operation 20449545 : EXECUTING
19:52:32 INFO  State of operation 20449545 : EXECUTING
19:52:34 INFO  State of operation 20449545 : EXECUTING
19:52:36 INFO  State of operation 20449545 : EXECUTING
19:52:39 INFO  State of operation 20449545 : EXECUTING
19:52:41 INFO  State of operation 20449545 : EXECUTING
19:52:43 INFO  State of operation 20449545 : EXECUTING
19:52:46 INFO  State of operation 20449545 : EXECUTING
19:52:48 INFO  State of operation 20449545 : EXECUTING
19:52:51 INFO  State of operation 20449545 : EXECUTING
19:52:54 INFO  State of operation 20449545 : EXECUTING
19:52:56 INFO  State of operation 20449545 : EXECUTING
19:52:58 INFO  State of operation 20449545 : EXECUTING
19:53:00 INFO  State of operation 20449545 : EXECUTING
19:53:03 INFO  State of operation 20449545 : EXECUTING
19:53:05 INFO  State of operation 20449545 : EXECUTING
19:53:08 INFO  State of operation 20449545 : EXECUTING
19:53:10 INFO  State of operation 20449545 : EXECUTING
19:53:13 INFO  State of operation 20449545 : EXECUTING
19:53:15 INFO  State of operation 20449545 : EXECUTING
19:53:18 INFO  State of operation 20449545 : EXECUTING
19:53:20 INFO  State of operation 20449545 : EXECUTING
19:53:23 INFO  State of operation 20449545 : EXECUTING
19:53:25 INFO  State of operation 20449545 : EXECUTING
19:53:27 INFO  State of operation 20449545 : EXECUTING
19:53:29 INFO  State of operation 20449545 : EXECUTING
19:53:31 INFO  State of operation 20449545 : EXECUTING
19:53:34 INFO  State of operation 20449545 : EXECUTING
19:53:36 INFO  State of operation 20449545 : EXECUTING
19:53:38 INFO  State of operation 20449545 : EXECUTING
19:53:41 INFO  State of operation 20449545 : EXECUTING
19:53:44 INFO  State of operation 20449545 : EXECUTING
19:53:46 INFO  State of operation 20449545 : EXECUTING
19:53:48 INFO  State of operation 20449545 : EXECUTING
19:53:51 INFO  State of operation 20449545 : EXECUTING
19:53:53 INFO  State of operation 20449545 : EXECUTING
19:53:55 INFO  State of operation 20449545 : EXECUTING
19:53:57 INFO  State of operation 20449545 : EXECUTING
19:53:59 INFO  State of operation 20449545 : EXECUTING
19:54:02 INFO  State of operation 20449545 : EXECUTING
19:54:05 INFO  State of operation 20449545 : EXECUTING
19:54:07 INFO  State of operation 20449545 : EXECUTING
19:54:09 INFO  State of operation 20449545 : EXECUTING
19:54:11 INFO  State of operation 20449545 : EXECUTING
19:54:14 INFO  State of operation 20449545 : EXECUTING
19:54:16 INFO  State of operation 20449545 : EXECUTING
19:54:19 INFO  State of operation 20449545 : EXECUTING
19:54:21 INFO  State of operation 20449545 : EXECUTING
19:54:23 INFO  State of operation 20449545 : EXECUTING
19:54:25 INFO  State of operation 20449545 : EXECUTING
19:54:28 INFO  State of operation 20449545 : EXECUTING
19:54:30 INFO  State of operation 20449545 : EXECUTING
19:54:32 INFO  State of operation 20449545 : EXECUTING
19:54:35 INFO  State of operation 20449545 : EXECUTING
19:54:37 WARN  SystemError occurred while running test - Timeout while waiting for status SUCCESSFUL or False
Traceback (most recent call last):
  File &quot;/home/pi/env-pysys/lib/python3.7/site-packages/pysys/baserunner.py&quot;, line 1294, in __call__
    self.testObj.execute()
  File &quot;/home/pi/actions-runner/_work/thin-edge.io/thin-edge.io/tests/PySys/software_management_end_to_end/sm_apt_install_remove_multiple_mixed/run.py&quot;, line 89, in execute
    self.wait_until_succcess()
  File &quot;/home/pi/actions-runner/_work/thin-edge.io/thin-edge.io/tests/PySys/software_management_end_to_end/environment_sm_management.py&quot;, line 324, in wait_until_succcess
    self.wait_until_status(&quot;SUCCESSFUL&quot;)
  File &quot;/home/pi/actions-runner/_work/thin-edge.io/thin-edge.io/tests/PySys/software_management_end_to_end/environment_sm_management.py&quot;, line 381, in wait_until_status
    &quot;Timeout while waiting for status %s or %s&quot; % (status, status2)
SystemError: Timeout while waiting for status SUCCESSFUL or False
19:54:37 WARN  SystemError: Timeout while waiting for status SUCCESSFUL or False ... blocked 
19:54:37 INFO  
19:54:37 INFO  cleanup:
19:54:41 INFO  Executed sudo&lt;tedge_disconnect_c8y&gt;, exit status 0
19:54:41 INFO  Executed systemctl&lt;serv_mapper5&gt;, exit status 3
19:54:41 INFO  
19:54:41 INFO  Test duration: 178.76 secs
19:54:41 INFO  Test final outcome:  BLOCKED
19:54:41 INFO  Test outcome reason: SystemError: Timeout while waiting for status SUCCESSFUL or False (+1 other failures)
19:54:41 INFO  
</system-out>
	</testcase>
</testsuite>
