<?xml version="1.0" encoding="utf-8"?>
<testsuite failures="1" name="SoftwareManagement.sm_mixed_install_remove_multiple" skipped="0" tests="1" time="165.74" timestamp="2022-07-26T17:37:53">
	<testcase classname="PySysTest" name="SoftwareManagement.sm_mixed_install_remove_multiple">
		<failure message="FAILED: Assert that (False == value) with value=True" type="FAILED"/>
		<system-out>17:35:07 INFO  ==============================================================
17:35:07 INFO  Id:    SoftwareManagement.sm_mixed_install_remove_multiple
17:35:07 INFO  Dir:   software_management_end_to_end/
17:35:07 INFO  Title: Validate end to end behaviour for the dummy-plugin for multiple packages with mixed versions
17:35:07 INFO  ==============================================================
17:35:07 INFO  Using sw id database: {'asciijump': '5475369', 'robotfindskitten': '5474869', 'squirrel3': '5475279', 'rolldice': '5152439', 'moon-buggy': '5439204', 'apple': '5495053', 'banana': '5494888', 'cherry': '5495382', 'watermelon': '5494510', 'registry': '8018911', 'hello-world': '8021526', 'docker/getting-started': '8021973', 'alpine': '7991792'}
17:35:07 INFO  EnvironmentC8y Setup
17:35:08 INFO  Executed systemctl&lt;serv_mapper1&gt;, exit status 3
17:35:08 INFO  Restarting mosquitto too frequently in the last 10 seconds. It was only up for 4 seconds
17:35:08 INFO  Delaying execution by 7 seconds
17:35:29 INFO  Executed sudo&lt;tedge_connect_c8y&gt;, exit status 0, duration 14 secs
17:35:30 INFO  Executed sudo&lt;tedge_connect_c8y_test&gt;, exit status 0
17:35:30 INFO  Executed systemctl&lt;serv_mosq2&gt;, exit status 0
17:35:31 INFO  Executed systemctl&lt;serv_mapper3&gt;, exit status 0
17:35:33 INFO  State of current operation: SUCCESSFUL
17:35:33 INFO  Package apple is installed
17:35:33 INFO  Assert that (True == value) with value=True ... passed
17:35:34 INFO  Package banana is installed
17:35:34 INFO  Assert that (True == value) with value=True ... passed
17:35:34 INFO  Package cherry is installed
17:35:34 INFO  Assert that (True == value) with value=True ... passed
17:35:34 INFO  Package asciijump is installed
17:35:34 WARN  Assert that (False == value) with value=True ... failed 
17:35:34 INFO  Assert that (False == value) with value=False ... passed
17:35:35 INFO  Response status: 201
17:35:35 INFO  Response to action: {
    &quot;delivery&quot;: {
        &quot;log&quot;: [],
        &quot;time&quot;: &quot;2022-07-26T17:35:35.102Z&quot;,
        &quot;status&quot;: &quot;PENDING&quot;
    },
    &quot;creationTime&quot;: &quot;2022-07-26T17:35:35.083Z&quot;,
    &quot;deviceId&quot;: &quot;21435313&quot;,
    &quot;deviceName&quot;: &quot;m32sd10d&quot;,
    &quot;self&quot;: &quot;https://t493319102.eu-latest.cumulocity.com/devicecontrol/operations/21453424&quot;,
    &quot;id&quot;: &quot;21453424&quot;,
    &quot;status&quot;: &quot;PENDING&quot;,
    &quot;description&quot;: &quot;Apply software changes, triggered from PySys: [{'action': 'install', 'id': '5495053', 'name': 'apple', 'url': ' ', 'version': '::fruits'}, {'action': 'install', 'id': '5494888', 'name': 'banana', 'url': ' ', 'version': '::fruits'}, {'action': 'install', 'id': '5475369', 'name': 'asciijump', 'url': ' ', 'version': '::apt'}, {'action': 'install', 'id': '5495382', 'name': 'cherry', 'url': ' ', 'version': '::fruits'}, {'action': 'install', 'id': '8018911', 'name': 'registry', 'url': ' ', 'version': '::docker'}]&quot;,
    &quot;c8y_SoftwareUpdate&quot;: [
        {
            &quot;name&quot;: &quot;apple&quot;,
            &quot;action&quot;: &quot;install&quot;,
            &quot;id&quot;: &quot;5495053&quot;,
            &quot;version&quot;: &quot;::fruits&quot;,
            &quot;url&quot;: &quot; &quot;
        },
        {
            &quot;name&quot;: &quot;banana&quot;,
            &quot;action&quot;: &quot;install&quot;,
            &quot;id&quot;: &quot;5494888&quot;,
            &quot;version&quot;: &quot;::fruits&quot;,
            &quot;url&quot;: &quot; &quot;
        },
        {
            &quot;name&quot;: &quot;asciijump&quot;,
            &quot;action&quot;: &quot;install&quot;,
            &quot;id&quot;: &quot;5475369&quot;,
            &quot;version&quot;: &quot;::apt&quot;,
            &quot;url&quot;: &quot; &quot;
        },
        {
            &quot;name&quot;: &quot;cherry&quot;,
            &quot;action&quot;: &quot;install&quot;,
            &quot;id&quot;: &quot;5495382&quot;,
            &quot;version&quot;: &quot;::fruits&quot;,
            &quot;url&quot;: &quot; &quot;
        },
        {
            &quot;name&quot;: &quot;registry&quot;,
            &quot;action&quot;: &quot;install&quot;,
            &quot;id&quot;: &quot;8018911&quot;,
            &quot;version&quot;: &quot;::docker&quot;,
            &quot;url&quot;: &quot; &quot;
        }
    ]
}
17:35:35 INFO  Started operation: {'delivery': {'log': [], 'time': '2022-07-26T17:35:35.102Z', 'status': 'PENDING'}, 'creationTime': '2022-07-26T17:35:35.083Z', 'deviceId': '21435313', 'deviceName': 'm32sd10d', 'self': 'https://t493319102.eu-latest.cumulocity.com/devicecontrol/operations/21453424', 'id': '21453424', 'status': 'PENDING', 'description': &quot;Apply software changes, triggered from PySys: [{'action': 'install', 'id': '5495053', 'name': 'apple', 'url': ' ', 'version': '::fruits'}, {'action': 'install', 'id': '5494888', 'name': 'banana', 'url': ' ', 'version': '::fruits'}, {'action': 'install', 'id': '5475369', 'name': 'asciijump', 'url': ' ', 'version': '::apt'}, {'action': 'install', 'id': '5495382', 'name': 'cherry', 'url': ' ', 'version': '::fruits'}, {'action': 'install', 'id': '8018911', 'name': 'registry', 'url': ' ', 'version': '::docker'}]&quot;, 'c8y_SoftwareUpdate': [{'name': 'apple', 'action': 'install', 'id': '5495053', 'version': '::fruits', 'url': ' '}, {'name': 'banana', 'action': 'install', 'id': '5494888', 'version': '::fruits', 'url': ' '}, {'name': 'asciijump', 'action': 'install', 'id': '5475369', 'version': '::apt', 'url': ' '}, {'name': 'cherry', 'action': 'install', 'id': '5495382', 'version': '::fruits', 'url': ' '}, {'name': 'registry', 'action': 'install', 'id': '8018911', 'version': '::docker', 'url': ' '}]}
17:35:37 INFO  State of operation 21453424 : PENDING
17:35:39 INFO  State of operation 21453424 : EXECUTING
17:35:41 INFO  State of operation 21453424 : EXECUTING
17:35:44 INFO  State of operation 21453424 : EXECUTING
17:35:46 INFO  State of operation 21453424 : EXECUTING
17:35:48 INFO  State of operation 21453424 : EXECUTING
17:35:51 INFO  State of operation 21453424 : EXECUTING
17:35:54 INFO  State of operation 21453424 : EXECUTING
17:35:56 INFO  State of operation 21453424 : EXECUTING
17:35:59 INFO  State of operation 21453424 : EXECUTING
17:36:01 INFO  State of operation 21453424 : EXECUTING
17:36:03 INFO  State of operation 21453424 : EXECUTING
17:36:05 INFO  State of operation 21453424 : EXECUTING
17:36:08 INFO  State of operation 21453424 : EXECUTING
17:36:10 INFO  State of operation 21453424 : EXECUTING
17:36:12 INFO  State of operation 21453424 : EXECUTING
17:36:14 INFO  State of operation 21453424 : EXECUTING
17:36:17 INFO  State of operation 21453424 : EXECUTING
17:36:19 INFO  State of operation 21453424 : EXECUTING
17:36:21 INFO  State of operation 21453424 : EXECUTING
17:36:24 INFO  State of operation 21453424 : EXECUTING
17:36:26 INFO  State of operation 21453424 : EXECUTING
17:36:28 INFO  State of operation 21453424 : EXECUTING
17:36:30 INFO  State of operation 21453424 : EXECUTING
17:36:33 INFO  State of operation 21453424 : EXECUTING
17:36:35 INFO  State of operation 21453424 : SUCCESSFUL
17:36:35 INFO  Package apple is installed
17:36:35 INFO  Assert that (True == value) with value=True ... passed
17:36:35 INFO  Package banana is installed
17:36:35 INFO  Assert that (True == value) with value=True ... passed
17:36:36 INFO  Package cherry is installed
17:36:36 INFO  Assert that (True == value) with value=True ... passed
17:36:36 INFO  Package asciijump is installed
17:36:36 INFO  Assert that (True == value) with value=True ... passed
17:36:36 INFO  Package registry is installed
17:36:36 INFO  Assert that (True == value) with value=True ... passed
17:36:36 INFO  Response status: 201
17:36:36 INFO  Response to action: {
    &quot;delivery&quot;: {
        &quot;log&quot;: [],
        &quot;time&quot;: &quot;2022-07-26T17:36:36.687Z&quot;,
        &quot;status&quot;: &quot;PENDING&quot;
    },
    &quot;creationTime&quot;: &quot;2022-07-26T17:36:36.669Z&quot;,
    &quot;deviceId&quot;: &quot;21435313&quot;,
    &quot;deviceName&quot;: &quot;m32sd10d&quot;,
    &quot;self&quot;: &quot;https://t493319102.eu-latest.cumulocity.com/devicecontrol/operations/21453450&quot;,
    &quot;id&quot;: &quot;21453450&quot;,
    &quot;status&quot;: &quot;PENDING&quot;,
    &quot;description&quot;: &quot;Apply software changes, triggered from PySys: [{'action': 'delete', 'id': '5495053', 'name': 'apple', 'url': ' ', 'version': '::fruits'}, {'action': 'delete', 'id': '5494888', 'name': 'banana', 'url': ' ', 'version': '::fruits'}, {'action': 'delete', 'id': '5475369', 'name': 'asciijump', 'url': ' ', 'version': '::apt'}, {'action': 'delete', 'id': '5495382', 'name': 'cherry', 'url': ' ', 'version': '::fruits'}, {'action': 'delete', 'id': '8018911', 'name': 'registry', 'url': ' ', 'version': '::docker'}]&quot;,
    &quot;c8y_SoftwareUpdate&quot;: [
        {
            &quot;name&quot;: &quot;apple&quot;,
            &quot;action&quot;: &quot;delete&quot;,
            &quot;id&quot;: &quot;5495053&quot;,
            &quot;version&quot;: &quot;::fruits&quot;,
            &quot;url&quot;: &quot; &quot;
        },
        {
            &quot;name&quot;: &quot;banana&quot;,
            &quot;action&quot;: &quot;delete&quot;,
            &quot;id&quot;: &quot;5494888&quot;,
            &quot;version&quot;: &quot;::fruits&quot;,
            &quot;url&quot;: &quot; &quot;
        },
        {
            &quot;name&quot;: &quot;asciijump&quot;,
            &quot;action&quot;: &quot;delete&quot;,
            &quot;id&quot;: &quot;5475369&quot;,
            &quot;version&quot;: &quot;::apt&quot;,
            &quot;url&quot;: &quot; &quot;
        },
        {
            &quot;name&quot;: &quot;cherry&quot;,
            &quot;action&quot;: &quot;delete&quot;,
            &quot;id&quot;: &quot;5495382&quot;,
            &quot;version&quot;: &quot;::fruits&quot;,
            &quot;url&quot;: &quot; &quot;
        },
        {
            &quot;name&quot;: &quot;registry&quot;,
            &quot;action&quot;: &quot;delete&quot;,
            &quot;id&quot;: &quot;8018911&quot;,
            &quot;version&quot;: &quot;::docker&quot;,
            &quot;url&quot;: &quot; &quot;
        }
    ]
}
17:36:36 INFO  Started operation: {'delivery': {'log': [], 'time': '2022-07-26T17:36:36.687Z', 'status': 'PENDING'}, 'creationTime': '2022-07-26T17:36:36.669Z', 'deviceId': '21435313', 'deviceName': 'm32sd10d', 'self': 'https://t493319102.eu-latest.cumulocity.com/devicecontrol/operations/21453450', 'id': '21453450', 'status': 'PENDING', 'description': &quot;Apply software changes, triggered from PySys: [{'action': 'delete', 'id': '5495053', 'name': 'apple', 'url': ' ', 'version': '::fruits'}, {'action': 'delete', 'id': '5494888', 'name': 'banana', 'url': ' ', 'version': '::fruits'}, {'action': 'delete', 'id': '5475369', 'name': 'asciijump', 'url': ' ', 'version': '::apt'}, {'action': 'delete', 'id': '5495382', 'name': 'cherry', 'url': ' ', 'version': '::fruits'}, {'action': 'delete', 'id': '8018911', 'name': 'registry', 'url': ' ', 'version': '::docker'}]&quot;, 'c8y_SoftwareUpdate': [{'name': 'apple', 'action': 'delete', 'id': '5495053', 'version': '::fruits', 'url': ' '}, {'name': 'banana', 'action': 'delete', 'id': '5494888', 'version': '::fruits', 'url': ' '}, {'name': 'asciijump', 'action': 'delete', 'id': '5475369', 'version': '::apt', 'url': ' '}, {'name': 'cherry', 'action': 'delete', 'id': '5495382', 'version': '::fruits', 'url': ' '}, {'name': 'registry', 'action': 'delete', 'id': '8018911', 'version': '::docker', 'url': ' '}]}
17:36:38 INFO  State of operation 21453450 : PENDING
17:36:41 INFO  State of operation 21453450 : EXECUTING
17:36:43 INFO  State of operation 21453450 : EXECUTING
17:36:45 INFO  State of operation 21453450 : EXECUTING
17:36:47 INFO  State of operation 21453450 : EXECUTING
17:36:50 INFO  State of operation 21453450 : EXECUTING
17:36:52 INFO  State of operation 21453450 : EXECUTING
17:36:55 INFO  State of operation 21453450 : EXECUTING
17:36:57 INFO  State of operation 21453450 : EXECUTING
17:37:00 INFO  State of operation 21453450 : EXECUTING
17:37:02 INFO  State of operation 21453450 : EXECUTING
17:37:04 INFO  State of operation 21453450 : EXECUTING
17:37:06 INFO  State of operation 21453450 : EXECUTING
17:37:09 INFO  State of operation 21453450 : EXECUTING
17:37:11 INFO  State of operation 21453450 : EXECUTING
17:37:13 INFO  State of operation 21453450 : EXECUTING
17:37:17 INFO  State of operation 21453450 : EXECUTING
17:37:20 INFO  State of operation 21453450 : EXECUTING
17:37:22 INFO  State of operation 21453450 : EXECUTING
17:37:24 INFO  State of operation 21453450 : EXECUTING
17:37:26 INFO  State of operation 21453450 : EXECUTING
17:37:29 INFO  State of operation 21453450 : EXECUTING
17:37:31 INFO  State of operation 21453450 : EXECUTING
17:37:34 INFO  State of operation 21453450 : EXECUTING
17:37:36 INFO  State of operation 21453450 : EXECUTING
17:37:38 INFO  State of operation 21453450 : EXECUTING
17:37:40 INFO  State of operation 21453450 : EXECUTING
17:37:43 INFO  State of operation 21453450 : EXECUTING
17:37:45 INFO  State of operation 21453450 : EXECUTING
17:37:47 INFO  State of operation 21453450 : SUCCESSFUL
17:37:47 INFO  Package apple is installed
17:37:47 INFO  Assert that (True == value) with value=True ... passed
17:37:48 INFO  Package banana is installed
17:37:48 INFO  Assert that (True == value) with value=True ... passed
17:37:48 INFO  Package cherry is installed
17:37:48 INFO  Assert that (True == value) with value=True ... passed
17:37:48 INFO  Assert that (False == value) with value=False ... passed
17:37:48 INFO  Assert that (False == value) with value=False ... passed
17:37:48 INFO  
17:37:48 INFO  cleanup:
17:37:53 INFO  Executed sudo&lt;tedge_disconnect_c8y&gt;, exit status 0
17:37:53 INFO  Executed systemctl&lt;serv_mapper5&gt;, exit status 3
17:37:53 INFO  
17:37:53 INFO  Test duration: 165.74 secs
17:37:53 INFO  Test final outcome:  FAILED
17:37:53 INFO  Test outcome reason: Assert that (False == value) with value=True
17:37:53 INFO  
</system-out>
	</testcase>
</testsuite>
