<?xml version="1.0" encoding="utf-8"?>
<testsuite failures="1" name="SoftwareManagement.sm_apt_install_remove_multiple" skipped="0" tests="1" time="139.66" timestamp="2022-07-16T12:42:56">
	<testcase classname="PySysTest" name="SoftwareManagement.sm_apt_install_remove_multiple">
		<failure message="FAILED: Assert that (False == value) with value=True (+2 other failures)" type="FAILED"/>
		<system-out>12:40:36 INFO  ==============================================================
12:40:36 INFO  Id:    SoftwareManagement.sm_apt_install_remove_multiple
12:40:36 INFO  Dir:   software_management_end_to_end/
12:40:36 INFO  Title: Validate end to end behaviour for the apt plugin for multiple packages
12:40:36 INFO  ==============================================================
12:40:36 INFO  Using sw id database: {'asciijump': '5475369', 'robotfindskitten': '5474869', 'squirrel3': '5475279', 'rolldice': '5152439', 'moon-buggy': '5439204', 'apple': '5495053', 'banana': '5494888', 'cherry': '5495382', 'watermelon': '5494510', 'registry': '8018911', 'hello-world': '8021526', 'docker/getting-started': '8021973', 'alpine': '7991792'}
12:40:36 INFO  EnvironmentC8y Setup
12:40:37 INFO  Executed systemctl&lt;serv_mapper1&gt;, exit status 3
12:40:37 INFO  Restarting mosquitto too frequently in the last 10 seconds. It was only up for 5 seconds
12:40:37 INFO  Delaying execution by 6 seconds
12:40:57 INFO  Executed sudo&lt;tedge_connect_c8y&gt;, exit status 0, duration 14 secs
12:40:58 INFO  Executed sudo&lt;tedge_connect_c8y_test&gt;, exit status 0
12:40:58 INFO  Executed systemctl&lt;serv_mosq2&gt;, exit status 0
12:40:59 INFO  Executed systemctl&lt;serv_mapper3&gt;, exit status 0
12:41:01 INFO  State of current operation: SUCCESSFUL
12:41:01 INFO  Assert that (False == value) with value=False ... passed
12:41:02 INFO  Package asciijump is installed
12:41:02 WARN  Assert that (False == value) with value=True ... failed 
12:41:02 INFO  Package squirrel3 is installed
12:41:02 WARN  Assert that (False == value) with value=True ... failed 
12:41:03 INFO  Package robotfindskitten is installed
12:41:03 WARN  Assert that (False == value) with value=True ... failed 
12:41:03 INFO  Response status: 201
12:41:03 INFO  Response to action: {
    &quot;creationTime&quot;: &quot;2022-07-16T12:41:03.288Z&quot;,
    &quot;deviceName&quot;: &quot;m32sd10d&quot;,
    &quot;deviceId&quot;: &quot;20924405&quot;,
    &quot;self&quot;: &quot;https://t493319102.eu-latest.cumulocity.com/devicecontrol/operations/20961246&quot;,
    &quot;id&quot;: &quot;20961246&quot;,
    &quot;status&quot;: &quot;PENDING&quot;,
    &quot;description&quot;: &quot;Apply software changes, triggered from PySys: [{'action': 'install', 'id': '5475369', 'name': 'asciijump', 'url': ' ', 'version': '::apt'}, {'action': 'install', 'id': '5474869', 'name': 'robotfindskitten', 'url': ' ', 'version': '::apt'}, {'action': 'install', 'id': '5475279', 'name': 'squirrel3', 'url': ' ', 'version': '::apt'}]&quot;,
    &quot;c8y_SoftwareUpdate&quot;: [
        {
            &quot;name&quot;: &quot;asciijump&quot;,
            &quot;action&quot;: &quot;install&quot;,
            &quot;id&quot;: &quot;5475369&quot;,
            &quot;version&quot;: &quot;::apt&quot;,
            &quot;url&quot;: &quot; &quot;
        },
        {
            &quot;name&quot;: &quot;robotfindskitten&quot;,
            &quot;action&quot;: &quot;install&quot;,
            &quot;id&quot;: &quot;5474869&quot;,
            &quot;version&quot;: &quot;::apt&quot;,
            &quot;url&quot;: &quot; &quot;
        },
        {
            &quot;name&quot;: &quot;squirrel3&quot;,
            &quot;action&quot;: &quot;install&quot;,
            &quot;id&quot;: &quot;5475279&quot;,
            &quot;version&quot;: &quot;::apt&quot;,
            &quot;url&quot;: &quot; &quot;
        }
    ]
}
12:41:03 INFO  Started operation: {'creationTime': '2022-07-16T12:41:03.288Z', 'deviceName': 'm32sd10d', 'deviceId': '20924405', 'self': 'https://t493319102.eu-latest.cumulocity.com/devicecontrol/operations/20961246', 'id': '20961246', 'status': 'PENDING', 'description': &quot;Apply software changes, triggered from PySys: [{'action': 'install', 'id': '5475369', 'name': 'asciijump', 'url': ' ', 'version': '::apt'}, {'action': 'install', 'id': '5474869', 'name': 'robotfindskitten', 'url': ' ', 'version': '::apt'}, {'action': 'install', 'id': '5475279', 'name': 'squirrel3', 'url': ' ', 'version': '::apt'}]&quot;, 'c8y_SoftwareUpdate': [{'name': 'asciijump', 'action': 'install', 'id': '5475369', 'version': '::apt', 'url': ' '}, {'name': 'robotfindskitten', 'action': 'install', 'id': '5474869', 'version': '::apt', 'url': ' '}, {'name': 'squirrel3', 'action': 'install', 'id': '5475279', 'version': '::apt', 'url': ' '}]}
12:41:05 INFO  State of operation 20961246 : PENDING
12:41:08 INFO  State of operation 20961246 : EXECUTING
12:41:10 INFO  State of operation 20961246 : EXECUTING
12:41:12 INFO  State of operation 20961246 : EXECUTING
12:41:14 INFO  State of operation 20961246 : EXECUTING
12:41:16 INFO  State of operation 20961246 : EXECUTING
12:41:19 INFO  State of operation 20961246 : EXECUTING
12:41:22 INFO  State of operation 20961246 : EXECUTING
12:41:24 INFO  State of operation 20961246 : EXECUTING
12:41:27 INFO  State of operation 20961246 : EXECUTING
12:41:29 INFO  State of operation 20961246 : EXECUTING
12:41:31 INFO  State of operation 20961246 : EXECUTING
12:41:34 INFO  State of operation 20961246 : EXECUTING
12:41:36 INFO  State of operation 20961246 : EXECUTING
12:41:38 INFO  State of operation 20961246 : EXECUTING
12:41:40 INFO  State of operation 20961246 : SUCCESSFUL
12:41:41 INFO  Assert that (False == value) with value=False ... passed
12:41:41 INFO  Package asciijump is installed
12:41:41 INFO  Assert that (True == value) with value=True ... passed
12:41:42 INFO  Package squirrel3 is installed
12:41:42 INFO  Assert that (True == value) with value=True ... passed
12:41:42 INFO  Package robotfindskitten is installed
12:41:42 INFO  Assert that (True == value) with value=True ... passed
12:41:42 INFO  Response status: 201
12:41:42 INFO  Response to action: {
    &quot;creationTime&quot;: &quot;2022-07-16T12:41:42.501Z&quot;,
    &quot;deviceName&quot;: &quot;m32sd10d&quot;,
    &quot;deviceId&quot;: &quot;20924405&quot;,
    &quot;self&quot;: &quot;https://t493319102.eu-latest.cumulocity.com/devicecontrol/operations/20961252&quot;,
    &quot;id&quot;: &quot;20961252&quot;,
    &quot;status&quot;: &quot;PENDING&quot;,
    &quot;description&quot;: &quot;Apply software changes, triggered from PySys: [{'action': 'delete', 'id': '5475369', 'name': 'asciijump', 'url': ' ', 'version': '::apt'}, {'action': 'delete', 'id': '5474869', 'name': 'robotfindskitten', 'url': ' ', 'version': '::apt'}, {'action': 'delete', 'id': '5475279', 'name': 'squirrel3', 'url': ' ', 'version': '::apt'}]&quot;,
    &quot;c8y_SoftwareUpdate&quot;: [
        {
            &quot;name&quot;: &quot;asciijump&quot;,
            &quot;action&quot;: &quot;delete&quot;,
            &quot;id&quot;: &quot;5475369&quot;,
            &quot;version&quot;: &quot;::apt&quot;,
            &quot;url&quot;: &quot; &quot;
        },
        {
            &quot;name&quot;: &quot;robotfindskitten&quot;,
            &quot;action&quot;: &quot;delete&quot;,
            &quot;id&quot;: &quot;5474869&quot;,
            &quot;version&quot;: &quot;::apt&quot;,
            &quot;url&quot;: &quot; &quot;
        },
        {
            &quot;name&quot;: &quot;squirrel3&quot;,
            &quot;action&quot;: &quot;delete&quot;,
            &quot;id&quot;: &quot;5475279&quot;,
            &quot;version&quot;: &quot;::apt&quot;,
            &quot;url&quot;: &quot; &quot;
        }
    ]
}
12:41:42 INFO  Started operation: {'creationTime': '2022-07-16T12:41:42.501Z', 'deviceName': 'm32sd10d', 'deviceId': '20924405', 'self': 'https://t493319102.eu-latest.cumulocity.com/devicecontrol/operations/20961252', 'id': '20961252', 'status': 'PENDING', 'description': &quot;Apply software changes, triggered from PySys: [{'action': 'delete', 'id': '5475369', 'name': 'asciijump', 'url': ' ', 'version': '::apt'}, {'action': 'delete', 'id': '5474869', 'name': 'robotfindskitten', 'url': ' ', 'version': '::apt'}, {'action': 'delete', 'id': '5475279', 'name': 'squirrel3', 'url': ' ', 'version': '::apt'}]&quot;, 'c8y_SoftwareUpdate': [{'name': 'asciijump', 'action': 'delete', 'id': '5475369', 'version': '::apt', 'url': ' '}, {'name': 'robotfindskitten', 'action': 'delete', 'id': '5474869', 'version': '::apt', 'url': ' '}, {'name': 'squirrel3', 'action': 'delete', 'id': '5475279', 'version': '::apt', 'url': ' '}]}
12:41:44 INFO  State of operation 20961252 : PENDING
12:41:46 INFO  State of operation 20961252 : EXECUTING
12:41:49 INFO  State of operation 20961252 : EXECUTING
12:41:51 INFO  State of operation 20961252 : EXECUTING
12:41:53 INFO  State of operation 20961252 : EXECUTING
12:41:55 INFO  State of operation 20961252 : EXECUTING
12:41:58 INFO  State of operation 20961252 : EXECUTING
12:42:01 INFO  State of operation 20961252 : EXECUTING
12:42:03 INFO  State of operation 20961252 : EXECUTING
12:42:06 INFO  State of operation 20961252 : EXECUTING
12:42:08 INFO  State of operation 20961252 : EXECUTING
12:42:10 INFO  State of operation 20961252 : EXECUTING
12:42:12 INFO  State of operation 20961252 : EXECUTING
12:42:15 INFO  State of operation 20961252 : EXECUTING
12:42:17 INFO  State of operation 20961252 : EXECUTING
12:42:19 INFO  State of operation 20961252 : EXECUTING
12:42:21 INFO  State of operation 20961252 : EXECUTING
12:42:24 INFO  State of operation 20961252 : EXECUTING
12:42:26 INFO  State of operation 20961252 : EXECUTING
12:42:29 INFO  State of operation 20961252 : EXECUTING
12:42:31 INFO  State of operation 20961252 : EXECUTING
12:42:33 INFO  State of operation 20961252 : EXECUTING
12:42:36 INFO  State of operation 20961252 : EXECUTING
12:42:38 INFO  State of operation 20961252 : EXECUTING
12:42:41 INFO  State of operation 20961252 : EXECUTING
12:42:43 INFO  State of operation 20961252 : EXECUTING
12:42:46 INFO  State of operation 20961252 : EXECUTING
12:42:48 INFO  State of operation 20961252 : EXECUTING
12:42:50 INFO  State of operation 20961252 : SUCCESSFUL
12:42:50 INFO  Assert that (False == value) with value=False ... passed
12:42:51 INFO  Assert that (False == value) with value=False ... passed
12:42:51 INFO  Assert that (False == value) with value=False ... passed
12:42:51 INFO  Assert that (False == value) with value=False ... passed
12:42:51 INFO  
12:42:51 INFO  cleanup:
12:42:55 INFO  Executed sudo&lt;tedge_disconnect_c8y&gt;, exit status 0
12:42:56 INFO  Executed systemctl&lt;serv_mapper5&gt;, exit status 3
12:42:56 INFO  
12:42:56 INFO  Test duration: 139.66 secs
12:42:56 INFO  Test final outcome:  FAILED
12:42:56 INFO  Test outcome reason: Assert that (False == value) with value=True (+2 other failures)
12:42:56 INFO  
</system-out>
	</testcase>
</testsuite>
