<?xml version="1.0" encoding="utf-8"?>
<testsuite failures="1" name="SoftwareManagement.sm_apt_install_remove" skipped="0" tests="1" time="166.7" timestamp="2022-05-24T16:49:16">
	<testcase classname="PySysTest" name="SoftwareManagement.sm_apt_install_remove">
		<failure message="BLOCKED: SystemError: Timeout while waiting for status FAILED or SUCCESSFUL" type="BLOCKED"/>
		<system-out>16:46:30 INFO  ==============================================================
16:46:30 INFO  Id:    SoftwareManagement.sm_apt_install_remove
16:46:30 INFO  Dir:   software_management_end_to_end/
16:46:30 INFO  Title: Validate end to end behaviour for the apt plugin for installation and removal of packages
16:46:30 INFO  ==============================================================
16:46:30 INFO  Using sw id database: {'asciijump': '5475369', 'robotfindskitten': '5474869', 'squirrel3': '5475279', 'rolldice': '5152439', 'moon-buggy': '5439204', 'apple': '5495053', 'banana': '5494888', 'cherry': '5495382', 'watermelon': '5494510', 'registry': '8018911', 'hello-world': '8021526', 'docker/getting-started': '8021973', 'alpine': '7991792'}
16:46:30 INFO  EnvironmentC8y Setup
16:46:30 INFO  Executed systemctl&lt;serv_mapper1&gt;, exit status 3
16:46:30 INFO  Restarting mosquitto too frequently in the last 10 seconds. It was only up for 4 seconds
16:46:30 INFO  Delaying execution by 7 seconds
16:46:51 INFO  Executed sudo&lt;tedge_connect_c8y&gt;, exit status 0, duration 13 secs
16:46:52 INFO  Executed sudo&lt;tedge_connect_c8y_test&gt;, exit status 0
16:46:52 INFO  Executed systemctl&lt;serv_mosq2&gt;, exit status 0
16:46:53 INFO  Executed systemctl&lt;serv_mapper3&gt;, exit status 0
16:46:55 INFO  State of current operation: PENDING
16:46:57 INFO  State of current operation: PENDING
16:47:00 INFO  State of current operation: PENDING
16:47:02 INFO  State of current operation: PENDING
16:47:04 INFO  State of current operation: PENDING
16:47:06 INFO  State of current operation: PENDING
16:47:08 INFO  State of current operation: PENDING
16:47:11 INFO  State of current operation: PENDING
16:47:13 INFO  State of current operation: PENDING
16:47:15 INFO  State of current operation: PENDING
16:47:17 INFO  State of current operation: PENDING
16:47:20 INFO  State of current operation: PENDING
16:47:22 INFO  State of current operation: PENDING
16:47:24 INFO  State of current operation: PENDING
16:47:26 INFO  State of current operation: PENDING
16:47:29 INFO  State of current operation: PENDING
16:47:31 INFO  State of current operation: PENDING
16:47:33 INFO  State of current operation: PENDING
16:47:35 INFO  State of current operation: PENDING
16:47:38 INFO  State of current operation: PENDING
16:47:40 INFO  State of current operation: PENDING
16:47:42 INFO  State of current operation: PENDING
16:47:44 INFO  State of current operation: PENDING
16:47:47 INFO  State of current operation: PENDING
16:47:49 INFO  State of current operation: PENDING
16:47:51 INFO  State of current operation: PENDING
16:47:53 INFO  State of current operation: PENDING
16:47:56 INFO  State of current operation: PENDING
16:47:58 INFO  State of current operation: PENDING
16:48:00 INFO  State of current operation: PENDING
16:48:02 INFO  State of current operation: PENDING
16:48:04 INFO  State of current operation: PENDING
16:48:07 INFO  State of current operation: PENDING
16:48:09 INFO  State of current operation: PENDING
16:48:11 INFO  State of current operation: PENDING
16:48:14 INFO  State of current operation: PENDING
16:48:16 INFO  State of current operation: PENDING
16:48:18 INFO  State of current operation: PENDING
16:48:21 INFO  State of current operation: PENDING
16:48:23 INFO  State of current operation: PENDING
16:48:25 INFO  State of current operation: PENDING
16:48:27 INFO  State of current operation: PENDING
16:48:29 INFO  State of current operation: PENDING
16:48:32 INFO  State of current operation: PENDING
16:48:34 INFO  State of current operation: PENDING
16:48:36 INFO  State of current operation: PENDING
16:48:38 INFO  State of current operation: PENDING
16:48:41 INFO  State of current operation: PENDING
16:48:43 INFO  State of current operation: PENDING
16:48:45 INFO  State of current operation: PENDING
16:48:47 INFO  State of current operation: PENDING
16:48:50 INFO  State of current operation: PENDING
16:48:52 INFO  State of current operation: PENDING
16:48:54 INFO  State of current operation: PENDING
16:48:56 INFO  State of current operation: PENDING
16:48:58 INFO  State of current operation: PENDING
16:49:01 INFO  State of current operation: PENDING
16:49:03 INFO  State of current operation: PENDING
16:49:05 INFO  State of current operation: PENDING
16:49:07 INFO  State of current operation: PENDING
16:49:10 INFO  State of current operation: PENDING
16:49:12 WARN  SystemError occurred while running test - Timeout while waiting for status FAILED or SUCCESSFUL
Traceback (most recent call last):
  File &quot;/home/pi/env-pysys/lib/python3.7/site-packages/pysys/baserunner.py&quot;, line 1292, in __call__
    self.testObj.setup()
  File &quot;/home/pi/actions-runner/_work/thin-edge.io/thin-edge.io/tests/PySys/software_management_end_to_end/sm_apt_install_remove/run.py&quot;, line 27, in setup
    super().setup()
  File &quot;/home/pi/actions-runner/_work/thin-edge.io/thin-edge.io/tests/PySys/software_management_end_to_end/environment_sm_management.py&quot;, line 151, in setup
    self.wait_until_end()
  File &quot;/home/pi/actions-runner/_work/thin-edge.io/thin-edge.io/tests/PySys/software_management_end_to_end/environment_sm_management.py&quot;, line 332, in wait_until_end
    self.wait_until_status(&quot;FAILED&quot;, &quot;SUCCESSFUL&quot;)
  File &quot;/home/pi/actions-runner/_work/thin-edge.io/thin-edge.io/tests/PySys/software_management_end_to_end/environment_sm_management.py&quot;, line 381, in wait_until_status
    &quot;Timeout while waiting for status %s or %s&quot; % (status, status2)
SystemError: Timeout while waiting for status FAILED or SUCCESSFUL
16:49:12 WARN  SystemError: Timeout while waiting for status FAILED or SUCCESSFUL ... blocked 
16:49:12 INFO  
16:49:12 INFO  cleanup:
16:49:16 INFO  Executed sudo&lt;tedge_disconnect_c8y&gt;, exit status 0
16:49:16 INFO  Executed systemctl&lt;serv_mapper5&gt;, exit status 3
16:49:16 INFO  
16:49:16 INFO  Test duration: 166.70 secs
16:49:16 INFO  Test final outcome:  BLOCKED
16:49:16 INFO  Test outcome reason: SystemError: Timeout while waiting for status FAILED or SUCCESSFUL
16:49:16 INFO  
</system-out>
	</testcase>
</testsuite>
