<?xml version="1.0" encoding="utf-8"?>
<testsuite failures="1" name="SoftwareManagement.sm_apt_install_remove_multiple" skipped="0" tests="1" time="136.76" timestamp="2022-06-15T12:05:18">
	<testcase classname="PySysTest" name="SoftwareManagement.sm_apt_install_remove_multiple">
		<failure message="FAILED: Assert that (False == value) with value=True (+2 other failures)" type="FAILED"/>
		<system-out>12:03:01 INFO  ==============================================================
12:03:01 INFO  Id:    SoftwareManagement.sm_apt_install_remove_multiple
12:03:01 INFO  Dir:   software_management_end_to_end/
12:03:01 INFO  Title: Validate end to end behaviour for the apt plugin for multiple packages
12:03:01 INFO  ==============================================================
12:03:01 INFO  Using sw id database: {'asciijump': '5475369', 'robotfindskitten': '5474869', 'squirrel3': '5475279', 'rolldice': '5152439', 'moon-buggy': '5439204', 'apple': '5495053', 'banana': '5494888', 'cherry': '5495382', 'watermelon': '5494510', 'registry': '8018911', 'hello-world': '8021526', 'docker/getting-started': '8021973', 'alpine': '7991792'}
12:03:01 INFO  EnvironmentC8y Setup
12:03:02 INFO  Executed systemctl&lt;serv_mapper1&gt;, exit status 3
12:03:02 INFO  Restarting mosquitto too frequently in the last 10 seconds. It was only up for 5 seconds
12:03:02 INFO  Delaying execution by 6 seconds
12:03:22 INFO  Executed sudo&lt;tedge_connect_c8y&gt;, exit status 0, duration 14 secs
12:03:22 INFO  Executed sudo&lt;tedge_connect_c8y_test&gt;, exit status 0
12:03:23 INFO  Executed systemctl&lt;serv_mosq2&gt;, exit status 0
12:03:23 INFO  Executed systemctl&lt;serv_mapper3&gt;, exit status 0
12:03:26 INFO  State of current operation: SUCCESSFUL
12:03:26 INFO  Assert that (False == value) with value=False ... passed
12:03:26 INFO  Package asciijump is installed
12:03:26 WARN  Assert that (False == value) with value=True ... failed 
12:03:27 INFO  Package squirrel3 is installed
12:03:27 WARN  Assert that (False == value) with value=True ... failed 
12:03:27 INFO  Package robotfindskitten is installed
12:03:27 WARN  Assert that (False == value) with value=True ... failed 
12:03:27 INFO  Response status: 201
12:03:27 INFO  Response to action: {
    &quot;creationTime&quot;: &quot;2022-06-15T12:03:27.620Z&quot;,
    &quot;deviceName&quot;: &quot;m32sd10d&quot;,
    &quot;deviceId&quot;: &quot;20220945&quot;,
    &quot;self&quot;: &quot;https://t493319102.eu-latest.cumulocity.com/devicecontrol/operations/20232319&quot;,
    &quot;id&quot;: &quot;20232319&quot;,
    &quot;status&quot;: &quot;PENDING&quot;,
    &quot;description&quot;: &quot;Apply software changes, triggered from PySys: [{'action': 'install', 'id': '5475369', 'name': 'asciijump', 'url': ' ', 'version': '::apt'}, {'action': 'install', 'id': '5474869', 'name': 'robotfindskitten', 'url': ' ', 'version': '::apt'}, {'action': 'install', 'id': '5475279', 'name': 'squirrel3', 'url': ' ', 'version': '::apt'}]&quot;,
    &quot;c8y_SoftwareUpdate&quot;: [
        {
            &quot;name&quot;: &quot;asciijump&quot;,
            &quot;action&quot;: &quot;install&quot;,
            &quot;id&quot;: &quot;5475369&quot;,
            &quot;version&quot;: &quot;::apt&quot;,
            &quot;url&quot;: &quot; &quot;
        },
        {
            &quot;name&quot;: &quot;robotfindskitten&quot;,
            &quot;action&quot;: &quot;install&quot;,
            &quot;id&quot;: &quot;5474869&quot;,
            &quot;version&quot;: &quot;::apt&quot;,
            &quot;url&quot;: &quot; &quot;
        },
        {
            &quot;name&quot;: &quot;squirrel3&quot;,
            &quot;action&quot;: &quot;install&quot;,
            &quot;id&quot;: &quot;5475279&quot;,
            &quot;version&quot;: &quot;::apt&quot;,
            &quot;url&quot;: &quot; &quot;
        }
    ]
}
12:03:27 INFO  Started operation: {'creationTime': '2022-06-15T12:03:27.620Z', 'deviceName': 'm32sd10d', 'deviceId': '20220945', 'self': 'https://t493319102.eu-latest.cumulocity.com/devicecontrol/operations/20232319', 'id': '20232319', 'status': 'PENDING', 'description': &quot;Apply software changes, triggered from PySys: [{'action': 'install', 'id': '5475369', 'name': 'asciijump', 'url': ' ', 'version': '::apt'}, {'action': 'install', 'id': '5474869', 'name': 'robotfindskitten', 'url': ' ', 'version': '::apt'}, {'action': 'install', 'id': '5475279', 'name': 'squirrel3', 'url': ' ', 'version': '::apt'}]&quot;, 'c8y_SoftwareUpdate': [{'name': 'asciijump', 'action': 'install', 'id': '5475369', 'version': '::apt', 'url': ' '}, {'name': 'robotfindskitten', 'action': 'install', 'id': '5474869', 'version': '::apt', 'url': ' '}, {'name': 'squirrel3', 'action': 'install', 'id': '5475279', 'version': '::apt', 'url': ' '}]}
12:03:29 INFO  State of operation 20232319 : PENDING
12:03:32 INFO  State of operation 20232319 : EXECUTING
12:03:34 INFO  State of operation 20232319 : EXECUTING
12:03:36 INFO  State of operation 20232319 : EXECUTING
12:03:38 INFO  State of operation 20232319 : EXECUTING
12:03:41 INFO  State of operation 20232319 : EXECUTING
12:03:43 INFO  State of operation 20232319 : EXECUTING
12:03:46 INFO  State of operation 20232319 : EXECUTING
12:03:48 INFO  State of operation 20232319 : EXECUTING
12:03:51 INFO  State of operation 20232319 : EXECUTING
12:03:53 INFO  State of operation 20232319 : EXECUTING
12:03:55 INFO  State of operation 20232319 : EXECUTING
12:03:57 INFO  State of operation 20232319 : EXECUTING
12:04:00 INFO  State of operation 20232319 : EXECUTING
12:04:02 INFO  State of operation 20232319 : EXECUTING
12:04:04 INFO  State of operation 20232319 : SUCCESSFUL
12:04:04 INFO  Assert that (False == value) with value=False ... passed
12:04:05 INFO  Package asciijump is installed
12:04:05 INFO  Assert that (True == value) with value=True ... passed
12:04:05 INFO  Package squirrel3 is installed
12:04:05 INFO  Assert that (True == value) with value=True ... passed
12:04:05 INFO  Package robotfindskitten is installed
12:04:05 INFO  Assert that (True == value) with value=True ... passed
12:04:05 INFO  Response status: 201
12:04:05 INFO  Response to action: {
    &quot;creationTime&quot;: &quot;2022-06-15T12:04:05.694Z&quot;,
    &quot;deviceName&quot;: &quot;m32sd10d&quot;,
    &quot;deviceId&quot;: &quot;20220945&quot;,
    &quot;self&quot;: &quot;https://t493319102.eu-latest.cumulocity.com/devicecontrol/operations/20232327&quot;,
    &quot;id&quot;: &quot;20232327&quot;,
    &quot;status&quot;: &quot;PENDING&quot;,
    &quot;description&quot;: &quot;Apply software changes, triggered from PySys: [{'action': 'delete', 'id': '5475369', 'name': 'asciijump', 'url': ' ', 'version': '::apt'}, {'action': 'delete', 'id': '5474869', 'name': 'robotfindskitten', 'url': ' ', 'version': '::apt'}, {'action': 'delete', 'id': '5475279', 'name': 'squirrel3', 'url': ' ', 'version': '::apt'}]&quot;,
    &quot;c8y_SoftwareUpdate&quot;: [
        {
            &quot;name&quot;: &quot;asciijump&quot;,
            &quot;action&quot;: &quot;delete&quot;,
            &quot;id&quot;: &quot;5475369&quot;,
            &quot;version&quot;: &quot;::apt&quot;,
            &quot;url&quot;: &quot; &quot;
        },
        {
            &quot;name&quot;: &quot;robotfindskitten&quot;,
            &quot;action&quot;: &quot;delete&quot;,
            &quot;id&quot;: &quot;5474869&quot;,
            &quot;version&quot;: &quot;::apt&quot;,
            &quot;url&quot;: &quot; &quot;
        },
        {
            &quot;name&quot;: &quot;squirrel3&quot;,
            &quot;action&quot;: &quot;delete&quot;,
            &quot;id&quot;: &quot;5475279&quot;,
            &quot;version&quot;: &quot;::apt&quot;,
            &quot;url&quot;: &quot; &quot;
        }
    ]
}
12:04:05 INFO  Started operation: {'creationTime': '2022-06-15T12:04:05.694Z', 'deviceName': 'm32sd10d', 'deviceId': '20220945', 'self': 'https://t493319102.eu-latest.cumulocity.com/devicecontrol/operations/20232327', 'id': '20232327', 'status': 'PENDING', 'description': &quot;Apply software changes, triggered from PySys: [{'action': 'delete', 'id': '5475369', 'name': 'asciijump', 'url': ' ', 'version': '::apt'}, {'action': 'delete', 'id': '5474869', 'name': 'robotfindskitten', 'url': ' ', 'version': '::apt'}, {'action': 'delete', 'id': '5475279', 'name': 'squirrel3', 'url': ' ', 'version': '::apt'}]&quot;, 'c8y_SoftwareUpdate': [{'name': 'asciijump', 'action': 'delete', 'id': '5475369', 'version': '::apt', 'url': ' '}, {'name': 'robotfindskitten', 'action': 'delete', 'id': '5474869', 'version': '::apt', 'url': ' '}, {'name': 'squirrel3', 'action': 'delete', 'id': '5475279', 'version': '::apt', 'url': ' '}]}
12:04:07 INFO  State of operation 20232327 : PENDING
12:04:10 INFO  State of operation 20232327 : EXECUTING
12:04:12 INFO  State of operation 20232327 : EXECUTING
12:04:14 INFO  State of operation 20232327 : EXECUTING
12:04:16 INFO  State of operation 20232327 : EXECUTING
12:04:19 INFO  State of operation 20232327 : EXECUTING
12:04:21 INFO  State of operation 20232327 : EXECUTING
12:04:24 INFO  State of operation 20232327 : EXECUTING
12:04:26 INFO  State of operation 20232327 : EXECUTING
12:04:29 INFO  State of operation 20232327 : EXECUTING
12:04:31 INFO  State of operation 20232327 : EXECUTING
12:04:33 INFO  State of operation 20232327 : EXECUTING
12:04:35 INFO  State of operation 20232327 : EXECUTING
12:04:37 INFO  State of operation 20232327 : EXECUTING
12:04:40 INFO  State of operation 20232327 : EXECUTING
12:04:42 INFO  State of operation 20232327 : EXECUTING
12:04:44 INFO  State of operation 20232327 : EXECUTING
12:04:47 INFO  State of operation 20232327 : EXECUTING
12:04:49 INFO  State of operation 20232327 : EXECUTING
12:04:52 INFO  State of operation 20232327 : EXECUTING
12:04:54 INFO  State of operation 20232327 : EXECUTING
12:04:56 INFO  State of operation 20232327 : EXECUTING
12:04:58 INFO  State of operation 20232327 : EXECUTING
12:05:01 INFO  State of operation 20232327 : EXECUTING
12:05:03 INFO  State of operation 20232327 : EXECUTING
12:05:06 INFO  State of operation 20232327 : EXECUTING
12:05:08 INFO  State of operation 20232327 : EXECUTING
12:05:10 INFO  State of operation 20232327 : EXECUTING
12:05:12 INFO  State of operation 20232327 : SUCCESSFUL
12:05:13 INFO  Assert that (False == value) with value=False ... passed
12:05:13 INFO  Assert that (False == value) with value=False ... passed
12:05:13 INFO  Assert that (False == value) with value=False ... passed
12:05:13 INFO  Assert that (False == value) with value=False ... passed
12:05:13 INFO  
12:05:13 INFO  cleanup:
12:05:17 INFO  Executed sudo&lt;tedge_disconnect_c8y&gt;, exit status 0
12:05:18 INFO  Executed systemctl&lt;serv_mapper5&gt;, exit status 3
12:05:18 INFO  
12:05:18 INFO  Test duration: 136.76 secs
12:05:18 INFO  Test final outcome:  FAILED
12:05:18 INFO  Test outcome reason: Assert that (False == value) with value=True (+2 other failures)
12:05:18 INFO  
</system-out>
	</testcase>
</testsuite>
