<?xml version="1.0" encoding="utf-8"?>
<testsuite failures="0" name="docker_plugin_finalize" skipped="1" tests="1" time="0.05" timestamp="2022-07-22T00:17:41">
	<testcase classname="DockerPluginFinalizeTest" name="docker_plugin_finalize">
		<skipped message="SKIPPED: Testing the docker plugin is not supported on this platform.To run it, all the test with -XmyPlatform='container'"/>
		<system-out>00:17:40 INFO  ==============================================================
00:17:40 INFO  Id:    docker_plugin_finalize
00:17:40 INFO  Dir:   plugin_docker/
00:17:40 INFO  Title: Validate docker plugin finalize command
00:17:40 INFO  ==============================================================
00:17:41 INFO  Testing the docker plugin is not supported on this platform.To run it, all the test with -XmyPlatform='container' ... skipped
00:17:41 WARN  Aborted test due to SKIPPED outcome
00:17:41 INFO  
00:17:41 INFO  Test duration: 0.05 secs
00:17:41 INFO  Test final outcome:  SKIPPED
00:17:41 INFO  Test outcome reason: Testing the docker plugin is not supported on this platform.To run it, all the test with -XmyPlatform='container'
00:17:41 INFO  
</system-out>
	</testcase>
</testsuite>
