<?xml version="1.0" encoding="utf-8"?>
<testsuite failures="0" name="apt_prepare" skipped="1" tests="1" time="0.02" timestamp="2022-06-08T12:58:58">
	<testcase classname="AptPluginPrepare" name="apt_prepare">
		<skipped message="SKIPPED: Testing the apt plugin is not supported on this platform.To run the tests call PySys with -XmyPlatform='container'"/>
		<system-out>12:58:58 INFO  ==============================================================
12:58:58 INFO  Id:    apt_prepare
12:58:58 INFO  Dir:   plugin_apt/
12:58:58 INFO  Title: Validate apt plugin install - dense version
12:58:58 INFO  ==============================================================
12:58:58 INFO  Testing the apt plugin is not supported on this platform.To run the tests call PySys with -XmyPlatform='container' ... skipped
12:58:58 WARN  Aborted test due to SKIPPED outcome
12:58:58 INFO  
12:58:58 INFO  Test duration: 0.02 secs
12:58:58 INFO  Test final outcome:  SKIPPED
12:58:58 INFO  Test outcome reason: Testing the apt plugin is not supported on this platform.To run the tests call PySys with -XmyPlatform='container'
12:58:58 INFO  
</system-out>
	</testcase>
</testsuite>
