<?xml version="1.0" encoding="utf-8"?>
<testsuite failures="0" name="docker_plugin_update" skipped="1" tests="1" time="0.03" timestamp="2022-06-29T11:54:52">
	<testcase classname="DockerPluginUpdateTest" name="docker_plugin_update">
		<skipped message="SKIPPED: Testing the docker plugin is not supported on this platform.To run it, all the test with -XmyPlatform='container'"/>
		<system-out>11:54:52 INFO  ==============================================================
11:54:52 INFO  Id:    docker_plugin_update
11:54:52 INFO  Dir:   plugin_docker/
11:54:52 INFO  Title: Validate docker plugin install updates existing containers
11:54:52 INFO  ==============================================================
11:54:52 INFO  Testing the docker plugin is not supported on this platform.To run it, all the test with -XmyPlatform='container' ... skipped
11:54:52 WARN  Aborted test due to SKIPPED outcome
11:54:52 INFO  
11:54:52 INFO  Test duration: 0.03 secs
11:54:52 INFO  Test final outcome:  SKIPPED
11:54:52 INFO  Test outcome reason: Testing the docker plugin is not supported on this platform.To run it, all the test with -XmyPlatform='container'
11:54:52 INFO  
</system-out>
	</testcase>
</testsuite>
