<?xml version="1.0" encoding="utf-8"?>
<testsuite failures="0" name="apt_sequence_remove_with_version_fail" skipped="1" tests="1" time="0.02" timestamp="2022-05-25T10:52:10">
	<testcase classname="AptPluginRemoveWithVersionFails" name="apt_sequence_remove_with_version_fail">
		<skipped message="SKIPPED: Testing the apt plugin is not supported on this platform.To run the tests call PySys with -XmyPlatform='container'"/>
		<system-out>10:52:10 INFO  ==============================================================
10:52:10 INFO  Id:    apt_sequence_remove_with_version_fail
10:52:10 INFO  Dir:   plugin_apt/
10:52:10 INFO  Title: Validate apt plugin remove with version fails when the version not found
10:52:10 INFO  ==============================================================
10:52:10 INFO  Testing the apt plugin is not supported on this platform.To run the tests call PySys with -XmyPlatform='container' ... skipped
10:52:10 WARN  Aborted test due to SKIPPED outcome
10:52:10 INFO  
10:52:10 INFO  Test duration: 0.02 secs
10:52:10 INFO  Test final outcome:  SKIPPED
10:52:10 INFO  Test outcome reason: Testing the apt plugin is not supported on this platform.To run the tests call PySys with -XmyPlatform='container'
10:52:10 INFO  
</system-out>
	</testcase>
</testsuite>
