<?xml version="1.0" encoding="utf-8"?>
<testsuite failures="0" name="SoftwareManagement.Plugin.apama_plugin_mon_support" skipped="1" tests="1" time="0.05" timestamp="2022-07-25T10:17:56">
	<testcase classname="ApamaPluginMonSupportTest" name="SoftwareManagement.Plugin.apama_plugin_mon_support">
		<skipped message="SKIPPED: Apama plugin tests are disabled by default. Execute `pysys run` with `-XmyPlatform=container` to run these tests"/>
		<system-out>10:17:56 INFO  ==============================================================
10:17:56 INFO  Id:    SoftwareManagement.Plugin.apama_plugin_mon_support
10:17:56 INFO  Dir:   plugin_apama/
10:17:56 INFO  Title: Validate mon file support of apama plugin
10:17:56 INFO  ==============================================================
10:17:56 INFO  Apama plugin tests are disabled by default. Execute `pysys run` with `-XmyPlatform=container` to run these tests ... skipped
10:17:56 WARN  Aborted test due to SKIPPED outcome
10:17:56 INFO  
10:17:56 INFO  Test duration: 0.05 secs
10:17:56 INFO  Test final outcome:  SKIPPED
10:17:56 INFO  Test outcome reason: Apama plugin tests are disabled by default. Execute `pysys run` with `-XmyPlatform=container` to run these tests
10:17:56 INFO  
</system-out>
	</testcase>
</testsuite>
