<?xml version="1.0" encoding="utf-8"?>
<testsuite failures="0" name="monitoring_with_collectd" skipped="1" tests="1" time="0.02" timestamp="2022-06-29T16:56:23">
	<testcase classname="MonitoringWithCollectd" name="monitoring_with_collectd">
		<skipped message="SKIPPED: Test execution disabled due to #792 (instable)"/>
		<system-out>16:56:23 INFO  ==============================================================
16:56:23 INFO  Id:    monitoring_with_collectd
16:56:23 INFO  Dir:   monitoring/
16:56:23 INFO  Title: Validate tedge dm agent messages that are produced by batching the collectd messages
16:56:23 INFO  ==============================================================
16:56:23 INFO  Test execution disabled due to #792 (instable) ... skipped
16:56:23 INFO  
16:56:23 INFO  Test duration: 0.02 secs
16:56:23 INFO  Test final outcome:  SKIPPED
16:56:23 INFO  Test outcome reason: Test execution disabled due to #792 (instable)
16:56:23 INFO  
</system-out>
	</testcase>
</testsuite>
