<?xml version="1.0" encoding="utf-8"?>
<testsuite failures="1" name="call_tedge_-h_-V" skipped="0" tests="1" time="0.48" timestamp="2022-07-21T16:29:22">
	<testcase classname="PySysTest" name="call_tedge_-h_-V">
		<failure message="FAILED: Grep on tedge.out contains &quot;tedge 0.6&quot;" type="FAILED"/>
		<system-out>16:29:21 INFO  ==============================================================
16:29:21 INFO  Id:    call_tedge_-h_-V
16:29:21 INFO  Dir:   tedge/
16:29:21 INFO  Title: Validate command line option -h -V
16:29:21 INFO  ==============================================================
16:29:22 INFO  Executed tedge, exit status 0
16:29:22 WARN  Grep on tedge.out contains &quot;tedge 0.6&quot; ... failed [run.py:32]
16:29:22 INFO  Grep on file tedge.out ... passed
16:29:22 INFO  
16:29:22 INFO  Test duration: 0.48 secs
16:29:22 INFO  Test final outcome:  FAILED
16:29:22 INFO  Test outcome reason: Grep on tedge.out contains &quot;tedge 0.6&quot;
16:29:22 INFO  
</system-out>
	</testcase>
</testsuite>
