<?xml version="1.0" encoding="utf-8"?>
<testsuite failures="0" name="valid_device_id" skipped="0" tests="1" time="48.6" timestamp="2022-06-17T08:36:29">
	<testcase classname="ValidateValidDeviceId" name="valid_device_id"/>
</testsuite>
