<?xml version="1.0" encoding="utf-8"?>
<testsuite failures="0" name="mqtt_port_change_connection_works" skipped="1" tests="1" time="0.02" timestamp="2022-06-22T15:48:28">
	<testcase classname="MqttPortChangeConnectionWorks" name="mqtt_port_change_connection_works">
		<skipped message="SKIPPED: failing intermitently"/>
		<system-out>15:48:28 INFO  ==============================================================
15:48:28 INFO  Id:    mqtt_port_change_connection_works
15:48:28 INFO  Dir:   misc_features/
15:48:28 INFO  Title: mqtt port change connection works for all the thin-edge services that use the mosquitto broker
15:48:28 INFO  ==============================================================
15:48:28 INFO  failing intermitently ... skipped
15:48:28 INFO  
15:48:28 INFO  Test duration: 0.02 secs
15:48:28 INFO  Test final outcome:  SKIPPED
15:48:28 INFO  Test outcome reason: failing intermitently
15:48:28 INFO  
</system-out>
	</testcase>
</testsuite>
