<?xml version="1.0" encoding="utf-8"?>
<testsuite failures="0" name="call_tedge_-h" skipped="0" tests="1" time="0.48" timestamp="2022-05-25T12:53:03">
	<testcase classname="PySysTest" name="call_tedge_-h"/>
</testsuite>
