<?xml version="1.0" encoding="utf-8"?>
<testsuite failures="0" name="monitoring_with_collectd" skipped="1" tests="1" time="0.03" timestamp="2022-07-21T18:24:27">
	<testcase classname="MonitoringWithCollectd" name="monitoring_with_collectd">
		<skipped message="SKIPPED: Test execution disabled due to #792 (instable)"/>
		<system-out>18:24:26 INFO  ==============================================================
18:24:26 INFO  Id:    monitoring_with_collectd
18:24:26 INFO  Dir:   monitoring/
18:24:26 INFO  Title: Validate tedge dm agent messages that are produced by batching the collectd messages
18:24:26 INFO  ==============================================================
18:24:26 INFO  Test execution disabled due to #792 (instable) ... skipped
18:24:27 INFO  
18:24:27 INFO  Test duration: 0.03 secs
18:24:27 INFO  Test final outcome:  SKIPPED
18:24:27 INFO  Test outcome reason: Test execution disabled due to #792 (instable)
18:24:27 INFO  
</system-out>
	</testcase>
</testsuite>
