<?xml version="1.0" encoding="utf-8"?>
<testsuite failures="1" name="tedge_mapper_c8y_packet_threshold_size" skipped="0" tests="1" time="2.95" timestamp="2022-07-21T22:59:46">
	<testcase classname="TedgeMapperC8yThresholdPacketSize" name="tedge_mapper_c8y_packet_threshold_size">
		<failure message="FAILED: Grep on tedge_sub.out contains &quot;The size of the message received on tedge/measurements is 20489 which is greater than the threshold size of 16184.&quot;" type="FAILED"/>
		<system-out>22:59:43 INFO  ==============================================================
22:59:43 INFO  Id:    tedge_mapper_c8y_packet_threshold_size
22:59:43 INFO  Dir:   tedge_mapper_c8y/
22:59:43 INFO  Title: Validate the Cumulocity Mapper accepted threshold packet size when it receives a message on tedge/measurements
22:59:43 INFO  ==============================================================
22:59:44 INFO  Executed sudo&lt;tedge_mapper_c8y&gt;, exit status 0
22:59:44 INFO  Started sudo&lt;tedge_sub&gt; with process id 26751
22:59:44 INFO  Executed sudo&lt;tedge_msg&gt;, exit status 0
22:59:45 INFO  Executed sudo&lt;tedge_pub&gt;, exit status 0
22:59:45 INFO  Executed sudo&lt;kill_out&gt;, exit status 0
22:59:45 WARN  Grep on tedge_sub.out contains &quot;The size of the message received on tedge/measurements is 20489 which is greater than the threshold size of 16184.&quot; ... failed [run.py:88]
22:59:45 INFO  
22:59:45 INFO  cleanup:
22:59:45 INFO  mapper_cleanup
22:59:46 INFO  Executed sudo&lt;tedge_mapper_c8y&gt;, exit status 0
22:59:46 INFO  
22:59:46 INFO  Test duration: 2.95 secs
22:59:46 INFO  Test final outcome:  FAILED
22:59:46 INFO  Test outcome reason: Grep on tedge_sub.out contains &quot;The size of the message received on tedge/measurements is 20489 which is greater than the threshold size of 16184.&quot;
22:59:46 INFO  
</system-out>
	</testcase>
</testsuite>
