<?xml version="1.0" encoding="utf-8"?>
<testsuite failures="1" name="tedge_mapper_c8y_packet_threshold_size" skipped="0" tests="1" time="3.01" timestamp="2022-07-26T07:31:40">
	<testcase classname="TedgeMapperC8yThresholdPacketSize" name="tedge_mapper_c8y_packet_threshold_size">
		<failure message="FAILED: Grep on tedge_sub.out contains &quot;The size of the message received on tedge/measurements is 20489 which is greater than the threshold size of 16184.&quot;" type="FAILED"/>
		<system-out>07:31:37 INFO  ==============================================================
07:31:37 INFO  Id:    tedge_mapper_c8y_packet_threshold_size
07:31:37 INFO  Dir:   tedge_mapper_c8y/
07:31:37 INFO  Title: Validate the Cumulocity Mapper accepted threshold packet size when it receives a message on tedge/measurements
07:31:37 INFO  ==============================================================
07:31:38 INFO  Executed sudo&lt;tedge_mapper_c8y&gt;, exit status 0
07:31:38 INFO  Started sudo&lt;tedge_sub&gt; with process id 29465
07:31:38 INFO  Executed sudo&lt;tedge_msg&gt;, exit status 0
07:31:39 INFO  Executed sudo&lt;tedge_pub&gt;, exit status 0
07:31:39 INFO  Executed sudo&lt;kill_out&gt;, exit status 0
07:31:39 WARN  Grep on tedge_sub.out contains &quot;The size of the message received on tedge/measurements is 20489 which is greater than the threshold size of 16184.&quot; ... failed [run.py:88]
07:31:39 INFO  
07:31:39 INFO  cleanup:
07:31:39 INFO  mapper_cleanup
07:31:40 INFO  Executed sudo&lt;tedge_mapper_c8y&gt;, exit status 0
07:31:40 INFO  
07:31:40 INFO  Test duration: 3.01 secs
07:31:40 INFO  Test final outcome:  FAILED
07:31:40 INFO  Test outcome reason: Grep on tedge_sub.out contains &quot;The size of the message received on tedge/measurements is 20489 which is greater than the threshold size of 16184.&quot;
07:31:40 INFO  
</system-out>
	</testcase>
</testsuite>
