<?xml version="1.0" encoding="utf-8"?>
<testsuite failures="1" name="mapper_awaits_before_reconnect" skipped="0" tests="1" time="9.46" timestamp="2022-07-21T12:04:03">
	<testcase classname="MapperReconnectAwait" name="mapper_awaits_before_reconnect">
		<failure message="FAILED: Line count on tedge_mapper_journal.out for &quot;tedge_mapper::core::mapper: MQTT connection error:&quot; expected &gt;=2 but got 0" type="FAILED"/>
		<system-out>12:03:53 INFO  ==============================================================
12:03:53 INFO  Id:    mapper_awaits_before_reconnect
12:03:53 INFO  Dir:   tedge_mapper_c8y/
12:03:53 INFO  Title: Validate mapper doesn't reconnect too often
12:03:53 INFO  ==============================================================
12:03:53 INFO  Started mosquitto_sub with process id 1316
12:03:53 INFO  Waiting for 0.1 seconds
12:03:54 INFO  Executed sudo&lt;tedge_mapper&gt;, exit status 0
12:03:54 INFO  Waiting for 5.0 seconds
12:04:00 INFO  Executed sudo&lt;tedge_mapper&gt;, exit status 0
12:04:03 INFO  Executed sudo&lt;tedge_mapper_journal&gt;, exit status 0
12:04:03 WARN  Grep on tedge_mapper_journal.out contains &quot;ERROR&quot; ... failed [run.py:67]
12:04:03 INFO  Line count on file tedge_mapper_journal.out ... passed
12:04:03 WARN  Line count on tedge_mapper_journal.out for &quot;tedge_mapper::core::mapper: MQTT connection error:&quot; expected &gt;=2 but got 0 ... failed [run.py:78]
12:04:03 WARN  Aborted test due to FAILED outcome
12:04:03 INFO  
12:04:03 INFO  Test duration: 9.46 secs
12:04:03 INFO  Test final outcome:  FAILED
12:04:03 INFO  Test outcome reason: Line count on tedge_mapper_journal.out for &quot;tedge_mapper::core::mapper: MQTT connection error:&quot; expected &gt;=2 but got 0
12:04:03 INFO  
</system-out>
	</testcase>
</testsuite>
