<?xml version="1.0" encoding="utf-8"?>
<testsuite failures="0" name="SoftwareManagement.Plugin.apama_plugin_mon_support" skipped="1" tests="1" time="0.02" timestamp="2022-05-23T19:07:42">
	<testcase classname="ApamaPluginMonSupportTest" name="SoftwareManagement.Plugin.apama_plugin_mon_support">
		<skipped message="SKIPPED: Apama plugin tests are disabled by default. Execute `pysys run` with `-XmyPlatform=container` to run these tests"/>
		<system-out>19:07:42 INFO  ==============================================================
19:07:42 INFO  Id:    SoftwareManagement.Plugin.apama_plugin_mon_support
19:07:42 INFO  Dir:   plugin_apama/
19:07:42 INFO  Title: Validate mon file support of apama plugin
19:07:42 INFO  ==============================================================
19:07:42 INFO  Apama plugin tests are disabled by default. Execute `pysys run` with `-XmyPlatform=container` to run these tests ... skipped
19:07:42 WARN  Aborted test due to SKIPPED outcome
19:07:42 INFO  
19:07:42 INFO  Test duration: 0.02 secs
19:07:42 INFO  Test final outcome:  SKIPPED
19:07:42 INFO  Test outcome reason: Apama plugin tests are disabled by default. Execute `pysys run` with `-XmyPlatform=container` to run these tests
19:07:42 INFO  
</system-out>
	</testcase>
</testsuite>
