<?xml version="1.0" encoding="utf-8"?>
<testsuite failures="0" name="call_tedge_-V" skipped="0" tests="1" time="0.56" timestamp="2022-07-16T17:25:58">
	<testcase classname="PySysTest" name="call_tedge_-V"/>
</testsuite>
