<?xml version="1.0" encoding="utf-8"?>
<testsuite failures="0" name="apt_install_local_file_fail" skipped="1" tests="1" time="0.03" timestamp="2022-07-22T15:48:11">
	<testcase classname="AptPluginInstallFromLocalFileFail" name="apt_install_local_file_fail">
		<skipped message="SKIPPED: Testing the apt plugin is not supported on this platform.To run the tests call PySys with -XmyPlatform='container'"/>
		<system-out>15:48:11 INFO  ==============================================================
15:48:11 INFO  Id:    apt_install_local_file_fail
15:48:11 INFO  Dir:   plugin_apt/
15:48:11 INFO  Title: Validate apt plugin install from local file - FAIL case
15:48:11 INFO  ==============================================================
15:48:11 INFO  Testing the apt plugin is not supported on this platform.To run the tests call PySys with -XmyPlatform='container' ... skipped
15:48:11 WARN  Aborted test due to SKIPPED outcome
15:48:11 INFO  
15:48:11 INFO  Test duration: 0.03 secs
15:48:11 INFO  Test final outcome:  SKIPPED
15:48:11 INFO  Test outcome reason: Testing the apt plugin is not supported on this platform.To run the tests call PySys with -XmyPlatform='container'
15:48:11 INFO  
</system-out>
	</testcase>
</testsuite>
