<?xml version="1.0" encoding="utf-8"?>
<testsuite failures="0" name="apt_remove" skipped="1" tests="1" time="0.02" timestamp="2022-05-23T16:47:32">
	<testcase classname="AptPluginRemoveDense" name="apt_remove">
		<skipped message="SKIPPED: Testing the apt plugin is not supported on this platform.To run the tests call PySys with -XmyPlatform='container'"/>
		<system-out>16:47:32 INFO  ==============================================================
16:47:32 INFO  Id:    apt_remove
16:47:32 INFO  Dir:   plugin_apt/
16:47:32 INFO  Title: Validate apt plugin prepare - dense version
16:47:32 INFO  ==============================================================
16:47:32 INFO  Testing the apt plugin is not supported on this platform.To run the tests call PySys with -XmyPlatform='container' ... skipped
16:47:32 WARN  Aborted test due to SKIPPED outcome
16:47:32 INFO  
16:47:32 INFO  Test duration: 0.02 secs
16:47:32 INFO  Test final outcome:  SKIPPED
16:47:32 INFO  Test outcome reason: Testing the apt plugin is not supported on this platform.To run the tests call PySys with -XmyPlatform='container'
16:47:32 INFO  
</system-out>
	</testcase>
</testsuite>
