<?xml version="1.0" encoding="utf-8"?>
<testsuite failures="0" name="apt_remove_fail" skipped="1" tests="1" time="0.02" timestamp="2022-07-22T03:51:08">
	<testcase classname="AptPluginRemoveFails" name="apt_remove_fail">
		<skipped message="SKIPPED: Testing the apt plugin is not supported on this platform.To run the tests call PySys with -XmyPlatform='container'"/>
		<system-out>03:51:08 INFO  ==============================================================
03:51:08 INFO  Id:    apt_remove_fail
03:51:08 INFO  Dir:   plugin_apt/
03:51:08 INFO  Title: Validate apt plugin prepare - failing
03:51:08 INFO  ==============================================================
03:51:08 INFO  Testing the apt plugin is not supported on this platform.To run the tests call PySys with -XmyPlatform='container' ... skipped
03:51:08 WARN  Aborted test due to SKIPPED outcome
03:51:08 INFO  
03:51:08 INFO  Test duration: 0.02 secs
03:51:08 INFO  Test final outcome:  SKIPPED
03:51:08 INFO  Test outcome reason: Testing the apt plugin is not supported on this platform.To run the tests call PySys with -XmyPlatform='container'
03:51:08 INFO  
</system-out>
	</testcase>
</testsuite>
