<?xml version="1.0" encoding="utf-8"?>
<testsuite failures="0" name="apt_sequence_install_with_version_fail" skipped="1" tests="1" time="0.02" timestamp="2022-06-20T14:58:59">
	<testcase classname="AptPluginInstallWithVersionFails" name="apt_sequence_install_with_version_fail">
		<skipped message="SKIPPED: Testing the apt plugin is not supported on this platform.To run the tests call PySys with -XmyPlatform='container'"/>
		<system-out>14:58:59 INFO  ==============================================================
14:58:59 INFO  Id:    apt_sequence_install_with_version_fail
14:58:59 INFO  Dir:   plugin_apt/
14:58:59 INFO  Title: Validate apt plugin install with version fails use case
14:58:59 INFO  ==============================================================
14:58:59 INFO  Testing the apt plugin is not supported on this platform.To run the tests call PySys with -XmyPlatform='container' ... skipped
14:58:59 WARN  Aborted test due to SKIPPED outcome
14:58:59 INFO  
14:58:59 INFO  Test duration: 0.02 secs
14:58:59 INFO  Test final outcome:  SKIPPED
14:58:59 INFO  Test outcome reason: Testing the apt plugin is not supported on this platform.To run the tests call PySys with -XmyPlatform='container'
14:58:59 INFO  
</system-out>
	</testcase>
</testsuite>
