<?xml version="1.0" encoding="utf-8"?>
<testsuite failures="0" name="smoketest_json" skipped="0" tests="1" time="44.92" timestamp="2022-05-20T11:17:58">
	<testcase classname="SmokeTestJson" name="smoketest_json"/>
</testsuite>
