<?xml version="1.0" encoding="utf-8"?>
<testsuite failures="0" name="apt_finalize" skipped="1" tests="1" time="0.02" timestamp="2022-07-21T21:15:09">
	<testcase classname="AptPluginFinalize" name="apt_finalize">
		<skipped message="SKIPPED: Testing the apt plugin is not supported on this platform.To run the tests call PySys with -XmyPlatform='container'"/>
		<system-out>21:15:09 INFO  ==============================================================
21:15:09 INFO  Id:    apt_finalize
21:15:09 INFO  Dir:   plugin_apt/
21:15:09 INFO  Title: Validate apt plugin finalize - dense version
21:15:09 INFO  ==============================================================
21:15:09 INFO  Testing the apt plugin is not supported on this platform.To run the tests call PySys with -XmyPlatform='container' ... skipped
21:15:09 WARN  Aborted test due to SKIPPED outcome
21:15:09 INFO  
21:15:09 INFO  Test duration: 0.02 secs
21:15:09 INFO  Test final outcome:  SKIPPED
21:15:09 INFO  Test outcome reason: Testing the apt plugin is not supported on this platform.To run the tests call PySys with -XmyPlatform='container'
21:15:09 INFO  
</system-out>
	</testcase>
</testsuite>
