<?xml version="1.0" encoding="utf-8"?>
<testsuite failures="0" name="apt_install_local_file_fail" skipped="1" tests="1" time="0.02" timestamp="2022-07-21T18:24:32">
	<testcase classname="AptPluginInstallFromLocalFileFail" name="apt_install_local_file_fail">
		<skipped message="SKIPPED: Testing the apt plugin is not supported on this platform.To run the tests call PySys with -XmyPlatform='container'"/>
		<system-out>18:24:32 INFO  ==============================================================
18:24:32 INFO  Id:    apt_install_local_file_fail
18:24:32 INFO  Dir:   plugin_apt/
18:24:32 INFO  Title: Validate apt plugin install from local file - FAIL case
18:24:32 INFO  ==============================================================
18:24:32 INFO  Testing the apt plugin is not supported on this platform.To run the tests call PySys with -XmyPlatform='container' ... skipped
18:24:32 WARN  Aborted test due to SKIPPED outcome
18:24:32 INFO  
18:24:32 INFO  Test duration: 0.02 secs
18:24:32 INFO  Test final outcome:  SKIPPED
18:24:32 INFO  Test outcome reason: Testing the apt plugin is not supported on this platform.To run the tests call PySys with -XmyPlatform='container'
18:24:32 INFO  
</system-out>
	</testcase>
</testsuite>
