<?xml version="1.0" encoding="utf-8"?>
<testsuite failures="1" name="agent_init_session" skipped="0" tests="1" time="5.94" timestamp="2022-07-25T11:59:21">
	<testcase classname="AgentInitSession" name="agent_init_session">
		<failure message="FAILED: Grep on sub_resp.out contains &quot;Ld3KgqpcLDlrYH6sfpG7w&quot;" type="FAILED"/>
		<system-out>11:59:15 INFO  ==============================================================
11:59:15 INFO  Id:    agent_init_session
11:59:15 INFO  Dir:   tedge_agent/
11:59:15 INFO  Title: Validate tedge agent init session feature
11:59:15 INFO  ==============================================================
11:59:16 INFO  Executed sudo&lt;remove_lock&gt;, exit status 0
11:59:16 INFO  Executed sudo&lt;agent_clear&gt;, exit status 0
11:59:17 INFO  Executed sudo&lt;agent_init&gt;, exit status 0
11:59:18 INFO  Executed sudo&lt;pub_req&gt;, exit status 0
11:59:18 INFO  Started sudo&lt;sub_resp&gt; with process id 6441
11:59:18 INFO  Executed sudo&lt;agent_start&gt;, exit status 0
11:59:18 INFO  Waiting for 2.0 seconds
11:59:21 INFO  Executed sudo&lt;agent_stop&gt;, exit status 0
11:59:21 INFO  Executed sudo&lt;sub_stop&gt;, exit status 0
11:59:21 WARN  Grep on sub_resp.out contains &quot;Ld3KgqpcLDlrYH6sfpG7w&quot; ... failed [run.py:87]
11:59:21 INFO  
11:59:21 INFO  Test duration: 5.94 secs
11:59:21 INFO  Test final outcome:  FAILED
11:59:21 INFO  Test outcome reason: Grep on sub_resp.out contains &quot;Ld3KgqpcLDlrYH6sfpG7w&quot;
11:59:21 INFO  
</system-out>
	</testcase>
</testsuite>
