<?xml version="1.0" encoding="utf-8"?>
<testsuite failures="0" name="apt_finalize" skipped="1" tests="1" time="0.02" timestamp="2022-07-22T00:17:36">
	<testcase classname="AptPluginFinalize" name="apt_finalize">
		<skipped message="SKIPPED: Testing the apt plugin is not supported on this platform.To run the tests call PySys with -XmyPlatform='container'"/>
		<system-out>00:17:36 INFO  ==============================================================
00:17:36 INFO  Id:    apt_finalize
00:17:36 INFO  Dir:   plugin_apt/
00:17:36 INFO  Title: Validate apt plugin finalize - dense version
00:17:36 INFO  ==============================================================
00:17:36 INFO  Testing the apt plugin is not supported on this platform.To run the tests call PySys with -XmyPlatform='container' ... skipped
00:17:36 WARN  Aborted test due to SKIPPED outcome
00:17:36 INFO  
00:17:36 INFO  Test duration: 0.02 secs
00:17:36 INFO  Test final outcome:  SKIPPED
00:17:36 INFO  Test outcome reason: Testing the apt plugin is not supported on this platform.To run the tests call PySys with -XmyPlatform='container'
00:17:36 INFO  
</system-out>
	</testcase>
</testsuite>
