<?xml version="1.0" encoding="utf-8"?>
<testsuite failures="0" name="SoftwareManagement.Plugin.apama_plugin_mon_support" skipped="1" tests="1" time="0.02" timestamp="2022-07-21T14:50:01">
	<testcase classname="ApamaPluginMonSupportTest" name="SoftwareManagement.Plugin.apama_plugin_mon_support">
		<skipped message="SKIPPED: Apama plugin tests are disabled by default. Execute `pysys run` with `-XmyPlatform=container` to run these tests"/>
		<system-out>14:50:01 INFO  ==============================================================
14:50:01 INFO  Id:    SoftwareManagement.Plugin.apama_plugin_mon_support
14:50:01 INFO  Dir:   plugin_apama/
14:50:01 INFO  Title: Validate mon file support of apama plugin
14:50:01 INFO  ==============================================================
14:50:01 INFO  Apama plugin tests are disabled by default. Execute `pysys run` with `-XmyPlatform=container` to run these tests ... skipped
14:50:01 WARN  Aborted test due to SKIPPED outcome
14:50:01 INFO  
14:50:01 INFO  Test duration: 0.02 secs
14:50:01 INFO  Test final outcome:  SKIPPED
14:50:01 INFO  Test outcome reason: Apama plugin tests are disabled by default. Execute `pysys run` with `-XmyPlatform=container` to run these tests
14:50:01 INFO  
</system-out>
	</testcase>
</testsuite>
