<?xml version="1.0" encoding="utf-8"?>
<testsuite failures="1" name="local_mqtt_pub_sub_retain" skipped="0" tests="1" time="9.99" timestamp="2022-07-16T11:28:16">
	<testcase classname="MqttPublishWithRetain" name="local_mqtt_pub_sub_retain">
		<failure message="FAILED: Grep on temp_sensor_sub.out contains &quot;\[test/alarms/temp_sensor\] alarm msg 2&quot; (+1 other failures)" type="FAILED"/>
		<system-out>11:28:06 INFO  ==============================================================
11:28:06 INFO  Id:    local_mqtt_pub_sub_retain
11:28:06 INFO  Dir:   local_mqtt/
11:28:06 INFO  Title: Validate local publishing with retain flag
11:28:06 INFO  ==============================================================
11:28:06 INFO  Executed tedge&lt;pub_to_set_alarm&gt;, exit status 0
11:28:06 INFO  Executed tedge&lt;pub_to_set_alarm&gt;, exit status 0
11:28:08 INFO  Started tedge&lt;temp_sensor_sub&gt; with process id 2204
11:28:08 INFO  Executed tedge&lt;pub_to_clear_alarm&gt;, exit status 0
11:28:13 INFO  Executed sudo&lt;kill_out&gt;, exit status 0
11:28:14 INFO  Executed tedge&lt;pub_to_clear_alarm&gt;, exit status 0
11:28:14 INFO  Started tedge&lt;temp_sensor_empty_message&gt; with process id 2211
11:28:15 INFO  Executed sudo&lt;kill_out&gt;, exit status 0
11:28:16 WARN  Grep on temp_sensor_sub.out contains &quot;\[test/alarms/temp_sensor\] alarm msg 2&quot; ... failed [run.py:139]
11:28:16 WARN  Grep on temp_sensor_sub.out contains &quot;\[test/alarms/temp_sensor\] &quot; ... failed [run.py:142]
11:28:16 INFO  Grep on file temp_sensor_empty_message.out ... passed
11:28:16 INFO  
11:28:16 INFO  Test duration: 9.99 secs
11:28:16 INFO  Test final outcome:  FAILED
11:28:16 INFO  Test outcome reason: Grep on temp_sensor_sub.out contains &quot;\[test/alarms/temp_sensor\] alarm msg 2&quot; (+1 other failures)
11:28:16 INFO  
</system-out>
	</testcase>
</testsuite>
