<?xml version="1.0" encoding="utf-8"?>
<testsuite failures="0" name="SoftwareManagement.Plugin.apama_plugin_mon_support" skipped="1" tests="1" time="0.05" timestamp="2022-05-25T10:52:06">
	<testcase classname="ApamaPluginMonSupportTest" name="SoftwareManagement.Plugin.apama_plugin_mon_support">
		<skipped message="SKIPPED: Apama plugin tests are disabled by default. Execute `pysys run` with `-XmyPlatform=container` to run these tests"/>
		<system-out>10:52:06 INFO  ==============================================================
10:52:06 INFO  Id:    SoftwareManagement.Plugin.apama_plugin_mon_support
10:52:06 INFO  Dir:   plugin_apama/
10:52:06 INFO  Title: Validate mon file support of apama plugin
10:52:06 INFO  ==============================================================
10:52:06 INFO  Apama plugin tests are disabled by default. Execute `pysys run` with `-XmyPlatform=container` to run these tests ... skipped
10:52:06 WARN  Aborted test due to SKIPPED outcome
10:52:06 INFO  
10:52:06 INFO  Test duration: 0.05 secs
10:52:06 INFO  Test final outcome:  SKIPPED
10:52:06 INFO  Test outcome reason: Apama plugin tests are disabled by default. Execute `pysys run` with `-XmyPlatform=container` to run these tests
10:52:06 INFO  
</system-out>
	</testcase>
</testsuite>
