<?xml version="1.0" encoding="utf-8"?>
<testsuite failures="0" name="SoftwareManagement.Plugin.apama_plugin_update" skipped="1" tests="1" time="0.05" timestamp="2022-05-24T15:37:59">
	<testcase classname="ApamaPluginUpdateTest" name="SoftwareManagement.Plugin.apama_plugin_update">
		<skipped message="SKIPPED: Apama plugin tests are disabled by default. Execute `pysys run` with `-XmyPlatform=container` to run these tests"/>
		<system-out>15:37:59 INFO  ==============================================================
15:37:59 INFO  Id:    SoftwareManagement.Plugin.apama_plugin_update
15:37:59 INFO  Dir:   plugin_apama/
15:37:59 INFO  Title: Validate apama plugin updating one project with another
15:37:59 INFO  ==============================================================
15:37:59 INFO  Apama plugin tests are disabled by default. Execute `pysys run` with `-XmyPlatform=container` to run these tests ... skipped
15:37:59 WARN  Aborted test due to SKIPPED outcome
15:37:59 INFO  
15:37:59 INFO  Test duration: 0.05 secs
15:37:59 INFO  Test final outcome:  SKIPPED
15:37:59 INFO  Test outcome reason: Apama plugin tests are disabled by default. Execute `pysys run` with `-XmyPlatform=container` to run these tests
15:37:59 INFO  
</system-out>
	</testcase>
</testsuite>
