<?xml version="1.0" encoding="utf-8"?>
<testsuite failures="0" name="apt_wrong_option" skipped="1" tests="1" time="0.02" timestamp="2022-07-25T08:30:57">
	<testcase classname="AptPluginWrongOption" name="apt_wrong_option">
		<skipped message="SKIPPED: Testing the apt plugin is not supported on this platform.To run the tests call PySys with -XmyPlatform='container'"/>
		<system-out>08:30:57 INFO  ==============================================================
08:30:57 INFO  Id:    apt_wrong_option
08:30:57 INFO  Dir:   plugin_apt/
08:30:57 INFO  Title: Validate apt plugin install
08:30:57 INFO  ==============================================================
08:30:57 INFO  Testing the apt plugin is not supported on this platform.To run the tests call PySys with -XmyPlatform='container' ... skipped
08:30:57 WARN  Aborted test due to SKIPPED outcome
08:30:57 INFO  
08:30:57 INFO  Test duration: 0.02 secs
08:30:57 INFO  Test final outcome:  SKIPPED
08:30:57 INFO  Test outcome reason: Testing the apt plugin is not supported on this platform.To run the tests call PySys with -XmyPlatform='container'
08:30:57 INFO  
</system-out>
	</testcase>
</testsuite>
