<?xml version="1.0" encoding="utf-8"?>
<testsuite failures="1" name="log_request_num_lines" skipped="0" tests="1" time="33.18" timestamp="2022-06-08T12:57:32">
	<testcase classname="LogRequestVerifyNumberOfLines" name="log_request_num_lines">
		<failure message="BLOCKED: TypeError: 'NoneType' object is not subscriptable" type="BLOCKED"/>
		<system-out>12:56:59 INFO  ==============================================================
12:56:59 INFO  Id:    log_request_num_lines
12:56:59 INFO  Dir:   log_request_end_to_end/
12:56:59 INFO  Title: Validate end to end behaviour for the log request operation check for number of lines
12:56:59 INFO  ==============================================================
12:56:59 INFO  EnvironmentC8y Setup
12:56:59 INFO  Executed systemctl&lt;serv_mapper1&gt;, exit status 3
12:56:59 INFO  Restarting mosquitto too frequently in the last 10 seconds. It was only up for 4 seconds
12:56:59 INFO  Delaying execution by 7 seconds
12:57:21 INFO  Executed sudo&lt;tedge_connect_c8y&gt;, exit status 0, duration 14 secs
12:57:22 INFO  Executed sudo&lt;tedge_connect_c8y_test&gt;, exit status 0
12:57:22 INFO  Executed systemctl&lt;serv_mosq2&gt;, exit status 0
12:57:23 INFO  Executed systemctl&lt;serv_mapper3&gt;, exit status 0
12:57:23 INFO  Executed sudo&lt;rm_logs&gt;, exit status 0
12:57:24 INFO  Executed sudo&lt;move_logs&gt;, exit status 0
12:57:24 INFO  Executed sudo&lt;log_file_daemon&gt;, exit status 0
12:57:25 WARN  TypeError occurred while running test - 'NoneType' object is not subscriptable
Traceback (most recent call last):
  File &quot;/home/pi/env-pysys/lib/python3.7/site-packages/pysys/baserunner.py&quot;, line 1294, in __call__
    self.testObj.execute()
  File &quot;/home/pi/actions-runner/_work/thin-edge.io/thin-edge.io/tests/PySys/log_request_end_to_end/log_request_num_lines/run.py&quot;, line 46, in execute
    log_file_request_payload, self.project.deviceid
  File &quot;/home/pi/actions-runner/_work/thin-edge.io/thin-edge.io/tests/PySys/environments/cumulocity.py&quot;, line 101, in trigger_log_request
    &quot;deviceId&quot;: self.device_fragment[&quot;id&quot;],
TypeError: 'NoneType' object is not subscriptable
12:57:25 WARN  TypeError: 'NoneType' object is not subscriptable ... blocked 
12:57:25 INFO  
12:57:25 INFO  cleanup:
12:57:26 INFO  Executed sudo&lt;rm_logs&gt;, exit status 0
12:57:26 INFO  Executed sudo&lt;rm_tmp_logs&gt;, exit status 0
12:57:27 INFO  Executed sudo&lt;send_failed&gt;, exit status 0
12:57:27 INFO  Executed sudo&lt;log_file_daemon&gt;, exit status 0
12:57:31 INFO  Executed sudo&lt;tedge_disconnect_c8y&gt;, exit status 0
12:57:32 INFO  Executed systemctl&lt;serv_mapper5&gt;, exit status 3
12:57:32 INFO  
12:57:32 INFO  Test duration: 33.18 secs
12:57:32 INFO  Test final outcome:  BLOCKED
12:57:32 INFO  Test outcome reason: TypeError: 'NoneType' object is not subscriptable
12:57:32 INFO  
</system-out>
	</testcase>
</testsuite>
