<?xml version="1.0" encoding="utf-8"?>
<testsuite failures="1" name="agent_init_session" skipped="0" tests="1" time="5.91" timestamp="2022-05-23T16:58:06">
	<testcase classname="AgentInitSession" name="agent_init_session">
		<failure message="FAILED: Grep on sub_resp.out contains &quot;Ld3KgqpcLDlrYH6sfpG7w&quot;" type="FAILED"/>
		<system-out>16:58:01 INFO  ==============================================================
16:58:01 INFO  Id:    agent_init_session
16:58:01 INFO  Dir:   tedge_agent/
16:58:01 INFO  Title: Validate tedge agent init session feature
16:58:01 INFO  ==============================================================
16:58:01 INFO  Executed sudo&lt;remove_lock&gt;, exit status 0
16:58:02 INFO  Executed sudo&lt;agent_clear&gt;, exit status 0
16:58:02 INFO  Executed sudo&lt;agent_init&gt;, exit status 0
16:58:03 INFO  Executed sudo&lt;pub_req&gt;, exit status 0
16:58:03 INFO  Started sudo&lt;sub_resp&gt; with process id 5134
16:58:03 INFO  Executed sudo&lt;agent_start&gt;, exit status 0
16:58:03 INFO  Waiting for 2.0 seconds
16:58:06 INFO  Executed sudo&lt;agent_stop&gt;, exit status 0
16:58:06 INFO  Executed sudo&lt;sub_stop&gt;, exit status 0
16:58:06 WARN  Grep on sub_resp.out contains &quot;Ld3KgqpcLDlrYH6sfpG7w&quot; ... failed [run.py:87]
16:58:06 INFO  
16:58:06 INFO  Test duration: 5.91 secs
16:58:06 INFO  Test final outcome:  FAILED
16:58:06 INFO  Test outcome reason: Grep on sub_resp.out contains &quot;Ld3KgqpcLDlrYH6sfpG7w&quot;
16:58:06 INFO  
</system-out>
	</testcase>
</testsuite>
