<?xml version="1.0" encoding="utf-8"?>
<testsuite failures="0" name="SoftwareManagement.sm_apt_install_fail" skipped="1" tests="1" time="0.02" timestamp="2022-07-21T22:54:54">
	<testcase classname="PySysTest" name="SoftwareManagement.sm_apt_install_fail">
		<skipped message="SKIPPED: Testing the apt plugin is not supported on this platform.Use parameter -XmyPlatform='container' to enable it"/>
		<system-out>22:54:54 INFO  ==============================================================
22:54:54 INFO  Id:    SoftwareManagement.sm_apt_install_fail
22:54:54 INFO  Dir:   software_management_end_to_end/
22:54:54 INFO  Title: Validate end to end behaviour for a failing installation
22:54:54 INFO  ==============================================================
22:54:54 INFO  Testing the apt plugin is not supported on this platform.Use parameter -XmyPlatform='container' to enable it ... skipped
22:54:54 WARN  Aborted test due to SKIPPED outcome
22:54:54 INFO  
22:54:54 INFO  Test duration: 0.02 secs
22:54:54 INFO  Test final outcome:  SKIPPED
22:54:54 INFO  Test outcome reason: Testing the apt plugin is not supported on this platform.Use parameter -XmyPlatform='container' to enable it
22:54:54 INFO  
</system-out>
	</testcase>
</testsuite>
