<?xml version="1.0" encoding="utf-8"?>
<testsuite failures="1" name="mapper_awaits_before_reconnect" skipped="0" tests="1" time="9.98" timestamp="2022-07-01T07:04:23">
	<testcase classname="MapperReconnectAwait" name="mapper_awaits_before_reconnect">
		<failure message="FAILED: Line count on tedge_mapper_journal.out for &quot;tedge_mapper::core::mapper: MQTT connection error:&quot; expected &gt;=2 but got 0" type="FAILED"/>
		<system-out>07:04:13 INFO  ==============================================================
07:04:13 INFO  Id:    mapper_awaits_before_reconnect
07:04:13 INFO  Dir:   tedge_mapper_c8y/
07:04:13 INFO  Title: Validate mapper doesn't reconnect too often
07:04:13 INFO  ==============================================================
07:04:13 INFO  Started mosquitto_sub with process id 16395
07:04:13 INFO  Waiting for 0.1 seconds
07:04:14 INFO  Executed sudo&lt;tedge_mapper&gt;, exit status 0
07:04:14 INFO  Waiting for 5.0 seconds
07:04:19 INFO  Executed sudo&lt;tedge_mapper&gt;, exit status 0
07:04:23 INFO  Executed sudo&lt;tedge_mapper_journal&gt;, exit status 0
07:04:23 WARN  Grep on tedge_mapper_journal.out contains &quot;ERROR&quot; ... failed [run.py:67]
07:04:23 INFO  Line count on file tedge_mapper_journal.out ... passed
07:04:23 WARN  Line count on tedge_mapper_journal.out for &quot;tedge_mapper::core::mapper: MQTT connection error:&quot; expected &gt;=2 but got 0 ... failed [run.py:78]
07:04:23 WARN  Aborted test due to FAILED outcome
07:04:23 INFO  
07:04:23 INFO  Test duration: 9.98 secs
07:04:23 INFO  Test final outcome:  FAILED
07:04:23 INFO  Test outcome reason: Line count on tedge_mapper_journal.out for &quot;tedge_mapper::core::mapper: MQTT connection error:&quot; expected &gt;=2 but got 0
07:04:23 INFO  
</system-out>
	</testcase>
</testsuite>
