<?xml version="1.0" encoding="utf-8"?>
<testsuite failures="0" name="SoftwareManagement.Plugin.apama_plugin_install" skipped="1" tests="1" time="0.08" timestamp="2022-05-24T15:37:58">
	<testcase classname="ApamaPluginInstallTest" name="SoftwareManagement.Plugin.apama_plugin_install">
		<skipped message="SKIPPED: Apama plugin tests are disabled by default. Execute `pysys run` with `-XmyPlatform=container` to run these tests"/>
		<system-out>15:37:58 INFO  ==============================================================
15:37:58 INFO  Id:    SoftwareManagement.Plugin.apama_plugin_install
15:37:58 INFO  Dir:   plugin_apama/
15:37:58 INFO  Title: Validate apama plugin install
15:37:58 INFO  ==============================================================
15:37:58 INFO  Apama plugin tests are disabled by default. Execute `pysys run` with `-XmyPlatform=container` to run these tests ... skipped
15:37:58 WARN  Aborted test due to SKIPPED outcome
15:37:58 INFO  
15:37:58 INFO  Test duration: 0.08 secs
15:37:58 INFO  Test final outcome:  SKIPPED
15:37:58 INFO  Test outcome reason: Apama plugin tests are disabled by default. Execute `pysys run` with `-XmyPlatform=container` to run these tests
15:37:58 INFO  
</system-out>
	</testcase>
</testsuite>
