<?xml version="1.0" encoding="utf-8"?>
<testsuite failures="0" name="docker_plugin_finalize" skipped="1" tests="1" time="0.05" timestamp="2022-06-22T18:46:58">
	<testcase classname="DockerPluginFinalizeTest" name="docker_plugin_finalize">
		<skipped message="SKIPPED: Testing the docker plugin is not supported on this platform.To run it, all the test with -XmyPlatform='container'"/>
		<system-out>18:46:58 INFO  ==============================================================
18:46:58 INFO  Id:    docker_plugin_finalize
18:46:58 INFO  Dir:   plugin_docker/
18:46:58 INFO  Title: Validate docker plugin finalize command
18:46:58 INFO  ==============================================================
18:46:58 INFO  Testing the docker plugin is not supported on this platform.To run it, all the test with -XmyPlatform='container' ... skipped
18:46:58 WARN  Aborted test due to SKIPPED outcome
18:46:58 INFO  
18:46:58 INFO  Test duration: 0.05 secs
18:46:58 INFO  Test final outcome:  SKIPPED
18:46:58 INFO  Test outcome reason: Testing the docker plugin is not supported on this platform.To run it, all the test with -XmyPlatform='container'
18:46:58 INFO  
</system-out>
	</testcase>
</testsuite>
