<?xml version="1.0" encoding="utf-8"?>
<testsuite failures="0" name="SoftwareManagement.Plugin.apama_plugin_update" skipped="1" tests="1" time="0.03" timestamp="2022-07-01T06:51:31">
	<testcase classname="ApamaPluginUpdateTest" name="SoftwareManagement.Plugin.apama_plugin_update">
		<skipped message="SKIPPED: Apama plugin tests are disabled by default. Execute `pysys run` with `-XmyPlatform=container` to run these tests"/>
		<system-out>06:51:31 INFO  ==============================================================
06:51:31 INFO  Id:    SoftwareManagement.Plugin.apama_plugin_update
06:51:31 INFO  Dir:   plugin_apama/
06:51:31 INFO  Title: Validate apama plugin updating one project with another
06:51:31 INFO  ==============================================================
06:51:31 INFO  Apama plugin tests are disabled by default. Execute `pysys run` with `-XmyPlatform=container` to run these tests ... skipped
06:51:31 WARN  Aborted test due to SKIPPED outcome
06:51:31 INFO  
06:51:31 INFO  Test duration: 0.03 secs
06:51:31 INFO  Test final outcome:  SKIPPED
06:51:31 INFO  Test outcome reason: Apama plugin tests are disabled by default. Execute `pysys run` with `-XmyPlatform=container` to run these tests
06:51:31 INFO  
</system-out>
	</testcase>
</testsuite>
