<?xml version="1.0" encoding="utf-8"?>
<testsuite failures="0" name="smoketest_json" skipped="0" tests="1" time="46.08" timestamp="2022-07-22T07:29:38">
	<testcase classname="SmokeTestJson" name="smoketest_json"/>
</testsuite>
