<?xml version="1.0" encoding="utf-8"?>
<testsuite failures="0" name="apt_remove" skipped="1" tests="1" time="0.02" timestamp="2022-07-22T00:17:40">
	<testcase classname="AptPluginRemoveDense" name="apt_remove">
		<skipped message="SKIPPED: Testing the apt plugin is not supported on this platform.To run the tests call PySys with -XmyPlatform='container'"/>
		<system-out>00:17:40 INFO  ==============================================================
00:17:40 INFO  Id:    apt_remove
00:17:40 INFO  Dir:   plugin_apt/
00:17:40 INFO  Title: Validate apt plugin prepare - dense version
00:17:40 INFO  ==============================================================
00:17:40 INFO  Testing the apt plugin is not supported on this platform.To run the tests call PySys with -XmyPlatform='container' ... skipped
00:17:40 WARN  Aborted test due to SKIPPED outcome
00:17:40 INFO  
00:17:40 INFO  Test duration: 0.02 secs
00:17:40 INFO  Test final outcome:  SKIPPED
00:17:40 INFO  Test outcome reason: Testing the apt plugin is not supported on this platform.To run the tests call PySys with -XmyPlatform='container'
00:17:40 INFO  
</system-out>
	</testcase>
</testsuite>
