<?xml version="1.0" encoding="utf-8"?>
<testsuite failures="0" name="apt_install_local_file_with_version" skipped="1" tests="1" time="0.02" timestamp="2022-05-20T11:14:37">
	<testcase classname="AptPluginInstallFromLocalFileWithVersion" name="apt_install_local_file_with_version">
		<skipped message="SKIPPED: Testing the apt plugin is not supported on this platform.To run the tests call PySys with -XmyPlatform='container'"/>
		<system-out>11:14:37 INFO  ==============================================================
11:14:37 INFO  Id:    apt_install_local_file_with_version
11:14:37 INFO  Dir:   plugin_apt/
11:14:37 INFO  Title: Validate apt plugin install from local file AND with a version - SUCCESS case
11:14:37 INFO  ==============================================================
11:14:37 INFO  Testing the apt plugin is not supported on this platform.To run the tests call PySys with -XmyPlatform='container' ... skipped
11:14:37 WARN  Aborted test due to SKIPPED outcome
11:14:37 INFO  
11:14:37 INFO  Test duration: 0.02 secs
11:14:37 INFO  Test final outcome:  SKIPPED
11:14:37 INFO  Test outcome reason: Testing the apt plugin is not supported on this platform.To run the tests call PySys with -XmyPlatform='container'
11:14:37 INFO  
</system-out>
	</testcase>
</testsuite>
