<?xml version="1.0" encoding="utf-8"?>
<testsuite failures="0" name="monitoring_with_collectd" skipped="1" tests="1" time="0.02" timestamp="2022-07-16T17:16:10">
	<testcase classname="MonitoringWithCollectd" name="monitoring_with_collectd">
		<skipped message="SKIPPED: Test execution disabled due to #792 (instable)"/>
		<system-out>17:16:09 INFO  ==============================================================
17:16:09 INFO  Id:    monitoring_with_collectd
17:16:09 INFO  Dir:   monitoring/
17:16:09 INFO  Title: Validate tedge dm agent messages that are produced by batching the collectd messages
17:16:09 INFO  ==============================================================
17:16:09 INFO  Test execution disabled due to #792 (instable) ... skipped
17:16:09 INFO  
17:16:09 INFO  Test duration: 0.02 secs
17:16:09 INFO  Test final outcome:  SKIPPED
17:16:09 INFO  Test outcome reason: Test execution disabled due to #792 (instable)
17:16:09 INFO  
</system-out>
	</testcase>
</testsuite>
