<?xml version="1.0" encoding="utf-8"?>
<testsuite failures="0" name="local_mqtt_pub_fail_noqos" skipped="0" tests="1" time="1.77" timestamp="2022-05-25T10:47:43">
	<testcase classname="PySysTest" name="local_mqtt_pub_fail_noqos"/>
</testsuite>
