<?xml version="1.0" encoding="utf-8"?>
<testsuite failures="0" name="apt_wrong_option" skipped="1" tests="1" time="0.03" timestamp="2022-07-25T13:33:05">
	<testcase classname="AptPluginWrongOption" name="apt_wrong_option">
		<skipped message="SKIPPED: Testing the apt plugin is not supported on this platform.To run the tests call PySys with -XmyPlatform='container'"/>
		<system-out>13:33:04 INFO  ==============================================================
13:33:04 INFO  Id:    apt_wrong_option
13:33:04 INFO  Dir:   plugin_apt/
13:33:04 INFO  Title: Validate apt plugin install
13:33:04 INFO  ==============================================================
13:33:04 INFO  Testing the apt plugin is not supported on this platform.To run the tests call PySys with -XmyPlatform='container' ... skipped
13:33:04 WARN  Aborted test due to SKIPPED outcome
13:33:04 INFO  
13:33:04 INFO  Test duration: 0.03 secs
13:33:04 INFO  Test final outcome:  SKIPPED
13:33:04 INFO  Test outcome reason: Testing the apt plugin is not supported on this platform.To run the tests call PySys with -XmyPlatform='container'
13:33:04 INFO  
</system-out>
	</testcase>
</testsuite>
