<?xml version="1.0" encoding="utf-8"?>
<testsuite failures="1" name="local_mqtt_pub_sub_retain" skipped="0" tests="1" time="6.24" timestamp="2022-06-09T16:30:38">
	<testcase classname="MqttPublishWithRetain" name="local_mqtt_pub_sub_retain">
		<failure message="FAILED: Grep on temp_sensor_sub.out contains &quot;\[test/alarms/temp_sensor\] alarm msg 2&quot; (+1 other failures)" type="FAILED"/>
		<system-out>16:30:32 INFO  ==============================================================
16:30:32 INFO  Id:    local_mqtt_pub_sub_retain
16:30:32 INFO  Dir:   local_mqtt/
16:30:32 INFO  Title: Validate local publishing with retain flag
16:30:32 INFO  ==============================================================
16:30:32 INFO  Executed tedge&lt;pub_to_set_alarm&gt;, exit status 0
16:30:33 INFO  Executed tedge&lt;pub_to_set_alarm&gt;, exit status 0
16:30:34 INFO  Started tedge&lt;temp_sensor_sub&gt; with process id 13327
16:30:34 INFO  Executed tedge&lt;pub_to_clear_alarm&gt;, exit status 0
16:30:36 INFO  Executed sudo&lt;kill_out&gt;, exit status 0
16:30:36 INFO  Executed tedge&lt;pub_to_clear_alarm&gt;, exit status 0
16:30:36 INFO  Started tedge&lt;temp_sensor_empty_message&gt; with process id 13333
16:30:38 INFO  Executed sudo&lt;kill_out&gt;, exit status 0
16:30:38 WARN  Grep on temp_sensor_sub.out contains &quot;\[test/alarms/temp_sensor\] alarm msg 2&quot; ... failed [run.py:139]
16:30:38 WARN  Grep on temp_sensor_sub.out contains &quot;\[test/alarms/temp_sensor\] &quot; ... failed [run.py:142]
16:30:38 INFO  Grep on file temp_sensor_empty_message.out ... passed
16:30:38 INFO  
16:30:38 INFO  Test duration: 6.24 secs
16:30:38 INFO  Test final outcome:  FAILED
16:30:38 INFO  Test outcome reason: Grep on temp_sensor_sub.out contains &quot;\[test/alarms/temp_sensor\] alarm msg 2&quot; (+1 other failures)
16:30:38 INFO  
</system-out>
	</testcase>
</testsuite>
