<?xml version="1.0" encoding="utf-8"?>
<testsuite failures="0" name="valid_device_id" skipped="0" tests="1" time="28.31" timestamp="2022-07-26T16:15:42">
	<testcase classname="ValidateValidDeviceId" name="valid_device_id"/>
</testsuite>
