<?xml version="1.0" encoding="utf-8"?>
<testsuite failures="0" name="agent_init_session" skipped="0" tests="1" time="5.9" timestamp="2022-05-23T11:20:03">
	<testcase classname="AgentInitSession" name="agent_init_session"/>
</testsuite>
