<?xml version="1.0" encoding="utf-8"?>
<testsuite failures="0" name="mqtt_port_change_connection_works" skipped="1" tests="1" time="0.02" timestamp="2022-05-20T09:34:03">
	<testcase classname="MqttPortChangeConnectionWorks" name="mqtt_port_change_connection_works">
		<skipped message="SKIPPED: failing intermitently"/>
		<system-out>09:34:03 INFO  ==============================================================
09:34:03 INFO  Id:    mqtt_port_change_connection_works
09:34:03 INFO  Dir:   misc_features/
09:34:03 INFO  Title: mqtt port change connection works for all the thin-edge services that use the mosquitto broker
09:34:03 INFO  ==============================================================
09:34:03 INFO  failing intermitently ... skipped
09:34:03 INFO  
09:34:03 INFO  Test duration: 0.02 secs
09:34:03 INFO  Test final outcome:  SKIPPED
09:34:03 INFO  Test outcome reason: failing intermitently
09:34:03 INFO  
</system-out>
	</testcase>
</testsuite>
