<?xml version="1.0" encoding="utf-8"?>
<testsuite failures="0" name="apt_sequence_install_with_version_fail" skipped="1" tests="1" time="0.02" timestamp="2022-06-29T11:54:51">
	<testcase classname="AptPluginInstallWithVersionFails" name="apt_sequence_install_with_version_fail">
		<skipped message="SKIPPED: Testing the apt plugin is not supported on this platform.To run the tests call PySys with -XmyPlatform='container'"/>
		<system-out>11:54:51 INFO  ==============================================================
11:54:51 INFO  Id:    apt_sequence_install_with_version_fail
11:54:51 INFO  Dir:   plugin_apt/
11:54:51 INFO  Title: Validate apt plugin install with version fails use case
11:54:51 INFO  ==============================================================
11:54:51 INFO  Testing the apt plugin is not supported on this platform.To run the tests call PySys with -XmyPlatform='container' ... skipped
11:54:51 WARN  Aborted test due to SKIPPED outcome
11:54:51 INFO  
11:54:51 INFO  Test duration: 0.02 secs
11:54:51 INFO  Test final outcome:  SKIPPED
11:54:51 INFO  Test outcome reason: Testing the apt plugin is not supported on this platform.To run the tests call PySys with -XmyPlatform='container'
11:54:51 INFO  
</system-out>
	</testcase>
</testsuite>
