<?xml version="1.0" encoding="utf-8"?>
<testsuite failures="1" name="mapper_awaits_before_reconnect" skipped="0" tests="1" time="7.01" timestamp="2022-05-23T15:10:59">
	<testcase classname="MapperReconnectAwait" name="mapper_awaits_before_reconnect">
		<failure message="FAILED: Line count on tedge_mapper_journal.out for &quot;tedge_mapper::core::mapper: MQTT connection error:&quot; expected &gt;=2 but got 0" type="FAILED"/>
		<system-out>15:10:52 INFO  ==============================================================
15:10:52 INFO  Id:    mapper_awaits_before_reconnect
15:10:52 INFO  Dir:   tedge_mapper_c8y/
15:10:52 INFO  Title: Validate mapper doesn't reconnect too often
15:10:52 INFO  ==============================================================
15:10:52 INFO  Started mosquitto_sub with process id 19935
15:10:52 INFO  Waiting for 0.1 seconds
15:10:53 INFO  Executed sudo&lt;tedge_mapper&gt;, exit status 0
15:10:53 INFO  Waiting for 5.0 seconds
15:10:58 INFO  Executed sudo&lt;tedge_mapper&gt;, exit status 0
15:10:59 INFO  Executed sudo&lt;tedge_mapper_journal&gt;, exit status 0
15:10:59 WARN  Grep on tedge_mapper_journal.out contains &quot;ERROR&quot; ... failed [run.py:67]
15:10:59 INFO  Line count on file tedge_mapper_journal.out ... passed
15:10:59 WARN  Line count on tedge_mapper_journal.out for &quot;tedge_mapper::core::mapper: MQTT connection error:&quot; expected &gt;=2 but got 0 ... failed [run.py:78]
15:10:59 WARN  Aborted test due to FAILED outcome
15:10:59 INFO  
15:10:59 INFO  Test duration: 7.01 secs
15:10:59 INFO  Test final outcome:  FAILED
15:10:59 INFO  Test outcome reason: Line count on tedge_mapper_journal.out for &quot;tedge_mapper::core::mapper: MQTT connection error:&quot; expected &gt;=2 but got 0
15:10:59 INFO  
</system-out>
	</testcase>
</testsuite>
