<?xml version="1.0" encoding="utf-8"?>
<testsuite failures="0" name="docker_plugin_finalize" skipped="1" tests="1" time="0.04" timestamp="2022-07-22T01:47:25">
	<testcase classname="DockerPluginFinalizeTest" name="docker_plugin_finalize">
		<skipped message="SKIPPED: Testing the docker plugin is not supported on this platform.To run it, all the test with -XmyPlatform='container'"/>
		<system-out>01:47:25 INFO  ==============================================================
01:47:25 INFO  Id:    docker_plugin_finalize
01:47:25 INFO  Dir:   plugin_docker/
01:47:25 INFO  Title: Validate docker plugin finalize command
01:47:25 INFO  ==============================================================
01:47:25 INFO  Testing the docker plugin is not supported on this platform.To run it, all the test with -XmyPlatform='container' ... skipped
01:47:25 WARN  Aborted test due to SKIPPED outcome
01:47:25 INFO  
01:47:25 INFO  Test duration: 0.04 secs
01:47:25 INFO  Test final outcome:  SKIPPED
01:47:25 INFO  Test outcome reason: Testing the docker plugin is not supported on this platform.To run it, all the test with -XmyPlatform='container'
01:47:25 INFO  
</system-out>
	</testcase>
</testsuite>
