<?xml version="1.0" encoding="utf-8"?>
<testsuite failures="0" name="SoftwareManagement.sm_mixed_install_remove_multiple" skipped="1" tests="1" time="0.02" timestamp="2022-07-22T01:56:57">
	<testcase classname="PySysTest" name="SoftwareManagement.sm_mixed_install_remove_multiple">
		<skipped message="SKIPPED: Testing the fake plugin is not enabled.Use parameter -Xfakeplugin=fakeplugin to enable it"/>
		<system-out>01:56:57 INFO  ==============================================================
01:56:57 INFO  Id:    SoftwareManagement.sm_mixed_install_remove_multiple
01:56:57 INFO  Dir:   software_management_end_to_end/
01:56:57 INFO  Title: Validate end to end behaviour for the dummy-plugin for multiple packages with mixed versions
01:56:57 INFO  ==============================================================
01:56:57 INFO  Testing the fake plugin is not enabled.Use parameter -Xfakeplugin=fakeplugin to enable it ... skipped
01:56:57 WARN  Aborted test due to SKIPPED outcome
01:56:57 INFO  
01:56:57 INFO  Test duration: 0.02 secs
01:56:57 INFO  Test final outcome:  SKIPPED
01:56:57 INFO  Test outcome reason: Testing the fake plugin is not enabled.Use parameter -Xfakeplugin=fakeplugin to enable it
01:56:57 INFO  
</system-out>
	</testcase>
</testsuite>
