<?xml version="1.0" encoding="utf-8"?>
<testsuite failures="0" name="mqtt_port_change_connection_works" skipped="1" tests="1" time="0.02" timestamp="2022-05-25T12:42:10">
	<testcase classname="MqttPortChangeConnectionWorks" name="mqtt_port_change_connection_works">
		<skipped message="SKIPPED: failing intermitently"/>
		<system-out>12:42:10 INFO  ==============================================================
12:42:10 INFO  Id:    mqtt_port_change_connection_works
12:42:10 INFO  Dir:   misc_features/
12:42:10 INFO  Title: mqtt port change connection works for all the thin-edge services that use the mosquitto broker
12:42:10 INFO  ==============================================================
12:42:10 INFO  failing intermitently ... skipped
12:42:10 INFO  
12:42:10 INFO  Test duration: 0.02 secs
12:42:10 INFO  Test final outcome:  SKIPPED
12:42:10 INFO  Test outcome reason: failing intermitently
12:42:10 INFO  
</system-out>
	</testcase>
</testsuite>
