<?xml version="1.0" encoding="utf-8"?>
<testsuite failures="0" name="apt_sequence_remove_with_version" skipped="1" tests="1" time="0.02" timestamp="2022-07-25T10:18:00">
	<testcase classname="AptPluginRemoveWithVersion" name="apt_sequence_remove_with_version">
		<skipped message="SKIPPED: Testing the apt plugin is not supported on this platform.To run the tests call PySys with -XmyPlatform='container'"/>
		<system-out>10:18:00 INFO  ==============================================================
10:18:00 INFO  Id:    apt_sequence_remove_with_version
10:18:00 INFO  Dir:   plugin_apt/
10:18:00 INFO  Title: Validate apt plugin remove with version use case
10:18:00 INFO  ==============================================================
10:18:00 INFO  Testing the apt plugin is not supported on this platform.To run the tests call PySys with -XmyPlatform='container' ... skipped
10:18:00 WARN  Aborted test due to SKIPPED outcome
10:18:00 INFO  
10:18:00 INFO  Test duration: 0.02 secs
10:18:00 INFO  Test final outcome:  SKIPPED
10:18:00 INFO  Test outcome reason: Testing the apt plugin is not supported on this platform.To run the tests call PySys with -XmyPlatform='container'
10:18:00 INFO  
</system-out>
	</testcase>
</testsuite>
