<?xml version="1.0" encoding="utf-8"?>
<testsuite failures="0" name="apt_sequence_remove_with_version" skipped="1" tests="1" time="0.02" timestamp="2022-07-26T16:16:06">
	<testcase classname="AptPluginRemoveWithVersion" name="apt_sequence_remove_with_version">
		<skipped message="SKIPPED: Testing the apt plugin is not supported on this platform.To run the tests call PySys with -XmyPlatform='container'"/>
		<system-out>16:16:06 INFO  ==============================================================
16:16:06 INFO  Id:    apt_sequence_remove_with_version
16:16:06 INFO  Dir:   plugin_apt/
16:16:06 INFO  Title: Validate apt plugin remove with version use case
16:16:06 INFO  ==============================================================
16:16:06 INFO  Testing the apt plugin is not supported on this platform.To run the tests call PySys with -XmyPlatform='container' ... skipped
16:16:06 WARN  Aborted test due to SKIPPED outcome
16:16:06 INFO  
16:16:06 INFO  Test duration: 0.02 secs
16:16:06 INFO  Test final outcome:  SKIPPED
16:16:06 INFO  Test outcome reason: Testing the apt plugin is not supported on this platform.To run the tests call PySys with -XmyPlatform='container'
16:16:06 INFO  
</system-out>
	</testcase>
</testsuite>
