<?xml version="1.0" encoding="utf-8"?>
<testsuite failures="1" name="local_mqtt_pub_sub_retain" skipped="0" tests="1" time="5.82" timestamp="2022-05-24T15:34:11">
	<testcase classname="MqttPublishWithRetain" name="local_mqtt_pub_sub_retain">
		<failure message="FAILED: Grep on temp_sensor_sub.out contains &quot;\[test/alarms/temp_sensor\] alarm msg 2&quot; (+1 other failures)" type="FAILED"/>
		<system-out>15:34:05 INFO  ==============================================================
15:34:05 INFO  Id:    local_mqtt_pub_sub_retain
15:34:05 INFO  Dir:   local_mqtt/
15:34:05 INFO  Title: Validate local publishing with retain flag
15:34:05 INFO  ==============================================================
15:34:06 INFO  Executed tedge&lt;pub_to_set_alarm&gt;, exit status 0
15:34:06 INFO  Executed tedge&lt;pub_to_set_alarm&gt;, exit status 0
15:34:07 INFO  Started tedge&lt;temp_sensor_sub&gt; with process id 29347
15:34:08 INFO  Executed tedge&lt;pub_to_clear_alarm&gt;, exit status 0
15:34:09 INFO  Executed sudo&lt;kill_out&gt;, exit status 0
15:34:10 INFO  Executed tedge&lt;pub_to_clear_alarm&gt;, exit status 0
15:34:10 INFO  Started tedge&lt;temp_sensor_empty_message&gt; with process id 29352
15:34:11 INFO  Executed sudo&lt;kill_out&gt;, exit status 0
15:34:11 WARN  Grep on temp_sensor_sub.out contains &quot;\[test/alarms/temp_sensor\] alarm msg 2&quot; ... failed [run.py:139]
15:34:11 WARN  Grep on temp_sensor_sub.out contains &quot;\[test/alarms/temp_sensor\] &quot; ... failed [run.py:142]
15:34:11 INFO  Grep on file temp_sensor_empty_message.out ... passed
15:34:11 INFO  
15:34:11 INFO  Test duration: 5.82 secs
15:34:11 INFO  Test final outcome:  FAILED
15:34:11 INFO  Test outcome reason: Grep on temp_sensor_sub.out contains &quot;\[test/alarms/temp_sensor\] alarm msg 2&quot; (+1 other failures)
15:34:11 INFO  
</system-out>
	</testcase>
</testsuite>
