<?xml version="1.0" encoding="utf-8"?>
<testsuite failures="0" name="smoketest_json" skipped="0" tests="1" time="46.31" timestamp="2022-05-23T13:23:23">
	<testcase classname="SmokeTestJson" name="smoketest_json"/>
</testsuite>
