<?xml version="1.0" encoding="utf-8"?>
<testsuite failures="0" name="docker_plugin_install" skipped="1" tests="1" time="0.02" timestamp="2022-06-10T13:01:39">
	<testcase classname="DockerPluginInstallTest" name="docker_plugin_install">
		<skipped message="SKIPPED: Testing the docker plugin is not supported on this platform.To run it, all the test with -XmyPlatform='container'"/>
		<system-out>13:01:39 INFO  ==============================================================
13:01:39 INFO  Id:    docker_plugin_install
13:01:39 INFO  Dir:   plugin_docker/
13:01:39 INFO  Title: Validate docker plugin install
13:01:39 INFO  ==============================================================
13:01:39 INFO  Testing the docker plugin is not supported on this platform.To run it, all the test with -XmyPlatform='container' ... skipped
13:01:39 WARN  Aborted test due to SKIPPED outcome
13:01:39 INFO  
13:01:39 INFO  Test duration: 0.02 secs
13:01:39 INFO  Test final outcome:  SKIPPED
13:01:39 INFO  Test outcome reason: Testing the docker plugin is not supported on this platform.To run it, all the test with -XmyPlatform='container'
13:01:39 INFO  
</system-out>
	</testcase>
</testsuite>
