<?xml version="1.0" encoding="utf-8"?>
<testsuite failures="0" name="SoftwareManagement.Plugin.apama_plugin_install" skipped="1" tests="1" time="0.05" timestamp="2022-06-08T12:58:54">
	<testcase classname="ApamaPluginInstallTest" name="SoftwareManagement.Plugin.apama_plugin_install">
		<skipped message="SKIPPED: Apama plugin tests are disabled by default. Execute `pysys run` with `-XmyPlatform=container` to run these tests"/>
		<system-out>12:58:54 INFO  ==============================================================
12:58:54 INFO  Id:    SoftwareManagement.Plugin.apama_plugin_install
12:58:54 INFO  Dir:   plugin_apama/
12:58:54 INFO  Title: Validate apama plugin install
12:58:54 INFO  ==============================================================
12:58:54 INFO  Apama plugin tests are disabled by default. Execute `pysys run` with `-XmyPlatform=container` to run these tests ... skipped
12:58:54 WARN  Aborted test due to SKIPPED outcome
12:58:54 INFO  
12:58:54 INFO  Test duration: 0.05 secs
12:58:54 INFO  Test final outcome:  SKIPPED
12:58:54 INFO  Test outcome reason: Apama plugin tests are disabled by default. Execute `pysys run` with `-XmyPlatform=container` to run these tests
12:58:54 INFO  
</system-out>
	</testcase>
</testsuite>
