<?xml version="1.0" encoding="utf-8"?>
<testsuite failures="0" name="apt_install_local_file_fail" skipped="1" tests="1" time="0.02" timestamp="2022-07-21T14:50:01">
	<testcase classname="AptPluginInstallFromLocalFileFail" name="apt_install_local_file_fail">
		<skipped message="SKIPPED: Testing the apt plugin is not supported on this platform.To run the tests call PySys with -XmyPlatform='container'"/>
		<system-out>14:50:01 INFO  ==============================================================
14:50:01 INFO  Id:    apt_install_local_file_fail
14:50:01 INFO  Dir:   plugin_apt/
14:50:01 INFO  Title: Validate apt plugin install from local file - FAIL case
14:50:01 INFO  ==============================================================
14:50:01 INFO  Testing the apt plugin is not supported on this platform.To run the tests call PySys with -XmyPlatform='container' ... skipped
14:50:01 WARN  Aborted test due to SKIPPED outcome
14:50:01 INFO  
14:50:01 INFO  Test duration: 0.02 secs
14:50:01 INFO  Test final outcome:  SKIPPED
14:50:01 INFO  Test outcome reason: Testing the apt plugin is not supported on this platform.To run the tests call PySys with -XmyPlatform='container'
14:50:01 INFO  
</system-out>
	</testcase>
</testsuite>
