<?xml version="1.0" encoding="utf-8"?>
<testsuite failures="0" name="SoftwareManagement.sm_apt_install_remove_with_version" skipped="1" tests="1" time="0.02" timestamp="2022-05-24T10:53:16">
	<testcase classname="PySysTest" name="SoftwareManagement.sm_apt_install_remove_with_version">
		<skipped message="SKIPPED: Testing the apt plugin is not supported on this platform.Use parameter -XmyPlatform='container' to enable it"/>
		<system-out>10:53:16 INFO  ==============================================================
10:53:16 INFO  Id:    SoftwareManagement.sm_apt_install_remove_with_version
10:53:16 INFO  Dir:   software_management_end_to_end/
10:53:16 INFO  Title: Validate end to end behaviour for the apt plugin for packages with version
10:53:16 INFO  ==============================================================
10:53:16 INFO  Testing the apt plugin is not supported on this platform.Use parameter -XmyPlatform='container' to enable it ... skipped
10:53:16 WARN  Aborted test due to SKIPPED outcome
10:53:16 INFO  
10:53:16 INFO  Test duration: 0.02 secs
10:53:16 INFO  Test final outcome:  SKIPPED
10:53:16 INFO  Test outcome reason: Testing the apt plugin is not supported on this platform.Use parameter -XmyPlatform='container' to enable it
10:53:16 INFO  
</system-out>
	</testcase>
</testsuite>
