<?xml version="1.0" encoding="utf-8"?>
<testsuite failures="0" name="SoftwareManagement.sm_docker_install_remove_multiple" skipped="1" tests="1" time="0.02" timestamp="2022-07-21T14:59:35">
	<testcase classname="SMDockerInstallRemove" name="SoftwareManagement.sm_docker_install_remove_multiple">
		<skipped message="SKIPPED: Testing the apt plugin is not supported on this platform.Use parameter -XmyPlatform='container' to enable it"/>
		<system-out>14:59:35 INFO  ==============================================================
14:59:35 INFO  Id:    SoftwareManagement.sm_docker_install_remove_multiple
14:59:35 INFO  Dir:   software_management_end_to_end/
14:59:35 INFO  Title: Validate end to end behaviour for the docker plugin for multiple docker images with mixed versions
14:59:35 INFO  ==============================================================
14:59:35 INFO  Testing the apt plugin is not supported on this platform.Use parameter -XmyPlatform='container' to enable it ... skipped
14:59:35 WARN  Aborted test due to SKIPPED outcome
14:59:35 INFO  
14:59:35 INFO  Test duration: 0.02 secs
14:59:35 INFO  Test final outcome:  SKIPPED
14:59:35 INFO  Test outcome reason: Testing the apt plugin is not supported on this platform.Use parameter -XmyPlatform='container' to enable it
14:59:35 INFO  
</system-out>
	</testcase>
</testsuite>
