<?xml version="1.0" encoding="utf-8"?>
<testsuite failures="1" name="monitoring_smaller_interval" skipped="0" tests="1" time="15.3" timestamp="2022-06-08T12:58:49">
	<testcase classname="MonitoringSmallInterval" name="monitoring_smaller_interval">
		<failure message="BLOCKED: TypeError: 'int' object is not subscriptable" type="BLOCKED"/>
		<system-out>12:58:34 INFO  ==============================================================
12:58:34 INFO  Id:    monitoring_smaller_interval
12:58:34 INFO  Dir:   monitoring/
12:58:34 INFO  Title: Validate the tedge dm agent messages that are produced with smaller sampling interval than the batching window. Here the simulated collectd messages are used
12:58:34 INFO  ==============================================================
12:58:34 INFO  Executed sudo&lt;collectd&gt;, exit status 0
12:58:35 INFO  Executed sudo&lt;collectd_mapper&gt;, exit status 0
12:58:35 INFO  Started sudo&lt;tedge_sub&gt; with process id 16996
12:58:35 INFO  Executed sudo&lt;tedge_temp&gt;, exit status 0
12:58:36 INFO  Executed sudo&lt;tedge_pres&gt;, exit status 0
12:58:37 INFO  Executed sudo&lt;tedge_temp&gt;, exit status 0
12:58:37 INFO  Executed sudo&lt;tedge_pres&gt;, exit status 0
12:58:38 INFO  Executed sudo&lt;tedge_temp&gt;, exit status 0
12:58:38 INFO  Executed sudo&lt;tedge_pres&gt;, exit status 0
12:58:39 INFO  Executed sudo&lt;tedge_temp&gt;, exit status 0
12:58:40 INFO  Executed sudo&lt;tedge_pres&gt;, exit status 0
12:58:40 INFO  Executed sudo&lt;tedge_temp&gt;, exit status 0
12:58:41 INFO  Executed sudo&lt;tedge_pres&gt;, exit status 0
12:58:42 INFO  Executed sudo&lt;tedge_temp&gt;, exit status 0
12:58:42 INFO  Executed sudo&lt;tedge_pres&gt;, exit status 0
12:58:43 INFO  Executed sudo&lt;tedge_temp&gt;, exit status 0
12:58:43 INFO  Executed sudo&lt;tedge_pres&gt;, exit status 0
12:58:44 INFO  Executed sudo&lt;tedge_temp&gt;, exit status 0
12:58:44 INFO  Executed sudo&lt;tedge_pres&gt;, exit status 0
12:58:45 INFO  Executed sudo&lt;tedge_temp&gt;, exit status 0
12:58:46 INFO  Executed sudo&lt;tedge_pres&gt;, exit status 0
12:58:46 INFO  Executed sudo&lt;tedge_temp&gt;, exit status 0
12:58:47 INFO  Executed sudo&lt;tedge_pres&gt;, exit status 0
12:58:48 INFO  Executed sudo&lt;kill_out&gt;, exit status 0
12:58:48 INFO  0

12:58:48 WARN  TypeError occurred while running test - 'int' object is not subscriptable
Traceback (most recent call last):
  File &quot;/home/pi/env-pysys/lib/python3.7/site-packages/pysys/baserunner.py&quot;, line 1296, in __call__
    self.testObj.validate()
  File &quot;/home/pi/actions-runner/_work/thin-edge.io/thin-edge.io/tests/PySys/monitoring/monitoring_smaller_interval/run.py&quot;, line 104, in validate
    collectd_msg_validation_result=self.validate_json(),
  File &quot;/home/pi/actions-runner/_work/thin-edge.io/thin-edge.io/tests/PySys/monitoring/monitoring_smaller_interval/run.py&quot;, line 114, in validate_json
    if not self.validate_time():
  File &quot;/home/pi/actions-runner/_work/thin-edge.io/thin-edge.io/tests/PySys/monitoring/monitoring_smaller_interval/run.py&quot;, line 134, in validate_time
    if self.js_msg[&quot;time&quot;]:
TypeError: 'int' object is not subscriptable
12:58:48 WARN  TypeError: 'int' object is not subscriptable ... blocked 
12:58:48 INFO  
12:58:48 INFO  cleanup:
12:58:48 INFO  monitoring_cleanup
12:58:49 INFO  Executed sudo&lt;collectd_mapper&gt;, exit status 0
12:58:49 INFO  
12:58:49 INFO  Test duration: 15.30 secs
12:58:49 INFO  Test final outcome:  BLOCKED
12:58:49 INFO  Test outcome reason: TypeError: 'int' object is not subscriptable
12:58:49 INFO  
</system-out>
	</testcase>
</testsuite>
