<?xml version="1.0" encoding="utf-8"?>
<testsuite failures="0" name="docker_plugin_install_with_version" skipped="1" tests="1" time="0.02" timestamp="2022-06-15T10:54:41">
	<testcase classname="DockerPluginInstallWithVersionTest" name="docker_plugin_install_with_version">
		<skipped message="SKIPPED: Testing the docker plugin is not supported on this platform.To run it, all the test with -XmyPlatform='container'"/>
		<system-out>10:54:41 INFO  ==============================================================
10:54:41 INFO  Id:    docker_plugin_install_with_version
10:54:41 INFO  Dir:   plugin_docker/
10:54:41 INFO  Title: Validate docker plugin install
10:54:41 INFO  ==============================================================
10:54:41 INFO  Testing the docker plugin is not supported on this platform.To run it, all the test with -XmyPlatform='container' ... skipped
10:54:41 WARN  Aborted test due to SKIPPED outcome
10:54:41 INFO  
10:54:41 INFO  Test duration: 0.02 secs
10:54:41 INFO  Test final outcome:  SKIPPED
10:54:41 INFO  Test outcome reason: Testing the docker plugin is not supported on this platform.To run it, all the test with -XmyPlatform='container'
10:54:41 INFO  
</system-out>
	</testcase>
</testsuite>
