<?xml version="1.0" encoding="utf-8"?>
<testsuite failures="1" name="log_request_error_messages" skipped="0" tests="1" time="36.62" timestamp="2022-05-20T11:12:05">
	<testcase classname="LogRequestVerifySearchTextError" name="log_request_error_messages">
		<failure message="FAILED: Assert that (True == value) with value=False" type="FAILED"/>
		<system-out>11:11:28 INFO  ==============================================================
11:11:28 INFO  Id:    log_request_error_messages
11:11:28 INFO  Dir:   log_request_end_to_end/
11:11:28 INFO  Title: Validate end to end behaviour for the log request operation check for error messages
11:11:28 INFO  ==============================================================
11:11:29 INFO  EnvironmentC8y Setup
11:11:30 INFO  Executed systemctl&lt;serv_mapper1&gt;, exit status 3
11:11:30 INFO  Restarting mosquitto too frequently in the last 10 seconds. It was only up for 2 seconds
11:11:30 INFO  Delaying execution by 9 seconds
11:11:53 INFO  Executed sudo&lt;tedge_connect_c8y&gt;, exit status 0, duration 13 secs
11:11:53 INFO  Executed sudo&lt;tedge_connect_c8y_test&gt;, exit status 0
11:11:54 INFO  Executed systemctl&lt;serv_mosq2&gt;, exit status 0
11:11:54 INFO  Executed systemctl&lt;serv_mapper3&gt;, exit status 0
11:11:55 INFO  Executed sudo&lt;rm_logs&gt;, exit status 0
11:11:56 INFO  Executed sudo&lt;move_logs&gt;, exit status 0
11:11:56 INFO  log response None
11:11:56 WARN  retry, retrying in 1 seconds...
11:11:57 INFO  log response https://thin-edge-io.eu-latest.cumulocity.com/event/events/19394860/binaries
11:11:58 WARN  Assert that (True == value) with value=False ... failed [run.py:43]
11:11:58 INFO  
11:11:58 INFO  cleanup:
11:11:59 INFO  Executed sudo&lt;rm_logs&gt;, exit status 0
11:11:59 INFO  Executed sudo&lt;rm_tmp_logs&gt;, exit status 0
11:12:00 INFO  Executed sudo&lt;send_failed&gt;, exit status 0
11:12:04 INFO  Executed sudo&lt;tedge_disconnect_c8y&gt;, exit status 0
11:12:05 INFO  Executed systemctl&lt;serv_mapper5&gt;, exit status 3
11:12:05 INFO  
11:12:05 INFO  Test duration: 36.62 secs
11:12:05 INFO  Test final outcome:  FAILED
11:12:05 INFO  Test outcome reason: Assert that (True == value) with value=False
11:12:05 INFO  
</system-out>
	</testcase>
</testsuite>
