<?xml version="1.0" encoding="utf-8"?>
<testsuite failures="0" name="apt_prepare" skipped="1" tests="1" time="0.04" timestamp="2022-06-22T17:19:25">
	<testcase classname="AptPluginPrepare" name="apt_prepare">
		<skipped message="SKIPPED: Testing the apt plugin is not supported on this platform.To run the tests call PySys with -XmyPlatform='container'"/>
		<system-out>17:19:25 INFO  ==============================================================
17:19:25 INFO  Id:    apt_prepare
17:19:25 INFO  Dir:   plugin_apt/
17:19:25 INFO  Title: Validate apt plugin install - dense version
17:19:25 INFO  ==============================================================
17:19:25 INFO  Testing the apt plugin is not supported on this platform.To run the tests call PySys with -XmyPlatform='container' ... skipped
17:19:25 WARN  Aborted test due to SKIPPED outcome
17:19:25 INFO  
17:19:25 INFO  Test duration: 0.04 secs
17:19:25 INFO  Test final outcome:  SKIPPED
17:19:25 INFO  Test outcome reason: Testing the apt plugin is not supported on this platform.To run the tests call PySys with -XmyPlatform='container'
17:19:25 INFO  
</system-out>
	</testcase>
</testsuite>
