<?xml version="1.0" encoding="utf-8"?>
<testsuite failures="0" name="SoftwareManagement.Plugin.apama_plugin_update" skipped="1" tests="1" time="0.11" timestamp="2022-06-10T13:01:35">
	<testcase classname="ApamaPluginUpdateTest" name="SoftwareManagement.Plugin.apama_plugin_update">
		<skipped message="SKIPPED: Apama plugin tests are disabled by default. Execute `pysys run` with `-XmyPlatform=container` to run these tests"/>
		<system-out>13:01:35 INFO  ==============================================================
13:01:35 INFO  Id:    SoftwareManagement.Plugin.apama_plugin_update
13:01:35 INFO  Dir:   plugin_apama/
13:01:35 INFO  Title: Validate apama plugin updating one project with another
13:01:35 INFO  ==============================================================
13:01:35 INFO  Apama plugin tests are disabled by default. Execute `pysys run` with `-XmyPlatform=container` to run these tests ... skipped
13:01:35 WARN  Aborted test due to SKIPPED outcome
13:01:35 INFO  
13:01:35 INFO  Test duration: 0.11 secs
13:01:35 INFO  Test final outcome:  SKIPPED
13:01:35 INFO  Test outcome reason: Apama plugin tests are disabled by default. Execute `pysys run` with `-XmyPlatform=container` to run these tests
13:01:35 INFO  
</system-out>
	</testcase>
</testsuite>
