<?xml version="1.0" encoding="utf-8"?>
<testsuite failures="1" name="log_request_error_messages" skipped="0" tests="1" time="58.28" timestamp="2022-05-24T10:40:54">
	<testcase classname="LogRequestVerifySearchTextError" name="log_request_error_messages">
		<failure message="BLOCKED: Exception: retry" type="BLOCKED"/>
		<system-out>10:39:56 INFO  ==============================================================
10:39:56 INFO  Id:    log_request_error_messages
10:39:56 INFO  Dir:   log_request_end_to_end/
10:39:56 INFO  Title: Validate end to end behaviour for the log request operation check for error messages
10:39:56 INFO  ==============================================================
10:39:57 INFO  EnvironmentC8y Setup
10:39:58 INFO  Executed systemctl&lt;serv_mapper1&gt;, exit status 3
10:39:58 INFO  Restarting mosquitto too frequently in the last 10 seconds. It was only up for 2 seconds
10:39:58 INFO  Delaying execution by 9 seconds
10:40:21 INFO  Executed sudo&lt;tedge_connect_c8y&gt;, exit status 0, duration 13 secs
10:40:21 INFO  Executed sudo&lt;tedge_connect_c8y_test&gt;, exit status 0
10:40:22 INFO  Executed systemctl&lt;serv_mosq2&gt;, exit status 0
10:40:22 INFO  Executed systemctl&lt;serv_mapper3&gt;, exit status 0
10:40:23 INFO  Executed sudo&lt;rm_logs&gt;, exit status 0
10:40:24 INFO  Executed sudo&lt;move_logs&gt;, exit status 0
10:40:24 INFO  log response None
10:40:24 WARN  retry, retrying in 1 seconds...
10:40:25 INFO  log response None
10:40:25 WARN  retry, retrying in 1 seconds...
10:40:26 INFO  log response None
10:40:26 WARN  retry, retrying in 1 seconds...
10:40:28 INFO  log response None
10:40:28 WARN  retry, retrying in 1 seconds...
10:40:29 INFO  log response None
10:40:29 WARN  retry, retrying in 1 seconds...
10:40:30 INFO  log response None
10:40:30 WARN  retry, retrying in 1 seconds...
10:40:32 INFO  log response None
10:40:32 WARN  retry, retrying in 1 seconds...
10:40:33 INFO  log response None
10:40:33 WARN  retry, retrying in 1 seconds...
10:40:34 INFO  log response None
10:40:34 WARN  retry, retrying in 1 seconds...
10:40:35 INFO  log response None
10:40:35 WARN  retry, retrying in 1 seconds...
10:40:36 INFO  log response None
10:40:36 WARN  retry, retrying in 1 seconds...
10:40:38 INFO  log response None
10:40:38 WARN  retry, retrying in 1 seconds...
10:40:39 INFO  log response None
10:40:39 WARN  retry, retrying in 1 seconds...
10:40:40 INFO  log response None
10:40:40 WARN  retry, retrying in 1 seconds...
10:40:42 INFO  log response None
10:40:42 WARN  retry, retrying in 1 seconds...
10:40:43 INFO  log response None
10:40:43 WARN  retry, retrying in 1 seconds...
10:40:44 INFO  log response None
10:40:44 WARN  retry, retrying in 1 seconds...
10:40:45 INFO  log response None
10:40:45 WARN  retry, retrying in 1 seconds...
10:40:46 INFO  log response None
10:40:46 WARN  retry, retrying in 1 seconds...
10:40:48 INFO  log response None
10:40:48 WARN  Exception occurred while running test - retry
Traceback (most recent call last):
  File &quot;/home/pi/env-pysys/lib/python3.7/site-packages/pysys/baserunner.py&quot;, line 1296, in __call__
    self.testObj.validate()
  File &quot;/home/pi/actions-runner/_work/thin-edge.io/thin-edge.io/tests/PySys/log_request_end_to_end/log_request_error_messages/run.py&quot;, line 43, in validate
    self.assertThat(&quot;True == value&quot;, value=self.wait_until_logs_retrieved())
  File &quot;/home/pi/env-pysys/lib/python3.7/site-packages/decorator.py&quot;, line 232, in fun
    return caller(func, *(extras + args), **kw)
  File &quot;/home/pi/env-pysys/lib/python3.7/site-packages/retry/api.py&quot;, line 74, in retry_decorator
    logger)
  File &quot;/home/pi/env-pysys/lib/python3.7/site-packages/retry/api.py&quot;, line 33, in __retry_internal
    return f()
  File &quot;/home/pi/actions-runner/_work/thin-edge.io/thin-edge.io/tests/PySys/log_request_end_to_end/log_request_error_messages/run.py&quot;, line 52, in wait_until_logs_retrieved
    raise Exception(&quot;retry&quot;)
Exception: retry
10:40:48 WARN  Exception: retry ... blocked 
10:40:48 INFO  
10:40:48 INFO  cleanup:
10:40:48 INFO  Executed sudo&lt;rm_logs&gt;, exit status 0
10:40:49 INFO  Executed sudo&lt;rm_tmp_logs&gt;, exit status 0
10:40:49 INFO  Executed sudo&lt;send_failed&gt;, exit status 0
10:40:54 INFO  Executed sudo&lt;tedge_disconnect_c8y&gt;, exit status 0
10:40:54 INFO  Executed systemctl&lt;serv_mapper5&gt;, exit status 3
10:40:54 INFO  
10:40:54 INFO  Test duration: 58.28 secs
10:40:54 INFO  Test final outcome:  BLOCKED
10:40:54 INFO  Test outcome reason: Exception: retry
10:40:54 INFO  
</system-out>
	</testcase>
</testsuite>
