<?xml version="1.0" encoding="utf-8"?>
<testsuite failures="0" name="agent_init_session" skipped="0" tests="1" time="5.86" timestamp="2022-07-22T15:58:41">
	<testcase classname="AgentInitSession" name="agent_init_session"/>
</testsuite>
