<?xml version="1.0" encoding="utf-8"?>
<testsuite failures="0" name="SoftwareManagement.Plugin.apama_plugin_remove" skipped="1" tests="1" time="0.02" timestamp="2022-07-20T12:52:43">
	<testcase classname="ApamaPluginRemoveTest" name="SoftwareManagement.Plugin.apama_plugin_remove">
		<skipped message="SKIPPED: Apama plugin tests are disabled by default. Execute `pysys run` with `-XmyPlatform=container` to run these tests"/>
		<system-out>12:52:43 INFO  ==============================================================
12:52:43 INFO  Id:    SoftwareManagement.Plugin.apama_plugin_remove
12:52:43 INFO  Dir:   plugin_apama/
12:52:43 INFO  Title: Validate apama plugin remove
12:52:43 INFO  ==============================================================
12:52:43 INFO  Apama plugin tests are disabled by default. Execute `pysys run` with `-XmyPlatform=container` to run these tests ... skipped
12:52:43 WARN  Aborted test due to SKIPPED outcome
12:52:43 INFO  
12:52:43 INFO  Test duration: 0.02 secs
12:52:43 INFO  Test final outcome:  SKIPPED
12:52:43 INFO  Test outcome reason: Apama plugin tests are disabled by default. Execute `pysys run` with `-XmyPlatform=container` to run these tests
12:52:43 INFO  
</system-out>
	</testcase>
</testsuite>
