<?xml version="1.0" encoding="utf-8"?>
<testsuite failures="0" name="local_mqtt_pub_fail_noqos" skipped="0" tests="1" time="1.87" timestamp="2022-05-23T16:43:29">
	<testcase classname="PySysTest" name="local_mqtt_pub_fail_noqos"/>
</testsuite>
