<?xml version="1.0" encoding="utf-8"?>
<testsuite failures="1" name="call_tedge_-h_-V" skipped="0" tests="1" time="0.48" timestamp="2022-07-21T22:54:56">
	<testcase classname="PySysTest" name="call_tedge_-h_-V">
		<failure message="FAILED: Grep on tedge.out contains &quot;tedge 0.6&quot;" type="FAILED"/>
		<system-out>22:54:55 INFO  ==============================================================
22:54:55 INFO  Id:    call_tedge_-h_-V
22:54:55 INFO  Dir:   tedge/
22:54:55 INFO  Title: Validate command line option -h -V
22:54:55 INFO  ==============================================================
22:54:56 INFO  Executed tedge, exit status 0
22:54:56 WARN  Grep on tedge.out contains &quot;tedge 0.6&quot; ... failed [run.py:32]
22:54:56 INFO  Grep on file tedge.out ... passed
22:54:56 INFO  
22:54:56 INFO  Test duration: 0.48 secs
22:54:56 INFO  Test final outcome:  FAILED
22:54:56 INFO  Test outcome reason: Grep on tedge.out contains &quot;tedge 0.6&quot;
22:54:56 INFO  
</system-out>
	</testcase>
</testsuite>
