<?xml version="1.0" encoding="utf-8"?>
<testsuite failures="0" name="mqtt_port_change_connection_works" skipped="1" tests="1" time="0.02" timestamp="2022-07-22T01:46:35">
	<testcase classname="MqttPortChangeConnectionWorks" name="mqtt_port_change_connection_works">
		<skipped message="SKIPPED: failing intermitently"/>
		<system-out>01:46:35 INFO  ==============================================================
01:46:35 INFO  Id:    mqtt_port_change_connection_works
01:46:35 INFO  Dir:   misc_features/
01:46:35 INFO  Title: mqtt port change connection works for all the thin-edge services that use the mosquitto broker
01:46:35 INFO  ==============================================================
01:46:35 INFO  failing intermitently ... skipped
01:46:35 INFO  
01:46:35 INFO  Test duration: 0.02 secs
01:46:35 INFO  Test final outcome:  SKIPPED
01:46:35 INFO  Test outcome reason: failing intermitently
01:46:35 INFO  
</system-out>
	</testcase>
</testsuite>
