<?xml version="1.0" encoding="utf-8"?>
<testsuite failures="0" name="SoftwareManagement.sm_apt_install_remove_multiple_mixed" skipped="1" tests="1" time="0.03" timestamp="2022-07-20T10:55:13">
	<testcase classname="PySysTest" name="SoftwareManagement.sm_apt_install_remove_multiple_mixed">
		<skipped message="SKIPPED: Testing the apt plugin is not supported on this platform.Use parameter -XmyPlatform='container' to enable it"/>
		<system-out>10:55:13 INFO  ==============================================================
10:55:13 INFO  Id:    SoftwareManagement.sm_apt_install_remove_multiple_mixed
10:55:13 INFO  Dir:   software_management_end_to_end/
10:55:13 INFO  Title: Validate end to end behaviour for the apt plugin for multiple packages with mixed versions
10:55:13 INFO  ==============================================================
10:55:13 INFO  Testing the apt plugin is not supported on this platform.Use parameter -XmyPlatform='container' to enable it ... skipped
10:55:13 WARN  Aborted test due to SKIPPED outcome
10:55:13 INFO  
10:55:13 INFO  Test duration: 0.03 secs
10:55:13 INFO  Test final outcome:  SKIPPED
10:55:13 INFO  Test outcome reason: Testing the apt plugin is not supported on this platform.Use parameter -XmyPlatform='container' to enable it
10:55:13 INFO  
</system-out>
	</testcase>
</testsuite>
