<?xml version="1.0" encoding="utf-8"?>
<testsuite failures="0" name="valid_device_id" skipped="0" tests="1" time="48.09" timestamp="2022-07-21T09:57:48">
	<testcase classname="ValidateValidDeviceId" name="valid_device_id"/>
</testsuite>
