<?xml version="1.0" encoding="utf-8"?>
<testsuite failures="0" name="SoftwareManagement.Plugin.apama_plugin_remove" skipped="1" tests="1" time="0.05" timestamp="2022-07-16T17:16:14">
	<testcase classname="ApamaPluginRemoveTest" name="SoftwareManagement.Plugin.apama_plugin_remove">
		<skipped message="SKIPPED: Apama plugin tests are disabled by default. Execute `pysys run` with `-XmyPlatform=container` to run these tests"/>
		<system-out>17:16:14 INFO  ==============================================================
17:16:14 INFO  Id:    SoftwareManagement.Plugin.apama_plugin_remove
17:16:14 INFO  Dir:   plugin_apama/
17:16:14 INFO  Title: Validate apama plugin remove
17:16:14 INFO  ==============================================================
17:16:14 INFO  Apama plugin tests are disabled by default. Execute `pysys run` with `-XmyPlatform=container` to run these tests ... skipped
17:16:14 WARN  Aborted test due to SKIPPED outcome
17:16:14 INFO  
17:16:14 INFO  Test duration: 0.05 secs
17:16:14 INFO  Test final outcome:  SKIPPED
17:16:14 INFO  Test outcome reason: Apama plugin tests are disabled by default. Execute `pysys run` with `-XmyPlatform=container` to run these tests
17:16:14 INFO  
</system-out>
	</testcase>
</testsuite>
