<?xml version="1.0" encoding="utf-8"?>
<testsuite failures="0" name="docker_plugin_remove_with_version" skipped="1" tests="1" time="0.02" timestamp="2022-07-21T21:15:13">
	<testcase classname="DockerPluginRemoveWithVersionTest" name="docker_plugin_remove_with_version">
		<skipped message="SKIPPED: Testing the docker plugin is not supported on this platform.To run it, all the test with -XmyPlatform='container'"/>
		<system-out>21:15:13 INFO  ==============================================================
21:15:13 INFO  Id:    docker_plugin_remove_with_version
21:15:13 INFO  Dir:   plugin_docker/
21:15:13 INFO  Title: Validate docker plugin remove with version
21:15:13 INFO  ==============================================================
21:15:13 INFO  Testing the docker plugin is not supported on this platform.To run it, all the test with -XmyPlatform='container' ... skipped
21:15:13 WARN  Aborted test due to SKIPPED outcome
21:15:13 INFO  
21:15:13 INFO  Test duration: 0.02 secs
21:15:13 INFO  Test final outcome:  SKIPPED
21:15:13 INFO  Test outcome reason: Testing the docker plugin is not supported on this platform.To run it, all the test with -XmyPlatform='container'
21:15:13 INFO  
</system-out>
	</testcase>
</testsuite>
