<?xml version="1.0" encoding="utf-8"?>
<testsuite failures="1" name="tedge_mapper_c8y_packet_threshold_size" skipped="0" tests="1" time="3.01" timestamp="2022-07-22T09:36:34">
	<testcase classname="TedgeMapperC8yThresholdPacketSize" name="tedge_mapper_c8y_packet_threshold_size">
		<failure message="FAILED: Grep on tedge_sub.out contains &quot;The size of the message received on tedge/measurements is 20489 which is greater than the threshold size of 16184.&quot;" type="FAILED"/>
		<system-out>09:36:31 INFO  ==============================================================
09:36:31 INFO  Id:    tedge_mapper_c8y_packet_threshold_size
09:36:31 INFO  Dir:   tedge_mapper_c8y/
09:36:31 INFO  Title: Validate the Cumulocity Mapper accepted threshold packet size when it receives a message on tedge/measurements
09:36:31 INFO  ==============================================================
09:36:32 INFO  Executed sudo&lt;tedge_mapper_c8y&gt;, exit status 0
09:36:32 INFO  Started sudo&lt;tedge_sub&gt; with process id 24128
09:36:33 INFO  Executed sudo&lt;tedge_msg&gt;, exit status 0
09:36:33 INFO  Executed sudo&lt;tedge_pub&gt;, exit status 0
09:36:34 INFO  Executed sudo&lt;kill_out&gt;, exit status 0
09:36:34 WARN  Grep on tedge_sub.out contains &quot;The size of the message received on tedge/measurements is 20489 which is greater than the threshold size of 16184.&quot; ... failed [run.py:88]
09:36:34 INFO  
09:36:34 INFO  cleanup:
09:36:34 INFO  mapper_cleanup
09:36:34 INFO  Executed sudo&lt;tedge_mapper_c8y&gt;, exit status 0
09:36:34 INFO  
09:36:34 INFO  Test duration: 3.01 secs
09:36:34 INFO  Test final outcome:  FAILED
09:36:34 INFO  Test outcome reason: Grep on tedge_sub.out contains &quot;The size of the message received on tedge/measurements is 20489 which is greater than the threshold size of 16184.&quot;
09:36:34 INFO  
</system-out>
	</testcase>
</testsuite>
