<?xml version="1.0" encoding="utf-8"?>
<testsuite failures="0" name="SoftwareManagement.sm_fake_install_remove" skipped="1" tests="1" time="0.02" timestamp="2022-07-22T17:35:49">
	<testcase classname="PySysTest" name="SoftwareManagement.sm_fake_install_remove">
		<skipped message="SKIPPED: Testing the fake plugin is not enabled.Use parameter -Xfakeplugin=fakeplugin to enable it"/>
		<system-out>17:35:49 INFO  ==============================================================
17:35:49 INFO  Id:    SoftwareManagement.sm_fake_install_remove
17:35:49 INFO  Dir:   software_management_end_to_end/
17:35:49 INFO  Title: Validate end to end behaviour for the dummy plugin for installation and removal of packages
17:35:49 INFO  ==============================================================
17:35:49 INFO  Testing the fake plugin is not enabled.Use parameter -Xfakeplugin=fakeplugin to enable it ... skipped
17:35:49 WARN  Aborted test due to SKIPPED outcome
17:35:49 INFO  
17:35:49 INFO  Test duration: 0.02 secs
17:35:49 INFO  Test final outcome:  SKIPPED
17:35:49 INFO  Test outcome reason: Testing the fake plugin is not enabled.Use parameter -Xfakeplugin=fakeplugin to enable it
17:35:49 INFO  
</system-out>
	</testcase>
</testsuite>
