<?xml version="1.0" encoding="utf-8"?>
<testsuite failures="0" name="apt_remove_fail" skipped="1" tests="1" time="0.02" timestamp="2022-07-21T09:58:11">
	<testcase classname="AptPluginRemoveFails" name="apt_remove_fail">
		<skipped message="SKIPPED: Testing the apt plugin is not supported on this platform.To run the tests call PySys with -XmyPlatform='container'"/>
		<system-out>09:58:11 INFO  ==============================================================
09:58:11 INFO  Id:    apt_remove_fail
09:58:11 INFO  Dir:   plugin_apt/
09:58:11 INFO  Title: Validate apt plugin prepare - failing
09:58:11 INFO  ==============================================================
09:58:11 INFO  Testing the apt plugin is not supported on this platform.To run the tests call PySys with -XmyPlatform='container' ... skipped
09:58:11 WARN  Aborted test due to SKIPPED outcome
09:58:11 INFO  
09:58:11 INFO  Test duration: 0.02 secs
09:58:11 INFO  Test final outcome:  SKIPPED
09:58:11 INFO  Test outcome reason: Testing the apt plugin is not supported on this platform.To run the tests call PySys with -XmyPlatform='container'
09:58:11 INFO  
</system-out>
	</testcase>
</testsuite>
