<?xml version="1.0" encoding="utf-8"?>
<testsuite failures="0" name="apt_install_local_file_with_version_fail" skipped="1" tests="1" time="0.04" timestamp="2022-07-01T06:51:32">
	<testcase classname="AptPluginInstallFromLocalFileWithVersionFail" name="apt_install_local_file_with_version_fail">
		<skipped message="SKIPPED: Testing the apt plugin is not supported on this platform.To run the tests call PySys with -XmyPlatform='container'"/>
		<system-out>06:51:32 INFO  ==============================================================
06:51:32 INFO  Id:    apt_install_local_file_with_version_fail
06:51:32 INFO  Dir:   plugin_apt/
06:51:32 INFO  Title: Validate apt plugin install from local file AND with a version - FAIL case
06:51:32 INFO  ==============================================================
06:51:32 INFO  Testing the apt plugin is not supported on this platform.To run the tests call PySys with -XmyPlatform='container' ... skipped
06:51:32 WARN  Aborted test due to SKIPPED outcome
06:51:32 INFO  
06:51:32 INFO  Test duration: 0.04 secs
06:51:32 INFO  Test final outcome:  SKIPPED
06:51:32 INFO  Test outcome reason: Testing the apt plugin is not supported on this platform.To run the tests call PySys with -XmyPlatform='container'
06:51:32 INFO  
</system-out>
	</testcase>
</testsuite>
