<?xml version="1.0" encoding="utf-8"?>
<testsuite failures="1" name="log_request_num_lines" skipped="0" tests="1" time="32.1" timestamp="2022-07-21T19:43:25">
	<testcase classname="LogRequestVerifyNumberOfLines" name="log_request_num_lines">
		<failure message="BLOCKED: TypeError: 'NoneType' object is not subscriptable" type="BLOCKED"/>
		<system-out>19:42:53 INFO  ==============================================================
19:42:53 INFO  Id:    log_request_num_lines
19:42:53 INFO  Dir:   log_request_end_to_end/
19:42:53 INFO  Title: Validate end to end behaviour for the log request operation check for number of lines
19:42:53 INFO  ==============================================================
19:42:53 INFO  EnvironmentC8y Setup
19:42:53 INFO  Executed systemctl&lt;serv_mapper1&gt;, exit status 3
19:42:54 INFO  Restarting mosquitto too frequently in the last 10 seconds. It was only up for 4 seconds
19:42:54 INFO  Delaying execution by 7 seconds
19:43:14 INFO  Executed sudo&lt;tedge_connect_c8y&gt;, exit status 0, duration 13 secs
19:43:15 INFO  Executed sudo&lt;tedge_connect_c8y_test&gt;, exit status 0
19:43:16 INFO  Executed systemctl&lt;serv_mosq2&gt;, exit status 0
19:43:16 INFO  Executed systemctl&lt;serv_mapper3&gt;, exit status 0
19:43:17 INFO  Executed sudo&lt;rm_logs&gt;, exit status 0
19:43:17 INFO  Executed sudo&lt;move_logs&gt;, exit status 0
19:43:18 INFO  Executed sudo&lt;log_file_daemon&gt;, exit status 0
19:43:18 WARN  TypeError occurred while running test - 'NoneType' object is not subscriptable
Traceback (most recent call last):
  File &quot;/home/pi/env-pysys/lib/python3.7/site-packages/pysys/baserunner.py&quot;, line 1294, in __call__
    self.testObj.execute()
  File &quot;/home/pi/actions-runner/_work/thin-edge.io/thin-edge.io/tests/PySys/log_request_end_to_end/log_request_num_lines/run.py&quot;, line 46, in execute
    log_file_request_payload, self.project.deviceid
  File &quot;/home/pi/actions-runner/_work/thin-edge.io/thin-edge.io/tests/PySys/environments/cumulocity.py&quot;, line 101, in trigger_log_request
    &quot;deviceId&quot;: self.device_fragment[&quot;id&quot;],
TypeError: 'NoneType' object is not subscriptable
19:43:18 WARN  TypeError: 'NoneType' object is not subscriptable ... blocked 
19:43:18 INFO  
19:43:18 INFO  cleanup:
19:43:19 INFO  Executed sudo&lt;rm_logs&gt;, exit status 0
19:43:19 INFO  Executed sudo&lt;rm_tmp_logs&gt;, exit status 0
19:43:20 INFO  Executed sudo&lt;send_failed&gt;, exit status 0
19:43:21 INFO  Executed sudo&lt;log_file_daemon&gt;, exit status 0
19:43:24 INFO  Executed sudo&lt;tedge_disconnect_c8y&gt;, exit status 0
19:43:25 INFO  Executed systemctl&lt;serv_mapper5&gt;, exit status 3
19:43:25 INFO  
19:43:25 INFO  Test duration: 32.10 secs
19:43:25 INFO  Test final outcome:  BLOCKED
19:43:25 INFO  Test outcome reason: TypeError: 'NoneType' object is not subscriptable
19:43:25 INFO  
</system-out>
	</testcase>
</testsuite>
