<?xml version="1.0" encoding="utf-8"?>
<testsuite failures="0" name="mqtt_port_unset" skipped="0" tests="1" time="1.57" timestamp="2022-05-25T10:50:52">
	<testcase classname="MqttPortUnSet" name="mqtt_port_unset"/>
</testsuite>
