<?xml version="1.0" encoding="utf-8"?>
<testsuite failures="1" name="monitoring_smaller_interval" skipped="0" tests="1" time="15.04" timestamp="2022-05-24T10:43:34">
	<testcase classname="MonitoringSmallInterval" name="monitoring_smaller_interval">
		<failure message="BLOCKED: TypeError: 'int' object is not subscriptable" type="BLOCKED"/>
		<system-out>10:43:19 INFO  ==============================================================
10:43:19 INFO  Id:    monitoring_smaller_interval
10:43:19 INFO  Dir:   monitoring/
10:43:19 INFO  Title: Validate the tedge dm agent messages that are produced with smaller sampling interval than the batching window. Here the simulated collectd messages are used
10:43:19 INFO  ==============================================================
10:43:19 INFO  Executed sudo&lt;collectd&gt;, exit status 0
10:43:20 INFO  Executed sudo&lt;collectd_mapper&gt;, exit status 0
10:43:20 INFO  Started sudo&lt;tedge_sub&gt; with process id 10663
10:43:20 INFO  Executed sudo&lt;tedge_temp&gt;, exit status 0
10:43:21 INFO  Executed sudo&lt;tedge_pres&gt;, exit status 0
10:43:22 INFO  Executed sudo&lt;tedge_temp&gt;, exit status 0
10:43:22 INFO  Executed sudo&lt;tedge_pres&gt;, exit status 0
10:43:23 INFO  Executed sudo&lt;tedge_temp&gt;, exit status 0
10:43:23 INFO  Executed sudo&lt;tedge_pres&gt;, exit status 0
10:43:24 INFO  Executed sudo&lt;tedge_temp&gt;, exit status 0
10:43:24 INFO  Executed sudo&lt;tedge_pres&gt;, exit status 0
10:43:25 INFO  Executed sudo&lt;tedge_temp&gt;, exit status 0
10:43:26 INFO  Executed sudo&lt;tedge_pres&gt;, exit status 0
10:43:26 INFO  Executed sudo&lt;tedge_temp&gt;, exit status 0
10:43:27 INFO  Executed sudo&lt;tedge_pres&gt;, exit status 0
10:43:27 INFO  Executed sudo&lt;tedge_temp&gt;, exit status 0
10:43:28 INFO  Executed sudo&lt;tedge_pres&gt;, exit status 0
10:43:28 INFO  Executed sudo&lt;tedge_temp&gt;, exit status 0
10:43:29 INFO  Executed sudo&lt;tedge_pres&gt;, exit status 0
10:43:30 INFO  Executed sudo&lt;tedge_temp&gt;, exit status 0
10:43:30 INFO  Executed sudo&lt;tedge_pres&gt;, exit status 0
10:43:31 INFO  Executed sudo&lt;tedge_temp&gt;, exit status 0
10:43:31 INFO  Executed sudo&lt;tedge_pres&gt;, exit status 0
10:43:33 INFO  Executed sudo&lt;kill_out&gt;, exit status 0
10:43:33 INFO  0

10:43:33 WARN  TypeError occurred while running test - 'int' object is not subscriptable
Traceback (most recent call last):
  File &quot;/home/pi/env-pysys/lib/python3.7/site-packages/pysys/baserunner.py&quot;, line 1296, in __call__
    self.testObj.validate()
  File &quot;/home/pi/actions-runner/_work/thin-edge.io/thin-edge.io/tests/PySys/monitoring/monitoring_smaller_interval/run.py&quot;, line 104, in validate
    collectd_msg_validation_result=self.validate_json(),
  File &quot;/home/pi/actions-runner/_work/thin-edge.io/thin-edge.io/tests/PySys/monitoring/monitoring_smaller_interval/run.py&quot;, line 114, in validate_json
    if not self.validate_time():
  File &quot;/home/pi/actions-runner/_work/thin-edge.io/thin-edge.io/tests/PySys/monitoring/monitoring_smaller_interval/run.py&quot;, line 134, in validate_time
    if self.js_msg[&quot;time&quot;]:
TypeError: 'int' object is not subscriptable
10:43:33 WARN  TypeError: 'int' object is not subscriptable ... blocked 
10:43:33 INFO  
10:43:33 INFO  cleanup:
10:43:33 INFO  monitoring_cleanup
10:43:34 INFO  Executed sudo&lt;collectd_mapper&gt;, exit status 0
10:43:34 INFO  
10:43:34 INFO  Test duration: 15.04 secs
10:43:34 INFO  Test final outcome:  BLOCKED
10:43:34 INFO  Test outcome reason: TypeError: 'int' object is not subscriptable
10:43:34 INFO  
</system-out>
	</testcase>
</testsuite>
