<?xml version="1.0" encoding="utf-8"?>
<testsuite failures="0" name="agent_init_session" skipped="0" tests="1" time="5.8" timestamp="2022-07-22T14:29:11">
	<testcase classname="AgentInitSession" name="agent_init_session"/>
</testsuite>
