<?xml version="1.0" encoding="utf-8"?>
<testsuite failures="0" name="docker_plugin_remove" skipped="1" tests="1" time="0.03" timestamp="2022-07-25T10:18:01">
	<testcase classname="DockerPluginRemoveTest" name="docker_plugin_remove">
		<skipped message="SKIPPED: Testing the docker plugin is not supported on this platform.To run it, all the test with -XmyPlatform='container'"/>
		<system-out>10:18:01 INFO  ==============================================================
10:18:01 INFO  Id:    docker_plugin_remove
10:18:01 INFO  Dir:   plugin_docker/
10:18:01 INFO  Title: Validate docker plugin remove
10:18:01 INFO  ==============================================================
10:18:01 INFO  Testing the docker plugin is not supported on this platform.To run it, all the test with -XmyPlatform='container' ... skipped
10:18:01 WARN  Aborted test due to SKIPPED outcome
10:18:01 INFO  
10:18:01 INFO  Test duration: 0.03 secs
10:18:01 INFO  Test final outcome:  SKIPPED
10:18:01 INFO  Test outcome reason: Testing the docker plugin is not supported on this platform.To run it, all the test with -XmyPlatform='container'
10:18:01 INFO  
</system-out>
	</testcase>
</testsuite>
