<?xml version="1.0" encoding="utf-8"?>
<testsuite failures="0" name="apt_install" skipped="1" tests="1" time="0.04" timestamp="2022-06-22T15:49:16">
	<testcase classname="AptPluginInstallDense" name="apt_install">
		<skipped message="SKIPPED: Testing the apt plugin is not supported on this platform.To run the tests call PySys with -XmyPlatform='container'"/>
		<system-out>15:49:16 INFO  ==============================================================
15:49:16 INFO  Id:    apt_install
15:49:16 INFO  Dir:   plugin_apt/
15:49:16 INFO  Title: Validate apt plugin prepare - dense version
15:49:16 INFO  ==============================================================
15:49:16 INFO  Testing the apt plugin is not supported on this platform.To run the tests call PySys with -XmyPlatform='container' ... skipped
15:49:16 WARN  Aborted test due to SKIPPED outcome
15:49:16 INFO  
15:49:16 INFO  Test duration: 0.04 secs
15:49:16 INFO  Test final outcome:  SKIPPED
15:49:16 INFO  Test outcome reason: Testing the apt plugin is not supported on this platform.To run the tests call PySys with -XmyPlatform='container'
15:49:16 INFO  
</system-out>
	</testcase>
</testsuite>
