<?xml version="1.0" encoding="utf-8"?>
<testsuite failures="1" name="valid_device_id" skipped="0" tests="1" time="19.27" timestamp="2022-05-23T11:09:03">
	<testcase classname="ValidateValidDeviceId" name="valid_device_id">
		<failure message="BLOCKED: sudo&lt;tedge_connect_c8y&gt; returned non-zero exit code 1" type="BLOCKED"/>
		<system-out>11:08:44 INFO  ==============================================================
11:08:44 INFO  Id:    valid_device_id
11:08:44 INFO  Dir:   misc_features/
11:08:44 INFO  Title: Valid device ID
11:08:44 INFO  ==============================================================
11:08:44 INFO  Restarting mosquitto too frequently in the last 10 seconds. It was only up for 5 seconds
11:08:44 INFO  Delaying execution by 6 seconds
11:08:50 INFO  Executed sudo&lt;tedge_disconnect_c8y&gt;, exit status 0
11:08:51 INFO  Executed sudo&lt;create_cert_dir&gt;, exit status 0
11:08:51 INFO  Executed sudo&lt;change_owner_of_dir&gt;, exit status 0
11:08:52 INFO  Executed sudo&lt;set_cert_path&gt;, exit status 0
11:08:52 INFO  Executed sudo&lt;set_key_path&gt;, exit status 0
11:08:53 INFO  Executed sudo&lt;cert_create&gt;, exit status 0
11:08:54 INFO  Executed sudo&lt;cert_upload&gt;, exit status 0
11:09:00 WARN  Executed sudo&lt;tedge_connect_c8y&gt;, exit status 1
11:09:00 INFO  Contents of tedge_connect_c8y.err: 
  ERROR: Io(Custom { kind: InvalidData, error: AlertReceived(CertificateUnknown) })
  Error: failed to connect Cumulocity cloud.
  Caused by:
      Connection check failed
  -----

11:09:00 WARN  sudo&lt;tedge_connect_c8y&gt; returned non-zero exit code 1 ... blocked [environment_tedge.py:58,run.py:100]
11:09:00 WARN  Aborted test due to BLOCKED outcome
11:09:00 INFO  
11:09:00 INFO  cleanup:
11:09:01 INFO  Executed sudo&lt;tedge_disconnect_c8y&gt;, exit status 0
11:09:02 INFO  Executed sudo&lt;unset_cert_path&gt;, exit status 0
11:09:02 INFO  Executed sudo&lt;unset_key_path&gt;, exit status 0
11:09:03 INFO  Executed sudo&lt;remove_cert_dir&gt;, exit status 0
11:09:03 INFO  
11:09:03 INFO  Test duration: 19.27 secs
11:09:03 INFO  Test final outcome:  BLOCKED
11:09:03 INFO  Test outcome reason: sudo&lt;tedge_connect_c8y&gt; returned non-zero exit code 1
11:09:03 INFO  
</system-out>
	</testcase>
</testsuite>
