<?xml version="1.0" encoding="utf-8"?>
<testsuite failures="1" name="local_mqtt_pub_sub_retain" skipped="0" tests="1" time="6.25" timestamp="2022-06-22T15:46:54">
	<testcase classname="MqttPublishWithRetain" name="local_mqtt_pub_sub_retain">
		<failure message="FAILED: Grep on temp_sensor_sub.out contains &quot;\[test/alarms/temp_sensor\] alarm msg 2&quot; (+1 other failures)" type="FAILED"/>
		<system-out>15:46:47 INFO  ==============================================================
15:46:47 INFO  Id:    local_mqtt_pub_sub_retain
15:46:47 INFO  Dir:   local_mqtt/
15:46:47 INFO  Title: Validate local publishing with retain flag
15:46:47 INFO  ==============================================================
15:46:48 INFO  Executed tedge&lt;pub_to_set_alarm&gt;, exit status 0
15:46:48 INFO  Executed tedge&lt;pub_to_set_alarm&gt;, exit status 0
15:46:49 INFO  Started tedge&lt;temp_sensor_sub&gt; with process id 5758
15:46:50 INFO  Executed tedge&lt;pub_to_clear_alarm&gt;, exit status 0
15:46:51 INFO  Executed sudo&lt;kill_out&gt;, exit status 0
15:46:52 INFO  Executed tedge&lt;pub_to_clear_alarm&gt;, exit status 0
15:46:52 INFO  Started tedge&lt;temp_sensor_empty_message&gt; with process id 5763
15:46:53 INFO  Executed sudo&lt;kill_out&gt;, exit status 0
15:46:54 WARN  Grep on temp_sensor_sub.out contains &quot;\[test/alarms/temp_sensor\] alarm msg 2&quot; ... failed [run.py:139]
15:46:54 WARN  Grep on temp_sensor_sub.out contains &quot;\[test/alarms/temp_sensor\] &quot; ... failed [run.py:142]
15:46:54 INFO  Grep on file temp_sensor_empty_message.out ... passed
15:46:54 INFO  
15:46:54 INFO  Test duration: 6.25 secs
15:46:54 INFO  Test final outcome:  FAILED
15:46:54 INFO  Test outcome reason: Grep on temp_sensor_sub.out contains &quot;\[test/alarms/temp_sensor\] alarm msg 2&quot; (+1 other failures)
15:46:54 INFO  
</system-out>
	</testcase>
</testsuite>
