<?xml version="1.0" encoding="utf-8"?>
<testsuite failures="0" name="apt_install_local_file" skipped="1" tests="1" time="0.02" timestamp="2022-06-20T16:37:28">
	<testcase classname="AptPluginInstallFromLocalFile" name="apt_install_local_file">
		<skipped message="SKIPPED: Testing the apt plugin is not supported on this platform.To run the tests call PySys with -XmyPlatform='container'"/>
		<system-out>16:37:28 INFO  ==============================================================
16:37:28 INFO  Id:    apt_install_local_file
16:37:28 INFO  Dir:   plugin_apt/
16:37:28 INFO  Title: Validate apt plugin install from local file - SUCCESS case
16:37:28 INFO  ==============================================================
16:37:28 INFO  Testing the apt plugin is not supported on this platform.To run the tests call PySys with -XmyPlatform='container' ... skipped
16:37:28 WARN  Aborted test due to SKIPPED outcome
16:37:28 INFO  
16:37:28 INFO  Test duration: 0.02 secs
16:37:28 INFO  Test final outcome:  SKIPPED
16:37:28 INFO  Test outcome reason: Testing the apt plugin is not supported on this platform.To run the tests call PySys with -XmyPlatform='container'
16:37:28 INFO  
</system-out>
	</testcase>
</testsuite>
