<?xml version="1.0" encoding="utf-8"?>
<testsuite failures="0" name="tedge_agent_user_sudo_access" skipped="1" tests="1" time="0.02" timestamp="2022-07-21T22:55:20">
	<testcase classname="TedgeAgentUserSudoAccess" name="tedge_agent_user_sudo_access">
		<skipped message="SKIPPED: #955 Observation: Exit code of the apt plugin when called with no arguments"/>
		<system-out>22:55:20 INFO  ==============================================================
22:55:20 INFO  Id:    tedge_agent_user_sudo_access
22:55:20 INFO  Dir:   tedge/
22:55:20 INFO  Title: Validate tedge-agent user has a limited sudo right
22:55:20 INFO  ==============================================================
22:55:20 INFO  #955 Observation: Exit code of the apt plugin when called with no arguments ... skipped
22:55:20 INFO  
22:55:20 INFO  Test duration: 0.02 secs
22:55:20 INFO  Test final outcome:  SKIPPED
22:55:20 INFO  Test outcome reason: #955 Observation: Exit code of the apt plugin when called with no arguments
22:55:20 INFO  
</system-out>
	</testcase>
</testsuite>
