<?xml version="1.0" encoding="utf-8"?>
<testsuite failures="1" name="mapper_awaits_before_reconnect" skipped="0" tests="1" time="8.94" timestamp="2022-07-22T14:31:25">
	<testcase classname="MapperReconnectAwait" name="mapper_awaits_before_reconnect">
		<failure message="FAILED: Line count on tedge_mapper_journal.out for &quot;tedge_mapper::core::mapper: MQTT connection error:&quot; expected &gt;=2 but got 0" type="FAILED"/>
		<system-out>14:31:16 INFO  ==============================================================
14:31:16 INFO  Id:    mapper_awaits_before_reconnect
14:31:16 INFO  Dir:   tedge_mapper_c8y/
14:31:16 INFO  Title: Validate mapper doesn't reconnect too often
14:31:16 INFO  ==============================================================
14:31:16 INFO  Started mosquitto_sub with process id 20929
14:31:16 INFO  Waiting for 0.1 seconds
14:31:16 INFO  Executed sudo&lt;tedge_mapper&gt;, exit status 0
14:31:16 INFO  Waiting for 5.0 seconds
14:31:22 INFO  Executed sudo&lt;tedge_mapper&gt;, exit status 0
14:31:24 INFO  Executed sudo&lt;tedge_mapper_journal&gt;, exit status 0
14:31:24 WARN  Grep on tedge_mapper_journal.out contains &quot;ERROR&quot; ... failed [run.py:67]
14:31:24 INFO  Line count on file tedge_mapper_journal.out ... passed
14:31:24 WARN  Line count on tedge_mapper_journal.out for &quot;tedge_mapper::core::mapper: MQTT connection error:&quot; expected &gt;=2 but got 0 ... failed [run.py:78]
14:31:24 WARN  Aborted test due to FAILED outcome
14:31:25 INFO  
14:31:25 INFO  Test duration: 8.94 secs
14:31:25 INFO  Test final outcome:  FAILED
14:31:25 INFO  Test outcome reason: Line count on tedge_mapper_journal.out for &quot;tedge_mapper::core::mapper: MQTT connection error:&quot; expected &gt;=2 but got 0
14:31:25 INFO  
</system-out>
	</testcase>
</testsuite>
