<?xml version="1.0" encoding="utf-8"?>
<testsuite failures="0" name="smoketest_smartrest" skipped="0" tests="1" time="49.04" timestamp="2022-07-16T17:22:24">
	<testcase classname="SmoketestSmartRest" name="smoketest_smartrest"/>
</testsuite>
