<?xml version="1.0" encoding="utf-8"?>
<testsuite failures="0" name="SoftwareManagement.sm_fake_install_remove" skipped="1" tests="1" time="0.02" timestamp="2022-07-20T13:02:16">
	<testcase classname="PySysTest" name="SoftwareManagement.sm_fake_install_remove">
		<skipped message="SKIPPED: Testing the fake plugin is not enabled.Use parameter -Xfakeplugin=fakeplugin to enable it"/>
		<system-out>13:02:16 INFO  ==============================================================
13:02:16 INFO  Id:    SoftwareManagement.sm_fake_install_remove
13:02:16 INFO  Dir:   software_management_end_to_end/
13:02:16 INFO  Title: Validate end to end behaviour for the dummy plugin for installation and removal of packages
13:02:16 INFO  ==============================================================
13:02:16 INFO  Testing the fake plugin is not enabled.Use parameter -Xfakeplugin=fakeplugin to enable it ... skipped
13:02:16 WARN  Aborted test due to SKIPPED outcome
13:02:16 INFO  
13:02:16 INFO  Test duration: 0.02 secs
13:02:16 INFO  Test final outcome:  SKIPPED
13:02:16 INFO  Test outcome reason: Testing the fake plugin is not enabled.Use parameter -Xfakeplugin=fakeplugin to enable it
13:02:16 INFO  
</system-out>
	</testcase>
</testsuite>
