<?xml version="1.0" encoding="utf-8"?>
<testsuite failures="0" name="docker_plugin_install_with_version" skipped="1" tests="1" time="0.02" timestamp="2022-06-22T18:46:59">
	<testcase classname="DockerPluginInstallWithVersionTest" name="docker_plugin_install_with_version">
		<skipped message="SKIPPED: Testing the docker plugin is not supported on this platform.To run it, all the test with -XmyPlatform='container'"/>
		<system-out>18:46:59 INFO  ==============================================================
18:46:59 INFO  Id:    docker_plugin_install_with_version
18:46:59 INFO  Dir:   plugin_docker/
18:46:59 INFO  Title: Validate docker plugin install
18:46:59 INFO  ==============================================================
18:46:59 INFO  Testing the docker plugin is not supported on this platform.To run it, all the test with -XmyPlatform='container' ... skipped
18:46:59 WARN  Aborted test due to SKIPPED outcome
18:46:59 INFO  
18:46:59 INFO  Test duration: 0.02 secs
18:46:59 INFO  Test final outcome:  SKIPPED
18:46:59 INFO  Test outcome reason: Testing the docker plugin is not supported on this platform.To run it, all the test with -XmyPlatform='container'
18:46:59 INFO  
</system-out>
	</testcase>
</testsuite>
