<?xml version="1.0" encoding="utf-8"?>
<testsuite failures="0" name="apt_install_local_file_fail" skipped="1" tests="1" time="0.02" timestamp="2022-06-02T08:34:41">
	<testcase classname="AptPluginInstallFromLocalFileFail" name="apt_install_local_file_fail">
		<skipped message="SKIPPED: Testing the apt plugin is not supported on this platform.To run the tests call PySys with -XmyPlatform='container'"/>
		<system-out>08:34:41 INFO  ==============================================================
08:34:41 INFO  Id:    apt_install_local_file_fail
08:34:41 INFO  Dir:   plugin_apt/
08:34:41 INFO  Title: Validate apt plugin install from local file - FAIL case
08:34:41 INFO  ==============================================================
08:34:41 INFO  Testing the apt plugin is not supported on this platform.To run the tests call PySys with -XmyPlatform='container' ... skipped
08:34:41 WARN  Aborted test due to SKIPPED outcome
08:34:41 INFO  
08:34:41 INFO  Test duration: 0.02 secs
08:34:41 INFO  Test final outcome:  SKIPPED
08:34:41 INFO  Test outcome reason: Testing the apt plugin is not supported on this platform.To run the tests call PySys with -XmyPlatform='container'
08:34:41 INFO  
</system-out>
	</testcase>
</testsuite>
