<?xml version="1.0" encoding="utf-8"?>
<testsuite failures="1" name="c8y_jwt_token_retrieval" skipped="0" tests="1" time="23.19" timestamp="2022-05-24T15:33:56">
	<testcase classname="ValidateJWTTokenRetrieval" name="c8y_jwt_token_retrieval">
		<failure message="FAILED: Grep on resp_jwt.out contains &quot;\[c8y/s/dat\] 71,&quot;" type="FAILED"/>
		<system-out>15:33:33 INFO  ==============================================================
15:33:33 INFO  Id:    c8y_jwt_token_retrieval
15:33:33 INFO  Dir:   cloud_c8y/
15:33:33 INFO  Title: Validate the Cumulocity JWT Token Retrieval feature
15:33:33 INFO  ==============================================================
15:33:34 INFO  Executed sudo&lt;tedge_disconnect_c8y&gt;, exit status 0
15:33:48 INFO  Executed sudo&lt;tedge_connect_c8y&gt;, exit status 0, duration 14 secs
15:33:49 INFO  Started sudo&lt;resp_jwt&gt; with process id 29253
15:33:50 INFO  Executed sudo&lt;req_jwt&gt;, exit status 0
15:33:52 INFO  Executed sudo&lt;kill_out&gt;, exit status 0
15:33:52 WARN  Grep on resp_jwt.out contains &quot;\[c8y/s/dat\] 71,&quot; ... failed [run.py:60]
15:33:52 INFO  
15:33:52 INFO  cleanup:
15:33:56 INFO  Executed sudo&lt;tedge_disconnect_c8y&gt;, exit status 0
15:33:56 INFO  
15:33:56 INFO  Test duration: 23.19 secs
15:33:56 INFO  Test final outcome:  FAILED
15:33:56 INFO  Test outcome reason: Grep on resp_jwt.out contains &quot;\[c8y/s/dat\] 71,&quot;
15:33:56 INFO  
</system-out>
	</testcase>
</testsuite>
